<?xml version="1.0" encoding="UTF-8"?>
<testsuites name="Scoring Married - KKB" time="751.394" tests="101" failures="0" errors="0">
   <testsuite name="Scoring Married - KKB" tests="101" failures="0" errors="0" time="751.394" skipped="0" timestamp="2022-11-25 09:18:19" hostname="bcafmaster - WPI20220318001.bcaf.co.id" id="Test Suites/Exclude KKB - DS - Married/Scoring Married - KKB">
      <properties>
         <property name="deviceName" value=""/>
         <property name="devicePlatform" value=""/>
         <property name="logFolder" value="D:\\DMS\\Engine Scoring\\Reports\\20221125_091811\\Exclude KKB - DS - Married\\Scoring Married - KKB\\20221125_091812"/>
         <property name="logFiles" value="D:\\DMS\\Engine Scoring\\Reports\\20221125_091811\\Exclude KKB - DS - Married\\Scoring Married - KKB\\20221125_091812\\execution0.log, D:\\DMS\\Engine Scoring\\Reports\\20221125_091811\\Exclude KKB - DS - Married\\Scoring Married - KKB\\20221125_091812\\execution1.log"/>
         <property name="attachments" value=""/>
         <property name="hostName" value="bcafmaster - WPI20220318001.bcaf.co.id"/>
         <property name="hostAddress" value="10.10.8.57"/>
         <property name="os" value="Windows 10 64bit"/>
         <property name="katalonVersion" value="8.2.5.208"/>
      </properties>
      <testcase name="Test Cases/Engine_Scoring/Engine Scoring" time="8.204" classname="Test Cases/Engine_Scoring/Engine Scoring" status="PASSED">
         <system-out><![CDATA[2022-11-25 09:18:19 - [TEST_CASE][PASSED] - Test Cases/Engine_Scoring/Engine Scoring: Test Cases/Engine_Scoring/Engine Scoring

2022-11-25 09:18:21 - [TEST_STEP][PASSED] - markPassed("Variasi data ke : " + no): Variasi data ke : 100

2022-11-25 09:18:21 - [MESSAGE][PASSED] - Variasi data ke : 100

2022-11-25 09:18:21 - [TEST_STEP][PASSED] - req_data = sendRequest(findTestObject("Search_ME", ["MID":MID, "source":source, "ip":ip, "userid":userid, "branch":branch, "tipekons":tipekons, "marital":marital, "penjamin":penjamin, ... ])): Send request successfully

2022-11-25 09:18:22 - [MESSAGE][INFO] - HAR: D:\DMS\Engine Scoring\Reports\20221125_091811\Exclude KKB - DS - Married\Scoring Married - KKB\20221125_091812\requests\main\0.har

2022-11-25 09:18:22 - [MESSAGE][PASSED] - Send request successfully

2022-11-25 09:18:22 - [TEST_STEP][PASSED] - slurper = new groovy.json.JsonSlurper(): null

2022-11-25 09:18:22 - [TEST_STEP][PASSED] - result = slurper.parseText(req_data.getResponseBodyContent()): null

2022-11-25 09:18:22 - [TEST_STEP][PASSED] - reqid_kons = requestid1: null

2022-11-25 09:18:22 - [TEST_STEP][PASSED] - reqid_spouse = requestid2: null

2022-11-25 09:18:22 - [TEST_STEP][PASSED] - println("requestid kons : " + reqid_kons): null

2022-11-25 09:18:22 - [TEST_STEP][PASSED] - response_searchME_kons = reqid_kons: null

2022-11-25 09:18:22 - [TEST_STEP][PASSED] - response_searchME_spouse = reqid_spouse: null

2022-11-25 09:18:22 - [TEST_STEP][PASSED] - println("kons req id is :" + response_searchME_kons): null

2022-11-25 09:18:22 - [TEST_STEP][PASSED] - println("spouse req id is : " + response_searchME_spouse): null

2022-11-25 09:18:22 - [TEST_STEP][PASSED] - verifyResponseStatusCode(req_data, 200): Verify response status code successfully

2022-11-25 09:18:22 - [MESSAGE][PASSED] - Verify response status code successfully

2022-11-25 09:18:22 - [TEST_STEP][PASSED] - response = req_data.getResponseText(): null

2022-11-25 09:18:22 - [TEST_STEP][PASSED] - logInfo($response): {"status":"Done","data":{"requestid1":"254798","requestid2":"254799"}}

2022-11-25 09:18:22 - [MESSAGE][INFO] - {"status":"Done","data":{"requestid1":"254798","requestid2":"254799"}}

2022-11-25 09:18:22 - [TEST_STEP][PASSED] - delay(5): Delayed 5 second(s)

2022-11-25 09:18:27 - [MESSAGE][PASSED] - Delayed 5 second(s)

2022-11-25 09:18:27 - [TEST_STEP][PASSED] - scoring = sendRequest(findTestObject("EngineScore", ["response_searchME_kons":response_searchME_kons, "response_searchME_spouse":response_searchME_spouse])): Send request successfully

2022-11-25 09:18:27 - [MESSAGE][INFO] - HAR: D:\DMS\Engine Scoring\Reports\20221125_091811\Exclude KKB - DS - Married\Scoring Married - KKB\20221125_091812\requests\main\1.har

2022-11-25 09:18:27 - [MESSAGE][PASSED] - Send request successfully

2022-11-25 09:18:27 - [TEST_STEP][PASSED] - verifyResponseStatusCode(scoring, 200): Verify response status code successfully

2022-11-25 09:18:27 - [MESSAGE][PASSED] - Verify response status code successfully

2022-11-25 09:18:27 - [TEST_STEP][PASSED] - response2 = scoring.getResponseText(): null

2022-11-25 09:18:27 - [TEST_STEP][PASSED] - markPassed("result service data ke : " + no): result service data ke : 100

2022-11-25 09:18:27 - [MESSAGE][PASSED] - result service data ke : 100

2022-11-25 09:18:27 - [TEST_STEP][PASSED] - logInfo($response2): {"result_konsumen":"Reguler","result_pasangan":"Reject","Final_result":"Reject","errorMessage":"","status":"Done"}

2022-11-25 09:18:27 - [MESSAGE][INFO] - {"result_konsumen":"Reguler","result_pasangan":"Reject","Final_result":"Reject","errorMessage":"","status":"Done"}

2022-11-25 09:18:27 - [TEST_STEP][PASSED] - verifyElementPropertyValue(scoring, "Final_result", final_result): Verify element property value successfully

2022-11-25 09:18:27 - [MESSAGE][PASSED] - Verify element property value successfully]]></system-out>
         <system-err><![CDATA[]]></system-err>
      </testcase>
      <testcase name="Test Cases/Engine_Scoring/Engine Scoring" time="6.95" classname="Test Cases/Engine_Scoring/Engine Scoring" status="PASSED">
         <system-out><![CDATA[2022-11-25 09:18:28 - [TEST_CASE][PASSED] - Test Cases/Engine_Scoring/Engine Scoring: Test Cases/Engine_Scoring/Engine Scoring

2022-11-25 09:18:28 - [TEST_STEP][PASSED] - markPassed("Variasi data ke : " + no): Variasi data ke : 101

2022-11-25 09:18:28 - [MESSAGE][PASSED] - Variasi data ke : 101

2022-11-25 09:18:28 - [TEST_STEP][PASSED] - req_data = sendRequest(findTestObject("Search_ME", ["MID":MID, "source":source, "ip":ip, "userid":userid, "branch":branch, "tipekons":tipekons, "marital":marital, "penjamin":penjamin, ... ])): Send request successfully

2022-11-25 09:18:29 - [MESSAGE][INFO] - HAR: D:\DMS\Engine Scoring\Reports\20221125_091811\Exclude KKB - DS - Married\Scoring Married - KKB\20221125_091812\requests\main\2.har

2022-11-25 09:18:29 - [MESSAGE][PASSED] - Send request successfully

2022-11-25 09:18:29 - [TEST_STEP][PASSED] - slurper = new groovy.json.JsonSlurper(): null

2022-11-25 09:18:29 - [TEST_STEP][PASSED] - result = slurper.parseText(req_data.getResponseBodyContent()): null

2022-11-25 09:18:29 - [TEST_STEP][PASSED] - reqid_kons = requestid1: null

2022-11-25 09:18:29 - [TEST_STEP][PASSED] - reqid_spouse = requestid2: null

2022-11-25 09:18:29 - [TEST_STEP][PASSED] - println("requestid kons : " + reqid_kons): null

2022-11-25 09:18:29 - [TEST_STEP][PASSED] - response_searchME_kons = reqid_kons: null

2022-11-25 09:18:29 - [TEST_STEP][PASSED] - response_searchME_spouse = reqid_spouse: null

2022-11-25 09:18:29 - [TEST_STEP][PASSED] - println("kons req id is :" + response_searchME_kons): null

2022-11-25 09:18:29 - [TEST_STEP][PASSED] - println("spouse req id is : " + response_searchME_spouse): null

2022-11-25 09:18:29 - [TEST_STEP][PASSED] - verifyResponseStatusCode(req_data, 200): Verify response status code successfully

2022-11-25 09:18:29 - [MESSAGE][PASSED] - Verify response status code successfully

2022-11-25 09:18:29 - [TEST_STEP][PASSED] - response = req_data.getResponseText(): null

2022-11-25 09:18:29 - [TEST_STEP][PASSED] - logInfo($response): {"status":"Done","data":{"requestid1":"254800","requestid2":"254801"}}

2022-11-25 09:18:29 - [MESSAGE][INFO] - {"status":"Done","data":{"requestid1":"254800","requestid2":"254801"}}

2022-11-25 09:18:29 - [TEST_STEP][PASSED] - delay(5): Delayed 5 second(s)

2022-11-25 09:18:34 - [MESSAGE][PASSED] - Delayed 5 second(s)

2022-11-25 09:18:34 - [TEST_STEP][PASSED] - scoring = sendRequest(findTestObject("EngineScore", ["response_searchME_kons":response_searchME_kons, "response_searchME_spouse":response_searchME_spouse])): Send request successfully

2022-11-25 09:18:34 - [MESSAGE][INFO] - HAR: D:\DMS\Engine Scoring\Reports\20221125_091811\Exclude KKB - DS - Married\Scoring Married - KKB\20221125_091812\requests\main\3.har

2022-11-25 09:18:34 - [MESSAGE][PASSED] - Send request successfully

2022-11-25 09:18:34 - [TEST_STEP][PASSED] - verifyResponseStatusCode(scoring, 200): Verify response status code successfully

2022-11-25 09:18:34 - [MESSAGE][PASSED] - Verify response status code successfully

2022-11-25 09:18:34 - [TEST_STEP][PASSED] - response2 = scoring.getResponseText(): null

2022-11-25 09:18:34 - [TEST_STEP][PASSED] - markPassed("result service data ke : " + no): result service data ke : 101

2022-11-25 09:18:34 - [MESSAGE][PASSED] - result service data ke : 101

2022-11-25 09:18:34 - [TEST_STEP][PASSED] - logInfo($response2): {"result_konsumen":"Reguler","result_pasangan":"Reject","Final_result":"Reject","errorMessage":"","status":"Done"}

2022-11-25 09:18:34 - [MESSAGE][INFO] - {"result_konsumen":"Reguler","result_pasangan":"Reject","Final_result":"Reject","errorMessage":"","status":"Done"}

2022-11-25 09:18:34 - [TEST_STEP][PASSED] - verifyElementPropertyValue(scoring, "Final_result", final_result): Verify element property value successfully

2022-11-25 09:18:34 - [MESSAGE][PASSED] - Verify element property value successfully]]></system-out>
         <system-err><![CDATA[]]></system-err>
      </testcase>
      <testcase name="Test Cases/Engine_Scoring/Engine Scoring" time="6.738" classname="Test Cases/Engine_Scoring/Engine Scoring" status="PASSED">
         <system-out><![CDATA[2022-11-25 09:18:35 - [TEST_CASE][PASSED] - Test Cases/Engine_Scoring/Engine Scoring: Test Cases/Engine_Scoring/Engine Scoring

2022-11-25 09:18:35 - [TEST_STEP][PASSED] - markPassed("Variasi data ke : " + no): Variasi data ke : 102

2022-11-25 09:18:35 - [MESSAGE][PASSED] - Variasi data ke : 102

2022-11-25 09:18:35 - [TEST_STEP][PASSED] - req_data = sendRequest(findTestObject("Search_ME", ["MID":MID, "source":source, "ip":ip, "userid":userid, "branch":branch, "tipekons":tipekons, "marital":marital, "penjamin":penjamin, ... ])): Send request successfully

2022-11-25 09:18:36 - [MESSAGE][INFO] - HAR: D:\DMS\Engine Scoring\Reports\20221125_091811\Exclude KKB - DS - Married\Scoring Married - KKB\20221125_091812\requests\main\4.har

2022-11-25 09:18:36 - [MESSAGE][PASSED] - Send request successfully

2022-11-25 09:18:36 - [TEST_STEP][PASSED] - slurper = new groovy.json.JsonSlurper(): null

2022-11-25 09:18:36 - [TEST_STEP][PASSED] - result = slurper.parseText(req_data.getResponseBodyContent()): null

2022-11-25 09:18:36 - [TEST_STEP][PASSED] - reqid_kons = requestid1: null

2022-11-25 09:18:36 - [TEST_STEP][PASSED] - reqid_spouse = requestid2: null

2022-11-25 09:18:36 - [TEST_STEP][PASSED] - println("requestid kons : " + reqid_kons): null

2022-11-25 09:18:36 - [TEST_STEP][PASSED] - response_searchME_kons = reqid_kons: null

2022-11-25 09:18:36 - [TEST_STEP][PASSED] - response_searchME_spouse = reqid_spouse: null

2022-11-25 09:18:36 - [TEST_STEP][PASSED] - println("kons req id is :" + response_searchME_kons): null

2022-11-25 09:18:36 - [TEST_STEP][PASSED] - println("spouse req id is : " + response_searchME_spouse): null

2022-11-25 09:18:36 - [TEST_STEP][PASSED] - verifyResponseStatusCode(req_data, 200): Verify response status code successfully

2022-11-25 09:18:36 - [MESSAGE][PASSED] - Verify response status code successfully

2022-11-25 09:18:36 - [TEST_STEP][PASSED] - response = req_data.getResponseText(): null

2022-11-25 09:18:36 - [TEST_STEP][PASSED] - logInfo($response): {"status":"Done","data":{"requestid1":"254802","requestid2":"254803"}}

2022-11-25 09:18:36 - [MESSAGE][INFO] - {"status":"Done","data":{"requestid1":"254802","requestid2":"254803"}}

2022-11-25 09:18:36 - [TEST_STEP][PASSED] - delay(5): Delayed 5 second(s)

2022-11-25 09:18:41 - [MESSAGE][PASSED] - Delayed 5 second(s)

2022-11-25 09:18:41 - [TEST_STEP][PASSED] - scoring = sendRequest(findTestObject("EngineScore", ["response_searchME_kons":response_searchME_kons, "response_searchME_spouse":response_searchME_spouse])): Send request successfully

2022-11-25 09:18:41 - [MESSAGE][INFO] - HAR: D:\DMS\Engine Scoring\Reports\20221125_091811\Exclude KKB - DS - Married\Scoring Married - KKB\20221125_091812\requests\main\5.har

2022-11-25 09:18:41 - [MESSAGE][PASSED] - Send request successfully

2022-11-25 09:18:41 - [TEST_STEP][PASSED] - verifyResponseStatusCode(scoring, 200): Verify response status code successfully

2022-11-25 09:18:41 - [MESSAGE][PASSED] - Verify response status code successfully

2022-11-25 09:18:41 - [TEST_STEP][PASSED] - response2 = scoring.getResponseText(): null

2022-11-25 09:18:41 - [TEST_STEP][PASSED] - markPassed("result service data ke : " + no): result service data ke : 102

2022-11-25 09:18:41 - [MESSAGE][PASSED] - result service data ke : 102

2022-11-25 09:18:41 - [TEST_STEP][PASSED] - logInfo($response2): {"result_konsumen":"Reguler","result_pasangan":"Reject","Final_result":"Reject","errorMessage":"","status":"Done"}

2022-11-25 09:18:41 - [MESSAGE][INFO] - {"result_konsumen":"Reguler","result_pasangan":"Reject","Final_result":"Reject","errorMessage":"","status":"Done"}

2022-11-25 09:18:41 - [TEST_STEP][PASSED] - verifyElementPropertyValue(scoring, "Final_result", final_result): Verify element property value successfully

2022-11-25 09:18:41 - [MESSAGE][PASSED] - Verify element property value successfully]]></system-out>
         <system-err><![CDATA[]]></system-err>
      </testcase>
      <testcase name="Test Cases/Engine_Scoring/Engine Scoring" time="6.598" classname="Test Cases/Engine_Scoring/Engine Scoring" status="PASSED">
         <system-out><![CDATA[2022-11-25 09:18:41 - [TEST_CASE][PASSED] - Test Cases/Engine_Scoring/Engine Scoring: Test Cases/Engine_Scoring/Engine Scoring

2022-11-25 09:18:42 - [TEST_STEP][PASSED] - markPassed("Variasi data ke : " + no): Variasi data ke : 103

2022-11-25 09:18:42 - [MESSAGE][PASSED] - Variasi data ke : 103

2022-11-25 09:18:42 - [TEST_STEP][PASSED] - req_data = sendRequest(findTestObject("Search_ME", ["MID":MID, "source":source, "ip":ip, "userid":userid, "branch":branch, "tipekons":tipekons, "marital":marital, "penjamin":penjamin, ... ])): Send request successfully

2022-11-25 09:18:43 - [MESSAGE][INFO] - HAR: D:\DMS\Engine Scoring\Reports\20221125_091811\Exclude KKB - DS - Married\Scoring Married - KKB\20221125_091812\requests\main\6.har

2022-11-25 09:18:43 - [MESSAGE][PASSED] - Send request successfully

2022-11-25 09:18:43 - [TEST_STEP][PASSED] - slurper = new groovy.json.JsonSlurper(): null

2022-11-25 09:18:43 - [TEST_STEP][PASSED] - result = slurper.parseText(req_data.getResponseBodyContent()): null

2022-11-25 09:18:43 - [TEST_STEP][PASSED] - reqid_kons = requestid1: null

2022-11-25 09:18:43 - [TEST_STEP][PASSED] - reqid_spouse = requestid2: null

2022-11-25 09:18:43 - [TEST_STEP][PASSED] - println("requestid kons : " + reqid_kons): null

2022-11-25 09:18:43 - [TEST_STEP][PASSED] - response_searchME_kons = reqid_kons: null

2022-11-25 09:18:43 - [TEST_STEP][PASSED] - response_searchME_spouse = reqid_spouse: null

2022-11-25 09:18:43 - [TEST_STEP][PASSED] - println("kons req id is :" + response_searchME_kons): null

2022-11-25 09:18:43 - [TEST_STEP][PASSED] - println("spouse req id is : " + response_searchME_spouse): null

2022-11-25 09:18:43 - [TEST_STEP][PASSED] - verifyResponseStatusCode(req_data, 200): Verify response status code successfully

2022-11-25 09:18:43 - [MESSAGE][PASSED] - Verify response status code successfully

2022-11-25 09:18:43 - [TEST_STEP][PASSED] - response = req_data.getResponseText(): null

2022-11-25 09:18:43 - [TEST_STEP][PASSED] - logInfo($response): {"status":"Done","data":{"requestid1":"254804","requestid2":"254805"}}

2022-11-25 09:18:43 - [MESSAGE][INFO] - {"status":"Done","data":{"requestid1":"254804","requestid2":"254805"}}

2022-11-25 09:18:43 - [TEST_STEP][PASSED] - delay(5): Delayed 5 second(s)

2022-11-25 09:18:48 - [MESSAGE][PASSED] - Delayed 5 second(s)

2022-11-25 09:18:48 - [TEST_STEP][PASSED] - scoring = sendRequest(findTestObject("EngineScore", ["response_searchME_kons":response_searchME_kons, "response_searchME_spouse":response_searchME_spouse])): Send request successfully

2022-11-25 09:18:48 - [MESSAGE][INFO] - HAR: D:\DMS\Engine Scoring\Reports\20221125_091811\Exclude KKB - DS - Married\Scoring Married - KKB\20221125_091812\requests\main\7.har

2022-11-25 09:18:48 - [MESSAGE][PASSED] - Send request successfully

2022-11-25 09:18:48 - [TEST_STEP][PASSED] - verifyResponseStatusCode(scoring, 200): Verify response status code successfully

2022-11-25 09:18:48 - [MESSAGE][PASSED] - Verify response status code successfully

2022-11-25 09:18:48 - [TEST_STEP][PASSED] - response2 = scoring.getResponseText(): null

2022-11-25 09:18:48 - [TEST_STEP][PASSED] - markPassed("result service data ke : " + no): result service data ke : 103

2022-11-25 09:18:48 - [MESSAGE][PASSED] - result service data ke : 103

2022-11-25 09:18:48 - [TEST_STEP][PASSED] - logInfo($response2): {"result_konsumen":"Reguler","result_pasangan":"Reject","Final_result":"Reject","errorMessage":"","status":"Done"}

2022-11-25 09:18:48 - [MESSAGE][INFO] - {"result_konsumen":"Reguler","result_pasangan":"Reject","Final_result":"Reject","errorMessage":"","status":"Done"}

2022-11-25 09:18:48 - [TEST_STEP][PASSED] - verifyElementPropertyValue(scoring, "Final_result", final_result): Verify element property value successfully

2022-11-25 09:18:48 - [MESSAGE][PASSED] - Verify element property value successfully]]></system-out>
         <system-err><![CDATA[]]></system-err>
      </testcase>
      <testcase name="Test Cases/Engine_Scoring/Engine Scoring" time="6.565" classname="Test Cases/Engine_Scoring/Engine Scoring" status="PASSED">
         <system-out><![CDATA[2022-11-25 09:18:48 - [TEST_CASE][PASSED] - Test Cases/Engine_Scoring/Engine Scoring: Test Cases/Engine_Scoring/Engine Scoring

2022-11-25 09:18:49 - [TEST_STEP][PASSED] - markPassed("Variasi data ke : " + no): Variasi data ke : 104

2022-11-25 09:18:49 - [MESSAGE][PASSED] - Variasi data ke : 104

2022-11-25 09:18:49 - [TEST_STEP][PASSED] - req_data = sendRequest(findTestObject("Search_ME", ["MID":MID, "source":source, "ip":ip, "userid":userid, "branch":branch, "tipekons":tipekons, "marital":marital, "penjamin":penjamin, ... ])): Send request successfully

2022-11-25 09:18:49 - [MESSAGE][INFO] - HAR: D:\DMS\Engine Scoring\Reports\20221125_091811\Exclude KKB - DS - Married\Scoring Married - KKB\20221125_091812\requests\main\8.har

2022-11-25 09:18:49 - [MESSAGE][PASSED] - Send request successfully

2022-11-25 09:18:49 - [TEST_STEP][PASSED] - slurper = new groovy.json.JsonSlurper(): null

2022-11-25 09:18:49 - [TEST_STEP][PASSED] - result = slurper.parseText(req_data.getResponseBodyContent()): null

2022-11-25 09:18:49 - [TEST_STEP][PASSED] - reqid_kons = requestid1: null

2022-11-25 09:18:49 - [TEST_STEP][PASSED] - reqid_spouse = requestid2: null

2022-11-25 09:18:49 - [TEST_STEP][PASSED] - println("requestid kons : " + reqid_kons): null

2022-11-25 09:18:49 - [TEST_STEP][PASSED] - response_searchME_kons = reqid_kons: null

2022-11-25 09:18:49 - [TEST_STEP][PASSED] - response_searchME_spouse = reqid_spouse: null

2022-11-25 09:18:49 - [TEST_STEP][PASSED] - println("kons req id is :" + response_searchME_kons): null

2022-11-25 09:18:49 - [TEST_STEP][PASSED] - println("spouse req id is : " + response_searchME_spouse): null

2022-11-25 09:18:49 - [TEST_STEP][PASSED] - verifyResponseStatusCode(req_data, 200): Verify response status code successfully

2022-11-25 09:18:49 - [MESSAGE][PASSED] - Verify response status code successfully

2022-11-25 09:18:49 - [TEST_STEP][PASSED] - response = req_data.getResponseText(): null

2022-11-25 09:18:49 - [TEST_STEP][PASSED] - logInfo($response): {"status":"Done","data":{"requestid1":"254806","requestid2":"254807"}}

2022-11-25 09:18:49 - [MESSAGE][INFO] - {"status":"Done","data":{"requestid1":"254806","requestid2":"254807"}}

2022-11-25 09:18:49 - [TEST_STEP][PASSED] - delay(5): Delayed 5 second(s)

2022-11-25 09:18:54 - [MESSAGE][PASSED] - Delayed 5 second(s)

2022-11-25 09:18:54 - [TEST_STEP][PASSED] - scoring = sendRequest(findTestObject("EngineScore", ["response_searchME_kons":response_searchME_kons, "response_searchME_spouse":response_searchME_spouse])): Send request successfully

2022-11-25 09:18:55 - [MESSAGE][INFO] - HAR: D:\DMS\Engine Scoring\Reports\20221125_091811\Exclude KKB - DS - Married\Scoring Married - KKB\20221125_091812\requests\main\9.har

2022-11-25 09:18:55 - [MESSAGE][PASSED] - Send request successfully

2022-11-25 09:18:55 - [TEST_STEP][PASSED] - verifyResponseStatusCode(scoring, 200): Verify response status code successfully

2022-11-25 09:18:55 - [MESSAGE][PASSED] - Verify response status code successfully

2022-11-25 09:18:55 - [TEST_STEP][PASSED] - response2 = scoring.getResponseText(): null

2022-11-25 09:18:55 - [TEST_STEP][PASSED] - markPassed("result service data ke : " + no): result service data ke : 104

2022-11-25 09:18:55 - [MESSAGE][PASSED] - result service data ke : 104

2022-11-25 09:18:55 - [TEST_STEP][PASSED] - logInfo($response2): {"result_konsumen":"Reguler","result_pasangan":"Reject","Final_result":"Reject","errorMessage":"","status":"Done"}

2022-11-25 09:18:55 - [MESSAGE][INFO] - {"result_konsumen":"Reguler","result_pasangan":"Reject","Final_result":"Reject","errorMessage":"","status":"Done"}

2022-11-25 09:18:55 - [TEST_STEP][PASSED] - verifyElementPropertyValue(scoring, "Final_result", final_result): Verify element property value successfully

2022-11-25 09:18:55 - [MESSAGE][PASSED] - Verify element property value successfully]]></system-out>
         <system-err><![CDATA[]]></system-err>
      </testcase>
      <testcase name="Test Cases/Engine_Scoring/Engine Scoring" time="6.616" classname="Test Cases/Engine_Scoring/Engine Scoring" status="PASSED">
         <system-out><![CDATA[2022-11-25 09:18:55 - [TEST_CASE][PASSED] - Test Cases/Engine_Scoring/Engine Scoring: Test Cases/Engine_Scoring/Engine Scoring

2022-11-25 09:18:55 - [TEST_STEP][PASSED] - markPassed("Variasi data ke : " + no): Variasi data ke : 105

2022-11-25 09:18:55 - [MESSAGE][PASSED] - Variasi data ke : 105

2022-11-25 09:18:55 - [TEST_STEP][PASSED] - req_data = sendRequest(findTestObject("Search_ME", ["MID":MID, "source":source, "ip":ip, "userid":userid, "branch":branch, "tipekons":tipekons, "marital":marital, "penjamin":penjamin, ... ])): Send request successfully

2022-11-25 09:18:56 - [MESSAGE][INFO] - HAR: D:\DMS\Engine Scoring\Reports\20221125_091811\Exclude KKB - DS - Married\Scoring Married - KKB\20221125_091812\requests\main\10.har

2022-11-25 09:18:56 - [MESSAGE][PASSED] - Send request successfully

2022-11-25 09:18:56 - [TEST_STEP][PASSED] - slurper = new groovy.json.JsonSlurper(): null

2022-11-25 09:18:56 - [TEST_STEP][PASSED] - result = slurper.parseText(req_data.getResponseBodyContent()): null

2022-11-25 09:18:56 - [TEST_STEP][PASSED] - reqid_kons = requestid1: null

2022-11-25 09:18:56 - [TEST_STEP][PASSED] - reqid_spouse = requestid2: null

2022-11-25 09:18:56 - [TEST_STEP][PASSED] - println("requestid kons : " + reqid_kons): null

2022-11-25 09:18:56 - [TEST_STEP][PASSED] - response_searchME_kons = reqid_kons: null

2022-11-25 09:18:56 - [TEST_STEP][PASSED] - response_searchME_spouse = reqid_spouse: null

2022-11-25 09:18:56 - [TEST_STEP][PASSED] - println("kons req id is :" + response_searchME_kons): null

2022-11-25 09:18:56 - [TEST_STEP][PASSED] - println("spouse req id is : " + response_searchME_spouse): null

2022-11-25 09:18:56 - [TEST_STEP][PASSED] - verifyResponseStatusCode(req_data, 200): Verify response status code successfully

2022-11-25 09:18:56 - [MESSAGE][PASSED] - Verify response status code successfully

2022-11-25 09:18:56 - [TEST_STEP][PASSED] - response = req_data.getResponseText(): null

2022-11-25 09:18:56 - [TEST_STEP][PASSED] - logInfo($response): {"status":"Done","data":{"requestid1":"254808","requestid2":"254809"}}

2022-11-25 09:18:56 - [MESSAGE][INFO] - {"status":"Done","data":{"requestid1":"254808","requestid2":"254809"}}

2022-11-25 09:18:56 - [TEST_STEP][PASSED] - delay(5): Delayed 5 second(s)

2022-11-25 09:19:01 - [MESSAGE][PASSED] - Delayed 5 second(s)

2022-11-25 09:19:01 - [TEST_STEP][PASSED] - scoring = sendRequest(findTestObject("EngineScore", ["response_searchME_kons":response_searchME_kons, "response_searchME_spouse":response_searchME_spouse])): Send request successfully

2022-11-25 09:19:01 - [MESSAGE][INFO] - HAR: D:\DMS\Engine Scoring\Reports\20221125_091811\Exclude KKB - DS - Married\Scoring Married - KKB\20221125_091812\requests\main\11.har

2022-11-25 09:19:01 - [MESSAGE][PASSED] - Send request successfully

2022-11-25 09:19:01 - [TEST_STEP][PASSED] - verifyResponseStatusCode(scoring, 200): Verify response status code successfully

2022-11-25 09:19:01 - [MESSAGE][PASSED] - Verify response status code successfully

2022-11-25 09:19:01 - [TEST_STEP][PASSED] - response2 = scoring.getResponseText(): null

2022-11-25 09:19:01 - [TEST_STEP][PASSED] - markPassed("result service data ke : " + no): result service data ke : 105

2022-11-25 09:19:01 - [MESSAGE][PASSED] - result service data ke : 105

2022-11-25 09:19:01 - [TEST_STEP][PASSED] - logInfo($response2): {"result_konsumen":"Reguler","result_pasangan":"Reject","Final_result":"Reject","errorMessage":"","status":"Done"}

2022-11-25 09:19:01 - [MESSAGE][INFO] - {"result_konsumen":"Reguler","result_pasangan":"Reject","Final_result":"Reject","errorMessage":"","status":"Done"}

2022-11-25 09:19:01 - [TEST_STEP][PASSED] - verifyElementPropertyValue(scoring, "Final_result", final_result): Verify element property value successfully

2022-11-25 09:19:01 - [MESSAGE][PASSED] - Verify element property value successfully]]></system-out>
         <system-err><![CDATA[]]></system-err>
      </testcase>
      <testcase name="Test Cases/Engine_Scoring/Engine Scoring" time="6.503" classname="Test Cases/Engine_Scoring/Engine Scoring" status="PASSED">
         <system-out><![CDATA[2022-11-25 09:19:01 - [TEST_CASE][PASSED] - Test Cases/Engine_Scoring/Engine Scoring: Test Cases/Engine_Scoring/Engine Scoring

2022-11-25 09:19:02 - [TEST_STEP][PASSED] - markPassed("Variasi data ke : " + no): Variasi data ke : 106

2022-11-25 09:19:02 - [MESSAGE][PASSED] - Variasi data ke : 106

2022-11-25 09:19:02 - [TEST_STEP][PASSED] - req_data = sendRequest(findTestObject("Search_ME", ["MID":MID, "source":source, "ip":ip, "userid":userid, "branch":branch, "tipekons":tipekons, "marital":marital, "penjamin":penjamin, ... ])): Send request successfully

2022-11-25 09:19:03 - [MESSAGE][INFO] - HAR: D:\DMS\Engine Scoring\Reports\20221125_091811\Exclude KKB - DS - Married\Scoring Married - KKB\20221125_091812\requests\main\12.har

2022-11-25 09:19:03 - [MESSAGE][PASSED] - Send request successfully

2022-11-25 09:19:03 - [TEST_STEP][PASSED] - slurper = new groovy.json.JsonSlurper(): null

2022-11-25 09:19:03 - [TEST_STEP][PASSED] - result = slurper.parseText(req_data.getResponseBodyContent()): null

2022-11-25 09:19:03 - [TEST_STEP][PASSED] - reqid_kons = requestid1: null

2022-11-25 09:19:03 - [TEST_STEP][PASSED] - reqid_spouse = requestid2: null

2022-11-25 09:19:03 - [TEST_STEP][PASSED] - println("requestid kons : " + reqid_kons): null

2022-11-25 09:19:03 - [TEST_STEP][PASSED] - response_searchME_kons = reqid_kons: null

2022-11-25 09:19:03 - [TEST_STEP][PASSED] - response_searchME_spouse = reqid_spouse: null

2022-11-25 09:19:03 - [TEST_STEP][PASSED] - println("kons req id is :" + response_searchME_kons): null

2022-11-25 09:19:03 - [TEST_STEP][PASSED] - println("spouse req id is : " + response_searchME_spouse): null

2022-11-25 09:19:03 - [TEST_STEP][PASSED] - verifyResponseStatusCode(req_data, 200): Verify response status code successfully

2022-11-25 09:19:03 - [MESSAGE][PASSED] - Verify response status code successfully

2022-11-25 09:19:03 - [TEST_STEP][PASSED] - response = req_data.getResponseText(): null

2022-11-25 09:19:03 - [TEST_STEP][PASSED] - logInfo($response): {"status":"Done","data":{"requestid1":"254810","requestid2":"254811"}}

2022-11-25 09:19:03 - [MESSAGE][INFO] - {"status":"Done","data":{"requestid1":"254810","requestid2":"254811"}}

2022-11-25 09:19:03 - [TEST_STEP][PASSED] - delay(5): Delayed 5 second(s)

2022-11-25 09:19:08 - [MESSAGE][PASSED] - Delayed 5 second(s)

2022-11-25 09:19:08 - [TEST_STEP][PASSED] - scoring = sendRequest(findTestObject("EngineScore", ["response_searchME_kons":response_searchME_kons, "response_searchME_spouse":response_searchME_spouse])): Send request successfully

2022-11-25 09:19:08 - [MESSAGE][INFO] - HAR: D:\DMS\Engine Scoring\Reports\20221125_091811\Exclude KKB - DS - Married\Scoring Married - KKB\20221125_091812\requests\main\13.har

2022-11-25 09:19:08 - [MESSAGE][PASSED] - Send request successfully

2022-11-25 09:19:08 - [TEST_STEP][PASSED] - verifyResponseStatusCode(scoring, 200): Verify response status code successfully

2022-11-25 09:19:08 - [MESSAGE][PASSED] - Verify response status code successfully

2022-11-25 09:19:08 - [TEST_STEP][PASSED] - response2 = scoring.getResponseText(): null

2022-11-25 09:19:08 - [TEST_STEP][PASSED] - markPassed("result service data ke : " + no): result service data ke : 106

2022-11-25 09:19:08 - [MESSAGE][PASSED] - result service data ke : 106

2022-11-25 09:19:08 - [TEST_STEP][PASSED] - logInfo($response2): {"result_konsumen":"Reguler","result_pasangan":"Reject","Final_result":"Reject","errorMessage":"","status":"Done"}

2022-11-25 09:19:08 - [MESSAGE][INFO] - {"result_konsumen":"Reguler","result_pasangan":"Reject","Final_result":"Reject","errorMessage":"","status":"Done"}

2022-11-25 09:19:08 - [TEST_STEP][PASSED] - verifyElementPropertyValue(scoring, "Final_result", final_result): Verify element property value successfully

2022-11-25 09:19:08 - [MESSAGE][PASSED] - Verify element property value successfully]]></system-out>
         <system-err><![CDATA[]]></system-err>
      </testcase>
      <testcase name="Test Cases/Engine_Scoring/Engine Scoring" time="6.646" classname="Test Cases/Engine_Scoring/Engine Scoring" status="PASSED">
         <system-out><![CDATA[2022-11-25 09:19:08 - [TEST_CASE][PASSED] - Test Cases/Engine_Scoring/Engine Scoring: Test Cases/Engine_Scoring/Engine Scoring

2022-11-25 09:19:09 - [TEST_STEP][PASSED] - markPassed("Variasi data ke : " + no): Variasi data ke : 107

2022-11-25 09:19:09 - [MESSAGE][PASSED] - Variasi data ke : 107

2022-11-25 09:19:09 - [TEST_STEP][PASSED] - req_data = sendRequest(findTestObject("Search_ME", ["MID":MID, "source":source, "ip":ip, "userid":userid, "branch":branch, "tipekons":tipekons, "marital":marital, "penjamin":penjamin, ... ])): Send request successfully

2022-11-25 09:19:09 - [MESSAGE][INFO] - HAR: D:\DMS\Engine Scoring\Reports\20221125_091811\Exclude KKB - DS - Married\Scoring Married - KKB\20221125_091812\requests\main\14.har

2022-11-25 09:19:09 - [MESSAGE][PASSED] - Send request successfully

2022-11-25 09:19:09 - [TEST_STEP][PASSED] - slurper = new groovy.json.JsonSlurper(): null

2022-11-25 09:19:09 - [TEST_STEP][PASSED] - result = slurper.parseText(req_data.getResponseBodyContent()): null

2022-11-25 09:19:09 - [TEST_STEP][PASSED] - reqid_kons = requestid1: null

2022-11-25 09:19:09 - [TEST_STEP][PASSED] - reqid_spouse = requestid2: null

2022-11-25 09:19:09 - [TEST_STEP][PASSED] - println("requestid kons : " + reqid_kons): null

2022-11-25 09:19:09 - [TEST_STEP][PASSED] - response_searchME_kons = reqid_kons: null

2022-11-25 09:19:09 - [TEST_STEP][PASSED] - response_searchME_spouse = reqid_spouse: null

2022-11-25 09:19:09 - [TEST_STEP][PASSED] - println("kons req id is :" + response_searchME_kons): null

2022-11-25 09:19:09 - [TEST_STEP][PASSED] - println("spouse req id is : " + response_searchME_spouse): null

2022-11-25 09:19:09 - [TEST_STEP][PASSED] - verifyResponseStatusCode(req_data, 200): Verify response status code successfully

2022-11-25 09:19:09 - [MESSAGE][PASSED] - Verify response status code successfully

2022-11-25 09:19:09 - [TEST_STEP][PASSED] - response = req_data.getResponseText(): null

2022-11-25 09:19:09 - [TEST_STEP][PASSED] - logInfo($response): {"status":"Done","data":{"requestid1":"254812","requestid2":"254813"}}

2022-11-25 09:19:09 - [MESSAGE][INFO] - {"status":"Done","data":{"requestid1":"254812","requestid2":"254813"}}

2022-11-25 09:19:09 - [TEST_STEP][PASSED] - delay(5): Delayed 5 second(s)

2022-11-25 09:19:14 - [MESSAGE][PASSED] - Delayed 5 second(s)

2022-11-25 09:19:14 - [TEST_STEP][PASSED] - scoring = sendRequest(findTestObject("EngineScore", ["response_searchME_kons":response_searchME_kons, "response_searchME_spouse":response_searchME_spouse])): Send request successfully

2022-11-25 09:19:14 - [MESSAGE][INFO] - HAR: D:\DMS\Engine Scoring\Reports\20221125_091811\Exclude KKB - DS - Married\Scoring Married - KKB\20221125_091812\requests\main\15.har

2022-11-25 09:19:14 - [MESSAGE][PASSED] - Send request successfully

2022-11-25 09:19:14 - [TEST_STEP][PASSED] - verifyResponseStatusCode(scoring, 200): Verify response status code successfully

2022-11-25 09:19:14 - [MESSAGE][PASSED] - Verify response status code successfully

2022-11-25 09:19:14 - [TEST_STEP][PASSED] - response2 = scoring.getResponseText(): null

2022-11-25 09:19:14 - [TEST_STEP][PASSED] - markPassed("result service data ke : " + no): result service data ke : 107

2022-11-25 09:19:14 - [MESSAGE][PASSED] - result service data ke : 107

2022-11-25 09:19:14 - [TEST_STEP][PASSED] - logInfo($response2): {"result_konsumen":"Reguler","result_pasangan":"Reject","Final_result":"Reject","errorMessage":"","status":"Done"}

2022-11-25 09:19:14 - [MESSAGE][INFO] - {"result_konsumen":"Reguler","result_pasangan":"Reject","Final_result":"Reject","errorMessage":"","status":"Done"}

2022-11-25 09:19:14 - [TEST_STEP][PASSED] - verifyElementPropertyValue(scoring, "Final_result", final_result): Verify element property value successfully

2022-11-25 09:19:14 - [MESSAGE][PASSED] - Verify element property value successfully]]></system-out>
         <system-err><![CDATA[]]></system-err>
      </testcase>
      <testcase name="Test Cases/Engine_Scoring/Engine Scoring" time="6.774" classname="Test Cases/Engine_Scoring/Engine Scoring" status="PASSED">
         <system-out><![CDATA[2022-11-25 09:19:15 - [TEST_CASE][PASSED] - Test Cases/Engine_Scoring/Engine Scoring: Test Cases/Engine_Scoring/Engine Scoring

2022-11-25 09:19:15 - [TEST_STEP][PASSED] - markPassed("Variasi data ke : " + no): Variasi data ke : 108

2022-11-25 09:19:15 - [MESSAGE][PASSED] - Variasi data ke : 108

2022-11-25 09:19:15 - [TEST_STEP][PASSED] - req_data = sendRequest(findTestObject("Search_ME", ["MID":MID, "source":source, "ip":ip, "userid":userid, "branch":branch, "tipekons":tipekons, "marital":marital, "penjamin":penjamin, ... ])): Send request successfully

2022-11-25 09:19:16 - [MESSAGE][INFO] - HAR: D:\DMS\Engine Scoring\Reports\20221125_091811\Exclude KKB - DS - Married\Scoring Married - KKB\20221125_091812\requests\main\16.har

2022-11-25 09:19:16 - [MESSAGE][PASSED] - Send request successfully

2022-11-25 09:19:16 - [TEST_STEP][PASSED] - slurper = new groovy.json.JsonSlurper(): null

2022-11-25 09:19:16 - [TEST_STEP][PASSED] - result = slurper.parseText(req_data.getResponseBodyContent()): null

2022-11-25 09:19:16 - [TEST_STEP][PASSED] - reqid_kons = requestid1: null

2022-11-25 09:19:16 - [TEST_STEP][PASSED] - reqid_spouse = requestid2: null

2022-11-25 09:19:16 - [TEST_STEP][PASSED] - println("requestid kons : " + reqid_kons): null

2022-11-25 09:19:16 - [TEST_STEP][PASSED] - response_searchME_kons = reqid_kons: null

2022-11-25 09:19:16 - [TEST_STEP][PASSED] - response_searchME_spouse = reqid_spouse: null

2022-11-25 09:19:16 - [TEST_STEP][PASSED] - println("kons req id is :" + response_searchME_kons): null

2022-11-25 09:19:16 - [TEST_STEP][PASSED] - println("spouse req id is : " + response_searchME_spouse): null

2022-11-25 09:19:16 - [TEST_STEP][PASSED] - verifyResponseStatusCode(req_data, 200): Verify response status code successfully

2022-11-25 09:19:16 - [MESSAGE][PASSED] - Verify response status code successfully

2022-11-25 09:19:16 - [TEST_STEP][PASSED] - response = req_data.getResponseText(): null

2022-11-25 09:19:16 - [TEST_STEP][PASSED] - logInfo($response): {"status":"Done","data":{"requestid1":"254814","requestid2":"254815"}}

2022-11-25 09:19:16 - [MESSAGE][INFO] - {"status":"Done","data":{"requestid1":"254814","requestid2":"254815"}}

2022-11-25 09:19:16 - [TEST_STEP][PASSED] - delay(5): Delayed 5 second(s)

2022-11-25 09:19:21 - [MESSAGE][PASSED] - Delayed 5 second(s)

2022-11-25 09:19:21 - [TEST_STEP][PASSED] - scoring = sendRequest(findTestObject("EngineScore", ["response_searchME_kons":response_searchME_kons, "response_searchME_spouse":response_searchME_spouse])): Send request successfully

2022-11-25 09:19:21 - [MESSAGE][INFO] - HAR: D:\DMS\Engine Scoring\Reports\20221125_091811\Exclude KKB - DS - Married\Scoring Married - KKB\20221125_091812\requests\main\17.har

2022-11-25 09:19:21 - [MESSAGE][PASSED] - Send request successfully

2022-11-25 09:19:21 - [TEST_STEP][PASSED] - verifyResponseStatusCode(scoring, 200): Verify response status code successfully

2022-11-25 09:19:21 - [MESSAGE][PASSED] - Verify response status code successfully

2022-11-25 09:19:21 - [TEST_STEP][PASSED] - response2 = scoring.getResponseText(): null

2022-11-25 09:19:21 - [TEST_STEP][PASSED] - markPassed("result service data ke : " + no): result service data ke : 108

2022-11-25 09:19:21 - [MESSAGE][PASSED] - result service data ke : 108

2022-11-25 09:19:21 - [TEST_STEP][PASSED] - logInfo($response2): {"result_konsumen":"Reguler","result_pasangan":"Reject","Final_result":"Reject","errorMessage":"","status":"Done"}

2022-11-25 09:19:21 - [MESSAGE][INFO] - {"result_konsumen":"Reguler","result_pasangan":"Reject","Final_result":"Reject","errorMessage":"","status":"Done"}

2022-11-25 09:19:21 - [TEST_STEP][PASSED] - verifyElementPropertyValue(scoring, "Final_result", final_result): Verify element property value successfully

2022-11-25 09:19:21 - [MESSAGE][PASSED] - Verify element property value successfully]]></system-out>
         <system-err><![CDATA[]]></system-err>
      </testcase>
      <testcase name="Test Cases/Engine_Scoring/Engine Scoring" time="6.589" classname="Test Cases/Engine_Scoring/Engine Scoring" status="PASSED">
         <system-out><![CDATA[2022-11-25 09:19:21 - [TEST_CASE][PASSED] - Test Cases/Engine_Scoring/Engine Scoring: Test Cases/Engine_Scoring/Engine Scoring

2022-11-25 09:19:22 - [TEST_STEP][PASSED] - markPassed("Variasi data ke : " + no): Variasi data ke : 109

2022-11-25 09:19:22 - [MESSAGE][PASSED] - Variasi data ke : 109

2022-11-25 09:19:22 - [TEST_STEP][PASSED] - req_data = sendRequest(findTestObject("Search_ME", ["MID":MID, "source":source, "ip":ip, "userid":userid, "branch":branch, "tipekons":tipekons, "marital":marital, "penjamin":penjamin, ... ])): Send request successfully

2022-11-25 09:19:23 - [MESSAGE][INFO] - HAR: D:\DMS\Engine Scoring\Reports\20221125_091811\Exclude KKB - DS - Married\Scoring Married - KKB\20221125_091812\requests\main\18.har

2022-11-25 09:19:23 - [MESSAGE][PASSED] - Send request successfully

2022-11-25 09:19:23 - [TEST_STEP][PASSED] - slurper = new groovy.json.JsonSlurper(): null

2022-11-25 09:19:23 - [TEST_STEP][PASSED] - result = slurper.parseText(req_data.getResponseBodyContent()): null

2022-11-25 09:19:23 - [TEST_STEP][PASSED] - reqid_kons = requestid1: null

2022-11-25 09:19:23 - [TEST_STEP][PASSED] - reqid_spouse = requestid2: null

2022-11-25 09:19:23 - [TEST_STEP][PASSED] - println("requestid kons : " + reqid_kons): null

2022-11-25 09:19:23 - [TEST_STEP][PASSED] - response_searchME_kons = reqid_kons: null

2022-11-25 09:19:23 - [TEST_STEP][PASSED] - response_searchME_spouse = reqid_spouse: null

2022-11-25 09:19:23 - [TEST_STEP][PASSED] - println("kons req id is :" + response_searchME_kons): null

2022-11-25 09:19:23 - [TEST_STEP][PASSED] - println("spouse req id is : " + response_searchME_spouse): null

2022-11-25 09:19:23 - [TEST_STEP][PASSED] - verifyResponseStatusCode(req_data, 200): Verify response status code successfully

2022-11-25 09:19:23 - [MESSAGE][PASSED] - Verify response status code successfully

2022-11-25 09:19:23 - [TEST_STEP][PASSED] - response = req_data.getResponseText(): null

2022-11-25 09:19:23 - [TEST_STEP][PASSED] - logInfo($response): {"status":"Done","data":{"requestid1":"254816","requestid2":"254817"}}

2022-11-25 09:19:23 - [MESSAGE][INFO] - {"status":"Done","data":{"requestid1":"254816","requestid2":"254817"}}

2022-11-25 09:19:23 - [TEST_STEP][PASSED] - delay(5): Delayed 5 second(s)

2022-11-25 09:19:28 - [MESSAGE][PASSED] - Delayed 5 second(s)

2022-11-25 09:19:28 - [TEST_STEP][PASSED] - scoring = sendRequest(findTestObject("EngineScore", ["response_searchME_kons":response_searchME_kons, "response_searchME_spouse":response_searchME_spouse])): Send request successfully

2022-11-25 09:19:28 - [MESSAGE][INFO] - HAR: D:\DMS\Engine Scoring\Reports\20221125_091811\Exclude KKB - DS - Married\Scoring Married - KKB\20221125_091812\requests\main\19.har

2022-11-25 09:19:28 - [MESSAGE][PASSED] - Send request successfully

2022-11-25 09:19:28 - [TEST_STEP][PASSED] - verifyResponseStatusCode(scoring, 200): Verify response status code successfully

2022-11-25 09:19:28 - [MESSAGE][PASSED] - Verify response status code successfully

2022-11-25 09:19:28 - [TEST_STEP][PASSED] - response2 = scoring.getResponseText(): null

2022-11-25 09:19:28 - [TEST_STEP][PASSED] - markPassed("result service data ke : " + no): result service data ke : 109

2022-11-25 09:19:28 - [MESSAGE][PASSED] - result service data ke : 109

2022-11-25 09:19:28 - [TEST_STEP][PASSED] - logInfo($response2): {"result_konsumen":"Approve","result_pasangan":"Reguler","Final_result":"Approve","errorMessage":"","status":"Done"}

2022-11-25 09:19:28 - [MESSAGE][INFO] - {"result_konsumen":"Approve","result_pasangan":"Reguler","Final_result":"Approve","errorMessage":"","status":"Done"}

2022-11-25 09:19:28 - [TEST_STEP][PASSED] - verifyElementPropertyValue(scoring, "Final_result", final_result): Verify element property value successfully

2022-11-25 09:19:28 - [MESSAGE][PASSED] - Verify element property value successfully]]></system-out>
         <system-err><![CDATA[]]></system-err>
      </testcase>
      <testcase name="Test Cases/Engine_Scoring/Engine Scoring" time="7.406" classname="Test Cases/Engine_Scoring/Engine Scoring" status="PASSED">
         <system-out><![CDATA[2022-11-25 09:19:28 - [TEST_CASE][PASSED] - Test Cases/Engine_Scoring/Engine Scoring: Test Cases/Engine_Scoring/Engine Scoring

2022-11-25 09:19:29 - [TEST_STEP][PASSED] - markPassed("Variasi data ke : " + no): Variasi data ke : 110

2022-11-25 09:19:29 - [MESSAGE][PASSED] - Variasi data ke : 110

2022-11-25 09:19:29 - [TEST_STEP][PASSED] - req_data = sendRequest(findTestObject("Search_ME", ["MID":MID, "source":source, "ip":ip, "userid":userid, "branch":branch, "tipekons":tipekons, "marital":marital, "penjamin":penjamin, ... ])): Send request successfully

2022-11-25 09:19:30 - [MESSAGE][INFO] - HAR: D:\DMS\Engine Scoring\Reports\20221125_091811\Exclude KKB - DS - Married\Scoring Married - KKB\20221125_091812\requests\main\20.har

2022-11-25 09:19:30 - [MESSAGE][PASSED] - Send request successfully

2022-11-25 09:19:30 - [TEST_STEP][PASSED] - slurper = new groovy.json.JsonSlurper(): null

2022-11-25 09:19:30 - [TEST_STEP][PASSED] - result = slurper.parseText(req_data.getResponseBodyContent()): null

2022-11-25 09:19:30 - [TEST_STEP][PASSED] - reqid_kons = requestid1: null

2022-11-25 09:19:30 - [TEST_STEP][PASSED] - reqid_spouse = requestid2: null

2022-11-25 09:19:30 - [TEST_STEP][PASSED] - println("requestid kons : " + reqid_kons): null

2022-11-25 09:19:30 - [TEST_STEP][PASSED] - response_searchME_kons = reqid_kons: null

2022-11-25 09:19:30 - [TEST_STEP][PASSED] - response_searchME_spouse = reqid_spouse: null

2022-11-25 09:19:30 - [TEST_STEP][PASSED] - println("kons req id is :" + response_searchME_kons): null

2022-11-25 09:19:30 - [TEST_STEP][PASSED] - println("spouse req id is : " + response_searchME_spouse): null

2022-11-25 09:19:30 - [TEST_STEP][PASSED] - verifyResponseStatusCode(req_data, 200): Verify response status code successfully

2022-11-25 09:19:30 - [MESSAGE][PASSED] - Verify response status code successfully

2022-11-25 09:19:30 - [TEST_STEP][PASSED] - response = req_data.getResponseText(): null

2022-11-25 09:19:30 - [TEST_STEP][PASSED] - logInfo($response): {"status":"Done","data":{"requestid1":"254818","requestid2":"254819"}}

2022-11-25 09:19:30 - [MESSAGE][INFO] - {"status":"Done","data":{"requestid1":"254818","requestid2":"254819"}}

2022-11-25 09:19:30 - [TEST_STEP][PASSED] - delay(5): Delayed 5 second(s)

2022-11-25 09:19:35 - [MESSAGE][PASSED] - Delayed 5 second(s)

2022-11-25 09:19:35 - [TEST_STEP][PASSED] - scoring = sendRequest(findTestObject("EngineScore", ["response_searchME_kons":response_searchME_kons, "response_searchME_spouse":response_searchME_spouse])): Send request successfully

2022-11-25 09:19:35 - [MESSAGE][INFO] - HAR: D:\DMS\Engine Scoring\Reports\20221125_091811\Exclude KKB - DS - Married\Scoring Married - KKB\20221125_091812\requests\main\21.har

2022-11-25 09:19:35 - [MESSAGE][PASSED] - Send request successfully

2022-11-25 09:19:35 - [TEST_STEP][PASSED] - verifyResponseStatusCode(scoring, 200): Verify response status code successfully

2022-11-25 09:19:35 - [MESSAGE][PASSED] - Verify response status code successfully

2022-11-25 09:19:35 - [TEST_STEP][PASSED] - response2 = scoring.getResponseText(): null

2022-11-25 09:19:35 - [TEST_STEP][PASSED] - markPassed("result service data ke : " + no): result service data ke : 110

2022-11-25 09:19:35 - [MESSAGE][PASSED] - result service data ke : 110

2022-11-25 09:19:35 - [TEST_STEP][PASSED] - logInfo($response2): {"result_konsumen":"Approve","result_pasangan":"Reguler","Final_result":"Approve","errorMessage":"","status":"Done"}

2022-11-25 09:19:35 - [MESSAGE][INFO] - {"result_konsumen":"Approve","result_pasangan":"Reguler","Final_result":"Approve","errorMessage":"","status":"Done"}

2022-11-25 09:19:35 - [TEST_STEP][PASSED] - verifyElementPropertyValue(scoring, "Final_result", final_result): Verify element property value successfully

2022-11-25 09:19:35 - [MESSAGE][PASSED] - Verify element property value successfully]]></system-out>
         <system-err><![CDATA[]]></system-err>
      </testcase>
      <testcase name="Test Cases/Engine_Scoring/Engine Scoring" time="6.494" classname="Test Cases/Engine_Scoring/Engine Scoring" status="PASSED">
         <system-out><![CDATA[2022-11-25 09:19:35 - [TEST_CASE][PASSED] - Test Cases/Engine_Scoring/Engine Scoring: Test Cases/Engine_Scoring/Engine Scoring

2022-11-25 09:19:36 - [TEST_STEP][PASSED] - markPassed("Variasi data ke : " + no): Variasi data ke : 111

2022-11-25 09:19:36 - [MESSAGE][PASSED] - Variasi data ke : 111

2022-11-25 09:19:36 - [TEST_STEP][PASSED] - req_data = sendRequest(findTestObject("Search_ME", ["MID":MID, "source":source, "ip":ip, "userid":userid, "branch":branch, "tipekons":tipekons, "marital":marital, "penjamin":penjamin, ... ])): Send request successfully

2022-11-25 09:19:37 - [MESSAGE][INFO] - HAR: D:\DMS\Engine Scoring\Reports\20221125_091811\Exclude KKB - DS - Married\Scoring Married - KKB\20221125_091812\requests\main\22.har

2022-11-25 09:19:37 - [MESSAGE][PASSED] - Send request successfully

2022-11-25 09:19:37 - [TEST_STEP][PASSED] - slurper = new groovy.json.JsonSlurper(): null

2022-11-25 09:19:37 - [TEST_STEP][PASSED] - result = slurper.parseText(req_data.getResponseBodyContent()): null

2022-11-25 09:19:37 - [TEST_STEP][PASSED] - reqid_kons = requestid1: null

2022-11-25 09:19:37 - [TEST_STEP][PASSED] - reqid_spouse = requestid2: null

2022-11-25 09:19:37 - [TEST_STEP][PASSED] - println("requestid kons : " + reqid_kons): null

2022-11-25 09:19:37 - [TEST_STEP][PASSED] - response_searchME_kons = reqid_kons: null

2022-11-25 09:19:37 - [TEST_STEP][PASSED] - response_searchME_spouse = reqid_spouse: null

2022-11-25 09:19:37 - [TEST_STEP][PASSED] - println("kons req id is :" + response_searchME_kons): null

2022-11-25 09:19:37 - [TEST_STEP][PASSED] - println("spouse req id is : " + response_searchME_spouse): null

2022-11-25 09:19:37 - [TEST_STEP][PASSED] - verifyResponseStatusCode(req_data, 200): Verify response status code successfully

2022-11-25 09:19:37 - [MESSAGE][PASSED] - Verify response status code successfully

2022-11-25 09:19:37 - [TEST_STEP][PASSED] - response = req_data.getResponseText(): null

2022-11-25 09:19:37 - [TEST_STEP][PASSED] - logInfo($response): {"status":"Done","data":{"requestid1":"254820","requestid2":"254821"}}

2022-11-25 09:19:37 - [MESSAGE][INFO] - {"status":"Done","data":{"requestid1":"254820","requestid2":"254821"}}

2022-11-25 09:19:37 - [TEST_STEP][PASSED] - delay(5): Delayed 5 second(s)

2022-11-25 09:19:42 - [MESSAGE][PASSED] - Delayed 5 second(s)

2022-11-25 09:19:42 - [TEST_STEP][PASSED] - scoring = sendRequest(findTestObject("EngineScore", ["response_searchME_kons":response_searchME_kons, "response_searchME_spouse":response_searchME_spouse])): Send request successfully

2022-11-25 09:19:42 - [MESSAGE][INFO] - HAR: D:\DMS\Engine Scoring\Reports\20221125_091811\Exclude KKB - DS - Married\Scoring Married - KKB\20221125_091812\requests\main\23.har

2022-11-25 09:19:42 - [MESSAGE][PASSED] - Send request successfully

2022-11-25 09:19:42 - [TEST_STEP][PASSED] - verifyResponseStatusCode(scoring, 200): Verify response status code successfully

2022-11-25 09:19:42 - [MESSAGE][PASSED] - Verify response status code successfully

2022-11-25 09:19:42 - [TEST_STEP][PASSED] - response2 = scoring.getResponseText(): null

2022-11-25 09:19:42 - [TEST_STEP][PASSED] - markPassed("result service data ke : " + no): result service data ke : 111

2022-11-25 09:19:42 - [MESSAGE][PASSED] - result service data ke : 111

2022-11-25 09:19:42 - [TEST_STEP][PASSED] - logInfo($response2): {"result_konsumen":"Approve","result_pasangan":"Reguler","Final_result":"Approve","errorMessage":"","status":"Done"}

2022-11-25 09:19:42 - [MESSAGE][INFO] - {"result_konsumen":"Approve","result_pasangan":"Reguler","Final_result":"Approve","errorMessage":"","status":"Done"}

2022-11-25 09:19:42 - [TEST_STEP][PASSED] - verifyElementPropertyValue(scoring, "Final_result", final_result): Verify element property value successfully

2022-11-25 09:19:42 - [MESSAGE][PASSED] - Verify element property value successfully]]></system-out>
         <system-err><![CDATA[]]></system-err>
      </testcase>
      <testcase name="Test Cases/Engine_Scoring/Engine Scoring" time="6.462" classname="Test Cases/Engine_Scoring/Engine Scoring" status="PASSED">
         <system-out><![CDATA[2022-11-25 09:19:42 - [TEST_CASE][PASSED] - Test Cases/Engine_Scoring/Engine Scoring: Test Cases/Engine_Scoring/Engine Scoring

2022-11-25 09:19:43 - [TEST_STEP][PASSED] - markPassed("Variasi data ke : " + no): Variasi data ke : 112

2022-11-25 09:19:43 - [MESSAGE][PASSED] - Variasi data ke : 112

2022-11-25 09:19:43 - [TEST_STEP][PASSED] - req_data = sendRequest(findTestObject("Search_ME", ["MID":MID, "source":source, "ip":ip, "userid":userid, "branch":branch, "tipekons":tipekons, "marital":marital, "penjamin":penjamin, ... ])): Send request successfully

2022-11-25 09:19:43 - [MESSAGE][INFO] - HAR: D:\DMS\Engine Scoring\Reports\20221125_091811\Exclude KKB - DS - Married\Scoring Married - KKB\20221125_091812\requests\main\24.har

2022-11-25 09:19:43 - [MESSAGE][PASSED] - Send request successfully

2022-11-25 09:19:43 - [TEST_STEP][PASSED] - slurper = new groovy.json.JsonSlurper(): null

2022-11-25 09:19:43 - [TEST_STEP][PASSED] - result = slurper.parseText(req_data.getResponseBodyContent()): null

2022-11-25 09:19:43 - [TEST_STEP][PASSED] - reqid_kons = requestid1: null

2022-11-25 09:19:43 - [TEST_STEP][PASSED] - reqid_spouse = requestid2: null

2022-11-25 09:19:43 - [TEST_STEP][PASSED] - println("requestid kons : " + reqid_kons): null

2022-11-25 09:19:43 - [TEST_STEP][PASSED] - response_searchME_kons = reqid_kons: null

2022-11-25 09:19:43 - [TEST_STEP][PASSED] - response_searchME_spouse = reqid_spouse: null

2022-11-25 09:19:43 - [TEST_STEP][PASSED] - println("kons req id is :" + response_searchME_kons): null

2022-11-25 09:19:43 - [TEST_STEP][PASSED] - println("spouse req id is : " + response_searchME_spouse): null

2022-11-25 09:19:43 - [TEST_STEP][PASSED] - verifyResponseStatusCode(req_data, 200): Verify response status code successfully

2022-11-25 09:19:43 - [MESSAGE][PASSED] - Verify response status code successfully

2022-11-25 09:19:43 - [TEST_STEP][PASSED] - response = req_data.getResponseText(): null

2022-11-25 09:19:43 - [TEST_STEP][PASSED] - logInfo($response): {"status":"Done","data":{"requestid1":"254822","requestid2":"254823"}}

2022-11-25 09:19:43 - [MESSAGE][INFO] - {"status":"Done","data":{"requestid1":"254822","requestid2":"254823"}}

2022-11-25 09:19:43 - [TEST_STEP][PASSED] - delay(5): Delayed 5 second(s)

2022-11-25 09:19:48 - [MESSAGE][PASSED] - Delayed 5 second(s)

2022-11-25 09:19:48 - [TEST_STEP][PASSED] - scoring = sendRequest(findTestObject("EngineScore", ["response_searchME_kons":response_searchME_kons, "response_searchME_spouse":response_searchME_spouse])): Send request successfully

2022-11-25 09:19:48 - [MESSAGE][INFO] - HAR: D:\DMS\Engine Scoring\Reports\20221125_091811\Exclude KKB - DS - Married\Scoring Married - KKB\20221125_091812\requests\main\25.har

2022-11-25 09:19:48 - [MESSAGE][PASSED] - Send request successfully

2022-11-25 09:19:48 - [TEST_STEP][PASSED] - verifyResponseStatusCode(scoring, 200): Verify response status code successfully

2022-11-25 09:19:48 - [MESSAGE][PASSED] - Verify response status code successfully

2022-11-25 09:19:48 - [TEST_STEP][PASSED] - response2 = scoring.getResponseText(): null

2022-11-25 09:19:48 - [TEST_STEP][PASSED] - markPassed("result service data ke : " + no): result service data ke : 112

2022-11-25 09:19:48 - [MESSAGE][PASSED] - result service data ke : 112

2022-11-25 09:19:48 - [TEST_STEP][PASSED] - logInfo($response2): {"result_konsumen":"Approve","result_pasangan":"Reguler","Final_result":"Approve","errorMessage":"","status":"Done"}

2022-11-25 09:19:48 - [MESSAGE][INFO] - {"result_konsumen":"Approve","result_pasangan":"Reguler","Final_result":"Approve","errorMessage":"","status":"Done"}

2022-11-25 09:19:48 - [TEST_STEP][PASSED] - verifyElementPropertyValue(scoring, "Final_result", final_result): Verify element property value successfully

2022-11-25 09:19:48 - [MESSAGE][PASSED] - Verify element property value successfully]]></system-out>
         <system-err><![CDATA[]]></system-err>
      </testcase>
      <testcase name="Test Cases/Engine_Scoring/Engine Scoring" time="6.617" classname="Test Cases/Engine_Scoring/Engine Scoring" status="PASSED">
         <system-out><![CDATA[2022-11-25 09:19:49 - [TEST_CASE][PASSED] - Test Cases/Engine_Scoring/Engine Scoring: Test Cases/Engine_Scoring/Engine Scoring

2022-11-25 09:19:49 - [TEST_STEP][PASSED] - markPassed("Variasi data ke : " + no): Variasi data ke : 113

2022-11-25 09:19:49 - [MESSAGE][PASSED] - Variasi data ke : 113

2022-11-25 09:19:49 - [TEST_STEP][PASSED] - req_data = sendRequest(findTestObject("Search_ME", ["MID":MID, "source":source, "ip":ip, "userid":userid, "branch":branch, "tipekons":tipekons, "marital":marital, "penjamin":penjamin, ... ])): Send request successfully

2022-11-25 09:19:50 - [MESSAGE][INFO] - HAR: D:\DMS\Engine Scoring\Reports\20221125_091811\Exclude KKB - DS - Married\Scoring Married - KKB\20221125_091812\requests\main\26.har

2022-11-25 09:19:50 - [MESSAGE][PASSED] - Send request successfully

2022-11-25 09:19:50 - [TEST_STEP][PASSED] - slurper = new groovy.json.JsonSlurper(): null

2022-11-25 09:19:50 - [TEST_STEP][PASSED] - result = slurper.parseText(req_data.getResponseBodyContent()): null

2022-11-25 09:19:50 - [TEST_STEP][PASSED] - reqid_kons = requestid1: null

2022-11-25 09:19:50 - [TEST_STEP][PASSED] - reqid_spouse = requestid2: null

2022-11-25 09:19:50 - [TEST_STEP][PASSED] - println("requestid kons : " + reqid_kons): null

2022-11-25 09:19:50 - [TEST_STEP][PASSED] - response_searchME_kons = reqid_kons: null

2022-11-25 09:19:50 - [TEST_STEP][PASSED] - response_searchME_spouse = reqid_spouse: null

2022-11-25 09:19:50 - [TEST_STEP][PASSED] - println("kons req id is :" + response_searchME_kons): null

2022-11-25 09:19:50 - [TEST_STEP][PASSED] - println("spouse req id is : " + response_searchME_spouse): null

2022-11-25 09:19:50 - [TEST_STEP][PASSED] - verifyResponseStatusCode(req_data, 200): Verify response status code successfully

2022-11-25 09:19:50 - [MESSAGE][PASSED] - Verify response status code successfully

2022-11-25 09:19:50 - [TEST_STEP][PASSED] - response = req_data.getResponseText(): null

2022-11-25 09:19:50 - [TEST_STEP][PASSED] - logInfo($response): {"status":"Done","data":{"requestid1":"254824","requestid2":"254825"}}

2022-11-25 09:19:50 - [MESSAGE][INFO] - {"status":"Done","data":{"requestid1":"254824","requestid2":"254825"}}

2022-11-25 09:19:50 - [TEST_STEP][PASSED] - delay(5): Delayed 5 second(s)

2022-11-25 09:19:55 - [MESSAGE][PASSED] - Delayed 5 second(s)

2022-11-25 09:19:55 - [TEST_STEP][PASSED] - scoring = sendRequest(findTestObject("EngineScore", ["response_searchME_kons":response_searchME_kons, "response_searchME_spouse":response_searchME_spouse])): Send request successfully

2022-11-25 09:19:55 - [MESSAGE][INFO] - HAR: D:\DMS\Engine Scoring\Reports\20221125_091811\Exclude KKB - DS - Married\Scoring Married - KKB\20221125_091812\requests\main\27.har

2022-11-25 09:19:55 - [MESSAGE][PASSED] - Send request successfully

2022-11-25 09:19:55 - [TEST_STEP][PASSED] - verifyResponseStatusCode(scoring, 200): Verify response status code successfully

2022-11-25 09:19:55 - [MESSAGE][PASSED] - Verify response status code successfully

2022-11-25 09:19:55 - [TEST_STEP][PASSED] - response2 = scoring.getResponseText(): null

2022-11-25 09:19:55 - [TEST_STEP][PASSED] - markPassed("result service data ke : " + no): result service data ke : 113

2022-11-25 09:19:55 - [MESSAGE][PASSED] - result service data ke : 113

2022-11-25 09:19:55 - [TEST_STEP][PASSED] - logInfo($response2): {"result_konsumen":"Approve","result_pasangan":"Reject","Final_result":"Reject","errorMessage":"","status":"Done"}

2022-11-25 09:19:55 - [MESSAGE][INFO] - {"result_konsumen":"Approve","result_pasangan":"Reject","Final_result":"Reject","errorMessage":"","status":"Done"}

2022-11-25 09:19:55 - [TEST_STEP][PASSED] - verifyElementPropertyValue(scoring, "Final_result", final_result): Verify element property value successfully

2022-11-25 09:19:55 - [MESSAGE][PASSED] - Verify element property value successfully]]></system-out>
         <system-err><![CDATA[]]></system-err>
      </testcase>
      <testcase name="Test Cases/Engine_Scoring/Engine Scoring" time="6.526" classname="Test Cases/Engine_Scoring/Engine Scoring" status="PASSED">
         <system-out><![CDATA[2022-11-25 09:19:55 - [TEST_CASE][PASSED] - Test Cases/Engine_Scoring/Engine Scoring: Test Cases/Engine_Scoring/Engine Scoring

2022-11-25 09:19:56 - [TEST_STEP][PASSED] - markPassed("Variasi data ke : " + no): Variasi data ke : 114

2022-11-25 09:19:56 - [MESSAGE][PASSED] - Variasi data ke : 114

2022-11-25 09:19:56 - [TEST_STEP][PASSED] - req_data = sendRequest(findTestObject("Search_ME", ["MID":MID, "source":source, "ip":ip, "userid":userid, "branch":branch, "tipekons":tipekons, "marital":marital, "penjamin":penjamin, ... ])): Send request successfully

2022-11-25 09:19:57 - [MESSAGE][INFO] - HAR: D:\DMS\Engine Scoring\Reports\20221125_091811\Exclude KKB - DS - Married\Scoring Married - KKB\20221125_091812\requests\main\28.har

2022-11-25 09:19:57 - [MESSAGE][PASSED] - Send request successfully

2022-11-25 09:19:57 - [TEST_STEP][PASSED] - slurper = new groovy.json.JsonSlurper(): null

2022-11-25 09:19:57 - [TEST_STEP][PASSED] - result = slurper.parseText(req_data.getResponseBodyContent()): null

2022-11-25 09:19:57 - [TEST_STEP][PASSED] - reqid_kons = requestid1: null

2022-11-25 09:19:57 - [TEST_STEP][PASSED] - reqid_spouse = requestid2: null

2022-11-25 09:19:57 - [TEST_STEP][PASSED] - println("requestid kons : " + reqid_kons): null

2022-11-25 09:19:57 - [TEST_STEP][PASSED] - response_searchME_kons = reqid_kons: null

2022-11-25 09:19:57 - [TEST_STEP][PASSED] - response_searchME_spouse = reqid_spouse: null

2022-11-25 09:19:57 - [TEST_STEP][PASSED] - println("kons req id is :" + response_searchME_kons): null

2022-11-25 09:19:57 - [TEST_STEP][PASSED] - println("spouse req id is : " + response_searchME_spouse): null

2022-11-25 09:19:57 - [TEST_STEP][PASSED] - verifyResponseStatusCode(req_data, 200): Verify response status code successfully

2022-11-25 09:19:57 - [MESSAGE][PASSED] - Verify response status code successfully

2022-11-25 09:19:57 - [TEST_STEP][PASSED] - response = req_data.getResponseText(): null

2022-11-25 09:19:57 - [TEST_STEP][PASSED] - logInfo($response): {"status":"Done","data":{"requestid1":"254826","requestid2":"254827"}}

2022-11-25 09:19:57 - [MESSAGE][INFO] - {"status":"Done","data":{"requestid1":"254826","requestid2":"254827"}}

2022-11-25 09:19:57 - [TEST_STEP][PASSED] - delay(5): Delayed 5 second(s)

2022-11-25 09:20:02 - [MESSAGE][PASSED] - Delayed 5 second(s)

2022-11-25 09:20:02 - [TEST_STEP][PASSED] - scoring = sendRequest(findTestObject("EngineScore", ["response_searchME_kons":response_searchME_kons, "response_searchME_spouse":response_searchME_spouse])): Send request successfully

2022-11-25 09:20:02 - [MESSAGE][INFO] - HAR: D:\DMS\Engine Scoring\Reports\20221125_091811\Exclude KKB - DS - Married\Scoring Married - KKB\20221125_091812\requests\main\29.har

2022-11-25 09:20:02 - [MESSAGE][PASSED] - Send request successfully

2022-11-25 09:20:02 - [TEST_STEP][PASSED] - verifyResponseStatusCode(scoring, 200): Verify response status code successfully

2022-11-25 09:20:02 - [MESSAGE][PASSED] - Verify response status code successfully

2022-11-25 09:20:02 - [TEST_STEP][PASSED] - response2 = scoring.getResponseText(): null

2022-11-25 09:20:02 - [TEST_STEP][PASSED] - markPassed("result service data ke : " + no): result service data ke : 114

2022-11-25 09:20:02 - [MESSAGE][PASSED] - result service data ke : 114

2022-11-25 09:20:02 - [TEST_STEP][PASSED] - logInfo($response2): {"result_konsumen":"Approve","result_pasangan":"Reject","Final_result":"Reject","errorMessage":"","status":"Done"}

2022-11-25 09:20:02 - [MESSAGE][INFO] - {"result_konsumen":"Approve","result_pasangan":"Reject","Final_result":"Reject","errorMessage":"","status":"Done"}

2022-11-25 09:20:02 - [TEST_STEP][PASSED] - verifyElementPropertyValue(scoring, "Final_result", final_result): Verify element property value successfully

2022-11-25 09:20:02 - [MESSAGE][PASSED] - Verify element property value successfully]]></system-out>
         <system-err><![CDATA[]]></system-err>
      </testcase>
      <testcase name="Test Cases/Engine_Scoring/Engine Scoring" time="6.487" classname="Test Cases/Engine_Scoring/Engine Scoring" status="PASSED">
         <system-out><![CDATA[2022-11-25 09:20:02 - [TEST_CASE][PASSED] - Test Cases/Engine_Scoring/Engine Scoring: Test Cases/Engine_Scoring/Engine Scoring

2022-11-25 09:20:02 - [TEST_STEP][PASSED] - markPassed("Variasi data ke : " + no): Variasi data ke : 115

2022-11-25 09:20:02 - [MESSAGE][PASSED] - Variasi data ke : 115

2022-11-25 09:20:02 - [TEST_STEP][PASSED] - req_data = sendRequest(findTestObject("Search_ME", ["MID":MID, "source":source, "ip":ip, "userid":userid, "branch":branch, "tipekons":tipekons, "marital":marital, "penjamin":penjamin, ... ])): Send request successfully

2022-11-25 09:20:03 - [MESSAGE][INFO] - HAR: D:\DMS\Engine Scoring\Reports\20221125_091811\Exclude KKB - DS - Married\Scoring Married - KKB\20221125_091812\requests\main\30.har

2022-11-25 09:20:03 - [MESSAGE][PASSED] - Send request successfully

2022-11-25 09:20:03 - [TEST_STEP][PASSED] - slurper = new groovy.json.JsonSlurper(): null

2022-11-25 09:20:03 - [TEST_STEP][PASSED] - result = slurper.parseText(req_data.getResponseBodyContent()): null

2022-11-25 09:20:03 - [TEST_STEP][PASSED] - reqid_kons = requestid1: null

2022-11-25 09:20:03 - [TEST_STEP][PASSED] - reqid_spouse = requestid2: null

2022-11-25 09:20:03 - [TEST_STEP][PASSED] - println("requestid kons : " + reqid_kons): null

2022-11-25 09:20:03 - [TEST_STEP][PASSED] - response_searchME_kons = reqid_kons: null

2022-11-25 09:20:03 - [TEST_STEP][PASSED] - response_searchME_spouse = reqid_spouse: null

2022-11-25 09:20:03 - [TEST_STEP][PASSED] - println("kons req id is :" + response_searchME_kons): null

2022-11-25 09:20:03 - [TEST_STEP][PASSED] - println("spouse req id is : " + response_searchME_spouse): null

2022-11-25 09:20:03 - [TEST_STEP][PASSED] - verifyResponseStatusCode(req_data, 200): Verify response status code successfully

2022-11-25 09:20:03 - [MESSAGE][PASSED] - Verify response status code successfully

2022-11-25 09:20:03 - [TEST_STEP][PASSED] - response = req_data.getResponseText(): null

2022-11-25 09:20:03 - [TEST_STEP][PASSED] - logInfo($response): {"status":"Done","data":{"requestid1":"254828","requestid2":"254829"}}

2022-11-25 09:20:03 - [MESSAGE][INFO] - {"status":"Done","data":{"requestid1":"254828","requestid2":"254829"}}

2022-11-25 09:20:03 - [TEST_STEP][PASSED] - delay(5): Delayed 5 second(s)

2022-11-25 09:20:08 - [MESSAGE][PASSED] - Delayed 5 second(s)

2022-11-25 09:20:08 - [TEST_STEP][PASSED] - scoring = sendRequest(findTestObject("EngineScore", ["response_searchME_kons":response_searchME_kons, "response_searchME_spouse":response_searchME_spouse])): Send request successfully

2022-11-25 09:20:08 - [MESSAGE][INFO] - HAR: D:\DMS\Engine Scoring\Reports\20221125_091811\Exclude KKB - DS - Married\Scoring Married - KKB\20221125_091812\requests\main\31.har

2022-11-25 09:20:08 - [MESSAGE][PASSED] - Send request successfully

2022-11-25 09:20:08 - [TEST_STEP][PASSED] - verifyResponseStatusCode(scoring, 200): Verify response status code successfully

2022-11-25 09:20:08 - [MESSAGE][PASSED] - Verify response status code successfully

2022-11-25 09:20:08 - [TEST_STEP][PASSED] - response2 = scoring.getResponseText(): null

2022-11-25 09:20:08 - [TEST_STEP][PASSED] - markPassed("result service data ke : " + no): result service data ke : 115

2022-11-25 09:20:08 - [MESSAGE][PASSED] - result service data ke : 115

2022-11-25 09:20:08 - [TEST_STEP][PASSED] - logInfo($response2): {"result_konsumen":"Approve","result_pasangan":"Reguler","Final_result":"Approve","errorMessage":"","status":"Done"}

2022-11-25 09:20:08 - [MESSAGE][INFO] - {"result_konsumen":"Approve","result_pasangan":"Reguler","Final_result":"Approve","errorMessage":"","status":"Done"}

2022-11-25 09:20:08 - [TEST_STEP][PASSED] - verifyElementPropertyValue(scoring, "Final_result", final_result): Verify element property value successfully

2022-11-25 09:20:08 - [MESSAGE][PASSED] - Verify element property value successfully]]></system-out>
         <system-err><![CDATA[]]></system-err>
      </testcase>
      <testcase name="Test Cases/Engine_Scoring/Engine Scoring" time="6.585" classname="Test Cases/Engine_Scoring/Engine Scoring" status="PASSED">
         <system-out><![CDATA[2022-11-25 09:20:08 - [TEST_CASE][PASSED] - Test Cases/Engine_Scoring/Engine Scoring: Test Cases/Engine_Scoring/Engine Scoring

2022-11-25 09:20:09 - [TEST_STEP][PASSED] - markPassed("Variasi data ke : " + no): Variasi data ke : 116

2022-11-25 09:20:09 - [MESSAGE][PASSED] - Variasi data ke : 116

2022-11-25 09:20:09 - [TEST_STEP][PASSED] - req_data = sendRequest(findTestObject("Search_ME", ["MID":MID, "source":source, "ip":ip, "userid":userid, "branch":branch, "tipekons":tipekons, "marital":marital, "penjamin":penjamin, ... ])): Send request successfully

2022-11-25 09:20:10 - [MESSAGE][INFO] - HAR: D:\DMS\Engine Scoring\Reports\20221125_091811\Exclude KKB - DS - Married\Scoring Married - KKB\20221125_091812\requests\main\32.har

2022-11-25 09:20:10 - [MESSAGE][PASSED] - Send request successfully

2022-11-25 09:20:10 - [TEST_STEP][PASSED] - slurper = new groovy.json.JsonSlurper(): null

2022-11-25 09:20:10 - [TEST_STEP][PASSED] - result = slurper.parseText(req_data.getResponseBodyContent()): null

2022-11-25 09:20:10 - [TEST_STEP][PASSED] - reqid_kons = requestid1: null

2022-11-25 09:20:10 - [TEST_STEP][PASSED] - reqid_spouse = requestid2: null

2022-11-25 09:20:10 - [TEST_STEP][PASSED] - println("requestid kons : " + reqid_kons): null

2022-11-25 09:20:10 - [TEST_STEP][PASSED] - response_searchME_kons = reqid_kons: null

2022-11-25 09:20:10 - [TEST_STEP][PASSED] - response_searchME_spouse = reqid_spouse: null

2022-11-25 09:20:10 - [TEST_STEP][PASSED] - println("kons req id is :" + response_searchME_kons): null

2022-11-25 09:20:10 - [TEST_STEP][PASSED] - println("spouse req id is : " + response_searchME_spouse): null

2022-11-25 09:20:10 - [TEST_STEP][PASSED] - verifyResponseStatusCode(req_data, 200): Verify response status code successfully

2022-11-25 09:20:10 - [MESSAGE][PASSED] - Verify response status code successfully

2022-11-25 09:20:10 - [TEST_STEP][PASSED] - response = req_data.getResponseText(): null

2022-11-25 09:20:10 - [TEST_STEP][PASSED] - logInfo($response): {"status":"Done","data":{"requestid1":"254830","requestid2":"254831"}}

2022-11-25 09:20:10 - [MESSAGE][INFO] - {"status":"Done","data":{"requestid1":"254830","requestid2":"254831"}}

2022-11-25 09:20:10 - [TEST_STEP][PASSED] - delay(5): Delayed 5 second(s)

2022-11-25 09:20:15 - [MESSAGE][PASSED] - Delayed 5 second(s)

2022-11-25 09:20:15 - [TEST_STEP][PASSED] - scoring = sendRequest(findTestObject("EngineScore", ["response_searchME_kons":response_searchME_kons, "response_searchME_spouse":response_searchME_spouse])): Send request successfully

2022-11-25 09:20:15 - [MESSAGE][INFO] - HAR: D:\DMS\Engine Scoring\Reports\20221125_091811\Exclude KKB - DS - Married\Scoring Married - KKB\20221125_091812\requests\main\33.har

2022-11-25 09:20:15 - [MESSAGE][PASSED] - Send request successfully

2022-11-25 09:20:15 - [TEST_STEP][PASSED] - verifyResponseStatusCode(scoring, 200): Verify response status code successfully

2022-11-25 09:20:15 - [MESSAGE][PASSED] - Verify response status code successfully

2022-11-25 09:20:15 - [TEST_STEP][PASSED] - response2 = scoring.getResponseText(): null

2022-11-25 09:20:15 - [TEST_STEP][PASSED] - markPassed("result service data ke : " + no): result service data ke : 116

2022-11-25 09:20:15 - [MESSAGE][PASSED] - result service data ke : 116

2022-11-25 09:20:15 - [TEST_STEP][PASSED] - logInfo($response2): {"result_konsumen":"Approve","result_pasangan":"Reguler","Final_result":"Approve","errorMessage":"","status":"Done"}

2022-11-25 09:20:15 - [MESSAGE][INFO] - {"result_konsumen":"Approve","result_pasangan":"Reguler","Final_result":"Approve","errorMessage":"","status":"Done"}

2022-11-25 09:20:15 - [TEST_STEP][PASSED] - verifyElementPropertyValue(scoring, "Final_result", final_result): Verify element property value successfully

2022-11-25 09:20:15 - [MESSAGE][PASSED] - Verify element property value successfully]]></system-out>
         <system-err><![CDATA[]]></system-err>
      </testcase>
      <testcase name="Test Cases/Engine_Scoring/Engine Scoring" time="6.581" classname="Test Cases/Engine_Scoring/Engine Scoring" status="PASSED">
         <system-out><![CDATA[2022-11-25 09:20:15 - [TEST_CASE][PASSED] - Test Cases/Engine_Scoring/Engine Scoring: Test Cases/Engine_Scoring/Engine Scoring

2022-11-25 09:20:16 - [TEST_STEP][PASSED] - markPassed("Variasi data ke : " + no): Variasi data ke : 117

2022-11-25 09:20:16 - [MESSAGE][PASSED] - Variasi data ke : 117

2022-11-25 09:20:16 - [TEST_STEP][PASSED] - req_data = sendRequest(findTestObject("Search_ME", ["MID":MID, "source":source, "ip":ip, "userid":userid, "branch":branch, "tipekons":tipekons, "marital":marital, "penjamin":penjamin, ... ])): Send request successfully

2022-11-25 09:20:16 - [MESSAGE][INFO] - HAR: D:\DMS\Engine Scoring\Reports\20221125_091811\Exclude KKB - DS - Married\Scoring Married - KKB\20221125_091812\requests\main\34.har

2022-11-25 09:20:16 - [MESSAGE][PASSED] - Send request successfully

2022-11-25 09:20:16 - [TEST_STEP][PASSED] - slurper = new groovy.json.JsonSlurper(): null

2022-11-25 09:20:16 - [TEST_STEP][PASSED] - result = slurper.parseText(req_data.getResponseBodyContent()): null

2022-11-25 09:20:16 - [TEST_STEP][PASSED] - reqid_kons = requestid1: null

2022-11-25 09:20:16 - [TEST_STEP][PASSED] - reqid_spouse = requestid2: null

2022-11-25 09:20:16 - [TEST_STEP][PASSED] - println("requestid kons : " + reqid_kons): null

2022-11-25 09:20:16 - [TEST_STEP][PASSED] - response_searchME_kons = reqid_kons: null

2022-11-25 09:20:16 - [TEST_STEP][PASSED] - response_searchME_spouse = reqid_spouse: null

2022-11-25 09:20:16 - [TEST_STEP][PASSED] - println("kons req id is :" + response_searchME_kons): null

2022-11-25 09:20:16 - [TEST_STEP][PASSED] - println("spouse req id is : " + response_searchME_spouse): null

2022-11-25 09:20:16 - [TEST_STEP][PASSED] - verifyResponseStatusCode(req_data, 200): Verify response status code successfully

2022-11-25 09:20:16 - [MESSAGE][PASSED] - Verify response status code successfully

2022-11-25 09:20:16 - [TEST_STEP][PASSED] - response = req_data.getResponseText(): null

2022-11-25 09:20:16 - [TEST_STEP][PASSED] - logInfo($response): {"status":"Done","data":{"requestid1":"254832","requestid2":"254833"}}

2022-11-25 09:20:16 - [MESSAGE][INFO] - {"status":"Done","data":{"requestid1":"254832","requestid2":"254833"}}

2022-11-25 09:20:16 - [TEST_STEP][PASSED] - delay(5): Delayed 5 second(s)

2022-11-25 09:20:21 - [MESSAGE][PASSED] - Delayed 5 second(s)

2022-11-25 09:20:21 - [TEST_STEP][PASSED] - scoring = sendRequest(findTestObject("EngineScore", ["response_searchME_kons":response_searchME_kons, "response_searchME_spouse":response_searchME_spouse])): Send request successfully

2022-11-25 09:20:22 - [MESSAGE][INFO] - HAR: D:\DMS\Engine Scoring\Reports\20221125_091811\Exclude KKB - DS - Married\Scoring Married - KKB\20221125_091812\requests\main\35.har

2022-11-25 09:20:22 - [MESSAGE][PASSED] - Send request successfully

2022-11-25 09:20:22 - [TEST_STEP][PASSED] - verifyResponseStatusCode(scoring, 200): Verify response status code successfully

2022-11-25 09:20:22 - [MESSAGE][PASSED] - Verify response status code successfully

2022-11-25 09:20:22 - [TEST_STEP][PASSED] - response2 = scoring.getResponseText(): null

2022-11-25 09:20:22 - [TEST_STEP][PASSED] - markPassed("result service data ke : " + no): result service data ke : 117

2022-11-25 09:20:22 - [MESSAGE][PASSED] - result service data ke : 117

2022-11-25 09:20:22 - [TEST_STEP][PASSED] - logInfo($response2): {"result_konsumen":"Approve","result_pasangan":"Reguler","Final_result":"Approve","errorMessage":"","status":"Done"}

2022-11-25 09:20:22 - [MESSAGE][INFO] - {"result_konsumen":"Approve","result_pasangan":"Reguler","Final_result":"Approve","errorMessage":"","status":"Done"}

2022-11-25 09:20:22 - [TEST_STEP][PASSED] - verifyElementPropertyValue(scoring, "Final_result", final_result): Verify element property value successfully

2022-11-25 09:20:22 - [MESSAGE][PASSED] - Verify element property value successfully]]></system-out>
         <system-err><![CDATA[]]></system-err>
      </testcase>
      <testcase name="Test Cases/Engine_Scoring/Engine Scoring" time="6.933" classname="Test Cases/Engine_Scoring/Engine Scoring" status="PASSED">
         <system-out><![CDATA[2022-11-25 09:20:22 - [TEST_CASE][PASSED] - Test Cases/Engine_Scoring/Engine Scoring: Test Cases/Engine_Scoring/Engine Scoring

2022-11-25 09:20:22 - [TEST_STEP][PASSED] - markPassed("Variasi data ke : " + no): Variasi data ke : 118

2022-11-25 09:20:22 - [MESSAGE][PASSED] - Variasi data ke : 118

2022-11-25 09:20:22 - [TEST_STEP][PASSED] - req_data = sendRequest(findTestObject("Search_ME", ["MID":MID, "source":source, "ip":ip, "userid":userid, "branch":branch, "tipekons":tipekons, "marital":marital, "penjamin":penjamin, ... ])): Send request successfully

2022-11-25 09:20:23 - [MESSAGE][INFO] - HAR: D:\DMS\Engine Scoring\Reports\20221125_091811\Exclude KKB - DS - Married\Scoring Married - KKB\20221125_091812\requests\main\36.har

2022-11-25 09:20:23 - [MESSAGE][PASSED] - Send request successfully

2022-11-25 09:20:23 - [TEST_STEP][PASSED] - slurper = new groovy.json.JsonSlurper(): null

2022-11-25 09:20:23 - [TEST_STEP][PASSED] - result = slurper.parseText(req_data.getResponseBodyContent()): null

2022-11-25 09:20:23 - [TEST_STEP][PASSED] - reqid_kons = requestid1: null

2022-11-25 09:20:23 - [TEST_STEP][PASSED] - reqid_spouse = requestid2: null

2022-11-25 09:20:23 - [TEST_STEP][PASSED] - println("requestid kons : " + reqid_kons): null

2022-11-25 09:20:23 - [TEST_STEP][PASSED] - response_searchME_kons = reqid_kons: null

2022-11-25 09:20:23 - [TEST_STEP][PASSED] - response_searchME_spouse = reqid_spouse: null

2022-11-25 09:20:23 - [TEST_STEP][PASSED] - println("kons req id is :" + response_searchME_kons): null

2022-11-25 09:20:23 - [TEST_STEP][PASSED] - println("spouse req id is : " + response_searchME_spouse): null

2022-11-25 09:20:23 - [TEST_STEP][PASSED] - verifyResponseStatusCode(req_data, 200): Verify response status code successfully

2022-11-25 09:20:23 - [MESSAGE][PASSED] - Verify response status code successfully

2022-11-25 09:20:23 - [TEST_STEP][PASSED] - response = req_data.getResponseText(): null

2022-11-25 09:20:23 - [TEST_STEP][PASSED] - logInfo($response): {"status":"Done","data":{"requestid1":"254834","requestid2":"254835"}}

2022-11-25 09:20:23 - [MESSAGE][INFO] - {"status":"Done","data":{"requestid1":"254834","requestid2":"254835"}}

2022-11-25 09:20:23 - [TEST_STEP][PASSED] - delay(5): Delayed 5 second(s)

2022-11-25 09:20:28 - [MESSAGE][PASSED] - Delayed 5 second(s)

2022-11-25 09:20:28 - [TEST_STEP][PASSED] - scoring = sendRequest(findTestObject("EngineScore", ["response_searchME_kons":response_searchME_kons, "response_searchME_spouse":response_searchME_spouse])): Send request successfully

2022-11-25 09:20:29 - [MESSAGE][INFO] - HAR: D:\DMS\Engine Scoring\Reports\20221125_091811\Exclude KKB - DS - Married\Scoring Married - KKB\20221125_091812\requests\main\37.har

2022-11-25 09:20:29 - [MESSAGE][PASSED] - Send request successfully

2022-11-25 09:20:29 - [TEST_STEP][PASSED] - verifyResponseStatusCode(scoring, 200): Verify response status code successfully

2022-11-25 09:20:29 - [MESSAGE][PASSED] - Verify response status code successfully

2022-11-25 09:20:29 - [TEST_STEP][PASSED] - response2 = scoring.getResponseText(): null

2022-11-25 09:20:29 - [TEST_STEP][PASSED] - markPassed("result service data ke : " + no): result service data ke : 118

2022-11-25 09:20:29 - [MESSAGE][PASSED] - result service data ke : 118

2022-11-25 09:20:29 - [TEST_STEP][PASSED] - logInfo($response2): {"result_konsumen":"Approve","result_pasangan":"Approve","Final_result":"Approve","errorMessage":"","status":"Done"}

2022-11-25 09:20:29 - [MESSAGE][INFO] - {"result_konsumen":"Approve","result_pasangan":"Approve","Final_result":"Approve","errorMessage":"","status":"Done"}

2022-11-25 09:20:29 - [TEST_STEP][PASSED] - verifyElementPropertyValue(scoring, "Final_result", final_result): Verify element property value successfully

2022-11-25 09:20:29 - [MESSAGE][PASSED] - Verify element property value successfully]]></system-out>
         <system-err><![CDATA[]]></system-err>
      </testcase>
      <testcase name="Test Cases/Engine_Scoring/Engine Scoring" time="6.796" classname="Test Cases/Engine_Scoring/Engine Scoring" status="PASSED">
         <system-out><![CDATA[2022-11-25 09:20:29 - [TEST_CASE][PASSED] - Test Cases/Engine_Scoring/Engine Scoring: Test Cases/Engine_Scoring/Engine Scoring

2022-11-25 09:20:29 - [TEST_STEP][PASSED] - markPassed("Variasi data ke : " + no): Variasi data ke : 119

2022-11-25 09:20:29 - [MESSAGE][PASSED] - Variasi data ke : 119

2022-11-25 09:20:29 - [TEST_STEP][PASSED] - req_data = sendRequest(findTestObject("Search_ME", ["MID":MID, "source":source, "ip":ip, "userid":userid, "branch":branch, "tipekons":tipekons, "marital":marital, "penjamin":penjamin, ... ])): Send request successfully

2022-11-25 09:20:30 - [MESSAGE][INFO] - HAR: D:\DMS\Engine Scoring\Reports\20221125_091811\Exclude KKB - DS - Married\Scoring Married - KKB\20221125_091812\requests\main\38.har

2022-11-25 09:20:30 - [MESSAGE][PASSED] - Send request successfully

2022-11-25 09:20:30 - [TEST_STEP][PASSED] - slurper = new groovy.json.JsonSlurper(): null

2022-11-25 09:20:30 - [TEST_STEP][PASSED] - result = slurper.parseText(req_data.getResponseBodyContent()): null

2022-11-25 09:20:30 - [TEST_STEP][PASSED] - reqid_kons = requestid1: null

2022-11-25 09:20:30 - [TEST_STEP][PASSED] - reqid_spouse = requestid2: null

2022-11-25 09:20:30 - [TEST_STEP][PASSED] - println("requestid kons : " + reqid_kons): null

2022-11-25 09:20:30 - [TEST_STEP][PASSED] - response_searchME_kons = reqid_kons: null

2022-11-25 09:20:30 - [TEST_STEP][PASSED] - response_searchME_spouse = reqid_spouse: null

2022-11-25 09:20:30 - [TEST_STEP][PASSED] - println("kons req id is :" + response_searchME_kons): null

2022-11-25 09:20:30 - [TEST_STEP][PASSED] - println("spouse req id is : " + response_searchME_spouse): null

2022-11-25 09:20:30 - [TEST_STEP][PASSED] - verifyResponseStatusCode(req_data, 200): Verify response status code successfully

2022-11-25 09:20:30 - [MESSAGE][PASSED] - Verify response status code successfully

2022-11-25 09:20:30 - [TEST_STEP][PASSED] - response = req_data.getResponseText(): null

2022-11-25 09:20:30 - [TEST_STEP][PASSED] - logInfo($response): {"status":"Done","data":{"requestid1":"254836","requestid2":"254837"}}

2022-11-25 09:20:30 - [MESSAGE][INFO] - {"status":"Done","data":{"requestid1":"254836","requestid2":"254837"}}

2022-11-25 09:20:30 - [TEST_STEP][PASSED] - delay(5): Delayed 5 second(s)

2022-11-25 09:20:35 - [MESSAGE][PASSED] - Delayed 5 second(s)

2022-11-25 09:20:35 - [TEST_STEP][PASSED] - scoring = sendRequest(findTestObject("EngineScore", ["response_searchME_kons":response_searchME_kons, "response_searchME_spouse":response_searchME_spouse])): Send request successfully

2022-11-25 09:20:35 - [MESSAGE][INFO] - HAR: D:\DMS\Engine Scoring\Reports\20221125_091811\Exclude KKB - DS - Married\Scoring Married - KKB\20221125_091812\requests\main\39.har

2022-11-25 09:20:35 - [MESSAGE][PASSED] - Send request successfully

2022-11-25 09:20:35 - [TEST_STEP][PASSED] - verifyResponseStatusCode(scoring, 200): Verify response status code successfully

2022-11-25 09:20:35 - [MESSAGE][PASSED] - Verify response status code successfully

2022-11-25 09:20:35 - [TEST_STEP][PASSED] - response2 = scoring.getResponseText(): null

2022-11-25 09:20:35 - [TEST_STEP][PASSED] - markPassed("result service data ke : " + no): result service data ke : 119

2022-11-25 09:20:35 - [MESSAGE][PASSED] - result service data ke : 119

2022-11-25 09:20:35 - [TEST_STEP][PASSED] - logInfo($response2): {"result_konsumen":"Approve","result_pasangan":"Approve","Final_result":"Approve","errorMessage":"","status":"Done"}

2022-11-25 09:20:35 - [MESSAGE][INFO] - {"result_konsumen":"Approve","result_pasangan":"Approve","Final_result":"Approve","errorMessage":"","status":"Done"}

2022-11-25 09:20:35 - [TEST_STEP][PASSED] - verifyElementPropertyValue(scoring, "Final_result", final_result): Verify element property value successfully

2022-11-25 09:20:35 - [MESSAGE][PASSED] - Verify element property value successfully]]></system-out>
         <system-err><![CDATA[]]></system-err>
      </testcase>
      <testcase name="Test Cases/Engine_Scoring/Engine Scoring" time="6.939" classname="Test Cases/Engine_Scoring/Engine Scoring" status="PASSED">
         <system-out><![CDATA[2022-11-25 09:20:35 - [TEST_CASE][PASSED] - Test Cases/Engine_Scoring/Engine Scoring: Test Cases/Engine_Scoring/Engine Scoring

2022-11-25 09:20:36 - [TEST_STEP][PASSED] - markPassed("Variasi data ke : " + no): Variasi data ke : 120

2022-11-25 09:20:36 - [MESSAGE][PASSED] - Variasi data ke : 120

2022-11-25 09:20:36 - [TEST_STEP][PASSED] - req_data = sendRequest(findTestObject("Search_ME", ["MID":MID, "source":source, "ip":ip, "userid":userid, "branch":branch, "tipekons":tipekons, "marital":marital, "penjamin":penjamin, ... ])): Send request successfully

2022-11-25 09:20:37 - [MESSAGE][INFO] - HAR: D:\DMS\Engine Scoring\Reports\20221125_091811\Exclude KKB - DS - Married\Scoring Married - KKB\20221125_091812\requests\main\40.har

2022-11-25 09:20:37 - [MESSAGE][PASSED] - Send request successfully

2022-11-25 09:20:37 - [TEST_STEP][PASSED] - slurper = new groovy.json.JsonSlurper(): null

2022-11-25 09:20:37 - [TEST_STEP][PASSED] - result = slurper.parseText(req_data.getResponseBodyContent()): null

2022-11-25 09:20:37 - [TEST_STEP][PASSED] - reqid_kons = requestid1: null

2022-11-25 09:20:37 - [TEST_STEP][PASSED] - reqid_spouse = requestid2: null

2022-11-25 09:20:37 - [TEST_STEP][PASSED] - println("requestid kons : " + reqid_kons): null

2022-11-25 09:20:37 - [TEST_STEP][PASSED] - response_searchME_kons = reqid_kons: null

2022-11-25 09:20:37 - [TEST_STEP][PASSED] - response_searchME_spouse = reqid_spouse: null

2022-11-25 09:20:37 - [TEST_STEP][PASSED] - println("kons req id is :" + response_searchME_kons): null

2022-11-25 09:20:37 - [TEST_STEP][PASSED] - println("spouse req id is : " + response_searchME_spouse): null

2022-11-25 09:20:37 - [TEST_STEP][PASSED] - verifyResponseStatusCode(req_data, 200): Verify response status code successfully

2022-11-25 09:20:37 - [MESSAGE][PASSED] - Verify response status code successfully

2022-11-25 09:20:37 - [TEST_STEP][PASSED] - response = req_data.getResponseText(): null

2022-11-25 09:20:37 - [TEST_STEP][PASSED] - logInfo($response): {"status":"Done","data":{"requestid1":"254838","requestid2":"254839"}}

2022-11-25 09:20:37 - [MESSAGE][INFO] - {"status":"Done","data":{"requestid1":"254838","requestid2":"254839"}}

2022-11-25 09:20:37 - [TEST_STEP][PASSED] - delay(5): Delayed 5 second(s)

2022-11-25 09:20:42 - [MESSAGE][PASSED] - Delayed 5 second(s)

2022-11-25 09:20:42 - [TEST_STEP][PASSED] - scoring = sendRequest(findTestObject("EngineScore", ["response_searchME_kons":response_searchME_kons, "response_searchME_spouse":response_searchME_spouse])): Send request successfully

2022-11-25 09:20:42 - [MESSAGE][INFO] - HAR: D:\DMS\Engine Scoring\Reports\20221125_091811\Exclude KKB - DS - Married\Scoring Married - KKB\20221125_091812\requests\main\41.har

2022-11-25 09:20:42 - [MESSAGE][PASSED] - Send request successfully

2022-11-25 09:20:42 - [TEST_STEP][PASSED] - verifyResponseStatusCode(scoring, 200): Verify response status code successfully

2022-11-25 09:20:42 - [MESSAGE][PASSED] - Verify response status code successfully

2022-11-25 09:20:42 - [TEST_STEP][PASSED] - response2 = scoring.getResponseText(): null

2022-11-25 09:20:42 - [TEST_STEP][PASSED] - markPassed("result service data ke : " + no): result service data ke : 120

2022-11-25 09:20:42 - [MESSAGE][PASSED] - result service data ke : 120

2022-11-25 09:20:42 - [TEST_STEP][PASSED] - logInfo($response2): {"result_konsumen":"Approve","result_pasangan":"Approve","Final_result":"Approve","errorMessage":"","status":"Done"}

2022-11-25 09:20:42 - [MESSAGE][INFO] - {"result_konsumen":"Approve","result_pasangan":"Approve","Final_result":"Approve","errorMessage":"","status":"Done"}

2022-11-25 09:20:42 - [TEST_STEP][PASSED] - verifyElementPropertyValue(scoring, "Final_result", final_result): Verify element property value successfully

2022-11-25 09:20:42 - [MESSAGE][PASSED] - Verify element property value successfully]]></system-out>
         <system-err><![CDATA[]]></system-err>
      </testcase>
      <testcase name="Test Cases/Engine_Scoring/Engine Scoring" time="6.777" classname="Test Cases/Engine_Scoring/Engine Scoring" status="PASSED">
         <system-out><![CDATA[2022-11-25 09:20:42 - [TEST_CASE][PASSED] - Test Cases/Engine_Scoring/Engine Scoring: Test Cases/Engine_Scoring/Engine Scoring

2022-11-25 09:20:43 - [TEST_STEP][PASSED] - markPassed("Variasi data ke : " + no): Variasi data ke : 121

2022-11-25 09:20:43 - [MESSAGE][PASSED] - Variasi data ke : 121

2022-11-25 09:20:43 - [TEST_STEP][PASSED] - req_data = sendRequest(findTestObject("Search_ME", ["MID":MID, "source":source, "ip":ip, "userid":userid, "branch":branch, "tipekons":tipekons, "marital":marital, "penjamin":penjamin, ... ])): Send request successfully

2022-11-25 09:20:44 - [MESSAGE][INFO] - HAR: D:\DMS\Engine Scoring\Reports\20221125_091811\Exclude KKB - DS - Married\Scoring Married - KKB\20221125_091812\requests\main\42.har

2022-11-25 09:20:44 - [MESSAGE][PASSED] - Send request successfully

2022-11-25 09:20:44 - [TEST_STEP][PASSED] - slurper = new groovy.json.JsonSlurper(): null

2022-11-25 09:20:44 - [TEST_STEP][PASSED] - result = slurper.parseText(req_data.getResponseBodyContent()): null

2022-11-25 09:20:44 - [TEST_STEP][PASSED] - reqid_kons = requestid1: null

2022-11-25 09:20:44 - [TEST_STEP][PASSED] - reqid_spouse = requestid2: null

2022-11-25 09:20:44 - [TEST_STEP][PASSED] - println("requestid kons : " + reqid_kons): null

2022-11-25 09:20:44 - [TEST_STEP][PASSED] - response_searchME_kons = reqid_kons: null

2022-11-25 09:20:44 - [TEST_STEP][PASSED] - response_searchME_spouse = reqid_spouse: null

2022-11-25 09:20:44 - [TEST_STEP][PASSED] - println("kons req id is :" + response_searchME_kons): null

2022-11-25 09:20:44 - [TEST_STEP][PASSED] - println("spouse req id is : " + response_searchME_spouse): null

2022-11-25 09:20:44 - [TEST_STEP][PASSED] - verifyResponseStatusCode(req_data, 200): Verify response status code successfully

2022-11-25 09:20:44 - [MESSAGE][PASSED] - Verify response status code successfully

2022-11-25 09:20:44 - [TEST_STEP][PASSED] - response = req_data.getResponseText(): null

2022-11-25 09:20:44 - [TEST_STEP][PASSED] - logInfo($response): {"status":"Done","data":{"requestid1":"254840","requestid2":"254841"}}

2022-11-25 09:20:44 - [MESSAGE][INFO] - {"status":"Done","data":{"requestid1":"254840","requestid2":"254841"}}

2022-11-25 09:20:44 - [TEST_STEP][PASSED] - delay(5): Delayed 5 second(s)

2022-11-25 09:20:49 - [MESSAGE][PASSED] - Delayed 5 second(s)

2022-11-25 09:20:49 - [TEST_STEP][PASSED] - scoring = sendRequest(findTestObject("EngineScore", ["response_searchME_kons":response_searchME_kons, "response_searchME_spouse":response_searchME_spouse])): Send request successfully

2022-11-25 09:20:49 - [MESSAGE][INFO] - HAR: D:\DMS\Engine Scoring\Reports\20221125_091811\Exclude KKB - DS - Married\Scoring Married - KKB\20221125_091812\requests\main\43.har

2022-11-25 09:20:49 - [MESSAGE][PASSED] - Send request successfully

2022-11-25 09:20:49 - [TEST_STEP][PASSED] - verifyResponseStatusCode(scoring, 200): Verify response status code successfully

2022-11-25 09:20:49 - [MESSAGE][PASSED] - Verify response status code successfully

2022-11-25 09:20:49 - [TEST_STEP][PASSED] - response2 = scoring.getResponseText(): null

2022-11-25 09:20:49 - [TEST_STEP][PASSED] - markPassed("result service data ke : " + no): result service data ke : 121

2022-11-25 09:20:49 - [MESSAGE][PASSED] - result service data ke : 121

2022-11-25 09:20:49 - [TEST_STEP][PASSED] - logInfo($response2): {"result_konsumen":"Approve","result_pasangan":"Approve","Final_result":"Approve","errorMessage":"","status":"Done"}

2022-11-25 09:20:49 - [MESSAGE][INFO] - {"result_konsumen":"Approve","result_pasangan":"Approve","Final_result":"Approve","errorMessage":"","status":"Done"}

2022-11-25 09:20:49 - [TEST_STEP][PASSED] - verifyElementPropertyValue(scoring, "Final_result", final_result): Verify element property value successfully

2022-11-25 09:20:49 - [MESSAGE][PASSED] - Verify element property value successfully]]></system-out>
         <system-err><![CDATA[]]></system-err>
      </testcase>
      <testcase name="Test Cases/Engine_Scoring/Engine Scoring" time="6.969" classname="Test Cases/Engine_Scoring/Engine Scoring" status="PASSED">
         <system-out><![CDATA[2022-11-25 09:20:49 - [TEST_CASE][PASSED] - Test Cases/Engine_Scoring/Engine Scoring: Test Cases/Engine_Scoring/Engine Scoring

2022-11-25 09:20:50 - [TEST_STEP][PASSED] - markPassed("Variasi data ke : " + no): Variasi data ke : 122

2022-11-25 09:20:50 - [MESSAGE][PASSED] - Variasi data ke : 122

2022-11-25 09:20:50 - [TEST_STEP][PASSED] - req_data = sendRequest(findTestObject("Search_ME", ["MID":MID, "source":source, "ip":ip, "userid":userid, "branch":branch, "tipekons":tipekons, "marital":marital, "penjamin":penjamin, ... ])): Send request successfully

2022-11-25 09:20:51 - [MESSAGE][INFO] - HAR: D:\DMS\Engine Scoring\Reports\20221125_091811\Exclude KKB - DS - Married\Scoring Married - KKB\20221125_091812\requests\main\44.har

2022-11-25 09:20:51 - [MESSAGE][PASSED] - Send request successfully

2022-11-25 09:20:51 - [TEST_STEP][PASSED] - slurper = new groovy.json.JsonSlurper(): null

2022-11-25 09:20:51 - [TEST_STEP][PASSED] - result = slurper.parseText(req_data.getResponseBodyContent()): null

2022-11-25 09:20:51 - [TEST_STEP][PASSED] - reqid_kons = requestid1: null

2022-11-25 09:20:51 - [TEST_STEP][PASSED] - reqid_spouse = requestid2: null

2022-11-25 09:20:51 - [TEST_STEP][PASSED] - println("requestid kons : " + reqid_kons): null

2022-11-25 09:20:51 - [TEST_STEP][PASSED] - response_searchME_kons = reqid_kons: null

2022-11-25 09:20:51 - [TEST_STEP][PASSED] - response_searchME_spouse = reqid_spouse: null

2022-11-25 09:20:51 - [TEST_STEP][PASSED] - println("kons req id is :" + response_searchME_kons): null

2022-11-25 09:20:51 - [TEST_STEP][PASSED] - println("spouse req id is : " + response_searchME_spouse): null

2022-11-25 09:20:51 - [TEST_STEP][PASSED] - verifyResponseStatusCode(req_data, 200): Verify response status code successfully

2022-11-25 09:20:51 - [MESSAGE][PASSED] - Verify response status code successfully

2022-11-25 09:20:51 - [TEST_STEP][PASSED] - response = req_data.getResponseText(): null

2022-11-25 09:20:51 - [TEST_STEP][PASSED] - logInfo($response): {"status":"Done","data":{"requestid1":"254842","requestid2":"254843"}}

2022-11-25 09:20:51 - [MESSAGE][INFO] - {"status":"Done","data":{"requestid1":"254842","requestid2":"254843"}}

2022-11-25 09:20:51 - [TEST_STEP][PASSED] - delay(5): Delayed 5 second(s)

2022-11-25 09:20:56 - [MESSAGE][PASSED] - Delayed 5 second(s)

2022-11-25 09:20:56 - [TEST_STEP][PASSED] - scoring = sendRequest(findTestObject("EngineScore", ["response_searchME_kons":response_searchME_kons, "response_searchME_spouse":response_searchME_spouse])): Send request successfully

2022-11-25 09:20:56 - [MESSAGE][INFO] - HAR: D:\DMS\Engine Scoring\Reports\20221125_091811\Exclude KKB - DS - Married\Scoring Married - KKB\20221125_091812\requests\main\45.har

2022-11-25 09:20:56 - [MESSAGE][PASSED] - Send request successfully

2022-11-25 09:20:56 - [TEST_STEP][PASSED] - verifyResponseStatusCode(scoring, 200): Verify response status code successfully

2022-11-25 09:20:56 - [MESSAGE][PASSED] - Verify response status code successfully

2022-11-25 09:20:56 - [TEST_STEP][PASSED] - response2 = scoring.getResponseText(): null

2022-11-25 09:20:56 - [TEST_STEP][PASSED] - markPassed("result service data ke : " + no): result service data ke : 122

2022-11-25 09:20:56 - [MESSAGE][PASSED] - result service data ke : 122

2022-11-25 09:20:56 - [TEST_STEP][PASSED] - logInfo($response2): {"result_konsumen":"Approve","result_pasangan":"Reject","Final_result":"Reject","errorMessage":"","status":"Done"}

2022-11-25 09:20:56 - [MESSAGE][INFO] - {"result_konsumen":"Approve","result_pasangan":"Reject","Final_result":"Reject","errorMessage":"","status":"Done"}

2022-11-25 09:20:56 - [TEST_STEP][PASSED] - verifyElementPropertyValue(scoring, "Final_result", final_result): Verify element property value successfully

2022-11-25 09:20:56 - [MESSAGE][PASSED] - Verify element property value successfully]]></system-out>
         <system-err><![CDATA[]]></system-err>
      </testcase>
      <testcase name="Test Cases/Engine_Scoring/Engine Scoring" time="6.578" classname="Test Cases/Engine_Scoring/Engine Scoring" status="PASSED">
         <system-out><![CDATA[2022-11-25 09:20:56 - [TEST_CASE][PASSED] - Test Cases/Engine_Scoring/Engine Scoring: Test Cases/Engine_Scoring/Engine Scoring

2022-11-25 09:20:57 - [TEST_STEP][PASSED] - markPassed("Variasi data ke : " + no): Variasi data ke : 123

2022-11-25 09:20:57 - [MESSAGE][PASSED] - Variasi data ke : 123

2022-11-25 09:20:57 - [TEST_STEP][PASSED] - req_data = sendRequest(findTestObject("Search_ME", ["MID":MID, "source":source, "ip":ip, "userid":userid, "branch":branch, "tipekons":tipekons, "marital":marital, "penjamin":penjamin, ... ])): Send request successfully

2022-11-25 09:20:58 - [MESSAGE][INFO] - HAR: D:\DMS\Engine Scoring\Reports\20221125_091811\Exclude KKB - DS - Married\Scoring Married - KKB\20221125_091812\requests\main\46.har

2022-11-25 09:20:58 - [MESSAGE][PASSED] - Send request successfully

2022-11-25 09:20:58 - [TEST_STEP][PASSED] - slurper = new groovy.json.JsonSlurper(): null

2022-11-25 09:20:58 - [TEST_STEP][PASSED] - result = slurper.parseText(req_data.getResponseBodyContent()): null

2022-11-25 09:20:58 - [TEST_STEP][PASSED] - reqid_kons = requestid1: null

2022-11-25 09:20:58 - [TEST_STEP][PASSED] - reqid_spouse = requestid2: null

2022-11-25 09:20:58 - [TEST_STEP][PASSED] - println("requestid kons : " + reqid_kons): null

2022-11-25 09:20:58 - [TEST_STEP][PASSED] - response_searchME_kons = reqid_kons: null

2022-11-25 09:20:58 - [TEST_STEP][PASSED] - response_searchME_spouse = reqid_spouse: null

2022-11-25 09:20:58 - [TEST_STEP][PASSED] - println("kons req id is :" + response_searchME_kons): null

2022-11-25 09:20:58 - [TEST_STEP][PASSED] - println("spouse req id is : " + response_searchME_spouse): null

2022-11-25 09:20:58 - [TEST_STEP][PASSED] - verifyResponseStatusCode(req_data, 200): Verify response status code successfully

2022-11-25 09:20:58 - [MESSAGE][PASSED] - Verify response status code successfully

2022-11-25 09:20:58 - [TEST_STEP][PASSED] - response = req_data.getResponseText(): null

2022-11-25 09:20:58 - [TEST_STEP][PASSED] - logInfo($response): {"status":"Done","data":{"requestid1":"254844","requestid2":"254845"}}

2022-11-25 09:20:58 - [MESSAGE][INFO] - {"status":"Done","data":{"requestid1":"254844","requestid2":"254845"}}

2022-11-25 09:20:58 - [TEST_STEP][PASSED] - delay(5): Delayed 5 second(s)

2022-11-25 09:21:03 - [MESSAGE][PASSED] - Delayed 5 second(s)

2022-11-25 09:21:03 - [TEST_STEP][PASSED] - scoring = sendRequest(findTestObject("EngineScore", ["response_searchME_kons":response_searchME_kons, "response_searchME_spouse":response_searchME_spouse])): Send request successfully

2022-11-25 09:21:03 - [MESSAGE][INFO] - HAR: D:\DMS\Engine Scoring\Reports\20221125_091811\Exclude KKB - DS - Married\Scoring Married - KKB\20221125_091812\requests\main\47.har

2022-11-25 09:21:03 - [MESSAGE][PASSED] - Send request successfully

2022-11-25 09:21:03 - [TEST_STEP][PASSED] - verifyResponseStatusCode(scoring, 200): Verify response status code successfully

2022-11-25 09:21:03 - [MESSAGE][PASSED] - Verify response status code successfully

2022-11-25 09:21:03 - [TEST_STEP][PASSED] - response2 = scoring.getResponseText(): null

2022-11-25 09:21:03 - [TEST_STEP][PASSED] - markPassed("result service data ke : " + no): result service data ke : 123

2022-11-25 09:21:03 - [MESSAGE][PASSED] - result service data ke : 123

2022-11-25 09:21:03 - [TEST_STEP][PASSED] - logInfo($response2): {"result_konsumen":"Approve","result_pasangan":"Reject","Final_result":"Reject","errorMessage":"","status":"Done"}

2022-11-25 09:21:03 - [MESSAGE][INFO] - {"result_konsumen":"Approve","result_pasangan":"Reject","Final_result":"Reject","errorMessage":"","status":"Done"}

2022-11-25 09:21:03 - [TEST_STEP][PASSED] - verifyElementPropertyValue(scoring, "Final_result", final_result): Verify element property value successfully

2022-11-25 09:21:03 - [MESSAGE][PASSED] - Verify element property value successfully]]></system-out>
         <system-err><![CDATA[]]></system-err>
      </testcase>
      <testcase name="Test Cases/Engine_Scoring/Engine Scoring" time="6.782" classname="Test Cases/Engine_Scoring/Engine Scoring" status="PASSED">
         <system-out><![CDATA[2022-11-25 09:21:03 - [TEST_CASE][PASSED] - Test Cases/Engine_Scoring/Engine Scoring: Test Cases/Engine_Scoring/Engine Scoring

2022-11-25 09:21:04 - [TEST_STEP][PASSED] - markPassed("Variasi data ke : " + no): Variasi data ke : 124

2022-11-25 09:21:04 - [MESSAGE][PASSED] - Variasi data ke : 124

2022-11-25 09:21:04 - [TEST_STEP][PASSED] - req_data = sendRequest(findTestObject("Search_ME", ["MID":MID, "source":source, "ip":ip, "userid":userid, "branch":branch, "tipekons":tipekons, "marital":marital, "penjamin":penjamin, ... ])): Send request successfully

2022-11-25 09:21:05 - [MESSAGE][INFO] - HAR: D:\DMS\Engine Scoring\Reports\20221125_091811\Exclude KKB - DS - Married\Scoring Married - KKB\20221125_091812\requests\main\48.har

2022-11-25 09:21:05 - [MESSAGE][PASSED] - Send request successfully

2022-11-25 09:21:05 - [TEST_STEP][PASSED] - slurper = new groovy.json.JsonSlurper(): null

2022-11-25 09:21:05 - [TEST_STEP][PASSED] - result = slurper.parseText(req_data.getResponseBodyContent()): null

2022-11-25 09:21:05 - [TEST_STEP][PASSED] - reqid_kons = requestid1: null

2022-11-25 09:21:05 - [TEST_STEP][PASSED] - reqid_spouse = requestid2: null

2022-11-25 09:21:05 - [TEST_STEP][PASSED] - println("requestid kons : " + reqid_kons): null

2022-11-25 09:21:05 - [TEST_STEP][PASSED] - response_searchME_kons = reqid_kons: null

2022-11-25 09:21:05 - [TEST_STEP][PASSED] - response_searchME_spouse = reqid_spouse: null

2022-11-25 09:21:05 - [TEST_STEP][PASSED] - println("kons req id is :" + response_searchME_kons): null

2022-11-25 09:21:05 - [TEST_STEP][PASSED] - println("spouse req id is : " + response_searchME_spouse): null

2022-11-25 09:21:05 - [TEST_STEP][PASSED] - verifyResponseStatusCode(req_data, 200): Verify response status code successfully

2022-11-25 09:21:05 - [MESSAGE][PASSED] - Verify response status code successfully

2022-11-25 09:21:05 - [TEST_STEP][PASSED] - response = req_data.getResponseText(): null

2022-11-25 09:21:05 - [TEST_STEP][PASSED] - logInfo($response): {"status":"Done","data":{"requestid1":"254846","requestid2":"254847"}}

2022-11-25 09:21:05 - [MESSAGE][INFO] - {"status":"Done","data":{"requestid1":"254846","requestid2":"254847"}}

2022-11-25 09:21:05 - [TEST_STEP][PASSED] - delay(5): Delayed 5 second(s)

2022-11-25 09:21:10 - [MESSAGE][PASSED] - Delayed 5 second(s)

2022-11-25 09:21:10 - [TEST_STEP][PASSED] - scoring = sendRequest(findTestObject("EngineScore", ["response_searchME_kons":response_searchME_kons, "response_searchME_spouse":response_searchME_spouse])): Send request successfully

2022-11-25 09:21:10 - [MESSAGE][INFO] - HAR: D:\DMS\Engine Scoring\Reports\20221125_091811\Exclude KKB - DS - Married\Scoring Married - KKB\20221125_091812\requests\main\49.har

2022-11-25 09:21:10 - [MESSAGE][PASSED] - Send request successfully

2022-11-25 09:21:10 - [TEST_STEP][PASSED] - verifyResponseStatusCode(scoring, 200): Verify response status code successfully

2022-11-25 09:21:10 - [MESSAGE][PASSED] - Verify response status code successfully

2022-11-25 09:21:10 - [TEST_STEP][PASSED] - response2 = scoring.getResponseText(): null

2022-11-25 09:21:10 - [TEST_STEP][PASSED] - markPassed("result service data ke : " + no): result service data ke : 124

2022-11-25 09:21:10 - [MESSAGE][PASSED] - result service data ke : 124

2022-11-25 09:21:10 - [TEST_STEP][PASSED] - logInfo($response2): {"result_konsumen":"Approve","result_pasangan":"Reguler","Final_result":"Approve","errorMessage":"","status":"Done"}

2022-11-25 09:21:10 - [MESSAGE][INFO] - {"result_konsumen":"Approve","result_pasangan":"Reguler","Final_result":"Approve","errorMessage":"","status":"Done"}

2022-11-25 09:21:10 - [TEST_STEP][PASSED] - verifyElementPropertyValue(scoring, "Final_result", final_result): Verify element property value successfully

2022-11-25 09:21:10 - [MESSAGE][PASSED] - Verify element property value successfully]]></system-out>
         <system-err><![CDATA[]]></system-err>
      </testcase>
      <testcase name="Test Cases/Engine_Scoring/Engine Scoring" time="7.486" classname="Test Cases/Engine_Scoring/Engine Scoring" status="PASSED">
         <system-out><![CDATA[2022-11-25 09:21:10 - [TEST_CASE][PASSED] - Test Cases/Engine_Scoring/Engine Scoring: Test Cases/Engine_Scoring/Engine Scoring

2022-11-25 09:21:11 - [TEST_STEP][PASSED] - markPassed("Variasi data ke : " + no): Variasi data ke : 125

2022-11-25 09:21:11 - [MESSAGE][PASSED] - Variasi data ke : 125

2022-11-25 09:21:11 - [TEST_STEP][PASSED] - req_data = sendRequest(findTestObject("Search_ME", ["MID":MID, "source":source, "ip":ip, "userid":userid, "branch":branch, "tipekons":tipekons, "marital":marital, "penjamin":penjamin, ... ])): Send request successfully

2022-11-25 09:21:12 - [MESSAGE][INFO] - HAR: D:\DMS\Engine Scoring\Reports\20221125_091811\Exclude KKB - DS - Married\Scoring Married - KKB\20221125_091812\requests\main\50.har

2022-11-25 09:21:12 - [MESSAGE][PASSED] - Send request successfully

2022-11-25 09:21:12 - [TEST_STEP][PASSED] - slurper = new groovy.json.JsonSlurper(): null

2022-11-25 09:21:12 - [TEST_STEP][PASSED] - result = slurper.parseText(req_data.getResponseBodyContent()): null

2022-11-25 09:21:12 - [TEST_STEP][PASSED] - reqid_kons = requestid1: null

2022-11-25 09:21:12 - [TEST_STEP][PASSED] - reqid_spouse = requestid2: null

2022-11-25 09:21:12 - [TEST_STEP][PASSED] - println("requestid kons : " + reqid_kons): null

2022-11-25 09:21:12 - [TEST_STEP][PASSED] - response_searchME_kons = reqid_kons: null

2022-11-25 09:21:12 - [TEST_STEP][PASSED] - response_searchME_spouse = reqid_spouse: null

2022-11-25 09:21:12 - [TEST_STEP][PASSED] - println("kons req id is :" + response_searchME_kons): null

2022-11-25 09:21:12 - [TEST_STEP][PASSED] - println("spouse req id is : " + response_searchME_spouse): null

2022-11-25 09:21:12 - [TEST_STEP][PASSED] - verifyResponseStatusCode(req_data, 200): Verify response status code successfully

2022-11-25 09:21:12 - [MESSAGE][PASSED] - Verify response status code successfully

2022-11-25 09:21:12 - [TEST_STEP][PASSED] - response = req_data.getResponseText(): null

2022-11-25 09:21:12 - [TEST_STEP][PASSED] - logInfo($response): {"status":"Done","data":{"requestid1":"254848","requestid2":"254849"}}

2022-11-25 09:21:12 - [MESSAGE][INFO] - {"status":"Done","data":{"requestid1":"254848","requestid2":"254849"}}

2022-11-25 09:21:12 - [TEST_STEP][PASSED] - delay(5): Delayed 5 second(s)

2022-11-25 09:21:17 - [MESSAGE][PASSED] - Delayed 5 second(s)

2022-11-25 09:21:17 - [TEST_STEP][PASSED] - scoring = sendRequest(findTestObject("EngineScore", ["response_searchME_kons":response_searchME_kons, "response_searchME_spouse":response_searchME_spouse])): Send request successfully

2022-11-25 09:21:17 - [MESSAGE][INFO] - HAR: D:\DMS\Engine Scoring\Reports\20221125_091811\Exclude KKB - DS - Married\Scoring Married - KKB\20221125_091812\requests\main\51.har

2022-11-25 09:21:17 - [MESSAGE][PASSED] - Send request successfully

2022-11-25 09:21:17 - [TEST_STEP][PASSED] - verifyResponseStatusCode(scoring, 200): Verify response status code successfully

2022-11-25 09:21:17 - [MESSAGE][PASSED] - Verify response status code successfully

2022-11-25 09:21:17 - [TEST_STEP][PASSED] - response2 = scoring.getResponseText(): null

2022-11-25 09:21:17 - [TEST_STEP][PASSED] - markPassed("result service data ke : " + no): result service data ke : 125

2022-11-25 09:21:17 - [MESSAGE][PASSED] - result service data ke : 125

2022-11-25 09:21:17 - [TEST_STEP][PASSED] - logInfo($response2): {"result_konsumen":"Approve","result_pasangan":"Reguler","Final_result":"Approve","errorMessage":"","status":"Done"}

2022-11-25 09:21:17 - [MESSAGE][INFO] - {"result_konsumen":"Approve","result_pasangan":"Reguler","Final_result":"Approve","errorMessage":"","status":"Done"}

2022-11-25 09:21:17 - [TEST_STEP][PASSED] - verifyElementPropertyValue(scoring, "Final_result", final_result): Verify element property value successfully

2022-11-25 09:21:17 - [MESSAGE][PASSED] - Verify element property value successfully]]></system-out>
         <system-err><![CDATA[]]></system-err>
      </testcase>
      <testcase name="Test Cases/Engine_Scoring/Engine Scoring" time="6.611" classname="Test Cases/Engine_Scoring/Engine Scoring" status="PASSED">
         <system-out><![CDATA[2022-11-25 09:21:17 - [TEST_CASE][PASSED] - Test Cases/Engine_Scoring/Engine Scoring: Test Cases/Engine_Scoring/Engine Scoring

2022-11-25 09:21:18 - [TEST_STEP][PASSED] - markPassed("Variasi data ke : " + no): Variasi data ke : 126

2022-11-25 09:21:18 - [MESSAGE][PASSED] - Variasi data ke : 126

2022-11-25 09:21:18 - [TEST_STEP][PASSED] - req_data = sendRequest(findTestObject("Search_ME", ["MID":MID, "source":source, "ip":ip, "userid":userid, "branch":branch, "tipekons":tipekons, "marital":marital, "penjamin":penjamin, ... ])): Send request successfully

2022-11-25 09:21:19 - [MESSAGE][INFO] - HAR: D:\DMS\Engine Scoring\Reports\20221125_091811\Exclude KKB - DS - Married\Scoring Married - KKB\20221125_091812\requests\main\52.har

2022-11-25 09:21:19 - [MESSAGE][PASSED] - Send request successfully

2022-11-25 09:21:19 - [TEST_STEP][PASSED] - slurper = new groovy.json.JsonSlurper(): null

2022-11-25 09:21:19 - [TEST_STEP][PASSED] - result = slurper.parseText(req_data.getResponseBodyContent()): null

2022-11-25 09:21:19 - [TEST_STEP][PASSED] - reqid_kons = requestid1: null

2022-11-25 09:21:19 - [TEST_STEP][PASSED] - reqid_spouse = requestid2: null

2022-11-25 09:21:19 - [TEST_STEP][PASSED] - println("requestid kons : " + reqid_kons): null

2022-11-25 09:21:19 - [TEST_STEP][PASSED] - response_searchME_kons = reqid_kons: null

2022-11-25 09:21:19 - [TEST_STEP][PASSED] - response_searchME_spouse = reqid_spouse: null

2022-11-25 09:21:19 - [TEST_STEP][PASSED] - println("kons req id is :" + response_searchME_kons): null

2022-11-25 09:21:19 - [TEST_STEP][PASSED] - println("spouse req id is : " + response_searchME_spouse): null

2022-11-25 09:21:19 - [TEST_STEP][PASSED] - verifyResponseStatusCode(req_data, 200): Verify response status code successfully

2022-11-25 09:21:19 - [MESSAGE][PASSED] - Verify response status code successfully

2022-11-25 09:21:19 - [TEST_STEP][PASSED] - response = req_data.getResponseText(): null

2022-11-25 09:21:19 - [TEST_STEP][PASSED] - logInfo($response): {"status":"Done","data":{"requestid1":"254850","requestid2":"254851"}}

2022-11-25 09:21:19 - [MESSAGE][INFO] - {"status":"Done","data":{"requestid1":"254850","requestid2":"254851"}}

2022-11-25 09:21:19 - [TEST_STEP][PASSED] - delay(5): Delayed 5 second(s)

2022-11-25 09:21:24 - [MESSAGE][PASSED] - Delayed 5 second(s)

2022-11-25 09:21:24 - [TEST_STEP][PASSED] - scoring = sendRequest(findTestObject("EngineScore", ["response_searchME_kons":response_searchME_kons, "response_searchME_spouse":response_searchME_spouse])): Send request successfully

2022-11-25 09:21:24 - [MESSAGE][INFO] - HAR: D:\DMS\Engine Scoring\Reports\20221125_091811\Exclude KKB - DS - Married\Scoring Married - KKB\20221125_091812\requests\main\53.har

2022-11-25 09:21:24 - [MESSAGE][PASSED] - Send request successfully

2022-11-25 09:21:24 - [TEST_STEP][PASSED] - verifyResponseStatusCode(scoring, 200): Verify response status code successfully

2022-11-25 09:21:24 - [MESSAGE][PASSED] - Verify response status code successfully

2022-11-25 09:21:24 - [TEST_STEP][PASSED] - response2 = scoring.getResponseText(): null

2022-11-25 09:21:24 - [TEST_STEP][PASSED] - markPassed("result service data ke : " + no): result service data ke : 126

2022-11-25 09:21:24 - [MESSAGE][PASSED] - result service data ke : 126

2022-11-25 09:21:24 - [TEST_STEP][PASSED] - logInfo($response2): {"result_konsumen":"Approve","result_pasangan":"Reguler","Final_result":"Approve","errorMessage":"","status":"Done"}

2022-11-25 09:21:24 - [MESSAGE][INFO] - {"result_konsumen":"Approve","result_pasangan":"Reguler","Final_result":"Approve","errorMessage":"","status":"Done"}

2022-11-25 09:21:24 - [TEST_STEP][PASSED] - verifyElementPropertyValue(scoring, "Final_result", final_result): Verify element property value successfully

2022-11-25 09:21:24 - [MESSAGE][PASSED] - Verify element property value successfully]]></system-out>
         <system-err><![CDATA[]]></system-err>
      </testcase>
      <testcase name="Test Cases/Engine_Scoring/Engine Scoring" time="6.703" classname="Test Cases/Engine_Scoring/Engine Scoring" status="PASSED">
         <system-out><![CDATA[2022-11-25 09:21:24 - [TEST_CASE][PASSED] - Test Cases/Engine_Scoring/Engine Scoring: Test Cases/Engine_Scoring/Engine Scoring

2022-11-25 09:21:25 - [TEST_STEP][PASSED] - markPassed("Variasi data ke : " + no): Variasi data ke : 127

2022-11-25 09:21:25 - [MESSAGE][PASSED] - Variasi data ke : 127

2022-11-25 09:21:25 - [TEST_STEP][PASSED] - req_data = sendRequest(findTestObject("Search_ME", ["MID":MID, "source":source, "ip":ip, "userid":userid, "branch":branch, "tipekons":tipekons, "marital":marital, "penjamin":penjamin, ... ])): Send request successfully

2022-11-25 09:21:26 - [MESSAGE][INFO] - HAR: D:\DMS\Engine Scoring\Reports\20221125_091811\Exclude KKB - DS - Married\Scoring Married - KKB\20221125_091812\requests\main\54.har

2022-11-25 09:21:26 - [MESSAGE][PASSED] - Send request successfully

2022-11-25 09:21:26 - [TEST_STEP][PASSED] - slurper = new groovy.json.JsonSlurper(): null

2022-11-25 09:21:26 - [TEST_STEP][PASSED] - result = slurper.parseText(req_data.getResponseBodyContent()): null

2022-11-25 09:21:26 - [TEST_STEP][PASSED] - reqid_kons = requestid1: null

2022-11-25 09:21:26 - [TEST_STEP][PASSED] - reqid_spouse = requestid2: null

2022-11-25 09:21:26 - [TEST_STEP][PASSED] - println("requestid kons : " + reqid_kons): null

2022-11-25 09:21:26 - [TEST_STEP][PASSED] - response_searchME_kons = reqid_kons: null

2022-11-25 09:21:26 - [TEST_STEP][PASSED] - response_searchME_spouse = reqid_spouse: null

2022-11-25 09:21:26 - [TEST_STEP][PASSED] - println("kons req id is :" + response_searchME_kons): null

2022-11-25 09:21:26 - [TEST_STEP][PASSED] - println("spouse req id is : " + response_searchME_spouse): null

2022-11-25 09:21:26 - [TEST_STEP][PASSED] - verifyResponseStatusCode(req_data, 200): Verify response status code successfully

2022-11-25 09:21:26 - [MESSAGE][PASSED] - Verify response status code successfully

2022-11-25 09:21:26 - [TEST_STEP][PASSED] - response = req_data.getResponseText(): null

2022-11-25 09:21:26 - [TEST_STEP][PASSED] - logInfo($response): {"status":"Done","data":{"requestid1":"254852","requestid2":"254853"}}

2022-11-25 09:21:26 - [MESSAGE][INFO] - {"status":"Done","data":{"requestid1":"254852","requestid2":"254853"}}

2022-11-25 09:21:26 - [TEST_STEP][PASSED] - delay(5): Delayed 5 second(s)

2022-11-25 09:21:31 - [MESSAGE][PASSED] - Delayed 5 second(s)

2022-11-25 09:21:31 - [TEST_STEP][PASSED] - scoring = sendRequest(findTestObject("EngineScore", ["response_searchME_kons":response_searchME_kons, "response_searchME_spouse":response_searchME_spouse])): Send request successfully

2022-11-25 09:21:31 - [MESSAGE][INFO] - HAR: D:\DMS\Engine Scoring\Reports\20221125_091811\Exclude KKB - DS - Married\Scoring Married - KKB\20221125_091812\requests\main\55.har

2022-11-25 09:21:31 - [MESSAGE][PASSED] - Send request successfully

2022-11-25 09:21:31 - [TEST_STEP][PASSED] - verifyResponseStatusCode(scoring, 200): Verify response status code successfully

2022-11-25 09:21:31 - [MESSAGE][PASSED] - Verify response status code successfully

2022-11-25 09:21:31 - [TEST_STEP][PASSED] - response2 = scoring.getResponseText(): null

2022-11-25 09:21:31 - [TEST_STEP][PASSED] - markPassed("result service data ke : " + no): result service data ke : 127

2022-11-25 09:21:31 - [MESSAGE][PASSED] - result service data ke : 127

2022-11-25 09:21:31 - [TEST_STEP][PASSED] - logInfo($response2): {"result_konsumen":"Approve","result_pasangan":"Approve","Final_result":"Approve","errorMessage":"","status":"Done"}

2022-11-25 09:21:31 - [MESSAGE][INFO] - {"result_konsumen":"Approve","result_pasangan":"Approve","Final_result":"Approve","errorMessage":"","status":"Done"}

2022-11-25 09:21:31 - [TEST_STEP][PASSED] - verifyElementPropertyValue(scoring, "Final_result", final_result): Verify element property value successfully

2022-11-25 09:21:31 - [MESSAGE][PASSED] - Verify element property value successfully]]></system-out>
         <system-err><![CDATA[]]></system-err>
      </testcase>
      <testcase name="Test Cases/Engine_Scoring/Engine Scoring" time="6.816" classname="Test Cases/Engine_Scoring/Engine Scoring" status="PASSED">
         <system-out><![CDATA[2022-11-25 09:21:31 - [TEST_CASE][PASSED] - Test Cases/Engine_Scoring/Engine Scoring: Test Cases/Engine_Scoring/Engine Scoring

2022-11-25 09:21:32 - [TEST_STEP][PASSED] - markPassed("Variasi data ke : " + no): Variasi data ke : 128

2022-11-25 09:21:32 - [MESSAGE][PASSED] - Variasi data ke : 128

2022-11-25 09:21:32 - [TEST_STEP][PASSED] - req_data = sendRequest(findTestObject("Search_ME", ["MID":MID, "source":source, "ip":ip, "userid":userid, "branch":branch, "tipekons":tipekons, "marital":marital, "penjamin":penjamin, ... ])): Send request successfully

2022-11-25 09:21:32 - [MESSAGE][INFO] - HAR: D:\DMS\Engine Scoring\Reports\20221125_091811\Exclude KKB - DS - Married\Scoring Married - KKB\20221125_091812\requests\main\56.har

2022-11-25 09:21:32 - [MESSAGE][PASSED] - Send request successfully

2022-11-25 09:21:32 - [TEST_STEP][PASSED] - slurper = new groovy.json.JsonSlurper(): null

2022-11-25 09:21:32 - [TEST_STEP][PASSED] - result = slurper.parseText(req_data.getResponseBodyContent()): null

2022-11-25 09:21:32 - [TEST_STEP][PASSED] - reqid_kons = requestid1: null

2022-11-25 09:21:32 - [TEST_STEP][PASSED] - reqid_spouse = requestid2: null

2022-11-25 09:21:32 - [TEST_STEP][PASSED] - println("requestid kons : " + reqid_kons): null

2022-11-25 09:21:32 - [TEST_STEP][PASSED] - response_searchME_kons = reqid_kons: null

2022-11-25 09:21:32 - [TEST_STEP][PASSED] - response_searchME_spouse = reqid_spouse: null

2022-11-25 09:21:32 - [TEST_STEP][PASSED] - println("kons req id is :" + response_searchME_kons): null

2022-11-25 09:21:32 - [TEST_STEP][PASSED] - println("spouse req id is : " + response_searchME_spouse): null

2022-11-25 09:21:32 - [TEST_STEP][PASSED] - verifyResponseStatusCode(req_data, 200): Verify response status code successfully

2022-11-25 09:21:32 - [MESSAGE][PASSED] - Verify response status code successfully

2022-11-25 09:21:32 - [TEST_STEP][PASSED] - response = req_data.getResponseText(): null

2022-11-25 09:21:32 - [TEST_STEP][PASSED] - logInfo($response): {"status":"Done","data":{"requestid1":"254854","requestid2":"254855"}}

2022-11-25 09:21:32 - [MESSAGE][INFO] - {"status":"Done","data":{"requestid1":"254854","requestid2":"254855"}}

2022-11-25 09:21:32 - [TEST_STEP][PASSED] - delay(5): Delayed 5 second(s)

2022-11-25 09:21:37 - [MESSAGE][PASSED] - Delayed 5 second(s)

2022-11-25 09:21:37 - [TEST_STEP][PASSED] - scoring = sendRequest(findTestObject("EngineScore", ["response_searchME_kons":response_searchME_kons, "response_searchME_spouse":response_searchME_spouse])): Send request successfully

2022-11-25 09:21:38 - [MESSAGE][INFO] - HAR: D:\DMS\Engine Scoring\Reports\20221125_091811\Exclude KKB - DS - Married\Scoring Married - KKB\20221125_091812\requests\main\57.har

2022-11-25 09:21:38 - [MESSAGE][PASSED] - Send request successfully

2022-11-25 09:21:38 - [TEST_STEP][PASSED] - verifyResponseStatusCode(scoring, 200): Verify response status code successfully

2022-11-25 09:21:38 - [MESSAGE][PASSED] - Verify response status code successfully

2022-11-25 09:21:38 - [TEST_STEP][PASSED] - response2 = scoring.getResponseText(): null

2022-11-25 09:21:38 - [TEST_STEP][PASSED] - markPassed("result service data ke : " + no): result service data ke : 128

2022-11-25 09:21:38 - [MESSAGE][PASSED] - result service data ke : 128

2022-11-25 09:21:38 - [TEST_STEP][PASSED] - logInfo($response2): {"result_konsumen":"Approve","result_pasangan":"Approve","Final_result":"Approve","errorMessage":"","status":"Done"}

2022-11-25 09:21:38 - [MESSAGE][INFO] - {"result_konsumen":"Approve","result_pasangan":"Approve","Final_result":"Approve","errorMessage":"","status":"Done"}

2022-11-25 09:21:38 - [TEST_STEP][PASSED] - verifyElementPropertyValue(scoring, "Final_result", final_result): Verify element property value successfully

2022-11-25 09:21:38 - [MESSAGE][PASSED] - Verify element property value successfully]]></system-out>
         <system-err><![CDATA[]]></system-err>
      </testcase>
      <testcase name="Test Cases/Engine_Scoring/Engine Scoring" time="6.687" classname="Test Cases/Engine_Scoring/Engine Scoring" status="PASSED">
         <system-out><![CDATA[2022-11-25 09:21:38 - [TEST_CASE][PASSED] - Test Cases/Engine_Scoring/Engine Scoring: Test Cases/Engine_Scoring/Engine Scoring

2022-11-25 09:21:38 - [TEST_STEP][PASSED] - markPassed("Variasi data ke : " + no): Variasi data ke : 129

2022-11-25 09:21:38 - [MESSAGE][PASSED] - Variasi data ke : 129

2022-11-25 09:21:38 - [TEST_STEP][PASSED] - req_data = sendRequest(findTestObject("Search_ME", ["MID":MID, "source":source, "ip":ip, "userid":userid, "branch":branch, "tipekons":tipekons, "marital":marital, "penjamin":penjamin, ... ])): Send request successfully

2022-11-25 09:21:39 - [MESSAGE][INFO] - HAR: D:\DMS\Engine Scoring\Reports\20221125_091811\Exclude KKB - DS - Married\Scoring Married - KKB\20221125_091812\requests\main\58.har

2022-11-25 09:21:39 - [MESSAGE][PASSED] - Send request successfully

2022-11-25 09:21:39 - [TEST_STEP][PASSED] - slurper = new groovy.json.JsonSlurper(): null

2022-11-25 09:21:39 - [TEST_STEP][PASSED] - result = slurper.parseText(req_data.getResponseBodyContent()): null

2022-11-25 09:21:39 - [TEST_STEP][PASSED] - reqid_kons = requestid1: null

2022-11-25 09:21:39 - [TEST_STEP][PASSED] - reqid_spouse = requestid2: null

2022-11-25 09:21:39 - [TEST_STEP][PASSED] - println("requestid kons : " + reqid_kons): null

2022-11-25 09:21:39 - [TEST_STEP][PASSED] - response_searchME_kons = reqid_kons: null

2022-11-25 09:21:39 - [TEST_STEP][PASSED] - response_searchME_spouse = reqid_spouse: null

2022-11-25 09:21:39 - [TEST_STEP][PASSED] - println("kons req id is :" + response_searchME_kons): null

2022-11-25 09:21:39 - [TEST_STEP][PASSED] - println("spouse req id is : " + response_searchME_spouse): null

2022-11-25 09:21:39 - [TEST_STEP][PASSED] - verifyResponseStatusCode(req_data, 200): Verify response status code successfully

2022-11-25 09:21:39 - [MESSAGE][PASSED] - Verify response status code successfully

2022-11-25 09:21:39 - [TEST_STEP][PASSED] - response = req_data.getResponseText(): null

2022-11-25 09:21:39 - [TEST_STEP][PASSED] - logInfo($response): {"status":"Done","data":{"requestid1":"254856","requestid2":"254857"}}

2022-11-25 09:21:39 - [MESSAGE][INFO] - {"status":"Done","data":{"requestid1":"254856","requestid2":"254857"}}

2022-11-25 09:21:39 - [TEST_STEP][PASSED] - delay(5): Delayed 5 second(s)

2022-11-25 09:21:44 - [MESSAGE][PASSED] - Delayed 5 second(s)

2022-11-25 09:21:44 - [TEST_STEP][PASSED] - scoring = sendRequest(findTestObject("EngineScore", ["response_searchME_kons":response_searchME_kons, "response_searchME_spouse":response_searchME_spouse])): Send request successfully

2022-11-25 09:21:44 - [MESSAGE][INFO] - HAR: D:\DMS\Engine Scoring\Reports\20221125_091811\Exclude KKB - DS - Married\Scoring Married - KKB\20221125_091812\requests\main\59.har

2022-11-25 09:21:44 - [MESSAGE][PASSED] - Send request successfully

2022-11-25 09:21:44 - [TEST_STEP][PASSED] - verifyResponseStatusCode(scoring, 200): Verify response status code successfully

2022-11-25 09:21:44 - [MESSAGE][PASSED] - Verify response status code successfully

2022-11-25 09:21:44 - [TEST_STEP][PASSED] - response2 = scoring.getResponseText(): null

2022-11-25 09:21:44 - [TEST_STEP][PASSED] - markPassed("result service data ke : " + no): result service data ke : 129

2022-11-25 09:21:44 - [MESSAGE][PASSED] - result service data ke : 129

2022-11-25 09:21:44 - [TEST_STEP][PASSED] - logInfo($response2): {"result_konsumen":"Approve","result_pasangan":"Approve","Final_result":"Approve","errorMessage":"","status":"Done"}

2022-11-25 09:21:44 - [MESSAGE][INFO] - {"result_konsumen":"Approve","result_pasangan":"Approve","Final_result":"Approve","errorMessage":"","status":"Done"}

2022-11-25 09:21:44 - [TEST_STEP][PASSED] - verifyElementPropertyValue(scoring, "Final_result", final_result): Verify element property value successfully

2022-11-25 09:21:44 - [MESSAGE][PASSED] - Verify element property value successfully]]></system-out>
         <system-err><![CDATA[]]></system-err>
      </testcase>
      <testcase name="Test Cases/Engine_Scoring/Engine Scoring" time="6.65" classname="Test Cases/Engine_Scoring/Engine Scoring" status="PASSED">
         <system-out><![CDATA[2022-11-25 09:21:44 - [TEST_CASE][PASSED] - Test Cases/Engine_Scoring/Engine Scoring: Test Cases/Engine_Scoring/Engine Scoring

2022-11-25 09:21:45 - [TEST_STEP][PASSED] - markPassed("Variasi data ke : " + no): Variasi data ke : 130

2022-11-25 09:21:45 - [MESSAGE][PASSED] - Variasi data ke : 130

2022-11-25 09:21:45 - [TEST_STEP][PASSED] - req_data = sendRequest(findTestObject("Search_ME", ["MID":MID, "source":source, "ip":ip, "userid":userid, "branch":branch, "tipekons":tipekons, "marital":marital, "penjamin":penjamin, ... ])): Send request successfully

2022-11-25 09:21:46 - [MESSAGE][INFO] - HAR: D:\DMS\Engine Scoring\Reports\20221125_091811\Exclude KKB - DS - Married\Scoring Married - KKB\20221125_091812\requests\main\60.har

2022-11-25 09:21:46 - [MESSAGE][PASSED] - Send request successfully

2022-11-25 09:21:46 - [TEST_STEP][PASSED] - slurper = new groovy.json.JsonSlurper(): null

2022-11-25 09:21:46 - [TEST_STEP][PASSED] - result = slurper.parseText(req_data.getResponseBodyContent()): null

2022-11-25 09:21:46 - [TEST_STEP][PASSED] - reqid_kons = requestid1: null

2022-11-25 09:21:46 - [TEST_STEP][PASSED] - reqid_spouse = requestid2: null

2022-11-25 09:21:46 - [TEST_STEP][PASSED] - println("requestid kons : " + reqid_kons): null

2022-11-25 09:21:46 - [TEST_STEP][PASSED] - response_searchME_kons = reqid_kons: null

2022-11-25 09:21:46 - [TEST_STEP][PASSED] - response_searchME_spouse = reqid_spouse: null

2022-11-25 09:21:46 - [TEST_STEP][PASSED] - println("kons req id is :" + response_searchME_kons): null

2022-11-25 09:21:46 - [TEST_STEP][PASSED] - println("spouse req id is : " + response_searchME_spouse): null

2022-11-25 09:21:46 - [TEST_STEP][PASSED] - verifyResponseStatusCode(req_data, 200): Verify response status code successfully

2022-11-25 09:21:46 - [MESSAGE][PASSED] - Verify response status code successfully

2022-11-25 09:21:46 - [TEST_STEP][PASSED] - response = req_data.getResponseText(): null

2022-11-25 09:21:46 - [TEST_STEP][PASSED] - logInfo($response): {"status":"Done","data":{"requestid1":"254858","requestid2":"254859"}}

2022-11-25 09:21:46 - [MESSAGE][INFO] - {"status":"Done","data":{"requestid1":"254858","requestid2":"254859"}}

2022-11-25 09:21:46 - [TEST_STEP][PASSED] - delay(5): Delayed 5 second(s)

2022-11-25 09:21:51 - [MESSAGE][PASSED] - Delayed 5 second(s)

2022-11-25 09:21:51 - [TEST_STEP][PASSED] - scoring = sendRequest(findTestObject("EngineScore", ["response_searchME_kons":response_searchME_kons, "response_searchME_spouse":response_searchME_spouse])): Send request successfully

2022-11-25 09:21:51 - [MESSAGE][INFO] - HAR: D:\DMS\Engine Scoring\Reports\20221125_091811\Exclude KKB - DS - Married\Scoring Married - KKB\20221125_091812\requests\main\61.har

2022-11-25 09:21:51 - [MESSAGE][PASSED] - Send request successfully

2022-11-25 09:21:51 - [TEST_STEP][PASSED] - verifyResponseStatusCode(scoring, 200): Verify response status code successfully

2022-11-25 09:21:51 - [MESSAGE][PASSED] - Verify response status code successfully

2022-11-25 09:21:51 - [TEST_STEP][PASSED] - response2 = scoring.getResponseText(): null

2022-11-25 09:21:51 - [TEST_STEP][PASSED] - markPassed("result service data ke : " + no): result service data ke : 130

2022-11-25 09:21:51 - [MESSAGE][PASSED] - result service data ke : 130

2022-11-25 09:21:51 - [TEST_STEP][PASSED] - logInfo($response2): {"result_konsumen":"Approve","result_pasangan":"Approve","Final_result":"Approve","errorMessage":"","status":"Done"}

2022-11-25 09:21:51 - [MESSAGE][INFO] - {"result_konsumen":"Approve","result_pasangan":"Approve","Final_result":"Approve","errorMessage":"","status":"Done"}

2022-11-25 09:21:51 - [TEST_STEP][PASSED] - verifyElementPropertyValue(scoring, "Final_result", final_result): Verify element property value successfully

2022-11-25 09:21:51 - [MESSAGE][PASSED] - Verify element property value successfully]]></system-out>
         <system-err><![CDATA[]]></system-err>
      </testcase>
      <testcase name="Test Cases/Engine_Scoring/Engine Scoring" time="6.643" classname="Test Cases/Engine_Scoring/Engine Scoring" status="PASSED">
         <system-out><![CDATA[2022-11-25 09:21:51 - [TEST_CASE][PASSED] - Test Cases/Engine_Scoring/Engine Scoring: Test Cases/Engine_Scoring/Engine Scoring

2022-11-25 09:21:52 - [TEST_STEP][PASSED] - markPassed("Variasi data ke : " + no): Variasi data ke : 131

2022-11-25 09:21:52 - [MESSAGE][PASSED] - Variasi data ke : 131

2022-11-25 09:21:52 - [TEST_STEP][PASSED] - req_data = sendRequest(findTestObject("Search_ME", ["MID":MID, "source":source, "ip":ip, "userid":userid, "branch":branch, "tipekons":tipekons, "marital":marital, "penjamin":penjamin, ... ])): Send request successfully

2022-11-25 09:21:53 - [MESSAGE][INFO] - HAR: D:\DMS\Engine Scoring\Reports\20221125_091811\Exclude KKB - DS - Married\Scoring Married - KKB\20221125_091812\requests\main\62.har

2022-11-25 09:21:53 - [MESSAGE][PASSED] - Send request successfully

2022-11-25 09:21:53 - [TEST_STEP][PASSED] - slurper = new groovy.json.JsonSlurper(): null

2022-11-25 09:21:53 - [TEST_STEP][PASSED] - result = slurper.parseText(req_data.getResponseBodyContent()): null

2022-11-25 09:21:53 - [TEST_STEP][PASSED] - reqid_kons = requestid1: null

2022-11-25 09:21:53 - [TEST_STEP][PASSED] - reqid_spouse = requestid2: null

2022-11-25 09:21:53 - [TEST_STEP][PASSED] - println("requestid kons : " + reqid_kons): null

2022-11-25 09:21:53 - [TEST_STEP][PASSED] - response_searchME_kons = reqid_kons: null

2022-11-25 09:21:53 - [TEST_STEP][PASSED] - response_searchME_spouse = reqid_spouse: null

2022-11-25 09:21:53 - [TEST_STEP][PASSED] - println("kons req id is :" + response_searchME_kons): null

2022-11-25 09:21:53 - [TEST_STEP][PASSED] - println("spouse req id is : " + response_searchME_spouse): null

2022-11-25 09:21:53 - [TEST_STEP][PASSED] - verifyResponseStatusCode(req_data, 200): Verify response status code successfully

2022-11-25 09:21:53 - [MESSAGE][PASSED] - Verify response status code successfully

2022-11-25 09:21:53 - [TEST_STEP][PASSED] - response = req_data.getResponseText(): null

2022-11-25 09:21:53 - [TEST_STEP][PASSED] - logInfo($response): {"status":"Done","data":{"requestid1":"254860","requestid2":"254861"}}

2022-11-25 09:21:53 - [MESSAGE][INFO] - {"status":"Done","data":{"requestid1":"254860","requestid2":"254861"}}

2022-11-25 09:21:53 - [TEST_STEP][PASSED] - delay(5): Delayed 5 second(s)

2022-11-25 09:21:58 - [MESSAGE][PASSED] - Delayed 5 second(s)

2022-11-25 09:21:58 - [TEST_STEP][PASSED] - scoring = sendRequest(findTestObject("EngineScore", ["response_searchME_kons":response_searchME_kons, "response_searchME_spouse":response_searchME_spouse])): Send request successfully

2022-11-25 09:21:58 - [MESSAGE][INFO] - HAR: D:\DMS\Engine Scoring\Reports\20221125_091811\Exclude KKB - DS - Married\Scoring Married - KKB\20221125_091812\requests\main\63.har

2022-11-25 09:21:58 - [MESSAGE][PASSED] - Send request successfully

2022-11-25 09:21:58 - [TEST_STEP][PASSED] - verifyResponseStatusCode(scoring, 200): Verify response status code successfully

2022-11-25 09:21:58 - [MESSAGE][PASSED] - Verify response status code successfully

2022-11-25 09:21:58 - [TEST_STEP][PASSED] - response2 = scoring.getResponseText(): null

2022-11-25 09:21:58 - [TEST_STEP][PASSED] - markPassed("result service data ke : " + no): result service data ke : 131

2022-11-25 09:21:58 - [MESSAGE][PASSED] - result service data ke : 131

2022-11-25 09:21:58 - [TEST_STEP][PASSED] - logInfo($response2): {"result_konsumen":"Approve","result_pasangan":"Reject","Final_result":"Reject","errorMessage":"","status":"Done"}

2022-11-25 09:21:58 - [MESSAGE][INFO] - {"result_konsumen":"Approve","result_pasangan":"Reject","Final_result":"Reject","errorMessage":"","status":"Done"}

2022-11-25 09:21:58 - [TEST_STEP][PASSED] - verifyElementPropertyValue(scoring, "Final_result", final_result): Verify element property value successfully

2022-11-25 09:21:58 - [MESSAGE][PASSED] - Verify element property value successfully]]></system-out>
         <system-err><![CDATA[]]></system-err>
      </testcase>
      <testcase name="Test Cases/Engine_Scoring/Engine Scoring" time="6.664" classname="Test Cases/Engine_Scoring/Engine Scoring" status="PASSED">
         <system-out><![CDATA[2022-11-25 09:21:58 - [TEST_CASE][PASSED] - Test Cases/Engine_Scoring/Engine Scoring: Test Cases/Engine_Scoring/Engine Scoring

2022-11-25 09:21:59 - [TEST_STEP][PASSED] - markPassed("Variasi data ke : " + no): Variasi data ke : 132

2022-11-25 09:21:59 - [MESSAGE][PASSED] - Variasi data ke : 132

2022-11-25 09:21:59 - [TEST_STEP][PASSED] - req_data = sendRequest(findTestObject("Search_ME", ["MID":MID, "source":source, "ip":ip, "userid":userid, "branch":branch, "tipekons":tipekons, "marital":marital, "penjamin":penjamin, ... ])): Send request successfully

2022-11-25 09:21:59 - [MESSAGE][INFO] - HAR: D:\DMS\Engine Scoring\Reports\20221125_091811\Exclude KKB - DS - Married\Scoring Married - KKB\20221125_091812\requests\main\64.har

2022-11-25 09:21:59 - [MESSAGE][PASSED] - Send request successfully

2022-11-25 09:21:59 - [TEST_STEP][PASSED] - slurper = new groovy.json.JsonSlurper(): null

2022-11-25 09:21:59 - [TEST_STEP][PASSED] - result = slurper.parseText(req_data.getResponseBodyContent()): null

2022-11-25 09:21:59 - [TEST_STEP][PASSED] - reqid_kons = requestid1: null

2022-11-25 09:21:59 - [TEST_STEP][PASSED] - reqid_spouse = requestid2: null

2022-11-25 09:21:59 - [TEST_STEP][PASSED] - println("requestid kons : " + reqid_kons): null

2022-11-25 09:21:59 - [TEST_STEP][PASSED] - response_searchME_kons = reqid_kons: null

2022-11-25 09:21:59 - [TEST_STEP][PASSED] - response_searchME_spouse = reqid_spouse: null

2022-11-25 09:21:59 - [TEST_STEP][PASSED] - println("kons req id is :" + response_searchME_kons): null

2022-11-25 09:21:59 - [TEST_STEP][PASSED] - println("spouse req id is : " + response_searchME_spouse): null

2022-11-25 09:21:59 - [TEST_STEP][PASSED] - verifyResponseStatusCode(req_data, 200): Verify response status code successfully

2022-11-25 09:21:59 - [MESSAGE][PASSED] - Verify response status code successfully

2022-11-25 09:21:59 - [TEST_STEP][PASSED] - response = req_data.getResponseText(): null

2022-11-25 09:21:59 - [TEST_STEP][PASSED] - logInfo($response): {"status":"Done","data":{"requestid1":"254862","requestid2":"254863"}}

2022-11-25 09:21:59 - [MESSAGE][INFO] - {"status":"Done","data":{"requestid1":"254862","requestid2":"254863"}}

2022-11-25 09:21:59 - [TEST_STEP][PASSED] - delay(5): Delayed 5 second(s)

2022-11-25 09:22:04 - [MESSAGE][PASSED] - Delayed 5 second(s)

2022-11-25 09:22:04 - [TEST_STEP][PASSED] - scoring = sendRequest(findTestObject("EngineScore", ["response_searchME_kons":response_searchME_kons, "response_searchME_spouse":response_searchME_spouse])): Send request successfully

2022-11-25 09:22:05 - [MESSAGE][INFO] - HAR: D:\DMS\Engine Scoring\Reports\20221125_091811\Exclude KKB - DS - Married\Scoring Married - KKB\20221125_091812\requests\main\65.har

2022-11-25 09:22:05 - [MESSAGE][PASSED] - Send request successfully

2022-11-25 09:22:05 - [TEST_STEP][PASSED] - verifyResponseStatusCode(scoring, 200): Verify response status code successfully

2022-11-25 09:22:05 - [MESSAGE][PASSED] - Verify response status code successfully

2022-11-25 09:22:05 - [TEST_STEP][PASSED] - response2 = scoring.getResponseText(): null

2022-11-25 09:22:05 - [TEST_STEP][PASSED] - markPassed("result service data ke : " + no): result service data ke : 132

2022-11-25 09:22:05 - [MESSAGE][PASSED] - result service data ke : 132

2022-11-25 09:22:05 - [TEST_STEP][PASSED] - logInfo($response2): {"result_konsumen":"Approve","result_pasangan":"Reject","Final_result":"Reject","errorMessage":"","status":"Done"}

2022-11-25 09:22:05 - [MESSAGE][INFO] - {"result_konsumen":"Approve","result_pasangan":"Reject","Final_result":"Reject","errorMessage":"","status":"Done"}

2022-11-25 09:22:05 - [TEST_STEP][PASSED] - verifyElementPropertyValue(scoring, "Final_result", final_result): Verify element property value successfully

2022-11-25 09:22:05 - [MESSAGE][PASSED] - Verify element property value successfully]]></system-out>
         <system-err><![CDATA[]]></system-err>
      </testcase>
      <testcase name="Test Cases/Engine_Scoring/Engine Scoring" time="7.096" classname="Test Cases/Engine_Scoring/Engine Scoring" status="PASSED">
         <system-out><![CDATA[2022-11-25 09:22:05 - [TEST_CASE][PASSED] - Test Cases/Engine_Scoring/Engine Scoring: Test Cases/Engine_Scoring/Engine Scoring

2022-11-25 09:22:05 - [TEST_STEP][PASSED] - markPassed("Variasi data ke : " + no): Variasi data ke : 133

2022-11-25 09:22:05 - [MESSAGE][PASSED] - Variasi data ke : 133

2022-11-25 09:22:05 - [TEST_STEP][PASSED] - req_data = sendRequest(findTestObject("Search_ME", ["MID":MID, "source":source, "ip":ip, "userid":userid, "branch":branch, "tipekons":tipekons, "marital":marital, "penjamin":penjamin, ... ])): Send request successfully

2022-11-25 09:22:07 - [MESSAGE][INFO] - HAR: D:\DMS\Engine Scoring\Reports\20221125_091811\Exclude KKB - DS - Married\Scoring Married - KKB\20221125_091812\requests\main\66.har

2022-11-25 09:22:07 - [MESSAGE][PASSED] - Send request successfully

2022-11-25 09:22:07 - [TEST_STEP][PASSED] - slurper = new groovy.json.JsonSlurper(): null

2022-11-25 09:22:07 - [TEST_STEP][PASSED] - result = slurper.parseText(req_data.getResponseBodyContent()): null

2022-11-25 09:22:07 - [TEST_STEP][PASSED] - reqid_kons = requestid1: null

2022-11-25 09:22:07 - [TEST_STEP][PASSED] - reqid_spouse = requestid2: null

2022-11-25 09:22:07 - [TEST_STEP][PASSED] - println("requestid kons : " + reqid_kons): null

2022-11-25 09:22:07 - [TEST_STEP][PASSED] - response_searchME_kons = reqid_kons: null

2022-11-25 09:22:07 - [TEST_STEP][PASSED] - response_searchME_spouse = reqid_spouse: null

2022-11-25 09:22:07 - [TEST_STEP][PASSED] - println("kons req id is :" + response_searchME_kons): null

2022-11-25 09:22:07 - [TEST_STEP][PASSED] - println("spouse req id is : " + response_searchME_spouse): null

2022-11-25 09:22:07 - [TEST_STEP][PASSED] - verifyResponseStatusCode(req_data, 200): Verify response status code successfully

2022-11-25 09:22:07 - [MESSAGE][PASSED] - Verify response status code successfully

2022-11-25 09:22:07 - [TEST_STEP][PASSED] - response = req_data.getResponseText(): null

2022-11-25 09:22:07 - [TEST_STEP][PASSED] - logInfo($response): {"status":"Done","data":{"requestid1":"254864","requestid2":"254865"}}

2022-11-25 09:22:07 - [MESSAGE][INFO] - {"status":"Done","data":{"requestid1":"254864","requestid2":"254865"}}

2022-11-25 09:22:07 - [TEST_STEP][PASSED] - delay(5): Delayed 5 second(s)

2022-11-25 09:22:12 - [MESSAGE][PASSED] - Delayed 5 second(s)

2022-11-25 09:22:12 - [TEST_STEP][PASSED] - scoring = sendRequest(findTestObject("EngineScore", ["response_searchME_kons":response_searchME_kons, "response_searchME_spouse":response_searchME_spouse])): Send request successfully

2022-11-25 09:22:12 - [MESSAGE][INFO] - HAR: D:\DMS\Engine Scoring\Reports\20221125_091811\Exclude KKB - DS - Married\Scoring Married - KKB\20221125_091812\requests\main\67.har

2022-11-25 09:22:12 - [MESSAGE][PASSED] - Send request successfully

2022-11-25 09:22:12 - [TEST_STEP][PASSED] - verifyResponseStatusCode(scoring, 200): Verify response status code successfully

2022-11-25 09:22:12 - [MESSAGE][PASSED] - Verify response status code successfully

2022-11-25 09:22:12 - [TEST_STEP][PASSED] - response2 = scoring.getResponseText(): null

2022-11-25 09:22:12 - [TEST_STEP][PASSED] - markPassed("result service data ke : " + no): result service data ke : 133

2022-11-25 09:22:12 - [MESSAGE][PASSED] - result service data ke : 133

2022-11-25 09:22:12 - [TEST_STEP][PASSED] - logInfo($response2): {"result_konsumen":"Approve","result_pasangan":"Reguler","Final_result":"Approve","errorMessage":"","status":"Done"}

2022-11-25 09:22:12 - [MESSAGE][INFO] - {"result_konsumen":"Approve","result_pasangan":"Reguler","Final_result":"Approve","errorMessage":"","status":"Done"}

2022-11-25 09:22:12 - [TEST_STEP][PASSED] - verifyElementPropertyValue(scoring, "Final_result", final_result): Verify element property value successfully

2022-11-25 09:22:12 - [MESSAGE][PASSED] - Verify element property value successfully]]></system-out>
         <system-err><![CDATA[]]></system-err>
      </testcase>
      <testcase name="Test Cases/Engine_Scoring/Engine Scoring" time="6.523" classname="Test Cases/Engine_Scoring/Engine Scoring" status="PASSED">
         <system-out><![CDATA[2022-11-25 09:22:12 - [TEST_CASE][PASSED] - Test Cases/Engine_Scoring/Engine Scoring: Test Cases/Engine_Scoring/Engine Scoring

2022-11-25 09:22:12 - [TEST_STEP][PASSED] - markPassed("Variasi data ke : " + no): Variasi data ke : 134

2022-11-25 09:22:12 - [MESSAGE][PASSED] - Variasi data ke : 134

2022-11-25 09:22:12 - [TEST_STEP][PASSED] - req_data = sendRequest(findTestObject("Search_ME", ["MID":MID, "source":source, "ip":ip, "userid":userid, "branch":branch, "tipekons":tipekons, "marital":marital, "penjamin":penjamin, ... ])): Send request successfully

2022-11-25 09:22:13 - [MESSAGE][INFO] - HAR: D:\DMS\Engine Scoring\Reports\20221125_091811\Exclude KKB - DS - Married\Scoring Married - KKB\20221125_091812\requests\main\68.har

2022-11-25 09:22:13 - [MESSAGE][PASSED] - Send request successfully

2022-11-25 09:22:13 - [TEST_STEP][PASSED] - slurper = new groovy.json.JsonSlurper(): null

2022-11-25 09:22:13 - [TEST_STEP][PASSED] - result = slurper.parseText(req_data.getResponseBodyContent()): null

2022-11-25 09:22:13 - [TEST_STEP][PASSED] - reqid_kons = requestid1: null

2022-11-25 09:22:13 - [TEST_STEP][PASSED] - reqid_spouse = requestid2: null

2022-11-25 09:22:13 - [TEST_STEP][PASSED] - println("requestid kons : " + reqid_kons): null

2022-11-25 09:22:13 - [TEST_STEP][PASSED] - response_searchME_kons = reqid_kons: null

2022-11-25 09:22:13 - [TEST_STEP][PASSED] - response_searchME_spouse = reqid_spouse: null

2022-11-25 09:22:13 - [TEST_STEP][PASSED] - println("kons req id is :" + response_searchME_kons): null

2022-11-25 09:22:13 - [TEST_STEP][PASSED] - println("spouse req id is : " + response_searchME_spouse): null

2022-11-25 09:22:13 - [TEST_STEP][PASSED] - verifyResponseStatusCode(req_data, 200): Verify response status code successfully

2022-11-25 09:22:13 - [MESSAGE][PASSED] - Verify response status code successfully

2022-11-25 09:22:13 - [TEST_STEP][PASSED] - response = req_data.getResponseText(): null

2022-11-25 09:22:13 - [TEST_STEP][PASSED] - logInfo($response): {"status":"Done","data":{"requestid1":"254866","requestid2":"254867"}}

2022-11-25 09:22:13 - [MESSAGE][INFO] - {"status":"Done","data":{"requestid1":"254866","requestid2":"254867"}}

2022-11-25 09:22:13 - [TEST_STEP][PASSED] - delay(5): Delayed 5 second(s)

2022-11-25 09:22:18 - [MESSAGE][PASSED] - Delayed 5 second(s)

2022-11-25 09:22:18 - [TEST_STEP][PASSED] - scoring = sendRequest(findTestObject("EngineScore", ["response_searchME_kons":response_searchME_kons, "response_searchME_spouse":response_searchME_spouse])): Send request successfully

2022-11-25 09:22:18 - [MESSAGE][INFO] - HAR: D:\DMS\Engine Scoring\Reports\20221125_091811\Exclude KKB - DS - Married\Scoring Married - KKB\20221125_091812\requests\main\69.har

2022-11-25 09:22:18 - [MESSAGE][PASSED] - Send request successfully

2022-11-25 09:22:18 - [TEST_STEP][PASSED] - verifyResponseStatusCode(scoring, 200): Verify response status code successfully

2022-11-25 09:22:18 - [MESSAGE][PASSED] - Verify response status code successfully

2022-11-25 09:22:18 - [TEST_STEP][PASSED] - response2 = scoring.getResponseText(): null

2022-11-25 09:22:18 - [TEST_STEP][PASSED] - markPassed("result service data ke : " + no): result service data ke : 134

2022-11-25 09:22:18 - [MESSAGE][PASSED] - result service data ke : 134

2022-11-25 09:22:18 - [TEST_STEP][PASSED] - logInfo($response2): {"result_konsumen":"Approve","result_pasangan":"Reguler","Final_result":"Approve","errorMessage":"","status":"Done"}

2022-11-25 09:22:18 - [MESSAGE][INFO] - {"result_konsumen":"Approve","result_pasangan":"Reguler","Final_result":"Approve","errorMessage":"","status":"Done"}

2022-11-25 09:22:18 - [TEST_STEP][PASSED] - verifyElementPropertyValue(scoring, "Final_result", final_result): Verify element property value successfully

2022-11-25 09:22:18 - [MESSAGE][PASSED] - Verify element property value successfully]]></system-out>
         <system-err><![CDATA[]]></system-err>
      </testcase>
      <testcase name="Test Cases/Engine_Scoring/Engine Scoring" time="6.595" classname="Test Cases/Engine_Scoring/Engine Scoring" status="PASSED">
         <system-out><![CDATA[2022-11-25 09:22:18 - [TEST_CASE][PASSED] - Test Cases/Engine_Scoring/Engine Scoring: Test Cases/Engine_Scoring/Engine Scoring

2022-11-25 09:22:19 - [TEST_STEP][PASSED] - markPassed("Variasi data ke : " + no): Variasi data ke : 135

2022-11-25 09:22:19 - [MESSAGE][PASSED] - Variasi data ke : 135

2022-11-25 09:22:19 - [TEST_STEP][PASSED] - req_data = sendRequest(findTestObject("Search_ME", ["MID":MID, "source":source, "ip":ip, "userid":userid, "branch":branch, "tipekons":tipekons, "marital":marital, "penjamin":penjamin, ... ])): Send request successfully

2022-11-25 09:22:20 - [MESSAGE][INFO] - HAR: D:\DMS\Engine Scoring\Reports\20221125_091811\Exclude KKB - DS - Married\Scoring Married - KKB\20221125_091812\requests\main\70.har

2022-11-25 09:22:20 - [MESSAGE][PASSED] - Send request successfully

2022-11-25 09:22:20 - [TEST_STEP][PASSED] - slurper = new groovy.json.JsonSlurper(): null

2022-11-25 09:22:20 - [TEST_STEP][PASSED] - result = slurper.parseText(req_data.getResponseBodyContent()): null

2022-11-25 09:22:20 - [TEST_STEP][PASSED] - reqid_kons = requestid1: null

2022-11-25 09:22:20 - [TEST_STEP][PASSED] - reqid_spouse = requestid2: null

2022-11-25 09:22:20 - [TEST_STEP][PASSED] - println("requestid kons : " + reqid_kons): null

2022-11-25 09:22:20 - [TEST_STEP][PASSED] - response_searchME_kons = reqid_kons: null

2022-11-25 09:22:20 - [TEST_STEP][PASSED] - response_searchME_spouse = reqid_spouse: null

2022-11-25 09:22:20 - [TEST_STEP][PASSED] - println("kons req id is :" + response_searchME_kons): null

2022-11-25 09:22:20 - [TEST_STEP][PASSED] - println("spouse req id is : " + response_searchME_spouse): null

2022-11-25 09:22:20 - [TEST_STEP][PASSED] - verifyResponseStatusCode(req_data, 200): Verify response status code successfully

2022-11-25 09:22:20 - [MESSAGE][PASSED] - Verify response status code successfully

2022-11-25 09:22:20 - [TEST_STEP][PASSED] - response = req_data.getResponseText(): null

2022-11-25 09:22:20 - [TEST_STEP][PASSED] - logInfo($response): {"status":"Done","data":{"requestid1":"254868","requestid2":"254869"}}

2022-11-25 09:22:20 - [MESSAGE][INFO] - {"status":"Done","data":{"requestid1":"254868","requestid2":"254869"}}

2022-11-25 09:22:20 - [TEST_STEP][PASSED] - delay(5): Delayed 5 second(s)

2022-11-25 09:22:25 - [MESSAGE][PASSED] - Delayed 5 second(s)

2022-11-25 09:22:25 - [TEST_STEP][PASSED] - scoring = sendRequest(findTestObject("EngineScore", ["response_searchME_kons":response_searchME_kons, "response_searchME_spouse":response_searchME_spouse])): Send request successfully

2022-11-25 09:22:25 - [MESSAGE][INFO] - HAR: D:\DMS\Engine Scoring\Reports\20221125_091811\Exclude KKB - DS - Married\Scoring Married - KKB\20221125_091812\requests\main\71.har

2022-11-25 09:22:25 - [MESSAGE][PASSED] - Send request successfully

2022-11-25 09:22:25 - [TEST_STEP][PASSED] - verifyResponseStatusCode(scoring, 200): Verify response status code successfully

2022-11-25 09:22:25 - [MESSAGE][PASSED] - Verify response status code successfully

2022-11-25 09:22:25 - [TEST_STEP][PASSED] - response2 = scoring.getResponseText(): null

2022-11-25 09:22:25 - [TEST_STEP][PASSED] - markPassed("result service data ke : " + no): result service data ke : 135

2022-11-25 09:22:25 - [MESSAGE][PASSED] - result service data ke : 135

2022-11-25 09:22:25 - [TEST_STEP][PASSED] - logInfo($response2): {"result_konsumen":"Approve","result_pasangan":"Reguler","Final_result":"Approve","errorMessage":"","status":"Done"}

2022-11-25 09:22:25 - [MESSAGE][INFO] - {"result_konsumen":"Approve","result_pasangan":"Reguler","Final_result":"Approve","errorMessage":"","status":"Done"}

2022-11-25 09:22:25 - [TEST_STEP][PASSED] - verifyElementPropertyValue(scoring, "Final_result", final_result): Verify element property value successfully

2022-11-25 09:22:25 - [MESSAGE][PASSED] - Verify element property value successfully]]></system-out>
         <system-err><![CDATA[]]></system-err>
      </testcase>
      <testcase name="Test Cases/Engine_Scoring/Engine Scoring" time="6.723" classname="Test Cases/Engine_Scoring/Engine Scoring" status="PASSED">
         <system-out><![CDATA[2022-11-25 09:22:25 - [TEST_CASE][PASSED] - Test Cases/Engine_Scoring/Engine Scoring: Test Cases/Engine_Scoring/Engine Scoring

2022-11-25 09:22:26 - [TEST_STEP][PASSED] - markPassed("Variasi data ke : " + no): Variasi data ke : 136

2022-11-25 09:22:26 - [MESSAGE][PASSED] - Variasi data ke : 136

2022-11-25 09:22:26 - [TEST_STEP][PASSED] - req_data = sendRequest(findTestObject("Search_ME", ["MID":MID, "source":source, "ip":ip, "userid":userid, "branch":branch, "tipekons":tipekons, "marital":marital, "penjamin":penjamin, ... ])): Send request successfully

2022-11-25 09:22:27 - [MESSAGE][INFO] - HAR: D:\DMS\Engine Scoring\Reports\20221125_091811\Exclude KKB - DS - Married\Scoring Married - KKB\20221125_091812\requests\main\72.har

2022-11-25 09:22:27 - [MESSAGE][PASSED] - Send request successfully

2022-11-25 09:22:27 - [TEST_STEP][PASSED] - slurper = new groovy.json.JsonSlurper(): null

2022-11-25 09:22:27 - [TEST_STEP][PASSED] - result = slurper.parseText(req_data.getResponseBodyContent()): null

2022-11-25 09:22:27 - [TEST_STEP][PASSED] - reqid_kons = requestid1: null

2022-11-25 09:22:27 - [TEST_STEP][PASSED] - reqid_spouse = requestid2: null

2022-11-25 09:22:27 - [TEST_STEP][PASSED] - println("requestid kons : " + reqid_kons): null

2022-11-25 09:22:27 - [TEST_STEP][PASSED] - response_searchME_kons = reqid_kons: null

2022-11-25 09:22:27 - [TEST_STEP][PASSED] - response_searchME_spouse = reqid_spouse: null

2022-11-25 09:22:27 - [TEST_STEP][PASSED] - println("kons req id is :" + response_searchME_kons): null

2022-11-25 09:22:27 - [TEST_STEP][PASSED] - println("spouse req id is : " + response_searchME_spouse): null

2022-11-25 09:22:27 - [TEST_STEP][PASSED] - verifyResponseStatusCode(req_data, 200): Verify response status code successfully

2022-11-25 09:22:27 - [MESSAGE][PASSED] - Verify response status code successfully

2022-11-25 09:22:27 - [TEST_STEP][PASSED] - response = req_data.getResponseText(): null

2022-11-25 09:22:27 - [TEST_STEP][PASSED] - logInfo($response): {"status":"Done","data":{"requestid1":"254870","requestid2":"254871"}}

2022-11-25 09:22:27 - [MESSAGE][INFO] - {"status":"Done","data":{"requestid1":"254870","requestid2":"254871"}}

2022-11-25 09:22:27 - [TEST_STEP][PASSED] - delay(5): Delayed 5 second(s)

2022-11-25 09:22:32 - [MESSAGE][PASSED] - Delayed 5 second(s)

2022-11-25 09:22:32 - [TEST_STEP][PASSED] - scoring = sendRequest(findTestObject("EngineScore", ["response_searchME_kons":response_searchME_kons, "response_searchME_spouse":response_searchME_spouse])): Send request successfully

2022-11-25 09:22:32 - [MESSAGE][INFO] - HAR: D:\DMS\Engine Scoring\Reports\20221125_091811\Exclude KKB - DS - Married\Scoring Married - KKB\20221125_091812\requests\main\73.har

2022-11-25 09:22:32 - [MESSAGE][PASSED] - Send request successfully

2022-11-25 09:22:32 - [TEST_STEP][PASSED] - verifyResponseStatusCode(scoring, 200): Verify response status code successfully

2022-11-25 09:22:32 - [MESSAGE][PASSED] - Verify response status code successfully

2022-11-25 09:22:32 - [TEST_STEP][PASSED] - response2 = scoring.getResponseText(): null

2022-11-25 09:22:32 - [TEST_STEP][PASSED] - markPassed("result service data ke : " + no): result service data ke : 136

2022-11-25 09:22:32 - [MESSAGE][PASSED] - result service data ke : 136

2022-11-25 09:22:32 - [TEST_STEP][PASSED] - logInfo($response2): {"result_konsumen":"Approve","result_pasangan":"Reject","Final_result":"Reject","errorMessage":"","status":"Done"}

2022-11-25 09:22:32 - [MESSAGE][INFO] - {"result_konsumen":"Approve","result_pasangan":"Reject","Final_result":"Reject","errorMessage":"","status":"Done"}

2022-11-25 09:22:32 - [TEST_STEP][PASSED] - verifyElementPropertyValue(scoring, "Final_result", final_result): Verify element property value successfully

2022-11-25 09:22:32 - [MESSAGE][PASSED] - Verify element property value successfully]]></system-out>
         <system-err><![CDATA[]]></system-err>
      </testcase>
      <testcase name="Test Cases/Engine_Scoring/Engine Scoring" time="6.665" classname="Test Cases/Engine_Scoring/Engine Scoring" status="PASSED">
         <system-out><![CDATA[2022-11-25 09:22:32 - [TEST_CASE][PASSED] - Test Cases/Engine_Scoring/Engine Scoring: Test Cases/Engine_Scoring/Engine Scoring

2022-11-25 09:22:33 - [TEST_STEP][PASSED] - markPassed("Variasi data ke : " + no): Variasi data ke : 137

2022-11-25 09:22:33 - [MESSAGE][PASSED] - Variasi data ke : 137

2022-11-25 09:22:33 - [TEST_STEP][PASSED] - req_data = sendRequest(findTestObject("Search_ME", ["MID":MID, "source":source, "ip":ip, "userid":userid, "branch":branch, "tipekons":tipekons, "marital":marital, "penjamin":penjamin, ... ])): Send request successfully

2022-11-25 09:22:33 - [MESSAGE][INFO] - HAR: D:\DMS\Engine Scoring\Reports\20221125_091811\Exclude KKB - DS - Married\Scoring Married - KKB\20221125_091812\requests\main\74.har

2022-11-25 09:22:33 - [MESSAGE][PASSED] - Send request successfully

2022-11-25 09:22:33 - [TEST_STEP][PASSED] - slurper = new groovy.json.JsonSlurper(): null

2022-11-25 09:22:33 - [TEST_STEP][PASSED] - result = slurper.parseText(req_data.getResponseBodyContent()): null

2022-11-25 09:22:33 - [TEST_STEP][PASSED] - reqid_kons = requestid1: null

2022-11-25 09:22:33 - [TEST_STEP][PASSED] - reqid_spouse = requestid2: null

2022-11-25 09:22:33 - [TEST_STEP][PASSED] - println("requestid kons : " + reqid_kons): null

2022-11-25 09:22:33 - [TEST_STEP][PASSED] - response_searchME_kons = reqid_kons: null

2022-11-25 09:22:33 - [TEST_STEP][PASSED] - response_searchME_spouse = reqid_spouse: null

2022-11-25 09:22:33 - [TEST_STEP][PASSED] - println("kons req id is :" + response_searchME_kons): null

2022-11-25 09:22:33 - [TEST_STEP][PASSED] - println("spouse req id is : " + response_searchME_spouse): null

2022-11-25 09:22:33 - [TEST_STEP][PASSED] - verifyResponseStatusCode(req_data, 200): Verify response status code successfully

2022-11-25 09:22:33 - [MESSAGE][PASSED] - Verify response status code successfully

2022-11-25 09:22:33 - [TEST_STEP][PASSED] - response = req_data.getResponseText(): null

2022-11-25 09:22:33 - [TEST_STEP][PASSED] - logInfo($response): {"status":"Done","data":{"requestid1":"254872","requestid2":"254873"}}

2022-11-25 09:22:33 - [MESSAGE][INFO] - {"status":"Done","data":{"requestid1":"254872","requestid2":"254873"}}

2022-11-25 09:22:33 - [TEST_STEP][PASSED] - delay(5): Delayed 5 second(s)

2022-11-25 09:22:38 - [MESSAGE][PASSED] - Delayed 5 second(s)

2022-11-25 09:22:38 - [TEST_STEP][PASSED] - scoring = sendRequest(findTestObject("EngineScore", ["response_searchME_kons":response_searchME_kons, "response_searchME_spouse":response_searchME_spouse])): Send request successfully

2022-11-25 09:22:38 - [MESSAGE][INFO] - HAR: D:\DMS\Engine Scoring\Reports\20221125_091811\Exclude KKB - DS - Married\Scoring Married - KKB\20221125_091812\requests\main\75.har

2022-11-25 09:22:38 - [MESSAGE][PASSED] - Send request successfully

2022-11-25 09:22:38 - [TEST_STEP][PASSED] - verifyResponseStatusCode(scoring, 200): Verify response status code successfully

2022-11-25 09:22:38 - [MESSAGE][PASSED] - Verify response status code successfully

2022-11-25 09:22:38 - [TEST_STEP][PASSED] - response2 = scoring.getResponseText(): null

2022-11-25 09:22:38 - [TEST_STEP][PASSED] - markPassed("result service data ke : " + no): result service data ke : 137

2022-11-25 09:22:38 - [MESSAGE][PASSED] - result service data ke : 137

2022-11-25 09:22:38 - [TEST_STEP][PASSED] - logInfo($response2): {"result_konsumen":"Approve","result_pasangan":"Reject","Final_result":"Reject","errorMessage":"","status":"Done"}

2022-11-25 09:22:38 - [MESSAGE][INFO] - {"result_konsumen":"Approve","result_pasangan":"Reject","Final_result":"Reject","errorMessage":"","status":"Done"}

2022-11-25 09:22:38 - [TEST_STEP][PASSED] - verifyElementPropertyValue(scoring, "Final_result", final_result): Verify element property value successfully

2022-11-25 09:22:38 - [MESSAGE][PASSED] - Verify element property value successfully]]></system-out>
         <system-err><![CDATA[]]></system-err>
      </testcase>
      <testcase name="Test Cases/Engine_Scoring/Engine Scoring" time="6.658" classname="Test Cases/Engine_Scoring/Engine Scoring" status="PASSED">
         <system-out><![CDATA[2022-11-25 09:22:38 - [TEST_CASE][PASSED] - Test Cases/Engine_Scoring/Engine Scoring: Test Cases/Engine_Scoring/Engine Scoring

2022-11-25 09:22:39 - [TEST_STEP][PASSED] - markPassed("Variasi data ke : " + no): Variasi data ke : 138

2022-11-25 09:22:39 - [MESSAGE][PASSED] - Variasi data ke : 138

2022-11-25 09:22:39 - [TEST_STEP][PASSED] - req_data = sendRequest(findTestObject("Search_ME", ["MID":MID, "source":source, "ip":ip, "userid":userid, "branch":branch, "tipekons":tipekons, "marital":marital, "penjamin":penjamin, ... ])): Send request successfully

2022-11-25 09:22:40 - [MESSAGE][INFO] - HAR: D:\DMS\Engine Scoring\Reports\20221125_091811\Exclude KKB - DS - Married\Scoring Married - KKB\20221125_091812\requests\main\76.har

2022-11-25 09:22:40 - [MESSAGE][PASSED] - Send request successfully

2022-11-25 09:22:40 - [TEST_STEP][PASSED] - slurper = new groovy.json.JsonSlurper(): null

2022-11-25 09:22:40 - [TEST_STEP][PASSED] - result = slurper.parseText(req_data.getResponseBodyContent()): null

2022-11-25 09:22:40 - [TEST_STEP][PASSED] - reqid_kons = requestid1: null

2022-11-25 09:22:40 - [TEST_STEP][PASSED] - reqid_spouse = requestid2: null

2022-11-25 09:22:40 - [TEST_STEP][PASSED] - println("requestid kons : " + reqid_kons): null

2022-11-25 09:22:40 - [TEST_STEP][PASSED] - response_searchME_kons = reqid_kons: null

2022-11-25 09:22:40 - [TEST_STEP][PASSED] - response_searchME_spouse = reqid_spouse: null

2022-11-25 09:22:40 - [TEST_STEP][PASSED] - println("kons req id is :" + response_searchME_kons): null

2022-11-25 09:22:40 - [TEST_STEP][PASSED] - println("spouse req id is : " + response_searchME_spouse): null

2022-11-25 09:22:40 - [TEST_STEP][PASSED] - verifyResponseStatusCode(req_data, 200): Verify response status code successfully

2022-11-25 09:22:40 - [MESSAGE][PASSED] - Verify response status code successfully

2022-11-25 09:22:40 - [TEST_STEP][PASSED] - response = req_data.getResponseText(): null

2022-11-25 09:22:40 - [TEST_STEP][PASSED] - logInfo($response): {"status":"Done","data":{"requestid1":"254874","requestid2":"254875"}}

2022-11-25 09:22:40 - [MESSAGE][INFO] - {"status":"Done","data":{"requestid1":"254874","requestid2":"254875"}}

2022-11-25 09:22:40 - [TEST_STEP][PASSED] - delay(5): Delayed 5 second(s)

2022-11-25 09:22:45 - [MESSAGE][PASSED] - Delayed 5 second(s)

2022-11-25 09:22:45 - [TEST_STEP][PASSED] - scoring = sendRequest(findTestObject("EngineScore", ["response_searchME_kons":response_searchME_kons, "response_searchME_spouse":response_searchME_spouse])): Send request successfully

2022-11-25 09:22:45 - [MESSAGE][INFO] - HAR: D:\DMS\Engine Scoring\Reports\20221125_091811\Exclude KKB - DS - Married\Scoring Married - KKB\20221125_091812\requests\main\77.har

2022-11-25 09:22:45 - [MESSAGE][PASSED] - Send request successfully

2022-11-25 09:22:45 - [TEST_STEP][PASSED] - verifyResponseStatusCode(scoring, 200): Verify response status code successfully

2022-11-25 09:22:45 - [MESSAGE][PASSED] - Verify response status code successfully

2022-11-25 09:22:45 - [TEST_STEP][PASSED] - response2 = scoring.getResponseText(): null

2022-11-25 09:22:45 - [TEST_STEP][PASSED] - markPassed("result service data ke : " + no): result service data ke : 138

2022-11-25 09:22:45 - [MESSAGE][PASSED] - result service data ke : 138

2022-11-25 09:22:45 - [TEST_STEP][PASSED] - logInfo($response2): {"result_konsumen":"Approve","result_pasangan":"Reject","Final_result":"Reject","errorMessage":"","status":"Done"}

2022-11-25 09:22:45 - [MESSAGE][INFO] - {"result_konsumen":"Approve","result_pasangan":"Reject","Final_result":"Reject","errorMessage":"","status":"Done"}

2022-11-25 09:22:45 - [TEST_STEP][PASSED] - verifyElementPropertyValue(scoring, "Final_result", final_result): Verify element property value successfully

2022-11-25 09:22:45 - [MESSAGE][PASSED] - Verify element property value successfully]]></system-out>
         <system-err><![CDATA[]]></system-err>
      </testcase>
      <testcase name="Test Cases/Engine_Scoring/Engine Scoring" time="6.777" classname="Test Cases/Engine_Scoring/Engine Scoring" status="PASSED">
         <system-out><![CDATA[2022-11-25 09:22:45 - [TEST_CASE][PASSED] - Test Cases/Engine_Scoring/Engine Scoring: Test Cases/Engine_Scoring/Engine Scoring

2022-11-25 09:22:46 - [TEST_STEP][PASSED] - markPassed("Variasi data ke : " + no): Variasi data ke : 139

2022-11-25 09:22:46 - [MESSAGE][PASSED] - Variasi data ke : 139

2022-11-25 09:22:46 - [TEST_STEP][PASSED] - req_data = sendRequest(findTestObject("Search_ME", ["MID":MID, "source":source, "ip":ip, "userid":userid, "branch":branch, "tipekons":tipekons, "marital":marital, "penjamin":penjamin, ... ])): Send request successfully

2022-11-25 09:22:47 - [MESSAGE][INFO] - HAR: D:\DMS\Engine Scoring\Reports\20221125_091811\Exclude KKB - DS - Married\Scoring Married - KKB\20221125_091812\requests\main\78.har

2022-11-25 09:22:47 - [MESSAGE][PASSED] - Send request successfully

2022-11-25 09:22:47 - [TEST_STEP][PASSED] - slurper = new groovy.json.JsonSlurper(): null

2022-11-25 09:22:47 - [TEST_STEP][PASSED] - result = slurper.parseText(req_data.getResponseBodyContent()): null

2022-11-25 09:22:47 - [TEST_STEP][PASSED] - reqid_kons = requestid1: null

2022-11-25 09:22:47 - [TEST_STEP][PASSED] - reqid_spouse = requestid2: null

2022-11-25 09:22:47 - [TEST_STEP][PASSED] - println("requestid kons : " + reqid_kons): null

2022-11-25 09:22:47 - [TEST_STEP][PASSED] - response_searchME_kons = reqid_kons: null

2022-11-25 09:22:47 - [TEST_STEP][PASSED] - response_searchME_spouse = reqid_spouse: null

2022-11-25 09:22:47 - [TEST_STEP][PASSED] - println("kons req id is :" + response_searchME_kons): null

2022-11-25 09:22:47 - [TEST_STEP][PASSED] - println("spouse req id is : " + response_searchME_spouse): null

2022-11-25 09:22:47 - [TEST_STEP][PASSED] - verifyResponseStatusCode(req_data, 200): Verify response status code successfully

2022-11-25 09:22:47 - [MESSAGE][PASSED] - Verify response status code successfully

2022-11-25 09:22:47 - [TEST_STEP][PASSED] - response = req_data.getResponseText(): null

2022-11-25 09:22:47 - [TEST_STEP][PASSED] - logInfo($response): {"status":"Done","data":{"requestid1":"254876","requestid2":"254877"}}

2022-11-25 09:22:47 - [MESSAGE][INFO] - {"status":"Done","data":{"requestid1":"254876","requestid2":"254877"}}

2022-11-25 09:22:47 - [TEST_STEP][PASSED] - delay(5): Delayed 5 second(s)

2022-11-25 09:22:52 - [MESSAGE][PASSED] - Delayed 5 second(s)

2022-11-25 09:22:52 - [TEST_STEP][PASSED] - scoring = sendRequest(findTestObject("EngineScore", ["response_searchME_kons":response_searchME_kons, "response_searchME_spouse":response_searchME_spouse])): Send request successfully

2022-11-25 09:22:52 - [MESSAGE][INFO] - HAR: D:\DMS\Engine Scoring\Reports\20221125_091811\Exclude KKB - DS - Married\Scoring Married - KKB\20221125_091812\requests\main\79.har

2022-11-25 09:22:52 - [MESSAGE][PASSED] - Send request successfully

2022-11-25 09:22:52 - [TEST_STEP][PASSED] - verifyResponseStatusCode(scoring, 200): Verify response status code successfully

2022-11-25 09:22:52 - [MESSAGE][PASSED] - Verify response status code successfully

2022-11-25 09:22:52 - [TEST_STEP][PASSED] - response2 = scoring.getResponseText(): null

2022-11-25 09:22:52 - [TEST_STEP][PASSED] - markPassed("result service data ke : " + no): result service data ke : 139

2022-11-25 09:22:52 - [MESSAGE][PASSED] - result service data ke : 139

2022-11-25 09:22:52 - [TEST_STEP][PASSED] - logInfo($response2): {"result_konsumen":"Approve","result_pasangan":"Reject","Final_result":"Reject","errorMessage":"","status":"Done"}

2022-11-25 09:22:52 - [MESSAGE][INFO] - {"result_konsumen":"Approve","result_pasangan":"Reject","Final_result":"Reject","errorMessage":"","status":"Done"}

2022-11-25 09:22:52 - [TEST_STEP][PASSED] - verifyElementPropertyValue(scoring, "Final_result", final_result): Verify element property value successfully

2022-11-25 09:22:52 - [MESSAGE][PASSED] - Verify element property value successfully]]></system-out>
         <system-err><![CDATA[]]></system-err>
      </testcase>
      <testcase name="Test Cases/Engine_Scoring/Engine Scoring" time="6.541" classname="Test Cases/Engine_Scoring/Engine Scoring" status="PASSED">
         <system-out><![CDATA[2022-11-25 09:22:52 - [TEST_CASE][PASSED] - Test Cases/Engine_Scoring/Engine Scoring: Test Cases/Engine_Scoring/Engine Scoring

2022-11-25 09:22:53 - [TEST_STEP][PASSED] - markPassed("Variasi data ke : " + no): Variasi data ke : 140

2022-11-25 09:22:53 - [MESSAGE][PASSED] - Variasi data ke : 140

2022-11-25 09:22:53 - [TEST_STEP][PASSED] - req_data = sendRequest(findTestObject("Search_ME", ["MID":MID, "source":source, "ip":ip, "userid":userid, "branch":branch, "tipekons":tipekons, "marital":marital, "penjamin":penjamin, ... ])): Send request successfully

2022-11-25 09:22:53 - [MESSAGE][INFO] - HAR: D:\DMS\Engine Scoring\Reports\20221125_091811\Exclude KKB - DS - Married\Scoring Married - KKB\20221125_091812\requests\main\80.har

2022-11-25 09:22:53 - [MESSAGE][PASSED] - Send request successfully

2022-11-25 09:22:53 - [TEST_STEP][PASSED] - slurper = new groovy.json.JsonSlurper(): null

2022-11-25 09:22:53 - [TEST_STEP][PASSED] - result = slurper.parseText(req_data.getResponseBodyContent()): null

2022-11-25 09:22:53 - [TEST_STEP][PASSED] - reqid_kons = requestid1: null

2022-11-25 09:22:53 - [TEST_STEP][PASSED] - reqid_spouse = requestid2: null

2022-11-25 09:22:53 - [TEST_STEP][PASSED] - println("requestid kons : " + reqid_kons): null

2022-11-25 09:22:53 - [TEST_STEP][PASSED] - response_searchME_kons = reqid_kons: null

2022-11-25 09:22:53 - [TEST_STEP][PASSED] - response_searchME_spouse = reqid_spouse: null

2022-11-25 09:22:53 - [TEST_STEP][PASSED] - println("kons req id is :" + response_searchME_kons): null

2022-11-25 09:22:53 - [TEST_STEP][PASSED] - println("spouse req id is : " + response_searchME_spouse): null

2022-11-25 09:22:53 - [TEST_STEP][PASSED] - verifyResponseStatusCode(req_data, 200): Verify response status code successfully

2022-11-25 09:22:53 - [MESSAGE][PASSED] - Verify response status code successfully

2022-11-25 09:22:53 - [TEST_STEP][PASSED] - response = req_data.getResponseText(): null

2022-11-25 09:22:53 - [TEST_STEP][PASSED] - logInfo($response): {"status":"Done","data":{"requestid1":"254878","requestid2":"254879"}}

2022-11-25 09:22:53 - [MESSAGE][INFO] - {"status":"Done","data":{"requestid1":"254878","requestid2":"254879"}}

2022-11-25 09:22:53 - [TEST_STEP][PASSED] - delay(5): Delayed 5 second(s)

2022-11-25 09:22:58 - [MESSAGE][PASSED] - Delayed 5 second(s)

2022-11-25 09:22:58 - [TEST_STEP][PASSED] - scoring = sendRequest(findTestObject("EngineScore", ["response_searchME_kons":response_searchME_kons, "response_searchME_spouse":response_searchME_spouse])): Send request successfully

2022-11-25 09:22:59 - [MESSAGE][INFO] - HAR: D:\DMS\Engine Scoring\Reports\20221125_091811\Exclude KKB - DS - Married\Scoring Married - KKB\20221125_091812\requests\main\81.har

2022-11-25 09:22:59 - [MESSAGE][PASSED] - Send request successfully

2022-11-25 09:22:59 - [TEST_STEP][PASSED] - verifyResponseStatusCode(scoring, 200): Verify response status code successfully

2022-11-25 09:22:59 - [MESSAGE][PASSED] - Verify response status code successfully

2022-11-25 09:22:59 - [TEST_STEP][PASSED] - response2 = scoring.getResponseText(): null

2022-11-25 09:22:59 - [TEST_STEP][PASSED] - markPassed("result service data ke : " + no): result service data ke : 140

2022-11-25 09:22:59 - [MESSAGE][PASSED] - result service data ke : 140

2022-11-25 09:22:59 - [TEST_STEP][PASSED] - logInfo($response2): {"result_konsumen":"Approve","result_pasangan":"Reject","Final_result":"Reject","errorMessage":"","status":"Done"}

2022-11-25 09:22:59 - [MESSAGE][INFO] - {"result_konsumen":"Approve","result_pasangan":"Reject","Final_result":"Reject","errorMessage":"","status":"Done"}

2022-11-25 09:22:59 - [TEST_STEP][PASSED] - verifyElementPropertyValue(scoring, "Final_result", final_result): Verify element property value successfully

2022-11-25 09:22:59 - [MESSAGE][PASSED] - Verify element property value successfully]]></system-out>
         <system-err><![CDATA[]]></system-err>
      </testcase>
      <testcase name="Test Cases/Engine_Scoring/Engine Scoring" time="6.574" classname="Test Cases/Engine_Scoring/Engine Scoring" status="PASSED">
         <system-out><![CDATA[2022-11-25 09:22:59 - [TEST_CASE][PASSED] - Test Cases/Engine_Scoring/Engine Scoring: Test Cases/Engine_Scoring/Engine Scoring

2022-11-25 09:22:59 - [TEST_STEP][PASSED] - markPassed("Variasi data ke : " + no): Variasi data ke : 141

2022-11-25 09:22:59 - [MESSAGE][PASSED] - Variasi data ke : 141

2022-11-25 09:22:59 - [TEST_STEP][PASSED] - req_data = sendRequest(findTestObject("Search_ME", ["MID":MID, "source":source, "ip":ip, "userid":userid, "branch":branch, "tipekons":tipekons, "marital":marital, "penjamin":penjamin, ... ])): Send request successfully

2022-11-25 09:23:00 - [MESSAGE][INFO] - HAR: D:\DMS\Engine Scoring\Reports\20221125_091811\Exclude KKB - DS - Married\Scoring Married - KKB\20221125_091812\requests\main\82.har

2022-11-25 09:23:00 - [MESSAGE][PASSED] - Send request successfully

2022-11-25 09:23:00 - [TEST_STEP][PASSED] - slurper = new groovy.json.JsonSlurper(): null

2022-11-25 09:23:00 - [TEST_STEP][PASSED] - result = slurper.parseText(req_data.getResponseBodyContent()): null

2022-11-25 09:23:00 - [TEST_STEP][PASSED] - reqid_kons = requestid1: null

2022-11-25 09:23:00 - [TEST_STEP][PASSED] - reqid_spouse = requestid2: null

2022-11-25 09:23:00 - [TEST_STEP][PASSED] - println("requestid kons : " + reqid_kons): null

2022-11-25 09:23:00 - [TEST_STEP][PASSED] - response_searchME_kons = reqid_kons: null

2022-11-25 09:23:00 - [TEST_STEP][PASSED] - response_searchME_spouse = reqid_spouse: null

2022-11-25 09:23:00 - [TEST_STEP][PASSED] - println("kons req id is :" + response_searchME_kons): null

2022-11-25 09:23:00 - [TEST_STEP][PASSED] - println("spouse req id is : " + response_searchME_spouse): null

2022-11-25 09:23:00 - [TEST_STEP][PASSED] - verifyResponseStatusCode(req_data, 200): Verify response status code successfully

2022-11-25 09:23:00 - [MESSAGE][PASSED] - Verify response status code successfully

2022-11-25 09:23:00 - [TEST_STEP][PASSED] - response = req_data.getResponseText(): null

2022-11-25 09:23:00 - [TEST_STEP][PASSED] - logInfo($response): {"status":"Done","data":{"requestid1":"254880","requestid2":"254881"}}

2022-11-25 09:23:00 - [MESSAGE][INFO] - {"status":"Done","data":{"requestid1":"254880","requestid2":"254881"}}

2022-11-25 09:23:00 - [TEST_STEP][PASSED] - delay(5): Delayed 5 second(s)

2022-11-25 09:23:05 - [MESSAGE][PASSED] - Delayed 5 second(s)

2022-11-25 09:23:05 - [TEST_STEP][PASSED] - scoring = sendRequest(findTestObject("EngineScore", ["response_searchME_kons":response_searchME_kons, "response_searchME_spouse":response_searchME_spouse])): Send request successfully

2022-11-25 09:23:05 - [MESSAGE][INFO] - HAR: D:\DMS\Engine Scoring\Reports\20221125_091811\Exclude KKB - DS - Married\Scoring Married - KKB\20221125_091812\requests\main\83.har

2022-11-25 09:23:05 - [MESSAGE][PASSED] - Send request successfully

2022-11-25 09:23:05 - [TEST_STEP][PASSED] - verifyResponseStatusCode(scoring, 200): Verify response status code successfully

2022-11-25 09:23:05 - [MESSAGE][PASSED] - Verify response status code successfully

2022-11-25 09:23:05 - [TEST_STEP][PASSED] - response2 = scoring.getResponseText(): null

2022-11-25 09:23:05 - [TEST_STEP][PASSED] - markPassed("result service data ke : " + no): result service data ke : 141

2022-11-25 09:23:05 - [MESSAGE][PASSED] - result service data ke : 141

2022-11-25 09:23:05 - [TEST_STEP][PASSED] - logInfo($response2): {"result_konsumen":"Approve","result_pasangan":"Reject","Final_result":"Reject","errorMessage":"","status":"Done"}

2022-11-25 09:23:05 - [MESSAGE][INFO] - {"result_konsumen":"Approve","result_pasangan":"Reject","Final_result":"Reject","errorMessage":"","status":"Done"}

2022-11-25 09:23:05 - [TEST_STEP][PASSED] - verifyElementPropertyValue(scoring, "Final_result", final_result): Verify element property value successfully

2022-11-25 09:23:05 - [MESSAGE][PASSED] - Verify element property value successfully]]></system-out>
         <system-err><![CDATA[]]></system-err>
      </testcase>
      <testcase name="Test Cases/Engine_Scoring/Engine Scoring" time="6.595" classname="Test Cases/Engine_Scoring/Engine Scoring" status="PASSED">
         <system-out><![CDATA[2022-11-25 09:23:05 - [TEST_CASE][PASSED] - Test Cases/Engine_Scoring/Engine Scoring: Test Cases/Engine_Scoring/Engine Scoring

2022-11-25 09:23:06 - [TEST_STEP][PASSED] - markPassed("Variasi data ke : " + no): Variasi data ke : 142

2022-11-25 09:23:06 - [MESSAGE][PASSED] - Variasi data ke : 142

2022-11-25 09:23:06 - [TEST_STEP][PASSED] - req_data = sendRequest(findTestObject("Search_ME", ["MID":MID, "source":source, "ip":ip, "userid":userid, "branch":branch, "tipekons":tipekons, "marital":marital, "penjamin":penjamin, ... ])): Send request successfully

2022-11-25 09:23:07 - [MESSAGE][INFO] - HAR: D:\DMS\Engine Scoring\Reports\20221125_091811\Exclude KKB - DS - Married\Scoring Married - KKB\20221125_091812\requests\main\84.har

2022-11-25 09:23:07 - [MESSAGE][PASSED] - Send request successfully

2022-11-25 09:23:07 - [TEST_STEP][PASSED] - slurper = new groovy.json.JsonSlurper(): null

2022-11-25 09:23:07 - [TEST_STEP][PASSED] - result = slurper.parseText(req_data.getResponseBodyContent()): null

2022-11-25 09:23:07 - [TEST_STEP][PASSED] - reqid_kons = requestid1: null

2022-11-25 09:23:07 - [TEST_STEP][PASSED] - reqid_spouse = requestid2: null

2022-11-25 09:23:07 - [TEST_STEP][PASSED] - println("requestid kons : " + reqid_kons): null

2022-11-25 09:23:07 - [TEST_STEP][PASSED] - response_searchME_kons = reqid_kons: null

2022-11-25 09:23:07 - [TEST_STEP][PASSED] - response_searchME_spouse = reqid_spouse: null

2022-11-25 09:23:07 - [TEST_STEP][PASSED] - println("kons req id is :" + response_searchME_kons): null

2022-11-25 09:23:07 - [TEST_STEP][PASSED] - println("spouse req id is : " + response_searchME_spouse): null

2022-11-25 09:23:07 - [TEST_STEP][PASSED] - verifyResponseStatusCode(req_data, 200): Verify response status code successfully

2022-11-25 09:23:07 - [MESSAGE][PASSED] - Verify response status code successfully

2022-11-25 09:23:07 - [TEST_STEP][PASSED] - response = req_data.getResponseText(): null

2022-11-25 09:23:07 - [TEST_STEP][PASSED] - logInfo($response): {"status":"Done","data":{"requestid1":"254882","requestid2":"254883"}}

2022-11-25 09:23:07 - [MESSAGE][INFO] - {"status":"Done","data":{"requestid1":"254882","requestid2":"254883"}}

2022-11-25 09:23:07 - [TEST_STEP][PASSED] - delay(5): Delayed 5 second(s)

2022-11-25 09:23:12 - [MESSAGE][PASSED] - Delayed 5 second(s)

2022-11-25 09:23:12 - [TEST_STEP][PASSED] - scoring = sendRequest(findTestObject("EngineScore", ["response_searchME_kons":response_searchME_kons, "response_searchME_spouse":response_searchME_spouse])): Send request successfully

2022-11-25 09:23:12 - [MESSAGE][INFO] - HAR: D:\DMS\Engine Scoring\Reports\20221125_091811\Exclude KKB - DS - Married\Scoring Married - KKB\20221125_091812\requests\main\85.har

2022-11-25 09:23:12 - [MESSAGE][PASSED] - Send request successfully

2022-11-25 09:23:12 - [TEST_STEP][PASSED] - verifyResponseStatusCode(scoring, 200): Verify response status code successfully

2022-11-25 09:23:12 - [MESSAGE][PASSED] - Verify response status code successfully

2022-11-25 09:23:12 - [TEST_STEP][PASSED] - response2 = scoring.getResponseText(): null

2022-11-25 09:23:12 - [TEST_STEP][PASSED] - markPassed("result service data ke : " + no): result service data ke : 142

2022-11-25 09:23:12 - [MESSAGE][PASSED] - result service data ke : 142

2022-11-25 09:23:12 - [TEST_STEP][PASSED] - logInfo($response2): {"result_konsumen":"Approve","result_pasangan":"Reject","Final_result":"Reject","errorMessage":"","status":"Done"}

2022-11-25 09:23:12 - [MESSAGE][INFO] - {"result_konsumen":"Approve","result_pasangan":"Reject","Final_result":"Reject","errorMessage":"","status":"Done"}

2022-11-25 09:23:12 - [TEST_STEP][PASSED] - verifyElementPropertyValue(scoring, "Final_result", final_result): Verify element property value successfully

2022-11-25 09:23:12 - [MESSAGE][PASSED] - Verify element property value successfully]]></system-out>
         <system-err><![CDATA[]]></system-err>
      </testcase>
      <testcase name="Test Cases/Engine_Scoring/Engine Scoring" time="6.911" classname="Test Cases/Engine_Scoring/Engine Scoring" status="PASSED">
         <system-out><![CDATA[2022-11-25 09:23:12 - [TEST_CASE][PASSED] - Test Cases/Engine_Scoring/Engine Scoring: Test Cases/Engine_Scoring/Engine Scoring

2022-11-25 09:23:13 - [TEST_STEP][PASSED] - markPassed("Variasi data ke : " + no): Variasi data ke : 143

2022-11-25 09:23:13 - [MESSAGE][PASSED] - Variasi data ke : 143

2022-11-25 09:23:13 - [TEST_STEP][PASSED] - req_data = sendRequest(findTestObject("Search_ME", ["MID":MID, "source":source, "ip":ip, "userid":userid, "branch":branch, "tipekons":tipekons, "marital":marital, "penjamin":penjamin, ... ])): Send request successfully

2022-11-25 09:23:13 - [MESSAGE][INFO] - HAR: D:\DMS\Engine Scoring\Reports\20221125_091811\Exclude KKB - DS - Married\Scoring Married - KKB\20221125_091812\requests\main\86.har

2022-11-25 09:23:14 - [MESSAGE][PASSED] - Send request successfully

2022-11-25 09:23:14 - [TEST_STEP][PASSED] - slurper = new groovy.json.JsonSlurper(): null

2022-11-25 09:23:14 - [TEST_STEP][PASSED] - result = slurper.parseText(req_data.getResponseBodyContent()): null

2022-11-25 09:23:14 - [TEST_STEP][PASSED] - reqid_kons = requestid1: null

2022-11-25 09:23:14 - [TEST_STEP][PASSED] - reqid_spouse = requestid2: null

2022-11-25 09:23:14 - [TEST_STEP][PASSED] - println("requestid kons : " + reqid_kons): null

2022-11-25 09:23:14 - [TEST_STEP][PASSED] - response_searchME_kons = reqid_kons: null

2022-11-25 09:23:14 - [TEST_STEP][PASSED] - response_searchME_spouse = reqid_spouse: null

2022-11-25 09:23:14 - [TEST_STEP][PASSED] - println("kons req id is :" + response_searchME_kons): null

2022-11-25 09:23:14 - [TEST_STEP][PASSED] - println("spouse req id is : " + response_searchME_spouse): null

2022-11-25 09:23:14 - [TEST_STEP][PASSED] - verifyResponseStatusCode(req_data, 200): Verify response status code successfully

2022-11-25 09:23:14 - [MESSAGE][PASSED] - Verify response status code successfully

2022-11-25 09:23:14 - [TEST_STEP][PASSED] - response = req_data.getResponseText(): null

2022-11-25 09:23:14 - [TEST_STEP][PASSED] - logInfo($response): {"status":"Done","data":{"requestid1":"254884","requestid2":"254885"}}

2022-11-25 09:23:14 - [MESSAGE][INFO] - {"status":"Done","data":{"requestid1":"254884","requestid2":"254885"}}

2022-11-25 09:23:14 - [TEST_STEP][PASSED] - delay(5): Delayed 5 second(s)

2022-11-25 09:23:19 - [MESSAGE][PASSED] - Delayed 5 second(s)

2022-11-25 09:23:19 - [TEST_STEP][PASSED] - scoring = sendRequest(findTestObject("EngineScore", ["response_searchME_kons":response_searchME_kons, "response_searchME_spouse":response_searchME_spouse])): Send request successfully

2022-11-25 09:23:19 - [MESSAGE][INFO] - HAR: D:\DMS\Engine Scoring\Reports\20221125_091811\Exclude KKB - DS - Married\Scoring Married - KKB\20221125_091812\requests\main\87.har

2022-11-25 09:23:19 - [MESSAGE][PASSED] - Send request successfully

2022-11-25 09:23:19 - [TEST_STEP][PASSED] - verifyResponseStatusCode(scoring, 200): Verify response status code successfully

2022-11-25 09:23:19 - [MESSAGE][PASSED] - Verify response status code successfully

2022-11-25 09:23:19 - [TEST_STEP][PASSED] - response2 = scoring.getResponseText(): null

2022-11-25 09:23:19 - [TEST_STEP][PASSED] - markPassed("result service data ke : " + no): result service data ke : 143

2022-11-25 09:23:19 - [MESSAGE][PASSED] - result service data ke : 143

2022-11-25 09:23:19 - [TEST_STEP][PASSED] - logInfo($response2): {"result_konsumen":"Approve","result_pasangan":"Reject","Final_result":"Reject","errorMessage":"","status":"Done"}

2022-11-25 09:23:19 - [MESSAGE][INFO] - {"result_konsumen":"Approve","result_pasangan":"Reject","Final_result":"Reject","errorMessage":"","status":"Done"}

2022-11-25 09:23:19 - [TEST_STEP][PASSED] - verifyElementPropertyValue(scoring, "Final_result", final_result): Verify element property value successfully

2022-11-25 09:23:19 - [MESSAGE][PASSED] - Verify element property value successfully]]></system-out>
         <system-err><![CDATA[]]></system-err>
      </testcase>
      <testcase name="Test Cases/Engine_Scoring/Engine Scoring" time="6.596" classname="Test Cases/Engine_Scoring/Engine Scoring" status="PASSED">
         <system-out><![CDATA[2022-11-25 09:23:19 - [TEST_CASE][PASSED] - Test Cases/Engine_Scoring/Engine Scoring: Test Cases/Engine_Scoring/Engine Scoring

2022-11-25 09:23:20 - [TEST_STEP][PASSED] - markPassed("Variasi data ke : " + no): Variasi data ke : 144

2022-11-25 09:23:20 - [MESSAGE][PASSED] - Variasi data ke : 144

2022-11-25 09:23:20 - [TEST_STEP][PASSED] - req_data = sendRequest(findTestObject("Search_ME", ["MID":MID, "source":source, "ip":ip, "userid":userid, "branch":branch, "tipekons":tipekons, "marital":marital, "penjamin":penjamin, ... ])): Send request successfully

2022-11-25 09:23:20 - [MESSAGE][INFO] - HAR: D:\DMS\Engine Scoring\Reports\20221125_091811\Exclude KKB - DS - Married\Scoring Married - KKB\20221125_091812\requests\main\88.har

2022-11-25 09:23:20 - [MESSAGE][PASSED] - Send request successfully

2022-11-25 09:23:20 - [TEST_STEP][PASSED] - slurper = new groovy.json.JsonSlurper(): null

2022-11-25 09:23:20 - [TEST_STEP][PASSED] - result = slurper.parseText(req_data.getResponseBodyContent()): null

2022-11-25 09:23:20 - [TEST_STEP][PASSED] - reqid_kons = requestid1: null

2022-11-25 09:23:20 - [TEST_STEP][PASSED] - reqid_spouse = requestid2: null

2022-11-25 09:23:20 - [TEST_STEP][PASSED] - println("requestid kons : " + reqid_kons): null

2022-11-25 09:23:20 - [TEST_STEP][PASSED] - response_searchME_kons = reqid_kons: null

2022-11-25 09:23:20 - [TEST_STEP][PASSED] - response_searchME_spouse = reqid_spouse: null

2022-11-25 09:23:20 - [TEST_STEP][PASSED] - println("kons req id is :" + response_searchME_kons): null

2022-11-25 09:23:20 - [TEST_STEP][PASSED] - println("spouse req id is : " + response_searchME_spouse): null

2022-11-25 09:23:20 - [TEST_STEP][PASSED] - verifyResponseStatusCode(req_data, 200): Verify response status code successfully

2022-11-25 09:23:20 - [MESSAGE][PASSED] - Verify response status code successfully

2022-11-25 09:23:20 - [TEST_STEP][PASSED] - response = req_data.getResponseText(): null

2022-11-25 09:23:20 - [TEST_STEP][PASSED] - logInfo($response): {"status":"Done","data":{"requestid1":"254886","requestid2":"254887"}}

2022-11-25 09:23:20 - [MESSAGE][INFO] - {"status":"Done","data":{"requestid1":"254886","requestid2":"254887"}}

2022-11-25 09:23:20 - [TEST_STEP][PASSED] - delay(5): Delayed 5 second(s)

2022-11-25 09:23:25 - [MESSAGE][PASSED] - Delayed 5 second(s)

2022-11-25 09:23:25 - [TEST_STEP][PASSED] - scoring = sendRequest(findTestObject("EngineScore", ["response_searchME_kons":response_searchME_kons, "response_searchME_spouse":response_searchME_spouse])): Send request successfully

2022-11-25 09:23:25 - [MESSAGE][INFO] - HAR: D:\DMS\Engine Scoring\Reports\20221125_091811\Exclude KKB - DS - Married\Scoring Married - KKB\20221125_091812\requests\main\89.har

2022-11-25 09:23:25 - [MESSAGE][PASSED] - Send request successfully

2022-11-25 09:23:25 - [TEST_STEP][PASSED] - verifyResponseStatusCode(scoring, 200): Verify response status code successfully

2022-11-25 09:23:25 - [MESSAGE][PASSED] - Verify response status code successfully

2022-11-25 09:23:25 - [TEST_STEP][PASSED] - response2 = scoring.getResponseText(): null

2022-11-25 09:23:25 - [TEST_STEP][PASSED] - markPassed("result service data ke : " + no): result service data ke : 144

2022-11-25 09:23:25 - [MESSAGE][PASSED] - result service data ke : 144

2022-11-25 09:23:25 - [TEST_STEP][PASSED] - logInfo($response2): {"result_konsumen":"Approve","result_pasangan":"Reject","Final_result":"Reject","errorMessage":"","status":"Done"}

2022-11-25 09:23:25 - [MESSAGE][INFO] - {"result_konsumen":"Approve","result_pasangan":"Reject","Final_result":"Reject","errorMessage":"","status":"Done"}

2022-11-25 09:23:25 - [TEST_STEP][PASSED] - verifyElementPropertyValue(scoring, "Final_result", final_result): Verify element property value successfully

2022-11-25 09:23:25 - [MESSAGE][PASSED] - Verify element property value successfully]]></system-out>
         <system-err><![CDATA[]]></system-err>
      </testcase>
      <testcase name="Test Cases/Engine_Scoring/Engine Scoring" time="6.626" classname="Test Cases/Engine_Scoring/Engine Scoring" status="PASSED">
         <system-out><![CDATA[2022-11-25 09:23:25 - [TEST_CASE][PASSED] - Test Cases/Engine_Scoring/Engine Scoring: Test Cases/Engine_Scoring/Engine Scoring

2022-11-25 09:23:26 - [TEST_STEP][PASSED] - markPassed("Variasi data ke : " + no): Variasi data ke : 145

2022-11-25 09:23:26 - [MESSAGE][PASSED] - Variasi data ke : 145

2022-11-25 09:23:26 - [TEST_STEP][PASSED] - req_data = sendRequest(findTestObject("Search_ME", ["MID":MID, "source":source, "ip":ip, "userid":userid, "branch":branch, "tipekons":tipekons, "marital":marital, "penjamin":penjamin, ... ])): Send request successfully

2022-11-25 09:23:27 - [MESSAGE][INFO] - HAR: D:\DMS\Engine Scoring\Reports\20221125_091811\Exclude KKB - DS - Married\Scoring Married - KKB\20221125_091812\requests\main\90.har

2022-11-25 09:23:27 - [MESSAGE][PASSED] - Send request successfully

2022-11-25 09:23:27 - [TEST_STEP][PASSED] - slurper = new groovy.json.JsonSlurper(): null

2022-11-25 09:23:27 - [TEST_STEP][PASSED] - result = slurper.parseText(req_data.getResponseBodyContent()): null

2022-11-25 09:23:27 - [TEST_STEP][PASSED] - reqid_kons = requestid1: null

2022-11-25 09:23:27 - [TEST_STEP][PASSED] - reqid_spouse = requestid2: null

2022-11-25 09:23:27 - [TEST_STEP][PASSED] - println("requestid kons : " + reqid_kons): null

2022-11-25 09:23:27 - [TEST_STEP][PASSED] - response_searchME_kons = reqid_kons: null

2022-11-25 09:23:27 - [TEST_STEP][PASSED] - response_searchME_spouse = reqid_spouse: null

2022-11-25 09:23:27 - [TEST_STEP][PASSED] - println("kons req id is :" + response_searchME_kons): null

2022-11-25 09:23:27 - [TEST_STEP][PASSED] - println("spouse req id is : " + response_searchME_spouse): null

2022-11-25 09:23:27 - [TEST_STEP][PASSED] - verifyResponseStatusCode(req_data, 200): Verify response status code successfully

2022-11-25 09:23:27 - [MESSAGE][PASSED] - Verify response status code successfully

2022-11-25 09:23:27 - [TEST_STEP][PASSED] - response = req_data.getResponseText(): null

2022-11-25 09:23:27 - [TEST_STEP][PASSED] - logInfo($response): {"status":"Done","data":{"requestid1":"254888","requestid2":"254889"}}

2022-11-25 09:23:27 - [MESSAGE][INFO] - {"status":"Done","data":{"requestid1":"254888","requestid2":"254889"}}

2022-11-25 09:23:27 - [TEST_STEP][PASSED] - delay(5): Delayed 5 second(s)

2022-11-25 09:23:32 - [MESSAGE][PASSED] - Delayed 5 second(s)

2022-11-25 09:23:32 - [TEST_STEP][PASSED] - scoring = sendRequest(findTestObject("EngineScore", ["response_searchME_kons":response_searchME_kons, "response_searchME_spouse":response_searchME_spouse])): Send request successfully

2022-11-25 09:23:32 - [MESSAGE][INFO] - HAR: D:\DMS\Engine Scoring\Reports\20221125_091811\Exclude KKB - DS - Married\Scoring Married - KKB\20221125_091812\requests\main\91.har

2022-11-25 09:23:32 - [MESSAGE][PASSED] - Send request successfully

2022-11-25 09:23:32 - [TEST_STEP][PASSED] - verifyResponseStatusCode(scoring, 200): Verify response status code successfully

2022-11-25 09:23:32 - [MESSAGE][PASSED] - Verify response status code successfully

2022-11-25 09:23:32 - [TEST_STEP][PASSED] - response2 = scoring.getResponseText(): null

2022-11-25 09:23:32 - [TEST_STEP][PASSED] - markPassed("result service data ke : " + no): result service data ke : 145

2022-11-25 09:23:32 - [MESSAGE][PASSED] - result service data ke : 145

2022-11-25 09:23:32 - [TEST_STEP][PASSED] - logInfo($response2): {"result_konsumen":"Reject","result_pasangan":"Reguler","Final_result":"Reject","errorMessage":"","status":"Done"}

2022-11-25 09:23:32 - [MESSAGE][INFO] - {"result_konsumen":"Reject","result_pasangan":"Reguler","Final_result":"Reject","errorMessage":"","status":"Done"}

2022-11-25 09:23:32 - [TEST_STEP][PASSED] - verifyElementPropertyValue(scoring, "Final_result", final_result): Verify element property value successfully

2022-11-25 09:23:32 - [MESSAGE][PASSED] - Verify element property value successfully]]></system-out>
         <system-err><![CDATA[]]></system-err>
      </testcase>
      <testcase name="Test Cases/Engine_Scoring/Engine Scoring" time="6.621" classname="Test Cases/Engine_Scoring/Engine Scoring" status="PASSED">
         <system-out><![CDATA[2022-11-25 09:23:32 - [TEST_CASE][PASSED] - Test Cases/Engine_Scoring/Engine Scoring: Test Cases/Engine_Scoring/Engine Scoring

2022-11-25 09:23:33 - [TEST_STEP][PASSED] - markPassed("Variasi data ke : " + no): Variasi data ke : 146

2022-11-25 09:23:33 - [MESSAGE][PASSED] - Variasi data ke : 146

2022-11-25 09:23:33 - [TEST_STEP][PASSED] - req_data = sendRequest(findTestObject("Search_ME", ["MID":MID, "source":source, "ip":ip, "userid":userid, "branch":branch, "tipekons":tipekons, "marital":marital, "penjamin":penjamin, ... ])): Send request successfully

2022-11-25 09:23:34 - [MESSAGE][INFO] - HAR: D:\DMS\Engine Scoring\Reports\20221125_091811\Exclude KKB - DS - Married\Scoring Married - KKB\20221125_091812\requests\main\92.har

2022-11-25 09:23:34 - [MESSAGE][PASSED] - Send request successfully

2022-11-25 09:23:34 - [TEST_STEP][PASSED] - slurper = new groovy.json.JsonSlurper(): null

2022-11-25 09:23:34 - [TEST_STEP][PASSED] - result = slurper.parseText(req_data.getResponseBodyContent()): null

2022-11-25 09:23:34 - [TEST_STEP][PASSED] - reqid_kons = requestid1: null

2022-11-25 09:23:34 - [TEST_STEP][PASSED] - reqid_spouse = requestid2: null

2022-11-25 09:23:34 - [TEST_STEP][PASSED] - println("requestid kons : " + reqid_kons): null

2022-11-25 09:23:34 - [TEST_STEP][PASSED] - response_searchME_kons = reqid_kons: null

2022-11-25 09:23:34 - [TEST_STEP][PASSED] - response_searchME_spouse = reqid_spouse: null

2022-11-25 09:23:34 - [TEST_STEP][PASSED] - println("kons req id is :" + response_searchME_kons): null

2022-11-25 09:23:34 - [TEST_STEP][PASSED] - println("spouse req id is : " + response_searchME_spouse): null

2022-11-25 09:23:34 - [TEST_STEP][PASSED] - verifyResponseStatusCode(req_data, 200): Verify response status code successfully

2022-11-25 09:23:34 - [MESSAGE][PASSED] - Verify response status code successfully

2022-11-25 09:23:34 - [TEST_STEP][PASSED] - response = req_data.getResponseText(): null

2022-11-25 09:23:34 - [TEST_STEP][PASSED] - logInfo($response): {"status":"Done","data":{"requestid1":"254890","requestid2":"254891"}}

2022-11-25 09:23:34 - [MESSAGE][INFO] - {"status":"Done","data":{"requestid1":"254890","requestid2":"254891"}}

2022-11-25 09:23:34 - [TEST_STEP][PASSED] - delay(5): Delayed 5 second(s)

2022-11-25 09:23:39 - [MESSAGE][PASSED] - Delayed 5 second(s)

2022-11-25 09:23:39 - [TEST_STEP][PASSED] - scoring = sendRequest(findTestObject("EngineScore", ["response_searchME_kons":response_searchME_kons, "response_searchME_spouse":response_searchME_spouse])): Send request successfully

2022-11-25 09:23:39 - [MESSAGE][INFO] - HAR: D:\DMS\Engine Scoring\Reports\20221125_091811\Exclude KKB - DS - Married\Scoring Married - KKB\20221125_091812\requests\main\93.har

2022-11-25 09:23:39 - [MESSAGE][PASSED] - Send request successfully

2022-11-25 09:23:39 - [TEST_STEP][PASSED] - verifyResponseStatusCode(scoring, 200): Verify response status code successfully

2022-11-25 09:23:39 - [MESSAGE][PASSED] - Verify response status code successfully

2022-11-25 09:23:39 - [TEST_STEP][PASSED] - response2 = scoring.getResponseText(): null

2022-11-25 09:23:39 - [TEST_STEP][PASSED] - markPassed("result service data ke : " + no): result service data ke : 146

2022-11-25 09:23:39 - [MESSAGE][PASSED] - result service data ke : 146

2022-11-25 09:23:39 - [TEST_STEP][PASSED] - logInfo($response2): {"result_konsumen":"Reject","result_pasangan":"Reguler","Final_result":"Reject","errorMessage":"","status":"Done"}

2022-11-25 09:23:39 - [MESSAGE][INFO] - {"result_konsumen":"Reject","result_pasangan":"Reguler","Final_result":"Reject","errorMessage":"","status":"Done"}

2022-11-25 09:23:39 - [TEST_STEP][PASSED] - verifyElementPropertyValue(scoring, "Final_result", final_result): Verify element property value successfully

2022-11-25 09:23:39 - [MESSAGE][PASSED] - Verify element property value successfully]]></system-out>
         <system-err><![CDATA[]]></system-err>
      </testcase>
      <testcase name="Test Cases/Engine_Scoring/Engine Scoring" time="8.437" classname="Test Cases/Engine_Scoring/Engine Scoring" status="PASSED">
         <system-out><![CDATA[2022-11-25 09:23:39 - [TEST_CASE][PASSED] - Test Cases/Engine_Scoring/Engine Scoring: Test Cases/Engine_Scoring/Engine Scoring

2022-11-25 09:23:40 - [TEST_STEP][PASSED] - markPassed("Variasi data ke : " + no): Variasi data ke : 147

2022-11-25 09:23:40 - [MESSAGE][PASSED] - Variasi data ke : 147

2022-11-25 09:23:40 - [TEST_STEP][PASSED] - req_data = sendRequest(findTestObject("Search_ME", ["MID":MID, "source":source, "ip":ip, "userid":userid, "branch":branch, "tipekons":tipekons, "marital":marital, "penjamin":penjamin, ... ])): Send request successfully

2022-11-25 09:23:42 - [MESSAGE][INFO] - HAR: D:\DMS\Engine Scoring\Reports\20221125_091811\Exclude KKB - DS - Married\Scoring Married - KKB\20221125_091812\requests\main\94.har

2022-11-25 09:23:42 - [MESSAGE][PASSED] - Send request successfully

2022-11-25 09:23:42 - [TEST_STEP][PASSED] - slurper = new groovy.json.JsonSlurper(): null

2022-11-25 09:23:42 - [TEST_STEP][PASSED] - result = slurper.parseText(req_data.getResponseBodyContent()): null

2022-11-25 09:23:42 - [TEST_STEP][PASSED] - reqid_kons = requestid1: null

2022-11-25 09:23:42 - [TEST_STEP][PASSED] - reqid_spouse = requestid2: null

2022-11-25 09:23:42 - [TEST_STEP][PASSED] - println("requestid kons : " + reqid_kons): null

2022-11-25 09:23:42 - [TEST_STEP][PASSED] - response_searchME_kons = reqid_kons: null

2022-11-25 09:23:42 - [TEST_STEP][PASSED] - response_searchME_spouse = reqid_spouse: null

2022-11-25 09:23:42 - [TEST_STEP][PASSED] - println("kons req id is :" + response_searchME_kons): null

2022-11-25 09:23:42 - [TEST_STEP][PASSED] - println("spouse req id is : " + response_searchME_spouse): null

2022-11-25 09:23:42 - [TEST_STEP][PASSED] - verifyResponseStatusCode(req_data, 200): Verify response status code successfully

2022-11-25 09:23:42 - [MESSAGE][PASSED] - Verify response status code successfully

2022-11-25 09:23:42 - [TEST_STEP][PASSED] - response = req_data.getResponseText(): null

2022-11-25 09:23:42 - [TEST_STEP][PASSED] - logInfo($response): {"status":"Done","data":{"requestid1":"254892","requestid2":"254893"}}

2022-11-25 09:23:42 - [MESSAGE][INFO] - {"status":"Done","data":{"requestid1":"254892","requestid2":"254893"}}

2022-11-25 09:23:42 - [TEST_STEP][PASSED] - delay(5): Delayed 5 second(s)

2022-11-25 09:23:47 - [MESSAGE][PASSED] - Delayed 5 second(s)

2022-11-25 09:23:47 - [TEST_STEP][PASSED] - scoring = sendRequest(findTestObject("EngineScore", ["response_searchME_kons":response_searchME_kons, "response_searchME_spouse":response_searchME_spouse])): Send request successfully

2022-11-25 09:23:47 - [MESSAGE][INFO] - HAR: D:\DMS\Engine Scoring\Reports\20221125_091811\Exclude KKB - DS - Married\Scoring Married - KKB\20221125_091812\requests\main\95.har

2022-11-25 09:23:47 - [MESSAGE][PASSED] - Send request successfully

2022-11-25 09:23:47 - [TEST_STEP][PASSED] - verifyResponseStatusCode(scoring, 200): Verify response status code successfully

2022-11-25 09:23:47 - [MESSAGE][PASSED] - Verify response status code successfully

2022-11-25 09:23:47 - [TEST_STEP][PASSED] - response2 = scoring.getResponseText(): null

2022-11-25 09:23:47 - [TEST_STEP][PASSED] - markPassed("result service data ke : " + no): result service data ke : 147

2022-11-25 09:23:47 - [MESSAGE][PASSED] - result service data ke : 147

2022-11-25 09:23:47 - [TEST_STEP][PASSED] - logInfo($response2): {"result_konsumen":"Reject","result_pasangan":"Reguler","Final_result":"Reject","errorMessage":"","status":"Done"}

2022-11-25 09:23:47 - [MESSAGE][INFO] - {"result_konsumen":"Reject","result_pasangan":"Reguler","Final_result":"Reject","errorMessage":"","status":"Done"}

2022-11-25 09:23:47 - [TEST_STEP][PASSED] - verifyElementPropertyValue(scoring, "Final_result", final_result): Verify element property value successfully

2022-11-25 09:23:47 - [MESSAGE][PASSED] - Verify element property value successfully]]></system-out>
         <system-err><![CDATA[]]></system-err>
      </testcase>
      <testcase name="Test Cases/Engine_Scoring/Engine Scoring" time="6.56" classname="Test Cases/Engine_Scoring/Engine Scoring" status="PASSED">
         <system-out><![CDATA[2022-11-25 09:23:47 - [TEST_CASE][PASSED] - Test Cases/Engine_Scoring/Engine Scoring: Test Cases/Engine_Scoring/Engine Scoring

2022-11-25 09:23:48 - [TEST_STEP][PASSED] - markPassed("Variasi data ke : " + no): Variasi data ke : 148

2022-11-25 09:23:48 - [MESSAGE][PASSED] - Variasi data ke : 148

2022-11-25 09:23:48 - [TEST_STEP][PASSED] - req_data = sendRequest(findTestObject("Search_ME", ["MID":MID, "source":source, "ip":ip, "userid":userid, "branch":branch, "tipekons":tipekons, "marital":marital, "penjamin":penjamin, ... ])): Send request successfully

2022-11-25 09:23:49 - [MESSAGE][INFO] - HAR: D:\DMS\Engine Scoring\Reports\20221125_091811\Exclude KKB - DS - Married\Scoring Married - KKB\20221125_091812\requests\main\96.har

2022-11-25 09:23:49 - [MESSAGE][PASSED] - Send request successfully

2022-11-25 09:23:49 - [TEST_STEP][PASSED] - slurper = new groovy.json.JsonSlurper(): null

2022-11-25 09:23:49 - [TEST_STEP][PASSED] - result = slurper.parseText(req_data.getResponseBodyContent()): null

2022-11-25 09:23:49 - [TEST_STEP][PASSED] - reqid_kons = requestid1: null

2022-11-25 09:23:49 - [TEST_STEP][PASSED] - reqid_spouse = requestid2: null

2022-11-25 09:23:49 - [TEST_STEP][PASSED] - println("requestid kons : " + reqid_kons): null

2022-11-25 09:23:49 - [TEST_STEP][PASSED] - response_searchME_kons = reqid_kons: null

2022-11-25 09:23:49 - [TEST_STEP][PASSED] - response_searchME_spouse = reqid_spouse: null

2022-11-25 09:23:49 - [TEST_STEP][PASSED] - println("kons req id is :" + response_searchME_kons): null

2022-11-25 09:23:49 - [TEST_STEP][PASSED] - println("spouse req id is : " + response_searchME_spouse): null

2022-11-25 09:23:49 - [TEST_STEP][PASSED] - verifyResponseStatusCode(req_data, 200): Verify response status code successfully

2022-11-25 09:23:49 - [MESSAGE][PASSED] - Verify response status code successfully

2022-11-25 09:23:49 - [TEST_STEP][PASSED] - response = req_data.getResponseText(): null

2022-11-25 09:23:49 - [TEST_STEP][PASSED] - logInfo($response): {"status":"Done","data":{"requestid1":"254894","requestid2":"254895"}}

2022-11-25 09:23:49 - [MESSAGE][INFO] - {"status":"Done","data":{"requestid1":"254894","requestid2":"254895"}}

2022-11-25 09:23:49 - [TEST_STEP][PASSED] - delay(5): Delayed 5 second(s)

2022-11-25 09:23:54 - [MESSAGE][PASSED] - Delayed 5 second(s)

2022-11-25 09:23:54 - [TEST_STEP][PASSED] - scoring = sendRequest(findTestObject("EngineScore", ["response_searchME_kons":response_searchME_kons, "response_searchME_spouse":response_searchME_spouse])): Send request successfully

2022-11-25 09:23:54 - [MESSAGE][INFO] - HAR: D:\DMS\Engine Scoring\Reports\20221125_091811\Exclude KKB - DS - Married\Scoring Married - KKB\20221125_091812\requests\main\97.har

2022-11-25 09:23:54 - [MESSAGE][PASSED] - Send request successfully

2022-11-25 09:23:54 - [TEST_STEP][PASSED] - verifyResponseStatusCode(scoring, 200): Verify response status code successfully

2022-11-25 09:23:54 - [MESSAGE][PASSED] - Verify response status code successfully

2022-11-25 09:23:54 - [TEST_STEP][PASSED] - response2 = scoring.getResponseText(): null

2022-11-25 09:23:54 - [TEST_STEP][PASSED] - markPassed("result service data ke : " + no): result service data ke : 148

2022-11-25 09:23:54 - [MESSAGE][PASSED] - result service data ke : 148

2022-11-25 09:23:54 - [TEST_STEP][PASSED] - logInfo($response2): {"result_konsumen":"Reject","result_pasangan":"Reguler","Final_result":"Reject","errorMessage":"","status":"Done"}

2022-11-25 09:23:54 - [MESSAGE][INFO] - {"result_konsumen":"Reject","result_pasangan":"Reguler","Final_result":"Reject","errorMessage":"","status":"Done"}

2022-11-25 09:23:54 - [TEST_STEP][PASSED] - verifyElementPropertyValue(scoring, "Final_result", final_result): Verify element property value successfully

2022-11-25 09:23:54 - [MESSAGE][PASSED] - Verify element property value successfully]]></system-out>
         <system-err><![CDATA[]]></system-err>
      </testcase>
      <testcase name="Test Cases/Engine_Scoring/Engine Scoring" time="6.65" classname="Test Cases/Engine_Scoring/Engine Scoring" status="PASSED">
         <system-out><![CDATA[2022-11-25 09:23:54 - [TEST_CASE][PASSED] - Test Cases/Engine_Scoring/Engine Scoring: Test Cases/Engine_Scoring/Engine Scoring

2022-11-25 09:23:55 - [TEST_STEP][PASSED] - markPassed("Variasi data ke : " + no): Variasi data ke : 149

2022-11-25 09:23:55 - [MESSAGE][PASSED] - Variasi data ke : 149

2022-11-25 09:23:55 - [TEST_STEP][PASSED] - req_data = sendRequest(findTestObject("Search_ME", ["MID":MID, "source":source, "ip":ip, "userid":userid, "branch":branch, "tipekons":tipekons, "marital":marital, "penjamin":penjamin, ... ])): Send request successfully

2022-11-25 09:23:55 - [MESSAGE][INFO] - HAR: D:\DMS\Engine Scoring\Reports\20221125_091811\Exclude KKB - DS - Married\Scoring Married - KKB\20221125_091812\requests\main\98.har

2022-11-25 09:23:55 - [MESSAGE][PASSED] - Send request successfully

2022-11-25 09:23:55 - [TEST_STEP][PASSED] - slurper = new groovy.json.JsonSlurper(): null

2022-11-25 09:23:55 - [TEST_STEP][PASSED] - result = slurper.parseText(req_data.getResponseBodyContent()): null

2022-11-25 09:23:55 - [TEST_STEP][PASSED] - reqid_kons = requestid1: null

2022-11-25 09:23:55 - [TEST_STEP][PASSED] - reqid_spouse = requestid2: null

2022-11-25 09:23:55 - [TEST_STEP][PASSED] - println("requestid kons : " + reqid_kons): null

2022-11-25 09:23:55 - [TEST_STEP][PASSED] - response_searchME_kons = reqid_kons: null

2022-11-25 09:23:55 - [TEST_STEP][PASSED] - response_searchME_spouse = reqid_spouse: null

2022-11-25 09:23:55 - [TEST_STEP][PASSED] - println("kons req id is :" + response_searchME_kons): null

2022-11-25 09:23:55 - [TEST_STEP][PASSED] - println("spouse req id is : " + response_searchME_spouse): null

2022-11-25 09:23:55 - [TEST_STEP][PASSED] - verifyResponseStatusCode(req_data, 200): Verify response status code successfully

2022-11-25 09:23:55 - [MESSAGE][PASSED] - Verify response status code successfully

2022-11-25 09:23:55 - [TEST_STEP][PASSED] - response = req_data.getResponseText(): null

2022-11-25 09:23:55 - [TEST_STEP][PASSED] - logInfo($response): {"status":"Done","data":{"requestid1":"254896","requestid2":"254897"}}

2022-11-25 09:23:55 - [MESSAGE][INFO] - {"status":"Done","data":{"requestid1":"254896","requestid2":"254897"}}

2022-11-25 09:23:55 - [TEST_STEP][PASSED] - delay(5): Delayed 5 second(s)

2022-11-25 09:24:00 - [MESSAGE][PASSED] - Delayed 5 second(s)

2022-11-25 09:24:00 - [TEST_STEP][PASSED] - scoring = sendRequest(findTestObject("EngineScore", ["response_searchME_kons":response_searchME_kons, "response_searchME_spouse":response_searchME_spouse])): Send request successfully

2022-11-25 09:24:01 - [MESSAGE][INFO] - HAR: D:\DMS\Engine Scoring\Reports\20221125_091811\Exclude KKB - DS - Married\Scoring Married - KKB\20221125_091812\requests\main\99.har

2022-11-25 09:24:01 - [MESSAGE][PASSED] - Send request successfully

2022-11-25 09:24:01 - [TEST_STEP][PASSED] - verifyResponseStatusCode(scoring, 200): Verify response status code successfully

2022-11-25 09:24:01 - [MESSAGE][PASSED] - Verify response status code successfully

2022-11-25 09:24:01 - [TEST_STEP][PASSED] - response2 = scoring.getResponseText(): null

2022-11-25 09:24:01 - [TEST_STEP][PASSED] - markPassed("result service data ke : " + no): result service data ke : 149

2022-11-25 09:24:01 - [MESSAGE][PASSED] - result service data ke : 149

2022-11-25 09:24:01 - [TEST_STEP][PASSED] - logInfo($response2): {"result_konsumen":"Reject","result_pasangan":"Reject","Final_result":"Reject","errorMessage":"","status":"Done"}

2022-11-25 09:24:01 - [MESSAGE][INFO] - {"result_konsumen":"Reject","result_pasangan":"Reject","Final_result":"Reject","errorMessage":"","status":"Done"}

2022-11-25 09:24:01 - [TEST_STEP][PASSED] - verifyElementPropertyValue(scoring, "Final_result", final_result): Verify element property value successfully

2022-11-25 09:24:01 - [MESSAGE][PASSED] - Verify element property value successfully]]></system-out>
         <system-err><![CDATA[]]></system-err>
      </testcase>
      <testcase name="Test Cases/Engine_Scoring/Engine Scoring" time="6.615" classname="Test Cases/Engine_Scoring/Engine Scoring" status="PASSED">
         <system-out><![CDATA[2022-11-25 09:24:01 - [TEST_CASE][PASSED] - Test Cases/Engine_Scoring/Engine Scoring: Test Cases/Engine_Scoring/Engine Scoring

2022-11-25 09:24:01 - [TEST_STEP][PASSED] - markPassed("Variasi data ke : " + no): Variasi data ke : 150

2022-11-25 09:24:01 - [MESSAGE][PASSED] - Variasi data ke : 150

2022-11-25 09:24:01 - [TEST_STEP][PASSED] - req_data = sendRequest(findTestObject("Search_ME", ["MID":MID, "source":source, "ip":ip, "userid":userid, "branch":branch, "tipekons":tipekons, "marital":marital, "penjamin":penjamin, ... ])): Send request successfully

2022-11-25 09:24:02 - [MESSAGE][INFO] - HAR: D:\DMS\Engine Scoring\Reports\20221125_091811\Exclude KKB - DS - Married\Scoring Married - KKB\20221125_091812\requests\main\100.har

2022-11-25 09:24:02 - [MESSAGE][PASSED] - Send request successfully

2022-11-25 09:24:02 - [TEST_STEP][PASSED] - slurper = new groovy.json.JsonSlurper(): null

2022-11-25 09:24:02 - [TEST_STEP][PASSED] - result = slurper.parseText(req_data.getResponseBodyContent()): null

2022-11-25 09:24:02 - [TEST_STEP][PASSED] - reqid_kons = requestid1: null

2022-11-25 09:24:02 - [TEST_STEP][PASSED] - reqid_spouse = requestid2: null

2022-11-25 09:24:02 - [TEST_STEP][PASSED] - println("requestid kons : " + reqid_kons): null

2022-11-25 09:24:02 - [TEST_STEP][PASSED] - response_searchME_kons = reqid_kons: null

2022-11-25 09:24:02 - [TEST_STEP][PASSED] - response_searchME_spouse = reqid_spouse: null

2022-11-25 09:24:02 - [TEST_STEP][PASSED] - println("kons req id is :" + response_searchME_kons): null

2022-11-25 09:24:02 - [TEST_STEP][PASSED] - println("spouse req id is : " + response_searchME_spouse): null

2022-11-25 09:24:02 - [TEST_STEP][PASSED] - verifyResponseStatusCode(req_data, 200): Verify response status code successfully

2022-11-25 09:24:02 - [MESSAGE][PASSED] - Verify response status code successfully

2022-11-25 09:24:02 - [TEST_STEP][PASSED] - response = req_data.getResponseText(): null

2022-11-25 09:24:02 - [TEST_STEP][PASSED] - logInfo($response): {"status":"Done","data":{"requestid1":"254898","requestid2":"254899"}}

2022-11-25 09:24:02 - [MESSAGE][INFO] - {"status":"Done","data":{"requestid1":"254898","requestid2":"254899"}}

2022-11-25 09:24:02 - [TEST_STEP][PASSED] - delay(5): Delayed 5 second(s)

2022-11-25 09:24:07 - [MESSAGE][PASSED] - Delayed 5 second(s)

2022-11-25 09:24:07 - [TEST_STEP][PASSED] - scoring = sendRequest(findTestObject("EngineScore", ["response_searchME_kons":response_searchME_kons, "response_searchME_spouse":response_searchME_spouse])): Send request successfully

2022-11-25 09:24:07 - [MESSAGE][INFO] - HAR: D:\DMS\Engine Scoring\Reports\20221125_091811\Exclude KKB - DS - Married\Scoring Married - KKB\20221125_091812\requests\main\101.har

2022-11-25 09:24:07 - [MESSAGE][PASSED] - Send request successfully

2022-11-25 09:24:07 - [TEST_STEP][PASSED] - verifyResponseStatusCode(scoring, 200): Verify response status code successfully

2022-11-25 09:24:07 - [MESSAGE][PASSED] - Verify response status code successfully

2022-11-25 09:24:07 - [TEST_STEP][PASSED] - response2 = scoring.getResponseText(): null

2022-11-25 09:24:07 - [TEST_STEP][PASSED] - markPassed("result service data ke : " + no): result service data ke : 150

2022-11-25 09:24:07 - [MESSAGE][PASSED] - result service data ke : 150

2022-11-25 09:24:07 - [TEST_STEP][PASSED] - logInfo($response2): {"result_konsumen":"Reject","result_pasangan":"Reject","Final_result":"Reject","errorMessage":"","status":"Done"}

2022-11-25 09:24:07 - [MESSAGE][INFO] - {"result_konsumen":"Reject","result_pasangan":"Reject","Final_result":"Reject","errorMessage":"","status":"Done"}

2022-11-25 09:24:07 - [TEST_STEP][PASSED] - verifyElementPropertyValue(scoring, "Final_result", final_result): Verify element property value successfully

2022-11-25 09:24:07 - [MESSAGE][PASSED] - Verify element property value successfully]]></system-out>
         <system-err><![CDATA[]]></system-err>
      </testcase>
      <testcase name="Test Cases/Engine_Scoring/Engine Scoring" time="6.747" classname="Test Cases/Engine_Scoring/Engine Scoring" status="PASSED">
         <system-out><![CDATA[2022-11-25 09:24:07 - [TEST_CASE][PASSED] - Test Cases/Engine_Scoring/Engine Scoring: Test Cases/Engine_Scoring/Engine Scoring

2022-11-25 09:24:08 - [TEST_STEP][PASSED] - markPassed("Variasi data ke : " + no): Variasi data ke : 151

2022-11-25 09:24:08 - [MESSAGE][PASSED] - Variasi data ke : 151

2022-11-25 09:24:08 - [TEST_STEP][PASSED] - req_data = sendRequest(findTestObject("Search_ME", ["MID":MID, "source":source, "ip":ip, "userid":userid, "branch":branch, "tipekons":tipekons, "marital":marital, "penjamin":penjamin, ... ])): Send request successfully

2022-11-25 09:24:09 - [MESSAGE][INFO] - HAR: D:\DMS\Engine Scoring\Reports\20221125_091811\Exclude KKB - DS - Married\Scoring Married - KKB\20221125_091812\requests\main\102.har

2022-11-25 09:24:09 - [MESSAGE][PASSED] - Send request successfully

2022-11-25 09:24:09 - [TEST_STEP][PASSED] - slurper = new groovy.json.JsonSlurper(): null

2022-11-25 09:24:09 - [TEST_STEP][PASSED] - result = slurper.parseText(req_data.getResponseBodyContent()): null

2022-11-25 09:24:09 - [TEST_STEP][PASSED] - reqid_kons = requestid1: null

2022-11-25 09:24:09 - [TEST_STEP][PASSED] - reqid_spouse = requestid2: null

2022-11-25 09:24:09 - [TEST_STEP][PASSED] - println("requestid kons : " + reqid_kons): null

2022-11-25 09:24:09 - [TEST_STEP][PASSED] - response_searchME_kons = reqid_kons: null

2022-11-25 09:24:09 - [TEST_STEP][PASSED] - response_searchME_spouse = reqid_spouse: null

2022-11-25 09:24:09 - [TEST_STEP][PASSED] - println("kons req id is :" + response_searchME_kons): null

2022-11-25 09:24:09 - [TEST_STEP][PASSED] - println("spouse req id is : " + response_searchME_spouse): null

2022-11-25 09:24:09 - [TEST_STEP][PASSED] - verifyResponseStatusCode(req_data, 200): Verify response status code successfully

2022-11-25 09:24:09 - [MESSAGE][PASSED] - Verify response status code successfully

2022-11-25 09:24:09 - [TEST_STEP][PASSED] - response = req_data.getResponseText(): null

2022-11-25 09:24:09 - [TEST_STEP][PASSED] - logInfo($response): {"status":"Done","data":{"requestid1":"254900","requestid2":"254901"}}

2022-11-25 09:24:09 - [MESSAGE][INFO] - {"status":"Done","data":{"requestid1":"254900","requestid2":"254901"}}

2022-11-25 09:24:09 - [TEST_STEP][PASSED] - delay(5): Delayed 5 second(s)

2022-11-25 09:24:14 - [MESSAGE][PASSED] - Delayed 5 second(s)

2022-11-25 09:24:14 - [TEST_STEP][PASSED] - scoring = sendRequest(findTestObject("EngineScore", ["response_searchME_kons":response_searchME_kons, "response_searchME_spouse":response_searchME_spouse])): Send request successfully

2022-11-25 09:24:14 - [MESSAGE][INFO] - HAR: D:\DMS\Engine Scoring\Reports\20221125_091811\Exclude KKB - DS - Married\Scoring Married - KKB\20221125_091812\requests\main\103.har

2022-11-25 09:24:14 - [MESSAGE][PASSED] - Send request successfully

2022-11-25 09:24:14 - [TEST_STEP][PASSED] - verifyResponseStatusCode(scoring, 200): Verify response status code successfully

2022-11-25 09:24:14 - [MESSAGE][PASSED] - Verify response status code successfully

2022-11-25 09:24:14 - [TEST_STEP][PASSED] - response2 = scoring.getResponseText(): null

2022-11-25 09:24:14 - [TEST_STEP][PASSED] - markPassed("result service data ke : " + no): result service data ke : 151

2022-11-25 09:24:14 - [MESSAGE][PASSED] - result service data ke : 151

2022-11-25 09:24:14 - [TEST_STEP][PASSED] - logInfo($response2): {"result_konsumen":"Reject","result_pasangan":"Reguler","Final_result":"Reject","errorMessage":"","status":"Done"}

2022-11-25 09:24:14 - [MESSAGE][INFO] - {"result_konsumen":"Reject","result_pasangan":"Reguler","Final_result":"Reject","errorMessage":"","status":"Done"}

2022-11-25 09:24:14 - [TEST_STEP][PASSED] - verifyElementPropertyValue(scoring, "Final_result", final_result): Verify element property value successfully

2022-11-25 09:24:14 - [MESSAGE][PASSED] - Verify element property value successfully]]></system-out>
         <system-err><![CDATA[]]></system-err>
      </testcase>
      <testcase name="Test Cases/Engine_Scoring/Engine Scoring" time="6.564" classname="Test Cases/Engine_Scoring/Engine Scoring" status="PASSED">
         <system-out><![CDATA[2022-11-25 09:24:14 - [TEST_CASE][PASSED] - Test Cases/Engine_Scoring/Engine Scoring: Test Cases/Engine_Scoring/Engine Scoring

2022-11-25 09:24:15 - [TEST_STEP][PASSED] - markPassed("Variasi data ke : " + no): Variasi data ke : 152

2022-11-25 09:24:15 - [MESSAGE][PASSED] - Variasi data ke : 152

2022-11-25 09:24:15 - [TEST_STEP][PASSED] - req_data = sendRequest(findTestObject("Search_ME", ["MID":MID, "source":source, "ip":ip, "userid":userid, "branch":branch, "tipekons":tipekons, "marital":marital, "penjamin":penjamin, ... ])): Send request successfully

2022-11-25 09:24:16 - [MESSAGE][INFO] - HAR: D:\DMS\Engine Scoring\Reports\20221125_091811\Exclude KKB - DS - Married\Scoring Married - KKB\20221125_091812\requests\main\104.har

2022-11-25 09:24:16 - [MESSAGE][PASSED] - Send request successfully

2022-11-25 09:24:16 - [TEST_STEP][PASSED] - slurper = new groovy.json.JsonSlurper(): null

2022-11-25 09:24:16 - [TEST_STEP][PASSED] - result = slurper.parseText(req_data.getResponseBodyContent()): null

2022-11-25 09:24:16 - [TEST_STEP][PASSED] - reqid_kons = requestid1: null

2022-11-25 09:24:16 - [TEST_STEP][PASSED] - reqid_spouse = requestid2: null

2022-11-25 09:24:16 - [TEST_STEP][PASSED] - println("requestid kons : " + reqid_kons): null

2022-11-25 09:24:16 - [TEST_STEP][PASSED] - response_searchME_kons = reqid_kons: null

2022-11-25 09:24:16 - [TEST_STEP][PASSED] - response_searchME_spouse = reqid_spouse: null

2022-11-25 09:24:16 - [TEST_STEP][PASSED] - println("kons req id is :" + response_searchME_kons): null

2022-11-25 09:24:16 - [TEST_STEP][PASSED] - println("spouse req id is : " + response_searchME_spouse): null

2022-11-25 09:24:16 - [TEST_STEP][PASSED] - verifyResponseStatusCode(req_data, 200): Verify response status code successfully

2022-11-25 09:24:16 - [MESSAGE][PASSED] - Verify response status code successfully

2022-11-25 09:24:16 - [TEST_STEP][PASSED] - response = req_data.getResponseText(): null

2022-11-25 09:24:16 - [TEST_STEP][PASSED] - logInfo($response): {"status":"Done","data":{"requestid1":"254902","requestid2":"254903"}}

2022-11-25 09:24:16 - [MESSAGE][INFO] - {"status":"Done","data":{"requestid1":"254902","requestid2":"254903"}}

2022-11-25 09:24:16 - [TEST_STEP][PASSED] - delay(5): Delayed 5 second(s)

2022-11-25 09:24:21 - [MESSAGE][PASSED] - Delayed 5 second(s)

2022-11-25 09:24:21 - [TEST_STEP][PASSED] - scoring = sendRequest(findTestObject("EngineScore", ["response_searchME_kons":response_searchME_kons, "response_searchME_spouse":response_searchME_spouse])): Send request successfully

2022-11-25 09:24:21 - [MESSAGE][INFO] - HAR: D:\DMS\Engine Scoring\Reports\20221125_091811\Exclude KKB - DS - Married\Scoring Married - KKB\20221125_091812\requests\main\105.har

2022-11-25 09:24:21 - [MESSAGE][PASSED] - Send request successfully

2022-11-25 09:24:21 - [TEST_STEP][PASSED] - verifyResponseStatusCode(scoring, 200): Verify response status code successfully

2022-11-25 09:24:21 - [MESSAGE][PASSED] - Verify response status code successfully

2022-11-25 09:24:21 - [TEST_STEP][PASSED] - response2 = scoring.getResponseText(): null

2022-11-25 09:24:21 - [TEST_STEP][PASSED] - markPassed("result service data ke : " + no): result service data ke : 152

2022-11-25 09:24:21 - [MESSAGE][PASSED] - result service data ke : 152

2022-11-25 09:24:21 - [TEST_STEP][PASSED] - logInfo($response2): {"result_konsumen":"Reject","result_pasangan":"Reguler","Final_result":"Reject","errorMessage":"","status":"Done"}

2022-11-25 09:24:21 - [MESSAGE][INFO] - {"result_konsumen":"Reject","result_pasangan":"Reguler","Final_result":"Reject","errorMessage":"","status":"Done"}

2022-11-25 09:24:21 - [TEST_STEP][PASSED] - verifyElementPropertyValue(scoring, "Final_result", final_result): Verify element property value successfully

2022-11-25 09:24:21 - [MESSAGE][PASSED] - Verify element property value successfully]]></system-out>
         <system-err><![CDATA[]]></system-err>
      </testcase>
      <testcase name="Test Cases/Engine_Scoring/Engine Scoring" time="6.947" classname="Test Cases/Engine_Scoring/Engine Scoring" status="PASSED">
         <system-out><![CDATA[2022-11-25 09:24:21 - [TEST_CASE][PASSED] - Test Cases/Engine_Scoring/Engine Scoring: Test Cases/Engine_Scoring/Engine Scoring

2022-11-25 09:24:22 - [TEST_STEP][PASSED] - markPassed("Variasi data ke : " + no): Variasi data ke : 153

2022-11-25 09:24:22 - [MESSAGE][PASSED] - Variasi data ke : 153

2022-11-25 09:24:22 - [TEST_STEP][PASSED] - req_data = sendRequest(findTestObject("Search_ME", ["MID":MID, "source":source, "ip":ip, "userid":userid, "branch":branch, "tipekons":tipekons, "marital":marital, "penjamin":penjamin, ... ])): Send request successfully

2022-11-25 09:24:22 - [MESSAGE][INFO] - HAR: D:\DMS\Engine Scoring\Reports\20221125_091811\Exclude KKB - DS - Married\Scoring Married - KKB\20221125_091812\requests\main\106.har

2022-11-25 09:24:22 - [MESSAGE][PASSED] - Send request successfully

2022-11-25 09:24:22 - [TEST_STEP][PASSED] - slurper = new groovy.json.JsonSlurper(): null

2022-11-25 09:24:22 - [TEST_STEP][PASSED] - result = slurper.parseText(req_data.getResponseBodyContent()): null

2022-11-25 09:24:22 - [TEST_STEP][PASSED] - reqid_kons = requestid1: null

2022-11-25 09:24:22 - [TEST_STEP][PASSED] - reqid_spouse = requestid2: null

2022-11-25 09:24:22 - [TEST_STEP][PASSED] - println("requestid kons : " + reqid_kons): null

2022-11-25 09:24:22 - [TEST_STEP][PASSED] - response_searchME_kons = reqid_kons: null

2022-11-25 09:24:22 - [TEST_STEP][PASSED] - response_searchME_spouse = reqid_spouse: null

2022-11-25 09:24:22 - [TEST_STEP][PASSED] - println("kons req id is :" + response_searchME_kons): null

2022-11-25 09:24:22 - [TEST_STEP][PASSED] - println("spouse req id is : " + response_searchME_spouse): null

2022-11-25 09:24:22 - [TEST_STEP][PASSED] - verifyResponseStatusCode(req_data, 200): Verify response status code successfully

2022-11-25 09:24:22 - [MESSAGE][PASSED] - Verify response status code successfully

2022-11-25 09:24:22 - [TEST_STEP][PASSED] - response = req_data.getResponseText(): null

2022-11-25 09:24:22 - [TEST_STEP][PASSED] - logInfo($response): {"status":"Done","data":{"requestid1":"254904","requestid2":"254905"}}

2022-11-25 09:24:22 - [MESSAGE][INFO] - {"status":"Done","data":{"requestid1":"254904","requestid2":"254905"}}

2022-11-25 09:24:22 - [TEST_STEP][PASSED] - delay(5): Delayed 5 second(s)

2022-11-25 09:24:27 - [MESSAGE][PASSED] - Delayed 5 second(s)

2022-11-25 09:24:27 - [TEST_STEP][PASSED] - scoring = sendRequest(findTestObject("EngineScore", ["response_searchME_kons":response_searchME_kons, "response_searchME_spouse":response_searchME_spouse])): Send request successfully

2022-11-25 09:24:28 - [MESSAGE][INFO] - HAR: D:\DMS\Engine Scoring\Reports\20221125_091811\Exclude KKB - DS - Married\Scoring Married - KKB\20221125_091812\requests\main\107.har

2022-11-25 09:24:28 - [MESSAGE][PASSED] - Send request successfully

2022-11-25 09:24:28 - [TEST_STEP][PASSED] - verifyResponseStatusCode(scoring, 200): Verify response status code successfully

2022-11-25 09:24:28 - [MESSAGE][PASSED] - Verify response status code successfully

2022-11-25 09:24:28 - [TEST_STEP][PASSED] - response2 = scoring.getResponseText(): null

2022-11-25 09:24:28 - [TEST_STEP][PASSED] - markPassed("result service data ke : " + no): result service data ke : 153

2022-11-25 09:24:28 - [MESSAGE][PASSED] - result service data ke : 153

2022-11-25 09:24:28 - [TEST_STEP][PASSED] - logInfo($response2): {"result_konsumen":"Reject","result_pasangan":"Reguler","Final_result":"Reject","errorMessage":"","status":"Done"}

2022-11-25 09:24:28 - [MESSAGE][INFO] - {"result_konsumen":"Reject","result_pasangan":"Reguler","Final_result":"Reject","errorMessage":"","status":"Done"}

2022-11-25 09:24:28 - [TEST_STEP][PASSED] - verifyElementPropertyValue(scoring, "Final_result", final_result): Verify element property value successfully

2022-11-25 09:24:28 - [MESSAGE][PASSED] - Verify element property value successfully]]></system-out>
         <system-err><![CDATA[]]></system-err>
      </testcase>
      <testcase name="Test Cases/Engine_Scoring/Engine Scoring" time="6.786" classname="Test Cases/Engine_Scoring/Engine Scoring" status="PASSED">
         <system-out><![CDATA[2022-11-25 09:24:28 - [TEST_CASE][PASSED] - Test Cases/Engine_Scoring/Engine Scoring: Test Cases/Engine_Scoring/Engine Scoring

2022-11-25 09:24:29 - [TEST_STEP][PASSED] - markPassed("Variasi data ke : " + no): Variasi data ke : 154

2022-11-25 09:24:29 - [MESSAGE][PASSED] - Variasi data ke : 154

2022-11-25 09:24:29 - [TEST_STEP][PASSED] - req_data = sendRequest(findTestObject("Search_ME", ["MID":MID, "source":source, "ip":ip, "userid":userid, "branch":branch, "tipekons":tipekons, "marital":marital, "penjamin":penjamin, ... ])): Send request successfully

2022-11-25 09:24:29 - [MESSAGE][INFO] - HAR: D:\DMS\Engine Scoring\Reports\20221125_091811\Exclude KKB - DS - Married\Scoring Married - KKB\20221125_091812\requests\main\108.har

2022-11-25 09:24:29 - [MESSAGE][PASSED] - Send request successfully

2022-11-25 09:24:29 - [TEST_STEP][PASSED] - slurper = new groovy.json.JsonSlurper(): null

2022-11-25 09:24:29 - [TEST_STEP][PASSED] - result = slurper.parseText(req_data.getResponseBodyContent()): null

2022-11-25 09:24:29 - [TEST_STEP][PASSED] - reqid_kons = requestid1: null

2022-11-25 09:24:29 - [TEST_STEP][PASSED] - reqid_spouse = requestid2: null

2022-11-25 09:24:29 - [TEST_STEP][PASSED] - println("requestid kons : " + reqid_kons): null

2022-11-25 09:24:29 - [TEST_STEP][PASSED] - response_searchME_kons = reqid_kons: null

2022-11-25 09:24:29 - [TEST_STEP][PASSED] - response_searchME_spouse = reqid_spouse: null

2022-11-25 09:24:29 - [TEST_STEP][PASSED] - println("kons req id is :" + response_searchME_kons): null

2022-11-25 09:24:29 - [TEST_STEP][PASSED] - println("spouse req id is : " + response_searchME_spouse): null

2022-11-25 09:24:29 - [TEST_STEP][PASSED] - verifyResponseStatusCode(req_data, 200): Verify response status code successfully

2022-11-25 09:24:29 - [MESSAGE][PASSED] - Verify response status code successfully

2022-11-25 09:24:29 - [TEST_STEP][PASSED] - response = req_data.getResponseText(): null

2022-11-25 09:24:29 - [TEST_STEP][PASSED] - logInfo($response): {"status":"Done","data":{"requestid1":"254906","requestid2":"254907"}}

2022-11-25 09:24:29 - [MESSAGE][INFO] - {"status":"Done","data":{"requestid1":"254906","requestid2":"254907"}}

2022-11-25 09:24:29 - [TEST_STEP][PASSED] - delay(5): Delayed 5 second(s)

2022-11-25 09:24:34 - [MESSAGE][PASSED] - Delayed 5 second(s)

2022-11-25 09:24:34 - [TEST_STEP][PASSED] - scoring = sendRequest(findTestObject("EngineScore", ["response_searchME_kons":response_searchME_kons, "response_searchME_spouse":response_searchME_spouse])): Send request successfully

2022-11-25 09:24:35 - [MESSAGE][INFO] - HAR: D:\DMS\Engine Scoring\Reports\20221125_091811\Exclude KKB - DS - Married\Scoring Married - KKB\20221125_091812\requests\main\109.har

2022-11-25 09:24:35 - [MESSAGE][PASSED] - Send request successfully

2022-11-25 09:24:35 - [TEST_STEP][PASSED] - verifyResponseStatusCode(scoring, 200): Verify response status code successfully

2022-11-25 09:24:35 - [MESSAGE][PASSED] - Verify response status code successfully

2022-11-25 09:24:35 - [TEST_STEP][PASSED] - response2 = scoring.getResponseText(): null

2022-11-25 09:24:35 - [TEST_STEP][PASSED] - markPassed("result service data ke : " + no): result service data ke : 154

2022-11-25 09:24:35 - [MESSAGE][PASSED] - result service data ke : 154

2022-11-25 09:24:35 - [TEST_STEP][PASSED] - logInfo($response2): {"result_konsumen":"Reject","result_pasangan":"Approve","Final_result":"Reject","errorMessage":"","status":"Done"}

2022-11-25 09:24:35 - [MESSAGE][INFO] - {"result_konsumen":"Reject","result_pasangan":"Approve","Final_result":"Reject","errorMessage":"","status":"Done"}

2022-11-25 09:24:35 - [TEST_STEP][PASSED] - verifyElementPropertyValue(scoring, "Final_result", final_result): Verify element property value successfully

2022-11-25 09:24:35 - [MESSAGE][PASSED] - Verify element property value successfully]]></system-out>
         <system-err><![CDATA[]]></system-err>
      </testcase>
      <testcase name="Test Cases/Engine_Scoring/Engine Scoring" time="6.848" classname="Test Cases/Engine_Scoring/Engine Scoring" status="PASSED">
         <system-out><![CDATA[2022-11-25 09:24:35 - [TEST_CASE][PASSED] - Test Cases/Engine_Scoring/Engine Scoring: Test Cases/Engine_Scoring/Engine Scoring

2022-11-25 09:24:35 - [TEST_STEP][PASSED] - markPassed("Variasi data ke : " + no): Variasi data ke : 155

2022-11-25 09:24:35 - [MESSAGE][PASSED] - Variasi data ke : 155

2022-11-25 09:24:35 - [TEST_STEP][PASSED] - req_data = sendRequest(findTestObject("Search_ME", ["MID":MID, "source":source, "ip":ip, "userid":userid, "branch":branch, "tipekons":tipekons, "marital":marital, "penjamin":penjamin, ... ])): Send request successfully

2022-11-25 09:24:36 - [MESSAGE][INFO] - HAR: D:\DMS\Engine Scoring\Reports\20221125_091811\Exclude KKB - DS - Married\Scoring Married - KKB\20221125_091812\requests\main\110.har

2022-11-25 09:24:36 - [MESSAGE][PASSED] - Send request successfully

2022-11-25 09:24:36 - [TEST_STEP][PASSED] - slurper = new groovy.json.JsonSlurper(): null

2022-11-25 09:24:36 - [TEST_STEP][PASSED] - result = slurper.parseText(req_data.getResponseBodyContent()): null

2022-11-25 09:24:36 - [TEST_STEP][PASSED] - reqid_kons = requestid1: null

2022-11-25 09:24:36 - [TEST_STEP][PASSED] - reqid_spouse = requestid2: null

2022-11-25 09:24:36 - [TEST_STEP][PASSED] - println("requestid kons : " + reqid_kons): null

2022-11-25 09:24:36 - [TEST_STEP][PASSED] - response_searchME_kons = reqid_kons: null

2022-11-25 09:24:36 - [TEST_STEP][PASSED] - response_searchME_spouse = reqid_spouse: null

2022-11-25 09:24:36 - [TEST_STEP][PASSED] - println("kons req id is :" + response_searchME_kons): null

2022-11-25 09:24:36 - [TEST_STEP][PASSED] - println("spouse req id is : " + response_searchME_spouse): null

2022-11-25 09:24:36 - [TEST_STEP][PASSED] - verifyResponseStatusCode(req_data, 200): Verify response status code successfully

2022-11-25 09:24:36 - [MESSAGE][PASSED] - Verify response status code successfully

2022-11-25 09:24:36 - [TEST_STEP][PASSED] - response = req_data.getResponseText(): null

2022-11-25 09:24:36 - [TEST_STEP][PASSED] - logInfo($response): {"status":"Done","data":{"requestid1":"254908","requestid2":"254909"}}

2022-11-25 09:24:36 - [MESSAGE][INFO] - {"status":"Done","data":{"requestid1":"254908","requestid2":"254909"}}

2022-11-25 09:24:36 - [TEST_STEP][PASSED] - delay(5): Delayed 5 second(s)

2022-11-25 09:24:41 - [MESSAGE][PASSED] - Delayed 5 second(s)

2022-11-25 09:24:41 - [TEST_STEP][PASSED] - scoring = sendRequest(findTestObject("EngineScore", ["response_searchME_kons":response_searchME_kons, "response_searchME_spouse":response_searchME_spouse])): Send request successfully

2022-11-25 09:24:42 - [MESSAGE][INFO] - HAR: D:\DMS\Engine Scoring\Reports\20221125_091811\Exclude KKB - DS - Married\Scoring Married - KKB\20221125_091812\requests\main\111.har

2022-11-25 09:24:42 - [MESSAGE][PASSED] - Send request successfully

2022-11-25 09:24:42 - [TEST_STEP][PASSED] - verifyResponseStatusCode(scoring, 200): Verify response status code successfully

2022-11-25 09:24:42 - [MESSAGE][PASSED] - Verify response status code successfully

2022-11-25 09:24:42 - [TEST_STEP][PASSED] - response2 = scoring.getResponseText(): null

2022-11-25 09:24:42 - [TEST_STEP][PASSED] - markPassed("result service data ke : " + no): result service data ke : 155

2022-11-25 09:24:42 - [MESSAGE][PASSED] - result service data ke : 155

2022-11-25 09:24:42 - [TEST_STEP][PASSED] - logInfo($response2): {"result_konsumen":"Reject","result_pasangan":"Approve","Final_result":"Reject","errorMessage":"","status":"Done"}

2022-11-25 09:24:42 - [MESSAGE][INFO] - {"result_konsumen":"Reject","result_pasangan":"Approve","Final_result":"Reject","errorMessage":"","status":"Done"}

2022-11-25 09:24:42 - [TEST_STEP][PASSED] - verifyElementPropertyValue(scoring, "Final_result", final_result): Verify element property value successfully

2022-11-25 09:24:42 - [MESSAGE][PASSED] - Verify element property value successfully]]></system-out>
         <system-err><![CDATA[]]></system-err>
      </testcase>
      <testcase name="Test Cases/Engine_Scoring/Engine Scoring" time="6.716" classname="Test Cases/Engine_Scoring/Engine Scoring" status="PASSED">
         <system-out><![CDATA[2022-11-25 09:24:42 - [TEST_CASE][PASSED] - Test Cases/Engine_Scoring/Engine Scoring: Test Cases/Engine_Scoring/Engine Scoring

2022-11-25 09:24:42 - [TEST_STEP][PASSED] - markPassed("Variasi data ke : " + no): Variasi data ke : 156

2022-11-25 09:24:42 - [MESSAGE][PASSED] - Variasi data ke : 156

2022-11-25 09:24:42 - [TEST_STEP][PASSED] - req_data = sendRequest(findTestObject("Search_ME", ["MID":MID, "source":source, "ip":ip, "userid":userid, "branch":branch, "tipekons":tipekons, "marital":marital, "penjamin":penjamin, ... ])): Send request successfully

2022-11-25 09:24:43 - [MESSAGE][INFO] - HAR: D:\DMS\Engine Scoring\Reports\20221125_091811\Exclude KKB - DS - Married\Scoring Married - KKB\20221125_091812\requests\main\112.har

2022-11-25 09:24:43 - [MESSAGE][PASSED] - Send request successfully

2022-11-25 09:24:43 - [TEST_STEP][PASSED] - slurper = new groovy.json.JsonSlurper(): null

2022-11-25 09:24:43 - [TEST_STEP][PASSED] - result = slurper.parseText(req_data.getResponseBodyContent()): null

2022-11-25 09:24:43 - [TEST_STEP][PASSED] - reqid_kons = requestid1: null

2022-11-25 09:24:43 - [TEST_STEP][PASSED] - reqid_spouse = requestid2: null

2022-11-25 09:24:43 - [TEST_STEP][PASSED] - println("requestid kons : " + reqid_kons): null

2022-11-25 09:24:43 - [TEST_STEP][PASSED] - response_searchME_kons = reqid_kons: null

2022-11-25 09:24:43 - [TEST_STEP][PASSED] - response_searchME_spouse = reqid_spouse: null

2022-11-25 09:24:43 - [TEST_STEP][PASSED] - println("kons req id is :" + response_searchME_kons): null

2022-11-25 09:24:43 - [TEST_STEP][PASSED] - println("spouse req id is : " + response_searchME_spouse): null

2022-11-25 09:24:43 - [TEST_STEP][PASSED] - verifyResponseStatusCode(req_data, 200): Verify response status code successfully

2022-11-25 09:24:43 - [MESSAGE][PASSED] - Verify response status code successfully

2022-11-25 09:24:43 - [TEST_STEP][PASSED] - response = req_data.getResponseText(): null

2022-11-25 09:24:43 - [TEST_STEP][PASSED] - logInfo($response): {"status":"Done","data":{"requestid1":"254910","requestid2":"254911"}}

2022-11-25 09:24:43 - [MESSAGE][INFO] - {"status":"Done","data":{"requestid1":"254910","requestid2":"254911"}}

2022-11-25 09:24:43 - [TEST_STEP][PASSED] - delay(5): Delayed 5 second(s)

2022-11-25 09:24:48 - [MESSAGE][PASSED] - Delayed 5 second(s)

2022-11-25 09:24:48 - [TEST_STEP][PASSED] - scoring = sendRequest(findTestObject("EngineScore", ["response_searchME_kons":response_searchME_kons, "response_searchME_spouse":response_searchME_spouse])): Send request successfully

2022-11-25 09:24:48 - [MESSAGE][INFO] - HAR: D:\DMS\Engine Scoring\Reports\20221125_091811\Exclude KKB - DS - Married\Scoring Married - KKB\20221125_091812\requests\main\113.har

2022-11-25 09:24:48 - [MESSAGE][PASSED] - Send request successfully

2022-11-25 09:24:48 - [TEST_STEP][PASSED] - verifyResponseStatusCode(scoring, 200): Verify response status code successfully

2022-11-25 09:24:48 - [MESSAGE][PASSED] - Verify response status code successfully

2022-11-25 09:24:48 - [TEST_STEP][PASSED] - response2 = scoring.getResponseText(): null

2022-11-25 09:24:48 - [TEST_STEP][PASSED] - markPassed("result service data ke : " + no): result service data ke : 156

2022-11-25 09:24:48 - [MESSAGE][PASSED] - result service data ke : 156

2022-11-25 09:24:48 - [TEST_STEP][PASSED] - logInfo($response2): {"result_konsumen":"Reject","result_pasangan":"Approve","Final_result":"Reject","errorMessage":"","status":"Done"}

2022-11-25 09:24:48 - [MESSAGE][INFO] - {"result_konsumen":"Reject","result_pasangan":"Approve","Final_result":"Reject","errorMessage":"","status":"Done"}

2022-11-25 09:24:48 - [TEST_STEP][PASSED] - verifyElementPropertyValue(scoring, "Final_result", final_result): Verify element property value successfully

2022-11-25 09:24:48 - [MESSAGE][PASSED] - Verify element property value successfully]]></system-out>
         <system-err><![CDATA[]]></system-err>
      </testcase>
      <testcase name="Test Cases/Engine_Scoring/Engine Scoring" time="6.762" classname="Test Cases/Engine_Scoring/Engine Scoring" status="PASSED">
         <system-out><![CDATA[2022-11-25 09:24:48 - [TEST_CASE][PASSED] - Test Cases/Engine_Scoring/Engine Scoring: Test Cases/Engine_Scoring/Engine Scoring

2022-11-25 09:24:49 - [TEST_STEP][PASSED] - markPassed("Variasi data ke : " + no): Variasi data ke : 157

2022-11-25 09:24:49 - [MESSAGE][PASSED] - Variasi data ke : 157

2022-11-25 09:24:49 - [TEST_STEP][PASSED] - req_data = sendRequest(findTestObject("Search_ME", ["MID":MID, "source":source, "ip":ip, "userid":userid, "branch":branch, "tipekons":tipekons, "marital":marital, "penjamin":penjamin, ... ])): Send request successfully

2022-11-25 09:24:50 - [MESSAGE][INFO] - HAR: D:\DMS\Engine Scoring\Reports\20221125_091811\Exclude KKB - DS - Married\Scoring Married - KKB\20221125_091812\requests\main\114.har

2022-11-25 09:24:50 - [MESSAGE][PASSED] - Send request successfully

2022-11-25 09:24:50 - [TEST_STEP][PASSED] - slurper = new groovy.json.JsonSlurper(): null

2022-11-25 09:24:50 - [TEST_STEP][PASSED] - result = slurper.parseText(req_data.getResponseBodyContent()): null

2022-11-25 09:24:50 - [TEST_STEP][PASSED] - reqid_kons = requestid1: null

2022-11-25 09:24:50 - [TEST_STEP][PASSED] - reqid_spouse = requestid2: null

2022-11-25 09:24:50 - [TEST_STEP][PASSED] - println("requestid kons : " + reqid_kons): null

2022-11-25 09:24:50 - [TEST_STEP][PASSED] - response_searchME_kons = reqid_kons: null

2022-11-25 09:24:50 - [TEST_STEP][PASSED] - response_searchME_spouse = reqid_spouse: null

2022-11-25 09:24:50 - [TEST_STEP][PASSED] - println("kons req id is :" + response_searchME_kons): null

2022-11-25 09:24:50 - [TEST_STEP][PASSED] - println("spouse req id is : " + response_searchME_spouse): null

2022-11-25 09:24:50 - [TEST_STEP][PASSED] - verifyResponseStatusCode(req_data, 200): Verify response status code successfully

2022-11-25 09:24:50 - [MESSAGE][PASSED] - Verify response status code successfully

2022-11-25 09:24:50 - [TEST_STEP][PASSED] - response = req_data.getResponseText(): null

2022-11-25 09:24:50 - [TEST_STEP][PASSED] - logInfo($response): {"status":"Done","data":{"requestid1":"254912","requestid2":"254913"}}

2022-11-25 09:24:50 - [MESSAGE][INFO] - {"status":"Done","data":{"requestid1":"254912","requestid2":"254913"}}

2022-11-25 09:24:50 - [TEST_STEP][PASSED] - delay(5): Delayed 5 second(s)

2022-11-25 09:24:55 - [MESSAGE][PASSED] - Delayed 5 second(s)

2022-11-25 09:24:55 - [TEST_STEP][PASSED] - scoring = sendRequest(findTestObject("EngineScore", ["response_searchME_kons":response_searchME_kons, "response_searchME_spouse":response_searchME_spouse])): Send request successfully

2022-11-25 09:24:55 - [MESSAGE][INFO] - HAR: D:\DMS\Engine Scoring\Reports\20221125_091811\Exclude KKB - DS - Married\Scoring Married - KKB\20221125_091812\requests\main\115.har

2022-11-25 09:24:55 - [MESSAGE][PASSED] - Send request successfully

2022-11-25 09:24:55 - [TEST_STEP][PASSED] - verifyResponseStatusCode(scoring, 200): Verify response status code successfully

2022-11-25 09:24:55 - [MESSAGE][PASSED] - Verify response status code successfully

2022-11-25 09:24:55 - [TEST_STEP][PASSED] - response2 = scoring.getResponseText(): null

2022-11-25 09:24:55 - [TEST_STEP][PASSED] - markPassed("result service data ke : " + no): result service data ke : 157

2022-11-25 09:24:55 - [MESSAGE][PASSED] - result service data ke : 157

2022-11-25 09:24:55 - [TEST_STEP][PASSED] - logInfo($response2): {"result_konsumen":"Reject","result_pasangan":"Approve","Final_result":"Reject","errorMessage":"","status":"Done"}

2022-11-25 09:24:55 - [MESSAGE][INFO] - {"result_konsumen":"Reject","result_pasangan":"Approve","Final_result":"Reject","errorMessage":"","status":"Done"}

2022-11-25 09:24:55 - [TEST_STEP][PASSED] - verifyElementPropertyValue(scoring, "Final_result", final_result): Verify element property value successfully

2022-11-25 09:24:55 - [MESSAGE][PASSED] - Verify element property value successfully]]></system-out>
         <system-err><![CDATA[]]></system-err>
      </testcase>
      <testcase name="Test Cases/Engine_Scoring/Engine Scoring" time="6.627" classname="Test Cases/Engine_Scoring/Engine Scoring" status="PASSED">
         <system-out><![CDATA[2022-11-25 09:24:55 - [TEST_CASE][PASSED] - Test Cases/Engine_Scoring/Engine Scoring: Test Cases/Engine_Scoring/Engine Scoring

2022-11-25 09:24:56 - [TEST_STEP][PASSED] - markPassed("Variasi data ke : " + no): Variasi data ke : 158

2022-11-25 09:24:56 - [MESSAGE][PASSED] - Variasi data ke : 158

2022-11-25 09:24:56 - [TEST_STEP][PASSED] - req_data = sendRequest(findTestObject("Search_ME", ["MID":MID, "source":source, "ip":ip, "userid":userid, "branch":branch, "tipekons":tipekons, "marital":marital, "penjamin":penjamin, ... ])): Send request successfully

2022-11-25 09:24:57 - [MESSAGE][INFO] - HAR: D:\DMS\Engine Scoring\Reports\20221125_091811\Exclude KKB - DS - Married\Scoring Married - KKB\20221125_091812\requests\main\116.har

2022-11-25 09:24:57 - [MESSAGE][PASSED] - Send request successfully

2022-11-25 09:24:57 - [TEST_STEP][PASSED] - slurper = new groovy.json.JsonSlurper(): null

2022-11-25 09:24:57 - [TEST_STEP][PASSED] - result = slurper.parseText(req_data.getResponseBodyContent()): null

2022-11-25 09:24:57 - [TEST_STEP][PASSED] - reqid_kons = requestid1: null

2022-11-25 09:24:57 - [TEST_STEP][PASSED] - reqid_spouse = requestid2: null

2022-11-25 09:24:57 - [TEST_STEP][PASSED] - println("requestid kons : " + reqid_kons): null

2022-11-25 09:24:57 - [TEST_STEP][PASSED] - response_searchME_kons = reqid_kons: null

2022-11-25 09:24:57 - [TEST_STEP][PASSED] - response_searchME_spouse = reqid_spouse: null

2022-11-25 09:24:57 - [TEST_STEP][PASSED] - println("kons req id is :" + response_searchME_kons): null

2022-11-25 09:24:57 - [TEST_STEP][PASSED] - println("spouse req id is : " + response_searchME_spouse): null

2022-11-25 09:24:57 - [TEST_STEP][PASSED] - verifyResponseStatusCode(req_data, 200): Verify response status code successfully

2022-11-25 09:24:57 - [MESSAGE][PASSED] - Verify response status code successfully

2022-11-25 09:24:57 - [TEST_STEP][PASSED] - response = req_data.getResponseText(): null

2022-11-25 09:24:57 - [TEST_STEP][PASSED] - logInfo($response): {"status":"Done","data":{"requestid1":"254914","requestid2":"254915"}}

2022-11-25 09:24:57 - [MESSAGE][INFO] - {"status":"Done","data":{"requestid1":"254914","requestid2":"254915"}}

2022-11-25 09:24:57 - [TEST_STEP][PASSED] - delay(5): Delayed 5 second(s)

2022-11-25 09:25:02 - [MESSAGE][PASSED] - Delayed 5 second(s)

2022-11-25 09:25:02 - [TEST_STEP][PASSED] - scoring = sendRequest(findTestObject("EngineScore", ["response_searchME_kons":response_searchME_kons, "response_searchME_spouse":response_searchME_spouse])): Send request successfully

2022-11-25 09:25:02 - [MESSAGE][INFO] - HAR: D:\DMS\Engine Scoring\Reports\20221125_091811\Exclude KKB - DS - Married\Scoring Married - KKB\20221125_091812\requests\main\117.har

2022-11-25 09:25:02 - [MESSAGE][PASSED] - Send request successfully

2022-11-25 09:25:02 - [TEST_STEP][PASSED] - verifyResponseStatusCode(scoring, 200): Verify response status code successfully

2022-11-25 09:25:02 - [MESSAGE][PASSED] - Verify response status code successfully

2022-11-25 09:25:02 - [TEST_STEP][PASSED] - response2 = scoring.getResponseText(): null

2022-11-25 09:25:02 - [TEST_STEP][PASSED] - markPassed("result service data ke : " + no): result service data ke : 158

2022-11-25 09:25:02 - [MESSAGE][PASSED] - result service data ke : 158

2022-11-25 09:25:02 - [TEST_STEP][PASSED] - logInfo($response2): {"result_konsumen":"Reject","result_pasangan":"Reject","Final_result":"Reject","errorMessage":"","status":"Done"}

2022-11-25 09:25:02 - [MESSAGE][INFO] - {"result_konsumen":"Reject","result_pasangan":"Reject","Final_result":"Reject","errorMessage":"","status":"Done"}

2022-11-25 09:25:02 - [TEST_STEP][PASSED] - verifyElementPropertyValue(scoring, "Final_result", final_result): Verify element property value successfully

2022-11-25 09:25:02 - [MESSAGE][PASSED] - Verify element property value successfully]]></system-out>
         <system-err><![CDATA[]]></system-err>
      </testcase>
      <testcase name="Test Cases/Engine_Scoring/Engine Scoring" time="6.65" classname="Test Cases/Engine_Scoring/Engine Scoring" status="PASSED">
         <system-out><![CDATA[2022-11-25 09:25:02 - [TEST_CASE][PASSED] - Test Cases/Engine_Scoring/Engine Scoring: Test Cases/Engine_Scoring/Engine Scoring

2022-11-25 09:25:03 - [TEST_STEP][PASSED] - markPassed("Variasi data ke : " + no): Variasi data ke : 159

2022-11-25 09:25:03 - [MESSAGE][PASSED] - Variasi data ke : 159

2022-11-25 09:25:03 - [TEST_STEP][PASSED] - req_data = sendRequest(findTestObject("Search_ME", ["MID":MID, "source":source, "ip":ip, "userid":userid, "branch":branch, "tipekons":tipekons, "marital":marital, "penjamin":penjamin, ... ])): Send request successfully

2022-11-25 09:25:03 - [MESSAGE][INFO] - HAR: D:\DMS\Engine Scoring\Reports\20221125_091811\Exclude KKB - DS - Married\Scoring Married - KKB\20221125_091812\requests\main\118.har

2022-11-25 09:25:03 - [MESSAGE][PASSED] - Send request successfully

2022-11-25 09:25:03 - [TEST_STEP][PASSED] - slurper = new groovy.json.JsonSlurper(): null

2022-11-25 09:25:03 - [TEST_STEP][PASSED] - result = slurper.parseText(req_data.getResponseBodyContent()): null

2022-11-25 09:25:03 - [TEST_STEP][PASSED] - reqid_kons = requestid1: null

2022-11-25 09:25:03 - [TEST_STEP][PASSED] - reqid_spouse = requestid2: null

2022-11-25 09:25:03 - [TEST_STEP][PASSED] - println("requestid kons : " + reqid_kons): null

2022-11-25 09:25:03 - [TEST_STEP][PASSED] - response_searchME_kons = reqid_kons: null

2022-11-25 09:25:03 - [TEST_STEP][PASSED] - response_searchME_spouse = reqid_spouse: null

2022-11-25 09:25:03 - [TEST_STEP][PASSED] - println("kons req id is :" + response_searchME_kons): null

2022-11-25 09:25:03 - [TEST_STEP][PASSED] - println("spouse req id is : " + response_searchME_spouse): null

2022-11-25 09:25:03 - [TEST_STEP][PASSED] - verifyResponseStatusCode(req_data, 200): Verify response status code successfully

2022-11-25 09:25:03 - [MESSAGE][PASSED] - Verify response status code successfully

2022-11-25 09:25:03 - [TEST_STEP][PASSED] - response = req_data.getResponseText(): null

2022-11-25 09:25:03 - [TEST_STEP][PASSED] - logInfo($response): {"status":"Done","data":{"requestid1":"254916","requestid2":"254917"}}

2022-11-25 09:25:03 - [MESSAGE][INFO] - {"status":"Done","data":{"requestid1":"254916","requestid2":"254917"}}

2022-11-25 09:25:03 - [TEST_STEP][PASSED] - delay(5): Delayed 5 second(s)

2022-11-25 09:25:08 - [MESSAGE][PASSED] - Delayed 5 second(s)

2022-11-25 09:25:08 - [TEST_STEP][PASSED] - scoring = sendRequest(findTestObject("EngineScore", ["response_searchME_kons":response_searchME_kons, "response_searchME_spouse":response_searchME_spouse])): Send request successfully

2022-11-25 09:25:09 - [MESSAGE][INFO] - HAR: D:\DMS\Engine Scoring\Reports\20221125_091811\Exclude KKB - DS - Married\Scoring Married - KKB\20221125_091812\requests\main\119.har

2022-11-25 09:25:09 - [MESSAGE][PASSED] - Send request successfully

2022-11-25 09:25:09 - [TEST_STEP][PASSED] - verifyResponseStatusCode(scoring, 200): Verify response status code successfully

2022-11-25 09:25:09 - [MESSAGE][PASSED] - Verify response status code successfully

2022-11-25 09:25:09 - [TEST_STEP][PASSED] - response2 = scoring.getResponseText(): null

2022-11-25 09:25:09 - [TEST_STEP][PASSED] - markPassed("result service data ke : " + no): result service data ke : 159

2022-11-25 09:25:09 - [MESSAGE][PASSED] - result service data ke : 159

2022-11-25 09:25:09 - [TEST_STEP][PASSED] - logInfo($response2): {"result_konsumen":"Reject","result_pasangan":"Reject","Final_result":"Reject","errorMessage":"","status":"Done"}

2022-11-25 09:25:09 - [MESSAGE][INFO] - {"result_konsumen":"Reject","result_pasangan":"Reject","Final_result":"Reject","errorMessage":"","status":"Done"}

2022-11-25 09:25:09 - [TEST_STEP][PASSED] - verifyElementPropertyValue(scoring, "Final_result", final_result): Verify element property value successfully

2022-11-25 09:25:09 - [MESSAGE][PASSED] - Verify element property value successfully]]></system-out>
         <system-err><![CDATA[]]></system-err>
      </testcase>
      <testcase name="Test Cases/Engine_Scoring/Engine Scoring" time="6.751" classname="Test Cases/Engine_Scoring/Engine Scoring" status="PASSED">
         <system-out><![CDATA[2022-11-25 09:25:09 - [TEST_CASE][PASSED] - Test Cases/Engine_Scoring/Engine Scoring: Test Cases/Engine_Scoring/Engine Scoring

2022-11-25 09:25:09 - [TEST_STEP][PASSED] - markPassed("Variasi data ke : " + no): Variasi data ke : 160

2022-11-25 09:25:09 - [MESSAGE][PASSED] - Variasi data ke : 160

2022-11-25 09:25:09 - [TEST_STEP][PASSED] - req_data = sendRequest(findTestObject("Search_ME", ["MID":MID, "source":source, "ip":ip, "userid":userid, "branch":branch, "tipekons":tipekons, "marital":marital, "penjamin":penjamin, ... ])): Send request successfully

2022-11-25 09:25:10 - [MESSAGE][INFO] - HAR: D:\DMS\Engine Scoring\Reports\20221125_091811\Exclude KKB - DS - Married\Scoring Married - KKB\20221125_091812\requests\main\120.har

2022-11-25 09:25:10 - [MESSAGE][PASSED] - Send request successfully

2022-11-25 09:25:10 - [TEST_STEP][PASSED] - slurper = new groovy.json.JsonSlurper(): null

2022-11-25 09:25:10 - [TEST_STEP][PASSED] - result = slurper.parseText(req_data.getResponseBodyContent()): null

2022-11-25 09:25:10 - [TEST_STEP][PASSED] - reqid_kons = requestid1: null

2022-11-25 09:25:10 - [TEST_STEP][PASSED] - reqid_spouse = requestid2: null

2022-11-25 09:25:10 - [TEST_STEP][PASSED] - println("requestid kons : " + reqid_kons): null

2022-11-25 09:25:10 - [TEST_STEP][PASSED] - response_searchME_kons = reqid_kons: null

2022-11-25 09:25:10 - [TEST_STEP][PASSED] - response_searchME_spouse = reqid_spouse: null

2022-11-25 09:25:10 - [TEST_STEP][PASSED] - println("kons req id is :" + response_searchME_kons): null

2022-11-25 09:25:10 - [TEST_STEP][PASSED] - println("spouse req id is : " + response_searchME_spouse): null

2022-11-25 09:25:10 - [TEST_STEP][PASSED] - verifyResponseStatusCode(req_data, 200): Verify response status code successfully

2022-11-25 09:25:10 - [MESSAGE][PASSED] - Verify response status code successfully

2022-11-25 09:25:10 - [TEST_STEP][PASSED] - response = req_data.getResponseText(): null

2022-11-25 09:25:10 - [TEST_STEP][PASSED] - logInfo($response): {"status":"Done","data":{"requestid1":"254918","requestid2":"254919"}}

2022-11-25 09:25:10 - [MESSAGE][INFO] - {"status":"Done","data":{"requestid1":"254918","requestid2":"254919"}}

2022-11-25 09:25:10 - [TEST_STEP][PASSED] - delay(5): Delayed 5 second(s)

2022-11-25 09:25:15 - [MESSAGE][PASSED] - Delayed 5 second(s)

2022-11-25 09:25:15 - [TEST_STEP][PASSED] - scoring = sendRequest(findTestObject("EngineScore", ["response_searchME_kons":response_searchME_kons, "response_searchME_spouse":response_searchME_spouse])): Send request successfully

2022-11-25 09:25:15 - [MESSAGE][INFO] - HAR: D:\DMS\Engine Scoring\Reports\20221125_091811\Exclude KKB - DS - Married\Scoring Married - KKB\20221125_091812\requests\main\121.har

2022-11-25 09:25:15 - [MESSAGE][PASSED] - Send request successfully

2022-11-25 09:25:15 - [TEST_STEP][PASSED] - verifyResponseStatusCode(scoring, 200): Verify response status code successfully

2022-11-25 09:25:15 - [MESSAGE][PASSED] - Verify response status code successfully

2022-11-25 09:25:15 - [TEST_STEP][PASSED] - response2 = scoring.getResponseText(): null

2022-11-25 09:25:15 - [TEST_STEP][PASSED] - markPassed("result service data ke : " + no): result service data ke : 160

2022-11-25 09:25:15 - [MESSAGE][PASSED] - result service data ke : 160

2022-11-25 09:25:15 - [TEST_STEP][PASSED] - logInfo($response2): {"result_konsumen":"Reject","result_pasangan":"Reguler","Final_result":"Reject","errorMessage":"","status":"Done"}

2022-11-25 09:25:15 - [MESSAGE][INFO] - {"result_konsumen":"Reject","result_pasangan":"Reguler","Final_result":"Reject","errorMessage":"","status":"Done"}

2022-11-25 09:25:15 - [TEST_STEP][PASSED] - verifyElementPropertyValue(scoring, "Final_result", final_result): Verify element property value successfully

2022-11-25 09:25:15 - [MESSAGE][PASSED] - Verify element property value successfully]]></system-out>
         <system-err><![CDATA[]]></system-err>
      </testcase>
      <testcase name="Test Cases/Engine_Scoring/Engine Scoring" time="6.894" classname="Test Cases/Engine_Scoring/Engine Scoring" status="PASSED">
         <system-out><![CDATA[2022-11-25 09:25:15 - [TEST_CASE][PASSED] - Test Cases/Engine_Scoring/Engine Scoring: Test Cases/Engine_Scoring/Engine Scoring

2022-11-25 09:25:16 - [TEST_STEP][PASSED] - markPassed("Variasi data ke : " + no): Variasi data ke : 161

2022-11-25 09:25:16 - [MESSAGE][PASSED] - Variasi data ke : 161

2022-11-25 09:25:16 - [TEST_STEP][PASSED] - req_data = sendRequest(findTestObject("Search_ME", ["MID":MID, "source":source, "ip":ip, "userid":userid, "branch":branch, "tipekons":tipekons, "marital":marital, "penjamin":penjamin, ... ])): Send request successfully

2022-11-25 09:25:17 - [MESSAGE][INFO] - HAR: D:\DMS\Engine Scoring\Reports\20221125_091811\Exclude KKB - DS - Married\Scoring Married - KKB\20221125_091812\requests\main\122.har

2022-11-25 09:25:17 - [MESSAGE][PASSED] - Send request successfully

2022-11-25 09:25:17 - [TEST_STEP][PASSED] - slurper = new groovy.json.JsonSlurper(): null

2022-11-25 09:25:17 - [TEST_STEP][PASSED] - result = slurper.parseText(req_data.getResponseBodyContent()): null

2022-11-25 09:25:17 - [TEST_STEP][PASSED] - reqid_kons = requestid1: null

2022-11-25 09:25:17 - [TEST_STEP][PASSED] - reqid_spouse = requestid2: null

2022-11-25 09:25:17 - [TEST_STEP][PASSED] - println("requestid kons : " + reqid_kons): null

2022-11-25 09:25:17 - [TEST_STEP][PASSED] - response_searchME_kons = reqid_kons: null

2022-11-25 09:25:17 - [TEST_STEP][PASSED] - response_searchME_spouse = reqid_spouse: null

2022-11-25 09:25:17 - [TEST_STEP][PASSED] - println("kons req id is :" + response_searchME_kons): null

2022-11-25 09:25:17 - [TEST_STEP][PASSED] - println("spouse req id is : " + response_searchME_spouse): null

2022-11-25 09:25:17 - [TEST_STEP][PASSED] - verifyResponseStatusCode(req_data, 200): Verify response status code successfully

2022-11-25 09:25:17 - [MESSAGE][PASSED] - Verify response status code successfully

2022-11-25 09:25:17 - [TEST_STEP][PASSED] - response = req_data.getResponseText(): null

2022-11-25 09:25:17 - [TEST_STEP][PASSED] - logInfo($response): {"status":"Done","data":{"requestid1":"254920","requestid2":"254921"}}

2022-11-25 09:25:17 - [MESSAGE][INFO] - {"status":"Done","data":{"requestid1":"254920","requestid2":"254921"}}

2022-11-25 09:25:17 - [TEST_STEP][PASSED] - delay(5): Delayed 5 second(s)

2022-11-25 09:25:22 - [MESSAGE][PASSED] - Delayed 5 second(s)

2022-11-25 09:25:22 - [TEST_STEP][PASSED] - scoring = sendRequest(findTestObject("EngineScore", ["response_searchME_kons":response_searchME_kons, "response_searchME_spouse":response_searchME_spouse])): Send request successfully

2022-11-25 09:25:22 - [MESSAGE][INFO] - HAR: D:\DMS\Engine Scoring\Reports\20221125_091811\Exclude KKB - DS - Married\Scoring Married - KKB\20221125_091812\requests\main\123.har

2022-11-25 09:25:22 - [MESSAGE][PASSED] - Send request successfully

2022-11-25 09:25:22 - [TEST_STEP][PASSED] - verifyResponseStatusCode(scoring, 200): Verify response status code successfully

2022-11-25 09:25:22 - [MESSAGE][PASSED] - Verify response status code successfully

2022-11-25 09:25:22 - [TEST_STEP][PASSED] - response2 = scoring.getResponseText(): null

2022-11-25 09:25:22 - [TEST_STEP][PASSED] - markPassed("result service data ke : " + no): result service data ke : 161

2022-11-25 09:25:22 - [MESSAGE][PASSED] - result service data ke : 161

2022-11-25 09:25:22 - [TEST_STEP][PASSED] - logInfo($response2): {"result_konsumen":"Reject","result_pasangan":"Reguler","Final_result":"Reject","errorMessage":"","status":"Done"}

2022-11-25 09:25:22 - [MESSAGE][INFO] - {"result_konsumen":"Reject","result_pasangan":"Reguler","Final_result":"Reject","errorMessage":"","status":"Done"}

2022-11-25 09:25:22 - [TEST_STEP][PASSED] - verifyElementPropertyValue(scoring, "Final_result", final_result): Verify element property value successfully

2022-11-25 09:25:22 - [MESSAGE][PASSED] - Verify element property value successfully]]></system-out>
         <system-err><![CDATA[]]></system-err>
      </testcase>
      <testcase name="Test Cases/Engine_Scoring/Engine Scoring" time="6.699" classname="Test Cases/Engine_Scoring/Engine Scoring" status="PASSED">
         <system-out><![CDATA[2022-11-25 09:25:22 - [TEST_CASE][PASSED] - Test Cases/Engine_Scoring/Engine Scoring: Test Cases/Engine_Scoring/Engine Scoring

2022-11-25 09:25:23 - [TEST_STEP][PASSED] - markPassed("Variasi data ke : " + no): Variasi data ke : 162

2022-11-25 09:25:23 - [MESSAGE][PASSED] - Variasi data ke : 162

2022-11-25 09:25:23 - [TEST_STEP][PASSED] - req_data = sendRequest(findTestObject("Search_ME", ["MID":MID, "source":source, "ip":ip, "userid":userid, "branch":branch, "tipekons":tipekons, "marital":marital, "penjamin":penjamin, ... ])): Send request successfully

2022-11-25 09:25:24 - [MESSAGE][INFO] - HAR: D:\DMS\Engine Scoring\Reports\20221125_091811\Exclude KKB - DS - Married\Scoring Married - KKB\20221125_091812\requests\main\124.har

2022-11-25 09:25:24 - [MESSAGE][PASSED] - Send request successfully

2022-11-25 09:25:24 - [TEST_STEP][PASSED] - slurper = new groovy.json.JsonSlurper(): null

2022-11-25 09:25:24 - [TEST_STEP][PASSED] - result = slurper.parseText(req_data.getResponseBodyContent()): null

2022-11-25 09:25:24 - [TEST_STEP][PASSED] - reqid_kons = requestid1: null

2022-11-25 09:25:24 - [TEST_STEP][PASSED] - reqid_spouse = requestid2: null

2022-11-25 09:25:24 - [TEST_STEP][PASSED] - println("requestid kons : " + reqid_kons): null

2022-11-25 09:25:24 - [TEST_STEP][PASSED] - response_searchME_kons = reqid_kons: null

2022-11-25 09:25:24 - [TEST_STEP][PASSED] - response_searchME_spouse = reqid_spouse: null

2022-11-25 09:25:24 - [TEST_STEP][PASSED] - println("kons req id is :" + response_searchME_kons): null

2022-11-25 09:25:24 - [TEST_STEP][PASSED] - println("spouse req id is : " + response_searchME_spouse): null

2022-11-25 09:25:24 - [TEST_STEP][PASSED] - verifyResponseStatusCode(req_data, 200): Verify response status code successfully

2022-11-25 09:25:24 - [MESSAGE][PASSED] - Verify response status code successfully

2022-11-25 09:25:24 - [TEST_STEP][PASSED] - response = req_data.getResponseText(): null

2022-11-25 09:25:24 - [TEST_STEP][PASSED] - logInfo($response): {"status":"Done","data":{"requestid1":"254922","requestid2":"254923"}}

2022-11-25 09:25:24 - [MESSAGE][INFO] - {"status":"Done","data":{"requestid1":"254922","requestid2":"254923"}}

2022-11-25 09:25:24 - [TEST_STEP][PASSED] - delay(5): Delayed 5 second(s)

2022-11-25 09:25:29 - [MESSAGE][PASSED] - Delayed 5 second(s)

2022-11-25 09:25:29 - [TEST_STEP][PASSED] - scoring = sendRequest(findTestObject("EngineScore", ["response_searchME_kons":response_searchME_kons, "response_searchME_spouse":response_searchME_spouse])): Send request successfully

2022-11-25 09:25:29 - [MESSAGE][INFO] - HAR: D:\DMS\Engine Scoring\Reports\20221125_091811\Exclude KKB - DS - Married\Scoring Married - KKB\20221125_091812\requests\main\125.har

2022-11-25 09:25:29 - [MESSAGE][PASSED] - Send request successfully

2022-11-25 09:25:29 - [TEST_STEP][PASSED] - verifyResponseStatusCode(scoring, 200): Verify response status code successfully

2022-11-25 09:25:29 - [MESSAGE][PASSED] - Verify response status code successfully

2022-11-25 09:25:29 - [TEST_STEP][PASSED] - response2 = scoring.getResponseText(): null

2022-11-25 09:25:29 - [TEST_STEP][PASSED] - markPassed("result service data ke : " + no): result service data ke : 162

2022-11-25 09:25:29 - [MESSAGE][PASSED] - result service data ke : 162

2022-11-25 09:25:29 - [TEST_STEP][PASSED] - logInfo($response2): {"result_konsumen":"Reject","result_pasangan":"Reguler","Final_result":"Reject","errorMessage":"","status":"Done"}

2022-11-25 09:25:29 - [MESSAGE][INFO] - {"result_konsumen":"Reject","result_pasangan":"Reguler","Final_result":"Reject","errorMessage":"","status":"Done"}

2022-11-25 09:25:29 - [TEST_STEP][PASSED] - verifyElementPropertyValue(scoring, "Final_result", final_result): Verify element property value successfully

2022-11-25 09:25:29 - [MESSAGE][PASSED] - Verify element property value successfully]]></system-out>
         <system-err><![CDATA[]]></system-err>
      </testcase>
      <testcase name="Test Cases/Engine_Scoring/Engine Scoring" time="6.712" classname="Test Cases/Engine_Scoring/Engine Scoring" status="PASSED">
         <system-out><![CDATA[2022-11-25 09:25:29 - [TEST_CASE][PASSED] - Test Cases/Engine_Scoring/Engine Scoring: Test Cases/Engine_Scoring/Engine Scoring

2022-11-25 09:25:30 - [TEST_STEP][PASSED] - markPassed("Variasi data ke : " + no): Variasi data ke : 163

2022-11-25 09:25:30 - [MESSAGE][PASSED] - Variasi data ke : 163

2022-11-25 09:25:30 - [TEST_STEP][PASSED] - req_data = sendRequest(findTestObject("Search_ME", ["MID":MID, "source":source, "ip":ip, "userid":userid, "branch":branch, "tipekons":tipekons, "marital":marital, "penjamin":penjamin, ... ])): Send request successfully

2022-11-25 09:25:31 - [MESSAGE][INFO] - HAR: D:\DMS\Engine Scoring\Reports\20221125_091811\Exclude KKB - DS - Married\Scoring Married - KKB\20221125_091812\requests\main\126.har

2022-11-25 09:25:31 - [MESSAGE][PASSED] - Send request successfully

2022-11-25 09:25:31 - [TEST_STEP][PASSED] - slurper = new groovy.json.JsonSlurper(): null

2022-11-25 09:25:31 - [TEST_STEP][PASSED] - result = slurper.parseText(req_data.getResponseBodyContent()): null

2022-11-25 09:25:31 - [TEST_STEP][PASSED] - reqid_kons = requestid1: null

2022-11-25 09:25:31 - [TEST_STEP][PASSED] - reqid_spouse = requestid2: null

2022-11-25 09:25:31 - [TEST_STEP][PASSED] - println("requestid kons : " + reqid_kons): null

2022-11-25 09:25:31 - [TEST_STEP][PASSED] - response_searchME_kons = reqid_kons: null

2022-11-25 09:25:31 - [TEST_STEP][PASSED] - response_searchME_spouse = reqid_spouse: null

2022-11-25 09:25:31 - [TEST_STEP][PASSED] - println("kons req id is :" + response_searchME_kons): null

2022-11-25 09:25:31 - [TEST_STEP][PASSED] - println("spouse req id is : " + response_searchME_spouse): null

2022-11-25 09:25:31 - [TEST_STEP][PASSED] - verifyResponseStatusCode(req_data, 200): Verify response status code successfully

2022-11-25 09:25:31 - [MESSAGE][PASSED] - Verify response status code successfully

2022-11-25 09:25:31 - [TEST_STEP][PASSED] - response = req_data.getResponseText(): null

2022-11-25 09:25:31 - [TEST_STEP][PASSED] - logInfo($response): {"status":"Done","data":{"requestid1":"254924","requestid2":"254925"}}

2022-11-25 09:25:31 - [MESSAGE][INFO] - {"status":"Done","data":{"requestid1":"254924","requestid2":"254925"}}

2022-11-25 09:25:31 - [TEST_STEP][PASSED] - delay(5): Delayed 5 second(s)

2022-11-25 09:25:36 - [MESSAGE][PASSED] - Delayed 5 second(s)

2022-11-25 09:25:36 - [TEST_STEP][PASSED] - scoring = sendRequest(findTestObject("EngineScore", ["response_searchME_kons":response_searchME_kons, "response_searchME_spouse":response_searchME_spouse])): Send request successfully

2022-11-25 09:25:36 - [MESSAGE][INFO] - HAR: D:\DMS\Engine Scoring\Reports\20221125_091811\Exclude KKB - DS - Married\Scoring Married - KKB\20221125_091812\requests\main\127.har

2022-11-25 09:25:36 - [MESSAGE][PASSED] - Send request successfully

2022-11-25 09:25:36 - [TEST_STEP][PASSED] - verifyResponseStatusCode(scoring, 200): Verify response status code successfully

2022-11-25 09:25:36 - [MESSAGE][PASSED] - Verify response status code successfully

2022-11-25 09:25:36 - [TEST_STEP][PASSED] - response2 = scoring.getResponseText(): null

2022-11-25 09:25:36 - [TEST_STEP][PASSED] - markPassed("result service data ke : " + no): result service data ke : 163

2022-11-25 09:25:36 - [MESSAGE][PASSED] - result service data ke : 163

2022-11-25 09:25:36 - [TEST_STEP][PASSED] - logInfo($response2): {"result_konsumen":"Reject","result_pasangan":"Approve","Final_result":"Reject","errorMessage":"","status":"Done"}

2022-11-25 09:25:36 - [MESSAGE][INFO] - {"result_konsumen":"Reject","result_pasangan":"Approve","Final_result":"Reject","errorMessage":"","status":"Done"}

2022-11-25 09:25:36 - [TEST_STEP][PASSED] - verifyElementPropertyValue(scoring, "Final_result", final_result): Verify element property value successfully

2022-11-25 09:25:36 - [MESSAGE][PASSED] - Verify element property value successfully]]></system-out>
         <system-err><![CDATA[]]></system-err>
      </testcase>
      <testcase name="Test Cases/Engine_Scoring/Engine Scoring" time="6.778" classname="Test Cases/Engine_Scoring/Engine Scoring" status="PASSED">
         <system-out><![CDATA[2022-11-25 09:25:36 - [TEST_CASE][PASSED] - Test Cases/Engine_Scoring/Engine Scoring: Test Cases/Engine_Scoring/Engine Scoring

2022-11-25 09:25:37 - [TEST_STEP][PASSED] - markPassed("Variasi data ke : " + no): Variasi data ke : 164

2022-11-25 09:25:37 - [MESSAGE][PASSED] - Variasi data ke : 164

2022-11-25 09:25:37 - [TEST_STEP][PASSED] - req_data = sendRequest(findTestObject("Search_ME", ["MID":MID, "source":source, "ip":ip, "userid":userid, "branch":branch, "tipekons":tipekons, "marital":marital, "penjamin":penjamin, ... ])): Send request successfully

2022-11-25 09:25:38 - [MESSAGE][INFO] - HAR: D:\DMS\Engine Scoring\Reports\20221125_091811\Exclude KKB - DS - Married\Scoring Married - KKB\20221125_091812\requests\main\128.har

2022-11-25 09:25:38 - [MESSAGE][PASSED] - Send request successfully

2022-11-25 09:25:38 - [TEST_STEP][PASSED] - slurper = new groovy.json.JsonSlurper(): null

2022-11-25 09:25:38 - [TEST_STEP][PASSED] - result = slurper.parseText(req_data.getResponseBodyContent()): null

2022-11-25 09:25:38 - [TEST_STEP][PASSED] - reqid_kons = requestid1: null

2022-11-25 09:25:38 - [TEST_STEP][PASSED] - reqid_spouse = requestid2: null

2022-11-25 09:25:38 - [TEST_STEP][PASSED] - println("requestid kons : " + reqid_kons): null

2022-11-25 09:25:38 - [TEST_STEP][PASSED] - response_searchME_kons = reqid_kons: null

2022-11-25 09:25:38 - [TEST_STEP][PASSED] - response_searchME_spouse = reqid_spouse: null

2022-11-25 09:25:38 - [TEST_STEP][PASSED] - println("kons req id is :" + response_searchME_kons): null

2022-11-25 09:25:38 - [TEST_STEP][PASSED] - println("spouse req id is : " + response_searchME_spouse): null

2022-11-25 09:25:38 - [TEST_STEP][PASSED] - verifyResponseStatusCode(req_data, 200): Verify response status code successfully

2022-11-25 09:25:38 - [MESSAGE][PASSED] - Verify response status code successfully

2022-11-25 09:25:38 - [TEST_STEP][PASSED] - response = req_data.getResponseText(): null

2022-11-25 09:25:38 - [TEST_STEP][PASSED] - logInfo($response): {"status":"Done","data":{"requestid1":"254926","requestid2":"254927"}}

2022-11-25 09:25:38 - [MESSAGE][INFO] - {"status":"Done","data":{"requestid1":"254926","requestid2":"254927"}}

2022-11-25 09:25:38 - [TEST_STEP][PASSED] - delay(5): Delayed 5 second(s)

2022-11-25 09:25:43 - [MESSAGE][PASSED] - Delayed 5 second(s)

2022-11-25 09:25:43 - [TEST_STEP][PASSED] - scoring = sendRequest(findTestObject("EngineScore", ["response_searchME_kons":response_searchME_kons, "response_searchME_spouse":response_searchME_spouse])): Send request successfully

2022-11-25 09:25:43 - [MESSAGE][INFO] - HAR: D:\DMS\Engine Scoring\Reports\20221125_091811\Exclude KKB - DS - Married\Scoring Married - KKB\20221125_091812\requests\main\129.har

2022-11-25 09:25:43 - [MESSAGE][PASSED] - Send request successfully

2022-11-25 09:25:43 - [TEST_STEP][PASSED] - verifyResponseStatusCode(scoring, 200): Verify response status code successfully

2022-11-25 09:25:43 - [MESSAGE][PASSED] - Verify response status code successfully

2022-11-25 09:25:43 - [TEST_STEP][PASSED] - response2 = scoring.getResponseText(): null

2022-11-25 09:25:43 - [TEST_STEP][PASSED] - markPassed("result service data ke : " + no): result service data ke : 164

2022-11-25 09:25:43 - [MESSAGE][PASSED] - result service data ke : 164

2022-11-25 09:25:43 - [TEST_STEP][PASSED] - logInfo($response2): {"result_konsumen":"Reject","result_pasangan":"Approve","Final_result":"Reject","errorMessage":"","status":"Done"}

2022-11-25 09:25:43 - [MESSAGE][INFO] - {"result_konsumen":"Reject","result_pasangan":"Approve","Final_result":"Reject","errorMessage":"","status":"Done"}

2022-11-25 09:25:43 - [TEST_STEP][PASSED] - verifyElementPropertyValue(scoring, "Final_result", final_result): Verify element property value successfully

2022-11-25 09:25:43 - [MESSAGE][PASSED] - Verify element property value successfully]]></system-out>
         <system-err><![CDATA[]]></system-err>
      </testcase>
      <testcase name="Test Cases/Engine_Scoring/Engine Scoring" time="6.757" classname="Test Cases/Engine_Scoring/Engine Scoring" status="PASSED">
         <system-out><![CDATA[2022-11-25 09:25:43 - [TEST_CASE][PASSED] - Test Cases/Engine_Scoring/Engine Scoring: Test Cases/Engine_Scoring/Engine Scoring

2022-11-25 09:25:43 - [TEST_STEP][PASSED] - markPassed("Variasi data ke : " + no): Variasi data ke : 165

2022-11-25 09:25:43 - [MESSAGE][PASSED] - Variasi data ke : 165

2022-11-25 09:25:43 - [TEST_STEP][PASSED] - req_data = sendRequest(findTestObject("Search_ME", ["MID":MID, "source":source, "ip":ip, "userid":userid, "branch":branch, "tipekons":tipekons, "marital":marital, "penjamin":penjamin, ... ])): Send request successfully

2022-11-25 09:25:44 - [MESSAGE][INFO] - HAR: D:\DMS\Engine Scoring\Reports\20221125_091811\Exclude KKB - DS - Married\Scoring Married - KKB\20221125_091812\requests\main\130.har

2022-11-25 09:25:44 - [MESSAGE][PASSED] - Send request successfully

2022-11-25 09:25:44 - [TEST_STEP][PASSED] - slurper = new groovy.json.JsonSlurper(): null

2022-11-25 09:25:44 - [TEST_STEP][PASSED] - result = slurper.parseText(req_data.getResponseBodyContent()): null

2022-11-25 09:25:44 - [TEST_STEP][PASSED] - reqid_kons = requestid1: null

2022-11-25 09:25:44 - [TEST_STEP][PASSED] - reqid_spouse = requestid2: null

2022-11-25 09:25:44 - [TEST_STEP][PASSED] - println("requestid kons : " + reqid_kons): null

2022-11-25 09:25:44 - [TEST_STEP][PASSED] - response_searchME_kons = reqid_kons: null

2022-11-25 09:25:44 - [TEST_STEP][PASSED] - response_searchME_spouse = reqid_spouse: null

2022-11-25 09:25:44 - [TEST_STEP][PASSED] - println("kons req id is :" + response_searchME_kons): null

2022-11-25 09:25:44 - [TEST_STEP][PASSED] - println("spouse req id is : " + response_searchME_spouse): null

2022-11-25 09:25:44 - [TEST_STEP][PASSED] - verifyResponseStatusCode(req_data, 200): Verify response status code successfully

2022-11-25 09:25:44 - [MESSAGE][PASSED] - Verify response status code successfully

2022-11-25 09:25:44 - [TEST_STEP][PASSED] - response = req_data.getResponseText(): null

2022-11-25 09:25:44 - [TEST_STEP][PASSED] - logInfo($response): {"status":"Done","data":{"requestid1":"254928","requestid2":"254929"}}

2022-11-25 09:25:44 - [MESSAGE][INFO] - {"status":"Done","data":{"requestid1":"254928","requestid2":"254929"}}

2022-11-25 09:25:44 - [TEST_STEP][PASSED] - delay(5): Delayed 5 second(s)

2022-11-25 09:25:49 - [MESSAGE][PASSED] - Delayed 5 second(s)

2022-11-25 09:25:49 - [TEST_STEP][PASSED] - scoring = sendRequest(findTestObject("EngineScore", ["response_searchME_kons":response_searchME_kons, "response_searchME_spouse":response_searchME_spouse])): Send request successfully

2022-11-25 09:25:49 - [MESSAGE][INFO] - HAR: D:\DMS\Engine Scoring\Reports\20221125_091811\Exclude KKB - DS - Married\Scoring Married - KKB\20221125_091812\requests\main\131.har

2022-11-25 09:25:49 - [MESSAGE][PASSED] - Send request successfully

2022-11-25 09:25:49 - [TEST_STEP][PASSED] - verifyResponseStatusCode(scoring, 200): Verify response status code successfully

2022-11-25 09:25:49 - [MESSAGE][PASSED] - Verify response status code successfully

2022-11-25 09:25:49 - [TEST_STEP][PASSED] - response2 = scoring.getResponseText(): null

2022-11-25 09:25:49 - [TEST_STEP][PASSED] - markPassed("result service data ke : " + no): result service data ke : 165

2022-11-25 09:25:49 - [MESSAGE][PASSED] - result service data ke : 165

2022-11-25 09:25:49 - [TEST_STEP][PASSED] - logInfo($response2): {"result_konsumen":"Reject","result_pasangan":"Approve","Final_result":"Reject","errorMessage":"","status":"Done"}

2022-11-25 09:25:49 - [MESSAGE][INFO] - {"result_konsumen":"Reject","result_pasangan":"Approve","Final_result":"Reject","errorMessage":"","status":"Done"}

2022-11-25 09:25:49 - [TEST_STEP][PASSED] - verifyElementPropertyValue(scoring, "Final_result", final_result): Verify element property value successfully

2022-11-25 09:25:49 - [MESSAGE][PASSED] - Verify element property value successfully]]></system-out>
         <system-err><![CDATA[]]></system-err>
      </testcase>
      <testcase name="Test Cases/Engine_Scoring/Engine Scoring" time="8.496" classname="Test Cases/Engine_Scoring/Engine Scoring" status="PASSED">
         <system-out><![CDATA[2022-11-25 09:25:50 - [TEST_CASE][PASSED] - Test Cases/Engine_Scoring/Engine Scoring: Test Cases/Engine_Scoring/Engine Scoring

2022-11-25 09:25:50 - [TEST_STEP][PASSED] - markPassed("Variasi data ke : " + no): Variasi data ke : 166

2022-11-25 09:25:50 - [MESSAGE][PASSED] - Variasi data ke : 166

2022-11-25 09:25:50 - [TEST_STEP][PASSED] - req_data = sendRequest(findTestObject("Search_ME", ["MID":MID, "source":source, "ip":ip, "userid":userid, "branch":branch, "tipekons":tipekons, "marital":marital, "penjamin":penjamin, ... ])): Send request successfully

2022-11-25 09:25:51 - [MESSAGE][INFO] - HAR: D:\DMS\Engine Scoring\Reports\20221125_091811\Exclude KKB - DS - Married\Scoring Married - KKB\20221125_091812\requests\main\132.har

2022-11-25 09:25:51 - [MESSAGE][PASSED] - Send request successfully

2022-11-25 09:25:51 - [TEST_STEP][PASSED] - slurper = new groovy.json.JsonSlurper(): null

2022-11-25 09:25:51 - [TEST_STEP][PASSED] - result = slurper.parseText(req_data.getResponseBodyContent()): null

2022-11-25 09:25:51 - [TEST_STEP][PASSED] - reqid_kons = requestid1: null

2022-11-25 09:25:51 - [TEST_STEP][PASSED] - reqid_spouse = requestid2: null

2022-11-25 09:25:51 - [TEST_STEP][PASSED] - println("requestid kons : " + reqid_kons): null

2022-11-25 09:25:51 - [TEST_STEP][PASSED] - response_searchME_kons = reqid_kons: null

2022-11-25 09:25:51 - [TEST_STEP][PASSED] - response_searchME_spouse = reqid_spouse: null

2022-11-25 09:25:51 - [TEST_STEP][PASSED] - println("kons req id is :" + response_searchME_kons): null

2022-11-25 09:25:51 - [TEST_STEP][PASSED] - println("spouse req id is : " + response_searchME_spouse): null

2022-11-25 09:25:51 - [TEST_STEP][PASSED] - verifyResponseStatusCode(req_data, 200): Verify response status code successfully

2022-11-25 09:25:51 - [MESSAGE][PASSED] - Verify response status code successfully

2022-11-25 09:25:51 - [TEST_STEP][PASSED] - response = req_data.getResponseText(): null

2022-11-25 09:25:51 - [TEST_STEP][PASSED] - logInfo($response): {"status":"Done","data":{"requestid1":"254930","requestid2":"254931"}}

2022-11-25 09:25:51 - [MESSAGE][INFO] - {"status":"Done","data":{"requestid1":"254930","requestid2":"254931"}}

2022-11-25 09:25:51 - [TEST_STEP][PASSED] - delay(5): Delayed 5 second(s)

2022-11-25 09:25:56 - [MESSAGE][PASSED] - Delayed 5 second(s)

2022-11-25 09:25:56 - [TEST_STEP][PASSED] - scoring = sendRequest(findTestObject("EngineScore", ["response_searchME_kons":response_searchME_kons, "response_searchME_spouse":response_searchME_spouse])): Send request successfully

2022-11-25 09:25:58 - [MESSAGE][INFO] - HAR: D:\DMS\Engine Scoring\Reports\20221125_091811\Exclude KKB - DS - Married\Scoring Married - KKB\20221125_091812\requests\main\133.har

2022-11-25 09:25:58 - [MESSAGE][PASSED] - Send request successfully

2022-11-25 09:25:58 - [TEST_STEP][PASSED] - verifyResponseStatusCode(scoring, 200): Verify response status code successfully

2022-11-25 09:25:58 - [MESSAGE][PASSED] - Verify response status code successfully

2022-11-25 09:25:58 - [TEST_STEP][PASSED] - response2 = scoring.getResponseText(): null

2022-11-25 09:25:58 - [TEST_STEP][PASSED] - markPassed("result service data ke : " + no): result service data ke : 166

2022-11-25 09:25:58 - [MESSAGE][PASSED] - result service data ke : 166

2022-11-25 09:25:58 - [TEST_STEP][PASSED] - logInfo($response2): {"result_konsumen":"Reject","result_pasangan":"Approve","Final_result":"Reject","errorMessage":"","status":"Done"}

2022-11-25 09:25:58 - [MESSAGE][INFO] - {"result_konsumen":"Reject","result_pasangan":"Approve","Final_result":"Reject","errorMessage":"","status":"Done"}

2022-11-25 09:25:58 - [TEST_STEP][PASSED] - verifyElementPropertyValue(scoring, "Final_result", final_result): Verify element property value successfully

2022-11-25 09:25:58 - [MESSAGE][PASSED] - Verify element property value successfully]]></system-out>
         <system-err><![CDATA[]]></system-err>
      </testcase>
      <testcase name="Test Cases/Engine_Scoring/Engine Scoring" time="7.352" classname="Test Cases/Engine_Scoring/Engine Scoring" status="PASSED">
         <system-out><![CDATA[2022-11-25 09:25:58 - [TEST_CASE][PASSED] - Test Cases/Engine_Scoring/Engine Scoring: Test Cases/Engine_Scoring/Engine Scoring

2022-11-25 09:25:59 - [TEST_STEP][PASSED] - markPassed("Variasi data ke : " + no): Variasi data ke : 167

2022-11-25 09:25:59 - [MESSAGE][PASSED] - Variasi data ke : 167

2022-11-25 09:25:59 - [TEST_STEP][PASSED] - req_data = sendRequest(findTestObject("Search_ME", ["MID":MID, "source":source, "ip":ip, "userid":userid, "branch":branch, "tipekons":tipekons, "marital":marital, "penjamin":penjamin, ... ])): Send request successfully

2022-11-25 09:26:00 - [MESSAGE][INFO] - HAR: D:\DMS\Engine Scoring\Reports\20221125_091811\Exclude KKB - DS - Married\Scoring Married - KKB\20221125_091812\requests\main\134.har

2022-11-25 09:26:00 - [MESSAGE][PASSED] - Send request successfully

2022-11-25 09:26:00 - [TEST_STEP][PASSED] - slurper = new groovy.json.JsonSlurper(): null

2022-11-25 09:26:00 - [TEST_STEP][PASSED] - result = slurper.parseText(req_data.getResponseBodyContent()): null

2022-11-25 09:26:00 - [TEST_STEP][PASSED] - reqid_kons = requestid1: null

2022-11-25 09:26:00 - [TEST_STEP][PASSED] - reqid_spouse = requestid2: null

2022-11-25 09:26:00 - [TEST_STEP][PASSED] - println("requestid kons : " + reqid_kons): null

2022-11-25 09:26:00 - [TEST_STEP][PASSED] - response_searchME_kons = reqid_kons: null

2022-11-25 09:26:00 - [TEST_STEP][PASSED] - response_searchME_spouse = reqid_spouse: null

2022-11-25 09:26:00 - [TEST_STEP][PASSED] - println("kons req id is :" + response_searchME_kons): null

2022-11-25 09:26:00 - [TEST_STEP][PASSED] - println("spouse req id is : " + response_searchME_spouse): null

2022-11-25 09:26:00 - [TEST_STEP][PASSED] - verifyResponseStatusCode(req_data, 200): Verify response status code successfully

2022-11-25 09:26:00 - [MESSAGE][PASSED] - Verify response status code successfully

2022-11-25 09:26:00 - [TEST_STEP][PASSED] - response = req_data.getResponseText(): null

2022-11-25 09:26:00 - [TEST_STEP][PASSED] - logInfo($response): {"status":"Done","data":{"requestid1":"254932","requestid2":"254933"}}

2022-11-25 09:26:00 - [MESSAGE][INFO] - {"status":"Done","data":{"requestid1":"254932","requestid2":"254933"}}

2022-11-25 09:26:00 - [TEST_STEP][PASSED] - delay(5): Delayed 5 second(s)

2022-11-25 09:26:05 - [MESSAGE][PASSED] - Delayed 5 second(s)

2022-11-25 09:26:05 - [TEST_STEP][PASSED] - scoring = sendRequest(findTestObject("EngineScore", ["response_searchME_kons":response_searchME_kons, "response_searchME_spouse":response_searchME_spouse])): Send request successfully

2022-11-25 09:26:05 - [MESSAGE][INFO] - HAR: D:\DMS\Engine Scoring\Reports\20221125_091811\Exclude KKB - DS - Married\Scoring Married - KKB\20221125_091812\requests\main\135.har

2022-11-25 09:26:05 - [MESSAGE][PASSED] - Send request successfully

2022-11-25 09:26:05 - [TEST_STEP][PASSED] - verifyResponseStatusCode(scoring, 200): Verify response status code successfully

2022-11-25 09:26:05 - [MESSAGE][PASSED] - Verify response status code successfully

2022-11-25 09:26:05 - [TEST_STEP][PASSED] - response2 = scoring.getResponseText(): null

2022-11-25 09:26:05 - [TEST_STEP][PASSED] - markPassed("result service data ke : " + no): result service data ke : 167

2022-11-25 09:26:05 - [MESSAGE][PASSED] - result service data ke : 167

2022-11-25 09:26:05 - [TEST_STEP][PASSED] - logInfo($response2): {"result_konsumen":"Reject","result_pasangan":"Reject","Final_result":"Reject","errorMessage":"","status":"Done"}

2022-11-25 09:26:05 - [MESSAGE][INFO] - {"result_konsumen":"Reject","result_pasangan":"Reject","Final_result":"Reject","errorMessage":"","status":"Done"}

2022-11-25 09:26:05 - [TEST_STEP][PASSED] - verifyElementPropertyValue(scoring, "Final_result", final_result): Verify element property value successfully

2022-11-25 09:26:05 - [MESSAGE][PASSED] - Verify element property value successfully]]></system-out>
         <system-err><![CDATA[]]></system-err>
      </testcase>
      <testcase name="Test Cases/Engine_Scoring/Engine Scoring" time="7.472" classname="Test Cases/Engine_Scoring/Engine Scoring" status="PASSED">
         <system-out><![CDATA[2022-11-25 09:26:05 - [TEST_CASE][PASSED] - Test Cases/Engine_Scoring/Engine Scoring: Test Cases/Engine_Scoring/Engine Scoring

2022-11-25 09:26:06 - [TEST_STEP][PASSED] - markPassed("Variasi data ke : " + no): Variasi data ke : 168

2022-11-25 09:26:06 - [MESSAGE][PASSED] - Variasi data ke : 168

2022-11-25 09:26:06 - [TEST_STEP][PASSED] - req_data = sendRequest(findTestObject("Search_ME", ["MID":MID, "source":source, "ip":ip, "userid":userid, "branch":branch, "tipekons":tipekons, "marital":marital, "penjamin":penjamin, ... ])): Send request successfully

2022-11-25 09:26:08 - [MESSAGE][INFO] - HAR: D:\DMS\Engine Scoring\Reports\20221125_091811\Exclude KKB - DS - Married\Scoring Married - KKB\20221125_091812\requests\main\136.har

2022-11-25 09:26:08 - [MESSAGE][PASSED] - Send request successfully

2022-11-25 09:26:08 - [TEST_STEP][PASSED] - slurper = new groovy.json.JsonSlurper(): null

2022-11-25 09:26:08 - [TEST_STEP][PASSED] - result = slurper.parseText(req_data.getResponseBodyContent()): null

2022-11-25 09:26:08 - [TEST_STEP][PASSED] - reqid_kons = requestid1: null

2022-11-25 09:26:08 - [TEST_STEP][PASSED] - reqid_spouse = requestid2: null

2022-11-25 09:26:08 - [TEST_STEP][PASSED] - println("requestid kons : " + reqid_kons): null

2022-11-25 09:26:08 - [TEST_STEP][PASSED] - response_searchME_kons = reqid_kons: null

2022-11-25 09:26:08 - [TEST_STEP][PASSED] - response_searchME_spouse = reqid_spouse: null

2022-11-25 09:26:08 - [TEST_STEP][PASSED] - println("kons req id is :" + response_searchME_kons): null

2022-11-25 09:26:08 - [TEST_STEP][PASSED] - println("spouse req id is : " + response_searchME_spouse): null

2022-11-25 09:26:08 - [TEST_STEP][PASSED] - verifyResponseStatusCode(req_data, 200): Verify response status code successfully

2022-11-25 09:26:08 - [MESSAGE][PASSED] - Verify response status code successfully

2022-11-25 09:26:08 - [TEST_STEP][PASSED] - response = req_data.getResponseText(): null

2022-11-25 09:26:08 - [TEST_STEP][PASSED] - logInfo($response): {"status":"Done","data":{"requestid1":"254934","requestid2":"254935"}}

2022-11-25 09:26:08 - [MESSAGE][INFO] - {"status":"Done","data":{"requestid1":"254934","requestid2":"254935"}}

2022-11-25 09:26:08 - [TEST_STEP][PASSED] - delay(5): Delayed 5 second(s)

2022-11-25 09:26:13 - [MESSAGE][PASSED] - Delayed 5 second(s)

2022-11-25 09:26:13 - [TEST_STEP][PASSED] - scoring = sendRequest(findTestObject("EngineScore", ["response_searchME_kons":response_searchME_kons, "response_searchME_spouse":response_searchME_spouse])): Send request successfully

2022-11-25 09:26:13 - [MESSAGE][INFO] - HAR: D:\DMS\Engine Scoring\Reports\20221125_091811\Exclude KKB - DS - Married\Scoring Married - KKB\20221125_091812\requests\main\137.har

2022-11-25 09:26:13 - [MESSAGE][PASSED] - Send request successfully

2022-11-25 09:26:13 - [TEST_STEP][PASSED] - verifyResponseStatusCode(scoring, 200): Verify response status code successfully

2022-11-25 09:26:13 - [MESSAGE][PASSED] - Verify response status code successfully

2022-11-25 09:26:13 - [TEST_STEP][PASSED] - response2 = scoring.getResponseText(): null

2022-11-25 09:26:13 - [TEST_STEP][PASSED] - markPassed("result service data ke : " + no): result service data ke : 168

2022-11-25 09:26:13 - [MESSAGE][PASSED] - result service data ke : 168

2022-11-25 09:26:13 - [TEST_STEP][PASSED] - logInfo($response2): {"result_konsumen":"Reject","result_pasangan":"Reject","Final_result":"Reject","errorMessage":"","status":"Done"}

2022-11-25 09:26:13 - [MESSAGE][INFO] - {"result_konsumen":"Reject","result_pasangan":"Reject","Final_result":"Reject","errorMessage":"","status":"Done"}

2022-11-25 09:26:13 - [TEST_STEP][PASSED] - verifyElementPropertyValue(scoring, "Final_result", final_result): Verify element property value successfully

2022-11-25 09:26:13 - [MESSAGE][PASSED] - Verify element property value successfully]]></system-out>
         <system-err><![CDATA[]]></system-err>
      </testcase>
      <testcase name="Test Cases/Engine_Scoring/Engine Scoring" time="7.711" classname="Test Cases/Engine_Scoring/Engine Scoring" status="PASSED">
         <system-out><![CDATA[2022-11-25 09:26:13 - [TEST_CASE][PASSED] - Test Cases/Engine_Scoring/Engine Scoring: Test Cases/Engine_Scoring/Engine Scoring

2022-11-25 09:26:14 - [TEST_STEP][PASSED] - markPassed("Variasi data ke : " + no): Variasi data ke : 169

2022-11-25 09:26:14 - [MESSAGE][PASSED] - Variasi data ke : 169

2022-11-25 09:26:14 - [TEST_STEP][PASSED] - req_data = sendRequest(findTestObject("Search_ME", ["MID":MID, "source":source, "ip":ip, "userid":userid, "branch":branch, "tipekons":tipekons, "marital":marital, "penjamin":penjamin, ... ])): Send request successfully

2022-11-25 09:26:15 - [MESSAGE][INFO] - HAR: D:\DMS\Engine Scoring\Reports\20221125_091811\Exclude KKB - DS - Married\Scoring Married - KKB\20221125_091812\requests\main\138.har

2022-11-25 09:26:15 - [MESSAGE][PASSED] - Send request successfully

2022-11-25 09:26:15 - [TEST_STEP][PASSED] - slurper = new groovy.json.JsonSlurper(): null

2022-11-25 09:26:15 - [TEST_STEP][PASSED] - result = slurper.parseText(req_data.getResponseBodyContent()): null

2022-11-25 09:26:15 - [TEST_STEP][PASSED] - reqid_kons = requestid1: null

2022-11-25 09:26:15 - [TEST_STEP][PASSED] - reqid_spouse = requestid2: null

2022-11-25 09:26:15 - [TEST_STEP][PASSED] - println("requestid kons : " + reqid_kons): null

2022-11-25 09:26:15 - [TEST_STEP][PASSED] - response_searchME_kons = reqid_kons: null

2022-11-25 09:26:15 - [TEST_STEP][PASSED] - response_searchME_spouse = reqid_spouse: null

2022-11-25 09:26:15 - [TEST_STEP][PASSED] - println("kons req id is :" + response_searchME_kons): null

2022-11-25 09:26:15 - [TEST_STEP][PASSED] - println("spouse req id is : " + response_searchME_spouse): null

2022-11-25 09:26:15 - [TEST_STEP][PASSED] - verifyResponseStatusCode(req_data, 200): Verify response status code successfully

2022-11-25 09:26:15 - [MESSAGE][PASSED] - Verify response status code successfully

2022-11-25 09:26:15 - [TEST_STEP][PASSED] - response = req_data.getResponseText(): null

2022-11-25 09:26:15 - [TEST_STEP][PASSED] - logInfo($response): {"status":"Done","data":{"requestid1":"254936","requestid2":"254937"}}

2022-11-25 09:26:15 - [MESSAGE][INFO] - {"status":"Done","data":{"requestid1":"254936","requestid2":"254937"}}

2022-11-25 09:26:15 - [TEST_STEP][PASSED] - delay(5): Delayed 5 second(s)

2022-11-25 09:26:20 - [MESSAGE][PASSED] - Delayed 5 second(s)

2022-11-25 09:26:20 - [TEST_STEP][PASSED] - scoring = sendRequest(findTestObject("EngineScore", ["response_searchME_kons":response_searchME_kons, "response_searchME_spouse":response_searchME_spouse])): Send request successfully

2022-11-25 09:26:21 - [MESSAGE][INFO] - HAR: D:\DMS\Engine Scoring\Reports\20221125_091811\Exclude KKB - DS - Married\Scoring Married - KKB\20221125_091812\requests\main\139.har

2022-11-25 09:26:21 - [MESSAGE][PASSED] - Send request successfully

2022-11-25 09:26:21 - [TEST_STEP][PASSED] - verifyResponseStatusCode(scoring, 200): Verify response status code successfully

2022-11-25 09:26:21 - [MESSAGE][PASSED] - Verify response status code successfully

2022-11-25 09:26:21 - [TEST_STEP][PASSED] - response2 = scoring.getResponseText(): null

2022-11-25 09:26:21 - [TEST_STEP][PASSED] - markPassed("result service data ke : " + no): result service data ke : 169

2022-11-25 09:26:21 - [MESSAGE][PASSED] - result service data ke : 169

2022-11-25 09:26:21 - [TEST_STEP][PASSED] - logInfo($response2): {"result_konsumen":"Reject","result_pasangan":"Reguler","Final_result":"Reject","errorMessage":"","status":"Done"}

2022-11-25 09:26:21 - [MESSAGE][INFO] - {"result_konsumen":"Reject","result_pasangan":"Reguler","Final_result":"Reject","errorMessage":"","status":"Done"}

2022-11-25 09:26:21 - [TEST_STEP][PASSED] - verifyElementPropertyValue(scoring, "Final_result", final_result): Verify element property value successfully

2022-11-25 09:26:21 - [MESSAGE][PASSED] - Verify element property value successfully]]></system-out>
         <system-err><![CDATA[]]></system-err>
      </testcase>
      <testcase name="Test Cases/Engine_Scoring/Engine Scoring" time="9.168" classname="Test Cases/Engine_Scoring/Engine Scoring" status="PASSED">
         <system-out><![CDATA[2022-11-25 09:26:21 - [TEST_CASE][PASSED] - Test Cases/Engine_Scoring/Engine Scoring: Test Cases/Engine_Scoring/Engine Scoring

2022-11-25 09:26:22 - [TEST_STEP][PASSED] - markPassed("Variasi data ke : " + no): Variasi data ke : 170

2022-11-25 09:26:22 - [MESSAGE][PASSED] - Variasi data ke : 170

2022-11-25 09:26:22 - [TEST_STEP][PASSED] - req_data = sendRequest(findTestObject("Search_ME", ["MID":MID, "source":source, "ip":ip, "userid":userid, "branch":branch, "tipekons":tipekons, "marital":marital, "penjamin":penjamin, ... ])): Send request successfully

2022-11-25 09:26:22 - [MESSAGE][INFO] - HAR: D:\DMS\Engine Scoring\Reports\20221125_091811\Exclude KKB - DS - Married\Scoring Married - KKB\20221125_091812\requests\main\140.har

2022-11-25 09:26:22 - [MESSAGE][PASSED] - Send request successfully

2022-11-25 09:26:22 - [TEST_STEP][PASSED] - slurper = new groovy.json.JsonSlurper(): null

2022-11-25 09:26:22 - [TEST_STEP][PASSED] - result = slurper.parseText(req_data.getResponseBodyContent()): null

2022-11-25 09:26:22 - [TEST_STEP][PASSED] - reqid_kons = requestid1: null

2022-11-25 09:26:22 - [TEST_STEP][PASSED] - reqid_spouse = requestid2: null

2022-11-25 09:26:22 - [TEST_STEP][PASSED] - println("requestid kons : " + reqid_kons): null

2022-11-25 09:26:22 - [TEST_STEP][PASSED] - response_searchME_kons = reqid_kons: null

2022-11-25 09:26:22 - [TEST_STEP][PASSED] - response_searchME_spouse = reqid_spouse: null

2022-11-25 09:26:22 - [TEST_STEP][PASSED] - println("kons req id is :" + response_searchME_kons): null

2022-11-25 09:26:22 - [TEST_STEP][PASSED] - println("spouse req id is : " + response_searchME_spouse): null

2022-11-25 09:26:22 - [TEST_STEP][PASSED] - verifyResponseStatusCode(req_data, 200): Verify response status code successfully

2022-11-25 09:26:22 - [MESSAGE][PASSED] - Verify response status code successfully

2022-11-25 09:26:22 - [TEST_STEP][PASSED] - response = req_data.getResponseText(): null

2022-11-25 09:26:22 - [TEST_STEP][PASSED] - logInfo($response): {"status":"Done","data":{"requestid1":"254938","requestid2":"254939"}}

2022-11-25 09:26:22 - [MESSAGE][INFO] - {"status":"Done","data":{"requestid1":"254938","requestid2":"254939"}}

2022-11-25 09:26:22 - [TEST_STEP][PASSED] - delay(5): Delayed 5 second(s)

2022-11-25 09:26:27 - [MESSAGE][PASSED] - Delayed 5 second(s)

2022-11-25 09:26:27 - [TEST_STEP][PASSED] - scoring = sendRequest(findTestObject("EngineScore", ["response_searchME_kons":response_searchME_kons, "response_searchME_spouse":response_searchME_spouse])): Send request successfully

2022-11-25 09:26:30 - [MESSAGE][INFO] - HAR: D:\DMS\Engine Scoring\Reports\20221125_091811\Exclude KKB - DS - Married\Scoring Married - KKB\20221125_091812\requests\main\141.har

2022-11-25 09:26:30 - [MESSAGE][PASSED] - Send request successfully

2022-11-25 09:26:30 - [TEST_STEP][PASSED] - verifyResponseStatusCode(scoring, 200): Verify response status code successfully

2022-11-25 09:26:30 - [MESSAGE][PASSED] - Verify response status code successfully

2022-11-25 09:26:30 - [TEST_STEP][PASSED] - response2 = scoring.getResponseText(): null

2022-11-25 09:26:30 - [TEST_STEP][PASSED] - markPassed("result service data ke : " + no): result service data ke : 170

2022-11-25 09:26:30 - [MESSAGE][PASSED] - result service data ke : 170

2022-11-25 09:26:30 - [TEST_STEP][PASSED] - logInfo($response2): {"result_konsumen":"Reject","result_pasangan":"Reguler","Final_result":"Reject","errorMessage":"","status":"Done"}

2022-11-25 09:26:30 - [MESSAGE][INFO] - {"result_konsumen":"Reject","result_pasangan":"Reguler","Final_result":"Reject","errorMessage":"","status":"Done"}

2022-11-25 09:26:30 - [TEST_STEP][PASSED] - verifyElementPropertyValue(scoring, "Final_result", final_result): Verify element property value successfully

2022-11-25 09:26:30 - [MESSAGE][PASSED] - Verify element property value successfully]]></system-out>
         <system-err><![CDATA[]]></system-err>
      </testcase>
      <testcase name="Test Cases/Engine_Scoring/Engine Scoring" time="9.879" classname="Test Cases/Engine_Scoring/Engine Scoring" status="PASSED">
         <system-out><![CDATA[2022-11-25 09:26:30 - [TEST_CASE][PASSED] - Test Cases/Engine_Scoring/Engine Scoring: Test Cases/Engine_Scoring/Engine Scoring

2022-11-25 09:26:31 - [TEST_STEP][PASSED] - markPassed("Variasi data ke : " + no): Variasi data ke : 171

2022-11-25 09:26:31 - [MESSAGE][PASSED] - Variasi data ke : 171

2022-11-25 09:26:31 - [TEST_STEP][PASSED] - req_data = sendRequest(findTestObject("Search_ME", ["MID":MID, "source":source, "ip":ip, "userid":userid, "branch":branch, "tipekons":tipekons, "marital":marital, "penjamin":penjamin, ... ])): Send request successfully

2022-11-25 09:26:33 - [MESSAGE][INFO] - HAR: D:\DMS\Engine Scoring\Reports\20221125_091811\Exclude KKB - DS - Married\Scoring Married - KKB\20221125_091812\requests\main\142.har

2022-11-25 09:26:33 - [MESSAGE][PASSED] - Send request successfully

2022-11-25 09:26:33 - [TEST_STEP][PASSED] - slurper = new groovy.json.JsonSlurper(): null

2022-11-25 09:26:33 - [TEST_STEP][PASSED] - result = slurper.parseText(req_data.getResponseBodyContent()): null

2022-11-25 09:26:33 - [TEST_STEP][PASSED] - reqid_kons = requestid1: null

2022-11-25 09:26:33 - [TEST_STEP][PASSED] - reqid_spouse = requestid2: null

2022-11-25 09:26:33 - [TEST_STEP][PASSED] - println("requestid kons : " + reqid_kons): null

2022-11-25 09:26:33 - [TEST_STEP][PASSED] - response_searchME_kons = reqid_kons: null

2022-11-25 09:26:33 - [TEST_STEP][PASSED] - response_searchME_spouse = reqid_spouse: null

2022-11-25 09:26:33 - [TEST_STEP][PASSED] - println("kons req id is :" + response_searchME_kons): null

2022-11-25 09:26:33 - [TEST_STEP][PASSED] - println("spouse req id is : " + response_searchME_spouse): null

2022-11-25 09:26:33 - [TEST_STEP][PASSED] - verifyResponseStatusCode(req_data, 200): Verify response status code successfully

2022-11-25 09:26:33 - [MESSAGE][PASSED] - Verify response status code successfully

2022-11-25 09:26:33 - [TEST_STEP][PASSED] - response = req_data.getResponseText(): null

2022-11-25 09:26:33 - [TEST_STEP][PASSED] - logInfo($response): {"status":"Done","data":{"requestid1":"254940","requestid2":"254941"}}

2022-11-25 09:26:33 - [MESSAGE][INFO] - {"status":"Done","data":{"requestid1":"254940","requestid2":"254941"}}

2022-11-25 09:26:33 - [TEST_STEP][PASSED] - delay(5): Delayed 5 second(s)

2022-11-25 09:26:39 - [MESSAGE][PASSED] - Delayed 5 second(s)

2022-11-25 09:26:39 - [TEST_STEP][PASSED] - scoring = sendRequest(findTestObject("EngineScore", ["response_searchME_kons":response_searchME_kons, "response_searchME_spouse":response_searchME_spouse])): Send request successfully

2022-11-25 09:26:40 - [MESSAGE][INFO] - HAR: D:\DMS\Engine Scoring\Reports\20221125_091811\Exclude KKB - DS - Married\Scoring Married - KKB\20221125_091812\requests\main\143.har

2022-11-25 09:26:40 - [MESSAGE][PASSED] - Send request successfully

2022-11-25 09:26:40 - [TEST_STEP][PASSED] - verifyResponseStatusCode(scoring, 200): Verify response status code successfully

2022-11-25 09:26:40 - [MESSAGE][PASSED] - Verify response status code successfully

2022-11-25 09:26:40 - [TEST_STEP][PASSED] - response2 = scoring.getResponseText(): null

2022-11-25 09:26:40 - [TEST_STEP][PASSED] - markPassed("result service data ke : " + no): result service data ke : 171

2022-11-25 09:26:40 - [MESSAGE][PASSED] - result service data ke : 171

2022-11-25 09:26:40 - [TEST_STEP][PASSED] - logInfo($response2): {"result_konsumen":"Reject","result_pasangan":"Reguler","Final_result":"Reject","errorMessage":"","status":"Done"}

2022-11-25 09:26:40 - [MESSAGE][INFO] - {"result_konsumen":"Reject","result_pasangan":"Reguler","Final_result":"Reject","errorMessage":"","status":"Done"}

2022-11-25 09:26:40 - [TEST_STEP][PASSED] - verifyElementPropertyValue(scoring, "Final_result", final_result): Verify element property value successfully

2022-11-25 09:26:40 - [MESSAGE][PASSED] - Verify element property value successfully]]></system-out>
         <system-err><![CDATA[]]></system-err>
      </testcase>
      <testcase name="Test Cases/Engine_Scoring/Engine Scoring" time="9.165" classname="Test Cases/Engine_Scoring/Engine Scoring" status="PASSED">
         <system-out><![CDATA[2022-11-25 09:26:40 - [TEST_CASE][PASSED] - Test Cases/Engine_Scoring/Engine Scoring: Test Cases/Engine_Scoring/Engine Scoring

2022-11-25 09:26:41 - [TEST_STEP][PASSED] - markPassed("Variasi data ke : " + no): Variasi data ke : 172

2022-11-25 09:26:41 - [MESSAGE][PASSED] - Variasi data ke : 172

2022-11-25 09:26:41 - [TEST_STEP][PASSED] - req_data = sendRequest(findTestObject("Search_ME", ["MID":MID, "source":source, "ip":ip, "userid":userid, "branch":branch, "tipekons":tipekons, "marital":marital, "penjamin":penjamin, ... ])): Send request successfully

2022-11-25 09:26:43 - [MESSAGE][INFO] - HAR: D:\DMS\Engine Scoring\Reports\20221125_091811\Exclude KKB - DS - Married\Scoring Married - KKB\20221125_091812\requests\main\144.har

2022-11-25 09:26:43 - [MESSAGE][PASSED] - Send request successfully

2022-11-25 09:26:43 - [TEST_STEP][PASSED] - slurper = new groovy.json.JsonSlurper(): null

2022-11-25 09:26:43 - [TEST_STEP][PASSED] - result = slurper.parseText(req_data.getResponseBodyContent()): null

2022-11-25 09:26:43 - [TEST_STEP][PASSED] - reqid_kons = requestid1: null

2022-11-25 09:26:43 - [TEST_STEP][PASSED] - reqid_spouse = requestid2: null

2022-11-25 09:26:43 - [TEST_STEP][PASSED] - println("requestid kons : " + reqid_kons): null

2022-11-25 09:26:43 - [TEST_STEP][PASSED] - response_searchME_kons = reqid_kons: null

2022-11-25 09:26:43 - [TEST_STEP][PASSED] - response_searchME_spouse = reqid_spouse: null

2022-11-25 09:26:43 - [TEST_STEP][PASSED] - println("kons req id is :" + response_searchME_kons): null

2022-11-25 09:26:43 - [TEST_STEP][PASSED] - println("spouse req id is : " + response_searchME_spouse): null

2022-11-25 09:26:43 - [TEST_STEP][PASSED] - verifyResponseStatusCode(req_data, 200): Verify response status code successfully

2022-11-25 09:26:43 - [MESSAGE][PASSED] - Verify response status code successfully

2022-11-25 09:26:43 - [TEST_STEP][PASSED] - response = req_data.getResponseText(): null

2022-11-25 09:26:43 - [TEST_STEP][PASSED] - logInfo($response): {"status":"Done","data":{"requestid1":"254942","requestid2":"254943"}}

2022-11-25 09:26:43 - [MESSAGE][INFO] - {"status":"Done","data":{"requestid1":"254942","requestid2":"254943"}}

2022-11-25 09:26:43 - [TEST_STEP][PASSED] - delay(5): Delayed 5 second(s)

2022-11-25 09:26:48 - [MESSAGE][PASSED] - Delayed 5 second(s)

2022-11-25 09:26:48 - [TEST_STEP][PASSED] - scoring = sendRequest(findTestObject("EngineScore", ["response_searchME_kons":response_searchME_kons, "response_searchME_spouse":response_searchME_spouse])): Send request successfully

2022-11-25 09:26:49 - [MESSAGE][INFO] - HAR: D:\DMS\Engine Scoring\Reports\20221125_091811\Exclude KKB - DS - Married\Scoring Married - KKB\20221125_091812\requests\main\145.har

2022-11-25 09:26:49 - [MESSAGE][PASSED] - Send request successfully

2022-11-25 09:26:49 - [TEST_STEP][PASSED] - verifyResponseStatusCode(scoring, 200): Verify response status code successfully

2022-11-25 09:26:49 - [MESSAGE][PASSED] - Verify response status code successfully

2022-11-25 09:26:49 - [TEST_STEP][PASSED] - response2 = scoring.getResponseText(): null

2022-11-25 09:26:49 - [TEST_STEP][PASSED] - markPassed("result service data ke : " + no): result service data ke : 172

2022-11-25 09:26:49 - [MESSAGE][PASSED] - result service data ke : 172

2022-11-25 09:26:49 - [TEST_STEP][PASSED] - logInfo($response2): {"result_konsumen":"Reject","result_pasangan":"Reject","Final_result":"Reject","errorMessage":"","status":"Done"}

2022-11-25 09:26:49 - [MESSAGE][INFO] - {"result_konsumen":"Reject","result_pasangan":"Reject","Final_result":"Reject","errorMessage":"","status":"Done"}

2022-11-25 09:26:49 - [TEST_STEP][PASSED] - verifyElementPropertyValue(scoring, "Final_result", final_result): Verify element property value successfully

2022-11-25 09:26:49 - [MESSAGE][PASSED] - Verify element property value successfully]]></system-out>
         <system-err><![CDATA[]]></system-err>
      </testcase>
      <testcase name="Test Cases/Engine_Scoring/Engine Scoring" time="8.327" classname="Test Cases/Engine_Scoring/Engine Scoring" status="PASSED">
         <system-out><![CDATA[2022-11-25 09:26:49 - [TEST_CASE][PASSED] - Test Cases/Engine_Scoring/Engine Scoring: Test Cases/Engine_Scoring/Engine Scoring

2022-11-25 09:26:50 - [TEST_STEP][PASSED] - markPassed("Variasi data ke : " + no): Variasi data ke : 173

2022-11-25 09:26:50 - [MESSAGE][PASSED] - Variasi data ke : 173

2022-11-25 09:26:50 - [TEST_STEP][PASSED] - req_data = sendRequest(findTestObject("Search_ME", ["MID":MID, "source":source, "ip":ip, "userid":userid, "branch":branch, "tipekons":tipekons, "marital":marital, "penjamin":penjamin, ... ])): Send request successfully

2022-11-25 09:26:52 - [MESSAGE][INFO] - HAR: D:\DMS\Engine Scoring\Reports\20221125_091811\Exclude KKB - DS - Married\Scoring Married - KKB\20221125_091812\requests\main\146.har

2022-11-25 09:26:52 - [MESSAGE][PASSED] - Send request successfully

2022-11-25 09:26:52 - [TEST_STEP][PASSED] - slurper = new groovy.json.JsonSlurper(): null

2022-11-25 09:26:52 - [TEST_STEP][PASSED] - result = slurper.parseText(req_data.getResponseBodyContent()): null

2022-11-25 09:26:52 - [TEST_STEP][PASSED] - reqid_kons = requestid1: null

2022-11-25 09:26:52 - [TEST_STEP][PASSED] - reqid_spouse = requestid2: null

2022-11-25 09:26:52 - [TEST_STEP][PASSED] - println("requestid kons : " + reqid_kons): null

2022-11-25 09:26:52 - [TEST_STEP][PASSED] - response_searchME_kons = reqid_kons: null

2022-11-25 09:26:52 - [TEST_STEP][PASSED] - response_searchME_spouse = reqid_spouse: null

2022-11-25 09:26:52 - [TEST_STEP][PASSED] - println("kons req id is :" + response_searchME_kons): null

2022-11-25 09:26:52 - [TEST_STEP][PASSED] - println("spouse req id is : " + response_searchME_spouse): null

2022-11-25 09:26:52 - [TEST_STEP][PASSED] - verifyResponseStatusCode(req_data, 200): Verify response status code successfully

2022-11-25 09:26:52 - [MESSAGE][PASSED] - Verify response status code successfully

2022-11-25 09:26:52 - [TEST_STEP][PASSED] - response = req_data.getResponseText(): null

2022-11-25 09:26:52 - [TEST_STEP][PASSED] - logInfo($response): {"status":"Done","data":{"requestid1":"254944","requestid2":"254945"}}

2022-11-25 09:26:52 - [MESSAGE][INFO] - {"status":"Done","data":{"requestid1":"254944","requestid2":"254945"}}

2022-11-25 09:26:52 - [TEST_STEP][PASSED] - delay(5): Delayed 5 second(s)

2022-11-25 09:26:57 - [MESSAGE][PASSED] - Delayed 5 second(s)

2022-11-25 09:26:57 - [TEST_STEP][PASSED] - scoring = sendRequest(findTestObject("EngineScore", ["response_searchME_kons":response_searchME_kons, "response_searchME_spouse":response_searchME_spouse])): Send request successfully

2022-11-25 09:26:58 - [MESSAGE][INFO] - HAR: D:\DMS\Engine Scoring\Reports\20221125_091811\Exclude KKB - DS - Married\Scoring Married - KKB\20221125_091812\requests\main\147.har

2022-11-25 09:26:58 - [MESSAGE][PASSED] - Send request successfully

2022-11-25 09:26:58 - [TEST_STEP][PASSED] - verifyResponseStatusCode(scoring, 200): Verify response status code successfully

2022-11-25 09:26:58 - [MESSAGE][PASSED] - Verify response status code successfully

2022-11-25 09:26:58 - [TEST_STEP][PASSED] - response2 = scoring.getResponseText(): null

2022-11-25 09:26:58 - [TEST_STEP][PASSED] - markPassed("result service data ke : " + no): result service data ke : 173

2022-11-25 09:26:58 - [MESSAGE][PASSED] - result service data ke : 173

2022-11-25 09:26:58 - [TEST_STEP][PASSED] - logInfo($response2): {"result_konsumen":"Reject","result_pasangan":"Reject","Final_result":"Reject","errorMessage":"","status":"Done"}

2022-11-25 09:26:58 - [MESSAGE][INFO] - {"result_konsumen":"Reject","result_pasangan":"Reject","Final_result":"Reject","errorMessage":"","status":"Done"}

2022-11-25 09:26:58 - [TEST_STEP][PASSED] - verifyElementPropertyValue(scoring, "Final_result", final_result): Verify element property value successfully

2022-11-25 09:26:58 - [MESSAGE][PASSED] - Verify element property value successfully]]></system-out>
         <system-err><![CDATA[]]></system-err>
      </testcase>
      <testcase name="Test Cases/Engine_Scoring/Engine Scoring" time="7.08" classname="Test Cases/Engine_Scoring/Engine Scoring" status="PASSED">
         <system-out><![CDATA[2022-11-25 09:26:58 - [TEST_CASE][PASSED] - Test Cases/Engine_Scoring/Engine Scoring: Test Cases/Engine_Scoring/Engine Scoring

2022-11-25 09:26:59 - [TEST_STEP][PASSED] - markPassed("Variasi data ke : " + no): Variasi data ke : 174

2022-11-25 09:26:59 - [MESSAGE][PASSED] - Variasi data ke : 174

2022-11-25 09:26:59 - [TEST_STEP][PASSED] - req_data = sendRequest(findTestObject("Search_ME", ["MID":MID, "source":source, "ip":ip, "userid":userid, "branch":branch, "tipekons":tipekons, "marital":marital, "penjamin":penjamin, ... ])): Send request successfully

2022-11-25 09:27:00 - [MESSAGE][INFO] - HAR: D:\DMS\Engine Scoring\Reports\20221125_091811\Exclude KKB - DS - Married\Scoring Married - KKB\20221125_091812\requests\main\148.har

2022-11-25 09:27:00 - [MESSAGE][PASSED] - Send request successfully

2022-11-25 09:27:00 - [TEST_STEP][PASSED] - slurper = new groovy.json.JsonSlurper(): null

2022-11-25 09:27:00 - [TEST_STEP][PASSED] - result = slurper.parseText(req_data.getResponseBodyContent()): null

2022-11-25 09:27:00 - [TEST_STEP][PASSED] - reqid_kons = requestid1: null

2022-11-25 09:27:00 - [TEST_STEP][PASSED] - reqid_spouse = requestid2: null

2022-11-25 09:27:00 - [TEST_STEP][PASSED] - println("requestid kons : " + reqid_kons): null

2022-11-25 09:27:00 - [TEST_STEP][PASSED] - response_searchME_kons = reqid_kons: null

2022-11-25 09:27:00 - [TEST_STEP][PASSED] - response_searchME_spouse = reqid_spouse: null

2022-11-25 09:27:00 - [TEST_STEP][PASSED] - println("kons req id is :" + response_searchME_kons): null

2022-11-25 09:27:00 - [TEST_STEP][PASSED] - println("spouse req id is : " + response_searchME_spouse): null

2022-11-25 09:27:00 - [TEST_STEP][PASSED] - verifyResponseStatusCode(req_data, 200): Verify response status code successfully

2022-11-25 09:27:00 - [MESSAGE][PASSED] - Verify response status code successfully

2022-11-25 09:27:00 - [TEST_STEP][PASSED] - response = req_data.getResponseText(): null

2022-11-25 09:27:00 - [TEST_STEP][PASSED] - logInfo($response): {"status":"Done","data":{"requestid1":"254946","requestid2":"254947"}}

2022-11-25 09:27:00 - [MESSAGE][INFO] - {"status":"Done","data":{"requestid1":"254946","requestid2":"254947"}}

2022-11-25 09:27:00 - [TEST_STEP][PASSED] - delay(5): Delayed 5 second(s)

2022-11-25 09:27:05 - [MESSAGE][PASSED] - Delayed 5 second(s)

2022-11-25 09:27:05 - [TEST_STEP][PASSED] - scoring = sendRequest(findTestObject("EngineScore", ["response_searchME_kons":response_searchME_kons, "response_searchME_spouse":response_searchME_spouse])): Send request successfully

2022-11-25 09:27:05 - [MESSAGE][INFO] - HAR: D:\DMS\Engine Scoring\Reports\20221125_091811\Exclude KKB - DS - Married\Scoring Married - KKB\20221125_091812\requests\main\149.har

2022-11-25 09:27:05 - [MESSAGE][PASSED] - Send request successfully

2022-11-25 09:27:05 - [TEST_STEP][PASSED] - verifyResponseStatusCode(scoring, 200): Verify response status code successfully

2022-11-25 09:27:05 - [MESSAGE][PASSED] - Verify response status code successfully

2022-11-25 09:27:05 - [TEST_STEP][PASSED] - response2 = scoring.getResponseText(): null

2022-11-25 09:27:05 - [TEST_STEP][PASSED] - markPassed("result service data ke : " + no): result service data ke : 174

2022-11-25 09:27:05 - [MESSAGE][PASSED] - result service data ke : 174

2022-11-25 09:27:05 - [TEST_STEP][PASSED] - logInfo($response2): {"result_konsumen":"Reject","result_pasangan":"Reject","Final_result":"Reject","errorMessage":"","status":"Done"}

2022-11-25 09:27:05 - [MESSAGE][INFO] - {"result_konsumen":"Reject","result_pasangan":"Reject","Final_result":"Reject","errorMessage":"","status":"Done"}

2022-11-25 09:27:05 - [TEST_STEP][PASSED] - verifyElementPropertyValue(scoring, "Final_result", final_result): Verify element property value successfully

2022-11-25 09:27:05 - [MESSAGE][PASSED] - Verify element property value successfully]]></system-out>
         <system-err><![CDATA[]]></system-err>
      </testcase>
      <testcase name="Test Cases/Engine_Scoring/Engine Scoring" time="6.908" classname="Test Cases/Engine_Scoring/Engine Scoring" status="PASSED">
         <system-out><![CDATA[2022-11-25 09:27:05 - [TEST_CASE][PASSED] - Test Cases/Engine_Scoring/Engine Scoring: Test Cases/Engine_Scoring/Engine Scoring

2022-11-25 09:27:06 - [TEST_STEP][PASSED] - markPassed("Variasi data ke : " + no): Variasi data ke : 175

2022-11-25 09:27:06 - [MESSAGE][PASSED] - Variasi data ke : 175

2022-11-25 09:27:06 - [TEST_STEP][PASSED] - req_data = sendRequest(findTestObject("Search_ME", ["MID":MID, "source":source, "ip":ip, "userid":userid, "branch":branch, "tipekons":tipekons, "marital":marital, "penjamin":penjamin, ... ])): Send request successfully

2022-11-25 09:27:07 - [MESSAGE][INFO] - HAR: D:\DMS\Engine Scoring\Reports\20221125_091811\Exclude KKB - DS - Married\Scoring Married - KKB\20221125_091812\requests\main\150.har

2022-11-25 09:27:07 - [MESSAGE][PASSED] - Send request successfully

2022-11-25 09:27:07 - [TEST_STEP][PASSED] - slurper = new groovy.json.JsonSlurper(): null

2022-11-25 09:27:07 - [TEST_STEP][PASSED] - result = slurper.parseText(req_data.getResponseBodyContent()): null

2022-11-25 09:27:07 - [TEST_STEP][PASSED] - reqid_kons = requestid1: null

2022-11-25 09:27:07 - [TEST_STEP][PASSED] - reqid_spouse = requestid2: null

2022-11-25 09:27:07 - [TEST_STEP][PASSED] - println("requestid kons : " + reqid_kons): null

2022-11-25 09:27:07 - [TEST_STEP][PASSED] - response_searchME_kons = reqid_kons: null

2022-11-25 09:27:07 - [TEST_STEP][PASSED] - response_searchME_spouse = reqid_spouse: null

2022-11-25 09:27:07 - [TEST_STEP][PASSED] - println("kons req id is :" + response_searchME_kons): null

2022-11-25 09:27:07 - [TEST_STEP][PASSED] - println("spouse req id is : " + response_searchME_spouse): null

2022-11-25 09:27:07 - [TEST_STEP][PASSED] - verifyResponseStatusCode(req_data, 200): Verify response status code successfully

2022-11-25 09:27:07 - [MESSAGE][PASSED] - Verify response status code successfully

2022-11-25 09:27:07 - [TEST_STEP][PASSED] - response = req_data.getResponseText(): null

2022-11-25 09:27:07 - [TEST_STEP][PASSED] - logInfo($response): {"status":"Done","data":{"requestid1":"254948","requestid2":"254949"}}

2022-11-25 09:27:07 - [MESSAGE][INFO] - {"status":"Done","data":{"requestid1":"254948","requestid2":"254949"}}

2022-11-25 09:27:07 - [TEST_STEP][PASSED] - delay(5): Delayed 5 second(s)

2022-11-25 09:27:12 - [MESSAGE][PASSED] - Delayed 5 second(s)

2022-11-25 09:27:12 - [TEST_STEP][PASSED] - scoring = sendRequest(findTestObject("EngineScore", ["response_searchME_kons":response_searchME_kons, "response_searchME_spouse":response_searchME_spouse])): Send request successfully

2022-11-25 09:27:12 - [MESSAGE][INFO] - HAR: D:\DMS\Engine Scoring\Reports\20221125_091811\Exclude KKB - DS - Married\Scoring Married - KKB\20221125_091812\requests\main\151.har

2022-11-25 09:27:12 - [MESSAGE][PASSED] - Send request successfully

2022-11-25 09:27:12 - [TEST_STEP][PASSED] - verifyResponseStatusCode(scoring, 200): Verify response status code successfully

2022-11-25 09:27:12 - [MESSAGE][PASSED] - Verify response status code successfully

2022-11-25 09:27:12 - [TEST_STEP][PASSED] - response2 = scoring.getResponseText(): null

2022-11-25 09:27:12 - [TEST_STEP][PASSED] - markPassed("result service data ke : " + no): result service data ke : 175

2022-11-25 09:27:12 - [MESSAGE][PASSED] - result service data ke : 175

2022-11-25 09:27:12 - [TEST_STEP][PASSED] - logInfo($response2): {"result_konsumen":"Reject","result_pasangan":"Reject","Final_result":"Reject","errorMessage":"","status":"Done"}

2022-11-25 09:27:12 - [MESSAGE][INFO] - {"result_konsumen":"Reject","result_pasangan":"Reject","Final_result":"Reject","errorMessage":"","status":"Done"}

2022-11-25 09:27:12 - [TEST_STEP][PASSED] - verifyElementPropertyValue(scoring, "Final_result", final_result): Verify element property value successfully

2022-11-25 09:27:12 - [MESSAGE][PASSED] - Verify element property value successfully]]></system-out>
         <system-err><![CDATA[]]></system-err>
      </testcase>
      <testcase name="Test Cases/Engine_Scoring/Engine Scoring" time="6.984" classname="Test Cases/Engine_Scoring/Engine Scoring" status="PASSED">
         <system-out><![CDATA[2022-11-25 09:27:12 - [TEST_CASE][PASSED] - Test Cases/Engine_Scoring/Engine Scoring: Test Cases/Engine_Scoring/Engine Scoring

2022-11-25 09:27:13 - [TEST_STEP][PASSED] - markPassed("Variasi data ke : " + no): Variasi data ke : 176

2022-11-25 09:27:13 - [MESSAGE][PASSED] - Variasi data ke : 176

2022-11-25 09:27:13 - [TEST_STEP][PASSED] - req_data = sendRequest(findTestObject("Search_ME", ["MID":MID, "source":source, "ip":ip, "userid":userid, "branch":branch, "tipekons":tipekons, "marital":marital, "penjamin":penjamin, ... ])): Send request successfully

2022-11-25 09:27:14 - [MESSAGE][INFO] - HAR: D:\DMS\Engine Scoring\Reports\20221125_091811\Exclude KKB - DS - Married\Scoring Married - KKB\20221125_091812\requests\main\152.har

2022-11-25 09:27:14 - [MESSAGE][PASSED] - Send request successfully

2022-11-25 09:27:14 - [TEST_STEP][PASSED] - slurper = new groovy.json.JsonSlurper(): null

2022-11-25 09:27:14 - [TEST_STEP][PASSED] - result = slurper.parseText(req_data.getResponseBodyContent()): null

2022-11-25 09:27:14 - [TEST_STEP][PASSED] - reqid_kons = requestid1: null

2022-11-25 09:27:14 - [TEST_STEP][PASSED] - reqid_spouse = requestid2: null

2022-11-25 09:27:14 - [TEST_STEP][PASSED] - println("requestid kons : " + reqid_kons): null

2022-11-25 09:27:14 - [TEST_STEP][PASSED] - response_searchME_kons = reqid_kons: null

2022-11-25 09:27:14 - [TEST_STEP][PASSED] - response_searchME_spouse = reqid_spouse: null

2022-11-25 09:27:14 - [TEST_STEP][PASSED] - println("kons req id is :" + response_searchME_kons): null

2022-11-25 09:27:14 - [TEST_STEP][PASSED] - println("spouse req id is : " + response_searchME_spouse): null

2022-11-25 09:27:14 - [TEST_STEP][PASSED] - verifyResponseStatusCode(req_data, 200): Verify response status code successfully

2022-11-25 09:27:14 - [MESSAGE][PASSED] - Verify response status code successfully

2022-11-25 09:27:14 - [TEST_STEP][PASSED] - response = req_data.getResponseText(): null

2022-11-25 09:27:14 - [TEST_STEP][PASSED] - logInfo($response): {"status":"Done","data":{"requestid1":"254950","requestid2":"254951"}}

2022-11-25 09:27:14 - [MESSAGE][INFO] - {"status":"Done","data":{"requestid1":"254950","requestid2":"254951"}}

2022-11-25 09:27:14 - [TEST_STEP][PASSED] - delay(5): Delayed 5 second(s)

2022-11-25 09:27:19 - [MESSAGE][PASSED] - Delayed 5 second(s)

2022-11-25 09:27:19 - [TEST_STEP][PASSED] - scoring = sendRequest(findTestObject("EngineScore", ["response_searchME_kons":response_searchME_kons, "response_searchME_spouse":response_searchME_spouse])): Send request successfully

2022-11-25 09:27:19 - [MESSAGE][INFO] - HAR: D:\DMS\Engine Scoring\Reports\20221125_091811\Exclude KKB - DS - Married\Scoring Married - KKB\20221125_091812\requests\main\153.har

2022-11-25 09:27:19 - [MESSAGE][PASSED] - Send request successfully

2022-11-25 09:27:19 - [TEST_STEP][PASSED] - verifyResponseStatusCode(scoring, 200): Verify response status code successfully

2022-11-25 09:27:19 - [MESSAGE][PASSED] - Verify response status code successfully

2022-11-25 09:27:19 - [TEST_STEP][PASSED] - response2 = scoring.getResponseText(): null

2022-11-25 09:27:19 - [TEST_STEP][PASSED] - markPassed("result service data ke : " + no): result service data ke : 176

2022-11-25 09:27:19 - [MESSAGE][PASSED] - result service data ke : 176

2022-11-25 09:27:19 - [TEST_STEP][PASSED] - logInfo($response2): {"result_konsumen":"Reject","result_pasangan":"Reject","Final_result":"Reject","errorMessage":"","status":"Done"}

2022-11-25 09:27:19 - [MESSAGE][INFO] - {"result_konsumen":"Reject","result_pasangan":"Reject","Final_result":"Reject","errorMessage":"","status":"Done"}

2022-11-25 09:27:19 - [TEST_STEP][PASSED] - verifyElementPropertyValue(scoring, "Final_result", final_result): Verify element property value successfully

2022-11-25 09:27:19 - [MESSAGE][PASSED] - Verify element property value successfully]]></system-out>
         <system-err><![CDATA[]]></system-err>
      </testcase>
      <testcase name="Test Cases/Engine_Scoring/Engine Scoring" time="8.769" classname="Test Cases/Engine_Scoring/Engine Scoring" status="PASSED">
         <system-out><![CDATA[2022-11-25 09:27:19 - [TEST_CASE][PASSED] - Test Cases/Engine_Scoring/Engine Scoring: Test Cases/Engine_Scoring/Engine Scoring

2022-11-25 09:27:20 - [TEST_STEP][PASSED] - markPassed("Variasi data ke : " + no): Variasi data ke : 177

2022-11-25 09:27:20 - [MESSAGE][PASSED] - Variasi data ke : 177

2022-11-25 09:27:20 - [TEST_STEP][PASSED] - req_data = sendRequest(findTestObject("Search_ME", ["MID":MID, "source":source, "ip":ip, "userid":userid, "branch":branch, "tipekons":tipekons, "marital":marital, "penjamin":penjamin, ... ])): Send request successfully

2022-11-25 09:27:21 - [MESSAGE][INFO] - HAR: D:\DMS\Engine Scoring\Reports\20221125_091811\Exclude KKB - DS - Married\Scoring Married - KKB\20221125_091812\requests\main\154.har

2022-11-25 09:27:21 - [MESSAGE][PASSED] - Send request successfully

2022-11-25 09:27:21 - [TEST_STEP][PASSED] - slurper = new groovy.json.JsonSlurper(): null

2022-11-25 09:27:21 - [TEST_STEP][PASSED] - result = slurper.parseText(req_data.getResponseBodyContent()): null

2022-11-25 09:27:21 - [TEST_STEP][PASSED] - reqid_kons = requestid1: null

2022-11-25 09:27:21 - [TEST_STEP][PASSED] - reqid_spouse = requestid2: null

2022-11-25 09:27:21 - [TEST_STEP][PASSED] - println("requestid kons : " + reqid_kons): null

2022-11-25 09:27:21 - [TEST_STEP][PASSED] - response_searchME_kons = reqid_kons: null

2022-11-25 09:27:21 - [TEST_STEP][PASSED] - response_searchME_spouse = reqid_spouse: null

2022-11-25 09:27:21 - [TEST_STEP][PASSED] - println("kons req id is :" + response_searchME_kons): null

2022-11-25 09:27:21 - [TEST_STEP][PASSED] - println("spouse req id is : " + response_searchME_spouse): null

2022-11-25 09:27:21 - [TEST_STEP][PASSED] - verifyResponseStatusCode(req_data, 200): Verify response status code successfully

2022-11-25 09:27:21 - [MESSAGE][PASSED] - Verify response status code successfully

2022-11-25 09:27:21 - [TEST_STEP][PASSED] - response = req_data.getResponseText(): null

2022-11-25 09:27:21 - [TEST_STEP][PASSED] - logInfo($response): {"status":"Done","data":{"requestid1":"254952","requestid2":"254953"}}

2022-11-25 09:27:21 - [MESSAGE][INFO] - {"status":"Done","data":{"requestid1":"254952","requestid2":"254953"}}

2022-11-25 09:27:21 - [TEST_STEP][PASSED] - delay(5): Delayed 5 second(s)

2022-11-25 09:27:26 - [MESSAGE][PASSED] - Delayed 5 second(s)

2022-11-25 09:27:26 - [TEST_STEP][PASSED] - scoring = sendRequest(findTestObject("EngineScore", ["response_searchME_kons":response_searchME_kons, "response_searchME_spouse":response_searchME_spouse])): Send request successfully

2022-11-25 09:27:27 - [MESSAGE][INFO] - HAR: D:\DMS\Engine Scoring\Reports\20221125_091811\Exclude KKB - DS - Married\Scoring Married - KKB\20221125_091812\requests\main\155.har

2022-11-25 09:27:27 - [MESSAGE][PASSED] - Send request successfully

2022-11-25 09:27:27 - [TEST_STEP][PASSED] - verifyResponseStatusCode(scoring, 200): Verify response status code successfully

2022-11-25 09:27:28 - [MESSAGE][PASSED] - Verify response status code successfully

2022-11-25 09:27:28 - [TEST_STEP][PASSED] - response2 = scoring.getResponseText(): null

2022-11-25 09:27:28 - [TEST_STEP][PASSED] - markPassed("result service data ke : " + no): result service data ke : 177

2022-11-25 09:27:28 - [MESSAGE][PASSED] - result service data ke : 177

2022-11-25 09:27:28 - [TEST_STEP][PASSED] - logInfo($response2): {"result_konsumen":"Reject","result_pasangan":"Reject","Final_result":"Reject","errorMessage":"","status":"Done"}

2022-11-25 09:27:28 - [MESSAGE][INFO] - {"result_konsumen":"Reject","result_pasangan":"Reject","Final_result":"Reject","errorMessage":"","status":"Done"}

2022-11-25 09:27:28 - [TEST_STEP][PASSED] - verifyElementPropertyValue(scoring, "Final_result", final_result): Verify element property value successfully

2022-11-25 09:27:28 - [MESSAGE][PASSED] - Verify element property value successfully]]></system-out>
         <system-err><![CDATA[]]></system-err>
      </testcase>
      <testcase name="Test Cases/Engine_Scoring/Engine Scoring" time="11.734" classname="Test Cases/Engine_Scoring/Engine Scoring" status="PASSED">
         <system-out><![CDATA[2022-11-25 09:27:28 - [TEST_CASE][PASSED] - Test Cases/Engine_Scoring/Engine Scoring: Test Cases/Engine_Scoring/Engine Scoring

2022-11-25 09:27:29 - [TEST_STEP][PASSED] - markPassed("Variasi data ke : " + no): Variasi data ke : 178

2022-11-25 09:27:29 - [MESSAGE][PASSED] - Variasi data ke : 178

2022-11-25 09:27:29 - [TEST_STEP][PASSED] - req_data = sendRequest(findTestObject("Search_ME", ["MID":MID, "source":source, "ip":ip, "userid":userid, "branch":branch, "tipekons":tipekons, "marital":marital, "penjamin":penjamin, ... ])): Send request successfully

2022-11-25 09:27:31 - [MESSAGE][INFO] - HAR: D:\DMS\Engine Scoring\Reports\20221125_091811\Exclude KKB - DS - Married\Scoring Married - KKB\20221125_091812\requests\main\156.har

2022-11-25 09:27:31 - [MESSAGE][PASSED] - Send request successfully

2022-11-25 09:27:31 - [TEST_STEP][PASSED] - slurper = new groovy.json.JsonSlurper(): null

2022-11-25 09:27:31 - [TEST_STEP][PASSED] - result = slurper.parseText(req_data.getResponseBodyContent()): null

2022-11-25 09:27:31 - [TEST_STEP][PASSED] - reqid_kons = requestid1: null

2022-11-25 09:27:31 - [TEST_STEP][PASSED] - reqid_spouse = requestid2: null

2022-11-25 09:27:31 - [TEST_STEP][PASSED] - println("requestid kons : " + reqid_kons): null

2022-11-25 09:27:31 - [TEST_STEP][PASSED] - response_searchME_kons = reqid_kons: null

2022-11-25 09:27:31 - [TEST_STEP][PASSED] - response_searchME_spouse = reqid_spouse: null

2022-11-25 09:27:31 - [TEST_STEP][PASSED] - println("kons req id is :" + response_searchME_kons): null

2022-11-25 09:27:31 - [TEST_STEP][PASSED] - println("spouse req id is : " + response_searchME_spouse): null

2022-11-25 09:27:31 - [TEST_STEP][PASSED] - verifyResponseStatusCode(req_data, 200): Verify response status code successfully

2022-11-25 09:27:31 - [MESSAGE][PASSED] - Verify response status code successfully

2022-11-25 09:27:31 - [TEST_STEP][PASSED] - response = req_data.getResponseText(): null

2022-11-25 09:27:31 - [TEST_STEP][PASSED] - logInfo($response): {"status":"Done","data":{"requestid1":"254954","requestid2":"254955"}}

2022-11-25 09:27:31 - [MESSAGE][INFO] - {"status":"Done","data":{"requestid1":"254954","requestid2":"254955"}}

2022-11-25 09:27:31 - [TEST_STEP][PASSED] - delay(5): Delayed 5 second(s)

2022-11-25 09:27:36 - [MESSAGE][PASSED] - Delayed 5 second(s)

2022-11-25 09:27:36 - [TEST_STEP][PASSED] - scoring = sendRequest(findTestObject("EngineScore", ["response_searchME_kons":response_searchME_kons, "response_searchME_spouse":response_searchME_spouse])): Send request successfully

2022-11-25 09:27:39 - [MESSAGE][INFO] - HAR: D:\DMS\Engine Scoring\Reports\20221125_091811\Exclude KKB - DS - Married\Scoring Married - KKB\20221125_091812\requests\main\157.har

2022-11-25 09:27:39 - [MESSAGE][PASSED] - Send request successfully

2022-11-25 09:27:39 - [TEST_STEP][PASSED] - verifyResponseStatusCode(scoring, 200): Verify response status code successfully

2022-11-25 09:27:39 - [MESSAGE][PASSED] - Verify response status code successfully

2022-11-25 09:27:39 - [TEST_STEP][PASSED] - response2 = scoring.getResponseText(): null

2022-11-25 09:27:39 - [TEST_STEP][PASSED] - markPassed("result service data ke : " + no): result service data ke : 178

2022-11-25 09:27:39 - [MESSAGE][PASSED] - result service data ke : 178

2022-11-25 09:27:39 - [TEST_STEP][PASSED] - logInfo($response2): {"result_konsumen":"Reject","result_pasangan":"Reject","Final_result":"Reject","errorMessage":"","status":"Done"}

2022-11-25 09:27:39 - [MESSAGE][INFO] - {"result_konsumen":"Reject","result_pasangan":"Reject","Final_result":"Reject","errorMessage":"","status":"Done"}

2022-11-25 09:27:39 - [TEST_STEP][PASSED] - verifyElementPropertyValue(scoring, "Final_result", final_result): Verify element property value successfully

2022-11-25 09:27:39 - [MESSAGE][PASSED] - Verify element property value successfully]]></system-out>
         <system-err><![CDATA[]]></system-err>
      </testcase>
      <testcase name="Test Cases/Engine_Scoring/Engine Scoring" time="12.759" classname="Test Cases/Engine_Scoring/Engine Scoring" status="PASSED">
         <system-out><![CDATA[2022-11-25 09:27:40 - [TEST_CASE][PASSED] - Test Cases/Engine_Scoring/Engine Scoring: Test Cases/Engine_Scoring/Engine Scoring

2022-11-25 09:27:41 - [TEST_STEP][PASSED] - markPassed("Variasi data ke : " + no): Variasi data ke : 179

2022-11-25 09:27:41 - [MESSAGE][PASSED] - Variasi data ke : 179

2022-11-25 09:27:41 - [TEST_STEP][PASSED] - req_data = sendRequest(findTestObject("Search_ME", ["MID":MID, "source":source, "ip":ip, "userid":userid, "branch":branch, "tipekons":tipekons, "marital":marital, "penjamin":penjamin, ... ])): Send request successfully

2022-11-25 09:27:43 - [MESSAGE][INFO] - HAR: D:\DMS\Engine Scoring\Reports\20221125_091811\Exclude KKB - DS - Married\Scoring Married - KKB\20221125_091812\requests\main\158.har

2022-11-25 09:27:43 - [MESSAGE][PASSED] - Send request successfully

2022-11-25 09:27:43 - [TEST_STEP][PASSED] - slurper = new groovy.json.JsonSlurper(): null

2022-11-25 09:27:43 - [TEST_STEP][PASSED] - result = slurper.parseText(req_data.getResponseBodyContent()): null

2022-11-25 09:27:43 - [TEST_STEP][PASSED] - reqid_kons = requestid1: null

2022-11-25 09:27:43 - [TEST_STEP][PASSED] - reqid_spouse = requestid2: null

2022-11-25 09:27:43 - [TEST_STEP][PASSED] - println("requestid kons : " + reqid_kons): null

2022-11-25 09:27:43 - [TEST_STEP][PASSED] - response_searchME_kons = reqid_kons: null

2022-11-25 09:27:43 - [TEST_STEP][PASSED] - response_searchME_spouse = reqid_spouse: null

2022-11-25 09:27:43 - [TEST_STEP][PASSED] - println("kons req id is :" + response_searchME_kons): null

2022-11-25 09:27:43 - [TEST_STEP][PASSED] - println("spouse req id is : " + response_searchME_spouse): null

2022-11-25 09:27:43 - [TEST_STEP][PASSED] - verifyResponseStatusCode(req_data, 200): Verify response status code successfully

2022-11-25 09:27:43 - [MESSAGE][PASSED] - Verify response status code successfully

2022-11-25 09:27:43 - [TEST_STEP][PASSED] - response = req_data.getResponseText(): null

2022-11-25 09:27:43 - [TEST_STEP][PASSED] - logInfo($response): {"status":"Done","data":{"requestid1":"254956","requestid2":"254957"}}

2022-11-25 09:27:43 - [MESSAGE][INFO] - {"status":"Done","data":{"requestid1":"254956","requestid2":"254957"}}

2022-11-25 09:27:43 - [TEST_STEP][PASSED] - delay(5): Delayed 5 second(s)

2022-11-25 09:27:49 - [MESSAGE][PASSED] - Delayed 5 second(s)

2022-11-25 09:27:49 - [TEST_STEP][PASSED] - scoring = sendRequest(findTestObject("EngineScore", ["response_searchME_kons":response_searchME_kons, "response_searchME_spouse":response_searchME_spouse])): Send request successfully

2022-11-25 09:27:52 - [MESSAGE][INFO] - HAR: D:\DMS\Engine Scoring\Reports\20221125_091811\Exclude KKB - DS - Married\Scoring Married - KKB\20221125_091812\requests\main\159.har

2022-11-25 09:27:52 - [MESSAGE][PASSED] - Send request successfully

2022-11-25 09:27:52 - [TEST_STEP][PASSED] - verifyResponseStatusCode(scoring, 200): Verify response status code successfully

2022-11-25 09:27:52 - [MESSAGE][PASSED] - Verify response status code successfully

2022-11-25 09:27:52 - [TEST_STEP][PASSED] - response2 = scoring.getResponseText(): null

2022-11-25 09:27:52 - [TEST_STEP][PASSED] - markPassed("result service data ke : " + no): result service data ke : 179

2022-11-25 09:27:52 - [MESSAGE][PASSED] - result service data ke : 179

2022-11-25 09:27:52 - [TEST_STEP][PASSED] - logInfo($response2): {"result_konsumen":"Reject","result_pasangan":"Reject","Final_result":"Reject","errorMessage":"","status":"Done"}

2022-11-25 09:27:52 - [MESSAGE][INFO] - {"result_konsumen":"Reject","result_pasangan":"Reject","Final_result":"Reject","errorMessage":"","status":"Done"}

2022-11-25 09:27:52 - [TEST_STEP][PASSED] - verifyElementPropertyValue(scoring, "Final_result", final_result): Verify element property value successfully

2022-11-25 09:27:52 - [MESSAGE][PASSED] - Verify element property value successfully]]></system-out>
         <system-err><![CDATA[]]></system-err>
      </testcase>
      <testcase name="Test Cases/Engine_Scoring/Engine Scoring" time="9.878" classname="Test Cases/Engine_Scoring/Engine Scoring" status="PASSED">
         <system-out><![CDATA[2022-11-25 09:27:52 - [TEST_CASE][PASSED] - Test Cases/Engine_Scoring/Engine Scoring: Test Cases/Engine_Scoring/Engine Scoring

2022-11-25 09:27:53 - [TEST_STEP][PASSED] - markPassed("Variasi data ke : " + no): Variasi data ke : 180

2022-11-25 09:27:53 - [MESSAGE][PASSED] - Variasi data ke : 180

2022-11-25 09:27:53 - [TEST_STEP][PASSED] - req_data = sendRequest(findTestObject("Search_ME", ["MID":MID, "source":source, "ip":ip, "userid":userid, "branch":branch, "tipekons":tipekons, "marital":marital, "penjamin":penjamin, ... ])): Send request successfully

2022-11-25 09:27:56 - [MESSAGE][INFO] - HAR: D:\DMS\Engine Scoring\Reports\20221125_091811\Exclude KKB - DS - Married\Scoring Married - KKB\20221125_091812\requests\main\160.har

2022-11-25 09:27:56 - [MESSAGE][PASSED] - Send request successfully

2022-11-25 09:27:56 - [TEST_STEP][PASSED] - slurper = new groovy.json.JsonSlurper(): null

2022-11-25 09:27:56 - [TEST_STEP][PASSED] - result = slurper.parseText(req_data.getResponseBodyContent()): null

2022-11-25 09:27:56 - [TEST_STEP][PASSED] - reqid_kons = requestid1: null

2022-11-25 09:27:56 - [TEST_STEP][PASSED] - reqid_spouse = requestid2: null

2022-11-25 09:27:56 - [TEST_STEP][PASSED] - println("requestid kons : " + reqid_kons): null

2022-11-25 09:27:56 - [TEST_STEP][PASSED] - response_searchME_kons = reqid_kons: null

2022-11-25 09:27:56 - [TEST_STEP][PASSED] - response_searchME_spouse = reqid_spouse: null

2022-11-25 09:27:56 - [TEST_STEP][PASSED] - println("kons req id is :" + response_searchME_kons): null

2022-11-25 09:27:56 - [TEST_STEP][PASSED] - println("spouse req id is : " + response_searchME_spouse): null

2022-11-25 09:27:56 - [TEST_STEP][PASSED] - verifyResponseStatusCode(req_data, 200): Verify response status code successfully

2022-11-25 09:27:56 - [MESSAGE][PASSED] - Verify response status code successfully

2022-11-25 09:27:56 - [TEST_STEP][PASSED] - response = req_data.getResponseText(): null

2022-11-25 09:27:56 - [TEST_STEP][PASSED] - logInfo($response): {"status":"Done","data":{"requestid1":"254958","requestid2":"254959"}}

2022-11-25 09:27:56 - [MESSAGE][INFO] - {"status":"Done","data":{"requestid1":"254958","requestid2":"254959"}}

2022-11-25 09:27:56 - [TEST_STEP][PASSED] - delay(5): Delayed 5 second(s)

2022-11-25 09:28:01 - [MESSAGE][PASSED] - Delayed 5 second(s)

2022-11-25 09:28:01 - [TEST_STEP][PASSED] - scoring = sendRequest(findTestObject("EngineScore", ["response_searchME_kons":response_searchME_kons, "response_searchME_spouse":response_searchME_spouse])): Send request successfully

2022-11-25 09:28:02 - [MESSAGE][INFO] - HAR: D:\DMS\Engine Scoring\Reports\20221125_091811\Exclude KKB - DS - Married\Scoring Married - KKB\20221125_091812\requests\main\161.har

2022-11-25 09:28:02 - [MESSAGE][PASSED] - Send request successfully

2022-11-25 09:28:02 - [TEST_STEP][PASSED] - verifyResponseStatusCode(scoring, 200): Verify response status code successfully

2022-11-25 09:28:02 - [MESSAGE][PASSED] - Verify response status code successfully

2022-11-25 09:28:02 - [TEST_STEP][PASSED] - response2 = scoring.getResponseText(): null

2022-11-25 09:28:02 - [TEST_STEP][PASSED] - markPassed("result service data ke : " + no): result service data ke : 180

2022-11-25 09:28:02 - [MESSAGE][PASSED] - result service data ke : 180

2022-11-25 09:28:02 - [TEST_STEP][PASSED] - logInfo($response2): {"result_konsumen":"Reject","result_pasangan":"Reject","Final_result":"Reject","errorMessage":"","status":"Done"}

2022-11-25 09:28:02 - [MESSAGE][INFO] - {"result_konsumen":"Reject","result_pasangan":"Reject","Final_result":"Reject","errorMessage":"","status":"Done"}

2022-11-25 09:28:02 - [TEST_STEP][PASSED] - verifyElementPropertyValue(scoring, "Final_result", final_result): Verify element property value successfully

2022-11-25 09:28:02 - [MESSAGE][PASSED] - Verify element property value successfully]]></system-out>
         <system-err><![CDATA[]]></system-err>
      </testcase>
      <testcase name="Test Cases/Engine_Scoring/Engine Scoring" time="8.689" classname="Test Cases/Engine_Scoring/Engine Scoring" status="PASSED">
         <system-out><![CDATA[2022-11-25 09:28:02 - [TEST_CASE][PASSED] - Test Cases/Engine_Scoring/Engine Scoring: Test Cases/Engine_Scoring/Engine Scoring

2022-11-25 09:28:03 - [TEST_STEP][PASSED] - markPassed("Variasi data ke : " + no): Variasi data ke : 181

2022-11-25 09:28:03 - [MESSAGE][PASSED] - Variasi data ke : 181

2022-11-25 09:28:03 - [TEST_STEP][PASSED] - req_data = sendRequest(findTestObject("Search_ME", ["MID":MID, "source":source, "ip":ip, "userid":userid, "branch":branch, "tipekons":tipekons, "marital":marital, "penjamin":penjamin, ... ])): Send request successfully

2022-11-25 09:28:04 - [MESSAGE][INFO] - HAR: D:\DMS\Engine Scoring\Reports\20221125_091811\Exclude KKB - DS - Married\Scoring Married - KKB\20221125_091812\requests\main\162.har

2022-11-25 09:28:04 - [MESSAGE][PASSED] - Send request successfully

2022-11-25 09:28:04 - [TEST_STEP][PASSED] - slurper = new groovy.json.JsonSlurper(): null

2022-11-25 09:28:04 - [TEST_STEP][PASSED] - result = slurper.parseText(req_data.getResponseBodyContent()): null

2022-11-25 09:28:04 - [TEST_STEP][PASSED] - reqid_kons = requestid1: null

2022-11-25 09:28:04 - [TEST_STEP][PASSED] - reqid_spouse = requestid2: null

2022-11-25 09:28:04 - [TEST_STEP][PASSED] - println("requestid kons : " + reqid_kons): null

2022-11-25 09:28:04 - [TEST_STEP][PASSED] - response_searchME_kons = reqid_kons: null

2022-11-25 09:28:04 - [TEST_STEP][PASSED] - response_searchME_spouse = reqid_spouse: null

2022-11-25 09:28:04 - [TEST_STEP][PASSED] - println("kons req id is :" + response_searchME_kons): null

2022-11-25 09:28:04 - [TEST_STEP][PASSED] - println("spouse req id is : " + response_searchME_spouse): null

2022-11-25 09:28:04 - [TEST_STEP][PASSED] - verifyResponseStatusCode(req_data, 200): Verify response status code successfully

2022-11-25 09:28:04 - [MESSAGE][PASSED] - Verify response status code successfully

2022-11-25 09:28:04 - [TEST_STEP][PASSED] - response = req_data.getResponseText(): null

2022-11-25 09:28:04 - [TEST_STEP][PASSED] - logInfo($response): {"status":"Done","data":{"requestid1":"254960","requestid2":"254961"}}

2022-11-25 09:28:04 - [MESSAGE][INFO] - {"status":"Done","data":{"requestid1":"254960","requestid2":"254961"}}

2022-11-25 09:28:04 - [TEST_STEP][PASSED] - delay(5): Delayed 5 second(s)

2022-11-25 09:28:09 - [MESSAGE][PASSED] - Delayed 5 second(s)

2022-11-25 09:28:09 - [TEST_STEP][PASSED] - scoring = sendRequest(findTestObject("EngineScore", ["response_searchME_kons":response_searchME_kons, "response_searchME_spouse":response_searchME_spouse])): Send request successfully

2022-11-25 09:28:11 - [MESSAGE][INFO] - HAR: D:\DMS\Engine Scoring\Reports\20221125_091811\Exclude KKB - DS - Married\Scoring Married - KKB\20221125_091812\requests\main\163.har

2022-11-25 09:28:11 - [MESSAGE][PASSED] - Send request successfully

2022-11-25 09:28:11 - [TEST_STEP][PASSED] - verifyResponseStatusCode(scoring, 200): Verify response status code successfully

2022-11-25 09:28:11 - [MESSAGE][PASSED] - Verify response status code successfully

2022-11-25 09:28:11 - [TEST_STEP][PASSED] - response2 = scoring.getResponseText(): null

2022-11-25 09:28:11 - [TEST_STEP][PASSED] - markPassed("result service data ke : " + no): result service data ke : 181

2022-11-25 09:28:11 - [MESSAGE][PASSED] - result service data ke : 181

2022-11-25 09:28:11 - [TEST_STEP][PASSED] - logInfo($response2): {"result_konsumen":"Reguler","result_pasangan":"Reguler","Final_result":"Reguler","errorMessage":"","status":"Done"}

2022-11-25 09:28:11 - [MESSAGE][INFO] - {"result_konsumen":"Reguler","result_pasangan":"Reguler","Final_result":"Reguler","errorMessage":"","status":"Done"}

2022-11-25 09:28:11 - [TEST_STEP][PASSED] - verifyElementPropertyValue(scoring, "Final_result", final_result): Verify element property value successfully

2022-11-25 09:28:11 - [MESSAGE][PASSED] - Verify element property value successfully]]></system-out>
         <system-err><![CDATA[]]></system-err>
      </testcase>
      <testcase name="Test Cases/Engine_Scoring/Engine Scoring" time="10.193" classname="Test Cases/Engine_Scoring/Engine Scoring" status="PASSED">
         <system-out><![CDATA[2022-11-25 09:28:11 - [TEST_CASE][PASSED] - Test Cases/Engine_Scoring/Engine Scoring: Test Cases/Engine_Scoring/Engine Scoring

2022-11-25 09:28:12 - [TEST_STEP][PASSED] - markPassed("Variasi data ke : " + no): Variasi data ke : 182

2022-11-25 09:28:12 - [MESSAGE][PASSED] - Variasi data ke : 182

2022-11-25 09:28:12 - [TEST_STEP][PASSED] - req_data = sendRequest(findTestObject("Search_ME", ["MID":MID, "source":source, "ip":ip, "userid":userid, "branch":branch, "tipekons":tipekons, "marital":marital, "penjamin":penjamin, ... ])): Send request successfully

2022-11-25 09:28:14 - [MESSAGE][INFO] - HAR: D:\DMS\Engine Scoring\Reports\20221125_091811\Exclude KKB - DS - Married\Scoring Married - KKB\20221125_091812\requests\main\164.har

2022-11-25 09:28:14 - [MESSAGE][PASSED] - Send request successfully

2022-11-25 09:28:14 - [TEST_STEP][PASSED] - slurper = new groovy.json.JsonSlurper(): null

2022-11-25 09:28:14 - [TEST_STEP][PASSED] - result = slurper.parseText(req_data.getResponseBodyContent()): null

2022-11-25 09:28:14 - [TEST_STEP][PASSED] - reqid_kons = requestid1: null

2022-11-25 09:28:14 - [TEST_STEP][PASSED] - reqid_spouse = requestid2: null

2022-11-25 09:28:14 - [TEST_STEP][PASSED] - println("requestid kons : " + reqid_kons): null

2022-11-25 09:28:14 - [TEST_STEP][PASSED] - response_searchME_kons = reqid_kons: null

2022-11-25 09:28:14 - [TEST_STEP][PASSED] - response_searchME_spouse = reqid_spouse: null

2022-11-25 09:28:14 - [TEST_STEP][PASSED] - println("kons req id is :" + response_searchME_kons): null

2022-11-25 09:28:14 - [TEST_STEP][PASSED] - println("spouse req id is : " + response_searchME_spouse): null

2022-11-25 09:28:14 - [TEST_STEP][PASSED] - verifyResponseStatusCode(req_data, 200): Verify response status code successfully

2022-11-25 09:28:14 - [MESSAGE][PASSED] - Verify response status code successfully

2022-11-25 09:28:14 - [TEST_STEP][PASSED] - response = req_data.getResponseText(): null

2022-11-25 09:28:14 - [TEST_STEP][PASSED] - logInfo($response): {"status":"Done","data":{"requestid1":"254962","requestid2":"254963"}}

2022-11-25 09:28:14 - [MESSAGE][INFO] - {"status":"Done","data":{"requestid1":"254962","requestid2":"254963"}}

2022-11-25 09:28:14 - [TEST_STEP][PASSED] - delay(5): Delayed 5 second(s)

2022-11-25 09:28:19 - [MESSAGE][PASSED] - Delayed 5 second(s)

2022-11-25 09:28:19 - [TEST_STEP][PASSED] - scoring = sendRequest(findTestObject("EngineScore", ["response_searchME_kons":response_searchME_kons, "response_searchME_spouse":response_searchME_spouse])): Send request successfully

2022-11-25 09:28:21 - [MESSAGE][INFO] - HAR: D:\DMS\Engine Scoring\Reports\20221125_091811\Exclude KKB - DS - Married\Scoring Married - KKB\20221125_091812\requests\main\165.har

2022-11-25 09:28:21 - [MESSAGE][PASSED] - Send request successfully

2022-11-25 09:28:21 - [TEST_STEP][PASSED] - verifyResponseStatusCode(scoring, 200): Verify response status code successfully

2022-11-25 09:28:21 - [MESSAGE][PASSED] - Verify response status code successfully

2022-11-25 09:28:21 - [TEST_STEP][PASSED] - response2 = scoring.getResponseText(): null

2022-11-25 09:28:21 - [TEST_STEP][PASSED] - markPassed("result service data ke : " + no): result service data ke : 182

2022-11-25 09:28:21 - [MESSAGE][PASSED] - result service data ke : 182

2022-11-25 09:28:21 - [TEST_STEP][PASSED] - logInfo($response2): {"result_konsumen":"Reguler","result_pasangan":"Reguler","Final_result":"Reguler","errorMessage":"","status":"Done"}

2022-11-25 09:28:21 - [MESSAGE][INFO] - {"result_konsumen":"Reguler","result_pasangan":"Reguler","Final_result":"Reguler","errorMessage":"","status":"Done"}

2022-11-25 09:28:21 - [TEST_STEP][PASSED] - verifyElementPropertyValue(scoring, "Final_result", final_result): Verify element property value successfully

2022-11-25 09:28:21 - [MESSAGE][PASSED] - Verify element property value successfully]]></system-out>
         <system-err><![CDATA[]]></system-err>
      </testcase>
      <testcase name="Test Cases/Engine_Scoring/Engine Scoring" time="9.873" classname="Test Cases/Engine_Scoring/Engine Scoring" status="PASSED">
         <system-out><![CDATA[2022-11-25 09:28:21 - [TEST_CASE][PASSED] - Test Cases/Engine_Scoring/Engine Scoring: Test Cases/Engine_Scoring/Engine Scoring

2022-11-25 09:28:22 - [TEST_STEP][PASSED] - markPassed("Variasi data ke : " + no): Variasi data ke : 183

2022-11-25 09:28:22 - [MESSAGE][PASSED] - Variasi data ke : 183

2022-11-25 09:28:22 - [TEST_STEP][PASSED] - req_data = sendRequest(findTestObject("Search_ME", ["MID":MID, "source":source, "ip":ip, "userid":userid, "branch":branch, "tipekons":tipekons, "marital":marital, "penjamin":penjamin, ... ])): Send request successfully

2022-11-25 09:28:25 - [MESSAGE][INFO] - HAR: D:\DMS\Engine Scoring\Reports\20221125_091811\Exclude KKB - DS - Married\Scoring Married - KKB\20221125_091812\requests\main\166.har

2022-11-25 09:28:25 - [MESSAGE][PASSED] - Send request successfully

2022-11-25 09:28:25 - [TEST_STEP][PASSED] - slurper = new groovy.json.JsonSlurper(): null

2022-11-25 09:28:25 - [TEST_STEP][PASSED] - result = slurper.parseText(req_data.getResponseBodyContent()): null

2022-11-25 09:28:25 - [TEST_STEP][PASSED] - reqid_kons = requestid1: null

2022-11-25 09:28:25 - [TEST_STEP][PASSED] - reqid_spouse = requestid2: null

2022-11-25 09:28:25 - [TEST_STEP][PASSED] - println("requestid kons : " + reqid_kons): null

2022-11-25 09:28:25 - [TEST_STEP][PASSED] - response_searchME_kons = reqid_kons: null

2022-11-25 09:28:25 - [TEST_STEP][PASSED] - response_searchME_spouse = reqid_spouse: null

2022-11-25 09:28:25 - [TEST_STEP][PASSED] - println("kons req id is :" + response_searchME_kons): null

2022-11-25 09:28:25 - [TEST_STEP][PASSED] - println("spouse req id is : " + response_searchME_spouse): null

2022-11-25 09:28:25 - [TEST_STEP][PASSED] - verifyResponseStatusCode(req_data, 200): Verify response status code successfully

2022-11-25 09:28:25 - [MESSAGE][PASSED] - Verify response status code successfully

2022-11-25 09:28:25 - [TEST_STEP][PASSED] - response = req_data.getResponseText(): null

2022-11-25 09:28:25 - [TEST_STEP][PASSED] - logInfo($response): {"status":"Done","data":{"requestid1":"254964","requestid2":"254965"}}

2022-11-25 09:28:25 - [MESSAGE][INFO] - {"status":"Done","data":{"requestid1":"254964","requestid2":"254965"}}

2022-11-25 09:28:25 - [TEST_STEP][PASSED] - delay(5): Delayed 5 second(s)

2022-11-25 09:28:30 - [MESSAGE][PASSED] - Delayed 5 second(s)

2022-11-25 09:28:30 - [TEST_STEP][PASSED] - scoring = sendRequest(findTestObject("EngineScore", ["response_searchME_kons":response_searchME_kons, "response_searchME_spouse":response_searchME_spouse])): Send request successfully

2022-11-25 09:28:31 - [MESSAGE][INFO] - HAR: D:\DMS\Engine Scoring\Reports\20221125_091811\Exclude KKB - DS - Married\Scoring Married - KKB\20221125_091812\requests\main\167.har

2022-11-25 09:28:31 - [MESSAGE][PASSED] - Send request successfully

2022-11-25 09:28:31 - [TEST_STEP][PASSED] - verifyResponseStatusCode(scoring, 200): Verify response status code successfully

2022-11-25 09:28:31 - [MESSAGE][PASSED] - Verify response status code successfully

2022-11-25 09:28:31 - [TEST_STEP][PASSED] - response2 = scoring.getResponseText(): null

2022-11-25 09:28:31 - [TEST_STEP][PASSED] - markPassed("result service data ke : " + no): result service data ke : 183

2022-11-25 09:28:31 - [MESSAGE][PASSED] - result service data ke : 183

2022-11-25 09:28:31 - [TEST_STEP][PASSED] - logInfo($response2): {"result_konsumen":"Reguler","result_pasangan":"Reguler","Final_result":"Reguler","errorMessage":"","status":"Done"}

2022-11-25 09:28:31 - [MESSAGE][INFO] - {"result_konsumen":"Reguler","result_pasangan":"Reguler","Final_result":"Reguler","errorMessage":"","status":"Done"}

2022-11-25 09:28:31 - [TEST_STEP][PASSED] - verifyElementPropertyValue(scoring, "Final_result", final_result): Verify element property value successfully

2022-11-25 09:28:31 - [MESSAGE][PASSED] - Verify element property value successfully]]></system-out>
         <system-err><![CDATA[]]></system-err>
      </testcase>
      <testcase name="Test Cases/Engine_Scoring/Engine Scoring" time="8.463" classname="Test Cases/Engine_Scoring/Engine Scoring" status="PASSED">
         <system-out><![CDATA[2022-11-25 09:28:31 - [TEST_CASE][PASSED] - Test Cases/Engine_Scoring/Engine Scoring: Test Cases/Engine_Scoring/Engine Scoring

2022-11-25 09:28:32 - [TEST_STEP][PASSED] - markPassed("Variasi data ke : " + no): Variasi data ke : 184

2022-11-25 09:28:32 - [MESSAGE][PASSED] - Variasi data ke : 184

2022-11-25 09:28:32 - [TEST_STEP][PASSED] - req_data = sendRequest(findTestObject("Search_ME", ["MID":MID, "source":source, "ip":ip, "userid":userid, "branch":branch, "tipekons":tipekons, "marital":marital, "penjamin":penjamin, ... ])): Send request successfully

2022-11-25 09:28:34 - [MESSAGE][INFO] - HAR: D:\DMS\Engine Scoring\Reports\20221125_091811\Exclude KKB - DS - Married\Scoring Married - KKB\20221125_091812\requests\main\168.har

2022-11-25 09:28:34 - [MESSAGE][PASSED] - Send request successfully

2022-11-25 09:28:34 - [TEST_STEP][PASSED] - slurper = new groovy.json.JsonSlurper(): null

2022-11-25 09:28:34 - [TEST_STEP][PASSED] - result = slurper.parseText(req_data.getResponseBodyContent()): null

2022-11-25 09:28:34 - [TEST_STEP][PASSED] - reqid_kons = requestid1: null

2022-11-25 09:28:34 - [TEST_STEP][PASSED] - reqid_spouse = requestid2: null

2022-11-25 09:28:34 - [TEST_STEP][PASSED] - println("requestid kons : " + reqid_kons): null

2022-11-25 09:28:34 - [TEST_STEP][PASSED] - response_searchME_kons = reqid_kons: null

2022-11-25 09:28:34 - [TEST_STEP][PASSED] - response_searchME_spouse = reqid_spouse: null

2022-11-25 09:28:34 - [TEST_STEP][PASSED] - println("kons req id is :" + response_searchME_kons): null

2022-11-25 09:28:34 - [TEST_STEP][PASSED] - println("spouse req id is : " + response_searchME_spouse): null

2022-11-25 09:28:34 - [TEST_STEP][PASSED] - verifyResponseStatusCode(req_data, 200): Verify response status code successfully

2022-11-25 09:28:34 - [MESSAGE][PASSED] - Verify response status code successfully

2022-11-25 09:28:34 - [TEST_STEP][PASSED] - response = req_data.getResponseText(): null

2022-11-25 09:28:34 - [TEST_STEP][PASSED] - logInfo($response): {"status":"Done","data":{"requestid1":"254966","requestid2":"254967"}}

2022-11-25 09:28:34 - [MESSAGE][INFO] - {"status":"Done","data":{"requestid1":"254966","requestid2":"254967"}}

2022-11-25 09:28:34 - [TEST_STEP][PASSED] - delay(5): Delayed 5 second(s)

2022-11-25 09:28:39 - [MESSAGE][PASSED] - Delayed 5 second(s)

2022-11-25 09:28:39 - [TEST_STEP][PASSED] - scoring = sendRequest(findTestObject("EngineScore", ["response_searchME_kons":response_searchME_kons, "response_searchME_spouse":response_searchME_spouse])): Send request successfully

2022-11-25 09:28:40 - [MESSAGE][INFO] - HAR: D:\DMS\Engine Scoring\Reports\20221125_091811\Exclude KKB - DS - Married\Scoring Married - KKB\20221125_091812\requests\main\169.har

2022-11-25 09:28:40 - [MESSAGE][PASSED] - Send request successfully

2022-11-25 09:28:40 - [TEST_STEP][PASSED] - verifyResponseStatusCode(scoring, 200): Verify response status code successfully

2022-11-25 09:28:40 - [MESSAGE][PASSED] - Verify response status code successfully

2022-11-25 09:28:40 - [TEST_STEP][PASSED] - response2 = scoring.getResponseText(): null

2022-11-25 09:28:40 - [TEST_STEP][PASSED] - markPassed("result service data ke : " + no): result service data ke : 184

2022-11-25 09:28:40 - [MESSAGE][PASSED] - result service data ke : 184

2022-11-25 09:28:40 - [TEST_STEP][PASSED] - logInfo($response2): {"result_konsumen":"Reguler","result_pasangan":"Reguler","Final_result":"Reguler","errorMessage":"","status":"Done"}

2022-11-25 09:28:40 - [MESSAGE][INFO] - {"result_konsumen":"Reguler","result_pasangan":"Reguler","Final_result":"Reguler","errorMessage":"","status":"Done"}

2022-11-25 09:28:40 - [TEST_STEP][PASSED] - verifyElementPropertyValue(scoring, "Final_result", final_result): Verify element property value successfully

2022-11-25 09:28:40 - [MESSAGE][PASSED] - Verify element property value successfully]]></system-out>
         <system-err><![CDATA[]]></system-err>
      </testcase>
      <testcase name="Test Cases/Engine_Scoring/Engine Scoring" time="8.465" classname="Test Cases/Engine_Scoring/Engine Scoring" status="PASSED">
         <system-out><![CDATA[2022-11-25 09:28:40 - [TEST_CASE][PASSED] - Test Cases/Engine_Scoring/Engine Scoring: Test Cases/Engine_Scoring/Engine Scoring

2022-11-25 09:28:41 - [TEST_STEP][PASSED] - markPassed("Variasi data ke : " + no): Variasi data ke : 185

2022-11-25 09:28:41 - [MESSAGE][PASSED] - Variasi data ke : 185

2022-11-25 09:28:41 - [TEST_STEP][PASSED] - req_data = sendRequest(findTestObject("Search_ME", ["MID":MID, "source":source, "ip":ip, "userid":userid, "branch":branch, "tipekons":tipekons, "marital":marital, "penjamin":penjamin, ... ])): Send request successfully

2022-11-25 09:28:42 - [MESSAGE][INFO] - HAR: D:\DMS\Engine Scoring\Reports\20221125_091811\Exclude KKB - DS - Married\Scoring Married - KKB\20221125_091812\requests\main\170.har

2022-11-25 09:28:42 - [MESSAGE][PASSED] - Send request successfully

2022-11-25 09:28:42 - [TEST_STEP][PASSED] - slurper = new groovy.json.JsonSlurper(): null

2022-11-25 09:28:42 - [TEST_STEP][PASSED] - result = slurper.parseText(req_data.getResponseBodyContent()): null

2022-11-25 09:28:42 - [TEST_STEP][PASSED] - reqid_kons = requestid1: null

2022-11-25 09:28:42 - [TEST_STEP][PASSED] - reqid_spouse = requestid2: null

2022-11-25 09:28:42 - [TEST_STEP][PASSED] - println("requestid kons : " + reqid_kons): null

2022-11-25 09:28:42 - [TEST_STEP][PASSED] - response_searchME_kons = reqid_kons: null

2022-11-25 09:28:42 - [TEST_STEP][PASSED] - response_searchME_spouse = reqid_spouse: null

2022-11-25 09:28:42 - [TEST_STEP][PASSED] - println("kons req id is :" + response_searchME_kons): null

2022-11-25 09:28:42 - [TEST_STEP][PASSED] - println("spouse req id is : " + response_searchME_spouse): null

2022-11-25 09:28:42 - [TEST_STEP][PASSED] - verifyResponseStatusCode(req_data, 200): Verify response status code successfully

2022-11-25 09:28:42 - [MESSAGE][PASSED] - Verify response status code successfully

2022-11-25 09:28:42 - [TEST_STEP][PASSED] - response = req_data.getResponseText(): null

2022-11-25 09:28:42 - [TEST_STEP][PASSED] - logInfo($response): {"status":"Done","data":{"requestid1":"254968","requestid2":"254969"}}

2022-11-25 09:28:42 - [MESSAGE][INFO] - {"status":"Done","data":{"requestid1":"254968","requestid2":"254969"}}

2022-11-25 09:28:42 - [TEST_STEP][PASSED] - delay(5): Delayed 5 second(s)

2022-11-25 09:28:47 - [MESSAGE][PASSED] - Delayed 5 second(s)

2022-11-25 09:28:47 - [TEST_STEP][PASSED] - scoring = sendRequest(findTestObject("EngineScore", ["response_searchME_kons":response_searchME_kons, "response_searchME_spouse":response_searchME_spouse])): Send request successfully

2022-11-25 09:28:48 - [MESSAGE][INFO] - HAR: D:\DMS\Engine Scoring\Reports\20221125_091811\Exclude KKB - DS - Married\Scoring Married - KKB\20221125_091812\requests\main\171.har

2022-11-25 09:28:48 - [MESSAGE][PASSED] - Send request successfully

2022-11-25 09:28:48 - [TEST_STEP][PASSED] - verifyResponseStatusCode(scoring, 200): Verify response status code successfully

2022-11-25 09:28:48 - [MESSAGE][PASSED] - Verify response status code successfully

2022-11-25 09:28:48 - [TEST_STEP][PASSED] - response2 = scoring.getResponseText(): null

2022-11-25 09:28:48 - [TEST_STEP][PASSED] - markPassed("result service data ke : " + no): result service data ke : 185

2022-11-25 09:28:48 - [MESSAGE][PASSED] - result service data ke : 185

2022-11-25 09:28:48 - [TEST_STEP][PASSED] - logInfo($response2): {"result_konsumen":"Reguler","result_pasangan":"Reguler","Final_result":"Reguler","errorMessage":"","status":"Done"}

2022-11-25 09:28:48 - [MESSAGE][INFO] - {"result_konsumen":"Reguler","result_pasangan":"Reguler","Final_result":"Reguler","errorMessage":"","status":"Done"}

2022-11-25 09:28:48 - [TEST_STEP][PASSED] - verifyElementPropertyValue(scoring, "Final_result", final_result): Verify element property value successfully

2022-11-25 09:28:48 - [MESSAGE][PASSED] - Verify element property value successfully]]></system-out>
         <system-err><![CDATA[]]></system-err>
      </testcase>
      <testcase name="Test Cases/Engine_Scoring/Engine Scoring" time="14.68" classname="Test Cases/Engine_Scoring/Engine Scoring" status="PASSED">
         <system-out><![CDATA[2022-11-25 09:28:49 - [TEST_CASE][PASSED] - Test Cases/Engine_Scoring/Engine Scoring: Test Cases/Engine_Scoring/Engine Scoring

2022-11-25 09:28:50 - [TEST_STEP][PASSED] - markPassed("Variasi data ke : " + no): Variasi data ke : 186

2022-11-25 09:28:50 - [MESSAGE][PASSED] - Variasi data ke : 186

2022-11-25 09:28:50 - [TEST_STEP][PASSED] - req_data = sendRequest(findTestObject("Search_ME", ["MID":MID, "source":source, "ip":ip, "userid":userid, "branch":branch, "tipekons":tipekons, "marital":marital, "penjamin":penjamin, ... ])): Send request successfully

2022-11-25 09:28:57 - [MESSAGE][INFO] - HAR: D:\DMS\Engine Scoring\Reports\20221125_091811\Exclude KKB - DS - Married\Scoring Married - KKB\20221125_091812\requests\main\172.har

2022-11-25 09:28:57 - [MESSAGE][PASSED] - Send request successfully

2022-11-25 09:28:57 - [TEST_STEP][PASSED] - slurper = new groovy.json.JsonSlurper(): null

2022-11-25 09:28:57 - [TEST_STEP][PASSED] - result = slurper.parseText(req_data.getResponseBodyContent()): null

2022-11-25 09:28:57 - [TEST_STEP][PASSED] - reqid_kons = requestid1: null

2022-11-25 09:28:57 - [TEST_STEP][PASSED] - reqid_spouse = requestid2: null

2022-11-25 09:28:57 - [TEST_STEP][PASSED] - println("requestid kons : " + reqid_kons): null

2022-11-25 09:28:57 - [TEST_STEP][PASSED] - response_searchME_kons = reqid_kons: null

2022-11-25 09:28:57 - [TEST_STEP][PASSED] - response_searchME_spouse = reqid_spouse: null

2022-11-25 09:28:57 - [TEST_STEP][PASSED] - println("kons req id is :" + response_searchME_kons): null

2022-11-25 09:28:57 - [TEST_STEP][PASSED] - println("spouse req id is : " + response_searchME_spouse): null

2022-11-25 09:28:57 - [TEST_STEP][PASSED] - verifyResponseStatusCode(req_data, 200): Verify response status code successfully

2022-11-25 09:28:57 - [MESSAGE][PASSED] - Verify response status code successfully

2022-11-25 09:28:57 - [TEST_STEP][PASSED] - response = req_data.getResponseText(): null

2022-11-25 09:28:57 - [TEST_STEP][PASSED] - logInfo($response): {"status":"Done","data":{"requestid1":"254970","requestid2":"254971"}}

2022-11-25 09:28:57 - [MESSAGE][INFO] - {"status":"Done","data":{"requestid1":"254970","requestid2":"254971"}}

2022-11-25 09:28:57 - [TEST_STEP][PASSED] - delay(5): Delayed 5 second(s)

2022-11-25 09:29:02 - [MESSAGE][PASSED] - Delayed 5 second(s)

2022-11-25 09:29:02 - [TEST_STEP][PASSED] - scoring = sendRequest(findTestObject("EngineScore", ["response_searchME_kons":response_searchME_kons, "response_searchME_spouse":response_searchME_spouse])): Send request successfully

2022-11-25 09:29:04 - [MESSAGE][INFO] - HAR: D:\DMS\Engine Scoring\Reports\20221125_091811\Exclude KKB - DS - Married\Scoring Married - KKB\20221125_091812\requests\main\173.har

2022-11-25 09:29:04 - [MESSAGE][PASSED] - Send request successfully

2022-11-25 09:29:04 - [TEST_STEP][PASSED] - verifyResponseStatusCode(scoring, 200): Verify response status code successfully

2022-11-25 09:29:04 - [MESSAGE][PASSED] - Verify response status code successfully

2022-11-25 09:29:04 - [TEST_STEP][PASSED] - response2 = scoring.getResponseText(): null

2022-11-25 09:29:04 - [TEST_STEP][PASSED] - markPassed("result service data ke : " + no): result service data ke : 186

2022-11-25 09:29:04 - [MESSAGE][PASSED] - result service data ke : 186

2022-11-25 09:29:04 - [TEST_STEP][PASSED] - logInfo($response2): {"result_konsumen":"Reguler","result_pasangan":"Reguler","Final_result":"Reguler","errorMessage":"","status":"Done"}

2022-11-25 09:29:04 - [MESSAGE][INFO] - {"result_konsumen":"Reguler","result_pasangan":"Reguler","Final_result":"Reguler","errorMessage":"","status":"Done"}

2022-11-25 09:29:04 - [TEST_STEP][PASSED] - verifyElementPropertyValue(scoring, "Final_result", final_result): Verify element property value successfully

2022-11-25 09:29:04 - [MESSAGE][PASSED] - Verify element property value successfully]]></system-out>
         <system-err><![CDATA[]]></system-err>
      </testcase>
      <testcase name="Test Cases/Engine_Scoring/Engine Scoring" time="10.02" classname="Test Cases/Engine_Scoring/Engine Scoring" status="PASSED">
         <system-out><![CDATA[2022-11-25 09:29:04 - [TEST_CASE][PASSED] - Test Cases/Engine_Scoring/Engine Scoring: Test Cases/Engine_Scoring/Engine Scoring

2022-11-25 09:29:05 - [TEST_STEP][PASSED] - markPassed("Variasi data ke : " + no): Variasi data ke : 187

2022-11-25 09:29:05 - [MESSAGE][PASSED] - Variasi data ke : 187

2022-11-25 09:29:05 - [TEST_STEP][PASSED] - req_data = sendRequest(findTestObject("Search_ME", ["MID":MID, "source":source, "ip":ip, "userid":userid, "branch":branch, "tipekons":tipekons, "marital":marital, "penjamin":penjamin, ... ])): Send request successfully

2022-11-25 09:29:07 - [MESSAGE][INFO] - HAR: D:\DMS\Engine Scoring\Reports\20221125_091811\Exclude KKB - DS - Married\Scoring Married - KKB\20221125_091812\requests\main\174.har

2022-11-25 09:29:07 - [MESSAGE][PASSED] - Send request successfully

2022-11-25 09:29:07 - [TEST_STEP][PASSED] - slurper = new groovy.json.JsonSlurper(): null

2022-11-25 09:29:07 - [TEST_STEP][PASSED] - result = slurper.parseText(req_data.getResponseBodyContent()): null

2022-11-25 09:29:07 - [TEST_STEP][PASSED] - reqid_kons = requestid1: null

2022-11-25 09:29:07 - [TEST_STEP][PASSED] - reqid_spouse = requestid2: null

2022-11-25 09:29:07 - [TEST_STEP][PASSED] - println("requestid kons : " + reqid_kons): null

2022-11-25 09:29:07 - [TEST_STEP][PASSED] - response_searchME_kons = reqid_kons: null

2022-11-25 09:29:07 - [TEST_STEP][PASSED] - response_searchME_spouse = reqid_spouse: null

2022-11-25 09:29:07 - [TEST_STEP][PASSED] - println("kons req id is :" + response_searchME_kons): null

2022-11-25 09:29:07 - [TEST_STEP][PASSED] - println("spouse req id is : " + response_searchME_spouse): null

2022-11-25 09:29:07 - [TEST_STEP][PASSED] - verifyResponseStatusCode(req_data, 200): Verify response status code successfully

2022-11-25 09:29:07 - [MESSAGE][PASSED] - Verify response status code successfully

2022-11-25 09:29:07 - [TEST_STEP][PASSED] - response = req_data.getResponseText(): null

2022-11-25 09:29:07 - [TEST_STEP][PASSED] - logInfo($response): {"status":"Done","data":{"requestid1":"254972","requestid2":"254973"}}

2022-11-25 09:29:07 - [MESSAGE][INFO] - {"status":"Done","data":{"requestid1":"254972","requestid2":"254973"}}

2022-11-25 09:29:07 - [TEST_STEP][PASSED] - delay(5): Delayed 5 second(s)

2022-11-25 09:29:12 - [MESSAGE][PASSED] - Delayed 5 second(s)

2022-11-25 09:29:12 - [TEST_STEP][PASSED] - scoring = sendRequest(findTestObject("EngineScore", ["response_searchME_kons":response_searchME_kons, "response_searchME_spouse":response_searchME_spouse])): Send request successfully

2022-11-25 09:29:14 - [MESSAGE][INFO] - HAR: D:\DMS\Engine Scoring\Reports\20221125_091811\Exclude KKB - DS - Married\Scoring Married - KKB\20221125_091812\requests\main\175.har

2022-11-25 09:29:14 - [MESSAGE][PASSED] - Send request successfully

2022-11-25 09:29:14 - [TEST_STEP][PASSED] - verifyResponseStatusCode(scoring, 200): Verify response status code successfully

2022-11-25 09:29:14 - [MESSAGE][PASSED] - Verify response status code successfully

2022-11-25 09:29:14 - [TEST_STEP][PASSED] - response2 = scoring.getResponseText(): null

2022-11-25 09:29:14 - [TEST_STEP][PASSED] - markPassed("result service data ke : " + no): result service data ke : 187

2022-11-25 09:29:14 - [MESSAGE][PASSED] - result service data ke : 187

2022-11-25 09:29:14 - [TEST_STEP][PASSED] - logInfo($response2): {"result_konsumen":"Reguler","result_pasangan":"Reguler","Final_result":"Reguler","errorMessage":"","status":"Done"}

2022-11-25 09:29:14 - [MESSAGE][INFO] - {"result_konsumen":"Reguler","result_pasangan":"Reguler","Final_result":"Reguler","errorMessage":"","status":"Done"}

2022-11-25 09:29:14 - [TEST_STEP][PASSED] - verifyElementPropertyValue(scoring, "Final_result", final_result): Verify element property value successfully

2022-11-25 09:29:14 - [MESSAGE][PASSED] - Verify element property value successfully]]></system-out>
         <system-err><![CDATA[]]></system-err>
      </testcase>
      <testcase name="Test Cases/Engine_Scoring/Engine Scoring" time="8.799" classname="Test Cases/Engine_Scoring/Engine Scoring" status="PASSED">
         <system-out><![CDATA[2022-11-25 09:29:14 - [TEST_CASE][PASSED] - Test Cases/Engine_Scoring/Engine Scoring: Test Cases/Engine_Scoring/Engine Scoring

2022-11-25 09:29:15 - [TEST_STEP][PASSED] - markPassed("Variasi data ke : " + no): Variasi data ke : 188

2022-11-25 09:29:15 - [MESSAGE][PASSED] - Variasi data ke : 188

2022-11-25 09:29:15 - [TEST_STEP][PASSED] - req_data = sendRequest(findTestObject("Search_ME", ["MID":MID, "source":source, "ip":ip, "userid":userid, "branch":branch, "tipekons":tipekons, "marital":marital, "penjamin":penjamin, ... ])): Send request successfully

2022-11-25 09:29:17 - [MESSAGE][INFO] - HAR: D:\DMS\Engine Scoring\Reports\20221125_091811\Exclude KKB - DS - Married\Scoring Married - KKB\20221125_091812\requests\main\176.har

2022-11-25 09:29:17 - [MESSAGE][PASSED] - Send request successfully

2022-11-25 09:29:17 - [TEST_STEP][PASSED] - slurper = new groovy.json.JsonSlurper(): null

2022-11-25 09:29:17 - [TEST_STEP][PASSED] - result = slurper.parseText(req_data.getResponseBodyContent()): null

2022-11-25 09:29:17 - [TEST_STEP][PASSED] - reqid_kons = requestid1: null

2022-11-25 09:29:17 - [TEST_STEP][PASSED] - reqid_spouse = requestid2: null

2022-11-25 09:29:17 - [TEST_STEP][PASSED] - println("requestid kons : " + reqid_kons): null

2022-11-25 09:29:17 - [TEST_STEP][PASSED] - response_searchME_kons = reqid_kons: null

2022-11-25 09:29:17 - [TEST_STEP][PASSED] - response_searchME_spouse = reqid_spouse: null

2022-11-25 09:29:17 - [TEST_STEP][PASSED] - println("kons req id is :" + response_searchME_kons): null

2022-11-25 09:29:17 - [TEST_STEP][PASSED] - println("spouse req id is : " + response_searchME_spouse): null

2022-11-25 09:29:17 - [TEST_STEP][PASSED] - verifyResponseStatusCode(req_data, 200): Verify response status code successfully

2022-11-25 09:29:17 - [MESSAGE][PASSED] - Verify response status code successfully

2022-11-25 09:29:17 - [TEST_STEP][PASSED] - response = req_data.getResponseText(): null

2022-11-25 09:29:17 - [TEST_STEP][PASSED] - logInfo($response): {"status":"Done","data":{"requestid1":"254974","requestid2":"254975"}}

2022-11-25 09:29:17 - [MESSAGE][INFO] - {"status":"Done","data":{"requestid1":"254974","requestid2":"254975"}}

2022-11-25 09:29:17 - [TEST_STEP][PASSED] - delay(5): Delayed 5 second(s)

2022-11-25 09:29:22 - [MESSAGE][PASSED] - Delayed 5 second(s)

2022-11-25 09:29:22 - [TEST_STEP][PASSED] - scoring = sendRequest(findTestObject("EngineScore", ["response_searchME_kons":response_searchME_kons, "response_searchME_spouse":response_searchME_spouse])): Send request successfully

2022-11-25 09:29:23 - [MESSAGE][INFO] - HAR: D:\DMS\Engine Scoring\Reports\20221125_091811\Exclude KKB - DS - Married\Scoring Married - KKB\20221125_091812\requests\main\177.har

2022-11-25 09:29:23 - [MESSAGE][PASSED] - Send request successfully

2022-11-25 09:29:23 - [TEST_STEP][PASSED] - verifyResponseStatusCode(scoring, 200): Verify response status code successfully

2022-11-25 09:29:23 - [MESSAGE][PASSED] - Verify response status code successfully

2022-11-25 09:29:23 - [TEST_STEP][PASSED] - response2 = scoring.getResponseText(): null

2022-11-25 09:29:23 - [TEST_STEP][PASSED] - markPassed("result service data ke : " + no): result service data ke : 188

2022-11-25 09:29:23 - [MESSAGE][PASSED] - result service data ke : 188

2022-11-25 09:29:23 - [TEST_STEP][PASSED] - logInfo($response2): {"result_konsumen":"Reguler","result_pasangan":"Reguler","Final_result":"Reguler","errorMessage":"","status":"Done"}

2022-11-25 09:29:23 - [MESSAGE][INFO] - {"result_konsumen":"Reguler","result_pasangan":"Reguler","Final_result":"Reguler","errorMessage":"","status":"Done"}

2022-11-25 09:29:23 - [TEST_STEP][PASSED] - verifyElementPropertyValue(scoring, "Final_result", final_result): Verify element property value successfully

2022-11-25 09:29:23 - [MESSAGE][PASSED] - Verify element property value successfully]]></system-out>
         <system-err><![CDATA[]]></system-err>
      </testcase>
      <testcase name="Test Cases/Engine_Scoring/Engine Scoring" time="7.251" classname="Test Cases/Engine_Scoring/Engine Scoring" status="PASSED">
         <system-out><![CDATA[2022-11-25 09:29:23 - [TEST_CASE][PASSED] - Test Cases/Engine_Scoring/Engine Scoring: Test Cases/Engine_Scoring/Engine Scoring

2022-11-25 09:29:24 - [TEST_STEP][PASSED] - markPassed("Variasi data ke : " + no): Variasi data ke : 189

2022-11-25 09:29:24 - [MESSAGE][PASSED] - Variasi data ke : 189

2022-11-25 09:29:24 - [TEST_STEP][PASSED] - req_data = sendRequest(findTestObject("Search_ME", ["MID":MID, "source":source, "ip":ip, "userid":userid, "branch":branch, "tipekons":tipekons, "marital":marital, "penjamin":penjamin, ... ])): Send request successfully

2022-11-25 09:29:25 - [MESSAGE][INFO] - HAR: D:\DMS\Engine Scoring\Reports\20221125_091811\Exclude KKB - DS - Married\Scoring Married - KKB\20221125_091812\requests\main\178.har

2022-11-25 09:29:25 - [MESSAGE][PASSED] - Send request successfully

2022-11-25 09:29:25 - [TEST_STEP][PASSED] - slurper = new groovy.json.JsonSlurper(): null

2022-11-25 09:29:25 - [TEST_STEP][PASSED] - result = slurper.parseText(req_data.getResponseBodyContent()): null

2022-11-25 09:29:25 - [TEST_STEP][PASSED] - reqid_kons = requestid1: null

2022-11-25 09:29:25 - [TEST_STEP][PASSED] - reqid_spouse = requestid2: null

2022-11-25 09:29:25 - [TEST_STEP][PASSED] - println("requestid kons : " + reqid_kons): null

2022-11-25 09:29:25 - [TEST_STEP][PASSED] - response_searchME_kons = reqid_kons: null

2022-11-25 09:29:25 - [TEST_STEP][PASSED] - response_searchME_spouse = reqid_spouse: null

2022-11-25 09:29:25 - [TEST_STEP][PASSED] - println("kons req id is :" + response_searchME_kons): null

2022-11-25 09:29:25 - [TEST_STEP][PASSED] - println("spouse req id is : " + response_searchME_spouse): null

2022-11-25 09:29:25 - [TEST_STEP][PASSED] - verifyResponseStatusCode(req_data, 200): Verify response status code successfully

2022-11-25 09:29:25 - [MESSAGE][PASSED] - Verify response status code successfully

2022-11-25 09:29:25 - [TEST_STEP][PASSED] - response = req_data.getResponseText(): null

2022-11-25 09:29:25 - [TEST_STEP][PASSED] - logInfo($response): {"status":"Done","data":{"requestid1":"254976","requestid2":"254977"}}

2022-11-25 09:29:25 - [MESSAGE][INFO] - {"status":"Done","data":{"requestid1":"254976","requestid2":"254977"}}

2022-11-25 09:29:25 - [TEST_STEP][PASSED] - delay(5): Delayed 5 second(s)

2022-11-25 09:29:30 - [MESSAGE][PASSED] - Delayed 5 second(s)

2022-11-25 09:29:30 - [TEST_STEP][PASSED] - scoring = sendRequest(findTestObject("EngineScore", ["response_searchME_kons":response_searchME_kons, "response_searchME_spouse":response_searchME_spouse])): Send request successfully

2022-11-25 09:29:30 - [MESSAGE][INFO] - HAR: D:\DMS\Engine Scoring\Reports\20221125_091811\Exclude KKB - DS - Married\Scoring Married - KKB\20221125_091812\requests\main\179.har

2022-11-25 09:29:30 - [MESSAGE][PASSED] - Send request successfully

2022-11-25 09:29:30 - [TEST_STEP][PASSED] - verifyResponseStatusCode(scoring, 200): Verify response status code successfully

2022-11-25 09:29:30 - [MESSAGE][PASSED] - Verify response status code successfully

2022-11-25 09:29:30 - [TEST_STEP][PASSED] - response2 = scoring.getResponseText(): null

2022-11-25 09:29:30 - [TEST_STEP][PASSED] - markPassed("result service data ke : " + no): result service data ke : 189

2022-11-25 09:29:30 - [MESSAGE][PASSED] - result service data ke : 189

2022-11-25 09:29:30 - [TEST_STEP][PASSED] - logInfo($response2): {"result_konsumen":"Reguler","result_pasangan":"Reguler","Final_result":"Reguler","errorMessage":"","status":"Done"}

2022-11-25 09:29:30 - [MESSAGE][INFO] - {"result_konsumen":"Reguler","result_pasangan":"Reguler","Final_result":"Reguler","errorMessage":"","status":"Done"}

2022-11-25 09:29:30 - [TEST_STEP][PASSED] - verifyElementPropertyValue(scoring, "Final_result", final_result): Verify element property value successfully

2022-11-25 09:29:30 - [MESSAGE][PASSED] - Verify element property value successfully]]></system-out>
         <system-err><![CDATA[]]></system-err>
      </testcase>
      <testcase name="Test Cases/Engine_Scoring/Engine Scoring" time="6.846" classname="Test Cases/Engine_Scoring/Engine Scoring" status="PASSED">
         <system-out><![CDATA[2022-11-25 09:29:30 - [TEST_CASE][PASSED] - Test Cases/Engine_Scoring/Engine Scoring: Test Cases/Engine_Scoring/Engine Scoring

2022-11-25 09:29:31 - [TEST_STEP][PASSED] - markPassed("Variasi data ke : " + no): Variasi data ke : 190

2022-11-25 09:29:31 - [MESSAGE][PASSED] - Variasi data ke : 190

2022-11-25 09:29:31 - [TEST_STEP][PASSED] - req_data = sendRequest(findTestObject("Search_ME", ["MID":MID, "source":source, "ip":ip, "userid":userid, "branch":branch, "tipekons":tipekons, "marital":marital, "penjamin":penjamin, ... ])): Send request successfully

2022-11-25 09:29:32 - [MESSAGE][INFO] - HAR: D:\DMS\Engine Scoring\Reports\20221125_091811\Exclude KKB - DS - Married\Scoring Married - KKB\20221125_091812\requests\main\180.har

2022-11-25 09:29:32 - [MESSAGE][PASSED] - Send request successfully

2022-11-25 09:29:32 - [TEST_STEP][PASSED] - slurper = new groovy.json.JsonSlurper(): null

2022-11-25 09:29:32 - [TEST_STEP][PASSED] - result = slurper.parseText(req_data.getResponseBodyContent()): null

2022-11-25 09:29:32 - [TEST_STEP][PASSED] - reqid_kons = requestid1: null

2022-11-25 09:29:32 - [TEST_STEP][PASSED] - reqid_spouse = requestid2: null

2022-11-25 09:29:32 - [TEST_STEP][PASSED] - println("requestid kons : " + reqid_kons): null

2022-11-25 09:29:32 - [TEST_STEP][PASSED] - response_searchME_kons = reqid_kons: null

2022-11-25 09:29:32 - [TEST_STEP][PASSED] - response_searchME_spouse = reqid_spouse: null

2022-11-25 09:29:32 - [TEST_STEP][PASSED] - println("kons req id is :" + response_searchME_kons): null

2022-11-25 09:29:32 - [TEST_STEP][PASSED] - println("spouse req id is : " + response_searchME_spouse): null

2022-11-25 09:29:32 - [TEST_STEP][PASSED] - verifyResponseStatusCode(req_data, 200): Verify response status code successfully

2022-11-25 09:29:32 - [MESSAGE][PASSED] - Verify response status code successfully

2022-11-25 09:29:32 - [TEST_STEP][PASSED] - response = req_data.getResponseText(): null

2022-11-25 09:29:32 - [TEST_STEP][PASSED] - logInfo($response): {"status":"Done","data":{"requestid1":"254978","requestid2":"254979"}}

2022-11-25 09:29:32 - [MESSAGE][INFO] - {"status":"Done","data":{"requestid1":"254978","requestid2":"254979"}}

2022-11-25 09:29:32 - [TEST_STEP][PASSED] - delay(5): Delayed 5 second(s)

2022-11-25 09:29:37 - [MESSAGE][PASSED] - Delayed 5 second(s)

2022-11-25 09:29:37 - [TEST_STEP][PASSED] - scoring = sendRequest(findTestObject("EngineScore", ["response_searchME_kons":response_searchME_kons, "response_searchME_spouse":response_searchME_spouse])): Send request successfully

2022-11-25 09:29:37 - [MESSAGE][INFO] - HAR: D:\DMS\Engine Scoring\Reports\20221125_091811\Exclude KKB - DS - Married\Scoring Married - KKB\20221125_091812\requests\main\181.har

2022-11-25 09:29:37 - [MESSAGE][PASSED] - Send request successfully

2022-11-25 09:29:37 - [TEST_STEP][PASSED] - verifyResponseStatusCode(scoring, 200): Verify response status code successfully

2022-11-25 09:29:37 - [MESSAGE][PASSED] - Verify response status code successfully

2022-11-25 09:29:37 - [TEST_STEP][PASSED] - response2 = scoring.getResponseText(): null

2022-11-25 09:29:37 - [TEST_STEP][PASSED] - markPassed("result service data ke : " + no): result service data ke : 190

2022-11-25 09:29:37 - [MESSAGE][PASSED] - result service data ke : 190

2022-11-25 09:29:37 - [TEST_STEP][PASSED] - logInfo($response2): {"result_konsumen":"Reguler","result_pasangan":"Approve","Final_result":"Reguler","errorMessage":"","status":"Done"}

2022-11-25 09:29:37 - [MESSAGE][INFO] - {"result_konsumen":"Reguler","result_pasangan":"Approve","Final_result":"Reguler","errorMessage":"","status":"Done"}

2022-11-25 09:29:37 - [TEST_STEP][PASSED] - verifyElementPropertyValue(scoring, "Final_result", final_result): Verify element property value successfully

2022-11-25 09:29:37 - [MESSAGE][PASSED] - Verify element property value successfully]]></system-out>
         <system-err><![CDATA[]]></system-err>
      </testcase>
      <testcase name="Test Cases/Engine_Scoring/Engine Scoring" time="9.516" classname="Test Cases/Engine_Scoring/Engine Scoring" status="PASSED">
         <system-out><![CDATA[2022-11-25 09:29:37 - [TEST_CASE][PASSED] - Test Cases/Engine_Scoring/Engine Scoring: Test Cases/Engine_Scoring/Engine Scoring

2022-11-25 09:29:38 - [TEST_STEP][PASSED] - markPassed("Variasi data ke : " + no): Variasi data ke : 191

2022-11-25 09:29:38 - [MESSAGE][PASSED] - Variasi data ke : 191

2022-11-25 09:29:38 - [TEST_STEP][PASSED] - req_data = sendRequest(findTestObject("Search_ME", ["MID":MID, "source":source, "ip":ip, "userid":userid, "branch":branch, "tipekons":tipekons, "marital":marital, "penjamin":penjamin, ... ])): Send request successfully

2022-11-25 09:29:41 - [MESSAGE][INFO] - HAR: D:\DMS\Engine Scoring\Reports\20221125_091811\Exclude KKB - DS - Married\Scoring Married - KKB\20221125_091812\requests\main\182.har

2022-11-25 09:29:42 - [MESSAGE][PASSED] - Send request successfully

2022-11-25 09:29:42 - [TEST_STEP][PASSED] - slurper = new groovy.json.JsonSlurper(): null

2022-11-25 09:29:42 - [TEST_STEP][PASSED] - result = slurper.parseText(req_data.getResponseBodyContent()): null

2022-11-25 09:29:42 - [TEST_STEP][PASSED] - reqid_kons = requestid1: null

2022-11-25 09:29:42 - [TEST_STEP][PASSED] - reqid_spouse = requestid2: null

2022-11-25 09:29:42 - [TEST_STEP][PASSED] - println("requestid kons : " + reqid_kons): null

2022-11-25 09:29:42 - [TEST_STEP][PASSED] - response_searchME_kons = reqid_kons: null

2022-11-25 09:29:42 - [TEST_STEP][PASSED] - response_searchME_spouse = reqid_spouse: null

2022-11-25 09:29:42 - [TEST_STEP][PASSED] - println("kons req id is :" + response_searchME_kons): null

2022-11-25 09:29:42 - [TEST_STEP][PASSED] - println("spouse req id is : " + response_searchME_spouse): null

2022-11-25 09:29:42 - [TEST_STEP][PASSED] - verifyResponseStatusCode(req_data, 200): Verify response status code successfully

2022-11-25 09:29:42 - [MESSAGE][PASSED] - Verify response status code successfully

2022-11-25 09:29:42 - [TEST_STEP][PASSED] - response = req_data.getResponseText(): null

2022-11-25 09:29:42 - [TEST_STEP][PASSED] - logInfo($response): {"status":"Done","data":{"requestid1":"254980","requestid2":"254981"}}

2022-11-25 09:29:42 - [MESSAGE][INFO] - {"status":"Done","data":{"requestid1":"254980","requestid2":"254981"}}

2022-11-25 09:29:42 - [TEST_STEP][PASSED] - delay(5): Delayed 5 second(s)

2022-11-25 09:29:47 - [MESSAGE][PASSED] - Delayed 5 second(s)

2022-11-25 09:29:47 - [TEST_STEP][PASSED] - scoring = sendRequest(findTestObject("EngineScore", ["response_searchME_kons":response_searchME_kons, "response_searchME_spouse":response_searchME_spouse])): Send request successfully

2022-11-25 09:29:47 - [MESSAGE][INFO] - HAR: D:\DMS\Engine Scoring\Reports\20221125_091811\Exclude KKB - DS - Married\Scoring Married - KKB\20221125_091812\requests\main\183.har

2022-11-25 09:29:47 - [MESSAGE][PASSED] - Send request successfully

2022-11-25 09:29:47 - [TEST_STEP][PASSED] - verifyResponseStatusCode(scoring, 200): Verify response status code successfully

2022-11-25 09:29:47 - [MESSAGE][PASSED] - Verify response status code successfully

2022-11-25 09:29:47 - [TEST_STEP][PASSED] - response2 = scoring.getResponseText(): null

2022-11-25 09:29:47 - [TEST_STEP][PASSED] - markPassed("result service data ke : " + no): result service data ke : 191

2022-11-25 09:29:47 - [MESSAGE][PASSED] - result service data ke : 191

2022-11-25 09:29:47 - [TEST_STEP][PASSED] - logInfo($response2): {"result_konsumen":"Reguler","result_pasangan":"Approve","Final_result":"Reguler","errorMessage":"","status":"Done"}

2022-11-25 09:29:47 - [MESSAGE][INFO] - {"result_konsumen":"Reguler","result_pasangan":"Approve","Final_result":"Reguler","errorMessage":"","status":"Done"}

2022-11-25 09:29:47 - [TEST_STEP][PASSED] - verifyElementPropertyValue(scoring, "Final_result", final_result): Verify element property value successfully

2022-11-25 09:29:47 - [MESSAGE][PASSED] - Verify element property value successfully]]></system-out>
         <system-err><![CDATA[]]></system-err>
      </testcase>
      <testcase name="Test Cases/Engine_Scoring/Engine Scoring" time="6.913" classname="Test Cases/Engine_Scoring/Engine Scoring" status="PASSED">
         <system-out><![CDATA[2022-11-25 09:29:47 - [TEST_CASE][PASSED] - Test Cases/Engine_Scoring/Engine Scoring: Test Cases/Engine_Scoring/Engine Scoring

2022-11-25 09:29:48 - [TEST_STEP][PASSED] - markPassed("Variasi data ke : " + no): Variasi data ke : 192

2022-11-25 09:29:48 - [MESSAGE][PASSED] - Variasi data ke : 192

2022-11-25 09:29:48 - [TEST_STEP][PASSED] - req_data = sendRequest(findTestObject("Search_ME", ["MID":MID, "source":source, "ip":ip, "userid":userid, "branch":branch, "tipekons":tipekons, "marital":marital, "penjamin":penjamin, ... ])): Send request successfully

2022-11-25 09:29:48 - [MESSAGE][INFO] - HAR: D:\DMS\Engine Scoring\Reports\20221125_091811\Exclude KKB - DS - Married\Scoring Married - KKB\20221125_091812\requests\main\184.har

2022-11-25 09:29:48 - [MESSAGE][PASSED] - Send request successfully

2022-11-25 09:29:48 - [TEST_STEP][PASSED] - slurper = new groovy.json.JsonSlurper(): null

2022-11-25 09:29:48 - [TEST_STEP][PASSED] - result = slurper.parseText(req_data.getResponseBodyContent()): null

2022-11-25 09:29:48 - [TEST_STEP][PASSED] - reqid_kons = requestid1: null

2022-11-25 09:29:48 - [TEST_STEP][PASSED] - reqid_spouse = requestid2: null

2022-11-25 09:29:48 - [TEST_STEP][PASSED] - println("requestid kons : " + reqid_kons): null

2022-11-25 09:29:48 - [TEST_STEP][PASSED] - response_searchME_kons = reqid_kons: null

2022-11-25 09:29:48 - [TEST_STEP][PASSED] - response_searchME_spouse = reqid_spouse: null

2022-11-25 09:29:48 - [TEST_STEP][PASSED] - println("kons req id is :" + response_searchME_kons): null

2022-11-25 09:29:48 - [TEST_STEP][PASSED] - println("spouse req id is : " + response_searchME_spouse): null

2022-11-25 09:29:48 - [TEST_STEP][PASSED] - verifyResponseStatusCode(req_data, 200): Verify response status code successfully

2022-11-25 09:29:48 - [MESSAGE][PASSED] - Verify response status code successfully

2022-11-25 09:29:48 - [TEST_STEP][PASSED] - response = req_data.getResponseText(): null

2022-11-25 09:29:48 - [TEST_STEP][PASSED] - logInfo($response): {"status":"Done","data":{"requestid1":"254982","requestid2":"254983"}}

2022-11-25 09:29:48 - [MESSAGE][INFO] - {"status":"Done","data":{"requestid1":"254982","requestid2":"254983"}}

2022-11-25 09:29:48 - [TEST_STEP][PASSED] - delay(5): Delayed 5 second(s)

2022-11-25 09:29:53 - [MESSAGE][PASSED] - Delayed 5 second(s)

2022-11-25 09:29:53 - [TEST_STEP][PASSED] - scoring = sendRequest(findTestObject("EngineScore", ["response_searchME_kons":response_searchME_kons, "response_searchME_spouse":response_searchME_spouse])): Send request successfully

2022-11-25 09:29:54 - [MESSAGE][INFO] - HAR: D:\DMS\Engine Scoring\Reports\20221125_091811\Exclude KKB - DS - Married\Scoring Married - KKB\20221125_091812\requests\main\185.har

2022-11-25 09:29:54 - [MESSAGE][PASSED] - Send request successfully

2022-11-25 09:29:54 - [TEST_STEP][PASSED] - verifyResponseStatusCode(scoring, 200): Verify response status code successfully

2022-11-25 09:29:54 - [MESSAGE][PASSED] - Verify response status code successfully

2022-11-25 09:29:54 - [TEST_STEP][PASSED] - response2 = scoring.getResponseText(): null

2022-11-25 09:29:54 - [TEST_STEP][PASSED] - markPassed("result service data ke : " + no): result service data ke : 192

2022-11-25 09:29:54 - [MESSAGE][PASSED] - result service data ke : 192

2022-11-25 09:29:54 - [TEST_STEP][PASSED] - logInfo($response2): {"result_konsumen":"Reguler","result_pasangan":"Approve","Final_result":"Reguler","errorMessage":"","status":"Done"}

2022-11-25 09:29:54 - [MESSAGE][INFO] - {"result_konsumen":"Reguler","result_pasangan":"Approve","Final_result":"Reguler","errorMessage":"","status":"Done"}

2022-11-25 09:29:54 - [TEST_STEP][PASSED] - verifyElementPropertyValue(scoring, "Final_result", final_result): Verify element property value successfully

2022-11-25 09:29:54 - [MESSAGE][PASSED] - Verify element property value successfully]]></system-out>
         <system-err><![CDATA[]]></system-err>
      </testcase>
      <testcase name="Test Cases/Engine_Scoring/Engine Scoring" time="6.832" classname="Test Cases/Engine_Scoring/Engine Scoring" status="PASSED">
         <system-out><![CDATA[2022-11-25 09:29:54 - [TEST_CASE][PASSED] - Test Cases/Engine_Scoring/Engine Scoring: Test Cases/Engine_Scoring/Engine Scoring

2022-11-25 09:29:55 - [TEST_STEP][PASSED] - markPassed("Variasi data ke : " + no): Variasi data ke : 193

2022-11-25 09:29:55 - [MESSAGE][PASSED] - Variasi data ke : 193

2022-11-25 09:29:55 - [TEST_STEP][PASSED] - req_data = sendRequest(findTestObject("Search_ME", ["MID":MID, "source":source, "ip":ip, "userid":userid, "branch":branch, "tipekons":tipekons, "marital":marital, "penjamin":penjamin, ... ])): Send request successfully

2022-11-25 09:29:55 - [MESSAGE][INFO] - HAR: D:\DMS\Engine Scoring\Reports\20221125_091811\Exclude KKB - DS - Married\Scoring Married - KKB\20221125_091812\requests\main\186.har

2022-11-25 09:29:55 - [MESSAGE][PASSED] - Send request successfully

2022-11-25 09:29:55 - [TEST_STEP][PASSED] - slurper = new groovy.json.JsonSlurper(): null

2022-11-25 09:29:55 - [TEST_STEP][PASSED] - result = slurper.parseText(req_data.getResponseBodyContent()): null

2022-11-25 09:29:55 - [TEST_STEP][PASSED] - reqid_kons = requestid1: null

2022-11-25 09:29:55 - [TEST_STEP][PASSED] - reqid_spouse = requestid2: null

2022-11-25 09:29:55 - [TEST_STEP][PASSED] - println("requestid kons : " + reqid_kons): null

2022-11-25 09:29:55 - [TEST_STEP][PASSED] - response_searchME_kons = reqid_kons: null

2022-11-25 09:29:55 - [TEST_STEP][PASSED] - response_searchME_spouse = reqid_spouse: null

2022-11-25 09:29:55 - [TEST_STEP][PASSED] - println("kons req id is :" + response_searchME_kons): null

2022-11-25 09:29:55 - [TEST_STEP][PASSED] - println("spouse req id is : " + response_searchME_spouse): null

2022-11-25 09:29:55 - [TEST_STEP][PASSED] - verifyResponseStatusCode(req_data, 200): Verify response status code successfully

2022-11-25 09:29:55 - [MESSAGE][PASSED] - Verify response status code successfully

2022-11-25 09:29:55 - [TEST_STEP][PASSED] - response = req_data.getResponseText(): null

2022-11-25 09:29:55 - [TEST_STEP][PASSED] - logInfo($response): {"status":"Done","data":{"requestid1":"254984","requestid2":"254985"}}

2022-11-25 09:29:55 - [MESSAGE][INFO] - {"status":"Done","data":{"requestid1":"254984","requestid2":"254985"}}

2022-11-25 09:29:55 - [TEST_STEP][PASSED] - delay(5): Delayed 5 second(s)

2022-11-25 09:30:00 - [MESSAGE][PASSED] - Delayed 5 second(s)

2022-11-25 09:30:00 - [TEST_STEP][PASSED] - scoring = sendRequest(findTestObject("EngineScore", ["response_searchME_kons":response_searchME_kons, "response_searchME_spouse":response_searchME_spouse])): Send request successfully

2022-11-25 09:30:00 - [MESSAGE][INFO] - HAR: D:\DMS\Engine Scoring\Reports\20221125_091811\Exclude KKB - DS - Married\Scoring Married - KKB\20221125_091812\requests\main\187.har

2022-11-25 09:30:00 - [MESSAGE][PASSED] - Send request successfully

2022-11-25 09:30:00 - [TEST_STEP][PASSED] - verifyResponseStatusCode(scoring, 200): Verify response status code successfully

2022-11-25 09:30:00 - [MESSAGE][PASSED] - Verify response status code successfully

2022-11-25 09:30:00 - [TEST_STEP][PASSED] - response2 = scoring.getResponseText(): null

2022-11-25 09:30:00 - [TEST_STEP][PASSED] - markPassed("result service data ke : " + no): result service data ke : 193

2022-11-25 09:30:00 - [MESSAGE][PASSED] - result service data ke : 193

2022-11-25 09:30:00 - [TEST_STEP][PASSED] - logInfo($response2): {"result_konsumen":"Reguler","result_pasangan":"Approve","Final_result":"Reguler","errorMessage":"","status":"Done"}

2022-11-25 09:30:00 - [MESSAGE][INFO] - {"result_konsumen":"Reguler","result_pasangan":"Approve","Final_result":"Reguler","errorMessage":"","status":"Done"}

2022-11-25 09:30:00 - [TEST_STEP][PASSED] - verifyElementPropertyValue(scoring, "Final_result", final_result): Verify element property value successfully

2022-11-25 09:30:01 - [MESSAGE][PASSED] - Verify element property value successfully]]></system-out>
         <system-err><![CDATA[]]></system-err>
      </testcase>
      <testcase name="Test Cases/Engine_Scoring/Engine Scoring" time="7.007" classname="Test Cases/Engine_Scoring/Engine Scoring" status="PASSED">
         <system-out><![CDATA[2022-11-25 09:30:01 - [TEST_CASE][PASSED] - Test Cases/Engine_Scoring/Engine Scoring: Test Cases/Engine_Scoring/Engine Scoring

2022-11-25 09:30:01 - [TEST_STEP][PASSED] - markPassed("Variasi data ke : " + no): Variasi data ke : 194

2022-11-25 09:30:01 - [MESSAGE][PASSED] - Variasi data ke : 194

2022-11-25 09:30:01 - [TEST_STEP][PASSED] - req_data = sendRequest(findTestObject("Search_ME", ["MID":MID, "source":source, "ip":ip, "userid":userid, "branch":branch, "tipekons":tipekons, "marital":marital, "penjamin":penjamin, ... ])): Send request successfully

2022-11-25 09:30:02 - [MESSAGE][INFO] - HAR: D:\DMS\Engine Scoring\Reports\20221125_091811\Exclude KKB - DS - Married\Scoring Married - KKB\20221125_091812\requests\main\188.har

2022-11-25 09:30:02 - [MESSAGE][PASSED] - Send request successfully

2022-11-25 09:30:02 - [TEST_STEP][PASSED] - slurper = new groovy.json.JsonSlurper(): null

2022-11-25 09:30:02 - [TEST_STEP][PASSED] - result = slurper.parseText(req_data.getResponseBodyContent()): null

2022-11-25 09:30:02 - [TEST_STEP][PASSED] - reqid_kons = requestid1: null

2022-11-25 09:30:02 - [TEST_STEP][PASSED] - reqid_spouse = requestid2: null

2022-11-25 09:30:02 - [TEST_STEP][PASSED] - println("requestid kons : " + reqid_kons): null

2022-11-25 09:30:02 - [TEST_STEP][PASSED] - response_searchME_kons = reqid_kons: null

2022-11-25 09:30:02 - [TEST_STEP][PASSED] - response_searchME_spouse = reqid_spouse: null

2022-11-25 09:30:02 - [TEST_STEP][PASSED] - println("kons req id is :" + response_searchME_kons): null

2022-11-25 09:30:02 - [TEST_STEP][PASSED] - println("spouse req id is : " + response_searchME_spouse): null

2022-11-25 09:30:02 - [TEST_STEP][PASSED] - verifyResponseStatusCode(req_data, 200): Verify response status code successfully

2022-11-25 09:30:02 - [MESSAGE][PASSED] - Verify response status code successfully

2022-11-25 09:30:02 - [TEST_STEP][PASSED] - response = req_data.getResponseText(): null

2022-11-25 09:30:02 - [TEST_STEP][PASSED] - logInfo($response): {"status":"Done","data":{"requestid1":"254986","requestid2":"254987"}}

2022-11-25 09:30:02 - [MESSAGE][INFO] - {"status":"Done","data":{"requestid1":"254986","requestid2":"254987"}}

2022-11-25 09:30:02 - [TEST_STEP][PASSED] - delay(5): Delayed 5 second(s)

2022-11-25 09:30:07 - [MESSAGE][PASSED] - Delayed 5 second(s)

2022-11-25 09:30:07 - [TEST_STEP][PASSED] - scoring = sendRequest(findTestObject("EngineScore", ["response_searchME_kons":response_searchME_kons, "response_searchME_spouse":response_searchME_spouse])): Send request successfully

2022-11-25 09:30:08 - [MESSAGE][INFO] - HAR: D:\DMS\Engine Scoring\Reports\20221125_091811\Exclude KKB - DS - Married\Scoring Married - KKB\20221125_091812\requests\main\189.har

2022-11-25 09:30:08 - [MESSAGE][PASSED] - Send request successfully

2022-11-25 09:30:08 - [TEST_STEP][PASSED] - verifyResponseStatusCode(scoring, 200): Verify response status code successfully

2022-11-25 09:30:08 - [MESSAGE][PASSED] - Verify response status code successfully

2022-11-25 09:30:08 - [TEST_STEP][PASSED] - response2 = scoring.getResponseText(): null

2022-11-25 09:30:08 - [TEST_STEP][PASSED] - markPassed("result service data ke : " + no): result service data ke : 194

2022-11-25 09:30:08 - [MESSAGE][PASSED] - result service data ke : 194

2022-11-25 09:30:08 - [TEST_STEP][PASSED] - logInfo($response2): {"result_konsumen":"Reguler","result_pasangan":"Reject","Final_result":"Reject","errorMessage":"","status":"Done"}

2022-11-25 09:30:08 - [MESSAGE][INFO] - {"result_konsumen":"Reguler","result_pasangan":"Reject","Final_result":"Reject","errorMessage":"","status":"Done"}

2022-11-25 09:30:08 - [TEST_STEP][PASSED] - verifyElementPropertyValue(scoring, "Final_result", final_result): Verify element property value successfully

2022-11-25 09:30:08 - [MESSAGE][PASSED] - Verify element property value successfully]]></system-out>
         <system-err><![CDATA[]]></system-err>
      </testcase>
      <testcase name="Test Cases/Engine_Scoring/Engine Scoring" time="7.04" classname="Test Cases/Engine_Scoring/Engine Scoring" status="PASSED">
         <system-out><![CDATA[2022-11-25 09:30:08 - [TEST_CASE][PASSED] - Test Cases/Engine_Scoring/Engine Scoring: Test Cases/Engine_Scoring/Engine Scoring

2022-11-25 09:30:09 - [TEST_STEP][PASSED] - markPassed("Variasi data ke : " + no): Variasi data ke : 195

2022-11-25 09:30:09 - [MESSAGE][PASSED] - Variasi data ke : 195

2022-11-25 09:30:09 - [TEST_STEP][PASSED] - req_data = sendRequest(findTestObject("Search_ME", ["MID":MID, "source":source, "ip":ip, "userid":userid, "branch":branch, "tipekons":tipekons, "marital":marital, "penjamin":penjamin, ... ])): Send request successfully

2022-11-25 09:30:10 - [MESSAGE][INFO] - HAR: D:\DMS\Engine Scoring\Reports\20221125_091811\Exclude KKB - DS - Married\Scoring Married - KKB\20221125_091812\requests\main\190.har

2022-11-25 09:30:10 - [MESSAGE][PASSED] - Send request successfully

2022-11-25 09:30:10 - [TEST_STEP][PASSED] - slurper = new groovy.json.JsonSlurper(): null

2022-11-25 09:30:10 - [TEST_STEP][PASSED] - result = slurper.parseText(req_data.getResponseBodyContent()): null

2022-11-25 09:30:10 - [TEST_STEP][PASSED] - reqid_kons = requestid1: null

2022-11-25 09:30:10 - [TEST_STEP][PASSED] - reqid_spouse = requestid2: null

2022-11-25 09:30:10 - [TEST_STEP][PASSED] - println("requestid kons : " + reqid_kons): null

2022-11-25 09:30:10 - [TEST_STEP][PASSED] - response_searchME_kons = reqid_kons: null

2022-11-25 09:30:10 - [TEST_STEP][PASSED] - response_searchME_spouse = reqid_spouse: null

2022-11-25 09:30:10 - [TEST_STEP][PASSED] - println("kons req id is :" + response_searchME_kons): null

2022-11-25 09:30:10 - [TEST_STEP][PASSED] - println("spouse req id is : " + response_searchME_spouse): null

2022-11-25 09:30:10 - [TEST_STEP][PASSED] - verifyResponseStatusCode(req_data, 200): Verify response status code successfully

2022-11-25 09:30:10 - [MESSAGE][PASSED] - Verify response status code successfully

2022-11-25 09:30:10 - [TEST_STEP][PASSED] - response = req_data.getResponseText(): null

2022-11-25 09:30:10 - [TEST_STEP][PASSED] - logInfo($response): {"status":"Done","data":{"requestid1":"254988","requestid2":"254989"}}

2022-11-25 09:30:10 - [MESSAGE][INFO] - {"status":"Done","data":{"requestid1":"254988","requestid2":"254989"}}

2022-11-25 09:30:10 - [TEST_STEP][PASSED] - delay(5): Delayed 5 second(s)

2022-11-25 09:30:15 - [MESSAGE][PASSED] - Delayed 5 second(s)

2022-11-25 09:30:15 - [TEST_STEP][PASSED] - scoring = sendRequest(findTestObject("EngineScore", ["response_searchME_kons":response_searchME_kons, "response_searchME_spouse":response_searchME_spouse])): Send request successfully

2022-11-25 09:30:15 - [MESSAGE][INFO] - HAR: D:\DMS\Engine Scoring\Reports\20221125_091811\Exclude KKB - DS - Married\Scoring Married - KKB\20221125_091812\requests\main\191.har

2022-11-25 09:30:15 - [MESSAGE][PASSED] - Send request successfully

2022-11-25 09:30:15 - [TEST_STEP][PASSED] - verifyResponseStatusCode(scoring, 200): Verify response status code successfully

2022-11-25 09:30:15 - [MESSAGE][PASSED] - Verify response status code successfully

2022-11-25 09:30:15 - [TEST_STEP][PASSED] - response2 = scoring.getResponseText(): null

2022-11-25 09:30:15 - [TEST_STEP][PASSED] - markPassed("result service data ke : " + no): result service data ke : 195

2022-11-25 09:30:15 - [MESSAGE][PASSED] - result service data ke : 195

2022-11-25 09:30:15 - [TEST_STEP][PASSED] - logInfo($response2): {"result_konsumen":"Reguler","result_pasangan":"Reject","Final_result":"Reject","errorMessage":"","status":"Done"}

2022-11-25 09:30:15 - [MESSAGE][INFO] - {"result_konsumen":"Reguler","result_pasangan":"Reject","Final_result":"Reject","errorMessage":"","status":"Done"}

2022-11-25 09:30:15 - [TEST_STEP][PASSED] - verifyElementPropertyValue(scoring, "Final_result", final_result): Verify element property value successfully

2022-11-25 09:30:15 - [MESSAGE][PASSED] - Verify element property value successfully]]></system-out>
         <system-err><![CDATA[]]></system-err>
      </testcase>
      <testcase name="Test Cases/Engine_Scoring/Engine Scoring" time="6.947" classname="Test Cases/Engine_Scoring/Engine Scoring" status="PASSED">
         <system-out><![CDATA[2022-11-25 09:30:15 - [TEST_CASE][PASSED] - Test Cases/Engine_Scoring/Engine Scoring: Test Cases/Engine_Scoring/Engine Scoring

2022-11-25 09:30:16 - [TEST_STEP][PASSED] - markPassed("Variasi data ke : " + no): Variasi data ke : 196

2022-11-25 09:30:16 - [MESSAGE][PASSED] - Variasi data ke : 196

2022-11-25 09:30:16 - [TEST_STEP][PASSED] - req_data = sendRequest(findTestObject("Search_ME", ["MID":MID, "source":source, "ip":ip, "userid":userid, "branch":branch, "tipekons":tipekons, "marital":marital, "penjamin":penjamin, ... ])): Send request successfully

2022-11-25 09:30:17 - [MESSAGE][INFO] - HAR: D:\DMS\Engine Scoring\Reports\20221125_091811\Exclude KKB - DS - Married\Scoring Married - KKB\20221125_091812\requests\main\192.har

2022-11-25 09:30:17 - [MESSAGE][PASSED] - Send request successfully

2022-11-25 09:30:17 - [TEST_STEP][PASSED] - slurper = new groovy.json.JsonSlurper(): null

2022-11-25 09:30:17 - [TEST_STEP][PASSED] - result = slurper.parseText(req_data.getResponseBodyContent()): null

2022-11-25 09:30:17 - [TEST_STEP][PASSED] - reqid_kons = requestid1: null

2022-11-25 09:30:17 - [TEST_STEP][PASSED] - reqid_spouse = requestid2: null

2022-11-25 09:30:17 - [TEST_STEP][PASSED] - println("requestid kons : " + reqid_kons): null

2022-11-25 09:30:17 - [TEST_STEP][PASSED] - response_searchME_kons = reqid_kons: null

2022-11-25 09:30:17 - [TEST_STEP][PASSED] - response_searchME_spouse = reqid_spouse: null

2022-11-25 09:30:17 - [TEST_STEP][PASSED] - println("kons req id is :" + response_searchME_kons): null

2022-11-25 09:30:17 - [TEST_STEP][PASSED] - println("spouse req id is : " + response_searchME_spouse): null

2022-11-25 09:30:17 - [TEST_STEP][PASSED] - verifyResponseStatusCode(req_data, 200): Verify response status code successfully

2022-11-25 09:30:17 - [MESSAGE][PASSED] - Verify response status code successfully

2022-11-25 09:30:17 - [TEST_STEP][PASSED] - response = req_data.getResponseText(): null

2022-11-25 09:30:17 - [TEST_STEP][PASSED] - logInfo($response): {"status":"Done","data":{"requestid1":"254990","requestid2":"254991"}}

2022-11-25 09:30:17 - [MESSAGE][INFO] - {"status":"Done","data":{"requestid1":"254990","requestid2":"254991"}}

2022-11-25 09:30:17 - [TEST_STEP][PASSED] - delay(5): Delayed 5 second(s)

2022-11-25 09:30:22 - [MESSAGE][PASSED] - Delayed 5 second(s)

2022-11-25 09:30:22 - [TEST_STEP][PASSED] - scoring = sendRequest(findTestObject("EngineScore", ["response_searchME_kons":response_searchME_kons, "response_searchME_spouse":response_searchME_spouse])): Send request successfully

2022-11-25 09:30:22 - [MESSAGE][INFO] - HAR: D:\DMS\Engine Scoring\Reports\20221125_091811\Exclude KKB - DS - Married\Scoring Married - KKB\20221125_091812\requests\main\193.har

2022-11-25 09:30:22 - [MESSAGE][PASSED] - Send request successfully

2022-11-25 09:30:22 - [TEST_STEP][PASSED] - verifyResponseStatusCode(scoring, 200): Verify response status code successfully

2022-11-25 09:30:22 - [MESSAGE][PASSED] - Verify response status code successfully

2022-11-25 09:30:22 - [TEST_STEP][PASSED] - response2 = scoring.getResponseText(): null

2022-11-25 09:30:22 - [TEST_STEP][PASSED] - markPassed("result service data ke : " + no): result service data ke : 196

2022-11-25 09:30:22 - [MESSAGE][PASSED] - result service data ke : 196

2022-11-25 09:30:22 - [TEST_STEP][PASSED] - logInfo($response2): {"result_konsumen":"Reguler","result_pasangan":"Reguler","Final_result":"Reguler","errorMessage":"","status":"Done"}

2022-11-25 09:30:22 - [MESSAGE][INFO] - {"result_konsumen":"Reguler","result_pasangan":"Reguler","Final_result":"Reguler","errorMessage":"","status":"Done"}

2022-11-25 09:30:22 - [TEST_STEP][PASSED] - verifyElementPropertyValue(scoring, "Final_result", final_result): Verify element property value successfully

2022-11-25 09:30:22 - [MESSAGE][PASSED] - Verify element property value successfully]]></system-out>
         <system-err><![CDATA[]]></system-err>
      </testcase>
      <testcase name="Test Cases/Engine_Scoring/Engine Scoring" time="7.025" classname="Test Cases/Engine_Scoring/Engine Scoring" status="PASSED">
         <system-out><![CDATA[2022-11-25 09:30:22 - [TEST_CASE][PASSED] - Test Cases/Engine_Scoring/Engine Scoring: Test Cases/Engine_Scoring/Engine Scoring

2022-11-25 09:30:23 - [TEST_STEP][PASSED] - markPassed("Variasi data ke : " + no): Variasi data ke : 197

2022-11-25 09:30:23 - [MESSAGE][PASSED] - Variasi data ke : 197

2022-11-25 09:30:23 - [TEST_STEP][PASSED] - req_data = sendRequest(findTestObject("Search_ME", ["MID":MID, "source":source, "ip":ip, "userid":userid, "branch":branch, "tipekons":tipekons, "marital":marital, "penjamin":penjamin, ... ])): Send request successfully

2022-11-25 09:30:24 - [MESSAGE][INFO] - HAR: D:\DMS\Engine Scoring\Reports\20221125_091811\Exclude KKB - DS - Married\Scoring Married - KKB\20221125_091812\requests\main\194.har

2022-11-25 09:30:24 - [MESSAGE][PASSED] - Send request successfully

2022-11-25 09:30:24 - [TEST_STEP][PASSED] - slurper = new groovy.json.JsonSlurper(): null

2022-11-25 09:30:24 - [TEST_STEP][PASSED] - result = slurper.parseText(req_data.getResponseBodyContent()): null

2022-11-25 09:30:24 - [TEST_STEP][PASSED] - reqid_kons = requestid1: null

2022-11-25 09:30:24 - [TEST_STEP][PASSED] - reqid_spouse = requestid2: null

2022-11-25 09:30:24 - [TEST_STEP][PASSED] - println("requestid kons : " + reqid_kons): null

2022-11-25 09:30:24 - [TEST_STEP][PASSED] - response_searchME_kons = reqid_kons: null

2022-11-25 09:30:24 - [TEST_STEP][PASSED] - response_searchME_spouse = reqid_spouse: null

2022-11-25 09:30:24 - [TEST_STEP][PASSED] - println("kons req id is :" + response_searchME_kons): null

2022-11-25 09:30:24 - [TEST_STEP][PASSED] - println("spouse req id is : " + response_searchME_spouse): null

2022-11-25 09:30:24 - [TEST_STEP][PASSED] - verifyResponseStatusCode(req_data, 200): Verify response status code successfully

2022-11-25 09:30:24 - [MESSAGE][PASSED] - Verify response status code successfully

2022-11-25 09:30:24 - [TEST_STEP][PASSED] - response = req_data.getResponseText(): null

2022-11-25 09:30:24 - [TEST_STEP][PASSED] - logInfo($response): {"status":"Done","data":{"requestid1":"254992","requestid2":"254993"}}

2022-11-25 09:30:24 - [MESSAGE][INFO] - {"status":"Done","data":{"requestid1":"254992","requestid2":"254993"}}

2022-11-25 09:30:24 - [TEST_STEP][PASSED] - delay(5): Delayed 5 second(s)

2022-11-25 09:30:29 - [MESSAGE][PASSED] - Delayed 5 second(s)

2022-11-25 09:30:29 - [TEST_STEP][PASSED] - scoring = sendRequest(findTestObject("EngineScore", ["response_searchME_kons":response_searchME_kons, "response_searchME_spouse":response_searchME_spouse])): Send request successfully

2022-11-25 09:30:29 - [MESSAGE][INFO] - HAR: D:\DMS\Engine Scoring\Reports\20221125_091811\Exclude KKB - DS - Married\Scoring Married - KKB\20221125_091812\requests\main\195.har

2022-11-25 09:30:29 - [MESSAGE][PASSED] - Send request successfully

2022-11-25 09:30:29 - [TEST_STEP][PASSED] - verifyResponseStatusCode(scoring, 200): Verify response status code successfully

2022-11-25 09:30:29 - [MESSAGE][PASSED] - Verify response status code successfully

2022-11-25 09:30:29 - [TEST_STEP][PASSED] - response2 = scoring.getResponseText(): null

2022-11-25 09:30:29 - [TEST_STEP][PASSED] - markPassed("result service data ke : " + no): result service data ke : 197

2022-11-25 09:30:29 - [MESSAGE][PASSED] - result service data ke : 197

2022-11-25 09:30:29 - [TEST_STEP][PASSED] - logInfo($response2): {"result_konsumen":"Reguler","result_pasangan":"Reguler","Final_result":"Reguler","errorMessage":"","status":"Done"}

2022-11-25 09:30:29 - [MESSAGE][INFO] - {"result_konsumen":"Reguler","result_pasangan":"Reguler","Final_result":"Reguler","errorMessage":"","status":"Done"}

2022-11-25 09:30:29 - [TEST_STEP][PASSED] - verifyElementPropertyValue(scoring, "Final_result", final_result): Verify element property value successfully

2022-11-25 09:30:29 - [MESSAGE][PASSED] - Verify element property value successfully]]></system-out>
         <system-err><![CDATA[]]></system-err>
      </testcase>
      <testcase name="Test Cases/Engine_Scoring/Engine Scoring" time="7.038" classname="Test Cases/Engine_Scoring/Engine Scoring" status="PASSED">
         <system-out><![CDATA[2022-11-25 09:30:29 - [TEST_CASE][PASSED] - Test Cases/Engine_Scoring/Engine Scoring: Test Cases/Engine_Scoring/Engine Scoring

2022-11-25 09:30:30 - [TEST_STEP][PASSED] - markPassed("Variasi data ke : " + no): Variasi data ke : 198

2022-11-25 09:30:30 - [MESSAGE][PASSED] - Variasi data ke : 198

2022-11-25 09:30:30 - [TEST_STEP][PASSED] - req_data = sendRequest(findTestObject("Search_ME", ["MID":MID, "source":source, "ip":ip, "userid":userid, "branch":branch, "tipekons":tipekons, "marital":marital, "penjamin":penjamin, ... ])): Send request successfully

2022-11-25 09:30:31 - [MESSAGE][INFO] - HAR: D:\DMS\Engine Scoring\Reports\20221125_091811\Exclude KKB - DS - Married\Scoring Married - KKB\20221125_091812\requests\main\196.har

2022-11-25 09:30:31 - [MESSAGE][PASSED] - Send request successfully

2022-11-25 09:30:31 - [TEST_STEP][PASSED] - slurper = new groovy.json.JsonSlurper(): null

2022-11-25 09:30:31 - [TEST_STEP][PASSED] - result = slurper.parseText(req_data.getResponseBodyContent()): null

2022-11-25 09:30:31 - [TEST_STEP][PASSED] - reqid_kons = requestid1: null

2022-11-25 09:30:31 - [TEST_STEP][PASSED] - reqid_spouse = requestid2: null

2022-11-25 09:30:31 - [TEST_STEP][PASSED] - println("requestid kons : " + reqid_kons): null

2022-11-25 09:30:31 - [TEST_STEP][PASSED] - response_searchME_kons = reqid_kons: null

2022-11-25 09:30:31 - [TEST_STEP][PASSED] - response_searchME_spouse = reqid_spouse: null

2022-11-25 09:30:31 - [TEST_STEP][PASSED] - println("kons req id is :" + response_searchME_kons): null

2022-11-25 09:30:31 - [TEST_STEP][PASSED] - println("spouse req id is : " + response_searchME_spouse): null

2022-11-25 09:30:31 - [TEST_STEP][PASSED] - verifyResponseStatusCode(req_data, 200): Verify response status code successfully

2022-11-25 09:30:31 - [MESSAGE][PASSED] - Verify response status code successfully

2022-11-25 09:30:31 - [TEST_STEP][PASSED] - response = req_data.getResponseText(): null

2022-11-25 09:30:31 - [TEST_STEP][PASSED] - logInfo($response): {"status":"Done","data":{"requestid1":"254994","requestid2":"254995"}}

2022-11-25 09:30:31 - [MESSAGE][INFO] - {"status":"Done","data":{"requestid1":"254994","requestid2":"254995"}}

2022-11-25 09:30:31 - [TEST_STEP][PASSED] - delay(5): Delayed 5 second(s)

2022-11-25 09:30:36 - [MESSAGE][PASSED] - Delayed 5 second(s)

2022-11-25 09:30:36 - [TEST_STEP][PASSED] - scoring = sendRequest(findTestObject("EngineScore", ["response_searchME_kons":response_searchME_kons, "response_searchME_spouse":response_searchME_spouse])): Send request successfully

2022-11-25 09:30:36 - [MESSAGE][INFO] - HAR: D:\DMS\Engine Scoring\Reports\20221125_091811\Exclude KKB - DS - Married\Scoring Married - KKB\20221125_091812\requests\main\197.har

2022-11-25 09:30:36 - [MESSAGE][PASSED] - Send request successfully

2022-11-25 09:30:36 - [TEST_STEP][PASSED] - verifyResponseStatusCode(scoring, 200): Verify response status code successfully

2022-11-25 09:30:36 - [MESSAGE][PASSED] - Verify response status code successfully

2022-11-25 09:30:36 - [TEST_STEP][PASSED] - response2 = scoring.getResponseText(): null

2022-11-25 09:30:36 - [TEST_STEP][PASSED] - markPassed("result service data ke : " + no): result service data ke : 198

2022-11-25 09:30:36 - [MESSAGE][PASSED] - result service data ke : 198

2022-11-25 09:30:36 - [TEST_STEP][PASSED] - logInfo($response2): {"result_konsumen":"Reguler","result_pasangan":"Reguler","Final_result":"Reguler","errorMessage":"","status":"Done"}

2022-11-25 09:30:36 - [MESSAGE][INFO] - {"result_konsumen":"Reguler","result_pasangan":"Reguler","Final_result":"Reguler","errorMessage":"","status":"Done"}

2022-11-25 09:30:36 - [TEST_STEP][PASSED] - verifyElementPropertyValue(scoring, "Final_result", final_result): Verify element property value successfully

2022-11-25 09:30:36 - [MESSAGE][PASSED] - Verify element property value successfully]]></system-out>
         <system-err><![CDATA[]]></system-err>
      </testcase>
      <testcase name="Test Cases/Engine_Scoring/Engine Scoring" time="7.056" classname="Test Cases/Engine_Scoring/Engine Scoring" status="PASSED">
         <system-out><![CDATA[2022-11-25 09:30:36 - [TEST_CASE][PASSED] - Test Cases/Engine_Scoring/Engine Scoring: Test Cases/Engine_Scoring/Engine Scoring

2022-11-25 09:30:37 - [TEST_STEP][PASSED] - markPassed("Variasi data ke : " + no): Variasi data ke : 199

2022-11-25 09:30:37 - [MESSAGE][PASSED] - Variasi data ke : 199

2022-11-25 09:30:37 - [TEST_STEP][PASSED] - req_data = sendRequest(findTestObject("Search_ME", ["MID":MID, "source":source, "ip":ip, "userid":userid, "branch":branch, "tipekons":tipekons, "marital":marital, "penjamin":penjamin, ... ])): Send request successfully

2022-11-25 09:30:38 - [MESSAGE][INFO] - HAR: D:\DMS\Engine Scoring\Reports\20221125_091811\Exclude KKB - DS - Married\Scoring Married - KKB\20221125_091812\requests\main\198.har

2022-11-25 09:30:38 - [MESSAGE][PASSED] - Send request successfully

2022-11-25 09:30:38 - [TEST_STEP][PASSED] - slurper = new groovy.json.JsonSlurper(): null

2022-11-25 09:30:38 - [TEST_STEP][PASSED] - result = slurper.parseText(req_data.getResponseBodyContent()): null

2022-11-25 09:30:38 - [TEST_STEP][PASSED] - reqid_kons = requestid1: null

2022-11-25 09:30:38 - [TEST_STEP][PASSED] - reqid_spouse = requestid2: null

2022-11-25 09:30:38 - [TEST_STEP][PASSED] - println("requestid kons : " + reqid_kons): null

2022-11-25 09:30:38 - [TEST_STEP][PASSED] - response_searchME_kons = reqid_kons: null

2022-11-25 09:30:38 - [TEST_STEP][PASSED] - response_searchME_spouse = reqid_spouse: null

2022-11-25 09:30:38 - [TEST_STEP][PASSED] - println("kons req id is :" + response_searchME_kons): null

2022-11-25 09:30:38 - [TEST_STEP][PASSED] - println("spouse req id is : " + response_searchME_spouse): null

2022-11-25 09:30:38 - [TEST_STEP][PASSED] - verifyResponseStatusCode(req_data, 200): Verify response status code successfully

2022-11-25 09:30:38 - [MESSAGE][PASSED] - Verify response status code successfully

2022-11-25 09:30:38 - [TEST_STEP][PASSED] - response = req_data.getResponseText(): null

2022-11-25 09:30:38 - [TEST_STEP][PASSED] - logInfo($response): {"status":"Done","data":{"requestid1":"254996","requestid2":"254997"}}

2022-11-25 09:30:38 - [MESSAGE][INFO] - {"status":"Done","data":{"requestid1":"254996","requestid2":"254997"}}

2022-11-25 09:30:38 - [TEST_STEP][PASSED] - delay(5): Delayed 5 second(s)

2022-11-25 09:30:43 - [MESSAGE][PASSED] - Delayed 5 second(s)

2022-11-25 09:30:43 - [TEST_STEP][PASSED] - scoring = sendRequest(findTestObject("EngineScore", ["response_searchME_kons":response_searchME_kons, "response_searchME_spouse":response_searchME_spouse])): Send request successfully

2022-11-25 09:30:43 - [MESSAGE][INFO] - HAR: D:\DMS\Engine Scoring\Reports\20221125_091811\Exclude KKB - DS - Married\Scoring Married - KKB\20221125_091812\requests\main\199.har

2022-11-25 09:30:43 - [MESSAGE][PASSED] - Send request successfully

2022-11-25 09:30:43 - [TEST_STEP][PASSED] - verifyResponseStatusCode(scoring, 200): Verify response status code successfully

2022-11-25 09:30:43 - [MESSAGE][PASSED] - Verify response status code successfully

2022-11-25 09:30:43 - [TEST_STEP][PASSED] - response2 = scoring.getResponseText(): null

2022-11-25 09:30:43 - [TEST_STEP][PASSED] - markPassed("result service data ke : " + no): result service data ke : 199

2022-11-25 09:30:43 - [MESSAGE][PASSED] - result service data ke : 199

2022-11-25 09:30:43 - [TEST_STEP][PASSED] - logInfo($response2): {"result_konsumen":"Reguler","result_pasangan":"Approve","Final_result":"Reguler","errorMessage":"","status":"Done"}

2022-11-25 09:30:43 - [MESSAGE][INFO] - {"result_konsumen":"Reguler","result_pasangan":"Approve","Final_result":"Reguler","errorMessage":"","status":"Done"}

2022-11-25 09:30:43 - [TEST_STEP][PASSED] - verifyElementPropertyValue(scoring, "Final_result", final_result): Verify element property value successfully

2022-11-25 09:30:43 - [MESSAGE][PASSED] - Verify element property value successfully]]></system-out>
         <system-err><![CDATA[]]></system-err>
      </testcase>
      <testcase name="Test Cases/Engine_Scoring/Engine Scoring" time="7.228" classname="Test Cases/Engine_Scoring/Engine Scoring" status="PASSED">
         <system-out><![CDATA[2022-11-25 09:30:43 - [TEST_CASE][PASSED] - Test Cases/Engine_Scoring/Engine Scoring: Test Cases/Engine_Scoring/Engine Scoring

2022-11-25 09:30:44 - [TEST_STEP][PASSED] - markPassed("Variasi data ke : " + no): Variasi data ke : 200

2022-11-25 09:30:44 - [MESSAGE][PASSED] - Variasi data ke : 200

2022-11-25 09:30:44 - [TEST_STEP][PASSED] - req_data = sendRequest(findTestObject("Search_ME", ["MID":MID, "source":source, "ip":ip, "userid":userid, "branch":branch, "tipekons":tipekons, "marital":marital, "penjamin":penjamin, ... ])): Send request successfully

2022-11-25 09:30:45 - [MESSAGE][INFO] - HAR: D:\DMS\Engine Scoring\Reports\20221125_091811\Exclude KKB - DS - Married\Scoring Married - KKB\20221125_091812\requests\main\200.har

2022-11-25 09:30:45 - [MESSAGE][PASSED] - Send request successfully

2022-11-25 09:30:45 - [TEST_STEP][PASSED] - slurper = new groovy.json.JsonSlurper(): null

2022-11-25 09:30:45 - [TEST_STEP][PASSED] - result = slurper.parseText(req_data.getResponseBodyContent()): null

2022-11-25 09:30:45 - [TEST_STEP][PASSED] - reqid_kons = requestid1: null

2022-11-25 09:30:45 - [TEST_STEP][PASSED] - reqid_spouse = requestid2: null

2022-11-25 09:30:45 - [TEST_STEP][PASSED] - println("requestid kons : " + reqid_kons): null

2022-11-25 09:30:45 - [TEST_STEP][PASSED] - response_searchME_kons = reqid_kons: null

2022-11-25 09:30:45 - [TEST_STEP][PASSED] - response_searchME_spouse = reqid_spouse: null

2022-11-25 09:30:45 - [TEST_STEP][PASSED] - println("kons req id is :" + response_searchME_kons): null

2022-11-25 09:30:45 - [TEST_STEP][PASSED] - println("spouse req id is : " + response_searchME_spouse): null

2022-11-25 09:30:45 - [TEST_STEP][PASSED] - verifyResponseStatusCode(req_data, 200): Verify response status code successfully

2022-11-25 09:30:45 - [MESSAGE][PASSED] - Verify response status code successfully

2022-11-25 09:30:45 - [TEST_STEP][PASSED] - response = req_data.getResponseText(): null

2022-11-25 09:30:45 - [TEST_STEP][PASSED] - logInfo($response): {"status":"Done","data":{"requestid1":"254998","requestid2":"254999"}}

2022-11-25 09:30:45 - [MESSAGE][INFO] - {"status":"Done","data":{"requestid1":"254998","requestid2":"254999"}}

2022-11-25 09:30:45 - [TEST_STEP][PASSED] - delay(5): Delayed 5 second(s)

2022-11-25 09:30:50 - [MESSAGE][PASSED] - Delayed 5 second(s)

2022-11-25 09:30:50 - [TEST_STEP][PASSED] - scoring = sendRequest(findTestObject("EngineScore", ["response_searchME_kons":response_searchME_kons, "response_searchME_spouse":response_searchME_spouse])): Send request successfully

2022-11-25 09:30:50 - [MESSAGE][INFO] - HAR: D:\DMS\Engine Scoring\Reports\20221125_091811\Exclude KKB - DS - Married\Scoring Married - KKB\20221125_091812\requests\main\201.har

2022-11-25 09:30:50 - [MESSAGE][PASSED] - Send request successfully

2022-11-25 09:30:50 - [TEST_STEP][PASSED] - verifyResponseStatusCode(scoring, 200): Verify response status code successfully

2022-11-25 09:30:50 - [MESSAGE][PASSED] - Verify response status code successfully

2022-11-25 09:30:50 - [TEST_STEP][PASSED] - response2 = scoring.getResponseText(): null

2022-11-25 09:30:50 - [TEST_STEP][PASSED] - markPassed("result service data ke : " + no): result service data ke : 200

2022-11-25 09:30:50 - [MESSAGE][PASSED] - result service data ke : 200

2022-11-25 09:30:50 - [TEST_STEP][PASSED] - logInfo($response2): {"result_konsumen":"Reguler","result_pasangan":"Approve","Final_result":"Reguler","errorMessage":"","status":"Done"}

2022-11-25 09:30:50 - [MESSAGE][INFO] - {"result_konsumen":"Reguler","result_pasangan":"Approve","Final_result":"Reguler","errorMessage":"","status":"Done"}

2022-11-25 09:30:50 - [TEST_STEP][PASSED] - verifyElementPropertyValue(scoring, "Final_result", final_result): Verify element property value successfully

2022-11-25 09:30:50 - [MESSAGE][PASSED] - Verify element property value successfully]]></system-out>
         <system-err><![CDATA[]]></system-err>
      </testcase>
      <system-out><![CDATA[2022-11-25 09:18:19 - [TEST_SUITE][PASSED] - Scoring Married - KKB: Test Cases/Engine_Scoring/Engine Scoring]]></system-out>
      <system-err><![CDATA[]]></system-err>
   </testsuite>
</testsuites>
