<?xml version="1.0" encoding="UTF-8"?>
<testsuites name="Scoring Individu - KKB" time="27.959" tests="3" failures="0" errors="0">
   <testsuite name="Scoring Individu - KKB" tests="3" failures="0" errors="0" time="27.959" skipped="0" timestamp="2022-12-01 09:52:10" hostname="bcafmaster - WPI20220318001.bcaf.co.id" id="Test Suites/Exclude KKB - DS - Single/Scoring Individu - KKB">
      <properties>
         <property name="deviceName" value=""/>
         <property name="devicePlatform" value=""/>
         <property name="logFolder" value="D:\\DMS\\Engine Scoring\\Reports\\20221201_095202\\Exclude KKB - DS - Single\\Scoring Individu - KKB\\20221201_095202"/>
         <property name="logFiles" value="D:\\DMS\\Engine Scoring\\Reports\\20221201_095202\\Exclude KKB - DS - Single\\Scoring Individu - KKB\\20221201_095202\\execution0.log"/>
         <property name="attachments" value=""/>
         <property name="hostName" value="bcafmaster - WPI20220318001.bcaf.co.id"/>
         <property name="hostAddress" value="10.10.8.57"/>
         <property name="os" value="Windows 10 64bit"/>
         <property name="katalonVersion" value="8.2.5.208"/>
      </properties>
      <testcase name="Test Cases/Engine_Scoring/Engine Scoring" time="9.407" classname="Test Cases/Engine_Scoring/Engine Scoring" status="PASSED">
         <system-out><![CDATA[2022-12-01 09:52:10 - [TEST_CASE][PASSED] - Test Cases/Engine_Scoring/Engine Scoring: Test Cases/Engine_Scoring/Engine Scoring

2022-12-01 09:52:12 - [TEST_STEP][PASSED] - markPassed("Variasi data ke : " + no): Variasi data ke : 1

2022-12-01 09:52:12 - [MESSAGE][PASSED] - Variasi data ke : 1

2022-12-01 09:52:12 - [TEST_STEP][PASSED] - req_data = sendRequest(findTestObject("Search_ME", ["MID":MID, "source":source, "ip":ip, "userid":userid, "branch":branch, "tipekons":tipekons, "marital":marital, "penjamin":penjamin, ... ])): Send request successfully

2022-12-01 09:52:13 - [MESSAGE][INFO] - HAR: D:\DMS\Engine Scoring\Reports\20221201_095202\Exclude KKB - DS - Single\Scoring Individu - KKB\20221201_095202\requests\main\0.har

2022-12-01 09:52:13 - [MESSAGE][PASSED] - Send request successfully

2022-12-01 09:52:13 - [TEST_STEP][PASSED] - slurper = new groovy.json.JsonSlurper(): null

2022-12-01 09:52:13 - [TEST_STEP][PASSED] - result = slurper.parseText(req_data.getResponseBodyContent()): null

2022-12-01 09:52:13 - [TEST_STEP][PASSED] - reqid_kons = requestid1: null

2022-12-01 09:52:13 - [TEST_STEP][PASSED] - reqid_spouse = requestid2: null

2022-12-01 09:52:13 - [TEST_STEP][PASSED] - println("requestid kons : " + reqid_kons): null

2022-12-01 09:52:13 - [TEST_STEP][PASSED] - response_searchME_kons = reqid_kons: null

2022-12-01 09:52:13 - [TEST_STEP][PASSED] - response_searchME_spouse = reqid_spouse: null

2022-12-01 09:52:13 - [TEST_STEP][PASSED] - println("kons req id is :" + response_searchME_kons): null

2022-12-01 09:52:13 - [TEST_STEP][PASSED] - println("spouse req id is : " + response_searchME_spouse): null

2022-12-01 09:52:13 - [TEST_STEP][PASSED] - verifyResponseStatusCode(req_data, 200): Verify response status code successfully

2022-12-01 09:52:13 - [MESSAGE][PASSED] - Verify response status code successfully

2022-12-01 09:52:13 - [TEST_STEP][PASSED] - response = req_data.getResponseText(): null

2022-12-01 09:52:13 - [TEST_STEP][PASSED] - logInfo($response): {"status":"Done","data":{"requestid1":"21","requestid2":""}}

2022-12-01 09:52:13 - [MESSAGE][INFO] - {"status":"Done","data":{"requestid1":"21","requestid2":""}}

2022-12-01 09:52:13 - [TEST_STEP][PASSED] - delay(5): Delayed 5 second(s)

2022-12-01 09:52:18 - [MESSAGE][PASSED] - Delayed 5 second(s)

2022-12-01 09:52:18 - [TEST_STEP][PASSED] - scoring = sendRequest(findTestObject("EngineScore", ["response_searchME_kons":response_searchME_kons, "response_searchME_spouse":response_searchME_spouse])): Send request successfully

2022-12-01 09:52:19 - [MESSAGE][INFO] - HAR: D:\DMS\Engine Scoring\Reports\20221201_095202\Exclude KKB - DS - Single\Scoring Individu - KKB\20221201_095202\requests\main\1.har

2022-12-01 09:52:19 - [MESSAGE][PASSED] - Send request successfully

2022-12-01 09:52:19 - [TEST_STEP][PASSED] - verifyResponseStatusCode(scoring, 200): Verify response status code successfully

2022-12-01 09:52:19 - [MESSAGE][PASSED] - Verify response status code successfully

2022-12-01 09:52:19 - [TEST_STEP][PASSED] - response2 = scoring.getResponseText(): null

2022-12-01 09:52:19 - [TEST_STEP][PASSED] - markPassed("result service data ke : " + no): result service data ke : 1

2022-12-01 09:52:19 - [MESSAGE][PASSED] - result service data ke : 1

2022-12-01 09:52:19 - [TEST_STEP][PASSED] - logInfo($response2): {"result_konsumen":"Approve","result_pasangan":"","Final_result":"Approve","errorMessage":"","status":"Done"}

2022-12-01 09:52:19 - [MESSAGE][INFO] - {"result_konsumen":"Approve","result_pasangan":"","Final_result":"Approve","errorMessage":"","status":"Done"}

2022-12-01 09:52:19 - [TEST_STEP][PASSED] - verifyElementPropertyValue(scoring, "Final_result", final_result): Verify element property value successfully

2022-12-01 09:52:19 - [MESSAGE][PASSED] - Verify element property value successfully]]></system-out>
         <system-err><![CDATA[]]></system-err>
      </testcase>
      <testcase name="Test Cases/Engine_Scoring/Engine Scoring" time="7.343" classname="Test Cases/Engine_Scoring/Engine Scoring" status="PASSED">
         <system-out><![CDATA[2022-12-01 09:52:19 - [TEST_CASE][PASSED] - Test Cases/Engine_Scoring/Engine Scoring: Test Cases/Engine_Scoring/Engine Scoring

2022-12-01 09:52:21 - [TEST_STEP][PASSED] - markPassed("Variasi data ke : " + no): Variasi data ke : 2

2022-12-01 09:52:21 - [MESSAGE][PASSED] - Variasi data ke : 2

2022-12-01 09:52:21 - [TEST_STEP][PASSED] - req_data = sendRequest(findTestObject("Search_ME", ["MID":MID, "source":source, "ip":ip, "userid":userid, "branch":branch, "tipekons":tipekons, "marital":marital, "penjamin":penjamin, ... ])): Send request successfully

2022-12-01 09:52:22 - [MESSAGE][INFO] - HAR: D:\DMS\Engine Scoring\Reports\20221201_095202\Exclude KKB - DS - Single\Scoring Individu - KKB\20221201_095202\requests\main\2.har

2022-12-01 09:52:22 - [MESSAGE][PASSED] - Send request successfully

2022-12-01 09:52:22 - [TEST_STEP][PASSED] - slurper = new groovy.json.JsonSlurper(): null

2022-12-01 09:52:22 - [TEST_STEP][PASSED] - result = slurper.parseText(req_data.getResponseBodyContent()): null

2022-12-01 09:52:22 - [TEST_STEP][PASSED] - reqid_kons = requestid1: null

2022-12-01 09:52:22 - [TEST_STEP][PASSED] - reqid_spouse = requestid2: null

2022-12-01 09:52:22 - [TEST_STEP][PASSED] - println("requestid kons : " + reqid_kons): null

2022-12-01 09:52:22 - [TEST_STEP][PASSED] - response_searchME_kons = reqid_kons: null

2022-12-01 09:52:22 - [TEST_STEP][PASSED] - response_searchME_spouse = reqid_spouse: null

2022-12-01 09:52:22 - [TEST_STEP][PASSED] - println("kons req id is :" + response_searchME_kons): null

2022-12-01 09:52:22 - [TEST_STEP][PASSED] - println("spouse req id is : " + response_searchME_spouse): null

2022-12-01 09:52:22 - [TEST_STEP][PASSED] - verifyResponseStatusCode(req_data, 200): Verify response status code successfully

2022-12-01 09:52:22 - [MESSAGE][PASSED] - Verify response status code successfully

2022-12-01 09:52:22 - [TEST_STEP][PASSED] - response = req_data.getResponseText(): null

2022-12-01 09:52:22 - [TEST_STEP][PASSED] - logInfo($response): {"status":"Done","data":{"requestid1":"22","requestid2":""}}

2022-12-01 09:52:22 - [MESSAGE][INFO] - {"status":"Done","data":{"requestid1":"22","requestid2":""}}

2022-12-01 09:52:22 - [TEST_STEP][PASSED] - delay(5): Delayed 5 second(s)

2022-12-01 09:52:27 - [MESSAGE][PASSED] - Delayed 5 second(s)

2022-12-01 09:52:27 - [TEST_STEP][PASSED] - scoring = sendRequest(findTestObject("EngineScore", ["response_searchME_kons":response_searchME_kons, "response_searchME_spouse":response_searchME_spouse])): Send request successfully

2022-12-01 09:52:27 - [MESSAGE][INFO] - HAR: D:\DMS\Engine Scoring\Reports\20221201_095202\Exclude KKB - DS - Single\Scoring Individu - KKB\20221201_095202\requests\main\3.har

2022-12-01 09:52:27 - [MESSAGE][PASSED] - Send request successfully

2022-12-01 09:52:27 - [TEST_STEP][PASSED] - verifyResponseStatusCode(scoring, 200): Verify response status code successfully

2022-12-01 09:52:27 - [MESSAGE][PASSED] - Verify response status code successfully

2022-12-01 09:52:27 - [TEST_STEP][PASSED] - response2 = scoring.getResponseText(): null

2022-12-01 09:52:27 - [TEST_STEP][PASSED] - markPassed("result service data ke : " + no): result service data ke : 2

2022-12-01 09:52:27 - [MESSAGE][PASSED] - result service data ke : 2

2022-12-01 09:52:27 - [TEST_STEP][PASSED] - logInfo($response2): {"result_konsumen":"Approve","result_pasangan":"","Final_result":"Approve","errorMessage":"","status":"Done"}

2022-12-01 09:52:27 - [MESSAGE][INFO] - {"result_konsumen":"Approve","result_pasangan":"","Final_result":"Approve","errorMessage":"","status":"Done"}

2022-12-01 09:52:27 - [TEST_STEP][PASSED] - verifyElementPropertyValue(scoring, "Final_result", final_result): Verify element property value successfully

2022-12-01 09:52:27 - [MESSAGE][PASSED] - Verify element property value successfully]]></system-out>
         <system-err><![CDATA[]]></system-err>
      </testcase>
      <testcase name="Test Cases/Engine_Scoring/Engine Scoring" time="10.827" classname="Test Cases/Engine_Scoring/Engine Scoring" status="PASSED">
         <system-out><![CDATA[2022-12-01 09:52:27 - [TEST_CASE][PASSED] - Test Cases/Engine_Scoring/Engine Scoring: Test Cases/Engine_Scoring/Engine Scoring

2022-12-01 09:52:28 - [TEST_STEP][PASSED] - markPassed("Variasi data ke : " + no): Variasi data ke : 3

2022-12-01 09:52:28 - [MESSAGE][PASSED] - Variasi data ke : 3

2022-12-01 09:52:28 - [TEST_STEP][PASSED] - req_data = sendRequest(findTestObject("Search_ME", ["MID":MID, "source":source, "ip":ip, "userid":userid, "branch":branch, "tipekons":tipekons, "marital":marital, "penjamin":penjamin, ... ])): Send request successfully

2022-12-01 09:52:32 - [MESSAGE][INFO] - HAR: D:\DMS\Engine Scoring\Reports\20221201_095202\Exclude KKB - DS - Single\Scoring Individu - KKB\20221201_095202\requests\main\4.har

2022-12-01 09:52:32 - [MESSAGE][PASSED] - Send request successfully

2022-12-01 09:52:32 - [TEST_STEP][PASSED] - slurper = new groovy.json.JsonSlurper(): null

2022-12-01 09:52:32 - [TEST_STEP][PASSED] - result = slurper.parseText(req_data.getResponseBodyContent()): null

2022-12-01 09:52:32 - [TEST_STEP][PASSED] - reqid_kons = requestid1: null

2022-12-01 09:52:32 - [TEST_STEP][PASSED] - reqid_spouse = requestid2: null

2022-12-01 09:52:32 - [TEST_STEP][PASSED] - println("requestid kons : " + reqid_kons): null

2022-12-01 09:52:32 - [TEST_STEP][PASSED] - response_searchME_kons = reqid_kons: null

2022-12-01 09:52:32 - [TEST_STEP][PASSED] - response_searchME_spouse = reqid_spouse: null

2022-12-01 09:52:32 - [TEST_STEP][PASSED] - println("kons req id is :" + response_searchME_kons): null

2022-12-01 09:52:32 - [TEST_STEP][PASSED] - println("spouse req id is : " + response_searchME_spouse): null

2022-12-01 09:52:32 - [TEST_STEP][PASSED] - verifyResponseStatusCode(req_data, 200): Verify response status code successfully

2022-12-01 09:52:32 - [MESSAGE][PASSED] - Verify response status code successfully

2022-12-01 09:52:32 - [TEST_STEP][PASSED] - response = req_data.getResponseText(): null

2022-12-01 09:52:32 - [TEST_STEP][PASSED] - logInfo($response): {"status":"Done","data":{"requestid1":"23","requestid2":""}}

2022-12-01 09:52:32 - [MESSAGE][INFO] - {"status":"Done","data":{"requestid1":"23","requestid2":""}}

2022-12-01 09:52:32 - [TEST_STEP][PASSED] - delay(5): Delayed 5 second(s)

2022-12-01 09:52:37 - [MESSAGE][PASSED] - Delayed 5 second(s)

2022-12-01 09:52:37 - [TEST_STEP][PASSED] - scoring = sendRequest(findTestObject("EngineScore", ["response_searchME_kons":response_searchME_kons, "response_searchME_spouse":response_searchME_spouse])): Send request successfully

2022-12-01 09:52:38 - [MESSAGE][INFO] - HAR: D:\DMS\Engine Scoring\Reports\20221201_095202\Exclude KKB - DS - Single\Scoring Individu - KKB\20221201_095202\requests\main\5.har

2022-12-01 09:52:38 - [MESSAGE][PASSED] - Send request successfully

2022-12-01 09:52:38 - [TEST_STEP][PASSED] - verifyResponseStatusCode(scoring, 200): Verify response status code successfully

2022-12-01 09:52:38 - [MESSAGE][PASSED] - Verify response status code successfully

2022-12-01 09:52:38 - [TEST_STEP][PASSED] - response2 = scoring.getResponseText(): null

2022-12-01 09:52:38 - [TEST_STEP][PASSED] - markPassed("result service data ke : " + no): result service data ke : 3

2022-12-01 09:52:38 - [MESSAGE][PASSED] - result service data ke : 3

2022-12-01 09:52:38 - [TEST_STEP][PASSED] - logInfo($response2): {"result_konsumen":"Approve","result_pasangan":"","Final_result":"Approve","errorMessage":"","status":"Done"}

2022-12-01 09:52:38 - [MESSAGE][INFO] - {"result_konsumen":"Approve","result_pasangan":"","Final_result":"Approve","errorMessage":"","status":"Done"}

2022-12-01 09:52:38 - [TEST_STEP][PASSED] - verifyElementPropertyValue(scoring, "Final_result", final_result): Verify element property value successfully

2022-12-01 09:52:38 - [MESSAGE][PASSED] - Verify element property value successfully]]></system-out>
         <system-err><![CDATA[]]></system-err>
      </testcase>
      <system-out><![CDATA[2022-12-01 09:52:10 - [TEST_SUITE][PASSED] - Scoring Individu - KKB: Test Cases/Engine_Scoring/Engine Scoring]]></system-out>
      <system-err><![CDATA[]]></system-err>
   </testsuite>
</testsuites>
