<?xml version="1.0" encoding="UTF-8"?>
<testsuites name="Scoring Married - DS" time="415.008" tests="57" failures="0" errors="0">
   <testsuite name="Scoring Married - DS" tests="57" failures="0" errors="0" time="415.008" skipped="0" timestamp="2022-11-28 17:19:30" hostname="bcafmaster - WPI20220318001.bcaf.co.id" id="Test Suites/Exclude KKB - DS - Married/Scoring Married - DS">
      <properties>
         <property name="deviceName" value=""/>
         <property name="devicePlatform" value=""/>
         <property name="logFolder" value="D:\\DMS\\Engine Scoring\\Reports\\20221128_171922\\Exclude KKB - DS - Married\\Scoring Married - DS\\20221128_171923"/>
         <property name="logFiles" value="D:\\DMS\\Engine Scoring\\Reports\\20221128_171922\\Exclude KKB - DS - Married\\Scoring Married - DS\\20221128_171923\\execution0.log"/>
         <property name="attachments" value=""/>
         <property name="hostName" value="bcafmaster - WPI20220318001.bcaf.co.id"/>
         <property name="hostAddress" value="10.10.8.57"/>
         <property name="os" value="Windows 10 64bit"/>
         <property name="katalonVersion" value="8.2.5.208"/>
      </properties>
      <testcase name="Test Cases/Engine_Scoring/Engine Scoring" time="8.133" classname="Test Cases/Engine_Scoring/Engine Scoring" status="PASSED">
         <system-out><![CDATA[2022-11-28 17:19:31 - [TEST_CASE][PASSED] - Test Cases/Engine_Scoring/Engine Scoring: Test Cases/Engine_Scoring/Engine Scoring

2022-11-28 17:19:32 - [TEST_STEP][PASSED] - markPassed("Variasi data ke : " + no): Variasi data ke : 1

2022-11-28 17:19:32 - [MESSAGE][PASSED] - Variasi data ke : 1

2022-11-28 17:19:32 - [TEST_STEP][PASSED] - req_data = sendRequest(findTestObject("Search_ME", ["MID":MID, "source":source, "ip":ip, "userid":userid, "branch":branch, "tipekons":tipekons, "marital":marital, "penjamin":penjamin, ... ])): Send request successfully

2022-11-28 17:19:34 - [MESSAGE][INFO] - HAR: D:\DMS\Engine Scoring\Reports\20221128_171922\Exclude KKB - DS - Married\Scoring Married - DS\20221128_171923\requests\main\0.har

2022-11-28 17:19:34 - [MESSAGE][PASSED] - Send request successfully

2022-11-28 17:19:34 - [TEST_STEP][PASSED] - slurper = new groovy.json.JsonSlurper(): null

2022-11-28 17:19:34 - [TEST_STEP][PASSED] - result = slurper.parseText(req_data.getResponseBodyContent()): null

2022-11-28 17:19:34 - [TEST_STEP][PASSED] - reqid_kons = requestid1: null

2022-11-28 17:19:34 - [TEST_STEP][PASSED] - reqid_spouse = requestid2: null

2022-11-28 17:19:34 - [TEST_STEP][PASSED] - println("requestid kons : " + reqid_kons): null

2022-11-28 17:19:34 - [TEST_STEP][PASSED] - response_searchME_kons = reqid_kons: null

2022-11-28 17:19:34 - [TEST_STEP][PASSED] - response_searchME_spouse = reqid_spouse: null

2022-11-28 17:19:34 - [TEST_STEP][PASSED] - println("kons req id is :" + response_searchME_kons): null

2022-11-28 17:19:34 - [TEST_STEP][PASSED] - println("spouse req id is : " + response_searchME_spouse): null

2022-11-28 17:19:34 - [TEST_STEP][PASSED] - verifyResponseStatusCode(req_data, 200): Verify response status code successfully

2022-11-28 17:19:34 - [MESSAGE][PASSED] - Verify response status code successfully

2022-11-28 17:19:34 - [TEST_STEP][PASSED] - response = req_data.getResponseText(): null

2022-11-28 17:19:34 - [TEST_STEP][PASSED] - logInfo($response): {"status":"Done","data":{"requestid1":"256894","requestid2":"256895"}}

2022-11-28 17:19:34 - [MESSAGE][INFO] - {"status":"Done","data":{"requestid1":"256894","requestid2":"256895"}}

2022-11-28 17:19:34 - [TEST_STEP][PASSED] - delay(5): Delayed 5 second(s)

2022-11-28 17:19:39 - [MESSAGE][PASSED] - Delayed 5 second(s)

2022-11-28 17:19:39 - [TEST_STEP][PASSED] - scoring = sendRequest(findTestObject("EngineScore", ["response_searchME_kons":response_searchME_kons, "response_searchME_spouse":response_searchME_spouse])): Send request successfully

2022-11-28 17:19:39 - [MESSAGE][INFO] - HAR: D:\DMS\Engine Scoring\Reports\20221128_171922\Exclude KKB - DS - Married\Scoring Married - DS\20221128_171923\requests\main\1.har

2022-11-28 17:19:39 - [MESSAGE][PASSED] - Send request successfully

2022-11-28 17:19:39 - [TEST_STEP][PASSED] - verifyResponseStatusCode(scoring, 200): Verify response status code successfully

2022-11-28 17:19:39 - [MESSAGE][PASSED] - Verify response status code successfully

2022-11-28 17:19:39 - [TEST_STEP][PASSED] - response2 = scoring.getResponseText(): null

2022-11-28 17:19:39 - [TEST_STEP][PASSED] - markPassed("result service data ke : " + no): result service data ke : 1

2022-11-28 17:19:39 - [MESSAGE][PASSED] - result service data ke : 1

2022-11-28 17:19:39 - [TEST_STEP][PASSED] - logInfo($response2): {"result_konsumen":"Reguler","result_pasangan":"Reguler","Final_result":"Reguler","errorMessage":"","status":"Done"}

2022-11-28 17:19:39 - [MESSAGE][INFO] - {"result_konsumen":"Reguler","result_pasangan":"Reguler","Final_result":"Reguler","errorMessage":"","status":"Done"}

2022-11-28 17:19:39 - [TEST_STEP][PASSED] - verifyElementPropertyValue(scoring, "Final_result", final_result): Verify element property value successfully

2022-11-28 17:19:39 - [MESSAGE][PASSED] - Verify element property value successfully]]></system-out>
         <system-err><![CDATA[]]></system-err>
      </testcase>
      <testcase name="Test Cases/Engine_Scoring/Engine Scoring" time="6.971" classname="Test Cases/Engine_Scoring/Engine Scoring" status="PASSED">
         <system-out><![CDATA[2022-11-28 17:19:39 - [TEST_CASE][PASSED] - Test Cases/Engine_Scoring/Engine Scoring: Test Cases/Engine_Scoring/Engine Scoring

2022-11-28 17:19:40 - [TEST_STEP][PASSED] - markPassed("Variasi data ke : " + no): Variasi data ke : 2

2022-11-28 17:19:40 - [MESSAGE][PASSED] - Variasi data ke : 2

2022-11-28 17:19:40 - [TEST_STEP][PASSED] - req_data = sendRequest(findTestObject("Search_ME", ["MID":MID, "source":source, "ip":ip, "userid":userid, "branch":branch, "tipekons":tipekons, "marital":marital, "penjamin":penjamin, ... ])): Send request successfully

2022-11-28 17:19:41 - [MESSAGE][INFO] - HAR: D:\DMS\Engine Scoring\Reports\20221128_171922\Exclude KKB - DS - Married\Scoring Married - DS\20221128_171923\requests\main\2.har

2022-11-28 17:19:41 - [MESSAGE][PASSED] - Send request successfully

2022-11-28 17:19:41 - [TEST_STEP][PASSED] - slurper = new groovy.json.JsonSlurper(): null

2022-11-28 17:19:41 - [TEST_STEP][PASSED] - result = slurper.parseText(req_data.getResponseBodyContent()): null

2022-11-28 17:19:41 - [TEST_STEP][PASSED] - reqid_kons = requestid1: null

2022-11-28 17:19:41 - [TEST_STEP][PASSED] - reqid_spouse = requestid2: null

2022-11-28 17:19:41 - [TEST_STEP][PASSED] - println("requestid kons : " + reqid_kons): null

2022-11-28 17:19:41 - [TEST_STEP][PASSED] - response_searchME_kons = reqid_kons: null

2022-11-28 17:19:41 - [TEST_STEP][PASSED] - response_searchME_spouse = reqid_spouse: null

2022-11-28 17:19:41 - [TEST_STEP][PASSED] - println("kons req id is :" + response_searchME_kons): null

2022-11-28 17:19:41 - [TEST_STEP][PASSED] - println("spouse req id is : " + response_searchME_spouse): null

2022-11-28 17:19:41 - [TEST_STEP][PASSED] - verifyResponseStatusCode(req_data, 200): Verify response status code successfully

2022-11-28 17:19:41 - [MESSAGE][PASSED] - Verify response status code successfully

2022-11-28 17:19:41 - [TEST_STEP][PASSED] - response = req_data.getResponseText(): null

2022-11-28 17:19:41 - [TEST_STEP][PASSED] - logInfo($response): {"status":"Done","data":{"requestid1":"256896","requestid2":"256897"}}

2022-11-28 17:19:41 - [MESSAGE][INFO] - {"status":"Done","data":{"requestid1":"256896","requestid2":"256897"}}

2022-11-28 17:19:41 - [TEST_STEP][PASSED] - delay(5): Delayed 5 second(s)

2022-11-28 17:19:46 - [MESSAGE][PASSED] - Delayed 5 second(s)

2022-11-28 17:19:46 - [TEST_STEP][PASSED] - scoring = sendRequest(findTestObject("EngineScore", ["response_searchME_kons":response_searchME_kons, "response_searchME_spouse":response_searchME_spouse])): Send request successfully

2022-11-28 17:19:46 - [MESSAGE][INFO] - HAR: D:\DMS\Engine Scoring\Reports\20221128_171922\Exclude KKB - DS - Married\Scoring Married - DS\20221128_171923\requests\main\3.har

2022-11-28 17:19:46 - [MESSAGE][PASSED] - Send request successfully

2022-11-28 17:19:46 - [TEST_STEP][PASSED] - verifyResponseStatusCode(scoring, 200): Verify response status code successfully

2022-11-28 17:19:46 - [MESSAGE][PASSED] - Verify response status code successfully

2022-11-28 17:19:46 - [TEST_STEP][PASSED] - response2 = scoring.getResponseText(): null

2022-11-28 17:19:46 - [TEST_STEP][PASSED] - markPassed("result service data ke : " + no): result service data ke : 2

2022-11-28 17:19:46 - [MESSAGE][PASSED] - result service data ke : 2

2022-11-28 17:19:46 - [TEST_STEP][PASSED] - logInfo($response2): {"result_konsumen":"Reguler","result_pasangan":"Reguler","Final_result":"Reguler","errorMessage":"","status":"Done"}

2022-11-28 17:19:46 - [MESSAGE][INFO] - {"result_konsumen":"Reguler","result_pasangan":"Reguler","Final_result":"Reguler","errorMessage":"","status":"Done"}

2022-11-28 17:19:46 - [TEST_STEP][PASSED] - verifyElementPropertyValue(scoring, "Final_result", final_result): Verify element property value successfully

2022-11-28 17:19:46 - [MESSAGE][PASSED] - Verify element property value successfully]]></system-out>
         <system-err><![CDATA[]]></system-err>
      </testcase>
      <testcase name="Test Cases/Engine_Scoring/Engine Scoring" time="6.801" classname="Test Cases/Engine_Scoring/Engine Scoring" status="PASSED">
         <system-out><![CDATA[2022-11-28 17:19:46 - [TEST_CASE][PASSED] - Test Cases/Engine_Scoring/Engine Scoring: Test Cases/Engine_Scoring/Engine Scoring

2022-11-28 17:19:47 - [TEST_STEP][PASSED] - markPassed("Variasi data ke : " + no): Variasi data ke : 3

2022-11-28 17:19:47 - [MESSAGE][PASSED] - Variasi data ke : 3

2022-11-28 17:19:47 - [TEST_STEP][PASSED] - req_data = sendRequest(findTestObject("Search_ME", ["MID":MID, "source":source, "ip":ip, "userid":userid, "branch":branch, "tipekons":tipekons, "marital":marital, "penjamin":penjamin, ... ])): Send request successfully

2022-11-28 17:19:48 - [MESSAGE][INFO] - HAR: D:\DMS\Engine Scoring\Reports\20221128_171922\Exclude KKB - DS - Married\Scoring Married - DS\20221128_171923\requests\main\4.har

2022-11-28 17:19:48 - [MESSAGE][PASSED] - Send request successfully

2022-11-28 17:19:48 - [TEST_STEP][PASSED] - slurper = new groovy.json.JsonSlurper(): null

2022-11-28 17:19:48 - [TEST_STEP][PASSED] - result = slurper.parseText(req_data.getResponseBodyContent()): null

2022-11-28 17:19:48 - [TEST_STEP][PASSED] - reqid_kons = requestid1: null

2022-11-28 17:19:48 - [TEST_STEP][PASSED] - reqid_spouse = requestid2: null

2022-11-28 17:19:48 - [TEST_STEP][PASSED] - println("requestid kons : " + reqid_kons): null

2022-11-28 17:19:48 - [TEST_STEP][PASSED] - response_searchME_kons = reqid_kons: null

2022-11-28 17:19:48 - [TEST_STEP][PASSED] - response_searchME_spouse = reqid_spouse: null

2022-11-28 17:19:48 - [TEST_STEP][PASSED] - println("kons req id is :" + response_searchME_kons): null

2022-11-28 17:19:48 - [TEST_STEP][PASSED] - println("spouse req id is : " + response_searchME_spouse): null

2022-11-28 17:19:48 - [TEST_STEP][PASSED] - verifyResponseStatusCode(req_data, 200): Verify response status code successfully

2022-11-28 17:19:48 - [MESSAGE][PASSED] - Verify response status code successfully

2022-11-28 17:19:48 - [TEST_STEP][PASSED] - response = req_data.getResponseText(): null

2022-11-28 17:19:48 - [TEST_STEP][PASSED] - logInfo($response): {"status":"Done","data":{"requestid1":"256898","requestid2":"256899"}}

2022-11-28 17:19:48 - [MESSAGE][INFO] - {"status":"Done","data":{"requestid1":"256898","requestid2":"256899"}}

2022-11-28 17:19:48 - [TEST_STEP][PASSED] - delay(5): Delayed 5 second(s)

2022-11-28 17:19:53 - [MESSAGE][PASSED] - Delayed 5 second(s)

2022-11-28 17:19:53 - [TEST_STEP][PASSED] - scoring = sendRequest(findTestObject("EngineScore", ["response_searchME_kons":response_searchME_kons, "response_searchME_spouse":response_searchME_spouse])): Send request successfully

2022-11-28 17:19:53 - [MESSAGE][INFO] - HAR: D:\DMS\Engine Scoring\Reports\20221128_171922\Exclude KKB - DS - Married\Scoring Married - DS\20221128_171923\requests\main\5.har

2022-11-28 17:19:53 - [MESSAGE][PASSED] - Send request successfully

2022-11-28 17:19:53 - [TEST_STEP][PASSED] - verifyResponseStatusCode(scoring, 200): Verify response status code successfully

2022-11-28 17:19:53 - [MESSAGE][PASSED] - Verify response status code successfully

2022-11-28 17:19:53 - [TEST_STEP][PASSED] - response2 = scoring.getResponseText(): null

2022-11-28 17:19:53 - [TEST_STEP][PASSED] - markPassed("result service data ke : " + no): result service data ke : 3

2022-11-28 17:19:53 - [MESSAGE][PASSED] - result service data ke : 3

2022-11-28 17:19:53 - [TEST_STEP][PASSED] - logInfo($response2): {"result_konsumen":"Reguler","result_pasangan":"Reguler","Final_result":"Reguler","errorMessage":"","status":"Done"}

2022-11-28 17:19:53 - [MESSAGE][INFO] - {"result_konsumen":"Reguler","result_pasangan":"Reguler","Final_result":"Reguler","errorMessage":"","status":"Done"}

2022-11-28 17:19:53 - [TEST_STEP][PASSED] - verifyElementPropertyValue(scoring, "Final_result", final_result): Verify element property value successfully

2022-11-28 17:19:53 - [MESSAGE][PASSED] - Verify element property value successfully]]></system-out>
         <system-err><![CDATA[]]></system-err>
      </testcase>
      <testcase name="Test Cases/Engine_Scoring/Engine Scoring" time="6.692" classname="Test Cases/Engine_Scoring/Engine Scoring" status="PASSED">
         <system-out><![CDATA[2022-11-28 17:19:53 - [TEST_CASE][PASSED] - Test Cases/Engine_Scoring/Engine Scoring: Test Cases/Engine_Scoring/Engine Scoring

2022-11-28 17:19:54 - [TEST_STEP][PASSED] - markPassed("Variasi data ke : " + no): Variasi data ke : 4

2022-11-28 17:19:54 - [MESSAGE][PASSED] - Variasi data ke : 4

2022-11-28 17:19:54 - [TEST_STEP][PASSED] - req_data = sendRequest(findTestObject("Search_ME", ["MID":MID, "source":source, "ip":ip, "userid":userid, "branch":branch, "tipekons":tipekons, "marital":marital, "penjamin":penjamin, ... ])): Send request successfully

2022-11-28 17:19:54 - [MESSAGE][INFO] - HAR: D:\DMS\Engine Scoring\Reports\20221128_171922\Exclude KKB - DS - Married\Scoring Married - DS\20221128_171923\requests\main\6.har

2022-11-28 17:19:54 - [MESSAGE][PASSED] - Send request successfully

2022-11-28 17:19:54 - [TEST_STEP][PASSED] - slurper = new groovy.json.JsonSlurper(): null

2022-11-28 17:19:54 - [TEST_STEP][PASSED] - result = slurper.parseText(req_data.getResponseBodyContent()): null

2022-11-28 17:19:54 - [TEST_STEP][PASSED] - reqid_kons = requestid1: null

2022-11-28 17:19:54 - [TEST_STEP][PASSED] - reqid_spouse = requestid2: null

2022-11-28 17:19:54 - [TEST_STEP][PASSED] - println("requestid kons : " + reqid_kons): null

2022-11-28 17:19:54 - [TEST_STEP][PASSED] - response_searchME_kons = reqid_kons: null

2022-11-28 17:19:54 - [TEST_STEP][PASSED] - response_searchME_spouse = reqid_spouse: null

2022-11-28 17:19:54 - [TEST_STEP][PASSED] - println("kons req id is :" + response_searchME_kons): null

2022-11-28 17:19:54 - [TEST_STEP][PASSED] - println("spouse req id is : " + response_searchME_spouse): null

2022-11-28 17:19:54 - [TEST_STEP][PASSED] - verifyResponseStatusCode(req_data, 200): Verify response status code successfully

2022-11-28 17:19:54 - [MESSAGE][PASSED] - Verify response status code successfully

2022-11-28 17:19:54 - [TEST_STEP][PASSED] - response = req_data.getResponseText(): null

2022-11-28 17:19:54 - [TEST_STEP][PASSED] - logInfo($response): {"status":"Done","data":{"requestid1":"256900","requestid2":"256901"}}

2022-11-28 17:19:54 - [MESSAGE][INFO] - {"status":"Done","data":{"requestid1":"256900","requestid2":"256901"}}

2022-11-28 17:19:54 - [TEST_STEP][PASSED] - delay(5): Delayed 5 second(s)

2022-11-28 17:19:59 - [MESSAGE][PASSED] - Delayed 5 second(s)

2022-11-28 17:19:59 - [TEST_STEP][PASSED] - scoring = sendRequest(findTestObject("EngineScore", ["response_searchME_kons":response_searchME_kons, "response_searchME_spouse":response_searchME_spouse])): Send request successfully

2022-11-28 17:19:59 - [MESSAGE][INFO] - HAR: D:\DMS\Engine Scoring\Reports\20221128_171922\Exclude KKB - DS - Married\Scoring Married - DS\20221128_171923\requests\main\7.har

2022-11-28 17:19:59 - [MESSAGE][PASSED] - Send request successfully

2022-11-28 17:19:59 - [TEST_STEP][PASSED] - verifyResponseStatusCode(scoring, 200): Verify response status code successfully

2022-11-28 17:19:59 - [MESSAGE][PASSED] - Verify response status code successfully

2022-11-28 17:19:59 - [TEST_STEP][PASSED] - response2 = scoring.getResponseText(): null

2022-11-28 17:19:59 - [TEST_STEP][PASSED] - markPassed("result service data ke : " + no): result service data ke : 4

2022-11-28 17:19:59 - [MESSAGE][PASSED] - result service data ke : 4

2022-11-28 17:19:59 - [TEST_STEP][PASSED] - logInfo($response2): {"result_konsumen":"Reject","result_pasangan":"Reguler","Final_result":"Reject","errorMessage":"","status":"Done"}

2022-11-28 17:19:59 - [MESSAGE][INFO] - {"result_konsumen":"Reject","result_pasangan":"Reguler","Final_result":"Reject","errorMessage":"","status":"Done"}

2022-11-28 17:19:59 - [TEST_STEP][PASSED] - verifyElementPropertyValue(scoring, "Final_result", final_result): Verify element property value successfully

2022-11-28 17:19:59 - [MESSAGE][PASSED] - Verify element property value successfully]]></system-out>
         <system-err><![CDATA[]]></system-err>
      </testcase>
      <testcase name="Test Cases/Engine_Scoring/Engine Scoring" time="6.628" classname="Test Cases/Engine_Scoring/Engine Scoring" status="PASSED">
         <system-out><![CDATA[2022-11-28 17:20:00 - [TEST_CASE][PASSED] - Test Cases/Engine_Scoring/Engine Scoring: Test Cases/Engine_Scoring/Engine Scoring

2022-11-28 17:20:00 - [TEST_STEP][PASSED] - markPassed("Variasi data ke : " + no): Variasi data ke : 5

2022-11-28 17:20:00 - [MESSAGE][PASSED] - Variasi data ke : 5

2022-11-28 17:20:00 - [TEST_STEP][PASSED] - req_data = sendRequest(findTestObject("Search_ME", ["MID":MID, "source":source, "ip":ip, "userid":userid, "branch":branch, "tipekons":tipekons, "marital":marital, "penjamin":penjamin, ... ])): Send request successfully

2022-11-28 17:20:01 - [MESSAGE][INFO] - HAR: D:\DMS\Engine Scoring\Reports\20221128_171922\Exclude KKB - DS - Married\Scoring Married - DS\20221128_171923\requests\main\8.har

2022-11-28 17:20:01 - [MESSAGE][PASSED] - Send request successfully

2022-11-28 17:20:01 - [TEST_STEP][PASSED] - slurper = new groovy.json.JsonSlurper(): null

2022-11-28 17:20:01 - [TEST_STEP][PASSED] - result = slurper.parseText(req_data.getResponseBodyContent()): null

2022-11-28 17:20:01 - [TEST_STEP][PASSED] - reqid_kons = requestid1: null

2022-11-28 17:20:01 - [TEST_STEP][PASSED] - reqid_spouse = requestid2: null

2022-11-28 17:20:01 - [TEST_STEP][PASSED] - println("requestid kons : " + reqid_kons): null

2022-11-28 17:20:01 - [TEST_STEP][PASSED] - response_searchME_kons = reqid_kons: null

2022-11-28 17:20:01 - [TEST_STEP][PASSED] - response_searchME_spouse = reqid_spouse: null

2022-11-28 17:20:01 - [TEST_STEP][PASSED] - println("kons req id is :" + response_searchME_kons): null

2022-11-28 17:20:01 - [TEST_STEP][PASSED] - println("spouse req id is : " + response_searchME_spouse): null

2022-11-28 17:20:01 - [TEST_STEP][PASSED] - verifyResponseStatusCode(req_data, 200): Verify response status code successfully

2022-11-28 17:20:01 - [MESSAGE][PASSED] - Verify response status code successfully

2022-11-28 17:20:01 - [TEST_STEP][PASSED] - response = req_data.getResponseText(): null

2022-11-28 17:20:01 - [TEST_STEP][PASSED] - logInfo($response): {"status":"Done","data":{"requestid1":"256902","requestid2":"256903"}}

2022-11-28 17:20:01 - [MESSAGE][INFO] - {"status":"Done","data":{"requestid1":"256902","requestid2":"256903"}}

2022-11-28 17:20:01 - [TEST_STEP][PASSED] - delay(5): Delayed 5 second(s)

2022-11-28 17:20:06 - [MESSAGE][PASSED] - Delayed 5 second(s)

2022-11-28 17:20:06 - [TEST_STEP][PASSED] - scoring = sendRequest(findTestObject("EngineScore", ["response_searchME_kons":response_searchME_kons, "response_searchME_spouse":response_searchME_spouse])): Send request successfully

2022-11-28 17:20:06 - [MESSAGE][INFO] - HAR: D:\DMS\Engine Scoring\Reports\20221128_171922\Exclude KKB - DS - Married\Scoring Married - DS\20221128_171923\requests\main\9.har

2022-11-28 17:20:06 - [MESSAGE][PASSED] - Send request successfully

2022-11-28 17:20:06 - [TEST_STEP][PASSED] - verifyResponseStatusCode(scoring, 200): Verify response status code successfully

2022-11-28 17:20:06 - [MESSAGE][PASSED] - Verify response status code successfully

2022-11-28 17:20:06 - [TEST_STEP][PASSED] - response2 = scoring.getResponseText(): null

2022-11-28 17:20:06 - [TEST_STEP][PASSED] - markPassed("result service data ke : " + no): result service data ke : 5

2022-11-28 17:20:06 - [MESSAGE][PASSED] - result service data ke : 5

2022-11-28 17:20:06 - [TEST_STEP][PASSED] - logInfo($response2): {"result_konsumen":"Reject","result_pasangan":"Reguler","Final_result":"Reject","errorMessage":"","status":"Done"}

2022-11-28 17:20:06 - [MESSAGE][INFO] - {"result_konsumen":"Reject","result_pasangan":"Reguler","Final_result":"Reject","errorMessage":"","status":"Done"}

2022-11-28 17:20:06 - [TEST_STEP][PASSED] - verifyElementPropertyValue(scoring, "Final_result", final_result): Verify element property value successfully

2022-11-28 17:20:06 - [MESSAGE][PASSED] - Verify element property value successfully]]></system-out>
         <system-err><![CDATA[]]></system-err>
      </testcase>
      <testcase name="Test Cases/Engine_Scoring/Engine Scoring" time="6.859" classname="Test Cases/Engine_Scoring/Engine Scoring" status="PASSED">
         <system-out><![CDATA[2022-11-28 17:20:06 - [TEST_CASE][PASSED] - Test Cases/Engine_Scoring/Engine Scoring: Test Cases/Engine_Scoring/Engine Scoring

2022-11-28 17:20:07 - [TEST_STEP][PASSED] - markPassed("Variasi data ke : " + no): Variasi data ke : 6

2022-11-28 17:20:07 - [MESSAGE][PASSED] - Variasi data ke : 6

2022-11-28 17:20:07 - [TEST_STEP][PASSED] - req_data = sendRequest(findTestObject("Search_ME", ["MID":MID, "source":source, "ip":ip, "userid":userid, "branch":branch, "tipekons":tipekons, "marital":marital, "penjamin":penjamin, ... ])): Send request successfully

2022-11-28 17:20:08 - [MESSAGE][INFO] - HAR: D:\DMS\Engine Scoring\Reports\20221128_171922\Exclude KKB - DS - Married\Scoring Married - DS\20221128_171923\requests\main\10.har

2022-11-28 17:20:08 - [MESSAGE][PASSED] - Send request successfully

2022-11-28 17:20:08 - [TEST_STEP][PASSED] - slurper = new groovy.json.JsonSlurper(): null

2022-11-28 17:20:08 - [TEST_STEP][PASSED] - result = slurper.parseText(req_data.getResponseBodyContent()): null

2022-11-28 17:20:08 - [TEST_STEP][PASSED] - reqid_kons = requestid1: null

2022-11-28 17:20:08 - [TEST_STEP][PASSED] - reqid_spouse = requestid2: null

2022-11-28 17:20:08 - [TEST_STEP][PASSED] - println("requestid kons : " + reqid_kons): null

2022-11-28 17:20:08 - [TEST_STEP][PASSED] - response_searchME_kons = reqid_kons: null

2022-11-28 17:20:08 - [TEST_STEP][PASSED] - response_searchME_spouse = reqid_spouse: null

2022-11-28 17:20:08 - [TEST_STEP][PASSED] - println("kons req id is :" + response_searchME_kons): null

2022-11-28 17:20:08 - [TEST_STEP][PASSED] - println("spouse req id is : " + response_searchME_spouse): null

2022-11-28 17:20:08 - [TEST_STEP][PASSED] - verifyResponseStatusCode(req_data, 200): Verify response status code successfully

2022-11-28 17:20:08 - [MESSAGE][PASSED] - Verify response status code successfully

2022-11-28 17:20:08 - [TEST_STEP][PASSED] - response = req_data.getResponseText(): null

2022-11-28 17:20:08 - [TEST_STEP][PASSED] - logInfo($response): {"status":"Done","data":{"requestid1":"256904","requestid2":"256905"}}

2022-11-28 17:20:08 - [MESSAGE][INFO] - {"status":"Done","data":{"requestid1":"256904","requestid2":"256905"}}

2022-11-28 17:20:08 - [TEST_STEP][PASSED] - delay(5): Delayed 5 second(s)

2022-11-28 17:20:13 - [MESSAGE][PASSED] - Delayed 5 second(s)

2022-11-28 17:20:13 - [TEST_STEP][PASSED] - scoring = sendRequest(findTestObject("EngineScore", ["response_searchME_kons":response_searchME_kons, "response_searchME_spouse":response_searchME_spouse])): Send request successfully

2022-11-28 17:20:13 - [MESSAGE][INFO] - HAR: D:\DMS\Engine Scoring\Reports\20221128_171922\Exclude KKB - DS - Married\Scoring Married - DS\20221128_171923\requests\main\11.har

2022-11-28 17:20:13 - [MESSAGE][PASSED] - Send request successfully

2022-11-28 17:20:13 - [TEST_STEP][PASSED] - verifyResponseStatusCode(scoring, 200): Verify response status code successfully

2022-11-28 17:20:13 - [MESSAGE][PASSED] - Verify response status code successfully

2022-11-28 17:20:13 - [TEST_STEP][PASSED] - response2 = scoring.getResponseText(): null

2022-11-28 17:20:13 - [TEST_STEP][PASSED] - markPassed("result service data ke : " + no): result service data ke : 6

2022-11-28 17:20:13 - [MESSAGE][PASSED] - result service data ke : 6

2022-11-28 17:20:13 - [TEST_STEP][PASSED] - logInfo($response2): {"result_konsumen":"Reject","result_pasangan":"Reguler","Final_result":"Reject","errorMessage":"","status":"Done"}

2022-11-28 17:20:13 - [MESSAGE][INFO] - {"result_konsumen":"Reject","result_pasangan":"Reguler","Final_result":"Reject","errorMessage":"","status":"Done"}

2022-11-28 17:20:13 - [TEST_STEP][PASSED] - verifyElementPropertyValue(scoring, "Final_result", final_result): Verify element property value successfully

2022-11-28 17:20:13 - [MESSAGE][PASSED] - Verify element property value successfully]]></system-out>
         <system-err><![CDATA[]]></system-err>
      </testcase>
      <testcase name="Test Cases/Engine_Scoring/Engine Scoring" time="7.104" classname="Test Cases/Engine_Scoring/Engine Scoring" status="PASSED">
         <system-out><![CDATA[2022-11-28 17:20:13 - [TEST_CASE][PASSED] - Test Cases/Engine_Scoring/Engine Scoring: Test Cases/Engine_Scoring/Engine Scoring

2022-11-28 17:20:14 - [TEST_STEP][PASSED] - markPassed("Variasi data ke : " + no): Variasi data ke : 7

2022-11-28 17:20:14 - [MESSAGE][PASSED] - Variasi data ke : 7

2022-11-28 17:20:14 - [TEST_STEP][PASSED] - req_data = sendRequest(findTestObject("Search_ME", ["MID":MID, "source":source, "ip":ip, "userid":userid, "branch":branch, "tipekons":tipekons, "marital":marital, "penjamin":penjamin, ... ])): Send request successfully

2022-11-28 17:20:15 - [MESSAGE][INFO] - HAR: D:\DMS\Engine Scoring\Reports\20221128_171922\Exclude KKB - DS - Married\Scoring Married - DS\20221128_171923\requests\main\12.har

2022-11-28 17:20:15 - [MESSAGE][PASSED] - Send request successfully

2022-11-28 17:20:15 - [TEST_STEP][PASSED] - slurper = new groovy.json.JsonSlurper(): null

2022-11-28 17:20:15 - [TEST_STEP][PASSED] - result = slurper.parseText(req_data.getResponseBodyContent()): null

2022-11-28 17:20:15 - [TEST_STEP][PASSED] - reqid_kons = requestid1: null

2022-11-28 17:20:15 - [TEST_STEP][PASSED] - reqid_spouse = requestid2: null

2022-11-28 17:20:15 - [TEST_STEP][PASSED] - println("requestid kons : " + reqid_kons): null

2022-11-28 17:20:15 - [TEST_STEP][PASSED] - response_searchME_kons = reqid_kons: null

2022-11-28 17:20:15 - [TEST_STEP][PASSED] - response_searchME_spouse = reqid_spouse: null

2022-11-28 17:20:15 - [TEST_STEP][PASSED] - println("kons req id is :" + response_searchME_kons): null

2022-11-28 17:20:15 - [TEST_STEP][PASSED] - println("spouse req id is : " + response_searchME_spouse): null

2022-11-28 17:20:15 - [TEST_STEP][PASSED] - verifyResponseStatusCode(req_data, 200): Verify response status code successfully

2022-11-28 17:20:15 - [MESSAGE][PASSED] - Verify response status code successfully

2022-11-28 17:20:15 - [TEST_STEP][PASSED] - response = req_data.getResponseText(): null

2022-11-28 17:20:15 - [TEST_STEP][PASSED] - logInfo($response): {"status":"Done","data":{"requestid1":"256906","requestid2":"256907"}}

2022-11-28 17:20:15 - [MESSAGE][INFO] - {"status":"Done","data":{"requestid1":"256906","requestid2":"256907"}}

2022-11-28 17:20:15 - [TEST_STEP][PASSED] - delay(5): Delayed 5 second(s)

2022-11-28 17:20:20 - [MESSAGE][PASSED] - Delayed 5 second(s)

2022-11-28 17:20:20 - [TEST_STEP][PASSED] - scoring = sendRequest(findTestObject("EngineScore", ["response_searchME_kons":response_searchME_kons, "response_searchME_spouse":response_searchME_spouse])): Send request successfully

2022-11-28 17:20:20 - [MESSAGE][INFO] - HAR: D:\DMS\Engine Scoring\Reports\20221128_171922\Exclude KKB - DS - Married\Scoring Married - DS\20221128_171923\requests\main\13.har

2022-11-28 17:20:20 - [MESSAGE][PASSED] - Send request successfully

2022-11-28 17:20:20 - [TEST_STEP][PASSED] - verifyResponseStatusCode(scoring, 200): Verify response status code successfully

2022-11-28 17:20:20 - [MESSAGE][PASSED] - Verify response status code successfully

2022-11-28 17:20:20 - [TEST_STEP][PASSED] - response2 = scoring.getResponseText(): null

2022-11-28 17:20:20 - [TEST_STEP][PASSED] - markPassed("result service data ke : " + no): result service data ke : 7

2022-11-28 17:20:20 - [MESSAGE][PASSED] - result service data ke : 7

2022-11-28 17:20:20 - [TEST_STEP][PASSED] - logInfo($response2): {"result_konsumen":"Reject","result_pasangan":"Reguler","Final_result":"Reject","errorMessage":"","status":"Done"}

2022-11-28 17:20:20 - [MESSAGE][INFO] - {"result_konsumen":"Reject","result_pasangan":"Reguler","Final_result":"Reject","errorMessage":"","status":"Done"}

2022-11-28 17:20:20 - [TEST_STEP][PASSED] - verifyElementPropertyValue(scoring, "Final_result", final_result): Verify element property value successfully

2022-11-28 17:20:20 - [MESSAGE][PASSED] - Verify element property value successfully]]></system-out>
         <system-err><![CDATA[]]></system-err>
      </testcase>
      <testcase name="Test Cases/Engine_Scoring/Engine Scoring" time="6.713" classname="Test Cases/Engine_Scoring/Engine Scoring" status="PASSED">
         <system-out><![CDATA[2022-11-28 17:20:20 - [TEST_CASE][PASSED] - Test Cases/Engine_Scoring/Engine Scoring: Test Cases/Engine_Scoring/Engine Scoring

2022-11-28 17:20:21 - [TEST_STEP][PASSED] - markPassed("Variasi data ke : " + no): Variasi data ke : 8

2022-11-28 17:20:21 - [MESSAGE][PASSED] - Variasi data ke : 8

2022-11-28 17:20:21 - [TEST_STEP][PASSED] - req_data = sendRequest(findTestObject("Search_ME", ["MID":MID, "source":source, "ip":ip, "userid":userid, "branch":branch, "tipekons":tipekons, "marital":marital, "penjamin":penjamin, ... ])): Send request successfully

2022-11-28 17:20:22 - [MESSAGE][INFO] - HAR: D:\DMS\Engine Scoring\Reports\20221128_171922\Exclude KKB - DS - Married\Scoring Married - DS\20221128_171923\requests\main\14.har

2022-11-28 17:20:22 - [MESSAGE][PASSED] - Send request successfully

2022-11-28 17:20:22 - [TEST_STEP][PASSED] - slurper = new groovy.json.JsonSlurper(): null

2022-11-28 17:20:22 - [TEST_STEP][PASSED] - result = slurper.parseText(req_data.getResponseBodyContent()): null

2022-11-28 17:20:22 - [TEST_STEP][PASSED] - reqid_kons = requestid1: null

2022-11-28 17:20:22 - [TEST_STEP][PASSED] - reqid_spouse = requestid2: null

2022-11-28 17:20:22 - [TEST_STEP][PASSED] - println("requestid kons : " + reqid_kons): null

2022-11-28 17:20:22 - [TEST_STEP][PASSED] - response_searchME_kons = reqid_kons: null

2022-11-28 17:20:22 - [TEST_STEP][PASSED] - response_searchME_spouse = reqid_spouse: null

2022-11-28 17:20:22 - [TEST_STEP][PASSED] - println("kons req id is :" + response_searchME_kons): null

2022-11-28 17:20:22 - [TEST_STEP][PASSED] - println("spouse req id is : " + response_searchME_spouse): null

2022-11-28 17:20:22 - [TEST_STEP][PASSED] - verifyResponseStatusCode(req_data, 200): Verify response status code successfully

2022-11-28 17:20:22 - [MESSAGE][PASSED] - Verify response status code successfully

2022-11-28 17:20:22 - [TEST_STEP][PASSED] - response = req_data.getResponseText(): null

2022-11-28 17:20:22 - [TEST_STEP][PASSED] - logInfo($response): {"status":"Done","data":{"requestid1":"256908","requestid2":"256909"}}

2022-11-28 17:20:22 - [MESSAGE][INFO] - {"status":"Done","data":{"requestid1":"256908","requestid2":"256909"}}

2022-11-28 17:20:22 - [TEST_STEP][PASSED] - delay(5): Delayed 5 second(s)

2022-11-28 17:20:27 - [MESSAGE][PASSED] - Delayed 5 second(s)

2022-11-28 17:20:27 - [TEST_STEP][PASSED] - scoring = sendRequest(findTestObject("EngineScore", ["response_searchME_kons":response_searchME_kons, "response_searchME_spouse":response_searchME_spouse])): Send request successfully

2022-11-28 17:20:27 - [MESSAGE][INFO] - HAR: D:\DMS\Engine Scoring\Reports\20221128_171922\Exclude KKB - DS - Married\Scoring Married - DS\20221128_171923\requests\main\15.har

2022-11-28 17:20:27 - [MESSAGE][PASSED] - Send request successfully

2022-11-28 17:20:27 - [TEST_STEP][PASSED] - verifyResponseStatusCode(scoring, 200): Verify response status code successfully

2022-11-28 17:20:27 - [MESSAGE][PASSED] - Verify response status code successfully

2022-11-28 17:20:27 - [TEST_STEP][PASSED] - response2 = scoring.getResponseText(): null

2022-11-28 17:20:27 - [TEST_STEP][PASSED] - markPassed("result service data ke : " + no): result service data ke : 8

2022-11-28 17:20:27 - [MESSAGE][PASSED] - result service data ke : 8

2022-11-28 17:20:27 - [TEST_STEP][PASSED] - logInfo($response2): {"result_konsumen":"Reject","result_pasangan":"Reject","Final_result":"Reject","errorMessage":"","status":"Done"}

2022-11-28 17:20:27 - [MESSAGE][INFO] - {"result_konsumen":"Reject","result_pasangan":"Reject","Final_result":"Reject","errorMessage":"","status":"Done"}

2022-11-28 17:20:27 - [TEST_STEP][PASSED] - verifyElementPropertyValue(scoring, "Final_result", final_result): Verify element property value successfully

2022-11-28 17:20:27 - [MESSAGE][PASSED] - Verify element property value successfully]]></system-out>
         <system-err><![CDATA[]]></system-err>
      </testcase>
      <testcase name="Test Cases/Engine_Scoring/Engine Scoring" time="9.454" classname="Test Cases/Engine_Scoring/Engine Scoring" status="PASSED">
         <system-out><![CDATA[2022-11-28 17:20:27 - [TEST_CASE][PASSED] - Test Cases/Engine_Scoring/Engine Scoring: Test Cases/Engine_Scoring/Engine Scoring

2022-11-28 17:20:28 - [TEST_STEP][PASSED] - markPassed("Variasi data ke : " + no): Variasi data ke : 9

2022-11-28 17:20:28 - [MESSAGE][PASSED] - Variasi data ke : 9

2022-11-28 17:20:28 - [TEST_STEP][PASSED] - req_data = sendRequest(findTestObject("Search_ME", ["MID":MID, "source":source, "ip":ip, "userid":userid, "branch":branch, "tipekons":tipekons, "marital":marital, "penjamin":penjamin, ... ])): Send request successfully

2022-11-28 17:20:31 - [MESSAGE][INFO] - HAR: D:\DMS\Engine Scoring\Reports\20221128_171922\Exclude KKB - DS - Married\Scoring Married - DS\20221128_171923\requests\main\16.har

2022-11-28 17:20:31 - [MESSAGE][PASSED] - Send request successfully

2022-11-28 17:20:31 - [TEST_STEP][PASSED] - slurper = new groovy.json.JsonSlurper(): null

2022-11-28 17:20:31 - [TEST_STEP][PASSED] - result = slurper.parseText(req_data.getResponseBodyContent()): null

2022-11-28 17:20:31 - [TEST_STEP][PASSED] - reqid_kons = requestid1: null

2022-11-28 17:20:31 - [TEST_STEP][PASSED] - reqid_spouse = requestid2: null

2022-11-28 17:20:31 - [TEST_STEP][PASSED] - println("requestid kons : " + reqid_kons): null

2022-11-28 17:20:31 - [TEST_STEP][PASSED] - response_searchME_kons = reqid_kons: null

2022-11-28 17:20:31 - [TEST_STEP][PASSED] - response_searchME_spouse = reqid_spouse: null

2022-11-28 17:20:31 - [TEST_STEP][PASSED] - println("kons req id is :" + response_searchME_kons): null

2022-11-28 17:20:31 - [TEST_STEP][PASSED] - println("spouse req id is : " + response_searchME_spouse): null

2022-11-28 17:20:31 - [TEST_STEP][PASSED] - verifyResponseStatusCode(req_data, 200): Verify response status code successfully

2022-11-28 17:20:31 - [MESSAGE][PASSED] - Verify response status code successfully

2022-11-28 17:20:31 - [TEST_STEP][PASSED] - response = req_data.getResponseText(): null

2022-11-28 17:20:31 - [TEST_STEP][PASSED] - logInfo($response): {"status":"Done","data":{"requestid1":"256910","requestid2":"256911"}}

2022-11-28 17:20:31 - [MESSAGE][INFO] - {"status":"Done","data":{"requestid1":"256910","requestid2":"256911"}}

2022-11-28 17:20:31 - [TEST_STEP][PASSED] - delay(5): Delayed 5 second(s)

2022-11-28 17:20:36 - [MESSAGE][PASSED] - Delayed 5 second(s)

2022-11-28 17:20:36 - [TEST_STEP][PASSED] - scoring = sendRequest(findTestObject("EngineScore", ["response_searchME_kons":response_searchME_kons, "response_searchME_spouse":response_searchME_spouse])): Send request successfully

2022-11-28 17:20:37 - [MESSAGE][INFO] - HAR: D:\DMS\Engine Scoring\Reports\20221128_171922\Exclude KKB - DS - Married\Scoring Married - DS\20221128_171923\requests\main\17.har

2022-11-28 17:20:37 - [MESSAGE][PASSED] - Send request successfully

2022-11-28 17:20:37 - [TEST_STEP][PASSED] - verifyResponseStatusCode(scoring, 200): Verify response status code successfully

2022-11-28 17:20:37 - [MESSAGE][PASSED] - Verify response status code successfully

2022-11-28 17:20:37 - [TEST_STEP][PASSED] - response2 = scoring.getResponseText(): null

2022-11-28 17:20:37 - [TEST_STEP][PASSED] - markPassed("result service data ke : " + no): result service data ke : 9

2022-11-28 17:20:37 - [MESSAGE][PASSED] - result service data ke : 9

2022-11-28 17:20:37 - [TEST_STEP][PASSED] - logInfo($response2): {"result_konsumen":"Reject","result_pasangan":"Reject","Final_result":"Reject","errorMessage":"","status":"Done"}

2022-11-28 17:20:37 - [MESSAGE][INFO] - {"result_konsumen":"Reject","result_pasangan":"Reject","Final_result":"Reject","errorMessage":"","status":"Done"}

2022-11-28 17:20:37 - [TEST_STEP][PASSED] - verifyElementPropertyValue(scoring, "Final_result", final_result): Verify element property value successfully

2022-11-28 17:20:37 - [MESSAGE][PASSED] - Verify element property value successfully]]></system-out>
         <system-err><![CDATA[]]></system-err>
      </testcase>
      <testcase name="Test Cases/Engine_Scoring/Engine Scoring" time="6.716" classname="Test Cases/Engine_Scoring/Engine Scoring" status="PASSED">
         <system-out><![CDATA[2022-11-28 17:20:37 - [TEST_CASE][PASSED] - Test Cases/Engine_Scoring/Engine Scoring: Test Cases/Engine_Scoring/Engine Scoring

2022-11-28 17:20:37 - [TEST_STEP][PASSED] - markPassed("Variasi data ke : " + no): Variasi data ke : 10

2022-11-28 17:20:37 - [MESSAGE][PASSED] - Variasi data ke : 10

2022-11-28 17:20:37 - [TEST_STEP][PASSED] - req_data = sendRequest(findTestObject("Search_ME", ["MID":MID, "source":source, "ip":ip, "userid":userid, "branch":branch, "tipekons":tipekons, "marital":marital, "penjamin":penjamin, ... ])): Send request successfully

2022-11-28 17:20:38 - [MESSAGE][INFO] - HAR: D:\DMS\Engine Scoring\Reports\20221128_171922\Exclude KKB - DS - Married\Scoring Married - DS\20221128_171923\requests\main\18.har

2022-11-28 17:20:38 - [MESSAGE][PASSED] - Send request successfully

2022-11-28 17:20:38 - [TEST_STEP][PASSED] - slurper = new groovy.json.JsonSlurper(): null

2022-11-28 17:20:38 - [TEST_STEP][PASSED] - result = slurper.parseText(req_data.getResponseBodyContent()): null

2022-11-28 17:20:38 - [TEST_STEP][PASSED] - reqid_kons = requestid1: null

2022-11-28 17:20:38 - [TEST_STEP][PASSED] - reqid_spouse = requestid2: null

2022-11-28 17:20:38 - [TEST_STEP][PASSED] - println("requestid kons : " + reqid_kons): null

2022-11-28 17:20:38 - [TEST_STEP][PASSED] - response_searchME_kons = reqid_kons: null

2022-11-28 17:20:38 - [TEST_STEP][PASSED] - response_searchME_spouse = reqid_spouse: null

2022-11-28 17:20:38 - [TEST_STEP][PASSED] - println("kons req id is :" + response_searchME_kons): null

2022-11-28 17:20:38 - [TEST_STEP][PASSED] - println("spouse req id is : " + response_searchME_spouse): null

2022-11-28 17:20:38 - [TEST_STEP][PASSED] - verifyResponseStatusCode(req_data, 200): Verify response status code successfully

2022-11-28 17:20:38 - [MESSAGE][PASSED] - Verify response status code successfully

2022-11-28 17:20:38 - [TEST_STEP][PASSED] - response = req_data.getResponseText(): null

2022-11-28 17:20:38 - [TEST_STEP][PASSED] - logInfo($response): {"status":"Done","data":{"requestid1":"256912","requestid2":"256913"}}

2022-11-28 17:20:38 - [MESSAGE][INFO] - {"status":"Done","data":{"requestid1":"256912","requestid2":"256913"}}

2022-11-28 17:20:38 - [TEST_STEP][PASSED] - delay(5): Delayed 5 second(s)

2022-11-28 17:20:43 - [MESSAGE][PASSED] - Delayed 5 second(s)

2022-11-28 17:20:43 - [TEST_STEP][PASSED] - scoring = sendRequest(findTestObject("EngineScore", ["response_searchME_kons":response_searchME_kons, "response_searchME_spouse":response_searchME_spouse])): Send request successfully

2022-11-28 17:20:43 - [MESSAGE][INFO] - HAR: D:\DMS\Engine Scoring\Reports\20221128_171922\Exclude KKB - DS - Married\Scoring Married - DS\20221128_171923\requests\main\19.har

2022-11-28 17:20:43 - [MESSAGE][PASSED] - Send request successfully

2022-11-28 17:20:43 - [TEST_STEP][PASSED] - verifyResponseStatusCode(scoring, 200): Verify response status code successfully

2022-11-28 17:20:43 - [MESSAGE][PASSED] - Verify response status code successfully

2022-11-28 17:20:43 - [TEST_STEP][PASSED] - response2 = scoring.getResponseText(): null

2022-11-28 17:20:43 - [TEST_STEP][PASSED] - markPassed("result service data ke : " + no): result service data ke : 10

2022-11-28 17:20:43 - [MESSAGE][PASSED] - result service data ke : 10

2022-11-28 17:20:43 - [TEST_STEP][PASSED] - logInfo($response2): {"result_konsumen":"Reject","result_pasangan":"Reguler","Final_result":"Reject","errorMessage":"","status":"Done"}

2022-11-28 17:20:43 - [MESSAGE][INFO] - {"result_konsumen":"Reject","result_pasangan":"Reguler","Final_result":"Reject","errorMessage":"","status":"Done"}

2022-11-28 17:20:43 - [TEST_STEP][PASSED] - verifyElementPropertyValue(scoring, "Final_result", final_result): Verify element property value successfully

2022-11-28 17:20:43 - [MESSAGE][PASSED] - Verify element property value successfully]]></system-out>
         <system-err><![CDATA[]]></system-err>
      </testcase>
      <testcase name="Test Cases/Engine_Scoring/Engine Scoring" time="8.075" classname="Test Cases/Engine_Scoring/Engine Scoring" status="PASSED">
         <system-out><![CDATA[2022-11-28 17:20:43 - [TEST_CASE][PASSED] - Test Cases/Engine_Scoring/Engine Scoring: Test Cases/Engine_Scoring/Engine Scoring

2022-11-28 17:20:44 - [TEST_STEP][PASSED] - markPassed("Variasi data ke : " + no): Variasi data ke : 11

2022-11-28 17:20:44 - [MESSAGE][PASSED] - Variasi data ke : 11

2022-11-28 17:20:44 - [TEST_STEP][PASSED] - req_data = sendRequest(findTestObject("Search_ME", ["MID":MID, "source":source, "ip":ip, "userid":userid, "branch":branch, "tipekons":tipekons, "marital":marital, "penjamin":penjamin, ... ])): Send request successfully

2022-11-28 17:20:46 - [MESSAGE][INFO] - HAR: D:\DMS\Engine Scoring\Reports\20221128_171922\Exclude KKB - DS - Married\Scoring Married - DS\20221128_171923\requests\main\20.har

2022-11-28 17:20:46 - [MESSAGE][PASSED] - Send request successfully

2022-11-28 17:20:46 - [TEST_STEP][PASSED] - slurper = new groovy.json.JsonSlurper(): null

2022-11-28 17:20:46 - [TEST_STEP][PASSED] - result = slurper.parseText(req_data.getResponseBodyContent()): null

2022-11-28 17:20:46 - [TEST_STEP][PASSED] - reqid_kons = requestid1: null

2022-11-28 17:20:46 - [TEST_STEP][PASSED] - reqid_spouse = requestid2: null

2022-11-28 17:20:46 - [TEST_STEP][PASSED] - println("requestid kons : " + reqid_kons): null

2022-11-28 17:20:46 - [TEST_STEP][PASSED] - response_searchME_kons = reqid_kons: null

2022-11-28 17:20:46 - [TEST_STEP][PASSED] - response_searchME_spouse = reqid_spouse: null

2022-11-28 17:20:46 - [TEST_STEP][PASSED] - println("kons req id is :" + response_searchME_kons): null

2022-11-28 17:20:46 - [TEST_STEP][PASSED] - println("spouse req id is : " + response_searchME_spouse): null

2022-11-28 17:20:46 - [TEST_STEP][PASSED] - verifyResponseStatusCode(req_data, 200): Verify response status code successfully

2022-11-28 17:20:46 - [MESSAGE][PASSED] - Verify response status code successfully

2022-11-28 17:20:46 - [TEST_STEP][PASSED] - response = req_data.getResponseText(): null

2022-11-28 17:20:46 - [TEST_STEP][PASSED] - logInfo($response): {"status":"Done","data":{"requestid1":"256914","requestid2":"256915"}}

2022-11-28 17:20:46 - [MESSAGE][INFO] - {"status":"Done","data":{"requestid1":"256914","requestid2":"256915"}}

2022-11-28 17:20:46 - [TEST_STEP][PASSED] - delay(5): Delayed 5 second(s)

2022-11-28 17:20:51 - [MESSAGE][PASSED] - Delayed 5 second(s)

2022-11-28 17:20:51 - [TEST_STEP][PASSED] - scoring = sendRequest(findTestObject("EngineScore", ["response_searchME_kons":response_searchME_kons, "response_searchME_spouse":response_searchME_spouse])): Send request successfully

2022-11-28 17:20:51 - [MESSAGE][INFO] - HAR: D:\DMS\Engine Scoring\Reports\20221128_171922\Exclude KKB - DS - Married\Scoring Married - DS\20221128_171923\requests\main\21.har

2022-11-28 17:20:51 - [MESSAGE][PASSED] - Send request successfully

2022-11-28 17:20:51 - [TEST_STEP][PASSED] - verifyResponseStatusCode(scoring, 200): Verify response status code successfully

2022-11-28 17:20:51 - [MESSAGE][PASSED] - Verify response status code successfully

2022-11-28 17:20:51 - [TEST_STEP][PASSED] - response2 = scoring.getResponseText(): null

2022-11-28 17:20:51 - [TEST_STEP][PASSED] - markPassed("result service data ke : " + no): result service data ke : 11

2022-11-28 17:20:51 - [MESSAGE][PASSED] - result service data ke : 11

2022-11-28 17:20:51 - [TEST_STEP][PASSED] - logInfo($response2): {"result_konsumen":"Reject","result_pasangan":"Reguler","Final_result":"Reject","errorMessage":"","status":"Done"}

2022-11-28 17:20:51 - [MESSAGE][INFO] - {"result_konsumen":"Reject","result_pasangan":"Reguler","Final_result":"Reject","errorMessage":"","status":"Done"}

2022-11-28 17:20:51 - [TEST_STEP][PASSED] - verifyElementPropertyValue(scoring, "Final_result", final_result): Verify element property value successfully

2022-11-28 17:20:51 - [MESSAGE][PASSED] - Verify element property value successfully]]></system-out>
         <system-err><![CDATA[]]></system-err>
      </testcase>
      <testcase name="Test Cases/Engine_Scoring/Engine Scoring" time="7.4" classname="Test Cases/Engine_Scoring/Engine Scoring" status="PASSED">
         <system-out><![CDATA[2022-11-28 17:20:52 - [TEST_CASE][PASSED] - Test Cases/Engine_Scoring/Engine Scoring: Test Cases/Engine_Scoring/Engine Scoring

2022-11-28 17:20:53 - [TEST_STEP][PASSED] - markPassed("Variasi data ke : " + no): Variasi data ke : 12

2022-11-28 17:20:53 - [MESSAGE][PASSED] - Variasi data ke : 12

2022-11-28 17:20:53 - [TEST_STEP][PASSED] - req_data = sendRequest(findTestObject("Search_ME", ["MID":MID, "source":source, "ip":ip, "userid":userid, "branch":branch, "tipekons":tipekons, "marital":marital, "penjamin":penjamin, ... ])): Send request successfully

2022-11-28 17:20:54 - [MESSAGE][INFO] - HAR: D:\DMS\Engine Scoring\Reports\20221128_171922\Exclude KKB - DS - Married\Scoring Married - DS\20221128_171923\requests\main\22.har

2022-11-28 17:20:54 - [MESSAGE][PASSED] - Send request successfully

2022-11-28 17:20:54 - [TEST_STEP][PASSED] - slurper = new groovy.json.JsonSlurper(): null

2022-11-28 17:20:54 - [TEST_STEP][PASSED] - result = slurper.parseText(req_data.getResponseBodyContent()): null

2022-11-28 17:20:54 - [TEST_STEP][PASSED] - reqid_kons = requestid1: null

2022-11-28 17:20:54 - [TEST_STEP][PASSED] - reqid_spouse = requestid2: null

2022-11-28 17:20:54 - [TEST_STEP][PASSED] - println("requestid kons : " + reqid_kons): null

2022-11-28 17:20:54 - [TEST_STEP][PASSED] - response_searchME_kons = reqid_kons: null

2022-11-28 17:20:54 - [TEST_STEP][PASSED] - response_searchME_spouse = reqid_spouse: null

2022-11-28 17:20:54 - [TEST_STEP][PASSED] - println("kons req id is :" + response_searchME_kons): null

2022-11-28 17:20:54 - [TEST_STEP][PASSED] - println("spouse req id is : " + response_searchME_spouse): null

2022-11-28 17:20:54 - [TEST_STEP][PASSED] - verifyResponseStatusCode(req_data, 200): Verify response status code successfully

2022-11-28 17:20:54 - [MESSAGE][PASSED] - Verify response status code successfully

2022-11-28 17:20:54 - [TEST_STEP][PASSED] - response = req_data.getResponseText(): null

2022-11-28 17:20:54 - [TEST_STEP][PASSED] - logInfo($response): {"status":"Done","data":{"requestid1":"256916","requestid2":"256917"}}

2022-11-28 17:20:54 - [MESSAGE][INFO] - {"status":"Done","data":{"requestid1":"256916","requestid2":"256917"}}

2022-11-28 17:20:54 - [TEST_STEP][PASSED] - delay(5): Delayed 5 second(s)

2022-11-28 17:20:59 - [MESSAGE][PASSED] - Delayed 5 second(s)

2022-11-28 17:20:59 - [TEST_STEP][PASSED] - scoring = sendRequest(findTestObject("EngineScore", ["response_searchME_kons":response_searchME_kons, "response_searchME_spouse":response_searchME_spouse])): Send request successfully

2022-11-28 17:20:59 - [MESSAGE][INFO] - HAR: D:\DMS\Engine Scoring\Reports\20221128_171922\Exclude KKB - DS - Married\Scoring Married - DS\20221128_171923\requests\main\23.har

2022-11-28 17:20:59 - [MESSAGE][PASSED] - Send request successfully

2022-11-28 17:20:59 - [TEST_STEP][PASSED] - verifyResponseStatusCode(scoring, 200): Verify response status code successfully

2022-11-28 17:20:59 - [MESSAGE][PASSED] - Verify response status code successfully

2022-11-28 17:20:59 - [TEST_STEP][PASSED] - response2 = scoring.getResponseText(): null

2022-11-28 17:20:59 - [TEST_STEP][PASSED] - markPassed("result service data ke : " + no): result service data ke : 12

2022-11-28 17:20:59 - [MESSAGE][PASSED] - result service data ke : 12

2022-11-28 17:20:59 - [TEST_STEP][PASSED] - logInfo($response2): {"result_konsumen":"Reject","result_pasangan":"Reguler","Final_result":"Reject","errorMessage":"","status":"Done"}

2022-11-28 17:20:59 - [MESSAGE][INFO] - {"result_konsumen":"Reject","result_pasangan":"Reguler","Final_result":"Reject","errorMessage":"","status":"Done"}

2022-11-28 17:20:59 - [TEST_STEP][PASSED] - verifyElementPropertyValue(scoring, "Final_result", final_result): Verify element property value successfully

2022-11-28 17:20:59 - [MESSAGE][PASSED] - Verify element property value successfully]]></system-out>
         <system-err><![CDATA[]]></system-err>
      </testcase>
      <testcase name="Test Cases/Engine_Scoring/Engine Scoring" time="6.867" classname="Test Cases/Engine_Scoring/Engine Scoring" status="PASSED">
         <system-out><![CDATA[2022-11-28 17:20:59 - [TEST_CASE][PASSED] - Test Cases/Engine_Scoring/Engine Scoring: Test Cases/Engine_Scoring/Engine Scoring

2022-11-28 17:21:00 - [TEST_STEP][PASSED] - markPassed("Variasi data ke : " + no): Variasi data ke : 13

2022-11-28 17:21:00 - [MESSAGE][PASSED] - Variasi data ke : 13

2022-11-28 17:21:00 - [TEST_STEP][PASSED] - req_data = sendRequest(findTestObject("Search_ME", ["MID":MID, "source":source, "ip":ip, "userid":userid, "branch":branch, "tipekons":tipekons, "marital":marital, "penjamin":penjamin, ... ])): Send request successfully

2022-11-28 17:21:00 - [MESSAGE][INFO] - HAR: D:\DMS\Engine Scoring\Reports\20221128_171922\Exclude KKB - DS - Married\Scoring Married - DS\20221128_171923\requests\main\24.har

2022-11-28 17:21:00 - [MESSAGE][PASSED] - Send request successfully

2022-11-28 17:21:00 - [TEST_STEP][PASSED] - slurper = new groovy.json.JsonSlurper(): null

2022-11-28 17:21:00 - [TEST_STEP][PASSED] - result = slurper.parseText(req_data.getResponseBodyContent()): null

2022-11-28 17:21:00 - [TEST_STEP][PASSED] - reqid_kons = requestid1: null

2022-11-28 17:21:00 - [TEST_STEP][PASSED] - reqid_spouse = requestid2: null

2022-11-28 17:21:00 - [TEST_STEP][PASSED] - println("requestid kons : " + reqid_kons): null

2022-11-28 17:21:00 - [TEST_STEP][PASSED] - response_searchME_kons = reqid_kons: null

2022-11-28 17:21:00 - [TEST_STEP][PASSED] - response_searchME_spouse = reqid_spouse: null

2022-11-28 17:21:00 - [TEST_STEP][PASSED] - println("kons req id is :" + response_searchME_kons): null

2022-11-28 17:21:00 - [TEST_STEP][PASSED] - println("spouse req id is : " + response_searchME_spouse): null

2022-11-28 17:21:00 - [TEST_STEP][PASSED] - verifyResponseStatusCode(req_data, 200): Verify response status code successfully

2022-11-28 17:21:00 - [MESSAGE][PASSED] - Verify response status code successfully

2022-11-28 17:21:00 - [TEST_STEP][PASSED] - response = req_data.getResponseText(): null

2022-11-28 17:21:00 - [TEST_STEP][PASSED] - logInfo($response): {"status":"Done","data":{"requestid1":"256918","requestid2":"256919"}}

2022-11-28 17:21:00 - [MESSAGE][INFO] - {"status":"Done","data":{"requestid1":"256918","requestid2":"256919"}}

2022-11-28 17:21:00 - [TEST_STEP][PASSED] - delay(5): Delayed 5 second(s)

2022-11-28 17:21:06 - [MESSAGE][PASSED] - Delayed 5 second(s)

2022-11-28 17:21:06 - [TEST_STEP][PASSED] - scoring = sendRequest(findTestObject("EngineScore", ["response_searchME_kons":response_searchME_kons, "response_searchME_spouse":response_searchME_spouse])): Send request successfully

2022-11-28 17:21:06 - [MESSAGE][INFO] - HAR: D:\DMS\Engine Scoring\Reports\20221128_171922\Exclude KKB - DS - Married\Scoring Married - DS\20221128_171923\requests\main\25.har

2022-11-28 17:21:06 - [MESSAGE][PASSED] - Send request successfully

2022-11-28 17:21:06 - [TEST_STEP][PASSED] - verifyResponseStatusCode(scoring, 200): Verify response status code successfully

2022-11-28 17:21:06 - [MESSAGE][PASSED] - Verify response status code successfully

2022-11-28 17:21:06 - [TEST_STEP][PASSED] - response2 = scoring.getResponseText(): null

2022-11-28 17:21:06 - [TEST_STEP][PASSED] - markPassed("result service data ke : " + no): result service data ke : 13

2022-11-28 17:21:06 - [MESSAGE][PASSED] - result service data ke : 13

2022-11-28 17:21:06 - [TEST_STEP][PASSED] - logInfo($response2): {"result_konsumen":"Reject","result_pasangan":"Approve","Final_result":"Reject","errorMessage":"","status":"Done"}

2022-11-28 17:21:06 - [MESSAGE][INFO] - {"result_konsumen":"Reject","result_pasangan":"Approve","Final_result":"Reject","errorMessage":"","status":"Done"}

2022-11-28 17:21:06 - [TEST_STEP][PASSED] - verifyElementPropertyValue(scoring, "Final_result", final_result): Verify element property value successfully

2022-11-28 17:21:06 - [MESSAGE][PASSED] - Verify element property value successfully]]></system-out>
         <system-err><![CDATA[]]></system-err>
      </testcase>
      <testcase name="Test Cases/Engine_Scoring/Engine Scoring" time="6.695" classname="Test Cases/Engine_Scoring/Engine Scoring" status="PASSED">
         <system-out><![CDATA[2022-11-28 17:21:06 - [TEST_CASE][PASSED] - Test Cases/Engine_Scoring/Engine Scoring: Test Cases/Engine_Scoring/Engine Scoring

2022-11-28 17:21:07 - [TEST_STEP][PASSED] - markPassed("Variasi data ke : " + no): Variasi data ke : 14

2022-11-28 17:21:07 - [MESSAGE][PASSED] - Variasi data ke : 14

2022-11-28 17:21:07 - [TEST_STEP][PASSED] - req_data = sendRequest(findTestObject("Search_ME", ["MID":MID, "source":source, "ip":ip, "userid":userid, "branch":branch, "tipekons":tipekons, "marital":marital, "penjamin":penjamin, ... ])): Send request successfully

2022-11-28 17:21:07 - [MESSAGE][INFO] - HAR: D:\DMS\Engine Scoring\Reports\20221128_171922\Exclude KKB - DS - Married\Scoring Married - DS\20221128_171923\requests\main\26.har

2022-11-28 17:21:07 - [MESSAGE][PASSED] - Send request successfully

2022-11-28 17:21:07 - [TEST_STEP][PASSED] - slurper = new groovy.json.JsonSlurper(): null

2022-11-28 17:21:07 - [TEST_STEP][PASSED] - result = slurper.parseText(req_data.getResponseBodyContent()): null

2022-11-28 17:21:07 - [TEST_STEP][PASSED] - reqid_kons = requestid1: null

2022-11-28 17:21:07 - [TEST_STEP][PASSED] - reqid_spouse = requestid2: null

2022-11-28 17:21:07 - [TEST_STEP][PASSED] - println("requestid kons : " + reqid_kons): null

2022-11-28 17:21:07 - [TEST_STEP][PASSED] - response_searchME_kons = reqid_kons: null

2022-11-28 17:21:07 - [TEST_STEP][PASSED] - response_searchME_spouse = reqid_spouse: null

2022-11-28 17:21:07 - [TEST_STEP][PASSED] - println("kons req id is :" + response_searchME_kons): null

2022-11-28 17:21:07 - [TEST_STEP][PASSED] - println("spouse req id is : " + response_searchME_spouse): null

2022-11-28 17:21:07 - [TEST_STEP][PASSED] - verifyResponseStatusCode(req_data, 200): Verify response status code successfully

2022-11-28 17:21:07 - [MESSAGE][PASSED] - Verify response status code successfully

2022-11-28 17:21:07 - [TEST_STEP][PASSED] - response = req_data.getResponseText(): null

2022-11-28 17:21:07 - [TEST_STEP][PASSED] - logInfo($response): {"status":"Done","data":{"requestid1":"256920","requestid2":"256921"}}

2022-11-28 17:21:07 - [MESSAGE][INFO] - {"status":"Done","data":{"requestid1":"256920","requestid2":"256921"}}

2022-11-28 17:21:07 - [TEST_STEP][PASSED] - delay(5): Delayed 5 second(s)

2022-11-28 17:21:12 - [MESSAGE][PASSED] - Delayed 5 second(s)

2022-11-28 17:21:12 - [TEST_STEP][PASSED] - scoring = sendRequest(findTestObject("EngineScore", ["response_searchME_kons":response_searchME_kons, "response_searchME_spouse":response_searchME_spouse])): Send request successfully

2022-11-28 17:21:13 - [MESSAGE][INFO] - HAR: D:\DMS\Engine Scoring\Reports\20221128_171922\Exclude KKB - DS - Married\Scoring Married - DS\20221128_171923\requests\main\27.har

2022-11-28 17:21:13 - [MESSAGE][PASSED] - Send request successfully

2022-11-28 17:21:13 - [TEST_STEP][PASSED] - verifyResponseStatusCode(scoring, 200): Verify response status code successfully

2022-11-28 17:21:13 - [MESSAGE][PASSED] - Verify response status code successfully

2022-11-28 17:21:13 - [TEST_STEP][PASSED] - response2 = scoring.getResponseText(): null

2022-11-28 17:21:13 - [TEST_STEP][PASSED] - markPassed("result service data ke : " + no): result service data ke : 14

2022-11-28 17:21:13 - [MESSAGE][PASSED] - result service data ke : 14

2022-11-28 17:21:13 - [TEST_STEP][PASSED] - logInfo($response2): {"result_konsumen":"Reject","result_pasangan":"Approve","Final_result":"Reject","errorMessage":"","status":"Done"}

2022-11-28 17:21:13 - [MESSAGE][INFO] - {"result_konsumen":"Reject","result_pasangan":"Approve","Final_result":"Reject","errorMessage":"","status":"Done"}

2022-11-28 17:21:13 - [TEST_STEP][PASSED] - verifyElementPropertyValue(scoring, "Final_result", final_result): Verify element property value successfully

2022-11-28 17:21:13 - [MESSAGE][PASSED] - Verify element property value successfully]]></system-out>
         <system-err><![CDATA[]]></system-err>
      </testcase>
      <testcase name="Test Cases/Engine_Scoring/Engine Scoring" time="7.791" classname="Test Cases/Engine_Scoring/Engine Scoring" status="PASSED">
         <system-out><![CDATA[2022-11-28 17:21:13 - [TEST_CASE][PASSED] - Test Cases/Engine_Scoring/Engine Scoring: Test Cases/Engine_Scoring/Engine Scoring

2022-11-28 17:21:13 - [TEST_STEP][PASSED] - markPassed("Variasi data ke : " + no): Variasi data ke : 15

2022-11-28 17:21:13 - [MESSAGE][PASSED] - Variasi data ke : 15

2022-11-28 17:21:13 - [TEST_STEP][PASSED] - req_data = sendRequest(findTestObject("Search_ME", ["MID":MID, "source":source, "ip":ip, "userid":userid, "branch":branch, "tipekons":tipekons, "marital":marital, "penjamin":penjamin, ... ])): Send request successfully

2022-11-28 17:21:15 - [MESSAGE][INFO] - HAR: D:\DMS\Engine Scoring\Reports\20221128_171922\Exclude KKB - DS - Married\Scoring Married - DS\20221128_171923\requests\main\28.har

2022-11-28 17:21:15 - [MESSAGE][PASSED] - Send request successfully

2022-11-28 17:21:15 - [TEST_STEP][PASSED] - slurper = new groovy.json.JsonSlurper(): null

2022-11-28 17:21:15 - [TEST_STEP][PASSED] - result = slurper.parseText(req_data.getResponseBodyContent()): null

2022-11-28 17:21:15 - [TEST_STEP][PASSED] - reqid_kons = requestid1: null

2022-11-28 17:21:15 - [TEST_STEP][PASSED] - reqid_spouse = requestid2: null

2022-11-28 17:21:15 - [TEST_STEP][PASSED] - println("requestid kons : " + reqid_kons): null

2022-11-28 17:21:15 - [TEST_STEP][PASSED] - response_searchME_kons = reqid_kons: null

2022-11-28 17:21:15 - [TEST_STEP][PASSED] - response_searchME_spouse = reqid_spouse: null

2022-11-28 17:21:15 - [TEST_STEP][PASSED] - println("kons req id is :" + response_searchME_kons): null

2022-11-28 17:21:15 - [TEST_STEP][PASSED] - println("spouse req id is : " + response_searchME_spouse): null

2022-11-28 17:21:15 - [TEST_STEP][PASSED] - verifyResponseStatusCode(req_data, 200): Verify response status code successfully

2022-11-28 17:21:15 - [MESSAGE][PASSED] - Verify response status code successfully

2022-11-28 17:21:15 - [TEST_STEP][PASSED] - response = req_data.getResponseText(): null

2022-11-28 17:21:15 - [TEST_STEP][PASSED] - logInfo($response): {"status":"Done","data":{"requestid1":"256922","requestid2":"256923"}}

2022-11-28 17:21:15 - [MESSAGE][INFO] - {"status":"Done","data":{"requestid1":"256922","requestid2":"256923"}}

2022-11-28 17:21:15 - [TEST_STEP][PASSED] - delay(5): Delayed 5 second(s)

2022-11-28 17:21:20 - [MESSAGE][PASSED] - Delayed 5 second(s)

2022-11-28 17:21:20 - [TEST_STEP][PASSED] - scoring = sendRequest(findTestObject("EngineScore", ["response_searchME_kons":response_searchME_kons, "response_searchME_spouse":response_searchME_spouse])): Send request successfully

2022-11-28 17:21:20 - [MESSAGE][INFO] - HAR: D:\DMS\Engine Scoring\Reports\20221128_171922\Exclude KKB - DS - Married\Scoring Married - DS\20221128_171923\requests\main\29.har

2022-11-28 17:21:20 - [MESSAGE][PASSED] - Send request successfully

2022-11-28 17:21:20 - [TEST_STEP][PASSED] - verifyResponseStatusCode(scoring, 200): Verify response status code successfully

2022-11-28 17:21:20 - [MESSAGE][PASSED] - Verify response status code successfully

2022-11-28 17:21:20 - [TEST_STEP][PASSED] - response2 = scoring.getResponseText(): null

2022-11-28 17:21:20 - [TEST_STEP][PASSED] - markPassed("result service data ke : " + no): result service data ke : 15

2022-11-28 17:21:20 - [MESSAGE][PASSED] - result service data ke : 15

2022-11-28 17:21:20 - [TEST_STEP][PASSED] - logInfo($response2): {"result_konsumen":"Reject","result_pasangan":"Approve","Final_result":"Reject","errorMessage":"","status":"Done"}

2022-11-28 17:21:20 - [MESSAGE][INFO] - {"result_konsumen":"Reject","result_pasangan":"Approve","Final_result":"Reject","errorMessage":"","status":"Done"}

2022-11-28 17:21:20 - [TEST_STEP][PASSED] - verifyElementPropertyValue(scoring, "Final_result", final_result): Verify element property value successfully

2022-11-28 17:21:20 - [MESSAGE][PASSED] - Verify element property value successfully]]></system-out>
         <system-err><![CDATA[]]></system-err>
      </testcase>
      <testcase name="Test Cases/Engine_Scoring/Engine Scoring" time="6.659" classname="Test Cases/Engine_Scoring/Engine Scoring" status="PASSED">
         <system-out><![CDATA[2022-11-28 17:21:21 - [TEST_CASE][PASSED] - Test Cases/Engine_Scoring/Engine Scoring: Test Cases/Engine_Scoring/Engine Scoring

2022-11-28 17:21:21 - [TEST_STEP][PASSED] - markPassed("Variasi data ke : " + no): Variasi data ke : 16

2022-11-28 17:21:21 - [MESSAGE][PASSED] - Variasi data ke : 16

2022-11-28 17:21:21 - [TEST_STEP][PASSED] - req_data = sendRequest(findTestObject("Search_ME", ["MID":MID, "source":source, "ip":ip, "userid":userid, "branch":branch, "tipekons":tipekons, "marital":marital, "penjamin":penjamin, ... ])): Send request successfully

2022-11-28 17:21:22 - [MESSAGE][INFO] - HAR: D:\DMS\Engine Scoring\Reports\20221128_171922\Exclude KKB - DS - Married\Scoring Married - DS\20221128_171923\requests\main\30.har

2022-11-28 17:21:22 - [MESSAGE][PASSED] - Send request successfully

2022-11-28 17:21:22 - [TEST_STEP][PASSED] - slurper = new groovy.json.JsonSlurper(): null

2022-11-28 17:21:22 - [TEST_STEP][PASSED] - result = slurper.parseText(req_data.getResponseBodyContent()): null

2022-11-28 17:21:22 - [TEST_STEP][PASSED] - reqid_kons = requestid1: null

2022-11-28 17:21:22 - [TEST_STEP][PASSED] - reqid_spouse = requestid2: null

2022-11-28 17:21:22 - [TEST_STEP][PASSED] - println("requestid kons : " + reqid_kons): null

2022-11-28 17:21:22 - [TEST_STEP][PASSED] - response_searchME_kons = reqid_kons: null

2022-11-28 17:21:22 - [TEST_STEP][PASSED] - response_searchME_spouse = reqid_spouse: null

2022-11-28 17:21:22 - [TEST_STEP][PASSED] - println("kons req id is :" + response_searchME_kons): null

2022-11-28 17:21:22 - [TEST_STEP][PASSED] - println("spouse req id is : " + response_searchME_spouse): null

2022-11-28 17:21:22 - [TEST_STEP][PASSED] - verifyResponseStatusCode(req_data, 200): Verify response status code successfully

2022-11-28 17:21:22 - [MESSAGE][PASSED] - Verify response status code successfully

2022-11-28 17:21:22 - [TEST_STEP][PASSED] - response = req_data.getResponseText(): null

2022-11-28 17:21:22 - [TEST_STEP][PASSED] - logInfo($response): {"status":"Done","data":{"requestid1":"256924","requestid2":"256925"}}

2022-11-28 17:21:22 - [MESSAGE][INFO] - {"status":"Done","data":{"requestid1":"256924","requestid2":"256925"}}

2022-11-28 17:21:22 - [TEST_STEP][PASSED] - delay(5): Delayed 5 second(s)

2022-11-28 17:21:27 - [MESSAGE][PASSED] - Delayed 5 second(s)

2022-11-28 17:21:27 - [TEST_STEP][PASSED] - scoring = sendRequest(findTestObject("EngineScore", ["response_searchME_kons":response_searchME_kons, "response_searchME_spouse":response_searchME_spouse])): Send request successfully

2022-11-28 17:21:27 - [MESSAGE][INFO] - HAR: D:\DMS\Engine Scoring\Reports\20221128_171922\Exclude KKB - DS - Married\Scoring Married - DS\20221128_171923\requests\main\31.har

2022-11-28 17:21:27 - [MESSAGE][PASSED] - Send request successfully

2022-11-28 17:21:27 - [TEST_STEP][PASSED] - verifyResponseStatusCode(scoring, 200): Verify response status code successfully

2022-11-28 17:21:27 - [MESSAGE][PASSED] - Verify response status code successfully

2022-11-28 17:21:27 - [TEST_STEP][PASSED] - response2 = scoring.getResponseText(): null

2022-11-28 17:21:27 - [TEST_STEP][PASSED] - markPassed("result service data ke : " + no): result service data ke : 16

2022-11-28 17:21:27 - [MESSAGE][PASSED] - result service data ke : 16

2022-11-28 17:21:27 - [TEST_STEP][PASSED] - logInfo($response2): {"result_konsumen":"Reject","result_pasangan":"Approve","Final_result":"Reject","errorMessage":"","status":"Done"}

2022-11-28 17:21:27 - [MESSAGE][INFO] - {"result_konsumen":"Reject","result_pasangan":"Approve","Final_result":"Reject","errorMessage":"","status":"Done"}

2022-11-28 17:21:27 - [TEST_STEP][PASSED] - verifyElementPropertyValue(scoring, "Final_result", final_result): Verify element property value successfully

2022-11-28 17:21:27 - [MESSAGE][PASSED] - Verify element property value successfully]]></system-out>
         <system-err><![CDATA[]]></system-err>
      </testcase>
      <testcase name="Test Cases/Engine_Scoring/Engine Scoring" time="6.74" classname="Test Cases/Engine_Scoring/Engine Scoring" status="PASSED">
         <system-out><![CDATA[2022-11-28 17:21:27 - [TEST_CASE][PASSED] - Test Cases/Engine_Scoring/Engine Scoring: Test Cases/Engine_Scoring/Engine Scoring

2022-11-28 17:21:28 - [TEST_STEP][PASSED] - markPassed("Variasi data ke : " + no): Variasi data ke : 17

2022-11-28 17:21:28 - [MESSAGE][PASSED] - Variasi data ke : 17

2022-11-28 17:21:28 - [TEST_STEP][PASSED] - req_data = sendRequest(findTestObject("Search_ME", ["MID":MID, "source":source, "ip":ip, "userid":userid, "branch":branch, "tipekons":tipekons, "marital":marital, "penjamin":penjamin, ... ])): Send request successfully

2022-11-28 17:21:29 - [MESSAGE][INFO] - HAR: D:\DMS\Engine Scoring\Reports\20221128_171922\Exclude KKB - DS - Married\Scoring Married - DS\20221128_171923\requests\main\32.har

2022-11-28 17:21:29 - [MESSAGE][PASSED] - Send request successfully

2022-11-28 17:21:29 - [TEST_STEP][PASSED] - slurper = new groovy.json.JsonSlurper(): null

2022-11-28 17:21:29 - [TEST_STEP][PASSED] - result = slurper.parseText(req_data.getResponseBodyContent()): null

2022-11-28 17:21:29 - [TEST_STEP][PASSED] - reqid_kons = requestid1: null

2022-11-28 17:21:29 - [TEST_STEP][PASSED] - reqid_spouse = requestid2: null

2022-11-28 17:21:29 - [TEST_STEP][PASSED] - println("requestid kons : " + reqid_kons): null

2022-11-28 17:21:29 - [TEST_STEP][PASSED] - response_searchME_kons = reqid_kons: null

2022-11-28 17:21:29 - [TEST_STEP][PASSED] - response_searchME_spouse = reqid_spouse: null

2022-11-28 17:21:29 - [TEST_STEP][PASSED] - println("kons req id is :" + response_searchME_kons): null

2022-11-28 17:21:29 - [TEST_STEP][PASSED] - println("spouse req id is : " + response_searchME_spouse): null

2022-11-28 17:21:29 - [TEST_STEP][PASSED] - verifyResponseStatusCode(req_data, 200): Verify response status code successfully

2022-11-28 17:21:29 - [MESSAGE][PASSED] - Verify response status code successfully

2022-11-28 17:21:29 - [TEST_STEP][PASSED] - response = req_data.getResponseText(): null

2022-11-28 17:21:29 - [TEST_STEP][PASSED] - logInfo($response): {"status":"Done","data":{"requestid1":"256926","requestid2":"256927"}}

2022-11-28 17:21:29 - [MESSAGE][INFO] - {"status":"Done","data":{"requestid1":"256926","requestid2":"256927"}}

2022-11-28 17:21:29 - [TEST_STEP][PASSED] - delay(5): Delayed 5 second(s)

2022-11-28 17:21:34 - [MESSAGE][PASSED] - Delayed 5 second(s)

2022-11-28 17:21:34 - [TEST_STEP][PASSED] - scoring = sendRequest(findTestObject("EngineScore", ["response_searchME_kons":response_searchME_kons, "response_searchME_spouse":response_searchME_spouse])): Send request successfully

2022-11-28 17:21:34 - [MESSAGE][INFO] - HAR: D:\DMS\Engine Scoring\Reports\20221128_171922\Exclude KKB - DS - Married\Scoring Married - DS\20221128_171923\requests\main\33.har

2022-11-28 17:21:34 - [MESSAGE][PASSED] - Send request successfully

2022-11-28 17:21:34 - [TEST_STEP][PASSED] - verifyResponseStatusCode(scoring, 200): Verify response status code successfully

2022-11-28 17:21:34 - [MESSAGE][PASSED] - Verify response status code successfully

2022-11-28 17:21:34 - [TEST_STEP][PASSED] - response2 = scoring.getResponseText(): null

2022-11-28 17:21:34 - [TEST_STEP][PASSED] - markPassed("result service data ke : " + no): result service data ke : 17

2022-11-28 17:21:34 - [MESSAGE][PASSED] - result service data ke : 17

2022-11-28 17:21:34 - [TEST_STEP][PASSED] - logInfo($response2): {"result_konsumen":"Reject","result_pasangan":"Reject","Final_result":"Reject","errorMessage":"","status":"Done"}

2022-11-28 17:21:34 - [MESSAGE][INFO] - {"result_konsumen":"Reject","result_pasangan":"Reject","Final_result":"Reject","errorMessage":"","status":"Done"}

2022-11-28 17:21:34 - [TEST_STEP][PASSED] - verifyElementPropertyValue(scoring, "Final_result", final_result): Verify element property value successfully

2022-11-28 17:21:34 - [MESSAGE][PASSED] - Verify element property value successfully]]></system-out>
         <system-err><![CDATA[]]></system-err>
      </testcase>
      <testcase name="Test Cases/Engine_Scoring/Engine Scoring" time="6.729" classname="Test Cases/Engine_Scoring/Engine Scoring" status="PASSED">
         <system-out><![CDATA[2022-11-28 17:21:34 - [TEST_CASE][PASSED] - Test Cases/Engine_Scoring/Engine Scoring: Test Cases/Engine_Scoring/Engine Scoring

2022-11-28 17:21:35 - [TEST_STEP][PASSED] - markPassed("Variasi data ke : " + no): Variasi data ke : 18

2022-11-28 17:21:35 - [MESSAGE][PASSED] - Variasi data ke : 18

2022-11-28 17:21:35 - [TEST_STEP][PASSED] - req_data = sendRequest(findTestObject("Search_ME", ["MID":MID, "source":source, "ip":ip, "userid":userid, "branch":branch, "tipekons":tipekons, "marital":marital, "penjamin":penjamin, ... ])): Send request successfully

2022-11-28 17:21:36 - [MESSAGE][INFO] - HAR: D:\DMS\Engine Scoring\Reports\20221128_171922\Exclude KKB - DS - Married\Scoring Married - DS\20221128_171923\requests\main\34.har

2022-11-28 17:21:36 - [MESSAGE][PASSED] - Send request successfully

2022-11-28 17:21:36 - [TEST_STEP][PASSED] - slurper = new groovy.json.JsonSlurper(): null

2022-11-28 17:21:36 - [TEST_STEP][PASSED] - result = slurper.parseText(req_data.getResponseBodyContent()): null

2022-11-28 17:21:36 - [TEST_STEP][PASSED] - reqid_kons = requestid1: null

2022-11-28 17:21:36 - [TEST_STEP][PASSED] - reqid_spouse = requestid2: null

2022-11-28 17:21:36 - [TEST_STEP][PASSED] - println("requestid kons : " + reqid_kons): null

2022-11-28 17:21:36 - [TEST_STEP][PASSED] - response_searchME_kons = reqid_kons: null

2022-11-28 17:21:36 - [TEST_STEP][PASSED] - response_searchME_spouse = reqid_spouse: null

2022-11-28 17:21:36 - [TEST_STEP][PASSED] - println("kons req id is :" + response_searchME_kons): null

2022-11-28 17:21:36 - [TEST_STEP][PASSED] - println("spouse req id is : " + response_searchME_spouse): null

2022-11-28 17:21:36 - [TEST_STEP][PASSED] - verifyResponseStatusCode(req_data, 200): Verify response status code successfully

2022-11-28 17:21:36 - [MESSAGE][PASSED] - Verify response status code successfully

2022-11-28 17:21:36 - [TEST_STEP][PASSED] - response = req_data.getResponseText(): null

2022-11-28 17:21:36 - [TEST_STEP][PASSED] - logInfo($response): {"status":"Done","data":{"requestid1":"256928","requestid2":"256929"}}

2022-11-28 17:21:36 - [MESSAGE][INFO] - {"status":"Done","data":{"requestid1":"256928","requestid2":"256929"}}

2022-11-28 17:21:36 - [TEST_STEP][PASSED] - delay(5): Delayed 5 second(s)

2022-11-28 17:21:41 - [MESSAGE][PASSED] - Delayed 5 second(s)

2022-11-28 17:21:41 - [TEST_STEP][PASSED] - scoring = sendRequest(findTestObject("EngineScore", ["response_searchME_kons":response_searchME_kons, "response_searchME_spouse":response_searchME_spouse])): Send request successfully

2022-11-28 17:21:41 - [MESSAGE][INFO] - HAR: D:\DMS\Engine Scoring\Reports\20221128_171922\Exclude KKB - DS - Married\Scoring Married - DS\20221128_171923\requests\main\35.har

2022-11-28 17:21:41 - [MESSAGE][PASSED] - Send request successfully

2022-11-28 17:21:41 - [TEST_STEP][PASSED] - verifyResponseStatusCode(scoring, 200): Verify response status code successfully

2022-11-28 17:21:41 - [MESSAGE][PASSED] - Verify response status code successfully

2022-11-28 17:21:41 - [TEST_STEP][PASSED] - response2 = scoring.getResponseText(): null

2022-11-28 17:21:41 - [TEST_STEP][PASSED] - markPassed("result service data ke : " + no): result service data ke : 18

2022-11-28 17:21:41 - [MESSAGE][PASSED] - result service data ke : 18

2022-11-28 17:21:41 - [TEST_STEP][PASSED] - logInfo($response2): {"result_konsumen":"Reject","result_pasangan":"Reject","Final_result":"Reject","errorMessage":"","status":"Done"}

2022-11-28 17:21:41 - [MESSAGE][INFO] - {"result_konsumen":"Reject","result_pasangan":"Reject","Final_result":"Reject","errorMessage":"","status":"Done"}

2022-11-28 17:21:41 - [TEST_STEP][PASSED] - verifyElementPropertyValue(scoring, "Final_result", final_result): Verify element property value successfully

2022-11-28 17:21:41 - [MESSAGE][PASSED] - Verify element property value successfully]]></system-out>
         <system-err><![CDATA[]]></system-err>
      </testcase>
      <testcase name="Test Cases/Engine_Scoring/Engine Scoring" time="6.538" classname="Test Cases/Engine_Scoring/Engine Scoring" status="PASSED">
         <system-out><![CDATA[2022-11-28 17:21:41 - [TEST_CASE][PASSED] - Test Cases/Engine_Scoring/Engine Scoring: Test Cases/Engine_Scoring/Engine Scoring

2022-11-28 17:21:42 - [TEST_STEP][PASSED] - markPassed("Variasi data ke : " + no): Variasi data ke : 19

2022-11-28 17:21:42 - [MESSAGE][PASSED] - Variasi data ke : 19

2022-11-28 17:21:42 - [TEST_STEP][PASSED] - req_data = sendRequest(findTestObject("Search_ME", ["MID":MID, "source":source, "ip":ip, "userid":userid, "branch":branch, "tipekons":tipekons, "marital":marital, "penjamin":penjamin, ... ])): Send request successfully

2022-11-28 17:21:42 - [MESSAGE][INFO] - HAR: D:\DMS\Engine Scoring\Reports\20221128_171922\Exclude KKB - DS - Married\Scoring Married - DS\20221128_171923\requests\main\36.har

2022-11-28 17:21:42 - [MESSAGE][PASSED] - Send request successfully

2022-11-28 17:21:42 - [TEST_STEP][PASSED] - slurper = new groovy.json.JsonSlurper(): null

2022-11-28 17:21:42 - [TEST_STEP][PASSED] - result = slurper.parseText(req_data.getResponseBodyContent()): null

2022-11-28 17:21:42 - [TEST_STEP][PASSED] - reqid_kons = requestid1: null

2022-11-28 17:21:42 - [TEST_STEP][PASSED] - reqid_spouse = requestid2: null

2022-11-28 17:21:42 - [TEST_STEP][PASSED] - println("requestid kons : " + reqid_kons): null

2022-11-28 17:21:42 - [TEST_STEP][PASSED] - response_searchME_kons = reqid_kons: null

2022-11-28 17:21:42 - [TEST_STEP][PASSED] - response_searchME_spouse = reqid_spouse: null

2022-11-28 17:21:42 - [TEST_STEP][PASSED] - println("kons req id is :" + response_searchME_kons): null

2022-11-28 17:21:42 - [TEST_STEP][PASSED] - println("spouse req id is : " + response_searchME_spouse): null

2022-11-28 17:21:42 - [TEST_STEP][PASSED] - verifyResponseStatusCode(req_data, 200): Verify response status code successfully

2022-11-28 17:21:42 - [MESSAGE][PASSED] - Verify response status code successfully

2022-11-28 17:21:42 - [TEST_STEP][PASSED] - response = req_data.getResponseText(): null

2022-11-28 17:21:42 - [TEST_STEP][PASSED] - logInfo($response): {"status":"Done","data":{"requestid1":"256930","requestid2":"256931"}}

2022-11-28 17:21:42 - [MESSAGE][INFO] - {"status":"Done","data":{"requestid1":"256930","requestid2":"256931"}}

2022-11-28 17:21:42 - [TEST_STEP][PASSED] - delay(5): Delayed 5 second(s)

2022-11-28 17:21:47 - [MESSAGE][PASSED] - Delayed 5 second(s)

2022-11-28 17:21:47 - [TEST_STEP][PASSED] - scoring = sendRequest(findTestObject("EngineScore", ["response_searchME_kons":response_searchME_kons, "response_searchME_spouse":response_searchME_spouse])): Send request successfully

2022-11-28 17:21:47 - [MESSAGE][INFO] - HAR: D:\DMS\Engine Scoring\Reports\20221128_171922\Exclude KKB - DS - Married\Scoring Married - DS\20221128_171923\requests\main\37.har

2022-11-28 17:21:47 - [MESSAGE][PASSED] - Send request successfully

2022-11-28 17:21:47 - [TEST_STEP][PASSED] - verifyResponseStatusCode(scoring, 200): Verify response status code successfully

2022-11-28 17:21:47 - [MESSAGE][PASSED] - Verify response status code successfully

2022-11-28 17:21:47 - [TEST_STEP][PASSED] - response2 = scoring.getResponseText(): null

2022-11-28 17:21:47 - [TEST_STEP][PASSED] - markPassed("result service data ke : " + no): result service data ke : 19

2022-11-28 17:21:47 - [MESSAGE][PASSED] - result service data ke : 19

2022-11-28 17:21:47 - [TEST_STEP][PASSED] - logInfo($response2): {"result_konsumen":"Reject","result_pasangan":"Reguler","Final_result":"Reject","errorMessage":"","status":"Done"}

2022-11-28 17:21:47 - [MESSAGE][INFO] - {"result_konsumen":"Reject","result_pasangan":"Reguler","Final_result":"Reject","errorMessage":"","status":"Done"}

2022-11-28 17:21:47 - [TEST_STEP][PASSED] - verifyElementPropertyValue(scoring, "Final_result", final_result): Verify element property value successfully

2022-11-28 17:21:47 - [MESSAGE][PASSED] - Verify element property value successfully]]></system-out>
         <system-err><![CDATA[]]></system-err>
      </testcase>
      <testcase name="Test Cases/Engine_Scoring/Engine Scoring" time="6.655" classname="Test Cases/Engine_Scoring/Engine Scoring" status="PASSED">
         <system-out><![CDATA[2022-11-28 17:21:47 - [TEST_CASE][PASSED] - Test Cases/Engine_Scoring/Engine Scoring: Test Cases/Engine_Scoring/Engine Scoring

2022-11-28 17:21:48 - [TEST_STEP][PASSED] - markPassed("Variasi data ke : " + no): Variasi data ke : 20

2022-11-28 17:21:48 - [MESSAGE][PASSED] - Variasi data ke : 20

2022-11-28 17:21:48 - [TEST_STEP][PASSED] - req_data = sendRequest(findTestObject("Search_ME", ["MID":MID, "source":source, "ip":ip, "userid":userid, "branch":branch, "tipekons":tipekons, "marital":marital, "penjamin":penjamin, ... ])): Send request successfully

2022-11-28 17:21:49 - [MESSAGE][INFO] - HAR: D:\DMS\Engine Scoring\Reports\20221128_171922\Exclude KKB - DS - Married\Scoring Married - DS\20221128_171923\requests\main\38.har

2022-11-28 17:21:49 - [MESSAGE][PASSED] - Send request successfully

2022-11-28 17:21:49 - [TEST_STEP][PASSED] - slurper = new groovy.json.JsonSlurper(): null

2022-11-28 17:21:49 - [TEST_STEP][PASSED] - result = slurper.parseText(req_data.getResponseBodyContent()): null

2022-11-28 17:21:49 - [TEST_STEP][PASSED] - reqid_kons = requestid1: null

2022-11-28 17:21:49 - [TEST_STEP][PASSED] - reqid_spouse = requestid2: null

2022-11-28 17:21:49 - [TEST_STEP][PASSED] - println("requestid kons : " + reqid_kons): null

2022-11-28 17:21:49 - [TEST_STEP][PASSED] - response_searchME_kons = reqid_kons: null

2022-11-28 17:21:49 - [TEST_STEP][PASSED] - response_searchME_spouse = reqid_spouse: null

2022-11-28 17:21:49 - [TEST_STEP][PASSED] - println("kons req id is :" + response_searchME_kons): null

2022-11-28 17:21:49 - [TEST_STEP][PASSED] - println("spouse req id is : " + response_searchME_spouse): null

2022-11-28 17:21:49 - [TEST_STEP][PASSED] - verifyResponseStatusCode(req_data, 200): Verify response status code successfully

2022-11-28 17:21:49 - [MESSAGE][PASSED] - Verify response status code successfully

2022-11-28 17:21:49 - [TEST_STEP][PASSED] - response = req_data.getResponseText(): null

2022-11-28 17:21:49 - [TEST_STEP][PASSED] - logInfo($response): {"status":"Done","data":{"requestid1":"256932","requestid2":"256933"}}

2022-11-28 17:21:49 - [MESSAGE][INFO] - {"status":"Done","data":{"requestid1":"256932","requestid2":"256933"}}

2022-11-28 17:21:49 - [TEST_STEP][PASSED] - delay(5): Delayed 5 second(s)

2022-11-28 17:21:54 - [MESSAGE][PASSED] - Delayed 5 second(s)

2022-11-28 17:21:54 - [TEST_STEP][PASSED] - scoring = sendRequest(findTestObject("EngineScore", ["response_searchME_kons":response_searchME_kons, "response_searchME_spouse":response_searchME_spouse])): Send request successfully

2022-11-28 17:21:54 - [MESSAGE][INFO] - HAR: D:\DMS\Engine Scoring\Reports\20221128_171922\Exclude KKB - DS - Married\Scoring Married - DS\20221128_171923\requests\main\39.har

2022-11-28 17:21:54 - [MESSAGE][PASSED] - Send request successfully

2022-11-28 17:21:54 - [TEST_STEP][PASSED] - verifyResponseStatusCode(scoring, 200): Verify response status code successfully

2022-11-28 17:21:54 - [MESSAGE][PASSED] - Verify response status code successfully

2022-11-28 17:21:54 - [TEST_STEP][PASSED] - response2 = scoring.getResponseText(): null

2022-11-28 17:21:54 - [TEST_STEP][PASSED] - markPassed("result service data ke : " + no): result service data ke : 20

2022-11-28 17:21:54 - [MESSAGE][PASSED] - result service data ke : 20

2022-11-28 17:21:54 - [TEST_STEP][PASSED] - logInfo($response2): {"result_konsumen":"Reject","result_pasangan":"Reguler","Final_result":"Reject","errorMessage":"","status":"Done"}

2022-11-28 17:21:54 - [MESSAGE][INFO] - {"result_konsumen":"Reject","result_pasangan":"Reguler","Final_result":"Reject","errorMessage":"","status":"Done"}

2022-11-28 17:21:54 - [TEST_STEP][PASSED] - verifyElementPropertyValue(scoring, "Final_result", final_result): Verify element property value successfully

2022-11-28 17:21:54 - [MESSAGE][PASSED] - Verify element property value successfully]]></system-out>
         <system-err><![CDATA[]]></system-err>
      </testcase>
      <testcase name="Test Cases/Engine_Scoring/Engine Scoring" time="6.622" classname="Test Cases/Engine_Scoring/Engine Scoring" status="PASSED">
         <system-out><![CDATA[2022-11-28 17:21:54 - [TEST_CASE][PASSED] - Test Cases/Engine_Scoring/Engine Scoring: Test Cases/Engine_Scoring/Engine Scoring

2022-11-28 17:21:55 - [TEST_STEP][PASSED] - markPassed("Variasi data ke : " + no): Variasi data ke : 21

2022-11-28 17:21:55 - [MESSAGE][PASSED] - Variasi data ke : 21

2022-11-28 17:21:55 - [TEST_STEP][PASSED] - req_data = sendRequest(findTestObject("Search_ME", ["MID":MID, "source":source, "ip":ip, "userid":userid, "branch":branch, "tipekons":tipekons, "marital":marital, "penjamin":penjamin, ... ])): Send request successfully

2022-11-28 17:21:56 - [MESSAGE][INFO] - HAR: D:\DMS\Engine Scoring\Reports\20221128_171922\Exclude KKB - DS - Married\Scoring Married - DS\20221128_171923\requests\main\40.har

2022-11-28 17:21:56 - [MESSAGE][PASSED] - Send request successfully

2022-11-28 17:21:56 - [TEST_STEP][PASSED] - slurper = new groovy.json.JsonSlurper(): null

2022-11-28 17:21:56 - [TEST_STEP][PASSED] - result = slurper.parseText(req_data.getResponseBodyContent()): null

2022-11-28 17:21:56 - [TEST_STEP][PASSED] - reqid_kons = requestid1: null

2022-11-28 17:21:56 - [TEST_STEP][PASSED] - reqid_spouse = requestid2: null

2022-11-28 17:21:56 - [TEST_STEP][PASSED] - println("requestid kons : " + reqid_kons): null

2022-11-28 17:21:56 - [TEST_STEP][PASSED] - response_searchME_kons = reqid_kons: null

2022-11-28 17:21:56 - [TEST_STEP][PASSED] - response_searchME_spouse = reqid_spouse: null

2022-11-28 17:21:56 - [TEST_STEP][PASSED] - println("kons req id is :" + response_searchME_kons): null

2022-11-28 17:21:56 - [TEST_STEP][PASSED] - println("spouse req id is : " + response_searchME_spouse): null

2022-11-28 17:21:56 - [TEST_STEP][PASSED] - verifyResponseStatusCode(req_data, 200): Verify response status code successfully

2022-11-28 17:21:56 - [MESSAGE][PASSED] - Verify response status code successfully

2022-11-28 17:21:56 - [TEST_STEP][PASSED] - response = req_data.getResponseText(): null

2022-11-28 17:21:56 - [TEST_STEP][PASSED] - logInfo($response): {"status":"Done","data":{"requestid1":"256934","requestid2":"256935"}}

2022-11-28 17:21:56 - [MESSAGE][INFO] - {"status":"Done","data":{"requestid1":"256934","requestid2":"256935"}}

2022-11-28 17:21:56 - [TEST_STEP][PASSED] - delay(5): Delayed 5 second(s)

2022-11-28 17:22:01 - [MESSAGE][PASSED] - Delayed 5 second(s)

2022-11-28 17:22:01 - [TEST_STEP][PASSED] - scoring = sendRequest(findTestObject("EngineScore", ["response_searchME_kons":response_searchME_kons, "response_searchME_spouse":response_searchME_spouse])): Send request successfully

2022-11-28 17:22:01 - [MESSAGE][INFO] - HAR: D:\DMS\Engine Scoring\Reports\20221128_171922\Exclude KKB - DS - Married\Scoring Married - DS\20221128_171923\requests\main\41.har

2022-11-28 17:22:01 - [MESSAGE][PASSED] - Send request successfully

2022-11-28 17:22:01 - [TEST_STEP][PASSED] - verifyResponseStatusCode(scoring, 200): Verify response status code successfully

2022-11-28 17:22:01 - [MESSAGE][PASSED] - Verify response status code successfully

2022-11-28 17:22:01 - [TEST_STEP][PASSED] - response2 = scoring.getResponseText(): null

2022-11-28 17:22:01 - [TEST_STEP][PASSED] - markPassed("result service data ke : " + no): result service data ke : 21

2022-11-28 17:22:01 - [MESSAGE][PASSED] - result service data ke : 21

2022-11-28 17:22:01 - [TEST_STEP][PASSED] - logInfo($response2): {"result_konsumen":"Reject","result_pasangan":"Reguler","Final_result":"Reject","errorMessage":"","status":"Done"}

2022-11-28 17:22:01 - [MESSAGE][INFO] - {"result_konsumen":"Reject","result_pasangan":"Reguler","Final_result":"Reject","errorMessage":"","status":"Done"}

2022-11-28 17:22:01 - [TEST_STEP][PASSED] - verifyElementPropertyValue(scoring, "Final_result", final_result): Verify element property value successfully

2022-11-28 17:22:01 - [MESSAGE][PASSED] - Verify element property value successfully]]></system-out>
         <system-err><![CDATA[]]></system-err>
      </testcase>
      <testcase name="Test Cases/Engine_Scoring/Engine Scoring" time="6.527" classname="Test Cases/Engine_Scoring/Engine Scoring" status="PASSED">
         <system-out><![CDATA[2022-11-28 17:22:01 - [TEST_CASE][PASSED] - Test Cases/Engine_Scoring/Engine Scoring: Test Cases/Engine_Scoring/Engine Scoring

2022-11-28 17:22:02 - [TEST_STEP][PASSED] - markPassed("Variasi data ke : " + no): Variasi data ke : 22

2022-11-28 17:22:02 - [MESSAGE][PASSED] - Variasi data ke : 22

2022-11-28 17:22:02 - [TEST_STEP][PASSED] - req_data = sendRequest(findTestObject("Search_ME", ["MID":MID, "source":source, "ip":ip, "userid":userid, "branch":branch, "tipekons":tipekons, "marital":marital, "penjamin":penjamin, ... ])): Send request successfully

2022-11-28 17:22:02 - [MESSAGE][INFO] - HAR: D:\DMS\Engine Scoring\Reports\20221128_171922\Exclude KKB - DS - Married\Scoring Married - DS\20221128_171923\requests\main\42.har

2022-11-28 17:22:02 - [MESSAGE][PASSED] - Send request successfully

2022-11-28 17:22:02 - [TEST_STEP][PASSED] - slurper = new groovy.json.JsonSlurper(): null

2022-11-28 17:22:02 - [TEST_STEP][PASSED] - result = slurper.parseText(req_data.getResponseBodyContent()): null

2022-11-28 17:22:02 - [TEST_STEP][PASSED] - reqid_kons = requestid1: null

2022-11-28 17:22:02 - [TEST_STEP][PASSED] - reqid_spouse = requestid2: null

2022-11-28 17:22:02 - [TEST_STEP][PASSED] - println("requestid kons : " + reqid_kons): null

2022-11-28 17:22:02 - [TEST_STEP][PASSED] - response_searchME_kons = reqid_kons: null

2022-11-28 17:22:02 - [TEST_STEP][PASSED] - response_searchME_spouse = reqid_spouse: null

2022-11-28 17:22:02 - [TEST_STEP][PASSED] - println("kons req id is :" + response_searchME_kons): null

2022-11-28 17:22:02 - [TEST_STEP][PASSED] - println("spouse req id is : " + response_searchME_spouse): null

2022-11-28 17:22:02 - [TEST_STEP][PASSED] - verifyResponseStatusCode(req_data, 200): Verify response status code successfully

2022-11-28 17:22:02 - [MESSAGE][PASSED] - Verify response status code successfully

2022-11-28 17:22:02 - [TEST_STEP][PASSED] - response = req_data.getResponseText(): null

2022-11-28 17:22:02 - [TEST_STEP][PASSED] - logInfo($response): {"status":"Done","data":{"requestid1":"256936","requestid2":"256937"}}

2022-11-28 17:22:02 - [MESSAGE][INFO] - {"status":"Done","data":{"requestid1":"256936","requestid2":"256937"}}

2022-11-28 17:22:02 - [TEST_STEP][PASSED] - delay(5): Delayed 5 second(s)

2022-11-28 17:22:07 - [MESSAGE][PASSED] - Delayed 5 second(s)

2022-11-28 17:22:07 - [TEST_STEP][PASSED] - scoring = sendRequest(findTestObject("EngineScore", ["response_searchME_kons":response_searchME_kons, "response_searchME_spouse":response_searchME_spouse])): Send request successfully

2022-11-28 17:22:07 - [MESSAGE][INFO] - HAR: D:\DMS\Engine Scoring\Reports\20221128_171922\Exclude KKB - DS - Married\Scoring Married - DS\20221128_171923\requests\main\43.har

2022-11-28 17:22:07 - [MESSAGE][PASSED] - Send request successfully

2022-11-28 17:22:07 - [TEST_STEP][PASSED] - verifyResponseStatusCode(scoring, 200): Verify response status code successfully

2022-11-28 17:22:07 - [MESSAGE][PASSED] - Verify response status code successfully

2022-11-28 17:22:07 - [TEST_STEP][PASSED] - response2 = scoring.getResponseText(): null

2022-11-28 17:22:07 - [TEST_STEP][PASSED] - markPassed("result service data ke : " + no): result service data ke : 22

2022-11-28 17:22:07 - [MESSAGE][PASSED] - result service data ke : 22

2022-11-28 17:22:07 - [TEST_STEP][PASSED] - logInfo($response2): {"result_konsumen":"Reject","result_pasangan":"Approve","Final_result":"Reject","errorMessage":"","status":"Done"}

2022-11-28 17:22:07 - [MESSAGE][INFO] - {"result_konsumen":"Reject","result_pasangan":"Approve","Final_result":"Reject","errorMessage":"","status":"Done"}

2022-11-28 17:22:07 - [TEST_STEP][PASSED] - verifyElementPropertyValue(scoring, "Final_result", final_result): Verify element property value successfully

2022-11-28 17:22:07 - [MESSAGE][PASSED] - Verify element property value successfully]]></system-out>
         <system-err><![CDATA[]]></system-err>
      </testcase>
      <testcase name="Test Cases/Engine_Scoring/Engine Scoring" time="7.658" classname="Test Cases/Engine_Scoring/Engine Scoring" status="PASSED">
         <system-out><![CDATA[2022-11-28 17:22:07 - [TEST_CASE][PASSED] - Test Cases/Engine_Scoring/Engine Scoring: Test Cases/Engine_Scoring/Engine Scoring

2022-11-28 17:22:08 - [TEST_STEP][PASSED] - markPassed("Variasi data ke : " + no): Variasi data ke : 23

2022-11-28 17:22:08 - [MESSAGE][PASSED] - Variasi data ke : 23

2022-11-28 17:22:08 - [TEST_STEP][PASSED] - req_data = sendRequest(findTestObject("Search_ME", ["MID":MID, "source":source, "ip":ip, "userid":userid, "branch":branch, "tipekons":tipekons, "marital":marital, "penjamin":penjamin, ... ])): Send request successfully

2022-11-28 17:22:09 - [MESSAGE][INFO] - HAR: D:\DMS\Engine Scoring\Reports\20221128_171922\Exclude KKB - DS - Married\Scoring Married - DS\20221128_171923\requests\main\44.har

2022-11-28 17:22:09 - [MESSAGE][PASSED] - Send request successfully

2022-11-28 17:22:09 - [TEST_STEP][PASSED] - slurper = new groovy.json.JsonSlurper(): null

2022-11-28 17:22:09 - [TEST_STEP][PASSED] - result = slurper.parseText(req_data.getResponseBodyContent()): null

2022-11-28 17:22:09 - [TEST_STEP][PASSED] - reqid_kons = requestid1: null

2022-11-28 17:22:09 - [TEST_STEP][PASSED] - reqid_spouse = requestid2: null

2022-11-28 17:22:09 - [TEST_STEP][PASSED] - println("requestid kons : " + reqid_kons): null

2022-11-28 17:22:09 - [TEST_STEP][PASSED] - response_searchME_kons = reqid_kons: null

2022-11-28 17:22:09 - [TEST_STEP][PASSED] - response_searchME_spouse = reqid_spouse: null

2022-11-28 17:22:09 - [TEST_STEP][PASSED] - println("kons req id is :" + response_searchME_kons): null

2022-11-28 17:22:09 - [TEST_STEP][PASSED] - println("spouse req id is : " + response_searchME_spouse): null

2022-11-28 17:22:09 - [TEST_STEP][PASSED] - verifyResponseStatusCode(req_data, 200): Verify response status code successfully

2022-11-28 17:22:09 - [MESSAGE][PASSED] - Verify response status code successfully

2022-11-28 17:22:09 - [TEST_STEP][PASSED] - response = req_data.getResponseText(): null

2022-11-28 17:22:09 - [TEST_STEP][PASSED] - logInfo($response): {"status":"Done","data":{"requestid1":"256938","requestid2":"256939"}}

2022-11-28 17:22:09 - [MESSAGE][INFO] - {"status":"Done","data":{"requestid1":"256938","requestid2":"256939"}}

2022-11-28 17:22:09 - [TEST_STEP][PASSED] - delay(5): Delayed 5 second(s)

2022-11-28 17:22:14 - [MESSAGE][PASSED] - Delayed 5 second(s)

2022-11-28 17:22:14 - [TEST_STEP][PASSED] - scoring = sendRequest(findTestObject("EngineScore", ["response_searchME_kons":response_searchME_kons, "response_searchME_spouse":response_searchME_spouse])): Send request successfully

2022-11-28 17:22:15 - [MESSAGE][INFO] - HAR: D:\DMS\Engine Scoring\Reports\20221128_171922\Exclude KKB - DS - Married\Scoring Married - DS\20221128_171923\requests\main\45.har

2022-11-28 17:22:15 - [MESSAGE][PASSED] - Send request successfully

2022-11-28 17:22:15 - [TEST_STEP][PASSED] - verifyResponseStatusCode(scoring, 200): Verify response status code successfully

2022-11-28 17:22:15 - [MESSAGE][PASSED] - Verify response status code successfully

2022-11-28 17:22:15 - [TEST_STEP][PASSED] - response2 = scoring.getResponseText(): null

2022-11-28 17:22:15 - [TEST_STEP][PASSED] - markPassed("result service data ke : " + no): result service data ke : 23

2022-11-28 17:22:15 - [MESSAGE][PASSED] - result service data ke : 23

2022-11-28 17:22:15 - [TEST_STEP][PASSED] - logInfo($response2): {"result_konsumen":"Reject","result_pasangan":"Approve","Final_result":"Reject","errorMessage":"","status":"Done"}

2022-11-28 17:22:15 - [MESSAGE][INFO] - {"result_konsumen":"Reject","result_pasangan":"Approve","Final_result":"Reject","errorMessage":"","status":"Done"}

2022-11-28 17:22:15 - [TEST_STEP][PASSED] - verifyElementPropertyValue(scoring, "Final_result", final_result): Verify element property value successfully

2022-11-28 17:22:15 - [MESSAGE][PASSED] - Verify element property value successfully]]></system-out>
         <system-err><![CDATA[]]></system-err>
      </testcase>
      <testcase name="Test Cases/Engine_Scoring/Engine Scoring" time="6.664" classname="Test Cases/Engine_Scoring/Engine Scoring" status="PASSED">
         <system-out><![CDATA[2022-11-28 17:22:15 - [TEST_CASE][PASSED] - Test Cases/Engine_Scoring/Engine Scoring: Test Cases/Engine_Scoring/Engine Scoring

2022-11-28 17:22:16 - [TEST_STEP][PASSED] - markPassed("Variasi data ke : " + no): Variasi data ke : 24

2022-11-28 17:22:16 - [MESSAGE][PASSED] - Variasi data ke : 24

2022-11-28 17:22:16 - [TEST_STEP][PASSED] - req_data = sendRequest(findTestObject("Search_ME", ["MID":MID, "source":source, "ip":ip, "userid":userid, "branch":branch, "tipekons":tipekons, "marital":marital, "penjamin":penjamin, ... ])): Send request successfully

2022-11-28 17:22:17 - [MESSAGE][INFO] - HAR: D:\DMS\Engine Scoring\Reports\20221128_171922\Exclude KKB - DS - Married\Scoring Married - DS\20221128_171923\requests\main\46.har

2022-11-28 17:22:17 - [MESSAGE][PASSED] - Send request successfully

2022-11-28 17:22:17 - [TEST_STEP][PASSED] - slurper = new groovy.json.JsonSlurper(): null

2022-11-28 17:22:17 - [TEST_STEP][PASSED] - result = slurper.parseText(req_data.getResponseBodyContent()): null

2022-11-28 17:22:17 - [TEST_STEP][PASSED] - reqid_kons = requestid1: null

2022-11-28 17:22:17 - [TEST_STEP][PASSED] - reqid_spouse = requestid2: null

2022-11-28 17:22:17 - [TEST_STEP][PASSED] - println("requestid kons : " + reqid_kons): null

2022-11-28 17:22:17 - [TEST_STEP][PASSED] - response_searchME_kons = reqid_kons: null

2022-11-28 17:22:17 - [TEST_STEP][PASSED] - response_searchME_spouse = reqid_spouse: null

2022-11-28 17:22:17 - [TEST_STEP][PASSED] - println("kons req id is :" + response_searchME_kons): null

2022-11-28 17:22:17 - [TEST_STEP][PASSED] - println("spouse req id is : " + response_searchME_spouse): null

2022-11-28 17:22:17 - [TEST_STEP][PASSED] - verifyResponseStatusCode(req_data, 200): Verify response status code successfully

2022-11-28 17:22:17 - [MESSAGE][PASSED] - Verify response status code successfully

2022-11-28 17:22:17 - [TEST_STEP][PASSED] - response = req_data.getResponseText(): null

2022-11-28 17:22:17 - [TEST_STEP][PASSED] - logInfo($response): {"status":"Done","data":{"requestid1":"256940","requestid2":"256941"}}

2022-11-28 17:22:17 - [MESSAGE][INFO] - {"status":"Done","data":{"requestid1":"256940","requestid2":"256941"}}

2022-11-28 17:22:17 - [TEST_STEP][PASSED] - delay(5): Delayed 5 second(s)

2022-11-28 17:22:22 - [MESSAGE][PASSED] - Delayed 5 second(s)

2022-11-28 17:22:22 - [TEST_STEP][PASSED] - scoring = sendRequest(findTestObject("EngineScore", ["response_searchME_kons":response_searchME_kons, "response_searchME_spouse":response_searchME_spouse])): Send request successfully

2022-11-28 17:22:22 - [MESSAGE][INFO] - HAR: D:\DMS\Engine Scoring\Reports\20221128_171922\Exclude KKB - DS - Married\Scoring Married - DS\20221128_171923\requests\main\47.har

2022-11-28 17:22:22 - [MESSAGE][PASSED] - Send request successfully

2022-11-28 17:22:22 - [TEST_STEP][PASSED] - verifyResponseStatusCode(scoring, 200): Verify response status code successfully

2022-11-28 17:22:22 - [MESSAGE][PASSED] - Verify response status code successfully

2022-11-28 17:22:22 - [TEST_STEP][PASSED] - response2 = scoring.getResponseText(): null

2022-11-28 17:22:22 - [TEST_STEP][PASSED] - markPassed("result service data ke : " + no): result service data ke : 24

2022-11-28 17:22:22 - [MESSAGE][PASSED] - result service data ke : 24

2022-11-28 17:22:22 - [TEST_STEP][PASSED] - logInfo($response2): {"result_konsumen":"Reject","result_pasangan":"Approve","Final_result":"Reject","errorMessage":"","status":"Done"}

2022-11-28 17:22:22 - [MESSAGE][INFO] - {"result_konsumen":"Reject","result_pasangan":"Approve","Final_result":"Reject","errorMessage":"","status":"Done"}

2022-11-28 17:22:22 - [TEST_STEP][PASSED] - verifyElementPropertyValue(scoring, "Final_result", final_result): Verify element property value successfully

2022-11-28 17:22:22 - [MESSAGE][PASSED] - Verify element property value successfully]]></system-out>
         <system-err><![CDATA[]]></system-err>
      </testcase>
      <testcase name="Test Cases/Engine_Scoring/Engine Scoring" time="6.624" classname="Test Cases/Engine_Scoring/Engine Scoring" status="PASSED">
         <system-out><![CDATA[2022-11-28 17:22:22 - [TEST_CASE][PASSED] - Test Cases/Engine_Scoring/Engine Scoring: Test Cases/Engine_Scoring/Engine Scoring

2022-11-28 17:22:23 - [TEST_STEP][PASSED] - markPassed("Variasi data ke : " + no): Variasi data ke : 25

2022-11-28 17:22:23 - [MESSAGE][PASSED] - Variasi data ke : 25

2022-11-28 17:22:23 - [TEST_STEP][PASSED] - req_data = sendRequest(findTestObject("Search_ME", ["MID":MID, "source":source, "ip":ip, "userid":userid, "branch":branch, "tipekons":tipekons, "marital":marital, "penjamin":penjamin, ... ])): Send request successfully

2022-11-28 17:22:23 - [MESSAGE][INFO] - HAR: D:\DMS\Engine Scoring\Reports\20221128_171922\Exclude KKB - DS - Married\Scoring Married - DS\20221128_171923\requests\main\48.har

2022-11-28 17:22:23 - [MESSAGE][PASSED] - Send request successfully

2022-11-28 17:22:23 - [TEST_STEP][PASSED] - slurper = new groovy.json.JsonSlurper(): null

2022-11-28 17:22:23 - [TEST_STEP][PASSED] - result = slurper.parseText(req_data.getResponseBodyContent()): null

2022-11-28 17:22:23 - [TEST_STEP][PASSED] - reqid_kons = requestid1: null

2022-11-28 17:22:23 - [TEST_STEP][PASSED] - reqid_spouse = requestid2: null

2022-11-28 17:22:23 - [TEST_STEP][PASSED] - println("requestid kons : " + reqid_kons): null

2022-11-28 17:22:23 - [TEST_STEP][PASSED] - response_searchME_kons = reqid_kons: null

2022-11-28 17:22:23 - [TEST_STEP][PASSED] - response_searchME_spouse = reqid_spouse: null

2022-11-28 17:22:23 - [TEST_STEP][PASSED] - println("kons req id is :" + response_searchME_kons): null

2022-11-28 17:22:23 - [TEST_STEP][PASSED] - println("spouse req id is : " + response_searchME_spouse): null

2022-11-28 17:22:23 - [TEST_STEP][PASSED] - verifyResponseStatusCode(req_data, 200): Verify response status code successfully

2022-11-28 17:22:23 - [MESSAGE][PASSED] - Verify response status code successfully

2022-11-28 17:22:23 - [TEST_STEP][PASSED] - response = req_data.getResponseText(): null

2022-11-28 17:22:23 - [TEST_STEP][PASSED] - logInfo($response): {"status":"Done","data":{"requestid1":"256942","requestid2":"256943"}}

2022-11-28 17:22:23 - [MESSAGE][INFO] - {"status":"Done","data":{"requestid1":"256942","requestid2":"256943"}}

2022-11-28 17:22:23 - [TEST_STEP][PASSED] - delay(5): Delayed 5 second(s)

2022-11-28 17:22:28 - [MESSAGE][PASSED] - Delayed 5 second(s)

2022-11-28 17:22:28 - [TEST_STEP][PASSED] - scoring = sendRequest(findTestObject("EngineScore", ["response_searchME_kons":response_searchME_kons, "response_searchME_spouse":response_searchME_spouse])): Send request successfully

2022-11-28 17:22:28 - [MESSAGE][INFO] - HAR: D:\DMS\Engine Scoring\Reports\20221128_171922\Exclude KKB - DS - Married\Scoring Married - DS\20221128_171923\requests\main\49.har

2022-11-28 17:22:28 - [MESSAGE][PASSED] - Send request successfully

2022-11-28 17:22:28 - [TEST_STEP][PASSED] - verifyResponseStatusCode(scoring, 200): Verify response status code successfully

2022-11-28 17:22:28 - [MESSAGE][PASSED] - Verify response status code successfully

2022-11-28 17:22:28 - [TEST_STEP][PASSED] - response2 = scoring.getResponseText(): null

2022-11-28 17:22:28 - [TEST_STEP][PASSED] - markPassed("result service data ke : " + no): result service data ke : 25

2022-11-28 17:22:28 - [MESSAGE][PASSED] - result service data ke : 25

2022-11-28 17:22:28 - [TEST_STEP][PASSED] - logInfo($response2): {"result_konsumen":"Reject","result_pasangan":"Approve","Final_result":"Reject","errorMessage":"","status":"Done"}

2022-11-28 17:22:28 - [MESSAGE][INFO] - {"result_konsumen":"Reject","result_pasangan":"Approve","Final_result":"Reject","errorMessage":"","status":"Done"}

2022-11-28 17:22:28 - [TEST_STEP][PASSED] - verifyElementPropertyValue(scoring, "Final_result", final_result): Verify element property value successfully

2022-11-28 17:22:28 - [MESSAGE][PASSED] - Verify element property value successfully]]></system-out>
         <system-err><![CDATA[]]></system-err>
      </testcase>
      <testcase name="Test Cases/Engine_Scoring/Engine Scoring" time="6.658" classname="Test Cases/Engine_Scoring/Engine Scoring" status="PASSED">
         <system-out><![CDATA[2022-11-28 17:22:29 - [TEST_CASE][PASSED] - Test Cases/Engine_Scoring/Engine Scoring: Test Cases/Engine_Scoring/Engine Scoring

2022-11-28 17:22:29 - [TEST_STEP][PASSED] - markPassed("Variasi data ke : " + no): Variasi data ke : 26

2022-11-28 17:22:29 - [MESSAGE][PASSED] - Variasi data ke : 26

2022-11-28 17:22:29 - [TEST_STEP][PASSED] - req_data = sendRequest(findTestObject("Search_ME", ["MID":MID, "source":source, "ip":ip, "userid":userid, "branch":branch, "tipekons":tipekons, "marital":marital, "penjamin":penjamin, ... ])): Send request successfully

2022-11-28 17:22:30 - [MESSAGE][INFO] - HAR: D:\DMS\Engine Scoring\Reports\20221128_171922\Exclude KKB - DS - Married\Scoring Married - DS\20221128_171923\requests\main\50.har

2022-11-28 17:22:30 - [MESSAGE][PASSED] - Send request successfully

2022-11-28 17:22:30 - [TEST_STEP][PASSED] - slurper = new groovy.json.JsonSlurper(): null

2022-11-28 17:22:30 - [TEST_STEP][PASSED] - result = slurper.parseText(req_data.getResponseBodyContent()): null

2022-11-28 17:22:30 - [TEST_STEP][PASSED] - reqid_kons = requestid1: null

2022-11-28 17:22:30 - [TEST_STEP][PASSED] - reqid_spouse = requestid2: null

2022-11-28 17:22:30 - [TEST_STEP][PASSED] - println("requestid kons : " + reqid_kons): null

2022-11-28 17:22:30 - [TEST_STEP][PASSED] - response_searchME_kons = reqid_kons: null

2022-11-28 17:22:30 - [TEST_STEP][PASSED] - response_searchME_spouse = reqid_spouse: null

2022-11-28 17:22:30 - [TEST_STEP][PASSED] - println("kons req id is :" + response_searchME_kons): null

2022-11-28 17:22:30 - [TEST_STEP][PASSED] - println("spouse req id is : " + response_searchME_spouse): null

2022-11-28 17:22:30 - [TEST_STEP][PASSED] - verifyResponseStatusCode(req_data, 200): Verify response status code successfully

2022-11-28 17:22:30 - [MESSAGE][PASSED] - Verify response status code successfully

2022-11-28 17:22:30 - [TEST_STEP][PASSED] - response = req_data.getResponseText(): null

2022-11-28 17:22:30 - [TEST_STEP][PASSED] - logInfo($response): {"status":"Done","data":{"requestid1":"256944","requestid2":"256945"}}

2022-11-28 17:22:30 - [MESSAGE][INFO] - {"status":"Done","data":{"requestid1":"256944","requestid2":"256945"}}

2022-11-28 17:22:30 - [TEST_STEP][PASSED] - delay(5): Delayed 5 second(s)

2022-11-28 17:22:35 - [MESSAGE][PASSED] - Delayed 5 second(s)

2022-11-28 17:22:35 - [TEST_STEP][PASSED] - scoring = sendRequest(findTestObject("EngineScore", ["response_searchME_kons":response_searchME_kons, "response_searchME_spouse":response_searchME_spouse])): Send request successfully

2022-11-28 17:22:35 - [MESSAGE][INFO] - HAR: D:\DMS\Engine Scoring\Reports\20221128_171922\Exclude KKB - DS - Married\Scoring Married - DS\20221128_171923\requests\main\51.har

2022-11-28 17:22:35 - [MESSAGE][PASSED] - Send request successfully

2022-11-28 17:22:35 - [TEST_STEP][PASSED] - verifyResponseStatusCode(scoring, 200): Verify response status code successfully

2022-11-28 17:22:35 - [MESSAGE][PASSED] - Verify response status code successfully

2022-11-28 17:22:35 - [TEST_STEP][PASSED] - response2 = scoring.getResponseText(): null

2022-11-28 17:22:35 - [TEST_STEP][PASSED] - markPassed("result service data ke : " + no): result service data ke : 26

2022-11-28 17:22:35 - [MESSAGE][PASSED] - result service data ke : 26

2022-11-28 17:22:35 - [TEST_STEP][PASSED] - logInfo($response2): {"result_konsumen":"Reject","result_pasangan":"Reject","Final_result":"Reject","errorMessage":"","status":"Done"}

2022-11-28 17:22:35 - [MESSAGE][INFO] - {"result_konsumen":"Reject","result_pasangan":"Reject","Final_result":"Reject","errorMessage":"","status":"Done"}

2022-11-28 17:22:35 - [TEST_STEP][PASSED] - verifyElementPropertyValue(scoring, "Final_result", final_result): Verify element property value successfully

2022-11-28 17:22:35 - [MESSAGE][PASSED] - Verify element property value successfully]]></system-out>
         <system-err><![CDATA[]]></system-err>
      </testcase>
      <testcase name="Test Cases/Engine_Scoring/Engine Scoring" time="6.617" classname="Test Cases/Engine_Scoring/Engine Scoring" status="PASSED">
         <system-out><![CDATA[2022-11-28 17:22:35 - [TEST_CASE][PASSED] - Test Cases/Engine_Scoring/Engine Scoring: Test Cases/Engine_Scoring/Engine Scoring

2022-11-28 17:22:36 - [TEST_STEP][PASSED] - markPassed("Variasi data ke : " + no): Variasi data ke : 27

2022-11-28 17:22:36 - [MESSAGE][PASSED] - Variasi data ke : 27

2022-11-28 17:22:36 - [TEST_STEP][PASSED] - req_data = sendRequest(findTestObject("Search_ME", ["MID":MID, "source":source, "ip":ip, "userid":userid, "branch":branch, "tipekons":tipekons, "marital":marital, "penjamin":penjamin, ... ])): Send request successfully

2022-11-28 17:22:37 - [MESSAGE][INFO] - HAR: D:\DMS\Engine Scoring\Reports\20221128_171922\Exclude KKB - DS - Married\Scoring Married - DS\20221128_171923\requests\main\52.har

2022-11-28 17:22:37 - [MESSAGE][PASSED] - Send request successfully

2022-11-28 17:22:37 - [TEST_STEP][PASSED] - slurper = new groovy.json.JsonSlurper(): null

2022-11-28 17:22:37 - [TEST_STEP][PASSED] - result = slurper.parseText(req_data.getResponseBodyContent()): null

2022-11-28 17:22:37 - [TEST_STEP][PASSED] - reqid_kons = requestid1: null

2022-11-28 17:22:37 - [TEST_STEP][PASSED] - reqid_spouse = requestid2: null

2022-11-28 17:22:37 - [TEST_STEP][PASSED] - println("requestid kons : " + reqid_kons): null

2022-11-28 17:22:37 - [TEST_STEP][PASSED] - response_searchME_kons = reqid_kons: null

2022-11-28 17:22:37 - [TEST_STEP][PASSED] - response_searchME_spouse = reqid_spouse: null

2022-11-28 17:22:37 - [TEST_STEP][PASSED] - println("kons req id is :" + response_searchME_kons): null

2022-11-28 17:22:37 - [TEST_STEP][PASSED] - println("spouse req id is : " + response_searchME_spouse): null

2022-11-28 17:22:37 - [TEST_STEP][PASSED] - verifyResponseStatusCode(req_data, 200): Verify response status code successfully

2022-11-28 17:22:37 - [MESSAGE][PASSED] - Verify response status code successfully

2022-11-28 17:22:37 - [TEST_STEP][PASSED] - response = req_data.getResponseText(): null

2022-11-28 17:22:37 - [TEST_STEP][PASSED] - logInfo($response): {"status":"Done","data":{"requestid1":"256946","requestid2":"256947"}}

2022-11-28 17:22:37 - [MESSAGE][INFO] - {"status":"Done","data":{"requestid1":"256946","requestid2":"256947"}}

2022-11-28 17:22:37 - [TEST_STEP][PASSED] - delay(5): Delayed 5 second(s)

2022-11-28 17:22:42 - [MESSAGE][PASSED] - Delayed 5 second(s)

2022-11-28 17:22:42 - [TEST_STEP][PASSED] - scoring = sendRequest(findTestObject("EngineScore", ["response_searchME_kons":response_searchME_kons, "response_searchME_spouse":response_searchME_spouse])): Send request successfully

2022-11-28 17:22:42 - [MESSAGE][INFO] - HAR: D:\DMS\Engine Scoring\Reports\20221128_171922\Exclude KKB - DS - Married\Scoring Married - DS\20221128_171923\requests\main\53.har

2022-11-28 17:22:42 - [MESSAGE][PASSED] - Send request successfully

2022-11-28 17:22:42 - [TEST_STEP][PASSED] - verifyResponseStatusCode(scoring, 200): Verify response status code successfully

2022-11-28 17:22:42 - [MESSAGE][PASSED] - Verify response status code successfully

2022-11-28 17:22:42 - [TEST_STEP][PASSED] - response2 = scoring.getResponseText(): null

2022-11-28 17:22:42 - [TEST_STEP][PASSED] - markPassed("result service data ke : " + no): result service data ke : 27

2022-11-28 17:22:42 - [MESSAGE][PASSED] - result service data ke : 27

2022-11-28 17:22:42 - [TEST_STEP][PASSED] - logInfo($response2): {"result_konsumen":"Reject","result_pasangan":"Reject","Final_result":"Reject","errorMessage":"","status":"Done"}

2022-11-28 17:22:42 - [MESSAGE][INFO] - {"result_konsumen":"Reject","result_pasangan":"Reject","Final_result":"Reject","errorMessage":"","status":"Done"}

2022-11-28 17:22:42 - [TEST_STEP][PASSED] - verifyElementPropertyValue(scoring, "Final_result", final_result): Verify element property value successfully

2022-11-28 17:22:42 - [MESSAGE][PASSED] - Verify element property value successfully]]></system-out>
         <system-err><![CDATA[]]></system-err>
      </testcase>
      <testcase name="Test Cases/Engine_Scoring/Engine Scoring" time="6.559" classname="Test Cases/Engine_Scoring/Engine Scoring" status="PASSED">
         <system-out><![CDATA[2022-11-28 17:22:42 - [TEST_CASE][PASSED] - Test Cases/Engine_Scoring/Engine Scoring: Test Cases/Engine_Scoring/Engine Scoring

2022-11-28 17:22:43 - [TEST_STEP][PASSED] - markPassed("Variasi data ke : " + no): Variasi data ke : 28

2022-11-28 17:22:43 - [MESSAGE][PASSED] - Variasi data ke : 28

2022-11-28 17:22:43 - [TEST_STEP][PASSED] - req_data = sendRequest(findTestObject("Search_ME", ["MID":MID, "source":source, "ip":ip, "userid":userid, "branch":branch, "tipekons":tipekons, "marital":marital, "penjamin":penjamin, ... ])): Send request successfully

2022-11-28 17:22:43 - [MESSAGE][INFO] - HAR: D:\DMS\Engine Scoring\Reports\20221128_171922\Exclude KKB - DS - Married\Scoring Married - DS\20221128_171923\requests\main\54.har

2022-11-28 17:22:43 - [MESSAGE][PASSED] - Send request successfully

2022-11-28 17:22:43 - [TEST_STEP][PASSED] - slurper = new groovy.json.JsonSlurper(): null

2022-11-28 17:22:43 - [TEST_STEP][PASSED] - result = slurper.parseText(req_data.getResponseBodyContent()): null

2022-11-28 17:22:43 - [TEST_STEP][PASSED] - reqid_kons = requestid1: null

2022-11-28 17:22:43 - [TEST_STEP][PASSED] - reqid_spouse = requestid2: null

2022-11-28 17:22:43 - [TEST_STEP][PASSED] - println("requestid kons : " + reqid_kons): null

2022-11-28 17:22:43 - [TEST_STEP][PASSED] - response_searchME_kons = reqid_kons: null

2022-11-28 17:22:43 - [TEST_STEP][PASSED] - response_searchME_spouse = reqid_spouse: null

2022-11-28 17:22:43 - [TEST_STEP][PASSED] - println("kons req id is :" + response_searchME_kons): null

2022-11-28 17:22:43 - [TEST_STEP][PASSED] - println("spouse req id is : " + response_searchME_spouse): null

2022-11-28 17:22:43 - [TEST_STEP][PASSED] - verifyResponseStatusCode(req_data, 200): Verify response status code successfully

2022-11-28 17:22:43 - [MESSAGE][PASSED] - Verify response status code successfully

2022-11-28 17:22:43 - [TEST_STEP][PASSED] - response = req_data.getResponseText(): null

2022-11-28 17:22:43 - [TEST_STEP][PASSED] - logInfo($response): {"status":"Done","data":{"requestid1":"256948","requestid2":"256949"}}

2022-11-28 17:22:43 - [MESSAGE][INFO] - {"status":"Done","data":{"requestid1":"256948","requestid2":"256949"}}

2022-11-28 17:22:43 - [TEST_STEP][PASSED] - delay(5): Delayed 5 second(s)

2022-11-28 17:22:48 - [MESSAGE][PASSED] - Delayed 5 second(s)

2022-11-28 17:22:48 - [TEST_STEP][PASSED] - scoring = sendRequest(findTestObject("EngineScore", ["response_searchME_kons":response_searchME_kons, "response_searchME_spouse":response_searchME_spouse])): Send request successfully

2022-11-28 17:22:48 - [MESSAGE][INFO] - HAR: D:\DMS\Engine Scoring\Reports\20221128_171922\Exclude KKB - DS - Married\Scoring Married - DS\20221128_171923\requests\main\55.har

2022-11-28 17:22:48 - [MESSAGE][PASSED] - Send request successfully

2022-11-28 17:22:48 - [TEST_STEP][PASSED] - verifyResponseStatusCode(scoring, 200): Verify response status code successfully

2022-11-28 17:22:48 - [MESSAGE][PASSED] - Verify response status code successfully

2022-11-28 17:22:48 - [TEST_STEP][PASSED] - response2 = scoring.getResponseText(): null

2022-11-28 17:22:48 - [TEST_STEP][PASSED] - markPassed("result service data ke : " + no): result service data ke : 28

2022-11-28 17:22:48 - [MESSAGE][PASSED] - result service data ke : 28

2022-11-28 17:22:48 - [TEST_STEP][PASSED] - logInfo($response2): {"result_konsumen":"Reject","result_pasangan":"Reguler","Final_result":"Reject","errorMessage":"","status":"Done"}

2022-11-28 17:22:48 - [MESSAGE][INFO] - {"result_konsumen":"Reject","result_pasangan":"Reguler","Final_result":"Reject","errorMessage":"","status":"Done"}

2022-11-28 17:22:48 - [TEST_STEP][PASSED] - verifyElementPropertyValue(scoring, "Final_result", final_result): Verify element property value successfully

2022-11-28 17:22:48 - [MESSAGE][PASSED] - Verify element property value successfully]]></system-out>
         <system-err><![CDATA[]]></system-err>
      </testcase>
      <testcase name="Test Cases/Engine_Scoring/Engine Scoring" time="6.627" classname="Test Cases/Engine_Scoring/Engine Scoring" status="PASSED">
         <system-out><![CDATA[2022-11-28 17:22:49 - [TEST_CASE][PASSED] - Test Cases/Engine_Scoring/Engine Scoring: Test Cases/Engine_Scoring/Engine Scoring

2022-11-28 17:22:49 - [TEST_STEP][PASSED] - markPassed("Variasi data ke : " + no): Variasi data ke : 29

2022-11-28 17:22:49 - [MESSAGE][PASSED] - Variasi data ke : 29

2022-11-28 17:22:49 - [TEST_STEP][PASSED] - req_data = sendRequest(findTestObject("Search_ME", ["MID":MID, "source":source, "ip":ip, "userid":userid, "branch":branch, "tipekons":tipekons, "marital":marital, "penjamin":penjamin, ... ])): Send request successfully

2022-11-28 17:22:50 - [MESSAGE][INFO] - HAR: D:\DMS\Engine Scoring\Reports\20221128_171922\Exclude KKB - DS - Married\Scoring Married - DS\20221128_171923\requests\main\56.har

2022-11-28 17:22:50 - [MESSAGE][PASSED] - Send request successfully

2022-11-28 17:22:50 - [TEST_STEP][PASSED] - slurper = new groovy.json.JsonSlurper(): null

2022-11-28 17:22:50 - [TEST_STEP][PASSED] - result = slurper.parseText(req_data.getResponseBodyContent()): null

2022-11-28 17:22:50 - [TEST_STEP][PASSED] - reqid_kons = requestid1: null

2022-11-28 17:22:50 - [TEST_STEP][PASSED] - reqid_spouse = requestid2: null

2022-11-28 17:22:50 - [TEST_STEP][PASSED] - println("requestid kons : " + reqid_kons): null

2022-11-28 17:22:50 - [TEST_STEP][PASSED] - response_searchME_kons = reqid_kons: null

2022-11-28 17:22:50 - [TEST_STEP][PASSED] - response_searchME_spouse = reqid_spouse: null

2022-11-28 17:22:50 - [TEST_STEP][PASSED] - println("kons req id is :" + response_searchME_kons): null

2022-11-28 17:22:50 - [TEST_STEP][PASSED] - println("spouse req id is : " + response_searchME_spouse): null

2022-11-28 17:22:50 - [TEST_STEP][PASSED] - verifyResponseStatusCode(req_data, 200): Verify response status code successfully

2022-11-28 17:22:50 - [MESSAGE][PASSED] - Verify response status code successfully

2022-11-28 17:22:50 - [TEST_STEP][PASSED] - response = req_data.getResponseText(): null

2022-11-28 17:22:50 - [TEST_STEP][PASSED] - logInfo($response): {"status":"Done","data":{"requestid1":"256950","requestid2":"256951"}}

2022-11-28 17:22:50 - [MESSAGE][INFO] - {"status":"Done","data":{"requestid1":"256950","requestid2":"256951"}}

2022-11-28 17:22:50 - [TEST_STEP][PASSED] - delay(5): Delayed 5 second(s)

2022-11-28 17:22:55 - [MESSAGE][PASSED] - Delayed 5 second(s)

2022-11-28 17:22:55 - [TEST_STEP][PASSED] - scoring = sendRequest(findTestObject("EngineScore", ["response_searchME_kons":response_searchME_kons, "response_searchME_spouse":response_searchME_spouse])): Send request successfully

2022-11-28 17:22:55 - [MESSAGE][INFO] - HAR: D:\DMS\Engine Scoring\Reports\20221128_171922\Exclude KKB - DS - Married\Scoring Married - DS\20221128_171923\requests\main\57.har

2022-11-28 17:22:55 - [MESSAGE][PASSED] - Send request successfully

2022-11-28 17:22:55 - [TEST_STEP][PASSED] - verifyResponseStatusCode(scoring, 200): Verify response status code successfully

2022-11-28 17:22:55 - [MESSAGE][PASSED] - Verify response status code successfully

2022-11-28 17:22:55 - [TEST_STEP][PASSED] - response2 = scoring.getResponseText(): null

2022-11-28 17:22:55 - [TEST_STEP][PASSED] - markPassed("result service data ke : " + no): result service data ke : 29

2022-11-28 17:22:55 - [MESSAGE][PASSED] - result service data ke : 29

2022-11-28 17:22:55 - [TEST_STEP][PASSED] - logInfo($response2): {"result_konsumen":"Reject","result_pasangan":"Reguler","Final_result":"Reject","errorMessage":"","status":"Done"}

2022-11-28 17:22:55 - [MESSAGE][INFO] - {"result_konsumen":"Reject","result_pasangan":"Reguler","Final_result":"Reject","errorMessage":"","status":"Done"}

2022-11-28 17:22:55 - [TEST_STEP][PASSED] - verifyElementPropertyValue(scoring, "Final_result", final_result): Verify element property value successfully

2022-11-28 17:22:55 - [MESSAGE][PASSED] - Verify element property value successfully]]></system-out>
         <system-err><![CDATA[]]></system-err>
      </testcase>
      <testcase name="Test Cases/Engine_Scoring/Engine Scoring" time="6.992" classname="Test Cases/Engine_Scoring/Engine Scoring" status="PASSED">
         <system-out><![CDATA[2022-11-28 17:22:55 - [TEST_CASE][PASSED] - Test Cases/Engine_Scoring/Engine Scoring: Test Cases/Engine_Scoring/Engine Scoring

2022-11-28 17:22:56 - [TEST_STEP][PASSED] - markPassed("Variasi data ke : " + no): Variasi data ke : 30

2022-11-28 17:22:56 - [MESSAGE][PASSED] - Variasi data ke : 30

2022-11-28 17:22:56 - [TEST_STEP][PASSED] - req_data = sendRequest(findTestObject("Search_ME", ["MID":MID, "source":source, "ip":ip, "userid":userid, "branch":branch, "tipekons":tipekons, "marital":marital, "penjamin":penjamin, ... ])): Send request successfully

2022-11-28 17:22:57 - [MESSAGE][INFO] - HAR: D:\DMS\Engine Scoring\Reports\20221128_171922\Exclude KKB - DS - Married\Scoring Married - DS\20221128_171923\requests\main\58.har

2022-11-28 17:22:57 - [MESSAGE][PASSED] - Send request successfully

2022-11-28 17:22:57 - [TEST_STEP][PASSED] - slurper = new groovy.json.JsonSlurper(): null

2022-11-28 17:22:57 - [TEST_STEP][PASSED] - result = slurper.parseText(req_data.getResponseBodyContent()): null

2022-11-28 17:22:57 - [TEST_STEP][PASSED] - reqid_kons = requestid1: null

2022-11-28 17:22:57 - [TEST_STEP][PASSED] - reqid_spouse = requestid2: null

2022-11-28 17:22:57 - [TEST_STEP][PASSED] - println("requestid kons : " + reqid_kons): null

2022-11-28 17:22:57 - [TEST_STEP][PASSED] - response_searchME_kons = reqid_kons: null

2022-11-28 17:22:57 - [TEST_STEP][PASSED] - response_searchME_spouse = reqid_spouse: null

2022-11-28 17:22:57 - [TEST_STEP][PASSED] - println("kons req id is :" + response_searchME_kons): null

2022-11-28 17:22:57 - [TEST_STEP][PASSED] - println("spouse req id is : " + response_searchME_spouse): null

2022-11-28 17:22:57 - [TEST_STEP][PASSED] - verifyResponseStatusCode(req_data, 200): Verify response status code successfully

2022-11-28 17:22:57 - [MESSAGE][PASSED] - Verify response status code successfully

2022-11-28 17:22:57 - [TEST_STEP][PASSED] - response = req_data.getResponseText(): null

2022-11-28 17:22:57 - [TEST_STEP][PASSED] - logInfo($response): {"status":"Done","data":{"requestid1":"256952","requestid2":"256953"}}

2022-11-28 17:22:57 - [MESSAGE][INFO] - {"status":"Done","data":{"requestid1":"256952","requestid2":"256953"}}

2022-11-28 17:22:57 - [TEST_STEP][PASSED] - delay(5): Delayed 5 second(s)

2022-11-28 17:23:02 - [MESSAGE][PASSED] - Delayed 5 second(s)

2022-11-28 17:23:02 - [TEST_STEP][PASSED] - scoring = sendRequest(findTestObject("EngineScore", ["response_searchME_kons":response_searchME_kons, "response_searchME_spouse":response_searchME_spouse])): Send request successfully

2022-11-28 17:23:02 - [MESSAGE][INFO] - HAR: D:\DMS\Engine Scoring\Reports\20221128_171922\Exclude KKB - DS - Married\Scoring Married - DS\20221128_171923\requests\main\59.har

2022-11-28 17:23:02 - [MESSAGE][PASSED] - Send request successfully

2022-11-28 17:23:02 - [TEST_STEP][PASSED] - verifyResponseStatusCode(scoring, 200): Verify response status code successfully

2022-11-28 17:23:02 - [MESSAGE][PASSED] - Verify response status code successfully

2022-11-28 17:23:02 - [TEST_STEP][PASSED] - response2 = scoring.getResponseText(): null

2022-11-28 17:23:02 - [TEST_STEP][PASSED] - markPassed("result service data ke : " + no): result service data ke : 30

2022-11-28 17:23:02 - [MESSAGE][PASSED] - result service data ke : 30

2022-11-28 17:23:02 - [TEST_STEP][PASSED] - logInfo($response2): {"result_konsumen":"Reject","result_pasangan":"Reguler","Final_result":"Reject","errorMessage":"","status":"Done"}

2022-11-28 17:23:02 - [MESSAGE][INFO] - {"result_konsumen":"Reject","result_pasangan":"Reguler","Final_result":"Reject","errorMessage":"","status":"Done"}

2022-11-28 17:23:02 - [TEST_STEP][PASSED] - verifyElementPropertyValue(scoring, "Final_result", final_result): Verify element property value successfully

2022-11-28 17:23:02 - [MESSAGE][PASSED] - Verify element property value successfully]]></system-out>
         <system-err><![CDATA[]]></system-err>
      </testcase>
      <testcase name="Test Cases/Engine_Scoring/Engine Scoring" time="6.589" classname="Test Cases/Engine_Scoring/Engine Scoring" status="PASSED">
         <system-out><![CDATA[2022-11-28 17:23:02 - [TEST_CASE][PASSED] - Test Cases/Engine_Scoring/Engine Scoring: Test Cases/Engine_Scoring/Engine Scoring

2022-11-28 17:23:03 - [TEST_STEP][PASSED] - markPassed("Variasi data ke : " + no): Variasi data ke : 31

2022-11-28 17:23:03 - [MESSAGE][PASSED] - Variasi data ke : 31

2022-11-28 17:23:03 - [TEST_STEP][PASSED] - req_data = sendRequest(findTestObject("Search_ME", ["MID":MID, "source":source, "ip":ip, "userid":userid, "branch":branch, "tipekons":tipekons, "marital":marital, "penjamin":penjamin, ... ])): Send request successfully

2022-11-28 17:23:04 - [MESSAGE][INFO] - HAR: D:\DMS\Engine Scoring\Reports\20221128_171922\Exclude KKB - DS - Married\Scoring Married - DS\20221128_171923\requests\main\60.har

2022-11-28 17:23:04 - [MESSAGE][PASSED] - Send request successfully

2022-11-28 17:23:04 - [TEST_STEP][PASSED] - slurper = new groovy.json.JsonSlurper(): null

2022-11-28 17:23:04 - [TEST_STEP][PASSED] - result = slurper.parseText(req_data.getResponseBodyContent()): null

2022-11-28 17:23:04 - [TEST_STEP][PASSED] - reqid_kons = requestid1: null

2022-11-28 17:23:04 - [TEST_STEP][PASSED] - reqid_spouse = requestid2: null

2022-11-28 17:23:04 - [TEST_STEP][PASSED] - println("requestid kons : " + reqid_kons): null

2022-11-28 17:23:04 - [TEST_STEP][PASSED] - response_searchME_kons = reqid_kons: null

2022-11-28 17:23:04 - [TEST_STEP][PASSED] - response_searchME_spouse = reqid_spouse: null

2022-11-28 17:23:04 - [TEST_STEP][PASSED] - println("kons req id is :" + response_searchME_kons): null

2022-11-28 17:23:04 - [TEST_STEP][PASSED] - println("spouse req id is : " + response_searchME_spouse): null

2022-11-28 17:23:04 - [TEST_STEP][PASSED] - verifyResponseStatusCode(req_data, 200): Verify response status code successfully

2022-11-28 17:23:04 - [MESSAGE][PASSED] - Verify response status code successfully

2022-11-28 17:23:04 - [TEST_STEP][PASSED] - response = req_data.getResponseText(): null

2022-11-28 17:23:04 - [TEST_STEP][PASSED] - logInfo($response): {"status":"Done","data":{"requestid1":"256954","requestid2":"256955"}}

2022-11-28 17:23:04 - [MESSAGE][INFO] - {"status":"Done","data":{"requestid1":"256954","requestid2":"256955"}}

2022-11-28 17:23:04 - [TEST_STEP][PASSED] - delay(5): Delayed 5 second(s)

2022-11-28 17:23:09 - [MESSAGE][PASSED] - Delayed 5 second(s)

2022-11-28 17:23:09 - [TEST_STEP][PASSED] - scoring = sendRequest(findTestObject("EngineScore", ["response_searchME_kons":response_searchME_kons, "response_searchME_spouse":response_searchME_spouse])): Send request successfully

2022-11-28 17:23:09 - [MESSAGE][INFO] - HAR: D:\DMS\Engine Scoring\Reports\20221128_171922\Exclude KKB - DS - Married\Scoring Married - DS\20221128_171923\requests\main\61.har

2022-11-28 17:23:09 - [MESSAGE][PASSED] - Send request successfully

2022-11-28 17:23:09 - [TEST_STEP][PASSED] - verifyResponseStatusCode(scoring, 200): Verify response status code successfully

2022-11-28 17:23:09 - [MESSAGE][PASSED] - Verify response status code successfully

2022-11-28 17:23:09 - [TEST_STEP][PASSED] - response2 = scoring.getResponseText(): null

2022-11-28 17:23:09 - [TEST_STEP][PASSED] - markPassed("result service data ke : " + no): result service data ke : 31

2022-11-28 17:23:09 - [MESSAGE][PASSED] - result service data ke : 31

2022-11-28 17:23:09 - [TEST_STEP][PASSED] - logInfo($response2): {"result_konsumen":"Reguler","result_pasangan":"Reguler","Final_result":"Reguler","errorMessage":"","status":"Done"}

2022-11-28 17:23:09 - [MESSAGE][INFO] - {"result_konsumen":"Reguler","result_pasangan":"Reguler","Final_result":"Reguler","errorMessage":"","status":"Done"}

2022-11-28 17:23:09 - [TEST_STEP][PASSED] - verifyElementPropertyValue(scoring, "Final_result", final_result): Verify element property value successfully

2022-11-28 17:23:09 - [MESSAGE][PASSED] - Verify element property value successfully]]></system-out>
         <system-err><![CDATA[]]></system-err>
      </testcase>
      <testcase name="Test Cases/Engine_Scoring/Engine Scoring" time="6.686" classname="Test Cases/Engine_Scoring/Engine Scoring" status="PASSED">
         <system-out><![CDATA[2022-11-28 17:23:09 - [TEST_CASE][PASSED] - Test Cases/Engine_Scoring/Engine Scoring: Test Cases/Engine_Scoring/Engine Scoring

2022-11-28 17:23:10 - [TEST_STEP][PASSED] - markPassed("Variasi data ke : " + no): Variasi data ke : 32

2022-11-28 17:23:10 - [MESSAGE][PASSED] - Variasi data ke : 32

2022-11-28 17:23:10 - [TEST_STEP][PASSED] - req_data = sendRequest(findTestObject("Search_ME", ["MID":MID, "source":source, "ip":ip, "userid":userid, "branch":branch, "tipekons":tipekons, "marital":marital, "penjamin":penjamin, ... ])): Send request successfully

2022-11-28 17:23:10 - [MESSAGE][INFO] - HAR: D:\DMS\Engine Scoring\Reports\20221128_171922\Exclude KKB - DS - Married\Scoring Married - DS\20221128_171923\requests\main\62.har

2022-11-28 17:23:10 - [MESSAGE][PASSED] - Send request successfully

2022-11-28 17:23:10 - [TEST_STEP][PASSED] - slurper = new groovy.json.JsonSlurper(): null

2022-11-28 17:23:10 - [TEST_STEP][PASSED] - result = slurper.parseText(req_data.getResponseBodyContent()): null

2022-11-28 17:23:10 - [TEST_STEP][PASSED] - reqid_kons = requestid1: null

2022-11-28 17:23:10 - [TEST_STEP][PASSED] - reqid_spouse = requestid2: null

2022-11-28 17:23:10 - [TEST_STEP][PASSED] - println("requestid kons : " + reqid_kons): null

2022-11-28 17:23:10 - [TEST_STEP][PASSED] - response_searchME_kons = reqid_kons: null

2022-11-28 17:23:10 - [TEST_STEP][PASSED] - response_searchME_spouse = reqid_spouse: null

2022-11-28 17:23:10 - [TEST_STEP][PASSED] - println("kons req id is :" + response_searchME_kons): null

2022-11-28 17:23:10 - [TEST_STEP][PASSED] - println("spouse req id is : " + response_searchME_spouse): null

2022-11-28 17:23:10 - [TEST_STEP][PASSED] - verifyResponseStatusCode(req_data, 200): Verify response status code successfully

2022-11-28 17:23:10 - [MESSAGE][PASSED] - Verify response status code successfully

2022-11-28 17:23:10 - [TEST_STEP][PASSED] - response = req_data.getResponseText(): null

2022-11-28 17:23:10 - [TEST_STEP][PASSED] - logInfo($response): {"status":"Done","data":{"requestid1":"256956","requestid2":"256957"}}

2022-11-28 17:23:10 - [MESSAGE][INFO] - {"status":"Done","data":{"requestid1":"256956","requestid2":"256957"}}

2022-11-28 17:23:10 - [TEST_STEP][PASSED] - delay(5): Delayed 5 second(s)

2022-11-28 17:23:15 - [MESSAGE][PASSED] - Delayed 5 second(s)

2022-11-28 17:23:15 - [TEST_STEP][PASSED] - scoring = sendRequest(findTestObject("EngineScore", ["response_searchME_kons":response_searchME_kons, "response_searchME_spouse":response_searchME_spouse])): Send request successfully

2022-11-28 17:23:16 - [MESSAGE][INFO] - HAR: D:\DMS\Engine Scoring\Reports\20221128_171922\Exclude KKB - DS - Married\Scoring Married - DS\20221128_171923\requests\main\63.har

2022-11-28 17:23:16 - [MESSAGE][PASSED] - Send request successfully

2022-11-28 17:23:16 - [TEST_STEP][PASSED] - verifyResponseStatusCode(scoring, 200): Verify response status code successfully

2022-11-28 17:23:16 - [MESSAGE][PASSED] - Verify response status code successfully

2022-11-28 17:23:16 - [TEST_STEP][PASSED] - response2 = scoring.getResponseText(): null

2022-11-28 17:23:16 - [TEST_STEP][PASSED] - markPassed("result service data ke : " + no): result service data ke : 32

2022-11-28 17:23:16 - [MESSAGE][PASSED] - result service data ke : 32

2022-11-28 17:23:16 - [TEST_STEP][PASSED] - logInfo($response2): {"result_konsumen":"Reguler","result_pasangan":"Reguler","Final_result":"Reguler","errorMessage":"","status":"Done"}

2022-11-28 17:23:16 - [MESSAGE][INFO] - {"result_konsumen":"Reguler","result_pasangan":"Reguler","Final_result":"Reguler","errorMessage":"","status":"Done"}

2022-11-28 17:23:16 - [TEST_STEP][PASSED] - verifyElementPropertyValue(scoring, "Final_result", final_result): Verify element property value successfully

2022-11-28 17:23:16 - [MESSAGE][PASSED] - Verify element property value successfully]]></system-out>
         <system-err><![CDATA[]]></system-err>
      </testcase>
      <testcase name="Test Cases/Engine_Scoring/Engine Scoring" time="7.706" classname="Test Cases/Engine_Scoring/Engine Scoring" status="PASSED">
         <system-out><![CDATA[2022-11-28 17:23:16 - [TEST_CASE][PASSED] - Test Cases/Engine_Scoring/Engine Scoring: Test Cases/Engine_Scoring/Engine Scoring

2022-11-28 17:23:16 - [TEST_STEP][PASSED] - markPassed("Variasi data ke : " + no): Variasi data ke : 33

2022-11-28 17:23:16 - [MESSAGE][PASSED] - Variasi data ke : 33

2022-11-28 17:23:16 - [TEST_STEP][PASSED] - req_data = sendRequest(findTestObject("Search_ME", ["MID":MID, "source":source, "ip":ip, "userid":userid, "branch":branch, "tipekons":tipekons, "marital":marital, "penjamin":penjamin, ... ])): Send request successfully

2022-11-28 17:23:18 - [MESSAGE][INFO] - HAR: D:\DMS\Engine Scoring\Reports\20221128_171922\Exclude KKB - DS - Married\Scoring Married - DS\20221128_171923\requests\main\64.har

2022-11-28 17:23:18 - [MESSAGE][PASSED] - Send request successfully

2022-11-28 17:23:18 - [TEST_STEP][PASSED] - slurper = new groovy.json.JsonSlurper(): null

2022-11-28 17:23:18 - [TEST_STEP][PASSED] - result = slurper.parseText(req_data.getResponseBodyContent()): null

2022-11-28 17:23:18 - [TEST_STEP][PASSED] - reqid_kons = requestid1: null

2022-11-28 17:23:18 - [TEST_STEP][PASSED] - reqid_spouse = requestid2: null

2022-11-28 17:23:18 - [TEST_STEP][PASSED] - println("requestid kons : " + reqid_kons): null

2022-11-28 17:23:18 - [TEST_STEP][PASSED] - response_searchME_kons = reqid_kons: null

2022-11-28 17:23:18 - [TEST_STEP][PASSED] - response_searchME_spouse = reqid_spouse: null

2022-11-28 17:23:18 - [TEST_STEP][PASSED] - println("kons req id is :" + response_searchME_kons): null

2022-11-28 17:23:18 - [TEST_STEP][PASSED] - println("spouse req id is : " + response_searchME_spouse): null

2022-11-28 17:23:18 - [TEST_STEP][PASSED] - verifyResponseStatusCode(req_data, 200): Verify response status code successfully

2022-11-28 17:23:18 - [MESSAGE][PASSED] - Verify response status code successfully

2022-11-28 17:23:18 - [TEST_STEP][PASSED] - response = req_data.getResponseText(): null

2022-11-28 17:23:18 - [TEST_STEP][PASSED] - logInfo($response): {"status":"Done","data":{"requestid1":"256958","requestid2":"256959"}}

2022-11-28 17:23:18 - [MESSAGE][INFO] - {"status":"Done","data":{"requestid1":"256958","requestid2":"256959"}}

2022-11-28 17:23:18 - [TEST_STEP][PASSED] - delay(5): Delayed 5 second(s)

2022-11-28 17:23:23 - [MESSAGE][PASSED] - Delayed 5 second(s)

2022-11-28 17:23:23 - [TEST_STEP][PASSED] - scoring = sendRequest(findTestObject("EngineScore", ["response_searchME_kons":response_searchME_kons, "response_searchME_spouse":response_searchME_spouse])): Send request successfully

2022-11-28 17:23:23 - [MESSAGE][INFO] - HAR: D:\DMS\Engine Scoring\Reports\20221128_171922\Exclude KKB - DS - Married\Scoring Married - DS\20221128_171923\requests\main\65.har

2022-11-28 17:23:23 - [MESSAGE][PASSED] - Send request successfully

2022-11-28 17:23:23 - [TEST_STEP][PASSED] - verifyResponseStatusCode(scoring, 200): Verify response status code successfully

2022-11-28 17:23:23 - [MESSAGE][PASSED] - Verify response status code successfully

2022-11-28 17:23:23 - [TEST_STEP][PASSED] - response2 = scoring.getResponseText(): null

2022-11-28 17:23:23 - [TEST_STEP][PASSED] - markPassed("result service data ke : " + no): result service data ke : 33

2022-11-28 17:23:23 - [MESSAGE][PASSED] - result service data ke : 33

2022-11-28 17:23:23 - [TEST_STEP][PASSED] - logInfo($response2): {"result_konsumen":"Reguler","result_pasangan":"Reguler","Final_result":"Reguler","errorMessage":"","status":"Done"}

2022-11-28 17:23:23 - [MESSAGE][INFO] - {"result_konsumen":"Reguler","result_pasangan":"Reguler","Final_result":"Reguler","errorMessage":"","status":"Done"}

2022-11-28 17:23:23 - [TEST_STEP][PASSED] - verifyElementPropertyValue(scoring, "Final_result", final_result): Verify element property value successfully

2022-11-28 17:23:23 - [MESSAGE][PASSED] - Verify element property value successfully]]></system-out>
         <system-err><![CDATA[]]></system-err>
      </testcase>
      <testcase name="Test Cases/Engine_Scoring/Engine Scoring" time="7.16" classname="Test Cases/Engine_Scoring/Engine Scoring" status="PASSED">
         <system-out><![CDATA[2022-11-28 17:23:23 - [TEST_CASE][PASSED] - Test Cases/Engine_Scoring/Engine Scoring: Test Cases/Engine_Scoring/Engine Scoring

2022-11-28 17:23:24 - [TEST_STEP][PASSED] - markPassed("Variasi data ke : " + no): Variasi data ke : 34

2022-11-28 17:23:24 - [MESSAGE][PASSED] - Variasi data ke : 34

2022-11-28 17:23:24 - [TEST_STEP][PASSED] - req_data = sendRequest(findTestObject("Search_ME", ["MID":MID, "source":source, "ip":ip, "userid":userid, "branch":branch, "tipekons":tipekons, "marital":marital, "penjamin":penjamin, ... ])): Send request successfully

2022-11-28 17:23:25 - [MESSAGE][INFO] - HAR: D:\DMS\Engine Scoring\Reports\20221128_171922\Exclude KKB - DS - Married\Scoring Married - DS\20221128_171923\requests\main\66.har

2022-11-28 17:23:25 - [MESSAGE][PASSED] - Send request successfully

2022-11-28 17:23:25 - [TEST_STEP][PASSED] - slurper = new groovy.json.JsonSlurper(): null

2022-11-28 17:23:25 - [TEST_STEP][PASSED] - result = slurper.parseText(req_data.getResponseBodyContent()): null

2022-11-28 17:23:25 - [TEST_STEP][PASSED] - reqid_kons = requestid1: null

2022-11-28 17:23:25 - [TEST_STEP][PASSED] - reqid_spouse = requestid2: null

2022-11-28 17:23:25 - [TEST_STEP][PASSED] - println("requestid kons : " + reqid_kons): null

2022-11-28 17:23:25 - [TEST_STEP][PASSED] - response_searchME_kons = reqid_kons: null

2022-11-28 17:23:25 - [TEST_STEP][PASSED] - response_searchME_spouse = reqid_spouse: null

2022-11-28 17:23:25 - [TEST_STEP][PASSED] - println("kons req id is :" + response_searchME_kons): null

2022-11-28 17:23:25 - [TEST_STEP][PASSED] - println("spouse req id is : " + response_searchME_spouse): null

2022-11-28 17:23:25 - [TEST_STEP][PASSED] - verifyResponseStatusCode(req_data, 200): Verify response status code successfully

2022-11-28 17:23:25 - [MESSAGE][PASSED] - Verify response status code successfully

2022-11-28 17:23:25 - [TEST_STEP][PASSED] - response = req_data.getResponseText(): null

2022-11-28 17:23:25 - [TEST_STEP][PASSED] - logInfo($response): {"status":"Done","data":{"requestid1":"256960","requestid2":"256961"}}

2022-11-28 17:23:25 - [MESSAGE][INFO] - {"status":"Done","data":{"requestid1":"256960","requestid2":"256961"}}

2022-11-28 17:23:25 - [TEST_STEP][PASSED] - delay(5): Delayed 5 second(s)

2022-11-28 17:23:30 - [MESSAGE][PASSED] - Delayed 5 second(s)

2022-11-28 17:23:30 - [TEST_STEP][PASSED] - scoring = sendRequest(findTestObject("EngineScore", ["response_searchME_kons":response_searchME_kons, "response_searchME_spouse":response_searchME_spouse])): Send request successfully

2022-11-28 17:23:31 - [MESSAGE][INFO] - HAR: D:\DMS\Engine Scoring\Reports\20221128_171922\Exclude KKB - DS - Married\Scoring Married - DS\20221128_171923\requests\main\67.har

2022-11-28 17:23:31 - [MESSAGE][PASSED] - Send request successfully

2022-11-28 17:23:31 - [TEST_STEP][PASSED] - verifyResponseStatusCode(scoring, 200): Verify response status code successfully

2022-11-28 17:23:31 - [MESSAGE][PASSED] - Verify response status code successfully

2022-11-28 17:23:31 - [TEST_STEP][PASSED] - response2 = scoring.getResponseText(): null

2022-11-28 17:23:31 - [TEST_STEP][PASSED] - markPassed("result service data ke : " + no): result service data ke : 34

2022-11-28 17:23:31 - [MESSAGE][PASSED] - result service data ke : 34

2022-11-28 17:23:31 - [TEST_STEP][PASSED] - logInfo($response2): {"result_konsumen":"Reguler","result_pasangan":"Reguler","Final_result":"Reguler","errorMessage":"","status":"Done"}

2022-11-28 17:23:31 - [MESSAGE][INFO] - {"result_konsumen":"Reguler","result_pasangan":"Reguler","Final_result":"Reguler","errorMessage":"","status":"Done"}

2022-11-28 17:23:31 - [TEST_STEP][PASSED] - verifyElementPropertyValue(scoring, "Final_result", final_result): Verify element property value successfully

2022-11-28 17:23:31 - [MESSAGE][PASSED] - Verify element property value successfully]]></system-out>
         <system-err><![CDATA[]]></system-err>
      </testcase>
      <testcase name="Test Cases/Engine_Scoring/Engine Scoring" time="11.586" classname="Test Cases/Engine_Scoring/Engine Scoring" status="PASSED">
         <system-out><![CDATA[2022-11-28 17:23:31 - [TEST_CASE][PASSED] - Test Cases/Engine_Scoring/Engine Scoring: Test Cases/Engine_Scoring/Engine Scoring

2022-11-28 17:23:31 - [TEST_STEP][PASSED] - markPassed("Variasi data ke : " + no): Variasi data ke : 35

2022-11-28 17:23:31 - [MESSAGE][PASSED] - Variasi data ke : 35

2022-11-28 17:23:31 - [TEST_STEP][PASSED] - req_data = sendRequest(findTestObject("Search_ME", ["MID":MID, "source":source, "ip":ip, "userid":userid, "branch":branch, "tipekons":tipekons, "marital":marital, "penjamin":penjamin, ... ])): Send request successfully

2022-11-28 17:23:37 - [MESSAGE][INFO] - HAR: D:\DMS\Engine Scoring\Reports\20221128_171922\Exclude KKB - DS - Married\Scoring Married - DS\20221128_171923\requests\main\68.har

2022-11-28 17:23:37 - [MESSAGE][PASSED] - Send request successfully

2022-11-28 17:23:37 - [TEST_STEP][PASSED] - slurper = new groovy.json.JsonSlurper(): null

2022-11-28 17:23:37 - [TEST_STEP][PASSED] - result = slurper.parseText(req_data.getResponseBodyContent()): null

2022-11-28 17:23:37 - [TEST_STEP][PASSED] - reqid_kons = requestid1: null

2022-11-28 17:23:37 - [TEST_STEP][PASSED] - reqid_spouse = requestid2: null

2022-11-28 17:23:37 - [TEST_STEP][PASSED] - println("requestid kons : " + reqid_kons): null

2022-11-28 17:23:37 - [TEST_STEP][PASSED] - response_searchME_kons = reqid_kons: null

2022-11-28 17:23:37 - [TEST_STEP][PASSED] - response_searchME_spouse = reqid_spouse: null

2022-11-28 17:23:37 - [TEST_STEP][PASSED] - println("kons req id is :" + response_searchME_kons): null

2022-11-28 17:23:37 - [TEST_STEP][PASSED] - println("spouse req id is : " + response_searchME_spouse): null

2022-11-28 17:23:37 - [TEST_STEP][PASSED] - verifyResponseStatusCode(req_data, 200): Verify response status code successfully

2022-11-28 17:23:37 - [MESSAGE][PASSED] - Verify response status code successfully

2022-11-28 17:23:37 - [TEST_STEP][PASSED] - response = req_data.getResponseText(): null

2022-11-28 17:23:37 - [TEST_STEP][PASSED] - logInfo($response): {"status":"Done","data":{"requestid1":"256962","requestid2":"256963"}}

2022-11-28 17:23:37 - [MESSAGE][INFO] - {"status":"Done","data":{"requestid1":"256962","requestid2":"256963"}}

2022-11-28 17:23:37 - [TEST_STEP][PASSED] - delay(5): Delayed 5 second(s)

2022-11-28 17:23:42 - [MESSAGE][PASSED] - Delayed 5 second(s)

2022-11-28 17:23:42 - [TEST_STEP][PASSED] - scoring = sendRequest(findTestObject("EngineScore", ["response_searchME_kons":response_searchME_kons, "response_searchME_spouse":response_searchME_spouse])): Send request successfully

2022-11-28 17:23:42 - [MESSAGE][INFO] - HAR: D:\DMS\Engine Scoring\Reports\20221128_171922\Exclude KKB - DS - Married\Scoring Married - DS\20221128_171923\requests\main\69.har

2022-11-28 17:23:42 - [MESSAGE][PASSED] - Send request successfully

2022-11-28 17:23:42 - [TEST_STEP][PASSED] - verifyResponseStatusCode(scoring, 200): Verify response status code successfully

2022-11-28 17:23:42 - [MESSAGE][PASSED] - Verify response status code successfully

2022-11-28 17:23:42 - [TEST_STEP][PASSED] - response2 = scoring.getResponseText(): null

2022-11-28 17:23:42 - [TEST_STEP][PASSED] - markPassed("result service data ke : " + no): result service data ke : 35

2022-11-28 17:23:42 - [MESSAGE][PASSED] - result service data ke : 35

2022-11-28 17:23:42 - [TEST_STEP][PASSED] - logInfo($response2): {"result_konsumen":"Reguler","result_pasangan":"Reject","Final_result":"Reject","errorMessage":"","status":"Done"}

2022-11-28 17:23:42 - [MESSAGE][INFO] - {"result_konsumen":"Reguler","result_pasangan":"Reject","Final_result":"Reject","errorMessage":"","status":"Done"}

2022-11-28 17:23:42 - [TEST_STEP][PASSED] - verifyElementPropertyValue(scoring, "Final_result", final_result): Verify element property value successfully

2022-11-28 17:23:42 - [MESSAGE][PASSED] - Verify element property value successfully]]></system-out>
         <system-err><![CDATA[]]></system-err>
      </testcase>
      <testcase name="Test Cases/Engine_Scoring/Engine Scoring" time="6.58" classname="Test Cases/Engine_Scoring/Engine Scoring" status="PASSED">
         <system-out><![CDATA[2022-11-28 17:23:42 - [TEST_CASE][PASSED] - Test Cases/Engine_Scoring/Engine Scoring: Test Cases/Engine_Scoring/Engine Scoring

2022-11-28 17:23:43 - [TEST_STEP][PASSED] - markPassed("Variasi data ke : " + no): Variasi data ke : 36

2022-11-28 17:23:43 - [MESSAGE][PASSED] - Variasi data ke : 36

2022-11-28 17:23:43 - [TEST_STEP][PASSED] - req_data = sendRequest(findTestObject("Search_ME", ["MID":MID, "source":source, "ip":ip, "userid":userid, "branch":branch, "tipekons":tipekons, "marital":marital, "penjamin":penjamin, ... ])): Send request successfully

2022-11-28 17:23:44 - [MESSAGE][INFO] - HAR: D:\DMS\Engine Scoring\Reports\20221128_171922\Exclude KKB - DS - Married\Scoring Married - DS\20221128_171923\requests\main\70.har

2022-11-28 17:23:44 - [MESSAGE][PASSED] - Send request successfully

2022-11-28 17:23:44 - [TEST_STEP][PASSED] - slurper = new groovy.json.JsonSlurper(): null

2022-11-28 17:23:44 - [TEST_STEP][PASSED] - result = slurper.parseText(req_data.getResponseBodyContent()): null

2022-11-28 17:23:44 - [TEST_STEP][PASSED] - reqid_kons = requestid1: null

2022-11-28 17:23:44 - [TEST_STEP][PASSED] - reqid_spouse = requestid2: null

2022-11-28 17:23:44 - [TEST_STEP][PASSED] - println("requestid kons : " + reqid_kons): null

2022-11-28 17:23:44 - [TEST_STEP][PASSED] - response_searchME_kons = reqid_kons: null

2022-11-28 17:23:44 - [TEST_STEP][PASSED] - response_searchME_spouse = reqid_spouse: null

2022-11-28 17:23:44 - [TEST_STEP][PASSED] - println("kons req id is :" + response_searchME_kons): null

2022-11-28 17:23:44 - [TEST_STEP][PASSED] - println("spouse req id is : " + response_searchME_spouse): null

2022-11-28 17:23:44 - [TEST_STEP][PASSED] - verifyResponseStatusCode(req_data, 200): Verify response status code successfully

2022-11-28 17:23:44 - [MESSAGE][PASSED] - Verify response status code successfully

2022-11-28 17:23:44 - [TEST_STEP][PASSED] - response = req_data.getResponseText(): null

2022-11-28 17:23:44 - [TEST_STEP][PASSED] - logInfo($response): {"status":"Done","data":{"requestid1":"256964","requestid2":"256965"}}

2022-11-28 17:23:44 - [MESSAGE][INFO] - {"status":"Done","data":{"requestid1":"256964","requestid2":"256965"}}

2022-11-28 17:23:44 - [TEST_STEP][PASSED] - delay(5): Delayed 5 second(s)

2022-11-28 17:23:49 - [MESSAGE][PASSED] - Delayed 5 second(s)

2022-11-28 17:23:49 - [TEST_STEP][PASSED] - scoring = sendRequest(findTestObject("EngineScore", ["response_searchME_kons":response_searchME_kons, "response_searchME_spouse":response_searchME_spouse])): Send request successfully

2022-11-28 17:23:49 - [MESSAGE][INFO] - HAR: D:\DMS\Engine Scoring\Reports\20221128_171922\Exclude KKB - DS - Married\Scoring Married - DS\20221128_171923\requests\main\71.har

2022-11-28 17:23:49 - [MESSAGE][PASSED] - Send request successfully

2022-11-28 17:23:49 - [TEST_STEP][PASSED] - verifyResponseStatusCode(scoring, 200): Verify response status code successfully

2022-11-28 17:23:49 - [MESSAGE][PASSED] - Verify response status code successfully

2022-11-28 17:23:49 - [TEST_STEP][PASSED] - response2 = scoring.getResponseText(): null

2022-11-28 17:23:49 - [TEST_STEP][PASSED] - markPassed("result service data ke : " + no): result service data ke : 36

2022-11-28 17:23:49 - [MESSAGE][PASSED] - result service data ke : 36

2022-11-28 17:23:49 - [TEST_STEP][PASSED] - logInfo($response2): {"result_konsumen":"Reguler","result_pasangan":"Reject","Final_result":"Reject","errorMessage":"","status":"Done"}

2022-11-28 17:23:49 - [MESSAGE][INFO] - {"result_konsumen":"Reguler","result_pasangan":"Reject","Final_result":"Reject","errorMessage":"","status":"Done"}

2022-11-28 17:23:49 - [TEST_STEP][PASSED] - verifyElementPropertyValue(scoring, "Final_result", final_result): Verify element property value successfully

2022-11-28 17:23:49 - [MESSAGE][PASSED] - Verify element property value successfully]]></system-out>
         <system-err><![CDATA[]]></system-err>
      </testcase>
      <testcase name="Test Cases/Engine_Scoring/Engine Scoring" time="6.573" classname="Test Cases/Engine_Scoring/Engine Scoring" status="PASSED">
         <system-out><![CDATA[2022-11-28 17:23:49 - [TEST_CASE][PASSED] - Test Cases/Engine_Scoring/Engine Scoring: Test Cases/Engine_Scoring/Engine Scoring

2022-11-28 17:23:50 - [TEST_STEP][PASSED] - markPassed("Variasi data ke : " + no): Variasi data ke : 37

2022-11-28 17:23:50 - [MESSAGE][PASSED] - Variasi data ke : 37

2022-11-28 17:23:50 - [TEST_STEP][PASSED] - req_data = sendRequest(findTestObject("Search_ME", ["MID":MID, "source":source, "ip":ip, "userid":userid, "branch":branch, "tipekons":tipekons, "marital":marital, "penjamin":penjamin, ... ])): Send request successfully

2022-11-28 17:23:50 - [MESSAGE][INFO] - HAR: D:\DMS\Engine Scoring\Reports\20221128_171922\Exclude KKB - DS - Married\Scoring Married - DS\20221128_171923\requests\main\72.har

2022-11-28 17:23:50 - [MESSAGE][PASSED] - Send request successfully

2022-11-28 17:23:50 - [TEST_STEP][PASSED] - slurper = new groovy.json.JsonSlurper(): null

2022-11-28 17:23:50 - [TEST_STEP][PASSED] - result = slurper.parseText(req_data.getResponseBodyContent()): null

2022-11-28 17:23:50 - [TEST_STEP][PASSED] - reqid_kons = requestid1: null

2022-11-28 17:23:50 - [TEST_STEP][PASSED] - reqid_spouse = requestid2: null

2022-11-28 17:23:50 - [TEST_STEP][PASSED] - println("requestid kons : " + reqid_kons): null

2022-11-28 17:23:50 - [TEST_STEP][PASSED] - response_searchME_kons = reqid_kons: null

2022-11-28 17:23:50 - [TEST_STEP][PASSED] - response_searchME_spouse = reqid_spouse: null

2022-11-28 17:23:50 - [TEST_STEP][PASSED] - println("kons req id is :" + response_searchME_kons): null

2022-11-28 17:23:50 - [TEST_STEP][PASSED] - println("spouse req id is : " + response_searchME_spouse): null

2022-11-28 17:23:50 - [TEST_STEP][PASSED] - verifyResponseStatusCode(req_data, 200): Verify response status code successfully

2022-11-28 17:23:50 - [MESSAGE][PASSED] - Verify response status code successfully

2022-11-28 17:23:50 - [TEST_STEP][PASSED] - response = req_data.getResponseText(): null

2022-11-28 17:23:50 - [TEST_STEP][PASSED] - logInfo($response): {"status":"Done","data":{"requestid1":"256966","requestid2":"256967"}}

2022-11-28 17:23:50 - [MESSAGE][INFO] - {"status":"Done","data":{"requestid1":"256966","requestid2":"256967"}}

2022-11-28 17:23:50 - [TEST_STEP][PASSED] - delay(5): Delayed 5 second(s)

2022-11-28 17:23:55 - [MESSAGE][PASSED] - Delayed 5 second(s)

2022-11-28 17:23:55 - [TEST_STEP][PASSED] - scoring = sendRequest(findTestObject("EngineScore", ["response_searchME_kons":response_searchME_kons, "response_searchME_spouse":response_searchME_spouse])): Send request successfully

2022-11-28 17:23:56 - [MESSAGE][INFO] - HAR: D:\DMS\Engine Scoring\Reports\20221128_171922\Exclude KKB - DS - Married\Scoring Married - DS\20221128_171923\requests\main\73.har

2022-11-28 17:23:56 - [MESSAGE][PASSED] - Send request successfully

2022-11-28 17:23:56 - [TEST_STEP][PASSED] - verifyResponseStatusCode(scoring, 200): Verify response status code successfully

2022-11-28 17:23:56 - [MESSAGE][PASSED] - Verify response status code successfully

2022-11-28 17:23:56 - [TEST_STEP][PASSED] - response2 = scoring.getResponseText(): null

2022-11-28 17:23:56 - [TEST_STEP][PASSED] - markPassed("result service data ke : " + no): result service data ke : 37

2022-11-28 17:23:56 - [MESSAGE][PASSED] - result service data ke : 37

2022-11-28 17:23:56 - [TEST_STEP][PASSED] - logInfo($response2): {"result_konsumen":"Reguler","result_pasangan":"Reguler","Final_result":"Reguler","errorMessage":"","status":"Done"}

2022-11-28 17:23:56 - [MESSAGE][INFO] - {"result_konsumen":"Reguler","result_pasangan":"Reguler","Final_result":"Reguler","errorMessage":"","status":"Done"}

2022-11-28 17:23:56 - [TEST_STEP][PASSED] - verifyElementPropertyValue(scoring, "Final_result", final_result): Verify element property value successfully

2022-11-28 17:23:56 - [MESSAGE][PASSED] - Verify element property value successfully]]></system-out>
         <system-err><![CDATA[]]></system-err>
      </testcase>
      <testcase name="Test Cases/Engine_Scoring/Engine Scoring" time="6.666" classname="Test Cases/Engine_Scoring/Engine Scoring" status="PASSED">
         <system-out><![CDATA[2022-11-28 17:23:56 - [TEST_CASE][PASSED] - Test Cases/Engine_Scoring/Engine Scoring: Test Cases/Engine_Scoring/Engine Scoring

2022-11-28 17:23:56 - [TEST_STEP][PASSED] - markPassed("Variasi data ke : " + no): Variasi data ke : 38

2022-11-28 17:23:56 - [MESSAGE][PASSED] - Variasi data ke : 38

2022-11-28 17:23:56 - [TEST_STEP][PASSED] - req_data = sendRequest(findTestObject("Search_ME", ["MID":MID, "source":source, "ip":ip, "userid":userid, "branch":branch, "tipekons":tipekons, "marital":marital, "penjamin":penjamin, ... ])): Send request successfully

2022-11-28 17:23:57 - [MESSAGE][INFO] - HAR: D:\DMS\Engine Scoring\Reports\20221128_171922\Exclude KKB - DS - Married\Scoring Married - DS\20221128_171923\requests\main\74.har

2022-11-28 17:23:57 - [MESSAGE][PASSED] - Send request successfully

2022-11-28 17:23:57 - [TEST_STEP][PASSED] - slurper = new groovy.json.JsonSlurper(): null

2022-11-28 17:23:57 - [TEST_STEP][PASSED] - result = slurper.parseText(req_data.getResponseBodyContent()): null

2022-11-28 17:23:57 - [TEST_STEP][PASSED] - reqid_kons = requestid1: null

2022-11-28 17:23:57 - [TEST_STEP][PASSED] - reqid_spouse = requestid2: null

2022-11-28 17:23:57 - [TEST_STEP][PASSED] - println("requestid kons : " + reqid_kons): null

2022-11-28 17:23:57 - [TEST_STEP][PASSED] - response_searchME_kons = reqid_kons: null

2022-11-28 17:23:57 - [TEST_STEP][PASSED] - response_searchME_spouse = reqid_spouse: null

2022-11-28 17:23:57 - [TEST_STEP][PASSED] - println("kons req id is :" + response_searchME_kons): null

2022-11-28 17:23:57 - [TEST_STEP][PASSED] - println("spouse req id is : " + response_searchME_spouse): null

2022-11-28 17:23:57 - [TEST_STEP][PASSED] - verifyResponseStatusCode(req_data, 200): Verify response status code successfully

2022-11-28 17:23:57 - [MESSAGE][PASSED] - Verify response status code successfully

2022-11-28 17:23:57 - [TEST_STEP][PASSED] - response = req_data.getResponseText(): null

2022-11-28 17:23:57 - [TEST_STEP][PASSED] - logInfo($response): {"status":"Done","data":{"requestid1":"256968","requestid2":"256969"}}

2022-11-28 17:23:57 - [MESSAGE][INFO] - {"status":"Done","data":{"requestid1":"256968","requestid2":"256969"}}

2022-11-28 17:23:57 - [TEST_STEP][PASSED] - delay(5): Delayed 5 second(s)

2022-11-28 17:24:02 - [MESSAGE][PASSED] - Delayed 5 second(s)

2022-11-28 17:24:02 - [TEST_STEP][PASSED] - scoring = sendRequest(findTestObject("EngineScore", ["response_searchME_kons":response_searchME_kons, "response_searchME_spouse":response_searchME_spouse])): Send request successfully

2022-11-28 17:24:02 - [MESSAGE][INFO] - HAR: D:\DMS\Engine Scoring\Reports\20221128_171922\Exclude KKB - DS - Married\Scoring Married - DS\20221128_171923\requests\main\75.har

2022-11-28 17:24:02 - [MESSAGE][PASSED] - Send request successfully

2022-11-28 17:24:02 - [TEST_STEP][PASSED] - verifyResponseStatusCode(scoring, 200): Verify response status code successfully

2022-11-28 17:24:02 - [MESSAGE][PASSED] - Verify response status code successfully

2022-11-28 17:24:02 - [TEST_STEP][PASSED] - response2 = scoring.getResponseText(): null

2022-11-28 17:24:02 - [TEST_STEP][PASSED] - markPassed("result service data ke : " + no): result service data ke : 38

2022-11-28 17:24:02 - [MESSAGE][PASSED] - result service data ke : 38

2022-11-28 17:24:02 - [TEST_STEP][PASSED] - logInfo($response2): {"result_konsumen":"Reguler","result_pasangan":"Reguler","Final_result":"Reguler","errorMessage":"","status":"Done"}

2022-11-28 17:24:02 - [MESSAGE][INFO] - {"result_konsumen":"Reguler","result_pasangan":"Reguler","Final_result":"Reguler","errorMessage":"","status":"Done"}

2022-11-28 17:24:02 - [TEST_STEP][PASSED] - verifyElementPropertyValue(scoring, "Final_result", final_result): Verify element property value successfully

2022-11-28 17:24:02 - [MESSAGE][PASSED] - Verify element property value successfully]]></system-out>
         <system-err><![CDATA[]]></system-err>
      </testcase>
      <testcase name="Test Cases/Engine_Scoring/Engine Scoring" time="7.235" classname="Test Cases/Engine_Scoring/Engine Scoring" status="PASSED">
         <system-out><![CDATA[2022-11-28 17:24:02 - [TEST_CASE][PASSED] - Test Cases/Engine_Scoring/Engine Scoring: Test Cases/Engine_Scoring/Engine Scoring

2022-11-28 17:24:03 - [TEST_STEP][PASSED] - markPassed("Variasi data ke : " + no): Variasi data ke : 39

2022-11-28 17:24:03 - [MESSAGE][PASSED] - Variasi data ke : 39

2022-11-28 17:24:03 - [TEST_STEP][PASSED] - req_data = sendRequest(findTestObject("Search_ME", ["MID":MID, "source":source, "ip":ip, "userid":userid, "branch":branch, "tipekons":tipekons, "marital":marital, "penjamin":penjamin, ... ])): Send request successfully

2022-11-28 17:24:04 - [MESSAGE][INFO] - HAR: D:\DMS\Engine Scoring\Reports\20221128_171922\Exclude KKB - DS - Married\Scoring Married - DS\20221128_171923\requests\main\76.har

2022-11-28 17:24:04 - [MESSAGE][PASSED] - Send request successfully

2022-11-28 17:24:04 - [TEST_STEP][PASSED] - slurper = new groovy.json.JsonSlurper(): null

2022-11-28 17:24:04 - [TEST_STEP][PASSED] - result = slurper.parseText(req_data.getResponseBodyContent()): null

2022-11-28 17:24:04 - [TEST_STEP][PASSED] - reqid_kons = requestid1: null

2022-11-28 17:24:04 - [TEST_STEP][PASSED] - reqid_spouse = requestid2: null

2022-11-28 17:24:04 - [TEST_STEP][PASSED] - println("requestid kons : " + reqid_kons): null

2022-11-28 17:24:04 - [TEST_STEP][PASSED] - response_searchME_kons = reqid_kons: null

2022-11-28 17:24:04 - [TEST_STEP][PASSED] - response_searchME_spouse = reqid_spouse: null

2022-11-28 17:24:04 - [TEST_STEP][PASSED] - println("kons req id is :" + response_searchME_kons): null

2022-11-28 17:24:04 - [TEST_STEP][PASSED] - println("spouse req id is : " + response_searchME_spouse): null

2022-11-28 17:24:04 - [TEST_STEP][PASSED] - verifyResponseStatusCode(req_data, 200): Verify response status code successfully

2022-11-28 17:24:04 - [MESSAGE][PASSED] - Verify response status code successfully

2022-11-28 17:24:04 - [TEST_STEP][PASSED] - response = req_data.getResponseText(): null

2022-11-28 17:24:04 - [TEST_STEP][PASSED] - logInfo($response): {"status":"Done","data":{"requestid1":"256970","requestid2":"256971"}}

2022-11-28 17:24:04 - [MESSAGE][INFO] - {"status":"Done","data":{"requestid1":"256970","requestid2":"256971"}}

2022-11-28 17:24:04 - [TEST_STEP][PASSED] - delay(5): Delayed 5 second(s)

2022-11-28 17:24:09 - [MESSAGE][PASSED] - Delayed 5 second(s)

2022-11-28 17:24:09 - [TEST_STEP][PASSED] - scoring = sendRequest(findTestObject("EngineScore", ["response_searchME_kons":response_searchME_kons, "response_searchME_spouse":response_searchME_spouse])): Send request successfully

2022-11-28 17:24:10 - [MESSAGE][INFO] - HAR: D:\DMS\Engine Scoring\Reports\20221128_171922\Exclude KKB - DS - Married\Scoring Married - DS\20221128_171923\requests\main\77.har

2022-11-28 17:24:10 - [MESSAGE][PASSED] - Send request successfully

2022-11-28 17:24:10 - [TEST_STEP][PASSED] - verifyResponseStatusCode(scoring, 200): Verify response status code successfully

2022-11-28 17:24:10 - [MESSAGE][PASSED] - Verify response status code successfully

2022-11-28 17:24:10 - [TEST_STEP][PASSED] - response2 = scoring.getResponseText(): null

2022-11-28 17:24:10 - [TEST_STEP][PASSED] - markPassed("result service data ke : " + no): result service data ke : 39

2022-11-28 17:24:10 - [MESSAGE][PASSED] - result service data ke : 39

2022-11-28 17:24:10 - [TEST_STEP][PASSED] - logInfo($response2): {"result_konsumen":"Reguler","result_pasangan":"Reguler","Final_result":"Reguler","errorMessage":"","status":"Done"}

2022-11-28 17:24:10 - [MESSAGE][INFO] - {"result_konsumen":"Reguler","result_pasangan":"Reguler","Final_result":"Reguler","errorMessage":"","status":"Done"}

2022-11-28 17:24:10 - [TEST_STEP][PASSED] - verifyElementPropertyValue(scoring, "Final_result", final_result): Verify element property value successfully

2022-11-28 17:24:10 - [MESSAGE][PASSED] - Verify element property value successfully]]></system-out>
         <system-err><![CDATA[]]></system-err>
      </testcase>
      <testcase name="Test Cases/Engine_Scoring/Engine Scoring" time="6.827" classname="Test Cases/Engine_Scoring/Engine Scoring" status="PASSED">
         <system-out><![CDATA[2022-11-28 17:24:10 - [TEST_CASE][PASSED] - Test Cases/Engine_Scoring/Engine Scoring: Test Cases/Engine_Scoring/Engine Scoring

2022-11-28 17:24:10 - [TEST_STEP][PASSED] - markPassed("Variasi data ke : " + no): Variasi data ke : 40

2022-11-28 17:24:10 - [MESSAGE][PASSED] - Variasi data ke : 40

2022-11-28 17:24:10 - [TEST_STEP][PASSED] - req_data = sendRequest(findTestObject("Search_ME", ["MID":MID, "source":source, "ip":ip, "userid":userid, "branch":branch, "tipekons":tipekons, "marital":marital, "penjamin":penjamin, ... ])): Send request successfully

2022-11-28 17:24:11 - [MESSAGE][INFO] - HAR: D:\DMS\Engine Scoring\Reports\20221128_171922\Exclude KKB - DS - Married\Scoring Married - DS\20221128_171923\requests\main\78.har

2022-11-28 17:24:11 - [MESSAGE][PASSED] - Send request successfully

2022-11-28 17:24:11 - [TEST_STEP][PASSED] - slurper = new groovy.json.JsonSlurper(): null

2022-11-28 17:24:11 - [TEST_STEP][PASSED] - result = slurper.parseText(req_data.getResponseBodyContent()): null

2022-11-28 17:24:11 - [TEST_STEP][PASSED] - reqid_kons = requestid1: null

2022-11-28 17:24:11 - [TEST_STEP][PASSED] - reqid_spouse = requestid2: null

2022-11-28 17:24:11 - [TEST_STEP][PASSED] - println("requestid kons : " + reqid_kons): null

2022-11-28 17:24:11 - [TEST_STEP][PASSED] - response_searchME_kons = reqid_kons: null

2022-11-28 17:24:11 - [TEST_STEP][PASSED] - response_searchME_spouse = reqid_spouse: null

2022-11-28 17:24:11 - [TEST_STEP][PASSED] - println("kons req id is :" + response_searchME_kons): null

2022-11-28 17:24:11 - [TEST_STEP][PASSED] - println("spouse req id is : " + response_searchME_spouse): null

2022-11-28 17:24:11 - [TEST_STEP][PASSED] - verifyResponseStatusCode(req_data, 200): Verify response status code successfully

2022-11-28 17:24:11 - [MESSAGE][PASSED] - Verify response status code successfully

2022-11-28 17:24:11 - [TEST_STEP][PASSED] - response = req_data.getResponseText(): null

2022-11-28 17:24:11 - [TEST_STEP][PASSED] - logInfo($response): {"status":"Done","data":{"requestid1":"256972","requestid2":"256973"}}

2022-11-28 17:24:11 - [MESSAGE][INFO] - {"status":"Done","data":{"requestid1":"256972","requestid2":"256973"}}

2022-11-28 17:24:11 - [TEST_STEP][PASSED] - delay(5): Delayed 5 second(s)

2022-11-28 17:24:16 - [MESSAGE][PASSED] - Delayed 5 second(s)

2022-11-28 17:24:16 - [TEST_STEP][PASSED] - scoring = sendRequest(findTestObject("EngineScore", ["response_searchME_kons":response_searchME_kons, "response_searchME_spouse":response_searchME_spouse])): Send request successfully

2022-11-28 17:24:16 - [MESSAGE][INFO] - HAR: D:\DMS\Engine Scoring\Reports\20221128_171922\Exclude KKB - DS - Married\Scoring Married - DS\20221128_171923\requests\main\79.har

2022-11-28 17:24:16 - [MESSAGE][PASSED] - Send request successfully

2022-11-28 17:24:16 - [TEST_STEP][PASSED] - verifyResponseStatusCode(scoring, 200): Verify response status code successfully

2022-11-28 17:24:16 - [MESSAGE][PASSED] - Verify response status code successfully

2022-11-28 17:24:16 - [TEST_STEP][PASSED] - response2 = scoring.getResponseText(): null

2022-11-28 17:24:16 - [TEST_STEP][PASSED] - markPassed("result service data ke : " + no): result service data ke : 40

2022-11-28 17:24:16 - [MESSAGE][PASSED] - result service data ke : 40

2022-11-28 17:24:16 - [TEST_STEP][PASSED] - logInfo($response2): {"result_konsumen":"Reguler","result_pasangan":"Approve","Final_result":"Reguler","errorMessage":"","status":"Done"}

2022-11-28 17:24:16 - [MESSAGE][INFO] - {"result_konsumen":"Reguler","result_pasangan":"Approve","Final_result":"Reguler","errorMessage":"","status":"Done"}

2022-11-28 17:24:16 - [TEST_STEP][PASSED] - verifyElementPropertyValue(scoring, "Final_result", final_result): Verify element property value successfully

2022-11-28 17:24:16 - [MESSAGE][PASSED] - Verify element property value successfully]]></system-out>
         <system-err><![CDATA[]]></system-err>
      </testcase>
      <testcase name="Test Cases/Engine_Scoring/Engine Scoring" time="10.43" classname="Test Cases/Engine_Scoring/Engine Scoring" status="PASSED">
         <system-out><![CDATA[2022-11-28 17:24:16 - [TEST_CASE][PASSED] - Test Cases/Engine_Scoring/Engine Scoring: Test Cases/Engine_Scoring/Engine Scoring

2022-11-28 17:24:17 - [TEST_STEP][PASSED] - markPassed("Variasi data ke : " + no): Variasi data ke : 41

2022-11-28 17:24:17 - [MESSAGE][PASSED] - Variasi data ke : 41

2022-11-28 17:24:17 - [TEST_STEP][PASSED] - req_data = sendRequest(findTestObject("Search_ME", ["MID":MID, "source":source, "ip":ip, "userid":userid, "branch":branch, "tipekons":tipekons, "marital":marital, "penjamin":penjamin, ... ])): Send request successfully

2022-11-28 17:24:19 - [MESSAGE][INFO] - HAR: D:\DMS\Engine Scoring\Reports\20221128_171922\Exclude KKB - DS - Married\Scoring Married - DS\20221128_171923\requests\main\80.har

2022-11-28 17:24:19 - [MESSAGE][PASSED] - Send request successfully

2022-11-28 17:24:19 - [TEST_STEP][PASSED] - slurper = new groovy.json.JsonSlurper(): null

2022-11-28 17:24:19 - [TEST_STEP][PASSED] - result = slurper.parseText(req_data.getResponseBodyContent()): null

2022-11-28 17:24:19 - [TEST_STEP][PASSED] - reqid_kons = requestid1: null

2022-11-28 17:24:19 - [TEST_STEP][PASSED] - reqid_spouse = requestid2: null

2022-11-28 17:24:19 - [TEST_STEP][PASSED] - println("requestid kons : " + reqid_kons): null

2022-11-28 17:24:19 - [TEST_STEP][PASSED] - response_searchME_kons = reqid_kons: null

2022-11-28 17:24:19 - [TEST_STEP][PASSED] - response_searchME_spouse = reqid_spouse: null

2022-11-28 17:24:19 - [TEST_STEP][PASSED] - println("kons req id is :" + response_searchME_kons): null

2022-11-28 17:24:19 - [TEST_STEP][PASSED] - println("spouse req id is : " + response_searchME_spouse): null

2022-11-28 17:24:19 - [TEST_STEP][PASSED] - verifyResponseStatusCode(req_data, 200): Verify response status code successfully

2022-11-28 17:24:19 - [MESSAGE][PASSED] - Verify response status code successfully

2022-11-28 17:24:19 - [TEST_STEP][PASSED] - response = req_data.getResponseText(): null

2022-11-28 17:24:19 - [TEST_STEP][PASSED] - logInfo($response): {"status":"Done","data":{"requestid1":"256974","requestid2":"256975"}}

2022-11-28 17:24:19 - [MESSAGE][INFO] - {"status":"Done","data":{"requestid1":"256974","requestid2":"256975"}}

2022-11-28 17:24:19 - [TEST_STEP][PASSED] - delay(5): Delayed 5 second(s)

2022-11-28 17:24:24 - [MESSAGE][PASSED] - Delayed 5 second(s)

2022-11-28 17:24:24 - [TEST_STEP][PASSED] - scoring = sendRequest(findTestObject("EngineScore", ["response_searchME_kons":response_searchME_kons, "response_searchME_spouse":response_searchME_spouse])): Send request successfully

2022-11-28 17:24:27 - [MESSAGE][INFO] - HAR: D:\DMS\Engine Scoring\Reports\20221128_171922\Exclude KKB - DS - Married\Scoring Married - DS\20221128_171923\requests\main\81.har

2022-11-28 17:24:27 - [MESSAGE][PASSED] - Send request successfully

2022-11-28 17:24:27 - [TEST_STEP][PASSED] - verifyResponseStatusCode(scoring, 200): Verify response status code successfully

2022-11-28 17:24:27 - [MESSAGE][PASSED] - Verify response status code successfully

2022-11-28 17:24:27 - [TEST_STEP][PASSED] - response2 = scoring.getResponseText(): null

2022-11-28 17:24:27 - [TEST_STEP][PASSED] - markPassed("result service data ke : " + no): result service data ke : 41

2022-11-28 17:24:27 - [MESSAGE][PASSED] - result service data ke : 41

2022-11-28 17:24:27 - [TEST_STEP][PASSED] - logInfo($response2): {"result_konsumen":"Reguler","result_pasangan":"Approve","Final_result":"Reguler","errorMessage":"","status":"Done"}

2022-11-28 17:24:27 - [MESSAGE][INFO] - {"result_konsumen":"Reguler","result_pasangan":"Approve","Final_result":"Reguler","errorMessage":"","status":"Done"}

2022-11-28 17:24:27 - [TEST_STEP][PASSED] - verifyElementPropertyValue(scoring, "Final_result", final_result): Verify element property value successfully

2022-11-28 17:24:27 - [MESSAGE][PASSED] - Verify element property value successfully]]></system-out>
         <system-err><![CDATA[]]></system-err>
      </testcase>
      <testcase name="Test Cases/Engine_Scoring/Engine Scoring" time="7.195" classname="Test Cases/Engine_Scoring/Engine Scoring" status="PASSED">
         <system-out><![CDATA[2022-11-28 17:24:27 - [TEST_CASE][PASSED] - Test Cases/Engine_Scoring/Engine Scoring: Test Cases/Engine_Scoring/Engine Scoring

2022-11-28 17:24:28 - [TEST_STEP][PASSED] - markPassed("Variasi data ke : " + no): Variasi data ke : 42

2022-11-28 17:24:28 - [MESSAGE][PASSED] - Variasi data ke : 42

2022-11-28 17:24:28 - [TEST_STEP][PASSED] - req_data = sendRequest(findTestObject("Search_ME", ["MID":MID, "source":source, "ip":ip, "userid":userid, "branch":branch, "tipekons":tipekons, "marital":marital, "penjamin":penjamin, ... ])): Send request successfully

2022-11-28 17:24:29 - [MESSAGE][INFO] - HAR: D:\DMS\Engine Scoring\Reports\20221128_171922\Exclude KKB - DS - Married\Scoring Married - DS\20221128_171923\requests\main\82.har

2022-11-28 17:24:29 - [MESSAGE][PASSED] - Send request successfully

2022-11-28 17:24:29 - [TEST_STEP][PASSED] - slurper = new groovy.json.JsonSlurper(): null

2022-11-28 17:24:29 - [TEST_STEP][PASSED] - result = slurper.parseText(req_data.getResponseBodyContent()): null

2022-11-28 17:24:29 - [TEST_STEP][PASSED] - reqid_kons = requestid1: null

2022-11-28 17:24:29 - [TEST_STEP][PASSED] - reqid_spouse = requestid2: null

2022-11-28 17:24:29 - [TEST_STEP][PASSED] - println("requestid kons : " + reqid_kons): null

2022-11-28 17:24:29 - [TEST_STEP][PASSED] - response_searchME_kons = reqid_kons: null

2022-11-28 17:24:29 - [TEST_STEP][PASSED] - response_searchME_spouse = reqid_spouse: null

2022-11-28 17:24:29 - [TEST_STEP][PASSED] - println("kons req id is :" + response_searchME_kons): null

2022-11-28 17:24:29 - [TEST_STEP][PASSED] - println("spouse req id is : " + response_searchME_spouse): null

2022-11-28 17:24:29 - [TEST_STEP][PASSED] - verifyResponseStatusCode(req_data, 200): Verify response status code successfully

2022-11-28 17:24:29 - [MESSAGE][PASSED] - Verify response status code successfully

2022-11-28 17:24:29 - [TEST_STEP][PASSED] - response = req_data.getResponseText(): null

2022-11-28 17:24:29 - [TEST_STEP][PASSED] - logInfo($response): {"status":"Done","data":{"requestid1":"256976","requestid2":"256977"}}

2022-11-28 17:24:29 - [MESSAGE][INFO] - {"status":"Done","data":{"requestid1":"256976","requestid2":"256977"}}

2022-11-28 17:24:29 - [TEST_STEP][PASSED] - delay(5): Delayed 5 second(s)

2022-11-28 17:24:34 - [MESSAGE][PASSED] - Delayed 5 second(s)

2022-11-28 17:24:34 - [TEST_STEP][PASSED] - scoring = sendRequest(findTestObject("EngineScore", ["response_searchME_kons":response_searchME_kons, "response_searchME_spouse":response_searchME_spouse])): Send request successfully

2022-11-28 17:24:34 - [MESSAGE][INFO] - HAR: D:\DMS\Engine Scoring\Reports\20221128_171922\Exclude KKB - DS - Married\Scoring Married - DS\20221128_171923\requests\main\83.har

2022-11-28 17:24:34 - [MESSAGE][PASSED] - Send request successfully

2022-11-28 17:24:34 - [TEST_STEP][PASSED] - verifyResponseStatusCode(scoring, 200): Verify response status code successfully

2022-11-28 17:24:34 - [MESSAGE][PASSED] - Verify response status code successfully

2022-11-28 17:24:34 - [TEST_STEP][PASSED] - response2 = scoring.getResponseText(): null

2022-11-28 17:24:34 - [TEST_STEP][PASSED] - markPassed("result service data ke : " + no): result service data ke : 42

2022-11-28 17:24:34 - [MESSAGE][PASSED] - result service data ke : 42

2022-11-28 17:24:34 - [TEST_STEP][PASSED] - logInfo($response2): {"result_konsumen":"Reguler","result_pasangan":"Approve","Final_result":"Reguler","errorMessage":"","status":"Done"}

2022-11-28 17:24:34 - [MESSAGE][INFO] - {"result_konsumen":"Reguler","result_pasangan":"Approve","Final_result":"Reguler","errorMessage":"","status":"Done"}

2022-11-28 17:24:34 - [TEST_STEP][PASSED] - verifyElementPropertyValue(scoring, "Final_result", final_result): Verify element property value successfully

2022-11-28 17:24:34 - [MESSAGE][PASSED] - Verify element property value successfully]]></system-out>
         <system-err><![CDATA[]]></system-err>
      </testcase>
      <testcase name="Test Cases/Engine_Scoring/Engine Scoring" time="6.782" classname="Test Cases/Engine_Scoring/Engine Scoring" status="PASSED">
         <system-out><![CDATA[2022-11-28 17:24:34 - [TEST_CASE][PASSED] - Test Cases/Engine_Scoring/Engine Scoring: Test Cases/Engine_Scoring/Engine Scoring

2022-11-28 17:24:35 - [TEST_STEP][PASSED] - markPassed("Variasi data ke : " + no): Variasi data ke : 43

2022-11-28 17:24:35 - [MESSAGE][PASSED] - Variasi data ke : 43

2022-11-28 17:24:35 - [TEST_STEP][PASSED] - req_data = sendRequest(findTestObject("Search_ME", ["MID":MID, "source":source, "ip":ip, "userid":userid, "branch":branch, "tipekons":tipekons, "marital":marital, "penjamin":penjamin, ... ])): Send request successfully

2022-11-28 17:24:36 - [MESSAGE][INFO] - HAR: D:\DMS\Engine Scoring\Reports\20221128_171922\Exclude KKB - DS - Married\Scoring Married - DS\20221128_171923\requests\main\84.har

2022-11-28 17:24:36 - [MESSAGE][PASSED] - Send request successfully

2022-11-28 17:24:36 - [TEST_STEP][PASSED] - slurper = new groovy.json.JsonSlurper(): null

2022-11-28 17:24:36 - [TEST_STEP][PASSED] - result = slurper.parseText(req_data.getResponseBodyContent()): null

2022-11-28 17:24:36 - [TEST_STEP][PASSED] - reqid_kons = requestid1: null

2022-11-28 17:24:36 - [TEST_STEP][PASSED] - reqid_spouse = requestid2: null

2022-11-28 17:24:36 - [TEST_STEP][PASSED] - println("requestid kons : " + reqid_kons): null

2022-11-28 17:24:36 - [TEST_STEP][PASSED] - response_searchME_kons = reqid_kons: null

2022-11-28 17:24:36 - [TEST_STEP][PASSED] - response_searchME_spouse = reqid_spouse: null

2022-11-28 17:24:36 - [TEST_STEP][PASSED] - println("kons req id is :" + response_searchME_kons): null

2022-11-28 17:24:36 - [TEST_STEP][PASSED] - println("spouse req id is : " + response_searchME_spouse): null

2022-11-28 17:24:36 - [TEST_STEP][PASSED] - verifyResponseStatusCode(req_data, 200): Verify response status code successfully

2022-11-28 17:24:36 - [MESSAGE][PASSED] - Verify response status code successfully

2022-11-28 17:24:36 - [TEST_STEP][PASSED] - response = req_data.getResponseText(): null

2022-11-28 17:24:36 - [TEST_STEP][PASSED] - logInfo($response): {"status":"Done","data":{"requestid1":"256978","requestid2":"256979"}}

2022-11-28 17:24:36 - [MESSAGE][INFO] - {"status":"Done","data":{"requestid1":"256978","requestid2":"256979"}}

2022-11-28 17:24:36 - [TEST_STEP][PASSED] - delay(5): Delayed 5 second(s)

2022-11-28 17:24:41 - [MESSAGE][PASSED] - Delayed 5 second(s)

2022-11-28 17:24:41 - [TEST_STEP][PASSED] - scoring = sendRequest(findTestObject("EngineScore", ["response_searchME_kons":response_searchME_kons, "response_searchME_spouse":response_searchME_spouse])): Send request successfully

2022-11-28 17:24:41 - [MESSAGE][INFO] - HAR: D:\DMS\Engine Scoring\Reports\20221128_171922\Exclude KKB - DS - Married\Scoring Married - DS\20221128_171923\requests\main\85.har

2022-11-28 17:24:41 - [MESSAGE][PASSED] - Send request successfully

2022-11-28 17:24:41 - [TEST_STEP][PASSED] - verifyResponseStatusCode(scoring, 200): Verify response status code successfully

2022-11-28 17:24:41 - [MESSAGE][PASSED] - Verify response status code successfully

2022-11-28 17:24:41 - [TEST_STEP][PASSED] - response2 = scoring.getResponseText(): null

2022-11-28 17:24:41 - [TEST_STEP][PASSED] - markPassed("result service data ke : " + no): result service data ke : 43

2022-11-28 17:24:41 - [MESSAGE][PASSED] - result service data ke : 43

2022-11-28 17:24:41 - [TEST_STEP][PASSED] - logInfo($response2): {"result_konsumen":"Reguler","result_pasangan":"Approve","Final_result":"Reguler","errorMessage":"","status":"Done"}

2022-11-28 17:24:41 - [MESSAGE][INFO] - {"result_konsumen":"Reguler","result_pasangan":"Approve","Final_result":"Reguler","errorMessage":"","status":"Done"}

2022-11-28 17:24:41 - [TEST_STEP][PASSED] - verifyElementPropertyValue(scoring, "Final_result", final_result): Verify element property value successfully

2022-11-28 17:24:41 - [MESSAGE][PASSED] - Verify element property value successfully]]></system-out>
         <system-err><![CDATA[]]></system-err>
      </testcase>
      <testcase name="Test Cases/Engine_Scoring/Engine Scoring" time="7.115" classname="Test Cases/Engine_Scoring/Engine Scoring" status="PASSED">
         <system-out><![CDATA[2022-11-28 17:24:41 - [TEST_CASE][PASSED] - Test Cases/Engine_Scoring/Engine Scoring: Test Cases/Engine_Scoring/Engine Scoring

2022-11-28 17:24:42 - [TEST_STEP][PASSED] - markPassed("Variasi data ke : " + no): Variasi data ke : 44

2022-11-28 17:24:42 - [MESSAGE][PASSED] - Variasi data ke : 44

2022-11-28 17:24:42 - [TEST_STEP][PASSED] - req_data = sendRequest(findTestObject("Search_ME", ["MID":MID, "source":source, "ip":ip, "userid":userid, "branch":branch, "tipekons":tipekons, "marital":marital, "penjamin":penjamin, ... ])): Send request successfully

2022-11-28 17:24:43 - [MESSAGE][INFO] - HAR: D:\DMS\Engine Scoring\Reports\20221128_171922\Exclude KKB - DS - Married\Scoring Married - DS\20221128_171923\requests\main\86.har

2022-11-28 17:24:43 - [MESSAGE][PASSED] - Send request successfully

2022-11-28 17:24:43 - [TEST_STEP][PASSED] - slurper = new groovy.json.JsonSlurper(): null

2022-11-28 17:24:43 - [TEST_STEP][PASSED] - result = slurper.parseText(req_data.getResponseBodyContent()): null

2022-11-28 17:24:43 - [TEST_STEP][PASSED] - reqid_kons = requestid1: null

2022-11-28 17:24:43 - [TEST_STEP][PASSED] - reqid_spouse = requestid2: null

2022-11-28 17:24:43 - [TEST_STEP][PASSED] - println("requestid kons : " + reqid_kons): null

2022-11-28 17:24:43 - [TEST_STEP][PASSED] - response_searchME_kons = reqid_kons: null

2022-11-28 17:24:43 - [TEST_STEP][PASSED] - response_searchME_spouse = reqid_spouse: null

2022-11-28 17:24:43 - [TEST_STEP][PASSED] - println("kons req id is :" + response_searchME_kons): null

2022-11-28 17:24:43 - [TEST_STEP][PASSED] - println("spouse req id is : " + response_searchME_spouse): null

2022-11-28 17:24:43 - [TEST_STEP][PASSED] - verifyResponseStatusCode(req_data, 200): Verify response status code successfully

2022-11-28 17:24:43 - [MESSAGE][PASSED] - Verify response status code successfully

2022-11-28 17:24:43 - [TEST_STEP][PASSED] - response = req_data.getResponseText(): null

2022-11-28 17:24:43 - [TEST_STEP][PASSED] - logInfo($response): {"status":"Done","data":{"requestid1":"256980","requestid2":"256981"}}

2022-11-28 17:24:43 - [MESSAGE][INFO] - {"status":"Done","data":{"requestid1":"256980","requestid2":"256981"}}

2022-11-28 17:24:43 - [TEST_STEP][PASSED] - delay(5): Delayed 5 second(s)

2022-11-28 17:24:48 - [MESSAGE][PASSED] - Delayed 5 second(s)

2022-11-28 17:24:48 - [TEST_STEP][PASSED] - scoring = sendRequest(findTestObject("EngineScore", ["response_searchME_kons":response_searchME_kons, "response_searchME_spouse":response_searchME_spouse])): Send request successfully

2022-11-28 17:24:48 - [MESSAGE][INFO] - HAR: D:\DMS\Engine Scoring\Reports\20221128_171922\Exclude KKB - DS - Married\Scoring Married - DS\20221128_171923\requests\main\87.har

2022-11-28 17:24:48 - [MESSAGE][PASSED] - Send request successfully

2022-11-28 17:24:48 - [TEST_STEP][PASSED] - verifyResponseStatusCode(scoring, 200): Verify response status code successfully

2022-11-28 17:24:48 - [MESSAGE][PASSED] - Verify response status code successfully

2022-11-28 17:24:48 - [TEST_STEP][PASSED] - response2 = scoring.getResponseText(): null

2022-11-28 17:24:48 - [TEST_STEP][PASSED] - markPassed("result service data ke : " + no): result service data ke : 44

2022-11-28 17:24:48 - [MESSAGE][PASSED] - result service data ke : 44

2022-11-28 17:24:48 - [TEST_STEP][PASSED] - logInfo($response2): {"result_konsumen":"Reguler","result_pasangan":"Reject","Final_result":"Reject","errorMessage":"","status":"Done"}

2022-11-28 17:24:48 - [MESSAGE][INFO] - {"result_konsumen":"Reguler","result_pasangan":"Reject","Final_result":"Reject","errorMessage":"","status":"Done"}

2022-11-28 17:24:48 - [TEST_STEP][PASSED] - verifyElementPropertyValue(scoring, "Final_result", final_result): Verify element property value successfully

2022-11-28 17:24:48 - [MESSAGE][PASSED] - Verify element property value successfully]]></system-out>
         <system-err><![CDATA[]]></system-err>
      </testcase>
      <testcase name="Test Cases/Engine_Scoring/Engine Scoring" time="6.644" classname="Test Cases/Engine_Scoring/Engine Scoring" status="PASSED">
         <system-out><![CDATA[2022-11-28 17:24:48 - [TEST_CASE][PASSED] - Test Cases/Engine_Scoring/Engine Scoring: Test Cases/Engine_Scoring/Engine Scoring

2022-11-28 17:24:49 - [TEST_STEP][PASSED] - markPassed("Variasi data ke : " + no): Variasi data ke : 45

2022-11-28 17:24:49 - [MESSAGE][PASSED] - Variasi data ke : 45

2022-11-28 17:24:49 - [TEST_STEP][PASSED] - req_data = sendRequest(findTestObject("Search_ME", ["MID":MID, "source":source, "ip":ip, "userid":userid, "branch":branch, "tipekons":tipekons, "marital":marital, "penjamin":penjamin, ... ])): Send request successfully

2022-11-28 17:24:50 - [MESSAGE][INFO] - HAR: D:\DMS\Engine Scoring\Reports\20221128_171922\Exclude KKB - DS - Married\Scoring Married - DS\20221128_171923\requests\main\88.har

2022-11-28 17:24:50 - [MESSAGE][PASSED] - Send request successfully

2022-11-28 17:24:50 - [TEST_STEP][PASSED] - slurper = new groovy.json.JsonSlurper(): null

2022-11-28 17:24:50 - [TEST_STEP][PASSED] - result = slurper.parseText(req_data.getResponseBodyContent()): null

2022-11-28 17:24:50 - [TEST_STEP][PASSED] - reqid_kons = requestid1: null

2022-11-28 17:24:50 - [TEST_STEP][PASSED] - reqid_spouse = requestid2: null

2022-11-28 17:24:50 - [TEST_STEP][PASSED] - println("requestid kons : " + reqid_kons): null

2022-11-28 17:24:50 - [TEST_STEP][PASSED] - response_searchME_kons = reqid_kons: null

2022-11-28 17:24:50 - [TEST_STEP][PASSED] - response_searchME_spouse = reqid_spouse: null

2022-11-28 17:24:50 - [TEST_STEP][PASSED] - println("kons req id is :" + response_searchME_kons): null

2022-11-28 17:24:50 - [TEST_STEP][PASSED] - println("spouse req id is : " + response_searchME_spouse): null

2022-11-28 17:24:50 - [TEST_STEP][PASSED] - verifyResponseStatusCode(req_data, 200): Verify response status code successfully

2022-11-28 17:24:50 - [MESSAGE][PASSED] - Verify response status code successfully

2022-11-28 17:24:50 - [TEST_STEP][PASSED] - response = req_data.getResponseText(): null

2022-11-28 17:24:50 - [TEST_STEP][PASSED] - logInfo($response): {"status":"Done","data":{"requestid1":"256982","requestid2":"256983"}}

2022-11-28 17:24:50 - [MESSAGE][INFO] - {"status":"Done","data":{"requestid1":"256982","requestid2":"256983"}}

2022-11-28 17:24:50 - [TEST_STEP][PASSED] - delay(5): Delayed 5 second(s)

2022-11-28 17:24:55 - [MESSAGE][PASSED] - Delayed 5 second(s)

2022-11-28 17:24:55 - [TEST_STEP][PASSED] - scoring = sendRequest(findTestObject("EngineScore", ["response_searchME_kons":response_searchME_kons, "response_searchME_spouse":response_searchME_spouse])): Send request successfully

2022-11-28 17:24:55 - [MESSAGE][INFO] - HAR: D:\DMS\Engine Scoring\Reports\20221128_171922\Exclude KKB - DS - Married\Scoring Married - DS\20221128_171923\requests\main\89.har

2022-11-28 17:24:55 - [MESSAGE][PASSED] - Send request successfully

2022-11-28 17:24:55 - [TEST_STEP][PASSED] - verifyResponseStatusCode(scoring, 200): Verify response status code successfully

2022-11-28 17:24:55 - [MESSAGE][PASSED] - Verify response status code successfully

2022-11-28 17:24:55 - [TEST_STEP][PASSED] - response2 = scoring.getResponseText(): null

2022-11-28 17:24:55 - [TEST_STEP][PASSED] - markPassed("result service data ke : " + no): result service data ke : 45

2022-11-28 17:24:55 - [MESSAGE][PASSED] - result service data ke : 45

2022-11-28 17:24:55 - [TEST_STEP][PASSED] - logInfo($response2): {"result_konsumen":"Reguler","result_pasangan":"Reject","Final_result":"Reject","errorMessage":"","status":"Done"}

2022-11-28 17:24:55 - [MESSAGE][INFO] - {"result_konsumen":"Reguler","result_pasangan":"Reject","Final_result":"Reject","errorMessage":"","status":"Done"}

2022-11-28 17:24:55 - [TEST_STEP][PASSED] - verifyElementPropertyValue(scoring, "Final_result", final_result): Verify element property value successfully

2022-11-28 17:24:55 - [MESSAGE][PASSED] - Verify element property value successfully]]></system-out>
         <system-err><![CDATA[]]></system-err>
      </testcase>
      <testcase name="Test Cases/Engine_Scoring/Engine Scoring" time="6.954" classname="Test Cases/Engine_Scoring/Engine Scoring" status="PASSED">
         <system-out><![CDATA[2022-11-28 17:24:55 - [TEST_CASE][PASSED] - Test Cases/Engine_Scoring/Engine Scoring: Test Cases/Engine_Scoring/Engine Scoring

2022-11-28 17:24:56 - [TEST_STEP][PASSED] - markPassed("Variasi data ke : " + no): Variasi data ke : 46

2022-11-28 17:24:56 - [MESSAGE][PASSED] - Variasi data ke : 46

2022-11-28 17:24:56 - [TEST_STEP][PASSED] - req_data = sendRequest(findTestObject("Search_ME", ["MID":MID, "source":source, "ip":ip, "userid":userid, "branch":branch, "tipekons":tipekons, "marital":marital, "penjamin":penjamin, ... ])): Send request successfully

2022-11-28 17:24:57 - [MESSAGE][INFO] - HAR: D:\DMS\Engine Scoring\Reports\20221128_171922\Exclude KKB - DS - Married\Scoring Married - DS\20221128_171923\requests\main\90.har

2022-11-28 17:24:57 - [MESSAGE][PASSED] - Send request successfully

2022-11-28 17:24:57 - [TEST_STEP][PASSED] - slurper = new groovy.json.JsonSlurper(): null

2022-11-28 17:24:57 - [TEST_STEP][PASSED] - result = slurper.parseText(req_data.getResponseBodyContent()): null

2022-11-28 17:24:57 - [TEST_STEP][PASSED] - reqid_kons = requestid1: null

2022-11-28 17:24:57 - [TEST_STEP][PASSED] - reqid_spouse = requestid2: null

2022-11-28 17:24:57 - [TEST_STEP][PASSED] - println("requestid kons : " + reqid_kons): null

2022-11-28 17:24:57 - [TEST_STEP][PASSED] - response_searchME_kons = reqid_kons: null

2022-11-28 17:24:57 - [TEST_STEP][PASSED] - response_searchME_spouse = reqid_spouse: null

2022-11-28 17:24:57 - [TEST_STEP][PASSED] - println("kons req id is :" + response_searchME_kons): null

2022-11-28 17:24:57 - [TEST_STEP][PASSED] - println("spouse req id is : " + response_searchME_spouse): null

2022-11-28 17:24:57 - [TEST_STEP][PASSED] - verifyResponseStatusCode(req_data, 200): Verify response status code successfully

2022-11-28 17:24:57 - [MESSAGE][PASSED] - Verify response status code successfully

2022-11-28 17:24:57 - [TEST_STEP][PASSED] - response = req_data.getResponseText(): null

2022-11-28 17:24:57 - [TEST_STEP][PASSED] - logInfo($response): {"status":"Done","data":{"requestid1":"256984","requestid2":"256985"}}

2022-11-28 17:24:57 - [MESSAGE][INFO] - {"status":"Done","data":{"requestid1":"256984","requestid2":"256985"}}

2022-11-28 17:24:57 - [TEST_STEP][PASSED] - delay(5): Delayed 5 second(s)

2022-11-28 17:25:02 - [MESSAGE][PASSED] - Delayed 5 second(s)

2022-11-28 17:25:02 - [TEST_STEP][PASSED] - scoring = sendRequest(findTestObject("EngineScore", ["response_searchME_kons":response_searchME_kons, "response_searchME_spouse":response_searchME_spouse])): Send request successfully

2022-11-28 17:25:02 - [MESSAGE][INFO] - HAR: D:\DMS\Engine Scoring\Reports\20221128_171922\Exclude KKB - DS - Married\Scoring Married - DS\20221128_171923\requests\main\91.har

2022-11-28 17:25:02 - [MESSAGE][PASSED] - Send request successfully

2022-11-28 17:25:02 - [TEST_STEP][PASSED] - verifyResponseStatusCode(scoring, 200): Verify response status code successfully

2022-11-28 17:25:02 - [MESSAGE][PASSED] - Verify response status code successfully

2022-11-28 17:25:02 - [TEST_STEP][PASSED] - response2 = scoring.getResponseText(): null

2022-11-28 17:25:02 - [TEST_STEP][PASSED] - markPassed("result service data ke : " + no): result service data ke : 46

2022-11-28 17:25:02 - [MESSAGE][PASSED] - result service data ke : 46

2022-11-28 17:25:02 - [TEST_STEP][PASSED] - logInfo($response2): {"result_konsumen":"Reguler","result_pasangan":"Reguler","Final_result":"Reguler","errorMessage":"","status":"Done"}

2022-11-28 17:25:02 - [MESSAGE][INFO] - {"result_konsumen":"Reguler","result_pasangan":"Reguler","Final_result":"Reguler","errorMessage":"","status":"Done"}

2022-11-28 17:25:02 - [TEST_STEP][PASSED] - verifyElementPropertyValue(scoring, "Final_result", final_result): Verify element property value successfully

2022-11-28 17:25:02 - [MESSAGE][PASSED] - Verify element property value successfully]]></system-out>
         <system-err><![CDATA[]]></system-err>
      </testcase>
      <testcase name="Test Cases/Engine_Scoring/Engine Scoring" time="13.592" classname="Test Cases/Engine_Scoring/Engine Scoring" status="PASSED">
         <system-out><![CDATA[2022-11-28 17:25:02 - [TEST_CASE][PASSED] - Test Cases/Engine_Scoring/Engine Scoring: Test Cases/Engine_Scoring/Engine Scoring

2022-11-28 17:25:03 - [TEST_STEP][PASSED] - markPassed("Variasi data ke : " + no): Variasi data ke : 47

2022-11-28 17:25:03 - [MESSAGE][PASSED] - Variasi data ke : 47

2022-11-28 17:25:03 - [TEST_STEP][PASSED] - req_data = sendRequest(findTestObject("Search_ME", ["MID":MID, "source":source, "ip":ip, "userid":userid, "branch":branch, "tipekons":tipekons, "marital":marital, "penjamin":penjamin, ... ])): Send request successfully

2022-11-28 17:25:03 - [MESSAGE][INFO] - HAR: D:\DMS\Engine Scoring\Reports\20221128_171922\Exclude KKB - DS - Married\Scoring Married - DS\20221128_171923\requests\main\92.har

2022-11-28 17:25:03 - [MESSAGE][PASSED] - Send request successfully

2022-11-28 17:25:03 - [TEST_STEP][PASSED] - slurper = new groovy.json.JsonSlurper(): null

2022-11-28 17:25:03 - [TEST_STEP][PASSED] - result = slurper.parseText(req_data.getResponseBodyContent()): null

2022-11-28 17:25:03 - [TEST_STEP][PASSED] - reqid_kons = requestid1: null

2022-11-28 17:25:03 - [TEST_STEP][PASSED] - reqid_spouse = requestid2: null

2022-11-28 17:25:03 - [TEST_STEP][PASSED] - println("requestid kons : " + reqid_kons): null

2022-11-28 17:25:03 - [TEST_STEP][PASSED] - response_searchME_kons = reqid_kons: null

2022-11-28 17:25:03 - [TEST_STEP][PASSED] - response_searchME_spouse = reqid_spouse: null

2022-11-28 17:25:03 - [TEST_STEP][PASSED] - println("kons req id is :" + response_searchME_kons): null

2022-11-28 17:25:03 - [TEST_STEP][PASSED] - println("spouse req id is : " + response_searchME_spouse): null

2022-11-28 17:25:03 - [TEST_STEP][PASSED] - verifyResponseStatusCode(req_data, 200): Verify response status code successfully

2022-11-28 17:25:03 - [MESSAGE][PASSED] - Verify response status code successfully

2022-11-28 17:25:03 - [TEST_STEP][PASSED] - response = req_data.getResponseText(): null

2022-11-28 17:25:03 - [TEST_STEP][PASSED] - logInfo($response): {"status":"Done","data":{"requestid1":"256986","requestid2":"256987"}}

2022-11-28 17:25:03 - [MESSAGE][INFO] - {"status":"Done","data":{"requestid1":"256986","requestid2":"256987"}}

2022-11-28 17:25:03 - [TEST_STEP][PASSED] - delay(5): Delayed 5 second(s)

2022-11-28 17:25:08 - [MESSAGE][PASSED] - Delayed 5 second(s)

2022-11-28 17:25:08 - [TEST_STEP][PASSED] - scoring = sendRequest(findTestObject("EngineScore", ["response_searchME_kons":response_searchME_kons, "response_searchME_spouse":response_searchME_spouse])): Send request successfully

2022-11-28 17:25:16 - [MESSAGE][INFO] - HAR: D:\DMS\Engine Scoring\Reports\20221128_171922\Exclude KKB - DS - Married\Scoring Married - DS\20221128_171923\requests\main\93.har

2022-11-28 17:25:16 - [MESSAGE][PASSED] - Send request successfully

2022-11-28 17:25:16 - [TEST_STEP][PASSED] - verifyResponseStatusCode(scoring, 200): Verify response status code successfully

2022-11-28 17:25:16 - [MESSAGE][PASSED] - Verify response status code successfully

2022-11-28 17:25:16 - [TEST_STEP][PASSED] - response2 = scoring.getResponseText(): null

2022-11-28 17:25:16 - [TEST_STEP][PASSED] - markPassed("result service data ke : " + no): result service data ke : 47

2022-11-28 17:25:16 - [MESSAGE][PASSED] - result service data ke : 47

2022-11-28 17:25:16 - [TEST_STEP][PASSED] - logInfo($response2): {"result_konsumen":"Reguler","result_pasangan":"Reguler","Final_result":"Reguler","errorMessage":"","status":"Done"}

2022-11-28 17:25:16 - [MESSAGE][INFO] - {"result_konsumen":"Reguler","result_pasangan":"Reguler","Final_result":"Reguler","errorMessage":"","status":"Done"}

2022-11-28 17:25:16 - [TEST_STEP][PASSED] - verifyElementPropertyValue(scoring, "Final_result", final_result): Verify element property value successfully

2022-11-28 17:25:16 - [MESSAGE][PASSED] - Verify element property value successfully]]></system-out>
         <system-err><![CDATA[]]></system-err>
      </testcase>
      <testcase name="Test Cases/Engine_Scoring/Engine Scoring" time="6.651" classname="Test Cases/Engine_Scoring/Engine Scoring" status="PASSED">
         <system-out><![CDATA[2022-11-28 17:25:16 - [TEST_CASE][PASSED] - Test Cases/Engine_Scoring/Engine Scoring: Test Cases/Engine_Scoring/Engine Scoring

2022-11-28 17:25:16 - [TEST_STEP][PASSED] - markPassed("Variasi data ke : " + no): Variasi data ke : 48

2022-11-28 17:25:16 - [MESSAGE][PASSED] - Variasi data ke : 48

2022-11-28 17:25:16 - [TEST_STEP][PASSED] - req_data = sendRequest(findTestObject("Search_ME", ["MID":MID, "source":source, "ip":ip, "userid":userid, "branch":branch, "tipekons":tipekons, "marital":marital, "penjamin":penjamin, ... ])): Send request successfully

2022-11-28 17:25:17 - [MESSAGE][INFO] - HAR: D:\DMS\Engine Scoring\Reports\20221128_171922\Exclude KKB - DS - Married\Scoring Married - DS\20221128_171923\requests\main\94.har

2022-11-28 17:25:17 - [MESSAGE][PASSED] - Send request successfully

2022-11-28 17:25:17 - [TEST_STEP][PASSED] - slurper = new groovy.json.JsonSlurper(): null

2022-11-28 17:25:17 - [TEST_STEP][PASSED] - result = slurper.parseText(req_data.getResponseBodyContent()): null

2022-11-28 17:25:17 - [TEST_STEP][PASSED] - reqid_kons = requestid1: null

2022-11-28 17:25:17 - [TEST_STEP][PASSED] - reqid_spouse = requestid2: null

2022-11-28 17:25:17 - [TEST_STEP][PASSED] - println("requestid kons : " + reqid_kons): null

2022-11-28 17:25:17 - [TEST_STEP][PASSED] - response_searchME_kons = reqid_kons: null

2022-11-28 17:25:17 - [TEST_STEP][PASSED] - response_searchME_spouse = reqid_spouse: null

2022-11-28 17:25:17 - [TEST_STEP][PASSED] - println("kons req id is :" + response_searchME_kons): null

2022-11-28 17:25:17 - [TEST_STEP][PASSED] - println("spouse req id is : " + response_searchME_spouse): null

2022-11-28 17:25:17 - [TEST_STEP][PASSED] - verifyResponseStatusCode(req_data, 200): Verify response status code successfully

2022-11-28 17:25:17 - [MESSAGE][PASSED] - Verify response status code successfully

2022-11-28 17:25:17 - [TEST_STEP][PASSED] - response = req_data.getResponseText(): null

2022-11-28 17:25:17 - [TEST_STEP][PASSED] - logInfo($response): {"status":"Done","data":{"requestid1":"256988","requestid2":"256989"}}

2022-11-28 17:25:17 - [MESSAGE][INFO] - {"status":"Done","data":{"requestid1":"256988","requestid2":"256989"}}

2022-11-28 17:25:17 - [TEST_STEP][PASSED] - delay(5): Delayed 5 second(s)

2022-11-28 17:25:22 - [MESSAGE][PASSED] - Delayed 5 second(s)

2022-11-28 17:25:22 - [TEST_STEP][PASSED] - scoring = sendRequest(findTestObject("EngineScore", ["response_searchME_kons":response_searchME_kons, "response_searchME_spouse":response_searchME_spouse])): Send request successfully

2022-11-28 17:25:22 - [MESSAGE][INFO] - HAR: D:\DMS\Engine Scoring\Reports\20221128_171922\Exclude KKB - DS - Married\Scoring Married - DS\20221128_171923\requests\main\95.har

2022-11-28 17:25:22 - [MESSAGE][PASSED] - Send request successfully

2022-11-28 17:25:22 - [TEST_STEP][PASSED] - verifyResponseStatusCode(scoring, 200): Verify response status code successfully

2022-11-28 17:25:22 - [MESSAGE][PASSED] - Verify response status code successfully

2022-11-28 17:25:22 - [TEST_STEP][PASSED] - response2 = scoring.getResponseText(): null

2022-11-28 17:25:22 - [TEST_STEP][PASSED] - markPassed("result service data ke : " + no): result service data ke : 48

2022-11-28 17:25:22 - [MESSAGE][PASSED] - result service data ke : 48

2022-11-28 17:25:22 - [TEST_STEP][PASSED] - logInfo($response2): {"result_konsumen":"Reguler","result_pasangan":"Reguler","Final_result":"Reguler","errorMessage":"","status":"Done"}

2022-11-28 17:25:22 - [MESSAGE][INFO] - {"result_konsumen":"Reguler","result_pasangan":"Reguler","Final_result":"Reguler","errorMessage":"","status":"Done"}

2022-11-28 17:25:22 - [TEST_STEP][PASSED] - verifyElementPropertyValue(scoring, "Final_result", final_result): Verify element property value successfully

2022-11-28 17:25:22 - [MESSAGE][PASSED] - Verify element property value successfully]]></system-out>
         <system-err><![CDATA[]]></system-err>
      </testcase>
      <testcase name="Test Cases/Engine_Scoring/Engine Scoring" time="6.715" classname="Test Cases/Engine_Scoring/Engine Scoring" status="PASSED">
         <system-out><![CDATA[2022-11-28 17:25:22 - [TEST_CASE][PASSED] - Test Cases/Engine_Scoring/Engine Scoring: Test Cases/Engine_Scoring/Engine Scoring

2022-11-28 17:25:23 - [TEST_STEP][PASSED] - markPassed("Variasi data ke : " + no): Variasi data ke : 49

2022-11-28 17:25:23 - [MESSAGE][PASSED] - Variasi data ke : 49

2022-11-28 17:25:23 - [TEST_STEP][PASSED] - req_data = sendRequest(findTestObject("Search_ME", ["MID":MID, "source":source, "ip":ip, "userid":userid, "branch":branch, "tipekons":tipekons, "marital":marital, "penjamin":penjamin, ... ])): Send request successfully

2022-11-28 17:25:24 - [MESSAGE][INFO] - HAR: D:\DMS\Engine Scoring\Reports\20221128_171922\Exclude KKB - DS - Married\Scoring Married - DS\20221128_171923\requests\main\96.har

2022-11-28 17:25:24 - [MESSAGE][PASSED] - Send request successfully

2022-11-28 17:25:24 - [TEST_STEP][PASSED] - slurper = new groovy.json.JsonSlurper(): null

2022-11-28 17:25:24 - [TEST_STEP][PASSED] - result = slurper.parseText(req_data.getResponseBodyContent()): null

2022-11-28 17:25:24 - [TEST_STEP][PASSED] - reqid_kons = requestid1: null

2022-11-28 17:25:24 - [TEST_STEP][PASSED] - reqid_spouse = requestid2: null

2022-11-28 17:25:24 - [TEST_STEP][PASSED] - println("requestid kons : " + reqid_kons): null

2022-11-28 17:25:24 - [TEST_STEP][PASSED] - response_searchME_kons = reqid_kons: null

2022-11-28 17:25:24 - [TEST_STEP][PASSED] - response_searchME_spouse = reqid_spouse: null

2022-11-28 17:25:24 - [TEST_STEP][PASSED] - println("kons req id is :" + response_searchME_kons): null

2022-11-28 17:25:24 - [TEST_STEP][PASSED] - println("spouse req id is : " + response_searchME_spouse): null

2022-11-28 17:25:24 - [TEST_STEP][PASSED] - verifyResponseStatusCode(req_data, 200): Verify response status code successfully

2022-11-28 17:25:24 - [MESSAGE][PASSED] - Verify response status code successfully

2022-11-28 17:25:24 - [TEST_STEP][PASSED] - response = req_data.getResponseText(): null

2022-11-28 17:25:24 - [TEST_STEP][PASSED] - logInfo($response): {"status":"Done","data":{"requestid1":"256990","requestid2":"256991"}}

2022-11-28 17:25:24 - [MESSAGE][INFO] - {"status":"Done","data":{"requestid1":"256990","requestid2":"256991"}}

2022-11-28 17:25:24 - [TEST_STEP][PASSED] - delay(5): Delayed 5 second(s)

2022-11-28 17:25:29 - [MESSAGE][PASSED] - Delayed 5 second(s)

2022-11-28 17:25:29 - [TEST_STEP][PASSED] - scoring = sendRequest(findTestObject("EngineScore", ["response_searchME_kons":response_searchME_kons, "response_searchME_spouse":response_searchME_spouse])): Send request successfully

2022-11-28 17:25:29 - [MESSAGE][INFO] - HAR: D:\DMS\Engine Scoring\Reports\20221128_171922\Exclude KKB - DS - Married\Scoring Married - DS\20221128_171923\requests\main\97.har

2022-11-28 17:25:29 - [MESSAGE][PASSED] - Send request successfully

2022-11-28 17:25:29 - [TEST_STEP][PASSED] - verifyResponseStatusCode(scoring, 200): Verify response status code successfully

2022-11-28 17:25:29 - [MESSAGE][PASSED] - Verify response status code successfully

2022-11-28 17:25:29 - [TEST_STEP][PASSED] - response2 = scoring.getResponseText(): null

2022-11-28 17:25:29 - [TEST_STEP][PASSED] - markPassed("result service data ke : " + no): result service data ke : 49

2022-11-28 17:25:29 - [MESSAGE][PASSED] - result service data ke : 49

2022-11-28 17:25:29 - [TEST_STEP][PASSED] - logInfo($response2): {"result_konsumen":"Reguler","result_pasangan":"Reject","Final_result":"Reject","errorMessage":"","status":"Done"}

2022-11-28 17:25:29 - [MESSAGE][INFO] - {"result_konsumen":"Reguler","result_pasangan":"Reject","Final_result":"Reject","errorMessage":"","status":"Done"}

2022-11-28 17:25:29 - [TEST_STEP][PASSED] - verifyElementPropertyValue(scoring, "Final_result", final_result): Verify element property value successfully

2022-11-28 17:25:29 - [MESSAGE][PASSED] - Verify element property value successfully]]></system-out>
         <system-err><![CDATA[]]></system-err>
      </testcase>
      <testcase name="Test Cases/Engine_Scoring/Engine Scoring" time="8.669" classname="Test Cases/Engine_Scoring/Engine Scoring" status="PASSED">
         <system-out><![CDATA[2022-11-28 17:25:29 - [TEST_CASE][PASSED] - Test Cases/Engine_Scoring/Engine Scoring: Test Cases/Engine_Scoring/Engine Scoring

2022-11-28 17:25:30 - [TEST_STEP][PASSED] - markPassed("Variasi data ke : " + no): Variasi data ke : 50

2022-11-28 17:25:30 - [MESSAGE][PASSED] - Variasi data ke : 50

2022-11-28 17:25:30 - [TEST_STEP][PASSED] - req_data = sendRequest(findTestObject("Search_ME", ["MID":MID, "source":source, "ip":ip, "userid":userid, "branch":branch, "tipekons":tipekons, "marital":marital, "penjamin":penjamin, ... ])): Send request successfully

2022-11-28 17:25:33 - [MESSAGE][INFO] - HAR: D:\DMS\Engine Scoring\Reports\20221128_171922\Exclude KKB - DS - Married\Scoring Married - DS\20221128_171923\requests\main\98.har

2022-11-28 17:25:33 - [MESSAGE][PASSED] - Send request successfully

2022-11-28 17:25:33 - [TEST_STEP][PASSED] - slurper = new groovy.json.JsonSlurper(): null

2022-11-28 17:25:33 - [TEST_STEP][PASSED] - result = slurper.parseText(req_data.getResponseBodyContent()): null

2022-11-28 17:25:33 - [TEST_STEP][PASSED] - reqid_kons = requestid1: null

2022-11-28 17:25:33 - [TEST_STEP][PASSED] - reqid_spouse = requestid2: null

2022-11-28 17:25:33 - [TEST_STEP][PASSED] - println("requestid kons : " + reqid_kons): null

2022-11-28 17:25:33 - [TEST_STEP][PASSED] - response_searchME_kons = reqid_kons: null

2022-11-28 17:25:33 - [TEST_STEP][PASSED] - response_searchME_spouse = reqid_spouse: null

2022-11-28 17:25:33 - [TEST_STEP][PASSED] - println("kons req id is :" + response_searchME_kons): null

2022-11-28 17:25:33 - [TEST_STEP][PASSED] - println("spouse req id is : " + response_searchME_spouse): null

2022-11-28 17:25:33 - [TEST_STEP][PASSED] - verifyResponseStatusCode(req_data, 200): Verify response status code successfully

2022-11-28 17:25:33 - [MESSAGE][PASSED] - Verify response status code successfully

2022-11-28 17:25:33 - [TEST_STEP][PASSED] - response = req_data.getResponseText(): null

2022-11-28 17:25:33 - [TEST_STEP][PASSED] - logInfo($response): {"status":"Done","data":{"requestid1":"256992","requestid2":"256993"}}

2022-11-28 17:25:33 - [MESSAGE][INFO] - {"status":"Done","data":{"requestid1":"256992","requestid2":"256993"}}

2022-11-28 17:25:33 - [TEST_STEP][PASSED] - delay(5): Delayed 5 second(s)

2022-11-28 17:25:38 - [MESSAGE][PASSED] - Delayed 5 second(s)

2022-11-28 17:25:38 - [TEST_STEP][PASSED] - scoring = sendRequest(findTestObject("EngineScore", ["response_searchME_kons":response_searchME_kons, "response_searchME_spouse":response_searchME_spouse])): Send request successfully

2022-11-28 17:25:38 - [MESSAGE][INFO] - HAR: D:\DMS\Engine Scoring\Reports\20221128_171922\Exclude KKB - DS - Married\Scoring Married - DS\20221128_171923\requests\main\99.har

2022-11-28 17:25:38 - [MESSAGE][PASSED] - Send request successfully

2022-11-28 17:25:38 - [TEST_STEP][PASSED] - verifyResponseStatusCode(scoring, 200): Verify response status code successfully

2022-11-28 17:25:38 - [MESSAGE][PASSED] - Verify response status code successfully

2022-11-28 17:25:38 - [TEST_STEP][PASSED] - response2 = scoring.getResponseText(): null

2022-11-28 17:25:38 - [TEST_STEP][PASSED] - markPassed("result service data ke : " + no): result service data ke : 50

2022-11-28 17:25:38 - [MESSAGE][PASSED] - result service data ke : 50

2022-11-28 17:25:38 - [TEST_STEP][PASSED] - logInfo($response2): {"result_konsumen":"Reguler","result_pasangan":"Reject","Final_result":"Reject","errorMessage":"","status":"Done"}

2022-11-28 17:25:38 - [MESSAGE][INFO] - {"result_konsumen":"Reguler","result_pasangan":"Reject","Final_result":"Reject","errorMessage":"","status":"Done"}

2022-11-28 17:25:38 - [TEST_STEP][PASSED] - verifyElementPropertyValue(scoring, "Final_result", final_result): Verify element property value successfully

2022-11-28 17:25:38 - [MESSAGE][PASSED] - Verify element property value successfully]]></system-out>
         <system-err><![CDATA[]]></system-err>
      </testcase>
      <testcase name="Test Cases/Engine_Scoring/Engine Scoring" time="6.613" classname="Test Cases/Engine_Scoring/Engine Scoring" status="PASSED">
         <system-out><![CDATA[2022-11-28 17:25:38 - [TEST_CASE][PASSED] - Test Cases/Engine_Scoring/Engine Scoring: Test Cases/Engine_Scoring/Engine Scoring

2022-11-28 17:25:39 - [TEST_STEP][PASSED] - markPassed("Variasi data ke : " + no): Variasi data ke : 51

2022-11-28 17:25:39 - [MESSAGE][PASSED] - Variasi data ke : 51

2022-11-28 17:25:39 - [TEST_STEP][PASSED] - req_data = sendRequest(findTestObject("Search_ME", ["MID":MID, "source":source, "ip":ip, "userid":userid, "branch":branch, "tipekons":tipekons, "marital":marital, "penjamin":penjamin, ... ])): Send request successfully

2022-11-28 17:25:39 - [MESSAGE][INFO] - HAR: D:\DMS\Engine Scoring\Reports\20221128_171922\Exclude KKB - DS - Married\Scoring Married - DS\20221128_171923\requests\main\100.har

2022-11-28 17:25:39 - [MESSAGE][PASSED] - Send request successfully

2022-11-28 17:25:39 - [TEST_STEP][PASSED] - slurper = new groovy.json.JsonSlurper(): null

2022-11-28 17:25:39 - [TEST_STEP][PASSED] - result = slurper.parseText(req_data.getResponseBodyContent()): null

2022-11-28 17:25:39 - [TEST_STEP][PASSED] - reqid_kons = requestid1: null

2022-11-28 17:25:39 - [TEST_STEP][PASSED] - reqid_spouse = requestid2: null

2022-11-28 17:25:39 - [TEST_STEP][PASSED] - println("requestid kons : " + reqid_kons): null

2022-11-28 17:25:39 - [TEST_STEP][PASSED] - response_searchME_kons = reqid_kons: null

2022-11-28 17:25:39 - [TEST_STEP][PASSED] - response_searchME_spouse = reqid_spouse: null

2022-11-28 17:25:39 - [TEST_STEP][PASSED] - println("kons req id is :" + response_searchME_kons): null

2022-11-28 17:25:39 - [TEST_STEP][PASSED] - println("spouse req id is : " + response_searchME_spouse): null

2022-11-28 17:25:39 - [TEST_STEP][PASSED] - verifyResponseStatusCode(req_data, 200): Verify response status code successfully

2022-11-28 17:25:39 - [MESSAGE][PASSED] - Verify response status code successfully

2022-11-28 17:25:39 - [TEST_STEP][PASSED] - response = req_data.getResponseText(): null

2022-11-28 17:25:39 - [TEST_STEP][PASSED] - logInfo($response): {"status":"Done","data":{"requestid1":"256994","requestid2":"256995"}}

2022-11-28 17:25:39 - [MESSAGE][INFO] - {"status":"Done","data":{"requestid1":"256994","requestid2":"256995"}}

2022-11-28 17:25:39 - [TEST_STEP][PASSED] - delay(5): Delayed 5 second(s)

2022-11-28 17:25:44 - [MESSAGE][PASSED] - Delayed 5 second(s)

2022-11-28 17:25:44 - [TEST_STEP][PASSED] - scoring = sendRequest(findTestObject("EngineScore", ["response_searchME_kons":response_searchME_kons, "response_searchME_spouse":response_searchME_spouse])): Send request successfully

2022-11-28 17:25:44 - [MESSAGE][INFO] - HAR: D:\DMS\Engine Scoring\Reports\20221128_171922\Exclude KKB - DS - Married\Scoring Married - DS\20221128_171923\requests\main\101.har

2022-11-28 17:25:44 - [MESSAGE][PASSED] - Send request successfully

2022-11-28 17:25:44 - [TEST_STEP][PASSED] - verifyResponseStatusCode(scoring, 200): Verify response status code successfully

2022-11-28 17:25:44 - [MESSAGE][PASSED] - Verify response status code successfully

2022-11-28 17:25:44 - [TEST_STEP][PASSED] - response2 = scoring.getResponseText(): null

2022-11-28 17:25:44 - [TEST_STEP][PASSED] - markPassed("result service data ke : " + no): result service data ke : 51

2022-11-28 17:25:44 - [MESSAGE][PASSED] - result service data ke : 51

2022-11-28 17:25:44 - [TEST_STEP][PASSED] - logInfo($response2): {"result_konsumen":"Reguler","result_pasangan":"Reject","Final_result":"Reject","errorMessage":"","status":"Done"}

2022-11-28 17:25:44 - [MESSAGE][INFO] - {"result_konsumen":"Reguler","result_pasangan":"Reject","Final_result":"Reject","errorMessage":"","status":"Done"}

2022-11-28 17:25:44 - [TEST_STEP][PASSED] - verifyElementPropertyValue(scoring, "Final_result", final_result): Verify element property value successfully

2022-11-28 17:25:44 - [MESSAGE][PASSED] - Verify element property value successfully]]></system-out>
         <system-err><![CDATA[]]></system-err>
      </testcase>
      <testcase name="Test Cases/Engine_Scoring/Engine Scoring" time="6.658" classname="Test Cases/Engine_Scoring/Engine Scoring" status="PASSED">
         <system-out><![CDATA[2022-11-28 17:25:45 - [TEST_CASE][PASSED] - Test Cases/Engine_Scoring/Engine Scoring: Test Cases/Engine_Scoring/Engine Scoring

2022-11-28 17:25:45 - [TEST_STEP][PASSED] - markPassed("Variasi data ke : " + no): Variasi data ke : 52

2022-11-28 17:25:45 - [MESSAGE][PASSED] - Variasi data ke : 52

2022-11-28 17:25:45 - [TEST_STEP][PASSED] - req_data = sendRequest(findTestObject("Search_ME", ["MID":MID, "source":source, "ip":ip, "userid":userid, "branch":branch, "tipekons":tipekons, "marital":marital, "penjamin":penjamin, ... ])): Send request successfully

2022-11-28 17:25:46 - [MESSAGE][INFO] - HAR: D:\DMS\Engine Scoring\Reports\20221128_171922\Exclude KKB - DS - Married\Scoring Married - DS\20221128_171923\requests\main\102.har

2022-11-28 17:25:46 - [MESSAGE][PASSED] - Send request successfully

2022-11-28 17:25:46 - [TEST_STEP][PASSED] - slurper = new groovy.json.JsonSlurper(): null

2022-11-28 17:25:46 - [TEST_STEP][PASSED] - result = slurper.parseText(req_data.getResponseBodyContent()): null

2022-11-28 17:25:46 - [TEST_STEP][PASSED] - reqid_kons = requestid1: null

2022-11-28 17:25:46 - [TEST_STEP][PASSED] - reqid_spouse = requestid2: null

2022-11-28 17:25:46 - [TEST_STEP][PASSED] - println("requestid kons : " + reqid_kons): null

2022-11-28 17:25:46 - [TEST_STEP][PASSED] - response_searchME_kons = reqid_kons: null

2022-11-28 17:25:46 - [TEST_STEP][PASSED] - response_searchME_spouse = reqid_spouse: null

2022-11-28 17:25:46 - [TEST_STEP][PASSED] - println("kons req id is :" + response_searchME_kons): null

2022-11-28 17:25:46 - [TEST_STEP][PASSED] - println("spouse req id is : " + response_searchME_spouse): null

2022-11-28 17:25:46 - [TEST_STEP][PASSED] - verifyResponseStatusCode(req_data, 200): Verify response status code successfully

2022-11-28 17:25:46 - [MESSAGE][PASSED] - Verify response status code successfully

2022-11-28 17:25:46 - [TEST_STEP][PASSED] - response = req_data.getResponseText(): null

2022-11-28 17:25:46 - [TEST_STEP][PASSED] - logInfo($response): {"status":"Done","data":{"requestid1":"256996","requestid2":"256997"}}

2022-11-28 17:25:46 - [MESSAGE][INFO] - {"status":"Done","data":{"requestid1":"256996","requestid2":"256997"}}

2022-11-28 17:25:46 - [TEST_STEP][PASSED] - delay(5): Delayed 5 second(s)

2022-11-28 17:25:51 - [MESSAGE][PASSED] - Delayed 5 second(s)

2022-11-28 17:25:51 - [TEST_STEP][PASSED] - scoring = sendRequest(findTestObject("EngineScore", ["response_searchME_kons":response_searchME_kons, "response_searchME_spouse":response_searchME_spouse])): Send request successfully

2022-11-28 17:25:51 - [MESSAGE][INFO] - HAR: D:\DMS\Engine Scoring\Reports\20221128_171922\Exclude KKB - DS - Married\Scoring Married - DS\20221128_171923\requests\main\103.har

2022-11-28 17:25:51 - [MESSAGE][PASSED] - Send request successfully

2022-11-28 17:25:51 - [TEST_STEP][PASSED] - verifyResponseStatusCode(scoring, 200): Verify response status code successfully

2022-11-28 17:25:51 - [MESSAGE][PASSED] - Verify response status code successfully

2022-11-28 17:25:51 - [TEST_STEP][PASSED] - response2 = scoring.getResponseText(): null

2022-11-28 17:25:51 - [TEST_STEP][PASSED] - markPassed("result service data ke : " + no): result service data ke : 52

2022-11-28 17:25:51 - [MESSAGE][PASSED] - result service data ke : 52

2022-11-28 17:25:51 - [TEST_STEP][PASSED] - logInfo($response2): {"result_konsumen":"Reguler","result_pasangan":"Reject","Final_result":"Reject","errorMessage":"","status":"Done"}

2022-11-28 17:25:51 - [MESSAGE][INFO] - {"result_konsumen":"Reguler","result_pasangan":"Reject","Final_result":"Reject","errorMessage":"","status":"Done"}

2022-11-28 17:25:51 - [TEST_STEP][PASSED] - verifyElementPropertyValue(scoring, "Final_result", final_result): Verify element property value successfully

2022-11-28 17:25:51 - [MESSAGE][PASSED] - Verify element property value successfully]]></system-out>
         <system-err><![CDATA[]]></system-err>
      </testcase>
      <testcase name="Test Cases/Engine_Scoring/Engine Scoring" time="6.699" classname="Test Cases/Engine_Scoring/Engine Scoring" status="PASSED">
         <system-out><![CDATA[2022-11-28 17:25:51 - [TEST_CASE][PASSED] - Test Cases/Engine_Scoring/Engine Scoring: Test Cases/Engine_Scoring/Engine Scoring

2022-11-28 17:25:52 - [TEST_STEP][PASSED] - markPassed("Variasi data ke : " + no): Variasi data ke : 53

2022-11-28 17:25:52 - [MESSAGE][PASSED] - Variasi data ke : 53

2022-11-28 17:25:52 - [TEST_STEP][PASSED] - req_data = sendRequest(findTestObject("Search_ME", ["MID":MID, "source":source, "ip":ip, "userid":userid, "branch":branch, "tipekons":tipekons, "marital":marital, "penjamin":penjamin, ... ])): Send request successfully

2022-11-28 17:25:53 - [MESSAGE][INFO] - HAR: D:\DMS\Engine Scoring\Reports\20221128_171922\Exclude KKB - DS - Married\Scoring Married - DS\20221128_171923\requests\main\104.har

2022-11-28 17:25:53 - [MESSAGE][PASSED] - Send request successfully

2022-11-28 17:25:53 - [TEST_STEP][PASSED] - slurper = new groovy.json.JsonSlurper(): null

2022-11-28 17:25:53 - [TEST_STEP][PASSED] - result = slurper.parseText(req_data.getResponseBodyContent()): null

2022-11-28 17:25:53 - [TEST_STEP][PASSED] - reqid_kons = requestid1: null

2022-11-28 17:25:53 - [TEST_STEP][PASSED] - reqid_spouse = requestid2: null

2022-11-28 17:25:53 - [TEST_STEP][PASSED] - println("requestid kons : " + reqid_kons): null

2022-11-28 17:25:53 - [TEST_STEP][PASSED] - response_searchME_kons = reqid_kons: null

2022-11-28 17:25:53 - [TEST_STEP][PASSED] - response_searchME_spouse = reqid_spouse: null

2022-11-28 17:25:53 - [TEST_STEP][PASSED] - println("kons req id is :" + response_searchME_kons): null

2022-11-28 17:25:53 - [TEST_STEP][PASSED] - println("spouse req id is : " + response_searchME_spouse): null

2022-11-28 17:25:53 - [TEST_STEP][PASSED] - verifyResponseStatusCode(req_data, 200): Verify response status code successfully

2022-11-28 17:25:53 - [MESSAGE][PASSED] - Verify response status code successfully

2022-11-28 17:25:53 - [TEST_STEP][PASSED] - response = req_data.getResponseText(): null

2022-11-28 17:25:53 - [TEST_STEP][PASSED] - logInfo($response): {"status":"Done","data":{"requestid1":"256998","requestid2":"256999"}}

2022-11-28 17:25:53 - [MESSAGE][INFO] - {"status":"Done","data":{"requestid1":"256998","requestid2":"256999"}}

2022-11-28 17:25:53 - [TEST_STEP][PASSED] - delay(5): Delayed 5 second(s)

2022-11-28 17:25:58 - [MESSAGE][PASSED] - Delayed 5 second(s)

2022-11-28 17:25:58 - [TEST_STEP][PASSED] - scoring = sendRequest(findTestObject("EngineScore", ["response_searchME_kons":response_searchME_kons, "response_searchME_spouse":response_searchME_spouse])): Send request successfully

2022-11-28 17:25:58 - [MESSAGE][INFO] - HAR: D:\DMS\Engine Scoring\Reports\20221128_171922\Exclude KKB - DS - Married\Scoring Married - DS\20221128_171923\requests\main\105.har

2022-11-28 17:25:58 - [MESSAGE][PASSED] - Send request successfully

2022-11-28 17:25:58 - [TEST_STEP][PASSED] - verifyResponseStatusCode(scoring, 200): Verify response status code successfully

2022-11-28 17:25:58 - [MESSAGE][PASSED] - Verify response status code successfully

2022-11-28 17:25:58 - [TEST_STEP][PASSED] - response2 = scoring.getResponseText(): null

2022-11-28 17:25:58 - [TEST_STEP][PASSED] - markPassed("result service data ke : " + no): result service data ke : 53

2022-11-28 17:25:58 - [MESSAGE][PASSED] - result service data ke : 53

2022-11-28 17:25:58 - [TEST_STEP][PASSED] - logInfo($response2): {"result_konsumen":"Reguler","result_pasangan":"Reject","Final_result":"Reject","errorMessage":"","status":"Done"}

2022-11-28 17:25:58 - [MESSAGE][INFO] - {"result_konsumen":"Reguler","result_pasangan":"Reject","Final_result":"Reject","errorMessage":"","status":"Done"}

2022-11-28 17:25:58 - [TEST_STEP][PASSED] - verifyElementPropertyValue(scoring, "Final_result", final_result): Verify element property value successfully

2022-11-28 17:25:58 - [MESSAGE][PASSED] - Verify element property value successfully]]></system-out>
         <system-err><![CDATA[]]></system-err>
      </testcase>
      <testcase name="Test Cases/Engine_Scoring/Engine Scoring" time="6.78" classname="Test Cases/Engine_Scoring/Engine Scoring" status="PASSED">
         <system-out><![CDATA[2022-11-28 17:25:58 - [TEST_CASE][PASSED] - Test Cases/Engine_Scoring/Engine Scoring: Test Cases/Engine_Scoring/Engine Scoring

2022-11-28 17:25:59 - [TEST_STEP][PASSED] - markPassed("Variasi data ke : " + no): Variasi data ke : 54

2022-11-28 17:25:59 - [MESSAGE][PASSED] - Variasi data ke : 54

2022-11-28 17:25:59 - [TEST_STEP][PASSED] - req_data = sendRequest(findTestObject("Search_ME", ["MID":MID, "source":source, "ip":ip, "userid":userid, "branch":branch, "tipekons":tipekons, "marital":marital, "penjamin":penjamin, ... ])): Send request successfully

2022-11-28 17:26:00 - [MESSAGE][INFO] - HAR: D:\DMS\Engine Scoring\Reports\20221128_171922\Exclude KKB - DS - Married\Scoring Married - DS\20221128_171923\requests\main\106.har

2022-11-28 17:26:00 - [MESSAGE][PASSED] - Send request successfully

2022-11-28 17:26:00 - [TEST_STEP][PASSED] - slurper = new groovy.json.JsonSlurper(): null

2022-11-28 17:26:00 - [TEST_STEP][PASSED] - result = slurper.parseText(req_data.getResponseBodyContent()): null

2022-11-28 17:26:00 - [TEST_STEP][PASSED] - reqid_kons = requestid1: null

2022-11-28 17:26:00 - [TEST_STEP][PASSED] - reqid_spouse = requestid2: null

2022-11-28 17:26:00 - [TEST_STEP][PASSED] - println("requestid kons : " + reqid_kons): null

2022-11-28 17:26:00 - [TEST_STEP][PASSED] - response_searchME_kons = reqid_kons: null

2022-11-28 17:26:00 - [TEST_STEP][PASSED] - response_searchME_spouse = reqid_spouse: null

2022-11-28 17:26:00 - [TEST_STEP][PASSED] - println("kons req id is :" + response_searchME_kons): null

2022-11-28 17:26:00 - [TEST_STEP][PASSED] - println("spouse req id is : " + response_searchME_spouse): null

2022-11-28 17:26:00 - [TEST_STEP][PASSED] - verifyResponseStatusCode(req_data, 200): Verify response status code successfully

2022-11-28 17:26:00 - [MESSAGE][PASSED] - Verify response status code successfully

2022-11-28 17:26:00 - [TEST_STEP][PASSED] - response = req_data.getResponseText(): null

2022-11-28 17:26:00 - [TEST_STEP][PASSED] - logInfo($response): {"status":"Done","data":{"requestid1":"257000","requestid2":"257001"}}

2022-11-28 17:26:00 - [MESSAGE][INFO] - {"status":"Done","data":{"requestid1":"257000","requestid2":"257001"}}

2022-11-28 17:26:00 - [TEST_STEP][PASSED] - delay(5): Delayed 5 second(s)

2022-11-28 17:26:05 - [MESSAGE][PASSED] - Delayed 5 second(s)

2022-11-28 17:26:05 - [TEST_STEP][PASSED] - scoring = sendRequest(findTestObject("EngineScore", ["response_searchME_kons":response_searchME_kons, "response_searchME_spouse":response_searchME_spouse])): Send request successfully

2022-11-28 17:26:05 - [MESSAGE][INFO] - HAR: D:\DMS\Engine Scoring\Reports\20221128_171922\Exclude KKB - DS - Married\Scoring Married - DS\20221128_171923\requests\main\107.har

2022-11-28 17:26:05 - [MESSAGE][PASSED] - Send request successfully

2022-11-28 17:26:05 - [TEST_STEP][PASSED] - verifyResponseStatusCode(scoring, 200): Verify response status code successfully

2022-11-28 17:26:05 - [MESSAGE][PASSED] - Verify response status code successfully

2022-11-28 17:26:05 - [TEST_STEP][PASSED] - response2 = scoring.getResponseText(): null

2022-11-28 17:26:05 - [TEST_STEP][PASSED] - markPassed("result service data ke : " + no): result service data ke : 54

2022-11-28 17:26:05 - [MESSAGE][PASSED] - result service data ke : 54

2022-11-28 17:26:05 - [TEST_STEP][PASSED] - logInfo($response2): {"result_konsumen":"Reguler","result_pasangan":"Reject","Final_result":"Reject","errorMessage":"","status":"Done"}

2022-11-28 17:26:05 - [MESSAGE][INFO] - {"result_konsumen":"Reguler","result_pasangan":"Reject","Final_result":"Reject","errorMessage":"","status":"Done"}

2022-11-28 17:26:05 - [TEST_STEP][PASSED] - verifyElementPropertyValue(scoring, "Final_result", final_result): Verify element property value successfully

2022-11-28 17:26:05 - [MESSAGE][PASSED] - Verify element property value successfully]]></system-out>
         <system-err><![CDATA[]]></system-err>
      </testcase>
      <testcase name="Test Cases/Engine_Scoring/Engine Scoring" time="6.781" classname="Test Cases/Engine_Scoring/Engine Scoring" status="PASSED">
         <system-out><![CDATA[2022-11-28 17:26:05 - [TEST_CASE][PASSED] - Test Cases/Engine_Scoring/Engine Scoring: Test Cases/Engine_Scoring/Engine Scoring

2022-11-28 17:26:06 - [TEST_STEP][PASSED] - markPassed("Variasi data ke : " + no): Variasi data ke : 55

2022-11-28 17:26:06 - [MESSAGE][PASSED] - Variasi data ke : 55

2022-11-28 17:26:06 - [TEST_STEP][PASSED] - req_data = sendRequest(findTestObject("Search_ME", ["MID":MID, "source":source, "ip":ip, "userid":userid, "branch":branch, "tipekons":tipekons, "marital":marital, "penjamin":penjamin, ... ])): Send request successfully

2022-11-28 17:26:07 - [MESSAGE][INFO] - HAR: D:\DMS\Engine Scoring\Reports\20221128_171922\Exclude KKB - DS - Married\Scoring Married - DS\20221128_171923\requests\main\108.har

2022-11-28 17:26:07 - [MESSAGE][PASSED] - Send request successfully

2022-11-28 17:26:07 - [TEST_STEP][PASSED] - slurper = new groovy.json.JsonSlurper(): null

2022-11-28 17:26:07 - [TEST_STEP][PASSED] - result = slurper.parseText(req_data.getResponseBodyContent()): null

2022-11-28 17:26:07 - [TEST_STEP][PASSED] - reqid_kons = requestid1: null

2022-11-28 17:26:07 - [TEST_STEP][PASSED] - reqid_spouse = requestid2: null

2022-11-28 17:26:07 - [TEST_STEP][PASSED] - println("requestid kons : " + reqid_kons): null

2022-11-28 17:26:07 - [TEST_STEP][PASSED] - response_searchME_kons = reqid_kons: null

2022-11-28 17:26:07 - [TEST_STEP][PASSED] - response_searchME_spouse = reqid_spouse: null

2022-11-28 17:26:07 - [TEST_STEP][PASSED] - println("kons req id is :" + response_searchME_kons): null

2022-11-28 17:26:07 - [TEST_STEP][PASSED] - println("spouse req id is : " + response_searchME_spouse): null

2022-11-28 17:26:07 - [TEST_STEP][PASSED] - verifyResponseStatusCode(req_data, 200): Verify response status code successfully

2022-11-28 17:26:07 - [MESSAGE][PASSED] - Verify response status code successfully

2022-11-28 17:26:07 - [TEST_STEP][PASSED] - response = req_data.getResponseText(): null

2022-11-28 17:26:07 - [TEST_STEP][PASSED] - logInfo($response): {"status":"Done","data":{"requestid1":"257002","requestid2":"257003"}}

2022-11-28 17:26:07 - [MESSAGE][INFO] - {"status":"Done","data":{"requestid1":"257002","requestid2":"257003"}}

2022-11-28 17:26:07 - [TEST_STEP][PASSED] - delay(5): Delayed 5 second(s)

2022-11-28 17:26:12 - [MESSAGE][PASSED] - Delayed 5 second(s)

2022-11-28 17:26:12 - [TEST_STEP][PASSED] - scoring = sendRequest(findTestObject("EngineScore", ["response_searchME_kons":response_searchME_kons, "response_searchME_spouse":response_searchME_spouse])): Send request successfully

2022-11-28 17:26:12 - [MESSAGE][INFO] - HAR: D:\DMS\Engine Scoring\Reports\20221128_171922\Exclude KKB - DS - Married\Scoring Married - DS\20221128_171923\requests\main\109.har

2022-11-28 17:26:12 - [MESSAGE][PASSED] - Send request successfully

2022-11-28 17:26:12 - [TEST_STEP][PASSED] - verifyResponseStatusCode(scoring, 200): Verify response status code successfully

2022-11-28 17:26:12 - [MESSAGE][PASSED] - Verify response status code successfully

2022-11-28 17:26:12 - [TEST_STEP][PASSED] - response2 = scoring.getResponseText(): null

2022-11-28 17:26:12 - [TEST_STEP][PASSED] - markPassed("result service data ke : " + no): result service data ke : 55

2022-11-28 17:26:12 - [MESSAGE][PASSED] - result service data ke : 55

2022-11-28 17:26:12 - [TEST_STEP][PASSED] - logInfo($response2): {"result_konsumen":"Reguler","result_pasangan":"Reject","Final_result":"Reject","errorMessage":"","status":"Done"}

2022-11-28 17:26:12 - [MESSAGE][INFO] - {"result_konsumen":"Reguler","result_pasangan":"Reject","Final_result":"Reject","errorMessage":"","status":"Done"}

2022-11-28 17:26:12 - [TEST_STEP][PASSED] - verifyElementPropertyValue(scoring, "Final_result", final_result): Verify element property value successfully

2022-11-28 17:26:12 - [MESSAGE][PASSED] - Verify element property value successfully]]></system-out>
         <system-err><![CDATA[]]></system-err>
      </testcase>
      <testcase name="Test Cases/Engine_Scoring/Engine Scoring" time="6.829" classname="Test Cases/Engine_Scoring/Engine Scoring" status="PASSED">
         <system-out><![CDATA[2022-11-28 17:26:12 - [TEST_CASE][PASSED] - Test Cases/Engine_Scoring/Engine Scoring: Test Cases/Engine_Scoring/Engine Scoring

2022-11-28 17:26:13 - [TEST_STEP][PASSED] - markPassed("Variasi data ke : " + no): Variasi data ke : 56

2022-11-28 17:26:13 - [MESSAGE][PASSED] - Variasi data ke : 56

2022-11-28 17:26:13 - [TEST_STEP][PASSED] - req_data = sendRequest(findTestObject("Search_ME", ["MID":MID, "source":source, "ip":ip, "userid":userid, "branch":branch, "tipekons":tipekons, "marital":marital, "penjamin":penjamin, ... ])): Send request successfully

2022-11-28 17:26:13 - [MESSAGE][INFO] - HAR: D:\DMS\Engine Scoring\Reports\20221128_171922\Exclude KKB - DS - Married\Scoring Married - DS\20221128_171923\requests\main\110.har

2022-11-28 17:26:13 - [MESSAGE][PASSED] - Send request successfully

2022-11-28 17:26:13 - [TEST_STEP][PASSED] - slurper = new groovy.json.JsonSlurper(): null

2022-11-28 17:26:13 - [TEST_STEP][PASSED] - result = slurper.parseText(req_data.getResponseBodyContent()): null

2022-11-28 17:26:13 - [TEST_STEP][PASSED] - reqid_kons = requestid1: null

2022-11-28 17:26:13 - [TEST_STEP][PASSED] - reqid_spouse = requestid2: null

2022-11-28 17:26:13 - [TEST_STEP][PASSED] - println("requestid kons : " + reqid_kons): null

2022-11-28 17:26:13 - [TEST_STEP][PASSED] - response_searchME_kons = reqid_kons: null

2022-11-28 17:26:13 - [TEST_STEP][PASSED] - response_searchME_spouse = reqid_spouse: null

2022-11-28 17:26:13 - [TEST_STEP][PASSED] - println("kons req id is :" + response_searchME_kons): null

2022-11-28 17:26:13 - [TEST_STEP][PASSED] - println("spouse req id is : " + response_searchME_spouse): null

2022-11-28 17:26:13 - [TEST_STEP][PASSED] - verifyResponseStatusCode(req_data, 200): Verify response status code successfully

2022-11-28 17:26:13 - [MESSAGE][PASSED] - Verify response status code successfully

2022-11-28 17:26:13 - [TEST_STEP][PASSED] - response = req_data.getResponseText(): null

2022-11-28 17:26:13 - [TEST_STEP][PASSED] - logInfo($response): {"status":"Done","data":{"requestid1":"257004","requestid2":"257005"}}

2022-11-28 17:26:13 - [MESSAGE][INFO] - {"status":"Done","data":{"requestid1":"257004","requestid2":"257005"}}

2022-11-28 17:26:13 - [TEST_STEP][PASSED] - delay(5): Delayed 5 second(s)

2022-11-28 17:26:18 - [MESSAGE][PASSED] - Delayed 5 second(s)

2022-11-28 17:26:18 - [TEST_STEP][PASSED] - scoring = sendRequest(findTestObject("EngineScore", ["response_searchME_kons":response_searchME_kons, "response_searchME_spouse":response_searchME_spouse])): Send request successfully

2022-11-28 17:26:19 - [MESSAGE][INFO] - HAR: D:\DMS\Engine Scoring\Reports\20221128_171922\Exclude KKB - DS - Married\Scoring Married - DS\20221128_171923\requests\main\111.har

2022-11-28 17:26:19 - [MESSAGE][PASSED] - Send request successfully

2022-11-28 17:26:19 - [TEST_STEP][PASSED] - verifyResponseStatusCode(scoring, 200): Verify response status code successfully

2022-11-28 17:26:19 - [MESSAGE][PASSED] - Verify response status code successfully

2022-11-28 17:26:19 - [TEST_STEP][PASSED] - response2 = scoring.getResponseText(): null

2022-11-28 17:26:19 - [TEST_STEP][PASSED] - markPassed("result service data ke : " + no): result service data ke : 56

2022-11-28 17:26:19 - [MESSAGE][PASSED] - result service data ke : 56

2022-11-28 17:26:19 - [TEST_STEP][PASSED] - logInfo($response2): {"result_konsumen":"Reguler","result_pasangan":"Reject","Final_result":"Reject","errorMessage":"","status":"Done"}

2022-11-28 17:26:19 - [MESSAGE][INFO] - {"result_konsumen":"Reguler","result_pasangan":"Reject","Final_result":"Reject","errorMessage":"","status":"Done"}

2022-11-28 17:26:19 - [TEST_STEP][PASSED] - verifyElementPropertyValue(scoring, "Final_result", final_result): Verify element property value successfully

2022-11-28 17:26:19 - [MESSAGE][PASSED] - Verify element property value successfully]]></system-out>
         <system-err><![CDATA[]]></system-err>
      </testcase>
      <testcase name="Test Cases/Engine_Scoring/Engine Scoring" time="6.716" classname="Test Cases/Engine_Scoring/Engine Scoring" status="PASSED">
         <system-out><![CDATA[2022-11-28 17:26:19 - [TEST_CASE][PASSED] - Test Cases/Engine_Scoring/Engine Scoring: Test Cases/Engine_Scoring/Engine Scoring

2022-11-28 17:26:19 - [TEST_STEP][PASSED] - markPassed("Variasi data ke : " + no): Variasi data ke : 57

2022-11-28 17:26:19 - [MESSAGE][PASSED] - Variasi data ke : 57

2022-11-28 17:26:19 - [TEST_STEP][PASSED] - req_data = sendRequest(findTestObject("Search_ME", ["MID":MID, "source":source, "ip":ip, "userid":userid, "branch":branch, "tipekons":tipekons, "marital":marital, "penjamin":penjamin, ... ])): Send request successfully

2022-11-28 17:26:20 - [MESSAGE][INFO] - HAR: D:\DMS\Engine Scoring\Reports\20221128_171922\Exclude KKB - DS - Married\Scoring Married - DS\20221128_171923\requests\main\112.har

2022-11-28 17:26:20 - [MESSAGE][PASSED] - Send request successfully

2022-11-28 17:26:20 - [TEST_STEP][PASSED] - slurper = new groovy.json.JsonSlurper(): null

2022-11-28 17:26:20 - [TEST_STEP][PASSED] - result = slurper.parseText(req_data.getResponseBodyContent()): null

2022-11-28 17:26:20 - [TEST_STEP][PASSED] - reqid_kons = requestid1: null

2022-11-28 17:26:20 - [TEST_STEP][PASSED] - reqid_spouse = requestid2: null

2022-11-28 17:26:20 - [TEST_STEP][PASSED] - println("requestid kons : " + reqid_kons): null

2022-11-28 17:26:20 - [TEST_STEP][PASSED] - response_searchME_kons = reqid_kons: null

2022-11-28 17:26:20 - [TEST_STEP][PASSED] - response_searchME_spouse = reqid_spouse: null

2022-11-28 17:26:20 - [TEST_STEP][PASSED] - println("kons req id is :" + response_searchME_kons): null

2022-11-28 17:26:20 - [TEST_STEP][PASSED] - println("spouse req id is : " + response_searchME_spouse): null

2022-11-28 17:26:20 - [TEST_STEP][PASSED] - verifyResponseStatusCode(req_data, 200): Verify response status code successfully

2022-11-28 17:26:20 - [MESSAGE][PASSED] - Verify response status code successfully

2022-11-28 17:26:20 - [TEST_STEP][PASSED] - response = req_data.getResponseText(): null

2022-11-28 17:26:20 - [TEST_STEP][PASSED] - logInfo($response): {"status":"Done","data":{"requestid1":"257006","requestid2":"257007"}}

2022-11-28 17:26:20 - [MESSAGE][INFO] - {"status":"Done","data":{"requestid1":"257006","requestid2":"257007"}}

2022-11-28 17:26:20 - [TEST_STEP][PASSED] - delay(5): Delayed 5 second(s)

2022-11-28 17:26:25 - [MESSAGE][PASSED] - Delayed 5 second(s)

2022-11-28 17:26:25 - [TEST_STEP][PASSED] - scoring = sendRequest(findTestObject("EngineScore", ["response_searchME_kons":response_searchME_kons, "response_searchME_spouse":response_searchME_spouse])): Send request successfully

2022-11-28 17:26:25 - [MESSAGE][INFO] - HAR: D:\DMS\Engine Scoring\Reports\20221128_171922\Exclude KKB - DS - Married\Scoring Married - DS\20221128_171923\requests\main\113.har

2022-11-28 17:26:25 - [MESSAGE][PASSED] - Send request successfully

2022-11-28 17:26:25 - [TEST_STEP][PASSED] - verifyResponseStatusCode(scoring, 200): Verify response status code successfully

2022-11-28 17:26:25 - [MESSAGE][PASSED] - Verify response status code successfully

2022-11-28 17:26:25 - [TEST_STEP][PASSED] - response2 = scoring.getResponseText(): null

2022-11-28 17:26:25 - [TEST_STEP][PASSED] - markPassed("result service data ke : " + no): result service data ke : 57

2022-11-28 17:26:25 - [MESSAGE][PASSED] - result service data ke : 57

2022-11-28 17:26:25 - [TEST_STEP][PASSED] - logInfo($response2): {"result_konsumen":"Reguler","result_pasangan":"Reject","Final_result":"Reject","errorMessage":"","status":"Done"}

2022-11-28 17:26:25 - [MESSAGE][INFO] - {"result_konsumen":"Reguler","result_pasangan":"Reject","Final_result":"Reject","errorMessage":"","status":"Done"}

2022-11-28 17:26:25 - [TEST_STEP][PASSED] - verifyElementPropertyValue(scoring, "Final_result", final_result): Verify element property value successfully

2022-11-28 17:26:25 - [MESSAGE][PASSED] - Verify element property value successfully]]></system-out>
         <system-err><![CDATA[]]></system-err>
      </testcase>
      <system-out><![CDATA[2022-11-28 17:19:30 - [TEST_SUITE][PASSED] - Scoring Married - DS: Test Cases/Engine_Scoring/Engine Scoring]]></system-out>
      <system-err><![CDATA[]]></system-err>
   </testsuite>
</testsuites>
