<?xml version="1.0" encoding="UTF-8"?>
<testsuites name="Scoring Individu - DS" time="2191.237" tests="291" failures="10" errors="0">
   <testsuite name="Scoring Individu - DS" tests="291" failures="10" errors="0" time="2191.237" skipped="0" timestamp="2022-11-22 17:12:37" hostname="bcafmaster - WPI20220318001.bcaf.co.id" id="Test Suites/Exclude KKB - DS/Scoring Individu - DS">
      <properties>
         <property name="deviceName" value=""/>
         <property name="devicePlatform" value=""/>
         <property name="logFolder" value="D:\\DMS\\Engine Scoring\\Reports\\20221122_171227\\Exclude KKB - DS\\Scoring Individu - DS\\20221122_171227"/>
         <property name="logFiles" value="D:\\DMS\\Engine Scoring\\Reports\\20221122_171227\\Exclude KKB - DS\\Scoring Individu - DS\\20221122_171227\\execution0.log, D:\\DMS\\Engine Scoring\\Reports\\20221122_171227\\Exclude KKB - DS\\Scoring Individu - DS\\20221122_171227\\execution1.log, D:\\DMS\\Engine Scoring\\Reports\\20221122_171227\\Exclude KKB - DS\\Scoring Individu - DS\\20221122_171227\\execution2.log, D:\\DMS\\Engine Scoring\\Reports\\20221122_171227\\Exclude KKB - DS\\Scoring Individu - DS\\20221122_171227\\execution3.log"/>
         <property name="attachments" value=""/>
         <property name="hostName" value="bcafmaster - WPI20220318001.bcaf.co.id"/>
         <property name="hostAddress" value="10.10.8.57"/>
         <property name="os" value="Windows 10 64bit"/>
         <property name="katalonVersion" value="8.2.5.208"/>
      </properties>
      <testcase name="Test Cases/Engine_Scoring/Engine Scoring" time="7.78" classname="Test Cases/Engine_Scoring/Engine Scoring" status="PASSED">
         <system-out><![CDATA[2022-11-22 17:12:38 - [TEST_CASE][PASSED] - Test Cases/Engine_Scoring/Engine Scoring: Test Cases/Engine_Scoring/Engine Scoring

2022-11-22 17:12:39 - [TEST_STEP][PASSED] - markPassed("Variasi data ke : " + no): Variasi data ke : 1

2022-11-22 17:12:39 - [MESSAGE][PASSED] - Variasi data ke : 1

2022-11-22 17:12:39 - [TEST_STEP][PASSED] - req_data = sendRequest(findTestObject("Search_ME", ["MID":MID, "source":source, "ip":ip, "userid":userid, "branch":branch, "tipekons":tipekons, "marital":marital, "penjamin":penjamin, ... ])): Send request successfully

2022-11-22 17:12:42 - [MESSAGE][INFO] - HAR: D:\DMS\Engine Scoring\Reports\20221122_171227\Exclude KKB - DS\Scoring Individu - DS\20221122_171227\requests\main\0.har

2022-11-22 17:12:42 - [MESSAGE][PASSED] - Send request successfully

2022-11-22 17:12:42 - [TEST_STEP][PASSED] - slurper = new groovy.json.JsonSlurper(): null

2022-11-22 17:12:42 - [TEST_STEP][PASSED] - result = slurper.parseText(req_data.getResponseBodyContent()): null

2022-11-22 17:12:42 - [TEST_STEP][PASSED] - reqid_kons = requestid1: null

2022-11-22 17:12:42 - [TEST_STEP][PASSED] - reqid_spouse = requestid2: null

2022-11-22 17:12:42 - [TEST_STEP][PASSED] - println("requestid kons : " + reqid_kons): null

2022-11-22 17:12:42 - [TEST_STEP][PASSED] - response_searchME_kons = reqid_kons: null

2022-11-22 17:12:42 - [TEST_STEP][PASSED] - response_searchME_spouse = reqid_spouse: null

2022-11-22 17:12:42 - [TEST_STEP][PASSED] - println("kons req id is :" + response_searchME_kons): null

2022-11-22 17:12:42 - [TEST_STEP][PASSED] - println("spouse req id is : " + response_searchME_spouse): null

2022-11-22 17:12:42 - [TEST_STEP][PASSED] - verifyResponseStatusCode(req_data, 200): Verify response status code successfully

2022-11-22 17:12:42 - [MESSAGE][PASSED] - Verify response status code successfully

2022-11-22 17:12:42 - [TEST_STEP][PASSED] - response = req_data.getResponseText(): null

2022-11-22 17:12:42 - [TEST_STEP][PASSED] - logInfo($response): {"status":"Done","data":{"requestid1":"242415","requestid2":""}}

2022-11-22 17:12:42 - [MESSAGE][INFO] - {"status":"Done","data":{"requestid1":"242415","requestid2":""}}

2022-11-22 17:12:42 - [TEST_STEP][PASSED] - delay(3): Delayed 3 second(s)

2022-11-22 17:12:45 - [MESSAGE][PASSED] - Delayed 3 second(s)

2022-11-22 17:12:45 - [TEST_STEP][PASSED] - scoring = sendRequest(findTestObject("EngineScore", ["response_searchME_kons":response_searchME_kons, "response_searchME_spouse":response_searchME_spouse])): Send request successfully

2022-11-22 17:12:45 - [MESSAGE][INFO] - HAR: D:\DMS\Engine Scoring\Reports\20221122_171227\Exclude KKB - DS\Scoring Individu - DS\20221122_171227\requests\main\1.har

2022-11-22 17:12:45 - [MESSAGE][PASSED] - Send request successfully

2022-11-22 17:12:45 - [TEST_STEP][PASSED] - verifyResponseStatusCode(scoring, 200): Verify response status code successfully

2022-11-22 17:12:45 - [MESSAGE][PASSED] - Verify response status code successfully

2022-11-22 17:12:45 - [TEST_STEP][PASSED] - response2 = scoring.getResponseText(): null

2022-11-22 17:12:45 - [TEST_STEP][PASSED] - markPassed("result service data ke : " + no): result service data ke : 1

2022-11-22 17:12:45 - [MESSAGE][PASSED] - result service data ke : 1

2022-11-22 17:12:45 - [TEST_STEP][PASSED] - logInfo($response2): {"result_konsumen":"Approve","result_pasangan":"","Final_result":"Approve","errorMessage":"","status":"Done"}

2022-11-22 17:12:45 - [MESSAGE][INFO] - {"result_konsumen":"Approve","result_pasangan":"","Final_result":"Approve","errorMessage":"","status":"Done"}

2022-11-22 17:12:45 - [TEST_STEP][PASSED] - verifyElementPropertyValue(scoring, "Final_result", final_result): Verify element property value successfully

2022-11-22 17:12:45 - [MESSAGE][PASSED] - Verify element property value successfully]]></system-out>
         <system-err><![CDATA[]]></system-err>
      </testcase>
      <testcase name="Test Cases/Engine_Scoring/Engine Scoring" time="4.781" classname="Test Cases/Engine_Scoring/Engine Scoring" status="PASSED">
         <system-out><![CDATA[2022-11-22 17:12:45 - [TEST_CASE][PASSED] - Test Cases/Engine_Scoring/Engine Scoring: Test Cases/Engine_Scoring/Engine Scoring

2022-11-22 17:12:46 - [TEST_STEP][PASSED] - markPassed("Variasi data ke : " + no): Variasi data ke : 2

2022-11-22 17:12:46 - [MESSAGE][PASSED] - Variasi data ke : 2

2022-11-22 17:12:46 - [TEST_STEP][PASSED] - req_data = sendRequest(findTestObject("Search_ME", ["MID":MID, "source":source, "ip":ip, "userid":userid, "branch":branch, "tipekons":tipekons, "marital":marital, "penjamin":penjamin, ... ])): Send request successfully

2022-11-22 17:12:47 - [MESSAGE][INFO] - HAR: D:\DMS\Engine Scoring\Reports\20221122_171227\Exclude KKB - DS\Scoring Individu - DS\20221122_171227\requests\main\2.har

2022-11-22 17:12:47 - [MESSAGE][PASSED] - Send request successfully

2022-11-22 17:12:47 - [TEST_STEP][PASSED] - slurper = new groovy.json.JsonSlurper(): null

2022-11-22 17:12:47 - [TEST_STEP][PASSED] - result = slurper.parseText(req_data.getResponseBodyContent()): null

2022-11-22 17:12:47 - [TEST_STEP][PASSED] - reqid_kons = requestid1: null

2022-11-22 17:12:47 - [TEST_STEP][PASSED] - reqid_spouse = requestid2: null

2022-11-22 17:12:47 - [TEST_STEP][PASSED] - println("requestid kons : " + reqid_kons): null

2022-11-22 17:12:47 - [TEST_STEP][PASSED] - response_searchME_kons = reqid_kons: null

2022-11-22 17:12:47 - [TEST_STEP][PASSED] - response_searchME_spouse = reqid_spouse: null

2022-11-22 17:12:47 - [TEST_STEP][PASSED] - println("kons req id is :" + response_searchME_kons): null

2022-11-22 17:12:47 - [TEST_STEP][PASSED] - println("spouse req id is : " + response_searchME_spouse): null

2022-11-22 17:12:47 - [TEST_STEP][PASSED] - verifyResponseStatusCode(req_data, 200): Verify response status code successfully

2022-11-22 17:12:47 - [MESSAGE][PASSED] - Verify response status code successfully

2022-11-22 17:12:47 - [TEST_STEP][PASSED] - response = req_data.getResponseText(): null

2022-11-22 17:12:47 - [TEST_STEP][PASSED] - logInfo($response): {"status":"Done","data":{"requestid1":"242416","requestid2":""}}

2022-11-22 17:12:47 - [MESSAGE][INFO] - {"status":"Done","data":{"requestid1":"242416","requestid2":""}}

2022-11-22 17:12:47 - [TEST_STEP][PASSED] - delay(3): Delayed 3 second(s)

2022-11-22 17:12:50 - [MESSAGE][PASSED] - Delayed 3 second(s)

2022-11-22 17:12:50 - [TEST_STEP][PASSED] - scoring = sendRequest(findTestObject("EngineScore", ["response_searchME_kons":response_searchME_kons, "response_searchME_spouse":response_searchME_spouse])): Send request successfully

2022-11-22 17:12:50 - [MESSAGE][INFO] - HAR: D:\DMS\Engine Scoring\Reports\20221122_171227\Exclude KKB - DS\Scoring Individu - DS\20221122_171227\requests\main\3.har

2022-11-22 17:12:50 - [MESSAGE][PASSED] - Send request successfully

2022-11-22 17:12:50 - [TEST_STEP][PASSED] - verifyResponseStatusCode(scoring, 200): Verify response status code successfully

2022-11-22 17:12:50 - [MESSAGE][PASSED] - Verify response status code successfully

2022-11-22 17:12:50 - [TEST_STEP][PASSED] - response2 = scoring.getResponseText(): null

2022-11-22 17:12:50 - [TEST_STEP][PASSED] - markPassed("result service data ke : " + no): result service data ke : 2

2022-11-22 17:12:50 - [MESSAGE][PASSED] - result service data ke : 2

2022-11-22 17:12:50 - [TEST_STEP][PASSED] - logInfo($response2): {"result_konsumen":"Approve","result_pasangan":"","Final_result":"Approve","errorMessage":"","status":"Done"}

2022-11-22 17:12:50 - [MESSAGE][INFO] - {"result_konsumen":"Approve","result_pasangan":"","Final_result":"Approve","errorMessage":"","status":"Done"}

2022-11-22 17:12:50 - [TEST_STEP][PASSED] - verifyElementPropertyValue(scoring, "Final_result", final_result): Verify element property value successfully

2022-11-22 17:12:50 - [MESSAGE][PASSED] - Verify element property value successfully]]></system-out>
         <system-err><![CDATA[]]></system-err>
      </testcase>
      <testcase name="Test Cases/Engine_Scoring/Engine Scoring" time="4.621" classname="Test Cases/Engine_Scoring/Engine Scoring" status="PASSED">
         <system-out><![CDATA[2022-11-22 17:12:50 - [TEST_CASE][PASSED] - Test Cases/Engine_Scoring/Engine Scoring: Test Cases/Engine_Scoring/Engine Scoring

2022-11-22 17:12:51 - [TEST_STEP][PASSED] - markPassed("Variasi data ke : " + no): Variasi data ke : 3

2022-11-22 17:12:51 - [MESSAGE][PASSED] - Variasi data ke : 3

2022-11-22 17:12:51 - [TEST_STEP][PASSED] - req_data = sendRequest(findTestObject("Search_ME", ["MID":MID, "source":source, "ip":ip, "userid":userid, "branch":branch, "tipekons":tipekons, "marital":marital, "penjamin":penjamin, ... ])): Send request successfully

2022-11-22 17:12:52 - [MESSAGE][INFO] - HAR: D:\DMS\Engine Scoring\Reports\20221122_171227\Exclude KKB - DS\Scoring Individu - DS\20221122_171227\requests\main\4.har

2022-11-22 17:12:52 - [MESSAGE][PASSED] - Send request successfully

2022-11-22 17:12:52 - [TEST_STEP][PASSED] - slurper = new groovy.json.JsonSlurper(): null

2022-11-22 17:12:52 - [TEST_STEP][PASSED] - result = slurper.parseText(req_data.getResponseBodyContent()): null

2022-11-22 17:12:52 - [TEST_STEP][PASSED] - reqid_kons = requestid1: null

2022-11-22 17:12:52 - [TEST_STEP][PASSED] - reqid_spouse = requestid2: null

2022-11-22 17:12:52 - [TEST_STEP][PASSED] - println("requestid kons : " + reqid_kons): null

2022-11-22 17:12:52 - [TEST_STEP][PASSED] - response_searchME_kons = reqid_kons: null

2022-11-22 17:12:52 - [TEST_STEP][PASSED] - response_searchME_spouse = reqid_spouse: null

2022-11-22 17:12:52 - [TEST_STEP][PASSED] - println("kons req id is :" + response_searchME_kons): null

2022-11-22 17:12:52 - [TEST_STEP][PASSED] - println("spouse req id is : " + response_searchME_spouse): null

2022-11-22 17:12:52 - [TEST_STEP][PASSED] - verifyResponseStatusCode(req_data, 200): Verify response status code successfully

2022-11-22 17:12:52 - [MESSAGE][PASSED] - Verify response status code successfully

2022-11-22 17:12:52 - [TEST_STEP][PASSED] - response = req_data.getResponseText(): null

2022-11-22 17:12:52 - [TEST_STEP][PASSED] - logInfo($response): {"status":"Done","data":{"requestid1":"242417","requestid2":""}}

2022-11-22 17:12:52 - [MESSAGE][INFO] - {"status":"Done","data":{"requestid1":"242417","requestid2":""}}

2022-11-22 17:12:52 - [TEST_STEP][PASSED] - delay(3): Delayed 3 second(s)

2022-11-22 17:12:55 - [MESSAGE][PASSED] - Delayed 3 second(s)

2022-11-22 17:12:55 - [TEST_STEP][PASSED] - scoring = sendRequest(findTestObject("EngineScore", ["response_searchME_kons":response_searchME_kons, "response_searchME_spouse":response_searchME_spouse])): Send request successfully

2022-11-22 17:12:55 - [MESSAGE][INFO] - HAR: D:\DMS\Engine Scoring\Reports\20221122_171227\Exclude KKB - DS\Scoring Individu - DS\20221122_171227\requests\main\5.har

2022-11-22 17:12:55 - [MESSAGE][PASSED] - Send request successfully

2022-11-22 17:12:55 - [TEST_STEP][PASSED] - verifyResponseStatusCode(scoring, 200): Verify response status code successfully

2022-11-22 17:12:55 - [MESSAGE][PASSED] - Verify response status code successfully

2022-11-22 17:12:55 - [TEST_STEP][PASSED] - response2 = scoring.getResponseText(): null

2022-11-22 17:12:55 - [TEST_STEP][PASSED] - markPassed("result service data ke : " + no): result service data ke : 3

2022-11-22 17:12:55 - [MESSAGE][PASSED] - result service data ke : 3

2022-11-22 17:12:55 - [TEST_STEP][PASSED] - logInfo($response2): {"result_konsumen":"Approve","result_pasangan":"","Final_result":"Approve","errorMessage":"","status":"Done"}

2022-11-22 17:12:55 - [MESSAGE][INFO] - {"result_konsumen":"Approve","result_pasangan":"","Final_result":"Approve","errorMessage":"","status":"Done"}

2022-11-22 17:12:55 - [TEST_STEP][PASSED] - verifyElementPropertyValue(scoring, "Final_result", final_result): Verify element property value successfully

2022-11-22 17:12:55 - [MESSAGE][PASSED] - Verify element property value successfully]]></system-out>
         <system-err><![CDATA[]]></system-err>
      </testcase>
      <testcase name="Test Cases/Engine_Scoring/Engine Scoring" time="4.674" classname="Test Cases/Engine_Scoring/Engine Scoring" status="PASSED">
         <system-out><![CDATA[2022-11-22 17:12:55 - [TEST_CASE][PASSED] - Test Cases/Engine_Scoring/Engine Scoring: Test Cases/Engine_Scoring/Engine Scoring

2022-11-22 17:12:56 - [TEST_STEP][PASSED] - markPassed("Variasi data ke : " + no): Variasi data ke : 4

2022-11-22 17:12:56 - [MESSAGE][PASSED] - Variasi data ke : 4

2022-11-22 17:12:56 - [TEST_STEP][PASSED] - req_data = sendRequest(findTestObject("Search_ME", ["MID":MID, "source":source, "ip":ip, "userid":userid, "branch":branch, "tipekons":tipekons, "marital":marital, "penjamin":penjamin, ... ])): Send request successfully

2022-11-22 17:12:56 - [MESSAGE][INFO] - HAR: D:\DMS\Engine Scoring\Reports\20221122_171227\Exclude KKB - DS\Scoring Individu - DS\20221122_171227\requests\main\6.har

2022-11-22 17:12:56 - [MESSAGE][PASSED] - Send request successfully

2022-11-22 17:12:56 - [TEST_STEP][PASSED] - slurper = new groovy.json.JsonSlurper(): null

2022-11-22 17:12:56 - [TEST_STEP][PASSED] - result = slurper.parseText(req_data.getResponseBodyContent()): null

2022-11-22 17:12:56 - [TEST_STEP][PASSED] - reqid_kons = requestid1: null

2022-11-22 17:12:56 - [TEST_STEP][PASSED] - reqid_spouse = requestid2: null

2022-11-22 17:12:56 - [TEST_STEP][PASSED] - println("requestid kons : " + reqid_kons): null

2022-11-22 17:12:56 - [TEST_STEP][PASSED] - response_searchME_kons = reqid_kons: null

2022-11-22 17:12:56 - [TEST_STEP][PASSED] - response_searchME_spouse = reqid_spouse: null

2022-11-22 17:12:56 - [TEST_STEP][PASSED] - println("kons req id is :" + response_searchME_kons): null

2022-11-22 17:12:56 - [TEST_STEP][PASSED] - println("spouse req id is : " + response_searchME_spouse): null

2022-11-22 17:12:56 - [TEST_STEP][PASSED] - verifyResponseStatusCode(req_data, 200): Verify response status code successfully

2022-11-22 17:12:56 - [MESSAGE][PASSED] - Verify response status code successfully

2022-11-22 17:12:56 - [TEST_STEP][PASSED] - response = req_data.getResponseText(): null

2022-11-22 17:12:56 - [TEST_STEP][PASSED] - logInfo($response): {"status":"Done","data":{"requestid1":"242418","requestid2":""}}

2022-11-22 17:12:56 - [MESSAGE][INFO] - {"status":"Done","data":{"requestid1":"242418","requestid2":""}}

2022-11-22 17:12:56 - [TEST_STEP][PASSED] - delay(3): Delayed 3 second(s)

2022-11-22 17:12:59 - [MESSAGE][PASSED] - Delayed 3 second(s)

2022-11-22 17:12:59 - [TEST_STEP][PASSED] - scoring = sendRequest(findTestObject("EngineScore", ["response_searchME_kons":response_searchME_kons, "response_searchME_spouse":response_searchME_spouse])): Send request successfully

2022-11-22 17:12:59 - [MESSAGE][INFO] - HAR: D:\DMS\Engine Scoring\Reports\20221122_171227\Exclude KKB - DS\Scoring Individu - DS\20221122_171227\requests\main\7.har

2022-11-22 17:12:59 - [MESSAGE][PASSED] - Send request successfully

2022-11-22 17:12:59 - [TEST_STEP][PASSED] - verifyResponseStatusCode(scoring, 200): Verify response status code successfully

2022-11-22 17:12:59 - [MESSAGE][PASSED] - Verify response status code successfully

2022-11-22 17:12:59 - [TEST_STEP][PASSED] - response2 = scoring.getResponseText(): null

2022-11-22 17:12:59 - [TEST_STEP][PASSED] - markPassed("result service data ke : " + no): result service data ke : 4

2022-11-22 17:12:59 - [MESSAGE][PASSED] - result service data ke : 4

2022-11-22 17:12:59 - [TEST_STEP][PASSED] - logInfo($response2): {"result_konsumen":"Approve","result_pasangan":"","Final_result":"Approve","errorMessage":"","status":"Done"}

2022-11-22 17:12:59 - [MESSAGE][INFO] - {"result_konsumen":"Approve","result_pasangan":"","Final_result":"Approve","errorMessage":"","status":"Done"}

2022-11-22 17:12:59 - [TEST_STEP][PASSED] - verifyElementPropertyValue(scoring, "Final_result", final_result): Verify element property value successfully

2022-11-22 17:13:00 - [MESSAGE][PASSED] - Verify element property value successfully]]></system-out>
         <system-err><![CDATA[]]></system-err>
      </testcase>
      <testcase name="Test Cases/Engine_Scoring/Engine Scoring" time="4.827" classname="Test Cases/Engine_Scoring/Engine Scoring" status="PASSED">
         <system-out><![CDATA[2022-11-22 17:13:00 - [TEST_CASE][PASSED] - Test Cases/Engine_Scoring/Engine Scoring: Test Cases/Engine_Scoring/Engine Scoring

2022-11-22 17:13:00 - [TEST_STEP][PASSED] - markPassed("Variasi data ke : " + no): Variasi data ke : 5

2022-11-22 17:13:00 - [MESSAGE][PASSED] - Variasi data ke : 5

2022-11-22 17:13:00 - [TEST_STEP][PASSED] - req_data = sendRequest(findTestObject("Search_ME", ["MID":MID, "source":source, "ip":ip, "userid":userid, "branch":branch, "tipekons":tipekons, "marital":marital, "penjamin":penjamin, ... ])): Send request successfully

2022-11-22 17:13:01 - [MESSAGE][INFO] - HAR: D:\DMS\Engine Scoring\Reports\20221122_171227\Exclude KKB - DS\Scoring Individu - DS\20221122_171227\requests\main\8.har

2022-11-22 17:13:01 - [MESSAGE][PASSED] - Send request successfully

2022-11-22 17:13:01 - [TEST_STEP][PASSED] - slurper = new groovy.json.JsonSlurper(): null

2022-11-22 17:13:01 - [TEST_STEP][PASSED] - result = slurper.parseText(req_data.getResponseBodyContent()): null

2022-11-22 17:13:01 - [TEST_STEP][PASSED] - reqid_kons = requestid1: null

2022-11-22 17:13:01 - [TEST_STEP][PASSED] - reqid_spouse = requestid2: null

2022-11-22 17:13:01 - [TEST_STEP][PASSED] - println("requestid kons : " + reqid_kons): null

2022-11-22 17:13:01 - [TEST_STEP][PASSED] - response_searchME_kons = reqid_kons: null

2022-11-22 17:13:01 - [TEST_STEP][PASSED] - response_searchME_spouse = reqid_spouse: null

2022-11-22 17:13:01 - [TEST_STEP][PASSED] - println("kons req id is :" + response_searchME_kons): null

2022-11-22 17:13:01 - [TEST_STEP][PASSED] - println("spouse req id is : " + response_searchME_spouse): null

2022-11-22 17:13:01 - [TEST_STEP][PASSED] - verifyResponseStatusCode(req_data, 200): Verify response status code successfully

2022-11-22 17:13:01 - [MESSAGE][PASSED] - Verify response status code successfully

2022-11-22 17:13:01 - [TEST_STEP][PASSED] - response = req_data.getResponseText(): null

2022-11-22 17:13:01 - [TEST_STEP][PASSED] - logInfo($response): {"status":"Done","data":{"requestid1":"242419","requestid2":""}}

2022-11-22 17:13:01 - [MESSAGE][INFO] - {"status":"Done","data":{"requestid1":"242419","requestid2":""}}

2022-11-22 17:13:01 - [TEST_STEP][PASSED] - delay(3): Delayed 3 second(s)

2022-11-22 17:13:04 - [MESSAGE][PASSED] - Delayed 3 second(s)

2022-11-22 17:13:04 - [TEST_STEP][PASSED] - scoring = sendRequest(findTestObject("EngineScore", ["response_searchME_kons":response_searchME_kons, "response_searchME_spouse":response_searchME_spouse])): Send request successfully

2022-11-22 17:13:04 - [MESSAGE][INFO] - HAR: D:\DMS\Engine Scoring\Reports\20221122_171227\Exclude KKB - DS\Scoring Individu - DS\20221122_171227\requests\main\9.har

2022-11-22 17:13:04 - [MESSAGE][PASSED] - Send request successfully

2022-11-22 17:13:04 - [TEST_STEP][PASSED] - verifyResponseStatusCode(scoring, 200): Verify response status code successfully

2022-11-22 17:13:04 - [MESSAGE][PASSED] - Verify response status code successfully

2022-11-22 17:13:04 - [TEST_STEP][PASSED] - response2 = scoring.getResponseText(): null

2022-11-22 17:13:04 - [TEST_STEP][PASSED] - markPassed("result service data ke : " + no): result service data ke : 5

2022-11-22 17:13:04 - [MESSAGE][PASSED] - result service data ke : 5

2022-11-22 17:13:04 - [TEST_STEP][PASSED] - logInfo($response2): {"result_konsumen":"Reject","result_pasangan":"","Final_result":"Reject","errorMessage":"","status":"Done"}

2022-11-22 17:13:04 - [MESSAGE][INFO] - {"result_konsumen":"Reject","result_pasangan":"","Final_result":"Reject","errorMessage":"","status":"Done"}

2022-11-22 17:13:04 - [TEST_STEP][PASSED] - verifyElementPropertyValue(scoring, "Final_result", final_result): Verify element property value successfully

2022-11-22 17:13:04 - [MESSAGE][PASSED] - Verify element property value successfully]]></system-out>
         <system-err><![CDATA[]]></system-err>
      </testcase>
      <testcase name="Test Cases/Engine_Scoring/Engine Scoring" time="4.495" classname="Test Cases/Engine_Scoring/Engine Scoring" status="PASSED">
         <system-out><![CDATA[2022-11-22 17:13:04 - [TEST_CASE][PASSED] - Test Cases/Engine_Scoring/Engine Scoring: Test Cases/Engine_Scoring/Engine Scoring

2022-11-22 17:13:05 - [TEST_STEP][PASSED] - markPassed("Variasi data ke : " + no): Variasi data ke : 6

2022-11-22 17:13:05 - [MESSAGE][PASSED] - Variasi data ke : 6

2022-11-22 17:13:05 - [TEST_STEP][PASSED] - req_data = sendRequest(findTestObject("Search_ME", ["MID":MID, "source":source, "ip":ip, "userid":userid, "branch":branch, "tipekons":tipekons, "marital":marital, "penjamin":penjamin, ... ])): Send request successfully

2022-11-22 17:13:06 - [MESSAGE][INFO] - HAR: D:\DMS\Engine Scoring\Reports\20221122_171227\Exclude KKB - DS\Scoring Individu - DS\20221122_171227\requests\main\10.har

2022-11-22 17:13:06 - [MESSAGE][PASSED] - Send request successfully

2022-11-22 17:13:06 - [TEST_STEP][PASSED] - slurper = new groovy.json.JsonSlurper(): null

2022-11-22 17:13:06 - [TEST_STEP][PASSED] - result = slurper.parseText(req_data.getResponseBodyContent()): null

2022-11-22 17:13:06 - [TEST_STEP][PASSED] - reqid_kons = requestid1: null

2022-11-22 17:13:06 - [TEST_STEP][PASSED] - reqid_spouse = requestid2: null

2022-11-22 17:13:06 - [TEST_STEP][PASSED] - println("requestid kons : " + reqid_kons): null

2022-11-22 17:13:06 - [TEST_STEP][PASSED] - response_searchME_kons = reqid_kons: null

2022-11-22 17:13:06 - [TEST_STEP][PASSED] - response_searchME_spouse = reqid_spouse: null

2022-11-22 17:13:06 - [TEST_STEP][PASSED] - println("kons req id is :" + response_searchME_kons): null

2022-11-22 17:13:06 - [TEST_STEP][PASSED] - println("spouse req id is : " + response_searchME_spouse): null

2022-11-22 17:13:06 - [TEST_STEP][PASSED] - verifyResponseStatusCode(req_data, 200): Verify response status code successfully

2022-11-22 17:13:06 - [MESSAGE][PASSED] - Verify response status code successfully

2022-11-22 17:13:06 - [TEST_STEP][PASSED] - response = req_data.getResponseText(): null

2022-11-22 17:13:06 - [TEST_STEP][PASSED] - logInfo($response): {"status":"Done","data":{"requestid1":"242420","requestid2":""}}

2022-11-22 17:13:06 - [MESSAGE][INFO] - {"status":"Done","data":{"requestid1":"242420","requestid2":""}}

2022-11-22 17:13:06 - [TEST_STEP][PASSED] - delay(3): Delayed 3 second(s)

2022-11-22 17:13:09 - [MESSAGE][PASSED] - Delayed 3 second(s)

2022-11-22 17:13:09 - [TEST_STEP][PASSED] - scoring = sendRequest(findTestObject("EngineScore", ["response_searchME_kons":response_searchME_kons, "response_searchME_spouse":response_searchME_spouse])): Send request successfully

2022-11-22 17:13:09 - [MESSAGE][INFO] - HAR: D:\DMS\Engine Scoring\Reports\20221122_171227\Exclude KKB - DS\Scoring Individu - DS\20221122_171227\requests\main\11.har

2022-11-22 17:13:09 - [MESSAGE][PASSED] - Send request successfully

2022-11-22 17:13:09 - [TEST_STEP][PASSED] - verifyResponseStatusCode(scoring, 200): Verify response status code successfully

2022-11-22 17:13:09 - [MESSAGE][PASSED] - Verify response status code successfully

2022-11-22 17:13:09 - [TEST_STEP][PASSED] - response2 = scoring.getResponseText(): null

2022-11-22 17:13:09 - [TEST_STEP][PASSED] - markPassed("result service data ke : " + no): result service data ke : 6

2022-11-22 17:13:09 - [MESSAGE][PASSED] - result service data ke : 6

2022-11-22 17:13:09 - [TEST_STEP][PASSED] - logInfo($response2): {"result_konsumen":"Reject","result_pasangan":"","Final_result":"Reject","errorMessage":"","status":"Done"}

2022-11-22 17:13:09 - [MESSAGE][INFO] - {"result_konsumen":"Reject","result_pasangan":"","Final_result":"Reject","errorMessage":"","status":"Done"}

2022-11-22 17:13:09 - [TEST_STEP][PASSED] - verifyElementPropertyValue(scoring, "Final_result", final_result): Verify element property value successfully

2022-11-22 17:13:09 - [MESSAGE][PASSED] - Verify element property value successfully]]></system-out>
         <system-err><![CDATA[]]></system-err>
      </testcase>
      <testcase name="Test Cases/Engine_Scoring/Engine Scoring" time="4.533" classname="Test Cases/Engine_Scoring/Engine Scoring" status="PASSED">
         <system-out><![CDATA[2022-11-22 17:13:09 - [TEST_CASE][PASSED] - Test Cases/Engine_Scoring/Engine Scoring: Test Cases/Engine_Scoring/Engine Scoring

2022-11-22 17:13:10 - [TEST_STEP][PASSED] - markPassed("Variasi data ke : " + no): Variasi data ke : 7

2022-11-22 17:13:10 - [MESSAGE][PASSED] - Variasi data ke : 7

2022-11-22 17:13:10 - [TEST_STEP][PASSED] - req_data = sendRequest(findTestObject("Search_ME", ["MID":MID, "source":source, "ip":ip, "userid":userid, "branch":branch, "tipekons":tipekons, "marital":marital, "penjamin":penjamin, ... ])): Send request successfully

2022-11-22 17:13:10 - [MESSAGE][INFO] - HAR: D:\DMS\Engine Scoring\Reports\20221122_171227\Exclude KKB - DS\Scoring Individu - DS\20221122_171227\requests\main\12.har

2022-11-22 17:13:10 - [MESSAGE][PASSED] - Send request successfully

2022-11-22 17:13:10 - [TEST_STEP][PASSED] - slurper = new groovy.json.JsonSlurper(): null

2022-11-22 17:13:10 - [TEST_STEP][PASSED] - result = slurper.parseText(req_data.getResponseBodyContent()): null

2022-11-22 17:13:10 - [TEST_STEP][PASSED] - reqid_kons = requestid1: null

2022-11-22 17:13:10 - [TEST_STEP][PASSED] - reqid_spouse = requestid2: null

2022-11-22 17:13:10 - [TEST_STEP][PASSED] - println("requestid kons : " + reqid_kons): null

2022-11-22 17:13:10 - [TEST_STEP][PASSED] - response_searchME_kons = reqid_kons: null

2022-11-22 17:13:10 - [TEST_STEP][PASSED] - response_searchME_spouse = reqid_spouse: null

2022-11-22 17:13:10 - [TEST_STEP][PASSED] - println("kons req id is :" + response_searchME_kons): null

2022-11-22 17:13:10 - [TEST_STEP][PASSED] - println("spouse req id is : " + response_searchME_spouse): null

2022-11-22 17:13:10 - [TEST_STEP][PASSED] - verifyResponseStatusCode(req_data, 200): Verify response status code successfully

2022-11-22 17:13:10 - [MESSAGE][PASSED] - Verify response status code successfully

2022-11-22 17:13:10 - [TEST_STEP][PASSED] - response = req_data.getResponseText(): null

2022-11-22 17:13:10 - [TEST_STEP][PASSED] - logInfo($response): {"status":"Done","data":{"requestid1":"242421","requestid2":""}}

2022-11-22 17:13:10 - [MESSAGE][INFO] - {"status":"Done","data":{"requestid1":"242421","requestid2":""}}

2022-11-22 17:13:10 - [TEST_STEP][PASSED] - delay(3): Delayed 3 second(s)

2022-11-22 17:13:13 - [MESSAGE][PASSED] - Delayed 3 second(s)

2022-11-22 17:13:13 - [TEST_STEP][PASSED] - scoring = sendRequest(findTestObject("EngineScore", ["response_searchME_kons":response_searchME_kons, "response_searchME_spouse":response_searchME_spouse])): Send request successfully

2022-11-22 17:13:13 - [MESSAGE][INFO] - HAR: D:\DMS\Engine Scoring\Reports\20221122_171227\Exclude KKB - DS\Scoring Individu - DS\20221122_171227\requests\main\13.har

2022-11-22 17:13:13 - [MESSAGE][PASSED] - Send request successfully

2022-11-22 17:13:13 - [TEST_STEP][PASSED] - verifyResponseStatusCode(scoring, 200): Verify response status code successfully

2022-11-22 17:13:13 - [MESSAGE][PASSED] - Verify response status code successfully

2022-11-22 17:13:13 - [TEST_STEP][PASSED] - response2 = scoring.getResponseText(): null

2022-11-22 17:13:13 - [TEST_STEP][PASSED] - markPassed("result service data ke : " + no): result service data ke : 7

2022-11-22 17:13:13 - [MESSAGE][PASSED] - result service data ke : 7

2022-11-22 17:13:13 - [TEST_STEP][PASSED] - logInfo($response2): {"result_konsumen":"Reguler","result_pasangan":"","Final_result":"Reguler","errorMessage":"","status":"Done"}

2022-11-22 17:13:13 - [MESSAGE][INFO] - {"result_konsumen":"Reguler","result_pasangan":"","Final_result":"Reguler","errorMessage":"","status":"Done"}

2022-11-22 17:13:13 - [TEST_STEP][PASSED] - verifyElementPropertyValue(scoring, "Final_result", final_result): Verify element property value successfully

2022-11-22 17:13:13 - [MESSAGE][PASSED] - Verify element property value successfully]]></system-out>
         <system-err><![CDATA[]]></system-err>
      </testcase>
      <testcase name="Test Cases/Engine_Scoring/Engine Scoring" time="4.595" classname="Test Cases/Engine_Scoring/Engine Scoring" status="PASSED">
         <system-out><![CDATA[2022-11-22 17:13:14 - [TEST_CASE][PASSED] - Test Cases/Engine_Scoring/Engine Scoring: Test Cases/Engine_Scoring/Engine Scoring

2022-11-22 17:13:14 - [TEST_STEP][PASSED] - markPassed("Variasi data ke : " + no): Variasi data ke : 8

2022-11-22 17:13:14 - [MESSAGE][PASSED] - Variasi data ke : 8

2022-11-22 17:13:14 - [TEST_STEP][PASSED] - req_data = sendRequest(findTestObject("Search_ME", ["MID":MID, "source":source, "ip":ip, "userid":userid, "branch":branch, "tipekons":tipekons, "marital":marital, "penjamin":penjamin, ... ])): Send request successfully

2022-11-22 17:13:15 - [MESSAGE][INFO] - HAR: D:\DMS\Engine Scoring\Reports\20221122_171227\Exclude KKB - DS\Scoring Individu - DS\20221122_171227\requests\main\14.har

2022-11-22 17:13:15 - [MESSAGE][PASSED] - Send request successfully

2022-11-22 17:13:15 - [TEST_STEP][PASSED] - slurper = new groovy.json.JsonSlurper(): null

2022-11-22 17:13:15 - [TEST_STEP][PASSED] - result = slurper.parseText(req_data.getResponseBodyContent()): null

2022-11-22 17:13:15 - [TEST_STEP][PASSED] - reqid_kons = requestid1: null

2022-11-22 17:13:15 - [TEST_STEP][PASSED] - reqid_spouse = requestid2: null

2022-11-22 17:13:15 - [TEST_STEP][PASSED] - println("requestid kons : " + reqid_kons): null

2022-11-22 17:13:15 - [TEST_STEP][PASSED] - response_searchME_kons = reqid_kons: null

2022-11-22 17:13:15 - [TEST_STEP][PASSED] - response_searchME_spouse = reqid_spouse: null

2022-11-22 17:13:15 - [TEST_STEP][PASSED] - println("kons req id is :" + response_searchME_kons): null

2022-11-22 17:13:15 - [TEST_STEP][PASSED] - println("spouse req id is : " + response_searchME_spouse): null

2022-11-22 17:13:15 - [TEST_STEP][PASSED] - verifyResponseStatusCode(req_data, 200): Verify response status code successfully

2022-11-22 17:13:15 - [MESSAGE][PASSED] - Verify response status code successfully

2022-11-22 17:13:15 - [TEST_STEP][PASSED] - response = req_data.getResponseText(): null

2022-11-22 17:13:15 - [TEST_STEP][PASSED] - logInfo($response): {"status":"Done","data":{"requestid1":"242422","requestid2":""}}

2022-11-22 17:13:15 - [MESSAGE][INFO] - {"status":"Done","data":{"requestid1":"242422","requestid2":""}}

2022-11-22 17:13:15 - [TEST_STEP][PASSED] - delay(3): Delayed 3 second(s)

2022-11-22 17:13:18 - [MESSAGE][PASSED] - Delayed 3 second(s)

2022-11-22 17:13:18 - [TEST_STEP][PASSED] - scoring = sendRequest(findTestObject("EngineScore", ["response_searchME_kons":response_searchME_kons, "response_searchME_spouse":response_searchME_spouse])): Send request successfully

2022-11-22 17:13:18 - [MESSAGE][INFO] - HAR: D:\DMS\Engine Scoring\Reports\20221122_171227\Exclude KKB - DS\Scoring Individu - DS\20221122_171227\requests\main\15.har

2022-11-22 17:13:18 - [MESSAGE][PASSED] - Send request successfully

2022-11-22 17:13:18 - [TEST_STEP][PASSED] - verifyResponseStatusCode(scoring, 200): Verify response status code successfully

2022-11-22 17:13:18 - [MESSAGE][PASSED] - Verify response status code successfully

2022-11-22 17:13:18 - [TEST_STEP][PASSED] - response2 = scoring.getResponseText(): null

2022-11-22 17:13:18 - [TEST_STEP][PASSED] - markPassed("result service data ke : " + no): result service data ke : 8

2022-11-22 17:13:18 - [MESSAGE][PASSED] - result service data ke : 8

2022-11-22 17:13:18 - [TEST_STEP][PASSED] - logInfo($response2): {"result_konsumen":"Reguler","result_pasangan":"","Final_result":"Reguler","errorMessage":"","status":"Done"}

2022-11-22 17:13:18 - [MESSAGE][INFO] - {"result_konsumen":"Reguler","result_pasangan":"","Final_result":"Reguler","errorMessage":"","status":"Done"}

2022-11-22 17:13:18 - [TEST_STEP][PASSED] - verifyElementPropertyValue(scoring, "Final_result", final_result): Verify element property value successfully

2022-11-22 17:13:18 - [MESSAGE][PASSED] - Verify element property value successfully]]></system-out>
         <system-err><![CDATA[]]></system-err>
      </testcase>
      <testcase name="Test Cases/Engine_Scoring/Engine Scoring" time="4.576" classname="Test Cases/Engine_Scoring/Engine Scoring" status="PASSED">
         <system-out><![CDATA[2022-11-22 17:13:18 - [TEST_CASE][PASSED] - Test Cases/Engine_Scoring/Engine Scoring: Test Cases/Engine_Scoring/Engine Scoring

2022-11-22 17:13:19 - [TEST_STEP][PASSED] - markPassed("Variasi data ke : " + no): Variasi data ke : 9

2022-11-22 17:13:19 - [MESSAGE][PASSED] - Variasi data ke : 9

2022-11-22 17:13:19 - [TEST_STEP][PASSED] - req_data = sendRequest(findTestObject("Search_ME", ["MID":MID, "source":source, "ip":ip, "userid":userid, "branch":branch, "tipekons":tipekons, "marital":marital, "penjamin":penjamin, ... ])): Send request successfully

2022-11-22 17:13:20 - [MESSAGE][INFO] - HAR: D:\DMS\Engine Scoring\Reports\20221122_171227\Exclude KKB - DS\Scoring Individu - DS\20221122_171227\requests\main\16.har

2022-11-22 17:13:20 - [MESSAGE][PASSED] - Send request successfully

2022-11-22 17:13:20 - [TEST_STEP][PASSED] - slurper = new groovy.json.JsonSlurper(): null

2022-11-22 17:13:20 - [TEST_STEP][PASSED] - result = slurper.parseText(req_data.getResponseBodyContent()): null

2022-11-22 17:13:20 - [TEST_STEP][PASSED] - reqid_kons = requestid1: null

2022-11-22 17:13:20 - [TEST_STEP][PASSED] - reqid_spouse = requestid2: null

2022-11-22 17:13:20 - [TEST_STEP][PASSED] - println("requestid kons : " + reqid_kons): null

2022-11-22 17:13:20 - [TEST_STEP][PASSED] - response_searchME_kons = reqid_kons: null

2022-11-22 17:13:20 - [TEST_STEP][PASSED] - response_searchME_spouse = reqid_spouse: null

2022-11-22 17:13:20 - [TEST_STEP][PASSED] - println("kons req id is :" + response_searchME_kons): null

2022-11-22 17:13:20 - [TEST_STEP][PASSED] - println("spouse req id is : " + response_searchME_spouse): null

2022-11-22 17:13:20 - [TEST_STEP][PASSED] - verifyResponseStatusCode(req_data, 200): Verify response status code successfully

2022-11-22 17:13:20 - [MESSAGE][PASSED] - Verify response status code successfully

2022-11-22 17:13:20 - [TEST_STEP][PASSED] - response = req_data.getResponseText(): null

2022-11-22 17:13:20 - [TEST_STEP][PASSED] - logInfo($response): {"status":"Done","data":{"requestid1":"242423","requestid2":""}}

2022-11-22 17:13:20 - [MESSAGE][INFO] - {"status":"Done","data":{"requestid1":"242423","requestid2":""}}

2022-11-22 17:13:20 - [TEST_STEP][PASSED] - delay(3): Delayed 3 second(s)

2022-11-22 17:13:23 - [MESSAGE][PASSED] - Delayed 3 second(s)

2022-11-22 17:13:23 - [TEST_STEP][PASSED] - scoring = sendRequest(findTestObject("EngineScore", ["response_searchME_kons":response_searchME_kons, "response_searchME_spouse":response_searchME_spouse])): Send request successfully

2022-11-22 17:13:23 - [MESSAGE][INFO] - HAR: D:\DMS\Engine Scoring\Reports\20221122_171227\Exclude KKB - DS\Scoring Individu - DS\20221122_171227\requests\main\17.har

2022-11-22 17:13:23 - [MESSAGE][PASSED] - Send request successfully

2022-11-22 17:13:23 - [TEST_STEP][PASSED] - verifyResponseStatusCode(scoring, 200): Verify response status code successfully

2022-11-22 17:13:23 - [MESSAGE][PASSED] - Verify response status code successfully

2022-11-22 17:13:23 - [TEST_STEP][PASSED] - response2 = scoring.getResponseText(): null

2022-11-22 17:13:23 - [TEST_STEP][PASSED] - markPassed("result service data ke : " + no): result service data ke : 9

2022-11-22 17:13:23 - [MESSAGE][PASSED] - result service data ke : 9

2022-11-22 17:13:23 - [TEST_STEP][PASSED] - logInfo($response2): {"result_konsumen":"Reguler","result_pasangan":"","Final_result":"Reguler","errorMessage":"","status":"Done"}

2022-11-22 17:13:23 - [MESSAGE][INFO] - {"result_konsumen":"Reguler","result_pasangan":"","Final_result":"Reguler","errorMessage":"","status":"Done"}

2022-11-22 17:13:23 - [TEST_STEP][PASSED] - verifyElementPropertyValue(scoring, "Final_result", final_result): Verify element property value successfully

2022-11-22 17:13:23 - [MESSAGE][PASSED] - Verify element property value successfully]]></system-out>
         <system-err><![CDATA[]]></system-err>
      </testcase>
      <testcase name="Test Cases/Engine_Scoring/Engine Scoring" time="4.507" classname="Test Cases/Engine_Scoring/Engine Scoring" status="PASSED">
         <system-out><![CDATA[2022-11-22 17:13:23 - [TEST_CASE][PASSED] - Test Cases/Engine_Scoring/Engine Scoring: Test Cases/Engine_Scoring/Engine Scoring

2022-11-22 17:13:23 - [TEST_STEP][PASSED] - markPassed("Variasi data ke : " + no): Variasi data ke : 10

2022-11-22 17:13:23 - [MESSAGE][PASSED] - Variasi data ke : 10

2022-11-22 17:13:23 - [TEST_STEP][PASSED] - req_data = sendRequest(findTestObject("Search_ME", ["MID":MID, "source":source, "ip":ip, "userid":userid, "branch":branch, "tipekons":tipekons, "marital":marital, "penjamin":penjamin, ... ])): Send request successfully

2022-11-22 17:13:24 - [MESSAGE][INFO] - HAR: D:\DMS\Engine Scoring\Reports\20221122_171227\Exclude KKB - DS\Scoring Individu - DS\20221122_171227\requests\main\18.har

2022-11-22 17:13:24 - [MESSAGE][PASSED] - Send request successfully

2022-11-22 17:13:24 - [TEST_STEP][PASSED] - slurper = new groovy.json.JsonSlurper(): null

2022-11-22 17:13:24 - [TEST_STEP][PASSED] - result = slurper.parseText(req_data.getResponseBodyContent()): null

2022-11-22 17:13:24 - [TEST_STEP][PASSED] - reqid_kons = requestid1: null

2022-11-22 17:13:24 - [TEST_STEP][PASSED] - reqid_spouse = requestid2: null

2022-11-22 17:13:24 - [TEST_STEP][PASSED] - println("requestid kons : " + reqid_kons): null

2022-11-22 17:13:24 - [TEST_STEP][PASSED] - response_searchME_kons = reqid_kons: null

2022-11-22 17:13:24 - [TEST_STEP][PASSED] - response_searchME_spouse = reqid_spouse: null

2022-11-22 17:13:24 - [TEST_STEP][PASSED] - println("kons req id is :" + response_searchME_kons): null

2022-11-22 17:13:24 - [TEST_STEP][PASSED] - println("spouse req id is : " + response_searchME_spouse): null

2022-11-22 17:13:24 - [TEST_STEP][PASSED] - verifyResponseStatusCode(req_data, 200): Verify response status code successfully

2022-11-22 17:13:24 - [MESSAGE][PASSED] - Verify response status code successfully

2022-11-22 17:13:24 - [TEST_STEP][PASSED] - response = req_data.getResponseText(): null

2022-11-22 17:13:24 - [TEST_STEP][PASSED] - logInfo($response): {"status":"Done","data":{"requestid1":"242424","requestid2":""}}

2022-11-22 17:13:24 - [MESSAGE][INFO] - {"status":"Done","data":{"requestid1":"242424","requestid2":""}}

2022-11-22 17:13:24 - [TEST_STEP][PASSED] - delay(3): Delayed 3 second(s)

2022-11-22 17:13:27 - [MESSAGE][PASSED] - Delayed 3 second(s)

2022-11-22 17:13:27 - [TEST_STEP][PASSED] - scoring = sendRequest(findTestObject("EngineScore", ["response_searchME_kons":response_searchME_kons, "response_searchME_spouse":response_searchME_spouse])): Send request successfully

2022-11-22 17:13:27 - [MESSAGE][INFO] - HAR: D:\DMS\Engine Scoring\Reports\20221122_171227\Exclude KKB - DS\Scoring Individu - DS\20221122_171227\requests\main\19.har

2022-11-22 17:13:27 - [MESSAGE][PASSED] - Send request successfully

2022-11-22 17:13:27 - [TEST_STEP][PASSED] - verifyResponseStatusCode(scoring, 200): Verify response status code successfully

2022-11-22 17:13:27 - [MESSAGE][PASSED] - Verify response status code successfully

2022-11-22 17:13:27 - [TEST_STEP][PASSED] - response2 = scoring.getResponseText(): null

2022-11-22 17:13:27 - [TEST_STEP][PASSED] - markPassed("result service data ke : " + no): result service data ke : 10

2022-11-22 17:13:27 - [MESSAGE][PASSED] - result service data ke : 10

2022-11-22 17:13:27 - [TEST_STEP][PASSED] - logInfo($response2): {"result_konsumen":"Reguler","result_pasangan":"","Final_result":"Reguler","errorMessage":"","status":"Done"}

2022-11-22 17:13:27 - [MESSAGE][INFO] - {"result_konsumen":"Reguler","result_pasangan":"","Final_result":"Reguler","errorMessage":"","status":"Done"}

2022-11-22 17:13:27 - [TEST_STEP][PASSED] - verifyElementPropertyValue(scoring, "Final_result", final_result): Verify element property value successfully

2022-11-22 17:13:27 - [MESSAGE][PASSED] - Verify element property value successfully]]></system-out>
         <system-err><![CDATA[]]></system-err>
      </testcase>
      <testcase name="Test Cases/Engine_Scoring/Engine Scoring" time="4.49" classname="Test Cases/Engine_Scoring/Engine Scoring" status="PASSED">
         <system-out><![CDATA[2022-11-22 17:13:27 - [TEST_CASE][PASSED] - Test Cases/Engine_Scoring/Engine Scoring: Test Cases/Engine_Scoring/Engine Scoring

2022-11-22 17:13:28 - [TEST_STEP][PASSED] - markPassed("Variasi data ke : " + no): Variasi data ke : 11

2022-11-22 17:13:28 - [MESSAGE][PASSED] - Variasi data ke : 11

2022-11-22 17:13:28 - [TEST_STEP][PASSED] - req_data = sendRequest(findTestObject("Search_ME", ["MID":MID, "source":source, "ip":ip, "userid":userid, "branch":branch, "tipekons":tipekons, "marital":marital, "penjamin":penjamin, ... ])): Send request successfully

2022-11-22 17:13:29 - [MESSAGE][INFO] - HAR: D:\DMS\Engine Scoring\Reports\20221122_171227\Exclude KKB - DS\Scoring Individu - DS\20221122_171227\requests\main\20.har

2022-11-22 17:13:29 - [MESSAGE][PASSED] - Send request successfully

2022-11-22 17:13:29 - [TEST_STEP][PASSED] - slurper = new groovy.json.JsonSlurper(): null

2022-11-22 17:13:29 - [TEST_STEP][PASSED] - result = slurper.parseText(req_data.getResponseBodyContent()): null

2022-11-22 17:13:29 - [TEST_STEP][PASSED] - reqid_kons = requestid1: null

2022-11-22 17:13:29 - [TEST_STEP][PASSED] - reqid_spouse = requestid2: null

2022-11-22 17:13:29 - [TEST_STEP][PASSED] - println("requestid kons : " + reqid_kons): null

2022-11-22 17:13:29 - [TEST_STEP][PASSED] - response_searchME_kons = reqid_kons: null

2022-11-22 17:13:29 - [TEST_STEP][PASSED] - response_searchME_spouse = reqid_spouse: null

2022-11-22 17:13:29 - [TEST_STEP][PASSED] - println("kons req id is :" + response_searchME_kons): null

2022-11-22 17:13:29 - [TEST_STEP][PASSED] - println("spouse req id is : " + response_searchME_spouse): null

2022-11-22 17:13:29 - [TEST_STEP][PASSED] - verifyResponseStatusCode(req_data, 200): Verify response status code successfully

2022-11-22 17:13:29 - [MESSAGE][PASSED] - Verify response status code successfully

2022-11-22 17:13:29 - [TEST_STEP][PASSED] - response = req_data.getResponseText(): null

2022-11-22 17:13:29 - [TEST_STEP][PASSED] - logInfo($response): {"status":"Done","data":{"requestid1":"242425","requestid2":""}}

2022-11-22 17:13:29 - [MESSAGE][INFO] - {"status":"Done","data":{"requestid1":"242425","requestid2":""}}

2022-11-22 17:13:29 - [TEST_STEP][PASSED] - delay(3): Delayed 3 second(s)

2022-11-22 17:13:32 - [MESSAGE][PASSED] - Delayed 3 second(s)

2022-11-22 17:13:32 - [TEST_STEP][PASSED] - scoring = sendRequest(findTestObject("EngineScore", ["response_searchME_kons":response_searchME_kons, "response_searchME_spouse":response_searchME_spouse])): Send request successfully

2022-11-22 17:13:32 - [MESSAGE][INFO] - HAR: D:\DMS\Engine Scoring\Reports\20221122_171227\Exclude KKB - DS\Scoring Individu - DS\20221122_171227\requests\main\21.har

2022-11-22 17:13:32 - [MESSAGE][PASSED] - Send request successfully

2022-11-22 17:13:32 - [TEST_STEP][PASSED] - verifyResponseStatusCode(scoring, 200): Verify response status code successfully

2022-11-22 17:13:32 - [MESSAGE][PASSED] - Verify response status code successfully

2022-11-22 17:13:32 - [TEST_STEP][PASSED] - response2 = scoring.getResponseText(): null

2022-11-22 17:13:32 - [TEST_STEP][PASSED] - markPassed("result service data ke : " + no): result service data ke : 11

2022-11-22 17:13:32 - [MESSAGE][PASSED] - result service data ke : 11

2022-11-22 17:13:32 - [TEST_STEP][PASSED] - logInfo($response2): {"result_konsumen":"Reguler","result_pasangan":"","Final_result":"Reguler","errorMessage":"","status":"Done"}

2022-11-22 17:13:32 - [MESSAGE][INFO] - {"result_konsumen":"Reguler","result_pasangan":"","Final_result":"Reguler","errorMessage":"","status":"Done"}

2022-11-22 17:13:32 - [TEST_STEP][PASSED] - verifyElementPropertyValue(scoring, "Final_result", final_result): Verify element property value successfully

2022-11-22 17:13:32 - [MESSAGE][PASSED] - Verify element property value successfully]]></system-out>
         <system-err><![CDATA[]]></system-err>
      </testcase>
      <testcase name="Test Cases/Engine_Scoring/Engine Scoring" time="4.495" classname="Test Cases/Engine_Scoring/Engine Scoring" status="PASSED">
         <system-out><![CDATA[2022-11-22 17:13:32 - [TEST_CASE][PASSED] - Test Cases/Engine_Scoring/Engine Scoring: Test Cases/Engine_Scoring/Engine Scoring

2022-11-22 17:13:33 - [TEST_STEP][PASSED] - markPassed("Variasi data ke : " + no): Variasi data ke : 12

2022-11-22 17:13:33 - [MESSAGE][PASSED] - Variasi data ke : 12

2022-11-22 17:13:33 - [TEST_STEP][PASSED] - req_data = sendRequest(findTestObject("Search_ME", ["MID":MID, "source":source, "ip":ip, "userid":userid, "branch":branch, "tipekons":tipekons, "marital":marital, "penjamin":penjamin, ... ])): Send request successfully

2022-11-22 17:13:33 - [MESSAGE][INFO] - HAR: D:\DMS\Engine Scoring\Reports\20221122_171227\Exclude KKB - DS\Scoring Individu - DS\20221122_171227\requests\main\22.har

2022-11-22 17:13:33 - [MESSAGE][PASSED] - Send request successfully

2022-11-22 17:13:33 - [TEST_STEP][PASSED] - slurper = new groovy.json.JsonSlurper(): null

2022-11-22 17:13:33 - [TEST_STEP][PASSED] - result = slurper.parseText(req_data.getResponseBodyContent()): null

2022-11-22 17:13:33 - [TEST_STEP][PASSED] - reqid_kons = requestid1: null

2022-11-22 17:13:33 - [TEST_STEP][PASSED] - reqid_spouse = requestid2: null

2022-11-22 17:13:33 - [TEST_STEP][PASSED] - println("requestid kons : " + reqid_kons): null

2022-11-22 17:13:33 - [TEST_STEP][PASSED] - response_searchME_kons = reqid_kons: null

2022-11-22 17:13:33 - [TEST_STEP][PASSED] - response_searchME_spouse = reqid_spouse: null

2022-11-22 17:13:33 - [TEST_STEP][PASSED] - println("kons req id is :" + response_searchME_kons): null

2022-11-22 17:13:33 - [TEST_STEP][PASSED] - println("spouse req id is : " + response_searchME_spouse): null

2022-11-22 17:13:33 - [TEST_STEP][PASSED] - verifyResponseStatusCode(req_data, 200): Verify response status code successfully

2022-11-22 17:13:33 - [MESSAGE][PASSED] - Verify response status code successfully

2022-11-22 17:13:33 - [TEST_STEP][PASSED] - response = req_data.getResponseText(): null

2022-11-22 17:13:33 - [TEST_STEP][PASSED] - logInfo($response): {"status":"Done","data":{"requestid1":"242426","requestid2":""}}

2022-11-22 17:13:33 - [MESSAGE][INFO] - {"status":"Done","data":{"requestid1":"242426","requestid2":""}}

2022-11-22 17:13:33 - [TEST_STEP][PASSED] - delay(3): Delayed 3 second(s)

2022-11-22 17:13:36 - [MESSAGE][PASSED] - Delayed 3 second(s)

2022-11-22 17:13:36 - [TEST_STEP][PASSED] - scoring = sendRequest(findTestObject("EngineScore", ["response_searchME_kons":response_searchME_kons, "response_searchME_spouse":response_searchME_spouse])): Send request successfully

2022-11-22 17:13:36 - [MESSAGE][INFO] - HAR: D:\DMS\Engine Scoring\Reports\20221122_171227\Exclude KKB - DS\Scoring Individu - DS\20221122_171227\requests\main\23.har

2022-11-22 17:13:36 - [MESSAGE][PASSED] - Send request successfully

2022-11-22 17:13:36 - [TEST_STEP][PASSED] - verifyResponseStatusCode(scoring, 200): Verify response status code successfully

2022-11-22 17:13:36 - [MESSAGE][PASSED] - Verify response status code successfully

2022-11-22 17:13:36 - [TEST_STEP][PASSED] - response2 = scoring.getResponseText(): null

2022-11-22 17:13:36 - [TEST_STEP][PASSED] - markPassed("result service data ke : " + no): result service data ke : 12

2022-11-22 17:13:36 - [MESSAGE][PASSED] - result service data ke : 12

2022-11-22 17:13:36 - [TEST_STEP][PASSED] - logInfo($response2): {"result_konsumen":"Reguler","result_pasangan":"","Final_result":"Reguler","errorMessage":"","status":"Done"}

2022-11-22 17:13:36 - [MESSAGE][INFO] - {"result_konsumen":"Reguler","result_pasangan":"","Final_result":"Reguler","errorMessage":"","status":"Done"}

2022-11-22 17:13:36 - [TEST_STEP][PASSED] - verifyElementPropertyValue(scoring, "Final_result", final_result): Verify element property value successfully

2022-11-22 17:13:36 - [MESSAGE][PASSED] - Verify element property value successfully]]></system-out>
         <system-err><![CDATA[]]></system-err>
      </testcase>
      <testcase name="Test Cases/Engine_Scoring/Engine Scoring" time="4.98" classname="Test Cases/Engine_Scoring/Engine Scoring" status="PASSED">
         <system-out><![CDATA[2022-11-22 17:13:36 - [TEST_CASE][PASSED] - Test Cases/Engine_Scoring/Engine Scoring: Test Cases/Engine_Scoring/Engine Scoring

2022-11-22 17:13:37 - [TEST_STEP][PASSED] - markPassed("Variasi data ke : " + no): Variasi data ke : 13

2022-11-22 17:13:37 - [MESSAGE][PASSED] - Variasi data ke : 13

2022-11-22 17:13:37 - [TEST_STEP][PASSED] - req_data = sendRequest(findTestObject("Search_ME", ["MID":MID, "source":source, "ip":ip, "userid":userid, "branch":branch, "tipekons":tipekons, "marital":marital, "penjamin":penjamin, ... ])): Send request successfully

2022-11-22 17:13:38 - [MESSAGE][INFO] - HAR: D:\DMS\Engine Scoring\Reports\20221122_171227\Exclude KKB - DS\Scoring Individu - DS\20221122_171227\requests\main\24.har

2022-11-22 17:13:38 - [MESSAGE][PASSED] - Send request successfully

2022-11-22 17:13:38 - [TEST_STEP][PASSED] - slurper = new groovy.json.JsonSlurper(): null

2022-11-22 17:13:38 - [TEST_STEP][PASSED] - result = slurper.parseText(req_data.getResponseBodyContent()): null

2022-11-22 17:13:38 - [TEST_STEP][PASSED] - reqid_kons = requestid1: null

2022-11-22 17:13:38 - [TEST_STEP][PASSED] - reqid_spouse = requestid2: null

2022-11-22 17:13:38 - [TEST_STEP][PASSED] - println("requestid kons : " + reqid_kons): null

2022-11-22 17:13:38 - [TEST_STEP][PASSED] - response_searchME_kons = reqid_kons: null

2022-11-22 17:13:38 - [TEST_STEP][PASSED] - response_searchME_spouse = reqid_spouse: null

2022-11-22 17:13:38 - [TEST_STEP][PASSED] - println("kons req id is :" + response_searchME_kons): null

2022-11-22 17:13:38 - [TEST_STEP][PASSED] - println("spouse req id is : " + response_searchME_spouse): null

2022-11-22 17:13:38 - [TEST_STEP][PASSED] - verifyResponseStatusCode(req_data, 200): Verify response status code successfully

2022-11-22 17:13:38 - [MESSAGE][PASSED] - Verify response status code successfully

2022-11-22 17:13:38 - [TEST_STEP][PASSED] - response = req_data.getResponseText(): null

2022-11-22 17:13:38 - [TEST_STEP][PASSED] - logInfo($response): {"status":"Done","data":{"requestid1":"242427","requestid2":""}}

2022-11-22 17:13:38 - [MESSAGE][INFO] - {"status":"Done","data":{"requestid1":"242427","requestid2":""}}

2022-11-22 17:13:38 - [TEST_STEP][PASSED] - delay(3): Delayed 3 second(s)

2022-11-22 17:13:41 - [MESSAGE][PASSED] - Delayed 3 second(s)

2022-11-22 17:13:41 - [TEST_STEP][PASSED] - scoring = sendRequest(findTestObject("EngineScore", ["response_searchME_kons":response_searchME_kons, "response_searchME_spouse":response_searchME_spouse])): Send request successfully

2022-11-22 17:13:41 - [MESSAGE][INFO] - HAR: D:\DMS\Engine Scoring\Reports\20221122_171227\Exclude KKB - DS\Scoring Individu - DS\20221122_171227\requests\main\25.har

2022-11-22 17:13:41 - [MESSAGE][PASSED] - Send request successfully

2022-11-22 17:13:41 - [TEST_STEP][PASSED] - verifyResponseStatusCode(scoring, 200): Verify response status code successfully

2022-11-22 17:13:41 - [MESSAGE][PASSED] - Verify response status code successfully

2022-11-22 17:13:41 - [TEST_STEP][PASSED] - response2 = scoring.getResponseText(): null

2022-11-22 17:13:41 - [TEST_STEP][PASSED] - markPassed("result service data ke : " + no): result service data ke : 13

2022-11-22 17:13:41 - [MESSAGE][PASSED] - result service data ke : 13

2022-11-22 17:13:41 - [TEST_STEP][PASSED] - logInfo($response2): {"result_konsumen":"Reguler","result_pasangan":"","Final_result":"Reguler","errorMessage":"","status":"Done"}

2022-11-22 17:13:41 - [MESSAGE][INFO] - {"result_konsumen":"Reguler","result_pasangan":"","Final_result":"Reguler","errorMessage":"","status":"Done"}

2022-11-22 17:13:41 - [TEST_STEP][PASSED] - verifyElementPropertyValue(scoring, "Final_result", final_result): Verify element property value successfully

2022-11-22 17:13:41 - [MESSAGE][PASSED] - Verify element property value successfully]]></system-out>
         <system-err><![CDATA[]]></system-err>
      </testcase>
      <testcase name="Test Cases/Engine_Scoring/Engine Scoring" time="4.591" classname="Test Cases/Engine_Scoring/Engine Scoring" status="PASSED">
         <system-out><![CDATA[2022-11-22 17:13:41 - [TEST_CASE][PASSED] - Test Cases/Engine_Scoring/Engine Scoring: Test Cases/Engine_Scoring/Engine Scoring

2022-11-22 17:13:42 - [TEST_STEP][PASSED] - markPassed("Variasi data ke : " + no): Variasi data ke : 14

2022-11-22 17:13:42 - [MESSAGE][PASSED] - Variasi data ke : 14

2022-11-22 17:13:42 - [TEST_STEP][PASSED] - req_data = sendRequest(findTestObject("Search_ME", ["MID":MID, "source":source, "ip":ip, "userid":userid, "branch":branch, "tipekons":tipekons, "marital":marital, "penjamin":penjamin, ... ])): Send request successfully

2022-11-22 17:13:43 - [MESSAGE][INFO] - HAR: D:\DMS\Engine Scoring\Reports\20221122_171227\Exclude KKB - DS\Scoring Individu - DS\20221122_171227\requests\main\26.har

2022-11-22 17:13:43 - [MESSAGE][PASSED] - Send request successfully

2022-11-22 17:13:43 - [TEST_STEP][PASSED] - slurper = new groovy.json.JsonSlurper(): null

2022-11-22 17:13:43 - [TEST_STEP][PASSED] - result = slurper.parseText(req_data.getResponseBodyContent()): null

2022-11-22 17:13:43 - [TEST_STEP][PASSED] - reqid_kons = requestid1: null

2022-11-22 17:13:43 - [TEST_STEP][PASSED] - reqid_spouse = requestid2: null

2022-11-22 17:13:43 - [TEST_STEP][PASSED] - println("requestid kons : " + reqid_kons): null

2022-11-22 17:13:43 - [TEST_STEP][PASSED] - response_searchME_kons = reqid_kons: null

2022-11-22 17:13:43 - [TEST_STEP][PASSED] - response_searchME_spouse = reqid_spouse: null

2022-11-22 17:13:43 - [TEST_STEP][PASSED] - println("kons req id is :" + response_searchME_kons): null

2022-11-22 17:13:43 - [TEST_STEP][PASSED] - println("spouse req id is : " + response_searchME_spouse): null

2022-11-22 17:13:43 - [TEST_STEP][PASSED] - verifyResponseStatusCode(req_data, 200): Verify response status code successfully

2022-11-22 17:13:43 - [MESSAGE][PASSED] - Verify response status code successfully

2022-11-22 17:13:43 - [TEST_STEP][PASSED] - response = req_data.getResponseText(): null

2022-11-22 17:13:43 - [TEST_STEP][PASSED] - logInfo($response): {"status":"Done","data":{"requestid1":"242428","requestid2":""}}

2022-11-22 17:13:43 - [MESSAGE][INFO] - {"status":"Done","data":{"requestid1":"242428","requestid2":""}}

2022-11-22 17:13:43 - [TEST_STEP][PASSED] - delay(3): Delayed 3 second(s)

2022-11-22 17:13:46 - [MESSAGE][PASSED] - Delayed 3 second(s)

2022-11-22 17:13:46 - [TEST_STEP][PASSED] - scoring = sendRequest(findTestObject("EngineScore", ["response_searchME_kons":response_searchME_kons, "response_searchME_spouse":response_searchME_spouse])): Send request successfully

2022-11-22 17:13:46 - [MESSAGE][INFO] - HAR: D:\DMS\Engine Scoring\Reports\20221122_171227\Exclude KKB - DS\Scoring Individu - DS\20221122_171227\requests\main\27.har

2022-11-22 17:13:46 - [MESSAGE][PASSED] - Send request successfully

2022-11-22 17:13:46 - [TEST_STEP][PASSED] - verifyResponseStatusCode(scoring, 200): Verify response status code successfully

2022-11-22 17:13:46 - [MESSAGE][PASSED] - Verify response status code successfully

2022-11-22 17:13:46 - [TEST_STEP][PASSED] - response2 = scoring.getResponseText(): null

2022-11-22 17:13:46 - [TEST_STEP][PASSED] - markPassed("result service data ke : " + no): result service data ke : 14

2022-11-22 17:13:46 - [MESSAGE][PASSED] - result service data ke : 14

2022-11-22 17:13:46 - [TEST_STEP][PASSED] - logInfo($response2): {"result_konsumen":"Reguler","result_pasangan":"","Final_result":"Reguler","errorMessage":"","status":"Done"}

2022-11-22 17:13:46 - [MESSAGE][INFO] - {"result_konsumen":"Reguler","result_pasangan":"","Final_result":"Reguler","errorMessage":"","status":"Done"}

2022-11-22 17:13:46 - [TEST_STEP][PASSED] - verifyElementPropertyValue(scoring, "Final_result", final_result): Verify element property value successfully

2022-11-22 17:13:46 - [MESSAGE][PASSED] - Verify element property value successfully]]></system-out>
         <system-err><![CDATA[]]></system-err>
      </testcase>
      <testcase name="Test Cases/Engine_Scoring/Engine Scoring" time="4.499" classname="Test Cases/Engine_Scoring/Engine Scoring" status="PASSED">
         <system-out><![CDATA[2022-11-22 17:13:46 - [TEST_CASE][PASSED] - Test Cases/Engine_Scoring/Engine Scoring: Test Cases/Engine_Scoring/Engine Scoring

2022-11-22 17:13:47 - [TEST_STEP][PASSED] - markPassed("Variasi data ke : " + no): Variasi data ke : 15

2022-11-22 17:13:47 - [MESSAGE][PASSED] - Variasi data ke : 15

2022-11-22 17:13:47 - [TEST_STEP][PASSED] - req_data = sendRequest(findTestObject("Search_ME", ["MID":MID, "source":source, "ip":ip, "userid":userid, "branch":branch, "tipekons":tipekons, "marital":marital, "penjamin":penjamin, ... ])): Send request successfully

2022-11-22 17:13:47 - [MESSAGE][INFO] - HAR: D:\DMS\Engine Scoring\Reports\20221122_171227\Exclude KKB - DS\Scoring Individu - DS\20221122_171227\requests\main\28.har

2022-11-22 17:13:47 - [MESSAGE][PASSED] - Send request successfully

2022-11-22 17:13:47 - [TEST_STEP][PASSED] - slurper = new groovy.json.JsonSlurper(): null

2022-11-22 17:13:47 - [TEST_STEP][PASSED] - result = slurper.parseText(req_data.getResponseBodyContent()): null

2022-11-22 17:13:47 - [TEST_STEP][PASSED] - reqid_kons = requestid1: null

2022-11-22 17:13:47 - [TEST_STEP][PASSED] - reqid_spouse = requestid2: null

2022-11-22 17:13:47 - [TEST_STEP][PASSED] - println("requestid kons : " + reqid_kons): null

2022-11-22 17:13:47 - [TEST_STEP][PASSED] - response_searchME_kons = reqid_kons: null

2022-11-22 17:13:47 - [TEST_STEP][PASSED] - response_searchME_spouse = reqid_spouse: null

2022-11-22 17:13:47 - [TEST_STEP][PASSED] - println("kons req id is :" + response_searchME_kons): null

2022-11-22 17:13:47 - [TEST_STEP][PASSED] - println("spouse req id is : " + response_searchME_spouse): null

2022-11-22 17:13:47 - [TEST_STEP][PASSED] - verifyResponseStatusCode(req_data, 200): Verify response status code successfully

2022-11-22 17:13:47 - [MESSAGE][PASSED] - Verify response status code successfully

2022-11-22 17:13:47 - [TEST_STEP][PASSED] - response = req_data.getResponseText(): null

2022-11-22 17:13:47 - [TEST_STEP][PASSED] - logInfo($response): {"status":"Done","data":{"requestid1":"242429","requestid2":""}}

2022-11-22 17:13:47 - [MESSAGE][INFO] - {"status":"Done","data":{"requestid1":"242429","requestid2":""}}

2022-11-22 17:13:47 - [TEST_STEP][PASSED] - delay(3): Delayed 3 second(s)

2022-11-22 17:13:50 - [MESSAGE][PASSED] - Delayed 3 second(s)

2022-11-22 17:13:50 - [TEST_STEP][PASSED] - scoring = sendRequest(findTestObject("EngineScore", ["response_searchME_kons":response_searchME_kons, "response_searchME_spouse":response_searchME_spouse])): Send request successfully

2022-11-22 17:13:51 - [MESSAGE][INFO] - HAR: D:\DMS\Engine Scoring\Reports\20221122_171227\Exclude KKB - DS\Scoring Individu - DS\20221122_171227\requests\main\29.har

2022-11-22 17:13:51 - [MESSAGE][PASSED] - Send request successfully

2022-11-22 17:13:51 - [TEST_STEP][PASSED] - verifyResponseStatusCode(scoring, 200): Verify response status code successfully

2022-11-22 17:13:51 - [MESSAGE][PASSED] - Verify response status code successfully

2022-11-22 17:13:51 - [TEST_STEP][PASSED] - response2 = scoring.getResponseText(): null

2022-11-22 17:13:51 - [TEST_STEP][PASSED] - markPassed("result service data ke : " + no): result service data ke : 15

2022-11-22 17:13:51 - [MESSAGE][PASSED] - result service data ke : 15

2022-11-22 17:13:51 - [TEST_STEP][PASSED] - logInfo($response2): {"result_konsumen":"Approve","result_pasangan":"","Final_result":"Approve","errorMessage":"","status":"Done"}

2022-11-22 17:13:51 - [MESSAGE][INFO] - {"result_konsumen":"Approve","result_pasangan":"","Final_result":"Approve","errorMessage":"","status":"Done"}

2022-11-22 17:13:51 - [TEST_STEP][PASSED] - verifyElementPropertyValue(scoring, "Final_result", final_result): Verify element property value successfully

2022-11-22 17:13:51 - [MESSAGE][PASSED] - Verify element property value successfully]]></system-out>
         <system-err><![CDATA[]]></system-err>
      </testcase>
      <testcase name="Test Cases/Engine_Scoring/Engine Scoring" time="4.611" classname="Test Cases/Engine_Scoring/Engine Scoring" status="PASSED">
         <system-out><![CDATA[2022-11-22 17:13:51 - [TEST_CASE][PASSED] - Test Cases/Engine_Scoring/Engine Scoring: Test Cases/Engine_Scoring/Engine Scoring

2022-11-22 17:13:51 - [TEST_STEP][PASSED] - markPassed("Variasi data ke : " + no): Variasi data ke : 16

2022-11-22 17:13:51 - [MESSAGE][PASSED] - Variasi data ke : 16

2022-11-22 17:13:51 - [TEST_STEP][PASSED] - req_data = sendRequest(findTestObject("Search_ME", ["MID":MID, "source":source, "ip":ip, "userid":userid, "branch":branch, "tipekons":tipekons, "marital":marital, "penjamin":penjamin, ... ])): Send request successfully

2022-11-22 17:13:52 - [MESSAGE][INFO] - HAR: D:\DMS\Engine Scoring\Reports\20221122_171227\Exclude KKB - DS\Scoring Individu - DS\20221122_171227\requests\main\30.har

2022-11-22 17:13:52 - [MESSAGE][PASSED] - Send request successfully

2022-11-22 17:13:52 - [TEST_STEP][PASSED] - slurper = new groovy.json.JsonSlurper(): null

2022-11-22 17:13:52 - [TEST_STEP][PASSED] - result = slurper.parseText(req_data.getResponseBodyContent()): null

2022-11-22 17:13:52 - [TEST_STEP][PASSED] - reqid_kons = requestid1: null

2022-11-22 17:13:52 - [TEST_STEP][PASSED] - reqid_spouse = requestid2: null

2022-11-22 17:13:52 - [TEST_STEP][PASSED] - println("requestid kons : " + reqid_kons): null

2022-11-22 17:13:52 - [TEST_STEP][PASSED] - response_searchME_kons = reqid_kons: null

2022-11-22 17:13:52 - [TEST_STEP][PASSED] - response_searchME_spouse = reqid_spouse: null

2022-11-22 17:13:52 - [TEST_STEP][PASSED] - println("kons req id is :" + response_searchME_kons): null

2022-11-22 17:13:52 - [TEST_STEP][PASSED] - println("spouse req id is : " + response_searchME_spouse): null

2022-11-22 17:13:52 - [TEST_STEP][PASSED] - verifyResponseStatusCode(req_data, 200): Verify response status code successfully

2022-11-22 17:13:52 - [MESSAGE][PASSED] - Verify response status code successfully

2022-11-22 17:13:52 - [TEST_STEP][PASSED] - response = req_data.getResponseText(): null

2022-11-22 17:13:52 - [TEST_STEP][PASSED] - logInfo($response): {"status":"Done","data":{"requestid1":"242430","requestid2":""}}

2022-11-22 17:13:52 - [MESSAGE][INFO] - {"status":"Done","data":{"requestid1":"242430","requestid2":""}}

2022-11-22 17:13:52 - [TEST_STEP][PASSED] - delay(3): Delayed 3 second(s)

2022-11-22 17:13:55 - [MESSAGE][PASSED] - Delayed 3 second(s)

2022-11-22 17:13:55 - [TEST_STEP][PASSED] - scoring = sendRequest(findTestObject("EngineScore", ["response_searchME_kons":response_searchME_kons, "response_searchME_spouse":response_searchME_spouse])): Send request successfully

2022-11-22 17:13:55 - [MESSAGE][INFO] - HAR: D:\DMS\Engine Scoring\Reports\20221122_171227\Exclude KKB - DS\Scoring Individu - DS\20221122_171227\requests\main\31.har

2022-11-22 17:13:55 - [MESSAGE][PASSED] - Send request successfully

2022-11-22 17:13:55 - [TEST_STEP][PASSED] - verifyResponseStatusCode(scoring, 200): Verify response status code successfully

2022-11-22 17:13:55 - [MESSAGE][PASSED] - Verify response status code successfully

2022-11-22 17:13:55 - [TEST_STEP][PASSED] - response2 = scoring.getResponseText(): null

2022-11-22 17:13:55 - [TEST_STEP][PASSED] - markPassed("result service data ke : " + no): result service data ke : 16

2022-11-22 17:13:55 - [MESSAGE][PASSED] - result service data ke : 16

2022-11-22 17:13:55 - [TEST_STEP][PASSED] - logInfo($response2): {"result_konsumen":"Approve","result_pasangan":"","Final_result":"Approve","errorMessage":"","status":"Done"}

2022-11-22 17:13:55 - [MESSAGE][INFO] - {"result_konsumen":"Approve","result_pasangan":"","Final_result":"Approve","errorMessage":"","status":"Done"}

2022-11-22 17:13:55 - [TEST_STEP][PASSED] - verifyElementPropertyValue(scoring, "Final_result", final_result): Verify element property value successfully

2022-11-22 17:13:55 - [MESSAGE][PASSED] - Verify element property value successfully]]></system-out>
         <system-err><![CDATA[]]></system-err>
      </testcase>
      <testcase name="Test Cases/Engine_Scoring/Engine Scoring" time="4.492" classname="Test Cases/Engine_Scoring/Engine Scoring" status="PASSED">
         <system-out><![CDATA[2022-11-22 17:13:55 - [TEST_CASE][PASSED] - Test Cases/Engine_Scoring/Engine Scoring: Test Cases/Engine_Scoring/Engine Scoring

2022-11-22 17:13:56 - [TEST_STEP][PASSED] - markPassed("Variasi data ke : " + no): Variasi data ke : 17

2022-11-22 17:13:56 - [MESSAGE][PASSED] - Variasi data ke : 17

2022-11-22 17:13:56 - [TEST_STEP][PASSED] - req_data = sendRequest(findTestObject("Search_ME", ["MID":MID, "source":source, "ip":ip, "userid":userid, "branch":branch, "tipekons":tipekons, "marital":marital, "penjamin":penjamin, ... ])): Send request successfully

2022-11-22 17:13:57 - [MESSAGE][INFO] - HAR: D:\DMS\Engine Scoring\Reports\20221122_171227\Exclude KKB - DS\Scoring Individu - DS\20221122_171227\requests\main\32.har

2022-11-22 17:13:57 - [MESSAGE][PASSED] - Send request successfully

2022-11-22 17:13:57 - [TEST_STEP][PASSED] - slurper = new groovy.json.JsonSlurper(): null

2022-11-22 17:13:57 - [TEST_STEP][PASSED] - result = slurper.parseText(req_data.getResponseBodyContent()): null

2022-11-22 17:13:57 - [TEST_STEP][PASSED] - reqid_kons = requestid1: null

2022-11-22 17:13:57 - [TEST_STEP][PASSED] - reqid_spouse = requestid2: null

2022-11-22 17:13:57 - [TEST_STEP][PASSED] - println("requestid kons : " + reqid_kons): null

2022-11-22 17:13:57 - [TEST_STEP][PASSED] - response_searchME_kons = reqid_kons: null

2022-11-22 17:13:57 - [TEST_STEP][PASSED] - response_searchME_spouse = reqid_spouse: null

2022-11-22 17:13:57 - [TEST_STEP][PASSED] - println("kons req id is :" + response_searchME_kons): null

2022-11-22 17:13:57 - [TEST_STEP][PASSED] - println("spouse req id is : " + response_searchME_spouse): null

2022-11-22 17:13:57 - [TEST_STEP][PASSED] - verifyResponseStatusCode(req_data, 200): Verify response status code successfully

2022-11-22 17:13:57 - [MESSAGE][PASSED] - Verify response status code successfully

2022-11-22 17:13:57 - [TEST_STEP][PASSED] - response = req_data.getResponseText(): null

2022-11-22 17:13:57 - [TEST_STEP][PASSED] - logInfo($response): {"status":"Done","data":{"requestid1":"242431","requestid2":""}}

2022-11-22 17:13:57 - [MESSAGE][INFO] - {"status":"Done","data":{"requestid1":"242431","requestid2":""}}

2022-11-22 17:13:57 - [TEST_STEP][PASSED] - delay(3): Delayed 3 second(s)

2022-11-22 17:14:00 - [MESSAGE][PASSED] - Delayed 3 second(s)

2022-11-22 17:14:00 - [TEST_STEP][PASSED] - scoring = sendRequest(findTestObject("EngineScore", ["response_searchME_kons":response_searchME_kons, "response_searchME_spouse":response_searchME_spouse])): Send request successfully

2022-11-22 17:14:00 - [MESSAGE][INFO] - HAR: D:\DMS\Engine Scoring\Reports\20221122_171227\Exclude KKB - DS\Scoring Individu - DS\20221122_171227\requests\main\33.har

2022-11-22 17:14:00 - [MESSAGE][PASSED] - Send request successfully

2022-11-22 17:14:00 - [TEST_STEP][PASSED] - verifyResponseStatusCode(scoring, 200): Verify response status code successfully

2022-11-22 17:14:00 - [MESSAGE][PASSED] - Verify response status code successfully

2022-11-22 17:14:00 - [TEST_STEP][PASSED] - response2 = scoring.getResponseText(): null

2022-11-22 17:14:00 - [TEST_STEP][PASSED] - markPassed("result service data ke : " + no): result service data ke : 17

2022-11-22 17:14:00 - [MESSAGE][PASSED] - result service data ke : 17

2022-11-22 17:14:00 - [TEST_STEP][PASSED] - logInfo($response2): {"result_konsumen":"Approve","result_pasangan":"","Final_result":"Approve","errorMessage":"","status":"Done"}

2022-11-22 17:14:00 - [MESSAGE][INFO] - {"result_konsumen":"Approve","result_pasangan":"","Final_result":"Approve","errorMessage":"","status":"Done"}

2022-11-22 17:14:00 - [TEST_STEP][PASSED] - verifyElementPropertyValue(scoring, "Final_result", final_result): Verify element property value successfully

2022-11-22 17:14:00 - [MESSAGE][PASSED] - Verify element property value successfully]]></system-out>
         <system-err><![CDATA[]]></system-err>
      </testcase>
      <testcase name="Test Cases/Engine_Scoring/Engine Scoring" time="4.493" classname="Test Cases/Engine_Scoring/Engine Scoring" status="PASSED">
         <system-out><![CDATA[2022-11-22 17:14:00 - [TEST_CASE][PASSED] - Test Cases/Engine_Scoring/Engine Scoring: Test Cases/Engine_Scoring/Engine Scoring

2022-11-22 17:14:00 - [TEST_STEP][PASSED] - markPassed("Variasi data ke : " + no): Variasi data ke : 18

2022-11-22 17:14:00 - [MESSAGE][PASSED] - Variasi data ke : 18

2022-11-22 17:14:00 - [TEST_STEP][PASSED] - req_data = sendRequest(findTestObject("Search_ME", ["MID":MID, "source":source, "ip":ip, "userid":userid, "branch":branch, "tipekons":tipekons, "marital":marital, "penjamin":penjamin, ... ])): Send request successfully

2022-11-22 17:14:01 - [MESSAGE][INFO] - HAR: D:\DMS\Engine Scoring\Reports\20221122_171227\Exclude KKB - DS\Scoring Individu - DS\20221122_171227\requests\main\34.har

2022-11-22 17:14:01 - [MESSAGE][PASSED] - Send request successfully

2022-11-22 17:14:01 - [TEST_STEP][PASSED] - slurper = new groovy.json.JsonSlurper(): null

2022-11-22 17:14:01 - [TEST_STEP][PASSED] - result = slurper.parseText(req_data.getResponseBodyContent()): null

2022-11-22 17:14:01 - [TEST_STEP][PASSED] - reqid_kons = requestid1: null

2022-11-22 17:14:01 - [TEST_STEP][PASSED] - reqid_spouse = requestid2: null

2022-11-22 17:14:01 - [TEST_STEP][PASSED] - println("requestid kons : " + reqid_kons): null

2022-11-22 17:14:01 - [TEST_STEP][PASSED] - response_searchME_kons = reqid_kons: null

2022-11-22 17:14:01 - [TEST_STEP][PASSED] - response_searchME_spouse = reqid_spouse: null

2022-11-22 17:14:01 - [TEST_STEP][PASSED] - println("kons req id is :" + response_searchME_kons): null

2022-11-22 17:14:01 - [TEST_STEP][PASSED] - println("spouse req id is : " + response_searchME_spouse): null

2022-11-22 17:14:01 - [TEST_STEP][PASSED] - verifyResponseStatusCode(req_data, 200): Verify response status code successfully

2022-11-22 17:14:01 - [MESSAGE][PASSED] - Verify response status code successfully

2022-11-22 17:14:01 - [TEST_STEP][PASSED] - response = req_data.getResponseText(): null

2022-11-22 17:14:01 - [TEST_STEP][PASSED] - logInfo($response): {"status":"Done","data":{"requestid1":"242432","requestid2":""}}

2022-11-22 17:14:01 - [MESSAGE][INFO] - {"status":"Done","data":{"requestid1":"242432","requestid2":""}}

2022-11-22 17:14:01 - [TEST_STEP][PASSED] - delay(3): Delayed 3 second(s)

2022-11-22 17:14:04 - [MESSAGE][PASSED] - Delayed 3 second(s)

2022-11-22 17:14:04 - [TEST_STEP][PASSED] - scoring = sendRequest(findTestObject("EngineScore", ["response_searchME_kons":response_searchME_kons, "response_searchME_spouse":response_searchME_spouse])): Send request successfully

2022-11-22 17:14:04 - [MESSAGE][INFO] - HAR: D:\DMS\Engine Scoring\Reports\20221122_171227\Exclude KKB - DS\Scoring Individu - DS\20221122_171227\requests\main\35.har

2022-11-22 17:14:04 - [MESSAGE][PASSED] - Send request successfully

2022-11-22 17:14:04 - [TEST_STEP][PASSED] - verifyResponseStatusCode(scoring, 200): Verify response status code successfully

2022-11-22 17:14:04 - [MESSAGE][PASSED] - Verify response status code successfully

2022-11-22 17:14:04 - [TEST_STEP][PASSED] - response2 = scoring.getResponseText(): null

2022-11-22 17:14:04 - [TEST_STEP][PASSED] - markPassed("result service data ke : " + no): result service data ke : 18

2022-11-22 17:14:04 - [MESSAGE][PASSED] - result service data ke : 18

2022-11-22 17:14:04 - [TEST_STEP][PASSED] - logInfo($response2): {"result_konsumen":"Approve","result_pasangan":"","Final_result":"Approve","errorMessage":"","status":"Done"}

2022-11-22 17:14:04 - [MESSAGE][INFO] - {"result_konsumen":"Approve","result_pasangan":"","Final_result":"Approve","errorMessage":"","status":"Done"}

2022-11-22 17:14:04 - [TEST_STEP][PASSED] - verifyElementPropertyValue(scoring, "Final_result", final_result): Verify element property value successfully

2022-11-22 17:14:04 - [MESSAGE][PASSED] - Verify element property value successfully]]></system-out>
         <system-err><![CDATA[]]></system-err>
      </testcase>
      <testcase name="Test Cases/Engine_Scoring/Engine Scoring" time="4.478" classname="Test Cases/Engine_Scoring/Engine Scoring" status="PASSED">
         <system-out><![CDATA[2022-11-22 17:14:04 - [TEST_CASE][PASSED] - Test Cases/Engine_Scoring/Engine Scoring: Test Cases/Engine_Scoring/Engine Scoring

2022-11-22 17:14:05 - [TEST_STEP][PASSED] - markPassed("Variasi data ke : " + no): Variasi data ke : 19

2022-11-22 17:14:05 - [MESSAGE][PASSED] - Variasi data ke : 19

2022-11-22 17:14:05 - [TEST_STEP][PASSED] - req_data = sendRequest(findTestObject("Search_ME", ["MID":MID, "source":source, "ip":ip, "userid":userid, "branch":branch, "tipekons":tipekons, "marital":marital, "penjamin":penjamin, ... ])): Send request successfully

2022-11-22 17:14:06 - [MESSAGE][INFO] - HAR: D:\DMS\Engine Scoring\Reports\20221122_171227\Exclude KKB - DS\Scoring Individu - DS\20221122_171227\requests\main\36.har

2022-11-22 17:14:06 - [MESSAGE][PASSED] - Send request successfully

2022-11-22 17:14:06 - [TEST_STEP][PASSED] - slurper = new groovy.json.JsonSlurper(): null

2022-11-22 17:14:06 - [TEST_STEP][PASSED] - result = slurper.parseText(req_data.getResponseBodyContent()): null

2022-11-22 17:14:06 - [TEST_STEP][PASSED] - reqid_kons = requestid1: null

2022-11-22 17:14:06 - [TEST_STEP][PASSED] - reqid_spouse = requestid2: null

2022-11-22 17:14:06 - [TEST_STEP][PASSED] - println("requestid kons : " + reqid_kons): null

2022-11-22 17:14:06 - [TEST_STEP][PASSED] - response_searchME_kons = reqid_kons: null

2022-11-22 17:14:06 - [TEST_STEP][PASSED] - response_searchME_spouse = reqid_spouse: null

2022-11-22 17:14:06 - [TEST_STEP][PASSED] - println("kons req id is :" + response_searchME_kons): null

2022-11-22 17:14:06 - [TEST_STEP][PASSED] - println("spouse req id is : " + response_searchME_spouse): null

2022-11-22 17:14:06 - [TEST_STEP][PASSED] - verifyResponseStatusCode(req_data, 200): Verify response status code successfully

2022-11-22 17:14:06 - [MESSAGE][PASSED] - Verify response status code successfully

2022-11-22 17:14:06 - [TEST_STEP][PASSED] - response = req_data.getResponseText(): null

2022-11-22 17:14:06 - [TEST_STEP][PASSED] - logInfo($response): {"status":"Done","data":{"requestid1":"242433","requestid2":""}}

2022-11-22 17:14:06 - [MESSAGE][INFO] - {"status":"Done","data":{"requestid1":"242433","requestid2":""}}

2022-11-22 17:14:06 - [TEST_STEP][PASSED] - delay(3): Delayed 3 second(s)

2022-11-22 17:14:09 - [MESSAGE][PASSED] - Delayed 3 second(s)

2022-11-22 17:14:09 - [TEST_STEP][PASSED] - scoring = sendRequest(findTestObject("EngineScore", ["response_searchME_kons":response_searchME_kons, "response_searchME_spouse":response_searchME_spouse])): Send request successfully

2022-11-22 17:14:09 - [MESSAGE][INFO] - HAR: D:\DMS\Engine Scoring\Reports\20221122_171227\Exclude KKB - DS\Scoring Individu - DS\20221122_171227\requests\main\37.har

2022-11-22 17:14:09 - [MESSAGE][PASSED] - Send request successfully

2022-11-22 17:14:09 - [TEST_STEP][PASSED] - verifyResponseStatusCode(scoring, 200): Verify response status code successfully

2022-11-22 17:14:09 - [MESSAGE][PASSED] - Verify response status code successfully

2022-11-22 17:14:09 - [TEST_STEP][PASSED] - response2 = scoring.getResponseText(): null

2022-11-22 17:14:09 - [TEST_STEP][PASSED] - markPassed("result service data ke : " + no): result service data ke : 19

2022-11-22 17:14:09 - [MESSAGE][PASSED] - result service data ke : 19

2022-11-22 17:14:09 - [TEST_STEP][PASSED] - logInfo($response2): {"result_konsumen":"Approve","result_pasangan":"","Final_result":"Approve","errorMessage":"","status":"Done"}

2022-11-22 17:14:09 - [MESSAGE][INFO] - {"result_konsumen":"Approve","result_pasangan":"","Final_result":"Approve","errorMessage":"","status":"Done"}

2022-11-22 17:14:09 - [TEST_STEP][PASSED] - verifyElementPropertyValue(scoring, "Final_result", final_result): Verify element property value successfully

2022-11-22 17:14:09 - [MESSAGE][PASSED] - Verify element property value successfully]]></system-out>
         <system-err><![CDATA[]]></system-err>
      </testcase>
      <testcase name="Test Cases/Engine_Scoring/Engine Scoring" time="4.559" classname="Test Cases/Engine_Scoring/Engine Scoring" status="PASSED">
         <system-out><![CDATA[2022-11-22 17:14:09 - [TEST_CASE][PASSED] - Test Cases/Engine_Scoring/Engine Scoring: Test Cases/Engine_Scoring/Engine Scoring

2022-11-22 17:14:10 - [TEST_STEP][PASSED] - markPassed("Variasi data ke : " + no): Variasi data ke : 20

2022-11-22 17:14:10 - [MESSAGE][PASSED] - Variasi data ke : 20

2022-11-22 17:14:10 - [TEST_STEP][PASSED] - req_data = sendRequest(findTestObject("Search_ME", ["MID":MID, "source":source, "ip":ip, "userid":userid, "branch":branch, "tipekons":tipekons, "marital":marital, "penjamin":penjamin, ... ])): Send request successfully

2022-11-22 17:14:10 - [MESSAGE][INFO] - HAR: D:\DMS\Engine Scoring\Reports\20221122_171227\Exclude KKB - DS\Scoring Individu - DS\20221122_171227\requests\main\38.har

2022-11-22 17:14:10 - [MESSAGE][PASSED] - Send request successfully

2022-11-22 17:14:10 - [TEST_STEP][PASSED] - slurper = new groovy.json.JsonSlurper(): null

2022-11-22 17:14:10 - [TEST_STEP][PASSED] - result = slurper.parseText(req_data.getResponseBodyContent()): null

2022-11-22 17:14:10 - [TEST_STEP][PASSED] - reqid_kons = requestid1: null

2022-11-22 17:14:10 - [TEST_STEP][PASSED] - reqid_spouse = requestid2: null

2022-11-22 17:14:10 - [TEST_STEP][PASSED] - println("requestid kons : " + reqid_kons): null

2022-11-22 17:14:10 - [TEST_STEP][PASSED] - response_searchME_kons = reqid_kons: null

2022-11-22 17:14:10 - [TEST_STEP][PASSED] - response_searchME_spouse = reqid_spouse: null

2022-11-22 17:14:10 - [TEST_STEP][PASSED] - println("kons req id is :" + response_searchME_kons): null

2022-11-22 17:14:10 - [TEST_STEP][PASSED] - println("spouse req id is : " + response_searchME_spouse): null

2022-11-22 17:14:10 - [TEST_STEP][PASSED] - verifyResponseStatusCode(req_data, 200): Verify response status code successfully

2022-11-22 17:14:10 - [MESSAGE][PASSED] - Verify response status code successfully

2022-11-22 17:14:10 - [TEST_STEP][PASSED] - response = req_data.getResponseText(): null

2022-11-22 17:14:10 - [TEST_STEP][PASSED] - logInfo($response): {"status":"Done","data":{"requestid1":"242434","requestid2":""}}

2022-11-22 17:14:10 - [MESSAGE][INFO] - {"status":"Done","data":{"requestid1":"242434","requestid2":""}}

2022-11-22 17:14:10 - [TEST_STEP][PASSED] - delay(3): Delayed 3 second(s)

2022-11-22 17:14:13 - [MESSAGE][PASSED] - Delayed 3 second(s)

2022-11-22 17:14:13 - [TEST_STEP][PASSED] - scoring = sendRequest(findTestObject("EngineScore", ["response_searchME_kons":response_searchME_kons, "response_searchME_spouse":response_searchME_spouse])): Send request successfully

2022-11-22 17:14:13 - [MESSAGE][INFO] - HAR: D:\DMS\Engine Scoring\Reports\20221122_171227\Exclude KKB - DS\Scoring Individu - DS\20221122_171227\requests\main\39.har

2022-11-22 17:14:13 - [MESSAGE][PASSED] - Send request successfully

2022-11-22 17:14:13 - [TEST_STEP][PASSED] - verifyResponseStatusCode(scoring, 200): Verify response status code successfully

2022-11-22 17:14:13 - [MESSAGE][PASSED] - Verify response status code successfully

2022-11-22 17:14:13 - [TEST_STEP][PASSED] - response2 = scoring.getResponseText(): null

2022-11-22 17:14:13 - [TEST_STEP][PASSED] - markPassed("result service data ke : " + no): result service data ke : 20

2022-11-22 17:14:13 - [MESSAGE][PASSED] - result service data ke : 20

2022-11-22 17:14:13 - [TEST_STEP][PASSED] - logInfo($response2): {"result_konsumen":"Approve","result_pasangan":"","Final_result":"Approve","errorMessage":"","status":"Done"}

2022-11-22 17:14:13 - [MESSAGE][INFO] - {"result_konsumen":"Approve","result_pasangan":"","Final_result":"Approve","errorMessage":"","status":"Done"}

2022-11-22 17:14:13 - [TEST_STEP][PASSED] - verifyElementPropertyValue(scoring, "Final_result", final_result): Verify element property value successfully

2022-11-22 17:14:13 - [MESSAGE][PASSED] - Verify element property value successfully]]></system-out>
         <system-err><![CDATA[]]></system-err>
      </testcase>
      <testcase name="Test Cases/Engine_Scoring/Engine Scoring" time="4.473" classname="Test Cases/Engine_Scoring/Engine Scoring" status="PASSED">
         <system-out><![CDATA[2022-11-22 17:14:13 - [TEST_CASE][PASSED] - Test Cases/Engine_Scoring/Engine Scoring: Test Cases/Engine_Scoring/Engine Scoring

2022-11-22 17:14:14 - [TEST_STEP][PASSED] - markPassed("Variasi data ke : " + no): Variasi data ke : 21

2022-11-22 17:14:14 - [MESSAGE][PASSED] - Variasi data ke : 21

2022-11-22 17:14:14 - [TEST_STEP][PASSED] - req_data = sendRequest(findTestObject("Search_ME", ["MID":MID, "source":source, "ip":ip, "userid":userid, "branch":branch, "tipekons":tipekons, "marital":marital, "penjamin":penjamin, ... ])): Send request successfully

2022-11-22 17:14:15 - [MESSAGE][INFO] - HAR: D:\DMS\Engine Scoring\Reports\20221122_171227\Exclude KKB - DS\Scoring Individu - DS\20221122_171227\requests\main\40.har

2022-11-22 17:14:15 - [MESSAGE][PASSED] - Send request successfully

2022-11-22 17:14:15 - [TEST_STEP][PASSED] - slurper = new groovy.json.JsonSlurper(): null

2022-11-22 17:14:15 - [TEST_STEP][PASSED] - result = slurper.parseText(req_data.getResponseBodyContent()): null

2022-11-22 17:14:15 - [TEST_STEP][PASSED] - reqid_kons = requestid1: null

2022-11-22 17:14:15 - [TEST_STEP][PASSED] - reqid_spouse = requestid2: null

2022-11-22 17:14:15 - [TEST_STEP][PASSED] - println("requestid kons : " + reqid_kons): null

2022-11-22 17:14:15 - [TEST_STEP][PASSED] - response_searchME_kons = reqid_kons: null

2022-11-22 17:14:15 - [TEST_STEP][PASSED] - response_searchME_spouse = reqid_spouse: null

2022-11-22 17:14:15 - [TEST_STEP][PASSED] - println("kons req id is :" + response_searchME_kons): null

2022-11-22 17:14:15 - [TEST_STEP][PASSED] - println("spouse req id is : " + response_searchME_spouse): null

2022-11-22 17:14:15 - [TEST_STEP][PASSED] - verifyResponseStatusCode(req_data, 200): Verify response status code successfully

2022-11-22 17:14:15 - [MESSAGE][PASSED] - Verify response status code successfully

2022-11-22 17:14:15 - [TEST_STEP][PASSED] - response = req_data.getResponseText(): null

2022-11-22 17:14:15 - [TEST_STEP][PASSED] - logInfo($response): {"status":"Done","data":{"requestid1":"242435","requestid2":""}}

2022-11-22 17:14:15 - [MESSAGE][INFO] - {"status":"Done","data":{"requestid1":"242435","requestid2":""}}

2022-11-22 17:14:15 - [TEST_STEP][PASSED] - delay(3): Delayed 3 second(s)

2022-11-22 17:14:18 - [MESSAGE][PASSED] - Delayed 3 second(s)

2022-11-22 17:14:18 - [TEST_STEP][PASSED] - scoring = sendRequest(findTestObject("EngineScore", ["response_searchME_kons":response_searchME_kons, "response_searchME_spouse":response_searchME_spouse])): Send request successfully

2022-11-22 17:14:18 - [MESSAGE][INFO] - HAR: D:\DMS\Engine Scoring\Reports\20221122_171227\Exclude KKB - DS\Scoring Individu - DS\20221122_171227\requests\main\41.har

2022-11-22 17:14:18 - [MESSAGE][PASSED] - Send request successfully

2022-11-22 17:14:18 - [TEST_STEP][PASSED] - verifyResponseStatusCode(scoring, 200): Verify response status code successfully

2022-11-22 17:14:18 - [MESSAGE][PASSED] - Verify response status code successfully

2022-11-22 17:14:18 - [TEST_STEP][PASSED] - response2 = scoring.getResponseText(): null

2022-11-22 17:14:18 - [TEST_STEP][PASSED] - markPassed("result service data ke : " + no): result service data ke : 21

2022-11-22 17:14:18 - [MESSAGE][PASSED] - result service data ke : 21

2022-11-22 17:14:18 - [TEST_STEP][PASSED] - logInfo($response2): {"result_konsumen":"Reject","result_pasangan":"","Final_result":"Reject","errorMessage":"","status":"Done"}

2022-11-22 17:14:18 - [MESSAGE][INFO] - {"result_konsumen":"Reject","result_pasangan":"","Final_result":"Reject","errorMessage":"","status":"Done"}

2022-11-22 17:14:18 - [TEST_STEP][PASSED] - verifyElementPropertyValue(scoring, "Final_result", final_result): Verify element property value successfully

2022-11-22 17:14:18 - [MESSAGE][PASSED] - Verify element property value successfully]]></system-out>
         <system-err><![CDATA[]]></system-err>
      </testcase>
      <testcase name="Test Cases/Engine_Scoring/Engine Scoring" time="4.488" classname="Test Cases/Engine_Scoring/Engine Scoring" status="PASSED">
         <system-out><![CDATA[2022-11-22 17:14:18 - [TEST_CASE][PASSED] - Test Cases/Engine_Scoring/Engine Scoring: Test Cases/Engine_Scoring/Engine Scoring

2022-11-22 17:14:19 - [TEST_STEP][PASSED] - markPassed("Variasi data ke : " + no): Variasi data ke : 22

2022-11-22 17:14:19 - [MESSAGE][PASSED] - Variasi data ke : 22

2022-11-22 17:14:19 - [TEST_STEP][PASSED] - req_data = sendRequest(findTestObject("Search_ME", ["MID":MID, "source":source, "ip":ip, "userid":userid, "branch":branch, "tipekons":tipekons, "marital":marital, "penjamin":penjamin, ... ])): Send request successfully

2022-11-22 17:14:19 - [MESSAGE][INFO] - HAR: D:\DMS\Engine Scoring\Reports\20221122_171227\Exclude KKB - DS\Scoring Individu - DS\20221122_171227\requests\main\42.har

2022-11-22 17:14:19 - [MESSAGE][PASSED] - Send request successfully

2022-11-22 17:14:19 - [TEST_STEP][PASSED] - slurper = new groovy.json.JsonSlurper(): null

2022-11-22 17:14:19 - [TEST_STEP][PASSED] - result = slurper.parseText(req_data.getResponseBodyContent()): null

2022-11-22 17:14:19 - [TEST_STEP][PASSED] - reqid_kons = requestid1: null

2022-11-22 17:14:19 - [TEST_STEP][PASSED] - reqid_spouse = requestid2: null

2022-11-22 17:14:19 - [TEST_STEP][PASSED] - println("requestid kons : " + reqid_kons): null

2022-11-22 17:14:19 - [TEST_STEP][PASSED] - response_searchME_kons = reqid_kons: null

2022-11-22 17:14:19 - [TEST_STEP][PASSED] - response_searchME_spouse = reqid_spouse: null

2022-11-22 17:14:19 - [TEST_STEP][PASSED] - println("kons req id is :" + response_searchME_kons): null

2022-11-22 17:14:19 - [TEST_STEP][PASSED] - println("spouse req id is : " + response_searchME_spouse): null

2022-11-22 17:14:19 - [TEST_STEP][PASSED] - verifyResponseStatusCode(req_data, 200): Verify response status code successfully

2022-11-22 17:14:19 - [MESSAGE][PASSED] - Verify response status code successfully

2022-11-22 17:14:19 - [TEST_STEP][PASSED] - response = req_data.getResponseText(): null

2022-11-22 17:14:19 - [TEST_STEP][PASSED] - logInfo($response): {"status":"Done","data":{"requestid1":"242436","requestid2":""}}

2022-11-22 17:14:19 - [MESSAGE][INFO] - {"status":"Done","data":{"requestid1":"242436","requestid2":""}}

2022-11-22 17:14:19 - [TEST_STEP][PASSED] - delay(3): Delayed 3 second(s)

2022-11-22 17:14:22 - [MESSAGE][PASSED] - Delayed 3 second(s)

2022-11-22 17:14:22 - [TEST_STEP][PASSED] - scoring = sendRequest(findTestObject("EngineScore", ["response_searchME_kons":response_searchME_kons, "response_searchME_spouse":response_searchME_spouse])): Send request successfully

2022-11-22 17:14:22 - [MESSAGE][INFO] - HAR: D:\DMS\Engine Scoring\Reports\20221122_171227\Exclude KKB - DS\Scoring Individu - DS\20221122_171227\requests\main\43.har

2022-11-22 17:14:22 - [MESSAGE][PASSED] - Send request successfully

2022-11-22 17:14:22 - [TEST_STEP][PASSED] - verifyResponseStatusCode(scoring, 200): Verify response status code successfully

2022-11-22 17:14:22 - [MESSAGE][PASSED] - Verify response status code successfully

2022-11-22 17:14:22 - [TEST_STEP][PASSED] - response2 = scoring.getResponseText(): null

2022-11-22 17:14:22 - [TEST_STEP][PASSED] - markPassed("result service data ke : " + no): result service data ke : 22

2022-11-22 17:14:22 - [MESSAGE][PASSED] - result service data ke : 22

2022-11-22 17:14:22 - [TEST_STEP][PASSED] - logInfo($response2): {"result_konsumen":"Reject","result_pasangan":"","Final_result":"Reject","errorMessage":"","status":"Done"}

2022-11-22 17:14:22 - [MESSAGE][INFO] - {"result_konsumen":"Reject","result_pasangan":"","Final_result":"Reject","errorMessage":"","status":"Done"}

2022-11-22 17:14:22 - [TEST_STEP][PASSED] - verifyElementPropertyValue(scoring, "Final_result", final_result): Verify element property value successfully

2022-11-22 17:14:22 - [MESSAGE][PASSED] - Verify element property value successfully]]></system-out>
         <system-err><![CDATA[]]></system-err>
      </testcase>
      <testcase name="Test Cases/Engine_Scoring/Engine Scoring" time="4.488" classname="Test Cases/Engine_Scoring/Engine Scoring" status="PASSED">
         <system-out><![CDATA[2022-11-22 17:14:22 - [TEST_CASE][PASSED] - Test Cases/Engine_Scoring/Engine Scoring: Test Cases/Engine_Scoring/Engine Scoring

2022-11-22 17:14:23 - [TEST_STEP][PASSED] - markPassed("Variasi data ke : " + no): Variasi data ke : 23

2022-11-22 17:14:23 - [MESSAGE][PASSED] - Variasi data ke : 23

2022-11-22 17:14:23 - [TEST_STEP][PASSED] - req_data = sendRequest(findTestObject("Search_ME", ["MID":MID, "source":source, "ip":ip, "userid":userid, "branch":branch, "tipekons":tipekons, "marital":marital, "penjamin":penjamin, ... ])): Send request successfully

2022-11-22 17:14:24 - [MESSAGE][INFO] - HAR: D:\DMS\Engine Scoring\Reports\20221122_171227\Exclude KKB - DS\Scoring Individu - DS\20221122_171227\requests\main\44.har

2022-11-22 17:14:24 - [MESSAGE][PASSED] - Send request successfully

2022-11-22 17:14:24 - [TEST_STEP][PASSED] - slurper = new groovy.json.JsonSlurper(): null

2022-11-22 17:14:24 - [TEST_STEP][PASSED] - result = slurper.parseText(req_data.getResponseBodyContent()): null

2022-11-22 17:14:24 - [TEST_STEP][PASSED] - reqid_kons = requestid1: null

2022-11-22 17:14:24 - [TEST_STEP][PASSED] - reqid_spouse = requestid2: null

2022-11-22 17:14:24 - [TEST_STEP][PASSED] - println("requestid kons : " + reqid_kons): null

2022-11-22 17:14:24 - [TEST_STEP][PASSED] - response_searchME_kons = reqid_kons: null

2022-11-22 17:14:24 - [TEST_STEP][PASSED] - response_searchME_spouse = reqid_spouse: null

2022-11-22 17:14:24 - [TEST_STEP][PASSED] - println("kons req id is :" + response_searchME_kons): null

2022-11-22 17:14:24 - [TEST_STEP][PASSED] - println("spouse req id is : " + response_searchME_spouse): null

2022-11-22 17:14:24 - [TEST_STEP][PASSED] - verifyResponseStatusCode(req_data, 200): Verify response status code successfully

2022-11-22 17:14:24 - [MESSAGE][PASSED] - Verify response status code successfully

2022-11-22 17:14:24 - [TEST_STEP][PASSED] - response = req_data.getResponseText(): null

2022-11-22 17:14:24 - [TEST_STEP][PASSED] - logInfo($response): {"status":"Done","data":{"requestid1":"242437","requestid2":""}}

2022-11-22 17:14:24 - [MESSAGE][INFO] - {"status":"Done","data":{"requestid1":"242437","requestid2":""}}

2022-11-22 17:14:24 - [TEST_STEP][PASSED] - delay(3): Delayed 3 second(s)

2022-11-22 17:14:27 - [MESSAGE][PASSED] - Delayed 3 second(s)

2022-11-22 17:14:27 - [TEST_STEP][PASSED] - scoring = sendRequest(findTestObject("EngineScore", ["response_searchME_kons":response_searchME_kons, "response_searchME_spouse":response_searchME_spouse])): Send request successfully

2022-11-22 17:14:27 - [MESSAGE][INFO] - HAR: D:\DMS\Engine Scoring\Reports\20221122_171227\Exclude KKB - DS\Scoring Individu - DS\20221122_171227\requests\main\45.har

2022-11-22 17:14:27 - [MESSAGE][PASSED] - Send request successfully

2022-11-22 17:14:27 - [TEST_STEP][PASSED] - verifyResponseStatusCode(scoring, 200): Verify response status code successfully

2022-11-22 17:14:27 - [MESSAGE][PASSED] - Verify response status code successfully

2022-11-22 17:14:27 - [TEST_STEP][PASSED] - response2 = scoring.getResponseText(): null

2022-11-22 17:14:27 - [TEST_STEP][PASSED] - markPassed("result service data ke : " + no): result service data ke : 23

2022-11-22 17:14:27 - [MESSAGE][PASSED] - result service data ke : 23

2022-11-22 17:14:27 - [TEST_STEP][PASSED] - logInfo($response2): {"result_konsumen":"Reject","result_pasangan":"","Final_result":"Reject","errorMessage":"","status":"Done"}

2022-11-22 17:14:27 - [MESSAGE][INFO] - {"result_konsumen":"Reject","result_pasangan":"","Final_result":"Reject","errorMessage":"","status":"Done"}

2022-11-22 17:14:27 - [TEST_STEP][PASSED] - verifyElementPropertyValue(scoring, "Final_result", final_result): Verify element property value successfully

2022-11-22 17:14:27 - [MESSAGE][PASSED] - Verify element property value successfully]]></system-out>
         <system-err><![CDATA[]]></system-err>
      </testcase>
      <testcase name="Test Cases/Engine_Scoring/Engine Scoring" time="4.59" classname="Test Cases/Engine_Scoring/Engine Scoring" status="PASSED">
         <system-out><![CDATA[2022-11-22 17:14:27 - [TEST_CASE][PASSED] - Test Cases/Engine_Scoring/Engine Scoring: Test Cases/Engine_Scoring/Engine Scoring

2022-11-22 17:14:28 - [TEST_STEP][PASSED] - markPassed("Variasi data ke : " + no): Variasi data ke : 24

2022-11-22 17:14:28 - [MESSAGE][PASSED] - Variasi data ke : 24

2022-11-22 17:14:28 - [TEST_STEP][PASSED] - req_data = sendRequest(findTestObject("Search_ME", ["MID":MID, "source":source, "ip":ip, "userid":userid, "branch":branch, "tipekons":tipekons, "marital":marital, "penjamin":penjamin, ... ])): Send request successfully

2022-11-22 17:14:28 - [MESSAGE][INFO] - HAR: D:\DMS\Engine Scoring\Reports\20221122_171227\Exclude KKB - DS\Scoring Individu - DS\20221122_171227\requests\main\46.har

2022-11-22 17:14:28 - [MESSAGE][PASSED] - Send request successfully

2022-11-22 17:14:28 - [TEST_STEP][PASSED] - slurper = new groovy.json.JsonSlurper(): null

2022-11-22 17:14:28 - [TEST_STEP][PASSED] - result = slurper.parseText(req_data.getResponseBodyContent()): null

2022-11-22 17:14:28 - [TEST_STEP][PASSED] - reqid_kons = requestid1: null

2022-11-22 17:14:28 - [TEST_STEP][PASSED] - reqid_spouse = requestid2: null

2022-11-22 17:14:28 - [TEST_STEP][PASSED] - println("requestid kons : " + reqid_kons): null

2022-11-22 17:14:28 - [TEST_STEP][PASSED] - response_searchME_kons = reqid_kons: null

2022-11-22 17:14:28 - [TEST_STEP][PASSED] - response_searchME_spouse = reqid_spouse: null

2022-11-22 17:14:28 - [TEST_STEP][PASSED] - println("kons req id is :" + response_searchME_kons): null

2022-11-22 17:14:28 - [TEST_STEP][PASSED] - println("spouse req id is : " + response_searchME_spouse): null

2022-11-22 17:14:28 - [TEST_STEP][PASSED] - verifyResponseStatusCode(req_data, 200): Verify response status code successfully

2022-11-22 17:14:28 - [MESSAGE][PASSED] - Verify response status code successfully

2022-11-22 17:14:28 - [TEST_STEP][PASSED] - response = req_data.getResponseText(): null

2022-11-22 17:14:28 - [TEST_STEP][PASSED] - logInfo($response): {"status":"Done","data":{"requestid1":"242438","requestid2":""}}

2022-11-22 17:14:28 - [MESSAGE][INFO] - {"status":"Done","data":{"requestid1":"242438","requestid2":""}}

2022-11-22 17:14:28 - [TEST_STEP][PASSED] - delay(3): Delayed 3 second(s)

2022-11-22 17:14:31 - [MESSAGE][PASSED] - Delayed 3 second(s)

2022-11-22 17:14:31 - [TEST_STEP][PASSED] - scoring = sendRequest(findTestObject("EngineScore", ["response_searchME_kons":response_searchME_kons, "response_searchME_spouse":response_searchME_spouse])): Send request successfully

2022-11-22 17:14:32 - [MESSAGE][INFO] - HAR: D:\DMS\Engine Scoring\Reports\20221122_171227\Exclude KKB - DS\Scoring Individu - DS\20221122_171227\requests\main\47.har

2022-11-22 17:14:32 - [MESSAGE][PASSED] - Send request successfully

2022-11-22 17:14:32 - [TEST_STEP][PASSED] - verifyResponseStatusCode(scoring, 200): Verify response status code successfully

2022-11-22 17:14:32 - [MESSAGE][PASSED] - Verify response status code successfully

2022-11-22 17:14:32 - [TEST_STEP][PASSED] - response2 = scoring.getResponseText(): null

2022-11-22 17:14:32 - [TEST_STEP][PASSED] - markPassed("result service data ke : " + no): result service data ke : 24

2022-11-22 17:14:32 - [MESSAGE][PASSED] - result service data ke : 24

2022-11-22 17:14:32 - [TEST_STEP][PASSED] - logInfo($response2): {"result_konsumen":"Reject","result_pasangan":"","Final_result":"Reject","errorMessage":"","status":"Done"}

2022-11-22 17:14:32 - [MESSAGE][INFO] - {"result_konsumen":"Reject","result_pasangan":"","Final_result":"Reject","errorMessage":"","status":"Done"}

2022-11-22 17:14:32 - [TEST_STEP][PASSED] - verifyElementPropertyValue(scoring, "Final_result", final_result): Verify element property value successfully

2022-11-22 17:14:32 - [MESSAGE][PASSED] - Verify element property value successfully]]></system-out>
         <system-err><![CDATA[]]></system-err>
      </testcase>
      <testcase name="Test Cases/Engine_Scoring/Engine Scoring" time="4.555" classname="Test Cases/Engine_Scoring/Engine Scoring" status="PASSED">
         <system-out><![CDATA[2022-11-22 17:14:32 - [TEST_CASE][PASSED] - Test Cases/Engine_Scoring/Engine Scoring: Test Cases/Engine_Scoring/Engine Scoring

2022-11-22 17:14:32 - [TEST_STEP][PASSED] - markPassed("Variasi data ke : " + no): Variasi data ke : 25

2022-11-22 17:14:32 - [MESSAGE][PASSED] - Variasi data ke : 25

2022-11-22 17:14:32 - [TEST_STEP][PASSED] - req_data = sendRequest(findTestObject("Search_ME", ["MID":MID, "source":source, "ip":ip, "userid":userid, "branch":branch, "tipekons":tipekons, "marital":marital, "penjamin":penjamin, ... ])): Send request successfully

2022-11-22 17:14:33 - [MESSAGE][INFO] - HAR: D:\DMS\Engine Scoring\Reports\20221122_171227\Exclude KKB - DS\Scoring Individu - DS\20221122_171227\requests\main\48.har

2022-11-22 17:14:33 - [MESSAGE][PASSED] - Send request successfully

2022-11-22 17:14:33 - [TEST_STEP][PASSED] - slurper = new groovy.json.JsonSlurper(): null

2022-11-22 17:14:33 - [TEST_STEP][PASSED] - result = slurper.parseText(req_data.getResponseBodyContent()): null

2022-11-22 17:14:33 - [TEST_STEP][PASSED] - reqid_kons = requestid1: null

2022-11-22 17:14:33 - [TEST_STEP][PASSED] - reqid_spouse = requestid2: null

2022-11-22 17:14:33 - [TEST_STEP][PASSED] - println("requestid kons : " + reqid_kons): null

2022-11-22 17:14:33 - [TEST_STEP][PASSED] - response_searchME_kons = reqid_kons: null

2022-11-22 17:14:33 - [TEST_STEP][PASSED] - response_searchME_spouse = reqid_spouse: null

2022-11-22 17:14:33 - [TEST_STEP][PASSED] - println("kons req id is :" + response_searchME_kons): null

2022-11-22 17:14:33 - [TEST_STEP][PASSED] - println("spouse req id is : " + response_searchME_spouse): null

2022-11-22 17:14:33 - [TEST_STEP][PASSED] - verifyResponseStatusCode(req_data, 200): Verify response status code successfully

2022-11-22 17:14:33 - [MESSAGE][PASSED] - Verify response status code successfully

2022-11-22 17:14:33 - [TEST_STEP][PASSED] - response = req_data.getResponseText(): null

2022-11-22 17:14:33 - [TEST_STEP][PASSED] - logInfo($response): {"status":"Done","data":{"requestid1":"242439","requestid2":""}}

2022-11-22 17:14:33 - [MESSAGE][INFO] - {"status":"Done","data":{"requestid1":"242439","requestid2":""}}

2022-11-22 17:14:33 - [TEST_STEP][PASSED] - delay(3): Delayed 3 second(s)

2022-11-22 17:14:36 - [MESSAGE][PASSED] - Delayed 3 second(s)

2022-11-22 17:14:36 - [TEST_STEP][PASSED] - scoring = sendRequest(findTestObject("EngineScore", ["response_searchME_kons":response_searchME_kons, "response_searchME_spouse":response_searchME_spouse])): Send request successfully

2022-11-22 17:14:36 - [MESSAGE][INFO] - HAR: D:\DMS\Engine Scoring\Reports\20221122_171227\Exclude KKB - DS\Scoring Individu - DS\20221122_171227\requests\main\49.har

2022-11-22 17:14:36 - [MESSAGE][PASSED] - Send request successfully

2022-11-22 17:14:36 - [TEST_STEP][PASSED] - verifyResponseStatusCode(scoring, 200): Verify response status code successfully

2022-11-22 17:14:36 - [MESSAGE][PASSED] - Verify response status code successfully

2022-11-22 17:14:36 - [TEST_STEP][PASSED] - response2 = scoring.getResponseText(): null

2022-11-22 17:14:36 - [TEST_STEP][PASSED] - markPassed("result service data ke : " + no): result service data ke : 25

2022-11-22 17:14:36 - [MESSAGE][PASSED] - result service data ke : 25

2022-11-22 17:14:36 - [TEST_STEP][PASSED] - logInfo($response2): {"result_konsumen":"Approve","result_pasangan":"","Final_result":"Approve","errorMessage":"","status":"Done"}

2022-11-22 17:14:36 - [MESSAGE][INFO] - {"result_konsumen":"Approve","result_pasangan":"","Final_result":"Approve","errorMessage":"","status":"Done"}

2022-11-22 17:14:36 - [TEST_STEP][PASSED] - verifyElementPropertyValue(scoring, "Final_result", final_result): Verify element property value successfully

2022-11-22 17:14:36 - [MESSAGE][PASSED] - Verify element property value successfully]]></system-out>
         <system-err><![CDATA[]]></system-err>
      </testcase>
      <testcase name="Test Cases/Engine_Scoring/Engine Scoring" time="4.564" classname="Test Cases/Engine_Scoring/Engine Scoring" status="PASSED">
         <system-out><![CDATA[2022-11-22 17:14:36 - [TEST_CASE][PASSED] - Test Cases/Engine_Scoring/Engine Scoring: Test Cases/Engine_Scoring/Engine Scoring

2022-11-22 17:14:37 - [TEST_STEP][PASSED] - markPassed("Variasi data ke : " + no): Variasi data ke : 26

2022-11-22 17:14:37 - [MESSAGE][PASSED] - Variasi data ke : 26

2022-11-22 17:14:37 - [TEST_STEP][PASSED] - req_data = sendRequest(findTestObject("Search_ME", ["MID":MID, "source":source, "ip":ip, "userid":userid, "branch":branch, "tipekons":tipekons, "marital":marital, "penjamin":penjamin, ... ])): Send request successfully

2022-11-22 17:14:38 - [MESSAGE][INFO] - HAR: D:\DMS\Engine Scoring\Reports\20221122_171227\Exclude KKB - DS\Scoring Individu - DS\20221122_171227\requests\main\50.har

2022-11-22 17:14:38 - [MESSAGE][PASSED] - Send request successfully

2022-11-22 17:14:38 - [TEST_STEP][PASSED] - slurper = new groovy.json.JsonSlurper(): null

2022-11-22 17:14:38 - [TEST_STEP][PASSED] - result = slurper.parseText(req_data.getResponseBodyContent()): null

2022-11-22 17:14:38 - [TEST_STEP][PASSED] - reqid_kons = requestid1: null

2022-11-22 17:14:38 - [TEST_STEP][PASSED] - reqid_spouse = requestid2: null

2022-11-22 17:14:38 - [TEST_STEP][PASSED] - println("requestid kons : " + reqid_kons): null

2022-11-22 17:14:38 - [TEST_STEP][PASSED] - response_searchME_kons = reqid_kons: null

2022-11-22 17:14:38 - [TEST_STEP][PASSED] - response_searchME_spouse = reqid_spouse: null

2022-11-22 17:14:38 - [TEST_STEP][PASSED] - println("kons req id is :" + response_searchME_kons): null

2022-11-22 17:14:38 - [TEST_STEP][PASSED] - println("spouse req id is : " + response_searchME_spouse): null

2022-11-22 17:14:38 - [TEST_STEP][PASSED] - verifyResponseStatusCode(req_data, 200): Verify response status code successfully

2022-11-22 17:14:38 - [MESSAGE][PASSED] - Verify response status code successfully

2022-11-22 17:14:38 - [TEST_STEP][PASSED] - response = req_data.getResponseText(): null

2022-11-22 17:14:38 - [TEST_STEP][PASSED] - logInfo($response): {"status":"Done","data":{"requestid1":"242440","requestid2":""}}

2022-11-22 17:14:38 - [MESSAGE][INFO] - {"status":"Done","data":{"requestid1":"242440","requestid2":""}}

2022-11-22 17:14:38 - [TEST_STEP][PASSED] - delay(3): Delayed 3 second(s)

2022-11-22 17:14:41 - [MESSAGE][PASSED] - Delayed 3 second(s)

2022-11-22 17:14:41 - [TEST_STEP][PASSED] - scoring = sendRequest(findTestObject("EngineScore", ["response_searchME_kons":response_searchME_kons, "response_searchME_spouse":response_searchME_spouse])): Send request successfully

2022-11-22 17:14:41 - [MESSAGE][INFO] - HAR: D:\DMS\Engine Scoring\Reports\20221122_171227\Exclude KKB - DS\Scoring Individu - DS\20221122_171227\requests\main\51.har

2022-11-22 17:14:41 - [MESSAGE][PASSED] - Send request successfully

2022-11-22 17:14:41 - [TEST_STEP][PASSED] - verifyResponseStatusCode(scoring, 200): Verify response status code successfully

2022-11-22 17:14:41 - [MESSAGE][PASSED] - Verify response status code successfully

2022-11-22 17:14:41 - [TEST_STEP][PASSED] - response2 = scoring.getResponseText(): null

2022-11-22 17:14:41 - [TEST_STEP][PASSED] - markPassed("result service data ke : " + no): result service data ke : 26

2022-11-22 17:14:41 - [MESSAGE][PASSED] - result service data ke : 26

2022-11-22 17:14:41 - [TEST_STEP][PASSED] - logInfo($response2): {"result_konsumen":"Approve","result_pasangan":"","Final_result":"Approve","errorMessage":"","status":"Done"}

2022-11-22 17:14:41 - [MESSAGE][INFO] - {"result_konsumen":"Approve","result_pasangan":"","Final_result":"Approve","errorMessage":"","status":"Done"}

2022-11-22 17:14:41 - [TEST_STEP][PASSED] - verifyElementPropertyValue(scoring, "Final_result", final_result): Verify element property value successfully

2022-11-22 17:14:41 - [MESSAGE][PASSED] - Verify element property value successfully]]></system-out>
         <system-err><![CDATA[]]></system-err>
      </testcase>
      <testcase name="Test Cases/Engine_Scoring/Engine Scoring" time="4.61" classname="Test Cases/Engine_Scoring/Engine Scoring" status="PASSED">
         <system-out><![CDATA[2022-11-22 17:14:41 - [TEST_CASE][PASSED] - Test Cases/Engine_Scoring/Engine Scoring: Test Cases/Engine_Scoring/Engine Scoring

2022-11-22 17:14:41 - [TEST_STEP][PASSED] - markPassed("Variasi data ke : " + no): Variasi data ke : 27

2022-11-22 17:14:41 - [MESSAGE][PASSED] - Variasi data ke : 27

2022-11-22 17:14:41 - [TEST_STEP][PASSED] - req_data = sendRequest(findTestObject("Search_ME", ["MID":MID, "source":source, "ip":ip, "userid":userid, "branch":branch, "tipekons":tipekons, "marital":marital, "penjamin":penjamin, ... ])): Send request successfully

2022-11-22 17:14:42 - [MESSAGE][INFO] - HAR: D:\DMS\Engine Scoring\Reports\20221122_171227\Exclude KKB - DS\Scoring Individu - DS\20221122_171227\requests\main\52.har

2022-11-22 17:14:42 - [MESSAGE][PASSED] - Send request successfully

2022-11-22 17:14:42 - [TEST_STEP][PASSED] - slurper = new groovy.json.JsonSlurper(): null

2022-11-22 17:14:42 - [TEST_STEP][PASSED] - result = slurper.parseText(req_data.getResponseBodyContent()): null

2022-11-22 17:14:42 - [TEST_STEP][PASSED] - reqid_kons = requestid1: null

2022-11-22 17:14:42 - [TEST_STEP][PASSED] - reqid_spouse = requestid2: null

2022-11-22 17:14:42 - [TEST_STEP][PASSED] - println("requestid kons : " + reqid_kons): null

2022-11-22 17:14:42 - [TEST_STEP][PASSED] - response_searchME_kons = reqid_kons: null

2022-11-22 17:14:42 - [TEST_STEP][PASSED] - response_searchME_spouse = reqid_spouse: null

2022-11-22 17:14:42 - [TEST_STEP][PASSED] - println("kons req id is :" + response_searchME_kons): null

2022-11-22 17:14:42 - [TEST_STEP][PASSED] - println("spouse req id is : " + response_searchME_spouse): null

2022-11-22 17:14:42 - [TEST_STEP][PASSED] - verifyResponseStatusCode(req_data, 200): Verify response status code successfully

2022-11-22 17:14:42 - [MESSAGE][PASSED] - Verify response status code successfully

2022-11-22 17:14:42 - [TEST_STEP][PASSED] - response = req_data.getResponseText(): null

2022-11-22 17:14:42 - [TEST_STEP][PASSED] - logInfo($response): {"status":"Done","data":{"requestid1":"242441","requestid2":""}}

2022-11-22 17:14:42 - [MESSAGE][INFO] - {"status":"Done","data":{"requestid1":"242441","requestid2":""}}

2022-11-22 17:14:42 - [TEST_STEP][PASSED] - delay(3): Delayed 3 second(s)

2022-11-22 17:14:45 - [MESSAGE][PASSED] - Delayed 3 second(s)

2022-11-22 17:14:45 - [TEST_STEP][PASSED] - scoring = sendRequest(findTestObject("EngineScore", ["response_searchME_kons":response_searchME_kons, "response_searchME_spouse":response_searchME_spouse])): Send request successfully

2022-11-22 17:14:45 - [MESSAGE][INFO] - HAR: D:\DMS\Engine Scoring\Reports\20221122_171227\Exclude KKB - DS\Scoring Individu - DS\20221122_171227\requests\main\53.har

2022-11-22 17:14:45 - [MESSAGE][PASSED] - Send request successfully

2022-11-22 17:14:45 - [TEST_STEP][PASSED] - verifyResponseStatusCode(scoring, 200): Verify response status code successfully

2022-11-22 17:14:45 - [MESSAGE][PASSED] - Verify response status code successfully

2022-11-22 17:14:45 - [TEST_STEP][PASSED] - response2 = scoring.getResponseText(): null

2022-11-22 17:14:45 - [TEST_STEP][PASSED] - markPassed("result service data ke : " + no): result service data ke : 27

2022-11-22 17:14:45 - [MESSAGE][PASSED] - result service data ke : 27

2022-11-22 17:14:45 - [TEST_STEP][PASSED] - logInfo($response2): {"result_konsumen":"Approve","result_pasangan":"","Final_result":"Approve","errorMessage":"","status":"Done"}

2022-11-22 17:14:45 - [MESSAGE][INFO] - {"result_konsumen":"Approve","result_pasangan":"","Final_result":"Approve","errorMessage":"","status":"Done"}

2022-11-22 17:14:45 - [TEST_STEP][PASSED] - verifyElementPropertyValue(scoring, "Final_result", final_result): Verify element property value successfully

2022-11-22 17:14:45 - [MESSAGE][PASSED] - Verify element property value successfully]]></system-out>
         <system-err><![CDATA[]]></system-err>
      </testcase>
      <testcase name="Test Cases/Engine_Scoring/Engine Scoring" time="4.535" classname="Test Cases/Engine_Scoring/Engine Scoring" status="PASSED">
         <system-out><![CDATA[2022-11-22 17:14:45 - [TEST_CASE][PASSED] - Test Cases/Engine_Scoring/Engine Scoring: Test Cases/Engine_Scoring/Engine Scoring

2022-11-22 17:14:46 - [TEST_STEP][PASSED] - markPassed("Variasi data ke : " + no): Variasi data ke : 28

2022-11-22 17:14:46 - [MESSAGE][PASSED] - Variasi data ke : 28

2022-11-22 17:14:46 - [TEST_STEP][PASSED] - req_data = sendRequest(findTestObject("Search_ME", ["MID":MID, "source":source, "ip":ip, "userid":userid, "branch":branch, "tipekons":tipekons, "marital":marital, "penjamin":penjamin, ... ])): Send request successfully

2022-11-22 17:14:47 - [MESSAGE][INFO] - HAR: D:\DMS\Engine Scoring\Reports\20221122_171227\Exclude KKB - DS\Scoring Individu - DS\20221122_171227\requests\main\54.har

2022-11-22 17:14:47 - [MESSAGE][PASSED] - Send request successfully

2022-11-22 17:14:47 - [TEST_STEP][PASSED] - slurper = new groovy.json.JsonSlurper(): null

2022-11-22 17:14:47 - [TEST_STEP][PASSED] - result = slurper.parseText(req_data.getResponseBodyContent()): null

2022-11-22 17:14:47 - [TEST_STEP][PASSED] - reqid_kons = requestid1: null

2022-11-22 17:14:47 - [TEST_STEP][PASSED] - reqid_spouse = requestid2: null

2022-11-22 17:14:47 - [TEST_STEP][PASSED] - println("requestid kons : " + reqid_kons): null

2022-11-22 17:14:47 - [TEST_STEP][PASSED] - response_searchME_kons = reqid_kons: null

2022-11-22 17:14:47 - [TEST_STEP][PASSED] - response_searchME_spouse = reqid_spouse: null

2022-11-22 17:14:47 - [TEST_STEP][PASSED] - println("kons req id is :" + response_searchME_kons): null

2022-11-22 17:14:47 - [TEST_STEP][PASSED] - println("spouse req id is : " + response_searchME_spouse): null

2022-11-22 17:14:47 - [TEST_STEP][PASSED] - verifyResponseStatusCode(req_data, 200): Verify response status code successfully

2022-11-22 17:14:47 - [MESSAGE][PASSED] - Verify response status code successfully

2022-11-22 17:14:47 - [TEST_STEP][PASSED] - response = req_data.getResponseText(): null

2022-11-22 17:14:47 - [TEST_STEP][PASSED] - logInfo($response): {"status":"Done","data":{"requestid1":"242442","requestid2":""}}

2022-11-22 17:14:47 - [MESSAGE][INFO] - {"status":"Done","data":{"requestid1":"242442","requestid2":""}}

2022-11-22 17:14:47 - [TEST_STEP][PASSED] - delay(3): Delayed 3 second(s)

2022-11-22 17:14:50 - [MESSAGE][PASSED] - Delayed 3 second(s)

2022-11-22 17:14:50 - [TEST_STEP][PASSED] - scoring = sendRequest(findTestObject("EngineScore", ["response_searchME_kons":response_searchME_kons, "response_searchME_spouse":response_searchME_spouse])): Send request successfully

2022-11-22 17:14:50 - [MESSAGE][INFO] - HAR: D:\DMS\Engine Scoring\Reports\20221122_171227\Exclude KKB - DS\Scoring Individu - DS\20221122_171227\requests\main\55.har

2022-11-22 17:14:50 - [MESSAGE][PASSED] - Send request successfully

2022-11-22 17:14:50 - [TEST_STEP][PASSED] - verifyResponseStatusCode(scoring, 200): Verify response status code successfully

2022-11-22 17:14:50 - [MESSAGE][PASSED] - Verify response status code successfully

2022-11-22 17:14:50 - [TEST_STEP][PASSED] - response2 = scoring.getResponseText(): null

2022-11-22 17:14:50 - [TEST_STEP][PASSED] - markPassed("result service data ke : " + no): result service data ke : 28

2022-11-22 17:14:50 - [MESSAGE][PASSED] - result service data ke : 28

2022-11-22 17:14:50 - [TEST_STEP][PASSED] - logInfo($response2): {"result_konsumen":"Approve","result_pasangan":"","Final_result":"Approve","errorMessage":"","status":"Done"}

2022-11-22 17:14:50 - [MESSAGE][INFO] - {"result_konsumen":"Approve","result_pasangan":"","Final_result":"Approve","errorMessage":"","status":"Done"}

2022-11-22 17:14:50 - [TEST_STEP][PASSED] - verifyElementPropertyValue(scoring, "Final_result", final_result): Verify element property value successfully

2022-11-22 17:14:50 - [MESSAGE][PASSED] - Verify element property value successfully]]></system-out>
         <system-err><![CDATA[]]></system-err>
      </testcase>
      <testcase name="Test Cases/Engine_Scoring/Engine Scoring" time="4.453" classname="Test Cases/Engine_Scoring/Engine Scoring" status="PASSED">
         <system-out><![CDATA[2022-11-22 17:14:50 - [TEST_CASE][PASSED] - Test Cases/Engine_Scoring/Engine Scoring: Test Cases/Engine_Scoring/Engine Scoring

2022-11-22 17:14:51 - [TEST_STEP][PASSED] - markPassed("Variasi data ke : " + no): Variasi data ke : 29

2022-11-22 17:14:51 - [MESSAGE][PASSED] - Variasi data ke : 29

2022-11-22 17:14:51 - [TEST_STEP][PASSED] - req_data = sendRequest(findTestObject("Search_ME", ["MID":MID, "source":source, "ip":ip, "userid":userid, "branch":branch, "tipekons":tipekons, "marital":marital, "penjamin":penjamin, ... ])): Send request successfully

2022-11-22 17:14:51 - [MESSAGE][INFO] - HAR: D:\DMS\Engine Scoring\Reports\20221122_171227\Exclude KKB - DS\Scoring Individu - DS\20221122_171227\requests\main\56.har

2022-11-22 17:14:51 - [MESSAGE][PASSED] - Send request successfully

2022-11-22 17:14:51 - [TEST_STEP][PASSED] - slurper = new groovy.json.JsonSlurper(): null

2022-11-22 17:14:51 - [TEST_STEP][PASSED] - result = slurper.parseText(req_data.getResponseBodyContent()): null

2022-11-22 17:14:51 - [TEST_STEP][PASSED] - reqid_kons = requestid1: null

2022-11-22 17:14:51 - [TEST_STEP][PASSED] - reqid_spouse = requestid2: null

2022-11-22 17:14:51 - [TEST_STEP][PASSED] - println("requestid kons : " + reqid_kons): null

2022-11-22 17:14:51 - [TEST_STEP][PASSED] - response_searchME_kons = reqid_kons: null

2022-11-22 17:14:51 - [TEST_STEP][PASSED] - response_searchME_spouse = reqid_spouse: null

2022-11-22 17:14:51 - [TEST_STEP][PASSED] - println("kons req id is :" + response_searchME_kons): null

2022-11-22 17:14:51 - [TEST_STEP][PASSED] - println("spouse req id is : " + response_searchME_spouse): null

2022-11-22 17:14:51 - [TEST_STEP][PASSED] - verifyResponseStatusCode(req_data, 200): Verify response status code successfully

2022-11-22 17:14:51 - [MESSAGE][PASSED] - Verify response status code successfully

2022-11-22 17:14:51 - [TEST_STEP][PASSED] - response = req_data.getResponseText(): null

2022-11-22 17:14:51 - [TEST_STEP][PASSED] - logInfo($response): {"status":"Done","data":{"requestid1":"242443","requestid2":""}}

2022-11-22 17:14:51 - [MESSAGE][INFO] - {"status":"Done","data":{"requestid1":"242443","requestid2":""}}

2022-11-22 17:14:51 - [TEST_STEP][PASSED] - delay(3): Delayed 3 second(s)

2022-11-22 17:14:54 - [MESSAGE][PASSED] - Delayed 3 second(s)

2022-11-22 17:14:54 - [TEST_STEP][PASSED] - scoring = sendRequest(findTestObject("EngineScore", ["response_searchME_kons":response_searchME_kons, "response_searchME_spouse":response_searchME_spouse])): Send request successfully

2022-11-22 17:14:54 - [MESSAGE][INFO] - HAR: D:\DMS\Engine Scoring\Reports\20221122_171227\Exclude KKB - DS\Scoring Individu - DS\20221122_171227\requests\main\57.har

2022-11-22 17:14:54 - [MESSAGE][PASSED] - Send request successfully

2022-11-22 17:14:54 - [TEST_STEP][PASSED] - verifyResponseStatusCode(scoring, 200): Verify response status code successfully

2022-11-22 17:14:54 - [MESSAGE][PASSED] - Verify response status code successfully

2022-11-22 17:14:54 - [TEST_STEP][PASSED] - response2 = scoring.getResponseText(): null

2022-11-22 17:14:54 - [TEST_STEP][PASSED] - markPassed("result service data ke : " + no): result service data ke : 29

2022-11-22 17:14:54 - [MESSAGE][PASSED] - result service data ke : 29

2022-11-22 17:14:54 - [TEST_STEP][PASSED] - logInfo($response2): {"result_konsumen":"Reject","result_pasangan":"","Final_result":"Reject","errorMessage":"","status":"Done"}

2022-11-22 17:14:54 - [MESSAGE][INFO] - {"result_konsumen":"Reject","result_pasangan":"","Final_result":"Reject","errorMessage":"","status":"Done"}

2022-11-22 17:14:54 - [TEST_STEP][PASSED] - verifyElementPropertyValue(scoring, "Final_result", final_result): Verify element property value successfully

2022-11-22 17:14:54 - [MESSAGE][PASSED] - Verify element property value successfully]]></system-out>
         <system-err><![CDATA[]]></system-err>
      </testcase>
      <testcase name="Test Cases/Engine_Scoring/Engine Scoring" time="4.502" classname="Test Cases/Engine_Scoring/Engine Scoring" status="PASSED">
         <system-out><![CDATA[2022-11-22 17:14:55 - [TEST_CASE][PASSED] - Test Cases/Engine_Scoring/Engine Scoring: Test Cases/Engine_Scoring/Engine Scoring

2022-11-22 17:14:55 - [TEST_STEP][PASSED] - markPassed("Variasi data ke : " + no): Variasi data ke : 30

2022-11-22 17:14:55 - [MESSAGE][PASSED] - Variasi data ke : 30

2022-11-22 17:14:55 - [TEST_STEP][PASSED] - req_data = sendRequest(findTestObject("Search_ME", ["MID":MID, "source":source, "ip":ip, "userid":userid, "branch":branch, "tipekons":tipekons, "marital":marital, "penjamin":penjamin, ... ])): Send request successfully

2022-11-22 17:14:56 - [MESSAGE][INFO] - HAR: D:\DMS\Engine Scoring\Reports\20221122_171227\Exclude KKB - DS\Scoring Individu - DS\20221122_171227\requests\main\58.har

2022-11-22 17:14:56 - [MESSAGE][PASSED] - Send request successfully

2022-11-22 17:14:56 - [TEST_STEP][PASSED] - slurper = new groovy.json.JsonSlurper(): null

2022-11-22 17:14:56 - [TEST_STEP][PASSED] - result = slurper.parseText(req_data.getResponseBodyContent()): null

2022-11-22 17:14:56 - [TEST_STEP][PASSED] - reqid_kons = requestid1: null

2022-11-22 17:14:56 - [TEST_STEP][PASSED] - reqid_spouse = requestid2: null

2022-11-22 17:14:56 - [TEST_STEP][PASSED] - println("requestid kons : " + reqid_kons): null

2022-11-22 17:14:56 - [TEST_STEP][PASSED] - response_searchME_kons = reqid_kons: null

2022-11-22 17:14:56 - [TEST_STEP][PASSED] - response_searchME_spouse = reqid_spouse: null

2022-11-22 17:14:56 - [TEST_STEP][PASSED] - println("kons req id is :" + response_searchME_kons): null

2022-11-22 17:14:56 - [TEST_STEP][PASSED] - println("spouse req id is : " + response_searchME_spouse): null

2022-11-22 17:14:56 - [TEST_STEP][PASSED] - verifyResponseStatusCode(req_data, 200): Verify response status code successfully

2022-11-22 17:14:56 - [MESSAGE][PASSED] - Verify response status code successfully

2022-11-22 17:14:56 - [TEST_STEP][PASSED] - response = req_data.getResponseText(): null

2022-11-22 17:14:56 - [TEST_STEP][PASSED] - logInfo($response): {"status":"Done","data":{"requestid1":"242444","requestid2":""}}

2022-11-22 17:14:56 - [MESSAGE][INFO] - {"status":"Done","data":{"requestid1":"242444","requestid2":""}}

2022-11-22 17:14:56 - [TEST_STEP][PASSED] - delay(3): Delayed 3 second(s)

2022-11-22 17:14:59 - [MESSAGE][PASSED] - Delayed 3 second(s)

2022-11-22 17:14:59 - [TEST_STEP][PASSED] - scoring = sendRequest(findTestObject("EngineScore", ["response_searchME_kons":response_searchME_kons, "response_searchME_spouse":response_searchME_spouse])): Send request successfully

2022-11-22 17:14:59 - [MESSAGE][INFO] - HAR: D:\DMS\Engine Scoring\Reports\20221122_171227\Exclude KKB - DS\Scoring Individu - DS\20221122_171227\requests\main\59.har

2022-11-22 17:14:59 - [MESSAGE][PASSED] - Send request successfully

2022-11-22 17:14:59 - [TEST_STEP][PASSED] - verifyResponseStatusCode(scoring, 200): Verify response status code successfully

2022-11-22 17:14:59 - [MESSAGE][PASSED] - Verify response status code successfully

2022-11-22 17:14:59 - [TEST_STEP][PASSED] - response2 = scoring.getResponseText(): null

2022-11-22 17:14:59 - [TEST_STEP][PASSED] - markPassed("result service data ke : " + no): result service data ke : 30

2022-11-22 17:14:59 - [MESSAGE][PASSED] - result service data ke : 30

2022-11-22 17:14:59 - [TEST_STEP][PASSED] - logInfo($response2): {"result_konsumen":"Reject","result_pasangan":"","Final_result":"Reject","errorMessage":"","status":"Done"}

2022-11-22 17:14:59 - [MESSAGE][INFO] - {"result_konsumen":"Reject","result_pasangan":"","Final_result":"Reject","errorMessage":"","status":"Done"}

2022-11-22 17:14:59 - [TEST_STEP][PASSED] - verifyElementPropertyValue(scoring, "Final_result", final_result): Verify element property value successfully

2022-11-22 17:14:59 - [MESSAGE][PASSED] - Verify element property value successfully]]></system-out>
         <system-err><![CDATA[]]></system-err>
      </testcase>
      <testcase name="Test Cases/Engine_Scoring/Engine Scoring" time="4.488" classname="Test Cases/Engine_Scoring/Engine Scoring" status="PASSED">
         <system-out><![CDATA[2022-11-22 17:14:59 - [TEST_CASE][PASSED] - Test Cases/Engine_Scoring/Engine Scoring: Test Cases/Engine_Scoring/Engine Scoring

2022-11-22 17:15:00 - [TEST_STEP][PASSED] - markPassed("Variasi data ke : " + no): Variasi data ke : 31

2022-11-22 17:15:00 - [MESSAGE][PASSED] - Variasi data ke : 31

2022-11-22 17:15:00 - [TEST_STEP][PASSED] - req_data = sendRequest(findTestObject("Search_ME", ["MID":MID, "source":source, "ip":ip, "userid":userid, "branch":branch, "tipekons":tipekons, "marital":marital, "penjamin":penjamin, ... ])): Send request successfully

2022-11-22 17:15:00 - [MESSAGE][INFO] - HAR: D:\DMS\Engine Scoring\Reports\20221122_171227\Exclude KKB - DS\Scoring Individu - DS\20221122_171227\requests\main\60.har

2022-11-22 17:15:00 - [MESSAGE][PASSED] - Send request successfully

2022-11-22 17:15:00 - [TEST_STEP][PASSED] - slurper = new groovy.json.JsonSlurper(): null

2022-11-22 17:15:00 - [TEST_STEP][PASSED] - result = slurper.parseText(req_data.getResponseBodyContent()): null

2022-11-22 17:15:00 - [TEST_STEP][PASSED] - reqid_kons = requestid1: null

2022-11-22 17:15:00 - [TEST_STEP][PASSED] - reqid_spouse = requestid2: null

2022-11-22 17:15:00 - [TEST_STEP][PASSED] - println("requestid kons : " + reqid_kons): null

2022-11-22 17:15:00 - [TEST_STEP][PASSED] - response_searchME_kons = reqid_kons: null

2022-11-22 17:15:00 - [TEST_STEP][PASSED] - response_searchME_spouse = reqid_spouse: null

2022-11-22 17:15:00 - [TEST_STEP][PASSED] - println("kons req id is :" + response_searchME_kons): null

2022-11-22 17:15:00 - [TEST_STEP][PASSED] - println("spouse req id is : " + response_searchME_spouse): null

2022-11-22 17:15:00 - [TEST_STEP][PASSED] - verifyResponseStatusCode(req_data, 200): Verify response status code successfully

2022-11-22 17:15:00 - [MESSAGE][PASSED] - Verify response status code successfully

2022-11-22 17:15:00 - [TEST_STEP][PASSED] - response = req_data.getResponseText(): null

2022-11-22 17:15:00 - [TEST_STEP][PASSED] - logInfo($response): {"status":"Done","data":{"requestid1":"242445","requestid2":""}}

2022-11-22 17:15:00 - [MESSAGE][INFO] - {"status":"Done","data":{"requestid1":"242445","requestid2":""}}

2022-11-22 17:15:00 - [TEST_STEP][PASSED] - delay(3): Delayed 3 second(s)

2022-11-22 17:15:03 - [MESSAGE][PASSED] - Delayed 3 second(s)

2022-11-22 17:15:03 - [TEST_STEP][PASSED] - scoring = sendRequest(findTestObject("EngineScore", ["response_searchME_kons":response_searchME_kons, "response_searchME_spouse":response_searchME_spouse])): Send request successfully

2022-11-22 17:15:04 - [MESSAGE][INFO] - HAR: D:\DMS\Engine Scoring\Reports\20221122_171227\Exclude KKB - DS\Scoring Individu - DS\20221122_171227\requests\main\61.har

2022-11-22 17:15:04 - [MESSAGE][PASSED] - Send request successfully

2022-11-22 17:15:04 - [TEST_STEP][PASSED] - verifyResponseStatusCode(scoring, 200): Verify response status code successfully

2022-11-22 17:15:04 - [MESSAGE][PASSED] - Verify response status code successfully

2022-11-22 17:15:04 - [TEST_STEP][PASSED] - response2 = scoring.getResponseText(): null

2022-11-22 17:15:04 - [TEST_STEP][PASSED] - markPassed("result service data ke : " + no): result service data ke : 31

2022-11-22 17:15:04 - [MESSAGE][PASSED] - result service data ke : 31

2022-11-22 17:15:04 - [TEST_STEP][PASSED] - logInfo($response2): {"result_konsumen":"Reguler","result_pasangan":"","Final_result":"Reguler","errorMessage":"","status":"Done"}

2022-11-22 17:15:04 - [MESSAGE][INFO] - {"result_konsumen":"Reguler","result_pasangan":"","Final_result":"Reguler","errorMessage":"","status":"Done"}

2022-11-22 17:15:04 - [TEST_STEP][PASSED] - verifyElementPropertyValue(scoring, "Final_result", final_result): Verify element property value successfully

2022-11-22 17:15:04 - [MESSAGE][PASSED] - Verify element property value successfully]]></system-out>
         <system-err><![CDATA[]]></system-err>
      </testcase>
      <testcase name="Test Cases/Engine_Scoring/Engine Scoring" time="4.654" classname="Test Cases/Engine_Scoring/Engine Scoring" status="PASSED">
         <system-out><![CDATA[2022-11-22 17:15:04 - [TEST_CASE][PASSED] - Test Cases/Engine_Scoring/Engine Scoring: Test Cases/Engine_Scoring/Engine Scoring

2022-11-22 17:15:04 - [TEST_STEP][PASSED] - markPassed("Variasi data ke : " + no): Variasi data ke : 32

2022-11-22 17:15:04 - [MESSAGE][PASSED] - Variasi data ke : 32

2022-11-22 17:15:04 - [TEST_STEP][PASSED] - req_data = sendRequest(findTestObject("Search_ME", ["MID":MID, "source":source, "ip":ip, "userid":userid, "branch":branch, "tipekons":tipekons, "marital":marital, "penjamin":penjamin, ... ])): Send request successfully

2022-11-22 17:15:05 - [MESSAGE][INFO] - HAR: D:\DMS\Engine Scoring\Reports\20221122_171227\Exclude KKB - DS\Scoring Individu - DS\20221122_171227\requests\main\62.har

2022-11-22 17:15:05 - [MESSAGE][PASSED] - Send request successfully

2022-11-22 17:15:05 - [TEST_STEP][PASSED] - slurper = new groovy.json.JsonSlurper(): null

2022-11-22 17:15:05 - [TEST_STEP][PASSED] - result = slurper.parseText(req_data.getResponseBodyContent()): null

2022-11-22 17:15:05 - [TEST_STEP][PASSED] - reqid_kons = requestid1: null

2022-11-22 17:15:05 - [TEST_STEP][PASSED] - reqid_spouse = requestid2: null

2022-11-22 17:15:05 - [TEST_STEP][PASSED] - println("requestid kons : " + reqid_kons): null

2022-11-22 17:15:05 - [TEST_STEP][PASSED] - response_searchME_kons = reqid_kons: null

2022-11-22 17:15:05 - [TEST_STEP][PASSED] - response_searchME_spouse = reqid_spouse: null

2022-11-22 17:15:05 - [TEST_STEP][PASSED] - println("kons req id is :" + response_searchME_kons): null

2022-11-22 17:15:05 - [TEST_STEP][PASSED] - println("spouse req id is : " + response_searchME_spouse): null

2022-11-22 17:15:05 - [TEST_STEP][PASSED] - verifyResponseStatusCode(req_data, 200): Verify response status code successfully

2022-11-22 17:15:05 - [MESSAGE][PASSED] - Verify response status code successfully

2022-11-22 17:15:05 - [TEST_STEP][PASSED] - response = req_data.getResponseText(): null

2022-11-22 17:15:05 - [TEST_STEP][PASSED] - logInfo($response): {"status":"Done","data":{"requestid1":"242446","requestid2":""}}

2022-11-22 17:15:05 - [MESSAGE][INFO] - {"status":"Done","data":{"requestid1":"242446","requestid2":""}}

2022-11-22 17:15:05 - [TEST_STEP][PASSED] - delay(3): Delayed 3 second(s)

2022-11-22 17:15:08 - [MESSAGE][PASSED] - Delayed 3 second(s)

2022-11-22 17:15:08 - [TEST_STEP][PASSED] - scoring = sendRequest(findTestObject("EngineScore", ["response_searchME_kons":response_searchME_kons, "response_searchME_spouse":response_searchME_spouse])): Send request successfully

2022-11-22 17:15:08 - [MESSAGE][INFO] - HAR: D:\DMS\Engine Scoring\Reports\20221122_171227\Exclude KKB - DS\Scoring Individu - DS\20221122_171227\requests\main\63.har

2022-11-22 17:15:08 - [MESSAGE][PASSED] - Send request successfully

2022-11-22 17:15:08 - [TEST_STEP][PASSED] - verifyResponseStatusCode(scoring, 200): Verify response status code successfully

2022-11-22 17:15:08 - [MESSAGE][PASSED] - Verify response status code successfully

2022-11-22 17:15:08 - [TEST_STEP][PASSED] - response2 = scoring.getResponseText(): null

2022-11-22 17:15:08 - [TEST_STEP][PASSED] - markPassed("result service data ke : " + no): result service data ke : 32

2022-11-22 17:15:08 - [MESSAGE][PASSED] - result service data ke : 32

2022-11-22 17:15:08 - [TEST_STEP][PASSED] - logInfo($response2): {"result_konsumen":"Reguler","result_pasangan":"","Final_result":"Reguler","errorMessage":"","status":"Done"}

2022-11-22 17:15:08 - [MESSAGE][INFO] - {"result_konsumen":"Reguler","result_pasangan":"","Final_result":"Reguler","errorMessage":"","status":"Done"}

2022-11-22 17:15:08 - [TEST_STEP][PASSED] - verifyElementPropertyValue(scoring, "Final_result", final_result): Verify element property value successfully

2022-11-22 17:15:08 - [MESSAGE][PASSED] - Verify element property value successfully]]></system-out>
         <system-err><![CDATA[]]></system-err>
      </testcase>
      <testcase name="Test Cases/Engine_Scoring/Engine Scoring" time="5.491" classname="Test Cases/Engine_Scoring/Engine Scoring" status="PASSED">
         <system-out><![CDATA[2022-11-22 17:15:08 - [TEST_CASE][PASSED] - Test Cases/Engine_Scoring/Engine Scoring: Test Cases/Engine_Scoring/Engine Scoring

2022-11-22 17:15:10 - [TEST_STEP][PASSED] - markPassed("Variasi data ke : " + no): Variasi data ke : 33

2022-11-22 17:15:10 - [MESSAGE][PASSED] - Variasi data ke : 33

2022-11-22 17:15:10 - [TEST_STEP][PASSED] - req_data = sendRequest(findTestObject("Search_ME", ["MID":MID, "source":source, "ip":ip, "userid":userid, "branch":branch, "tipekons":tipekons, "marital":marital, "penjamin":penjamin, ... ])): Send request successfully

2022-11-22 17:15:11 - [MESSAGE][INFO] - HAR: D:\DMS\Engine Scoring\Reports\20221122_171227\Exclude KKB - DS\Scoring Individu - DS\20221122_171227\requests\main\64.har

2022-11-22 17:15:11 - [MESSAGE][PASSED] - Send request successfully

2022-11-22 17:15:11 - [TEST_STEP][PASSED] - slurper = new groovy.json.JsonSlurper(): null

2022-11-22 17:15:11 - [TEST_STEP][PASSED] - result = slurper.parseText(req_data.getResponseBodyContent()): null

2022-11-22 17:15:11 - [TEST_STEP][PASSED] - reqid_kons = requestid1: null

2022-11-22 17:15:11 - [TEST_STEP][PASSED] - reqid_spouse = requestid2: null

2022-11-22 17:15:11 - [TEST_STEP][PASSED] - println("requestid kons : " + reqid_kons): null

2022-11-22 17:15:11 - [TEST_STEP][PASSED] - response_searchME_kons = reqid_kons: null

2022-11-22 17:15:11 - [TEST_STEP][PASSED] - response_searchME_spouse = reqid_spouse: null

2022-11-22 17:15:11 - [TEST_STEP][PASSED] - println("kons req id is :" + response_searchME_kons): null

2022-11-22 17:15:11 - [TEST_STEP][PASSED] - println("spouse req id is : " + response_searchME_spouse): null

2022-11-22 17:15:11 - [TEST_STEP][PASSED] - verifyResponseStatusCode(req_data, 200): Verify response status code successfully

2022-11-22 17:15:11 - [MESSAGE][PASSED] - Verify response status code successfully

2022-11-22 17:15:11 - [TEST_STEP][PASSED] - response = req_data.getResponseText(): null

2022-11-22 17:15:11 - [TEST_STEP][PASSED] - logInfo($response): {"status":"Done","data":{"requestid1":"242447","requestid2":""}}

2022-11-22 17:15:11 - [MESSAGE][INFO] - {"status":"Done","data":{"requestid1":"242447","requestid2":""}}

2022-11-22 17:15:11 - [TEST_STEP][PASSED] - delay(3): Delayed 3 second(s)

2022-11-22 17:15:14 - [MESSAGE][PASSED] - Delayed 3 second(s)

2022-11-22 17:15:14 - [TEST_STEP][PASSED] - scoring = sendRequest(findTestObject("EngineScore", ["response_searchME_kons":response_searchME_kons, "response_searchME_spouse":response_searchME_spouse])): Send request successfully

2022-11-22 17:15:14 - [MESSAGE][INFO] - HAR: D:\DMS\Engine Scoring\Reports\20221122_171227\Exclude KKB - DS\Scoring Individu - DS\20221122_171227\requests\main\65.har

2022-11-22 17:15:14 - [MESSAGE][PASSED] - Send request successfully

2022-11-22 17:15:14 - [TEST_STEP][PASSED] - verifyResponseStatusCode(scoring, 200): Verify response status code successfully

2022-11-22 17:15:14 - [MESSAGE][PASSED] - Verify response status code successfully

2022-11-22 17:15:14 - [TEST_STEP][PASSED] - response2 = scoring.getResponseText(): null

2022-11-22 17:15:14 - [TEST_STEP][PASSED] - markPassed("result service data ke : " + no): result service data ke : 33

2022-11-22 17:15:14 - [MESSAGE][PASSED] - result service data ke : 33

2022-11-22 17:15:14 - [TEST_STEP][PASSED] - logInfo($response2): {"result_konsumen":"Reguler","result_pasangan":"","Final_result":"Reguler","errorMessage":"","status":"Done"}

2022-11-22 17:15:14 - [MESSAGE][INFO] - {"result_konsumen":"Reguler","result_pasangan":"","Final_result":"Reguler","errorMessage":"","status":"Done"}

2022-11-22 17:15:14 - [TEST_STEP][PASSED] - verifyElementPropertyValue(scoring, "Final_result", final_result): Verify element property value successfully

2022-11-22 17:15:14 - [MESSAGE][PASSED] - Verify element property value successfully]]></system-out>
         <system-err><![CDATA[]]></system-err>
      </testcase>
      <testcase name="Test Cases/Engine_Scoring/Engine Scoring" time="4.592" classname="Test Cases/Engine_Scoring/Engine Scoring" status="PASSED">
         <system-out><![CDATA[2022-11-22 17:15:14 - [TEST_CASE][PASSED] - Test Cases/Engine_Scoring/Engine Scoring: Test Cases/Engine_Scoring/Engine Scoring

2022-11-22 17:15:15 - [TEST_STEP][PASSED] - markPassed("Variasi data ke : " + no): Variasi data ke : 34

2022-11-22 17:15:15 - [MESSAGE][PASSED] - Variasi data ke : 34

2022-11-22 17:15:15 - [TEST_STEP][PASSED] - req_data = sendRequest(findTestObject("Search_ME", ["MID":MID, "source":source, "ip":ip, "userid":userid, "branch":branch, "tipekons":tipekons, "marital":marital, "penjamin":penjamin, ... ])): Send request successfully

2022-11-22 17:15:15 - [MESSAGE][INFO] - HAR: D:\DMS\Engine Scoring\Reports\20221122_171227\Exclude KKB - DS\Scoring Individu - DS\20221122_171227\requests\main\66.har

2022-11-22 17:15:15 - [MESSAGE][PASSED] - Send request successfully

2022-11-22 17:15:15 - [TEST_STEP][PASSED] - slurper = new groovy.json.JsonSlurper(): null

2022-11-22 17:15:15 - [TEST_STEP][PASSED] - result = slurper.parseText(req_data.getResponseBodyContent()): null

2022-11-22 17:15:15 - [TEST_STEP][PASSED] - reqid_kons = requestid1: null

2022-11-22 17:15:15 - [TEST_STEP][PASSED] - reqid_spouse = requestid2: null

2022-11-22 17:15:15 - [TEST_STEP][PASSED] - println("requestid kons : " + reqid_kons): null

2022-11-22 17:15:15 - [TEST_STEP][PASSED] - response_searchME_kons = reqid_kons: null

2022-11-22 17:15:15 - [TEST_STEP][PASSED] - response_searchME_spouse = reqid_spouse: null

2022-11-22 17:15:15 - [TEST_STEP][PASSED] - println("kons req id is :" + response_searchME_kons): null

2022-11-22 17:15:15 - [TEST_STEP][PASSED] - println("spouse req id is : " + response_searchME_spouse): null

2022-11-22 17:15:15 - [TEST_STEP][PASSED] - verifyResponseStatusCode(req_data, 200): Verify response status code successfully

2022-11-22 17:15:15 - [MESSAGE][PASSED] - Verify response status code successfully

2022-11-22 17:15:15 - [TEST_STEP][PASSED] - response = req_data.getResponseText(): null

2022-11-22 17:15:15 - [TEST_STEP][PASSED] - logInfo($response): {"status":"Done","data":{"requestid1":"242448","requestid2":""}}

2022-11-22 17:15:15 - [MESSAGE][INFO] - {"status":"Done","data":{"requestid1":"242448","requestid2":""}}

2022-11-22 17:15:15 - [TEST_STEP][PASSED] - delay(3): Delayed 3 second(s)

2022-11-22 17:15:18 - [MESSAGE][PASSED] - Delayed 3 second(s)

2022-11-22 17:15:18 - [TEST_STEP][PASSED] - scoring = sendRequest(findTestObject("EngineScore", ["response_searchME_kons":response_searchME_kons, "response_searchME_spouse":response_searchME_spouse])): Send request successfully

2022-11-22 17:15:18 - [MESSAGE][INFO] - HAR: D:\DMS\Engine Scoring\Reports\20221122_171227\Exclude KKB - DS\Scoring Individu - DS\20221122_171227\requests\main\67.har

2022-11-22 17:15:18 - [MESSAGE][PASSED] - Send request successfully

2022-11-22 17:15:18 - [TEST_STEP][PASSED] - verifyResponseStatusCode(scoring, 200): Verify response status code successfully

2022-11-22 17:15:18 - [MESSAGE][PASSED] - Verify response status code successfully

2022-11-22 17:15:18 - [TEST_STEP][PASSED] - response2 = scoring.getResponseText(): null

2022-11-22 17:15:18 - [TEST_STEP][PASSED] - markPassed("result service data ke : " + no): result service data ke : 34

2022-11-22 17:15:18 - [MESSAGE][PASSED] - result service data ke : 34

2022-11-22 17:15:18 - [TEST_STEP][PASSED] - logInfo($response2): {"result_konsumen":"Reguler","result_pasangan":"","Final_result":"Reguler","errorMessage":"","status":"Done"}

2022-11-22 17:15:18 - [MESSAGE][INFO] - {"result_konsumen":"Reguler","result_pasangan":"","Final_result":"Reguler","errorMessage":"","status":"Done"}

2022-11-22 17:15:18 - [TEST_STEP][PASSED] - verifyElementPropertyValue(scoring, "Final_result", final_result): Verify element property value successfully

2022-11-22 17:15:18 - [MESSAGE][PASSED] - Verify element property value successfully]]></system-out>
         <system-err><![CDATA[]]></system-err>
      </testcase>
      <testcase name="Test Cases/Engine_Scoring/Engine Scoring" time="4.626" classname="Test Cases/Engine_Scoring/Engine Scoring" status="PASSED">
         <system-out><![CDATA[2022-11-22 17:15:18 - [TEST_CASE][PASSED] - Test Cases/Engine_Scoring/Engine Scoring: Test Cases/Engine_Scoring/Engine Scoring

2022-11-22 17:15:19 - [TEST_STEP][PASSED] - markPassed("Variasi data ke : " + no): Variasi data ke : 35

2022-11-22 17:15:19 - [MESSAGE][PASSED] - Variasi data ke : 35

2022-11-22 17:15:19 - [TEST_STEP][PASSED] - req_data = sendRequest(findTestObject("Search_ME", ["MID":MID, "source":source, "ip":ip, "userid":userid, "branch":branch, "tipekons":tipekons, "marital":marital, "penjamin":penjamin, ... ])): Send request successfully

2022-11-22 17:15:20 - [MESSAGE][INFO] - HAR: D:\DMS\Engine Scoring\Reports\20221122_171227\Exclude KKB - DS\Scoring Individu - DS\20221122_171227\requests\main\68.har

2022-11-22 17:15:20 - [MESSAGE][PASSED] - Send request successfully

2022-11-22 17:15:20 - [TEST_STEP][PASSED] - slurper = new groovy.json.JsonSlurper(): null

2022-11-22 17:15:20 - [TEST_STEP][PASSED] - result = slurper.parseText(req_data.getResponseBodyContent()): null

2022-11-22 17:15:20 - [TEST_STEP][PASSED] - reqid_kons = requestid1: null

2022-11-22 17:15:20 - [TEST_STEP][PASSED] - reqid_spouse = requestid2: null

2022-11-22 17:15:20 - [TEST_STEP][PASSED] - println("requestid kons : " + reqid_kons): null

2022-11-22 17:15:20 - [TEST_STEP][PASSED] - response_searchME_kons = reqid_kons: null

2022-11-22 17:15:20 - [TEST_STEP][PASSED] - response_searchME_spouse = reqid_spouse: null

2022-11-22 17:15:20 - [TEST_STEP][PASSED] - println("kons req id is :" + response_searchME_kons): null

2022-11-22 17:15:20 - [TEST_STEP][PASSED] - println("spouse req id is : " + response_searchME_spouse): null

2022-11-22 17:15:20 - [TEST_STEP][PASSED] - verifyResponseStatusCode(req_data, 200): Verify response status code successfully

2022-11-22 17:15:20 - [MESSAGE][PASSED] - Verify response status code successfully

2022-11-22 17:15:20 - [TEST_STEP][PASSED] - response = req_data.getResponseText(): null

2022-11-22 17:15:20 - [TEST_STEP][PASSED] - logInfo($response): {"status":"Done","data":{"requestid1":"242449","requestid2":""}}

2022-11-22 17:15:20 - [MESSAGE][INFO] - {"status":"Done","data":{"requestid1":"242449","requestid2":""}}

2022-11-22 17:15:20 - [TEST_STEP][PASSED] - delay(3): Delayed 3 second(s)

2022-11-22 17:15:23 - [MESSAGE][PASSED] - Delayed 3 second(s)

2022-11-22 17:15:23 - [TEST_STEP][PASSED] - scoring = sendRequest(findTestObject("EngineScore", ["response_searchME_kons":response_searchME_kons, "response_searchME_spouse":response_searchME_spouse])): Send request successfully

2022-11-22 17:15:23 - [MESSAGE][INFO] - HAR: D:\DMS\Engine Scoring\Reports\20221122_171227\Exclude KKB - DS\Scoring Individu - DS\20221122_171227\requests\main\69.har

2022-11-22 17:15:23 - [MESSAGE][PASSED] - Send request successfully

2022-11-22 17:15:23 - [TEST_STEP][PASSED] - verifyResponseStatusCode(scoring, 200): Verify response status code successfully

2022-11-22 17:15:23 - [MESSAGE][PASSED] - Verify response status code successfully

2022-11-22 17:15:23 - [TEST_STEP][PASSED] - response2 = scoring.getResponseText(): null

2022-11-22 17:15:23 - [TEST_STEP][PASSED] - markPassed("result service data ke : " + no): result service data ke : 35

2022-11-22 17:15:23 - [MESSAGE][PASSED] - result service data ke : 35

2022-11-22 17:15:23 - [TEST_STEP][PASSED] - logInfo($response2): {"result_konsumen":"Reguler","result_pasangan":"","Final_result":"Reguler","errorMessage":"","status":"Done"}

2022-11-22 17:15:23 - [MESSAGE][INFO] - {"result_konsumen":"Reguler","result_pasangan":"","Final_result":"Reguler","errorMessage":"","status":"Done"}

2022-11-22 17:15:23 - [TEST_STEP][PASSED] - verifyElementPropertyValue(scoring, "Final_result", final_result): Verify element property value successfully

2022-11-22 17:15:23 - [MESSAGE][PASSED] - Verify element property value successfully]]></system-out>
         <system-err><![CDATA[]]></system-err>
      </testcase>
      <testcase name="Test Cases/Engine_Scoring/Engine Scoring" time="4.516" classname="Test Cases/Engine_Scoring/Engine Scoring" status="PASSED">
         <system-out><![CDATA[2022-11-22 17:15:23 - [TEST_CASE][PASSED] - Test Cases/Engine_Scoring/Engine Scoring: Test Cases/Engine_Scoring/Engine Scoring

2022-11-22 17:15:24 - [TEST_STEP][PASSED] - markPassed("Variasi data ke : " + no): Variasi data ke : 36

2022-11-22 17:15:24 - [MESSAGE][PASSED] - Variasi data ke : 36

2022-11-22 17:15:24 - [TEST_STEP][PASSED] - req_data = sendRequest(findTestObject("Search_ME", ["MID":MID, "source":source, "ip":ip, "userid":userid, "branch":branch, "tipekons":tipekons, "marital":marital, "penjamin":penjamin, ... ])): Send request successfully

2022-11-22 17:15:24 - [MESSAGE][INFO] - HAR: D:\DMS\Engine Scoring\Reports\20221122_171227\Exclude KKB - DS\Scoring Individu - DS\20221122_171227\requests\main\70.har

2022-11-22 17:15:25 - [MESSAGE][PASSED] - Send request successfully

2022-11-22 17:15:25 - [TEST_STEP][PASSED] - slurper = new groovy.json.JsonSlurper(): null

2022-11-22 17:15:25 - [TEST_STEP][PASSED] - result = slurper.parseText(req_data.getResponseBodyContent()): null

2022-11-22 17:15:25 - [TEST_STEP][PASSED] - reqid_kons = requestid1: null

2022-11-22 17:15:25 - [TEST_STEP][PASSED] - reqid_spouse = requestid2: null

2022-11-22 17:15:25 - [TEST_STEP][PASSED] - println("requestid kons : " + reqid_kons): null

2022-11-22 17:15:25 - [TEST_STEP][PASSED] - response_searchME_kons = reqid_kons: null

2022-11-22 17:15:25 - [TEST_STEP][PASSED] - response_searchME_spouse = reqid_spouse: null

2022-11-22 17:15:25 - [TEST_STEP][PASSED] - println("kons req id is :" + response_searchME_kons): null

2022-11-22 17:15:25 - [TEST_STEP][PASSED] - println("spouse req id is : " + response_searchME_spouse): null

2022-11-22 17:15:25 - [TEST_STEP][PASSED] - verifyResponseStatusCode(req_data, 200): Verify response status code successfully

2022-11-22 17:15:25 - [MESSAGE][PASSED] - Verify response status code successfully

2022-11-22 17:15:25 - [TEST_STEP][PASSED] - response = req_data.getResponseText(): null

2022-11-22 17:15:25 - [TEST_STEP][PASSED] - logInfo($response): {"status":"Done","data":{"requestid1":"242450","requestid2":""}}

2022-11-22 17:15:25 - [MESSAGE][INFO] - {"status":"Done","data":{"requestid1":"242450","requestid2":""}}

2022-11-22 17:15:25 - [TEST_STEP][PASSED] - delay(3): Delayed 3 second(s)

2022-11-22 17:15:28 - [MESSAGE][PASSED] - Delayed 3 second(s)

2022-11-22 17:15:28 - [TEST_STEP][PASSED] - scoring = sendRequest(findTestObject("EngineScore", ["response_searchME_kons":response_searchME_kons, "response_searchME_spouse":response_searchME_spouse])): Send request successfully

2022-11-22 17:15:28 - [MESSAGE][INFO] - HAR: D:\DMS\Engine Scoring\Reports\20221122_171227\Exclude KKB - DS\Scoring Individu - DS\20221122_171227\requests\main\71.har

2022-11-22 17:15:28 - [MESSAGE][PASSED] - Send request successfully

2022-11-22 17:15:28 - [TEST_STEP][PASSED] - verifyResponseStatusCode(scoring, 200): Verify response status code successfully

2022-11-22 17:15:28 - [MESSAGE][PASSED] - Verify response status code successfully

2022-11-22 17:15:28 - [TEST_STEP][PASSED] - response2 = scoring.getResponseText(): null

2022-11-22 17:15:28 - [TEST_STEP][PASSED] - markPassed("result service data ke : " + no): result service data ke : 36

2022-11-22 17:15:28 - [MESSAGE][PASSED] - result service data ke : 36

2022-11-22 17:15:28 - [TEST_STEP][PASSED] - logInfo($response2): {"result_konsumen":"Reguler","result_pasangan":"","Final_result":"Reguler","errorMessage":"","status":"Done"}

2022-11-22 17:15:28 - [MESSAGE][INFO] - {"result_konsumen":"Reguler","result_pasangan":"","Final_result":"Reguler","errorMessage":"","status":"Done"}

2022-11-22 17:15:28 - [TEST_STEP][PASSED] - verifyElementPropertyValue(scoring, "Final_result", final_result): Verify element property value successfully

2022-11-22 17:15:28 - [MESSAGE][PASSED] - Verify element property value successfully]]></system-out>
         <system-err><![CDATA[]]></system-err>
      </testcase>
      <testcase name="Test Cases/Engine_Scoring/Engine Scoring" time="4.53" classname="Test Cases/Engine_Scoring/Engine Scoring" status="PASSED">
         <system-out><![CDATA[2022-11-22 17:15:28 - [TEST_CASE][PASSED] - Test Cases/Engine_Scoring/Engine Scoring: Test Cases/Engine_Scoring/Engine Scoring

2022-11-22 17:15:28 - [TEST_STEP][PASSED] - markPassed("Variasi data ke : " + no): Variasi data ke : 37

2022-11-22 17:15:28 - [MESSAGE][PASSED] - Variasi data ke : 37

2022-11-22 17:15:28 - [TEST_STEP][PASSED] - req_data = sendRequest(findTestObject("Search_ME", ["MID":MID, "source":source, "ip":ip, "userid":userid, "branch":branch, "tipekons":tipekons, "marital":marital, "penjamin":penjamin, ... ])): Send request successfully

2022-11-22 17:15:29 - [MESSAGE][INFO] - HAR: D:\DMS\Engine Scoring\Reports\20221122_171227\Exclude KKB - DS\Scoring Individu - DS\20221122_171227\requests\main\72.har

2022-11-22 17:15:29 - [MESSAGE][PASSED] - Send request successfully

2022-11-22 17:15:29 - [TEST_STEP][PASSED] - slurper = new groovy.json.JsonSlurper(): null

2022-11-22 17:15:29 - [TEST_STEP][PASSED] - result = slurper.parseText(req_data.getResponseBodyContent()): null

2022-11-22 17:15:29 - [TEST_STEP][PASSED] - reqid_kons = requestid1: null

2022-11-22 17:15:29 - [TEST_STEP][PASSED] - reqid_spouse = requestid2: null

2022-11-22 17:15:29 - [TEST_STEP][PASSED] - println("requestid kons : " + reqid_kons): null

2022-11-22 17:15:29 - [TEST_STEP][PASSED] - response_searchME_kons = reqid_kons: null

2022-11-22 17:15:29 - [TEST_STEP][PASSED] - response_searchME_spouse = reqid_spouse: null

2022-11-22 17:15:29 - [TEST_STEP][PASSED] - println("kons req id is :" + response_searchME_kons): null

2022-11-22 17:15:29 - [TEST_STEP][PASSED] - println("spouse req id is : " + response_searchME_spouse): null

2022-11-22 17:15:29 - [TEST_STEP][PASSED] - verifyResponseStatusCode(req_data, 200): Verify response status code successfully

2022-11-22 17:15:29 - [MESSAGE][PASSED] - Verify response status code successfully

2022-11-22 17:15:29 - [TEST_STEP][PASSED] - response = req_data.getResponseText(): null

2022-11-22 17:15:29 - [TEST_STEP][PASSED] - logInfo($response): {"status":"Done","data":{"requestid1":"242451","requestid2":""}}

2022-11-22 17:15:29 - [MESSAGE][INFO] - {"status":"Done","data":{"requestid1":"242451","requestid2":""}}

2022-11-22 17:15:29 - [TEST_STEP][PASSED] - delay(3): Delayed 3 second(s)

2022-11-22 17:15:32 - [MESSAGE][PASSED] - Delayed 3 second(s)

2022-11-22 17:15:32 - [TEST_STEP][PASSED] - scoring = sendRequest(findTestObject("EngineScore", ["response_searchME_kons":response_searchME_kons, "response_searchME_spouse":response_searchME_spouse])): Send request successfully

2022-11-22 17:15:32 - [MESSAGE][INFO] - HAR: D:\DMS\Engine Scoring\Reports\20221122_171227\Exclude KKB - DS\Scoring Individu - DS\20221122_171227\requests\main\73.har

2022-11-22 17:15:32 - [MESSAGE][PASSED] - Send request successfully

2022-11-22 17:15:32 - [TEST_STEP][PASSED] - verifyResponseStatusCode(scoring, 200): Verify response status code successfully

2022-11-22 17:15:32 - [MESSAGE][PASSED] - Verify response status code successfully

2022-11-22 17:15:32 - [TEST_STEP][PASSED] - response2 = scoring.getResponseText(): null

2022-11-22 17:15:32 - [TEST_STEP][PASSED] - markPassed("result service data ke : " + no): result service data ke : 37

2022-11-22 17:15:32 - [MESSAGE][PASSED] - result service data ke : 37

2022-11-22 17:15:32 - [TEST_STEP][PASSED] - logInfo($response2): {"result_konsumen":"Reguler","result_pasangan":"","Final_result":"Reguler","errorMessage":"","status":"Done"}

2022-11-22 17:15:32 - [MESSAGE][INFO] - {"result_konsumen":"Reguler","result_pasangan":"","Final_result":"Reguler","errorMessage":"","status":"Done"}

2022-11-22 17:15:32 - [TEST_STEP][PASSED] - verifyElementPropertyValue(scoring, "Final_result", final_result): Verify element property value successfully

2022-11-22 17:15:32 - [MESSAGE][PASSED] - Verify element property value successfully]]></system-out>
         <system-err><![CDATA[]]></system-err>
      </testcase>
      <testcase name="Test Cases/Engine_Scoring/Engine Scoring" time="4.644" classname="Test Cases/Engine_Scoring/Engine Scoring" status="PASSED">
         <system-out><![CDATA[2022-11-22 17:15:32 - [TEST_CASE][PASSED] - Test Cases/Engine_Scoring/Engine Scoring: Test Cases/Engine_Scoring/Engine Scoring

2022-11-22 17:15:33 - [TEST_STEP][PASSED] - markPassed("Variasi data ke : " + no): Variasi data ke : 38

2022-11-22 17:15:33 - [MESSAGE][PASSED] - Variasi data ke : 38

2022-11-22 17:15:33 - [TEST_STEP][PASSED] - req_data = sendRequest(findTestObject("Search_ME", ["MID":MID, "source":source, "ip":ip, "userid":userid, "branch":branch, "tipekons":tipekons, "marital":marital, "penjamin":penjamin, ... ])): Send request successfully

2022-11-22 17:15:34 - [MESSAGE][INFO] - HAR: D:\DMS\Engine Scoring\Reports\20221122_171227\Exclude KKB - DS\Scoring Individu - DS\20221122_171227\requests\main\74.har

2022-11-22 17:15:34 - [MESSAGE][PASSED] - Send request successfully

2022-11-22 17:15:34 - [TEST_STEP][PASSED] - slurper = new groovy.json.JsonSlurper(): null

2022-11-22 17:15:34 - [TEST_STEP][PASSED] - result = slurper.parseText(req_data.getResponseBodyContent()): null

2022-11-22 17:15:34 - [TEST_STEP][PASSED] - reqid_kons = requestid1: null

2022-11-22 17:15:34 - [TEST_STEP][PASSED] - reqid_spouse = requestid2: null

2022-11-22 17:15:34 - [TEST_STEP][PASSED] - println("requestid kons : " + reqid_kons): null

2022-11-22 17:15:34 - [TEST_STEP][PASSED] - response_searchME_kons = reqid_kons: null

2022-11-22 17:15:34 - [TEST_STEP][PASSED] - response_searchME_spouse = reqid_spouse: null

2022-11-22 17:15:34 - [TEST_STEP][PASSED] - println("kons req id is :" + response_searchME_kons): null

2022-11-22 17:15:34 - [TEST_STEP][PASSED] - println("spouse req id is : " + response_searchME_spouse): null

2022-11-22 17:15:34 - [TEST_STEP][PASSED] - verifyResponseStatusCode(req_data, 200): Verify response status code successfully

2022-11-22 17:15:34 - [MESSAGE][PASSED] - Verify response status code successfully

2022-11-22 17:15:34 - [TEST_STEP][PASSED] - response = req_data.getResponseText(): null

2022-11-22 17:15:34 - [TEST_STEP][PASSED] - logInfo($response): {"status":"Done","data":{"requestid1":"242452","requestid2":""}}

2022-11-22 17:15:34 - [MESSAGE][INFO] - {"status":"Done","data":{"requestid1":"242452","requestid2":""}}

2022-11-22 17:15:34 - [TEST_STEP][PASSED] - delay(3): Delayed 3 second(s)

2022-11-22 17:15:37 - [MESSAGE][PASSED] - Delayed 3 second(s)

2022-11-22 17:15:37 - [TEST_STEP][PASSED] - scoring = sendRequest(findTestObject("EngineScore", ["response_searchME_kons":response_searchME_kons, "response_searchME_spouse":response_searchME_spouse])): Send request successfully

2022-11-22 17:15:37 - [MESSAGE][INFO] - HAR: D:\DMS\Engine Scoring\Reports\20221122_171227\Exclude KKB - DS\Scoring Individu - DS\20221122_171227\requests\main\75.har

2022-11-22 17:15:37 - [MESSAGE][PASSED] - Send request successfully

2022-11-22 17:15:37 - [TEST_STEP][PASSED] - verifyResponseStatusCode(scoring, 200): Verify response status code successfully

2022-11-22 17:15:37 - [MESSAGE][PASSED] - Verify response status code successfully

2022-11-22 17:15:37 - [TEST_STEP][PASSED] - response2 = scoring.getResponseText(): null

2022-11-22 17:15:37 - [TEST_STEP][PASSED] - markPassed("result service data ke : " + no): result service data ke : 38

2022-11-22 17:15:37 - [MESSAGE][PASSED] - result service data ke : 38

2022-11-22 17:15:37 - [TEST_STEP][PASSED] - logInfo($response2): {"result_konsumen":"Reguler","result_pasangan":"","Final_result":"Reguler","errorMessage":"","status":"Done"}

2022-11-22 17:15:37 - [MESSAGE][INFO] - {"result_konsumen":"Reguler","result_pasangan":"","Final_result":"Reguler","errorMessage":"","status":"Done"}

2022-11-22 17:15:37 - [TEST_STEP][PASSED] - verifyElementPropertyValue(scoring, "Final_result", final_result): Verify element property value successfully

2022-11-22 17:15:37 - [MESSAGE][PASSED] - Verify element property value successfully]]></system-out>
         <system-err><![CDATA[]]></system-err>
      </testcase>
      <testcase name="Test Cases/Engine_Scoring/Engine Scoring" time="4.624" classname="Test Cases/Engine_Scoring/Engine Scoring" status="PASSED">
         <system-out><![CDATA[2022-11-22 17:15:37 - [TEST_CASE][PASSED] - Test Cases/Engine_Scoring/Engine Scoring: Test Cases/Engine_Scoring/Engine Scoring

2022-11-22 17:15:38 - [TEST_STEP][PASSED] - markPassed("Variasi data ke : " + no): Variasi data ke : 39

2022-11-22 17:15:38 - [MESSAGE][PASSED] - Variasi data ke : 39

2022-11-22 17:15:38 - [TEST_STEP][PASSED] - req_data = sendRequest(findTestObject("Search_ME", ["MID":MID, "source":source, "ip":ip, "userid":userid, "branch":branch, "tipekons":tipekons, "marital":marital, "penjamin":penjamin, ... ])): Send request successfully

2022-11-22 17:15:38 - [MESSAGE][INFO] - HAR: D:\DMS\Engine Scoring\Reports\20221122_171227\Exclude KKB - DS\Scoring Individu - DS\20221122_171227\requests\main\76.har

2022-11-22 17:15:38 - [MESSAGE][PASSED] - Send request successfully

2022-11-22 17:15:38 - [TEST_STEP][PASSED] - slurper = new groovy.json.JsonSlurper(): null

2022-11-22 17:15:38 - [TEST_STEP][PASSED] - result = slurper.parseText(req_data.getResponseBodyContent()): null

2022-11-22 17:15:38 - [TEST_STEP][PASSED] - reqid_kons = requestid1: null

2022-11-22 17:15:38 - [TEST_STEP][PASSED] - reqid_spouse = requestid2: null

2022-11-22 17:15:38 - [TEST_STEP][PASSED] - println("requestid kons : " + reqid_kons): null

2022-11-22 17:15:38 - [TEST_STEP][PASSED] - response_searchME_kons = reqid_kons: null

2022-11-22 17:15:38 - [TEST_STEP][PASSED] - response_searchME_spouse = reqid_spouse: null

2022-11-22 17:15:38 - [TEST_STEP][PASSED] - println("kons req id is :" + response_searchME_kons): null

2022-11-22 17:15:38 - [TEST_STEP][PASSED] - println("spouse req id is : " + response_searchME_spouse): null

2022-11-22 17:15:38 - [TEST_STEP][PASSED] - verifyResponseStatusCode(req_data, 200): Verify response status code successfully

2022-11-22 17:15:38 - [MESSAGE][PASSED] - Verify response status code successfully

2022-11-22 17:15:38 - [TEST_STEP][PASSED] - response = req_data.getResponseText(): null

2022-11-22 17:15:38 - [TEST_STEP][PASSED] - logInfo($response): {"status":"Done","data":{"requestid1":"242453","requestid2":""}}

2022-11-22 17:15:38 - [MESSAGE][INFO] - {"status":"Done","data":{"requestid1":"242453","requestid2":""}}

2022-11-22 17:15:38 - [TEST_STEP][PASSED] - delay(3): Delayed 3 second(s)

2022-11-22 17:15:41 - [MESSAGE][PASSED] - Delayed 3 second(s)

2022-11-22 17:15:41 - [TEST_STEP][PASSED] - scoring = sendRequest(findTestObject("EngineScore", ["response_searchME_kons":response_searchME_kons, "response_searchME_spouse":response_searchME_spouse])): Send request successfully

2022-11-22 17:15:42 - [MESSAGE][INFO] - HAR: D:\DMS\Engine Scoring\Reports\20221122_171227\Exclude KKB - DS\Scoring Individu - DS\20221122_171227\requests\main\77.har

2022-11-22 17:15:42 - [MESSAGE][PASSED] - Send request successfully

2022-11-22 17:15:42 - [TEST_STEP][PASSED] - verifyResponseStatusCode(scoring, 200): Verify response status code successfully

2022-11-22 17:15:42 - [MESSAGE][PASSED] - Verify response status code successfully

2022-11-22 17:15:42 - [TEST_STEP][PASSED] - response2 = scoring.getResponseText(): null

2022-11-22 17:15:42 - [TEST_STEP][PASSED] - markPassed("result service data ke : " + no): result service data ke : 39

2022-11-22 17:15:42 - [MESSAGE][PASSED] - result service data ke : 39

2022-11-22 17:15:42 - [TEST_STEP][PASSED] - logInfo($response2): {"result_konsumen":"Approve","result_pasangan":"","Final_result":"Approve","errorMessage":"","status":"Done"}

2022-11-22 17:15:42 - [MESSAGE][INFO] - {"result_konsumen":"Approve","result_pasangan":"","Final_result":"Approve","errorMessage":"","status":"Done"}

2022-11-22 17:15:42 - [TEST_STEP][PASSED] - verifyElementPropertyValue(scoring, "Final_result", final_result): Verify element property value successfully

2022-11-22 17:15:42 - [MESSAGE][PASSED] - Verify element property value successfully]]></system-out>
         <system-err><![CDATA[]]></system-err>
      </testcase>
      <testcase name="Test Cases/Engine_Scoring/Engine Scoring" time="4.658" classname="Test Cases/Engine_Scoring/Engine Scoring" status="PASSED">
         <system-out><![CDATA[2022-11-22 17:15:42 - [TEST_CASE][PASSED] - Test Cases/Engine_Scoring/Engine Scoring: Test Cases/Engine_Scoring/Engine Scoring

2022-11-22 17:15:42 - [TEST_STEP][PASSED] - markPassed("Variasi data ke : " + no): Variasi data ke : 40

2022-11-22 17:15:42 - [MESSAGE][PASSED] - Variasi data ke : 40

2022-11-22 17:15:42 - [TEST_STEP][PASSED] - req_data = sendRequest(findTestObject("Search_ME", ["MID":MID, "source":source, "ip":ip, "userid":userid, "branch":branch, "tipekons":tipekons, "marital":marital, "penjamin":penjamin, ... ])): Send request successfully

2022-11-22 17:15:43 - [MESSAGE][INFO] - HAR: D:\DMS\Engine Scoring\Reports\20221122_171227\Exclude KKB - DS\Scoring Individu - DS\20221122_171227\requests\main\78.har

2022-11-22 17:15:43 - [MESSAGE][PASSED] - Send request successfully

2022-11-22 17:15:43 - [TEST_STEP][PASSED] - slurper = new groovy.json.JsonSlurper(): null

2022-11-22 17:15:43 - [TEST_STEP][PASSED] - result = slurper.parseText(req_data.getResponseBodyContent()): null

2022-11-22 17:15:43 - [TEST_STEP][PASSED] - reqid_kons = requestid1: null

2022-11-22 17:15:43 - [TEST_STEP][PASSED] - reqid_spouse = requestid2: null

2022-11-22 17:15:43 - [TEST_STEP][PASSED] - println("requestid kons : " + reqid_kons): null

2022-11-22 17:15:43 - [TEST_STEP][PASSED] - response_searchME_kons = reqid_kons: null

2022-11-22 17:15:43 - [TEST_STEP][PASSED] - response_searchME_spouse = reqid_spouse: null

2022-11-22 17:15:43 - [TEST_STEP][PASSED] - println("kons req id is :" + response_searchME_kons): null

2022-11-22 17:15:43 - [TEST_STEP][PASSED] - println("spouse req id is : " + response_searchME_spouse): null

2022-11-22 17:15:43 - [TEST_STEP][PASSED] - verifyResponseStatusCode(req_data, 200): Verify response status code successfully

2022-11-22 17:15:43 - [MESSAGE][PASSED] - Verify response status code successfully

2022-11-22 17:15:43 - [TEST_STEP][PASSED] - response = req_data.getResponseText(): null

2022-11-22 17:15:43 - [TEST_STEP][PASSED] - logInfo($response): {"status":"Done","data":{"requestid1":"242454","requestid2":""}}

2022-11-22 17:15:43 - [MESSAGE][INFO] - {"status":"Done","data":{"requestid1":"242454","requestid2":""}}

2022-11-22 17:15:43 - [TEST_STEP][PASSED] - delay(3): Delayed 3 second(s)

2022-11-22 17:15:46 - [MESSAGE][PASSED] - Delayed 3 second(s)

2022-11-22 17:15:46 - [TEST_STEP][PASSED] - scoring = sendRequest(findTestObject("EngineScore", ["response_searchME_kons":response_searchME_kons, "response_searchME_spouse":response_searchME_spouse])): Send request successfully

2022-11-22 17:15:46 - [MESSAGE][INFO] - HAR: D:\DMS\Engine Scoring\Reports\20221122_171227\Exclude KKB - DS\Scoring Individu - DS\20221122_171227\requests\main\79.har

2022-11-22 17:15:46 - [MESSAGE][PASSED] - Send request successfully

2022-11-22 17:15:46 - [TEST_STEP][PASSED] - verifyResponseStatusCode(scoring, 200): Verify response status code successfully

2022-11-22 17:15:46 - [MESSAGE][PASSED] - Verify response status code successfully

2022-11-22 17:15:46 - [TEST_STEP][PASSED] - response2 = scoring.getResponseText(): null

2022-11-22 17:15:46 - [TEST_STEP][PASSED] - markPassed("result service data ke : " + no): result service data ke : 40

2022-11-22 17:15:46 - [MESSAGE][PASSED] - result service data ke : 40

2022-11-22 17:15:46 - [TEST_STEP][PASSED] - logInfo($response2): {"result_konsumen":"Approve","result_pasangan":"","Final_result":"Approve","errorMessage":"","status":"Done"}

2022-11-22 17:15:46 - [MESSAGE][INFO] - {"result_konsumen":"Approve","result_pasangan":"","Final_result":"Approve","errorMessage":"","status":"Done"}

2022-11-22 17:15:46 - [TEST_STEP][PASSED] - verifyElementPropertyValue(scoring, "Final_result", final_result): Verify element property value successfully

2022-11-22 17:15:46 - [MESSAGE][PASSED] - Verify element property value successfully]]></system-out>
         <system-err><![CDATA[]]></system-err>
      </testcase>
      <testcase name="Test Cases/Engine_Scoring/Engine Scoring" time="4.6" classname="Test Cases/Engine_Scoring/Engine Scoring" status="PASSED">
         <system-out><![CDATA[2022-11-22 17:15:46 - [TEST_CASE][PASSED] - Test Cases/Engine_Scoring/Engine Scoring: Test Cases/Engine_Scoring/Engine Scoring

2022-11-22 17:15:47 - [TEST_STEP][PASSED] - markPassed("Variasi data ke : " + no): Variasi data ke : 41

2022-11-22 17:15:47 - [MESSAGE][PASSED] - Variasi data ke : 41

2022-11-22 17:15:47 - [TEST_STEP][PASSED] - req_data = sendRequest(findTestObject("Search_ME", ["MID":MID, "source":source, "ip":ip, "userid":userid, "branch":branch, "tipekons":tipekons, "marital":marital, "penjamin":penjamin, ... ])): Send request successfully

2022-11-22 17:15:48 - [MESSAGE][INFO] - HAR: D:\DMS\Engine Scoring\Reports\20221122_171227\Exclude KKB - DS\Scoring Individu - DS\20221122_171227\requests\main\80.har

2022-11-22 17:15:48 - [MESSAGE][PASSED] - Send request successfully

2022-11-22 17:15:48 - [TEST_STEP][PASSED] - slurper = new groovy.json.JsonSlurper(): null

2022-11-22 17:15:48 - [TEST_STEP][PASSED] - result = slurper.parseText(req_data.getResponseBodyContent()): null

2022-11-22 17:15:48 - [TEST_STEP][PASSED] - reqid_kons = requestid1: null

2022-11-22 17:15:48 - [TEST_STEP][PASSED] - reqid_spouse = requestid2: null

2022-11-22 17:15:48 - [TEST_STEP][PASSED] - println("requestid kons : " + reqid_kons): null

2022-11-22 17:15:48 - [TEST_STEP][PASSED] - response_searchME_kons = reqid_kons: null

2022-11-22 17:15:48 - [TEST_STEP][PASSED] - response_searchME_spouse = reqid_spouse: null

2022-11-22 17:15:48 - [TEST_STEP][PASSED] - println("kons req id is :" + response_searchME_kons): null

2022-11-22 17:15:48 - [TEST_STEP][PASSED] - println("spouse req id is : " + response_searchME_spouse): null

2022-11-22 17:15:48 - [TEST_STEP][PASSED] - verifyResponseStatusCode(req_data, 200): Verify response status code successfully

2022-11-22 17:15:48 - [MESSAGE][PASSED] - Verify response status code successfully

2022-11-22 17:15:48 - [TEST_STEP][PASSED] - response = req_data.getResponseText(): null

2022-11-22 17:15:48 - [TEST_STEP][PASSED] - logInfo($response): {"status":"Done","data":{"requestid1":"242455","requestid2":""}}

2022-11-22 17:15:48 - [MESSAGE][INFO] - {"status":"Done","data":{"requestid1":"242455","requestid2":""}}

2022-11-22 17:15:48 - [TEST_STEP][PASSED] - delay(3): Delayed 3 second(s)

2022-11-22 17:15:51 - [MESSAGE][PASSED] - Delayed 3 second(s)

2022-11-22 17:15:51 - [TEST_STEP][PASSED] - scoring = sendRequest(findTestObject("EngineScore", ["response_searchME_kons":response_searchME_kons, "response_searchME_spouse":response_searchME_spouse])): Send request successfully

2022-11-22 17:15:51 - [MESSAGE][INFO] - HAR: D:\DMS\Engine Scoring\Reports\20221122_171227\Exclude KKB - DS\Scoring Individu - DS\20221122_171227\requests\main\81.har

2022-11-22 17:15:51 - [MESSAGE][PASSED] - Send request successfully

2022-11-22 17:15:51 - [TEST_STEP][PASSED] - verifyResponseStatusCode(scoring, 200): Verify response status code successfully

2022-11-22 17:15:51 - [MESSAGE][PASSED] - Verify response status code successfully

2022-11-22 17:15:51 - [TEST_STEP][PASSED] - response2 = scoring.getResponseText(): null

2022-11-22 17:15:51 - [TEST_STEP][PASSED] - markPassed("result service data ke : " + no): result service data ke : 41

2022-11-22 17:15:51 - [MESSAGE][PASSED] - result service data ke : 41

2022-11-22 17:15:51 - [TEST_STEP][PASSED] - logInfo($response2): {"result_konsumen":"Approve","result_pasangan":"","Final_result":"Approve","errorMessage":"","status":"Done"}

2022-11-22 17:15:51 - [MESSAGE][INFO] - {"result_konsumen":"Approve","result_pasangan":"","Final_result":"Approve","errorMessage":"","status":"Done"}

2022-11-22 17:15:51 - [TEST_STEP][PASSED] - verifyElementPropertyValue(scoring, "Final_result", final_result): Verify element property value successfully

2022-11-22 17:15:51 - [MESSAGE][PASSED] - Verify element property value successfully]]></system-out>
         <system-err><![CDATA[]]></system-err>
      </testcase>
      <testcase name="Test Cases/Engine_Scoring/Engine Scoring" time="4.632" classname="Test Cases/Engine_Scoring/Engine Scoring" status="PASSED">
         <system-out><![CDATA[2022-11-22 17:15:51 - [TEST_CASE][PASSED] - Test Cases/Engine_Scoring/Engine Scoring: Test Cases/Engine_Scoring/Engine Scoring

2022-11-22 17:15:52 - [TEST_STEP][PASSED] - markPassed("Variasi data ke : " + no): Variasi data ke : 42

2022-11-22 17:15:52 - [MESSAGE][PASSED] - Variasi data ke : 42

2022-11-22 17:15:52 - [TEST_STEP][PASSED] - req_data = sendRequest(findTestObject("Search_ME", ["MID":MID, "source":source, "ip":ip, "userid":userid, "branch":branch, "tipekons":tipekons, "marital":marital, "penjamin":penjamin, ... ])): Send request successfully

2022-11-22 17:15:52 - [MESSAGE][INFO] - HAR: D:\DMS\Engine Scoring\Reports\20221122_171227\Exclude KKB - DS\Scoring Individu - DS\20221122_171227\requests\main\82.har

2022-11-22 17:15:52 - [MESSAGE][PASSED] - Send request successfully

2022-11-22 17:15:52 - [TEST_STEP][PASSED] - slurper = new groovy.json.JsonSlurper(): null

2022-11-22 17:15:52 - [TEST_STEP][PASSED] - result = slurper.parseText(req_data.getResponseBodyContent()): null

2022-11-22 17:15:52 - [TEST_STEP][PASSED] - reqid_kons = requestid1: null

2022-11-22 17:15:52 - [TEST_STEP][PASSED] - reqid_spouse = requestid2: null

2022-11-22 17:15:52 - [TEST_STEP][PASSED] - println("requestid kons : " + reqid_kons): null

2022-11-22 17:15:52 - [TEST_STEP][PASSED] - response_searchME_kons = reqid_kons: null

2022-11-22 17:15:52 - [TEST_STEP][PASSED] - response_searchME_spouse = reqid_spouse: null

2022-11-22 17:15:52 - [TEST_STEP][PASSED] - println("kons req id is :" + response_searchME_kons): null

2022-11-22 17:15:52 - [TEST_STEP][PASSED] - println("spouse req id is : " + response_searchME_spouse): null

2022-11-22 17:15:52 - [TEST_STEP][PASSED] - verifyResponseStatusCode(req_data, 200): Verify response status code successfully

2022-11-22 17:15:52 - [MESSAGE][PASSED] - Verify response status code successfully

2022-11-22 17:15:52 - [TEST_STEP][PASSED] - response = req_data.getResponseText(): null

2022-11-22 17:15:52 - [TEST_STEP][PASSED] - logInfo($response): {"status":"Done","data":{"requestid1":"242456","requestid2":""}}

2022-11-22 17:15:52 - [MESSAGE][INFO] - {"status":"Done","data":{"requestid1":"242456","requestid2":""}}

2022-11-22 17:15:52 - [TEST_STEP][PASSED] - delay(3): Delayed 3 second(s)

2022-11-22 17:15:55 - [MESSAGE][PASSED] - Delayed 3 second(s)

2022-11-22 17:15:55 - [TEST_STEP][PASSED] - scoring = sendRequest(findTestObject("EngineScore", ["response_searchME_kons":response_searchME_kons, "response_searchME_spouse":response_searchME_spouse])): Send request successfully

2022-11-22 17:15:56 - [MESSAGE][INFO] - HAR: D:\DMS\Engine Scoring\Reports\20221122_171227\Exclude KKB - DS\Scoring Individu - DS\20221122_171227\requests\main\83.har

2022-11-22 17:15:56 - [MESSAGE][PASSED] - Send request successfully

2022-11-22 17:15:56 - [TEST_STEP][PASSED] - verifyResponseStatusCode(scoring, 200): Verify response status code successfully

2022-11-22 17:15:56 - [MESSAGE][PASSED] - Verify response status code successfully

2022-11-22 17:15:56 - [TEST_STEP][PASSED] - response2 = scoring.getResponseText(): null

2022-11-22 17:15:56 - [TEST_STEP][PASSED] - markPassed("result service data ke : " + no): result service data ke : 42

2022-11-22 17:15:56 - [MESSAGE][PASSED] - result service data ke : 42

2022-11-22 17:15:56 - [TEST_STEP][PASSED] - logInfo($response2): {"result_konsumen":"Approve","result_pasangan":"","Final_result":"Approve","errorMessage":"","status":"Done"}

2022-11-22 17:15:56 - [MESSAGE][INFO] - {"result_konsumen":"Approve","result_pasangan":"","Final_result":"Approve","errorMessage":"","status":"Done"}

2022-11-22 17:15:56 - [TEST_STEP][PASSED] - verifyElementPropertyValue(scoring, "Final_result", final_result): Verify element property value successfully

2022-11-22 17:15:56 - [MESSAGE][PASSED] - Verify element property value successfully]]></system-out>
         <system-err><![CDATA[]]></system-err>
      </testcase>
      <testcase name="Test Cases/Engine_Scoring/Engine Scoring" time="4.632" classname="Test Cases/Engine_Scoring/Engine Scoring" status="PASSED">
         <system-out><![CDATA[2022-11-22 17:15:56 - [TEST_CASE][PASSED] - Test Cases/Engine_Scoring/Engine Scoring: Test Cases/Engine_Scoring/Engine Scoring

2022-11-22 17:15:56 - [TEST_STEP][PASSED] - markPassed("Variasi data ke : " + no): Variasi data ke : 43

2022-11-22 17:15:56 - [MESSAGE][PASSED] - Variasi data ke : 43

2022-11-22 17:15:56 - [TEST_STEP][PASSED] - req_data = sendRequest(findTestObject("Search_ME", ["MID":MID, "source":source, "ip":ip, "userid":userid, "branch":branch, "tipekons":tipekons, "marital":marital, "penjamin":penjamin, ... ])): Send request successfully

2022-11-22 17:15:57 - [MESSAGE][INFO] - HAR: D:\DMS\Engine Scoring\Reports\20221122_171227\Exclude KKB - DS\Scoring Individu - DS\20221122_171227\requests\main\84.har

2022-11-22 17:15:57 - [MESSAGE][PASSED] - Send request successfully

2022-11-22 17:15:57 - [TEST_STEP][PASSED] - slurper = new groovy.json.JsonSlurper(): null

2022-11-22 17:15:57 - [TEST_STEP][PASSED] - result = slurper.parseText(req_data.getResponseBodyContent()): null

2022-11-22 17:15:57 - [TEST_STEP][PASSED] - reqid_kons = requestid1: null

2022-11-22 17:15:57 - [TEST_STEP][PASSED] - reqid_spouse = requestid2: null

2022-11-22 17:15:57 - [TEST_STEP][PASSED] - println("requestid kons : " + reqid_kons): null

2022-11-22 17:15:57 - [TEST_STEP][PASSED] - response_searchME_kons = reqid_kons: null

2022-11-22 17:15:57 - [TEST_STEP][PASSED] - response_searchME_spouse = reqid_spouse: null

2022-11-22 17:15:57 - [TEST_STEP][PASSED] - println("kons req id is :" + response_searchME_kons): null

2022-11-22 17:15:57 - [TEST_STEP][PASSED] - println("spouse req id is : " + response_searchME_spouse): null

2022-11-22 17:15:57 - [TEST_STEP][PASSED] - verifyResponseStatusCode(req_data, 200): Verify response status code successfully

2022-11-22 17:15:57 - [MESSAGE][PASSED] - Verify response status code successfully

2022-11-22 17:15:57 - [TEST_STEP][PASSED] - response = req_data.getResponseText(): null

2022-11-22 17:15:57 - [TEST_STEP][PASSED] - logInfo($response): {"status":"Done","data":{"requestid1":"242457","requestid2":""}}

2022-11-22 17:15:57 - [MESSAGE][INFO] - {"status":"Done","data":{"requestid1":"242457","requestid2":""}}

2022-11-22 17:15:57 - [TEST_STEP][PASSED] - delay(3): Delayed 3 second(s)

2022-11-22 17:16:00 - [MESSAGE][PASSED] - Delayed 3 second(s)

2022-11-22 17:16:00 - [TEST_STEP][PASSED] - scoring = sendRequest(findTestObject("EngineScore", ["response_searchME_kons":response_searchME_kons, "response_searchME_spouse":response_searchME_spouse])): Send request successfully

2022-11-22 17:16:00 - [MESSAGE][INFO] - HAR: D:\DMS\Engine Scoring\Reports\20221122_171227\Exclude KKB - DS\Scoring Individu - DS\20221122_171227\requests\main\85.har

2022-11-22 17:16:00 - [MESSAGE][PASSED] - Send request successfully

2022-11-22 17:16:00 - [TEST_STEP][PASSED] - verifyResponseStatusCode(scoring, 200): Verify response status code successfully

2022-11-22 17:16:00 - [MESSAGE][PASSED] - Verify response status code successfully

2022-11-22 17:16:00 - [TEST_STEP][PASSED] - response2 = scoring.getResponseText(): null

2022-11-22 17:16:00 - [TEST_STEP][PASSED] - markPassed("result service data ke : " + no): result service data ke : 43

2022-11-22 17:16:00 - [MESSAGE][PASSED] - result service data ke : 43

2022-11-22 17:16:00 - [TEST_STEP][PASSED] - logInfo($response2): {"result_konsumen":"Approve","result_pasangan":"","Final_result":"Approve","errorMessage":"","status":"Done"}

2022-11-22 17:16:00 - [MESSAGE][INFO] - {"result_konsumen":"Approve","result_pasangan":"","Final_result":"Approve","errorMessage":"","status":"Done"}

2022-11-22 17:16:00 - [TEST_STEP][PASSED] - verifyElementPropertyValue(scoring, "Final_result", final_result): Verify element property value successfully

2022-11-22 17:16:00 - [MESSAGE][PASSED] - Verify element property value successfully]]></system-out>
         <system-err><![CDATA[]]></system-err>
      </testcase>
      <testcase name="Test Cases/Engine_Scoring/Engine Scoring" time="4.792" classname="Test Cases/Engine_Scoring/Engine Scoring" status="PASSED">
         <system-out><![CDATA[2022-11-22 17:16:00 - [TEST_CASE][PASSED] - Test Cases/Engine_Scoring/Engine Scoring: Test Cases/Engine_Scoring/Engine Scoring

2022-11-22 17:16:01 - [TEST_STEP][PASSED] - markPassed("Variasi data ke : " + no): Variasi data ke : 44

2022-11-22 17:16:01 - [MESSAGE][PASSED] - Variasi data ke : 44

2022-11-22 17:16:01 - [TEST_STEP][PASSED] - req_data = sendRequest(findTestObject("Search_ME", ["MID":MID, "source":source, "ip":ip, "userid":userid, "branch":branch, "tipekons":tipekons, "marital":marital, "penjamin":penjamin, ... ])): Send request successfully

2022-11-22 17:16:02 - [MESSAGE][INFO] - HAR: D:\DMS\Engine Scoring\Reports\20221122_171227\Exclude KKB - DS\Scoring Individu - DS\20221122_171227\requests\main\86.har

2022-11-22 17:16:02 - [MESSAGE][PASSED] - Send request successfully

2022-11-22 17:16:02 - [TEST_STEP][PASSED] - slurper = new groovy.json.JsonSlurper(): null

2022-11-22 17:16:02 - [TEST_STEP][PASSED] - result = slurper.parseText(req_data.getResponseBodyContent()): null

2022-11-22 17:16:02 - [TEST_STEP][PASSED] - reqid_kons = requestid1: null

2022-11-22 17:16:02 - [TEST_STEP][PASSED] - reqid_spouse = requestid2: null

2022-11-22 17:16:02 - [TEST_STEP][PASSED] - println("requestid kons : " + reqid_kons): null

2022-11-22 17:16:02 - [TEST_STEP][PASSED] - response_searchME_kons = reqid_kons: null

2022-11-22 17:16:02 - [TEST_STEP][PASSED] - response_searchME_spouse = reqid_spouse: null

2022-11-22 17:16:02 - [TEST_STEP][PASSED] - println("kons req id is :" + response_searchME_kons): null

2022-11-22 17:16:02 - [TEST_STEP][PASSED] - println("spouse req id is : " + response_searchME_spouse): null

2022-11-22 17:16:02 - [TEST_STEP][PASSED] - verifyResponseStatusCode(req_data, 200): Verify response status code successfully

2022-11-22 17:16:02 - [MESSAGE][PASSED] - Verify response status code successfully

2022-11-22 17:16:02 - [TEST_STEP][PASSED] - response = req_data.getResponseText(): null

2022-11-22 17:16:02 - [TEST_STEP][PASSED] - logInfo($response): {"status":"Done","data":{"requestid1":"242458","requestid2":""}}

2022-11-22 17:16:02 - [MESSAGE][INFO] - {"status":"Done","data":{"requestid1":"242458","requestid2":""}}

2022-11-22 17:16:02 - [TEST_STEP][PASSED] - delay(3): Delayed 3 second(s)

2022-11-22 17:16:05 - [MESSAGE][PASSED] - Delayed 3 second(s)

2022-11-22 17:16:05 - [TEST_STEP][PASSED] - scoring = sendRequest(findTestObject("EngineScore", ["response_searchME_kons":response_searchME_kons, "response_searchME_spouse":response_searchME_spouse])): Send request successfully

2022-11-22 17:16:05 - [MESSAGE][INFO] - HAR: D:\DMS\Engine Scoring\Reports\20221122_171227\Exclude KKB - DS\Scoring Individu - DS\20221122_171227\requests\main\87.har

2022-11-22 17:16:05 - [MESSAGE][PASSED] - Send request successfully

2022-11-22 17:16:05 - [TEST_STEP][PASSED] - verifyResponseStatusCode(scoring, 200): Verify response status code successfully

2022-11-22 17:16:05 - [MESSAGE][PASSED] - Verify response status code successfully

2022-11-22 17:16:05 - [TEST_STEP][PASSED] - response2 = scoring.getResponseText(): null

2022-11-22 17:16:05 - [TEST_STEP][PASSED] - markPassed("result service data ke : " + no): result service data ke : 44

2022-11-22 17:16:05 - [MESSAGE][PASSED] - result service data ke : 44

2022-11-22 17:16:05 - [TEST_STEP][PASSED] - logInfo($response2): {"result_konsumen":"Approve","result_pasangan":"","Final_result":"Approve","errorMessage":"","status":"Done"}

2022-11-22 17:16:05 - [MESSAGE][INFO] - {"result_konsumen":"Approve","result_pasangan":"","Final_result":"Approve","errorMessage":"","status":"Done"}

2022-11-22 17:16:05 - [TEST_STEP][PASSED] - verifyElementPropertyValue(scoring, "Final_result", final_result): Verify element property value successfully

2022-11-22 17:16:05 - [MESSAGE][PASSED] - Verify element property value successfully]]></system-out>
         <system-err><![CDATA[]]></system-err>
      </testcase>
      <testcase name="Test Cases/Engine_Scoring/Engine Scoring" time="4.622" classname="Test Cases/Engine_Scoring/Engine Scoring" status="PASSED">
         <system-out><![CDATA[2022-11-22 17:16:05 - [TEST_CASE][PASSED] - Test Cases/Engine_Scoring/Engine Scoring: Test Cases/Engine_Scoring/Engine Scoring

2022-11-22 17:16:06 - [TEST_STEP][PASSED] - markPassed("Variasi data ke : " + no): Variasi data ke : 45

2022-11-22 17:16:06 - [MESSAGE][PASSED] - Variasi data ke : 45

2022-11-22 17:16:06 - [TEST_STEP][PASSED] - req_data = sendRequest(findTestObject("Search_ME", ["MID":MID, "source":source, "ip":ip, "userid":userid, "branch":branch, "tipekons":tipekons, "marital":marital, "penjamin":penjamin, ... ])): Send request successfully

2022-11-22 17:16:06 - [MESSAGE][INFO] - HAR: D:\DMS\Engine Scoring\Reports\20221122_171227\Exclude KKB - DS\Scoring Individu - DS\20221122_171227\requests\main\88.har

2022-11-22 17:16:06 - [MESSAGE][PASSED] - Send request successfully

2022-11-22 17:16:06 - [TEST_STEP][PASSED] - slurper = new groovy.json.JsonSlurper(): null

2022-11-22 17:16:06 - [TEST_STEP][PASSED] - result = slurper.parseText(req_data.getResponseBodyContent()): null

2022-11-22 17:16:06 - [TEST_STEP][PASSED] - reqid_kons = requestid1: null

2022-11-22 17:16:06 - [TEST_STEP][PASSED] - reqid_spouse = requestid2: null

2022-11-22 17:16:06 - [TEST_STEP][PASSED] - println("requestid kons : " + reqid_kons): null

2022-11-22 17:16:06 - [TEST_STEP][PASSED] - response_searchME_kons = reqid_kons: null

2022-11-22 17:16:06 - [TEST_STEP][PASSED] - response_searchME_spouse = reqid_spouse: null

2022-11-22 17:16:06 - [TEST_STEP][PASSED] - println("kons req id is :" + response_searchME_kons): null

2022-11-22 17:16:06 - [TEST_STEP][PASSED] - println("spouse req id is : " + response_searchME_spouse): null

2022-11-22 17:16:06 - [TEST_STEP][PASSED] - verifyResponseStatusCode(req_data, 200): Verify response status code successfully

2022-11-22 17:16:06 - [MESSAGE][PASSED] - Verify response status code successfully

2022-11-22 17:16:06 - [TEST_STEP][PASSED] - response = req_data.getResponseText(): null

2022-11-22 17:16:06 - [TEST_STEP][PASSED] - logInfo($response): {"status":"Done","data":{"requestid1":"242459","requestid2":""}}

2022-11-22 17:16:06 - [MESSAGE][INFO] - {"status":"Done","data":{"requestid1":"242459","requestid2":""}}

2022-11-22 17:16:06 - [TEST_STEP][PASSED] - delay(3): Delayed 3 second(s)

2022-11-22 17:16:10 - [MESSAGE][PASSED] - Delayed 3 second(s)

2022-11-22 17:16:10 - [TEST_STEP][PASSED] - scoring = sendRequest(findTestObject("EngineScore", ["response_searchME_kons":response_searchME_kons, "response_searchME_spouse":response_searchME_spouse])): Send request successfully

2022-11-22 17:16:10 - [MESSAGE][INFO] - HAR: D:\DMS\Engine Scoring\Reports\20221122_171227\Exclude KKB - DS\Scoring Individu - DS\20221122_171227\requests\main\89.har

2022-11-22 17:16:10 - [MESSAGE][PASSED] - Send request successfully

2022-11-22 17:16:10 - [TEST_STEP][PASSED] - verifyResponseStatusCode(scoring, 200): Verify response status code successfully

2022-11-22 17:16:10 - [MESSAGE][PASSED] - Verify response status code successfully

2022-11-22 17:16:10 - [TEST_STEP][PASSED] - response2 = scoring.getResponseText(): null

2022-11-22 17:16:10 - [TEST_STEP][PASSED] - markPassed("result service data ke : " + no): result service data ke : 45

2022-11-22 17:16:10 - [MESSAGE][PASSED] - result service data ke : 45

2022-11-22 17:16:10 - [TEST_STEP][PASSED] - logInfo($response2): {"result_konsumen":"Reject","result_pasangan":"","Final_result":"Reject","errorMessage":"","status":"Done"}

2022-11-22 17:16:10 - [MESSAGE][INFO] - {"result_konsumen":"Reject","result_pasangan":"","Final_result":"Reject","errorMessage":"","status":"Done"}

2022-11-22 17:16:10 - [TEST_STEP][PASSED] - verifyElementPropertyValue(scoring, "Final_result", final_result): Verify element property value successfully

2022-11-22 17:16:10 - [MESSAGE][PASSED] - Verify element property value successfully]]></system-out>
         <system-err><![CDATA[]]></system-err>
      </testcase>
      <testcase name="Test Cases/Engine_Scoring/Engine Scoring" time="4.761" classname="Test Cases/Engine_Scoring/Engine Scoring" status="PASSED">
         <system-out><![CDATA[2022-11-22 17:16:10 - [TEST_CASE][PASSED] - Test Cases/Engine_Scoring/Engine Scoring: Test Cases/Engine_Scoring/Engine Scoring

2022-11-22 17:16:11 - [TEST_STEP][PASSED] - markPassed("Variasi data ke : " + no): Variasi data ke : 46

2022-11-22 17:16:11 - [MESSAGE][PASSED] - Variasi data ke : 46

2022-11-22 17:16:11 - [TEST_STEP][PASSED] - req_data = sendRequest(findTestObject("Search_ME", ["MID":MID, "source":source, "ip":ip, "userid":userid, "branch":branch, "tipekons":tipekons, "marital":marital, "penjamin":penjamin, ... ])): Send request successfully

2022-11-22 17:16:11 - [MESSAGE][INFO] - HAR: D:\DMS\Engine Scoring\Reports\20221122_171227\Exclude KKB - DS\Scoring Individu - DS\20221122_171227\requests\main\90.har

2022-11-22 17:16:11 - [MESSAGE][PASSED] - Send request successfully

2022-11-22 17:16:11 - [TEST_STEP][PASSED] - slurper = new groovy.json.JsonSlurper(): null

2022-11-22 17:16:11 - [TEST_STEP][PASSED] - result = slurper.parseText(req_data.getResponseBodyContent()): null

2022-11-22 17:16:11 - [TEST_STEP][PASSED] - reqid_kons = requestid1: null

2022-11-22 17:16:11 - [TEST_STEP][PASSED] - reqid_spouse = requestid2: null

2022-11-22 17:16:11 - [TEST_STEP][PASSED] - println("requestid kons : " + reqid_kons): null

2022-11-22 17:16:11 - [TEST_STEP][PASSED] - response_searchME_kons = reqid_kons: null

2022-11-22 17:16:11 - [TEST_STEP][PASSED] - response_searchME_spouse = reqid_spouse: null

2022-11-22 17:16:11 - [TEST_STEP][PASSED] - println("kons req id is :" + response_searchME_kons): null

2022-11-22 17:16:11 - [TEST_STEP][PASSED] - println("spouse req id is : " + response_searchME_spouse): null

2022-11-22 17:16:11 - [TEST_STEP][PASSED] - verifyResponseStatusCode(req_data, 200): Verify response status code successfully

2022-11-22 17:16:11 - [MESSAGE][PASSED] - Verify response status code successfully

2022-11-22 17:16:11 - [TEST_STEP][PASSED] - response = req_data.getResponseText(): null

2022-11-22 17:16:11 - [TEST_STEP][PASSED] - logInfo($response): {"status":"Done","data":{"requestid1":"242460","requestid2":""}}

2022-11-22 17:16:11 - [MESSAGE][INFO] - {"status":"Done","data":{"requestid1":"242460","requestid2":""}}

2022-11-22 17:16:11 - [TEST_STEP][PASSED] - delay(3): Delayed 3 second(s)

2022-11-22 17:16:14 - [MESSAGE][PASSED] - Delayed 3 second(s)

2022-11-22 17:16:14 - [TEST_STEP][PASSED] - scoring = sendRequest(findTestObject("EngineScore", ["response_searchME_kons":response_searchME_kons, "response_searchME_spouse":response_searchME_spouse])): Send request successfully

2022-11-22 17:16:14 - [MESSAGE][INFO] - HAR: D:\DMS\Engine Scoring\Reports\20221122_171227\Exclude KKB - DS\Scoring Individu - DS\20221122_171227\requests\main\91.har

2022-11-22 17:16:14 - [MESSAGE][PASSED] - Send request successfully

2022-11-22 17:16:14 - [TEST_STEP][PASSED] - verifyResponseStatusCode(scoring, 200): Verify response status code successfully

2022-11-22 17:16:14 - [MESSAGE][PASSED] - Verify response status code successfully

2022-11-22 17:16:14 - [TEST_STEP][PASSED] - response2 = scoring.getResponseText(): null

2022-11-22 17:16:14 - [TEST_STEP][PASSED] - markPassed("result service data ke : " + no): result service data ke : 46

2022-11-22 17:16:14 - [MESSAGE][PASSED] - result service data ke : 46

2022-11-22 17:16:14 - [TEST_STEP][PASSED] - logInfo($response2): {"result_konsumen":"Reject","result_pasangan":"","Final_result":"Reject","errorMessage":"","status":"Done"}

2022-11-22 17:16:14 - [MESSAGE][INFO] - {"result_konsumen":"Reject","result_pasangan":"","Final_result":"Reject","errorMessage":"","status":"Done"}

2022-11-22 17:16:14 - [TEST_STEP][PASSED] - verifyElementPropertyValue(scoring, "Final_result", final_result): Verify element property value successfully

2022-11-22 17:16:14 - [MESSAGE][PASSED] - Verify element property value successfully]]></system-out>
         <system-err><![CDATA[]]></system-err>
      </testcase>
      <testcase name="Test Cases/Engine_Scoring/Engine Scoring" time="4.727" classname="Test Cases/Engine_Scoring/Engine Scoring" status="PASSED">
         <system-out><![CDATA[2022-11-22 17:16:15 - [TEST_CASE][PASSED] - Test Cases/Engine_Scoring/Engine Scoring: Test Cases/Engine_Scoring/Engine Scoring

2022-11-22 17:16:15 - [TEST_STEP][PASSED] - markPassed("Variasi data ke : " + no): Variasi data ke : 47

2022-11-22 17:16:15 - [MESSAGE][PASSED] - Variasi data ke : 47

2022-11-22 17:16:15 - [TEST_STEP][PASSED] - req_data = sendRequest(findTestObject("Search_ME", ["MID":MID, "source":source, "ip":ip, "userid":userid, "branch":branch, "tipekons":tipekons, "marital":marital, "penjamin":penjamin, ... ])): Send request successfully

2022-11-22 17:16:16 - [MESSAGE][INFO] - HAR: D:\DMS\Engine Scoring\Reports\20221122_171227\Exclude KKB - DS\Scoring Individu - DS\20221122_171227\requests\main\92.har

2022-11-22 17:16:16 - [MESSAGE][PASSED] - Send request successfully

2022-11-22 17:16:16 - [TEST_STEP][PASSED] - slurper = new groovy.json.JsonSlurper(): null

2022-11-22 17:16:16 - [TEST_STEP][PASSED] - result = slurper.parseText(req_data.getResponseBodyContent()): null

2022-11-22 17:16:16 - [TEST_STEP][PASSED] - reqid_kons = requestid1: null

2022-11-22 17:16:16 - [TEST_STEP][PASSED] - reqid_spouse = requestid2: null

2022-11-22 17:16:16 - [TEST_STEP][PASSED] - println("requestid kons : " + reqid_kons): null

2022-11-22 17:16:16 - [TEST_STEP][PASSED] - response_searchME_kons = reqid_kons: null

2022-11-22 17:16:16 - [TEST_STEP][PASSED] - response_searchME_spouse = reqid_spouse: null

2022-11-22 17:16:16 - [TEST_STEP][PASSED] - println("kons req id is :" + response_searchME_kons): null

2022-11-22 17:16:16 - [TEST_STEP][PASSED] - println("spouse req id is : " + response_searchME_spouse): null

2022-11-22 17:16:16 - [TEST_STEP][PASSED] - verifyResponseStatusCode(req_data, 200): Verify response status code successfully

2022-11-22 17:16:16 - [MESSAGE][PASSED] - Verify response status code successfully

2022-11-22 17:16:16 - [TEST_STEP][PASSED] - response = req_data.getResponseText(): null

2022-11-22 17:16:16 - [TEST_STEP][PASSED] - logInfo($response): {"status":"Done","data":{"requestid1":"242461","requestid2":""}}

2022-11-22 17:16:16 - [MESSAGE][INFO] - {"status":"Done","data":{"requestid1":"242461","requestid2":""}}

2022-11-22 17:16:16 - [TEST_STEP][PASSED] - delay(3): Delayed 3 second(s)

2022-11-22 17:16:19 - [MESSAGE][PASSED] - Delayed 3 second(s)

2022-11-22 17:16:19 - [TEST_STEP][PASSED] - scoring = sendRequest(findTestObject("EngineScore", ["response_searchME_kons":response_searchME_kons, "response_searchME_spouse":response_searchME_spouse])): Send request successfully

2022-11-22 17:16:19 - [MESSAGE][INFO] - HAR: D:\DMS\Engine Scoring\Reports\20221122_171227\Exclude KKB - DS\Scoring Individu - DS\20221122_171227\requests\main\93.har

2022-11-22 17:16:19 - [MESSAGE][PASSED] - Send request successfully

2022-11-22 17:16:19 - [TEST_STEP][PASSED] - verifyResponseStatusCode(scoring, 200): Verify response status code successfully

2022-11-22 17:16:19 - [MESSAGE][PASSED] - Verify response status code successfully

2022-11-22 17:16:19 - [TEST_STEP][PASSED] - response2 = scoring.getResponseText(): null

2022-11-22 17:16:19 - [TEST_STEP][PASSED] - markPassed("result service data ke : " + no): result service data ke : 47

2022-11-22 17:16:19 - [MESSAGE][PASSED] - result service data ke : 47

2022-11-22 17:16:19 - [TEST_STEP][PASSED] - logInfo($response2): {"result_konsumen":"Reject","result_pasangan":"","Final_result":"Reject","errorMessage":"","status":"Done"}

2022-11-22 17:16:19 - [MESSAGE][INFO] - {"result_konsumen":"Reject","result_pasangan":"","Final_result":"Reject","errorMessage":"","status":"Done"}

2022-11-22 17:16:19 - [TEST_STEP][PASSED] - verifyElementPropertyValue(scoring, "Final_result", final_result): Verify element property value successfully

2022-11-22 17:16:19 - [MESSAGE][PASSED] - Verify element property value successfully]]></system-out>
         <system-err><![CDATA[]]></system-err>
      </testcase>
      <testcase name="Test Cases/Engine_Scoring/Engine Scoring" time="4.704" classname="Test Cases/Engine_Scoring/Engine Scoring" status="PASSED">
         <system-out><![CDATA[2022-11-22 17:16:19 - [TEST_CASE][PASSED] - Test Cases/Engine_Scoring/Engine Scoring: Test Cases/Engine_Scoring/Engine Scoring

2022-11-22 17:16:20 - [TEST_STEP][PASSED] - markPassed("Variasi data ke : " + no): Variasi data ke : 48

2022-11-22 17:16:20 - [MESSAGE][PASSED] - Variasi data ke : 48

2022-11-22 17:16:20 - [TEST_STEP][PASSED] - req_data = sendRequest(findTestObject("Search_ME", ["MID":MID, "source":source, "ip":ip, "userid":userid, "branch":branch, "tipekons":tipekons, "marital":marital, "penjamin":penjamin, ... ])): Send request successfully

2022-11-22 17:16:21 - [MESSAGE][INFO] - HAR: D:\DMS\Engine Scoring\Reports\20221122_171227\Exclude KKB - DS\Scoring Individu - DS\20221122_171227\requests\main\94.har

2022-11-22 17:16:21 - [MESSAGE][PASSED] - Send request successfully

2022-11-22 17:16:21 - [TEST_STEP][PASSED] - slurper = new groovy.json.JsonSlurper(): null

2022-11-22 17:16:21 - [TEST_STEP][PASSED] - result = slurper.parseText(req_data.getResponseBodyContent()): null

2022-11-22 17:16:21 - [TEST_STEP][PASSED] - reqid_kons = requestid1: null

2022-11-22 17:16:21 - [TEST_STEP][PASSED] - reqid_spouse = requestid2: null

2022-11-22 17:16:21 - [TEST_STEP][PASSED] - println("requestid kons : " + reqid_kons): null

2022-11-22 17:16:21 - [TEST_STEP][PASSED] - response_searchME_kons = reqid_kons: null

2022-11-22 17:16:21 - [TEST_STEP][PASSED] - response_searchME_spouse = reqid_spouse: null

2022-11-22 17:16:21 - [TEST_STEP][PASSED] - println("kons req id is :" + response_searchME_kons): null

2022-11-22 17:16:21 - [TEST_STEP][PASSED] - println("spouse req id is : " + response_searchME_spouse): null

2022-11-22 17:16:21 - [TEST_STEP][PASSED] - verifyResponseStatusCode(req_data, 200): Verify response status code successfully

2022-11-22 17:16:21 - [MESSAGE][PASSED] - Verify response status code successfully

2022-11-22 17:16:21 - [TEST_STEP][PASSED] - response = req_data.getResponseText(): null

2022-11-22 17:16:21 - [TEST_STEP][PASSED] - logInfo($response): {"status":"Done","data":{"requestid1":"242462","requestid2":""}}

2022-11-22 17:16:21 - [MESSAGE][INFO] - {"status":"Done","data":{"requestid1":"242462","requestid2":""}}

2022-11-22 17:16:21 - [TEST_STEP][PASSED] - delay(3): Delayed 3 second(s)

2022-11-22 17:16:24 - [MESSAGE][PASSED] - Delayed 3 second(s)

2022-11-22 17:16:24 - [TEST_STEP][PASSED] - scoring = sendRequest(findTestObject("EngineScore", ["response_searchME_kons":response_searchME_kons, "response_searchME_spouse":response_searchME_spouse])): Send request successfully

2022-11-22 17:16:24 - [MESSAGE][INFO] - HAR: D:\DMS\Engine Scoring\Reports\20221122_171227\Exclude KKB - DS\Scoring Individu - DS\20221122_171227\requests\main\95.har

2022-11-22 17:16:24 - [MESSAGE][PASSED] - Send request successfully

2022-11-22 17:16:24 - [TEST_STEP][PASSED] - verifyResponseStatusCode(scoring, 200): Verify response status code successfully

2022-11-22 17:16:24 - [MESSAGE][PASSED] - Verify response status code successfully

2022-11-22 17:16:24 - [TEST_STEP][PASSED] - response2 = scoring.getResponseText(): null

2022-11-22 17:16:24 - [TEST_STEP][PASSED] - markPassed("result service data ke : " + no): result service data ke : 48

2022-11-22 17:16:24 - [MESSAGE][PASSED] - result service data ke : 48

2022-11-22 17:16:24 - [TEST_STEP][PASSED] - logInfo($response2): {"result_konsumen":"Reject","result_pasangan":"","Final_result":"Reject","errorMessage":"","status":"Done"}

2022-11-22 17:16:24 - [MESSAGE][INFO] - {"result_konsumen":"Reject","result_pasangan":"","Final_result":"Reject","errorMessage":"","status":"Done"}

2022-11-22 17:16:24 - [TEST_STEP][PASSED] - verifyElementPropertyValue(scoring, "Final_result", final_result): Verify element property value successfully

2022-11-22 17:16:24 - [MESSAGE][PASSED] - Verify element property value successfully]]></system-out>
         <system-err><![CDATA[]]></system-err>
      </testcase>
      <testcase name="Test Cases/Engine_Scoring/Engine Scoring" time="49.612" classname="Test Cases/Engine_Scoring/Engine Scoring" status="PASSED">
         <system-out><![CDATA[2022-11-22 17:16:24 - [TEST_CASE][PASSED] - Test Cases/Engine_Scoring/Engine Scoring: Test Cases/Engine_Scoring/Engine Scoring

2022-11-22 17:17:10 - [TEST_STEP][PASSED] - markPassed("Variasi data ke : " + no): Variasi data ke : 49

2022-11-22 17:17:10 - [MESSAGE][PASSED] - Variasi data ke : 49

2022-11-22 17:17:10 - [TEST_STEP][PASSED] - req_data = sendRequest(findTestObject("Search_ME", ["MID":MID, "source":source, "ip":ip, "userid":userid, "branch":branch, "tipekons":tipekons, "marital":marital, "penjamin":penjamin, ... ])): Send request successfully

2022-11-22 17:17:11 - [MESSAGE][INFO] - HAR: D:\DMS\Engine Scoring\Reports\20221122_171227\Exclude KKB - DS\Scoring Individu - DS\20221122_171227\requests\main\96.har

2022-11-22 17:17:11 - [MESSAGE][PASSED] - Send request successfully

2022-11-22 17:17:11 - [TEST_STEP][PASSED] - slurper = new groovy.json.JsonSlurper(): null

2022-11-22 17:17:11 - [TEST_STEP][PASSED] - result = slurper.parseText(req_data.getResponseBodyContent()): null

2022-11-22 17:17:11 - [TEST_STEP][PASSED] - reqid_kons = requestid1: null

2022-11-22 17:17:11 - [TEST_STEP][PASSED] - reqid_spouse = requestid2: null

2022-11-22 17:17:11 - [TEST_STEP][PASSED] - println("requestid kons : " + reqid_kons): null

2022-11-22 17:17:11 - [TEST_STEP][PASSED] - response_searchME_kons = reqid_kons: null

2022-11-22 17:17:11 - [TEST_STEP][PASSED] - response_searchME_spouse = reqid_spouse: null

2022-11-22 17:17:11 - [TEST_STEP][PASSED] - println("kons req id is :" + response_searchME_kons): null

2022-11-22 17:17:11 - [TEST_STEP][PASSED] - println("spouse req id is : " + response_searchME_spouse): null

2022-11-22 17:17:11 - [TEST_STEP][PASSED] - verifyResponseStatusCode(req_data, 200): Verify response status code successfully

2022-11-22 17:17:11 - [MESSAGE][PASSED] - Verify response status code successfully

2022-11-22 17:17:11 - [TEST_STEP][PASSED] - response = req_data.getResponseText(): null

2022-11-22 17:17:11 - [TEST_STEP][PASSED] - logInfo($response): {"status":"Done","data":{"requestid1":"242463","requestid2":""}}

2022-11-22 17:17:11 - [MESSAGE][INFO] - {"status":"Done","data":{"requestid1":"242463","requestid2":""}}

2022-11-22 17:17:11 - [TEST_STEP][PASSED] - delay(3): Delayed 3 second(s)

2022-11-22 17:17:14 - [MESSAGE][PASSED] - Delayed 3 second(s)

2022-11-22 17:17:14 - [TEST_STEP][PASSED] - scoring = sendRequest(findTestObject("EngineScore", ["response_searchME_kons":response_searchME_kons, "response_searchME_spouse":response_searchME_spouse])): Send request successfully

2022-11-22 17:17:14 - [MESSAGE][INFO] - HAR: D:\DMS\Engine Scoring\Reports\20221122_171227\Exclude KKB - DS\Scoring Individu - DS\20221122_171227\requests\main\97.har

2022-11-22 17:17:14 - [MESSAGE][PASSED] - Send request successfully

2022-11-22 17:17:14 - [TEST_STEP][PASSED] - verifyResponseStatusCode(scoring, 200): Verify response status code successfully

2022-11-22 17:17:14 - [MESSAGE][PASSED] - Verify response status code successfully

2022-11-22 17:17:14 - [TEST_STEP][PASSED] - response2 = scoring.getResponseText(): null

2022-11-22 17:17:14 - [TEST_STEP][PASSED] - markPassed("result service data ke : " + no): result service data ke : 49

2022-11-22 17:17:14 - [MESSAGE][PASSED] - result service data ke : 49

2022-11-22 17:17:14 - [TEST_STEP][PASSED] - logInfo($response2): {"result_konsumen":"Approve","result_pasangan":"","Final_result":"Approve","errorMessage":"","status":"Done"}

2022-11-22 17:17:14 - [MESSAGE][INFO] - {"result_konsumen":"Approve","result_pasangan":"","Final_result":"Approve","errorMessage":"","status":"Done"}

2022-11-22 17:17:14 - [TEST_STEP][PASSED] - verifyElementPropertyValue(scoring, "Final_result", final_result): Verify element property value successfully

2022-11-22 17:17:14 - [MESSAGE][PASSED] - Verify element property value successfully]]></system-out>
         <system-err><![CDATA[]]></system-err>
      </testcase>
      <testcase name="Test Cases/Engine_Scoring/Engine Scoring" time="5.196" classname="Test Cases/Engine_Scoring/Engine Scoring" status="PASSED">
         <system-out><![CDATA[2022-11-22 17:17:14 - [TEST_CASE][PASSED] - Test Cases/Engine_Scoring/Engine Scoring: Test Cases/Engine_Scoring/Engine Scoring

2022-11-22 17:17:14 - [TEST_STEP][PASSED] - markPassed("Variasi data ke : " + no): Variasi data ke : 50

2022-11-22 17:17:14 - [MESSAGE][PASSED] - Variasi data ke : 50

2022-11-22 17:17:14 - [TEST_STEP][PASSED] - req_data = sendRequest(findTestObject("Search_ME", ["MID":MID, "source":source, "ip":ip, "userid":userid, "branch":branch, "tipekons":tipekons, "marital":marital, "penjamin":penjamin, ... ])): Send request successfully

2022-11-22 17:17:15 - [MESSAGE][INFO] - HAR: D:\DMS\Engine Scoring\Reports\20221122_171227\Exclude KKB - DS\Scoring Individu - DS\20221122_171227\requests\main\98.har

2022-11-22 17:17:15 - [MESSAGE][PASSED] - Send request successfully

2022-11-22 17:17:15 - [TEST_STEP][PASSED] - slurper = new groovy.json.JsonSlurper(): null

2022-11-22 17:17:15 - [TEST_STEP][PASSED] - result = slurper.parseText(req_data.getResponseBodyContent()): null

2022-11-22 17:17:15 - [TEST_STEP][PASSED] - reqid_kons = requestid1: null

2022-11-22 17:17:15 - [TEST_STEP][PASSED] - reqid_spouse = requestid2: null

2022-11-22 17:17:15 - [TEST_STEP][PASSED] - println("requestid kons : " + reqid_kons): null

2022-11-22 17:17:15 - [TEST_STEP][PASSED] - response_searchME_kons = reqid_kons: null

2022-11-22 17:17:15 - [TEST_STEP][PASSED] - response_searchME_spouse = reqid_spouse: null

2022-11-22 17:17:15 - [TEST_STEP][PASSED] - println("kons req id is :" + response_searchME_kons): null

2022-11-22 17:17:15 - [TEST_STEP][PASSED] - println("spouse req id is : " + response_searchME_spouse): null

2022-11-22 17:17:15 - [TEST_STEP][PASSED] - verifyResponseStatusCode(req_data, 200): Verify response status code successfully

2022-11-22 17:17:15 - [MESSAGE][PASSED] - Verify response status code successfully

2022-11-22 17:17:15 - [TEST_STEP][PASSED] - response = req_data.getResponseText(): null

2022-11-22 17:17:15 - [TEST_STEP][PASSED] - logInfo($response): {"status":"Done","data":{"requestid1":"242464","requestid2":""}}

2022-11-22 17:17:15 - [MESSAGE][INFO] - {"status":"Done","data":{"requestid1":"242464","requestid2":""}}

2022-11-22 17:17:15 - [TEST_STEP][PASSED] - delay(3): Delayed 3 second(s)

2022-11-22 17:17:18 - [MESSAGE][PASSED] - Delayed 3 second(s)

2022-11-22 17:17:18 - [TEST_STEP][PASSED] - scoring = sendRequest(findTestObject("EngineScore", ["response_searchME_kons":response_searchME_kons, "response_searchME_spouse":response_searchME_spouse])): Send request successfully

2022-11-22 17:17:19 - [MESSAGE][INFO] - HAR: D:\DMS\Engine Scoring\Reports\20221122_171227\Exclude KKB - DS\Scoring Individu - DS\20221122_171227\requests\main\99.har

2022-11-22 17:17:19 - [MESSAGE][PASSED] - Send request successfully

2022-11-22 17:17:19 - [TEST_STEP][PASSED] - verifyResponseStatusCode(scoring, 200): Verify response status code successfully

2022-11-22 17:17:19 - [MESSAGE][PASSED] - Verify response status code successfully

2022-11-22 17:17:19 - [TEST_STEP][PASSED] - response2 = scoring.getResponseText(): null

2022-11-22 17:17:19 - [TEST_STEP][PASSED] - markPassed("result service data ke : " + no): result service data ke : 50

2022-11-22 17:17:19 - [MESSAGE][PASSED] - result service data ke : 50

2022-11-22 17:17:19 - [TEST_STEP][PASSED] - logInfo($response2): {"result_konsumen":"Approve","result_pasangan":"","Final_result":"Approve","errorMessage":"","status":"Done"}

2022-11-22 17:17:19 - [MESSAGE][INFO] - {"result_konsumen":"Approve","result_pasangan":"","Final_result":"Approve","errorMessage":"","status":"Done"}

2022-11-22 17:17:19 - [TEST_STEP][PASSED] - verifyElementPropertyValue(scoring, "Final_result", final_result): Verify element property value successfully

2022-11-22 17:17:19 - [MESSAGE][PASSED] - Verify element property value successfully]]></system-out>
         <system-err><![CDATA[]]></system-err>
      </testcase>
      <testcase name="Test Cases/Engine_Scoring/Engine Scoring" time="4.761" classname="Test Cases/Engine_Scoring/Engine Scoring" status="PASSED">
         <system-out><![CDATA[2022-11-22 17:17:19 - [TEST_CASE][PASSED] - Test Cases/Engine_Scoring/Engine Scoring: Test Cases/Engine_Scoring/Engine Scoring

2022-11-22 17:17:20 - [TEST_STEP][PASSED] - markPassed("Variasi data ke : " + no): Variasi data ke : 51

2022-11-22 17:17:20 - [MESSAGE][PASSED] - Variasi data ke : 51

2022-11-22 17:17:20 - [TEST_STEP][PASSED] - req_data = sendRequest(findTestObject("Search_ME", ["MID":MID, "source":source, "ip":ip, "userid":userid, "branch":branch, "tipekons":tipekons, "marital":marital, "penjamin":penjamin, ... ])): Send request successfully

2022-11-22 17:17:21 - [MESSAGE][INFO] - HAR: D:\DMS\Engine Scoring\Reports\20221122_171227\Exclude KKB - DS\Scoring Individu - DS\20221122_171227\requests\main\100.har

2022-11-22 17:17:21 - [MESSAGE][PASSED] - Send request successfully

2022-11-22 17:17:21 - [TEST_STEP][PASSED] - slurper = new groovy.json.JsonSlurper(): null

2022-11-22 17:17:21 - [TEST_STEP][PASSED] - result = slurper.parseText(req_data.getResponseBodyContent()): null

2022-11-22 17:17:21 - [TEST_STEP][PASSED] - reqid_kons = requestid1: null

2022-11-22 17:17:21 - [TEST_STEP][PASSED] - reqid_spouse = requestid2: null

2022-11-22 17:17:21 - [TEST_STEP][PASSED] - println("requestid kons : " + reqid_kons): null

2022-11-22 17:17:21 - [TEST_STEP][PASSED] - response_searchME_kons = reqid_kons: null

2022-11-22 17:17:21 - [TEST_STEP][PASSED] - response_searchME_spouse = reqid_spouse: null

2022-11-22 17:17:21 - [TEST_STEP][PASSED] - println("kons req id is :" + response_searchME_kons): null

2022-11-22 17:17:21 - [TEST_STEP][PASSED] - println("spouse req id is : " + response_searchME_spouse): null

2022-11-22 17:17:21 - [TEST_STEP][PASSED] - verifyResponseStatusCode(req_data, 200): Verify response status code successfully

2022-11-22 17:17:21 - [MESSAGE][PASSED] - Verify response status code successfully

2022-11-22 17:17:21 - [TEST_STEP][PASSED] - response = req_data.getResponseText(): null

2022-11-22 17:17:21 - [TEST_STEP][PASSED] - logInfo($response): {"status":"Done","data":{"requestid1":"242465","requestid2":""}}

2022-11-22 17:17:21 - [MESSAGE][INFO] - {"status":"Done","data":{"requestid1":"242465","requestid2":""}}

2022-11-22 17:17:21 - [TEST_STEP][PASSED] - delay(3): Delayed 3 second(s)

2022-11-22 17:17:24 - [MESSAGE][PASSED] - Delayed 3 second(s)

2022-11-22 17:17:24 - [TEST_STEP][PASSED] - scoring = sendRequest(findTestObject("EngineScore", ["response_searchME_kons":response_searchME_kons, "response_searchME_spouse":response_searchME_spouse])): Send request successfully

2022-11-22 17:17:24 - [MESSAGE][INFO] - HAR: D:\DMS\Engine Scoring\Reports\20221122_171227\Exclude KKB - DS\Scoring Individu - DS\20221122_171227\requests\main\101.har

2022-11-22 17:17:24 - [MESSAGE][PASSED] - Send request successfully

2022-11-22 17:17:24 - [TEST_STEP][PASSED] - verifyResponseStatusCode(scoring, 200): Verify response status code successfully

2022-11-22 17:17:24 - [MESSAGE][PASSED] - Verify response status code successfully

2022-11-22 17:17:24 - [TEST_STEP][PASSED] - response2 = scoring.getResponseText(): null

2022-11-22 17:17:24 - [TEST_STEP][PASSED] - markPassed("result service data ke : " + no): result service data ke : 51

2022-11-22 17:17:24 - [MESSAGE][PASSED] - result service data ke : 51

2022-11-22 17:17:24 - [TEST_STEP][PASSED] - logInfo($response2): {"result_konsumen":"Approve","result_pasangan":"","Final_result":"Approve","errorMessage":"","status":"Done"}

2022-11-22 17:17:24 - [MESSAGE][INFO] - {"result_konsumen":"Approve","result_pasangan":"","Final_result":"Approve","errorMessage":"","status":"Done"}

2022-11-22 17:17:24 - [TEST_STEP][PASSED] - verifyElementPropertyValue(scoring, "Final_result", final_result): Verify element property value successfully

2022-11-22 17:17:24 - [MESSAGE][PASSED] - Verify element property value successfully]]></system-out>
         <system-err><![CDATA[]]></system-err>
      </testcase>
      <testcase name="Test Cases/Engine_Scoring/Engine Scoring" time="4.713" classname="Test Cases/Engine_Scoring/Engine Scoring" status="PASSED">
         <system-out><![CDATA[2022-11-22 17:17:24 - [TEST_CASE][PASSED] - Test Cases/Engine_Scoring/Engine Scoring: Test Cases/Engine_Scoring/Engine Scoring

2022-11-22 17:17:25 - [TEST_STEP][PASSED] - markPassed("Variasi data ke : " + no): Variasi data ke : 52

2022-11-22 17:17:25 - [MESSAGE][PASSED] - Variasi data ke : 52

2022-11-22 17:17:25 - [TEST_STEP][PASSED] - req_data = sendRequest(findTestObject("Search_ME", ["MID":MID, "source":source, "ip":ip, "userid":userid, "branch":branch, "tipekons":tipekons, "marital":marital, "penjamin":penjamin, ... ])): Send request successfully

2022-11-22 17:17:25 - [MESSAGE][INFO] - HAR: D:\DMS\Engine Scoring\Reports\20221122_171227\Exclude KKB - DS\Scoring Individu - DS\20221122_171227\requests\main\102.har

2022-11-22 17:17:25 - [MESSAGE][PASSED] - Send request successfully

2022-11-22 17:17:25 - [TEST_STEP][PASSED] - slurper = new groovy.json.JsonSlurper(): null

2022-11-22 17:17:25 - [TEST_STEP][PASSED] - result = slurper.parseText(req_data.getResponseBodyContent()): null

2022-11-22 17:17:25 - [TEST_STEP][PASSED] - reqid_kons = requestid1: null

2022-11-22 17:17:25 - [TEST_STEP][PASSED] - reqid_spouse = requestid2: null

2022-11-22 17:17:25 - [TEST_STEP][PASSED] - println("requestid kons : " + reqid_kons): null

2022-11-22 17:17:25 - [TEST_STEP][PASSED] - response_searchME_kons = reqid_kons: null

2022-11-22 17:17:25 - [TEST_STEP][PASSED] - response_searchME_spouse = reqid_spouse: null

2022-11-22 17:17:25 - [TEST_STEP][PASSED] - println("kons req id is :" + response_searchME_kons): null

2022-11-22 17:17:25 - [TEST_STEP][PASSED] - println("spouse req id is : " + response_searchME_spouse): null

2022-11-22 17:17:25 - [TEST_STEP][PASSED] - verifyResponseStatusCode(req_data, 200): Verify response status code successfully

2022-11-22 17:17:25 - [MESSAGE][PASSED] - Verify response status code successfully

2022-11-22 17:17:25 - [TEST_STEP][PASSED] - response = req_data.getResponseText(): null

2022-11-22 17:17:25 - [TEST_STEP][PASSED] - logInfo($response): {"status":"Done","data":{"requestid1":"242466","requestid2":""}}

2022-11-22 17:17:25 - [MESSAGE][INFO] - {"status":"Done","data":{"requestid1":"242466","requestid2":""}}

2022-11-22 17:17:25 - [TEST_STEP][PASSED] - delay(3): Delayed 3 second(s)

2022-11-22 17:17:28 - [MESSAGE][PASSED] - Delayed 3 second(s)

2022-11-22 17:17:28 - [TEST_STEP][PASSED] - scoring = sendRequest(findTestObject("EngineScore", ["response_searchME_kons":response_searchME_kons, "response_searchME_spouse":response_searchME_spouse])): Send request successfully

2022-11-22 17:17:28 - [MESSAGE][INFO] - HAR: D:\DMS\Engine Scoring\Reports\20221122_171227\Exclude KKB - DS\Scoring Individu - DS\20221122_171227\requests\main\103.har

2022-11-22 17:17:28 - [MESSAGE][PASSED] - Send request successfully

2022-11-22 17:17:28 - [TEST_STEP][PASSED] - verifyResponseStatusCode(scoring, 200): Verify response status code successfully

2022-11-22 17:17:28 - [MESSAGE][PASSED] - Verify response status code successfully

2022-11-22 17:17:28 - [TEST_STEP][PASSED] - response2 = scoring.getResponseText(): null

2022-11-22 17:17:28 - [TEST_STEP][PASSED] - markPassed("result service data ke : " + no): result service data ke : 52

2022-11-22 17:17:28 - [MESSAGE][PASSED] - result service data ke : 52

2022-11-22 17:17:28 - [TEST_STEP][PASSED] - logInfo($response2): {"result_konsumen":"Approve","result_pasangan":"","Final_result":"Approve","errorMessage":"","status":"Done"}

2022-11-22 17:17:28 - [MESSAGE][INFO] - {"result_konsumen":"Approve","result_pasangan":"","Final_result":"Approve","errorMessage":"","status":"Done"}

2022-11-22 17:17:28 - [TEST_STEP][PASSED] - verifyElementPropertyValue(scoring, "Final_result", final_result): Verify element property value successfully

2022-11-22 17:17:28 - [MESSAGE][PASSED] - Verify element property value successfully]]></system-out>
         <system-err><![CDATA[]]></system-err>
      </testcase>
      <testcase name="Test Cases/Engine_Scoring/Engine Scoring" time="4.6" classname="Test Cases/Engine_Scoring/Engine Scoring" status="PASSED">
         <system-out><![CDATA[2022-11-22 17:17:29 - [TEST_CASE][PASSED] - Test Cases/Engine_Scoring/Engine Scoring: Test Cases/Engine_Scoring/Engine Scoring

2022-11-22 17:17:29 - [TEST_STEP][PASSED] - markPassed("Variasi data ke : " + no): Variasi data ke : 53

2022-11-22 17:17:29 - [MESSAGE][PASSED] - Variasi data ke : 53

2022-11-22 17:17:29 - [TEST_STEP][PASSED] - req_data = sendRequest(findTestObject("Search_ME", ["MID":MID, "source":source, "ip":ip, "userid":userid, "branch":branch, "tipekons":tipekons, "marital":marital, "penjamin":penjamin, ... ])): Send request successfully

2022-11-22 17:17:30 - [MESSAGE][INFO] - HAR: D:\DMS\Engine Scoring\Reports\20221122_171227\Exclude KKB - DS\Scoring Individu - DS\20221122_171227\requests\main\104.har

2022-11-22 17:17:30 - [MESSAGE][PASSED] - Send request successfully

2022-11-22 17:17:30 - [TEST_STEP][PASSED] - slurper = new groovy.json.JsonSlurper(): null

2022-11-22 17:17:30 - [TEST_STEP][PASSED] - result = slurper.parseText(req_data.getResponseBodyContent()): null

2022-11-22 17:17:30 - [TEST_STEP][PASSED] - reqid_kons = requestid1: null

2022-11-22 17:17:30 - [TEST_STEP][PASSED] - reqid_spouse = requestid2: null

2022-11-22 17:17:30 - [TEST_STEP][PASSED] - println("requestid kons : " + reqid_kons): null

2022-11-22 17:17:30 - [TEST_STEP][PASSED] - response_searchME_kons = reqid_kons: null

2022-11-22 17:17:30 - [TEST_STEP][PASSED] - response_searchME_spouse = reqid_spouse: null

2022-11-22 17:17:30 - [TEST_STEP][PASSED] - println("kons req id is :" + response_searchME_kons): null

2022-11-22 17:17:30 - [TEST_STEP][PASSED] - println("spouse req id is : " + response_searchME_spouse): null

2022-11-22 17:17:30 - [TEST_STEP][PASSED] - verifyResponseStatusCode(req_data, 200): Verify response status code successfully

2022-11-22 17:17:30 - [MESSAGE][PASSED] - Verify response status code successfully

2022-11-22 17:17:30 - [TEST_STEP][PASSED] - response = req_data.getResponseText(): null

2022-11-22 17:17:30 - [TEST_STEP][PASSED] - logInfo($response): {"status":"Done","data":{"requestid1":"242467","requestid2":""}}

2022-11-22 17:17:30 - [MESSAGE][INFO] - {"status":"Done","data":{"requestid1":"242467","requestid2":""}}

2022-11-22 17:17:30 - [TEST_STEP][PASSED] - delay(3): Delayed 3 second(s)

2022-11-22 17:17:33 - [MESSAGE][PASSED] - Delayed 3 second(s)

2022-11-22 17:17:33 - [TEST_STEP][PASSED] - scoring = sendRequest(findTestObject("EngineScore", ["response_searchME_kons":response_searchME_kons, "response_searchME_spouse":response_searchME_spouse])): Send request successfully

2022-11-22 17:17:33 - [MESSAGE][INFO] - HAR: D:\DMS\Engine Scoring\Reports\20221122_171227\Exclude KKB - DS\Scoring Individu - DS\20221122_171227\requests\main\105.har

2022-11-22 17:17:33 - [MESSAGE][PASSED] - Send request successfully

2022-11-22 17:17:33 - [TEST_STEP][PASSED] - verifyResponseStatusCode(scoring, 200): Verify response status code successfully

2022-11-22 17:17:33 - [MESSAGE][PASSED] - Verify response status code successfully

2022-11-22 17:17:33 - [TEST_STEP][PASSED] - response2 = scoring.getResponseText(): null

2022-11-22 17:17:33 - [TEST_STEP][PASSED] - markPassed("result service data ke : " + no): result service data ke : 53

2022-11-22 17:17:33 - [MESSAGE][PASSED] - result service data ke : 53

2022-11-22 17:17:33 - [TEST_STEP][PASSED] - logInfo($response2): {"result_konsumen":"Reject","result_pasangan":"","Final_result":"Reject","errorMessage":"","status":"Done"}

2022-11-22 17:17:33 - [MESSAGE][INFO] - {"result_konsumen":"Reject","result_pasangan":"","Final_result":"Reject","errorMessage":"","status":"Done"}

2022-11-22 17:17:33 - [TEST_STEP][PASSED] - verifyElementPropertyValue(scoring, "Final_result", final_result): Verify element property value successfully

2022-11-22 17:17:33 - [MESSAGE][PASSED] - Verify element property value successfully]]></system-out>
         <system-err><![CDATA[]]></system-err>
      </testcase>
      <testcase name="Test Cases/Engine_Scoring/Engine Scoring" time="4.732" classname="Test Cases/Engine_Scoring/Engine Scoring" status="PASSED">
         <system-out><![CDATA[2022-11-22 17:17:33 - [TEST_CASE][PASSED] - Test Cases/Engine_Scoring/Engine Scoring: Test Cases/Engine_Scoring/Engine Scoring

2022-11-22 17:17:34 - [TEST_STEP][PASSED] - markPassed("Variasi data ke : " + no): Variasi data ke : 54

2022-11-22 17:17:34 - [MESSAGE][PASSED] - Variasi data ke : 54

2022-11-22 17:17:34 - [TEST_STEP][PASSED] - req_data = sendRequest(findTestObject("Search_ME", ["MID":MID, "source":source, "ip":ip, "userid":userid, "branch":branch, "tipekons":tipekons, "marital":marital, "penjamin":penjamin, ... ])): Send request successfully

2022-11-22 17:17:35 - [MESSAGE][INFO] - HAR: D:\DMS\Engine Scoring\Reports\20221122_171227\Exclude KKB - DS\Scoring Individu - DS\20221122_171227\requests\main\106.har

2022-11-22 17:17:35 - [MESSAGE][PASSED] - Send request successfully

2022-11-22 17:17:35 - [TEST_STEP][PASSED] - slurper = new groovy.json.JsonSlurper(): null

2022-11-22 17:17:35 - [TEST_STEP][PASSED] - result = slurper.parseText(req_data.getResponseBodyContent()): null

2022-11-22 17:17:35 - [TEST_STEP][PASSED] - reqid_kons = requestid1: null

2022-11-22 17:17:35 - [TEST_STEP][PASSED] - reqid_spouse = requestid2: null

2022-11-22 17:17:35 - [TEST_STEP][PASSED] - println("requestid kons : " + reqid_kons): null

2022-11-22 17:17:35 - [TEST_STEP][PASSED] - response_searchME_kons = reqid_kons: null

2022-11-22 17:17:35 - [TEST_STEP][PASSED] - response_searchME_spouse = reqid_spouse: null

2022-11-22 17:17:35 - [TEST_STEP][PASSED] - println("kons req id is :" + response_searchME_kons): null

2022-11-22 17:17:35 - [TEST_STEP][PASSED] - println("spouse req id is : " + response_searchME_spouse): null

2022-11-22 17:17:35 - [TEST_STEP][PASSED] - verifyResponseStatusCode(req_data, 200): Verify response status code successfully

2022-11-22 17:17:35 - [MESSAGE][PASSED] - Verify response status code successfully

2022-11-22 17:17:35 - [TEST_STEP][PASSED] - response = req_data.getResponseText(): null

2022-11-22 17:17:35 - [TEST_STEP][PASSED] - logInfo($response): {"status":"Done","data":{"requestid1":"242468","requestid2":""}}

2022-11-22 17:17:35 - [MESSAGE][INFO] - {"status":"Done","data":{"requestid1":"242468","requestid2":""}}

2022-11-22 17:17:35 - [TEST_STEP][PASSED] - delay(3): Delayed 3 second(s)

2022-11-22 17:17:38 - [MESSAGE][PASSED] - Delayed 3 second(s)

2022-11-22 17:17:38 - [TEST_STEP][PASSED] - scoring = sendRequest(findTestObject("EngineScore", ["response_searchME_kons":response_searchME_kons, "response_searchME_spouse":response_searchME_spouse])): Send request successfully

2022-11-22 17:17:38 - [MESSAGE][INFO] - HAR: D:\DMS\Engine Scoring\Reports\20221122_171227\Exclude KKB - DS\Scoring Individu - DS\20221122_171227\requests\main\107.har

2022-11-22 17:17:38 - [MESSAGE][PASSED] - Send request successfully

2022-11-22 17:17:38 - [TEST_STEP][PASSED] - verifyResponseStatusCode(scoring, 200): Verify response status code successfully

2022-11-22 17:17:38 - [MESSAGE][PASSED] - Verify response status code successfully

2022-11-22 17:17:38 - [TEST_STEP][PASSED] - response2 = scoring.getResponseText(): null

2022-11-22 17:17:38 - [TEST_STEP][PASSED] - markPassed("result service data ke : " + no): result service data ke : 54

2022-11-22 17:17:38 - [MESSAGE][PASSED] - result service data ke : 54

2022-11-22 17:17:38 - [TEST_STEP][PASSED] - logInfo($response2): {"result_konsumen":"Reject","result_pasangan":"","Final_result":"Reject","errorMessage":"","status":"Done"}

2022-11-22 17:17:38 - [MESSAGE][INFO] - {"result_konsumen":"Reject","result_pasangan":"","Final_result":"Reject","errorMessage":"","status":"Done"}

2022-11-22 17:17:38 - [TEST_STEP][PASSED] - verifyElementPropertyValue(scoring, "Final_result", final_result): Verify element property value successfully

2022-11-22 17:17:38 - [MESSAGE][PASSED] - Verify element property value successfully]]></system-out>
         <system-err><![CDATA[]]></system-err>
      </testcase>
      <testcase name="Test Cases/Engine_Scoring/Engine Scoring" time="4.604" classname="Test Cases/Engine_Scoring/Engine Scoring" status="PASSED">
         <system-out><![CDATA[2022-11-22 17:17:38 - [TEST_CASE][PASSED] - Test Cases/Engine_Scoring/Engine Scoring: Test Cases/Engine_Scoring/Engine Scoring

2022-11-22 17:17:39 - [TEST_STEP][PASSED] - markPassed("Variasi data ke : " + no): Variasi data ke : 55

2022-11-22 17:17:39 - [MESSAGE][PASSED] - Variasi data ke : 55

2022-11-22 17:17:39 - [TEST_STEP][PASSED] - req_data = sendRequest(findTestObject("Search_ME", ["MID":MID, "source":source, "ip":ip, "userid":userid, "branch":branch, "tipekons":tipekons, "marital":marital, "penjamin":penjamin, ... ])): Send request successfully

2022-11-22 17:17:39 - [MESSAGE][INFO] - HAR: D:\DMS\Engine Scoring\Reports\20221122_171227\Exclude KKB - DS\Scoring Individu - DS\20221122_171227\requests\main\108.har

2022-11-22 17:17:39 - [MESSAGE][PASSED] - Send request successfully

2022-11-22 17:17:39 - [TEST_STEP][PASSED] - slurper = new groovy.json.JsonSlurper(): null

2022-11-22 17:17:39 - [TEST_STEP][PASSED] - result = slurper.parseText(req_data.getResponseBodyContent()): null

2022-11-22 17:17:39 - [TEST_STEP][PASSED] - reqid_kons = requestid1: null

2022-11-22 17:17:39 - [TEST_STEP][PASSED] - reqid_spouse = requestid2: null

2022-11-22 17:17:39 - [TEST_STEP][PASSED] - println("requestid kons : " + reqid_kons): null

2022-11-22 17:17:39 - [TEST_STEP][PASSED] - response_searchME_kons = reqid_kons: null

2022-11-22 17:17:39 - [TEST_STEP][PASSED] - response_searchME_spouse = reqid_spouse: null

2022-11-22 17:17:39 - [TEST_STEP][PASSED] - println("kons req id is :" + response_searchME_kons): null

2022-11-22 17:17:39 - [TEST_STEP][PASSED] - println("spouse req id is : " + response_searchME_spouse): null

2022-11-22 17:17:39 - [TEST_STEP][PASSED] - verifyResponseStatusCode(req_data, 200): Verify response status code successfully

2022-11-22 17:17:39 - [MESSAGE][PASSED] - Verify response status code successfully

2022-11-22 17:17:39 - [TEST_STEP][PASSED] - response = req_data.getResponseText(): null

2022-11-22 17:17:39 - [TEST_STEP][PASSED] - logInfo($response): {"status":"Done","data":{"requestid1":"242469","requestid2":""}}

2022-11-22 17:17:39 - [MESSAGE][INFO] - {"status":"Done","data":{"requestid1":"242469","requestid2":""}}

2022-11-22 17:17:39 - [TEST_STEP][PASSED] - delay(3): Delayed 3 second(s)

2022-11-22 17:17:42 - [MESSAGE][PASSED] - Delayed 3 second(s)

2022-11-22 17:17:42 - [TEST_STEP][PASSED] - scoring = sendRequest(findTestObject("EngineScore", ["response_searchME_kons":response_searchME_kons, "response_searchME_spouse":response_searchME_spouse])): Send request successfully

2022-11-22 17:17:43 - [MESSAGE][INFO] - HAR: D:\DMS\Engine Scoring\Reports\20221122_171227\Exclude KKB - DS\Scoring Individu - DS\20221122_171227\requests\main\109.har

2022-11-22 17:17:43 - [MESSAGE][PASSED] - Send request successfully

2022-11-22 17:17:43 - [TEST_STEP][PASSED] - verifyResponseStatusCode(scoring, 200): Verify response status code successfully

2022-11-22 17:17:43 - [MESSAGE][PASSED] - Verify response status code successfully

2022-11-22 17:17:43 - [TEST_STEP][PASSED] - response2 = scoring.getResponseText(): null

2022-11-22 17:17:43 - [TEST_STEP][PASSED] - markPassed("result service data ke : " + no): result service data ke : 55

2022-11-22 17:17:43 - [MESSAGE][PASSED] - result service data ke : 55

2022-11-22 17:17:43 - [TEST_STEP][PASSED] - logInfo($response2): {"result_konsumen":"Reguler","result_pasangan":"","Final_result":"Reguler","errorMessage":"","status":"Done"}

2022-11-22 17:17:43 - [MESSAGE][INFO] - {"result_konsumen":"Reguler","result_pasangan":"","Final_result":"Reguler","errorMessage":"","status":"Done"}

2022-11-22 17:17:43 - [TEST_STEP][PASSED] - verifyElementPropertyValue(scoring, "Final_result", final_result): Verify element property value successfully

2022-11-22 17:17:43 - [MESSAGE][PASSED] - Verify element property value successfully]]></system-out>
         <system-err><![CDATA[]]></system-err>
      </testcase>
      <testcase name="Test Cases/Engine_Scoring/Engine Scoring" time="4.798" classname="Test Cases/Engine_Scoring/Engine Scoring" status="PASSED">
         <system-out><![CDATA[2022-11-22 17:17:43 - [TEST_CASE][PASSED] - Test Cases/Engine_Scoring/Engine Scoring: Test Cases/Engine_Scoring/Engine Scoring

2022-11-22 17:17:44 - [TEST_STEP][PASSED] - markPassed("Variasi data ke : " + no): Variasi data ke : 56

2022-11-22 17:17:44 - [MESSAGE][PASSED] - Variasi data ke : 56

2022-11-22 17:17:44 - [TEST_STEP][PASSED] - req_data = sendRequest(findTestObject("Search_ME", ["MID":MID, "source":source, "ip":ip, "userid":userid, "branch":branch, "tipekons":tipekons, "marital":marital, "penjamin":penjamin, ... ])): Send request successfully

2022-11-22 17:17:44 - [MESSAGE][INFO] - HAR: D:\DMS\Engine Scoring\Reports\20221122_171227\Exclude KKB - DS\Scoring Individu - DS\20221122_171227\requests\main\110.har

2022-11-22 17:17:44 - [MESSAGE][PASSED] - Send request successfully

2022-11-22 17:17:44 - [TEST_STEP][PASSED] - slurper = new groovy.json.JsonSlurper(): null

2022-11-22 17:17:44 - [TEST_STEP][PASSED] - result = slurper.parseText(req_data.getResponseBodyContent()): null

2022-11-22 17:17:44 - [TEST_STEP][PASSED] - reqid_kons = requestid1: null

2022-11-22 17:17:44 - [TEST_STEP][PASSED] - reqid_spouse = requestid2: null

2022-11-22 17:17:44 - [TEST_STEP][PASSED] - println("requestid kons : " + reqid_kons): null

2022-11-22 17:17:44 - [TEST_STEP][PASSED] - response_searchME_kons = reqid_kons: null

2022-11-22 17:17:44 - [TEST_STEP][PASSED] - response_searchME_spouse = reqid_spouse: null

2022-11-22 17:17:44 - [TEST_STEP][PASSED] - println("kons req id is :" + response_searchME_kons): null

2022-11-22 17:17:44 - [TEST_STEP][PASSED] - println("spouse req id is : " + response_searchME_spouse): null

2022-11-22 17:17:44 - [TEST_STEP][PASSED] - verifyResponseStatusCode(req_data, 200): Verify response status code successfully

2022-11-22 17:17:44 - [MESSAGE][PASSED] - Verify response status code successfully

2022-11-22 17:17:44 - [TEST_STEP][PASSED] - response = req_data.getResponseText(): null

2022-11-22 17:17:44 - [TEST_STEP][PASSED] - logInfo($response): {"status":"Done","data":{"requestid1":"242470","requestid2":""}}

2022-11-22 17:17:44 - [MESSAGE][INFO] - {"status":"Done","data":{"requestid1":"242470","requestid2":""}}

2022-11-22 17:17:44 - [TEST_STEP][PASSED] - delay(3): Delayed 3 second(s)

2022-11-22 17:17:47 - [MESSAGE][PASSED] - Delayed 3 second(s)

2022-11-22 17:17:47 - [TEST_STEP][PASSED] - scoring = sendRequest(findTestObject("EngineScore", ["response_searchME_kons":response_searchME_kons, "response_searchME_spouse":response_searchME_spouse])): Send request successfully

2022-11-22 17:17:47 - [MESSAGE][INFO] - HAR: D:\DMS\Engine Scoring\Reports\20221122_171227\Exclude KKB - DS\Scoring Individu - DS\20221122_171227\requests\main\111.har

2022-11-22 17:17:47 - [MESSAGE][PASSED] - Send request successfully

2022-11-22 17:17:47 - [TEST_STEP][PASSED] - verifyResponseStatusCode(scoring, 200): Verify response status code successfully

2022-11-22 17:17:47 - [MESSAGE][PASSED] - Verify response status code successfully

2022-11-22 17:17:47 - [TEST_STEP][PASSED] - response2 = scoring.getResponseText(): null

2022-11-22 17:17:47 - [TEST_STEP][PASSED] - markPassed("result service data ke : " + no): result service data ke : 56

2022-11-22 17:17:47 - [MESSAGE][PASSED] - result service data ke : 56

2022-11-22 17:17:47 - [TEST_STEP][PASSED] - logInfo($response2): {"result_konsumen":"Reguler","result_pasangan":"","Final_result":"Reguler","errorMessage":"","status":"Done"}

2022-11-22 17:17:47 - [MESSAGE][INFO] - {"result_konsumen":"Reguler","result_pasangan":"","Final_result":"Reguler","errorMessage":"","status":"Done"}

2022-11-22 17:17:47 - [TEST_STEP][PASSED] - verifyElementPropertyValue(scoring, "Final_result", final_result): Verify element property value successfully

2022-11-22 17:17:47 - [MESSAGE][PASSED] - Verify element property value successfully]]></system-out>
         <system-err><![CDATA[]]></system-err>
      </testcase>
      <testcase name="Test Cases/Engine_Scoring/Engine Scoring" time="4.816" classname="Test Cases/Engine_Scoring/Engine Scoring" status="PASSED">
         <system-out><![CDATA[2022-11-22 17:17:47 - [TEST_CASE][PASSED] - Test Cases/Engine_Scoring/Engine Scoring: Test Cases/Engine_Scoring/Engine Scoring

2022-11-22 17:17:48 - [TEST_STEP][PASSED] - markPassed("Variasi data ke : " + no): Variasi data ke : 57

2022-11-22 17:17:48 - [MESSAGE][PASSED] - Variasi data ke : 57

2022-11-22 17:17:48 - [TEST_STEP][PASSED] - req_data = sendRequest(findTestObject("Search_ME", ["MID":MID, "source":source, "ip":ip, "userid":userid, "branch":branch, "tipekons":tipekons, "marital":marital, "penjamin":penjamin, ... ])): Send request successfully

2022-11-22 17:17:49 - [MESSAGE][INFO] - HAR: D:\DMS\Engine Scoring\Reports\20221122_171227\Exclude KKB - DS\Scoring Individu - DS\20221122_171227\requests\main\112.har

2022-11-22 17:17:49 - [MESSAGE][PASSED] - Send request successfully

2022-11-22 17:17:49 - [TEST_STEP][PASSED] - slurper = new groovy.json.JsonSlurper(): null

2022-11-22 17:17:49 - [TEST_STEP][PASSED] - result = slurper.parseText(req_data.getResponseBodyContent()): null

2022-11-22 17:17:49 - [TEST_STEP][PASSED] - reqid_kons = requestid1: null

2022-11-22 17:17:49 - [TEST_STEP][PASSED] - reqid_spouse = requestid2: null

2022-11-22 17:17:49 - [TEST_STEP][PASSED] - println("requestid kons : " + reqid_kons): null

2022-11-22 17:17:49 - [TEST_STEP][PASSED] - response_searchME_kons = reqid_kons: null

2022-11-22 17:17:49 - [TEST_STEP][PASSED] - response_searchME_spouse = reqid_spouse: null

2022-11-22 17:17:49 - [TEST_STEP][PASSED] - println("kons req id is :" + response_searchME_kons): null

2022-11-22 17:17:49 - [TEST_STEP][PASSED] - println("spouse req id is : " + response_searchME_spouse): null

2022-11-22 17:17:49 - [TEST_STEP][PASSED] - verifyResponseStatusCode(req_data, 200): Verify response status code successfully

2022-11-22 17:17:49 - [MESSAGE][PASSED] - Verify response status code successfully

2022-11-22 17:17:49 - [TEST_STEP][PASSED] - response = req_data.getResponseText(): null

2022-11-22 17:17:49 - [TEST_STEP][PASSED] - logInfo($response): {"status":"Done","data":{"requestid1":"242471","requestid2":""}}

2022-11-22 17:17:49 - [MESSAGE][INFO] - {"status":"Done","data":{"requestid1":"242471","requestid2":""}}

2022-11-22 17:17:49 - [TEST_STEP][PASSED] - delay(3): Delayed 3 second(s)

2022-11-22 17:17:52 - [MESSAGE][PASSED] - Delayed 3 second(s)

2022-11-22 17:17:52 - [TEST_STEP][PASSED] - scoring = sendRequest(findTestObject("EngineScore", ["response_searchME_kons":response_searchME_kons, "response_searchME_spouse":response_searchME_spouse])): Send request successfully

2022-11-22 17:17:52 - [MESSAGE][INFO] - HAR: D:\DMS\Engine Scoring\Reports\20221122_171227\Exclude KKB - DS\Scoring Individu - DS\20221122_171227\requests\main\113.har

2022-11-22 17:17:52 - [MESSAGE][PASSED] - Send request successfully

2022-11-22 17:17:52 - [TEST_STEP][PASSED] - verifyResponseStatusCode(scoring, 200): Verify response status code successfully

2022-11-22 17:17:52 - [MESSAGE][PASSED] - Verify response status code successfully

2022-11-22 17:17:52 - [TEST_STEP][PASSED] - response2 = scoring.getResponseText(): null

2022-11-22 17:17:52 - [TEST_STEP][PASSED] - markPassed("result service data ke : " + no): result service data ke : 57

2022-11-22 17:17:52 - [MESSAGE][PASSED] - result service data ke : 57

2022-11-22 17:17:52 - [TEST_STEP][PASSED] - logInfo($response2): {"result_konsumen":"Reguler","result_pasangan":"","Final_result":"Reguler","errorMessage":"","status":"Done"}

2022-11-22 17:17:52 - [MESSAGE][INFO] - {"result_konsumen":"Reguler","result_pasangan":"","Final_result":"Reguler","errorMessage":"","status":"Done"}

2022-11-22 17:17:52 - [TEST_STEP][PASSED] - verifyElementPropertyValue(scoring, "Final_result", final_result): Verify element property value successfully

2022-11-22 17:17:52 - [MESSAGE][PASSED] - Verify element property value successfully]]></system-out>
         <system-err><![CDATA[]]></system-err>
      </testcase>
      <testcase name="Test Cases/Engine_Scoring/Engine Scoring" time="4.615" classname="Test Cases/Engine_Scoring/Engine Scoring" status="PASSED">
         <system-out><![CDATA[2022-11-22 17:17:52 - [TEST_CASE][PASSED] - Test Cases/Engine_Scoring/Engine Scoring: Test Cases/Engine_Scoring/Engine Scoring

2022-11-22 17:17:53 - [TEST_STEP][PASSED] - markPassed("Variasi data ke : " + no): Variasi data ke : 58

2022-11-22 17:17:53 - [MESSAGE][PASSED] - Variasi data ke : 58

2022-11-22 17:17:53 - [TEST_STEP][PASSED] - req_data = sendRequest(findTestObject("Search_ME", ["MID":MID, "source":source, "ip":ip, "userid":userid, "branch":branch, "tipekons":tipekons, "marital":marital, "penjamin":penjamin, ... ])): Send request successfully

2022-11-22 17:17:54 - [MESSAGE][INFO] - HAR: D:\DMS\Engine Scoring\Reports\20221122_171227\Exclude KKB - DS\Scoring Individu - DS\20221122_171227\requests\main\114.har

2022-11-22 17:17:54 - [MESSAGE][PASSED] - Send request successfully

2022-11-22 17:17:54 - [TEST_STEP][PASSED] - slurper = new groovy.json.JsonSlurper(): null

2022-11-22 17:17:54 - [TEST_STEP][PASSED] - result = slurper.parseText(req_data.getResponseBodyContent()): null

2022-11-22 17:17:54 - [TEST_STEP][PASSED] - reqid_kons = requestid1: null

2022-11-22 17:17:54 - [TEST_STEP][PASSED] - reqid_spouse = requestid2: null

2022-11-22 17:17:54 - [TEST_STEP][PASSED] - println("requestid kons : " + reqid_kons): null

2022-11-22 17:17:54 - [TEST_STEP][PASSED] - response_searchME_kons = reqid_kons: null

2022-11-22 17:17:54 - [TEST_STEP][PASSED] - response_searchME_spouse = reqid_spouse: null

2022-11-22 17:17:54 - [TEST_STEP][PASSED] - println("kons req id is :" + response_searchME_kons): null

2022-11-22 17:17:54 - [TEST_STEP][PASSED] - println("spouse req id is : " + response_searchME_spouse): null

2022-11-22 17:17:54 - [TEST_STEP][PASSED] - verifyResponseStatusCode(req_data, 200): Verify response status code successfully

2022-11-22 17:17:54 - [MESSAGE][PASSED] - Verify response status code successfully

2022-11-22 17:17:54 - [TEST_STEP][PASSED] - response = req_data.getResponseText(): null

2022-11-22 17:17:54 - [TEST_STEP][PASSED] - logInfo($response): {"status":"Done","data":{"requestid1":"242472","requestid2":""}}

2022-11-22 17:17:54 - [MESSAGE][INFO] - {"status":"Done","data":{"requestid1":"242472","requestid2":""}}

2022-11-22 17:17:54 - [TEST_STEP][PASSED] - delay(3): Delayed 3 second(s)

2022-11-22 17:17:57 - [MESSAGE][PASSED] - Delayed 3 second(s)

2022-11-22 17:17:57 - [TEST_STEP][PASSED] - scoring = sendRequest(findTestObject("EngineScore", ["response_searchME_kons":response_searchME_kons, "response_searchME_spouse":response_searchME_spouse])): Send request successfully

2022-11-22 17:17:57 - [MESSAGE][INFO] - HAR: D:\DMS\Engine Scoring\Reports\20221122_171227\Exclude KKB - DS\Scoring Individu - DS\20221122_171227\requests\main\115.har

2022-11-22 17:17:57 - [MESSAGE][PASSED] - Send request successfully

2022-11-22 17:17:57 - [TEST_STEP][PASSED] - verifyResponseStatusCode(scoring, 200): Verify response status code successfully

2022-11-22 17:17:57 - [MESSAGE][PASSED] - Verify response status code successfully

2022-11-22 17:17:57 - [TEST_STEP][PASSED] - response2 = scoring.getResponseText(): null

2022-11-22 17:17:57 - [TEST_STEP][PASSED] - markPassed("result service data ke : " + no): result service data ke : 58

2022-11-22 17:17:57 - [MESSAGE][PASSED] - result service data ke : 58

2022-11-22 17:17:57 - [TEST_STEP][PASSED] - logInfo($response2): {"result_konsumen":"Reguler","result_pasangan":"","Final_result":"Reguler","errorMessage":"","status":"Done"}

2022-11-22 17:17:57 - [MESSAGE][INFO] - {"result_konsumen":"Reguler","result_pasangan":"","Final_result":"Reguler","errorMessage":"","status":"Done"}

2022-11-22 17:17:57 - [TEST_STEP][PASSED] - verifyElementPropertyValue(scoring, "Final_result", final_result): Verify element property value successfully

2022-11-22 17:17:57 - [MESSAGE][PASSED] - Verify element property value successfully]]></system-out>
         <system-err><![CDATA[]]></system-err>
      </testcase>
      <testcase name="Test Cases/Engine_Scoring/Engine Scoring" time="4.744" classname="Test Cases/Engine_Scoring/Engine Scoring" status="PASSED">
         <system-out><![CDATA[2022-11-22 17:17:57 - [TEST_CASE][PASSED] - Test Cases/Engine_Scoring/Engine Scoring: Test Cases/Engine_Scoring/Engine Scoring

2022-11-22 17:17:58 - [TEST_STEP][PASSED] - markPassed("Variasi data ke : " + no): Variasi data ke : 59

2022-11-22 17:17:58 - [MESSAGE][PASSED] - Variasi data ke : 59

2022-11-22 17:17:58 - [TEST_STEP][PASSED] - req_data = sendRequest(findTestObject("Search_ME", ["MID":MID, "source":source, "ip":ip, "userid":userid, "branch":branch, "tipekons":tipekons, "marital":marital, "penjamin":penjamin, ... ])): Send request successfully

2022-11-22 17:17:59 - [MESSAGE][INFO] - HAR: D:\DMS\Engine Scoring\Reports\20221122_171227\Exclude KKB - DS\Scoring Individu - DS\20221122_171227\requests\main\116.har

2022-11-22 17:17:59 - [MESSAGE][PASSED] - Send request successfully

2022-11-22 17:17:59 - [TEST_STEP][PASSED] - slurper = new groovy.json.JsonSlurper(): null

2022-11-22 17:17:59 - [TEST_STEP][PASSED] - result = slurper.parseText(req_data.getResponseBodyContent()): null

2022-11-22 17:17:59 - [TEST_STEP][PASSED] - reqid_kons = requestid1: null

2022-11-22 17:17:59 - [TEST_STEP][PASSED] - reqid_spouse = requestid2: null

2022-11-22 17:17:59 - [TEST_STEP][PASSED] - println("requestid kons : " + reqid_kons): null

2022-11-22 17:17:59 - [TEST_STEP][PASSED] - response_searchME_kons = reqid_kons: null

2022-11-22 17:17:59 - [TEST_STEP][PASSED] - response_searchME_spouse = reqid_spouse: null

2022-11-22 17:17:59 - [TEST_STEP][PASSED] - println("kons req id is :" + response_searchME_kons): null

2022-11-22 17:17:59 - [TEST_STEP][PASSED] - println("spouse req id is : " + response_searchME_spouse): null

2022-11-22 17:17:59 - [TEST_STEP][PASSED] - verifyResponseStatusCode(req_data, 200): Verify response status code successfully

2022-11-22 17:17:59 - [MESSAGE][PASSED] - Verify response status code successfully

2022-11-22 17:17:59 - [TEST_STEP][PASSED] - response = req_data.getResponseText(): null

2022-11-22 17:17:59 - [TEST_STEP][PASSED] - logInfo($response): {"status":"Done","data":{"requestid1":"242473","requestid2":""}}

2022-11-22 17:17:59 - [MESSAGE][INFO] - {"status":"Done","data":{"requestid1":"242473","requestid2":""}}

2022-11-22 17:17:59 - [TEST_STEP][PASSED] - delay(3): Delayed 3 second(s)

2022-11-22 17:18:02 - [MESSAGE][PASSED] - Delayed 3 second(s)

2022-11-22 17:18:02 - [TEST_STEP][PASSED] - scoring = sendRequest(findTestObject("EngineScore", ["response_searchME_kons":response_searchME_kons, "response_searchME_spouse":response_searchME_spouse])): Send request successfully

2022-11-22 17:18:02 - [MESSAGE][INFO] - HAR: D:\DMS\Engine Scoring\Reports\20221122_171227\Exclude KKB - DS\Scoring Individu - DS\20221122_171227\requests\main\117.har

2022-11-22 17:18:02 - [MESSAGE][PASSED] - Send request successfully

2022-11-22 17:18:02 - [TEST_STEP][PASSED] - verifyResponseStatusCode(scoring, 200): Verify response status code successfully

2022-11-22 17:18:02 - [MESSAGE][PASSED] - Verify response status code successfully

2022-11-22 17:18:02 - [TEST_STEP][PASSED] - response2 = scoring.getResponseText(): null

2022-11-22 17:18:02 - [TEST_STEP][PASSED] - markPassed("result service data ke : " + no): result service data ke : 59

2022-11-22 17:18:02 - [MESSAGE][PASSED] - result service data ke : 59

2022-11-22 17:18:02 - [TEST_STEP][PASSED] - logInfo($response2): {"result_konsumen":"Reguler","result_pasangan":"","Final_result":"Reguler","errorMessage":"","status":"Done"}

2022-11-22 17:18:02 - [MESSAGE][INFO] - {"result_konsumen":"Reguler","result_pasangan":"","Final_result":"Reguler","errorMessage":"","status":"Done"}

2022-11-22 17:18:02 - [TEST_STEP][PASSED] - verifyElementPropertyValue(scoring, "Final_result", final_result): Verify element property value successfully

2022-11-22 17:18:02 - [MESSAGE][PASSED] - Verify element property value successfully]]></system-out>
         <system-err><![CDATA[]]></system-err>
      </testcase>
      <testcase name="Test Cases/Engine_Scoring/Engine Scoring" time="4.718" classname="Test Cases/Engine_Scoring/Engine Scoring" status="PASSED">
         <system-out><![CDATA[2022-11-22 17:18:02 - [TEST_CASE][PASSED] - Test Cases/Engine_Scoring/Engine Scoring: Test Cases/Engine_Scoring/Engine Scoring

2022-11-22 17:18:03 - [TEST_STEP][PASSED] - markPassed("Variasi data ke : " + no): Variasi data ke : 60

2022-11-22 17:18:03 - [MESSAGE][PASSED] - Variasi data ke : 60

2022-11-22 17:18:03 - [TEST_STEP][PASSED] - req_data = sendRequest(findTestObject("Search_ME", ["MID":MID, "source":source, "ip":ip, "userid":userid, "branch":branch, "tipekons":tipekons, "marital":marital, "penjamin":penjamin, ... ])): Send request successfully

2022-11-22 17:18:03 - [MESSAGE][INFO] - HAR: D:\DMS\Engine Scoring\Reports\20221122_171227\Exclude KKB - DS\Scoring Individu - DS\20221122_171227\requests\main\118.har

2022-11-22 17:18:03 - [MESSAGE][PASSED] - Send request successfully

2022-11-22 17:18:03 - [TEST_STEP][PASSED] - slurper = new groovy.json.JsonSlurper(): null

2022-11-22 17:18:03 - [TEST_STEP][PASSED] - result = slurper.parseText(req_data.getResponseBodyContent()): null

2022-11-22 17:18:03 - [TEST_STEP][PASSED] - reqid_kons = requestid1: null

2022-11-22 17:18:03 - [TEST_STEP][PASSED] - reqid_spouse = requestid2: null

2022-11-22 17:18:03 - [TEST_STEP][PASSED] - println("requestid kons : " + reqid_kons): null

2022-11-22 17:18:03 - [TEST_STEP][PASSED] - response_searchME_kons = reqid_kons: null

2022-11-22 17:18:03 - [TEST_STEP][PASSED] - response_searchME_spouse = reqid_spouse: null

2022-11-22 17:18:03 - [TEST_STEP][PASSED] - println("kons req id is :" + response_searchME_kons): null

2022-11-22 17:18:03 - [TEST_STEP][PASSED] - println("spouse req id is : " + response_searchME_spouse): null

2022-11-22 17:18:03 - [TEST_STEP][PASSED] - verifyResponseStatusCode(req_data, 200): Verify response status code successfully

2022-11-22 17:18:03 - [MESSAGE][PASSED] - Verify response status code successfully

2022-11-22 17:18:03 - [TEST_STEP][PASSED] - response = req_data.getResponseText(): null

2022-11-22 17:18:03 - [TEST_STEP][PASSED] - logInfo($response): {"status":"Done","data":{"requestid1":"242474","requestid2":""}}

2022-11-22 17:18:03 - [MESSAGE][INFO] - {"status":"Done","data":{"requestid1":"242474","requestid2":""}}

2022-11-22 17:18:03 - [TEST_STEP][PASSED] - delay(3): Delayed 3 second(s)

2022-11-22 17:18:06 - [MESSAGE][PASSED] - Delayed 3 second(s)

2022-11-22 17:18:06 - [TEST_STEP][PASSED] - scoring = sendRequest(findTestObject("EngineScore", ["response_searchME_kons":response_searchME_kons, "response_searchME_spouse":response_searchME_spouse])): Send request successfully

2022-11-22 17:18:06 - [MESSAGE][INFO] - HAR: D:\DMS\Engine Scoring\Reports\20221122_171227\Exclude KKB - DS\Scoring Individu - DS\20221122_171227\requests\main\119.har

2022-11-22 17:18:06 - [MESSAGE][PASSED] - Send request successfully

2022-11-22 17:18:06 - [TEST_STEP][PASSED] - verifyResponseStatusCode(scoring, 200): Verify response status code successfully

2022-11-22 17:18:06 - [MESSAGE][PASSED] - Verify response status code successfully

2022-11-22 17:18:06 - [TEST_STEP][PASSED] - response2 = scoring.getResponseText(): null

2022-11-22 17:18:06 - [TEST_STEP][PASSED] - markPassed("result service data ke : " + no): result service data ke : 60

2022-11-22 17:18:06 - [MESSAGE][PASSED] - result service data ke : 60

2022-11-22 17:18:06 - [TEST_STEP][PASSED] - logInfo($response2): {"result_konsumen":"Reguler","result_pasangan":"","Final_result":"Reguler","errorMessage":"","status":"Done"}

2022-11-22 17:18:06 - [MESSAGE][INFO] - {"result_konsumen":"Reguler","result_pasangan":"","Final_result":"Reguler","errorMessage":"","status":"Done"}

2022-11-22 17:18:06 - [TEST_STEP][PASSED] - verifyElementPropertyValue(scoring, "Final_result", final_result): Verify element property value successfully

2022-11-22 17:18:06 - [MESSAGE][PASSED] - Verify element property value successfully]]></system-out>
         <system-err><![CDATA[]]></system-err>
      </testcase>
      <testcase name="Test Cases/Engine_Scoring/Engine Scoring" time="4.625" classname="Test Cases/Engine_Scoring/Engine Scoring" status="PASSED">
         <system-out><![CDATA[2022-11-22 17:18:07 - [TEST_CASE][PASSED] - Test Cases/Engine_Scoring/Engine Scoring: Test Cases/Engine_Scoring/Engine Scoring

2022-11-22 17:18:07 - [TEST_STEP][PASSED] - markPassed("Variasi data ke : " + no): Variasi data ke : 61

2022-11-22 17:18:07 - [MESSAGE][PASSED] - Variasi data ke : 61

2022-11-22 17:18:07 - [TEST_STEP][PASSED] - req_data = sendRequest(findTestObject("Search_ME", ["MID":MID, "source":source, "ip":ip, "userid":userid, "branch":branch, "tipekons":tipekons, "marital":marital, "penjamin":penjamin, ... ])): Send request successfully

2022-11-22 17:18:08 - [MESSAGE][INFO] - HAR: D:\DMS\Engine Scoring\Reports\20221122_171227\Exclude KKB - DS\Scoring Individu - DS\20221122_171227\requests\main\120.har

2022-11-22 17:18:08 - [MESSAGE][PASSED] - Send request successfully

2022-11-22 17:18:08 - [TEST_STEP][PASSED] - slurper = new groovy.json.JsonSlurper(): null

2022-11-22 17:18:08 - [TEST_STEP][PASSED] - result = slurper.parseText(req_data.getResponseBodyContent()): null

2022-11-22 17:18:08 - [TEST_STEP][PASSED] - reqid_kons = requestid1: null

2022-11-22 17:18:08 - [TEST_STEP][PASSED] - reqid_spouse = requestid2: null

2022-11-22 17:18:08 - [TEST_STEP][PASSED] - println("requestid kons : " + reqid_kons): null

2022-11-22 17:18:08 - [TEST_STEP][PASSED] - response_searchME_kons = reqid_kons: null

2022-11-22 17:18:08 - [TEST_STEP][PASSED] - response_searchME_spouse = reqid_spouse: null

2022-11-22 17:18:08 - [TEST_STEP][PASSED] - println("kons req id is :" + response_searchME_kons): null

2022-11-22 17:18:08 - [TEST_STEP][PASSED] - println("spouse req id is : " + response_searchME_spouse): null

2022-11-22 17:18:08 - [TEST_STEP][PASSED] - verifyResponseStatusCode(req_data, 200): Verify response status code successfully

2022-11-22 17:18:08 - [MESSAGE][PASSED] - Verify response status code successfully

2022-11-22 17:18:08 - [TEST_STEP][PASSED] - response = req_data.getResponseText(): null

2022-11-22 17:18:08 - [TEST_STEP][PASSED] - logInfo($response): {"status":"Done","data":{"requestid1":"242475","requestid2":""}}

2022-11-22 17:18:08 - [MESSAGE][INFO] - {"status":"Done","data":{"requestid1":"242475","requestid2":""}}

2022-11-22 17:18:08 - [TEST_STEP][PASSED] - delay(3): Delayed 3 second(s)

2022-11-22 17:18:11 - [MESSAGE][PASSED] - Delayed 3 second(s)

2022-11-22 17:18:11 - [TEST_STEP][PASSED] - scoring = sendRequest(findTestObject("EngineScore", ["response_searchME_kons":response_searchME_kons, "response_searchME_spouse":response_searchME_spouse])): Send request successfully

2022-11-22 17:18:11 - [MESSAGE][INFO] - HAR: D:\DMS\Engine Scoring\Reports\20221122_171227\Exclude KKB - DS\Scoring Individu - DS\20221122_171227\requests\main\121.har

2022-11-22 17:18:11 - [MESSAGE][PASSED] - Send request successfully

2022-11-22 17:18:11 - [TEST_STEP][PASSED] - verifyResponseStatusCode(scoring, 200): Verify response status code successfully

2022-11-22 17:18:11 - [MESSAGE][PASSED] - Verify response status code successfully

2022-11-22 17:18:11 - [TEST_STEP][PASSED] - response2 = scoring.getResponseText(): null

2022-11-22 17:18:11 - [TEST_STEP][PASSED] - markPassed("result service data ke : " + no): result service data ke : 61

2022-11-22 17:18:11 - [MESSAGE][PASSED] - result service data ke : 61

2022-11-22 17:18:11 - [TEST_STEP][PASSED] - logInfo($response2): {"result_konsumen":"Reguler","result_pasangan":"","Final_result":"Reguler","errorMessage":"","status":"Done"}

2022-11-22 17:18:11 - [MESSAGE][INFO] - {"result_konsumen":"Reguler","result_pasangan":"","Final_result":"Reguler","errorMessage":"","status":"Done"}

2022-11-22 17:18:11 - [TEST_STEP][PASSED] - verifyElementPropertyValue(scoring, "Final_result", final_result): Verify element property value successfully

2022-11-22 17:18:11 - [MESSAGE][PASSED] - Verify element property value successfully]]></system-out>
         <system-err><![CDATA[]]></system-err>
      </testcase>
      <testcase name="Test Cases/Engine_Scoring/Engine Scoring" time="4.927" classname="Test Cases/Engine_Scoring/Engine Scoring" status="PASSED">
         <system-out><![CDATA[2022-11-22 17:18:11 - [TEST_CASE][PASSED] - Test Cases/Engine_Scoring/Engine Scoring: Test Cases/Engine_Scoring/Engine Scoring

2022-11-22 17:18:12 - [TEST_STEP][PASSED] - markPassed("Variasi data ke : " + no): Variasi data ke : 62

2022-11-22 17:18:12 - [MESSAGE][PASSED] - Variasi data ke : 62

2022-11-22 17:18:12 - [TEST_STEP][PASSED] - req_data = sendRequest(findTestObject("Search_ME", ["MID":MID, "source":source, "ip":ip, "userid":userid, "branch":branch, "tipekons":tipekons, "marital":marital, "penjamin":penjamin, ... ])): Send request successfully

2022-11-22 17:18:13 - [MESSAGE][INFO] - HAR: D:\DMS\Engine Scoring\Reports\20221122_171227\Exclude KKB - DS\Scoring Individu - DS\20221122_171227\requests\main\122.har

2022-11-22 17:18:13 - [MESSAGE][PASSED] - Send request successfully

2022-11-22 17:18:13 - [TEST_STEP][PASSED] - slurper = new groovy.json.JsonSlurper(): null

2022-11-22 17:18:13 - [TEST_STEP][PASSED] - result = slurper.parseText(req_data.getResponseBodyContent()): null

2022-11-22 17:18:13 - [TEST_STEP][PASSED] - reqid_kons = requestid1: null

2022-11-22 17:18:13 - [TEST_STEP][PASSED] - reqid_spouse = requestid2: null

2022-11-22 17:18:13 - [TEST_STEP][PASSED] - println("requestid kons : " + reqid_kons): null

2022-11-22 17:18:13 - [TEST_STEP][PASSED] - response_searchME_kons = reqid_kons: null

2022-11-22 17:18:13 - [TEST_STEP][PASSED] - response_searchME_spouse = reqid_spouse: null

2022-11-22 17:18:13 - [TEST_STEP][PASSED] - println("kons req id is :" + response_searchME_kons): null

2022-11-22 17:18:13 - [TEST_STEP][PASSED] - println("spouse req id is : " + response_searchME_spouse): null

2022-11-22 17:18:13 - [TEST_STEP][PASSED] - verifyResponseStatusCode(req_data, 200): Verify response status code successfully

2022-11-22 17:18:13 - [MESSAGE][PASSED] - Verify response status code successfully

2022-11-22 17:18:13 - [TEST_STEP][PASSED] - response = req_data.getResponseText(): null

2022-11-22 17:18:13 - [TEST_STEP][PASSED] - logInfo($response): {"status":"Done","data":{"requestid1":"242476","requestid2":""}}

2022-11-22 17:18:13 - [MESSAGE][INFO] - {"status":"Done","data":{"requestid1":"242476","requestid2":""}}

2022-11-22 17:18:13 - [TEST_STEP][PASSED] - delay(3): Delayed 3 second(s)

2022-11-22 17:18:16 - [MESSAGE][PASSED] - Delayed 3 second(s)

2022-11-22 17:18:16 - [TEST_STEP][PASSED] - scoring = sendRequest(findTestObject("EngineScore", ["response_searchME_kons":response_searchME_kons, "response_searchME_spouse":response_searchME_spouse])): Send request successfully

2022-11-22 17:18:16 - [MESSAGE][INFO] - HAR: D:\DMS\Engine Scoring\Reports\20221122_171227\Exclude KKB - DS\Scoring Individu - DS\20221122_171227\requests\main\123.har

2022-11-22 17:18:16 - [MESSAGE][PASSED] - Send request successfully

2022-11-22 17:18:16 - [TEST_STEP][PASSED] - verifyResponseStatusCode(scoring, 200): Verify response status code successfully

2022-11-22 17:18:16 - [MESSAGE][PASSED] - Verify response status code successfully

2022-11-22 17:18:16 - [TEST_STEP][PASSED] - response2 = scoring.getResponseText(): null

2022-11-22 17:18:16 - [TEST_STEP][PASSED] - markPassed("result service data ke : " + no): result service data ke : 62

2022-11-22 17:18:16 - [MESSAGE][PASSED] - result service data ke : 62

2022-11-22 17:18:16 - [TEST_STEP][PASSED] - logInfo($response2): {"result_konsumen":"Reguler","result_pasangan":"","Final_result":"Reguler","errorMessage":"","status":"Done"}

2022-11-22 17:18:16 - [MESSAGE][INFO] - {"result_konsumen":"Reguler","result_pasangan":"","Final_result":"Reguler","errorMessage":"","status":"Done"}

2022-11-22 17:18:16 - [TEST_STEP][PASSED] - verifyElementPropertyValue(scoring, "Final_result", final_result): Verify element property value successfully

2022-11-22 17:18:16 - [MESSAGE][PASSED] - Verify element property value successfully]]></system-out>
         <system-err><![CDATA[]]></system-err>
      </testcase>
      <testcase name="Test Cases/Engine_Scoring/Engine Scoring" time="4.913" classname="Test Cases/Engine_Scoring/Engine Scoring" status="PASSED">
         <system-out><![CDATA[2022-11-22 17:18:16 - [TEST_CASE][PASSED] - Test Cases/Engine_Scoring/Engine Scoring: Test Cases/Engine_Scoring/Engine Scoring

2022-11-22 17:18:17 - [TEST_STEP][PASSED] - markPassed("Variasi data ke : " + no): Variasi data ke : 63

2022-11-22 17:18:17 - [MESSAGE][PASSED] - Variasi data ke : 63

2022-11-22 17:18:17 - [TEST_STEP][PASSED] - req_data = sendRequest(findTestObject("Search_ME", ["MID":MID, "source":source, "ip":ip, "userid":userid, "branch":branch, "tipekons":tipekons, "marital":marital, "penjamin":penjamin, ... ])): Send request successfully

2022-11-22 17:18:18 - [MESSAGE][INFO] - HAR: D:\DMS\Engine Scoring\Reports\20221122_171227\Exclude KKB - DS\Scoring Individu - DS\20221122_171227\requests\main\124.har

2022-11-22 17:18:18 - [MESSAGE][PASSED] - Send request successfully

2022-11-22 17:18:18 - [TEST_STEP][PASSED] - slurper = new groovy.json.JsonSlurper(): null

2022-11-22 17:18:18 - [TEST_STEP][PASSED] - result = slurper.parseText(req_data.getResponseBodyContent()): null

2022-11-22 17:18:18 - [TEST_STEP][PASSED] - reqid_kons = requestid1: null

2022-11-22 17:18:18 - [TEST_STEP][PASSED] - reqid_spouse = requestid2: null

2022-11-22 17:18:18 - [TEST_STEP][PASSED] - println("requestid kons : " + reqid_kons): null

2022-11-22 17:18:18 - [TEST_STEP][PASSED] - response_searchME_kons = reqid_kons: null

2022-11-22 17:18:18 - [TEST_STEP][PASSED] - response_searchME_spouse = reqid_spouse: null

2022-11-22 17:18:18 - [TEST_STEP][PASSED] - println("kons req id is :" + response_searchME_kons): null

2022-11-22 17:18:18 - [TEST_STEP][PASSED] - println("spouse req id is : " + response_searchME_spouse): null

2022-11-22 17:18:18 - [TEST_STEP][PASSED] - verifyResponseStatusCode(req_data, 200): Verify response status code successfully

2022-11-22 17:18:18 - [MESSAGE][PASSED] - Verify response status code successfully

2022-11-22 17:18:18 - [TEST_STEP][PASSED] - response = req_data.getResponseText(): null

2022-11-22 17:18:18 - [TEST_STEP][PASSED] - logInfo($response): {"status":"Done","data":{"requestid1":"242477","requestid2":""}}

2022-11-22 17:18:18 - [MESSAGE][INFO] - {"status":"Done","data":{"requestid1":"242477","requestid2":""}}

2022-11-22 17:18:18 - [TEST_STEP][PASSED] - delay(3): Delayed 3 second(s)

2022-11-22 17:18:21 - [MESSAGE][PASSED] - Delayed 3 second(s)

2022-11-22 17:18:21 - [TEST_STEP][PASSED] - scoring = sendRequest(findTestObject("EngineScore", ["response_searchME_kons":response_searchME_kons, "response_searchME_spouse":response_searchME_spouse])): Send request successfully

2022-11-22 17:18:21 - [MESSAGE][INFO] - HAR: D:\DMS\Engine Scoring\Reports\20221122_171227\Exclude KKB - DS\Scoring Individu - DS\20221122_171227\requests\main\125.har

2022-11-22 17:18:21 - [MESSAGE][PASSED] - Send request successfully

2022-11-22 17:18:21 - [TEST_STEP][PASSED] - verifyResponseStatusCode(scoring, 200): Verify response status code successfully

2022-11-22 17:18:21 - [MESSAGE][PASSED] - Verify response status code successfully

2022-11-22 17:18:21 - [TEST_STEP][PASSED] - response2 = scoring.getResponseText(): null

2022-11-22 17:18:21 - [TEST_STEP][PASSED] - markPassed("result service data ke : " + no): result service data ke : 63

2022-11-22 17:18:21 - [MESSAGE][PASSED] - result service data ke : 63

2022-11-22 17:18:21 - [TEST_STEP][PASSED] - logInfo($response2): {"result_konsumen":"Approve","result_pasangan":"","Final_result":"Approve","errorMessage":"","status":"Done"}

2022-11-22 17:18:21 - [MESSAGE][INFO] - {"result_konsumen":"Approve","result_pasangan":"","Final_result":"Approve","errorMessage":"","status":"Done"}

2022-11-22 17:18:21 - [TEST_STEP][PASSED] - verifyElementPropertyValue(scoring, "Final_result", final_result): Verify element property value successfully

2022-11-22 17:18:21 - [MESSAGE][PASSED] - Verify element property value successfully]]></system-out>
         <system-err><![CDATA[]]></system-err>
      </testcase>
      <testcase name="Test Cases/Engine_Scoring/Engine Scoring" time="4.932" classname="Test Cases/Engine_Scoring/Engine Scoring" status="PASSED">
         <system-out><![CDATA[2022-11-22 17:18:21 - [TEST_CASE][PASSED] - Test Cases/Engine_Scoring/Engine Scoring: Test Cases/Engine_Scoring/Engine Scoring

2022-11-22 17:18:22 - [TEST_STEP][PASSED] - markPassed("Variasi data ke : " + no): Variasi data ke : 64

2022-11-22 17:18:22 - [MESSAGE][PASSED] - Variasi data ke : 64

2022-11-22 17:18:22 - [TEST_STEP][PASSED] - req_data = sendRequest(findTestObject("Search_ME", ["MID":MID, "source":source, "ip":ip, "userid":userid, "branch":branch, "tipekons":tipekons, "marital":marital, "penjamin":penjamin, ... ])): Send request successfully

2022-11-22 17:18:23 - [MESSAGE][INFO] - HAR: D:\DMS\Engine Scoring\Reports\20221122_171227\Exclude KKB - DS\Scoring Individu - DS\20221122_171227\requests\main\126.har

2022-11-22 17:18:23 - [MESSAGE][PASSED] - Send request successfully

2022-11-22 17:18:23 - [TEST_STEP][PASSED] - slurper = new groovy.json.JsonSlurper(): null

2022-11-22 17:18:23 - [TEST_STEP][PASSED] - result = slurper.parseText(req_data.getResponseBodyContent()): null

2022-11-22 17:18:23 - [TEST_STEP][PASSED] - reqid_kons = requestid1: null

2022-11-22 17:18:23 - [TEST_STEP][PASSED] - reqid_spouse = requestid2: null

2022-11-22 17:18:23 - [TEST_STEP][PASSED] - println("requestid kons : " + reqid_kons): null

2022-11-22 17:18:23 - [TEST_STEP][PASSED] - response_searchME_kons = reqid_kons: null

2022-11-22 17:18:23 - [TEST_STEP][PASSED] - response_searchME_spouse = reqid_spouse: null

2022-11-22 17:18:23 - [TEST_STEP][PASSED] - println("kons req id is :" + response_searchME_kons): null

2022-11-22 17:18:23 - [TEST_STEP][PASSED] - println("spouse req id is : " + response_searchME_spouse): null

2022-11-22 17:18:23 - [TEST_STEP][PASSED] - verifyResponseStatusCode(req_data, 200): Verify response status code successfully

2022-11-22 17:18:23 - [MESSAGE][PASSED] - Verify response status code successfully

2022-11-22 17:18:23 - [TEST_STEP][PASSED] - response = req_data.getResponseText(): null

2022-11-22 17:18:23 - [TEST_STEP][PASSED] - logInfo($response): {"status":"Done","data":{"requestid1":"242478","requestid2":""}}

2022-11-22 17:18:23 - [MESSAGE][INFO] - {"status":"Done","data":{"requestid1":"242478","requestid2":""}}

2022-11-22 17:18:23 - [TEST_STEP][PASSED] - delay(3): Delayed 3 second(s)

2022-11-22 17:18:26 - [MESSAGE][PASSED] - Delayed 3 second(s)

2022-11-22 17:18:26 - [TEST_STEP][PASSED] - scoring = sendRequest(findTestObject("EngineScore", ["response_searchME_kons":response_searchME_kons, "response_searchME_spouse":response_searchME_spouse])): Send request successfully

2022-11-22 17:18:26 - [MESSAGE][INFO] - HAR: D:\DMS\Engine Scoring\Reports\20221122_171227\Exclude KKB - DS\Scoring Individu - DS\20221122_171227\requests\main\127.har

2022-11-22 17:18:26 - [MESSAGE][PASSED] - Send request successfully

2022-11-22 17:18:26 - [TEST_STEP][PASSED] - verifyResponseStatusCode(scoring, 200): Verify response status code successfully

2022-11-22 17:18:26 - [MESSAGE][PASSED] - Verify response status code successfully

2022-11-22 17:18:26 - [TEST_STEP][PASSED] - response2 = scoring.getResponseText(): null

2022-11-22 17:18:26 - [TEST_STEP][PASSED] - markPassed("result service data ke : " + no): result service data ke : 64

2022-11-22 17:18:26 - [MESSAGE][PASSED] - result service data ke : 64

2022-11-22 17:18:26 - [TEST_STEP][PASSED] - logInfo($response2): {"result_konsumen":"Approve","result_pasangan":"","Final_result":"Approve","errorMessage":"","status":"Done"}

2022-11-22 17:18:26 - [MESSAGE][INFO] - {"result_konsumen":"Approve","result_pasangan":"","Final_result":"Approve","errorMessage":"","status":"Done"}

2022-11-22 17:18:26 - [TEST_STEP][PASSED] - verifyElementPropertyValue(scoring, "Final_result", final_result): Verify element property value successfully

2022-11-22 17:18:26 - [MESSAGE][PASSED] - Verify element property value successfully]]></system-out>
         <system-err><![CDATA[]]></system-err>
      </testcase>
      <testcase name="Test Cases/Engine_Scoring/Engine Scoring" time="4.662" classname="Test Cases/Engine_Scoring/Engine Scoring" status="PASSED">
         <system-out><![CDATA[2022-11-22 17:18:26 - [TEST_CASE][PASSED] - Test Cases/Engine_Scoring/Engine Scoring: Test Cases/Engine_Scoring/Engine Scoring

2022-11-22 17:18:27 - [TEST_STEP][PASSED] - markPassed("Variasi data ke : " + no): Variasi data ke : 65

2022-11-22 17:18:27 - [MESSAGE][PASSED] - Variasi data ke : 65

2022-11-22 17:18:27 - [TEST_STEP][PASSED] - req_data = sendRequest(findTestObject("Search_ME", ["MID":MID, "source":source, "ip":ip, "userid":userid, "branch":branch, "tipekons":tipekons, "marital":marital, "penjamin":penjamin, ... ])): Send request successfully

2022-11-22 17:18:28 - [MESSAGE][INFO] - HAR: D:\DMS\Engine Scoring\Reports\20221122_171227\Exclude KKB - DS\Scoring Individu - DS\20221122_171227\requests\main\128.har

2022-11-22 17:18:28 - [MESSAGE][PASSED] - Send request successfully

2022-11-22 17:18:28 - [TEST_STEP][PASSED] - slurper = new groovy.json.JsonSlurper(): null

2022-11-22 17:18:28 - [TEST_STEP][PASSED] - result = slurper.parseText(req_data.getResponseBodyContent()): null

2022-11-22 17:18:28 - [TEST_STEP][PASSED] - reqid_kons = requestid1: null

2022-11-22 17:18:28 - [TEST_STEP][PASSED] - reqid_spouse = requestid2: null

2022-11-22 17:18:28 - [TEST_STEP][PASSED] - println("requestid kons : " + reqid_kons): null

2022-11-22 17:18:28 - [TEST_STEP][PASSED] - response_searchME_kons = reqid_kons: null

2022-11-22 17:18:28 - [TEST_STEP][PASSED] - response_searchME_spouse = reqid_spouse: null

2022-11-22 17:18:28 - [TEST_STEP][PASSED] - println("kons req id is :" + response_searchME_kons): null

2022-11-22 17:18:28 - [TEST_STEP][PASSED] - println("spouse req id is : " + response_searchME_spouse): null

2022-11-22 17:18:28 - [TEST_STEP][PASSED] - verifyResponseStatusCode(req_data, 200): Verify response status code successfully

2022-11-22 17:18:28 - [MESSAGE][PASSED] - Verify response status code successfully

2022-11-22 17:18:28 - [TEST_STEP][PASSED] - response = req_data.getResponseText(): null

2022-11-22 17:18:28 - [TEST_STEP][PASSED] - logInfo($response): {"status":"Done","data":{"requestid1":"242479","requestid2":""}}

2022-11-22 17:18:28 - [MESSAGE][INFO] - {"status":"Done","data":{"requestid1":"242479","requestid2":""}}

2022-11-22 17:18:28 - [TEST_STEP][PASSED] - delay(3): Delayed 3 second(s)

2022-11-22 17:18:31 - [MESSAGE][PASSED] - Delayed 3 second(s)

2022-11-22 17:18:31 - [TEST_STEP][PASSED] - scoring = sendRequest(findTestObject("EngineScore", ["response_searchME_kons":response_searchME_kons, "response_searchME_spouse":response_searchME_spouse])): Send request successfully

2022-11-22 17:18:31 - [MESSAGE][INFO] - HAR: D:\DMS\Engine Scoring\Reports\20221122_171227\Exclude KKB - DS\Scoring Individu - DS\20221122_171227\requests\main\129.har

2022-11-22 17:18:31 - [MESSAGE][PASSED] - Send request successfully

2022-11-22 17:18:31 - [TEST_STEP][PASSED] - verifyResponseStatusCode(scoring, 200): Verify response status code successfully

2022-11-22 17:18:31 - [MESSAGE][PASSED] - Verify response status code successfully

2022-11-22 17:18:31 - [TEST_STEP][PASSED] - response2 = scoring.getResponseText(): null

2022-11-22 17:18:31 - [TEST_STEP][PASSED] - markPassed("result service data ke : " + no): result service data ke : 65

2022-11-22 17:18:31 - [MESSAGE][PASSED] - result service data ke : 65

2022-11-22 17:18:31 - [TEST_STEP][PASSED] - logInfo($response2): {"result_konsumen":"Approve","result_pasangan":"","Final_result":"Approve","errorMessage":"","status":"Done"}

2022-11-22 17:18:31 - [MESSAGE][INFO] - {"result_konsumen":"Approve","result_pasangan":"","Final_result":"Approve","errorMessage":"","status":"Done"}

2022-11-22 17:18:31 - [TEST_STEP][PASSED] - verifyElementPropertyValue(scoring, "Final_result", final_result): Verify element property value successfully

2022-11-22 17:18:31 - [MESSAGE][PASSED] - Verify element property value successfully]]></system-out>
         <system-err><![CDATA[]]></system-err>
      </testcase>
      <testcase name="Test Cases/Engine_Scoring/Engine Scoring" time="6.485" classname="Test Cases/Engine_Scoring/Engine Scoring" status="PASSED">
         <system-out><![CDATA[2022-11-22 17:18:31 - [TEST_CASE][PASSED] - Test Cases/Engine_Scoring/Engine Scoring: Test Cases/Engine_Scoring/Engine Scoring

2022-11-22 17:18:32 - [TEST_STEP][PASSED] - markPassed("Variasi data ke : " + no): Variasi data ke : 66

2022-11-22 17:18:32 - [MESSAGE][PASSED] - Variasi data ke : 66

2022-11-22 17:18:32 - [TEST_STEP][PASSED] - req_data = sendRequest(findTestObject("Search_ME", ["MID":MID, "source":source, "ip":ip, "userid":userid, "branch":branch, "tipekons":tipekons, "marital":marital, "penjamin":penjamin, ... ])): Send request successfully

2022-11-22 17:18:34 - [MESSAGE][INFO] - HAR: D:\DMS\Engine Scoring\Reports\20221122_171227\Exclude KKB - DS\Scoring Individu - DS\20221122_171227\requests\main\130.har

2022-11-22 17:18:34 - [MESSAGE][PASSED] - Send request successfully

2022-11-22 17:18:34 - [TEST_STEP][PASSED] - slurper = new groovy.json.JsonSlurper(): null

2022-11-22 17:18:34 - [TEST_STEP][PASSED] - result = slurper.parseText(req_data.getResponseBodyContent()): null

2022-11-22 17:18:34 - [TEST_STEP][PASSED] - reqid_kons = requestid1: null

2022-11-22 17:18:34 - [TEST_STEP][PASSED] - reqid_spouse = requestid2: null

2022-11-22 17:18:34 - [TEST_STEP][PASSED] - println("requestid kons : " + reqid_kons): null

2022-11-22 17:18:34 - [TEST_STEP][PASSED] - response_searchME_kons = reqid_kons: null

2022-11-22 17:18:34 - [TEST_STEP][PASSED] - response_searchME_spouse = reqid_spouse: null

2022-11-22 17:18:34 - [TEST_STEP][PASSED] - println("kons req id is :" + response_searchME_kons): null

2022-11-22 17:18:34 - [TEST_STEP][PASSED] - println("spouse req id is : " + response_searchME_spouse): null

2022-11-22 17:18:34 - [TEST_STEP][PASSED] - verifyResponseStatusCode(req_data, 200): Verify response status code successfully

2022-11-22 17:18:34 - [MESSAGE][PASSED] - Verify response status code successfully

2022-11-22 17:18:34 - [TEST_STEP][PASSED] - response = req_data.getResponseText(): null

2022-11-22 17:18:34 - [TEST_STEP][PASSED] - logInfo($response): {"status":"Done","data":{"requestid1":"242480","requestid2":""}}

2022-11-22 17:18:34 - [MESSAGE][INFO] - {"status":"Done","data":{"requestid1":"242480","requestid2":""}}

2022-11-22 17:18:34 - [TEST_STEP][PASSED] - delay(3): Delayed 3 second(s)

2022-11-22 17:18:37 - [MESSAGE][PASSED] - Delayed 3 second(s)

2022-11-22 17:18:37 - [TEST_STEP][PASSED] - scoring = sendRequest(findTestObject("EngineScore", ["response_searchME_kons":response_searchME_kons, "response_searchME_spouse":response_searchME_spouse])): Send request successfully

2022-11-22 17:18:37 - [MESSAGE][INFO] - HAR: D:\DMS\Engine Scoring\Reports\20221122_171227\Exclude KKB - DS\Scoring Individu - DS\20221122_171227\requests\main\131.har

2022-11-22 17:18:37 - [MESSAGE][PASSED] - Send request successfully

2022-11-22 17:18:37 - [TEST_STEP][PASSED] - verifyResponseStatusCode(scoring, 200): Verify response status code successfully

2022-11-22 17:18:37 - [MESSAGE][PASSED] - Verify response status code successfully

2022-11-22 17:18:37 - [TEST_STEP][PASSED] - response2 = scoring.getResponseText(): null

2022-11-22 17:18:37 - [TEST_STEP][PASSED] - markPassed("result service data ke : " + no): result service data ke : 66

2022-11-22 17:18:37 - [MESSAGE][PASSED] - result service data ke : 66

2022-11-22 17:18:37 - [TEST_STEP][PASSED] - logInfo($response2): {"result_konsumen":"Approve","result_pasangan":"","Final_result":"Approve","errorMessage":"","status":"Done"}

2022-11-22 17:18:37 - [MESSAGE][INFO] - {"result_konsumen":"Approve","result_pasangan":"","Final_result":"Approve","errorMessage":"","status":"Done"}

2022-11-22 17:18:37 - [TEST_STEP][PASSED] - verifyElementPropertyValue(scoring, "Final_result", final_result): Verify element property value successfully

2022-11-22 17:18:37 - [MESSAGE][PASSED] - Verify element property value successfully]]></system-out>
         <system-err><![CDATA[]]></system-err>
      </testcase>
      <testcase name="Test Cases/Engine_Scoring/Engine Scoring" time="4.674" classname="Test Cases/Engine_Scoring/Engine Scoring" status="PASSED">
         <system-out><![CDATA[2022-11-22 17:18:37 - [TEST_CASE][PASSED] - Test Cases/Engine_Scoring/Engine Scoring: Test Cases/Engine_Scoring/Engine Scoring

2022-11-22 17:18:38 - [TEST_STEP][PASSED] - markPassed("Variasi data ke : " + no): Variasi data ke : 67

2022-11-22 17:18:38 - [MESSAGE][PASSED] - Variasi data ke : 67

2022-11-22 17:18:38 - [TEST_STEP][PASSED] - req_data = sendRequest(findTestObject("Search_ME", ["MID":MID, "source":source, "ip":ip, "userid":userid, "branch":branch, "tipekons":tipekons, "marital":marital, "penjamin":penjamin, ... ])): Send request successfully

2022-11-22 17:18:39 - [MESSAGE][INFO] - HAR: D:\DMS\Engine Scoring\Reports\20221122_171227\Exclude KKB - DS\Scoring Individu - DS\20221122_171227\requests\main\132.har

2022-11-22 17:18:39 - [MESSAGE][PASSED] - Send request successfully

2022-11-22 17:18:39 - [TEST_STEP][PASSED] - slurper = new groovy.json.JsonSlurper(): null

2022-11-22 17:18:39 - [TEST_STEP][PASSED] - result = slurper.parseText(req_data.getResponseBodyContent()): null

2022-11-22 17:18:39 - [TEST_STEP][PASSED] - reqid_kons = requestid1: null

2022-11-22 17:18:39 - [TEST_STEP][PASSED] - reqid_spouse = requestid2: null

2022-11-22 17:18:39 - [TEST_STEP][PASSED] - println("requestid kons : " + reqid_kons): null

2022-11-22 17:18:39 - [TEST_STEP][PASSED] - response_searchME_kons = reqid_kons: null

2022-11-22 17:18:39 - [TEST_STEP][PASSED] - response_searchME_spouse = reqid_spouse: null

2022-11-22 17:18:39 - [TEST_STEP][PASSED] - println("kons req id is :" + response_searchME_kons): null

2022-11-22 17:18:39 - [TEST_STEP][PASSED] - println("spouse req id is : " + response_searchME_spouse): null

2022-11-22 17:18:39 - [TEST_STEP][PASSED] - verifyResponseStatusCode(req_data, 200): Verify response status code successfully

2022-11-22 17:18:39 - [MESSAGE][PASSED] - Verify response status code successfully

2022-11-22 17:18:39 - [TEST_STEP][PASSED] - response = req_data.getResponseText(): null

2022-11-22 17:18:39 - [TEST_STEP][PASSED] - logInfo($response): {"status":"Done","data":{"requestid1":"242481","requestid2":""}}

2022-11-22 17:18:39 - [MESSAGE][INFO] - {"status":"Done","data":{"requestid1":"242481","requestid2":""}}

2022-11-22 17:18:39 - [TEST_STEP][PASSED] - delay(3): Delayed 3 second(s)

2022-11-22 17:18:42 - [MESSAGE][PASSED] - Delayed 3 second(s)

2022-11-22 17:18:42 - [TEST_STEP][PASSED] - scoring = sendRequest(findTestObject("EngineScore", ["response_searchME_kons":response_searchME_kons, "response_searchME_spouse":response_searchME_spouse])): Send request successfully

2022-11-22 17:18:42 - [MESSAGE][INFO] - HAR: D:\DMS\Engine Scoring\Reports\20221122_171227\Exclude KKB - DS\Scoring Individu - DS\20221122_171227\requests\main\133.har

2022-11-22 17:18:42 - [MESSAGE][PASSED] - Send request successfully

2022-11-22 17:18:42 - [TEST_STEP][PASSED] - verifyResponseStatusCode(scoring, 200): Verify response status code successfully

2022-11-22 17:18:42 - [MESSAGE][PASSED] - Verify response status code successfully

2022-11-22 17:18:42 - [TEST_STEP][PASSED] - response2 = scoring.getResponseText(): null

2022-11-22 17:18:42 - [TEST_STEP][PASSED] - markPassed("result service data ke : " + no): result service data ke : 67

2022-11-22 17:18:42 - [MESSAGE][PASSED] - result service data ke : 67

2022-11-22 17:18:42 - [TEST_STEP][PASSED] - logInfo($response2): {"result_konsumen":"Approve","result_pasangan":"","Final_result":"Approve","errorMessage":"","status":"Done"}

2022-11-22 17:18:42 - [MESSAGE][INFO] - {"result_konsumen":"Approve","result_pasangan":"","Final_result":"Approve","errorMessage":"","status":"Done"}

2022-11-22 17:18:42 - [TEST_STEP][PASSED] - verifyElementPropertyValue(scoring, "Final_result", final_result): Verify element property value successfully

2022-11-22 17:18:42 - [MESSAGE][PASSED] - Verify element property value successfully]]></system-out>
         <system-err><![CDATA[]]></system-err>
      </testcase>
      <testcase name="Test Cases/Engine_Scoring/Engine Scoring" time="4.842" classname="Test Cases/Engine_Scoring/Engine Scoring" status="PASSED">
         <system-out><![CDATA[2022-11-22 17:18:42 - [TEST_CASE][PASSED] - Test Cases/Engine_Scoring/Engine Scoring: Test Cases/Engine_Scoring/Engine Scoring

2022-11-22 17:18:43 - [TEST_STEP][PASSED] - markPassed("Variasi data ke : " + no): Variasi data ke : 68

2022-11-22 17:18:43 - [MESSAGE][PASSED] - Variasi data ke : 68

2022-11-22 17:18:43 - [TEST_STEP][PASSED] - req_data = sendRequest(findTestObject("Search_ME", ["MID":MID, "source":source, "ip":ip, "userid":userid, "branch":branch, "tipekons":tipekons, "marital":marital, "penjamin":penjamin, ... ])): Send request successfully

2022-11-22 17:18:44 - [MESSAGE][INFO] - HAR: D:\DMS\Engine Scoring\Reports\20221122_171227\Exclude KKB - DS\Scoring Individu - DS\20221122_171227\requests\main\134.har

2022-11-22 17:18:44 - [MESSAGE][PASSED] - Send request successfully

2022-11-22 17:18:44 - [TEST_STEP][PASSED] - slurper = new groovy.json.JsonSlurper(): null

2022-11-22 17:18:44 - [TEST_STEP][PASSED] - result = slurper.parseText(req_data.getResponseBodyContent()): null

2022-11-22 17:18:44 - [TEST_STEP][PASSED] - reqid_kons = requestid1: null

2022-11-22 17:18:44 - [TEST_STEP][PASSED] - reqid_spouse = requestid2: null

2022-11-22 17:18:44 - [TEST_STEP][PASSED] - println("requestid kons : " + reqid_kons): null

2022-11-22 17:18:44 - [TEST_STEP][PASSED] - response_searchME_kons = reqid_kons: null

2022-11-22 17:18:44 - [TEST_STEP][PASSED] - response_searchME_spouse = reqid_spouse: null

2022-11-22 17:18:44 - [TEST_STEP][PASSED] - println("kons req id is :" + response_searchME_kons): null

2022-11-22 17:18:44 - [TEST_STEP][PASSED] - println("spouse req id is : " + response_searchME_spouse): null

2022-11-22 17:18:44 - [TEST_STEP][PASSED] - verifyResponseStatusCode(req_data, 200): Verify response status code successfully

2022-11-22 17:18:44 - [MESSAGE][PASSED] - Verify response status code successfully

2022-11-22 17:18:44 - [TEST_STEP][PASSED] - response = req_data.getResponseText(): null

2022-11-22 17:18:44 - [TEST_STEP][PASSED] - logInfo($response): {"status":"Done","data":{"requestid1":"242482","requestid2":""}}

2022-11-22 17:18:44 - [MESSAGE][INFO] - {"status":"Done","data":{"requestid1":"242482","requestid2":""}}

2022-11-22 17:18:44 - [TEST_STEP][PASSED] - delay(3): Delayed 3 second(s)

2022-11-22 17:18:47 - [MESSAGE][PASSED] - Delayed 3 second(s)

2022-11-22 17:18:47 - [TEST_STEP][PASSED] - scoring = sendRequest(findTestObject("EngineScore", ["response_searchME_kons":response_searchME_kons, "response_searchME_spouse":response_searchME_spouse])): Send request successfully

2022-11-22 17:18:47 - [MESSAGE][INFO] - HAR: D:\DMS\Engine Scoring\Reports\20221122_171227\Exclude KKB - DS\Scoring Individu - DS\20221122_171227\requests\main\135.har

2022-11-22 17:18:47 - [MESSAGE][PASSED] - Send request successfully

2022-11-22 17:18:47 - [TEST_STEP][PASSED] - verifyResponseStatusCode(scoring, 200): Verify response status code successfully

2022-11-22 17:18:47 - [MESSAGE][PASSED] - Verify response status code successfully

2022-11-22 17:18:47 - [TEST_STEP][PASSED] - response2 = scoring.getResponseText(): null

2022-11-22 17:18:47 - [TEST_STEP][PASSED] - markPassed("result service data ke : " + no): result service data ke : 68

2022-11-22 17:18:47 - [MESSAGE][PASSED] - result service data ke : 68

2022-11-22 17:18:47 - [TEST_STEP][PASSED] - logInfo($response2): {"result_konsumen":"Approve","result_pasangan":"","Final_result":"Approve","errorMessage":"","status":"Done"}

2022-11-22 17:18:47 - [MESSAGE][INFO] - {"result_konsumen":"Approve","result_pasangan":"","Final_result":"Approve","errorMessage":"","status":"Done"}

2022-11-22 17:18:47 - [TEST_STEP][PASSED] - verifyElementPropertyValue(scoring, "Final_result", final_result): Verify element property value successfully

2022-11-22 17:18:47 - [MESSAGE][PASSED] - Verify element property value successfully]]></system-out>
         <system-err><![CDATA[]]></system-err>
      </testcase>
      <testcase name="Test Cases/Engine_Scoring/Engine Scoring" time="4.974" classname="Test Cases/Engine_Scoring/Engine Scoring" status="PASSED">
         <system-out><![CDATA[2022-11-22 17:18:47 - [TEST_CASE][PASSED] - Test Cases/Engine_Scoring/Engine Scoring: Test Cases/Engine_Scoring/Engine Scoring

2022-11-22 17:18:48 - [TEST_STEP][PASSED] - markPassed("Variasi data ke : " + no): Variasi data ke : 69

2022-11-22 17:18:48 - [MESSAGE][PASSED] - Variasi data ke : 69

2022-11-22 17:18:48 - [TEST_STEP][PASSED] - req_data = sendRequest(findTestObject("Search_ME", ["MID":MID, "source":source, "ip":ip, "userid":userid, "branch":branch, "tipekons":tipekons, "marital":marital, "penjamin":penjamin, ... ])): Send request successfully

2022-11-22 17:18:49 - [MESSAGE][INFO] - HAR: D:\DMS\Engine Scoring\Reports\20221122_171227\Exclude KKB - DS\Scoring Individu - DS\20221122_171227\requests\main\136.har

2022-11-22 17:18:49 - [MESSAGE][PASSED] - Send request successfully

2022-11-22 17:18:49 - [TEST_STEP][PASSED] - slurper = new groovy.json.JsonSlurper(): null

2022-11-22 17:18:49 - [TEST_STEP][PASSED] - result = slurper.parseText(req_data.getResponseBodyContent()): null

2022-11-22 17:18:49 - [TEST_STEP][PASSED] - reqid_kons = requestid1: null

2022-11-22 17:18:49 - [TEST_STEP][PASSED] - reqid_spouse = requestid2: null

2022-11-22 17:18:49 - [TEST_STEP][PASSED] - println("requestid kons : " + reqid_kons): null

2022-11-22 17:18:49 - [TEST_STEP][PASSED] - response_searchME_kons = reqid_kons: null

2022-11-22 17:18:49 - [TEST_STEP][PASSED] - response_searchME_spouse = reqid_spouse: null

2022-11-22 17:18:49 - [TEST_STEP][PASSED] - println("kons req id is :" + response_searchME_kons): null

2022-11-22 17:18:49 - [TEST_STEP][PASSED] - println("spouse req id is : " + response_searchME_spouse): null

2022-11-22 17:18:49 - [TEST_STEP][PASSED] - verifyResponseStatusCode(req_data, 200): Verify response status code successfully

2022-11-22 17:18:49 - [MESSAGE][PASSED] - Verify response status code successfully

2022-11-22 17:18:49 - [TEST_STEP][PASSED] - response = req_data.getResponseText(): null

2022-11-22 17:18:49 - [TEST_STEP][PASSED] - logInfo($response): {"status":"Done","data":{"requestid1":"242483","requestid2":""}}

2022-11-22 17:18:49 - [MESSAGE][INFO] - {"status":"Done","data":{"requestid1":"242483","requestid2":""}}

2022-11-22 17:18:49 - [TEST_STEP][PASSED] - delay(3): Delayed 3 second(s)

2022-11-22 17:18:52 - [MESSAGE][PASSED] - Delayed 3 second(s)

2022-11-22 17:18:52 - [TEST_STEP][PASSED] - scoring = sendRequest(findTestObject("EngineScore", ["response_searchME_kons":response_searchME_kons, "response_searchME_spouse":response_searchME_spouse])): Send request successfully

2022-11-22 17:18:52 - [MESSAGE][INFO] - HAR: D:\DMS\Engine Scoring\Reports\20221122_171227\Exclude KKB - DS\Scoring Individu - DS\20221122_171227\requests\main\137.har

2022-11-22 17:18:52 - [MESSAGE][PASSED] - Send request successfully

2022-11-22 17:18:52 - [TEST_STEP][PASSED] - verifyResponseStatusCode(scoring, 200): Verify response status code successfully

2022-11-22 17:18:52 - [MESSAGE][PASSED] - Verify response status code successfully

2022-11-22 17:18:52 - [TEST_STEP][PASSED] - response2 = scoring.getResponseText(): null

2022-11-22 17:18:52 - [TEST_STEP][PASSED] - markPassed("result service data ke : " + no): result service data ke : 69

2022-11-22 17:18:52 - [MESSAGE][PASSED] - result service data ke : 69

2022-11-22 17:18:52 - [TEST_STEP][PASSED] - logInfo($response2): {"result_konsumen":"Reject","result_pasangan":"","Final_result":"Reject","errorMessage":"","status":"Done"}

2022-11-22 17:18:52 - [MESSAGE][INFO] - {"result_konsumen":"Reject","result_pasangan":"","Final_result":"Reject","errorMessage":"","status":"Done"}

2022-11-22 17:18:52 - [TEST_STEP][PASSED] - verifyElementPropertyValue(scoring, "Final_result", final_result): Verify element property value successfully

2022-11-22 17:18:52 - [MESSAGE][PASSED] - Verify element property value successfully]]></system-out>
         <system-err><![CDATA[]]></system-err>
      </testcase>
      <testcase name="Test Cases/Engine_Scoring/Engine Scoring" time="4.654" classname="Test Cases/Engine_Scoring/Engine Scoring" status="PASSED">
         <system-out><![CDATA[2022-11-22 17:18:52 - [TEST_CASE][PASSED] - Test Cases/Engine_Scoring/Engine Scoring: Test Cases/Engine_Scoring/Engine Scoring

2022-11-22 17:18:53 - [TEST_STEP][PASSED] - markPassed("Variasi data ke : " + no): Variasi data ke : 70

2022-11-22 17:18:53 - [MESSAGE][PASSED] - Variasi data ke : 70

2022-11-22 17:18:53 - [TEST_STEP][PASSED] - req_data = sendRequest(findTestObject("Search_ME", ["MID":MID, "source":source, "ip":ip, "userid":userid, "branch":branch, "tipekons":tipekons, "marital":marital, "penjamin":penjamin, ... ])): Send request successfully

2022-11-22 17:18:54 - [MESSAGE][INFO] - HAR: D:\DMS\Engine Scoring\Reports\20221122_171227\Exclude KKB - DS\Scoring Individu - DS\20221122_171227\requests\main\138.har

2022-11-22 17:18:54 - [MESSAGE][PASSED] - Send request successfully

2022-11-22 17:18:54 - [TEST_STEP][PASSED] - slurper = new groovy.json.JsonSlurper(): null

2022-11-22 17:18:54 - [TEST_STEP][PASSED] - result = slurper.parseText(req_data.getResponseBodyContent()): null

2022-11-22 17:18:54 - [TEST_STEP][PASSED] - reqid_kons = requestid1: null

2022-11-22 17:18:54 - [TEST_STEP][PASSED] - reqid_spouse = requestid2: null

2022-11-22 17:18:54 - [TEST_STEP][PASSED] - println("requestid kons : " + reqid_kons): null

2022-11-22 17:18:54 - [TEST_STEP][PASSED] - response_searchME_kons = reqid_kons: null

2022-11-22 17:18:54 - [TEST_STEP][PASSED] - response_searchME_spouse = reqid_spouse: null

2022-11-22 17:18:54 - [TEST_STEP][PASSED] - println("kons req id is :" + response_searchME_kons): null

2022-11-22 17:18:54 - [TEST_STEP][PASSED] - println("spouse req id is : " + response_searchME_spouse): null

2022-11-22 17:18:54 - [TEST_STEP][PASSED] - verifyResponseStatusCode(req_data, 200): Verify response status code successfully

2022-11-22 17:18:54 - [MESSAGE][PASSED] - Verify response status code successfully

2022-11-22 17:18:54 - [TEST_STEP][PASSED] - response = req_data.getResponseText(): null

2022-11-22 17:18:54 - [TEST_STEP][PASSED] - logInfo($response): {"status":"Done","data":{"requestid1":"242484","requestid2":""}}

2022-11-22 17:18:54 - [MESSAGE][INFO] - {"status":"Done","data":{"requestid1":"242484","requestid2":""}}

2022-11-22 17:18:54 - [TEST_STEP][PASSED] - delay(3): Delayed 3 second(s)

2022-11-22 17:18:57 - [MESSAGE][PASSED] - Delayed 3 second(s)

2022-11-22 17:18:57 - [TEST_STEP][PASSED] - scoring = sendRequest(findTestObject("EngineScore", ["response_searchME_kons":response_searchME_kons, "response_searchME_spouse":response_searchME_spouse])): Send request successfully

2022-11-22 17:18:57 - [MESSAGE][INFO] - HAR: D:\DMS\Engine Scoring\Reports\20221122_171227\Exclude KKB - DS\Scoring Individu - DS\20221122_171227\requests\main\139.har

2022-11-22 17:18:57 - [MESSAGE][PASSED] - Send request successfully

2022-11-22 17:18:57 - [TEST_STEP][PASSED] - verifyResponseStatusCode(scoring, 200): Verify response status code successfully

2022-11-22 17:18:57 - [MESSAGE][PASSED] - Verify response status code successfully

2022-11-22 17:18:57 - [TEST_STEP][PASSED] - response2 = scoring.getResponseText(): null

2022-11-22 17:18:57 - [TEST_STEP][PASSED] - markPassed("result service data ke : " + no): result service data ke : 70

2022-11-22 17:18:57 - [MESSAGE][PASSED] - result service data ke : 70

2022-11-22 17:18:57 - [TEST_STEP][PASSED] - logInfo($response2): {"result_konsumen":"Reject","result_pasangan":"","Final_result":"Reject","errorMessage":"","status":"Done"}

2022-11-22 17:18:57 - [MESSAGE][INFO] - {"result_konsumen":"Reject","result_pasangan":"","Final_result":"Reject","errorMessage":"","status":"Done"}

2022-11-22 17:18:57 - [TEST_STEP][PASSED] - verifyElementPropertyValue(scoring, "Final_result", final_result): Verify element property value successfully

2022-11-22 17:18:57 - [MESSAGE][PASSED] - Verify element property value successfully]]></system-out>
         <system-err><![CDATA[]]></system-err>
      </testcase>
      <testcase name="Test Cases/Engine_Scoring/Engine Scoring" time="65.388" classname="Test Cases/Engine_Scoring/Engine Scoring" status="PASSED">
         <system-out><![CDATA[2022-11-22 17:18:57 - [TEST_CASE][PASSED] - Test Cases/Engine_Scoring/Engine Scoring: Test Cases/Engine_Scoring/Engine Scoring

2022-11-22 17:19:58 - [TEST_STEP][PASSED] - markPassed("Variasi data ke : " + no): Variasi data ke : 71

2022-11-22 17:19:58 - [MESSAGE][PASSED] - Variasi data ke : 71

2022-11-22 17:19:58 - [TEST_STEP][PASSED] - req_data = sendRequest(findTestObject("Search_ME", ["MID":MID, "source":source, "ip":ip, "userid":userid, "branch":branch, "tipekons":tipekons, "marital":marital, "penjamin":penjamin, ... ])): Send request successfully

2022-11-22 17:19:59 - [MESSAGE][INFO] - HAR: D:\DMS\Engine Scoring\Reports\20221122_171227\Exclude KKB - DS\Scoring Individu - DS\20221122_171227\requests\main\140.har

2022-11-22 17:19:59 - [MESSAGE][PASSED] - Send request successfully

2022-11-22 17:19:59 - [TEST_STEP][PASSED] - slurper = new groovy.json.JsonSlurper(): null

2022-11-22 17:19:59 - [TEST_STEP][PASSED] - result = slurper.parseText(req_data.getResponseBodyContent()): null

2022-11-22 17:19:59 - [TEST_STEP][PASSED] - reqid_kons = requestid1: null

2022-11-22 17:19:59 - [TEST_STEP][PASSED] - reqid_spouse = requestid2: null

2022-11-22 17:19:59 - [TEST_STEP][PASSED] - println("requestid kons : " + reqid_kons): null

2022-11-22 17:19:59 - [TEST_STEP][PASSED] - response_searchME_kons = reqid_kons: null

2022-11-22 17:19:59 - [TEST_STEP][PASSED] - response_searchME_spouse = reqid_spouse: null

2022-11-22 17:19:59 - [TEST_STEP][PASSED] - println("kons req id is :" + response_searchME_kons): null

2022-11-22 17:19:59 - [TEST_STEP][PASSED] - println("spouse req id is : " + response_searchME_spouse): null

2022-11-22 17:19:59 - [TEST_STEP][PASSED] - verifyResponseStatusCode(req_data, 200): Verify response status code successfully

2022-11-22 17:19:59 - [MESSAGE][PASSED] - Verify response status code successfully

2022-11-22 17:19:59 - [TEST_STEP][PASSED] - response = req_data.getResponseText(): null

2022-11-22 17:19:59 - [TEST_STEP][PASSED] - logInfo($response): {"status":"Done","data":{"requestid1":"242485","requestid2":""}}

2022-11-22 17:19:59 - [MESSAGE][INFO] - {"status":"Done","data":{"requestid1":"242485","requestid2":""}}

2022-11-22 17:19:59 - [TEST_STEP][PASSED] - delay(3): Delayed 3 second(s)

2022-11-22 17:20:02 - [MESSAGE][PASSED] - Delayed 3 second(s)

2022-11-22 17:20:02 - [TEST_STEP][PASSED] - scoring = sendRequest(findTestObject("EngineScore", ["response_searchME_kons":response_searchME_kons, "response_searchME_spouse":response_searchME_spouse])): Send request successfully

2022-11-22 17:20:02 - [MESSAGE][INFO] - HAR: D:\DMS\Engine Scoring\Reports\20221122_171227\Exclude KKB - DS\Scoring Individu - DS\20221122_171227\requests\main\141.har

2022-11-22 17:20:02 - [MESSAGE][PASSED] - Send request successfully

2022-11-22 17:20:02 - [TEST_STEP][PASSED] - verifyResponseStatusCode(scoring, 200): Verify response status code successfully

2022-11-22 17:20:02 - [MESSAGE][PASSED] - Verify response status code successfully

2022-11-22 17:20:02 - [TEST_STEP][PASSED] - response2 = scoring.getResponseText(): null

2022-11-22 17:20:02 - [TEST_STEP][PASSED] - markPassed("result service data ke : " + no): result service data ke : 71

2022-11-22 17:20:02 - [MESSAGE][PASSED] - result service data ke : 71

2022-11-22 17:20:02 - [TEST_STEP][PASSED] - logInfo($response2): {"result_konsumen":"Reject","result_pasangan":"","Final_result":"Reject","errorMessage":"","status":"Done"}

2022-11-22 17:20:02 - [MESSAGE][INFO] - {"result_konsumen":"Reject","result_pasangan":"","Final_result":"Reject","errorMessage":"","status":"Done"}

2022-11-22 17:20:02 - [TEST_STEP][PASSED] - verifyElementPropertyValue(scoring, "Final_result", final_result): Verify element property value successfully

2022-11-22 17:20:02 - [MESSAGE][PASSED] - Verify element property value successfully]]></system-out>
         <system-err><![CDATA[]]></system-err>
      </testcase>
      <testcase name="Test Cases/Engine_Scoring/Engine Scoring" time="5.002" classname="Test Cases/Engine_Scoring/Engine Scoring" status="PASSED">
         <system-out><![CDATA[2022-11-22 17:20:02 - [TEST_CASE][PASSED] - Test Cases/Engine_Scoring/Engine Scoring: Test Cases/Engine_Scoring/Engine Scoring

2022-11-22 17:20:03 - [TEST_STEP][PASSED] - markPassed("Variasi data ke : " + no): Variasi data ke : 72

2022-11-22 17:20:03 - [MESSAGE][PASSED] - Variasi data ke : 72

2022-11-22 17:20:03 - [TEST_STEP][PASSED] - req_data = sendRequest(findTestObject("Search_ME", ["MID":MID, "source":source, "ip":ip, "userid":userid, "branch":branch, "tipekons":tipekons, "marital":marital, "penjamin":penjamin, ... ])): Send request successfully

2022-11-22 17:20:04 - [MESSAGE][INFO] - HAR: D:\DMS\Engine Scoring\Reports\20221122_171227\Exclude KKB - DS\Scoring Individu - DS\20221122_171227\requests\main\142.har

2022-11-22 17:20:04 - [MESSAGE][PASSED] - Send request successfully

2022-11-22 17:20:04 - [TEST_STEP][PASSED] - slurper = new groovy.json.JsonSlurper(): null

2022-11-22 17:20:04 - [TEST_STEP][PASSED] - result = slurper.parseText(req_data.getResponseBodyContent()): null

2022-11-22 17:20:04 - [TEST_STEP][PASSED] - reqid_kons = requestid1: null

2022-11-22 17:20:04 - [TEST_STEP][PASSED] - reqid_spouse = requestid2: null

2022-11-22 17:20:04 - [TEST_STEP][PASSED] - println("requestid kons : " + reqid_kons): null

2022-11-22 17:20:04 - [TEST_STEP][PASSED] - response_searchME_kons = reqid_kons: null

2022-11-22 17:20:04 - [TEST_STEP][PASSED] - response_searchME_spouse = reqid_spouse: null

2022-11-22 17:20:04 - [TEST_STEP][PASSED] - println("kons req id is :" + response_searchME_kons): null

2022-11-22 17:20:04 - [TEST_STEP][PASSED] - println("spouse req id is : " + response_searchME_spouse): null

2022-11-22 17:20:04 - [TEST_STEP][PASSED] - verifyResponseStatusCode(req_data, 200): Verify response status code successfully

2022-11-22 17:20:04 - [MESSAGE][PASSED] - Verify response status code successfully

2022-11-22 17:20:04 - [TEST_STEP][PASSED] - response = req_data.getResponseText(): null

2022-11-22 17:20:04 - [TEST_STEP][PASSED] - logInfo($response): {"status":"Done","data":{"requestid1":"242486","requestid2":""}}

2022-11-22 17:20:04 - [MESSAGE][INFO] - {"status":"Done","data":{"requestid1":"242486","requestid2":""}}

2022-11-22 17:20:04 - [TEST_STEP][PASSED] - delay(3): Delayed 3 second(s)

2022-11-22 17:20:07 - [MESSAGE][PASSED] - Delayed 3 second(s)

2022-11-22 17:20:07 - [TEST_STEP][PASSED] - scoring = sendRequest(findTestObject("EngineScore", ["response_searchME_kons":response_searchME_kons, "response_searchME_spouse":response_searchME_spouse])): Send request successfully

2022-11-22 17:20:07 - [MESSAGE][INFO] - HAR: D:\DMS\Engine Scoring\Reports\20221122_171227\Exclude KKB - DS\Scoring Individu - DS\20221122_171227\requests\main\143.har

2022-11-22 17:20:07 - [MESSAGE][PASSED] - Send request successfully

2022-11-22 17:20:07 - [TEST_STEP][PASSED] - verifyResponseStatusCode(scoring, 200): Verify response status code successfully

2022-11-22 17:20:07 - [MESSAGE][PASSED] - Verify response status code successfully

2022-11-22 17:20:07 - [TEST_STEP][PASSED] - response2 = scoring.getResponseText(): null

2022-11-22 17:20:07 - [TEST_STEP][PASSED] - markPassed("result service data ke : " + no): result service data ke : 72

2022-11-22 17:20:07 - [MESSAGE][PASSED] - result service data ke : 72

2022-11-22 17:20:07 - [TEST_STEP][PASSED] - logInfo($response2): {"result_konsumen":"Reject","result_pasangan":"","Final_result":"Reject","errorMessage":"","status":"Done"}

2022-11-22 17:20:07 - [MESSAGE][INFO] - {"result_konsumen":"Reject","result_pasangan":"","Final_result":"Reject","errorMessage":"","status":"Done"}

2022-11-22 17:20:07 - [TEST_STEP][PASSED] - verifyElementPropertyValue(scoring, "Final_result", final_result): Verify element property value successfully

2022-11-22 17:20:07 - [MESSAGE][PASSED] - Verify element property value successfully]]></system-out>
         <system-err><![CDATA[]]></system-err>
      </testcase>
      <testcase name="Test Cases/Engine_Scoring/Engine Scoring" time="4.775" classname="Test Cases/Engine_Scoring/Engine Scoring" status="PASSED">
         <system-out><![CDATA[2022-11-22 17:20:07 - [TEST_CASE][PASSED] - Test Cases/Engine_Scoring/Engine Scoring: Test Cases/Engine_Scoring/Engine Scoring

2022-11-22 17:20:08 - [TEST_STEP][PASSED] - markPassed("Variasi data ke : " + no): Variasi data ke : 73

2022-11-22 17:20:08 - [MESSAGE][PASSED] - Variasi data ke : 73

2022-11-22 17:20:08 - [TEST_STEP][PASSED] - req_data = sendRequest(findTestObject("Search_ME", ["MID":MID, "source":source, "ip":ip, "userid":userid, "branch":branch, "tipekons":tipekons, "marital":marital, "penjamin":penjamin, ... ])): Send request successfully

2022-11-22 17:20:09 - [MESSAGE][INFO] - HAR: D:\DMS\Engine Scoring\Reports\20221122_171227\Exclude KKB - DS\Scoring Individu - DS\20221122_171227\requests\main\144.har

2022-11-22 17:20:09 - [MESSAGE][PASSED] - Send request successfully

2022-11-22 17:20:09 - [TEST_STEP][PASSED] - slurper = new groovy.json.JsonSlurper(): null

2022-11-22 17:20:09 - [TEST_STEP][PASSED] - result = slurper.parseText(req_data.getResponseBodyContent()): null

2022-11-22 17:20:09 - [TEST_STEP][PASSED] - reqid_kons = requestid1: null

2022-11-22 17:20:09 - [TEST_STEP][PASSED] - reqid_spouse = requestid2: null

2022-11-22 17:20:09 - [TEST_STEP][PASSED] - println("requestid kons : " + reqid_kons): null

2022-11-22 17:20:09 - [TEST_STEP][PASSED] - response_searchME_kons = reqid_kons: null

2022-11-22 17:20:09 - [TEST_STEP][PASSED] - response_searchME_spouse = reqid_spouse: null

2022-11-22 17:20:09 - [TEST_STEP][PASSED] - println("kons req id is :" + response_searchME_kons): null

2022-11-22 17:20:09 - [TEST_STEP][PASSED] - println("spouse req id is : " + response_searchME_spouse): null

2022-11-22 17:20:09 - [TEST_STEP][PASSED] - verifyResponseStatusCode(req_data, 200): Verify response status code successfully

2022-11-22 17:20:09 - [MESSAGE][PASSED] - Verify response status code successfully

2022-11-22 17:20:09 - [TEST_STEP][PASSED] - response = req_data.getResponseText(): null

2022-11-22 17:20:09 - [TEST_STEP][PASSED] - logInfo($response): {"status":"Done","data":{"requestid1":"242487","requestid2":""}}

2022-11-22 17:20:09 - [MESSAGE][INFO] - {"status":"Done","data":{"requestid1":"242487","requestid2":""}}

2022-11-22 17:20:09 - [TEST_STEP][PASSED] - delay(3): Delayed 3 second(s)

2022-11-22 17:20:12 - [MESSAGE][PASSED] - Delayed 3 second(s)

2022-11-22 17:20:12 - [TEST_STEP][PASSED] - scoring = sendRequest(findTestObject("EngineScore", ["response_searchME_kons":response_searchME_kons, "response_searchME_spouse":response_searchME_spouse])): Send request successfully

2022-11-22 17:20:12 - [MESSAGE][INFO] - HAR: D:\DMS\Engine Scoring\Reports\20221122_171227\Exclude KKB - DS\Scoring Individu - DS\20221122_171227\requests\main\145.har

2022-11-22 17:20:12 - [MESSAGE][PASSED] - Send request successfully

2022-11-22 17:20:12 - [TEST_STEP][PASSED] - verifyResponseStatusCode(scoring, 200): Verify response status code successfully

2022-11-22 17:20:12 - [MESSAGE][PASSED] - Verify response status code successfully

2022-11-22 17:20:12 - [TEST_STEP][PASSED] - response2 = scoring.getResponseText(): null

2022-11-22 17:20:12 - [TEST_STEP][PASSED] - markPassed("result service data ke : " + no): result service data ke : 73

2022-11-22 17:20:12 - [MESSAGE][PASSED] - result service data ke : 73

2022-11-22 17:20:12 - [TEST_STEP][PASSED] - logInfo($response2): {"result_konsumen":"Approve","result_pasangan":"","Final_result":"Approve","errorMessage":"","status":"Done"}

2022-11-22 17:20:12 - [MESSAGE][INFO] - {"result_konsumen":"Approve","result_pasangan":"","Final_result":"Approve","errorMessage":"","status":"Done"}

2022-11-22 17:20:12 - [TEST_STEP][PASSED] - verifyElementPropertyValue(scoring, "Final_result", final_result): Verify element property value successfully

2022-11-22 17:20:12 - [MESSAGE][PASSED] - Verify element property value successfully]]></system-out>
         <system-err><![CDATA[]]></system-err>
      </testcase>
      <testcase name="Test Cases/Engine_Scoring/Engine Scoring" time="4.898" classname="Test Cases/Engine_Scoring/Engine Scoring" status="PASSED">
         <system-out><![CDATA[2022-11-22 17:20:12 - [TEST_CASE][PASSED] - Test Cases/Engine_Scoring/Engine Scoring: Test Cases/Engine_Scoring/Engine Scoring

2022-11-22 17:20:13 - [TEST_STEP][PASSED] - markPassed("Variasi data ke : " + no): Variasi data ke : 74

2022-11-22 17:20:13 - [MESSAGE][PASSED] - Variasi data ke : 74

2022-11-22 17:20:13 - [TEST_STEP][PASSED] - req_data = sendRequest(findTestObject("Search_ME", ["MID":MID, "source":source, "ip":ip, "userid":userid, "branch":branch, "tipekons":tipekons, "marital":marital, "penjamin":penjamin, ... ])): Send request successfully

2022-11-22 17:20:14 - [MESSAGE][INFO] - HAR: D:\DMS\Engine Scoring\Reports\20221122_171227\Exclude KKB - DS\Scoring Individu - DS\20221122_171227\requests\main\146.har

2022-11-22 17:20:14 - [MESSAGE][PASSED] - Send request successfully

2022-11-22 17:20:14 - [TEST_STEP][PASSED] - slurper = new groovy.json.JsonSlurper(): null

2022-11-22 17:20:14 - [TEST_STEP][PASSED] - result = slurper.parseText(req_data.getResponseBodyContent()): null

2022-11-22 17:20:14 - [TEST_STEP][PASSED] - reqid_kons = requestid1: null

2022-11-22 17:20:14 - [TEST_STEP][PASSED] - reqid_spouse = requestid2: null

2022-11-22 17:20:14 - [TEST_STEP][PASSED] - println("requestid kons : " + reqid_kons): null

2022-11-22 17:20:14 - [TEST_STEP][PASSED] - response_searchME_kons = reqid_kons: null

2022-11-22 17:20:14 - [TEST_STEP][PASSED] - response_searchME_spouse = reqid_spouse: null

2022-11-22 17:20:14 - [TEST_STEP][PASSED] - println("kons req id is :" + response_searchME_kons): null

2022-11-22 17:20:14 - [TEST_STEP][PASSED] - println("spouse req id is : " + response_searchME_spouse): null

2022-11-22 17:20:14 - [TEST_STEP][PASSED] - verifyResponseStatusCode(req_data, 200): Verify response status code successfully

2022-11-22 17:20:14 - [MESSAGE][PASSED] - Verify response status code successfully

2022-11-22 17:20:14 - [TEST_STEP][PASSED] - response = req_data.getResponseText(): null

2022-11-22 17:20:14 - [TEST_STEP][PASSED] - logInfo($response): {"status":"Done","data":{"requestid1":"242488","requestid2":""}}

2022-11-22 17:20:14 - [MESSAGE][INFO] - {"status":"Done","data":{"requestid1":"242488","requestid2":""}}

2022-11-22 17:20:14 - [TEST_STEP][PASSED] - delay(3): Delayed 3 second(s)

2022-11-22 17:20:17 - [MESSAGE][PASSED] - Delayed 3 second(s)

2022-11-22 17:20:17 - [TEST_STEP][PASSED] - scoring = sendRequest(findTestObject("EngineScore", ["response_searchME_kons":response_searchME_kons, "response_searchME_spouse":response_searchME_spouse])): Send request successfully

2022-11-22 17:20:17 - [MESSAGE][INFO] - HAR: D:\DMS\Engine Scoring\Reports\20221122_171227\Exclude KKB - DS\Scoring Individu - DS\20221122_171227\requests\main\147.har

2022-11-22 17:20:17 - [MESSAGE][PASSED] - Send request successfully

2022-11-22 17:20:17 - [TEST_STEP][PASSED] - verifyResponseStatusCode(scoring, 200): Verify response status code successfully

2022-11-22 17:20:17 - [MESSAGE][PASSED] - Verify response status code successfully

2022-11-22 17:20:17 - [TEST_STEP][PASSED] - response2 = scoring.getResponseText(): null

2022-11-22 17:20:17 - [TEST_STEP][PASSED] - markPassed("result service data ke : " + no): result service data ke : 74

2022-11-22 17:20:17 - [MESSAGE][PASSED] - result service data ke : 74

2022-11-22 17:20:17 - [TEST_STEP][PASSED] - logInfo($response2): {"result_konsumen":"Approve","result_pasangan":"","Final_result":"Approve","errorMessage":"","status":"Done"}

2022-11-22 17:20:17 - [MESSAGE][INFO] - {"result_konsumen":"Approve","result_pasangan":"","Final_result":"Approve","errorMessage":"","status":"Done"}

2022-11-22 17:20:17 - [TEST_STEP][PASSED] - verifyElementPropertyValue(scoring, "Final_result", final_result): Verify element property value successfully

2022-11-22 17:20:17 - [MESSAGE][PASSED] - Verify element property value successfully]]></system-out>
         <system-err><![CDATA[]]></system-err>
      </testcase>
      <testcase name="Test Cases/Engine_Scoring/Engine Scoring" time="5.109" classname="Test Cases/Engine_Scoring/Engine Scoring" status="PASSED">
         <system-out><![CDATA[2022-11-22 17:20:17 - [TEST_CASE][PASSED] - Test Cases/Engine_Scoring/Engine Scoring: Test Cases/Engine_Scoring/Engine Scoring

2022-11-22 17:20:18 - [TEST_STEP][PASSED] - markPassed("Variasi data ke : " + no): Variasi data ke : 75

2022-11-22 17:20:18 - [MESSAGE][PASSED] - Variasi data ke : 75

2022-11-22 17:20:18 - [TEST_STEP][PASSED] - req_data = sendRequest(findTestObject("Search_ME", ["MID":MID, "source":source, "ip":ip, "userid":userid, "branch":branch, "tipekons":tipekons, "marital":marital, "penjamin":penjamin, ... ])): Send request successfully

2022-11-22 17:20:19 - [MESSAGE][INFO] - HAR: D:\DMS\Engine Scoring\Reports\20221122_171227\Exclude KKB - DS\Scoring Individu - DS\20221122_171227\requests\main\148.har

2022-11-22 17:20:19 - [MESSAGE][PASSED] - Send request successfully

2022-11-22 17:20:19 - [TEST_STEP][PASSED] - slurper = new groovy.json.JsonSlurper(): null

2022-11-22 17:20:19 - [TEST_STEP][PASSED] - result = slurper.parseText(req_data.getResponseBodyContent()): null

2022-11-22 17:20:19 - [TEST_STEP][PASSED] - reqid_kons = requestid1: null

2022-11-22 17:20:19 - [TEST_STEP][PASSED] - reqid_spouse = requestid2: null

2022-11-22 17:20:19 - [TEST_STEP][PASSED] - println("requestid kons : " + reqid_kons): null

2022-11-22 17:20:19 - [TEST_STEP][PASSED] - response_searchME_kons = reqid_kons: null

2022-11-22 17:20:19 - [TEST_STEP][PASSED] - response_searchME_spouse = reqid_spouse: null

2022-11-22 17:20:19 - [TEST_STEP][PASSED] - println("kons req id is :" + response_searchME_kons): null

2022-11-22 17:20:19 - [TEST_STEP][PASSED] - println("spouse req id is : " + response_searchME_spouse): null

2022-11-22 17:20:19 - [TEST_STEP][PASSED] - verifyResponseStatusCode(req_data, 200): Verify response status code successfully

2022-11-22 17:20:19 - [MESSAGE][PASSED] - Verify response status code successfully

2022-11-22 17:20:19 - [TEST_STEP][PASSED] - response = req_data.getResponseText(): null

2022-11-22 17:20:19 - [TEST_STEP][PASSED] - logInfo($response): {"status":"Done","data":{"requestid1":"242489","requestid2":""}}

2022-11-22 17:20:19 - [MESSAGE][INFO] - {"status":"Done","data":{"requestid1":"242489","requestid2":""}}

2022-11-22 17:20:19 - [TEST_STEP][PASSED] - delay(3): Delayed 3 second(s)

2022-11-22 17:20:22 - [MESSAGE][PASSED] - Delayed 3 second(s)

2022-11-22 17:20:22 - [TEST_STEP][PASSED] - scoring = sendRequest(findTestObject("EngineScore", ["response_searchME_kons":response_searchME_kons, "response_searchME_spouse":response_searchME_spouse])): Send request successfully

2022-11-22 17:20:22 - [MESSAGE][INFO] - HAR: D:\DMS\Engine Scoring\Reports\20221122_171227\Exclude KKB - DS\Scoring Individu - DS\20221122_171227\requests\main\149.har

2022-11-22 17:20:22 - [MESSAGE][PASSED] - Send request successfully

2022-11-22 17:20:22 - [TEST_STEP][PASSED] - verifyResponseStatusCode(scoring, 200): Verify response status code successfully

2022-11-22 17:20:22 - [MESSAGE][PASSED] - Verify response status code successfully

2022-11-22 17:20:22 - [TEST_STEP][PASSED] - response2 = scoring.getResponseText(): null

2022-11-22 17:20:22 - [TEST_STEP][PASSED] - markPassed("result service data ke : " + no): result service data ke : 75

2022-11-22 17:20:22 - [MESSAGE][PASSED] - result service data ke : 75

2022-11-22 17:20:22 - [TEST_STEP][PASSED] - logInfo($response2): {"result_konsumen":"Approve","result_pasangan":"","Final_result":"Approve","errorMessage":"","status":"Done"}

2022-11-22 17:20:22 - [MESSAGE][INFO] - {"result_konsumen":"Approve","result_pasangan":"","Final_result":"Approve","errorMessage":"","status":"Done"}

2022-11-22 17:20:22 - [TEST_STEP][PASSED] - verifyElementPropertyValue(scoring, "Final_result", final_result): Verify element property value successfully

2022-11-22 17:20:22 - [MESSAGE][PASSED] - Verify element property value successfully]]></system-out>
         <system-err><![CDATA[]]></system-err>
      </testcase>
      <testcase name="Test Cases/Engine_Scoring/Engine Scoring" time="4.752" classname="Test Cases/Engine_Scoring/Engine Scoring" status="PASSED">
         <system-out><![CDATA[2022-11-22 17:20:22 - [TEST_CASE][PASSED] - Test Cases/Engine_Scoring/Engine Scoring: Test Cases/Engine_Scoring/Engine Scoring

2022-11-22 17:20:23 - [TEST_STEP][PASSED] - markPassed("Variasi data ke : " + no): Variasi data ke : 76

2022-11-22 17:20:23 - [MESSAGE][PASSED] - Variasi data ke : 76

2022-11-22 17:20:23 - [TEST_STEP][PASSED] - req_data = sendRequest(findTestObject("Search_ME", ["MID":MID, "source":source, "ip":ip, "userid":userid, "branch":branch, "tipekons":tipekons, "marital":marital, "penjamin":penjamin, ... ])): Send request successfully

2022-11-22 17:20:24 - [MESSAGE][INFO] - HAR: D:\DMS\Engine Scoring\Reports\20221122_171227\Exclude KKB - DS\Scoring Individu - DS\20221122_171227\requests\main\150.har

2022-11-22 17:20:24 - [MESSAGE][PASSED] - Send request successfully

2022-11-22 17:20:24 - [TEST_STEP][PASSED] - slurper = new groovy.json.JsonSlurper(): null

2022-11-22 17:20:24 - [TEST_STEP][PASSED] - result = slurper.parseText(req_data.getResponseBodyContent()): null

2022-11-22 17:20:24 - [TEST_STEP][PASSED] - reqid_kons = requestid1: null

2022-11-22 17:20:24 - [TEST_STEP][PASSED] - reqid_spouse = requestid2: null

2022-11-22 17:20:24 - [TEST_STEP][PASSED] - println("requestid kons : " + reqid_kons): null

2022-11-22 17:20:24 - [TEST_STEP][PASSED] - response_searchME_kons = reqid_kons: null

2022-11-22 17:20:24 - [TEST_STEP][PASSED] - response_searchME_spouse = reqid_spouse: null

2022-11-22 17:20:24 - [TEST_STEP][PASSED] - println("kons req id is :" + response_searchME_kons): null

2022-11-22 17:20:24 - [TEST_STEP][PASSED] - println("spouse req id is : " + response_searchME_spouse): null

2022-11-22 17:20:24 - [TEST_STEP][PASSED] - verifyResponseStatusCode(req_data, 200): Verify response status code successfully

2022-11-22 17:20:24 - [MESSAGE][PASSED] - Verify response status code successfully

2022-11-22 17:20:24 - [TEST_STEP][PASSED] - response = req_data.getResponseText(): null

2022-11-22 17:20:24 - [TEST_STEP][PASSED] - logInfo($response): {"status":"Done","data":{"requestid1":"242490","requestid2":""}}

2022-11-22 17:20:24 - [MESSAGE][INFO] - {"status":"Done","data":{"requestid1":"242490","requestid2":""}}

2022-11-22 17:20:24 - [TEST_STEP][PASSED] - delay(3): Delayed 3 second(s)

2022-11-22 17:20:27 - [MESSAGE][PASSED] - Delayed 3 second(s)

2022-11-22 17:20:27 - [TEST_STEP][PASSED] - scoring = sendRequest(findTestObject("EngineScore", ["response_searchME_kons":response_searchME_kons, "response_searchME_spouse":response_searchME_spouse])): Send request successfully

2022-11-22 17:20:27 - [MESSAGE][INFO] - HAR: D:\DMS\Engine Scoring\Reports\20221122_171227\Exclude KKB - DS\Scoring Individu - DS\20221122_171227\requests\main\151.har

2022-11-22 17:20:27 - [MESSAGE][PASSED] - Send request successfully

2022-11-22 17:20:27 - [TEST_STEP][PASSED] - verifyResponseStatusCode(scoring, 200): Verify response status code successfully

2022-11-22 17:20:27 - [MESSAGE][PASSED] - Verify response status code successfully

2022-11-22 17:20:27 - [TEST_STEP][PASSED] - response2 = scoring.getResponseText(): null

2022-11-22 17:20:27 - [TEST_STEP][PASSED] - markPassed("result service data ke : " + no): result service data ke : 76

2022-11-22 17:20:27 - [MESSAGE][PASSED] - result service data ke : 76

2022-11-22 17:20:27 - [TEST_STEP][PASSED] - logInfo($response2): {"result_konsumen":"Approve","result_pasangan":"","Final_result":"Approve","errorMessage":"","status":"Done"}

2022-11-22 17:20:27 - [MESSAGE][INFO] - {"result_konsumen":"Approve","result_pasangan":"","Final_result":"Approve","errorMessage":"","status":"Done"}

2022-11-22 17:20:27 - [TEST_STEP][PASSED] - verifyElementPropertyValue(scoring, "Final_result", final_result): Verify element property value successfully

2022-11-22 17:20:27 - [MESSAGE][PASSED] - Verify element property value successfully]]></system-out>
         <system-err><![CDATA[]]></system-err>
      </testcase>
      <testcase name="Test Cases/Engine_Scoring/Engine Scoring" time="4.758" classname="Test Cases/Engine_Scoring/Engine Scoring" status="PASSED">
         <system-out><![CDATA[2022-11-22 17:20:27 - [TEST_CASE][PASSED] - Test Cases/Engine_Scoring/Engine Scoring: Test Cases/Engine_Scoring/Engine Scoring

2022-11-22 17:20:28 - [TEST_STEP][PASSED] - markPassed("Variasi data ke : " + no): Variasi data ke : 77

2022-11-22 17:20:28 - [MESSAGE][PASSED] - Variasi data ke : 77

2022-11-22 17:20:28 - [TEST_STEP][PASSED] - req_data = sendRequest(findTestObject("Search_ME", ["MID":MID, "source":source, "ip":ip, "userid":userid, "branch":branch, "tipekons":tipekons, "marital":marital, "penjamin":penjamin, ... ])): Send request successfully

2022-11-22 17:20:29 - [MESSAGE][INFO] - HAR: D:\DMS\Engine Scoring\Reports\20221122_171227\Exclude KKB - DS\Scoring Individu - DS\20221122_171227\requests\main\152.har

2022-11-22 17:20:29 - [MESSAGE][PASSED] - Send request successfully

2022-11-22 17:20:29 - [TEST_STEP][PASSED] - slurper = new groovy.json.JsonSlurper(): null

2022-11-22 17:20:29 - [TEST_STEP][PASSED] - result = slurper.parseText(req_data.getResponseBodyContent()): null

2022-11-22 17:20:29 - [TEST_STEP][PASSED] - reqid_kons = requestid1: null

2022-11-22 17:20:29 - [TEST_STEP][PASSED] - reqid_spouse = requestid2: null

2022-11-22 17:20:29 - [TEST_STEP][PASSED] - println("requestid kons : " + reqid_kons): null

2022-11-22 17:20:29 - [TEST_STEP][PASSED] - response_searchME_kons = reqid_kons: null

2022-11-22 17:20:29 - [TEST_STEP][PASSED] - response_searchME_spouse = reqid_spouse: null

2022-11-22 17:20:29 - [TEST_STEP][PASSED] - println("kons req id is :" + response_searchME_kons): null

2022-11-22 17:20:29 - [TEST_STEP][PASSED] - println("spouse req id is : " + response_searchME_spouse): null

2022-11-22 17:20:29 - [TEST_STEP][PASSED] - verifyResponseStatusCode(req_data, 200): Verify response status code successfully

2022-11-22 17:20:29 - [MESSAGE][PASSED] - Verify response status code successfully

2022-11-22 17:20:29 - [TEST_STEP][PASSED] - response = req_data.getResponseText(): null

2022-11-22 17:20:29 - [TEST_STEP][PASSED] - logInfo($response): {"status":"Done","data":{"requestid1":"242491","requestid2":""}}

2022-11-22 17:20:29 - [MESSAGE][INFO] - {"status":"Done","data":{"requestid1":"242491","requestid2":""}}

2022-11-22 17:20:29 - [TEST_STEP][PASSED] - delay(3): Delayed 3 second(s)

2022-11-22 17:20:32 - [MESSAGE][PASSED] - Delayed 3 second(s)

2022-11-22 17:20:32 - [TEST_STEP][PASSED] - scoring = sendRequest(findTestObject("EngineScore", ["response_searchME_kons":response_searchME_kons, "response_searchME_spouse":response_searchME_spouse])): Send request successfully

2022-11-22 17:20:32 - [MESSAGE][INFO] - HAR: D:\DMS\Engine Scoring\Reports\20221122_171227\Exclude KKB - DS\Scoring Individu - DS\20221122_171227\requests\main\153.har

2022-11-22 17:20:32 - [MESSAGE][PASSED] - Send request successfully

2022-11-22 17:20:32 - [TEST_STEP][PASSED] - verifyResponseStatusCode(scoring, 200): Verify response status code successfully

2022-11-22 17:20:32 - [MESSAGE][PASSED] - Verify response status code successfully

2022-11-22 17:20:32 - [TEST_STEP][PASSED] - response2 = scoring.getResponseText(): null

2022-11-22 17:20:32 - [TEST_STEP][PASSED] - markPassed("result service data ke : " + no): result service data ke : 77

2022-11-22 17:20:32 - [MESSAGE][PASSED] - result service data ke : 77

2022-11-22 17:20:32 - [TEST_STEP][PASSED] - logInfo($response2): {"result_konsumen":"Reject","result_pasangan":"","Final_result":"Reject","errorMessage":"","status":"Done"}

2022-11-22 17:20:32 - [MESSAGE][INFO] - {"result_konsumen":"Reject","result_pasangan":"","Final_result":"Reject","errorMessage":"","status":"Done"}

2022-11-22 17:20:32 - [TEST_STEP][PASSED] - verifyElementPropertyValue(scoring, "Final_result", final_result): Verify element property value successfully

2022-11-22 17:20:32 - [MESSAGE][PASSED] - Verify element property value successfully]]></system-out>
         <system-err><![CDATA[]]></system-err>
      </testcase>
      <testcase name="Test Cases/Engine_Scoring/Engine Scoring" time="4.865" classname="Test Cases/Engine_Scoring/Engine Scoring" status="PASSED">
         <system-out><![CDATA[2022-11-22 17:20:32 - [TEST_CASE][PASSED] - Test Cases/Engine_Scoring/Engine Scoring: Test Cases/Engine_Scoring/Engine Scoring

2022-11-22 17:20:33 - [TEST_STEP][PASSED] - markPassed("Variasi data ke : " + no): Variasi data ke : 78

2022-11-22 17:20:33 - [MESSAGE][PASSED] - Variasi data ke : 78

2022-11-22 17:20:33 - [TEST_STEP][PASSED] - req_data = sendRequest(findTestObject("Search_ME", ["MID":MID, "source":source, "ip":ip, "userid":userid, "branch":branch, "tipekons":tipekons, "marital":marital, "penjamin":penjamin, ... ])): Send request successfully

2022-11-22 17:20:33 - [MESSAGE][INFO] - HAR: D:\DMS\Engine Scoring\Reports\20221122_171227\Exclude KKB - DS\Scoring Individu - DS\20221122_171227\requests\main\154.har

2022-11-22 17:20:33 - [MESSAGE][PASSED] - Send request successfully

2022-11-22 17:20:33 - [TEST_STEP][PASSED] - slurper = new groovy.json.JsonSlurper(): null

2022-11-22 17:20:33 - [TEST_STEP][PASSED] - result = slurper.parseText(req_data.getResponseBodyContent()): null

2022-11-22 17:20:33 - [TEST_STEP][PASSED] - reqid_kons = requestid1: null

2022-11-22 17:20:33 - [TEST_STEP][PASSED] - reqid_spouse = requestid2: null

2022-11-22 17:20:33 - [TEST_STEP][PASSED] - println("requestid kons : " + reqid_kons): null

2022-11-22 17:20:33 - [TEST_STEP][PASSED] - response_searchME_kons = reqid_kons: null

2022-11-22 17:20:33 - [TEST_STEP][PASSED] - response_searchME_spouse = reqid_spouse: null

2022-11-22 17:20:33 - [TEST_STEP][PASSED] - println("kons req id is :" + response_searchME_kons): null

2022-11-22 17:20:33 - [TEST_STEP][PASSED] - println("spouse req id is : " + response_searchME_spouse): null

2022-11-22 17:20:33 - [TEST_STEP][PASSED] - verifyResponseStatusCode(req_data, 200): Verify response status code successfully

2022-11-22 17:20:33 - [MESSAGE][PASSED] - Verify response status code successfully

2022-11-22 17:20:33 - [TEST_STEP][PASSED] - response = req_data.getResponseText(): null

2022-11-22 17:20:33 - [TEST_STEP][PASSED] - logInfo($response): {"status":"Done","data":{"requestid1":"242492","requestid2":""}}

2022-11-22 17:20:33 - [MESSAGE][INFO] - {"status":"Done","data":{"requestid1":"242492","requestid2":""}}

2022-11-22 17:20:33 - [TEST_STEP][PASSED] - delay(3): Delayed 3 second(s)

2022-11-22 17:20:36 - [MESSAGE][PASSED] - Delayed 3 second(s)

2022-11-22 17:20:36 - [TEST_STEP][PASSED] - scoring = sendRequest(findTestObject("EngineScore", ["response_searchME_kons":response_searchME_kons, "response_searchME_spouse":response_searchME_spouse])): Send request successfully

2022-11-22 17:20:37 - [MESSAGE][INFO] - HAR: D:\DMS\Engine Scoring\Reports\20221122_171227\Exclude KKB - DS\Scoring Individu - DS\20221122_171227\requests\main\155.har

2022-11-22 17:20:37 - [MESSAGE][PASSED] - Send request successfully

2022-11-22 17:20:37 - [TEST_STEP][PASSED] - verifyResponseStatusCode(scoring, 200): Verify response status code successfully

2022-11-22 17:20:37 - [MESSAGE][PASSED] - Verify response status code successfully

2022-11-22 17:20:37 - [TEST_STEP][PASSED] - response2 = scoring.getResponseText(): null

2022-11-22 17:20:37 - [TEST_STEP][PASSED] - markPassed("result service data ke : " + no): result service data ke : 78

2022-11-22 17:20:37 - [MESSAGE][PASSED] - result service data ke : 78

2022-11-22 17:20:37 - [TEST_STEP][PASSED] - logInfo($response2): {"result_konsumen":"Reject","result_pasangan":"","Final_result":"Reject","errorMessage":"","status":"Done"}

2022-11-22 17:20:37 - [MESSAGE][INFO] - {"result_konsumen":"Reject","result_pasangan":"","Final_result":"Reject","errorMessage":"","status":"Done"}

2022-11-22 17:20:37 - [TEST_STEP][PASSED] - verifyElementPropertyValue(scoring, "Final_result", final_result): Verify element property value successfully

2022-11-22 17:20:37 - [MESSAGE][PASSED] - Verify element property value successfully]]></system-out>
         <system-err><![CDATA[]]></system-err>
      </testcase>
      <testcase name="Test Cases/Engine_Scoring/Engine Scoring" time="4.73" classname="Test Cases/Engine_Scoring/Engine Scoring" status="PASSED">
         <system-out><![CDATA[2022-11-22 17:20:37 - [TEST_CASE][PASSED] - Test Cases/Engine_Scoring/Engine Scoring: Test Cases/Engine_Scoring/Engine Scoring

2022-11-22 17:20:37 - [TEST_STEP][PASSED] - markPassed("Variasi data ke : " + no): Variasi data ke : 79

2022-11-22 17:20:37 - [MESSAGE][PASSED] - Variasi data ke : 79

2022-11-22 17:20:37 - [TEST_STEP][PASSED] - req_data = sendRequest(findTestObject("Search_ME", ["MID":MID, "source":source, "ip":ip, "userid":userid, "branch":branch, "tipekons":tipekons, "marital":marital, "penjamin":penjamin, ... ])): Send request successfully

2022-11-22 17:20:38 - [MESSAGE][INFO] - HAR: D:\DMS\Engine Scoring\Reports\20221122_171227\Exclude KKB - DS\Scoring Individu - DS\20221122_171227\requests\main\156.har

2022-11-22 17:20:38 - [MESSAGE][PASSED] - Send request successfully

2022-11-22 17:20:38 - [TEST_STEP][PASSED] - slurper = new groovy.json.JsonSlurper(): null

2022-11-22 17:20:38 - [TEST_STEP][PASSED] - result = slurper.parseText(req_data.getResponseBodyContent()): null

2022-11-22 17:20:38 - [TEST_STEP][PASSED] - reqid_kons = requestid1: null

2022-11-22 17:20:38 - [TEST_STEP][PASSED] - reqid_spouse = requestid2: null

2022-11-22 17:20:38 - [TEST_STEP][PASSED] - println("requestid kons : " + reqid_kons): null

2022-11-22 17:20:38 - [TEST_STEP][PASSED] - response_searchME_kons = reqid_kons: null

2022-11-22 17:20:38 - [TEST_STEP][PASSED] - response_searchME_spouse = reqid_spouse: null

2022-11-22 17:20:38 - [TEST_STEP][PASSED] - println("kons req id is :" + response_searchME_kons): null

2022-11-22 17:20:38 - [TEST_STEP][PASSED] - println("spouse req id is : " + response_searchME_spouse): null

2022-11-22 17:20:38 - [TEST_STEP][PASSED] - verifyResponseStatusCode(req_data, 200): Verify response status code successfully

2022-11-22 17:20:38 - [MESSAGE][PASSED] - Verify response status code successfully

2022-11-22 17:20:38 - [TEST_STEP][PASSED] - response = req_data.getResponseText(): null

2022-11-22 17:20:38 - [TEST_STEP][PASSED] - logInfo($response): {"status":"Done","data":{"requestid1":"242493","requestid2":""}}

2022-11-22 17:20:38 - [MESSAGE][INFO] - {"status":"Done","data":{"requestid1":"242493","requestid2":""}}

2022-11-22 17:20:38 - [TEST_STEP][PASSED] - delay(3): Delayed 3 second(s)

2022-11-22 17:20:41 - [MESSAGE][PASSED] - Delayed 3 second(s)

2022-11-22 17:20:41 - [TEST_STEP][PASSED] - scoring = sendRequest(findTestObject("EngineScore", ["response_searchME_kons":response_searchME_kons, "response_searchME_spouse":response_searchME_spouse])): Send request successfully

2022-11-22 17:20:41 - [MESSAGE][INFO] - HAR: D:\DMS\Engine Scoring\Reports\20221122_171227\Exclude KKB - DS\Scoring Individu - DS\20221122_171227\requests\main\157.har

2022-11-22 17:20:41 - [MESSAGE][PASSED] - Send request successfully

2022-11-22 17:20:41 - [TEST_STEP][PASSED] - verifyResponseStatusCode(scoring, 200): Verify response status code successfully

2022-11-22 17:20:41 - [MESSAGE][PASSED] - Verify response status code successfully

2022-11-22 17:20:41 - [TEST_STEP][PASSED] - response2 = scoring.getResponseText(): null

2022-11-22 17:20:41 - [TEST_STEP][PASSED] - markPassed("result service data ke : " + no): result service data ke : 79

2022-11-22 17:20:41 - [MESSAGE][PASSED] - result service data ke : 79

2022-11-22 17:20:41 - [TEST_STEP][PASSED] - logInfo($response2): {"result_konsumen":"Reguler","result_pasangan":"","Final_result":"Reguler","errorMessage":"","status":"Done"}

2022-11-22 17:20:41 - [MESSAGE][INFO] - {"result_konsumen":"Reguler","result_pasangan":"","Final_result":"Reguler","errorMessage":"","status":"Done"}

2022-11-22 17:20:41 - [TEST_STEP][PASSED] - verifyElementPropertyValue(scoring, "Final_result", final_result): Verify element property value successfully

2022-11-22 17:20:41 - [MESSAGE][PASSED] - Verify element property value successfully]]></system-out>
         <system-err><![CDATA[]]></system-err>
      </testcase>
      <testcase name="Test Cases/Engine_Scoring/Engine Scoring" time="4.828" classname="Test Cases/Engine_Scoring/Engine Scoring" status="PASSED">
         <system-out><![CDATA[2022-11-22 17:20:42 - [TEST_CASE][PASSED] - Test Cases/Engine_Scoring/Engine Scoring: Test Cases/Engine_Scoring/Engine Scoring

2022-11-22 17:20:42 - [TEST_STEP][PASSED] - markPassed("Variasi data ke : " + no): Variasi data ke : 80

2022-11-22 17:20:42 - [MESSAGE][PASSED] - Variasi data ke : 80

2022-11-22 17:20:42 - [TEST_STEP][PASSED] - req_data = sendRequest(findTestObject("Search_ME", ["MID":MID, "source":source, "ip":ip, "userid":userid, "branch":branch, "tipekons":tipekons, "marital":marital, "penjamin":penjamin, ... ])): Send request successfully

2022-11-22 17:20:43 - [MESSAGE][INFO] - HAR: D:\DMS\Engine Scoring\Reports\20221122_171227\Exclude KKB - DS\Scoring Individu - DS\20221122_171227\requests\main\158.har

2022-11-22 17:20:43 - [MESSAGE][PASSED] - Send request successfully

2022-11-22 17:20:43 - [TEST_STEP][PASSED] - slurper = new groovy.json.JsonSlurper(): null

2022-11-22 17:20:43 - [TEST_STEP][PASSED] - result = slurper.parseText(req_data.getResponseBodyContent()): null

2022-11-22 17:20:43 - [TEST_STEP][PASSED] - reqid_kons = requestid1: null

2022-11-22 17:20:43 - [TEST_STEP][PASSED] - reqid_spouse = requestid2: null

2022-11-22 17:20:43 - [TEST_STEP][PASSED] - println("requestid kons : " + reqid_kons): null

2022-11-22 17:20:43 - [TEST_STEP][PASSED] - response_searchME_kons = reqid_kons: null

2022-11-22 17:20:43 - [TEST_STEP][PASSED] - response_searchME_spouse = reqid_spouse: null

2022-11-22 17:20:43 - [TEST_STEP][PASSED] - println("kons req id is :" + response_searchME_kons): null

2022-11-22 17:20:43 - [TEST_STEP][PASSED] - println("spouse req id is : " + response_searchME_spouse): null

2022-11-22 17:20:43 - [TEST_STEP][PASSED] - verifyResponseStatusCode(req_data, 200): Verify response status code successfully

2022-11-22 17:20:43 - [MESSAGE][PASSED] - Verify response status code successfully

2022-11-22 17:20:43 - [TEST_STEP][PASSED] - response = req_data.getResponseText(): null

2022-11-22 17:20:43 - [TEST_STEP][PASSED] - logInfo($response): {"status":"Done","data":{"requestid1":"242494","requestid2":""}}

2022-11-22 17:20:43 - [MESSAGE][INFO] - {"status":"Done","data":{"requestid1":"242494","requestid2":""}}

2022-11-22 17:20:43 - [TEST_STEP][PASSED] - delay(3): Delayed 3 second(s)

2022-11-22 17:20:46 - [MESSAGE][PASSED] - Delayed 3 second(s)

2022-11-22 17:20:46 - [TEST_STEP][PASSED] - scoring = sendRequest(findTestObject("EngineScore", ["response_searchME_kons":response_searchME_kons, "response_searchME_spouse":response_searchME_spouse])): Send request successfully

2022-11-22 17:20:46 - [MESSAGE][INFO] - HAR: D:\DMS\Engine Scoring\Reports\20221122_171227\Exclude KKB - DS\Scoring Individu - DS\20221122_171227\requests\main\159.har

2022-11-22 17:20:46 - [MESSAGE][PASSED] - Send request successfully

2022-11-22 17:20:46 - [TEST_STEP][PASSED] - verifyResponseStatusCode(scoring, 200): Verify response status code successfully

2022-11-22 17:20:46 - [MESSAGE][PASSED] - Verify response status code successfully

2022-11-22 17:20:46 - [TEST_STEP][PASSED] - response2 = scoring.getResponseText(): null

2022-11-22 17:20:46 - [TEST_STEP][PASSED] - markPassed("result service data ke : " + no): result service data ke : 80

2022-11-22 17:20:46 - [MESSAGE][PASSED] - result service data ke : 80

2022-11-22 17:20:46 - [TEST_STEP][PASSED] - logInfo($response2): {"result_konsumen":"Reguler","result_pasangan":"","Final_result":"Reguler","errorMessage":"","status":"Done"}

2022-11-22 17:20:46 - [MESSAGE][INFO] - {"result_konsumen":"Reguler","result_pasangan":"","Final_result":"Reguler","errorMessage":"","status":"Done"}

2022-11-22 17:20:46 - [TEST_STEP][PASSED] - verifyElementPropertyValue(scoring, "Final_result", final_result): Verify element property value successfully

2022-11-22 17:20:46 - [MESSAGE][PASSED] - Verify element property value successfully]]></system-out>
         <system-err><![CDATA[]]></system-err>
      </testcase>
      <testcase name="Test Cases/Engine_Scoring/Engine Scoring" time="5.06" classname="Test Cases/Engine_Scoring/Engine Scoring" status="PASSED">
         <system-out><![CDATA[2022-11-22 17:20:46 - [TEST_CASE][PASSED] - Test Cases/Engine_Scoring/Engine Scoring: Test Cases/Engine_Scoring/Engine Scoring

2022-11-22 17:20:47 - [TEST_STEP][PASSED] - markPassed("Variasi data ke : " + no): Variasi data ke : 81

2022-11-22 17:20:47 - [MESSAGE][PASSED] - Variasi data ke : 81

2022-11-22 17:20:47 - [TEST_STEP][PASSED] - req_data = sendRequest(findTestObject("Search_ME", ["MID":MID, "source":source, "ip":ip, "userid":userid, "branch":branch, "tipekons":tipekons, "marital":marital, "penjamin":penjamin, ... ])): Send request successfully

2022-11-22 17:20:48 - [MESSAGE][INFO] - HAR: D:\DMS\Engine Scoring\Reports\20221122_171227\Exclude KKB - DS\Scoring Individu - DS\20221122_171227\requests\main\160.har

2022-11-22 17:20:48 - [MESSAGE][PASSED] - Send request successfully

2022-11-22 17:20:48 - [TEST_STEP][PASSED] - slurper = new groovy.json.JsonSlurper(): null

2022-11-22 17:20:48 - [TEST_STEP][PASSED] - result = slurper.parseText(req_data.getResponseBodyContent()): null

2022-11-22 17:20:48 - [TEST_STEP][PASSED] - reqid_kons = requestid1: null

2022-11-22 17:20:48 - [TEST_STEP][PASSED] - reqid_spouse = requestid2: null

2022-11-22 17:20:48 - [TEST_STEP][PASSED] - println("requestid kons : " + reqid_kons): null

2022-11-22 17:20:48 - [TEST_STEP][PASSED] - response_searchME_kons = reqid_kons: null

2022-11-22 17:20:48 - [TEST_STEP][PASSED] - response_searchME_spouse = reqid_spouse: null

2022-11-22 17:20:48 - [TEST_STEP][PASSED] - println("kons req id is :" + response_searchME_kons): null

2022-11-22 17:20:48 - [TEST_STEP][PASSED] - println("spouse req id is : " + response_searchME_spouse): null

2022-11-22 17:20:48 - [TEST_STEP][PASSED] - verifyResponseStatusCode(req_data, 200): Verify response status code successfully

2022-11-22 17:20:48 - [MESSAGE][PASSED] - Verify response status code successfully

2022-11-22 17:20:48 - [TEST_STEP][PASSED] - response = req_data.getResponseText(): null

2022-11-22 17:20:48 - [TEST_STEP][PASSED] - logInfo($response): {"status":"Done","data":{"requestid1":"242495","requestid2":""}}

2022-11-22 17:20:48 - [MESSAGE][INFO] - {"status":"Done","data":{"requestid1":"242495","requestid2":""}}

2022-11-22 17:20:48 - [TEST_STEP][PASSED] - delay(3): Delayed 3 second(s)

2022-11-22 17:20:51 - [MESSAGE][PASSED] - Delayed 3 second(s)

2022-11-22 17:20:51 - [TEST_STEP][PASSED] - scoring = sendRequest(findTestObject("EngineScore", ["response_searchME_kons":response_searchME_kons, "response_searchME_spouse":response_searchME_spouse])): Send request successfully

2022-11-22 17:20:51 - [MESSAGE][INFO] - HAR: D:\DMS\Engine Scoring\Reports\20221122_171227\Exclude KKB - DS\Scoring Individu - DS\20221122_171227\requests\main\161.har

2022-11-22 17:20:51 - [MESSAGE][PASSED] - Send request successfully

2022-11-22 17:20:51 - [TEST_STEP][PASSED] - verifyResponseStatusCode(scoring, 200): Verify response status code successfully

2022-11-22 17:20:51 - [MESSAGE][PASSED] - Verify response status code successfully

2022-11-22 17:20:51 - [TEST_STEP][PASSED] - response2 = scoring.getResponseText(): null

2022-11-22 17:20:51 - [TEST_STEP][PASSED] - markPassed("result service data ke : " + no): result service data ke : 81

2022-11-22 17:20:51 - [MESSAGE][PASSED] - result service data ke : 81

2022-11-22 17:20:51 - [TEST_STEP][PASSED] - logInfo($response2): {"result_konsumen":"Reguler","result_pasangan":"","Final_result":"Reguler","errorMessage":"","status":"Done"}

2022-11-22 17:20:51 - [MESSAGE][INFO] - {"result_konsumen":"Reguler","result_pasangan":"","Final_result":"Reguler","errorMessage":"","status":"Done"}

2022-11-22 17:20:51 - [TEST_STEP][PASSED] - verifyElementPropertyValue(scoring, "Final_result", final_result): Verify element property value successfully

2022-11-22 17:20:51 - [MESSAGE][PASSED] - Verify element property value successfully]]></system-out>
         <system-err><![CDATA[]]></system-err>
      </testcase>
      <testcase name="Test Cases/Engine_Scoring/Engine Scoring" time="4.79" classname="Test Cases/Engine_Scoring/Engine Scoring" status="PASSED">
         <system-out><![CDATA[2022-11-22 17:20:51 - [TEST_CASE][PASSED] - Test Cases/Engine_Scoring/Engine Scoring: Test Cases/Engine_Scoring/Engine Scoring

2022-11-22 17:20:52 - [TEST_STEP][PASSED] - markPassed("Variasi data ke : " + no): Variasi data ke : 82

2022-11-22 17:20:52 - [MESSAGE][PASSED] - Variasi data ke : 82

2022-11-22 17:20:52 - [TEST_STEP][PASSED] - req_data = sendRequest(findTestObject("Search_ME", ["MID":MID, "source":source, "ip":ip, "userid":userid, "branch":branch, "tipekons":tipekons, "marital":marital, "penjamin":penjamin, ... ])): Send request successfully

2022-11-22 17:20:53 - [MESSAGE][INFO] - HAR: D:\DMS\Engine Scoring\Reports\20221122_171227\Exclude KKB - DS\Scoring Individu - DS\20221122_171227\requests\main\162.har

2022-11-22 17:20:53 - [MESSAGE][PASSED] - Send request successfully

2022-11-22 17:20:53 - [TEST_STEP][PASSED] - slurper = new groovy.json.JsonSlurper(): null

2022-11-22 17:20:53 - [TEST_STEP][PASSED] - result = slurper.parseText(req_data.getResponseBodyContent()): null

2022-11-22 17:20:53 - [TEST_STEP][PASSED] - reqid_kons = requestid1: null

2022-11-22 17:20:53 - [TEST_STEP][PASSED] - reqid_spouse = requestid2: null

2022-11-22 17:20:53 - [TEST_STEP][PASSED] - println("requestid kons : " + reqid_kons): null

2022-11-22 17:20:53 - [TEST_STEP][PASSED] - response_searchME_kons = reqid_kons: null

2022-11-22 17:20:53 - [TEST_STEP][PASSED] - response_searchME_spouse = reqid_spouse: null

2022-11-22 17:20:53 - [TEST_STEP][PASSED] - println("kons req id is :" + response_searchME_kons): null

2022-11-22 17:20:53 - [TEST_STEP][PASSED] - println("spouse req id is : " + response_searchME_spouse): null

2022-11-22 17:20:53 - [TEST_STEP][PASSED] - verifyResponseStatusCode(req_data, 200): Verify response status code successfully

2022-11-22 17:20:53 - [MESSAGE][PASSED] - Verify response status code successfully

2022-11-22 17:20:53 - [TEST_STEP][PASSED] - response = req_data.getResponseText(): null

2022-11-22 17:20:53 - [TEST_STEP][PASSED] - logInfo($response): {"status":"Done","data":{"requestid1":"242496","requestid2":""}}

2022-11-22 17:20:53 - [MESSAGE][INFO] - {"status":"Done","data":{"requestid1":"242496","requestid2":""}}

2022-11-22 17:20:53 - [TEST_STEP][PASSED] - delay(3): Delayed 3 second(s)

2022-11-22 17:20:56 - [MESSAGE][PASSED] - Delayed 3 second(s)

2022-11-22 17:20:56 - [TEST_STEP][PASSED] - scoring = sendRequest(findTestObject("EngineScore", ["response_searchME_kons":response_searchME_kons, "response_searchME_spouse":response_searchME_spouse])): Send request successfully

2022-11-22 17:20:56 - [MESSAGE][INFO] - HAR: D:\DMS\Engine Scoring\Reports\20221122_171227\Exclude KKB - DS\Scoring Individu - DS\20221122_171227\requests\main\163.har

2022-11-22 17:20:56 - [MESSAGE][PASSED] - Send request successfully

2022-11-22 17:20:56 - [TEST_STEP][PASSED] - verifyResponseStatusCode(scoring, 200): Verify response status code successfully

2022-11-22 17:20:56 - [MESSAGE][PASSED] - Verify response status code successfully

2022-11-22 17:20:56 - [TEST_STEP][PASSED] - response2 = scoring.getResponseText(): null

2022-11-22 17:20:56 - [TEST_STEP][PASSED] - markPassed("result service data ke : " + no): result service data ke : 82

2022-11-22 17:20:56 - [MESSAGE][PASSED] - result service data ke : 82

2022-11-22 17:20:56 - [TEST_STEP][PASSED] - logInfo($response2): {"result_konsumen":"Reguler","result_pasangan":"","Final_result":"Reguler","errorMessage":"","status":"Done"}

2022-11-22 17:20:56 - [MESSAGE][INFO] - {"result_konsumen":"Reguler","result_pasangan":"","Final_result":"Reguler","errorMessage":"","status":"Done"}

2022-11-22 17:20:56 - [TEST_STEP][PASSED] - verifyElementPropertyValue(scoring, "Final_result", final_result): Verify element property value successfully

2022-11-22 17:20:56 - [MESSAGE][PASSED] - Verify element property value successfully]]></system-out>
         <system-err><![CDATA[]]></system-err>
      </testcase>
      <testcase name="Test Cases/Engine_Scoring/Engine Scoring" time="5.001" classname="Test Cases/Engine_Scoring/Engine Scoring" status="PASSED">
         <system-out><![CDATA[2022-11-22 17:20:56 - [TEST_CASE][PASSED] - Test Cases/Engine_Scoring/Engine Scoring: Test Cases/Engine_Scoring/Engine Scoring

2022-11-22 17:20:57 - [TEST_STEP][PASSED] - markPassed("Variasi data ke : " + no): Variasi data ke : 83

2022-11-22 17:20:57 - [MESSAGE][PASSED] - Variasi data ke : 83

2022-11-22 17:20:57 - [TEST_STEP][PASSED] - req_data = sendRequest(findTestObject("Search_ME", ["MID":MID, "source":source, "ip":ip, "userid":userid, "branch":branch, "tipekons":tipekons, "marital":marital, "penjamin":penjamin, ... ])): Send request successfully

2022-11-22 17:20:58 - [MESSAGE][INFO] - HAR: D:\DMS\Engine Scoring\Reports\20221122_171227\Exclude KKB - DS\Scoring Individu - DS\20221122_171227\requests\main\164.har

2022-11-22 17:20:58 - [MESSAGE][PASSED] - Send request successfully

2022-11-22 17:20:58 - [TEST_STEP][PASSED] - slurper = new groovy.json.JsonSlurper(): null

2022-11-22 17:20:58 - [TEST_STEP][PASSED] - result = slurper.parseText(req_data.getResponseBodyContent()): null

2022-11-22 17:20:58 - [TEST_STEP][PASSED] - reqid_kons = requestid1: null

2022-11-22 17:20:58 - [TEST_STEP][PASSED] - reqid_spouse = requestid2: null

2022-11-22 17:20:58 - [TEST_STEP][PASSED] - println("requestid kons : " + reqid_kons): null

2022-11-22 17:20:58 - [TEST_STEP][PASSED] - response_searchME_kons = reqid_kons: null

2022-11-22 17:20:58 - [TEST_STEP][PASSED] - response_searchME_spouse = reqid_spouse: null

2022-11-22 17:20:58 - [TEST_STEP][PASSED] - println("kons req id is :" + response_searchME_kons): null

2022-11-22 17:20:58 - [TEST_STEP][PASSED] - println("spouse req id is : " + response_searchME_spouse): null

2022-11-22 17:20:58 - [TEST_STEP][PASSED] - verifyResponseStatusCode(req_data, 200): Verify response status code successfully

2022-11-22 17:20:58 - [MESSAGE][PASSED] - Verify response status code successfully

2022-11-22 17:20:58 - [TEST_STEP][PASSED] - response = req_data.getResponseText(): null

2022-11-22 17:20:58 - [TEST_STEP][PASSED] - logInfo($response): {"status":"Done","data":{"requestid1":"242497","requestid2":""}}

2022-11-22 17:20:58 - [MESSAGE][INFO] - {"status":"Done","data":{"requestid1":"242497","requestid2":""}}

2022-11-22 17:20:58 - [TEST_STEP][PASSED] - delay(3): Delayed 3 second(s)

2022-11-22 17:21:01 - [MESSAGE][PASSED] - Delayed 3 second(s)

2022-11-22 17:21:01 - [TEST_STEP][PASSED] - scoring = sendRequest(findTestObject("EngineScore", ["response_searchME_kons":response_searchME_kons, "response_searchME_spouse":response_searchME_spouse])): Send request successfully

2022-11-22 17:21:01 - [MESSAGE][INFO] - HAR: D:\DMS\Engine Scoring\Reports\20221122_171227\Exclude KKB - DS\Scoring Individu - DS\20221122_171227\requests\main\165.har

2022-11-22 17:21:01 - [MESSAGE][PASSED] - Send request successfully

2022-11-22 17:21:01 - [TEST_STEP][PASSED] - verifyResponseStatusCode(scoring, 200): Verify response status code successfully

2022-11-22 17:21:01 - [MESSAGE][PASSED] - Verify response status code successfully

2022-11-22 17:21:01 - [TEST_STEP][PASSED] - response2 = scoring.getResponseText(): null

2022-11-22 17:21:01 - [TEST_STEP][PASSED] - markPassed("result service data ke : " + no): result service data ke : 83

2022-11-22 17:21:01 - [MESSAGE][PASSED] - result service data ke : 83

2022-11-22 17:21:01 - [TEST_STEP][PASSED] - logInfo($response2): {"result_konsumen":"Reguler","result_pasangan":"","Final_result":"Reguler","errorMessage":"","status":"Done"}

2022-11-22 17:21:01 - [MESSAGE][INFO] - {"result_konsumen":"Reguler","result_pasangan":"","Final_result":"Reguler","errorMessage":"","status":"Done"}

2022-11-22 17:21:01 - [TEST_STEP][PASSED] - verifyElementPropertyValue(scoring, "Final_result", final_result): Verify element property value successfully

2022-11-22 17:21:01 - [MESSAGE][PASSED] - Verify element property value successfully]]></system-out>
         <system-err><![CDATA[]]></system-err>
      </testcase>
      <testcase name="Test Cases/Engine_Scoring/Engine Scoring" time="4.98" classname="Test Cases/Engine_Scoring/Engine Scoring" status="PASSED">
         <system-out><![CDATA[2022-11-22 17:21:01 - [TEST_CASE][PASSED] - Test Cases/Engine_Scoring/Engine Scoring: Test Cases/Engine_Scoring/Engine Scoring

2022-11-22 17:21:02 - [TEST_STEP][PASSED] - markPassed("Variasi data ke : " + no): Variasi data ke : 84

2022-11-22 17:21:02 - [MESSAGE][PASSED] - Variasi data ke : 84

2022-11-22 17:21:02 - [TEST_STEP][PASSED] - req_data = sendRequest(findTestObject("Search_ME", ["MID":MID, "source":source, "ip":ip, "userid":userid, "branch":branch, "tipekons":tipekons, "marital":marital, "penjamin":penjamin, ... ])): Send request successfully

2022-11-22 17:21:03 - [MESSAGE][INFO] - HAR: D:\DMS\Engine Scoring\Reports\20221122_171227\Exclude KKB - DS\Scoring Individu - DS\20221122_171227\requests\main\166.har

2022-11-22 17:21:03 - [MESSAGE][PASSED] - Send request successfully

2022-11-22 17:21:03 - [TEST_STEP][PASSED] - slurper = new groovy.json.JsonSlurper(): null

2022-11-22 17:21:03 - [TEST_STEP][PASSED] - result = slurper.parseText(req_data.getResponseBodyContent()): null

2022-11-22 17:21:03 - [TEST_STEP][PASSED] - reqid_kons = requestid1: null

2022-11-22 17:21:03 - [TEST_STEP][PASSED] - reqid_spouse = requestid2: null

2022-11-22 17:21:03 - [TEST_STEP][PASSED] - println("requestid kons : " + reqid_kons): null

2022-11-22 17:21:03 - [TEST_STEP][PASSED] - response_searchME_kons = reqid_kons: null

2022-11-22 17:21:03 - [TEST_STEP][PASSED] - response_searchME_spouse = reqid_spouse: null

2022-11-22 17:21:03 - [TEST_STEP][PASSED] - println("kons req id is :" + response_searchME_kons): null

2022-11-22 17:21:03 - [TEST_STEP][PASSED] - println("spouse req id is : " + response_searchME_spouse): null

2022-11-22 17:21:03 - [TEST_STEP][PASSED] - verifyResponseStatusCode(req_data, 200): Verify response status code successfully

2022-11-22 17:21:03 - [MESSAGE][PASSED] - Verify response status code successfully

2022-11-22 17:21:03 - [TEST_STEP][PASSED] - response = req_data.getResponseText(): null

2022-11-22 17:21:03 - [TEST_STEP][PASSED] - logInfo($response): {"status":"Done","data":{"requestid1":"242498","requestid2":""}}

2022-11-22 17:21:03 - [MESSAGE][INFO] - {"status":"Done","data":{"requestid1":"242498","requestid2":""}}

2022-11-22 17:21:03 - [TEST_STEP][PASSED] - delay(3): Delayed 3 second(s)

2022-11-22 17:21:06 - [MESSAGE][PASSED] - Delayed 3 second(s)

2022-11-22 17:21:06 - [TEST_STEP][PASSED] - scoring = sendRequest(findTestObject("EngineScore", ["response_searchME_kons":response_searchME_kons, "response_searchME_spouse":response_searchME_spouse])): Send request successfully

2022-11-22 17:21:06 - [MESSAGE][INFO] - HAR: D:\DMS\Engine Scoring\Reports\20221122_171227\Exclude KKB - DS\Scoring Individu - DS\20221122_171227\requests\main\167.har

2022-11-22 17:21:06 - [MESSAGE][PASSED] - Send request successfully

2022-11-22 17:21:06 - [TEST_STEP][PASSED] - verifyResponseStatusCode(scoring, 200): Verify response status code successfully

2022-11-22 17:21:06 - [MESSAGE][PASSED] - Verify response status code successfully

2022-11-22 17:21:06 - [TEST_STEP][PASSED] - response2 = scoring.getResponseText(): null

2022-11-22 17:21:06 - [TEST_STEP][PASSED] - markPassed("result service data ke : " + no): result service data ke : 84

2022-11-22 17:21:06 - [MESSAGE][PASSED] - result service data ke : 84

2022-11-22 17:21:06 - [TEST_STEP][PASSED] - logInfo($response2): {"result_konsumen":"Reguler","result_pasangan":"","Final_result":"Reguler","errorMessage":"","status":"Done"}

2022-11-22 17:21:06 - [MESSAGE][INFO] - {"result_konsumen":"Reguler","result_pasangan":"","Final_result":"Reguler","errorMessage":"","status":"Done"}

2022-11-22 17:21:06 - [TEST_STEP][PASSED] - verifyElementPropertyValue(scoring, "Final_result", final_result): Verify element property value successfully

2022-11-22 17:21:06 - [MESSAGE][PASSED] - Verify element property value successfully]]></system-out>
         <system-err><![CDATA[]]></system-err>
      </testcase>
      <testcase name="Test Cases/Engine_Scoring/Engine Scoring" time="5.014" classname="Test Cases/Engine_Scoring/Engine Scoring" status="PASSED">
         <system-out><![CDATA[2022-11-22 17:21:06 - [TEST_CASE][PASSED] - Test Cases/Engine_Scoring/Engine Scoring: Test Cases/Engine_Scoring/Engine Scoring

2022-11-22 17:21:07 - [TEST_STEP][PASSED] - markPassed("Variasi data ke : " + no): Variasi data ke : 85

2022-11-22 17:21:07 - [MESSAGE][PASSED] - Variasi data ke : 85

2022-11-22 17:21:07 - [TEST_STEP][PASSED] - req_data = sendRequest(findTestObject("Search_ME", ["MID":MID, "source":source, "ip":ip, "userid":userid, "branch":branch, "tipekons":tipekons, "marital":marital, "penjamin":penjamin, ... ])): Send request successfully

2022-11-22 17:21:08 - [MESSAGE][INFO] - HAR: D:\DMS\Engine Scoring\Reports\20221122_171227\Exclude KKB - DS\Scoring Individu - DS\20221122_171227\requests\main\168.har

2022-11-22 17:21:08 - [MESSAGE][PASSED] - Send request successfully

2022-11-22 17:21:08 - [TEST_STEP][PASSED] - slurper = new groovy.json.JsonSlurper(): null

2022-11-22 17:21:08 - [TEST_STEP][PASSED] - result = slurper.parseText(req_data.getResponseBodyContent()): null

2022-11-22 17:21:08 - [TEST_STEP][PASSED] - reqid_kons = requestid1: null

2022-11-22 17:21:08 - [TEST_STEP][PASSED] - reqid_spouse = requestid2: null

2022-11-22 17:21:08 - [TEST_STEP][PASSED] - println("requestid kons : " + reqid_kons): null

2022-11-22 17:21:08 - [TEST_STEP][PASSED] - response_searchME_kons = reqid_kons: null

2022-11-22 17:21:08 - [TEST_STEP][PASSED] - response_searchME_spouse = reqid_spouse: null

2022-11-22 17:21:08 - [TEST_STEP][PASSED] - println("kons req id is :" + response_searchME_kons): null

2022-11-22 17:21:08 - [TEST_STEP][PASSED] - println("spouse req id is : " + response_searchME_spouse): null

2022-11-22 17:21:08 - [TEST_STEP][PASSED] - verifyResponseStatusCode(req_data, 200): Verify response status code successfully

2022-11-22 17:21:08 - [MESSAGE][PASSED] - Verify response status code successfully

2022-11-22 17:21:08 - [TEST_STEP][PASSED] - response = req_data.getResponseText(): null

2022-11-22 17:21:08 - [TEST_STEP][PASSED] - logInfo($response): {"status":"Done","data":{"requestid1":"242499","requestid2":""}}

2022-11-22 17:21:08 - [MESSAGE][INFO] - {"status":"Done","data":{"requestid1":"242499","requestid2":""}}

2022-11-22 17:21:08 - [TEST_STEP][PASSED] - delay(3): Delayed 3 second(s)

2022-11-22 17:21:11 - [MESSAGE][PASSED] - Delayed 3 second(s)

2022-11-22 17:21:11 - [TEST_STEP][PASSED] - scoring = sendRequest(findTestObject("EngineScore", ["response_searchME_kons":response_searchME_kons, "response_searchME_spouse":response_searchME_spouse])): Send request successfully

2022-11-22 17:21:11 - [MESSAGE][INFO] - HAR: D:\DMS\Engine Scoring\Reports\20221122_171227\Exclude KKB - DS\Scoring Individu - DS\20221122_171227\requests\main\169.har

2022-11-22 17:21:11 - [MESSAGE][PASSED] - Send request successfully

2022-11-22 17:21:11 - [TEST_STEP][PASSED] - verifyResponseStatusCode(scoring, 200): Verify response status code successfully

2022-11-22 17:21:11 - [MESSAGE][PASSED] - Verify response status code successfully

2022-11-22 17:21:11 - [TEST_STEP][PASSED] - response2 = scoring.getResponseText(): null

2022-11-22 17:21:11 - [TEST_STEP][PASSED] - markPassed("result service data ke : " + no): result service data ke : 85

2022-11-22 17:21:11 - [MESSAGE][PASSED] - result service data ke : 85

2022-11-22 17:21:11 - [TEST_STEP][PASSED] - logInfo($response2): {"result_konsumen":"Reguler","result_pasangan":"","Final_result":"Reguler","errorMessage":"","status":"Done"}

2022-11-22 17:21:11 - [MESSAGE][INFO] - {"result_konsumen":"Reguler","result_pasangan":"","Final_result":"Reguler","errorMessage":"","status":"Done"}

2022-11-22 17:21:11 - [TEST_STEP][PASSED] - verifyElementPropertyValue(scoring, "Final_result", final_result): Verify element property value successfully

2022-11-22 17:21:11 - [MESSAGE][PASSED] - Verify element property value successfully]]></system-out>
         <system-err><![CDATA[]]></system-err>
      </testcase>
      <testcase name="Test Cases/Engine_Scoring/Engine Scoring" time="4.98" classname="Test Cases/Engine_Scoring/Engine Scoring" status="PASSED">
         <system-out><![CDATA[2022-11-22 17:21:11 - [TEST_CASE][PASSED] - Test Cases/Engine_Scoring/Engine Scoring: Test Cases/Engine_Scoring/Engine Scoring

2022-11-22 17:21:12 - [TEST_STEP][PASSED] - markPassed("Variasi data ke : " + no): Variasi data ke : 86

2022-11-22 17:21:12 - [MESSAGE][PASSED] - Variasi data ke : 86

2022-11-22 17:21:12 - [TEST_STEP][PASSED] - req_data = sendRequest(findTestObject("Search_ME", ["MID":MID, "source":source, "ip":ip, "userid":userid, "branch":branch, "tipekons":tipekons, "marital":marital, "penjamin":penjamin, ... ])): Send request successfully

2022-11-22 17:21:13 - [MESSAGE][INFO] - HAR: D:\DMS\Engine Scoring\Reports\20221122_171227\Exclude KKB - DS\Scoring Individu - DS\20221122_171227\requests\main\170.har

2022-11-22 17:21:13 - [MESSAGE][PASSED] - Send request successfully

2022-11-22 17:21:13 - [TEST_STEP][PASSED] - slurper = new groovy.json.JsonSlurper(): null

2022-11-22 17:21:13 - [TEST_STEP][PASSED] - result = slurper.parseText(req_data.getResponseBodyContent()): null

2022-11-22 17:21:13 - [TEST_STEP][PASSED] - reqid_kons = requestid1: null

2022-11-22 17:21:13 - [TEST_STEP][PASSED] - reqid_spouse = requestid2: null

2022-11-22 17:21:13 - [TEST_STEP][PASSED] - println("requestid kons : " + reqid_kons): null

2022-11-22 17:21:13 - [TEST_STEP][PASSED] - response_searchME_kons = reqid_kons: null

2022-11-22 17:21:13 - [TEST_STEP][PASSED] - response_searchME_spouse = reqid_spouse: null

2022-11-22 17:21:13 - [TEST_STEP][PASSED] - println("kons req id is :" + response_searchME_kons): null

2022-11-22 17:21:13 - [TEST_STEP][PASSED] - println("spouse req id is : " + response_searchME_spouse): null

2022-11-22 17:21:13 - [TEST_STEP][PASSED] - verifyResponseStatusCode(req_data, 200): Verify response status code successfully

2022-11-22 17:21:13 - [MESSAGE][PASSED] - Verify response status code successfully

2022-11-22 17:21:13 - [TEST_STEP][PASSED] - response = req_data.getResponseText(): null

2022-11-22 17:21:13 - [TEST_STEP][PASSED] - logInfo($response): {"status":"Done","data":{"requestid1":"242500","requestid2":""}}

2022-11-22 17:21:13 - [MESSAGE][INFO] - {"status":"Done","data":{"requestid1":"242500","requestid2":""}}

2022-11-22 17:21:13 - [TEST_STEP][PASSED] - delay(3): Delayed 3 second(s)

2022-11-22 17:21:16 - [MESSAGE][PASSED] - Delayed 3 second(s)

2022-11-22 17:21:16 - [TEST_STEP][PASSED] - scoring = sendRequest(findTestObject("EngineScore", ["response_searchME_kons":response_searchME_kons, "response_searchME_spouse":response_searchME_spouse])): Send request successfully

2022-11-22 17:21:16 - [MESSAGE][INFO] - HAR: D:\DMS\Engine Scoring\Reports\20221122_171227\Exclude KKB - DS\Scoring Individu - DS\20221122_171227\requests\main\171.har

2022-11-22 17:21:16 - [MESSAGE][PASSED] - Send request successfully

2022-11-22 17:21:16 - [TEST_STEP][PASSED] - verifyResponseStatusCode(scoring, 200): Verify response status code successfully

2022-11-22 17:21:16 - [MESSAGE][PASSED] - Verify response status code successfully

2022-11-22 17:21:16 - [TEST_STEP][PASSED] - response2 = scoring.getResponseText(): null

2022-11-22 17:21:16 - [TEST_STEP][PASSED] - markPassed("result service data ke : " + no): result service data ke : 86

2022-11-22 17:21:16 - [MESSAGE][PASSED] - result service data ke : 86

2022-11-22 17:21:16 - [TEST_STEP][PASSED] - logInfo($response2): {"result_konsumen":"Reguler","result_pasangan":"","Final_result":"Reguler","errorMessage":"","status":"Done"}

2022-11-22 17:21:16 - [MESSAGE][INFO] - {"result_konsumen":"Reguler","result_pasangan":"","Final_result":"Reguler","errorMessage":"","status":"Done"}

2022-11-22 17:21:16 - [TEST_STEP][PASSED] - verifyElementPropertyValue(scoring, "Final_result", final_result): Verify element property value successfully

2022-11-22 17:21:16 - [MESSAGE][PASSED] - Verify element property value successfully]]></system-out>
         <system-err><![CDATA[]]></system-err>
      </testcase>
      <testcase name="Test Cases/Engine_Scoring/Engine Scoring" time="4.98" classname="Test Cases/Engine_Scoring/Engine Scoring" status="PASSED">
         <system-out><![CDATA[2022-11-22 17:21:17 - [TEST_CASE][PASSED] - Test Cases/Engine_Scoring/Engine Scoring: Test Cases/Engine_Scoring/Engine Scoring

2022-11-22 17:21:17 - [TEST_STEP][PASSED] - markPassed("Variasi data ke : " + no): Variasi data ke : 87

2022-11-22 17:21:17 - [MESSAGE][PASSED] - Variasi data ke : 87

2022-11-22 17:21:17 - [TEST_STEP][PASSED] - req_data = sendRequest(findTestObject("Search_ME", ["MID":MID, "source":source, "ip":ip, "userid":userid, "branch":branch, "tipekons":tipekons, "marital":marital, "penjamin":penjamin, ... ])): Send request successfully

2022-11-22 17:21:18 - [MESSAGE][INFO] - HAR: D:\DMS\Engine Scoring\Reports\20221122_171227\Exclude KKB - DS\Scoring Individu - DS\20221122_171227\requests\main\172.har

2022-11-22 17:21:18 - [MESSAGE][PASSED] - Send request successfully

2022-11-22 17:21:18 - [TEST_STEP][PASSED] - slurper = new groovy.json.JsonSlurper(): null

2022-11-22 17:21:18 - [TEST_STEP][PASSED] - result = slurper.parseText(req_data.getResponseBodyContent()): null

2022-11-22 17:21:18 - [TEST_STEP][PASSED] - reqid_kons = requestid1: null

2022-11-22 17:21:18 - [TEST_STEP][PASSED] - reqid_spouse = requestid2: null

2022-11-22 17:21:18 - [TEST_STEP][PASSED] - println("requestid kons : " + reqid_kons): null

2022-11-22 17:21:18 - [TEST_STEP][PASSED] - response_searchME_kons = reqid_kons: null

2022-11-22 17:21:18 - [TEST_STEP][PASSED] - response_searchME_spouse = reqid_spouse: null

2022-11-22 17:21:18 - [TEST_STEP][PASSED] - println("kons req id is :" + response_searchME_kons): null

2022-11-22 17:21:18 - [TEST_STEP][PASSED] - println("spouse req id is : " + response_searchME_spouse): null

2022-11-22 17:21:18 - [TEST_STEP][PASSED] - verifyResponseStatusCode(req_data, 200): Verify response status code successfully

2022-11-22 17:21:18 - [MESSAGE][PASSED] - Verify response status code successfully

2022-11-22 17:21:18 - [TEST_STEP][PASSED] - response = req_data.getResponseText(): null

2022-11-22 17:21:18 - [TEST_STEP][PASSED] - logInfo($response): {"status":"Done","data":{"requestid1":"242501","requestid2":""}}

2022-11-22 17:21:18 - [MESSAGE][INFO] - {"status":"Done","data":{"requestid1":"242501","requestid2":""}}

2022-11-22 17:21:18 - [TEST_STEP][PASSED] - delay(3): Delayed 3 second(s)

2022-11-22 17:21:21 - [MESSAGE][PASSED] - Delayed 3 second(s)

2022-11-22 17:21:21 - [TEST_STEP][PASSED] - scoring = sendRequest(findTestObject("EngineScore", ["response_searchME_kons":response_searchME_kons, "response_searchME_spouse":response_searchME_spouse])): Send request successfully

2022-11-22 17:21:21 - [MESSAGE][INFO] - HAR: D:\DMS\Engine Scoring\Reports\20221122_171227\Exclude KKB - DS\Scoring Individu - DS\20221122_171227\requests\main\173.har

2022-11-22 17:21:21 - [MESSAGE][PASSED] - Send request successfully

2022-11-22 17:21:21 - [TEST_STEP][PASSED] - verifyResponseStatusCode(scoring, 200): Verify response status code successfully

2022-11-22 17:21:21 - [MESSAGE][PASSED] - Verify response status code successfully

2022-11-22 17:21:21 - [TEST_STEP][PASSED] - response2 = scoring.getResponseText(): null

2022-11-22 17:21:21 - [TEST_STEP][PASSED] - markPassed("result service data ke : " + no): result service data ke : 87

2022-11-22 17:21:21 - [MESSAGE][PASSED] - result service data ke : 87

2022-11-22 17:21:21 - [TEST_STEP][PASSED] - logInfo($response2): {"result_konsumen":"Approve","result_pasangan":"","Final_result":"Approve","errorMessage":"","status":"Done"}

2022-11-22 17:21:21 - [MESSAGE][INFO] - {"result_konsumen":"Approve","result_pasangan":"","Final_result":"Approve","errorMessage":"","status":"Done"}

2022-11-22 17:21:21 - [TEST_STEP][PASSED] - verifyElementPropertyValue(scoring, "Final_result", final_result): Verify element property value successfully

2022-11-22 17:21:22 - [MESSAGE][PASSED] - Verify element property value successfully]]></system-out>
         <system-err><![CDATA[]]></system-err>
      </testcase>
      <testcase name="Test Cases/Engine_Scoring/Engine Scoring" time="5.054" classname="Test Cases/Engine_Scoring/Engine Scoring" status="PASSED">
         <system-out><![CDATA[2022-11-22 17:21:22 - [TEST_CASE][PASSED] - Test Cases/Engine_Scoring/Engine Scoring: Test Cases/Engine_Scoring/Engine Scoring

2022-11-22 17:21:22 - [TEST_STEP][PASSED] - markPassed("Variasi data ke : " + no): Variasi data ke : 88

2022-11-22 17:21:22 - [MESSAGE][PASSED] - Variasi data ke : 88

2022-11-22 17:21:22 - [TEST_STEP][PASSED] - req_data = sendRequest(findTestObject("Search_ME", ["MID":MID, "source":source, "ip":ip, "userid":userid, "branch":branch, "tipekons":tipekons, "marital":marital, "penjamin":penjamin, ... ])): Send request successfully

2022-11-22 17:21:23 - [MESSAGE][INFO] - HAR: D:\DMS\Engine Scoring\Reports\20221122_171227\Exclude KKB - DS\Scoring Individu - DS\20221122_171227\requests\main\174.har

2022-11-22 17:21:23 - [MESSAGE][PASSED] - Send request successfully

2022-11-22 17:21:23 - [TEST_STEP][PASSED] - slurper = new groovy.json.JsonSlurper(): null

2022-11-22 17:21:23 - [TEST_STEP][PASSED] - result = slurper.parseText(req_data.getResponseBodyContent()): null

2022-11-22 17:21:23 - [TEST_STEP][PASSED] - reqid_kons = requestid1: null

2022-11-22 17:21:23 - [TEST_STEP][PASSED] - reqid_spouse = requestid2: null

2022-11-22 17:21:23 - [TEST_STEP][PASSED] - println("requestid kons : " + reqid_kons): null

2022-11-22 17:21:23 - [TEST_STEP][PASSED] - response_searchME_kons = reqid_kons: null

2022-11-22 17:21:23 - [TEST_STEP][PASSED] - response_searchME_spouse = reqid_spouse: null

2022-11-22 17:21:23 - [TEST_STEP][PASSED] - println("kons req id is :" + response_searchME_kons): null

2022-11-22 17:21:23 - [TEST_STEP][PASSED] - println("spouse req id is : " + response_searchME_spouse): null

2022-11-22 17:21:23 - [TEST_STEP][PASSED] - verifyResponseStatusCode(req_data, 200): Verify response status code successfully

2022-11-22 17:21:23 - [MESSAGE][PASSED] - Verify response status code successfully

2022-11-22 17:21:23 - [TEST_STEP][PASSED] - response = req_data.getResponseText(): null

2022-11-22 17:21:23 - [TEST_STEP][PASSED] - logInfo($response): {"status":"Done","data":{"requestid1":"242502","requestid2":""}}

2022-11-22 17:21:23 - [MESSAGE][INFO] - {"status":"Done","data":{"requestid1":"242502","requestid2":""}}

2022-11-22 17:21:23 - [TEST_STEP][PASSED] - delay(3): Delayed 3 second(s)

2022-11-22 17:21:26 - [MESSAGE][PASSED] - Delayed 3 second(s)

2022-11-22 17:21:26 - [TEST_STEP][PASSED] - scoring = sendRequest(findTestObject("EngineScore", ["response_searchME_kons":response_searchME_kons, "response_searchME_spouse":response_searchME_spouse])): Send request successfully

2022-11-22 17:21:27 - [MESSAGE][INFO] - HAR: D:\DMS\Engine Scoring\Reports\20221122_171227\Exclude KKB - DS\Scoring Individu - DS\20221122_171227\requests\main\175.har

2022-11-22 17:21:27 - [MESSAGE][PASSED] - Send request successfully

2022-11-22 17:21:27 - [TEST_STEP][PASSED] - verifyResponseStatusCode(scoring, 200): Verify response status code successfully

2022-11-22 17:21:27 - [MESSAGE][PASSED] - Verify response status code successfully

2022-11-22 17:21:27 - [TEST_STEP][PASSED] - response2 = scoring.getResponseText(): null

2022-11-22 17:21:27 - [TEST_STEP][PASSED] - markPassed("result service data ke : " + no): result service data ke : 88

2022-11-22 17:21:27 - [MESSAGE][PASSED] - result service data ke : 88

2022-11-22 17:21:27 - [TEST_STEP][PASSED] - logInfo($response2): {"result_konsumen":"Approve","result_pasangan":"","Final_result":"Approve","errorMessage":"","status":"Done"}

2022-11-22 17:21:27 - [MESSAGE][INFO] - {"result_konsumen":"Approve","result_pasangan":"","Final_result":"Approve","errorMessage":"","status":"Done"}

2022-11-22 17:21:27 - [TEST_STEP][PASSED] - verifyElementPropertyValue(scoring, "Final_result", final_result): Verify element property value successfully

2022-11-22 17:21:27 - [MESSAGE][PASSED] - Verify element property value successfully]]></system-out>
         <system-err><![CDATA[]]></system-err>
      </testcase>
      <testcase name="Test Cases/Engine_Scoring/Engine Scoring" time="4.853" classname="Test Cases/Engine_Scoring/Engine Scoring" status="PASSED">
         <system-out><![CDATA[2022-11-22 17:21:27 - [TEST_CASE][PASSED] - Test Cases/Engine_Scoring/Engine Scoring: Test Cases/Engine_Scoring/Engine Scoring

2022-11-22 17:21:28 - [TEST_STEP][PASSED] - markPassed("Variasi data ke : " + no): Variasi data ke : 89

2022-11-22 17:21:28 - [MESSAGE][PASSED] - Variasi data ke : 89

2022-11-22 17:21:28 - [TEST_STEP][PASSED] - req_data = sendRequest(findTestObject("Search_ME", ["MID":MID, "source":source, "ip":ip, "userid":userid, "branch":branch, "tipekons":tipekons, "marital":marital, "penjamin":penjamin, ... ])): Send request successfully

2022-11-22 17:21:28 - [MESSAGE][INFO] - HAR: D:\DMS\Engine Scoring\Reports\20221122_171227\Exclude KKB - DS\Scoring Individu - DS\20221122_171227\requests\main\176.har

2022-11-22 17:21:28 - [MESSAGE][PASSED] - Send request successfully

2022-11-22 17:21:28 - [TEST_STEP][PASSED] - slurper = new groovy.json.JsonSlurper(): null

2022-11-22 17:21:28 - [TEST_STEP][PASSED] - result = slurper.parseText(req_data.getResponseBodyContent()): null

2022-11-22 17:21:28 - [TEST_STEP][PASSED] - reqid_kons = requestid1: null

2022-11-22 17:21:28 - [TEST_STEP][PASSED] - reqid_spouse = requestid2: null

2022-11-22 17:21:28 - [TEST_STEP][PASSED] - println("requestid kons : " + reqid_kons): null

2022-11-22 17:21:28 - [TEST_STEP][PASSED] - response_searchME_kons = reqid_kons: null

2022-11-22 17:21:28 - [TEST_STEP][PASSED] - response_searchME_spouse = reqid_spouse: null

2022-11-22 17:21:28 - [TEST_STEP][PASSED] - println("kons req id is :" + response_searchME_kons): null

2022-11-22 17:21:28 - [TEST_STEP][PASSED] - println("spouse req id is : " + response_searchME_spouse): null

2022-11-22 17:21:28 - [TEST_STEP][PASSED] - verifyResponseStatusCode(req_data, 200): Verify response status code successfully

2022-11-22 17:21:28 - [MESSAGE][PASSED] - Verify response status code successfully

2022-11-22 17:21:28 - [TEST_STEP][PASSED] - response = req_data.getResponseText(): null

2022-11-22 17:21:28 - [TEST_STEP][PASSED] - logInfo($response): {"status":"Done","data":{"requestid1":"242503","requestid2":""}}

2022-11-22 17:21:28 - [MESSAGE][INFO] - {"status":"Done","data":{"requestid1":"242503","requestid2":""}}

2022-11-22 17:21:28 - [TEST_STEP][PASSED] - delay(3): Delayed 3 second(s)

2022-11-22 17:21:31 - [MESSAGE][PASSED] - Delayed 3 second(s)

2022-11-22 17:21:31 - [TEST_STEP][PASSED] - scoring = sendRequest(findTestObject("EngineScore", ["response_searchME_kons":response_searchME_kons, "response_searchME_spouse":response_searchME_spouse])): Send request successfully

2022-11-22 17:21:31 - [MESSAGE][INFO] - HAR: D:\DMS\Engine Scoring\Reports\20221122_171227\Exclude KKB - DS\Scoring Individu - DS\20221122_171227\requests\main\177.har

2022-11-22 17:21:31 - [MESSAGE][PASSED] - Send request successfully

2022-11-22 17:21:31 - [TEST_STEP][PASSED] - verifyResponseStatusCode(scoring, 200): Verify response status code successfully

2022-11-22 17:21:31 - [MESSAGE][PASSED] - Verify response status code successfully

2022-11-22 17:21:31 - [TEST_STEP][PASSED] - response2 = scoring.getResponseText(): null

2022-11-22 17:21:31 - [TEST_STEP][PASSED] - markPassed("result service data ke : " + no): result service data ke : 89

2022-11-22 17:21:31 - [MESSAGE][PASSED] - result service data ke : 89

2022-11-22 17:21:31 - [TEST_STEP][PASSED] - logInfo($response2): {"result_konsumen":"Approve","result_pasangan":"","Final_result":"Approve","errorMessage":"","status":"Done"}

2022-11-22 17:21:31 - [MESSAGE][INFO] - {"result_konsumen":"Approve","result_pasangan":"","Final_result":"Approve","errorMessage":"","status":"Done"}

2022-11-22 17:21:31 - [TEST_STEP][PASSED] - verifyElementPropertyValue(scoring, "Final_result", final_result): Verify element property value successfully

2022-11-22 17:21:32 - [MESSAGE][PASSED] - Verify element property value successfully]]></system-out>
         <system-err><![CDATA[]]></system-err>
      </testcase>
      <testcase name="Test Cases/Engine_Scoring/Engine Scoring" time="4.927" classname="Test Cases/Engine_Scoring/Engine Scoring" status="PASSED">
         <system-out><![CDATA[2022-11-22 17:21:32 - [TEST_CASE][PASSED] - Test Cases/Engine_Scoring/Engine Scoring: Test Cases/Engine_Scoring/Engine Scoring

2022-11-22 17:21:33 - [TEST_STEP][PASSED] - markPassed("Variasi data ke : " + no): Variasi data ke : 90

2022-11-22 17:21:33 - [MESSAGE][PASSED] - Variasi data ke : 90

2022-11-22 17:21:33 - [TEST_STEP][PASSED] - req_data = sendRequest(findTestObject("Search_ME", ["MID":MID, "source":source, "ip":ip, "userid":userid, "branch":branch, "tipekons":tipekons, "marital":marital, "penjamin":penjamin, ... ])): Send request successfully

2022-11-22 17:21:33 - [MESSAGE][INFO] - HAR: D:\DMS\Engine Scoring\Reports\20221122_171227\Exclude KKB - DS\Scoring Individu - DS\20221122_171227\requests\main\178.har

2022-11-22 17:21:33 - [MESSAGE][PASSED] - Send request successfully

2022-11-22 17:21:33 - [TEST_STEP][PASSED] - slurper = new groovy.json.JsonSlurper(): null

2022-11-22 17:21:33 - [TEST_STEP][PASSED] - result = slurper.parseText(req_data.getResponseBodyContent()): null

2022-11-22 17:21:33 - [TEST_STEP][PASSED] - reqid_kons = requestid1: null

2022-11-22 17:21:33 - [TEST_STEP][PASSED] - reqid_spouse = requestid2: null

2022-11-22 17:21:33 - [TEST_STEP][PASSED] - println("requestid kons : " + reqid_kons): null

2022-11-22 17:21:33 - [TEST_STEP][PASSED] - response_searchME_kons = reqid_kons: null

2022-11-22 17:21:33 - [TEST_STEP][PASSED] - response_searchME_spouse = reqid_spouse: null

2022-11-22 17:21:33 - [TEST_STEP][PASSED] - println("kons req id is :" + response_searchME_kons): null

2022-11-22 17:21:33 - [TEST_STEP][PASSED] - println("spouse req id is : " + response_searchME_spouse): null

2022-11-22 17:21:33 - [TEST_STEP][PASSED] - verifyResponseStatusCode(req_data, 200): Verify response status code successfully

2022-11-22 17:21:33 - [MESSAGE][PASSED] - Verify response status code successfully

2022-11-22 17:21:33 - [TEST_STEP][PASSED] - response = req_data.getResponseText(): null

2022-11-22 17:21:33 - [TEST_STEP][PASSED] - logInfo($response): {"status":"Done","data":{"requestid1":"242504","requestid2":""}}

2022-11-22 17:21:33 - [MESSAGE][INFO] - {"status":"Done","data":{"requestid1":"242504","requestid2":""}}

2022-11-22 17:21:33 - [TEST_STEP][PASSED] - delay(3): Delayed 3 second(s)

2022-11-22 17:21:36 - [MESSAGE][PASSED] - Delayed 3 second(s)

2022-11-22 17:21:36 - [TEST_STEP][PASSED] - scoring = sendRequest(findTestObject("EngineScore", ["response_searchME_kons":response_searchME_kons, "response_searchME_spouse":response_searchME_spouse])): Send request successfully

2022-11-22 17:21:36 - [MESSAGE][INFO] - HAR: D:\DMS\Engine Scoring\Reports\20221122_171227\Exclude KKB - DS\Scoring Individu - DS\20221122_171227\requests\main\179.har

2022-11-22 17:21:36 - [MESSAGE][PASSED] - Send request successfully

2022-11-22 17:21:36 - [TEST_STEP][PASSED] - verifyResponseStatusCode(scoring, 200): Verify response status code successfully

2022-11-22 17:21:36 - [MESSAGE][PASSED] - Verify response status code successfully

2022-11-22 17:21:36 - [TEST_STEP][PASSED] - response2 = scoring.getResponseText(): null

2022-11-22 17:21:36 - [TEST_STEP][PASSED] - markPassed("result service data ke : " + no): result service data ke : 90

2022-11-22 17:21:36 - [MESSAGE][PASSED] - result service data ke : 90

2022-11-22 17:21:36 - [TEST_STEP][PASSED] - logInfo($response2): {"result_konsumen":"Approve","result_pasangan":"","Final_result":"Approve","errorMessage":"","status":"Done"}

2022-11-22 17:21:36 - [MESSAGE][INFO] - {"result_konsumen":"Approve","result_pasangan":"","Final_result":"Approve","errorMessage":"","status":"Done"}

2022-11-22 17:21:36 - [TEST_STEP][PASSED] - verifyElementPropertyValue(scoring, "Final_result", final_result): Verify element property value successfully

2022-11-22 17:21:36 - [MESSAGE][PASSED] - Verify element property value successfully]]></system-out>
         <system-err><![CDATA[]]></system-err>
      </testcase>
      <testcase name="Test Cases/Engine_Scoring/Engine Scoring" time="4.935" classname="Test Cases/Engine_Scoring/Engine Scoring" status="PASSED">
         <system-out><![CDATA[2022-11-22 17:21:37 - [TEST_CASE][PASSED] - Test Cases/Engine_Scoring/Engine Scoring: Test Cases/Engine_Scoring/Engine Scoring

2022-11-22 17:21:37 - [TEST_STEP][PASSED] - markPassed("Variasi data ke : " + no): Variasi data ke : 91

2022-11-22 17:21:37 - [MESSAGE][PASSED] - Variasi data ke : 91

2022-11-22 17:21:37 - [TEST_STEP][PASSED] - req_data = sendRequest(findTestObject("Search_ME", ["MID":MID, "source":source, "ip":ip, "userid":userid, "branch":branch, "tipekons":tipekons, "marital":marital, "penjamin":penjamin, ... ])): Send request successfully

2022-11-22 17:21:38 - [MESSAGE][INFO] - HAR: D:\DMS\Engine Scoring\Reports\20221122_171227\Exclude KKB - DS\Scoring Individu - DS\20221122_171227\requests\main\180.har

2022-11-22 17:21:38 - [MESSAGE][PASSED] - Send request successfully

2022-11-22 17:21:38 - [TEST_STEP][PASSED] - slurper = new groovy.json.JsonSlurper(): null

2022-11-22 17:21:38 - [TEST_STEP][PASSED] - result = slurper.parseText(req_data.getResponseBodyContent()): null

2022-11-22 17:21:38 - [TEST_STEP][PASSED] - reqid_kons = requestid1: null

2022-11-22 17:21:38 - [TEST_STEP][PASSED] - reqid_spouse = requestid2: null

2022-11-22 17:21:38 - [TEST_STEP][PASSED] - println("requestid kons : " + reqid_kons): null

2022-11-22 17:21:38 - [TEST_STEP][PASSED] - response_searchME_kons = reqid_kons: null

2022-11-22 17:21:38 - [TEST_STEP][PASSED] - response_searchME_spouse = reqid_spouse: null

2022-11-22 17:21:38 - [TEST_STEP][PASSED] - println("kons req id is :" + response_searchME_kons): null

2022-11-22 17:21:38 - [TEST_STEP][PASSED] - println("spouse req id is : " + response_searchME_spouse): null

2022-11-22 17:21:38 - [TEST_STEP][PASSED] - verifyResponseStatusCode(req_data, 200): Verify response status code successfully

2022-11-22 17:21:38 - [MESSAGE][PASSED] - Verify response status code successfully

2022-11-22 17:21:38 - [TEST_STEP][PASSED] - response = req_data.getResponseText(): null

2022-11-22 17:21:38 - [TEST_STEP][PASSED] - logInfo($response): {"status":"Done","data":{"requestid1":"242505","requestid2":""}}

2022-11-22 17:21:38 - [MESSAGE][INFO] - {"status":"Done","data":{"requestid1":"242505","requestid2":""}}

2022-11-22 17:21:38 - [TEST_STEP][PASSED] - delay(3): Delayed 3 second(s)

2022-11-22 17:21:41 - [MESSAGE][PASSED] - Delayed 3 second(s)

2022-11-22 17:21:41 - [TEST_STEP][PASSED] - scoring = sendRequest(findTestObject("EngineScore", ["response_searchME_kons":response_searchME_kons, "response_searchME_spouse":response_searchME_spouse])): Send request successfully

2022-11-22 17:21:41 - [MESSAGE][INFO] - HAR: D:\DMS\Engine Scoring\Reports\20221122_171227\Exclude KKB - DS\Scoring Individu - DS\20221122_171227\requests\main\181.har

2022-11-22 17:21:41 - [MESSAGE][PASSED] - Send request successfully

2022-11-22 17:21:41 - [TEST_STEP][PASSED] - verifyResponseStatusCode(scoring, 200): Verify response status code successfully

2022-11-22 17:21:41 - [MESSAGE][PASSED] - Verify response status code successfully

2022-11-22 17:21:41 - [TEST_STEP][PASSED] - response2 = scoring.getResponseText(): null

2022-11-22 17:21:41 - [TEST_STEP][PASSED] - markPassed("result service data ke : " + no): result service data ke : 91

2022-11-22 17:21:41 - [MESSAGE][PASSED] - result service data ke : 91

2022-11-22 17:21:41 - [TEST_STEP][PASSED] - logInfo($response2): {"result_konsumen":"Approve","result_pasangan":"","Final_result":"Approve","errorMessage":"","status":"Done"}

2022-11-22 17:21:41 - [MESSAGE][INFO] - {"result_konsumen":"Approve","result_pasangan":"","Final_result":"Approve","errorMessage":"","status":"Done"}

2022-11-22 17:21:41 - [TEST_STEP][PASSED] - verifyElementPropertyValue(scoring, "Final_result", final_result): Verify element property value successfully

2022-11-22 17:21:41 - [MESSAGE][PASSED] - Verify element property value successfully]]></system-out>
         <system-err><![CDATA[]]></system-err>
      </testcase>
      <testcase name="Test Cases/Engine_Scoring/Engine Scoring" time="4.886" classname="Test Cases/Engine_Scoring/Engine Scoring" status="PASSED">
         <system-out><![CDATA[2022-11-22 17:21:42 - [TEST_CASE][PASSED] - Test Cases/Engine_Scoring/Engine Scoring: Test Cases/Engine_Scoring/Engine Scoring

2022-11-22 17:21:42 - [TEST_STEP][PASSED] - markPassed("Variasi data ke : " + no): Variasi data ke : 92

2022-11-22 17:21:42 - [MESSAGE][PASSED] - Variasi data ke : 92

2022-11-22 17:21:42 - [TEST_STEP][PASSED] - req_data = sendRequest(findTestObject("Search_ME", ["MID":MID, "source":source, "ip":ip, "userid":userid, "branch":branch, "tipekons":tipekons, "marital":marital, "penjamin":penjamin, ... ])): Send request successfully

2022-11-22 17:21:43 - [MESSAGE][INFO] - HAR: D:\DMS\Engine Scoring\Reports\20221122_171227\Exclude KKB - DS\Scoring Individu - DS\20221122_171227\requests\main\182.har

2022-11-22 17:21:43 - [MESSAGE][PASSED] - Send request successfully

2022-11-22 17:21:43 - [TEST_STEP][PASSED] - slurper = new groovy.json.JsonSlurper(): null

2022-11-22 17:21:43 - [TEST_STEP][PASSED] - result = slurper.parseText(req_data.getResponseBodyContent()): null

2022-11-22 17:21:43 - [TEST_STEP][PASSED] - reqid_kons = requestid1: null

2022-11-22 17:21:43 - [TEST_STEP][PASSED] - reqid_spouse = requestid2: null

2022-11-22 17:21:43 - [TEST_STEP][PASSED] - println("requestid kons : " + reqid_kons): null

2022-11-22 17:21:43 - [TEST_STEP][PASSED] - response_searchME_kons = reqid_kons: null

2022-11-22 17:21:43 - [TEST_STEP][PASSED] - response_searchME_spouse = reqid_spouse: null

2022-11-22 17:21:43 - [TEST_STEP][PASSED] - println("kons req id is :" + response_searchME_kons): null

2022-11-22 17:21:43 - [TEST_STEP][PASSED] - println("spouse req id is : " + response_searchME_spouse): null

2022-11-22 17:21:43 - [TEST_STEP][PASSED] - verifyResponseStatusCode(req_data, 200): Verify response status code successfully

2022-11-22 17:21:43 - [MESSAGE][PASSED] - Verify response status code successfully

2022-11-22 17:21:43 - [TEST_STEP][PASSED] - response = req_data.getResponseText(): null

2022-11-22 17:21:43 - [TEST_STEP][PASSED] - logInfo($response): {"status":"Done","data":{"requestid1":"242506","requestid2":""}}

2022-11-22 17:21:43 - [MESSAGE][INFO] - {"status":"Done","data":{"requestid1":"242506","requestid2":""}}

2022-11-22 17:21:43 - [TEST_STEP][PASSED] - delay(3): Delayed 3 second(s)

2022-11-22 17:21:46 - [MESSAGE][PASSED] - Delayed 3 second(s)

2022-11-22 17:21:46 - [TEST_STEP][PASSED] - scoring = sendRequest(findTestObject("EngineScore", ["response_searchME_kons":response_searchME_kons, "response_searchME_spouse":response_searchME_spouse])): Send request successfully

2022-11-22 17:21:46 - [MESSAGE][INFO] - HAR: D:\DMS\Engine Scoring\Reports\20221122_171227\Exclude KKB - DS\Scoring Individu - DS\20221122_171227\requests\main\183.har

2022-11-22 17:21:46 - [MESSAGE][PASSED] - Send request successfully

2022-11-22 17:21:46 - [TEST_STEP][PASSED] - verifyResponseStatusCode(scoring, 200): Verify response status code successfully

2022-11-22 17:21:46 - [MESSAGE][PASSED] - Verify response status code successfully

2022-11-22 17:21:46 - [TEST_STEP][PASSED] - response2 = scoring.getResponseText(): null

2022-11-22 17:21:46 - [TEST_STEP][PASSED] - markPassed("result service data ke : " + no): result service data ke : 92

2022-11-22 17:21:46 - [MESSAGE][PASSED] - result service data ke : 92

2022-11-22 17:21:46 - [TEST_STEP][PASSED] - logInfo($response2): {"result_konsumen":"Approve","result_pasangan":"","Final_result":"Approve","errorMessage":"","status":"Done"}

2022-11-22 17:21:46 - [MESSAGE][INFO] - {"result_konsumen":"Approve","result_pasangan":"","Final_result":"Approve","errorMessage":"","status":"Done"}

2022-11-22 17:21:46 - [TEST_STEP][PASSED] - verifyElementPropertyValue(scoring, "Final_result", final_result): Verify element property value successfully

2022-11-22 17:21:46 - [MESSAGE][PASSED] - Verify element property value successfully]]></system-out>
         <system-err><![CDATA[]]></system-err>
      </testcase>
      <testcase name="Test Cases/Engine_Scoring/Engine Scoring" time="5.14" classname="Test Cases/Engine_Scoring/Engine Scoring" status="PASSED">
         <system-out><![CDATA[2022-11-22 17:21:46 - [TEST_CASE][PASSED] - Test Cases/Engine_Scoring/Engine Scoring: Test Cases/Engine_Scoring/Engine Scoring

2022-11-22 17:21:48 - [TEST_STEP][PASSED] - markPassed("Variasi data ke : " + no): Variasi data ke : 93

2022-11-22 17:21:48 - [MESSAGE][PASSED] - Variasi data ke : 93

2022-11-22 17:21:48 - [TEST_STEP][PASSED] - req_data = sendRequest(findTestObject("Search_ME", ["MID":MID, "source":source, "ip":ip, "userid":userid, "branch":branch, "tipekons":tipekons, "marital":marital, "penjamin":penjamin, ... ])): Send request successfully

2022-11-22 17:21:48 - [MESSAGE][INFO] - HAR: D:\DMS\Engine Scoring\Reports\20221122_171227\Exclude KKB - DS\Scoring Individu - DS\20221122_171227\requests\main\184.har

2022-11-22 17:21:48 - [MESSAGE][PASSED] - Send request successfully

2022-11-22 17:21:48 - [TEST_STEP][PASSED] - slurper = new groovy.json.JsonSlurper(): null

2022-11-22 17:21:48 - [TEST_STEP][PASSED] - result = slurper.parseText(req_data.getResponseBodyContent()): null

2022-11-22 17:21:48 - [TEST_STEP][PASSED] - reqid_kons = requestid1: null

2022-11-22 17:21:48 - [TEST_STEP][PASSED] - reqid_spouse = requestid2: null

2022-11-22 17:21:48 - [TEST_STEP][PASSED] - println("requestid kons : " + reqid_kons): null

2022-11-22 17:21:48 - [TEST_STEP][PASSED] - response_searchME_kons = reqid_kons: null

2022-11-22 17:21:48 - [TEST_STEP][PASSED] - response_searchME_spouse = reqid_spouse: null

2022-11-22 17:21:48 - [TEST_STEP][PASSED] - println("kons req id is :" + response_searchME_kons): null

2022-11-22 17:21:48 - [TEST_STEP][PASSED] - println("spouse req id is : " + response_searchME_spouse): null

2022-11-22 17:21:48 - [TEST_STEP][PASSED] - verifyResponseStatusCode(req_data, 200): Verify response status code successfully

2022-11-22 17:21:48 - [MESSAGE][PASSED] - Verify response status code successfully

2022-11-22 17:21:48 - [TEST_STEP][PASSED] - response = req_data.getResponseText(): null

2022-11-22 17:21:48 - [TEST_STEP][PASSED] - logInfo($response): {"status":"Done","data":{"requestid1":"242507","requestid2":""}}

2022-11-22 17:21:48 - [MESSAGE][INFO] - {"status":"Done","data":{"requestid1":"242507","requestid2":""}}

2022-11-22 17:21:48 - [TEST_STEP][PASSED] - delay(3): Delayed 3 second(s)

2022-11-22 17:21:51 - [MESSAGE][PASSED] - Delayed 3 second(s)

2022-11-22 17:21:51 - [TEST_STEP][PASSED] - scoring = sendRequest(findTestObject("EngineScore", ["response_searchME_kons":response_searchME_kons, "response_searchME_spouse":response_searchME_spouse])): Send request successfully

2022-11-22 17:21:52 - [MESSAGE][INFO] - HAR: D:\DMS\Engine Scoring\Reports\20221122_171227\Exclude KKB - DS\Scoring Individu - DS\20221122_171227\requests\main\185.har

2022-11-22 17:21:52 - [MESSAGE][PASSED] - Send request successfully

2022-11-22 17:21:52 - [TEST_STEP][PASSED] - verifyResponseStatusCode(scoring, 200): Verify response status code successfully

2022-11-22 17:21:52 - [MESSAGE][PASSED] - Verify response status code successfully

2022-11-22 17:21:52 - [TEST_STEP][PASSED] - response2 = scoring.getResponseText(): null

2022-11-22 17:21:52 - [TEST_STEP][PASSED] - markPassed("result service data ke : " + no): result service data ke : 93

2022-11-22 17:21:52 - [MESSAGE][PASSED] - result service data ke : 93

2022-11-22 17:21:52 - [TEST_STEP][PASSED] - logInfo($response2): {"result_konsumen":"Reject","result_pasangan":"","Final_result":"Reject","errorMessage":"","status":"Done"}

2022-11-22 17:21:52 - [MESSAGE][INFO] - {"result_konsumen":"Reject","result_pasangan":"","Final_result":"Reject","errorMessage":"","status":"Done"}

2022-11-22 17:21:52 - [TEST_STEP][PASSED] - verifyElementPropertyValue(scoring, "Final_result", final_result): Verify element property value successfully

2022-11-22 17:21:52 - [MESSAGE][PASSED] - Verify element property value successfully]]></system-out>
         <system-err><![CDATA[]]></system-err>
      </testcase>
      <testcase name="Test Cases/Engine_Scoring/Engine Scoring" time="4.82" classname="Test Cases/Engine_Scoring/Engine Scoring" status="PASSED">
         <system-out><![CDATA[2022-11-22 17:21:52 - [TEST_CASE][PASSED] - Test Cases/Engine_Scoring/Engine Scoring: Test Cases/Engine_Scoring/Engine Scoring

2022-11-22 17:21:52 - [TEST_STEP][PASSED] - markPassed("Variasi data ke : " + no): Variasi data ke : 94

2022-11-22 17:21:52 - [MESSAGE][PASSED] - Variasi data ke : 94

2022-11-22 17:21:52 - [TEST_STEP][PASSED] - req_data = sendRequest(findTestObject("Search_ME", ["MID":MID, "source":source, "ip":ip, "userid":userid, "branch":branch, "tipekons":tipekons, "marital":marital, "penjamin":penjamin, ... ])): Send request successfully

2022-11-22 17:21:53 - [MESSAGE][INFO] - HAR: D:\DMS\Engine Scoring\Reports\20221122_171227\Exclude KKB - DS\Scoring Individu - DS\20221122_171227\requests\main\186.har

2022-11-22 17:21:53 - [MESSAGE][PASSED] - Send request successfully

2022-11-22 17:21:53 - [TEST_STEP][PASSED] - slurper = new groovy.json.JsonSlurper(): null

2022-11-22 17:21:53 - [TEST_STEP][PASSED] - result = slurper.parseText(req_data.getResponseBodyContent()): null

2022-11-22 17:21:53 - [TEST_STEP][PASSED] - reqid_kons = requestid1: null

2022-11-22 17:21:53 - [TEST_STEP][PASSED] - reqid_spouse = requestid2: null

2022-11-22 17:21:53 - [TEST_STEP][PASSED] - println("requestid kons : " + reqid_kons): null

2022-11-22 17:21:53 - [TEST_STEP][PASSED] - response_searchME_kons = reqid_kons: null

2022-11-22 17:21:53 - [TEST_STEP][PASSED] - response_searchME_spouse = reqid_spouse: null

2022-11-22 17:21:53 - [TEST_STEP][PASSED] - println("kons req id is :" + response_searchME_kons): null

2022-11-22 17:21:53 - [TEST_STEP][PASSED] - println("spouse req id is : " + response_searchME_spouse): null

2022-11-22 17:21:53 - [TEST_STEP][PASSED] - verifyResponseStatusCode(req_data, 200): Verify response status code successfully

2022-11-22 17:21:53 - [MESSAGE][PASSED] - Verify response status code successfully

2022-11-22 17:21:53 - [TEST_STEP][PASSED] - response = req_data.getResponseText(): null

2022-11-22 17:21:53 - [TEST_STEP][PASSED] - logInfo($response): {"status":"Done","data":{"requestid1":"242508","requestid2":""}}

2022-11-22 17:21:53 - [MESSAGE][INFO] - {"status":"Done","data":{"requestid1":"242508","requestid2":""}}

2022-11-22 17:21:53 - [TEST_STEP][PASSED] - delay(3): Delayed 3 second(s)

2022-11-22 17:21:56 - [MESSAGE][PASSED] - Delayed 3 second(s)

2022-11-22 17:21:56 - [TEST_STEP][PASSED] - scoring = sendRequest(findTestObject("EngineScore", ["response_searchME_kons":response_searchME_kons, "response_searchME_spouse":response_searchME_spouse])): Send request successfully

2022-11-22 17:21:56 - [MESSAGE][INFO] - HAR: D:\DMS\Engine Scoring\Reports\20221122_171227\Exclude KKB - DS\Scoring Individu - DS\20221122_171227\requests\main\187.har

2022-11-22 17:21:56 - [MESSAGE][PASSED] - Send request successfully

2022-11-22 17:21:56 - [TEST_STEP][PASSED] - verifyResponseStatusCode(scoring, 200): Verify response status code successfully

2022-11-22 17:21:56 - [MESSAGE][PASSED] - Verify response status code successfully

2022-11-22 17:21:56 - [TEST_STEP][PASSED] - response2 = scoring.getResponseText(): null

2022-11-22 17:21:56 - [TEST_STEP][PASSED] - markPassed("result service data ke : " + no): result service data ke : 94

2022-11-22 17:21:56 - [MESSAGE][PASSED] - result service data ke : 94

2022-11-22 17:21:56 - [TEST_STEP][PASSED] - logInfo($response2): {"result_konsumen":"Reject","result_pasangan":"","Final_result":"Reject","errorMessage":"","status":"Done"}

2022-11-22 17:21:56 - [MESSAGE][INFO] - {"result_konsumen":"Reject","result_pasangan":"","Final_result":"Reject","errorMessage":"","status":"Done"}

2022-11-22 17:21:56 - [TEST_STEP][PASSED] - verifyElementPropertyValue(scoring, "Final_result", final_result): Verify element property value successfully

2022-11-22 17:21:56 - [MESSAGE][PASSED] - Verify element property value successfully]]></system-out>
         <system-err><![CDATA[]]></system-err>
      </testcase>
      <testcase name="Test Cases/Engine_Scoring/Engine Scoring" time="4.954" classname="Test Cases/Engine_Scoring/Engine Scoring" status="PASSED">
         <system-out><![CDATA[2022-11-22 17:21:56 - [TEST_CASE][PASSED] - Test Cases/Engine_Scoring/Engine Scoring: Test Cases/Engine_Scoring/Engine Scoring

2022-11-22 17:21:57 - [TEST_STEP][PASSED] - markPassed("Variasi data ke : " + no): Variasi data ke : 95

2022-11-22 17:21:57 - [MESSAGE][PASSED] - Variasi data ke : 95

2022-11-22 17:21:57 - [TEST_STEP][PASSED] - req_data = sendRequest(findTestObject("Search_ME", ["MID":MID, "source":source, "ip":ip, "userid":userid, "branch":branch, "tipekons":tipekons, "marital":marital, "penjamin":penjamin, ... ])): Send request successfully

2022-11-22 17:21:58 - [MESSAGE][INFO] - HAR: D:\DMS\Engine Scoring\Reports\20221122_171227\Exclude KKB - DS\Scoring Individu - DS\20221122_171227\requests\main\188.har

2022-11-22 17:21:58 - [MESSAGE][PASSED] - Send request successfully

2022-11-22 17:21:58 - [TEST_STEP][PASSED] - slurper = new groovy.json.JsonSlurper(): null

2022-11-22 17:21:58 - [TEST_STEP][PASSED] - result = slurper.parseText(req_data.getResponseBodyContent()): null

2022-11-22 17:21:58 - [TEST_STEP][PASSED] - reqid_kons = requestid1: null

2022-11-22 17:21:58 - [TEST_STEP][PASSED] - reqid_spouse = requestid2: null

2022-11-22 17:21:58 - [TEST_STEP][PASSED] - println("requestid kons : " + reqid_kons): null

2022-11-22 17:21:58 - [TEST_STEP][PASSED] - response_searchME_kons = reqid_kons: null

2022-11-22 17:21:58 - [TEST_STEP][PASSED] - response_searchME_spouse = reqid_spouse: null

2022-11-22 17:21:58 - [TEST_STEP][PASSED] - println("kons req id is :" + response_searchME_kons): null

2022-11-22 17:21:58 - [TEST_STEP][PASSED] - println("spouse req id is : " + response_searchME_spouse): null

2022-11-22 17:21:58 - [TEST_STEP][PASSED] - verifyResponseStatusCode(req_data, 200): Verify response status code successfully

2022-11-22 17:21:58 - [MESSAGE][PASSED] - Verify response status code successfully

2022-11-22 17:21:58 - [TEST_STEP][PASSED] - response = req_data.getResponseText(): null

2022-11-22 17:21:58 - [TEST_STEP][PASSED] - logInfo($response): {"status":"Done","data":{"requestid1":"242509","requestid2":""}}

2022-11-22 17:21:58 - [MESSAGE][INFO] - {"status":"Done","data":{"requestid1":"242509","requestid2":""}}

2022-11-22 17:21:58 - [TEST_STEP][PASSED] - delay(3): Delayed 3 second(s)

2022-11-22 17:22:01 - [MESSAGE][PASSED] - Delayed 3 second(s)

2022-11-22 17:22:01 - [TEST_STEP][PASSED] - scoring = sendRequest(findTestObject("EngineScore", ["response_searchME_kons":response_searchME_kons, "response_searchME_spouse":response_searchME_spouse])): Send request successfully

2022-11-22 17:22:01 - [MESSAGE][INFO] - HAR: D:\DMS\Engine Scoring\Reports\20221122_171227\Exclude KKB - DS\Scoring Individu - DS\20221122_171227\requests\main\189.har

2022-11-22 17:22:01 - [MESSAGE][PASSED] - Send request successfully

2022-11-22 17:22:01 - [TEST_STEP][PASSED] - verifyResponseStatusCode(scoring, 200): Verify response status code successfully

2022-11-22 17:22:01 - [MESSAGE][PASSED] - Verify response status code successfully

2022-11-22 17:22:01 - [TEST_STEP][PASSED] - response2 = scoring.getResponseText(): null

2022-11-22 17:22:01 - [TEST_STEP][PASSED] - markPassed("result service data ke : " + no): result service data ke : 95

2022-11-22 17:22:01 - [MESSAGE][PASSED] - result service data ke : 95

2022-11-22 17:22:01 - [TEST_STEP][PASSED] - logInfo($response2): {"result_konsumen":"Reject","result_pasangan":"","Final_result":"Reject","errorMessage":"","status":"Done"}

2022-11-22 17:22:01 - [MESSAGE][INFO] - {"result_konsumen":"Reject","result_pasangan":"","Final_result":"Reject","errorMessage":"","status":"Done"}

2022-11-22 17:22:01 - [TEST_STEP][PASSED] - verifyElementPropertyValue(scoring, "Final_result", final_result): Verify element property value successfully

2022-11-22 17:22:01 - [MESSAGE][PASSED] - Verify element property value successfully]]></system-out>
         <system-err><![CDATA[]]></system-err>
      </testcase>
      <testcase name="Test Cases/Engine_Scoring/Engine Scoring" time="52.047" classname="Test Cases/Engine_Scoring/Engine Scoring" status="PASSED">
         <system-out><![CDATA[2022-11-22 17:22:02 - [TEST_CASE][PASSED] - Test Cases/Engine_Scoring/Engine Scoring: Test Cases/Engine_Scoring/Engine Scoring

2022-11-22 17:22:47 - [TEST_STEP][PASSED] - markPassed("Variasi data ke : " + no): Variasi data ke : 96

2022-11-22 17:22:47 - [MESSAGE][PASSED] - Variasi data ke : 96

2022-11-22 17:22:47 - [TEST_STEP][PASSED] - req_data = sendRequest(findTestObject("Search_ME", ["MID":MID, "source":source, "ip":ip, "userid":userid, "branch":branch, "tipekons":tipekons, "marital":marital, "penjamin":penjamin, ... ])): Send request successfully

2022-11-22 17:22:48 - [MESSAGE][INFO] - HAR: D:\DMS\Engine Scoring\Reports\20221122_171227\Exclude KKB - DS\Scoring Individu - DS\20221122_171227\requests\main\190.har

2022-11-22 17:22:48 - [MESSAGE][PASSED] - Send request successfully

2022-11-22 17:22:48 - [TEST_STEP][PASSED] - slurper = new groovy.json.JsonSlurper(): null

2022-11-22 17:22:48 - [TEST_STEP][PASSED] - result = slurper.parseText(req_data.getResponseBodyContent()): null

2022-11-22 17:22:48 - [TEST_STEP][PASSED] - reqid_kons = requestid1: null

2022-11-22 17:22:48 - [TEST_STEP][PASSED] - reqid_spouse = requestid2: null

2022-11-22 17:22:48 - [TEST_STEP][PASSED] - println("requestid kons : " + reqid_kons): null

2022-11-22 17:22:48 - [TEST_STEP][PASSED] - response_searchME_kons = reqid_kons: null

2022-11-22 17:22:48 - [TEST_STEP][PASSED] - response_searchME_spouse = reqid_spouse: null

2022-11-22 17:22:48 - [TEST_STEP][PASSED] - println("kons req id is :" + response_searchME_kons): null

2022-11-22 17:22:48 - [TEST_STEP][PASSED] - println("spouse req id is : " + response_searchME_spouse): null

2022-11-22 17:22:48 - [TEST_STEP][PASSED] - verifyResponseStatusCode(req_data, 200): Verify response status code successfully

2022-11-22 17:22:48 - [MESSAGE][PASSED] - Verify response status code successfully

2022-11-22 17:22:48 - [TEST_STEP][PASSED] - response = req_data.getResponseText(): null

2022-11-22 17:22:48 - [TEST_STEP][PASSED] - logInfo($response): {"status":"Done","data":{"requestid1":"242510","requestid2":""}}

2022-11-22 17:22:48 - [MESSAGE][INFO] - {"status":"Done","data":{"requestid1":"242510","requestid2":""}}

2022-11-22 17:22:48 - [TEST_STEP][PASSED] - delay(3): Delayed 3 second(s)

2022-11-22 17:22:51 - [MESSAGE][PASSED] - Delayed 3 second(s)

2022-11-22 17:22:51 - [TEST_STEP][PASSED] - scoring = sendRequest(findTestObject("EngineScore", ["response_searchME_kons":response_searchME_kons, "response_searchME_spouse":response_searchME_spouse])): Send request successfully

2022-11-22 17:22:51 - [MESSAGE][INFO] - HAR: D:\DMS\Engine Scoring\Reports\20221122_171227\Exclude KKB - DS\Scoring Individu - DS\20221122_171227\requests\main\191.har

2022-11-22 17:22:51 - [MESSAGE][PASSED] - Send request successfully

2022-11-22 17:22:51 - [TEST_STEP][PASSED] - verifyResponseStatusCode(scoring, 200): Verify response status code successfully

2022-11-22 17:22:51 - [MESSAGE][PASSED] - Verify response status code successfully

2022-11-22 17:22:54 - [TEST_STEP][PASSED] - response2 = scoring.getResponseText(): null

2022-11-22 17:22:54 - [TEST_STEP][PASSED] - markPassed("result service data ke : " + no): result service data ke : 96

2022-11-22 17:22:54 - [MESSAGE][PASSED] - result service data ke : 96

2022-11-22 17:22:54 - [TEST_STEP][PASSED] - logInfo($response2): {"result_konsumen":"Reject","result_pasangan":"","Final_result":"Reject","errorMessage":"","status":"Done"}

2022-11-22 17:22:54 - [MESSAGE][INFO] - {"result_konsumen":"Reject","result_pasangan":"","Final_result":"Reject","errorMessage":"","status":"Done"}

2022-11-22 17:22:54 - [TEST_STEP][PASSED] - verifyElementPropertyValue(scoring, "Final_result", final_result): Verify element property value successfully

2022-11-22 17:22:54 - [MESSAGE][PASSED] - Verify element property value successfully]]></system-out>
         <system-err><![CDATA[]]></system-err>
      </testcase>
      <testcase name="Test Cases/Engine_Scoring/Engine Scoring" time="5.123" classname="Test Cases/Engine_Scoring/Engine Scoring" status="PASSED">
         <system-out><![CDATA[2022-11-22 17:22:54 - [TEST_CASE][PASSED] - Test Cases/Engine_Scoring/Engine Scoring: Test Cases/Engine_Scoring/Engine Scoring

2022-11-22 17:22:55 - [TEST_STEP][PASSED] - markPassed("Variasi data ke : " + no): Variasi data ke : 97

2022-11-22 17:22:55 - [MESSAGE][PASSED] - Variasi data ke : 97

2022-11-22 17:22:55 - [TEST_STEP][PASSED] - req_data = sendRequest(findTestObject("Search_ME", ["MID":MID, "source":source, "ip":ip, "userid":userid, "branch":branch, "tipekons":tipekons, "marital":marital, "penjamin":penjamin, ... ])): Send request successfully

2022-11-22 17:22:56 - [MESSAGE][INFO] - HAR: D:\DMS\Engine Scoring\Reports\20221122_171227\Exclude KKB - DS\Scoring Individu - DS\20221122_171227\requests\main\192.har

2022-11-22 17:22:56 - [MESSAGE][PASSED] - Send request successfully

2022-11-22 17:22:56 - [TEST_STEP][PASSED] - slurper = new groovy.json.JsonSlurper(): null

2022-11-22 17:22:56 - [TEST_STEP][PASSED] - result = slurper.parseText(req_data.getResponseBodyContent()): null

2022-11-22 17:22:56 - [TEST_STEP][PASSED] - reqid_kons = requestid1: null

2022-11-22 17:22:56 - [TEST_STEP][PASSED] - reqid_spouse = requestid2: null

2022-11-22 17:22:56 - [TEST_STEP][PASSED] - println("requestid kons : " + reqid_kons): null

2022-11-22 17:22:56 - [TEST_STEP][PASSED] - response_searchME_kons = reqid_kons: null

2022-11-22 17:22:56 - [TEST_STEP][PASSED] - response_searchME_spouse = reqid_spouse: null

2022-11-22 17:22:56 - [TEST_STEP][PASSED] - println("kons req id is :" + response_searchME_kons): null

2022-11-22 17:22:56 - [TEST_STEP][PASSED] - println("spouse req id is : " + response_searchME_spouse): null

2022-11-22 17:22:56 - [TEST_STEP][PASSED] - verifyResponseStatusCode(req_data, 200): Verify response status code successfully

2022-11-22 17:22:56 - [MESSAGE][PASSED] - Verify response status code successfully

2022-11-22 17:22:56 - [TEST_STEP][PASSED] - response = req_data.getResponseText(): null

2022-11-22 17:22:56 - [TEST_STEP][PASSED] - logInfo($response): {"status":"Done","data":{"requestid1":"242511","requestid2":""}}

2022-11-22 17:22:56 - [MESSAGE][INFO] - {"status":"Done","data":{"requestid1":"242511","requestid2":""}}

2022-11-22 17:22:56 - [TEST_STEP][PASSED] - delay(3): Delayed 3 second(s)

2022-11-22 17:22:59 - [MESSAGE][PASSED] - Delayed 3 second(s)

2022-11-22 17:22:59 - [TEST_STEP][PASSED] - scoring = sendRequest(findTestObject("EngineScore", ["response_searchME_kons":response_searchME_kons, "response_searchME_spouse":response_searchME_spouse])): Send request successfully

2022-11-22 17:22:59 - [MESSAGE][INFO] - HAR: D:\DMS\Engine Scoring\Reports\20221122_171227\Exclude KKB - DS\Scoring Individu - DS\20221122_171227\requests\main\193.har

2022-11-22 17:22:59 - [MESSAGE][PASSED] - Send request successfully

2022-11-22 17:22:59 - [TEST_STEP][PASSED] - verifyResponseStatusCode(scoring, 200): Verify response status code successfully

2022-11-22 17:22:59 - [MESSAGE][PASSED] - Verify response status code successfully

2022-11-22 17:22:59 - [TEST_STEP][PASSED] - response2 = scoring.getResponseText(): null

2022-11-22 17:22:59 - [TEST_STEP][PASSED] - markPassed("result service data ke : " + no): result service data ke : 97

2022-11-22 17:22:59 - [MESSAGE][PASSED] - result service data ke : 97

2022-11-22 17:22:59 - [TEST_STEP][PASSED] - logInfo($response2): {"result_konsumen":"Approve","result_pasangan":"","Final_result":"Approve","errorMessage":"","status":"Done"}

2022-11-22 17:22:59 - [MESSAGE][INFO] - {"result_konsumen":"Approve","result_pasangan":"","Final_result":"Approve","errorMessage":"","status":"Done"}

2022-11-22 17:22:59 - [TEST_STEP][PASSED] - verifyElementPropertyValue(scoring, "Final_result", final_result): Verify element property value successfully

2022-11-22 17:22:59 - [MESSAGE][PASSED] - Verify element property value successfully]]></system-out>
         <system-err><![CDATA[]]></system-err>
      </testcase>
      <testcase name="Test Cases/Engine_Scoring/Engine Scoring" time="5.187" classname="Test Cases/Engine_Scoring/Engine Scoring" status="PASSED">
         <system-out><![CDATA[2022-11-22 17:22:59 - [TEST_CASE][PASSED] - Test Cases/Engine_Scoring/Engine Scoring: Test Cases/Engine_Scoring/Engine Scoring

2022-11-22 17:23:00 - [TEST_STEP][PASSED] - markPassed("Variasi data ke : " + no): Variasi data ke : 98

2022-11-22 17:23:00 - [MESSAGE][PASSED] - Variasi data ke : 98

2022-11-22 17:23:00 - [TEST_STEP][PASSED] - req_data = sendRequest(findTestObject("Search_ME", ["MID":MID, "source":source, "ip":ip, "userid":userid, "branch":branch, "tipekons":tipekons, "marital":marital, "penjamin":penjamin, ... ])): Send request successfully

2022-11-22 17:23:01 - [MESSAGE][INFO] - HAR: D:\DMS\Engine Scoring\Reports\20221122_171227\Exclude KKB - DS\Scoring Individu - DS\20221122_171227\requests\main\194.har

2022-11-22 17:23:01 - [MESSAGE][PASSED] - Send request successfully

2022-11-22 17:23:01 - [TEST_STEP][PASSED] - slurper = new groovy.json.JsonSlurper(): null

2022-11-22 17:23:01 - [TEST_STEP][PASSED] - result = slurper.parseText(req_data.getResponseBodyContent()): null

2022-11-22 17:23:01 - [TEST_STEP][PASSED] - reqid_kons = requestid1: null

2022-11-22 17:23:01 - [TEST_STEP][PASSED] - reqid_spouse = requestid2: null

2022-11-22 17:23:01 - [TEST_STEP][PASSED] - println("requestid kons : " + reqid_kons): null

2022-11-22 17:23:01 - [TEST_STEP][PASSED] - response_searchME_kons = reqid_kons: null

2022-11-22 17:23:01 - [TEST_STEP][PASSED] - response_searchME_spouse = reqid_spouse: null

2022-11-22 17:23:01 - [TEST_STEP][PASSED] - println("kons req id is :" + response_searchME_kons): null

2022-11-22 17:23:01 - [TEST_STEP][PASSED] - println("spouse req id is : " + response_searchME_spouse): null

2022-11-22 17:23:01 - [TEST_STEP][PASSED] - verifyResponseStatusCode(req_data, 200): Verify response status code successfully

2022-11-22 17:23:01 - [MESSAGE][PASSED] - Verify response status code successfully

2022-11-22 17:23:01 - [TEST_STEP][PASSED] - response = req_data.getResponseText(): null

2022-11-22 17:23:01 - [TEST_STEP][PASSED] - logInfo($response): {"status":"Done","data":{"requestid1":"242512","requestid2":""}}

2022-11-22 17:23:01 - [MESSAGE][INFO] - {"status":"Done","data":{"requestid1":"242512","requestid2":""}}

2022-11-22 17:23:01 - [TEST_STEP][PASSED] - delay(3): Delayed 3 second(s)

2022-11-22 17:23:04 - [MESSAGE][PASSED] - Delayed 3 second(s)

2022-11-22 17:23:04 - [TEST_STEP][PASSED] - scoring = sendRequest(findTestObject("EngineScore", ["response_searchME_kons":response_searchME_kons, "response_searchME_spouse":response_searchME_spouse])): Send request successfully

2022-11-22 17:23:04 - [MESSAGE][INFO] - HAR: D:\DMS\Engine Scoring\Reports\20221122_171227\Exclude KKB - DS\Scoring Individu - DS\20221122_171227\requests\main\195.har

2022-11-22 17:23:04 - [MESSAGE][PASSED] - Send request successfully

2022-11-22 17:23:04 - [TEST_STEP][PASSED] - verifyResponseStatusCode(scoring, 200): Verify response status code successfully

2022-11-22 17:23:04 - [MESSAGE][PASSED] - Verify response status code successfully

2022-11-22 17:23:04 - [TEST_STEP][PASSED] - response2 = scoring.getResponseText(): null

2022-11-22 17:23:04 - [TEST_STEP][PASSED] - markPassed("result service data ke : " + no): result service data ke : 98

2022-11-22 17:23:04 - [MESSAGE][PASSED] - result service data ke : 98

2022-11-22 17:23:04 - [TEST_STEP][PASSED] - logInfo($response2): {"result_konsumen":"Approve","result_pasangan":"","Final_result":"Approve","errorMessage":"","status":"Done"}

2022-11-22 17:23:04 - [MESSAGE][INFO] - {"result_konsumen":"Approve","result_pasangan":"","Final_result":"Approve","errorMessage":"","status":"Done"}

2022-11-22 17:23:04 - [TEST_STEP][PASSED] - verifyElementPropertyValue(scoring, "Final_result", final_result): Verify element property value successfully

2022-11-22 17:23:04 - [MESSAGE][PASSED] - Verify element property value successfully]]></system-out>
         <system-err><![CDATA[]]></system-err>
      </testcase>
      <testcase name="Test Cases/Engine_Scoring/Engine Scoring" time="4.96" classname="Test Cases/Engine_Scoring/Engine Scoring" status="PASSED">
         <system-out><![CDATA[2022-11-22 17:23:04 - [TEST_CASE][PASSED] - Test Cases/Engine_Scoring/Engine Scoring: Test Cases/Engine_Scoring/Engine Scoring

2022-11-22 17:23:05 - [TEST_STEP][PASSED] - markPassed("Variasi data ke : " + no): Variasi data ke : 99

2022-11-22 17:23:05 - [MESSAGE][PASSED] - Variasi data ke : 99

2022-11-22 17:23:05 - [TEST_STEP][PASSED] - req_data = sendRequest(findTestObject("Search_ME", ["MID":MID, "source":source, "ip":ip, "userid":userid, "branch":branch, "tipekons":tipekons, "marital":marital, "penjamin":penjamin, ... ])): Send request successfully

2022-11-22 17:23:06 - [MESSAGE][INFO] - HAR: D:\DMS\Engine Scoring\Reports\20221122_171227\Exclude KKB - DS\Scoring Individu - DS\20221122_171227\requests\main\196.har

2022-11-22 17:23:06 - [MESSAGE][PASSED] - Send request successfully

2022-11-22 17:23:06 - [TEST_STEP][PASSED] - slurper = new groovy.json.JsonSlurper(): null

2022-11-22 17:23:06 - [TEST_STEP][PASSED] - result = slurper.parseText(req_data.getResponseBodyContent()): null

2022-11-22 17:23:06 - [TEST_STEP][PASSED] - reqid_kons = requestid1: null

2022-11-22 17:23:06 - [TEST_STEP][PASSED] - reqid_spouse = requestid2: null

2022-11-22 17:23:06 - [TEST_STEP][PASSED] - println("requestid kons : " + reqid_kons): null

2022-11-22 17:23:06 - [TEST_STEP][PASSED] - response_searchME_kons = reqid_kons: null

2022-11-22 17:23:06 - [TEST_STEP][PASSED] - response_searchME_spouse = reqid_spouse: null

2022-11-22 17:23:06 - [TEST_STEP][PASSED] - println("kons req id is :" + response_searchME_kons): null

2022-11-22 17:23:06 - [TEST_STEP][PASSED] - println("spouse req id is : " + response_searchME_spouse): null

2022-11-22 17:23:06 - [TEST_STEP][PASSED] - verifyResponseStatusCode(req_data, 200): Verify response status code successfully

2022-11-22 17:23:06 - [MESSAGE][PASSED] - Verify response status code successfully

2022-11-22 17:23:06 - [TEST_STEP][PASSED] - response = req_data.getResponseText(): null

2022-11-22 17:23:06 - [TEST_STEP][PASSED] - logInfo($response): {"status":"Done","data":{"requestid1":"242513","requestid2":""}}

2022-11-22 17:23:06 - [MESSAGE][INFO] - {"status":"Done","data":{"requestid1":"242513","requestid2":""}}

2022-11-22 17:23:06 - [TEST_STEP][PASSED] - delay(3): Delayed 3 second(s)

2022-11-22 17:23:09 - [MESSAGE][PASSED] - Delayed 3 second(s)

2022-11-22 17:23:09 - [TEST_STEP][PASSED] - scoring = sendRequest(findTestObject("EngineScore", ["response_searchME_kons":response_searchME_kons, "response_searchME_spouse":response_searchME_spouse])): Send request successfully

2022-11-22 17:23:09 - [MESSAGE][INFO] - HAR: D:\DMS\Engine Scoring\Reports\20221122_171227\Exclude KKB - DS\Scoring Individu - DS\20221122_171227\requests\main\197.har

2022-11-22 17:23:09 - [MESSAGE][PASSED] - Send request successfully

2022-11-22 17:23:09 - [TEST_STEP][PASSED] - verifyResponseStatusCode(scoring, 200): Verify response status code successfully

2022-11-22 17:23:09 - [MESSAGE][PASSED] - Verify response status code successfully

2022-11-22 17:23:09 - [TEST_STEP][PASSED] - response2 = scoring.getResponseText(): null

2022-11-22 17:23:09 - [TEST_STEP][PASSED] - markPassed("result service data ke : " + no): result service data ke : 99

2022-11-22 17:23:09 - [MESSAGE][PASSED] - result service data ke : 99

2022-11-22 17:23:09 - [TEST_STEP][PASSED] - logInfo($response2): {"result_konsumen":"Approve","result_pasangan":"","Final_result":"Approve","errorMessage":"","status":"Done"}

2022-11-22 17:23:09 - [MESSAGE][INFO] - {"result_konsumen":"Approve","result_pasangan":"","Final_result":"Approve","errorMessage":"","status":"Done"}

2022-11-22 17:23:09 - [TEST_STEP][PASSED] - verifyElementPropertyValue(scoring, "Final_result", final_result): Verify element property value successfully

2022-11-22 17:23:09 - [MESSAGE][PASSED] - Verify element property value successfully]]></system-out>
         <system-err><![CDATA[]]></system-err>
      </testcase>
      <testcase name="Test Cases/Engine_Scoring/Engine Scoring" time="4.895" classname="Test Cases/Engine_Scoring/Engine Scoring" status="PASSED">
         <system-out><![CDATA[2022-11-22 17:23:09 - [TEST_CASE][PASSED] - Test Cases/Engine_Scoring/Engine Scoring: Test Cases/Engine_Scoring/Engine Scoring

2022-11-22 17:23:10 - [TEST_STEP][PASSED] - markPassed("Variasi data ke : " + no): Variasi data ke : 100

2022-11-22 17:23:10 - [MESSAGE][PASSED] - Variasi data ke : 100

2022-11-22 17:23:10 - [TEST_STEP][PASSED] - req_data = sendRequest(findTestObject("Search_ME", ["MID":MID, "source":source, "ip":ip, "userid":userid, "branch":branch, "tipekons":tipekons, "marital":marital, "penjamin":penjamin, ... ])): Send request successfully

2022-11-22 17:23:11 - [MESSAGE][INFO] - HAR: D:\DMS\Engine Scoring\Reports\20221122_171227\Exclude KKB - DS\Scoring Individu - DS\20221122_171227\requests\main\198.har

2022-11-22 17:23:11 - [MESSAGE][PASSED] - Send request successfully

2022-11-22 17:23:11 - [TEST_STEP][PASSED] - slurper = new groovy.json.JsonSlurper(): null

2022-11-22 17:23:11 - [TEST_STEP][PASSED] - result = slurper.parseText(req_data.getResponseBodyContent()): null

2022-11-22 17:23:11 - [TEST_STEP][PASSED] - reqid_kons = requestid1: null

2022-11-22 17:23:11 - [TEST_STEP][PASSED] - reqid_spouse = requestid2: null

2022-11-22 17:23:11 - [TEST_STEP][PASSED] - println("requestid kons : " + reqid_kons): null

2022-11-22 17:23:11 - [TEST_STEP][PASSED] - response_searchME_kons = reqid_kons: null

2022-11-22 17:23:11 - [TEST_STEP][PASSED] - response_searchME_spouse = reqid_spouse: null

2022-11-22 17:23:11 - [TEST_STEP][PASSED] - println("kons req id is :" + response_searchME_kons): null

2022-11-22 17:23:11 - [TEST_STEP][PASSED] - println("spouse req id is : " + response_searchME_spouse): null

2022-11-22 17:23:11 - [TEST_STEP][PASSED] - verifyResponseStatusCode(req_data, 200): Verify response status code successfully

2022-11-22 17:23:11 - [MESSAGE][PASSED] - Verify response status code successfully

2022-11-22 17:23:11 - [TEST_STEP][PASSED] - response = req_data.getResponseText(): null

2022-11-22 17:23:11 - [TEST_STEP][PASSED] - logInfo($response): {"status":"Done","data":{"requestid1":"242514","requestid2":""}}

2022-11-22 17:23:11 - [MESSAGE][INFO] - {"status":"Done","data":{"requestid1":"242514","requestid2":""}}

2022-11-22 17:23:11 - [TEST_STEP][PASSED] - delay(3): Delayed 3 second(s)

2022-11-22 17:23:14 - [MESSAGE][PASSED] - Delayed 3 second(s)

2022-11-22 17:23:14 - [TEST_STEP][PASSED] - scoring = sendRequest(findTestObject("EngineScore", ["response_searchME_kons":response_searchME_kons, "response_searchME_spouse":response_searchME_spouse])): Send request successfully

2022-11-22 17:23:14 - [MESSAGE][INFO] - HAR: D:\DMS\Engine Scoring\Reports\20221122_171227\Exclude KKB - DS\Scoring Individu - DS\20221122_171227\requests\main\199.har

2022-11-22 17:23:14 - [MESSAGE][PASSED] - Send request successfully

2022-11-22 17:23:14 - [TEST_STEP][PASSED] - verifyResponseStatusCode(scoring, 200): Verify response status code successfully

2022-11-22 17:23:14 - [MESSAGE][PASSED] - Verify response status code successfully

2022-11-22 17:23:14 - [TEST_STEP][PASSED] - response2 = scoring.getResponseText(): null

2022-11-22 17:23:14 - [TEST_STEP][PASSED] - markPassed("result service data ke : " + no): result service data ke : 100

2022-11-22 17:23:14 - [MESSAGE][PASSED] - result service data ke : 100

2022-11-22 17:23:14 - [TEST_STEP][PASSED] - logInfo($response2): {"result_konsumen":"Approve","result_pasangan":"","Final_result":"Approve","errorMessage":"","status":"Done"}

2022-11-22 17:23:14 - [MESSAGE][INFO] - {"result_konsumen":"Approve","result_pasangan":"","Final_result":"Approve","errorMessage":"","status":"Done"}

2022-11-22 17:23:14 - [TEST_STEP][PASSED] - verifyElementPropertyValue(scoring, "Final_result", final_result): Verify element property value successfully

2022-11-22 17:23:14 - [MESSAGE][PASSED] - Verify element property value successfully]]></system-out>
         <system-err><![CDATA[]]></system-err>
      </testcase>
      <testcase name="Test Cases/Engine_Scoring/Engine Scoring" time="5.203" classname="Test Cases/Engine_Scoring/Engine Scoring" status="PASSED">
         <system-out><![CDATA[2022-11-22 17:23:14 - [TEST_CASE][PASSED] - Test Cases/Engine_Scoring/Engine Scoring: Test Cases/Engine_Scoring/Engine Scoring

2022-11-22 17:23:15 - [TEST_STEP][PASSED] - markPassed("Variasi data ke : " + no): Variasi data ke : 101

2022-11-22 17:23:15 - [MESSAGE][PASSED] - Variasi data ke : 101

2022-11-22 17:23:15 - [TEST_STEP][PASSED] - req_data = sendRequest(findTestObject("Search_ME", ["MID":MID, "source":source, "ip":ip, "userid":userid, "branch":branch, "tipekons":tipekons, "marital":marital, "penjamin":penjamin, ... ])): Send request successfully

2022-11-22 17:23:16 - [MESSAGE][INFO] - HAR: D:\DMS\Engine Scoring\Reports\20221122_171227\Exclude KKB - DS\Scoring Individu - DS\20221122_171227\requests\main\200.har

2022-11-22 17:23:16 - [MESSAGE][PASSED] - Send request successfully

2022-11-22 17:23:16 - [TEST_STEP][PASSED] - slurper = new groovy.json.JsonSlurper(): null

2022-11-22 17:23:16 - [TEST_STEP][PASSED] - result = slurper.parseText(req_data.getResponseBodyContent()): null

2022-11-22 17:23:16 - [TEST_STEP][PASSED] - reqid_kons = requestid1: null

2022-11-22 17:23:16 - [TEST_STEP][PASSED] - reqid_spouse = requestid2: null

2022-11-22 17:23:16 - [TEST_STEP][PASSED] - println("requestid kons : " + reqid_kons): null

2022-11-22 17:23:16 - [TEST_STEP][PASSED] - response_searchME_kons = reqid_kons: null

2022-11-22 17:23:16 - [TEST_STEP][PASSED] - response_searchME_spouse = reqid_spouse: null

2022-11-22 17:23:16 - [TEST_STEP][PASSED] - println("kons req id is :" + response_searchME_kons): null

2022-11-22 17:23:16 - [TEST_STEP][PASSED] - println("spouse req id is : " + response_searchME_spouse): null

2022-11-22 17:23:16 - [TEST_STEP][PASSED] - verifyResponseStatusCode(req_data, 200): Verify response status code successfully

2022-11-22 17:23:16 - [MESSAGE][PASSED] - Verify response status code successfully

2022-11-22 17:23:16 - [TEST_STEP][PASSED] - response = req_data.getResponseText(): null

2022-11-22 17:23:16 - [TEST_STEP][PASSED] - logInfo($response): {"status":"Done","data":{"requestid1":"242515","requestid2":""}}

2022-11-22 17:23:16 - [MESSAGE][INFO] - {"status":"Done","data":{"requestid1":"242515","requestid2":""}}

2022-11-22 17:23:16 - [TEST_STEP][PASSED] - delay(3): Delayed 3 second(s)

2022-11-22 17:23:19 - [MESSAGE][PASSED] - Delayed 3 second(s)

2022-11-22 17:23:19 - [TEST_STEP][PASSED] - scoring = sendRequest(findTestObject("EngineScore", ["response_searchME_kons":response_searchME_kons, "response_searchME_spouse":response_searchME_spouse])): Send request successfully

2022-11-22 17:23:19 - [MESSAGE][INFO] - HAR: D:\DMS\Engine Scoring\Reports\20221122_171227\Exclude KKB - DS\Scoring Individu - DS\20221122_171227\requests\main\201.har

2022-11-22 17:23:19 - [MESSAGE][PASSED] - Send request successfully

2022-11-22 17:23:19 - [TEST_STEP][PASSED] - verifyResponseStatusCode(scoring, 200): Verify response status code successfully

2022-11-22 17:23:19 - [MESSAGE][PASSED] - Verify response status code successfully

2022-11-22 17:23:19 - [TEST_STEP][PASSED] - response2 = scoring.getResponseText(): null

2022-11-22 17:23:19 - [TEST_STEP][PASSED] - markPassed("result service data ke : " + no): result service data ke : 101

2022-11-22 17:23:19 - [MESSAGE][PASSED] - result service data ke : 101

2022-11-22 17:23:19 - [TEST_STEP][PASSED] - logInfo($response2): {"result_konsumen":"Reject","result_pasangan":"","Final_result":"Reject","errorMessage":"","status":"Done"}

2022-11-22 17:23:19 - [MESSAGE][INFO] - {"result_konsumen":"Reject","result_pasangan":"","Final_result":"Reject","errorMessage":"","status":"Done"}

2022-11-22 17:23:19 - [TEST_STEP][PASSED] - verifyElementPropertyValue(scoring, "Final_result", final_result): Verify element property value successfully

2022-11-22 17:23:19 - [MESSAGE][PASSED] - Verify element property value successfully]]></system-out>
         <system-err><![CDATA[]]></system-err>
      </testcase>
      <testcase name="Test Cases/Engine_Scoring/Engine Scoring" time="4.977" classname="Test Cases/Engine_Scoring/Engine Scoring" status="PASSED">
         <system-out><![CDATA[2022-11-22 17:23:19 - [TEST_CASE][PASSED] - Test Cases/Engine_Scoring/Engine Scoring: Test Cases/Engine_Scoring/Engine Scoring

2022-11-22 17:23:20 - [TEST_STEP][PASSED] - markPassed("Variasi data ke : " + no): Variasi data ke : 102

2022-11-22 17:23:20 - [MESSAGE][PASSED] - Variasi data ke : 102

2022-11-22 17:23:20 - [TEST_STEP][PASSED] - req_data = sendRequest(findTestObject("Search_ME", ["MID":MID, "source":source, "ip":ip, "userid":userid, "branch":branch, "tipekons":tipekons, "marital":marital, "penjamin":penjamin, ... ])): Send request successfully

2022-11-22 17:23:21 - [MESSAGE][INFO] - HAR: D:\DMS\Engine Scoring\Reports\20221122_171227\Exclude KKB - DS\Scoring Individu - DS\20221122_171227\requests\main\202.har

2022-11-22 17:23:21 - [MESSAGE][PASSED] - Send request successfully

2022-11-22 17:23:21 - [TEST_STEP][PASSED] - slurper = new groovy.json.JsonSlurper(): null

2022-11-22 17:23:21 - [TEST_STEP][PASSED] - result = slurper.parseText(req_data.getResponseBodyContent()): null

2022-11-22 17:23:21 - [TEST_STEP][PASSED] - reqid_kons = requestid1: null

2022-11-22 17:23:21 - [TEST_STEP][PASSED] - reqid_spouse = requestid2: null

2022-11-22 17:23:21 - [TEST_STEP][PASSED] - println("requestid kons : " + reqid_kons): null

2022-11-22 17:23:21 - [TEST_STEP][PASSED] - response_searchME_kons = reqid_kons: null

2022-11-22 17:23:21 - [TEST_STEP][PASSED] - response_searchME_spouse = reqid_spouse: null

2022-11-22 17:23:21 - [TEST_STEP][PASSED] - println("kons req id is :" + response_searchME_kons): null

2022-11-22 17:23:21 - [TEST_STEP][PASSED] - println("spouse req id is : " + response_searchME_spouse): null

2022-11-22 17:23:21 - [TEST_STEP][PASSED] - verifyResponseStatusCode(req_data, 200): Verify response status code successfully

2022-11-22 17:23:21 - [MESSAGE][PASSED] - Verify response status code successfully

2022-11-22 17:23:21 - [TEST_STEP][PASSED] - response = req_data.getResponseText(): null

2022-11-22 17:23:21 - [TEST_STEP][PASSED] - logInfo($response): {"status":"Done","data":{"requestid1":"242516","requestid2":""}}

2022-11-22 17:23:21 - [MESSAGE][INFO] - {"status":"Done","data":{"requestid1":"242516","requestid2":""}}

2022-11-22 17:23:21 - [TEST_STEP][PASSED] - delay(3): Delayed 3 second(s)

2022-11-22 17:23:24 - [MESSAGE][PASSED] - Delayed 3 second(s)

2022-11-22 17:23:24 - [TEST_STEP][PASSED] - scoring = sendRequest(findTestObject("EngineScore", ["response_searchME_kons":response_searchME_kons, "response_searchME_spouse":response_searchME_spouse])): Send request successfully

2022-11-22 17:23:24 - [MESSAGE][INFO] - HAR: D:\DMS\Engine Scoring\Reports\20221122_171227\Exclude KKB - DS\Scoring Individu - DS\20221122_171227\requests\main\203.har

2022-11-22 17:23:24 - [MESSAGE][PASSED] - Send request successfully

2022-11-22 17:23:24 - [TEST_STEP][PASSED] - verifyResponseStatusCode(scoring, 200): Verify response status code successfully

2022-11-22 17:23:24 - [MESSAGE][PASSED] - Verify response status code successfully

2022-11-22 17:23:24 - [TEST_STEP][PASSED] - response2 = scoring.getResponseText(): null

2022-11-22 17:23:24 - [TEST_STEP][PASSED] - markPassed("result service data ke : " + no): result service data ke : 102

2022-11-22 17:23:24 - [MESSAGE][PASSED] - result service data ke : 102

2022-11-22 17:23:24 - [TEST_STEP][PASSED] - logInfo($response2): {"result_konsumen":"Reject","result_pasangan":"","Final_result":"Reject","errorMessage":"","status":"Done"}

2022-11-22 17:23:24 - [MESSAGE][INFO] - {"result_konsumen":"Reject","result_pasangan":"","Final_result":"Reject","errorMessage":"","status":"Done"}

2022-11-22 17:23:24 - [TEST_STEP][PASSED] - verifyElementPropertyValue(scoring, "Final_result", final_result): Verify element property value successfully

2022-11-22 17:23:24 - [MESSAGE][PASSED] - Verify element property value successfully]]></system-out>
         <system-err><![CDATA[]]></system-err>
      </testcase>
      <testcase name="Test Cases/Engine_Scoring/Engine Scoring" time="5.131" classname="Test Cases/Engine_Scoring/Engine Scoring" status="PASSED">
         <system-out><![CDATA[2022-11-22 17:23:24 - [TEST_CASE][PASSED] - Test Cases/Engine_Scoring/Engine Scoring: Test Cases/Engine_Scoring/Engine Scoring

2022-11-22 17:23:25 - [TEST_STEP][PASSED] - markPassed("Variasi data ke : " + no): Variasi data ke : 103

2022-11-22 17:23:25 - [MESSAGE][PASSED] - Variasi data ke : 103

2022-11-22 17:23:25 - [TEST_STEP][PASSED] - req_data = sendRequest(findTestObject("Search_ME", ["MID":MID, "source":source, "ip":ip, "userid":userid, "branch":branch, "tipekons":tipekons, "marital":marital, "penjamin":penjamin, ... ])): Send request successfully

2022-11-22 17:23:26 - [MESSAGE][INFO] - HAR: D:\DMS\Engine Scoring\Reports\20221122_171227\Exclude KKB - DS\Scoring Individu - DS\20221122_171227\requests\main\204.har

2022-11-22 17:23:26 - [MESSAGE][PASSED] - Send request successfully

2022-11-22 17:23:26 - [TEST_STEP][PASSED] - slurper = new groovy.json.JsonSlurper(): null

2022-11-22 17:23:26 - [TEST_STEP][PASSED] - result = slurper.parseText(req_data.getResponseBodyContent()): null

2022-11-22 17:23:26 - [TEST_STEP][PASSED] - reqid_kons = requestid1: null

2022-11-22 17:23:26 - [TEST_STEP][PASSED] - reqid_spouse = requestid2: null

2022-11-22 17:23:26 - [TEST_STEP][PASSED] - println("requestid kons : " + reqid_kons): null

2022-11-22 17:23:26 - [TEST_STEP][PASSED] - response_searchME_kons = reqid_kons: null

2022-11-22 17:23:26 - [TEST_STEP][PASSED] - response_searchME_spouse = reqid_spouse: null

2022-11-22 17:23:26 - [TEST_STEP][PASSED] - println("kons req id is :" + response_searchME_kons): null

2022-11-22 17:23:26 - [TEST_STEP][PASSED] - println("spouse req id is : " + response_searchME_spouse): null

2022-11-22 17:23:26 - [TEST_STEP][PASSED] - verifyResponseStatusCode(req_data, 200): Verify response status code successfully

2022-11-22 17:23:26 - [MESSAGE][PASSED] - Verify response status code successfully

2022-11-22 17:23:26 - [TEST_STEP][PASSED] - response = req_data.getResponseText(): null

2022-11-22 17:23:26 - [TEST_STEP][PASSED] - logInfo($response): {"status":"Done","data":{"requestid1":"242517","requestid2":""}}

2022-11-22 17:23:26 - [MESSAGE][INFO] - {"status":"Done","data":{"requestid1":"242517","requestid2":""}}

2022-11-22 17:23:26 - [TEST_STEP][PASSED] - delay(3): Delayed 3 second(s)

2022-11-22 17:23:29 - [MESSAGE][PASSED] - Delayed 3 second(s)

2022-11-22 17:23:29 - [TEST_STEP][PASSED] - scoring = sendRequest(findTestObject("EngineScore", ["response_searchME_kons":response_searchME_kons, "response_searchME_spouse":response_searchME_spouse])): Send request successfully

2022-11-22 17:23:29 - [MESSAGE][INFO] - HAR: D:\DMS\Engine Scoring\Reports\20221122_171227\Exclude KKB - DS\Scoring Individu - DS\20221122_171227\requests\main\205.har

2022-11-22 17:23:29 - [MESSAGE][PASSED] - Send request successfully

2022-11-22 17:23:29 - [TEST_STEP][PASSED] - verifyResponseStatusCode(scoring, 200): Verify response status code successfully

2022-11-22 17:23:29 - [MESSAGE][PASSED] - Verify response status code successfully

2022-11-22 17:23:29 - [TEST_STEP][PASSED] - response2 = scoring.getResponseText(): null

2022-11-22 17:23:29 - [TEST_STEP][PASSED] - markPassed("result service data ke : " + no): result service data ke : 103

2022-11-22 17:23:29 - [MESSAGE][PASSED] - result service data ke : 103

2022-11-22 17:23:29 - [TEST_STEP][PASSED] - logInfo($response2): {"result_konsumen":"Reguler","result_pasangan":"","Final_result":"Reguler","errorMessage":"","status":"Done"}

2022-11-22 17:23:29 - [MESSAGE][INFO] - {"result_konsumen":"Reguler","result_pasangan":"","Final_result":"Reguler","errorMessage":"","status":"Done"}

2022-11-22 17:23:29 - [TEST_STEP][PASSED] - verifyElementPropertyValue(scoring, "Final_result", final_result): Verify element property value successfully

2022-11-22 17:23:29 - [MESSAGE][PASSED] - Verify element property value successfully]]></system-out>
         <system-err><![CDATA[]]></system-err>
      </testcase>
      <testcase name="Test Cases/Engine_Scoring/Engine Scoring" time="5.042" classname="Test Cases/Engine_Scoring/Engine Scoring" status="PASSED">
         <system-out><![CDATA[2022-11-22 17:23:30 - [TEST_CASE][PASSED] - Test Cases/Engine_Scoring/Engine Scoring: Test Cases/Engine_Scoring/Engine Scoring

2022-11-22 17:23:30 - [TEST_STEP][PASSED] - markPassed("Variasi data ke : " + no): Variasi data ke : 104

2022-11-22 17:23:30 - [MESSAGE][PASSED] - Variasi data ke : 104

2022-11-22 17:23:30 - [TEST_STEP][PASSED] - req_data = sendRequest(findTestObject("Search_ME", ["MID":MID, "source":source, "ip":ip, "userid":userid, "branch":branch, "tipekons":tipekons, "marital":marital, "penjamin":penjamin, ... ])): Send request successfully

2022-11-22 17:23:31 - [MESSAGE][INFO] - HAR: D:\DMS\Engine Scoring\Reports\20221122_171227\Exclude KKB - DS\Scoring Individu - DS\20221122_171227\requests\main\206.har

2022-11-22 17:23:31 - [MESSAGE][PASSED] - Send request successfully

2022-11-22 17:23:31 - [TEST_STEP][PASSED] - slurper = new groovy.json.JsonSlurper(): null

2022-11-22 17:23:31 - [TEST_STEP][PASSED] - result = slurper.parseText(req_data.getResponseBodyContent()): null

2022-11-22 17:23:31 - [TEST_STEP][PASSED] - reqid_kons = requestid1: null

2022-11-22 17:23:31 - [TEST_STEP][PASSED] - reqid_spouse = requestid2: null

2022-11-22 17:23:31 - [TEST_STEP][PASSED] - println("requestid kons : " + reqid_kons): null

2022-11-22 17:23:31 - [TEST_STEP][PASSED] - response_searchME_kons = reqid_kons: null

2022-11-22 17:23:31 - [TEST_STEP][PASSED] - response_searchME_spouse = reqid_spouse: null

2022-11-22 17:23:31 - [TEST_STEP][PASSED] - println("kons req id is :" + response_searchME_kons): null

2022-11-22 17:23:31 - [TEST_STEP][PASSED] - println("spouse req id is : " + response_searchME_spouse): null

2022-11-22 17:23:31 - [TEST_STEP][PASSED] - verifyResponseStatusCode(req_data, 200): Verify response status code successfully

2022-11-22 17:23:31 - [MESSAGE][PASSED] - Verify response status code successfully

2022-11-22 17:23:31 - [TEST_STEP][PASSED] - response = req_data.getResponseText(): null

2022-11-22 17:23:31 - [TEST_STEP][PASSED] - logInfo($response): {"status":"Done","data":{"requestid1":"242518","requestid2":""}}

2022-11-22 17:23:31 - [MESSAGE][INFO] - {"status":"Done","data":{"requestid1":"242518","requestid2":""}}

2022-11-22 17:23:31 - [TEST_STEP][PASSED] - delay(3): Delayed 3 second(s)

2022-11-22 17:23:34 - [MESSAGE][PASSED] - Delayed 3 second(s)

2022-11-22 17:23:34 - [TEST_STEP][PASSED] - scoring = sendRequest(findTestObject("EngineScore", ["response_searchME_kons":response_searchME_kons, "response_searchME_spouse":response_searchME_spouse])): Send request successfully

2022-11-22 17:23:35 - [MESSAGE][INFO] - HAR: D:\DMS\Engine Scoring\Reports\20221122_171227\Exclude KKB - DS\Scoring Individu - DS\20221122_171227\requests\main\207.har

2022-11-22 17:23:35 - [MESSAGE][PASSED] - Send request successfully

2022-11-22 17:23:35 - [TEST_STEP][PASSED] - verifyResponseStatusCode(scoring, 200): Verify response status code successfully

2022-11-22 17:23:35 - [MESSAGE][PASSED] - Verify response status code successfully

2022-11-22 17:23:35 - [TEST_STEP][PASSED] - response2 = scoring.getResponseText(): null

2022-11-22 17:23:35 - [TEST_STEP][PASSED] - markPassed("result service data ke : " + no): result service data ke : 104

2022-11-22 17:23:35 - [MESSAGE][PASSED] - result service data ke : 104

2022-11-22 17:23:35 - [TEST_STEP][PASSED] - logInfo($response2): {"result_konsumen":"Reguler","result_pasangan":"","Final_result":"Reguler","errorMessage":"","status":"Done"}

2022-11-22 17:23:35 - [MESSAGE][INFO] - {"result_konsumen":"Reguler","result_pasangan":"","Final_result":"Reguler","errorMessage":"","status":"Done"}

2022-11-22 17:23:35 - [TEST_STEP][PASSED] - verifyElementPropertyValue(scoring, "Final_result", final_result): Verify element property value successfully

2022-11-22 17:23:35 - [MESSAGE][PASSED] - Verify element property value successfully]]></system-out>
         <system-err><![CDATA[]]></system-err>
      </testcase>
      <testcase name="Test Cases/Engine_Scoring/Engine Scoring" time="4.839" classname="Test Cases/Engine_Scoring/Engine Scoring" status="PASSED">
         <system-out><![CDATA[2022-11-22 17:23:35 - [TEST_CASE][PASSED] - Test Cases/Engine_Scoring/Engine Scoring: Test Cases/Engine_Scoring/Engine Scoring

2022-11-22 17:23:35 - [TEST_STEP][PASSED] - markPassed("Variasi data ke : " + no): Variasi data ke : 105

2022-11-22 17:23:35 - [MESSAGE][PASSED] - Variasi data ke : 105

2022-11-22 17:23:35 - [TEST_STEP][PASSED] - req_data = sendRequest(findTestObject("Search_ME", ["MID":MID, "source":source, "ip":ip, "userid":userid, "branch":branch, "tipekons":tipekons, "marital":marital, "penjamin":penjamin, ... ])): Send request successfully

2022-11-22 17:23:36 - [MESSAGE][INFO] - HAR: D:\DMS\Engine Scoring\Reports\20221122_171227\Exclude KKB - DS\Scoring Individu - DS\20221122_171227\requests\main\208.har

2022-11-22 17:23:36 - [MESSAGE][PASSED] - Send request successfully

2022-11-22 17:23:36 - [TEST_STEP][PASSED] - slurper = new groovy.json.JsonSlurper(): null

2022-11-22 17:23:36 - [TEST_STEP][PASSED] - result = slurper.parseText(req_data.getResponseBodyContent()): null

2022-11-22 17:23:36 - [TEST_STEP][PASSED] - reqid_kons = requestid1: null

2022-11-22 17:23:36 - [TEST_STEP][PASSED] - reqid_spouse = requestid2: null

2022-11-22 17:23:36 - [TEST_STEP][PASSED] - println("requestid kons : " + reqid_kons): null

2022-11-22 17:23:36 - [TEST_STEP][PASSED] - response_searchME_kons = reqid_kons: null

2022-11-22 17:23:36 - [TEST_STEP][PASSED] - response_searchME_spouse = reqid_spouse: null

2022-11-22 17:23:36 - [TEST_STEP][PASSED] - println("kons req id is :" + response_searchME_kons): null

2022-11-22 17:23:36 - [TEST_STEP][PASSED] - println("spouse req id is : " + response_searchME_spouse): null

2022-11-22 17:23:36 - [TEST_STEP][PASSED] - verifyResponseStatusCode(req_data, 200): Verify response status code successfully

2022-11-22 17:23:36 - [MESSAGE][PASSED] - Verify response status code successfully

2022-11-22 17:23:36 - [TEST_STEP][PASSED] - response = req_data.getResponseText(): null

2022-11-22 17:23:36 - [TEST_STEP][PASSED] - logInfo($response): {"status":"Done","data":{"requestid1":"242519","requestid2":""}}

2022-11-22 17:23:36 - [MESSAGE][INFO] - {"status":"Done","data":{"requestid1":"242519","requestid2":""}}

2022-11-22 17:23:36 - [TEST_STEP][PASSED] - delay(3): Delayed 3 second(s)

2022-11-22 17:23:39 - [MESSAGE][PASSED] - Delayed 3 second(s)

2022-11-22 17:23:39 - [TEST_STEP][PASSED] - scoring = sendRequest(findTestObject("EngineScore", ["response_searchME_kons":response_searchME_kons, "response_searchME_spouse":response_searchME_spouse])): Send request successfully

2022-11-22 17:23:39 - [MESSAGE][INFO] - HAR: D:\DMS\Engine Scoring\Reports\20221122_171227\Exclude KKB - DS\Scoring Individu - DS\20221122_171227\requests\main\209.har

2022-11-22 17:23:39 - [MESSAGE][PASSED] - Send request successfully

2022-11-22 17:23:39 - [TEST_STEP][PASSED] - verifyResponseStatusCode(scoring, 200): Verify response status code successfully

2022-11-22 17:23:39 - [MESSAGE][PASSED] - Verify response status code successfully

2022-11-22 17:23:39 - [TEST_STEP][PASSED] - response2 = scoring.getResponseText(): null

2022-11-22 17:23:39 - [TEST_STEP][PASSED] - markPassed("result service data ke : " + no): result service data ke : 105

2022-11-22 17:23:39 - [MESSAGE][PASSED] - result service data ke : 105

2022-11-22 17:23:39 - [TEST_STEP][PASSED] - logInfo($response2): {"result_konsumen":"Reguler","result_pasangan":"","Final_result":"Reguler","errorMessage":"","status":"Done"}

2022-11-22 17:23:39 - [MESSAGE][INFO] - {"result_konsumen":"Reguler","result_pasangan":"","Final_result":"Reguler","errorMessage":"","status":"Done"}

2022-11-22 17:23:39 - [TEST_STEP][PASSED] - verifyElementPropertyValue(scoring, "Final_result", final_result): Verify element property value successfully

2022-11-22 17:23:39 - [MESSAGE][PASSED] - Verify element property value successfully]]></system-out>
         <system-err><![CDATA[]]></system-err>
      </testcase>
      <testcase name="Test Cases/Engine_Scoring/Engine Scoring" time="5.167" classname="Test Cases/Engine_Scoring/Engine Scoring" status="PASSED">
         <system-out><![CDATA[2022-11-22 17:23:40 - [TEST_CASE][PASSED] - Test Cases/Engine_Scoring/Engine Scoring: Test Cases/Engine_Scoring/Engine Scoring

2022-11-22 17:23:41 - [TEST_STEP][PASSED] - markPassed("Variasi data ke : " + no): Variasi data ke : 106

2022-11-22 17:23:41 - [MESSAGE][PASSED] - Variasi data ke : 106

2022-11-22 17:23:41 - [TEST_STEP][PASSED] - req_data = sendRequest(findTestObject("Search_ME", ["MID":MID, "source":source, "ip":ip, "userid":userid, "branch":branch, "tipekons":tipekons, "marital":marital, "penjamin":penjamin, ... ])): Send request successfully

2022-11-22 17:23:42 - [MESSAGE][INFO] - HAR: D:\DMS\Engine Scoring\Reports\20221122_171227\Exclude KKB - DS\Scoring Individu - DS\20221122_171227\requests\main\210.har

2022-11-22 17:23:42 - [MESSAGE][PASSED] - Send request successfully

2022-11-22 17:23:42 - [TEST_STEP][PASSED] - slurper = new groovy.json.JsonSlurper(): null

2022-11-22 17:23:42 - [TEST_STEP][PASSED] - result = slurper.parseText(req_data.getResponseBodyContent()): null

2022-11-22 17:23:42 - [TEST_STEP][PASSED] - reqid_kons = requestid1: null

2022-11-22 17:23:42 - [TEST_STEP][PASSED] - reqid_spouse = requestid2: null

2022-11-22 17:23:42 - [TEST_STEP][PASSED] - println("requestid kons : " + reqid_kons): null

2022-11-22 17:23:42 - [TEST_STEP][PASSED] - response_searchME_kons = reqid_kons: null

2022-11-22 17:23:42 - [TEST_STEP][PASSED] - response_searchME_spouse = reqid_spouse: null

2022-11-22 17:23:42 - [TEST_STEP][PASSED] - println("kons req id is :" + response_searchME_kons): null

2022-11-22 17:23:42 - [TEST_STEP][PASSED] - println("spouse req id is : " + response_searchME_spouse): null

2022-11-22 17:23:42 - [TEST_STEP][PASSED] - verifyResponseStatusCode(req_data, 200): Verify response status code successfully

2022-11-22 17:23:42 - [MESSAGE][PASSED] - Verify response status code successfully

2022-11-22 17:23:42 - [TEST_STEP][PASSED] - response = req_data.getResponseText(): null

2022-11-22 17:23:42 - [TEST_STEP][PASSED] - logInfo($response): {"status":"Done","data":{"requestid1":"242520","requestid2":""}}

2022-11-22 17:23:42 - [MESSAGE][INFO] - {"status":"Done","data":{"requestid1":"242520","requestid2":""}}

2022-11-22 17:23:42 - [TEST_STEP][PASSED] - delay(3): Delayed 3 second(s)

2022-11-22 17:23:45 - [MESSAGE][PASSED] - Delayed 3 second(s)

2022-11-22 17:23:45 - [TEST_STEP][PASSED] - scoring = sendRequest(findTestObject("EngineScore", ["response_searchME_kons":response_searchME_kons, "response_searchME_spouse":response_searchME_spouse])): Send request successfully

2022-11-22 17:23:45 - [MESSAGE][INFO] - HAR: D:\DMS\Engine Scoring\Reports\20221122_171227\Exclude KKB - DS\Scoring Individu - DS\20221122_171227\requests\main\211.har

2022-11-22 17:23:45 - [MESSAGE][PASSED] - Send request successfully

2022-11-22 17:23:45 - [TEST_STEP][PASSED] - verifyResponseStatusCode(scoring, 200): Verify response status code successfully

2022-11-22 17:23:45 - [MESSAGE][PASSED] - Verify response status code successfully

2022-11-22 17:23:45 - [TEST_STEP][PASSED] - response2 = scoring.getResponseText(): null

2022-11-22 17:23:45 - [TEST_STEP][PASSED] - markPassed("result service data ke : " + no): result service data ke : 106

2022-11-22 17:23:45 - [MESSAGE][PASSED] - result service data ke : 106

2022-11-22 17:23:45 - [TEST_STEP][PASSED] - logInfo($response2): {"result_konsumen":"Reguler","result_pasangan":"","Final_result":"Reguler","errorMessage":"","status":"Done"}

2022-11-22 17:23:45 - [MESSAGE][INFO] - {"result_konsumen":"Reguler","result_pasangan":"","Final_result":"Reguler","errorMessage":"","status":"Done"}

2022-11-22 17:23:45 - [TEST_STEP][PASSED] - verifyElementPropertyValue(scoring, "Final_result", final_result): Verify element property value successfully

2022-11-22 17:23:45 - [MESSAGE][PASSED] - Verify element property value successfully]]></system-out>
         <system-err><![CDATA[]]></system-err>
      </testcase>
      <testcase name="Test Cases/Engine_Scoring/Engine Scoring" time="4.973" classname="Test Cases/Engine_Scoring/Engine Scoring" status="PASSED">
         <system-out><![CDATA[2022-11-22 17:23:45 - [TEST_CASE][PASSED] - Test Cases/Engine_Scoring/Engine Scoring: Test Cases/Engine_Scoring/Engine Scoring

2022-11-22 17:23:46 - [TEST_STEP][PASSED] - markPassed("Variasi data ke : " + no): Variasi data ke : 107

2022-11-22 17:23:46 - [MESSAGE][PASSED] - Variasi data ke : 107

2022-11-22 17:23:46 - [TEST_STEP][PASSED] - req_data = sendRequest(findTestObject("Search_ME", ["MID":MID, "source":source, "ip":ip, "userid":userid, "branch":branch, "tipekons":tipekons, "marital":marital, "penjamin":penjamin, ... ])): Send request successfully

2022-11-22 17:23:46 - [MESSAGE][INFO] - HAR: D:\DMS\Engine Scoring\Reports\20221122_171227\Exclude KKB - DS\Scoring Individu - DS\20221122_171227\requests\main\212.har

2022-11-22 17:23:46 - [MESSAGE][PASSED] - Send request successfully

2022-11-22 17:23:46 - [TEST_STEP][PASSED] - slurper = new groovy.json.JsonSlurper(): null

2022-11-22 17:23:46 - [TEST_STEP][PASSED] - result = slurper.parseText(req_data.getResponseBodyContent()): null

2022-11-22 17:23:46 - [TEST_STEP][PASSED] - reqid_kons = requestid1: null

2022-11-22 17:23:46 - [TEST_STEP][PASSED] - reqid_spouse = requestid2: null

2022-11-22 17:23:46 - [TEST_STEP][PASSED] - println("requestid kons : " + reqid_kons): null

2022-11-22 17:23:46 - [TEST_STEP][PASSED] - response_searchME_kons = reqid_kons: null

2022-11-22 17:23:46 - [TEST_STEP][PASSED] - response_searchME_spouse = reqid_spouse: null

2022-11-22 17:23:46 - [TEST_STEP][PASSED] - println("kons req id is :" + response_searchME_kons): null

2022-11-22 17:23:46 - [TEST_STEP][PASSED] - println("spouse req id is : " + response_searchME_spouse): null

2022-11-22 17:23:46 - [TEST_STEP][PASSED] - verifyResponseStatusCode(req_data, 200): Verify response status code successfully

2022-11-22 17:23:46 - [MESSAGE][PASSED] - Verify response status code successfully

2022-11-22 17:23:46 - [TEST_STEP][PASSED] - response = req_data.getResponseText(): null

2022-11-22 17:23:46 - [TEST_STEP][PASSED] - logInfo($response): {"status":"Done","data":{"requestid1":"242521","requestid2":""}}

2022-11-22 17:23:46 - [MESSAGE][INFO] - {"status":"Done","data":{"requestid1":"242521","requestid2":""}}

2022-11-22 17:23:46 - [TEST_STEP][PASSED] - delay(3): Delayed 3 second(s)

2022-11-22 17:23:50 - [MESSAGE][PASSED] - Delayed 3 second(s)

2022-11-22 17:23:50 - [TEST_STEP][PASSED] - scoring = sendRequest(findTestObject("EngineScore", ["response_searchME_kons":response_searchME_kons, "response_searchME_spouse":response_searchME_spouse])): Send request successfully

2022-11-22 17:23:50 - [MESSAGE][INFO] - HAR: D:\DMS\Engine Scoring\Reports\20221122_171227\Exclude KKB - DS\Scoring Individu - DS\20221122_171227\requests\main\213.har

2022-11-22 17:23:50 - [MESSAGE][PASSED] - Send request successfully

2022-11-22 17:23:50 - [TEST_STEP][PASSED] - verifyResponseStatusCode(scoring, 200): Verify response status code successfully

2022-11-22 17:23:50 - [MESSAGE][PASSED] - Verify response status code successfully

2022-11-22 17:23:50 - [TEST_STEP][PASSED] - response2 = scoring.getResponseText(): null

2022-11-22 17:23:50 - [TEST_STEP][PASSED] - markPassed("result service data ke : " + no): result service data ke : 107

2022-11-22 17:23:50 - [MESSAGE][PASSED] - result service data ke : 107

2022-11-22 17:23:50 - [TEST_STEP][PASSED] - logInfo($response2): {"result_konsumen":"Reguler","result_pasangan":"","Final_result":"Reguler","errorMessage":"","status":"Done"}

2022-11-22 17:23:50 - [MESSAGE][INFO] - {"result_konsumen":"Reguler","result_pasangan":"","Final_result":"Reguler","errorMessage":"","status":"Done"}

2022-11-22 17:23:50 - [TEST_STEP][PASSED] - verifyElementPropertyValue(scoring, "Final_result", final_result): Verify element property value successfully

2022-11-22 17:23:50 - [MESSAGE][PASSED] - Verify element property value successfully]]></system-out>
         <system-err><![CDATA[]]></system-err>
      </testcase>
      <testcase name="Test Cases/Engine_Scoring/Engine Scoring" time="5.151" classname="Test Cases/Engine_Scoring/Engine Scoring" status="PASSED">
         <system-out><![CDATA[2022-11-22 17:23:50 - [TEST_CASE][PASSED] - Test Cases/Engine_Scoring/Engine Scoring: Test Cases/Engine_Scoring/Engine Scoring

2022-11-22 17:23:51 - [TEST_STEP][PASSED] - markPassed("Variasi data ke : " + no): Variasi data ke : 108

2022-11-22 17:23:51 - [MESSAGE][PASSED] - Variasi data ke : 108

2022-11-22 17:23:51 - [TEST_STEP][PASSED] - req_data = sendRequest(findTestObject("Search_ME", ["MID":MID, "source":source, "ip":ip, "userid":userid, "branch":branch, "tipekons":tipekons, "marital":marital, "penjamin":penjamin, ... ])): Send request successfully

2022-11-22 17:23:52 - [MESSAGE][INFO] - HAR: D:\DMS\Engine Scoring\Reports\20221122_171227\Exclude KKB - DS\Scoring Individu - DS\20221122_171227\requests\main\214.har

2022-11-22 17:23:52 - [MESSAGE][PASSED] - Send request successfully

2022-11-22 17:23:52 - [TEST_STEP][PASSED] - slurper = new groovy.json.JsonSlurper(): null

2022-11-22 17:23:52 - [TEST_STEP][PASSED] - result = slurper.parseText(req_data.getResponseBodyContent()): null

2022-11-22 17:23:52 - [TEST_STEP][PASSED] - reqid_kons = requestid1: null

2022-11-22 17:23:52 - [TEST_STEP][PASSED] - reqid_spouse = requestid2: null

2022-11-22 17:23:52 - [TEST_STEP][PASSED] - println("requestid kons : " + reqid_kons): null

2022-11-22 17:23:52 - [TEST_STEP][PASSED] - response_searchME_kons = reqid_kons: null

2022-11-22 17:23:52 - [TEST_STEP][PASSED] - response_searchME_spouse = reqid_spouse: null

2022-11-22 17:23:52 - [TEST_STEP][PASSED] - println("kons req id is :" + response_searchME_kons): null

2022-11-22 17:23:52 - [TEST_STEP][PASSED] - println("spouse req id is : " + response_searchME_spouse): null

2022-11-22 17:23:52 - [TEST_STEP][PASSED] - verifyResponseStatusCode(req_data, 200): Verify response status code successfully

2022-11-22 17:23:52 - [MESSAGE][PASSED] - Verify response status code successfully

2022-11-22 17:23:52 - [TEST_STEP][PASSED] - response = req_data.getResponseText(): null

2022-11-22 17:23:52 - [TEST_STEP][PASSED] - logInfo($response): {"status":"Done","data":{"requestid1":"242522","requestid2":""}}

2022-11-22 17:23:52 - [MESSAGE][INFO] - {"status":"Done","data":{"requestid1":"242522","requestid2":""}}

2022-11-22 17:23:52 - [TEST_STEP][PASSED] - delay(3): Delayed 3 second(s)

2022-11-22 17:23:55 - [MESSAGE][PASSED] - Delayed 3 second(s)

2022-11-22 17:23:55 - [TEST_STEP][PASSED] - scoring = sendRequest(findTestObject("EngineScore", ["response_searchME_kons":response_searchME_kons, "response_searchME_spouse":response_searchME_spouse])): Send request successfully

2022-11-22 17:23:55 - [MESSAGE][INFO] - HAR: D:\DMS\Engine Scoring\Reports\20221122_171227\Exclude KKB - DS\Scoring Individu - DS\20221122_171227\requests\main\215.har

2022-11-22 17:23:55 - [MESSAGE][PASSED] - Send request successfully

2022-11-22 17:23:55 - [TEST_STEP][PASSED] - verifyResponseStatusCode(scoring, 200): Verify response status code successfully

2022-11-22 17:23:55 - [MESSAGE][PASSED] - Verify response status code successfully

2022-11-22 17:23:55 - [TEST_STEP][PASSED] - response2 = scoring.getResponseText(): null

2022-11-22 17:23:55 - [TEST_STEP][PASSED] - markPassed("result service data ke : " + no): result service data ke : 108

2022-11-22 17:23:55 - [MESSAGE][PASSED] - result service data ke : 108

2022-11-22 17:23:55 - [TEST_STEP][PASSED] - logInfo($response2): {"result_konsumen":"Reguler","result_pasangan":"","Final_result":"Reguler","errorMessage":"","status":"Done"}

2022-11-22 17:23:55 - [MESSAGE][INFO] - {"result_konsumen":"Reguler","result_pasangan":"","Final_result":"Reguler","errorMessage":"","status":"Done"}

2022-11-22 17:23:55 - [TEST_STEP][PASSED] - verifyElementPropertyValue(scoring, "Final_result", final_result): Verify element property value successfully

2022-11-22 17:23:55 - [MESSAGE][PASSED] - Verify element property value successfully]]></system-out>
         <system-err><![CDATA[]]></system-err>
      </testcase>
      <testcase name="Test Cases/Engine_Scoring/Engine Scoring" time="4.988" classname="Test Cases/Engine_Scoring/Engine Scoring" status="PASSED">
         <system-out><![CDATA[2022-11-22 17:23:55 - [TEST_CASE][PASSED] - Test Cases/Engine_Scoring/Engine Scoring: Test Cases/Engine_Scoring/Engine Scoring

2022-11-22 17:23:56 - [TEST_STEP][PASSED] - markPassed("Variasi data ke : " + no): Variasi data ke : 109

2022-11-22 17:23:56 - [MESSAGE][PASSED] - Variasi data ke : 109

2022-11-22 17:23:56 - [TEST_STEP][PASSED] - req_data = sendRequest(findTestObject("Search_ME", ["MID":MID, "source":source, "ip":ip, "userid":userid, "branch":branch, "tipekons":tipekons, "marital":marital, "penjamin":penjamin, ... ])): Send request successfully

2022-11-22 17:23:57 - [MESSAGE][INFO] - HAR: D:\DMS\Engine Scoring\Reports\20221122_171227\Exclude KKB - DS\Scoring Individu - DS\20221122_171227\requests\main\216.har

2022-11-22 17:23:57 - [MESSAGE][PASSED] - Send request successfully

2022-11-22 17:23:57 - [TEST_STEP][PASSED] - slurper = new groovy.json.JsonSlurper(): null

2022-11-22 17:23:57 - [TEST_STEP][PASSED] - result = slurper.parseText(req_data.getResponseBodyContent()): null

2022-11-22 17:23:57 - [TEST_STEP][PASSED] - reqid_kons = requestid1: null

2022-11-22 17:23:57 - [TEST_STEP][PASSED] - reqid_spouse = requestid2: null

2022-11-22 17:23:57 - [TEST_STEP][PASSED] - println("requestid kons : " + reqid_kons): null

2022-11-22 17:23:57 - [TEST_STEP][PASSED] - response_searchME_kons = reqid_kons: null

2022-11-22 17:23:57 - [TEST_STEP][PASSED] - response_searchME_spouse = reqid_spouse: null

2022-11-22 17:23:57 - [TEST_STEP][PASSED] - println("kons req id is :" + response_searchME_kons): null

2022-11-22 17:23:57 - [TEST_STEP][PASSED] - println("spouse req id is : " + response_searchME_spouse): null

2022-11-22 17:23:57 - [TEST_STEP][PASSED] - verifyResponseStatusCode(req_data, 200): Verify response status code successfully

2022-11-22 17:23:57 - [MESSAGE][PASSED] - Verify response status code successfully

2022-11-22 17:23:57 - [TEST_STEP][PASSED] - response = req_data.getResponseText(): null

2022-11-22 17:23:57 - [TEST_STEP][PASSED] - logInfo($response): {"status":"Done","data":{"requestid1":"242523","requestid2":""}}

2022-11-22 17:23:57 - [MESSAGE][INFO] - {"status":"Done","data":{"requestid1":"242523","requestid2":""}}

2022-11-22 17:23:57 - [TEST_STEP][PASSED] - delay(3): Delayed 3 second(s)

2022-11-22 17:24:00 - [MESSAGE][PASSED] - Delayed 3 second(s)

2022-11-22 17:24:00 - [TEST_STEP][PASSED] - scoring = sendRequest(findTestObject("EngineScore", ["response_searchME_kons":response_searchME_kons, "response_searchME_spouse":response_searchME_spouse])): Send request successfully

2022-11-22 17:24:00 - [MESSAGE][INFO] - HAR: D:\DMS\Engine Scoring\Reports\20221122_171227\Exclude KKB - DS\Scoring Individu - DS\20221122_171227\requests\main\217.har

2022-11-22 17:24:00 - [MESSAGE][PASSED] - Send request successfully

2022-11-22 17:24:00 - [TEST_STEP][PASSED] - verifyResponseStatusCode(scoring, 200): Verify response status code successfully

2022-11-22 17:24:00 - [MESSAGE][PASSED] - Verify response status code successfully

2022-11-22 17:24:00 - [TEST_STEP][PASSED] - response2 = scoring.getResponseText(): null

2022-11-22 17:24:00 - [TEST_STEP][PASSED] - markPassed("result service data ke : " + no): result service data ke : 109

2022-11-22 17:24:00 - [MESSAGE][PASSED] - result service data ke : 109

2022-11-22 17:24:00 - [TEST_STEP][PASSED] - logInfo($response2): {"result_konsumen":"Reguler","result_pasangan":"","Final_result":"Reguler","errorMessage":"","status":"Done"}

2022-11-22 17:24:00 - [MESSAGE][INFO] - {"result_konsumen":"Reguler","result_pasangan":"","Final_result":"Reguler","errorMessage":"","status":"Done"}

2022-11-22 17:24:00 - [TEST_STEP][PASSED] - verifyElementPropertyValue(scoring, "Final_result", final_result): Verify element property value successfully

2022-11-22 17:24:00 - [MESSAGE][PASSED] - Verify element property value successfully]]></system-out>
         <system-err><![CDATA[]]></system-err>
      </testcase>
      <testcase name="Test Cases/Engine_Scoring/Engine Scoring" time="5.096" classname="Test Cases/Engine_Scoring/Engine Scoring" status="PASSED">
         <system-out><![CDATA[2022-11-22 17:24:00 - [TEST_CASE][PASSED] - Test Cases/Engine_Scoring/Engine Scoring: Test Cases/Engine_Scoring/Engine Scoring

2022-11-22 17:24:01 - [TEST_STEP][PASSED] - markPassed("Variasi data ke : " + no): Variasi data ke : 110

2022-11-22 17:24:01 - [MESSAGE][PASSED] - Variasi data ke : 110

2022-11-22 17:24:01 - [TEST_STEP][PASSED] - req_data = sendRequest(findTestObject("Search_ME", ["MID":MID, "source":source, "ip":ip, "userid":userid, "branch":branch, "tipekons":tipekons, "marital":marital, "penjamin":penjamin, ... ])): Send request successfully

2022-11-22 17:24:02 - [MESSAGE][INFO] - HAR: D:\DMS\Engine Scoring\Reports\20221122_171227\Exclude KKB - DS\Scoring Individu - DS\20221122_171227\requests\main\218.har

2022-11-22 17:24:02 - [MESSAGE][PASSED] - Send request successfully

2022-11-22 17:24:02 - [TEST_STEP][PASSED] - slurper = new groovy.json.JsonSlurper(): null

2022-11-22 17:24:02 - [TEST_STEP][PASSED] - result = slurper.parseText(req_data.getResponseBodyContent()): null

2022-11-22 17:24:02 - [TEST_STEP][PASSED] - reqid_kons = requestid1: null

2022-11-22 17:24:02 - [TEST_STEP][PASSED] - reqid_spouse = requestid2: null

2022-11-22 17:24:02 - [TEST_STEP][PASSED] - println("requestid kons : " + reqid_kons): null

2022-11-22 17:24:02 - [TEST_STEP][PASSED] - response_searchME_kons = reqid_kons: null

2022-11-22 17:24:02 - [TEST_STEP][PASSED] - response_searchME_spouse = reqid_spouse: null

2022-11-22 17:24:02 - [TEST_STEP][PASSED] - println("kons req id is :" + response_searchME_kons): null

2022-11-22 17:24:02 - [TEST_STEP][PASSED] - println("spouse req id is : " + response_searchME_spouse): null

2022-11-22 17:24:02 - [TEST_STEP][PASSED] - verifyResponseStatusCode(req_data, 200): Verify response status code successfully

2022-11-22 17:24:02 - [MESSAGE][PASSED] - Verify response status code successfully

2022-11-22 17:24:02 - [TEST_STEP][PASSED] - response = req_data.getResponseText(): null

2022-11-22 17:24:02 - [TEST_STEP][PASSED] - logInfo($response): {"status":"Done","data":{"requestid1":"242524","requestid2":""}}

2022-11-22 17:24:02 - [MESSAGE][INFO] - {"status":"Done","data":{"requestid1":"242524","requestid2":""}}

2022-11-22 17:24:02 - [TEST_STEP][PASSED] - delay(3): Delayed 3 second(s)

2022-11-22 17:24:05 - [MESSAGE][PASSED] - Delayed 3 second(s)

2022-11-22 17:24:05 - [TEST_STEP][PASSED] - scoring = sendRequest(findTestObject("EngineScore", ["response_searchME_kons":response_searchME_kons, "response_searchME_spouse":response_searchME_spouse])): Send request successfully

2022-11-22 17:24:05 - [MESSAGE][INFO] - HAR: D:\DMS\Engine Scoring\Reports\20221122_171227\Exclude KKB - DS\Scoring Individu - DS\20221122_171227\requests\main\219.har

2022-11-22 17:24:05 - [MESSAGE][PASSED] - Send request successfully

2022-11-22 17:24:05 - [TEST_STEP][PASSED] - verifyResponseStatusCode(scoring, 200): Verify response status code successfully

2022-11-22 17:24:05 - [MESSAGE][PASSED] - Verify response status code successfully

2022-11-22 17:24:05 - [TEST_STEP][PASSED] - response2 = scoring.getResponseText(): null

2022-11-22 17:24:05 - [TEST_STEP][PASSED] - markPassed("result service data ke : " + no): result service data ke : 110

2022-11-22 17:24:05 - [MESSAGE][PASSED] - result service data ke : 110

2022-11-22 17:24:05 - [TEST_STEP][PASSED] - logInfo($response2): {"result_konsumen":"Reguler","result_pasangan":"","Final_result":"Reguler","errorMessage":"","status":"Done"}

2022-11-22 17:24:05 - [MESSAGE][INFO] - {"result_konsumen":"Reguler","result_pasangan":"","Final_result":"Reguler","errorMessage":"","status":"Done"}

2022-11-22 17:24:05 - [TEST_STEP][PASSED] - verifyElementPropertyValue(scoring, "Final_result", final_result): Verify element property value successfully

2022-11-22 17:24:05 - [MESSAGE][PASSED] - Verify element property value successfully]]></system-out>
         <system-err><![CDATA[]]></system-err>
      </testcase>
      <testcase name="Test Cases/Engine_Scoring/Engine Scoring" time="5.105" classname="Test Cases/Engine_Scoring/Engine Scoring" status="PASSED">
         <system-out><![CDATA[2022-11-22 17:24:05 - [TEST_CASE][PASSED] - Test Cases/Engine_Scoring/Engine Scoring: Test Cases/Engine_Scoring/Engine Scoring

2022-11-22 17:24:06 - [TEST_STEP][PASSED] - markPassed("Variasi data ke : " + no): Variasi data ke : 111

2022-11-22 17:24:06 - [MESSAGE][PASSED] - Variasi data ke : 111

2022-11-22 17:24:06 - [TEST_STEP][PASSED] - req_data = sendRequest(findTestObject("Search_ME", ["MID":MID, "source":source, "ip":ip, "userid":userid, "branch":branch, "tipekons":tipekons, "marital":marital, "penjamin":penjamin, ... ])): Send request successfully

2022-11-22 17:24:07 - [MESSAGE][INFO] - HAR: D:\DMS\Engine Scoring\Reports\20221122_171227\Exclude KKB - DS\Scoring Individu - DS\20221122_171227\requests\main\220.har

2022-11-22 17:24:07 - [MESSAGE][PASSED] - Send request successfully

2022-11-22 17:24:07 - [TEST_STEP][PASSED] - slurper = new groovy.json.JsonSlurper(): null

2022-11-22 17:24:07 - [TEST_STEP][PASSED] - result = slurper.parseText(req_data.getResponseBodyContent()): null

2022-11-22 17:24:07 - [TEST_STEP][PASSED] - reqid_kons = requestid1: null

2022-11-22 17:24:07 - [TEST_STEP][PASSED] - reqid_spouse = requestid2: null

2022-11-22 17:24:07 - [TEST_STEP][PASSED] - println("requestid kons : " + reqid_kons): null

2022-11-22 17:24:07 - [TEST_STEP][PASSED] - response_searchME_kons = reqid_kons: null

2022-11-22 17:24:07 - [TEST_STEP][PASSED] - response_searchME_spouse = reqid_spouse: null

2022-11-22 17:24:07 - [TEST_STEP][PASSED] - println("kons req id is :" + response_searchME_kons): null

2022-11-22 17:24:07 - [TEST_STEP][PASSED] - println("spouse req id is : " + response_searchME_spouse): null

2022-11-22 17:24:07 - [TEST_STEP][PASSED] - verifyResponseStatusCode(req_data, 200): Verify response status code successfully

2022-11-22 17:24:07 - [MESSAGE][PASSED] - Verify response status code successfully

2022-11-22 17:24:07 - [TEST_STEP][PASSED] - response = req_data.getResponseText(): null

2022-11-22 17:24:07 - [TEST_STEP][PASSED] - logInfo($response): {"status":"Done","data":{"requestid1":"242525","requestid2":""}}

2022-11-22 17:24:07 - [MESSAGE][INFO] - {"status":"Done","data":{"requestid1":"242525","requestid2":""}}

2022-11-22 17:24:07 - [TEST_STEP][PASSED] - delay(3): Delayed 3 second(s)

2022-11-22 17:24:10 - [MESSAGE][PASSED] - Delayed 3 second(s)

2022-11-22 17:24:10 - [TEST_STEP][PASSED] - scoring = sendRequest(findTestObject("EngineScore", ["response_searchME_kons":response_searchME_kons, "response_searchME_spouse":response_searchME_spouse])): Send request successfully

2022-11-22 17:24:10 - [MESSAGE][INFO] - HAR: D:\DMS\Engine Scoring\Reports\20221122_171227\Exclude KKB - DS\Scoring Individu - DS\20221122_171227\requests\main\221.har

2022-11-22 17:24:10 - [MESSAGE][PASSED] - Send request successfully

2022-11-22 17:24:10 - [TEST_STEP][PASSED] - verifyResponseStatusCode(scoring, 200): Verify response status code successfully

2022-11-22 17:24:10 - [MESSAGE][PASSED] - Verify response status code successfully

2022-11-22 17:24:10 - [TEST_STEP][PASSED] - response2 = scoring.getResponseText(): null

2022-11-22 17:24:10 - [TEST_STEP][PASSED] - markPassed("result service data ke : " + no): result service data ke : 111

2022-11-22 17:24:10 - [MESSAGE][PASSED] - result service data ke : 111

2022-11-22 17:24:10 - [TEST_STEP][PASSED] - logInfo($response2): {"result_konsumen":"Approve","result_pasangan":"","Final_result":"Approve","errorMessage":"","status":"Done"}

2022-11-22 17:24:10 - [MESSAGE][INFO] - {"result_konsumen":"Approve","result_pasangan":"","Final_result":"Approve","errorMessage":"","status":"Done"}

2022-11-22 17:24:10 - [TEST_STEP][PASSED] - verifyElementPropertyValue(scoring, "Final_result", final_result): Verify element property value successfully

2022-11-22 17:24:10 - [MESSAGE][PASSED] - Verify element property value successfully]]></system-out>
         <system-err><![CDATA[]]></system-err>
      </testcase>
      <testcase name="Test Cases/Engine_Scoring/Engine Scoring" time="4.979" classname="Test Cases/Engine_Scoring/Engine Scoring" status="PASSED">
         <system-out><![CDATA[2022-11-22 17:24:10 - [TEST_CASE][PASSED] - Test Cases/Engine_Scoring/Engine Scoring: Test Cases/Engine_Scoring/Engine Scoring

2022-11-22 17:24:11 - [TEST_STEP][PASSED] - markPassed("Variasi data ke : " + no): Variasi data ke : 112

2022-11-22 17:24:11 - [MESSAGE][PASSED] - Variasi data ke : 112

2022-11-22 17:24:11 - [TEST_STEP][PASSED] - req_data = sendRequest(findTestObject("Search_ME", ["MID":MID, "source":source, "ip":ip, "userid":userid, "branch":branch, "tipekons":tipekons, "marital":marital, "penjamin":penjamin, ... ])): Send request successfully

2022-11-22 17:24:12 - [MESSAGE][INFO] - HAR: D:\DMS\Engine Scoring\Reports\20221122_171227\Exclude KKB - DS\Scoring Individu - DS\20221122_171227\requests\main\222.har

2022-11-22 17:24:12 - [MESSAGE][PASSED] - Send request successfully

2022-11-22 17:24:12 - [TEST_STEP][PASSED] - slurper = new groovy.json.JsonSlurper(): null

2022-11-22 17:24:12 - [TEST_STEP][PASSED] - result = slurper.parseText(req_data.getResponseBodyContent()): null

2022-11-22 17:24:12 - [TEST_STEP][PASSED] - reqid_kons = requestid1: null

2022-11-22 17:24:12 - [TEST_STEP][PASSED] - reqid_spouse = requestid2: null

2022-11-22 17:24:12 - [TEST_STEP][PASSED] - println("requestid kons : " + reqid_kons): null

2022-11-22 17:24:12 - [TEST_STEP][PASSED] - response_searchME_kons = reqid_kons: null

2022-11-22 17:24:12 - [TEST_STEP][PASSED] - response_searchME_spouse = reqid_spouse: null

2022-11-22 17:24:12 - [TEST_STEP][PASSED] - println("kons req id is :" + response_searchME_kons): null

2022-11-22 17:24:12 - [TEST_STEP][PASSED] - println("spouse req id is : " + response_searchME_spouse): null

2022-11-22 17:24:12 - [TEST_STEP][PASSED] - verifyResponseStatusCode(req_data, 200): Verify response status code successfully

2022-11-22 17:24:12 - [MESSAGE][PASSED] - Verify response status code successfully

2022-11-22 17:24:12 - [TEST_STEP][PASSED] - response = req_data.getResponseText(): null

2022-11-22 17:24:12 - [TEST_STEP][PASSED] - logInfo($response): {"status":"Done","data":{"requestid1":"242526","requestid2":""}}

2022-11-22 17:24:12 - [MESSAGE][INFO] - {"status":"Done","data":{"requestid1":"242526","requestid2":""}}

2022-11-22 17:24:12 - [TEST_STEP][PASSED] - delay(3): Delayed 3 second(s)

2022-11-22 17:24:15 - [MESSAGE][PASSED] - Delayed 3 second(s)

2022-11-22 17:24:15 - [TEST_STEP][PASSED] - scoring = sendRequest(findTestObject("EngineScore", ["response_searchME_kons":response_searchME_kons, "response_searchME_spouse":response_searchME_spouse])): Send request successfully

2022-11-22 17:24:15 - [MESSAGE][INFO] - HAR: D:\DMS\Engine Scoring\Reports\20221122_171227\Exclude KKB - DS\Scoring Individu - DS\20221122_171227\requests\main\223.har

2022-11-22 17:24:15 - [MESSAGE][PASSED] - Send request successfully

2022-11-22 17:24:15 - [TEST_STEP][PASSED] - verifyResponseStatusCode(scoring, 200): Verify response status code successfully

2022-11-22 17:24:15 - [MESSAGE][PASSED] - Verify response status code successfully

2022-11-22 17:24:15 - [TEST_STEP][PASSED] - response2 = scoring.getResponseText(): null

2022-11-22 17:24:15 - [TEST_STEP][PASSED] - markPassed("result service data ke : " + no): result service data ke : 112

2022-11-22 17:24:15 - [MESSAGE][PASSED] - result service data ke : 112

2022-11-22 17:24:15 - [TEST_STEP][PASSED] - logInfo($response2): {"result_konsumen":"Approve","result_pasangan":"","Final_result":"Approve","errorMessage":"","status":"Done"}

2022-11-22 17:24:15 - [MESSAGE][INFO] - {"result_konsumen":"Approve","result_pasangan":"","Final_result":"Approve","errorMessage":"","status":"Done"}

2022-11-22 17:24:15 - [TEST_STEP][PASSED] - verifyElementPropertyValue(scoring, "Final_result", final_result): Verify element property value successfully

2022-11-22 17:24:15 - [MESSAGE][PASSED] - Verify element property value successfully]]></system-out>
         <system-err><![CDATA[]]></system-err>
      </testcase>
      <testcase name="Test Cases/Engine_Scoring/Engine Scoring" time="8.179" classname="Test Cases/Engine_Scoring/Engine Scoring" status="PASSED">
         <system-out><![CDATA[2022-11-22 17:24:15 - [TEST_CASE][PASSED] - Test Cases/Engine_Scoring/Engine Scoring: Test Cases/Engine_Scoring/Engine Scoring

2022-11-22 17:24:16 - [TEST_STEP][PASSED] - markPassed("Variasi data ke : " + no): Variasi data ke : 113

2022-11-22 17:24:16 - [MESSAGE][PASSED] - Variasi data ke : 113

2022-11-22 17:24:16 - [TEST_STEP][PASSED] - req_data = sendRequest(findTestObject("Search_ME", ["MID":MID, "source":source, "ip":ip, "userid":userid, "branch":branch, "tipekons":tipekons, "marital":marital, "penjamin":penjamin, ... ])): Send request successfully

2022-11-22 17:24:20 - [MESSAGE][INFO] - HAR: D:\DMS\Engine Scoring\Reports\20221122_171227\Exclude KKB - DS\Scoring Individu - DS\20221122_171227\requests\main\224.har

2022-11-22 17:24:20 - [MESSAGE][PASSED] - Send request successfully

2022-11-22 17:24:20 - [TEST_STEP][PASSED] - slurper = new groovy.json.JsonSlurper(): null

2022-11-22 17:24:20 - [TEST_STEP][PASSED] - result = slurper.parseText(req_data.getResponseBodyContent()): null

2022-11-22 17:24:20 - [TEST_STEP][PASSED] - reqid_kons = requestid1: null

2022-11-22 17:24:20 - [TEST_STEP][PASSED] - reqid_spouse = requestid2: null

2022-11-22 17:24:20 - [TEST_STEP][PASSED] - println("requestid kons : " + reqid_kons): null

2022-11-22 17:24:20 - [TEST_STEP][PASSED] - response_searchME_kons = reqid_kons: null

2022-11-22 17:24:20 - [TEST_STEP][PASSED] - response_searchME_spouse = reqid_spouse: null

2022-11-22 17:24:20 - [TEST_STEP][PASSED] - println("kons req id is :" + response_searchME_kons): null

2022-11-22 17:24:20 - [TEST_STEP][PASSED] - println("spouse req id is : " + response_searchME_spouse): null

2022-11-22 17:24:20 - [TEST_STEP][PASSED] - verifyResponseStatusCode(req_data, 200): Verify response status code successfully

2022-11-22 17:24:20 - [MESSAGE][PASSED] - Verify response status code successfully

2022-11-22 17:24:20 - [TEST_STEP][PASSED] - response = req_data.getResponseText(): null

2022-11-22 17:24:20 - [TEST_STEP][PASSED] - logInfo($response): {"status":"Done","data":{"requestid1":"242527","requestid2":""}}

2022-11-22 17:24:20 - [MESSAGE][INFO] - {"status":"Done","data":{"requestid1":"242527","requestid2":""}}

2022-11-22 17:24:20 - [TEST_STEP][PASSED] - delay(3): Delayed 3 second(s)

2022-11-22 17:24:23 - [MESSAGE][PASSED] - Delayed 3 second(s)

2022-11-22 17:24:23 - [TEST_STEP][PASSED] - scoring = sendRequest(findTestObject("EngineScore", ["response_searchME_kons":response_searchME_kons, "response_searchME_spouse":response_searchME_spouse])): Send request successfully

2022-11-22 17:24:23 - [MESSAGE][INFO] - HAR: D:\DMS\Engine Scoring\Reports\20221122_171227\Exclude KKB - DS\Scoring Individu - DS\20221122_171227\requests\main\225.har

2022-11-22 17:24:23 - [MESSAGE][PASSED] - Send request successfully

2022-11-22 17:24:23 - [TEST_STEP][PASSED] - verifyResponseStatusCode(scoring, 200): Verify response status code successfully

2022-11-22 17:24:23 - [MESSAGE][PASSED] - Verify response status code successfully

2022-11-22 17:24:23 - [TEST_STEP][PASSED] - response2 = scoring.getResponseText(): null

2022-11-22 17:24:23 - [TEST_STEP][PASSED] - markPassed("result service data ke : " + no): result service data ke : 113

2022-11-22 17:24:23 - [MESSAGE][PASSED] - result service data ke : 113

2022-11-22 17:24:23 - [TEST_STEP][PASSED] - logInfo($response2): {"result_konsumen":"Approve","result_pasangan":"","Final_result":"Approve","errorMessage":"","status":"Done"}

2022-11-22 17:24:23 - [MESSAGE][INFO] - {"result_konsumen":"Approve","result_pasangan":"","Final_result":"Approve","errorMessage":"","status":"Done"}

2022-11-22 17:24:23 - [TEST_STEP][PASSED] - verifyElementPropertyValue(scoring, "Final_result", final_result): Verify element property value successfully

2022-11-22 17:24:24 - [MESSAGE][PASSED] - Verify element property value successfully]]></system-out>
         <system-err><![CDATA[]]></system-err>
      </testcase>
      <testcase name="Test Cases/Engine_Scoring/Engine Scoring" time="4.982" classname="Test Cases/Engine_Scoring/Engine Scoring" status="PASSED">
         <system-out><![CDATA[2022-11-22 17:24:24 - [TEST_CASE][PASSED] - Test Cases/Engine_Scoring/Engine Scoring: Test Cases/Engine_Scoring/Engine Scoring

2022-11-22 17:24:24 - [TEST_STEP][PASSED] - markPassed("Variasi data ke : " + no): Variasi data ke : 114

2022-11-22 17:24:24 - [MESSAGE][PASSED] - Variasi data ke : 114

2022-11-22 17:24:24 - [TEST_STEP][PASSED] - req_data = sendRequest(findTestObject("Search_ME", ["MID":MID, "source":source, "ip":ip, "userid":userid, "branch":branch, "tipekons":tipekons, "marital":marital, "penjamin":penjamin, ... ])): Send request successfully

2022-11-22 17:24:25 - [MESSAGE][INFO] - HAR: D:\DMS\Engine Scoring\Reports\20221122_171227\Exclude KKB - DS\Scoring Individu - DS\20221122_171227\requests\main\226.har

2022-11-22 17:24:25 - [MESSAGE][PASSED] - Send request successfully

2022-11-22 17:24:25 - [TEST_STEP][PASSED] - slurper = new groovy.json.JsonSlurper(): null

2022-11-22 17:24:25 - [TEST_STEP][PASSED] - result = slurper.parseText(req_data.getResponseBodyContent()): null

2022-11-22 17:24:25 - [TEST_STEP][PASSED] - reqid_kons = requestid1: null

2022-11-22 17:24:25 - [TEST_STEP][PASSED] - reqid_spouse = requestid2: null

2022-11-22 17:24:25 - [TEST_STEP][PASSED] - println("requestid kons : " + reqid_kons): null

2022-11-22 17:24:25 - [TEST_STEP][PASSED] - response_searchME_kons = reqid_kons: null

2022-11-22 17:24:25 - [TEST_STEP][PASSED] - response_searchME_spouse = reqid_spouse: null

2022-11-22 17:24:25 - [TEST_STEP][PASSED] - println("kons req id is :" + response_searchME_kons): null

2022-11-22 17:24:25 - [TEST_STEP][PASSED] - println("spouse req id is : " + response_searchME_spouse): null

2022-11-22 17:24:25 - [TEST_STEP][PASSED] - verifyResponseStatusCode(req_data, 200): Verify response status code successfully

2022-11-22 17:24:25 - [MESSAGE][PASSED] - Verify response status code successfully

2022-11-22 17:24:25 - [TEST_STEP][PASSED] - response = req_data.getResponseText(): null

2022-11-22 17:24:25 - [TEST_STEP][PASSED] - logInfo($response): {"status":"Done","data":{"requestid1":"242528","requestid2":""}}

2022-11-22 17:24:25 - [MESSAGE][INFO] - {"status":"Done","data":{"requestid1":"242528","requestid2":""}}

2022-11-22 17:24:25 - [TEST_STEP][PASSED] - delay(3): Delayed 3 second(s)

2022-11-22 17:24:28 - [MESSAGE][PASSED] - Delayed 3 second(s)

2022-11-22 17:24:28 - [TEST_STEP][PASSED] - scoring = sendRequest(findTestObject("EngineScore", ["response_searchME_kons":response_searchME_kons, "response_searchME_spouse":response_searchME_spouse])): Send request successfully

2022-11-22 17:24:29 - [MESSAGE][INFO] - HAR: D:\DMS\Engine Scoring\Reports\20221122_171227\Exclude KKB - DS\Scoring Individu - DS\20221122_171227\requests\main\227.har

2022-11-22 17:24:29 - [MESSAGE][PASSED] - Send request successfully

2022-11-22 17:24:29 - [TEST_STEP][PASSED] - verifyResponseStatusCode(scoring, 200): Verify response status code successfully

2022-11-22 17:24:29 - [MESSAGE][PASSED] - Verify response status code successfully

2022-11-22 17:24:29 - [TEST_STEP][PASSED] - response2 = scoring.getResponseText(): null

2022-11-22 17:24:29 - [TEST_STEP][PASSED] - markPassed("result service data ke : " + no): result service data ke : 114

2022-11-22 17:24:29 - [MESSAGE][PASSED] - result service data ke : 114

2022-11-22 17:24:29 - [TEST_STEP][PASSED] - logInfo($response2): {"result_konsumen":"Approve","result_pasangan":"","Final_result":"Approve","errorMessage":"","status":"Done"}

2022-11-22 17:24:29 - [MESSAGE][INFO] - {"result_konsumen":"Approve","result_pasangan":"","Final_result":"Approve","errorMessage":"","status":"Done"}

2022-11-22 17:24:29 - [TEST_STEP][PASSED] - verifyElementPropertyValue(scoring, "Final_result", final_result): Verify element property value successfully

2022-11-22 17:24:29 - [MESSAGE][PASSED] - Verify element property value successfully]]></system-out>
         <system-err><![CDATA[]]></system-err>
      </testcase>
      <testcase name="Test Cases/Engine_Scoring/Engine Scoring" time="4.956" classname="Test Cases/Engine_Scoring/Engine Scoring" status="PASSED">
         <system-out><![CDATA[2022-11-22 17:24:29 - [TEST_CASE][PASSED] - Test Cases/Engine_Scoring/Engine Scoring: Test Cases/Engine_Scoring/Engine Scoring

2022-11-22 17:24:29 - [TEST_STEP][PASSED] - markPassed("Variasi data ke : " + no): Variasi data ke : 115

2022-11-22 17:24:29 - [MESSAGE][PASSED] - Variasi data ke : 115

2022-11-22 17:24:29 - [TEST_STEP][PASSED] - req_data = sendRequest(findTestObject("Search_ME", ["MID":MID, "source":source, "ip":ip, "userid":userid, "branch":branch, "tipekons":tipekons, "marital":marital, "penjamin":penjamin, ... ])): Send request successfully

2022-11-22 17:24:30 - [MESSAGE][INFO] - HAR: D:\DMS\Engine Scoring\Reports\20221122_171227\Exclude KKB - DS\Scoring Individu - DS\20221122_171227\requests\main\228.har

2022-11-22 17:24:30 - [MESSAGE][PASSED] - Send request successfully

2022-11-22 17:24:30 - [TEST_STEP][PASSED] - slurper = new groovy.json.JsonSlurper(): null

2022-11-22 17:24:30 - [TEST_STEP][PASSED] - result = slurper.parseText(req_data.getResponseBodyContent()): null

2022-11-22 17:24:30 - [TEST_STEP][PASSED] - reqid_kons = requestid1: null

2022-11-22 17:24:30 - [TEST_STEP][PASSED] - reqid_spouse = requestid2: null

2022-11-22 17:24:30 - [TEST_STEP][PASSED] - println("requestid kons : " + reqid_kons): null

2022-11-22 17:24:30 - [TEST_STEP][PASSED] - response_searchME_kons = reqid_kons: null

2022-11-22 17:24:30 - [TEST_STEP][PASSED] - response_searchME_spouse = reqid_spouse: null

2022-11-22 17:24:30 - [TEST_STEP][PASSED] - println("kons req id is :" + response_searchME_kons): null

2022-11-22 17:24:30 - [TEST_STEP][PASSED] - println("spouse req id is : " + response_searchME_spouse): null

2022-11-22 17:24:30 - [TEST_STEP][PASSED] - verifyResponseStatusCode(req_data, 200): Verify response status code successfully

2022-11-22 17:24:30 - [MESSAGE][PASSED] - Verify response status code successfully

2022-11-22 17:24:30 - [TEST_STEP][PASSED] - response = req_data.getResponseText(): null

2022-11-22 17:24:30 - [TEST_STEP][PASSED] - logInfo($response): {"status":"Done","data":{"requestid1":"242529","requestid2":""}}

2022-11-22 17:24:30 - [MESSAGE][INFO] - {"status":"Done","data":{"requestid1":"242529","requestid2":""}}

2022-11-22 17:24:30 - [TEST_STEP][PASSED] - delay(3): Delayed 3 second(s)

2022-11-22 17:24:33 - [MESSAGE][PASSED] - Delayed 3 second(s)

2022-11-22 17:24:33 - [TEST_STEP][PASSED] - scoring = sendRequest(findTestObject("EngineScore", ["response_searchME_kons":response_searchME_kons, "response_searchME_spouse":response_searchME_spouse])): Send request successfully

2022-11-22 17:24:34 - [MESSAGE][INFO] - HAR: D:\DMS\Engine Scoring\Reports\20221122_171227\Exclude KKB - DS\Scoring Individu - DS\20221122_171227\requests\main\229.har

2022-11-22 17:24:34 - [MESSAGE][PASSED] - Send request successfully

2022-11-22 17:24:34 - [TEST_STEP][PASSED] - verifyResponseStatusCode(scoring, 200): Verify response status code successfully

2022-11-22 17:24:34 - [MESSAGE][PASSED] - Verify response status code successfully

2022-11-22 17:24:34 - [TEST_STEP][PASSED] - response2 = scoring.getResponseText(): null

2022-11-22 17:24:34 - [TEST_STEP][PASSED] - markPassed("result service data ke : " + no): result service data ke : 115

2022-11-22 17:24:34 - [MESSAGE][PASSED] - result service data ke : 115

2022-11-22 17:24:34 - [TEST_STEP][PASSED] - logInfo($response2): {"result_konsumen":"Approve","result_pasangan":"","Final_result":"Approve","errorMessage":"","status":"Done"}

2022-11-22 17:24:34 - [MESSAGE][INFO] - {"result_konsumen":"Approve","result_pasangan":"","Final_result":"Approve","errorMessage":"","status":"Done"}

2022-11-22 17:24:34 - [TEST_STEP][PASSED] - verifyElementPropertyValue(scoring, "Final_result", final_result): Verify element property value successfully

2022-11-22 17:24:34 - [MESSAGE][PASSED] - Verify element property value successfully]]></system-out>
         <system-err><![CDATA[]]></system-err>
      </testcase>
      <testcase name="Test Cases/Engine_Scoring/Engine Scoring" time="5.444" classname="Test Cases/Engine_Scoring/Engine Scoring" status="PASSED">
         <system-out><![CDATA[2022-11-22 17:24:34 - [TEST_CASE][PASSED] - Test Cases/Engine_Scoring/Engine Scoring: Test Cases/Engine_Scoring/Engine Scoring

2022-11-22 17:24:35 - [TEST_STEP][PASSED] - markPassed("Variasi data ke : " + no): Variasi data ke : 116

2022-11-22 17:24:35 - [MESSAGE][PASSED] - Variasi data ke : 116

2022-11-22 17:24:35 - [TEST_STEP][PASSED] - req_data = sendRequest(findTestObject("Search_ME", ["MID":MID, "source":source, "ip":ip, "userid":userid, "branch":branch, "tipekons":tipekons, "marital":marital, "penjamin":penjamin, ... ])): Send request successfully

2022-11-22 17:24:36 - [MESSAGE][INFO] - HAR: D:\DMS\Engine Scoring\Reports\20221122_171227\Exclude KKB - DS\Scoring Individu - DS\20221122_171227\requests\main\230.har

2022-11-22 17:24:36 - [MESSAGE][PASSED] - Send request successfully

2022-11-22 17:24:36 - [TEST_STEP][PASSED] - slurper = new groovy.json.JsonSlurper(): null

2022-11-22 17:24:36 - [TEST_STEP][PASSED] - result = slurper.parseText(req_data.getResponseBodyContent()): null

2022-11-22 17:24:36 - [TEST_STEP][PASSED] - reqid_kons = requestid1: null

2022-11-22 17:24:36 - [TEST_STEP][PASSED] - reqid_spouse = requestid2: null

2022-11-22 17:24:36 - [TEST_STEP][PASSED] - println("requestid kons : " + reqid_kons): null

2022-11-22 17:24:36 - [TEST_STEP][PASSED] - response_searchME_kons = reqid_kons: null

2022-11-22 17:24:36 - [TEST_STEP][PASSED] - response_searchME_spouse = reqid_spouse: null

2022-11-22 17:24:36 - [TEST_STEP][PASSED] - println("kons req id is :" + response_searchME_kons): null

2022-11-22 17:24:36 - [TEST_STEP][PASSED] - println("spouse req id is : " + response_searchME_spouse): null

2022-11-22 17:24:36 - [TEST_STEP][PASSED] - verifyResponseStatusCode(req_data, 200): Verify response status code successfully

2022-11-22 17:24:36 - [MESSAGE][PASSED] - Verify response status code successfully

2022-11-22 17:24:36 - [TEST_STEP][PASSED] - response = req_data.getResponseText(): null

2022-11-22 17:24:36 - [TEST_STEP][PASSED] - logInfo($response): {"status":"Done","data":{"requestid1":"242530","requestid2":""}}

2022-11-22 17:24:36 - [MESSAGE][INFO] - {"status":"Done","data":{"requestid1":"242530","requestid2":""}}

2022-11-22 17:24:36 - [TEST_STEP][PASSED] - delay(3): Delayed 3 second(s)

2022-11-22 17:24:39 - [MESSAGE][PASSED] - Delayed 3 second(s)

2022-11-22 17:24:39 - [TEST_STEP][PASSED] - scoring = sendRequest(findTestObject("EngineScore", ["response_searchME_kons":response_searchME_kons, "response_searchME_spouse":response_searchME_spouse])): Send request successfully

2022-11-22 17:24:39 - [MESSAGE][INFO] - HAR: D:\DMS\Engine Scoring\Reports\20221122_171227\Exclude KKB - DS\Scoring Individu - DS\20221122_171227\requests\main\231.har

2022-11-22 17:24:39 - [MESSAGE][PASSED] - Send request successfully

2022-11-22 17:24:39 - [TEST_STEP][PASSED] - verifyResponseStatusCode(scoring, 200): Verify response status code successfully

2022-11-22 17:24:39 - [MESSAGE][PASSED] - Verify response status code successfully

2022-11-22 17:24:39 - [TEST_STEP][PASSED] - response2 = scoring.getResponseText(): null

2022-11-22 17:24:39 - [TEST_STEP][PASSED] - markPassed("result service data ke : " + no): result service data ke : 116

2022-11-22 17:24:39 - [MESSAGE][PASSED] - result service data ke : 116

2022-11-22 17:24:39 - [TEST_STEP][PASSED] - logInfo($response2): {"result_konsumen":"Approve","result_pasangan":"","Final_result":"Approve","errorMessage":"","status":"Done"}

2022-11-22 17:24:39 - [MESSAGE][INFO] - {"result_konsumen":"Approve","result_pasangan":"","Final_result":"Approve","errorMessage":"","status":"Done"}

2022-11-22 17:24:39 - [TEST_STEP][PASSED] - verifyElementPropertyValue(scoring, "Final_result", final_result): Verify element property value successfully

2022-11-22 17:24:39 - [MESSAGE][PASSED] - Verify element property value successfully]]></system-out>
         <system-err><![CDATA[]]></system-err>
      </testcase>
      <testcase name="Test Cases/Engine_Scoring/Engine Scoring" time="5.033" classname="Test Cases/Engine_Scoring/Engine Scoring" status="PASSED">
         <system-out><![CDATA[2022-11-22 17:24:39 - [TEST_CASE][PASSED] - Test Cases/Engine_Scoring/Engine Scoring: Test Cases/Engine_Scoring/Engine Scoring

2022-11-22 17:24:40 - [TEST_STEP][PASSED] - markPassed("Variasi data ke : " + no): Variasi data ke : 117

2022-11-22 17:24:40 - [MESSAGE][PASSED] - Variasi data ke : 117

2022-11-22 17:24:40 - [TEST_STEP][PASSED] - req_data = sendRequest(findTestObject("Search_ME", ["MID":MID, "source":source, "ip":ip, "userid":userid, "branch":branch, "tipekons":tipekons, "marital":marital, "penjamin":penjamin, ... ])): Send request successfully

2022-11-22 17:24:41 - [MESSAGE][INFO] - HAR: D:\DMS\Engine Scoring\Reports\20221122_171227\Exclude KKB - DS\Scoring Individu - DS\20221122_171227\requests\main\232.har

2022-11-22 17:24:41 - [MESSAGE][PASSED] - Send request successfully

2022-11-22 17:24:41 - [TEST_STEP][PASSED] - slurper = new groovy.json.JsonSlurper(): null

2022-11-22 17:24:41 - [TEST_STEP][PASSED] - result = slurper.parseText(req_data.getResponseBodyContent()): null

2022-11-22 17:24:41 - [TEST_STEP][PASSED] - reqid_kons = requestid1: null

2022-11-22 17:24:41 - [TEST_STEP][PASSED] - reqid_spouse = requestid2: null

2022-11-22 17:24:41 - [TEST_STEP][PASSED] - println("requestid kons : " + reqid_kons): null

2022-11-22 17:24:41 - [TEST_STEP][PASSED] - response_searchME_kons = reqid_kons: null

2022-11-22 17:24:41 - [TEST_STEP][PASSED] - response_searchME_spouse = reqid_spouse: null

2022-11-22 17:24:41 - [TEST_STEP][PASSED] - println("kons req id is :" + response_searchME_kons): null

2022-11-22 17:24:41 - [TEST_STEP][PASSED] - println("spouse req id is : " + response_searchME_spouse): null

2022-11-22 17:24:41 - [TEST_STEP][PASSED] - verifyResponseStatusCode(req_data, 200): Verify response status code successfully

2022-11-22 17:24:41 - [MESSAGE][PASSED] - Verify response status code successfully

2022-11-22 17:24:41 - [TEST_STEP][PASSED] - response = req_data.getResponseText(): null

2022-11-22 17:24:41 - [TEST_STEP][PASSED] - logInfo($response): {"status":"Done","data":{"requestid1":"242531","requestid2":""}}

2022-11-22 17:24:41 - [MESSAGE][INFO] - {"status":"Done","data":{"requestid1":"242531","requestid2":""}}

2022-11-22 17:24:41 - [TEST_STEP][PASSED] - delay(3): Delayed 3 second(s)

2022-11-22 17:24:44 - [MESSAGE][PASSED] - Delayed 3 second(s)

2022-11-22 17:24:44 - [TEST_STEP][PASSED] - scoring = sendRequest(findTestObject("EngineScore", ["response_searchME_kons":response_searchME_kons, "response_searchME_spouse":response_searchME_spouse])): Send request successfully

2022-11-22 17:24:44 - [MESSAGE][INFO] - HAR: D:\DMS\Engine Scoring\Reports\20221122_171227\Exclude KKB - DS\Scoring Individu - DS\20221122_171227\requests\main\233.har

2022-11-22 17:24:44 - [MESSAGE][PASSED] - Send request successfully

2022-11-22 17:24:44 - [TEST_STEP][PASSED] - verifyResponseStatusCode(scoring, 200): Verify response status code successfully

2022-11-22 17:24:44 - [MESSAGE][PASSED] - Verify response status code successfully

2022-11-22 17:24:44 - [TEST_STEP][PASSED] - response2 = scoring.getResponseText(): null

2022-11-22 17:24:44 - [TEST_STEP][PASSED] - markPassed("result service data ke : " + no): result service data ke : 117

2022-11-22 17:24:44 - [MESSAGE][PASSED] - result service data ke : 117

2022-11-22 17:24:44 - [TEST_STEP][PASSED] - logInfo($response2): {"result_konsumen":"Reject","result_pasangan":"","Final_result":"Reject","errorMessage":"","status":"Done"}

2022-11-22 17:24:44 - [MESSAGE][INFO] - {"result_konsumen":"Reject","result_pasangan":"","Final_result":"Reject","errorMessage":"","status":"Done"}

2022-11-22 17:24:44 - [TEST_STEP][PASSED] - verifyElementPropertyValue(scoring, "Final_result", final_result): Verify element property value successfully

2022-11-22 17:24:44 - [MESSAGE][PASSED] - Verify element property value successfully]]></system-out>
         <system-err><![CDATA[]]></system-err>
      </testcase>
      <testcase name="Test Cases/Engine_Scoring/Engine Scoring" time="5.169" classname="Test Cases/Engine_Scoring/Engine Scoring" status="PASSED">
         <system-out><![CDATA[2022-11-22 17:24:44 - [TEST_CASE][PASSED] - Test Cases/Engine_Scoring/Engine Scoring: Test Cases/Engine_Scoring/Engine Scoring

2022-11-22 17:24:45 - [TEST_STEP][PASSED] - markPassed("Variasi data ke : " + no): Variasi data ke : 118

2022-11-22 17:24:45 - [MESSAGE][PASSED] - Variasi data ke : 118

2022-11-22 17:24:45 - [TEST_STEP][PASSED] - req_data = sendRequest(findTestObject("Search_ME", ["MID":MID, "source":source, "ip":ip, "userid":userid, "branch":branch, "tipekons":tipekons, "marital":marital, "penjamin":penjamin, ... ])): Send request successfully

2022-11-22 17:24:46 - [MESSAGE][INFO] - HAR: D:\DMS\Engine Scoring\Reports\20221122_171227\Exclude KKB - DS\Scoring Individu - DS\20221122_171227\requests\main\234.har

2022-11-22 17:24:46 - [MESSAGE][PASSED] - Send request successfully

2022-11-22 17:24:46 - [TEST_STEP][PASSED] - slurper = new groovy.json.JsonSlurper(): null

2022-11-22 17:24:46 - [TEST_STEP][PASSED] - result = slurper.parseText(req_data.getResponseBodyContent()): null

2022-11-22 17:24:46 - [TEST_STEP][PASSED] - reqid_kons = requestid1: null

2022-11-22 17:24:46 - [TEST_STEP][PASSED] - reqid_spouse = requestid2: null

2022-11-22 17:24:46 - [TEST_STEP][PASSED] - println("requestid kons : " + reqid_kons): null

2022-11-22 17:24:46 - [TEST_STEP][PASSED] - response_searchME_kons = reqid_kons: null

2022-11-22 17:24:46 - [TEST_STEP][PASSED] - response_searchME_spouse = reqid_spouse: null

2022-11-22 17:24:46 - [TEST_STEP][PASSED] - println("kons req id is :" + response_searchME_kons): null

2022-11-22 17:24:46 - [TEST_STEP][PASSED] - println("spouse req id is : " + response_searchME_spouse): null

2022-11-22 17:24:46 - [TEST_STEP][PASSED] - verifyResponseStatusCode(req_data, 200): Verify response status code successfully

2022-11-22 17:24:46 - [MESSAGE][PASSED] - Verify response status code successfully

2022-11-22 17:24:46 - [TEST_STEP][PASSED] - response = req_data.getResponseText(): null

2022-11-22 17:24:46 - [TEST_STEP][PASSED] - logInfo($response): {"status":"Done","data":{"requestid1":"242532","requestid2":""}}

2022-11-22 17:24:46 - [MESSAGE][INFO] - {"status":"Done","data":{"requestid1":"242532","requestid2":""}}

2022-11-22 17:24:46 - [TEST_STEP][PASSED] - delay(3): Delayed 3 second(s)

2022-11-22 17:24:49 - [MESSAGE][PASSED] - Delayed 3 second(s)

2022-11-22 17:24:49 - [TEST_STEP][PASSED] - scoring = sendRequest(findTestObject("EngineScore", ["response_searchME_kons":response_searchME_kons, "response_searchME_spouse":response_searchME_spouse])): Send request successfully

2022-11-22 17:24:49 - [MESSAGE][INFO] - HAR: D:\DMS\Engine Scoring\Reports\20221122_171227\Exclude KKB - DS\Scoring Individu - DS\20221122_171227\requests\main\235.har

2022-11-22 17:24:49 - [MESSAGE][PASSED] - Send request successfully

2022-11-22 17:24:49 - [TEST_STEP][PASSED] - verifyResponseStatusCode(scoring, 200): Verify response status code successfully

2022-11-22 17:24:49 - [MESSAGE][PASSED] - Verify response status code successfully

2022-11-22 17:24:49 - [TEST_STEP][PASSED] - response2 = scoring.getResponseText(): null

2022-11-22 17:24:49 - [TEST_STEP][PASSED] - markPassed("result service data ke : " + no): result service data ke : 118

2022-11-22 17:24:49 - [MESSAGE][PASSED] - result service data ke : 118

2022-11-22 17:24:49 - [TEST_STEP][PASSED] - logInfo($response2): {"result_konsumen":"Reject","result_pasangan":"","Final_result":"Reject","errorMessage":"","status":"Done"}

2022-11-22 17:24:49 - [MESSAGE][INFO] - {"result_konsumen":"Reject","result_pasangan":"","Final_result":"Reject","errorMessage":"","status":"Done"}

2022-11-22 17:24:49 - [TEST_STEP][PASSED] - verifyElementPropertyValue(scoring, "Final_result", final_result): Verify element property value successfully

2022-11-22 17:24:49 - [MESSAGE][PASSED] - Verify element property value successfully]]></system-out>
         <system-err><![CDATA[]]></system-err>
      </testcase>
      <testcase name="Test Cases/Engine_Scoring/Engine Scoring" time="5.053" classname="Test Cases/Engine_Scoring/Engine Scoring" status="PASSED">
         <system-out><![CDATA[2022-11-22 17:24:49 - [TEST_CASE][PASSED] - Test Cases/Engine_Scoring/Engine Scoring: Test Cases/Engine_Scoring/Engine Scoring

2022-11-22 17:24:50 - [TEST_STEP][PASSED] - markPassed("Variasi data ke : " + no): Variasi data ke : 119

2022-11-22 17:24:50 - [MESSAGE][PASSED] - Variasi data ke : 119

2022-11-22 17:24:50 - [TEST_STEP][PASSED] - req_data = sendRequest(findTestObject("Search_ME", ["MID":MID, "source":source, "ip":ip, "userid":userid, "branch":branch, "tipekons":tipekons, "marital":marital, "penjamin":penjamin, ... ])): Send request successfully

2022-11-22 17:24:51 - [MESSAGE][INFO] - HAR: D:\DMS\Engine Scoring\Reports\20221122_171227\Exclude KKB - DS\Scoring Individu - DS\20221122_171227\requests\main\236.har

2022-11-22 17:24:51 - [MESSAGE][PASSED] - Send request successfully

2022-11-22 17:24:51 - [TEST_STEP][PASSED] - slurper = new groovy.json.JsonSlurper(): null

2022-11-22 17:24:51 - [TEST_STEP][PASSED] - result = slurper.parseText(req_data.getResponseBodyContent()): null

2022-11-22 17:24:51 - [TEST_STEP][PASSED] - reqid_kons = requestid1: null

2022-11-22 17:24:51 - [TEST_STEP][PASSED] - reqid_spouse = requestid2: null

2022-11-22 17:24:51 - [TEST_STEP][PASSED] - println("requestid kons : " + reqid_kons): null

2022-11-22 17:24:51 - [TEST_STEP][PASSED] - response_searchME_kons = reqid_kons: null

2022-11-22 17:24:51 - [TEST_STEP][PASSED] - response_searchME_spouse = reqid_spouse: null

2022-11-22 17:24:51 - [TEST_STEP][PASSED] - println("kons req id is :" + response_searchME_kons): null

2022-11-22 17:24:51 - [TEST_STEP][PASSED] - println("spouse req id is : " + response_searchME_spouse): null

2022-11-22 17:24:51 - [TEST_STEP][PASSED] - verifyResponseStatusCode(req_data, 200): Verify response status code successfully

2022-11-22 17:24:51 - [MESSAGE][PASSED] - Verify response status code successfully

2022-11-22 17:24:51 - [TEST_STEP][PASSED] - response = req_data.getResponseText(): null

2022-11-22 17:24:51 - [TEST_STEP][PASSED] - logInfo($response): {"status":"Done","data":{"requestid1":"242533","requestid2":""}}

2022-11-22 17:24:51 - [MESSAGE][INFO] - {"status":"Done","data":{"requestid1":"242533","requestid2":""}}

2022-11-22 17:24:51 - [TEST_STEP][PASSED] - delay(3): Delayed 3 second(s)

2022-11-22 17:24:54 - [MESSAGE][PASSED] - Delayed 3 second(s)

2022-11-22 17:24:54 - [TEST_STEP][PASSED] - scoring = sendRequest(findTestObject("EngineScore", ["response_searchME_kons":response_searchME_kons, "response_searchME_spouse":response_searchME_spouse])): Send request successfully

2022-11-22 17:24:54 - [MESSAGE][INFO] - HAR: D:\DMS\Engine Scoring\Reports\20221122_171227\Exclude KKB - DS\Scoring Individu - DS\20221122_171227\requests\main\237.har

2022-11-22 17:24:54 - [MESSAGE][PASSED] - Send request successfully

2022-11-22 17:24:54 - [TEST_STEP][PASSED] - verifyResponseStatusCode(scoring, 200): Verify response status code successfully

2022-11-22 17:24:54 - [MESSAGE][PASSED] - Verify response status code successfully

2022-11-22 17:24:54 - [TEST_STEP][PASSED] - response2 = scoring.getResponseText(): null

2022-11-22 17:24:54 - [TEST_STEP][PASSED] - markPassed("result service data ke : " + no): result service data ke : 119

2022-11-22 17:24:54 - [MESSAGE][PASSED] - result service data ke : 119

2022-11-22 17:24:54 - [TEST_STEP][PASSED] - logInfo($response2): {"result_konsumen":"Reject","result_pasangan":"","Final_result":"Reject","errorMessage":"","status":"Done"}

2022-11-22 17:24:54 - [MESSAGE][INFO] - {"result_konsumen":"Reject","result_pasangan":"","Final_result":"Reject","errorMessage":"","status":"Done"}

2022-11-22 17:24:54 - [TEST_STEP][PASSED] - verifyElementPropertyValue(scoring, "Final_result", final_result): Verify element property value successfully

2022-11-22 17:24:54 - [MESSAGE][PASSED] - Verify element property value successfully]]></system-out>
         <system-err><![CDATA[]]></system-err>
      </testcase>
      <testcase name="Test Cases/Engine_Scoring/Engine Scoring" time="5.414" classname="Test Cases/Engine_Scoring/Engine Scoring" status="PASSED">
         <system-out><![CDATA[2022-11-22 17:24:54 - [TEST_CASE][PASSED] - Test Cases/Engine_Scoring/Engine Scoring: Test Cases/Engine_Scoring/Engine Scoring

2022-11-22 17:24:56 - [TEST_STEP][PASSED] - markPassed("Variasi data ke : " + no): Variasi data ke : 120

2022-11-22 17:24:56 - [MESSAGE][PASSED] - Variasi data ke : 120

2022-11-22 17:24:56 - [TEST_STEP][PASSED] - req_data = sendRequest(findTestObject("Search_ME", ["MID":MID, "source":source, "ip":ip, "userid":userid, "branch":branch, "tipekons":tipekons, "marital":marital, "penjamin":penjamin, ... ])): Send request successfully

2022-11-22 17:24:57 - [MESSAGE][INFO] - HAR: D:\DMS\Engine Scoring\Reports\20221122_171227\Exclude KKB - DS\Scoring Individu - DS\20221122_171227\requests\main\238.har

2022-11-22 17:24:57 - [MESSAGE][PASSED] - Send request successfully

2022-11-22 17:24:57 - [TEST_STEP][PASSED] - slurper = new groovy.json.JsonSlurper(): null

2022-11-22 17:24:57 - [TEST_STEP][PASSED] - result = slurper.parseText(req_data.getResponseBodyContent()): null

2022-11-22 17:24:57 - [TEST_STEP][PASSED] - reqid_kons = requestid1: null

2022-11-22 17:24:57 - [TEST_STEP][PASSED] - reqid_spouse = requestid2: null

2022-11-22 17:24:57 - [TEST_STEP][PASSED] - println("requestid kons : " + reqid_kons): null

2022-11-22 17:24:57 - [TEST_STEP][PASSED] - response_searchME_kons = reqid_kons: null

2022-11-22 17:24:57 - [TEST_STEP][PASSED] - response_searchME_spouse = reqid_spouse: null

2022-11-22 17:24:57 - [TEST_STEP][PASSED] - println("kons req id is :" + response_searchME_kons): null

2022-11-22 17:24:57 - [TEST_STEP][PASSED] - println("spouse req id is : " + response_searchME_spouse): null

2022-11-22 17:24:57 - [TEST_STEP][PASSED] - verifyResponseStatusCode(req_data, 200): Verify response status code successfully

2022-11-22 17:24:57 - [MESSAGE][PASSED] - Verify response status code successfully

2022-11-22 17:24:57 - [TEST_STEP][PASSED] - response = req_data.getResponseText(): null

2022-11-22 17:24:57 - [TEST_STEP][PASSED] - logInfo($response): {"status":"Done","data":{"requestid1":"242534","requestid2":""}}

2022-11-22 17:24:57 - [MESSAGE][INFO] - {"status":"Done","data":{"requestid1":"242534","requestid2":""}}

2022-11-22 17:24:57 - [TEST_STEP][PASSED] - delay(3): Delayed 3 second(s)

2022-11-22 17:25:00 - [MESSAGE][PASSED] - Delayed 3 second(s)

2022-11-22 17:25:00 - [TEST_STEP][PASSED] - scoring = sendRequest(findTestObject("EngineScore", ["response_searchME_kons":response_searchME_kons, "response_searchME_spouse":response_searchME_spouse])): Send request successfully

2022-11-22 17:25:00 - [MESSAGE][INFO] - HAR: D:\DMS\Engine Scoring\Reports\20221122_171227\Exclude KKB - DS\Scoring Individu - DS\20221122_171227\requests\main\239.har

2022-11-22 17:25:00 - [MESSAGE][PASSED] - Send request successfully

2022-11-22 17:25:00 - [TEST_STEP][PASSED] - verifyResponseStatusCode(scoring, 200): Verify response status code successfully

2022-11-22 17:25:00 - [MESSAGE][PASSED] - Verify response status code successfully

2022-11-22 17:25:00 - [TEST_STEP][PASSED] - response2 = scoring.getResponseText(): null

2022-11-22 17:25:00 - [TEST_STEP][PASSED] - markPassed("result service data ke : " + no): result service data ke : 120

2022-11-22 17:25:00 - [MESSAGE][PASSED] - result service data ke : 120

2022-11-22 17:25:00 - [TEST_STEP][PASSED] - logInfo($response2): {"result_konsumen":"Reject","result_pasangan":"","Final_result":"Reject","errorMessage":"","status":"Done"}

2022-11-22 17:25:00 - [MESSAGE][INFO] - {"result_konsumen":"Reject","result_pasangan":"","Final_result":"Reject","errorMessage":"","status":"Done"}

2022-11-22 17:25:00 - [TEST_STEP][PASSED] - verifyElementPropertyValue(scoring, "Final_result", final_result): Verify element property value successfully

2022-11-22 17:25:00 - [MESSAGE][PASSED] - Verify element property value successfully]]></system-out>
         <system-err><![CDATA[]]></system-err>
      </testcase>
      <testcase name="Test Cases/Engine_Scoring/Engine Scoring" time="5.107" classname="Test Cases/Engine_Scoring/Engine Scoring" status="PASSED">
         <system-out><![CDATA[2022-11-22 17:25:00 - [TEST_CASE][PASSED] - Test Cases/Engine_Scoring/Engine Scoring: Test Cases/Engine_Scoring/Engine Scoring

2022-11-22 17:25:01 - [TEST_STEP][PASSED] - markPassed("Variasi data ke : " + no): Variasi data ke : 121

2022-11-22 17:25:01 - [MESSAGE][PASSED] - Variasi data ke : 121

2022-11-22 17:25:01 - [TEST_STEP][PASSED] - req_data = sendRequest(findTestObject("Search_ME", ["MID":MID, "source":source, "ip":ip, "userid":userid, "branch":branch, "tipekons":tipekons, "marital":marital, "penjamin":penjamin, ... ])): Send request successfully

2022-11-22 17:25:02 - [MESSAGE][INFO] - HAR: D:\DMS\Engine Scoring\Reports\20221122_171227\Exclude KKB - DS\Scoring Individu - DS\20221122_171227\requests\main\240.har

2022-11-22 17:25:02 - [MESSAGE][PASSED] - Send request successfully

2022-11-22 17:25:02 - [TEST_STEP][PASSED] - slurper = new groovy.json.JsonSlurper(): null

2022-11-22 17:25:02 - [TEST_STEP][PASSED] - result = slurper.parseText(req_data.getResponseBodyContent()): null

2022-11-22 17:25:02 - [TEST_STEP][PASSED] - reqid_kons = requestid1: null

2022-11-22 17:25:02 - [TEST_STEP][PASSED] - reqid_spouse = requestid2: null

2022-11-22 17:25:02 - [TEST_STEP][PASSED] - println("requestid kons : " + reqid_kons): null

2022-11-22 17:25:02 - [TEST_STEP][PASSED] - response_searchME_kons = reqid_kons: null

2022-11-22 17:25:02 - [TEST_STEP][PASSED] - response_searchME_spouse = reqid_spouse: null

2022-11-22 17:25:02 - [TEST_STEP][PASSED] - println("kons req id is :" + response_searchME_kons): null

2022-11-22 17:25:02 - [TEST_STEP][PASSED] - println("spouse req id is : " + response_searchME_spouse): null

2022-11-22 17:25:02 - [TEST_STEP][PASSED] - verifyResponseStatusCode(req_data, 200): Verify response status code successfully

2022-11-22 17:25:02 - [MESSAGE][PASSED] - Verify response status code successfully

2022-11-22 17:25:02 - [TEST_STEP][PASSED] - response = req_data.getResponseText(): null

2022-11-22 17:25:02 - [TEST_STEP][PASSED] - logInfo($response): {"status":"Done","data":{"requestid1":"242535","requestid2":""}}

2022-11-22 17:25:02 - [MESSAGE][INFO] - {"status":"Done","data":{"requestid1":"242535","requestid2":""}}

2022-11-22 17:25:02 - [TEST_STEP][PASSED] - delay(3): Delayed 3 second(s)

2022-11-22 17:25:05 - [MESSAGE][PASSED] - Delayed 3 second(s)

2022-11-22 17:25:05 - [TEST_STEP][PASSED] - scoring = sendRequest(findTestObject("EngineScore", ["response_searchME_kons":response_searchME_kons, "response_searchME_spouse":response_searchME_spouse])): Send request successfully

2022-11-22 17:25:05 - [MESSAGE][INFO] - HAR: D:\DMS\Engine Scoring\Reports\20221122_171227\Exclude KKB - DS\Scoring Individu - DS\20221122_171227\requests\main\241.har

2022-11-22 17:25:05 - [MESSAGE][PASSED] - Send request successfully

2022-11-22 17:25:05 - [TEST_STEP][PASSED] - verifyResponseStatusCode(scoring, 200): Verify response status code successfully

2022-11-22 17:25:05 - [MESSAGE][PASSED] - Verify response status code successfully

2022-11-22 17:25:05 - [TEST_STEP][PASSED] - response2 = scoring.getResponseText(): null

2022-11-22 17:25:05 - [TEST_STEP][PASSED] - markPassed("result service data ke : " + no): result service data ke : 121

2022-11-22 17:25:05 - [MESSAGE][PASSED] - result service data ke : 121

2022-11-22 17:25:05 - [TEST_STEP][PASSED] - logInfo($response2): {"result_konsumen":"Approve","result_pasangan":"","Final_result":"Approve","errorMessage":"","status":"Done"}

2022-11-22 17:25:05 - [MESSAGE][INFO] - {"result_konsumen":"Approve","result_pasangan":"","Final_result":"Approve","errorMessage":"","status":"Done"}

2022-11-22 17:25:05 - [TEST_STEP][PASSED] - verifyElementPropertyValue(scoring, "Final_result", final_result): Verify element property value successfully

2022-11-22 17:25:05 - [MESSAGE][PASSED] - Verify element property value successfully]]></system-out>
         <system-err><![CDATA[]]></system-err>
      </testcase>
      <testcase name="Test Cases/Engine_Scoring/Engine Scoring" time="5.065" classname="Test Cases/Engine_Scoring/Engine Scoring" status="PASSED">
         <system-out><![CDATA[2022-11-22 17:25:05 - [TEST_CASE][PASSED] - Test Cases/Engine_Scoring/Engine Scoring: Test Cases/Engine_Scoring/Engine Scoring

2022-11-22 17:25:06 - [TEST_STEP][PASSED] - markPassed("Variasi data ke : " + no): Variasi data ke : 122

2022-11-22 17:25:06 - [MESSAGE][PASSED] - Variasi data ke : 122

2022-11-22 17:25:06 - [TEST_STEP][PASSED] - req_data = sendRequest(findTestObject("Search_ME", ["MID":MID, "source":source, "ip":ip, "userid":userid, "branch":branch, "tipekons":tipekons, "marital":marital, "penjamin":penjamin, ... ])): Send request successfully

2022-11-22 17:25:07 - [MESSAGE][INFO] - HAR: D:\DMS\Engine Scoring\Reports\20221122_171227\Exclude KKB - DS\Scoring Individu - DS\20221122_171227\requests\main\242.har

2022-11-22 17:25:07 - [MESSAGE][PASSED] - Send request successfully

2022-11-22 17:25:07 - [TEST_STEP][PASSED] - slurper = new groovy.json.JsonSlurper(): null

2022-11-22 17:25:07 - [TEST_STEP][PASSED] - result = slurper.parseText(req_data.getResponseBodyContent()): null

2022-11-22 17:25:07 - [TEST_STEP][PASSED] - reqid_kons = requestid1: null

2022-11-22 17:25:07 - [TEST_STEP][PASSED] - reqid_spouse = requestid2: null

2022-11-22 17:25:07 - [TEST_STEP][PASSED] - println("requestid kons : " + reqid_kons): null

2022-11-22 17:25:07 - [TEST_STEP][PASSED] - response_searchME_kons = reqid_kons: null

2022-11-22 17:25:07 - [TEST_STEP][PASSED] - response_searchME_spouse = reqid_spouse: null

2022-11-22 17:25:07 - [TEST_STEP][PASSED] - println("kons req id is :" + response_searchME_kons): null

2022-11-22 17:25:07 - [TEST_STEP][PASSED] - println("spouse req id is : " + response_searchME_spouse): null

2022-11-22 17:25:07 - [TEST_STEP][PASSED] - verifyResponseStatusCode(req_data, 200): Verify response status code successfully

2022-11-22 17:25:07 - [MESSAGE][PASSED] - Verify response status code successfully

2022-11-22 17:25:07 - [TEST_STEP][PASSED] - response = req_data.getResponseText(): null

2022-11-22 17:25:07 - [TEST_STEP][PASSED] - logInfo($response): {"status":"Done","data":{"requestid1":"242536","requestid2":""}}

2022-11-22 17:25:07 - [MESSAGE][INFO] - {"status":"Done","data":{"requestid1":"242536","requestid2":""}}

2022-11-22 17:25:07 - [TEST_STEP][PASSED] - delay(3): Delayed 3 second(s)

2022-11-22 17:25:10 - [MESSAGE][PASSED] - Delayed 3 second(s)

2022-11-22 17:25:10 - [TEST_STEP][PASSED] - scoring = sendRequest(findTestObject("EngineScore", ["response_searchME_kons":response_searchME_kons, "response_searchME_spouse":response_searchME_spouse])): Send request successfully

2022-11-22 17:25:10 - [MESSAGE][INFO] - HAR: D:\DMS\Engine Scoring\Reports\20221122_171227\Exclude KKB - DS\Scoring Individu - DS\20221122_171227\requests\main\243.har

2022-11-22 17:25:10 - [MESSAGE][PASSED] - Send request successfully

2022-11-22 17:25:10 - [TEST_STEP][PASSED] - verifyResponseStatusCode(scoring, 200): Verify response status code successfully

2022-11-22 17:25:10 - [MESSAGE][PASSED] - Verify response status code successfully

2022-11-22 17:25:10 - [TEST_STEP][PASSED] - response2 = scoring.getResponseText(): null

2022-11-22 17:25:10 - [TEST_STEP][PASSED] - markPassed("result service data ke : " + no): result service data ke : 122

2022-11-22 17:25:10 - [MESSAGE][PASSED] - result service data ke : 122

2022-11-22 17:25:10 - [TEST_STEP][PASSED] - logInfo($response2): {"result_konsumen":"Approve","result_pasangan":"","Final_result":"Approve","errorMessage":"","status":"Done"}

2022-11-22 17:25:10 - [MESSAGE][INFO] - {"result_konsumen":"Approve","result_pasangan":"","Final_result":"Approve","errorMessage":"","status":"Done"}

2022-11-22 17:25:10 - [TEST_STEP][PASSED] - verifyElementPropertyValue(scoring, "Final_result", final_result): Verify element property value successfully

2022-11-22 17:25:10 - [MESSAGE][PASSED] - Verify element property value successfully]]></system-out>
         <system-err><![CDATA[]]></system-err>
      </testcase>
      <testcase name="Test Cases/Engine_Scoring/Engine Scoring" time="5.417" classname="Test Cases/Engine_Scoring/Engine Scoring" status="PASSED">
         <system-out><![CDATA[2022-11-22 17:25:10 - [TEST_CASE][PASSED] - Test Cases/Engine_Scoring/Engine Scoring: Test Cases/Engine_Scoring/Engine Scoring

2022-11-22 17:25:11 - [TEST_STEP][PASSED] - markPassed("Variasi data ke : " + no): Variasi data ke : 123

2022-11-22 17:25:11 - [MESSAGE][PASSED] - Variasi data ke : 123

2022-11-22 17:25:11 - [TEST_STEP][PASSED] - req_data = sendRequest(findTestObject("Search_ME", ["MID":MID, "source":source, "ip":ip, "userid":userid, "branch":branch, "tipekons":tipekons, "marital":marital, "penjamin":penjamin, ... ])): Send request successfully

2022-11-22 17:25:13 - [MESSAGE][INFO] - HAR: D:\DMS\Engine Scoring\Reports\20221122_171227\Exclude KKB - DS\Scoring Individu - DS\20221122_171227\requests\main\244.har

2022-11-22 17:25:13 - [MESSAGE][PASSED] - Send request successfully

2022-11-22 17:25:13 - [TEST_STEP][PASSED] - slurper = new groovy.json.JsonSlurper(): null

2022-11-22 17:25:13 - [TEST_STEP][PASSED] - result = slurper.parseText(req_data.getResponseBodyContent()): null

2022-11-22 17:25:13 - [TEST_STEP][PASSED] - reqid_kons = requestid1: null

2022-11-22 17:25:13 - [TEST_STEP][PASSED] - reqid_spouse = requestid2: null

2022-11-22 17:25:13 - [TEST_STEP][PASSED] - println("requestid kons : " + reqid_kons): null

2022-11-22 17:25:13 - [TEST_STEP][PASSED] - response_searchME_kons = reqid_kons: null

2022-11-22 17:25:13 - [TEST_STEP][PASSED] - response_searchME_spouse = reqid_spouse: null

2022-11-22 17:25:13 - [TEST_STEP][PASSED] - println("kons req id is :" + response_searchME_kons): null

2022-11-22 17:25:13 - [TEST_STEP][PASSED] - println("spouse req id is : " + response_searchME_spouse): null

2022-11-22 17:25:13 - [TEST_STEP][PASSED] - verifyResponseStatusCode(req_data, 200): Verify response status code successfully

2022-11-22 17:25:13 - [MESSAGE][PASSED] - Verify response status code successfully

2022-11-22 17:25:13 - [TEST_STEP][PASSED] - response = req_data.getResponseText(): null

2022-11-22 17:25:13 - [TEST_STEP][PASSED] - logInfo($response): {"status":"Done","data":{"requestid1":"242537","requestid2":""}}

2022-11-22 17:25:13 - [MESSAGE][INFO] - {"status":"Done","data":{"requestid1":"242537","requestid2":""}}

2022-11-22 17:25:13 - [TEST_STEP][PASSED] - delay(3): Delayed 3 second(s)

2022-11-22 17:25:16 - [MESSAGE][PASSED] - Delayed 3 second(s)

2022-11-22 17:25:16 - [TEST_STEP][PASSED] - scoring = sendRequest(findTestObject("EngineScore", ["response_searchME_kons":response_searchME_kons, "response_searchME_spouse":response_searchME_spouse])): Send request successfully

2022-11-22 17:25:16 - [MESSAGE][INFO] - HAR: D:\DMS\Engine Scoring\Reports\20221122_171227\Exclude KKB - DS\Scoring Individu - DS\20221122_171227\requests\main\245.har

2022-11-22 17:25:16 - [MESSAGE][PASSED] - Send request successfully

2022-11-22 17:25:16 - [TEST_STEP][PASSED] - verifyResponseStatusCode(scoring, 200): Verify response status code successfully

2022-11-22 17:25:16 - [MESSAGE][PASSED] - Verify response status code successfully

2022-11-22 17:25:16 - [TEST_STEP][PASSED] - response2 = scoring.getResponseText(): null

2022-11-22 17:25:16 - [TEST_STEP][PASSED] - markPassed("result service data ke : " + no): result service data ke : 123

2022-11-22 17:25:16 - [MESSAGE][PASSED] - result service data ke : 123

2022-11-22 17:25:16 - [TEST_STEP][PASSED] - logInfo($response2): {"result_konsumen":"Approve","result_pasangan":"","Final_result":"Approve","errorMessage":"","status":"Done"}

2022-11-22 17:25:16 - [MESSAGE][INFO] - {"result_konsumen":"Approve","result_pasangan":"","Final_result":"Approve","errorMessage":"","status":"Done"}

2022-11-22 17:25:16 - [TEST_STEP][PASSED] - verifyElementPropertyValue(scoring, "Final_result", final_result): Verify element property value successfully

2022-11-22 17:25:16 - [MESSAGE][PASSED] - Verify element property value successfully]]></system-out>
         <system-err><![CDATA[]]></system-err>
      </testcase>
      <testcase name="Test Cases/Engine_Scoring/Engine Scoring" time="5.002" classname="Test Cases/Engine_Scoring/Engine Scoring" status="PASSED">
         <system-out><![CDATA[2022-11-22 17:25:16 - [TEST_CASE][PASSED] - Test Cases/Engine_Scoring/Engine Scoring: Test Cases/Engine_Scoring/Engine Scoring

2022-11-22 17:25:17 - [TEST_STEP][PASSED] - markPassed("Variasi data ke : " + no): Variasi data ke : 124

2022-11-22 17:25:17 - [MESSAGE][PASSED] - Variasi data ke : 124

2022-11-22 17:25:17 - [TEST_STEP][PASSED] - req_data = sendRequest(findTestObject("Search_ME", ["MID":MID, "source":source, "ip":ip, "userid":userid, "branch":branch, "tipekons":tipekons, "marital":marital, "penjamin":penjamin, ... ])): Send request successfully

2022-11-22 17:25:18 - [MESSAGE][INFO] - HAR: D:\DMS\Engine Scoring\Reports\20221122_171227\Exclude KKB - DS\Scoring Individu - DS\20221122_171227\requests\main\246.har

2022-11-22 17:25:18 - [MESSAGE][PASSED] - Send request successfully

2022-11-22 17:25:18 - [TEST_STEP][PASSED] - slurper = new groovy.json.JsonSlurper(): null

2022-11-22 17:25:18 - [TEST_STEP][PASSED] - result = slurper.parseText(req_data.getResponseBodyContent()): null

2022-11-22 17:25:18 - [TEST_STEP][PASSED] - reqid_kons = requestid1: null

2022-11-22 17:25:18 - [TEST_STEP][PASSED] - reqid_spouse = requestid2: null

2022-11-22 17:25:18 - [TEST_STEP][PASSED] - println("requestid kons : " + reqid_kons): null

2022-11-22 17:25:18 - [TEST_STEP][PASSED] - response_searchME_kons = reqid_kons: null

2022-11-22 17:25:18 - [TEST_STEP][PASSED] - response_searchME_spouse = reqid_spouse: null

2022-11-22 17:25:18 - [TEST_STEP][PASSED] - println("kons req id is :" + response_searchME_kons): null

2022-11-22 17:25:18 - [TEST_STEP][PASSED] - println("spouse req id is : " + response_searchME_spouse): null

2022-11-22 17:25:18 - [TEST_STEP][PASSED] - verifyResponseStatusCode(req_data, 200): Verify response status code successfully

2022-11-22 17:25:18 - [MESSAGE][PASSED] - Verify response status code successfully

2022-11-22 17:25:18 - [TEST_STEP][PASSED] - response = req_data.getResponseText(): null

2022-11-22 17:25:18 - [TEST_STEP][PASSED] - logInfo($response): {"status":"Done","data":{"requestid1":"242538","requestid2":""}}

2022-11-22 17:25:18 - [MESSAGE][INFO] - {"status":"Done","data":{"requestid1":"242538","requestid2":""}}

2022-11-22 17:25:18 - [TEST_STEP][PASSED] - delay(3): Delayed 3 second(s)

2022-11-22 17:25:21 - [MESSAGE][PASSED] - Delayed 3 second(s)

2022-11-22 17:25:21 - [TEST_STEP][PASSED] - scoring = sendRequest(findTestObject("EngineScore", ["response_searchME_kons":response_searchME_kons, "response_searchME_spouse":response_searchME_spouse])): Send request successfully

2022-11-22 17:25:21 - [MESSAGE][INFO] - HAR: D:\DMS\Engine Scoring\Reports\20221122_171227\Exclude KKB - DS\Scoring Individu - DS\20221122_171227\requests\main\247.har

2022-11-22 17:25:21 - [MESSAGE][PASSED] - Send request successfully

2022-11-22 17:25:21 - [TEST_STEP][PASSED] - verifyResponseStatusCode(scoring, 200): Verify response status code successfully

2022-11-22 17:25:21 - [MESSAGE][PASSED] - Verify response status code successfully

2022-11-22 17:25:21 - [TEST_STEP][PASSED] - response2 = scoring.getResponseText(): null

2022-11-22 17:25:21 - [TEST_STEP][PASSED] - markPassed("result service data ke : " + no): result service data ke : 124

2022-11-22 17:25:21 - [MESSAGE][PASSED] - result service data ke : 124

2022-11-22 17:25:21 - [TEST_STEP][PASSED] - logInfo($response2): {"result_konsumen":"Approve","result_pasangan":"","Final_result":"Approve","errorMessage":"","status":"Done"}

2022-11-22 17:25:21 - [MESSAGE][INFO] - {"result_konsumen":"Approve","result_pasangan":"","Final_result":"Approve","errorMessage":"","status":"Done"}

2022-11-22 17:25:21 - [TEST_STEP][PASSED] - verifyElementPropertyValue(scoring, "Final_result", final_result): Verify element property value successfully

2022-11-22 17:25:21 - [MESSAGE][PASSED] - Verify element property value successfully]]></system-out>
         <system-err><![CDATA[]]></system-err>
      </testcase>
      <testcase name="Test Cases/Engine_Scoring/Engine Scoring" time="8.26" classname="Test Cases/Engine_Scoring/Engine Scoring" status="PASSED">
         <system-out><![CDATA[2022-11-22 17:25:21 - [TEST_CASE][PASSED] - Test Cases/Engine_Scoring/Engine Scoring: Test Cases/Engine_Scoring/Engine Scoring

2022-11-22 17:25:22 - [TEST_STEP][PASSED] - markPassed("Variasi data ke : " + no): Variasi data ke : 125

2022-11-22 17:25:22 - [MESSAGE][PASSED] - Variasi data ke : 125

2022-11-22 17:25:22 - [TEST_STEP][PASSED] - req_data = sendRequest(findTestObject("Search_ME", ["MID":MID, "source":source, "ip":ip, "userid":userid, "branch":branch, "tipekons":tipekons, "marital":marital, "penjamin":penjamin, ... ])): Send request successfully

2022-11-22 17:25:26 - [MESSAGE][INFO] - HAR: D:\DMS\Engine Scoring\Reports\20221122_171227\Exclude KKB - DS\Scoring Individu - DS\20221122_171227\requests\main\248.har

2022-11-22 17:25:26 - [MESSAGE][PASSED] - Send request successfully

2022-11-22 17:25:26 - [TEST_STEP][PASSED] - slurper = new groovy.json.JsonSlurper(): null

2022-11-22 17:25:26 - [TEST_STEP][PASSED] - result = slurper.parseText(req_data.getResponseBodyContent()): null

2022-11-22 17:25:26 - [TEST_STEP][PASSED] - reqid_kons = requestid1: null

2022-11-22 17:25:26 - [TEST_STEP][PASSED] - reqid_spouse = requestid2: null

2022-11-22 17:25:26 - [TEST_STEP][PASSED] - println("requestid kons : " + reqid_kons): null

2022-11-22 17:25:26 - [TEST_STEP][PASSED] - response_searchME_kons = reqid_kons: null

2022-11-22 17:25:26 - [TEST_STEP][PASSED] - response_searchME_spouse = reqid_spouse: null

2022-11-22 17:25:26 - [TEST_STEP][PASSED] - println("kons req id is :" + response_searchME_kons): null

2022-11-22 17:25:26 - [TEST_STEP][PASSED] - println("spouse req id is : " + response_searchME_spouse): null

2022-11-22 17:25:26 - [TEST_STEP][PASSED] - verifyResponseStatusCode(req_data, 200): Verify response status code successfully

2022-11-22 17:25:26 - [MESSAGE][PASSED] - Verify response status code successfully

2022-11-22 17:25:26 - [TEST_STEP][PASSED] - response = req_data.getResponseText(): null

2022-11-22 17:25:26 - [TEST_STEP][PASSED] - logInfo($response): {"status":"Done","data":{"requestid1":"242539","requestid2":""}}

2022-11-22 17:25:26 - [MESSAGE][INFO] - {"status":"Done","data":{"requestid1":"242539","requestid2":""}}

2022-11-22 17:25:26 - [TEST_STEP][PASSED] - delay(3): Delayed 3 second(s)

2022-11-22 17:25:29 - [MESSAGE][PASSED] - Delayed 3 second(s)

2022-11-22 17:25:29 - [TEST_STEP][PASSED] - scoring = sendRequest(findTestObject("EngineScore", ["response_searchME_kons":response_searchME_kons, "response_searchME_spouse":response_searchME_spouse])): Send request successfully

2022-11-22 17:25:29 - [MESSAGE][INFO] - HAR: D:\DMS\Engine Scoring\Reports\20221122_171227\Exclude KKB - DS\Scoring Individu - DS\20221122_171227\requests\main\249.har

2022-11-22 17:25:29 - [MESSAGE][PASSED] - Send request successfully

2022-11-22 17:25:29 - [TEST_STEP][PASSED] - verifyResponseStatusCode(scoring, 200): Verify response status code successfully

2022-11-22 17:25:29 - [MESSAGE][PASSED] - Verify response status code successfully

2022-11-22 17:25:29 - [TEST_STEP][PASSED] - response2 = scoring.getResponseText(): null

2022-11-22 17:25:29 - [TEST_STEP][PASSED] - markPassed("result service data ke : " + no): result service data ke : 125

2022-11-22 17:25:29 - [MESSAGE][PASSED] - result service data ke : 125

2022-11-22 17:25:29 - [TEST_STEP][PASSED] - logInfo($response2): {"result_konsumen":"Reject","result_pasangan":"","Final_result":"Reject","errorMessage":"","status":"Done"}

2022-11-22 17:25:29 - [MESSAGE][INFO] - {"result_konsumen":"Reject","result_pasangan":"","Final_result":"Reject","errorMessage":"","status":"Done"}

2022-11-22 17:25:29 - [TEST_STEP][PASSED] - verifyElementPropertyValue(scoring, "Final_result", final_result): Verify element property value successfully

2022-11-22 17:25:29 - [MESSAGE][PASSED] - Verify element property value successfully]]></system-out>
         <system-err><![CDATA[]]></system-err>
      </testcase>
      <testcase name="Test Cases/Engine_Scoring/Engine Scoring" time="6.136" classname="Test Cases/Engine_Scoring/Engine Scoring" status="PASSED">
         <system-out><![CDATA[2022-11-22 17:25:29 - [TEST_CASE][PASSED] - Test Cases/Engine_Scoring/Engine Scoring: Test Cases/Engine_Scoring/Engine Scoring

2022-11-22 17:25:30 - [TEST_STEP][PASSED] - markPassed("Variasi data ke : " + no): Variasi data ke : 126

2022-11-22 17:25:30 - [MESSAGE][PASSED] - Variasi data ke : 126

2022-11-22 17:25:30 - [TEST_STEP][PASSED] - req_data = sendRequest(findTestObject("Search_ME", ["MID":MID, "source":source, "ip":ip, "userid":userid, "branch":branch, "tipekons":tipekons, "marital":marital, "penjamin":penjamin, ... ])): Send request successfully

2022-11-22 17:25:31 - [MESSAGE][INFO] - HAR: D:\DMS\Engine Scoring\Reports\20221122_171227\Exclude KKB - DS\Scoring Individu - DS\20221122_171227\requests\main\250.har

2022-11-22 17:25:31 - [MESSAGE][PASSED] - Send request successfully

2022-11-22 17:25:31 - [TEST_STEP][PASSED] - slurper = new groovy.json.JsonSlurper(): null

2022-11-22 17:25:31 - [TEST_STEP][PASSED] - result = slurper.parseText(req_data.getResponseBodyContent()): null

2022-11-22 17:25:31 - [TEST_STEP][PASSED] - reqid_kons = requestid1: null

2022-11-22 17:25:31 - [TEST_STEP][PASSED] - reqid_spouse = requestid2: null

2022-11-22 17:25:31 - [TEST_STEP][PASSED] - println("requestid kons : " + reqid_kons): null

2022-11-22 17:25:31 - [TEST_STEP][PASSED] - response_searchME_kons = reqid_kons: null

2022-11-22 17:25:31 - [TEST_STEP][PASSED] - response_searchME_spouse = reqid_spouse: null

2022-11-22 17:25:31 - [TEST_STEP][PASSED] - println("kons req id is :" + response_searchME_kons): null

2022-11-22 17:25:31 - [TEST_STEP][PASSED] - println("spouse req id is : " + response_searchME_spouse): null

2022-11-22 17:25:31 - [TEST_STEP][PASSED] - verifyResponseStatusCode(req_data, 200): Verify response status code successfully

2022-11-22 17:25:31 - [MESSAGE][PASSED] - Verify response status code successfully

2022-11-22 17:25:31 - [TEST_STEP][PASSED] - response = req_data.getResponseText(): null

2022-11-22 17:25:31 - [TEST_STEP][PASSED] - logInfo($response): {"status":"Done","data":{"requestid1":"242540","requestid2":""}}

2022-11-22 17:25:31 - [MESSAGE][INFO] - {"status":"Done","data":{"requestid1":"242540","requestid2":""}}

2022-11-22 17:25:31 - [TEST_STEP][PASSED] - delay(3): Delayed 3 second(s)

2022-11-22 17:25:34 - [MESSAGE][PASSED] - Delayed 3 second(s)

2022-11-22 17:25:34 - [TEST_STEP][PASSED] - scoring = sendRequest(findTestObject("EngineScore", ["response_searchME_kons":response_searchME_kons, "response_searchME_spouse":response_searchME_spouse])): Send request successfully

2022-11-22 17:25:35 - [MESSAGE][INFO] - HAR: D:\DMS\Engine Scoring\Reports\20221122_171227\Exclude KKB - DS\Scoring Individu - DS\20221122_171227\requests\main\251.har

2022-11-22 17:25:35 - [MESSAGE][PASSED] - Send request successfully

2022-11-22 17:25:35 - [TEST_STEP][PASSED] - verifyResponseStatusCode(scoring, 200): Verify response status code successfully

2022-11-22 17:25:35 - [MESSAGE][PASSED] - Verify response status code successfully

2022-11-22 17:25:35 - [TEST_STEP][PASSED] - response2 = scoring.getResponseText(): null

2022-11-22 17:25:35 - [TEST_STEP][PASSED] - markPassed("result service data ke : " + no): result service data ke : 126

2022-11-22 17:25:35 - [MESSAGE][PASSED] - result service data ke : 126

2022-11-22 17:25:35 - [TEST_STEP][PASSED] - logInfo($response2): {"result_konsumen":"Reject","result_pasangan":"","Final_result":"Reject","errorMessage":"","status":"Done"}

2022-11-22 17:25:35 - [MESSAGE][INFO] - {"result_konsumen":"Reject","result_pasangan":"","Final_result":"Reject","errorMessage":"","status":"Done"}

2022-11-22 17:25:35 - [TEST_STEP][PASSED] - verifyElementPropertyValue(scoring, "Final_result", final_result): Verify element property value successfully

2022-11-22 17:25:35 - [MESSAGE][PASSED] - Verify element property value successfully]]></system-out>
         <system-err><![CDATA[]]></system-err>
      </testcase>
      <testcase name="Test Cases/Engine_Scoring/Engine Scoring" time="5.141" classname="Test Cases/Engine_Scoring/Engine Scoring" status="PASSED">
         <system-out><![CDATA[2022-11-22 17:25:35 - [TEST_CASE][PASSED] - Test Cases/Engine_Scoring/Engine Scoring: Test Cases/Engine_Scoring/Engine Scoring

2022-11-22 17:25:36 - [TEST_STEP][PASSED] - markPassed("Variasi data ke : " + no): Variasi data ke : 127

2022-11-22 17:25:36 - [MESSAGE][PASSED] - Variasi data ke : 127

2022-11-22 17:25:36 - [TEST_STEP][PASSED] - req_data = sendRequest(findTestObject("Search_ME", ["MID":MID, "source":source, "ip":ip, "userid":userid, "branch":branch, "tipekons":tipekons, "marital":marital, "penjamin":penjamin, ... ])): Send request successfully

2022-11-22 17:25:37 - [MESSAGE][INFO] - HAR: D:\DMS\Engine Scoring\Reports\20221122_171227\Exclude KKB - DS\Scoring Individu - DS\20221122_171227\requests\main\252.har

2022-11-22 17:25:37 - [MESSAGE][PASSED] - Send request successfully

2022-11-22 17:25:37 - [TEST_STEP][PASSED] - slurper = new groovy.json.JsonSlurper(): null

2022-11-22 17:25:37 - [TEST_STEP][PASSED] - result = slurper.parseText(req_data.getResponseBodyContent()): null

2022-11-22 17:25:37 - [TEST_STEP][PASSED] - reqid_kons = requestid1: null

2022-11-22 17:25:37 - [TEST_STEP][PASSED] - reqid_spouse = requestid2: null

2022-11-22 17:25:37 - [TEST_STEP][PASSED] - println("requestid kons : " + reqid_kons): null

2022-11-22 17:25:37 - [TEST_STEP][PASSED] - response_searchME_kons = reqid_kons: null

2022-11-22 17:25:37 - [TEST_STEP][PASSED] - response_searchME_spouse = reqid_spouse: null

2022-11-22 17:25:37 - [TEST_STEP][PASSED] - println("kons req id is :" + response_searchME_kons): null

2022-11-22 17:25:37 - [TEST_STEP][PASSED] - println("spouse req id is : " + response_searchME_spouse): null

2022-11-22 17:25:37 - [TEST_STEP][PASSED] - verifyResponseStatusCode(req_data, 200): Verify response status code successfully

2022-11-22 17:25:37 - [MESSAGE][PASSED] - Verify response status code successfully

2022-11-22 17:25:37 - [TEST_STEP][PASSED] - response = req_data.getResponseText(): null

2022-11-22 17:25:37 - [TEST_STEP][PASSED] - logInfo($response): {"status":"Done","data":{"requestid1":"242541","requestid2":""}}

2022-11-22 17:25:37 - [MESSAGE][INFO] - {"status":"Done","data":{"requestid1":"242541","requestid2":""}}

2022-11-22 17:25:37 - [TEST_STEP][PASSED] - delay(3): Delayed 3 second(s)

2022-11-22 17:25:40 - [MESSAGE][PASSED] - Delayed 3 second(s)

2022-11-22 17:25:40 - [TEST_STEP][PASSED] - scoring = sendRequest(findTestObject("EngineScore", ["response_searchME_kons":response_searchME_kons, "response_searchME_spouse":response_searchME_spouse])): Send request successfully

2022-11-22 17:25:40 - [MESSAGE][INFO] - HAR: D:\DMS\Engine Scoring\Reports\20221122_171227\Exclude KKB - DS\Scoring Individu - DS\20221122_171227\requests\main\253.har

2022-11-22 17:25:40 - [MESSAGE][PASSED] - Send request successfully

2022-11-22 17:25:40 - [TEST_STEP][PASSED] - verifyResponseStatusCode(scoring, 200): Verify response status code successfully

2022-11-22 17:25:40 - [MESSAGE][PASSED] - Verify response status code successfully

2022-11-22 17:25:40 - [TEST_STEP][PASSED] - response2 = scoring.getResponseText(): null

2022-11-22 17:25:40 - [TEST_STEP][PASSED] - markPassed("result service data ke : " + no): result service data ke : 127

2022-11-22 17:25:40 - [MESSAGE][PASSED] - result service data ke : 127

2022-11-22 17:25:40 - [TEST_STEP][PASSED] - logInfo($response2): {"result_konsumen":"Reguler","result_pasangan":"","Final_result":"Reguler","errorMessage":"","status":"Done"}

2022-11-22 17:25:40 - [MESSAGE][INFO] - {"result_konsumen":"Reguler","result_pasangan":"","Final_result":"Reguler","errorMessage":"","status":"Done"}

2022-11-22 17:25:40 - [TEST_STEP][PASSED] - verifyElementPropertyValue(scoring, "Final_result", final_result): Verify element property value successfully

2022-11-22 17:25:40 - [MESSAGE][PASSED] - Verify element property value successfully]]></system-out>
         <system-err><![CDATA[]]></system-err>
      </testcase>
      <testcase name="Test Cases/Engine_Scoring/Engine Scoring" time="5.349" classname="Test Cases/Engine_Scoring/Engine Scoring" status="PASSED">
         <system-out><![CDATA[2022-11-22 17:25:40 - [TEST_CASE][PASSED] - Test Cases/Engine_Scoring/Engine Scoring: Test Cases/Engine_Scoring/Engine Scoring

2022-11-22 17:25:42 - [TEST_STEP][PASSED] - markPassed("Variasi data ke : " + no): Variasi data ke : 128

2022-11-22 17:25:42 - [MESSAGE][PASSED] - Variasi data ke : 128

2022-11-22 17:25:42 - [TEST_STEP][PASSED] - req_data = sendRequest(findTestObject("Search_ME", ["MID":MID, "source":source, "ip":ip, "userid":userid, "branch":branch, "tipekons":tipekons, "marital":marital, "penjamin":penjamin, ... ])): Send request successfully

2022-11-22 17:25:43 - [MESSAGE][INFO] - HAR: D:\DMS\Engine Scoring\Reports\20221122_171227\Exclude KKB - DS\Scoring Individu - DS\20221122_171227\requests\main\254.har

2022-11-22 17:25:43 - [MESSAGE][PASSED] - Send request successfully

2022-11-22 17:25:43 - [TEST_STEP][PASSED] - slurper = new groovy.json.JsonSlurper(): null

2022-11-22 17:25:43 - [TEST_STEP][PASSED] - result = slurper.parseText(req_data.getResponseBodyContent()): null

2022-11-22 17:25:43 - [TEST_STEP][PASSED] - reqid_kons = requestid1: null

2022-11-22 17:25:43 - [TEST_STEP][PASSED] - reqid_spouse = requestid2: null

2022-11-22 17:25:43 - [TEST_STEP][PASSED] - println("requestid kons : " + reqid_kons): null

2022-11-22 17:25:43 - [TEST_STEP][PASSED] - response_searchME_kons = reqid_kons: null

2022-11-22 17:25:43 - [TEST_STEP][PASSED] - response_searchME_spouse = reqid_spouse: null

2022-11-22 17:25:43 - [TEST_STEP][PASSED] - println("kons req id is :" + response_searchME_kons): null

2022-11-22 17:25:43 - [TEST_STEP][PASSED] - println("spouse req id is : " + response_searchME_spouse): null

2022-11-22 17:25:43 - [TEST_STEP][PASSED] - verifyResponseStatusCode(req_data, 200): Verify response status code successfully

2022-11-22 17:25:43 - [MESSAGE][PASSED] - Verify response status code successfully

2022-11-22 17:25:43 - [TEST_STEP][PASSED] - response = req_data.getResponseText(): null

2022-11-22 17:25:43 - [TEST_STEP][PASSED] - logInfo($response): {"status":"Done","data":{"requestid1":"242542","requestid2":""}}

2022-11-22 17:25:43 - [MESSAGE][INFO] - {"status":"Done","data":{"requestid1":"242542","requestid2":""}}

2022-11-22 17:25:43 - [TEST_STEP][PASSED] - delay(3): Delayed 3 second(s)

2022-11-22 17:25:46 - [MESSAGE][PASSED] - Delayed 3 second(s)

2022-11-22 17:25:46 - [TEST_STEP][PASSED] - scoring = sendRequest(findTestObject("EngineScore", ["response_searchME_kons":response_searchME_kons, "response_searchME_spouse":response_searchME_spouse])): Send request successfully

2022-11-22 17:25:46 - [MESSAGE][INFO] - HAR: D:\DMS\Engine Scoring\Reports\20221122_171227\Exclude KKB - DS\Scoring Individu - DS\20221122_171227\requests\main\255.har

2022-11-22 17:25:46 - [MESSAGE][PASSED] - Send request successfully

2022-11-22 17:25:46 - [TEST_STEP][PASSED] - verifyResponseStatusCode(scoring, 200): Verify response status code successfully

2022-11-22 17:25:46 - [MESSAGE][PASSED] - Verify response status code successfully

2022-11-22 17:25:46 - [TEST_STEP][PASSED] - response2 = scoring.getResponseText(): null

2022-11-22 17:25:46 - [TEST_STEP][PASSED] - markPassed("result service data ke : " + no): result service data ke : 128

2022-11-22 17:25:46 - [MESSAGE][PASSED] - result service data ke : 128

2022-11-22 17:25:46 - [TEST_STEP][PASSED] - logInfo($response2): {"result_konsumen":"Reguler","result_pasangan":"","Final_result":"Reguler","errorMessage":"","status":"Done"}

2022-11-22 17:25:46 - [MESSAGE][INFO] - {"result_konsumen":"Reguler","result_pasangan":"","Final_result":"Reguler","errorMessage":"","status":"Done"}

2022-11-22 17:25:46 - [TEST_STEP][PASSED] - verifyElementPropertyValue(scoring, "Final_result", final_result): Verify element property value successfully

2022-11-22 17:25:46 - [MESSAGE][PASSED] - Verify element property value successfully]]></system-out>
         <system-err><![CDATA[]]></system-err>
      </testcase>
      <testcase name="Test Cases/Engine_Scoring/Engine Scoring" time="5.103" classname="Test Cases/Engine_Scoring/Engine Scoring" status="PASSED">
         <system-out><![CDATA[2022-11-22 17:25:46 - [TEST_CASE][PASSED] - Test Cases/Engine_Scoring/Engine Scoring: Test Cases/Engine_Scoring/Engine Scoring

2022-11-22 17:25:47 - [TEST_STEP][PASSED] - markPassed("Variasi data ke : " + no): Variasi data ke : 129

2022-11-22 17:25:47 - [MESSAGE][PASSED] - Variasi data ke : 129

2022-11-22 17:25:47 - [TEST_STEP][PASSED] - req_data = sendRequest(findTestObject("Search_ME", ["MID":MID, "source":source, "ip":ip, "userid":userid, "branch":branch, "tipekons":tipekons, "marital":marital, "penjamin":penjamin, ... ])): Send request successfully

2022-11-22 17:25:48 - [MESSAGE][INFO] - HAR: D:\DMS\Engine Scoring\Reports\20221122_171227\Exclude KKB - DS\Scoring Individu - DS\20221122_171227\requests\main\256.har

2022-11-22 17:25:48 - [MESSAGE][PASSED] - Send request successfully

2022-11-22 17:25:48 - [TEST_STEP][PASSED] - slurper = new groovy.json.JsonSlurper(): null

2022-11-22 17:25:48 - [TEST_STEP][PASSED] - result = slurper.parseText(req_data.getResponseBodyContent()): null

2022-11-22 17:25:48 - [TEST_STEP][PASSED] - reqid_kons = requestid1: null

2022-11-22 17:25:48 - [TEST_STEP][PASSED] - reqid_spouse = requestid2: null

2022-11-22 17:25:48 - [TEST_STEP][PASSED] - println("requestid kons : " + reqid_kons): null

2022-11-22 17:25:48 - [TEST_STEP][PASSED] - response_searchME_kons = reqid_kons: null

2022-11-22 17:25:48 - [TEST_STEP][PASSED] - response_searchME_spouse = reqid_spouse: null

2022-11-22 17:25:48 - [TEST_STEP][PASSED] - println("kons req id is :" + response_searchME_kons): null

2022-11-22 17:25:48 - [TEST_STEP][PASSED] - println("spouse req id is : " + response_searchME_spouse): null

2022-11-22 17:25:48 - [TEST_STEP][PASSED] - verifyResponseStatusCode(req_data, 200): Verify response status code successfully

2022-11-22 17:25:48 - [MESSAGE][PASSED] - Verify response status code successfully

2022-11-22 17:25:48 - [TEST_STEP][PASSED] - response = req_data.getResponseText(): null

2022-11-22 17:25:48 - [TEST_STEP][PASSED] - logInfo($response): {"status":"Done","data":{"requestid1":"242543","requestid2":""}}

2022-11-22 17:25:48 - [MESSAGE][INFO] - {"status":"Done","data":{"requestid1":"242543","requestid2":""}}

2022-11-22 17:25:48 - [TEST_STEP][PASSED] - delay(3): Delayed 3 second(s)

2022-11-22 17:25:51 - [MESSAGE][PASSED] - Delayed 3 second(s)

2022-11-22 17:25:51 - [TEST_STEP][PASSED] - scoring = sendRequest(findTestObject("EngineScore", ["response_searchME_kons":response_searchME_kons, "response_searchME_spouse":response_searchME_spouse])): Send request successfully

2022-11-22 17:25:51 - [MESSAGE][INFO] - HAR: D:\DMS\Engine Scoring\Reports\20221122_171227\Exclude KKB - DS\Scoring Individu - DS\20221122_171227\requests\main\257.har

2022-11-22 17:25:51 - [MESSAGE][PASSED] - Send request successfully

2022-11-22 17:25:51 - [TEST_STEP][PASSED] - verifyResponseStatusCode(scoring, 200): Verify response status code successfully

2022-11-22 17:25:51 - [MESSAGE][PASSED] - Verify response status code successfully

2022-11-22 17:25:51 - [TEST_STEP][PASSED] - response2 = scoring.getResponseText(): null

2022-11-22 17:25:51 - [TEST_STEP][PASSED] - markPassed("result service data ke : " + no): result service data ke : 129

2022-11-22 17:25:51 - [MESSAGE][PASSED] - result service data ke : 129

2022-11-22 17:25:51 - [TEST_STEP][PASSED] - logInfo($response2): {"result_konsumen":"Reguler","result_pasangan":"","Final_result":"Reguler","errorMessage":"","status":"Done"}

2022-11-22 17:25:51 - [MESSAGE][INFO] - {"result_konsumen":"Reguler","result_pasangan":"","Final_result":"Reguler","errorMessage":"","status":"Done"}

2022-11-22 17:25:51 - [TEST_STEP][PASSED] - verifyElementPropertyValue(scoring, "Final_result", final_result): Verify element property value successfully

2022-11-22 17:25:51 - [MESSAGE][PASSED] - Verify element property value successfully]]></system-out>
         <system-err><![CDATA[]]></system-err>
      </testcase>
      <testcase name="Test Cases/Engine_Scoring/Engine Scoring" time="121.193" classname="Test Cases/Engine_Scoring/Engine Scoring" status="PASSED">
         <system-out><![CDATA[2022-11-22 17:25:51 - [TEST_CASE][PASSED] - Test Cases/Engine_Scoring/Engine Scoring: Test Cases/Engine_Scoring/Engine Scoring

2022-11-22 17:27:48 - [TEST_STEP][PASSED] - markPassed("Variasi data ke : " + no): Variasi data ke : 130

2022-11-22 17:27:48 - [MESSAGE][PASSED] - Variasi data ke : 130

2022-11-22 17:27:48 - [TEST_STEP][PASSED] - req_data = sendRequest(findTestObject("Search_ME", ["MID":MID, "source":source, "ip":ip, "userid":userid, "branch":branch, "tipekons":tipekons, "marital":marital, "penjamin":penjamin, ... ])): Send request successfully

2022-11-22 17:27:49 - [MESSAGE][INFO] - HAR: D:\DMS\Engine Scoring\Reports\20221122_171227\Exclude KKB - DS\Scoring Individu - DS\20221122_171227\requests\main\258.har

2022-11-22 17:27:49 - [MESSAGE][PASSED] - Send request successfully

2022-11-22 17:27:49 - [TEST_STEP][PASSED] - slurper = new groovy.json.JsonSlurper(): null

2022-11-22 17:27:49 - [TEST_STEP][PASSED] - result = slurper.parseText(req_data.getResponseBodyContent()): null

2022-11-22 17:27:49 - [TEST_STEP][PASSED] - reqid_kons = requestid1: null

2022-11-22 17:27:49 - [TEST_STEP][PASSED] - reqid_spouse = requestid2: null

2022-11-22 17:27:49 - [TEST_STEP][PASSED] - println("requestid kons : " + reqid_kons): null

2022-11-22 17:27:49 - [TEST_STEP][PASSED] - response_searchME_kons = reqid_kons: null

2022-11-22 17:27:49 - [TEST_STEP][PASSED] - response_searchME_spouse = reqid_spouse: null

2022-11-22 17:27:49 - [TEST_STEP][PASSED] - println("kons req id is :" + response_searchME_kons): null

2022-11-22 17:27:49 - [TEST_STEP][PASSED] - println("spouse req id is : " + response_searchME_spouse): null

2022-11-22 17:27:49 - [TEST_STEP][PASSED] - verifyResponseStatusCode(req_data, 200): Verify response status code successfully

2022-11-22 17:27:49 - [MESSAGE][PASSED] - Verify response status code successfully

2022-11-22 17:27:49 - [TEST_STEP][PASSED] - response = req_data.getResponseText(): null

2022-11-22 17:27:49 - [TEST_STEP][PASSED] - logInfo($response): {"status":"Done","data":{"requestid1":"242544","requestid2":""}}

2022-11-22 17:27:49 - [MESSAGE][INFO] - {"status":"Done","data":{"requestid1":"242544","requestid2":""}}

2022-11-22 17:27:49 - [TEST_STEP][PASSED] - delay(3): Delayed 3 second(s)

2022-11-22 17:27:52 - [MESSAGE][PASSED] - Delayed 3 second(s)

2022-11-22 17:27:52 - [TEST_STEP][PASSED] - scoring = sendRequest(findTestObject("EngineScore", ["response_searchME_kons":response_searchME_kons, "response_searchME_spouse":response_searchME_spouse])): Send request successfully

2022-11-22 17:27:52 - [MESSAGE][INFO] - HAR: D:\DMS\Engine Scoring\Reports\20221122_171227\Exclude KKB - DS\Scoring Individu - DS\20221122_171227\requests\main\259.har

2022-11-22 17:27:52 - [MESSAGE][PASSED] - Send request successfully

2022-11-22 17:27:52 - [TEST_STEP][PASSED] - verifyResponseStatusCode(scoring, 200): Verify response status code successfully

2022-11-22 17:27:52 - [MESSAGE][PASSED] - Verify response status code successfully

2022-11-22 17:27:52 - [TEST_STEP][PASSED] - response2 = scoring.getResponseText(): null

2022-11-22 17:27:52 - [TEST_STEP][PASSED] - markPassed("result service data ke : " + no): result service data ke : 130

2022-11-22 17:27:52 - [MESSAGE][PASSED] - result service data ke : 130

2022-11-22 17:27:52 - [TEST_STEP][PASSED] - logInfo($response2): {"result_konsumen":"Reguler","result_pasangan":"","Final_result":"Reguler","errorMessage":"","status":"Done"}

2022-11-22 17:27:52 - [MESSAGE][INFO] - {"result_konsumen":"Reguler","result_pasangan":"","Final_result":"Reguler","errorMessage":"","status":"Done"}

2022-11-22 17:27:52 - [TEST_STEP][PASSED] - verifyElementPropertyValue(scoring, "Final_result", final_result): Verify element property value successfully

2022-11-22 17:27:52 - [MESSAGE][PASSED] - Verify element property value successfully]]></system-out>
         <system-err><![CDATA[]]></system-err>
      </testcase>
      <testcase name="Test Cases/Engine_Scoring/Engine Scoring" time="5.34" classname="Test Cases/Engine_Scoring/Engine Scoring" status="PASSED">
         <system-out><![CDATA[2022-11-22 17:27:52 - [TEST_CASE][PASSED] - Test Cases/Engine_Scoring/Engine Scoring: Test Cases/Engine_Scoring/Engine Scoring

2022-11-22 17:27:53 - [TEST_STEP][PASSED] - markPassed("Variasi data ke : " + no): Variasi data ke : 131

2022-11-22 17:27:53 - [MESSAGE][PASSED] - Variasi data ke : 131

2022-11-22 17:27:53 - [TEST_STEP][PASSED] - req_data = sendRequest(findTestObject("Search_ME", ["MID":MID, "source":source, "ip":ip, "userid":userid, "branch":branch, "tipekons":tipekons, "marital":marital, "penjamin":penjamin, ... ])): Send request successfully

2022-11-22 17:27:54 - [MESSAGE][INFO] - HAR: D:\DMS\Engine Scoring\Reports\20221122_171227\Exclude KKB - DS\Scoring Individu - DS\20221122_171227\requests\main\260.har

2022-11-22 17:27:54 - [MESSAGE][PASSED] - Send request successfully

2022-11-22 17:27:54 - [TEST_STEP][PASSED] - slurper = new groovy.json.JsonSlurper(): null

2022-11-22 17:27:54 - [TEST_STEP][PASSED] - result = slurper.parseText(req_data.getResponseBodyContent()): null

2022-11-22 17:27:54 - [TEST_STEP][PASSED] - reqid_kons = requestid1: null

2022-11-22 17:27:54 - [TEST_STEP][PASSED] - reqid_spouse = requestid2: null

2022-11-22 17:27:54 - [TEST_STEP][PASSED] - println("requestid kons : " + reqid_kons): null

2022-11-22 17:27:54 - [TEST_STEP][PASSED] - response_searchME_kons = reqid_kons: null

2022-11-22 17:27:54 - [TEST_STEP][PASSED] - response_searchME_spouse = reqid_spouse: null

2022-11-22 17:27:54 - [TEST_STEP][PASSED] - println("kons req id is :" + response_searchME_kons): null

2022-11-22 17:27:54 - [TEST_STEP][PASSED] - println("spouse req id is : " + response_searchME_spouse): null

2022-11-22 17:27:54 - [TEST_STEP][PASSED] - verifyResponseStatusCode(req_data, 200): Verify response status code successfully

2022-11-22 17:27:54 - [MESSAGE][PASSED] - Verify response status code successfully

2022-11-22 17:27:54 - [TEST_STEP][PASSED] - response = req_data.getResponseText(): null

2022-11-22 17:27:54 - [TEST_STEP][PASSED] - logInfo($response): {"status":"Done","data":{"requestid1":"242545","requestid2":""}}

2022-11-22 17:27:54 - [MESSAGE][INFO] - {"status":"Done","data":{"requestid1":"242545","requestid2":""}}

2022-11-22 17:27:54 - [TEST_STEP][PASSED] - delay(3): Delayed 3 second(s)

2022-11-22 17:27:57 - [MESSAGE][PASSED] - Delayed 3 second(s)

2022-11-22 17:27:57 - [TEST_STEP][PASSED] - scoring = sendRequest(findTestObject("EngineScore", ["response_searchME_kons":response_searchME_kons, "response_searchME_spouse":response_searchME_spouse])): Send request successfully

2022-11-22 17:27:58 - [MESSAGE][INFO] - HAR: D:\DMS\Engine Scoring\Reports\20221122_171227\Exclude KKB - DS\Scoring Individu - DS\20221122_171227\requests\main\261.har

2022-11-22 17:27:58 - [MESSAGE][PASSED] - Send request successfully

2022-11-22 17:27:58 - [TEST_STEP][PASSED] - verifyResponseStatusCode(scoring, 200): Verify response status code successfully

2022-11-22 17:27:58 - [MESSAGE][PASSED] - Verify response status code successfully

2022-11-22 17:27:58 - [TEST_STEP][PASSED] - response2 = scoring.getResponseText(): null

2022-11-22 17:27:58 - [TEST_STEP][PASSED] - markPassed("result service data ke : " + no): result service data ke : 131

2022-11-22 17:27:58 - [MESSAGE][PASSED] - result service data ke : 131

2022-11-22 17:27:58 - [TEST_STEP][PASSED] - logInfo($response2): {"result_konsumen":"Reguler","result_pasangan":"","Final_result":"Reguler","errorMessage":"","status":"Done"}

2022-11-22 17:27:58 - [MESSAGE][INFO] - {"result_konsumen":"Reguler","result_pasangan":"","Final_result":"Reguler","errorMessage":"","status":"Done"}

2022-11-22 17:27:58 - [TEST_STEP][PASSED] - verifyElementPropertyValue(scoring, "Final_result", final_result): Verify element property value successfully

2022-11-22 17:27:58 - [MESSAGE][PASSED] - Verify element property value successfully]]></system-out>
         <system-err><![CDATA[]]></system-err>
      </testcase>
      <testcase name="Test Cases/Engine_Scoring/Engine Scoring" time="5.149" classname="Test Cases/Engine_Scoring/Engine Scoring" status="PASSED">
         <system-out><![CDATA[2022-11-22 17:27:58 - [TEST_CASE][PASSED] - Test Cases/Engine_Scoring/Engine Scoring: Test Cases/Engine_Scoring/Engine Scoring

2022-11-22 17:27:59 - [TEST_STEP][PASSED] - markPassed("Variasi data ke : " + no): Variasi data ke : 132

2022-11-22 17:27:59 - [MESSAGE][PASSED] - Variasi data ke : 132

2022-11-22 17:27:59 - [TEST_STEP][PASSED] - req_data = sendRequest(findTestObject("Search_ME", ["MID":MID, "source":source, "ip":ip, "userid":userid, "branch":branch, "tipekons":tipekons, "marital":marital, "penjamin":penjamin, ... ])): Send request successfully

2022-11-22 17:28:00 - [MESSAGE][INFO] - HAR: D:\DMS\Engine Scoring\Reports\20221122_171227\Exclude KKB - DS\Scoring Individu - DS\20221122_171227\requests\main\262.har

2022-11-22 17:28:00 - [MESSAGE][PASSED] - Send request successfully

2022-11-22 17:28:00 - [TEST_STEP][PASSED] - slurper = new groovy.json.JsonSlurper(): null

2022-11-22 17:28:00 - [TEST_STEP][PASSED] - result = slurper.parseText(req_data.getResponseBodyContent()): null

2022-11-22 17:28:00 - [TEST_STEP][PASSED] - reqid_kons = requestid1: null

2022-11-22 17:28:00 - [TEST_STEP][PASSED] - reqid_spouse = requestid2: null

2022-11-22 17:28:00 - [TEST_STEP][PASSED] - println("requestid kons : " + reqid_kons): null

2022-11-22 17:28:00 - [TEST_STEP][PASSED] - response_searchME_kons = reqid_kons: null

2022-11-22 17:28:00 - [TEST_STEP][PASSED] - response_searchME_spouse = reqid_spouse: null

2022-11-22 17:28:00 - [TEST_STEP][PASSED] - println("kons req id is :" + response_searchME_kons): null

2022-11-22 17:28:00 - [TEST_STEP][PASSED] - println("spouse req id is : " + response_searchME_spouse): null

2022-11-22 17:28:00 - [TEST_STEP][PASSED] - verifyResponseStatusCode(req_data, 200): Verify response status code successfully

2022-11-22 17:28:00 - [MESSAGE][PASSED] - Verify response status code successfully

2022-11-22 17:28:00 - [TEST_STEP][PASSED] - response = req_data.getResponseText(): null

2022-11-22 17:28:00 - [TEST_STEP][PASSED] - logInfo($response): {"status":"Done","data":{"requestid1":"242546","requestid2":""}}

2022-11-22 17:28:00 - [MESSAGE][INFO] - {"status":"Done","data":{"requestid1":"242546","requestid2":""}}

2022-11-22 17:28:00 - [TEST_STEP][PASSED] - delay(3): Delayed 3 second(s)

2022-11-22 17:28:03 - [MESSAGE][PASSED] - Delayed 3 second(s)

2022-11-22 17:28:03 - [TEST_STEP][PASSED] - scoring = sendRequest(findTestObject("EngineScore", ["response_searchME_kons":response_searchME_kons, "response_searchME_spouse":response_searchME_spouse])): Send request successfully

2022-11-22 17:28:03 - [MESSAGE][INFO] - HAR: D:\DMS\Engine Scoring\Reports\20221122_171227\Exclude KKB - DS\Scoring Individu - DS\20221122_171227\requests\main\263.har

2022-11-22 17:28:03 - [MESSAGE][PASSED] - Send request successfully

2022-11-22 17:28:03 - [TEST_STEP][PASSED] - verifyResponseStatusCode(scoring, 200): Verify response status code successfully

2022-11-22 17:28:03 - [MESSAGE][PASSED] - Verify response status code successfully

2022-11-22 17:28:03 - [TEST_STEP][PASSED] - response2 = scoring.getResponseText(): null

2022-11-22 17:28:03 - [TEST_STEP][PASSED] - markPassed("result service data ke : " + no): result service data ke : 132

2022-11-22 17:28:03 - [MESSAGE][PASSED] - result service data ke : 132

2022-11-22 17:28:03 - [TEST_STEP][PASSED] - logInfo($response2): {"result_konsumen":"Reguler","result_pasangan":"","Final_result":"Reguler","errorMessage":"","status":"Done"}

2022-11-22 17:28:03 - [MESSAGE][INFO] - {"result_konsumen":"Reguler","result_pasangan":"","Final_result":"Reguler","errorMessage":"","status":"Done"}

2022-11-22 17:28:03 - [TEST_STEP][PASSED] - verifyElementPropertyValue(scoring, "Final_result", final_result): Verify element property value successfully

2022-11-22 17:28:03 - [MESSAGE][PASSED] - Verify element property value successfully]]></system-out>
         <system-err><![CDATA[]]></system-err>
      </testcase>
      <testcase name="Test Cases/Engine_Scoring/Engine Scoring" time="5.242" classname="Test Cases/Engine_Scoring/Engine Scoring" status="PASSED">
         <system-out><![CDATA[2022-11-22 17:28:03 - [TEST_CASE][PASSED] - Test Cases/Engine_Scoring/Engine Scoring: Test Cases/Engine_Scoring/Engine Scoring

2022-11-22 17:28:04 - [TEST_STEP][PASSED] - markPassed("Variasi data ke : " + no): Variasi data ke : 133

2022-11-22 17:28:04 - [MESSAGE][PASSED] - Variasi data ke : 133

2022-11-22 17:28:04 - [TEST_STEP][PASSED] - req_data = sendRequest(findTestObject("Search_ME", ["MID":MID, "source":source, "ip":ip, "userid":userid, "branch":branch, "tipekons":tipekons, "marital":marital, "penjamin":penjamin, ... ])): Send request successfully

2022-11-22 17:28:05 - [MESSAGE][INFO] - HAR: D:\DMS\Engine Scoring\Reports\20221122_171227\Exclude KKB - DS\Scoring Individu - DS\20221122_171227\requests\main\264.har

2022-11-22 17:28:05 - [MESSAGE][PASSED] - Send request successfully

2022-11-22 17:28:05 - [TEST_STEP][PASSED] - slurper = new groovy.json.JsonSlurper(): null

2022-11-22 17:28:05 - [TEST_STEP][PASSED] - result = slurper.parseText(req_data.getResponseBodyContent()): null

2022-11-22 17:28:05 - [TEST_STEP][PASSED] - reqid_kons = requestid1: null

2022-11-22 17:28:05 - [TEST_STEP][PASSED] - reqid_spouse = requestid2: null

2022-11-22 17:28:05 - [TEST_STEP][PASSED] - println("requestid kons : " + reqid_kons): null

2022-11-22 17:28:05 - [TEST_STEP][PASSED] - response_searchME_kons = reqid_kons: null

2022-11-22 17:28:05 - [TEST_STEP][PASSED] - response_searchME_spouse = reqid_spouse: null

2022-11-22 17:28:05 - [TEST_STEP][PASSED] - println("kons req id is :" + response_searchME_kons): null

2022-11-22 17:28:05 - [TEST_STEP][PASSED] - println("spouse req id is : " + response_searchME_spouse): null

2022-11-22 17:28:05 - [TEST_STEP][PASSED] - verifyResponseStatusCode(req_data, 200): Verify response status code successfully

2022-11-22 17:28:05 - [MESSAGE][PASSED] - Verify response status code successfully

2022-11-22 17:28:05 - [TEST_STEP][PASSED] - response = req_data.getResponseText(): null

2022-11-22 17:28:05 - [TEST_STEP][PASSED] - logInfo($response): {"status":"Done","data":{"requestid1":"242547","requestid2":""}}

2022-11-22 17:28:05 - [MESSAGE][INFO] - {"status":"Done","data":{"requestid1":"242547","requestid2":""}}

2022-11-22 17:28:05 - [TEST_STEP][PASSED] - delay(3): Delayed 3 second(s)

2022-11-22 17:28:08 - [MESSAGE][PASSED] - Delayed 3 second(s)

2022-11-22 17:28:08 - [TEST_STEP][PASSED] - scoring = sendRequest(findTestObject("EngineScore", ["response_searchME_kons":response_searchME_kons, "response_searchME_spouse":response_searchME_spouse])): Send request successfully

2022-11-22 17:28:08 - [MESSAGE][INFO] - HAR: D:\DMS\Engine Scoring\Reports\20221122_171227\Exclude KKB - DS\Scoring Individu - DS\20221122_171227\requests\main\265.har

2022-11-22 17:28:08 - [MESSAGE][PASSED] - Send request successfully

2022-11-22 17:28:08 - [TEST_STEP][PASSED] - verifyResponseStatusCode(scoring, 200): Verify response status code successfully

2022-11-22 17:28:08 - [MESSAGE][PASSED] - Verify response status code successfully

2022-11-22 17:28:08 - [TEST_STEP][PASSED] - response2 = scoring.getResponseText(): null

2022-11-22 17:28:08 - [TEST_STEP][PASSED] - markPassed("result service data ke : " + no): result service data ke : 133

2022-11-22 17:28:08 - [MESSAGE][PASSED] - result service data ke : 133

2022-11-22 17:28:08 - [TEST_STEP][PASSED] - logInfo($response2): {"result_konsumen":"Reguler","result_pasangan":"","Final_result":"Reguler","errorMessage":"","status":"Done"}

2022-11-22 17:28:08 - [MESSAGE][INFO] - {"result_konsumen":"Reguler","result_pasangan":"","Final_result":"Reguler","errorMessage":"","status":"Done"}

2022-11-22 17:28:08 - [TEST_STEP][PASSED] - verifyElementPropertyValue(scoring, "Final_result", final_result): Verify element property value successfully

2022-11-22 17:28:08 - [MESSAGE][PASSED] - Verify element property value successfully]]></system-out>
         <system-err><![CDATA[]]></system-err>
      </testcase>
      <testcase name="Test Cases/Engine_Scoring/Engine Scoring" time="5.112" classname="Test Cases/Engine_Scoring/Engine Scoring" status="PASSED">
         <system-out><![CDATA[2022-11-22 17:28:08 - [TEST_CASE][PASSED] - Test Cases/Engine_Scoring/Engine Scoring: Test Cases/Engine_Scoring/Engine Scoring

2022-11-22 17:28:09 - [TEST_STEP][PASSED] - markPassed("Variasi data ke : " + no): Variasi data ke : 134

2022-11-22 17:28:09 - [MESSAGE][PASSED] - Variasi data ke : 134

2022-11-22 17:28:09 - [TEST_STEP][PASSED] - req_data = sendRequest(findTestObject("Search_ME", ["MID":MID, "source":source, "ip":ip, "userid":userid, "branch":branch, "tipekons":tipekons, "marital":marital, "penjamin":penjamin, ... ])): Send request successfully

2022-11-22 17:28:10 - [MESSAGE][INFO] - HAR: D:\DMS\Engine Scoring\Reports\20221122_171227\Exclude KKB - DS\Scoring Individu - DS\20221122_171227\requests\main\266.har

2022-11-22 17:28:10 - [MESSAGE][PASSED] - Send request successfully

2022-11-22 17:28:10 - [TEST_STEP][PASSED] - slurper = new groovy.json.JsonSlurper(): null

2022-11-22 17:28:10 - [TEST_STEP][PASSED] - result = slurper.parseText(req_data.getResponseBodyContent()): null

2022-11-22 17:28:10 - [TEST_STEP][PASSED] - reqid_kons = requestid1: null

2022-11-22 17:28:10 - [TEST_STEP][PASSED] - reqid_spouse = requestid2: null

2022-11-22 17:28:10 - [TEST_STEP][PASSED] - println("requestid kons : " + reqid_kons): null

2022-11-22 17:28:10 - [TEST_STEP][PASSED] - response_searchME_kons = reqid_kons: null

2022-11-22 17:28:10 - [TEST_STEP][PASSED] - response_searchME_spouse = reqid_spouse: null

2022-11-22 17:28:10 - [TEST_STEP][PASSED] - println("kons req id is :" + response_searchME_kons): null

2022-11-22 17:28:10 - [TEST_STEP][PASSED] - println("spouse req id is : " + response_searchME_spouse): null

2022-11-22 17:28:10 - [TEST_STEP][PASSED] - verifyResponseStatusCode(req_data, 200): Verify response status code successfully

2022-11-22 17:28:10 - [MESSAGE][PASSED] - Verify response status code successfully

2022-11-22 17:28:10 - [TEST_STEP][PASSED] - response = req_data.getResponseText(): null

2022-11-22 17:28:10 - [TEST_STEP][PASSED] - logInfo($response): {"status":"Done","data":{"requestid1":"242548","requestid2":""}}

2022-11-22 17:28:10 - [MESSAGE][INFO] - {"status":"Done","data":{"requestid1":"242548","requestid2":""}}

2022-11-22 17:28:10 - [TEST_STEP][PASSED] - delay(3): Delayed 3 second(s)

2022-11-22 17:28:13 - [MESSAGE][PASSED] - Delayed 3 second(s)

2022-11-22 17:28:13 - [TEST_STEP][PASSED] - scoring = sendRequest(findTestObject("EngineScore", ["response_searchME_kons":response_searchME_kons, "response_searchME_spouse":response_searchME_spouse])): Send request successfully

2022-11-22 17:28:13 - [MESSAGE][INFO] - HAR: D:\DMS\Engine Scoring\Reports\20221122_171227\Exclude KKB - DS\Scoring Individu - DS\20221122_171227\requests\main\267.har

2022-11-22 17:28:13 - [MESSAGE][PASSED] - Send request successfully

2022-11-22 17:28:13 - [TEST_STEP][PASSED] - verifyResponseStatusCode(scoring, 200): Verify response status code successfully

2022-11-22 17:28:13 - [MESSAGE][PASSED] - Verify response status code successfully

2022-11-22 17:28:13 - [TEST_STEP][PASSED] - response2 = scoring.getResponseText(): null

2022-11-22 17:28:13 - [TEST_STEP][PASSED] - markPassed("result service data ke : " + no): result service data ke : 134

2022-11-22 17:28:13 - [MESSAGE][PASSED] - result service data ke : 134

2022-11-22 17:28:13 - [TEST_STEP][PASSED] - logInfo($response2): {"result_konsumen":"Reject","result_pasangan":"","Final_result":"Reject","errorMessage":"","status":"Done"}

2022-11-22 17:28:13 - [MESSAGE][INFO] - {"result_konsumen":"Reject","result_pasangan":"","Final_result":"Reject","errorMessage":"","status":"Done"}

2022-11-22 17:28:13 - [TEST_STEP][PASSED] - verifyElementPropertyValue(scoring, "Final_result", final_result): Verify element property value successfully

2022-11-22 17:28:13 - [MESSAGE][PASSED] - Verify element property value successfully]]></system-out>
         <system-err><![CDATA[]]></system-err>
      </testcase>
      <testcase name="Test Cases/Engine_Scoring/Engine Scoring" time="5.216" classname="Test Cases/Engine_Scoring/Engine Scoring" status="PASSED">
         <system-out><![CDATA[2022-11-22 17:28:13 - [TEST_CASE][PASSED] - Test Cases/Engine_Scoring/Engine Scoring: Test Cases/Engine_Scoring/Engine Scoring

2022-11-22 17:28:14 - [TEST_STEP][PASSED] - markPassed("Variasi data ke : " + no): Variasi data ke : 135

2022-11-22 17:28:14 - [MESSAGE][PASSED] - Variasi data ke : 135

2022-11-22 17:28:14 - [TEST_STEP][PASSED] - req_data = sendRequest(findTestObject("Search_ME", ["MID":MID, "source":source, "ip":ip, "userid":userid, "branch":branch, "tipekons":tipekons, "marital":marital, "penjamin":penjamin, ... ])): Send request successfully

2022-11-22 17:28:15 - [MESSAGE][INFO] - HAR: D:\DMS\Engine Scoring\Reports\20221122_171227\Exclude KKB - DS\Scoring Individu - DS\20221122_171227\requests\main\268.har

2022-11-22 17:28:15 - [MESSAGE][PASSED] - Send request successfully

2022-11-22 17:28:15 - [TEST_STEP][PASSED] - slurper = new groovy.json.JsonSlurper(): null

2022-11-22 17:28:15 - [TEST_STEP][PASSED] - result = slurper.parseText(req_data.getResponseBodyContent()): null

2022-11-22 17:28:15 - [TEST_STEP][PASSED] - reqid_kons = requestid1: null

2022-11-22 17:28:15 - [TEST_STEP][PASSED] - reqid_spouse = requestid2: null

2022-11-22 17:28:15 - [TEST_STEP][PASSED] - println("requestid kons : " + reqid_kons): null

2022-11-22 17:28:15 - [TEST_STEP][PASSED] - response_searchME_kons = reqid_kons: null

2022-11-22 17:28:15 - [TEST_STEP][PASSED] - response_searchME_spouse = reqid_spouse: null

2022-11-22 17:28:15 - [TEST_STEP][PASSED] - println("kons req id is :" + response_searchME_kons): null

2022-11-22 17:28:15 - [TEST_STEP][PASSED] - println("spouse req id is : " + response_searchME_spouse): null

2022-11-22 17:28:15 - [TEST_STEP][PASSED] - verifyResponseStatusCode(req_data, 200): Verify response status code successfully

2022-11-22 17:28:15 - [MESSAGE][PASSED] - Verify response status code successfully

2022-11-22 17:28:15 - [TEST_STEP][PASSED] - response = req_data.getResponseText(): null

2022-11-22 17:28:15 - [TEST_STEP][PASSED] - logInfo($response): {"status":"Done","data":{"requestid1":"242549","requestid2":""}}

2022-11-22 17:28:15 - [MESSAGE][INFO] - {"status":"Done","data":{"requestid1":"242549","requestid2":""}}

2022-11-22 17:28:15 - [TEST_STEP][PASSED] - delay(3): Delayed 3 second(s)

2022-11-22 17:28:18 - [MESSAGE][PASSED] - Delayed 3 second(s)

2022-11-22 17:28:18 - [TEST_STEP][PASSED] - scoring = sendRequest(findTestObject("EngineScore", ["response_searchME_kons":response_searchME_kons, "response_searchME_spouse":response_searchME_spouse])): Send request successfully

2022-11-22 17:28:19 - [MESSAGE][INFO] - HAR: D:\DMS\Engine Scoring\Reports\20221122_171227\Exclude KKB - DS\Scoring Individu - DS\20221122_171227\requests\main\269.har

2022-11-22 17:28:19 - [MESSAGE][PASSED] - Send request successfully

2022-11-22 17:28:19 - [TEST_STEP][PASSED] - verifyResponseStatusCode(scoring, 200): Verify response status code successfully

2022-11-22 17:28:19 - [MESSAGE][PASSED] - Verify response status code successfully

2022-11-22 17:28:19 - [TEST_STEP][PASSED] - response2 = scoring.getResponseText(): null

2022-11-22 17:28:19 - [TEST_STEP][PASSED] - markPassed("result service data ke : " + no): result service data ke : 135

2022-11-22 17:28:19 - [MESSAGE][PASSED] - result service data ke : 135

2022-11-22 17:28:19 - [TEST_STEP][PASSED] - logInfo($response2): {"result_konsumen":"Approve","result_pasangan":"","Final_result":"Approve","errorMessage":"","status":"Done"}

2022-11-22 17:28:19 - [MESSAGE][INFO] - {"result_konsumen":"Approve","result_pasangan":"","Final_result":"Approve","errorMessage":"","status":"Done"}

2022-11-22 17:28:19 - [TEST_STEP][PASSED] - verifyElementPropertyValue(scoring, "Final_result", final_result): Verify element property value successfully

2022-11-22 17:28:19 - [MESSAGE][PASSED] - Verify element property value successfully]]></system-out>
         <system-err><![CDATA[]]></system-err>
      </testcase>
      <testcase name="Test Cases/Engine_Scoring/Engine Scoring" time="5.182" classname="Test Cases/Engine_Scoring/Engine Scoring" status="PASSED">
         <system-out><![CDATA[2022-11-22 17:28:19 - [TEST_CASE][PASSED] - Test Cases/Engine_Scoring/Engine Scoring: Test Cases/Engine_Scoring/Engine Scoring

2022-11-22 17:28:20 - [TEST_STEP][PASSED] - markPassed("Variasi data ke : " + no): Variasi data ke : 136

2022-11-22 17:28:20 - [MESSAGE][PASSED] - Variasi data ke : 136

2022-11-22 17:28:20 - [TEST_STEP][PASSED] - req_data = sendRequest(findTestObject("Search_ME", ["MID":MID, "source":source, "ip":ip, "userid":userid, "branch":branch, "tipekons":tipekons, "marital":marital, "penjamin":penjamin, ... ])): Send request successfully

2022-11-22 17:28:21 - [MESSAGE][INFO] - HAR: D:\DMS\Engine Scoring\Reports\20221122_171227\Exclude KKB - DS\Scoring Individu - DS\20221122_171227\requests\main\270.har

2022-11-22 17:28:21 - [MESSAGE][PASSED] - Send request successfully

2022-11-22 17:28:21 - [TEST_STEP][PASSED] - slurper = new groovy.json.JsonSlurper(): null

2022-11-22 17:28:21 - [TEST_STEP][PASSED] - result = slurper.parseText(req_data.getResponseBodyContent()): null

2022-11-22 17:28:21 - [TEST_STEP][PASSED] - reqid_kons = requestid1: null

2022-11-22 17:28:21 - [TEST_STEP][PASSED] - reqid_spouse = requestid2: null

2022-11-22 17:28:21 - [TEST_STEP][PASSED] - println("requestid kons : " + reqid_kons): null

2022-11-22 17:28:21 - [TEST_STEP][PASSED] - response_searchME_kons = reqid_kons: null

2022-11-22 17:28:21 - [TEST_STEP][PASSED] - response_searchME_spouse = reqid_spouse: null

2022-11-22 17:28:21 - [TEST_STEP][PASSED] - println("kons req id is :" + response_searchME_kons): null

2022-11-22 17:28:21 - [TEST_STEP][PASSED] - println("spouse req id is : " + response_searchME_spouse): null

2022-11-22 17:28:21 - [TEST_STEP][PASSED] - verifyResponseStatusCode(req_data, 200): Verify response status code successfully

2022-11-22 17:28:21 - [MESSAGE][PASSED] - Verify response status code successfully

2022-11-22 17:28:21 - [TEST_STEP][PASSED] - response = req_data.getResponseText(): null

2022-11-22 17:28:21 - [TEST_STEP][PASSED] - logInfo($response): {"status":"Done","data":{"requestid1":"242550","requestid2":""}}

2022-11-22 17:28:21 - [MESSAGE][INFO] - {"status":"Done","data":{"requestid1":"242550","requestid2":""}}

2022-11-22 17:28:21 - [TEST_STEP][PASSED] - delay(3): Delayed 3 second(s)

2022-11-22 17:28:24 - [MESSAGE][PASSED] - Delayed 3 second(s)

2022-11-22 17:28:24 - [TEST_STEP][PASSED] - scoring = sendRequest(findTestObject("EngineScore", ["response_searchME_kons":response_searchME_kons, "response_searchME_spouse":response_searchME_spouse])): Send request successfully

2022-11-22 17:28:24 - [MESSAGE][INFO] - HAR: D:\DMS\Engine Scoring\Reports\20221122_171227\Exclude KKB - DS\Scoring Individu - DS\20221122_171227\requests\main\271.har

2022-11-22 17:28:24 - [MESSAGE][PASSED] - Send request successfully

2022-11-22 17:28:24 - [TEST_STEP][PASSED] - verifyResponseStatusCode(scoring, 200): Verify response status code successfully

2022-11-22 17:28:24 - [MESSAGE][PASSED] - Verify response status code successfully

2022-11-22 17:28:24 - [TEST_STEP][PASSED] - response2 = scoring.getResponseText(): null

2022-11-22 17:28:24 - [TEST_STEP][PASSED] - markPassed("result service data ke : " + no): result service data ke : 136

2022-11-22 17:28:24 - [MESSAGE][PASSED] - result service data ke : 136

2022-11-22 17:28:24 - [TEST_STEP][PASSED] - logInfo($response2): {"result_konsumen":"Approve","result_pasangan":"","Final_result":"Approve","errorMessage":"","status":"Done"}

2022-11-22 17:28:24 - [MESSAGE][INFO] - {"result_konsumen":"Approve","result_pasangan":"","Final_result":"Approve","errorMessage":"","status":"Done"}

2022-11-22 17:28:24 - [TEST_STEP][PASSED] - verifyElementPropertyValue(scoring, "Final_result", final_result): Verify element property value successfully

2022-11-22 17:28:24 - [MESSAGE][PASSED] - Verify element property value successfully]]></system-out>
         <system-err><![CDATA[]]></system-err>
      </testcase>
      <testcase name="Test Cases/Engine_Scoring/Engine Scoring" time="5.361" classname="Test Cases/Engine_Scoring/Engine Scoring" status="PASSED">
         <system-out><![CDATA[2022-11-22 17:28:24 - [TEST_CASE][PASSED] - Test Cases/Engine_Scoring/Engine Scoring: Test Cases/Engine_Scoring/Engine Scoring

2022-11-22 17:28:25 - [TEST_STEP][PASSED] - markPassed("Variasi data ke : " + no): Variasi data ke : 137

2022-11-22 17:28:25 - [MESSAGE][PASSED] - Variasi data ke : 137

2022-11-22 17:28:25 - [TEST_STEP][PASSED] - req_data = sendRequest(findTestObject("Search_ME", ["MID":MID, "source":source, "ip":ip, "userid":userid, "branch":branch, "tipekons":tipekons, "marital":marital, "penjamin":penjamin, ... ])): Send request successfully

2022-11-22 17:28:26 - [MESSAGE][INFO] - HAR: D:\DMS\Engine Scoring\Reports\20221122_171227\Exclude KKB - DS\Scoring Individu - DS\20221122_171227\requests\main\272.har

2022-11-22 17:28:26 - [MESSAGE][PASSED] - Send request successfully

2022-11-22 17:28:26 - [TEST_STEP][PASSED] - slurper = new groovy.json.JsonSlurper(): null

2022-11-22 17:28:26 - [TEST_STEP][PASSED] - result = slurper.parseText(req_data.getResponseBodyContent()): null

2022-11-22 17:28:26 - [TEST_STEP][PASSED] - reqid_kons = requestid1: null

2022-11-22 17:28:26 - [TEST_STEP][PASSED] - reqid_spouse = requestid2: null

2022-11-22 17:28:26 - [TEST_STEP][PASSED] - println("requestid kons : " + reqid_kons): null

2022-11-22 17:28:26 - [TEST_STEP][PASSED] - response_searchME_kons = reqid_kons: null

2022-11-22 17:28:26 - [TEST_STEP][PASSED] - response_searchME_spouse = reqid_spouse: null

2022-11-22 17:28:26 - [TEST_STEP][PASSED] - println("kons req id is :" + response_searchME_kons): null

2022-11-22 17:28:26 - [TEST_STEP][PASSED] - println("spouse req id is : " + response_searchME_spouse): null

2022-11-22 17:28:26 - [TEST_STEP][PASSED] - verifyResponseStatusCode(req_data, 200): Verify response status code successfully

2022-11-22 17:28:26 - [MESSAGE][PASSED] - Verify response status code successfully

2022-11-22 17:28:26 - [TEST_STEP][PASSED] - response = req_data.getResponseText(): null

2022-11-22 17:28:26 - [TEST_STEP][PASSED] - logInfo($response): {"status":"Done","data":{"requestid1":"242551","requestid2":""}}

2022-11-22 17:28:26 - [MESSAGE][INFO] - {"status":"Done","data":{"requestid1":"242551","requestid2":""}}

2022-11-22 17:28:26 - [TEST_STEP][PASSED] - delay(3): Delayed 3 second(s)

2022-11-22 17:28:29 - [MESSAGE][PASSED] - Delayed 3 second(s)

2022-11-22 17:28:29 - [TEST_STEP][PASSED] - scoring = sendRequest(findTestObject("EngineScore", ["response_searchME_kons":response_searchME_kons, "response_searchME_spouse":response_searchME_spouse])): Send request successfully

2022-11-22 17:28:29 - [MESSAGE][INFO] - HAR: D:\DMS\Engine Scoring\Reports\20221122_171227\Exclude KKB - DS\Scoring Individu - DS\20221122_171227\requests\main\273.har

2022-11-22 17:28:29 - [MESSAGE][PASSED] - Send request successfully

2022-11-22 17:28:29 - [TEST_STEP][PASSED] - verifyResponseStatusCode(scoring, 200): Verify response status code successfully

2022-11-22 17:28:29 - [MESSAGE][PASSED] - Verify response status code successfully

2022-11-22 17:28:29 - [TEST_STEP][PASSED] - response2 = scoring.getResponseText(): null

2022-11-22 17:28:29 - [TEST_STEP][PASSED] - markPassed("result service data ke : " + no): result service data ke : 137

2022-11-22 17:28:29 - [MESSAGE][PASSED] - result service data ke : 137

2022-11-22 17:28:29 - [TEST_STEP][PASSED] - logInfo($response2): {"result_konsumen":"Approve","result_pasangan":"","Final_result":"Approve","errorMessage":"","status":"Done"}

2022-11-22 17:28:29 - [MESSAGE][INFO] - {"result_konsumen":"Approve","result_pasangan":"","Final_result":"Approve","errorMessage":"","status":"Done"}

2022-11-22 17:28:29 - [TEST_STEP][PASSED] - verifyElementPropertyValue(scoring, "Final_result", final_result): Verify element property value successfully

2022-11-22 17:28:29 - [MESSAGE][PASSED] - Verify element property value successfully]]></system-out>
         <system-err><![CDATA[]]></system-err>
      </testcase>
      <testcase name="Test Cases/Engine_Scoring/Engine Scoring" time="5.361" classname="Test Cases/Engine_Scoring/Engine Scoring" status="PASSED">
         <system-out><![CDATA[2022-11-22 17:28:29 - [TEST_CASE][PASSED] - Test Cases/Engine_Scoring/Engine Scoring: Test Cases/Engine_Scoring/Engine Scoring

2022-11-22 17:28:30 - [TEST_STEP][PASSED] - markPassed("Variasi data ke : " + no): Variasi data ke : 138

2022-11-22 17:28:30 - [MESSAGE][PASSED] - Variasi data ke : 138

2022-11-22 17:28:30 - [TEST_STEP][PASSED] - req_data = sendRequest(findTestObject("Search_ME", ["MID":MID, "source":source, "ip":ip, "userid":userid, "branch":branch, "tipekons":tipekons, "marital":marital, "penjamin":penjamin, ... ])): Send request successfully

2022-11-22 17:28:31 - [MESSAGE][INFO] - HAR: D:\DMS\Engine Scoring\Reports\20221122_171227\Exclude KKB - DS\Scoring Individu - DS\20221122_171227\requests\main\274.har

2022-11-22 17:28:31 - [MESSAGE][PASSED] - Send request successfully

2022-11-22 17:28:31 - [TEST_STEP][PASSED] - slurper = new groovy.json.JsonSlurper(): null

2022-11-22 17:28:31 - [TEST_STEP][PASSED] - result = slurper.parseText(req_data.getResponseBodyContent()): null

2022-11-22 17:28:31 - [TEST_STEP][PASSED] - reqid_kons = requestid1: null

2022-11-22 17:28:31 - [TEST_STEP][PASSED] - reqid_spouse = requestid2: null

2022-11-22 17:28:31 - [TEST_STEP][PASSED] - println("requestid kons : " + reqid_kons): null

2022-11-22 17:28:31 - [TEST_STEP][PASSED] - response_searchME_kons = reqid_kons: null

2022-11-22 17:28:31 - [TEST_STEP][PASSED] - response_searchME_spouse = reqid_spouse: null

2022-11-22 17:28:31 - [TEST_STEP][PASSED] - println("kons req id is :" + response_searchME_kons): null

2022-11-22 17:28:31 - [TEST_STEP][PASSED] - println("spouse req id is : " + response_searchME_spouse): null

2022-11-22 17:28:31 - [TEST_STEP][PASSED] - verifyResponseStatusCode(req_data, 200): Verify response status code successfully

2022-11-22 17:28:31 - [MESSAGE][PASSED] - Verify response status code successfully

2022-11-22 17:28:31 - [TEST_STEP][PASSED] - response = req_data.getResponseText(): null

2022-11-22 17:28:31 - [TEST_STEP][PASSED] - logInfo($response): {"status":"Done","data":{"requestid1":"242552","requestid2":""}}

2022-11-22 17:28:31 - [MESSAGE][INFO] - {"status":"Done","data":{"requestid1":"242552","requestid2":""}}

2022-11-22 17:28:31 - [TEST_STEP][PASSED] - delay(3): Delayed 3 second(s)

2022-11-22 17:28:34 - [MESSAGE][PASSED] - Delayed 3 second(s)

2022-11-22 17:28:34 - [TEST_STEP][PASSED] - scoring = sendRequest(findTestObject("EngineScore", ["response_searchME_kons":response_searchME_kons, "response_searchME_spouse":response_searchME_spouse])): Send request successfully

2022-11-22 17:28:35 - [MESSAGE][INFO] - HAR: D:\DMS\Engine Scoring\Reports\20221122_171227\Exclude KKB - DS\Scoring Individu - DS\20221122_171227\requests\main\275.har

2022-11-22 17:28:35 - [MESSAGE][PASSED] - Send request successfully

2022-11-22 17:28:35 - [TEST_STEP][PASSED] - verifyResponseStatusCode(scoring, 200): Verify response status code successfully

2022-11-22 17:28:35 - [MESSAGE][PASSED] - Verify response status code successfully

2022-11-22 17:28:35 - [TEST_STEP][PASSED] - response2 = scoring.getResponseText(): null

2022-11-22 17:28:35 - [TEST_STEP][PASSED] - markPassed("result service data ke : " + no): result service data ke : 138

2022-11-22 17:28:35 - [MESSAGE][PASSED] - result service data ke : 138

2022-11-22 17:28:35 - [TEST_STEP][PASSED] - logInfo($response2): {"result_konsumen":"Approve","result_pasangan":"","Final_result":"Approve","errorMessage":"","status":"Done"}

2022-11-22 17:28:35 - [MESSAGE][INFO] - {"result_konsumen":"Approve","result_pasangan":"","Final_result":"Approve","errorMessage":"","status":"Done"}

2022-11-22 17:28:35 - [TEST_STEP][PASSED] - verifyElementPropertyValue(scoring, "Final_result", final_result): Verify element property value successfully

2022-11-22 17:28:35 - [MESSAGE][PASSED] - Verify element property value successfully]]></system-out>
         <system-err><![CDATA[]]></system-err>
      </testcase>
      <testcase name="Test Cases/Engine_Scoring/Engine Scoring" time="5.168" classname="Test Cases/Engine_Scoring/Engine Scoring" status="PASSED">
         <system-out><![CDATA[2022-11-22 17:28:35 - [TEST_CASE][PASSED] - Test Cases/Engine_Scoring/Engine Scoring: Test Cases/Engine_Scoring/Engine Scoring

2022-11-22 17:28:36 - [TEST_STEP][PASSED] - markPassed("Variasi data ke : " + no): Variasi data ke : 139

2022-11-22 17:28:36 - [MESSAGE][PASSED] - Variasi data ke : 139

2022-11-22 17:28:36 - [TEST_STEP][PASSED] - req_data = sendRequest(findTestObject("Search_ME", ["MID":MID, "source":source, "ip":ip, "userid":userid, "branch":branch, "tipekons":tipekons, "marital":marital, "penjamin":penjamin, ... ])): Send request successfully

2022-11-22 17:28:37 - [MESSAGE][INFO] - HAR: D:\DMS\Engine Scoring\Reports\20221122_171227\Exclude KKB - DS\Scoring Individu - DS\20221122_171227\requests\main\276.har

2022-11-22 17:28:37 - [MESSAGE][PASSED] - Send request successfully

2022-11-22 17:28:37 - [TEST_STEP][PASSED] - slurper = new groovy.json.JsonSlurper(): null

2022-11-22 17:28:37 - [TEST_STEP][PASSED] - result = slurper.parseText(req_data.getResponseBodyContent()): null

2022-11-22 17:28:37 - [TEST_STEP][PASSED] - reqid_kons = requestid1: null

2022-11-22 17:28:37 - [TEST_STEP][PASSED] - reqid_spouse = requestid2: null

2022-11-22 17:28:37 - [TEST_STEP][PASSED] - println("requestid kons : " + reqid_kons): null

2022-11-22 17:28:37 - [TEST_STEP][PASSED] - response_searchME_kons = reqid_kons: null

2022-11-22 17:28:37 - [TEST_STEP][PASSED] - response_searchME_spouse = reqid_spouse: null

2022-11-22 17:28:37 - [TEST_STEP][PASSED] - println("kons req id is :" + response_searchME_kons): null

2022-11-22 17:28:37 - [TEST_STEP][PASSED] - println("spouse req id is : " + response_searchME_spouse): null

2022-11-22 17:28:37 - [TEST_STEP][PASSED] - verifyResponseStatusCode(req_data, 200): Verify response status code successfully

2022-11-22 17:28:37 - [MESSAGE][PASSED] - Verify response status code successfully

2022-11-22 17:28:37 - [TEST_STEP][PASSED] - response = req_data.getResponseText(): null

2022-11-22 17:28:37 - [TEST_STEP][PASSED] - logInfo($response): {"status":"Done","data":{"requestid1":"242553","requestid2":""}}

2022-11-22 17:28:37 - [MESSAGE][INFO] - {"status":"Done","data":{"requestid1":"242553","requestid2":""}}

2022-11-22 17:28:37 - [TEST_STEP][PASSED] - delay(3): Delayed 3 second(s)

2022-11-22 17:28:40 - [MESSAGE][PASSED] - Delayed 3 second(s)

2022-11-22 17:28:40 - [TEST_STEP][PASSED] - scoring = sendRequest(findTestObject("EngineScore", ["response_searchME_kons":response_searchME_kons, "response_searchME_spouse":response_searchME_spouse])): Send request successfully

2022-11-22 17:28:40 - [MESSAGE][INFO] - HAR: D:\DMS\Engine Scoring\Reports\20221122_171227\Exclude KKB - DS\Scoring Individu - DS\20221122_171227\requests\main\277.har

2022-11-22 17:28:40 - [MESSAGE][PASSED] - Send request successfully

2022-11-22 17:28:40 - [TEST_STEP][PASSED] - verifyResponseStatusCode(scoring, 200): Verify response status code successfully

2022-11-22 17:28:40 - [MESSAGE][PASSED] - Verify response status code successfully

2022-11-22 17:28:40 - [TEST_STEP][PASSED] - response2 = scoring.getResponseText(): null

2022-11-22 17:28:40 - [TEST_STEP][PASSED] - markPassed("result service data ke : " + no): result service data ke : 139

2022-11-22 17:28:40 - [MESSAGE][PASSED] - result service data ke : 139

2022-11-22 17:28:40 - [TEST_STEP][PASSED] - logInfo($response2): {"result_konsumen":"Approve","result_pasangan":"","Final_result":"Approve","errorMessage":"","status":"Done"}

2022-11-22 17:28:40 - [MESSAGE][INFO] - {"result_konsumen":"Approve","result_pasangan":"","Final_result":"Approve","errorMessage":"","status":"Done"}

2022-11-22 17:28:40 - [TEST_STEP][PASSED] - verifyElementPropertyValue(scoring, "Final_result", final_result): Verify element property value successfully

2022-11-22 17:28:40 - [MESSAGE][PASSED] - Verify element property value successfully]]></system-out>
         <system-err><![CDATA[]]></system-err>
      </testcase>
      <testcase name="Test Cases/Engine_Scoring/Engine Scoring" time="5.134" classname="Test Cases/Engine_Scoring/Engine Scoring" status="PASSED">
         <system-out><![CDATA[2022-11-22 17:28:40 - [TEST_CASE][PASSED] - Test Cases/Engine_Scoring/Engine Scoring: Test Cases/Engine_Scoring/Engine Scoring

2022-11-22 17:28:41 - [TEST_STEP][PASSED] - markPassed("Variasi data ke : " + no): Variasi data ke : 140

2022-11-22 17:28:41 - [MESSAGE][PASSED] - Variasi data ke : 140

2022-11-22 17:28:41 - [TEST_STEP][PASSED] - req_data = sendRequest(findTestObject("Search_ME", ["MID":MID, "source":source, "ip":ip, "userid":userid, "branch":branch, "tipekons":tipekons, "marital":marital, "penjamin":penjamin, ... ])): Send request successfully

2022-11-22 17:28:42 - [MESSAGE][INFO] - HAR: D:\DMS\Engine Scoring\Reports\20221122_171227\Exclude KKB - DS\Scoring Individu - DS\20221122_171227\requests\main\278.har

2022-11-22 17:28:42 - [MESSAGE][PASSED] - Send request successfully

2022-11-22 17:28:42 - [TEST_STEP][PASSED] - slurper = new groovy.json.JsonSlurper(): null

2022-11-22 17:28:42 - [TEST_STEP][PASSED] - result = slurper.parseText(req_data.getResponseBodyContent()): null

2022-11-22 17:28:42 - [TEST_STEP][PASSED] - reqid_kons = requestid1: null

2022-11-22 17:28:42 - [TEST_STEP][PASSED] - reqid_spouse = requestid2: null

2022-11-22 17:28:42 - [TEST_STEP][PASSED] - println("requestid kons : " + reqid_kons): null

2022-11-22 17:28:42 - [TEST_STEP][PASSED] - response_searchME_kons = reqid_kons: null

2022-11-22 17:28:42 - [TEST_STEP][PASSED] - response_searchME_spouse = reqid_spouse: null

2022-11-22 17:28:42 - [TEST_STEP][PASSED] - println("kons req id is :" + response_searchME_kons): null

2022-11-22 17:28:42 - [TEST_STEP][PASSED] - println("spouse req id is : " + response_searchME_spouse): null

2022-11-22 17:28:42 - [TEST_STEP][PASSED] - verifyResponseStatusCode(req_data, 200): Verify response status code successfully

2022-11-22 17:28:42 - [MESSAGE][PASSED] - Verify response status code successfully

2022-11-22 17:28:42 - [TEST_STEP][PASSED] - response = req_data.getResponseText(): null

2022-11-22 17:28:42 - [TEST_STEP][PASSED] - logInfo($response): {"status":"Done","data":{"requestid1":"242554","requestid2":""}}

2022-11-22 17:28:42 - [MESSAGE][INFO] - {"status":"Done","data":{"requestid1":"242554","requestid2":""}}

2022-11-22 17:28:42 - [TEST_STEP][PASSED] - delay(3): Delayed 3 second(s)

2022-11-22 17:28:45 - [MESSAGE][PASSED] - Delayed 3 second(s)

2022-11-22 17:28:45 - [TEST_STEP][PASSED] - scoring = sendRequest(findTestObject("EngineScore", ["response_searchME_kons":response_searchME_kons, "response_searchME_spouse":response_searchME_spouse])): Send request successfully

2022-11-22 17:28:45 - [MESSAGE][INFO] - HAR: D:\DMS\Engine Scoring\Reports\20221122_171227\Exclude KKB - DS\Scoring Individu - DS\20221122_171227\requests\main\279.har

2022-11-22 17:28:45 - [MESSAGE][PASSED] - Send request successfully

2022-11-22 17:28:45 - [TEST_STEP][PASSED] - verifyResponseStatusCode(scoring, 200): Verify response status code successfully

2022-11-22 17:28:45 - [MESSAGE][PASSED] - Verify response status code successfully

2022-11-22 17:28:45 - [TEST_STEP][PASSED] - response2 = scoring.getResponseText(): null

2022-11-22 17:28:45 - [TEST_STEP][PASSED] - markPassed("result service data ke : " + no): result service data ke : 140

2022-11-22 17:28:45 - [MESSAGE][PASSED] - result service data ke : 140

2022-11-22 17:28:45 - [TEST_STEP][PASSED] - logInfo($response2): {"result_konsumen":"Approve","result_pasangan":"","Final_result":"Approve","errorMessage":"","status":"Done"}

2022-11-22 17:28:45 - [MESSAGE][INFO] - {"result_konsumen":"Approve","result_pasangan":"","Final_result":"Approve","errorMessage":"","status":"Done"}

2022-11-22 17:28:45 - [TEST_STEP][PASSED] - verifyElementPropertyValue(scoring, "Final_result", final_result): Verify element property value successfully

2022-11-22 17:28:45 - [MESSAGE][PASSED] - Verify element property value successfully]]></system-out>
         <system-err><![CDATA[]]></system-err>
      </testcase>
      <testcase name="Test Cases/Engine_Scoring/Engine Scoring" time="5.292" classname="Test Cases/Engine_Scoring/Engine Scoring" status="PASSED">
         <system-out><![CDATA[2022-11-22 17:28:45 - [TEST_CASE][PASSED] - Test Cases/Engine_Scoring/Engine Scoring: Test Cases/Engine_Scoring/Engine Scoring

2022-11-22 17:28:46 - [TEST_STEP][PASSED] - markPassed("Variasi data ke : " + no): Variasi data ke : 141

2022-11-22 17:28:46 - [MESSAGE][PASSED] - Variasi data ke : 141

2022-11-22 17:28:46 - [TEST_STEP][PASSED] - req_data = sendRequest(findTestObject("Search_ME", ["MID":MID, "source":source, "ip":ip, "userid":userid, "branch":branch, "tipekons":tipekons, "marital":marital, "penjamin":penjamin, ... ])): Send request successfully

2022-11-22 17:28:47 - [MESSAGE][INFO] - HAR: D:\DMS\Engine Scoring\Reports\20221122_171227\Exclude KKB - DS\Scoring Individu - DS\20221122_171227\requests\main\280.har

2022-11-22 17:28:47 - [MESSAGE][PASSED] - Send request successfully

2022-11-22 17:28:47 - [TEST_STEP][PASSED] - slurper = new groovy.json.JsonSlurper(): null

2022-11-22 17:28:47 - [TEST_STEP][PASSED] - result = slurper.parseText(req_data.getResponseBodyContent()): null

2022-11-22 17:28:47 - [TEST_STEP][PASSED] - reqid_kons = requestid1: null

2022-11-22 17:28:47 - [TEST_STEP][PASSED] - reqid_spouse = requestid2: null

2022-11-22 17:28:47 - [TEST_STEP][PASSED] - println("requestid kons : " + reqid_kons): null

2022-11-22 17:28:47 - [TEST_STEP][PASSED] - response_searchME_kons = reqid_kons: null

2022-11-22 17:28:47 - [TEST_STEP][PASSED] - response_searchME_spouse = reqid_spouse: null

2022-11-22 17:28:47 - [TEST_STEP][PASSED] - println("kons req id is :" + response_searchME_kons): null

2022-11-22 17:28:47 - [TEST_STEP][PASSED] - println("spouse req id is : " + response_searchME_spouse): null

2022-11-22 17:28:47 - [TEST_STEP][PASSED] - verifyResponseStatusCode(req_data, 200): Verify response status code successfully

2022-11-22 17:28:47 - [MESSAGE][PASSED] - Verify response status code successfully

2022-11-22 17:28:47 - [TEST_STEP][PASSED] - response = req_data.getResponseText(): null

2022-11-22 17:28:47 - [TEST_STEP][PASSED] - logInfo($response): {"status":"Done","data":{"requestid1":"242555","requestid2":""}}

2022-11-22 17:28:47 - [MESSAGE][INFO] - {"status":"Done","data":{"requestid1":"242555","requestid2":""}}

2022-11-22 17:28:47 - [TEST_STEP][PASSED] - delay(3): Delayed 3 second(s)

2022-11-22 17:28:50 - [MESSAGE][PASSED] - Delayed 3 second(s)

2022-11-22 17:28:50 - [TEST_STEP][PASSED] - scoring = sendRequest(findTestObject("EngineScore", ["response_searchME_kons":response_searchME_kons, "response_searchME_spouse":response_searchME_spouse])): Send request successfully

2022-11-22 17:28:50 - [MESSAGE][INFO] - HAR: D:\DMS\Engine Scoring\Reports\20221122_171227\Exclude KKB - DS\Scoring Individu - DS\20221122_171227\requests\main\281.har

2022-11-22 17:28:50 - [MESSAGE][PASSED] - Send request successfully

2022-11-22 17:28:50 - [TEST_STEP][PASSED] - verifyResponseStatusCode(scoring, 200): Verify response status code successfully

2022-11-22 17:28:50 - [MESSAGE][PASSED] - Verify response status code successfully

2022-11-22 17:28:50 - [TEST_STEP][PASSED] - response2 = scoring.getResponseText(): null

2022-11-22 17:28:50 - [TEST_STEP][PASSED] - markPassed("result service data ke : " + no): result service data ke : 141

2022-11-22 17:28:50 - [MESSAGE][PASSED] - result service data ke : 141

2022-11-22 17:28:50 - [TEST_STEP][PASSED] - logInfo($response2): {"result_konsumen":"Reject","result_pasangan":"","Final_result":"Reject","errorMessage":"","status":"Done"}

2022-11-22 17:28:50 - [MESSAGE][INFO] - {"result_konsumen":"Reject","result_pasangan":"","Final_result":"Reject","errorMessage":"","status":"Done"}

2022-11-22 17:28:50 - [TEST_STEP][PASSED] - verifyElementPropertyValue(scoring, "Final_result", final_result): Verify element property value successfully

2022-11-22 17:28:50 - [MESSAGE][PASSED] - Verify element property value successfully]]></system-out>
         <system-err><![CDATA[]]></system-err>
      </testcase>
      <testcase name="Test Cases/Engine_Scoring/Engine Scoring" time="5.409" classname="Test Cases/Engine_Scoring/Engine Scoring" status="PASSED">
         <system-out><![CDATA[2022-11-22 17:28:50 - [TEST_CASE][PASSED] - Test Cases/Engine_Scoring/Engine Scoring: Test Cases/Engine_Scoring/Engine Scoring

2022-11-22 17:28:51 - [TEST_STEP][PASSED] - markPassed("Variasi data ke : " + no): Variasi data ke : 142

2022-11-22 17:28:51 - [MESSAGE][PASSED] - Variasi data ke : 142

2022-11-22 17:28:51 - [TEST_STEP][PASSED] - req_data = sendRequest(findTestObject("Search_ME", ["MID":MID, "source":source, "ip":ip, "userid":userid, "branch":branch, "tipekons":tipekons, "marital":marital, "penjamin":penjamin, ... ])): Send request successfully

2022-11-22 17:28:53 - [MESSAGE][INFO] - HAR: D:\DMS\Engine Scoring\Reports\20221122_171227\Exclude KKB - DS\Scoring Individu - DS\20221122_171227\requests\main\282.har

2022-11-22 17:28:53 - [MESSAGE][PASSED] - Send request successfully

2022-11-22 17:28:53 - [TEST_STEP][PASSED] - slurper = new groovy.json.JsonSlurper(): null

2022-11-22 17:28:53 - [TEST_STEP][PASSED] - result = slurper.parseText(req_data.getResponseBodyContent()): null

2022-11-22 17:28:53 - [TEST_STEP][PASSED] - reqid_kons = requestid1: null

2022-11-22 17:28:53 - [TEST_STEP][PASSED] - reqid_spouse = requestid2: null

2022-11-22 17:28:53 - [TEST_STEP][PASSED] - println("requestid kons : " + reqid_kons): null

2022-11-22 17:28:53 - [TEST_STEP][PASSED] - response_searchME_kons = reqid_kons: null

2022-11-22 17:28:53 - [TEST_STEP][PASSED] - response_searchME_spouse = reqid_spouse: null

2022-11-22 17:28:53 - [TEST_STEP][PASSED] - println("kons req id is :" + response_searchME_kons): null

2022-11-22 17:28:53 - [TEST_STEP][PASSED] - println("spouse req id is : " + response_searchME_spouse): null

2022-11-22 17:28:53 - [TEST_STEP][PASSED] - verifyResponseStatusCode(req_data, 200): Verify response status code successfully

2022-11-22 17:28:53 - [MESSAGE][PASSED] - Verify response status code successfully

2022-11-22 17:28:53 - [TEST_STEP][PASSED] - response = req_data.getResponseText(): null

2022-11-22 17:28:53 - [TEST_STEP][PASSED] - logInfo($response): {"status":"Done","data":{"requestid1":"242556","requestid2":""}}

2022-11-22 17:28:53 - [MESSAGE][INFO] - {"status":"Done","data":{"requestid1":"242556","requestid2":""}}

2022-11-22 17:28:53 - [TEST_STEP][PASSED] - delay(3): Delayed 3 second(s)

2022-11-22 17:28:56 - [MESSAGE][PASSED] - Delayed 3 second(s)

2022-11-22 17:28:56 - [TEST_STEP][PASSED] - scoring = sendRequest(findTestObject("EngineScore", ["response_searchME_kons":response_searchME_kons, "response_searchME_spouse":response_searchME_spouse])): Send request successfully

2022-11-22 17:28:56 - [MESSAGE][INFO] - HAR: D:\DMS\Engine Scoring\Reports\20221122_171227\Exclude KKB - DS\Scoring Individu - DS\20221122_171227\requests\main\283.har

2022-11-22 17:28:56 - [MESSAGE][PASSED] - Send request successfully

2022-11-22 17:28:56 - [TEST_STEP][PASSED] - verifyResponseStatusCode(scoring, 200): Verify response status code successfully

2022-11-22 17:28:56 - [MESSAGE][PASSED] - Verify response status code successfully

2022-11-22 17:28:56 - [TEST_STEP][PASSED] - response2 = scoring.getResponseText(): null

2022-11-22 17:28:56 - [TEST_STEP][PASSED] - markPassed("result service data ke : " + no): result service data ke : 142

2022-11-22 17:28:56 - [MESSAGE][PASSED] - result service data ke : 142

2022-11-22 17:28:56 - [TEST_STEP][PASSED] - logInfo($response2): {"result_konsumen":"Reject","result_pasangan":"","Final_result":"Reject","errorMessage":"","status":"Done"}

2022-11-22 17:28:56 - [MESSAGE][INFO] - {"result_konsumen":"Reject","result_pasangan":"","Final_result":"Reject","errorMessage":"","status":"Done"}

2022-11-22 17:28:56 - [TEST_STEP][PASSED] - verifyElementPropertyValue(scoring, "Final_result", final_result): Verify element property value successfully

2022-11-22 17:28:56 - [MESSAGE][PASSED] - Verify element property value successfully]]></system-out>
         <system-err><![CDATA[]]></system-err>
      </testcase>
      <testcase name="Test Cases/Engine_Scoring/Engine Scoring" time="5.515" classname="Test Cases/Engine_Scoring/Engine Scoring" status="PASSED">
         <system-out><![CDATA[2022-11-22 17:28:56 - [TEST_CASE][PASSED] - Test Cases/Engine_Scoring/Engine Scoring: Test Cases/Engine_Scoring/Engine Scoring

2022-11-22 17:28:57 - [TEST_STEP][PASSED] - markPassed("Variasi data ke : " + no): Variasi data ke : 143

2022-11-22 17:28:57 - [MESSAGE][PASSED] - Variasi data ke : 143

2022-11-22 17:28:57 - [TEST_STEP][PASSED] - req_data = sendRequest(findTestObject("Search_ME", ["MID":MID, "source":source, "ip":ip, "userid":userid, "branch":branch, "tipekons":tipekons, "marital":marital, "penjamin":penjamin, ... ])): Send request successfully

2022-11-22 17:28:58 - [MESSAGE][INFO] - HAR: D:\DMS\Engine Scoring\Reports\20221122_171227\Exclude KKB - DS\Scoring Individu - DS\20221122_171227\requests\main\284.har

2022-11-22 17:28:58 - [MESSAGE][PASSED] - Send request successfully

2022-11-22 17:28:58 - [TEST_STEP][PASSED] - slurper = new groovy.json.JsonSlurper(): null

2022-11-22 17:28:58 - [TEST_STEP][PASSED] - result = slurper.parseText(req_data.getResponseBodyContent()): null

2022-11-22 17:28:58 - [TEST_STEP][PASSED] - reqid_kons = requestid1: null

2022-11-22 17:28:58 - [TEST_STEP][PASSED] - reqid_spouse = requestid2: null

2022-11-22 17:28:58 - [TEST_STEP][PASSED] - println("requestid kons : " + reqid_kons): null

2022-11-22 17:28:58 - [TEST_STEP][PASSED] - response_searchME_kons = reqid_kons: null

2022-11-22 17:28:58 - [TEST_STEP][PASSED] - response_searchME_spouse = reqid_spouse: null

2022-11-22 17:28:58 - [TEST_STEP][PASSED] - println("kons req id is :" + response_searchME_kons): null

2022-11-22 17:28:58 - [TEST_STEP][PASSED] - println("spouse req id is : " + response_searchME_spouse): null

2022-11-22 17:28:58 - [TEST_STEP][PASSED] - verifyResponseStatusCode(req_data, 200): Verify response status code successfully

2022-11-22 17:28:58 - [MESSAGE][PASSED] - Verify response status code successfully

2022-11-22 17:28:58 - [TEST_STEP][PASSED] - response = req_data.getResponseText(): null

2022-11-22 17:28:58 - [TEST_STEP][PASSED] - logInfo($response): {"status":"Done","data":{"requestid1":"242557","requestid2":""}}

2022-11-22 17:28:58 - [MESSAGE][INFO] - {"status":"Done","data":{"requestid1":"242557","requestid2":""}}

2022-11-22 17:28:58 - [TEST_STEP][PASSED] - delay(3): Delayed 3 second(s)

2022-11-22 17:29:01 - [MESSAGE][PASSED] - Delayed 3 second(s)

2022-11-22 17:29:01 - [TEST_STEP][PASSED] - scoring = sendRequest(findTestObject("EngineScore", ["response_searchME_kons":response_searchME_kons, "response_searchME_spouse":response_searchME_spouse])): Send request successfully

2022-11-22 17:29:01 - [MESSAGE][INFO] - HAR: D:\DMS\Engine Scoring\Reports\20221122_171227\Exclude KKB - DS\Scoring Individu - DS\20221122_171227\requests\main\285.har

2022-11-22 17:29:01 - [MESSAGE][PASSED] - Send request successfully

2022-11-22 17:29:01 - [TEST_STEP][PASSED] - verifyResponseStatusCode(scoring, 200): Verify response status code successfully

2022-11-22 17:29:01 - [MESSAGE][PASSED] - Verify response status code successfully

2022-11-22 17:29:01 - [TEST_STEP][PASSED] - response2 = scoring.getResponseText(): null

2022-11-22 17:29:01 - [TEST_STEP][PASSED] - markPassed("result service data ke : " + no): result service data ke : 143

2022-11-22 17:29:01 - [MESSAGE][PASSED] - result service data ke : 143

2022-11-22 17:29:01 - [TEST_STEP][PASSED] - logInfo($response2): {"result_konsumen":"Reject","result_pasangan":"","Final_result":"Reject","errorMessage":"","status":"Done"}

2022-11-22 17:29:01 - [MESSAGE][INFO] - {"result_konsumen":"Reject","result_pasangan":"","Final_result":"Reject","errorMessage":"","status":"Done"}

2022-11-22 17:29:01 - [TEST_STEP][PASSED] - verifyElementPropertyValue(scoring, "Final_result", final_result): Verify element property value successfully

2022-11-22 17:29:01 - [MESSAGE][PASSED] - Verify element property value successfully]]></system-out>
         <system-err><![CDATA[]]></system-err>
      </testcase>
      <testcase name="Test Cases/Engine_Scoring/Engine Scoring" time="5.275" classname="Test Cases/Engine_Scoring/Engine Scoring" status="PASSED">
         <system-out><![CDATA[2022-11-22 17:29:01 - [TEST_CASE][PASSED] - Test Cases/Engine_Scoring/Engine Scoring: Test Cases/Engine_Scoring/Engine Scoring

2022-11-22 17:29:03 - [TEST_STEP][PASSED] - markPassed("Variasi data ke : " + no): Variasi data ke : 144

2022-11-22 17:29:03 - [MESSAGE][PASSED] - Variasi data ke : 144

2022-11-22 17:29:03 - [TEST_STEP][PASSED] - req_data = sendRequest(findTestObject("Search_ME", ["MID":MID, "source":source, "ip":ip, "userid":userid, "branch":branch, "tipekons":tipekons, "marital":marital, "penjamin":penjamin, ... ])): Send request successfully

2022-11-22 17:29:04 - [MESSAGE][INFO] - HAR: D:\DMS\Engine Scoring\Reports\20221122_171227\Exclude KKB - DS\Scoring Individu - DS\20221122_171227\requests\main\286.har

2022-11-22 17:29:04 - [MESSAGE][PASSED] - Send request successfully

2022-11-22 17:29:04 - [TEST_STEP][PASSED] - slurper = new groovy.json.JsonSlurper(): null

2022-11-22 17:29:04 - [TEST_STEP][PASSED] - result = slurper.parseText(req_data.getResponseBodyContent()): null

2022-11-22 17:29:04 - [TEST_STEP][PASSED] - reqid_kons = requestid1: null

2022-11-22 17:29:04 - [TEST_STEP][PASSED] - reqid_spouse = requestid2: null

2022-11-22 17:29:04 - [TEST_STEP][PASSED] - println("requestid kons : " + reqid_kons): null

2022-11-22 17:29:04 - [TEST_STEP][PASSED] - response_searchME_kons = reqid_kons: null

2022-11-22 17:29:04 - [TEST_STEP][PASSED] - response_searchME_spouse = reqid_spouse: null

2022-11-22 17:29:04 - [TEST_STEP][PASSED] - println("kons req id is :" + response_searchME_kons): null

2022-11-22 17:29:04 - [TEST_STEP][PASSED] - println("spouse req id is : " + response_searchME_spouse): null

2022-11-22 17:29:04 - [TEST_STEP][PASSED] - verifyResponseStatusCode(req_data, 200): Verify response status code successfully

2022-11-22 17:29:04 - [MESSAGE][PASSED] - Verify response status code successfully

2022-11-22 17:29:04 - [TEST_STEP][PASSED] - response = req_data.getResponseText(): null

2022-11-22 17:29:04 - [TEST_STEP][PASSED] - logInfo($response): {"status":"Done","data":{"requestid1":"242558","requestid2":""}}

2022-11-22 17:29:04 - [MESSAGE][INFO] - {"status":"Done","data":{"requestid1":"242558","requestid2":""}}

2022-11-22 17:29:04 - [TEST_STEP][PASSED] - delay(3): Delayed 3 second(s)

2022-11-22 17:29:07 - [MESSAGE][PASSED] - Delayed 3 second(s)

2022-11-22 17:29:07 - [TEST_STEP][PASSED] - scoring = sendRequest(findTestObject("EngineScore", ["response_searchME_kons":response_searchME_kons, "response_searchME_spouse":response_searchME_spouse])): Send request successfully

2022-11-22 17:29:07 - [MESSAGE][INFO] - HAR: D:\DMS\Engine Scoring\Reports\20221122_171227\Exclude KKB - DS\Scoring Individu - DS\20221122_171227\requests\main\287.har

2022-11-22 17:29:07 - [MESSAGE][PASSED] - Send request successfully

2022-11-22 17:29:07 - [TEST_STEP][PASSED] - verifyResponseStatusCode(scoring, 200): Verify response status code successfully

2022-11-22 17:29:07 - [MESSAGE][PASSED] - Verify response status code successfully

2022-11-22 17:29:07 - [TEST_STEP][PASSED] - response2 = scoring.getResponseText(): null

2022-11-22 17:29:07 - [TEST_STEP][PASSED] - markPassed("result service data ke : " + no): result service data ke : 144

2022-11-22 17:29:07 - [MESSAGE][PASSED] - result service data ke : 144

2022-11-22 17:29:07 - [TEST_STEP][PASSED] - logInfo($response2): {"result_konsumen":"Reject","result_pasangan":"","Final_result":"Reject","errorMessage":"","status":"Done"}

2022-11-22 17:29:07 - [MESSAGE][INFO] - {"result_konsumen":"Reject","result_pasangan":"","Final_result":"Reject","errorMessage":"","status":"Done"}

2022-11-22 17:29:07 - [TEST_STEP][PASSED] - verifyElementPropertyValue(scoring, "Final_result", final_result): Verify element property value successfully

2022-11-22 17:29:07 - [MESSAGE][PASSED] - Verify element property value successfully]]></system-out>
         <system-err><![CDATA[]]></system-err>
      </testcase>
      <testcase name="Test Cases/Engine_Scoring/Engine Scoring" time="5.313" classname="Test Cases/Engine_Scoring/Engine Scoring" status="PASSED">
         <system-out><![CDATA[2022-11-22 17:29:07 - [TEST_CASE][PASSED] - Test Cases/Engine_Scoring/Engine Scoring: Test Cases/Engine_Scoring/Engine Scoring

2022-11-22 17:29:08 - [TEST_STEP][PASSED] - markPassed("Variasi data ke : " + no): Variasi data ke : 145

2022-11-22 17:29:08 - [MESSAGE][PASSED] - Variasi data ke : 145

2022-11-22 17:29:08 - [TEST_STEP][PASSED] - req_data = sendRequest(findTestObject("Search_ME", ["MID":MID, "source":source, "ip":ip, "userid":userid, "branch":branch, "tipekons":tipekons, "marital":marital, "penjamin":penjamin, ... ])): Send request successfully

2022-11-22 17:29:09 - [MESSAGE][INFO] - HAR: D:\DMS\Engine Scoring\Reports\20221122_171227\Exclude KKB - DS\Scoring Individu - DS\20221122_171227\requests\main\288.har

2022-11-22 17:29:09 - [MESSAGE][PASSED] - Send request successfully

2022-11-22 17:29:09 - [TEST_STEP][PASSED] - slurper = new groovy.json.JsonSlurper(): null

2022-11-22 17:29:09 - [TEST_STEP][PASSED] - result = slurper.parseText(req_data.getResponseBodyContent()): null

2022-11-22 17:29:09 - [TEST_STEP][PASSED] - reqid_kons = requestid1: null

2022-11-22 17:29:09 - [TEST_STEP][PASSED] - reqid_spouse = requestid2: null

2022-11-22 17:29:09 - [TEST_STEP][PASSED] - println("requestid kons : " + reqid_kons): null

2022-11-22 17:29:09 - [TEST_STEP][PASSED] - response_searchME_kons = reqid_kons: null

2022-11-22 17:29:09 - [TEST_STEP][PASSED] - response_searchME_spouse = reqid_spouse: null

2022-11-22 17:29:09 - [TEST_STEP][PASSED] - println("kons req id is :" + response_searchME_kons): null

2022-11-22 17:29:09 - [TEST_STEP][PASSED] - println("spouse req id is : " + response_searchME_spouse): null

2022-11-22 17:29:09 - [TEST_STEP][PASSED] - verifyResponseStatusCode(req_data, 200): Verify response status code successfully

2022-11-22 17:29:09 - [MESSAGE][PASSED] - Verify response status code successfully

2022-11-22 17:29:09 - [TEST_STEP][PASSED] - response = req_data.getResponseText(): null

2022-11-22 17:29:09 - [TEST_STEP][PASSED] - logInfo($response): {"status":"Done","data":{"requestid1":"242559","requestid2":""}}

2022-11-22 17:29:09 - [MESSAGE][INFO] - {"status":"Done","data":{"requestid1":"242559","requestid2":""}}

2022-11-22 17:29:09 - [TEST_STEP][PASSED] - delay(3): Delayed 3 second(s)

2022-11-22 17:29:12 - [MESSAGE][PASSED] - Delayed 3 second(s)

2022-11-22 17:29:12 - [TEST_STEP][PASSED] - scoring = sendRequest(findTestObject("EngineScore", ["response_searchME_kons":response_searchME_kons, "response_searchME_spouse":response_searchME_spouse])): Send request successfully

2022-11-22 17:29:12 - [MESSAGE][INFO] - HAR: D:\DMS\Engine Scoring\Reports\20221122_171227\Exclude KKB - DS\Scoring Individu - DS\20221122_171227\requests\main\289.har

2022-11-22 17:29:12 - [MESSAGE][PASSED] - Send request successfully

2022-11-22 17:29:12 - [TEST_STEP][PASSED] - verifyResponseStatusCode(scoring, 200): Verify response status code successfully

2022-11-22 17:29:12 - [MESSAGE][PASSED] - Verify response status code successfully

2022-11-22 17:29:12 - [TEST_STEP][PASSED] - response2 = scoring.getResponseText(): null

2022-11-22 17:29:12 - [TEST_STEP][PASSED] - markPassed("result service data ke : " + no): result service data ke : 145

2022-11-22 17:29:12 - [MESSAGE][PASSED] - result service data ke : 145

2022-11-22 17:29:12 - [TEST_STEP][PASSED] - logInfo($response2): {"result_konsumen":"Approve","result_pasangan":"","Final_result":"Approve","errorMessage":"","status":"Done"}

2022-11-22 17:29:12 - [MESSAGE][INFO] - {"result_konsumen":"Approve","result_pasangan":"","Final_result":"Approve","errorMessage":"","status":"Done"}

2022-11-22 17:29:12 - [TEST_STEP][PASSED] - verifyElementPropertyValue(scoring, "Final_result", final_result): Verify element property value successfully

2022-11-22 17:29:12 - [MESSAGE][PASSED] - Verify element property value successfully]]></system-out>
         <system-err><![CDATA[]]></system-err>
      </testcase>
      <testcase name="Test Cases/Engine_Scoring/Engine Scoring" time="5.237" classname="Test Cases/Engine_Scoring/Engine Scoring" status="PASSED">
         <system-out><![CDATA[2022-11-22 17:29:12 - [TEST_CASE][PASSED] - Test Cases/Engine_Scoring/Engine Scoring: Test Cases/Engine_Scoring/Engine Scoring

2022-11-22 17:29:13 - [TEST_STEP][PASSED] - markPassed("Variasi data ke : " + no): Variasi data ke : 146

2022-11-22 17:29:13 - [MESSAGE][PASSED] - Variasi data ke : 146

2022-11-22 17:29:13 - [TEST_STEP][PASSED] - req_data = sendRequest(findTestObject("Search_ME", ["MID":MID, "source":source, "ip":ip, "userid":userid, "branch":branch, "tipekons":tipekons, "marital":marital, "penjamin":penjamin, ... ])): Send request successfully

2022-11-22 17:29:14 - [MESSAGE][INFO] - HAR: D:\DMS\Engine Scoring\Reports\20221122_171227\Exclude KKB - DS\Scoring Individu - DS\20221122_171227\requests\main\290.har

2022-11-22 17:29:14 - [MESSAGE][PASSED] - Send request successfully

2022-11-22 17:29:14 - [TEST_STEP][PASSED] - slurper = new groovy.json.JsonSlurper(): null

2022-11-22 17:29:14 - [TEST_STEP][PASSED] - result = slurper.parseText(req_data.getResponseBodyContent()): null

2022-11-22 17:29:14 - [TEST_STEP][PASSED] - reqid_kons = requestid1: null

2022-11-22 17:29:14 - [TEST_STEP][PASSED] - reqid_spouse = requestid2: null

2022-11-22 17:29:14 - [TEST_STEP][PASSED] - println("requestid kons : " + reqid_kons): null

2022-11-22 17:29:14 - [TEST_STEP][PASSED] - response_searchME_kons = reqid_kons: null

2022-11-22 17:29:14 - [TEST_STEP][PASSED] - response_searchME_spouse = reqid_spouse: null

2022-11-22 17:29:14 - [TEST_STEP][PASSED] - println("kons req id is :" + response_searchME_kons): null

2022-11-22 17:29:14 - [TEST_STEP][PASSED] - println("spouse req id is : " + response_searchME_spouse): null

2022-11-22 17:29:14 - [TEST_STEP][PASSED] - verifyResponseStatusCode(req_data, 200): Verify response status code successfully

2022-11-22 17:29:14 - [MESSAGE][PASSED] - Verify response status code successfully

2022-11-22 17:29:14 - [TEST_STEP][PASSED] - response = req_data.getResponseText(): null

2022-11-22 17:29:14 - [TEST_STEP][PASSED] - logInfo($response): {"status":"Done","data":{"requestid1":"242560","requestid2":""}}

2022-11-22 17:29:14 - [MESSAGE][INFO] - {"status":"Done","data":{"requestid1":"242560","requestid2":""}}

2022-11-22 17:29:14 - [TEST_STEP][PASSED] - delay(3): Delayed 3 second(s)

2022-11-22 17:29:17 - [MESSAGE][PASSED] - Delayed 3 second(s)

2022-11-22 17:29:17 - [TEST_STEP][PASSED] - scoring = sendRequest(findTestObject("EngineScore", ["response_searchME_kons":response_searchME_kons, "response_searchME_spouse":response_searchME_spouse])): Send request successfully

2022-11-22 17:29:17 - [MESSAGE][INFO] - HAR: D:\DMS\Engine Scoring\Reports\20221122_171227\Exclude KKB - DS\Scoring Individu - DS\20221122_171227\requests\main\291.har

2022-11-22 17:29:17 - [MESSAGE][PASSED] - Send request successfully

2022-11-22 17:29:17 - [TEST_STEP][PASSED] - verifyResponseStatusCode(scoring, 200): Verify response status code successfully

2022-11-22 17:29:17 - [MESSAGE][PASSED] - Verify response status code successfully

2022-11-22 17:29:17 - [TEST_STEP][PASSED] - response2 = scoring.getResponseText(): null

2022-11-22 17:29:17 - [TEST_STEP][PASSED] - markPassed("result service data ke : " + no): result service data ke : 146

2022-11-22 17:29:17 - [MESSAGE][PASSED] - result service data ke : 146

2022-11-22 17:29:17 - [TEST_STEP][PASSED] - logInfo($response2): {"result_konsumen":"Approve","result_pasangan":"","Final_result":"Approve","errorMessage":"","status":"Done"}

2022-11-22 17:29:17 - [MESSAGE][INFO] - {"result_konsumen":"Approve","result_pasangan":"","Final_result":"Approve","errorMessage":"","status":"Done"}

2022-11-22 17:29:17 - [TEST_STEP][PASSED] - verifyElementPropertyValue(scoring, "Final_result", final_result): Verify element property value successfully

2022-11-22 17:29:17 - [MESSAGE][PASSED] - Verify element property value successfully]]></system-out>
         <system-err><![CDATA[]]></system-err>
      </testcase>
      <testcase name="Test Cases/Engine_Scoring/Engine Scoring" time="5.307" classname="Test Cases/Engine_Scoring/Engine Scoring" status="PASSED">
         <system-out><![CDATA[2022-11-22 17:29:17 - [TEST_CASE][PASSED] - Test Cases/Engine_Scoring/Engine Scoring: Test Cases/Engine_Scoring/Engine Scoring

2022-11-22 17:29:19 - [TEST_STEP][PASSED] - markPassed("Variasi data ke : " + no): Variasi data ke : 147

2022-11-22 17:29:19 - [MESSAGE][PASSED] - Variasi data ke : 147

2022-11-22 17:29:19 - [TEST_STEP][PASSED] - req_data = sendRequest(findTestObject("Search_ME", ["MID":MID, "source":source, "ip":ip, "userid":userid, "branch":branch, "tipekons":tipekons, "marital":marital, "penjamin":penjamin, ... ])): Send request successfully

2022-11-22 17:29:20 - [MESSAGE][INFO] - HAR: D:\DMS\Engine Scoring\Reports\20221122_171227\Exclude KKB - DS\Scoring Individu - DS\20221122_171227\requests\main\292.har

2022-11-22 17:29:20 - [MESSAGE][PASSED] - Send request successfully

2022-11-22 17:29:20 - [TEST_STEP][PASSED] - slurper = new groovy.json.JsonSlurper(): null

2022-11-22 17:29:20 - [TEST_STEP][PASSED] - result = slurper.parseText(req_data.getResponseBodyContent()): null

2022-11-22 17:29:20 - [TEST_STEP][PASSED] - reqid_kons = requestid1: null

2022-11-22 17:29:20 - [TEST_STEP][PASSED] - reqid_spouse = requestid2: null

2022-11-22 17:29:20 - [TEST_STEP][PASSED] - println("requestid kons : " + reqid_kons): null

2022-11-22 17:29:20 - [TEST_STEP][PASSED] - response_searchME_kons = reqid_kons: null

2022-11-22 17:29:20 - [TEST_STEP][PASSED] - response_searchME_spouse = reqid_spouse: null

2022-11-22 17:29:20 - [TEST_STEP][PASSED] - println("kons req id is :" + response_searchME_kons): null

2022-11-22 17:29:20 - [TEST_STEP][PASSED] - println("spouse req id is : " + response_searchME_spouse): null

2022-11-22 17:29:20 - [TEST_STEP][PASSED] - verifyResponseStatusCode(req_data, 200): Verify response status code successfully

2022-11-22 17:29:20 - [MESSAGE][PASSED] - Verify response status code successfully

2022-11-22 17:29:20 - [TEST_STEP][PASSED] - response = req_data.getResponseText(): null

2022-11-22 17:29:20 - [TEST_STEP][PASSED] - logInfo($response): {"status":"Done","data":{"requestid1":"242561","requestid2":""}}

2022-11-22 17:29:20 - [MESSAGE][INFO] - {"status":"Done","data":{"requestid1":"242561","requestid2":""}}

2022-11-22 17:29:20 - [TEST_STEP][PASSED] - delay(3): Delayed 3 second(s)

2022-11-22 17:29:23 - [MESSAGE][PASSED] - Delayed 3 second(s)

2022-11-22 17:29:23 - [TEST_STEP][PASSED] - scoring = sendRequest(findTestObject("EngineScore", ["response_searchME_kons":response_searchME_kons, "response_searchME_spouse":response_searchME_spouse])): Send request successfully

2022-11-22 17:29:23 - [MESSAGE][INFO] - HAR: D:\DMS\Engine Scoring\Reports\20221122_171227\Exclude KKB - DS\Scoring Individu - DS\20221122_171227\requests\main\293.har

2022-11-22 17:29:23 - [MESSAGE][PASSED] - Send request successfully

2022-11-22 17:29:23 - [TEST_STEP][PASSED] - verifyResponseStatusCode(scoring, 200): Verify response status code successfully

2022-11-22 17:29:23 - [MESSAGE][PASSED] - Verify response status code successfully

2022-11-22 17:29:23 - [TEST_STEP][PASSED] - response2 = scoring.getResponseText(): null

2022-11-22 17:29:23 - [TEST_STEP][PASSED] - markPassed("result service data ke : " + no): result service data ke : 147

2022-11-22 17:29:23 - [MESSAGE][PASSED] - result service data ke : 147

2022-11-22 17:29:23 - [TEST_STEP][PASSED] - logInfo($response2): {"result_konsumen":"Approve","result_pasangan":"","Final_result":"Approve","errorMessage":"","status":"Done"}

2022-11-22 17:29:23 - [MESSAGE][INFO] - {"result_konsumen":"Approve","result_pasangan":"","Final_result":"Approve","errorMessage":"","status":"Done"}

2022-11-22 17:29:23 - [TEST_STEP][PASSED] - verifyElementPropertyValue(scoring, "Final_result", final_result): Verify element property value successfully

2022-11-22 17:29:23 - [MESSAGE][PASSED] - Verify element property value successfully]]></system-out>
         <system-err><![CDATA[]]></system-err>
      </testcase>
      <testcase name="Test Cases/Engine_Scoring/Engine Scoring" time="5.198" classname="Test Cases/Engine_Scoring/Engine Scoring" status="PASSED">
         <system-out><![CDATA[2022-11-22 17:29:23 - [TEST_CASE][PASSED] - Test Cases/Engine_Scoring/Engine Scoring: Test Cases/Engine_Scoring/Engine Scoring

2022-11-22 17:29:24 - [TEST_STEP][PASSED] - markPassed("Variasi data ke : " + no): Variasi data ke : 148

2022-11-22 17:29:24 - [MESSAGE][PASSED] - Variasi data ke : 148

2022-11-22 17:29:24 - [TEST_STEP][PASSED] - req_data = sendRequest(findTestObject("Search_ME", ["MID":MID, "source":source, "ip":ip, "userid":userid, "branch":branch, "tipekons":tipekons, "marital":marital, "penjamin":penjamin, ... ])): Send request successfully

2022-11-22 17:29:25 - [MESSAGE][INFO] - HAR: D:\DMS\Engine Scoring\Reports\20221122_171227\Exclude KKB - DS\Scoring Individu - DS\20221122_171227\requests\main\294.har

2022-11-22 17:29:25 - [MESSAGE][PASSED] - Send request successfully

2022-11-22 17:29:25 - [TEST_STEP][PASSED] - slurper = new groovy.json.JsonSlurper(): null

2022-11-22 17:29:25 - [TEST_STEP][PASSED] - result = slurper.parseText(req_data.getResponseBodyContent()): null

2022-11-22 17:29:25 - [TEST_STEP][PASSED] - reqid_kons = requestid1: null

2022-11-22 17:29:25 - [TEST_STEP][PASSED] - reqid_spouse = requestid2: null

2022-11-22 17:29:25 - [TEST_STEP][PASSED] - println("requestid kons : " + reqid_kons): null

2022-11-22 17:29:25 - [TEST_STEP][PASSED] - response_searchME_kons = reqid_kons: null

2022-11-22 17:29:25 - [TEST_STEP][PASSED] - response_searchME_spouse = reqid_spouse: null

2022-11-22 17:29:25 - [TEST_STEP][PASSED] - println("kons req id is :" + response_searchME_kons): null

2022-11-22 17:29:25 - [TEST_STEP][PASSED] - println("spouse req id is : " + response_searchME_spouse): null

2022-11-22 17:29:25 - [TEST_STEP][PASSED] - verifyResponseStatusCode(req_data, 200): Verify response status code successfully

2022-11-22 17:29:25 - [MESSAGE][PASSED] - Verify response status code successfully

2022-11-22 17:29:25 - [TEST_STEP][PASSED] - response = req_data.getResponseText(): null

2022-11-22 17:29:25 - [TEST_STEP][PASSED] - logInfo($response): {"status":"Done","data":{"requestid1":"242562","requestid2":""}}

2022-11-22 17:29:25 - [MESSAGE][INFO] - {"status":"Done","data":{"requestid1":"242562","requestid2":""}}

2022-11-22 17:29:25 - [TEST_STEP][PASSED] - delay(3): Delayed 3 second(s)

2022-11-22 17:29:28 - [MESSAGE][PASSED] - Delayed 3 second(s)

2022-11-22 17:29:28 - [TEST_STEP][PASSED] - scoring = sendRequest(findTestObject("EngineScore", ["response_searchME_kons":response_searchME_kons, "response_searchME_spouse":response_searchME_spouse])): Send request successfully

2022-11-22 17:29:28 - [MESSAGE][INFO] - HAR: D:\DMS\Engine Scoring\Reports\20221122_171227\Exclude KKB - DS\Scoring Individu - DS\20221122_171227\requests\main\295.har

2022-11-22 17:29:28 - [MESSAGE][PASSED] - Send request successfully

2022-11-22 17:29:28 - [TEST_STEP][PASSED] - verifyResponseStatusCode(scoring, 200): Verify response status code successfully

2022-11-22 17:29:28 - [MESSAGE][PASSED] - Verify response status code successfully

2022-11-22 17:29:28 - [TEST_STEP][PASSED] - response2 = scoring.getResponseText(): null

2022-11-22 17:29:28 - [TEST_STEP][PASSED] - markPassed("result service data ke : " + no): result service data ke : 148

2022-11-22 17:29:28 - [MESSAGE][PASSED] - result service data ke : 148

2022-11-22 17:29:28 - [TEST_STEP][PASSED] - logInfo($response2): {"result_konsumen":"Approve","result_pasangan":"","Final_result":"Approve","errorMessage":"","status":"Done"}

2022-11-22 17:29:28 - [MESSAGE][INFO] - {"result_konsumen":"Approve","result_pasangan":"","Final_result":"Approve","errorMessage":"","status":"Done"}

2022-11-22 17:29:28 - [TEST_STEP][PASSED] - verifyElementPropertyValue(scoring, "Final_result", final_result): Verify element property value successfully

2022-11-22 17:29:28 - [MESSAGE][PASSED] - Verify element property value successfully]]></system-out>
         <system-err><![CDATA[]]></system-err>
      </testcase>
      <testcase name="Test Cases/Engine_Scoring/Engine Scoring" time="6.863" classname="Test Cases/Engine_Scoring/Engine Scoring" status="PASSED">
         <system-out><![CDATA[2022-11-22 17:29:28 - [TEST_CASE][PASSED] - Test Cases/Engine_Scoring/Engine Scoring: Test Cases/Engine_Scoring/Engine Scoring

2022-11-22 17:29:29 - [TEST_STEP][PASSED] - markPassed("Variasi data ke : " + no): Variasi data ke : 149

2022-11-22 17:29:29 - [MESSAGE][PASSED] - Variasi data ke : 149

2022-11-22 17:29:29 - [TEST_STEP][PASSED] - req_data = sendRequest(findTestObject("Search_ME", ["MID":MID, "source":source, "ip":ip, "userid":userid, "branch":branch, "tipekons":tipekons, "marital":marital, "penjamin":penjamin, ... ])): Send request successfully

2022-11-22 17:29:30 - [MESSAGE][INFO] - HAR: D:\DMS\Engine Scoring\Reports\20221122_171227\Exclude KKB - DS\Scoring Individu - DS\20221122_171227\requests\main\296.har

2022-11-22 17:29:30 - [MESSAGE][PASSED] - Send request successfully

2022-11-22 17:29:30 - [TEST_STEP][PASSED] - slurper = new groovy.json.JsonSlurper(): null

2022-11-22 17:29:30 - [TEST_STEP][PASSED] - result = slurper.parseText(req_data.getResponseBodyContent()): null

2022-11-22 17:29:30 - [TEST_STEP][PASSED] - reqid_kons = requestid1: null

2022-11-22 17:29:30 - [TEST_STEP][PASSED] - reqid_spouse = requestid2: null

2022-11-22 17:29:30 - [TEST_STEP][PASSED] - println("requestid kons : " + reqid_kons): null

2022-11-22 17:29:30 - [TEST_STEP][PASSED] - response_searchME_kons = reqid_kons: null

2022-11-22 17:29:30 - [TEST_STEP][PASSED] - response_searchME_spouse = reqid_spouse: null

2022-11-22 17:29:30 - [TEST_STEP][PASSED] - println("kons req id is :" + response_searchME_kons): null

2022-11-22 17:29:30 - [TEST_STEP][PASSED] - println("spouse req id is : " + response_searchME_spouse): null

2022-11-22 17:29:30 - [TEST_STEP][PASSED] - verifyResponseStatusCode(req_data, 200): Verify response status code successfully

2022-11-22 17:29:30 - [MESSAGE][PASSED] - Verify response status code successfully

2022-11-22 17:29:30 - [TEST_STEP][PASSED] - response = req_data.getResponseText(): null

2022-11-22 17:29:30 - [TEST_STEP][PASSED] - logInfo($response): {"status":"Done","data":{"requestid1":"242563","requestid2":""}}

2022-11-22 17:29:30 - [MESSAGE][INFO] - {"status":"Done","data":{"requestid1":"242563","requestid2":""}}

2022-11-22 17:29:30 - [TEST_STEP][PASSED] - delay(3): Delayed 3 second(s)

2022-11-22 17:29:33 - [MESSAGE][PASSED] - Delayed 3 second(s)

2022-11-22 17:29:33 - [TEST_STEP][PASSED] - scoring = sendRequest(findTestObject("EngineScore", ["response_searchME_kons":response_searchME_kons, "response_searchME_spouse":response_searchME_spouse])): Send request successfully

2022-11-22 17:29:35 - [MESSAGE][INFO] - HAR: D:\DMS\Engine Scoring\Reports\20221122_171227\Exclude KKB - DS\Scoring Individu - DS\20221122_171227\requests\main\297.har

2022-11-22 17:29:35 - [MESSAGE][PASSED] - Send request successfully

2022-11-22 17:29:35 - [TEST_STEP][PASSED] - verifyResponseStatusCode(scoring, 200): Verify response status code successfully

2022-11-22 17:29:35 - [MESSAGE][PASSED] - Verify response status code successfully

2022-11-22 17:29:35 - [TEST_STEP][PASSED] - response2 = scoring.getResponseText(): null

2022-11-22 17:29:35 - [TEST_STEP][PASSED] - markPassed("result service data ke : " + no): result service data ke : 149

2022-11-22 17:29:35 - [MESSAGE][PASSED] - result service data ke : 149

2022-11-22 17:29:35 - [TEST_STEP][PASSED] - logInfo($response2): {"result_konsumen":"Reject","result_pasangan":"","Final_result":"Reject","errorMessage":"","status":"Done"}

2022-11-22 17:29:35 - [MESSAGE][INFO] - {"result_konsumen":"Reject","result_pasangan":"","Final_result":"Reject","errorMessage":"","status":"Done"}

2022-11-22 17:29:35 - [TEST_STEP][PASSED] - verifyElementPropertyValue(scoring, "Final_result", final_result): Verify element property value successfully

2022-11-22 17:29:35 - [MESSAGE][PASSED] - Verify element property value successfully]]></system-out>
         <system-err><![CDATA[]]></system-err>
      </testcase>
      <testcase name="Test Cases/Engine_Scoring/Engine Scoring" time="5.414" classname="Test Cases/Engine_Scoring/Engine Scoring" status="PASSED">
         <system-out><![CDATA[2022-11-22 17:29:35 - [TEST_CASE][PASSED] - Test Cases/Engine_Scoring/Engine Scoring: Test Cases/Engine_Scoring/Engine Scoring

2022-11-22 17:29:36 - [TEST_STEP][PASSED] - markPassed("Variasi data ke : " + no): Variasi data ke : 150

2022-11-22 17:29:36 - [MESSAGE][PASSED] - Variasi data ke : 150

2022-11-22 17:29:36 - [TEST_STEP][PASSED] - req_data = sendRequest(findTestObject("Search_ME", ["MID":MID, "source":source, "ip":ip, "userid":userid, "branch":branch, "tipekons":tipekons, "marital":marital, "penjamin":penjamin, ... ])): Send request successfully

2022-11-22 17:29:37 - [MESSAGE][INFO] - HAR: D:\DMS\Engine Scoring\Reports\20221122_171227\Exclude KKB - DS\Scoring Individu - DS\20221122_171227\requests\main\298.har

2022-11-22 17:29:37 - [MESSAGE][PASSED] - Send request successfully

2022-11-22 17:29:37 - [TEST_STEP][PASSED] - slurper = new groovy.json.JsonSlurper(): null

2022-11-22 17:29:37 - [TEST_STEP][PASSED] - result = slurper.parseText(req_data.getResponseBodyContent()): null

2022-11-22 17:29:37 - [TEST_STEP][PASSED] - reqid_kons = requestid1: null

2022-11-22 17:29:37 - [TEST_STEP][PASSED] - reqid_spouse = requestid2: null

2022-11-22 17:29:37 - [TEST_STEP][PASSED] - println("requestid kons : " + reqid_kons): null

2022-11-22 17:29:37 - [TEST_STEP][PASSED] - response_searchME_kons = reqid_kons: null

2022-11-22 17:29:37 - [TEST_STEP][PASSED] - response_searchME_spouse = reqid_spouse: null

2022-11-22 17:29:37 - [TEST_STEP][PASSED] - println("kons req id is :" + response_searchME_kons): null

2022-11-22 17:29:37 - [TEST_STEP][PASSED] - println("spouse req id is : " + response_searchME_spouse): null

2022-11-22 17:29:37 - [TEST_STEP][PASSED] - verifyResponseStatusCode(req_data, 200): Verify response status code successfully

2022-11-22 17:29:37 - [MESSAGE][PASSED] - Verify response status code successfully

2022-11-22 17:29:37 - [TEST_STEP][PASSED] - response = req_data.getResponseText(): null

2022-11-22 17:29:37 - [TEST_STEP][PASSED] - logInfo($response): {"status":"Done","data":{"requestid1":"242564","requestid2":""}}

2022-11-22 17:29:37 - [MESSAGE][INFO] - {"status":"Done","data":{"requestid1":"242564","requestid2":""}}

2022-11-22 17:29:37 - [TEST_STEP][PASSED] - delay(3): Delayed 3 second(s)

2022-11-22 17:29:41 - [MESSAGE][PASSED] - Delayed 3 second(s)

2022-11-22 17:29:41 - [TEST_STEP][PASSED] - scoring = sendRequest(findTestObject("EngineScore", ["response_searchME_kons":response_searchME_kons, "response_searchME_spouse":response_searchME_spouse])): Send request successfully

2022-11-22 17:29:41 - [MESSAGE][INFO] - HAR: D:\DMS\Engine Scoring\Reports\20221122_171227\Exclude KKB - DS\Scoring Individu - DS\20221122_171227\requests\main\299.har

2022-11-22 17:29:41 - [MESSAGE][PASSED] - Send request successfully

2022-11-22 17:29:41 - [TEST_STEP][PASSED] - verifyResponseStatusCode(scoring, 200): Verify response status code successfully

2022-11-22 17:29:41 - [MESSAGE][PASSED] - Verify response status code successfully

2022-11-22 17:29:41 - [TEST_STEP][PASSED] - response2 = scoring.getResponseText(): null

2022-11-22 17:29:41 - [TEST_STEP][PASSED] - markPassed("result service data ke : " + no): result service data ke : 150

2022-11-22 17:29:41 - [MESSAGE][PASSED] - result service data ke : 150

2022-11-22 17:29:41 - [TEST_STEP][PASSED] - logInfo($response2): {"result_konsumen":"Reject","result_pasangan":"","Final_result":"Reject","errorMessage":"","status":"Done"}

2022-11-22 17:29:41 - [MESSAGE][INFO] - {"result_konsumen":"Reject","result_pasangan":"","Final_result":"Reject","errorMessage":"","status":"Done"}

2022-11-22 17:29:41 - [TEST_STEP][PASSED] - verifyElementPropertyValue(scoring, "Final_result", final_result): Verify element property value successfully

2022-11-22 17:29:41 - [MESSAGE][PASSED] - Verify element property value successfully]]></system-out>
         <system-err><![CDATA[]]></system-err>
      </testcase>
      <testcase name="Test Cases/Engine_Scoring/Engine Scoring" time="5.251" classname="Test Cases/Engine_Scoring/Engine Scoring" status="PASSED">
         <system-out><![CDATA[2022-11-22 17:29:41 - [TEST_CASE][PASSED] - Test Cases/Engine_Scoring/Engine Scoring: Test Cases/Engine_Scoring/Engine Scoring

2022-11-22 17:29:42 - [TEST_STEP][PASSED] - markPassed("Variasi data ke : " + no): Variasi data ke : 151

2022-11-22 17:29:42 - [MESSAGE][PASSED] - Variasi data ke : 151

2022-11-22 17:29:42 - [TEST_STEP][PASSED] - req_data = sendRequest(findTestObject("Search_ME", ["MID":MID, "source":source, "ip":ip, "userid":userid, "branch":branch, "tipekons":tipekons, "marital":marital, "penjamin":penjamin, ... ])): Send request successfully

2022-11-22 17:29:43 - [MESSAGE][INFO] - HAR: D:\DMS\Engine Scoring\Reports\20221122_171227\Exclude KKB - DS\Scoring Individu - DS\20221122_171227\requests\main\300.har

2022-11-22 17:29:43 - [MESSAGE][PASSED] - Send request successfully

2022-11-22 17:29:43 - [TEST_STEP][PASSED] - slurper = new groovy.json.JsonSlurper(): null

2022-11-22 17:29:43 - [TEST_STEP][PASSED] - result = slurper.parseText(req_data.getResponseBodyContent()): null

2022-11-22 17:29:43 - [TEST_STEP][PASSED] - reqid_kons = requestid1: null

2022-11-22 17:29:43 - [TEST_STEP][PASSED] - reqid_spouse = requestid2: null

2022-11-22 17:29:43 - [TEST_STEP][PASSED] - println("requestid kons : " + reqid_kons): null

2022-11-22 17:29:43 - [TEST_STEP][PASSED] - response_searchME_kons = reqid_kons: null

2022-11-22 17:29:43 - [TEST_STEP][PASSED] - response_searchME_spouse = reqid_spouse: null

2022-11-22 17:29:43 - [TEST_STEP][PASSED] - println("kons req id is :" + response_searchME_kons): null

2022-11-22 17:29:43 - [TEST_STEP][PASSED] - println("spouse req id is : " + response_searchME_spouse): null

2022-11-22 17:29:43 - [TEST_STEP][PASSED] - verifyResponseStatusCode(req_data, 200): Verify response status code successfully

2022-11-22 17:29:43 - [MESSAGE][PASSED] - Verify response status code successfully

2022-11-22 17:29:43 - [TEST_STEP][PASSED] - response = req_data.getResponseText(): null

2022-11-22 17:29:43 - [TEST_STEP][PASSED] - logInfo($response): {"status":"Done","data":{"requestid1":"242565","requestid2":""}}

2022-11-22 17:29:43 - [MESSAGE][INFO] - {"status":"Done","data":{"requestid1":"242565","requestid2":""}}

2022-11-22 17:29:43 - [TEST_STEP][PASSED] - delay(3): Delayed 3 second(s)

2022-11-22 17:29:46 - [MESSAGE][PASSED] - Delayed 3 second(s)

2022-11-22 17:29:46 - [TEST_STEP][PASSED] - scoring = sendRequest(findTestObject("EngineScore", ["response_searchME_kons":response_searchME_kons, "response_searchME_spouse":response_searchME_spouse])): Send request successfully

2022-11-22 17:29:46 - [MESSAGE][INFO] - HAR: D:\DMS\Engine Scoring\Reports\20221122_171227\Exclude KKB - DS\Scoring Individu - DS\20221122_171227\requests\main\301.har

2022-11-22 17:29:46 - [MESSAGE][PASSED] - Send request successfully

2022-11-22 17:29:46 - [TEST_STEP][PASSED] - verifyResponseStatusCode(scoring, 200): Verify response status code successfully

2022-11-22 17:29:46 - [MESSAGE][PASSED] - Verify response status code successfully

2022-11-22 17:29:46 - [TEST_STEP][PASSED] - response2 = scoring.getResponseText(): null

2022-11-22 17:29:46 - [TEST_STEP][PASSED] - markPassed("result service data ke : " + no): result service data ke : 151

2022-11-22 17:29:46 - [MESSAGE][PASSED] - result service data ke : 151

2022-11-22 17:29:46 - [TEST_STEP][PASSED] - logInfo($response2): {"result_konsumen":"Reguler","result_pasangan":"","Final_result":"Reguler","errorMessage":"","status":"Done"}

2022-11-22 17:29:46 - [MESSAGE][INFO] - {"result_konsumen":"Reguler","result_pasangan":"","Final_result":"Reguler","errorMessage":"","status":"Done"}

2022-11-22 17:29:46 - [TEST_STEP][PASSED] - verifyElementPropertyValue(scoring, "Final_result", final_result): Verify element property value successfully

2022-11-22 17:29:46 - [MESSAGE][PASSED] - Verify element property value successfully]]></system-out>
         <system-err><![CDATA[]]></system-err>
      </testcase>
      <testcase name="Test Cases/Engine_Scoring/Engine Scoring" time="5.518" classname="Test Cases/Engine_Scoring/Engine Scoring" status="PASSED">
         <system-out><![CDATA[2022-11-22 17:29:46 - [TEST_CASE][PASSED] - Test Cases/Engine_Scoring/Engine Scoring: Test Cases/Engine_Scoring/Engine Scoring

2022-11-22 17:29:47 - [TEST_STEP][PASSED] - markPassed("Variasi data ke : " + no): Variasi data ke : 152

2022-11-22 17:29:47 - [MESSAGE][PASSED] - Variasi data ke : 152

2022-11-22 17:29:47 - [TEST_STEP][PASSED] - req_data = sendRequest(findTestObject("Search_ME", ["MID":MID, "source":source, "ip":ip, "userid":userid, "branch":branch, "tipekons":tipekons, "marital":marital, "penjamin":penjamin, ... ])): Send request successfully

2022-11-22 17:29:48 - [MESSAGE][INFO] - HAR: D:\DMS\Engine Scoring\Reports\20221122_171227\Exclude KKB - DS\Scoring Individu - DS\20221122_171227\requests\main\302.har

2022-11-22 17:29:48 - [MESSAGE][PASSED] - Send request successfully

2022-11-22 17:29:48 - [TEST_STEP][PASSED] - slurper = new groovy.json.JsonSlurper(): null

2022-11-22 17:29:48 - [TEST_STEP][PASSED] - result = slurper.parseText(req_data.getResponseBodyContent()): null

2022-11-22 17:29:48 - [TEST_STEP][PASSED] - reqid_kons = requestid1: null

2022-11-22 17:29:48 - [TEST_STEP][PASSED] - reqid_spouse = requestid2: null

2022-11-22 17:29:48 - [TEST_STEP][PASSED] - println("requestid kons : " + reqid_kons): null

2022-11-22 17:29:48 - [TEST_STEP][PASSED] - response_searchME_kons = reqid_kons: null

2022-11-22 17:29:48 - [TEST_STEP][PASSED] - response_searchME_spouse = reqid_spouse: null

2022-11-22 17:29:48 - [TEST_STEP][PASSED] - println("kons req id is :" + response_searchME_kons): null

2022-11-22 17:29:48 - [TEST_STEP][PASSED] - println("spouse req id is : " + response_searchME_spouse): null

2022-11-22 17:29:48 - [TEST_STEP][PASSED] - verifyResponseStatusCode(req_data, 200): Verify response status code successfully

2022-11-22 17:29:48 - [MESSAGE][PASSED] - Verify response status code successfully

2022-11-22 17:29:48 - [TEST_STEP][PASSED] - response = req_data.getResponseText(): null

2022-11-22 17:29:48 - [TEST_STEP][PASSED] - logInfo($response): {"status":"Done","data":{"requestid1":"242566","requestid2":""}}

2022-11-22 17:29:48 - [MESSAGE][INFO] - {"status":"Done","data":{"requestid1":"242566","requestid2":""}}

2022-11-22 17:29:48 - [TEST_STEP][PASSED] - delay(3): Delayed 3 second(s)

2022-11-22 17:29:51 - [MESSAGE][PASSED] - Delayed 3 second(s)

2022-11-22 17:29:51 - [TEST_STEP][PASSED] - scoring = sendRequest(findTestObject("EngineScore", ["response_searchME_kons":response_searchME_kons, "response_searchME_spouse":response_searchME_spouse])): Send request successfully

2022-11-22 17:29:51 - [MESSAGE][INFO] - HAR: D:\DMS\Engine Scoring\Reports\20221122_171227\Exclude KKB - DS\Scoring Individu - DS\20221122_171227\requests\main\303.har

2022-11-22 17:29:51 - [MESSAGE][PASSED] - Send request successfully

2022-11-22 17:29:51 - [TEST_STEP][PASSED] - verifyResponseStatusCode(scoring, 200): Verify response status code successfully

2022-11-22 17:29:51 - [MESSAGE][PASSED] - Verify response status code successfully

2022-11-22 17:29:51 - [TEST_STEP][PASSED] - response2 = scoring.getResponseText(): null

2022-11-22 17:29:51 - [TEST_STEP][PASSED] - markPassed("result service data ke : " + no): result service data ke : 152

2022-11-22 17:29:51 - [MESSAGE][PASSED] - result service data ke : 152

2022-11-22 17:29:51 - [TEST_STEP][PASSED] - logInfo($response2): {"result_konsumen":"Reguler","result_pasangan":"","Final_result":"Reguler","errorMessage":"","status":"Done"}

2022-11-22 17:29:51 - [MESSAGE][INFO] - {"result_konsumen":"Reguler","result_pasangan":"","Final_result":"Reguler","errorMessage":"","status":"Done"}

2022-11-22 17:29:51 - [TEST_STEP][PASSED] - verifyElementPropertyValue(scoring, "Final_result", final_result): Verify element property value successfully

2022-11-22 17:29:52 - [MESSAGE][PASSED] - Verify element property value successfully]]></system-out>
         <system-err><![CDATA[]]></system-err>
      </testcase>
      <testcase name="Test Cases/Engine_Scoring/Engine Scoring" time="5.496" classname="Test Cases/Engine_Scoring/Engine Scoring" status="PASSED">
         <system-out><![CDATA[2022-11-22 17:29:52 - [TEST_CASE][PASSED] - Test Cases/Engine_Scoring/Engine Scoring: Test Cases/Engine_Scoring/Engine Scoring

2022-11-22 17:29:53 - [TEST_STEP][PASSED] - markPassed("Variasi data ke : " + no): Variasi data ke : 153

2022-11-22 17:29:53 - [MESSAGE][PASSED] - Variasi data ke : 153

2022-11-22 17:29:53 - [TEST_STEP][PASSED] - req_data = sendRequest(findTestObject("Search_ME", ["MID":MID, "source":source, "ip":ip, "userid":userid, "branch":branch, "tipekons":tipekons, "marital":marital, "penjamin":penjamin, ... ])): Send request successfully

2022-11-22 17:29:54 - [MESSAGE][INFO] - HAR: D:\DMS\Engine Scoring\Reports\20221122_171227\Exclude KKB - DS\Scoring Individu - DS\20221122_171227\requests\main\304.har

2022-11-22 17:29:54 - [MESSAGE][PASSED] - Send request successfully

2022-11-22 17:29:54 - [TEST_STEP][PASSED] - slurper = new groovy.json.JsonSlurper(): null

2022-11-22 17:29:54 - [TEST_STEP][PASSED] - result = slurper.parseText(req_data.getResponseBodyContent()): null

2022-11-22 17:29:54 - [TEST_STEP][PASSED] - reqid_kons = requestid1: null

2022-11-22 17:29:54 - [TEST_STEP][PASSED] - reqid_spouse = requestid2: null

2022-11-22 17:29:54 - [TEST_STEP][PASSED] - println("requestid kons : " + reqid_kons): null

2022-11-22 17:29:54 - [TEST_STEP][PASSED] - response_searchME_kons = reqid_kons: null

2022-11-22 17:29:54 - [TEST_STEP][PASSED] - response_searchME_spouse = reqid_spouse: null

2022-11-22 17:29:54 - [TEST_STEP][PASSED] - println("kons req id is :" + response_searchME_kons): null

2022-11-22 17:29:54 - [TEST_STEP][PASSED] - println("spouse req id is : " + response_searchME_spouse): null

2022-11-22 17:29:54 - [TEST_STEP][PASSED] - verifyResponseStatusCode(req_data, 200): Verify response status code successfully

2022-11-22 17:29:54 - [MESSAGE][PASSED] - Verify response status code successfully

2022-11-22 17:29:54 - [TEST_STEP][PASSED] - response = req_data.getResponseText(): null

2022-11-22 17:29:54 - [TEST_STEP][PASSED] - logInfo($response): {"status":"Done","data":{"requestid1":"242567","requestid2":""}}

2022-11-22 17:29:54 - [MESSAGE][INFO] - {"status":"Done","data":{"requestid1":"242567","requestid2":""}}

2022-11-22 17:29:54 - [TEST_STEP][PASSED] - delay(3): Delayed 3 second(s)

2022-11-22 17:29:57 - [MESSAGE][PASSED] - Delayed 3 second(s)

2022-11-22 17:29:57 - [TEST_STEP][PASSED] - scoring = sendRequest(findTestObject("EngineScore", ["response_searchME_kons":response_searchME_kons, "response_searchME_spouse":response_searchME_spouse])): Send request successfully

2022-11-22 17:29:57 - [MESSAGE][INFO] - HAR: D:\DMS\Engine Scoring\Reports\20221122_171227\Exclude KKB - DS\Scoring Individu - DS\20221122_171227\requests\main\305.har

2022-11-22 17:29:57 - [MESSAGE][PASSED] - Send request successfully

2022-11-22 17:29:57 - [TEST_STEP][PASSED] - verifyResponseStatusCode(scoring, 200): Verify response status code successfully

2022-11-22 17:29:57 - [MESSAGE][PASSED] - Verify response status code successfully

2022-11-22 17:29:57 - [TEST_STEP][PASSED] - response2 = scoring.getResponseText(): null

2022-11-22 17:29:57 - [TEST_STEP][PASSED] - markPassed("result service data ke : " + no): result service data ke : 153

2022-11-22 17:29:57 - [MESSAGE][PASSED] - result service data ke : 153

2022-11-22 17:29:57 - [TEST_STEP][PASSED] - logInfo($response2): {"result_konsumen":"Reguler","result_pasangan":"","Final_result":"Reguler","errorMessage":"","status":"Done"}

2022-11-22 17:29:57 - [MESSAGE][INFO] - {"result_konsumen":"Reguler","result_pasangan":"","Final_result":"Reguler","errorMessage":"","status":"Done"}

2022-11-22 17:29:57 - [TEST_STEP][PASSED] - verifyElementPropertyValue(scoring, "Final_result", final_result): Verify element property value successfully

2022-11-22 17:29:57 - [MESSAGE][PASSED] - Verify element property value successfully]]></system-out>
         <system-err><![CDATA[]]></system-err>
      </testcase>
      <testcase name="Test Cases/Engine_Scoring/Engine Scoring" time="5.384" classname="Test Cases/Engine_Scoring/Engine Scoring" status="PASSED">
         <system-out><![CDATA[2022-11-22 17:29:57 - [TEST_CASE][PASSED] - Test Cases/Engine_Scoring/Engine Scoring: Test Cases/Engine_Scoring/Engine Scoring

2022-11-22 17:29:58 - [TEST_STEP][PASSED] - markPassed("Variasi data ke : " + no): Variasi data ke : 154

2022-11-22 17:29:58 - [MESSAGE][PASSED] - Variasi data ke : 154

2022-11-22 17:29:58 - [TEST_STEP][PASSED] - req_data = sendRequest(findTestObject("Search_ME", ["MID":MID, "source":source, "ip":ip, "userid":userid, "branch":branch, "tipekons":tipekons, "marital":marital, "penjamin":penjamin, ... ])): Send request successfully

2022-11-22 17:29:59 - [MESSAGE][INFO] - HAR: D:\DMS\Engine Scoring\Reports\20221122_171227\Exclude KKB - DS\Scoring Individu - DS\20221122_171227\requests\main\306.har

2022-11-22 17:29:59 - [MESSAGE][PASSED] - Send request successfully

2022-11-22 17:29:59 - [TEST_STEP][PASSED] - slurper = new groovy.json.JsonSlurper(): null

2022-11-22 17:29:59 - [TEST_STEP][PASSED] - result = slurper.parseText(req_data.getResponseBodyContent()): null

2022-11-22 17:29:59 - [TEST_STEP][PASSED] - reqid_kons = requestid1: null

2022-11-22 17:29:59 - [TEST_STEP][PASSED] - reqid_spouse = requestid2: null

2022-11-22 17:29:59 - [TEST_STEP][PASSED] - println("requestid kons : " + reqid_kons): null

2022-11-22 17:29:59 - [TEST_STEP][PASSED] - response_searchME_kons = reqid_kons: null

2022-11-22 17:29:59 - [TEST_STEP][PASSED] - response_searchME_spouse = reqid_spouse: null

2022-11-22 17:29:59 - [TEST_STEP][PASSED] - println("kons req id is :" + response_searchME_kons): null

2022-11-22 17:29:59 - [TEST_STEP][PASSED] - println("spouse req id is : " + response_searchME_spouse): null

2022-11-22 17:29:59 - [TEST_STEP][PASSED] - verifyResponseStatusCode(req_data, 200): Verify response status code successfully

2022-11-22 17:29:59 - [MESSAGE][PASSED] - Verify response status code successfully

2022-11-22 17:29:59 - [TEST_STEP][PASSED] - response = req_data.getResponseText(): null

2022-11-22 17:29:59 - [TEST_STEP][PASSED] - logInfo($response): {"status":"Done","data":{"requestid1":"242568","requestid2":""}}

2022-11-22 17:29:59 - [MESSAGE][INFO] - {"status":"Done","data":{"requestid1":"242568","requestid2":""}}

2022-11-22 17:29:59 - [TEST_STEP][PASSED] - delay(3): Delayed 3 second(s)

2022-11-22 17:30:02 - [MESSAGE][PASSED] - Delayed 3 second(s)

2022-11-22 17:30:02 - [TEST_STEP][PASSED] - scoring = sendRequest(findTestObject("EngineScore", ["response_searchME_kons":response_searchME_kons, "response_searchME_spouse":response_searchME_spouse])): Send request successfully

2022-11-22 17:30:03 - [MESSAGE][INFO] - HAR: D:\DMS\Engine Scoring\Reports\20221122_171227\Exclude KKB - DS\Scoring Individu - DS\20221122_171227\requests\main\307.har

2022-11-22 17:30:03 - [MESSAGE][PASSED] - Send request successfully

2022-11-22 17:30:03 - [TEST_STEP][PASSED] - verifyResponseStatusCode(scoring, 200): Verify response status code successfully

2022-11-22 17:30:03 - [MESSAGE][PASSED] - Verify response status code successfully

2022-11-22 17:30:03 - [TEST_STEP][PASSED] - response2 = scoring.getResponseText(): null

2022-11-22 17:30:03 - [TEST_STEP][PASSED] - markPassed("result service data ke : " + no): result service data ke : 154

2022-11-22 17:30:03 - [MESSAGE][PASSED] - result service data ke : 154

2022-11-22 17:30:03 - [TEST_STEP][PASSED] - logInfo($response2): {"result_konsumen":"Reguler","result_pasangan":"","Final_result":"Reguler","errorMessage":"","status":"Done"}

2022-11-22 17:30:03 - [MESSAGE][INFO] - {"result_konsumen":"Reguler","result_pasangan":"","Final_result":"Reguler","errorMessage":"","status":"Done"}

2022-11-22 17:30:03 - [TEST_STEP][PASSED] - verifyElementPropertyValue(scoring, "Final_result", final_result): Verify element property value successfully

2022-11-22 17:30:03 - [MESSAGE][PASSED] - Verify element property value successfully]]></system-out>
         <system-err><![CDATA[]]></system-err>
      </testcase>
      <testcase name="Test Cases/Engine_Scoring/Engine Scoring" time="5.652" classname="Test Cases/Engine_Scoring/Engine Scoring" status="PASSED">
         <system-out><![CDATA[2022-11-22 17:30:03 - [TEST_CASE][PASSED] - Test Cases/Engine_Scoring/Engine Scoring: Test Cases/Engine_Scoring/Engine Scoring

2022-11-22 17:30:04 - [TEST_STEP][PASSED] - markPassed("Variasi data ke : " + no): Variasi data ke : 155

2022-11-22 17:30:04 - [MESSAGE][PASSED] - Variasi data ke : 155

2022-11-22 17:30:04 - [TEST_STEP][PASSED] - req_data = sendRequest(findTestObject("Search_ME", ["MID":MID, "source":source, "ip":ip, "userid":userid, "branch":branch, "tipekons":tipekons, "marital":marital, "penjamin":penjamin, ... ])): Send request successfully

2022-11-22 17:30:05 - [MESSAGE][INFO] - HAR: D:\DMS\Engine Scoring\Reports\20221122_171227\Exclude KKB - DS\Scoring Individu - DS\20221122_171227\requests\main\308.har

2022-11-22 17:30:05 - [MESSAGE][PASSED] - Send request successfully

2022-11-22 17:30:05 - [TEST_STEP][PASSED] - slurper = new groovy.json.JsonSlurper(): null

2022-11-22 17:30:05 - [TEST_STEP][PASSED] - result = slurper.parseText(req_data.getResponseBodyContent()): null

2022-11-22 17:30:05 - [TEST_STEP][PASSED] - reqid_kons = requestid1: null

2022-11-22 17:30:05 - [TEST_STEP][PASSED] - reqid_spouse = requestid2: null

2022-11-22 17:30:05 - [TEST_STEP][PASSED] - println("requestid kons : " + reqid_kons): null

2022-11-22 17:30:05 - [TEST_STEP][PASSED] - response_searchME_kons = reqid_kons: null

2022-11-22 17:30:05 - [TEST_STEP][PASSED] - response_searchME_spouse = reqid_spouse: null

2022-11-22 17:30:05 - [TEST_STEP][PASSED] - println("kons req id is :" + response_searchME_kons): null

2022-11-22 17:30:05 - [TEST_STEP][PASSED] - println("spouse req id is : " + response_searchME_spouse): null

2022-11-22 17:30:05 - [TEST_STEP][PASSED] - verifyResponseStatusCode(req_data, 200): Verify response status code successfully

2022-11-22 17:30:05 - [MESSAGE][PASSED] - Verify response status code successfully

2022-11-22 17:30:05 - [TEST_STEP][PASSED] - response = req_data.getResponseText(): null

2022-11-22 17:30:05 - [TEST_STEP][PASSED] - logInfo($response): {"status":"Done","data":{"requestid1":"242569","requestid2":""}}

2022-11-22 17:30:05 - [MESSAGE][INFO] - {"status":"Done","data":{"requestid1":"242569","requestid2":""}}

2022-11-22 17:30:05 - [TEST_STEP][PASSED] - delay(3): Delayed 3 second(s)

2022-11-22 17:30:08 - [MESSAGE][PASSED] - Delayed 3 second(s)

2022-11-22 17:30:08 - [TEST_STEP][PASSED] - scoring = sendRequest(findTestObject("EngineScore", ["response_searchME_kons":response_searchME_kons, "response_searchME_spouse":response_searchME_spouse])): Send request successfully

2022-11-22 17:30:08 - [MESSAGE][INFO] - HAR: D:\DMS\Engine Scoring\Reports\20221122_171227\Exclude KKB - DS\Scoring Individu - DS\20221122_171227\requests\main\309.har

2022-11-22 17:30:08 - [MESSAGE][PASSED] - Send request successfully

2022-11-22 17:30:08 - [TEST_STEP][PASSED] - verifyResponseStatusCode(scoring, 200): Verify response status code successfully

2022-11-22 17:30:08 - [MESSAGE][PASSED] - Verify response status code successfully

2022-11-22 17:30:08 - [TEST_STEP][PASSED] - response2 = scoring.getResponseText(): null

2022-11-22 17:30:08 - [TEST_STEP][PASSED] - markPassed("result service data ke : " + no): result service data ke : 155

2022-11-22 17:30:08 - [MESSAGE][PASSED] - result service data ke : 155

2022-11-22 17:30:08 - [TEST_STEP][PASSED] - logInfo($response2): {"result_konsumen":"Reguler","result_pasangan":"","Final_result":"Reguler","errorMessage":"","status":"Done"}

2022-11-22 17:30:08 - [MESSAGE][INFO] - {"result_konsumen":"Reguler","result_pasangan":"","Final_result":"Reguler","errorMessage":"","status":"Done"}

2022-11-22 17:30:08 - [TEST_STEP][PASSED] - verifyElementPropertyValue(scoring, "Final_result", final_result): Verify element property value successfully

2022-11-22 17:30:08 - [MESSAGE][PASSED] - Verify element property value successfully]]></system-out>
         <system-err><![CDATA[]]></system-err>
      </testcase>
      <testcase name="Test Cases/Engine_Scoring/Engine Scoring" time="5.238" classname="Test Cases/Engine_Scoring/Engine Scoring" status="PASSED">
         <system-out><![CDATA[2022-11-22 17:30:08 - [TEST_CASE][PASSED] - Test Cases/Engine_Scoring/Engine Scoring: Test Cases/Engine_Scoring/Engine Scoring

2022-11-22 17:30:09 - [TEST_STEP][PASSED] - markPassed("Variasi data ke : " + no): Variasi data ke : 156

2022-11-22 17:30:09 - [MESSAGE][PASSED] - Variasi data ke : 156

2022-11-22 17:30:09 - [TEST_STEP][PASSED] - req_data = sendRequest(findTestObject("Search_ME", ["MID":MID, "source":source, "ip":ip, "userid":userid, "branch":branch, "tipekons":tipekons, "marital":marital, "penjamin":penjamin, ... ])): Send request successfully

2022-11-22 17:30:10 - [MESSAGE][INFO] - HAR: D:\DMS\Engine Scoring\Reports\20221122_171227\Exclude KKB - DS\Scoring Individu - DS\20221122_171227\requests\main\310.har

2022-11-22 17:30:10 - [MESSAGE][PASSED] - Send request successfully

2022-11-22 17:30:10 - [TEST_STEP][PASSED] - slurper = new groovy.json.JsonSlurper(): null

2022-11-22 17:30:10 - [TEST_STEP][PASSED] - result = slurper.parseText(req_data.getResponseBodyContent()): null

2022-11-22 17:30:10 - [TEST_STEP][PASSED] - reqid_kons = requestid1: null

2022-11-22 17:30:10 - [TEST_STEP][PASSED] - reqid_spouse = requestid2: null

2022-11-22 17:30:10 - [TEST_STEP][PASSED] - println("requestid kons : " + reqid_kons): null

2022-11-22 17:30:10 - [TEST_STEP][PASSED] - response_searchME_kons = reqid_kons: null

2022-11-22 17:30:10 - [TEST_STEP][PASSED] - response_searchME_spouse = reqid_spouse: null

2022-11-22 17:30:10 - [TEST_STEP][PASSED] - println("kons req id is :" + response_searchME_kons): null

2022-11-22 17:30:10 - [TEST_STEP][PASSED] - println("spouse req id is : " + response_searchME_spouse): null

2022-11-22 17:30:10 - [TEST_STEP][PASSED] - verifyResponseStatusCode(req_data, 200): Verify response status code successfully

2022-11-22 17:30:10 - [MESSAGE][PASSED] - Verify response status code successfully

2022-11-22 17:30:10 - [TEST_STEP][PASSED] - response = req_data.getResponseText(): null

2022-11-22 17:30:10 - [TEST_STEP][PASSED] - logInfo($response): {"status":"Done","data":{"requestid1":"242570","requestid2":""}}

2022-11-22 17:30:10 - [MESSAGE][INFO] - {"status":"Done","data":{"requestid1":"242570","requestid2":""}}

2022-11-22 17:30:10 - [TEST_STEP][PASSED] - delay(3): Delayed 3 second(s)

2022-11-22 17:30:13 - [MESSAGE][PASSED] - Delayed 3 second(s)

2022-11-22 17:30:13 - [TEST_STEP][PASSED] - scoring = sendRequest(findTestObject("EngineScore", ["response_searchME_kons":response_searchME_kons, "response_searchME_spouse":response_searchME_spouse])): Send request successfully

2022-11-22 17:30:14 - [MESSAGE][INFO] - HAR: D:\DMS\Engine Scoring\Reports\20221122_171227\Exclude KKB - DS\Scoring Individu - DS\20221122_171227\requests\main\311.har

2022-11-22 17:30:14 - [MESSAGE][PASSED] - Send request successfully

2022-11-22 17:30:14 - [TEST_STEP][PASSED] - verifyResponseStatusCode(scoring, 200): Verify response status code successfully

2022-11-22 17:30:14 - [MESSAGE][PASSED] - Verify response status code successfully

2022-11-22 17:30:14 - [TEST_STEP][PASSED] - response2 = scoring.getResponseText(): null

2022-11-22 17:30:14 - [TEST_STEP][PASSED] - markPassed("result service data ke : " + no): result service data ke : 156

2022-11-22 17:30:14 - [MESSAGE][PASSED] - result service data ke : 156

2022-11-22 17:30:14 - [TEST_STEP][PASSED] - logInfo($response2): {"result_konsumen":"Reguler","result_pasangan":"","Final_result":"Reguler","errorMessage":"","status":"Done"}

2022-11-22 17:30:14 - [MESSAGE][INFO] - {"result_konsumen":"Reguler","result_pasangan":"","Final_result":"Reguler","errorMessage":"","status":"Done"}

2022-11-22 17:30:14 - [TEST_STEP][PASSED] - verifyElementPropertyValue(scoring, "Final_result", final_result): Verify element property value successfully

2022-11-22 17:30:14 - [MESSAGE][PASSED] - Verify element property value successfully]]></system-out>
         <system-err><![CDATA[]]></system-err>
      </testcase>
      <testcase name="Test Cases/Engine_Scoring/Engine Scoring" time="5.721" classname="Test Cases/Engine_Scoring/Engine Scoring" status="PASSED">
         <system-out><![CDATA[2022-11-22 17:30:14 - [TEST_CASE][PASSED] - Test Cases/Engine_Scoring/Engine Scoring: Test Cases/Engine_Scoring/Engine Scoring

2022-11-22 17:30:15 - [TEST_STEP][PASSED] - markPassed("Variasi data ke : " + no): Variasi data ke : 157

2022-11-22 17:30:15 - [MESSAGE][PASSED] - Variasi data ke : 157

2022-11-22 17:30:15 - [TEST_STEP][PASSED] - req_data = sendRequest(findTestObject("Search_ME", ["MID":MID, "source":source, "ip":ip, "userid":userid, "branch":branch, "tipekons":tipekons, "marital":marital, "penjamin":penjamin, ... ])): Send request successfully

2022-11-22 17:30:16 - [MESSAGE][INFO] - HAR: D:\DMS\Engine Scoring\Reports\20221122_171227\Exclude KKB - DS\Scoring Individu - DS\20221122_171227\requests\main\312.har

2022-11-22 17:30:16 - [MESSAGE][PASSED] - Send request successfully

2022-11-22 17:30:16 - [TEST_STEP][PASSED] - slurper = new groovy.json.JsonSlurper(): null

2022-11-22 17:30:16 - [TEST_STEP][PASSED] - result = slurper.parseText(req_data.getResponseBodyContent()): null

2022-11-22 17:30:16 - [TEST_STEP][PASSED] - reqid_kons = requestid1: null

2022-11-22 17:30:16 - [TEST_STEP][PASSED] - reqid_spouse = requestid2: null

2022-11-22 17:30:16 - [TEST_STEP][PASSED] - println("requestid kons : " + reqid_kons): null

2022-11-22 17:30:16 - [TEST_STEP][PASSED] - response_searchME_kons = reqid_kons: null

2022-11-22 17:30:16 - [TEST_STEP][PASSED] - response_searchME_spouse = reqid_spouse: null

2022-11-22 17:30:16 - [TEST_STEP][PASSED] - println("kons req id is :" + response_searchME_kons): null

2022-11-22 17:30:16 - [TEST_STEP][PASSED] - println("spouse req id is : " + response_searchME_spouse): null

2022-11-22 17:30:16 - [TEST_STEP][PASSED] - verifyResponseStatusCode(req_data, 200): Verify response status code successfully

2022-11-22 17:30:16 - [MESSAGE][PASSED] - Verify response status code successfully

2022-11-22 17:30:16 - [TEST_STEP][PASSED] - response = req_data.getResponseText(): null

2022-11-22 17:30:16 - [TEST_STEP][PASSED] - logInfo($response): {"status":"Done","data":{"requestid1":"242571","requestid2":""}}

2022-11-22 17:30:16 - [MESSAGE][INFO] - {"status":"Done","data":{"requestid1":"242571","requestid2":""}}

2022-11-22 17:30:16 - [TEST_STEP][PASSED] - delay(3): Delayed 3 second(s)

2022-11-22 17:30:19 - [MESSAGE][PASSED] - Delayed 3 second(s)

2022-11-22 17:30:19 - [TEST_STEP][PASSED] - scoring = sendRequest(findTestObject("EngineScore", ["response_searchME_kons":response_searchME_kons, "response_searchME_spouse":response_searchME_spouse])): Send request successfully

2022-11-22 17:30:19 - [MESSAGE][INFO] - HAR: D:\DMS\Engine Scoring\Reports\20221122_171227\Exclude KKB - DS\Scoring Individu - DS\20221122_171227\requests\main\313.har

2022-11-22 17:30:19 - [MESSAGE][PASSED] - Send request successfully

2022-11-22 17:30:19 - [TEST_STEP][PASSED] - verifyResponseStatusCode(scoring, 200): Verify response status code successfully

2022-11-22 17:30:19 - [MESSAGE][PASSED] - Verify response status code successfully

2022-11-22 17:30:19 - [TEST_STEP][PASSED] - response2 = scoring.getResponseText(): null

2022-11-22 17:30:19 - [TEST_STEP][PASSED] - markPassed("result service data ke : " + no): result service data ke : 157

2022-11-22 17:30:19 - [MESSAGE][PASSED] - result service data ke : 157

2022-11-22 17:30:19 - [TEST_STEP][PASSED] - logInfo($response2): {"result_konsumen":"Reguler","result_pasangan":"","Final_result":"Reguler","errorMessage":"","status":"Done"}

2022-11-22 17:30:19 - [MESSAGE][INFO] - {"result_konsumen":"Reguler","result_pasangan":"","Final_result":"Reguler","errorMessage":"","status":"Done"}

2022-11-22 17:30:19 - [TEST_STEP][PASSED] - verifyElementPropertyValue(scoring, "Final_result", final_result): Verify element property value successfully

2022-11-22 17:30:19 - [MESSAGE][PASSED] - Verify element property value successfully]]></system-out>
         <system-err><![CDATA[]]></system-err>
      </testcase>
      <testcase name="Test Cases/Engine_Scoring/Engine Scoring" time="5.566" classname="Test Cases/Engine_Scoring/Engine Scoring" status="PASSED">
         <system-out><![CDATA[2022-11-22 17:30:19 - [TEST_CASE][PASSED] - Test Cases/Engine_Scoring/Engine Scoring: Test Cases/Engine_Scoring/Engine Scoring

2022-11-22 17:30:21 - [TEST_STEP][PASSED] - markPassed("Variasi data ke : " + no): Variasi data ke : 158

2022-11-22 17:30:21 - [MESSAGE][PASSED] - Variasi data ke : 158

2022-11-22 17:30:21 - [TEST_STEP][PASSED] - req_data = sendRequest(findTestObject("Search_ME", ["MID":MID, "source":source, "ip":ip, "userid":userid, "branch":branch, "tipekons":tipekons, "marital":marital, "penjamin":penjamin, ... ])): Send request successfully

2022-11-22 17:30:22 - [MESSAGE][INFO] - HAR: D:\DMS\Engine Scoring\Reports\20221122_171227\Exclude KKB - DS\Scoring Individu - DS\20221122_171227\requests\main\314.har

2022-11-22 17:30:22 - [MESSAGE][PASSED] - Send request successfully

2022-11-22 17:30:22 - [TEST_STEP][PASSED] - slurper = new groovy.json.JsonSlurper(): null

2022-11-22 17:30:22 - [TEST_STEP][PASSED] - result = slurper.parseText(req_data.getResponseBodyContent()): null

2022-11-22 17:30:22 - [TEST_STEP][PASSED] - reqid_kons = requestid1: null

2022-11-22 17:30:22 - [TEST_STEP][PASSED] - reqid_spouse = requestid2: null

2022-11-22 17:30:22 - [TEST_STEP][PASSED] - println("requestid kons : " + reqid_kons): null

2022-11-22 17:30:22 - [TEST_STEP][PASSED] - response_searchME_kons = reqid_kons: null

2022-11-22 17:30:22 - [TEST_STEP][PASSED] - response_searchME_spouse = reqid_spouse: null

2022-11-22 17:30:22 - [TEST_STEP][PASSED] - println("kons req id is :" + response_searchME_kons): null

2022-11-22 17:30:22 - [TEST_STEP][PASSED] - println("spouse req id is : " + response_searchME_spouse): null

2022-11-22 17:30:22 - [TEST_STEP][PASSED] - verifyResponseStatusCode(req_data, 200): Verify response status code successfully

2022-11-22 17:30:22 - [MESSAGE][PASSED] - Verify response status code successfully

2022-11-22 17:30:22 - [TEST_STEP][PASSED] - response = req_data.getResponseText(): null

2022-11-22 17:30:22 - [TEST_STEP][PASSED] - logInfo($response): {"status":"Done","data":{"requestid1":"242572","requestid2":""}}

2022-11-22 17:30:22 - [MESSAGE][INFO] - {"status":"Done","data":{"requestid1":"242572","requestid2":""}}

2022-11-22 17:30:22 - [TEST_STEP][PASSED] - delay(3): Delayed 3 second(s)

2022-11-22 17:30:25 - [MESSAGE][PASSED] - Delayed 3 second(s)

2022-11-22 17:30:25 - [TEST_STEP][PASSED] - scoring = sendRequest(findTestObject("EngineScore", ["response_searchME_kons":response_searchME_kons, "response_searchME_spouse":response_searchME_spouse])): Send request successfully

2022-11-22 17:30:25 - [MESSAGE][INFO] - HAR: D:\DMS\Engine Scoring\Reports\20221122_171227\Exclude KKB - DS\Scoring Individu - DS\20221122_171227\requests\main\315.har

2022-11-22 17:30:25 - [MESSAGE][PASSED] - Send request successfully

2022-11-22 17:30:25 - [TEST_STEP][PASSED] - verifyResponseStatusCode(scoring, 200): Verify response status code successfully

2022-11-22 17:30:25 - [MESSAGE][PASSED] - Verify response status code successfully

2022-11-22 17:30:25 - [TEST_STEP][PASSED] - response2 = scoring.getResponseText(): null

2022-11-22 17:30:25 - [TEST_STEP][PASSED] - markPassed("result service data ke : " + no): result service data ke : 158

2022-11-22 17:30:25 - [MESSAGE][PASSED] - result service data ke : 158

2022-11-22 17:30:25 - [TEST_STEP][PASSED] - logInfo($response2): {"result_konsumen":"Reguler","result_pasangan":"","Final_result":"Reguler","errorMessage":"","status":"Done"}

2022-11-22 17:30:25 - [MESSAGE][INFO] - {"result_konsumen":"Reguler","result_pasangan":"","Final_result":"Reguler","errorMessage":"","status":"Done"}

2022-11-22 17:30:25 - [TEST_STEP][PASSED] - verifyElementPropertyValue(scoring, "Final_result", final_result): Verify element property value successfully

2022-11-22 17:30:25 - [MESSAGE][PASSED] - Verify element property value successfully]]></system-out>
         <system-err><![CDATA[]]></system-err>
      </testcase>
      <testcase name="Test Cases/Engine_Scoring/Engine Scoring" time="5.248" classname="Test Cases/Engine_Scoring/Engine Scoring" status="PASSED">
         <system-out><![CDATA[2022-11-22 17:30:25 - [TEST_CASE][PASSED] - Test Cases/Engine_Scoring/Engine Scoring: Test Cases/Engine_Scoring/Engine Scoring

2022-11-22 17:30:26 - [TEST_STEP][PASSED] - markPassed("Variasi data ke : " + no): Variasi data ke : 159

2022-11-22 17:30:26 - [MESSAGE][PASSED] - Variasi data ke : 159

2022-11-22 17:30:26 - [TEST_STEP][PASSED] - req_data = sendRequest(findTestObject("Search_ME", ["MID":MID, "source":source, "ip":ip, "userid":userid, "branch":branch, "tipekons":tipekons, "marital":marital, "penjamin":penjamin, ... ])): Send request successfully

2022-11-22 17:30:27 - [MESSAGE][INFO] - HAR: D:\DMS\Engine Scoring\Reports\20221122_171227\Exclude KKB - DS\Scoring Individu - DS\20221122_171227\requests\main\316.har

2022-11-22 17:30:27 - [MESSAGE][PASSED] - Send request successfully

2022-11-22 17:30:27 - [TEST_STEP][PASSED] - slurper = new groovy.json.JsonSlurper(): null

2022-11-22 17:30:27 - [TEST_STEP][PASSED] - result = slurper.parseText(req_data.getResponseBodyContent()): null

2022-11-22 17:30:27 - [TEST_STEP][PASSED] - reqid_kons = requestid1: null

2022-11-22 17:30:27 - [TEST_STEP][PASSED] - reqid_spouse = requestid2: null

2022-11-22 17:30:27 - [TEST_STEP][PASSED] - println("requestid kons : " + reqid_kons): null

2022-11-22 17:30:27 - [TEST_STEP][PASSED] - response_searchME_kons = reqid_kons: null

2022-11-22 17:30:27 - [TEST_STEP][PASSED] - response_searchME_spouse = reqid_spouse: null

2022-11-22 17:30:27 - [TEST_STEP][PASSED] - println("kons req id is :" + response_searchME_kons): null

2022-11-22 17:30:27 - [TEST_STEP][PASSED] - println("spouse req id is : " + response_searchME_spouse): null

2022-11-22 17:30:27 - [TEST_STEP][PASSED] - verifyResponseStatusCode(req_data, 200): Verify response status code successfully

2022-11-22 17:30:27 - [MESSAGE][PASSED] - Verify response status code successfully

2022-11-22 17:30:27 - [TEST_STEP][PASSED] - response = req_data.getResponseText(): null

2022-11-22 17:30:27 - [TEST_STEP][PASSED] - logInfo($response): {"status":"Done","data":{"requestid1":"242573","requestid2":""}}

2022-11-22 17:30:27 - [MESSAGE][INFO] - {"status":"Done","data":{"requestid1":"242573","requestid2":""}}

2022-11-22 17:30:27 - [TEST_STEP][PASSED] - delay(3): Delayed 3 second(s)

2022-11-22 17:30:30 - [MESSAGE][PASSED] - Delayed 3 second(s)

2022-11-22 17:30:30 - [TEST_STEP][PASSED] - scoring = sendRequest(findTestObject("EngineScore", ["response_searchME_kons":response_searchME_kons, "response_searchME_spouse":response_searchME_spouse])): Send request successfully

2022-11-22 17:30:30 - [MESSAGE][INFO] - HAR: D:\DMS\Engine Scoring\Reports\20221122_171227\Exclude KKB - DS\Scoring Individu - DS\20221122_171227\requests\main\317.har

2022-11-22 17:30:30 - [MESSAGE][PASSED] - Send request successfully

2022-11-22 17:30:30 - [TEST_STEP][PASSED] - verifyResponseStatusCode(scoring, 200): Verify response status code successfully

2022-11-22 17:30:30 - [MESSAGE][PASSED] - Verify response status code successfully

2022-11-22 17:30:30 - [TEST_STEP][PASSED] - response2 = scoring.getResponseText(): null

2022-11-22 17:30:30 - [TEST_STEP][PASSED] - markPassed("result service data ke : " + no): result service data ke : 159

2022-11-22 17:30:30 - [MESSAGE][PASSED] - result service data ke : 159

2022-11-22 17:30:30 - [TEST_STEP][PASSED] - logInfo($response2): {"result_konsumen":"Approve","result_pasangan":"","Final_result":"Approve","errorMessage":"","status":"Done"}

2022-11-22 17:30:30 - [MESSAGE][INFO] - {"result_konsumen":"Approve","result_pasangan":"","Final_result":"Approve","errorMessage":"","status":"Done"}

2022-11-22 17:30:30 - [TEST_STEP][PASSED] - verifyElementPropertyValue(scoring, "Final_result", final_result): Verify element property value successfully

2022-11-22 17:30:30 - [MESSAGE][PASSED] - Verify element property value successfully]]></system-out>
         <system-err><![CDATA[]]></system-err>
      </testcase>
      <testcase name="Test Cases/Engine_Scoring/Engine Scoring" time="5.296" classname="Test Cases/Engine_Scoring/Engine Scoring" status="PASSED">
         <system-out><![CDATA[2022-11-22 17:30:30 - [TEST_CASE][PASSED] - Test Cases/Engine_Scoring/Engine Scoring: Test Cases/Engine_Scoring/Engine Scoring

2022-11-22 17:30:31 - [TEST_STEP][PASSED] - markPassed("Variasi data ke : " + no): Variasi data ke : 160

2022-11-22 17:30:31 - [MESSAGE][PASSED] - Variasi data ke : 160

2022-11-22 17:30:31 - [TEST_STEP][PASSED] - req_data = sendRequest(findTestObject("Search_ME", ["MID":MID, "source":source, "ip":ip, "userid":userid, "branch":branch, "tipekons":tipekons, "marital":marital, "penjamin":penjamin, ... ])): Send request successfully

2022-11-22 17:30:32 - [MESSAGE][INFO] - HAR: D:\DMS\Engine Scoring\Reports\20221122_171227\Exclude KKB - DS\Scoring Individu - DS\20221122_171227\requests\main\318.har

2022-11-22 17:30:32 - [MESSAGE][PASSED] - Send request successfully

2022-11-22 17:30:32 - [TEST_STEP][PASSED] - slurper = new groovy.json.JsonSlurper(): null

2022-11-22 17:30:32 - [TEST_STEP][PASSED] - result = slurper.parseText(req_data.getResponseBodyContent()): null

2022-11-22 17:30:32 - [TEST_STEP][PASSED] - reqid_kons = requestid1: null

2022-11-22 17:30:32 - [TEST_STEP][PASSED] - reqid_spouse = requestid2: null

2022-11-22 17:30:32 - [TEST_STEP][PASSED] - println("requestid kons : " + reqid_kons): null

2022-11-22 17:30:32 - [TEST_STEP][PASSED] - response_searchME_kons = reqid_kons: null

2022-11-22 17:30:32 - [TEST_STEP][PASSED] - response_searchME_spouse = reqid_spouse: null

2022-11-22 17:30:32 - [TEST_STEP][PASSED] - println("kons req id is :" + response_searchME_kons): null

2022-11-22 17:30:32 - [TEST_STEP][PASSED] - println("spouse req id is : " + response_searchME_spouse): null

2022-11-22 17:30:32 - [TEST_STEP][PASSED] - verifyResponseStatusCode(req_data, 200): Verify response status code successfully

2022-11-22 17:30:32 - [MESSAGE][PASSED] - Verify response status code successfully

2022-11-22 17:30:32 - [TEST_STEP][PASSED] - response = req_data.getResponseText(): null

2022-11-22 17:30:32 - [TEST_STEP][PASSED] - logInfo($response): {"status":"Done","data":{"requestid1":"242574","requestid2":""}}

2022-11-22 17:30:32 - [MESSAGE][INFO] - {"status":"Done","data":{"requestid1":"242574","requestid2":""}}

2022-11-22 17:30:32 - [TEST_STEP][PASSED] - delay(3): Delayed 3 second(s)

2022-11-22 17:30:35 - [MESSAGE][PASSED] - Delayed 3 second(s)

2022-11-22 17:30:35 - [TEST_STEP][PASSED] - scoring = sendRequest(findTestObject("EngineScore", ["response_searchME_kons":response_searchME_kons, "response_searchME_spouse":response_searchME_spouse])): Send request successfully

2022-11-22 17:30:36 - [MESSAGE][INFO] - HAR: D:\DMS\Engine Scoring\Reports\20221122_171227\Exclude KKB - DS\Scoring Individu - DS\20221122_171227\requests\main\319.har

2022-11-22 17:30:36 - [MESSAGE][PASSED] - Send request successfully

2022-11-22 17:30:36 - [TEST_STEP][PASSED] - verifyResponseStatusCode(scoring, 200): Verify response status code successfully

2022-11-22 17:30:36 - [MESSAGE][PASSED] - Verify response status code successfully

2022-11-22 17:30:36 - [TEST_STEP][PASSED] - response2 = scoring.getResponseText(): null

2022-11-22 17:30:36 - [TEST_STEP][PASSED] - markPassed("result service data ke : " + no): result service data ke : 160

2022-11-22 17:30:36 - [MESSAGE][PASSED] - result service data ke : 160

2022-11-22 17:30:36 - [TEST_STEP][PASSED] - logInfo($response2): {"result_konsumen":"Approve","result_pasangan":"","Final_result":"Approve","errorMessage":"","status":"Done"}

2022-11-22 17:30:36 - [MESSAGE][INFO] - {"result_konsumen":"Approve","result_pasangan":"","Final_result":"Approve","errorMessage":"","status":"Done"}

2022-11-22 17:30:36 - [TEST_STEP][PASSED] - verifyElementPropertyValue(scoring, "Final_result", final_result): Verify element property value successfully

2022-11-22 17:30:36 - [MESSAGE][PASSED] - Verify element property value successfully]]></system-out>
         <system-err><![CDATA[]]></system-err>
      </testcase>
      <testcase name="Test Cases/Engine_Scoring/Engine Scoring" time="5.459" classname="Test Cases/Engine_Scoring/Engine Scoring" status="PASSED">
         <system-out><![CDATA[2022-11-22 17:30:36 - [TEST_CASE][PASSED] - Test Cases/Engine_Scoring/Engine Scoring: Test Cases/Engine_Scoring/Engine Scoring

2022-11-22 17:30:37 - [TEST_STEP][PASSED] - markPassed("Variasi data ke : " + no): Variasi data ke : 161

2022-11-22 17:30:37 - [MESSAGE][PASSED] - Variasi data ke : 161

2022-11-22 17:30:37 - [TEST_STEP][PASSED] - req_data = sendRequest(findTestObject("Search_ME", ["MID":MID, "source":source, "ip":ip, "userid":userid, "branch":branch, "tipekons":tipekons, "marital":marital, "penjamin":penjamin, ... ])): Send request successfully

2022-11-22 17:30:38 - [MESSAGE][INFO] - HAR: D:\DMS\Engine Scoring\Reports\20221122_171227\Exclude KKB - DS\Scoring Individu - DS\20221122_171227\requests\main\320.har

2022-11-22 17:30:38 - [MESSAGE][PASSED] - Send request successfully

2022-11-22 17:30:38 - [TEST_STEP][PASSED] - slurper = new groovy.json.JsonSlurper(): null

2022-11-22 17:30:38 - [TEST_STEP][PASSED] - result = slurper.parseText(req_data.getResponseBodyContent()): null

2022-11-22 17:30:38 - [TEST_STEP][PASSED] - reqid_kons = requestid1: null

2022-11-22 17:30:38 - [TEST_STEP][PASSED] - reqid_spouse = requestid2: null

2022-11-22 17:30:38 - [TEST_STEP][PASSED] - println("requestid kons : " + reqid_kons): null

2022-11-22 17:30:38 - [TEST_STEP][PASSED] - response_searchME_kons = reqid_kons: null

2022-11-22 17:30:38 - [TEST_STEP][PASSED] - response_searchME_spouse = reqid_spouse: null

2022-11-22 17:30:38 - [TEST_STEP][PASSED] - println("kons req id is :" + response_searchME_kons): null

2022-11-22 17:30:38 - [TEST_STEP][PASSED] - println("spouse req id is : " + response_searchME_spouse): null

2022-11-22 17:30:38 - [TEST_STEP][PASSED] - verifyResponseStatusCode(req_data, 200): Verify response status code successfully

2022-11-22 17:30:38 - [MESSAGE][PASSED] - Verify response status code successfully

2022-11-22 17:30:38 - [TEST_STEP][PASSED] - response = req_data.getResponseText(): null

2022-11-22 17:30:38 - [TEST_STEP][PASSED] - logInfo($response): {"status":"Done","data":{"requestid1":"242575","requestid2":""}}

2022-11-22 17:30:38 - [MESSAGE][INFO] - {"status":"Done","data":{"requestid1":"242575","requestid2":""}}

2022-11-22 17:30:38 - [TEST_STEP][PASSED] - delay(3): Delayed 3 second(s)

2022-11-22 17:30:41 - [MESSAGE][PASSED] - Delayed 3 second(s)

2022-11-22 17:30:41 - [TEST_STEP][PASSED] - scoring = sendRequest(findTestObject("EngineScore", ["response_searchME_kons":response_searchME_kons, "response_searchME_spouse":response_searchME_spouse])): Send request successfully

2022-11-22 17:30:41 - [MESSAGE][INFO] - HAR: D:\DMS\Engine Scoring\Reports\20221122_171227\Exclude KKB - DS\Scoring Individu - DS\20221122_171227\requests\main\321.har

2022-11-22 17:30:41 - [MESSAGE][PASSED] - Send request successfully

2022-11-22 17:30:41 - [TEST_STEP][PASSED] - verifyResponseStatusCode(scoring, 200): Verify response status code successfully

2022-11-22 17:30:41 - [MESSAGE][PASSED] - Verify response status code successfully

2022-11-22 17:30:41 - [TEST_STEP][PASSED] - response2 = scoring.getResponseText(): null

2022-11-22 17:30:41 - [TEST_STEP][PASSED] - markPassed("result service data ke : " + no): result service data ke : 161

2022-11-22 17:30:41 - [MESSAGE][PASSED] - result service data ke : 161

2022-11-22 17:30:41 - [TEST_STEP][PASSED] - logInfo($response2): {"result_konsumen":"Approve","result_pasangan":"","Final_result":"Approve","errorMessage":"","status":"Done"}

2022-11-22 17:30:41 - [MESSAGE][INFO] - {"result_konsumen":"Approve","result_pasangan":"","Final_result":"Approve","errorMessage":"","status":"Done"}

2022-11-22 17:30:41 - [TEST_STEP][PASSED] - verifyElementPropertyValue(scoring, "Final_result", final_result): Verify element property value successfully

2022-11-22 17:30:41 - [MESSAGE][PASSED] - Verify element property value successfully]]></system-out>
         <system-err><![CDATA[]]></system-err>
      </testcase>
      <testcase name="Test Cases/Engine_Scoring/Engine Scoring" time="5.305" classname="Test Cases/Engine_Scoring/Engine Scoring" status="PASSED">
         <system-out><![CDATA[2022-11-22 17:30:41 - [TEST_CASE][PASSED] - Test Cases/Engine_Scoring/Engine Scoring: Test Cases/Engine_Scoring/Engine Scoring

2022-11-22 17:30:42 - [TEST_STEP][PASSED] - markPassed("Variasi data ke : " + no): Variasi data ke : 162

2022-11-22 17:30:42 - [MESSAGE][PASSED] - Variasi data ke : 162

2022-11-22 17:30:42 - [TEST_STEP][PASSED] - req_data = sendRequest(findTestObject("Search_ME", ["MID":MID, "source":source, "ip":ip, "userid":userid, "branch":branch, "tipekons":tipekons, "marital":marital, "penjamin":penjamin, ... ])): Send request successfully

2022-11-22 17:30:43 - [MESSAGE][INFO] - HAR: D:\DMS\Engine Scoring\Reports\20221122_171227\Exclude KKB - DS\Scoring Individu - DS\20221122_171227\requests\main\322.har

2022-11-22 17:30:43 - [MESSAGE][PASSED] - Send request successfully

2022-11-22 17:30:43 - [TEST_STEP][PASSED] - slurper = new groovy.json.JsonSlurper(): null

2022-11-22 17:30:43 - [TEST_STEP][PASSED] - result = slurper.parseText(req_data.getResponseBodyContent()): null

2022-11-22 17:30:43 - [TEST_STEP][PASSED] - reqid_kons = requestid1: null

2022-11-22 17:30:43 - [TEST_STEP][PASSED] - reqid_spouse = requestid2: null

2022-11-22 17:30:43 - [TEST_STEP][PASSED] - println("requestid kons : " + reqid_kons): null

2022-11-22 17:30:43 - [TEST_STEP][PASSED] - response_searchME_kons = reqid_kons: null

2022-11-22 17:30:43 - [TEST_STEP][PASSED] - response_searchME_spouse = reqid_spouse: null

2022-11-22 17:30:43 - [TEST_STEP][PASSED] - println("kons req id is :" + response_searchME_kons): null

2022-11-22 17:30:43 - [TEST_STEP][PASSED] - println("spouse req id is : " + response_searchME_spouse): null

2022-11-22 17:30:43 - [TEST_STEP][PASSED] - verifyResponseStatusCode(req_data, 200): Verify response status code successfully

2022-11-22 17:30:43 - [MESSAGE][PASSED] - Verify response status code successfully

2022-11-22 17:30:43 - [TEST_STEP][PASSED] - response = req_data.getResponseText(): null

2022-11-22 17:30:43 - [TEST_STEP][PASSED] - logInfo($response): {"status":"Done","data":{"requestid1":"242576","requestid2":""}}

2022-11-22 17:30:43 - [MESSAGE][INFO] - {"status":"Done","data":{"requestid1":"242576","requestid2":""}}

2022-11-22 17:30:43 - [TEST_STEP][PASSED] - delay(3): Delayed 3 second(s)

2022-11-22 17:30:46 - [MESSAGE][PASSED] - Delayed 3 second(s)

2022-11-22 17:30:46 - [TEST_STEP][PASSED] - scoring = sendRequest(findTestObject("EngineScore", ["response_searchME_kons":response_searchME_kons, "response_searchME_spouse":response_searchME_spouse])): Send request successfully

2022-11-22 17:30:46 - [MESSAGE][INFO] - HAR: D:\DMS\Engine Scoring\Reports\20221122_171227\Exclude KKB - DS\Scoring Individu - DS\20221122_171227\requests\main\323.har

2022-11-22 17:30:46 - [MESSAGE][PASSED] - Send request successfully

2022-11-22 17:30:46 - [TEST_STEP][PASSED] - verifyResponseStatusCode(scoring, 200): Verify response status code successfully

2022-11-22 17:30:46 - [MESSAGE][PASSED] - Verify response status code successfully

2022-11-22 17:30:46 - [TEST_STEP][PASSED] - response2 = scoring.getResponseText(): null

2022-11-22 17:30:46 - [TEST_STEP][PASSED] - markPassed("result service data ke : " + no): result service data ke : 162

2022-11-22 17:30:46 - [MESSAGE][PASSED] - result service data ke : 162

2022-11-22 17:30:46 - [TEST_STEP][PASSED] - logInfo($response2): {"result_konsumen":"Approve","result_pasangan":"","Final_result":"Approve","errorMessage":"","status":"Done"}

2022-11-22 17:30:46 - [MESSAGE][INFO] - {"result_konsumen":"Approve","result_pasangan":"","Final_result":"Approve","errorMessage":"","status":"Done"}

2022-11-22 17:30:46 - [TEST_STEP][PASSED] - verifyElementPropertyValue(scoring, "Final_result", final_result): Verify element property value successfully

2022-11-22 17:30:47 - [MESSAGE][PASSED] - Verify element property value successfully]]></system-out>
         <system-err><![CDATA[]]></system-err>
      </testcase>
      <testcase name="Test Cases/Engine_Scoring/Engine Scoring" time="5.411" classname="Test Cases/Engine_Scoring/Engine Scoring" status="PASSED">
         <system-out><![CDATA[2022-11-22 17:30:47 - [TEST_CASE][PASSED] - Test Cases/Engine_Scoring/Engine Scoring: Test Cases/Engine_Scoring/Engine Scoring

2022-11-22 17:30:48 - [TEST_STEP][PASSED] - markPassed("Variasi data ke : " + no): Variasi data ke : 163

2022-11-22 17:30:48 - [MESSAGE][PASSED] - Variasi data ke : 163

2022-11-22 17:30:48 - [TEST_STEP][PASSED] - req_data = sendRequest(findTestObject("Search_ME", ["MID":MID, "source":source, "ip":ip, "userid":userid, "branch":branch, "tipekons":tipekons, "marital":marital, "penjamin":penjamin, ... ])): Send request successfully

2022-11-22 17:30:49 - [MESSAGE][INFO] - HAR: D:\DMS\Engine Scoring\Reports\20221122_171227\Exclude KKB - DS\Scoring Individu - DS\20221122_171227\requests\main\324.har

2022-11-22 17:30:49 - [MESSAGE][PASSED] - Send request successfully

2022-11-22 17:30:49 - [TEST_STEP][PASSED] - slurper = new groovy.json.JsonSlurper(): null

2022-11-22 17:30:49 - [TEST_STEP][PASSED] - result = slurper.parseText(req_data.getResponseBodyContent()): null

2022-11-22 17:30:49 - [TEST_STEP][PASSED] - reqid_kons = requestid1: null

2022-11-22 17:30:49 - [TEST_STEP][PASSED] - reqid_spouse = requestid2: null

2022-11-22 17:30:49 - [TEST_STEP][PASSED] - println("requestid kons : " + reqid_kons): null

2022-11-22 17:30:49 - [TEST_STEP][PASSED] - response_searchME_kons = reqid_kons: null

2022-11-22 17:30:49 - [TEST_STEP][PASSED] - response_searchME_spouse = reqid_spouse: null

2022-11-22 17:30:49 - [TEST_STEP][PASSED] - println("kons req id is :" + response_searchME_kons): null

2022-11-22 17:30:49 - [TEST_STEP][PASSED] - println("spouse req id is : " + response_searchME_spouse): null

2022-11-22 17:30:49 - [TEST_STEP][PASSED] - verifyResponseStatusCode(req_data, 200): Verify response status code successfully

2022-11-22 17:30:49 - [MESSAGE][PASSED] - Verify response status code successfully

2022-11-22 17:30:49 - [TEST_STEP][PASSED] - response = req_data.getResponseText(): null

2022-11-22 17:30:49 - [TEST_STEP][PASSED] - logInfo($response): {"status":"Done","data":{"requestid1":"242577","requestid2":""}}

2022-11-22 17:30:49 - [MESSAGE][INFO] - {"status":"Done","data":{"requestid1":"242577","requestid2":""}}

2022-11-22 17:30:49 - [TEST_STEP][PASSED] - delay(3): Delayed 3 second(s)

2022-11-22 17:30:52 - [MESSAGE][PASSED] - Delayed 3 second(s)

2022-11-22 17:30:52 - [TEST_STEP][PASSED] - scoring = sendRequest(findTestObject("EngineScore", ["response_searchME_kons":response_searchME_kons, "response_searchME_spouse":response_searchME_spouse])): Send request successfully

2022-11-22 17:30:52 - [MESSAGE][INFO] - HAR: D:\DMS\Engine Scoring\Reports\20221122_171227\Exclude KKB - DS\Scoring Individu - DS\20221122_171227\requests\main\325.har

2022-11-22 17:30:52 - [MESSAGE][PASSED] - Send request successfully

2022-11-22 17:30:52 - [TEST_STEP][PASSED] - verifyResponseStatusCode(scoring, 200): Verify response status code successfully

2022-11-22 17:30:52 - [MESSAGE][PASSED] - Verify response status code successfully

2022-11-22 17:30:52 - [TEST_STEP][PASSED] - response2 = scoring.getResponseText(): null

2022-11-22 17:30:52 - [TEST_STEP][PASSED] - markPassed("result service data ke : " + no): result service data ke : 163

2022-11-22 17:30:52 - [MESSAGE][PASSED] - result service data ke : 163

2022-11-22 17:30:52 - [TEST_STEP][PASSED] - logInfo($response2): {"result_konsumen":"Approve","result_pasangan":"","Final_result":"Approve","errorMessage":"","status":"Done"}

2022-11-22 17:30:52 - [MESSAGE][INFO] - {"result_konsumen":"Approve","result_pasangan":"","Final_result":"Approve","errorMessage":"","status":"Done"}

2022-11-22 17:30:52 - [TEST_STEP][PASSED] - verifyElementPropertyValue(scoring, "Final_result", final_result): Verify element property value successfully

2022-11-22 17:30:52 - [MESSAGE][PASSED] - Verify element property value successfully]]></system-out>
         <system-err><![CDATA[]]></system-err>
      </testcase>
      <testcase name="Test Cases/Engine_Scoring/Engine Scoring" time="5.502" classname="Test Cases/Engine_Scoring/Engine Scoring" status="PASSED">
         <system-out><![CDATA[2022-11-22 17:30:52 - [TEST_CASE][PASSED] - Test Cases/Engine_Scoring/Engine Scoring: Test Cases/Engine_Scoring/Engine Scoring

2022-11-22 17:30:53 - [TEST_STEP][PASSED] - markPassed("Variasi data ke : " + no): Variasi data ke : 164

2022-11-22 17:30:53 - [MESSAGE][PASSED] - Variasi data ke : 164

2022-11-22 17:30:53 - [TEST_STEP][PASSED] - req_data = sendRequest(findTestObject("Search_ME", ["MID":MID, "source":source, "ip":ip, "userid":userid, "branch":branch, "tipekons":tipekons, "marital":marital, "penjamin":penjamin, ... ])): Send request successfully

2022-11-22 17:30:54 - [MESSAGE][INFO] - HAR: D:\DMS\Engine Scoring\Reports\20221122_171227\Exclude KKB - DS\Scoring Individu - DS\20221122_171227\requests\main\326.har

2022-11-22 17:30:54 - [MESSAGE][PASSED] - Send request successfully

2022-11-22 17:30:54 - [TEST_STEP][PASSED] - slurper = new groovy.json.JsonSlurper(): null

2022-11-22 17:30:54 - [TEST_STEP][PASSED] - result = slurper.parseText(req_data.getResponseBodyContent()): null

2022-11-22 17:30:54 - [TEST_STEP][PASSED] - reqid_kons = requestid1: null

2022-11-22 17:30:54 - [TEST_STEP][PASSED] - reqid_spouse = requestid2: null

2022-11-22 17:30:54 - [TEST_STEP][PASSED] - println("requestid kons : " + reqid_kons): null

2022-11-22 17:30:54 - [TEST_STEP][PASSED] - response_searchME_kons = reqid_kons: null

2022-11-22 17:30:54 - [TEST_STEP][PASSED] - response_searchME_spouse = reqid_spouse: null

2022-11-22 17:30:54 - [TEST_STEP][PASSED] - println("kons req id is :" + response_searchME_kons): null

2022-11-22 17:30:54 - [TEST_STEP][PASSED] - println("spouse req id is : " + response_searchME_spouse): null

2022-11-22 17:30:54 - [TEST_STEP][PASSED] - verifyResponseStatusCode(req_data, 200): Verify response status code successfully

2022-11-22 17:30:54 - [MESSAGE][PASSED] - Verify response status code successfully

2022-11-22 17:30:54 - [TEST_STEP][PASSED] - response = req_data.getResponseText(): null

2022-11-22 17:30:54 - [TEST_STEP][PASSED] - logInfo($response): {"status":"Done","data":{"requestid1":"242578","requestid2":""}}

2022-11-22 17:30:54 - [MESSAGE][INFO] - {"status":"Done","data":{"requestid1":"242578","requestid2":""}}

2022-11-22 17:30:54 - [TEST_STEP][PASSED] - delay(3): Delayed 3 second(s)

2022-11-22 17:30:57 - [MESSAGE][PASSED] - Delayed 3 second(s)

2022-11-22 17:30:57 - [TEST_STEP][PASSED] - scoring = sendRequest(findTestObject("EngineScore", ["response_searchME_kons":response_searchME_kons, "response_searchME_spouse":response_searchME_spouse])): Send request successfully

2022-11-22 17:30:58 - [MESSAGE][INFO] - HAR: D:\DMS\Engine Scoring\Reports\20221122_171227\Exclude KKB - DS\Scoring Individu - DS\20221122_171227\requests\main\327.har

2022-11-22 17:30:58 - [MESSAGE][PASSED] - Send request successfully

2022-11-22 17:30:58 - [TEST_STEP][PASSED] - verifyResponseStatusCode(scoring, 200): Verify response status code successfully

2022-11-22 17:30:58 - [MESSAGE][PASSED] - Verify response status code successfully

2022-11-22 17:30:58 - [TEST_STEP][PASSED] - response2 = scoring.getResponseText(): null

2022-11-22 17:30:58 - [TEST_STEP][PASSED] - markPassed("result service data ke : " + no): result service data ke : 164

2022-11-22 17:30:58 - [MESSAGE][PASSED] - result service data ke : 164

2022-11-22 17:30:58 - [TEST_STEP][PASSED] - logInfo($response2): {"result_konsumen":"Approve","result_pasangan":"","Final_result":"Approve","errorMessage":"","status":"Done"}

2022-11-22 17:30:58 - [MESSAGE][INFO] - {"result_konsumen":"Approve","result_pasangan":"","Final_result":"Approve","errorMessage":"","status":"Done"}

2022-11-22 17:30:58 - [TEST_STEP][PASSED] - verifyElementPropertyValue(scoring, "Final_result", final_result): Verify element property value successfully

2022-11-22 17:30:58 - [MESSAGE][PASSED] - Verify element property value successfully]]></system-out>
         <system-err><![CDATA[]]></system-err>
      </testcase>
      <testcase name="Test Cases/Engine_Scoring/Engine Scoring" time="5.4" classname="Test Cases/Engine_Scoring/Engine Scoring" status="PASSED">
         <system-out><![CDATA[2022-11-22 17:30:58 - [TEST_CASE][PASSED] - Test Cases/Engine_Scoring/Engine Scoring: Test Cases/Engine_Scoring/Engine Scoring

2022-11-22 17:30:59 - [TEST_STEP][PASSED] - markPassed("Variasi data ke : " + no): Variasi data ke : 165

2022-11-22 17:30:59 - [MESSAGE][PASSED] - Variasi data ke : 165

2022-11-22 17:30:59 - [TEST_STEP][PASSED] - req_data = sendRequest(findTestObject("Search_ME", ["MID":MID, "source":source, "ip":ip, "userid":userid, "branch":branch, "tipekons":tipekons, "marital":marital, "penjamin":penjamin, ... ])): Send request successfully

2022-11-22 17:31:00 - [MESSAGE][INFO] - HAR: D:\DMS\Engine Scoring\Reports\20221122_171227\Exclude KKB - DS\Scoring Individu - DS\20221122_171227\requests\main\328.har

2022-11-22 17:31:00 - [MESSAGE][PASSED] - Send request successfully

2022-11-22 17:31:00 - [TEST_STEP][PASSED] - slurper = new groovy.json.JsonSlurper(): null

2022-11-22 17:31:00 - [TEST_STEP][PASSED] - result = slurper.parseText(req_data.getResponseBodyContent()): null

2022-11-22 17:31:00 - [TEST_STEP][PASSED] - reqid_kons = requestid1: null

2022-11-22 17:31:00 - [TEST_STEP][PASSED] - reqid_spouse = requestid2: null

2022-11-22 17:31:00 - [TEST_STEP][PASSED] - println("requestid kons : " + reqid_kons): null

2022-11-22 17:31:00 - [TEST_STEP][PASSED] - response_searchME_kons = reqid_kons: null

2022-11-22 17:31:00 - [TEST_STEP][PASSED] - response_searchME_spouse = reqid_spouse: null

2022-11-22 17:31:00 - [TEST_STEP][PASSED] - println("kons req id is :" + response_searchME_kons): null

2022-11-22 17:31:00 - [TEST_STEP][PASSED] - println("spouse req id is : " + response_searchME_spouse): null

2022-11-22 17:31:00 - [TEST_STEP][PASSED] - verifyResponseStatusCode(req_data, 200): Verify response status code successfully

2022-11-22 17:31:00 - [MESSAGE][PASSED] - Verify response status code successfully

2022-11-22 17:31:00 - [TEST_STEP][PASSED] - response = req_data.getResponseText(): null

2022-11-22 17:31:00 - [TEST_STEP][PASSED] - logInfo($response): {"status":"Done","data":{"requestid1":"242579","requestid2":""}}

2022-11-22 17:31:00 - [MESSAGE][INFO] - {"status":"Done","data":{"requestid1":"242579","requestid2":""}}

2022-11-22 17:31:00 - [TEST_STEP][PASSED] - delay(3): Delayed 3 second(s)

2022-11-22 17:31:03 - [MESSAGE][PASSED] - Delayed 3 second(s)

2022-11-22 17:31:03 - [TEST_STEP][PASSED] - scoring = sendRequest(findTestObject("EngineScore", ["response_searchME_kons":response_searchME_kons, "response_searchME_spouse":response_searchME_spouse])): Send request successfully

2022-11-22 17:31:03 - [MESSAGE][INFO] - HAR: D:\DMS\Engine Scoring\Reports\20221122_171227\Exclude KKB - DS\Scoring Individu - DS\20221122_171227\requests\main\329.har

2022-11-22 17:31:03 - [MESSAGE][PASSED] - Send request successfully

2022-11-22 17:31:03 - [TEST_STEP][PASSED] - verifyResponseStatusCode(scoring, 200): Verify response status code successfully

2022-11-22 17:31:03 - [MESSAGE][PASSED] - Verify response status code successfully

2022-11-22 17:31:03 - [TEST_STEP][PASSED] - response2 = scoring.getResponseText(): null

2022-11-22 17:31:03 - [TEST_STEP][PASSED] - markPassed("result service data ke : " + no): result service data ke : 165

2022-11-22 17:31:03 - [MESSAGE][PASSED] - result service data ke : 165

2022-11-22 17:31:03 - [TEST_STEP][PASSED] - logInfo($response2): {"result_konsumen":"Reject","result_pasangan":"","Final_result":"Reject","errorMessage":"","status":"Done"}

2022-11-22 17:31:03 - [MESSAGE][INFO] - {"result_konsumen":"Reject","result_pasangan":"","Final_result":"Reject","errorMessage":"","status":"Done"}

2022-11-22 17:31:03 - [TEST_STEP][PASSED] - verifyElementPropertyValue(scoring, "Final_result", final_result): Verify element property value successfully

2022-11-22 17:31:03 - [MESSAGE][PASSED] - Verify element property value successfully]]></system-out>
         <system-err><![CDATA[]]></system-err>
      </testcase>
      <testcase name="Test Cases/Engine_Scoring/Engine Scoring" time="5.461" classname="Test Cases/Engine_Scoring/Engine Scoring" status="PASSED">
         <system-out><![CDATA[2022-11-22 17:31:03 - [TEST_CASE][PASSED] - Test Cases/Engine_Scoring/Engine Scoring: Test Cases/Engine_Scoring/Engine Scoring

2022-11-22 17:31:04 - [TEST_STEP][PASSED] - markPassed("Variasi data ke : " + no): Variasi data ke : 166

2022-11-22 17:31:04 - [MESSAGE][PASSED] - Variasi data ke : 166

2022-11-22 17:31:04 - [TEST_STEP][PASSED] - req_data = sendRequest(findTestObject("Search_ME", ["MID":MID, "source":source, "ip":ip, "userid":userid, "branch":branch, "tipekons":tipekons, "marital":marital, "penjamin":penjamin, ... ])): Send request successfully

2022-11-22 17:31:05 - [MESSAGE][INFO] - HAR: D:\DMS\Engine Scoring\Reports\20221122_171227\Exclude KKB - DS\Scoring Individu - DS\20221122_171227\requests\main\330.har

2022-11-22 17:31:05 - [MESSAGE][PASSED] - Send request successfully

2022-11-22 17:31:05 - [TEST_STEP][PASSED] - slurper = new groovy.json.JsonSlurper(): null

2022-11-22 17:31:05 - [TEST_STEP][PASSED] - result = slurper.parseText(req_data.getResponseBodyContent()): null

2022-11-22 17:31:05 - [TEST_STEP][PASSED] - reqid_kons = requestid1: null

2022-11-22 17:31:05 - [TEST_STEP][PASSED] - reqid_spouse = requestid2: null

2022-11-22 17:31:05 - [TEST_STEP][PASSED] - println("requestid kons : " + reqid_kons): null

2022-11-22 17:31:05 - [TEST_STEP][PASSED] - response_searchME_kons = reqid_kons: null

2022-11-22 17:31:05 - [TEST_STEP][PASSED] - response_searchME_spouse = reqid_spouse: null

2022-11-22 17:31:05 - [TEST_STEP][PASSED] - println("kons req id is :" + response_searchME_kons): null

2022-11-22 17:31:05 - [TEST_STEP][PASSED] - println("spouse req id is : " + response_searchME_spouse): null

2022-11-22 17:31:05 - [TEST_STEP][PASSED] - verifyResponseStatusCode(req_data, 200): Verify response status code successfully

2022-11-22 17:31:05 - [MESSAGE][PASSED] - Verify response status code successfully

2022-11-22 17:31:05 - [TEST_STEP][PASSED] - response = req_data.getResponseText(): null

2022-11-22 17:31:05 - [TEST_STEP][PASSED] - logInfo($response): {"status":"Done","data":{"requestid1":"242580","requestid2":""}}

2022-11-22 17:31:05 - [MESSAGE][INFO] - {"status":"Done","data":{"requestid1":"242580","requestid2":""}}

2022-11-22 17:31:05 - [TEST_STEP][PASSED] - delay(3): Delayed 3 second(s)

2022-11-22 17:31:08 - [MESSAGE][PASSED] - Delayed 3 second(s)

2022-11-22 17:31:08 - [TEST_STEP][PASSED] - scoring = sendRequest(findTestObject("EngineScore", ["response_searchME_kons":response_searchME_kons, "response_searchME_spouse":response_searchME_spouse])): Send request successfully

2022-11-22 17:31:08 - [MESSAGE][INFO] - HAR: D:\DMS\Engine Scoring\Reports\20221122_171227\Exclude KKB - DS\Scoring Individu - DS\20221122_171227\requests\main\331.har

2022-11-22 17:31:08 - [MESSAGE][PASSED] - Send request successfully

2022-11-22 17:31:08 - [TEST_STEP][PASSED] - verifyResponseStatusCode(scoring, 200): Verify response status code successfully

2022-11-22 17:31:08 - [MESSAGE][PASSED] - Verify response status code successfully

2022-11-22 17:31:08 - [TEST_STEP][PASSED] - response2 = scoring.getResponseText(): null

2022-11-22 17:31:08 - [TEST_STEP][PASSED] - markPassed("result service data ke : " + no): result service data ke : 166

2022-11-22 17:31:08 - [MESSAGE][PASSED] - result service data ke : 166

2022-11-22 17:31:08 - [TEST_STEP][PASSED] - logInfo($response2): {"result_konsumen":"Reject","result_pasangan":"","Final_result":"Reject","errorMessage":"","status":"Done"}

2022-11-22 17:31:08 - [MESSAGE][INFO] - {"result_konsumen":"Reject","result_pasangan":"","Final_result":"Reject","errorMessage":"","status":"Done"}

2022-11-22 17:31:08 - [TEST_STEP][PASSED] - verifyElementPropertyValue(scoring, "Final_result", final_result): Verify element property value successfully

2022-11-22 17:31:09 - [MESSAGE][PASSED] - Verify element property value successfully]]></system-out>
         <system-err><![CDATA[]]></system-err>
      </testcase>
      <testcase name="Test Cases/Engine_Scoring/Engine Scoring" time="5.451" classname="Test Cases/Engine_Scoring/Engine Scoring" status="PASSED">
         <system-out><![CDATA[2022-11-22 17:31:09 - [TEST_CASE][PASSED] - Test Cases/Engine_Scoring/Engine Scoring: Test Cases/Engine_Scoring/Engine Scoring

2022-11-22 17:31:10 - [TEST_STEP][PASSED] - markPassed("Variasi data ke : " + no): Variasi data ke : 167

2022-11-22 17:31:10 - [MESSAGE][PASSED] - Variasi data ke : 167

2022-11-22 17:31:10 - [TEST_STEP][PASSED] - req_data = sendRequest(findTestObject("Search_ME", ["MID":MID, "source":source, "ip":ip, "userid":userid, "branch":branch, "tipekons":tipekons, "marital":marital, "penjamin":penjamin, ... ])): Send request successfully

2022-11-22 17:31:11 - [MESSAGE][INFO] - HAR: D:\DMS\Engine Scoring\Reports\20221122_171227\Exclude KKB - DS\Scoring Individu - DS\20221122_171227\requests\main\332.har

2022-11-22 17:31:11 - [MESSAGE][PASSED] - Send request successfully

2022-11-22 17:31:11 - [TEST_STEP][PASSED] - slurper = new groovy.json.JsonSlurper(): null

2022-11-22 17:31:11 - [TEST_STEP][PASSED] - result = slurper.parseText(req_data.getResponseBodyContent()): null

2022-11-22 17:31:11 - [TEST_STEP][PASSED] - reqid_kons = requestid1: null

2022-11-22 17:31:11 - [TEST_STEP][PASSED] - reqid_spouse = requestid2: null

2022-11-22 17:31:11 - [TEST_STEP][PASSED] - println("requestid kons : " + reqid_kons): null

2022-11-22 17:31:11 - [TEST_STEP][PASSED] - response_searchME_kons = reqid_kons: null

2022-11-22 17:31:11 - [TEST_STEP][PASSED] - response_searchME_spouse = reqid_spouse: null

2022-11-22 17:31:11 - [TEST_STEP][PASSED] - println("kons req id is :" + response_searchME_kons): null

2022-11-22 17:31:11 - [TEST_STEP][PASSED] - println("spouse req id is : " + response_searchME_spouse): null

2022-11-22 17:31:11 - [TEST_STEP][PASSED] - verifyResponseStatusCode(req_data, 200): Verify response status code successfully

2022-11-22 17:31:11 - [MESSAGE][PASSED] - Verify response status code successfully

2022-11-22 17:31:11 - [TEST_STEP][PASSED] - response = req_data.getResponseText(): null

2022-11-22 17:31:11 - [TEST_STEP][PASSED] - logInfo($response): {"status":"Done","data":{"requestid1":"242581","requestid2":""}}

2022-11-22 17:31:11 - [MESSAGE][INFO] - {"status":"Done","data":{"requestid1":"242581","requestid2":""}}

2022-11-22 17:31:11 - [TEST_STEP][PASSED] - delay(3): Delayed 3 second(s)

2022-11-22 17:31:14 - [MESSAGE][PASSED] - Delayed 3 second(s)

2022-11-22 17:31:14 - [TEST_STEP][PASSED] - scoring = sendRequest(findTestObject("EngineScore", ["response_searchME_kons":response_searchME_kons, "response_searchME_spouse":response_searchME_spouse])): Send request successfully

2022-11-22 17:31:14 - [MESSAGE][INFO] - HAR: D:\DMS\Engine Scoring\Reports\20221122_171227\Exclude KKB - DS\Scoring Individu - DS\20221122_171227\requests\main\333.har

2022-11-22 17:31:14 - [MESSAGE][PASSED] - Send request successfully

2022-11-22 17:31:14 - [TEST_STEP][PASSED] - verifyResponseStatusCode(scoring, 200): Verify response status code successfully

2022-11-22 17:31:14 - [MESSAGE][PASSED] - Verify response status code successfully

2022-11-22 17:31:14 - [TEST_STEP][PASSED] - response2 = scoring.getResponseText(): null

2022-11-22 17:31:14 - [TEST_STEP][PASSED] - markPassed("result service data ke : " + no): result service data ke : 167

2022-11-22 17:31:14 - [MESSAGE][PASSED] - result service data ke : 167

2022-11-22 17:31:14 - [TEST_STEP][PASSED] - logInfo($response2): {"result_konsumen":"Reject","result_pasangan":"","Final_result":"Reject","errorMessage":"","status":"Done"}

2022-11-22 17:31:14 - [MESSAGE][INFO] - {"result_konsumen":"Reject","result_pasangan":"","Final_result":"Reject","errorMessage":"","status":"Done"}

2022-11-22 17:31:14 - [TEST_STEP][PASSED] - verifyElementPropertyValue(scoring, "Final_result", final_result): Verify element property value successfully

2022-11-22 17:31:14 - [MESSAGE][PASSED] - Verify element property value successfully]]></system-out>
         <system-err><![CDATA[]]></system-err>
      </testcase>
      <testcase name="Test Cases/Engine_Scoring/Engine Scoring" time="5.446" classname="Test Cases/Engine_Scoring/Engine Scoring" status="PASSED">
         <system-out><![CDATA[2022-11-22 17:31:14 - [TEST_CASE][PASSED] - Test Cases/Engine_Scoring/Engine Scoring: Test Cases/Engine_Scoring/Engine Scoring

2022-11-22 17:31:15 - [TEST_STEP][PASSED] - markPassed("Variasi data ke : " + no): Variasi data ke : 168

2022-11-22 17:31:15 - [MESSAGE][PASSED] - Variasi data ke : 168

2022-11-22 17:31:15 - [TEST_STEP][PASSED] - req_data = sendRequest(findTestObject("Search_ME", ["MID":MID, "source":source, "ip":ip, "userid":userid, "branch":branch, "tipekons":tipekons, "marital":marital, "penjamin":penjamin, ... ])): Send request successfully

2022-11-22 17:31:16 - [MESSAGE][INFO] - HAR: D:\DMS\Engine Scoring\Reports\20221122_171227\Exclude KKB - DS\Scoring Individu - DS\20221122_171227\requests\main\334.har

2022-11-22 17:31:16 - [MESSAGE][PASSED] - Send request successfully

2022-11-22 17:31:16 - [TEST_STEP][PASSED] - slurper = new groovy.json.JsonSlurper(): null

2022-11-22 17:31:16 - [TEST_STEP][PASSED] - result = slurper.parseText(req_data.getResponseBodyContent()): null

2022-11-22 17:31:16 - [TEST_STEP][PASSED] - reqid_kons = requestid1: null

2022-11-22 17:31:16 - [TEST_STEP][PASSED] - reqid_spouse = requestid2: null

2022-11-22 17:31:16 - [TEST_STEP][PASSED] - println("requestid kons : " + reqid_kons): null

2022-11-22 17:31:16 - [TEST_STEP][PASSED] - response_searchME_kons = reqid_kons: null

2022-11-22 17:31:16 - [TEST_STEP][PASSED] - response_searchME_spouse = reqid_spouse: null

2022-11-22 17:31:16 - [TEST_STEP][PASSED] - println("kons req id is :" + response_searchME_kons): null

2022-11-22 17:31:16 - [TEST_STEP][PASSED] - println("spouse req id is : " + response_searchME_spouse): null

2022-11-22 17:31:16 - [TEST_STEP][PASSED] - verifyResponseStatusCode(req_data, 200): Verify response status code successfully

2022-11-22 17:31:16 - [MESSAGE][PASSED] - Verify response status code successfully

2022-11-22 17:31:16 - [TEST_STEP][PASSED] - response = req_data.getResponseText(): null

2022-11-22 17:31:16 - [TEST_STEP][PASSED] - logInfo($response): {"status":"Done","data":{"requestid1":"242582","requestid2":""}}

2022-11-22 17:31:16 - [MESSAGE][INFO] - {"status":"Done","data":{"requestid1":"242582","requestid2":""}}

2022-11-22 17:31:16 - [TEST_STEP][PASSED] - delay(3): Delayed 3 second(s)

2022-11-22 17:31:19 - [MESSAGE][PASSED] - Delayed 3 second(s)

2022-11-22 17:31:19 - [TEST_STEP][PASSED] - scoring = sendRequest(findTestObject("EngineScore", ["response_searchME_kons":response_searchME_kons, "response_searchME_spouse":response_searchME_spouse])): Send request successfully

2022-11-22 17:31:20 - [MESSAGE][INFO] - HAR: D:\DMS\Engine Scoring\Reports\20221122_171227\Exclude KKB - DS\Scoring Individu - DS\20221122_171227\requests\main\335.har

2022-11-22 17:31:20 - [MESSAGE][PASSED] - Send request successfully

2022-11-22 17:31:20 - [TEST_STEP][PASSED] - verifyResponseStatusCode(scoring, 200): Verify response status code successfully

2022-11-22 17:31:20 - [MESSAGE][PASSED] - Verify response status code successfully

2022-11-22 17:31:20 - [TEST_STEP][PASSED] - response2 = scoring.getResponseText(): null

2022-11-22 17:31:20 - [TEST_STEP][PASSED] - markPassed("result service data ke : " + no): result service data ke : 168

2022-11-22 17:31:20 - [MESSAGE][PASSED] - result service data ke : 168

2022-11-22 17:31:20 - [TEST_STEP][PASSED] - logInfo($response2): {"result_konsumen":"Reject","result_pasangan":"","Final_result":"Reject","errorMessage":"","status":"Done"}

2022-11-22 17:31:20 - [MESSAGE][INFO] - {"result_konsumen":"Reject","result_pasangan":"","Final_result":"Reject","errorMessage":"","status":"Done"}

2022-11-22 17:31:20 - [TEST_STEP][PASSED] - verifyElementPropertyValue(scoring, "Final_result", final_result): Verify element property value successfully

2022-11-22 17:31:20 - [MESSAGE][PASSED] - Verify element property value successfully]]></system-out>
         <system-err><![CDATA[]]></system-err>
      </testcase>
      <testcase name="Test Cases/Engine_Scoring/Engine Scoring" time="50.071" classname="Test Cases/Engine_Scoring/Engine Scoring" status="PASSED">
         <system-out><![CDATA[2022-11-22 17:31:20 - [TEST_CASE][PASSED] - Test Cases/Engine_Scoring/Engine Scoring: Test Cases/Engine_Scoring/Engine Scoring

2022-11-22 17:32:04 - [TEST_STEP][PASSED] - markPassed("Variasi data ke : " + no): Variasi data ke : 169

2022-11-22 17:32:04 - [MESSAGE][PASSED] - Variasi data ke : 169

2022-11-22 17:32:04 - [TEST_STEP][PASSED] - req_data = sendRequest(findTestObject("Search_ME", ["MID":MID, "source":source, "ip":ip, "userid":userid, "branch":branch, "tipekons":tipekons, "marital":marital, "penjamin":penjamin, ... ])): Send request successfully

2022-11-22 17:32:05 - [MESSAGE][INFO] - HAR: D:\DMS\Engine Scoring\Reports\20221122_171227\Exclude KKB - DS\Scoring Individu - DS\20221122_171227\requests\main\336.har

2022-11-22 17:32:05 - [MESSAGE][PASSED] - Send request successfully

2022-11-22 17:32:05 - [TEST_STEP][PASSED] - slurper = new groovy.json.JsonSlurper(): null

2022-11-22 17:32:05 - [TEST_STEP][PASSED] - result = slurper.parseText(req_data.getResponseBodyContent()): null

2022-11-22 17:32:06 - [TEST_STEP][PASSED] - reqid_kons = requestid1: null

2022-11-22 17:32:06 - [TEST_STEP][PASSED] - reqid_spouse = requestid2: null

2022-11-22 17:32:06 - [TEST_STEP][PASSED] - println("requestid kons : " + reqid_kons): null

2022-11-22 17:32:06 - [TEST_STEP][PASSED] - response_searchME_kons = reqid_kons: null

2022-11-22 17:32:06 - [TEST_STEP][PASSED] - response_searchME_spouse = reqid_spouse: null

2022-11-22 17:32:06 - [TEST_STEP][PASSED] - println("kons req id is :" + response_searchME_kons): null

2022-11-22 17:32:06 - [TEST_STEP][PASSED] - println("spouse req id is : " + response_searchME_spouse): null

2022-11-22 17:32:06 - [TEST_STEP][PASSED] - verifyResponseStatusCode(req_data, 200): Verify response status code successfully

2022-11-22 17:32:06 - [MESSAGE][PASSED] - Verify response status code successfully

2022-11-22 17:32:06 - [TEST_STEP][PASSED] - response = req_data.getResponseText(): null

2022-11-22 17:32:06 - [TEST_STEP][PASSED] - logInfo($response): {"status":"Done","data":{"requestid1":"242583","requestid2":""}}

2022-11-22 17:32:06 - [MESSAGE][INFO] - {"status":"Done","data":{"requestid1":"242583","requestid2":""}}

2022-11-22 17:32:06 - [TEST_STEP][PASSED] - delay(3): Delayed 3 second(s)

2022-11-22 17:32:09 - [MESSAGE][PASSED] - Delayed 3 second(s)

2022-11-22 17:32:09 - [TEST_STEP][PASSED] - scoring = sendRequest(findTestObject("EngineScore", ["response_searchME_kons":response_searchME_kons, "response_searchME_spouse":response_searchME_spouse])): Send request successfully

2022-11-22 17:32:10 - [MESSAGE][INFO] - HAR: D:\DMS\Engine Scoring\Reports\20221122_171227\Exclude KKB - DS\Scoring Individu - DS\20221122_171227\requests\main\337.har

2022-11-22 17:32:10 - [MESSAGE][PASSED] - Send request successfully

2022-11-22 17:32:10 - [TEST_STEP][PASSED] - verifyResponseStatusCode(scoring, 200): Verify response status code successfully

2022-11-22 17:32:10 - [MESSAGE][PASSED] - Verify response status code successfully

2022-11-22 17:32:10 - [TEST_STEP][PASSED] - response2 = scoring.getResponseText(): null

2022-11-22 17:32:10 - [TEST_STEP][PASSED] - markPassed("result service data ke : " + no): result service data ke : 169

2022-11-22 17:32:10 - [MESSAGE][PASSED] - result service data ke : 169

2022-11-22 17:32:10 - [TEST_STEP][PASSED] - logInfo($response2): {"result_konsumen":"Approve","result_pasangan":"","Final_result":"Approve","errorMessage":"","status":"Done"}

2022-11-22 17:32:10 - [MESSAGE][INFO] - {"result_konsumen":"Approve","result_pasangan":"","Final_result":"Approve","errorMessage":"","status":"Done"}

2022-11-22 17:32:10 - [TEST_STEP][PASSED] - verifyElementPropertyValue(scoring, "Final_result", final_result): Verify element property value successfully

2022-11-22 17:32:10 - [MESSAGE][PASSED] - Verify element property value successfully]]></system-out>
         <system-err><![CDATA[]]></system-err>
      </testcase>
      <testcase name="Test Cases/Engine_Scoring/Engine Scoring" time="5.35" classname="Test Cases/Engine_Scoring/Engine Scoring" status="PASSED">
         <system-out><![CDATA[2022-11-22 17:32:10 - [TEST_CASE][PASSED] - Test Cases/Engine_Scoring/Engine Scoring: Test Cases/Engine_Scoring/Engine Scoring

2022-11-22 17:32:11 - [TEST_STEP][PASSED] - markPassed("Variasi data ke : " + no): Variasi data ke : 170

2022-11-22 17:32:11 - [MESSAGE][PASSED] - Variasi data ke : 170

2022-11-22 17:32:11 - [TEST_STEP][PASSED] - req_data = sendRequest(findTestObject("Search_ME", ["MID":MID, "source":source, "ip":ip, "userid":userid, "branch":branch, "tipekons":tipekons, "marital":marital, "penjamin":penjamin, ... ])): Send request successfully

2022-11-22 17:32:12 - [MESSAGE][INFO] - HAR: D:\DMS\Engine Scoring\Reports\20221122_171227\Exclude KKB - DS\Scoring Individu - DS\20221122_171227\requests\main\338.har

2022-11-22 17:32:12 - [MESSAGE][PASSED] - Send request successfully

2022-11-22 17:32:12 - [TEST_STEP][PASSED] - slurper = new groovy.json.JsonSlurper(): null

2022-11-22 17:32:12 - [TEST_STEP][PASSED] - result = slurper.parseText(req_data.getResponseBodyContent()): null

2022-11-22 17:32:12 - [TEST_STEP][PASSED] - reqid_kons = requestid1: null

2022-11-22 17:32:12 - [TEST_STEP][PASSED] - reqid_spouse = requestid2: null

2022-11-22 17:32:12 - [TEST_STEP][PASSED] - println("requestid kons : " + reqid_kons): null

2022-11-22 17:32:12 - [TEST_STEP][PASSED] - response_searchME_kons = reqid_kons: null

2022-11-22 17:32:12 - [TEST_STEP][PASSED] - response_searchME_spouse = reqid_spouse: null

2022-11-22 17:32:12 - [TEST_STEP][PASSED] - println("kons req id is :" + response_searchME_kons): null

2022-11-22 17:32:12 - [TEST_STEP][PASSED] - println("spouse req id is : " + response_searchME_spouse): null

2022-11-22 17:32:12 - [TEST_STEP][PASSED] - verifyResponseStatusCode(req_data, 200): Verify response status code successfully

2022-11-22 17:32:12 - [MESSAGE][PASSED] - Verify response status code successfully

2022-11-22 17:32:12 - [TEST_STEP][PASSED] - response = req_data.getResponseText(): null

2022-11-22 17:32:12 - [TEST_STEP][PASSED] - logInfo($response): {"status":"Done","data":{"requestid1":"242584","requestid2":""}}

2022-11-22 17:32:12 - [MESSAGE][INFO] - {"status":"Done","data":{"requestid1":"242584","requestid2":""}}

2022-11-22 17:32:12 - [TEST_STEP][PASSED] - delay(3): Delayed 3 second(s)

2022-11-22 17:32:15 - [MESSAGE][PASSED] - Delayed 3 second(s)

2022-11-22 17:32:15 - [TEST_STEP][PASSED] - scoring = sendRequest(findTestObject("EngineScore", ["response_searchME_kons":response_searchME_kons, "response_searchME_spouse":response_searchME_spouse])): Send request successfully

2022-11-22 17:32:15 - [MESSAGE][INFO] - HAR: D:\DMS\Engine Scoring\Reports\20221122_171227\Exclude KKB - DS\Scoring Individu - DS\20221122_171227\requests\main\339.har

2022-11-22 17:32:15 - [MESSAGE][PASSED] - Send request successfully

2022-11-22 17:32:15 - [TEST_STEP][PASSED] - verifyResponseStatusCode(scoring, 200): Verify response status code successfully

2022-11-22 17:32:15 - [MESSAGE][PASSED] - Verify response status code successfully

2022-11-22 17:32:15 - [TEST_STEP][PASSED] - response2 = scoring.getResponseText(): null

2022-11-22 17:32:15 - [TEST_STEP][PASSED] - markPassed("result service data ke : " + no): result service data ke : 170

2022-11-22 17:32:15 - [MESSAGE][PASSED] - result service data ke : 170

2022-11-22 17:32:15 - [TEST_STEP][PASSED] - logInfo($response2): {"result_konsumen":"Approve","result_pasangan":"","Final_result":"Approve","errorMessage":"","status":"Done"}

2022-11-22 17:32:15 - [MESSAGE][INFO] - {"result_konsumen":"Approve","result_pasangan":"","Final_result":"Approve","errorMessage":"","status":"Done"}

2022-11-22 17:32:15 - [TEST_STEP][PASSED] - verifyElementPropertyValue(scoring, "Final_result", final_result): Verify element property value successfully

2022-11-22 17:32:15 - [MESSAGE][PASSED] - Verify element property value successfully]]></system-out>
         <system-err><![CDATA[]]></system-err>
      </testcase>
      <testcase name="Test Cases/Engine_Scoring/Engine Scoring" time="5.432" classname="Test Cases/Engine_Scoring/Engine Scoring" status="PASSED">
         <system-out><![CDATA[2022-11-22 17:32:15 - [TEST_CASE][PASSED] - Test Cases/Engine_Scoring/Engine Scoring: Test Cases/Engine_Scoring/Engine Scoring

2022-11-22 17:32:16 - [TEST_STEP][PASSED] - markPassed("Variasi data ke : " + no): Variasi data ke : 171

2022-11-22 17:32:16 - [MESSAGE][PASSED] - Variasi data ke : 171

2022-11-22 17:32:16 - [TEST_STEP][PASSED] - req_data = sendRequest(findTestObject("Search_ME", ["MID":MID, "source":source, "ip":ip, "userid":userid, "branch":branch, "tipekons":tipekons, "marital":marital, "penjamin":penjamin, ... ])): Send request successfully

2022-11-22 17:32:17 - [MESSAGE][INFO] - HAR: D:\DMS\Engine Scoring\Reports\20221122_171227\Exclude KKB - DS\Scoring Individu - DS\20221122_171227\requests\main\340.har

2022-11-22 17:32:17 - [MESSAGE][PASSED] - Send request successfully

2022-11-22 17:32:17 - [TEST_STEP][PASSED] - slurper = new groovy.json.JsonSlurper(): null

2022-11-22 17:32:17 - [TEST_STEP][PASSED] - result = slurper.parseText(req_data.getResponseBodyContent()): null

2022-11-22 17:32:17 - [TEST_STEP][PASSED] - reqid_kons = requestid1: null

2022-11-22 17:32:17 - [TEST_STEP][PASSED] - reqid_spouse = requestid2: null

2022-11-22 17:32:17 - [TEST_STEP][PASSED] - println("requestid kons : " + reqid_kons): null

2022-11-22 17:32:17 - [TEST_STEP][PASSED] - response_searchME_kons = reqid_kons: null

2022-11-22 17:32:17 - [TEST_STEP][PASSED] - response_searchME_spouse = reqid_spouse: null

2022-11-22 17:32:17 - [TEST_STEP][PASSED] - println("kons req id is :" + response_searchME_kons): null

2022-11-22 17:32:17 - [TEST_STEP][PASSED] - println("spouse req id is : " + response_searchME_spouse): null

2022-11-22 17:32:17 - [TEST_STEP][PASSED] - verifyResponseStatusCode(req_data, 200): Verify response status code successfully

2022-11-22 17:32:17 - [MESSAGE][PASSED] - Verify response status code successfully

2022-11-22 17:32:17 - [TEST_STEP][PASSED] - response = req_data.getResponseText(): null

2022-11-22 17:32:17 - [TEST_STEP][PASSED] - logInfo($response): {"status":"Done","data":{"requestid1":"242585","requestid2":""}}

2022-11-22 17:32:17 - [MESSAGE][INFO] - {"status":"Done","data":{"requestid1":"242585","requestid2":""}}

2022-11-22 17:32:17 - [TEST_STEP][PASSED] - delay(3): Delayed 3 second(s)

2022-11-22 17:32:20 - [MESSAGE][PASSED] - Delayed 3 second(s)

2022-11-22 17:32:20 - [TEST_STEP][PASSED] - scoring = sendRequest(findTestObject("EngineScore", ["response_searchME_kons":response_searchME_kons, "response_searchME_spouse":response_searchME_spouse])): Send request successfully

2022-11-22 17:32:21 - [MESSAGE][INFO] - HAR: D:\DMS\Engine Scoring\Reports\20221122_171227\Exclude KKB - DS\Scoring Individu - DS\20221122_171227\requests\main\341.har

2022-11-22 17:32:21 - [MESSAGE][PASSED] - Send request successfully

2022-11-22 17:32:21 - [TEST_STEP][PASSED] - verifyResponseStatusCode(scoring, 200): Verify response status code successfully

2022-11-22 17:32:21 - [MESSAGE][PASSED] - Verify response status code successfully

2022-11-22 17:32:21 - [TEST_STEP][PASSED] - response2 = scoring.getResponseText(): null

2022-11-22 17:32:21 - [TEST_STEP][PASSED] - markPassed("result service data ke : " + no): result service data ke : 171

2022-11-22 17:32:21 - [MESSAGE][PASSED] - result service data ke : 171

2022-11-22 17:32:21 - [TEST_STEP][PASSED] - logInfo($response2): {"result_konsumen":"Approve","result_pasangan":"","Final_result":"Approve","errorMessage":"","status":"Done"}

2022-11-22 17:32:21 - [MESSAGE][INFO] - {"result_konsumen":"Approve","result_pasangan":"","Final_result":"Approve","errorMessage":"","status":"Done"}

2022-11-22 17:32:21 - [TEST_STEP][PASSED] - verifyElementPropertyValue(scoring, "Final_result", final_result): Verify element property value successfully

2022-11-22 17:32:21 - [MESSAGE][PASSED] - Verify element property value successfully]]></system-out>
         <system-err><![CDATA[]]></system-err>
      </testcase>
      <testcase name="Test Cases/Engine_Scoring/Engine Scoring" time="5.482" classname="Test Cases/Engine_Scoring/Engine Scoring" status="PASSED">
         <system-out><![CDATA[2022-11-22 17:32:21 - [TEST_CASE][PASSED] - Test Cases/Engine_Scoring/Engine Scoring: Test Cases/Engine_Scoring/Engine Scoring

2022-11-22 17:32:22 - [TEST_STEP][PASSED] - markPassed("Variasi data ke : " + no): Variasi data ke : 172

2022-11-22 17:32:22 - [MESSAGE][PASSED] - Variasi data ke : 172

2022-11-22 17:32:22 - [TEST_STEP][PASSED] - req_data = sendRequest(findTestObject("Search_ME", ["MID":MID, "source":source, "ip":ip, "userid":userid, "branch":branch, "tipekons":tipekons, "marital":marital, "penjamin":penjamin, ... ])): Send request successfully

2022-11-22 17:32:23 - [MESSAGE][INFO] - HAR: D:\DMS\Engine Scoring\Reports\20221122_171227\Exclude KKB - DS\Scoring Individu - DS\20221122_171227\requests\main\342.har

2022-11-22 17:32:23 - [MESSAGE][PASSED] - Send request successfully

2022-11-22 17:32:23 - [TEST_STEP][PASSED] - slurper = new groovy.json.JsonSlurper(): null

2022-11-22 17:32:23 - [TEST_STEP][PASSED] - result = slurper.parseText(req_data.getResponseBodyContent()): null

2022-11-22 17:32:23 - [TEST_STEP][PASSED] - reqid_kons = requestid1: null

2022-11-22 17:32:23 - [TEST_STEP][PASSED] - reqid_spouse = requestid2: null

2022-11-22 17:32:23 - [TEST_STEP][PASSED] - println("requestid kons : " + reqid_kons): null

2022-11-22 17:32:23 - [TEST_STEP][PASSED] - response_searchME_kons = reqid_kons: null

2022-11-22 17:32:23 - [TEST_STEP][PASSED] - response_searchME_spouse = reqid_spouse: null

2022-11-22 17:32:23 - [TEST_STEP][PASSED] - println("kons req id is :" + response_searchME_kons): null

2022-11-22 17:32:23 - [TEST_STEP][PASSED] - println("spouse req id is : " + response_searchME_spouse): null

2022-11-22 17:32:23 - [TEST_STEP][PASSED] - verifyResponseStatusCode(req_data, 200): Verify response status code successfully

2022-11-22 17:32:23 - [MESSAGE][PASSED] - Verify response status code successfully

2022-11-22 17:32:23 - [TEST_STEP][PASSED] - response = req_data.getResponseText(): null

2022-11-22 17:32:23 - [TEST_STEP][PASSED] - logInfo($response): {"status":"Done","data":{"requestid1":"242586","requestid2":""}}

2022-11-22 17:32:23 - [MESSAGE][INFO] - {"status":"Done","data":{"requestid1":"242586","requestid2":""}}

2022-11-22 17:32:23 - [TEST_STEP][PASSED] - delay(3): Delayed 3 second(s)

2022-11-22 17:32:26 - [MESSAGE][PASSED] - Delayed 3 second(s)

2022-11-22 17:32:26 - [TEST_STEP][PASSED] - scoring = sendRequest(findTestObject("EngineScore", ["response_searchME_kons":response_searchME_kons, "response_searchME_spouse":response_searchME_spouse])): Send request successfully

2022-11-22 17:32:26 - [MESSAGE][INFO] - HAR: D:\DMS\Engine Scoring\Reports\20221122_171227\Exclude KKB - DS\Scoring Individu - DS\20221122_171227\requests\main\343.har

2022-11-22 17:32:26 - [MESSAGE][PASSED] - Send request successfully

2022-11-22 17:32:26 - [TEST_STEP][PASSED] - verifyResponseStatusCode(scoring, 200): Verify response status code successfully

2022-11-22 17:32:26 - [MESSAGE][PASSED] - Verify response status code successfully

2022-11-22 17:32:26 - [TEST_STEP][PASSED] - response2 = scoring.getResponseText(): null

2022-11-22 17:32:26 - [TEST_STEP][PASSED] - markPassed("result service data ke : " + no): result service data ke : 172

2022-11-22 17:32:26 - [MESSAGE][PASSED] - result service data ke : 172

2022-11-22 17:32:26 - [TEST_STEP][PASSED] - logInfo($response2): {"result_konsumen":"Approve","result_pasangan":"","Final_result":"Approve","errorMessage":"","status":"Done"}

2022-11-22 17:32:26 - [MESSAGE][INFO] - {"result_konsumen":"Approve","result_pasangan":"","Final_result":"Approve","errorMessage":"","status":"Done"}

2022-11-22 17:32:26 - [TEST_STEP][PASSED] - verifyElementPropertyValue(scoring, "Final_result", final_result): Verify element property value successfully

2022-11-22 17:32:26 - [MESSAGE][PASSED] - Verify element property value successfully]]></system-out>
         <system-err><![CDATA[]]></system-err>
      </testcase>
      <testcase name="Test Cases/Engine_Scoring/Engine Scoring" time="5.491" classname="Test Cases/Engine_Scoring/Engine Scoring" status="PASSED">
         <system-out><![CDATA[2022-11-22 17:32:26 - [TEST_CASE][PASSED] - Test Cases/Engine_Scoring/Engine Scoring: Test Cases/Engine_Scoring/Engine Scoring

2022-11-22 17:32:28 - [TEST_STEP][PASSED] - markPassed("Variasi data ke : " + no): Variasi data ke : 173

2022-11-22 17:32:28 - [MESSAGE][PASSED] - Variasi data ke : 173

2022-11-22 17:32:28 - [TEST_STEP][PASSED] - req_data = sendRequest(findTestObject("Search_ME", ["MID":MID, "source":source, "ip":ip, "userid":userid, "branch":branch, "tipekons":tipekons, "marital":marital, "penjamin":penjamin, ... ])): Send request successfully

2022-11-22 17:32:29 - [MESSAGE][INFO] - HAR: D:\DMS\Engine Scoring\Reports\20221122_171227\Exclude KKB - DS\Scoring Individu - DS\20221122_171227\requests\main\344.har

2022-11-22 17:32:29 - [MESSAGE][PASSED] - Send request successfully

2022-11-22 17:32:29 - [TEST_STEP][PASSED] - slurper = new groovy.json.JsonSlurper(): null

2022-11-22 17:32:29 - [TEST_STEP][PASSED] - result = slurper.parseText(req_data.getResponseBodyContent()): null

2022-11-22 17:32:29 - [TEST_STEP][PASSED] - reqid_kons = requestid1: null

2022-11-22 17:32:29 - [TEST_STEP][PASSED] - reqid_spouse = requestid2: null

2022-11-22 17:32:29 - [TEST_STEP][PASSED] - println("requestid kons : " + reqid_kons): null

2022-11-22 17:32:29 - [TEST_STEP][PASSED] - response_searchME_kons = reqid_kons: null

2022-11-22 17:32:29 - [TEST_STEP][PASSED] - response_searchME_spouse = reqid_spouse: null

2022-11-22 17:32:29 - [TEST_STEP][PASSED] - println("kons req id is :" + response_searchME_kons): null

2022-11-22 17:32:29 - [TEST_STEP][PASSED] - println("spouse req id is : " + response_searchME_spouse): null

2022-11-22 17:32:29 - [TEST_STEP][PASSED] - verifyResponseStatusCode(req_data, 200): Verify response status code successfully

2022-11-22 17:32:29 - [MESSAGE][PASSED] - Verify response status code successfully

2022-11-22 17:32:29 - [TEST_STEP][PASSED] - response = req_data.getResponseText(): null

2022-11-22 17:32:29 - [TEST_STEP][PASSED] - logInfo($response): {"status":"Done","data":{"requestid1":"242587","requestid2":""}}

2022-11-22 17:32:29 - [MESSAGE][INFO] - {"status":"Done","data":{"requestid1":"242587","requestid2":""}}

2022-11-22 17:32:29 - [TEST_STEP][PASSED] - delay(3): Delayed 3 second(s)

2022-11-22 17:32:32 - [MESSAGE][PASSED] - Delayed 3 second(s)

2022-11-22 17:32:32 - [TEST_STEP][PASSED] - scoring = sendRequest(findTestObject("EngineScore", ["response_searchME_kons":response_searchME_kons, "response_searchME_spouse":response_searchME_spouse])): Send request successfully

2022-11-22 17:32:32 - [MESSAGE][INFO] - HAR: D:\DMS\Engine Scoring\Reports\20221122_171227\Exclude KKB - DS\Scoring Individu - DS\20221122_171227\requests\main\345.har

2022-11-22 17:32:32 - [MESSAGE][PASSED] - Send request successfully

2022-11-22 17:32:32 - [TEST_STEP][PASSED] - verifyResponseStatusCode(scoring, 200): Verify response status code successfully

2022-11-22 17:32:32 - [MESSAGE][PASSED] - Verify response status code successfully

2022-11-22 17:32:32 - [TEST_STEP][PASSED] - response2 = scoring.getResponseText(): null

2022-11-22 17:32:32 - [TEST_STEP][PASSED] - markPassed("result service data ke : " + no): result service data ke : 173

2022-11-22 17:32:32 - [MESSAGE][PASSED] - result service data ke : 173

2022-11-22 17:32:32 - [TEST_STEP][PASSED] - logInfo($response2): {"result_konsumen":"Reject","result_pasangan":"","Final_result":"Reject","errorMessage":"","status":"Done"}

2022-11-22 17:32:32 - [MESSAGE][INFO] - {"result_konsumen":"Reject","result_pasangan":"","Final_result":"Reject","errorMessage":"","status":"Done"}

2022-11-22 17:32:32 - [TEST_STEP][PASSED] - verifyElementPropertyValue(scoring, "Final_result", final_result): Verify element property value successfully

2022-11-22 17:32:32 - [MESSAGE][PASSED] - Verify element property value successfully]]></system-out>
         <system-err><![CDATA[]]></system-err>
      </testcase>
      <testcase name="Test Cases/Engine_Scoring/Engine Scoring" time="5.588" classname="Test Cases/Engine_Scoring/Engine Scoring" status="PASSED">
         <system-out><![CDATA[2022-11-22 17:32:32 - [TEST_CASE][PASSED] - Test Cases/Engine_Scoring/Engine Scoring: Test Cases/Engine_Scoring/Engine Scoring

2022-11-22 17:32:33 - [TEST_STEP][PASSED] - markPassed("Variasi data ke : " + no): Variasi data ke : 174

2022-11-22 17:32:33 - [MESSAGE][PASSED] - Variasi data ke : 174

2022-11-22 17:32:33 - [TEST_STEP][PASSED] - req_data = sendRequest(findTestObject("Search_ME", ["MID":MID, "source":source, "ip":ip, "userid":userid, "branch":branch, "tipekons":tipekons, "marital":marital, "penjamin":penjamin, ... ])): Send request successfully

2022-11-22 17:32:34 - [MESSAGE][INFO] - HAR: D:\DMS\Engine Scoring\Reports\20221122_171227\Exclude KKB - DS\Scoring Individu - DS\20221122_171227\requests\main\346.har

2022-11-22 17:32:34 - [MESSAGE][PASSED] - Send request successfully

2022-11-22 17:32:34 - [TEST_STEP][PASSED] - slurper = new groovy.json.JsonSlurper(): null

2022-11-22 17:32:34 - [TEST_STEP][PASSED] - result = slurper.parseText(req_data.getResponseBodyContent()): null

2022-11-22 17:32:34 - [TEST_STEP][PASSED] - reqid_kons = requestid1: null

2022-11-22 17:32:34 - [TEST_STEP][PASSED] - reqid_spouse = requestid2: null

2022-11-22 17:32:34 - [TEST_STEP][PASSED] - println("requestid kons : " + reqid_kons): null

2022-11-22 17:32:34 - [TEST_STEP][PASSED] - response_searchME_kons = reqid_kons: null

2022-11-22 17:32:34 - [TEST_STEP][PASSED] - response_searchME_spouse = reqid_spouse: null

2022-11-22 17:32:34 - [TEST_STEP][PASSED] - println("kons req id is :" + response_searchME_kons): null

2022-11-22 17:32:34 - [TEST_STEP][PASSED] - println("spouse req id is : " + response_searchME_spouse): null

2022-11-22 17:32:34 - [TEST_STEP][PASSED] - verifyResponseStatusCode(req_data, 200): Verify response status code successfully

2022-11-22 17:32:34 - [MESSAGE][PASSED] - Verify response status code successfully

2022-11-22 17:32:34 - [TEST_STEP][PASSED] - response = req_data.getResponseText(): null

2022-11-22 17:32:34 - [TEST_STEP][PASSED] - logInfo($response): {"status":"Done","data":{"requestid1":"242588","requestid2":""}}

2022-11-22 17:32:34 - [MESSAGE][INFO] - {"status":"Done","data":{"requestid1":"242588","requestid2":""}}

2022-11-22 17:32:34 - [TEST_STEP][PASSED] - delay(3): Delayed 3 second(s)

2022-11-22 17:32:37 - [MESSAGE][PASSED] - Delayed 3 second(s)

2022-11-22 17:32:37 - [TEST_STEP][PASSED] - scoring = sendRequest(findTestObject("EngineScore", ["response_searchME_kons":response_searchME_kons, "response_searchME_spouse":response_searchME_spouse])): Send request successfully

2022-11-22 17:32:38 - [MESSAGE][INFO] - HAR: D:\DMS\Engine Scoring\Reports\20221122_171227\Exclude KKB - DS\Scoring Individu - DS\20221122_171227\requests\main\347.har

2022-11-22 17:32:38 - [MESSAGE][PASSED] - Send request successfully

2022-11-22 17:32:38 - [TEST_STEP][PASSED] - verifyResponseStatusCode(scoring, 200): Verify response status code successfully

2022-11-22 17:32:38 - [MESSAGE][PASSED] - Verify response status code successfully

2022-11-22 17:32:38 - [TEST_STEP][PASSED] - response2 = scoring.getResponseText(): null

2022-11-22 17:32:38 - [TEST_STEP][PASSED] - markPassed("result service data ke : " + no): result service data ke : 174

2022-11-22 17:32:38 - [MESSAGE][PASSED] - result service data ke : 174

2022-11-22 17:32:38 - [TEST_STEP][PASSED] - logInfo($response2): {"result_konsumen":"Reject","result_pasangan":"","Final_result":"Reject","errorMessage":"","status":"Done"}

2022-11-22 17:32:38 - [MESSAGE][INFO] - {"result_konsumen":"Reject","result_pasangan":"","Final_result":"Reject","errorMessage":"","status":"Done"}

2022-11-22 17:32:38 - [TEST_STEP][PASSED] - verifyElementPropertyValue(scoring, "Final_result", final_result): Verify element property value successfully

2022-11-22 17:32:38 - [MESSAGE][PASSED] - Verify element property value successfully]]></system-out>
         <system-err><![CDATA[]]></system-err>
      </testcase>
      <testcase name="Test Cases/Engine_Scoring/Engine Scoring" time="5.472" classname="Test Cases/Engine_Scoring/Engine Scoring" status="PASSED">
         <system-out><![CDATA[2022-11-22 17:32:38 - [TEST_CASE][PASSED] - Test Cases/Engine_Scoring/Engine Scoring: Test Cases/Engine_Scoring/Engine Scoring

2022-11-22 17:32:39 - [TEST_STEP][PASSED] - markPassed("Variasi data ke : " + no): Variasi data ke : 175

2022-11-22 17:32:39 - [MESSAGE][PASSED] - Variasi data ke : 175

2022-11-22 17:32:39 - [TEST_STEP][PASSED] - req_data = sendRequest(findTestObject("Search_ME", ["MID":MID, "source":source, "ip":ip, "userid":userid, "branch":branch, "tipekons":tipekons, "marital":marital, "penjamin":penjamin, ... ])): Send request successfully

2022-11-22 17:32:40 - [MESSAGE][INFO] - HAR: D:\DMS\Engine Scoring\Reports\20221122_171227\Exclude KKB - DS\Scoring Individu - DS\20221122_171227\requests\main\348.har

2022-11-22 17:32:40 - [MESSAGE][PASSED] - Send request successfully

2022-11-22 17:32:40 - [TEST_STEP][PASSED] - slurper = new groovy.json.JsonSlurper(): null

2022-11-22 17:32:40 - [TEST_STEP][PASSED] - result = slurper.parseText(req_data.getResponseBodyContent()): null

2022-11-22 17:32:40 - [TEST_STEP][PASSED] - reqid_kons = requestid1: null

2022-11-22 17:32:40 - [TEST_STEP][PASSED] - reqid_spouse = requestid2: null

2022-11-22 17:32:40 - [TEST_STEP][PASSED] - println("requestid kons : " + reqid_kons): null

2022-11-22 17:32:40 - [TEST_STEP][PASSED] - response_searchME_kons = reqid_kons: null

2022-11-22 17:32:40 - [TEST_STEP][PASSED] - response_searchME_spouse = reqid_spouse: null

2022-11-22 17:32:40 - [TEST_STEP][PASSED] - println("kons req id is :" + response_searchME_kons): null

2022-11-22 17:32:40 - [TEST_STEP][PASSED] - println("spouse req id is : " + response_searchME_spouse): null

2022-11-22 17:32:40 - [TEST_STEP][PASSED] - verifyResponseStatusCode(req_data, 200): Verify response status code successfully

2022-11-22 17:32:40 - [MESSAGE][PASSED] - Verify response status code successfully

2022-11-22 17:32:40 - [TEST_STEP][PASSED] - response = req_data.getResponseText(): null

2022-11-22 17:32:40 - [TEST_STEP][PASSED] - logInfo($response): {"status":"Done","data":{"requestid1":"242589","requestid2":""}}

2022-11-22 17:32:40 - [MESSAGE][INFO] - {"status":"Done","data":{"requestid1":"242589","requestid2":""}}

2022-11-22 17:32:40 - [TEST_STEP][PASSED] - delay(3): Delayed 3 second(s)

2022-11-22 17:32:43 - [MESSAGE][PASSED] - Delayed 3 second(s)

2022-11-22 17:32:43 - [TEST_STEP][PASSED] - scoring = sendRequest(findTestObject("EngineScore", ["response_searchME_kons":response_searchME_kons, "response_searchME_spouse":response_searchME_spouse])): Send request successfully

2022-11-22 17:32:43 - [MESSAGE][INFO] - HAR: D:\DMS\Engine Scoring\Reports\20221122_171227\Exclude KKB - DS\Scoring Individu - DS\20221122_171227\requests\main\349.har

2022-11-22 17:32:43 - [MESSAGE][PASSED] - Send request successfully

2022-11-22 17:32:43 - [TEST_STEP][PASSED] - verifyResponseStatusCode(scoring, 200): Verify response status code successfully

2022-11-22 17:32:43 - [MESSAGE][PASSED] - Verify response status code successfully

2022-11-22 17:32:43 - [TEST_STEP][PASSED] - response2 = scoring.getResponseText(): null

2022-11-22 17:32:43 - [TEST_STEP][PASSED] - markPassed("result service data ke : " + no): result service data ke : 175

2022-11-22 17:32:43 - [MESSAGE][PASSED] - result service data ke : 175

2022-11-22 17:32:43 - [TEST_STEP][PASSED] - logInfo($response2): {"result_konsumen":"Reguler","result_pasangan":"","Final_result":"Reguler","errorMessage":"","status":"Done"}

2022-11-22 17:32:43 - [MESSAGE][INFO] - {"result_konsumen":"Reguler","result_pasangan":"","Final_result":"Reguler","errorMessage":"","status":"Done"}

2022-11-22 17:32:43 - [TEST_STEP][PASSED] - verifyElementPropertyValue(scoring, "Final_result", final_result): Verify element property value successfully

2022-11-22 17:32:43 - [MESSAGE][PASSED] - Verify element property value successfully]]></system-out>
         <system-err><![CDATA[]]></system-err>
      </testcase>
      <testcase name="Test Cases/Engine_Scoring/Engine Scoring" time="5.443" classname="Test Cases/Engine_Scoring/Engine Scoring" status="PASSED">
         <system-out><![CDATA[2022-11-22 17:32:43 - [TEST_CASE][PASSED] - Test Cases/Engine_Scoring/Engine Scoring: Test Cases/Engine_Scoring/Engine Scoring

2022-11-22 17:32:44 - [TEST_STEP][PASSED] - markPassed("Variasi data ke : " + no): Variasi data ke : 176

2022-11-22 17:32:44 - [MESSAGE][PASSED] - Variasi data ke : 176

2022-11-22 17:32:44 - [TEST_STEP][PASSED] - req_data = sendRequest(findTestObject("Search_ME", ["MID":MID, "source":source, "ip":ip, "userid":userid, "branch":branch, "tipekons":tipekons, "marital":marital, "penjamin":penjamin, ... ])): Send request successfully

2022-11-22 17:32:45 - [MESSAGE][INFO] - HAR: D:\DMS\Engine Scoring\Reports\20221122_171227\Exclude KKB - DS\Scoring Individu - DS\20221122_171227\requests\main\350.har

2022-11-22 17:32:45 - [MESSAGE][PASSED] - Send request successfully

2022-11-22 17:32:45 - [TEST_STEP][PASSED] - slurper = new groovy.json.JsonSlurper(): null

2022-11-22 17:32:45 - [TEST_STEP][PASSED] - result = slurper.parseText(req_data.getResponseBodyContent()): null

2022-11-22 17:32:45 - [TEST_STEP][PASSED] - reqid_kons = requestid1: null

2022-11-22 17:32:45 - [TEST_STEP][PASSED] - reqid_spouse = requestid2: null

2022-11-22 17:32:45 - [TEST_STEP][PASSED] - println("requestid kons : " + reqid_kons): null

2022-11-22 17:32:45 - [TEST_STEP][PASSED] - response_searchME_kons = reqid_kons: null

2022-11-22 17:32:45 - [TEST_STEP][PASSED] - response_searchME_spouse = reqid_spouse: null

2022-11-22 17:32:45 - [TEST_STEP][PASSED] - println("kons req id is :" + response_searchME_kons): null

2022-11-22 17:32:45 - [TEST_STEP][PASSED] - println("spouse req id is : " + response_searchME_spouse): null

2022-11-22 17:32:45 - [TEST_STEP][PASSED] - verifyResponseStatusCode(req_data, 200): Verify response status code successfully

2022-11-22 17:32:45 - [MESSAGE][PASSED] - Verify response status code successfully

2022-11-22 17:32:45 - [TEST_STEP][PASSED] - response = req_data.getResponseText(): null

2022-11-22 17:32:45 - [TEST_STEP][PASSED] - logInfo($response): {"status":"Done","data":{"requestid1":"242590","requestid2":""}}

2022-11-22 17:32:45 - [MESSAGE][INFO] - {"status":"Done","data":{"requestid1":"242590","requestid2":""}}

2022-11-22 17:32:45 - [TEST_STEP][PASSED] - delay(3): Delayed 3 second(s)

2022-11-22 17:32:48 - [MESSAGE][PASSED] - Delayed 3 second(s)

2022-11-22 17:32:48 - [TEST_STEP][PASSED] - scoring = sendRequest(findTestObject("EngineScore", ["response_searchME_kons":response_searchME_kons, "response_searchME_spouse":response_searchME_spouse])): Send request successfully

2022-11-22 17:32:49 - [MESSAGE][INFO] - HAR: D:\DMS\Engine Scoring\Reports\20221122_171227\Exclude KKB - DS\Scoring Individu - DS\20221122_171227\requests\main\351.har

2022-11-22 17:32:49 - [MESSAGE][PASSED] - Send request successfully

2022-11-22 17:32:49 - [TEST_STEP][PASSED] - verifyResponseStatusCode(scoring, 200): Verify response status code successfully

2022-11-22 17:32:49 - [MESSAGE][PASSED] - Verify response status code successfully

2022-11-22 17:32:49 - [TEST_STEP][PASSED] - response2 = scoring.getResponseText(): null

2022-11-22 17:32:49 - [TEST_STEP][PASSED] - markPassed("result service data ke : " + no): result service data ke : 176

2022-11-22 17:32:49 - [MESSAGE][PASSED] - result service data ke : 176

2022-11-22 17:32:49 - [TEST_STEP][PASSED] - logInfo($response2): {"result_konsumen":"Reguler","result_pasangan":"","Final_result":"Reguler","errorMessage":"","status":"Done"}

2022-11-22 17:32:49 - [MESSAGE][INFO] - {"result_konsumen":"Reguler","result_pasangan":"","Final_result":"Reguler","errorMessage":"","status":"Done"}

2022-11-22 17:32:49 - [TEST_STEP][PASSED] - verifyElementPropertyValue(scoring, "Final_result", final_result): Verify element property value successfully

2022-11-22 17:32:49 - [MESSAGE][PASSED] - Verify element property value successfully]]></system-out>
         <system-err><![CDATA[]]></system-err>
      </testcase>
      <testcase name="Test Cases/Engine_Scoring/Engine Scoring" time="5.785" classname="Test Cases/Engine_Scoring/Engine Scoring" status="PASSED">
         <system-out><![CDATA[2022-11-22 17:32:49 - [TEST_CASE][PASSED] - Test Cases/Engine_Scoring/Engine Scoring: Test Cases/Engine_Scoring/Engine Scoring

2022-11-22 17:32:50 - [TEST_STEP][PASSED] - markPassed("Variasi data ke : " + no): Variasi data ke : 177

2022-11-22 17:32:50 - [MESSAGE][PASSED] - Variasi data ke : 177

2022-11-22 17:32:50 - [TEST_STEP][PASSED] - req_data = sendRequest(findTestObject("Search_ME", ["MID":MID, "source":source, "ip":ip, "userid":userid, "branch":branch, "tipekons":tipekons, "marital":marital, "penjamin":penjamin, ... ])): Send request successfully

2022-11-22 17:32:51 - [MESSAGE][INFO] - HAR: D:\DMS\Engine Scoring\Reports\20221122_171227\Exclude KKB - DS\Scoring Individu - DS\20221122_171227\requests\main\352.har

2022-11-22 17:32:51 - [MESSAGE][PASSED] - Send request successfully

2022-11-22 17:32:51 - [TEST_STEP][PASSED] - slurper = new groovy.json.JsonSlurper(): null

2022-11-22 17:32:51 - [TEST_STEP][PASSED] - result = slurper.parseText(req_data.getResponseBodyContent()): null

2022-11-22 17:32:51 - [TEST_STEP][PASSED] - reqid_kons = requestid1: null

2022-11-22 17:32:51 - [TEST_STEP][PASSED] - reqid_spouse = requestid2: null

2022-11-22 17:32:51 - [TEST_STEP][PASSED] - println("requestid kons : " + reqid_kons): null

2022-11-22 17:32:51 - [TEST_STEP][PASSED] - response_searchME_kons = reqid_kons: null

2022-11-22 17:32:51 - [TEST_STEP][PASSED] - response_searchME_spouse = reqid_spouse: null

2022-11-22 17:32:51 - [TEST_STEP][PASSED] - println("kons req id is :" + response_searchME_kons): null

2022-11-22 17:32:51 - [TEST_STEP][PASSED] - println("spouse req id is : " + response_searchME_spouse): null

2022-11-22 17:32:51 - [TEST_STEP][PASSED] - verifyResponseStatusCode(req_data, 200): Verify response status code successfully

2022-11-22 17:32:51 - [MESSAGE][PASSED] - Verify response status code successfully

2022-11-22 17:32:51 - [TEST_STEP][PASSED] - response = req_data.getResponseText(): null

2022-11-22 17:32:51 - [TEST_STEP][PASSED] - logInfo($response): {"status":"Done","data":{"requestid1":"242591","requestid2":""}}

2022-11-22 17:32:51 - [MESSAGE][INFO] - {"status":"Done","data":{"requestid1":"242591","requestid2":""}}

2022-11-22 17:32:51 - [TEST_STEP][PASSED] - delay(3): Delayed 3 second(s)

2022-11-22 17:32:54 - [MESSAGE][PASSED] - Delayed 3 second(s)

2022-11-22 17:32:54 - [TEST_STEP][PASSED] - scoring = sendRequest(findTestObject("EngineScore", ["response_searchME_kons":response_searchME_kons, "response_searchME_spouse":response_searchME_spouse])): Send request successfully

2022-11-22 17:32:54 - [MESSAGE][INFO] - HAR: D:\DMS\Engine Scoring\Reports\20221122_171227\Exclude KKB - DS\Scoring Individu - DS\20221122_171227\requests\main\353.har

2022-11-22 17:32:54 - [MESSAGE][PASSED] - Send request successfully

2022-11-22 17:32:54 - [TEST_STEP][PASSED] - verifyResponseStatusCode(scoring, 200): Verify response status code successfully

2022-11-22 17:32:54 - [MESSAGE][PASSED] - Verify response status code successfully

2022-11-22 17:32:54 - [TEST_STEP][PASSED] - response2 = scoring.getResponseText(): null

2022-11-22 17:32:54 - [TEST_STEP][PASSED] - markPassed("result service data ke : " + no): result service data ke : 177

2022-11-22 17:32:54 - [MESSAGE][PASSED] - result service data ke : 177

2022-11-22 17:32:54 - [TEST_STEP][PASSED] - logInfo($response2): {"result_konsumen":"Reguler","result_pasangan":"","Final_result":"Reguler","errorMessage":"","status":"Done"}

2022-11-22 17:32:54 - [MESSAGE][INFO] - {"result_konsumen":"Reguler","result_pasangan":"","Final_result":"Reguler","errorMessage":"","status":"Done"}

2022-11-22 17:32:54 - [TEST_STEP][PASSED] - verifyElementPropertyValue(scoring, "Final_result", final_result): Verify element property value successfully

2022-11-22 17:32:54 - [MESSAGE][PASSED] - Verify element property value successfully]]></system-out>
         <system-err><![CDATA[]]></system-err>
      </testcase>
      <testcase name="Test Cases/Engine_Scoring/Engine Scoring" time="5.68" classname="Test Cases/Engine_Scoring/Engine Scoring" status="PASSED">
         <system-out><![CDATA[2022-11-22 17:32:55 - [TEST_CASE][PASSED] - Test Cases/Engine_Scoring/Engine Scoring: Test Cases/Engine_Scoring/Engine Scoring

2022-11-22 17:32:56 - [TEST_STEP][PASSED] - markPassed("Variasi data ke : " + no): Variasi data ke : 178

2022-11-22 17:32:56 - [MESSAGE][PASSED] - Variasi data ke : 178

2022-11-22 17:32:56 - [TEST_STEP][PASSED] - req_data = sendRequest(findTestObject("Search_ME", ["MID":MID, "source":source, "ip":ip, "userid":userid, "branch":branch, "tipekons":tipekons, "marital":marital, "penjamin":penjamin, ... ])): Send request successfully

2022-11-22 17:32:57 - [MESSAGE][INFO] - HAR: D:\DMS\Engine Scoring\Reports\20221122_171227\Exclude KKB - DS\Scoring Individu - DS\20221122_171227\requests\main\354.har

2022-11-22 17:32:57 - [MESSAGE][PASSED] - Send request successfully

2022-11-22 17:32:57 - [TEST_STEP][PASSED] - slurper = new groovy.json.JsonSlurper(): null

2022-11-22 17:32:57 - [TEST_STEP][PASSED] - result = slurper.parseText(req_data.getResponseBodyContent()): null

2022-11-22 17:32:57 - [TEST_STEP][PASSED] - reqid_kons = requestid1: null

2022-11-22 17:32:57 - [TEST_STEP][PASSED] - reqid_spouse = requestid2: null

2022-11-22 17:32:57 - [TEST_STEP][PASSED] - println("requestid kons : " + reqid_kons): null

2022-11-22 17:32:57 - [TEST_STEP][PASSED] - response_searchME_kons = reqid_kons: null

2022-11-22 17:32:57 - [TEST_STEP][PASSED] - response_searchME_spouse = reqid_spouse: null

2022-11-22 17:32:57 - [TEST_STEP][PASSED] - println("kons req id is :" + response_searchME_kons): null

2022-11-22 17:32:57 - [TEST_STEP][PASSED] - println("spouse req id is : " + response_searchME_spouse): null

2022-11-22 17:32:57 - [TEST_STEP][PASSED] - verifyResponseStatusCode(req_data, 200): Verify response status code successfully

2022-11-22 17:32:57 - [MESSAGE][PASSED] - Verify response status code successfully

2022-11-22 17:32:57 - [TEST_STEP][PASSED] - response = req_data.getResponseText(): null

2022-11-22 17:32:57 - [TEST_STEP][PASSED] - logInfo($response): {"status":"Done","data":{"requestid1":"242592","requestid2":""}}

2022-11-22 17:32:57 - [MESSAGE][INFO] - {"status":"Done","data":{"requestid1":"242592","requestid2":""}}

2022-11-22 17:32:57 - [TEST_STEP][PASSED] - delay(3): Delayed 3 second(s)

2022-11-22 17:33:00 - [MESSAGE][PASSED] - Delayed 3 second(s)

2022-11-22 17:33:00 - [TEST_STEP][PASSED] - scoring = sendRequest(findTestObject("EngineScore", ["response_searchME_kons":response_searchME_kons, "response_searchME_spouse":response_searchME_spouse])): Send request successfully

2022-11-22 17:33:00 - [MESSAGE][INFO] - HAR: D:\DMS\Engine Scoring\Reports\20221122_171227\Exclude KKB - DS\Scoring Individu - DS\20221122_171227\requests\main\355.har

2022-11-22 17:33:00 - [MESSAGE][PASSED] - Send request successfully

2022-11-22 17:33:00 - [TEST_STEP][PASSED] - verifyResponseStatusCode(scoring, 200): Verify response status code successfully

2022-11-22 17:33:00 - [MESSAGE][PASSED] - Verify response status code successfully

2022-11-22 17:33:00 - [TEST_STEP][PASSED] - response2 = scoring.getResponseText(): null

2022-11-22 17:33:00 - [TEST_STEP][PASSED] - markPassed("result service data ke : " + no): result service data ke : 178

2022-11-22 17:33:00 - [MESSAGE][PASSED] - result service data ke : 178

2022-11-22 17:33:00 - [TEST_STEP][PASSED] - logInfo($response2): {"result_konsumen":"Reguler","result_pasangan":"","Final_result":"Reguler","errorMessage":"","status":"Done"}

2022-11-22 17:33:00 - [MESSAGE][INFO] - {"result_konsumen":"Reguler","result_pasangan":"","Final_result":"Reguler","errorMessage":"","status":"Done"}

2022-11-22 17:33:00 - [TEST_STEP][PASSED] - verifyElementPropertyValue(scoring, "Final_result", final_result): Verify element property value successfully

2022-11-22 17:33:00 - [MESSAGE][PASSED] - Verify element property value successfully]]></system-out>
         <system-err><![CDATA[]]></system-err>
      </testcase>
      <testcase name="Test Cases/Engine_Scoring/Engine Scoring" time="5.623" classname="Test Cases/Engine_Scoring/Engine Scoring" status="PASSED">
         <system-out><![CDATA[2022-11-22 17:33:00 - [TEST_CASE][PASSED] - Test Cases/Engine_Scoring/Engine Scoring: Test Cases/Engine_Scoring/Engine Scoring

2022-11-22 17:33:01 - [TEST_STEP][PASSED] - markPassed("Variasi data ke : " + no): Variasi data ke : 179

2022-11-22 17:33:01 - [MESSAGE][PASSED] - Variasi data ke : 179

2022-11-22 17:33:01 - [TEST_STEP][PASSED] - req_data = sendRequest(findTestObject("Search_ME", ["MID":MID, "source":source, "ip":ip, "userid":userid, "branch":branch, "tipekons":tipekons, "marital":marital, "penjamin":penjamin, ... ])): Send request successfully

2022-11-22 17:33:03 - [MESSAGE][INFO] - HAR: D:\DMS\Engine Scoring\Reports\20221122_171227\Exclude KKB - DS\Scoring Individu - DS\20221122_171227\requests\main\356.har

2022-11-22 17:33:03 - [MESSAGE][PASSED] - Send request successfully

2022-11-22 17:33:03 - [TEST_STEP][PASSED] - slurper = new groovy.json.JsonSlurper(): null

2022-11-22 17:33:03 - [TEST_STEP][PASSED] - result = slurper.parseText(req_data.getResponseBodyContent()): null

2022-11-22 17:33:03 - [TEST_STEP][PASSED] - reqid_kons = requestid1: null

2022-11-22 17:33:03 - [TEST_STEP][PASSED] - reqid_spouse = requestid2: null

2022-11-22 17:33:03 - [TEST_STEP][PASSED] - println("requestid kons : " + reqid_kons): null

2022-11-22 17:33:03 - [TEST_STEP][PASSED] - response_searchME_kons = reqid_kons: null

2022-11-22 17:33:03 - [TEST_STEP][PASSED] - response_searchME_spouse = reqid_spouse: null

2022-11-22 17:33:03 - [TEST_STEP][PASSED] - println("kons req id is :" + response_searchME_kons): null

2022-11-22 17:33:03 - [TEST_STEP][PASSED] - println("spouse req id is : " + response_searchME_spouse): null

2022-11-22 17:33:03 - [TEST_STEP][PASSED] - verifyResponseStatusCode(req_data, 200): Verify response status code successfully

2022-11-22 17:33:03 - [MESSAGE][PASSED] - Verify response status code successfully

2022-11-22 17:33:03 - [TEST_STEP][PASSED] - response = req_data.getResponseText(): null

2022-11-22 17:33:03 - [TEST_STEP][PASSED] - logInfo($response): {"status":"Done","data":{"requestid1":"242593","requestid2":""}}

2022-11-22 17:33:03 - [MESSAGE][INFO] - {"status":"Done","data":{"requestid1":"242593","requestid2":""}}

2022-11-22 17:33:03 - [TEST_STEP][PASSED] - delay(3): Delayed 3 second(s)

2022-11-22 17:33:06 - [MESSAGE][PASSED] - Delayed 3 second(s)

2022-11-22 17:33:06 - [TEST_STEP][PASSED] - scoring = sendRequest(findTestObject("EngineScore", ["response_searchME_kons":response_searchME_kons, "response_searchME_spouse":response_searchME_spouse])): Send request successfully

2022-11-22 17:33:06 - [MESSAGE][INFO] - HAR: D:\DMS\Engine Scoring\Reports\20221122_171227\Exclude KKB - DS\Scoring Individu - DS\20221122_171227\requests\main\357.har

2022-11-22 17:33:06 - [MESSAGE][PASSED] - Send request successfully

2022-11-22 17:33:06 - [TEST_STEP][PASSED] - verifyResponseStatusCode(scoring, 200): Verify response status code successfully

2022-11-22 17:33:06 - [MESSAGE][PASSED] - Verify response status code successfully

2022-11-22 17:33:06 - [TEST_STEP][PASSED] - response2 = scoring.getResponseText(): null

2022-11-22 17:33:06 - [TEST_STEP][PASSED] - markPassed("result service data ke : " + no): result service data ke : 179

2022-11-22 17:33:06 - [MESSAGE][PASSED] - result service data ke : 179

2022-11-22 17:33:06 - [TEST_STEP][PASSED] - logInfo($response2): {"result_konsumen":"Reguler","result_pasangan":"","Final_result":"Reguler","errorMessage":"","status":"Done"}

2022-11-22 17:33:06 - [MESSAGE][INFO] - {"result_konsumen":"Reguler","result_pasangan":"","Final_result":"Reguler","errorMessage":"","status":"Done"}

2022-11-22 17:33:06 - [TEST_STEP][PASSED] - verifyElementPropertyValue(scoring, "Final_result", final_result): Verify element property value successfully

2022-11-22 17:33:06 - [MESSAGE][PASSED] - Verify element property value successfully]]></system-out>
         <system-err><![CDATA[]]></system-err>
      </testcase>
      <testcase name="Test Cases/Engine_Scoring/Engine Scoring" time="5.749" classname="Test Cases/Engine_Scoring/Engine Scoring" status="PASSED">
         <system-out><![CDATA[2022-11-22 17:33:06 - [TEST_CASE][PASSED] - Test Cases/Engine_Scoring/Engine Scoring: Test Cases/Engine_Scoring/Engine Scoring

2022-11-22 17:33:07 - [TEST_STEP][PASSED] - markPassed("Variasi data ke : " + no): Variasi data ke : 180

2022-11-22 17:33:07 - [MESSAGE][PASSED] - Variasi data ke : 180

2022-11-22 17:33:07 - [TEST_STEP][PASSED] - req_data = sendRequest(findTestObject("Search_ME", ["MID":MID, "source":source, "ip":ip, "userid":userid, "branch":branch, "tipekons":tipekons, "marital":marital, "penjamin":penjamin, ... ])): Send request successfully

2022-11-22 17:33:08 - [MESSAGE][INFO] - HAR: D:\DMS\Engine Scoring\Reports\20221122_171227\Exclude KKB - DS\Scoring Individu - DS\20221122_171227\requests\main\358.har

2022-11-22 17:33:09 - [MESSAGE][PASSED] - Send request successfully

2022-11-22 17:33:09 - [TEST_STEP][PASSED] - slurper = new groovy.json.JsonSlurper(): null

2022-11-22 17:33:09 - [TEST_STEP][PASSED] - result = slurper.parseText(req_data.getResponseBodyContent()): null

2022-11-22 17:33:09 - [TEST_STEP][PASSED] - reqid_kons = requestid1: null

2022-11-22 17:33:09 - [TEST_STEP][PASSED] - reqid_spouse = requestid2: null

2022-11-22 17:33:09 - [TEST_STEP][PASSED] - println("requestid kons : " + reqid_kons): null

2022-11-22 17:33:09 - [TEST_STEP][PASSED] - response_searchME_kons = reqid_kons: null

2022-11-22 17:33:09 - [TEST_STEP][PASSED] - response_searchME_spouse = reqid_spouse: null

2022-11-22 17:33:09 - [TEST_STEP][PASSED] - println("kons req id is :" + response_searchME_kons): null

2022-11-22 17:33:09 - [TEST_STEP][PASSED] - println("spouse req id is : " + response_searchME_spouse): null

2022-11-22 17:33:09 - [TEST_STEP][PASSED] - verifyResponseStatusCode(req_data, 200): Verify response status code successfully

2022-11-22 17:33:09 - [MESSAGE][PASSED] - Verify response status code successfully

2022-11-22 17:33:09 - [TEST_STEP][PASSED] - response = req_data.getResponseText(): null

2022-11-22 17:33:09 - [TEST_STEP][PASSED] - logInfo($response): {"status":"Done","data":{"requestid1":"242594","requestid2":""}}

2022-11-22 17:33:09 - [MESSAGE][INFO] - {"status":"Done","data":{"requestid1":"242594","requestid2":""}}

2022-11-22 17:33:09 - [TEST_STEP][PASSED] - delay(3): Delayed 3 second(s)

2022-11-22 17:33:12 - [MESSAGE][PASSED] - Delayed 3 second(s)

2022-11-22 17:33:12 - [TEST_STEP][PASSED] - scoring = sendRequest(findTestObject("EngineScore", ["response_searchME_kons":response_searchME_kons, "response_searchME_spouse":response_searchME_spouse])): Send request successfully

2022-11-22 17:33:12 - [MESSAGE][INFO] - HAR: D:\DMS\Engine Scoring\Reports\20221122_171227\Exclude KKB - DS\Scoring Individu - DS\20221122_171227\requests\main\359.har

2022-11-22 17:33:12 - [MESSAGE][PASSED] - Send request successfully

2022-11-22 17:33:12 - [TEST_STEP][PASSED] - verifyResponseStatusCode(scoring, 200): Verify response status code successfully

2022-11-22 17:33:12 - [MESSAGE][PASSED] - Verify response status code successfully

2022-11-22 17:33:12 - [TEST_STEP][PASSED] - response2 = scoring.getResponseText(): null

2022-11-22 17:33:12 - [TEST_STEP][PASSED] - markPassed("result service data ke : " + no): result service data ke : 180

2022-11-22 17:33:12 - [MESSAGE][PASSED] - result service data ke : 180

2022-11-22 17:33:12 - [TEST_STEP][PASSED] - logInfo($response2): {"result_konsumen":"Reguler","result_pasangan":"","Final_result":"Reguler","errorMessage":"","status":"Done"}

2022-11-22 17:33:12 - [MESSAGE][INFO] - {"result_konsumen":"Reguler","result_pasangan":"","Final_result":"Reguler","errorMessage":"","status":"Done"}

2022-11-22 17:33:12 - [TEST_STEP][PASSED] - verifyElementPropertyValue(scoring, "Final_result", final_result): Verify element property value successfully

2022-11-22 17:33:12 - [MESSAGE][PASSED] - Verify element property value successfully]]></system-out>
         <system-err><![CDATA[]]></system-err>
      </testcase>
      <testcase name="Test Cases/Engine_Scoring/Engine Scoring" time="5.658" classname="Test Cases/Engine_Scoring/Engine Scoring" status="PASSED">
         <system-out><![CDATA[2022-11-22 17:33:12 - [TEST_CASE][PASSED] - Test Cases/Engine_Scoring/Engine Scoring: Test Cases/Engine_Scoring/Engine Scoring

2022-11-22 17:33:13 - [TEST_STEP][PASSED] - markPassed("Variasi data ke : " + no): Variasi data ke : 181

2022-11-22 17:33:13 - [MESSAGE][PASSED] - Variasi data ke : 181

2022-11-22 17:33:13 - [TEST_STEP][PASSED] - req_data = sendRequest(findTestObject("Search_ME", ["MID":MID, "source":source, "ip":ip, "userid":userid, "branch":branch, "tipekons":tipekons, "marital":marital, "penjamin":penjamin, ... ])): Send request successfully

2022-11-22 17:33:14 - [MESSAGE][INFO] - HAR: D:\DMS\Engine Scoring\Reports\20221122_171227\Exclude KKB - DS\Scoring Individu - DS\20221122_171227\requests\main\360.har

2022-11-22 17:33:14 - [MESSAGE][PASSED] - Send request successfully

2022-11-22 17:33:14 - [TEST_STEP][PASSED] - slurper = new groovy.json.JsonSlurper(): null

2022-11-22 17:33:14 - [TEST_STEP][PASSED] - result = slurper.parseText(req_data.getResponseBodyContent()): null

2022-11-22 17:33:14 - [TEST_STEP][PASSED] - reqid_kons = requestid1: null

2022-11-22 17:33:14 - [TEST_STEP][PASSED] - reqid_spouse = requestid2: null

2022-11-22 17:33:14 - [TEST_STEP][PASSED] - println("requestid kons : " + reqid_kons): null

2022-11-22 17:33:14 - [TEST_STEP][PASSED] - response_searchME_kons = reqid_kons: null

2022-11-22 17:33:14 - [TEST_STEP][PASSED] - response_searchME_spouse = reqid_spouse: null

2022-11-22 17:33:14 - [TEST_STEP][PASSED] - println("kons req id is :" + response_searchME_kons): null

2022-11-22 17:33:14 - [TEST_STEP][PASSED] - println("spouse req id is : " + response_searchME_spouse): null

2022-11-22 17:33:14 - [TEST_STEP][PASSED] - verifyResponseStatusCode(req_data, 200): Verify response status code successfully

2022-11-22 17:33:14 - [MESSAGE][PASSED] - Verify response status code successfully

2022-11-22 17:33:14 - [TEST_STEP][PASSED] - response = req_data.getResponseText(): null

2022-11-22 17:33:14 - [TEST_STEP][PASSED] - logInfo($response): {"status":"Done","data":{"requestid1":"242595","requestid2":""}}

2022-11-22 17:33:14 - [MESSAGE][INFO] - {"status":"Done","data":{"requestid1":"242595","requestid2":""}}

2022-11-22 17:33:14 - [TEST_STEP][PASSED] - delay(3): Delayed 3 second(s)

2022-11-22 17:33:17 - [MESSAGE][PASSED] - Delayed 3 second(s)

2022-11-22 17:33:17 - [TEST_STEP][PASSED] - scoring = sendRequest(findTestObject("EngineScore", ["response_searchME_kons":response_searchME_kons, "response_searchME_spouse":response_searchME_spouse])): Send request successfully

2022-11-22 17:33:17 - [MESSAGE][INFO] - HAR: D:\DMS\Engine Scoring\Reports\20221122_171227\Exclude KKB - DS\Scoring Individu - DS\20221122_171227\requests\main\361.har

2022-11-22 17:33:17 - [MESSAGE][PASSED] - Send request successfully

2022-11-22 17:33:17 - [TEST_STEP][PASSED] - verifyResponseStatusCode(scoring, 200): Verify response status code successfully

2022-11-22 17:33:17 - [MESSAGE][PASSED] - Verify response status code successfully

2022-11-22 17:33:17 - [TEST_STEP][PASSED] - response2 = scoring.getResponseText(): null

2022-11-22 17:33:17 - [TEST_STEP][PASSED] - markPassed("result service data ke : " + no): result service data ke : 181

2022-11-22 17:33:17 - [MESSAGE][PASSED] - result service data ke : 181

2022-11-22 17:33:17 - [TEST_STEP][PASSED] - logInfo($response2): {"result_konsumen":"Reguler","result_pasangan":"","Final_result":"Reguler","errorMessage":"","status":"Done"}

2022-11-22 17:33:17 - [MESSAGE][INFO] - {"result_konsumen":"Reguler","result_pasangan":"","Final_result":"Reguler","errorMessage":"","status":"Done"}

2022-11-22 17:33:17 - [TEST_STEP][PASSED] - verifyElementPropertyValue(scoring, "Final_result", final_result): Verify element property value successfully

2022-11-22 17:33:17 - [MESSAGE][PASSED] - Verify element property value successfully]]></system-out>
         <system-err><![CDATA[]]></system-err>
      </testcase>
      <testcase name="Test Cases/Engine_Scoring/Engine Scoring" time="5.862" classname="Test Cases/Engine_Scoring/Engine Scoring" status="PASSED">
         <system-out><![CDATA[2022-11-22 17:33:17 - [TEST_CASE][PASSED] - Test Cases/Engine_Scoring/Engine Scoring: Test Cases/Engine_Scoring/Engine Scoring

2022-11-22 17:33:19 - [TEST_STEP][PASSED] - markPassed("Variasi data ke : " + no): Variasi data ke : 182

2022-11-22 17:33:19 - [MESSAGE][PASSED] - Variasi data ke : 182

2022-11-22 17:33:19 - [TEST_STEP][PASSED] - req_data = sendRequest(findTestObject("Search_ME", ["MID":MID, "source":source, "ip":ip, "userid":userid, "branch":branch, "tipekons":tipekons, "marital":marital, "penjamin":penjamin, ... ])): Send request successfully

2022-11-22 17:33:20 - [MESSAGE][INFO] - HAR: D:\DMS\Engine Scoring\Reports\20221122_171227\Exclude KKB - DS\Scoring Individu - DS\20221122_171227\requests\main\362.har

2022-11-22 17:33:20 - [MESSAGE][PASSED] - Send request successfully

2022-11-22 17:33:20 - [TEST_STEP][PASSED] - slurper = new groovy.json.JsonSlurper(): null

2022-11-22 17:33:20 - [TEST_STEP][PASSED] - result = slurper.parseText(req_data.getResponseBodyContent()): null

2022-11-22 17:33:20 - [TEST_STEP][PASSED] - reqid_kons = requestid1: null

2022-11-22 17:33:20 - [TEST_STEP][PASSED] - reqid_spouse = requestid2: null

2022-11-22 17:33:20 - [TEST_STEP][PASSED] - println("requestid kons : " + reqid_kons): null

2022-11-22 17:33:20 - [TEST_STEP][PASSED] - response_searchME_kons = reqid_kons: null

2022-11-22 17:33:20 - [TEST_STEP][PASSED] - response_searchME_spouse = reqid_spouse: null

2022-11-22 17:33:20 - [TEST_STEP][PASSED] - println("kons req id is :" + response_searchME_kons): null

2022-11-22 17:33:20 - [TEST_STEP][PASSED] - println("spouse req id is : " + response_searchME_spouse): null

2022-11-22 17:33:20 - [TEST_STEP][PASSED] - verifyResponseStatusCode(req_data, 200): Verify response status code successfully

2022-11-22 17:33:20 - [MESSAGE][PASSED] - Verify response status code successfully

2022-11-22 17:33:20 - [TEST_STEP][PASSED] - response = req_data.getResponseText(): null

2022-11-22 17:33:20 - [TEST_STEP][PASSED] - logInfo($response): {"status":"Done","data":{"requestid1":"242596","requestid2":""}}

2022-11-22 17:33:20 - [MESSAGE][INFO] - {"status":"Done","data":{"requestid1":"242596","requestid2":""}}

2022-11-22 17:33:20 - [TEST_STEP][PASSED] - delay(3): Delayed 3 second(s)

2022-11-22 17:33:23 - [MESSAGE][PASSED] - Delayed 3 second(s)

2022-11-22 17:33:23 - [TEST_STEP][PASSED] - scoring = sendRequest(findTestObject("EngineScore", ["response_searchME_kons":response_searchME_kons, "response_searchME_spouse":response_searchME_spouse])): Send request successfully

2022-11-22 17:33:23 - [MESSAGE][INFO] - HAR: D:\DMS\Engine Scoring\Reports\20221122_171227\Exclude KKB - DS\Scoring Individu - DS\20221122_171227\requests\main\363.har

2022-11-22 17:33:23 - [MESSAGE][PASSED] - Send request successfully

2022-11-22 17:33:23 - [TEST_STEP][PASSED] - verifyResponseStatusCode(scoring, 200): Verify response status code successfully

2022-11-22 17:33:23 - [MESSAGE][PASSED] - Verify response status code successfully

2022-11-22 17:33:23 - [TEST_STEP][PASSED] - response2 = scoring.getResponseText(): null

2022-11-22 17:33:23 - [TEST_STEP][PASSED] - markPassed("result service data ke : " + no): result service data ke : 182

2022-11-22 17:33:23 - [MESSAGE][PASSED] - result service data ke : 182

2022-11-22 17:33:23 - [TEST_STEP][PASSED] - logInfo($response2): {"result_konsumen":"Reguler","result_pasangan":"","Final_result":"Reguler","errorMessage":"","status":"Done"}

2022-11-22 17:33:23 - [MESSAGE][INFO] - {"result_konsumen":"Reguler","result_pasangan":"","Final_result":"Reguler","errorMessage":"","status":"Done"}

2022-11-22 17:33:23 - [TEST_STEP][PASSED] - verifyElementPropertyValue(scoring, "Final_result", final_result): Verify element property value successfully

2022-11-22 17:33:23 - [MESSAGE][PASSED] - Verify element property value successfully]]></system-out>
         <system-err><![CDATA[]]></system-err>
      </testcase>
      <testcase name="Test Cases/Engine_Scoring/Engine Scoring" time="5.491" classname="Test Cases/Engine_Scoring/Engine Scoring" status="PASSED">
         <system-out><![CDATA[2022-11-22 17:33:23 - [TEST_CASE][PASSED] - Test Cases/Engine_Scoring/Engine Scoring: Test Cases/Engine_Scoring/Engine Scoring

2022-11-22 17:33:25 - [TEST_STEP][PASSED] - markPassed("Variasi data ke : " + no): Variasi data ke : 183

2022-11-22 17:33:25 - [MESSAGE][PASSED] - Variasi data ke : 183

2022-11-22 17:33:25 - [TEST_STEP][PASSED] - req_data = sendRequest(findTestObject("Search_ME", ["MID":MID, "source":source, "ip":ip, "userid":userid, "branch":branch, "tipekons":tipekons, "marital":marital, "penjamin":penjamin, ... ])): Send request successfully

2022-11-22 17:33:26 - [MESSAGE][INFO] - HAR: D:\DMS\Engine Scoring\Reports\20221122_171227\Exclude KKB - DS\Scoring Individu - DS\20221122_171227\requests\main\364.har

2022-11-22 17:33:26 - [MESSAGE][PASSED] - Send request successfully

2022-11-22 17:33:26 - [TEST_STEP][PASSED] - slurper = new groovy.json.JsonSlurper(): null

2022-11-22 17:33:26 - [TEST_STEP][PASSED] - result = slurper.parseText(req_data.getResponseBodyContent()): null

2022-11-22 17:33:26 - [TEST_STEP][PASSED] - reqid_kons = requestid1: null

2022-11-22 17:33:26 - [TEST_STEP][PASSED] - reqid_spouse = requestid2: null

2022-11-22 17:33:26 - [TEST_STEP][PASSED] - println("requestid kons : " + reqid_kons): null

2022-11-22 17:33:26 - [TEST_STEP][PASSED] - response_searchME_kons = reqid_kons: null

2022-11-22 17:33:26 - [TEST_STEP][PASSED] - response_searchME_spouse = reqid_spouse: null

2022-11-22 17:33:26 - [TEST_STEP][PASSED] - println("kons req id is :" + response_searchME_kons): null

2022-11-22 17:33:26 - [TEST_STEP][PASSED] - println("spouse req id is : " + response_searchME_spouse): null

2022-11-22 17:33:26 - [TEST_STEP][PASSED] - verifyResponseStatusCode(req_data, 200): Verify response status code successfully

2022-11-22 17:33:26 - [MESSAGE][PASSED] - Verify response status code successfully

2022-11-22 17:33:26 - [TEST_STEP][PASSED] - response = req_data.getResponseText(): null

2022-11-22 17:33:26 - [TEST_STEP][PASSED] - logInfo($response): {"status":"Done","data":{"requestid1":"242597","requestid2":""}}

2022-11-22 17:33:26 - [MESSAGE][INFO] - {"status":"Done","data":{"requestid1":"242597","requestid2":""}}

2022-11-22 17:33:26 - [TEST_STEP][PASSED] - delay(3): Delayed 3 second(s)

2022-11-22 17:33:29 - [MESSAGE][PASSED] - Delayed 3 second(s)

2022-11-22 17:33:29 - [TEST_STEP][PASSED] - scoring = sendRequest(findTestObject("EngineScore", ["response_searchME_kons":response_searchME_kons, "response_searchME_spouse":response_searchME_spouse])): Send request successfully

2022-11-22 17:33:29 - [MESSAGE][INFO] - HAR: D:\DMS\Engine Scoring\Reports\20221122_171227\Exclude KKB - DS\Scoring Individu - DS\20221122_171227\requests\main\365.har

2022-11-22 17:33:29 - [MESSAGE][PASSED] - Send request successfully

2022-11-22 17:33:29 - [TEST_STEP][PASSED] - verifyResponseStatusCode(scoring, 200): Verify response status code successfully

2022-11-22 17:33:29 - [MESSAGE][PASSED] - Verify response status code successfully

2022-11-22 17:33:29 - [TEST_STEP][PASSED] - response2 = scoring.getResponseText(): null

2022-11-22 17:33:29 - [TEST_STEP][PASSED] - markPassed("result service data ke : " + no): result service data ke : 183

2022-11-22 17:33:29 - [MESSAGE][PASSED] - result service data ke : 183

2022-11-22 17:33:29 - [TEST_STEP][PASSED] - logInfo($response2): {"result_konsumen":"Approve","result_pasangan":"","Final_result":"Approve","errorMessage":"","status":"Done"}

2022-11-22 17:33:29 - [MESSAGE][INFO] - {"result_konsumen":"Approve","result_pasangan":"","Final_result":"Approve","errorMessage":"","status":"Done"}

2022-11-22 17:33:29 - [TEST_STEP][PASSED] - verifyElementPropertyValue(scoring, "Final_result", final_result): Verify element property value successfully

2022-11-22 17:33:29 - [MESSAGE][PASSED] - Verify element property value successfully]]></system-out>
         <system-err><![CDATA[]]></system-err>
      </testcase>
      <testcase name="Test Cases/Engine_Scoring/Engine Scoring" time="5.617" classname="Test Cases/Engine_Scoring/Engine Scoring" status="PASSED">
         <system-out><![CDATA[2022-11-22 17:33:29 - [TEST_CASE][PASSED] - Test Cases/Engine_Scoring/Engine Scoring: Test Cases/Engine_Scoring/Engine Scoring

2022-11-22 17:33:30 - [TEST_STEP][PASSED] - markPassed("Variasi data ke : " + no): Variasi data ke : 184

2022-11-22 17:33:30 - [MESSAGE][PASSED] - Variasi data ke : 184

2022-11-22 17:33:30 - [TEST_STEP][PASSED] - req_data = sendRequest(findTestObject("Search_ME", ["MID":MID, "source":source, "ip":ip, "userid":userid, "branch":branch, "tipekons":tipekons, "marital":marital, "penjamin":penjamin, ... ])): Send request successfully

2022-11-22 17:33:31 - [MESSAGE][INFO] - HAR: D:\DMS\Engine Scoring\Reports\20221122_171227\Exclude KKB - DS\Scoring Individu - DS\20221122_171227\requests\main\366.har

2022-11-22 17:33:31 - [MESSAGE][PASSED] - Send request successfully

2022-11-22 17:33:31 - [TEST_STEP][PASSED] - slurper = new groovy.json.JsonSlurper(): null

2022-11-22 17:33:31 - [TEST_STEP][PASSED] - result = slurper.parseText(req_data.getResponseBodyContent()): null

2022-11-22 17:33:31 - [TEST_STEP][PASSED] - reqid_kons = requestid1: null

2022-11-22 17:33:31 - [TEST_STEP][PASSED] - reqid_spouse = requestid2: null

2022-11-22 17:33:31 - [TEST_STEP][PASSED] - println("requestid kons : " + reqid_kons): null

2022-11-22 17:33:31 - [TEST_STEP][PASSED] - response_searchME_kons = reqid_kons: null

2022-11-22 17:33:31 - [TEST_STEP][PASSED] - response_searchME_spouse = reqid_spouse: null

2022-11-22 17:33:31 - [TEST_STEP][PASSED] - println("kons req id is :" + response_searchME_kons): null

2022-11-22 17:33:31 - [TEST_STEP][PASSED] - println("spouse req id is : " + response_searchME_spouse): null

2022-11-22 17:33:31 - [TEST_STEP][PASSED] - verifyResponseStatusCode(req_data, 200): Verify response status code successfully

2022-11-22 17:33:31 - [MESSAGE][PASSED] - Verify response status code successfully

2022-11-22 17:33:31 - [TEST_STEP][PASSED] - response = req_data.getResponseText(): null

2022-11-22 17:33:31 - [TEST_STEP][PASSED] - logInfo($response): {"status":"Done","data":{"requestid1":"242598","requestid2":""}}

2022-11-22 17:33:31 - [MESSAGE][INFO] - {"status":"Done","data":{"requestid1":"242598","requestid2":""}}

2022-11-22 17:33:31 - [TEST_STEP][PASSED] - delay(3): Delayed 3 second(s)

2022-11-22 17:33:34 - [MESSAGE][PASSED] - Delayed 3 second(s)

2022-11-22 17:33:34 - [TEST_STEP][PASSED] - scoring = sendRequest(findTestObject("EngineScore", ["response_searchME_kons":response_searchME_kons, "response_searchME_spouse":response_searchME_spouse])): Send request successfully

2022-11-22 17:33:35 - [MESSAGE][INFO] - HAR: D:\DMS\Engine Scoring\Reports\20221122_171227\Exclude KKB - DS\Scoring Individu - DS\20221122_171227\requests\main\367.har

2022-11-22 17:33:35 - [MESSAGE][PASSED] - Send request successfully

2022-11-22 17:33:35 - [TEST_STEP][PASSED] - verifyResponseStatusCode(scoring, 200): Verify response status code successfully

2022-11-22 17:33:35 - [MESSAGE][PASSED] - Verify response status code successfully

2022-11-22 17:33:35 - [TEST_STEP][PASSED] - response2 = scoring.getResponseText(): null

2022-11-22 17:33:35 - [TEST_STEP][PASSED] - markPassed("result service data ke : " + no): result service data ke : 184

2022-11-22 17:33:35 - [MESSAGE][PASSED] - result service data ke : 184

2022-11-22 17:33:35 - [TEST_STEP][PASSED] - logInfo($response2): {"result_konsumen":"Approve","result_pasangan":"","Final_result":"Approve","errorMessage":"","status":"Done"}

2022-11-22 17:33:35 - [MESSAGE][INFO] - {"result_konsumen":"Approve","result_pasangan":"","Final_result":"Approve","errorMessage":"","status":"Done"}

2022-11-22 17:33:35 - [TEST_STEP][PASSED] - verifyElementPropertyValue(scoring, "Final_result", final_result): Verify element property value successfully

2022-11-22 17:33:35 - [MESSAGE][PASSED] - Verify element property value successfully]]></system-out>
         <system-err><![CDATA[]]></system-err>
      </testcase>
      <testcase name="Test Cases/Engine_Scoring/Engine Scoring" time="8.574" classname="Test Cases/Engine_Scoring/Engine Scoring" status="PASSED">
         <system-out><![CDATA[2022-11-22 17:33:35 - [TEST_CASE][PASSED] - Test Cases/Engine_Scoring/Engine Scoring: Test Cases/Engine_Scoring/Engine Scoring

2022-11-22 17:33:39 - [TEST_STEP][PASSED] - markPassed("Variasi data ke : " + no): Variasi data ke : 185

2022-11-22 17:33:39 - [MESSAGE][PASSED] - Variasi data ke : 185

2022-11-22 17:33:39 - [TEST_STEP][PASSED] - req_data = sendRequest(findTestObject("Search_ME", ["MID":MID, "source":source, "ip":ip, "userid":userid, "branch":branch, "tipekons":tipekons, "marital":marital, "penjamin":penjamin, ... ])): Send request successfully

2022-11-22 17:33:40 - [MESSAGE][INFO] - HAR: D:\DMS\Engine Scoring\Reports\20221122_171227\Exclude KKB - DS\Scoring Individu - DS\20221122_171227\requests\main\368.har

2022-11-22 17:33:40 - [MESSAGE][PASSED] - Send request successfully

2022-11-22 17:33:40 - [TEST_STEP][PASSED] - slurper = new groovy.json.JsonSlurper(): null

2022-11-22 17:33:40 - [TEST_STEP][PASSED] - result = slurper.parseText(req_data.getResponseBodyContent()): null

2022-11-22 17:33:40 - [TEST_STEP][PASSED] - reqid_kons = requestid1: null

2022-11-22 17:33:40 - [TEST_STEP][PASSED] - reqid_spouse = requestid2: null

2022-11-22 17:33:40 - [TEST_STEP][PASSED] - println("requestid kons : " + reqid_kons): null

2022-11-22 17:33:40 - [TEST_STEP][PASSED] - response_searchME_kons = reqid_kons: null

2022-11-22 17:33:40 - [TEST_STEP][PASSED] - response_searchME_spouse = reqid_spouse: null

2022-11-22 17:33:40 - [TEST_STEP][PASSED] - println("kons req id is :" + response_searchME_kons): null

2022-11-22 17:33:40 - [TEST_STEP][PASSED] - println("spouse req id is : " + response_searchME_spouse): null

2022-11-22 17:33:40 - [TEST_STEP][PASSED] - verifyResponseStatusCode(req_data, 200): Verify response status code successfully

2022-11-22 17:33:40 - [MESSAGE][PASSED] - Verify response status code successfully

2022-11-22 17:33:40 - [TEST_STEP][PASSED] - response = req_data.getResponseText(): null

2022-11-22 17:33:40 - [TEST_STEP][PASSED] - logInfo($response): {"status":"Done","data":{"requestid1":"242599","requestid2":""}}

2022-11-22 17:33:40 - [MESSAGE][INFO] - {"status":"Done","data":{"requestid1":"242599","requestid2":""}}

2022-11-22 17:33:40 - [TEST_STEP][PASSED] - delay(3): Delayed 3 second(s)

2022-11-22 17:33:43 - [MESSAGE][PASSED] - Delayed 3 second(s)

2022-11-22 17:33:43 - [TEST_STEP][PASSED] - scoring = sendRequest(findTestObject("EngineScore", ["response_searchME_kons":response_searchME_kons, "response_searchME_spouse":response_searchME_spouse])): Send request successfully

2022-11-22 17:33:43 - [MESSAGE][INFO] - HAR: D:\DMS\Engine Scoring\Reports\20221122_171227\Exclude KKB - DS\Scoring Individu - DS\20221122_171227\requests\main\369.har

2022-11-22 17:33:43 - [MESSAGE][PASSED] - Send request successfully

2022-11-22 17:33:43 - [TEST_STEP][PASSED] - verifyResponseStatusCode(scoring, 200): Verify response status code successfully

2022-11-22 17:33:43 - [MESSAGE][PASSED] - Verify response status code successfully

2022-11-22 17:33:43 - [TEST_STEP][PASSED] - response2 = scoring.getResponseText(): null

2022-11-22 17:33:43 - [TEST_STEP][PASSED] - markPassed("result service data ke : " + no): result service data ke : 185

2022-11-22 17:33:43 - [MESSAGE][PASSED] - result service data ke : 185

2022-11-22 17:33:43 - [TEST_STEP][PASSED] - logInfo($response2): {"result_konsumen":"Approve","result_pasangan":"","Final_result":"Approve","errorMessage":"","status":"Done"}

2022-11-22 17:33:43 - [MESSAGE][INFO] - {"result_konsumen":"Approve","result_pasangan":"","Final_result":"Approve","errorMessage":"","status":"Done"}

2022-11-22 17:33:43 - [TEST_STEP][PASSED] - verifyElementPropertyValue(scoring, "Final_result", final_result): Verify element property value successfully

2022-11-22 17:33:43 - [MESSAGE][PASSED] - Verify element property value successfully]]></system-out>
         <system-err><![CDATA[]]></system-err>
      </testcase>
      <testcase name="Test Cases/Engine_Scoring/Engine Scoring" time="5.462" classname="Test Cases/Engine_Scoring/Engine Scoring" status="PASSED">
         <system-out><![CDATA[2022-11-22 17:33:43 - [TEST_CASE][PASSED] - Test Cases/Engine_Scoring/Engine Scoring: Test Cases/Engine_Scoring/Engine Scoring

2022-11-22 17:33:44 - [TEST_STEP][PASSED] - markPassed("Variasi data ke : " + no): Variasi data ke : 186

2022-11-22 17:33:44 - [MESSAGE][PASSED] - Variasi data ke : 186

2022-11-22 17:33:44 - [TEST_STEP][PASSED] - req_data = sendRequest(findTestObject("Search_ME", ["MID":MID, "source":source, "ip":ip, "userid":userid, "branch":branch, "tipekons":tipekons, "marital":marital, "penjamin":penjamin, ... ])): Send request successfully

2022-11-22 17:33:46 - [MESSAGE][INFO] - HAR: D:\DMS\Engine Scoring\Reports\20221122_171227\Exclude KKB - DS\Scoring Individu - DS\20221122_171227\requests\main\370.har

2022-11-22 17:33:46 - [MESSAGE][PASSED] - Send request successfully

2022-11-22 17:33:46 - [TEST_STEP][PASSED] - slurper = new groovy.json.JsonSlurper(): null

2022-11-22 17:33:46 - [TEST_STEP][PASSED] - result = slurper.parseText(req_data.getResponseBodyContent()): null

2022-11-22 17:33:46 - [TEST_STEP][PASSED] - reqid_kons = requestid1: null

2022-11-22 17:33:46 - [TEST_STEP][PASSED] - reqid_spouse = requestid2: null

2022-11-22 17:33:46 - [TEST_STEP][PASSED] - println("requestid kons : " + reqid_kons): null

2022-11-22 17:33:46 - [TEST_STEP][PASSED] - response_searchME_kons = reqid_kons: null

2022-11-22 17:33:46 - [TEST_STEP][PASSED] - response_searchME_spouse = reqid_spouse: null

2022-11-22 17:33:46 - [TEST_STEP][PASSED] - println("kons req id is :" + response_searchME_kons): null

2022-11-22 17:33:46 - [TEST_STEP][PASSED] - println("spouse req id is : " + response_searchME_spouse): null

2022-11-22 17:33:46 - [TEST_STEP][PASSED] - verifyResponseStatusCode(req_data, 200): Verify response status code successfully

2022-11-22 17:33:46 - [MESSAGE][PASSED] - Verify response status code successfully

2022-11-22 17:33:46 - [TEST_STEP][PASSED] - response = req_data.getResponseText(): null

2022-11-22 17:33:46 - [TEST_STEP][PASSED] - logInfo($response): {"status":"Done","data":{"requestid1":"242600","requestid2":""}}

2022-11-22 17:33:46 - [MESSAGE][INFO] - {"status":"Done","data":{"requestid1":"242600","requestid2":""}}

2022-11-22 17:33:46 - [TEST_STEP][PASSED] - delay(3): Delayed 3 second(s)

2022-11-22 17:33:49 - [MESSAGE][PASSED] - Delayed 3 second(s)

2022-11-22 17:33:49 - [TEST_STEP][PASSED] - scoring = sendRequest(findTestObject("EngineScore", ["response_searchME_kons":response_searchME_kons, "response_searchME_spouse":response_searchME_spouse])): Send request successfully

2022-11-22 17:33:49 - [MESSAGE][INFO] - HAR: D:\DMS\Engine Scoring\Reports\20221122_171227\Exclude KKB - DS\Scoring Individu - DS\20221122_171227\requests\main\371.har

2022-11-22 17:33:49 - [MESSAGE][PASSED] - Send request successfully

2022-11-22 17:33:49 - [TEST_STEP][PASSED] - verifyResponseStatusCode(scoring, 200): Verify response status code successfully

2022-11-22 17:33:49 - [MESSAGE][PASSED] - Verify response status code successfully

2022-11-22 17:33:49 - [TEST_STEP][PASSED] - response2 = scoring.getResponseText(): null

2022-11-22 17:33:49 - [TEST_STEP][PASSED] - markPassed("result service data ke : " + no): result service data ke : 186

2022-11-22 17:33:49 - [MESSAGE][PASSED] - result service data ke : 186

2022-11-22 17:33:49 - [TEST_STEP][PASSED] - logInfo($response2): {"result_konsumen":"Approve","result_pasangan":"","Final_result":"Approve","errorMessage":"","status":"Done"}

2022-11-22 17:33:49 - [MESSAGE][INFO] - {"result_konsumen":"Approve","result_pasangan":"","Final_result":"Approve","errorMessage":"","status":"Done"}

2022-11-22 17:33:49 - [TEST_STEP][PASSED] - verifyElementPropertyValue(scoring, "Final_result", final_result): Verify element property value successfully

2022-11-22 17:33:49 - [MESSAGE][PASSED] - Verify element property value successfully]]></system-out>
         <system-err><![CDATA[]]></system-err>
      </testcase>
      <testcase name="Test Cases/Engine_Scoring/Engine Scoring" time="5.61" classname="Test Cases/Engine_Scoring/Engine Scoring" status="PASSED">
         <system-out><![CDATA[2022-11-22 17:33:49 - [TEST_CASE][PASSED] - Test Cases/Engine_Scoring/Engine Scoring: Test Cases/Engine_Scoring/Engine Scoring

2022-11-22 17:33:50 - [TEST_STEP][PASSED] - markPassed("Variasi data ke : " + no): Variasi data ke : 187

2022-11-22 17:33:50 - [MESSAGE][PASSED] - Variasi data ke : 187

2022-11-22 17:33:50 - [TEST_STEP][PASSED] - req_data = sendRequest(findTestObject("Search_ME", ["MID":MID, "source":source, "ip":ip, "userid":userid, "branch":branch, "tipekons":tipekons, "marital":marital, "penjamin":penjamin, ... ])): Send request successfully

2022-11-22 17:33:51 - [MESSAGE][INFO] - HAR: D:\DMS\Engine Scoring\Reports\20221122_171227\Exclude KKB - DS\Scoring Individu - DS\20221122_171227\requests\main\372.har

2022-11-22 17:33:51 - [MESSAGE][PASSED] - Send request successfully

2022-11-22 17:33:51 - [TEST_STEP][PASSED] - slurper = new groovy.json.JsonSlurper(): null

2022-11-22 17:33:51 - [TEST_STEP][PASSED] - result = slurper.parseText(req_data.getResponseBodyContent()): null

2022-11-22 17:33:51 - [TEST_STEP][PASSED] - reqid_kons = requestid1: null

2022-11-22 17:33:51 - [TEST_STEP][PASSED] - reqid_spouse = requestid2: null

2022-11-22 17:33:51 - [TEST_STEP][PASSED] - println("requestid kons : " + reqid_kons): null

2022-11-22 17:33:51 - [TEST_STEP][PASSED] - response_searchME_kons = reqid_kons: null

2022-11-22 17:33:51 - [TEST_STEP][PASSED] - response_searchME_spouse = reqid_spouse: null

2022-11-22 17:33:51 - [TEST_STEP][PASSED] - println("kons req id is :" + response_searchME_kons): null

2022-11-22 17:33:51 - [TEST_STEP][PASSED] - println("spouse req id is : " + response_searchME_spouse): null

2022-11-22 17:33:51 - [TEST_STEP][PASSED] - verifyResponseStatusCode(req_data, 200): Verify response status code successfully

2022-11-22 17:33:51 - [MESSAGE][PASSED] - Verify response status code successfully

2022-11-22 17:33:51 - [TEST_STEP][PASSED] - response = req_data.getResponseText(): null

2022-11-22 17:33:51 - [TEST_STEP][PASSED] - logInfo($response): {"status":"Done","data":{"requestid1":"242601","requestid2":""}}

2022-11-22 17:33:51 - [MESSAGE][INFO] - {"status":"Done","data":{"requestid1":"242601","requestid2":""}}

2022-11-22 17:33:51 - [TEST_STEP][PASSED] - delay(3): Delayed 3 second(s)

2022-11-22 17:33:54 - [MESSAGE][PASSED] - Delayed 3 second(s)

2022-11-22 17:33:54 - [TEST_STEP][PASSED] - scoring = sendRequest(findTestObject("EngineScore", ["response_searchME_kons":response_searchME_kons, "response_searchME_spouse":response_searchME_spouse])): Send request successfully

2022-11-22 17:33:54 - [MESSAGE][INFO] - HAR: D:\DMS\Engine Scoring\Reports\20221122_171227\Exclude KKB - DS\Scoring Individu - DS\20221122_171227\requests\main\373.har

2022-11-22 17:33:54 - [MESSAGE][PASSED] - Send request successfully

2022-11-22 17:33:54 - [TEST_STEP][PASSED] - verifyResponseStatusCode(scoring, 200): Verify response status code successfully

2022-11-22 17:33:54 - [MESSAGE][PASSED] - Verify response status code successfully

2022-11-22 17:33:54 - [TEST_STEP][PASSED] - response2 = scoring.getResponseText(): null

2022-11-22 17:33:54 - [TEST_STEP][PASSED] - markPassed("result service data ke : " + no): result service data ke : 187

2022-11-22 17:33:54 - [MESSAGE][PASSED] - result service data ke : 187

2022-11-22 17:33:54 - [TEST_STEP][PASSED] - logInfo($response2): {"result_konsumen":"Approve","result_pasangan":"","Final_result":"Approve","errorMessage":"","status":"Done"}

2022-11-22 17:33:54 - [MESSAGE][INFO] - {"result_konsumen":"Approve","result_pasangan":"","Final_result":"Approve","errorMessage":"","status":"Done"}

2022-11-22 17:33:54 - [TEST_STEP][PASSED] - verifyElementPropertyValue(scoring, "Final_result", final_result): Verify element property value successfully

2022-11-22 17:33:54 - [MESSAGE][PASSED] - Verify element property value successfully]]></system-out>
         <system-err><![CDATA[]]></system-err>
      </testcase>
      <testcase name="Test Cases/Engine_Scoring/Engine Scoring" time="5.876" classname="Test Cases/Engine_Scoring/Engine Scoring" status="PASSED">
         <system-out><![CDATA[2022-11-22 17:33:54 - [TEST_CASE][PASSED] - Test Cases/Engine_Scoring/Engine Scoring: Test Cases/Engine_Scoring/Engine Scoring

2022-11-22 17:33:56 - [TEST_STEP][PASSED] - markPassed("Variasi data ke : " + no): Variasi data ke : 188

2022-11-22 17:33:56 - [MESSAGE][PASSED] - Variasi data ke : 188

2022-11-22 17:33:56 - [TEST_STEP][PASSED] - req_data = sendRequest(findTestObject("Search_ME", ["MID":MID, "source":source, "ip":ip, "userid":userid, "branch":branch, "tipekons":tipekons, "marital":marital, "penjamin":penjamin, ... ])): Send request successfully

2022-11-22 17:33:57 - [MESSAGE][INFO] - HAR: D:\DMS\Engine Scoring\Reports\20221122_171227\Exclude KKB - DS\Scoring Individu - DS\20221122_171227\requests\main\374.har

2022-11-22 17:33:57 - [MESSAGE][PASSED] - Send request successfully

2022-11-22 17:33:57 - [TEST_STEP][PASSED] - slurper = new groovy.json.JsonSlurper(): null

2022-11-22 17:33:57 - [TEST_STEP][PASSED] - result = slurper.parseText(req_data.getResponseBodyContent()): null

2022-11-22 17:33:57 - [TEST_STEP][PASSED] - reqid_kons = requestid1: null

2022-11-22 17:33:57 - [TEST_STEP][PASSED] - reqid_spouse = requestid2: null

2022-11-22 17:33:57 - [TEST_STEP][PASSED] - println("requestid kons : " + reqid_kons): null

2022-11-22 17:33:57 - [TEST_STEP][PASSED] - response_searchME_kons = reqid_kons: null

2022-11-22 17:33:57 - [TEST_STEP][PASSED] - response_searchME_spouse = reqid_spouse: null

2022-11-22 17:33:57 - [TEST_STEP][PASSED] - println("kons req id is :" + response_searchME_kons): null

2022-11-22 17:33:57 - [TEST_STEP][PASSED] - println("spouse req id is : " + response_searchME_spouse): null

2022-11-22 17:33:57 - [TEST_STEP][PASSED] - verifyResponseStatusCode(req_data, 200): Verify response status code successfully

2022-11-22 17:33:57 - [MESSAGE][PASSED] - Verify response status code successfully

2022-11-22 17:33:57 - [TEST_STEP][PASSED] - response = req_data.getResponseText(): null

2022-11-22 17:33:57 - [TEST_STEP][PASSED] - logInfo($response): {"status":"Done","data":{"requestid1":"242602","requestid2":""}}

2022-11-22 17:33:57 - [MESSAGE][INFO] - {"status":"Done","data":{"requestid1":"242602","requestid2":""}}

2022-11-22 17:33:57 - [TEST_STEP][PASSED] - delay(3): Delayed 3 second(s)

2022-11-22 17:34:00 - [MESSAGE][PASSED] - Delayed 3 second(s)

2022-11-22 17:34:00 - [TEST_STEP][PASSED] - scoring = sendRequest(findTestObject("EngineScore", ["response_searchME_kons":response_searchME_kons, "response_searchME_spouse":response_searchME_spouse])): Send request successfully

2022-11-22 17:34:00 - [MESSAGE][INFO] - HAR: D:\DMS\Engine Scoring\Reports\20221122_171227\Exclude KKB - DS\Scoring Individu - DS\20221122_171227\requests\main\375.har

2022-11-22 17:34:00 - [MESSAGE][PASSED] - Send request successfully

2022-11-22 17:34:00 - [TEST_STEP][PASSED] - verifyResponseStatusCode(scoring, 200): Verify response status code successfully

2022-11-22 17:34:00 - [MESSAGE][PASSED] - Verify response status code successfully

2022-11-22 17:34:00 - [TEST_STEP][PASSED] - response2 = scoring.getResponseText(): null

2022-11-22 17:34:00 - [TEST_STEP][PASSED] - markPassed("result service data ke : " + no): result service data ke : 188

2022-11-22 17:34:00 - [MESSAGE][PASSED] - result service data ke : 188

2022-11-22 17:34:00 - [TEST_STEP][PASSED] - logInfo($response2): {"result_konsumen":"Approve","result_pasangan":"","Final_result":"Approve","errorMessage":"","status":"Done"}

2022-11-22 17:34:00 - [MESSAGE][INFO] - {"result_konsumen":"Approve","result_pasangan":"","Final_result":"Approve","errorMessage":"","status":"Done"}

2022-11-22 17:34:00 - [TEST_STEP][PASSED] - verifyElementPropertyValue(scoring, "Final_result", final_result): Verify element property value successfully

2022-11-22 17:34:00 - [MESSAGE][PASSED] - Verify element property value successfully]]></system-out>
         <system-err><![CDATA[]]></system-err>
      </testcase>
      <testcase name="Test Cases/Engine_Scoring/Engine Scoring" time="5.655" classname="Test Cases/Engine_Scoring/Engine Scoring" status="PASSED">
         <system-out><![CDATA[2022-11-22 17:34:00 - [TEST_CASE][PASSED] - Test Cases/Engine_Scoring/Engine Scoring: Test Cases/Engine_Scoring/Engine Scoring

2022-11-22 17:34:02 - [TEST_STEP][PASSED] - markPassed("Variasi data ke : " + no): Variasi data ke : 189

2022-11-22 17:34:02 - [MESSAGE][PASSED] - Variasi data ke : 189

2022-11-22 17:34:02 - [TEST_STEP][PASSED] - req_data = sendRequest(findTestObject("Search_ME", ["MID":MID, "source":source, "ip":ip, "userid":userid, "branch":branch, "tipekons":tipekons, "marital":marital, "penjamin":penjamin, ... ])): Send request successfully

2022-11-22 17:34:03 - [MESSAGE][INFO] - HAR: D:\DMS\Engine Scoring\Reports\20221122_171227\Exclude KKB - DS\Scoring Individu - DS\20221122_171227\requests\main\376.har

2022-11-22 17:34:03 - [MESSAGE][PASSED] - Send request successfully

2022-11-22 17:34:03 - [TEST_STEP][PASSED] - slurper = new groovy.json.JsonSlurper(): null

2022-11-22 17:34:03 - [TEST_STEP][PASSED] - result = slurper.parseText(req_data.getResponseBodyContent()): null

2022-11-22 17:34:03 - [TEST_STEP][PASSED] - reqid_kons = requestid1: null

2022-11-22 17:34:03 - [TEST_STEP][PASSED] - reqid_spouse = requestid2: null

2022-11-22 17:34:03 - [TEST_STEP][PASSED] - println("requestid kons : " + reqid_kons): null

2022-11-22 17:34:03 - [TEST_STEP][PASSED] - response_searchME_kons = reqid_kons: null

2022-11-22 17:34:03 - [TEST_STEP][PASSED] - response_searchME_spouse = reqid_spouse: null

2022-11-22 17:34:03 - [TEST_STEP][PASSED] - println("kons req id is :" + response_searchME_kons): null

2022-11-22 17:34:03 - [TEST_STEP][PASSED] - println("spouse req id is : " + response_searchME_spouse): null

2022-11-22 17:34:03 - [TEST_STEP][PASSED] - verifyResponseStatusCode(req_data, 200): Verify response status code successfully

2022-11-22 17:34:03 - [MESSAGE][PASSED] - Verify response status code successfully

2022-11-22 17:34:03 - [TEST_STEP][PASSED] - response = req_data.getResponseText(): null

2022-11-22 17:34:03 - [TEST_STEP][PASSED] - logInfo($response): {"status":"Done","data":{"requestid1":"242603","requestid2":""}}

2022-11-22 17:34:03 - [MESSAGE][INFO] - {"status":"Done","data":{"requestid1":"242603","requestid2":""}}

2022-11-22 17:34:03 - [TEST_STEP][PASSED] - delay(3): Delayed 3 second(s)

2022-11-22 17:34:06 - [MESSAGE][PASSED] - Delayed 3 second(s)

2022-11-22 17:34:06 - [TEST_STEP][PASSED] - scoring = sendRequest(findTestObject("EngineScore", ["response_searchME_kons":response_searchME_kons, "response_searchME_spouse":response_searchME_spouse])): Send request successfully

2022-11-22 17:34:06 - [MESSAGE][INFO] - HAR: D:\DMS\Engine Scoring\Reports\20221122_171227\Exclude KKB - DS\Scoring Individu - DS\20221122_171227\requests\main\377.har

2022-11-22 17:34:06 - [MESSAGE][PASSED] - Send request successfully

2022-11-22 17:34:06 - [TEST_STEP][PASSED] - verifyResponseStatusCode(scoring, 200): Verify response status code successfully

2022-11-22 17:34:06 - [MESSAGE][PASSED] - Verify response status code successfully

2022-11-22 17:34:06 - [TEST_STEP][PASSED] - response2 = scoring.getResponseText(): null

2022-11-22 17:34:06 - [TEST_STEP][PASSED] - markPassed("result service data ke : " + no): result service data ke : 189

2022-11-22 17:34:06 - [MESSAGE][PASSED] - result service data ke : 189

2022-11-22 17:34:06 - [TEST_STEP][PASSED] - logInfo($response2): {"result_konsumen":"Reject","result_pasangan":"","Final_result":"Reject","errorMessage":"","status":"Done"}

2022-11-22 17:34:06 - [MESSAGE][INFO] - {"result_konsumen":"Reject","result_pasangan":"","Final_result":"Reject","errorMessage":"","status":"Done"}

2022-11-22 17:34:06 - [TEST_STEP][PASSED] - verifyElementPropertyValue(scoring, "Final_result", final_result): Verify element property value successfully

2022-11-22 17:34:06 - [MESSAGE][PASSED] - Verify element property value successfully]]></system-out>
         <system-err><![CDATA[]]></system-err>
      </testcase>
      <testcase name="Test Cases/Engine_Scoring/Engine Scoring" time="29.209" classname="Test Cases/Engine_Scoring/Engine Scoring" status="PASSED">
         <system-out><![CDATA[2022-11-22 17:34:06 - [TEST_CASE][PASSED] - Test Cases/Engine_Scoring/Engine Scoring: Test Cases/Engine_Scoring/Engine Scoring

2022-11-22 17:34:31 - [TEST_STEP][PASSED] - markPassed("Variasi data ke : " + no): Variasi data ke : 190

2022-11-22 17:34:31 - [MESSAGE][PASSED] - Variasi data ke : 190

2022-11-22 17:34:31 - [TEST_STEP][PASSED] - req_data = sendRequest(findTestObject("Search_ME", ["MID":MID, "source":source, "ip":ip, "userid":userid, "branch":branch, "tipekons":tipekons, "marital":marital, "penjamin":penjamin, ... ])): Send request successfully

2022-11-22 17:34:32 - [MESSAGE][INFO] - HAR: D:\DMS\Engine Scoring\Reports\20221122_171227\Exclude KKB - DS\Scoring Individu - DS\20221122_171227\requests\main\378.har

2022-11-22 17:34:32 - [MESSAGE][PASSED] - Send request successfully

2022-11-22 17:34:32 - [TEST_STEP][PASSED] - slurper = new groovy.json.JsonSlurper(): null

2022-11-22 17:34:32 - [TEST_STEP][PASSED] - result = slurper.parseText(req_data.getResponseBodyContent()): null

2022-11-22 17:34:32 - [TEST_STEP][PASSED] - reqid_kons = requestid1: null

2022-11-22 17:34:32 - [TEST_STEP][PASSED] - reqid_spouse = requestid2: null

2022-11-22 17:34:32 - [TEST_STEP][PASSED] - println("requestid kons : " + reqid_kons): null

2022-11-22 17:34:32 - [TEST_STEP][PASSED] - response_searchME_kons = reqid_kons: null

2022-11-22 17:34:32 - [TEST_STEP][PASSED] - response_searchME_spouse = reqid_spouse: null

2022-11-22 17:34:32 - [TEST_STEP][PASSED] - println("kons req id is :" + response_searchME_kons): null

2022-11-22 17:34:32 - [TEST_STEP][PASSED] - println("spouse req id is : " + response_searchME_spouse): null

2022-11-22 17:34:32 - [TEST_STEP][PASSED] - verifyResponseStatusCode(req_data, 200): Verify response status code successfully

2022-11-22 17:34:32 - [MESSAGE][PASSED] - Verify response status code successfully

2022-11-22 17:34:32 - [TEST_STEP][PASSED] - response = req_data.getResponseText(): null

2022-11-22 17:34:32 - [TEST_STEP][PASSED] - logInfo($response): {"status":"Done","data":{"requestid1":"242604","requestid2":""}}

2022-11-22 17:34:32 - [MESSAGE][INFO] - {"status":"Done","data":{"requestid1":"242604","requestid2":""}}

2022-11-22 17:34:32 - [TEST_STEP][PASSED] - delay(3): Delayed 3 second(s)

2022-11-22 17:34:35 - [MESSAGE][PASSED] - Delayed 3 second(s)

2022-11-22 17:34:35 - [TEST_STEP][PASSED] - scoring = sendRequest(findTestObject("EngineScore", ["response_searchME_kons":response_searchME_kons, "response_searchME_spouse":response_searchME_spouse])): Send request successfully

2022-11-22 17:34:35 - [MESSAGE][INFO] - HAR: D:\DMS\Engine Scoring\Reports\20221122_171227\Exclude KKB - DS\Scoring Individu - DS\20221122_171227\requests\main\379.har

2022-11-22 17:34:35 - [MESSAGE][PASSED] - Send request successfully

2022-11-22 17:34:35 - [TEST_STEP][PASSED] - verifyResponseStatusCode(scoring, 200): Verify response status code successfully

2022-11-22 17:34:35 - [MESSAGE][PASSED] - Verify response status code successfully

2022-11-22 17:34:35 - [TEST_STEP][PASSED] - response2 = scoring.getResponseText(): null

2022-11-22 17:34:35 - [TEST_STEP][PASSED] - markPassed("result service data ke : " + no): result service data ke : 190

2022-11-22 17:34:35 - [MESSAGE][PASSED] - result service data ke : 190

2022-11-22 17:34:35 - [TEST_STEP][PASSED] - logInfo($response2): {"result_konsumen":"Reject","result_pasangan":"","Final_result":"Reject","errorMessage":"","status":"Done"}

2022-11-22 17:34:35 - [MESSAGE][INFO] - {"result_konsumen":"Reject","result_pasangan":"","Final_result":"Reject","errorMessage":"","status":"Done"}

2022-11-22 17:34:35 - [TEST_STEP][PASSED] - verifyElementPropertyValue(scoring, "Final_result", final_result): Verify element property value successfully

2022-11-22 17:34:35 - [MESSAGE][PASSED] - Verify element property value successfully]]></system-out>
         <system-err><![CDATA[]]></system-err>
      </testcase>
      <testcase name="Test Cases/Engine_Scoring/Engine Scoring" time="5.657" classname="Test Cases/Engine_Scoring/Engine Scoring" status="PASSED">
         <system-out><![CDATA[2022-11-22 17:34:35 - [TEST_CASE][PASSED] - Test Cases/Engine_Scoring/Engine Scoring: Test Cases/Engine_Scoring/Engine Scoring

2022-11-22 17:34:37 - [TEST_STEP][PASSED] - markPassed("Variasi data ke : " + no): Variasi data ke : 191

2022-11-22 17:34:37 - [MESSAGE][PASSED] - Variasi data ke : 191

2022-11-22 17:34:37 - [TEST_STEP][PASSED] - req_data = sendRequest(findTestObject("Search_ME", ["MID":MID, "source":source, "ip":ip, "userid":userid, "branch":branch, "tipekons":tipekons, "marital":marital, "penjamin":penjamin, ... ])): Send request successfully

2022-11-22 17:34:38 - [MESSAGE][INFO] - HAR: D:\DMS\Engine Scoring\Reports\20221122_171227\Exclude KKB - DS\Scoring Individu - DS\20221122_171227\requests\main\380.har

2022-11-22 17:34:38 - [MESSAGE][PASSED] - Send request successfully

2022-11-22 17:34:38 - [TEST_STEP][PASSED] - slurper = new groovy.json.JsonSlurper(): null

2022-11-22 17:34:38 - [TEST_STEP][PASSED] - result = slurper.parseText(req_data.getResponseBodyContent()): null

2022-11-22 17:34:38 - [TEST_STEP][PASSED] - reqid_kons = requestid1: null

2022-11-22 17:34:38 - [TEST_STEP][PASSED] - reqid_spouse = requestid2: null

2022-11-22 17:34:38 - [TEST_STEP][PASSED] - println("requestid kons : " + reqid_kons): null

2022-11-22 17:34:38 - [TEST_STEP][PASSED] - response_searchME_kons = reqid_kons: null

2022-11-22 17:34:38 - [TEST_STEP][PASSED] - response_searchME_spouse = reqid_spouse: null

2022-11-22 17:34:38 - [TEST_STEP][PASSED] - println("kons req id is :" + response_searchME_kons): null

2022-11-22 17:34:38 - [TEST_STEP][PASSED] - println("spouse req id is : " + response_searchME_spouse): null

2022-11-22 17:34:38 - [TEST_STEP][PASSED] - verifyResponseStatusCode(req_data, 200): Verify response status code successfully

2022-11-22 17:34:38 - [MESSAGE][PASSED] - Verify response status code successfully

2022-11-22 17:34:38 - [TEST_STEP][PASSED] - response = req_data.getResponseText(): null

2022-11-22 17:34:38 - [TEST_STEP][PASSED] - logInfo($response): {"status":"Done","data":{"requestid1":"242605","requestid2":""}}

2022-11-22 17:34:38 - [MESSAGE][INFO] - {"status":"Done","data":{"requestid1":"242605","requestid2":""}}

2022-11-22 17:34:38 - [TEST_STEP][PASSED] - delay(3): Delayed 3 second(s)

2022-11-22 17:34:41 - [MESSAGE][PASSED] - Delayed 3 second(s)

2022-11-22 17:34:41 - [TEST_STEP][PASSED] - scoring = sendRequest(findTestObject("EngineScore", ["response_searchME_kons":response_searchME_kons, "response_searchME_spouse":response_searchME_spouse])): Send request successfully

2022-11-22 17:34:41 - [MESSAGE][INFO] - HAR: D:\DMS\Engine Scoring\Reports\20221122_171227\Exclude KKB - DS\Scoring Individu - DS\20221122_171227\requests\main\381.har

2022-11-22 17:34:41 - [MESSAGE][PASSED] - Send request successfully

2022-11-22 17:34:41 - [TEST_STEP][PASSED] - verifyResponseStatusCode(scoring, 200): Verify response status code successfully

2022-11-22 17:34:41 - [MESSAGE][PASSED] - Verify response status code successfully

2022-11-22 17:34:41 - [TEST_STEP][PASSED] - response2 = scoring.getResponseText(): null

2022-11-22 17:34:41 - [TEST_STEP][PASSED] - markPassed("result service data ke : " + no): result service data ke : 191

2022-11-22 17:34:41 - [MESSAGE][PASSED] - result service data ke : 191

2022-11-22 17:34:41 - [TEST_STEP][PASSED] - logInfo($response2): {"result_konsumen":"Reject","result_pasangan":"","Final_result":"Reject","errorMessage":"","status":"Done"}

2022-11-22 17:34:41 - [MESSAGE][INFO] - {"result_konsumen":"Reject","result_pasangan":"","Final_result":"Reject","errorMessage":"","status":"Done"}

2022-11-22 17:34:41 - [TEST_STEP][PASSED] - verifyElementPropertyValue(scoring, "Final_result", final_result): Verify element property value successfully

2022-11-22 17:34:41 - [MESSAGE][PASSED] - Verify element property value successfully]]></system-out>
         <system-err><![CDATA[]]></system-err>
      </testcase>
      <testcase name="Test Cases/Engine_Scoring/Engine Scoring" time="5.631" classname="Test Cases/Engine_Scoring/Engine Scoring" status="PASSED">
         <system-out><![CDATA[2022-11-22 17:34:41 - [TEST_CASE][PASSED] - Test Cases/Engine_Scoring/Engine Scoring: Test Cases/Engine_Scoring/Engine Scoring

2022-11-22 17:34:42 - [TEST_STEP][PASSED] - markPassed("Variasi data ke : " + no): Variasi data ke : 192

2022-11-22 17:34:42 - [MESSAGE][PASSED] - Variasi data ke : 192

2022-11-22 17:34:42 - [TEST_STEP][PASSED] - req_data = sendRequest(findTestObject("Search_ME", ["MID":MID, "source":source, "ip":ip, "userid":userid, "branch":branch, "tipekons":tipekons, "marital":marital, "penjamin":penjamin, ... ])): Send request successfully

2022-11-22 17:34:44 - [MESSAGE][INFO] - HAR: D:\DMS\Engine Scoring\Reports\20221122_171227\Exclude KKB - DS\Scoring Individu - DS\20221122_171227\requests\main\382.har

2022-11-22 17:34:44 - [MESSAGE][PASSED] - Send request successfully

2022-11-22 17:34:44 - [TEST_STEP][PASSED] - slurper = new groovy.json.JsonSlurper(): null

2022-11-22 17:34:44 - [TEST_STEP][PASSED] - result = slurper.parseText(req_data.getResponseBodyContent()): null

2022-11-22 17:34:44 - [TEST_STEP][PASSED] - reqid_kons = requestid1: null

2022-11-22 17:34:44 - [TEST_STEP][PASSED] - reqid_spouse = requestid2: null

2022-11-22 17:34:44 - [TEST_STEP][PASSED] - println("requestid kons : " + reqid_kons): null

2022-11-22 17:34:44 - [TEST_STEP][PASSED] - response_searchME_kons = reqid_kons: null

2022-11-22 17:34:44 - [TEST_STEP][PASSED] - response_searchME_spouse = reqid_spouse: null

2022-11-22 17:34:44 - [TEST_STEP][PASSED] - println("kons req id is :" + response_searchME_kons): null

2022-11-22 17:34:44 - [TEST_STEP][PASSED] - println("spouse req id is : " + response_searchME_spouse): null

2022-11-22 17:34:44 - [TEST_STEP][PASSED] - verifyResponseStatusCode(req_data, 200): Verify response status code successfully

2022-11-22 17:34:44 - [MESSAGE][PASSED] - Verify response status code successfully

2022-11-22 17:34:44 - [TEST_STEP][PASSED] - response = req_data.getResponseText(): null

2022-11-22 17:34:44 - [TEST_STEP][PASSED] - logInfo($response): {"status":"Done","data":{"requestid1":"242606","requestid2":""}}

2022-11-22 17:34:44 - [MESSAGE][INFO] - {"status":"Done","data":{"requestid1":"242606","requestid2":""}}

2022-11-22 17:34:44 - [TEST_STEP][PASSED] - delay(3): Delayed 3 second(s)

2022-11-22 17:34:47 - [MESSAGE][PASSED] - Delayed 3 second(s)

2022-11-22 17:34:47 - [TEST_STEP][PASSED] - scoring = sendRequest(findTestObject("EngineScore", ["response_searchME_kons":response_searchME_kons, "response_searchME_spouse":response_searchME_spouse])): Send request successfully

2022-11-22 17:34:47 - [MESSAGE][INFO] - HAR: D:\DMS\Engine Scoring\Reports\20221122_171227\Exclude KKB - DS\Scoring Individu - DS\20221122_171227\requests\main\383.har

2022-11-22 17:34:47 - [MESSAGE][PASSED] - Send request successfully

2022-11-22 17:34:47 - [TEST_STEP][PASSED] - verifyResponseStatusCode(scoring, 200): Verify response status code successfully

2022-11-22 17:34:47 - [MESSAGE][PASSED] - Verify response status code successfully

2022-11-22 17:34:47 - [TEST_STEP][PASSED] - response2 = scoring.getResponseText(): null

2022-11-22 17:34:47 - [TEST_STEP][PASSED] - markPassed("result service data ke : " + no): result service data ke : 192

2022-11-22 17:34:47 - [MESSAGE][PASSED] - result service data ke : 192

2022-11-22 17:34:47 - [TEST_STEP][PASSED] - logInfo($response2): {"result_konsumen":"Reject","result_pasangan":"","Final_result":"Reject","errorMessage":"","status":"Done"}

2022-11-22 17:34:47 - [MESSAGE][INFO] - {"result_konsumen":"Reject","result_pasangan":"","Final_result":"Reject","errorMessage":"","status":"Done"}

2022-11-22 17:34:47 - [TEST_STEP][PASSED] - verifyElementPropertyValue(scoring, "Final_result", final_result): Verify element property value successfully

2022-11-22 17:34:47 - [MESSAGE][PASSED] - Verify element property value successfully]]></system-out>
         <system-err><![CDATA[]]></system-err>
      </testcase>
      <testcase name="Test Cases/Engine_Scoring/Engine Scoring" time="6.211" classname="Test Cases/Engine_Scoring/Engine Scoring" status="FAILED">
         <failure type="FAILED" message="Test Cases/Engine_Scoring/Engine Scoring FAILED.
Reason:
com.kms.katalon.core.exception.StepFailedException: Expected element property value 'Approve' is not equal with actual property value 'Reguler'
	at com.kms.katalon.core.keyword.internal.KeywordMain.stepFailed(KeywordMain.groovy:50)
	at com.kms.katalon.core.webservice.keyword.builtin.VerifyElementPropertyValueKeyword$_verifyElementPropertyValue_closure1.doCall(VerifyElementPropertyValueKeyword.groovy:56)
	at com.kms.katalon.core.webservice.keyword.builtin.VerifyElementPropertyValueKeyword$_verifyElementPropertyValue_closure1.call(VerifyElementPropertyValueKeyword.groovy)
	at com.kms.katalon.core.keyword.internal.KeywordMain.runKeyword(KeywordMain.groovy:74)
	at com.kms.katalon.core.webservice.keyword.builtin.VerifyElementPropertyValueKeyword.verifyElementPropertyValue(VerifyElementPropertyValueKeyword.groovy:48)
	at com.kms.katalon.core.webservice.keyword.builtin.VerifyElementPropertyValueKeyword.execute(VerifyElementPropertyValueKeyword.groovy:43)
	at com.kms.katalon.core.keyword.internal.KeywordExecutor.executeKeywordForPlatform(KeywordExecutor.groovy:74)
	at com.kms.katalon.core.webservice.keyword.WSBuiltInKeywords.verifyElementPropertyValue(WSBuiltInKeywords.groovy:189)
	at com.kms.katalon.core.webservice.keyword.WSBuiltInKeywords$verifyElementPropertyValue$1.call(Unknown Source)
	at Engine Scoring.run(Engine Scoring:107)
	at com.kms.katalon.core.main.ScriptEngine.run(ScriptEngine.java:194)
	at com.kms.katalon.core.main.ScriptEngine.runScriptAsRawText(ScriptEngine.java:119)
	at com.kms.katalon.core.main.TestCaseExecutor.runScript(TestCaseExecutor.java:442)
	at com.kms.katalon.core.main.TestCaseExecutor.doExecute(TestCaseExecutor.java:433)
	at com.kms.katalon.core.main.TestCaseExecutor.processExecutionPhase(TestCaseExecutor.java:412)
	at com.kms.katalon.core.main.TestCaseExecutor.accessMainPhase(TestCaseExecutor.java:404)
	at com.kms.katalon.core.main.TestCaseExecutor.execute(TestCaseExecutor.java:281)
	at com.kms.katalon.core.main.TestSuiteExecutor.accessTestCaseMainPhase(TestSuiteExecutor.java:202)
	at com.kms.katalon.core.main.TestSuiteExecutor.accessTestSuiteMainPhase(TestSuiteExecutor.java:164)
	at com.kms.katalon.core.main.TestSuiteExecutor.execute(TestSuiteExecutor.java:105)
	at com.kms.katalon.core.main.TestCaseMain.startTestSuite(TestCaseMain.java:185)
	at com.kms.katalon.core.main.TestCaseMain$startTestSuite$0.call(Unknown Source)
	at TempTestSuite1669111947346.run(TempTestSuite1669111947346.groovy:36)
"/>
         <system-out><![CDATA[2022-11-22 17:34:47 - [TEST_CASE][FAILED] - Test Cases/Engine_Scoring/Engine Scoring: Test Cases/Engine_Scoring/Engine Scoring FAILED.
Reason:
com.kms.katalon.core.exception.StepFailedException: Expected element property value 'Approve' is not equal with actual property value 'Reguler'
	at com.kms.katalon.core.keyword.internal.KeywordMain.stepFailed(KeywordMain.groovy:50)
	at com.kms.katalon.core.webservice.keyword.builtin.VerifyElementPropertyValueKeyword$_verifyElementPropertyValue_closure1.doCall(VerifyElementPropertyValueKeyword.groovy:56)
	at com.kms.katalon.core.webservice.keyword.builtin.VerifyElementPropertyValueKeyword$_verifyElementPropertyValue_closure1.call(VerifyElementPropertyValueKeyword.groovy)
	at com.kms.katalon.core.keyword.internal.KeywordMain.runKeyword(KeywordMain.groovy:74)
	at com.kms.katalon.core.webservice.keyword.builtin.VerifyElementPropertyValueKeyword.verifyElementPropertyValue(VerifyElementPropertyValueKeyword.groovy:48)
	at com.kms.katalon.core.webservice.keyword.builtin.VerifyElementPropertyValueKeyword.execute(VerifyElementPropertyValueKeyword.groovy:43)
	at com.kms.katalon.core.keyword.internal.KeywordExecutor.executeKeywordForPlatform(KeywordExecutor.groovy:74)
	at com.kms.katalon.core.webservice.keyword.WSBuiltInKeywords.verifyElementPropertyValue(WSBuiltInKeywords.groovy:189)
	at com.kms.katalon.core.webservice.keyword.WSBuiltInKeywords$verifyElementPropertyValue$1.call(Unknown Source)
	at Engine Scoring.run(Engine Scoring:107)
	at com.kms.katalon.core.main.ScriptEngine.run(ScriptEngine.java:194)
	at com.kms.katalon.core.main.ScriptEngine.runScriptAsRawText(ScriptEngine.java:119)
	at com.kms.katalon.core.main.TestCaseExecutor.runScript(TestCaseExecutor.java:442)
	at com.kms.katalon.core.main.TestCaseExecutor.doExecute(TestCaseExecutor.java:433)
	at com.kms.katalon.core.main.TestCaseExecutor.processExecutionPhase(TestCaseExecutor.java:412)
	at com.kms.katalon.core.main.TestCaseExecutor.accessMainPhase(TestCaseExecutor.java:404)
	at com.kms.katalon.core.main.TestCaseExecutor.execute(TestCaseExecutor.java:281)
	at com.kms.katalon.core.main.TestSuiteExecutor.accessTestCaseMainPhase(TestSuiteExecutor.java:202)
	at com.kms.katalon.core.main.TestSuiteExecutor.accessTestSuiteMainPhase(TestSuiteExecutor.java:164)
	at com.kms.katalon.core.main.TestSuiteExecutor.execute(TestSuiteExecutor.java:105)
	at com.kms.katalon.core.main.TestCaseMain.startTestSuite(TestCaseMain.java:185)
	at com.kms.katalon.core.main.TestCaseMain$startTestSuite$0.call(Unknown Source)
	at TempTestSuite1669111947346.run(TempTestSuite1669111947346.groovy:36)


2022-11-22 17:34:48 - [TEST_STEP][PASSED] - markPassed("Variasi data ke : " + no): Variasi data ke : 193

2022-11-22 17:34:48 - [MESSAGE][PASSED] - Variasi data ke : 193

2022-11-22 17:34:48 - [TEST_STEP][PASSED] - req_data = sendRequest(findTestObject("Search_ME", ["MID":MID, "source":source, "ip":ip, "userid":userid, "branch":branch, "tipekons":tipekons, "marital":marital, "penjamin":penjamin, ... ])): Send request successfully

2022-11-22 17:34:49 - [MESSAGE][INFO] - HAR: D:\DMS\Engine Scoring\Reports\20221122_171227\Exclude KKB - DS\Scoring Individu - DS\20221122_171227\requests\main\384.har

2022-11-22 17:34:49 - [MESSAGE][PASSED] - Send request successfully

2022-11-22 17:34:49 - [TEST_STEP][PASSED] - slurper = new groovy.json.JsonSlurper(): null

2022-11-22 17:34:49 - [TEST_STEP][PASSED] - result = slurper.parseText(req_data.getResponseBodyContent()): null

2022-11-22 17:34:49 - [TEST_STEP][PASSED] - reqid_kons = requestid1: null

2022-11-22 17:34:49 - [TEST_STEP][PASSED] - reqid_spouse = requestid2: null

2022-11-22 17:34:49 - [TEST_STEP][PASSED] - println("requestid kons : " + reqid_kons): null

2022-11-22 17:34:49 - [TEST_STEP][PASSED] - response_searchME_kons = reqid_kons: null

2022-11-22 17:34:49 - [TEST_STEP][PASSED] - response_searchME_spouse = reqid_spouse: null

2022-11-22 17:34:49 - [TEST_STEP][PASSED] - println("kons req id is :" + response_searchME_kons): null

2022-11-22 17:34:49 - [TEST_STEP][PASSED] - println("spouse req id is : " + response_searchME_spouse): null

2022-11-22 17:34:49 - [TEST_STEP][PASSED] - verifyResponseStatusCode(req_data, 200): Verify response status code successfully

2022-11-22 17:34:49 - [MESSAGE][PASSED] - Verify response status code successfully

2022-11-22 17:34:49 - [TEST_STEP][PASSED] - response = req_data.getResponseText(): null

2022-11-22 17:34:49 - [TEST_STEP][PASSED] - logInfo($response): {"status":"Done","data":{"requestid1":"242607","requestid2":""}}

2022-11-22 17:34:49 - [MESSAGE][INFO] - {"status":"Done","data":{"requestid1":"242607","requestid2":""}}

2022-11-22 17:34:49 - [TEST_STEP][PASSED] - delay(3): Delayed 3 second(s)

2022-11-22 17:34:52 - [MESSAGE][PASSED] - Delayed 3 second(s)

2022-11-22 17:34:52 - [TEST_STEP][PASSED] - scoring = sendRequest(findTestObject("EngineScore", ["response_searchME_kons":response_searchME_kons, "response_searchME_spouse":response_searchME_spouse])): Send request successfully

2022-11-22 17:34:53 - [MESSAGE][INFO] - HAR: D:\DMS\Engine Scoring\Reports\20221122_171227\Exclude KKB - DS\Scoring Individu - DS\20221122_171227\requests\main\385.har

2022-11-22 17:34:53 - [MESSAGE][PASSED] - Send request successfully

2022-11-22 17:34:53 - [TEST_STEP][PASSED] - verifyResponseStatusCode(scoring, 200): Verify response status code successfully

2022-11-22 17:34:53 - [MESSAGE][PASSED] - Verify response status code successfully

2022-11-22 17:34:53 - [TEST_STEP][PASSED] - response2 = scoring.getResponseText(): null

2022-11-22 17:34:53 - [TEST_STEP][PASSED] - markPassed("result service data ke : " + no): result service data ke : 193

2022-11-22 17:34:53 - [MESSAGE][PASSED] - result service data ke : 193

2022-11-22 17:34:53 - [TEST_STEP][PASSED] - logInfo($response2): {"result_konsumen":"Reguler","result_pasangan":"","Final_result":"Reguler","errorMessage":"","status":"Done"}

2022-11-22 17:34:53 - [MESSAGE][INFO] - {"result_konsumen":"Reguler","result_pasangan":"","Final_result":"Reguler","errorMessage":"","status":"Done"}

2022-11-22 17:34:53 - [TEST_STEP][FAILED] - verifyElementPropertyValue(scoring, "Final_result", final_result): Unable to verify element property value (Root cause: com.kms.katalon.core.exception.StepFailedException: Expected element property value 'Approve' is not equal with actual property value 'Reguler'
	at com.kms.katalon.core.keyword.internal.KeywordMain.stepFailed(KeywordMain.groovy:50)
	at com.kms.katalon.core.webservice.keyword.builtin.VerifyElementPropertyValueKeyword$_verifyElementPropertyValue_closure1.doCall(VerifyElementPropertyValueKeyword.groovy:56)
	at com.kms.katalon.core.webservice.keyword.builtin.VerifyElementPropertyValueKeyword$_verifyElementPropertyValue_closure1.call(VerifyElementPropertyValueKeyword.groovy)
	at com.kms.katalon.core.keyword.internal.KeywordMain.runKeyword(KeywordMain.groovy:74)
	at com.kms.katalon.core.webservice.keyword.builtin.VerifyElementPropertyValueKeyword.verifyElementPropertyValue(VerifyElementPropertyValueKeyword.groovy:48)
	at com.kms.katalon.core.webservice.keyword.builtin.VerifyElementPropertyValueKeyword.execute(VerifyElementPropertyValueKeyword.groovy:43)
	at com.kms.katalon.core.keyword.internal.KeywordExecutor.executeKeywordForPlatform(KeywordExecutor.groovy:74)
	at com.kms.katalon.core.webservice.keyword.WSBuiltInKeywords.verifyElementPropertyValue(WSBuiltInKeywords.groovy:189)
	at com.kms.katalon.core.webservice.keyword.WSBuiltInKeywords$verifyElementPropertyValue$1.call(Unknown Source)
	at Engine Scoring.run(Engine Scoring:107)
	at com.kms.katalon.core.main.ScriptEngine.run(ScriptEngine.java:194)
	at com.kms.katalon.core.main.ScriptEngine.runScriptAsRawText(ScriptEngine.java:119)
	at com.kms.katalon.core.main.TestCaseExecutor.runScript(TestCaseExecutor.java:442)
	at com.kms.katalon.core.main.TestCaseExecutor.doExecute(TestCaseExecutor.java:433)
	at com.kms.katalon.core.main.TestCaseExecutor.processExecutionPhase(TestCaseExecutor.java:412)
	at com.kms.katalon.core.main.TestCaseExecutor.accessMainPhase(TestCaseExecutor.java:404)
	at com.kms.katalon.core.main.TestCaseExecutor.execute(TestCaseExecutor.java:281)
	at com.kms.katalon.core.main.TestSuiteExecutor.accessTestCaseMainPhase(TestSuiteExecutor.java:202)
	at com.kms.katalon.core.main.TestSuiteExecutor.accessTestSuiteMainPhase(TestSuiteExecutor.java:164)
	at com.kms.katalon.core.main.TestSuiteExecutor.execute(TestSuiteExecutor.java:105)
	at com.kms.katalon.core.main.TestCaseMain.startTestSuite(TestCaseMain.java:185)
	at com.kms.katalon.core.main.TestCaseMain$startTestSuite$0.call(Unknown Source)
	at TempTestSuite1669111947346.run(TempTestSuite1669111947346.groovy:36)
)

2022-11-22 17:34:53 - [MESSAGE][FAILED] - Expected element property value 'Approve' is not equal with actual property value 'Reguler'

2022-11-22 17:34:53 - [MESSAGE][FAILED] - Unable to verify element property value (Root cause: com.kms.katalon.core.exception.StepFailedException: Expected element property value 'Approve' is not equal with actual property value 'Reguler'
	at com.kms.katalon.core.keyword.internal.KeywordMain.stepFailed(KeywordMain.groovy:50)
	at com.kms.katalon.core.webservice.keyword.builtin.VerifyElementPropertyValueKeyword$_verifyElementPropertyValue_closure1.doCall(VerifyElementPropertyValueKeyword.groovy:56)
	at com.kms.katalon.core.webservice.keyword.builtin.VerifyElementPropertyValueKeyword$_verifyElementPropertyValue_closure1.call(VerifyElementPropertyValueKeyword.groovy)
	at com.kms.katalon.core.keyword.internal.KeywordMain.runKeyword(KeywordMain.groovy:74)
	at com.kms.katalon.core.webservice.keyword.builtin.VerifyElementPropertyValueKeyword.verifyElementPropertyValue(VerifyElementPropertyValueKeyword.groovy:48)
	at com.kms.katalon.core.webservice.keyword.builtin.VerifyElementPropertyValueKeyword.execute(VerifyElementPropertyValueKeyword.groovy:43)
	at com.kms.katalon.core.keyword.internal.KeywordExecutor.executeKeywordForPlatform(KeywordExecutor.groovy:74)
	at com.kms.katalon.core.webservice.keyword.WSBuiltInKeywords.verifyElementPropertyValue(WSBuiltInKeywords.groovy:189)
	at com.kms.katalon.core.webservice.keyword.WSBuiltInKeywords$verifyElementPropertyValue$1.call(Unknown Source)
	at Engine Scoring.run(Engine Scoring:107)
	at com.kms.katalon.core.main.ScriptEngine.run(ScriptEngine.java:194)
	at com.kms.katalon.core.main.ScriptEngine.runScriptAsRawText(ScriptEngine.java:119)
	at com.kms.katalon.core.main.TestCaseExecutor.runScript(TestCaseExecutor.java:442)
	at com.kms.katalon.core.main.TestCaseExecutor.doExecute(TestCaseExecutor.java:433)
	at com.kms.katalon.core.main.TestCaseExecutor.processExecutionPhase(TestCaseExecutor.java:412)
	at com.kms.katalon.core.main.TestCaseExecutor.accessMainPhase(TestCaseExecutor.java:404)
	at com.kms.katalon.core.main.TestCaseExecutor.execute(TestCaseExecutor.java:281)
	at com.kms.katalon.core.main.TestSuiteExecutor.accessTestCaseMainPhase(TestSuiteExecutor.java:202)
	at com.kms.katalon.core.main.TestSuiteExecutor.accessTestSuiteMainPhase(TestSuiteExecutor.java:164)
	at com.kms.katalon.core.main.TestSuiteExecutor.execute(TestSuiteExecutor.java:105)
	at com.kms.katalon.core.main.TestCaseMain.startTestSuite(TestCaseMain.java:185)
	at com.kms.katalon.core.main.TestCaseMain$startTestSuite$0.call(Unknown Source)
	at TempTestSuite1669111947346.run(TempTestSuite1669111947346.groovy:36)
)]]></system-out>
         <system-err><![CDATA[2022-11-22 17:34:47 - [TEST_CASE][FAILED] - Test Cases/Engine_Scoring/Engine Scoring: Test Cases/Engine_Scoring/Engine Scoring FAILED.
Reason:
com.kms.katalon.core.exception.StepFailedException: Expected element property value 'Approve' is not equal with actual property value 'Reguler'
	at com.kms.katalon.core.keyword.internal.KeywordMain.stepFailed(KeywordMain.groovy:50)
	at com.kms.katalon.core.webservice.keyword.builtin.VerifyElementPropertyValueKeyword$_verifyElementPropertyValue_closure1.doCall(VerifyElementPropertyValueKeyword.groovy:56)
	at com.kms.katalon.core.webservice.keyword.builtin.VerifyElementPropertyValueKeyword$_verifyElementPropertyValue_closure1.call(VerifyElementPropertyValueKeyword.groovy)
	at com.kms.katalon.core.keyword.internal.KeywordMain.runKeyword(KeywordMain.groovy:74)
	at com.kms.katalon.core.webservice.keyword.builtin.VerifyElementPropertyValueKeyword.verifyElementPropertyValue(VerifyElementPropertyValueKeyword.groovy:48)
	at com.kms.katalon.core.webservice.keyword.builtin.VerifyElementPropertyValueKeyword.execute(VerifyElementPropertyValueKeyword.groovy:43)
	at com.kms.katalon.core.keyword.internal.KeywordExecutor.executeKeywordForPlatform(KeywordExecutor.groovy:74)
	at com.kms.katalon.core.webservice.keyword.WSBuiltInKeywords.verifyElementPropertyValue(WSBuiltInKeywords.groovy:189)
	at com.kms.katalon.core.webservice.keyword.WSBuiltInKeywords$verifyElementPropertyValue$1.call(Unknown Source)
	at Engine Scoring.run(Engine Scoring:107)
	at com.kms.katalon.core.main.ScriptEngine.run(ScriptEngine.java:194)
	at com.kms.katalon.core.main.ScriptEngine.runScriptAsRawText(ScriptEngine.java:119)
	at com.kms.katalon.core.main.TestCaseExecutor.runScript(TestCaseExecutor.java:442)
	at com.kms.katalon.core.main.TestCaseExecutor.doExecute(TestCaseExecutor.java:433)
	at com.kms.katalon.core.main.TestCaseExecutor.processExecutionPhase(TestCaseExecutor.java:412)
	at com.kms.katalon.core.main.TestCaseExecutor.accessMainPhase(TestCaseExecutor.java:404)
	at com.kms.katalon.core.main.TestCaseExecutor.execute(TestCaseExecutor.java:281)
	at com.kms.katalon.core.main.TestSuiteExecutor.accessTestCaseMainPhase(TestSuiteExecutor.java:202)
	at com.kms.katalon.core.main.TestSuiteExecutor.accessTestSuiteMainPhase(TestSuiteExecutor.java:164)
	at com.kms.katalon.core.main.TestSuiteExecutor.execute(TestSuiteExecutor.java:105)
	at com.kms.katalon.core.main.TestCaseMain.startTestSuite(TestCaseMain.java:185)
	at com.kms.katalon.core.main.TestCaseMain$startTestSuite$0.call(Unknown Source)
	at TempTestSuite1669111947346.run(TempTestSuite1669111947346.groovy:36)]]></system-err>
      </testcase>
      <testcase name="Test Cases/Engine_Scoring/Engine Scoring" time="5.676" classname="Test Cases/Engine_Scoring/Engine Scoring" status="FAILED">
         <failure type="FAILED" message="Test Cases/Engine_Scoring/Engine Scoring FAILED.
Reason:
com.kms.katalon.core.exception.StepFailedException: Expected element property value 'Approve' is not equal with actual property value 'Reguler'
	at com.kms.katalon.core.keyword.internal.KeywordMain.stepFailed(KeywordMain.groovy:50)
	at com.kms.katalon.core.webservice.keyword.builtin.VerifyElementPropertyValueKeyword$_verifyElementPropertyValue_closure1.doCall(VerifyElementPropertyValueKeyword.groovy:56)
	at com.kms.katalon.core.webservice.keyword.builtin.VerifyElementPropertyValueKeyword$_verifyElementPropertyValue_closure1.call(VerifyElementPropertyValueKeyword.groovy)
	at com.kms.katalon.core.keyword.internal.KeywordMain.runKeyword(KeywordMain.groovy:74)
	at com.kms.katalon.core.webservice.keyword.builtin.VerifyElementPropertyValueKeyword.verifyElementPropertyValue(VerifyElementPropertyValueKeyword.groovy:48)
	at com.kms.katalon.core.webservice.keyword.builtin.VerifyElementPropertyValueKeyword.execute(VerifyElementPropertyValueKeyword.groovy:43)
	at com.kms.katalon.core.keyword.internal.KeywordExecutor.executeKeywordForPlatform(KeywordExecutor.groovy:74)
	at com.kms.katalon.core.webservice.keyword.WSBuiltInKeywords.verifyElementPropertyValue(WSBuiltInKeywords.groovy:189)
	at com.kms.katalon.core.webservice.keyword.WSBuiltInKeywords$verifyElementPropertyValue$1.call(Unknown Source)
	at Engine Scoring.run(Engine Scoring:107)
	at com.kms.katalon.core.main.ScriptEngine.run(ScriptEngine.java:194)
	at com.kms.katalon.core.main.ScriptEngine.runScriptAsRawText(ScriptEngine.java:119)
	at com.kms.katalon.core.main.TestCaseExecutor.runScript(TestCaseExecutor.java:442)
	at com.kms.katalon.core.main.TestCaseExecutor.doExecute(TestCaseExecutor.java:433)
	at com.kms.katalon.core.main.TestCaseExecutor.processExecutionPhase(TestCaseExecutor.java:412)
	at com.kms.katalon.core.main.TestCaseExecutor.accessMainPhase(TestCaseExecutor.java:404)
	at com.kms.katalon.core.main.TestCaseExecutor.execute(TestCaseExecutor.java:281)
	at com.kms.katalon.core.main.TestSuiteExecutor.accessTestCaseMainPhase(TestSuiteExecutor.java:202)
	at com.kms.katalon.core.main.TestSuiteExecutor.accessTestSuiteMainPhase(TestSuiteExecutor.java:164)
	at com.kms.katalon.core.main.TestSuiteExecutor.execute(TestSuiteExecutor.java:105)
	at com.kms.katalon.core.main.TestCaseMain.startTestSuite(TestCaseMain.java:185)
	at com.kms.katalon.core.main.TestCaseMain$startTestSuite$0.call(Unknown Source)
	at TempTestSuite1669111947346.run(TempTestSuite1669111947346.groovy:36)
"/>
         <system-out><![CDATA[2022-11-22 17:34:53 - [TEST_CASE][FAILED] - Test Cases/Engine_Scoring/Engine Scoring: Test Cases/Engine_Scoring/Engine Scoring FAILED.
Reason:
com.kms.katalon.core.exception.StepFailedException: Expected element property value 'Approve' is not equal with actual property value 'Reguler'
	at com.kms.katalon.core.keyword.internal.KeywordMain.stepFailed(KeywordMain.groovy:50)
	at com.kms.katalon.core.webservice.keyword.builtin.VerifyElementPropertyValueKeyword$_verifyElementPropertyValue_closure1.doCall(VerifyElementPropertyValueKeyword.groovy:56)
	at com.kms.katalon.core.webservice.keyword.builtin.VerifyElementPropertyValueKeyword$_verifyElementPropertyValue_closure1.call(VerifyElementPropertyValueKeyword.groovy)
	at com.kms.katalon.core.keyword.internal.KeywordMain.runKeyword(KeywordMain.groovy:74)
	at com.kms.katalon.core.webservice.keyword.builtin.VerifyElementPropertyValueKeyword.verifyElementPropertyValue(VerifyElementPropertyValueKeyword.groovy:48)
	at com.kms.katalon.core.webservice.keyword.builtin.VerifyElementPropertyValueKeyword.execute(VerifyElementPropertyValueKeyword.groovy:43)
	at com.kms.katalon.core.keyword.internal.KeywordExecutor.executeKeywordForPlatform(KeywordExecutor.groovy:74)
	at com.kms.katalon.core.webservice.keyword.WSBuiltInKeywords.verifyElementPropertyValue(WSBuiltInKeywords.groovy:189)
	at com.kms.katalon.core.webservice.keyword.WSBuiltInKeywords$verifyElementPropertyValue$1.call(Unknown Source)
	at Engine Scoring.run(Engine Scoring:107)
	at com.kms.katalon.core.main.ScriptEngine.run(ScriptEngine.java:194)
	at com.kms.katalon.core.main.ScriptEngine.runScriptAsRawText(ScriptEngine.java:119)
	at com.kms.katalon.core.main.TestCaseExecutor.runScript(TestCaseExecutor.java:442)
	at com.kms.katalon.core.main.TestCaseExecutor.doExecute(TestCaseExecutor.java:433)
	at com.kms.katalon.core.main.TestCaseExecutor.processExecutionPhase(TestCaseExecutor.java:412)
	at com.kms.katalon.core.main.TestCaseExecutor.accessMainPhase(TestCaseExecutor.java:404)
	at com.kms.katalon.core.main.TestCaseExecutor.execute(TestCaseExecutor.java:281)
	at com.kms.katalon.core.main.TestSuiteExecutor.accessTestCaseMainPhase(TestSuiteExecutor.java:202)
	at com.kms.katalon.core.main.TestSuiteExecutor.accessTestSuiteMainPhase(TestSuiteExecutor.java:164)
	at com.kms.katalon.core.main.TestSuiteExecutor.execute(TestSuiteExecutor.java:105)
	at com.kms.katalon.core.main.TestCaseMain.startTestSuite(TestCaseMain.java:185)
	at com.kms.katalon.core.main.TestCaseMain$startTestSuite$0.call(Unknown Source)
	at TempTestSuite1669111947346.run(TempTestSuite1669111947346.groovy:36)


2022-11-22 17:34:54 - [TEST_STEP][PASSED] - markPassed("Variasi data ke : " + no): Variasi data ke : 194

2022-11-22 17:34:54 - [MESSAGE][PASSED] - Variasi data ke : 194

2022-11-22 17:34:54 - [TEST_STEP][PASSED] - req_data = sendRequest(findTestObject("Search_ME", ["MID":MID, "source":source, "ip":ip, "userid":userid, "branch":branch, "tipekons":tipekons, "marital":marital, "penjamin":penjamin, ... ])): Send request successfully

2022-11-22 17:34:56 - [MESSAGE][INFO] - HAR: D:\DMS\Engine Scoring\Reports\20221122_171227\Exclude KKB - DS\Scoring Individu - DS\20221122_171227\requests\main\386.har

2022-11-22 17:34:56 - [MESSAGE][PASSED] - Send request successfully

2022-11-22 17:34:56 - [TEST_STEP][PASSED] - slurper = new groovy.json.JsonSlurper(): null

2022-11-22 17:34:56 - [TEST_STEP][PASSED] - result = slurper.parseText(req_data.getResponseBodyContent()): null

2022-11-22 17:34:56 - [TEST_STEP][PASSED] - reqid_kons = requestid1: null

2022-11-22 17:34:56 - [TEST_STEP][PASSED] - reqid_spouse = requestid2: null

2022-11-22 17:34:56 - [TEST_STEP][PASSED] - println("requestid kons : " + reqid_kons): null

2022-11-22 17:34:56 - [TEST_STEP][PASSED] - response_searchME_kons = reqid_kons: null

2022-11-22 17:34:56 - [TEST_STEP][PASSED] - response_searchME_spouse = reqid_spouse: null

2022-11-22 17:34:56 - [TEST_STEP][PASSED] - println("kons req id is :" + response_searchME_kons): null

2022-11-22 17:34:56 - [TEST_STEP][PASSED] - println("spouse req id is : " + response_searchME_spouse): null

2022-11-22 17:34:56 - [TEST_STEP][PASSED] - verifyResponseStatusCode(req_data, 200): Verify response status code successfully

2022-11-22 17:34:56 - [MESSAGE][PASSED] - Verify response status code successfully

2022-11-22 17:34:56 - [TEST_STEP][PASSED] - response = req_data.getResponseText(): null

2022-11-22 17:34:56 - [TEST_STEP][PASSED] - logInfo($response): {"status":"Done","data":{"requestid1":"242608","requestid2":""}}

2022-11-22 17:34:56 - [MESSAGE][INFO] - {"status":"Done","data":{"requestid1":"242608","requestid2":""}}

2022-11-22 17:34:56 - [TEST_STEP][PASSED] - delay(3): Delayed 3 second(s)

2022-11-22 17:34:59 - [MESSAGE][PASSED] - Delayed 3 second(s)

2022-11-22 17:34:59 - [TEST_STEP][PASSED] - scoring = sendRequest(findTestObject("EngineScore", ["response_searchME_kons":response_searchME_kons, "response_searchME_spouse":response_searchME_spouse])): Send request successfully

2022-11-22 17:34:59 - [MESSAGE][INFO] - HAR: D:\DMS\Engine Scoring\Reports\20221122_171227\Exclude KKB - DS\Scoring Individu - DS\20221122_171227\requests\main\387.har

2022-11-22 17:34:59 - [MESSAGE][PASSED] - Send request successfully

2022-11-22 17:34:59 - [TEST_STEP][PASSED] - verifyResponseStatusCode(scoring, 200): Verify response status code successfully

2022-11-22 17:34:59 - [MESSAGE][PASSED] - Verify response status code successfully

2022-11-22 17:34:59 - [TEST_STEP][PASSED] - response2 = scoring.getResponseText(): null

2022-11-22 17:34:59 - [TEST_STEP][PASSED] - markPassed("result service data ke : " + no): result service data ke : 194

2022-11-22 17:34:59 - [MESSAGE][PASSED] - result service data ke : 194

2022-11-22 17:34:59 - [TEST_STEP][PASSED] - logInfo($response2): {"result_konsumen":"Reguler","result_pasangan":"","Final_result":"Reguler","errorMessage":"","status":"Done"}

2022-11-22 17:34:59 - [MESSAGE][INFO] - {"result_konsumen":"Reguler","result_pasangan":"","Final_result":"Reguler","errorMessage":"","status":"Done"}

2022-11-22 17:34:59 - [TEST_STEP][FAILED] - verifyElementPropertyValue(scoring, "Final_result", final_result): Unable to verify element property value (Root cause: com.kms.katalon.core.exception.StepFailedException: Expected element property value 'Approve' is not equal with actual property value 'Reguler'
	at com.kms.katalon.core.keyword.internal.KeywordMain.stepFailed(KeywordMain.groovy:50)
	at com.kms.katalon.core.webservice.keyword.builtin.VerifyElementPropertyValueKeyword$_verifyElementPropertyValue_closure1.doCall(VerifyElementPropertyValueKeyword.groovy:56)
	at com.kms.katalon.core.webservice.keyword.builtin.VerifyElementPropertyValueKeyword$_verifyElementPropertyValue_closure1.call(VerifyElementPropertyValueKeyword.groovy)
	at com.kms.katalon.core.keyword.internal.KeywordMain.runKeyword(KeywordMain.groovy:74)
	at com.kms.katalon.core.webservice.keyword.builtin.VerifyElementPropertyValueKeyword.verifyElementPropertyValue(VerifyElementPropertyValueKeyword.groovy:48)
	at com.kms.katalon.core.webservice.keyword.builtin.VerifyElementPropertyValueKeyword.execute(VerifyElementPropertyValueKeyword.groovy:43)
	at com.kms.katalon.core.keyword.internal.KeywordExecutor.executeKeywordForPlatform(KeywordExecutor.groovy:74)
	at com.kms.katalon.core.webservice.keyword.WSBuiltInKeywords.verifyElementPropertyValue(WSBuiltInKeywords.groovy:189)
	at com.kms.katalon.core.webservice.keyword.WSBuiltInKeywords$verifyElementPropertyValue$1.call(Unknown Source)
	at Engine Scoring.run(Engine Scoring:107)
	at com.kms.katalon.core.main.ScriptEngine.run(ScriptEngine.java:194)
	at com.kms.katalon.core.main.ScriptEngine.runScriptAsRawText(ScriptEngine.java:119)
	at com.kms.katalon.core.main.TestCaseExecutor.runScript(TestCaseExecutor.java:442)
	at com.kms.katalon.core.main.TestCaseExecutor.doExecute(TestCaseExecutor.java:433)
	at com.kms.katalon.core.main.TestCaseExecutor.processExecutionPhase(TestCaseExecutor.java:412)
	at com.kms.katalon.core.main.TestCaseExecutor.accessMainPhase(TestCaseExecutor.java:404)
	at com.kms.katalon.core.main.TestCaseExecutor.execute(TestCaseExecutor.java:281)
	at com.kms.katalon.core.main.TestSuiteExecutor.accessTestCaseMainPhase(TestSuiteExecutor.java:202)
	at com.kms.katalon.core.main.TestSuiteExecutor.accessTestSuiteMainPhase(TestSuiteExecutor.java:164)
	at com.kms.katalon.core.main.TestSuiteExecutor.execute(TestSuiteExecutor.java:105)
	at com.kms.katalon.core.main.TestCaseMain.startTestSuite(TestCaseMain.java:185)
	at com.kms.katalon.core.main.TestCaseMain$startTestSuite$0.call(Unknown Source)
	at TempTestSuite1669111947346.run(TempTestSuite1669111947346.groovy:36)
)

2022-11-22 17:34:59 - [MESSAGE][FAILED] - Expected element property value 'Approve' is not equal with actual property value 'Reguler'

2022-11-22 17:34:59 - [MESSAGE][FAILED] - Unable to verify element property value (Root cause: com.kms.katalon.core.exception.StepFailedException: Expected element property value 'Approve' is not equal with actual property value 'Reguler'
	at com.kms.katalon.core.keyword.internal.KeywordMain.stepFailed(KeywordMain.groovy:50)
	at com.kms.katalon.core.webservice.keyword.builtin.VerifyElementPropertyValueKeyword$_verifyElementPropertyValue_closure1.doCall(VerifyElementPropertyValueKeyword.groovy:56)
	at com.kms.katalon.core.webservice.keyword.builtin.VerifyElementPropertyValueKeyword$_verifyElementPropertyValue_closure1.call(VerifyElementPropertyValueKeyword.groovy)
	at com.kms.katalon.core.keyword.internal.KeywordMain.runKeyword(KeywordMain.groovy:74)
	at com.kms.katalon.core.webservice.keyword.builtin.VerifyElementPropertyValueKeyword.verifyElementPropertyValue(VerifyElementPropertyValueKeyword.groovy:48)
	at com.kms.katalon.core.webservice.keyword.builtin.VerifyElementPropertyValueKeyword.execute(VerifyElementPropertyValueKeyword.groovy:43)
	at com.kms.katalon.core.keyword.internal.KeywordExecutor.executeKeywordForPlatform(KeywordExecutor.groovy:74)
	at com.kms.katalon.core.webservice.keyword.WSBuiltInKeywords.verifyElementPropertyValue(WSBuiltInKeywords.groovy:189)
	at com.kms.katalon.core.webservice.keyword.WSBuiltInKeywords$verifyElementPropertyValue$1.call(Unknown Source)
	at Engine Scoring.run(Engine Scoring:107)
	at com.kms.katalon.core.main.ScriptEngine.run(ScriptEngine.java:194)
	at com.kms.katalon.core.main.ScriptEngine.runScriptAsRawText(ScriptEngine.java:119)
	at com.kms.katalon.core.main.TestCaseExecutor.runScript(TestCaseExecutor.java:442)
	at com.kms.katalon.core.main.TestCaseExecutor.doExecute(TestCaseExecutor.java:433)
	at com.kms.katalon.core.main.TestCaseExecutor.processExecutionPhase(TestCaseExecutor.java:412)
	at com.kms.katalon.core.main.TestCaseExecutor.accessMainPhase(TestCaseExecutor.java:404)
	at com.kms.katalon.core.main.TestCaseExecutor.execute(TestCaseExecutor.java:281)
	at com.kms.katalon.core.main.TestSuiteExecutor.accessTestCaseMainPhase(TestSuiteExecutor.java:202)
	at com.kms.katalon.core.main.TestSuiteExecutor.accessTestSuiteMainPhase(TestSuiteExecutor.java:164)
	at com.kms.katalon.core.main.TestSuiteExecutor.execute(TestSuiteExecutor.java:105)
	at com.kms.katalon.core.main.TestCaseMain.startTestSuite(TestCaseMain.java:185)
	at com.kms.katalon.core.main.TestCaseMain$startTestSuite$0.call(Unknown Source)
	at TempTestSuite1669111947346.run(TempTestSuite1669111947346.groovy:36)
)]]></system-out>
         <system-err><![CDATA[2022-11-22 17:34:53 - [TEST_CASE][FAILED] - Test Cases/Engine_Scoring/Engine Scoring: Test Cases/Engine_Scoring/Engine Scoring FAILED.
Reason:
com.kms.katalon.core.exception.StepFailedException: Expected element property value 'Approve' is not equal with actual property value 'Reguler'
	at com.kms.katalon.core.keyword.internal.KeywordMain.stepFailed(KeywordMain.groovy:50)
	at com.kms.katalon.core.webservice.keyword.builtin.VerifyElementPropertyValueKeyword$_verifyElementPropertyValue_closure1.doCall(VerifyElementPropertyValueKeyword.groovy:56)
	at com.kms.katalon.core.webservice.keyword.builtin.VerifyElementPropertyValueKeyword$_verifyElementPropertyValue_closure1.call(VerifyElementPropertyValueKeyword.groovy)
	at com.kms.katalon.core.keyword.internal.KeywordMain.runKeyword(KeywordMain.groovy:74)
	at com.kms.katalon.core.webservice.keyword.builtin.VerifyElementPropertyValueKeyword.verifyElementPropertyValue(VerifyElementPropertyValueKeyword.groovy:48)
	at com.kms.katalon.core.webservice.keyword.builtin.VerifyElementPropertyValueKeyword.execute(VerifyElementPropertyValueKeyword.groovy:43)
	at com.kms.katalon.core.keyword.internal.KeywordExecutor.executeKeywordForPlatform(KeywordExecutor.groovy:74)
	at com.kms.katalon.core.webservice.keyword.WSBuiltInKeywords.verifyElementPropertyValue(WSBuiltInKeywords.groovy:189)
	at com.kms.katalon.core.webservice.keyword.WSBuiltInKeywords$verifyElementPropertyValue$1.call(Unknown Source)
	at Engine Scoring.run(Engine Scoring:107)
	at com.kms.katalon.core.main.ScriptEngine.run(ScriptEngine.java:194)
	at com.kms.katalon.core.main.ScriptEngine.runScriptAsRawText(ScriptEngine.java:119)
	at com.kms.katalon.core.main.TestCaseExecutor.runScript(TestCaseExecutor.java:442)
	at com.kms.katalon.core.main.TestCaseExecutor.doExecute(TestCaseExecutor.java:433)
	at com.kms.katalon.core.main.TestCaseExecutor.processExecutionPhase(TestCaseExecutor.java:412)
	at com.kms.katalon.core.main.TestCaseExecutor.accessMainPhase(TestCaseExecutor.java:404)
	at com.kms.katalon.core.main.TestCaseExecutor.execute(TestCaseExecutor.java:281)
	at com.kms.katalon.core.main.TestSuiteExecutor.accessTestCaseMainPhase(TestSuiteExecutor.java:202)
	at com.kms.katalon.core.main.TestSuiteExecutor.accessTestSuiteMainPhase(TestSuiteExecutor.java:164)
	at com.kms.katalon.core.main.TestSuiteExecutor.execute(TestSuiteExecutor.java:105)
	at com.kms.katalon.core.main.TestCaseMain.startTestSuite(TestCaseMain.java:185)
	at com.kms.katalon.core.main.TestCaseMain$startTestSuite$0.call(Unknown Source)
	at TempTestSuite1669111947346.run(TempTestSuite1669111947346.groovy:36)]]></system-err>
      </testcase>
      <testcase name="Test Cases/Engine_Scoring/Engine Scoring" time="5.613" classname="Test Cases/Engine_Scoring/Engine Scoring" status="FAILED">
         <failure type="FAILED" message="Test Cases/Engine_Scoring/Engine Scoring FAILED.
Reason:
com.kms.katalon.core.exception.StepFailedException: Expected element property value 'Approve' is not equal with actual property value 'Reguler'
	at com.kms.katalon.core.keyword.internal.KeywordMain.stepFailed(KeywordMain.groovy:50)
	at com.kms.katalon.core.webservice.keyword.builtin.VerifyElementPropertyValueKeyword$_verifyElementPropertyValue_closure1.doCall(VerifyElementPropertyValueKeyword.groovy:56)
	at com.kms.katalon.core.webservice.keyword.builtin.VerifyElementPropertyValueKeyword$_verifyElementPropertyValue_closure1.call(VerifyElementPropertyValueKeyword.groovy)
	at com.kms.katalon.core.keyword.internal.KeywordMain.runKeyword(KeywordMain.groovy:74)
	at com.kms.katalon.core.webservice.keyword.builtin.VerifyElementPropertyValueKeyword.verifyElementPropertyValue(VerifyElementPropertyValueKeyword.groovy:48)
	at com.kms.katalon.core.webservice.keyword.builtin.VerifyElementPropertyValueKeyword.execute(VerifyElementPropertyValueKeyword.groovy:43)
	at com.kms.katalon.core.keyword.internal.KeywordExecutor.executeKeywordForPlatform(KeywordExecutor.groovy:74)
	at com.kms.katalon.core.webservice.keyword.WSBuiltInKeywords.verifyElementPropertyValue(WSBuiltInKeywords.groovy:189)
	at com.kms.katalon.core.webservice.keyword.WSBuiltInKeywords$verifyElementPropertyValue$1.call(Unknown Source)
	at Engine Scoring.run(Engine Scoring:107)
	at com.kms.katalon.core.main.ScriptEngine.run(ScriptEngine.java:194)
	at com.kms.katalon.core.main.ScriptEngine.runScriptAsRawText(ScriptEngine.java:119)
	at com.kms.katalon.core.main.TestCaseExecutor.runScript(TestCaseExecutor.java:442)
	at com.kms.katalon.core.main.TestCaseExecutor.doExecute(TestCaseExecutor.java:433)
	at com.kms.katalon.core.main.TestCaseExecutor.processExecutionPhase(TestCaseExecutor.java:412)
	at com.kms.katalon.core.main.TestCaseExecutor.accessMainPhase(TestCaseExecutor.java:404)
	at com.kms.katalon.core.main.TestCaseExecutor.execute(TestCaseExecutor.java:281)
	at com.kms.katalon.core.main.TestSuiteExecutor.accessTestCaseMainPhase(TestSuiteExecutor.java:202)
	at com.kms.katalon.core.main.TestSuiteExecutor.accessTestSuiteMainPhase(TestSuiteExecutor.java:164)
	at com.kms.katalon.core.main.TestSuiteExecutor.execute(TestSuiteExecutor.java:105)
	at com.kms.katalon.core.main.TestCaseMain.startTestSuite(TestCaseMain.java:185)
	at com.kms.katalon.core.main.TestCaseMain$startTestSuite$0.call(Unknown Source)
	at TempTestSuite1669111947346.run(TempTestSuite1669111947346.groovy:36)
"/>
         <system-out><![CDATA[2022-11-22 17:34:59 - [TEST_CASE][FAILED] - Test Cases/Engine_Scoring/Engine Scoring: Test Cases/Engine_Scoring/Engine Scoring FAILED.
Reason:
com.kms.katalon.core.exception.StepFailedException: Expected element property value 'Approve' is not equal with actual property value 'Reguler'
	at com.kms.katalon.core.keyword.internal.KeywordMain.stepFailed(KeywordMain.groovy:50)
	at com.kms.katalon.core.webservice.keyword.builtin.VerifyElementPropertyValueKeyword$_verifyElementPropertyValue_closure1.doCall(VerifyElementPropertyValueKeyword.groovy:56)
	at com.kms.katalon.core.webservice.keyword.builtin.VerifyElementPropertyValueKeyword$_verifyElementPropertyValue_closure1.call(VerifyElementPropertyValueKeyword.groovy)
	at com.kms.katalon.core.keyword.internal.KeywordMain.runKeyword(KeywordMain.groovy:74)
	at com.kms.katalon.core.webservice.keyword.builtin.VerifyElementPropertyValueKeyword.verifyElementPropertyValue(VerifyElementPropertyValueKeyword.groovy:48)
	at com.kms.katalon.core.webservice.keyword.builtin.VerifyElementPropertyValueKeyword.execute(VerifyElementPropertyValueKeyword.groovy:43)
	at com.kms.katalon.core.keyword.internal.KeywordExecutor.executeKeywordForPlatform(KeywordExecutor.groovy:74)
	at com.kms.katalon.core.webservice.keyword.WSBuiltInKeywords.verifyElementPropertyValue(WSBuiltInKeywords.groovy:189)
	at com.kms.katalon.core.webservice.keyword.WSBuiltInKeywords$verifyElementPropertyValue$1.call(Unknown Source)
	at Engine Scoring.run(Engine Scoring:107)
	at com.kms.katalon.core.main.ScriptEngine.run(ScriptEngine.java:194)
	at com.kms.katalon.core.main.ScriptEngine.runScriptAsRawText(ScriptEngine.java:119)
	at com.kms.katalon.core.main.TestCaseExecutor.runScript(TestCaseExecutor.java:442)
	at com.kms.katalon.core.main.TestCaseExecutor.doExecute(TestCaseExecutor.java:433)
	at com.kms.katalon.core.main.TestCaseExecutor.processExecutionPhase(TestCaseExecutor.java:412)
	at com.kms.katalon.core.main.TestCaseExecutor.accessMainPhase(TestCaseExecutor.java:404)
	at com.kms.katalon.core.main.TestCaseExecutor.execute(TestCaseExecutor.java:281)
	at com.kms.katalon.core.main.TestSuiteExecutor.accessTestCaseMainPhase(TestSuiteExecutor.java:202)
	at com.kms.katalon.core.main.TestSuiteExecutor.accessTestSuiteMainPhase(TestSuiteExecutor.java:164)
	at com.kms.katalon.core.main.TestSuiteExecutor.execute(TestSuiteExecutor.java:105)
	at com.kms.katalon.core.main.TestCaseMain.startTestSuite(TestCaseMain.java:185)
	at com.kms.katalon.core.main.TestCaseMain$startTestSuite$0.call(Unknown Source)
	at TempTestSuite1669111947346.run(TempTestSuite1669111947346.groovy:36)


2022-11-22 17:35:00 - [TEST_STEP][PASSED] - markPassed("Variasi data ke : " + no): Variasi data ke : 195

2022-11-22 17:35:00 - [MESSAGE][PASSED] - Variasi data ke : 195

2022-11-22 17:35:00 - [TEST_STEP][PASSED] - req_data = sendRequest(findTestObject("Search_ME", ["MID":MID, "source":source, "ip":ip, "userid":userid, "branch":branch, "tipekons":tipekons, "marital":marital, "penjamin":penjamin, ... ])): Send request successfully

2022-11-22 17:35:01 - [MESSAGE][INFO] - HAR: D:\DMS\Engine Scoring\Reports\20221122_171227\Exclude KKB - DS\Scoring Individu - DS\20221122_171227\requests\main\388.har

2022-11-22 17:35:01 - [MESSAGE][PASSED] - Send request successfully

2022-11-22 17:35:01 - [TEST_STEP][PASSED] - slurper = new groovy.json.JsonSlurper(): null

2022-11-22 17:35:01 - [TEST_STEP][PASSED] - result = slurper.parseText(req_data.getResponseBodyContent()): null

2022-11-22 17:35:01 - [TEST_STEP][PASSED] - reqid_kons = requestid1: null

2022-11-22 17:35:01 - [TEST_STEP][PASSED] - reqid_spouse = requestid2: null

2022-11-22 17:35:01 - [TEST_STEP][PASSED] - println("requestid kons : " + reqid_kons): null

2022-11-22 17:35:01 - [TEST_STEP][PASSED] - response_searchME_kons = reqid_kons: null

2022-11-22 17:35:01 - [TEST_STEP][PASSED] - response_searchME_spouse = reqid_spouse: null

2022-11-22 17:35:01 - [TEST_STEP][PASSED] - println("kons req id is :" + response_searchME_kons): null

2022-11-22 17:35:01 - [TEST_STEP][PASSED] - println("spouse req id is : " + response_searchME_spouse): null

2022-11-22 17:35:01 - [TEST_STEP][PASSED] - verifyResponseStatusCode(req_data, 200): Verify response status code successfully

2022-11-22 17:35:01 - [MESSAGE][PASSED] - Verify response status code successfully

2022-11-22 17:35:01 - [TEST_STEP][PASSED] - response = req_data.getResponseText(): null

2022-11-22 17:35:01 - [TEST_STEP][PASSED] - logInfo($response): {"status":"Done","data":{"requestid1":"242609","requestid2":""}}

2022-11-22 17:35:01 - [MESSAGE][INFO] - {"status":"Done","data":{"requestid1":"242609","requestid2":""}}

2022-11-22 17:35:01 - [TEST_STEP][PASSED] - delay(3): Delayed 3 second(s)

2022-11-22 17:35:04 - [MESSAGE][PASSED] - Delayed 3 second(s)

2022-11-22 17:35:04 - [TEST_STEP][PASSED] - scoring = sendRequest(findTestObject("EngineScore", ["response_searchME_kons":response_searchME_kons, "response_searchME_spouse":response_searchME_spouse])): Send request successfully

2022-11-22 17:35:04 - [MESSAGE][INFO] - HAR: D:\DMS\Engine Scoring\Reports\20221122_171227\Exclude KKB - DS\Scoring Individu - DS\20221122_171227\requests\main\389.har

2022-11-22 17:35:04 - [MESSAGE][PASSED] - Send request successfully

2022-11-22 17:35:04 - [TEST_STEP][PASSED] - verifyResponseStatusCode(scoring, 200): Verify response status code successfully

2022-11-22 17:35:04 - [MESSAGE][PASSED] - Verify response status code successfully

2022-11-22 17:35:04 - [TEST_STEP][PASSED] - response2 = scoring.getResponseText(): null

2022-11-22 17:35:04 - [TEST_STEP][PASSED] - markPassed("result service data ke : " + no): result service data ke : 195

2022-11-22 17:35:04 - [MESSAGE][PASSED] - result service data ke : 195

2022-11-22 17:35:04 - [TEST_STEP][PASSED] - logInfo($response2): {"result_konsumen":"Reguler","result_pasangan":"","Final_result":"Reguler","errorMessage":"","status":"Done"}

2022-11-22 17:35:04 - [MESSAGE][INFO] - {"result_konsumen":"Reguler","result_pasangan":"","Final_result":"Reguler","errorMessage":"","status":"Done"}

2022-11-22 17:35:04 - [TEST_STEP][FAILED] - verifyElementPropertyValue(scoring, "Final_result", final_result): Unable to verify element property value (Root cause: com.kms.katalon.core.exception.StepFailedException: Expected element property value 'Approve' is not equal with actual property value 'Reguler'
	at com.kms.katalon.core.keyword.internal.KeywordMain.stepFailed(KeywordMain.groovy:50)
	at com.kms.katalon.core.webservice.keyword.builtin.VerifyElementPropertyValueKeyword$_verifyElementPropertyValue_closure1.doCall(VerifyElementPropertyValueKeyword.groovy:56)
	at com.kms.katalon.core.webservice.keyword.builtin.VerifyElementPropertyValueKeyword$_verifyElementPropertyValue_closure1.call(VerifyElementPropertyValueKeyword.groovy)
	at com.kms.katalon.core.keyword.internal.KeywordMain.runKeyword(KeywordMain.groovy:74)
	at com.kms.katalon.core.webservice.keyword.builtin.VerifyElementPropertyValueKeyword.verifyElementPropertyValue(VerifyElementPropertyValueKeyword.groovy:48)
	at com.kms.katalon.core.webservice.keyword.builtin.VerifyElementPropertyValueKeyword.execute(VerifyElementPropertyValueKeyword.groovy:43)
	at com.kms.katalon.core.keyword.internal.KeywordExecutor.executeKeywordForPlatform(KeywordExecutor.groovy:74)
	at com.kms.katalon.core.webservice.keyword.WSBuiltInKeywords.verifyElementPropertyValue(WSBuiltInKeywords.groovy:189)
	at com.kms.katalon.core.webservice.keyword.WSBuiltInKeywords$verifyElementPropertyValue$1.call(Unknown Source)
	at Engine Scoring.run(Engine Scoring:107)
	at com.kms.katalon.core.main.ScriptEngine.run(ScriptEngine.java:194)
	at com.kms.katalon.core.main.ScriptEngine.runScriptAsRawText(ScriptEngine.java:119)
	at com.kms.katalon.core.main.TestCaseExecutor.runScript(TestCaseExecutor.java:442)
	at com.kms.katalon.core.main.TestCaseExecutor.doExecute(TestCaseExecutor.java:433)
	at com.kms.katalon.core.main.TestCaseExecutor.processExecutionPhase(TestCaseExecutor.java:412)
	at com.kms.katalon.core.main.TestCaseExecutor.accessMainPhase(TestCaseExecutor.java:404)
	at com.kms.katalon.core.main.TestCaseExecutor.execute(TestCaseExecutor.java:281)
	at com.kms.katalon.core.main.TestSuiteExecutor.accessTestCaseMainPhase(TestSuiteExecutor.java:202)
	at com.kms.katalon.core.main.TestSuiteExecutor.accessTestSuiteMainPhase(TestSuiteExecutor.java:164)
	at com.kms.katalon.core.main.TestSuiteExecutor.execute(TestSuiteExecutor.java:105)
	at com.kms.katalon.core.main.TestCaseMain.startTestSuite(TestCaseMain.java:185)
	at com.kms.katalon.core.main.TestCaseMain$startTestSuite$0.call(Unknown Source)
	at TempTestSuite1669111947346.run(TempTestSuite1669111947346.groovy:36)
)

2022-11-22 17:35:04 - [MESSAGE][FAILED] - Expected element property value 'Approve' is not equal with actual property value 'Reguler'

2022-11-22 17:35:04 - [MESSAGE][FAILED] - Unable to verify element property value (Root cause: com.kms.katalon.core.exception.StepFailedException: Expected element property value 'Approve' is not equal with actual property value 'Reguler'
	at com.kms.katalon.core.keyword.internal.KeywordMain.stepFailed(KeywordMain.groovy:50)
	at com.kms.katalon.core.webservice.keyword.builtin.VerifyElementPropertyValueKeyword$_verifyElementPropertyValue_closure1.doCall(VerifyElementPropertyValueKeyword.groovy:56)
	at com.kms.katalon.core.webservice.keyword.builtin.VerifyElementPropertyValueKeyword$_verifyElementPropertyValue_closure1.call(VerifyElementPropertyValueKeyword.groovy)
	at com.kms.katalon.core.keyword.internal.KeywordMain.runKeyword(KeywordMain.groovy:74)
	at com.kms.katalon.core.webservice.keyword.builtin.VerifyElementPropertyValueKeyword.verifyElementPropertyValue(VerifyElementPropertyValueKeyword.groovy:48)
	at com.kms.katalon.core.webservice.keyword.builtin.VerifyElementPropertyValueKeyword.execute(VerifyElementPropertyValueKeyword.groovy:43)
	at com.kms.katalon.core.keyword.internal.KeywordExecutor.executeKeywordForPlatform(KeywordExecutor.groovy:74)
	at com.kms.katalon.core.webservice.keyword.WSBuiltInKeywords.verifyElementPropertyValue(WSBuiltInKeywords.groovy:189)
	at com.kms.katalon.core.webservice.keyword.WSBuiltInKeywords$verifyElementPropertyValue$1.call(Unknown Source)
	at Engine Scoring.run(Engine Scoring:107)
	at com.kms.katalon.core.main.ScriptEngine.run(ScriptEngine.java:194)
	at com.kms.katalon.core.main.ScriptEngine.runScriptAsRawText(ScriptEngine.java:119)
	at com.kms.katalon.core.main.TestCaseExecutor.runScript(TestCaseExecutor.java:442)
	at com.kms.katalon.core.main.TestCaseExecutor.doExecute(TestCaseExecutor.java:433)
	at com.kms.katalon.core.main.TestCaseExecutor.processExecutionPhase(TestCaseExecutor.java:412)
	at com.kms.katalon.core.main.TestCaseExecutor.accessMainPhase(TestCaseExecutor.java:404)
	at com.kms.katalon.core.main.TestCaseExecutor.execute(TestCaseExecutor.java:281)
	at com.kms.katalon.core.main.TestSuiteExecutor.accessTestCaseMainPhase(TestSuiteExecutor.java:202)
	at com.kms.katalon.core.main.TestSuiteExecutor.accessTestSuiteMainPhase(TestSuiteExecutor.java:164)
	at com.kms.katalon.core.main.TestSuiteExecutor.execute(TestSuiteExecutor.java:105)
	at com.kms.katalon.core.main.TestCaseMain.startTestSuite(TestCaseMain.java:185)
	at com.kms.katalon.core.main.TestCaseMain$startTestSuite$0.call(Unknown Source)
	at TempTestSuite1669111947346.run(TempTestSuite1669111947346.groovy:36)
)]]></system-out>
         <system-err><![CDATA[2022-11-22 17:34:59 - [TEST_CASE][FAILED] - Test Cases/Engine_Scoring/Engine Scoring: Test Cases/Engine_Scoring/Engine Scoring FAILED.
Reason:
com.kms.katalon.core.exception.StepFailedException: Expected element property value 'Approve' is not equal with actual property value 'Reguler'
	at com.kms.katalon.core.keyword.internal.KeywordMain.stepFailed(KeywordMain.groovy:50)
	at com.kms.katalon.core.webservice.keyword.builtin.VerifyElementPropertyValueKeyword$_verifyElementPropertyValue_closure1.doCall(VerifyElementPropertyValueKeyword.groovy:56)
	at com.kms.katalon.core.webservice.keyword.builtin.VerifyElementPropertyValueKeyword$_verifyElementPropertyValue_closure1.call(VerifyElementPropertyValueKeyword.groovy)
	at com.kms.katalon.core.keyword.internal.KeywordMain.runKeyword(KeywordMain.groovy:74)
	at com.kms.katalon.core.webservice.keyword.builtin.VerifyElementPropertyValueKeyword.verifyElementPropertyValue(VerifyElementPropertyValueKeyword.groovy:48)
	at com.kms.katalon.core.webservice.keyword.builtin.VerifyElementPropertyValueKeyword.execute(VerifyElementPropertyValueKeyword.groovy:43)
	at com.kms.katalon.core.keyword.internal.KeywordExecutor.executeKeywordForPlatform(KeywordExecutor.groovy:74)
	at com.kms.katalon.core.webservice.keyword.WSBuiltInKeywords.verifyElementPropertyValue(WSBuiltInKeywords.groovy:189)
	at com.kms.katalon.core.webservice.keyword.WSBuiltInKeywords$verifyElementPropertyValue$1.call(Unknown Source)
	at Engine Scoring.run(Engine Scoring:107)
	at com.kms.katalon.core.main.ScriptEngine.run(ScriptEngine.java:194)
	at com.kms.katalon.core.main.ScriptEngine.runScriptAsRawText(ScriptEngine.java:119)
	at com.kms.katalon.core.main.TestCaseExecutor.runScript(TestCaseExecutor.java:442)
	at com.kms.katalon.core.main.TestCaseExecutor.doExecute(TestCaseExecutor.java:433)
	at com.kms.katalon.core.main.TestCaseExecutor.processExecutionPhase(TestCaseExecutor.java:412)
	at com.kms.katalon.core.main.TestCaseExecutor.accessMainPhase(TestCaseExecutor.java:404)
	at com.kms.katalon.core.main.TestCaseExecutor.execute(TestCaseExecutor.java:281)
	at com.kms.katalon.core.main.TestSuiteExecutor.accessTestCaseMainPhase(TestSuiteExecutor.java:202)
	at com.kms.katalon.core.main.TestSuiteExecutor.accessTestSuiteMainPhase(TestSuiteExecutor.java:164)
	at com.kms.katalon.core.main.TestSuiteExecutor.execute(TestSuiteExecutor.java:105)
	at com.kms.katalon.core.main.TestCaseMain.startTestSuite(TestCaseMain.java:185)
	at com.kms.katalon.core.main.TestCaseMain$startTestSuite$0.call(Unknown Source)
	at TempTestSuite1669111947346.run(TempTestSuite1669111947346.groovy:36)]]></system-err>
      </testcase>
      <testcase name="Test Cases/Engine_Scoring/Engine Scoring" time="5.724" classname="Test Cases/Engine_Scoring/Engine Scoring" status="FAILED">
         <failure type="FAILED" message="Test Cases/Engine_Scoring/Engine Scoring FAILED.
Reason:
com.kms.katalon.core.exception.StepFailedException: Expected element property value 'Approve' is not equal with actual property value 'Reguler'
	at com.kms.katalon.core.keyword.internal.KeywordMain.stepFailed(KeywordMain.groovy:50)
	at com.kms.katalon.core.webservice.keyword.builtin.VerifyElementPropertyValueKeyword$_verifyElementPropertyValue_closure1.doCall(VerifyElementPropertyValueKeyword.groovy:56)
	at com.kms.katalon.core.webservice.keyword.builtin.VerifyElementPropertyValueKeyword$_verifyElementPropertyValue_closure1.call(VerifyElementPropertyValueKeyword.groovy)
	at com.kms.katalon.core.keyword.internal.KeywordMain.runKeyword(KeywordMain.groovy:74)
	at com.kms.katalon.core.webservice.keyword.builtin.VerifyElementPropertyValueKeyword.verifyElementPropertyValue(VerifyElementPropertyValueKeyword.groovy:48)
	at com.kms.katalon.core.webservice.keyword.builtin.VerifyElementPropertyValueKeyword.execute(VerifyElementPropertyValueKeyword.groovy:43)
	at com.kms.katalon.core.keyword.internal.KeywordExecutor.executeKeywordForPlatform(KeywordExecutor.groovy:74)
	at com.kms.katalon.core.webservice.keyword.WSBuiltInKeywords.verifyElementPropertyValue(WSBuiltInKeywords.groovy:189)
	at com.kms.katalon.core.webservice.keyword.WSBuiltInKeywords$verifyElementPropertyValue$1.call(Unknown Source)
	at Engine Scoring.run(Engine Scoring:107)
	at com.kms.katalon.core.main.ScriptEngine.run(ScriptEngine.java:194)
	at com.kms.katalon.core.main.ScriptEngine.runScriptAsRawText(ScriptEngine.java:119)
	at com.kms.katalon.core.main.TestCaseExecutor.runScript(TestCaseExecutor.java:442)
	at com.kms.katalon.core.main.TestCaseExecutor.doExecute(TestCaseExecutor.java:433)
	at com.kms.katalon.core.main.TestCaseExecutor.processExecutionPhase(TestCaseExecutor.java:412)
	at com.kms.katalon.core.main.TestCaseExecutor.accessMainPhase(TestCaseExecutor.java:404)
	at com.kms.katalon.core.main.TestCaseExecutor.execute(TestCaseExecutor.java:281)
	at com.kms.katalon.core.main.TestSuiteExecutor.accessTestCaseMainPhase(TestSuiteExecutor.java:202)
	at com.kms.katalon.core.main.TestSuiteExecutor.accessTestSuiteMainPhase(TestSuiteExecutor.java:164)
	at com.kms.katalon.core.main.TestSuiteExecutor.execute(TestSuiteExecutor.java:105)
	at com.kms.katalon.core.main.TestCaseMain.startTestSuite(TestCaseMain.java:185)
	at com.kms.katalon.core.main.TestCaseMain$startTestSuite$0.call(Unknown Source)
	at TempTestSuite1669111947346.run(TempTestSuite1669111947346.groovy:36)
"/>
         <system-out><![CDATA[2022-11-22 17:35:05 - [TEST_CASE][FAILED] - Test Cases/Engine_Scoring/Engine Scoring: Test Cases/Engine_Scoring/Engine Scoring FAILED.
Reason:
com.kms.katalon.core.exception.StepFailedException: Expected element property value 'Approve' is not equal with actual property value 'Reguler'
	at com.kms.katalon.core.keyword.internal.KeywordMain.stepFailed(KeywordMain.groovy:50)
	at com.kms.katalon.core.webservice.keyword.builtin.VerifyElementPropertyValueKeyword$_verifyElementPropertyValue_closure1.doCall(VerifyElementPropertyValueKeyword.groovy:56)
	at com.kms.katalon.core.webservice.keyword.builtin.VerifyElementPropertyValueKeyword$_verifyElementPropertyValue_closure1.call(VerifyElementPropertyValueKeyword.groovy)
	at com.kms.katalon.core.keyword.internal.KeywordMain.runKeyword(KeywordMain.groovy:74)
	at com.kms.katalon.core.webservice.keyword.builtin.VerifyElementPropertyValueKeyword.verifyElementPropertyValue(VerifyElementPropertyValueKeyword.groovy:48)
	at com.kms.katalon.core.webservice.keyword.builtin.VerifyElementPropertyValueKeyword.execute(VerifyElementPropertyValueKeyword.groovy:43)
	at com.kms.katalon.core.keyword.internal.KeywordExecutor.executeKeywordForPlatform(KeywordExecutor.groovy:74)
	at com.kms.katalon.core.webservice.keyword.WSBuiltInKeywords.verifyElementPropertyValue(WSBuiltInKeywords.groovy:189)
	at com.kms.katalon.core.webservice.keyword.WSBuiltInKeywords$verifyElementPropertyValue$1.call(Unknown Source)
	at Engine Scoring.run(Engine Scoring:107)
	at com.kms.katalon.core.main.ScriptEngine.run(ScriptEngine.java:194)
	at com.kms.katalon.core.main.ScriptEngine.runScriptAsRawText(ScriptEngine.java:119)
	at com.kms.katalon.core.main.TestCaseExecutor.runScript(TestCaseExecutor.java:442)
	at com.kms.katalon.core.main.TestCaseExecutor.doExecute(TestCaseExecutor.java:433)
	at com.kms.katalon.core.main.TestCaseExecutor.processExecutionPhase(TestCaseExecutor.java:412)
	at com.kms.katalon.core.main.TestCaseExecutor.accessMainPhase(TestCaseExecutor.java:404)
	at com.kms.katalon.core.main.TestCaseExecutor.execute(TestCaseExecutor.java:281)
	at com.kms.katalon.core.main.TestSuiteExecutor.accessTestCaseMainPhase(TestSuiteExecutor.java:202)
	at com.kms.katalon.core.main.TestSuiteExecutor.accessTestSuiteMainPhase(TestSuiteExecutor.java:164)
	at com.kms.katalon.core.main.TestSuiteExecutor.execute(TestSuiteExecutor.java:105)
	at com.kms.katalon.core.main.TestCaseMain.startTestSuite(TestCaseMain.java:185)
	at com.kms.katalon.core.main.TestCaseMain$startTestSuite$0.call(Unknown Source)
	at TempTestSuite1669111947346.run(TempTestSuite1669111947346.groovy:36)


2022-11-22 17:35:06 - [TEST_STEP][PASSED] - markPassed("Variasi data ke : " + no): Variasi data ke : 196

2022-11-22 17:35:06 - [MESSAGE][PASSED] - Variasi data ke : 196

2022-11-22 17:35:06 - [TEST_STEP][PASSED] - req_data = sendRequest(findTestObject("Search_ME", ["MID":MID, "source":source, "ip":ip, "userid":userid, "branch":branch, "tipekons":tipekons, "marital":marital, "penjamin":penjamin, ... ])): Send request successfully

2022-11-22 17:35:07 - [MESSAGE][INFO] - HAR: D:\DMS\Engine Scoring\Reports\20221122_171227\Exclude KKB - DS\Scoring Individu - DS\20221122_171227\requests\main\390.har

2022-11-22 17:35:07 - [MESSAGE][PASSED] - Send request successfully

2022-11-22 17:35:07 - [TEST_STEP][PASSED] - slurper = new groovy.json.JsonSlurper(): null

2022-11-22 17:35:07 - [TEST_STEP][PASSED] - result = slurper.parseText(req_data.getResponseBodyContent()): null

2022-11-22 17:35:07 - [TEST_STEP][PASSED] - reqid_kons = requestid1: null

2022-11-22 17:35:07 - [TEST_STEP][PASSED] - reqid_spouse = requestid2: null

2022-11-22 17:35:07 - [TEST_STEP][PASSED] - println("requestid kons : " + reqid_kons): null

2022-11-22 17:35:07 - [TEST_STEP][PASSED] - response_searchME_kons = reqid_kons: null

2022-11-22 17:35:07 - [TEST_STEP][PASSED] - response_searchME_spouse = reqid_spouse: null

2022-11-22 17:35:07 - [TEST_STEP][PASSED] - println("kons req id is :" + response_searchME_kons): null

2022-11-22 17:35:07 - [TEST_STEP][PASSED] - println("spouse req id is : " + response_searchME_spouse): null

2022-11-22 17:35:07 - [TEST_STEP][PASSED] - verifyResponseStatusCode(req_data, 200): Verify response status code successfully

2022-11-22 17:35:07 - [MESSAGE][PASSED] - Verify response status code successfully

2022-11-22 17:35:07 - [TEST_STEP][PASSED] - response = req_data.getResponseText(): null

2022-11-22 17:35:07 - [TEST_STEP][PASSED] - logInfo($response): {"status":"Done","data":{"requestid1":"242610","requestid2":""}}

2022-11-22 17:35:07 - [MESSAGE][INFO] - {"status":"Done","data":{"requestid1":"242610","requestid2":""}}

2022-11-22 17:35:07 - [TEST_STEP][PASSED] - delay(3): Delayed 3 second(s)

2022-11-22 17:35:10 - [MESSAGE][PASSED] - Delayed 3 second(s)

2022-11-22 17:35:10 - [TEST_STEP][PASSED] - scoring = sendRequest(findTestObject("EngineScore", ["response_searchME_kons":response_searchME_kons, "response_searchME_spouse":response_searchME_spouse])): Send request successfully

2022-11-22 17:35:10 - [MESSAGE][INFO] - HAR: D:\DMS\Engine Scoring\Reports\20221122_171227\Exclude KKB - DS\Scoring Individu - DS\20221122_171227\requests\main\391.har

2022-11-22 17:35:10 - [MESSAGE][PASSED] - Send request successfully

2022-11-22 17:35:10 - [TEST_STEP][PASSED] - verifyResponseStatusCode(scoring, 200): Verify response status code successfully

2022-11-22 17:35:10 - [MESSAGE][PASSED] - Verify response status code successfully

2022-11-22 17:35:10 - [TEST_STEP][PASSED] - response2 = scoring.getResponseText(): null

2022-11-22 17:35:10 - [TEST_STEP][PASSED] - markPassed("result service data ke : " + no): result service data ke : 196

2022-11-22 17:35:10 - [MESSAGE][PASSED] - result service data ke : 196

2022-11-22 17:35:10 - [TEST_STEP][PASSED] - logInfo($response2): {"result_konsumen":"Reguler","result_pasangan":"","Final_result":"Reguler","errorMessage":"","status":"Done"}

2022-11-22 17:35:10 - [MESSAGE][INFO] - {"result_konsumen":"Reguler","result_pasangan":"","Final_result":"Reguler","errorMessage":"","status":"Done"}

2022-11-22 17:35:10 - [TEST_STEP][FAILED] - verifyElementPropertyValue(scoring, "Final_result", final_result): Unable to verify element property value (Root cause: com.kms.katalon.core.exception.StepFailedException: Expected element property value 'Approve' is not equal with actual property value 'Reguler'
	at com.kms.katalon.core.keyword.internal.KeywordMain.stepFailed(KeywordMain.groovy:50)
	at com.kms.katalon.core.webservice.keyword.builtin.VerifyElementPropertyValueKeyword$_verifyElementPropertyValue_closure1.doCall(VerifyElementPropertyValueKeyword.groovy:56)
	at com.kms.katalon.core.webservice.keyword.builtin.VerifyElementPropertyValueKeyword$_verifyElementPropertyValue_closure1.call(VerifyElementPropertyValueKeyword.groovy)
	at com.kms.katalon.core.keyword.internal.KeywordMain.runKeyword(KeywordMain.groovy:74)
	at com.kms.katalon.core.webservice.keyword.builtin.VerifyElementPropertyValueKeyword.verifyElementPropertyValue(VerifyElementPropertyValueKeyword.groovy:48)
	at com.kms.katalon.core.webservice.keyword.builtin.VerifyElementPropertyValueKeyword.execute(VerifyElementPropertyValueKeyword.groovy:43)
	at com.kms.katalon.core.keyword.internal.KeywordExecutor.executeKeywordForPlatform(KeywordExecutor.groovy:74)
	at com.kms.katalon.core.webservice.keyword.WSBuiltInKeywords.verifyElementPropertyValue(WSBuiltInKeywords.groovy:189)
	at com.kms.katalon.core.webservice.keyword.WSBuiltInKeywords$verifyElementPropertyValue$1.call(Unknown Source)
	at Engine Scoring.run(Engine Scoring:107)
	at com.kms.katalon.core.main.ScriptEngine.run(ScriptEngine.java:194)
	at com.kms.katalon.core.main.ScriptEngine.runScriptAsRawText(ScriptEngine.java:119)
	at com.kms.katalon.core.main.TestCaseExecutor.runScript(TestCaseExecutor.java:442)
	at com.kms.katalon.core.main.TestCaseExecutor.doExecute(TestCaseExecutor.java:433)
	at com.kms.katalon.core.main.TestCaseExecutor.processExecutionPhase(TestCaseExecutor.java:412)
	at com.kms.katalon.core.main.TestCaseExecutor.accessMainPhase(TestCaseExecutor.java:404)
	at com.kms.katalon.core.main.TestCaseExecutor.execute(TestCaseExecutor.java:281)
	at com.kms.katalon.core.main.TestSuiteExecutor.accessTestCaseMainPhase(TestSuiteExecutor.java:202)
	at com.kms.katalon.core.main.TestSuiteExecutor.accessTestSuiteMainPhase(TestSuiteExecutor.java:164)
	at com.kms.katalon.core.main.TestSuiteExecutor.execute(TestSuiteExecutor.java:105)
	at com.kms.katalon.core.main.TestCaseMain.startTestSuite(TestCaseMain.java:185)
	at com.kms.katalon.core.main.TestCaseMain$startTestSuite$0.call(Unknown Source)
	at TempTestSuite1669111947346.run(TempTestSuite1669111947346.groovy:36)
)

2022-11-22 17:35:10 - [MESSAGE][FAILED] - Expected element property value 'Approve' is not equal with actual property value 'Reguler'

2022-11-22 17:35:10 - [MESSAGE][FAILED] - Unable to verify element property value (Root cause: com.kms.katalon.core.exception.StepFailedException: Expected element property value 'Approve' is not equal with actual property value 'Reguler'
	at com.kms.katalon.core.keyword.internal.KeywordMain.stepFailed(KeywordMain.groovy:50)
	at com.kms.katalon.core.webservice.keyword.builtin.VerifyElementPropertyValueKeyword$_verifyElementPropertyValue_closure1.doCall(VerifyElementPropertyValueKeyword.groovy:56)
	at com.kms.katalon.core.webservice.keyword.builtin.VerifyElementPropertyValueKeyword$_verifyElementPropertyValue_closure1.call(VerifyElementPropertyValueKeyword.groovy)
	at com.kms.katalon.core.keyword.internal.KeywordMain.runKeyword(KeywordMain.groovy:74)
	at com.kms.katalon.core.webservice.keyword.builtin.VerifyElementPropertyValueKeyword.verifyElementPropertyValue(VerifyElementPropertyValueKeyword.groovy:48)
	at com.kms.katalon.core.webservice.keyword.builtin.VerifyElementPropertyValueKeyword.execute(VerifyElementPropertyValueKeyword.groovy:43)
	at com.kms.katalon.core.keyword.internal.KeywordExecutor.executeKeywordForPlatform(KeywordExecutor.groovy:74)
	at com.kms.katalon.core.webservice.keyword.WSBuiltInKeywords.verifyElementPropertyValue(WSBuiltInKeywords.groovy:189)
	at com.kms.katalon.core.webservice.keyword.WSBuiltInKeywords$verifyElementPropertyValue$1.call(Unknown Source)
	at Engine Scoring.run(Engine Scoring:107)
	at com.kms.katalon.core.main.ScriptEngine.run(ScriptEngine.java:194)
	at com.kms.katalon.core.main.ScriptEngine.runScriptAsRawText(ScriptEngine.java:119)
	at com.kms.katalon.core.main.TestCaseExecutor.runScript(TestCaseExecutor.java:442)
	at com.kms.katalon.core.main.TestCaseExecutor.doExecute(TestCaseExecutor.java:433)
	at com.kms.katalon.core.main.TestCaseExecutor.processExecutionPhase(TestCaseExecutor.java:412)
	at com.kms.katalon.core.main.TestCaseExecutor.accessMainPhase(TestCaseExecutor.java:404)
	at com.kms.katalon.core.main.TestCaseExecutor.execute(TestCaseExecutor.java:281)
	at com.kms.katalon.core.main.TestSuiteExecutor.accessTestCaseMainPhase(TestSuiteExecutor.java:202)
	at com.kms.katalon.core.main.TestSuiteExecutor.accessTestSuiteMainPhase(TestSuiteExecutor.java:164)
	at com.kms.katalon.core.main.TestSuiteExecutor.execute(TestSuiteExecutor.java:105)
	at com.kms.katalon.core.main.TestCaseMain.startTestSuite(TestCaseMain.java:185)
	at com.kms.katalon.core.main.TestCaseMain$startTestSuite$0.call(Unknown Source)
	at TempTestSuite1669111947346.run(TempTestSuite1669111947346.groovy:36)
)]]></system-out>
         <system-err><![CDATA[2022-11-22 17:35:05 - [TEST_CASE][FAILED] - Test Cases/Engine_Scoring/Engine Scoring: Test Cases/Engine_Scoring/Engine Scoring FAILED.
Reason:
com.kms.katalon.core.exception.StepFailedException: Expected element property value 'Approve' is not equal with actual property value 'Reguler'
	at com.kms.katalon.core.keyword.internal.KeywordMain.stepFailed(KeywordMain.groovy:50)
	at com.kms.katalon.core.webservice.keyword.builtin.VerifyElementPropertyValueKeyword$_verifyElementPropertyValue_closure1.doCall(VerifyElementPropertyValueKeyword.groovy:56)
	at com.kms.katalon.core.webservice.keyword.builtin.VerifyElementPropertyValueKeyword$_verifyElementPropertyValue_closure1.call(VerifyElementPropertyValueKeyword.groovy)
	at com.kms.katalon.core.keyword.internal.KeywordMain.runKeyword(KeywordMain.groovy:74)
	at com.kms.katalon.core.webservice.keyword.builtin.VerifyElementPropertyValueKeyword.verifyElementPropertyValue(VerifyElementPropertyValueKeyword.groovy:48)
	at com.kms.katalon.core.webservice.keyword.builtin.VerifyElementPropertyValueKeyword.execute(VerifyElementPropertyValueKeyword.groovy:43)
	at com.kms.katalon.core.keyword.internal.KeywordExecutor.executeKeywordForPlatform(KeywordExecutor.groovy:74)
	at com.kms.katalon.core.webservice.keyword.WSBuiltInKeywords.verifyElementPropertyValue(WSBuiltInKeywords.groovy:189)
	at com.kms.katalon.core.webservice.keyword.WSBuiltInKeywords$verifyElementPropertyValue$1.call(Unknown Source)
	at Engine Scoring.run(Engine Scoring:107)
	at com.kms.katalon.core.main.ScriptEngine.run(ScriptEngine.java:194)
	at com.kms.katalon.core.main.ScriptEngine.runScriptAsRawText(ScriptEngine.java:119)
	at com.kms.katalon.core.main.TestCaseExecutor.runScript(TestCaseExecutor.java:442)
	at com.kms.katalon.core.main.TestCaseExecutor.doExecute(TestCaseExecutor.java:433)
	at com.kms.katalon.core.main.TestCaseExecutor.processExecutionPhase(TestCaseExecutor.java:412)
	at com.kms.katalon.core.main.TestCaseExecutor.accessMainPhase(TestCaseExecutor.java:404)
	at com.kms.katalon.core.main.TestCaseExecutor.execute(TestCaseExecutor.java:281)
	at com.kms.katalon.core.main.TestSuiteExecutor.accessTestCaseMainPhase(TestSuiteExecutor.java:202)
	at com.kms.katalon.core.main.TestSuiteExecutor.accessTestSuiteMainPhase(TestSuiteExecutor.java:164)
	at com.kms.katalon.core.main.TestSuiteExecutor.execute(TestSuiteExecutor.java:105)
	at com.kms.katalon.core.main.TestCaseMain.startTestSuite(TestCaseMain.java:185)
	at com.kms.katalon.core.main.TestCaseMain$startTestSuite$0.call(Unknown Source)
	at TempTestSuite1669111947346.run(TempTestSuite1669111947346.groovy:36)]]></system-err>
      </testcase>
      <testcase name="Test Cases/Engine_Scoring/Engine Scoring" time="5.873" classname="Test Cases/Engine_Scoring/Engine Scoring" status="PASSED">
         <system-out><![CDATA[2022-11-22 17:35:10 - [TEST_CASE][PASSED] - Test Cases/Engine_Scoring/Engine Scoring: Test Cases/Engine_Scoring/Engine Scoring

2022-11-22 17:35:12 - [TEST_STEP][PASSED] - markPassed("Variasi data ke : " + no): Variasi data ke : 197

2022-11-22 17:35:12 - [MESSAGE][PASSED] - Variasi data ke : 197

2022-11-22 17:35:12 - [TEST_STEP][PASSED] - req_data = sendRequest(findTestObject("Search_ME", ["MID":MID, "source":source, "ip":ip, "userid":userid, "branch":branch, "tipekons":tipekons, "marital":marital, "penjamin":penjamin, ... ])): Send request successfully

2022-11-22 17:35:13 - [MESSAGE][INFO] - HAR: D:\DMS\Engine Scoring\Reports\20221122_171227\Exclude KKB - DS\Scoring Individu - DS\20221122_171227\requests\main\392.har

2022-11-22 17:35:13 - [MESSAGE][PASSED] - Send request successfully

2022-11-22 17:35:13 - [TEST_STEP][PASSED] - slurper = new groovy.json.JsonSlurper(): null

2022-11-22 17:35:13 - [TEST_STEP][PASSED] - result = slurper.parseText(req_data.getResponseBodyContent()): null

2022-11-22 17:35:13 - [TEST_STEP][PASSED] - reqid_kons = requestid1: null

2022-11-22 17:35:13 - [TEST_STEP][PASSED] - reqid_spouse = requestid2: null

2022-11-22 17:35:13 - [TEST_STEP][PASSED] - println("requestid kons : " + reqid_kons): null

2022-11-22 17:35:13 - [TEST_STEP][PASSED] - response_searchME_kons = reqid_kons: null

2022-11-22 17:35:13 - [TEST_STEP][PASSED] - response_searchME_spouse = reqid_spouse: null

2022-11-22 17:35:13 - [TEST_STEP][PASSED] - println("kons req id is :" + response_searchME_kons): null

2022-11-22 17:35:13 - [TEST_STEP][PASSED] - println("spouse req id is : " + response_searchME_spouse): null

2022-11-22 17:35:13 - [TEST_STEP][PASSED] - verifyResponseStatusCode(req_data, 200): Verify response status code successfully

2022-11-22 17:35:13 - [MESSAGE][PASSED] - Verify response status code successfully

2022-11-22 17:35:13 - [TEST_STEP][PASSED] - response = req_data.getResponseText(): null

2022-11-22 17:35:13 - [TEST_STEP][PASSED] - logInfo($response): {"status":"Done","data":{"requestid1":"242611","requestid2":""}}

2022-11-22 17:35:13 - [MESSAGE][INFO] - {"status":"Done","data":{"requestid1":"242611","requestid2":""}}

2022-11-22 17:35:13 - [TEST_STEP][PASSED] - delay(3): Delayed 3 second(s)

2022-11-22 17:35:16 - [MESSAGE][PASSED] - Delayed 3 second(s)

2022-11-22 17:35:16 - [TEST_STEP][PASSED] - scoring = sendRequest(findTestObject("EngineScore", ["response_searchME_kons":response_searchME_kons, "response_searchME_spouse":response_searchME_spouse])): Send request successfully

2022-11-22 17:35:16 - [MESSAGE][INFO] - HAR: D:\DMS\Engine Scoring\Reports\20221122_171227\Exclude KKB - DS\Scoring Individu - DS\20221122_171227\requests\main\393.har

2022-11-22 17:35:16 - [MESSAGE][PASSED] - Send request successfully

2022-11-22 17:35:16 - [TEST_STEP][PASSED] - verifyResponseStatusCode(scoring, 200): Verify response status code successfully

2022-11-22 17:35:16 - [MESSAGE][PASSED] - Verify response status code successfully

2022-11-22 17:35:16 - [TEST_STEP][PASSED] - response2 = scoring.getResponseText(): null

2022-11-22 17:35:16 - [TEST_STEP][PASSED] - markPassed("result service data ke : " + no): result service data ke : 197

2022-11-22 17:35:16 - [MESSAGE][PASSED] - result service data ke : 197

2022-11-22 17:35:16 - [TEST_STEP][PASSED] - logInfo($response2): {"result_konsumen":"Reject","result_pasangan":"","Final_result":"Reject","errorMessage":"","status":"Done"}

2022-11-22 17:35:16 - [MESSAGE][INFO] - {"result_konsumen":"Reject","result_pasangan":"","Final_result":"Reject","errorMessage":"","status":"Done"}

2022-11-22 17:35:16 - [TEST_STEP][PASSED] - verifyElementPropertyValue(scoring, "Final_result", final_result): Verify element property value successfully

2022-11-22 17:35:16 - [MESSAGE][PASSED] - Verify element property value successfully]]></system-out>
         <system-err><![CDATA[]]></system-err>
      </testcase>
      <testcase name="Test Cases/Engine_Scoring/Engine Scoring" time="5.758" classname="Test Cases/Engine_Scoring/Engine Scoring" status="PASSED">
         <system-out><![CDATA[2022-11-22 17:35:16 - [TEST_CASE][PASSED] - Test Cases/Engine_Scoring/Engine Scoring: Test Cases/Engine_Scoring/Engine Scoring

2022-11-22 17:35:17 - [TEST_STEP][PASSED] - markPassed("Variasi data ke : " + no): Variasi data ke : 198

2022-11-22 17:35:17 - [MESSAGE][PASSED] - Variasi data ke : 198

2022-11-22 17:35:17 - [TEST_STEP][PASSED] - req_data = sendRequest(findTestObject("Search_ME", ["MID":MID, "source":source, "ip":ip, "userid":userid, "branch":branch, "tipekons":tipekons, "marital":marital, "penjamin":penjamin, ... ])): Send request successfully

2022-11-22 17:35:19 - [MESSAGE][INFO] - HAR: D:\DMS\Engine Scoring\Reports\20221122_171227\Exclude KKB - DS\Scoring Individu - DS\20221122_171227\requests\main\394.har

2022-11-22 17:35:19 - [MESSAGE][PASSED] - Send request successfully

2022-11-22 17:35:19 - [TEST_STEP][PASSED] - slurper = new groovy.json.JsonSlurper(): null

2022-11-22 17:35:19 - [TEST_STEP][PASSED] - result = slurper.parseText(req_data.getResponseBodyContent()): null

2022-11-22 17:35:19 - [TEST_STEP][PASSED] - reqid_kons = requestid1: null

2022-11-22 17:35:19 - [TEST_STEP][PASSED] - reqid_spouse = requestid2: null

2022-11-22 17:35:19 - [TEST_STEP][PASSED] - println("requestid kons : " + reqid_kons): null

2022-11-22 17:35:19 - [TEST_STEP][PASSED] - response_searchME_kons = reqid_kons: null

2022-11-22 17:35:19 - [TEST_STEP][PASSED] - response_searchME_spouse = reqid_spouse: null

2022-11-22 17:35:19 - [TEST_STEP][PASSED] - println("kons req id is :" + response_searchME_kons): null

2022-11-22 17:35:19 - [TEST_STEP][PASSED] - println("spouse req id is : " + response_searchME_spouse): null

2022-11-22 17:35:19 - [TEST_STEP][PASSED] - verifyResponseStatusCode(req_data, 200): Verify response status code successfully

2022-11-22 17:35:19 - [MESSAGE][PASSED] - Verify response status code successfully

2022-11-22 17:35:19 - [TEST_STEP][PASSED] - response = req_data.getResponseText(): null

2022-11-22 17:35:19 - [TEST_STEP][PASSED] - logInfo($response): {"status":"Done","data":{"requestid1":"242612","requestid2":""}}

2022-11-22 17:35:19 - [MESSAGE][INFO] - {"status":"Done","data":{"requestid1":"242612","requestid2":""}}

2022-11-22 17:35:19 - [TEST_STEP][PASSED] - delay(3): Delayed 3 second(s)

2022-11-22 17:35:22 - [MESSAGE][PASSED] - Delayed 3 second(s)

2022-11-22 17:35:22 - [TEST_STEP][PASSED] - scoring = sendRequest(findTestObject("EngineScore", ["response_searchME_kons":response_searchME_kons, "response_searchME_spouse":response_searchME_spouse])): Send request successfully

2022-11-22 17:35:22 - [MESSAGE][INFO] - HAR: D:\DMS\Engine Scoring\Reports\20221122_171227\Exclude KKB - DS\Scoring Individu - DS\20221122_171227\requests\main\395.har

2022-11-22 17:35:22 - [MESSAGE][PASSED] - Send request successfully

2022-11-22 17:35:22 - [TEST_STEP][PASSED] - verifyResponseStatusCode(scoring, 200): Verify response status code successfully

2022-11-22 17:35:22 - [MESSAGE][PASSED] - Verify response status code successfully

2022-11-22 17:35:22 - [TEST_STEP][PASSED] - response2 = scoring.getResponseText(): null

2022-11-22 17:35:22 - [TEST_STEP][PASSED] - markPassed("result service data ke : " + no): result service data ke : 198

2022-11-22 17:35:22 - [MESSAGE][PASSED] - result service data ke : 198

2022-11-22 17:35:22 - [TEST_STEP][PASSED] - logInfo($response2): {"result_konsumen":"Reject","result_pasangan":"","Final_result":"Reject","errorMessage":"","status":"Done"}

2022-11-22 17:35:22 - [MESSAGE][INFO] - {"result_konsumen":"Reject","result_pasangan":"","Final_result":"Reject","errorMessage":"","status":"Done"}

2022-11-22 17:35:22 - [TEST_STEP][PASSED] - verifyElementPropertyValue(scoring, "Final_result", final_result): Verify element property value successfully

2022-11-22 17:35:22 - [MESSAGE][PASSED] - Verify element property value successfully]]></system-out>
         <system-err><![CDATA[]]></system-err>
      </testcase>
      <testcase name="Test Cases/Engine_Scoring/Engine Scoring" time="5.717" classname="Test Cases/Engine_Scoring/Engine Scoring" status="PASSED">
         <system-out><![CDATA[2022-11-22 17:35:22 - [TEST_CASE][PASSED] - Test Cases/Engine_Scoring/Engine Scoring: Test Cases/Engine_Scoring/Engine Scoring

2022-11-22 17:35:23 - [TEST_STEP][PASSED] - markPassed("Variasi data ke : " + no): Variasi data ke : 199

2022-11-22 17:35:23 - [MESSAGE][PASSED] - Variasi data ke : 199

2022-11-22 17:35:23 - [TEST_STEP][PASSED] - req_data = sendRequest(findTestObject("Search_ME", ["MID":MID, "source":source, "ip":ip, "userid":userid, "branch":branch, "tipekons":tipekons, "marital":marital, "penjamin":penjamin, ... ])): Send request successfully

2022-11-22 17:35:25 - [MESSAGE][INFO] - HAR: D:\DMS\Engine Scoring\Reports\20221122_171227\Exclude KKB - DS\Scoring Individu - DS\20221122_171227\requests\main\396.har

2022-11-22 17:35:25 - [MESSAGE][PASSED] - Send request successfully

2022-11-22 17:35:25 - [TEST_STEP][PASSED] - slurper = new groovy.json.JsonSlurper(): null

2022-11-22 17:35:25 - [TEST_STEP][PASSED] - result = slurper.parseText(req_data.getResponseBodyContent()): null

2022-11-22 17:35:25 - [TEST_STEP][PASSED] - reqid_kons = requestid1: null

2022-11-22 17:35:25 - [TEST_STEP][PASSED] - reqid_spouse = requestid2: null

2022-11-22 17:35:25 - [TEST_STEP][PASSED] - println("requestid kons : " + reqid_kons): null

2022-11-22 17:35:25 - [TEST_STEP][PASSED] - response_searchME_kons = reqid_kons: null

2022-11-22 17:35:25 - [TEST_STEP][PASSED] - response_searchME_spouse = reqid_spouse: null

2022-11-22 17:35:25 - [TEST_STEP][PASSED] - println("kons req id is :" + response_searchME_kons): null

2022-11-22 17:35:25 - [TEST_STEP][PASSED] - println("spouse req id is : " + response_searchME_spouse): null

2022-11-22 17:35:25 - [TEST_STEP][PASSED] - verifyResponseStatusCode(req_data, 200): Verify response status code successfully

2022-11-22 17:35:25 - [MESSAGE][PASSED] - Verify response status code successfully

2022-11-22 17:35:25 - [TEST_STEP][PASSED] - response = req_data.getResponseText(): null

2022-11-22 17:35:25 - [TEST_STEP][PASSED] - logInfo($response): {"status":"Done","data":{"requestid1":"242613","requestid2":""}}

2022-11-22 17:35:25 - [MESSAGE][INFO] - {"status":"Done","data":{"requestid1":"242613","requestid2":""}}

2022-11-22 17:35:25 - [TEST_STEP][PASSED] - delay(3): Delayed 3 second(s)

2022-11-22 17:35:28 - [MESSAGE][PASSED] - Delayed 3 second(s)

2022-11-22 17:35:28 - [TEST_STEP][PASSED] - scoring = sendRequest(findTestObject("EngineScore", ["response_searchME_kons":response_searchME_kons, "response_searchME_spouse":response_searchME_spouse])): Send request successfully

2022-11-22 17:35:28 - [MESSAGE][INFO] - HAR: D:\DMS\Engine Scoring\Reports\20221122_171227\Exclude KKB - DS\Scoring Individu - DS\20221122_171227\requests\main\397.har

2022-11-22 17:35:28 - [MESSAGE][PASSED] - Send request successfully

2022-11-22 17:35:28 - [TEST_STEP][PASSED] - verifyResponseStatusCode(scoring, 200): Verify response status code successfully

2022-11-22 17:35:28 - [MESSAGE][PASSED] - Verify response status code successfully

2022-11-22 17:35:28 - [TEST_STEP][PASSED] - response2 = scoring.getResponseText(): null

2022-11-22 17:35:28 - [TEST_STEP][PASSED] - markPassed("result service data ke : " + no): result service data ke : 199

2022-11-22 17:35:28 - [MESSAGE][PASSED] - result service data ke : 199

2022-11-22 17:35:28 - [TEST_STEP][PASSED] - logInfo($response2): {"result_konsumen":"Reguler","result_pasangan":"","Final_result":"Reguler","errorMessage":"","status":"Done"}

2022-11-22 17:35:28 - [MESSAGE][INFO] - {"result_konsumen":"Reguler","result_pasangan":"","Final_result":"Reguler","errorMessage":"","status":"Done"}

2022-11-22 17:35:28 - [TEST_STEP][PASSED] - verifyElementPropertyValue(scoring, "Final_result", final_result): Verify element property value successfully

2022-11-22 17:35:28 - [MESSAGE][PASSED] - Verify element property value successfully]]></system-out>
         <system-err><![CDATA[]]></system-err>
      </testcase>
      <testcase name="Test Cases/Engine_Scoring/Engine Scoring" time="5.801" classname="Test Cases/Engine_Scoring/Engine Scoring" status="PASSED">
         <system-out><![CDATA[2022-11-22 17:35:28 - [TEST_CASE][PASSED] - Test Cases/Engine_Scoring/Engine Scoring: Test Cases/Engine_Scoring/Engine Scoring

2022-11-22 17:35:29 - [TEST_STEP][PASSED] - markPassed("Variasi data ke : " + no): Variasi data ke : 200

2022-11-22 17:35:29 - [MESSAGE][PASSED] - Variasi data ke : 200

2022-11-22 17:35:29 - [TEST_STEP][PASSED] - req_data = sendRequest(findTestObject("Search_ME", ["MID":MID, "source":source, "ip":ip, "userid":userid, "branch":branch, "tipekons":tipekons, "marital":marital, "penjamin":penjamin, ... ])): Send request successfully

2022-11-22 17:35:30 - [MESSAGE][INFO] - HAR: D:\DMS\Engine Scoring\Reports\20221122_171227\Exclude KKB - DS\Scoring Individu - DS\20221122_171227\requests\main\398.har

2022-11-22 17:35:30 - [MESSAGE][PASSED] - Send request successfully

2022-11-22 17:35:30 - [TEST_STEP][PASSED] - slurper = new groovy.json.JsonSlurper(): null

2022-11-22 17:35:30 - [TEST_STEP][PASSED] - result = slurper.parseText(req_data.getResponseBodyContent()): null

2022-11-22 17:35:30 - [TEST_STEP][PASSED] - reqid_kons = requestid1: null

2022-11-22 17:35:30 - [TEST_STEP][PASSED] - reqid_spouse = requestid2: null

2022-11-22 17:35:30 - [TEST_STEP][PASSED] - println("requestid kons : " + reqid_kons): null

2022-11-22 17:35:30 - [TEST_STEP][PASSED] - response_searchME_kons = reqid_kons: null

2022-11-22 17:35:30 - [TEST_STEP][PASSED] - response_searchME_spouse = reqid_spouse: null

2022-11-22 17:35:30 - [TEST_STEP][PASSED] - println("kons req id is :" + response_searchME_kons): null

2022-11-22 17:35:30 - [TEST_STEP][PASSED] - println("spouse req id is : " + response_searchME_spouse): null

2022-11-22 17:35:30 - [TEST_STEP][PASSED] - verifyResponseStatusCode(req_data, 200): Verify response status code successfully

2022-11-22 17:35:30 - [MESSAGE][PASSED] - Verify response status code successfully

2022-11-22 17:35:30 - [TEST_STEP][PASSED] - response = req_data.getResponseText(): null

2022-11-22 17:35:30 - [TEST_STEP][PASSED] - logInfo($response): {"status":"Done","data":{"requestid1":"242614","requestid2":""}}

2022-11-22 17:35:30 - [MESSAGE][INFO] - {"status":"Done","data":{"requestid1":"242614","requestid2":""}}

2022-11-22 17:35:30 - [TEST_STEP][PASSED] - delay(3): Delayed 3 second(s)

2022-11-22 17:35:33 - [MESSAGE][PASSED] - Delayed 3 second(s)

2022-11-22 17:35:33 - [TEST_STEP][PASSED] - scoring = sendRequest(findTestObject("EngineScore", ["response_searchME_kons":response_searchME_kons, "response_searchME_spouse":response_searchME_spouse])): Send request successfully

2022-11-22 17:35:34 - [MESSAGE][INFO] - HAR: D:\DMS\Engine Scoring\Reports\20221122_171227\Exclude KKB - DS\Scoring Individu - DS\20221122_171227\requests\main\399.har

2022-11-22 17:35:34 - [MESSAGE][PASSED] - Send request successfully

2022-11-22 17:35:34 - [TEST_STEP][PASSED] - verifyResponseStatusCode(scoring, 200): Verify response status code successfully

2022-11-22 17:35:34 - [MESSAGE][PASSED] - Verify response status code successfully

2022-11-22 17:35:34 - [TEST_STEP][PASSED] - response2 = scoring.getResponseText(): null

2022-11-22 17:35:34 - [TEST_STEP][PASSED] - markPassed("result service data ke : " + no): result service data ke : 200

2022-11-22 17:35:34 - [MESSAGE][PASSED] - result service data ke : 200

2022-11-22 17:35:34 - [TEST_STEP][PASSED] - logInfo($response2): {"result_konsumen":"Reguler","result_pasangan":"","Final_result":"Reguler","errorMessage":"","status":"Done"}

2022-11-22 17:35:34 - [MESSAGE][INFO] - {"result_konsumen":"Reguler","result_pasangan":"","Final_result":"Reguler","errorMessage":"","status":"Done"}

2022-11-22 17:35:34 - [TEST_STEP][PASSED] - verifyElementPropertyValue(scoring, "Final_result", final_result): Verify element property value successfully

2022-11-22 17:35:34 - [MESSAGE][PASSED] - Verify element property value successfully]]></system-out>
         <system-err><![CDATA[]]></system-err>
      </testcase>
      <testcase name="Test Cases/Engine_Scoring/Engine Scoring" time="5.972" classname="Test Cases/Engine_Scoring/Engine Scoring" status="PASSED">
         <system-out><![CDATA[2022-11-22 17:35:34 - [TEST_CASE][PASSED] - Test Cases/Engine_Scoring/Engine Scoring: Test Cases/Engine_Scoring/Engine Scoring

2022-11-22 17:35:35 - [TEST_STEP][PASSED] - markPassed("Variasi data ke : " + no): Variasi data ke : 201

2022-11-22 17:35:35 - [MESSAGE][PASSED] - Variasi data ke : 201

2022-11-22 17:35:35 - [TEST_STEP][PASSED] - req_data = sendRequest(findTestObject("Search_ME", ["MID":MID, "source":source, "ip":ip, "userid":userid, "branch":branch, "tipekons":tipekons, "marital":marital, "penjamin":penjamin, ... ])): Send request successfully

2022-11-22 17:35:37 - [MESSAGE][INFO] - HAR: D:\DMS\Engine Scoring\Reports\20221122_171227\Exclude KKB - DS\Scoring Individu - DS\20221122_171227\requests\main\400.har

2022-11-22 17:35:37 - [MESSAGE][PASSED] - Send request successfully

2022-11-22 17:35:37 - [TEST_STEP][PASSED] - slurper = new groovy.json.JsonSlurper(): null

2022-11-22 17:35:37 - [TEST_STEP][PASSED] - result = slurper.parseText(req_data.getResponseBodyContent()): null

2022-11-22 17:35:37 - [TEST_STEP][PASSED] - reqid_kons = requestid1: null

2022-11-22 17:35:37 - [TEST_STEP][PASSED] - reqid_spouse = requestid2: null

2022-11-22 17:35:37 - [TEST_STEP][PASSED] - println("requestid kons : " + reqid_kons): null

2022-11-22 17:35:37 - [TEST_STEP][PASSED] - response_searchME_kons = reqid_kons: null

2022-11-22 17:35:37 - [TEST_STEP][PASSED] - response_searchME_spouse = reqid_spouse: null

2022-11-22 17:35:37 - [TEST_STEP][PASSED] - println("kons req id is :" + response_searchME_kons): null

2022-11-22 17:35:37 - [TEST_STEP][PASSED] - println("spouse req id is : " + response_searchME_spouse): null

2022-11-22 17:35:37 - [TEST_STEP][PASSED] - verifyResponseStatusCode(req_data, 200): Verify response status code successfully

2022-11-22 17:35:37 - [MESSAGE][PASSED] - Verify response status code successfully

2022-11-22 17:35:37 - [TEST_STEP][PASSED] - response = req_data.getResponseText(): null

2022-11-22 17:35:37 - [TEST_STEP][PASSED] - logInfo($response): {"status":"Done","data":{"requestid1":"242615","requestid2":""}}

2022-11-22 17:35:37 - [MESSAGE][INFO] - {"status":"Done","data":{"requestid1":"242615","requestid2":""}}

2022-11-22 17:35:37 - [TEST_STEP][PASSED] - delay(3): Delayed 3 second(s)

2022-11-22 17:35:40 - [MESSAGE][PASSED] - Delayed 3 second(s)

2022-11-22 17:35:40 - [TEST_STEP][PASSED] - scoring = sendRequest(findTestObject("EngineScore", ["response_searchME_kons":response_searchME_kons, "response_searchME_spouse":response_searchME_spouse])): Send request successfully

2022-11-22 17:35:40 - [MESSAGE][INFO] - HAR: D:\DMS\Engine Scoring\Reports\20221122_171227\Exclude KKB - DS\Scoring Individu - DS\20221122_171227\requests\main\401.har

2022-11-22 17:35:40 - [MESSAGE][PASSED] - Send request successfully

2022-11-22 17:35:40 - [TEST_STEP][PASSED] - verifyResponseStatusCode(scoring, 200): Verify response status code successfully

2022-11-22 17:35:40 - [MESSAGE][PASSED] - Verify response status code successfully

2022-11-22 17:35:40 - [TEST_STEP][PASSED] - response2 = scoring.getResponseText(): null

2022-11-22 17:35:40 - [TEST_STEP][PASSED] - markPassed("result service data ke : " + no): result service data ke : 201

2022-11-22 17:35:40 - [MESSAGE][PASSED] - result service data ke : 201

2022-11-22 17:35:40 - [TEST_STEP][PASSED] - logInfo($response2): {"result_konsumen":"Reguler","result_pasangan":"","Final_result":"Reguler","errorMessage":"","status":"Done"}

2022-11-22 17:35:40 - [MESSAGE][INFO] - {"result_konsumen":"Reguler","result_pasangan":"","Final_result":"Reguler","errorMessage":"","status":"Done"}

2022-11-22 17:35:40 - [TEST_STEP][PASSED] - verifyElementPropertyValue(scoring, "Final_result", final_result): Verify element property value successfully

2022-11-22 17:35:40 - [MESSAGE][PASSED] - Verify element property value successfully]]></system-out>
         <system-err><![CDATA[]]></system-err>
      </testcase>
      <testcase name="Test Cases/Engine_Scoring/Engine Scoring" time="5.536" classname="Test Cases/Engine_Scoring/Engine Scoring" status="PASSED">
         <system-out><![CDATA[2022-11-22 17:35:40 - [TEST_CASE][PASSED] - Test Cases/Engine_Scoring/Engine Scoring: Test Cases/Engine_Scoring/Engine Scoring

2022-11-22 17:35:41 - [TEST_STEP][PASSED] - markPassed("Variasi data ke : " + no): Variasi data ke : 202

2022-11-22 17:35:41 - [MESSAGE][PASSED] - Variasi data ke : 202

2022-11-22 17:35:41 - [TEST_STEP][PASSED] - req_data = sendRequest(findTestObject("Search_ME", ["MID":MID, "source":source, "ip":ip, "userid":userid, "branch":branch, "tipekons":tipekons, "marital":marital, "penjamin":penjamin, ... ])): Send request successfully

2022-11-22 17:35:42 - [MESSAGE][INFO] - HAR: D:\DMS\Engine Scoring\Reports\20221122_171227\Exclude KKB - DS\Scoring Individu - DS\20221122_171227\requests\main\402.har

2022-11-22 17:35:42 - [MESSAGE][PASSED] - Send request successfully

2022-11-22 17:35:42 - [TEST_STEP][PASSED] - slurper = new groovy.json.JsonSlurper(): null

2022-11-22 17:35:42 - [TEST_STEP][PASSED] - result = slurper.parseText(req_data.getResponseBodyContent()): null

2022-11-22 17:35:42 - [TEST_STEP][PASSED] - reqid_kons = requestid1: null

2022-11-22 17:35:42 - [TEST_STEP][PASSED] - reqid_spouse = requestid2: null

2022-11-22 17:35:42 - [TEST_STEP][PASSED] - println("requestid kons : " + reqid_kons): null

2022-11-22 17:35:42 - [TEST_STEP][PASSED] - response_searchME_kons = reqid_kons: null

2022-11-22 17:35:42 - [TEST_STEP][PASSED] - response_searchME_spouse = reqid_spouse: null

2022-11-22 17:35:42 - [TEST_STEP][PASSED] - println("kons req id is :" + response_searchME_kons): null

2022-11-22 17:35:42 - [TEST_STEP][PASSED] - println("spouse req id is : " + response_searchME_spouse): null

2022-11-22 17:35:42 - [TEST_STEP][PASSED] - verifyResponseStatusCode(req_data, 200): Verify response status code successfully

2022-11-22 17:35:42 - [MESSAGE][PASSED] - Verify response status code successfully

2022-11-22 17:35:42 - [TEST_STEP][PASSED] - response = req_data.getResponseText(): null

2022-11-22 17:35:42 - [TEST_STEP][PASSED] - logInfo($response): {"status":"Done","data":{"requestid1":"242616","requestid2":""}}

2022-11-22 17:35:42 - [MESSAGE][INFO] - {"status":"Done","data":{"requestid1":"242616","requestid2":""}}

2022-11-22 17:35:42 - [TEST_STEP][PASSED] - delay(3): Delayed 3 second(s)

2022-11-22 17:35:45 - [MESSAGE][PASSED] - Delayed 3 second(s)

2022-11-22 17:35:45 - [TEST_STEP][PASSED] - scoring = sendRequest(findTestObject("EngineScore", ["response_searchME_kons":response_searchME_kons, "response_searchME_spouse":response_searchME_spouse])): Send request successfully

2022-11-22 17:35:45 - [MESSAGE][INFO] - HAR: D:\DMS\Engine Scoring\Reports\20221122_171227\Exclude KKB - DS\Scoring Individu - DS\20221122_171227\requests\main\403.har

2022-11-22 17:35:45 - [MESSAGE][PASSED] - Send request successfully

2022-11-22 17:35:45 - [TEST_STEP][PASSED] - verifyResponseStatusCode(scoring, 200): Verify response status code successfully

2022-11-22 17:35:45 - [MESSAGE][PASSED] - Verify response status code successfully

2022-11-22 17:35:45 - [TEST_STEP][PASSED] - response2 = scoring.getResponseText(): null

2022-11-22 17:35:45 - [TEST_STEP][PASSED] - markPassed("result service data ke : " + no): result service data ke : 202

2022-11-22 17:35:45 - [MESSAGE][PASSED] - result service data ke : 202

2022-11-22 17:35:45 - [TEST_STEP][PASSED] - logInfo($response2): {"result_konsumen":"Reguler","result_pasangan":"","Final_result":"Reguler","errorMessage":"","status":"Done"}

2022-11-22 17:35:45 - [MESSAGE][INFO] - {"result_konsumen":"Reguler","result_pasangan":"","Final_result":"Reguler","errorMessage":"","status":"Done"}

2022-11-22 17:35:45 - [TEST_STEP][PASSED] - verifyElementPropertyValue(scoring, "Final_result", final_result): Verify element property value successfully

2022-11-22 17:35:45 - [MESSAGE][PASSED] - Verify element property value successfully]]></system-out>
         <system-err><![CDATA[]]></system-err>
      </testcase>
      <testcase name="Test Cases/Engine_Scoring/Engine Scoring" time="5.771" classname="Test Cases/Engine_Scoring/Engine Scoring" status="PASSED">
         <system-out><![CDATA[2022-11-22 17:35:45 - [TEST_CASE][PASSED] - Test Cases/Engine_Scoring/Engine Scoring: Test Cases/Engine_Scoring/Engine Scoring

2022-11-22 17:35:47 - [TEST_STEP][PASSED] - markPassed("Variasi data ke : " + no): Variasi data ke : 203

2022-11-22 17:35:47 - [MESSAGE][PASSED] - Variasi data ke : 203

2022-11-22 17:35:47 - [TEST_STEP][PASSED] - req_data = sendRequest(findTestObject("Search_ME", ["MID":MID, "source":source, "ip":ip, "userid":userid, "branch":branch, "tipekons":tipekons, "marital":marital, "penjamin":penjamin, ... ])): Send request successfully

2022-11-22 17:35:48 - [MESSAGE][INFO] - HAR: D:\DMS\Engine Scoring\Reports\20221122_171227\Exclude KKB - DS\Scoring Individu - DS\20221122_171227\requests\main\404.har

2022-11-22 17:35:48 - [MESSAGE][PASSED] - Send request successfully

2022-11-22 17:35:48 - [TEST_STEP][PASSED] - slurper = new groovy.json.JsonSlurper(): null

2022-11-22 17:35:48 - [TEST_STEP][PASSED] - result = slurper.parseText(req_data.getResponseBodyContent()): null

2022-11-22 17:35:48 - [TEST_STEP][PASSED] - reqid_kons = requestid1: null

2022-11-22 17:35:48 - [TEST_STEP][PASSED] - reqid_spouse = requestid2: null

2022-11-22 17:35:48 - [TEST_STEP][PASSED] - println("requestid kons : " + reqid_kons): null

2022-11-22 17:35:48 - [TEST_STEP][PASSED] - response_searchME_kons = reqid_kons: null

2022-11-22 17:35:48 - [TEST_STEP][PASSED] - response_searchME_spouse = reqid_spouse: null

2022-11-22 17:35:48 - [TEST_STEP][PASSED] - println("kons req id is :" + response_searchME_kons): null

2022-11-22 17:35:48 - [TEST_STEP][PASSED] - println("spouse req id is : " + response_searchME_spouse): null

2022-11-22 17:35:48 - [TEST_STEP][PASSED] - verifyResponseStatusCode(req_data, 200): Verify response status code successfully

2022-11-22 17:35:48 - [MESSAGE][PASSED] - Verify response status code successfully

2022-11-22 17:35:48 - [TEST_STEP][PASSED] - response = req_data.getResponseText(): null

2022-11-22 17:35:48 - [TEST_STEP][PASSED] - logInfo($response): {"status":"Done","data":{"requestid1":"242617","requestid2":""}}

2022-11-22 17:35:48 - [MESSAGE][INFO] - {"status":"Done","data":{"requestid1":"242617","requestid2":""}}

2022-11-22 17:35:48 - [TEST_STEP][PASSED] - delay(3): Delayed 3 second(s)

2022-11-22 17:35:51 - [MESSAGE][PASSED] - Delayed 3 second(s)

2022-11-22 17:35:51 - [TEST_STEP][PASSED] - scoring = sendRequest(findTestObject("EngineScore", ["response_searchME_kons":response_searchME_kons, "response_searchME_spouse":response_searchME_spouse])): Send request successfully

2022-11-22 17:35:51 - [MESSAGE][INFO] - HAR: D:\DMS\Engine Scoring\Reports\20221122_171227\Exclude KKB - DS\Scoring Individu - DS\20221122_171227\requests\main\405.har

2022-11-22 17:35:51 - [MESSAGE][PASSED] - Send request successfully

2022-11-22 17:35:51 - [TEST_STEP][PASSED] - verifyResponseStatusCode(scoring, 200): Verify response status code successfully

2022-11-22 17:35:51 - [MESSAGE][PASSED] - Verify response status code successfully

2022-11-22 17:35:51 - [TEST_STEP][PASSED] - response2 = scoring.getResponseText(): null

2022-11-22 17:35:51 - [TEST_STEP][PASSED] - markPassed("result service data ke : " + no): result service data ke : 203

2022-11-22 17:35:51 - [MESSAGE][PASSED] - result service data ke : 203

2022-11-22 17:35:51 - [TEST_STEP][PASSED] - logInfo($response2): {"result_konsumen":"Reguler","result_pasangan":"","Final_result":"Reguler","errorMessage":"","status":"Done"}

2022-11-22 17:35:51 - [MESSAGE][INFO] - {"result_konsumen":"Reguler","result_pasangan":"","Final_result":"Reguler","errorMessage":"","status":"Done"}

2022-11-22 17:35:51 - [TEST_STEP][PASSED] - verifyElementPropertyValue(scoring, "Final_result", final_result): Verify element property value successfully

2022-11-22 17:35:51 - [MESSAGE][PASSED] - Verify element property value successfully]]></system-out>
         <system-err><![CDATA[]]></system-err>
      </testcase>
      <testcase name="Test Cases/Engine_Scoring/Engine Scoring" time="5.892" classname="Test Cases/Engine_Scoring/Engine Scoring" status="PASSED">
         <system-out><![CDATA[2022-11-22 17:35:51 - [TEST_CASE][PASSED] - Test Cases/Engine_Scoring/Engine Scoring: Test Cases/Engine_Scoring/Engine Scoring

2022-11-22 17:35:53 - [TEST_STEP][PASSED] - markPassed("Variasi data ke : " + no): Variasi data ke : 204

2022-11-22 17:35:53 - [MESSAGE][PASSED] - Variasi data ke : 204

2022-11-22 17:35:53 - [TEST_STEP][PASSED] - req_data = sendRequest(findTestObject("Search_ME", ["MID":MID, "source":source, "ip":ip, "userid":userid, "branch":branch, "tipekons":tipekons, "marital":marital, "penjamin":penjamin, ... ])): Send request successfully

2022-11-22 17:35:54 - [MESSAGE][INFO] - HAR: D:\DMS\Engine Scoring\Reports\20221122_171227\Exclude KKB - DS\Scoring Individu - DS\20221122_171227\requests\main\406.har

2022-11-22 17:35:54 - [MESSAGE][PASSED] - Send request successfully

2022-11-22 17:35:54 - [TEST_STEP][PASSED] - slurper = new groovy.json.JsonSlurper(): null

2022-11-22 17:35:54 - [TEST_STEP][PASSED] - result = slurper.parseText(req_data.getResponseBodyContent()): null

2022-11-22 17:35:54 - [TEST_STEP][PASSED] - reqid_kons = requestid1: null

2022-11-22 17:35:54 - [TEST_STEP][PASSED] - reqid_spouse = requestid2: null

2022-11-22 17:35:54 - [TEST_STEP][PASSED] - println("requestid kons : " + reqid_kons): null

2022-11-22 17:35:54 - [TEST_STEP][PASSED] - response_searchME_kons = reqid_kons: null

2022-11-22 17:35:54 - [TEST_STEP][PASSED] - response_searchME_spouse = reqid_spouse: null

2022-11-22 17:35:54 - [TEST_STEP][PASSED] - println("kons req id is :" + response_searchME_kons): null

2022-11-22 17:35:54 - [TEST_STEP][PASSED] - println("spouse req id is : " + response_searchME_spouse): null

2022-11-22 17:35:54 - [TEST_STEP][PASSED] - verifyResponseStatusCode(req_data, 200): Verify response status code successfully

2022-11-22 17:35:54 - [MESSAGE][PASSED] - Verify response status code successfully

2022-11-22 17:35:54 - [TEST_STEP][PASSED] - response = req_data.getResponseText(): null

2022-11-22 17:35:54 - [TEST_STEP][PASSED] - logInfo($response): {"status":"Done","data":{"requestid1":"242618","requestid2":""}}

2022-11-22 17:35:54 - [MESSAGE][INFO] - {"status":"Done","data":{"requestid1":"242618","requestid2":""}}

2022-11-22 17:35:54 - [TEST_STEP][PASSED] - delay(3): Delayed 3 second(s)

2022-11-22 17:35:57 - [MESSAGE][PASSED] - Delayed 3 second(s)

2022-11-22 17:35:57 - [TEST_STEP][PASSED] - scoring = sendRequest(findTestObject("EngineScore", ["response_searchME_kons":response_searchME_kons, "response_searchME_spouse":response_searchME_spouse])): Send request successfully

2022-11-22 17:35:57 - [MESSAGE][INFO] - HAR: D:\DMS\Engine Scoring\Reports\20221122_171227\Exclude KKB - DS\Scoring Individu - DS\20221122_171227\requests\main\407.har

2022-11-22 17:35:57 - [MESSAGE][PASSED] - Send request successfully

2022-11-22 17:35:57 - [TEST_STEP][PASSED] - verifyResponseStatusCode(scoring, 200): Verify response status code successfully

2022-11-22 17:35:57 - [MESSAGE][PASSED] - Verify response status code successfully

2022-11-22 17:35:57 - [TEST_STEP][PASSED] - response2 = scoring.getResponseText(): null

2022-11-22 17:35:57 - [TEST_STEP][PASSED] - markPassed("result service data ke : " + no): result service data ke : 204

2022-11-22 17:35:57 - [MESSAGE][PASSED] - result service data ke : 204

2022-11-22 17:35:57 - [TEST_STEP][PASSED] - logInfo($response2): {"result_konsumen":"Reguler","result_pasangan":"","Final_result":"Reguler","errorMessage":"","status":"Done"}

2022-11-22 17:35:57 - [MESSAGE][INFO] - {"result_konsumen":"Reguler","result_pasangan":"","Final_result":"Reguler","errorMessage":"","status":"Done"}

2022-11-22 17:35:57 - [TEST_STEP][PASSED] - verifyElementPropertyValue(scoring, "Final_result", final_result): Verify element property value successfully

2022-11-22 17:35:57 - [MESSAGE][PASSED] - Verify element property value successfully]]></system-out>
         <system-err><![CDATA[]]></system-err>
      </testcase>
      <testcase name="Test Cases/Engine_Scoring/Engine Scoring" time="5.734" classname="Test Cases/Engine_Scoring/Engine Scoring" status="PASSED">
         <system-out><![CDATA[2022-11-22 17:35:57 - [TEST_CASE][PASSED] - Test Cases/Engine_Scoring/Engine Scoring: Test Cases/Engine_Scoring/Engine Scoring

2022-11-22 17:35:58 - [TEST_STEP][PASSED] - markPassed("Variasi data ke : " + no): Variasi data ke : 205

2022-11-22 17:35:58 - [MESSAGE][PASSED] - Variasi data ke : 205

2022-11-22 17:35:58 - [TEST_STEP][PASSED] - req_data = sendRequest(findTestObject("Search_ME", ["MID":MID, "source":source, "ip":ip, "userid":userid, "branch":branch, "tipekons":tipekons, "marital":marital, "penjamin":penjamin, ... ])): Send request successfully

2022-11-22 17:36:00 - [MESSAGE][INFO] - HAR: D:\DMS\Engine Scoring\Reports\20221122_171227\Exclude KKB - DS\Scoring Individu - DS\20221122_171227\requests\main\408.har

2022-11-22 17:36:00 - [MESSAGE][PASSED] - Send request successfully

2022-11-22 17:36:00 - [TEST_STEP][PASSED] - slurper = new groovy.json.JsonSlurper(): null

2022-11-22 17:36:00 - [TEST_STEP][PASSED] - result = slurper.parseText(req_data.getResponseBodyContent()): null

2022-11-22 17:36:00 - [TEST_STEP][PASSED] - reqid_kons = requestid1: null

2022-11-22 17:36:00 - [TEST_STEP][PASSED] - reqid_spouse = requestid2: null

2022-11-22 17:36:00 - [TEST_STEP][PASSED] - println("requestid kons : " + reqid_kons): null

2022-11-22 17:36:00 - [TEST_STEP][PASSED] - response_searchME_kons = reqid_kons: null

2022-11-22 17:36:00 - [TEST_STEP][PASSED] - response_searchME_spouse = reqid_spouse: null

2022-11-22 17:36:00 - [TEST_STEP][PASSED] - println("kons req id is :" + response_searchME_kons): null

2022-11-22 17:36:00 - [TEST_STEP][PASSED] - println("spouse req id is : " + response_searchME_spouse): null

2022-11-22 17:36:00 - [TEST_STEP][PASSED] - verifyResponseStatusCode(req_data, 200): Verify response status code successfully

2022-11-22 17:36:00 - [MESSAGE][PASSED] - Verify response status code successfully

2022-11-22 17:36:00 - [TEST_STEP][PASSED] - response = req_data.getResponseText(): null

2022-11-22 17:36:00 - [TEST_STEP][PASSED] - logInfo($response): {"status":"Done","data":{"requestid1":"242619","requestid2":""}}

2022-11-22 17:36:00 - [MESSAGE][INFO] - {"status":"Done","data":{"requestid1":"242619","requestid2":""}}

2022-11-22 17:36:00 - [TEST_STEP][PASSED] - delay(3): Delayed 3 second(s)

2022-11-22 17:36:03 - [MESSAGE][PASSED] - Delayed 3 second(s)

2022-11-22 17:36:03 - [TEST_STEP][PASSED] - scoring = sendRequest(findTestObject("EngineScore", ["response_searchME_kons":response_searchME_kons, "response_searchME_spouse":response_searchME_spouse])): Send request successfully

2022-11-22 17:36:03 - [MESSAGE][INFO] - HAR: D:\DMS\Engine Scoring\Reports\20221122_171227\Exclude KKB - DS\Scoring Individu - DS\20221122_171227\requests\main\409.har

2022-11-22 17:36:03 - [MESSAGE][PASSED] - Send request successfully

2022-11-22 17:36:03 - [TEST_STEP][PASSED] - verifyResponseStatusCode(scoring, 200): Verify response status code successfully

2022-11-22 17:36:03 - [MESSAGE][PASSED] - Verify response status code successfully

2022-11-22 17:36:03 - [TEST_STEP][PASSED] - response2 = scoring.getResponseText(): null

2022-11-22 17:36:03 - [TEST_STEP][PASSED] - markPassed("result service data ke : " + no): result service data ke : 205

2022-11-22 17:36:03 - [MESSAGE][PASSED] - result service data ke : 205

2022-11-22 17:36:03 - [TEST_STEP][PASSED] - logInfo($response2): {"result_konsumen":"Reguler","result_pasangan":"","Final_result":"Reguler","errorMessage":"","status":"Done"}

2022-11-22 17:36:03 - [MESSAGE][INFO] - {"result_konsumen":"Reguler","result_pasangan":"","Final_result":"Reguler","errorMessage":"","status":"Done"}

2022-11-22 17:36:03 - [TEST_STEP][PASSED] - verifyElementPropertyValue(scoring, "Final_result", final_result): Verify element property value successfully

2022-11-22 17:36:03 - [MESSAGE][PASSED] - Verify element property value successfully]]></system-out>
         <system-err><![CDATA[]]></system-err>
      </testcase>
      <testcase name="Test Cases/Engine_Scoring/Engine Scoring" time="5.731" classname="Test Cases/Engine_Scoring/Engine Scoring" status="PASSED">
         <system-out><![CDATA[2022-11-22 17:36:03 - [TEST_CASE][PASSED] - Test Cases/Engine_Scoring/Engine Scoring: Test Cases/Engine_Scoring/Engine Scoring

2022-11-22 17:36:04 - [TEST_STEP][PASSED] - markPassed("Variasi data ke : " + no): Variasi data ke : 206

2022-11-22 17:36:04 - [MESSAGE][PASSED] - Variasi data ke : 206

2022-11-22 17:36:04 - [TEST_STEP][PASSED] - req_data = sendRequest(findTestObject("Search_ME", ["MID":MID, "source":source, "ip":ip, "userid":userid, "branch":branch, "tipekons":tipekons, "marital":marital, "penjamin":penjamin, ... ])): Send request successfully

2022-11-22 17:36:05 - [MESSAGE][INFO] - HAR: D:\DMS\Engine Scoring\Reports\20221122_171227\Exclude KKB - DS\Scoring Individu - DS\20221122_171227\requests\main\410.har

2022-11-22 17:36:06 - [MESSAGE][PASSED] - Send request successfully

2022-11-22 17:36:06 - [TEST_STEP][PASSED] - slurper = new groovy.json.JsonSlurper(): null

2022-11-22 17:36:06 - [TEST_STEP][PASSED] - result = slurper.parseText(req_data.getResponseBodyContent()): null

2022-11-22 17:36:06 - [TEST_STEP][PASSED] - reqid_kons = requestid1: null

2022-11-22 17:36:06 - [TEST_STEP][PASSED] - reqid_spouse = requestid2: null

2022-11-22 17:36:06 - [TEST_STEP][PASSED] - println("requestid kons : " + reqid_kons): null

2022-11-22 17:36:06 - [TEST_STEP][PASSED] - response_searchME_kons = reqid_kons: null

2022-11-22 17:36:06 - [TEST_STEP][PASSED] - response_searchME_spouse = reqid_spouse: null

2022-11-22 17:36:06 - [TEST_STEP][PASSED] - println("kons req id is :" + response_searchME_kons): null

2022-11-22 17:36:06 - [TEST_STEP][PASSED] - println("spouse req id is : " + response_searchME_spouse): null

2022-11-22 17:36:06 - [TEST_STEP][PASSED] - verifyResponseStatusCode(req_data, 200): Verify response status code successfully

2022-11-22 17:36:06 - [MESSAGE][PASSED] - Verify response status code successfully

2022-11-22 17:36:06 - [TEST_STEP][PASSED] - response = req_data.getResponseText(): null

2022-11-22 17:36:06 - [TEST_STEP][PASSED] - logInfo($response): {"status":"Done","data":{"requestid1":"242620","requestid2":""}}

2022-11-22 17:36:06 - [MESSAGE][INFO] - {"status":"Done","data":{"requestid1":"242620","requestid2":""}}

2022-11-22 17:36:06 - [TEST_STEP][PASSED] - delay(3): Delayed 3 second(s)

2022-11-22 17:36:09 - [MESSAGE][PASSED] - Delayed 3 second(s)

2022-11-22 17:36:09 - [TEST_STEP][PASSED] - scoring = sendRequest(findTestObject("EngineScore", ["response_searchME_kons":response_searchME_kons, "response_searchME_spouse":response_searchME_spouse])): Send request successfully

2022-11-22 17:36:09 - [MESSAGE][INFO] - HAR: D:\DMS\Engine Scoring\Reports\20221122_171227\Exclude KKB - DS\Scoring Individu - DS\20221122_171227\requests\main\411.har

2022-11-22 17:36:09 - [MESSAGE][PASSED] - Send request successfully

2022-11-22 17:36:09 - [TEST_STEP][PASSED] - verifyResponseStatusCode(scoring, 200): Verify response status code successfully

2022-11-22 17:36:09 - [MESSAGE][PASSED] - Verify response status code successfully

2022-11-22 17:36:09 - [TEST_STEP][PASSED] - response2 = scoring.getResponseText(): null

2022-11-22 17:36:09 - [TEST_STEP][PASSED] - markPassed("result service data ke : " + no): result service data ke : 206

2022-11-22 17:36:09 - [MESSAGE][PASSED] - result service data ke : 206

2022-11-22 17:36:09 - [TEST_STEP][PASSED] - logInfo($response2): {"result_konsumen":"Reguler","result_pasangan":"","Final_result":"Reguler","errorMessage":"","status":"Done"}

2022-11-22 17:36:09 - [MESSAGE][INFO] - {"result_konsumen":"Reguler","result_pasangan":"","Final_result":"Reguler","errorMessage":"","status":"Done"}

2022-11-22 17:36:09 - [TEST_STEP][PASSED] - verifyElementPropertyValue(scoring, "Final_result", final_result): Verify element property value successfully

2022-11-22 17:36:09 - [MESSAGE][PASSED] - Verify element property value successfully]]></system-out>
         <system-err><![CDATA[]]></system-err>
      </testcase>
      <testcase name="Test Cases/Engine_Scoring/Engine Scoring" time="5.994" classname="Test Cases/Engine_Scoring/Engine Scoring" status="FAILED">
         <failure type="FAILED" message="Test Cases/Engine_Scoring/Engine Scoring FAILED.
Reason:
com.kms.katalon.core.exception.StepFailedException: Expected element property value 'Approve' is not equal with actual property value 'Reguler'
	at com.kms.katalon.core.keyword.internal.KeywordMain.stepFailed(KeywordMain.groovy:50)
	at com.kms.katalon.core.webservice.keyword.builtin.VerifyElementPropertyValueKeyword$_verifyElementPropertyValue_closure1.doCall(VerifyElementPropertyValueKeyword.groovy:56)
	at com.kms.katalon.core.webservice.keyword.builtin.VerifyElementPropertyValueKeyword$_verifyElementPropertyValue_closure1.call(VerifyElementPropertyValueKeyword.groovy)
	at com.kms.katalon.core.keyword.internal.KeywordMain.runKeyword(KeywordMain.groovy:74)
	at com.kms.katalon.core.webservice.keyword.builtin.VerifyElementPropertyValueKeyword.verifyElementPropertyValue(VerifyElementPropertyValueKeyword.groovy:48)
	at com.kms.katalon.core.webservice.keyword.builtin.VerifyElementPropertyValueKeyword.execute(VerifyElementPropertyValueKeyword.groovy:43)
	at com.kms.katalon.core.keyword.internal.KeywordExecutor.executeKeywordForPlatform(KeywordExecutor.groovy:74)
	at com.kms.katalon.core.webservice.keyword.WSBuiltInKeywords.verifyElementPropertyValue(WSBuiltInKeywords.groovy:189)
	at com.kms.katalon.core.webservice.keyword.WSBuiltInKeywords$verifyElementPropertyValue$1.call(Unknown Source)
	at Engine Scoring.run(Engine Scoring:107)
	at com.kms.katalon.core.main.ScriptEngine.run(ScriptEngine.java:194)
	at com.kms.katalon.core.main.ScriptEngine.runScriptAsRawText(ScriptEngine.java:119)
	at com.kms.katalon.core.main.TestCaseExecutor.runScript(TestCaseExecutor.java:442)
	at com.kms.katalon.core.main.TestCaseExecutor.doExecute(TestCaseExecutor.java:433)
	at com.kms.katalon.core.main.TestCaseExecutor.processExecutionPhase(TestCaseExecutor.java:412)
	at com.kms.katalon.core.main.TestCaseExecutor.accessMainPhase(TestCaseExecutor.java:404)
	at com.kms.katalon.core.main.TestCaseExecutor.execute(TestCaseExecutor.java:281)
	at com.kms.katalon.core.main.TestSuiteExecutor.accessTestCaseMainPhase(TestSuiteExecutor.java:202)
	at com.kms.katalon.core.main.TestSuiteExecutor.accessTestSuiteMainPhase(TestSuiteExecutor.java:164)
	at com.kms.katalon.core.main.TestSuiteExecutor.execute(TestSuiteExecutor.java:105)
	at com.kms.katalon.core.main.TestCaseMain.startTestSuite(TestCaseMain.java:185)
	at com.kms.katalon.core.main.TestCaseMain$startTestSuite$0.call(Unknown Source)
	at TempTestSuite1669111947346.run(TempTestSuite1669111947346.groovy:36)
"/>
         <system-out><![CDATA[2022-11-22 17:36:09 - [TEST_CASE][FAILED] - Test Cases/Engine_Scoring/Engine Scoring: Test Cases/Engine_Scoring/Engine Scoring FAILED.
Reason:
com.kms.katalon.core.exception.StepFailedException: Expected element property value 'Approve' is not equal with actual property value 'Reguler'
	at com.kms.katalon.core.keyword.internal.KeywordMain.stepFailed(KeywordMain.groovy:50)
	at com.kms.katalon.core.webservice.keyword.builtin.VerifyElementPropertyValueKeyword$_verifyElementPropertyValue_closure1.doCall(VerifyElementPropertyValueKeyword.groovy:56)
	at com.kms.katalon.core.webservice.keyword.builtin.VerifyElementPropertyValueKeyword$_verifyElementPropertyValue_closure1.call(VerifyElementPropertyValueKeyword.groovy)
	at com.kms.katalon.core.keyword.internal.KeywordMain.runKeyword(KeywordMain.groovy:74)
	at com.kms.katalon.core.webservice.keyword.builtin.VerifyElementPropertyValueKeyword.verifyElementPropertyValue(VerifyElementPropertyValueKeyword.groovy:48)
	at com.kms.katalon.core.webservice.keyword.builtin.VerifyElementPropertyValueKeyword.execute(VerifyElementPropertyValueKeyword.groovy:43)
	at com.kms.katalon.core.keyword.internal.KeywordExecutor.executeKeywordForPlatform(KeywordExecutor.groovy:74)
	at com.kms.katalon.core.webservice.keyword.WSBuiltInKeywords.verifyElementPropertyValue(WSBuiltInKeywords.groovy:189)
	at com.kms.katalon.core.webservice.keyword.WSBuiltInKeywords$verifyElementPropertyValue$1.call(Unknown Source)
	at Engine Scoring.run(Engine Scoring:107)
	at com.kms.katalon.core.main.ScriptEngine.run(ScriptEngine.java:194)
	at com.kms.katalon.core.main.ScriptEngine.runScriptAsRawText(ScriptEngine.java:119)
	at com.kms.katalon.core.main.TestCaseExecutor.runScript(TestCaseExecutor.java:442)
	at com.kms.katalon.core.main.TestCaseExecutor.doExecute(TestCaseExecutor.java:433)
	at com.kms.katalon.core.main.TestCaseExecutor.processExecutionPhase(TestCaseExecutor.java:412)
	at com.kms.katalon.core.main.TestCaseExecutor.accessMainPhase(TestCaseExecutor.java:404)
	at com.kms.katalon.core.main.TestCaseExecutor.execute(TestCaseExecutor.java:281)
	at com.kms.katalon.core.main.TestSuiteExecutor.accessTestCaseMainPhase(TestSuiteExecutor.java:202)
	at com.kms.katalon.core.main.TestSuiteExecutor.accessTestSuiteMainPhase(TestSuiteExecutor.java:164)
	at com.kms.katalon.core.main.TestSuiteExecutor.execute(TestSuiteExecutor.java:105)
	at com.kms.katalon.core.main.TestCaseMain.startTestSuite(TestCaseMain.java:185)
	at com.kms.katalon.core.main.TestCaseMain$startTestSuite$0.call(Unknown Source)
	at TempTestSuite1669111947346.run(TempTestSuite1669111947346.groovy:36)


2022-11-22 17:36:10 - [TEST_STEP][PASSED] - markPassed("Variasi data ke : " + no): Variasi data ke : 207

2022-11-22 17:36:10 - [MESSAGE][PASSED] - Variasi data ke : 207

2022-11-22 17:36:10 - [TEST_STEP][PASSED] - req_data = sendRequest(findTestObject("Search_ME", ["MID":MID, "source":source, "ip":ip, "userid":userid, "branch":branch, "tipekons":tipekons, "marital":marital, "penjamin":penjamin, ... ])): Send request successfully

2022-11-22 17:36:12 - [MESSAGE][INFO] - HAR: D:\DMS\Engine Scoring\Reports\20221122_171227\Exclude KKB - DS\Scoring Individu - DS\20221122_171227\requests\main\412.har

2022-11-22 17:36:12 - [MESSAGE][PASSED] - Send request successfully

2022-11-22 17:36:12 - [TEST_STEP][PASSED] - slurper = new groovy.json.JsonSlurper(): null

2022-11-22 17:36:12 - [TEST_STEP][PASSED] - result = slurper.parseText(req_data.getResponseBodyContent()): null

2022-11-22 17:36:12 - [TEST_STEP][PASSED] - reqid_kons = requestid1: null

2022-11-22 17:36:12 - [TEST_STEP][PASSED] - reqid_spouse = requestid2: null

2022-11-22 17:36:12 - [TEST_STEP][PASSED] - println("requestid kons : " + reqid_kons): null

2022-11-22 17:36:12 - [TEST_STEP][PASSED] - response_searchME_kons = reqid_kons: null

2022-11-22 17:36:12 - [TEST_STEP][PASSED] - response_searchME_spouse = reqid_spouse: null

2022-11-22 17:36:12 - [TEST_STEP][PASSED] - println("kons req id is :" + response_searchME_kons): null

2022-11-22 17:36:12 - [TEST_STEP][PASSED] - println("spouse req id is : " + response_searchME_spouse): null

2022-11-22 17:36:12 - [TEST_STEP][PASSED] - verifyResponseStatusCode(req_data, 200): Verify response status code successfully

2022-11-22 17:36:12 - [MESSAGE][PASSED] - Verify response status code successfully

2022-11-22 17:36:12 - [TEST_STEP][PASSED] - response = req_data.getResponseText(): null

2022-11-22 17:36:12 - [TEST_STEP][PASSED] - logInfo($response): {"status":"Done","data":{"requestid1":"242621","requestid2":""}}

2022-11-22 17:36:12 - [MESSAGE][INFO] - {"status":"Done","data":{"requestid1":"242621","requestid2":""}}

2022-11-22 17:36:12 - [TEST_STEP][PASSED] - delay(3): Delayed 3 second(s)

2022-11-22 17:36:15 - [MESSAGE][PASSED] - Delayed 3 second(s)

2022-11-22 17:36:15 - [TEST_STEP][PASSED] - scoring = sendRequest(findTestObject("EngineScore", ["response_searchME_kons":response_searchME_kons, "response_searchME_spouse":response_searchME_spouse])): Send request successfully

2022-11-22 17:36:15 - [MESSAGE][INFO] - HAR: D:\DMS\Engine Scoring\Reports\20221122_171227\Exclude KKB - DS\Scoring Individu - DS\20221122_171227\requests\main\413.har

2022-11-22 17:36:15 - [MESSAGE][PASSED] - Send request successfully

2022-11-22 17:36:15 - [TEST_STEP][PASSED] - verifyResponseStatusCode(scoring, 200): Verify response status code successfully

2022-11-22 17:36:15 - [MESSAGE][PASSED] - Verify response status code successfully

2022-11-22 17:36:15 - [TEST_STEP][PASSED] - response2 = scoring.getResponseText(): null

2022-11-22 17:36:15 - [TEST_STEP][PASSED] - markPassed("result service data ke : " + no): result service data ke : 207

2022-11-22 17:36:15 - [MESSAGE][PASSED] - result service data ke : 207

2022-11-22 17:36:15 - [TEST_STEP][PASSED] - logInfo($response2): {"result_konsumen":"Reguler","result_pasangan":"","Final_result":"Reguler","errorMessage":"","status":"Done"}

2022-11-22 17:36:15 - [MESSAGE][INFO] - {"result_konsumen":"Reguler","result_pasangan":"","Final_result":"Reguler","errorMessage":"","status":"Done"}

2022-11-22 17:36:15 - [TEST_STEP][FAILED] - verifyElementPropertyValue(scoring, "Final_result", final_result): Unable to verify element property value (Root cause: com.kms.katalon.core.exception.StepFailedException: Expected element property value 'Approve' is not equal with actual property value 'Reguler'
	at com.kms.katalon.core.keyword.internal.KeywordMain.stepFailed(KeywordMain.groovy:50)
	at com.kms.katalon.core.webservice.keyword.builtin.VerifyElementPropertyValueKeyword$_verifyElementPropertyValue_closure1.doCall(VerifyElementPropertyValueKeyword.groovy:56)
	at com.kms.katalon.core.webservice.keyword.builtin.VerifyElementPropertyValueKeyword$_verifyElementPropertyValue_closure1.call(VerifyElementPropertyValueKeyword.groovy)
	at com.kms.katalon.core.keyword.internal.KeywordMain.runKeyword(KeywordMain.groovy:74)
	at com.kms.katalon.core.webservice.keyword.builtin.VerifyElementPropertyValueKeyword.verifyElementPropertyValue(VerifyElementPropertyValueKeyword.groovy:48)
	at com.kms.katalon.core.webservice.keyword.builtin.VerifyElementPropertyValueKeyword.execute(VerifyElementPropertyValueKeyword.groovy:43)
	at com.kms.katalon.core.keyword.internal.KeywordExecutor.executeKeywordForPlatform(KeywordExecutor.groovy:74)
	at com.kms.katalon.core.webservice.keyword.WSBuiltInKeywords.verifyElementPropertyValue(WSBuiltInKeywords.groovy:189)
	at com.kms.katalon.core.webservice.keyword.WSBuiltInKeywords$verifyElementPropertyValue$1.call(Unknown Source)
	at Engine Scoring.run(Engine Scoring:107)
	at com.kms.katalon.core.main.ScriptEngine.run(ScriptEngine.java:194)
	at com.kms.katalon.core.main.ScriptEngine.runScriptAsRawText(ScriptEngine.java:119)
	at com.kms.katalon.core.main.TestCaseExecutor.runScript(TestCaseExecutor.java:442)
	at com.kms.katalon.core.main.TestCaseExecutor.doExecute(TestCaseExecutor.java:433)
	at com.kms.katalon.core.main.TestCaseExecutor.processExecutionPhase(TestCaseExecutor.java:412)
	at com.kms.katalon.core.main.TestCaseExecutor.accessMainPhase(TestCaseExecutor.java:404)
	at com.kms.katalon.core.main.TestCaseExecutor.execute(TestCaseExecutor.java:281)
	at com.kms.katalon.core.main.TestSuiteExecutor.accessTestCaseMainPhase(TestSuiteExecutor.java:202)
	at com.kms.katalon.core.main.TestSuiteExecutor.accessTestSuiteMainPhase(TestSuiteExecutor.java:164)
	at com.kms.katalon.core.main.TestSuiteExecutor.execute(TestSuiteExecutor.java:105)
	at com.kms.katalon.core.main.TestCaseMain.startTestSuite(TestCaseMain.java:185)
	at com.kms.katalon.core.main.TestCaseMain$startTestSuite$0.call(Unknown Source)
	at TempTestSuite1669111947346.run(TempTestSuite1669111947346.groovy:36)
)

2022-11-22 17:36:15 - [MESSAGE][FAILED] - Expected element property value 'Approve' is not equal with actual property value 'Reguler'

2022-11-22 17:36:15 - [MESSAGE][FAILED] - Unable to verify element property value (Root cause: com.kms.katalon.core.exception.StepFailedException: Expected element property value 'Approve' is not equal with actual property value 'Reguler'
	at com.kms.katalon.core.keyword.internal.KeywordMain.stepFailed(KeywordMain.groovy:50)
	at com.kms.katalon.core.webservice.keyword.builtin.VerifyElementPropertyValueKeyword$_verifyElementPropertyValue_closure1.doCall(VerifyElementPropertyValueKeyword.groovy:56)
	at com.kms.katalon.core.webservice.keyword.builtin.VerifyElementPropertyValueKeyword$_verifyElementPropertyValue_closure1.call(VerifyElementPropertyValueKeyword.groovy)
	at com.kms.katalon.core.keyword.internal.KeywordMain.runKeyword(KeywordMain.groovy:74)
	at com.kms.katalon.core.webservice.keyword.builtin.VerifyElementPropertyValueKeyword.verifyElementPropertyValue(VerifyElementPropertyValueKeyword.groovy:48)
	at com.kms.katalon.core.webservice.keyword.builtin.VerifyElementPropertyValueKeyword.execute(VerifyElementPropertyValueKeyword.groovy:43)
	at com.kms.katalon.core.keyword.internal.KeywordExecutor.executeKeywordForPlatform(KeywordExecutor.groovy:74)
	at com.kms.katalon.core.webservice.keyword.WSBuiltInKeywords.verifyElementPropertyValue(WSBuiltInKeywords.groovy:189)
	at com.kms.katalon.core.webservice.keyword.WSBuiltInKeywords$verifyElementPropertyValue$1.call(Unknown Source)
	at Engine Scoring.run(Engine Scoring:107)
	at com.kms.katalon.core.main.ScriptEngine.run(ScriptEngine.java:194)
	at com.kms.katalon.core.main.ScriptEngine.runScriptAsRawText(ScriptEngine.java:119)
	at com.kms.katalon.core.main.TestCaseExecutor.runScript(TestCaseExecutor.java:442)
	at com.kms.katalon.core.main.TestCaseExecutor.doExecute(TestCaseExecutor.java:433)
	at com.kms.katalon.core.main.TestCaseExecutor.processExecutionPhase(TestCaseExecutor.java:412)
	at com.kms.katalon.core.main.TestCaseExecutor.accessMainPhase(TestCaseExecutor.java:404)
	at com.kms.katalon.core.main.TestCaseExecutor.execute(TestCaseExecutor.java:281)
	at com.kms.katalon.core.main.TestSuiteExecutor.accessTestCaseMainPhase(TestSuiteExecutor.java:202)
	at com.kms.katalon.core.main.TestSuiteExecutor.accessTestSuiteMainPhase(TestSuiteExecutor.java:164)
	at com.kms.katalon.core.main.TestSuiteExecutor.execute(TestSuiteExecutor.java:105)
	at com.kms.katalon.core.main.TestCaseMain.startTestSuite(TestCaseMain.java:185)
	at com.kms.katalon.core.main.TestCaseMain$startTestSuite$0.call(Unknown Source)
	at TempTestSuite1669111947346.run(TempTestSuite1669111947346.groovy:36)
)]]></system-out>
         <system-err><![CDATA[2022-11-22 17:36:09 - [TEST_CASE][FAILED] - Test Cases/Engine_Scoring/Engine Scoring: Test Cases/Engine_Scoring/Engine Scoring FAILED.
Reason:
com.kms.katalon.core.exception.StepFailedException: Expected element property value 'Approve' is not equal with actual property value 'Reguler'
	at com.kms.katalon.core.keyword.internal.KeywordMain.stepFailed(KeywordMain.groovy:50)
	at com.kms.katalon.core.webservice.keyword.builtin.VerifyElementPropertyValueKeyword$_verifyElementPropertyValue_closure1.doCall(VerifyElementPropertyValueKeyword.groovy:56)
	at com.kms.katalon.core.webservice.keyword.builtin.VerifyElementPropertyValueKeyword$_verifyElementPropertyValue_closure1.call(VerifyElementPropertyValueKeyword.groovy)
	at com.kms.katalon.core.keyword.internal.KeywordMain.runKeyword(KeywordMain.groovy:74)
	at com.kms.katalon.core.webservice.keyword.builtin.VerifyElementPropertyValueKeyword.verifyElementPropertyValue(VerifyElementPropertyValueKeyword.groovy:48)
	at com.kms.katalon.core.webservice.keyword.builtin.VerifyElementPropertyValueKeyword.execute(VerifyElementPropertyValueKeyword.groovy:43)
	at com.kms.katalon.core.keyword.internal.KeywordExecutor.executeKeywordForPlatform(KeywordExecutor.groovy:74)
	at com.kms.katalon.core.webservice.keyword.WSBuiltInKeywords.verifyElementPropertyValue(WSBuiltInKeywords.groovy:189)
	at com.kms.katalon.core.webservice.keyword.WSBuiltInKeywords$verifyElementPropertyValue$1.call(Unknown Source)
	at Engine Scoring.run(Engine Scoring:107)
	at com.kms.katalon.core.main.ScriptEngine.run(ScriptEngine.java:194)
	at com.kms.katalon.core.main.ScriptEngine.runScriptAsRawText(ScriptEngine.java:119)
	at com.kms.katalon.core.main.TestCaseExecutor.runScript(TestCaseExecutor.java:442)
	at com.kms.katalon.core.main.TestCaseExecutor.doExecute(TestCaseExecutor.java:433)
	at com.kms.katalon.core.main.TestCaseExecutor.processExecutionPhase(TestCaseExecutor.java:412)
	at com.kms.katalon.core.main.TestCaseExecutor.accessMainPhase(TestCaseExecutor.java:404)
	at com.kms.katalon.core.main.TestCaseExecutor.execute(TestCaseExecutor.java:281)
	at com.kms.katalon.core.main.TestSuiteExecutor.accessTestCaseMainPhase(TestSuiteExecutor.java:202)
	at com.kms.katalon.core.main.TestSuiteExecutor.accessTestSuiteMainPhase(TestSuiteExecutor.java:164)
	at com.kms.katalon.core.main.TestSuiteExecutor.execute(TestSuiteExecutor.java:105)
	at com.kms.katalon.core.main.TestCaseMain.startTestSuite(TestCaseMain.java:185)
	at com.kms.katalon.core.main.TestCaseMain$startTestSuite$0.call(Unknown Source)
	at TempTestSuite1669111947346.run(TempTestSuite1669111947346.groovy:36)]]></system-err>
      </testcase>
      <testcase name="Test Cases/Engine_Scoring/Engine Scoring" time="5.816" classname="Test Cases/Engine_Scoring/Engine Scoring" status="FAILED">
         <failure type="FAILED" message="Test Cases/Engine_Scoring/Engine Scoring FAILED.
Reason:
com.kms.katalon.core.exception.StepFailedException: Expected element property value 'Approve' is not equal with actual property value 'Reguler'
	at com.kms.katalon.core.keyword.internal.KeywordMain.stepFailed(KeywordMain.groovy:50)
	at com.kms.katalon.core.webservice.keyword.builtin.VerifyElementPropertyValueKeyword$_verifyElementPropertyValue_closure1.doCall(VerifyElementPropertyValueKeyword.groovy:56)
	at com.kms.katalon.core.webservice.keyword.builtin.VerifyElementPropertyValueKeyword$_verifyElementPropertyValue_closure1.call(VerifyElementPropertyValueKeyword.groovy)
	at com.kms.katalon.core.keyword.internal.KeywordMain.runKeyword(KeywordMain.groovy:74)
	at com.kms.katalon.core.webservice.keyword.builtin.VerifyElementPropertyValueKeyword.verifyElementPropertyValue(VerifyElementPropertyValueKeyword.groovy:48)
	at com.kms.katalon.core.webservice.keyword.builtin.VerifyElementPropertyValueKeyword.execute(VerifyElementPropertyValueKeyword.groovy:43)
	at com.kms.katalon.core.keyword.internal.KeywordExecutor.executeKeywordForPlatform(KeywordExecutor.groovy:74)
	at com.kms.katalon.core.webservice.keyword.WSBuiltInKeywords.verifyElementPropertyValue(WSBuiltInKeywords.groovy:189)
	at com.kms.katalon.core.webservice.keyword.WSBuiltInKeywords$verifyElementPropertyValue$1.call(Unknown Source)
	at Engine Scoring.run(Engine Scoring:107)
	at com.kms.katalon.core.main.ScriptEngine.run(ScriptEngine.java:194)
	at com.kms.katalon.core.main.ScriptEngine.runScriptAsRawText(ScriptEngine.java:119)
	at com.kms.katalon.core.main.TestCaseExecutor.runScript(TestCaseExecutor.java:442)
	at com.kms.katalon.core.main.TestCaseExecutor.doExecute(TestCaseExecutor.java:433)
	at com.kms.katalon.core.main.TestCaseExecutor.processExecutionPhase(TestCaseExecutor.java:412)
	at com.kms.katalon.core.main.TestCaseExecutor.accessMainPhase(TestCaseExecutor.java:404)
	at com.kms.katalon.core.main.TestCaseExecutor.execute(TestCaseExecutor.java:281)
	at com.kms.katalon.core.main.TestSuiteExecutor.accessTestCaseMainPhase(TestSuiteExecutor.java:202)
	at com.kms.katalon.core.main.TestSuiteExecutor.accessTestSuiteMainPhase(TestSuiteExecutor.java:164)
	at com.kms.katalon.core.main.TestSuiteExecutor.execute(TestSuiteExecutor.java:105)
	at com.kms.katalon.core.main.TestCaseMain.startTestSuite(TestCaseMain.java:185)
	at com.kms.katalon.core.main.TestCaseMain$startTestSuite$0.call(Unknown Source)
	at TempTestSuite1669111947346.run(TempTestSuite1669111947346.groovy:36)
"/>
         <system-out><![CDATA[2022-11-22 17:36:15 - [TEST_CASE][FAILED] - Test Cases/Engine_Scoring/Engine Scoring: Test Cases/Engine_Scoring/Engine Scoring FAILED.
Reason:
com.kms.katalon.core.exception.StepFailedException: Expected element property value 'Approve' is not equal with actual property value 'Reguler'
	at com.kms.katalon.core.keyword.internal.KeywordMain.stepFailed(KeywordMain.groovy:50)
	at com.kms.katalon.core.webservice.keyword.builtin.VerifyElementPropertyValueKeyword$_verifyElementPropertyValue_closure1.doCall(VerifyElementPropertyValueKeyword.groovy:56)
	at com.kms.katalon.core.webservice.keyword.builtin.VerifyElementPropertyValueKeyword$_verifyElementPropertyValue_closure1.call(VerifyElementPropertyValueKeyword.groovy)
	at com.kms.katalon.core.keyword.internal.KeywordMain.runKeyword(KeywordMain.groovy:74)
	at com.kms.katalon.core.webservice.keyword.builtin.VerifyElementPropertyValueKeyword.verifyElementPropertyValue(VerifyElementPropertyValueKeyword.groovy:48)
	at com.kms.katalon.core.webservice.keyword.builtin.VerifyElementPropertyValueKeyword.execute(VerifyElementPropertyValueKeyword.groovy:43)
	at com.kms.katalon.core.keyword.internal.KeywordExecutor.executeKeywordForPlatform(KeywordExecutor.groovy:74)
	at com.kms.katalon.core.webservice.keyword.WSBuiltInKeywords.verifyElementPropertyValue(WSBuiltInKeywords.groovy:189)
	at com.kms.katalon.core.webservice.keyword.WSBuiltInKeywords$verifyElementPropertyValue$1.call(Unknown Source)
	at Engine Scoring.run(Engine Scoring:107)
	at com.kms.katalon.core.main.ScriptEngine.run(ScriptEngine.java:194)
	at com.kms.katalon.core.main.ScriptEngine.runScriptAsRawText(ScriptEngine.java:119)
	at com.kms.katalon.core.main.TestCaseExecutor.runScript(TestCaseExecutor.java:442)
	at com.kms.katalon.core.main.TestCaseExecutor.doExecute(TestCaseExecutor.java:433)
	at com.kms.katalon.core.main.TestCaseExecutor.processExecutionPhase(TestCaseExecutor.java:412)
	at com.kms.katalon.core.main.TestCaseExecutor.accessMainPhase(TestCaseExecutor.java:404)
	at com.kms.katalon.core.main.TestCaseExecutor.execute(TestCaseExecutor.java:281)
	at com.kms.katalon.core.main.TestSuiteExecutor.accessTestCaseMainPhase(TestSuiteExecutor.java:202)
	at com.kms.katalon.core.main.TestSuiteExecutor.accessTestSuiteMainPhase(TestSuiteExecutor.java:164)
	at com.kms.katalon.core.main.TestSuiteExecutor.execute(TestSuiteExecutor.java:105)
	at com.kms.katalon.core.main.TestCaseMain.startTestSuite(TestCaseMain.java:185)
	at com.kms.katalon.core.main.TestCaseMain$startTestSuite$0.call(Unknown Source)
	at TempTestSuite1669111947346.run(TempTestSuite1669111947346.groovy:36)


2022-11-22 17:36:16 - [TEST_STEP][PASSED] - markPassed("Variasi data ke : " + no): Variasi data ke : 208

2022-11-22 17:36:16 - [MESSAGE][PASSED] - Variasi data ke : 208

2022-11-22 17:36:16 - [TEST_STEP][PASSED] - req_data = sendRequest(findTestObject("Search_ME", ["MID":MID, "source":source, "ip":ip, "userid":userid, "branch":branch, "tipekons":tipekons, "marital":marital, "penjamin":penjamin, ... ])): Send request successfully

2022-11-22 17:36:17 - [MESSAGE][INFO] - HAR: D:\DMS\Engine Scoring\Reports\20221122_171227\Exclude KKB - DS\Scoring Individu - DS\20221122_171227\requests\main\414.har

2022-11-22 17:36:17 - [MESSAGE][PASSED] - Send request successfully

2022-11-22 17:36:17 - [TEST_STEP][PASSED] - slurper = new groovy.json.JsonSlurper(): null

2022-11-22 17:36:17 - [TEST_STEP][PASSED] - result = slurper.parseText(req_data.getResponseBodyContent()): null

2022-11-22 17:36:17 - [TEST_STEP][PASSED] - reqid_kons = requestid1: null

2022-11-22 17:36:17 - [TEST_STEP][PASSED] - reqid_spouse = requestid2: null

2022-11-22 17:36:17 - [TEST_STEP][PASSED] - println("requestid kons : " + reqid_kons): null

2022-11-22 17:36:17 - [TEST_STEP][PASSED] - response_searchME_kons = reqid_kons: null

2022-11-22 17:36:17 - [TEST_STEP][PASSED] - response_searchME_spouse = reqid_spouse: null

2022-11-22 17:36:17 - [TEST_STEP][PASSED] - println("kons req id is :" + response_searchME_kons): null

2022-11-22 17:36:17 - [TEST_STEP][PASSED] - println("spouse req id is : " + response_searchME_spouse): null

2022-11-22 17:36:17 - [TEST_STEP][PASSED] - verifyResponseStatusCode(req_data, 200): Verify response status code successfully

2022-11-22 17:36:17 - [MESSAGE][PASSED] - Verify response status code successfully

2022-11-22 17:36:17 - [TEST_STEP][PASSED] - response = req_data.getResponseText(): null

2022-11-22 17:36:17 - [TEST_STEP][PASSED] - logInfo($response): {"status":"Done","data":{"requestid1":"242622","requestid2":""}}

2022-11-22 17:36:17 - [MESSAGE][INFO] - {"status":"Done","data":{"requestid1":"242622","requestid2":""}}

2022-11-22 17:36:17 - [TEST_STEP][PASSED] - delay(3): Delayed 3 second(s)

2022-11-22 17:36:20 - [MESSAGE][PASSED] - Delayed 3 second(s)

2022-11-22 17:36:20 - [TEST_STEP][PASSED] - scoring = sendRequest(findTestObject("EngineScore", ["response_searchME_kons":response_searchME_kons, "response_searchME_spouse":response_searchME_spouse])): Send request successfully

2022-11-22 17:36:21 - [MESSAGE][INFO] - HAR: D:\DMS\Engine Scoring\Reports\20221122_171227\Exclude KKB - DS\Scoring Individu - DS\20221122_171227\requests\main\415.har

2022-11-22 17:36:21 - [MESSAGE][PASSED] - Send request successfully

2022-11-22 17:36:21 - [TEST_STEP][PASSED] - verifyResponseStatusCode(scoring, 200): Verify response status code successfully

2022-11-22 17:36:21 - [MESSAGE][PASSED] - Verify response status code successfully

2022-11-22 17:36:21 - [TEST_STEP][PASSED] - response2 = scoring.getResponseText(): null

2022-11-22 17:36:21 - [TEST_STEP][PASSED] - markPassed("result service data ke : " + no): result service data ke : 208

2022-11-22 17:36:21 - [MESSAGE][PASSED] - result service data ke : 208

2022-11-22 17:36:21 - [TEST_STEP][PASSED] - logInfo($response2): {"result_konsumen":"Reguler","result_pasangan":"","Final_result":"Reguler","errorMessage":"","status":"Done"}

2022-11-22 17:36:21 - [MESSAGE][INFO] - {"result_konsumen":"Reguler","result_pasangan":"","Final_result":"Reguler","errorMessage":"","status":"Done"}

2022-11-22 17:36:21 - [TEST_STEP][FAILED] - verifyElementPropertyValue(scoring, "Final_result", final_result): Unable to verify element property value (Root cause: com.kms.katalon.core.exception.StepFailedException: Expected element property value 'Approve' is not equal with actual property value 'Reguler'
	at com.kms.katalon.core.keyword.internal.KeywordMain.stepFailed(KeywordMain.groovy:50)
	at com.kms.katalon.core.webservice.keyword.builtin.VerifyElementPropertyValueKeyword$_verifyElementPropertyValue_closure1.doCall(VerifyElementPropertyValueKeyword.groovy:56)
	at com.kms.katalon.core.webservice.keyword.builtin.VerifyElementPropertyValueKeyword$_verifyElementPropertyValue_closure1.call(VerifyElementPropertyValueKeyword.groovy)
	at com.kms.katalon.core.keyword.internal.KeywordMain.runKeyword(KeywordMain.groovy:74)
	at com.kms.katalon.core.webservice.keyword.builtin.VerifyElementPropertyValueKeyword.verifyElementPropertyValue(VerifyElementPropertyValueKeyword.groovy:48)
	at com.kms.katalon.core.webservice.keyword.builtin.VerifyElementPropertyValueKeyword.execute(VerifyElementPropertyValueKeyword.groovy:43)
	at com.kms.katalon.core.keyword.internal.KeywordExecutor.executeKeywordForPlatform(KeywordExecutor.groovy:74)
	at com.kms.katalon.core.webservice.keyword.WSBuiltInKeywords.verifyElementPropertyValue(WSBuiltInKeywords.groovy:189)
	at com.kms.katalon.core.webservice.keyword.WSBuiltInKeywords$verifyElementPropertyValue$1.call(Unknown Source)
	at Engine Scoring.run(Engine Scoring:107)
	at com.kms.katalon.core.main.ScriptEngine.run(ScriptEngine.java:194)
	at com.kms.katalon.core.main.ScriptEngine.runScriptAsRawText(ScriptEngine.java:119)
	at com.kms.katalon.core.main.TestCaseExecutor.runScript(TestCaseExecutor.java:442)
	at com.kms.katalon.core.main.TestCaseExecutor.doExecute(TestCaseExecutor.java:433)
	at com.kms.katalon.core.main.TestCaseExecutor.processExecutionPhase(TestCaseExecutor.java:412)
	at com.kms.katalon.core.main.TestCaseExecutor.accessMainPhase(TestCaseExecutor.java:404)
	at com.kms.katalon.core.main.TestCaseExecutor.execute(TestCaseExecutor.java:281)
	at com.kms.katalon.core.main.TestSuiteExecutor.accessTestCaseMainPhase(TestSuiteExecutor.java:202)
	at com.kms.katalon.core.main.TestSuiteExecutor.accessTestSuiteMainPhase(TestSuiteExecutor.java:164)
	at com.kms.katalon.core.main.TestSuiteExecutor.execute(TestSuiteExecutor.java:105)
	at com.kms.katalon.core.main.TestCaseMain.startTestSuite(TestCaseMain.java:185)
	at com.kms.katalon.core.main.TestCaseMain$startTestSuite$0.call(Unknown Source)
	at TempTestSuite1669111947346.run(TempTestSuite1669111947346.groovy:36)
)

2022-11-22 17:36:21 - [MESSAGE][FAILED] - Expected element property value 'Approve' is not equal with actual property value 'Reguler'

2022-11-22 17:36:21 - [MESSAGE][FAILED] - Unable to verify element property value (Root cause: com.kms.katalon.core.exception.StepFailedException: Expected element property value 'Approve' is not equal with actual property value 'Reguler'
	at com.kms.katalon.core.keyword.internal.KeywordMain.stepFailed(KeywordMain.groovy:50)
	at com.kms.katalon.core.webservice.keyword.builtin.VerifyElementPropertyValueKeyword$_verifyElementPropertyValue_closure1.doCall(VerifyElementPropertyValueKeyword.groovy:56)
	at com.kms.katalon.core.webservice.keyword.builtin.VerifyElementPropertyValueKeyword$_verifyElementPropertyValue_closure1.call(VerifyElementPropertyValueKeyword.groovy)
	at com.kms.katalon.core.keyword.internal.KeywordMain.runKeyword(KeywordMain.groovy:74)
	at com.kms.katalon.core.webservice.keyword.builtin.VerifyElementPropertyValueKeyword.verifyElementPropertyValue(VerifyElementPropertyValueKeyword.groovy:48)
	at com.kms.katalon.core.webservice.keyword.builtin.VerifyElementPropertyValueKeyword.execute(VerifyElementPropertyValueKeyword.groovy:43)
	at com.kms.katalon.core.keyword.internal.KeywordExecutor.executeKeywordForPlatform(KeywordExecutor.groovy:74)
	at com.kms.katalon.core.webservice.keyword.WSBuiltInKeywords.verifyElementPropertyValue(WSBuiltInKeywords.groovy:189)
	at com.kms.katalon.core.webservice.keyword.WSBuiltInKeywords$verifyElementPropertyValue$1.call(Unknown Source)
	at Engine Scoring.run(Engine Scoring:107)
	at com.kms.katalon.core.main.ScriptEngine.run(ScriptEngine.java:194)
	at com.kms.katalon.core.main.ScriptEngine.runScriptAsRawText(ScriptEngine.java:119)
	at com.kms.katalon.core.main.TestCaseExecutor.runScript(TestCaseExecutor.java:442)
	at com.kms.katalon.core.main.TestCaseExecutor.doExecute(TestCaseExecutor.java:433)
	at com.kms.katalon.core.main.TestCaseExecutor.processExecutionPhase(TestCaseExecutor.java:412)
	at com.kms.katalon.core.main.TestCaseExecutor.accessMainPhase(TestCaseExecutor.java:404)
	at com.kms.katalon.core.main.TestCaseExecutor.execute(TestCaseExecutor.java:281)
	at com.kms.katalon.core.main.TestSuiteExecutor.accessTestCaseMainPhase(TestSuiteExecutor.java:202)
	at com.kms.katalon.core.main.TestSuiteExecutor.accessTestSuiteMainPhase(TestSuiteExecutor.java:164)
	at com.kms.katalon.core.main.TestSuiteExecutor.execute(TestSuiteExecutor.java:105)
	at com.kms.katalon.core.main.TestCaseMain.startTestSuite(TestCaseMain.java:185)
	at com.kms.katalon.core.main.TestCaseMain$startTestSuite$0.call(Unknown Source)
	at TempTestSuite1669111947346.run(TempTestSuite1669111947346.groovy:36)
)]]></system-out>
         <system-err><![CDATA[2022-11-22 17:36:15 - [TEST_CASE][FAILED] - Test Cases/Engine_Scoring/Engine Scoring: Test Cases/Engine_Scoring/Engine Scoring FAILED.
Reason:
com.kms.katalon.core.exception.StepFailedException: Expected element property value 'Approve' is not equal with actual property value 'Reguler'
	at com.kms.katalon.core.keyword.internal.KeywordMain.stepFailed(KeywordMain.groovy:50)
	at com.kms.katalon.core.webservice.keyword.builtin.VerifyElementPropertyValueKeyword$_verifyElementPropertyValue_closure1.doCall(VerifyElementPropertyValueKeyword.groovy:56)
	at com.kms.katalon.core.webservice.keyword.builtin.VerifyElementPropertyValueKeyword$_verifyElementPropertyValue_closure1.call(VerifyElementPropertyValueKeyword.groovy)
	at com.kms.katalon.core.keyword.internal.KeywordMain.runKeyword(KeywordMain.groovy:74)
	at com.kms.katalon.core.webservice.keyword.builtin.VerifyElementPropertyValueKeyword.verifyElementPropertyValue(VerifyElementPropertyValueKeyword.groovy:48)
	at com.kms.katalon.core.webservice.keyword.builtin.VerifyElementPropertyValueKeyword.execute(VerifyElementPropertyValueKeyword.groovy:43)
	at com.kms.katalon.core.keyword.internal.KeywordExecutor.executeKeywordForPlatform(KeywordExecutor.groovy:74)
	at com.kms.katalon.core.webservice.keyword.WSBuiltInKeywords.verifyElementPropertyValue(WSBuiltInKeywords.groovy:189)
	at com.kms.katalon.core.webservice.keyword.WSBuiltInKeywords$verifyElementPropertyValue$1.call(Unknown Source)
	at Engine Scoring.run(Engine Scoring:107)
	at com.kms.katalon.core.main.ScriptEngine.run(ScriptEngine.java:194)
	at com.kms.katalon.core.main.ScriptEngine.runScriptAsRawText(ScriptEngine.java:119)
	at com.kms.katalon.core.main.TestCaseExecutor.runScript(TestCaseExecutor.java:442)
	at com.kms.katalon.core.main.TestCaseExecutor.doExecute(TestCaseExecutor.java:433)
	at com.kms.katalon.core.main.TestCaseExecutor.processExecutionPhase(TestCaseExecutor.java:412)
	at com.kms.katalon.core.main.TestCaseExecutor.accessMainPhase(TestCaseExecutor.java:404)
	at com.kms.katalon.core.main.TestCaseExecutor.execute(TestCaseExecutor.java:281)
	at com.kms.katalon.core.main.TestSuiteExecutor.accessTestCaseMainPhase(TestSuiteExecutor.java:202)
	at com.kms.katalon.core.main.TestSuiteExecutor.accessTestSuiteMainPhase(TestSuiteExecutor.java:164)
	at com.kms.katalon.core.main.TestSuiteExecutor.execute(TestSuiteExecutor.java:105)
	at com.kms.katalon.core.main.TestCaseMain.startTestSuite(TestCaseMain.java:185)
	at com.kms.katalon.core.main.TestCaseMain$startTestSuite$0.call(Unknown Source)
	at TempTestSuite1669111947346.run(TempTestSuite1669111947346.groovy:36)]]></system-err>
      </testcase>
      <testcase name="Test Cases/Engine_Scoring/Engine Scoring" time="5.86" classname="Test Cases/Engine_Scoring/Engine Scoring" status="FAILED">
         <failure type="FAILED" message="Test Cases/Engine_Scoring/Engine Scoring FAILED.
Reason:
com.kms.katalon.core.exception.StepFailedException: Expected element property value 'Approve' is not equal with actual property value 'Reguler'
	at com.kms.katalon.core.keyword.internal.KeywordMain.stepFailed(KeywordMain.groovy:50)
	at com.kms.katalon.core.webservice.keyword.builtin.VerifyElementPropertyValueKeyword$_verifyElementPropertyValue_closure1.doCall(VerifyElementPropertyValueKeyword.groovy:56)
	at com.kms.katalon.core.webservice.keyword.builtin.VerifyElementPropertyValueKeyword$_verifyElementPropertyValue_closure1.call(VerifyElementPropertyValueKeyword.groovy)
	at com.kms.katalon.core.keyword.internal.KeywordMain.runKeyword(KeywordMain.groovy:74)
	at com.kms.katalon.core.webservice.keyword.builtin.VerifyElementPropertyValueKeyword.verifyElementPropertyValue(VerifyElementPropertyValueKeyword.groovy:48)
	at com.kms.katalon.core.webservice.keyword.builtin.VerifyElementPropertyValueKeyword.execute(VerifyElementPropertyValueKeyword.groovy:43)
	at com.kms.katalon.core.keyword.internal.KeywordExecutor.executeKeywordForPlatform(KeywordExecutor.groovy:74)
	at com.kms.katalon.core.webservice.keyword.WSBuiltInKeywords.verifyElementPropertyValue(WSBuiltInKeywords.groovy:189)
	at com.kms.katalon.core.webservice.keyword.WSBuiltInKeywords$verifyElementPropertyValue$1.call(Unknown Source)
	at Engine Scoring.run(Engine Scoring:107)
	at com.kms.katalon.core.main.ScriptEngine.run(ScriptEngine.java:194)
	at com.kms.katalon.core.main.ScriptEngine.runScriptAsRawText(ScriptEngine.java:119)
	at com.kms.katalon.core.main.TestCaseExecutor.runScript(TestCaseExecutor.java:442)
	at com.kms.katalon.core.main.TestCaseExecutor.doExecute(TestCaseExecutor.java:433)
	at com.kms.katalon.core.main.TestCaseExecutor.processExecutionPhase(TestCaseExecutor.java:412)
	at com.kms.katalon.core.main.TestCaseExecutor.accessMainPhase(TestCaseExecutor.java:404)
	at com.kms.katalon.core.main.TestCaseExecutor.execute(TestCaseExecutor.java:281)
	at com.kms.katalon.core.main.TestSuiteExecutor.accessTestCaseMainPhase(TestSuiteExecutor.java:202)
	at com.kms.katalon.core.main.TestSuiteExecutor.accessTestSuiteMainPhase(TestSuiteExecutor.java:164)
	at com.kms.katalon.core.main.TestSuiteExecutor.execute(TestSuiteExecutor.java:105)
	at com.kms.katalon.core.main.TestCaseMain.startTestSuite(TestCaseMain.java:185)
	at com.kms.katalon.core.main.TestCaseMain$startTestSuite$0.call(Unknown Source)
	at TempTestSuite1669111947346.run(TempTestSuite1669111947346.groovy:36)
"/>
         <system-out><![CDATA[2022-11-22 17:36:21 - [TEST_CASE][FAILED] - Test Cases/Engine_Scoring/Engine Scoring: Test Cases/Engine_Scoring/Engine Scoring FAILED.
Reason:
com.kms.katalon.core.exception.StepFailedException: Expected element property value 'Approve' is not equal with actual property value 'Reguler'
	at com.kms.katalon.core.keyword.internal.KeywordMain.stepFailed(KeywordMain.groovy:50)
	at com.kms.katalon.core.webservice.keyword.builtin.VerifyElementPropertyValueKeyword$_verifyElementPropertyValue_closure1.doCall(VerifyElementPropertyValueKeyword.groovy:56)
	at com.kms.katalon.core.webservice.keyword.builtin.VerifyElementPropertyValueKeyword$_verifyElementPropertyValue_closure1.call(VerifyElementPropertyValueKeyword.groovy)
	at com.kms.katalon.core.keyword.internal.KeywordMain.runKeyword(KeywordMain.groovy:74)
	at com.kms.katalon.core.webservice.keyword.builtin.VerifyElementPropertyValueKeyword.verifyElementPropertyValue(VerifyElementPropertyValueKeyword.groovy:48)
	at com.kms.katalon.core.webservice.keyword.builtin.VerifyElementPropertyValueKeyword.execute(VerifyElementPropertyValueKeyword.groovy:43)
	at com.kms.katalon.core.keyword.internal.KeywordExecutor.executeKeywordForPlatform(KeywordExecutor.groovy:74)
	at com.kms.katalon.core.webservice.keyword.WSBuiltInKeywords.verifyElementPropertyValue(WSBuiltInKeywords.groovy:189)
	at com.kms.katalon.core.webservice.keyword.WSBuiltInKeywords$verifyElementPropertyValue$1.call(Unknown Source)
	at Engine Scoring.run(Engine Scoring:107)
	at com.kms.katalon.core.main.ScriptEngine.run(ScriptEngine.java:194)
	at com.kms.katalon.core.main.ScriptEngine.runScriptAsRawText(ScriptEngine.java:119)
	at com.kms.katalon.core.main.TestCaseExecutor.runScript(TestCaseExecutor.java:442)
	at com.kms.katalon.core.main.TestCaseExecutor.doExecute(TestCaseExecutor.java:433)
	at com.kms.katalon.core.main.TestCaseExecutor.processExecutionPhase(TestCaseExecutor.java:412)
	at com.kms.katalon.core.main.TestCaseExecutor.accessMainPhase(TestCaseExecutor.java:404)
	at com.kms.katalon.core.main.TestCaseExecutor.execute(TestCaseExecutor.java:281)
	at com.kms.katalon.core.main.TestSuiteExecutor.accessTestCaseMainPhase(TestSuiteExecutor.java:202)
	at com.kms.katalon.core.main.TestSuiteExecutor.accessTestSuiteMainPhase(TestSuiteExecutor.java:164)
	at com.kms.katalon.core.main.TestSuiteExecutor.execute(TestSuiteExecutor.java:105)
	at com.kms.katalon.core.main.TestCaseMain.startTestSuite(TestCaseMain.java:185)
	at com.kms.katalon.core.main.TestCaseMain$startTestSuite$0.call(Unknown Source)
	at TempTestSuite1669111947346.run(TempTestSuite1669111947346.groovy:36)


2022-11-22 17:36:22 - [TEST_STEP][PASSED] - markPassed("Variasi data ke : " + no): Variasi data ke : 209

2022-11-22 17:36:22 - [MESSAGE][PASSED] - Variasi data ke : 209

2022-11-22 17:36:22 - [TEST_STEP][PASSED] - req_data = sendRequest(findTestObject("Search_ME", ["MID":MID, "source":source, "ip":ip, "userid":userid, "branch":branch, "tipekons":tipekons, "marital":marital, "penjamin":penjamin, ... ])): Send request successfully

2022-11-22 17:36:23 - [MESSAGE][INFO] - HAR: D:\DMS\Engine Scoring\Reports\20221122_171227\Exclude KKB - DS\Scoring Individu - DS\20221122_171227\requests\main\416.har

2022-11-22 17:36:23 - [MESSAGE][PASSED] - Send request successfully

2022-11-22 17:36:23 - [TEST_STEP][PASSED] - slurper = new groovy.json.JsonSlurper(): null

2022-11-22 17:36:23 - [TEST_STEP][PASSED] - result = slurper.parseText(req_data.getResponseBodyContent()): null

2022-11-22 17:36:23 - [TEST_STEP][PASSED] - reqid_kons = requestid1: null

2022-11-22 17:36:23 - [TEST_STEP][PASSED] - reqid_spouse = requestid2: null

2022-11-22 17:36:23 - [TEST_STEP][PASSED] - println("requestid kons : " + reqid_kons): null

2022-11-22 17:36:23 - [TEST_STEP][PASSED] - response_searchME_kons = reqid_kons: null

2022-11-22 17:36:23 - [TEST_STEP][PASSED] - response_searchME_spouse = reqid_spouse: null

2022-11-22 17:36:23 - [TEST_STEP][PASSED] - println("kons req id is :" + response_searchME_kons): null

2022-11-22 17:36:23 - [TEST_STEP][PASSED] - println("spouse req id is : " + response_searchME_spouse): null

2022-11-22 17:36:23 - [TEST_STEP][PASSED] - verifyResponseStatusCode(req_data, 200): Verify response status code successfully

2022-11-22 17:36:23 - [MESSAGE][PASSED] - Verify response status code successfully

2022-11-22 17:36:23 - [TEST_STEP][PASSED] - response = req_data.getResponseText(): null

2022-11-22 17:36:23 - [TEST_STEP][PASSED] - logInfo($response): {"status":"Done","data":{"requestid1":"242623","requestid2":""}}

2022-11-22 17:36:23 - [MESSAGE][INFO] - {"status":"Done","data":{"requestid1":"242623","requestid2":""}}

2022-11-22 17:36:23 - [TEST_STEP][PASSED] - delay(3): Delayed 3 second(s)

2022-11-22 17:36:26 - [MESSAGE][PASSED] - Delayed 3 second(s)

2022-11-22 17:36:26 - [TEST_STEP][PASSED] - scoring = sendRequest(findTestObject("EngineScore", ["response_searchME_kons":response_searchME_kons, "response_searchME_spouse":response_searchME_spouse])): Send request successfully

2022-11-22 17:36:26 - [MESSAGE][INFO] - HAR: D:\DMS\Engine Scoring\Reports\20221122_171227\Exclude KKB - DS\Scoring Individu - DS\20221122_171227\requests\main\417.har

2022-11-22 17:36:26 - [MESSAGE][PASSED] - Send request successfully

2022-11-22 17:36:26 - [TEST_STEP][PASSED] - verifyResponseStatusCode(scoring, 200): Verify response status code successfully

2022-11-22 17:36:26 - [MESSAGE][PASSED] - Verify response status code successfully

2022-11-22 17:36:26 - [TEST_STEP][PASSED] - response2 = scoring.getResponseText(): null

2022-11-22 17:36:26 - [TEST_STEP][PASSED] - markPassed("result service data ke : " + no): result service data ke : 209

2022-11-22 17:36:26 - [MESSAGE][PASSED] - result service data ke : 209

2022-11-22 17:36:26 - [TEST_STEP][PASSED] - logInfo($response2): {"result_konsumen":"Reguler","result_pasangan":"","Final_result":"Reguler","errorMessage":"","status":"Done"}

2022-11-22 17:36:26 - [MESSAGE][INFO] - {"result_konsumen":"Reguler","result_pasangan":"","Final_result":"Reguler","errorMessage":"","status":"Done"}

2022-11-22 17:36:26 - [TEST_STEP][FAILED] - verifyElementPropertyValue(scoring, "Final_result", final_result): Unable to verify element property value (Root cause: com.kms.katalon.core.exception.StepFailedException: Expected element property value 'Approve' is not equal with actual property value 'Reguler'
	at com.kms.katalon.core.keyword.internal.KeywordMain.stepFailed(KeywordMain.groovy:50)
	at com.kms.katalon.core.webservice.keyword.builtin.VerifyElementPropertyValueKeyword$_verifyElementPropertyValue_closure1.doCall(VerifyElementPropertyValueKeyword.groovy:56)
	at com.kms.katalon.core.webservice.keyword.builtin.VerifyElementPropertyValueKeyword$_verifyElementPropertyValue_closure1.call(VerifyElementPropertyValueKeyword.groovy)
	at com.kms.katalon.core.keyword.internal.KeywordMain.runKeyword(KeywordMain.groovy:74)
	at com.kms.katalon.core.webservice.keyword.builtin.VerifyElementPropertyValueKeyword.verifyElementPropertyValue(VerifyElementPropertyValueKeyword.groovy:48)
	at com.kms.katalon.core.webservice.keyword.builtin.VerifyElementPropertyValueKeyword.execute(VerifyElementPropertyValueKeyword.groovy:43)
	at com.kms.katalon.core.keyword.internal.KeywordExecutor.executeKeywordForPlatform(KeywordExecutor.groovy:74)
	at com.kms.katalon.core.webservice.keyword.WSBuiltInKeywords.verifyElementPropertyValue(WSBuiltInKeywords.groovy:189)
	at com.kms.katalon.core.webservice.keyword.WSBuiltInKeywords$verifyElementPropertyValue$1.call(Unknown Source)
	at Engine Scoring.run(Engine Scoring:107)
	at com.kms.katalon.core.main.ScriptEngine.run(ScriptEngine.java:194)
	at com.kms.katalon.core.main.ScriptEngine.runScriptAsRawText(ScriptEngine.java:119)
	at com.kms.katalon.core.main.TestCaseExecutor.runScript(TestCaseExecutor.java:442)
	at com.kms.katalon.core.main.TestCaseExecutor.doExecute(TestCaseExecutor.java:433)
	at com.kms.katalon.core.main.TestCaseExecutor.processExecutionPhase(TestCaseExecutor.java:412)
	at com.kms.katalon.core.main.TestCaseExecutor.accessMainPhase(TestCaseExecutor.java:404)
	at com.kms.katalon.core.main.TestCaseExecutor.execute(TestCaseExecutor.java:281)
	at com.kms.katalon.core.main.TestSuiteExecutor.accessTestCaseMainPhase(TestSuiteExecutor.java:202)
	at com.kms.katalon.core.main.TestSuiteExecutor.accessTestSuiteMainPhase(TestSuiteExecutor.java:164)
	at com.kms.katalon.core.main.TestSuiteExecutor.execute(TestSuiteExecutor.java:105)
	at com.kms.katalon.core.main.TestCaseMain.startTestSuite(TestCaseMain.java:185)
	at com.kms.katalon.core.main.TestCaseMain$startTestSuite$0.call(Unknown Source)
	at TempTestSuite1669111947346.run(TempTestSuite1669111947346.groovy:36)
)

2022-11-22 17:36:27 - [MESSAGE][FAILED] - Expected element property value 'Approve' is not equal with actual property value 'Reguler'

2022-11-22 17:36:27 - [MESSAGE][FAILED] - Unable to verify element property value (Root cause: com.kms.katalon.core.exception.StepFailedException: Expected element property value 'Approve' is not equal with actual property value 'Reguler'
	at com.kms.katalon.core.keyword.internal.KeywordMain.stepFailed(KeywordMain.groovy:50)
	at com.kms.katalon.core.webservice.keyword.builtin.VerifyElementPropertyValueKeyword$_verifyElementPropertyValue_closure1.doCall(VerifyElementPropertyValueKeyword.groovy:56)
	at com.kms.katalon.core.webservice.keyword.builtin.VerifyElementPropertyValueKeyword$_verifyElementPropertyValue_closure1.call(VerifyElementPropertyValueKeyword.groovy)
	at com.kms.katalon.core.keyword.internal.KeywordMain.runKeyword(KeywordMain.groovy:74)
	at com.kms.katalon.core.webservice.keyword.builtin.VerifyElementPropertyValueKeyword.verifyElementPropertyValue(VerifyElementPropertyValueKeyword.groovy:48)
	at com.kms.katalon.core.webservice.keyword.builtin.VerifyElementPropertyValueKeyword.execute(VerifyElementPropertyValueKeyword.groovy:43)
	at com.kms.katalon.core.keyword.internal.KeywordExecutor.executeKeywordForPlatform(KeywordExecutor.groovy:74)
	at com.kms.katalon.core.webservice.keyword.WSBuiltInKeywords.verifyElementPropertyValue(WSBuiltInKeywords.groovy:189)
	at com.kms.katalon.core.webservice.keyword.WSBuiltInKeywords$verifyElementPropertyValue$1.call(Unknown Source)
	at Engine Scoring.run(Engine Scoring:107)
	at com.kms.katalon.core.main.ScriptEngine.run(ScriptEngine.java:194)
	at com.kms.katalon.core.main.ScriptEngine.runScriptAsRawText(ScriptEngine.java:119)
	at com.kms.katalon.core.main.TestCaseExecutor.runScript(TestCaseExecutor.java:442)
	at com.kms.katalon.core.main.TestCaseExecutor.doExecute(TestCaseExecutor.java:433)
	at com.kms.katalon.core.main.TestCaseExecutor.processExecutionPhase(TestCaseExecutor.java:412)
	at com.kms.katalon.core.main.TestCaseExecutor.accessMainPhase(TestCaseExecutor.java:404)
	at com.kms.katalon.core.main.TestCaseExecutor.execute(TestCaseExecutor.java:281)
	at com.kms.katalon.core.main.TestSuiteExecutor.accessTestCaseMainPhase(TestSuiteExecutor.java:202)
	at com.kms.katalon.core.main.TestSuiteExecutor.accessTestSuiteMainPhase(TestSuiteExecutor.java:164)
	at com.kms.katalon.core.main.TestSuiteExecutor.execute(TestSuiteExecutor.java:105)
	at com.kms.katalon.core.main.TestCaseMain.startTestSuite(TestCaseMain.java:185)
	at com.kms.katalon.core.main.TestCaseMain$startTestSuite$0.call(Unknown Source)
	at TempTestSuite1669111947346.run(TempTestSuite1669111947346.groovy:36)
)]]></system-out>
         <system-err><![CDATA[2022-11-22 17:36:21 - [TEST_CASE][FAILED] - Test Cases/Engine_Scoring/Engine Scoring: Test Cases/Engine_Scoring/Engine Scoring FAILED.
Reason:
com.kms.katalon.core.exception.StepFailedException: Expected element property value 'Approve' is not equal with actual property value 'Reguler'
	at com.kms.katalon.core.keyword.internal.KeywordMain.stepFailed(KeywordMain.groovy:50)
	at com.kms.katalon.core.webservice.keyword.builtin.VerifyElementPropertyValueKeyword$_verifyElementPropertyValue_closure1.doCall(VerifyElementPropertyValueKeyword.groovy:56)
	at com.kms.katalon.core.webservice.keyword.builtin.VerifyElementPropertyValueKeyword$_verifyElementPropertyValue_closure1.call(VerifyElementPropertyValueKeyword.groovy)
	at com.kms.katalon.core.keyword.internal.KeywordMain.runKeyword(KeywordMain.groovy:74)
	at com.kms.katalon.core.webservice.keyword.builtin.VerifyElementPropertyValueKeyword.verifyElementPropertyValue(VerifyElementPropertyValueKeyword.groovy:48)
	at com.kms.katalon.core.webservice.keyword.builtin.VerifyElementPropertyValueKeyword.execute(VerifyElementPropertyValueKeyword.groovy:43)
	at com.kms.katalon.core.keyword.internal.KeywordExecutor.executeKeywordForPlatform(KeywordExecutor.groovy:74)
	at com.kms.katalon.core.webservice.keyword.WSBuiltInKeywords.verifyElementPropertyValue(WSBuiltInKeywords.groovy:189)
	at com.kms.katalon.core.webservice.keyword.WSBuiltInKeywords$verifyElementPropertyValue$1.call(Unknown Source)
	at Engine Scoring.run(Engine Scoring:107)
	at com.kms.katalon.core.main.ScriptEngine.run(ScriptEngine.java:194)
	at com.kms.katalon.core.main.ScriptEngine.runScriptAsRawText(ScriptEngine.java:119)
	at com.kms.katalon.core.main.TestCaseExecutor.runScript(TestCaseExecutor.java:442)
	at com.kms.katalon.core.main.TestCaseExecutor.doExecute(TestCaseExecutor.java:433)
	at com.kms.katalon.core.main.TestCaseExecutor.processExecutionPhase(TestCaseExecutor.java:412)
	at com.kms.katalon.core.main.TestCaseExecutor.accessMainPhase(TestCaseExecutor.java:404)
	at com.kms.katalon.core.main.TestCaseExecutor.execute(TestCaseExecutor.java:281)
	at com.kms.katalon.core.main.TestSuiteExecutor.accessTestCaseMainPhase(TestSuiteExecutor.java:202)
	at com.kms.katalon.core.main.TestSuiteExecutor.accessTestSuiteMainPhase(TestSuiteExecutor.java:164)
	at com.kms.katalon.core.main.TestSuiteExecutor.execute(TestSuiteExecutor.java:105)
	at com.kms.katalon.core.main.TestCaseMain.startTestSuite(TestCaseMain.java:185)
	at com.kms.katalon.core.main.TestCaseMain$startTestSuite$0.call(Unknown Source)
	at TempTestSuite1669111947346.run(TempTestSuite1669111947346.groovy:36)]]></system-err>
      </testcase>
      <testcase name="Test Cases/Engine_Scoring/Engine Scoring" time="27.803" classname="Test Cases/Engine_Scoring/Engine Scoring" status="FAILED">
         <failure type="FAILED" message="Test Cases/Engine_Scoring/Engine Scoring FAILED.
Reason:
com.kms.katalon.core.exception.StepFailedException: Expected element property value 'Approve' is not equal with actual property value 'Reguler'
	at com.kms.katalon.core.keyword.internal.KeywordMain.stepFailed(KeywordMain.groovy:50)
	at com.kms.katalon.core.webservice.keyword.builtin.VerifyElementPropertyValueKeyword$_verifyElementPropertyValue_closure1.doCall(VerifyElementPropertyValueKeyword.groovy:56)
	at com.kms.katalon.core.webservice.keyword.builtin.VerifyElementPropertyValueKeyword$_verifyElementPropertyValue_closure1.call(VerifyElementPropertyValueKeyword.groovy)
	at com.kms.katalon.core.keyword.internal.KeywordMain.runKeyword(KeywordMain.groovy:74)
	at com.kms.katalon.core.webservice.keyword.builtin.VerifyElementPropertyValueKeyword.verifyElementPropertyValue(VerifyElementPropertyValueKeyword.groovy:48)
	at com.kms.katalon.core.webservice.keyword.builtin.VerifyElementPropertyValueKeyword.execute(VerifyElementPropertyValueKeyword.groovy:43)
	at com.kms.katalon.core.keyword.internal.KeywordExecutor.executeKeywordForPlatform(KeywordExecutor.groovy:74)
	at com.kms.katalon.core.webservice.keyword.WSBuiltInKeywords.verifyElementPropertyValue(WSBuiltInKeywords.groovy:189)
	at com.kms.katalon.core.webservice.keyword.WSBuiltInKeywords$verifyElementPropertyValue$1.call(Unknown Source)
	at Engine Scoring.run(Engine Scoring:107)
	at com.kms.katalon.core.main.ScriptEngine.run(ScriptEngine.java:194)
	at com.kms.katalon.core.main.ScriptEngine.runScriptAsRawText(ScriptEngine.java:119)
	at com.kms.katalon.core.main.TestCaseExecutor.runScript(TestCaseExecutor.java:442)
	at com.kms.katalon.core.main.TestCaseExecutor.doExecute(TestCaseExecutor.java:433)
	at com.kms.katalon.core.main.TestCaseExecutor.processExecutionPhase(TestCaseExecutor.java:412)
	at com.kms.katalon.core.main.TestCaseExecutor.accessMainPhase(TestCaseExecutor.java:404)
	at com.kms.katalon.core.main.TestCaseExecutor.execute(TestCaseExecutor.java:281)
	at com.kms.katalon.core.main.TestSuiteExecutor.accessTestCaseMainPhase(TestSuiteExecutor.java:202)
	at com.kms.katalon.core.main.TestSuiteExecutor.accessTestSuiteMainPhase(TestSuiteExecutor.java:164)
	at com.kms.katalon.core.main.TestSuiteExecutor.execute(TestSuiteExecutor.java:105)
	at com.kms.katalon.core.main.TestCaseMain.startTestSuite(TestCaseMain.java:185)
	at com.kms.katalon.core.main.TestCaseMain$startTestSuite$0.call(Unknown Source)
	at TempTestSuite1669111947346.run(TempTestSuite1669111947346.groovy:36)
"/>
         <system-out><![CDATA[2022-11-22 17:36:27 - [TEST_CASE][FAILED] - Test Cases/Engine_Scoring/Engine Scoring: Test Cases/Engine_Scoring/Engine Scoring FAILED.
Reason:
com.kms.katalon.core.exception.StepFailedException: Expected element property value 'Approve' is not equal with actual property value 'Reguler'
	at com.kms.katalon.core.keyword.internal.KeywordMain.stepFailed(KeywordMain.groovy:50)
	at com.kms.katalon.core.webservice.keyword.builtin.VerifyElementPropertyValueKeyword$_verifyElementPropertyValue_closure1.doCall(VerifyElementPropertyValueKeyword.groovy:56)
	at com.kms.katalon.core.webservice.keyword.builtin.VerifyElementPropertyValueKeyword$_verifyElementPropertyValue_closure1.call(VerifyElementPropertyValueKeyword.groovy)
	at com.kms.katalon.core.keyword.internal.KeywordMain.runKeyword(KeywordMain.groovy:74)
	at com.kms.katalon.core.webservice.keyword.builtin.VerifyElementPropertyValueKeyword.verifyElementPropertyValue(VerifyElementPropertyValueKeyword.groovy:48)
	at com.kms.katalon.core.webservice.keyword.builtin.VerifyElementPropertyValueKeyword.execute(VerifyElementPropertyValueKeyword.groovy:43)
	at com.kms.katalon.core.keyword.internal.KeywordExecutor.executeKeywordForPlatform(KeywordExecutor.groovy:74)
	at com.kms.katalon.core.webservice.keyword.WSBuiltInKeywords.verifyElementPropertyValue(WSBuiltInKeywords.groovy:189)
	at com.kms.katalon.core.webservice.keyword.WSBuiltInKeywords$verifyElementPropertyValue$1.call(Unknown Source)
	at Engine Scoring.run(Engine Scoring:107)
	at com.kms.katalon.core.main.ScriptEngine.run(ScriptEngine.java:194)
	at com.kms.katalon.core.main.ScriptEngine.runScriptAsRawText(ScriptEngine.java:119)
	at com.kms.katalon.core.main.TestCaseExecutor.runScript(TestCaseExecutor.java:442)
	at com.kms.katalon.core.main.TestCaseExecutor.doExecute(TestCaseExecutor.java:433)
	at com.kms.katalon.core.main.TestCaseExecutor.processExecutionPhase(TestCaseExecutor.java:412)
	at com.kms.katalon.core.main.TestCaseExecutor.accessMainPhase(TestCaseExecutor.java:404)
	at com.kms.katalon.core.main.TestCaseExecutor.execute(TestCaseExecutor.java:281)
	at com.kms.katalon.core.main.TestSuiteExecutor.accessTestCaseMainPhase(TestSuiteExecutor.java:202)
	at com.kms.katalon.core.main.TestSuiteExecutor.accessTestSuiteMainPhase(TestSuiteExecutor.java:164)
	at com.kms.katalon.core.main.TestSuiteExecutor.execute(TestSuiteExecutor.java:105)
	at com.kms.katalon.core.main.TestCaseMain.startTestSuite(TestCaseMain.java:185)
	at com.kms.katalon.core.main.TestCaseMain$startTestSuite$0.call(Unknown Source)
	at TempTestSuite1669111947346.run(TempTestSuite1669111947346.groovy:36)


2022-11-22 17:36:28 - [TEST_STEP][PASSED] - markPassed("Variasi data ke : " + no): Variasi data ke : 210

2022-11-22 17:36:28 - [MESSAGE][PASSED] - Variasi data ke : 210

2022-11-22 17:36:28 - [TEST_STEP][PASSED] - req_data = sendRequest(findTestObject("Search_ME", ["MID":MID, "source":source, "ip":ip, "userid":userid, "branch":branch, "tipekons":tipekons, "marital":marital, "penjamin":penjamin, ... ])): Send request successfully

2022-11-22 17:36:30 - [MESSAGE][INFO] - HAR: D:\DMS\Engine Scoring\Reports\20221122_171227\Exclude KKB - DS\Scoring Individu - DS\20221122_171227\requests\main\418.har

2022-11-22 17:36:30 - [MESSAGE][PASSED] - Send request successfully

2022-11-22 17:36:30 - [TEST_STEP][PASSED] - slurper = new groovy.json.JsonSlurper(): null

2022-11-22 17:36:30 - [TEST_STEP][PASSED] - result = slurper.parseText(req_data.getResponseBodyContent()): null

2022-11-22 17:36:30 - [TEST_STEP][PASSED] - reqid_kons = requestid1: null

2022-11-22 17:36:30 - [TEST_STEP][PASSED] - reqid_spouse = requestid2: null

2022-11-22 17:36:30 - [TEST_STEP][PASSED] - println("requestid kons : " + reqid_kons): null

2022-11-22 17:36:30 - [TEST_STEP][PASSED] - response_searchME_kons = reqid_kons: null

2022-11-22 17:36:30 - [TEST_STEP][PASSED] - response_searchME_spouse = reqid_spouse: null

2022-11-22 17:36:30 - [TEST_STEP][PASSED] - println("kons req id is :" + response_searchME_kons): null

2022-11-22 17:36:30 - [TEST_STEP][PASSED] - println("spouse req id is : " + response_searchME_spouse): null

2022-11-22 17:36:30 - [TEST_STEP][PASSED] - verifyResponseStatusCode(req_data, 200): Verify response status code successfully

2022-11-22 17:36:30 - [MESSAGE][PASSED] - Verify response status code successfully

2022-11-22 17:36:30 - [TEST_STEP][PASSED] - response = req_data.getResponseText(): null

2022-11-22 17:36:30 - [TEST_STEP][PASSED] - logInfo($response): {"status":"Done","data":{"requestid1":"242624","requestid2":""}}

2022-11-22 17:36:30 - [MESSAGE][INFO] - {"status":"Done","data":{"requestid1":"242624","requestid2":""}}

2022-11-22 17:36:30 - [TEST_STEP][PASSED] - delay(3): Delayed 3 second(s)

2022-11-22 17:36:33 - [MESSAGE][PASSED] - Delayed 3 second(s)

2022-11-22 17:36:33 - [TEST_STEP][PASSED] - scoring = sendRequest(findTestObject("EngineScore", ["response_searchME_kons":response_searchME_kons, "response_searchME_spouse":response_searchME_spouse])): Send request successfully

2022-11-22 17:36:33 - [MESSAGE][INFO] - HAR: D:\DMS\Engine Scoring\Reports\20221122_171227\Exclude KKB - DS\Scoring Individu - DS\20221122_171227\requests\main\419.har

2022-11-22 17:36:33 - [MESSAGE][PASSED] - Send request successfully

2022-11-22 17:36:33 - [TEST_STEP][PASSED] - verifyResponseStatusCode(scoring, 200): Verify response status code successfully

2022-11-22 17:36:33 - [MESSAGE][PASSED] - Verify response status code successfully

2022-11-22 17:36:33 - [TEST_STEP][PASSED] - response2 = scoring.getResponseText(): null

2022-11-22 17:36:33 - [TEST_STEP][PASSED] - markPassed("result service data ke : " + no): result service data ke : 210

2022-11-22 17:36:33 - [MESSAGE][PASSED] - result service data ke : 210

2022-11-22 17:36:33 - [TEST_STEP][PASSED] - logInfo($response2): {"result_konsumen":"Reguler","result_pasangan":"","Final_result":"Reguler","errorMessage":"","status":"Done"}

2022-11-22 17:36:33 - [MESSAGE][INFO] - {"result_konsumen":"Reguler","result_pasangan":"","Final_result":"Reguler","errorMessage":"","status":"Done"}

2022-11-22 17:36:33 - [TEST_STEP][FAILED] - verifyElementPropertyValue(scoring, "Final_result", final_result): Unable to verify element property value (Root cause: com.kms.katalon.core.exception.StepFailedException: Expected element property value 'Approve' is not equal with actual property value 'Reguler'
	at com.kms.katalon.core.keyword.internal.KeywordMain.stepFailed(KeywordMain.groovy:50)
	at com.kms.katalon.core.webservice.keyword.builtin.VerifyElementPropertyValueKeyword$_verifyElementPropertyValue_closure1.doCall(VerifyElementPropertyValueKeyword.groovy:56)
	at com.kms.katalon.core.webservice.keyword.builtin.VerifyElementPropertyValueKeyword$_verifyElementPropertyValue_closure1.call(VerifyElementPropertyValueKeyword.groovy)
	at com.kms.katalon.core.keyword.internal.KeywordMain.runKeyword(KeywordMain.groovy:74)
	at com.kms.katalon.core.webservice.keyword.builtin.VerifyElementPropertyValueKeyword.verifyElementPropertyValue(VerifyElementPropertyValueKeyword.groovy:48)
	at com.kms.katalon.core.webservice.keyword.builtin.VerifyElementPropertyValueKeyword.execute(VerifyElementPropertyValueKeyword.groovy:43)
	at com.kms.katalon.core.keyword.internal.KeywordExecutor.executeKeywordForPlatform(KeywordExecutor.groovy:74)
	at com.kms.katalon.core.webservice.keyword.WSBuiltInKeywords.verifyElementPropertyValue(WSBuiltInKeywords.groovy:189)
	at com.kms.katalon.core.webservice.keyword.WSBuiltInKeywords$verifyElementPropertyValue$1.call(Unknown Source)
	at Engine Scoring.run(Engine Scoring:107)
	at com.kms.katalon.core.main.ScriptEngine.run(ScriptEngine.java:194)
	at com.kms.katalon.core.main.ScriptEngine.runScriptAsRawText(ScriptEngine.java:119)
	at com.kms.katalon.core.main.TestCaseExecutor.runScript(TestCaseExecutor.java:442)
	at com.kms.katalon.core.main.TestCaseExecutor.doExecute(TestCaseExecutor.java:433)
	at com.kms.katalon.core.main.TestCaseExecutor.processExecutionPhase(TestCaseExecutor.java:412)
	at com.kms.katalon.core.main.TestCaseExecutor.accessMainPhase(TestCaseExecutor.java:404)
	at com.kms.katalon.core.main.TestCaseExecutor.execute(TestCaseExecutor.java:281)
	at com.kms.katalon.core.main.TestSuiteExecutor.accessTestCaseMainPhase(TestSuiteExecutor.java:202)
	at com.kms.katalon.core.main.TestSuiteExecutor.accessTestSuiteMainPhase(TestSuiteExecutor.java:164)
	at com.kms.katalon.core.main.TestSuiteExecutor.execute(TestSuiteExecutor.java:105)
	at com.kms.katalon.core.main.TestCaseMain.startTestSuite(TestCaseMain.java:185)
	at com.kms.katalon.core.main.TestCaseMain$startTestSuite$0.call(Unknown Source)
	at TempTestSuite1669111947346.run(TempTestSuite1669111947346.groovy:36)
)

2022-11-22 17:36:33 - [MESSAGE][FAILED] - Expected element property value 'Approve' is not equal with actual property value 'Reguler'

2022-11-22 17:36:33 - [MESSAGE][FAILED] - Unable to verify element property value (Root cause: com.kms.katalon.core.exception.StepFailedException: Expected element property value 'Approve' is not equal with actual property value 'Reguler'
	at com.kms.katalon.core.keyword.internal.KeywordMain.stepFailed(KeywordMain.groovy:50)
	at com.kms.katalon.core.webservice.keyword.builtin.VerifyElementPropertyValueKeyword$_verifyElementPropertyValue_closure1.doCall(VerifyElementPropertyValueKeyword.groovy:56)
	at com.kms.katalon.core.webservice.keyword.builtin.VerifyElementPropertyValueKeyword$_verifyElementPropertyValue_closure1.call(VerifyElementPropertyValueKeyword.groovy)
	at com.kms.katalon.core.keyword.internal.KeywordMain.runKeyword(KeywordMain.groovy:74)
	at com.kms.katalon.core.webservice.keyword.builtin.VerifyElementPropertyValueKeyword.verifyElementPropertyValue(VerifyElementPropertyValueKeyword.groovy:48)
	at com.kms.katalon.core.webservice.keyword.builtin.VerifyElementPropertyValueKeyword.execute(VerifyElementPropertyValueKeyword.groovy:43)
	at com.kms.katalon.core.keyword.internal.KeywordExecutor.executeKeywordForPlatform(KeywordExecutor.groovy:74)
	at com.kms.katalon.core.webservice.keyword.WSBuiltInKeywords.verifyElementPropertyValue(WSBuiltInKeywords.groovy:189)
	at com.kms.katalon.core.webservice.keyword.WSBuiltInKeywords$verifyElementPropertyValue$1.call(Unknown Source)
	at Engine Scoring.run(Engine Scoring:107)
	at com.kms.katalon.core.main.ScriptEngine.run(ScriptEngine.java:194)
	at com.kms.katalon.core.main.ScriptEngine.runScriptAsRawText(ScriptEngine.java:119)
	at com.kms.katalon.core.main.TestCaseExecutor.runScript(TestCaseExecutor.java:442)
	at com.kms.katalon.core.main.TestCaseExecutor.doExecute(TestCaseExecutor.java:433)
	at com.kms.katalon.core.main.TestCaseExecutor.processExecutionPhase(TestCaseExecutor.java:412)
	at com.kms.katalon.core.main.TestCaseExecutor.accessMainPhase(TestCaseExecutor.java:404)
	at com.kms.katalon.core.main.TestCaseExecutor.execute(TestCaseExecutor.java:281)
	at com.kms.katalon.core.main.TestSuiteExecutor.accessTestCaseMainPhase(TestSuiteExecutor.java:202)
	at com.kms.katalon.core.main.TestSuiteExecutor.accessTestSuiteMainPhase(TestSuiteExecutor.java:164)
	at com.kms.katalon.core.main.TestSuiteExecutor.execute(TestSuiteExecutor.java:105)
	at com.kms.katalon.core.main.TestCaseMain.startTestSuite(TestCaseMain.java:185)
	at com.kms.katalon.core.main.TestCaseMain$startTestSuite$0.call(Unknown Source)
	at TempTestSuite1669111947346.run(TempTestSuite1669111947346.groovy:36)
)]]></system-out>
         <system-err><![CDATA[2022-11-22 17:36:27 - [TEST_CASE][FAILED] - Test Cases/Engine_Scoring/Engine Scoring: Test Cases/Engine_Scoring/Engine Scoring FAILED.
Reason:
com.kms.katalon.core.exception.StepFailedException: Expected element property value 'Approve' is not equal with actual property value 'Reguler'
	at com.kms.katalon.core.keyword.internal.KeywordMain.stepFailed(KeywordMain.groovy:50)
	at com.kms.katalon.core.webservice.keyword.builtin.VerifyElementPropertyValueKeyword$_verifyElementPropertyValue_closure1.doCall(VerifyElementPropertyValueKeyword.groovy:56)
	at com.kms.katalon.core.webservice.keyword.builtin.VerifyElementPropertyValueKeyword$_verifyElementPropertyValue_closure1.call(VerifyElementPropertyValueKeyword.groovy)
	at com.kms.katalon.core.keyword.internal.KeywordMain.runKeyword(KeywordMain.groovy:74)
	at com.kms.katalon.core.webservice.keyword.builtin.VerifyElementPropertyValueKeyword.verifyElementPropertyValue(VerifyElementPropertyValueKeyword.groovy:48)
	at com.kms.katalon.core.webservice.keyword.builtin.VerifyElementPropertyValueKeyword.execute(VerifyElementPropertyValueKeyword.groovy:43)
	at com.kms.katalon.core.keyword.internal.KeywordExecutor.executeKeywordForPlatform(KeywordExecutor.groovy:74)
	at com.kms.katalon.core.webservice.keyword.WSBuiltInKeywords.verifyElementPropertyValue(WSBuiltInKeywords.groovy:189)
	at com.kms.katalon.core.webservice.keyword.WSBuiltInKeywords$verifyElementPropertyValue$1.call(Unknown Source)
	at Engine Scoring.run(Engine Scoring:107)
	at com.kms.katalon.core.main.ScriptEngine.run(ScriptEngine.java:194)
	at com.kms.katalon.core.main.ScriptEngine.runScriptAsRawText(ScriptEngine.java:119)
	at com.kms.katalon.core.main.TestCaseExecutor.runScript(TestCaseExecutor.java:442)
	at com.kms.katalon.core.main.TestCaseExecutor.doExecute(TestCaseExecutor.java:433)
	at com.kms.katalon.core.main.TestCaseExecutor.processExecutionPhase(TestCaseExecutor.java:412)
	at com.kms.katalon.core.main.TestCaseExecutor.accessMainPhase(TestCaseExecutor.java:404)
	at com.kms.katalon.core.main.TestCaseExecutor.execute(TestCaseExecutor.java:281)
	at com.kms.katalon.core.main.TestSuiteExecutor.accessTestCaseMainPhase(TestSuiteExecutor.java:202)
	at com.kms.katalon.core.main.TestSuiteExecutor.accessTestSuiteMainPhase(TestSuiteExecutor.java:164)
	at com.kms.katalon.core.main.TestSuiteExecutor.execute(TestSuiteExecutor.java:105)
	at com.kms.katalon.core.main.TestCaseMain.startTestSuite(TestCaseMain.java:185)
	at com.kms.katalon.core.main.TestCaseMain$startTestSuite$0.call(Unknown Source)
	at TempTestSuite1669111947346.run(TempTestSuite1669111947346.groovy:36)]]></system-err>
      </testcase>
      <testcase name="Test Cases/Engine_Scoring/Engine Scoring" time="9.068" classname="Test Cases/Engine_Scoring/Engine Scoring" status="FAILED">
         <failure type="FAILED" message="Test Cases/Engine_Scoring/Engine Scoring FAILED.
Reason:
com.kms.katalon.core.exception.StepFailedException: Expected element property value 'Approve' is not equal with actual property value 'Reguler'
	at com.kms.katalon.core.keyword.internal.KeywordMain.stepFailed(KeywordMain.groovy:50)
	at com.kms.katalon.core.webservice.keyword.builtin.VerifyElementPropertyValueKeyword$_verifyElementPropertyValue_closure1.doCall(VerifyElementPropertyValueKeyword.groovy:56)
	at com.kms.katalon.core.webservice.keyword.builtin.VerifyElementPropertyValueKeyword$_verifyElementPropertyValue_closure1.call(VerifyElementPropertyValueKeyword.groovy)
	at com.kms.katalon.core.keyword.internal.KeywordMain.runKeyword(KeywordMain.groovy:74)
	at com.kms.katalon.core.webservice.keyword.builtin.VerifyElementPropertyValueKeyword.verifyElementPropertyValue(VerifyElementPropertyValueKeyword.groovy:48)
	at com.kms.katalon.core.webservice.keyword.builtin.VerifyElementPropertyValueKeyword.execute(VerifyElementPropertyValueKeyword.groovy:43)
	at com.kms.katalon.core.keyword.internal.KeywordExecutor.executeKeywordForPlatform(KeywordExecutor.groovy:74)
	at com.kms.katalon.core.webservice.keyword.WSBuiltInKeywords.verifyElementPropertyValue(WSBuiltInKeywords.groovy:189)
	at com.kms.katalon.core.webservice.keyword.WSBuiltInKeywords$verifyElementPropertyValue$1.call(Unknown Source)
	at Engine Scoring.run(Engine Scoring:107)
	at com.kms.katalon.core.main.ScriptEngine.run(ScriptEngine.java:194)
	at com.kms.katalon.core.main.ScriptEngine.runScriptAsRawText(ScriptEngine.java:119)
	at com.kms.katalon.core.main.TestCaseExecutor.runScript(TestCaseExecutor.java:442)
	at com.kms.katalon.core.main.TestCaseExecutor.doExecute(TestCaseExecutor.java:433)
	at com.kms.katalon.core.main.TestCaseExecutor.processExecutionPhase(TestCaseExecutor.java:412)
	at com.kms.katalon.core.main.TestCaseExecutor.accessMainPhase(TestCaseExecutor.java:404)
	at com.kms.katalon.core.main.TestCaseExecutor.execute(TestCaseExecutor.java:281)
	at com.kms.katalon.core.main.TestSuiteExecutor.accessTestCaseMainPhase(TestSuiteExecutor.java:202)
	at com.kms.katalon.core.main.TestSuiteExecutor.accessTestSuiteMainPhase(TestSuiteExecutor.java:164)
	at com.kms.katalon.core.main.TestSuiteExecutor.execute(TestSuiteExecutor.java:105)
	at com.kms.katalon.core.main.TestCaseMain.startTestSuite(TestCaseMain.java:185)
	at com.kms.katalon.core.main.TestCaseMain$startTestSuite$0.call(Unknown Source)
	at TempTestSuite1669111947346.run(TempTestSuite1669111947346.groovy:36)
"/>
         <system-out><![CDATA[2022-11-22 17:36:54 - [TEST_CASE][FAILED] - Test Cases/Engine_Scoring/Engine Scoring: Test Cases/Engine_Scoring/Engine Scoring FAILED.
Reason:
com.kms.katalon.core.exception.StepFailedException: Expected element property value 'Approve' is not equal with actual property value 'Reguler'
	at com.kms.katalon.core.keyword.internal.KeywordMain.stepFailed(KeywordMain.groovy:50)
	at com.kms.katalon.core.webservice.keyword.builtin.VerifyElementPropertyValueKeyword$_verifyElementPropertyValue_closure1.doCall(VerifyElementPropertyValueKeyword.groovy:56)
	at com.kms.katalon.core.webservice.keyword.builtin.VerifyElementPropertyValueKeyword$_verifyElementPropertyValue_closure1.call(VerifyElementPropertyValueKeyword.groovy)
	at com.kms.katalon.core.keyword.internal.KeywordMain.runKeyword(KeywordMain.groovy:74)
	at com.kms.katalon.core.webservice.keyword.builtin.VerifyElementPropertyValueKeyword.verifyElementPropertyValue(VerifyElementPropertyValueKeyword.groovy:48)
	at com.kms.katalon.core.webservice.keyword.builtin.VerifyElementPropertyValueKeyword.execute(VerifyElementPropertyValueKeyword.groovy:43)
	at com.kms.katalon.core.keyword.internal.KeywordExecutor.executeKeywordForPlatform(KeywordExecutor.groovy:74)
	at com.kms.katalon.core.webservice.keyword.WSBuiltInKeywords.verifyElementPropertyValue(WSBuiltInKeywords.groovy:189)
	at com.kms.katalon.core.webservice.keyword.WSBuiltInKeywords$verifyElementPropertyValue$1.call(Unknown Source)
	at Engine Scoring.run(Engine Scoring:107)
	at com.kms.katalon.core.main.ScriptEngine.run(ScriptEngine.java:194)
	at com.kms.katalon.core.main.ScriptEngine.runScriptAsRawText(ScriptEngine.java:119)
	at com.kms.katalon.core.main.TestCaseExecutor.runScript(TestCaseExecutor.java:442)
	at com.kms.katalon.core.main.TestCaseExecutor.doExecute(TestCaseExecutor.java:433)
	at com.kms.katalon.core.main.TestCaseExecutor.processExecutionPhase(TestCaseExecutor.java:412)
	at com.kms.katalon.core.main.TestCaseExecutor.accessMainPhase(TestCaseExecutor.java:404)
	at com.kms.katalon.core.main.TestCaseExecutor.execute(TestCaseExecutor.java:281)
	at com.kms.katalon.core.main.TestSuiteExecutor.accessTestCaseMainPhase(TestSuiteExecutor.java:202)
	at com.kms.katalon.core.main.TestSuiteExecutor.accessTestSuiteMainPhase(TestSuiteExecutor.java:164)
	at com.kms.katalon.core.main.TestSuiteExecutor.execute(TestSuiteExecutor.java:105)
	at com.kms.katalon.core.main.TestCaseMain.startTestSuite(TestCaseMain.java:185)
	at com.kms.katalon.core.main.TestCaseMain$startTestSuite$0.call(Unknown Source)
	at TempTestSuite1669111947346.run(TempTestSuite1669111947346.groovy:36)


2022-11-22 17:36:59 - [TEST_STEP][PASSED] - markPassed("Variasi data ke : " + no): Variasi data ke : 211

2022-11-22 17:36:59 - [MESSAGE][PASSED] - Variasi data ke : 211

2022-11-22 17:36:59 - [TEST_STEP][PASSED] - req_data = sendRequest(findTestObject("Search_ME", ["MID":MID, "source":source, "ip":ip, "userid":userid, "branch":branch, "tipekons":tipekons, "marital":marital, "penjamin":penjamin, ... ])): Send request successfully

2022-11-22 17:37:00 - [MESSAGE][INFO] - HAR: D:\DMS\Engine Scoring\Reports\20221122_171227\Exclude KKB - DS\Scoring Individu - DS\20221122_171227\requests\main\420.har

2022-11-22 17:37:00 - [MESSAGE][PASSED] - Send request successfully

2022-11-22 17:37:00 - [TEST_STEP][PASSED] - slurper = new groovy.json.JsonSlurper(): null

2022-11-22 17:37:00 - [TEST_STEP][PASSED] - result = slurper.parseText(req_data.getResponseBodyContent()): null

2022-11-22 17:37:00 - [TEST_STEP][PASSED] - reqid_kons = requestid1: null

2022-11-22 17:37:00 - [TEST_STEP][PASSED] - reqid_spouse = requestid2: null

2022-11-22 17:37:00 - [TEST_STEP][PASSED] - println("requestid kons : " + reqid_kons): null

2022-11-22 17:37:00 - [TEST_STEP][PASSED] - response_searchME_kons = reqid_kons: null

2022-11-22 17:37:00 - [TEST_STEP][PASSED] - response_searchME_spouse = reqid_spouse: null

2022-11-22 17:37:00 - [TEST_STEP][PASSED] - println("kons req id is :" + response_searchME_kons): null

2022-11-22 17:37:00 - [TEST_STEP][PASSED] - println("spouse req id is : " + response_searchME_spouse): null

2022-11-22 17:37:00 - [TEST_STEP][PASSED] - verifyResponseStatusCode(req_data, 200): Verify response status code successfully

2022-11-22 17:37:00 - [MESSAGE][PASSED] - Verify response status code successfully

2022-11-22 17:37:00 - [TEST_STEP][PASSED] - response = req_data.getResponseText(): null

2022-11-22 17:37:00 - [TEST_STEP][PASSED] - logInfo($response): {"status":"Done","data":{"requestid1":"242625","requestid2":""}}

2022-11-22 17:37:00 - [MESSAGE][INFO] - {"status":"Done","data":{"requestid1":"242625","requestid2":""}}

2022-11-22 17:37:00 - [TEST_STEP][PASSED] - delay(3): Delayed 3 second(s)

2022-11-22 17:37:03 - [MESSAGE][PASSED] - Delayed 3 second(s)

2022-11-22 17:37:03 - [TEST_STEP][PASSED] - scoring = sendRequest(findTestObject("EngineScore", ["response_searchME_kons":response_searchME_kons, "response_searchME_spouse":response_searchME_spouse])): Send request successfully

2022-11-22 17:37:03 - [MESSAGE][INFO] - HAR: D:\DMS\Engine Scoring\Reports\20221122_171227\Exclude KKB - DS\Scoring Individu - DS\20221122_171227\requests\main\421.har

2022-11-22 17:37:03 - [MESSAGE][PASSED] - Send request successfully

2022-11-22 17:37:03 - [TEST_STEP][PASSED] - verifyResponseStatusCode(scoring, 200): Verify response status code successfully

2022-11-22 17:37:03 - [MESSAGE][PASSED] - Verify response status code successfully

2022-11-22 17:37:03 - [TEST_STEP][PASSED] - response2 = scoring.getResponseText(): null

2022-11-22 17:37:03 - [TEST_STEP][PASSED] - markPassed("result service data ke : " + no): result service data ke : 211

2022-11-22 17:37:03 - [MESSAGE][PASSED] - result service data ke : 211

2022-11-22 17:37:03 - [TEST_STEP][PASSED] - logInfo($response2): {"result_konsumen":"Reguler","result_pasangan":"","Final_result":"Reguler","errorMessage":"","status":"Done"}

2022-11-22 17:37:03 - [MESSAGE][INFO] - {"result_konsumen":"Reguler","result_pasangan":"","Final_result":"Reguler","errorMessage":"","status":"Done"}

2022-11-22 17:37:03 - [TEST_STEP][FAILED] - verifyElementPropertyValue(scoring, "Final_result", final_result): Unable to verify element property value (Root cause: com.kms.katalon.core.exception.StepFailedException: Expected element property value 'Approve' is not equal with actual property value 'Reguler'
	at com.kms.katalon.core.keyword.internal.KeywordMain.stepFailed(KeywordMain.groovy:50)
	at com.kms.katalon.core.webservice.keyword.builtin.VerifyElementPropertyValueKeyword$_verifyElementPropertyValue_closure1.doCall(VerifyElementPropertyValueKeyword.groovy:56)
	at com.kms.katalon.core.webservice.keyword.builtin.VerifyElementPropertyValueKeyword$_verifyElementPropertyValue_closure1.call(VerifyElementPropertyValueKeyword.groovy)
	at com.kms.katalon.core.keyword.internal.KeywordMain.runKeyword(KeywordMain.groovy:74)
	at com.kms.katalon.core.webservice.keyword.builtin.VerifyElementPropertyValueKeyword.verifyElementPropertyValue(VerifyElementPropertyValueKeyword.groovy:48)
	at com.kms.katalon.core.webservice.keyword.builtin.VerifyElementPropertyValueKeyword.execute(VerifyElementPropertyValueKeyword.groovy:43)
	at com.kms.katalon.core.keyword.internal.KeywordExecutor.executeKeywordForPlatform(KeywordExecutor.groovy:74)
	at com.kms.katalon.core.webservice.keyword.WSBuiltInKeywords.verifyElementPropertyValue(WSBuiltInKeywords.groovy:189)
	at com.kms.katalon.core.webservice.keyword.WSBuiltInKeywords$verifyElementPropertyValue$1.call(Unknown Source)
	at Engine Scoring.run(Engine Scoring:107)
	at com.kms.katalon.core.main.ScriptEngine.run(ScriptEngine.java:194)
	at com.kms.katalon.core.main.ScriptEngine.runScriptAsRawText(ScriptEngine.java:119)
	at com.kms.katalon.core.main.TestCaseExecutor.runScript(TestCaseExecutor.java:442)
	at com.kms.katalon.core.main.TestCaseExecutor.doExecute(TestCaseExecutor.java:433)
	at com.kms.katalon.core.main.TestCaseExecutor.processExecutionPhase(TestCaseExecutor.java:412)
	at com.kms.katalon.core.main.TestCaseExecutor.accessMainPhase(TestCaseExecutor.java:404)
	at com.kms.katalon.core.main.TestCaseExecutor.execute(TestCaseExecutor.java:281)
	at com.kms.katalon.core.main.TestSuiteExecutor.accessTestCaseMainPhase(TestSuiteExecutor.java:202)
	at com.kms.katalon.core.main.TestSuiteExecutor.accessTestSuiteMainPhase(TestSuiteExecutor.java:164)
	at com.kms.katalon.core.main.TestSuiteExecutor.execute(TestSuiteExecutor.java:105)
	at com.kms.katalon.core.main.TestCaseMain.startTestSuite(TestCaseMain.java:185)
	at com.kms.katalon.core.main.TestCaseMain$startTestSuite$0.call(Unknown Source)
	at TempTestSuite1669111947346.run(TempTestSuite1669111947346.groovy:36)
)

2022-11-22 17:37:04 - [MESSAGE][FAILED] - Expected element property value 'Approve' is not equal with actual property value 'Reguler'

2022-11-22 17:37:04 - [MESSAGE][FAILED] - Unable to verify element property value (Root cause: com.kms.katalon.core.exception.StepFailedException: Expected element property value 'Approve' is not equal with actual property value 'Reguler'
	at com.kms.katalon.core.keyword.internal.KeywordMain.stepFailed(KeywordMain.groovy:50)
	at com.kms.katalon.core.webservice.keyword.builtin.VerifyElementPropertyValueKeyword$_verifyElementPropertyValue_closure1.doCall(VerifyElementPropertyValueKeyword.groovy:56)
	at com.kms.katalon.core.webservice.keyword.builtin.VerifyElementPropertyValueKeyword$_verifyElementPropertyValue_closure1.call(VerifyElementPropertyValueKeyword.groovy)
	at com.kms.katalon.core.keyword.internal.KeywordMain.runKeyword(KeywordMain.groovy:74)
	at com.kms.katalon.core.webservice.keyword.builtin.VerifyElementPropertyValueKeyword.verifyElementPropertyValue(VerifyElementPropertyValueKeyword.groovy:48)
	at com.kms.katalon.core.webservice.keyword.builtin.VerifyElementPropertyValueKeyword.execute(VerifyElementPropertyValueKeyword.groovy:43)
	at com.kms.katalon.core.keyword.internal.KeywordExecutor.executeKeywordForPlatform(KeywordExecutor.groovy:74)
	at com.kms.katalon.core.webservice.keyword.WSBuiltInKeywords.verifyElementPropertyValue(WSBuiltInKeywords.groovy:189)
	at com.kms.katalon.core.webservice.keyword.WSBuiltInKeywords$verifyElementPropertyValue$1.call(Unknown Source)
	at Engine Scoring.run(Engine Scoring:107)
	at com.kms.katalon.core.main.ScriptEngine.run(ScriptEngine.java:194)
	at com.kms.katalon.core.main.ScriptEngine.runScriptAsRawText(ScriptEngine.java:119)
	at com.kms.katalon.core.main.TestCaseExecutor.runScript(TestCaseExecutor.java:442)
	at com.kms.katalon.core.main.TestCaseExecutor.doExecute(TestCaseExecutor.java:433)
	at com.kms.katalon.core.main.TestCaseExecutor.processExecutionPhase(TestCaseExecutor.java:412)
	at com.kms.katalon.core.main.TestCaseExecutor.accessMainPhase(TestCaseExecutor.java:404)
	at com.kms.katalon.core.main.TestCaseExecutor.execute(TestCaseExecutor.java:281)
	at com.kms.katalon.core.main.TestSuiteExecutor.accessTestCaseMainPhase(TestSuiteExecutor.java:202)
	at com.kms.katalon.core.main.TestSuiteExecutor.accessTestSuiteMainPhase(TestSuiteExecutor.java:164)
	at com.kms.katalon.core.main.TestSuiteExecutor.execute(TestSuiteExecutor.java:105)
	at com.kms.katalon.core.main.TestCaseMain.startTestSuite(TestCaseMain.java:185)
	at com.kms.katalon.core.main.TestCaseMain$startTestSuite$0.call(Unknown Source)
	at TempTestSuite1669111947346.run(TempTestSuite1669111947346.groovy:36)
)]]></system-out>
         <system-err><![CDATA[2022-11-22 17:36:54 - [TEST_CASE][FAILED] - Test Cases/Engine_Scoring/Engine Scoring: Test Cases/Engine_Scoring/Engine Scoring FAILED.
Reason:
com.kms.katalon.core.exception.StepFailedException: Expected element property value 'Approve' is not equal with actual property value 'Reguler'
	at com.kms.katalon.core.keyword.internal.KeywordMain.stepFailed(KeywordMain.groovy:50)
	at com.kms.katalon.core.webservice.keyword.builtin.VerifyElementPropertyValueKeyword$_verifyElementPropertyValue_closure1.doCall(VerifyElementPropertyValueKeyword.groovy:56)
	at com.kms.katalon.core.webservice.keyword.builtin.VerifyElementPropertyValueKeyword$_verifyElementPropertyValue_closure1.call(VerifyElementPropertyValueKeyword.groovy)
	at com.kms.katalon.core.keyword.internal.KeywordMain.runKeyword(KeywordMain.groovy:74)
	at com.kms.katalon.core.webservice.keyword.builtin.VerifyElementPropertyValueKeyword.verifyElementPropertyValue(VerifyElementPropertyValueKeyword.groovy:48)
	at com.kms.katalon.core.webservice.keyword.builtin.VerifyElementPropertyValueKeyword.execute(VerifyElementPropertyValueKeyword.groovy:43)
	at com.kms.katalon.core.keyword.internal.KeywordExecutor.executeKeywordForPlatform(KeywordExecutor.groovy:74)
	at com.kms.katalon.core.webservice.keyword.WSBuiltInKeywords.verifyElementPropertyValue(WSBuiltInKeywords.groovy:189)
	at com.kms.katalon.core.webservice.keyword.WSBuiltInKeywords$verifyElementPropertyValue$1.call(Unknown Source)
	at Engine Scoring.run(Engine Scoring:107)
	at com.kms.katalon.core.main.ScriptEngine.run(ScriptEngine.java:194)
	at com.kms.katalon.core.main.ScriptEngine.runScriptAsRawText(ScriptEngine.java:119)
	at com.kms.katalon.core.main.TestCaseExecutor.runScript(TestCaseExecutor.java:442)
	at com.kms.katalon.core.main.TestCaseExecutor.doExecute(TestCaseExecutor.java:433)
	at com.kms.katalon.core.main.TestCaseExecutor.processExecutionPhase(TestCaseExecutor.java:412)
	at com.kms.katalon.core.main.TestCaseExecutor.accessMainPhase(TestCaseExecutor.java:404)
	at com.kms.katalon.core.main.TestCaseExecutor.execute(TestCaseExecutor.java:281)
	at com.kms.katalon.core.main.TestSuiteExecutor.accessTestCaseMainPhase(TestSuiteExecutor.java:202)
	at com.kms.katalon.core.main.TestSuiteExecutor.accessTestSuiteMainPhase(TestSuiteExecutor.java:164)
	at com.kms.katalon.core.main.TestSuiteExecutor.execute(TestSuiteExecutor.java:105)
	at com.kms.katalon.core.main.TestCaseMain.startTestSuite(TestCaseMain.java:185)
	at com.kms.katalon.core.main.TestCaseMain$startTestSuite$0.call(Unknown Source)
	at TempTestSuite1669111947346.run(TempTestSuite1669111947346.groovy:36)]]></system-err>
      </testcase>
      <testcase name="Test Cases/Engine_Scoring/Engine Scoring" time="6.036" classname="Test Cases/Engine_Scoring/Engine Scoring" status="FAILED">
         <failure type="FAILED" message="Test Cases/Engine_Scoring/Engine Scoring FAILED.
Reason:
com.kms.katalon.core.exception.StepFailedException: Expected element property value 'Approve' is not equal with actual property value 'Reguler'
	at com.kms.katalon.core.keyword.internal.KeywordMain.stepFailed(KeywordMain.groovy:50)
	at com.kms.katalon.core.webservice.keyword.builtin.VerifyElementPropertyValueKeyword$_verifyElementPropertyValue_closure1.doCall(VerifyElementPropertyValueKeyword.groovy:56)
	at com.kms.katalon.core.webservice.keyword.builtin.VerifyElementPropertyValueKeyword$_verifyElementPropertyValue_closure1.call(VerifyElementPropertyValueKeyword.groovy)
	at com.kms.katalon.core.keyword.internal.KeywordMain.runKeyword(KeywordMain.groovy:74)
	at com.kms.katalon.core.webservice.keyword.builtin.VerifyElementPropertyValueKeyword.verifyElementPropertyValue(VerifyElementPropertyValueKeyword.groovy:48)
	at com.kms.katalon.core.webservice.keyword.builtin.VerifyElementPropertyValueKeyword.execute(VerifyElementPropertyValueKeyword.groovy:43)
	at com.kms.katalon.core.keyword.internal.KeywordExecutor.executeKeywordForPlatform(KeywordExecutor.groovy:74)
	at com.kms.katalon.core.webservice.keyword.WSBuiltInKeywords.verifyElementPropertyValue(WSBuiltInKeywords.groovy:189)
	at com.kms.katalon.core.webservice.keyword.WSBuiltInKeywords$verifyElementPropertyValue$1.call(Unknown Source)
	at Engine Scoring.run(Engine Scoring:107)
	at com.kms.katalon.core.main.ScriptEngine.run(ScriptEngine.java:194)
	at com.kms.katalon.core.main.ScriptEngine.runScriptAsRawText(ScriptEngine.java:119)
	at com.kms.katalon.core.main.TestCaseExecutor.runScript(TestCaseExecutor.java:442)
	at com.kms.katalon.core.main.TestCaseExecutor.doExecute(TestCaseExecutor.java:433)
	at com.kms.katalon.core.main.TestCaseExecutor.processExecutionPhase(TestCaseExecutor.java:412)
	at com.kms.katalon.core.main.TestCaseExecutor.accessMainPhase(TestCaseExecutor.java:404)
	at com.kms.katalon.core.main.TestCaseExecutor.execute(TestCaseExecutor.java:281)
	at com.kms.katalon.core.main.TestSuiteExecutor.accessTestCaseMainPhase(TestSuiteExecutor.java:202)
	at com.kms.katalon.core.main.TestSuiteExecutor.accessTestSuiteMainPhase(TestSuiteExecutor.java:164)
	at com.kms.katalon.core.main.TestSuiteExecutor.execute(TestSuiteExecutor.java:105)
	at com.kms.katalon.core.main.TestCaseMain.startTestSuite(TestCaseMain.java:185)
	at com.kms.katalon.core.main.TestCaseMain$startTestSuite$0.call(Unknown Source)
	at TempTestSuite1669111947346.run(TempTestSuite1669111947346.groovy:36)
"/>
         <system-out><![CDATA[2022-11-22 17:37:04 - [TEST_CASE][FAILED] - Test Cases/Engine_Scoring/Engine Scoring: Test Cases/Engine_Scoring/Engine Scoring FAILED.
Reason:
com.kms.katalon.core.exception.StepFailedException: Expected element property value 'Approve' is not equal with actual property value 'Reguler'
	at com.kms.katalon.core.keyword.internal.KeywordMain.stepFailed(KeywordMain.groovy:50)
	at com.kms.katalon.core.webservice.keyword.builtin.VerifyElementPropertyValueKeyword$_verifyElementPropertyValue_closure1.doCall(VerifyElementPropertyValueKeyword.groovy:56)
	at com.kms.katalon.core.webservice.keyword.builtin.VerifyElementPropertyValueKeyword$_verifyElementPropertyValue_closure1.call(VerifyElementPropertyValueKeyword.groovy)
	at com.kms.katalon.core.keyword.internal.KeywordMain.runKeyword(KeywordMain.groovy:74)
	at com.kms.katalon.core.webservice.keyword.builtin.VerifyElementPropertyValueKeyword.verifyElementPropertyValue(VerifyElementPropertyValueKeyword.groovy:48)
	at com.kms.katalon.core.webservice.keyword.builtin.VerifyElementPropertyValueKeyword.execute(VerifyElementPropertyValueKeyword.groovy:43)
	at com.kms.katalon.core.keyword.internal.KeywordExecutor.executeKeywordForPlatform(KeywordExecutor.groovy:74)
	at com.kms.katalon.core.webservice.keyword.WSBuiltInKeywords.verifyElementPropertyValue(WSBuiltInKeywords.groovy:189)
	at com.kms.katalon.core.webservice.keyword.WSBuiltInKeywords$verifyElementPropertyValue$1.call(Unknown Source)
	at Engine Scoring.run(Engine Scoring:107)
	at com.kms.katalon.core.main.ScriptEngine.run(ScriptEngine.java:194)
	at com.kms.katalon.core.main.ScriptEngine.runScriptAsRawText(ScriptEngine.java:119)
	at com.kms.katalon.core.main.TestCaseExecutor.runScript(TestCaseExecutor.java:442)
	at com.kms.katalon.core.main.TestCaseExecutor.doExecute(TestCaseExecutor.java:433)
	at com.kms.katalon.core.main.TestCaseExecutor.processExecutionPhase(TestCaseExecutor.java:412)
	at com.kms.katalon.core.main.TestCaseExecutor.accessMainPhase(TestCaseExecutor.java:404)
	at com.kms.katalon.core.main.TestCaseExecutor.execute(TestCaseExecutor.java:281)
	at com.kms.katalon.core.main.TestSuiteExecutor.accessTestCaseMainPhase(TestSuiteExecutor.java:202)
	at com.kms.katalon.core.main.TestSuiteExecutor.accessTestSuiteMainPhase(TestSuiteExecutor.java:164)
	at com.kms.katalon.core.main.TestSuiteExecutor.execute(TestSuiteExecutor.java:105)
	at com.kms.katalon.core.main.TestCaseMain.startTestSuite(TestCaseMain.java:185)
	at com.kms.katalon.core.main.TestCaseMain$startTestSuite$0.call(Unknown Source)
	at TempTestSuite1669111947346.run(TempTestSuite1669111947346.groovy:36)


2022-11-22 17:37:05 - [TEST_STEP][PASSED] - markPassed("Variasi data ke : " + no): Variasi data ke : 212

2022-11-22 17:37:05 - [MESSAGE][PASSED] - Variasi data ke : 212

2022-11-22 17:37:05 - [TEST_STEP][PASSED] - req_data = sendRequest(findTestObject("Search_ME", ["MID":MID, "source":source, "ip":ip, "userid":userid, "branch":branch, "tipekons":tipekons, "marital":marital, "penjamin":penjamin, ... ])): Send request successfully

2022-11-22 17:37:06 - [MESSAGE][INFO] - HAR: D:\DMS\Engine Scoring\Reports\20221122_171227\Exclude KKB - DS\Scoring Individu - DS\20221122_171227\requests\main\422.har

2022-11-22 17:37:06 - [MESSAGE][PASSED] - Send request successfully

2022-11-22 17:37:06 - [TEST_STEP][PASSED] - slurper = new groovy.json.JsonSlurper(): null

2022-11-22 17:37:06 - [TEST_STEP][PASSED] - result = slurper.parseText(req_data.getResponseBodyContent()): null

2022-11-22 17:37:06 - [TEST_STEP][PASSED] - reqid_kons = requestid1: null

2022-11-22 17:37:06 - [TEST_STEP][PASSED] - reqid_spouse = requestid2: null

2022-11-22 17:37:06 - [TEST_STEP][PASSED] - println("requestid kons : " + reqid_kons): null

2022-11-22 17:37:06 - [TEST_STEP][PASSED] - response_searchME_kons = reqid_kons: null

2022-11-22 17:37:06 - [TEST_STEP][PASSED] - response_searchME_spouse = reqid_spouse: null

2022-11-22 17:37:06 - [TEST_STEP][PASSED] - println("kons req id is :" + response_searchME_kons): null

2022-11-22 17:37:06 - [TEST_STEP][PASSED] - println("spouse req id is : " + response_searchME_spouse): null

2022-11-22 17:37:06 - [TEST_STEP][PASSED] - verifyResponseStatusCode(req_data, 200): Verify response status code successfully

2022-11-22 17:37:06 - [MESSAGE][PASSED] - Verify response status code successfully

2022-11-22 17:37:06 - [TEST_STEP][PASSED] - response = req_data.getResponseText(): null

2022-11-22 17:37:06 - [TEST_STEP][PASSED] - logInfo($response): {"status":"Done","data":{"requestid1":"242626","requestid2":""}}

2022-11-22 17:37:06 - [MESSAGE][INFO] - {"status":"Done","data":{"requestid1":"242626","requestid2":""}}

2022-11-22 17:37:06 - [TEST_STEP][PASSED] - delay(3): Delayed 3 second(s)

2022-11-22 17:37:09 - [MESSAGE][PASSED] - Delayed 3 second(s)

2022-11-22 17:37:09 - [TEST_STEP][PASSED] - scoring = sendRequest(findTestObject("EngineScore", ["response_searchME_kons":response_searchME_kons, "response_searchME_spouse":response_searchME_spouse])): Send request successfully

2022-11-22 17:37:10 - [MESSAGE][INFO] - HAR: D:\DMS\Engine Scoring\Reports\20221122_171227\Exclude KKB - DS\Scoring Individu - DS\20221122_171227\requests\main\423.har

2022-11-22 17:37:10 - [MESSAGE][PASSED] - Send request successfully

2022-11-22 17:37:10 - [TEST_STEP][PASSED] - verifyResponseStatusCode(scoring, 200): Verify response status code successfully

2022-11-22 17:37:10 - [MESSAGE][PASSED] - Verify response status code successfully

2022-11-22 17:37:10 - [TEST_STEP][PASSED] - response2 = scoring.getResponseText(): null

2022-11-22 17:37:10 - [TEST_STEP][PASSED] - markPassed("result service data ke : " + no): result service data ke : 212

2022-11-22 17:37:10 - [MESSAGE][PASSED] - result service data ke : 212

2022-11-22 17:37:10 - [TEST_STEP][PASSED] - logInfo($response2): {"result_konsumen":"Reguler","result_pasangan":"","Final_result":"Reguler","errorMessage":"","status":"Done"}

2022-11-22 17:37:10 - [MESSAGE][INFO] - {"result_konsumen":"Reguler","result_pasangan":"","Final_result":"Reguler","errorMessage":"","status":"Done"}

2022-11-22 17:37:10 - [TEST_STEP][FAILED] - verifyElementPropertyValue(scoring, "Final_result", final_result): Unable to verify element property value (Root cause: com.kms.katalon.core.exception.StepFailedException: Expected element property value 'Approve' is not equal with actual property value 'Reguler'
	at com.kms.katalon.core.keyword.internal.KeywordMain.stepFailed(KeywordMain.groovy:50)
	at com.kms.katalon.core.webservice.keyword.builtin.VerifyElementPropertyValueKeyword$_verifyElementPropertyValue_closure1.doCall(VerifyElementPropertyValueKeyword.groovy:56)
	at com.kms.katalon.core.webservice.keyword.builtin.VerifyElementPropertyValueKeyword$_verifyElementPropertyValue_closure1.call(VerifyElementPropertyValueKeyword.groovy)
	at com.kms.katalon.core.keyword.internal.KeywordMain.runKeyword(KeywordMain.groovy:74)
	at com.kms.katalon.core.webservice.keyword.builtin.VerifyElementPropertyValueKeyword.verifyElementPropertyValue(VerifyElementPropertyValueKeyword.groovy:48)
	at com.kms.katalon.core.webservice.keyword.builtin.VerifyElementPropertyValueKeyword.execute(VerifyElementPropertyValueKeyword.groovy:43)
	at com.kms.katalon.core.keyword.internal.KeywordExecutor.executeKeywordForPlatform(KeywordExecutor.groovy:74)
	at com.kms.katalon.core.webservice.keyword.WSBuiltInKeywords.verifyElementPropertyValue(WSBuiltInKeywords.groovy:189)
	at com.kms.katalon.core.webservice.keyword.WSBuiltInKeywords$verifyElementPropertyValue$1.call(Unknown Source)
	at Engine Scoring.run(Engine Scoring:107)
	at com.kms.katalon.core.main.ScriptEngine.run(ScriptEngine.java:194)
	at com.kms.katalon.core.main.ScriptEngine.runScriptAsRawText(ScriptEngine.java:119)
	at com.kms.katalon.core.main.TestCaseExecutor.runScript(TestCaseExecutor.java:442)
	at com.kms.katalon.core.main.TestCaseExecutor.doExecute(TestCaseExecutor.java:433)
	at com.kms.katalon.core.main.TestCaseExecutor.processExecutionPhase(TestCaseExecutor.java:412)
	at com.kms.katalon.core.main.TestCaseExecutor.accessMainPhase(TestCaseExecutor.java:404)
	at com.kms.katalon.core.main.TestCaseExecutor.execute(TestCaseExecutor.java:281)
	at com.kms.katalon.core.main.TestSuiteExecutor.accessTestCaseMainPhase(TestSuiteExecutor.java:202)
	at com.kms.katalon.core.main.TestSuiteExecutor.accessTestSuiteMainPhase(TestSuiteExecutor.java:164)
	at com.kms.katalon.core.main.TestSuiteExecutor.execute(TestSuiteExecutor.java:105)
	at com.kms.katalon.core.main.TestCaseMain.startTestSuite(TestCaseMain.java:185)
	at com.kms.katalon.core.main.TestCaseMain$startTestSuite$0.call(Unknown Source)
	at TempTestSuite1669111947346.run(TempTestSuite1669111947346.groovy:36)
)

2022-11-22 17:37:10 - [MESSAGE][FAILED] - Expected element property value 'Approve' is not equal with actual property value 'Reguler'

2022-11-22 17:37:10 - [MESSAGE][FAILED] - Unable to verify element property value (Root cause: com.kms.katalon.core.exception.StepFailedException: Expected element property value 'Approve' is not equal with actual property value 'Reguler'
	at com.kms.katalon.core.keyword.internal.KeywordMain.stepFailed(KeywordMain.groovy:50)
	at com.kms.katalon.core.webservice.keyword.builtin.VerifyElementPropertyValueKeyword$_verifyElementPropertyValue_closure1.doCall(VerifyElementPropertyValueKeyword.groovy:56)
	at com.kms.katalon.core.webservice.keyword.builtin.VerifyElementPropertyValueKeyword$_verifyElementPropertyValue_closure1.call(VerifyElementPropertyValueKeyword.groovy)
	at com.kms.katalon.core.keyword.internal.KeywordMain.runKeyword(KeywordMain.groovy:74)
	at com.kms.katalon.core.webservice.keyword.builtin.VerifyElementPropertyValueKeyword.verifyElementPropertyValue(VerifyElementPropertyValueKeyword.groovy:48)
	at com.kms.katalon.core.webservice.keyword.builtin.VerifyElementPropertyValueKeyword.execute(VerifyElementPropertyValueKeyword.groovy:43)
	at com.kms.katalon.core.keyword.internal.KeywordExecutor.executeKeywordForPlatform(KeywordExecutor.groovy:74)
	at com.kms.katalon.core.webservice.keyword.WSBuiltInKeywords.verifyElementPropertyValue(WSBuiltInKeywords.groovy:189)
	at com.kms.katalon.core.webservice.keyword.WSBuiltInKeywords$verifyElementPropertyValue$1.call(Unknown Source)
	at Engine Scoring.run(Engine Scoring:107)
	at com.kms.katalon.core.main.ScriptEngine.run(ScriptEngine.java:194)
	at com.kms.katalon.core.main.ScriptEngine.runScriptAsRawText(ScriptEngine.java:119)
	at com.kms.katalon.core.main.TestCaseExecutor.runScript(TestCaseExecutor.java:442)
	at com.kms.katalon.core.main.TestCaseExecutor.doExecute(TestCaseExecutor.java:433)
	at com.kms.katalon.core.main.TestCaseExecutor.processExecutionPhase(TestCaseExecutor.java:412)
	at com.kms.katalon.core.main.TestCaseExecutor.accessMainPhase(TestCaseExecutor.java:404)
	at com.kms.katalon.core.main.TestCaseExecutor.execute(TestCaseExecutor.java:281)
	at com.kms.katalon.core.main.TestSuiteExecutor.accessTestCaseMainPhase(TestSuiteExecutor.java:202)
	at com.kms.katalon.core.main.TestSuiteExecutor.accessTestSuiteMainPhase(TestSuiteExecutor.java:164)
	at com.kms.katalon.core.main.TestSuiteExecutor.execute(TestSuiteExecutor.java:105)
	at com.kms.katalon.core.main.TestCaseMain.startTestSuite(TestCaseMain.java:185)
	at com.kms.katalon.core.main.TestCaseMain$startTestSuite$0.call(Unknown Source)
	at TempTestSuite1669111947346.run(TempTestSuite1669111947346.groovy:36)
)]]></system-out>
         <system-err><![CDATA[2022-11-22 17:37:04 - [TEST_CASE][FAILED] - Test Cases/Engine_Scoring/Engine Scoring: Test Cases/Engine_Scoring/Engine Scoring FAILED.
Reason:
com.kms.katalon.core.exception.StepFailedException: Expected element property value 'Approve' is not equal with actual property value 'Reguler'
	at com.kms.katalon.core.keyword.internal.KeywordMain.stepFailed(KeywordMain.groovy:50)
	at com.kms.katalon.core.webservice.keyword.builtin.VerifyElementPropertyValueKeyword$_verifyElementPropertyValue_closure1.doCall(VerifyElementPropertyValueKeyword.groovy:56)
	at com.kms.katalon.core.webservice.keyword.builtin.VerifyElementPropertyValueKeyword$_verifyElementPropertyValue_closure1.call(VerifyElementPropertyValueKeyword.groovy)
	at com.kms.katalon.core.keyword.internal.KeywordMain.runKeyword(KeywordMain.groovy:74)
	at com.kms.katalon.core.webservice.keyword.builtin.VerifyElementPropertyValueKeyword.verifyElementPropertyValue(VerifyElementPropertyValueKeyword.groovy:48)
	at com.kms.katalon.core.webservice.keyword.builtin.VerifyElementPropertyValueKeyword.execute(VerifyElementPropertyValueKeyword.groovy:43)
	at com.kms.katalon.core.keyword.internal.KeywordExecutor.executeKeywordForPlatform(KeywordExecutor.groovy:74)
	at com.kms.katalon.core.webservice.keyword.WSBuiltInKeywords.verifyElementPropertyValue(WSBuiltInKeywords.groovy:189)
	at com.kms.katalon.core.webservice.keyword.WSBuiltInKeywords$verifyElementPropertyValue$1.call(Unknown Source)
	at Engine Scoring.run(Engine Scoring:107)
	at com.kms.katalon.core.main.ScriptEngine.run(ScriptEngine.java:194)
	at com.kms.katalon.core.main.ScriptEngine.runScriptAsRawText(ScriptEngine.java:119)
	at com.kms.katalon.core.main.TestCaseExecutor.runScript(TestCaseExecutor.java:442)
	at com.kms.katalon.core.main.TestCaseExecutor.doExecute(TestCaseExecutor.java:433)
	at com.kms.katalon.core.main.TestCaseExecutor.processExecutionPhase(TestCaseExecutor.java:412)
	at com.kms.katalon.core.main.TestCaseExecutor.accessMainPhase(TestCaseExecutor.java:404)
	at com.kms.katalon.core.main.TestCaseExecutor.execute(TestCaseExecutor.java:281)
	at com.kms.katalon.core.main.TestSuiteExecutor.accessTestCaseMainPhase(TestSuiteExecutor.java:202)
	at com.kms.katalon.core.main.TestSuiteExecutor.accessTestSuiteMainPhase(TestSuiteExecutor.java:164)
	at com.kms.katalon.core.main.TestSuiteExecutor.execute(TestSuiteExecutor.java:105)
	at com.kms.katalon.core.main.TestCaseMain.startTestSuite(TestCaseMain.java:185)
	at com.kms.katalon.core.main.TestCaseMain$startTestSuite$0.call(Unknown Source)
	at TempTestSuite1669111947346.run(TempTestSuite1669111947346.groovy:36)]]></system-err>
      </testcase>
      <testcase name="Test Cases/Engine_Scoring/Engine Scoring" time="6.25" classname="Test Cases/Engine_Scoring/Engine Scoring" status="PASSED">
         <system-out><![CDATA[2022-11-22 17:37:10 - [TEST_CASE][PASSED] - Test Cases/Engine_Scoring/Engine Scoring: Test Cases/Engine_Scoring/Engine Scoring

2022-11-22 17:37:11 - [TEST_STEP][PASSED] - markPassed("Variasi data ke : " + no): Variasi data ke : 213

2022-11-22 17:37:11 - [MESSAGE][PASSED] - Variasi data ke : 213

2022-11-22 17:37:11 - [TEST_STEP][PASSED] - req_data = sendRequest(findTestObject("Search_ME", ["MID":MID, "source":source, "ip":ip, "userid":userid, "branch":branch, "tipekons":tipekons, "marital":marital, "penjamin":penjamin, ... ])): Send request successfully

2022-11-22 17:37:13 - [MESSAGE][INFO] - HAR: D:\DMS\Engine Scoring\Reports\20221122_171227\Exclude KKB - DS\Scoring Individu - DS\20221122_171227\requests\main\424.har

2022-11-22 17:37:13 - [MESSAGE][PASSED] - Send request successfully

2022-11-22 17:37:13 - [TEST_STEP][PASSED] - slurper = new groovy.json.JsonSlurper(): null

2022-11-22 17:37:13 - [TEST_STEP][PASSED] - result = slurper.parseText(req_data.getResponseBodyContent()): null

2022-11-22 17:37:13 - [TEST_STEP][PASSED] - reqid_kons = requestid1: null

2022-11-22 17:37:13 - [TEST_STEP][PASSED] - reqid_spouse = requestid2: null

2022-11-22 17:37:13 - [TEST_STEP][PASSED] - println("requestid kons : " + reqid_kons): null

2022-11-22 17:37:13 - [TEST_STEP][PASSED] - response_searchME_kons = reqid_kons: null

2022-11-22 17:37:13 - [TEST_STEP][PASSED] - response_searchME_spouse = reqid_spouse: null

2022-11-22 17:37:13 - [TEST_STEP][PASSED] - println("kons req id is :" + response_searchME_kons): null

2022-11-22 17:37:13 - [TEST_STEP][PASSED] - println("spouse req id is : " + response_searchME_spouse): null

2022-11-22 17:37:13 - [TEST_STEP][PASSED] - verifyResponseStatusCode(req_data, 200): Verify response status code successfully

2022-11-22 17:37:13 - [MESSAGE][PASSED] - Verify response status code successfully

2022-11-22 17:37:13 - [TEST_STEP][PASSED] - response = req_data.getResponseText(): null

2022-11-22 17:37:13 - [TEST_STEP][PASSED] - logInfo($response): {"status":"Done","data":{"requestid1":"242627","requestid2":""}}

2022-11-22 17:37:13 - [MESSAGE][INFO] - {"status":"Done","data":{"requestid1":"242627","requestid2":""}}

2022-11-22 17:37:13 - [TEST_STEP][PASSED] - delay(3): Delayed 3 second(s)

2022-11-22 17:37:16 - [MESSAGE][PASSED] - Delayed 3 second(s)

2022-11-22 17:37:16 - [TEST_STEP][PASSED] - scoring = sendRequest(findTestObject("EngineScore", ["response_searchME_kons":response_searchME_kons, "response_searchME_spouse":response_searchME_spouse])): Send request successfully

2022-11-22 17:37:16 - [MESSAGE][INFO] - HAR: D:\DMS\Engine Scoring\Reports\20221122_171227\Exclude KKB - DS\Scoring Individu - DS\20221122_171227\requests\main\425.har

2022-11-22 17:37:16 - [MESSAGE][PASSED] - Send request successfully

2022-11-22 17:37:16 - [TEST_STEP][PASSED] - verifyResponseStatusCode(scoring, 200): Verify response status code successfully

2022-11-22 17:37:16 - [MESSAGE][PASSED] - Verify response status code successfully

2022-11-22 17:37:16 - [TEST_STEP][PASSED] - response2 = scoring.getResponseText(): null

2022-11-22 17:37:16 - [TEST_STEP][PASSED] - markPassed("result service data ke : " + no): result service data ke : 213

2022-11-22 17:37:16 - [MESSAGE][PASSED] - result service data ke : 213

2022-11-22 17:37:16 - [TEST_STEP][PASSED] - logInfo($response2): {"result_konsumen":"Reject","result_pasangan":"","Final_result":"Reject","errorMessage":"","status":"Done"}

2022-11-22 17:37:16 - [MESSAGE][INFO] - {"result_konsumen":"Reject","result_pasangan":"","Final_result":"Reject","errorMessage":"","status":"Done"}

2022-11-22 17:37:16 - [TEST_STEP][PASSED] - verifyElementPropertyValue(scoring, "Final_result", final_result): Verify element property value successfully

2022-11-22 17:37:16 - [MESSAGE][PASSED] - Verify element property value successfully]]></system-out>
         <system-err><![CDATA[]]></system-err>
      </testcase>
      <testcase name="Test Cases/Engine_Scoring/Engine Scoring" time="5.791" classname="Test Cases/Engine_Scoring/Engine Scoring" status="PASSED">
         <system-out><![CDATA[2022-11-22 17:37:16 - [TEST_CASE][PASSED] - Test Cases/Engine_Scoring/Engine Scoring: Test Cases/Engine_Scoring/Engine Scoring

2022-11-22 17:37:17 - [TEST_STEP][PASSED] - markPassed("Variasi data ke : " + no): Variasi data ke : 214

2022-11-22 17:37:17 - [MESSAGE][PASSED] - Variasi data ke : 214

2022-11-22 17:37:17 - [TEST_STEP][PASSED] - req_data = sendRequest(findTestObject("Search_ME", ["MID":MID, "source":source, "ip":ip, "userid":userid, "branch":branch, "tipekons":tipekons, "marital":marital, "penjamin":penjamin, ... ])): Send request successfully

2022-11-22 17:37:19 - [MESSAGE][INFO] - HAR: D:\DMS\Engine Scoring\Reports\20221122_171227\Exclude KKB - DS\Scoring Individu - DS\20221122_171227\requests\main\426.har

2022-11-22 17:37:19 - [MESSAGE][PASSED] - Send request successfully

2022-11-22 17:37:19 - [TEST_STEP][PASSED] - slurper = new groovy.json.JsonSlurper(): null

2022-11-22 17:37:19 - [TEST_STEP][PASSED] - result = slurper.parseText(req_data.getResponseBodyContent()): null

2022-11-22 17:37:19 - [TEST_STEP][PASSED] - reqid_kons = requestid1: null

2022-11-22 17:37:19 - [TEST_STEP][PASSED] - reqid_spouse = requestid2: null

2022-11-22 17:37:19 - [TEST_STEP][PASSED] - println("requestid kons : " + reqid_kons): null

2022-11-22 17:37:19 - [TEST_STEP][PASSED] - response_searchME_kons = reqid_kons: null

2022-11-22 17:37:19 - [TEST_STEP][PASSED] - response_searchME_spouse = reqid_spouse: null

2022-11-22 17:37:19 - [TEST_STEP][PASSED] - println("kons req id is :" + response_searchME_kons): null

2022-11-22 17:37:19 - [TEST_STEP][PASSED] - println("spouse req id is : " + response_searchME_spouse): null

2022-11-22 17:37:19 - [TEST_STEP][PASSED] - verifyResponseStatusCode(req_data, 200): Verify response status code successfully

2022-11-22 17:37:19 - [MESSAGE][PASSED] - Verify response status code successfully

2022-11-22 17:37:19 - [TEST_STEP][PASSED] - response = req_data.getResponseText(): null

2022-11-22 17:37:19 - [TEST_STEP][PASSED] - logInfo($response): {"status":"Done","data":{"requestid1":"242628","requestid2":""}}

2022-11-22 17:37:19 - [MESSAGE][INFO] - {"status":"Done","data":{"requestid1":"242628","requestid2":""}}

2022-11-22 17:37:19 - [TEST_STEP][PASSED] - delay(3): Delayed 3 second(s)

2022-11-22 17:37:22 - [MESSAGE][PASSED] - Delayed 3 second(s)

2022-11-22 17:37:22 - [TEST_STEP][PASSED] - scoring = sendRequest(findTestObject("EngineScore", ["response_searchME_kons":response_searchME_kons, "response_searchME_spouse":response_searchME_spouse])): Send request successfully

2022-11-22 17:37:22 - [MESSAGE][INFO] - HAR: D:\DMS\Engine Scoring\Reports\20221122_171227\Exclude KKB - DS\Scoring Individu - DS\20221122_171227\requests\main\427.har

2022-11-22 17:37:22 - [MESSAGE][PASSED] - Send request successfully

2022-11-22 17:37:22 - [TEST_STEP][PASSED] - verifyResponseStatusCode(scoring, 200): Verify response status code successfully

2022-11-22 17:37:22 - [MESSAGE][PASSED] - Verify response status code successfully

2022-11-22 17:37:22 - [TEST_STEP][PASSED] - response2 = scoring.getResponseText(): null

2022-11-22 17:37:22 - [TEST_STEP][PASSED] - markPassed("result service data ke : " + no): result service data ke : 214

2022-11-22 17:37:22 - [MESSAGE][PASSED] - result service data ke : 214

2022-11-22 17:37:22 - [TEST_STEP][PASSED] - logInfo($response2): {"result_konsumen":"Reject","result_pasangan":"","Final_result":"Reject","errorMessage":"","status":"Done"}

2022-11-22 17:37:22 - [MESSAGE][INFO] - {"result_konsumen":"Reject","result_pasangan":"","Final_result":"Reject","errorMessage":"","status":"Done"}

2022-11-22 17:37:22 - [TEST_STEP][PASSED] - verifyElementPropertyValue(scoring, "Final_result", final_result): Verify element property value successfully

2022-11-22 17:37:22 - [MESSAGE][PASSED] - Verify element property value successfully]]></system-out>
         <system-err><![CDATA[]]></system-err>
      </testcase>
      <testcase name="Test Cases/Engine_Scoring/Engine Scoring" time="6.062" classname="Test Cases/Engine_Scoring/Engine Scoring" status="PASSED">
         <system-out><![CDATA[2022-11-22 17:37:22 - [TEST_CASE][PASSED] - Test Cases/Engine_Scoring/Engine Scoring: Test Cases/Engine_Scoring/Engine Scoring

2022-11-22 17:37:23 - [TEST_STEP][PASSED] - markPassed("Variasi data ke : " + no): Variasi data ke : 215

2022-11-22 17:37:23 - [MESSAGE][PASSED] - Variasi data ke : 215

2022-11-22 17:37:23 - [TEST_STEP][PASSED] - req_data = sendRequest(findTestObject("Search_ME", ["MID":MID, "source":source, "ip":ip, "userid":userid, "branch":branch, "tipekons":tipekons, "marital":marital, "penjamin":penjamin, ... ])): Send request successfully

2022-11-22 17:37:25 - [MESSAGE][INFO] - HAR: D:\DMS\Engine Scoring\Reports\20221122_171227\Exclude KKB - DS\Scoring Individu - DS\20221122_171227\requests\main\428.har

2022-11-22 17:37:25 - [MESSAGE][PASSED] - Send request successfully

2022-11-22 17:37:25 - [TEST_STEP][PASSED] - slurper = new groovy.json.JsonSlurper(): null

2022-11-22 17:37:25 - [TEST_STEP][PASSED] - result = slurper.parseText(req_data.getResponseBodyContent()): null

2022-11-22 17:37:25 - [TEST_STEP][PASSED] - reqid_kons = requestid1: null

2022-11-22 17:37:25 - [TEST_STEP][PASSED] - reqid_spouse = requestid2: null

2022-11-22 17:37:25 - [TEST_STEP][PASSED] - println("requestid kons : " + reqid_kons): null

2022-11-22 17:37:25 - [TEST_STEP][PASSED] - response_searchME_kons = reqid_kons: null

2022-11-22 17:37:25 - [TEST_STEP][PASSED] - response_searchME_spouse = reqid_spouse: null

2022-11-22 17:37:25 - [TEST_STEP][PASSED] - println("kons req id is :" + response_searchME_kons): null

2022-11-22 17:37:25 - [TEST_STEP][PASSED] - println("spouse req id is : " + response_searchME_spouse): null

2022-11-22 17:37:25 - [TEST_STEP][PASSED] - verifyResponseStatusCode(req_data, 200): Verify response status code successfully

2022-11-22 17:37:25 - [MESSAGE][PASSED] - Verify response status code successfully

2022-11-22 17:37:25 - [TEST_STEP][PASSED] - response = req_data.getResponseText(): null

2022-11-22 17:37:25 - [TEST_STEP][PASSED] - logInfo($response): {"status":"Done","data":{"requestid1":"242629","requestid2":""}}

2022-11-22 17:37:25 - [MESSAGE][INFO] - {"status":"Done","data":{"requestid1":"242629","requestid2":""}}

2022-11-22 17:37:25 - [TEST_STEP][PASSED] - delay(3): Delayed 3 second(s)

2022-11-22 17:37:28 - [MESSAGE][PASSED] - Delayed 3 second(s)

2022-11-22 17:37:28 - [TEST_STEP][PASSED] - scoring = sendRequest(findTestObject("EngineScore", ["response_searchME_kons":response_searchME_kons, "response_searchME_spouse":response_searchME_spouse])): Send request successfully

2022-11-22 17:37:28 - [MESSAGE][INFO] - HAR: D:\DMS\Engine Scoring\Reports\20221122_171227\Exclude KKB - DS\Scoring Individu - DS\20221122_171227\requests\main\429.har

2022-11-22 17:37:28 - [MESSAGE][PASSED] - Send request successfully

2022-11-22 17:37:28 - [TEST_STEP][PASSED] - verifyResponseStatusCode(scoring, 200): Verify response status code successfully

2022-11-22 17:37:28 - [MESSAGE][PASSED] - Verify response status code successfully

2022-11-22 17:37:28 - [TEST_STEP][PASSED] - response2 = scoring.getResponseText(): null

2022-11-22 17:37:28 - [TEST_STEP][PASSED] - markPassed("result service data ke : " + no): result service data ke : 215

2022-11-22 17:37:28 - [MESSAGE][PASSED] - result service data ke : 215

2022-11-22 17:37:28 - [TEST_STEP][PASSED] - logInfo($response2): {"result_konsumen":"Reject","result_pasangan":"","Final_result":"Reject","errorMessage":"","status":"Done"}

2022-11-22 17:37:28 - [MESSAGE][INFO] - {"result_konsumen":"Reject","result_pasangan":"","Final_result":"Reject","errorMessage":"","status":"Done"}

2022-11-22 17:37:28 - [TEST_STEP][PASSED] - verifyElementPropertyValue(scoring, "Final_result", final_result): Verify element property value successfully

2022-11-22 17:37:28 - [MESSAGE][PASSED] - Verify element property value successfully]]></system-out>
         <system-err><![CDATA[]]></system-err>
      </testcase>
      <testcase name="Test Cases/Engine_Scoring/Engine Scoring" time="5.834" classname="Test Cases/Engine_Scoring/Engine Scoring" status="PASSED">
         <system-out><![CDATA[2022-11-22 17:37:28 - [TEST_CASE][PASSED] - Test Cases/Engine_Scoring/Engine Scoring: Test Cases/Engine_Scoring/Engine Scoring

2022-11-22 17:37:29 - [TEST_STEP][PASSED] - markPassed("Variasi data ke : " + no): Variasi data ke : 216

2022-11-22 17:37:29 - [MESSAGE][PASSED] - Variasi data ke : 216

2022-11-22 17:37:29 - [TEST_STEP][PASSED] - req_data = sendRequest(findTestObject("Search_ME", ["MID":MID, "source":source, "ip":ip, "userid":userid, "branch":branch, "tipekons":tipekons, "marital":marital, "penjamin":penjamin, ... ])): Send request successfully

2022-11-22 17:37:31 - [MESSAGE][INFO] - HAR: D:\DMS\Engine Scoring\Reports\20221122_171227\Exclude KKB - DS\Scoring Individu - DS\20221122_171227\requests\main\430.har

2022-11-22 17:37:31 - [MESSAGE][PASSED] - Send request successfully

2022-11-22 17:37:31 - [TEST_STEP][PASSED] - slurper = new groovy.json.JsonSlurper(): null

2022-11-22 17:37:31 - [TEST_STEP][PASSED] - result = slurper.parseText(req_data.getResponseBodyContent()): null

2022-11-22 17:37:31 - [TEST_STEP][PASSED] - reqid_kons = requestid1: null

2022-11-22 17:37:31 - [TEST_STEP][PASSED] - reqid_spouse = requestid2: null

2022-11-22 17:37:31 - [TEST_STEP][PASSED] - println("requestid kons : " + reqid_kons): null

2022-11-22 17:37:31 - [TEST_STEP][PASSED] - response_searchME_kons = reqid_kons: null

2022-11-22 17:37:31 - [TEST_STEP][PASSED] - response_searchME_spouse = reqid_spouse: null

2022-11-22 17:37:31 - [TEST_STEP][PASSED] - println("kons req id is :" + response_searchME_kons): null

2022-11-22 17:37:31 - [TEST_STEP][PASSED] - println("spouse req id is : " + response_searchME_spouse): null

2022-11-22 17:37:31 - [TEST_STEP][PASSED] - verifyResponseStatusCode(req_data, 200): Verify response status code successfully

2022-11-22 17:37:31 - [MESSAGE][PASSED] - Verify response status code successfully

2022-11-22 17:37:31 - [TEST_STEP][PASSED] - response = req_data.getResponseText(): null

2022-11-22 17:37:31 - [TEST_STEP][PASSED] - logInfo($response): {"status":"Done","data":{"requestid1":"242630","requestid2":""}}

2022-11-22 17:37:31 - [MESSAGE][INFO] - {"status":"Done","data":{"requestid1":"242630","requestid2":""}}

2022-11-22 17:37:31 - [TEST_STEP][PASSED] - delay(3): Delayed 3 second(s)

2022-11-22 17:37:34 - [MESSAGE][PASSED] - Delayed 3 second(s)

2022-11-22 17:37:34 - [TEST_STEP][PASSED] - scoring = sendRequest(findTestObject("EngineScore", ["response_searchME_kons":response_searchME_kons, "response_searchME_spouse":response_searchME_spouse])): Send request successfully

2022-11-22 17:37:34 - [MESSAGE][INFO] - HAR: D:\DMS\Engine Scoring\Reports\20221122_171227\Exclude KKB - DS\Scoring Individu - DS\20221122_171227\requests\main\431.har

2022-11-22 17:37:34 - [MESSAGE][PASSED] - Send request successfully

2022-11-22 17:37:34 - [TEST_STEP][PASSED] - verifyResponseStatusCode(scoring, 200): Verify response status code successfully

2022-11-22 17:37:34 - [MESSAGE][PASSED] - Verify response status code successfully

2022-11-22 17:37:34 - [TEST_STEP][PASSED] - response2 = scoring.getResponseText(): null

2022-11-22 17:37:34 - [TEST_STEP][PASSED] - markPassed("result service data ke : " + no): result service data ke : 216

2022-11-22 17:37:34 - [MESSAGE][PASSED] - result service data ke : 216

2022-11-22 17:37:34 - [TEST_STEP][PASSED] - logInfo($response2): {"result_konsumen":"Reject","result_pasangan":"","Final_result":"Reject","errorMessage":"","status":"Done"}

2022-11-22 17:37:34 - [MESSAGE][INFO] - {"result_konsumen":"Reject","result_pasangan":"","Final_result":"Reject","errorMessage":"","status":"Done"}

2022-11-22 17:37:34 - [TEST_STEP][PASSED] - verifyElementPropertyValue(scoring, "Final_result", final_result): Verify element property value successfully

2022-11-22 17:37:34 - [MESSAGE][PASSED] - Verify element property value successfully]]></system-out>
         <system-err><![CDATA[]]></system-err>
      </testcase>
      <testcase name="Test Cases/Engine_Scoring/Engine Scoring" time="5.885" classname="Test Cases/Engine_Scoring/Engine Scoring" status="PASSED">
         <system-out><![CDATA[2022-11-22 17:37:34 - [TEST_CASE][PASSED] - Test Cases/Engine_Scoring/Engine Scoring: Test Cases/Engine_Scoring/Engine Scoring

2022-11-22 17:37:35 - [TEST_STEP][PASSED] - markPassed("Variasi data ke : " + no): Variasi data ke : 217

2022-11-22 17:37:35 - [MESSAGE][PASSED] - Variasi data ke : 217

2022-11-22 17:37:35 - [TEST_STEP][PASSED] - req_data = sendRequest(findTestObject("Search_ME", ["MID":MID, "source":source, "ip":ip, "userid":userid, "branch":branch, "tipekons":tipekons, "marital":marital, "penjamin":penjamin, ... ])): Send request successfully

2022-11-22 17:37:37 - [MESSAGE][INFO] - HAR: D:\DMS\Engine Scoring\Reports\20221122_171227\Exclude KKB - DS\Scoring Individu - DS\20221122_171227\requests\main\432.har

2022-11-22 17:37:37 - [MESSAGE][PASSED] - Send request successfully

2022-11-22 17:37:37 - [TEST_STEP][PASSED] - slurper = new groovy.json.JsonSlurper(): null

2022-11-22 17:37:37 - [TEST_STEP][PASSED] - result = slurper.parseText(req_data.getResponseBodyContent()): null

2022-11-22 17:37:37 - [TEST_STEP][PASSED] - reqid_kons = requestid1: null

2022-11-22 17:37:37 - [TEST_STEP][PASSED] - reqid_spouse = requestid2: null

2022-11-22 17:37:37 - [TEST_STEP][PASSED] - println("requestid kons : " + reqid_kons): null

2022-11-22 17:37:37 - [TEST_STEP][PASSED] - response_searchME_kons = reqid_kons: null

2022-11-22 17:37:37 - [TEST_STEP][PASSED] - response_searchME_spouse = reqid_spouse: null

2022-11-22 17:37:37 - [TEST_STEP][PASSED] - println("kons req id is :" + response_searchME_kons): null

2022-11-22 17:37:37 - [TEST_STEP][PASSED] - println("spouse req id is : " + response_searchME_spouse): null

2022-11-22 17:37:37 - [TEST_STEP][PASSED] - verifyResponseStatusCode(req_data, 200): Verify response status code successfully

2022-11-22 17:37:37 - [MESSAGE][PASSED] - Verify response status code successfully

2022-11-22 17:37:37 - [TEST_STEP][PASSED] - response = req_data.getResponseText(): null

2022-11-22 17:37:37 - [TEST_STEP][PASSED] - logInfo($response): {"status":"Done","data":{"requestid1":"242631","requestid2":""}}

2022-11-22 17:37:37 - [MESSAGE][INFO] - {"status":"Done","data":{"requestid1":"242631","requestid2":""}}

2022-11-22 17:37:37 - [TEST_STEP][PASSED] - delay(3): Delayed 3 second(s)

2022-11-22 17:37:40 - [MESSAGE][PASSED] - Delayed 3 second(s)

2022-11-22 17:37:40 - [TEST_STEP][PASSED] - scoring = sendRequest(findTestObject("EngineScore", ["response_searchME_kons":response_searchME_kons, "response_searchME_spouse":response_searchME_spouse])): Send request successfully

2022-11-22 17:37:40 - [MESSAGE][INFO] - HAR: D:\DMS\Engine Scoring\Reports\20221122_171227\Exclude KKB - DS\Scoring Individu - DS\20221122_171227\requests\main\433.har

2022-11-22 17:37:40 - [MESSAGE][PASSED] - Send request successfully

2022-11-22 17:37:40 - [TEST_STEP][PASSED] - verifyResponseStatusCode(scoring, 200): Verify response status code successfully

2022-11-22 17:37:40 - [MESSAGE][PASSED] - Verify response status code successfully

2022-11-22 17:37:40 - [TEST_STEP][PASSED] - response2 = scoring.getResponseText(): null

2022-11-22 17:37:40 - [TEST_STEP][PASSED] - markPassed("result service data ke : " + no): result service data ke : 217

2022-11-22 17:37:40 - [MESSAGE][PASSED] - result service data ke : 217

2022-11-22 17:37:40 - [TEST_STEP][PASSED] - logInfo($response2): {"result_konsumen":"Reject","result_pasangan":"","Final_result":"Reject","errorMessage":"","status":"Done"}

2022-11-22 17:37:40 - [MESSAGE][INFO] - {"result_konsumen":"Reject","result_pasangan":"","Final_result":"Reject","errorMessage":"","status":"Done"}

2022-11-22 17:37:40 - [TEST_STEP][PASSED] - verifyElementPropertyValue(scoring, "Final_result", final_result): Verify element property value successfully

2022-11-22 17:37:40 - [MESSAGE][PASSED] - Verify element property value successfully]]></system-out>
         <system-err><![CDATA[]]></system-err>
      </testcase>
      <testcase name="Test Cases/Engine_Scoring/Engine Scoring" time="5.92" classname="Test Cases/Engine_Scoring/Engine Scoring" status="PASSED">
         <system-out><![CDATA[2022-11-22 17:37:40 - [TEST_CASE][PASSED] - Test Cases/Engine_Scoring/Engine Scoring: Test Cases/Engine_Scoring/Engine Scoring

2022-11-22 17:37:41 - [TEST_STEP][PASSED] - markPassed("Variasi data ke : " + no): Variasi data ke : 218

2022-11-22 17:37:41 - [MESSAGE][PASSED] - Variasi data ke : 218

2022-11-22 17:37:41 - [TEST_STEP][PASSED] - req_data = sendRequest(findTestObject("Search_ME", ["MID":MID, "source":source, "ip":ip, "userid":userid, "branch":branch, "tipekons":tipekons, "marital":marital, "penjamin":penjamin, ... ])): Send request successfully

2022-11-22 17:37:43 - [MESSAGE][INFO] - HAR: D:\DMS\Engine Scoring\Reports\20221122_171227\Exclude KKB - DS\Scoring Individu - DS\20221122_171227\requests\main\434.har

2022-11-22 17:37:43 - [MESSAGE][PASSED] - Send request successfully

2022-11-22 17:37:43 - [TEST_STEP][PASSED] - slurper = new groovy.json.JsonSlurper(): null

2022-11-22 17:37:43 - [TEST_STEP][PASSED] - result = slurper.parseText(req_data.getResponseBodyContent()): null

2022-11-22 17:37:43 - [TEST_STEP][PASSED] - reqid_kons = requestid1: null

2022-11-22 17:37:43 - [TEST_STEP][PASSED] - reqid_spouse = requestid2: null

2022-11-22 17:37:43 - [TEST_STEP][PASSED] - println("requestid kons : " + reqid_kons): null

2022-11-22 17:37:43 - [TEST_STEP][PASSED] - response_searchME_kons = reqid_kons: null

2022-11-22 17:37:43 - [TEST_STEP][PASSED] - response_searchME_spouse = reqid_spouse: null

2022-11-22 17:37:43 - [TEST_STEP][PASSED] - println("kons req id is :" + response_searchME_kons): null

2022-11-22 17:37:43 - [TEST_STEP][PASSED] - println("spouse req id is : " + response_searchME_spouse): null

2022-11-22 17:37:43 - [TEST_STEP][PASSED] - verifyResponseStatusCode(req_data, 200): Verify response status code successfully

2022-11-22 17:37:43 - [MESSAGE][PASSED] - Verify response status code successfully

2022-11-22 17:37:43 - [TEST_STEP][PASSED] - response = req_data.getResponseText(): null

2022-11-22 17:37:43 - [TEST_STEP][PASSED] - logInfo($response): {"status":"Done","data":{"requestid1":"242632","requestid2":""}}

2022-11-22 17:37:43 - [MESSAGE][INFO] - {"status":"Done","data":{"requestid1":"242632","requestid2":""}}

2022-11-22 17:37:43 - [TEST_STEP][PASSED] - delay(3): Delayed 3 second(s)

2022-11-22 17:37:46 - [MESSAGE][PASSED] - Delayed 3 second(s)

2022-11-22 17:37:46 - [TEST_STEP][PASSED] - scoring = sendRequest(findTestObject("EngineScore", ["response_searchME_kons":response_searchME_kons, "response_searchME_spouse":response_searchME_spouse])): Send request successfully

2022-11-22 17:37:46 - [MESSAGE][INFO] - HAR: D:\DMS\Engine Scoring\Reports\20221122_171227\Exclude KKB - DS\Scoring Individu - DS\20221122_171227\requests\main\435.har

2022-11-22 17:37:46 - [MESSAGE][PASSED] - Send request successfully

2022-11-22 17:37:46 - [TEST_STEP][PASSED] - verifyResponseStatusCode(scoring, 200): Verify response status code successfully

2022-11-22 17:37:46 - [MESSAGE][PASSED] - Verify response status code successfully

2022-11-22 17:37:46 - [TEST_STEP][PASSED] - response2 = scoring.getResponseText(): null

2022-11-22 17:37:46 - [TEST_STEP][PASSED] - markPassed("result service data ke : " + no): result service data ke : 218

2022-11-22 17:37:46 - [MESSAGE][PASSED] - result service data ke : 218

2022-11-22 17:37:46 - [TEST_STEP][PASSED] - logInfo($response2): {"result_konsumen":"Reject","result_pasangan":"","Final_result":"Reject","errorMessage":"","status":"Done"}

2022-11-22 17:37:46 - [MESSAGE][INFO] - {"result_konsumen":"Reject","result_pasangan":"","Final_result":"Reject","errorMessage":"","status":"Done"}

2022-11-22 17:37:46 - [TEST_STEP][PASSED] - verifyElementPropertyValue(scoring, "Final_result", final_result): Verify element property value successfully

2022-11-22 17:37:46 - [MESSAGE][PASSED] - Verify element property value successfully]]></system-out>
         <system-err><![CDATA[]]></system-err>
      </testcase>
      <testcase name="Test Cases/Engine_Scoring/Engine Scoring" time="5.674" classname="Test Cases/Engine_Scoring/Engine Scoring" status="PASSED">
         <system-out><![CDATA[2022-11-22 17:37:46 - [TEST_CASE][PASSED] - Test Cases/Engine_Scoring/Engine Scoring: Test Cases/Engine_Scoring/Engine Scoring

2022-11-22 17:37:47 - [TEST_STEP][PASSED] - markPassed("Variasi data ke : " + no): Variasi data ke : 219

2022-11-22 17:37:47 - [MESSAGE][PASSED] - Variasi data ke : 219

2022-11-22 17:37:47 - [TEST_STEP][PASSED] - req_data = sendRequest(findTestObject("Search_ME", ["MID":MID, "source":source, "ip":ip, "userid":userid, "branch":branch, "tipekons":tipekons, "marital":marital, "penjamin":penjamin, ... ])): Send request successfully

2022-11-22 17:37:48 - [MESSAGE][INFO] - HAR: D:\DMS\Engine Scoring\Reports\20221122_171227\Exclude KKB - DS\Scoring Individu - DS\20221122_171227\requests\main\436.har

2022-11-22 17:37:48 - [MESSAGE][PASSED] - Send request successfully

2022-11-22 17:37:48 - [TEST_STEP][PASSED] - slurper = new groovy.json.JsonSlurper(): null

2022-11-22 17:37:48 - [TEST_STEP][PASSED] - result = slurper.parseText(req_data.getResponseBodyContent()): null

2022-11-22 17:37:48 - [TEST_STEP][PASSED] - reqid_kons = requestid1: null

2022-11-22 17:37:48 - [TEST_STEP][PASSED] - reqid_spouse = requestid2: null

2022-11-22 17:37:48 - [TEST_STEP][PASSED] - println("requestid kons : " + reqid_kons): null

2022-11-22 17:37:48 - [TEST_STEP][PASSED] - response_searchME_kons = reqid_kons: null

2022-11-22 17:37:48 - [TEST_STEP][PASSED] - response_searchME_spouse = reqid_spouse: null

2022-11-22 17:37:48 - [TEST_STEP][PASSED] - println("kons req id is :" + response_searchME_kons): null

2022-11-22 17:37:48 - [TEST_STEP][PASSED] - println("spouse req id is : " + response_searchME_spouse): null

2022-11-22 17:37:48 - [TEST_STEP][PASSED] - verifyResponseStatusCode(req_data, 200): Verify response status code successfully

2022-11-22 17:37:48 - [MESSAGE][PASSED] - Verify response status code successfully

2022-11-22 17:37:48 - [TEST_STEP][PASSED] - response = req_data.getResponseText(): null

2022-11-22 17:37:48 - [TEST_STEP][PASSED] - logInfo($response): {"status":"Done","data":{"requestid1":"242633","requestid2":""}}

2022-11-22 17:37:48 - [MESSAGE][INFO] - {"status":"Done","data":{"requestid1":"242633","requestid2":""}}

2022-11-22 17:37:48 - [TEST_STEP][PASSED] - delay(3): Delayed 3 second(s)

2022-11-22 17:37:51 - [MESSAGE][PASSED] - Delayed 3 second(s)

2022-11-22 17:37:51 - [TEST_STEP][PASSED] - scoring = sendRequest(findTestObject("EngineScore", ["response_searchME_kons":response_searchME_kons, "response_searchME_spouse":response_searchME_spouse])): Send request successfully

2022-11-22 17:37:51 - [MESSAGE][INFO] - HAR: D:\DMS\Engine Scoring\Reports\20221122_171227\Exclude KKB - DS\Scoring Individu - DS\20221122_171227\requests\main\437.har

2022-11-22 17:37:51 - [MESSAGE][PASSED] - Send request successfully

2022-11-22 17:37:51 - [TEST_STEP][PASSED] - verifyResponseStatusCode(scoring, 200): Verify response status code successfully

2022-11-22 17:37:51 - [MESSAGE][PASSED] - Verify response status code successfully

2022-11-22 17:37:51 - [TEST_STEP][PASSED] - response2 = scoring.getResponseText(): null

2022-11-22 17:37:51 - [TEST_STEP][PASSED] - markPassed("result service data ke : " + no): result service data ke : 219

2022-11-22 17:37:51 - [MESSAGE][PASSED] - result service data ke : 219

2022-11-22 17:37:51 - [TEST_STEP][PASSED] - logInfo($response2): {"result_konsumen":"Reject","result_pasangan":"","Final_result":"Reject","errorMessage":"","status":"Done"}

2022-11-22 17:37:51 - [MESSAGE][INFO] - {"result_konsumen":"Reject","result_pasangan":"","Final_result":"Reject","errorMessage":"","status":"Done"}

2022-11-22 17:37:51 - [TEST_STEP][PASSED] - verifyElementPropertyValue(scoring, "Final_result", final_result): Verify element property value successfully

2022-11-22 17:37:52 - [MESSAGE][PASSED] - Verify element property value successfully]]></system-out>
         <system-err><![CDATA[]]></system-err>
      </testcase>
      <testcase name="Test Cases/Engine_Scoring/Engine Scoring" time="5.736" classname="Test Cases/Engine_Scoring/Engine Scoring" status="PASSED">
         <system-out><![CDATA[2022-11-22 17:37:52 - [TEST_CASE][PASSED] - Test Cases/Engine_Scoring/Engine Scoring: Test Cases/Engine_Scoring/Engine Scoring

2022-11-22 17:37:53 - [TEST_STEP][PASSED] - markPassed("Variasi data ke : " + no): Variasi data ke : 220

2022-11-22 17:37:53 - [MESSAGE][PASSED] - Variasi data ke : 220

2022-11-22 17:37:53 - [TEST_STEP][PASSED] - req_data = sendRequest(findTestObject("Search_ME", ["MID":MID, "source":source, "ip":ip, "userid":userid, "branch":branch, "tipekons":tipekons, "marital":marital, "penjamin":penjamin, ... ])): Send request successfully

2022-11-22 17:37:54 - [MESSAGE][INFO] - HAR: D:\DMS\Engine Scoring\Reports\20221122_171227\Exclude KKB - DS\Scoring Individu - DS\20221122_171227\requests\main\438.har

2022-11-22 17:37:54 - [MESSAGE][PASSED] - Send request successfully

2022-11-22 17:37:54 - [TEST_STEP][PASSED] - slurper = new groovy.json.JsonSlurper(): null

2022-11-22 17:37:54 - [TEST_STEP][PASSED] - result = slurper.parseText(req_data.getResponseBodyContent()): null

2022-11-22 17:37:54 - [TEST_STEP][PASSED] - reqid_kons = requestid1: null

2022-11-22 17:37:54 - [TEST_STEP][PASSED] - reqid_spouse = requestid2: null

2022-11-22 17:37:54 - [TEST_STEP][PASSED] - println("requestid kons : " + reqid_kons): null

2022-11-22 17:37:54 - [TEST_STEP][PASSED] - response_searchME_kons = reqid_kons: null

2022-11-22 17:37:54 - [TEST_STEP][PASSED] - response_searchME_spouse = reqid_spouse: null

2022-11-22 17:37:54 - [TEST_STEP][PASSED] - println("kons req id is :" + response_searchME_kons): null

2022-11-22 17:37:54 - [TEST_STEP][PASSED] - println("spouse req id is : " + response_searchME_spouse): null

2022-11-22 17:37:54 - [TEST_STEP][PASSED] - verifyResponseStatusCode(req_data, 200): Verify response status code successfully

2022-11-22 17:37:54 - [MESSAGE][PASSED] - Verify response status code successfully

2022-11-22 17:37:54 - [TEST_STEP][PASSED] - response = req_data.getResponseText(): null

2022-11-22 17:37:54 - [TEST_STEP][PASSED] - logInfo($response): {"status":"Done","data":{"requestid1":"242634","requestid2":""}}

2022-11-22 17:37:54 - [MESSAGE][INFO] - {"status":"Done","data":{"requestid1":"242634","requestid2":""}}

2022-11-22 17:37:54 - [TEST_STEP][PASSED] - delay(3): Delayed 3 second(s)

2022-11-22 17:37:57 - [MESSAGE][PASSED] - Delayed 3 second(s)

2022-11-22 17:37:57 - [TEST_STEP][PASSED] - scoring = sendRequest(findTestObject("EngineScore", ["response_searchME_kons":response_searchME_kons, "response_searchME_spouse":response_searchME_spouse])): Send request successfully

2022-11-22 17:37:57 - [MESSAGE][INFO] - HAR: D:\DMS\Engine Scoring\Reports\20221122_171227\Exclude KKB - DS\Scoring Individu - DS\20221122_171227\requests\main\439.har

2022-11-22 17:37:57 - [MESSAGE][PASSED] - Send request successfully

2022-11-22 17:37:57 - [TEST_STEP][PASSED] - verifyResponseStatusCode(scoring, 200): Verify response status code successfully

2022-11-22 17:37:57 - [MESSAGE][PASSED] - Verify response status code successfully

2022-11-22 17:37:57 - [TEST_STEP][PASSED] - response2 = scoring.getResponseText(): null

2022-11-22 17:37:57 - [TEST_STEP][PASSED] - markPassed("result service data ke : " + no): result service data ke : 220

2022-11-22 17:37:57 - [MESSAGE][PASSED] - result service data ke : 220

2022-11-22 17:37:57 - [TEST_STEP][PASSED] - logInfo($response2): {"result_konsumen":"Reject","result_pasangan":"","Final_result":"Reject","errorMessage":"","status":"Done"}

2022-11-22 17:37:57 - [MESSAGE][INFO] - {"result_konsumen":"Reject","result_pasangan":"","Final_result":"Reject","errorMessage":"","status":"Done"}

2022-11-22 17:37:57 - [TEST_STEP][PASSED] - verifyElementPropertyValue(scoring, "Final_result", final_result): Verify element property value successfully

2022-11-22 17:37:57 - [MESSAGE][PASSED] - Verify element property value successfully]]></system-out>
         <system-err><![CDATA[]]></system-err>
      </testcase>
      <testcase name="Test Cases/Engine_Scoring/Engine Scoring" time="6.159" classname="Test Cases/Engine_Scoring/Engine Scoring" status="PASSED">
         <system-out><![CDATA[2022-11-22 17:37:57 - [TEST_CASE][PASSED] - Test Cases/Engine_Scoring/Engine Scoring: Test Cases/Engine_Scoring/Engine Scoring

2022-11-22 17:37:59 - [TEST_STEP][PASSED] - markPassed("Variasi data ke : " + no): Variasi data ke : 221

2022-11-22 17:37:59 - [MESSAGE][PASSED] - Variasi data ke : 221

2022-11-22 17:37:59 - [TEST_STEP][PASSED] - req_data = sendRequest(findTestObject("Search_ME", ["MID":MID, "source":source, "ip":ip, "userid":userid, "branch":branch, "tipekons":tipekons, "marital":marital, "penjamin":penjamin, ... ])): Send request successfully

2022-11-22 17:38:00 - [MESSAGE][INFO] - HAR: D:\DMS\Engine Scoring\Reports\20221122_171227\Exclude KKB - DS\Scoring Individu - DS\20221122_171227\requests\main\440.har

2022-11-22 17:38:00 - [MESSAGE][PASSED] - Send request successfully

2022-11-22 17:38:00 - [TEST_STEP][PASSED] - slurper = new groovy.json.JsonSlurper(): null

2022-11-22 17:38:00 - [TEST_STEP][PASSED] - result = slurper.parseText(req_data.getResponseBodyContent()): null

2022-11-22 17:38:00 - [TEST_STEP][PASSED] - reqid_kons = requestid1: null

2022-11-22 17:38:00 - [TEST_STEP][PASSED] - reqid_spouse = requestid2: null

2022-11-22 17:38:00 - [TEST_STEP][PASSED] - println("requestid kons : " + reqid_kons): null

2022-11-22 17:38:00 - [TEST_STEP][PASSED] - response_searchME_kons = reqid_kons: null

2022-11-22 17:38:00 - [TEST_STEP][PASSED] - response_searchME_spouse = reqid_spouse: null

2022-11-22 17:38:00 - [TEST_STEP][PASSED] - println("kons req id is :" + response_searchME_kons): null

2022-11-22 17:38:00 - [TEST_STEP][PASSED] - println("spouse req id is : " + response_searchME_spouse): null

2022-11-22 17:38:00 - [TEST_STEP][PASSED] - verifyResponseStatusCode(req_data, 200): Verify response status code successfully

2022-11-22 17:38:00 - [MESSAGE][PASSED] - Verify response status code successfully

2022-11-22 17:38:00 - [TEST_STEP][PASSED] - response = req_data.getResponseText(): null

2022-11-22 17:38:00 - [TEST_STEP][PASSED] - logInfo($response): {"status":"Done","data":{"requestid1":"242635","requestid2":""}}

2022-11-22 17:38:00 - [MESSAGE][INFO] - {"status":"Done","data":{"requestid1":"242635","requestid2":""}}

2022-11-22 17:38:00 - [TEST_STEP][PASSED] - delay(3): Delayed 3 second(s)

2022-11-22 17:38:03 - [MESSAGE][PASSED] - Delayed 3 second(s)

2022-11-22 17:38:03 - [TEST_STEP][PASSED] - scoring = sendRequest(findTestObject("EngineScore", ["response_searchME_kons":response_searchME_kons, "response_searchME_spouse":response_searchME_spouse])): Send request successfully

2022-11-22 17:38:04 - [MESSAGE][INFO] - HAR: D:\DMS\Engine Scoring\Reports\20221122_171227\Exclude KKB - DS\Scoring Individu - DS\20221122_171227\requests\main\441.har

2022-11-22 17:38:04 - [MESSAGE][PASSED] - Send request successfully

2022-11-22 17:38:04 - [TEST_STEP][PASSED] - verifyResponseStatusCode(scoring, 200): Verify response status code successfully

2022-11-22 17:38:04 - [MESSAGE][PASSED] - Verify response status code successfully

2022-11-22 17:38:04 - [TEST_STEP][PASSED] - response2 = scoring.getResponseText(): null

2022-11-22 17:38:04 - [TEST_STEP][PASSED] - markPassed("result service data ke : " + no): result service data ke : 221

2022-11-22 17:38:04 - [MESSAGE][PASSED] - result service data ke : 221

2022-11-22 17:38:04 - [TEST_STEP][PASSED] - logInfo($response2): {"result_konsumen":"Reject","result_pasangan":"","Final_result":"Reject","errorMessage":"","status":"Done"}

2022-11-22 17:38:04 - [MESSAGE][INFO] - {"result_konsumen":"Reject","result_pasangan":"","Final_result":"Reject","errorMessage":"","status":"Done"}

2022-11-22 17:38:04 - [TEST_STEP][PASSED] - verifyElementPropertyValue(scoring, "Final_result", final_result): Verify element property value successfully

2022-11-22 17:38:04 - [MESSAGE][PASSED] - Verify element property value successfully]]></system-out>
         <system-err><![CDATA[]]></system-err>
      </testcase>
      <testcase name="Test Cases/Engine_Scoring/Engine Scoring" time="5.749" classname="Test Cases/Engine_Scoring/Engine Scoring" status="PASSED">
         <system-out><![CDATA[2022-11-22 17:38:04 - [TEST_CASE][PASSED] - Test Cases/Engine_Scoring/Engine Scoring: Test Cases/Engine_Scoring/Engine Scoring

2022-11-22 17:38:05 - [TEST_STEP][PASSED] - markPassed("Variasi data ke : " + no): Variasi data ke : 222

2022-11-22 17:38:05 - [MESSAGE][PASSED] - Variasi data ke : 222

2022-11-22 17:38:05 - [TEST_STEP][PASSED] - req_data = sendRequest(findTestObject("Search_ME", ["MID":MID, "source":source, "ip":ip, "userid":userid, "branch":branch, "tipekons":tipekons, "marital":marital, "penjamin":penjamin, ... ])): Send request successfully

2022-11-22 17:38:06 - [MESSAGE][INFO] - HAR: D:\DMS\Engine Scoring\Reports\20221122_171227\Exclude KKB - DS\Scoring Individu - DS\20221122_171227\requests\main\442.har

2022-11-22 17:38:06 - [MESSAGE][PASSED] - Send request successfully

2022-11-22 17:38:06 - [TEST_STEP][PASSED] - slurper = new groovy.json.JsonSlurper(): null

2022-11-22 17:38:06 - [TEST_STEP][PASSED] - result = slurper.parseText(req_data.getResponseBodyContent()): null

2022-11-22 17:38:06 - [TEST_STEP][PASSED] - reqid_kons = requestid1: null

2022-11-22 17:38:06 - [TEST_STEP][PASSED] - reqid_spouse = requestid2: null

2022-11-22 17:38:06 - [TEST_STEP][PASSED] - println("requestid kons : " + reqid_kons): null

2022-11-22 17:38:06 - [TEST_STEP][PASSED] - response_searchME_kons = reqid_kons: null

2022-11-22 17:38:06 - [TEST_STEP][PASSED] - response_searchME_spouse = reqid_spouse: null

2022-11-22 17:38:06 - [TEST_STEP][PASSED] - println("kons req id is :" + response_searchME_kons): null

2022-11-22 17:38:06 - [TEST_STEP][PASSED] - println("spouse req id is : " + response_searchME_spouse): null

2022-11-22 17:38:06 - [TEST_STEP][PASSED] - verifyResponseStatusCode(req_data, 200): Verify response status code successfully

2022-11-22 17:38:06 - [MESSAGE][PASSED] - Verify response status code successfully

2022-11-22 17:38:06 - [TEST_STEP][PASSED] - response = req_data.getResponseText(): null

2022-11-22 17:38:06 - [TEST_STEP][PASSED] - logInfo($response): {"status":"Done","data":{"requestid1":"242636","requestid2":""}}

2022-11-22 17:38:06 - [MESSAGE][INFO] - {"status":"Done","data":{"requestid1":"242636","requestid2":""}}

2022-11-22 17:38:06 - [TEST_STEP][PASSED] - delay(3): Delayed 3 second(s)

2022-11-22 17:38:09 - [MESSAGE][PASSED] - Delayed 3 second(s)

2022-11-22 17:38:09 - [TEST_STEP][PASSED] - scoring = sendRequest(findTestObject("EngineScore", ["response_searchME_kons":response_searchME_kons, "response_searchME_spouse":response_searchME_spouse])): Send request successfully

2022-11-22 17:38:09 - [MESSAGE][INFO] - HAR: D:\DMS\Engine Scoring\Reports\20221122_171227\Exclude KKB - DS\Scoring Individu - DS\20221122_171227\requests\main\443.har

2022-11-22 17:38:09 - [MESSAGE][PASSED] - Send request successfully

2022-11-22 17:38:09 - [TEST_STEP][PASSED] - verifyResponseStatusCode(scoring, 200): Verify response status code successfully

2022-11-22 17:38:09 - [MESSAGE][PASSED] - Verify response status code successfully

2022-11-22 17:38:09 - [TEST_STEP][PASSED] - response2 = scoring.getResponseText(): null

2022-11-22 17:38:09 - [TEST_STEP][PASSED] - markPassed("result service data ke : " + no): result service data ke : 222

2022-11-22 17:38:09 - [MESSAGE][PASSED] - result service data ke : 222

2022-11-22 17:38:09 - [TEST_STEP][PASSED] - logInfo($response2): {"result_konsumen":"Reject","result_pasangan":"","Final_result":"Reject","errorMessage":"","status":"Done"}

2022-11-22 17:38:09 - [MESSAGE][INFO] - {"result_konsumen":"Reject","result_pasangan":"","Final_result":"Reject","errorMessage":"","status":"Done"}

2022-11-22 17:38:09 - [TEST_STEP][PASSED] - verifyElementPropertyValue(scoring, "Final_result", final_result): Verify element property value successfully

2022-11-22 17:38:09 - [MESSAGE][PASSED] - Verify element property value successfully]]></system-out>
         <system-err><![CDATA[]]></system-err>
      </testcase>
      <testcase name="Test Cases/Engine_Scoring/Engine Scoring" time="5.896" classname="Test Cases/Engine_Scoring/Engine Scoring" status="PASSED">
         <system-out><![CDATA[2022-11-22 17:38:09 - [TEST_CASE][PASSED] - Test Cases/Engine_Scoring/Engine Scoring: Test Cases/Engine_Scoring/Engine Scoring

2022-11-22 17:38:11 - [TEST_STEP][PASSED] - markPassed("Variasi data ke : " + no): Variasi data ke : 223

2022-11-22 17:38:11 - [MESSAGE][PASSED] - Variasi data ke : 223

2022-11-22 17:38:11 - [TEST_STEP][PASSED] - req_data = sendRequest(findTestObject("Search_ME", ["MID":MID, "source":source, "ip":ip, "userid":userid, "branch":branch, "tipekons":tipekons, "marital":marital, "penjamin":penjamin, ... ])): Send request successfully

2022-11-22 17:38:12 - [MESSAGE][INFO] - HAR: D:\DMS\Engine Scoring\Reports\20221122_171227\Exclude KKB - DS\Scoring Individu - DS\20221122_171227\requests\main\444.har

2022-11-22 17:38:12 - [MESSAGE][PASSED] - Send request successfully

2022-11-22 17:38:12 - [TEST_STEP][PASSED] - slurper = new groovy.json.JsonSlurper(): null

2022-11-22 17:38:12 - [TEST_STEP][PASSED] - result = slurper.parseText(req_data.getResponseBodyContent()): null

2022-11-22 17:38:12 - [TEST_STEP][PASSED] - reqid_kons = requestid1: null

2022-11-22 17:38:12 - [TEST_STEP][PASSED] - reqid_spouse = requestid2: null

2022-11-22 17:38:12 - [TEST_STEP][PASSED] - println("requestid kons : " + reqid_kons): null

2022-11-22 17:38:12 - [TEST_STEP][PASSED] - response_searchME_kons = reqid_kons: null

2022-11-22 17:38:12 - [TEST_STEP][PASSED] - response_searchME_spouse = reqid_spouse: null

2022-11-22 17:38:12 - [TEST_STEP][PASSED] - println("kons req id is :" + response_searchME_kons): null

2022-11-22 17:38:12 - [TEST_STEP][PASSED] - println("spouse req id is : " + response_searchME_spouse): null

2022-11-22 17:38:12 - [TEST_STEP][PASSED] - verifyResponseStatusCode(req_data, 200): Verify response status code successfully

2022-11-22 17:38:12 - [MESSAGE][PASSED] - Verify response status code successfully

2022-11-22 17:38:12 - [TEST_STEP][PASSED] - response = req_data.getResponseText(): null

2022-11-22 17:38:12 - [TEST_STEP][PASSED] - logInfo($response): {"status":"Done","data":{"requestid1":"242637","requestid2":""}}

2022-11-22 17:38:12 - [MESSAGE][INFO] - {"status":"Done","data":{"requestid1":"242637","requestid2":""}}

2022-11-22 17:38:12 - [TEST_STEP][PASSED] - delay(3): Delayed 3 second(s)

2022-11-22 17:38:15 - [MESSAGE][PASSED] - Delayed 3 second(s)

2022-11-22 17:38:15 - [TEST_STEP][PASSED] - scoring = sendRequest(findTestObject("EngineScore", ["response_searchME_kons":response_searchME_kons, "response_searchME_spouse":response_searchME_spouse])): Send request successfully

2022-11-22 17:38:15 - [MESSAGE][INFO] - HAR: D:\DMS\Engine Scoring\Reports\20221122_171227\Exclude KKB - DS\Scoring Individu - DS\20221122_171227\requests\main\445.har

2022-11-22 17:38:15 - [MESSAGE][PASSED] - Send request successfully

2022-11-22 17:38:15 - [TEST_STEP][PASSED] - verifyResponseStatusCode(scoring, 200): Verify response status code successfully

2022-11-22 17:38:15 - [MESSAGE][PASSED] - Verify response status code successfully

2022-11-22 17:38:15 - [TEST_STEP][PASSED] - response2 = scoring.getResponseText(): null

2022-11-22 17:38:15 - [TEST_STEP][PASSED] - markPassed("result service data ke : " + no): result service data ke : 223

2022-11-22 17:38:15 - [MESSAGE][PASSED] - result service data ke : 223

2022-11-22 17:38:15 - [TEST_STEP][PASSED] - logInfo($response2): {"result_konsumen":"Reject","result_pasangan":"","Final_result":"Reject","errorMessage":"","status":"Done"}

2022-11-22 17:38:15 - [MESSAGE][INFO] - {"result_konsumen":"Reject","result_pasangan":"","Final_result":"Reject","errorMessage":"","status":"Done"}

2022-11-22 17:38:15 - [TEST_STEP][PASSED] - verifyElementPropertyValue(scoring, "Final_result", final_result): Verify element property value successfully

2022-11-22 17:38:15 - [MESSAGE][PASSED] - Verify element property value successfully]]></system-out>
         <system-err><![CDATA[]]></system-err>
      </testcase>
      <testcase name="Test Cases/Engine_Scoring/Engine Scoring" time="6.201" classname="Test Cases/Engine_Scoring/Engine Scoring" status="PASSED">
         <system-out><![CDATA[2022-11-22 17:38:15 - [TEST_CASE][PASSED] - Test Cases/Engine_Scoring/Engine Scoring: Test Cases/Engine_Scoring/Engine Scoring

2022-11-22 17:38:17 - [TEST_STEP][PASSED] - markPassed("Variasi data ke : " + no): Variasi data ke : 224

2022-11-22 17:38:17 - [MESSAGE][PASSED] - Variasi data ke : 224

2022-11-22 17:38:17 - [TEST_STEP][PASSED] - req_data = sendRequest(findTestObject("Search_ME", ["MID":MID, "source":source, "ip":ip, "userid":userid, "branch":branch, "tipekons":tipekons, "marital":marital, "penjamin":penjamin, ... ])): Send request successfully

2022-11-22 17:38:18 - [MESSAGE][INFO] - HAR: D:\DMS\Engine Scoring\Reports\20221122_171227\Exclude KKB - DS\Scoring Individu - DS\20221122_171227\requests\main\446.har

2022-11-22 17:38:18 - [MESSAGE][PASSED] - Send request successfully

2022-11-22 17:38:18 - [TEST_STEP][PASSED] - slurper = new groovy.json.JsonSlurper(): null

2022-11-22 17:38:18 - [TEST_STEP][PASSED] - result = slurper.parseText(req_data.getResponseBodyContent()): null

2022-11-22 17:38:18 - [TEST_STEP][PASSED] - reqid_kons = requestid1: null

2022-11-22 17:38:18 - [TEST_STEP][PASSED] - reqid_spouse = requestid2: null

2022-11-22 17:38:18 - [TEST_STEP][PASSED] - println("requestid kons : " + reqid_kons): null

2022-11-22 17:38:18 - [TEST_STEP][PASSED] - response_searchME_kons = reqid_kons: null

2022-11-22 17:38:18 - [TEST_STEP][PASSED] - response_searchME_spouse = reqid_spouse: null

2022-11-22 17:38:18 - [TEST_STEP][PASSED] - println("kons req id is :" + response_searchME_kons): null

2022-11-22 17:38:18 - [TEST_STEP][PASSED] - println("spouse req id is : " + response_searchME_spouse): null

2022-11-22 17:38:18 - [TEST_STEP][PASSED] - verifyResponseStatusCode(req_data, 200): Verify response status code successfully

2022-11-22 17:38:18 - [MESSAGE][PASSED] - Verify response status code successfully

2022-11-22 17:38:18 - [TEST_STEP][PASSED] - response = req_data.getResponseText(): null

2022-11-22 17:38:18 - [TEST_STEP][PASSED] - logInfo($response): {"status":"Done","data":{"requestid1":"242638","requestid2":""}}

2022-11-22 17:38:18 - [MESSAGE][INFO] - {"status":"Done","data":{"requestid1":"242638","requestid2":""}}

2022-11-22 17:38:18 - [TEST_STEP][PASSED] - delay(3): Delayed 3 second(s)

2022-11-22 17:38:21 - [MESSAGE][PASSED] - Delayed 3 second(s)

2022-11-22 17:38:21 - [TEST_STEP][PASSED] - scoring = sendRequest(findTestObject("EngineScore", ["response_searchME_kons":response_searchME_kons, "response_searchME_spouse":response_searchME_spouse])): Send request successfully

2022-11-22 17:38:22 - [MESSAGE][INFO] - HAR: D:\DMS\Engine Scoring\Reports\20221122_171227\Exclude KKB - DS\Scoring Individu - DS\20221122_171227\requests\main\447.har

2022-11-22 17:38:22 - [MESSAGE][PASSED] - Send request successfully

2022-11-22 17:38:22 - [TEST_STEP][PASSED] - verifyResponseStatusCode(scoring, 200): Verify response status code successfully

2022-11-22 17:38:22 - [MESSAGE][PASSED] - Verify response status code successfully

2022-11-22 17:38:22 - [TEST_STEP][PASSED] - response2 = scoring.getResponseText(): null

2022-11-22 17:38:22 - [TEST_STEP][PASSED] - markPassed("result service data ke : " + no): result service data ke : 224

2022-11-22 17:38:22 - [MESSAGE][PASSED] - result service data ke : 224

2022-11-22 17:38:22 - [TEST_STEP][PASSED] - logInfo($response2): {"result_konsumen":"Reject","result_pasangan":"","Final_result":"Reject","errorMessage":"","status":"Done"}

2022-11-22 17:38:22 - [MESSAGE][INFO] - {"result_konsumen":"Reject","result_pasangan":"","Final_result":"Reject","errorMessage":"","status":"Done"}

2022-11-22 17:38:22 - [TEST_STEP][PASSED] - verifyElementPropertyValue(scoring, "Final_result", final_result): Verify element property value successfully

2022-11-22 17:38:22 - [MESSAGE][PASSED] - Verify element property value successfully]]></system-out>
         <system-err><![CDATA[]]></system-err>
      </testcase>
      <testcase name="Test Cases/Engine_Scoring/Engine Scoring" time="5.938" classname="Test Cases/Engine_Scoring/Engine Scoring" status="PASSED">
         <system-out><![CDATA[2022-11-22 17:38:22 - [TEST_CASE][PASSED] - Test Cases/Engine_Scoring/Engine Scoring: Test Cases/Engine_Scoring/Engine Scoring

2022-11-22 17:38:23 - [TEST_STEP][PASSED] - markPassed("Variasi data ke : " + no): Variasi data ke : 225

2022-11-22 17:38:23 - [MESSAGE][PASSED] - Variasi data ke : 225

2022-11-22 17:38:23 - [TEST_STEP][PASSED] - req_data = sendRequest(findTestObject("Search_ME", ["MID":MID, "source":source, "ip":ip, "userid":userid, "branch":branch, "tipekons":tipekons, "marital":marital, "penjamin":penjamin, ... ])): Send request successfully

2022-11-22 17:38:24 - [MESSAGE][INFO] - HAR: D:\DMS\Engine Scoring\Reports\20221122_171227\Exclude KKB - DS\Scoring Individu - DS\20221122_171227\requests\main\448.har

2022-11-22 17:38:24 - [MESSAGE][PASSED] - Send request successfully

2022-11-22 17:38:24 - [TEST_STEP][PASSED] - slurper = new groovy.json.JsonSlurper(): null

2022-11-22 17:38:24 - [TEST_STEP][PASSED] - result = slurper.parseText(req_data.getResponseBodyContent()): null

2022-11-22 17:38:24 - [TEST_STEP][PASSED] - reqid_kons = requestid1: null

2022-11-22 17:38:24 - [TEST_STEP][PASSED] - reqid_spouse = requestid2: null

2022-11-22 17:38:24 - [TEST_STEP][PASSED] - println("requestid kons : " + reqid_kons): null

2022-11-22 17:38:24 - [TEST_STEP][PASSED] - response_searchME_kons = reqid_kons: null

2022-11-22 17:38:24 - [TEST_STEP][PASSED] - response_searchME_spouse = reqid_spouse: null

2022-11-22 17:38:24 - [TEST_STEP][PASSED] - println("kons req id is :" + response_searchME_kons): null

2022-11-22 17:38:24 - [TEST_STEP][PASSED] - println("spouse req id is : " + response_searchME_spouse): null

2022-11-22 17:38:24 - [TEST_STEP][PASSED] - verifyResponseStatusCode(req_data, 200): Verify response status code successfully

2022-11-22 17:38:24 - [MESSAGE][PASSED] - Verify response status code successfully

2022-11-22 17:38:24 - [TEST_STEP][PASSED] - response = req_data.getResponseText(): null

2022-11-22 17:38:24 - [TEST_STEP][PASSED] - logInfo($response): {"status":"Done","data":{"requestid1":"242639","requestid2":""}}

2022-11-22 17:38:24 - [MESSAGE][INFO] - {"status":"Done","data":{"requestid1":"242639","requestid2":""}}

2022-11-22 17:38:24 - [TEST_STEP][PASSED] - delay(3): Delayed 3 second(s)

2022-11-22 17:38:28 - [MESSAGE][PASSED] - Delayed 3 second(s)

2022-11-22 17:38:28 - [TEST_STEP][PASSED] - scoring = sendRequest(findTestObject("EngineScore", ["response_searchME_kons":response_searchME_kons, "response_searchME_spouse":response_searchME_spouse])): Send request successfully

2022-11-22 17:38:28 - [MESSAGE][INFO] - HAR: D:\DMS\Engine Scoring\Reports\20221122_171227\Exclude KKB - DS\Scoring Individu - DS\20221122_171227\requests\main\449.har

2022-11-22 17:38:28 - [MESSAGE][PASSED] - Send request successfully

2022-11-22 17:38:28 - [TEST_STEP][PASSED] - verifyResponseStatusCode(scoring, 200): Verify response status code successfully

2022-11-22 17:38:28 - [MESSAGE][PASSED] - Verify response status code successfully

2022-11-22 17:38:28 - [TEST_STEP][PASSED] - response2 = scoring.getResponseText(): null

2022-11-22 17:38:28 - [TEST_STEP][PASSED] - markPassed("result service data ke : " + no): result service data ke : 225

2022-11-22 17:38:28 - [MESSAGE][PASSED] - result service data ke : 225

2022-11-22 17:38:28 - [TEST_STEP][PASSED] - logInfo($response2): {"result_konsumen":"Reject","result_pasangan":"","Final_result":"Reject","errorMessage":"","status":"Done"}

2022-11-22 17:38:28 - [MESSAGE][INFO] - {"result_konsumen":"Reject","result_pasangan":"","Final_result":"Reject","errorMessage":"","status":"Done"}

2022-11-22 17:38:28 - [TEST_STEP][PASSED] - verifyElementPropertyValue(scoring, "Final_result", final_result): Verify element property value successfully

2022-11-22 17:38:28 - [MESSAGE][PASSED] - Verify element property value successfully]]></system-out>
         <system-err><![CDATA[]]></system-err>
      </testcase>
      <testcase name="Test Cases/Engine_Scoring/Engine Scoring" time="5.859" classname="Test Cases/Engine_Scoring/Engine Scoring" status="PASSED">
         <system-out><![CDATA[2022-11-22 17:38:28 - [TEST_CASE][PASSED] - Test Cases/Engine_Scoring/Engine Scoring: Test Cases/Engine_Scoring/Engine Scoring

2022-11-22 17:38:29 - [TEST_STEP][PASSED] - markPassed("Variasi data ke : " + no): Variasi data ke : 226

2022-11-22 17:38:29 - [MESSAGE][PASSED] - Variasi data ke : 226

2022-11-22 17:38:29 - [TEST_STEP][PASSED] - req_data = sendRequest(findTestObject("Search_ME", ["MID":MID, "source":source, "ip":ip, "userid":userid, "branch":branch, "tipekons":tipekons, "marital":marital, "penjamin":penjamin, ... ])): Send request successfully

2022-11-22 17:38:30 - [MESSAGE][INFO] - HAR: D:\DMS\Engine Scoring\Reports\20221122_171227\Exclude KKB - DS\Scoring Individu - DS\20221122_171227\requests\main\450.har

2022-11-22 17:38:30 - [MESSAGE][PASSED] - Send request successfully

2022-11-22 17:38:30 - [TEST_STEP][PASSED] - slurper = new groovy.json.JsonSlurper(): null

2022-11-22 17:38:30 - [TEST_STEP][PASSED] - result = slurper.parseText(req_data.getResponseBodyContent()): null

2022-11-22 17:38:30 - [TEST_STEP][PASSED] - reqid_kons = requestid1: null

2022-11-22 17:38:30 - [TEST_STEP][PASSED] - reqid_spouse = requestid2: null

2022-11-22 17:38:30 - [TEST_STEP][PASSED] - println("requestid kons : " + reqid_kons): null

2022-11-22 17:38:30 - [TEST_STEP][PASSED] - response_searchME_kons = reqid_kons: null

2022-11-22 17:38:30 - [TEST_STEP][PASSED] - response_searchME_spouse = reqid_spouse: null

2022-11-22 17:38:30 - [TEST_STEP][PASSED] - println("kons req id is :" + response_searchME_kons): null

2022-11-22 17:38:30 - [TEST_STEP][PASSED] - println("spouse req id is : " + response_searchME_spouse): null

2022-11-22 17:38:30 - [TEST_STEP][PASSED] - verifyResponseStatusCode(req_data, 200): Verify response status code successfully

2022-11-22 17:38:30 - [MESSAGE][PASSED] - Verify response status code successfully

2022-11-22 17:38:30 - [TEST_STEP][PASSED] - response = req_data.getResponseText(): null

2022-11-22 17:38:30 - [TEST_STEP][PASSED] - logInfo($response): {"status":"Done","data":{"requestid1":"242640","requestid2":""}}

2022-11-22 17:38:30 - [MESSAGE][INFO] - {"status":"Done","data":{"requestid1":"242640","requestid2":""}}

2022-11-22 17:38:30 - [TEST_STEP][PASSED] - delay(3): Delayed 3 second(s)

2022-11-22 17:38:33 - [MESSAGE][PASSED] - Delayed 3 second(s)

2022-11-22 17:38:33 - [TEST_STEP][PASSED] - scoring = sendRequest(findTestObject("EngineScore", ["response_searchME_kons":response_searchME_kons, "response_searchME_spouse":response_searchME_spouse])): Send request successfully

2022-11-22 17:38:34 - [MESSAGE][INFO] - HAR: D:\DMS\Engine Scoring\Reports\20221122_171227\Exclude KKB - DS\Scoring Individu - DS\20221122_171227\requests\main\451.har

2022-11-22 17:38:34 - [MESSAGE][PASSED] - Send request successfully

2022-11-22 17:38:34 - [TEST_STEP][PASSED] - verifyResponseStatusCode(scoring, 200): Verify response status code successfully

2022-11-22 17:38:34 - [MESSAGE][PASSED] - Verify response status code successfully

2022-11-22 17:38:34 - [TEST_STEP][PASSED] - response2 = scoring.getResponseText(): null

2022-11-22 17:38:34 - [TEST_STEP][PASSED] - markPassed("result service data ke : " + no): result service data ke : 226

2022-11-22 17:38:34 - [MESSAGE][PASSED] - result service data ke : 226

2022-11-22 17:38:34 - [TEST_STEP][PASSED] - logInfo($response2): {"result_konsumen":"Reject","result_pasangan":"","Final_result":"Reject","errorMessage":"","status":"Done"}

2022-11-22 17:38:34 - [MESSAGE][INFO] - {"result_konsumen":"Reject","result_pasangan":"","Final_result":"Reject","errorMessage":"","status":"Done"}

2022-11-22 17:38:34 - [TEST_STEP][PASSED] - verifyElementPropertyValue(scoring, "Final_result", final_result): Verify element property value successfully

2022-11-22 17:38:34 - [MESSAGE][PASSED] - Verify element property value successfully]]></system-out>
         <system-err><![CDATA[]]></system-err>
      </testcase>
      <testcase name="Test Cases/Engine_Scoring/Engine Scoring" time="5.92" classname="Test Cases/Engine_Scoring/Engine Scoring" status="PASSED">
         <system-out><![CDATA[2022-11-22 17:38:34 - [TEST_CASE][PASSED] - Test Cases/Engine_Scoring/Engine Scoring: Test Cases/Engine_Scoring/Engine Scoring

2022-11-22 17:38:35 - [TEST_STEP][PASSED] - markPassed("Variasi data ke : " + no): Variasi data ke : 227

2022-11-22 17:38:35 - [MESSAGE][PASSED] - Variasi data ke : 227

2022-11-22 17:38:35 - [TEST_STEP][PASSED] - req_data = sendRequest(findTestObject("Search_ME", ["MID":MID, "source":source, "ip":ip, "userid":userid, "branch":branch, "tipekons":tipekons, "marital":marital, "penjamin":penjamin, ... ])): Send request successfully

2022-11-22 17:38:36 - [MESSAGE][INFO] - HAR: D:\DMS\Engine Scoring\Reports\20221122_171227\Exclude KKB - DS\Scoring Individu - DS\20221122_171227\requests\main\452.har

2022-11-22 17:38:36 - [MESSAGE][PASSED] - Send request successfully

2022-11-22 17:38:36 - [TEST_STEP][PASSED] - slurper = new groovy.json.JsonSlurper(): null

2022-11-22 17:38:36 - [TEST_STEP][PASSED] - result = slurper.parseText(req_data.getResponseBodyContent()): null

2022-11-22 17:38:36 - [TEST_STEP][PASSED] - reqid_kons = requestid1: null

2022-11-22 17:38:36 - [TEST_STEP][PASSED] - reqid_spouse = requestid2: null

2022-11-22 17:38:36 - [TEST_STEP][PASSED] - println("requestid kons : " + reqid_kons): null

2022-11-22 17:38:36 - [TEST_STEP][PASSED] - response_searchME_kons = reqid_kons: null

2022-11-22 17:38:36 - [TEST_STEP][PASSED] - response_searchME_spouse = reqid_spouse: null

2022-11-22 17:38:36 - [TEST_STEP][PASSED] - println("kons req id is :" + response_searchME_kons): null

2022-11-22 17:38:36 - [TEST_STEP][PASSED] - println("spouse req id is : " + response_searchME_spouse): null

2022-11-22 17:38:36 - [TEST_STEP][PASSED] - verifyResponseStatusCode(req_data, 200): Verify response status code successfully

2022-11-22 17:38:36 - [MESSAGE][PASSED] - Verify response status code successfully

2022-11-22 17:38:36 - [TEST_STEP][PASSED] - response = req_data.getResponseText(): null

2022-11-22 17:38:36 - [TEST_STEP][PASSED] - logInfo($response): {"status":"Done","data":{"requestid1":"242641","requestid2":""}}

2022-11-22 17:38:36 - [MESSAGE][INFO] - {"status":"Done","data":{"requestid1":"242641","requestid2":""}}

2022-11-22 17:38:36 - [TEST_STEP][PASSED] - delay(3): Delayed 3 second(s)

2022-11-22 17:38:39 - [MESSAGE][PASSED] - Delayed 3 second(s)

2022-11-22 17:38:39 - [TEST_STEP][PASSED] - scoring = sendRequest(findTestObject("EngineScore", ["response_searchME_kons":response_searchME_kons, "response_searchME_spouse":response_searchME_spouse])): Send request successfully

2022-11-22 17:38:40 - [MESSAGE][INFO] - HAR: D:\DMS\Engine Scoring\Reports\20221122_171227\Exclude KKB - DS\Scoring Individu - DS\20221122_171227\requests\main\453.har

2022-11-22 17:38:40 - [MESSAGE][PASSED] - Send request successfully

2022-11-22 17:38:40 - [TEST_STEP][PASSED] - verifyResponseStatusCode(scoring, 200): Verify response status code successfully

2022-11-22 17:38:40 - [MESSAGE][PASSED] - Verify response status code successfully

2022-11-22 17:38:40 - [TEST_STEP][PASSED] - response2 = scoring.getResponseText(): null

2022-11-22 17:38:40 - [TEST_STEP][PASSED] - markPassed("result service data ke : " + no): result service data ke : 227

2022-11-22 17:38:40 - [MESSAGE][PASSED] - result service data ke : 227

2022-11-22 17:38:40 - [TEST_STEP][PASSED] - logInfo($response2): {"result_konsumen":"Reject","result_pasangan":"","Final_result":"Reject","errorMessage":"","status":"Done"}

2022-11-22 17:38:40 - [MESSAGE][INFO] - {"result_konsumen":"Reject","result_pasangan":"","Final_result":"Reject","errorMessage":"","status":"Done"}

2022-11-22 17:38:40 - [TEST_STEP][PASSED] - verifyElementPropertyValue(scoring, "Final_result", final_result): Verify element property value successfully

2022-11-22 17:38:40 - [MESSAGE][PASSED] - Verify element property value successfully]]></system-out>
         <system-err><![CDATA[]]></system-err>
      </testcase>
      <testcase name="Test Cases/Engine_Scoring/Engine Scoring" time="5.856" classname="Test Cases/Engine_Scoring/Engine Scoring" status="PASSED">
         <system-out><![CDATA[2022-11-22 17:38:40 - [TEST_CASE][PASSED] - Test Cases/Engine_Scoring/Engine Scoring: Test Cases/Engine_Scoring/Engine Scoring

2022-11-22 17:38:41 - [TEST_STEP][PASSED] - markPassed("Variasi data ke : " + no): Variasi data ke : 228

2022-11-22 17:38:41 - [MESSAGE][PASSED] - Variasi data ke : 228

2022-11-22 17:38:41 - [TEST_STEP][PASSED] - req_data = sendRequest(findTestObject("Search_ME", ["MID":MID, "source":source, "ip":ip, "userid":userid, "branch":branch, "tipekons":tipekons, "marital":marital, "penjamin":penjamin, ... ])): Send request successfully

2022-11-22 17:38:42 - [MESSAGE][INFO] - HAR: D:\DMS\Engine Scoring\Reports\20221122_171227\Exclude KKB - DS\Scoring Individu - DS\20221122_171227\requests\main\454.har

2022-11-22 17:38:42 - [MESSAGE][PASSED] - Send request successfully

2022-11-22 17:38:42 - [TEST_STEP][PASSED] - slurper = new groovy.json.JsonSlurper(): null

2022-11-22 17:38:42 - [TEST_STEP][PASSED] - result = slurper.parseText(req_data.getResponseBodyContent()): null

2022-11-22 17:38:42 - [TEST_STEP][PASSED] - reqid_kons = requestid1: null

2022-11-22 17:38:42 - [TEST_STEP][PASSED] - reqid_spouse = requestid2: null

2022-11-22 17:38:42 - [TEST_STEP][PASSED] - println("requestid kons : " + reqid_kons): null

2022-11-22 17:38:42 - [TEST_STEP][PASSED] - response_searchME_kons = reqid_kons: null

2022-11-22 17:38:42 - [TEST_STEP][PASSED] - response_searchME_spouse = reqid_spouse: null

2022-11-22 17:38:42 - [TEST_STEP][PASSED] - println("kons req id is :" + response_searchME_kons): null

2022-11-22 17:38:42 - [TEST_STEP][PASSED] - println("spouse req id is : " + response_searchME_spouse): null

2022-11-22 17:38:42 - [TEST_STEP][PASSED] - verifyResponseStatusCode(req_data, 200): Verify response status code successfully

2022-11-22 17:38:42 - [MESSAGE][PASSED] - Verify response status code successfully

2022-11-22 17:38:42 - [TEST_STEP][PASSED] - response = req_data.getResponseText(): null

2022-11-22 17:38:42 - [TEST_STEP][PASSED] - logInfo($response): {"status":"Done","data":{"requestid1":"242642","requestid2":""}}

2022-11-22 17:38:42 - [MESSAGE][INFO] - {"status":"Done","data":{"requestid1":"242642","requestid2":""}}

2022-11-22 17:38:42 - [TEST_STEP][PASSED] - delay(3): Delayed 3 second(s)

2022-11-22 17:38:45 - [MESSAGE][PASSED] - Delayed 3 second(s)

2022-11-22 17:38:45 - [TEST_STEP][PASSED] - scoring = sendRequest(findTestObject("EngineScore", ["response_searchME_kons":response_searchME_kons, "response_searchME_spouse":response_searchME_spouse])): Send request successfully

2022-11-22 17:38:45 - [MESSAGE][INFO] - HAR: D:\DMS\Engine Scoring\Reports\20221122_171227\Exclude KKB - DS\Scoring Individu - DS\20221122_171227\requests\main\455.har

2022-11-22 17:38:45 - [MESSAGE][PASSED] - Send request successfully

2022-11-22 17:38:45 - [TEST_STEP][PASSED] - verifyResponseStatusCode(scoring, 200): Verify response status code successfully

2022-11-22 17:38:45 - [MESSAGE][PASSED] - Verify response status code successfully

2022-11-22 17:38:45 - [TEST_STEP][PASSED] - response2 = scoring.getResponseText(): null

2022-11-22 17:38:45 - [TEST_STEP][PASSED] - markPassed("result service data ke : " + no): result service data ke : 228

2022-11-22 17:38:45 - [MESSAGE][PASSED] - result service data ke : 228

2022-11-22 17:38:45 - [TEST_STEP][PASSED] - logInfo($response2): {"result_konsumen":"Reject","result_pasangan":"","Final_result":"Reject","errorMessage":"","status":"Done"}

2022-11-22 17:38:45 - [MESSAGE][INFO] - {"result_konsumen":"Reject","result_pasangan":"","Final_result":"Reject","errorMessage":"","status":"Done"}

2022-11-22 17:38:45 - [TEST_STEP][PASSED] - verifyElementPropertyValue(scoring, "Final_result", final_result): Verify element property value successfully

2022-11-22 17:38:45 - [MESSAGE][PASSED] - Verify element property value successfully]]></system-out>
         <system-err><![CDATA[]]></system-err>
      </testcase>
      <testcase name="Test Cases/Engine_Scoring/Engine Scoring" time="5.767" classname="Test Cases/Engine_Scoring/Engine Scoring" status="PASSED">
         <system-out><![CDATA[2022-11-22 17:38:46 - [TEST_CASE][PASSED] - Test Cases/Engine_Scoring/Engine Scoring: Test Cases/Engine_Scoring/Engine Scoring

2022-11-22 17:38:47 - [TEST_STEP][PASSED] - markPassed("Variasi data ke : " + no): Variasi data ke : 229

2022-11-22 17:38:47 - [MESSAGE][PASSED] - Variasi data ke : 229

2022-11-22 17:38:47 - [TEST_STEP][PASSED] - req_data = sendRequest(findTestObject("Search_ME", ["MID":MID, "source":source, "ip":ip, "userid":userid, "branch":branch, "tipekons":tipekons, "marital":marital, "penjamin":penjamin, ... ])): Send request successfully

2022-11-22 17:38:48 - [MESSAGE][INFO] - HAR: D:\DMS\Engine Scoring\Reports\20221122_171227\Exclude KKB - DS\Scoring Individu - DS\20221122_171227\requests\main\456.har

2022-11-22 17:38:48 - [MESSAGE][PASSED] - Send request successfully

2022-11-22 17:38:48 - [TEST_STEP][PASSED] - slurper = new groovy.json.JsonSlurper(): null

2022-11-22 17:38:48 - [TEST_STEP][PASSED] - result = slurper.parseText(req_data.getResponseBodyContent()): null

2022-11-22 17:38:48 - [TEST_STEP][PASSED] - reqid_kons = requestid1: null

2022-11-22 17:38:48 - [TEST_STEP][PASSED] - reqid_spouse = requestid2: null

2022-11-22 17:38:48 - [TEST_STEP][PASSED] - println("requestid kons : " + reqid_kons): null

2022-11-22 17:38:48 - [TEST_STEP][PASSED] - response_searchME_kons = reqid_kons: null

2022-11-22 17:38:48 - [TEST_STEP][PASSED] - response_searchME_spouse = reqid_spouse: null

2022-11-22 17:38:48 - [TEST_STEP][PASSED] - println("kons req id is :" + response_searchME_kons): null

2022-11-22 17:38:48 - [TEST_STEP][PASSED] - println("spouse req id is : " + response_searchME_spouse): null

2022-11-22 17:38:48 - [TEST_STEP][PASSED] - verifyResponseStatusCode(req_data, 200): Verify response status code successfully

2022-11-22 17:38:48 - [MESSAGE][PASSED] - Verify response status code successfully

2022-11-22 17:38:48 - [TEST_STEP][PASSED] - response = req_data.getResponseText(): null

2022-11-22 17:38:48 - [TEST_STEP][PASSED] - logInfo($response): {"status":"Done","data":{"requestid1":"242643","requestid2":""}}

2022-11-22 17:38:48 - [MESSAGE][INFO] - {"status":"Done","data":{"requestid1":"242643","requestid2":""}}

2022-11-22 17:38:48 - [TEST_STEP][PASSED] - delay(3): Delayed 3 second(s)

2022-11-22 17:38:51 - [MESSAGE][PASSED] - Delayed 3 second(s)

2022-11-22 17:38:51 - [TEST_STEP][PASSED] - scoring = sendRequest(findTestObject("EngineScore", ["response_searchME_kons":response_searchME_kons, "response_searchME_spouse":response_searchME_spouse])): Send request successfully

2022-11-22 17:38:51 - [MESSAGE][INFO] - HAR: D:\DMS\Engine Scoring\Reports\20221122_171227\Exclude KKB - DS\Scoring Individu - DS\20221122_171227\requests\main\457.har

2022-11-22 17:38:51 - [MESSAGE][PASSED] - Send request successfully

2022-11-22 17:38:51 - [TEST_STEP][PASSED] - verifyResponseStatusCode(scoring, 200): Verify response status code successfully

2022-11-22 17:38:51 - [MESSAGE][PASSED] - Verify response status code successfully

2022-11-22 17:38:51 - [TEST_STEP][PASSED] - response2 = scoring.getResponseText(): null

2022-11-22 17:38:51 - [TEST_STEP][PASSED] - markPassed("result service data ke : " + no): result service data ke : 229

2022-11-22 17:38:51 - [MESSAGE][PASSED] - result service data ke : 229

2022-11-22 17:38:51 - [TEST_STEP][PASSED] - logInfo($response2): {"result_konsumen":"Reject","result_pasangan":"","Final_result":"Reject","errorMessage":"","status":"Done"}

2022-11-22 17:38:51 - [MESSAGE][INFO] - {"result_konsumen":"Reject","result_pasangan":"","Final_result":"Reject","errorMessage":"","status":"Done"}

2022-11-22 17:38:51 - [TEST_STEP][PASSED] - verifyElementPropertyValue(scoring, "Final_result", final_result): Verify element property value successfully

2022-11-22 17:38:51 - [MESSAGE][PASSED] - Verify element property value successfully]]></system-out>
         <system-err><![CDATA[]]></system-err>
      </testcase>
      <testcase name="Test Cases/Engine_Scoring/Engine Scoring" time="5.856" classname="Test Cases/Engine_Scoring/Engine Scoring" status="PASSED">
         <system-out><![CDATA[2022-11-22 17:38:51 - [TEST_CASE][PASSED] - Test Cases/Engine_Scoring/Engine Scoring: Test Cases/Engine_Scoring/Engine Scoring

2022-11-22 17:38:53 - [TEST_STEP][PASSED] - markPassed("Variasi data ke : " + no): Variasi data ke : 230

2022-11-22 17:38:53 - [MESSAGE][PASSED] - Variasi data ke : 230

2022-11-22 17:38:53 - [TEST_STEP][PASSED] - req_data = sendRequest(findTestObject("Search_ME", ["MID":MID, "source":source, "ip":ip, "userid":userid, "branch":branch, "tipekons":tipekons, "marital":marital, "penjamin":penjamin, ... ])): Send request successfully

2022-11-22 17:38:54 - [MESSAGE][INFO] - HAR: D:\DMS\Engine Scoring\Reports\20221122_171227\Exclude KKB - DS\Scoring Individu - DS\20221122_171227\requests\main\458.har

2022-11-22 17:38:54 - [MESSAGE][PASSED] - Send request successfully

2022-11-22 17:38:54 - [TEST_STEP][PASSED] - slurper = new groovy.json.JsonSlurper(): null

2022-11-22 17:38:54 - [TEST_STEP][PASSED] - result = slurper.parseText(req_data.getResponseBodyContent()): null

2022-11-22 17:38:54 - [TEST_STEP][PASSED] - reqid_kons = requestid1: null

2022-11-22 17:38:54 - [TEST_STEP][PASSED] - reqid_spouse = requestid2: null

2022-11-22 17:38:54 - [TEST_STEP][PASSED] - println("requestid kons : " + reqid_kons): null

2022-11-22 17:38:54 - [TEST_STEP][PASSED] - response_searchME_kons = reqid_kons: null

2022-11-22 17:38:54 - [TEST_STEP][PASSED] - response_searchME_spouse = reqid_spouse: null

2022-11-22 17:38:54 - [TEST_STEP][PASSED] - println("kons req id is :" + response_searchME_kons): null

2022-11-22 17:38:54 - [TEST_STEP][PASSED] - println("spouse req id is : " + response_searchME_spouse): null

2022-11-22 17:38:54 - [TEST_STEP][PASSED] - verifyResponseStatusCode(req_data, 200): Verify response status code successfully

2022-11-22 17:38:54 - [MESSAGE][PASSED] - Verify response status code successfully

2022-11-22 17:38:54 - [TEST_STEP][PASSED] - response = req_data.getResponseText(): null

2022-11-22 17:38:54 - [TEST_STEP][PASSED] - logInfo($response): {"status":"Done","data":{"requestid1":"242644","requestid2":""}}

2022-11-22 17:38:54 - [MESSAGE][INFO] - {"status":"Done","data":{"requestid1":"242644","requestid2":""}}

2022-11-22 17:38:54 - [TEST_STEP][PASSED] - delay(3): Delayed 3 second(s)

2022-11-22 17:38:57 - [MESSAGE][PASSED] - Delayed 3 second(s)

2022-11-22 17:38:57 - [TEST_STEP][PASSED] - scoring = sendRequest(findTestObject("EngineScore", ["response_searchME_kons":response_searchME_kons, "response_searchME_spouse":response_searchME_spouse])): Send request successfully

2022-11-22 17:38:57 - [MESSAGE][INFO] - HAR: D:\DMS\Engine Scoring\Reports\20221122_171227\Exclude KKB - DS\Scoring Individu - DS\20221122_171227\requests\main\459.har

2022-11-22 17:38:57 - [MESSAGE][PASSED] - Send request successfully

2022-11-22 17:38:57 - [TEST_STEP][PASSED] - verifyResponseStatusCode(scoring, 200): Verify response status code successfully

2022-11-22 17:38:57 - [MESSAGE][PASSED] - Verify response status code successfully

2022-11-22 17:38:57 - [TEST_STEP][PASSED] - response2 = scoring.getResponseText(): null

2022-11-22 17:38:57 - [TEST_STEP][PASSED] - markPassed("result service data ke : " + no): result service data ke : 230

2022-11-22 17:38:57 - [MESSAGE][PASSED] - result service data ke : 230

2022-11-22 17:38:57 - [TEST_STEP][PASSED] - logInfo($response2): {"result_konsumen":"Reject","result_pasangan":"","Final_result":"Reject","errorMessage":"","status":"Done"}

2022-11-22 17:38:57 - [MESSAGE][INFO] - {"result_konsumen":"Reject","result_pasangan":"","Final_result":"Reject","errorMessage":"","status":"Done"}

2022-11-22 17:38:57 - [TEST_STEP][PASSED] - verifyElementPropertyValue(scoring, "Final_result", final_result): Verify element property value successfully

2022-11-22 17:38:57 - [MESSAGE][PASSED] - Verify element property value successfully]]></system-out>
         <system-err><![CDATA[]]></system-err>
      </testcase>
      <testcase name="Test Cases/Engine_Scoring/Engine Scoring" time="5.912" classname="Test Cases/Engine_Scoring/Engine Scoring" status="PASSED">
         <system-out><![CDATA[2022-11-22 17:38:57 - [TEST_CASE][PASSED] - Test Cases/Engine_Scoring/Engine Scoring: Test Cases/Engine_Scoring/Engine Scoring

2022-11-22 17:38:59 - [TEST_STEP][PASSED] - markPassed("Variasi data ke : " + no): Variasi data ke : 231

2022-11-22 17:38:59 - [MESSAGE][PASSED] - Variasi data ke : 231

2022-11-22 17:38:59 - [TEST_STEP][PASSED] - req_data = sendRequest(findTestObject("Search_ME", ["MID":MID, "source":source, "ip":ip, "userid":userid, "branch":branch, "tipekons":tipekons, "marital":marital, "penjamin":penjamin, ... ])): Send request successfully

2022-11-22 17:39:00 - [MESSAGE][INFO] - HAR: D:\DMS\Engine Scoring\Reports\20221122_171227\Exclude KKB - DS\Scoring Individu - DS\20221122_171227\requests\main\460.har

2022-11-22 17:39:00 - [MESSAGE][PASSED] - Send request successfully

2022-11-22 17:39:00 - [TEST_STEP][PASSED] - slurper = new groovy.json.JsonSlurper(): null

2022-11-22 17:39:00 - [TEST_STEP][PASSED] - result = slurper.parseText(req_data.getResponseBodyContent()): null

2022-11-22 17:39:00 - [TEST_STEP][PASSED] - reqid_kons = requestid1: null

2022-11-22 17:39:00 - [TEST_STEP][PASSED] - reqid_spouse = requestid2: null

2022-11-22 17:39:00 - [TEST_STEP][PASSED] - println("requestid kons : " + reqid_kons): null

2022-11-22 17:39:00 - [TEST_STEP][PASSED] - response_searchME_kons = reqid_kons: null

2022-11-22 17:39:00 - [TEST_STEP][PASSED] - response_searchME_spouse = reqid_spouse: null

2022-11-22 17:39:00 - [TEST_STEP][PASSED] - println("kons req id is :" + response_searchME_kons): null

2022-11-22 17:39:00 - [TEST_STEP][PASSED] - println("spouse req id is : " + response_searchME_spouse): null

2022-11-22 17:39:00 - [TEST_STEP][PASSED] - verifyResponseStatusCode(req_data, 200): Verify response status code successfully

2022-11-22 17:39:00 - [MESSAGE][PASSED] - Verify response status code successfully

2022-11-22 17:39:00 - [TEST_STEP][PASSED] - response = req_data.getResponseText(): null

2022-11-22 17:39:00 - [TEST_STEP][PASSED] - logInfo($response): {"status":"Done","data":{"requestid1":"242645","requestid2":""}}

2022-11-22 17:39:00 - [MESSAGE][INFO] - {"status":"Done","data":{"requestid1":"242645","requestid2":""}}

2022-11-22 17:39:00 - [TEST_STEP][PASSED] - delay(3): Delayed 3 second(s)

2022-11-22 17:39:03 - [MESSAGE][PASSED] - Delayed 3 second(s)

2022-11-22 17:39:03 - [TEST_STEP][PASSED] - scoring = sendRequest(findTestObject("EngineScore", ["response_searchME_kons":response_searchME_kons, "response_searchME_spouse":response_searchME_spouse])): Send request successfully

2022-11-22 17:39:03 - [MESSAGE][INFO] - HAR: D:\DMS\Engine Scoring\Reports\20221122_171227\Exclude KKB - DS\Scoring Individu - DS\20221122_171227\requests\main\461.har

2022-11-22 17:39:03 - [MESSAGE][PASSED] - Send request successfully

2022-11-22 17:39:03 - [TEST_STEP][PASSED] - verifyResponseStatusCode(scoring, 200): Verify response status code successfully

2022-11-22 17:39:03 - [MESSAGE][PASSED] - Verify response status code successfully

2022-11-22 17:39:03 - [TEST_STEP][PASSED] - response2 = scoring.getResponseText(): null

2022-11-22 17:39:03 - [TEST_STEP][PASSED] - markPassed("result service data ke : " + no): result service data ke : 231

2022-11-22 17:39:03 - [MESSAGE][PASSED] - result service data ke : 231

2022-11-22 17:39:03 - [TEST_STEP][PASSED] - logInfo($response2): {"result_konsumen":"Reject","result_pasangan":"","Final_result":"Reject","errorMessage":"","status":"Done"}

2022-11-22 17:39:03 - [MESSAGE][INFO] - {"result_konsumen":"Reject","result_pasangan":"","Final_result":"Reject","errorMessage":"","status":"Done"}

2022-11-22 17:39:03 - [TEST_STEP][PASSED] - verifyElementPropertyValue(scoring, "Final_result", final_result): Verify element property value successfully

2022-11-22 17:39:03 - [MESSAGE][PASSED] - Verify element property value successfully]]></system-out>
         <system-err><![CDATA[]]></system-err>
      </testcase>
      <testcase name="Test Cases/Engine_Scoring/Engine Scoring" time="10.074" classname="Test Cases/Engine_Scoring/Engine Scoring" status="PASSED">
         <system-out><![CDATA[2022-11-22 17:39:33 - [TEST_CASE][PASSED] - Test Cases/Engine_Scoring/Engine Scoring: Test Cases/Engine_Scoring/Engine Scoring

2022-11-22 17:39:38 - [TEST_STEP][PASSED] - markPassed("Variasi data ke : " + no): Variasi data ke : 232

2022-11-22 17:39:38 - [MESSAGE][PASSED] - Variasi data ke : 232

2022-11-22 17:39:38 - [TEST_STEP][PASSED] - req_data = sendRequest(findTestObject("Search_ME", ["MID":MID, "source":source, "ip":ip, "userid":userid, "branch":branch, "tipekons":tipekons, "marital":marital, "penjamin":penjamin, ... ])): Send request successfully

2022-11-22 17:39:40 - [MESSAGE][INFO] - HAR: D:\DMS\Engine Scoring\Reports\20221122_171227\Exclude KKB - DS\Scoring Individu - DS\20221122_171227\requests\main\462.har

2022-11-22 17:39:40 - [MESSAGE][PASSED] - Send request successfully

2022-11-22 17:39:40 - [TEST_STEP][PASSED] - slurper = new groovy.json.JsonSlurper(): null

2022-11-22 17:39:40 - [TEST_STEP][PASSED] - result = slurper.parseText(req_data.getResponseBodyContent()): null

2022-11-22 17:39:40 - [TEST_STEP][PASSED] - reqid_kons = requestid1: null

2022-11-22 17:39:40 - [TEST_STEP][PASSED] - reqid_spouse = requestid2: null

2022-11-22 17:39:40 - [TEST_STEP][PASSED] - println("requestid kons : " + reqid_kons): null

2022-11-22 17:39:40 - [TEST_STEP][PASSED] - response_searchME_kons = reqid_kons: null

2022-11-22 17:39:40 - [TEST_STEP][PASSED] - response_searchME_spouse = reqid_spouse: null

2022-11-22 17:39:40 - [TEST_STEP][PASSED] - println("kons req id is :" + response_searchME_kons): null

2022-11-22 17:39:40 - [TEST_STEP][PASSED] - println("spouse req id is : " + response_searchME_spouse): null

2022-11-22 17:39:40 - [TEST_STEP][PASSED] - verifyResponseStatusCode(req_data, 200): Verify response status code successfully

2022-11-22 17:39:40 - [MESSAGE][PASSED] - Verify response status code successfully

2022-11-22 17:39:40 - [TEST_STEP][PASSED] - response = req_data.getResponseText(): null

2022-11-22 17:39:40 - [TEST_STEP][PASSED] - logInfo($response): {"status":"Done","data":{"requestid1":"242646","requestid2":""}}

2022-11-22 17:39:40 - [MESSAGE][INFO] - {"status":"Done","data":{"requestid1":"242646","requestid2":""}}

2022-11-22 17:39:40 - [TEST_STEP][PASSED] - delay(3): Delayed 3 second(s)

2022-11-22 17:39:43 - [MESSAGE][PASSED] - Delayed 3 second(s)

2022-11-22 17:39:43 - [TEST_STEP][PASSED] - scoring = sendRequest(findTestObject("EngineScore", ["response_searchME_kons":response_searchME_kons, "response_searchME_spouse":response_searchME_spouse])): Send request successfully

2022-11-22 17:39:43 - [MESSAGE][INFO] - HAR: D:\DMS\Engine Scoring\Reports\20221122_171227\Exclude KKB - DS\Scoring Individu - DS\20221122_171227\requests\main\463.har

2022-11-22 17:39:43 - [MESSAGE][PASSED] - Send request successfully

2022-11-22 17:39:43 - [TEST_STEP][PASSED] - verifyResponseStatusCode(scoring, 200): Verify response status code successfully

2022-11-22 17:39:43 - [MESSAGE][PASSED] - Verify response status code successfully

2022-11-22 17:39:43 - [TEST_STEP][PASSED] - response2 = scoring.getResponseText(): null

2022-11-22 17:39:43 - [TEST_STEP][PASSED] - markPassed("result service data ke : " + no): result service data ke : 232

2022-11-22 17:39:43 - [MESSAGE][PASSED] - result service data ke : 232

2022-11-22 17:39:43 - [TEST_STEP][PASSED] - logInfo($response2): {"result_konsumen":"Reject","result_pasangan":"","Final_result":"Reject","errorMessage":"","status":"Done"}

2022-11-22 17:39:43 - [MESSAGE][INFO] - {"result_konsumen":"Reject","result_pasangan":"","Final_result":"Reject","errorMessage":"","status":"Done"}

2022-11-22 17:39:43 - [TEST_STEP][PASSED] - verifyElementPropertyValue(scoring, "Final_result", final_result): Verify element property value successfully

2022-11-22 17:39:43 - [MESSAGE][PASSED] - Verify element property value successfully]]></system-out>
         <system-err><![CDATA[]]></system-err>
      </testcase>
      <testcase name="Test Cases/Engine_Scoring/Engine Scoring" time="11.816" classname="Test Cases/Engine_Scoring/Engine Scoring" status="PASSED">
         <system-out><![CDATA[2022-11-22 17:39:43 - [TEST_CASE][PASSED] - Test Cases/Engine_Scoring/Engine Scoring: Test Cases/Engine_Scoring/Engine Scoring

2022-11-22 17:39:50 - [TEST_STEP][PASSED] - markPassed("Variasi data ke : " + no): Variasi data ke : 233

2022-11-22 17:39:50 - [MESSAGE][PASSED] - Variasi data ke : 233

2022-11-22 17:39:50 - [TEST_STEP][PASSED] - req_data = sendRequest(findTestObject("Search_ME", ["MID":MID, "source":source, "ip":ip, "userid":userid, "branch":branch, "tipekons":tipekons, "marital":marital, "penjamin":penjamin, ... ])): Send request successfully

2022-11-22 17:39:52 - [MESSAGE][INFO] - HAR: D:\DMS\Engine Scoring\Reports\20221122_171227\Exclude KKB - DS\Scoring Individu - DS\20221122_171227\requests\main\464.har

2022-11-22 17:39:52 - [MESSAGE][PASSED] - Send request successfully

2022-11-22 17:39:52 - [TEST_STEP][PASSED] - slurper = new groovy.json.JsonSlurper(): null

2022-11-22 17:39:52 - [TEST_STEP][PASSED] - result = slurper.parseText(req_data.getResponseBodyContent()): null

2022-11-22 17:39:52 - [TEST_STEP][PASSED] - reqid_kons = requestid1: null

2022-11-22 17:39:52 - [TEST_STEP][PASSED] - reqid_spouse = requestid2: null

2022-11-22 17:39:52 - [TEST_STEP][PASSED] - println("requestid kons : " + reqid_kons): null

2022-11-22 17:39:52 - [TEST_STEP][PASSED] - response_searchME_kons = reqid_kons: null

2022-11-22 17:39:52 - [TEST_STEP][PASSED] - response_searchME_spouse = reqid_spouse: null

2022-11-22 17:39:52 - [TEST_STEP][PASSED] - println("kons req id is :" + response_searchME_kons): null

2022-11-22 17:39:52 - [TEST_STEP][PASSED] - println("spouse req id is : " + response_searchME_spouse): null

2022-11-22 17:39:52 - [TEST_STEP][PASSED] - verifyResponseStatusCode(req_data, 200): Verify response status code successfully

2022-11-22 17:39:52 - [MESSAGE][PASSED] - Verify response status code successfully

2022-11-22 17:39:52 - [TEST_STEP][PASSED] - response = req_data.getResponseText(): null

2022-11-22 17:39:52 - [TEST_STEP][PASSED] - logInfo($response): {"status":"Done","data":{"requestid1":"242647","requestid2":""}}

2022-11-22 17:39:52 - [MESSAGE][INFO] - {"status":"Done","data":{"requestid1":"242647","requestid2":""}}

2022-11-22 17:39:52 - [TEST_STEP][PASSED] - delay(3): Delayed 3 second(s)

2022-11-22 17:39:55 - [MESSAGE][PASSED] - Delayed 3 second(s)

2022-11-22 17:39:55 - [TEST_STEP][PASSED] - scoring = sendRequest(findTestObject("EngineScore", ["response_searchME_kons":response_searchME_kons, "response_searchME_spouse":response_searchME_spouse])): Send request successfully

2022-11-22 17:39:55 - [MESSAGE][INFO] - HAR: D:\DMS\Engine Scoring\Reports\20221122_171227\Exclude KKB - DS\Scoring Individu - DS\20221122_171227\requests\main\465.har

2022-11-22 17:39:55 - [MESSAGE][PASSED] - Send request successfully

2022-11-22 17:39:55 - [TEST_STEP][PASSED] - verifyResponseStatusCode(scoring, 200): Verify response status code successfully

2022-11-22 17:39:55 - [MESSAGE][PASSED] - Verify response status code successfully

2022-11-22 17:39:55 - [TEST_STEP][PASSED] - response2 = scoring.getResponseText(): null

2022-11-22 17:39:55 - [TEST_STEP][PASSED] - markPassed("result service data ke : " + no): result service data ke : 233

2022-11-22 17:39:55 - [MESSAGE][PASSED] - result service data ke : 233

2022-11-22 17:39:55 - [TEST_STEP][PASSED] - logInfo($response2): {"result_konsumen":"Reject","result_pasangan":"","Final_result":"Reject","errorMessage":"","status":"Done"}

2022-11-22 17:39:55 - [MESSAGE][INFO] - {"result_konsumen":"Reject","result_pasangan":"","Final_result":"Reject","errorMessage":"","status":"Done"}

2022-11-22 17:39:55 - [TEST_STEP][PASSED] - verifyElementPropertyValue(scoring, "Final_result", final_result): Verify element property value successfully

2022-11-22 17:39:55 - [MESSAGE][PASSED] - Verify element property value successfully]]></system-out>
         <system-err><![CDATA[]]></system-err>
      </testcase>
      <testcase name="Test Cases/Engine_Scoring/Engine Scoring" time="6.098" classname="Test Cases/Engine_Scoring/Engine Scoring" status="PASSED">
         <system-out><![CDATA[2022-11-22 17:39:55 - [TEST_CASE][PASSED] - Test Cases/Engine_Scoring/Engine Scoring: Test Cases/Engine_Scoring/Engine Scoring

2022-11-22 17:39:56 - [TEST_STEP][PASSED] - markPassed("Variasi data ke : " + no): Variasi data ke : 234

2022-11-22 17:39:56 - [MESSAGE][PASSED] - Variasi data ke : 234

2022-11-22 17:39:56 - [TEST_STEP][PASSED] - req_data = sendRequest(findTestObject("Search_ME", ["MID":MID, "source":source, "ip":ip, "userid":userid, "branch":branch, "tipekons":tipekons, "marital":marital, "penjamin":penjamin, ... ])): Send request successfully

2022-11-22 17:39:58 - [MESSAGE][INFO] - HAR: D:\DMS\Engine Scoring\Reports\20221122_171227\Exclude KKB - DS\Scoring Individu - DS\20221122_171227\requests\main\466.har

2022-11-22 17:39:58 - [MESSAGE][PASSED] - Send request successfully

2022-11-22 17:39:58 - [TEST_STEP][PASSED] - slurper = new groovy.json.JsonSlurper(): null

2022-11-22 17:39:58 - [TEST_STEP][PASSED] - result = slurper.parseText(req_data.getResponseBodyContent()): null

2022-11-22 17:39:58 - [TEST_STEP][PASSED] - reqid_kons = requestid1: null

2022-11-22 17:39:58 - [TEST_STEP][PASSED] - reqid_spouse = requestid2: null

2022-11-22 17:39:58 - [TEST_STEP][PASSED] - println("requestid kons : " + reqid_kons): null

2022-11-22 17:39:58 - [TEST_STEP][PASSED] - response_searchME_kons = reqid_kons: null

2022-11-22 17:39:58 - [TEST_STEP][PASSED] - response_searchME_spouse = reqid_spouse: null

2022-11-22 17:39:58 - [TEST_STEP][PASSED] - println("kons req id is :" + response_searchME_kons): null

2022-11-22 17:39:58 - [TEST_STEP][PASSED] - println("spouse req id is : " + response_searchME_spouse): null

2022-11-22 17:39:58 - [TEST_STEP][PASSED] - verifyResponseStatusCode(req_data, 200): Verify response status code successfully

2022-11-22 17:39:58 - [MESSAGE][PASSED] - Verify response status code successfully

2022-11-22 17:39:58 - [TEST_STEP][PASSED] - response = req_data.getResponseText(): null

2022-11-22 17:39:58 - [TEST_STEP][PASSED] - logInfo($response): {"status":"Done","data":{"requestid1":"242648","requestid2":""}}

2022-11-22 17:39:58 - [MESSAGE][INFO] - {"status":"Done","data":{"requestid1":"242648","requestid2":""}}

2022-11-22 17:39:58 - [TEST_STEP][PASSED] - delay(3): Delayed 3 second(s)

2022-11-22 17:40:01 - [MESSAGE][PASSED] - Delayed 3 second(s)

2022-11-22 17:40:01 - [TEST_STEP][PASSED] - scoring = sendRequest(findTestObject("EngineScore", ["response_searchME_kons":response_searchME_kons, "response_searchME_spouse":response_searchME_spouse])): Send request successfully

2022-11-22 17:40:01 - [MESSAGE][INFO] - HAR: D:\DMS\Engine Scoring\Reports\20221122_171227\Exclude KKB - DS\Scoring Individu - DS\20221122_171227\requests\main\467.har

2022-11-22 17:40:01 - [MESSAGE][PASSED] - Send request successfully

2022-11-22 17:40:01 - [TEST_STEP][PASSED] - verifyResponseStatusCode(scoring, 200): Verify response status code successfully

2022-11-22 17:40:01 - [MESSAGE][PASSED] - Verify response status code successfully

2022-11-22 17:40:01 - [TEST_STEP][PASSED] - response2 = scoring.getResponseText(): null

2022-11-22 17:40:01 - [TEST_STEP][PASSED] - markPassed("result service data ke : " + no): result service data ke : 234

2022-11-22 17:40:01 - [MESSAGE][PASSED] - result service data ke : 234

2022-11-22 17:40:01 - [TEST_STEP][PASSED] - logInfo($response2): {"result_konsumen":"Reject","result_pasangan":"","Final_result":"Reject","errorMessage":"","status":"Done"}

2022-11-22 17:40:01 - [MESSAGE][INFO] - {"result_konsumen":"Reject","result_pasangan":"","Final_result":"Reject","errorMessage":"","status":"Done"}

2022-11-22 17:40:01 - [TEST_STEP][PASSED] - verifyElementPropertyValue(scoring, "Final_result", final_result): Verify element property value successfully

2022-11-22 17:40:01 - [MESSAGE][PASSED] - Verify element property value successfully]]></system-out>
         <system-err><![CDATA[]]></system-err>
      </testcase>
      <testcase name="Test Cases/Engine_Scoring/Engine Scoring" time="5.888" classname="Test Cases/Engine_Scoring/Engine Scoring" status="PASSED">
         <system-out><![CDATA[2022-11-22 17:40:01 - [TEST_CASE][PASSED] - Test Cases/Engine_Scoring/Engine Scoring: Test Cases/Engine_Scoring/Engine Scoring

2022-11-22 17:40:02 - [TEST_STEP][PASSED] - markPassed("Variasi data ke : " + no): Variasi data ke : 235

2022-11-22 17:40:02 - [MESSAGE][PASSED] - Variasi data ke : 235

2022-11-22 17:40:02 - [TEST_STEP][PASSED] - req_data = sendRequest(findTestObject("Search_ME", ["MID":MID, "source":source, "ip":ip, "userid":userid, "branch":branch, "tipekons":tipekons, "marital":marital, "penjamin":penjamin, ... ])): Send request successfully

2022-11-22 17:40:04 - [MESSAGE][INFO] - HAR: D:\DMS\Engine Scoring\Reports\20221122_171227\Exclude KKB - DS\Scoring Individu - DS\20221122_171227\requests\main\468.har

2022-11-22 17:40:04 - [MESSAGE][PASSED] - Send request successfully

2022-11-22 17:40:04 - [TEST_STEP][PASSED] - slurper = new groovy.json.JsonSlurper(): null

2022-11-22 17:40:04 - [TEST_STEP][PASSED] - result = slurper.parseText(req_data.getResponseBodyContent()): null

2022-11-22 17:40:04 - [TEST_STEP][PASSED] - reqid_kons = requestid1: null

2022-11-22 17:40:04 - [TEST_STEP][PASSED] - reqid_spouse = requestid2: null

2022-11-22 17:40:04 - [TEST_STEP][PASSED] - println("requestid kons : " + reqid_kons): null

2022-11-22 17:40:04 - [TEST_STEP][PASSED] - response_searchME_kons = reqid_kons: null

2022-11-22 17:40:04 - [TEST_STEP][PASSED] - response_searchME_spouse = reqid_spouse: null

2022-11-22 17:40:04 - [TEST_STEP][PASSED] - println("kons req id is :" + response_searchME_kons): null

2022-11-22 17:40:04 - [TEST_STEP][PASSED] - println("spouse req id is : " + response_searchME_spouse): null

2022-11-22 17:40:04 - [TEST_STEP][PASSED] - verifyResponseStatusCode(req_data, 200): Verify response status code successfully

2022-11-22 17:40:04 - [MESSAGE][PASSED] - Verify response status code successfully

2022-11-22 17:40:04 - [TEST_STEP][PASSED] - response = req_data.getResponseText(): null

2022-11-22 17:40:04 - [TEST_STEP][PASSED] - logInfo($response): {"status":"Done","data":{"requestid1":"242649","requestid2":""}}

2022-11-22 17:40:04 - [MESSAGE][INFO] - {"status":"Done","data":{"requestid1":"242649","requestid2":""}}

2022-11-22 17:40:04 - [TEST_STEP][PASSED] - delay(3): Delayed 3 second(s)

2022-11-22 17:40:07 - [MESSAGE][PASSED] - Delayed 3 second(s)

2022-11-22 17:40:07 - [TEST_STEP][PASSED] - scoring = sendRequest(findTestObject("EngineScore", ["response_searchME_kons":response_searchME_kons, "response_searchME_spouse":response_searchME_spouse])): Send request successfully

2022-11-22 17:40:07 - [MESSAGE][INFO] - HAR: D:\DMS\Engine Scoring\Reports\20221122_171227\Exclude KKB - DS\Scoring Individu - DS\20221122_171227\requests\main\469.har

2022-11-22 17:40:07 - [MESSAGE][PASSED] - Send request successfully

2022-11-22 17:40:07 - [TEST_STEP][PASSED] - verifyResponseStatusCode(scoring, 200): Verify response status code successfully

2022-11-22 17:40:07 - [MESSAGE][PASSED] - Verify response status code successfully

2022-11-22 17:40:07 - [TEST_STEP][PASSED] - response2 = scoring.getResponseText(): null

2022-11-22 17:40:07 - [TEST_STEP][PASSED] - markPassed("result service data ke : " + no): result service data ke : 235

2022-11-22 17:40:07 - [MESSAGE][PASSED] - result service data ke : 235

2022-11-22 17:40:07 - [TEST_STEP][PASSED] - logInfo($response2): {"result_konsumen":"Reject","result_pasangan":"","Final_result":"Reject","errorMessage":"","status":"Done"}

2022-11-22 17:40:07 - [MESSAGE][INFO] - {"result_konsumen":"Reject","result_pasangan":"","Final_result":"Reject","errorMessage":"","status":"Done"}

2022-11-22 17:40:07 - [TEST_STEP][PASSED] - verifyElementPropertyValue(scoring, "Final_result", final_result): Verify element property value successfully

2022-11-22 17:40:07 - [MESSAGE][PASSED] - Verify element property value successfully]]></system-out>
         <system-err><![CDATA[]]></system-err>
      </testcase>
      <testcase name="Test Cases/Engine_Scoring/Engine Scoring" time="6.124" classname="Test Cases/Engine_Scoring/Engine Scoring" status="PASSED">
         <system-out><![CDATA[2022-11-22 17:40:07 - [TEST_CASE][PASSED] - Test Cases/Engine_Scoring/Engine Scoring: Test Cases/Engine_Scoring/Engine Scoring

2022-11-22 17:40:09 - [TEST_STEP][PASSED] - markPassed("Variasi data ke : " + no): Variasi data ke : 236

2022-11-22 17:40:09 - [MESSAGE][PASSED] - Variasi data ke : 236

2022-11-22 17:40:09 - [TEST_STEP][PASSED] - req_data = sendRequest(findTestObject("Search_ME", ["MID":MID, "source":source, "ip":ip, "userid":userid, "branch":branch, "tipekons":tipekons, "marital":marital, "penjamin":penjamin, ... ])): Send request successfully

2022-11-22 17:40:10 - [MESSAGE][INFO] - HAR: D:\DMS\Engine Scoring\Reports\20221122_171227\Exclude KKB - DS\Scoring Individu - DS\20221122_171227\requests\main\470.har

2022-11-22 17:40:10 - [MESSAGE][PASSED] - Send request successfully

2022-11-22 17:40:10 - [TEST_STEP][PASSED] - slurper = new groovy.json.JsonSlurper(): null

2022-11-22 17:40:10 - [TEST_STEP][PASSED] - result = slurper.parseText(req_data.getResponseBodyContent()): null

2022-11-22 17:40:10 - [TEST_STEP][PASSED] - reqid_kons = requestid1: null

2022-11-22 17:40:10 - [TEST_STEP][PASSED] - reqid_spouse = requestid2: null

2022-11-22 17:40:10 - [TEST_STEP][PASSED] - println("requestid kons : " + reqid_kons): null

2022-11-22 17:40:10 - [TEST_STEP][PASSED] - response_searchME_kons = reqid_kons: null

2022-11-22 17:40:10 - [TEST_STEP][PASSED] - response_searchME_spouse = reqid_spouse: null

2022-11-22 17:40:10 - [TEST_STEP][PASSED] - println("kons req id is :" + response_searchME_kons): null

2022-11-22 17:40:10 - [TEST_STEP][PASSED] - println("spouse req id is : " + response_searchME_spouse): null

2022-11-22 17:40:10 - [TEST_STEP][PASSED] - verifyResponseStatusCode(req_data, 200): Verify response status code successfully

2022-11-22 17:40:10 - [MESSAGE][PASSED] - Verify response status code successfully

2022-11-22 17:40:10 - [TEST_STEP][PASSED] - response = req_data.getResponseText(): null

2022-11-22 17:40:10 - [TEST_STEP][PASSED] - logInfo($response): {"status":"Done","data":{"requestid1":"242650","requestid2":""}}

2022-11-22 17:40:10 - [MESSAGE][INFO] - {"status":"Done","data":{"requestid1":"242650","requestid2":""}}

2022-11-22 17:40:10 - [TEST_STEP][PASSED] - delay(3): Delayed 3 second(s)

2022-11-22 17:40:13 - [MESSAGE][PASSED] - Delayed 3 second(s)

2022-11-22 17:40:13 - [TEST_STEP][PASSED] - scoring = sendRequest(findTestObject("EngineScore", ["response_searchME_kons":response_searchME_kons, "response_searchME_spouse":response_searchME_spouse])): Send request successfully

2022-11-22 17:40:13 - [MESSAGE][INFO] - HAR: D:\DMS\Engine Scoring\Reports\20221122_171227\Exclude KKB - DS\Scoring Individu - DS\20221122_171227\requests\main\471.har

2022-11-22 17:40:13 - [MESSAGE][PASSED] - Send request successfully

2022-11-22 17:40:13 - [TEST_STEP][PASSED] - verifyResponseStatusCode(scoring, 200): Verify response status code successfully

2022-11-22 17:40:13 - [MESSAGE][PASSED] - Verify response status code successfully

2022-11-22 17:40:13 - [TEST_STEP][PASSED] - response2 = scoring.getResponseText(): null

2022-11-22 17:40:13 - [TEST_STEP][PASSED] - markPassed("result service data ke : " + no): result service data ke : 236

2022-11-22 17:40:13 - [MESSAGE][PASSED] - result service data ke : 236

2022-11-22 17:40:13 - [TEST_STEP][PASSED] - logInfo($response2): {"result_konsumen":"Reject","result_pasangan":"","Final_result":"Reject","errorMessage":"","status":"Done"}

2022-11-22 17:40:13 - [MESSAGE][INFO] - {"result_konsumen":"Reject","result_pasangan":"","Final_result":"Reject","errorMessage":"","status":"Done"}

2022-11-22 17:40:13 - [TEST_STEP][PASSED] - verifyElementPropertyValue(scoring, "Final_result", final_result): Verify element property value successfully

2022-11-22 17:40:13 - [MESSAGE][PASSED] - Verify element property value successfully]]></system-out>
         <system-err><![CDATA[]]></system-err>
      </testcase>
      <testcase name="Test Cases/Engine_Scoring/Engine Scoring" time="6.377" classname="Test Cases/Engine_Scoring/Engine Scoring" status="PASSED">
         <system-out><![CDATA[2022-11-22 17:40:13 - [TEST_CASE][PASSED] - Test Cases/Engine_Scoring/Engine Scoring: Test Cases/Engine_Scoring/Engine Scoring

2022-11-22 17:40:15 - [TEST_STEP][PASSED] - markPassed("Variasi data ke : " + no): Variasi data ke : 237

2022-11-22 17:40:15 - [MESSAGE][PASSED] - Variasi data ke : 237

2022-11-22 17:40:15 - [TEST_STEP][PASSED] - req_data = sendRequest(findTestObject("Search_ME", ["MID":MID, "source":source, "ip":ip, "userid":userid, "branch":branch, "tipekons":tipekons, "marital":marital, "penjamin":penjamin, ... ])): Send request successfully

2022-11-22 17:40:16 - [MESSAGE][INFO] - HAR: D:\DMS\Engine Scoring\Reports\20221122_171227\Exclude KKB - DS\Scoring Individu - DS\20221122_171227\requests\main\472.har

2022-11-22 17:40:16 - [MESSAGE][PASSED] - Send request successfully

2022-11-22 17:40:16 - [TEST_STEP][PASSED] - slurper = new groovy.json.JsonSlurper(): null

2022-11-22 17:40:16 - [TEST_STEP][PASSED] - result = slurper.parseText(req_data.getResponseBodyContent()): null

2022-11-22 17:40:16 - [TEST_STEP][PASSED] - reqid_kons = requestid1: null

2022-11-22 17:40:16 - [TEST_STEP][PASSED] - reqid_spouse = requestid2: null

2022-11-22 17:40:16 - [TEST_STEP][PASSED] - println("requestid kons : " + reqid_kons): null

2022-11-22 17:40:16 - [TEST_STEP][PASSED] - response_searchME_kons = reqid_kons: null

2022-11-22 17:40:16 - [TEST_STEP][PASSED] - response_searchME_spouse = reqid_spouse: null

2022-11-22 17:40:16 - [TEST_STEP][PASSED] - println("kons req id is :" + response_searchME_kons): null

2022-11-22 17:40:16 - [TEST_STEP][PASSED] - println("spouse req id is : " + response_searchME_spouse): null

2022-11-22 17:40:16 - [TEST_STEP][PASSED] - verifyResponseStatusCode(req_data, 200): Verify response status code successfully

2022-11-22 17:40:16 - [MESSAGE][PASSED] - Verify response status code successfully

2022-11-22 17:40:16 - [TEST_STEP][PASSED] - response = req_data.getResponseText(): null

2022-11-22 17:40:16 - [TEST_STEP][PASSED] - logInfo($response): {"status":"Done","data":{"requestid1":"242651","requestid2":""}}

2022-11-22 17:40:16 - [MESSAGE][INFO] - {"status":"Done","data":{"requestid1":"242651","requestid2":""}}

2022-11-22 17:40:16 - [TEST_STEP][PASSED] - delay(3): Delayed 3 second(s)

2022-11-22 17:40:19 - [MESSAGE][PASSED] - Delayed 3 second(s)

2022-11-22 17:40:19 - [TEST_STEP][PASSED] - scoring = sendRequest(findTestObject("EngineScore", ["response_searchME_kons":response_searchME_kons, "response_searchME_spouse":response_searchME_spouse])): Send request successfully

2022-11-22 17:40:19 - [MESSAGE][INFO] - HAR: D:\DMS\Engine Scoring\Reports\20221122_171227\Exclude KKB - DS\Scoring Individu - DS\20221122_171227\requests\main\473.har

2022-11-22 17:40:19 - [MESSAGE][PASSED] - Send request successfully

2022-11-22 17:40:19 - [TEST_STEP][PASSED] - verifyResponseStatusCode(scoring, 200): Verify response status code successfully

2022-11-22 17:40:19 - [MESSAGE][PASSED] - Verify response status code successfully

2022-11-22 17:40:19 - [TEST_STEP][PASSED] - response2 = scoring.getResponseText(): null

2022-11-22 17:40:19 - [TEST_STEP][PASSED] - markPassed("result service data ke : " + no): result service data ke : 237

2022-11-22 17:40:19 - [MESSAGE][PASSED] - result service data ke : 237

2022-11-22 17:40:19 - [TEST_STEP][PASSED] - logInfo($response2): {"result_konsumen":"Reject","result_pasangan":"","Final_result":"Reject","errorMessage":"","status":"Done"}

2022-11-22 17:40:19 - [MESSAGE][INFO] - {"result_konsumen":"Reject","result_pasangan":"","Final_result":"Reject","errorMessage":"","status":"Done"}

2022-11-22 17:40:19 - [TEST_STEP][PASSED] - verifyElementPropertyValue(scoring, "Final_result", final_result): Verify element property value successfully

2022-11-22 17:40:20 - [MESSAGE][PASSED] - Verify element property value successfully]]></system-out>
         <system-err><![CDATA[]]></system-err>
      </testcase>
      <testcase name="Test Cases/Engine_Scoring/Engine Scoring" time="6.573" classname="Test Cases/Engine_Scoring/Engine Scoring" status="PASSED">
         <system-out><![CDATA[2022-11-22 17:40:20 - [TEST_CASE][PASSED] - Test Cases/Engine_Scoring/Engine Scoring: Test Cases/Engine_Scoring/Engine Scoring

2022-11-22 17:40:21 - [TEST_STEP][PASSED] - markPassed("Variasi data ke : " + no): Variasi data ke : 238

2022-11-22 17:40:21 - [MESSAGE][PASSED] - Variasi data ke : 238

2022-11-22 17:40:21 - [TEST_STEP][PASSED] - req_data = sendRequest(findTestObject("Search_ME", ["MID":MID, "source":source, "ip":ip, "userid":userid, "branch":branch, "tipekons":tipekons, "marital":marital, "penjamin":penjamin, ... ])): Send request successfully

2022-11-22 17:40:23 - [MESSAGE][INFO] - HAR: D:\DMS\Engine Scoring\Reports\20221122_171227\Exclude KKB - DS\Scoring Individu - DS\20221122_171227\requests\main\474.har

2022-11-22 17:40:23 - [MESSAGE][PASSED] - Send request successfully

2022-11-22 17:40:23 - [TEST_STEP][PASSED] - slurper = new groovy.json.JsonSlurper(): null

2022-11-22 17:40:23 - [TEST_STEP][PASSED] - result = slurper.parseText(req_data.getResponseBodyContent()): null

2022-11-22 17:40:23 - [TEST_STEP][PASSED] - reqid_kons = requestid1: null

2022-11-22 17:40:23 - [TEST_STEP][PASSED] - reqid_spouse = requestid2: null

2022-11-22 17:40:23 - [TEST_STEP][PASSED] - println("requestid kons : " + reqid_kons): null

2022-11-22 17:40:23 - [TEST_STEP][PASSED] - response_searchME_kons = reqid_kons: null

2022-11-22 17:40:23 - [TEST_STEP][PASSED] - response_searchME_spouse = reqid_spouse: null

2022-11-22 17:40:23 - [TEST_STEP][PASSED] - println("kons req id is :" + response_searchME_kons): null

2022-11-22 17:40:23 - [TEST_STEP][PASSED] - println("spouse req id is : " + response_searchME_spouse): null

2022-11-22 17:40:23 - [TEST_STEP][PASSED] - verifyResponseStatusCode(req_data, 200): Verify response status code successfully

2022-11-22 17:40:23 - [MESSAGE][PASSED] - Verify response status code successfully

2022-11-22 17:40:23 - [TEST_STEP][PASSED] - response = req_data.getResponseText(): null

2022-11-22 17:40:23 - [TEST_STEP][PASSED] - logInfo($response): {"status":"Done","data":{"requestid1":"242652","requestid2":""}}

2022-11-22 17:40:23 - [MESSAGE][INFO] - {"status":"Done","data":{"requestid1":"242652","requestid2":""}}

2022-11-22 17:40:23 - [TEST_STEP][PASSED] - delay(3): Delayed 3 second(s)

2022-11-22 17:40:26 - [MESSAGE][PASSED] - Delayed 3 second(s)

2022-11-22 17:40:26 - [TEST_STEP][PASSED] - scoring = sendRequest(findTestObject("EngineScore", ["response_searchME_kons":response_searchME_kons, "response_searchME_spouse":response_searchME_spouse])): Send request successfully

2022-11-22 17:40:26 - [MESSAGE][INFO] - HAR: D:\DMS\Engine Scoring\Reports\20221122_171227\Exclude KKB - DS\Scoring Individu - DS\20221122_171227\requests\main\475.har

2022-11-22 17:40:26 - [MESSAGE][PASSED] - Send request successfully

2022-11-22 17:40:26 - [TEST_STEP][PASSED] - verifyResponseStatusCode(scoring, 200): Verify response status code successfully

2022-11-22 17:40:26 - [MESSAGE][PASSED] - Verify response status code successfully

2022-11-22 17:40:26 - [TEST_STEP][PASSED] - response2 = scoring.getResponseText(): null

2022-11-22 17:40:26 - [TEST_STEP][PASSED] - markPassed("result service data ke : " + no): result service data ke : 238

2022-11-22 17:40:26 - [MESSAGE][PASSED] - result service data ke : 238

2022-11-22 17:40:26 - [TEST_STEP][PASSED] - logInfo($response2): {"result_konsumen":"Reject","result_pasangan":"","Final_result":"Reject","errorMessage":"","status":"Done"}

2022-11-22 17:40:26 - [MESSAGE][INFO] - {"result_konsumen":"Reject","result_pasangan":"","Final_result":"Reject","errorMessage":"","status":"Done"}

2022-11-22 17:40:26 - [TEST_STEP][PASSED] - verifyElementPropertyValue(scoring, "Final_result", final_result): Verify element property value successfully

2022-11-22 17:40:26 - [MESSAGE][PASSED] - Verify element property value successfully]]></system-out>
         <system-err><![CDATA[]]></system-err>
      </testcase>
      <testcase name="Test Cases/Engine_Scoring/Engine Scoring" time="6.114" classname="Test Cases/Engine_Scoring/Engine Scoring" status="PASSED">
         <system-out><![CDATA[2022-11-22 17:40:26 - [TEST_CASE][PASSED] - Test Cases/Engine_Scoring/Engine Scoring: Test Cases/Engine_Scoring/Engine Scoring

2022-11-22 17:40:28 - [TEST_STEP][PASSED] - markPassed("Variasi data ke : " + no): Variasi data ke : 239

2022-11-22 17:40:28 - [MESSAGE][PASSED] - Variasi data ke : 239

2022-11-22 17:40:28 - [TEST_STEP][PASSED] - req_data = sendRequest(findTestObject("Search_ME", ["MID":MID, "source":source, "ip":ip, "userid":userid, "branch":branch, "tipekons":tipekons, "marital":marital, "penjamin":penjamin, ... ])): Send request successfully

2022-11-22 17:40:29 - [MESSAGE][INFO] - HAR: D:\DMS\Engine Scoring\Reports\20221122_171227\Exclude KKB - DS\Scoring Individu - DS\20221122_171227\requests\main\476.har

2022-11-22 17:40:29 - [MESSAGE][PASSED] - Send request successfully

2022-11-22 17:40:29 - [TEST_STEP][PASSED] - slurper = new groovy.json.JsonSlurper(): null

2022-11-22 17:40:29 - [TEST_STEP][PASSED] - result = slurper.parseText(req_data.getResponseBodyContent()): null

2022-11-22 17:40:29 - [TEST_STEP][PASSED] - reqid_kons = requestid1: null

2022-11-22 17:40:29 - [TEST_STEP][PASSED] - reqid_spouse = requestid2: null

2022-11-22 17:40:29 - [TEST_STEP][PASSED] - println("requestid kons : " + reqid_kons): null

2022-11-22 17:40:29 - [TEST_STEP][PASSED] - response_searchME_kons = reqid_kons: null

2022-11-22 17:40:29 - [TEST_STEP][PASSED] - response_searchME_spouse = reqid_spouse: null

2022-11-22 17:40:29 - [TEST_STEP][PASSED] - println("kons req id is :" + response_searchME_kons): null

2022-11-22 17:40:29 - [TEST_STEP][PASSED] - println("spouse req id is : " + response_searchME_spouse): null

2022-11-22 17:40:29 - [TEST_STEP][PASSED] - verifyResponseStatusCode(req_data, 200): Verify response status code successfully

2022-11-22 17:40:29 - [MESSAGE][PASSED] - Verify response status code successfully

2022-11-22 17:40:29 - [TEST_STEP][PASSED] - response = req_data.getResponseText(): null

2022-11-22 17:40:29 - [TEST_STEP][PASSED] - logInfo($response): {"status":"Done","data":{"requestid1":"242653","requestid2":""}}

2022-11-22 17:40:29 - [MESSAGE][INFO] - {"status":"Done","data":{"requestid1":"242653","requestid2":""}}

2022-11-22 17:40:29 - [TEST_STEP][PASSED] - delay(3): Delayed 3 second(s)

2022-11-22 17:40:32 - [MESSAGE][PASSED] - Delayed 3 second(s)

2022-11-22 17:40:32 - [TEST_STEP][PASSED] - scoring = sendRequest(findTestObject("EngineScore", ["response_searchME_kons":response_searchME_kons, "response_searchME_spouse":response_searchME_spouse])): Send request successfully

2022-11-22 17:40:32 - [MESSAGE][INFO] - HAR: D:\DMS\Engine Scoring\Reports\20221122_171227\Exclude KKB - DS\Scoring Individu - DS\20221122_171227\requests\main\477.har

2022-11-22 17:40:32 - [MESSAGE][PASSED] - Send request successfully

2022-11-22 17:40:32 - [TEST_STEP][PASSED] - verifyResponseStatusCode(scoring, 200): Verify response status code successfully

2022-11-22 17:40:32 - [MESSAGE][PASSED] - Verify response status code successfully

2022-11-22 17:40:32 - [TEST_STEP][PASSED] - response2 = scoring.getResponseText(): null

2022-11-22 17:40:32 - [TEST_STEP][PASSED] - markPassed("result service data ke : " + no): result service data ke : 239

2022-11-22 17:40:32 - [MESSAGE][PASSED] - result service data ke : 239

2022-11-22 17:40:32 - [TEST_STEP][PASSED] - logInfo($response2): {"result_konsumen":"Reject","result_pasangan":"","Final_result":"Reject","errorMessage":"","status":"Done"}

2022-11-22 17:40:32 - [MESSAGE][INFO] - {"result_konsumen":"Reject","result_pasangan":"","Final_result":"Reject","errorMessage":"","status":"Done"}

2022-11-22 17:40:32 - [TEST_STEP][PASSED] - verifyElementPropertyValue(scoring, "Final_result", final_result): Verify element property value successfully

2022-11-22 17:40:32 - [MESSAGE][PASSED] - Verify element property value successfully]]></system-out>
         <system-err><![CDATA[]]></system-err>
      </testcase>
      <testcase name="Test Cases/Engine_Scoring/Engine Scoring" time="6.287" classname="Test Cases/Engine_Scoring/Engine Scoring" status="PASSED">
         <system-out><![CDATA[2022-11-22 17:40:33 - [TEST_CASE][PASSED] - Test Cases/Engine_Scoring/Engine Scoring: Test Cases/Engine_Scoring/Engine Scoring

2022-11-22 17:40:34 - [TEST_STEP][PASSED] - markPassed("Variasi data ke : " + no): Variasi data ke : 240

2022-11-22 17:40:34 - [MESSAGE][PASSED] - Variasi data ke : 240

2022-11-22 17:40:34 - [TEST_STEP][PASSED] - req_data = sendRequest(findTestObject("Search_ME", ["MID":MID, "source":source, "ip":ip, "userid":userid, "branch":branch, "tipekons":tipekons, "marital":marital, "penjamin":penjamin, ... ])): Send request successfully

2022-11-22 17:40:36 - [MESSAGE][INFO] - HAR: D:\DMS\Engine Scoring\Reports\20221122_171227\Exclude KKB - DS\Scoring Individu - DS\20221122_171227\requests\main\478.har

2022-11-22 17:40:36 - [MESSAGE][PASSED] - Send request successfully

2022-11-22 17:40:36 - [TEST_STEP][PASSED] - slurper = new groovy.json.JsonSlurper(): null

2022-11-22 17:40:36 - [TEST_STEP][PASSED] - result = slurper.parseText(req_data.getResponseBodyContent()): null

2022-11-22 17:40:36 - [TEST_STEP][PASSED] - reqid_kons = requestid1: null

2022-11-22 17:40:36 - [TEST_STEP][PASSED] - reqid_spouse = requestid2: null

2022-11-22 17:40:36 - [TEST_STEP][PASSED] - println("requestid kons : " + reqid_kons): null

2022-11-22 17:40:36 - [TEST_STEP][PASSED] - response_searchME_kons = reqid_kons: null

2022-11-22 17:40:36 - [TEST_STEP][PASSED] - response_searchME_spouse = reqid_spouse: null

2022-11-22 17:40:36 - [TEST_STEP][PASSED] - println("kons req id is :" + response_searchME_kons): null

2022-11-22 17:40:36 - [TEST_STEP][PASSED] - println("spouse req id is : " + response_searchME_spouse): null

2022-11-22 17:40:36 - [TEST_STEP][PASSED] - verifyResponseStatusCode(req_data, 200): Verify response status code successfully

2022-11-22 17:40:36 - [MESSAGE][PASSED] - Verify response status code successfully

2022-11-22 17:40:36 - [TEST_STEP][PASSED] - response = req_data.getResponseText(): null

2022-11-22 17:40:36 - [TEST_STEP][PASSED] - logInfo($response): {"status":"Done","data":{"requestid1":"242654","requestid2":""}}

2022-11-22 17:40:36 - [MESSAGE][INFO] - {"status":"Done","data":{"requestid1":"242654","requestid2":""}}

2022-11-22 17:40:36 - [TEST_STEP][PASSED] - delay(3): Delayed 3 second(s)

2022-11-22 17:40:39 - [MESSAGE][PASSED] - Delayed 3 second(s)

2022-11-22 17:40:39 - [TEST_STEP][PASSED] - scoring = sendRequest(findTestObject("EngineScore", ["response_searchME_kons":response_searchME_kons, "response_searchME_spouse":response_searchME_spouse])): Send request successfully

2022-11-22 17:40:39 - [MESSAGE][INFO] - HAR: D:\DMS\Engine Scoring\Reports\20221122_171227\Exclude KKB - DS\Scoring Individu - DS\20221122_171227\requests\main\479.har

2022-11-22 17:40:39 - [MESSAGE][PASSED] - Send request successfully

2022-11-22 17:40:39 - [TEST_STEP][PASSED] - verifyResponseStatusCode(scoring, 200): Verify response status code successfully

2022-11-22 17:40:39 - [MESSAGE][PASSED] - Verify response status code successfully

2022-11-22 17:40:39 - [TEST_STEP][PASSED] - response2 = scoring.getResponseText(): null

2022-11-22 17:40:39 - [TEST_STEP][PASSED] - markPassed("result service data ke : " + no): result service data ke : 240

2022-11-22 17:40:39 - [MESSAGE][PASSED] - result service data ke : 240

2022-11-22 17:40:39 - [TEST_STEP][PASSED] - logInfo($response2): {"result_konsumen":"Reject","result_pasangan":"","Final_result":"Reject","errorMessage":"","status":"Done"}

2022-11-22 17:40:39 - [MESSAGE][INFO] - {"result_konsumen":"Reject","result_pasangan":"","Final_result":"Reject","errorMessage":"","status":"Done"}

2022-11-22 17:40:39 - [TEST_STEP][PASSED] - verifyElementPropertyValue(scoring, "Final_result", final_result): Verify element property value successfully

2022-11-22 17:40:39 - [MESSAGE][PASSED] - Verify element property value successfully]]></system-out>
         <system-err><![CDATA[]]></system-err>
      </testcase>
      <testcase name="Test Cases/Engine_Scoring/Engine Scoring" time="6.147" classname="Test Cases/Engine_Scoring/Engine Scoring" status="PASSED">
         <system-out><![CDATA[2022-11-22 17:40:39 - [TEST_CASE][PASSED] - Test Cases/Engine_Scoring/Engine Scoring: Test Cases/Engine_Scoring/Engine Scoring

2022-11-22 17:40:40 - [TEST_STEP][PASSED] - markPassed("Variasi data ke : " + no): Variasi data ke : 241

2022-11-22 17:40:40 - [MESSAGE][PASSED] - Variasi data ke : 241

2022-11-22 17:40:40 - [TEST_STEP][PASSED] - req_data = sendRequest(findTestObject("Search_ME", ["MID":MID, "source":source, "ip":ip, "userid":userid, "branch":branch, "tipekons":tipekons, "marital":marital, "penjamin":penjamin, ... ])): Send request successfully

2022-11-22 17:40:42 - [MESSAGE][INFO] - HAR: D:\DMS\Engine Scoring\Reports\20221122_171227\Exclude KKB - DS\Scoring Individu - DS\20221122_171227\requests\main\480.har

2022-11-22 17:40:42 - [MESSAGE][PASSED] - Send request successfully

2022-11-22 17:40:42 - [TEST_STEP][PASSED] - slurper = new groovy.json.JsonSlurper(): null

2022-11-22 17:40:42 - [TEST_STEP][PASSED] - result = slurper.parseText(req_data.getResponseBodyContent()): null

2022-11-22 17:40:42 - [TEST_STEP][PASSED] - reqid_kons = requestid1: null

2022-11-22 17:40:42 - [TEST_STEP][PASSED] - reqid_spouse = requestid2: null

2022-11-22 17:40:42 - [TEST_STEP][PASSED] - println("requestid kons : " + reqid_kons): null

2022-11-22 17:40:42 - [TEST_STEP][PASSED] - response_searchME_kons = reqid_kons: null

2022-11-22 17:40:42 - [TEST_STEP][PASSED] - response_searchME_spouse = reqid_spouse: null

2022-11-22 17:40:42 - [TEST_STEP][PASSED] - println("kons req id is :" + response_searchME_kons): null

2022-11-22 17:40:42 - [TEST_STEP][PASSED] - println("spouse req id is : " + response_searchME_spouse): null

2022-11-22 17:40:42 - [TEST_STEP][PASSED] - verifyResponseStatusCode(req_data, 200): Verify response status code successfully

2022-11-22 17:40:42 - [MESSAGE][PASSED] - Verify response status code successfully

2022-11-22 17:40:42 - [TEST_STEP][PASSED] - response = req_data.getResponseText(): null

2022-11-22 17:40:42 - [TEST_STEP][PASSED] - logInfo($response): {"status":"Done","data":{"requestid1":"242655","requestid2":""}}

2022-11-22 17:40:42 - [MESSAGE][INFO] - {"status":"Done","data":{"requestid1":"242655","requestid2":""}}

2022-11-22 17:40:42 - [TEST_STEP][PASSED] - delay(3): Delayed 3 second(s)

2022-11-22 17:40:45 - [MESSAGE][PASSED] - Delayed 3 second(s)

2022-11-22 17:40:45 - [TEST_STEP][PASSED] - scoring = sendRequest(findTestObject("EngineScore", ["response_searchME_kons":response_searchME_kons, "response_searchME_spouse":response_searchME_spouse])): Send request successfully

2022-11-22 17:40:45 - [MESSAGE][INFO] - HAR: D:\DMS\Engine Scoring\Reports\20221122_171227\Exclude KKB - DS\Scoring Individu - DS\20221122_171227\requests\main\481.har

2022-11-22 17:40:45 - [MESSAGE][PASSED] - Send request successfully

2022-11-22 17:40:45 - [TEST_STEP][PASSED] - verifyResponseStatusCode(scoring, 200): Verify response status code successfully

2022-11-22 17:40:45 - [MESSAGE][PASSED] - Verify response status code successfully

2022-11-22 17:40:45 - [TEST_STEP][PASSED] - response2 = scoring.getResponseText(): null

2022-11-22 17:40:45 - [TEST_STEP][PASSED] - markPassed("result service data ke : " + no): result service data ke : 241

2022-11-22 17:40:45 - [MESSAGE][PASSED] - result service data ke : 241

2022-11-22 17:40:45 - [TEST_STEP][PASSED] - logInfo($response2): {"result_konsumen":"Reject","result_pasangan":"","Final_result":"Reject","errorMessage":"","status":"Done"}

2022-11-22 17:40:45 - [MESSAGE][INFO] - {"result_konsumen":"Reject","result_pasangan":"","Final_result":"Reject","errorMessage":"","status":"Done"}

2022-11-22 17:40:45 - [TEST_STEP][PASSED] - verifyElementPropertyValue(scoring, "Final_result", final_result): Verify element property value successfully

2022-11-22 17:40:45 - [MESSAGE][PASSED] - Verify element property value successfully]]></system-out>
         <system-err><![CDATA[]]></system-err>
      </testcase>
      <testcase name="Test Cases/Engine_Scoring/Engine Scoring" time="6.073" classname="Test Cases/Engine_Scoring/Engine Scoring" status="PASSED">
         <system-out><![CDATA[2022-11-22 17:40:45 - [TEST_CASE][PASSED] - Test Cases/Engine_Scoring/Engine Scoring: Test Cases/Engine_Scoring/Engine Scoring

2022-11-22 17:40:47 - [TEST_STEP][PASSED] - markPassed("Variasi data ke : " + no): Variasi data ke : 242

2022-11-22 17:40:47 - [MESSAGE][PASSED] - Variasi data ke : 242

2022-11-22 17:40:47 - [TEST_STEP][PASSED] - req_data = sendRequest(findTestObject("Search_ME", ["MID":MID, "source":source, "ip":ip, "userid":userid, "branch":branch, "tipekons":tipekons, "marital":marital, "penjamin":penjamin, ... ])): Send request successfully

2022-11-22 17:40:48 - [MESSAGE][INFO] - HAR: D:\DMS\Engine Scoring\Reports\20221122_171227\Exclude KKB - DS\Scoring Individu - DS\20221122_171227\requests\main\482.har

2022-11-22 17:40:48 - [MESSAGE][PASSED] - Send request successfully

2022-11-22 17:40:48 - [TEST_STEP][PASSED] - slurper = new groovy.json.JsonSlurper(): null

2022-11-22 17:40:48 - [TEST_STEP][PASSED] - result = slurper.parseText(req_data.getResponseBodyContent()): null

2022-11-22 17:40:48 - [TEST_STEP][PASSED] - reqid_kons = requestid1: null

2022-11-22 17:40:48 - [TEST_STEP][PASSED] - reqid_spouse = requestid2: null

2022-11-22 17:40:48 - [TEST_STEP][PASSED] - println("requestid kons : " + reqid_kons): null

2022-11-22 17:40:48 - [TEST_STEP][PASSED] - response_searchME_kons = reqid_kons: null

2022-11-22 17:40:48 - [TEST_STEP][PASSED] - response_searchME_spouse = reqid_spouse: null

2022-11-22 17:40:48 - [TEST_STEP][PASSED] - println("kons req id is :" + response_searchME_kons): null

2022-11-22 17:40:48 - [TEST_STEP][PASSED] - println("spouse req id is : " + response_searchME_spouse): null

2022-11-22 17:40:48 - [TEST_STEP][PASSED] - verifyResponseStatusCode(req_data, 200): Verify response status code successfully

2022-11-22 17:40:48 - [MESSAGE][PASSED] - Verify response status code successfully

2022-11-22 17:40:48 - [TEST_STEP][PASSED] - response = req_data.getResponseText(): null

2022-11-22 17:40:48 - [TEST_STEP][PASSED] - logInfo($response): {"status":"Done","data":{"requestid1":"242656","requestid2":""}}

2022-11-22 17:40:48 - [MESSAGE][INFO] - {"status":"Done","data":{"requestid1":"242656","requestid2":""}}

2022-11-22 17:40:48 - [TEST_STEP][PASSED] - delay(3): Delayed 3 second(s)

2022-11-22 17:40:51 - [MESSAGE][PASSED] - Delayed 3 second(s)

2022-11-22 17:40:51 - [TEST_STEP][PASSED] - scoring = sendRequest(findTestObject("EngineScore", ["response_searchME_kons":response_searchME_kons, "response_searchME_spouse":response_searchME_spouse])): Send request successfully

2022-11-22 17:40:51 - [MESSAGE][INFO] - HAR: D:\DMS\Engine Scoring\Reports\20221122_171227\Exclude KKB - DS\Scoring Individu - DS\20221122_171227\requests\main\483.har

2022-11-22 17:40:51 - [MESSAGE][PASSED] - Send request successfully

2022-11-22 17:40:51 - [TEST_STEP][PASSED] - verifyResponseStatusCode(scoring, 200): Verify response status code successfully

2022-11-22 17:40:51 - [MESSAGE][PASSED] - Verify response status code successfully

2022-11-22 17:40:51 - [TEST_STEP][PASSED] - response2 = scoring.getResponseText(): null

2022-11-22 17:40:51 - [TEST_STEP][PASSED] - markPassed("result service data ke : " + no): result service data ke : 242

2022-11-22 17:40:51 - [MESSAGE][PASSED] - result service data ke : 242

2022-11-22 17:40:51 - [TEST_STEP][PASSED] - logInfo($response2): {"result_konsumen":"Reject","result_pasangan":"","Final_result":"Reject","errorMessage":"","status":"Done"}

2022-11-22 17:40:51 - [MESSAGE][INFO] - {"result_konsumen":"Reject","result_pasangan":"","Final_result":"Reject","errorMessage":"","status":"Done"}

2022-11-22 17:40:51 - [TEST_STEP][PASSED] - verifyElementPropertyValue(scoring, "Final_result", final_result): Verify element property value successfully

2022-11-22 17:40:51 - [MESSAGE][PASSED] - Verify element property value successfully]]></system-out>
         <system-err><![CDATA[]]></system-err>
      </testcase>
      <testcase name="Test Cases/Engine_Scoring/Engine Scoring" time="6.343" classname="Test Cases/Engine_Scoring/Engine Scoring" status="PASSED">
         <system-out><![CDATA[2022-11-22 17:40:51 - [TEST_CASE][PASSED] - Test Cases/Engine_Scoring/Engine Scoring: Test Cases/Engine_Scoring/Engine Scoring

2022-11-22 17:40:53 - [TEST_STEP][PASSED] - markPassed("Variasi data ke : " + no): Variasi data ke : 243

2022-11-22 17:40:53 - [MESSAGE][PASSED] - Variasi data ke : 243

2022-11-22 17:40:53 - [TEST_STEP][PASSED] - req_data = sendRequest(findTestObject("Search_ME", ["MID":MID, "source":source, "ip":ip, "userid":userid, "branch":branch, "tipekons":tipekons, "marital":marital, "penjamin":penjamin, ... ])): Send request successfully

2022-11-22 17:40:55 - [MESSAGE][INFO] - HAR: D:\DMS\Engine Scoring\Reports\20221122_171227\Exclude KKB - DS\Scoring Individu - DS\20221122_171227\requests\main\484.har

2022-11-22 17:40:55 - [MESSAGE][PASSED] - Send request successfully

2022-11-22 17:40:55 - [TEST_STEP][PASSED] - slurper = new groovy.json.JsonSlurper(): null

2022-11-22 17:40:55 - [TEST_STEP][PASSED] - result = slurper.parseText(req_data.getResponseBodyContent()): null

2022-11-22 17:40:55 - [TEST_STEP][PASSED] - reqid_kons = requestid1: null

2022-11-22 17:40:55 - [TEST_STEP][PASSED] - reqid_spouse = requestid2: null

2022-11-22 17:40:55 - [TEST_STEP][PASSED] - println("requestid kons : " + reqid_kons): null

2022-11-22 17:40:55 - [TEST_STEP][PASSED] - response_searchME_kons = reqid_kons: null

2022-11-22 17:40:55 - [TEST_STEP][PASSED] - response_searchME_spouse = reqid_spouse: null

2022-11-22 17:40:55 - [TEST_STEP][PASSED] - println("kons req id is :" + response_searchME_kons): null

2022-11-22 17:40:55 - [TEST_STEP][PASSED] - println("spouse req id is : " + response_searchME_spouse): null

2022-11-22 17:40:55 - [TEST_STEP][PASSED] - verifyResponseStatusCode(req_data, 200): Verify response status code successfully

2022-11-22 17:40:55 - [MESSAGE][PASSED] - Verify response status code successfully

2022-11-22 17:40:55 - [TEST_STEP][PASSED] - response = req_data.getResponseText(): null

2022-11-22 17:40:55 - [TEST_STEP][PASSED] - logInfo($response): {"status":"Done","data":{"requestid1":"242657","requestid2":""}}

2022-11-22 17:40:55 - [MESSAGE][INFO] - {"status":"Done","data":{"requestid1":"242657","requestid2":""}}

2022-11-22 17:40:55 - [TEST_STEP][PASSED] - delay(3): Delayed 3 second(s)

2022-11-22 17:40:58 - [MESSAGE][PASSED] - Delayed 3 second(s)

2022-11-22 17:40:58 - [TEST_STEP][PASSED] - scoring = sendRequest(findTestObject("EngineScore", ["response_searchME_kons":response_searchME_kons, "response_searchME_spouse":response_searchME_spouse])): Send request successfully

2022-11-22 17:40:58 - [MESSAGE][INFO] - HAR: D:\DMS\Engine Scoring\Reports\20221122_171227\Exclude KKB - DS\Scoring Individu - DS\20221122_171227\requests\main\485.har

2022-11-22 17:40:58 - [MESSAGE][PASSED] - Send request successfully

2022-11-22 17:40:58 - [TEST_STEP][PASSED] - verifyResponseStatusCode(scoring, 200): Verify response status code successfully

2022-11-22 17:40:58 - [MESSAGE][PASSED] - Verify response status code successfully

2022-11-22 17:40:58 - [TEST_STEP][PASSED] - response2 = scoring.getResponseText(): null

2022-11-22 17:40:58 - [TEST_STEP][PASSED] - markPassed("result service data ke : " + no): result service data ke : 243

2022-11-22 17:40:58 - [MESSAGE][PASSED] - result service data ke : 243

2022-11-22 17:40:58 - [TEST_STEP][PASSED] - logInfo($response2): {"result_konsumen":"Reject","result_pasangan":"","Final_result":"Reject","errorMessage":"","status":"Done"}

2022-11-22 17:40:58 - [MESSAGE][INFO] - {"result_konsumen":"Reject","result_pasangan":"","Final_result":"Reject","errorMessage":"","status":"Done"}

2022-11-22 17:40:58 - [TEST_STEP][PASSED] - verifyElementPropertyValue(scoring, "Final_result", final_result): Verify element property value successfully

2022-11-22 17:40:58 - [MESSAGE][PASSED] - Verify element property value successfully]]></system-out>
         <system-err><![CDATA[]]></system-err>
      </testcase>
      <testcase name="Test Cases/Engine_Scoring/Engine Scoring" time="6.036" classname="Test Cases/Engine_Scoring/Engine Scoring" status="PASSED">
         <system-out><![CDATA[2022-11-22 17:40:58 - [TEST_CASE][PASSED] - Test Cases/Engine_Scoring/Engine Scoring: Test Cases/Engine_Scoring/Engine Scoring

2022-11-22 17:40:59 - [TEST_STEP][PASSED] - markPassed("Variasi data ke : " + no): Variasi data ke : 244

2022-11-22 17:40:59 - [MESSAGE][PASSED] - Variasi data ke : 244

2022-11-22 17:40:59 - [TEST_STEP][PASSED] - req_data = sendRequest(findTestObject("Search_ME", ["MID":MID, "source":source, "ip":ip, "userid":userid, "branch":branch, "tipekons":tipekons, "marital":marital, "penjamin":penjamin, ... ])): Send request successfully

2022-11-22 17:41:01 - [MESSAGE][INFO] - HAR: D:\DMS\Engine Scoring\Reports\20221122_171227\Exclude KKB - DS\Scoring Individu - DS\20221122_171227\requests\main\486.har

2022-11-22 17:41:01 - [MESSAGE][PASSED] - Send request successfully

2022-11-22 17:41:01 - [TEST_STEP][PASSED] - slurper = new groovy.json.JsonSlurper(): null

2022-11-22 17:41:01 - [TEST_STEP][PASSED] - result = slurper.parseText(req_data.getResponseBodyContent()): null

2022-11-22 17:41:01 - [TEST_STEP][PASSED] - reqid_kons = requestid1: null

2022-11-22 17:41:01 - [TEST_STEP][PASSED] - reqid_spouse = requestid2: null

2022-11-22 17:41:01 - [TEST_STEP][PASSED] - println("requestid kons : " + reqid_kons): null

2022-11-22 17:41:01 - [TEST_STEP][PASSED] - response_searchME_kons = reqid_kons: null

2022-11-22 17:41:01 - [TEST_STEP][PASSED] - response_searchME_spouse = reqid_spouse: null

2022-11-22 17:41:01 - [TEST_STEP][PASSED] - println("kons req id is :" + response_searchME_kons): null

2022-11-22 17:41:01 - [TEST_STEP][PASSED] - println("spouse req id is : " + response_searchME_spouse): null

2022-11-22 17:41:01 - [TEST_STEP][PASSED] - verifyResponseStatusCode(req_data, 200): Verify response status code successfully

2022-11-22 17:41:01 - [MESSAGE][PASSED] - Verify response status code successfully

2022-11-22 17:41:01 - [TEST_STEP][PASSED] - response = req_data.getResponseText(): null

2022-11-22 17:41:01 - [TEST_STEP][PASSED] - logInfo($response): {"status":"Done","data":{"requestid1":"242658","requestid2":""}}

2022-11-22 17:41:01 - [MESSAGE][INFO] - {"status":"Done","data":{"requestid1":"242658","requestid2":""}}

2022-11-22 17:41:01 - [TEST_STEP][PASSED] - delay(3): Delayed 3 second(s)

2022-11-22 17:41:04 - [MESSAGE][PASSED] - Delayed 3 second(s)

2022-11-22 17:41:04 - [TEST_STEP][PASSED] - scoring = sendRequest(findTestObject("EngineScore", ["response_searchME_kons":response_searchME_kons, "response_searchME_spouse":response_searchME_spouse])): Send request successfully

2022-11-22 17:41:04 - [MESSAGE][INFO] - HAR: D:\DMS\Engine Scoring\Reports\20221122_171227\Exclude KKB - DS\Scoring Individu - DS\20221122_171227\requests\main\487.har

2022-11-22 17:41:04 - [MESSAGE][PASSED] - Send request successfully

2022-11-22 17:41:04 - [TEST_STEP][PASSED] - verifyResponseStatusCode(scoring, 200): Verify response status code successfully

2022-11-22 17:41:04 - [MESSAGE][PASSED] - Verify response status code successfully

2022-11-22 17:41:04 - [TEST_STEP][PASSED] - response2 = scoring.getResponseText(): null

2022-11-22 17:41:04 - [TEST_STEP][PASSED] - markPassed("result service data ke : " + no): result service data ke : 244

2022-11-22 17:41:04 - [MESSAGE][PASSED] - result service data ke : 244

2022-11-22 17:41:04 - [TEST_STEP][PASSED] - logInfo($response2): {"result_konsumen":"Reject","result_pasangan":"","Final_result":"Reject","errorMessage":"","status":"Done"}

2022-11-22 17:41:04 - [MESSAGE][INFO] - {"result_konsumen":"Reject","result_pasangan":"","Final_result":"Reject","errorMessage":"","status":"Done"}

2022-11-22 17:41:04 - [TEST_STEP][PASSED] - verifyElementPropertyValue(scoring, "Final_result", final_result): Verify element property value successfully

2022-11-22 17:41:04 - [MESSAGE][PASSED] - Verify element property value successfully]]></system-out>
         <system-err><![CDATA[]]></system-err>
      </testcase>
      <testcase name="Test Cases/Engine_Scoring/Engine Scoring" time="6.089" classname="Test Cases/Engine_Scoring/Engine Scoring" status="PASSED">
         <system-out><![CDATA[2022-11-22 17:41:04 - [TEST_CASE][PASSED] - Test Cases/Engine_Scoring/Engine Scoring: Test Cases/Engine_Scoring/Engine Scoring

2022-11-22 17:41:05 - [TEST_STEP][PASSED] - markPassed("Variasi data ke : " + no): Variasi data ke : 245

2022-11-22 17:41:05 - [MESSAGE][PASSED] - Variasi data ke : 245

2022-11-22 17:41:05 - [TEST_STEP][PASSED] - req_data = sendRequest(findTestObject("Search_ME", ["MID":MID, "source":source, "ip":ip, "userid":userid, "branch":branch, "tipekons":tipekons, "marital":marital, "penjamin":penjamin, ... ])): Send request successfully

2022-11-22 17:41:07 - [MESSAGE][INFO] - HAR: D:\DMS\Engine Scoring\Reports\20221122_171227\Exclude KKB - DS\Scoring Individu - DS\20221122_171227\requests\main\488.har

2022-11-22 17:41:07 - [MESSAGE][PASSED] - Send request successfully

2022-11-22 17:41:07 - [TEST_STEP][PASSED] - slurper = new groovy.json.JsonSlurper(): null

2022-11-22 17:41:07 - [TEST_STEP][PASSED] - result = slurper.parseText(req_data.getResponseBodyContent()): null

2022-11-22 17:41:07 - [TEST_STEP][PASSED] - reqid_kons = requestid1: null

2022-11-22 17:41:07 - [TEST_STEP][PASSED] - reqid_spouse = requestid2: null

2022-11-22 17:41:07 - [TEST_STEP][PASSED] - println("requestid kons : " + reqid_kons): null

2022-11-22 17:41:07 - [TEST_STEP][PASSED] - response_searchME_kons = reqid_kons: null

2022-11-22 17:41:07 - [TEST_STEP][PASSED] - response_searchME_spouse = reqid_spouse: null

2022-11-22 17:41:07 - [TEST_STEP][PASSED] - println("kons req id is :" + response_searchME_kons): null

2022-11-22 17:41:07 - [TEST_STEP][PASSED] - println("spouse req id is : " + response_searchME_spouse): null

2022-11-22 17:41:07 - [TEST_STEP][PASSED] - verifyResponseStatusCode(req_data, 200): Verify response status code successfully

2022-11-22 17:41:07 - [MESSAGE][PASSED] - Verify response status code successfully

2022-11-22 17:41:07 - [TEST_STEP][PASSED] - response = req_data.getResponseText(): null

2022-11-22 17:41:07 - [TEST_STEP][PASSED] - logInfo($response): {"status":"Done","data":{"requestid1":"242659","requestid2":""}}

2022-11-22 17:41:07 - [MESSAGE][INFO] - {"status":"Done","data":{"requestid1":"242659","requestid2":""}}

2022-11-22 17:41:07 - [TEST_STEP][PASSED] - delay(3): Delayed 3 second(s)

2022-11-22 17:41:10 - [MESSAGE][PASSED] - Delayed 3 second(s)

2022-11-22 17:41:10 - [TEST_STEP][PASSED] - scoring = sendRequest(findTestObject("EngineScore", ["response_searchME_kons":response_searchME_kons, "response_searchME_spouse":response_searchME_spouse])): Send request successfully

2022-11-22 17:41:10 - [MESSAGE][INFO] - HAR: D:\DMS\Engine Scoring\Reports\20221122_171227\Exclude KKB - DS\Scoring Individu - DS\20221122_171227\requests\main\489.har

2022-11-22 17:41:10 - [MESSAGE][PASSED] - Send request successfully

2022-11-22 17:41:10 - [TEST_STEP][PASSED] - verifyResponseStatusCode(scoring, 200): Verify response status code successfully

2022-11-22 17:41:10 - [MESSAGE][PASSED] - Verify response status code successfully

2022-11-22 17:41:10 - [TEST_STEP][PASSED] - response2 = scoring.getResponseText(): null

2022-11-22 17:41:10 - [TEST_STEP][PASSED] - markPassed("result service data ke : " + no): result service data ke : 245

2022-11-22 17:41:10 - [MESSAGE][PASSED] - result service data ke : 245

2022-11-22 17:41:10 - [TEST_STEP][PASSED] - logInfo($response2): {"result_konsumen":"Reject","result_pasangan":"","Final_result":"Reject","errorMessage":"","status":"Done"}

2022-11-22 17:41:10 - [MESSAGE][INFO] - {"result_konsumen":"Reject","result_pasangan":"","Final_result":"Reject","errorMessage":"","status":"Done"}

2022-11-22 17:41:10 - [TEST_STEP][PASSED] - verifyElementPropertyValue(scoring, "Final_result", final_result): Verify element property value successfully

2022-11-22 17:41:10 - [MESSAGE][PASSED] - Verify element property value successfully]]></system-out>
         <system-err><![CDATA[]]></system-err>
      </testcase>
      <testcase name="Test Cases/Engine_Scoring/Engine Scoring" time="6.11" classname="Test Cases/Engine_Scoring/Engine Scoring" status="PASSED">
         <system-out><![CDATA[2022-11-22 17:41:10 - [TEST_CASE][PASSED] - Test Cases/Engine_Scoring/Engine Scoring: Test Cases/Engine_Scoring/Engine Scoring

2022-11-22 17:41:12 - [TEST_STEP][PASSED] - markPassed("Variasi data ke : " + no): Variasi data ke : 246

2022-11-22 17:41:12 - [MESSAGE][PASSED] - Variasi data ke : 246

2022-11-22 17:41:12 - [TEST_STEP][PASSED] - req_data = sendRequest(findTestObject("Search_ME", ["MID":MID, "source":source, "ip":ip, "userid":userid, "branch":branch, "tipekons":tipekons, "marital":marital, "penjamin":penjamin, ... ])): Send request successfully

2022-11-22 17:41:13 - [MESSAGE][INFO] - HAR: D:\DMS\Engine Scoring\Reports\20221122_171227\Exclude KKB - DS\Scoring Individu - DS\20221122_171227\requests\main\490.har

2022-11-22 17:41:13 - [MESSAGE][PASSED] - Send request successfully

2022-11-22 17:41:13 - [TEST_STEP][PASSED] - slurper = new groovy.json.JsonSlurper(): null

2022-11-22 17:41:13 - [TEST_STEP][PASSED] - result = slurper.parseText(req_data.getResponseBodyContent()): null

2022-11-22 17:41:13 - [TEST_STEP][PASSED] - reqid_kons = requestid1: null

2022-11-22 17:41:13 - [TEST_STEP][PASSED] - reqid_spouse = requestid2: null

2022-11-22 17:41:13 - [TEST_STEP][PASSED] - println("requestid kons : " + reqid_kons): null

2022-11-22 17:41:13 - [TEST_STEP][PASSED] - response_searchME_kons = reqid_kons: null

2022-11-22 17:41:13 - [TEST_STEP][PASSED] - response_searchME_spouse = reqid_spouse: null

2022-11-22 17:41:13 - [TEST_STEP][PASSED] - println("kons req id is :" + response_searchME_kons): null

2022-11-22 17:41:13 - [TEST_STEP][PASSED] - println("spouse req id is : " + response_searchME_spouse): null

2022-11-22 17:41:13 - [TEST_STEP][PASSED] - verifyResponseStatusCode(req_data, 200): Verify response status code successfully

2022-11-22 17:41:13 - [MESSAGE][PASSED] - Verify response status code successfully

2022-11-22 17:41:13 - [TEST_STEP][PASSED] - response = req_data.getResponseText(): null

2022-11-22 17:41:13 - [TEST_STEP][PASSED] - logInfo($response): {"status":"Done","data":{"requestid1":"242660","requestid2":""}}

2022-11-22 17:41:13 - [MESSAGE][INFO] - {"status":"Done","data":{"requestid1":"242660","requestid2":""}}

2022-11-22 17:41:13 - [TEST_STEP][PASSED] - delay(3): Delayed 3 second(s)

2022-11-22 17:41:16 - [MESSAGE][PASSED] - Delayed 3 second(s)

2022-11-22 17:41:16 - [TEST_STEP][PASSED] - scoring = sendRequest(findTestObject("EngineScore", ["response_searchME_kons":response_searchME_kons, "response_searchME_spouse":response_searchME_spouse])): Send request successfully

2022-11-22 17:41:16 - [MESSAGE][INFO] - HAR: D:\DMS\Engine Scoring\Reports\20221122_171227\Exclude KKB - DS\Scoring Individu - DS\20221122_171227\requests\main\491.har

2022-11-22 17:41:16 - [MESSAGE][PASSED] - Send request successfully

2022-11-22 17:41:16 - [TEST_STEP][PASSED] - verifyResponseStatusCode(scoring, 200): Verify response status code successfully

2022-11-22 17:41:16 - [MESSAGE][PASSED] - Verify response status code successfully

2022-11-22 17:41:16 - [TEST_STEP][PASSED] - response2 = scoring.getResponseText(): null

2022-11-22 17:41:16 - [TEST_STEP][PASSED] - markPassed("result service data ke : " + no): result service data ke : 246

2022-11-22 17:41:16 - [MESSAGE][PASSED] - result service data ke : 246

2022-11-22 17:41:16 - [TEST_STEP][PASSED] - logInfo($response2): {"result_konsumen":"Reject","result_pasangan":"","Final_result":"Reject","errorMessage":"","status":"Done"}

2022-11-22 17:41:16 - [MESSAGE][INFO] - {"result_konsumen":"Reject","result_pasangan":"","Final_result":"Reject","errorMessage":"","status":"Done"}

2022-11-22 17:41:16 - [TEST_STEP][PASSED] - verifyElementPropertyValue(scoring, "Final_result", final_result): Verify element property value successfully

2022-11-22 17:41:16 - [MESSAGE][PASSED] - Verify element property value successfully]]></system-out>
         <system-err><![CDATA[]]></system-err>
      </testcase>
      <testcase name="Test Cases/Engine_Scoring/Engine Scoring" time="6.104" classname="Test Cases/Engine_Scoring/Engine Scoring" status="PASSED">
         <system-out><![CDATA[2022-11-22 17:41:16 - [TEST_CASE][PASSED] - Test Cases/Engine_Scoring/Engine Scoring: Test Cases/Engine_Scoring/Engine Scoring

2022-11-22 17:41:18 - [TEST_STEP][PASSED] - markPassed("Variasi data ke : " + no): Variasi data ke : 247

2022-11-22 17:41:18 - [MESSAGE][PASSED] - Variasi data ke : 247

2022-11-22 17:41:18 - [TEST_STEP][PASSED] - req_data = sendRequest(findTestObject("Search_ME", ["MID":MID, "source":source, "ip":ip, "userid":userid, "branch":branch, "tipekons":tipekons, "marital":marital, "penjamin":penjamin, ... ])): Send request successfully

2022-11-22 17:41:19 - [MESSAGE][INFO] - HAR: D:\DMS\Engine Scoring\Reports\20221122_171227\Exclude KKB - DS\Scoring Individu - DS\20221122_171227\requests\main\492.har

2022-11-22 17:41:19 - [MESSAGE][PASSED] - Send request successfully

2022-11-22 17:41:19 - [TEST_STEP][PASSED] - slurper = new groovy.json.JsonSlurper(): null

2022-11-22 17:41:19 - [TEST_STEP][PASSED] - result = slurper.parseText(req_data.getResponseBodyContent()): null

2022-11-22 17:41:19 - [TEST_STEP][PASSED] - reqid_kons = requestid1: null

2022-11-22 17:41:19 - [TEST_STEP][PASSED] - reqid_spouse = requestid2: null

2022-11-22 17:41:19 - [TEST_STEP][PASSED] - println("requestid kons : " + reqid_kons): null

2022-11-22 17:41:19 - [TEST_STEP][PASSED] - response_searchME_kons = reqid_kons: null

2022-11-22 17:41:19 - [TEST_STEP][PASSED] - response_searchME_spouse = reqid_spouse: null

2022-11-22 17:41:19 - [TEST_STEP][PASSED] - println("kons req id is :" + response_searchME_kons): null

2022-11-22 17:41:19 - [TEST_STEP][PASSED] - println("spouse req id is : " + response_searchME_spouse): null

2022-11-22 17:41:19 - [TEST_STEP][PASSED] - verifyResponseStatusCode(req_data, 200): Verify response status code successfully

2022-11-22 17:41:19 - [MESSAGE][PASSED] - Verify response status code successfully

2022-11-22 17:41:19 - [TEST_STEP][PASSED] - response = req_data.getResponseText(): null

2022-11-22 17:41:19 - [TEST_STEP][PASSED] - logInfo($response): {"status":"Done","data":{"requestid1":"242661","requestid2":""}}

2022-11-22 17:41:19 - [MESSAGE][INFO] - {"status":"Done","data":{"requestid1":"242661","requestid2":""}}

2022-11-22 17:41:19 - [TEST_STEP][PASSED] - delay(3): Delayed 3 second(s)

2022-11-22 17:41:22 - [MESSAGE][PASSED] - Delayed 3 second(s)

2022-11-22 17:41:22 - [TEST_STEP][PASSED] - scoring = sendRequest(findTestObject("EngineScore", ["response_searchME_kons":response_searchME_kons, "response_searchME_spouse":response_searchME_spouse])): Send request successfully

2022-11-22 17:41:22 - [MESSAGE][INFO] - HAR: D:\DMS\Engine Scoring\Reports\20221122_171227\Exclude KKB - DS\Scoring Individu - DS\20221122_171227\requests\main\493.har

2022-11-22 17:41:22 - [MESSAGE][PASSED] - Send request successfully

2022-11-22 17:41:22 - [TEST_STEP][PASSED] - verifyResponseStatusCode(scoring, 200): Verify response status code successfully

2022-11-22 17:41:22 - [MESSAGE][PASSED] - Verify response status code successfully

2022-11-22 17:41:22 - [TEST_STEP][PASSED] - response2 = scoring.getResponseText(): null

2022-11-22 17:41:22 - [TEST_STEP][PASSED] - markPassed("result service data ke : " + no): result service data ke : 247

2022-11-22 17:41:22 - [MESSAGE][PASSED] - result service data ke : 247

2022-11-22 17:41:22 - [TEST_STEP][PASSED] - logInfo($response2): {"result_konsumen":"Reject","result_pasangan":"","Final_result":"Reject","errorMessage":"","status":"Done"}

2022-11-22 17:41:22 - [MESSAGE][INFO] - {"result_konsumen":"Reject","result_pasangan":"","Final_result":"Reject","errorMessage":"","status":"Done"}

2022-11-22 17:41:22 - [TEST_STEP][PASSED] - verifyElementPropertyValue(scoring, "Final_result", final_result): Verify element property value successfully

2022-11-22 17:41:22 - [MESSAGE][PASSED] - Verify element property value successfully]]></system-out>
         <system-err><![CDATA[]]></system-err>
      </testcase>
      <testcase name="Test Cases/Engine_Scoring/Engine Scoring" time="5.864" classname="Test Cases/Engine_Scoring/Engine Scoring" status="PASSED">
         <system-out><![CDATA[2022-11-22 17:41:22 - [TEST_CASE][PASSED] - Test Cases/Engine_Scoring/Engine Scoring: Test Cases/Engine_Scoring/Engine Scoring

2022-11-22 17:41:24 - [TEST_STEP][PASSED] - markPassed("Variasi data ke : " + no): Variasi data ke : 248

2022-11-22 17:41:24 - [MESSAGE][PASSED] - Variasi data ke : 248

2022-11-22 17:41:24 - [TEST_STEP][PASSED] - req_data = sendRequest(findTestObject("Search_ME", ["MID":MID, "source":source, "ip":ip, "userid":userid, "branch":branch, "tipekons":tipekons, "marital":marital, "penjamin":penjamin, ... ])): Send request successfully

2022-11-22 17:41:25 - [MESSAGE][INFO] - HAR: D:\DMS\Engine Scoring\Reports\20221122_171227\Exclude KKB - DS\Scoring Individu - DS\20221122_171227\requests\main\494.har

2022-11-22 17:41:25 - [MESSAGE][PASSED] - Send request successfully

2022-11-22 17:41:25 - [TEST_STEP][PASSED] - slurper = new groovy.json.JsonSlurper(): null

2022-11-22 17:41:25 - [TEST_STEP][PASSED] - result = slurper.parseText(req_data.getResponseBodyContent()): null

2022-11-22 17:41:25 - [TEST_STEP][PASSED] - reqid_kons = requestid1: null

2022-11-22 17:41:25 - [TEST_STEP][PASSED] - reqid_spouse = requestid2: null

2022-11-22 17:41:25 - [TEST_STEP][PASSED] - println("requestid kons : " + reqid_kons): null

2022-11-22 17:41:25 - [TEST_STEP][PASSED] - response_searchME_kons = reqid_kons: null

2022-11-22 17:41:25 - [TEST_STEP][PASSED] - response_searchME_spouse = reqid_spouse: null

2022-11-22 17:41:25 - [TEST_STEP][PASSED] - println("kons req id is :" + response_searchME_kons): null

2022-11-22 17:41:25 - [TEST_STEP][PASSED] - println("spouse req id is : " + response_searchME_spouse): null

2022-11-22 17:41:25 - [TEST_STEP][PASSED] - verifyResponseStatusCode(req_data, 200): Verify response status code successfully

2022-11-22 17:41:25 - [MESSAGE][PASSED] - Verify response status code successfully

2022-11-22 17:41:25 - [TEST_STEP][PASSED] - response = req_data.getResponseText(): null

2022-11-22 17:41:25 - [TEST_STEP][PASSED] - logInfo($response): {"status":"Done","data":{"requestid1":"242662","requestid2":""}}

2022-11-22 17:41:25 - [MESSAGE][INFO] - {"status":"Done","data":{"requestid1":"242662","requestid2":""}}

2022-11-22 17:41:25 - [TEST_STEP][PASSED] - delay(3): Delayed 3 second(s)

2022-11-22 17:41:28 - [MESSAGE][PASSED] - Delayed 3 second(s)

2022-11-22 17:41:28 - [TEST_STEP][PASSED] - scoring = sendRequest(findTestObject("EngineScore", ["response_searchME_kons":response_searchME_kons, "response_searchME_spouse":response_searchME_spouse])): Send request successfully

2022-11-22 17:41:28 - [MESSAGE][INFO] - HAR: D:\DMS\Engine Scoring\Reports\20221122_171227\Exclude KKB - DS\Scoring Individu - DS\20221122_171227\requests\main\495.har

2022-11-22 17:41:28 - [MESSAGE][PASSED] - Send request successfully

2022-11-22 17:41:28 - [TEST_STEP][PASSED] - verifyResponseStatusCode(scoring, 200): Verify response status code successfully

2022-11-22 17:41:28 - [MESSAGE][PASSED] - Verify response status code successfully

2022-11-22 17:41:28 - [TEST_STEP][PASSED] - response2 = scoring.getResponseText(): null

2022-11-22 17:41:28 - [TEST_STEP][PASSED] - markPassed("result service data ke : " + no): result service data ke : 248

2022-11-22 17:41:28 - [MESSAGE][PASSED] - result service data ke : 248

2022-11-22 17:41:28 - [TEST_STEP][PASSED] - logInfo($response2): {"result_konsumen":"Reject","result_pasangan":"","Final_result":"Reject","errorMessage":"","status":"Done"}

2022-11-22 17:41:28 - [MESSAGE][INFO] - {"result_konsumen":"Reject","result_pasangan":"","Final_result":"Reject","errorMessage":"","status":"Done"}

2022-11-22 17:41:28 - [TEST_STEP][PASSED] - verifyElementPropertyValue(scoring, "Final_result", final_result): Verify element property value successfully

2022-11-22 17:41:28 - [MESSAGE][PASSED] - Verify element property value successfully]]></system-out>
         <system-err><![CDATA[]]></system-err>
      </testcase>
      <testcase name="Test Cases/Engine_Scoring/Engine Scoring" time="6.173" classname="Test Cases/Engine_Scoring/Engine Scoring" status="PASSED">
         <system-out><![CDATA[2022-11-22 17:41:28 - [TEST_CASE][PASSED] - Test Cases/Engine_Scoring/Engine Scoring: Test Cases/Engine_Scoring/Engine Scoring

2022-11-22 17:41:30 - [TEST_STEP][PASSED] - markPassed("Variasi data ke : " + no): Variasi data ke : 249

2022-11-22 17:41:30 - [MESSAGE][PASSED] - Variasi data ke : 249

2022-11-22 17:41:30 - [TEST_STEP][PASSED] - req_data = sendRequest(findTestObject("Search_ME", ["MID":MID, "source":source, "ip":ip, "userid":userid, "branch":branch, "tipekons":tipekons, "marital":marital, "penjamin":penjamin, ... ])): Send request successfully

2022-11-22 17:41:31 - [MESSAGE][INFO] - HAR: D:\DMS\Engine Scoring\Reports\20221122_171227\Exclude KKB - DS\Scoring Individu - DS\20221122_171227\requests\main\496.har

2022-11-22 17:41:31 - [MESSAGE][PASSED] - Send request successfully

2022-11-22 17:41:31 - [TEST_STEP][PASSED] - slurper = new groovy.json.JsonSlurper(): null

2022-11-22 17:41:31 - [TEST_STEP][PASSED] - result = slurper.parseText(req_data.getResponseBodyContent()): null

2022-11-22 17:41:31 - [TEST_STEP][PASSED] - reqid_kons = requestid1: null

2022-11-22 17:41:31 - [TEST_STEP][PASSED] - reqid_spouse = requestid2: null

2022-11-22 17:41:31 - [TEST_STEP][PASSED] - println("requestid kons : " + reqid_kons): null

2022-11-22 17:41:31 - [TEST_STEP][PASSED] - response_searchME_kons = reqid_kons: null

2022-11-22 17:41:31 - [TEST_STEP][PASSED] - response_searchME_spouse = reqid_spouse: null

2022-11-22 17:41:31 - [TEST_STEP][PASSED] - println("kons req id is :" + response_searchME_kons): null

2022-11-22 17:41:31 - [TEST_STEP][PASSED] - println("spouse req id is : " + response_searchME_spouse): null

2022-11-22 17:41:31 - [TEST_STEP][PASSED] - verifyResponseStatusCode(req_data, 200): Verify response status code successfully

2022-11-22 17:41:31 - [MESSAGE][PASSED] - Verify response status code successfully

2022-11-22 17:41:31 - [TEST_STEP][PASSED] - response = req_data.getResponseText(): null

2022-11-22 17:41:31 - [TEST_STEP][PASSED] - logInfo($response): {"status":"Done","data":{"requestid1":"242663","requestid2":""}}

2022-11-22 17:41:31 - [MESSAGE][INFO] - {"status":"Done","data":{"requestid1":"242663","requestid2":""}}

2022-11-22 17:41:31 - [TEST_STEP][PASSED] - delay(3): Delayed 3 second(s)

2022-11-22 17:41:34 - [MESSAGE][PASSED] - Delayed 3 second(s)

2022-11-22 17:41:34 - [TEST_STEP][PASSED] - scoring = sendRequest(findTestObject("EngineScore", ["response_searchME_kons":response_searchME_kons, "response_searchME_spouse":response_searchME_spouse])): Send request successfully

2022-11-22 17:41:35 - [MESSAGE][INFO] - HAR: D:\DMS\Engine Scoring\Reports\20221122_171227\Exclude KKB - DS\Scoring Individu - DS\20221122_171227\requests\main\497.har

2022-11-22 17:41:35 - [MESSAGE][PASSED] - Send request successfully

2022-11-22 17:41:35 - [TEST_STEP][PASSED] - verifyResponseStatusCode(scoring, 200): Verify response status code successfully

2022-11-22 17:41:35 - [MESSAGE][PASSED] - Verify response status code successfully

2022-11-22 17:41:35 - [TEST_STEP][PASSED] - response2 = scoring.getResponseText(): null

2022-11-22 17:41:35 - [TEST_STEP][PASSED] - markPassed("result service data ke : " + no): result service data ke : 249

2022-11-22 17:41:35 - [MESSAGE][PASSED] - result service data ke : 249

2022-11-22 17:41:35 - [TEST_STEP][PASSED] - logInfo($response2): {"result_konsumen":"Reject","result_pasangan":"","Final_result":"Reject","errorMessage":"","status":"Done"}

2022-11-22 17:41:35 - [MESSAGE][INFO] - {"result_konsumen":"Reject","result_pasangan":"","Final_result":"Reject","errorMessage":"","status":"Done"}

2022-11-22 17:41:35 - [TEST_STEP][PASSED] - verifyElementPropertyValue(scoring, "Final_result", final_result): Verify element property value successfully

2022-11-22 17:41:35 - [MESSAGE][PASSED] - Verify element property value successfully]]></system-out>
         <system-err><![CDATA[]]></system-err>
      </testcase>
      <testcase name="Test Cases/Engine_Scoring/Engine Scoring" time="6.09" classname="Test Cases/Engine_Scoring/Engine Scoring" status="PASSED">
         <system-out><![CDATA[2022-11-22 17:41:35 - [TEST_CASE][PASSED] - Test Cases/Engine_Scoring/Engine Scoring: Test Cases/Engine_Scoring/Engine Scoring

2022-11-22 17:41:36 - [TEST_STEP][PASSED] - markPassed("Variasi data ke : " + no): Variasi data ke : 250

2022-11-22 17:41:36 - [MESSAGE][PASSED] - Variasi data ke : 250

2022-11-22 17:41:36 - [TEST_STEP][PASSED] - req_data = sendRequest(findTestObject("Search_ME", ["MID":MID, "source":source, "ip":ip, "userid":userid, "branch":branch, "tipekons":tipekons, "marital":marital, "penjamin":penjamin, ... ])): Send request successfully

2022-11-22 17:41:38 - [MESSAGE][INFO] - HAR: D:\DMS\Engine Scoring\Reports\20221122_171227\Exclude KKB - DS\Scoring Individu - DS\20221122_171227\requests\main\498.har

2022-11-22 17:41:38 - [MESSAGE][PASSED] - Send request successfully

2022-11-22 17:41:38 - [TEST_STEP][PASSED] - slurper = new groovy.json.JsonSlurper(): null

2022-11-22 17:41:38 - [TEST_STEP][PASSED] - result = slurper.parseText(req_data.getResponseBodyContent()): null

2022-11-22 17:41:38 - [TEST_STEP][PASSED] - reqid_kons = requestid1: null

2022-11-22 17:41:38 - [TEST_STEP][PASSED] - reqid_spouse = requestid2: null

2022-11-22 17:41:38 - [TEST_STEP][PASSED] - println("requestid kons : " + reqid_kons): null

2022-11-22 17:41:38 - [TEST_STEP][PASSED] - response_searchME_kons = reqid_kons: null

2022-11-22 17:41:38 - [TEST_STEP][PASSED] - response_searchME_spouse = reqid_spouse: null

2022-11-22 17:41:38 - [TEST_STEP][PASSED] - println("kons req id is :" + response_searchME_kons): null

2022-11-22 17:41:38 - [TEST_STEP][PASSED] - println("spouse req id is : " + response_searchME_spouse): null

2022-11-22 17:41:38 - [TEST_STEP][PASSED] - verifyResponseStatusCode(req_data, 200): Verify response status code successfully

2022-11-22 17:41:38 - [MESSAGE][PASSED] - Verify response status code successfully

2022-11-22 17:41:38 - [TEST_STEP][PASSED] - response = req_data.getResponseText(): null

2022-11-22 17:41:38 - [TEST_STEP][PASSED] - logInfo($response): {"status":"Done","data":{"requestid1":"242664","requestid2":""}}

2022-11-22 17:41:38 - [MESSAGE][INFO] - {"status":"Done","data":{"requestid1":"242664","requestid2":""}}

2022-11-22 17:41:38 - [TEST_STEP][PASSED] - delay(3): Delayed 3 second(s)

2022-11-22 17:41:41 - [MESSAGE][PASSED] - Delayed 3 second(s)

2022-11-22 17:41:41 - [TEST_STEP][PASSED] - scoring = sendRequest(findTestObject("EngineScore", ["response_searchME_kons":response_searchME_kons, "response_searchME_spouse":response_searchME_spouse])): Send request successfully

2022-11-22 17:41:41 - [MESSAGE][INFO] - HAR: D:\DMS\Engine Scoring\Reports\20221122_171227\Exclude KKB - DS\Scoring Individu - DS\20221122_171227\requests\main\499.har

2022-11-22 17:41:41 - [MESSAGE][PASSED] - Send request successfully

2022-11-22 17:41:41 - [TEST_STEP][PASSED] - verifyResponseStatusCode(scoring, 200): Verify response status code successfully

2022-11-22 17:41:41 - [MESSAGE][PASSED] - Verify response status code successfully

2022-11-22 17:41:41 - [TEST_STEP][PASSED] - response2 = scoring.getResponseText(): null

2022-11-22 17:41:41 - [TEST_STEP][PASSED] - markPassed("result service data ke : " + no): result service data ke : 250

2022-11-22 17:41:41 - [MESSAGE][PASSED] - result service data ke : 250

2022-11-22 17:41:41 - [TEST_STEP][PASSED] - logInfo($response2): {"result_konsumen":"Reject","result_pasangan":"","Final_result":"Reject","errorMessage":"","status":"Done"}

2022-11-22 17:41:41 - [MESSAGE][INFO] - {"result_konsumen":"Reject","result_pasangan":"","Final_result":"Reject","errorMessage":"","status":"Done"}

2022-11-22 17:41:41 - [TEST_STEP][PASSED] - verifyElementPropertyValue(scoring, "Final_result", final_result): Verify element property value successfully

2022-11-22 17:41:41 - [MESSAGE][PASSED] - Verify element property value successfully]]></system-out>
         <system-err><![CDATA[]]></system-err>
      </testcase>
      <testcase name="Test Cases/Engine_Scoring/Engine Scoring" time="5.919" classname="Test Cases/Engine_Scoring/Engine Scoring" status="PASSED">
         <system-out><![CDATA[2022-11-22 17:41:41 - [TEST_CASE][PASSED] - Test Cases/Engine_Scoring/Engine Scoring: Test Cases/Engine_Scoring/Engine Scoring

2022-11-22 17:41:42 - [TEST_STEP][PASSED] - markPassed("Variasi data ke : " + no): Variasi data ke : 251

2022-11-22 17:41:42 - [MESSAGE][PASSED] - Variasi data ke : 251

2022-11-22 17:41:42 - [TEST_STEP][PASSED] - req_data = sendRequest(findTestObject("Search_ME", ["MID":MID, "source":source, "ip":ip, "userid":userid, "branch":branch, "tipekons":tipekons, "marital":marital, "penjamin":penjamin, ... ])): Send request successfully

2022-11-22 17:41:44 - [MESSAGE][INFO] - HAR: D:\DMS\Engine Scoring\Reports\20221122_171227\Exclude KKB - DS\Scoring Individu - DS\20221122_171227\requests\main\500.har

2022-11-22 17:41:44 - [MESSAGE][PASSED] - Send request successfully

2022-11-22 17:41:44 - [TEST_STEP][PASSED] - slurper = new groovy.json.JsonSlurper(): null

2022-11-22 17:41:44 - [TEST_STEP][PASSED] - result = slurper.parseText(req_data.getResponseBodyContent()): null

2022-11-22 17:41:44 - [TEST_STEP][PASSED] - reqid_kons = requestid1: null

2022-11-22 17:41:44 - [TEST_STEP][PASSED] - reqid_spouse = requestid2: null

2022-11-22 17:41:44 - [TEST_STEP][PASSED] - println("requestid kons : " + reqid_kons): null

2022-11-22 17:41:44 - [TEST_STEP][PASSED] - response_searchME_kons = reqid_kons: null

2022-11-22 17:41:44 - [TEST_STEP][PASSED] - response_searchME_spouse = reqid_spouse: null

2022-11-22 17:41:44 - [TEST_STEP][PASSED] - println("kons req id is :" + response_searchME_kons): null

2022-11-22 17:41:44 - [TEST_STEP][PASSED] - println("spouse req id is : " + response_searchME_spouse): null

2022-11-22 17:41:44 - [TEST_STEP][PASSED] - verifyResponseStatusCode(req_data, 200): Verify response status code successfully

2022-11-22 17:41:44 - [MESSAGE][PASSED] - Verify response status code successfully

2022-11-22 17:41:44 - [TEST_STEP][PASSED] - response = req_data.getResponseText(): null

2022-11-22 17:41:44 - [TEST_STEP][PASSED] - logInfo($response): {"status":"Done","data":{"requestid1":"242665","requestid2":""}}

2022-11-22 17:41:44 - [MESSAGE][INFO] - {"status":"Done","data":{"requestid1":"242665","requestid2":""}}

2022-11-22 17:41:44 - [TEST_STEP][PASSED] - delay(3): Delayed 3 second(s)

2022-11-22 17:41:47 - [MESSAGE][PASSED] - Delayed 3 second(s)

2022-11-22 17:41:47 - [TEST_STEP][PASSED] - scoring = sendRequest(findTestObject("EngineScore", ["response_searchME_kons":response_searchME_kons, "response_searchME_spouse":response_searchME_spouse])): Send request successfully

2022-11-22 17:41:47 - [MESSAGE][INFO] - HAR: D:\DMS\Engine Scoring\Reports\20221122_171227\Exclude KKB - DS\Scoring Individu - DS\20221122_171227\requests\main\501.har

2022-11-22 17:41:47 - [MESSAGE][PASSED] - Send request successfully

2022-11-22 17:41:47 - [TEST_STEP][PASSED] - verifyResponseStatusCode(scoring, 200): Verify response status code successfully

2022-11-22 17:41:47 - [MESSAGE][PASSED] - Verify response status code successfully

2022-11-22 17:41:47 - [TEST_STEP][PASSED] - response2 = scoring.getResponseText(): null

2022-11-22 17:41:47 - [TEST_STEP][PASSED] - markPassed("result service data ke : " + no): result service data ke : 251

2022-11-22 17:41:47 - [MESSAGE][PASSED] - result service data ke : 251

2022-11-22 17:41:47 - [TEST_STEP][PASSED] - logInfo($response2): {"result_konsumen":"Reject","result_pasangan":"","Final_result":"Reject","errorMessage":"","status":"Done"}

2022-11-22 17:41:47 - [MESSAGE][INFO] - {"result_konsumen":"Reject","result_pasangan":"","Final_result":"Reject","errorMessage":"","status":"Done"}

2022-11-22 17:41:47 - [TEST_STEP][PASSED] - verifyElementPropertyValue(scoring, "Final_result", final_result): Verify element property value successfully

2022-11-22 17:41:47 - [MESSAGE][PASSED] - Verify element property value successfully]]></system-out>
         <system-err><![CDATA[]]></system-err>
      </testcase>
      <testcase name="Test Cases/Engine_Scoring/Engine Scoring" time="6.082" classname="Test Cases/Engine_Scoring/Engine Scoring" status="PASSED">
         <system-out><![CDATA[2022-11-22 17:41:47 - [TEST_CASE][PASSED] - Test Cases/Engine_Scoring/Engine Scoring: Test Cases/Engine_Scoring/Engine Scoring

2022-11-22 17:41:48 - [TEST_STEP][PASSED] - markPassed("Variasi data ke : " + no): Variasi data ke : 252

2022-11-22 17:41:48 - [MESSAGE][PASSED] - Variasi data ke : 252

2022-11-22 17:41:48 - [TEST_STEP][PASSED] - req_data = sendRequest(findTestObject("Search_ME", ["MID":MID, "source":source, "ip":ip, "userid":userid, "branch":branch, "tipekons":tipekons, "marital":marital, "penjamin":penjamin, ... ])): Send request successfully

2022-11-22 17:41:50 - [MESSAGE][INFO] - HAR: D:\DMS\Engine Scoring\Reports\20221122_171227\Exclude KKB - DS\Scoring Individu - DS\20221122_171227\requests\main\502.har

2022-11-22 17:41:50 - [MESSAGE][PASSED] - Send request successfully

2022-11-22 17:41:50 - [TEST_STEP][PASSED] - slurper = new groovy.json.JsonSlurper(): null

2022-11-22 17:41:50 - [TEST_STEP][PASSED] - result = slurper.parseText(req_data.getResponseBodyContent()): null

2022-11-22 17:41:50 - [TEST_STEP][PASSED] - reqid_kons = requestid1: null

2022-11-22 17:41:50 - [TEST_STEP][PASSED] - reqid_spouse = requestid2: null

2022-11-22 17:41:50 - [TEST_STEP][PASSED] - println("requestid kons : " + reqid_kons): null

2022-11-22 17:41:50 - [TEST_STEP][PASSED] - response_searchME_kons = reqid_kons: null

2022-11-22 17:41:50 - [TEST_STEP][PASSED] - response_searchME_spouse = reqid_spouse: null

2022-11-22 17:41:50 - [TEST_STEP][PASSED] - println("kons req id is :" + response_searchME_kons): null

2022-11-22 17:41:50 - [TEST_STEP][PASSED] - println("spouse req id is : " + response_searchME_spouse): null

2022-11-22 17:41:50 - [TEST_STEP][PASSED] - verifyResponseStatusCode(req_data, 200): Verify response status code successfully

2022-11-22 17:41:50 - [MESSAGE][PASSED] - Verify response status code successfully

2022-11-22 17:41:50 - [TEST_STEP][PASSED] - response = req_data.getResponseText(): null

2022-11-22 17:41:50 - [TEST_STEP][PASSED] - logInfo($response): {"status":"Done","data":{"requestid1":"242666","requestid2":""}}

2022-11-22 17:41:50 - [MESSAGE][INFO] - {"status":"Done","data":{"requestid1":"242666","requestid2":""}}

2022-11-22 17:41:50 - [TEST_STEP][PASSED] - delay(3): Delayed 3 second(s)

2022-11-22 17:41:53 - [MESSAGE][PASSED] - Delayed 3 second(s)

2022-11-22 17:41:53 - [TEST_STEP][PASSED] - scoring = sendRequest(findTestObject("EngineScore", ["response_searchME_kons":response_searchME_kons, "response_searchME_spouse":response_searchME_spouse])): Send request successfully

2022-11-22 17:41:53 - [MESSAGE][INFO] - HAR: D:\DMS\Engine Scoring\Reports\20221122_171227\Exclude KKB - DS\Scoring Individu - DS\20221122_171227\requests\main\503.har

2022-11-22 17:41:53 - [MESSAGE][PASSED] - Send request successfully

2022-11-22 17:41:53 - [TEST_STEP][PASSED] - verifyResponseStatusCode(scoring, 200): Verify response status code successfully

2022-11-22 17:41:53 - [MESSAGE][PASSED] - Verify response status code successfully

2022-11-22 17:41:53 - [TEST_STEP][PASSED] - response2 = scoring.getResponseText(): null

2022-11-22 17:41:53 - [TEST_STEP][PASSED] - markPassed("result service data ke : " + no): result service data ke : 252

2022-11-22 17:41:53 - [MESSAGE][PASSED] - result service data ke : 252

2022-11-22 17:41:53 - [TEST_STEP][PASSED] - logInfo($response2): {"result_konsumen":"Reject","result_pasangan":"","Final_result":"Reject","errorMessage":"","status":"Done"}

2022-11-22 17:41:53 - [MESSAGE][INFO] - {"result_konsumen":"Reject","result_pasangan":"","Final_result":"Reject","errorMessage":"","status":"Done"}

2022-11-22 17:41:53 - [TEST_STEP][PASSED] - verifyElementPropertyValue(scoring, "Final_result", final_result): Verify element property value successfully

2022-11-22 17:41:53 - [MESSAGE][PASSED] - Verify element property value successfully]]></system-out>
         <system-err><![CDATA[]]></system-err>
      </testcase>
      <testcase name="Test Cases/Engine_Scoring/Engine Scoring" time="38.353" classname="Test Cases/Engine_Scoring/Engine Scoring" status="PASSED">
         <system-out><![CDATA[2022-11-22 17:41:53 - [TEST_CASE][PASSED] - Test Cases/Engine_Scoring/Engine Scoring: Test Cases/Engine_Scoring/Engine Scoring

2022-11-22 17:42:27 - [TEST_STEP][PASSED] - markPassed("Variasi data ke : " + no): Variasi data ke : 253

2022-11-22 17:42:27 - [MESSAGE][PASSED] - Variasi data ke : 253

2022-11-22 17:42:27 - [TEST_STEP][PASSED] - req_data = sendRequest(findTestObject("Search_ME", ["MID":MID, "source":source, "ip":ip, "userid":userid, "branch":branch, "tipekons":tipekons, "marital":marital, "penjamin":penjamin, ... ])): Send request successfully

2022-11-22 17:42:28 - [MESSAGE][INFO] - HAR: D:\DMS\Engine Scoring\Reports\20221122_171227\Exclude KKB - DS\Scoring Individu - DS\20221122_171227\requests\main\504.har

2022-11-22 17:42:28 - [MESSAGE][PASSED] - Send request successfully

2022-11-22 17:42:28 - [TEST_STEP][PASSED] - slurper = new groovy.json.JsonSlurper(): null

2022-11-22 17:42:28 - [TEST_STEP][PASSED] - result = slurper.parseText(req_data.getResponseBodyContent()): null

2022-11-22 17:42:28 - [TEST_STEP][PASSED] - reqid_kons = requestid1: null

2022-11-22 17:42:28 - [TEST_STEP][PASSED] - reqid_spouse = requestid2: null

2022-11-22 17:42:28 - [TEST_STEP][PASSED] - println("requestid kons : " + reqid_kons): null

2022-11-22 17:42:28 - [TEST_STEP][PASSED] - response_searchME_kons = reqid_kons: null

2022-11-22 17:42:28 - [TEST_STEP][PASSED] - response_searchME_spouse = reqid_spouse: null

2022-11-22 17:42:28 - [TEST_STEP][PASSED] - println("kons req id is :" + response_searchME_kons): null

2022-11-22 17:42:28 - [TEST_STEP][PASSED] - println("spouse req id is : " + response_searchME_spouse): null

2022-11-22 17:42:28 - [TEST_STEP][PASSED] - verifyResponseStatusCode(req_data, 200): Verify response status code successfully

2022-11-22 17:42:28 - [MESSAGE][PASSED] - Verify response status code successfully

2022-11-22 17:42:28 - [TEST_STEP][PASSED] - response = req_data.getResponseText(): null

2022-11-22 17:42:28 - [TEST_STEP][PASSED] - logInfo($response): {"status":"Done","data":{"requestid1":"242667","requestid2":""}}

2022-11-22 17:42:28 - [MESSAGE][INFO] - {"status":"Done","data":{"requestid1":"242667","requestid2":""}}

2022-11-22 17:42:28 - [TEST_STEP][PASSED] - delay(3): Delayed 3 second(s)

2022-11-22 17:42:31 - [MESSAGE][PASSED] - Delayed 3 second(s)

2022-11-22 17:42:31 - [TEST_STEP][PASSED] - scoring = sendRequest(findTestObject("EngineScore", ["response_searchME_kons":response_searchME_kons, "response_searchME_spouse":response_searchME_spouse])): Send request successfully

2022-11-22 17:42:31 - [MESSAGE][INFO] - HAR: D:\DMS\Engine Scoring\Reports\20221122_171227\Exclude KKB - DS\Scoring Individu - DS\20221122_171227\requests\main\505.har

2022-11-22 17:42:31 - [MESSAGE][PASSED] - Send request successfully

2022-11-22 17:42:31 - [TEST_STEP][PASSED] - verifyResponseStatusCode(scoring, 200): Verify response status code successfully

2022-11-22 17:42:31 - [MESSAGE][PASSED] - Verify response status code successfully

2022-11-22 17:42:31 - [TEST_STEP][PASSED] - response2 = scoring.getResponseText(): null

2022-11-22 17:42:31 - [TEST_STEP][PASSED] - markPassed("result service data ke : " + no): result service data ke : 253

2022-11-22 17:42:31 - [MESSAGE][PASSED] - result service data ke : 253

2022-11-22 17:42:31 - [TEST_STEP][PASSED] - logInfo($response2): {"result_konsumen":"Reject","result_pasangan":"","Final_result":"Reject","errorMessage":"","status":"Done"}

2022-11-22 17:42:31 - [MESSAGE][INFO] - {"result_konsumen":"Reject","result_pasangan":"","Final_result":"Reject","errorMessage":"","status":"Done"}

2022-11-22 17:42:31 - [TEST_STEP][PASSED] - verifyElementPropertyValue(scoring, "Final_result", final_result): Verify element property value successfully

2022-11-22 17:42:31 - [MESSAGE][PASSED] - Verify element property value successfully]]></system-out>
         <system-err><![CDATA[]]></system-err>
      </testcase>
      <testcase name="Test Cases/Engine_Scoring/Engine Scoring" time="6.047" classname="Test Cases/Engine_Scoring/Engine Scoring" status="PASSED">
         <system-out><![CDATA[2022-11-22 17:42:32 - [TEST_CASE][PASSED] - Test Cases/Engine_Scoring/Engine Scoring: Test Cases/Engine_Scoring/Engine Scoring

2022-11-22 17:42:34 - [TEST_STEP][PASSED] - markPassed("Variasi data ke : " + no): Variasi data ke : 254

2022-11-22 17:42:34 - [MESSAGE][PASSED] - Variasi data ke : 254

2022-11-22 17:42:34 - [TEST_STEP][PASSED] - req_data = sendRequest(findTestObject("Search_ME", ["MID":MID, "source":source, "ip":ip, "userid":userid, "branch":branch, "tipekons":tipekons, "marital":marital, "penjamin":penjamin, ... ])): Send request successfully

2022-11-22 17:42:35 - [MESSAGE][INFO] - HAR: D:\DMS\Engine Scoring\Reports\20221122_171227\Exclude KKB - DS\Scoring Individu - DS\20221122_171227\requests\main\506.har

2022-11-22 17:42:35 - [MESSAGE][PASSED] - Send request successfully

2022-11-22 17:42:35 - [TEST_STEP][PASSED] - slurper = new groovy.json.JsonSlurper(): null

2022-11-22 17:42:35 - [TEST_STEP][PASSED] - result = slurper.parseText(req_data.getResponseBodyContent()): null

2022-11-22 17:42:35 - [TEST_STEP][PASSED] - reqid_kons = requestid1: null

2022-11-22 17:42:35 - [TEST_STEP][PASSED] - reqid_spouse = requestid2: null

2022-11-22 17:42:35 - [TEST_STEP][PASSED] - println("requestid kons : " + reqid_kons): null

2022-11-22 17:42:35 - [TEST_STEP][PASSED] - response_searchME_kons = reqid_kons: null

2022-11-22 17:42:35 - [TEST_STEP][PASSED] - response_searchME_spouse = reqid_spouse: null

2022-11-22 17:42:35 - [TEST_STEP][PASSED] - println("kons req id is :" + response_searchME_kons): null

2022-11-22 17:42:35 - [TEST_STEP][PASSED] - println("spouse req id is : " + response_searchME_spouse): null

2022-11-22 17:42:35 - [TEST_STEP][PASSED] - verifyResponseStatusCode(req_data, 200): Verify response status code successfully

2022-11-22 17:42:35 - [MESSAGE][PASSED] - Verify response status code successfully

2022-11-22 17:42:35 - [TEST_STEP][PASSED] - response = req_data.getResponseText(): null

2022-11-22 17:42:35 - [TEST_STEP][PASSED] - logInfo($response): {"status":"Done","data":{"requestid1":"242668","requestid2":""}}

2022-11-22 17:42:35 - [MESSAGE][INFO] - {"status":"Done","data":{"requestid1":"242668","requestid2":""}}

2022-11-22 17:42:35 - [TEST_STEP][PASSED] - delay(3): Delayed 3 second(s)

2022-11-22 17:42:38 - [MESSAGE][PASSED] - Delayed 3 second(s)

2022-11-22 17:42:38 - [TEST_STEP][PASSED] - scoring = sendRequest(findTestObject("EngineScore", ["response_searchME_kons":response_searchME_kons, "response_searchME_spouse":response_searchME_spouse])): Send request successfully

2022-11-22 17:42:38 - [MESSAGE][INFO] - HAR: D:\DMS\Engine Scoring\Reports\20221122_171227\Exclude KKB - DS\Scoring Individu - DS\20221122_171227\requests\main\507.har

2022-11-22 17:42:38 - [MESSAGE][PASSED] - Send request successfully

2022-11-22 17:42:38 - [TEST_STEP][PASSED] - verifyResponseStatusCode(scoring, 200): Verify response status code successfully

2022-11-22 17:42:38 - [MESSAGE][PASSED] - Verify response status code successfully

2022-11-22 17:42:38 - [TEST_STEP][PASSED] - response2 = scoring.getResponseText(): null

2022-11-22 17:42:38 - [TEST_STEP][PASSED] - markPassed("result service data ke : " + no): result service data ke : 254

2022-11-22 17:42:38 - [MESSAGE][PASSED] - result service data ke : 254

2022-11-22 17:42:38 - [TEST_STEP][PASSED] - logInfo($response2): {"result_konsumen":"Reject","result_pasangan":"","Final_result":"Reject","errorMessage":"","status":"Done"}

2022-11-22 17:42:38 - [MESSAGE][INFO] - {"result_konsumen":"Reject","result_pasangan":"","Final_result":"Reject","errorMessage":"","status":"Done"}

2022-11-22 17:42:38 - [TEST_STEP][PASSED] - verifyElementPropertyValue(scoring, "Final_result", final_result): Verify element property value successfully

2022-11-22 17:42:39 - [MESSAGE][PASSED] - Verify element property value successfully]]></system-out>
         <system-err><![CDATA[]]></system-err>
      </testcase>
      <testcase name="Test Cases/Engine_Scoring/Engine Scoring" time="6.05" classname="Test Cases/Engine_Scoring/Engine Scoring" status="PASSED">
         <system-out><![CDATA[2022-11-22 17:42:39 - [TEST_CASE][PASSED] - Test Cases/Engine_Scoring/Engine Scoring: Test Cases/Engine_Scoring/Engine Scoring

2022-11-22 17:42:40 - [TEST_STEP][PASSED] - markPassed("Variasi data ke : " + no): Variasi data ke : 255

2022-11-22 17:42:40 - [MESSAGE][PASSED] - Variasi data ke : 255

2022-11-22 17:42:40 - [TEST_STEP][PASSED] - req_data = sendRequest(findTestObject("Search_ME", ["MID":MID, "source":source, "ip":ip, "userid":userid, "branch":branch, "tipekons":tipekons, "marital":marital, "penjamin":penjamin, ... ])): Send request successfully

2022-11-22 17:42:41 - [MESSAGE][INFO] - HAR: D:\DMS\Engine Scoring\Reports\20221122_171227\Exclude KKB - DS\Scoring Individu - DS\20221122_171227\requests\main\508.har

2022-11-22 17:42:41 - [MESSAGE][PASSED] - Send request successfully

2022-11-22 17:42:41 - [TEST_STEP][PASSED] - slurper = new groovy.json.JsonSlurper(): null

2022-11-22 17:42:41 - [TEST_STEP][PASSED] - result = slurper.parseText(req_data.getResponseBodyContent()): null

2022-11-22 17:42:41 - [TEST_STEP][PASSED] - reqid_kons = requestid1: null

2022-11-22 17:42:41 - [TEST_STEP][PASSED] - reqid_spouse = requestid2: null

2022-11-22 17:42:41 - [TEST_STEP][PASSED] - println("requestid kons : " + reqid_kons): null

2022-11-22 17:42:41 - [TEST_STEP][PASSED] - response_searchME_kons = reqid_kons: null

2022-11-22 17:42:41 - [TEST_STEP][PASSED] - response_searchME_spouse = reqid_spouse: null

2022-11-22 17:42:41 - [TEST_STEP][PASSED] - println("kons req id is :" + response_searchME_kons): null

2022-11-22 17:42:41 - [TEST_STEP][PASSED] - println("spouse req id is : " + response_searchME_spouse): null

2022-11-22 17:42:41 - [TEST_STEP][PASSED] - verifyResponseStatusCode(req_data, 200): Verify response status code successfully

2022-11-22 17:42:41 - [MESSAGE][PASSED] - Verify response status code successfully

2022-11-22 17:42:41 - [TEST_STEP][PASSED] - response = req_data.getResponseText(): null

2022-11-22 17:42:41 - [TEST_STEP][PASSED] - logInfo($response): {"status":"Done","data":{"requestid1":"242669","requestid2":""}}

2022-11-22 17:42:41 - [MESSAGE][INFO] - {"status":"Done","data":{"requestid1":"242669","requestid2":""}}

2022-11-22 17:42:41 - [TEST_STEP][PASSED] - delay(3): Delayed 3 second(s)

2022-11-22 17:42:44 - [MESSAGE][PASSED] - Delayed 3 second(s)

2022-11-22 17:42:44 - [TEST_STEP][PASSED] - scoring = sendRequest(findTestObject("EngineScore", ["response_searchME_kons":response_searchME_kons, "response_searchME_spouse":response_searchME_spouse])): Send request successfully

2022-11-22 17:42:45 - [MESSAGE][INFO] - HAR: D:\DMS\Engine Scoring\Reports\20221122_171227\Exclude KKB - DS\Scoring Individu - DS\20221122_171227\requests\main\509.har

2022-11-22 17:42:45 - [MESSAGE][PASSED] - Send request successfully

2022-11-22 17:42:45 - [TEST_STEP][PASSED] - verifyResponseStatusCode(scoring, 200): Verify response status code successfully

2022-11-22 17:42:45 - [MESSAGE][PASSED] - Verify response status code successfully

2022-11-22 17:42:45 - [TEST_STEP][PASSED] - response2 = scoring.getResponseText(): null

2022-11-22 17:42:45 - [TEST_STEP][PASSED] - markPassed("result service data ke : " + no): result service data ke : 255

2022-11-22 17:42:45 - [MESSAGE][PASSED] - result service data ke : 255

2022-11-22 17:42:45 - [TEST_STEP][PASSED] - logInfo($response2): {"result_konsumen":"Reject","result_pasangan":"","Final_result":"Reject","errorMessage":"","status":"Done"}

2022-11-22 17:42:45 - [MESSAGE][INFO] - {"result_konsumen":"Reject","result_pasangan":"","Final_result":"Reject","errorMessage":"","status":"Done"}

2022-11-22 17:42:45 - [TEST_STEP][PASSED] - verifyElementPropertyValue(scoring, "Final_result", final_result): Verify element property value successfully

2022-11-22 17:42:45 - [MESSAGE][PASSED] - Verify element property value successfully]]></system-out>
         <system-err><![CDATA[]]></system-err>
      </testcase>
      <testcase name="Test Cases/Engine_Scoring/Engine Scoring" time="6.201" classname="Test Cases/Engine_Scoring/Engine Scoring" status="PASSED">
         <system-out><![CDATA[2022-11-22 17:42:45 - [TEST_CASE][PASSED] - Test Cases/Engine_Scoring/Engine Scoring: Test Cases/Engine_Scoring/Engine Scoring

2022-11-22 17:42:46 - [TEST_STEP][PASSED] - markPassed("Variasi data ke : " + no): Variasi data ke : 256

2022-11-22 17:42:46 - [MESSAGE][PASSED] - Variasi data ke : 256

2022-11-22 17:42:46 - [TEST_STEP][PASSED] - req_data = sendRequest(findTestObject("Search_ME", ["MID":MID, "source":source, "ip":ip, "userid":userid, "branch":branch, "tipekons":tipekons, "marital":marital, "penjamin":penjamin, ... ])): Send request successfully

2022-11-22 17:42:48 - [MESSAGE][INFO] - HAR: D:\DMS\Engine Scoring\Reports\20221122_171227\Exclude KKB - DS\Scoring Individu - DS\20221122_171227\requests\main\510.har

2022-11-22 17:42:48 - [MESSAGE][PASSED] - Send request successfully

2022-11-22 17:42:48 - [TEST_STEP][PASSED] - slurper = new groovy.json.JsonSlurper(): null

2022-11-22 17:42:48 - [TEST_STEP][PASSED] - result = slurper.parseText(req_data.getResponseBodyContent()): null

2022-11-22 17:42:48 - [TEST_STEP][PASSED] - reqid_kons = requestid1: null

2022-11-22 17:42:48 - [TEST_STEP][PASSED] - reqid_spouse = requestid2: null

2022-11-22 17:42:48 - [TEST_STEP][PASSED] - println("requestid kons : " + reqid_kons): null

2022-11-22 17:42:48 - [TEST_STEP][PASSED] - response_searchME_kons = reqid_kons: null

2022-11-22 17:42:48 - [TEST_STEP][PASSED] - response_searchME_spouse = reqid_spouse: null

2022-11-22 17:42:48 - [TEST_STEP][PASSED] - println("kons req id is :" + response_searchME_kons): null

2022-11-22 17:42:48 - [TEST_STEP][PASSED] - println("spouse req id is : " + response_searchME_spouse): null

2022-11-22 17:42:48 - [TEST_STEP][PASSED] - verifyResponseStatusCode(req_data, 200): Verify response status code successfully

2022-11-22 17:42:48 - [MESSAGE][PASSED] - Verify response status code successfully

2022-11-22 17:42:48 - [TEST_STEP][PASSED] - response = req_data.getResponseText(): null

2022-11-22 17:42:48 - [TEST_STEP][PASSED] - logInfo($response): {"status":"Done","data":{"requestid1":"242670","requestid2":""}}

2022-11-22 17:42:48 - [MESSAGE][INFO] - {"status":"Done","data":{"requestid1":"242670","requestid2":""}}

2022-11-22 17:42:48 - [TEST_STEP][PASSED] - delay(3): Delayed 3 second(s)

2022-11-22 17:42:51 - [MESSAGE][PASSED] - Delayed 3 second(s)

2022-11-22 17:42:51 - [TEST_STEP][PASSED] - scoring = sendRequest(findTestObject("EngineScore", ["response_searchME_kons":response_searchME_kons, "response_searchME_spouse":response_searchME_spouse])): Send request successfully

2022-11-22 17:42:51 - [MESSAGE][INFO] - HAR: D:\DMS\Engine Scoring\Reports\20221122_171227\Exclude KKB - DS\Scoring Individu - DS\20221122_171227\requests\main\511.har

2022-11-22 17:42:51 - [MESSAGE][PASSED] - Send request successfully

2022-11-22 17:42:51 - [TEST_STEP][PASSED] - verifyResponseStatusCode(scoring, 200): Verify response status code successfully

2022-11-22 17:42:51 - [MESSAGE][PASSED] - Verify response status code successfully

2022-11-22 17:42:51 - [TEST_STEP][PASSED] - response2 = scoring.getResponseText(): null

2022-11-22 17:42:51 - [TEST_STEP][PASSED] - markPassed("result service data ke : " + no): result service data ke : 256

2022-11-22 17:42:51 - [MESSAGE][PASSED] - result service data ke : 256

2022-11-22 17:42:51 - [TEST_STEP][PASSED] - logInfo($response2): {"result_konsumen":"Reject","result_pasangan":"","Final_result":"Reject","errorMessage":"","status":"Done"}

2022-11-22 17:42:51 - [MESSAGE][INFO] - {"result_konsumen":"Reject","result_pasangan":"","Final_result":"Reject","errorMessage":"","status":"Done"}

2022-11-22 17:42:51 - [TEST_STEP][PASSED] - verifyElementPropertyValue(scoring, "Final_result", final_result): Verify element property value successfully

2022-11-22 17:42:51 - [MESSAGE][PASSED] - Verify element property value successfully]]></system-out>
         <system-err><![CDATA[]]></system-err>
      </testcase>
      <testcase name="Test Cases/Engine_Scoring/Engine Scoring" time="6.13" classname="Test Cases/Engine_Scoring/Engine Scoring" status="PASSED">
         <system-out><![CDATA[2022-11-22 17:42:51 - [TEST_CASE][PASSED] - Test Cases/Engine_Scoring/Engine Scoring: Test Cases/Engine_Scoring/Engine Scoring

2022-11-22 17:42:53 - [TEST_STEP][PASSED] - markPassed("Variasi data ke : " + no): Variasi data ke : 257

2022-11-22 17:42:53 - [MESSAGE][PASSED] - Variasi data ke : 257

2022-11-22 17:42:53 - [TEST_STEP][PASSED] - req_data = sendRequest(findTestObject("Search_ME", ["MID":MID, "source":source, "ip":ip, "userid":userid, "branch":branch, "tipekons":tipekons, "marital":marital, "penjamin":penjamin, ... ])): Send request successfully

2022-11-22 17:42:54 - [MESSAGE][INFO] - HAR: D:\DMS\Engine Scoring\Reports\20221122_171227\Exclude KKB - DS\Scoring Individu - DS\20221122_171227\requests\main\512.har

2022-11-22 17:42:54 - [MESSAGE][PASSED] - Send request successfully

2022-11-22 17:42:54 - [TEST_STEP][PASSED] - slurper = new groovy.json.JsonSlurper(): null

2022-11-22 17:42:54 - [TEST_STEP][PASSED] - result = slurper.parseText(req_data.getResponseBodyContent()): null

2022-11-22 17:42:54 - [TEST_STEP][PASSED] - reqid_kons = requestid1: null

2022-11-22 17:42:54 - [TEST_STEP][PASSED] - reqid_spouse = requestid2: null

2022-11-22 17:42:54 - [TEST_STEP][PASSED] - println("requestid kons : " + reqid_kons): null

2022-11-22 17:42:54 - [TEST_STEP][PASSED] - response_searchME_kons = reqid_kons: null

2022-11-22 17:42:54 - [TEST_STEP][PASSED] - response_searchME_spouse = reqid_spouse: null

2022-11-22 17:42:54 - [TEST_STEP][PASSED] - println("kons req id is :" + response_searchME_kons): null

2022-11-22 17:42:54 - [TEST_STEP][PASSED] - println("spouse req id is : " + response_searchME_spouse): null

2022-11-22 17:42:54 - [TEST_STEP][PASSED] - verifyResponseStatusCode(req_data, 200): Verify response status code successfully

2022-11-22 17:42:54 - [MESSAGE][PASSED] - Verify response status code successfully

2022-11-22 17:42:54 - [TEST_STEP][PASSED] - response = req_data.getResponseText(): null

2022-11-22 17:42:54 - [TEST_STEP][PASSED] - logInfo($response): {"status":"Done","data":{"requestid1":"242671","requestid2":""}}

2022-11-22 17:42:54 - [MESSAGE][INFO] - {"status":"Done","data":{"requestid1":"242671","requestid2":""}}

2022-11-22 17:42:54 - [TEST_STEP][PASSED] - delay(3): Delayed 3 second(s)

2022-11-22 17:42:57 - [MESSAGE][PASSED] - Delayed 3 second(s)

2022-11-22 17:42:57 - [TEST_STEP][PASSED] - scoring = sendRequest(findTestObject("EngineScore", ["response_searchME_kons":response_searchME_kons, "response_searchME_spouse":response_searchME_spouse])): Send request successfully

2022-11-22 17:42:57 - [MESSAGE][INFO] - HAR: D:\DMS\Engine Scoring\Reports\20221122_171227\Exclude KKB - DS\Scoring Individu - DS\20221122_171227\requests\main\513.har

2022-11-22 17:42:57 - [MESSAGE][PASSED] - Send request successfully

2022-11-22 17:42:57 - [TEST_STEP][PASSED] - verifyResponseStatusCode(scoring, 200): Verify response status code successfully

2022-11-22 17:42:57 - [MESSAGE][PASSED] - Verify response status code successfully

2022-11-22 17:42:57 - [TEST_STEP][PASSED] - response2 = scoring.getResponseText(): null

2022-11-22 17:42:57 - [TEST_STEP][PASSED] - markPassed("result service data ke : " + no): result service data ke : 257

2022-11-22 17:42:57 - [MESSAGE][PASSED] - result service data ke : 257

2022-11-22 17:42:57 - [TEST_STEP][PASSED] - logInfo($response2): {"result_konsumen":"Reject","result_pasangan":"","Final_result":"Reject","errorMessage":"","status":"Done"}

2022-11-22 17:42:57 - [MESSAGE][INFO] - {"result_konsumen":"Reject","result_pasangan":"","Final_result":"Reject","errorMessage":"","status":"Done"}

2022-11-22 17:42:57 - [TEST_STEP][PASSED] - verifyElementPropertyValue(scoring, "Final_result", final_result): Verify element property value successfully

2022-11-22 17:42:57 - [MESSAGE][PASSED] - Verify element property value successfully]]></system-out>
         <system-err><![CDATA[]]></system-err>
      </testcase>
      <testcase name="Test Cases/Engine_Scoring/Engine Scoring" time="6.242" classname="Test Cases/Engine_Scoring/Engine Scoring" status="PASSED">
         <system-out><![CDATA[2022-11-22 17:42:57 - [TEST_CASE][PASSED] - Test Cases/Engine_Scoring/Engine Scoring: Test Cases/Engine_Scoring/Engine Scoring

2022-11-22 17:42:59 - [TEST_STEP][PASSED] - markPassed("Variasi data ke : " + no): Variasi data ke : 258

2022-11-22 17:42:59 - [MESSAGE][PASSED] - Variasi data ke : 258

2022-11-22 17:42:59 - [TEST_STEP][PASSED] - req_data = sendRequest(findTestObject("Search_ME", ["MID":MID, "source":source, "ip":ip, "userid":userid, "branch":branch, "tipekons":tipekons, "marital":marital, "penjamin":penjamin, ... ])): Send request successfully

2022-11-22 17:43:00 - [MESSAGE][INFO] - HAR: D:\DMS\Engine Scoring\Reports\20221122_171227\Exclude KKB - DS\Scoring Individu - DS\20221122_171227\requests\main\514.har

2022-11-22 17:43:00 - [MESSAGE][PASSED] - Send request successfully

2022-11-22 17:43:00 - [TEST_STEP][PASSED] - slurper = new groovy.json.JsonSlurper(): null

2022-11-22 17:43:00 - [TEST_STEP][PASSED] - result = slurper.parseText(req_data.getResponseBodyContent()): null

2022-11-22 17:43:00 - [TEST_STEP][PASSED] - reqid_kons = requestid1: null

2022-11-22 17:43:00 - [TEST_STEP][PASSED] - reqid_spouse = requestid2: null

2022-11-22 17:43:00 - [TEST_STEP][PASSED] - println("requestid kons : " + reqid_kons): null

2022-11-22 17:43:00 - [TEST_STEP][PASSED] - response_searchME_kons = reqid_kons: null

2022-11-22 17:43:00 - [TEST_STEP][PASSED] - response_searchME_spouse = reqid_spouse: null

2022-11-22 17:43:00 - [TEST_STEP][PASSED] - println("kons req id is :" + response_searchME_kons): null

2022-11-22 17:43:00 - [TEST_STEP][PASSED] - println("spouse req id is : " + response_searchME_spouse): null

2022-11-22 17:43:00 - [TEST_STEP][PASSED] - verifyResponseStatusCode(req_data, 200): Verify response status code successfully

2022-11-22 17:43:00 - [MESSAGE][PASSED] - Verify response status code successfully

2022-11-22 17:43:00 - [TEST_STEP][PASSED] - response = req_data.getResponseText(): null

2022-11-22 17:43:00 - [TEST_STEP][PASSED] - logInfo($response): {"status":"Done","data":{"requestid1":"242672","requestid2":""}}

2022-11-22 17:43:00 - [MESSAGE][INFO] - {"status":"Done","data":{"requestid1":"242672","requestid2":""}}

2022-11-22 17:43:00 - [TEST_STEP][PASSED] - delay(3): Delayed 3 second(s)

2022-11-22 17:43:03 - [MESSAGE][PASSED] - Delayed 3 second(s)

2022-11-22 17:43:03 - [TEST_STEP][PASSED] - scoring = sendRequest(findTestObject("EngineScore", ["response_searchME_kons":response_searchME_kons, "response_searchME_spouse":response_searchME_spouse])): Send request successfully

2022-11-22 17:43:04 - [MESSAGE][INFO] - HAR: D:\DMS\Engine Scoring\Reports\20221122_171227\Exclude KKB - DS\Scoring Individu - DS\20221122_171227\requests\main\515.har

2022-11-22 17:43:04 - [MESSAGE][PASSED] - Send request successfully

2022-11-22 17:43:04 - [TEST_STEP][PASSED] - verifyResponseStatusCode(scoring, 200): Verify response status code successfully

2022-11-22 17:43:04 - [MESSAGE][PASSED] - Verify response status code successfully

2022-11-22 17:43:04 - [TEST_STEP][PASSED] - response2 = scoring.getResponseText(): null

2022-11-22 17:43:04 - [TEST_STEP][PASSED] - markPassed("result service data ke : " + no): result service data ke : 258

2022-11-22 17:43:04 - [MESSAGE][PASSED] - result service data ke : 258

2022-11-22 17:43:04 - [TEST_STEP][PASSED] - logInfo($response2): {"result_konsumen":"Reject","result_pasangan":"","Final_result":"Reject","errorMessage":"","status":"Done"}

2022-11-22 17:43:04 - [MESSAGE][INFO] - {"result_konsumen":"Reject","result_pasangan":"","Final_result":"Reject","errorMessage":"","status":"Done"}

2022-11-22 17:43:04 - [TEST_STEP][PASSED] - verifyElementPropertyValue(scoring, "Final_result", final_result): Verify element property value successfully

2022-11-22 17:43:04 - [MESSAGE][PASSED] - Verify element property value successfully]]></system-out>
         <system-err><![CDATA[]]></system-err>
      </testcase>
      <testcase name="Test Cases/Engine_Scoring/Engine Scoring" time="6.132" classname="Test Cases/Engine_Scoring/Engine Scoring" status="PASSED">
         <system-out><![CDATA[2022-11-22 17:43:04 - [TEST_CASE][PASSED] - Test Cases/Engine_Scoring/Engine Scoring: Test Cases/Engine_Scoring/Engine Scoring

2022-11-22 17:43:05 - [TEST_STEP][PASSED] - markPassed("Variasi data ke : " + no): Variasi data ke : 259

2022-11-22 17:43:05 - [MESSAGE][PASSED] - Variasi data ke : 259

2022-11-22 17:43:05 - [TEST_STEP][PASSED] - req_data = sendRequest(findTestObject("Search_ME", ["MID":MID, "source":source, "ip":ip, "userid":userid, "branch":branch, "tipekons":tipekons, "marital":marital, "penjamin":penjamin, ... ])): Send request successfully

2022-11-22 17:43:07 - [MESSAGE][INFO] - HAR: D:\DMS\Engine Scoring\Reports\20221122_171227\Exclude KKB - DS\Scoring Individu - DS\20221122_171227\requests\main\516.har

2022-11-22 17:43:07 - [MESSAGE][PASSED] - Send request successfully

2022-11-22 17:43:07 - [TEST_STEP][PASSED] - slurper = new groovy.json.JsonSlurper(): null

2022-11-22 17:43:07 - [TEST_STEP][PASSED] - result = slurper.parseText(req_data.getResponseBodyContent()): null

2022-11-22 17:43:07 - [TEST_STEP][PASSED] - reqid_kons = requestid1: null

2022-11-22 17:43:07 - [TEST_STEP][PASSED] - reqid_spouse = requestid2: null

2022-11-22 17:43:07 - [TEST_STEP][PASSED] - println("requestid kons : " + reqid_kons): null

2022-11-22 17:43:07 - [TEST_STEP][PASSED] - response_searchME_kons = reqid_kons: null

2022-11-22 17:43:07 - [TEST_STEP][PASSED] - response_searchME_spouse = reqid_spouse: null

2022-11-22 17:43:07 - [TEST_STEP][PASSED] - println("kons req id is :" + response_searchME_kons): null

2022-11-22 17:43:07 - [TEST_STEP][PASSED] - println("spouse req id is : " + response_searchME_spouse): null

2022-11-22 17:43:07 - [TEST_STEP][PASSED] - verifyResponseStatusCode(req_data, 200): Verify response status code successfully

2022-11-22 17:43:07 - [MESSAGE][PASSED] - Verify response status code successfully

2022-11-22 17:43:07 - [TEST_STEP][PASSED] - response = req_data.getResponseText(): null

2022-11-22 17:43:07 - [TEST_STEP][PASSED] - logInfo($response): {"status":"Done","data":{"requestid1":"242673","requestid2":""}}

2022-11-22 17:43:07 - [MESSAGE][INFO] - {"status":"Done","data":{"requestid1":"242673","requestid2":""}}

2022-11-22 17:43:07 - [TEST_STEP][PASSED] - delay(3): Delayed 3 second(s)

2022-11-22 17:43:10 - [MESSAGE][PASSED] - Delayed 3 second(s)

2022-11-22 17:43:10 - [TEST_STEP][PASSED] - scoring = sendRequest(findTestObject("EngineScore", ["response_searchME_kons":response_searchME_kons, "response_searchME_spouse":response_searchME_spouse])): Send request successfully

2022-11-22 17:43:10 - [MESSAGE][INFO] - HAR: D:\DMS\Engine Scoring\Reports\20221122_171227\Exclude KKB - DS\Scoring Individu - DS\20221122_171227\requests\main\517.har

2022-11-22 17:43:10 - [MESSAGE][PASSED] - Send request successfully

2022-11-22 17:43:10 - [TEST_STEP][PASSED] - verifyResponseStatusCode(scoring, 200): Verify response status code successfully

2022-11-22 17:43:10 - [MESSAGE][PASSED] - Verify response status code successfully

2022-11-22 17:43:10 - [TEST_STEP][PASSED] - response2 = scoring.getResponseText(): null

2022-11-22 17:43:10 - [TEST_STEP][PASSED] - markPassed("result service data ke : " + no): result service data ke : 259

2022-11-22 17:43:10 - [MESSAGE][PASSED] - result service data ke : 259

2022-11-22 17:43:10 - [TEST_STEP][PASSED] - logInfo($response2): {"result_konsumen":"Reject","result_pasangan":"","Final_result":"Reject","errorMessage":"","status":"Done"}

2022-11-22 17:43:10 - [MESSAGE][INFO] - {"result_konsumen":"Reject","result_pasangan":"","Final_result":"Reject","errorMessage":"","status":"Done"}

2022-11-22 17:43:10 - [TEST_STEP][PASSED] - verifyElementPropertyValue(scoring, "Final_result", final_result): Verify element property value successfully

2022-11-22 17:43:10 - [MESSAGE][PASSED] - Verify element property value successfully]]></system-out>
         <system-err><![CDATA[]]></system-err>
      </testcase>
      <testcase name="Test Cases/Engine_Scoring/Engine Scoring" time="6.13" classname="Test Cases/Engine_Scoring/Engine Scoring" status="PASSED">
         <system-out><![CDATA[2022-11-22 17:43:10 - [TEST_CASE][PASSED] - Test Cases/Engine_Scoring/Engine Scoring: Test Cases/Engine_Scoring/Engine Scoring

2022-11-22 17:43:11 - [TEST_STEP][PASSED] - markPassed("Variasi data ke : " + no): Variasi data ke : 260

2022-11-22 17:43:11 - [MESSAGE][PASSED] - Variasi data ke : 260

2022-11-22 17:43:11 - [TEST_STEP][PASSED] - req_data = sendRequest(findTestObject("Search_ME", ["MID":MID, "source":source, "ip":ip, "userid":userid, "branch":branch, "tipekons":tipekons, "marital":marital, "penjamin":penjamin, ... ])): Send request successfully

2022-11-22 17:43:13 - [MESSAGE][INFO] - HAR: D:\DMS\Engine Scoring\Reports\20221122_171227\Exclude KKB - DS\Scoring Individu - DS\20221122_171227\requests\main\518.har

2022-11-22 17:43:13 - [MESSAGE][PASSED] - Send request successfully

2022-11-22 17:43:13 - [TEST_STEP][PASSED] - slurper = new groovy.json.JsonSlurper(): null

2022-11-22 17:43:13 - [TEST_STEP][PASSED] - result = slurper.parseText(req_data.getResponseBodyContent()): null

2022-11-22 17:43:13 - [TEST_STEP][PASSED] - reqid_kons = requestid1: null

2022-11-22 17:43:13 - [TEST_STEP][PASSED] - reqid_spouse = requestid2: null

2022-11-22 17:43:13 - [TEST_STEP][PASSED] - println("requestid kons : " + reqid_kons): null

2022-11-22 17:43:13 - [TEST_STEP][PASSED] - response_searchME_kons = reqid_kons: null

2022-11-22 17:43:13 - [TEST_STEP][PASSED] - response_searchME_spouse = reqid_spouse: null

2022-11-22 17:43:13 - [TEST_STEP][PASSED] - println("kons req id is :" + response_searchME_kons): null

2022-11-22 17:43:13 - [TEST_STEP][PASSED] - println("spouse req id is : " + response_searchME_spouse): null

2022-11-22 17:43:13 - [TEST_STEP][PASSED] - verifyResponseStatusCode(req_data, 200): Verify response status code successfully

2022-11-22 17:43:13 - [MESSAGE][PASSED] - Verify response status code successfully

2022-11-22 17:43:13 - [TEST_STEP][PASSED] - response = req_data.getResponseText(): null

2022-11-22 17:43:13 - [TEST_STEP][PASSED] - logInfo($response): {"status":"Done","data":{"requestid1":"242674","requestid2":""}}

2022-11-22 17:43:13 - [MESSAGE][INFO] - {"status":"Done","data":{"requestid1":"242674","requestid2":""}}

2022-11-22 17:43:13 - [TEST_STEP][PASSED] - delay(3): Delayed 3 second(s)

2022-11-22 17:43:16 - [MESSAGE][PASSED] - Delayed 3 second(s)

2022-11-22 17:43:16 - [TEST_STEP][PASSED] - scoring = sendRequest(findTestObject("EngineScore", ["response_searchME_kons":response_searchME_kons, "response_searchME_spouse":response_searchME_spouse])): Send request successfully

2022-11-22 17:43:16 - [MESSAGE][INFO] - HAR: D:\DMS\Engine Scoring\Reports\20221122_171227\Exclude KKB - DS\Scoring Individu - DS\20221122_171227\requests\main\519.har

2022-11-22 17:43:16 - [MESSAGE][PASSED] - Send request successfully

2022-11-22 17:43:16 - [TEST_STEP][PASSED] - verifyResponseStatusCode(scoring, 200): Verify response status code successfully

2022-11-22 17:43:16 - [MESSAGE][PASSED] - Verify response status code successfully

2022-11-22 17:43:16 - [TEST_STEP][PASSED] - response2 = scoring.getResponseText(): null

2022-11-22 17:43:16 - [TEST_STEP][PASSED] - markPassed("result service data ke : " + no): result service data ke : 260

2022-11-22 17:43:16 - [MESSAGE][PASSED] - result service data ke : 260

2022-11-22 17:43:16 - [TEST_STEP][PASSED] - logInfo($response2): {"result_konsumen":"Reject","result_pasangan":"","Final_result":"Reject","errorMessage":"","status":"Done"}

2022-11-22 17:43:16 - [MESSAGE][INFO] - {"result_konsumen":"Reject","result_pasangan":"","Final_result":"Reject","errorMessage":"","status":"Done"}

2022-11-22 17:43:16 - [TEST_STEP][PASSED] - verifyElementPropertyValue(scoring, "Final_result", final_result): Verify element property value successfully

2022-11-22 17:43:16 - [MESSAGE][PASSED] - Verify element property value successfully]]></system-out>
         <system-err><![CDATA[]]></system-err>
      </testcase>
      <testcase name="Test Cases/Engine_Scoring/Engine Scoring" time="5.956" classname="Test Cases/Engine_Scoring/Engine Scoring" status="PASSED">
         <system-out><![CDATA[2022-11-22 17:43:16 - [TEST_CASE][PASSED] - Test Cases/Engine_Scoring/Engine Scoring: Test Cases/Engine_Scoring/Engine Scoring

2022-11-22 17:43:17 - [TEST_STEP][PASSED] - markPassed("Variasi data ke : " + no): Variasi data ke : 261

2022-11-22 17:43:17 - [MESSAGE][PASSED] - Variasi data ke : 261

2022-11-22 17:43:17 - [TEST_STEP][PASSED] - req_data = sendRequest(findTestObject("Search_ME", ["MID":MID, "source":source, "ip":ip, "userid":userid, "branch":branch, "tipekons":tipekons, "marital":marital, "penjamin":penjamin, ... ])): Send request successfully

2022-11-22 17:43:19 - [MESSAGE][INFO] - HAR: D:\DMS\Engine Scoring\Reports\20221122_171227\Exclude KKB - DS\Scoring Individu - DS\20221122_171227\requests\main\520.har

2022-11-22 17:43:19 - [MESSAGE][PASSED] - Send request successfully

2022-11-22 17:43:19 - [TEST_STEP][PASSED] - slurper = new groovy.json.JsonSlurper(): null

2022-11-22 17:43:19 - [TEST_STEP][PASSED] - result = slurper.parseText(req_data.getResponseBodyContent()): null

2022-11-22 17:43:19 - [TEST_STEP][PASSED] - reqid_kons = requestid1: null

2022-11-22 17:43:19 - [TEST_STEP][PASSED] - reqid_spouse = requestid2: null

2022-11-22 17:43:19 - [TEST_STEP][PASSED] - println("requestid kons : " + reqid_kons): null

2022-11-22 17:43:19 - [TEST_STEP][PASSED] - response_searchME_kons = reqid_kons: null

2022-11-22 17:43:19 - [TEST_STEP][PASSED] - response_searchME_spouse = reqid_spouse: null

2022-11-22 17:43:19 - [TEST_STEP][PASSED] - println("kons req id is :" + response_searchME_kons): null

2022-11-22 17:43:19 - [TEST_STEP][PASSED] - println("spouse req id is : " + response_searchME_spouse): null

2022-11-22 17:43:19 - [TEST_STEP][PASSED] - verifyResponseStatusCode(req_data, 200): Verify response status code successfully

2022-11-22 17:43:19 - [MESSAGE][PASSED] - Verify response status code successfully

2022-11-22 17:43:19 - [TEST_STEP][PASSED] - response = req_data.getResponseText(): null

2022-11-22 17:43:19 - [TEST_STEP][PASSED] - logInfo($response): {"status":"Done","data":{"requestid1":"242675","requestid2":""}}

2022-11-22 17:43:19 - [MESSAGE][INFO] - {"status":"Done","data":{"requestid1":"242675","requestid2":""}}

2022-11-22 17:43:19 - [TEST_STEP][PASSED] - delay(3): Delayed 3 second(s)

2022-11-22 17:43:22 - [MESSAGE][PASSED] - Delayed 3 second(s)

2022-11-22 17:43:22 - [TEST_STEP][PASSED] - scoring = sendRequest(findTestObject("EngineScore", ["response_searchME_kons":response_searchME_kons, "response_searchME_spouse":response_searchME_spouse])): Send request successfully

2022-11-22 17:43:22 - [MESSAGE][INFO] - HAR: D:\DMS\Engine Scoring\Reports\20221122_171227\Exclude KKB - DS\Scoring Individu - DS\20221122_171227\requests\main\521.har

2022-11-22 17:43:22 - [MESSAGE][PASSED] - Send request successfully

2022-11-22 17:43:22 - [TEST_STEP][PASSED] - verifyResponseStatusCode(scoring, 200): Verify response status code successfully

2022-11-22 17:43:22 - [MESSAGE][PASSED] - Verify response status code successfully

2022-11-22 17:43:22 - [TEST_STEP][PASSED] - response2 = scoring.getResponseText(): null

2022-11-22 17:43:22 - [TEST_STEP][PASSED] - markPassed("result service data ke : " + no): result service data ke : 261

2022-11-22 17:43:22 - [MESSAGE][PASSED] - result service data ke : 261

2022-11-22 17:43:22 - [TEST_STEP][PASSED] - logInfo($response2): {"result_konsumen":"Reject","result_pasangan":"","Final_result":"Reject","errorMessage":"","status":"Done"}

2022-11-22 17:43:22 - [MESSAGE][INFO] - {"result_konsumen":"Reject","result_pasangan":"","Final_result":"Reject","errorMessage":"","status":"Done"}

2022-11-22 17:43:22 - [TEST_STEP][PASSED] - verifyElementPropertyValue(scoring, "Final_result", final_result): Verify element property value successfully

2022-11-22 17:43:22 - [MESSAGE][PASSED] - Verify element property value successfully]]></system-out>
         <system-err><![CDATA[]]></system-err>
      </testcase>
      <testcase name="Test Cases/Engine_Scoring/Engine Scoring" time="6.386" classname="Test Cases/Engine_Scoring/Engine Scoring" status="PASSED">
         <system-out><![CDATA[2022-11-22 17:43:22 - [TEST_CASE][PASSED] - Test Cases/Engine_Scoring/Engine Scoring: Test Cases/Engine_Scoring/Engine Scoring

2022-11-22 17:43:24 - [TEST_STEP][PASSED] - markPassed("Variasi data ke : " + no): Variasi data ke : 262

2022-11-22 17:43:24 - [MESSAGE][PASSED] - Variasi data ke : 262

2022-11-22 17:43:24 - [TEST_STEP][PASSED] - req_data = sendRequest(findTestObject("Search_ME", ["MID":MID, "source":source, "ip":ip, "userid":userid, "branch":branch, "tipekons":tipekons, "marital":marital, "penjamin":penjamin, ... ])): Send request successfully

2022-11-22 17:43:25 - [MESSAGE][INFO] - HAR: D:\DMS\Engine Scoring\Reports\20221122_171227\Exclude KKB - DS\Scoring Individu - DS\20221122_171227\requests\main\522.har

2022-11-22 17:43:25 - [MESSAGE][PASSED] - Send request successfully

2022-11-22 17:43:25 - [TEST_STEP][PASSED] - slurper = new groovy.json.JsonSlurper(): null

2022-11-22 17:43:25 - [TEST_STEP][PASSED] - result = slurper.parseText(req_data.getResponseBodyContent()): null

2022-11-22 17:43:25 - [TEST_STEP][PASSED] - reqid_kons = requestid1: null

2022-11-22 17:43:25 - [TEST_STEP][PASSED] - reqid_spouse = requestid2: null

2022-11-22 17:43:25 - [TEST_STEP][PASSED] - println("requestid kons : " + reqid_kons): null

2022-11-22 17:43:25 - [TEST_STEP][PASSED] - response_searchME_kons = reqid_kons: null

2022-11-22 17:43:25 - [TEST_STEP][PASSED] - response_searchME_spouse = reqid_spouse: null

2022-11-22 17:43:25 - [TEST_STEP][PASSED] - println("kons req id is :" + response_searchME_kons): null

2022-11-22 17:43:25 - [TEST_STEP][PASSED] - println("spouse req id is : " + response_searchME_spouse): null

2022-11-22 17:43:25 - [TEST_STEP][PASSED] - verifyResponseStatusCode(req_data, 200): Verify response status code successfully

2022-11-22 17:43:25 - [MESSAGE][PASSED] - Verify response status code successfully

2022-11-22 17:43:25 - [TEST_STEP][PASSED] - response = req_data.getResponseText(): null

2022-11-22 17:43:25 - [TEST_STEP][PASSED] - logInfo($response): {"status":"Done","data":{"requestid1":"242676","requestid2":""}}

2022-11-22 17:43:25 - [MESSAGE][INFO] - {"status":"Done","data":{"requestid1":"242676","requestid2":""}}

2022-11-22 17:43:25 - [TEST_STEP][PASSED] - delay(3): Delayed 3 second(s)

2022-11-22 17:43:28 - [MESSAGE][PASSED] - Delayed 3 second(s)

2022-11-22 17:43:28 - [TEST_STEP][PASSED] - scoring = sendRequest(findTestObject("EngineScore", ["response_searchME_kons":response_searchME_kons, "response_searchME_spouse":response_searchME_spouse])): Send request successfully

2022-11-22 17:43:28 - [MESSAGE][INFO] - HAR: D:\DMS\Engine Scoring\Reports\20221122_171227\Exclude KKB - DS\Scoring Individu - DS\20221122_171227\requests\main\523.har

2022-11-22 17:43:28 - [MESSAGE][PASSED] - Send request successfully

2022-11-22 17:43:28 - [TEST_STEP][PASSED] - verifyResponseStatusCode(scoring, 200): Verify response status code successfully

2022-11-22 17:43:28 - [MESSAGE][PASSED] - Verify response status code successfully

2022-11-22 17:43:28 - [TEST_STEP][PASSED] - response2 = scoring.getResponseText(): null

2022-11-22 17:43:28 - [TEST_STEP][PASSED] - markPassed("result service data ke : " + no): result service data ke : 262

2022-11-22 17:43:28 - [MESSAGE][PASSED] - result service data ke : 262

2022-11-22 17:43:28 - [TEST_STEP][PASSED] - logInfo($response2): {"result_konsumen":"Reject","result_pasangan":"","Final_result":"Reject","errorMessage":"","status":"Done"}

2022-11-22 17:43:28 - [MESSAGE][INFO] - {"result_konsumen":"Reject","result_pasangan":"","Final_result":"Reject","errorMessage":"","status":"Done"}

2022-11-22 17:43:28 - [TEST_STEP][PASSED] - verifyElementPropertyValue(scoring, "Final_result", final_result): Verify element property value successfully

2022-11-22 17:43:28 - [MESSAGE][PASSED] - Verify element property value successfully]]></system-out>
         <system-err><![CDATA[]]></system-err>
      </testcase>
      <testcase name="Test Cases/Engine_Scoring/Engine Scoring" time="6.068" classname="Test Cases/Engine_Scoring/Engine Scoring" status="PASSED">
         <system-out><![CDATA[2022-11-22 17:43:29 - [TEST_CASE][PASSED] - Test Cases/Engine_Scoring/Engine Scoring: Test Cases/Engine_Scoring/Engine Scoring

2022-11-22 17:43:30 - [TEST_STEP][PASSED] - markPassed("Variasi data ke : " + no): Variasi data ke : 263

2022-11-22 17:43:30 - [MESSAGE][PASSED] - Variasi data ke : 263

2022-11-22 17:43:30 - [TEST_STEP][PASSED] - req_data = sendRequest(findTestObject("Search_ME", ["MID":MID, "source":source, "ip":ip, "userid":userid, "branch":branch, "tipekons":tipekons, "marital":marital, "penjamin":penjamin, ... ])): Send request successfully

2022-11-22 17:43:31 - [MESSAGE][INFO] - HAR: D:\DMS\Engine Scoring\Reports\20221122_171227\Exclude KKB - DS\Scoring Individu - DS\20221122_171227\requests\main\524.har

2022-11-22 17:43:31 - [MESSAGE][PASSED] - Send request successfully

2022-11-22 17:43:31 - [TEST_STEP][PASSED] - slurper = new groovy.json.JsonSlurper(): null

2022-11-22 17:43:31 - [TEST_STEP][PASSED] - result = slurper.parseText(req_data.getResponseBodyContent()): null

2022-11-22 17:43:31 - [TEST_STEP][PASSED] - reqid_kons = requestid1: null

2022-11-22 17:43:31 - [TEST_STEP][PASSED] - reqid_spouse = requestid2: null

2022-11-22 17:43:31 - [TEST_STEP][PASSED] - println("requestid kons : " + reqid_kons): null

2022-11-22 17:43:31 - [TEST_STEP][PASSED] - response_searchME_kons = reqid_kons: null

2022-11-22 17:43:31 - [TEST_STEP][PASSED] - response_searchME_spouse = reqid_spouse: null

2022-11-22 17:43:31 - [TEST_STEP][PASSED] - println("kons req id is :" + response_searchME_kons): null

2022-11-22 17:43:31 - [TEST_STEP][PASSED] - println("spouse req id is : " + response_searchME_spouse): null

2022-11-22 17:43:31 - [TEST_STEP][PASSED] - verifyResponseStatusCode(req_data, 200): Verify response status code successfully

2022-11-22 17:43:31 - [MESSAGE][PASSED] - Verify response status code successfully

2022-11-22 17:43:31 - [TEST_STEP][PASSED] - response = req_data.getResponseText(): null

2022-11-22 17:43:31 - [TEST_STEP][PASSED] - logInfo($response): {"status":"Done","data":{"requestid1":"242677","requestid2":""}}

2022-11-22 17:43:31 - [MESSAGE][INFO] - {"status":"Done","data":{"requestid1":"242677","requestid2":""}}

2022-11-22 17:43:31 - [TEST_STEP][PASSED] - delay(3): Delayed 3 second(s)

2022-11-22 17:43:34 - [MESSAGE][PASSED] - Delayed 3 second(s)

2022-11-22 17:43:34 - [TEST_STEP][PASSED] - scoring = sendRequest(findTestObject("EngineScore", ["response_searchME_kons":response_searchME_kons, "response_searchME_spouse":response_searchME_spouse])): Send request successfully

2022-11-22 17:43:35 - [MESSAGE][INFO] - HAR: D:\DMS\Engine Scoring\Reports\20221122_171227\Exclude KKB - DS\Scoring Individu - DS\20221122_171227\requests\main\525.har

2022-11-22 17:43:35 - [MESSAGE][PASSED] - Send request successfully

2022-11-22 17:43:35 - [TEST_STEP][PASSED] - verifyResponseStatusCode(scoring, 200): Verify response status code successfully

2022-11-22 17:43:35 - [MESSAGE][PASSED] - Verify response status code successfully

2022-11-22 17:43:35 - [TEST_STEP][PASSED] - response2 = scoring.getResponseText(): null

2022-11-22 17:43:35 - [TEST_STEP][PASSED] - markPassed("result service data ke : " + no): result service data ke : 263

2022-11-22 17:43:35 - [MESSAGE][PASSED] - result service data ke : 263

2022-11-22 17:43:35 - [TEST_STEP][PASSED] - logInfo($response2): {"result_konsumen":"Reject","result_pasangan":"","Final_result":"Reject","errorMessage":"","status":"Done"}

2022-11-22 17:43:35 - [MESSAGE][INFO] - {"result_konsumen":"Reject","result_pasangan":"","Final_result":"Reject","errorMessage":"","status":"Done"}

2022-11-22 17:43:35 - [TEST_STEP][PASSED] - verifyElementPropertyValue(scoring, "Final_result", final_result): Verify element property value successfully

2022-11-22 17:43:35 - [MESSAGE][PASSED] - Verify element property value successfully]]></system-out>
         <system-err><![CDATA[]]></system-err>
      </testcase>
      <testcase name="Test Cases/Engine_Scoring/Engine Scoring" time="6.067" classname="Test Cases/Engine_Scoring/Engine Scoring" status="PASSED">
         <system-out><![CDATA[2022-11-22 17:43:35 - [TEST_CASE][PASSED] - Test Cases/Engine_Scoring/Engine Scoring: Test Cases/Engine_Scoring/Engine Scoring

2022-11-22 17:43:36 - [TEST_STEP][PASSED] - markPassed("Variasi data ke : " + no): Variasi data ke : 264

2022-11-22 17:43:36 - [MESSAGE][PASSED] - Variasi data ke : 264

2022-11-22 17:43:36 - [TEST_STEP][PASSED] - req_data = sendRequest(findTestObject("Search_ME", ["MID":MID, "source":source, "ip":ip, "userid":userid, "branch":branch, "tipekons":tipekons, "marital":marital, "penjamin":penjamin, ... ])): Send request successfully

2022-11-22 17:43:38 - [MESSAGE][INFO] - HAR: D:\DMS\Engine Scoring\Reports\20221122_171227\Exclude KKB - DS\Scoring Individu - DS\20221122_171227\requests\main\526.har

2022-11-22 17:43:38 - [MESSAGE][PASSED] - Send request successfully

2022-11-22 17:43:38 - [TEST_STEP][PASSED] - slurper = new groovy.json.JsonSlurper(): null

2022-11-22 17:43:38 - [TEST_STEP][PASSED] - result = slurper.parseText(req_data.getResponseBodyContent()): null

2022-11-22 17:43:38 - [TEST_STEP][PASSED] - reqid_kons = requestid1: null

2022-11-22 17:43:38 - [TEST_STEP][PASSED] - reqid_spouse = requestid2: null

2022-11-22 17:43:38 - [TEST_STEP][PASSED] - println("requestid kons : " + reqid_kons): null

2022-11-22 17:43:38 - [TEST_STEP][PASSED] - response_searchME_kons = reqid_kons: null

2022-11-22 17:43:38 - [TEST_STEP][PASSED] - response_searchME_spouse = reqid_spouse: null

2022-11-22 17:43:38 - [TEST_STEP][PASSED] - println("kons req id is :" + response_searchME_kons): null

2022-11-22 17:43:38 - [TEST_STEP][PASSED] - println("spouse req id is : " + response_searchME_spouse): null

2022-11-22 17:43:38 - [TEST_STEP][PASSED] - verifyResponseStatusCode(req_data, 200): Verify response status code successfully

2022-11-22 17:43:38 - [MESSAGE][PASSED] - Verify response status code successfully

2022-11-22 17:43:38 - [TEST_STEP][PASSED] - response = req_data.getResponseText(): null

2022-11-22 17:43:38 - [TEST_STEP][PASSED] - logInfo($response): {"status":"Done","data":{"requestid1":"242678","requestid2":""}}

2022-11-22 17:43:38 - [MESSAGE][INFO] - {"status":"Done","data":{"requestid1":"242678","requestid2":""}}

2022-11-22 17:43:38 - [TEST_STEP][PASSED] - delay(3): Delayed 3 second(s)

2022-11-22 17:43:41 - [MESSAGE][PASSED] - Delayed 3 second(s)

2022-11-22 17:43:41 - [TEST_STEP][PASSED] - scoring = sendRequest(findTestObject("EngineScore", ["response_searchME_kons":response_searchME_kons, "response_searchME_spouse":response_searchME_spouse])): Send request successfully

2022-11-22 17:43:41 - [MESSAGE][INFO] - HAR: D:\DMS\Engine Scoring\Reports\20221122_171227\Exclude KKB - DS\Scoring Individu - DS\20221122_171227\requests\main\527.har

2022-11-22 17:43:41 - [MESSAGE][PASSED] - Send request successfully

2022-11-22 17:43:41 - [TEST_STEP][PASSED] - verifyResponseStatusCode(scoring, 200): Verify response status code successfully

2022-11-22 17:43:41 - [MESSAGE][PASSED] - Verify response status code successfully

2022-11-22 17:43:41 - [TEST_STEP][PASSED] - response2 = scoring.getResponseText(): null

2022-11-22 17:43:41 - [TEST_STEP][PASSED] - markPassed("result service data ke : " + no): result service data ke : 264

2022-11-22 17:43:41 - [MESSAGE][PASSED] - result service data ke : 264

2022-11-22 17:43:41 - [TEST_STEP][PASSED] - logInfo($response2): {"result_konsumen":"Reject","result_pasangan":"","Final_result":"Reject","errorMessage":"","status":"Done"}

2022-11-22 17:43:41 - [MESSAGE][INFO] - {"result_konsumen":"Reject","result_pasangan":"","Final_result":"Reject","errorMessage":"","status":"Done"}

2022-11-22 17:43:41 - [TEST_STEP][PASSED] - verifyElementPropertyValue(scoring, "Final_result", final_result): Verify element property value successfully

2022-11-22 17:43:41 - [MESSAGE][PASSED] - Verify element property value successfully]]></system-out>
         <system-err><![CDATA[]]></system-err>
      </testcase>
      <testcase name="Test Cases/Engine_Scoring/Engine Scoring" time="6.287" classname="Test Cases/Engine_Scoring/Engine Scoring" status="PASSED">
         <system-out><![CDATA[2022-11-22 17:43:41 - [TEST_CASE][PASSED] - Test Cases/Engine_Scoring/Engine Scoring: Test Cases/Engine_Scoring/Engine Scoring

2022-11-22 17:43:42 - [TEST_STEP][PASSED] - markPassed("Variasi data ke : " + no): Variasi data ke : 265

2022-11-22 17:43:42 - [MESSAGE][PASSED] - Variasi data ke : 265

2022-11-22 17:43:42 - [TEST_STEP][PASSED] - req_data = sendRequest(findTestObject("Search_ME", ["MID":MID, "source":source, "ip":ip, "userid":userid, "branch":branch, "tipekons":tipekons, "marital":marital, "penjamin":penjamin, ... ])): Send request successfully

2022-11-22 17:43:44 - [MESSAGE][INFO] - HAR: D:\DMS\Engine Scoring\Reports\20221122_171227\Exclude KKB - DS\Scoring Individu - DS\20221122_171227\requests\main\528.har

2022-11-22 17:43:44 - [MESSAGE][PASSED] - Send request successfully

2022-11-22 17:43:44 - [TEST_STEP][PASSED] - slurper = new groovy.json.JsonSlurper(): null

2022-11-22 17:43:44 - [TEST_STEP][PASSED] - result = slurper.parseText(req_data.getResponseBodyContent()): null

2022-11-22 17:43:44 - [TEST_STEP][PASSED] - reqid_kons = requestid1: null

2022-11-22 17:43:44 - [TEST_STEP][PASSED] - reqid_spouse = requestid2: null

2022-11-22 17:43:44 - [TEST_STEP][PASSED] - println("requestid kons : " + reqid_kons): null

2022-11-22 17:43:44 - [TEST_STEP][PASSED] - response_searchME_kons = reqid_kons: null

2022-11-22 17:43:44 - [TEST_STEP][PASSED] - response_searchME_spouse = reqid_spouse: null

2022-11-22 17:43:44 - [TEST_STEP][PASSED] - println("kons req id is :" + response_searchME_kons): null

2022-11-22 17:43:44 - [TEST_STEP][PASSED] - println("spouse req id is : " + response_searchME_spouse): null

2022-11-22 17:43:44 - [TEST_STEP][PASSED] - verifyResponseStatusCode(req_data, 200): Verify response status code successfully

2022-11-22 17:43:44 - [MESSAGE][PASSED] - Verify response status code successfully

2022-11-22 17:43:44 - [TEST_STEP][PASSED] - response = req_data.getResponseText(): null

2022-11-22 17:43:44 - [TEST_STEP][PASSED] - logInfo($response): {"status":"Done","data":{"requestid1":"242679","requestid2":""}}

2022-11-22 17:43:44 - [MESSAGE][INFO] - {"status":"Done","data":{"requestid1":"242679","requestid2":""}}

2022-11-22 17:43:44 - [TEST_STEP][PASSED] - delay(3): Delayed 3 second(s)

2022-11-22 17:43:47 - [MESSAGE][PASSED] - Delayed 3 second(s)

2022-11-22 17:43:47 - [TEST_STEP][PASSED] - scoring = sendRequest(findTestObject("EngineScore", ["response_searchME_kons":response_searchME_kons, "response_searchME_spouse":response_searchME_spouse])): Send request successfully

2022-11-22 17:43:47 - [MESSAGE][INFO] - HAR: D:\DMS\Engine Scoring\Reports\20221122_171227\Exclude KKB - DS\Scoring Individu - DS\20221122_171227\requests\main\529.har

2022-11-22 17:43:47 - [MESSAGE][PASSED] - Send request successfully

2022-11-22 17:43:47 - [TEST_STEP][PASSED] - verifyResponseStatusCode(scoring, 200): Verify response status code successfully

2022-11-22 17:43:47 - [MESSAGE][PASSED] - Verify response status code successfully

2022-11-22 17:43:47 - [TEST_STEP][PASSED] - response2 = scoring.getResponseText(): null

2022-11-22 17:43:47 - [TEST_STEP][PASSED] - markPassed("result service data ke : " + no): result service data ke : 265

2022-11-22 17:43:47 - [MESSAGE][PASSED] - result service data ke : 265

2022-11-22 17:43:47 - [TEST_STEP][PASSED] - logInfo($response2): {"result_konsumen":"Reject","result_pasangan":"","Final_result":"Reject","errorMessage":"","status":"Done"}

2022-11-22 17:43:47 - [MESSAGE][INFO] - {"result_konsumen":"Reject","result_pasangan":"","Final_result":"Reject","errorMessage":"","status":"Done"}

2022-11-22 17:43:47 - [TEST_STEP][PASSED] - verifyElementPropertyValue(scoring, "Final_result", final_result): Verify element property value successfully

2022-11-22 17:43:47 - [MESSAGE][PASSED] - Verify element property value successfully]]></system-out>
         <system-err><![CDATA[]]></system-err>
      </testcase>
      <testcase name="Test Cases/Engine_Scoring/Engine Scoring" time="6.303" classname="Test Cases/Engine_Scoring/Engine Scoring" status="PASSED">
         <system-out><![CDATA[2022-11-22 17:43:47 - [TEST_CASE][PASSED] - Test Cases/Engine_Scoring/Engine Scoring: Test Cases/Engine_Scoring/Engine Scoring

2022-11-22 17:43:49 - [TEST_STEP][PASSED] - markPassed("Variasi data ke : " + no): Variasi data ke : 266

2022-11-22 17:43:49 - [MESSAGE][PASSED] - Variasi data ke : 266

2022-11-22 17:43:49 - [TEST_STEP][PASSED] - req_data = sendRequest(findTestObject("Search_ME", ["MID":MID, "source":source, "ip":ip, "userid":userid, "branch":branch, "tipekons":tipekons, "marital":marital, "penjamin":penjamin, ... ])): Send request successfully

2022-11-22 17:43:50 - [MESSAGE][INFO] - HAR: D:\DMS\Engine Scoring\Reports\20221122_171227\Exclude KKB - DS\Scoring Individu - DS\20221122_171227\requests\main\530.har

2022-11-22 17:43:50 - [MESSAGE][PASSED] - Send request successfully

2022-11-22 17:43:50 - [TEST_STEP][PASSED] - slurper = new groovy.json.JsonSlurper(): null

2022-11-22 17:43:50 - [TEST_STEP][PASSED] - result = slurper.parseText(req_data.getResponseBodyContent()): null

2022-11-22 17:43:50 - [TEST_STEP][PASSED] - reqid_kons = requestid1: null

2022-11-22 17:43:50 - [TEST_STEP][PASSED] - reqid_spouse = requestid2: null

2022-11-22 17:43:50 - [TEST_STEP][PASSED] - println("requestid kons : " + reqid_kons): null

2022-11-22 17:43:50 - [TEST_STEP][PASSED] - response_searchME_kons = reqid_kons: null

2022-11-22 17:43:50 - [TEST_STEP][PASSED] - response_searchME_spouse = reqid_spouse: null

2022-11-22 17:43:50 - [TEST_STEP][PASSED] - println("kons req id is :" + response_searchME_kons): null

2022-11-22 17:43:50 - [TEST_STEP][PASSED] - println("spouse req id is : " + response_searchME_spouse): null

2022-11-22 17:43:50 - [TEST_STEP][PASSED] - verifyResponseStatusCode(req_data, 200): Verify response status code successfully

2022-11-22 17:43:50 - [MESSAGE][PASSED] - Verify response status code successfully

2022-11-22 17:43:50 - [TEST_STEP][PASSED] - response = req_data.getResponseText(): null

2022-11-22 17:43:50 - [TEST_STEP][PASSED] - logInfo($response): {"status":"Done","data":{"requestid1":"242680","requestid2":""}}

2022-11-22 17:43:50 - [MESSAGE][INFO] - {"status":"Done","data":{"requestid1":"242680","requestid2":""}}

2022-11-22 17:43:50 - [TEST_STEP][PASSED] - delay(3): Delayed 3 second(s)

2022-11-22 17:43:53 - [MESSAGE][PASSED] - Delayed 3 second(s)

2022-11-22 17:43:53 - [TEST_STEP][PASSED] - scoring = sendRequest(findTestObject("EngineScore", ["response_searchME_kons":response_searchME_kons, "response_searchME_spouse":response_searchME_spouse])): Send request successfully

2022-11-22 17:43:53 - [MESSAGE][INFO] - HAR: D:\DMS\Engine Scoring\Reports\20221122_171227\Exclude KKB - DS\Scoring Individu - DS\20221122_171227\requests\main\531.har

2022-11-22 17:43:53 - [MESSAGE][PASSED] - Send request successfully

2022-11-22 17:43:53 - [TEST_STEP][PASSED] - verifyResponseStatusCode(scoring, 200): Verify response status code successfully

2022-11-22 17:43:53 - [MESSAGE][PASSED] - Verify response status code successfully

2022-11-22 17:43:53 - [TEST_STEP][PASSED] - response2 = scoring.getResponseText(): null

2022-11-22 17:43:53 - [TEST_STEP][PASSED] - markPassed("result service data ke : " + no): result service data ke : 266

2022-11-22 17:43:53 - [MESSAGE][PASSED] - result service data ke : 266

2022-11-22 17:43:53 - [TEST_STEP][PASSED] - logInfo($response2): {"result_konsumen":"Reject","result_pasangan":"","Final_result":"Reject","errorMessage":"","status":"Done"}

2022-11-22 17:43:53 - [MESSAGE][INFO] - {"result_konsumen":"Reject","result_pasangan":"","Final_result":"Reject","errorMessage":"","status":"Done"}

2022-11-22 17:43:53 - [TEST_STEP][PASSED] - verifyElementPropertyValue(scoring, "Final_result", final_result): Verify element property value successfully

2022-11-22 17:43:53 - [MESSAGE][PASSED] - Verify element property value successfully]]></system-out>
         <system-err><![CDATA[]]></system-err>
      </testcase>
      <testcase name="Test Cases/Engine_Scoring/Engine Scoring" time="6.484" classname="Test Cases/Engine_Scoring/Engine Scoring" status="PASSED">
         <system-out><![CDATA[2022-11-22 17:43:54 - [TEST_CASE][PASSED] - Test Cases/Engine_Scoring/Engine Scoring: Test Cases/Engine_Scoring/Engine Scoring

2022-11-22 17:43:55 - [TEST_STEP][PASSED] - markPassed("Variasi data ke : " + no): Variasi data ke : 267

2022-11-22 17:43:55 - [MESSAGE][PASSED] - Variasi data ke : 267

2022-11-22 17:43:55 - [TEST_STEP][PASSED] - req_data = sendRequest(findTestObject("Search_ME", ["MID":MID, "source":source, "ip":ip, "userid":userid, "branch":branch, "tipekons":tipekons, "marital":marital, "penjamin":penjamin, ... ])): Send request successfully

2022-11-22 17:43:57 - [MESSAGE][INFO] - HAR: D:\DMS\Engine Scoring\Reports\20221122_171227\Exclude KKB - DS\Scoring Individu - DS\20221122_171227\requests\main\532.har

2022-11-22 17:43:57 - [MESSAGE][PASSED] - Send request successfully

2022-11-22 17:43:57 - [TEST_STEP][PASSED] - slurper = new groovy.json.JsonSlurper(): null

2022-11-22 17:43:57 - [TEST_STEP][PASSED] - result = slurper.parseText(req_data.getResponseBodyContent()): null

2022-11-22 17:43:57 - [TEST_STEP][PASSED] - reqid_kons = requestid1: null

2022-11-22 17:43:57 - [TEST_STEP][PASSED] - reqid_spouse = requestid2: null

2022-11-22 17:43:57 - [TEST_STEP][PASSED] - println("requestid kons : " + reqid_kons): null

2022-11-22 17:43:57 - [TEST_STEP][PASSED] - response_searchME_kons = reqid_kons: null

2022-11-22 17:43:57 - [TEST_STEP][PASSED] - response_searchME_spouse = reqid_spouse: null

2022-11-22 17:43:57 - [TEST_STEP][PASSED] - println("kons req id is :" + response_searchME_kons): null

2022-11-22 17:43:57 - [TEST_STEP][PASSED] - println("spouse req id is : " + response_searchME_spouse): null

2022-11-22 17:43:57 - [TEST_STEP][PASSED] - verifyResponseStatusCode(req_data, 200): Verify response status code successfully

2022-11-22 17:43:57 - [MESSAGE][PASSED] - Verify response status code successfully

2022-11-22 17:43:57 - [TEST_STEP][PASSED] - response = req_data.getResponseText(): null

2022-11-22 17:43:57 - [TEST_STEP][PASSED] - logInfo($response): {"status":"Done","data":{"requestid1":"242681","requestid2":""}}

2022-11-22 17:43:57 - [MESSAGE][INFO] - {"status":"Done","data":{"requestid1":"242681","requestid2":""}}

2022-11-22 17:43:57 - [TEST_STEP][PASSED] - delay(3): Delayed 3 second(s)

2022-11-22 17:44:00 - [MESSAGE][PASSED] - Delayed 3 second(s)

2022-11-22 17:44:00 - [TEST_STEP][PASSED] - scoring = sendRequest(findTestObject("EngineScore", ["response_searchME_kons":response_searchME_kons, "response_searchME_spouse":response_searchME_spouse])): Send request successfully

2022-11-22 17:44:00 - [MESSAGE][INFO] - HAR: D:\DMS\Engine Scoring\Reports\20221122_171227\Exclude KKB - DS\Scoring Individu - DS\20221122_171227\requests\main\533.har

2022-11-22 17:44:00 - [MESSAGE][PASSED] - Send request successfully

2022-11-22 17:44:00 - [TEST_STEP][PASSED] - verifyResponseStatusCode(scoring, 200): Verify response status code successfully

2022-11-22 17:44:00 - [MESSAGE][PASSED] - Verify response status code successfully

2022-11-22 17:44:00 - [TEST_STEP][PASSED] - response2 = scoring.getResponseText(): null

2022-11-22 17:44:00 - [TEST_STEP][PASSED] - markPassed("result service data ke : " + no): result service data ke : 267

2022-11-22 17:44:00 - [MESSAGE][PASSED] - result service data ke : 267

2022-11-22 17:44:00 - [TEST_STEP][PASSED] - logInfo($response2): {"result_konsumen":"Reject","result_pasangan":"","Final_result":"Reject","errorMessage":"","status":"Done"}

2022-11-22 17:44:00 - [MESSAGE][INFO] - {"result_konsumen":"Reject","result_pasangan":"","Final_result":"Reject","errorMessage":"","status":"Done"}

2022-11-22 17:44:00 - [TEST_STEP][PASSED] - verifyElementPropertyValue(scoring, "Final_result", final_result): Verify element property value successfully

2022-11-22 17:44:00 - [MESSAGE][PASSED] - Verify element property value successfully]]></system-out>
         <system-err><![CDATA[]]></system-err>
      </testcase>
      <testcase name="Test Cases/Engine_Scoring/Engine Scoring" time="6.451" classname="Test Cases/Engine_Scoring/Engine Scoring" status="PASSED">
         <system-out><![CDATA[2022-11-22 17:44:00 - [TEST_CASE][PASSED] - Test Cases/Engine_Scoring/Engine Scoring: Test Cases/Engine_Scoring/Engine Scoring

2022-11-22 17:44:02 - [TEST_STEP][PASSED] - markPassed("Variasi data ke : " + no): Variasi data ke : 268

2022-11-22 17:44:02 - [MESSAGE][PASSED] - Variasi data ke : 268

2022-11-22 17:44:02 - [TEST_STEP][PASSED] - req_data = sendRequest(findTestObject("Search_ME", ["MID":MID, "source":source, "ip":ip, "userid":userid, "branch":branch, "tipekons":tipekons, "marital":marital, "penjamin":penjamin, ... ])): Send request successfully

2022-11-22 17:44:03 - [MESSAGE][INFO] - HAR: D:\DMS\Engine Scoring\Reports\20221122_171227\Exclude KKB - DS\Scoring Individu - DS\20221122_171227\requests\main\534.har

2022-11-22 17:44:03 - [MESSAGE][PASSED] - Send request successfully

2022-11-22 17:44:03 - [TEST_STEP][PASSED] - slurper = new groovy.json.JsonSlurper(): null

2022-11-22 17:44:03 - [TEST_STEP][PASSED] - result = slurper.parseText(req_data.getResponseBodyContent()): null

2022-11-22 17:44:03 - [TEST_STEP][PASSED] - reqid_kons = requestid1: null

2022-11-22 17:44:03 - [TEST_STEP][PASSED] - reqid_spouse = requestid2: null

2022-11-22 17:44:03 - [TEST_STEP][PASSED] - println("requestid kons : " + reqid_kons): null

2022-11-22 17:44:03 - [TEST_STEP][PASSED] - response_searchME_kons = reqid_kons: null

2022-11-22 17:44:03 - [TEST_STEP][PASSED] - response_searchME_spouse = reqid_spouse: null

2022-11-22 17:44:03 - [TEST_STEP][PASSED] - println("kons req id is :" + response_searchME_kons): null

2022-11-22 17:44:03 - [TEST_STEP][PASSED] - println("spouse req id is : " + response_searchME_spouse): null

2022-11-22 17:44:03 - [TEST_STEP][PASSED] - verifyResponseStatusCode(req_data, 200): Verify response status code successfully

2022-11-22 17:44:03 - [MESSAGE][PASSED] - Verify response status code successfully

2022-11-22 17:44:03 - [TEST_STEP][PASSED] - response = req_data.getResponseText(): null

2022-11-22 17:44:03 - [TEST_STEP][PASSED] - logInfo($response): {"status":"Done","data":{"requestid1":"242682","requestid2":""}}

2022-11-22 17:44:03 - [MESSAGE][INFO] - {"status":"Done","data":{"requestid1":"242682","requestid2":""}}

2022-11-22 17:44:03 - [TEST_STEP][PASSED] - delay(3): Delayed 3 second(s)

2022-11-22 17:44:06 - [MESSAGE][PASSED] - Delayed 3 second(s)

2022-11-22 17:44:06 - [TEST_STEP][PASSED] - scoring = sendRequest(findTestObject("EngineScore", ["response_searchME_kons":response_searchME_kons, "response_searchME_spouse":response_searchME_spouse])): Send request successfully

2022-11-22 17:44:07 - [MESSAGE][INFO] - HAR: D:\DMS\Engine Scoring\Reports\20221122_171227\Exclude KKB - DS\Scoring Individu - DS\20221122_171227\requests\main\535.har

2022-11-22 17:44:07 - [MESSAGE][PASSED] - Send request successfully

2022-11-22 17:44:07 - [TEST_STEP][PASSED] - verifyResponseStatusCode(scoring, 200): Verify response status code successfully

2022-11-22 17:44:07 - [MESSAGE][PASSED] - Verify response status code successfully

2022-11-22 17:44:07 - [TEST_STEP][PASSED] - response2 = scoring.getResponseText(): null

2022-11-22 17:44:07 - [TEST_STEP][PASSED] - markPassed("result service data ke : " + no): result service data ke : 268

2022-11-22 17:44:07 - [MESSAGE][PASSED] - result service data ke : 268

2022-11-22 17:44:07 - [TEST_STEP][PASSED] - logInfo($response2): {"result_konsumen":"Reject","result_pasangan":"","Final_result":"Reject","errorMessage":"","status":"Done"}

2022-11-22 17:44:07 - [MESSAGE][INFO] - {"result_konsumen":"Reject","result_pasangan":"","Final_result":"Reject","errorMessage":"","status":"Done"}

2022-11-22 17:44:07 - [TEST_STEP][PASSED] - verifyElementPropertyValue(scoring, "Final_result", final_result): Verify element property value successfully

2022-11-22 17:44:07 - [MESSAGE][PASSED] - Verify element property value successfully]]></system-out>
         <system-err><![CDATA[]]></system-err>
      </testcase>
      <testcase name="Test Cases/Engine_Scoring/Engine Scoring" time="6.18" classname="Test Cases/Engine_Scoring/Engine Scoring" status="PASSED">
         <system-out><![CDATA[2022-11-22 17:44:07 - [TEST_CASE][PASSED] - Test Cases/Engine_Scoring/Engine Scoring: Test Cases/Engine_Scoring/Engine Scoring

2022-11-22 17:44:08 - [TEST_STEP][PASSED] - markPassed("Variasi data ke : " + no): Variasi data ke : 269

2022-11-22 17:44:08 - [MESSAGE][PASSED] - Variasi data ke : 269

2022-11-22 17:44:08 - [TEST_STEP][PASSED] - req_data = sendRequest(findTestObject("Search_ME", ["MID":MID, "source":source, "ip":ip, "userid":userid, "branch":branch, "tipekons":tipekons, "marital":marital, "penjamin":penjamin, ... ])): Send request successfully

2022-11-22 17:44:10 - [MESSAGE][INFO] - HAR: D:\DMS\Engine Scoring\Reports\20221122_171227\Exclude KKB - DS\Scoring Individu - DS\20221122_171227\requests\main\536.har

2022-11-22 17:44:10 - [MESSAGE][PASSED] - Send request successfully

2022-11-22 17:44:10 - [TEST_STEP][PASSED] - slurper = new groovy.json.JsonSlurper(): null

2022-11-22 17:44:10 - [TEST_STEP][PASSED] - result = slurper.parseText(req_data.getResponseBodyContent()): null

2022-11-22 17:44:10 - [TEST_STEP][PASSED] - reqid_kons = requestid1: null

2022-11-22 17:44:10 - [TEST_STEP][PASSED] - reqid_spouse = requestid2: null

2022-11-22 17:44:10 - [TEST_STEP][PASSED] - println("requestid kons : " + reqid_kons): null

2022-11-22 17:44:10 - [TEST_STEP][PASSED] - response_searchME_kons = reqid_kons: null

2022-11-22 17:44:10 - [TEST_STEP][PASSED] - response_searchME_spouse = reqid_spouse: null

2022-11-22 17:44:10 - [TEST_STEP][PASSED] - println("kons req id is :" + response_searchME_kons): null

2022-11-22 17:44:10 - [TEST_STEP][PASSED] - println("spouse req id is : " + response_searchME_spouse): null

2022-11-22 17:44:10 - [TEST_STEP][PASSED] - verifyResponseStatusCode(req_data, 200): Verify response status code successfully

2022-11-22 17:44:10 - [MESSAGE][PASSED] - Verify response status code successfully

2022-11-22 17:44:10 - [TEST_STEP][PASSED] - response = req_data.getResponseText(): null

2022-11-22 17:44:10 - [TEST_STEP][PASSED] - logInfo($response): {"status":"Done","data":{"requestid1":"242683","requestid2":""}}

2022-11-22 17:44:10 - [MESSAGE][INFO] - {"status":"Done","data":{"requestid1":"242683","requestid2":""}}

2022-11-22 17:44:10 - [TEST_STEP][PASSED] - delay(3): Delayed 3 second(s)

2022-11-22 17:44:13 - [MESSAGE][PASSED] - Delayed 3 second(s)

2022-11-22 17:44:13 - [TEST_STEP][PASSED] - scoring = sendRequest(findTestObject("EngineScore", ["response_searchME_kons":response_searchME_kons, "response_searchME_spouse":response_searchME_spouse])): Send request successfully

2022-11-22 17:44:13 - [MESSAGE][INFO] - HAR: D:\DMS\Engine Scoring\Reports\20221122_171227\Exclude KKB - DS\Scoring Individu - DS\20221122_171227\requests\main\537.har

2022-11-22 17:44:13 - [MESSAGE][PASSED] - Send request successfully

2022-11-22 17:44:13 - [TEST_STEP][PASSED] - verifyResponseStatusCode(scoring, 200): Verify response status code successfully

2022-11-22 17:44:13 - [MESSAGE][PASSED] - Verify response status code successfully

2022-11-22 17:44:13 - [TEST_STEP][PASSED] - response2 = scoring.getResponseText(): null

2022-11-22 17:44:13 - [TEST_STEP][PASSED] - markPassed("result service data ke : " + no): result service data ke : 269

2022-11-22 17:44:13 - [MESSAGE][PASSED] - result service data ke : 269

2022-11-22 17:44:13 - [TEST_STEP][PASSED] - logInfo($response2): {"result_konsumen":"Reject","result_pasangan":"","Final_result":"Reject","errorMessage":"","status":"Done"}

2022-11-22 17:44:13 - [MESSAGE][INFO] - {"result_konsumen":"Reject","result_pasangan":"","Final_result":"Reject","errorMessage":"","status":"Done"}

2022-11-22 17:44:13 - [TEST_STEP][PASSED] - verifyElementPropertyValue(scoring, "Final_result", final_result): Verify element property value successfully

2022-11-22 17:44:13 - [MESSAGE][PASSED] - Verify element property value successfully]]></system-out>
         <system-err><![CDATA[]]></system-err>
      </testcase>
      <testcase name="Test Cases/Engine_Scoring/Engine Scoring" time="6.326" classname="Test Cases/Engine_Scoring/Engine Scoring" status="PASSED">
         <system-out><![CDATA[2022-11-22 17:44:13 - [TEST_CASE][PASSED] - Test Cases/Engine_Scoring/Engine Scoring: Test Cases/Engine_Scoring/Engine Scoring

2022-11-22 17:44:14 - [TEST_STEP][PASSED] - markPassed("Variasi data ke : " + no): Variasi data ke : 270

2022-11-22 17:44:14 - [MESSAGE][PASSED] - Variasi data ke : 270

2022-11-22 17:44:14 - [TEST_STEP][PASSED] - req_data = sendRequest(findTestObject("Search_ME", ["MID":MID, "source":source, "ip":ip, "userid":userid, "branch":branch, "tipekons":tipekons, "marital":marital, "penjamin":penjamin, ... ])): Send request successfully

2022-11-22 17:44:16 - [MESSAGE][INFO] - HAR: D:\DMS\Engine Scoring\Reports\20221122_171227\Exclude KKB - DS\Scoring Individu - DS\20221122_171227\requests\main\538.har

2022-11-22 17:44:16 - [MESSAGE][PASSED] - Send request successfully

2022-11-22 17:44:16 - [TEST_STEP][PASSED] - slurper = new groovy.json.JsonSlurper(): null

2022-11-22 17:44:16 - [TEST_STEP][PASSED] - result = slurper.parseText(req_data.getResponseBodyContent()): null

2022-11-22 17:44:16 - [TEST_STEP][PASSED] - reqid_kons = requestid1: null

2022-11-22 17:44:16 - [TEST_STEP][PASSED] - reqid_spouse = requestid2: null

2022-11-22 17:44:16 - [TEST_STEP][PASSED] - println("requestid kons : " + reqid_kons): null

2022-11-22 17:44:16 - [TEST_STEP][PASSED] - response_searchME_kons = reqid_kons: null

2022-11-22 17:44:16 - [TEST_STEP][PASSED] - response_searchME_spouse = reqid_spouse: null

2022-11-22 17:44:16 - [TEST_STEP][PASSED] - println("kons req id is :" + response_searchME_kons): null

2022-11-22 17:44:16 - [TEST_STEP][PASSED] - println("spouse req id is : " + response_searchME_spouse): null

2022-11-22 17:44:16 - [TEST_STEP][PASSED] - verifyResponseStatusCode(req_data, 200): Verify response status code successfully

2022-11-22 17:44:16 - [MESSAGE][PASSED] - Verify response status code successfully

2022-11-22 17:44:16 - [TEST_STEP][PASSED] - response = req_data.getResponseText(): null

2022-11-22 17:44:16 - [TEST_STEP][PASSED] - logInfo($response): {"status":"Done","data":{"requestid1":"242684","requestid2":""}}

2022-11-22 17:44:16 - [MESSAGE][INFO] - {"status":"Done","data":{"requestid1":"242684","requestid2":""}}

2022-11-22 17:44:16 - [TEST_STEP][PASSED] - delay(3): Delayed 3 second(s)

2022-11-22 17:44:19 - [MESSAGE][PASSED] - Delayed 3 second(s)

2022-11-22 17:44:19 - [TEST_STEP][PASSED] - scoring = sendRequest(findTestObject("EngineScore", ["response_searchME_kons":response_searchME_kons, "response_searchME_spouse":response_searchME_spouse])): Send request successfully

2022-11-22 17:44:19 - [MESSAGE][INFO] - HAR: D:\DMS\Engine Scoring\Reports\20221122_171227\Exclude KKB - DS\Scoring Individu - DS\20221122_171227\requests\main\539.har

2022-11-22 17:44:19 - [MESSAGE][PASSED] - Send request successfully

2022-11-22 17:44:19 - [TEST_STEP][PASSED] - verifyResponseStatusCode(scoring, 200): Verify response status code successfully

2022-11-22 17:44:19 - [MESSAGE][PASSED] - Verify response status code successfully

2022-11-22 17:44:19 - [TEST_STEP][PASSED] - response2 = scoring.getResponseText(): null

2022-11-22 17:44:19 - [TEST_STEP][PASSED] - markPassed("result service data ke : " + no): result service data ke : 270

2022-11-22 17:44:19 - [MESSAGE][PASSED] - result service data ke : 270

2022-11-22 17:44:19 - [TEST_STEP][PASSED] - logInfo($response2): {"result_konsumen":"Reject","result_pasangan":"","Final_result":"Reject","errorMessage":"","status":"Done"}

2022-11-22 17:44:19 - [MESSAGE][INFO] - {"result_konsumen":"Reject","result_pasangan":"","Final_result":"Reject","errorMessage":"","status":"Done"}

2022-11-22 17:44:19 - [TEST_STEP][PASSED] - verifyElementPropertyValue(scoring, "Final_result", final_result): Verify element property value successfully

2022-11-22 17:44:19 - [MESSAGE][PASSED] - Verify element property value successfully]]></system-out>
         <system-err><![CDATA[]]></system-err>
      </testcase>
      <testcase name="Test Cases/Engine_Scoring/Engine Scoring" time="6.555" classname="Test Cases/Engine_Scoring/Engine Scoring" status="PASSED">
         <system-out><![CDATA[2022-11-22 17:44:19 - [TEST_CASE][PASSED] - Test Cases/Engine_Scoring/Engine Scoring: Test Cases/Engine_Scoring/Engine Scoring

2022-11-22 17:44:21 - [TEST_STEP][PASSED] - markPassed("Variasi data ke : " + no): Variasi data ke : 271

2022-11-22 17:44:21 - [MESSAGE][PASSED] - Variasi data ke : 271

2022-11-22 17:44:21 - [TEST_STEP][PASSED] - req_data = sendRequest(findTestObject("Search_ME", ["MID":MID, "source":source, "ip":ip, "userid":userid, "branch":branch, "tipekons":tipekons, "marital":marital, "penjamin":penjamin, ... ])): Send request successfully

2022-11-22 17:44:23 - [MESSAGE][INFO] - HAR: D:\DMS\Engine Scoring\Reports\20221122_171227\Exclude KKB - DS\Scoring Individu - DS\20221122_171227\requests\main\540.har

2022-11-22 17:44:23 - [MESSAGE][PASSED] - Send request successfully

2022-11-22 17:44:23 - [TEST_STEP][PASSED] - slurper = new groovy.json.JsonSlurper(): null

2022-11-22 17:44:23 - [TEST_STEP][PASSED] - result = slurper.parseText(req_data.getResponseBodyContent()): null

2022-11-22 17:44:23 - [TEST_STEP][PASSED] - reqid_kons = requestid1: null

2022-11-22 17:44:23 - [TEST_STEP][PASSED] - reqid_spouse = requestid2: null

2022-11-22 17:44:23 - [TEST_STEP][PASSED] - println("requestid kons : " + reqid_kons): null

2022-11-22 17:44:23 - [TEST_STEP][PASSED] - response_searchME_kons = reqid_kons: null

2022-11-22 17:44:23 - [TEST_STEP][PASSED] - response_searchME_spouse = reqid_spouse: null

2022-11-22 17:44:23 - [TEST_STEP][PASSED] - println("kons req id is :" + response_searchME_kons): null

2022-11-22 17:44:23 - [TEST_STEP][PASSED] - println("spouse req id is : " + response_searchME_spouse): null

2022-11-22 17:44:23 - [TEST_STEP][PASSED] - verifyResponseStatusCode(req_data, 200): Verify response status code successfully

2022-11-22 17:44:23 - [MESSAGE][PASSED] - Verify response status code successfully

2022-11-22 17:44:23 - [TEST_STEP][PASSED] - response = req_data.getResponseText(): null

2022-11-22 17:44:23 - [TEST_STEP][PASSED] - logInfo($response): {"status":"Done","data":{"requestid1":"242685","requestid2":""}}

2022-11-22 17:44:23 - [MESSAGE][INFO] - {"status":"Done","data":{"requestid1":"242685","requestid2":""}}

2022-11-22 17:44:23 - [TEST_STEP][PASSED] - delay(3): Delayed 3 second(s)

2022-11-22 17:44:26 - [MESSAGE][PASSED] - Delayed 3 second(s)

2022-11-22 17:44:26 - [TEST_STEP][PASSED] - scoring = sendRequest(findTestObject("EngineScore", ["response_searchME_kons":response_searchME_kons, "response_searchME_spouse":response_searchME_spouse])): Send request successfully

2022-11-22 17:44:26 - [MESSAGE][INFO] - HAR: D:\DMS\Engine Scoring\Reports\20221122_171227\Exclude KKB - DS\Scoring Individu - DS\20221122_171227\requests\main\541.har

2022-11-22 17:44:26 - [MESSAGE][PASSED] - Send request successfully

2022-11-22 17:44:26 - [TEST_STEP][PASSED] - verifyResponseStatusCode(scoring, 200): Verify response status code successfully

2022-11-22 17:44:26 - [MESSAGE][PASSED] - Verify response status code successfully

2022-11-22 17:44:26 - [TEST_STEP][PASSED] - response2 = scoring.getResponseText(): null

2022-11-22 17:44:26 - [TEST_STEP][PASSED] - markPassed("result service data ke : " + no): result service data ke : 271

2022-11-22 17:44:26 - [MESSAGE][PASSED] - result service data ke : 271

2022-11-22 17:44:26 - [TEST_STEP][PASSED] - logInfo($response2): {"result_konsumen":"Reject","result_pasangan":"","Final_result":"Reject","errorMessage":"","status":"Done"}

2022-11-22 17:44:26 - [MESSAGE][INFO] - {"result_konsumen":"Reject","result_pasangan":"","Final_result":"Reject","errorMessage":"","status":"Done"}

2022-11-22 17:44:26 - [TEST_STEP][PASSED] - verifyElementPropertyValue(scoring, "Final_result", final_result): Verify element property value successfully

2022-11-22 17:44:26 - [MESSAGE][PASSED] - Verify element property value successfully]]></system-out>
         <system-err><![CDATA[]]></system-err>
      </testcase>
      <testcase name="Test Cases/Engine_Scoring/Engine Scoring" time="6.328" classname="Test Cases/Engine_Scoring/Engine Scoring" status="PASSED">
         <system-out><![CDATA[2022-11-22 17:44:26 - [TEST_CASE][PASSED] - Test Cases/Engine_Scoring/Engine Scoring: Test Cases/Engine_Scoring/Engine Scoring

2022-11-22 17:44:27 - [TEST_STEP][PASSED] - markPassed("Variasi data ke : " + no): Variasi data ke : 272

2022-11-22 17:44:27 - [MESSAGE][PASSED] - Variasi data ke : 272

2022-11-22 17:44:27 - [TEST_STEP][PASSED] - req_data = sendRequest(findTestObject("Search_ME", ["MID":MID, "source":source, "ip":ip, "userid":userid, "branch":branch, "tipekons":tipekons, "marital":marital, "penjamin":penjamin, ... ])): Send request successfully

2022-11-22 17:44:29 - [MESSAGE][INFO] - HAR: D:\DMS\Engine Scoring\Reports\20221122_171227\Exclude KKB - DS\Scoring Individu - DS\20221122_171227\requests\main\542.har

2022-11-22 17:44:29 - [MESSAGE][PASSED] - Send request successfully

2022-11-22 17:44:29 - [TEST_STEP][PASSED] - slurper = new groovy.json.JsonSlurper(): null

2022-11-22 17:44:29 - [TEST_STEP][PASSED] - result = slurper.parseText(req_data.getResponseBodyContent()): null

2022-11-22 17:44:29 - [TEST_STEP][PASSED] - reqid_kons = requestid1: null

2022-11-22 17:44:29 - [TEST_STEP][PASSED] - reqid_spouse = requestid2: null

2022-11-22 17:44:29 - [TEST_STEP][PASSED] - println("requestid kons : " + reqid_kons): null

2022-11-22 17:44:29 - [TEST_STEP][PASSED] - response_searchME_kons = reqid_kons: null

2022-11-22 17:44:29 - [TEST_STEP][PASSED] - response_searchME_spouse = reqid_spouse: null

2022-11-22 17:44:29 - [TEST_STEP][PASSED] - println("kons req id is :" + response_searchME_kons): null

2022-11-22 17:44:29 - [TEST_STEP][PASSED] - println("spouse req id is : " + response_searchME_spouse): null

2022-11-22 17:44:29 - [TEST_STEP][PASSED] - verifyResponseStatusCode(req_data, 200): Verify response status code successfully

2022-11-22 17:44:29 - [MESSAGE][PASSED] - Verify response status code successfully

2022-11-22 17:44:29 - [TEST_STEP][PASSED] - response = req_data.getResponseText(): null

2022-11-22 17:44:29 - [TEST_STEP][PASSED] - logInfo($response): {"status":"Done","data":{"requestid1":"242686","requestid2":""}}

2022-11-22 17:44:29 - [MESSAGE][INFO] - {"status":"Done","data":{"requestid1":"242686","requestid2":""}}

2022-11-22 17:44:29 - [TEST_STEP][PASSED] - delay(3): Delayed 3 second(s)

2022-11-22 17:44:32 - [MESSAGE][PASSED] - Delayed 3 second(s)

2022-11-22 17:44:32 - [TEST_STEP][PASSED] - scoring = sendRequest(findTestObject("EngineScore", ["response_searchME_kons":response_searchME_kons, "response_searchME_spouse":response_searchME_spouse])): Send request successfully

2022-11-22 17:44:32 - [MESSAGE][INFO] - HAR: D:\DMS\Engine Scoring\Reports\20221122_171227\Exclude KKB - DS\Scoring Individu - DS\20221122_171227\requests\main\543.har

2022-11-22 17:44:32 - [MESSAGE][PASSED] - Send request successfully

2022-11-22 17:44:32 - [TEST_STEP][PASSED] - verifyResponseStatusCode(scoring, 200): Verify response status code successfully

2022-11-22 17:44:32 - [MESSAGE][PASSED] - Verify response status code successfully

2022-11-22 17:44:32 - [TEST_STEP][PASSED] - response2 = scoring.getResponseText(): null

2022-11-22 17:44:32 - [TEST_STEP][PASSED] - markPassed("result service data ke : " + no): result service data ke : 272

2022-11-22 17:44:32 - [MESSAGE][PASSED] - result service data ke : 272

2022-11-22 17:44:32 - [TEST_STEP][PASSED] - logInfo($response2): {"result_konsumen":"Reject","result_pasangan":"","Final_result":"Reject","errorMessage":"","status":"Done"}

2022-11-22 17:44:32 - [MESSAGE][INFO] - {"result_konsumen":"Reject","result_pasangan":"","Final_result":"Reject","errorMessage":"","status":"Done"}

2022-11-22 17:44:32 - [TEST_STEP][PASSED] - verifyElementPropertyValue(scoring, "Final_result", final_result): Verify element property value successfully

2022-11-22 17:44:32 - [MESSAGE][PASSED] - Verify element property value successfully]]></system-out>
         <system-err><![CDATA[]]></system-err>
      </testcase>
      <testcase name="Test Cases/Engine_Scoring/Engine Scoring" time="6.214" classname="Test Cases/Engine_Scoring/Engine Scoring" status="PASSED">
         <system-out><![CDATA[2022-11-22 17:44:32 - [TEST_CASE][PASSED] - Test Cases/Engine_Scoring/Engine Scoring: Test Cases/Engine_Scoring/Engine Scoring

2022-11-22 17:44:34 - [TEST_STEP][PASSED] - markPassed("Variasi data ke : " + no): Variasi data ke : 273

2022-11-22 17:44:34 - [MESSAGE][PASSED] - Variasi data ke : 273

2022-11-22 17:44:34 - [TEST_STEP][PASSED] - req_data = sendRequest(findTestObject("Search_ME", ["MID":MID, "source":source, "ip":ip, "userid":userid, "branch":branch, "tipekons":tipekons, "marital":marital, "penjamin":penjamin, ... ])): Send request successfully

2022-11-22 17:44:35 - [MESSAGE][INFO] - HAR: D:\DMS\Engine Scoring\Reports\20221122_171227\Exclude KKB - DS\Scoring Individu - DS\20221122_171227\requests\main\544.har

2022-11-22 17:44:35 - [MESSAGE][PASSED] - Send request successfully

2022-11-22 17:44:35 - [TEST_STEP][PASSED] - slurper = new groovy.json.JsonSlurper(): null

2022-11-22 17:44:35 - [TEST_STEP][PASSED] - result = slurper.parseText(req_data.getResponseBodyContent()): null

2022-11-22 17:44:35 - [TEST_STEP][PASSED] - reqid_kons = requestid1: null

2022-11-22 17:44:35 - [TEST_STEP][PASSED] - reqid_spouse = requestid2: null

2022-11-22 17:44:35 - [TEST_STEP][PASSED] - println("requestid kons : " + reqid_kons): null

2022-11-22 17:44:35 - [TEST_STEP][PASSED] - response_searchME_kons = reqid_kons: null

2022-11-22 17:44:35 - [TEST_STEP][PASSED] - response_searchME_spouse = reqid_spouse: null

2022-11-22 17:44:35 - [TEST_STEP][PASSED] - println("kons req id is :" + response_searchME_kons): null

2022-11-22 17:44:35 - [TEST_STEP][PASSED] - println("spouse req id is : " + response_searchME_spouse): null

2022-11-22 17:44:35 - [TEST_STEP][PASSED] - verifyResponseStatusCode(req_data, 200): Verify response status code successfully

2022-11-22 17:44:35 - [MESSAGE][PASSED] - Verify response status code successfully

2022-11-22 17:44:35 - [TEST_STEP][PASSED] - response = req_data.getResponseText(): null

2022-11-22 17:44:35 - [TEST_STEP][PASSED] - logInfo($response): {"status":"Done","data":{"requestid1":"242687","requestid2":""}}

2022-11-22 17:44:35 - [MESSAGE][INFO] - {"status":"Done","data":{"requestid1":"242687","requestid2":""}}

2022-11-22 17:44:35 - [TEST_STEP][PASSED] - delay(3): Delayed 3 second(s)

2022-11-22 17:44:38 - [MESSAGE][PASSED] - Delayed 3 second(s)

2022-11-22 17:44:38 - [TEST_STEP][PASSED] - scoring = sendRequest(findTestObject("EngineScore", ["response_searchME_kons":response_searchME_kons, "response_searchME_spouse":response_searchME_spouse])): Send request successfully

2022-11-22 17:44:39 - [MESSAGE][INFO] - HAR: D:\DMS\Engine Scoring\Reports\20221122_171227\Exclude KKB - DS\Scoring Individu - DS\20221122_171227\requests\main\545.har

2022-11-22 17:44:39 - [MESSAGE][PASSED] - Send request successfully

2022-11-22 17:44:39 - [TEST_STEP][PASSED] - verifyResponseStatusCode(scoring, 200): Verify response status code successfully

2022-11-22 17:44:39 - [MESSAGE][PASSED] - Verify response status code successfully

2022-11-22 17:44:39 - [TEST_STEP][PASSED] - response2 = scoring.getResponseText(): null

2022-11-22 17:44:39 - [TEST_STEP][PASSED] - markPassed("result service data ke : " + no): result service data ke : 273

2022-11-22 17:44:39 - [MESSAGE][PASSED] - result service data ke : 273

2022-11-22 17:44:39 - [TEST_STEP][PASSED] - logInfo($response2): {"result_konsumen":"Reject","result_pasangan":"","Final_result":"Reject","errorMessage":"","status":"Done"}

2022-11-22 17:44:39 - [MESSAGE][INFO] - {"result_konsumen":"Reject","result_pasangan":"","Final_result":"Reject","errorMessage":"","status":"Done"}

2022-11-22 17:44:39 - [TEST_STEP][PASSED] - verifyElementPropertyValue(scoring, "Final_result", final_result): Verify element property value successfully

2022-11-22 17:44:39 - [MESSAGE][PASSED] - Verify element property value successfully]]></system-out>
         <system-err><![CDATA[]]></system-err>
      </testcase>
      <testcase name="Test Cases/Engine_Scoring/Engine Scoring" time="147.724" classname="Test Cases/Engine_Scoring/Engine Scoring" status="PASSED">
         <system-out><![CDATA[2022-11-22 17:44:39 - [TEST_CASE][PASSED] - Test Cases/Engine_Scoring/Engine Scoring: Test Cases/Engine_Scoring/Engine Scoring

2022-11-22 17:44:40 - [TEST_STEP][PASSED] - markPassed("Variasi data ke : " + no): Variasi data ke : 274

2022-11-22 17:44:40 - [MESSAGE][PASSED] - Variasi data ke : 274

2022-11-22 17:44:40 - [TEST_STEP][PASSED] - req_data = sendRequest(findTestObject("Search_ME", ["MID":MID, "source":source, "ip":ip, "userid":userid, "branch":branch, "tipekons":tipekons, "marital":marital, "penjamin":penjamin, ... ])): Send request successfully

2022-11-22 17:44:42 - [MESSAGE][INFO] - HAR: D:\DMS\Engine Scoring\Reports\20221122_171227\Exclude KKB - DS\Scoring Individu - DS\20221122_171227\requests\main\546.har

2022-11-22 17:44:42 - [MESSAGE][PASSED] - Send request successfully

2022-11-22 17:44:42 - [TEST_STEP][PASSED] - slurper = new groovy.json.JsonSlurper(): null

2022-11-22 17:44:42 - [TEST_STEP][PASSED] - result = slurper.parseText(req_data.getResponseBodyContent()): null

2022-11-22 17:44:42 - [TEST_STEP][PASSED] - reqid_kons = requestid1: null

2022-11-22 17:44:42 - [TEST_STEP][PASSED] - reqid_spouse = requestid2: null

2022-11-22 17:44:42 - [TEST_STEP][PASSED] - println("requestid kons : " + reqid_kons): null

2022-11-22 17:44:42 - [TEST_STEP][PASSED] - response_searchME_kons = reqid_kons: null

2022-11-22 17:44:42 - [TEST_STEP][PASSED] - response_searchME_spouse = reqid_spouse: null

2022-11-22 17:44:42 - [TEST_STEP][PASSED] - println("kons req id is :" + response_searchME_kons): null

2022-11-22 17:44:42 - [TEST_STEP][PASSED] - println("spouse req id is : " + response_searchME_spouse): null

2022-11-22 17:44:42 - [TEST_STEP][PASSED] - verifyResponseStatusCode(req_data, 200): Verify response status code successfully

2022-11-22 17:44:42 - [MESSAGE][PASSED] - Verify response status code successfully

2022-11-22 17:44:42 - [TEST_STEP][PASSED] - response = req_data.getResponseText(): null

2022-11-22 17:44:42 - [TEST_STEP][PASSED] - logInfo($response): {"status":"Done","data":{"requestid1":"242688","requestid2":""}}

2022-11-22 17:44:42 - [MESSAGE][INFO] - {"status":"Done","data":{"requestid1":"242688","requestid2":""}}

2022-11-22 17:44:42 - [TEST_STEP][PASSED] - delay(3): Delayed 3 second(s)

2022-11-22 17:44:45 - [MESSAGE][PASSED] - Delayed 3 second(s)

2022-11-22 17:44:45 - [TEST_STEP][PASSED] - scoring = sendRequest(findTestObject("EngineScore", ["response_searchME_kons":response_searchME_kons, "response_searchME_spouse":response_searchME_spouse])): Send request successfully

2022-11-22 17:44:45 - [MESSAGE][INFO] - HAR: D:\DMS\Engine Scoring\Reports\20221122_171227\Exclude KKB - DS\Scoring Individu - DS\20221122_171227\requests\main\547.har

2022-11-22 17:44:45 - [MESSAGE][PASSED] - Send request successfully

2022-11-22 17:44:45 - [TEST_STEP][PASSED] - verifyResponseStatusCode(scoring, 200): Verify response status code successfully

2022-11-22 17:44:45 - [MESSAGE][PASSED] - Verify response status code successfully

2022-11-22 17:44:45 - [TEST_STEP][PASSED] - response2 = scoring.getResponseText(): null

2022-11-22 17:44:45 - [TEST_STEP][PASSED] - markPassed("result service data ke : " + no): result service data ke : 274

2022-11-22 17:44:45 - [MESSAGE][PASSED] - result service data ke : 274

2022-11-22 17:44:45 - [TEST_STEP][PASSED] - logInfo($response2): {"result_konsumen":"Reject","result_pasangan":"","Final_result":"Reject","errorMessage":"","status":"Done"}

2022-11-22 17:44:45 - [MESSAGE][INFO] - {"result_konsumen":"Reject","result_pasangan":"","Final_result":"Reject","errorMessage":"","status":"Done"}

2022-11-22 17:47:06 - [TEST_STEP][PASSED] - verifyElementPropertyValue(scoring, "Final_result", final_result): Verify element property value successfully

2022-11-22 17:47:06 - [MESSAGE][PASSED] - Verify element property value successfully]]></system-out>
         <system-err><![CDATA[]]></system-err>
      </testcase>
      <testcase name="Test Cases/Engine_Scoring/Engine Scoring" time="11.493" classname="Test Cases/Engine_Scoring/Engine Scoring" status="PASSED">
         <system-out><![CDATA[2022-11-22 17:47:07 - [TEST_CASE][PASSED] - Test Cases/Engine_Scoring/Engine Scoring: Test Cases/Engine_Scoring/Engine Scoring

2022-11-22 17:47:13 - [TEST_STEP][PASSED] - markPassed("Variasi data ke : " + no): Variasi data ke : 275

2022-11-22 17:47:13 - [MESSAGE][PASSED] - Variasi data ke : 275

2022-11-22 17:47:13 - [TEST_STEP][PASSED] - req_data = sendRequest(findTestObject("Search_ME", ["MID":MID, "source":source, "ip":ip, "userid":userid, "branch":branch, "tipekons":tipekons, "marital":marital, "penjamin":penjamin, ... ])): Send request successfully

2022-11-22 17:47:15 - [MESSAGE][INFO] - HAR: D:\DMS\Engine Scoring\Reports\20221122_171227\Exclude KKB - DS\Scoring Individu - DS\20221122_171227\requests\main\548.har

2022-11-22 17:47:15 - [MESSAGE][PASSED] - Send request successfully

2022-11-22 17:47:15 - [TEST_STEP][PASSED] - slurper = new groovy.json.JsonSlurper(): null

2022-11-22 17:47:15 - [TEST_STEP][PASSED] - result = slurper.parseText(req_data.getResponseBodyContent()): null

2022-11-22 17:47:15 - [TEST_STEP][PASSED] - reqid_kons = requestid1: null

2022-11-22 17:47:15 - [TEST_STEP][PASSED] - reqid_spouse = requestid2: null

2022-11-22 17:47:15 - [TEST_STEP][PASSED] - println("requestid kons : " + reqid_kons): null

2022-11-22 17:47:15 - [TEST_STEP][PASSED] - response_searchME_kons = reqid_kons: null

2022-11-22 17:47:15 - [TEST_STEP][PASSED] - response_searchME_spouse = reqid_spouse: null

2022-11-22 17:47:15 - [TEST_STEP][PASSED] - println("kons req id is :" + response_searchME_kons): null

2022-11-22 17:47:15 - [TEST_STEP][PASSED] - println("spouse req id is : " + response_searchME_spouse): null

2022-11-22 17:47:15 - [TEST_STEP][PASSED] - verifyResponseStatusCode(req_data, 200): Verify response status code successfully

2022-11-22 17:47:15 - [MESSAGE][PASSED] - Verify response status code successfully

2022-11-22 17:47:15 - [TEST_STEP][PASSED] - response = req_data.getResponseText(): null

2022-11-22 17:47:15 - [TEST_STEP][PASSED] - logInfo($response): {"status":"Done","data":{"requestid1":"242689","requestid2":""}}

2022-11-22 17:47:15 - [MESSAGE][INFO] - {"status":"Done","data":{"requestid1":"242689","requestid2":""}}

2022-11-22 17:47:15 - [TEST_STEP][PASSED] - delay(3): Delayed 3 second(s)

2022-11-22 17:47:18 - [MESSAGE][PASSED] - Delayed 3 second(s)

2022-11-22 17:47:18 - [TEST_STEP][PASSED] - scoring = sendRequest(findTestObject("EngineScore", ["response_searchME_kons":response_searchME_kons, "response_searchME_spouse":response_searchME_spouse])): Send request successfully

2022-11-22 17:47:18 - [MESSAGE][INFO] - HAR: D:\DMS\Engine Scoring\Reports\20221122_171227\Exclude KKB - DS\Scoring Individu - DS\20221122_171227\requests\main\549.har

2022-11-22 17:47:18 - [MESSAGE][PASSED] - Send request successfully

2022-11-22 17:47:18 - [TEST_STEP][PASSED] - verifyResponseStatusCode(scoring, 200): Verify response status code successfully

2022-11-22 17:47:18 - [MESSAGE][PASSED] - Verify response status code successfully

2022-11-22 17:47:18 - [TEST_STEP][PASSED] - response2 = scoring.getResponseText(): null

2022-11-22 17:47:18 - [TEST_STEP][PASSED] - markPassed("result service data ke : " + no): result service data ke : 275

2022-11-22 17:47:18 - [MESSAGE][PASSED] - result service data ke : 275

2022-11-22 17:47:18 - [TEST_STEP][PASSED] - logInfo($response2): {"result_konsumen":"Reject","result_pasangan":"","Final_result":"Reject","errorMessage":"","status":"Done"}

2022-11-22 17:47:18 - [MESSAGE][INFO] - {"result_konsumen":"Reject","result_pasangan":"","Final_result":"Reject","errorMessage":"","status":"Done"}

2022-11-22 17:47:18 - [TEST_STEP][PASSED] - verifyElementPropertyValue(scoring, "Final_result", final_result): Verify element property value successfully

2022-11-22 17:47:18 - [MESSAGE][PASSED] - Verify element property value successfully]]></system-out>
         <system-err><![CDATA[]]></system-err>
      </testcase>
      <testcase name="Test Cases/Engine_Scoring/Engine Scoring" time="6.367" classname="Test Cases/Engine_Scoring/Engine Scoring" status="PASSED">
         <system-out><![CDATA[2022-11-22 17:47:18 - [TEST_CASE][PASSED] - Test Cases/Engine_Scoring/Engine Scoring: Test Cases/Engine_Scoring/Engine Scoring

2022-11-22 17:47:20 - [TEST_STEP][PASSED] - markPassed("Variasi data ke : " + no): Variasi data ke : 276

2022-11-22 17:47:20 - [MESSAGE][PASSED] - Variasi data ke : 276

2022-11-22 17:47:20 - [TEST_STEP][PASSED] - req_data = sendRequest(findTestObject("Search_ME", ["MID":MID, "source":source, "ip":ip, "userid":userid, "branch":branch, "tipekons":tipekons, "marital":marital, "penjamin":penjamin, ... ])): Send request successfully

2022-11-22 17:47:21 - [MESSAGE][INFO] - HAR: D:\DMS\Engine Scoring\Reports\20221122_171227\Exclude KKB - DS\Scoring Individu - DS\20221122_171227\requests\main\550.har

2022-11-22 17:47:21 - [MESSAGE][PASSED] - Send request successfully

2022-11-22 17:47:21 - [TEST_STEP][PASSED] - slurper = new groovy.json.JsonSlurper(): null

2022-11-22 17:47:21 - [TEST_STEP][PASSED] - result = slurper.parseText(req_data.getResponseBodyContent()): null

2022-11-22 17:47:21 - [TEST_STEP][PASSED] - reqid_kons = requestid1: null

2022-11-22 17:47:21 - [TEST_STEP][PASSED] - reqid_spouse = requestid2: null

2022-11-22 17:47:21 - [TEST_STEP][PASSED] - println("requestid kons : " + reqid_kons): null

2022-11-22 17:47:21 - [TEST_STEP][PASSED] - response_searchME_kons = reqid_kons: null

2022-11-22 17:47:21 - [TEST_STEP][PASSED] - response_searchME_spouse = reqid_spouse: null

2022-11-22 17:47:21 - [TEST_STEP][PASSED] - println("kons req id is :" + response_searchME_kons): null

2022-11-22 17:47:21 - [TEST_STEP][PASSED] - println("spouse req id is : " + response_searchME_spouse): null

2022-11-22 17:47:21 - [TEST_STEP][PASSED] - verifyResponseStatusCode(req_data, 200): Verify response status code successfully

2022-11-22 17:47:21 - [MESSAGE][PASSED] - Verify response status code successfully

2022-11-22 17:47:21 - [TEST_STEP][PASSED] - response = req_data.getResponseText(): null

2022-11-22 17:47:21 - [TEST_STEP][PASSED] - logInfo($response): {"status":"Done","data":{"requestid1":"242690","requestid2":""}}

2022-11-22 17:47:21 - [MESSAGE][INFO] - {"status":"Done","data":{"requestid1":"242690","requestid2":""}}

2022-11-22 17:47:21 - [TEST_STEP][PASSED] - delay(3): Delayed 3 second(s)

2022-11-22 17:47:24 - [MESSAGE][PASSED] - Delayed 3 second(s)

2022-11-22 17:47:24 - [TEST_STEP][PASSED] - scoring = sendRequest(findTestObject("EngineScore", ["response_searchME_kons":response_searchME_kons, "response_searchME_spouse":response_searchME_spouse])): Send request successfully

2022-11-22 17:47:24 - [MESSAGE][INFO] - HAR: D:\DMS\Engine Scoring\Reports\20221122_171227\Exclude KKB - DS\Scoring Individu - DS\20221122_171227\requests\main\551.har

2022-11-22 17:47:24 - [MESSAGE][PASSED] - Send request successfully

2022-11-22 17:47:24 - [TEST_STEP][PASSED] - verifyResponseStatusCode(scoring, 200): Verify response status code successfully

2022-11-22 17:47:24 - [MESSAGE][PASSED] - Verify response status code successfully

2022-11-22 17:47:24 - [TEST_STEP][PASSED] - response2 = scoring.getResponseText(): null

2022-11-22 17:47:24 - [TEST_STEP][PASSED] - markPassed("result service data ke : " + no): result service data ke : 276

2022-11-22 17:47:24 - [MESSAGE][PASSED] - result service data ke : 276

2022-11-22 17:47:24 - [TEST_STEP][PASSED] - logInfo($response2): {"result_konsumen":"Reject","result_pasangan":"","Final_result":"Reject","errorMessage":"","status":"Done"}

2022-11-22 17:47:24 - [MESSAGE][INFO] - {"result_konsumen":"Reject","result_pasangan":"","Final_result":"Reject","errorMessage":"","status":"Done"}

2022-11-22 17:47:24 - [TEST_STEP][PASSED] - verifyElementPropertyValue(scoring, "Final_result", final_result): Verify element property value successfully

2022-11-22 17:47:24 - [MESSAGE][PASSED] - Verify element property value successfully]]></system-out>
         <system-err><![CDATA[]]></system-err>
      </testcase>
      <testcase name="Test Cases/Engine_Scoring/Engine Scoring" time="6.4" classname="Test Cases/Engine_Scoring/Engine Scoring" status="PASSED">
         <system-out><![CDATA[2022-11-22 17:47:25 - [TEST_CASE][PASSED] - Test Cases/Engine_Scoring/Engine Scoring: Test Cases/Engine_Scoring/Engine Scoring

2022-11-22 17:47:26 - [TEST_STEP][PASSED] - markPassed("Variasi data ke : " + no): Variasi data ke : 277

2022-11-22 17:47:26 - [MESSAGE][PASSED] - Variasi data ke : 277

2022-11-22 17:47:26 - [TEST_STEP][PASSED] - req_data = sendRequest(findTestObject("Search_ME", ["MID":MID, "source":source, "ip":ip, "userid":userid, "branch":branch, "tipekons":tipekons, "marital":marital, "penjamin":penjamin, ... ])): Send request successfully

2022-11-22 17:47:28 - [MESSAGE][INFO] - HAR: D:\DMS\Engine Scoring\Reports\20221122_171227\Exclude KKB - DS\Scoring Individu - DS\20221122_171227\requests\main\552.har

2022-11-22 17:47:28 - [MESSAGE][PASSED] - Send request successfully

2022-11-22 17:47:28 - [TEST_STEP][PASSED] - slurper = new groovy.json.JsonSlurper(): null

2022-11-22 17:47:28 - [TEST_STEP][PASSED] - result = slurper.parseText(req_data.getResponseBodyContent()): null

2022-11-22 17:47:28 - [TEST_STEP][PASSED] - reqid_kons = requestid1: null

2022-11-22 17:47:28 - [TEST_STEP][PASSED] - reqid_spouse = requestid2: null

2022-11-22 17:47:28 - [TEST_STEP][PASSED] - println("requestid kons : " + reqid_kons): null

2022-11-22 17:47:28 - [TEST_STEP][PASSED] - response_searchME_kons = reqid_kons: null

2022-11-22 17:47:28 - [TEST_STEP][PASSED] - response_searchME_spouse = reqid_spouse: null

2022-11-22 17:47:28 - [TEST_STEP][PASSED] - println("kons req id is :" + response_searchME_kons): null

2022-11-22 17:47:28 - [TEST_STEP][PASSED] - println("spouse req id is : " + response_searchME_spouse): null

2022-11-22 17:47:28 - [TEST_STEP][PASSED] - verifyResponseStatusCode(req_data, 200): Verify response status code successfully

2022-11-22 17:47:28 - [MESSAGE][PASSED] - Verify response status code successfully

2022-11-22 17:47:28 - [TEST_STEP][PASSED] - response = req_data.getResponseText(): null

2022-11-22 17:47:28 - [TEST_STEP][PASSED] - logInfo($response): {"status":"Done","data":{"requestid1":"242691","requestid2":""}}

2022-11-22 17:47:28 - [MESSAGE][INFO] - {"status":"Done","data":{"requestid1":"242691","requestid2":""}}

2022-11-22 17:47:28 - [TEST_STEP][PASSED] - delay(3): Delayed 3 second(s)

2022-11-22 17:47:31 - [MESSAGE][PASSED] - Delayed 3 second(s)

2022-11-22 17:47:31 - [TEST_STEP][PASSED] - scoring = sendRequest(findTestObject("EngineScore", ["response_searchME_kons":response_searchME_kons, "response_searchME_spouse":response_searchME_spouse])): Send request successfully

2022-11-22 17:47:31 - [MESSAGE][INFO] - HAR: D:\DMS\Engine Scoring\Reports\20221122_171227\Exclude KKB - DS\Scoring Individu - DS\20221122_171227\requests\main\553.har

2022-11-22 17:47:31 - [MESSAGE][PASSED] - Send request successfully

2022-11-22 17:47:31 - [TEST_STEP][PASSED] - verifyResponseStatusCode(scoring, 200): Verify response status code successfully

2022-11-22 17:47:31 - [MESSAGE][PASSED] - Verify response status code successfully

2022-11-22 17:47:31 - [TEST_STEP][PASSED] - response2 = scoring.getResponseText(): null

2022-11-22 17:47:31 - [TEST_STEP][PASSED] - markPassed("result service data ke : " + no): result service data ke : 277

2022-11-22 17:47:31 - [MESSAGE][PASSED] - result service data ke : 277

2022-11-22 17:47:31 - [TEST_STEP][PASSED] - logInfo($response2): {"result_konsumen":"Reject","result_pasangan":"","Final_result":"Reject","errorMessage":"","status":"Done"}

2022-11-22 17:47:31 - [MESSAGE][INFO] - {"result_konsumen":"Reject","result_pasangan":"","Final_result":"Reject","errorMessage":"","status":"Done"}

2022-11-22 17:47:31 - [TEST_STEP][PASSED] - verifyElementPropertyValue(scoring, "Final_result", final_result): Verify element property value successfully

2022-11-22 17:47:31 - [MESSAGE][PASSED] - Verify element property value successfully]]></system-out>
         <system-err><![CDATA[]]></system-err>
      </testcase>
      <testcase name="Test Cases/Engine_Scoring/Engine Scoring" time="6.15" classname="Test Cases/Engine_Scoring/Engine Scoring" status="PASSED">
         <system-out><![CDATA[2022-11-22 17:47:31 - [TEST_CASE][PASSED] - Test Cases/Engine_Scoring/Engine Scoring: Test Cases/Engine_Scoring/Engine Scoring

2022-11-22 17:47:32 - [TEST_STEP][PASSED] - markPassed("Variasi data ke : " + no): Variasi data ke : 278

2022-11-22 17:47:32 - [MESSAGE][PASSED] - Variasi data ke : 278

2022-11-22 17:47:32 - [TEST_STEP][PASSED] - req_data = sendRequest(findTestObject("Search_ME", ["MID":MID, "source":source, "ip":ip, "userid":userid, "branch":branch, "tipekons":tipekons, "marital":marital, "penjamin":penjamin, ... ])): Send request successfully

2022-11-22 17:47:34 - [MESSAGE][INFO] - HAR: D:\DMS\Engine Scoring\Reports\20221122_171227\Exclude KKB - DS\Scoring Individu - DS\20221122_171227\requests\main\554.har

2022-11-22 17:47:34 - [MESSAGE][PASSED] - Send request successfully

2022-11-22 17:47:34 - [TEST_STEP][PASSED] - slurper = new groovy.json.JsonSlurper(): null

2022-11-22 17:47:34 - [TEST_STEP][PASSED] - result = slurper.parseText(req_data.getResponseBodyContent()): null

2022-11-22 17:47:34 - [TEST_STEP][PASSED] - reqid_kons = requestid1: null

2022-11-22 17:47:34 - [TEST_STEP][PASSED] - reqid_spouse = requestid2: null

2022-11-22 17:47:34 - [TEST_STEP][PASSED] - println("requestid kons : " + reqid_kons): null

2022-11-22 17:47:34 - [TEST_STEP][PASSED] - response_searchME_kons = reqid_kons: null

2022-11-22 17:47:34 - [TEST_STEP][PASSED] - response_searchME_spouse = reqid_spouse: null

2022-11-22 17:47:34 - [TEST_STEP][PASSED] - println("kons req id is :" + response_searchME_kons): null

2022-11-22 17:47:34 - [TEST_STEP][PASSED] - println("spouse req id is : " + response_searchME_spouse): null

2022-11-22 17:47:34 - [TEST_STEP][PASSED] - verifyResponseStatusCode(req_data, 200): Verify response status code successfully

2022-11-22 17:47:34 - [MESSAGE][PASSED] - Verify response status code successfully

2022-11-22 17:47:34 - [TEST_STEP][PASSED] - response = req_data.getResponseText(): null

2022-11-22 17:47:34 - [TEST_STEP][PASSED] - logInfo($response): {"status":"Done","data":{"requestid1":"242692","requestid2":""}}

2022-11-22 17:47:34 - [MESSAGE][INFO] - {"status":"Done","data":{"requestid1":"242692","requestid2":""}}

2022-11-22 17:47:34 - [TEST_STEP][PASSED] - delay(3): Delayed 3 second(s)

2022-11-22 17:47:37 - [MESSAGE][PASSED] - Delayed 3 second(s)

2022-11-22 17:47:37 - [TEST_STEP][PASSED] - scoring = sendRequest(findTestObject("EngineScore", ["response_searchME_kons":response_searchME_kons, "response_searchME_spouse":response_searchME_spouse])): Send request successfully

2022-11-22 17:47:37 - [MESSAGE][INFO] - HAR: D:\DMS\Engine Scoring\Reports\20221122_171227\Exclude KKB - DS\Scoring Individu - DS\20221122_171227\requests\main\555.har

2022-11-22 17:47:37 - [MESSAGE][PASSED] - Send request successfully

2022-11-22 17:47:37 - [TEST_STEP][PASSED] - verifyResponseStatusCode(scoring, 200): Verify response status code successfully

2022-11-22 17:47:37 - [MESSAGE][PASSED] - Verify response status code successfully

2022-11-22 17:47:37 - [TEST_STEP][PASSED] - response2 = scoring.getResponseText(): null

2022-11-22 17:47:37 - [TEST_STEP][PASSED] - markPassed("result service data ke : " + no): result service data ke : 278

2022-11-22 17:47:37 - [MESSAGE][PASSED] - result service data ke : 278

2022-11-22 17:47:37 - [TEST_STEP][PASSED] - logInfo($response2): {"result_konsumen":"Reject","result_pasangan":"","Final_result":"Reject","errorMessage":"","status":"Done"}

2022-11-22 17:47:37 - [MESSAGE][INFO] - {"result_konsumen":"Reject","result_pasangan":"","Final_result":"Reject","errorMessage":"","status":"Done"}

2022-11-22 17:47:37 - [TEST_STEP][PASSED] - verifyElementPropertyValue(scoring, "Final_result", final_result): Verify element property value successfully

2022-11-22 17:47:37 - [MESSAGE][PASSED] - Verify element property value successfully]]></system-out>
         <system-err><![CDATA[]]></system-err>
      </testcase>
      <testcase name="Test Cases/Engine_Scoring/Engine Scoring" time="6.116" classname="Test Cases/Engine_Scoring/Engine Scoring" status="PASSED">
         <system-out><![CDATA[2022-11-22 17:47:37 - [TEST_CASE][PASSED] - Test Cases/Engine_Scoring/Engine Scoring: Test Cases/Engine_Scoring/Engine Scoring

2022-11-22 17:47:39 - [TEST_STEP][PASSED] - markPassed("Variasi data ke : " + no): Variasi data ke : 279

2022-11-22 17:47:39 - [MESSAGE][PASSED] - Variasi data ke : 279

2022-11-22 17:47:39 - [TEST_STEP][PASSED] - req_data = sendRequest(findTestObject("Search_ME", ["MID":MID, "source":source, "ip":ip, "userid":userid, "branch":branch, "tipekons":tipekons, "marital":marital, "penjamin":penjamin, ... ])): Send request successfully

2022-11-22 17:47:40 - [MESSAGE][INFO] - HAR: D:\DMS\Engine Scoring\Reports\20221122_171227\Exclude KKB - DS\Scoring Individu - DS\20221122_171227\requests\main\556.har

2022-11-22 17:47:40 - [MESSAGE][PASSED] - Send request successfully

2022-11-22 17:47:40 - [TEST_STEP][PASSED] - slurper = new groovy.json.JsonSlurper(): null

2022-11-22 17:47:40 - [TEST_STEP][PASSED] - result = slurper.parseText(req_data.getResponseBodyContent()): null

2022-11-22 17:47:40 - [TEST_STEP][PASSED] - reqid_kons = requestid1: null

2022-11-22 17:47:40 - [TEST_STEP][PASSED] - reqid_spouse = requestid2: null

2022-11-22 17:47:40 - [TEST_STEP][PASSED] - println("requestid kons : " + reqid_kons): null

2022-11-22 17:47:40 - [TEST_STEP][PASSED] - response_searchME_kons = reqid_kons: null

2022-11-22 17:47:40 - [TEST_STEP][PASSED] - response_searchME_spouse = reqid_spouse: null

2022-11-22 17:47:40 - [TEST_STEP][PASSED] - println("kons req id is :" + response_searchME_kons): null

2022-11-22 17:47:40 - [TEST_STEP][PASSED] - println("spouse req id is : " + response_searchME_spouse): null

2022-11-22 17:47:40 - [TEST_STEP][PASSED] - verifyResponseStatusCode(req_data, 200): Verify response status code successfully

2022-11-22 17:47:40 - [MESSAGE][PASSED] - Verify response status code successfully

2022-11-22 17:47:40 - [TEST_STEP][PASSED] - response = req_data.getResponseText(): null

2022-11-22 17:47:40 - [TEST_STEP][PASSED] - logInfo($response): {"status":"Done","data":{"requestid1":"242693","requestid2":""}}

2022-11-22 17:47:40 - [MESSAGE][INFO] - {"status":"Done","data":{"requestid1":"242693","requestid2":""}}

2022-11-22 17:47:40 - [TEST_STEP][PASSED] - delay(3): Delayed 3 second(s)

2022-11-22 17:47:43 - [MESSAGE][PASSED] - Delayed 3 second(s)

2022-11-22 17:47:43 - [TEST_STEP][PASSED] - scoring = sendRequest(findTestObject("EngineScore", ["response_searchME_kons":response_searchME_kons, "response_searchME_spouse":response_searchME_spouse])): Send request successfully

2022-11-22 17:47:43 - [MESSAGE][INFO] - HAR: D:\DMS\Engine Scoring\Reports\20221122_171227\Exclude KKB - DS\Scoring Individu - DS\20221122_171227\requests\main\557.har

2022-11-22 17:47:43 - [MESSAGE][PASSED] - Send request successfully

2022-11-22 17:47:43 - [TEST_STEP][PASSED] - verifyResponseStatusCode(scoring, 200): Verify response status code successfully

2022-11-22 17:47:43 - [MESSAGE][PASSED] - Verify response status code successfully

2022-11-22 17:47:43 - [TEST_STEP][PASSED] - response2 = scoring.getResponseText(): null

2022-11-22 17:47:43 - [TEST_STEP][PASSED] - markPassed("result service data ke : " + no): result service data ke : 279

2022-11-22 17:47:43 - [MESSAGE][PASSED] - result service data ke : 279

2022-11-22 17:47:43 - [TEST_STEP][PASSED] - logInfo($response2): {"result_konsumen":"Reject","result_pasangan":"","Final_result":"Reject","errorMessage":"","status":"Done"}

2022-11-22 17:47:43 - [MESSAGE][INFO] - {"result_konsumen":"Reject","result_pasangan":"","Final_result":"Reject","errorMessage":"","status":"Done"}

2022-11-22 17:47:43 - [TEST_STEP][PASSED] - verifyElementPropertyValue(scoring, "Final_result", final_result): Verify element property value successfully

2022-11-22 17:47:43 - [MESSAGE][PASSED] - Verify element property value successfully]]></system-out>
         <system-err><![CDATA[]]></system-err>
      </testcase>
      <testcase name="Test Cases/Engine_Scoring/Engine Scoring" time="6.49" classname="Test Cases/Engine_Scoring/Engine Scoring" status="PASSED">
         <system-out><![CDATA[2022-11-22 17:47:43 - [TEST_CASE][PASSED] - Test Cases/Engine_Scoring/Engine Scoring: Test Cases/Engine_Scoring/Engine Scoring

2022-11-22 17:47:45 - [TEST_STEP][PASSED] - markPassed("Variasi data ke : " + no): Variasi data ke : 280

2022-11-22 17:47:45 - [MESSAGE][PASSED] - Variasi data ke : 280

2022-11-22 17:47:45 - [TEST_STEP][PASSED] - req_data = sendRequest(findTestObject("Search_ME", ["MID":MID, "source":source, "ip":ip, "userid":userid, "branch":branch, "tipekons":tipekons, "marital":marital, "penjamin":penjamin, ... ])): Send request successfully

2022-11-22 17:47:47 - [MESSAGE][INFO] - HAR: D:\DMS\Engine Scoring\Reports\20221122_171227\Exclude KKB - DS\Scoring Individu - DS\20221122_171227\requests\main\558.har

2022-11-22 17:47:47 - [MESSAGE][PASSED] - Send request successfully

2022-11-22 17:47:47 - [TEST_STEP][PASSED] - slurper = new groovy.json.JsonSlurper(): null

2022-11-22 17:47:47 - [TEST_STEP][PASSED] - result = slurper.parseText(req_data.getResponseBodyContent()): null

2022-11-22 17:47:47 - [TEST_STEP][PASSED] - reqid_kons = requestid1: null

2022-11-22 17:47:47 - [TEST_STEP][PASSED] - reqid_spouse = requestid2: null

2022-11-22 17:47:47 - [TEST_STEP][PASSED] - println("requestid kons : " + reqid_kons): null

2022-11-22 17:47:47 - [TEST_STEP][PASSED] - response_searchME_kons = reqid_kons: null

2022-11-22 17:47:47 - [TEST_STEP][PASSED] - response_searchME_spouse = reqid_spouse: null

2022-11-22 17:47:47 - [TEST_STEP][PASSED] - println("kons req id is :" + response_searchME_kons): null

2022-11-22 17:47:47 - [TEST_STEP][PASSED] - println("spouse req id is : " + response_searchME_spouse): null

2022-11-22 17:47:47 - [TEST_STEP][PASSED] - verifyResponseStatusCode(req_data, 200): Verify response status code successfully

2022-11-22 17:47:47 - [MESSAGE][PASSED] - Verify response status code successfully

2022-11-22 17:47:47 - [TEST_STEP][PASSED] - response = req_data.getResponseText(): null

2022-11-22 17:47:47 - [TEST_STEP][PASSED] - logInfo($response): {"status":"Done","data":{"requestid1":"242694","requestid2":""}}

2022-11-22 17:47:47 - [MESSAGE][INFO] - {"status":"Done","data":{"requestid1":"242694","requestid2":""}}

2022-11-22 17:47:47 - [TEST_STEP][PASSED] - delay(3): Delayed 3 second(s)

2022-11-22 17:47:50 - [MESSAGE][PASSED] - Delayed 3 second(s)

2022-11-22 17:47:50 - [TEST_STEP][PASSED] - scoring = sendRequest(findTestObject("EngineScore", ["response_searchME_kons":response_searchME_kons, "response_searchME_spouse":response_searchME_spouse])): Send request successfully

2022-11-22 17:47:50 - [MESSAGE][INFO] - HAR: D:\DMS\Engine Scoring\Reports\20221122_171227\Exclude KKB - DS\Scoring Individu - DS\20221122_171227\requests\main\559.har

2022-11-22 17:47:50 - [MESSAGE][PASSED] - Send request successfully

2022-11-22 17:47:50 - [TEST_STEP][PASSED] - verifyResponseStatusCode(scoring, 200): Verify response status code successfully

2022-11-22 17:47:50 - [MESSAGE][PASSED] - Verify response status code successfully

2022-11-22 17:47:50 - [TEST_STEP][PASSED] - response2 = scoring.getResponseText(): null

2022-11-22 17:47:50 - [TEST_STEP][PASSED] - markPassed("result service data ke : " + no): result service data ke : 280

2022-11-22 17:47:50 - [MESSAGE][PASSED] - result service data ke : 280

2022-11-22 17:47:50 - [TEST_STEP][PASSED] - logInfo($response2): {"result_konsumen":"Reject","result_pasangan":"","Final_result":"Reject","errorMessage":"","status":"Done"}

2022-11-22 17:47:50 - [MESSAGE][INFO] - {"result_konsumen":"Reject","result_pasangan":"","Final_result":"Reject","errorMessage":"","status":"Done"}

2022-11-22 17:47:50 - [TEST_STEP][PASSED] - verifyElementPropertyValue(scoring, "Final_result", final_result): Verify element property value successfully

2022-11-22 17:47:50 - [MESSAGE][PASSED] - Verify element property value successfully]]></system-out>
         <system-err><![CDATA[]]></system-err>
      </testcase>
      <testcase name="Test Cases/Engine_Scoring/Engine Scoring" time="6.236" classname="Test Cases/Engine_Scoring/Engine Scoring" status="PASSED">
         <system-out><![CDATA[2022-11-22 17:47:50 - [TEST_CASE][PASSED] - Test Cases/Engine_Scoring/Engine Scoring: Test Cases/Engine_Scoring/Engine Scoring

2022-11-22 17:47:52 - [TEST_STEP][PASSED] - markPassed("Variasi data ke : " + no): Variasi data ke : 281

2022-11-22 17:47:52 - [MESSAGE][PASSED] - Variasi data ke : 281

2022-11-22 17:47:52 - [TEST_STEP][PASSED] - req_data = sendRequest(findTestObject("Search_ME", ["MID":MID, "source":source, "ip":ip, "userid":userid, "branch":branch, "tipekons":tipekons, "marital":marital, "penjamin":penjamin, ... ])): Send request successfully

2022-11-22 17:47:53 - [MESSAGE][INFO] - HAR: D:\DMS\Engine Scoring\Reports\20221122_171227\Exclude KKB - DS\Scoring Individu - DS\20221122_171227\requests\main\560.har

2022-11-22 17:47:53 - [MESSAGE][PASSED] - Send request successfully

2022-11-22 17:47:53 - [TEST_STEP][PASSED] - slurper = new groovy.json.JsonSlurper(): null

2022-11-22 17:47:53 - [TEST_STEP][PASSED] - result = slurper.parseText(req_data.getResponseBodyContent()): null

2022-11-22 17:47:53 - [TEST_STEP][PASSED] - reqid_kons = requestid1: null

2022-11-22 17:47:53 - [TEST_STEP][PASSED] - reqid_spouse = requestid2: null

2022-11-22 17:47:53 - [TEST_STEP][PASSED] - println("requestid kons : " + reqid_kons): null

2022-11-22 17:47:53 - [TEST_STEP][PASSED] - response_searchME_kons = reqid_kons: null

2022-11-22 17:47:53 - [TEST_STEP][PASSED] - response_searchME_spouse = reqid_spouse: null

2022-11-22 17:47:53 - [TEST_STEP][PASSED] - println("kons req id is :" + response_searchME_kons): null

2022-11-22 17:47:53 - [TEST_STEP][PASSED] - println("spouse req id is : " + response_searchME_spouse): null

2022-11-22 17:47:53 - [TEST_STEP][PASSED] - verifyResponseStatusCode(req_data, 200): Verify response status code successfully

2022-11-22 17:47:53 - [MESSAGE][PASSED] - Verify response status code successfully

2022-11-22 17:47:53 - [TEST_STEP][PASSED] - response = req_data.getResponseText(): null

2022-11-22 17:47:53 - [TEST_STEP][PASSED] - logInfo($response): {"status":"Done","data":{"requestid1":"242695","requestid2":""}}

2022-11-22 17:47:53 - [MESSAGE][INFO] - {"status":"Done","data":{"requestid1":"242695","requestid2":""}}

2022-11-22 17:47:53 - [TEST_STEP][PASSED] - delay(3): Delayed 3 second(s)

2022-11-22 17:47:56 - [MESSAGE][PASSED] - Delayed 3 second(s)

2022-11-22 17:47:56 - [TEST_STEP][PASSED] - scoring = sendRequest(findTestObject("EngineScore", ["response_searchME_kons":response_searchME_kons, "response_searchME_spouse":response_searchME_spouse])): Send request successfully

2022-11-22 17:47:56 - [MESSAGE][INFO] - HAR: D:\DMS\Engine Scoring\Reports\20221122_171227\Exclude KKB - DS\Scoring Individu - DS\20221122_171227\requests\main\561.har

2022-11-22 17:47:56 - [MESSAGE][PASSED] - Send request successfully

2022-11-22 17:47:56 - [TEST_STEP][PASSED] - verifyResponseStatusCode(scoring, 200): Verify response status code successfully

2022-11-22 17:47:56 - [MESSAGE][PASSED] - Verify response status code successfully

2022-11-22 17:47:56 - [TEST_STEP][PASSED] - response2 = scoring.getResponseText(): null

2022-11-22 17:47:56 - [TEST_STEP][PASSED] - markPassed("result service data ke : " + no): result service data ke : 281

2022-11-22 17:47:56 - [MESSAGE][PASSED] - result service data ke : 281

2022-11-22 17:47:56 - [TEST_STEP][PASSED] - logInfo($response2): {"result_konsumen":"Reject","result_pasangan":"","Final_result":"Reject","errorMessage":"","status":"Done"}

2022-11-22 17:47:56 - [MESSAGE][INFO] - {"result_konsumen":"Reject","result_pasangan":"","Final_result":"Reject","errorMessage":"","status":"Done"}

2022-11-22 17:47:56 - [TEST_STEP][PASSED] - verifyElementPropertyValue(scoring, "Final_result", final_result): Verify element property value successfully

2022-11-22 17:47:56 - [MESSAGE][PASSED] - Verify element property value successfully]]></system-out>
         <system-err><![CDATA[]]></system-err>
      </testcase>
      <testcase name="Test Cases/Engine_Scoring/Engine Scoring" time="6.492" classname="Test Cases/Engine_Scoring/Engine Scoring" status="PASSED">
         <system-out><![CDATA[2022-11-22 17:47:56 - [TEST_CASE][PASSED] - Test Cases/Engine_Scoring/Engine Scoring: Test Cases/Engine_Scoring/Engine Scoring

2022-11-22 17:47:58 - [TEST_STEP][PASSED] - markPassed("Variasi data ke : " + no): Variasi data ke : 282

2022-11-22 17:47:58 - [MESSAGE][PASSED] - Variasi data ke : 282

2022-11-22 17:47:58 - [TEST_STEP][PASSED] - req_data = sendRequest(findTestObject("Search_ME", ["MID":MID, "source":source, "ip":ip, "userid":userid, "branch":branch, "tipekons":tipekons, "marital":marital, "penjamin":penjamin, ... ])): Send request successfully

2022-11-22 17:48:00 - [MESSAGE][INFO] - HAR: D:\DMS\Engine Scoring\Reports\20221122_171227\Exclude KKB - DS\Scoring Individu - DS\20221122_171227\requests\main\562.har

2022-11-22 17:48:00 - [MESSAGE][PASSED] - Send request successfully

2022-11-22 17:48:00 - [TEST_STEP][PASSED] - slurper = new groovy.json.JsonSlurper(): null

2022-11-22 17:48:00 - [TEST_STEP][PASSED] - result = slurper.parseText(req_data.getResponseBodyContent()): null

2022-11-22 17:48:00 - [TEST_STEP][PASSED] - reqid_kons = requestid1: null

2022-11-22 17:48:00 - [TEST_STEP][PASSED] - reqid_spouse = requestid2: null

2022-11-22 17:48:00 - [TEST_STEP][PASSED] - println("requestid kons : " + reqid_kons): null

2022-11-22 17:48:00 - [TEST_STEP][PASSED] - response_searchME_kons = reqid_kons: null

2022-11-22 17:48:00 - [TEST_STEP][PASSED] - response_searchME_spouse = reqid_spouse: null

2022-11-22 17:48:00 - [TEST_STEP][PASSED] - println("kons req id is :" + response_searchME_kons): null

2022-11-22 17:48:00 - [TEST_STEP][PASSED] - println("spouse req id is : " + response_searchME_spouse): null

2022-11-22 17:48:00 - [TEST_STEP][PASSED] - verifyResponseStatusCode(req_data, 200): Verify response status code successfully

2022-11-22 17:48:00 - [MESSAGE][PASSED] - Verify response status code successfully

2022-11-22 17:48:00 - [TEST_STEP][PASSED] - response = req_data.getResponseText(): null

2022-11-22 17:48:00 - [TEST_STEP][PASSED] - logInfo($response): {"status":"Done","data":{"requestid1":"242696","requestid2":""}}

2022-11-22 17:48:00 - [MESSAGE][INFO] - {"status":"Done","data":{"requestid1":"242696","requestid2":""}}

2022-11-22 17:48:00 - [TEST_STEP][PASSED] - delay(3): Delayed 3 second(s)

2022-11-22 17:48:03 - [MESSAGE][PASSED] - Delayed 3 second(s)

2022-11-22 17:48:03 - [TEST_STEP][PASSED] - scoring = sendRequest(findTestObject("EngineScore", ["response_searchME_kons":response_searchME_kons, "response_searchME_spouse":response_searchME_spouse])): Send request successfully

2022-11-22 17:48:03 - [MESSAGE][INFO] - HAR: D:\DMS\Engine Scoring\Reports\20221122_171227\Exclude KKB - DS\Scoring Individu - DS\20221122_171227\requests\main\563.har

2022-11-22 17:48:03 - [MESSAGE][PASSED] - Send request successfully

2022-11-22 17:48:03 - [TEST_STEP][PASSED] - verifyResponseStatusCode(scoring, 200): Verify response status code successfully

2022-11-22 17:48:03 - [MESSAGE][PASSED] - Verify response status code successfully

2022-11-22 17:48:03 - [TEST_STEP][PASSED] - response2 = scoring.getResponseText(): null

2022-11-22 17:48:03 - [TEST_STEP][PASSED] - markPassed("result service data ke : " + no): result service data ke : 282

2022-11-22 17:48:03 - [MESSAGE][PASSED] - result service data ke : 282

2022-11-22 17:48:03 - [TEST_STEP][PASSED] - logInfo($response2): {"result_konsumen":"Reject","result_pasangan":"","Final_result":"Reject","errorMessage":"","status":"Done"}

2022-11-22 17:48:03 - [MESSAGE][INFO] - {"result_konsumen":"Reject","result_pasangan":"","Final_result":"Reject","errorMessage":"","status":"Done"}

2022-11-22 17:48:03 - [TEST_STEP][PASSED] - verifyElementPropertyValue(scoring, "Final_result", final_result): Verify element property value successfully

2022-11-22 17:48:03 - [MESSAGE][PASSED] - Verify element property value successfully]]></system-out>
         <system-err><![CDATA[]]></system-err>
      </testcase>
      <testcase name="Test Cases/Engine_Scoring/Engine Scoring" time="6.269" classname="Test Cases/Engine_Scoring/Engine Scoring" status="PASSED">
         <system-out><![CDATA[2022-11-22 17:48:03 - [TEST_CASE][PASSED] - Test Cases/Engine_Scoring/Engine Scoring: Test Cases/Engine_Scoring/Engine Scoring

2022-11-22 17:48:05 - [TEST_STEP][PASSED] - markPassed("Variasi data ke : " + no): Variasi data ke : 283

2022-11-22 17:48:05 - [MESSAGE][PASSED] - Variasi data ke : 283

2022-11-22 17:48:05 - [TEST_STEP][PASSED] - req_data = sendRequest(findTestObject("Search_ME", ["MID":MID, "source":source, "ip":ip, "userid":userid, "branch":branch, "tipekons":tipekons, "marital":marital, "penjamin":penjamin, ... ])): Send request successfully

2022-11-22 17:48:06 - [MESSAGE][INFO] - HAR: D:\DMS\Engine Scoring\Reports\20221122_171227\Exclude KKB - DS\Scoring Individu - DS\20221122_171227\requests\main\564.har

2022-11-22 17:48:06 - [MESSAGE][PASSED] - Send request successfully

2022-11-22 17:48:06 - [TEST_STEP][PASSED] - slurper = new groovy.json.JsonSlurper(): null

2022-11-22 17:48:06 - [TEST_STEP][PASSED] - result = slurper.parseText(req_data.getResponseBodyContent()): null

2022-11-22 17:48:06 - [TEST_STEP][PASSED] - reqid_kons = requestid1: null

2022-11-22 17:48:06 - [TEST_STEP][PASSED] - reqid_spouse = requestid2: null

2022-11-22 17:48:06 - [TEST_STEP][PASSED] - println("requestid kons : " + reqid_kons): null

2022-11-22 17:48:06 - [TEST_STEP][PASSED] - response_searchME_kons = reqid_kons: null

2022-11-22 17:48:06 - [TEST_STEP][PASSED] - response_searchME_spouse = reqid_spouse: null

2022-11-22 17:48:06 - [TEST_STEP][PASSED] - println("kons req id is :" + response_searchME_kons): null

2022-11-22 17:48:06 - [TEST_STEP][PASSED] - println("spouse req id is : " + response_searchME_spouse): null

2022-11-22 17:48:06 - [TEST_STEP][PASSED] - verifyResponseStatusCode(req_data, 200): Verify response status code successfully

2022-11-22 17:48:06 - [MESSAGE][PASSED] - Verify response status code successfully

2022-11-22 17:48:06 - [TEST_STEP][PASSED] - response = req_data.getResponseText(): null

2022-11-22 17:48:06 - [TEST_STEP][PASSED] - logInfo($response): {"status":"Done","data":{"requestid1":"242697","requestid2":""}}

2022-11-22 17:48:06 - [MESSAGE][INFO] - {"status":"Done","data":{"requestid1":"242697","requestid2":""}}

2022-11-22 17:48:06 - [TEST_STEP][PASSED] - delay(3): Delayed 3 second(s)

2022-11-22 17:48:09 - [MESSAGE][PASSED] - Delayed 3 second(s)

2022-11-22 17:48:09 - [TEST_STEP][PASSED] - scoring = sendRequest(findTestObject("EngineScore", ["response_searchME_kons":response_searchME_kons, "response_searchME_spouse":response_searchME_spouse])): Send request successfully

2022-11-22 17:48:09 - [MESSAGE][INFO] - HAR: D:\DMS\Engine Scoring\Reports\20221122_171227\Exclude KKB - DS\Scoring Individu - DS\20221122_171227\requests\main\565.har

2022-11-22 17:48:09 - [MESSAGE][PASSED] - Send request successfully

2022-11-22 17:48:09 - [TEST_STEP][PASSED] - verifyResponseStatusCode(scoring, 200): Verify response status code successfully

2022-11-22 17:48:09 - [MESSAGE][PASSED] - Verify response status code successfully

2022-11-22 17:48:09 - [TEST_STEP][PASSED] - response2 = scoring.getResponseText(): null

2022-11-22 17:48:09 - [TEST_STEP][PASSED] - markPassed("result service data ke : " + no): result service data ke : 283

2022-11-22 17:48:09 - [MESSAGE][PASSED] - result service data ke : 283

2022-11-22 17:48:09 - [TEST_STEP][PASSED] - logInfo($response2): {"result_konsumen":"Reject","result_pasangan":"","Final_result":"Reject","errorMessage":"","status":"Done"}

2022-11-22 17:48:09 - [MESSAGE][INFO] - {"result_konsumen":"Reject","result_pasangan":"","Final_result":"Reject","errorMessage":"","status":"Done"}

2022-11-22 17:48:09 - [TEST_STEP][PASSED] - verifyElementPropertyValue(scoring, "Final_result", final_result): Verify element property value successfully

2022-11-22 17:48:09 - [MESSAGE][PASSED] - Verify element property value successfully]]></system-out>
         <system-err><![CDATA[]]></system-err>
      </testcase>
      <testcase name="Test Cases/Engine_Scoring/Engine Scoring" time="6.163" classname="Test Cases/Engine_Scoring/Engine Scoring" status="PASSED">
         <system-out><![CDATA[2022-11-22 17:48:09 - [TEST_CASE][PASSED] - Test Cases/Engine_Scoring/Engine Scoring: Test Cases/Engine_Scoring/Engine Scoring

2022-11-22 17:48:11 - [TEST_STEP][PASSED] - markPassed("Variasi data ke : " + no): Variasi data ke : 284

2022-11-22 17:48:11 - [MESSAGE][PASSED] - Variasi data ke : 284

2022-11-22 17:48:11 - [TEST_STEP][PASSED] - req_data = sendRequest(findTestObject("Search_ME", ["MID":MID, "source":source, "ip":ip, "userid":userid, "branch":branch, "tipekons":tipekons, "marital":marital, "penjamin":penjamin, ... ])): Send request successfully

2022-11-22 17:48:12 - [MESSAGE][INFO] - HAR: D:\DMS\Engine Scoring\Reports\20221122_171227\Exclude KKB - DS\Scoring Individu - DS\20221122_171227\requests\main\566.har

2022-11-22 17:48:12 - [MESSAGE][PASSED] - Send request successfully

2022-11-22 17:48:12 - [TEST_STEP][PASSED] - slurper = new groovy.json.JsonSlurper(): null

2022-11-22 17:48:12 - [TEST_STEP][PASSED] - result = slurper.parseText(req_data.getResponseBodyContent()): null

2022-11-22 17:48:12 - [TEST_STEP][PASSED] - reqid_kons = requestid1: null

2022-11-22 17:48:12 - [TEST_STEP][PASSED] - reqid_spouse = requestid2: null

2022-11-22 17:48:12 - [TEST_STEP][PASSED] - println("requestid kons : " + reqid_kons): null

2022-11-22 17:48:12 - [TEST_STEP][PASSED] - response_searchME_kons = reqid_kons: null

2022-11-22 17:48:12 - [TEST_STEP][PASSED] - response_searchME_spouse = reqid_spouse: null

2022-11-22 17:48:12 - [TEST_STEP][PASSED] - println("kons req id is :" + response_searchME_kons): null

2022-11-22 17:48:12 - [TEST_STEP][PASSED] - println("spouse req id is : " + response_searchME_spouse): null

2022-11-22 17:48:12 - [TEST_STEP][PASSED] - verifyResponseStatusCode(req_data, 200): Verify response status code successfully

2022-11-22 17:48:12 - [MESSAGE][PASSED] - Verify response status code successfully

2022-11-22 17:48:12 - [TEST_STEP][PASSED] - response = req_data.getResponseText(): null

2022-11-22 17:48:12 - [TEST_STEP][PASSED] - logInfo($response): {"status":"Done","data":{"requestid1":"242698","requestid2":""}}

2022-11-22 17:48:12 - [MESSAGE][INFO] - {"status":"Done","data":{"requestid1":"242698","requestid2":""}}

2022-11-22 17:48:12 - [TEST_STEP][PASSED] - delay(3): Delayed 3 second(s)

2022-11-22 17:48:15 - [MESSAGE][PASSED] - Delayed 3 second(s)

2022-11-22 17:48:15 - [TEST_STEP][PASSED] - scoring = sendRequest(findTestObject("EngineScore", ["response_searchME_kons":response_searchME_kons, "response_searchME_spouse":response_searchME_spouse])): Send request successfully

2022-11-22 17:48:15 - [MESSAGE][INFO] - HAR: D:\DMS\Engine Scoring\Reports\20221122_171227\Exclude KKB - DS\Scoring Individu - DS\20221122_171227\requests\main\567.har

2022-11-22 17:48:15 - [MESSAGE][PASSED] - Send request successfully

2022-11-22 17:48:15 - [TEST_STEP][PASSED] - verifyResponseStatusCode(scoring, 200): Verify response status code successfully

2022-11-22 17:48:15 - [MESSAGE][PASSED] - Verify response status code successfully

2022-11-22 17:48:15 - [TEST_STEP][PASSED] - response2 = scoring.getResponseText(): null

2022-11-22 17:48:15 - [TEST_STEP][PASSED] - markPassed("result service data ke : " + no): result service data ke : 284

2022-11-22 17:48:15 - [MESSAGE][PASSED] - result service data ke : 284

2022-11-22 17:48:15 - [TEST_STEP][PASSED] - logInfo($response2): {"result_konsumen":"Reject","result_pasangan":"","Final_result":"Reject","errorMessage":"","status":"Done"}

2022-11-22 17:48:15 - [MESSAGE][INFO] - {"result_konsumen":"Reject","result_pasangan":"","Final_result":"Reject","errorMessage":"","status":"Done"}

2022-11-22 17:48:15 - [TEST_STEP][PASSED] - verifyElementPropertyValue(scoring, "Final_result", final_result): Verify element property value successfully

2022-11-22 17:48:15 - [MESSAGE][PASSED] - Verify element property value successfully]]></system-out>
         <system-err><![CDATA[]]></system-err>
      </testcase>
      <testcase name="Test Cases/Engine_Scoring/Engine Scoring" time="14.557" classname="Test Cases/Engine_Scoring/Engine Scoring" status="PASSED">
         <system-out><![CDATA[2022-11-22 17:48:16 - [TEST_CASE][PASSED] - Test Cases/Engine_Scoring/Engine Scoring: Test Cases/Engine_Scoring/Engine Scoring

2022-11-22 17:48:17 - [TEST_STEP][PASSED] - markPassed("Variasi data ke : " + no): Variasi data ke : 285

2022-11-22 17:48:17 - [MESSAGE][PASSED] - Variasi data ke : 285

2022-11-22 17:48:17 - [TEST_STEP][PASSED] - req_data = sendRequest(findTestObject("Search_ME", ["MID":MID, "source":source, "ip":ip, "userid":userid, "branch":branch, "tipekons":tipekons, "marital":marital, "penjamin":penjamin, ... ])): Send request successfully

2022-11-22 17:48:19 - [MESSAGE][INFO] - HAR: D:\DMS\Engine Scoring\Reports\20221122_171227\Exclude KKB - DS\Scoring Individu - DS\20221122_171227\requests\main\568.har

2022-11-22 17:48:19 - [MESSAGE][PASSED] - Send request successfully

2022-11-22 17:48:19 - [TEST_STEP][PASSED] - slurper = new groovy.json.JsonSlurper(): null

2022-11-22 17:48:19 - [TEST_STEP][PASSED] - result = slurper.parseText(req_data.getResponseBodyContent()): null

2022-11-22 17:48:19 - [TEST_STEP][PASSED] - reqid_kons = requestid1: null

2022-11-22 17:48:19 - [TEST_STEP][PASSED] - reqid_spouse = requestid2: null

2022-11-22 17:48:19 - [TEST_STEP][PASSED] - println("requestid kons : " + reqid_kons): null

2022-11-22 17:48:19 - [TEST_STEP][PASSED] - response_searchME_kons = reqid_kons: null

2022-11-22 17:48:19 - [TEST_STEP][PASSED] - response_searchME_spouse = reqid_spouse: null

2022-11-22 17:48:19 - [TEST_STEP][PASSED] - println("kons req id is :" + response_searchME_kons): null

2022-11-22 17:48:19 - [TEST_STEP][PASSED] - println("spouse req id is : " + response_searchME_spouse): null

2022-11-22 17:48:19 - [TEST_STEP][PASSED] - verifyResponseStatusCode(req_data, 200): Verify response status code successfully

2022-11-22 17:48:19 - [MESSAGE][PASSED] - Verify response status code successfully

2022-11-22 17:48:19 - [TEST_STEP][PASSED] - response = req_data.getResponseText(): null

2022-11-22 17:48:19 - [TEST_STEP][PASSED] - logInfo($response): {"status":"Done","data":{"requestid1":"242699","requestid2":""}}

2022-11-22 17:48:19 - [MESSAGE][INFO] - {"status":"Done","data":{"requestid1":"242699","requestid2":""}}

2022-11-22 17:48:19 - [TEST_STEP][PASSED] - delay(3): Delayed 3 second(s)

2022-11-22 17:48:22 - [MESSAGE][PASSED] - Delayed 3 second(s)

2022-11-22 17:48:22 - [TEST_STEP][PASSED] - scoring = sendRequest(findTestObject("EngineScore", ["response_searchME_kons":response_searchME_kons, "response_searchME_spouse":response_searchME_spouse])): Send request successfully

2022-11-22 17:48:30 - [MESSAGE][INFO] - HAR: D:\DMS\Engine Scoring\Reports\20221122_171227\Exclude KKB - DS\Scoring Individu - DS\20221122_171227\requests\main\569.har

2022-11-22 17:48:30 - [MESSAGE][PASSED] - Send request successfully

2022-11-22 17:48:30 - [TEST_STEP][PASSED] - verifyResponseStatusCode(scoring, 200): Verify response status code successfully

2022-11-22 17:48:30 - [MESSAGE][PASSED] - Verify response status code successfully

2022-11-22 17:48:30 - [TEST_STEP][PASSED] - response2 = scoring.getResponseText(): null

2022-11-22 17:48:30 - [TEST_STEP][PASSED] - markPassed("result service data ke : " + no): result service data ke : 285

2022-11-22 17:48:30 - [MESSAGE][PASSED] - result service data ke : 285

2022-11-22 17:48:30 - [TEST_STEP][PASSED] - logInfo($response2): {"result_konsumen":"Reject","result_pasangan":"","Final_result":"Reject","errorMessage":"","status":"Done"}

2022-11-22 17:48:30 - [MESSAGE][INFO] - {"result_konsumen":"Reject","result_pasangan":"","Final_result":"Reject","errorMessage":"","status":"Done"}

2022-11-22 17:48:30 - [TEST_STEP][PASSED] - verifyElementPropertyValue(scoring, "Final_result", final_result): Verify element property value successfully

2022-11-22 17:48:30 - [MESSAGE][PASSED] - Verify element property value successfully]]></system-out>
         <system-err><![CDATA[]]></system-err>
      </testcase>
      <testcase name="Test Cases/Engine_Scoring/Engine Scoring" time="6.321" classname="Test Cases/Engine_Scoring/Engine Scoring" status="PASSED">
         <system-out><![CDATA[2022-11-22 17:48:30 - [TEST_CASE][PASSED] - Test Cases/Engine_Scoring/Engine Scoring: Test Cases/Engine_Scoring/Engine Scoring

2022-11-22 17:48:32 - [TEST_STEP][PASSED] - markPassed("Variasi data ke : " + no): Variasi data ke : 286

2022-11-22 17:48:32 - [MESSAGE][PASSED] - Variasi data ke : 286

2022-11-22 17:48:32 - [TEST_STEP][PASSED] - req_data = sendRequest(findTestObject("Search_ME", ["MID":MID, "source":source, "ip":ip, "userid":userid, "branch":branch, "tipekons":tipekons, "marital":marital, "penjamin":penjamin, ... ])): Send request successfully

2022-11-22 17:48:33 - [MESSAGE][INFO] - HAR: D:\DMS\Engine Scoring\Reports\20221122_171227\Exclude KKB - DS\Scoring Individu - DS\20221122_171227\requests\main\570.har

2022-11-22 17:48:33 - [MESSAGE][PASSED] - Send request successfully

2022-11-22 17:48:33 - [TEST_STEP][PASSED] - slurper = new groovy.json.JsonSlurper(): null

2022-11-22 17:48:33 - [TEST_STEP][PASSED] - result = slurper.parseText(req_data.getResponseBodyContent()): null

2022-11-22 17:48:33 - [TEST_STEP][PASSED] - reqid_kons = requestid1: null

2022-11-22 17:48:33 - [TEST_STEP][PASSED] - reqid_spouse = requestid2: null

2022-11-22 17:48:33 - [TEST_STEP][PASSED] - println("requestid kons : " + reqid_kons): null

2022-11-22 17:48:33 - [TEST_STEP][PASSED] - response_searchME_kons = reqid_kons: null

2022-11-22 17:48:33 - [TEST_STEP][PASSED] - response_searchME_spouse = reqid_spouse: null

2022-11-22 17:48:33 - [TEST_STEP][PASSED] - println("kons req id is :" + response_searchME_kons): null

2022-11-22 17:48:33 - [TEST_STEP][PASSED] - println("spouse req id is : " + response_searchME_spouse): null

2022-11-22 17:48:33 - [TEST_STEP][PASSED] - verifyResponseStatusCode(req_data, 200): Verify response status code successfully

2022-11-22 17:48:33 - [MESSAGE][PASSED] - Verify response status code successfully

2022-11-22 17:48:33 - [TEST_STEP][PASSED] - response = req_data.getResponseText(): null

2022-11-22 17:48:33 - [TEST_STEP][PASSED] - logInfo($response): {"status":"Done","data":{"requestid1":"242700","requestid2":""}}

2022-11-22 17:48:33 - [MESSAGE][INFO] - {"status":"Done","data":{"requestid1":"242700","requestid2":""}}

2022-11-22 17:48:33 - [TEST_STEP][PASSED] - delay(3): Delayed 3 second(s)

2022-11-22 17:48:36 - [MESSAGE][PASSED] - Delayed 3 second(s)

2022-11-22 17:48:36 - [TEST_STEP][PASSED] - scoring = sendRequest(findTestObject("EngineScore", ["response_searchME_kons":response_searchME_kons, "response_searchME_spouse":response_searchME_spouse])): Send request successfully

2022-11-22 17:48:37 - [MESSAGE][INFO] - HAR: D:\DMS\Engine Scoring\Reports\20221122_171227\Exclude KKB - DS\Scoring Individu - DS\20221122_171227\requests\main\571.har

2022-11-22 17:48:37 - [MESSAGE][PASSED] - Send request successfully

2022-11-22 17:48:37 - [TEST_STEP][PASSED] - verifyResponseStatusCode(scoring, 200): Verify response status code successfully

2022-11-22 17:48:37 - [MESSAGE][PASSED] - Verify response status code successfully

2022-11-22 17:48:37 - [TEST_STEP][PASSED] - response2 = scoring.getResponseText(): null

2022-11-22 17:48:37 - [TEST_STEP][PASSED] - markPassed("result service data ke : " + no): result service data ke : 286

2022-11-22 17:48:37 - [MESSAGE][PASSED] - result service data ke : 286

2022-11-22 17:48:37 - [TEST_STEP][PASSED] - logInfo($response2): {"result_konsumen":"Reject","result_pasangan":"","Final_result":"Reject","errorMessage":"","status":"Done"}

2022-11-22 17:48:37 - [MESSAGE][INFO] - {"result_konsumen":"Reject","result_pasangan":"","Final_result":"Reject","errorMessage":"","status":"Done"}

2022-11-22 17:48:37 - [TEST_STEP][PASSED] - verifyElementPropertyValue(scoring, "Final_result", final_result): Verify element property value successfully

2022-11-22 17:48:37 - [MESSAGE][PASSED] - Verify element property value successfully]]></system-out>
         <system-err><![CDATA[]]></system-err>
      </testcase>
      <testcase name="Test Cases/Engine_Scoring/Engine Scoring" time="6.22" classname="Test Cases/Engine_Scoring/Engine Scoring" status="PASSED">
         <system-out><![CDATA[2022-11-22 17:48:37 - [TEST_CASE][PASSED] - Test Cases/Engine_Scoring/Engine Scoring: Test Cases/Engine_Scoring/Engine Scoring

2022-11-22 17:48:38 - [TEST_STEP][PASSED] - markPassed("Variasi data ke : " + no): Variasi data ke : 287

2022-11-22 17:48:38 - [MESSAGE][PASSED] - Variasi data ke : 287

2022-11-22 17:48:38 - [TEST_STEP][PASSED] - req_data = sendRequest(findTestObject("Search_ME", ["MID":MID, "source":source, "ip":ip, "userid":userid, "branch":branch, "tipekons":tipekons, "marital":marital, "penjamin":penjamin, ... ])): Send request successfully

2022-11-22 17:48:40 - [MESSAGE][INFO] - HAR: D:\DMS\Engine Scoring\Reports\20221122_171227\Exclude KKB - DS\Scoring Individu - DS\20221122_171227\requests\main\572.har

2022-11-22 17:48:40 - [MESSAGE][PASSED] - Send request successfully

2022-11-22 17:48:40 - [TEST_STEP][PASSED] - slurper = new groovy.json.JsonSlurper(): null

2022-11-22 17:48:40 - [TEST_STEP][PASSED] - result = slurper.parseText(req_data.getResponseBodyContent()): null

2022-11-22 17:48:40 - [TEST_STEP][PASSED] - reqid_kons = requestid1: null

2022-11-22 17:48:40 - [TEST_STEP][PASSED] - reqid_spouse = requestid2: null

2022-11-22 17:48:40 - [TEST_STEP][PASSED] - println("requestid kons : " + reqid_kons): null

2022-11-22 17:48:40 - [TEST_STEP][PASSED] - response_searchME_kons = reqid_kons: null

2022-11-22 17:48:40 - [TEST_STEP][PASSED] - response_searchME_spouse = reqid_spouse: null

2022-11-22 17:48:40 - [TEST_STEP][PASSED] - println("kons req id is :" + response_searchME_kons): null

2022-11-22 17:48:40 - [TEST_STEP][PASSED] - println("spouse req id is : " + response_searchME_spouse): null

2022-11-22 17:48:40 - [TEST_STEP][PASSED] - verifyResponseStatusCode(req_data, 200): Verify response status code successfully

2022-11-22 17:48:40 - [MESSAGE][PASSED] - Verify response status code successfully

2022-11-22 17:48:40 - [TEST_STEP][PASSED] - response = req_data.getResponseText(): null

2022-11-22 17:48:40 - [TEST_STEP][PASSED] - logInfo($response): {"status":"Done","data":{"requestid1":"242701","requestid2":""}}

2022-11-22 17:48:40 - [MESSAGE][INFO] - {"status":"Done","data":{"requestid1":"242701","requestid2":""}}

2022-11-22 17:48:40 - [TEST_STEP][PASSED] - delay(3): Delayed 3 second(s)

2022-11-22 17:48:43 - [MESSAGE][PASSED] - Delayed 3 second(s)

2022-11-22 17:48:43 - [TEST_STEP][PASSED] - scoring = sendRequest(findTestObject("EngineScore", ["response_searchME_kons":response_searchME_kons, "response_searchME_spouse":response_searchME_spouse])): Send request successfully

2022-11-22 17:48:43 - [MESSAGE][INFO] - HAR: D:\DMS\Engine Scoring\Reports\20221122_171227\Exclude KKB - DS\Scoring Individu - DS\20221122_171227\requests\main\573.har

2022-11-22 17:48:43 - [MESSAGE][PASSED] - Send request successfully

2022-11-22 17:48:43 - [TEST_STEP][PASSED] - verifyResponseStatusCode(scoring, 200): Verify response status code successfully

2022-11-22 17:48:43 - [MESSAGE][PASSED] - Verify response status code successfully

2022-11-22 17:48:43 - [TEST_STEP][PASSED] - response2 = scoring.getResponseText(): null

2022-11-22 17:48:43 - [TEST_STEP][PASSED] - markPassed("result service data ke : " + no): result service data ke : 287

2022-11-22 17:48:43 - [MESSAGE][PASSED] - result service data ke : 287

2022-11-22 17:48:43 - [TEST_STEP][PASSED] - logInfo($response2): {"result_konsumen":"Reject","result_pasangan":"","Final_result":"Reject","errorMessage":"","status":"Done"}

2022-11-22 17:48:43 - [MESSAGE][INFO] - {"result_konsumen":"Reject","result_pasangan":"","Final_result":"Reject","errorMessage":"","status":"Done"}

2022-11-22 17:48:43 - [TEST_STEP][PASSED] - verifyElementPropertyValue(scoring, "Final_result", final_result): Verify element property value successfully

2022-11-22 17:48:43 - [MESSAGE][PASSED] - Verify element property value successfully]]></system-out>
         <system-err><![CDATA[]]></system-err>
      </testcase>
      <testcase name="Test Cases/Engine_Scoring/Engine Scoring" time="6.597" classname="Test Cases/Engine_Scoring/Engine Scoring" status="PASSED">
         <system-out><![CDATA[2022-11-22 17:48:43 - [TEST_CASE][PASSED] - Test Cases/Engine_Scoring/Engine Scoring: Test Cases/Engine_Scoring/Engine Scoring

2022-11-22 17:48:44 - [TEST_STEP][PASSED] - markPassed("Variasi data ke : " + no): Variasi data ke : 288

2022-11-22 17:48:44 - [MESSAGE][PASSED] - Variasi data ke : 288

2022-11-22 17:48:44 - [TEST_STEP][PASSED] - req_data = sendRequest(findTestObject("Search_ME", ["MID":MID, "source":source, "ip":ip, "userid":userid, "branch":branch, "tipekons":tipekons, "marital":marital, "penjamin":penjamin, ... ])): Send request successfully

2022-11-22 17:48:46 - [MESSAGE][INFO] - HAR: D:\DMS\Engine Scoring\Reports\20221122_171227\Exclude KKB - DS\Scoring Individu - DS\20221122_171227\requests\main\574.har

2022-11-22 17:48:46 - [MESSAGE][PASSED] - Send request successfully

2022-11-22 17:48:46 - [TEST_STEP][PASSED] - slurper = new groovy.json.JsonSlurper(): null

2022-11-22 17:48:46 - [TEST_STEP][PASSED] - result = slurper.parseText(req_data.getResponseBodyContent()): null

2022-11-22 17:48:46 - [TEST_STEP][PASSED] - reqid_kons = requestid1: null

2022-11-22 17:48:46 - [TEST_STEP][PASSED] - reqid_spouse = requestid2: null

2022-11-22 17:48:46 - [TEST_STEP][PASSED] - println("requestid kons : " + reqid_kons): null

2022-11-22 17:48:46 - [TEST_STEP][PASSED] - response_searchME_kons = reqid_kons: null

2022-11-22 17:48:46 - [TEST_STEP][PASSED] - response_searchME_spouse = reqid_spouse: null

2022-11-22 17:48:46 - [TEST_STEP][PASSED] - println("kons req id is :" + response_searchME_kons): null

2022-11-22 17:48:46 - [TEST_STEP][PASSED] - println("spouse req id is : " + response_searchME_spouse): null

2022-11-22 17:48:46 - [TEST_STEP][PASSED] - verifyResponseStatusCode(req_data, 200): Verify response status code successfully

2022-11-22 17:48:46 - [MESSAGE][PASSED] - Verify response status code successfully

2022-11-22 17:48:46 - [TEST_STEP][PASSED] - response = req_data.getResponseText(): null

2022-11-22 17:48:46 - [TEST_STEP][PASSED] - logInfo($response): {"status":"Done","data":{"requestid1":"242702","requestid2":""}}

2022-11-22 17:48:46 - [MESSAGE][INFO] - {"status":"Done","data":{"requestid1":"242702","requestid2":""}}

2022-11-22 17:48:46 - [TEST_STEP][PASSED] - delay(3): Delayed 3 second(s)

2022-11-22 17:48:49 - [MESSAGE][PASSED] - Delayed 3 second(s)

2022-11-22 17:48:49 - [TEST_STEP][PASSED] - scoring = sendRequest(findTestObject("EngineScore", ["response_searchME_kons":response_searchME_kons, "response_searchME_spouse":response_searchME_spouse])): Send request successfully

2022-11-22 17:48:49 - [MESSAGE][INFO] - HAR: D:\DMS\Engine Scoring\Reports\20221122_171227\Exclude KKB - DS\Scoring Individu - DS\20221122_171227\requests\main\575.har

2022-11-22 17:48:49 - [MESSAGE][PASSED] - Send request successfully

2022-11-22 17:48:49 - [TEST_STEP][PASSED] - verifyResponseStatusCode(scoring, 200): Verify response status code successfully

2022-11-22 17:48:49 - [MESSAGE][PASSED] - Verify response status code successfully

2022-11-22 17:48:49 - [TEST_STEP][PASSED] - response2 = scoring.getResponseText(): null

2022-11-22 17:48:49 - [TEST_STEP][PASSED] - markPassed("result service data ke : " + no): result service data ke : 288

2022-11-22 17:48:49 - [MESSAGE][PASSED] - result service data ke : 288

2022-11-22 17:48:49 - [TEST_STEP][PASSED] - logInfo($response2): {"result_konsumen":"Reject","result_pasangan":"","Final_result":"Reject","errorMessage":"","status":"Done"}

2022-11-22 17:48:49 - [MESSAGE][INFO] - {"result_konsumen":"Reject","result_pasangan":"","Final_result":"Reject","errorMessage":"","status":"Done"}

2022-11-22 17:48:49 - [TEST_STEP][PASSED] - verifyElementPropertyValue(scoring, "Final_result", final_result): Verify element property value successfully

2022-11-22 17:48:50 - [MESSAGE][PASSED] - Verify element property value successfully]]></system-out>
         <system-err><![CDATA[]]></system-err>
      </testcase>
      <testcase name="Test Cases/Engine_Scoring/Engine Scoring" time="6.212" classname="Test Cases/Engine_Scoring/Engine Scoring" status="PASSED">
         <system-out><![CDATA[2022-11-22 17:48:50 - [TEST_CASE][PASSED] - Test Cases/Engine_Scoring/Engine Scoring: Test Cases/Engine_Scoring/Engine Scoring

2022-11-22 17:48:51 - [TEST_STEP][PASSED] - markPassed("Variasi data ke : " + no): Variasi data ke : 289

2022-11-22 17:48:51 - [MESSAGE][PASSED] - Variasi data ke : 289

2022-11-22 17:48:51 - [TEST_STEP][PASSED] - req_data = sendRequest(findTestObject("Search_ME", ["MID":MID, "source":source, "ip":ip, "userid":userid, "branch":branch, "tipekons":tipekons, "marital":marital, "penjamin":penjamin, ... ])): Send request successfully

2022-11-22 17:48:53 - [MESSAGE][INFO] - HAR: D:\DMS\Engine Scoring\Reports\20221122_171227\Exclude KKB - DS\Scoring Individu - DS\20221122_171227\requests\main\576.har

2022-11-22 17:48:53 - [MESSAGE][PASSED] - Send request successfully

2022-11-22 17:48:53 - [TEST_STEP][PASSED] - slurper = new groovy.json.JsonSlurper(): null

2022-11-22 17:48:53 - [TEST_STEP][PASSED] - result = slurper.parseText(req_data.getResponseBodyContent()): null

2022-11-22 17:48:53 - [TEST_STEP][PASSED] - reqid_kons = requestid1: null

2022-11-22 17:48:53 - [TEST_STEP][PASSED] - reqid_spouse = requestid2: null

2022-11-22 17:48:53 - [TEST_STEP][PASSED] - println("requestid kons : " + reqid_kons): null

2022-11-22 17:48:53 - [TEST_STEP][PASSED] - response_searchME_kons = reqid_kons: null

2022-11-22 17:48:53 - [TEST_STEP][PASSED] - response_searchME_spouse = reqid_spouse: null

2022-11-22 17:48:53 - [TEST_STEP][PASSED] - println("kons req id is :" + response_searchME_kons): null

2022-11-22 17:48:53 - [TEST_STEP][PASSED] - println("spouse req id is : " + response_searchME_spouse): null

2022-11-22 17:48:53 - [TEST_STEP][PASSED] - verifyResponseStatusCode(req_data, 200): Verify response status code successfully

2022-11-22 17:48:53 - [MESSAGE][PASSED] - Verify response status code successfully

2022-11-22 17:48:53 - [TEST_STEP][PASSED] - response = req_data.getResponseText(): null

2022-11-22 17:48:53 - [TEST_STEP][PASSED] - logInfo($response): {"status":"Done","data":{"requestid1":"242703","requestid2":""}}

2022-11-22 17:48:53 - [MESSAGE][INFO] - {"status":"Done","data":{"requestid1":"242703","requestid2":""}}

2022-11-22 17:48:53 - [TEST_STEP][PASSED] - delay(3): Delayed 3 second(s)

2022-11-22 17:48:56 - [MESSAGE][PASSED] - Delayed 3 second(s)

2022-11-22 17:48:56 - [TEST_STEP][PASSED] - scoring = sendRequest(findTestObject("EngineScore", ["response_searchME_kons":response_searchME_kons, "response_searchME_spouse":response_searchME_spouse])): Send request successfully

2022-11-22 17:48:56 - [MESSAGE][INFO] - HAR: D:\DMS\Engine Scoring\Reports\20221122_171227\Exclude KKB - DS\Scoring Individu - DS\20221122_171227\requests\main\577.har

2022-11-22 17:48:56 - [MESSAGE][PASSED] - Send request successfully

2022-11-22 17:48:56 - [TEST_STEP][PASSED] - verifyResponseStatusCode(scoring, 200): Verify response status code successfully

2022-11-22 17:48:56 - [MESSAGE][PASSED] - Verify response status code successfully

2022-11-22 17:48:56 - [TEST_STEP][PASSED] - response2 = scoring.getResponseText(): null

2022-11-22 17:48:56 - [TEST_STEP][PASSED] - markPassed("result service data ke : " + no): result service data ke : 289

2022-11-22 17:48:56 - [MESSAGE][PASSED] - result service data ke : 289

2022-11-22 17:48:56 - [TEST_STEP][PASSED] - logInfo($response2): {"result_konsumen":"Reject","result_pasangan":"","Final_result":"Reject","errorMessage":"","status":"Done"}

2022-11-22 17:48:56 - [MESSAGE][INFO] - {"result_konsumen":"Reject","result_pasangan":"","Final_result":"Reject","errorMessage":"","status":"Done"}

2022-11-22 17:48:56 - [TEST_STEP][PASSED] - verifyElementPropertyValue(scoring, "Final_result", final_result): Verify element property value successfully

2022-11-22 17:48:56 - [MESSAGE][PASSED] - Verify element property value successfully]]></system-out>
         <system-err><![CDATA[]]></system-err>
      </testcase>
      <testcase name="Test Cases/Engine_Scoring/Engine Scoring" time="6.194" classname="Test Cases/Engine_Scoring/Engine Scoring" status="PASSED">
         <system-out><![CDATA[2022-11-22 17:48:56 - [TEST_CASE][PASSED] - Test Cases/Engine_Scoring/Engine Scoring: Test Cases/Engine_Scoring/Engine Scoring

2022-11-22 17:48:57 - [TEST_STEP][PASSED] - markPassed("Variasi data ke : " + no): Variasi data ke : 290

2022-11-22 17:48:57 - [MESSAGE][PASSED] - Variasi data ke : 290

2022-11-22 17:48:57 - [TEST_STEP][PASSED] - req_data = sendRequest(findTestObject("Search_ME", ["MID":MID, "source":source, "ip":ip, "userid":userid, "branch":branch, "tipekons":tipekons, "marital":marital, "penjamin":penjamin, ... ])): Send request successfully

2022-11-22 17:48:59 - [MESSAGE][INFO] - HAR: D:\DMS\Engine Scoring\Reports\20221122_171227\Exclude KKB - DS\Scoring Individu - DS\20221122_171227\requests\main\578.har

2022-11-22 17:48:59 - [MESSAGE][PASSED] - Send request successfully

2022-11-22 17:48:59 - [TEST_STEP][PASSED] - slurper = new groovy.json.JsonSlurper(): null

2022-11-22 17:48:59 - [TEST_STEP][PASSED] - result = slurper.parseText(req_data.getResponseBodyContent()): null

2022-11-22 17:48:59 - [TEST_STEP][PASSED] - reqid_kons = requestid1: null

2022-11-22 17:48:59 - [TEST_STEP][PASSED] - reqid_spouse = requestid2: null

2022-11-22 17:48:59 - [TEST_STEP][PASSED] - println("requestid kons : " + reqid_kons): null

2022-11-22 17:48:59 - [TEST_STEP][PASSED] - response_searchME_kons = reqid_kons: null

2022-11-22 17:48:59 - [TEST_STEP][PASSED] - response_searchME_spouse = reqid_spouse: null

2022-11-22 17:48:59 - [TEST_STEP][PASSED] - println("kons req id is :" + response_searchME_kons): null

2022-11-22 17:48:59 - [TEST_STEP][PASSED] - println("spouse req id is : " + response_searchME_spouse): null

2022-11-22 17:48:59 - [TEST_STEP][PASSED] - verifyResponseStatusCode(req_data, 200): Verify response status code successfully

2022-11-22 17:48:59 - [MESSAGE][PASSED] - Verify response status code successfully

2022-11-22 17:48:59 - [TEST_STEP][PASSED] - response = req_data.getResponseText(): null

2022-11-22 17:48:59 - [TEST_STEP][PASSED] - logInfo($response): {"status":"Done","data":{"requestid1":"242704","requestid2":""}}

2022-11-22 17:48:59 - [MESSAGE][INFO] - {"status":"Done","data":{"requestid1":"242704","requestid2":""}}

2022-11-22 17:48:59 - [TEST_STEP][PASSED] - delay(3): Delayed 3 second(s)

2022-11-22 17:49:02 - [MESSAGE][PASSED] - Delayed 3 second(s)

2022-11-22 17:49:02 - [TEST_STEP][PASSED] - scoring = sendRequest(findTestObject("EngineScore", ["response_searchME_kons":response_searchME_kons, "response_searchME_spouse":response_searchME_spouse])): Send request successfully

2022-11-22 17:49:02 - [MESSAGE][INFO] - HAR: D:\DMS\Engine Scoring\Reports\20221122_171227\Exclude KKB - DS\Scoring Individu - DS\20221122_171227\requests\main\579.har

2022-11-22 17:49:02 - [MESSAGE][PASSED] - Send request successfully

2022-11-22 17:49:02 - [TEST_STEP][PASSED] - verifyResponseStatusCode(scoring, 200): Verify response status code successfully

2022-11-22 17:49:02 - [MESSAGE][PASSED] - Verify response status code successfully

2022-11-22 17:49:02 - [TEST_STEP][PASSED] - response2 = scoring.getResponseText(): null

2022-11-22 17:49:02 - [TEST_STEP][PASSED] - markPassed("result service data ke : " + no): result service data ke : 290

2022-11-22 17:49:02 - [MESSAGE][PASSED] - result service data ke : 290

2022-11-22 17:49:02 - [TEST_STEP][PASSED] - logInfo($response2): {"result_konsumen":"Reject","result_pasangan":"","Final_result":"Reject","errorMessage":"","status":"Done"}

2022-11-22 17:49:02 - [MESSAGE][INFO] - {"result_konsumen":"Reject","result_pasangan":"","Final_result":"Reject","errorMessage":"","status":"Done"}

2022-11-22 17:49:02 - [TEST_STEP][PASSED] - verifyElementPropertyValue(scoring, "Final_result", final_result): Verify element property value successfully

2022-11-22 17:49:02 - [MESSAGE][PASSED] - Verify element property value successfully]]></system-out>
         <system-err><![CDATA[]]></system-err>
      </testcase>
      <testcase name="Test Cases/Engine_Scoring/Engine Scoring" time="6.356" classname="Test Cases/Engine_Scoring/Engine Scoring" status="PASSED">
         <system-out><![CDATA[2022-11-22 17:49:02 - [TEST_CASE][PASSED] - Test Cases/Engine_Scoring/Engine Scoring: Test Cases/Engine_Scoring/Engine Scoring

2022-11-22 17:49:04 - [TEST_STEP][PASSED] - markPassed("Variasi data ke : " + no): Variasi data ke : 291

2022-11-22 17:49:04 - [MESSAGE][PASSED] - Variasi data ke : 291

2022-11-22 17:49:04 - [TEST_STEP][PASSED] - req_data = sendRequest(findTestObject("Search_ME", ["MID":MID, "source":source, "ip":ip, "userid":userid, "branch":branch, "tipekons":tipekons, "marital":marital, "penjamin":penjamin, ... ])): Send request successfully

2022-11-22 17:49:05 - [MESSAGE][INFO] - HAR: D:\DMS\Engine Scoring\Reports\20221122_171227\Exclude KKB - DS\Scoring Individu - DS\20221122_171227\requests\main\580.har

2022-11-22 17:49:05 - [MESSAGE][PASSED] - Send request successfully

2022-11-22 17:49:05 - [TEST_STEP][PASSED] - slurper = new groovy.json.JsonSlurper(): null

2022-11-22 17:49:05 - [TEST_STEP][PASSED] - result = slurper.parseText(req_data.getResponseBodyContent()): null

2022-11-22 17:49:05 - [TEST_STEP][PASSED] - reqid_kons = requestid1: null

2022-11-22 17:49:05 - [TEST_STEP][PASSED] - reqid_spouse = requestid2: null

2022-11-22 17:49:05 - [TEST_STEP][PASSED] - println("requestid kons : " + reqid_kons): null

2022-11-22 17:49:05 - [TEST_STEP][PASSED] - response_searchME_kons = reqid_kons: null

2022-11-22 17:49:05 - [TEST_STEP][PASSED] - response_searchME_spouse = reqid_spouse: null

2022-11-22 17:49:05 - [TEST_STEP][PASSED] - println("kons req id is :" + response_searchME_kons): null

2022-11-22 17:49:05 - [TEST_STEP][PASSED] - println("spouse req id is : " + response_searchME_spouse): null

2022-11-22 17:49:05 - [TEST_STEP][PASSED] - verifyResponseStatusCode(req_data, 200): Verify response status code successfully

2022-11-22 17:49:05 - [MESSAGE][PASSED] - Verify response status code successfully

2022-11-22 17:49:05 - [TEST_STEP][PASSED] - response = req_data.getResponseText(): null

2022-11-22 17:49:05 - [TEST_STEP][PASSED] - logInfo($response): {"status":"Done","data":{"requestid1":"242705","requestid2":""}}

2022-11-22 17:49:05 - [MESSAGE][INFO] - {"status":"Done","data":{"requestid1":"242705","requestid2":""}}

2022-11-22 17:49:05 - [TEST_STEP][PASSED] - delay(3): Delayed 3 second(s)

2022-11-22 17:49:08 - [MESSAGE][PASSED] - Delayed 3 second(s)

2022-11-22 17:49:08 - [TEST_STEP][PASSED] - scoring = sendRequest(findTestObject("EngineScore", ["response_searchME_kons":response_searchME_kons, "response_searchME_spouse":response_searchME_spouse])): Send request successfully

2022-11-22 17:49:08 - [MESSAGE][INFO] - HAR: D:\DMS\Engine Scoring\Reports\20221122_171227\Exclude KKB - DS\Scoring Individu - DS\20221122_171227\requests\main\581.har

2022-11-22 17:49:08 - [MESSAGE][PASSED] - Send request successfully

2022-11-22 17:49:08 - [TEST_STEP][PASSED] - verifyResponseStatusCode(scoring, 200): Verify response status code successfully

2022-11-22 17:49:08 - [MESSAGE][PASSED] - Verify response status code successfully

2022-11-22 17:49:09 - [TEST_STEP][PASSED] - response2 = scoring.getResponseText(): null

2022-11-22 17:49:09 - [TEST_STEP][PASSED] - markPassed("result service data ke : " + no): result service data ke : 291

2022-11-22 17:49:09 - [MESSAGE][PASSED] - result service data ke : 291

2022-11-22 17:49:09 - [TEST_STEP][PASSED] - logInfo($response2): {"result_konsumen":"Reject","result_pasangan":"","Final_result":"Reject","errorMessage":"","status":"Done"}

2022-11-22 17:49:09 - [MESSAGE][INFO] - {"result_konsumen":"Reject","result_pasangan":"","Final_result":"Reject","errorMessage":"","status":"Done"}

2022-11-22 17:49:09 - [TEST_STEP][PASSED] - verifyElementPropertyValue(scoring, "Final_result", final_result): Verify element property value successfully

2022-11-22 17:49:09 - [MESSAGE][PASSED] - Verify element property value successfully]]></system-out>
         <system-err><![CDATA[]]></system-err>
      </testcase>
      <system-out><![CDATA[2022-11-22 17:12:37 - [TEST_SUITE][FAILED] - Scoring Individu - DS: Test Cases/Engine_Scoring/Engine Scoring FAILED.
Reason:
com.kms.katalon.core.exception.StepFailedException: Expected element property value 'Approve' is not equal with actual property value 'Reguler'
	at com.kms.katalon.core.keyword.internal.KeywordMain.stepFailed(KeywordMain.groovy:50)
	at com.kms.katalon.core.webservice.keyword.builtin.VerifyElementPropertyValueKeyword$_verifyElementPropertyValue_closure1.doCall(VerifyElementPropertyValueKeyword.groovy:56)
	at com.kms.katalon.core.webservice.keyword.builtin.VerifyElementPropertyValueKeyword$_verifyElementPropertyValue_closure1.call(VerifyElementPropertyValueKeyword.groovy)
	at com.kms.katalon.core.keyword.internal.KeywordMain.runKeyword(KeywordMain.groovy:74)
	at com.kms.katalon.core.webservice.keyword.builtin.VerifyElementPropertyValueKeyword.verifyElementPropertyValue(VerifyElementPropertyValueKeyword.groovy:48)
	at com.kms.katalon.core.webservice.keyword.builtin.VerifyElementPropertyValueKeyword.execute(VerifyElementPropertyValueKeyword.groovy:43)
	at com.kms.katalon.core.keyword.internal.KeywordExecutor.executeKeywordForPlatform(KeywordExecutor.groovy:74)
	at com.kms.katalon.core.webservice.keyword.WSBuiltInKeywords.verifyElementPropertyValue(WSBuiltInKeywords.groovy:189)
	at com.kms.katalon.core.webservice.keyword.WSBuiltInKeywords$verifyElementPropertyValue$1.call(Unknown Source)
	at Engine Scoring.run(Engine Scoring:107)
	at com.kms.katalon.core.main.ScriptEngine.run(ScriptEngine.java:194)
	at com.kms.katalon.core.main.ScriptEngine.runScriptAsRawText(ScriptEngine.java:119)
	at com.kms.katalon.core.main.TestCaseExecutor.runScript(TestCaseExecutor.java:442)
	at com.kms.katalon.core.main.TestCaseExecutor.doExecute(TestCaseExecutor.java:433)
	at com.kms.katalon.core.main.TestCaseExecutor.processExecutionPhase(TestCaseExecutor.java:412)
	at com.kms.katalon.core.main.TestCaseExecutor.accessMainPhase(TestCaseExecutor.java:404)
	at com.kms.katalon.core.main.TestCaseExecutor.execute(TestCaseExecutor.java:281)
	at com.kms.katalon.core.main.TestSuiteExecutor.accessTestCaseMainPhase(TestSuiteExecutor.java:202)
	at com.kms.katalon.core.main.TestSuiteExecutor.accessTestSuiteMainPhase(TestSuiteExecutor.java:164)
	at com.kms.katalon.core.main.TestSuiteExecutor.execute(TestSuiteExecutor.java:105)
	at com.kms.katalon.core.main.TestCaseMain.startTestSuite(TestCaseMain.java:185)
	at com.kms.katalon.core.main.TestCaseMain$startTestSuite$0.call(Unknown Source)
	at TempTestSuite1669111947346.run(TempTestSuite1669111947346.groovy:36)]]></system-out>
      <system-err><![CDATA[2022-11-22 17:12:37 - [TEST_SUITE][FAILED] - Scoring Individu - DS: Test Cases/Engine_Scoring/Engine Scoring FAILED.
Reason:
com.kms.katalon.core.exception.StepFailedException: Expected element property value 'Approve' is not equal with actual property value 'Reguler'
	at com.kms.katalon.core.keyword.internal.KeywordMain.stepFailed(KeywordMain.groovy:50)
	at com.kms.katalon.core.webservice.keyword.builtin.VerifyElementPropertyValueKeyword$_verifyElementPropertyValue_closure1.doCall(VerifyElementPropertyValueKeyword.groovy:56)
	at com.kms.katalon.core.webservice.keyword.builtin.VerifyElementPropertyValueKeyword$_verifyElementPropertyValue_closure1.call(VerifyElementPropertyValueKeyword.groovy)
	at com.kms.katalon.core.keyword.internal.KeywordMain.runKeyword(KeywordMain.groovy:74)
	at com.kms.katalon.core.webservice.keyword.builtin.VerifyElementPropertyValueKeyword.verifyElementPropertyValue(VerifyElementPropertyValueKeyword.groovy:48)
	at com.kms.katalon.core.webservice.keyword.builtin.VerifyElementPropertyValueKeyword.execute(VerifyElementPropertyValueKeyword.groovy:43)
	at com.kms.katalon.core.keyword.internal.KeywordExecutor.executeKeywordForPlatform(KeywordExecutor.groovy:74)
	at com.kms.katalon.core.webservice.keyword.WSBuiltInKeywords.verifyElementPropertyValue(WSBuiltInKeywords.groovy:189)
	at com.kms.katalon.core.webservice.keyword.WSBuiltInKeywords$verifyElementPropertyValue$1.call(Unknown Source)
	at Engine Scoring.run(Engine Scoring:107)
	at com.kms.katalon.core.main.ScriptEngine.run(ScriptEngine.java:194)
	at com.kms.katalon.core.main.ScriptEngine.runScriptAsRawText(ScriptEngine.java:119)
	at com.kms.katalon.core.main.TestCaseExecutor.runScript(TestCaseExecutor.java:442)
	at com.kms.katalon.core.main.TestCaseExecutor.doExecute(TestCaseExecutor.java:433)
	at com.kms.katalon.core.main.TestCaseExecutor.processExecutionPhase(TestCaseExecutor.java:412)
	at com.kms.katalon.core.main.TestCaseExecutor.accessMainPhase(TestCaseExecutor.java:404)
	at com.kms.katalon.core.main.TestCaseExecutor.execute(TestCaseExecutor.java:281)
	at com.kms.katalon.core.main.TestSuiteExecutor.accessTestCaseMainPhase(TestSuiteExecutor.java:202)
	at com.kms.katalon.core.main.TestSuiteExecutor.accessTestSuiteMainPhase(TestSuiteExecutor.java:164)
	at com.kms.katalon.core.main.TestSuiteExecutor.execute(TestSuiteExecutor.java:105)
	at com.kms.katalon.core.main.TestCaseMain.startTestSuite(TestCaseMain.java:185)
	at com.kms.katalon.core.main.TestCaseMain$startTestSuite$0.call(Unknown Source)
	at TempTestSuite1669111947346.run(TempTestSuite1669111947346.groovy:36)]]></system-err>
   </testsuite>
</testsuites>
