<?xml version="1.0" encoding="UTF-8"?>
<testsuites name="Scoring Married - KKB" time="702.53" tests="101" failures="0" errors="0">
   <testsuite name="Scoring Married - KKB" tests="101" failures="0" errors="0" time="702.53" skipped="0" timestamp="2022-11-24 16:58:25" hostname="bcafmaster - WPI20220318001.bcaf.co.id" id="Test Suites/Exclude KKB - DS - Married/Scoring Married - KKB">
      <properties>
         <property name="deviceName" value=""/>
         <property name="devicePlatform" value=""/>
         <property name="logFolder" value="D:\\DMS\\Engine Scoring\\Reports\\20221124_165818\\Exclude KKB - DS - Married\\Scoring Married - KKB\\20221124_165818"/>
         <property name="logFiles" value="D:\\DMS\\Engine Scoring\\Reports\\20221124_165818\\Exclude KKB - DS - Married\\Scoring Married - KKB\\20221124_165818\\execution0.log, D:\\DMS\\Engine Scoring\\Reports\\20221124_165818\\Exclude KKB - DS - Married\\Scoring Married - KKB\\20221124_165818\\execution1.log"/>
         <property name="attachments" value=""/>
         <property name="hostName" value="bcafmaster - WPI20220318001.bcaf.co.id"/>
         <property name="hostAddress" value="10.10.8.57"/>
         <property name="os" value="Windows 10 64bit"/>
         <property name="katalonVersion" value="8.2.5.208"/>
      </properties>
      <testcase name="Test Cases/Engine_Scoring/Engine Scoring" time="8.29" classname="Test Cases/Engine_Scoring/Engine Scoring" status="PASSED">
         <system-out><![CDATA[2022-11-24 16:58:25 - [TEST_CASE][PASSED] - Test Cases/Engine_Scoring/Engine Scoring: Test Cases/Engine_Scoring/Engine Scoring

2022-11-24 16:58:27 - [TEST_STEP][PASSED] - markPassed("Variasi data ke : " + no): Variasi data ke : 100

2022-11-24 16:58:27 - [MESSAGE][PASSED] - Variasi data ke : 100

2022-11-24 16:58:27 - [TEST_STEP][PASSED] - req_data = sendRequest(findTestObject("Search_ME", ["MID":MID, "source":source, "ip":ip, "userid":userid, "branch":branch, "tipekons":tipekons, "marital":marital, "penjamin":penjamin, ... ])): Send request successfully

2022-11-24 16:58:28 - [MESSAGE][INFO] - HAR: D:\DMS\Engine Scoring\Reports\20221124_165818\Exclude KKB - DS - Married\Scoring Married - KKB\20221124_165818\requests\main\0.har

2022-11-24 16:58:28 - [MESSAGE][PASSED] - Send request successfully

2022-11-24 16:58:28 - [TEST_STEP][PASSED] - slurper = new groovy.json.JsonSlurper(): null

2022-11-24 16:58:28 - [TEST_STEP][PASSED] - result = slurper.parseText(req_data.getResponseBodyContent()): null

2022-11-24 16:58:28 - [TEST_STEP][PASSED] - reqid_kons = requestid1: null

2022-11-24 16:58:28 - [TEST_STEP][PASSED] - reqid_spouse = requestid2: null

2022-11-24 16:58:28 - [TEST_STEP][PASSED] - println("requestid kons : " + reqid_kons): null

2022-11-24 16:58:28 - [TEST_STEP][PASSED] - response_searchME_kons = reqid_kons: null

2022-11-24 16:58:28 - [TEST_STEP][PASSED] - response_searchME_spouse = reqid_spouse: null

2022-11-24 16:58:28 - [TEST_STEP][PASSED] - println("kons req id is :" + response_searchME_kons): null

2022-11-24 16:58:28 - [TEST_STEP][PASSED] - println("spouse req id is : " + response_searchME_spouse): null

2022-11-24 16:58:28 - [TEST_STEP][PASSED] - verifyResponseStatusCode(req_data, 200): Verify response status code successfully

2022-11-24 16:58:28 - [MESSAGE][PASSED] - Verify response status code successfully

2022-11-24 16:58:28 - [TEST_STEP][PASSED] - response = req_data.getResponseText(): null

2022-11-24 16:58:28 - [TEST_STEP][PASSED] - logInfo($response): {"status":"Done","data":{"requestid1":"254058","requestid2":"254059"}}

2022-11-24 16:58:28 - [MESSAGE][INFO] - {"status":"Done","data":{"requestid1":"254058","requestid2":"254059"}}

2022-11-24 16:58:28 - [TEST_STEP][PASSED] - delay(5): Delayed 5 second(s)

2022-11-24 16:58:33 - [MESSAGE][PASSED] - Delayed 5 second(s)

2022-11-24 16:58:33 - [TEST_STEP][PASSED] - scoring = sendRequest(findTestObject("EngineScore", ["response_searchME_kons":response_searchME_kons, "response_searchME_spouse":response_searchME_spouse])): Send request successfully

2022-11-24 16:58:33 - [MESSAGE][INFO] - HAR: D:\DMS\Engine Scoring\Reports\20221124_165818\Exclude KKB - DS - Married\Scoring Married - KKB\20221124_165818\requests\main\1.har

2022-11-24 16:58:33 - [MESSAGE][PASSED] - Send request successfully

2022-11-24 16:58:33 - [TEST_STEP][PASSED] - verifyResponseStatusCode(scoring, 200): Verify response status code successfully

2022-11-24 16:58:33 - [MESSAGE][PASSED] - Verify response status code successfully

2022-11-24 16:58:33 - [TEST_STEP][PASSED] - response2 = scoring.getResponseText(): null

2022-11-24 16:58:33 - [TEST_STEP][PASSED] - markPassed("result service data ke : " + no): result service data ke : 100

2022-11-24 16:58:33 - [MESSAGE][PASSED] - result service data ke : 100

2022-11-24 16:58:33 - [TEST_STEP][PASSED] - logInfo($response2): {"result_konsumen":"Reguler","result_pasangan":"Reject","Final_result":"Reject","errorMessage":"","status":"Done"}

2022-11-24 16:58:33 - [MESSAGE][INFO] - {"result_konsumen":"Reguler","result_pasangan":"Reject","Final_result":"Reject","errorMessage":"","status":"Done"}

2022-11-24 16:58:33 - [TEST_STEP][PASSED] - verifyElementPropertyValue(scoring, "Final_result", final_result): Verify element property value successfully

2022-11-24 16:58:33 - [MESSAGE][PASSED] - Verify element property value successfully]]></system-out>
         <system-err><![CDATA[]]></system-err>
      </testcase>
      <testcase name="Test Cases/Engine_Scoring/Engine Scoring" time="6.89" classname="Test Cases/Engine_Scoring/Engine Scoring" status="PASSED">
         <system-out><![CDATA[2022-11-24 16:58:33 - [TEST_CASE][PASSED] - Test Cases/Engine_Scoring/Engine Scoring: Test Cases/Engine_Scoring/Engine Scoring

2022-11-24 16:58:34 - [TEST_STEP][PASSED] - markPassed("Variasi data ke : " + no): Variasi data ke : 101

2022-11-24 16:58:34 - [MESSAGE][PASSED] - Variasi data ke : 101

2022-11-24 16:58:34 - [TEST_STEP][PASSED] - req_data = sendRequest(findTestObject("Search_ME", ["MID":MID, "source":source, "ip":ip, "userid":userid, "branch":branch, "tipekons":tipekons, "marital":marital, "penjamin":penjamin, ... ])): Send request successfully

2022-11-24 16:58:35 - [MESSAGE][INFO] - HAR: D:\DMS\Engine Scoring\Reports\20221124_165818\Exclude KKB - DS - Married\Scoring Married - KKB\20221124_165818\requests\main\2.har

2022-11-24 16:58:35 - [MESSAGE][PASSED] - Send request successfully

2022-11-24 16:58:35 - [TEST_STEP][PASSED] - slurper = new groovy.json.JsonSlurper(): null

2022-11-24 16:58:35 - [TEST_STEP][PASSED] - result = slurper.parseText(req_data.getResponseBodyContent()): null

2022-11-24 16:58:35 - [TEST_STEP][PASSED] - reqid_kons = requestid1: null

2022-11-24 16:58:35 - [TEST_STEP][PASSED] - reqid_spouse = requestid2: null

2022-11-24 16:58:35 - [TEST_STEP][PASSED] - println("requestid kons : " + reqid_kons): null

2022-11-24 16:58:35 - [TEST_STEP][PASSED] - response_searchME_kons = reqid_kons: null

2022-11-24 16:58:35 - [TEST_STEP][PASSED] - response_searchME_spouse = reqid_spouse: null

2022-11-24 16:58:35 - [TEST_STEP][PASSED] - println("kons req id is :" + response_searchME_kons): null

2022-11-24 16:58:35 - [TEST_STEP][PASSED] - println("spouse req id is : " + response_searchME_spouse): null

2022-11-24 16:58:35 - [TEST_STEP][PASSED] - verifyResponseStatusCode(req_data, 200): Verify response status code successfully

2022-11-24 16:58:35 - [MESSAGE][PASSED] - Verify response status code successfully

2022-11-24 16:58:35 - [TEST_STEP][PASSED] - response = req_data.getResponseText(): null

2022-11-24 16:58:35 - [TEST_STEP][PASSED] - logInfo($response): {"status":"Done","data":{"requestid1":"254060","requestid2":"254061"}}

2022-11-24 16:58:35 - [MESSAGE][INFO] - {"status":"Done","data":{"requestid1":"254060","requestid2":"254061"}}

2022-11-24 16:58:35 - [TEST_STEP][PASSED] - delay(5): Delayed 5 second(s)

2022-11-24 16:58:40 - [MESSAGE][PASSED] - Delayed 5 second(s)

2022-11-24 16:58:40 - [TEST_STEP][PASSED] - scoring = sendRequest(findTestObject("EngineScore", ["response_searchME_kons":response_searchME_kons, "response_searchME_spouse":response_searchME_spouse])): Send request successfully

2022-11-24 16:58:40 - [MESSAGE][INFO] - HAR: D:\DMS\Engine Scoring\Reports\20221124_165818\Exclude KKB - DS - Married\Scoring Married - KKB\20221124_165818\requests\main\3.har

2022-11-24 16:58:40 - [MESSAGE][PASSED] - Send request successfully

2022-11-24 16:58:40 - [TEST_STEP][PASSED] - verifyResponseStatusCode(scoring, 200): Verify response status code successfully

2022-11-24 16:58:40 - [MESSAGE][PASSED] - Verify response status code successfully

2022-11-24 16:58:40 - [TEST_STEP][PASSED] - response2 = scoring.getResponseText(): null

2022-11-24 16:58:40 - [TEST_STEP][PASSED] - markPassed("result service data ke : " + no): result service data ke : 101

2022-11-24 16:58:40 - [MESSAGE][PASSED] - result service data ke : 101

2022-11-24 16:58:40 - [TEST_STEP][PASSED] - logInfo($response2): {"result_konsumen":"Reguler","result_pasangan":"Reject","Final_result":"Reject","errorMessage":"","status":"Done"}

2022-11-24 16:58:40 - [MESSAGE][INFO] - {"result_konsumen":"Reguler","result_pasangan":"Reject","Final_result":"Reject","errorMessage":"","status":"Done"}

2022-11-24 16:58:40 - [TEST_STEP][PASSED] - verifyElementPropertyValue(scoring, "Final_result", final_result): Verify element property value successfully

2022-11-24 16:58:40 - [MESSAGE][PASSED] - Verify element property value successfully]]></system-out>
         <system-err><![CDATA[]]></system-err>
      </testcase>
      <testcase name="Test Cases/Engine_Scoring/Engine Scoring" time="6.728" classname="Test Cases/Engine_Scoring/Engine Scoring" status="PASSED">
         <system-out><![CDATA[2022-11-24 16:58:40 - [TEST_CASE][PASSED] - Test Cases/Engine_Scoring/Engine Scoring: Test Cases/Engine_Scoring/Engine Scoring

2022-11-24 16:58:41 - [TEST_STEP][PASSED] - markPassed("Variasi data ke : " + no): Variasi data ke : 102

2022-11-24 16:58:41 - [MESSAGE][PASSED] - Variasi data ke : 102

2022-11-24 16:58:41 - [TEST_STEP][PASSED] - req_data = sendRequest(findTestObject("Search_ME", ["MID":MID, "source":source, "ip":ip, "userid":userid, "branch":branch, "tipekons":tipekons, "marital":marital, "penjamin":penjamin, ... ])): Send request successfully

2022-11-24 16:58:42 - [MESSAGE][INFO] - HAR: D:\DMS\Engine Scoring\Reports\20221124_165818\Exclude KKB - DS - Married\Scoring Married - KKB\20221124_165818\requests\main\4.har

2022-11-24 16:58:42 - [MESSAGE][PASSED] - Send request successfully

2022-11-24 16:58:42 - [TEST_STEP][PASSED] - slurper = new groovy.json.JsonSlurper(): null

2022-11-24 16:58:42 - [TEST_STEP][PASSED] - result = slurper.parseText(req_data.getResponseBodyContent()): null

2022-11-24 16:58:42 - [TEST_STEP][PASSED] - reqid_kons = requestid1: null

2022-11-24 16:58:42 - [TEST_STEP][PASSED] - reqid_spouse = requestid2: null

2022-11-24 16:58:42 - [TEST_STEP][PASSED] - println("requestid kons : " + reqid_kons): null

2022-11-24 16:58:42 - [TEST_STEP][PASSED] - response_searchME_kons = reqid_kons: null

2022-11-24 16:58:42 - [TEST_STEP][PASSED] - response_searchME_spouse = reqid_spouse: null

2022-11-24 16:58:42 - [TEST_STEP][PASSED] - println("kons req id is :" + response_searchME_kons): null

2022-11-24 16:58:42 - [TEST_STEP][PASSED] - println("spouse req id is : " + response_searchME_spouse): null

2022-11-24 16:58:42 - [TEST_STEP][PASSED] - verifyResponseStatusCode(req_data, 200): Verify response status code successfully

2022-11-24 16:58:42 - [MESSAGE][PASSED] - Verify response status code successfully

2022-11-24 16:58:42 - [TEST_STEP][PASSED] - response = req_data.getResponseText(): null

2022-11-24 16:58:42 - [TEST_STEP][PASSED] - logInfo($response): {"status":"Done","data":{"requestid1":"254062","requestid2":"254063"}}

2022-11-24 16:58:42 - [MESSAGE][INFO] - {"status":"Done","data":{"requestid1":"254062","requestid2":"254063"}}

2022-11-24 16:58:42 - [TEST_STEP][PASSED] - delay(5): Delayed 5 second(s)

2022-11-24 16:58:47 - [MESSAGE][PASSED] - Delayed 5 second(s)

2022-11-24 16:58:47 - [TEST_STEP][PASSED] - scoring = sendRequest(findTestObject("EngineScore", ["response_searchME_kons":response_searchME_kons, "response_searchME_spouse":response_searchME_spouse])): Send request successfully

2022-11-24 16:58:47 - [MESSAGE][INFO] - HAR: D:\DMS\Engine Scoring\Reports\20221124_165818\Exclude KKB - DS - Married\Scoring Married - KKB\20221124_165818\requests\main\5.har

2022-11-24 16:58:47 - [MESSAGE][PASSED] - Send request successfully

2022-11-24 16:58:47 - [TEST_STEP][PASSED] - verifyResponseStatusCode(scoring, 200): Verify response status code successfully

2022-11-24 16:58:47 - [MESSAGE][PASSED] - Verify response status code successfully

2022-11-24 16:58:47 - [TEST_STEP][PASSED] - response2 = scoring.getResponseText(): null

2022-11-24 16:58:47 - [TEST_STEP][PASSED] - markPassed("result service data ke : " + no): result service data ke : 102

2022-11-24 16:58:47 - [MESSAGE][PASSED] - result service data ke : 102

2022-11-24 16:58:47 - [TEST_STEP][PASSED] - logInfo($response2): {"result_konsumen":"Reguler","result_pasangan":"Reject","Final_result":"Reject","errorMessage":"","status":"Done"}

2022-11-24 16:58:47 - [MESSAGE][INFO] - {"result_konsumen":"Reguler","result_pasangan":"Reject","Final_result":"Reject","errorMessage":"","status":"Done"}

2022-11-24 16:58:47 - [TEST_STEP][PASSED] - verifyElementPropertyValue(scoring, "Final_result", final_result): Verify element property value successfully

2022-11-24 16:58:47 - [MESSAGE][PASSED] - Verify element property value successfully]]></system-out>
         <system-err><![CDATA[]]></system-err>
      </testcase>
      <testcase name="Test Cases/Engine_Scoring/Engine Scoring" time="6.657" classname="Test Cases/Engine_Scoring/Engine Scoring" status="PASSED">
         <system-out><![CDATA[2022-11-24 16:58:47 - [TEST_CASE][PASSED] - Test Cases/Engine_Scoring/Engine Scoring: Test Cases/Engine_Scoring/Engine Scoring

2022-11-24 16:58:48 - [TEST_STEP][PASSED] - markPassed("Variasi data ke : " + no): Variasi data ke : 103

2022-11-24 16:58:48 - [MESSAGE][PASSED] - Variasi data ke : 103

2022-11-24 16:58:48 - [TEST_STEP][PASSED] - req_data = sendRequest(findTestObject("Search_ME", ["MID":MID, "source":source, "ip":ip, "userid":userid, "branch":branch, "tipekons":tipekons, "marital":marital, "penjamin":penjamin, ... ])): Send request successfully

2022-11-24 16:58:49 - [MESSAGE][INFO] - HAR: D:\DMS\Engine Scoring\Reports\20221124_165818\Exclude KKB - DS - Married\Scoring Married - KKB\20221124_165818\requests\main\6.har

2022-11-24 16:58:49 - [MESSAGE][PASSED] - Send request successfully

2022-11-24 16:58:49 - [TEST_STEP][PASSED] - slurper = new groovy.json.JsonSlurper(): null

2022-11-24 16:58:49 - [TEST_STEP][PASSED] - result = slurper.parseText(req_data.getResponseBodyContent()): null

2022-11-24 16:58:49 - [TEST_STEP][PASSED] - reqid_kons = requestid1: null

2022-11-24 16:58:49 - [TEST_STEP][PASSED] - reqid_spouse = requestid2: null

2022-11-24 16:58:49 - [TEST_STEP][PASSED] - println("requestid kons : " + reqid_kons): null

2022-11-24 16:58:49 - [TEST_STEP][PASSED] - response_searchME_kons = reqid_kons: null

2022-11-24 16:58:49 - [TEST_STEP][PASSED] - response_searchME_spouse = reqid_spouse: null

2022-11-24 16:58:49 - [TEST_STEP][PASSED] - println("kons req id is :" + response_searchME_kons): null

2022-11-24 16:58:49 - [TEST_STEP][PASSED] - println("spouse req id is : " + response_searchME_spouse): null

2022-11-24 16:58:49 - [TEST_STEP][PASSED] - verifyResponseStatusCode(req_data, 200): Verify response status code successfully

2022-11-24 16:58:49 - [MESSAGE][PASSED] - Verify response status code successfully

2022-11-24 16:58:49 - [TEST_STEP][PASSED] - response = req_data.getResponseText(): null

2022-11-24 16:58:49 - [TEST_STEP][PASSED] - logInfo($response): {"status":"Done","data":{"requestid1":"254064","requestid2":"254065"}}

2022-11-24 16:58:49 - [MESSAGE][INFO] - {"status":"Done","data":{"requestid1":"254064","requestid2":"254065"}}

2022-11-24 16:58:49 - [TEST_STEP][PASSED] - delay(5): Delayed 5 second(s)

2022-11-24 16:58:54 - [MESSAGE][PASSED] - Delayed 5 second(s)

2022-11-24 16:58:54 - [TEST_STEP][PASSED] - scoring = sendRequest(findTestObject("EngineScore", ["response_searchME_kons":response_searchME_kons, "response_searchME_spouse":response_searchME_spouse])): Send request successfully

2022-11-24 16:58:54 - [MESSAGE][INFO] - HAR: D:\DMS\Engine Scoring\Reports\20221124_165818\Exclude KKB - DS - Married\Scoring Married - KKB\20221124_165818\requests\main\7.har

2022-11-24 16:58:54 - [MESSAGE][PASSED] - Send request successfully

2022-11-24 16:58:54 - [TEST_STEP][PASSED] - verifyResponseStatusCode(scoring, 200): Verify response status code successfully

2022-11-24 16:58:54 - [MESSAGE][PASSED] - Verify response status code successfully

2022-11-24 16:58:54 - [TEST_STEP][PASSED] - response2 = scoring.getResponseText(): null

2022-11-24 16:58:54 - [TEST_STEP][PASSED] - markPassed("result service data ke : " + no): result service data ke : 103

2022-11-24 16:58:54 - [MESSAGE][PASSED] - result service data ke : 103

2022-11-24 16:58:54 - [TEST_STEP][PASSED] - logInfo($response2): {"result_konsumen":"Reguler","result_pasangan":"Reject","Final_result":"Reject","errorMessage":"","status":"Done"}

2022-11-24 16:58:54 - [MESSAGE][INFO] - {"result_konsumen":"Reguler","result_pasangan":"Reject","Final_result":"Reject","errorMessage":"","status":"Done"}

2022-11-24 16:58:54 - [TEST_STEP][PASSED] - verifyElementPropertyValue(scoring, "Final_result", final_result): Verify element property value successfully

2022-11-24 16:58:54 - [MESSAGE][PASSED] - Verify element property value successfully]]></system-out>
         <system-err><![CDATA[]]></system-err>
      </testcase>
      <testcase name="Test Cases/Engine_Scoring/Engine Scoring" time="6.565" classname="Test Cases/Engine_Scoring/Engine Scoring" status="PASSED">
         <system-out><![CDATA[2022-11-24 16:58:54 - [TEST_CASE][PASSED] - Test Cases/Engine_Scoring/Engine Scoring: Test Cases/Engine_Scoring/Engine Scoring

2022-11-24 16:58:55 - [TEST_STEP][PASSED] - markPassed("Variasi data ke : " + no): Variasi data ke : 104

2022-11-24 16:58:55 - [MESSAGE][PASSED] - Variasi data ke : 104

2022-11-24 16:58:55 - [TEST_STEP][PASSED] - req_data = sendRequest(findTestObject("Search_ME", ["MID":MID, "source":source, "ip":ip, "userid":userid, "branch":branch, "tipekons":tipekons, "marital":marital, "penjamin":penjamin, ... ])): Send request successfully

2022-11-24 16:58:55 - [MESSAGE][INFO] - HAR: D:\DMS\Engine Scoring\Reports\20221124_165818\Exclude KKB - DS - Married\Scoring Married - KKB\20221124_165818\requests\main\8.har

2022-11-24 16:58:55 - [MESSAGE][PASSED] - Send request successfully

2022-11-24 16:58:55 - [TEST_STEP][PASSED] - slurper = new groovy.json.JsonSlurper(): null

2022-11-24 16:58:55 - [TEST_STEP][PASSED] - result = slurper.parseText(req_data.getResponseBodyContent()): null

2022-11-24 16:58:55 - [TEST_STEP][PASSED] - reqid_kons = requestid1: null

2022-11-24 16:58:55 - [TEST_STEP][PASSED] - reqid_spouse = requestid2: null

2022-11-24 16:58:55 - [TEST_STEP][PASSED] - println("requestid kons : " + reqid_kons): null

2022-11-24 16:58:55 - [TEST_STEP][PASSED] - response_searchME_kons = reqid_kons: null

2022-11-24 16:58:55 - [TEST_STEP][PASSED] - response_searchME_spouse = reqid_spouse: null

2022-11-24 16:58:55 - [TEST_STEP][PASSED] - println("kons req id is :" + response_searchME_kons): null

2022-11-24 16:58:55 - [TEST_STEP][PASSED] - println("spouse req id is : " + response_searchME_spouse): null

2022-11-24 16:58:55 - [TEST_STEP][PASSED] - verifyResponseStatusCode(req_data, 200): Verify response status code successfully

2022-11-24 16:58:55 - [MESSAGE][PASSED] - Verify response status code successfully

2022-11-24 16:58:55 - [TEST_STEP][PASSED] - response = req_data.getResponseText(): null

2022-11-24 16:58:55 - [TEST_STEP][PASSED] - logInfo($response): {"status":"Done","data":{"requestid1":"254066","requestid2":"254067"}}

2022-11-24 16:58:55 - [MESSAGE][INFO] - {"status":"Done","data":{"requestid1":"254066","requestid2":"254067"}}

2022-11-24 16:58:55 - [TEST_STEP][PASSED] - delay(5): Delayed 5 second(s)

2022-11-24 16:59:00 - [MESSAGE][PASSED] - Delayed 5 second(s)

2022-11-24 16:59:00 - [TEST_STEP][PASSED] - scoring = sendRequest(findTestObject("EngineScore", ["response_searchME_kons":response_searchME_kons, "response_searchME_spouse":response_searchME_spouse])): Send request successfully

2022-11-24 16:59:01 - [MESSAGE][INFO] - HAR: D:\DMS\Engine Scoring\Reports\20221124_165818\Exclude KKB - DS - Married\Scoring Married - KKB\20221124_165818\requests\main\9.har

2022-11-24 16:59:01 - [MESSAGE][PASSED] - Send request successfully

2022-11-24 16:59:01 - [TEST_STEP][PASSED] - verifyResponseStatusCode(scoring, 200): Verify response status code successfully

2022-11-24 16:59:01 - [MESSAGE][PASSED] - Verify response status code successfully

2022-11-24 16:59:01 - [TEST_STEP][PASSED] - response2 = scoring.getResponseText(): null

2022-11-24 16:59:01 - [TEST_STEP][PASSED] - markPassed("result service data ke : " + no): result service data ke : 104

2022-11-24 16:59:01 - [MESSAGE][PASSED] - result service data ke : 104

2022-11-24 16:59:01 - [TEST_STEP][PASSED] - logInfo($response2): {"result_konsumen":"Reguler","result_pasangan":"Reject","Final_result":"Reject","errorMessage":"","status":"Done"}

2022-11-24 16:59:01 - [MESSAGE][INFO] - {"result_konsumen":"Reguler","result_pasangan":"Reject","Final_result":"Reject","errorMessage":"","status":"Done"}

2022-11-24 16:59:01 - [TEST_STEP][PASSED] - verifyElementPropertyValue(scoring, "Final_result", final_result): Verify element property value successfully

2022-11-24 16:59:01 - [MESSAGE][PASSED] - Verify element property value successfully]]></system-out>
         <system-err><![CDATA[]]></system-err>
      </testcase>
      <testcase name="Test Cases/Engine_Scoring/Engine Scoring" time="6.757" classname="Test Cases/Engine_Scoring/Engine Scoring" status="PASSED">
         <system-out><![CDATA[2022-11-24 16:59:01 - [TEST_CASE][PASSED] - Test Cases/Engine_Scoring/Engine Scoring: Test Cases/Engine_Scoring/Engine Scoring

2022-11-24 16:59:01 - [TEST_STEP][PASSED] - markPassed("Variasi data ke : " + no): Variasi data ke : 105

2022-11-24 16:59:01 - [MESSAGE][PASSED] - Variasi data ke : 105

2022-11-24 16:59:01 - [TEST_STEP][PASSED] - req_data = sendRequest(findTestObject("Search_ME", ["MID":MID, "source":source, "ip":ip, "userid":userid, "branch":branch, "tipekons":tipekons, "marital":marital, "penjamin":penjamin, ... ])): Send request successfully

2022-11-24 16:59:02 - [MESSAGE][INFO] - HAR: D:\DMS\Engine Scoring\Reports\20221124_165818\Exclude KKB - DS - Married\Scoring Married - KKB\20221124_165818\requests\main\10.har

2022-11-24 16:59:02 - [MESSAGE][PASSED] - Send request successfully

2022-11-24 16:59:02 - [TEST_STEP][PASSED] - slurper = new groovy.json.JsonSlurper(): null

2022-11-24 16:59:02 - [TEST_STEP][PASSED] - result = slurper.parseText(req_data.getResponseBodyContent()): null

2022-11-24 16:59:02 - [TEST_STEP][PASSED] - reqid_kons = requestid1: null

2022-11-24 16:59:02 - [TEST_STEP][PASSED] - reqid_spouse = requestid2: null

2022-11-24 16:59:02 - [TEST_STEP][PASSED] - println("requestid kons : " + reqid_kons): null

2022-11-24 16:59:02 - [TEST_STEP][PASSED] - response_searchME_kons = reqid_kons: null

2022-11-24 16:59:02 - [TEST_STEP][PASSED] - response_searchME_spouse = reqid_spouse: null

2022-11-24 16:59:02 - [TEST_STEP][PASSED] - println("kons req id is :" + response_searchME_kons): null

2022-11-24 16:59:02 - [TEST_STEP][PASSED] - println("spouse req id is : " + response_searchME_spouse): null

2022-11-24 16:59:02 - [TEST_STEP][PASSED] - verifyResponseStatusCode(req_data, 200): Verify response status code successfully

2022-11-24 16:59:02 - [MESSAGE][PASSED] - Verify response status code successfully

2022-11-24 16:59:02 - [TEST_STEP][PASSED] - response = req_data.getResponseText(): null

2022-11-24 16:59:02 - [TEST_STEP][PASSED] - logInfo($response): {"status":"Done","data":{"requestid1":"254068","requestid2":"254069"}}

2022-11-24 16:59:02 - [MESSAGE][INFO] - {"status":"Done","data":{"requestid1":"254068","requestid2":"254069"}}

2022-11-24 16:59:02 - [TEST_STEP][PASSED] - delay(5): Delayed 5 second(s)

2022-11-24 16:59:07 - [MESSAGE][PASSED] - Delayed 5 second(s)

2022-11-24 16:59:07 - [TEST_STEP][PASSED] - scoring = sendRequest(findTestObject("EngineScore", ["response_searchME_kons":response_searchME_kons, "response_searchME_spouse":response_searchME_spouse])): Send request successfully

2022-11-24 16:59:07 - [MESSAGE][INFO] - HAR: D:\DMS\Engine Scoring\Reports\20221124_165818\Exclude KKB - DS - Married\Scoring Married - KKB\20221124_165818\requests\main\11.har

2022-11-24 16:59:07 - [MESSAGE][PASSED] - Send request successfully

2022-11-24 16:59:07 - [TEST_STEP][PASSED] - verifyResponseStatusCode(scoring, 200): Verify response status code successfully

2022-11-24 16:59:07 - [MESSAGE][PASSED] - Verify response status code successfully

2022-11-24 16:59:07 - [TEST_STEP][PASSED] - response2 = scoring.getResponseText(): null

2022-11-24 16:59:07 - [TEST_STEP][PASSED] - markPassed("result service data ke : " + no): result service data ke : 105

2022-11-24 16:59:07 - [MESSAGE][PASSED] - result service data ke : 105

2022-11-24 16:59:07 - [TEST_STEP][PASSED] - logInfo($response2): {"result_konsumen":"Reguler","result_pasangan":"Reject","Final_result":"Reject","errorMessage":"","status":"Done"}

2022-11-24 16:59:07 - [MESSAGE][INFO] - {"result_konsumen":"Reguler","result_pasangan":"Reject","Final_result":"Reject","errorMessage":"","status":"Done"}

2022-11-24 16:59:07 - [TEST_STEP][PASSED] - verifyElementPropertyValue(scoring, "Final_result", final_result): Verify element property value successfully

2022-11-24 16:59:07 - [MESSAGE][PASSED] - Verify element property value successfully]]></system-out>
         <system-err><![CDATA[]]></system-err>
      </testcase>
      <testcase name="Test Cases/Engine_Scoring/Engine Scoring" time="6.835" classname="Test Cases/Engine_Scoring/Engine Scoring" status="PASSED">
         <system-out><![CDATA[2022-11-24 16:59:07 - [TEST_CASE][PASSED] - Test Cases/Engine_Scoring/Engine Scoring: Test Cases/Engine_Scoring/Engine Scoring

2022-11-24 16:59:08 - [TEST_STEP][PASSED] - markPassed("Variasi data ke : " + no): Variasi data ke : 106

2022-11-24 16:59:08 - [MESSAGE][PASSED] - Variasi data ke : 106

2022-11-24 16:59:08 - [TEST_STEP][PASSED] - req_data = sendRequest(findTestObject("Search_ME", ["MID":MID, "source":source, "ip":ip, "userid":userid, "branch":branch, "tipekons":tipekons, "marital":marital, "penjamin":penjamin, ... ])): Send request successfully

2022-11-24 16:59:09 - [MESSAGE][INFO] - HAR: D:\DMS\Engine Scoring\Reports\20221124_165818\Exclude KKB - DS - Married\Scoring Married - KKB\20221124_165818\requests\main\12.har

2022-11-24 16:59:09 - [MESSAGE][PASSED] - Send request successfully

2022-11-24 16:59:09 - [TEST_STEP][PASSED] - slurper = new groovy.json.JsonSlurper(): null

2022-11-24 16:59:09 - [TEST_STEP][PASSED] - result = slurper.parseText(req_data.getResponseBodyContent()): null

2022-11-24 16:59:09 - [TEST_STEP][PASSED] - reqid_kons = requestid1: null

2022-11-24 16:59:09 - [TEST_STEP][PASSED] - reqid_spouse = requestid2: null

2022-11-24 16:59:09 - [TEST_STEP][PASSED] - println("requestid kons : " + reqid_kons): null

2022-11-24 16:59:09 - [TEST_STEP][PASSED] - response_searchME_kons = reqid_kons: null

2022-11-24 16:59:09 - [TEST_STEP][PASSED] - response_searchME_spouse = reqid_spouse: null

2022-11-24 16:59:09 - [TEST_STEP][PASSED] - println("kons req id is :" + response_searchME_kons): null

2022-11-24 16:59:09 - [TEST_STEP][PASSED] - println("spouse req id is : " + response_searchME_spouse): null

2022-11-24 16:59:09 - [TEST_STEP][PASSED] - verifyResponseStatusCode(req_data, 200): Verify response status code successfully

2022-11-24 16:59:09 - [MESSAGE][PASSED] - Verify response status code successfully

2022-11-24 16:59:09 - [TEST_STEP][PASSED] - response = req_data.getResponseText(): null

2022-11-24 16:59:09 - [TEST_STEP][PASSED] - logInfo($response): {"status":"Done","data":{"requestid1":"254070","requestid2":"254071"}}

2022-11-24 16:59:09 - [MESSAGE][INFO] - {"status":"Done","data":{"requestid1":"254070","requestid2":"254071"}}

2022-11-24 16:59:09 - [TEST_STEP][PASSED] - delay(5): Delayed 5 second(s)

2022-11-24 16:59:14 - [MESSAGE][PASSED] - Delayed 5 second(s)

2022-11-24 16:59:14 - [TEST_STEP][PASSED] - scoring = sendRequest(findTestObject("EngineScore", ["response_searchME_kons":response_searchME_kons, "response_searchME_spouse":response_searchME_spouse])): Send request successfully

2022-11-24 16:59:14 - [MESSAGE][INFO] - HAR: D:\DMS\Engine Scoring\Reports\20221124_165818\Exclude KKB - DS - Married\Scoring Married - KKB\20221124_165818\requests\main\13.har

2022-11-24 16:59:14 - [MESSAGE][PASSED] - Send request successfully

2022-11-24 16:59:14 - [TEST_STEP][PASSED] - verifyResponseStatusCode(scoring, 200): Verify response status code successfully

2022-11-24 16:59:14 - [MESSAGE][PASSED] - Verify response status code successfully

2022-11-24 16:59:14 - [TEST_STEP][PASSED] - response2 = scoring.getResponseText(): null

2022-11-24 16:59:14 - [TEST_STEP][PASSED] - markPassed("result service data ke : " + no): result service data ke : 106

2022-11-24 16:59:14 - [MESSAGE][PASSED] - result service data ke : 106

2022-11-24 16:59:14 - [TEST_STEP][PASSED] - logInfo($response2): {"result_konsumen":"Reguler","result_pasangan":"Reject","Final_result":"Reject","errorMessage":"","status":"Done"}

2022-11-24 16:59:14 - [MESSAGE][INFO] - {"result_konsumen":"Reguler","result_pasangan":"Reject","Final_result":"Reject","errorMessage":"","status":"Done"}

2022-11-24 16:59:14 - [TEST_STEP][PASSED] - verifyElementPropertyValue(scoring, "Final_result", final_result): Verify element property value successfully

2022-11-24 16:59:14 - [MESSAGE][PASSED] - Verify element property value successfully]]></system-out>
         <system-err><![CDATA[]]></system-err>
      </testcase>
      <testcase name="Test Cases/Engine_Scoring/Engine Scoring" time="6.567" classname="Test Cases/Engine_Scoring/Engine Scoring" status="PASSED">
         <system-out><![CDATA[2022-11-24 16:59:14 - [TEST_CASE][PASSED] - Test Cases/Engine_Scoring/Engine Scoring: Test Cases/Engine_Scoring/Engine Scoring

2022-11-24 16:59:15 - [TEST_STEP][PASSED] - markPassed("Variasi data ke : " + no): Variasi data ke : 107

2022-11-24 16:59:15 - [MESSAGE][PASSED] - Variasi data ke : 107

2022-11-24 16:59:15 - [TEST_STEP][PASSED] - req_data = sendRequest(findTestObject("Search_ME", ["MID":MID, "source":source, "ip":ip, "userid":userid, "branch":branch, "tipekons":tipekons, "marital":marital, "penjamin":penjamin, ... ])): Send request successfully

2022-11-24 16:59:16 - [MESSAGE][INFO] - HAR: D:\DMS\Engine Scoring\Reports\20221124_165818\Exclude KKB - DS - Married\Scoring Married - KKB\20221124_165818\requests\main\14.har

2022-11-24 16:59:16 - [MESSAGE][PASSED] - Send request successfully

2022-11-24 16:59:16 - [TEST_STEP][PASSED] - slurper = new groovy.json.JsonSlurper(): null

2022-11-24 16:59:16 - [TEST_STEP][PASSED] - result = slurper.parseText(req_data.getResponseBodyContent()): null

2022-11-24 16:59:16 - [TEST_STEP][PASSED] - reqid_kons = requestid1: null

2022-11-24 16:59:16 - [TEST_STEP][PASSED] - reqid_spouse = requestid2: null

2022-11-24 16:59:16 - [TEST_STEP][PASSED] - println("requestid kons : " + reqid_kons): null

2022-11-24 16:59:16 - [TEST_STEP][PASSED] - response_searchME_kons = reqid_kons: null

2022-11-24 16:59:16 - [TEST_STEP][PASSED] - response_searchME_spouse = reqid_spouse: null

2022-11-24 16:59:16 - [TEST_STEP][PASSED] - println("kons req id is :" + response_searchME_kons): null

2022-11-24 16:59:16 - [TEST_STEP][PASSED] - println("spouse req id is : " + response_searchME_spouse): null

2022-11-24 16:59:16 - [TEST_STEP][PASSED] - verifyResponseStatusCode(req_data, 200): Verify response status code successfully

2022-11-24 16:59:16 - [MESSAGE][PASSED] - Verify response status code successfully

2022-11-24 16:59:16 - [TEST_STEP][PASSED] - response = req_data.getResponseText(): null

2022-11-24 16:59:16 - [TEST_STEP][PASSED] - logInfo($response): {"status":"Done","data":{"requestid1":"254072","requestid2":"254073"}}

2022-11-24 16:59:16 - [MESSAGE][INFO] - {"status":"Done","data":{"requestid1":"254072","requestid2":"254073"}}

2022-11-24 16:59:16 - [TEST_STEP][PASSED] - delay(5): Delayed 5 second(s)

2022-11-24 16:59:21 - [MESSAGE][PASSED] - Delayed 5 second(s)

2022-11-24 16:59:21 - [TEST_STEP][PASSED] - scoring = sendRequest(findTestObject("EngineScore", ["response_searchME_kons":response_searchME_kons, "response_searchME_spouse":response_searchME_spouse])): Send request successfully

2022-11-24 16:59:21 - [MESSAGE][INFO] - HAR: D:\DMS\Engine Scoring\Reports\20221124_165818\Exclude KKB - DS - Married\Scoring Married - KKB\20221124_165818\requests\main\15.har

2022-11-24 16:59:21 - [MESSAGE][PASSED] - Send request successfully

2022-11-24 16:59:21 - [TEST_STEP][PASSED] - verifyResponseStatusCode(scoring, 200): Verify response status code successfully

2022-11-24 16:59:21 - [MESSAGE][PASSED] - Verify response status code successfully

2022-11-24 16:59:21 - [TEST_STEP][PASSED] - response2 = scoring.getResponseText(): null

2022-11-24 16:59:21 - [TEST_STEP][PASSED] - markPassed("result service data ke : " + no): result service data ke : 107

2022-11-24 16:59:21 - [MESSAGE][PASSED] - result service data ke : 107

2022-11-24 16:59:21 - [TEST_STEP][PASSED] - logInfo($response2): {"result_konsumen":"Reguler","result_pasangan":"Reject","Final_result":"Reject","errorMessage":"","status":"Done"}

2022-11-24 16:59:21 - [MESSAGE][INFO] - {"result_konsumen":"Reguler","result_pasangan":"Reject","Final_result":"Reject","errorMessage":"","status":"Done"}

2022-11-24 16:59:21 - [TEST_STEP][PASSED] - verifyElementPropertyValue(scoring, "Final_result", final_result): Verify element property value successfully

2022-11-24 16:59:21 - [MESSAGE][PASSED] - Verify element property value successfully]]></system-out>
         <system-err><![CDATA[]]></system-err>
      </testcase>
      <testcase name="Test Cases/Engine_Scoring/Engine Scoring" time="6.611" classname="Test Cases/Engine_Scoring/Engine Scoring" status="PASSED">
         <system-out><![CDATA[2022-11-24 16:59:21 - [TEST_CASE][PASSED] - Test Cases/Engine_Scoring/Engine Scoring: Test Cases/Engine_Scoring/Engine Scoring

2022-11-24 16:59:22 - [TEST_STEP][PASSED] - markPassed("Variasi data ke : " + no): Variasi data ke : 108

2022-11-24 16:59:22 - [MESSAGE][PASSED] - Variasi data ke : 108

2022-11-24 16:59:22 - [TEST_STEP][PASSED] - req_data = sendRequest(findTestObject("Search_ME", ["MID":MID, "source":source, "ip":ip, "userid":userid, "branch":branch, "tipekons":tipekons, "marital":marital, "penjamin":penjamin, ... ])): Send request successfully

2022-11-24 16:59:22 - [MESSAGE][INFO] - HAR: D:\DMS\Engine Scoring\Reports\20221124_165818\Exclude KKB - DS - Married\Scoring Married - KKB\20221124_165818\requests\main\16.har

2022-11-24 16:59:22 - [MESSAGE][PASSED] - Send request successfully

2022-11-24 16:59:22 - [TEST_STEP][PASSED] - slurper = new groovy.json.JsonSlurper(): null

2022-11-24 16:59:22 - [TEST_STEP][PASSED] - result = slurper.parseText(req_data.getResponseBodyContent()): null

2022-11-24 16:59:22 - [TEST_STEP][PASSED] - reqid_kons = requestid1: null

2022-11-24 16:59:22 - [TEST_STEP][PASSED] - reqid_spouse = requestid2: null

2022-11-24 16:59:22 - [TEST_STEP][PASSED] - println("requestid kons : " + reqid_kons): null

2022-11-24 16:59:22 - [TEST_STEP][PASSED] - response_searchME_kons = reqid_kons: null

2022-11-24 16:59:22 - [TEST_STEP][PASSED] - response_searchME_spouse = reqid_spouse: null

2022-11-24 16:59:22 - [TEST_STEP][PASSED] - println("kons req id is :" + response_searchME_kons): null

2022-11-24 16:59:22 - [TEST_STEP][PASSED] - println("spouse req id is : " + response_searchME_spouse): null

2022-11-24 16:59:22 - [TEST_STEP][PASSED] - verifyResponseStatusCode(req_data, 200): Verify response status code successfully

2022-11-24 16:59:22 - [MESSAGE][PASSED] - Verify response status code successfully

2022-11-24 16:59:22 - [TEST_STEP][PASSED] - response = req_data.getResponseText(): null

2022-11-24 16:59:22 - [TEST_STEP][PASSED] - logInfo($response): {"status":"Done","data":{"requestid1":"254074","requestid2":"254075"}}

2022-11-24 16:59:22 - [MESSAGE][INFO] - {"status":"Done","data":{"requestid1":"254074","requestid2":"254075"}}

2022-11-24 16:59:22 - [TEST_STEP][PASSED] - delay(5): Delayed 5 second(s)

2022-11-24 16:59:27 - [MESSAGE][PASSED] - Delayed 5 second(s)

2022-11-24 16:59:27 - [TEST_STEP][PASSED] - scoring = sendRequest(findTestObject("EngineScore", ["response_searchME_kons":response_searchME_kons, "response_searchME_spouse":response_searchME_spouse])): Send request successfully

2022-11-24 16:59:28 - [MESSAGE][INFO] - HAR: D:\DMS\Engine Scoring\Reports\20221124_165818\Exclude KKB - DS - Married\Scoring Married - KKB\20221124_165818\requests\main\17.har

2022-11-24 16:59:28 - [MESSAGE][PASSED] - Send request successfully

2022-11-24 16:59:28 - [TEST_STEP][PASSED] - verifyResponseStatusCode(scoring, 200): Verify response status code successfully

2022-11-24 16:59:28 - [MESSAGE][PASSED] - Verify response status code successfully

2022-11-24 16:59:28 - [TEST_STEP][PASSED] - response2 = scoring.getResponseText(): null

2022-11-24 16:59:28 - [TEST_STEP][PASSED] - markPassed("result service data ke : " + no): result service data ke : 108

2022-11-24 16:59:28 - [MESSAGE][PASSED] - result service data ke : 108

2022-11-24 16:59:28 - [TEST_STEP][PASSED] - logInfo($response2): {"result_konsumen":"Reguler","result_pasangan":"Reject","Final_result":"Reject","errorMessage":"","status":"Done"}

2022-11-24 16:59:28 - [MESSAGE][INFO] - {"result_konsumen":"Reguler","result_pasangan":"Reject","Final_result":"Reject","errorMessage":"","status":"Done"}

2022-11-24 16:59:28 - [TEST_STEP][PASSED] - verifyElementPropertyValue(scoring, "Final_result", final_result): Verify element property value successfully

2022-11-24 16:59:28 - [MESSAGE][PASSED] - Verify element property value successfully]]></system-out>
         <system-err><![CDATA[]]></system-err>
      </testcase>
      <testcase name="Test Cases/Engine_Scoring/Engine Scoring" time="7.393" classname="Test Cases/Engine_Scoring/Engine Scoring" status="PASSED">
         <system-out><![CDATA[2022-11-24 16:59:28 - [TEST_CASE][PASSED] - Test Cases/Engine_Scoring/Engine Scoring: Test Cases/Engine_Scoring/Engine Scoring

2022-11-24 16:59:29 - [TEST_STEP][PASSED] - markPassed("Variasi data ke : " + no): Variasi data ke : 109

2022-11-24 16:59:29 - [MESSAGE][PASSED] - Variasi data ke : 109

2022-11-24 16:59:29 - [TEST_STEP][PASSED] - req_data = sendRequest(findTestObject("Search_ME", ["MID":MID, "source":source, "ip":ip, "userid":userid, "branch":branch, "tipekons":tipekons, "marital":marital, "penjamin":penjamin, ... ])): Send request successfully

2022-11-24 16:59:30 - [MESSAGE][INFO] - HAR: D:\DMS\Engine Scoring\Reports\20221124_165818\Exclude KKB - DS - Married\Scoring Married - KKB\20221124_165818\requests\main\18.har

2022-11-24 16:59:30 - [MESSAGE][PASSED] - Send request successfully

2022-11-24 16:59:30 - [TEST_STEP][PASSED] - slurper = new groovy.json.JsonSlurper(): null

2022-11-24 16:59:30 - [TEST_STEP][PASSED] - result = slurper.parseText(req_data.getResponseBodyContent()): null

2022-11-24 16:59:30 - [TEST_STEP][PASSED] - reqid_kons = requestid1: null

2022-11-24 16:59:30 - [TEST_STEP][PASSED] - reqid_spouse = requestid2: null

2022-11-24 16:59:30 - [TEST_STEP][PASSED] - println("requestid kons : " + reqid_kons): null

2022-11-24 16:59:30 - [TEST_STEP][PASSED] - response_searchME_kons = reqid_kons: null

2022-11-24 16:59:30 - [TEST_STEP][PASSED] - response_searchME_spouse = reqid_spouse: null

2022-11-24 16:59:30 - [TEST_STEP][PASSED] - println("kons req id is :" + response_searchME_kons): null

2022-11-24 16:59:30 - [TEST_STEP][PASSED] - println("spouse req id is : " + response_searchME_spouse): null

2022-11-24 16:59:30 - [TEST_STEP][PASSED] - verifyResponseStatusCode(req_data, 200): Verify response status code successfully

2022-11-24 16:59:30 - [MESSAGE][PASSED] - Verify response status code successfully

2022-11-24 16:59:30 - [TEST_STEP][PASSED] - response = req_data.getResponseText(): null

2022-11-24 16:59:30 - [TEST_STEP][PASSED] - logInfo($response): {"status":"Done","data":{"requestid1":"254076","requestid2":"254077"}}

2022-11-24 16:59:30 - [MESSAGE][INFO] - {"status":"Done","data":{"requestid1":"254076","requestid2":"254077"}}

2022-11-24 16:59:30 - [TEST_STEP][PASSED] - delay(5): Delayed 5 second(s)

2022-11-24 16:59:35 - [MESSAGE][PASSED] - Delayed 5 second(s)

2022-11-24 16:59:35 - [TEST_STEP][PASSED] - scoring = sendRequest(findTestObject("EngineScore", ["response_searchME_kons":response_searchME_kons, "response_searchME_spouse":response_searchME_spouse])): Send request successfully

2022-11-24 16:59:35 - [MESSAGE][INFO] - HAR: D:\DMS\Engine Scoring\Reports\20221124_165818\Exclude KKB - DS - Married\Scoring Married - KKB\20221124_165818\requests\main\19.har

2022-11-24 16:59:35 - [MESSAGE][PASSED] - Send request successfully

2022-11-24 16:59:35 - [TEST_STEP][PASSED] - verifyResponseStatusCode(scoring, 200): Verify response status code successfully

2022-11-24 16:59:35 - [MESSAGE][PASSED] - Verify response status code successfully

2022-11-24 16:59:35 - [TEST_STEP][PASSED] - response2 = scoring.getResponseText(): null

2022-11-24 16:59:35 - [TEST_STEP][PASSED] - markPassed("result service data ke : " + no): result service data ke : 109

2022-11-24 16:59:35 - [MESSAGE][PASSED] - result service data ke : 109

2022-11-24 16:59:35 - [TEST_STEP][PASSED] - logInfo($response2): {"result_konsumen":"Approve","result_pasangan":"Reguler","Final_result":"Approve","errorMessage":"","status":"Done"}

2022-11-24 16:59:35 - [MESSAGE][INFO] - {"result_konsumen":"Approve","result_pasangan":"Reguler","Final_result":"Approve","errorMessage":"","status":"Done"}

2022-11-24 16:59:35 - [TEST_STEP][PASSED] - verifyElementPropertyValue(scoring, "Final_result", final_result): Verify element property value successfully

2022-11-24 16:59:35 - [MESSAGE][PASSED] - Verify element property value successfully]]></system-out>
         <system-err><![CDATA[]]></system-err>
      </testcase>
      <testcase name="Test Cases/Engine_Scoring/Engine Scoring" time="6.589" classname="Test Cases/Engine_Scoring/Engine Scoring" status="PASSED">
         <system-out><![CDATA[2022-11-24 16:59:35 - [TEST_CASE][PASSED] - Test Cases/Engine_Scoring/Engine Scoring: Test Cases/Engine_Scoring/Engine Scoring

2022-11-24 16:59:36 - [TEST_STEP][PASSED] - markPassed("Variasi data ke : " + no): Variasi data ke : 110

2022-11-24 16:59:36 - [MESSAGE][PASSED] - Variasi data ke : 110

2022-11-24 16:59:36 - [TEST_STEP][PASSED] - req_data = sendRequest(findTestObject("Search_ME", ["MID":MID, "source":source, "ip":ip, "userid":userid, "branch":branch, "tipekons":tipekons, "marital":marital, "penjamin":penjamin, ... ])): Send request successfully

2022-11-24 16:59:37 - [MESSAGE][INFO] - HAR: D:\DMS\Engine Scoring\Reports\20221124_165818\Exclude KKB - DS - Married\Scoring Married - KKB\20221124_165818\requests\main\20.har

2022-11-24 16:59:37 - [MESSAGE][PASSED] - Send request successfully

2022-11-24 16:59:37 - [TEST_STEP][PASSED] - slurper = new groovy.json.JsonSlurper(): null

2022-11-24 16:59:37 - [TEST_STEP][PASSED] - result = slurper.parseText(req_data.getResponseBodyContent()): null

2022-11-24 16:59:37 - [TEST_STEP][PASSED] - reqid_kons = requestid1: null

2022-11-24 16:59:37 - [TEST_STEP][PASSED] - reqid_spouse = requestid2: null

2022-11-24 16:59:37 - [TEST_STEP][PASSED] - println("requestid kons : " + reqid_kons): null

2022-11-24 16:59:37 - [TEST_STEP][PASSED] - response_searchME_kons = reqid_kons: null

2022-11-24 16:59:37 - [TEST_STEP][PASSED] - response_searchME_spouse = reqid_spouse: null

2022-11-24 16:59:37 - [TEST_STEP][PASSED] - println("kons req id is :" + response_searchME_kons): null

2022-11-24 16:59:37 - [TEST_STEP][PASSED] - println("spouse req id is : " + response_searchME_spouse): null

2022-11-24 16:59:37 - [TEST_STEP][PASSED] - verifyResponseStatusCode(req_data, 200): Verify response status code successfully

2022-11-24 16:59:37 - [MESSAGE][PASSED] - Verify response status code successfully

2022-11-24 16:59:37 - [TEST_STEP][PASSED] - response = req_data.getResponseText(): null

2022-11-24 16:59:37 - [TEST_STEP][PASSED] - logInfo($response): {"status":"Done","data":{"requestid1":"254078","requestid2":"254079"}}

2022-11-24 16:59:37 - [MESSAGE][INFO] - {"status":"Done","data":{"requestid1":"254078","requestid2":"254079"}}

2022-11-24 16:59:37 - [TEST_STEP][PASSED] - delay(5): Delayed 5 second(s)

2022-11-24 16:59:42 - [MESSAGE][PASSED] - Delayed 5 second(s)

2022-11-24 16:59:42 - [TEST_STEP][PASSED] - scoring = sendRequest(findTestObject("EngineScore", ["response_searchME_kons":response_searchME_kons, "response_searchME_spouse":response_searchME_spouse])): Send request successfully

2022-11-24 16:59:42 - [MESSAGE][INFO] - HAR: D:\DMS\Engine Scoring\Reports\20221124_165818\Exclude KKB - DS - Married\Scoring Married - KKB\20221124_165818\requests\main\21.har

2022-11-24 16:59:42 - [MESSAGE][PASSED] - Send request successfully

2022-11-24 16:59:42 - [TEST_STEP][PASSED] - verifyResponseStatusCode(scoring, 200): Verify response status code successfully

2022-11-24 16:59:42 - [MESSAGE][PASSED] - Verify response status code successfully

2022-11-24 16:59:42 - [TEST_STEP][PASSED] - response2 = scoring.getResponseText(): null

2022-11-24 16:59:42 - [TEST_STEP][PASSED] - markPassed("result service data ke : " + no): result service data ke : 110

2022-11-24 16:59:42 - [MESSAGE][PASSED] - result service data ke : 110

2022-11-24 16:59:42 - [TEST_STEP][PASSED] - logInfo($response2): {"result_konsumen":"Approve","result_pasangan":"Reguler","Final_result":"Approve","errorMessage":"","status":"Done"}

2022-11-24 16:59:42 - [MESSAGE][INFO] - {"result_konsumen":"Approve","result_pasangan":"Reguler","Final_result":"Approve","errorMessage":"","status":"Done"}

2022-11-24 16:59:42 - [TEST_STEP][PASSED] - verifyElementPropertyValue(scoring, "Final_result", final_result): Verify element property value successfully

2022-11-24 16:59:42 - [MESSAGE][PASSED] - Verify element property value successfully]]></system-out>
         <system-err><![CDATA[]]></system-err>
      </testcase>
      <testcase name="Test Cases/Engine_Scoring/Engine Scoring" time="6.729" classname="Test Cases/Engine_Scoring/Engine Scoring" status="PASSED">
         <system-out><![CDATA[2022-11-24 16:59:42 - [TEST_CASE][PASSED] - Test Cases/Engine_Scoring/Engine Scoring: Test Cases/Engine_Scoring/Engine Scoring

2022-11-24 16:59:43 - [TEST_STEP][PASSED] - markPassed("Variasi data ke : " + no): Variasi data ke : 111

2022-11-24 16:59:43 - [MESSAGE][PASSED] - Variasi data ke : 111

2022-11-24 16:59:43 - [TEST_STEP][PASSED] - req_data = sendRequest(findTestObject("Search_ME", ["MID":MID, "source":source, "ip":ip, "userid":userid, "branch":branch, "tipekons":tipekons, "marital":marital, "penjamin":penjamin, ... ])): Send request successfully

2022-11-24 16:59:43 - [MESSAGE][INFO] - HAR: D:\DMS\Engine Scoring\Reports\20221124_165818\Exclude KKB - DS - Married\Scoring Married - KKB\20221124_165818\requests\main\22.har

2022-11-24 16:59:43 - [MESSAGE][PASSED] - Send request successfully

2022-11-24 16:59:43 - [TEST_STEP][PASSED] - slurper = new groovy.json.JsonSlurper(): null

2022-11-24 16:59:43 - [TEST_STEP][PASSED] - result = slurper.parseText(req_data.getResponseBodyContent()): null

2022-11-24 16:59:43 - [TEST_STEP][PASSED] - reqid_kons = requestid1: null

2022-11-24 16:59:43 - [TEST_STEP][PASSED] - reqid_spouse = requestid2: null

2022-11-24 16:59:43 - [TEST_STEP][PASSED] - println("requestid kons : " + reqid_kons): null

2022-11-24 16:59:43 - [TEST_STEP][PASSED] - response_searchME_kons = reqid_kons: null

2022-11-24 16:59:43 - [TEST_STEP][PASSED] - response_searchME_spouse = reqid_spouse: null

2022-11-24 16:59:43 - [TEST_STEP][PASSED] - println("kons req id is :" + response_searchME_kons): null

2022-11-24 16:59:43 - [TEST_STEP][PASSED] - println("spouse req id is : " + response_searchME_spouse): null

2022-11-24 16:59:43 - [TEST_STEP][PASSED] - verifyResponseStatusCode(req_data, 200): Verify response status code successfully

2022-11-24 16:59:43 - [MESSAGE][PASSED] - Verify response status code successfully

2022-11-24 16:59:43 - [TEST_STEP][PASSED] - response = req_data.getResponseText(): null

2022-11-24 16:59:43 - [TEST_STEP][PASSED] - logInfo($response): {"status":"Done","data":{"requestid1":"254080","requestid2":"254081"}}

2022-11-24 16:59:43 - [MESSAGE][INFO] - {"status":"Done","data":{"requestid1":"254080","requestid2":"254081"}}

2022-11-24 16:59:43 - [TEST_STEP][PASSED] - delay(5): Delayed 5 second(s)

2022-11-24 16:59:48 - [MESSAGE][PASSED] - Delayed 5 second(s)

2022-11-24 16:59:48 - [TEST_STEP][PASSED] - scoring = sendRequest(findTestObject("EngineScore", ["response_searchME_kons":response_searchME_kons, "response_searchME_spouse":response_searchME_spouse])): Send request successfully

2022-11-24 16:59:48 - [MESSAGE][INFO] - HAR: D:\DMS\Engine Scoring\Reports\20221124_165818\Exclude KKB - DS - Married\Scoring Married - KKB\20221124_165818\requests\main\23.har

2022-11-24 16:59:48 - [MESSAGE][PASSED] - Send request successfully

2022-11-24 16:59:48 - [TEST_STEP][PASSED] - verifyResponseStatusCode(scoring, 200): Verify response status code successfully

2022-11-24 16:59:48 - [MESSAGE][PASSED] - Verify response status code successfully

2022-11-24 16:59:48 - [TEST_STEP][PASSED] - response2 = scoring.getResponseText(): null

2022-11-24 16:59:48 - [TEST_STEP][PASSED] - markPassed("result service data ke : " + no): result service data ke : 111

2022-11-24 16:59:48 - [MESSAGE][PASSED] - result service data ke : 111

2022-11-24 16:59:48 - [TEST_STEP][PASSED] - logInfo($response2): {"result_konsumen":"Approve","result_pasangan":"Reguler","Final_result":"Approve","errorMessage":"","status":"Done"}

2022-11-24 16:59:48 - [MESSAGE][INFO] - {"result_konsumen":"Approve","result_pasangan":"Reguler","Final_result":"Approve","errorMessage":"","status":"Done"}

2022-11-24 16:59:48 - [TEST_STEP][PASSED] - verifyElementPropertyValue(scoring, "Final_result", final_result): Verify element property value successfully

2022-11-24 16:59:49 - [MESSAGE][PASSED] - Verify element property value successfully]]></system-out>
         <system-err><![CDATA[]]></system-err>
      </testcase>
      <testcase name="Test Cases/Engine_Scoring/Engine Scoring" time="6.746" classname="Test Cases/Engine_Scoring/Engine Scoring" status="PASSED">
         <system-out><![CDATA[2022-11-24 16:59:49 - [TEST_CASE][PASSED] - Test Cases/Engine_Scoring/Engine Scoring: Test Cases/Engine_Scoring/Engine Scoring

2022-11-24 16:59:49 - [TEST_STEP][PASSED] - markPassed("Variasi data ke : " + no): Variasi data ke : 112

2022-11-24 16:59:49 - [MESSAGE][PASSED] - Variasi data ke : 112

2022-11-24 16:59:49 - [TEST_STEP][PASSED] - req_data = sendRequest(findTestObject("Search_ME", ["MID":MID, "source":source, "ip":ip, "userid":userid, "branch":branch, "tipekons":tipekons, "marital":marital, "penjamin":penjamin, ... ])): Send request successfully

2022-11-24 16:59:50 - [MESSAGE][INFO] - HAR: D:\DMS\Engine Scoring\Reports\20221124_165818\Exclude KKB - DS - Married\Scoring Married - KKB\20221124_165818\requests\main\24.har

2022-11-24 16:59:50 - [MESSAGE][PASSED] - Send request successfully

2022-11-24 16:59:50 - [TEST_STEP][PASSED] - slurper = new groovy.json.JsonSlurper(): null

2022-11-24 16:59:50 - [TEST_STEP][PASSED] - result = slurper.parseText(req_data.getResponseBodyContent()): null

2022-11-24 16:59:50 - [TEST_STEP][PASSED] - reqid_kons = requestid1: null

2022-11-24 16:59:50 - [TEST_STEP][PASSED] - reqid_spouse = requestid2: null

2022-11-24 16:59:50 - [TEST_STEP][PASSED] - println("requestid kons : " + reqid_kons): null

2022-11-24 16:59:50 - [TEST_STEP][PASSED] - response_searchME_kons = reqid_kons: null

2022-11-24 16:59:50 - [TEST_STEP][PASSED] - response_searchME_spouse = reqid_spouse: null

2022-11-24 16:59:50 - [TEST_STEP][PASSED] - println("kons req id is :" + response_searchME_kons): null

2022-11-24 16:59:50 - [TEST_STEP][PASSED] - println("spouse req id is : " + response_searchME_spouse): null

2022-11-24 16:59:50 - [TEST_STEP][PASSED] - verifyResponseStatusCode(req_data, 200): Verify response status code successfully

2022-11-24 16:59:50 - [MESSAGE][PASSED] - Verify response status code successfully

2022-11-24 16:59:50 - [TEST_STEP][PASSED] - response = req_data.getResponseText(): null

2022-11-24 16:59:50 - [TEST_STEP][PASSED] - logInfo($response): {"status":"Done","data":{"requestid1":"254082","requestid2":"254083"}}

2022-11-24 16:59:50 - [MESSAGE][INFO] - {"status":"Done","data":{"requestid1":"254082","requestid2":"254083"}}

2022-11-24 16:59:50 - [TEST_STEP][PASSED] - delay(5): Delayed 5 second(s)

2022-11-24 16:59:55 - [MESSAGE][PASSED] - Delayed 5 second(s)

2022-11-24 16:59:55 - [TEST_STEP][PASSED] - scoring = sendRequest(findTestObject("EngineScore", ["response_searchME_kons":response_searchME_kons, "response_searchME_spouse":response_searchME_spouse])): Send request successfully

2022-11-24 16:59:55 - [MESSAGE][INFO] - HAR: D:\DMS\Engine Scoring\Reports\20221124_165818\Exclude KKB - DS - Married\Scoring Married - KKB\20221124_165818\requests\main\25.har

2022-11-24 16:59:55 - [MESSAGE][PASSED] - Send request successfully

2022-11-24 16:59:55 - [TEST_STEP][PASSED] - verifyResponseStatusCode(scoring, 200): Verify response status code successfully

2022-11-24 16:59:55 - [MESSAGE][PASSED] - Verify response status code successfully

2022-11-24 16:59:55 - [TEST_STEP][PASSED] - response2 = scoring.getResponseText(): null

2022-11-24 16:59:55 - [TEST_STEP][PASSED] - markPassed("result service data ke : " + no): result service data ke : 112

2022-11-24 16:59:55 - [MESSAGE][PASSED] - result service data ke : 112

2022-11-24 16:59:55 - [TEST_STEP][PASSED] - logInfo($response2): {"result_konsumen":"Approve","result_pasangan":"Reguler","Final_result":"Approve","errorMessage":"","status":"Done"}

2022-11-24 16:59:55 - [MESSAGE][INFO] - {"result_konsumen":"Approve","result_pasangan":"Reguler","Final_result":"Approve","errorMessage":"","status":"Done"}

2022-11-24 16:59:55 - [TEST_STEP][PASSED] - verifyElementPropertyValue(scoring, "Final_result", final_result): Verify element property value successfully

2022-11-24 16:59:55 - [MESSAGE][PASSED] - Verify element property value successfully]]></system-out>
         <system-err><![CDATA[]]></system-err>
      </testcase>
      <testcase name="Test Cases/Engine_Scoring/Engine Scoring" time="6.632" classname="Test Cases/Engine_Scoring/Engine Scoring" status="PASSED">
         <system-out><![CDATA[2022-11-24 16:59:55 - [TEST_CASE][PASSED] - Test Cases/Engine_Scoring/Engine Scoring: Test Cases/Engine_Scoring/Engine Scoring

2022-11-24 16:59:56 - [TEST_STEP][PASSED] - markPassed("Variasi data ke : " + no): Variasi data ke : 113

2022-11-24 16:59:56 - [MESSAGE][PASSED] - Variasi data ke : 113

2022-11-24 16:59:56 - [TEST_STEP][PASSED] - req_data = sendRequest(findTestObject("Search_ME", ["MID":MID, "source":source, "ip":ip, "userid":userid, "branch":branch, "tipekons":tipekons, "marital":marital, "penjamin":penjamin, ... ])): Send request successfully

2022-11-24 16:59:57 - [MESSAGE][INFO] - HAR: D:\DMS\Engine Scoring\Reports\20221124_165818\Exclude KKB - DS - Married\Scoring Married - KKB\20221124_165818\requests\main\26.har

2022-11-24 16:59:57 - [MESSAGE][PASSED] - Send request successfully

2022-11-24 16:59:57 - [TEST_STEP][PASSED] - slurper = new groovy.json.JsonSlurper(): null

2022-11-24 16:59:57 - [TEST_STEP][PASSED] - result = slurper.parseText(req_data.getResponseBodyContent()): null

2022-11-24 16:59:57 - [TEST_STEP][PASSED] - reqid_kons = requestid1: null

2022-11-24 16:59:57 - [TEST_STEP][PASSED] - reqid_spouse = requestid2: null

2022-11-24 16:59:57 - [TEST_STEP][PASSED] - println("requestid kons : " + reqid_kons): null

2022-11-24 16:59:57 - [TEST_STEP][PASSED] - response_searchME_kons = reqid_kons: null

2022-11-24 16:59:57 - [TEST_STEP][PASSED] - response_searchME_spouse = reqid_spouse: null

2022-11-24 16:59:57 - [TEST_STEP][PASSED] - println("kons req id is :" + response_searchME_kons): null

2022-11-24 16:59:57 - [TEST_STEP][PASSED] - println("spouse req id is : " + response_searchME_spouse): null

2022-11-24 16:59:57 - [TEST_STEP][PASSED] - verifyResponseStatusCode(req_data, 200): Verify response status code successfully

2022-11-24 16:59:57 - [MESSAGE][PASSED] - Verify response status code successfully

2022-11-24 16:59:57 - [TEST_STEP][PASSED] - response = req_data.getResponseText(): null

2022-11-24 16:59:57 - [TEST_STEP][PASSED] - logInfo($response): {"status":"Done","data":{"requestid1":"254084","requestid2":"254085"}}

2022-11-24 16:59:57 - [MESSAGE][INFO] - {"status":"Done","data":{"requestid1":"254084","requestid2":"254085"}}

2022-11-24 16:59:57 - [TEST_STEP][PASSED] - delay(5): Delayed 5 second(s)

2022-11-24 17:00:02 - [MESSAGE][PASSED] - Delayed 5 second(s)

2022-11-24 17:00:02 - [TEST_STEP][PASSED] - scoring = sendRequest(findTestObject("EngineScore", ["response_searchME_kons":response_searchME_kons, "response_searchME_spouse":response_searchME_spouse])): Send request successfully

2022-11-24 17:00:02 - [MESSAGE][INFO] - HAR: D:\DMS\Engine Scoring\Reports\20221124_165818\Exclude KKB - DS - Married\Scoring Married - KKB\20221124_165818\requests\main\27.har

2022-11-24 17:00:02 - [MESSAGE][PASSED] - Send request successfully

2022-11-24 17:00:02 - [TEST_STEP][PASSED] - verifyResponseStatusCode(scoring, 200): Verify response status code successfully

2022-11-24 17:00:02 - [MESSAGE][PASSED] - Verify response status code successfully

2022-11-24 17:00:02 - [TEST_STEP][PASSED] - response2 = scoring.getResponseText(): null

2022-11-24 17:00:02 - [TEST_STEP][PASSED] - markPassed("result service data ke : " + no): result service data ke : 113

2022-11-24 17:00:02 - [MESSAGE][PASSED] - result service data ke : 113

2022-11-24 17:00:02 - [TEST_STEP][PASSED] - logInfo($response2): {"result_konsumen":"Approve","result_pasangan":"Reject","Final_result":"Reject","errorMessage":"","status":"Done"}

2022-11-24 17:00:02 - [MESSAGE][INFO] - {"result_konsumen":"Approve","result_pasangan":"Reject","Final_result":"Reject","errorMessage":"","status":"Done"}

2022-11-24 17:00:02 - [TEST_STEP][PASSED] - verifyElementPropertyValue(scoring, "Final_result", final_result): Verify element property value successfully

2022-11-24 17:00:02 - [MESSAGE][PASSED] - Verify element property value successfully]]></system-out>
         <system-err><![CDATA[]]></system-err>
      </testcase>
      <testcase name="Test Cases/Engine_Scoring/Engine Scoring" time="6.601" classname="Test Cases/Engine_Scoring/Engine Scoring" status="PASSED">
         <system-out><![CDATA[2022-11-24 17:00:02 - [TEST_CASE][PASSED] - Test Cases/Engine_Scoring/Engine Scoring: Test Cases/Engine_Scoring/Engine Scoring

2022-11-24 17:00:03 - [TEST_STEP][PASSED] - markPassed("Variasi data ke : " + no): Variasi data ke : 114

2022-11-24 17:00:03 - [MESSAGE][PASSED] - Variasi data ke : 114

2022-11-24 17:00:03 - [TEST_STEP][PASSED] - req_data = sendRequest(findTestObject("Search_ME", ["MID":MID, "source":source, "ip":ip, "userid":userid, "branch":branch, "tipekons":tipekons, "marital":marital, "penjamin":penjamin, ... ])): Send request successfully

2022-11-24 17:00:04 - [MESSAGE][INFO] - HAR: D:\DMS\Engine Scoring\Reports\20221124_165818\Exclude KKB - DS - Married\Scoring Married - KKB\20221124_165818\requests\main\28.har

2022-11-24 17:00:04 - [MESSAGE][PASSED] - Send request successfully

2022-11-24 17:00:04 - [TEST_STEP][PASSED] - slurper = new groovy.json.JsonSlurper(): null

2022-11-24 17:00:04 - [TEST_STEP][PASSED] - result = slurper.parseText(req_data.getResponseBodyContent()): null

2022-11-24 17:00:04 - [TEST_STEP][PASSED] - reqid_kons = requestid1: null

2022-11-24 17:00:04 - [TEST_STEP][PASSED] - reqid_spouse = requestid2: null

2022-11-24 17:00:04 - [TEST_STEP][PASSED] - println("requestid kons : " + reqid_kons): null

2022-11-24 17:00:04 - [TEST_STEP][PASSED] - response_searchME_kons = reqid_kons: null

2022-11-24 17:00:04 - [TEST_STEP][PASSED] - response_searchME_spouse = reqid_spouse: null

2022-11-24 17:00:04 - [TEST_STEP][PASSED] - println("kons req id is :" + response_searchME_kons): null

2022-11-24 17:00:04 - [TEST_STEP][PASSED] - println("spouse req id is : " + response_searchME_spouse): null

2022-11-24 17:00:04 - [TEST_STEP][PASSED] - verifyResponseStatusCode(req_data, 200): Verify response status code successfully

2022-11-24 17:00:04 - [MESSAGE][PASSED] - Verify response status code successfully

2022-11-24 17:00:04 - [TEST_STEP][PASSED] - response = req_data.getResponseText(): null

2022-11-24 17:00:04 - [TEST_STEP][PASSED] - logInfo($response): {"status":"Done","data":{"requestid1":"254086","requestid2":"254087"}}

2022-11-24 17:00:04 - [MESSAGE][INFO] - {"status":"Done","data":{"requestid1":"254086","requestid2":"254087"}}

2022-11-24 17:00:04 - [TEST_STEP][PASSED] - delay(5): Delayed 5 second(s)

2022-11-24 17:00:09 - [MESSAGE][PASSED] - Delayed 5 second(s)

2022-11-24 17:00:09 - [TEST_STEP][PASSED] - scoring = sendRequest(findTestObject("EngineScore", ["response_searchME_kons":response_searchME_kons, "response_searchME_spouse":response_searchME_spouse])): Send request successfully

2022-11-24 17:00:09 - [MESSAGE][INFO] - HAR: D:\DMS\Engine Scoring\Reports\20221124_165818\Exclude KKB - DS - Married\Scoring Married - KKB\20221124_165818\requests\main\29.har

2022-11-24 17:00:09 - [MESSAGE][PASSED] - Send request successfully

2022-11-24 17:00:09 - [TEST_STEP][PASSED] - verifyResponseStatusCode(scoring, 200): Verify response status code successfully

2022-11-24 17:00:09 - [MESSAGE][PASSED] - Verify response status code successfully

2022-11-24 17:00:09 - [TEST_STEP][PASSED] - response2 = scoring.getResponseText(): null

2022-11-24 17:00:09 - [TEST_STEP][PASSED] - markPassed("result service data ke : " + no): result service data ke : 114

2022-11-24 17:00:09 - [MESSAGE][PASSED] - result service data ke : 114

2022-11-24 17:00:09 - [TEST_STEP][PASSED] - logInfo($response2): {"result_konsumen":"Approve","result_pasangan":"Reject","Final_result":"Reject","errorMessage":"","status":"Done"}

2022-11-24 17:00:09 - [MESSAGE][INFO] - {"result_konsumen":"Approve","result_pasangan":"Reject","Final_result":"Reject","errorMessage":"","status":"Done"}

2022-11-24 17:00:09 - [TEST_STEP][PASSED] - verifyElementPropertyValue(scoring, "Final_result", final_result): Verify element property value successfully

2022-11-24 17:00:09 - [MESSAGE][PASSED] - Verify element property value successfully]]></system-out>
         <system-err><![CDATA[]]></system-err>
      </testcase>
      <testcase name="Test Cases/Engine_Scoring/Engine Scoring" time="6.676" classname="Test Cases/Engine_Scoring/Engine Scoring" status="PASSED">
         <system-out><![CDATA[2022-11-24 17:00:09 - [TEST_CASE][PASSED] - Test Cases/Engine_Scoring/Engine Scoring: Test Cases/Engine_Scoring/Engine Scoring

2022-11-24 17:00:10 - [TEST_STEP][PASSED] - markPassed("Variasi data ke : " + no): Variasi data ke : 115

2022-11-24 17:00:10 - [MESSAGE][PASSED] - Variasi data ke : 115

2022-11-24 17:00:10 - [TEST_STEP][PASSED] - req_data = sendRequest(findTestObject("Search_ME", ["MID":MID, "source":source, "ip":ip, "userid":userid, "branch":branch, "tipekons":tipekons, "marital":marital, "penjamin":penjamin, ... ])): Send request successfully

2022-11-24 17:00:10 - [MESSAGE][INFO] - HAR: D:\DMS\Engine Scoring\Reports\20221124_165818\Exclude KKB - DS - Married\Scoring Married - KKB\20221124_165818\requests\main\30.har

2022-11-24 17:00:10 - [MESSAGE][PASSED] - Send request successfully

2022-11-24 17:00:10 - [TEST_STEP][PASSED] - slurper = new groovy.json.JsonSlurper(): null

2022-11-24 17:00:10 - [TEST_STEP][PASSED] - result = slurper.parseText(req_data.getResponseBodyContent()): null

2022-11-24 17:00:10 - [TEST_STEP][PASSED] - reqid_kons = requestid1: null

2022-11-24 17:00:10 - [TEST_STEP][PASSED] - reqid_spouse = requestid2: null

2022-11-24 17:00:10 - [TEST_STEP][PASSED] - println("requestid kons : " + reqid_kons): null

2022-11-24 17:00:10 - [TEST_STEP][PASSED] - response_searchME_kons = reqid_kons: null

2022-11-24 17:00:10 - [TEST_STEP][PASSED] - response_searchME_spouse = reqid_spouse: null

2022-11-24 17:00:10 - [TEST_STEP][PASSED] - println("kons req id is :" + response_searchME_kons): null

2022-11-24 17:00:10 - [TEST_STEP][PASSED] - println("spouse req id is : " + response_searchME_spouse): null

2022-11-24 17:00:10 - [TEST_STEP][PASSED] - verifyResponseStatusCode(req_data, 200): Verify response status code successfully

2022-11-24 17:00:10 - [MESSAGE][PASSED] - Verify response status code successfully

2022-11-24 17:00:10 - [TEST_STEP][PASSED] - response = req_data.getResponseText(): null

2022-11-24 17:00:10 - [TEST_STEP][PASSED] - logInfo($response): {"status":"Done","data":{"requestid1":"254088","requestid2":"254089"}}

2022-11-24 17:00:10 - [MESSAGE][INFO] - {"status":"Done","data":{"requestid1":"254088","requestid2":"254089"}}

2022-11-24 17:00:10 - [TEST_STEP][PASSED] - delay(5): Delayed 5 second(s)

2022-11-24 17:00:15 - [MESSAGE][PASSED] - Delayed 5 second(s)

2022-11-24 17:00:15 - [TEST_STEP][PASSED] - scoring = sendRequest(findTestObject("EngineScore", ["response_searchME_kons":response_searchME_kons, "response_searchME_spouse":response_searchME_spouse])): Send request successfully

2022-11-24 17:00:15 - [MESSAGE][INFO] - HAR: D:\DMS\Engine Scoring\Reports\20221124_165818\Exclude KKB - DS - Married\Scoring Married - KKB\20221124_165818\requests\main\31.har

2022-11-24 17:00:15 - [MESSAGE][PASSED] - Send request successfully

2022-11-24 17:00:15 - [TEST_STEP][PASSED] - verifyResponseStatusCode(scoring, 200): Verify response status code successfully

2022-11-24 17:00:15 - [MESSAGE][PASSED] - Verify response status code successfully

2022-11-24 17:00:15 - [TEST_STEP][PASSED] - response2 = scoring.getResponseText(): null

2022-11-24 17:00:15 - [TEST_STEP][PASSED] - markPassed("result service data ke : " + no): result service data ke : 115

2022-11-24 17:00:15 - [MESSAGE][PASSED] - result service data ke : 115

2022-11-24 17:00:15 - [TEST_STEP][PASSED] - logInfo($response2): {"result_konsumen":"Approve","result_pasangan":"Reguler","Final_result":"Approve","errorMessage":"","status":"Done"}

2022-11-24 17:00:15 - [MESSAGE][INFO] - {"result_konsumen":"Approve","result_pasangan":"Reguler","Final_result":"Approve","errorMessage":"","status":"Done"}

2022-11-24 17:00:15 - [TEST_STEP][PASSED] - verifyElementPropertyValue(scoring, "Final_result", final_result): Verify element property value successfully

2022-11-24 17:00:15 - [MESSAGE][PASSED] - Verify element property value successfully]]></system-out>
         <system-err><![CDATA[]]></system-err>
      </testcase>
      <testcase name="Test Cases/Engine_Scoring/Engine Scoring" time="6.571" classname="Test Cases/Engine_Scoring/Engine Scoring" status="PASSED">
         <system-out><![CDATA[2022-11-24 17:00:15 - [TEST_CASE][PASSED] - Test Cases/Engine_Scoring/Engine Scoring: Test Cases/Engine_Scoring/Engine Scoring

2022-11-24 17:00:16 - [TEST_STEP][PASSED] - markPassed("Variasi data ke : " + no): Variasi data ke : 116

2022-11-24 17:00:16 - [MESSAGE][PASSED] - Variasi data ke : 116

2022-11-24 17:00:16 - [TEST_STEP][PASSED] - req_data = sendRequest(findTestObject("Search_ME", ["MID":MID, "source":source, "ip":ip, "userid":userid, "branch":branch, "tipekons":tipekons, "marital":marital, "penjamin":penjamin, ... ])): Send request successfully

2022-11-24 17:00:17 - [MESSAGE][INFO] - HAR: D:\DMS\Engine Scoring\Reports\20221124_165818\Exclude KKB - DS - Married\Scoring Married - KKB\20221124_165818\requests\main\32.har

2022-11-24 17:00:17 - [MESSAGE][PASSED] - Send request successfully

2022-11-24 17:00:17 - [TEST_STEP][PASSED] - slurper = new groovy.json.JsonSlurper(): null

2022-11-24 17:00:17 - [TEST_STEP][PASSED] - result = slurper.parseText(req_data.getResponseBodyContent()): null

2022-11-24 17:00:17 - [TEST_STEP][PASSED] - reqid_kons = requestid1: null

2022-11-24 17:00:17 - [TEST_STEP][PASSED] - reqid_spouse = requestid2: null

2022-11-24 17:00:17 - [TEST_STEP][PASSED] - println("requestid kons : " + reqid_kons): null

2022-11-24 17:00:17 - [TEST_STEP][PASSED] - response_searchME_kons = reqid_kons: null

2022-11-24 17:00:17 - [TEST_STEP][PASSED] - response_searchME_spouse = reqid_spouse: null

2022-11-24 17:00:17 - [TEST_STEP][PASSED] - println("kons req id is :" + response_searchME_kons): null

2022-11-24 17:00:17 - [TEST_STEP][PASSED] - println("spouse req id is : " + response_searchME_spouse): null

2022-11-24 17:00:17 - [TEST_STEP][PASSED] - verifyResponseStatusCode(req_data, 200): Verify response status code successfully

2022-11-24 17:00:17 - [MESSAGE][PASSED] - Verify response status code successfully

2022-11-24 17:00:17 - [TEST_STEP][PASSED] - response = req_data.getResponseText(): null

2022-11-24 17:00:17 - [TEST_STEP][PASSED] - logInfo($response): {"status":"Done","data":{"requestid1":"254090","requestid2":"254091"}}

2022-11-24 17:00:17 - [MESSAGE][INFO] - {"status":"Done","data":{"requestid1":"254090","requestid2":"254091"}}

2022-11-24 17:00:17 - [TEST_STEP][PASSED] - delay(5): Delayed 5 second(s)

2022-11-24 17:00:22 - [MESSAGE][PASSED] - Delayed 5 second(s)

2022-11-24 17:00:22 - [TEST_STEP][PASSED] - scoring = sendRequest(findTestObject("EngineScore", ["response_searchME_kons":response_searchME_kons, "response_searchME_spouse":response_searchME_spouse])): Send request successfully

2022-11-24 17:00:22 - [MESSAGE][INFO] - HAR: D:\DMS\Engine Scoring\Reports\20221124_165818\Exclude KKB - DS - Married\Scoring Married - KKB\20221124_165818\requests\main\33.har

2022-11-24 17:00:22 - [MESSAGE][PASSED] - Send request successfully

2022-11-24 17:00:22 - [TEST_STEP][PASSED] - verifyResponseStatusCode(scoring, 200): Verify response status code successfully

2022-11-24 17:00:22 - [MESSAGE][PASSED] - Verify response status code successfully

2022-11-24 17:00:22 - [TEST_STEP][PASSED] - response2 = scoring.getResponseText(): null

2022-11-24 17:00:22 - [TEST_STEP][PASSED] - markPassed("result service data ke : " + no): result service data ke : 116

2022-11-24 17:00:22 - [MESSAGE][PASSED] - result service data ke : 116

2022-11-24 17:00:22 - [TEST_STEP][PASSED] - logInfo($response2): {"result_konsumen":"Approve","result_pasangan":"Reguler","Final_result":"Approve","errorMessage":"","status":"Done"}

2022-11-24 17:00:22 - [MESSAGE][INFO] - {"result_konsumen":"Approve","result_pasangan":"Reguler","Final_result":"Approve","errorMessage":"","status":"Done"}

2022-11-24 17:00:22 - [TEST_STEP][PASSED] - verifyElementPropertyValue(scoring, "Final_result", final_result): Verify element property value successfully

2022-11-24 17:00:22 - [MESSAGE][PASSED] - Verify element property value successfully]]></system-out>
         <system-err><![CDATA[]]></system-err>
      </testcase>
      <testcase name="Test Cases/Engine_Scoring/Engine Scoring" time="6.624" classname="Test Cases/Engine_Scoring/Engine Scoring" status="PASSED">
         <system-out><![CDATA[2022-11-24 17:00:22 - [TEST_CASE][PASSED] - Test Cases/Engine_Scoring/Engine Scoring: Test Cases/Engine_Scoring/Engine Scoring

2022-11-24 17:00:23 - [TEST_STEP][PASSED] - markPassed("Variasi data ke : " + no): Variasi data ke : 117

2022-11-24 17:00:23 - [MESSAGE][PASSED] - Variasi data ke : 117

2022-11-24 17:00:23 - [TEST_STEP][PASSED] - req_data = sendRequest(findTestObject("Search_ME", ["MID":MID, "source":source, "ip":ip, "userid":userid, "branch":branch, "tipekons":tipekons, "marital":marital, "penjamin":penjamin, ... ])): Send request successfully

2022-11-24 17:00:24 - [MESSAGE][INFO] - HAR: D:\DMS\Engine Scoring\Reports\20221124_165818\Exclude KKB - DS - Married\Scoring Married - KKB\20221124_165818\requests\main\34.har

2022-11-24 17:00:24 - [MESSAGE][PASSED] - Send request successfully

2022-11-24 17:00:24 - [TEST_STEP][PASSED] - slurper = new groovy.json.JsonSlurper(): null

2022-11-24 17:00:24 - [TEST_STEP][PASSED] - result = slurper.parseText(req_data.getResponseBodyContent()): null

2022-11-24 17:00:24 - [TEST_STEP][PASSED] - reqid_kons = requestid1: null

2022-11-24 17:00:24 - [TEST_STEP][PASSED] - reqid_spouse = requestid2: null

2022-11-24 17:00:24 - [TEST_STEP][PASSED] - println("requestid kons : " + reqid_kons): null

2022-11-24 17:00:24 - [TEST_STEP][PASSED] - response_searchME_kons = reqid_kons: null

2022-11-24 17:00:24 - [TEST_STEP][PASSED] - response_searchME_spouse = reqid_spouse: null

2022-11-24 17:00:24 - [TEST_STEP][PASSED] - println("kons req id is :" + response_searchME_kons): null

2022-11-24 17:00:24 - [TEST_STEP][PASSED] - println("spouse req id is : " + response_searchME_spouse): null

2022-11-24 17:00:24 - [TEST_STEP][PASSED] - verifyResponseStatusCode(req_data, 200): Verify response status code successfully

2022-11-24 17:00:24 - [MESSAGE][PASSED] - Verify response status code successfully

2022-11-24 17:00:24 - [TEST_STEP][PASSED] - response = req_data.getResponseText(): null

2022-11-24 17:00:24 - [TEST_STEP][PASSED] - logInfo($response): {"status":"Done","data":{"requestid1":"254092","requestid2":"254093"}}

2022-11-24 17:00:24 - [MESSAGE][INFO] - {"status":"Done","data":{"requestid1":"254092","requestid2":"254093"}}

2022-11-24 17:00:24 - [TEST_STEP][PASSED] - delay(5): Delayed 5 second(s)

2022-11-24 17:00:29 - [MESSAGE][PASSED] - Delayed 5 second(s)

2022-11-24 17:00:29 - [TEST_STEP][PASSED] - scoring = sendRequest(findTestObject("EngineScore", ["response_searchME_kons":response_searchME_kons, "response_searchME_spouse":response_searchME_spouse])): Send request successfully

2022-11-24 17:00:29 - [MESSAGE][INFO] - HAR: D:\DMS\Engine Scoring\Reports\20221124_165818\Exclude KKB - DS - Married\Scoring Married - KKB\20221124_165818\requests\main\35.har

2022-11-24 17:00:29 - [MESSAGE][PASSED] - Send request successfully

2022-11-24 17:00:29 - [TEST_STEP][PASSED] - verifyResponseStatusCode(scoring, 200): Verify response status code successfully

2022-11-24 17:00:29 - [MESSAGE][PASSED] - Verify response status code successfully

2022-11-24 17:00:29 - [TEST_STEP][PASSED] - response2 = scoring.getResponseText(): null

2022-11-24 17:00:29 - [TEST_STEP][PASSED] - markPassed("result service data ke : " + no): result service data ke : 117

2022-11-24 17:00:29 - [MESSAGE][PASSED] - result service data ke : 117

2022-11-24 17:00:29 - [TEST_STEP][PASSED] - logInfo($response2): {"result_konsumen":"Approve","result_pasangan":"Reguler","Final_result":"Approve","errorMessage":"","status":"Done"}

2022-11-24 17:00:29 - [MESSAGE][INFO] - {"result_konsumen":"Approve","result_pasangan":"Reguler","Final_result":"Approve","errorMessage":"","status":"Done"}

2022-11-24 17:00:29 - [TEST_STEP][PASSED] - verifyElementPropertyValue(scoring, "Final_result", final_result): Verify element property value successfully

2022-11-24 17:00:29 - [MESSAGE][PASSED] - Verify element property value successfully]]></system-out>
         <system-err><![CDATA[]]></system-err>
      </testcase>
      <testcase name="Test Cases/Engine_Scoring/Engine Scoring" time="6.637" classname="Test Cases/Engine_Scoring/Engine Scoring" status="PASSED">
         <system-out><![CDATA[2022-11-24 17:00:29 - [TEST_CASE][PASSED] - Test Cases/Engine_Scoring/Engine Scoring: Test Cases/Engine_Scoring/Engine Scoring

2022-11-24 17:00:29 - [TEST_STEP][PASSED] - markPassed("Variasi data ke : " + no): Variasi data ke : 118

2022-11-24 17:00:29 - [MESSAGE][PASSED] - Variasi data ke : 118

2022-11-24 17:00:29 - [TEST_STEP][PASSED] - req_data = sendRequest(findTestObject("Search_ME", ["MID":MID, "source":source, "ip":ip, "userid":userid, "branch":branch, "tipekons":tipekons, "marital":marital, "penjamin":penjamin, ... ])): Send request successfully

2022-11-24 17:00:30 - [MESSAGE][INFO] - HAR: D:\DMS\Engine Scoring\Reports\20221124_165818\Exclude KKB - DS - Married\Scoring Married - KKB\20221124_165818\requests\main\36.har

2022-11-24 17:00:30 - [MESSAGE][PASSED] - Send request successfully

2022-11-24 17:00:30 - [TEST_STEP][PASSED] - slurper = new groovy.json.JsonSlurper(): null

2022-11-24 17:00:30 - [TEST_STEP][PASSED] - result = slurper.parseText(req_data.getResponseBodyContent()): null

2022-11-24 17:00:30 - [TEST_STEP][PASSED] - reqid_kons = requestid1: null

2022-11-24 17:00:30 - [TEST_STEP][PASSED] - reqid_spouse = requestid2: null

2022-11-24 17:00:30 - [TEST_STEP][PASSED] - println("requestid kons : " + reqid_kons): null

2022-11-24 17:00:30 - [TEST_STEP][PASSED] - response_searchME_kons = reqid_kons: null

2022-11-24 17:00:30 - [TEST_STEP][PASSED] - response_searchME_spouse = reqid_spouse: null

2022-11-24 17:00:30 - [TEST_STEP][PASSED] - println("kons req id is :" + response_searchME_kons): null

2022-11-24 17:00:30 - [TEST_STEP][PASSED] - println("spouse req id is : " + response_searchME_spouse): null

2022-11-24 17:00:30 - [TEST_STEP][PASSED] - verifyResponseStatusCode(req_data, 200): Verify response status code successfully

2022-11-24 17:00:30 - [MESSAGE][PASSED] - Verify response status code successfully

2022-11-24 17:00:30 - [TEST_STEP][PASSED] - response = req_data.getResponseText(): null

2022-11-24 17:00:30 - [TEST_STEP][PASSED] - logInfo($response): {"status":"Done","data":{"requestid1":"254094","requestid2":"254095"}}

2022-11-24 17:00:30 - [MESSAGE][INFO] - {"status":"Done","data":{"requestid1":"254094","requestid2":"254095"}}

2022-11-24 17:00:30 - [TEST_STEP][PASSED] - delay(5): Delayed 5 second(s)

2022-11-24 17:00:35 - [MESSAGE][PASSED] - Delayed 5 second(s)

2022-11-24 17:00:35 - [TEST_STEP][PASSED] - scoring = sendRequest(findTestObject("EngineScore", ["response_searchME_kons":response_searchME_kons, "response_searchME_spouse":response_searchME_spouse])): Send request successfully

2022-11-24 17:00:35 - [MESSAGE][INFO] - HAR: D:\DMS\Engine Scoring\Reports\20221124_165818\Exclude KKB - DS - Married\Scoring Married - KKB\20221124_165818\requests\main\37.har

2022-11-24 17:00:35 - [MESSAGE][PASSED] - Send request successfully

2022-11-24 17:00:35 - [TEST_STEP][PASSED] - verifyResponseStatusCode(scoring, 200): Verify response status code successfully

2022-11-24 17:00:35 - [MESSAGE][PASSED] - Verify response status code successfully

2022-11-24 17:00:35 - [TEST_STEP][PASSED] - response2 = scoring.getResponseText(): null

2022-11-24 17:00:35 - [TEST_STEP][PASSED] - markPassed("result service data ke : " + no): result service data ke : 118

2022-11-24 17:00:35 - [MESSAGE][PASSED] - result service data ke : 118

2022-11-24 17:00:35 - [TEST_STEP][PASSED] - logInfo($response2): {"result_konsumen":"Approve","result_pasangan":"Approve","Final_result":"Approve","errorMessage":"","status":"Done"}

2022-11-24 17:00:35 - [MESSAGE][INFO] - {"result_konsumen":"Approve","result_pasangan":"Approve","Final_result":"Approve","errorMessage":"","status":"Done"}

2022-11-24 17:00:35 - [TEST_STEP][PASSED] - verifyElementPropertyValue(scoring, "Final_result", final_result): Verify element property value successfully

2022-11-24 17:00:35 - [MESSAGE][PASSED] - Verify element property value successfully]]></system-out>
         <system-err><![CDATA[]]></system-err>
      </testcase>
      <testcase name="Test Cases/Engine_Scoring/Engine Scoring" time="7.038" classname="Test Cases/Engine_Scoring/Engine Scoring" status="PASSED">
         <system-out><![CDATA[2022-11-24 17:00:35 - [TEST_CASE][PASSED] - Test Cases/Engine_Scoring/Engine Scoring: Test Cases/Engine_Scoring/Engine Scoring

2022-11-24 17:00:36 - [TEST_STEP][PASSED] - markPassed("Variasi data ke : " + no): Variasi data ke : 119

2022-11-24 17:00:36 - [MESSAGE][PASSED] - Variasi data ke : 119

2022-11-24 17:00:36 - [TEST_STEP][PASSED] - req_data = sendRequest(findTestObject("Search_ME", ["MID":MID, "source":source, "ip":ip, "userid":userid, "branch":branch, "tipekons":tipekons, "marital":marital, "penjamin":penjamin, ... ])): Send request successfully

2022-11-24 17:00:37 - [MESSAGE][INFO] - HAR: D:\DMS\Engine Scoring\Reports\20221124_165818\Exclude KKB - DS - Married\Scoring Married - KKB\20221124_165818\requests\main\38.har

2022-11-24 17:00:37 - [MESSAGE][PASSED] - Send request successfully

2022-11-24 17:00:37 - [TEST_STEP][PASSED] - slurper = new groovy.json.JsonSlurper(): null

2022-11-24 17:00:37 - [TEST_STEP][PASSED] - result = slurper.parseText(req_data.getResponseBodyContent()): null

2022-11-24 17:00:37 - [TEST_STEP][PASSED] - reqid_kons = requestid1: null

2022-11-24 17:00:37 - [TEST_STEP][PASSED] - reqid_spouse = requestid2: null

2022-11-24 17:00:37 - [TEST_STEP][PASSED] - println("requestid kons : " + reqid_kons): null

2022-11-24 17:00:37 - [TEST_STEP][PASSED] - response_searchME_kons = reqid_kons: null

2022-11-24 17:00:37 - [TEST_STEP][PASSED] - response_searchME_spouse = reqid_spouse: null

2022-11-24 17:00:37 - [TEST_STEP][PASSED] - println("kons req id is :" + response_searchME_kons): null

2022-11-24 17:00:37 - [TEST_STEP][PASSED] - println("spouse req id is : " + response_searchME_spouse): null

2022-11-24 17:00:37 - [TEST_STEP][PASSED] - verifyResponseStatusCode(req_data, 200): Verify response status code successfully

2022-11-24 17:00:37 - [MESSAGE][PASSED] - Verify response status code successfully

2022-11-24 17:00:37 - [TEST_STEP][PASSED] - response = req_data.getResponseText(): null

2022-11-24 17:00:37 - [TEST_STEP][PASSED] - logInfo($response): {"status":"Done","data":{"requestid1":"254096","requestid2":"254097"}}

2022-11-24 17:00:37 - [MESSAGE][INFO] - {"status":"Done","data":{"requestid1":"254096","requestid2":"254097"}}

2022-11-24 17:00:37 - [TEST_STEP][PASSED] - delay(5): Delayed 5 second(s)

2022-11-24 17:00:42 - [MESSAGE][PASSED] - Delayed 5 second(s)

2022-11-24 17:00:42 - [TEST_STEP][PASSED] - scoring = sendRequest(findTestObject("EngineScore", ["response_searchME_kons":response_searchME_kons, "response_searchME_spouse":response_searchME_spouse])): Send request successfully

2022-11-24 17:00:43 - [MESSAGE][INFO] - HAR: D:\DMS\Engine Scoring\Reports\20221124_165818\Exclude KKB - DS - Married\Scoring Married - KKB\20221124_165818\requests\main\39.har

2022-11-24 17:00:43 - [MESSAGE][PASSED] - Send request successfully

2022-11-24 17:00:43 - [TEST_STEP][PASSED] - verifyResponseStatusCode(scoring, 200): Verify response status code successfully

2022-11-24 17:00:43 - [MESSAGE][PASSED] - Verify response status code successfully

2022-11-24 17:00:43 - [TEST_STEP][PASSED] - response2 = scoring.getResponseText(): null

2022-11-24 17:00:43 - [TEST_STEP][PASSED] - markPassed("result service data ke : " + no): result service data ke : 119

2022-11-24 17:00:43 - [MESSAGE][PASSED] - result service data ke : 119

2022-11-24 17:00:43 - [TEST_STEP][PASSED] - logInfo($response2): {"result_konsumen":"Approve","result_pasangan":"Approve","Final_result":"Approve","errorMessage":"","status":"Done"}

2022-11-24 17:00:43 - [MESSAGE][INFO] - {"result_konsumen":"Approve","result_pasangan":"Approve","Final_result":"Approve","errorMessage":"","status":"Done"}

2022-11-24 17:00:43 - [TEST_STEP][PASSED] - verifyElementPropertyValue(scoring, "Final_result", final_result): Verify element property value successfully

2022-11-24 17:00:43 - [MESSAGE][PASSED] - Verify element property value successfully]]></system-out>
         <system-err><![CDATA[]]></system-err>
      </testcase>
      <testcase name="Test Cases/Engine_Scoring/Engine Scoring" time="6.634" classname="Test Cases/Engine_Scoring/Engine Scoring" status="PASSED">
         <system-out><![CDATA[2022-11-24 17:00:43 - [TEST_CASE][PASSED] - Test Cases/Engine_Scoring/Engine Scoring: Test Cases/Engine_Scoring/Engine Scoring

2022-11-24 17:00:43 - [TEST_STEP][PASSED] - markPassed("Variasi data ke : " + no): Variasi data ke : 120

2022-11-24 17:00:43 - [MESSAGE][PASSED] - Variasi data ke : 120

2022-11-24 17:00:43 - [TEST_STEP][PASSED] - req_data = sendRequest(findTestObject("Search_ME", ["MID":MID, "source":source, "ip":ip, "userid":userid, "branch":branch, "tipekons":tipekons, "marital":marital, "penjamin":penjamin, ... ])): Send request successfully

2022-11-24 17:00:44 - [MESSAGE][INFO] - HAR: D:\DMS\Engine Scoring\Reports\20221124_165818\Exclude KKB - DS - Married\Scoring Married - KKB\20221124_165818\requests\main\40.har

2022-11-24 17:00:44 - [MESSAGE][PASSED] - Send request successfully

2022-11-24 17:00:44 - [TEST_STEP][PASSED] - slurper = new groovy.json.JsonSlurper(): null

2022-11-24 17:00:44 - [TEST_STEP][PASSED] - result = slurper.parseText(req_data.getResponseBodyContent()): null

2022-11-24 17:00:44 - [TEST_STEP][PASSED] - reqid_kons = requestid1: null

2022-11-24 17:00:44 - [TEST_STEP][PASSED] - reqid_spouse = requestid2: null

2022-11-24 17:00:44 - [TEST_STEP][PASSED] - println("requestid kons : " + reqid_kons): null

2022-11-24 17:00:44 - [TEST_STEP][PASSED] - response_searchME_kons = reqid_kons: null

2022-11-24 17:00:44 - [TEST_STEP][PASSED] - response_searchME_spouse = reqid_spouse: null

2022-11-24 17:00:44 - [TEST_STEP][PASSED] - println("kons req id is :" + response_searchME_kons): null

2022-11-24 17:00:44 - [TEST_STEP][PASSED] - println("spouse req id is : " + response_searchME_spouse): null

2022-11-24 17:00:44 - [TEST_STEP][PASSED] - verifyResponseStatusCode(req_data, 200): Verify response status code successfully

2022-11-24 17:00:44 - [MESSAGE][PASSED] - Verify response status code successfully

2022-11-24 17:00:44 - [TEST_STEP][PASSED] - response = req_data.getResponseText(): null

2022-11-24 17:00:44 - [TEST_STEP][PASSED] - logInfo($response): {"status":"Done","data":{"requestid1":"254098","requestid2":"254099"}}

2022-11-24 17:00:44 - [MESSAGE][INFO] - {"status":"Done","data":{"requestid1":"254098","requestid2":"254099"}}

2022-11-24 17:00:44 - [TEST_STEP][PASSED] - delay(5): Delayed 5 second(s)

2022-11-24 17:00:49 - [MESSAGE][PASSED] - Delayed 5 second(s)

2022-11-24 17:00:49 - [TEST_STEP][PASSED] - scoring = sendRequest(findTestObject("EngineScore", ["response_searchME_kons":response_searchME_kons, "response_searchME_spouse":response_searchME_spouse])): Send request successfully

2022-11-24 17:00:49 - [MESSAGE][INFO] - HAR: D:\DMS\Engine Scoring\Reports\20221124_165818\Exclude KKB - DS - Married\Scoring Married - KKB\20221124_165818\requests\main\41.har

2022-11-24 17:00:49 - [MESSAGE][PASSED] - Send request successfully

2022-11-24 17:00:49 - [TEST_STEP][PASSED] - verifyResponseStatusCode(scoring, 200): Verify response status code successfully

2022-11-24 17:00:49 - [MESSAGE][PASSED] - Verify response status code successfully

2022-11-24 17:00:49 - [TEST_STEP][PASSED] - response2 = scoring.getResponseText(): null

2022-11-24 17:00:49 - [TEST_STEP][PASSED] - markPassed("result service data ke : " + no): result service data ke : 120

2022-11-24 17:00:49 - [MESSAGE][PASSED] - result service data ke : 120

2022-11-24 17:00:49 - [TEST_STEP][PASSED] - logInfo($response2): {"result_konsumen":"Approve","result_pasangan":"Approve","Final_result":"Approve","errorMessage":"","status":"Done"}

2022-11-24 17:00:49 - [MESSAGE][INFO] - {"result_konsumen":"Approve","result_pasangan":"Approve","Final_result":"Approve","errorMessage":"","status":"Done"}

2022-11-24 17:00:49 - [TEST_STEP][PASSED] - verifyElementPropertyValue(scoring, "Final_result", final_result): Verify element property value successfully

2022-11-24 17:00:49 - [MESSAGE][PASSED] - Verify element property value successfully]]></system-out>
         <system-err><![CDATA[]]></system-err>
      </testcase>
      <testcase name="Test Cases/Engine_Scoring/Engine Scoring" time="6.59" classname="Test Cases/Engine_Scoring/Engine Scoring" status="PASSED">
         <system-out><![CDATA[2022-11-24 17:00:49 - [TEST_CASE][PASSED] - Test Cases/Engine_Scoring/Engine Scoring: Test Cases/Engine_Scoring/Engine Scoring

2022-11-24 17:00:50 - [TEST_STEP][PASSED] - markPassed("Variasi data ke : " + no): Variasi data ke : 121

2022-11-24 17:00:50 - [MESSAGE][PASSED] - Variasi data ke : 121

2022-11-24 17:00:50 - [TEST_STEP][PASSED] - req_data = sendRequest(findTestObject("Search_ME", ["MID":MID, "source":source, "ip":ip, "userid":userid, "branch":branch, "tipekons":tipekons, "marital":marital, "penjamin":penjamin, ... ])): Send request successfully

2022-11-24 17:00:51 - [MESSAGE][INFO] - HAR: D:\DMS\Engine Scoring\Reports\20221124_165818\Exclude KKB - DS - Married\Scoring Married - KKB\20221124_165818\requests\main\42.har

2022-11-24 17:00:51 - [MESSAGE][PASSED] - Send request successfully

2022-11-24 17:00:51 - [TEST_STEP][PASSED] - slurper = new groovy.json.JsonSlurper(): null

2022-11-24 17:00:51 - [TEST_STEP][PASSED] - result = slurper.parseText(req_data.getResponseBodyContent()): null

2022-11-24 17:00:51 - [TEST_STEP][PASSED] - reqid_kons = requestid1: null

2022-11-24 17:00:51 - [TEST_STEP][PASSED] - reqid_spouse = requestid2: null

2022-11-24 17:00:51 - [TEST_STEP][PASSED] - println("requestid kons : " + reqid_kons): null

2022-11-24 17:00:51 - [TEST_STEP][PASSED] - response_searchME_kons = reqid_kons: null

2022-11-24 17:00:51 - [TEST_STEP][PASSED] - response_searchME_spouse = reqid_spouse: null

2022-11-24 17:00:51 - [TEST_STEP][PASSED] - println("kons req id is :" + response_searchME_kons): null

2022-11-24 17:00:51 - [TEST_STEP][PASSED] - println("spouse req id is : " + response_searchME_spouse): null

2022-11-24 17:00:51 - [TEST_STEP][PASSED] - verifyResponseStatusCode(req_data, 200): Verify response status code successfully

2022-11-24 17:00:51 - [MESSAGE][PASSED] - Verify response status code successfully

2022-11-24 17:00:51 - [TEST_STEP][PASSED] - response = req_data.getResponseText(): null

2022-11-24 17:00:51 - [TEST_STEP][PASSED] - logInfo($response): {"status":"Done","data":{"requestid1":"254100","requestid2":"254101"}}

2022-11-24 17:00:51 - [MESSAGE][INFO] - {"status":"Done","data":{"requestid1":"254100","requestid2":"254101"}}

2022-11-24 17:00:51 - [TEST_STEP][PASSED] - delay(5): Delayed 5 second(s)

2022-11-24 17:00:56 - [MESSAGE][PASSED] - Delayed 5 second(s)

2022-11-24 17:00:56 - [TEST_STEP][PASSED] - scoring = sendRequest(findTestObject("EngineScore", ["response_searchME_kons":response_searchME_kons, "response_searchME_spouse":response_searchME_spouse])): Send request successfully

2022-11-24 17:00:56 - [MESSAGE][INFO] - HAR: D:\DMS\Engine Scoring\Reports\20221124_165818\Exclude KKB - DS - Married\Scoring Married - KKB\20221124_165818\requests\main\43.har

2022-11-24 17:00:56 - [MESSAGE][PASSED] - Send request successfully

2022-11-24 17:00:56 - [TEST_STEP][PASSED] - verifyResponseStatusCode(scoring, 200): Verify response status code successfully

2022-11-24 17:00:56 - [MESSAGE][PASSED] - Verify response status code successfully

2022-11-24 17:00:56 - [TEST_STEP][PASSED] - response2 = scoring.getResponseText(): null

2022-11-24 17:00:56 - [TEST_STEP][PASSED] - markPassed("result service data ke : " + no): result service data ke : 121

2022-11-24 17:00:56 - [MESSAGE][PASSED] - result service data ke : 121

2022-11-24 17:00:56 - [TEST_STEP][PASSED] - logInfo($response2): {"result_konsumen":"Approve","result_pasangan":"Approve","Final_result":"Approve","errorMessage":"","status":"Done"}

2022-11-24 17:00:56 - [MESSAGE][INFO] - {"result_konsumen":"Approve","result_pasangan":"Approve","Final_result":"Approve","errorMessage":"","status":"Done"}

2022-11-24 17:00:56 - [TEST_STEP][PASSED] - verifyElementPropertyValue(scoring, "Final_result", final_result): Verify element property value successfully

2022-11-24 17:00:56 - [MESSAGE][PASSED] - Verify element property value successfully]]></system-out>
         <system-err><![CDATA[]]></system-err>
      </testcase>
      <testcase name="Test Cases/Engine_Scoring/Engine Scoring" time="6.625" classname="Test Cases/Engine_Scoring/Engine Scoring" status="PASSED">
         <system-out><![CDATA[2022-11-24 17:00:56 - [TEST_CASE][PASSED] - Test Cases/Engine_Scoring/Engine Scoring: Test Cases/Engine_Scoring/Engine Scoring

2022-11-24 17:00:57 - [TEST_STEP][PASSED] - markPassed("Variasi data ke : " + no): Variasi data ke : 122

2022-11-24 17:00:57 - [MESSAGE][PASSED] - Variasi data ke : 122

2022-11-24 17:00:57 - [TEST_STEP][PASSED] - req_data = sendRequest(findTestObject("Search_ME", ["MID":MID, "source":source, "ip":ip, "userid":userid, "branch":branch, "tipekons":tipekons, "marital":marital, "penjamin":penjamin, ... ])): Send request successfully

2022-11-24 17:00:57 - [MESSAGE][INFO] - HAR: D:\DMS\Engine Scoring\Reports\20221124_165818\Exclude KKB - DS - Married\Scoring Married - KKB\20221124_165818\requests\main\44.har

2022-11-24 17:00:57 - [MESSAGE][PASSED] - Send request successfully

2022-11-24 17:00:57 - [TEST_STEP][PASSED] - slurper = new groovy.json.JsonSlurper(): null

2022-11-24 17:00:57 - [TEST_STEP][PASSED] - result = slurper.parseText(req_data.getResponseBodyContent()): null

2022-11-24 17:00:57 - [TEST_STEP][PASSED] - reqid_kons = requestid1: null

2022-11-24 17:00:57 - [TEST_STEP][PASSED] - reqid_spouse = requestid2: null

2022-11-24 17:00:57 - [TEST_STEP][PASSED] - println("requestid kons : " + reqid_kons): null

2022-11-24 17:00:57 - [TEST_STEP][PASSED] - response_searchME_kons = reqid_kons: null

2022-11-24 17:00:57 - [TEST_STEP][PASSED] - response_searchME_spouse = reqid_spouse: null

2022-11-24 17:00:57 - [TEST_STEP][PASSED] - println("kons req id is :" + response_searchME_kons): null

2022-11-24 17:00:57 - [TEST_STEP][PASSED] - println("spouse req id is : " + response_searchME_spouse): null

2022-11-24 17:00:57 - [TEST_STEP][PASSED] - verifyResponseStatusCode(req_data, 200): Verify response status code successfully

2022-11-24 17:00:57 - [MESSAGE][PASSED] - Verify response status code successfully

2022-11-24 17:00:57 - [TEST_STEP][PASSED] - response = req_data.getResponseText(): null

2022-11-24 17:00:57 - [TEST_STEP][PASSED] - logInfo($response): {"status":"Done","data":{"requestid1":"254102","requestid2":"254103"}}

2022-11-24 17:00:57 - [MESSAGE][INFO] - {"status":"Done","data":{"requestid1":"254102","requestid2":"254103"}}

2022-11-24 17:00:57 - [TEST_STEP][PASSED] - delay(5): Delayed 5 second(s)

2022-11-24 17:01:02 - [MESSAGE][PASSED] - Delayed 5 second(s)

2022-11-24 17:01:02 - [TEST_STEP][PASSED] - scoring = sendRequest(findTestObject("EngineScore", ["response_searchME_kons":response_searchME_kons, "response_searchME_spouse":response_searchME_spouse])): Send request successfully

2022-11-24 17:01:03 - [MESSAGE][INFO] - HAR: D:\DMS\Engine Scoring\Reports\20221124_165818\Exclude KKB - DS - Married\Scoring Married - KKB\20221124_165818\requests\main\45.har

2022-11-24 17:01:03 - [MESSAGE][PASSED] - Send request successfully

2022-11-24 17:01:03 - [TEST_STEP][PASSED] - verifyResponseStatusCode(scoring, 200): Verify response status code successfully

2022-11-24 17:01:03 - [MESSAGE][PASSED] - Verify response status code successfully

2022-11-24 17:01:03 - [TEST_STEP][PASSED] - response2 = scoring.getResponseText(): null

2022-11-24 17:01:03 - [TEST_STEP][PASSED] - markPassed("result service data ke : " + no): result service data ke : 122

2022-11-24 17:01:03 - [MESSAGE][PASSED] - result service data ke : 122

2022-11-24 17:01:03 - [TEST_STEP][PASSED] - logInfo($response2): {"result_konsumen":"Approve","result_pasangan":"Reject","Final_result":"Reject","errorMessage":"","status":"Done"}

2022-11-24 17:01:03 - [MESSAGE][INFO] - {"result_konsumen":"Approve","result_pasangan":"Reject","Final_result":"Reject","errorMessage":"","status":"Done"}

2022-11-24 17:01:03 - [TEST_STEP][PASSED] - verifyElementPropertyValue(scoring, "Final_result", final_result): Verify element property value successfully

2022-11-24 17:01:03 - [MESSAGE][PASSED] - Verify element property value successfully]]></system-out>
         <system-err><![CDATA[]]></system-err>
      </testcase>
      <testcase name="Test Cases/Engine_Scoring/Engine Scoring" time="6.719" classname="Test Cases/Engine_Scoring/Engine Scoring" status="PASSED">
         <system-out><![CDATA[2022-11-24 17:01:03 - [TEST_CASE][PASSED] - Test Cases/Engine_Scoring/Engine Scoring: Test Cases/Engine_Scoring/Engine Scoring

2022-11-24 17:01:03 - [TEST_STEP][PASSED] - markPassed("Variasi data ke : " + no): Variasi data ke : 123

2022-11-24 17:01:03 - [MESSAGE][PASSED] - Variasi data ke : 123

2022-11-24 17:01:03 - [TEST_STEP][PASSED] - req_data = sendRequest(findTestObject("Search_ME", ["MID":MID, "source":source, "ip":ip, "userid":userid, "branch":branch, "tipekons":tipekons, "marital":marital, "penjamin":penjamin, ... ])): Send request successfully

2022-11-24 17:01:04 - [MESSAGE][INFO] - HAR: D:\DMS\Engine Scoring\Reports\20221124_165818\Exclude KKB - DS - Married\Scoring Married - KKB\20221124_165818\requests\main\46.har

2022-11-24 17:01:04 - [MESSAGE][PASSED] - Send request successfully

2022-11-24 17:01:04 - [TEST_STEP][PASSED] - slurper = new groovy.json.JsonSlurper(): null

2022-11-24 17:01:04 - [TEST_STEP][PASSED] - result = slurper.parseText(req_data.getResponseBodyContent()): null

2022-11-24 17:01:04 - [TEST_STEP][PASSED] - reqid_kons = requestid1: null

2022-11-24 17:01:04 - [TEST_STEP][PASSED] - reqid_spouse = requestid2: null

2022-11-24 17:01:04 - [TEST_STEP][PASSED] - println("requestid kons : " + reqid_kons): null

2022-11-24 17:01:04 - [TEST_STEP][PASSED] - response_searchME_kons = reqid_kons: null

2022-11-24 17:01:04 - [TEST_STEP][PASSED] - response_searchME_spouse = reqid_spouse: null

2022-11-24 17:01:04 - [TEST_STEP][PASSED] - println("kons req id is :" + response_searchME_kons): null

2022-11-24 17:01:04 - [TEST_STEP][PASSED] - println("spouse req id is : " + response_searchME_spouse): null

2022-11-24 17:01:04 - [TEST_STEP][PASSED] - verifyResponseStatusCode(req_data, 200): Verify response status code successfully

2022-11-24 17:01:04 - [MESSAGE][PASSED] - Verify response status code successfully

2022-11-24 17:01:04 - [TEST_STEP][PASSED] - response = req_data.getResponseText(): null

2022-11-24 17:01:04 - [TEST_STEP][PASSED] - logInfo($response): {"status":"Done","data":{"requestid1":"254104","requestid2":"254105"}}

2022-11-24 17:01:04 - [MESSAGE][INFO] - {"status":"Done","data":{"requestid1":"254104","requestid2":"254105"}}

2022-11-24 17:01:04 - [TEST_STEP][PASSED] - delay(5): Delayed 5 second(s)

2022-11-24 17:01:09 - [MESSAGE][PASSED] - Delayed 5 second(s)

2022-11-24 17:01:09 - [TEST_STEP][PASSED] - scoring = sendRequest(findTestObject("EngineScore", ["response_searchME_kons":response_searchME_kons, "response_searchME_spouse":response_searchME_spouse])): Send request successfully

2022-11-24 17:01:09 - [MESSAGE][INFO] - HAR: D:\DMS\Engine Scoring\Reports\20221124_165818\Exclude KKB - DS - Married\Scoring Married - KKB\20221124_165818\requests\main\47.har

2022-11-24 17:01:09 - [MESSAGE][PASSED] - Send request successfully

2022-11-24 17:01:09 - [TEST_STEP][PASSED] - verifyResponseStatusCode(scoring, 200): Verify response status code successfully

2022-11-24 17:01:09 - [MESSAGE][PASSED] - Verify response status code successfully

2022-11-24 17:01:09 - [TEST_STEP][PASSED] - response2 = scoring.getResponseText(): null

2022-11-24 17:01:09 - [TEST_STEP][PASSED] - markPassed("result service data ke : " + no): result service data ke : 123

2022-11-24 17:01:09 - [MESSAGE][PASSED] - result service data ke : 123

2022-11-24 17:01:09 - [TEST_STEP][PASSED] - logInfo($response2): {"result_konsumen":"Approve","result_pasangan":"Reject","Final_result":"Reject","errorMessage":"","status":"Done"}

2022-11-24 17:01:09 - [MESSAGE][INFO] - {"result_konsumen":"Approve","result_pasangan":"Reject","Final_result":"Reject","errorMessage":"","status":"Done"}

2022-11-24 17:01:09 - [TEST_STEP][PASSED] - verifyElementPropertyValue(scoring, "Final_result", final_result): Verify element property value successfully

2022-11-24 17:01:09 - [MESSAGE][PASSED] - Verify element property value successfully]]></system-out>
         <system-err><![CDATA[]]></system-err>
      </testcase>
      <testcase name="Test Cases/Engine_Scoring/Engine Scoring" time="6.55" classname="Test Cases/Engine_Scoring/Engine Scoring" status="PASSED">
         <system-out><![CDATA[2022-11-24 17:01:09 - [TEST_CASE][PASSED] - Test Cases/Engine_Scoring/Engine Scoring: Test Cases/Engine_Scoring/Engine Scoring

2022-11-24 17:01:10 - [TEST_STEP][PASSED] - markPassed("Variasi data ke : " + no): Variasi data ke : 124

2022-11-24 17:01:10 - [MESSAGE][PASSED] - Variasi data ke : 124

2022-11-24 17:01:10 - [TEST_STEP][PASSED] - req_data = sendRequest(findTestObject("Search_ME", ["MID":MID, "source":source, "ip":ip, "userid":userid, "branch":branch, "tipekons":tipekons, "marital":marital, "penjamin":penjamin, ... ])): Send request successfully

2022-11-24 17:01:11 - [MESSAGE][INFO] - HAR: D:\DMS\Engine Scoring\Reports\20221124_165818\Exclude KKB - DS - Married\Scoring Married - KKB\20221124_165818\requests\main\48.har

2022-11-24 17:01:11 - [MESSAGE][PASSED] - Send request successfully

2022-11-24 17:01:11 - [TEST_STEP][PASSED] - slurper = new groovy.json.JsonSlurper(): null

2022-11-24 17:01:11 - [TEST_STEP][PASSED] - result = slurper.parseText(req_data.getResponseBodyContent()): null

2022-11-24 17:01:11 - [TEST_STEP][PASSED] - reqid_kons = requestid1: null

2022-11-24 17:01:11 - [TEST_STEP][PASSED] - reqid_spouse = requestid2: null

2022-11-24 17:01:11 - [TEST_STEP][PASSED] - println("requestid kons : " + reqid_kons): null

2022-11-24 17:01:11 - [TEST_STEP][PASSED] - response_searchME_kons = reqid_kons: null

2022-11-24 17:01:11 - [TEST_STEP][PASSED] - response_searchME_spouse = reqid_spouse: null

2022-11-24 17:01:11 - [TEST_STEP][PASSED] - println("kons req id is :" + response_searchME_kons): null

2022-11-24 17:01:11 - [TEST_STEP][PASSED] - println("spouse req id is : " + response_searchME_spouse): null

2022-11-24 17:01:11 - [TEST_STEP][PASSED] - verifyResponseStatusCode(req_data, 200): Verify response status code successfully

2022-11-24 17:01:11 - [MESSAGE][PASSED] - Verify response status code successfully

2022-11-24 17:01:11 - [TEST_STEP][PASSED] - response = req_data.getResponseText(): null

2022-11-24 17:01:11 - [TEST_STEP][PASSED] - logInfo($response): {"status":"Done","data":{"requestid1":"254106","requestid2":"254107"}}

2022-11-24 17:01:11 - [MESSAGE][INFO] - {"status":"Done","data":{"requestid1":"254106","requestid2":"254107"}}

2022-11-24 17:01:11 - [TEST_STEP][PASSED] - delay(5): Delayed 5 second(s)

2022-11-24 17:01:16 - [MESSAGE][PASSED] - Delayed 5 second(s)

2022-11-24 17:01:16 - [TEST_STEP][PASSED] - scoring = sendRequest(findTestObject("EngineScore", ["response_searchME_kons":response_searchME_kons, "response_searchME_spouse":response_searchME_spouse])): Send request successfully

2022-11-24 17:01:16 - [MESSAGE][INFO] - HAR: D:\DMS\Engine Scoring\Reports\20221124_165818\Exclude KKB - DS - Married\Scoring Married - KKB\20221124_165818\requests\main\49.har

2022-11-24 17:01:16 - [MESSAGE][PASSED] - Send request successfully

2022-11-24 17:01:16 - [TEST_STEP][PASSED] - verifyResponseStatusCode(scoring, 200): Verify response status code successfully

2022-11-24 17:01:16 - [MESSAGE][PASSED] - Verify response status code successfully

2022-11-24 17:01:16 - [TEST_STEP][PASSED] - response2 = scoring.getResponseText(): null

2022-11-24 17:01:16 - [TEST_STEP][PASSED] - markPassed("result service data ke : " + no): result service data ke : 124

2022-11-24 17:01:16 - [MESSAGE][PASSED] - result service data ke : 124

2022-11-24 17:01:16 - [TEST_STEP][PASSED] - logInfo($response2): {"result_konsumen":"Approve","result_pasangan":"Reguler","Final_result":"Approve","errorMessage":"","status":"Done"}

2022-11-24 17:01:16 - [MESSAGE][INFO] - {"result_konsumen":"Approve","result_pasangan":"Reguler","Final_result":"Approve","errorMessage":"","status":"Done"}

2022-11-24 17:01:16 - [TEST_STEP][PASSED] - verifyElementPropertyValue(scoring, "Final_result", final_result): Verify element property value successfully

2022-11-24 17:01:16 - [MESSAGE][PASSED] - Verify element property value successfully]]></system-out>
         <system-err><![CDATA[]]></system-err>
      </testcase>
      <testcase name="Test Cases/Engine_Scoring/Engine Scoring" time="6.608" classname="Test Cases/Engine_Scoring/Engine Scoring" status="PASSED">
         <system-out><![CDATA[2022-11-24 17:01:16 - [TEST_CASE][PASSED] - Test Cases/Engine_Scoring/Engine Scoring: Test Cases/Engine_Scoring/Engine Scoring

2022-11-24 17:01:17 - [TEST_STEP][PASSED] - markPassed("Variasi data ke : " + no): Variasi data ke : 125

2022-11-24 17:01:17 - [MESSAGE][PASSED] - Variasi data ke : 125

2022-11-24 17:01:17 - [TEST_STEP][PASSED] - req_data = sendRequest(findTestObject("Search_ME", ["MID":MID, "source":source, "ip":ip, "userid":userid, "branch":branch, "tipekons":tipekons, "marital":marital, "penjamin":penjamin, ... ])): Send request successfully

2022-11-24 17:01:17 - [MESSAGE][INFO] - HAR: D:\DMS\Engine Scoring\Reports\20221124_165818\Exclude KKB - DS - Married\Scoring Married - KKB\20221124_165818\requests\main\50.har

2022-11-24 17:01:18 - [MESSAGE][PASSED] - Send request successfully

2022-11-24 17:01:18 - [TEST_STEP][PASSED] - slurper = new groovy.json.JsonSlurper(): null

2022-11-24 17:01:18 - [TEST_STEP][PASSED] - result = slurper.parseText(req_data.getResponseBodyContent()): null

2022-11-24 17:01:18 - [TEST_STEP][PASSED] - reqid_kons = requestid1: null

2022-11-24 17:01:18 - [TEST_STEP][PASSED] - reqid_spouse = requestid2: null

2022-11-24 17:01:18 - [TEST_STEP][PASSED] - println("requestid kons : " + reqid_kons): null

2022-11-24 17:01:18 - [TEST_STEP][PASSED] - response_searchME_kons = reqid_kons: null

2022-11-24 17:01:18 - [TEST_STEP][PASSED] - response_searchME_spouse = reqid_spouse: null

2022-11-24 17:01:18 - [TEST_STEP][PASSED] - println("kons req id is :" + response_searchME_kons): null

2022-11-24 17:01:18 - [TEST_STEP][PASSED] - println("spouse req id is : " + response_searchME_spouse): null

2022-11-24 17:01:18 - [TEST_STEP][PASSED] - verifyResponseStatusCode(req_data, 200): Verify response status code successfully

2022-11-24 17:01:18 - [MESSAGE][PASSED] - Verify response status code successfully

2022-11-24 17:01:18 - [TEST_STEP][PASSED] - response = req_data.getResponseText(): null

2022-11-24 17:01:18 - [TEST_STEP][PASSED] - logInfo($response): {"status":"Done","data":{"requestid1":"254108","requestid2":"254109"}}

2022-11-24 17:01:18 - [MESSAGE][INFO] - {"status":"Done","data":{"requestid1":"254108","requestid2":"254109"}}

2022-11-24 17:01:18 - [TEST_STEP][PASSED] - delay(5): Delayed 5 second(s)

2022-11-24 17:01:23 - [MESSAGE][PASSED] - Delayed 5 second(s)

2022-11-24 17:01:23 - [TEST_STEP][PASSED] - scoring = sendRequest(findTestObject("EngineScore", ["response_searchME_kons":response_searchME_kons, "response_searchME_spouse":response_searchME_spouse])): Send request successfully

2022-11-24 17:01:23 - [MESSAGE][INFO] - HAR: D:\DMS\Engine Scoring\Reports\20221124_165818\Exclude KKB - DS - Married\Scoring Married - KKB\20221124_165818\requests\main\51.har

2022-11-24 17:01:23 - [MESSAGE][PASSED] - Send request successfully

2022-11-24 17:01:23 - [TEST_STEP][PASSED] - verifyResponseStatusCode(scoring, 200): Verify response status code successfully

2022-11-24 17:01:23 - [MESSAGE][PASSED] - Verify response status code successfully

2022-11-24 17:01:23 - [TEST_STEP][PASSED] - response2 = scoring.getResponseText(): null

2022-11-24 17:01:23 - [TEST_STEP][PASSED] - markPassed("result service data ke : " + no): result service data ke : 125

2022-11-24 17:01:23 - [MESSAGE][PASSED] - result service data ke : 125

2022-11-24 17:01:23 - [TEST_STEP][PASSED] - logInfo($response2): {"result_konsumen":"Approve","result_pasangan":"Reguler","Final_result":"Approve","errorMessage":"","status":"Done"}

2022-11-24 17:01:23 - [MESSAGE][INFO] - {"result_konsumen":"Approve","result_pasangan":"Reguler","Final_result":"Approve","errorMessage":"","status":"Done"}

2022-11-24 17:01:23 - [TEST_STEP][PASSED] - verifyElementPropertyValue(scoring, "Final_result", final_result): Verify element property value successfully

2022-11-24 17:01:23 - [MESSAGE][PASSED] - Verify element property value successfully]]></system-out>
         <system-err><![CDATA[]]></system-err>
      </testcase>
      <testcase name="Test Cases/Engine_Scoring/Engine Scoring" time="6.632" classname="Test Cases/Engine_Scoring/Engine Scoring" status="PASSED">
         <system-out><![CDATA[2022-11-24 17:01:23 - [TEST_CASE][PASSED] - Test Cases/Engine_Scoring/Engine Scoring: Test Cases/Engine_Scoring/Engine Scoring

2022-11-24 17:01:23 - [TEST_STEP][PASSED] - markPassed("Variasi data ke : " + no): Variasi data ke : 126

2022-11-24 17:01:23 - [MESSAGE][PASSED] - Variasi data ke : 126

2022-11-24 17:01:23 - [TEST_STEP][PASSED] - req_data = sendRequest(findTestObject("Search_ME", ["MID":MID, "source":source, "ip":ip, "userid":userid, "branch":branch, "tipekons":tipekons, "marital":marital, "penjamin":penjamin, ... ])): Send request successfully

2022-11-24 17:01:24 - [MESSAGE][INFO] - HAR: D:\DMS\Engine Scoring\Reports\20221124_165818\Exclude KKB - DS - Married\Scoring Married - KKB\20221124_165818\requests\main\52.har

2022-11-24 17:01:24 - [MESSAGE][PASSED] - Send request successfully

2022-11-24 17:01:24 - [TEST_STEP][PASSED] - slurper = new groovy.json.JsonSlurper(): null

2022-11-24 17:01:24 - [TEST_STEP][PASSED] - result = slurper.parseText(req_data.getResponseBodyContent()): null

2022-11-24 17:01:24 - [TEST_STEP][PASSED] - reqid_kons = requestid1: null

2022-11-24 17:01:24 - [TEST_STEP][PASSED] - reqid_spouse = requestid2: null

2022-11-24 17:01:24 - [TEST_STEP][PASSED] - println("requestid kons : " + reqid_kons): null

2022-11-24 17:01:24 - [TEST_STEP][PASSED] - response_searchME_kons = reqid_kons: null

2022-11-24 17:01:24 - [TEST_STEP][PASSED] - response_searchME_spouse = reqid_spouse: null

2022-11-24 17:01:24 - [TEST_STEP][PASSED] - println("kons req id is :" + response_searchME_kons): null

2022-11-24 17:01:24 - [TEST_STEP][PASSED] - println("spouse req id is : " + response_searchME_spouse): null

2022-11-24 17:01:24 - [TEST_STEP][PASSED] - verifyResponseStatusCode(req_data, 200): Verify response status code successfully

2022-11-24 17:01:24 - [MESSAGE][PASSED] - Verify response status code successfully

2022-11-24 17:01:24 - [TEST_STEP][PASSED] - response = req_data.getResponseText(): null

2022-11-24 17:01:24 - [TEST_STEP][PASSED] - logInfo($response): {"status":"Done","data":{"requestid1":"254110","requestid2":"254111"}}

2022-11-24 17:01:24 - [MESSAGE][INFO] - {"status":"Done","data":{"requestid1":"254110","requestid2":"254111"}}

2022-11-24 17:01:24 - [TEST_STEP][PASSED] - delay(5): Delayed 5 second(s)

2022-11-24 17:01:29 - [MESSAGE][PASSED] - Delayed 5 second(s)

2022-11-24 17:01:29 - [TEST_STEP][PASSED] - scoring = sendRequest(findTestObject("EngineScore", ["response_searchME_kons":response_searchME_kons, "response_searchME_spouse":response_searchME_spouse])): Send request successfully

2022-11-24 17:01:29 - [MESSAGE][INFO] - HAR: D:\DMS\Engine Scoring\Reports\20221124_165818\Exclude KKB - DS - Married\Scoring Married - KKB\20221124_165818\requests\main\53.har

2022-11-24 17:01:29 - [MESSAGE][PASSED] - Send request successfully

2022-11-24 17:01:29 - [TEST_STEP][PASSED] - verifyResponseStatusCode(scoring, 200): Verify response status code successfully

2022-11-24 17:01:29 - [MESSAGE][PASSED] - Verify response status code successfully

2022-11-24 17:01:29 - [TEST_STEP][PASSED] - response2 = scoring.getResponseText(): null

2022-11-24 17:01:29 - [TEST_STEP][PASSED] - markPassed("result service data ke : " + no): result service data ke : 126

2022-11-24 17:01:29 - [MESSAGE][PASSED] - result service data ke : 126

2022-11-24 17:01:29 - [TEST_STEP][PASSED] - logInfo($response2): {"result_konsumen":"Approve","result_pasangan":"Reguler","Final_result":"Approve","errorMessage":"","status":"Done"}

2022-11-24 17:01:29 - [MESSAGE][INFO] - {"result_konsumen":"Approve","result_pasangan":"Reguler","Final_result":"Approve","errorMessage":"","status":"Done"}

2022-11-24 17:01:29 - [TEST_STEP][PASSED] - verifyElementPropertyValue(scoring, "Final_result", final_result): Verify element property value successfully

2022-11-24 17:01:29 - [MESSAGE][PASSED] - Verify element property value successfully]]></system-out>
         <system-err><![CDATA[]]></system-err>
      </testcase>
      <testcase name="Test Cases/Engine_Scoring/Engine Scoring" time="6.558" classname="Test Cases/Engine_Scoring/Engine Scoring" status="PASSED">
         <system-out><![CDATA[2022-11-24 17:01:29 - [TEST_CASE][PASSED] - Test Cases/Engine_Scoring/Engine Scoring: Test Cases/Engine_Scoring/Engine Scoring

2022-11-24 17:01:30 - [TEST_STEP][PASSED] - markPassed("Variasi data ke : " + no): Variasi data ke : 127

2022-11-24 17:01:30 - [MESSAGE][PASSED] - Variasi data ke : 127

2022-11-24 17:01:30 - [TEST_STEP][PASSED] - req_data = sendRequest(findTestObject("Search_ME", ["MID":MID, "source":source, "ip":ip, "userid":userid, "branch":branch, "tipekons":tipekons, "marital":marital, "penjamin":penjamin, ... ])): Send request successfully

2022-11-24 17:01:31 - [MESSAGE][INFO] - HAR: D:\DMS\Engine Scoring\Reports\20221124_165818\Exclude KKB - DS - Married\Scoring Married - KKB\20221124_165818\requests\main\54.har

2022-11-24 17:01:31 - [MESSAGE][PASSED] - Send request successfully

2022-11-24 17:01:31 - [TEST_STEP][PASSED] - slurper = new groovy.json.JsonSlurper(): null

2022-11-24 17:01:31 - [TEST_STEP][PASSED] - result = slurper.parseText(req_data.getResponseBodyContent()): null

2022-11-24 17:01:31 - [TEST_STEP][PASSED] - reqid_kons = requestid1: null

2022-11-24 17:01:31 - [TEST_STEP][PASSED] - reqid_spouse = requestid2: null

2022-11-24 17:01:31 - [TEST_STEP][PASSED] - println("requestid kons : " + reqid_kons): null

2022-11-24 17:01:31 - [TEST_STEP][PASSED] - response_searchME_kons = reqid_kons: null

2022-11-24 17:01:31 - [TEST_STEP][PASSED] - response_searchME_spouse = reqid_spouse: null

2022-11-24 17:01:31 - [TEST_STEP][PASSED] - println("kons req id is :" + response_searchME_kons): null

2022-11-24 17:01:31 - [TEST_STEP][PASSED] - println("spouse req id is : " + response_searchME_spouse): null

2022-11-24 17:01:31 - [TEST_STEP][PASSED] - verifyResponseStatusCode(req_data, 200): Verify response status code successfully

2022-11-24 17:01:31 - [MESSAGE][PASSED] - Verify response status code successfully

2022-11-24 17:01:31 - [TEST_STEP][PASSED] - response = req_data.getResponseText(): null

2022-11-24 17:01:31 - [TEST_STEP][PASSED] - logInfo($response): {"status":"Done","data":{"requestid1":"254112","requestid2":"254113"}}

2022-11-24 17:01:31 - [MESSAGE][INFO] - {"status":"Done","data":{"requestid1":"254112","requestid2":"254113"}}

2022-11-24 17:01:31 - [TEST_STEP][PASSED] - delay(5): Delayed 5 second(s)

2022-11-24 17:01:36 - [MESSAGE][PASSED] - Delayed 5 second(s)

2022-11-24 17:01:36 - [TEST_STEP][PASSED] - scoring = sendRequest(findTestObject("EngineScore", ["response_searchME_kons":response_searchME_kons, "response_searchME_spouse":response_searchME_spouse])): Send request successfully

2022-11-24 17:01:36 - [MESSAGE][INFO] - HAR: D:\DMS\Engine Scoring\Reports\20221124_165818\Exclude KKB - DS - Married\Scoring Married - KKB\20221124_165818\requests\main\55.har

2022-11-24 17:01:36 - [MESSAGE][PASSED] - Send request successfully

2022-11-24 17:01:36 - [TEST_STEP][PASSED] - verifyResponseStatusCode(scoring, 200): Verify response status code successfully

2022-11-24 17:01:36 - [MESSAGE][PASSED] - Verify response status code successfully

2022-11-24 17:01:36 - [TEST_STEP][PASSED] - response2 = scoring.getResponseText(): null

2022-11-24 17:01:36 - [TEST_STEP][PASSED] - markPassed("result service data ke : " + no): result service data ke : 127

2022-11-24 17:01:36 - [MESSAGE][PASSED] - result service data ke : 127

2022-11-24 17:01:36 - [TEST_STEP][PASSED] - logInfo($response2): {"result_konsumen":"Approve","result_pasangan":"Approve","Final_result":"Approve","errorMessage":"","status":"Done"}

2022-11-24 17:01:36 - [MESSAGE][INFO] - {"result_konsumen":"Approve","result_pasangan":"Approve","Final_result":"Approve","errorMessage":"","status":"Done"}

2022-11-24 17:01:36 - [TEST_STEP][PASSED] - verifyElementPropertyValue(scoring, "Final_result", final_result): Verify element property value successfully

2022-11-24 17:01:36 - [MESSAGE][PASSED] - Verify element property value successfully]]></system-out>
         <system-err><![CDATA[]]></system-err>
      </testcase>
      <testcase name="Test Cases/Engine_Scoring/Engine Scoring" time="6.601" classname="Test Cases/Engine_Scoring/Engine Scoring" status="PASSED">
         <system-out><![CDATA[2022-11-24 17:01:36 - [TEST_CASE][PASSED] - Test Cases/Engine_Scoring/Engine Scoring: Test Cases/Engine_Scoring/Engine Scoring

2022-11-24 17:01:37 - [TEST_STEP][PASSED] - markPassed("Variasi data ke : " + no): Variasi data ke : 128

2022-11-24 17:01:37 - [MESSAGE][PASSED] - Variasi data ke : 128

2022-11-24 17:01:37 - [TEST_STEP][PASSED] - req_data = sendRequest(findTestObject("Search_ME", ["MID":MID, "source":source, "ip":ip, "userid":userid, "branch":branch, "tipekons":tipekons, "marital":marital, "penjamin":penjamin, ... ])): Send request successfully

2022-11-24 17:01:37 - [MESSAGE][INFO] - HAR: D:\DMS\Engine Scoring\Reports\20221124_165818\Exclude KKB - DS - Married\Scoring Married - KKB\20221124_165818\requests\main\56.har

2022-11-24 17:01:37 - [MESSAGE][PASSED] - Send request successfully

2022-11-24 17:01:37 - [TEST_STEP][PASSED] - slurper = new groovy.json.JsonSlurper(): null

2022-11-24 17:01:37 - [TEST_STEP][PASSED] - result = slurper.parseText(req_data.getResponseBodyContent()): null

2022-11-24 17:01:37 - [TEST_STEP][PASSED] - reqid_kons = requestid1: null

2022-11-24 17:01:37 - [TEST_STEP][PASSED] - reqid_spouse = requestid2: null

2022-11-24 17:01:37 - [TEST_STEP][PASSED] - println("requestid kons : " + reqid_kons): null

2022-11-24 17:01:37 - [TEST_STEP][PASSED] - response_searchME_kons = reqid_kons: null

2022-11-24 17:01:37 - [TEST_STEP][PASSED] - response_searchME_spouse = reqid_spouse: null

2022-11-24 17:01:37 - [TEST_STEP][PASSED] - println("kons req id is :" + response_searchME_kons): null

2022-11-24 17:01:37 - [TEST_STEP][PASSED] - println("spouse req id is : " + response_searchME_spouse): null

2022-11-24 17:01:37 - [TEST_STEP][PASSED] - verifyResponseStatusCode(req_data, 200): Verify response status code successfully

2022-11-24 17:01:37 - [MESSAGE][PASSED] - Verify response status code successfully

2022-11-24 17:01:37 - [TEST_STEP][PASSED] - response = req_data.getResponseText(): null

2022-11-24 17:01:37 - [TEST_STEP][PASSED] - logInfo($response): {"status":"Done","data":{"requestid1":"254114","requestid2":"254115"}}

2022-11-24 17:01:37 - [MESSAGE][INFO] - {"status":"Done","data":{"requestid1":"254114","requestid2":"254115"}}

2022-11-24 17:01:37 - [TEST_STEP][PASSED] - delay(5): Delayed 5 second(s)

2022-11-24 17:01:42 - [MESSAGE][PASSED] - Delayed 5 second(s)

2022-11-24 17:01:42 - [TEST_STEP][PASSED] - scoring = sendRequest(findTestObject("EngineScore", ["response_searchME_kons":response_searchME_kons, "response_searchME_spouse":response_searchME_spouse])): Send request successfully

2022-11-24 17:01:43 - [MESSAGE][INFO] - HAR: D:\DMS\Engine Scoring\Reports\20221124_165818\Exclude KKB - DS - Married\Scoring Married - KKB\20221124_165818\requests\main\57.har

2022-11-24 17:01:43 - [MESSAGE][PASSED] - Send request successfully

2022-11-24 17:01:43 - [TEST_STEP][PASSED] - verifyResponseStatusCode(scoring, 200): Verify response status code successfully

2022-11-24 17:01:43 - [MESSAGE][PASSED] - Verify response status code successfully

2022-11-24 17:01:43 - [TEST_STEP][PASSED] - response2 = scoring.getResponseText(): null

2022-11-24 17:01:43 - [TEST_STEP][PASSED] - markPassed("result service data ke : " + no): result service data ke : 128

2022-11-24 17:01:43 - [MESSAGE][PASSED] - result service data ke : 128

2022-11-24 17:01:43 - [TEST_STEP][PASSED] - logInfo($response2): {"result_konsumen":"Approve","result_pasangan":"Approve","Final_result":"Approve","errorMessage":"","status":"Done"}

2022-11-24 17:01:43 - [MESSAGE][INFO] - {"result_konsumen":"Approve","result_pasangan":"Approve","Final_result":"Approve","errorMessage":"","status":"Done"}

2022-11-24 17:01:43 - [TEST_STEP][PASSED] - verifyElementPropertyValue(scoring, "Final_result", final_result): Verify element property value successfully

2022-11-24 17:01:43 - [MESSAGE][PASSED] - Verify element property value successfully]]></system-out>
         <system-err><![CDATA[]]></system-err>
      </testcase>
      <testcase name="Test Cases/Engine_Scoring/Engine Scoring" time="6.525" classname="Test Cases/Engine_Scoring/Engine Scoring" status="PASSED">
         <system-out><![CDATA[2022-11-24 17:01:43 - [TEST_CASE][PASSED] - Test Cases/Engine_Scoring/Engine Scoring: Test Cases/Engine_Scoring/Engine Scoring

2022-11-24 17:01:43 - [TEST_STEP][PASSED] - markPassed("Variasi data ke : " + no): Variasi data ke : 129

2022-11-24 17:01:43 - [MESSAGE][PASSED] - Variasi data ke : 129

2022-11-24 17:01:43 - [TEST_STEP][PASSED] - req_data = sendRequest(findTestObject("Search_ME", ["MID":MID, "source":source, "ip":ip, "userid":userid, "branch":branch, "tipekons":tipekons, "marital":marital, "penjamin":penjamin, ... ])): Send request successfully

2022-11-24 17:01:44 - [MESSAGE][INFO] - HAR: D:\DMS\Engine Scoring\Reports\20221124_165818\Exclude KKB - DS - Married\Scoring Married - KKB\20221124_165818\requests\main\58.har

2022-11-24 17:01:44 - [MESSAGE][PASSED] - Send request successfully

2022-11-24 17:01:44 - [TEST_STEP][PASSED] - slurper = new groovy.json.JsonSlurper(): null

2022-11-24 17:01:44 - [TEST_STEP][PASSED] - result = slurper.parseText(req_data.getResponseBodyContent()): null

2022-11-24 17:01:44 - [TEST_STEP][PASSED] - reqid_kons = requestid1: null

2022-11-24 17:01:44 - [TEST_STEP][PASSED] - reqid_spouse = requestid2: null

2022-11-24 17:01:44 - [TEST_STEP][PASSED] - println("requestid kons : " + reqid_kons): null

2022-11-24 17:01:44 - [TEST_STEP][PASSED] - response_searchME_kons = reqid_kons: null

2022-11-24 17:01:44 - [TEST_STEP][PASSED] - response_searchME_spouse = reqid_spouse: null

2022-11-24 17:01:44 - [TEST_STEP][PASSED] - println("kons req id is :" + response_searchME_kons): null

2022-11-24 17:01:44 - [TEST_STEP][PASSED] - println("spouse req id is : " + response_searchME_spouse): null

2022-11-24 17:01:44 - [TEST_STEP][PASSED] - verifyResponseStatusCode(req_data, 200): Verify response status code successfully

2022-11-24 17:01:44 - [MESSAGE][PASSED] - Verify response status code successfully

2022-11-24 17:01:44 - [TEST_STEP][PASSED] - response = req_data.getResponseText(): null

2022-11-24 17:01:44 - [TEST_STEP][PASSED] - logInfo($response): {"status":"Done","data":{"requestid1":"254116","requestid2":"254117"}}

2022-11-24 17:01:44 - [MESSAGE][INFO] - {"status":"Done","data":{"requestid1":"254116","requestid2":"254117"}}

2022-11-24 17:01:44 - [TEST_STEP][PASSED] - delay(5): Delayed 5 second(s)

2022-11-24 17:01:49 - [MESSAGE][PASSED] - Delayed 5 second(s)

2022-11-24 17:01:49 - [TEST_STEP][PASSED] - scoring = sendRequest(findTestObject("EngineScore", ["response_searchME_kons":response_searchME_kons, "response_searchME_spouse":response_searchME_spouse])): Send request successfully

2022-11-24 17:01:49 - [MESSAGE][INFO] - HAR: D:\DMS\Engine Scoring\Reports\20221124_165818\Exclude KKB - DS - Married\Scoring Married - KKB\20221124_165818\requests\main\59.har

2022-11-24 17:01:49 - [MESSAGE][PASSED] - Send request successfully

2022-11-24 17:01:49 - [TEST_STEP][PASSED] - verifyResponseStatusCode(scoring, 200): Verify response status code successfully

2022-11-24 17:01:49 - [MESSAGE][PASSED] - Verify response status code successfully

2022-11-24 17:01:49 - [TEST_STEP][PASSED] - response2 = scoring.getResponseText(): null

2022-11-24 17:01:49 - [TEST_STEP][PASSED] - markPassed("result service data ke : " + no): result service data ke : 129

2022-11-24 17:01:49 - [MESSAGE][PASSED] - result service data ke : 129

2022-11-24 17:01:49 - [TEST_STEP][PASSED] - logInfo($response2): {"result_konsumen":"Approve","result_pasangan":"Approve","Final_result":"Approve","errorMessage":"","status":"Done"}

2022-11-24 17:01:49 - [MESSAGE][INFO] - {"result_konsumen":"Approve","result_pasangan":"Approve","Final_result":"Approve","errorMessage":"","status":"Done"}

2022-11-24 17:01:49 - [TEST_STEP][PASSED] - verifyElementPropertyValue(scoring, "Final_result", final_result): Verify element property value successfully

2022-11-24 17:01:49 - [MESSAGE][PASSED] - Verify element property value successfully]]></system-out>
         <system-err><![CDATA[]]></system-err>
      </testcase>
      <testcase name="Test Cases/Engine_Scoring/Engine Scoring" time="6.506" classname="Test Cases/Engine_Scoring/Engine Scoring" status="PASSED">
         <system-out><![CDATA[2022-11-24 17:01:49 - [TEST_CASE][PASSED] - Test Cases/Engine_Scoring/Engine Scoring: Test Cases/Engine_Scoring/Engine Scoring

2022-11-24 17:01:50 - [TEST_STEP][PASSED] - markPassed("Variasi data ke : " + no): Variasi data ke : 130

2022-11-24 17:01:50 - [MESSAGE][PASSED] - Variasi data ke : 130

2022-11-24 17:01:50 - [TEST_STEP][PASSED] - req_data = sendRequest(findTestObject("Search_ME", ["MID":MID, "source":source, "ip":ip, "userid":userid, "branch":branch, "tipekons":tipekons, "marital":marital, "penjamin":penjamin, ... ])): Send request successfully

2022-11-24 17:01:51 - [MESSAGE][INFO] - HAR: D:\DMS\Engine Scoring\Reports\20221124_165818\Exclude KKB - DS - Married\Scoring Married - KKB\20221124_165818\requests\main\60.har

2022-11-24 17:01:51 - [MESSAGE][PASSED] - Send request successfully

2022-11-24 17:01:51 - [TEST_STEP][PASSED] - slurper = new groovy.json.JsonSlurper(): null

2022-11-24 17:01:51 - [TEST_STEP][PASSED] - result = slurper.parseText(req_data.getResponseBodyContent()): null

2022-11-24 17:01:51 - [TEST_STEP][PASSED] - reqid_kons = requestid1: null

2022-11-24 17:01:51 - [TEST_STEP][PASSED] - reqid_spouse = requestid2: null

2022-11-24 17:01:51 - [TEST_STEP][PASSED] - println("requestid kons : " + reqid_kons): null

2022-11-24 17:01:51 - [TEST_STEP][PASSED] - response_searchME_kons = reqid_kons: null

2022-11-24 17:01:51 - [TEST_STEP][PASSED] - response_searchME_spouse = reqid_spouse: null

2022-11-24 17:01:51 - [TEST_STEP][PASSED] - println("kons req id is :" + response_searchME_kons): null

2022-11-24 17:01:51 - [TEST_STEP][PASSED] - println("spouse req id is : " + response_searchME_spouse): null

2022-11-24 17:01:51 - [TEST_STEP][PASSED] - verifyResponseStatusCode(req_data, 200): Verify response status code successfully

2022-11-24 17:01:51 - [MESSAGE][PASSED] - Verify response status code successfully

2022-11-24 17:01:51 - [TEST_STEP][PASSED] - response = req_data.getResponseText(): null

2022-11-24 17:01:51 - [TEST_STEP][PASSED] - logInfo($response): {"status":"Done","data":{"requestid1":"254118","requestid2":"254119"}}

2022-11-24 17:01:51 - [MESSAGE][INFO] - {"status":"Done","data":{"requestid1":"254118","requestid2":"254119"}}

2022-11-24 17:01:51 - [TEST_STEP][PASSED] - delay(5): Delayed 5 second(s)

2022-11-24 17:01:56 - [MESSAGE][PASSED] - Delayed 5 second(s)

2022-11-24 17:01:56 - [TEST_STEP][PASSED] - scoring = sendRequest(findTestObject("EngineScore", ["response_searchME_kons":response_searchME_kons, "response_searchME_spouse":response_searchME_spouse])): Send request successfully

2022-11-24 17:01:56 - [MESSAGE][INFO] - HAR: D:\DMS\Engine Scoring\Reports\20221124_165818\Exclude KKB - DS - Married\Scoring Married - KKB\20221124_165818\requests\main\61.har

2022-11-24 17:01:56 - [MESSAGE][PASSED] - Send request successfully

2022-11-24 17:01:56 - [TEST_STEP][PASSED] - verifyResponseStatusCode(scoring, 200): Verify response status code successfully

2022-11-24 17:01:56 - [MESSAGE][PASSED] - Verify response status code successfully

2022-11-24 17:01:56 - [TEST_STEP][PASSED] - response2 = scoring.getResponseText(): null

2022-11-24 17:01:56 - [TEST_STEP][PASSED] - markPassed("result service data ke : " + no): result service data ke : 130

2022-11-24 17:01:56 - [MESSAGE][PASSED] - result service data ke : 130

2022-11-24 17:01:56 - [TEST_STEP][PASSED] - logInfo($response2): {"result_konsumen":"Approve","result_pasangan":"Approve","Final_result":"Approve","errorMessage":"","status":"Done"}

2022-11-24 17:01:56 - [MESSAGE][INFO] - {"result_konsumen":"Approve","result_pasangan":"Approve","Final_result":"Approve","errorMessage":"","status":"Done"}

2022-11-24 17:01:56 - [TEST_STEP][PASSED] - verifyElementPropertyValue(scoring, "Final_result", final_result): Verify element property value successfully

2022-11-24 17:01:56 - [MESSAGE][PASSED] - Verify element property value successfully]]></system-out>
         <system-err><![CDATA[]]></system-err>
      </testcase>
      <testcase name="Test Cases/Engine_Scoring/Engine Scoring" time="6.534" classname="Test Cases/Engine_Scoring/Engine Scoring" status="PASSED">
         <system-out><![CDATA[2022-11-24 17:01:56 - [TEST_CASE][PASSED] - Test Cases/Engine_Scoring/Engine Scoring: Test Cases/Engine_Scoring/Engine Scoring

2022-11-24 17:01:56 - [TEST_STEP][PASSED] - markPassed("Variasi data ke : " + no): Variasi data ke : 131

2022-11-24 17:01:56 - [MESSAGE][PASSED] - Variasi data ke : 131

2022-11-24 17:01:56 - [TEST_STEP][PASSED] - req_data = sendRequest(findTestObject("Search_ME", ["MID":MID, "source":source, "ip":ip, "userid":userid, "branch":branch, "tipekons":tipekons, "marital":marital, "penjamin":penjamin, ... ])): Send request successfully

2022-11-24 17:01:57 - [MESSAGE][INFO] - HAR: D:\DMS\Engine Scoring\Reports\20221124_165818\Exclude KKB - DS - Married\Scoring Married - KKB\20221124_165818\requests\main\62.har

2022-11-24 17:01:57 - [MESSAGE][PASSED] - Send request successfully

2022-11-24 17:01:57 - [TEST_STEP][PASSED] - slurper = new groovy.json.JsonSlurper(): null

2022-11-24 17:01:57 - [TEST_STEP][PASSED] - result = slurper.parseText(req_data.getResponseBodyContent()): null

2022-11-24 17:01:57 - [TEST_STEP][PASSED] - reqid_kons = requestid1: null

2022-11-24 17:01:57 - [TEST_STEP][PASSED] - reqid_spouse = requestid2: null

2022-11-24 17:01:57 - [TEST_STEP][PASSED] - println("requestid kons : " + reqid_kons): null

2022-11-24 17:01:57 - [TEST_STEP][PASSED] - response_searchME_kons = reqid_kons: null

2022-11-24 17:01:57 - [TEST_STEP][PASSED] - response_searchME_spouse = reqid_spouse: null

2022-11-24 17:01:57 - [TEST_STEP][PASSED] - println("kons req id is :" + response_searchME_kons): null

2022-11-24 17:01:57 - [TEST_STEP][PASSED] - println("spouse req id is : " + response_searchME_spouse): null

2022-11-24 17:01:57 - [TEST_STEP][PASSED] - verifyResponseStatusCode(req_data, 200): Verify response status code successfully

2022-11-24 17:01:57 - [MESSAGE][PASSED] - Verify response status code successfully

2022-11-24 17:01:57 - [TEST_STEP][PASSED] - response = req_data.getResponseText(): null

2022-11-24 17:01:57 - [TEST_STEP][PASSED] - logInfo($response): {"status":"Done","data":{"requestid1":"254120","requestid2":"254121"}}

2022-11-24 17:01:57 - [MESSAGE][INFO] - {"status":"Done","data":{"requestid1":"254120","requestid2":"254121"}}

2022-11-24 17:01:57 - [TEST_STEP][PASSED] - delay(5): Delayed 5 second(s)

2022-11-24 17:02:02 - [MESSAGE][PASSED] - Delayed 5 second(s)

2022-11-24 17:02:02 - [TEST_STEP][PASSED] - scoring = sendRequest(findTestObject("EngineScore", ["response_searchME_kons":response_searchME_kons, "response_searchME_spouse":response_searchME_spouse])): Send request successfully

2022-11-24 17:02:02 - [MESSAGE][INFO] - HAR: D:\DMS\Engine Scoring\Reports\20221124_165818\Exclude KKB - DS - Married\Scoring Married - KKB\20221124_165818\requests\main\63.har

2022-11-24 17:02:02 - [MESSAGE][PASSED] - Send request successfully

2022-11-24 17:02:02 - [TEST_STEP][PASSED] - verifyResponseStatusCode(scoring, 200): Verify response status code successfully

2022-11-24 17:02:02 - [MESSAGE][PASSED] - Verify response status code successfully

2022-11-24 17:02:02 - [TEST_STEP][PASSED] - response2 = scoring.getResponseText(): null

2022-11-24 17:02:02 - [TEST_STEP][PASSED] - markPassed("result service data ke : " + no): result service data ke : 131

2022-11-24 17:02:02 - [MESSAGE][PASSED] - result service data ke : 131

2022-11-24 17:02:02 - [TEST_STEP][PASSED] - logInfo($response2): {"result_konsumen":"Approve","result_pasangan":"Reject","Final_result":"Reject","errorMessage":"","status":"Done"}

2022-11-24 17:02:02 - [MESSAGE][INFO] - {"result_konsumen":"Approve","result_pasangan":"Reject","Final_result":"Reject","errorMessage":"","status":"Done"}

2022-11-24 17:02:02 - [TEST_STEP][PASSED] - verifyElementPropertyValue(scoring, "Final_result", final_result): Verify element property value successfully

2022-11-24 17:02:02 - [MESSAGE][PASSED] - Verify element property value successfully]]></system-out>
         <system-err><![CDATA[]]></system-err>
      </testcase>
      <testcase name="Test Cases/Engine_Scoring/Engine Scoring" time="8.042" classname="Test Cases/Engine_Scoring/Engine Scoring" status="PASSED">
         <system-out><![CDATA[2022-11-24 17:02:02 - [TEST_CASE][PASSED] - Test Cases/Engine_Scoring/Engine Scoring: Test Cases/Engine_Scoring/Engine Scoring

2022-11-24 17:02:03 - [TEST_STEP][PASSED] - markPassed("Variasi data ke : " + no): Variasi data ke : 132

2022-11-24 17:02:03 - [MESSAGE][PASSED] - Variasi data ke : 132

2022-11-24 17:02:03 - [TEST_STEP][PASSED] - req_data = sendRequest(findTestObject("Search_ME", ["MID":MID, "source":source, "ip":ip, "userid":userid, "branch":branch, "tipekons":tipekons, "marital":marital, "penjamin":penjamin, ... ])): Send request successfully

2022-11-24 17:02:05 - [MESSAGE][INFO] - HAR: D:\DMS\Engine Scoring\Reports\20221124_165818\Exclude KKB - DS - Married\Scoring Married - KKB\20221124_165818\requests\main\64.har

2022-11-24 17:02:05 - [MESSAGE][PASSED] - Send request successfully

2022-11-24 17:02:05 - [TEST_STEP][PASSED] - slurper = new groovy.json.JsonSlurper(): null

2022-11-24 17:02:05 - [TEST_STEP][PASSED] - result = slurper.parseText(req_data.getResponseBodyContent()): null

2022-11-24 17:02:05 - [TEST_STEP][PASSED] - reqid_kons = requestid1: null

2022-11-24 17:02:05 - [TEST_STEP][PASSED] - reqid_spouse = requestid2: null

2022-11-24 17:02:05 - [TEST_STEP][PASSED] - println("requestid kons : " + reqid_kons): null

2022-11-24 17:02:05 - [TEST_STEP][PASSED] - response_searchME_kons = reqid_kons: null

2022-11-24 17:02:05 - [TEST_STEP][PASSED] - response_searchME_spouse = reqid_spouse: null

2022-11-24 17:02:05 - [TEST_STEP][PASSED] - println("kons req id is :" + response_searchME_kons): null

2022-11-24 17:02:05 - [TEST_STEP][PASSED] - println("spouse req id is : " + response_searchME_spouse): null

2022-11-24 17:02:05 - [TEST_STEP][PASSED] - verifyResponseStatusCode(req_data, 200): Verify response status code successfully

2022-11-24 17:02:05 - [MESSAGE][PASSED] - Verify response status code successfully

2022-11-24 17:02:05 - [TEST_STEP][PASSED] - response = req_data.getResponseText(): null

2022-11-24 17:02:05 - [TEST_STEP][PASSED] - logInfo($response): {"status":"Done","data":{"requestid1":"254122","requestid2":"254123"}}

2022-11-24 17:02:05 - [MESSAGE][INFO] - {"status":"Done","data":{"requestid1":"254122","requestid2":"254123"}}

2022-11-24 17:02:05 - [TEST_STEP][PASSED] - delay(5): Delayed 5 second(s)

2022-11-24 17:02:10 - [MESSAGE][PASSED] - Delayed 5 second(s)

2022-11-24 17:02:10 - [TEST_STEP][PASSED] - scoring = sendRequest(findTestObject("EngineScore", ["response_searchME_kons":response_searchME_kons, "response_searchME_spouse":response_searchME_spouse])): Send request successfully

2022-11-24 17:02:10 - [MESSAGE][INFO] - HAR: D:\DMS\Engine Scoring\Reports\20221124_165818\Exclude KKB - DS - Married\Scoring Married - KKB\20221124_165818\requests\main\65.har

2022-11-24 17:02:10 - [MESSAGE][PASSED] - Send request successfully

2022-11-24 17:02:10 - [TEST_STEP][PASSED] - verifyResponseStatusCode(scoring, 200): Verify response status code successfully

2022-11-24 17:02:10 - [MESSAGE][PASSED] - Verify response status code successfully

2022-11-24 17:02:10 - [TEST_STEP][PASSED] - response2 = scoring.getResponseText(): null

2022-11-24 17:02:10 - [TEST_STEP][PASSED] - markPassed("result service data ke : " + no): result service data ke : 132

2022-11-24 17:02:10 - [MESSAGE][PASSED] - result service data ke : 132

2022-11-24 17:02:10 - [TEST_STEP][PASSED] - logInfo($response2): {"result_konsumen":"Approve","result_pasangan":"Reject","Final_result":"Reject","errorMessage":"","status":"Done"}

2022-11-24 17:02:10 - [MESSAGE][INFO] - {"result_konsumen":"Approve","result_pasangan":"Reject","Final_result":"Reject","errorMessage":"","status":"Done"}

2022-11-24 17:02:10 - [TEST_STEP][PASSED] - verifyElementPropertyValue(scoring, "Final_result", final_result): Verify element property value successfully

2022-11-24 17:02:10 - [MESSAGE][PASSED] - Verify element property value successfully]]></system-out>
         <system-err><![CDATA[]]></system-err>
      </testcase>
      <testcase name="Test Cases/Engine_Scoring/Engine Scoring" time="6.632" classname="Test Cases/Engine_Scoring/Engine Scoring" status="PASSED">
         <system-out><![CDATA[2022-11-24 17:02:10 - [TEST_CASE][PASSED] - Test Cases/Engine_Scoring/Engine Scoring: Test Cases/Engine_Scoring/Engine Scoring

2022-11-24 17:02:11 - [TEST_STEP][PASSED] - markPassed("Variasi data ke : " + no): Variasi data ke : 133

2022-11-24 17:02:11 - [MESSAGE][PASSED] - Variasi data ke : 133

2022-11-24 17:02:11 - [TEST_STEP][PASSED] - req_data = sendRequest(findTestObject("Search_ME", ["MID":MID, "source":source, "ip":ip, "userid":userid, "branch":branch, "tipekons":tipekons, "marital":marital, "penjamin":penjamin, ... ])): Send request successfully

2022-11-24 17:02:12 - [MESSAGE][INFO] - HAR: D:\DMS\Engine Scoring\Reports\20221124_165818\Exclude KKB - DS - Married\Scoring Married - KKB\20221124_165818\requests\main\66.har

2022-11-24 17:02:12 - [MESSAGE][PASSED] - Send request successfully

2022-11-24 17:02:12 - [TEST_STEP][PASSED] - slurper = new groovy.json.JsonSlurper(): null

2022-11-24 17:02:12 - [TEST_STEP][PASSED] - result = slurper.parseText(req_data.getResponseBodyContent()): null

2022-11-24 17:02:12 - [TEST_STEP][PASSED] - reqid_kons = requestid1: null

2022-11-24 17:02:12 - [TEST_STEP][PASSED] - reqid_spouse = requestid2: null

2022-11-24 17:02:12 - [TEST_STEP][PASSED] - println("requestid kons : " + reqid_kons): null

2022-11-24 17:02:12 - [TEST_STEP][PASSED] - response_searchME_kons = reqid_kons: null

2022-11-24 17:02:12 - [TEST_STEP][PASSED] - response_searchME_spouse = reqid_spouse: null

2022-11-24 17:02:12 - [TEST_STEP][PASSED] - println("kons req id is :" + response_searchME_kons): null

2022-11-24 17:02:12 - [TEST_STEP][PASSED] - println("spouse req id is : " + response_searchME_spouse): null

2022-11-24 17:02:12 - [TEST_STEP][PASSED] - verifyResponseStatusCode(req_data, 200): Verify response status code successfully

2022-11-24 17:02:12 - [MESSAGE][PASSED] - Verify response status code successfully

2022-11-24 17:02:12 - [TEST_STEP][PASSED] - response = req_data.getResponseText(): null

2022-11-24 17:02:12 - [TEST_STEP][PASSED] - logInfo($response): {"status":"Done","data":{"requestid1":"254124","requestid2":"254125"}}

2022-11-24 17:02:12 - [MESSAGE][INFO] - {"status":"Done","data":{"requestid1":"254124","requestid2":"254125"}}

2022-11-24 17:02:12 - [TEST_STEP][PASSED] - delay(5): Delayed 5 second(s)

2022-11-24 17:02:17 - [MESSAGE][PASSED] - Delayed 5 second(s)

2022-11-24 17:02:17 - [TEST_STEP][PASSED] - scoring = sendRequest(findTestObject("EngineScore", ["response_searchME_kons":response_searchME_kons, "response_searchME_spouse":response_searchME_spouse])): Send request successfully

2022-11-24 17:02:17 - [MESSAGE][INFO] - HAR: D:\DMS\Engine Scoring\Reports\20221124_165818\Exclude KKB - DS - Married\Scoring Married - KKB\20221124_165818\requests\main\67.har

2022-11-24 17:02:17 - [MESSAGE][PASSED] - Send request successfully

2022-11-24 17:02:17 - [TEST_STEP][PASSED] - verifyResponseStatusCode(scoring, 200): Verify response status code successfully

2022-11-24 17:02:17 - [MESSAGE][PASSED] - Verify response status code successfully

2022-11-24 17:02:17 - [TEST_STEP][PASSED] - response2 = scoring.getResponseText(): null

2022-11-24 17:02:17 - [TEST_STEP][PASSED] - markPassed("result service data ke : " + no): result service data ke : 133

2022-11-24 17:02:17 - [MESSAGE][PASSED] - result service data ke : 133

2022-11-24 17:02:17 - [TEST_STEP][PASSED] - logInfo($response2): {"result_konsumen":"Approve","result_pasangan":"Reguler","Final_result":"Approve","errorMessage":"","status":"Done"}

2022-11-24 17:02:17 - [MESSAGE][INFO] - {"result_konsumen":"Approve","result_pasangan":"Reguler","Final_result":"Approve","errorMessage":"","status":"Done"}

2022-11-24 17:02:17 - [TEST_STEP][PASSED] - verifyElementPropertyValue(scoring, "Final_result", final_result): Verify element property value successfully

2022-11-24 17:02:17 - [MESSAGE][PASSED] - Verify element property value successfully]]></system-out>
         <system-err><![CDATA[]]></system-err>
      </testcase>
      <testcase name="Test Cases/Engine_Scoring/Engine Scoring" time="6.669" classname="Test Cases/Engine_Scoring/Engine Scoring" status="PASSED">
         <system-out><![CDATA[2022-11-24 17:02:17 - [TEST_CASE][PASSED] - Test Cases/Engine_Scoring/Engine Scoring: Test Cases/Engine_Scoring/Engine Scoring

2022-11-24 17:02:18 - [TEST_STEP][PASSED] - markPassed("Variasi data ke : " + no): Variasi data ke : 134

2022-11-24 17:02:18 - [MESSAGE][PASSED] - Variasi data ke : 134

2022-11-24 17:02:18 - [TEST_STEP][PASSED] - req_data = sendRequest(findTestObject("Search_ME", ["MID":MID, "source":source, "ip":ip, "userid":userid, "branch":branch, "tipekons":tipekons, "marital":marital, "penjamin":penjamin, ... ])): Send request successfully

2022-11-24 17:02:19 - [MESSAGE][INFO] - HAR: D:\DMS\Engine Scoring\Reports\20221124_165818\Exclude KKB - DS - Married\Scoring Married - KKB\20221124_165818\requests\main\68.har

2022-11-24 17:02:19 - [MESSAGE][PASSED] - Send request successfully

2022-11-24 17:02:19 - [TEST_STEP][PASSED] - slurper = new groovy.json.JsonSlurper(): null

2022-11-24 17:02:19 - [TEST_STEP][PASSED] - result = slurper.parseText(req_data.getResponseBodyContent()): null

2022-11-24 17:02:19 - [TEST_STEP][PASSED] - reqid_kons = requestid1: null

2022-11-24 17:02:19 - [TEST_STEP][PASSED] - reqid_spouse = requestid2: null

2022-11-24 17:02:19 - [TEST_STEP][PASSED] - println("requestid kons : " + reqid_kons): null

2022-11-24 17:02:19 - [TEST_STEP][PASSED] - response_searchME_kons = reqid_kons: null

2022-11-24 17:02:19 - [TEST_STEP][PASSED] - response_searchME_spouse = reqid_spouse: null

2022-11-24 17:02:19 - [TEST_STEP][PASSED] - println("kons req id is :" + response_searchME_kons): null

2022-11-24 17:02:19 - [TEST_STEP][PASSED] - println("spouse req id is : " + response_searchME_spouse): null

2022-11-24 17:02:19 - [TEST_STEP][PASSED] - verifyResponseStatusCode(req_data, 200): Verify response status code successfully

2022-11-24 17:02:19 - [MESSAGE][PASSED] - Verify response status code successfully

2022-11-24 17:02:19 - [TEST_STEP][PASSED] - response = req_data.getResponseText(): null

2022-11-24 17:02:19 - [TEST_STEP][PASSED] - logInfo($response): {"status":"Done","data":{"requestid1":"254126","requestid2":"254127"}}

2022-11-24 17:02:19 - [MESSAGE][INFO] - {"status":"Done","data":{"requestid1":"254126","requestid2":"254127"}}

2022-11-24 17:02:19 - [TEST_STEP][PASSED] - delay(5): Delayed 5 second(s)

2022-11-24 17:02:24 - [MESSAGE][PASSED] - Delayed 5 second(s)

2022-11-24 17:02:24 - [TEST_STEP][PASSED] - scoring = sendRequest(findTestObject("EngineScore", ["response_searchME_kons":response_searchME_kons, "response_searchME_spouse":response_searchME_spouse])): Send request successfully

2022-11-24 17:02:24 - [MESSAGE][INFO] - HAR: D:\DMS\Engine Scoring\Reports\20221124_165818\Exclude KKB - DS - Married\Scoring Married - KKB\20221124_165818\requests\main\69.har

2022-11-24 17:02:24 - [MESSAGE][PASSED] - Send request successfully

2022-11-24 17:02:24 - [TEST_STEP][PASSED] - verifyResponseStatusCode(scoring, 200): Verify response status code successfully

2022-11-24 17:02:24 - [MESSAGE][PASSED] - Verify response status code successfully

2022-11-24 17:02:24 - [TEST_STEP][PASSED] - response2 = scoring.getResponseText(): null

2022-11-24 17:02:24 - [TEST_STEP][PASSED] - markPassed("result service data ke : " + no): result service data ke : 134

2022-11-24 17:02:24 - [MESSAGE][PASSED] - result service data ke : 134

2022-11-24 17:02:24 - [TEST_STEP][PASSED] - logInfo($response2): {"result_konsumen":"Approve","result_pasangan":"Reguler","Final_result":"Approve","errorMessage":"","status":"Done"}

2022-11-24 17:02:24 - [MESSAGE][INFO] - {"result_konsumen":"Approve","result_pasangan":"Reguler","Final_result":"Approve","errorMessage":"","status":"Done"}

2022-11-24 17:02:24 - [TEST_STEP][PASSED] - verifyElementPropertyValue(scoring, "Final_result", final_result): Verify element property value successfully

2022-11-24 17:02:24 - [MESSAGE][PASSED] - Verify element property value successfully]]></system-out>
         <system-err><![CDATA[]]></system-err>
      </testcase>
      <testcase name="Test Cases/Engine_Scoring/Engine Scoring" time="6.693" classname="Test Cases/Engine_Scoring/Engine Scoring" status="PASSED">
         <system-out><![CDATA[2022-11-24 17:02:24 - [TEST_CASE][PASSED] - Test Cases/Engine_Scoring/Engine Scoring: Test Cases/Engine_Scoring/Engine Scoring

2022-11-24 17:02:25 - [TEST_STEP][PASSED] - markPassed("Variasi data ke : " + no): Variasi data ke : 135

2022-11-24 17:02:25 - [MESSAGE][PASSED] - Variasi data ke : 135

2022-11-24 17:02:25 - [TEST_STEP][PASSED] - req_data = sendRequest(findTestObject("Search_ME", ["MID":MID, "source":source, "ip":ip, "userid":userid, "branch":branch, "tipekons":tipekons, "marital":marital, "penjamin":penjamin, ... ])): Send request successfully

2022-11-24 17:02:25 - [MESSAGE][INFO] - HAR: D:\DMS\Engine Scoring\Reports\20221124_165818\Exclude KKB - DS - Married\Scoring Married - KKB\20221124_165818\requests\main\70.har

2022-11-24 17:02:25 - [MESSAGE][PASSED] - Send request successfully

2022-11-24 17:02:25 - [TEST_STEP][PASSED] - slurper = new groovy.json.JsonSlurper(): null

2022-11-24 17:02:25 - [TEST_STEP][PASSED] - result = slurper.parseText(req_data.getResponseBodyContent()): null

2022-11-24 17:02:25 - [TEST_STEP][PASSED] - reqid_kons = requestid1: null

2022-11-24 17:02:25 - [TEST_STEP][PASSED] - reqid_spouse = requestid2: null

2022-11-24 17:02:25 - [TEST_STEP][PASSED] - println("requestid kons : " + reqid_kons): null

2022-11-24 17:02:25 - [TEST_STEP][PASSED] - response_searchME_kons = reqid_kons: null

2022-11-24 17:02:25 - [TEST_STEP][PASSED] - response_searchME_spouse = reqid_spouse: null

2022-11-24 17:02:25 - [TEST_STEP][PASSED] - println("kons req id is :" + response_searchME_kons): null

2022-11-24 17:02:25 - [TEST_STEP][PASSED] - println("spouse req id is : " + response_searchME_spouse): null

2022-11-24 17:02:25 - [TEST_STEP][PASSED] - verifyResponseStatusCode(req_data, 200): Verify response status code successfully

2022-11-24 17:02:25 - [MESSAGE][PASSED] - Verify response status code successfully

2022-11-24 17:02:25 - [TEST_STEP][PASSED] - response = req_data.getResponseText(): null

2022-11-24 17:02:25 - [TEST_STEP][PASSED] - logInfo($response): {"status":"Done","data":{"requestid1":"254128","requestid2":"254129"}}

2022-11-24 17:02:25 - [MESSAGE][INFO] - {"status":"Done","data":{"requestid1":"254128","requestid2":"254129"}}

2022-11-24 17:02:25 - [TEST_STEP][PASSED] - delay(5): Delayed 5 second(s)

2022-11-24 17:02:30 - [MESSAGE][PASSED] - Delayed 5 second(s)

2022-11-24 17:02:30 - [TEST_STEP][PASSED] - scoring = sendRequest(findTestObject("EngineScore", ["response_searchME_kons":response_searchME_kons, "response_searchME_spouse":response_searchME_spouse])): Send request successfully

2022-11-24 17:02:31 - [MESSAGE][INFO] - HAR: D:\DMS\Engine Scoring\Reports\20221124_165818\Exclude KKB - DS - Married\Scoring Married - KKB\20221124_165818\requests\main\71.har

2022-11-24 17:02:31 - [MESSAGE][PASSED] - Send request successfully

2022-11-24 17:02:31 - [TEST_STEP][PASSED] - verifyResponseStatusCode(scoring, 200): Verify response status code successfully

2022-11-24 17:02:31 - [MESSAGE][PASSED] - Verify response status code successfully

2022-11-24 17:02:31 - [TEST_STEP][PASSED] - response2 = scoring.getResponseText(): null

2022-11-24 17:02:31 - [TEST_STEP][PASSED] - markPassed("result service data ke : " + no): result service data ke : 135

2022-11-24 17:02:31 - [MESSAGE][PASSED] - result service data ke : 135

2022-11-24 17:02:31 - [TEST_STEP][PASSED] - logInfo($response2): {"result_konsumen":"Approve","result_pasangan":"Reguler","Final_result":"Approve","errorMessage":"","status":"Done"}

2022-11-24 17:02:31 - [MESSAGE][INFO] - {"result_konsumen":"Approve","result_pasangan":"Reguler","Final_result":"Approve","errorMessage":"","status":"Done"}

2022-11-24 17:02:31 - [TEST_STEP][PASSED] - verifyElementPropertyValue(scoring, "Final_result", final_result): Verify element property value successfully

2022-11-24 17:02:31 - [MESSAGE][PASSED] - Verify element property value successfully]]></system-out>
         <system-err><![CDATA[]]></system-err>
      </testcase>
      <testcase name="Test Cases/Engine_Scoring/Engine Scoring" time="6.564" classname="Test Cases/Engine_Scoring/Engine Scoring" status="PASSED">
         <system-out><![CDATA[2022-11-24 17:02:31 - [TEST_CASE][PASSED] - Test Cases/Engine_Scoring/Engine Scoring: Test Cases/Engine_Scoring/Engine Scoring

2022-11-24 17:02:31 - [TEST_STEP][PASSED] - markPassed("Variasi data ke : " + no): Variasi data ke : 136

2022-11-24 17:02:31 - [MESSAGE][PASSED] - Variasi data ke : 136

2022-11-24 17:02:31 - [TEST_STEP][PASSED] - req_data = sendRequest(findTestObject("Search_ME", ["MID":MID, "source":source, "ip":ip, "userid":userid, "branch":branch, "tipekons":tipekons, "marital":marital, "penjamin":penjamin, ... ])): Send request successfully

2022-11-24 17:02:32 - [MESSAGE][INFO] - HAR: D:\DMS\Engine Scoring\Reports\20221124_165818\Exclude KKB - DS - Married\Scoring Married - KKB\20221124_165818\requests\main\72.har

2022-11-24 17:02:32 - [MESSAGE][PASSED] - Send request successfully

2022-11-24 17:02:32 - [TEST_STEP][PASSED] - slurper = new groovy.json.JsonSlurper(): null

2022-11-24 17:02:32 - [TEST_STEP][PASSED] - result = slurper.parseText(req_data.getResponseBodyContent()): null

2022-11-24 17:02:32 - [TEST_STEP][PASSED] - reqid_kons = requestid1: null

2022-11-24 17:02:32 - [TEST_STEP][PASSED] - reqid_spouse = requestid2: null

2022-11-24 17:02:32 - [TEST_STEP][PASSED] - println("requestid kons : " + reqid_kons): null

2022-11-24 17:02:32 - [TEST_STEP][PASSED] - response_searchME_kons = reqid_kons: null

2022-11-24 17:02:32 - [TEST_STEP][PASSED] - response_searchME_spouse = reqid_spouse: null

2022-11-24 17:02:32 - [TEST_STEP][PASSED] - println("kons req id is :" + response_searchME_kons): null

2022-11-24 17:02:32 - [TEST_STEP][PASSED] - println("spouse req id is : " + response_searchME_spouse): null

2022-11-24 17:02:32 - [TEST_STEP][PASSED] - verifyResponseStatusCode(req_data, 200): Verify response status code successfully

2022-11-24 17:02:32 - [MESSAGE][PASSED] - Verify response status code successfully

2022-11-24 17:02:32 - [TEST_STEP][PASSED] - response = req_data.getResponseText(): null

2022-11-24 17:02:32 - [TEST_STEP][PASSED] - logInfo($response): {"status":"Done","data":{"requestid1":"254130","requestid2":"254131"}}

2022-11-24 17:02:32 - [MESSAGE][INFO] - {"status":"Done","data":{"requestid1":"254130","requestid2":"254131"}}

2022-11-24 17:02:32 - [TEST_STEP][PASSED] - delay(5): Delayed 5 second(s)

2022-11-24 17:02:37 - [MESSAGE][PASSED] - Delayed 5 second(s)

2022-11-24 17:02:37 - [TEST_STEP][PASSED] - scoring = sendRequest(findTestObject("EngineScore", ["response_searchME_kons":response_searchME_kons, "response_searchME_spouse":response_searchME_spouse])): Send request successfully

2022-11-24 17:02:37 - [MESSAGE][INFO] - HAR: D:\DMS\Engine Scoring\Reports\20221124_165818\Exclude KKB - DS - Married\Scoring Married - KKB\20221124_165818\requests\main\73.har

2022-11-24 17:02:37 - [MESSAGE][PASSED] - Send request successfully

2022-11-24 17:02:37 - [TEST_STEP][PASSED] - verifyResponseStatusCode(scoring, 200): Verify response status code successfully

2022-11-24 17:02:37 - [MESSAGE][PASSED] - Verify response status code successfully

2022-11-24 17:02:37 - [TEST_STEP][PASSED] - response2 = scoring.getResponseText(): null

2022-11-24 17:02:37 - [TEST_STEP][PASSED] - markPassed("result service data ke : " + no): result service data ke : 136

2022-11-24 17:02:37 - [MESSAGE][PASSED] - result service data ke : 136

2022-11-24 17:02:37 - [TEST_STEP][PASSED] - logInfo($response2): {"result_konsumen":"Approve","result_pasangan":"Reject","Final_result":"Reject","errorMessage":"","status":"Done"}

2022-11-24 17:02:37 - [MESSAGE][INFO] - {"result_konsumen":"Approve","result_pasangan":"Reject","Final_result":"Reject","errorMessage":"","status":"Done"}

2022-11-24 17:02:37 - [TEST_STEP][PASSED] - verifyElementPropertyValue(scoring, "Final_result", final_result): Verify element property value successfully

2022-11-24 17:02:37 - [MESSAGE][PASSED] - Verify element property value successfully]]></system-out>
         <system-err><![CDATA[]]></system-err>
      </testcase>
      <testcase name="Test Cases/Engine_Scoring/Engine Scoring" time="6.755" classname="Test Cases/Engine_Scoring/Engine Scoring" status="PASSED">
         <system-out><![CDATA[2022-11-24 17:02:37 - [TEST_CASE][PASSED] - Test Cases/Engine_Scoring/Engine Scoring: Test Cases/Engine_Scoring/Engine Scoring

2022-11-24 17:02:38 - [TEST_STEP][PASSED] - markPassed("Variasi data ke : " + no): Variasi data ke : 137

2022-11-24 17:02:38 - [MESSAGE][PASSED] - Variasi data ke : 137

2022-11-24 17:02:38 - [TEST_STEP][PASSED] - req_data = sendRequest(findTestObject("Search_ME", ["MID":MID, "source":source, "ip":ip, "userid":userid, "branch":branch, "tipekons":tipekons, "marital":marital, "penjamin":penjamin, ... ])): Send request successfully

2022-11-24 17:02:39 - [MESSAGE][INFO] - HAR: D:\DMS\Engine Scoring\Reports\20221124_165818\Exclude KKB - DS - Married\Scoring Married - KKB\20221124_165818\requests\main\74.har

2022-11-24 17:02:39 - [MESSAGE][PASSED] - Send request successfully

2022-11-24 17:02:39 - [TEST_STEP][PASSED] - slurper = new groovy.json.JsonSlurper(): null

2022-11-24 17:02:39 - [TEST_STEP][PASSED] - result = slurper.parseText(req_data.getResponseBodyContent()): null

2022-11-24 17:02:39 - [TEST_STEP][PASSED] - reqid_kons = requestid1: null

2022-11-24 17:02:39 - [TEST_STEP][PASSED] - reqid_spouse = requestid2: null

2022-11-24 17:02:39 - [TEST_STEP][PASSED] - println("requestid kons : " + reqid_kons): null

2022-11-24 17:02:39 - [TEST_STEP][PASSED] - response_searchME_kons = reqid_kons: null

2022-11-24 17:02:39 - [TEST_STEP][PASSED] - response_searchME_spouse = reqid_spouse: null

2022-11-24 17:02:39 - [TEST_STEP][PASSED] - println("kons req id is :" + response_searchME_kons): null

2022-11-24 17:02:39 - [TEST_STEP][PASSED] - println("spouse req id is : " + response_searchME_spouse): null

2022-11-24 17:02:39 - [TEST_STEP][PASSED] - verifyResponseStatusCode(req_data, 200): Verify response status code successfully

2022-11-24 17:02:39 - [MESSAGE][PASSED] - Verify response status code successfully

2022-11-24 17:02:39 - [TEST_STEP][PASSED] - response = req_data.getResponseText(): null

2022-11-24 17:02:39 - [TEST_STEP][PASSED] - logInfo($response): {"status":"Done","data":{"requestid1":"254132","requestid2":"254133"}}

2022-11-24 17:02:39 - [MESSAGE][INFO] - {"status":"Done","data":{"requestid1":"254132","requestid2":"254133"}}

2022-11-24 17:02:39 - [TEST_STEP][PASSED] - delay(5): Delayed 5 second(s)

2022-11-24 17:02:44 - [MESSAGE][PASSED] - Delayed 5 second(s)

2022-11-24 17:02:44 - [TEST_STEP][PASSED] - scoring = sendRequest(findTestObject("EngineScore", ["response_searchME_kons":response_searchME_kons, "response_searchME_spouse":response_searchME_spouse])): Send request successfully

2022-11-24 17:02:44 - [MESSAGE][INFO] - HAR: D:\DMS\Engine Scoring\Reports\20221124_165818\Exclude KKB - DS - Married\Scoring Married - KKB\20221124_165818\requests\main\75.har

2022-11-24 17:02:44 - [MESSAGE][PASSED] - Send request successfully

2022-11-24 17:02:44 - [TEST_STEP][PASSED] - verifyResponseStatusCode(scoring, 200): Verify response status code successfully

2022-11-24 17:02:44 - [MESSAGE][PASSED] - Verify response status code successfully

2022-11-24 17:02:44 - [TEST_STEP][PASSED] - response2 = scoring.getResponseText(): null

2022-11-24 17:02:44 - [TEST_STEP][PASSED] - markPassed("result service data ke : " + no): result service data ke : 137

2022-11-24 17:02:44 - [MESSAGE][PASSED] - result service data ke : 137

2022-11-24 17:02:44 - [TEST_STEP][PASSED] - logInfo($response2): {"result_konsumen":"Approve","result_pasangan":"Reject","Final_result":"Reject","errorMessage":"","status":"Done"}

2022-11-24 17:02:44 - [MESSAGE][INFO] - {"result_konsumen":"Approve","result_pasangan":"Reject","Final_result":"Reject","errorMessage":"","status":"Done"}

2022-11-24 17:02:44 - [TEST_STEP][PASSED] - verifyElementPropertyValue(scoring, "Final_result", final_result): Verify element property value successfully

2022-11-24 17:02:44 - [MESSAGE][PASSED] - Verify element property value successfully]]></system-out>
         <system-err><![CDATA[]]></system-err>
      </testcase>
      <testcase name="Test Cases/Engine_Scoring/Engine Scoring" time="6.557" classname="Test Cases/Engine_Scoring/Engine Scoring" status="PASSED">
         <system-out><![CDATA[2022-11-24 17:02:44 - [TEST_CASE][PASSED] - Test Cases/Engine_Scoring/Engine Scoring: Test Cases/Engine_Scoring/Engine Scoring

2022-11-24 17:02:45 - [TEST_STEP][PASSED] - markPassed("Variasi data ke : " + no): Variasi data ke : 138

2022-11-24 17:02:45 - [MESSAGE][PASSED] - Variasi data ke : 138

2022-11-24 17:02:45 - [TEST_STEP][PASSED] - req_data = sendRequest(findTestObject("Search_ME", ["MID":MID, "source":source, "ip":ip, "userid":userid, "branch":branch, "tipekons":tipekons, "marital":marital, "penjamin":penjamin, ... ])): Send request successfully

2022-11-24 17:02:45 - [MESSAGE][INFO] - HAR: D:\DMS\Engine Scoring\Reports\20221124_165818\Exclude KKB - DS - Married\Scoring Married - KKB\20221124_165818\requests\main\76.har

2022-11-24 17:02:46 - [MESSAGE][PASSED] - Send request successfully

2022-11-24 17:02:46 - [TEST_STEP][PASSED] - slurper = new groovy.json.JsonSlurper(): null

2022-11-24 17:02:46 - [TEST_STEP][PASSED] - result = slurper.parseText(req_data.getResponseBodyContent()): null

2022-11-24 17:02:46 - [TEST_STEP][PASSED] - reqid_kons = requestid1: null

2022-11-24 17:02:46 - [TEST_STEP][PASSED] - reqid_spouse = requestid2: null

2022-11-24 17:02:46 - [TEST_STEP][PASSED] - println("requestid kons : " + reqid_kons): null

2022-11-24 17:02:46 - [TEST_STEP][PASSED] - response_searchME_kons = reqid_kons: null

2022-11-24 17:02:46 - [TEST_STEP][PASSED] - response_searchME_spouse = reqid_spouse: null

2022-11-24 17:02:46 - [TEST_STEP][PASSED] - println("kons req id is :" + response_searchME_kons): null

2022-11-24 17:02:46 - [TEST_STEP][PASSED] - println("spouse req id is : " + response_searchME_spouse): null

2022-11-24 17:02:46 - [TEST_STEP][PASSED] - verifyResponseStatusCode(req_data, 200): Verify response status code successfully

2022-11-24 17:02:46 - [MESSAGE][PASSED] - Verify response status code successfully

2022-11-24 17:02:46 - [TEST_STEP][PASSED] - response = req_data.getResponseText(): null

2022-11-24 17:02:46 - [TEST_STEP][PASSED] - logInfo($response): {"status":"Done","data":{"requestid1":"254134","requestid2":"254135"}}

2022-11-24 17:02:46 - [MESSAGE][INFO] - {"status":"Done","data":{"requestid1":"254134","requestid2":"254135"}}

2022-11-24 17:02:46 - [TEST_STEP][PASSED] - delay(5): Delayed 5 second(s)

2022-11-24 17:02:51 - [MESSAGE][PASSED] - Delayed 5 second(s)

2022-11-24 17:02:51 - [TEST_STEP][PASSED] - scoring = sendRequest(findTestObject("EngineScore", ["response_searchME_kons":response_searchME_kons, "response_searchME_spouse":response_searchME_spouse])): Send request successfully

2022-11-24 17:02:51 - [MESSAGE][INFO] - HAR: D:\DMS\Engine Scoring\Reports\20221124_165818\Exclude KKB - DS - Married\Scoring Married - KKB\20221124_165818\requests\main\77.har

2022-11-24 17:02:51 - [MESSAGE][PASSED] - Send request successfully

2022-11-24 17:02:51 - [TEST_STEP][PASSED] - verifyResponseStatusCode(scoring, 200): Verify response status code successfully

2022-11-24 17:02:51 - [MESSAGE][PASSED] - Verify response status code successfully

2022-11-24 17:02:51 - [TEST_STEP][PASSED] - response2 = scoring.getResponseText(): null

2022-11-24 17:02:51 - [TEST_STEP][PASSED] - markPassed("result service data ke : " + no): result service data ke : 138

2022-11-24 17:02:51 - [MESSAGE][PASSED] - result service data ke : 138

2022-11-24 17:02:51 - [TEST_STEP][PASSED] - logInfo($response2): {"result_konsumen":"Approve","result_pasangan":"Reject","Final_result":"Reject","errorMessage":"","status":"Done"}

2022-11-24 17:02:51 - [MESSAGE][INFO] - {"result_konsumen":"Approve","result_pasangan":"Reject","Final_result":"Reject","errorMessage":"","status":"Done"}

2022-11-24 17:02:51 - [TEST_STEP][PASSED] - verifyElementPropertyValue(scoring, "Final_result", final_result): Verify element property value successfully

2022-11-24 17:02:51 - [MESSAGE][PASSED] - Verify element property value successfully]]></system-out>
         <system-err><![CDATA[]]></system-err>
      </testcase>
      <testcase name="Test Cases/Engine_Scoring/Engine Scoring" time="6.565" classname="Test Cases/Engine_Scoring/Engine Scoring" status="PASSED">
         <system-out><![CDATA[2022-11-24 17:02:51 - [TEST_CASE][PASSED] - Test Cases/Engine_Scoring/Engine Scoring: Test Cases/Engine_Scoring/Engine Scoring

2022-11-24 17:02:51 - [TEST_STEP][PASSED] - markPassed("Variasi data ke : " + no): Variasi data ke : 139

2022-11-24 17:02:51 - [MESSAGE][PASSED] - Variasi data ke : 139

2022-11-24 17:02:51 - [TEST_STEP][PASSED] - req_data = sendRequest(findTestObject("Search_ME", ["MID":MID, "source":source, "ip":ip, "userid":userid, "branch":branch, "tipekons":tipekons, "marital":marital, "penjamin":penjamin, ... ])): Send request successfully

2022-11-24 17:02:52 - [MESSAGE][INFO] - HAR: D:\DMS\Engine Scoring\Reports\20221124_165818\Exclude KKB - DS - Married\Scoring Married - KKB\20221124_165818\requests\main\78.har

2022-11-24 17:02:52 - [MESSAGE][PASSED] - Send request successfully

2022-11-24 17:02:52 - [TEST_STEP][PASSED] - slurper = new groovy.json.JsonSlurper(): null

2022-11-24 17:02:52 - [TEST_STEP][PASSED] - result = slurper.parseText(req_data.getResponseBodyContent()): null

2022-11-24 17:02:52 - [TEST_STEP][PASSED] - reqid_kons = requestid1: null

2022-11-24 17:02:52 - [TEST_STEP][PASSED] - reqid_spouse = requestid2: null

2022-11-24 17:02:52 - [TEST_STEP][PASSED] - println("requestid kons : " + reqid_kons): null

2022-11-24 17:02:52 - [TEST_STEP][PASSED] - response_searchME_kons = reqid_kons: null

2022-11-24 17:02:52 - [TEST_STEP][PASSED] - response_searchME_spouse = reqid_spouse: null

2022-11-24 17:02:52 - [TEST_STEP][PASSED] - println("kons req id is :" + response_searchME_kons): null

2022-11-24 17:02:52 - [TEST_STEP][PASSED] - println("spouse req id is : " + response_searchME_spouse): null

2022-11-24 17:02:52 - [TEST_STEP][PASSED] - verifyResponseStatusCode(req_data, 200): Verify response status code successfully

2022-11-24 17:02:52 - [MESSAGE][PASSED] - Verify response status code successfully

2022-11-24 17:02:52 - [TEST_STEP][PASSED] - response = req_data.getResponseText(): null

2022-11-24 17:02:52 - [TEST_STEP][PASSED] - logInfo($response): {"status":"Done","data":{"requestid1":"254136","requestid2":"254137"}}

2022-11-24 17:02:52 - [MESSAGE][INFO] - {"status":"Done","data":{"requestid1":"254136","requestid2":"254137"}}

2022-11-24 17:02:52 - [TEST_STEP][PASSED] - delay(5): Delayed 5 second(s)

2022-11-24 17:02:57 - [MESSAGE][PASSED] - Delayed 5 second(s)

2022-11-24 17:02:57 - [TEST_STEP][PASSED] - scoring = sendRequest(findTestObject("EngineScore", ["response_searchME_kons":response_searchME_kons, "response_searchME_spouse":response_searchME_spouse])): Send request successfully

2022-11-24 17:02:57 - [MESSAGE][INFO] - HAR: D:\DMS\Engine Scoring\Reports\20221124_165818\Exclude KKB - DS - Married\Scoring Married - KKB\20221124_165818\requests\main\79.har

2022-11-24 17:02:57 - [MESSAGE][PASSED] - Send request successfully

2022-11-24 17:02:57 - [TEST_STEP][PASSED] - verifyResponseStatusCode(scoring, 200): Verify response status code successfully

2022-11-24 17:02:57 - [MESSAGE][PASSED] - Verify response status code successfully

2022-11-24 17:02:57 - [TEST_STEP][PASSED] - response2 = scoring.getResponseText(): null

2022-11-24 17:02:57 - [TEST_STEP][PASSED] - markPassed("result service data ke : " + no): result service data ke : 139

2022-11-24 17:02:57 - [MESSAGE][PASSED] - result service data ke : 139

2022-11-24 17:02:57 - [TEST_STEP][PASSED] - logInfo($response2): {"result_konsumen":"Approve","result_pasangan":"Reject","Final_result":"Reject","errorMessage":"","status":"Done"}

2022-11-24 17:02:57 - [MESSAGE][INFO] - {"result_konsumen":"Approve","result_pasangan":"Reject","Final_result":"Reject","errorMessage":"","status":"Done"}

2022-11-24 17:02:57 - [TEST_STEP][PASSED] - verifyElementPropertyValue(scoring, "Final_result", final_result): Verify element property value successfully

2022-11-24 17:02:57 - [MESSAGE][PASSED] - Verify element property value successfully]]></system-out>
         <system-err><![CDATA[]]></system-err>
      </testcase>
      <testcase name="Test Cases/Engine_Scoring/Engine Scoring" time="6.742" classname="Test Cases/Engine_Scoring/Engine Scoring" status="PASSED">
         <system-out><![CDATA[2022-11-24 17:02:57 - [TEST_CASE][PASSED] - Test Cases/Engine_Scoring/Engine Scoring: Test Cases/Engine_Scoring/Engine Scoring

2022-11-24 17:02:58 - [TEST_STEP][PASSED] - markPassed("Variasi data ke : " + no): Variasi data ke : 140

2022-11-24 17:02:58 - [MESSAGE][PASSED] - Variasi data ke : 140

2022-11-24 17:02:58 - [TEST_STEP][PASSED] - req_data = sendRequest(findTestObject("Search_ME", ["MID":MID, "source":source, "ip":ip, "userid":userid, "branch":branch, "tipekons":tipekons, "marital":marital, "penjamin":penjamin, ... ])): Send request successfully

2022-11-24 17:02:59 - [MESSAGE][INFO] - HAR: D:\DMS\Engine Scoring\Reports\20221124_165818\Exclude KKB - DS - Married\Scoring Married - KKB\20221124_165818\requests\main\80.har

2022-11-24 17:02:59 - [MESSAGE][PASSED] - Send request successfully

2022-11-24 17:02:59 - [TEST_STEP][PASSED] - slurper = new groovy.json.JsonSlurper(): null

2022-11-24 17:02:59 - [TEST_STEP][PASSED] - result = slurper.parseText(req_data.getResponseBodyContent()): null

2022-11-24 17:02:59 - [TEST_STEP][PASSED] - reqid_kons = requestid1: null

2022-11-24 17:02:59 - [TEST_STEP][PASSED] - reqid_spouse = requestid2: null

2022-11-24 17:02:59 - [TEST_STEP][PASSED] - println("requestid kons : " + reqid_kons): null

2022-11-24 17:02:59 - [TEST_STEP][PASSED] - response_searchME_kons = reqid_kons: null

2022-11-24 17:02:59 - [TEST_STEP][PASSED] - response_searchME_spouse = reqid_spouse: null

2022-11-24 17:02:59 - [TEST_STEP][PASSED] - println("kons req id is :" + response_searchME_kons): null

2022-11-24 17:02:59 - [TEST_STEP][PASSED] - println("spouse req id is : " + response_searchME_spouse): null

2022-11-24 17:02:59 - [TEST_STEP][PASSED] - verifyResponseStatusCode(req_data, 200): Verify response status code successfully

2022-11-24 17:02:59 - [MESSAGE][PASSED] - Verify response status code successfully

2022-11-24 17:02:59 - [TEST_STEP][PASSED] - response = req_data.getResponseText(): null

2022-11-24 17:02:59 - [TEST_STEP][PASSED] - logInfo($response): {"status":"Done","data":{"requestid1":"254138","requestid2":"254139"}}

2022-11-24 17:02:59 - [MESSAGE][INFO] - {"status":"Done","data":{"requestid1":"254138","requestid2":"254139"}}

2022-11-24 17:02:59 - [TEST_STEP][PASSED] - delay(5): Delayed 5 second(s)

2022-11-24 17:03:04 - [MESSAGE][PASSED] - Delayed 5 second(s)

2022-11-24 17:03:04 - [TEST_STEP][PASSED] - scoring = sendRequest(findTestObject("EngineScore", ["response_searchME_kons":response_searchME_kons, "response_searchME_spouse":response_searchME_spouse])): Send request successfully

2022-11-24 17:03:04 - [MESSAGE][INFO] - HAR: D:\DMS\Engine Scoring\Reports\20221124_165818\Exclude KKB - DS - Married\Scoring Married - KKB\20221124_165818\requests\main\81.har

2022-11-24 17:03:04 - [MESSAGE][PASSED] - Send request successfully

2022-11-24 17:03:04 - [TEST_STEP][PASSED] - verifyResponseStatusCode(scoring, 200): Verify response status code successfully

2022-11-24 17:03:04 - [MESSAGE][PASSED] - Verify response status code successfully

2022-11-24 17:03:04 - [TEST_STEP][PASSED] - response2 = scoring.getResponseText(): null

2022-11-24 17:03:04 - [TEST_STEP][PASSED] - markPassed("result service data ke : " + no): result service data ke : 140

2022-11-24 17:03:04 - [MESSAGE][PASSED] - result service data ke : 140

2022-11-24 17:03:04 - [TEST_STEP][PASSED] - logInfo($response2): {"result_konsumen":"Approve","result_pasangan":"Reject","Final_result":"Reject","errorMessage":"","status":"Done"}

2022-11-24 17:03:04 - [MESSAGE][INFO] - {"result_konsumen":"Approve","result_pasangan":"Reject","Final_result":"Reject","errorMessage":"","status":"Done"}

2022-11-24 17:03:04 - [TEST_STEP][PASSED] - verifyElementPropertyValue(scoring, "Final_result", final_result): Verify element property value successfully

2022-11-24 17:03:04 - [MESSAGE][PASSED] - Verify element property value successfully]]></system-out>
         <system-err><![CDATA[]]></system-err>
      </testcase>
      <testcase name="Test Cases/Engine_Scoring/Engine Scoring" time="6.77" classname="Test Cases/Engine_Scoring/Engine Scoring" status="PASSED">
         <system-out><![CDATA[2022-11-24 17:03:04 - [TEST_CASE][PASSED] - Test Cases/Engine_Scoring/Engine Scoring: Test Cases/Engine_Scoring/Engine Scoring

2022-11-24 17:03:05 - [TEST_STEP][PASSED] - markPassed("Variasi data ke : " + no): Variasi data ke : 141

2022-11-24 17:03:05 - [MESSAGE][PASSED] - Variasi data ke : 141

2022-11-24 17:03:05 - [TEST_STEP][PASSED] - req_data = sendRequest(findTestObject("Search_ME", ["MID":MID, "source":source, "ip":ip, "userid":userid, "branch":branch, "tipekons":tipekons, "marital":marital, "penjamin":penjamin, ... ])): Send request successfully

2022-11-24 17:03:06 - [MESSAGE][INFO] - HAR: D:\DMS\Engine Scoring\Reports\20221124_165818\Exclude KKB - DS - Married\Scoring Married - KKB\20221124_165818\requests\main\82.har

2022-11-24 17:03:06 - [MESSAGE][PASSED] - Send request successfully

2022-11-24 17:03:06 - [TEST_STEP][PASSED] - slurper = new groovy.json.JsonSlurper(): null

2022-11-24 17:03:06 - [TEST_STEP][PASSED] - result = slurper.parseText(req_data.getResponseBodyContent()): null

2022-11-24 17:03:06 - [TEST_STEP][PASSED] - reqid_kons = requestid1: null

2022-11-24 17:03:06 - [TEST_STEP][PASSED] - reqid_spouse = requestid2: null

2022-11-24 17:03:06 - [TEST_STEP][PASSED] - println("requestid kons : " + reqid_kons): null

2022-11-24 17:03:06 - [TEST_STEP][PASSED] - response_searchME_kons = reqid_kons: null

2022-11-24 17:03:06 - [TEST_STEP][PASSED] - response_searchME_spouse = reqid_spouse: null

2022-11-24 17:03:06 - [TEST_STEP][PASSED] - println("kons req id is :" + response_searchME_kons): null

2022-11-24 17:03:06 - [TEST_STEP][PASSED] - println("spouse req id is : " + response_searchME_spouse): null

2022-11-24 17:03:06 - [TEST_STEP][PASSED] - verifyResponseStatusCode(req_data, 200): Verify response status code successfully

2022-11-24 17:03:06 - [MESSAGE][PASSED] - Verify response status code successfully

2022-11-24 17:03:06 - [TEST_STEP][PASSED] - response = req_data.getResponseText(): null

2022-11-24 17:03:06 - [TEST_STEP][PASSED] - logInfo($response): {"status":"Done","data":{"requestid1":"254140","requestid2":"254141"}}

2022-11-24 17:03:06 - [MESSAGE][INFO] - {"status":"Done","data":{"requestid1":"254140","requestid2":"254141"}}

2022-11-24 17:03:06 - [TEST_STEP][PASSED] - delay(5): Delayed 5 second(s)

2022-11-24 17:03:11 - [MESSAGE][PASSED] - Delayed 5 second(s)

2022-11-24 17:03:11 - [TEST_STEP][PASSED] - scoring = sendRequest(findTestObject("EngineScore", ["response_searchME_kons":response_searchME_kons, "response_searchME_spouse":response_searchME_spouse])): Send request successfully

2022-11-24 17:03:11 - [MESSAGE][INFO] - HAR: D:\DMS\Engine Scoring\Reports\20221124_165818\Exclude KKB - DS - Married\Scoring Married - KKB\20221124_165818\requests\main\83.har

2022-11-24 17:03:11 - [MESSAGE][PASSED] - Send request successfully

2022-11-24 17:03:11 - [TEST_STEP][PASSED] - verifyResponseStatusCode(scoring, 200): Verify response status code successfully

2022-11-24 17:03:11 - [MESSAGE][PASSED] - Verify response status code successfully

2022-11-24 17:03:11 - [TEST_STEP][PASSED] - response2 = scoring.getResponseText(): null

2022-11-24 17:03:11 - [TEST_STEP][PASSED] - markPassed("result service data ke : " + no): result service data ke : 141

2022-11-24 17:03:11 - [MESSAGE][PASSED] - result service data ke : 141

2022-11-24 17:03:11 - [TEST_STEP][PASSED] - logInfo($response2): {"result_konsumen":"Approve","result_pasangan":"Reject","Final_result":"Reject","errorMessage":"","status":"Done"}

2022-11-24 17:03:11 - [MESSAGE][INFO] - {"result_konsumen":"Approve","result_pasangan":"Reject","Final_result":"Reject","errorMessage":"","status":"Done"}

2022-11-24 17:03:11 - [TEST_STEP][PASSED] - verifyElementPropertyValue(scoring, "Final_result", final_result): Verify element property value successfully

2022-11-24 17:03:11 - [MESSAGE][PASSED] - Verify element property value successfully]]></system-out>
         <system-err><![CDATA[]]></system-err>
      </testcase>
      <testcase name="Test Cases/Engine_Scoring/Engine Scoring" time="6.587" classname="Test Cases/Engine_Scoring/Engine Scoring" status="PASSED">
         <system-out><![CDATA[2022-11-24 17:03:11 - [TEST_CASE][PASSED] - Test Cases/Engine_Scoring/Engine Scoring: Test Cases/Engine_Scoring/Engine Scoring

2022-11-24 17:03:12 - [TEST_STEP][PASSED] - markPassed("Variasi data ke : " + no): Variasi data ke : 142

2022-11-24 17:03:12 - [MESSAGE][PASSED] - Variasi data ke : 142

2022-11-24 17:03:12 - [TEST_STEP][PASSED] - req_data = sendRequest(findTestObject("Search_ME", ["MID":MID, "source":source, "ip":ip, "userid":userid, "branch":branch, "tipekons":tipekons, "marital":marital, "penjamin":penjamin, ... ])): Send request successfully

2022-11-24 17:03:12 - [MESSAGE][INFO] - HAR: D:\DMS\Engine Scoring\Reports\20221124_165818\Exclude KKB - DS - Married\Scoring Married - KKB\20221124_165818\requests\main\84.har

2022-11-24 17:03:12 - [MESSAGE][PASSED] - Send request successfully

2022-11-24 17:03:12 - [TEST_STEP][PASSED] - slurper = new groovy.json.JsonSlurper(): null

2022-11-24 17:03:12 - [TEST_STEP][PASSED] - result = slurper.parseText(req_data.getResponseBodyContent()): null

2022-11-24 17:03:12 - [TEST_STEP][PASSED] - reqid_kons = requestid1: null

2022-11-24 17:03:12 - [TEST_STEP][PASSED] - reqid_spouse = requestid2: null

2022-11-24 17:03:12 - [TEST_STEP][PASSED] - println("requestid kons : " + reqid_kons): null

2022-11-24 17:03:12 - [TEST_STEP][PASSED] - response_searchME_kons = reqid_kons: null

2022-11-24 17:03:12 - [TEST_STEP][PASSED] - response_searchME_spouse = reqid_spouse: null

2022-11-24 17:03:12 - [TEST_STEP][PASSED] - println("kons req id is :" + response_searchME_kons): null

2022-11-24 17:03:12 - [TEST_STEP][PASSED] - println("spouse req id is : " + response_searchME_spouse): null

2022-11-24 17:03:12 - [TEST_STEP][PASSED] - verifyResponseStatusCode(req_data, 200): Verify response status code successfully

2022-11-24 17:03:12 - [MESSAGE][PASSED] - Verify response status code successfully

2022-11-24 17:03:12 - [TEST_STEP][PASSED] - response = req_data.getResponseText(): null

2022-11-24 17:03:12 - [TEST_STEP][PASSED] - logInfo($response): {"status":"Done","data":{"requestid1":"254142","requestid2":"254143"}}

2022-11-24 17:03:12 - [MESSAGE][INFO] - {"status":"Done","data":{"requestid1":"254142","requestid2":"254143"}}

2022-11-24 17:03:12 - [TEST_STEP][PASSED] - delay(5): Delayed 5 second(s)

2022-11-24 17:03:17 - [MESSAGE][PASSED] - Delayed 5 second(s)

2022-11-24 17:03:17 - [TEST_STEP][PASSED] - scoring = sendRequest(findTestObject("EngineScore", ["response_searchME_kons":response_searchME_kons, "response_searchME_spouse":response_searchME_spouse])): Send request successfully

2022-11-24 17:03:18 - [MESSAGE][INFO] - HAR: D:\DMS\Engine Scoring\Reports\20221124_165818\Exclude KKB - DS - Married\Scoring Married - KKB\20221124_165818\requests\main\85.har

2022-11-24 17:03:18 - [MESSAGE][PASSED] - Send request successfully

2022-11-24 17:03:18 - [TEST_STEP][PASSED] - verifyResponseStatusCode(scoring, 200): Verify response status code successfully

2022-11-24 17:03:18 - [MESSAGE][PASSED] - Verify response status code successfully

2022-11-24 17:03:18 - [TEST_STEP][PASSED] - response2 = scoring.getResponseText(): null

2022-11-24 17:03:18 - [TEST_STEP][PASSED] - markPassed("result service data ke : " + no): result service data ke : 142

2022-11-24 17:03:18 - [MESSAGE][PASSED] - result service data ke : 142

2022-11-24 17:03:18 - [TEST_STEP][PASSED] - logInfo($response2): {"result_konsumen":"Approve","result_pasangan":"Reject","Final_result":"Reject","errorMessage":"","status":"Done"}

2022-11-24 17:03:18 - [MESSAGE][INFO] - {"result_konsumen":"Approve","result_pasangan":"Reject","Final_result":"Reject","errorMessage":"","status":"Done"}

2022-11-24 17:03:18 - [TEST_STEP][PASSED] - verifyElementPropertyValue(scoring, "Final_result", final_result): Verify element property value successfully

2022-11-24 17:03:18 - [MESSAGE][PASSED] - Verify element property value successfully]]></system-out>
         <system-err><![CDATA[]]></system-err>
      </testcase>
      <testcase name="Test Cases/Engine_Scoring/Engine Scoring" time="6.642" classname="Test Cases/Engine_Scoring/Engine Scoring" status="PASSED">
         <system-out><![CDATA[2022-11-24 17:03:18 - [TEST_CASE][PASSED] - Test Cases/Engine_Scoring/Engine Scoring: Test Cases/Engine_Scoring/Engine Scoring

2022-11-24 17:03:18 - [TEST_STEP][PASSED] - markPassed("Variasi data ke : " + no): Variasi data ke : 143

2022-11-24 17:03:18 - [MESSAGE][PASSED] - Variasi data ke : 143

2022-11-24 17:03:18 - [TEST_STEP][PASSED] - req_data = sendRequest(findTestObject("Search_ME", ["MID":MID, "source":source, "ip":ip, "userid":userid, "branch":branch, "tipekons":tipekons, "marital":marital, "penjamin":penjamin, ... ])): Send request successfully

2022-11-24 17:03:19 - [MESSAGE][INFO] - HAR: D:\DMS\Engine Scoring\Reports\20221124_165818\Exclude KKB - DS - Married\Scoring Married - KKB\20221124_165818\requests\main\86.har

2022-11-24 17:03:19 - [MESSAGE][PASSED] - Send request successfully

2022-11-24 17:03:19 - [TEST_STEP][PASSED] - slurper = new groovy.json.JsonSlurper(): null

2022-11-24 17:03:19 - [TEST_STEP][PASSED] - result = slurper.parseText(req_data.getResponseBodyContent()): null

2022-11-24 17:03:19 - [TEST_STEP][PASSED] - reqid_kons = requestid1: null

2022-11-24 17:03:19 - [TEST_STEP][PASSED] - reqid_spouse = requestid2: null

2022-11-24 17:03:19 - [TEST_STEP][PASSED] - println("requestid kons : " + reqid_kons): null

2022-11-24 17:03:19 - [TEST_STEP][PASSED] - response_searchME_kons = reqid_kons: null

2022-11-24 17:03:19 - [TEST_STEP][PASSED] - response_searchME_spouse = reqid_spouse: null

2022-11-24 17:03:19 - [TEST_STEP][PASSED] - println("kons req id is :" + response_searchME_kons): null

2022-11-24 17:03:19 - [TEST_STEP][PASSED] - println("spouse req id is : " + response_searchME_spouse): null

2022-11-24 17:03:19 - [TEST_STEP][PASSED] - verifyResponseStatusCode(req_data, 200): Verify response status code successfully

2022-11-24 17:03:19 - [MESSAGE][PASSED] - Verify response status code successfully

2022-11-24 17:03:19 - [TEST_STEP][PASSED] - response = req_data.getResponseText(): null

2022-11-24 17:03:19 - [TEST_STEP][PASSED] - logInfo($response): {"status":"Done","data":{"requestid1":"254144","requestid2":"254145"}}

2022-11-24 17:03:19 - [MESSAGE][INFO] - {"status":"Done","data":{"requestid1":"254144","requestid2":"254145"}}

2022-11-24 17:03:19 - [TEST_STEP][PASSED] - delay(5): Delayed 5 second(s)

2022-11-24 17:03:24 - [MESSAGE][PASSED] - Delayed 5 second(s)

2022-11-24 17:03:24 - [TEST_STEP][PASSED] - scoring = sendRequest(findTestObject("EngineScore", ["response_searchME_kons":response_searchME_kons, "response_searchME_spouse":response_searchME_spouse])): Send request successfully

2022-11-24 17:03:24 - [MESSAGE][INFO] - HAR: D:\DMS\Engine Scoring\Reports\20221124_165818\Exclude KKB - DS - Married\Scoring Married - KKB\20221124_165818\requests\main\87.har

2022-11-24 17:03:24 - [MESSAGE][PASSED] - Send request successfully

2022-11-24 17:03:24 - [TEST_STEP][PASSED] - verifyResponseStatusCode(scoring, 200): Verify response status code successfully

2022-11-24 17:03:24 - [MESSAGE][PASSED] - Verify response status code successfully

2022-11-24 17:03:24 - [TEST_STEP][PASSED] - response2 = scoring.getResponseText(): null

2022-11-24 17:03:24 - [TEST_STEP][PASSED] - markPassed("result service data ke : " + no): result service data ke : 143

2022-11-24 17:03:24 - [MESSAGE][PASSED] - result service data ke : 143

2022-11-24 17:03:24 - [TEST_STEP][PASSED] - logInfo($response2): {"result_konsumen":"Approve","result_pasangan":"Reject","Final_result":"Reject","errorMessage":"","status":"Done"}

2022-11-24 17:03:24 - [MESSAGE][INFO] - {"result_konsumen":"Approve","result_pasangan":"Reject","Final_result":"Reject","errorMessage":"","status":"Done"}

2022-11-24 17:03:24 - [TEST_STEP][PASSED] - verifyElementPropertyValue(scoring, "Final_result", final_result): Verify element property value successfully

2022-11-24 17:03:24 - [MESSAGE][PASSED] - Verify element property value successfully]]></system-out>
         <system-err><![CDATA[]]></system-err>
      </testcase>
      <testcase name="Test Cases/Engine_Scoring/Engine Scoring" time="6.6" classname="Test Cases/Engine_Scoring/Engine Scoring" status="PASSED">
         <system-out><![CDATA[2022-11-24 17:03:24 - [TEST_CASE][PASSED] - Test Cases/Engine_Scoring/Engine Scoring: Test Cases/Engine_Scoring/Engine Scoring

2022-11-24 17:03:25 - [TEST_STEP][PASSED] - markPassed("Variasi data ke : " + no): Variasi data ke : 144

2022-11-24 17:03:25 - [MESSAGE][PASSED] - Variasi data ke : 144

2022-11-24 17:03:25 - [TEST_STEP][PASSED] - req_data = sendRequest(findTestObject("Search_ME", ["MID":MID, "source":source, "ip":ip, "userid":userid, "branch":branch, "tipekons":tipekons, "marital":marital, "penjamin":penjamin, ... ])): Send request successfully

2022-11-24 17:03:26 - [MESSAGE][INFO] - HAR: D:\DMS\Engine Scoring\Reports\20221124_165818\Exclude KKB - DS - Married\Scoring Married - KKB\20221124_165818\requests\main\88.har

2022-11-24 17:03:26 - [MESSAGE][PASSED] - Send request successfully

2022-11-24 17:03:26 - [TEST_STEP][PASSED] - slurper = new groovy.json.JsonSlurper(): null

2022-11-24 17:03:26 - [TEST_STEP][PASSED] - result = slurper.parseText(req_data.getResponseBodyContent()): null

2022-11-24 17:03:26 - [TEST_STEP][PASSED] - reqid_kons = requestid1: null

2022-11-24 17:03:26 - [TEST_STEP][PASSED] - reqid_spouse = requestid2: null

2022-11-24 17:03:26 - [TEST_STEP][PASSED] - println("requestid kons : " + reqid_kons): null

2022-11-24 17:03:26 - [TEST_STEP][PASSED] - response_searchME_kons = reqid_kons: null

2022-11-24 17:03:26 - [TEST_STEP][PASSED] - response_searchME_spouse = reqid_spouse: null

2022-11-24 17:03:26 - [TEST_STEP][PASSED] - println("kons req id is :" + response_searchME_kons): null

2022-11-24 17:03:26 - [TEST_STEP][PASSED] - println("spouse req id is : " + response_searchME_spouse): null

2022-11-24 17:03:26 - [TEST_STEP][PASSED] - verifyResponseStatusCode(req_data, 200): Verify response status code successfully

2022-11-24 17:03:26 - [MESSAGE][PASSED] - Verify response status code successfully

2022-11-24 17:03:26 - [TEST_STEP][PASSED] - response = req_data.getResponseText(): null

2022-11-24 17:03:26 - [TEST_STEP][PASSED] - logInfo($response): {"status":"Done","data":{"requestid1":"254146","requestid2":"254147"}}

2022-11-24 17:03:26 - [MESSAGE][INFO] - {"status":"Done","data":{"requestid1":"254146","requestid2":"254147"}}

2022-11-24 17:03:26 - [TEST_STEP][PASSED] - delay(5): Delayed 5 second(s)

2022-11-24 17:03:31 - [MESSAGE][PASSED] - Delayed 5 second(s)

2022-11-24 17:03:31 - [TEST_STEP][PASSED] - scoring = sendRequest(findTestObject("EngineScore", ["response_searchME_kons":response_searchME_kons, "response_searchME_spouse":response_searchME_spouse])): Send request successfully

2022-11-24 17:03:31 - [MESSAGE][INFO] - HAR: D:\DMS\Engine Scoring\Reports\20221124_165818\Exclude KKB - DS - Married\Scoring Married - KKB\20221124_165818\requests\main\89.har

2022-11-24 17:03:31 - [MESSAGE][PASSED] - Send request successfully

2022-11-24 17:03:31 - [TEST_STEP][PASSED] - verifyResponseStatusCode(scoring, 200): Verify response status code successfully

2022-11-24 17:03:31 - [MESSAGE][PASSED] - Verify response status code successfully

2022-11-24 17:03:31 - [TEST_STEP][PASSED] - response2 = scoring.getResponseText(): null

2022-11-24 17:03:31 - [TEST_STEP][PASSED] - markPassed("result service data ke : " + no): result service data ke : 144

2022-11-24 17:03:31 - [MESSAGE][PASSED] - result service data ke : 144

2022-11-24 17:03:31 - [TEST_STEP][PASSED] - logInfo($response2): {"result_konsumen":"Approve","result_pasangan":"Reject","Final_result":"Reject","errorMessage":"","status":"Done"}

2022-11-24 17:03:31 - [MESSAGE][INFO] - {"result_konsumen":"Approve","result_pasangan":"Reject","Final_result":"Reject","errorMessage":"","status":"Done"}

2022-11-24 17:03:31 - [TEST_STEP][PASSED] - verifyElementPropertyValue(scoring, "Final_result", final_result): Verify element property value successfully

2022-11-24 17:03:31 - [MESSAGE][PASSED] - Verify element property value successfully]]></system-out>
         <system-err><![CDATA[]]></system-err>
      </testcase>
      <testcase name="Test Cases/Engine_Scoring/Engine Scoring" time="6.757" classname="Test Cases/Engine_Scoring/Engine Scoring" status="PASSED">
         <system-out><![CDATA[2022-11-24 17:03:31 - [TEST_CASE][PASSED] - Test Cases/Engine_Scoring/Engine Scoring: Test Cases/Engine_Scoring/Engine Scoring

2022-11-24 17:03:32 - [TEST_STEP][PASSED] - markPassed("Variasi data ke : " + no): Variasi data ke : 145

2022-11-24 17:03:32 - [MESSAGE][PASSED] - Variasi data ke : 145

2022-11-24 17:03:32 - [TEST_STEP][PASSED] - req_data = sendRequest(findTestObject("Search_ME", ["MID":MID, "source":source, "ip":ip, "userid":userid, "branch":branch, "tipekons":tipekons, "marital":marital, "penjamin":penjamin, ... ])): Send request successfully

2022-11-24 17:03:33 - [MESSAGE][INFO] - HAR: D:\DMS\Engine Scoring\Reports\20221124_165818\Exclude KKB - DS - Married\Scoring Married - KKB\20221124_165818\requests\main\90.har

2022-11-24 17:03:33 - [MESSAGE][PASSED] - Send request successfully

2022-11-24 17:03:33 - [TEST_STEP][PASSED] - slurper = new groovy.json.JsonSlurper(): null

2022-11-24 17:03:33 - [TEST_STEP][PASSED] - result = slurper.parseText(req_data.getResponseBodyContent()): null

2022-11-24 17:03:33 - [TEST_STEP][PASSED] - reqid_kons = requestid1: null

2022-11-24 17:03:33 - [TEST_STEP][PASSED] - reqid_spouse = requestid2: null

2022-11-24 17:03:33 - [TEST_STEP][PASSED] - println("requestid kons : " + reqid_kons): null

2022-11-24 17:03:33 - [TEST_STEP][PASSED] - response_searchME_kons = reqid_kons: null

2022-11-24 17:03:33 - [TEST_STEP][PASSED] - response_searchME_spouse = reqid_spouse: null

2022-11-24 17:03:33 - [TEST_STEP][PASSED] - println("kons req id is :" + response_searchME_kons): null

2022-11-24 17:03:33 - [TEST_STEP][PASSED] - println("spouse req id is : " + response_searchME_spouse): null

2022-11-24 17:03:33 - [TEST_STEP][PASSED] - verifyResponseStatusCode(req_data, 200): Verify response status code successfully

2022-11-24 17:03:33 - [MESSAGE][PASSED] - Verify response status code successfully

2022-11-24 17:03:33 - [TEST_STEP][PASSED] - response = req_data.getResponseText(): null

2022-11-24 17:03:33 - [TEST_STEP][PASSED] - logInfo($response): {"status":"Done","data":{"requestid1":"254148","requestid2":"254149"}}

2022-11-24 17:03:33 - [MESSAGE][INFO] - {"status":"Done","data":{"requestid1":"254148","requestid2":"254149"}}

2022-11-24 17:03:33 - [TEST_STEP][PASSED] - delay(5): Delayed 5 second(s)

2022-11-24 17:03:38 - [MESSAGE][PASSED] - Delayed 5 second(s)

2022-11-24 17:03:38 - [TEST_STEP][PASSED] - scoring = sendRequest(findTestObject("EngineScore", ["response_searchME_kons":response_searchME_kons, "response_searchME_spouse":response_searchME_spouse])): Send request successfully

2022-11-24 17:03:38 - [MESSAGE][INFO] - HAR: D:\DMS\Engine Scoring\Reports\20221124_165818\Exclude KKB - DS - Married\Scoring Married - KKB\20221124_165818\requests\main\91.har

2022-11-24 17:03:38 - [MESSAGE][PASSED] - Send request successfully

2022-11-24 17:03:38 - [TEST_STEP][PASSED] - verifyResponseStatusCode(scoring, 200): Verify response status code successfully

2022-11-24 17:03:38 - [MESSAGE][PASSED] - Verify response status code successfully

2022-11-24 17:03:38 - [TEST_STEP][PASSED] - response2 = scoring.getResponseText(): null

2022-11-24 17:03:38 - [TEST_STEP][PASSED] - markPassed("result service data ke : " + no): result service data ke : 145

2022-11-24 17:03:38 - [MESSAGE][PASSED] - result service data ke : 145

2022-11-24 17:03:38 - [TEST_STEP][PASSED] - logInfo($response2): {"result_konsumen":"Reject","result_pasangan":"Reguler","Final_result":"Reject","errorMessage":"","status":"Done"}

2022-11-24 17:03:38 - [MESSAGE][INFO] - {"result_konsumen":"Reject","result_pasangan":"Reguler","Final_result":"Reject","errorMessage":"","status":"Done"}

2022-11-24 17:03:38 - [TEST_STEP][PASSED] - verifyElementPropertyValue(scoring, "Final_result", final_result): Verify element property value successfully

2022-11-24 17:03:38 - [MESSAGE][PASSED] - Verify element property value successfully]]></system-out>
         <system-err><![CDATA[]]></system-err>
      </testcase>
      <testcase name="Test Cases/Engine_Scoring/Engine Scoring" time="6.621" classname="Test Cases/Engine_Scoring/Engine Scoring" status="PASSED">
         <system-out><![CDATA[2022-11-24 17:03:38 - [TEST_CASE][PASSED] - Test Cases/Engine_Scoring/Engine Scoring: Test Cases/Engine_Scoring/Engine Scoring

2022-11-24 17:03:38 - [TEST_STEP][PASSED] - markPassed("Variasi data ke : " + no): Variasi data ke : 146

2022-11-24 17:03:38 - [MESSAGE][PASSED] - Variasi data ke : 146

2022-11-24 17:03:38 - [TEST_STEP][PASSED] - req_data = sendRequest(findTestObject("Search_ME", ["MID":MID, "source":source, "ip":ip, "userid":userid, "branch":branch, "tipekons":tipekons, "marital":marital, "penjamin":penjamin, ... ])): Send request successfully

2022-11-24 17:03:39 - [MESSAGE][INFO] - HAR: D:\DMS\Engine Scoring\Reports\20221124_165818\Exclude KKB - DS - Married\Scoring Married - KKB\20221124_165818\requests\main\92.har

2022-11-24 17:03:39 - [MESSAGE][PASSED] - Send request successfully

2022-11-24 17:03:39 - [TEST_STEP][PASSED] - slurper = new groovy.json.JsonSlurper(): null

2022-11-24 17:03:39 - [TEST_STEP][PASSED] - result = slurper.parseText(req_data.getResponseBodyContent()): null

2022-11-24 17:03:39 - [TEST_STEP][PASSED] - reqid_kons = requestid1: null

2022-11-24 17:03:39 - [TEST_STEP][PASSED] - reqid_spouse = requestid2: null

2022-11-24 17:03:39 - [TEST_STEP][PASSED] - println("requestid kons : " + reqid_kons): null

2022-11-24 17:03:39 - [TEST_STEP][PASSED] - response_searchME_kons = reqid_kons: null

2022-11-24 17:03:39 - [TEST_STEP][PASSED] - response_searchME_spouse = reqid_spouse: null

2022-11-24 17:03:39 - [TEST_STEP][PASSED] - println("kons req id is :" + response_searchME_kons): null

2022-11-24 17:03:39 - [TEST_STEP][PASSED] - println("spouse req id is : " + response_searchME_spouse): null

2022-11-24 17:03:39 - [TEST_STEP][PASSED] - verifyResponseStatusCode(req_data, 200): Verify response status code successfully

2022-11-24 17:03:39 - [MESSAGE][PASSED] - Verify response status code successfully

2022-11-24 17:03:39 - [TEST_STEP][PASSED] - response = req_data.getResponseText(): null

2022-11-24 17:03:39 - [TEST_STEP][PASSED] - logInfo($response): {"status":"Done","data":{"requestid1":"254150","requestid2":"254151"}}

2022-11-24 17:03:39 - [MESSAGE][INFO] - {"status":"Done","data":{"requestid1":"254150","requestid2":"254151"}}

2022-11-24 17:03:39 - [TEST_STEP][PASSED] - delay(5): Delayed 5 second(s)

2022-11-24 17:03:44 - [MESSAGE][PASSED] - Delayed 5 second(s)

2022-11-24 17:03:44 - [TEST_STEP][PASSED] - scoring = sendRequest(findTestObject("EngineScore", ["response_searchME_kons":response_searchME_kons, "response_searchME_spouse":response_searchME_spouse])): Send request successfully

2022-11-24 17:03:44 - [MESSAGE][INFO] - HAR: D:\DMS\Engine Scoring\Reports\20221124_165818\Exclude KKB - DS - Married\Scoring Married - KKB\20221124_165818\requests\main\93.har

2022-11-24 17:03:44 - [MESSAGE][PASSED] - Send request successfully

2022-11-24 17:03:44 - [TEST_STEP][PASSED] - verifyResponseStatusCode(scoring, 200): Verify response status code successfully

2022-11-24 17:03:44 - [MESSAGE][PASSED] - Verify response status code successfully

2022-11-24 17:03:44 - [TEST_STEP][PASSED] - response2 = scoring.getResponseText(): null

2022-11-24 17:03:44 - [TEST_STEP][PASSED] - markPassed("result service data ke : " + no): result service data ke : 146

2022-11-24 17:03:44 - [MESSAGE][PASSED] - result service data ke : 146

2022-11-24 17:03:44 - [TEST_STEP][PASSED] - logInfo($response2): {"result_konsumen":"Reject","result_pasangan":"Reguler","Final_result":"Reject","errorMessage":"","status":"Done"}

2022-11-24 17:03:44 - [MESSAGE][INFO] - {"result_konsumen":"Reject","result_pasangan":"Reguler","Final_result":"Reject","errorMessage":"","status":"Done"}

2022-11-24 17:03:44 - [TEST_STEP][PASSED] - verifyElementPropertyValue(scoring, "Final_result", final_result): Verify element property value successfully

2022-11-24 17:03:44 - [MESSAGE][PASSED] - Verify element property value successfully]]></system-out>
         <system-err><![CDATA[]]></system-err>
      </testcase>
      <testcase name="Test Cases/Engine_Scoring/Engine Scoring" time="6.626" classname="Test Cases/Engine_Scoring/Engine Scoring" status="PASSED">
         <system-out><![CDATA[2022-11-24 17:03:44 - [TEST_CASE][PASSED] - Test Cases/Engine_Scoring/Engine Scoring: Test Cases/Engine_Scoring/Engine Scoring

2022-11-24 17:03:45 - [TEST_STEP][PASSED] - markPassed("Variasi data ke : " + no): Variasi data ke : 147

2022-11-24 17:03:45 - [MESSAGE][PASSED] - Variasi data ke : 147

2022-11-24 17:03:45 - [TEST_STEP][PASSED] - req_data = sendRequest(findTestObject("Search_ME", ["MID":MID, "source":source, "ip":ip, "userid":userid, "branch":branch, "tipekons":tipekons, "marital":marital, "penjamin":penjamin, ... ])): Send request successfully

2022-11-24 17:03:46 - [MESSAGE][INFO] - HAR: D:\DMS\Engine Scoring\Reports\20221124_165818\Exclude KKB - DS - Married\Scoring Married - KKB\20221124_165818\requests\main\94.har

2022-11-24 17:03:46 - [MESSAGE][PASSED] - Send request successfully

2022-11-24 17:03:46 - [TEST_STEP][PASSED] - slurper = new groovy.json.JsonSlurper(): null

2022-11-24 17:03:46 - [TEST_STEP][PASSED] - result = slurper.parseText(req_data.getResponseBodyContent()): null

2022-11-24 17:03:46 - [TEST_STEP][PASSED] - reqid_kons = requestid1: null

2022-11-24 17:03:46 - [TEST_STEP][PASSED] - reqid_spouse = requestid2: null

2022-11-24 17:03:46 - [TEST_STEP][PASSED] - println("requestid kons : " + reqid_kons): null

2022-11-24 17:03:46 - [TEST_STEP][PASSED] - response_searchME_kons = reqid_kons: null

2022-11-24 17:03:46 - [TEST_STEP][PASSED] - response_searchME_spouse = reqid_spouse: null

2022-11-24 17:03:46 - [TEST_STEP][PASSED] - println("kons req id is :" + response_searchME_kons): null

2022-11-24 17:03:46 - [TEST_STEP][PASSED] - println("spouse req id is : " + response_searchME_spouse): null

2022-11-24 17:03:46 - [TEST_STEP][PASSED] - verifyResponseStatusCode(req_data, 200): Verify response status code successfully

2022-11-24 17:03:46 - [MESSAGE][PASSED] - Verify response status code successfully

2022-11-24 17:03:46 - [TEST_STEP][PASSED] - response = req_data.getResponseText(): null

2022-11-24 17:03:46 - [TEST_STEP][PASSED] - logInfo($response): {"status":"Done","data":{"requestid1":"254152","requestid2":"254153"}}

2022-11-24 17:03:46 - [MESSAGE][INFO] - {"status":"Done","data":{"requestid1":"254152","requestid2":"254153"}}

2022-11-24 17:03:46 - [TEST_STEP][PASSED] - delay(5): Delayed 5 second(s)

2022-11-24 17:03:51 - [MESSAGE][PASSED] - Delayed 5 second(s)

2022-11-24 17:03:51 - [TEST_STEP][PASSED] - scoring = sendRequest(findTestObject("EngineScore", ["response_searchME_kons":response_searchME_kons, "response_searchME_spouse":response_searchME_spouse])): Send request successfully

2022-11-24 17:03:51 - [MESSAGE][INFO] - HAR: D:\DMS\Engine Scoring\Reports\20221124_165818\Exclude KKB - DS - Married\Scoring Married - KKB\20221124_165818\requests\main\95.har

2022-11-24 17:03:51 - [MESSAGE][PASSED] - Send request successfully

2022-11-24 17:03:51 - [TEST_STEP][PASSED] - verifyResponseStatusCode(scoring, 200): Verify response status code successfully

2022-11-24 17:03:51 - [MESSAGE][PASSED] - Verify response status code successfully

2022-11-24 17:03:51 - [TEST_STEP][PASSED] - response2 = scoring.getResponseText(): null

2022-11-24 17:03:51 - [TEST_STEP][PASSED] - markPassed("result service data ke : " + no): result service data ke : 147

2022-11-24 17:03:51 - [MESSAGE][PASSED] - result service data ke : 147

2022-11-24 17:03:51 - [TEST_STEP][PASSED] - logInfo($response2): {"result_konsumen":"Reject","result_pasangan":"Reguler","Final_result":"Reject","errorMessage":"","status":"Done"}

2022-11-24 17:03:51 - [MESSAGE][INFO] - {"result_konsumen":"Reject","result_pasangan":"Reguler","Final_result":"Reject","errorMessage":"","status":"Done"}

2022-11-24 17:03:51 - [TEST_STEP][PASSED] - verifyElementPropertyValue(scoring, "Final_result", final_result): Verify element property value successfully

2022-11-24 17:03:51 - [MESSAGE][PASSED] - Verify element property value successfully]]></system-out>
         <system-err><![CDATA[]]></system-err>
      </testcase>
      <testcase name="Test Cases/Engine_Scoring/Engine Scoring" time="6.61" classname="Test Cases/Engine_Scoring/Engine Scoring" status="PASSED">
         <system-out><![CDATA[2022-11-24 17:03:51 - [TEST_CASE][PASSED] - Test Cases/Engine_Scoring/Engine Scoring: Test Cases/Engine_Scoring/Engine Scoring

2022-11-24 17:03:52 - [TEST_STEP][PASSED] - markPassed("Variasi data ke : " + no): Variasi data ke : 148

2022-11-24 17:03:52 - [MESSAGE][PASSED] - Variasi data ke : 148

2022-11-24 17:03:52 - [TEST_STEP][PASSED] - req_data = sendRequest(findTestObject("Search_ME", ["MID":MID, "source":source, "ip":ip, "userid":userid, "branch":branch, "tipekons":tipekons, "marital":marital, "penjamin":penjamin, ... ])): Send request successfully

2022-11-24 17:03:53 - [MESSAGE][INFO] - HAR: D:\DMS\Engine Scoring\Reports\20221124_165818\Exclude KKB - DS - Married\Scoring Married - KKB\20221124_165818\requests\main\96.har

2022-11-24 17:03:53 - [MESSAGE][PASSED] - Send request successfully

2022-11-24 17:03:53 - [TEST_STEP][PASSED] - slurper = new groovy.json.JsonSlurper(): null

2022-11-24 17:03:53 - [TEST_STEP][PASSED] - result = slurper.parseText(req_data.getResponseBodyContent()): null

2022-11-24 17:03:53 - [TEST_STEP][PASSED] - reqid_kons = requestid1: null

2022-11-24 17:03:53 - [TEST_STEP][PASSED] - reqid_spouse = requestid2: null

2022-11-24 17:03:53 - [TEST_STEP][PASSED] - println("requestid kons : " + reqid_kons): null

2022-11-24 17:03:53 - [TEST_STEP][PASSED] - response_searchME_kons = reqid_kons: null

2022-11-24 17:03:53 - [TEST_STEP][PASSED] - response_searchME_spouse = reqid_spouse: null

2022-11-24 17:03:53 - [TEST_STEP][PASSED] - println("kons req id is :" + response_searchME_kons): null

2022-11-24 17:03:53 - [TEST_STEP][PASSED] - println("spouse req id is : " + response_searchME_spouse): null

2022-11-24 17:03:53 - [TEST_STEP][PASSED] - verifyResponseStatusCode(req_data, 200): Verify response status code successfully

2022-11-24 17:03:53 - [MESSAGE][PASSED] - Verify response status code successfully

2022-11-24 17:03:53 - [TEST_STEP][PASSED] - response = req_data.getResponseText(): null

2022-11-24 17:03:53 - [TEST_STEP][PASSED] - logInfo($response): {"status":"Done","data":{"requestid1":"254154","requestid2":"254155"}}

2022-11-24 17:03:53 - [MESSAGE][INFO] - {"status":"Done","data":{"requestid1":"254154","requestid2":"254155"}}

2022-11-24 17:03:53 - [TEST_STEP][PASSED] - delay(5): Delayed 5 second(s)

2022-11-24 17:03:58 - [MESSAGE][PASSED] - Delayed 5 second(s)

2022-11-24 17:03:58 - [TEST_STEP][PASSED] - scoring = sendRequest(findTestObject("EngineScore", ["response_searchME_kons":response_searchME_kons, "response_searchME_spouse":response_searchME_spouse])): Send request successfully

2022-11-24 17:03:58 - [MESSAGE][INFO] - HAR: D:\DMS\Engine Scoring\Reports\20221124_165818\Exclude KKB - DS - Married\Scoring Married - KKB\20221124_165818\requests\main\97.har

2022-11-24 17:03:58 - [MESSAGE][PASSED] - Send request successfully

2022-11-24 17:03:58 - [TEST_STEP][PASSED] - verifyResponseStatusCode(scoring, 200): Verify response status code successfully

2022-11-24 17:03:58 - [MESSAGE][PASSED] - Verify response status code successfully

2022-11-24 17:03:58 - [TEST_STEP][PASSED] - response2 = scoring.getResponseText(): null

2022-11-24 17:03:58 - [TEST_STEP][PASSED] - markPassed("result service data ke : " + no): result service data ke : 148

2022-11-24 17:03:58 - [MESSAGE][PASSED] - result service data ke : 148

2022-11-24 17:03:58 - [TEST_STEP][PASSED] - logInfo($response2): {"result_konsumen":"Reject","result_pasangan":"Reguler","Final_result":"Reject","errorMessage":"","status":"Done"}

2022-11-24 17:03:58 - [MESSAGE][INFO] - {"result_konsumen":"Reject","result_pasangan":"Reguler","Final_result":"Reject","errorMessage":"","status":"Done"}

2022-11-24 17:03:58 - [TEST_STEP][PASSED] - verifyElementPropertyValue(scoring, "Final_result", final_result): Verify element property value successfully

2022-11-24 17:03:58 - [MESSAGE][PASSED] - Verify element property value successfully]]></system-out>
         <system-err><![CDATA[]]></system-err>
      </testcase>
      <testcase name="Test Cases/Engine_Scoring/Engine Scoring" time="6.632" classname="Test Cases/Engine_Scoring/Engine Scoring" status="PASSED">
         <system-out><![CDATA[2022-11-24 17:03:58 - [TEST_CASE][PASSED] - Test Cases/Engine_Scoring/Engine Scoring: Test Cases/Engine_Scoring/Engine Scoring

2022-11-24 17:03:59 - [TEST_STEP][PASSED] - markPassed("Variasi data ke : " + no): Variasi data ke : 149

2022-11-24 17:03:59 - [MESSAGE][PASSED] - Variasi data ke : 149

2022-11-24 17:03:59 - [TEST_STEP][PASSED] - req_data = sendRequest(findTestObject("Search_ME", ["MID":MID, "source":source, "ip":ip, "userid":userid, "branch":branch, "tipekons":tipekons, "marital":marital, "penjamin":penjamin, ... ])): Send request successfully

2022-11-24 17:03:59 - [MESSAGE][INFO] - HAR: D:\DMS\Engine Scoring\Reports\20221124_165818\Exclude KKB - DS - Married\Scoring Married - KKB\20221124_165818\requests\main\98.har

2022-11-24 17:03:59 - [MESSAGE][PASSED] - Send request successfully

2022-11-24 17:03:59 - [TEST_STEP][PASSED] - slurper = new groovy.json.JsonSlurper(): null

2022-11-24 17:03:59 - [TEST_STEP][PASSED] - result = slurper.parseText(req_data.getResponseBodyContent()): null

2022-11-24 17:03:59 - [TEST_STEP][PASSED] - reqid_kons = requestid1: null

2022-11-24 17:03:59 - [TEST_STEP][PASSED] - reqid_spouse = requestid2: null

2022-11-24 17:03:59 - [TEST_STEP][PASSED] - println("requestid kons : " + reqid_kons): null

2022-11-24 17:03:59 - [TEST_STEP][PASSED] - response_searchME_kons = reqid_kons: null

2022-11-24 17:03:59 - [TEST_STEP][PASSED] - response_searchME_spouse = reqid_spouse: null

2022-11-24 17:03:59 - [TEST_STEP][PASSED] - println("kons req id is :" + response_searchME_kons): null

2022-11-24 17:03:59 - [TEST_STEP][PASSED] - println("spouse req id is : " + response_searchME_spouse): null

2022-11-24 17:03:59 - [TEST_STEP][PASSED] - verifyResponseStatusCode(req_data, 200): Verify response status code successfully

2022-11-24 17:03:59 - [MESSAGE][PASSED] - Verify response status code successfully

2022-11-24 17:03:59 - [TEST_STEP][PASSED] - response = req_data.getResponseText(): null

2022-11-24 17:03:59 - [TEST_STEP][PASSED] - logInfo($response): {"status":"Done","data":{"requestid1":"254156","requestid2":"254157"}}

2022-11-24 17:03:59 - [MESSAGE][INFO] - {"status":"Done","data":{"requestid1":"254156","requestid2":"254157"}}

2022-11-24 17:03:59 - [TEST_STEP][PASSED] - delay(5): Delayed 5 second(s)

2022-11-24 17:04:04 - [MESSAGE][PASSED] - Delayed 5 second(s)

2022-11-24 17:04:04 - [TEST_STEP][PASSED] - scoring = sendRequest(findTestObject("EngineScore", ["response_searchME_kons":response_searchME_kons, "response_searchME_spouse":response_searchME_spouse])): Send request successfully

2022-11-24 17:04:04 - [MESSAGE][INFO] - HAR: D:\DMS\Engine Scoring\Reports\20221124_165818\Exclude KKB - DS - Married\Scoring Married - KKB\20221124_165818\requests\main\99.har

2022-11-24 17:04:04 - [MESSAGE][PASSED] - Send request successfully

2022-11-24 17:04:04 - [TEST_STEP][PASSED] - verifyResponseStatusCode(scoring, 200): Verify response status code successfully

2022-11-24 17:04:04 - [MESSAGE][PASSED] - Verify response status code successfully

2022-11-24 17:04:04 - [TEST_STEP][PASSED] - response2 = scoring.getResponseText(): null

2022-11-24 17:04:04 - [TEST_STEP][PASSED] - markPassed("result service data ke : " + no): result service data ke : 149

2022-11-24 17:04:04 - [MESSAGE][PASSED] - result service data ke : 149

2022-11-24 17:04:04 - [TEST_STEP][PASSED] - logInfo($response2): {"result_konsumen":"Reject","result_pasangan":"Reject","Final_result":"Reject","errorMessage":"","status":"Done"}

2022-11-24 17:04:04 - [MESSAGE][INFO] - {"result_konsumen":"Reject","result_pasangan":"Reject","Final_result":"Reject","errorMessage":"","status":"Done"}

2022-11-24 17:04:04 - [TEST_STEP][PASSED] - verifyElementPropertyValue(scoring, "Final_result", final_result): Verify element property value successfully

2022-11-24 17:04:04 - [MESSAGE][PASSED] - Verify element property value successfully]]></system-out>
         <system-err><![CDATA[]]></system-err>
      </testcase>
      <testcase name="Test Cases/Engine_Scoring/Engine Scoring" time="8.722" classname="Test Cases/Engine_Scoring/Engine Scoring" status="PASSED">
         <system-out><![CDATA[2022-11-24 17:04:04 - [TEST_CASE][PASSED] - Test Cases/Engine_Scoring/Engine Scoring: Test Cases/Engine_Scoring/Engine Scoring

2022-11-24 17:04:07 - [TEST_STEP][PASSED] - markPassed("Variasi data ke : " + no): Variasi data ke : 150

2022-11-24 17:04:07 - [MESSAGE][PASSED] - Variasi data ke : 150

2022-11-24 17:04:07 - [TEST_STEP][PASSED] - req_data = sendRequest(findTestObject("Search_ME", ["MID":MID, "source":source, "ip":ip, "userid":userid, "branch":branch, "tipekons":tipekons, "marital":marital, "penjamin":penjamin, ... ])): Send request successfully

2022-11-24 17:04:08 - [MESSAGE][INFO] - HAR: D:\DMS\Engine Scoring\Reports\20221124_165818\Exclude KKB - DS - Married\Scoring Married - KKB\20221124_165818\requests\main\100.har

2022-11-24 17:04:08 - [MESSAGE][PASSED] - Send request successfully

2022-11-24 17:04:08 - [TEST_STEP][PASSED] - slurper = new groovy.json.JsonSlurper(): null

2022-11-24 17:04:08 - [TEST_STEP][PASSED] - result = slurper.parseText(req_data.getResponseBodyContent()): null

2022-11-24 17:04:08 - [TEST_STEP][PASSED] - reqid_kons = requestid1: null

2022-11-24 17:04:08 - [TEST_STEP][PASSED] - reqid_spouse = requestid2: null

2022-11-24 17:04:08 - [TEST_STEP][PASSED] - println("requestid kons : " + reqid_kons): null

2022-11-24 17:04:08 - [TEST_STEP][PASSED] - response_searchME_kons = reqid_kons: null

2022-11-24 17:04:08 - [TEST_STEP][PASSED] - response_searchME_spouse = reqid_spouse: null

2022-11-24 17:04:08 - [TEST_STEP][PASSED] - println("kons req id is :" + response_searchME_kons): null

2022-11-24 17:04:08 - [TEST_STEP][PASSED] - println("spouse req id is : " + response_searchME_spouse): null

2022-11-24 17:04:08 - [TEST_STEP][PASSED] - verifyResponseStatusCode(req_data, 200): Verify response status code successfully

2022-11-24 17:04:08 - [MESSAGE][PASSED] - Verify response status code successfully

2022-11-24 17:04:08 - [TEST_STEP][PASSED] - response = req_data.getResponseText(): null

2022-11-24 17:04:08 - [TEST_STEP][PASSED] - logInfo($response): {"status":"Done","data":{"requestid1":"254158","requestid2":"254159"}}

2022-11-24 17:04:08 - [MESSAGE][INFO] - {"status":"Done","data":{"requestid1":"254158","requestid2":"254159"}}

2022-11-24 17:04:08 - [TEST_STEP][PASSED] - delay(5): Delayed 5 second(s)

2022-11-24 17:04:13 - [MESSAGE][PASSED] - Delayed 5 second(s)

2022-11-24 17:04:13 - [TEST_STEP][PASSED] - scoring = sendRequest(findTestObject("EngineScore", ["response_searchME_kons":response_searchME_kons, "response_searchME_spouse":response_searchME_spouse])): Send request successfully

2022-11-24 17:04:13 - [MESSAGE][INFO] - HAR: D:\DMS\Engine Scoring\Reports\20221124_165818\Exclude KKB - DS - Married\Scoring Married - KKB\20221124_165818\requests\main\101.har

2022-11-24 17:04:13 - [MESSAGE][PASSED] - Send request successfully

2022-11-24 17:04:13 - [TEST_STEP][PASSED] - verifyResponseStatusCode(scoring, 200): Verify response status code successfully

2022-11-24 17:04:13 - [MESSAGE][PASSED] - Verify response status code successfully

2022-11-24 17:04:13 - [TEST_STEP][PASSED] - response2 = scoring.getResponseText(): null

2022-11-24 17:04:13 - [TEST_STEP][PASSED] - markPassed("result service data ke : " + no): result service data ke : 150

2022-11-24 17:04:13 - [MESSAGE][PASSED] - result service data ke : 150

2022-11-24 17:04:13 - [TEST_STEP][PASSED] - logInfo($response2): {"result_konsumen":"Reject","result_pasangan":"Reject","Final_result":"Reject","errorMessage":"","status":"Done"}

2022-11-24 17:04:13 - [MESSAGE][INFO] - {"result_konsumen":"Reject","result_pasangan":"Reject","Final_result":"Reject","errorMessage":"","status":"Done"}

2022-11-24 17:04:13 - [TEST_STEP][PASSED] - verifyElementPropertyValue(scoring, "Final_result", final_result): Verify element property value successfully

2022-11-24 17:04:13 - [MESSAGE][PASSED] - Verify element property value successfully]]></system-out>
         <system-err><![CDATA[]]></system-err>
      </testcase>
      <testcase name="Test Cases/Engine_Scoring/Engine Scoring" time="6.611" classname="Test Cases/Engine_Scoring/Engine Scoring" status="PASSED">
         <system-out><![CDATA[2022-11-24 17:04:13 - [TEST_CASE][PASSED] - Test Cases/Engine_Scoring/Engine Scoring: Test Cases/Engine_Scoring/Engine Scoring

2022-11-24 17:04:14 - [TEST_STEP][PASSED] - markPassed("Variasi data ke : " + no): Variasi data ke : 151

2022-11-24 17:04:14 - [MESSAGE][PASSED] - Variasi data ke : 151

2022-11-24 17:04:14 - [TEST_STEP][PASSED] - req_data = sendRequest(findTestObject("Search_ME", ["MID":MID, "source":source, "ip":ip, "userid":userid, "branch":branch, "tipekons":tipekons, "marital":marital, "penjamin":penjamin, ... ])): Send request successfully

2022-11-24 17:04:15 - [MESSAGE][INFO] - HAR: D:\DMS\Engine Scoring\Reports\20221124_165818\Exclude KKB - DS - Married\Scoring Married - KKB\20221124_165818\requests\main\102.har

2022-11-24 17:04:15 - [MESSAGE][PASSED] - Send request successfully

2022-11-24 17:04:15 - [TEST_STEP][PASSED] - slurper = new groovy.json.JsonSlurper(): null

2022-11-24 17:04:15 - [TEST_STEP][PASSED] - result = slurper.parseText(req_data.getResponseBodyContent()): null

2022-11-24 17:04:15 - [TEST_STEP][PASSED] - reqid_kons = requestid1: null

2022-11-24 17:04:15 - [TEST_STEP][PASSED] - reqid_spouse = requestid2: null

2022-11-24 17:04:15 - [TEST_STEP][PASSED] - println("requestid kons : " + reqid_kons): null

2022-11-24 17:04:15 - [TEST_STEP][PASSED] - response_searchME_kons = reqid_kons: null

2022-11-24 17:04:15 - [TEST_STEP][PASSED] - response_searchME_spouse = reqid_spouse: null

2022-11-24 17:04:15 - [TEST_STEP][PASSED] - println("kons req id is :" + response_searchME_kons): null

2022-11-24 17:04:15 - [TEST_STEP][PASSED] - println("spouse req id is : " + response_searchME_spouse): null

2022-11-24 17:04:15 - [TEST_STEP][PASSED] - verifyResponseStatusCode(req_data, 200): Verify response status code successfully

2022-11-24 17:04:15 - [MESSAGE][PASSED] - Verify response status code successfully

2022-11-24 17:04:15 - [TEST_STEP][PASSED] - response = req_data.getResponseText(): null

2022-11-24 17:04:15 - [TEST_STEP][PASSED] - logInfo($response): {"status":"Done","data":{"requestid1":"254160","requestid2":"254161"}}

2022-11-24 17:04:15 - [MESSAGE][INFO] - {"status":"Done","data":{"requestid1":"254160","requestid2":"254161"}}

2022-11-24 17:04:15 - [TEST_STEP][PASSED] - delay(5): Delayed 5 second(s)

2022-11-24 17:04:20 - [MESSAGE][PASSED] - Delayed 5 second(s)

2022-11-24 17:04:20 - [TEST_STEP][PASSED] - scoring = sendRequest(findTestObject("EngineScore", ["response_searchME_kons":response_searchME_kons, "response_searchME_spouse":response_searchME_spouse])): Send request successfully

2022-11-24 17:04:20 - [MESSAGE][INFO] - HAR: D:\DMS\Engine Scoring\Reports\20221124_165818\Exclude KKB - DS - Married\Scoring Married - KKB\20221124_165818\requests\main\103.har

2022-11-24 17:04:20 - [MESSAGE][PASSED] - Send request successfully

2022-11-24 17:04:20 - [TEST_STEP][PASSED] - verifyResponseStatusCode(scoring, 200): Verify response status code successfully

2022-11-24 17:04:20 - [MESSAGE][PASSED] - Verify response status code successfully

2022-11-24 17:04:20 - [TEST_STEP][PASSED] - response2 = scoring.getResponseText(): null

2022-11-24 17:04:20 - [TEST_STEP][PASSED] - markPassed("result service data ke : " + no): result service data ke : 151

2022-11-24 17:04:20 - [MESSAGE][PASSED] - result service data ke : 151

2022-11-24 17:04:20 - [TEST_STEP][PASSED] - logInfo($response2): {"result_konsumen":"Reject","result_pasangan":"Reguler","Final_result":"Reject","errorMessage":"","status":"Done"}

2022-11-24 17:04:20 - [MESSAGE][INFO] - {"result_konsumen":"Reject","result_pasangan":"Reguler","Final_result":"Reject","errorMessage":"","status":"Done"}

2022-11-24 17:04:20 - [TEST_STEP][PASSED] - verifyElementPropertyValue(scoring, "Final_result", final_result): Verify element property value successfully

2022-11-24 17:04:20 - [MESSAGE][PASSED] - Verify element property value successfully]]></system-out>
         <system-err><![CDATA[]]></system-err>
      </testcase>
      <testcase name="Test Cases/Engine_Scoring/Engine Scoring" time="6.574" classname="Test Cases/Engine_Scoring/Engine Scoring" status="PASSED">
         <system-out><![CDATA[2022-11-24 17:04:20 - [TEST_CASE][PASSED] - Test Cases/Engine_Scoring/Engine Scoring: Test Cases/Engine_Scoring/Engine Scoring

2022-11-24 17:04:21 - [TEST_STEP][PASSED] - markPassed("Variasi data ke : " + no): Variasi data ke : 152

2022-11-24 17:04:21 - [MESSAGE][PASSED] - Variasi data ke : 152

2022-11-24 17:04:21 - [TEST_STEP][PASSED] - req_data = sendRequest(findTestObject("Search_ME", ["MID":MID, "source":source, "ip":ip, "userid":userid, "branch":branch, "tipekons":tipekons, "marital":marital, "penjamin":penjamin, ... ])): Send request successfully

2022-11-24 17:04:21 - [MESSAGE][INFO] - HAR: D:\DMS\Engine Scoring\Reports\20221124_165818\Exclude KKB - DS - Married\Scoring Married - KKB\20221124_165818\requests\main\104.har

2022-11-24 17:04:21 - [MESSAGE][PASSED] - Send request successfully

2022-11-24 17:04:21 - [TEST_STEP][PASSED] - slurper = new groovy.json.JsonSlurper(): null

2022-11-24 17:04:21 - [TEST_STEP][PASSED] - result = slurper.parseText(req_data.getResponseBodyContent()): null

2022-11-24 17:04:21 - [TEST_STEP][PASSED] - reqid_kons = requestid1: null

2022-11-24 17:04:21 - [TEST_STEP][PASSED] - reqid_spouse = requestid2: null

2022-11-24 17:04:21 - [TEST_STEP][PASSED] - println("requestid kons : " + reqid_kons): null

2022-11-24 17:04:21 - [TEST_STEP][PASSED] - response_searchME_kons = reqid_kons: null

2022-11-24 17:04:21 - [TEST_STEP][PASSED] - response_searchME_spouse = reqid_spouse: null

2022-11-24 17:04:21 - [TEST_STEP][PASSED] - println("kons req id is :" + response_searchME_kons): null

2022-11-24 17:04:21 - [TEST_STEP][PASSED] - println("spouse req id is : " + response_searchME_spouse): null

2022-11-24 17:04:21 - [TEST_STEP][PASSED] - verifyResponseStatusCode(req_data, 200): Verify response status code successfully

2022-11-24 17:04:21 - [MESSAGE][PASSED] - Verify response status code successfully

2022-11-24 17:04:21 - [TEST_STEP][PASSED] - response = req_data.getResponseText(): null

2022-11-24 17:04:21 - [TEST_STEP][PASSED] - logInfo($response): {"status":"Done","data":{"requestid1":"254162","requestid2":"254163"}}

2022-11-24 17:04:21 - [MESSAGE][INFO] - {"status":"Done","data":{"requestid1":"254162","requestid2":"254163"}}

2022-11-24 17:04:21 - [TEST_STEP][PASSED] - delay(5): Delayed 5 second(s)

2022-11-24 17:04:26 - [MESSAGE][PASSED] - Delayed 5 second(s)

2022-11-24 17:04:26 - [TEST_STEP][PASSED] - scoring = sendRequest(findTestObject("EngineScore", ["response_searchME_kons":response_searchME_kons, "response_searchME_spouse":response_searchME_spouse])): Send request successfully

2022-11-24 17:04:26 - [MESSAGE][INFO] - HAR: D:\DMS\Engine Scoring\Reports\20221124_165818\Exclude KKB - DS - Married\Scoring Married - KKB\20221124_165818\requests\main\105.har

2022-11-24 17:04:26 - [MESSAGE][PASSED] - Send request successfully

2022-11-24 17:04:26 - [TEST_STEP][PASSED] - verifyResponseStatusCode(scoring, 200): Verify response status code successfully

2022-11-24 17:04:26 - [MESSAGE][PASSED] - Verify response status code successfully

2022-11-24 17:04:26 - [TEST_STEP][PASSED] - response2 = scoring.getResponseText(): null

2022-11-24 17:04:26 - [TEST_STEP][PASSED] - markPassed("result service data ke : " + no): result service data ke : 152

2022-11-24 17:04:26 - [MESSAGE][PASSED] - result service data ke : 152

2022-11-24 17:04:26 - [TEST_STEP][PASSED] - logInfo($response2): {"result_konsumen":"Reject","result_pasangan":"Reguler","Final_result":"Reject","errorMessage":"","status":"Done"}

2022-11-24 17:04:26 - [MESSAGE][INFO] - {"result_konsumen":"Reject","result_pasangan":"Reguler","Final_result":"Reject","errorMessage":"","status":"Done"}

2022-11-24 17:04:26 - [TEST_STEP][PASSED] - verifyElementPropertyValue(scoring, "Final_result", final_result): Verify element property value successfully

2022-11-24 17:04:27 - [MESSAGE][PASSED] - Verify element property value successfully]]></system-out>
         <system-err><![CDATA[]]></system-err>
      </testcase>
      <testcase name="Test Cases/Engine_Scoring/Engine Scoring" time="6.651" classname="Test Cases/Engine_Scoring/Engine Scoring" status="PASSED">
         <system-out><![CDATA[2022-11-24 17:04:27 - [TEST_CASE][PASSED] - Test Cases/Engine_Scoring/Engine Scoring: Test Cases/Engine_Scoring/Engine Scoring

2022-11-24 17:04:27 - [TEST_STEP][PASSED] - markPassed("Variasi data ke : " + no): Variasi data ke : 153

2022-11-24 17:04:27 - [MESSAGE][PASSED] - Variasi data ke : 153

2022-11-24 17:04:27 - [TEST_STEP][PASSED] - req_data = sendRequest(findTestObject("Search_ME", ["MID":MID, "source":source, "ip":ip, "userid":userid, "branch":branch, "tipekons":tipekons, "marital":marital, "penjamin":penjamin, ... ])): Send request successfully

2022-11-24 17:04:28 - [MESSAGE][INFO] - HAR: D:\DMS\Engine Scoring\Reports\20221124_165818\Exclude KKB - DS - Married\Scoring Married - KKB\20221124_165818\requests\main\106.har

2022-11-24 17:04:28 - [MESSAGE][PASSED] - Send request successfully

2022-11-24 17:04:28 - [TEST_STEP][PASSED] - slurper = new groovy.json.JsonSlurper(): null

2022-11-24 17:04:28 - [TEST_STEP][PASSED] - result = slurper.parseText(req_data.getResponseBodyContent()): null

2022-11-24 17:04:28 - [TEST_STEP][PASSED] - reqid_kons = requestid1: null

2022-11-24 17:04:28 - [TEST_STEP][PASSED] - reqid_spouse = requestid2: null

2022-11-24 17:04:28 - [TEST_STEP][PASSED] - println("requestid kons : " + reqid_kons): null

2022-11-24 17:04:28 - [TEST_STEP][PASSED] - response_searchME_kons = reqid_kons: null

2022-11-24 17:04:28 - [TEST_STEP][PASSED] - response_searchME_spouse = reqid_spouse: null

2022-11-24 17:04:28 - [TEST_STEP][PASSED] - println("kons req id is :" + response_searchME_kons): null

2022-11-24 17:04:28 - [TEST_STEP][PASSED] - println("spouse req id is : " + response_searchME_spouse): null

2022-11-24 17:04:28 - [TEST_STEP][PASSED] - verifyResponseStatusCode(req_data, 200): Verify response status code successfully

2022-11-24 17:04:28 - [MESSAGE][PASSED] - Verify response status code successfully

2022-11-24 17:04:28 - [TEST_STEP][PASSED] - response = req_data.getResponseText(): null

2022-11-24 17:04:28 - [TEST_STEP][PASSED] - logInfo($response): {"status":"Done","data":{"requestid1":"254164","requestid2":"254165"}}

2022-11-24 17:04:28 - [MESSAGE][INFO] - {"status":"Done","data":{"requestid1":"254164","requestid2":"254165"}}

2022-11-24 17:04:28 - [TEST_STEP][PASSED] - delay(5): Delayed 5 second(s)

2022-11-24 17:04:33 - [MESSAGE][PASSED] - Delayed 5 second(s)

2022-11-24 17:04:33 - [TEST_STEP][PASSED] - scoring = sendRequest(findTestObject("EngineScore", ["response_searchME_kons":response_searchME_kons, "response_searchME_spouse":response_searchME_spouse])): Send request successfully

2022-11-24 17:04:33 - [MESSAGE][INFO] - HAR: D:\DMS\Engine Scoring\Reports\20221124_165818\Exclude KKB - DS - Married\Scoring Married - KKB\20221124_165818\requests\main\107.har

2022-11-24 17:04:33 - [MESSAGE][PASSED] - Send request successfully

2022-11-24 17:04:33 - [TEST_STEP][PASSED] - verifyResponseStatusCode(scoring, 200): Verify response status code successfully

2022-11-24 17:04:33 - [MESSAGE][PASSED] - Verify response status code successfully

2022-11-24 17:04:33 - [TEST_STEP][PASSED] - response2 = scoring.getResponseText(): null

2022-11-24 17:04:33 - [TEST_STEP][PASSED] - markPassed("result service data ke : " + no): result service data ke : 153

2022-11-24 17:04:33 - [MESSAGE][PASSED] - result service data ke : 153

2022-11-24 17:04:33 - [TEST_STEP][PASSED] - logInfo($response2): {"result_konsumen":"Reject","result_pasangan":"Reguler","Final_result":"Reject","errorMessage":"","status":"Done"}

2022-11-24 17:04:33 - [MESSAGE][INFO] - {"result_konsumen":"Reject","result_pasangan":"Reguler","Final_result":"Reject","errorMessage":"","status":"Done"}

2022-11-24 17:04:33 - [TEST_STEP][PASSED] - verifyElementPropertyValue(scoring, "Final_result", final_result): Verify element property value successfully

2022-11-24 17:04:33 - [MESSAGE][PASSED] - Verify element property value successfully]]></system-out>
         <system-err><![CDATA[]]></system-err>
      </testcase>
      <testcase name="Test Cases/Engine_Scoring/Engine Scoring" time="6.744" classname="Test Cases/Engine_Scoring/Engine Scoring" status="PASSED">
         <system-out><![CDATA[2022-11-24 17:04:33 - [TEST_CASE][PASSED] - Test Cases/Engine_Scoring/Engine Scoring: Test Cases/Engine_Scoring/Engine Scoring

2022-11-24 17:04:34 - [TEST_STEP][PASSED] - markPassed("Variasi data ke : " + no): Variasi data ke : 154

2022-11-24 17:04:34 - [MESSAGE][PASSED] - Variasi data ke : 154

2022-11-24 17:04:34 - [TEST_STEP][PASSED] - req_data = sendRequest(findTestObject("Search_ME", ["MID":MID, "source":source, "ip":ip, "userid":userid, "branch":branch, "tipekons":tipekons, "marital":marital, "penjamin":penjamin, ... ])): Send request successfully

2022-11-24 17:04:35 - [MESSAGE][INFO] - HAR: D:\DMS\Engine Scoring\Reports\20221124_165818\Exclude KKB - DS - Married\Scoring Married - KKB\20221124_165818\requests\main\108.har

2022-11-24 17:04:35 - [MESSAGE][PASSED] - Send request successfully

2022-11-24 17:04:35 - [TEST_STEP][PASSED] - slurper = new groovy.json.JsonSlurper(): null

2022-11-24 17:04:35 - [TEST_STEP][PASSED] - result = slurper.parseText(req_data.getResponseBodyContent()): null

2022-11-24 17:04:35 - [TEST_STEP][PASSED] - reqid_kons = requestid1: null

2022-11-24 17:04:35 - [TEST_STEP][PASSED] - reqid_spouse = requestid2: null

2022-11-24 17:04:35 - [TEST_STEP][PASSED] - println("requestid kons : " + reqid_kons): null

2022-11-24 17:04:35 - [TEST_STEP][PASSED] - response_searchME_kons = reqid_kons: null

2022-11-24 17:04:35 - [TEST_STEP][PASSED] - response_searchME_spouse = reqid_spouse: null

2022-11-24 17:04:35 - [TEST_STEP][PASSED] - println("kons req id is :" + response_searchME_kons): null

2022-11-24 17:04:35 - [TEST_STEP][PASSED] - println("spouse req id is : " + response_searchME_spouse): null

2022-11-24 17:04:35 - [TEST_STEP][PASSED] - verifyResponseStatusCode(req_data, 200): Verify response status code successfully

2022-11-24 17:04:35 - [MESSAGE][PASSED] - Verify response status code successfully

2022-11-24 17:04:35 - [TEST_STEP][PASSED] - response = req_data.getResponseText(): null

2022-11-24 17:04:35 - [TEST_STEP][PASSED] - logInfo($response): {"status":"Done","data":{"requestid1":"254166","requestid2":"254167"}}

2022-11-24 17:04:35 - [MESSAGE][INFO] - {"status":"Done","data":{"requestid1":"254166","requestid2":"254167"}}

2022-11-24 17:04:35 - [TEST_STEP][PASSED] - delay(5): Delayed 5 second(s)

2022-11-24 17:04:40 - [MESSAGE][PASSED] - Delayed 5 second(s)

2022-11-24 17:04:40 - [TEST_STEP][PASSED] - scoring = sendRequest(findTestObject("EngineScore", ["response_searchME_kons":response_searchME_kons, "response_searchME_spouse":response_searchME_spouse])): Send request successfully

2022-11-24 17:04:40 - [MESSAGE][INFO] - HAR: D:\DMS\Engine Scoring\Reports\20221124_165818\Exclude KKB - DS - Married\Scoring Married - KKB\20221124_165818\requests\main\109.har

2022-11-24 17:04:40 - [MESSAGE][PASSED] - Send request successfully

2022-11-24 17:04:40 - [TEST_STEP][PASSED] - verifyResponseStatusCode(scoring, 200): Verify response status code successfully

2022-11-24 17:04:40 - [MESSAGE][PASSED] - Verify response status code successfully

2022-11-24 17:04:40 - [TEST_STEP][PASSED] - response2 = scoring.getResponseText(): null

2022-11-24 17:04:40 - [TEST_STEP][PASSED] - markPassed("result service data ke : " + no): result service data ke : 154

2022-11-24 17:04:40 - [MESSAGE][PASSED] - result service data ke : 154

2022-11-24 17:04:40 - [TEST_STEP][PASSED] - logInfo($response2): {"result_konsumen":"Reject","result_pasangan":"Approve","Final_result":"Reject","errorMessage":"","status":"Done"}

2022-11-24 17:04:40 - [MESSAGE][INFO] - {"result_konsumen":"Reject","result_pasangan":"Approve","Final_result":"Reject","errorMessage":"","status":"Done"}

2022-11-24 17:04:40 - [TEST_STEP][PASSED] - verifyElementPropertyValue(scoring, "Final_result", final_result): Verify element property value successfully

2022-11-24 17:04:40 - [MESSAGE][PASSED] - Verify element property value successfully]]></system-out>
         <system-err><![CDATA[]]></system-err>
      </testcase>
      <testcase name="Test Cases/Engine_Scoring/Engine Scoring" time="6.891" classname="Test Cases/Engine_Scoring/Engine Scoring" status="PASSED">
         <system-out><![CDATA[2022-11-24 17:04:40 - [TEST_CASE][PASSED] - Test Cases/Engine_Scoring/Engine Scoring: Test Cases/Engine_Scoring/Engine Scoring

2022-11-24 17:04:41 - [TEST_STEP][PASSED] - markPassed("Variasi data ke : " + no): Variasi data ke : 155

2022-11-24 17:04:41 - [MESSAGE][PASSED] - Variasi data ke : 155

2022-11-24 17:04:41 - [TEST_STEP][PASSED] - req_data = sendRequest(findTestObject("Search_ME", ["MID":MID, "source":source, "ip":ip, "userid":userid, "branch":branch, "tipekons":tipekons, "marital":marital, "penjamin":penjamin, ... ])): Send request successfully

2022-11-24 17:04:42 - [MESSAGE][INFO] - HAR: D:\DMS\Engine Scoring\Reports\20221124_165818\Exclude KKB - DS - Married\Scoring Married - KKB\20221124_165818\requests\main\110.har

2022-11-24 17:04:42 - [MESSAGE][PASSED] - Send request successfully

2022-11-24 17:04:42 - [TEST_STEP][PASSED] - slurper = new groovy.json.JsonSlurper(): null

2022-11-24 17:04:42 - [TEST_STEP][PASSED] - result = slurper.parseText(req_data.getResponseBodyContent()): null

2022-11-24 17:04:42 - [TEST_STEP][PASSED] - reqid_kons = requestid1: null

2022-11-24 17:04:42 - [TEST_STEP][PASSED] - reqid_spouse = requestid2: null

2022-11-24 17:04:42 - [TEST_STEP][PASSED] - println("requestid kons : " + reqid_kons): null

2022-11-24 17:04:42 - [TEST_STEP][PASSED] - response_searchME_kons = reqid_kons: null

2022-11-24 17:04:42 - [TEST_STEP][PASSED] - response_searchME_spouse = reqid_spouse: null

2022-11-24 17:04:42 - [TEST_STEP][PASSED] - println("kons req id is :" + response_searchME_kons): null

2022-11-24 17:04:42 - [TEST_STEP][PASSED] - println("spouse req id is : " + response_searchME_spouse): null

2022-11-24 17:04:42 - [TEST_STEP][PASSED] - verifyResponseStatusCode(req_data, 200): Verify response status code successfully

2022-11-24 17:04:42 - [MESSAGE][PASSED] - Verify response status code successfully

2022-11-24 17:04:42 - [TEST_STEP][PASSED] - response = req_data.getResponseText(): null

2022-11-24 17:04:42 - [TEST_STEP][PASSED] - logInfo($response): {"status":"Done","data":{"requestid1":"254168","requestid2":"254169"}}

2022-11-24 17:04:42 - [MESSAGE][INFO] - {"status":"Done","data":{"requestid1":"254168","requestid2":"254169"}}

2022-11-24 17:04:42 - [TEST_STEP][PASSED] - delay(5): Delayed 5 second(s)

2022-11-24 17:04:47 - [MESSAGE][PASSED] - Delayed 5 second(s)

2022-11-24 17:04:47 - [TEST_STEP][PASSED] - scoring = sendRequest(findTestObject("EngineScore", ["response_searchME_kons":response_searchME_kons, "response_searchME_spouse":response_searchME_spouse])): Send request successfully

2022-11-24 17:04:47 - [MESSAGE][INFO] - HAR: D:\DMS\Engine Scoring\Reports\20221124_165818\Exclude KKB - DS - Married\Scoring Married - KKB\20221124_165818\requests\main\111.har

2022-11-24 17:04:47 - [MESSAGE][PASSED] - Send request successfully

2022-11-24 17:04:47 - [TEST_STEP][PASSED] - verifyResponseStatusCode(scoring, 200): Verify response status code successfully

2022-11-24 17:04:47 - [MESSAGE][PASSED] - Verify response status code successfully

2022-11-24 17:04:47 - [TEST_STEP][PASSED] - response2 = scoring.getResponseText(): null

2022-11-24 17:04:47 - [TEST_STEP][PASSED] - markPassed("result service data ke : " + no): result service data ke : 155

2022-11-24 17:04:47 - [MESSAGE][PASSED] - result service data ke : 155

2022-11-24 17:04:47 - [TEST_STEP][PASSED] - logInfo($response2): {"result_konsumen":"Reject","result_pasangan":"Approve","Final_result":"Reject","errorMessage":"","status":"Done"}

2022-11-24 17:04:47 - [MESSAGE][INFO] - {"result_konsumen":"Reject","result_pasangan":"Approve","Final_result":"Reject","errorMessage":"","status":"Done"}

2022-11-24 17:04:47 - [TEST_STEP][PASSED] - verifyElementPropertyValue(scoring, "Final_result", final_result): Verify element property value successfully

2022-11-24 17:04:47 - [MESSAGE][PASSED] - Verify element property value successfully]]></system-out>
         <system-err><![CDATA[]]></system-err>
      </testcase>
      <testcase name="Test Cases/Engine_Scoring/Engine Scoring" time="6.951" classname="Test Cases/Engine_Scoring/Engine Scoring" status="PASSED">
         <system-out><![CDATA[2022-11-24 17:04:47 - [TEST_CASE][PASSED] - Test Cases/Engine_Scoring/Engine Scoring: Test Cases/Engine_Scoring/Engine Scoring

2022-11-24 17:04:48 - [TEST_STEP][PASSED] - markPassed("Variasi data ke : " + no): Variasi data ke : 156

2022-11-24 17:04:48 - [MESSAGE][PASSED] - Variasi data ke : 156

2022-11-24 17:04:48 - [TEST_STEP][PASSED] - req_data = sendRequest(findTestObject("Search_ME", ["MID":MID, "source":source, "ip":ip, "userid":userid, "branch":branch, "tipekons":tipekons, "marital":marital, "penjamin":penjamin, ... ])): Send request successfully

2022-11-24 17:04:49 - [MESSAGE][INFO] - HAR: D:\DMS\Engine Scoring\Reports\20221124_165818\Exclude KKB - DS - Married\Scoring Married - KKB\20221124_165818\requests\main\112.har

2022-11-24 17:04:49 - [MESSAGE][PASSED] - Send request successfully

2022-11-24 17:04:49 - [TEST_STEP][PASSED] - slurper = new groovy.json.JsonSlurper(): null

2022-11-24 17:04:49 - [TEST_STEP][PASSED] - result = slurper.parseText(req_data.getResponseBodyContent()): null

2022-11-24 17:04:49 - [TEST_STEP][PASSED] - reqid_kons = requestid1: null

2022-11-24 17:04:49 - [TEST_STEP][PASSED] - reqid_spouse = requestid2: null

2022-11-24 17:04:49 - [TEST_STEP][PASSED] - println("requestid kons : " + reqid_kons): null

2022-11-24 17:04:49 - [TEST_STEP][PASSED] - response_searchME_kons = reqid_kons: null

2022-11-24 17:04:49 - [TEST_STEP][PASSED] - response_searchME_spouse = reqid_spouse: null

2022-11-24 17:04:49 - [TEST_STEP][PASSED] - println("kons req id is :" + response_searchME_kons): null

2022-11-24 17:04:49 - [TEST_STEP][PASSED] - println("spouse req id is : " + response_searchME_spouse): null

2022-11-24 17:04:49 - [TEST_STEP][PASSED] - verifyResponseStatusCode(req_data, 200): Verify response status code successfully

2022-11-24 17:04:49 - [MESSAGE][PASSED] - Verify response status code successfully

2022-11-24 17:04:49 - [TEST_STEP][PASSED] - response = req_data.getResponseText(): null

2022-11-24 17:04:49 - [TEST_STEP][PASSED] - logInfo($response): {"status":"Done","data":{"requestid1":"254170","requestid2":"254171"}}

2022-11-24 17:04:49 - [MESSAGE][INFO] - {"status":"Done","data":{"requestid1":"254170","requestid2":"254171"}}

2022-11-24 17:04:49 - [TEST_STEP][PASSED] - delay(5): Delayed 5 second(s)

2022-11-24 17:04:54 - [MESSAGE][PASSED] - Delayed 5 second(s)

2022-11-24 17:04:54 - [TEST_STEP][PASSED] - scoring = sendRequest(findTestObject("EngineScore", ["response_searchME_kons":response_searchME_kons, "response_searchME_spouse":response_searchME_spouse])): Send request successfully

2022-11-24 17:04:54 - [MESSAGE][INFO] - HAR: D:\DMS\Engine Scoring\Reports\20221124_165818\Exclude KKB - DS - Married\Scoring Married - KKB\20221124_165818\requests\main\113.har

2022-11-24 17:04:54 - [MESSAGE][PASSED] - Send request successfully

2022-11-24 17:04:54 - [TEST_STEP][PASSED] - verifyResponseStatusCode(scoring, 200): Verify response status code successfully

2022-11-24 17:04:54 - [MESSAGE][PASSED] - Verify response status code successfully

2022-11-24 17:04:54 - [TEST_STEP][PASSED] - response2 = scoring.getResponseText(): null

2022-11-24 17:04:54 - [TEST_STEP][PASSED] - markPassed("result service data ke : " + no): result service data ke : 156

2022-11-24 17:04:54 - [MESSAGE][PASSED] - result service data ke : 156

2022-11-24 17:04:54 - [TEST_STEP][PASSED] - logInfo($response2): {"result_konsumen":"Reject","result_pasangan":"Approve","Final_result":"Reject","errorMessage":"","status":"Done"}

2022-11-24 17:04:54 - [MESSAGE][INFO] - {"result_konsumen":"Reject","result_pasangan":"Approve","Final_result":"Reject","errorMessage":"","status":"Done"}

2022-11-24 17:04:54 - [TEST_STEP][PASSED] - verifyElementPropertyValue(scoring, "Final_result", final_result): Verify element property value successfully

2022-11-24 17:04:54 - [MESSAGE][PASSED] - Verify element property value successfully]]></system-out>
         <system-err><![CDATA[]]></system-err>
      </testcase>
      <testcase name="Test Cases/Engine_Scoring/Engine Scoring" time="6.794" classname="Test Cases/Engine_Scoring/Engine Scoring" status="PASSED">
         <system-out><![CDATA[2022-11-24 17:04:54 - [TEST_CASE][PASSED] - Test Cases/Engine_Scoring/Engine Scoring: Test Cases/Engine_Scoring/Engine Scoring

2022-11-24 17:04:55 - [TEST_STEP][PASSED] - markPassed("Variasi data ke : " + no): Variasi data ke : 157

2022-11-24 17:04:55 - [MESSAGE][PASSED] - Variasi data ke : 157

2022-11-24 17:04:55 - [TEST_STEP][PASSED] - req_data = sendRequest(findTestObject("Search_ME", ["MID":MID, "source":source, "ip":ip, "userid":userid, "branch":branch, "tipekons":tipekons, "marital":marital, "penjamin":penjamin, ... ])): Send request successfully

2022-11-24 17:04:56 - [MESSAGE][INFO] - HAR: D:\DMS\Engine Scoring\Reports\20221124_165818\Exclude KKB - DS - Married\Scoring Married - KKB\20221124_165818\requests\main\114.har

2022-11-24 17:04:56 - [MESSAGE][PASSED] - Send request successfully

2022-11-24 17:04:56 - [TEST_STEP][PASSED] - slurper = new groovy.json.JsonSlurper(): null

2022-11-24 17:04:56 - [TEST_STEP][PASSED] - result = slurper.parseText(req_data.getResponseBodyContent()): null

2022-11-24 17:04:56 - [TEST_STEP][PASSED] - reqid_kons = requestid1: null

2022-11-24 17:04:56 - [TEST_STEP][PASSED] - reqid_spouse = requestid2: null

2022-11-24 17:04:56 - [TEST_STEP][PASSED] - println("requestid kons : " + reqid_kons): null

2022-11-24 17:04:56 - [TEST_STEP][PASSED] - response_searchME_kons = reqid_kons: null

2022-11-24 17:04:56 - [TEST_STEP][PASSED] - response_searchME_spouse = reqid_spouse: null

2022-11-24 17:04:56 - [TEST_STEP][PASSED] - println("kons req id is :" + response_searchME_kons): null

2022-11-24 17:04:56 - [TEST_STEP][PASSED] - println("spouse req id is : " + response_searchME_spouse): null

2022-11-24 17:04:56 - [TEST_STEP][PASSED] - verifyResponseStatusCode(req_data, 200): Verify response status code successfully

2022-11-24 17:04:56 - [MESSAGE][PASSED] - Verify response status code successfully

2022-11-24 17:04:56 - [TEST_STEP][PASSED] - response = req_data.getResponseText(): null

2022-11-24 17:04:56 - [TEST_STEP][PASSED] - logInfo($response): {"status":"Done","data":{"requestid1":"254172","requestid2":"254173"}}

2022-11-24 17:04:56 - [MESSAGE][INFO] - {"status":"Done","data":{"requestid1":"254172","requestid2":"254173"}}

2022-11-24 17:04:56 - [TEST_STEP][PASSED] - delay(5): Delayed 5 second(s)

2022-11-24 17:05:01 - [MESSAGE][PASSED] - Delayed 5 second(s)

2022-11-24 17:05:01 - [TEST_STEP][PASSED] - scoring = sendRequest(findTestObject("EngineScore", ["response_searchME_kons":response_searchME_kons, "response_searchME_spouse":response_searchME_spouse])): Send request successfully

2022-11-24 17:05:01 - [MESSAGE][INFO] - HAR: D:\DMS\Engine Scoring\Reports\20221124_165818\Exclude KKB - DS - Married\Scoring Married - KKB\20221124_165818\requests\main\115.har

2022-11-24 17:05:01 - [MESSAGE][PASSED] - Send request successfully

2022-11-24 17:05:01 - [TEST_STEP][PASSED] - verifyResponseStatusCode(scoring, 200): Verify response status code successfully

2022-11-24 17:05:01 - [MESSAGE][PASSED] - Verify response status code successfully

2022-11-24 17:05:01 - [TEST_STEP][PASSED] - response2 = scoring.getResponseText(): null

2022-11-24 17:05:01 - [TEST_STEP][PASSED] - markPassed("result service data ke : " + no): result service data ke : 157

2022-11-24 17:05:01 - [MESSAGE][PASSED] - result service data ke : 157

2022-11-24 17:05:01 - [TEST_STEP][PASSED] - logInfo($response2): {"result_konsumen":"Reject","result_pasangan":"Approve","Final_result":"Reject","errorMessage":"","status":"Done"}

2022-11-24 17:05:01 - [MESSAGE][INFO] - {"result_konsumen":"Reject","result_pasangan":"Approve","Final_result":"Reject","errorMessage":"","status":"Done"}

2022-11-24 17:05:01 - [TEST_STEP][PASSED] - verifyElementPropertyValue(scoring, "Final_result", final_result): Verify element property value successfully

2022-11-24 17:05:01 - [MESSAGE][PASSED] - Verify element property value successfully]]></system-out>
         <system-err><![CDATA[]]></system-err>
      </testcase>
      <testcase name="Test Cases/Engine_Scoring/Engine Scoring" time="6.833" classname="Test Cases/Engine_Scoring/Engine Scoring" status="PASSED">
         <system-out><![CDATA[2022-11-24 17:05:01 - [TEST_CASE][PASSED] - Test Cases/Engine_Scoring/Engine Scoring: Test Cases/Engine_Scoring/Engine Scoring

2022-11-24 17:05:02 - [TEST_STEP][PASSED] - markPassed("Variasi data ke : " + no): Variasi data ke : 158

2022-11-24 17:05:02 - [MESSAGE][PASSED] - Variasi data ke : 158

2022-11-24 17:05:02 - [TEST_STEP][PASSED] - req_data = sendRequest(findTestObject("Search_ME", ["MID":MID, "source":source, "ip":ip, "userid":userid, "branch":branch, "tipekons":tipekons, "marital":marital, "penjamin":penjamin, ... ])): Send request successfully

2022-11-24 17:05:03 - [MESSAGE][INFO] - HAR: D:\DMS\Engine Scoring\Reports\20221124_165818\Exclude KKB - DS - Married\Scoring Married - KKB\20221124_165818\requests\main\116.har

2022-11-24 17:05:03 - [MESSAGE][PASSED] - Send request successfully

2022-11-24 17:05:03 - [TEST_STEP][PASSED] - slurper = new groovy.json.JsonSlurper(): null

2022-11-24 17:05:03 - [TEST_STEP][PASSED] - result = slurper.parseText(req_data.getResponseBodyContent()): null

2022-11-24 17:05:03 - [TEST_STEP][PASSED] - reqid_kons = requestid1: null

2022-11-24 17:05:03 - [TEST_STEP][PASSED] - reqid_spouse = requestid2: null

2022-11-24 17:05:03 - [TEST_STEP][PASSED] - println("requestid kons : " + reqid_kons): null

2022-11-24 17:05:03 - [TEST_STEP][PASSED] - response_searchME_kons = reqid_kons: null

2022-11-24 17:05:03 - [TEST_STEP][PASSED] - response_searchME_spouse = reqid_spouse: null

2022-11-24 17:05:03 - [TEST_STEP][PASSED] - println("kons req id is :" + response_searchME_kons): null

2022-11-24 17:05:03 - [TEST_STEP][PASSED] - println("spouse req id is : " + response_searchME_spouse): null

2022-11-24 17:05:03 - [TEST_STEP][PASSED] - verifyResponseStatusCode(req_data, 200): Verify response status code successfully

2022-11-24 17:05:03 - [MESSAGE][PASSED] - Verify response status code successfully

2022-11-24 17:05:03 - [TEST_STEP][PASSED] - response = req_data.getResponseText(): null

2022-11-24 17:05:03 - [TEST_STEP][PASSED] - logInfo($response): {"status":"Done","data":{"requestid1":"254174","requestid2":"254175"}}

2022-11-24 17:05:03 - [MESSAGE][INFO] - {"status":"Done","data":{"requestid1":"254174","requestid2":"254175"}}

2022-11-24 17:05:03 - [TEST_STEP][PASSED] - delay(5): Delayed 5 second(s)

2022-11-24 17:05:08 - [MESSAGE][PASSED] - Delayed 5 second(s)

2022-11-24 17:05:08 - [TEST_STEP][PASSED] - scoring = sendRequest(findTestObject("EngineScore", ["response_searchME_kons":response_searchME_kons, "response_searchME_spouse":response_searchME_spouse])): Send request successfully

2022-11-24 17:05:08 - [MESSAGE][INFO] - HAR: D:\DMS\Engine Scoring\Reports\20221124_165818\Exclude KKB - DS - Married\Scoring Married - KKB\20221124_165818\requests\main\117.har

2022-11-24 17:05:08 - [MESSAGE][PASSED] - Send request successfully

2022-11-24 17:05:08 - [TEST_STEP][PASSED] - verifyResponseStatusCode(scoring, 200): Verify response status code successfully

2022-11-24 17:05:08 - [MESSAGE][PASSED] - Verify response status code successfully

2022-11-24 17:05:08 - [TEST_STEP][PASSED] - response2 = scoring.getResponseText(): null

2022-11-24 17:05:08 - [TEST_STEP][PASSED] - markPassed("result service data ke : " + no): result service data ke : 158

2022-11-24 17:05:08 - [MESSAGE][PASSED] - result service data ke : 158

2022-11-24 17:05:08 - [TEST_STEP][PASSED] - logInfo($response2): {"result_konsumen":"Reject","result_pasangan":"Reject","Final_result":"Reject","errorMessage":"","status":"Done"}

2022-11-24 17:05:08 - [MESSAGE][INFO] - {"result_konsumen":"Reject","result_pasangan":"Reject","Final_result":"Reject","errorMessage":"","status":"Done"}

2022-11-24 17:05:08 - [TEST_STEP][PASSED] - verifyElementPropertyValue(scoring, "Final_result", final_result): Verify element property value successfully

2022-11-24 17:05:08 - [MESSAGE][PASSED] - Verify element property value successfully]]></system-out>
         <system-err><![CDATA[]]></system-err>
      </testcase>
      <testcase name="Test Cases/Engine_Scoring/Engine Scoring" time="6.83" classname="Test Cases/Engine_Scoring/Engine Scoring" status="PASSED">
         <system-out><![CDATA[2022-11-24 17:05:08 - [TEST_CASE][PASSED] - Test Cases/Engine_Scoring/Engine Scoring: Test Cases/Engine_Scoring/Engine Scoring

2022-11-24 17:05:09 - [TEST_STEP][PASSED] - markPassed("Variasi data ke : " + no): Variasi data ke : 159

2022-11-24 17:05:09 - [MESSAGE][PASSED] - Variasi data ke : 159

2022-11-24 17:05:09 - [TEST_STEP][PASSED] - req_data = sendRequest(findTestObject("Search_ME", ["MID":MID, "source":source, "ip":ip, "userid":userid, "branch":branch, "tipekons":tipekons, "marital":marital, "penjamin":penjamin, ... ])): Send request successfully

2022-11-24 17:05:10 - [MESSAGE][INFO] - HAR: D:\DMS\Engine Scoring\Reports\20221124_165818\Exclude KKB - DS - Married\Scoring Married - KKB\20221124_165818\requests\main\118.har

2022-11-24 17:05:10 - [MESSAGE][PASSED] - Send request successfully

2022-11-24 17:05:10 - [TEST_STEP][PASSED] - slurper = new groovy.json.JsonSlurper(): null

2022-11-24 17:05:10 - [TEST_STEP][PASSED] - result = slurper.parseText(req_data.getResponseBodyContent()): null

2022-11-24 17:05:10 - [TEST_STEP][PASSED] - reqid_kons = requestid1: null

2022-11-24 17:05:10 - [TEST_STEP][PASSED] - reqid_spouse = requestid2: null

2022-11-24 17:05:10 - [TEST_STEP][PASSED] - println("requestid kons : " + reqid_kons): null

2022-11-24 17:05:10 - [TEST_STEP][PASSED] - response_searchME_kons = reqid_kons: null

2022-11-24 17:05:10 - [TEST_STEP][PASSED] - response_searchME_spouse = reqid_spouse: null

2022-11-24 17:05:10 - [TEST_STEP][PASSED] - println("kons req id is :" + response_searchME_kons): null

2022-11-24 17:05:10 - [TEST_STEP][PASSED] - println("spouse req id is : " + response_searchME_spouse): null

2022-11-24 17:05:10 - [TEST_STEP][PASSED] - verifyResponseStatusCode(req_data, 200): Verify response status code successfully

2022-11-24 17:05:10 - [MESSAGE][PASSED] - Verify response status code successfully

2022-11-24 17:05:10 - [TEST_STEP][PASSED] - response = req_data.getResponseText(): null

2022-11-24 17:05:10 - [TEST_STEP][PASSED] - logInfo($response): {"status":"Done","data":{"requestid1":"254176","requestid2":"254177"}}

2022-11-24 17:05:10 - [MESSAGE][INFO] - {"status":"Done","data":{"requestid1":"254176","requestid2":"254177"}}

2022-11-24 17:05:10 - [TEST_STEP][PASSED] - delay(5): Delayed 5 second(s)

2022-11-24 17:05:15 - [MESSAGE][PASSED] - Delayed 5 second(s)

2022-11-24 17:05:15 - [TEST_STEP][PASSED] - scoring = sendRequest(findTestObject("EngineScore", ["response_searchME_kons":response_searchME_kons, "response_searchME_spouse":response_searchME_spouse])): Send request successfully

2022-11-24 17:05:15 - [MESSAGE][INFO] - HAR: D:\DMS\Engine Scoring\Reports\20221124_165818\Exclude KKB - DS - Married\Scoring Married - KKB\20221124_165818\requests\main\119.har

2022-11-24 17:05:15 - [MESSAGE][PASSED] - Send request successfully

2022-11-24 17:05:15 - [TEST_STEP][PASSED] - verifyResponseStatusCode(scoring, 200): Verify response status code successfully

2022-11-24 17:05:15 - [MESSAGE][PASSED] - Verify response status code successfully

2022-11-24 17:05:15 - [TEST_STEP][PASSED] - response2 = scoring.getResponseText(): null

2022-11-24 17:05:15 - [TEST_STEP][PASSED] - markPassed("result service data ke : " + no): result service data ke : 159

2022-11-24 17:05:15 - [MESSAGE][PASSED] - result service data ke : 159

2022-11-24 17:05:15 - [TEST_STEP][PASSED] - logInfo($response2): {"result_konsumen":"Reject","result_pasangan":"Reject","Final_result":"Reject","errorMessage":"","status":"Done"}

2022-11-24 17:05:15 - [MESSAGE][INFO] - {"result_konsumen":"Reject","result_pasangan":"Reject","Final_result":"Reject","errorMessage":"","status":"Done"}

2022-11-24 17:05:15 - [TEST_STEP][PASSED] - verifyElementPropertyValue(scoring, "Final_result", final_result): Verify element property value successfully

2022-11-24 17:05:15 - [MESSAGE][PASSED] - Verify element property value successfully]]></system-out>
         <system-err><![CDATA[]]></system-err>
      </testcase>
      <testcase name="Test Cases/Engine_Scoring/Engine Scoring" time="6.695" classname="Test Cases/Engine_Scoring/Engine Scoring" status="PASSED">
         <system-out><![CDATA[2022-11-24 17:05:15 - [TEST_CASE][PASSED] - Test Cases/Engine_Scoring/Engine Scoring: Test Cases/Engine_Scoring/Engine Scoring

2022-11-24 17:05:16 - [TEST_STEP][PASSED] - markPassed("Variasi data ke : " + no): Variasi data ke : 160

2022-11-24 17:05:16 - [MESSAGE][PASSED] - Variasi data ke : 160

2022-11-24 17:05:16 - [TEST_STEP][PASSED] - req_data = sendRequest(findTestObject("Search_ME", ["MID":MID, "source":source, "ip":ip, "userid":userid, "branch":branch, "tipekons":tipekons, "marital":marital, "penjamin":penjamin, ... ])): Send request successfully

2022-11-24 17:05:16 - [MESSAGE][INFO] - HAR: D:\DMS\Engine Scoring\Reports\20221124_165818\Exclude KKB - DS - Married\Scoring Married - KKB\20221124_165818\requests\main\120.har

2022-11-24 17:05:16 - [MESSAGE][PASSED] - Send request successfully

2022-11-24 17:05:16 - [TEST_STEP][PASSED] - slurper = new groovy.json.JsonSlurper(): null

2022-11-24 17:05:16 - [TEST_STEP][PASSED] - result = slurper.parseText(req_data.getResponseBodyContent()): null

2022-11-24 17:05:16 - [TEST_STEP][PASSED] - reqid_kons = requestid1: null

2022-11-24 17:05:16 - [TEST_STEP][PASSED] - reqid_spouse = requestid2: null

2022-11-24 17:05:16 - [TEST_STEP][PASSED] - println("requestid kons : " + reqid_kons): null

2022-11-24 17:05:16 - [TEST_STEP][PASSED] - response_searchME_kons = reqid_kons: null

2022-11-24 17:05:16 - [TEST_STEP][PASSED] - response_searchME_spouse = reqid_spouse: null

2022-11-24 17:05:16 - [TEST_STEP][PASSED] - println("kons req id is :" + response_searchME_kons): null

2022-11-24 17:05:16 - [TEST_STEP][PASSED] - println("spouse req id is : " + response_searchME_spouse): null

2022-11-24 17:05:16 - [TEST_STEP][PASSED] - verifyResponseStatusCode(req_data, 200): Verify response status code successfully

2022-11-24 17:05:16 - [MESSAGE][PASSED] - Verify response status code successfully

2022-11-24 17:05:16 - [TEST_STEP][PASSED] - response = req_data.getResponseText(): null

2022-11-24 17:05:16 - [TEST_STEP][PASSED] - logInfo($response): {"status":"Done","data":{"requestid1":"254178","requestid2":"254179"}}

2022-11-24 17:05:16 - [MESSAGE][INFO] - {"status":"Done","data":{"requestid1":"254178","requestid2":"254179"}}

2022-11-24 17:05:16 - [TEST_STEP][PASSED] - delay(5): Delayed 5 second(s)

2022-11-24 17:05:21 - [MESSAGE][PASSED] - Delayed 5 second(s)

2022-11-24 17:05:21 - [TEST_STEP][PASSED] - scoring = sendRequest(findTestObject("EngineScore", ["response_searchME_kons":response_searchME_kons, "response_searchME_spouse":response_searchME_spouse])): Send request successfully

2022-11-24 17:05:21 - [MESSAGE][INFO] - HAR: D:\DMS\Engine Scoring\Reports\20221124_165818\Exclude KKB - DS - Married\Scoring Married - KKB\20221124_165818\requests\main\121.har

2022-11-24 17:05:21 - [MESSAGE][PASSED] - Send request successfully

2022-11-24 17:05:21 - [TEST_STEP][PASSED] - verifyResponseStatusCode(scoring, 200): Verify response status code successfully

2022-11-24 17:05:21 - [MESSAGE][PASSED] - Verify response status code successfully

2022-11-24 17:05:21 - [TEST_STEP][PASSED] - response2 = scoring.getResponseText(): null

2022-11-24 17:05:21 - [TEST_STEP][PASSED] - markPassed("result service data ke : " + no): result service data ke : 160

2022-11-24 17:05:21 - [MESSAGE][PASSED] - result service data ke : 160

2022-11-24 17:05:21 - [TEST_STEP][PASSED] - logInfo($response2): {"result_konsumen":"Reject","result_pasangan":"Reguler","Final_result":"Reject","errorMessage":"","status":"Done"}

2022-11-24 17:05:21 - [MESSAGE][INFO] - {"result_konsumen":"Reject","result_pasangan":"Reguler","Final_result":"Reject","errorMessage":"","status":"Done"}

2022-11-24 17:05:21 - [TEST_STEP][PASSED] - verifyElementPropertyValue(scoring, "Final_result", final_result): Verify element property value successfully

2022-11-24 17:05:21 - [MESSAGE][PASSED] - Verify element property value successfully]]></system-out>
         <system-err><![CDATA[]]></system-err>
      </testcase>
      <testcase name="Test Cases/Engine_Scoring/Engine Scoring" time="6.66" classname="Test Cases/Engine_Scoring/Engine Scoring" status="PASSED">
         <system-out><![CDATA[2022-11-24 17:05:21 - [TEST_CASE][PASSED] - Test Cases/Engine_Scoring/Engine Scoring: Test Cases/Engine_Scoring/Engine Scoring

2022-11-24 17:05:22 - [TEST_STEP][PASSED] - markPassed("Variasi data ke : " + no): Variasi data ke : 161

2022-11-24 17:05:22 - [MESSAGE][PASSED] - Variasi data ke : 161

2022-11-24 17:05:22 - [TEST_STEP][PASSED] - req_data = sendRequest(findTestObject("Search_ME", ["MID":MID, "source":source, "ip":ip, "userid":userid, "branch":branch, "tipekons":tipekons, "marital":marital, "penjamin":penjamin, ... ])): Send request successfully

2022-11-24 17:05:23 - [MESSAGE][INFO] - HAR: D:\DMS\Engine Scoring\Reports\20221124_165818\Exclude KKB - DS - Married\Scoring Married - KKB\20221124_165818\requests\main\122.har

2022-11-24 17:05:23 - [MESSAGE][PASSED] - Send request successfully

2022-11-24 17:05:23 - [TEST_STEP][PASSED] - slurper = new groovy.json.JsonSlurper(): null

2022-11-24 17:05:23 - [TEST_STEP][PASSED] - result = slurper.parseText(req_data.getResponseBodyContent()): null

2022-11-24 17:05:23 - [TEST_STEP][PASSED] - reqid_kons = requestid1: null

2022-11-24 17:05:23 - [TEST_STEP][PASSED] - reqid_spouse = requestid2: null

2022-11-24 17:05:23 - [TEST_STEP][PASSED] - println("requestid kons : " + reqid_kons): null

2022-11-24 17:05:23 - [TEST_STEP][PASSED] - response_searchME_kons = reqid_kons: null

2022-11-24 17:05:23 - [TEST_STEP][PASSED] - response_searchME_spouse = reqid_spouse: null

2022-11-24 17:05:23 - [TEST_STEP][PASSED] - println("kons req id is :" + response_searchME_kons): null

2022-11-24 17:05:23 - [TEST_STEP][PASSED] - println("spouse req id is : " + response_searchME_spouse): null

2022-11-24 17:05:23 - [TEST_STEP][PASSED] - verifyResponseStatusCode(req_data, 200): Verify response status code successfully

2022-11-24 17:05:23 - [MESSAGE][PASSED] - Verify response status code successfully

2022-11-24 17:05:23 - [TEST_STEP][PASSED] - response = req_data.getResponseText(): null

2022-11-24 17:05:23 - [TEST_STEP][PASSED] - logInfo($response): {"status":"Done","data":{"requestid1":"254180","requestid2":"254181"}}

2022-11-24 17:05:23 - [MESSAGE][INFO] - {"status":"Done","data":{"requestid1":"254180","requestid2":"254181"}}

2022-11-24 17:05:23 - [TEST_STEP][PASSED] - delay(5): Delayed 5 second(s)

2022-11-24 17:05:28 - [MESSAGE][PASSED] - Delayed 5 second(s)

2022-11-24 17:05:28 - [TEST_STEP][PASSED] - scoring = sendRequest(findTestObject("EngineScore", ["response_searchME_kons":response_searchME_kons, "response_searchME_spouse":response_searchME_spouse])): Send request successfully

2022-11-24 17:05:28 - [MESSAGE][INFO] - HAR: D:\DMS\Engine Scoring\Reports\20221124_165818\Exclude KKB - DS - Married\Scoring Married - KKB\20221124_165818\requests\main\123.har

2022-11-24 17:05:28 - [MESSAGE][PASSED] - Send request successfully

2022-11-24 17:05:28 - [TEST_STEP][PASSED] - verifyResponseStatusCode(scoring, 200): Verify response status code successfully

2022-11-24 17:05:28 - [MESSAGE][PASSED] - Verify response status code successfully

2022-11-24 17:05:28 - [TEST_STEP][PASSED] - response2 = scoring.getResponseText(): null

2022-11-24 17:05:28 - [TEST_STEP][PASSED] - markPassed("result service data ke : " + no): result service data ke : 161

2022-11-24 17:05:28 - [MESSAGE][PASSED] - result service data ke : 161

2022-11-24 17:05:28 - [TEST_STEP][PASSED] - logInfo($response2): {"result_konsumen":"Reject","result_pasangan":"Reguler","Final_result":"Reject","errorMessage":"","status":"Done"}

2022-11-24 17:05:28 - [MESSAGE][INFO] - {"result_konsumen":"Reject","result_pasangan":"Reguler","Final_result":"Reject","errorMessage":"","status":"Done"}

2022-11-24 17:05:28 - [TEST_STEP][PASSED] - verifyElementPropertyValue(scoring, "Final_result", final_result): Verify element property value successfully

2022-11-24 17:05:28 - [MESSAGE][PASSED] - Verify element property value successfully]]></system-out>
         <system-err><![CDATA[]]></system-err>
      </testcase>
      <testcase name="Test Cases/Engine_Scoring/Engine Scoring" time="6.844" classname="Test Cases/Engine_Scoring/Engine Scoring" status="PASSED">
         <system-out><![CDATA[2022-11-24 17:05:28 - [TEST_CASE][PASSED] - Test Cases/Engine_Scoring/Engine Scoring: Test Cases/Engine_Scoring/Engine Scoring

2022-11-24 17:05:29 - [TEST_STEP][PASSED] - markPassed("Variasi data ke : " + no): Variasi data ke : 162

2022-11-24 17:05:29 - [MESSAGE][PASSED] - Variasi data ke : 162

2022-11-24 17:05:29 - [TEST_STEP][PASSED] - req_data = sendRequest(findTestObject("Search_ME", ["MID":MID, "source":source, "ip":ip, "userid":userid, "branch":branch, "tipekons":tipekons, "marital":marital, "penjamin":penjamin, ... ])): Send request successfully

2022-11-24 17:05:30 - [MESSAGE][INFO] - HAR: D:\DMS\Engine Scoring\Reports\20221124_165818\Exclude KKB - DS - Married\Scoring Married - KKB\20221124_165818\requests\main\124.har

2022-11-24 17:05:30 - [MESSAGE][PASSED] - Send request successfully

2022-11-24 17:05:30 - [TEST_STEP][PASSED] - slurper = new groovy.json.JsonSlurper(): null

2022-11-24 17:05:30 - [TEST_STEP][PASSED] - result = slurper.parseText(req_data.getResponseBodyContent()): null

2022-11-24 17:05:30 - [TEST_STEP][PASSED] - reqid_kons = requestid1: null

2022-11-24 17:05:30 - [TEST_STEP][PASSED] - reqid_spouse = requestid2: null

2022-11-24 17:05:30 - [TEST_STEP][PASSED] - println("requestid kons : " + reqid_kons): null

2022-11-24 17:05:30 - [TEST_STEP][PASSED] - response_searchME_kons = reqid_kons: null

2022-11-24 17:05:30 - [TEST_STEP][PASSED] - response_searchME_spouse = reqid_spouse: null

2022-11-24 17:05:30 - [TEST_STEP][PASSED] - println("kons req id is :" + response_searchME_kons): null

2022-11-24 17:05:30 - [TEST_STEP][PASSED] - println("spouse req id is : " + response_searchME_spouse): null

2022-11-24 17:05:30 - [TEST_STEP][PASSED] - verifyResponseStatusCode(req_data, 200): Verify response status code successfully

2022-11-24 17:05:30 - [MESSAGE][PASSED] - Verify response status code successfully

2022-11-24 17:05:30 - [TEST_STEP][PASSED] - response = req_data.getResponseText(): null

2022-11-24 17:05:30 - [TEST_STEP][PASSED] - logInfo($response): {"status":"Done","data":{"requestid1":"254182","requestid2":"254183"}}

2022-11-24 17:05:30 - [MESSAGE][INFO] - {"status":"Done","data":{"requestid1":"254182","requestid2":"254183"}}

2022-11-24 17:05:30 - [TEST_STEP][PASSED] - delay(5): Delayed 5 second(s)

2022-11-24 17:05:35 - [MESSAGE][PASSED] - Delayed 5 second(s)

2022-11-24 17:05:35 - [TEST_STEP][PASSED] - scoring = sendRequest(findTestObject("EngineScore", ["response_searchME_kons":response_searchME_kons, "response_searchME_spouse":response_searchME_spouse])): Send request successfully

2022-11-24 17:05:35 - [MESSAGE][INFO] - HAR: D:\DMS\Engine Scoring\Reports\20221124_165818\Exclude KKB - DS - Married\Scoring Married - KKB\20221124_165818\requests\main\125.har

2022-11-24 17:05:35 - [MESSAGE][PASSED] - Send request successfully

2022-11-24 17:05:35 - [TEST_STEP][PASSED] - verifyResponseStatusCode(scoring, 200): Verify response status code successfully

2022-11-24 17:05:35 - [MESSAGE][PASSED] - Verify response status code successfully

2022-11-24 17:05:35 - [TEST_STEP][PASSED] - response2 = scoring.getResponseText(): null

2022-11-24 17:05:35 - [TEST_STEP][PASSED] - markPassed("result service data ke : " + no): result service data ke : 162

2022-11-24 17:05:35 - [MESSAGE][PASSED] - result service data ke : 162

2022-11-24 17:05:35 - [TEST_STEP][PASSED] - logInfo($response2): {"result_konsumen":"Reject","result_pasangan":"Reguler","Final_result":"Reject","errorMessage":"","status":"Done"}

2022-11-24 17:05:35 - [MESSAGE][INFO] - {"result_konsumen":"Reject","result_pasangan":"Reguler","Final_result":"Reject","errorMessage":"","status":"Done"}

2022-11-24 17:05:35 - [TEST_STEP][PASSED] - verifyElementPropertyValue(scoring, "Final_result", final_result): Verify element property value successfully

2022-11-24 17:05:35 - [MESSAGE][PASSED] - Verify element property value successfully]]></system-out>
         <system-err><![CDATA[]]></system-err>
      </testcase>
      <testcase name="Test Cases/Engine_Scoring/Engine Scoring" time="6.678" classname="Test Cases/Engine_Scoring/Engine Scoring" status="PASSED">
         <system-out><![CDATA[2022-11-24 17:05:35 - [TEST_CASE][PASSED] - Test Cases/Engine_Scoring/Engine Scoring: Test Cases/Engine_Scoring/Engine Scoring

2022-11-24 17:05:36 - [TEST_STEP][PASSED] - markPassed("Variasi data ke : " + no): Variasi data ke : 163

2022-11-24 17:05:36 - [MESSAGE][PASSED] - Variasi data ke : 163

2022-11-24 17:05:36 - [TEST_STEP][PASSED] - req_data = sendRequest(findTestObject("Search_ME", ["MID":MID, "source":source, "ip":ip, "userid":userid, "branch":branch, "tipekons":tipekons, "marital":marital, "penjamin":penjamin, ... ])): Send request successfully

2022-11-24 17:05:37 - [MESSAGE][INFO] - HAR: D:\DMS\Engine Scoring\Reports\20221124_165818\Exclude KKB - DS - Married\Scoring Married - KKB\20221124_165818\requests\main\126.har

2022-11-24 17:05:37 - [MESSAGE][PASSED] - Send request successfully

2022-11-24 17:05:37 - [TEST_STEP][PASSED] - slurper = new groovy.json.JsonSlurper(): null

2022-11-24 17:05:37 - [TEST_STEP][PASSED] - result = slurper.parseText(req_data.getResponseBodyContent()): null

2022-11-24 17:05:37 - [TEST_STEP][PASSED] - reqid_kons = requestid1: null

2022-11-24 17:05:37 - [TEST_STEP][PASSED] - reqid_spouse = requestid2: null

2022-11-24 17:05:37 - [TEST_STEP][PASSED] - println("requestid kons : " + reqid_kons): null

2022-11-24 17:05:37 - [TEST_STEP][PASSED] - response_searchME_kons = reqid_kons: null

2022-11-24 17:05:37 - [TEST_STEP][PASSED] - response_searchME_spouse = reqid_spouse: null

2022-11-24 17:05:37 - [TEST_STEP][PASSED] - println("kons req id is :" + response_searchME_kons): null

2022-11-24 17:05:37 - [TEST_STEP][PASSED] - println("spouse req id is : " + response_searchME_spouse): null

2022-11-24 17:05:37 - [TEST_STEP][PASSED] - verifyResponseStatusCode(req_data, 200): Verify response status code successfully

2022-11-24 17:05:37 - [MESSAGE][PASSED] - Verify response status code successfully

2022-11-24 17:05:37 - [TEST_STEP][PASSED] - response = req_data.getResponseText(): null

2022-11-24 17:05:37 - [TEST_STEP][PASSED] - logInfo($response): {"status":"Done","data":{"requestid1":"254184","requestid2":"254185"}}

2022-11-24 17:05:37 - [MESSAGE][INFO] - {"status":"Done","data":{"requestid1":"254184","requestid2":"254185"}}

2022-11-24 17:05:37 - [TEST_STEP][PASSED] - delay(5): Delayed 5 second(s)

2022-11-24 17:05:42 - [MESSAGE][PASSED] - Delayed 5 second(s)

2022-11-24 17:05:42 - [TEST_STEP][PASSED] - scoring = sendRequest(findTestObject("EngineScore", ["response_searchME_kons":response_searchME_kons, "response_searchME_spouse":response_searchME_spouse])): Send request successfully

2022-11-24 17:05:42 - [MESSAGE][INFO] - HAR: D:\DMS\Engine Scoring\Reports\20221124_165818\Exclude KKB - DS - Married\Scoring Married - KKB\20221124_165818\requests\main\127.har

2022-11-24 17:05:42 - [MESSAGE][PASSED] - Send request successfully

2022-11-24 17:05:42 - [TEST_STEP][PASSED] - verifyResponseStatusCode(scoring, 200): Verify response status code successfully

2022-11-24 17:05:42 - [MESSAGE][PASSED] - Verify response status code successfully

2022-11-24 17:05:42 - [TEST_STEP][PASSED] - response2 = scoring.getResponseText(): null

2022-11-24 17:05:42 - [TEST_STEP][PASSED] - markPassed("result service data ke : " + no): result service data ke : 163

2022-11-24 17:05:42 - [MESSAGE][PASSED] - result service data ke : 163

2022-11-24 17:05:42 - [TEST_STEP][PASSED] - logInfo($response2): {"result_konsumen":"Reject","result_pasangan":"Approve","Final_result":"Reject","errorMessage":"","status":"Done"}

2022-11-24 17:05:42 - [MESSAGE][INFO] - {"result_konsumen":"Reject","result_pasangan":"Approve","Final_result":"Reject","errorMessage":"","status":"Done"}

2022-11-24 17:05:42 - [TEST_STEP][PASSED] - verifyElementPropertyValue(scoring, "Final_result", final_result): Verify element property value successfully

2022-11-24 17:05:42 - [MESSAGE][PASSED] - Verify element property value successfully]]></system-out>
         <system-err><![CDATA[]]></system-err>
      </testcase>
      <testcase name="Test Cases/Engine_Scoring/Engine Scoring" time="6.915" classname="Test Cases/Engine_Scoring/Engine Scoring" status="PASSED">
         <system-out><![CDATA[2022-11-24 17:05:42 - [TEST_CASE][PASSED] - Test Cases/Engine_Scoring/Engine Scoring: Test Cases/Engine_Scoring/Engine Scoring

2022-11-24 17:05:43 - [TEST_STEP][PASSED] - markPassed("Variasi data ke : " + no): Variasi data ke : 164

2022-11-24 17:05:43 - [MESSAGE][PASSED] - Variasi data ke : 164

2022-11-24 17:05:43 - [TEST_STEP][PASSED] - req_data = sendRequest(findTestObject("Search_ME", ["MID":MID, "source":source, "ip":ip, "userid":userid, "branch":branch, "tipekons":tipekons, "marital":marital, "penjamin":penjamin, ... ])): Send request successfully

2022-11-24 17:05:44 - [MESSAGE][INFO] - HAR: D:\DMS\Engine Scoring\Reports\20221124_165818\Exclude KKB - DS - Married\Scoring Married - KKB\20221124_165818\requests\main\128.har

2022-11-24 17:05:44 - [MESSAGE][PASSED] - Send request successfully

2022-11-24 17:05:44 - [TEST_STEP][PASSED] - slurper = new groovy.json.JsonSlurper(): null

2022-11-24 17:05:44 - [TEST_STEP][PASSED] - result = slurper.parseText(req_data.getResponseBodyContent()): null

2022-11-24 17:05:44 - [TEST_STEP][PASSED] - reqid_kons = requestid1: null

2022-11-24 17:05:44 - [TEST_STEP][PASSED] - reqid_spouse = requestid2: null

2022-11-24 17:05:44 - [TEST_STEP][PASSED] - println("requestid kons : " + reqid_kons): null

2022-11-24 17:05:44 - [TEST_STEP][PASSED] - response_searchME_kons = reqid_kons: null

2022-11-24 17:05:44 - [TEST_STEP][PASSED] - response_searchME_spouse = reqid_spouse: null

2022-11-24 17:05:44 - [TEST_STEP][PASSED] - println("kons req id is :" + response_searchME_kons): null

2022-11-24 17:05:44 - [TEST_STEP][PASSED] - println("spouse req id is : " + response_searchME_spouse): null

2022-11-24 17:05:44 - [TEST_STEP][PASSED] - verifyResponseStatusCode(req_data, 200): Verify response status code successfully

2022-11-24 17:05:44 - [MESSAGE][PASSED] - Verify response status code successfully

2022-11-24 17:05:44 - [TEST_STEP][PASSED] - response = req_data.getResponseText(): null

2022-11-24 17:05:44 - [TEST_STEP][PASSED] - logInfo($response): {"status":"Done","data":{"requestid1":"254186","requestid2":"254187"}}

2022-11-24 17:05:44 - [MESSAGE][INFO] - {"status":"Done","data":{"requestid1":"254186","requestid2":"254187"}}

2022-11-24 17:05:44 - [TEST_STEP][PASSED] - delay(5): Delayed 5 second(s)

2022-11-24 17:05:49 - [MESSAGE][PASSED] - Delayed 5 second(s)

2022-11-24 17:05:49 - [TEST_STEP][PASSED] - scoring = sendRequest(findTestObject("EngineScore", ["response_searchME_kons":response_searchME_kons, "response_searchME_spouse":response_searchME_spouse])): Send request successfully

2022-11-24 17:05:49 - [MESSAGE][INFO] - HAR: D:\DMS\Engine Scoring\Reports\20221124_165818\Exclude KKB - DS - Married\Scoring Married - KKB\20221124_165818\requests\main\129.har

2022-11-24 17:05:49 - [MESSAGE][PASSED] - Send request successfully

2022-11-24 17:05:49 - [TEST_STEP][PASSED] - verifyResponseStatusCode(scoring, 200): Verify response status code successfully

2022-11-24 17:05:49 - [MESSAGE][PASSED] - Verify response status code successfully

2022-11-24 17:05:49 - [TEST_STEP][PASSED] - response2 = scoring.getResponseText(): null

2022-11-24 17:05:49 - [TEST_STEP][PASSED] - markPassed("result service data ke : " + no): result service data ke : 164

2022-11-24 17:05:49 - [MESSAGE][PASSED] - result service data ke : 164

2022-11-24 17:05:49 - [TEST_STEP][PASSED] - logInfo($response2): {"result_konsumen":"Reject","result_pasangan":"Approve","Final_result":"Reject","errorMessage":"","status":"Done"}

2022-11-24 17:05:49 - [MESSAGE][INFO] - {"result_konsumen":"Reject","result_pasangan":"Approve","Final_result":"Reject","errorMessage":"","status":"Done"}

2022-11-24 17:05:49 - [TEST_STEP][PASSED] - verifyElementPropertyValue(scoring, "Final_result", final_result): Verify element property value successfully

2022-11-24 17:05:49 - [MESSAGE][PASSED] - Verify element property value successfully]]></system-out>
         <system-err><![CDATA[]]></system-err>
      </testcase>
      <testcase name="Test Cases/Engine_Scoring/Engine Scoring" time="10.185" classname="Test Cases/Engine_Scoring/Engine Scoring" status="PASSED">
         <system-out><![CDATA[2022-11-24 17:05:49 - [TEST_CASE][PASSED] - Test Cases/Engine_Scoring/Engine Scoring: Test Cases/Engine_Scoring/Engine Scoring

2022-11-24 17:05:50 - [TEST_STEP][PASSED] - markPassed("Variasi data ke : " + no): Variasi data ke : 165

2022-11-24 17:05:50 - [MESSAGE][PASSED] - Variasi data ke : 165

2022-11-24 17:05:50 - [TEST_STEP][PASSED] - req_data = sendRequest(findTestObject("Search_ME", ["MID":MID, "source":source, "ip":ip, "userid":userid, "branch":branch, "tipekons":tipekons, "marital":marital, "penjamin":penjamin, ... ])): Send request successfully

2022-11-24 17:05:54 - [MESSAGE][INFO] - HAR: D:\DMS\Engine Scoring\Reports\20221124_165818\Exclude KKB - DS - Married\Scoring Married - KKB\20221124_165818\requests\main\130.har

2022-11-24 17:05:54 - [MESSAGE][PASSED] - Send request successfully

2022-11-24 17:05:54 - [TEST_STEP][PASSED] - slurper = new groovy.json.JsonSlurper(): null

2022-11-24 17:05:54 - [TEST_STEP][PASSED] - result = slurper.parseText(req_data.getResponseBodyContent()): null

2022-11-24 17:05:54 - [TEST_STEP][PASSED] - reqid_kons = requestid1: null

2022-11-24 17:05:54 - [TEST_STEP][PASSED] - reqid_spouse = requestid2: null

2022-11-24 17:05:54 - [TEST_STEP][PASSED] - println("requestid kons : " + reqid_kons): null

2022-11-24 17:05:54 - [TEST_STEP][PASSED] - response_searchME_kons = reqid_kons: null

2022-11-24 17:05:54 - [TEST_STEP][PASSED] - response_searchME_spouse = reqid_spouse: null

2022-11-24 17:05:54 - [TEST_STEP][PASSED] - println("kons req id is :" + response_searchME_kons): null

2022-11-24 17:05:54 - [TEST_STEP][PASSED] - println("spouse req id is : " + response_searchME_spouse): null

2022-11-24 17:05:54 - [TEST_STEP][PASSED] - verifyResponseStatusCode(req_data, 200): Verify response status code successfully

2022-11-24 17:05:54 - [MESSAGE][PASSED] - Verify response status code successfully

2022-11-24 17:05:54 - [TEST_STEP][PASSED] - response = req_data.getResponseText(): null

2022-11-24 17:05:54 - [TEST_STEP][PASSED] - logInfo($response): {"status":"Done","data":{"requestid1":"254188","requestid2":"254189"}}

2022-11-24 17:05:54 - [MESSAGE][INFO] - {"status":"Done","data":{"requestid1":"254188","requestid2":"254189"}}

2022-11-24 17:05:54 - [TEST_STEP][PASSED] - delay(5): Delayed 5 second(s)

2022-11-24 17:05:59 - [MESSAGE][PASSED] - Delayed 5 second(s)

2022-11-24 17:05:59 - [TEST_STEP][PASSED] - scoring = sendRequest(findTestObject("EngineScore", ["response_searchME_kons":response_searchME_kons, "response_searchME_spouse":response_searchME_spouse])): Send request successfully

2022-11-24 17:05:59 - [MESSAGE][INFO] - HAR: D:\DMS\Engine Scoring\Reports\20221124_165818\Exclude KKB - DS - Married\Scoring Married - KKB\20221124_165818\requests\main\131.har

2022-11-24 17:05:59 - [MESSAGE][PASSED] - Send request successfully

2022-11-24 17:05:59 - [TEST_STEP][PASSED] - verifyResponseStatusCode(scoring, 200): Verify response status code successfully

2022-11-24 17:05:59 - [MESSAGE][PASSED] - Verify response status code successfully

2022-11-24 17:05:59 - [TEST_STEP][PASSED] - response2 = scoring.getResponseText(): null

2022-11-24 17:05:59 - [TEST_STEP][PASSED] - markPassed("result service data ke : " + no): result service data ke : 165

2022-11-24 17:05:59 - [MESSAGE][PASSED] - result service data ke : 165

2022-11-24 17:05:59 - [TEST_STEP][PASSED] - logInfo($response2): {"result_konsumen":"Reject","result_pasangan":"Approve","Final_result":"Reject","errorMessage":"","status":"Done"}

2022-11-24 17:05:59 - [MESSAGE][INFO] - {"result_konsumen":"Reject","result_pasangan":"Approve","Final_result":"Reject","errorMessage":"","status":"Done"}

2022-11-24 17:05:59 - [TEST_STEP][PASSED] - verifyElementPropertyValue(scoring, "Final_result", final_result): Verify element property value successfully

2022-11-24 17:05:59 - [MESSAGE][PASSED] - Verify element property value successfully]]></system-out>
         <system-err><![CDATA[]]></system-err>
      </testcase>
      <testcase name="Test Cases/Engine_Scoring/Engine Scoring" time="6.775" classname="Test Cases/Engine_Scoring/Engine Scoring" status="PASSED">
         <system-out><![CDATA[2022-11-24 17:05:59 - [TEST_CASE][PASSED] - Test Cases/Engine_Scoring/Engine Scoring: Test Cases/Engine_Scoring/Engine Scoring

2022-11-24 17:06:00 - [TEST_STEP][PASSED] - markPassed("Variasi data ke : " + no): Variasi data ke : 166

2022-11-24 17:06:00 - [MESSAGE][PASSED] - Variasi data ke : 166

2022-11-24 17:06:00 - [TEST_STEP][PASSED] - req_data = sendRequest(findTestObject("Search_ME", ["MID":MID, "source":source, "ip":ip, "userid":userid, "branch":branch, "tipekons":tipekons, "marital":marital, "penjamin":penjamin, ... ])): Send request successfully

2022-11-24 17:06:01 - [MESSAGE][INFO] - HAR: D:\DMS\Engine Scoring\Reports\20221124_165818\Exclude KKB - DS - Married\Scoring Married - KKB\20221124_165818\requests\main\132.har

2022-11-24 17:06:01 - [MESSAGE][PASSED] - Send request successfully

2022-11-24 17:06:01 - [TEST_STEP][PASSED] - slurper = new groovy.json.JsonSlurper(): null

2022-11-24 17:06:01 - [TEST_STEP][PASSED] - result = slurper.parseText(req_data.getResponseBodyContent()): null

2022-11-24 17:06:01 - [TEST_STEP][PASSED] - reqid_kons = requestid1: null

2022-11-24 17:06:01 - [TEST_STEP][PASSED] - reqid_spouse = requestid2: null

2022-11-24 17:06:01 - [TEST_STEP][PASSED] - println("requestid kons : " + reqid_kons): null

2022-11-24 17:06:01 - [TEST_STEP][PASSED] - response_searchME_kons = reqid_kons: null

2022-11-24 17:06:01 - [TEST_STEP][PASSED] - response_searchME_spouse = reqid_spouse: null

2022-11-24 17:06:01 - [TEST_STEP][PASSED] - println("kons req id is :" + response_searchME_kons): null

2022-11-24 17:06:01 - [TEST_STEP][PASSED] - println("spouse req id is : " + response_searchME_spouse): null

2022-11-24 17:06:01 - [TEST_STEP][PASSED] - verifyResponseStatusCode(req_data, 200): Verify response status code successfully

2022-11-24 17:06:01 - [MESSAGE][PASSED] - Verify response status code successfully

2022-11-24 17:06:01 - [TEST_STEP][PASSED] - response = req_data.getResponseText(): null

2022-11-24 17:06:01 - [TEST_STEP][PASSED] - logInfo($response): {"status":"Done","data":{"requestid1":"254190","requestid2":"254191"}}

2022-11-24 17:06:01 - [MESSAGE][INFO] - {"status":"Done","data":{"requestid1":"254190","requestid2":"254191"}}

2022-11-24 17:06:01 - [TEST_STEP][PASSED] - delay(5): Delayed 5 second(s)

2022-11-24 17:06:06 - [MESSAGE][PASSED] - Delayed 5 second(s)

2022-11-24 17:06:06 - [TEST_STEP][PASSED] - scoring = sendRequest(findTestObject("EngineScore", ["response_searchME_kons":response_searchME_kons, "response_searchME_spouse":response_searchME_spouse])): Send request successfully

2022-11-24 17:06:06 - [MESSAGE][INFO] - HAR: D:\DMS\Engine Scoring\Reports\20221124_165818\Exclude KKB - DS - Married\Scoring Married - KKB\20221124_165818\requests\main\133.har

2022-11-24 17:06:06 - [MESSAGE][PASSED] - Send request successfully

2022-11-24 17:06:06 - [TEST_STEP][PASSED] - verifyResponseStatusCode(scoring, 200): Verify response status code successfully

2022-11-24 17:06:06 - [MESSAGE][PASSED] - Verify response status code successfully

2022-11-24 17:06:06 - [TEST_STEP][PASSED] - response2 = scoring.getResponseText(): null

2022-11-24 17:06:06 - [TEST_STEP][PASSED] - markPassed("result service data ke : " + no): result service data ke : 166

2022-11-24 17:06:06 - [MESSAGE][PASSED] - result service data ke : 166

2022-11-24 17:06:06 - [TEST_STEP][PASSED] - logInfo($response2): {"result_konsumen":"Reject","result_pasangan":"Approve","Final_result":"Reject","errorMessage":"","status":"Done"}

2022-11-24 17:06:06 - [MESSAGE][INFO] - {"result_konsumen":"Reject","result_pasangan":"Approve","Final_result":"Reject","errorMessage":"","status":"Done"}

2022-11-24 17:06:06 - [TEST_STEP][PASSED] - verifyElementPropertyValue(scoring, "Final_result", final_result): Verify element property value successfully

2022-11-24 17:06:06 - [MESSAGE][PASSED] - Verify element property value successfully]]></system-out>
         <system-err><![CDATA[]]></system-err>
      </testcase>
      <testcase name="Test Cases/Engine_Scoring/Engine Scoring" time="6.707" classname="Test Cases/Engine_Scoring/Engine Scoring" status="PASSED">
         <system-out><![CDATA[2022-11-24 17:06:06 - [TEST_CASE][PASSED] - Test Cases/Engine_Scoring/Engine Scoring: Test Cases/Engine_Scoring/Engine Scoring

2022-11-24 17:06:07 - [TEST_STEP][PASSED] - markPassed("Variasi data ke : " + no): Variasi data ke : 167

2022-11-24 17:06:07 - [MESSAGE][PASSED] - Variasi data ke : 167

2022-11-24 17:06:07 - [TEST_STEP][PASSED] - req_data = sendRequest(findTestObject("Search_ME", ["MID":MID, "source":source, "ip":ip, "userid":userid, "branch":branch, "tipekons":tipekons, "marital":marital, "penjamin":penjamin, ... ])): Send request successfully

2022-11-24 17:06:08 - [MESSAGE][INFO] - HAR: D:\DMS\Engine Scoring\Reports\20221124_165818\Exclude KKB - DS - Married\Scoring Married - KKB\20221124_165818\requests\main\134.har

2022-11-24 17:06:08 - [MESSAGE][PASSED] - Send request successfully

2022-11-24 17:06:08 - [TEST_STEP][PASSED] - slurper = new groovy.json.JsonSlurper(): null

2022-11-24 17:06:08 - [TEST_STEP][PASSED] - result = slurper.parseText(req_data.getResponseBodyContent()): null

2022-11-24 17:06:08 - [TEST_STEP][PASSED] - reqid_kons = requestid1: null

2022-11-24 17:06:08 - [TEST_STEP][PASSED] - reqid_spouse = requestid2: null

2022-11-24 17:06:08 - [TEST_STEP][PASSED] - println("requestid kons : " + reqid_kons): null

2022-11-24 17:06:08 - [TEST_STEP][PASSED] - response_searchME_kons = reqid_kons: null

2022-11-24 17:06:08 - [TEST_STEP][PASSED] - response_searchME_spouse = reqid_spouse: null

2022-11-24 17:06:08 - [TEST_STEP][PASSED] - println("kons req id is :" + response_searchME_kons): null

2022-11-24 17:06:08 - [TEST_STEP][PASSED] - println("spouse req id is : " + response_searchME_spouse): null

2022-11-24 17:06:08 - [TEST_STEP][PASSED] - verifyResponseStatusCode(req_data, 200): Verify response status code successfully

2022-11-24 17:06:08 - [MESSAGE][PASSED] - Verify response status code successfully

2022-11-24 17:06:08 - [TEST_STEP][PASSED] - response = req_data.getResponseText(): null

2022-11-24 17:06:08 - [TEST_STEP][PASSED] - logInfo($response): {"status":"Done","data":{"requestid1":"254192","requestid2":"254193"}}

2022-11-24 17:06:08 - [MESSAGE][INFO] - {"status":"Done","data":{"requestid1":"254192","requestid2":"254193"}}

2022-11-24 17:06:08 - [TEST_STEP][PASSED] - delay(5): Delayed 5 second(s)

2022-11-24 17:06:13 - [MESSAGE][PASSED] - Delayed 5 second(s)

2022-11-24 17:06:13 - [TEST_STEP][PASSED] - scoring = sendRequest(findTestObject("EngineScore", ["response_searchME_kons":response_searchME_kons, "response_searchME_spouse":response_searchME_spouse])): Send request successfully

2022-11-24 17:06:13 - [MESSAGE][INFO] - HAR: D:\DMS\Engine Scoring\Reports\20221124_165818\Exclude KKB - DS - Married\Scoring Married - KKB\20221124_165818\requests\main\135.har

2022-11-24 17:06:13 - [MESSAGE][PASSED] - Send request successfully

2022-11-24 17:06:13 - [TEST_STEP][PASSED] - verifyResponseStatusCode(scoring, 200): Verify response status code successfully

2022-11-24 17:06:13 - [MESSAGE][PASSED] - Verify response status code successfully

2022-11-24 17:06:13 - [TEST_STEP][PASSED] - response2 = scoring.getResponseText(): null

2022-11-24 17:06:13 - [TEST_STEP][PASSED] - markPassed("result service data ke : " + no): result service data ke : 167

2022-11-24 17:06:13 - [MESSAGE][PASSED] - result service data ke : 167

2022-11-24 17:06:13 - [TEST_STEP][PASSED] - logInfo($response2): {"result_konsumen":"Reject","result_pasangan":"Reject","Final_result":"Reject","errorMessage":"","status":"Done"}

2022-11-24 17:06:13 - [MESSAGE][INFO] - {"result_konsumen":"Reject","result_pasangan":"Reject","Final_result":"Reject","errorMessage":"","status":"Done"}

2022-11-24 17:06:13 - [TEST_STEP][PASSED] - verifyElementPropertyValue(scoring, "Final_result", final_result): Verify element property value successfully

2022-11-24 17:06:13 - [MESSAGE][PASSED] - Verify element property value successfully]]></system-out>
         <system-err><![CDATA[]]></system-err>
      </testcase>
      <testcase name="Test Cases/Engine_Scoring/Engine Scoring" time="6.774" classname="Test Cases/Engine_Scoring/Engine Scoring" status="PASSED">
         <system-out><![CDATA[2022-11-24 17:06:13 - [TEST_CASE][PASSED] - Test Cases/Engine_Scoring/Engine Scoring: Test Cases/Engine_Scoring/Engine Scoring

2022-11-24 17:06:14 - [TEST_STEP][PASSED] - markPassed("Variasi data ke : " + no): Variasi data ke : 168

2022-11-24 17:06:14 - [MESSAGE][PASSED] - Variasi data ke : 168

2022-11-24 17:06:14 - [TEST_STEP][PASSED] - req_data = sendRequest(findTestObject("Search_ME", ["MID":MID, "source":source, "ip":ip, "userid":userid, "branch":branch, "tipekons":tipekons, "marital":marital, "penjamin":penjamin, ... ])): Send request successfully

2022-11-24 17:06:14 - [MESSAGE][INFO] - HAR: D:\DMS\Engine Scoring\Reports\20221124_165818\Exclude KKB - DS - Married\Scoring Married - KKB\20221124_165818\requests\main\136.har

2022-11-24 17:06:14 - [MESSAGE][PASSED] - Send request successfully

2022-11-24 17:06:14 - [TEST_STEP][PASSED] - slurper = new groovy.json.JsonSlurper(): null

2022-11-24 17:06:14 - [TEST_STEP][PASSED] - result = slurper.parseText(req_data.getResponseBodyContent()): null

2022-11-24 17:06:14 - [TEST_STEP][PASSED] - reqid_kons = requestid1: null

2022-11-24 17:06:14 - [TEST_STEP][PASSED] - reqid_spouse = requestid2: null

2022-11-24 17:06:14 - [TEST_STEP][PASSED] - println("requestid kons : " + reqid_kons): null

2022-11-24 17:06:14 - [TEST_STEP][PASSED] - response_searchME_kons = reqid_kons: null

2022-11-24 17:06:14 - [TEST_STEP][PASSED] - response_searchME_spouse = reqid_spouse: null

2022-11-24 17:06:14 - [TEST_STEP][PASSED] - println("kons req id is :" + response_searchME_kons): null

2022-11-24 17:06:14 - [TEST_STEP][PASSED] - println("spouse req id is : " + response_searchME_spouse): null

2022-11-24 17:06:14 - [TEST_STEP][PASSED] - verifyResponseStatusCode(req_data, 200): Verify response status code successfully

2022-11-24 17:06:14 - [MESSAGE][PASSED] - Verify response status code successfully

2022-11-24 17:06:14 - [TEST_STEP][PASSED] - response = req_data.getResponseText(): null

2022-11-24 17:06:14 - [TEST_STEP][PASSED] - logInfo($response): {"status":"Done","data":{"requestid1":"254194","requestid2":"254195"}}

2022-11-24 17:06:14 - [MESSAGE][INFO] - {"status":"Done","data":{"requestid1":"254194","requestid2":"254195"}}

2022-11-24 17:06:14 - [TEST_STEP][PASSED] - delay(5): Delayed 5 second(s)

2022-11-24 17:06:19 - [MESSAGE][PASSED] - Delayed 5 second(s)

2022-11-24 17:06:19 - [TEST_STEP][PASSED] - scoring = sendRequest(findTestObject("EngineScore", ["response_searchME_kons":response_searchME_kons, "response_searchME_spouse":response_searchME_spouse])): Send request successfully

2022-11-24 17:06:19 - [MESSAGE][INFO] - HAR: D:\DMS\Engine Scoring\Reports\20221124_165818\Exclude KKB - DS - Married\Scoring Married - KKB\20221124_165818\requests\main\137.har

2022-11-24 17:06:19 - [MESSAGE][PASSED] - Send request successfully

2022-11-24 17:06:19 - [TEST_STEP][PASSED] - verifyResponseStatusCode(scoring, 200): Verify response status code successfully

2022-11-24 17:06:19 - [MESSAGE][PASSED] - Verify response status code successfully

2022-11-24 17:06:19 - [TEST_STEP][PASSED] - response2 = scoring.getResponseText(): null

2022-11-24 17:06:19 - [TEST_STEP][PASSED] - markPassed("result service data ke : " + no): result service data ke : 168

2022-11-24 17:06:19 - [MESSAGE][PASSED] - result service data ke : 168

2022-11-24 17:06:19 - [TEST_STEP][PASSED] - logInfo($response2): {"result_konsumen":"Reject","result_pasangan":"Reject","Final_result":"Reject","errorMessage":"","status":"Done"}

2022-11-24 17:06:19 - [MESSAGE][INFO] - {"result_konsumen":"Reject","result_pasangan":"Reject","Final_result":"Reject","errorMessage":"","status":"Done"}

2022-11-24 17:06:19 - [TEST_STEP][PASSED] - verifyElementPropertyValue(scoring, "Final_result", final_result): Verify element property value successfully

2022-11-24 17:06:19 - [MESSAGE][PASSED] - Verify element property value successfully]]></system-out>
         <system-err><![CDATA[]]></system-err>
      </testcase>
      <testcase name="Test Cases/Engine_Scoring/Engine Scoring" time="6.874" classname="Test Cases/Engine_Scoring/Engine Scoring" status="PASSED">
         <system-out><![CDATA[2022-11-24 17:06:20 - [TEST_CASE][PASSED] - Test Cases/Engine_Scoring/Engine Scoring: Test Cases/Engine_Scoring/Engine Scoring

2022-11-24 17:06:20 - [TEST_STEP][PASSED] - markPassed("Variasi data ke : " + no): Variasi data ke : 169

2022-11-24 17:06:20 - [MESSAGE][PASSED] - Variasi data ke : 169

2022-11-24 17:06:20 - [TEST_STEP][PASSED] - req_data = sendRequest(findTestObject("Search_ME", ["MID":MID, "source":source, "ip":ip, "userid":userid, "branch":branch, "tipekons":tipekons, "marital":marital, "penjamin":penjamin, ... ])): Send request successfully

2022-11-24 17:06:21 - [MESSAGE][INFO] - HAR: D:\DMS\Engine Scoring\Reports\20221124_165818\Exclude KKB - DS - Married\Scoring Married - KKB\20221124_165818\requests\main\138.har

2022-11-24 17:06:21 - [MESSAGE][PASSED] - Send request successfully

2022-11-24 17:06:21 - [TEST_STEP][PASSED] - slurper = new groovy.json.JsonSlurper(): null

2022-11-24 17:06:21 - [TEST_STEP][PASSED] - result = slurper.parseText(req_data.getResponseBodyContent()): null

2022-11-24 17:06:21 - [TEST_STEP][PASSED] - reqid_kons = requestid1: null

2022-11-24 17:06:21 - [TEST_STEP][PASSED] - reqid_spouse = requestid2: null

2022-11-24 17:06:21 - [TEST_STEP][PASSED] - println("requestid kons : " + reqid_kons): null

2022-11-24 17:06:21 - [TEST_STEP][PASSED] - response_searchME_kons = reqid_kons: null

2022-11-24 17:06:21 - [TEST_STEP][PASSED] - response_searchME_spouse = reqid_spouse: null

2022-11-24 17:06:21 - [TEST_STEP][PASSED] - println("kons req id is :" + response_searchME_kons): null

2022-11-24 17:06:21 - [TEST_STEP][PASSED] - println("spouse req id is : " + response_searchME_spouse): null

2022-11-24 17:06:21 - [TEST_STEP][PASSED] - verifyResponseStatusCode(req_data, 200): Verify response status code successfully

2022-11-24 17:06:21 - [MESSAGE][PASSED] - Verify response status code successfully

2022-11-24 17:06:21 - [TEST_STEP][PASSED] - response = req_data.getResponseText(): null

2022-11-24 17:06:21 - [TEST_STEP][PASSED] - logInfo($response): {"status":"Done","data":{"requestid1":"254196","requestid2":"254197"}}

2022-11-24 17:06:21 - [MESSAGE][INFO] - {"status":"Done","data":{"requestid1":"254196","requestid2":"254197"}}

2022-11-24 17:06:21 - [TEST_STEP][PASSED] - delay(5): Delayed 5 second(s)

2022-11-24 17:06:26 - [MESSAGE][PASSED] - Delayed 5 second(s)

2022-11-24 17:06:26 - [TEST_STEP][PASSED] - scoring = sendRequest(findTestObject("EngineScore", ["response_searchME_kons":response_searchME_kons, "response_searchME_spouse":response_searchME_spouse])): Send request successfully

2022-11-24 17:06:26 - [MESSAGE][INFO] - HAR: D:\DMS\Engine Scoring\Reports\20221124_165818\Exclude KKB - DS - Married\Scoring Married - KKB\20221124_165818\requests\main\139.har

2022-11-24 17:06:26 - [MESSAGE][PASSED] - Send request successfully

2022-11-24 17:06:26 - [TEST_STEP][PASSED] - verifyResponseStatusCode(scoring, 200): Verify response status code successfully

2022-11-24 17:06:26 - [MESSAGE][PASSED] - Verify response status code successfully

2022-11-24 17:06:26 - [TEST_STEP][PASSED] - response2 = scoring.getResponseText(): null

2022-11-24 17:06:26 - [TEST_STEP][PASSED] - markPassed("result service data ke : " + no): result service data ke : 169

2022-11-24 17:06:26 - [MESSAGE][PASSED] - result service data ke : 169

2022-11-24 17:06:26 - [TEST_STEP][PASSED] - logInfo($response2): {"result_konsumen":"Reject","result_pasangan":"Reguler","Final_result":"Reject","errorMessage":"","status":"Done"}

2022-11-24 17:06:26 - [MESSAGE][INFO] - {"result_konsumen":"Reject","result_pasangan":"Reguler","Final_result":"Reject","errorMessage":"","status":"Done"}

2022-11-24 17:06:26 - [TEST_STEP][PASSED] - verifyElementPropertyValue(scoring, "Final_result", final_result): Verify element property value successfully

2022-11-24 17:06:26 - [MESSAGE][PASSED] - Verify element property value successfully]]></system-out>
         <system-err><![CDATA[]]></system-err>
      </testcase>
      <testcase name="Test Cases/Engine_Scoring/Engine Scoring" time="6.923" classname="Test Cases/Engine_Scoring/Engine Scoring" status="PASSED">
         <system-out><![CDATA[2022-11-24 17:06:26 - [TEST_CASE][PASSED] - Test Cases/Engine_Scoring/Engine Scoring: Test Cases/Engine_Scoring/Engine Scoring

2022-11-24 17:06:27 - [TEST_STEP][PASSED] - markPassed("Variasi data ke : " + no): Variasi data ke : 170

2022-11-24 17:06:27 - [MESSAGE][PASSED] - Variasi data ke : 170

2022-11-24 17:06:27 - [TEST_STEP][PASSED] - req_data = sendRequest(findTestObject("Search_ME", ["MID":MID, "source":source, "ip":ip, "userid":userid, "branch":branch, "tipekons":tipekons, "marital":marital, "penjamin":penjamin, ... ])): Send request successfully

2022-11-24 17:06:28 - [MESSAGE][INFO] - HAR: D:\DMS\Engine Scoring\Reports\20221124_165818\Exclude KKB - DS - Married\Scoring Married - KKB\20221124_165818\requests\main\140.har

2022-11-24 17:06:28 - [MESSAGE][PASSED] - Send request successfully

2022-11-24 17:06:28 - [TEST_STEP][PASSED] - slurper = new groovy.json.JsonSlurper(): null

2022-11-24 17:06:28 - [TEST_STEP][PASSED] - result = slurper.parseText(req_data.getResponseBodyContent()): null

2022-11-24 17:06:28 - [TEST_STEP][PASSED] - reqid_kons = requestid1: null

2022-11-24 17:06:28 - [TEST_STEP][PASSED] - reqid_spouse = requestid2: null

2022-11-24 17:06:28 - [TEST_STEP][PASSED] - println("requestid kons : " + reqid_kons): null

2022-11-24 17:06:28 - [TEST_STEP][PASSED] - response_searchME_kons = reqid_kons: null

2022-11-24 17:06:28 - [TEST_STEP][PASSED] - response_searchME_spouse = reqid_spouse: null

2022-11-24 17:06:28 - [TEST_STEP][PASSED] - println("kons req id is :" + response_searchME_kons): null

2022-11-24 17:06:28 - [TEST_STEP][PASSED] - println("spouse req id is : " + response_searchME_spouse): null

2022-11-24 17:06:28 - [TEST_STEP][PASSED] - verifyResponseStatusCode(req_data, 200): Verify response status code successfully

2022-11-24 17:06:28 - [MESSAGE][PASSED] - Verify response status code successfully

2022-11-24 17:06:28 - [TEST_STEP][PASSED] - response = req_data.getResponseText(): null

2022-11-24 17:06:28 - [TEST_STEP][PASSED] - logInfo($response): {"status":"Done","data":{"requestid1":"254198","requestid2":"254199"}}

2022-11-24 17:06:28 - [MESSAGE][INFO] - {"status":"Done","data":{"requestid1":"254198","requestid2":"254199"}}

2022-11-24 17:06:28 - [TEST_STEP][PASSED] - delay(5): Delayed 5 second(s)

2022-11-24 17:06:33 - [MESSAGE][PASSED] - Delayed 5 second(s)

2022-11-24 17:06:33 - [TEST_STEP][PASSED] - scoring = sendRequest(findTestObject("EngineScore", ["response_searchME_kons":response_searchME_kons, "response_searchME_spouse":response_searchME_spouse])): Send request successfully

2022-11-24 17:06:33 - [MESSAGE][INFO] - HAR: D:\DMS\Engine Scoring\Reports\20221124_165818\Exclude KKB - DS - Married\Scoring Married - KKB\20221124_165818\requests\main\141.har

2022-11-24 17:06:33 - [MESSAGE][PASSED] - Send request successfully

2022-11-24 17:06:33 - [TEST_STEP][PASSED] - verifyResponseStatusCode(scoring, 200): Verify response status code successfully

2022-11-24 17:06:33 - [MESSAGE][PASSED] - Verify response status code successfully

2022-11-24 17:06:33 - [TEST_STEP][PASSED] - response2 = scoring.getResponseText(): null

2022-11-24 17:06:33 - [TEST_STEP][PASSED] - markPassed("result service data ke : " + no): result service data ke : 170

2022-11-24 17:06:33 - [MESSAGE][PASSED] - result service data ke : 170

2022-11-24 17:06:33 - [TEST_STEP][PASSED] - logInfo($response2): {"result_konsumen":"Reject","result_pasangan":"Reguler","Final_result":"Reject","errorMessage":"","status":"Done"}

2022-11-24 17:06:33 - [MESSAGE][INFO] - {"result_konsumen":"Reject","result_pasangan":"Reguler","Final_result":"Reject","errorMessage":"","status":"Done"}

2022-11-24 17:06:33 - [TEST_STEP][PASSED] - verifyElementPropertyValue(scoring, "Final_result", final_result): Verify element property value successfully

2022-11-24 17:06:33 - [MESSAGE][PASSED] - Verify element property value successfully]]></system-out>
         <system-err><![CDATA[]]></system-err>
      </testcase>
      <testcase name="Test Cases/Engine_Scoring/Engine Scoring" time="7.207" classname="Test Cases/Engine_Scoring/Engine Scoring" status="PASSED">
         <system-out><![CDATA[2022-11-24 17:06:33 - [TEST_CASE][PASSED] - Test Cases/Engine_Scoring/Engine Scoring: Test Cases/Engine_Scoring/Engine Scoring

2022-11-24 17:06:34 - [TEST_STEP][PASSED] - markPassed("Variasi data ke : " + no): Variasi data ke : 171

2022-11-24 17:06:34 - [MESSAGE][PASSED] - Variasi data ke : 171

2022-11-24 17:06:34 - [TEST_STEP][PASSED] - req_data = sendRequest(findTestObject("Search_ME", ["MID":MID, "source":source, "ip":ip, "userid":userid, "branch":branch, "tipekons":tipekons, "marital":marital, "penjamin":penjamin, ... ])): Send request successfully

2022-11-24 17:06:35 - [MESSAGE][INFO] - HAR: D:\DMS\Engine Scoring\Reports\20221124_165818\Exclude KKB - DS - Married\Scoring Married - KKB\20221124_165818\requests\main\142.har

2022-11-24 17:06:35 - [MESSAGE][PASSED] - Send request successfully

2022-11-24 17:06:35 - [TEST_STEP][PASSED] - slurper = new groovy.json.JsonSlurper(): null

2022-11-24 17:06:35 - [TEST_STEP][PASSED] - result = slurper.parseText(req_data.getResponseBodyContent()): null

2022-11-24 17:06:35 - [TEST_STEP][PASSED] - reqid_kons = requestid1: null

2022-11-24 17:06:35 - [TEST_STEP][PASSED] - reqid_spouse = requestid2: null

2022-11-24 17:06:35 - [TEST_STEP][PASSED] - println("requestid kons : " + reqid_kons): null

2022-11-24 17:06:35 - [TEST_STEP][PASSED] - response_searchME_kons = reqid_kons: null

2022-11-24 17:06:35 - [TEST_STEP][PASSED] - response_searchME_spouse = reqid_spouse: null

2022-11-24 17:06:35 - [TEST_STEP][PASSED] - println("kons req id is :" + response_searchME_kons): null

2022-11-24 17:06:35 - [TEST_STEP][PASSED] - println("spouse req id is : " + response_searchME_spouse): null

2022-11-24 17:06:35 - [TEST_STEP][PASSED] - verifyResponseStatusCode(req_data, 200): Verify response status code successfully

2022-11-24 17:06:35 - [MESSAGE][PASSED] - Verify response status code successfully

2022-11-24 17:06:35 - [TEST_STEP][PASSED] - response = req_data.getResponseText(): null

2022-11-24 17:06:35 - [TEST_STEP][PASSED] - logInfo($response): {"status":"Done","data":{"requestid1":"254200","requestid2":"254201"}}

2022-11-24 17:06:35 - [MESSAGE][INFO] - {"status":"Done","data":{"requestid1":"254200","requestid2":"254201"}}

2022-11-24 17:06:35 - [TEST_STEP][PASSED] - delay(5): Delayed 5 second(s)

2022-11-24 17:06:40 - [MESSAGE][PASSED] - Delayed 5 second(s)

2022-11-24 17:06:40 - [TEST_STEP][PASSED] - scoring = sendRequest(findTestObject("EngineScore", ["response_searchME_kons":response_searchME_kons, "response_searchME_spouse":response_searchME_spouse])): Send request successfully

2022-11-24 17:06:41 - [MESSAGE][INFO] - HAR: D:\DMS\Engine Scoring\Reports\20221124_165818\Exclude KKB - DS - Married\Scoring Married - KKB\20221124_165818\requests\main\143.har

2022-11-24 17:06:41 - [MESSAGE][PASSED] - Send request successfully

2022-11-24 17:06:41 - [TEST_STEP][PASSED] - verifyResponseStatusCode(scoring, 200): Verify response status code successfully

2022-11-24 17:06:41 - [MESSAGE][PASSED] - Verify response status code successfully

2022-11-24 17:06:41 - [TEST_STEP][PASSED] - response2 = scoring.getResponseText(): null

2022-11-24 17:06:41 - [TEST_STEP][PASSED] - markPassed("result service data ke : " + no): result service data ke : 171

2022-11-24 17:06:41 - [MESSAGE][PASSED] - result service data ke : 171

2022-11-24 17:06:41 - [TEST_STEP][PASSED] - logInfo($response2): {"result_konsumen":"Reject","result_pasangan":"Reguler","Final_result":"Reject","errorMessage":"","status":"Done"}

2022-11-24 17:06:41 - [MESSAGE][INFO] - {"result_konsumen":"Reject","result_pasangan":"Reguler","Final_result":"Reject","errorMessage":"","status":"Done"}

2022-11-24 17:06:41 - [TEST_STEP][PASSED] - verifyElementPropertyValue(scoring, "Final_result", final_result): Verify element property value successfully

2022-11-24 17:06:41 - [MESSAGE][PASSED] - Verify element property value successfully]]></system-out>
         <system-err><![CDATA[]]></system-err>
      </testcase>
      <testcase name="Test Cases/Engine_Scoring/Engine Scoring" time="6.908" classname="Test Cases/Engine_Scoring/Engine Scoring" status="PASSED">
         <system-out><![CDATA[2022-11-24 17:06:41 - [TEST_CASE][PASSED] - Test Cases/Engine_Scoring/Engine Scoring: Test Cases/Engine_Scoring/Engine Scoring

2022-11-24 17:06:42 - [TEST_STEP][PASSED] - markPassed("Variasi data ke : " + no): Variasi data ke : 172

2022-11-24 17:06:42 - [MESSAGE][PASSED] - Variasi data ke : 172

2022-11-24 17:06:42 - [TEST_STEP][PASSED] - req_data = sendRequest(findTestObject("Search_ME", ["MID":MID, "source":source, "ip":ip, "userid":userid, "branch":branch, "tipekons":tipekons, "marital":marital, "penjamin":penjamin, ... ])): Send request successfully

2022-11-24 17:06:43 - [MESSAGE][INFO] - HAR: D:\DMS\Engine Scoring\Reports\20221124_165818\Exclude KKB - DS - Married\Scoring Married - KKB\20221124_165818\requests\main\144.har

2022-11-24 17:06:43 - [MESSAGE][PASSED] - Send request successfully

2022-11-24 17:06:43 - [TEST_STEP][PASSED] - slurper = new groovy.json.JsonSlurper(): null

2022-11-24 17:06:43 - [TEST_STEP][PASSED] - result = slurper.parseText(req_data.getResponseBodyContent()): null

2022-11-24 17:06:43 - [TEST_STEP][PASSED] - reqid_kons = requestid1: null

2022-11-24 17:06:43 - [TEST_STEP][PASSED] - reqid_spouse = requestid2: null

2022-11-24 17:06:43 - [TEST_STEP][PASSED] - println("requestid kons : " + reqid_kons): null

2022-11-24 17:06:43 - [TEST_STEP][PASSED] - response_searchME_kons = reqid_kons: null

2022-11-24 17:06:43 - [TEST_STEP][PASSED] - response_searchME_spouse = reqid_spouse: null

2022-11-24 17:06:43 - [TEST_STEP][PASSED] - println("kons req id is :" + response_searchME_kons): null

2022-11-24 17:06:43 - [TEST_STEP][PASSED] - println("spouse req id is : " + response_searchME_spouse): null

2022-11-24 17:06:43 - [TEST_STEP][PASSED] - verifyResponseStatusCode(req_data, 200): Verify response status code successfully

2022-11-24 17:06:43 - [MESSAGE][PASSED] - Verify response status code successfully

2022-11-24 17:06:43 - [TEST_STEP][PASSED] - response = req_data.getResponseText(): null

2022-11-24 17:06:43 - [TEST_STEP][PASSED] - logInfo($response): {"status":"Done","data":{"requestid1":"254202","requestid2":"254203"}}

2022-11-24 17:06:43 - [MESSAGE][INFO] - {"status":"Done","data":{"requestid1":"254202","requestid2":"254203"}}

2022-11-24 17:06:43 - [TEST_STEP][PASSED] - delay(5): Delayed 5 second(s)

2022-11-24 17:06:48 - [MESSAGE][PASSED] - Delayed 5 second(s)

2022-11-24 17:06:48 - [TEST_STEP][PASSED] - scoring = sendRequest(findTestObject("EngineScore", ["response_searchME_kons":response_searchME_kons, "response_searchME_spouse":response_searchME_spouse])): Send request successfully

2022-11-24 17:06:48 - [MESSAGE][INFO] - HAR: D:\DMS\Engine Scoring\Reports\20221124_165818\Exclude KKB - DS - Married\Scoring Married - KKB\20221124_165818\requests\main\145.har

2022-11-24 17:06:48 - [MESSAGE][PASSED] - Send request successfully

2022-11-24 17:06:48 - [TEST_STEP][PASSED] - verifyResponseStatusCode(scoring, 200): Verify response status code successfully

2022-11-24 17:06:48 - [MESSAGE][PASSED] - Verify response status code successfully

2022-11-24 17:06:48 - [TEST_STEP][PASSED] - response2 = scoring.getResponseText(): null

2022-11-24 17:06:48 - [TEST_STEP][PASSED] - markPassed("result service data ke : " + no): result service data ke : 172

2022-11-24 17:06:48 - [MESSAGE][PASSED] - result service data ke : 172

2022-11-24 17:06:48 - [TEST_STEP][PASSED] - logInfo($response2): {"result_konsumen":"Reject","result_pasangan":"Reject","Final_result":"Reject","errorMessage":"","status":"Done"}

2022-11-24 17:06:48 - [MESSAGE][INFO] - {"result_konsumen":"Reject","result_pasangan":"Reject","Final_result":"Reject","errorMessage":"","status":"Done"}

2022-11-24 17:06:48 - [TEST_STEP][PASSED] - verifyElementPropertyValue(scoring, "Final_result", final_result): Verify element property value successfully

2022-11-24 17:06:48 - [MESSAGE][PASSED] - Verify element property value successfully]]></system-out>
         <system-err><![CDATA[]]></system-err>
      </testcase>
      <testcase name="Test Cases/Engine_Scoring/Engine Scoring" time="7.036" classname="Test Cases/Engine_Scoring/Engine Scoring" status="PASSED">
         <system-out><![CDATA[2022-11-24 17:06:48 - [TEST_CASE][PASSED] - Test Cases/Engine_Scoring/Engine Scoring: Test Cases/Engine_Scoring/Engine Scoring

2022-11-24 17:06:49 - [TEST_STEP][PASSED] - markPassed("Variasi data ke : " + no): Variasi data ke : 173

2022-11-24 17:06:49 - [MESSAGE][PASSED] - Variasi data ke : 173

2022-11-24 17:06:49 - [TEST_STEP][PASSED] - req_data = sendRequest(findTestObject("Search_ME", ["MID":MID, "source":source, "ip":ip, "userid":userid, "branch":branch, "tipekons":tipekons, "marital":marital, "penjamin":penjamin, ... ])): Send request successfully

2022-11-24 17:06:50 - [MESSAGE][INFO] - HAR: D:\DMS\Engine Scoring\Reports\20221124_165818\Exclude KKB - DS - Married\Scoring Married - KKB\20221124_165818\requests\main\146.har

2022-11-24 17:06:50 - [MESSAGE][PASSED] - Send request successfully

2022-11-24 17:06:50 - [TEST_STEP][PASSED] - slurper = new groovy.json.JsonSlurper(): null

2022-11-24 17:06:50 - [TEST_STEP][PASSED] - result = slurper.parseText(req_data.getResponseBodyContent()): null

2022-11-24 17:06:50 - [TEST_STEP][PASSED] - reqid_kons = requestid1: null

2022-11-24 17:06:50 - [TEST_STEP][PASSED] - reqid_spouse = requestid2: null

2022-11-24 17:06:50 - [TEST_STEP][PASSED] - println("requestid kons : " + reqid_kons): null

2022-11-24 17:06:50 - [TEST_STEP][PASSED] - response_searchME_kons = reqid_kons: null

2022-11-24 17:06:50 - [TEST_STEP][PASSED] - response_searchME_spouse = reqid_spouse: null

2022-11-24 17:06:50 - [TEST_STEP][PASSED] - println("kons req id is :" + response_searchME_kons): null

2022-11-24 17:06:50 - [TEST_STEP][PASSED] - println("spouse req id is : " + response_searchME_spouse): null

2022-11-24 17:06:50 - [TEST_STEP][PASSED] - verifyResponseStatusCode(req_data, 200): Verify response status code successfully

2022-11-24 17:06:50 - [MESSAGE][PASSED] - Verify response status code successfully

2022-11-24 17:06:50 - [TEST_STEP][PASSED] - response = req_data.getResponseText(): null

2022-11-24 17:06:50 - [TEST_STEP][PASSED] - logInfo($response): {"status":"Done","data":{"requestid1":"254204","requestid2":"254205"}}

2022-11-24 17:06:50 - [MESSAGE][INFO] - {"status":"Done","data":{"requestid1":"254204","requestid2":"254205"}}

2022-11-24 17:06:50 - [TEST_STEP][PASSED] - delay(5): Delayed 5 second(s)

2022-11-24 17:06:55 - [MESSAGE][PASSED] - Delayed 5 second(s)

2022-11-24 17:06:55 - [TEST_STEP][PASSED] - scoring = sendRequest(findTestObject("EngineScore", ["response_searchME_kons":response_searchME_kons, "response_searchME_spouse":response_searchME_spouse])): Send request successfully

2022-11-24 17:06:55 - [MESSAGE][INFO] - HAR: D:\DMS\Engine Scoring\Reports\20221124_165818\Exclude KKB - DS - Married\Scoring Married - KKB\20221124_165818\requests\main\147.har

2022-11-24 17:06:55 - [MESSAGE][PASSED] - Send request successfully

2022-11-24 17:06:55 - [TEST_STEP][PASSED] - verifyResponseStatusCode(scoring, 200): Verify response status code successfully

2022-11-24 17:06:55 - [MESSAGE][PASSED] - Verify response status code successfully

2022-11-24 17:06:55 - [TEST_STEP][PASSED] - response2 = scoring.getResponseText(): null

2022-11-24 17:06:55 - [TEST_STEP][PASSED] - markPassed("result service data ke : " + no): result service data ke : 173

2022-11-24 17:06:55 - [MESSAGE][PASSED] - result service data ke : 173

2022-11-24 17:06:55 - [TEST_STEP][PASSED] - logInfo($response2): {"result_konsumen":"Reject","result_pasangan":"Reject","Final_result":"Reject","errorMessage":"","status":"Done"}

2022-11-24 17:06:55 - [MESSAGE][INFO] - {"result_konsumen":"Reject","result_pasangan":"Reject","Final_result":"Reject","errorMessage":"","status":"Done"}

2022-11-24 17:06:55 - [TEST_STEP][PASSED] - verifyElementPropertyValue(scoring, "Final_result", final_result): Verify element property value successfully

2022-11-24 17:06:55 - [MESSAGE][PASSED] - Verify element property value successfully]]></system-out>
         <system-err><![CDATA[]]></system-err>
      </testcase>
      <testcase name="Test Cases/Engine_Scoring/Engine Scoring" time="6.992" classname="Test Cases/Engine_Scoring/Engine Scoring" status="PASSED">
         <system-out><![CDATA[2022-11-24 17:06:55 - [TEST_CASE][PASSED] - Test Cases/Engine_Scoring/Engine Scoring: Test Cases/Engine_Scoring/Engine Scoring

2022-11-24 17:06:56 - [TEST_STEP][PASSED] - markPassed("Variasi data ke : " + no): Variasi data ke : 174

2022-11-24 17:06:56 - [MESSAGE][PASSED] - Variasi data ke : 174

2022-11-24 17:06:56 - [TEST_STEP][PASSED] - req_data = sendRequest(findTestObject("Search_ME", ["MID":MID, "source":source, "ip":ip, "userid":userid, "branch":branch, "tipekons":tipekons, "marital":marital, "penjamin":penjamin, ... ])): Send request successfully

2022-11-24 17:06:57 - [MESSAGE][INFO] - HAR: D:\DMS\Engine Scoring\Reports\20221124_165818\Exclude KKB - DS - Married\Scoring Married - KKB\20221124_165818\requests\main\148.har

2022-11-24 17:06:57 - [MESSAGE][PASSED] - Send request successfully

2022-11-24 17:06:57 - [TEST_STEP][PASSED] - slurper = new groovy.json.JsonSlurper(): null

2022-11-24 17:06:57 - [TEST_STEP][PASSED] - result = slurper.parseText(req_data.getResponseBodyContent()): null

2022-11-24 17:06:57 - [TEST_STEP][PASSED] - reqid_kons = requestid1: null

2022-11-24 17:06:57 - [TEST_STEP][PASSED] - reqid_spouse = requestid2: null

2022-11-24 17:06:57 - [TEST_STEP][PASSED] - println("requestid kons : " + reqid_kons): null

2022-11-24 17:06:57 - [TEST_STEP][PASSED] - response_searchME_kons = reqid_kons: null

2022-11-24 17:06:57 - [TEST_STEP][PASSED] - response_searchME_spouse = reqid_spouse: null

2022-11-24 17:06:57 - [TEST_STEP][PASSED] - println("kons req id is :" + response_searchME_kons): null

2022-11-24 17:06:57 - [TEST_STEP][PASSED] - println("spouse req id is : " + response_searchME_spouse): null

2022-11-24 17:06:57 - [TEST_STEP][PASSED] - verifyResponseStatusCode(req_data, 200): Verify response status code successfully

2022-11-24 17:06:57 - [MESSAGE][PASSED] - Verify response status code successfully

2022-11-24 17:06:57 - [TEST_STEP][PASSED] - response = req_data.getResponseText(): null

2022-11-24 17:06:57 - [TEST_STEP][PASSED] - logInfo($response): {"status":"Done","data":{"requestid1":"254206","requestid2":"254207"}}

2022-11-24 17:06:57 - [MESSAGE][INFO] - {"status":"Done","data":{"requestid1":"254206","requestid2":"254207"}}

2022-11-24 17:06:57 - [TEST_STEP][PASSED] - delay(5): Delayed 5 second(s)

2022-11-24 17:07:02 - [MESSAGE][PASSED] - Delayed 5 second(s)

2022-11-24 17:07:02 - [TEST_STEP][PASSED] - scoring = sendRequest(findTestObject("EngineScore", ["response_searchME_kons":response_searchME_kons, "response_searchME_spouse":response_searchME_spouse])): Send request successfully

2022-11-24 17:07:02 - [MESSAGE][INFO] - HAR: D:\DMS\Engine Scoring\Reports\20221124_165818\Exclude KKB - DS - Married\Scoring Married - KKB\20221124_165818\requests\main\149.har

2022-11-24 17:07:02 - [MESSAGE][PASSED] - Send request successfully

2022-11-24 17:07:02 - [TEST_STEP][PASSED] - verifyResponseStatusCode(scoring, 200): Verify response status code successfully

2022-11-24 17:07:02 - [MESSAGE][PASSED] - Verify response status code successfully

2022-11-24 17:07:02 - [TEST_STEP][PASSED] - response2 = scoring.getResponseText(): null

2022-11-24 17:07:02 - [TEST_STEP][PASSED] - markPassed("result service data ke : " + no): result service data ke : 174

2022-11-24 17:07:02 - [MESSAGE][PASSED] - result service data ke : 174

2022-11-24 17:07:02 - [TEST_STEP][PASSED] - logInfo($response2): {"result_konsumen":"Reject","result_pasangan":"Reject","Final_result":"Reject","errorMessage":"","status":"Done"}

2022-11-24 17:07:02 - [MESSAGE][INFO] - {"result_konsumen":"Reject","result_pasangan":"Reject","Final_result":"Reject","errorMessage":"","status":"Done"}

2022-11-24 17:07:02 - [TEST_STEP][PASSED] - verifyElementPropertyValue(scoring, "Final_result", final_result): Verify element property value successfully

2022-11-24 17:07:02 - [MESSAGE][PASSED] - Verify element property value successfully]]></system-out>
         <system-err><![CDATA[]]></system-err>
      </testcase>
      <testcase name="Test Cases/Engine_Scoring/Engine Scoring" time="6.981" classname="Test Cases/Engine_Scoring/Engine Scoring" status="PASSED">
         <system-out><![CDATA[2022-11-24 17:07:02 - [TEST_CASE][PASSED] - Test Cases/Engine_Scoring/Engine Scoring: Test Cases/Engine_Scoring/Engine Scoring

2022-11-24 17:07:03 - [TEST_STEP][PASSED] - markPassed("Variasi data ke : " + no): Variasi data ke : 175

2022-11-24 17:07:03 - [MESSAGE][PASSED] - Variasi data ke : 175

2022-11-24 17:07:03 - [TEST_STEP][PASSED] - req_data = sendRequest(findTestObject("Search_ME", ["MID":MID, "source":source, "ip":ip, "userid":userid, "branch":branch, "tipekons":tipekons, "marital":marital, "penjamin":penjamin, ... ])): Send request successfully

2022-11-24 17:07:04 - [MESSAGE][INFO] - HAR: D:\DMS\Engine Scoring\Reports\20221124_165818\Exclude KKB - DS - Married\Scoring Married - KKB\20221124_165818\requests\main\150.har

2022-11-24 17:07:04 - [MESSAGE][PASSED] - Send request successfully

2022-11-24 17:07:04 - [TEST_STEP][PASSED] - slurper = new groovy.json.JsonSlurper(): null

2022-11-24 17:07:04 - [TEST_STEP][PASSED] - result = slurper.parseText(req_data.getResponseBodyContent()): null

2022-11-24 17:07:04 - [TEST_STEP][PASSED] - reqid_kons = requestid1: null

2022-11-24 17:07:04 - [TEST_STEP][PASSED] - reqid_spouse = requestid2: null

2022-11-24 17:07:04 - [TEST_STEP][PASSED] - println("requestid kons : " + reqid_kons): null

2022-11-24 17:07:04 - [TEST_STEP][PASSED] - response_searchME_kons = reqid_kons: null

2022-11-24 17:07:04 - [TEST_STEP][PASSED] - response_searchME_spouse = reqid_spouse: null

2022-11-24 17:07:04 - [TEST_STEP][PASSED] - println("kons req id is :" + response_searchME_kons): null

2022-11-24 17:07:04 - [TEST_STEP][PASSED] - println("spouse req id is : " + response_searchME_spouse): null

2022-11-24 17:07:04 - [TEST_STEP][PASSED] - verifyResponseStatusCode(req_data, 200): Verify response status code successfully

2022-11-24 17:07:04 - [MESSAGE][PASSED] - Verify response status code successfully

2022-11-24 17:07:04 - [TEST_STEP][PASSED] - response = req_data.getResponseText(): null

2022-11-24 17:07:04 - [TEST_STEP][PASSED] - logInfo($response): {"status":"Done","data":{"requestid1":"254208","requestid2":"254209"}}

2022-11-24 17:07:04 - [MESSAGE][INFO] - {"status":"Done","data":{"requestid1":"254208","requestid2":"254209"}}

2022-11-24 17:07:04 - [TEST_STEP][PASSED] - delay(5): Delayed 5 second(s)

2022-11-24 17:07:09 - [MESSAGE][PASSED] - Delayed 5 second(s)

2022-11-24 17:07:09 - [TEST_STEP][PASSED] - scoring = sendRequest(findTestObject("EngineScore", ["response_searchME_kons":response_searchME_kons, "response_searchME_spouse":response_searchME_spouse])): Send request successfully

2022-11-24 17:07:09 - [MESSAGE][INFO] - HAR: D:\DMS\Engine Scoring\Reports\20221124_165818\Exclude KKB - DS - Married\Scoring Married - KKB\20221124_165818\requests\main\151.har

2022-11-24 17:07:09 - [MESSAGE][PASSED] - Send request successfully

2022-11-24 17:07:09 - [TEST_STEP][PASSED] - verifyResponseStatusCode(scoring, 200): Verify response status code successfully

2022-11-24 17:07:09 - [MESSAGE][PASSED] - Verify response status code successfully

2022-11-24 17:07:09 - [TEST_STEP][PASSED] - response2 = scoring.getResponseText(): null

2022-11-24 17:07:09 - [TEST_STEP][PASSED] - markPassed("result service data ke : " + no): result service data ke : 175

2022-11-24 17:07:09 - [MESSAGE][PASSED] - result service data ke : 175

2022-11-24 17:07:09 - [TEST_STEP][PASSED] - logInfo($response2): {"result_konsumen":"Reject","result_pasangan":"Reject","Final_result":"Reject","errorMessage":"","status":"Done"}

2022-11-24 17:07:09 - [MESSAGE][INFO] - {"result_konsumen":"Reject","result_pasangan":"Reject","Final_result":"Reject","errorMessage":"","status":"Done"}

2022-11-24 17:07:09 - [TEST_STEP][PASSED] - verifyElementPropertyValue(scoring, "Final_result", final_result): Verify element property value successfully

2022-11-24 17:07:09 - [MESSAGE][PASSED] - Verify element property value successfully]]></system-out>
         <system-err><![CDATA[]]></system-err>
      </testcase>
      <testcase name="Test Cases/Engine_Scoring/Engine Scoring" time="6.804" classname="Test Cases/Engine_Scoring/Engine Scoring" status="PASSED">
         <system-out><![CDATA[2022-11-24 17:07:09 - [TEST_CASE][PASSED] - Test Cases/Engine_Scoring/Engine Scoring: Test Cases/Engine_Scoring/Engine Scoring

2022-11-24 17:07:10 - [TEST_STEP][PASSED] - markPassed("Variasi data ke : " + no): Variasi data ke : 176

2022-11-24 17:07:10 - [MESSAGE][PASSED] - Variasi data ke : 176

2022-11-24 17:07:10 - [TEST_STEP][PASSED] - req_data = sendRequest(findTestObject("Search_ME", ["MID":MID, "source":source, "ip":ip, "userid":userid, "branch":branch, "tipekons":tipekons, "marital":marital, "penjamin":penjamin, ... ])): Send request successfully

2022-11-24 17:07:11 - [MESSAGE][INFO] - HAR: D:\DMS\Engine Scoring\Reports\20221124_165818\Exclude KKB - DS - Married\Scoring Married - KKB\20221124_165818\requests\main\152.har

2022-11-24 17:07:11 - [MESSAGE][PASSED] - Send request successfully

2022-11-24 17:07:11 - [TEST_STEP][PASSED] - slurper = new groovy.json.JsonSlurper(): null

2022-11-24 17:07:11 - [TEST_STEP][PASSED] - result = slurper.parseText(req_data.getResponseBodyContent()): null

2022-11-24 17:07:11 - [TEST_STEP][PASSED] - reqid_kons = requestid1: null

2022-11-24 17:07:11 - [TEST_STEP][PASSED] - reqid_spouse = requestid2: null

2022-11-24 17:07:11 - [TEST_STEP][PASSED] - println("requestid kons : " + reqid_kons): null

2022-11-24 17:07:11 - [TEST_STEP][PASSED] - response_searchME_kons = reqid_kons: null

2022-11-24 17:07:11 - [TEST_STEP][PASSED] - response_searchME_spouse = reqid_spouse: null

2022-11-24 17:07:11 - [TEST_STEP][PASSED] - println("kons req id is :" + response_searchME_kons): null

2022-11-24 17:07:11 - [TEST_STEP][PASSED] - println("spouse req id is : " + response_searchME_spouse): null

2022-11-24 17:07:11 - [TEST_STEP][PASSED] - verifyResponseStatusCode(req_data, 200): Verify response status code successfully

2022-11-24 17:07:11 - [MESSAGE][PASSED] - Verify response status code successfully

2022-11-24 17:07:11 - [TEST_STEP][PASSED] - response = req_data.getResponseText(): null

2022-11-24 17:07:11 - [TEST_STEP][PASSED] - logInfo($response): {"status":"Done","data":{"requestid1":"254210","requestid2":"254211"}}

2022-11-24 17:07:11 - [MESSAGE][INFO] - {"status":"Done","data":{"requestid1":"254210","requestid2":"254211"}}

2022-11-24 17:07:11 - [TEST_STEP][PASSED] - delay(5): Delayed 5 second(s)

2022-11-24 17:07:16 - [MESSAGE][PASSED] - Delayed 5 second(s)

2022-11-24 17:07:16 - [TEST_STEP][PASSED] - scoring = sendRequest(findTestObject("EngineScore", ["response_searchME_kons":response_searchME_kons, "response_searchME_spouse":response_searchME_spouse])): Send request successfully

2022-11-24 17:07:16 - [MESSAGE][INFO] - HAR: D:\DMS\Engine Scoring\Reports\20221124_165818\Exclude KKB - DS - Married\Scoring Married - KKB\20221124_165818\requests\main\153.har

2022-11-24 17:07:16 - [MESSAGE][PASSED] - Send request successfully

2022-11-24 17:07:16 - [TEST_STEP][PASSED] - verifyResponseStatusCode(scoring, 200): Verify response status code successfully

2022-11-24 17:07:16 - [MESSAGE][PASSED] - Verify response status code successfully

2022-11-24 17:07:16 - [TEST_STEP][PASSED] - response2 = scoring.getResponseText(): null

2022-11-24 17:07:16 - [TEST_STEP][PASSED] - markPassed("result service data ke : " + no): result service data ke : 176

2022-11-24 17:07:16 - [MESSAGE][PASSED] - result service data ke : 176

2022-11-24 17:07:16 - [TEST_STEP][PASSED] - logInfo($response2): {"result_konsumen":"Reject","result_pasangan":"Reject","Final_result":"Reject","errorMessage":"","status":"Done"}

2022-11-24 17:07:16 - [MESSAGE][INFO] - {"result_konsumen":"Reject","result_pasangan":"Reject","Final_result":"Reject","errorMessage":"","status":"Done"}

2022-11-24 17:07:16 - [TEST_STEP][PASSED] - verifyElementPropertyValue(scoring, "Final_result", final_result): Verify element property value successfully

2022-11-24 17:07:16 - [MESSAGE][PASSED] - Verify element property value successfully]]></system-out>
         <system-err><![CDATA[]]></system-err>
      </testcase>
      <testcase name="Test Cases/Engine_Scoring/Engine Scoring" time="6.96" classname="Test Cases/Engine_Scoring/Engine Scoring" status="PASSED">
         <system-out><![CDATA[2022-11-24 17:07:16 - [TEST_CASE][PASSED] - Test Cases/Engine_Scoring/Engine Scoring: Test Cases/Engine_Scoring/Engine Scoring

2022-11-24 17:07:17 - [TEST_STEP][PASSED] - markPassed("Variasi data ke : " + no): Variasi data ke : 177

2022-11-24 17:07:17 - [MESSAGE][PASSED] - Variasi data ke : 177

2022-11-24 17:07:17 - [TEST_STEP][PASSED] - req_data = sendRequest(findTestObject("Search_ME", ["MID":MID, "source":source, "ip":ip, "userid":userid, "branch":branch, "tipekons":tipekons, "marital":marital, "penjamin":penjamin, ... ])): Send request successfully

2022-11-24 17:07:18 - [MESSAGE][INFO] - HAR: D:\DMS\Engine Scoring\Reports\20221124_165818\Exclude KKB - DS - Married\Scoring Married - KKB\20221124_165818\requests\main\154.har

2022-11-24 17:07:18 - [MESSAGE][PASSED] - Send request successfully

2022-11-24 17:07:18 - [TEST_STEP][PASSED] - slurper = new groovy.json.JsonSlurper(): null

2022-11-24 17:07:18 - [TEST_STEP][PASSED] - result = slurper.parseText(req_data.getResponseBodyContent()): null

2022-11-24 17:07:18 - [TEST_STEP][PASSED] - reqid_kons = requestid1: null

2022-11-24 17:07:18 - [TEST_STEP][PASSED] - reqid_spouse = requestid2: null

2022-11-24 17:07:18 - [TEST_STEP][PASSED] - println("requestid kons : " + reqid_kons): null

2022-11-24 17:07:18 - [TEST_STEP][PASSED] - response_searchME_kons = reqid_kons: null

2022-11-24 17:07:18 - [TEST_STEP][PASSED] - response_searchME_spouse = reqid_spouse: null

2022-11-24 17:07:18 - [TEST_STEP][PASSED] - println("kons req id is :" + response_searchME_kons): null

2022-11-24 17:07:18 - [TEST_STEP][PASSED] - println("spouse req id is : " + response_searchME_spouse): null

2022-11-24 17:07:18 - [TEST_STEP][PASSED] - verifyResponseStatusCode(req_data, 200): Verify response status code successfully

2022-11-24 17:07:18 - [MESSAGE][PASSED] - Verify response status code successfully

2022-11-24 17:07:18 - [TEST_STEP][PASSED] - response = req_data.getResponseText(): null

2022-11-24 17:07:18 - [TEST_STEP][PASSED] - logInfo($response): {"status":"Done","data":{"requestid1":"254212","requestid2":"254213"}}

2022-11-24 17:07:18 - [MESSAGE][INFO] - {"status":"Done","data":{"requestid1":"254212","requestid2":"254213"}}

2022-11-24 17:07:18 - [TEST_STEP][PASSED] - delay(5): Delayed 5 second(s)

2022-11-24 17:07:23 - [MESSAGE][PASSED] - Delayed 5 second(s)

2022-11-24 17:07:23 - [TEST_STEP][PASSED] - scoring = sendRequest(findTestObject("EngineScore", ["response_searchME_kons":response_searchME_kons, "response_searchME_spouse":response_searchME_spouse])): Send request successfully

2022-11-24 17:07:23 - [MESSAGE][INFO] - HAR: D:\DMS\Engine Scoring\Reports\20221124_165818\Exclude KKB - DS - Married\Scoring Married - KKB\20221124_165818\requests\main\155.har

2022-11-24 17:07:23 - [MESSAGE][PASSED] - Send request successfully

2022-11-24 17:07:23 - [TEST_STEP][PASSED] - verifyResponseStatusCode(scoring, 200): Verify response status code successfully

2022-11-24 17:07:23 - [MESSAGE][PASSED] - Verify response status code successfully

2022-11-24 17:07:23 - [TEST_STEP][PASSED] - response2 = scoring.getResponseText(): null

2022-11-24 17:07:23 - [TEST_STEP][PASSED] - markPassed("result service data ke : " + no): result service data ke : 177

2022-11-24 17:07:23 - [MESSAGE][PASSED] - result service data ke : 177

2022-11-24 17:07:23 - [TEST_STEP][PASSED] - logInfo($response2): {"result_konsumen":"Reject","result_pasangan":"Reject","Final_result":"Reject","errorMessage":"","status":"Done"}

2022-11-24 17:07:23 - [MESSAGE][INFO] - {"result_konsumen":"Reject","result_pasangan":"Reject","Final_result":"Reject","errorMessage":"","status":"Done"}

2022-11-24 17:07:23 - [TEST_STEP][PASSED] - verifyElementPropertyValue(scoring, "Final_result", final_result): Verify element property value successfully

2022-11-24 17:07:23 - [MESSAGE][PASSED] - Verify element property value successfully]]></system-out>
         <system-err><![CDATA[]]></system-err>
      </testcase>
      <testcase name="Test Cases/Engine_Scoring/Engine Scoring" time="6.909" classname="Test Cases/Engine_Scoring/Engine Scoring" status="PASSED">
         <system-out><![CDATA[2022-11-24 17:07:23 - [TEST_CASE][PASSED] - Test Cases/Engine_Scoring/Engine Scoring: Test Cases/Engine_Scoring/Engine Scoring

2022-11-24 17:07:24 - [TEST_STEP][PASSED] - markPassed("Variasi data ke : " + no): Variasi data ke : 178

2022-11-24 17:07:24 - [MESSAGE][PASSED] - Variasi data ke : 178

2022-11-24 17:07:24 - [TEST_STEP][PASSED] - req_data = sendRequest(findTestObject("Search_ME", ["MID":MID, "source":source, "ip":ip, "userid":userid, "branch":branch, "tipekons":tipekons, "marital":marital, "penjamin":penjamin, ... ])): Send request successfully

2022-11-24 17:07:25 - [MESSAGE][INFO] - HAR: D:\DMS\Engine Scoring\Reports\20221124_165818\Exclude KKB - DS - Married\Scoring Married - KKB\20221124_165818\requests\main\156.har

2022-11-24 17:07:25 - [MESSAGE][PASSED] - Send request successfully

2022-11-24 17:07:25 - [TEST_STEP][PASSED] - slurper = new groovy.json.JsonSlurper(): null

2022-11-24 17:07:25 - [TEST_STEP][PASSED] - result = slurper.parseText(req_data.getResponseBodyContent()): null

2022-11-24 17:07:25 - [TEST_STEP][PASSED] - reqid_kons = requestid1: null

2022-11-24 17:07:25 - [TEST_STEP][PASSED] - reqid_spouse = requestid2: null

2022-11-24 17:07:25 - [TEST_STEP][PASSED] - println("requestid kons : " + reqid_kons): null

2022-11-24 17:07:25 - [TEST_STEP][PASSED] - response_searchME_kons = reqid_kons: null

2022-11-24 17:07:25 - [TEST_STEP][PASSED] - response_searchME_spouse = reqid_spouse: null

2022-11-24 17:07:25 - [TEST_STEP][PASSED] - println("kons req id is :" + response_searchME_kons): null

2022-11-24 17:07:25 - [TEST_STEP][PASSED] - println("spouse req id is : " + response_searchME_spouse): null

2022-11-24 17:07:25 - [TEST_STEP][PASSED] - verifyResponseStatusCode(req_data, 200): Verify response status code successfully

2022-11-24 17:07:25 - [MESSAGE][PASSED] - Verify response status code successfully

2022-11-24 17:07:25 - [TEST_STEP][PASSED] - response = req_data.getResponseText(): null

2022-11-24 17:07:25 - [TEST_STEP][PASSED] - logInfo($response): {"status":"Done","data":{"requestid1":"254214","requestid2":"254215"}}

2022-11-24 17:07:25 - [MESSAGE][INFO] - {"status":"Done","data":{"requestid1":"254214","requestid2":"254215"}}

2022-11-24 17:07:25 - [TEST_STEP][PASSED] - delay(5): Delayed 5 second(s)

2022-11-24 17:07:30 - [MESSAGE][PASSED] - Delayed 5 second(s)

2022-11-24 17:07:30 - [TEST_STEP][PASSED] - scoring = sendRequest(findTestObject("EngineScore", ["response_searchME_kons":response_searchME_kons, "response_searchME_spouse":response_searchME_spouse])): Send request successfully

2022-11-24 17:07:30 - [MESSAGE][INFO] - HAR: D:\DMS\Engine Scoring\Reports\20221124_165818\Exclude KKB - DS - Married\Scoring Married - KKB\20221124_165818\requests\main\157.har

2022-11-24 17:07:30 - [MESSAGE][PASSED] - Send request successfully

2022-11-24 17:07:30 - [TEST_STEP][PASSED] - verifyResponseStatusCode(scoring, 200): Verify response status code successfully

2022-11-24 17:07:30 - [MESSAGE][PASSED] - Verify response status code successfully

2022-11-24 17:07:30 - [TEST_STEP][PASSED] - response2 = scoring.getResponseText(): null

2022-11-24 17:07:30 - [TEST_STEP][PASSED] - markPassed("result service data ke : " + no): result service data ke : 178

2022-11-24 17:07:30 - [MESSAGE][PASSED] - result service data ke : 178

2022-11-24 17:07:30 - [TEST_STEP][PASSED] - logInfo($response2): {"result_konsumen":"Reject","result_pasangan":"Reject","Final_result":"Reject","errorMessage":"","status":"Done"}

2022-11-24 17:07:30 - [MESSAGE][INFO] - {"result_konsumen":"Reject","result_pasangan":"Reject","Final_result":"Reject","errorMessage":"","status":"Done"}

2022-11-24 17:07:30 - [TEST_STEP][PASSED] - verifyElementPropertyValue(scoring, "Final_result", final_result): Verify element property value successfully

2022-11-24 17:07:30 - [MESSAGE][PASSED] - Verify element property value successfully]]></system-out>
         <system-err><![CDATA[]]></system-err>
      </testcase>
      <testcase name="Test Cases/Engine_Scoring/Engine Scoring" time="7.362" classname="Test Cases/Engine_Scoring/Engine Scoring" status="PASSED">
         <system-out><![CDATA[2022-11-24 17:07:30 - [TEST_CASE][PASSED] - Test Cases/Engine_Scoring/Engine Scoring: Test Cases/Engine_Scoring/Engine Scoring

2022-11-24 17:07:31 - [TEST_STEP][PASSED] - markPassed("Variasi data ke : " + no): Variasi data ke : 179

2022-11-24 17:07:31 - [MESSAGE][PASSED] - Variasi data ke : 179

2022-11-24 17:07:31 - [TEST_STEP][PASSED] - req_data = sendRequest(findTestObject("Search_ME", ["MID":MID, "source":source, "ip":ip, "userid":userid, "branch":branch, "tipekons":tipekons, "marital":marital, "penjamin":penjamin, ... ])): Send request successfully

2022-11-24 17:07:32 - [MESSAGE][INFO] - HAR: D:\DMS\Engine Scoring\Reports\20221124_165818\Exclude KKB - DS - Married\Scoring Married - KKB\20221124_165818\requests\main\158.har

2022-11-24 17:07:32 - [MESSAGE][PASSED] - Send request successfully

2022-11-24 17:07:32 - [TEST_STEP][PASSED] - slurper = new groovy.json.JsonSlurper(): null

2022-11-24 17:07:32 - [TEST_STEP][PASSED] - result = slurper.parseText(req_data.getResponseBodyContent()): null

2022-11-24 17:07:32 - [TEST_STEP][PASSED] - reqid_kons = requestid1: null

2022-11-24 17:07:32 - [TEST_STEP][PASSED] - reqid_spouse = requestid2: null

2022-11-24 17:07:32 - [TEST_STEP][PASSED] - println("requestid kons : " + reqid_kons): null

2022-11-24 17:07:32 - [TEST_STEP][PASSED] - response_searchME_kons = reqid_kons: null

2022-11-24 17:07:32 - [TEST_STEP][PASSED] - response_searchME_spouse = reqid_spouse: null

2022-11-24 17:07:32 - [TEST_STEP][PASSED] - println("kons req id is :" + response_searchME_kons): null

2022-11-24 17:07:32 - [TEST_STEP][PASSED] - println("spouse req id is : " + response_searchME_spouse): null

2022-11-24 17:07:32 - [TEST_STEP][PASSED] - verifyResponseStatusCode(req_data, 200): Verify response status code successfully

2022-11-24 17:07:32 - [MESSAGE][PASSED] - Verify response status code successfully

2022-11-24 17:07:32 - [TEST_STEP][PASSED] - response = req_data.getResponseText(): null

2022-11-24 17:07:32 - [TEST_STEP][PASSED] - logInfo($response): {"status":"Done","data":{"requestid1":"254216","requestid2":"254217"}}

2022-11-24 17:07:32 - [MESSAGE][INFO] - {"status":"Done","data":{"requestid1":"254216","requestid2":"254217"}}

2022-11-24 17:07:32 - [TEST_STEP][PASSED] - delay(5): Delayed 5 second(s)

2022-11-24 17:07:37 - [MESSAGE][PASSED] - Delayed 5 second(s)

2022-11-24 17:07:37 - [TEST_STEP][PASSED] - scoring = sendRequest(findTestObject("EngineScore", ["response_searchME_kons":response_searchME_kons, "response_searchME_spouse":response_searchME_spouse])): Send request successfully

2022-11-24 17:07:37 - [MESSAGE][INFO] - HAR: D:\DMS\Engine Scoring\Reports\20221124_165818\Exclude KKB - DS - Married\Scoring Married - KKB\20221124_165818\requests\main\159.har

2022-11-24 17:07:37 - [MESSAGE][PASSED] - Send request successfully

2022-11-24 17:07:37 - [TEST_STEP][PASSED] - verifyResponseStatusCode(scoring, 200): Verify response status code successfully

2022-11-24 17:07:37 - [MESSAGE][PASSED] - Verify response status code successfully

2022-11-24 17:07:37 - [TEST_STEP][PASSED] - response2 = scoring.getResponseText(): null

2022-11-24 17:07:37 - [TEST_STEP][PASSED] - markPassed("result service data ke : " + no): result service data ke : 179

2022-11-24 17:07:37 - [MESSAGE][PASSED] - result service data ke : 179

2022-11-24 17:07:37 - [TEST_STEP][PASSED] - logInfo($response2): {"result_konsumen":"Reject","result_pasangan":"Reject","Final_result":"Reject","errorMessage":"","status":"Done"}

2022-11-24 17:07:37 - [MESSAGE][INFO] - {"result_konsumen":"Reject","result_pasangan":"Reject","Final_result":"Reject","errorMessage":"","status":"Done"}

2022-11-24 17:07:37 - [TEST_STEP][PASSED] - verifyElementPropertyValue(scoring, "Final_result", final_result): Verify element property value successfully

2022-11-24 17:07:37 - [MESSAGE][PASSED] - Verify element property value successfully]]></system-out>
         <system-err><![CDATA[]]></system-err>
      </testcase>
      <testcase name="Test Cases/Engine_Scoring/Engine Scoring" time="6.967" classname="Test Cases/Engine_Scoring/Engine Scoring" status="PASSED">
         <system-out><![CDATA[2022-11-24 17:07:37 - [TEST_CASE][PASSED] - Test Cases/Engine_Scoring/Engine Scoring: Test Cases/Engine_Scoring/Engine Scoring

2022-11-24 17:07:38 - [TEST_STEP][PASSED] - markPassed("Variasi data ke : " + no): Variasi data ke : 180

2022-11-24 17:07:38 - [MESSAGE][PASSED] - Variasi data ke : 180

2022-11-24 17:07:38 - [TEST_STEP][PASSED] - req_data = sendRequest(findTestObject("Search_ME", ["MID":MID, "source":source, "ip":ip, "userid":userid, "branch":branch, "tipekons":tipekons, "marital":marital, "penjamin":penjamin, ... ])): Send request successfully

2022-11-24 17:07:39 - [MESSAGE][INFO] - HAR: D:\DMS\Engine Scoring\Reports\20221124_165818\Exclude KKB - DS - Married\Scoring Married - KKB\20221124_165818\requests\main\160.har

2022-11-24 17:07:39 - [MESSAGE][PASSED] - Send request successfully

2022-11-24 17:07:39 - [TEST_STEP][PASSED] - slurper = new groovy.json.JsonSlurper(): null

2022-11-24 17:07:39 - [TEST_STEP][PASSED] - result = slurper.parseText(req_data.getResponseBodyContent()): null

2022-11-24 17:07:39 - [TEST_STEP][PASSED] - reqid_kons = requestid1: null

2022-11-24 17:07:39 - [TEST_STEP][PASSED] - reqid_spouse = requestid2: null

2022-11-24 17:07:39 - [TEST_STEP][PASSED] - println("requestid kons : " + reqid_kons): null

2022-11-24 17:07:39 - [TEST_STEP][PASSED] - response_searchME_kons = reqid_kons: null

2022-11-24 17:07:39 - [TEST_STEP][PASSED] - response_searchME_spouse = reqid_spouse: null

2022-11-24 17:07:39 - [TEST_STEP][PASSED] - println("kons req id is :" + response_searchME_kons): null

2022-11-24 17:07:39 - [TEST_STEP][PASSED] - println("spouse req id is : " + response_searchME_spouse): null

2022-11-24 17:07:39 - [TEST_STEP][PASSED] - verifyResponseStatusCode(req_data, 200): Verify response status code successfully

2022-11-24 17:07:39 - [MESSAGE][PASSED] - Verify response status code successfully

2022-11-24 17:07:39 - [TEST_STEP][PASSED] - response = req_data.getResponseText(): null

2022-11-24 17:07:39 - [TEST_STEP][PASSED] - logInfo($response): {"status":"Done","data":{"requestid1":"254218","requestid2":"254219"}}

2022-11-24 17:07:39 - [MESSAGE][INFO] - {"status":"Done","data":{"requestid1":"254218","requestid2":"254219"}}

2022-11-24 17:07:39 - [TEST_STEP][PASSED] - delay(5): Delayed 5 second(s)

2022-11-24 17:07:44 - [MESSAGE][PASSED] - Delayed 5 second(s)

2022-11-24 17:07:44 - [TEST_STEP][PASSED] - scoring = sendRequest(findTestObject("EngineScore", ["response_searchME_kons":response_searchME_kons, "response_searchME_spouse":response_searchME_spouse])): Send request successfully

2022-11-24 17:07:44 - [MESSAGE][INFO] - HAR: D:\DMS\Engine Scoring\Reports\20221124_165818\Exclude KKB - DS - Married\Scoring Married - KKB\20221124_165818\requests\main\161.har

2022-11-24 17:07:44 - [MESSAGE][PASSED] - Send request successfully

2022-11-24 17:07:44 - [TEST_STEP][PASSED] - verifyResponseStatusCode(scoring, 200): Verify response status code successfully

2022-11-24 17:07:44 - [MESSAGE][PASSED] - Verify response status code successfully

2022-11-24 17:07:44 - [TEST_STEP][PASSED] - response2 = scoring.getResponseText(): null

2022-11-24 17:07:44 - [TEST_STEP][PASSED] - markPassed("result service data ke : " + no): result service data ke : 180

2022-11-24 17:07:44 - [MESSAGE][PASSED] - result service data ke : 180

2022-11-24 17:07:44 - [TEST_STEP][PASSED] - logInfo($response2): {"result_konsumen":"Reject","result_pasangan":"Reject","Final_result":"Reject","errorMessage":"","status":"Done"}

2022-11-24 17:07:44 - [MESSAGE][INFO] - {"result_konsumen":"Reject","result_pasangan":"Reject","Final_result":"Reject","errorMessage":"","status":"Done"}

2022-11-24 17:07:44 - [TEST_STEP][PASSED] - verifyElementPropertyValue(scoring, "Final_result", final_result): Verify element property value successfully

2022-11-24 17:07:44 - [MESSAGE][PASSED] - Verify element property value successfully]]></system-out>
         <system-err><![CDATA[]]></system-err>
      </testcase>
      <testcase name="Test Cases/Engine_Scoring/Engine Scoring" time="6.791" classname="Test Cases/Engine_Scoring/Engine Scoring" status="PASSED">
         <system-out><![CDATA[2022-11-24 17:07:44 - [TEST_CASE][PASSED] - Test Cases/Engine_Scoring/Engine Scoring: Test Cases/Engine_Scoring/Engine Scoring

2022-11-24 17:07:45 - [TEST_STEP][PASSED] - markPassed("Variasi data ke : " + no): Variasi data ke : 181

2022-11-24 17:07:45 - [MESSAGE][PASSED] - Variasi data ke : 181

2022-11-24 17:07:45 - [TEST_STEP][PASSED] - req_data = sendRequest(findTestObject("Search_ME", ["MID":MID, "source":source, "ip":ip, "userid":userid, "branch":branch, "tipekons":tipekons, "marital":marital, "penjamin":penjamin, ... ])): Send request successfully

2022-11-24 17:07:46 - [MESSAGE][INFO] - HAR: D:\DMS\Engine Scoring\Reports\20221124_165818\Exclude KKB - DS - Married\Scoring Married - KKB\20221124_165818\requests\main\162.har

2022-11-24 17:07:46 - [MESSAGE][PASSED] - Send request successfully

2022-11-24 17:07:46 - [TEST_STEP][PASSED] - slurper = new groovy.json.JsonSlurper(): null

2022-11-24 17:07:46 - [TEST_STEP][PASSED] - result = slurper.parseText(req_data.getResponseBodyContent()): null

2022-11-24 17:07:46 - [TEST_STEP][PASSED] - reqid_kons = requestid1: null

2022-11-24 17:07:46 - [TEST_STEP][PASSED] - reqid_spouse = requestid2: null

2022-11-24 17:07:46 - [TEST_STEP][PASSED] - println("requestid kons : " + reqid_kons): null

2022-11-24 17:07:46 - [TEST_STEP][PASSED] - response_searchME_kons = reqid_kons: null

2022-11-24 17:07:46 - [TEST_STEP][PASSED] - response_searchME_spouse = reqid_spouse: null

2022-11-24 17:07:46 - [TEST_STEP][PASSED] - println("kons req id is :" + response_searchME_kons): null

2022-11-24 17:07:46 - [TEST_STEP][PASSED] - println("spouse req id is : " + response_searchME_spouse): null

2022-11-24 17:07:46 - [TEST_STEP][PASSED] - verifyResponseStatusCode(req_data, 200): Verify response status code successfully

2022-11-24 17:07:46 - [MESSAGE][PASSED] - Verify response status code successfully

2022-11-24 17:07:46 - [TEST_STEP][PASSED] - response = req_data.getResponseText(): null

2022-11-24 17:07:46 - [TEST_STEP][PASSED] - logInfo($response): {"status":"Done","data":{"requestid1":"254220","requestid2":"254221"}}

2022-11-24 17:07:46 - [MESSAGE][INFO] - {"status":"Done","data":{"requestid1":"254220","requestid2":"254221"}}

2022-11-24 17:07:46 - [TEST_STEP][PASSED] - delay(5): Delayed 5 second(s)

2022-11-24 17:07:51 - [MESSAGE][PASSED] - Delayed 5 second(s)

2022-11-24 17:07:51 - [TEST_STEP][PASSED] - scoring = sendRequest(findTestObject("EngineScore", ["response_searchME_kons":response_searchME_kons, "response_searchME_spouse":response_searchME_spouse])): Send request successfully

2022-11-24 17:07:51 - [MESSAGE][INFO] - HAR: D:\DMS\Engine Scoring\Reports\20221124_165818\Exclude KKB - DS - Married\Scoring Married - KKB\20221124_165818\requests\main\163.har

2022-11-24 17:07:51 - [MESSAGE][PASSED] - Send request successfully

2022-11-24 17:07:51 - [TEST_STEP][PASSED] - verifyResponseStatusCode(scoring, 200): Verify response status code successfully

2022-11-24 17:07:51 - [MESSAGE][PASSED] - Verify response status code successfully

2022-11-24 17:07:51 - [TEST_STEP][PASSED] - response2 = scoring.getResponseText(): null

2022-11-24 17:07:51 - [TEST_STEP][PASSED] - markPassed("result service data ke : " + no): result service data ke : 181

2022-11-24 17:07:51 - [MESSAGE][PASSED] - result service data ke : 181

2022-11-24 17:07:51 - [TEST_STEP][PASSED] - logInfo($response2): {"result_konsumen":"Reguler","result_pasangan":"Reguler","Final_result":"Reguler","errorMessage":"","status":"Done"}

2022-11-24 17:07:51 - [MESSAGE][INFO] - {"result_konsumen":"Reguler","result_pasangan":"Reguler","Final_result":"Reguler","errorMessage":"","status":"Done"}

2022-11-24 17:07:51 - [TEST_STEP][PASSED] - verifyElementPropertyValue(scoring, "Final_result", final_result): Verify element property value successfully

2022-11-24 17:07:51 - [MESSAGE][PASSED] - Verify element property value successfully]]></system-out>
         <system-err><![CDATA[]]></system-err>
      </testcase>
      <testcase name="Test Cases/Engine_Scoring/Engine Scoring" time="6.885" classname="Test Cases/Engine_Scoring/Engine Scoring" status="PASSED">
         <system-out><![CDATA[2022-11-24 17:07:51 - [TEST_CASE][PASSED] - Test Cases/Engine_Scoring/Engine Scoring: Test Cases/Engine_Scoring/Engine Scoring

2022-11-24 17:07:52 - [TEST_STEP][PASSED] - markPassed("Variasi data ke : " + no): Variasi data ke : 182

2022-11-24 17:07:52 - [MESSAGE][PASSED] - Variasi data ke : 182

2022-11-24 17:07:52 - [TEST_STEP][PASSED] - req_data = sendRequest(findTestObject("Search_ME", ["MID":MID, "source":source, "ip":ip, "userid":userid, "branch":branch, "tipekons":tipekons, "marital":marital, "penjamin":penjamin, ... ])): Send request successfully

2022-11-24 17:07:53 - [MESSAGE][INFO] - HAR: D:\DMS\Engine Scoring\Reports\20221124_165818\Exclude KKB - DS - Married\Scoring Married - KKB\20221124_165818\requests\main\164.har

2022-11-24 17:07:53 - [MESSAGE][PASSED] - Send request successfully

2022-11-24 17:07:53 - [TEST_STEP][PASSED] - slurper = new groovy.json.JsonSlurper(): null

2022-11-24 17:07:53 - [TEST_STEP][PASSED] - result = slurper.parseText(req_data.getResponseBodyContent()): null

2022-11-24 17:07:53 - [TEST_STEP][PASSED] - reqid_kons = requestid1: null

2022-11-24 17:07:53 - [TEST_STEP][PASSED] - reqid_spouse = requestid2: null

2022-11-24 17:07:53 - [TEST_STEP][PASSED] - println("requestid kons : " + reqid_kons): null

2022-11-24 17:07:53 - [TEST_STEP][PASSED] - response_searchME_kons = reqid_kons: null

2022-11-24 17:07:53 - [TEST_STEP][PASSED] - response_searchME_spouse = reqid_spouse: null

2022-11-24 17:07:53 - [TEST_STEP][PASSED] - println("kons req id is :" + response_searchME_kons): null

2022-11-24 17:07:53 - [TEST_STEP][PASSED] - println("spouse req id is : " + response_searchME_spouse): null

2022-11-24 17:07:53 - [TEST_STEP][PASSED] - verifyResponseStatusCode(req_data, 200): Verify response status code successfully

2022-11-24 17:07:53 - [MESSAGE][PASSED] - Verify response status code successfully

2022-11-24 17:07:53 - [TEST_STEP][PASSED] - response = req_data.getResponseText(): null

2022-11-24 17:07:53 - [TEST_STEP][PASSED] - logInfo($response): {"status":"Done","data":{"requestid1":"254222","requestid2":"254223"}}

2022-11-24 17:07:53 - [MESSAGE][INFO] - {"status":"Done","data":{"requestid1":"254222","requestid2":"254223"}}

2022-11-24 17:07:53 - [TEST_STEP][PASSED] - delay(5): Delayed 5 second(s)

2022-11-24 17:07:58 - [MESSAGE][PASSED] - Delayed 5 second(s)

2022-11-24 17:07:58 - [TEST_STEP][PASSED] - scoring = sendRequest(findTestObject("EngineScore", ["response_searchME_kons":response_searchME_kons, "response_searchME_spouse":response_searchME_spouse])): Send request successfully

2022-11-24 17:07:58 - [MESSAGE][INFO] - HAR: D:\DMS\Engine Scoring\Reports\20221124_165818\Exclude KKB - DS - Married\Scoring Married - KKB\20221124_165818\requests\main\165.har

2022-11-24 17:07:58 - [MESSAGE][PASSED] - Send request successfully

2022-11-24 17:07:58 - [TEST_STEP][PASSED] - verifyResponseStatusCode(scoring, 200): Verify response status code successfully

2022-11-24 17:07:58 - [MESSAGE][PASSED] - Verify response status code successfully

2022-11-24 17:07:58 - [TEST_STEP][PASSED] - response2 = scoring.getResponseText(): null

2022-11-24 17:07:58 - [TEST_STEP][PASSED] - markPassed("result service data ke : " + no): result service data ke : 182

2022-11-24 17:07:58 - [MESSAGE][PASSED] - result service data ke : 182

2022-11-24 17:07:58 - [TEST_STEP][PASSED] - logInfo($response2): {"result_konsumen":"Reguler","result_pasangan":"Reguler","Final_result":"Reguler","errorMessage":"","status":"Done"}

2022-11-24 17:07:58 - [MESSAGE][INFO] - {"result_konsumen":"Reguler","result_pasangan":"Reguler","Final_result":"Reguler","errorMessage":"","status":"Done"}

2022-11-24 17:07:58 - [TEST_STEP][PASSED] - verifyElementPropertyValue(scoring, "Final_result", final_result): Verify element property value successfully

2022-11-24 17:07:58 - [MESSAGE][PASSED] - Verify element property value successfully]]></system-out>
         <system-err><![CDATA[]]></system-err>
      </testcase>
      <testcase name="Test Cases/Engine_Scoring/Engine Scoring" time="6.929" classname="Test Cases/Engine_Scoring/Engine Scoring" status="PASSED">
         <system-out><![CDATA[2022-11-24 17:07:58 - [TEST_CASE][PASSED] - Test Cases/Engine_Scoring/Engine Scoring: Test Cases/Engine_Scoring/Engine Scoring

2022-11-24 17:07:59 - [TEST_STEP][PASSED] - markPassed("Variasi data ke : " + no): Variasi data ke : 183

2022-11-24 17:07:59 - [MESSAGE][PASSED] - Variasi data ke : 183

2022-11-24 17:07:59 - [TEST_STEP][PASSED] - req_data = sendRequest(findTestObject("Search_ME", ["MID":MID, "source":source, "ip":ip, "userid":userid, "branch":branch, "tipekons":tipekons, "marital":marital, "penjamin":penjamin, ... ])): Send request successfully

2022-11-24 17:08:00 - [MESSAGE][INFO] - HAR: D:\DMS\Engine Scoring\Reports\20221124_165818\Exclude KKB - DS - Married\Scoring Married - KKB\20221124_165818\requests\main\166.har

2022-11-24 17:08:00 - [MESSAGE][PASSED] - Send request successfully

2022-11-24 17:08:00 - [TEST_STEP][PASSED] - slurper = new groovy.json.JsonSlurper(): null

2022-11-24 17:08:00 - [TEST_STEP][PASSED] - result = slurper.parseText(req_data.getResponseBodyContent()): null

2022-11-24 17:08:00 - [TEST_STEP][PASSED] - reqid_kons = requestid1: null

2022-11-24 17:08:00 - [TEST_STEP][PASSED] - reqid_spouse = requestid2: null

2022-11-24 17:08:00 - [TEST_STEP][PASSED] - println("requestid kons : " + reqid_kons): null

2022-11-24 17:08:00 - [TEST_STEP][PASSED] - response_searchME_kons = reqid_kons: null

2022-11-24 17:08:00 - [TEST_STEP][PASSED] - response_searchME_spouse = reqid_spouse: null

2022-11-24 17:08:00 - [TEST_STEP][PASSED] - println("kons req id is :" + response_searchME_kons): null

2022-11-24 17:08:00 - [TEST_STEP][PASSED] - println("spouse req id is : " + response_searchME_spouse): null

2022-11-24 17:08:00 - [TEST_STEP][PASSED] - verifyResponseStatusCode(req_data, 200): Verify response status code successfully

2022-11-24 17:08:00 - [MESSAGE][PASSED] - Verify response status code successfully

2022-11-24 17:08:00 - [TEST_STEP][PASSED] - response = req_data.getResponseText(): null

2022-11-24 17:08:00 - [TEST_STEP][PASSED] - logInfo($response): {"status":"Done","data":{"requestid1":"254224","requestid2":"254225"}}

2022-11-24 17:08:00 - [MESSAGE][INFO] - {"status":"Done","data":{"requestid1":"254224","requestid2":"254225"}}

2022-11-24 17:08:00 - [TEST_STEP][PASSED] - delay(5): Delayed 5 second(s)

2022-11-24 17:08:05 - [MESSAGE][PASSED] - Delayed 5 second(s)

2022-11-24 17:08:05 - [TEST_STEP][PASSED] - scoring = sendRequest(findTestObject("EngineScore", ["response_searchME_kons":response_searchME_kons, "response_searchME_spouse":response_searchME_spouse])): Send request successfully

2022-11-24 17:08:05 - [MESSAGE][INFO] - HAR: D:\DMS\Engine Scoring\Reports\20221124_165818\Exclude KKB - DS - Married\Scoring Married - KKB\20221124_165818\requests\main\167.har

2022-11-24 17:08:05 - [MESSAGE][PASSED] - Send request successfully

2022-11-24 17:08:05 - [TEST_STEP][PASSED] - verifyResponseStatusCode(scoring, 200): Verify response status code successfully

2022-11-24 17:08:05 - [MESSAGE][PASSED] - Verify response status code successfully

2022-11-24 17:08:05 - [TEST_STEP][PASSED] - response2 = scoring.getResponseText(): null

2022-11-24 17:08:05 - [TEST_STEP][PASSED] - markPassed("result service data ke : " + no): result service data ke : 183

2022-11-24 17:08:05 - [MESSAGE][PASSED] - result service data ke : 183

2022-11-24 17:08:05 - [TEST_STEP][PASSED] - logInfo($response2): {"result_konsumen":"Reguler","result_pasangan":"Reguler","Final_result":"Reguler","errorMessage":"","status":"Done"}

2022-11-24 17:08:05 - [MESSAGE][INFO] - {"result_konsumen":"Reguler","result_pasangan":"Reguler","Final_result":"Reguler","errorMessage":"","status":"Done"}

2022-11-24 17:08:05 - [TEST_STEP][PASSED] - verifyElementPropertyValue(scoring, "Final_result", final_result): Verify element property value successfully

2022-11-24 17:08:05 - [MESSAGE][PASSED] - Verify element property value successfully]]></system-out>
         <system-err><![CDATA[]]></system-err>
      </testcase>
      <testcase name="Test Cases/Engine_Scoring/Engine Scoring" time="6.839" classname="Test Cases/Engine_Scoring/Engine Scoring" status="PASSED">
         <system-out><![CDATA[2022-11-24 17:08:05 - [TEST_CASE][PASSED] - Test Cases/Engine_Scoring/Engine Scoring: Test Cases/Engine_Scoring/Engine Scoring

2022-11-24 17:08:06 - [TEST_STEP][PASSED] - markPassed("Variasi data ke : " + no): Variasi data ke : 184

2022-11-24 17:08:06 - [MESSAGE][PASSED] - Variasi data ke : 184

2022-11-24 17:08:06 - [TEST_STEP][PASSED] - req_data = sendRequest(findTestObject("Search_ME", ["MID":MID, "source":source, "ip":ip, "userid":userid, "branch":branch, "tipekons":tipekons, "marital":marital, "penjamin":penjamin, ... ])): Send request successfully

2022-11-24 17:08:07 - [MESSAGE][INFO] - HAR: D:\DMS\Engine Scoring\Reports\20221124_165818\Exclude KKB - DS - Married\Scoring Married - KKB\20221124_165818\requests\main\168.har

2022-11-24 17:08:07 - [MESSAGE][PASSED] - Send request successfully

2022-11-24 17:08:07 - [TEST_STEP][PASSED] - slurper = new groovy.json.JsonSlurper(): null

2022-11-24 17:08:07 - [TEST_STEP][PASSED] - result = slurper.parseText(req_data.getResponseBodyContent()): null

2022-11-24 17:08:07 - [TEST_STEP][PASSED] - reqid_kons = requestid1: null

2022-11-24 17:08:07 - [TEST_STEP][PASSED] - reqid_spouse = requestid2: null

2022-11-24 17:08:07 - [TEST_STEP][PASSED] - println("requestid kons : " + reqid_kons): null

2022-11-24 17:08:07 - [TEST_STEP][PASSED] - response_searchME_kons = reqid_kons: null

2022-11-24 17:08:07 - [TEST_STEP][PASSED] - response_searchME_spouse = reqid_spouse: null

2022-11-24 17:08:07 - [TEST_STEP][PASSED] - println("kons req id is :" + response_searchME_kons): null

2022-11-24 17:08:07 - [TEST_STEP][PASSED] - println("spouse req id is : " + response_searchME_spouse): null

2022-11-24 17:08:07 - [TEST_STEP][PASSED] - verifyResponseStatusCode(req_data, 200): Verify response status code successfully

2022-11-24 17:08:07 - [MESSAGE][PASSED] - Verify response status code successfully

2022-11-24 17:08:07 - [TEST_STEP][PASSED] - response = req_data.getResponseText(): null

2022-11-24 17:08:07 - [TEST_STEP][PASSED] - logInfo($response): {"status":"Done","data":{"requestid1":"254226","requestid2":"254227"}}

2022-11-24 17:08:07 - [MESSAGE][INFO] - {"status":"Done","data":{"requestid1":"254226","requestid2":"254227"}}

2022-11-24 17:08:07 - [TEST_STEP][PASSED] - delay(5): Delayed 5 second(s)

2022-11-24 17:08:12 - [MESSAGE][PASSED] - Delayed 5 second(s)

2022-11-24 17:08:12 - [TEST_STEP][PASSED] - scoring = sendRequest(findTestObject("EngineScore", ["response_searchME_kons":response_searchME_kons, "response_searchME_spouse":response_searchME_spouse])): Send request successfully

2022-11-24 17:08:12 - [MESSAGE][INFO] - HAR: D:\DMS\Engine Scoring\Reports\20221124_165818\Exclude KKB - DS - Married\Scoring Married - KKB\20221124_165818\requests\main\169.har

2022-11-24 17:08:12 - [MESSAGE][PASSED] - Send request successfully

2022-11-24 17:08:12 - [TEST_STEP][PASSED] - verifyResponseStatusCode(scoring, 200): Verify response status code successfully

2022-11-24 17:08:12 - [MESSAGE][PASSED] - Verify response status code successfully

2022-11-24 17:08:12 - [TEST_STEP][PASSED] - response2 = scoring.getResponseText(): null

2022-11-24 17:08:12 - [TEST_STEP][PASSED] - markPassed("result service data ke : " + no): result service data ke : 184

2022-11-24 17:08:12 - [MESSAGE][PASSED] - result service data ke : 184

2022-11-24 17:08:12 - [TEST_STEP][PASSED] - logInfo($response2): {"result_konsumen":"Reguler","result_pasangan":"Reguler","Final_result":"Reguler","errorMessage":"","status":"Done"}

2022-11-24 17:08:12 - [MESSAGE][INFO] - {"result_konsumen":"Reguler","result_pasangan":"Reguler","Final_result":"Reguler","errorMessage":"","status":"Done"}

2022-11-24 17:08:12 - [TEST_STEP][PASSED] - verifyElementPropertyValue(scoring, "Final_result", final_result): Verify element property value successfully

2022-11-24 17:08:12 - [MESSAGE][PASSED] - Verify element property value successfully]]></system-out>
         <system-err><![CDATA[]]></system-err>
      </testcase>
      <testcase name="Test Cases/Engine_Scoring/Engine Scoring" time="6.841" classname="Test Cases/Engine_Scoring/Engine Scoring" status="PASSED">
         <system-out><![CDATA[2022-11-24 17:08:12 - [TEST_CASE][PASSED] - Test Cases/Engine_Scoring/Engine Scoring: Test Cases/Engine_Scoring/Engine Scoring

2022-11-24 17:08:13 - [TEST_STEP][PASSED] - markPassed("Variasi data ke : " + no): Variasi data ke : 185

2022-11-24 17:08:13 - [MESSAGE][PASSED] - Variasi data ke : 185

2022-11-24 17:08:13 - [TEST_STEP][PASSED] - req_data = sendRequest(findTestObject("Search_ME", ["MID":MID, "source":source, "ip":ip, "userid":userid, "branch":branch, "tipekons":tipekons, "marital":marital, "penjamin":penjamin, ... ])): Send request successfully

2022-11-24 17:08:14 - [MESSAGE][INFO] - HAR: D:\DMS\Engine Scoring\Reports\20221124_165818\Exclude KKB - DS - Married\Scoring Married - KKB\20221124_165818\requests\main\170.har

2022-11-24 17:08:14 - [MESSAGE][PASSED] - Send request successfully

2022-11-24 17:08:14 - [TEST_STEP][PASSED] - slurper = new groovy.json.JsonSlurper(): null

2022-11-24 17:08:14 - [TEST_STEP][PASSED] - result = slurper.parseText(req_data.getResponseBodyContent()): null

2022-11-24 17:08:14 - [TEST_STEP][PASSED] - reqid_kons = requestid1: null

2022-11-24 17:08:14 - [TEST_STEP][PASSED] - reqid_spouse = requestid2: null

2022-11-24 17:08:14 - [TEST_STEP][PASSED] - println("requestid kons : " + reqid_kons): null

2022-11-24 17:08:14 - [TEST_STEP][PASSED] - response_searchME_kons = reqid_kons: null

2022-11-24 17:08:14 - [TEST_STEP][PASSED] - response_searchME_spouse = reqid_spouse: null

2022-11-24 17:08:14 - [TEST_STEP][PASSED] - println("kons req id is :" + response_searchME_kons): null

2022-11-24 17:08:14 - [TEST_STEP][PASSED] - println("spouse req id is : " + response_searchME_spouse): null

2022-11-24 17:08:14 - [TEST_STEP][PASSED] - verifyResponseStatusCode(req_data, 200): Verify response status code successfully

2022-11-24 17:08:14 - [MESSAGE][PASSED] - Verify response status code successfully

2022-11-24 17:08:14 - [TEST_STEP][PASSED] - response = req_data.getResponseText(): null

2022-11-24 17:08:14 - [TEST_STEP][PASSED] - logInfo($response): {"status":"Done","data":{"requestid1":"254228","requestid2":"254229"}}

2022-11-24 17:08:14 - [MESSAGE][INFO] - {"status":"Done","data":{"requestid1":"254228","requestid2":"254229"}}

2022-11-24 17:08:14 - [TEST_STEP][PASSED] - delay(5): Delayed 5 second(s)

2022-11-24 17:08:19 - [MESSAGE][PASSED] - Delayed 5 second(s)

2022-11-24 17:08:19 - [TEST_STEP][PASSED] - scoring = sendRequest(findTestObject("EngineScore", ["response_searchME_kons":response_searchME_kons, "response_searchME_spouse":response_searchME_spouse])): Send request successfully

2022-11-24 17:08:19 - [MESSAGE][INFO] - HAR: D:\DMS\Engine Scoring\Reports\20221124_165818\Exclude KKB - DS - Married\Scoring Married - KKB\20221124_165818\requests\main\171.har

2022-11-24 17:08:19 - [MESSAGE][PASSED] - Send request successfully

2022-11-24 17:08:19 - [TEST_STEP][PASSED] - verifyResponseStatusCode(scoring, 200): Verify response status code successfully

2022-11-24 17:08:19 - [MESSAGE][PASSED] - Verify response status code successfully

2022-11-24 17:08:19 - [TEST_STEP][PASSED] - response2 = scoring.getResponseText(): null

2022-11-24 17:08:19 - [TEST_STEP][PASSED] - markPassed("result service data ke : " + no): result service data ke : 185

2022-11-24 17:08:19 - [MESSAGE][PASSED] - result service data ke : 185

2022-11-24 17:08:19 - [TEST_STEP][PASSED] - logInfo($response2): {"result_konsumen":"Reguler","result_pasangan":"Reguler","Final_result":"Reguler","errorMessage":"","status":"Done"}

2022-11-24 17:08:19 - [MESSAGE][INFO] - {"result_konsumen":"Reguler","result_pasangan":"Reguler","Final_result":"Reguler","errorMessage":"","status":"Done"}

2022-11-24 17:08:19 - [TEST_STEP][PASSED] - verifyElementPropertyValue(scoring, "Final_result", final_result): Verify element property value successfully

2022-11-24 17:08:19 - [MESSAGE][PASSED] - Verify element property value successfully]]></system-out>
         <system-err><![CDATA[]]></system-err>
      </testcase>
      <testcase name="Test Cases/Engine_Scoring/Engine Scoring" time="8.787" classname="Test Cases/Engine_Scoring/Engine Scoring" status="PASSED">
         <system-out><![CDATA[2022-11-24 17:08:19 - [TEST_CASE][PASSED] - Test Cases/Engine_Scoring/Engine Scoring: Test Cases/Engine_Scoring/Engine Scoring

2022-11-24 17:08:22 - [TEST_STEP][PASSED] - markPassed("Variasi data ke : " + no): Variasi data ke : 186

2022-11-24 17:08:22 - [MESSAGE][PASSED] - Variasi data ke : 186

2022-11-24 17:08:22 - [TEST_STEP][PASSED] - req_data = sendRequest(findTestObject("Search_ME", ["MID":MID, "source":source, "ip":ip, "userid":userid, "branch":branch, "tipekons":tipekons, "marital":marital, "penjamin":penjamin, ... ])): Send request successfully

2022-11-24 17:08:23 - [MESSAGE][INFO] - HAR: D:\DMS\Engine Scoring\Reports\20221124_165818\Exclude KKB - DS - Married\Scoring Married - KKB\20221124_165818\requests\main\172.har

2022-11-24 17:08:23 - [MESSAGE][PASSED] - Send request successfully

2022-11-24 17:08:23 - [TEST_STEP][PASSED] - slurper = new groovy.json.JsonSlurper(): null

2022-11-24 17:08:23 - [TEST_STEP][PASSED] - result = slurper.parseText(req_data.getResponseBodyContent()): null

2022-11-24 17:08:23 - [TEST_STEP][PASSED] - reqid_kons = requestid1: null

2022-11-24 17:08:23 - [TEST_STEP][PASSED] - reqid_spouse = requestid2: null

2022-11-24 17:08:23 - [TEST_STEP][PASSED] - println("requestid kons : " + reqid_kons): null

2022-11-24 17:08:23 - [TEST_STEP][PASSED] - response_searchME_kons = reqid_kons: null

2022-11-24 17:08:23 - [TEST_STEP][PASSED] - response_searchME_spouse = reqid_spouse: null

2022-11-24 17:08:23 - [TEST_STEP][PASSED] - println("kons req id is :" + response_searchME_kons): null

2022-11-24 17:08:23 - [TEST_STEP][PASSED] - println("spouse req id is : " + response_searchME_spouse): null

2022-11-24 17:08:23 - [TEST_STEP][PASSED] - verifyResponseStatusCode(req_data, 200): Verify response status code successfully

2022-11-24 17:08:23 - [MESSAGE][PASSED] - Verify response status code successfully

2022-11-24 17:08:23 - [TEST_STEP][PASSED] - response = req_data.getResponseText(): null

2022-11-24 17:08:23 - [TEST_STEP][PASSED] - logInfo($response): {"status":"Done","data":{"requestid1":"254230","requestid2":"254231"}}

2022-11-24 17:08:23 - [MESSAGE][INFO] - {"status":"Done","data":{"requestid1":"254230","requestid2":"254231"}}

2022-11-24 17:08:23 - [TEST_STEP][PASSED] - delay(5): Delayed 5 second(s)

2022-11-24 17:08:28 - [MESSAGE][PASSED] - Delayed 5 second(s)

2022-11-24 17:08:28 - [TEST_STEP][PASSED] - scoring = sendRequest(findTestObject("EngineScore", ["response_searchME_kons":response_searchME_kons, "response_searchME_spouse":response_searchME_spouse])): Send request successfully

2022-11-24 17:08:28 - [MESSAGE][INFO] - HAR: D:\DMS\Engine Scoring\Reports\20221124_165818\Exclude KKB - DS - Married\Scoring Married - KKB\20221124_165818\requests\main\173.har

2022-11-24 17:08:28 - [MESSAGE][PASSED] - Send request successfully

2022-11-24 17:08:28 - [TEST_STEP][PASSED] - verifyResponseStatusCode(scoring, 200): Verify response status code successfully

2022-11-24 17:08:28 - [MESSAGE][PASSED] - Verify response status code successfully

2022-11-24 17:08:28 - [TEST_STEP][PASSED] - response2 = scoring.getResponseText(): null

2022-11-24 17:08:28 - [TEST_STEP][PASSED] - markPassed("result service data ke : " + no): result service data ke : 186

2022-11-24 17:08:28 - [MESSAGE][PASSED] - result service data ke : 186

2022-11-24 17:08:28 - [TEST_STEP][PASSED] - logInfo($response2): {"result_konsumen":"Reguler","result_pasangan":"Reguler","Final_result":"Reguler","errorMessage":"","status":"Done"}

2022-11-24 17:08:28 - [MESSAGE][INFO] - {"result_konsumen":"Reguler","result_pasangan":"Reguler","Final_result":"Reguler","errorMessage":"","status":"Done"}

2022-11-24 17:08:28 - [TEST_STEP][PASSED] - verifyElementPropertyValue(scoring, "Final_result", final_result): Verify element property value successfully

2022-11-24 17:08:28 - [MESSAGE][PASSED] - Verify element property value successfully]]></system-out>
         <system-err><![CDATA[]]></system-err>
      </testcase>
      <testcase name="Test Cases/Engine_Scoring/Engine Scoring" time="6.98" classname="Test Cases/Engine_Scoring/Engine Scoring" status="PASSED">
         <system-out><![CDATA[2022-11-24 17:08:28 - [TEST_CASE][PASSED] - Test Cases/Engine_Scoring/Engine Scoring: Test Cases/Engine_Scoring/Engine Scoring

2022-11-24 17:08:29 - [TEST_STEP][PASSED] - markPassed("Variasi data ke : " + no): Variasi data ke : 187

2022-11-24 17:08:29 - [MESSAGE][PASSED] - Variasi data ke : 187

2022-11-24 17:08:29 - [TEST_STEP][PASSED] - req_data = sendRequest(findTestObject("Search_ME", ["MID":MID, "source":source, "ip":ip, "userid":userid, "branch":branch, "tipekons":tipekons, "marital":marital, "penjamin":penjamin, ... ])): Send request successfully

2022-11-24 17:08:30 - [MESSAGE][INFO] - HAR: D:\DMS\Engine Scoring\Reports\20221124_165818\Exclude KKB - DS - Married\Scoring Married - KKB\20221124_165818\requests\main\174.har

2022-11-24 17:08:30 - [MESSAGE][PASSED] - Send request successfully

2022-11-24 17:08:30 - [TEST_STEP][PASSED] - slurper = new groovy.json.JsonSlurper(): null

2022-11-24 17:08:30 - [TEST_STEP][PASSED] - result = slurper.parseText(req_data.getResponseBodyContent()): null

2022-11-24 17:08:30 - [TEST_STEP][PASSED] - reqid_kons = requestid1: null

2022-11-24 17:08:30 - [TEST_STEP][PASSED] - reqid_spouse = requestid2: null

2022-11-24 17:08:30 - [TEST_STEP][PASSED] - println("requestid kons : " + reqid_kons): null

2022-11-24 17:08:30 - [TEST_STEP][PASSED] - response_searchME_kons = reqid_kons: null

2022-11-24 17:08:30 - [TEST_STEP][PASSED] - response_searchME_spouse = reqid_spouse: null

2022-11-24 17:08:30 - [TEST_STEP][PASSED] - println("kons req id is :" + response_searchME_kons): null

2022-11-24 17:08:30 - [TEST_STEP][PASSED] - println("spouse req id is : " + response_searchME_spouse): null

2022-11-24 17:08:30 - [TEST_STEP][PASSED] - verifyResponseStatusCode(req_data, 200): Verify response status code successfully

2022-11-24 17:08:30 - [MESSAGE][PASSED] - Verify response status code successfully

2022-11-24 17:08:30 - [TEST_STEP][PASSED] - response = req_data.getResponseText(): null

2022-11-24 17:08:30 - [TEST_STEP][PASSED] - logInfo($response): {"status":"Done","data":{"requestid1":"254232","requestid2":"254233"}}

2022-11-24 17:08:30 - [MESSAGE][INFO] - {"status":"Done","data":{"requestid1":"254232","requestid2":"254233"}}

2022-11-24 17:08:30 - [TEST_STEP][PASSED] - delay(5): Delayed 5 second(s)

2022-11-24 17:08:35 - [MESSAGE][PASSED] - Delayed 5 second(s)

2022-11-24 17:08:35 - [TEST_STEP][PASSED] - scoring = sendRequest(findTestObject("EngineScore", ["response_searchME_kons":response_searchME_kons, "response_searchME_spouse":response_searchME_spouse])): Send request successfully

2022-11-24 17:08:35 - [MESSAGE][INFO] - HAR: D:\DMS\Engine Scoring\Reports\20221124_165818\Exclude KKB - DS - Married\Scoring Married - KKB\20221124_165818\requests\main\175.har

2022-11-24 17:08:35 - [MESSAGE][PASSED] - Send request successfully

2022-11-24 17:08:35 - [TEST_STEP][PASSED] - verifyResponseStatusCode(scoring, 200): Verify response status code successfully

2022-11-24 17:08:35 - [MESSAGE][PASSED] - Verify response status code successfully

2022-11-24 17:08:35 - [TEST_STEP][PASSED] - response2 = scoring.getResponseText(): null

2022-11-24 17:08:35 - [TEST_STEP][PASSED] - markPassed("result service data ke : " + no): result service data ke : 187

2022-11-24 17:08:35 - [MESSAGE][PASSED] - result service data ke : 187

2022-11-24 17:08:35 - [TEST_STEP][PASSED] - logInfo($response2): {"result_konsumen":"Reguler","result_pasangan":"Reguler","Final_result":"Reguler","errorMessage":"","status":"Done"}

2022-11-24 17:08:35 - [MESSAGE][INFO] - {"result_konsumen":"Reguler","result_pasangan":"Reguler","Final_result":"Reguler","errorMessage":"","status":"Done"}

2022-11-24 17:08:35 - [TEST_STEP][PASSED] - verifyElementPropertyValue(scoring, "Final_result", final_result): Verify element property value successfully

2022-11-24 17:08:35 - [MESSAGE][PASSED] - Verify element property value successfully]]></system-out>
         <system-err><![CDATA[]]></system-err>
      </testcase>
      <testcase name="Test Cases/Engine_Scoring/Engine Scoring" time="6.94" classname="Test Cases/Engine_Scoring/Engine Scoring" status="PASSED">
         <system-out><![CDATA[2022-11-24 17:08:35 - [TEST_CASE][PASSED] - Test Cases/Engine_Scoring/Engine Scoring: Test Cases/Engine_Scoring/Engine Scoring

2022-11-24 17:08:36 - [TEST_STEP][PASSED] - markPassed("Variasi data ke : " + no): Variasi data ke : 188

2022-11-24 17:08:36 - [MESSAGE][PASSED] - Variasi data ke : 188

2022-11-24 17:08:36 - [TEST_STEP][PASSED] - req_data = sendRequest(findTestObject("Search_ME", ["MID":MID, "source":source, "ip":ip, "userid":userid, "branch":branch, "tipekons":tipekons, "marital":marital, "penjamin":penjamin, ... ])): Send request successfully

2022-11-24 17:08:37 - [MESSAGE][INFO] - HAR: D:\DMS\Engine Scoring\Reports\20221124_165818\Exclude KKB - DS - Married\Scoring Married - KKB\20221124_165818\requests\main\176.har

2022-11-24 17:08:37 - [MESSAGE][PASSED] - Send request successfully

2022-11-24 17:08:37 - [TEST_STEP][PASSED] - slurper = new groovy.json.JsonSlurper(): null

2022-11-24 17:08:37 - [TEST_STEP][PASSED] - result = slurper.parseText(req_data.getResponseBodyContent()): null

2022-11-24 17:08:37 - [TEST_STEP][PASSED] - reqid_kons = requestid1: null

2022-11-24 17:08:37 - [TEST_STEP][PASSED] - reqid_spouse = requestid2: null

2022-11-24 17:08:37 - [TEST_STEP][PASSED] - println("requestid kons : " + reqid_kons): null

2022-11-24 17:08:37 - [TEST_STEP][PASSED] - response_searchME_kons = reqid_kons: null

2022-11-24 17:08:37 - [TEST_STEP][PASSED] - response_searchME_spouse = reqid_spouse: null

2022-11-24 17:08:37 - [TEST_STEP][PASSED] - println("kons req id is :" + response_searchME_kons): null

2022-11-24 17:08:37 - [TEST_STEP][PASSED] - println("spouse req id is : " + response_searchME_spouse): null

2022-11-24 17:08:37 - [TEST_STEP][PASSED] - verifyResponseStatusCode(req_data, 200): Verify response status code successfully

2022-11-24 17:08:37 - [MESSAGE][PASSED] - Verify response status code successfully

2022-11-24 17:08:37 - [TEST_STEP][PASSED] - response = req_data.getResponseText(): null

2022-11-24 17:08:37 - [TEST_STEP][PASSED] - logInfo($response): {"status":"Done","data":{"requestid1":"254234","requestid2":"254235"}}

2022-11-24 17:08:37 - [MESSAGE][INFO] - {"status":"Done","data":{"requestid1":"254234","requestid2":"254235"}}

2022-11-24 17:08:37 - [TEST_STEP][PASSED] - delay(5): Delayed 5 second(s)

2022-11-24 17:08:42 - [MESSAGE][PASSED] - Delayed 5 second(s)

2022-11-24 17:08:42 - [TEST_STEP][PASSED] - scoring = sendRequest(findTestObject("EngineScore", ["response_searchME_kons":response_searchME_kons, "response_searchME_spouse":response_searchME_spouse])): Send request successfully

2022-11-24 17:08:42 - [MESSAGE][INFO] - HAR: D:\DMS\Engine Scoring\Reports\20221124_165818\Exclude KKB - DS - Married\Scoring Married - KKB\20221124_165818\requests\main\177.har

2022-11-24 17:08:42 - [MESSAGE][PASSED] - Send request successfully

2022-11-24 17:08:42 - [TEST_STEP][PASSED] - verifyResponseStatusCode(scoring, 200): Verify response status code successfully

2022-11-24 17:08:42 - [MESSAGE][PASSED] - Verify response status code successfully

2022-11-24 17:08:42 - [TEST_STEP][PASSED] - response2 = scoring.getResponseText(): null

2022-11-24 17:08:42 - [TEST_STEP][PASSED] - markPassed("result service data ke : " + no): result service data ke : 188

2022-11-24 17:08:42 - [MESSAGE][PASSED] - result service data ke : 188

2022-11-24 17:08:42 - [TEST_STEP][PASSED] - logInfo($response2): {"result_konsumen":"Reguler","result_pasangan":"Reguler","Final_result":"Reguler","errorMessage":"","status":"Done"}

2022-11-24 17:08:42 - [MESSAGE][INFO] - {"result_konsumen":"Reguler","result_pasangan":"Reguler","Final_result":"Reguler","errorMessage":"","status":"Done"}

2022-11-24 17:08:42 - [TEST_STEP][PASSED] - verifyElementPropertyValue(scoring, "Final_result", final_result): Verify element property value successfully

2022-11-24 17:08:42 - [MESSAGE][PASSED] - Verify element property value successfully]]></system-out>
         <system-err><![CDATA[]]></system-err>
      </testcase>
      <testcase name="Test Cases/Engine_Scoring/Engine Scoring" time="6.939" classname="Test Cases/Engine_Scoring/Engine Scoring" status="PASSED">
         <system-out><![CDATA[2022-11-24 17:08:42 - [TEST_CASE][PASSED] - Test Cases/Engine_Scoring/Engine Scoring: Test Cases/Engine_Scoring/Engine Scoring

2022-11-24 17:08:43 - [TEST_STEP][PASSED] - markPassed("Variasi data ke : " + no): Variasi data ke : 189

2022-11-24 17:08:43 - [MESSAGE][PASSED] - Variasi data ke : 189

2022-11-24 17:08:43 - [TEST_STEP][PASSED] - req_data = sendRequest(findTestObject("Search_ME", ["MID":MID, "source":source, "ip":ip, "userid":userid, "branch":branch, "tipekons":tipekons, "marital":marital, "penjamin":penjamin, ... ])): Send request successfully

2022-11-24 17:08:44 - [MESSAGE][INFO] - HAR: D:\DMS\Engine Scoring\Reports\20221124_165818\Exclude KKB - DS - Married\Scoring Married - KKB\20221124_165818\requests\main\178.har

2022-11-24 17:08:44 - [MESSAGE][PASSED] - Send request successfully

2022-11-24 17:08:44 - [TEST_STEP][PASSED] - slurper = new groovy.json.JsonSlurper(): null

2022-11-24 17:08:44 - [TEST_STEP][PASSED] - result = slurper.parseText(req_data.getResponseBodyContent()): null

2022-11-24 17:08:44 - [TEST_STEP][PASSED] - reqid_kons = requestid1: null

2022-11-24 17:08:44 - [TEST_STEP][PASSED] - reqid_spouse = requestid2: null

2022-11-24 17:08:44 - [TEST_STEP][PASSED] - println("requestid kons : " + reqid_kons): null

2022-11-24 17:08:44 - [TEST_STEP][PASSED] - response_searchME_kons = reqid_kons: null

2022-11-24 17:08:44 - [TEST_STEP][PASSED] - response_searchME_spouse = reqid_spouse: null

2022-11-24 17:08:44 - [TEST_STEP][PASSED] - println("kons req id is :" + response_searchME_kons): null

2022-11-24 17:08:44 - [TEST_STEP][PASSED] - println("spouse req id is : " + response_searchME_spouse): null

2022-11-24 17:08:44 - [TEST_STEP][PASSED] - verifyResponseStatusCode(req_data, 200): Verify response status code successfully

2022-11-24 17:08:44 - [MESSAGE][PASSED] - Verify response status code successfully

2022-11-24 17:08:44 - [TEST_STEP][PASSED] - response = req_data.getResponseText(): null

2022-11-24 17:08:44 - [TEST_STEP][PASSED] - logInfo($response): {"status":"Done","data":{"requestid1":"254236","requestid2":"254237"}}

2022-11-24 17:08:44 - [MESSAGE][INFO] - {"status":"Done","data":{"requestid1":"254236","requestid2":"254237"}}

2022-11-24 17:08:44 - [TEST_STEP][PASSED] - delay(5): Delayed 5 second(s)

2022-11-24 17:08:49 - [MESSAGE][PASSED] - Delayed 5 second(s)

2022-11-24 17:08:49 - [TEST_STEP][PASSED] - scoring = sendRequest(findTestObject("EngineScore", ["response_searchME_kons":response_searchME_kons, "response_searchME_spouse":response_searchME_spouse])): Send request successfully

2022-11-24 17:08:49 - [MESSAGE][INFO] - HAR: D:\DMS\Engine Scoring\Reports\20221124_165818\Exclude KKB - DS - Married\Scoring Married - KKB\20221124_165818\requests\main\179.har

2022-11-24 17:08:49 - [MESSAGE][PASSED] - Send request successfully

2022-11-24 17:08:49 - [TEST_STEP][PASSED] - verifyResponseStatusCode(scoring, 200): Verify response status code successfully

2022-11-24 17:08:49 - [MESSAGE][PASSED] - Verify response status code successfully

2022-11-24 17:08:49 - [TEST_STEP][PASSED] - response2 = scoring.getResponseText(): null

2022-11-24 17:08:49 - [TEST_STEP][PASSED] - markPassed("result service data ke : " + no): result service data ke : 189

2022-11-24 17:08:49 - [MESSAGE][PASSED] - result service data ke : 189

2022-11-24 17:08:49 - [TEST_STEP][PASSED] - logInfo($response2): {"result_konsumen":"Reguler","result_pasangan":"Reguler","Final_result":"Reguler","errorMessage":"","status":"Done"}

2022-11-24 17:08:49 - [MESSAGE][INFO] - {"result_konsumen":"Reguler","result_pasangan":"Reguler","Final_result":"Reguler","errorMessage":"","status":"Done"}

2022-11-24 17:08:49 - [TEST_STEP][PASSED] - verifyElementPropertyValue(scoring, "Final_result", final_result): Verify element property value successfully

2022-11-24 17:08:49 - [MESSAGE][PASSED] - Verify element property value successfully]]></system-out>
         <system-err><![CDATA[]]></system-err>
      </testcase>
      <testcase name="Test Cases/Engine_Scoring/Engine Scoring" time="6.858" classname="Test Cases/Engine_Scoring/Engine Scoring" status="PASSED">
         <system-out><![CDATA[2022-11-24 17:08:49 - [TEST_CASE][PASSED] - Test Cases/Engine_Scoring/Engine Scoring: Test Cases/Engine_Scoring/Engine Scoring

2022-11-24 17:08:50 - [TEST_STEP][PASSED] - markPassed("Variasi data ke : " + no): Variasi data ke : 190

2022-11-24 17:08:50 - [MESSAGE][PASSED] - Variasi data ke : 190

2022-11-24 17:08:50 - [TEST_STEP][PASSED] - req_data = sendRequest(findTestObject("Search_ME", ["MID":MID, "source":source, "ip":ip, "userid":userid, "branch":branch, "tipekons":tipekons, "marital":marital, "penjamin":penjamin, ... ])): Send request successfully

2022-11-24 17:08:51 - [MESSAGE][INFO] - HAR: D:\DMS\Engine Scoring\Reports\20221124_165818\Exclude KKB - DS - Married\Scoring Married - KKB\20221124_165818\requests\main\180.har

2022-11-24 17:08:51 - [MESSAGE][PASSED] - Send request successfully

2022-11-24 17:08:51 - [TEST_STEP][PASSED] - slurper = new groovy.json.JsonSlurper(): null

2022-11-24 17:08:51 - [TEST_STEP][PASSED] - result = slurper.parseText(req_data.getResponseBodyContent()): null

2022-11-24 17:08:51 - [TEST_STEP][PASSED] - reqid_kons = requestid1: null

2022-11-24 17:08:51 - [TEST_STEP][PASSED] - reqid_spouse = requestid2: null

2022-11-24 17:08:51 - [TEST_STEP][PASSED] - println("requestid kons : " + reqid_kons): null

2022-11-24 17:08:51 - [TEST_STEP][PASSED] - response_searchME_kons = reqid_kons: null

2022-11-24 17:08:51 - [TEST_STEP][PASSED] - response_searchME_spouse = reqid_spouse: null

2022-11-24 17:08:51 - [TEST_STEP][PASSED] - println("kons req id is :" + response_searchME_kons): null

2022-11-24 17:08:51 - [TEST_STEP][PASSED] - println("spouse req id is : " + response_searchME_spouse): null

2022-11-24 17:08:51 - [TEST_STEP][PASSED] - verifyResponseStatusCode(req_data, 200): Verify response status code successfully

2022-11-24 17:08:51 - [MESSAGE][PASSED] - Verify response status code successfully

2022-11-24 17:08:51 - [TEST_STEP][PASSED] - response = req_data.getResponseText(): null

2022-11-24 17:08:51 - [TEST_STEP][PASSED] - logInfo($response): {"status":"Done","data":{"requestid1":"254238","requestid2":"254239"}}

2022-11-24 17:08:51 - [MESSAGE][INFO] - {"status":"Done","data":{"requestid1":"254238","requestid2":"254239"}}

2022-11-24 17:08:51 - [TEST_STEP][PASSED] - delay(5): Delayed 5 second(s)

2022-11-24 17:08:56 - [MESSAGE][PASSED] - Delayed 5 second(s)

2022-11-24 17:08:56 - [TEST_STEP][PASSED] - scoring = sendRequest(findTestObject("EngineScore", ["response_searchME_kons":response_searchME_kons, "response_searchME_spouse":response_searchME_spouse])): Send request successfully

2022-11-24 17:08:56 - [MESSAGE][INFO] - HAR: D:\DMS\Engine Scoring\Reports\20221124_165818\Exclude KKB - DS - Married\Scoring Married - KKB\20221124_165818\requests\main\181.har

2022-11-24 17:08:56 - [MESSAGE][PASSED] - Send request successfully

2022-11-24 17:08:56 - [TEST_STEP][PASSED] - verifyResponseStatusCode(scoring, 200): Verify response status code successfully

2022-11-24 17:08:56 - [MESSAGE][PASSED] - Verify response status code successfully

2022-11-24 17:08:56 - [TEST_STEP][PASSED] - response2 = scoring.getResponseText(): null

2022-11-24 17:08:56 - [TEST_STEP][PASSED] - markPassed("result service data ke : " + no): result service data ke : 190

2022-11-24 17:08:56 - [MESSAGE][PASSED] - result service data ke : 190

2022-11-24 17:08:56 - [TEST_STEP][PASSED] - logInfo($response2): {"result_konsumen":"Reguler","result_pasangan":"Approve","Final_result":"Reguler","errorMessage":"","status":"Done"}

2022-11-24 17:08:56 - [MESSAGE][INFO] - {"result_konsumen":"Reguler","result_pasangan":"Approve","Final_result":"Reguler","errorMessage":"","status":"Done"}

2022-11-24 17:08:56 - [TEST_STEP][PASSED] - verifyElementPropertyValue(scoring, "Final_result", final_result): Verify element property value successfully

2022-11-24 17:08:56 - [MESSAGE][PASSED] - Verify element property value successfully]]></system-out>
         <system-err><![CDATA[]]></system-err>
      </testcase>
      <testcase name="Test Cases/Engine_Scoring/Engine Scoring" time="7.005" classname="Test Cases/Engine_Scoring/Engine Scoring" status="PASSED">
         <system-out><![CDATA[2022-11-24 17:08:56 - [TEST_CASE][PASSED] - Test Cases/Engine_Scoring/Engine Scoring: Test Cases/Engine_Scoring/Engine Scoring

2022-11-24 17:08:57 - [TEST_STEP][PASSED] - markPassed("Variasi data ke : " + no): Variasi data ke : 191

2022-11-24 17:08:57 - [MESSAGE][PASSED] - Variasi data ke : 191

2022-11-24 17:08:57 - [TEST_STEP][PASSED] - req_data = sendRequest(findTestObject("Search_ME", ["MID":MID, "source":source, "ip":ip, "userid":userid, "branch":branch, "tipekons":tipekons, "marital":marital, "penjamin":penjamin, ... ])): Send request successfully

2022-11-24 17:08:58 - [MESSAGE][INFO] - HAR: D:\DMS\Engine Scoring\Reports\20221124_165818\Exclude KKB - DS - Married\Scoring Married - KKB\20221124_165818\requests\main\182.har

2022-11-24 17:08:58 - [MESSAGE][PASSED] - Send request successfully

2022-11-24 17:08:58 - [TEST_STEP][PASSED] - slurper = new groovy.json.JsonSlurper(): null

2022-11-24 17:08:58 - [TEST_STEP][PASSED] - result = slurper.parseText(req_data.getResponseBodyContent()): null

2022-11-24 17:08:58 - [TEST_STEP][PASSED] - reqid_kons = requestid1: null

2022-11-24 17:08:58 - [TEST_STEP][PASSED] - reqid_spouse = requestid2: null

2022-11-24 17:08:58 - [TEST_STEP][PASSED] - println("requestid kons : " + reqid_kons): null

2022-11-24 17:08:58 - [TEST_STEP][PASSED] - response_searchME_kons = reqid_kons: null

2022-11-24 17:08:58 - [TEST_STEP][PASSED] - response_searchME_spouse = reqid_spouse: null

2022-11-24 17:08:58 - [TEST_STEP][PASSED] - println("kons req id is :" + response_searchME_kons): null

2022-11-24 17:08:58 - [TEST_STEP][PASSED] - println("spouse req id is : " + response_searchME_spouse): null

2022-11-24 17:08:58 - [TEST_STEP][PASSED] - verifyResponseStatusCode(req_data, 200): Verify response status code successfully

2022-11-24 17:08:58 - [MESSAGE][PASSED] - Verify response status code successfully

2022-11-24 17:08:58 - [TEST_STEP][PASSED] - response = req_data.getResponseText(): null

2022-11-24 17:08:58 - [TEST_STEP][PASSED] - logInfo($response): {"status":"Done","data":{"requestid1":"254240","requestid2":"254241"}}

2022-11-24 17:08:58 - [MESSAGE][INFO] - {"status":"Done","data":{"requestid1":"254240","requestid2":"254241"}}

2022-11-24 17:08:58 - [TEST_STEP][PASSED] - delay(5): Delayed 5 second(s)

2022-11-24 17:09:03 - [MESSAGE][PASSED] - Delayed 5 second(s)

2022-11-24 17:09:03 - [TEST_STEP][PASSED] - scoring = sendRequest(findTestObject("EngineScore", ["response_searchME_kons":response_searchME_kons, "response_searchME_spouse":response_searchME_spouse])): Send request successfully

2022-11-24 17:09:03 - [MESSAGE][INFO] - HAR: D:\DMS\Engine Scoring\Reports\20221124_165818\Exclude KKB - DS - Married\Scoring Married - KKB\20221124_165818\requests\main\183.har

2022-11-24 17:09:03 - [MESSAGE][PASSED] - Send request successfully

2022-11-24 17:09:03 - [TEST_STEP][PASSED] - verifyResponseStatusCode(scoring, 200): Verify response status code successfully

2022-11-24 17:09:03 - [MESSAGE][PASSED] - Verify response status code successfully

2022-11-24 17:09:03 - [TEST_STEP][PASSED] - response2 = scoring.getResponseText(): null

2022-11-24 17:09:03 - [TEST_STEP][PASSED] - markPassed("result service data ke : " + no): result service data ke : 191

2022-11-24 17:09:03 - [MESSAGE][PASSED] - result service data ke : 191

2022-11-24 17:09:03 - [TEST_STEP][PASSED] - logInfo($response2): {"result_konsumen":"Reguler","result_pasangan":"Approve","Final_result":"Reguler","errorMessage":"","status":"Done"}

2022-11-24 17:09:03 - [MESSAGE][INFO] - {"result_konsumen":"Reguler","result_pasangan":"Approve","Final_result":"Reguler","errorMessage":"","status":"Done"}

2022-11-24 17:09:03 - [TEST_STEP][PASSED] - verifyElementPropertyValue(scoring, "Final_result", final_result): Verify element property value successfully

2022-11-24 17:09:03 - [MESSAGE][PASSED] - Verify element property value successfully]]></system-out>
         <system-err><![CDATA[]]></system-err>
      </testcase>
      <testcase name="Test Cases/Engine_Scoring/Engine Scoring" time="7.11" classname="Test Cases/Engine_Scoring/Engine Scoring" status="PASSED">
         <system-out><![CDATA[2022-11-24 17:09:03 - [TEST_CASE][PASSED] - Test Cases/Engine_Scoring/Engine Scoring: Test Cases/Engine_Scoring/Engine Scoring

2022-11-24 17:09:04 - [TEST_STEP][PASSED] - markPassed("Variasi data ke : " + no): Variasi data ke : 192

2022-11-24 17:09:04 - [MESSAGE][PASSED] - Variasi data ke : 192

2022-11-24 17:09:04 - [TEST_STEP][PASSED] - req_data = sendRequest(findTestObject("Search_ME", ["MID":MID, "source":source, "ip":ip, "userid":userid, "branch":branch, "tipekons":tipekons, "marital":marital, "penjamin":penjamin, ... ])): Send request successfully

2022-11-24 17:09:05 - [MESSAGE][INFO] - HAR: D:\DMS\Engine Scoring\Reports\20221124_165818\Exclude KKB - DS - Married\Scoring Married - KKB\20221124_165818\requests\main\184.har

2022-11-24 17:09:05 - [MESSAGE][PASSED] - Send request successfully

2022-11-24 17:09:05 - [TEST_STEP][PASSED] - slurper = new groovy.json.JsonSlurper(): null

2022-11-24 17:09:05 - [TEST_STEP][PASSED] - result = slurper.parseText(req_data.getResponseBodyContent()): null

2022-11-24 17:09:05 - [TEST_STEP][PASSED] - reqid_kons = requestid1: null

2022-11-24 17:09:05 - [TEST_STEP][PASSED] - reqid_spouse = requestid2: null

2022-11-24 17:09:05 - [TEST_STEP][PASSED] - println("requestid kons : " + reqid_kons): null

2022-11-24 17:09:05 - [TEST_STEP][PASSED] - response_searchME_kons = reqid_kons: null

2022-11-24 17:09:05 - [TEST_STEP][PASSED] - response_searchME_spouse = reqid_spouse: null

2022-11-24 17:09:05 - [TEST_STEP][PASSED] - println("kons req id is :" + response_searchME_kons): null

2022-11-24 17:09:05 - [TEST_STEP][PASSED] - println("spouse req id is : " + response_searchME_spouse): null

2022-11-24 17:09:05 - [TEST_STEP][PASSED] - verifyResponseStatusCode(req_data, 200): Verify response status code successfully

2022-11-24 17:09:05 - [MESSAGE][PASSED] - Verify response status code successfully

2022-11-24 17:09:05 - [TEST_STEP][PASSED] - response = req_data.getResponseText(): null

2022-11-24 17:09:05 - [TEST_STEP][PASSED] - logInfo($response): {"status":"Done","data":{"requestid1":"254242","requestid2":"254243"}}

2022-11-24 17:09:05 - [MESSAGE][INFO] - {"status":"Done","data":{"requestid1":"254242","requestid2":"254243"}}

2022-11-24 17:09:05 - [TEST_STEP][PASSED] - delay(5): Delayed 5 second(s)

2022-11-24 17:09:10 - [MESSAGE][PASSED] - Delayed 5 second(s)

2022-11-24 17:09:10 - [TEST_STEP][PASSED] - scoring = sendRequest(findTestObject("EngineScore", ["response_searchME_kons":response_searchME_kons, "response_searchME_spouse":response_searchME_spouse])): Send request successfully

2022-11-24 17:09:10 - [MESSAGE][INFO] - HAR: D:\DMS\Engine Scoring\Reports\20221124_165818\Exclude KKB - DS - Married\Scoring Married - KKB\20221124_165818\requests\main\185.har

2022-11-24 17:09:10 - [MESSAGE][PASSED] - Send request successfully

2022-11-24 17:09:10 - [TEST_STEP][PASSED] - verifyResponseStatusCode(scoring, 200): Verify response status code successfully

2022-11-24 17:09:10 - [MESSAGE][PASSED] - Verify response status code successfully

2022-11-24 17:09:10 - [TEST_STEP][PASSED] - response2 = scoring.getResponseText(): null

2022-11-24 17:09:10 - [TEST_STEP][PASSED] - markPassed("result service data ke : " + no): result service data ke : 192

2022-11-24 17:09:10 - [MESSAGE][PASSED] - result service data ke : 192

2022-11-24 17:09:10 - [TEST_STEP][PASSED] - logInfo($response2): {"result_konsumen":"Reguler","result_pasangan":"Approve","Final_result":"Reguler","errorMessage":"","status":"Done"}

2022-11-24 17:09:10 - [MESSAGE][INFO] - {"result_konsumen":"Reguler","result_pasangan":"Approve","Final_result":"Reguler","errorMessage":"","status":"Done"}

2022-11-24 17:09:10 - [TEST_STEP][PASSED] - verifyElementPropertyValue(scoring, "Final_result", final_result): Verify element property value successfully

2022-11-24 17:09:10 - [MESSAGE][PASSED] - Verify element property value successfully]]></system-out>
         <system-err><![CDATA[]]></system-err>
      </testcase>
      <testcase name="Test Cases/Engine_Scoring/Engine Scoring" time="6.99" classname="Test Cases/Engine_Scoring/Engine Scoring" status="PASSED">
         <system-out><![CDATA[2022-11-24 17:09:10 - [TEST_CASE][PASSED] - Test Cases/Engine_Scoring/Engine Scoring: Test Cases/Engine_Scoring/Engine Scoring

2022-11-24 17:09:11 - [TEST_STEP][PASSED] - markPassed("Variasi data ke : " + no): Variasi data ke : 193

2022-11-24 17:09:11 - [MESSAGE][PASSED] - Variasi data ke : 193

2022-11-24 17:09:11 - [TEST_STEP][PASSED] - req_data = sendRequest(findTestObject("Search_ME", ["MID":MID, "source":source, "ip":ip, "userid":userid, "branch":branch, "tipekons":tipekons, "marital":marital, "penjamin":penjamin, ... ])): Send request successfully

2022-11-24 17:09:12 - [MESSAGE][INFO] - HAR: D:\DMS\Engine Scoring\Reports\20221124_165818\Exclude KKB - DS - Married\Scoring Married - KKB\20221124_165818\requests\main\186.har

2022-11-24 17:09:12 - [MESSAGE][PASSED] - Send request successfully

2022-11-24 17:09:12 - [TEST_STEP][PASSED] - slurper = new groovy.json.JsonSlurper(): null

2022-11-24 17:09:12 - [TEST_STEP][PASSED] - result = slurper.parseText(req_data.getResponseBodyContent()): null

2022-11-24 17:09:12 - [TEST_STEP][PASSED] - reqid_kons = requestid1: null

2022-11-24 17:09:12 - [TEST_STEP][PASSED] - reqid_spouse = requestid2: null

2022-11-24 17:09:12 - [TEST_STEP][PASSED] - println("requestid kons : " + reqid_kons): null

2022-11-24 17:09:12 - [TEST_STEP][PASSED] - response_searchME_kons = reqid_kons: null

2022-11-24 17:09:12 - [TEST_STEP][PASSED] - response_searchME_spouse = reqid_spouse: null

2022-11-24 17:09:12 - [TEST_STEP][PASSED] - println("kons req id is :" + response_searchME_kons): null

2022-11-24 17:09:12 - [TEST_STEP][PASSED] - println("spouse req id is : " + response_searchME_spouse): null

2022-11-24 17:09:12 - [TEST_STEP][PASSED] - verifyResponseStatusCode(req_data, 200): Verify response status code successfully

2022-11-24 17:09:12 - [MESSAGE][PASSED] - Verify response status code successfully

2022-11-24 17:09:12 - [TEST_STEP][PASSED] - response = req_data.getResponseText(): null

2022-11-24 17:09:12 - [TEST_STEP][PASSED] - logInfo($response): {"status":"Done","data":{"requestid1":"254244","requestid2":"254245"}}

2022-11-24 17:09:12 - [MESSAGE][INFO] - {"status":"Done","data":{"requestid1":"254244","requestid2":"254245"}}

2022-11-24 17:09:12 - [TEST_STEP][PASSED] - delay(5): Delayed 5 second(s)

2022-11-24 17:09:17 - [MESSAGE][PASSED] - Delayed 5 second(s)

2022-11-24 17:09:17 - [TEST_STEP][PASSED] - scoring = sendRequest(findTestObject("EngineScore", ["response_searchME_kons":response_searchME_kons, "response_searchME_spouse":response_searchME_spouse])): Send request successfully

2022-11-24 17:09:17 - [MESSAGE][INFO] - HAR: D:\DMS\Engine Scoring\Reports\20221124_165818\Exclude KKB - DS - Married\Scoring Married - KKB\20221124_165818\requests\main\187.har

2022-11-24 17:09:17 - [MESSAGE][PASSED] - Send request successfully

2022-11-24 17:09:17 - [TEST_STEP][PASSED] - verifyResponseStatusCode(scoring, 200): Verify response status code successfully

2022-11-24 17:09:17 - [MESSAGE][PASSED] - Verify response status code successfully

2022-11-24 17:09:17 - [TEST_STEP][PASSED] - response2 = scoring.getResponseText(): null

2022-11-24 17:09:17 - [TEST_STEP][PASSED] - markPassed("result service data ke : " + no): result service data ke : 193

2022-11-24 17:09:17 - [MESSAGE][PASSED] - result service data ke : 193

2022-11-24 17:09:17 - [TEST_STEP][PASSED] - logInfo($response2): {"result_konsumen":"Reguler","result_pasangan":"Approve","Final_result":"Reguler","errorMessage":"","status":"Done"}

2022-11-24 17:09:17 - [MESSAGE][INFO] - {"result_konsumen":"Reguler","result_pasangan":"Approve","Final_result":"Reguler","errorMessage":"","status":"Done"}

2022-11-24 17:09:17 - [TEST_STEP][PASSED] - verifyElementPropertyValue(scoring, "Final_result", final_result): Verify element property value successfully

2022-11-24 17:09:17 - [MESSAGE][PASSED] - Verify element property value successfully]]></system-out>
         <system-err><![CDATA[]]></system-err>
      </testcase>
      <testcase name="Test Cases/Engine_Scoring/Engine Scoring" time="6.955" classname="Test Cases/Engine_Scoring/Engine Scoring" status="PASSED">
         <system-out><![CDATA[2022-11-24 17:09:17 - [TEST_CASE][PASSED] - Test Cases/Engine_Scoring/Engine Scoring: Test Cases/Engine_Scoring/Engine Scoring

2022-11-24 17:09:18 - [TEST_STEP][PASSED] - markPassed("Variasi data ke : " + no): Variasi data ke : 194

2022-11-24 17:09:18 - [MESSAGE][PASSED] - Variasi data ke : 194

2022-11-24 17:09:18 - [TEST_STEP][PASSED] - req_data = sendRequest(findTestObject("Search_ME", ["MID":MID, "source":source, "ip":ip, "userid":userid, "branch":branch, "tipekons":tipekons, "marital":marital, "penjamin":penjamin, ... ])): Send request successfully

2022-11-24 17:09:19 - [MESSAGE][INFO] - HAR: D:\DMS\Engine Scoring\Reports\20221124_165818\Exclude KKB - DS - Married\Scoring Married - KKB\20221124_165818\requests\main\188.har

2022-11-24 17:09:19 - [MESSAGE][PASSED] - Send request successfully

2022-11-24 17:09:19 - [TEST_STEP][PASSED] - slurper = new groovy.json.JsonSlurper(): null

2022-11-24 17:09:19 - [TEST_STEP][PASSED] - result = slurper.parseText(req_data.getResponseBodyContent()): null

2022-11-24 17:09:19 - [TEST_STEP][PASSED] - reqid_kons = requestid1: null

2022-11-24 17:09:19 - [TEST_STEP][PASSED] - reqid_spouse = requestid2: null

2022-11-24 17:09:19 - [TEST_STEP][PASSED] - println("requestid kons : " + reqid_kons): null

2022-11-24 17:09:19 - [TEST_STEP][PASSED] - response_searchME_kons = reqid_kons: null

2022-11-24 17:09:19 - [TEST_STEP][PASSED] - response_searchME_spouse = reqid_spouse: null

2022-11-24 17:09:19 - [TEST_STEP][PASSED] - println("kons req id is :" + response_searchME_kons): null

2022-11-24 17:09:19 - [TEST_STEP][PASSED] - println("spouse req id is : " + response_searchME_spouse): null

2022-11-24 17:09:19 - [TEST_STEP][PASSED] - verifyResponseStatusCode(req_data, 200): Verify response status code successfully

2022-11-24 17:09:19 - [MESSAGE][PASSED] - Verify response status code successfully

2022-11-24 17:09:19 - [TEST_STEP][PASSED] - response = req_data.getResponseText(): null

2022-11-24 17:09:19 - [TEST_STEP][PASSED] - logInfo($response): {"status":"Done","data":{"requestid1":"254246","requestid2":"254247"}}

2022-11-24 17:09:19 - [MESSAGE][INFO] - {"status":"Done","data":{"requestid1":"254246","requestid2":"254247"}}

2022-11-24 17:09:19 - [TEST_STEP][PASSED] - delay(5): Delayed 5 second(s)

2022-11-24 17:09:24 - [MESSAGE][PASSED] - Delayed 5 second(s)

2022-11-24 17:09:24 - [TEST_STEP][PASSED] - scoring = sendRequest(findTestObject("EngineScore", ["response_searchME_kons":response_searchME_kons, "response_searchME_spouse":response_searchME_spouse])): Send request successfully

2022-11-24 17:09:24 - [MESSAGE][INFO] - HAR: D:\DMS\Engine Scoring\Reports\20221124_165818\Exclude KKB - DS - Married\Scoring Married - KKB\20221124_165818\requests\main\189.har

2022-11-24 17:09:24 - [MESSAGE][PASSED] - Send request successfully

2022-11-24 17:09:24 - [TEST_STEP][PASSED] - verifyResponseStatusCode(scoring, 200): Verify response status code successfully

2022-11-24 17:09:24 - [MESSAGE][PASSED] - Verify response status code successfully

2022-11-24 17:09:24 - [TEST_STEP][PASSED] - response2 = scoring.getResponseText(): null

2022-11-24 17:09:24 - [TEST_STEP][PASSED] - markPassed("result service data ke : " + no): result service data ke : 194

2022-11-24 17:09:24 - [MESSAGE][PASSED] - result service data ke : 194

2022-11-24 17:09:24 - [TEST_STEP][PASSED] - logInfo($response2): {"result_konsumen":"Reguler","result_pasangan":"Reject","Final_result":"Reject","errorMessage":"","status":"Done"}

2022-11-24 17:09:24 - [MESSAGE][INFO] - {"result_konsumen":"Reguler","result_pasangan":"Reject","Final_result":"Reject","errorMessage":"","status":"Done"}

2022-11-24 17:09:24 - [TEST_STEP][PASSED] - verifyElementPropertyValue(scoring, "Final_result", final_result): Verify element property value successfully

2022-11-24 17:09:24 - [MESSAGE][PASSED] - Verify element property value successfully]]></system-out>
         <system-err><![CDATA[]]></system-err>
      </testcase>
      <testcase name="Test Cases/Engine_Scoring/Engine Scoring" time="7.095" classname="Test Cases/Engine_Scoring/Engine Scoring" status="PASSED">
         <system-out><![CDATA[2022-11-24 17:09:24 - [TEST_CASE][PASSED] - Test Cases/Engine_Scoring/Engine Scoring: Test Cases/Engine_Scoring/Engine Scoring

2022-11-24 17:09:25 - [TEST_STEP][PASSED] - markPassed("Variasi data ke : " + no): Variasi data ke : 195

2022-11-24 17:09:25 - [MESSAGE][PASSED] - Variasi data ke : 195

2022-11-24 17:09:25 - [TEST_STEP][PASSED] - req_data = sendRequest(findTestObject("Search_ME", ["MID":MID, "source":source, "ip":ip, "userid":userid, "branch":branch, "tipekons":tipekons, "marital":marital, "penjamin":penjamin, ... ])): Send request successfully

2022-11-24 17:09:26 - [MESSAGE][INFO] - HAR: D:\DMS\Engine Scoring\Reports\20221124_165818\Exclude KKB - DS - Married\Scoring Married - KKB\20221124_165818\requests\main\190.har

2022-11-24 17:09:26 - [MESSAGE][PASSED] - Send request successfully

2022-11-24 17:09:26 - [TEST_STEP][PASSED] - slurper = new groovy.json.JsonSlurper(): null

2022-11-24 17:09:26 - [TEST_STEP][PASSED] - result = slurper.parseText(req_data.getResponseBodyContent()): null

2022-11-24 17:09:26 - [TEST_STEP][PASSED] - reqid_kons = requestid1: null

2022-11-24 17:09:26 - [TEST_STEP][PASSED] - reqid_spouse = requestid2: null

2022-11-24 17:09:26 - [TEST_STEP][PASSED] - println("requestid kons : " + reqid_kons): null

2022-11-24 17:09:26 - [TEST_STEP][PASSED] - response_searchME_kons = reqid_kons: null

2022-11-24 17:09:26 - [TEST_STEP][PASSED] - response_searchME_spouse = reqid_spouse: null

2022-11-24 17:09:26 - [TEST_STEP][PASSED] - println("kons req id is :" + response_searchME_kons): null

2022-11-24 17:09:26 - [TEST_STEP][PASSED] - println("spouse req id is : " + response_searchME_spouse): null

2022-11-24 17:09:26 - [TEST_STEP][PASSED] - verifyResponseStatusCode(req_data, 200): Verify response status code successfully

2022-11-24 17:09:26 - [MESSAGE][PASSED] - Verify response status code successfully

2022-11-24 17:09:26 - [TEST_STEP][PASSED] - response = req_data.getResponseText(): null

2022-11-24 17:09:26 - [TEST_STEP][PASSED] - logInfo($response): {"status":"Done","data":{"requestid1":"254248","requestid2":"254249"}}

2022-11-24 17:09:26 - [MESSAGE][INFO] - {"status":"Done","data":{"requestid1":"254248","requestid2":"254249"}}

2022-11-24 17:09:26 - [TEST_STEP][PASSED] - delay(5): Delayed 5 second(s)

2022-11-24 17:09:31 - [MESSAGE][PASSED] - Delayed 5 second(s)

2022-11-24 17:09:31 - [TEST_STEP][PASSED] - scoring = sendRequest(findTestObject("EngineScore", ["response_searchME_kons":response_searchME_kons, "response_searchME_spouse":response_searchME_spouse])): Send request successfully

2022-11-24 17:09:31 - [MESSAGE][INFO] - HAR: D:\DMS\Engine Scoring\Reports\20221124_165818\Exclude KKB - DS - Married\Scoring Married - KKB\20221124_165818\requests\main\191.har

2022-11-24 17:09:31 - [MESSAGE][PASSED] - Send request successfully

2022-11-24 17:09:31 - [TEST_STEP][PASSED] - verifyResponseStatusCode(scoring, 200): Verify response status code successfully

2022-11-24 17:09:31 - [MESSAGE][PASSED] - Verify response status code successfully

2022-11-24 17:09:31 - [TEST_STEP][PASSED] - response2 = scoring.getResponseText(): null

2022-11-24 17:09:31 - [TEST_STEP][PASSED] - markPassed("result service data ke : " + no): result service data ke : 195

2022-11-24 17:09:31 - [MESSAGE][PASSED] - result service data ke : 195

2022-11-24 17:09:31 - [TEST_STEP][PASSED] - logInfo($response2): {"result_konsumen":"Reguler","result_pasangan":"Reject","Final_result":"Reject","errorMessage":"","status":"Done"}

2022-11-24 17:09:31 - [MESSAGE][INFO] - {"result_konsumen":"Reguler","result_pasangan":"Reject","Final_result":"Reject","errorMessage":"","status":"Done"}

2022-11-24 17:09:31 - [TEST_STEP][PASSED] - verifyElementPropertyValue(scoring, "Final_result", final_result): Verify element property value successfully

2022-11-24 17:09:31 - [MESSAGE][PASSED] - Verify element property value successfully]]></system-out>
         <system-err><![CDATA[]]></system-err>
      </testcase>
      <testcase name="Test Cases/Engine_Scoring/Engine Scoring" time="7.088" classname="Test Cases/Engine_Scoring/Engine Scoring" status="PASSED">
         <system-out><![CDATA[2022-11-24 17:09:31 - [TEST_CASE][PASSED] - Test Cases/Engine_Scoring/Engine Scoring: Test Cases/Engine_Scoring/Engine Scoring

2022-11-24 17:09:32 - [TEST_STEP][PASSED] - markPassed("Variasi data ke : " + no): Variasi data ke : 196

2022-11-24 17:09:32 - [MESSAGE][PASSED] - Variasi data ke : 196

2022-11-24 17:09:32 - [TEST_STEP][PASSED] - req_data = sendRequest(findTestObject("Search_ME", ["MID":MID, "source":source, "ip":ip, "userid":userid, "branch":branch, "tipekons":tipekons, "marital":marital, "penjamin":penjamin, ... ])): Send request successfully

2022-11-24 17:09:33 - [MESSAGE][INFO] - HAR: D:\DMS\Engine Scoring\Reports\20221124_165818\Exclude KKB - DS - Married\Scoring Married - KKB\20221124_165818\requests\main\192.har

2022-11-24 17:09:33 - [MESSAGE][PASSED] - Send request successfully

2022-11-24 17:09:33 - [TEST_STEP][PASSED] - slurper = new groovy.json.JsonSlurper(): null

2022-11-24 17:09:33 - [TEST_STEP][PASSED] - result = slurper.parseText(req_data.getResponseBodyContent()): null

2022-11-24 17:09:33 - [TEST_STEP][PASSED] - reqid_kons = requestid1: null

2022-11-24 17:09:33 - [TEST_STEP][PASSED] - reqid_spouse = requestid2: null

2022-11-24 17:09:33 - [TEST_STEP][PASSED] - println("requestid kons : " + reqid_kons): null

2022-11-24 17:09:33 - [TEST_STEP][PASSED] - response_searchME_kons = reqid_kons: null

2022-11-24 17:09:33 - [TEST_STEP][PASSED] - response_searchME_spouse = reqid_spouse: null

2022-11-24 17:09:33 - [TEST_STEP][PASSED] - println("kons req id is :" + response_searchME_kons): null

2022-11-24 17:09:33 - [TEST_STEP][PASSED] - println("spouse req id is : " + response_searchME_spouse): null

2022-11-24 17:09:33 - [TEST_STEP][PASSED] - verifyResponseStatusCode(req_data, 200): Verify response status code successfully

2022-11-24 17:09:33 - [MESSAGE][PASSED] - Verify response status code successfully

2022-11-24 17:09:33 - [TEST_STEP][PASSED] - response = req_data.getResponseText(): null

2022-11-24 17:09:33 - [TEST_STEP][PASSED] - logInfo($response): {"status":"Done","data":{"requestid1":"254250","requestid2":"254251"}}

2022-11-24 17:09:33 - [MESSAGE][INFO] - {"status":"Done","data":{"requestid1":"254250","requestid2":"254251"}}

2022-11-24 17:09:33 - [TEST_STEP][PASSED] - delay(5): Delayed 5 second(s)

2022-11-24 17:09:38 - [MESSAGE][PASSED] - Delayed 5 second(s)

2022-11-24 17:09:38 - [TEST_STEP][PASSED] - scoring = sendRequest(findTestObject("EngineScore", ["response_searchME_kons":response_searchME_kons, "response_searchME_spouse":response_searchME_spouse])): Send request successfully

2022-11-24 17:09:38 - [MESSAGE][INFO] - HAR: D:\DMS\Engine Scoring\Reports\20221124_165818\Exclude KKB - DS - Married\Scoring Married - KKB\20221124_165818\requests\main\193.har

2022-11-24 17:09:38 - [MESSAGE][PASSED] - Send request successfully

2022-11-24 17:09:38 - [TEST_STEP][PASSED] - verifyResponseStatusCode(scoring, 200): Verify response status code successfully

2022-11-24 17:09:38 - [MESSAGE][PASSED] - Verify response status code successfully

2022-11-24 17:09:38 - [TEST_STEP][PASSED] - response2 = scoring.getResponseText(): null

2022-11-24 17:09:38 - [TEST_STEP][PASSED] - markPassed("result service data ke : " + no): result service data ke : 196

2022-11-24 17:09:38 - [MESSAGE][PASSED] - result service data ke : 196

2022-11-24 17:09:38 - [TEST_STEP][PASSED] - logInfo($response2): {"result_konsumen":"Reguler","result_pasangan":"Reguler","Final_result":"Reguler","errorMessage":"","status":"Done"}

2022-11-24 17:09:38 - [MESSAGE][INFO] - {"result_konsumen":"Reguler","result_pasangan":"Reguler","Final_result":"Reguler","errorMessage":"","status":"Done"}

2022-11-24 17:09:38 - [TEST_STEP][PASSED] - verifyElementPropertyValue(scoring, "Final_result", final_result): Verify element property value successfully

2022-11-24 17:09:38 - [MESSAGE][PASSED] - Verify element property value successfully]]></system-out>
         <system-err><![CDATA[]]></system-err>
      </testcase>
      <testcase name="Test Cases/Engine_Scoring/Engine Scoring" time="7.195" classname="Test Cases/Engine_Scoring/Engine Scoring" status="PASSED">
         <system-out><![CDATA[2022-11-24 17:09:39 - [TEST_CASE][PASSED] - Test Cases/Engine_Scoring/Engine Scoring: Test Cases/Engine_Scoring/Engine Scoring

2022-11-24 17:09:40 - [TEST_STEP][PASSED] - markPassed("Variasi data ke : " + no): Variasi data ke : 197

2022-11-24 17:09:40 - [MESSAGE][PASSED] - Variasi data ke : 197

2022-11-24 17:09:40 - [TEST_STEP][PASSED] - req_data = sendRequest(findTestObject("Search_ME", ["MID":MID, "source":source, "ip":ip, "userid":userid, "branch":branch, "tipekons":tipekons, "marital":marital, "penjamin":penjamin, ... ])): Send request successfully

2022-11-24 17:09:41 - [MESSAGE][INFO] - HAR: D:\DMS\Engine Scoring\Reports\20221124_165818\Exclude KKB - DS - Married\Scoring Married - KKB\20221124_165818\requests\main\194.har

2022-11-24 17:09:41 - [MESSAGE][PASSED] - Send request successfully

2022-11-24 17:09:41 - [TEST_STEP][PASSED] - slurper = new groovy.json.JsonSlurper(): null

2022-11-24 17:09:41 - [TEST_STEP][PASSED] - result = slurper.parseText(req_data.getResponseBodyContent()): null

2022-11-24 17:09:41 - [TEST_STEP][PASSED] - reqid_kons = requestid1: null

2022-11-24 17:09:41 - [TEST_STEP][PASSED] - reqid_spouse = requestid2: null

2022-11-24 17:09:41 - [TEST_STEP][PASSED] - println("requestid kons : " + reqid_kons): null

2022-11-24 17:09:41 - [TEST_STEP][PASSED] - response_searchME_kons = reqid_kons: null

2022-11-24 17:09:41 - [TEST_STEP][PASSED] - response_searchME_spouse = reqid_spouse: null

2022-11-24 17:09:41 - [TEST_STEP][PASSED] - println("kons req id is :" + response_searchME_kons): null

2022-11-24 17:09:41 - [TEST_STEP][PASSED] - println("spouse req id is : " + response_searchME_spouse): null

2022-11-24 17:09:41 - [TEST_STEP][PASSED] - verifyResponseStatusCode(req_data, 200): Verify response status code successfully

2022-11-24 17:09:41 - [MESSAGE][PASSED] - Verify response status code successfully

2022-11-24 17:09:41 - [TEST_STEP][PASSED] - response = req_data.getResponseText(): null

2022-11-24 17:09:41 - [TEST_STEP][PASSED] - logInfo($response): {"status":"Done","data":{"requestid1":"254252","requestid2":"254253"}}

2022-11-24 17:09:41 - [MESSAGE][INFO] - {"status":"Done","data":{"requestid1":"254252","requestid2":"254253"}}

2022-11-24 17:09:41 - [TEST_STEP][PASSED] - delay(5): Delayed 5 second(s)

2022-11-24 17:09:46 - [MESSAGE][PASSED] - Delayed 5 second(s)

2022-11-24 17:09:46 - [TEST_STEP][PASSED] - scoring = sendRequest(findTestObject("EngineScore", ["response_searchME_kons":response_searchME_kons, "response_searchME_spouse":response_searchME_spouse])): Send request successfully

2022-11-24 17:09:46 - [MESSAGE][INFO] - HAR: D:\DMS\Engine Scoring\Reports\20221124_165818\Exclude KKB - DS - Married\Scoring Married - KKB\20221124_165818\requests\main\195.har

2022-11-24 17:09:46 - [MESSAGE][PASSED] - Send request successfully

2022-11-24 17:09:46 - [TEST_STEP][PASSED] - verifyResponseStatusCode(scoring, 200): Verify response status code successfully

2022-11-24 17:09:46 - [MESSAGE][PASSED] - Verify response status code successfully

2022-11-24 17:09:46 - [TEST_STEP][PASSED] - response2 = scoring.getResponseText(): null

2022-11-24 17:09:46 - [TEST_STEP][PASSED] - markPassed("result service data ke : " + no): result service data ke : 197

2022-11-24 17:09:46 - [MESSAGE][PASSED] - result service data ke : 197

2022-11-24 17:09:46 - [TEST_STEP][PASSED] - logInfo($response2): {"result_konsumen":"Reguler","result_pasangan":"Reguler","Final_result":"Reguler","errorMessage":"","status":"Done"}

2022-11-24 17:09:46 - [MESSAGE][INFO] - {"result_konsumen":"Reguler","result_pasangan":"Reguler","Final_result":"Reguler","errorMessage":"","status":"Done"}

2022-11-24 17:09:46 - [TEST_STEP][PASSED] - verifyElementPropertyValue(scoring, "Final_result", final_result): Verify element property value successfully

2022-11-24 17:09:46 - [MESSAGE][PASSED] - Verify element property value successfully]]></system-out>
         <system-err><![CDATA[]]></system-err>
      </testcase>
      <testcase name="Test Cases/Engine_Scoring/Engine Scoring" time="7.121" classname="Test Cases/Engine_Scoring/Engine Scoring" status="PASSED">
         <system-out><![CDATA[2022-11-24 17:09:46 - [TEST_CASE][PASSED] - Test Cases/Engine_Scoring/Engine Scoring: Test Cases/Engine_Scoring/Engine Scoring

2022-11-24 17:09:47 - [TEST_STEP][PASSED] - markPassed("Variasi data ke : " + no): Variasi data ke : 198

2022-11-24 17:09:47 - [MESSAGE][PASSED] - Variasi data ke : 198

2022-11-24 17:09:47 - [TEST_STEP][PASSED] - req_data = sendRequest(findTestObject("Search_ME", ["MID":MID, "source":source, "ip":ip, "userid":userid, "branch":branch, "tipekons":tipekons, "marital":marital, "penjamin":penjamin, ... ])): Send request successfully

2022-11-24 17:09:48 - [MESSAGE][INFO] - HAR: D:\DMS\Engine Scoring\Reports\20221124_165818\Exclude KKB - DS - Married\Scoring Married - KKB\20221124_165818\requests\main\196.har

2022-11-24 17:09:48 - [MESSAGE][PASSED] - Send request successfully

2022-11-24 17:09:48 - [TEST_STEP][PASSED] - slurper = new groovy.json.JsonSlurper(): null

2022-11-24 17:09:48 - [TEST_STEP][PASSED] - result = slurper.parseText(req_data.getResponseBodyContent()): null

2022-11-24 17:09:48 - [TEST_STEP][PASSED] - reqid_kons = requestid1: null

2022-11-24 17:09:48 - [TEST_STEP][PASSED] - reqid_spouse = requestid2: null

2022-11-24 17:09:48 - [TEST_STEP][PASSED] - println("requestid kons : " + reqid_kons): null

2022-11-24 17:09:48 - [TEST_STEP][PASSED] - response_searchME_kons = reqid_kons: null

2022-11-24 17:09:48 - [TEST_STEP][PASSED] - response_searchME_spouse = reqid_spouse: null

2022-11-24 17:09:48 - [TEST_STEP][PASSED] - println("kons req id is :" + response_searchME_kons): null

2022-11-24 17:09:48 - [TEST_STEP][PASSED] - println("spouse req id is : " + response_searchME_spouse): null

2022-11-24 17:09:48 - [TEST_STEP][PASSED] - verifyResponseStatusCode(req_data, 200): Verify response status code successfully

2022-11-24 17:09:48 - [MESSAGE][PASSED] - Verify response status code successfully

2022-11-24 17:09:48 - [TEST_STEP][PASSED] - response = req_data.getResponseText(): null

2022-11-24 17:09:48 - [TEST_STEP][PASSED] - logInfo($response): {"status":"Done","data":{"requestid1":"254254","requestid2":"254255"}}

2022-11-24 17:09:48 - [MESSAGE][INFO] - {"status":"Done","data":{"requestid1":"254254","requestid2":"254255"}}

2022-11-24 17:09:48 - [TEST_STEP][PASSED] - delay(5): Delayed 5 second(s)

2022-11-24 17:09:53 - [MESSAGE][PASSED] - Delayed 5 second(s)

2022-11-24 17:09:53 - [TEST_STEP][PASSED] - scoring = sendRequest(findTestObject("EngineScore", ["response_searchME_kons":response_searchME_kons, "response_searchME_spouse":response_searchME_spouse])): Send request successfully

2022-11-24 17:09:53 - [MESSAGE][INFO] - HAR: D:\DMS\Engine Scoring\Reports\20221124_165818\Exclude KKB - DS - Married\Scoring Married - KKB\20221124_165818\requests\main\197.har

2022-11-24 17:09:53 - [MESSAGE][PASSED] - Send request successfully

2022-11-24 17:09:53 - [TEST_STEP][PASSED] - verifyResponseStatusCode(scoring, 200): Verify response status code successfully

2022-11-24 17:09:53 - [MESSAGE][PASSED] - Verify response status code successfully

2022-11-24 17:09:53 - [TEST_STEP][PASSED] - response2 = scoring.getResponseText(): null

2022-11-24 17:09:53 - [TEST_STEP][PASSED] - markPassed("result service data ke : " + no): result service data ke : 198

2022-11-24 17:09:53 - [MESSAGE][PASSED] - result service data ke : 198

2022-11-24 17:09:53 - [TEST_STEP][PASSED] - logInfo($response2): {"result_konsumen":"Reguler","result_pasangan":"Reguler","Final_result":"Reguler","errorMessage":"","status":"Done"}

2022-11-24 17:09:53 - [MESSAGE][INFO] - {"result_konsumen":"Reguler","result_pasangan":"Reguler","Final_result":"Reguler","errorMessage":"","status":"Done"}

2022-11-24 17:09:53 - [TEST_STEP][PASSED] - verifyElementPropertyValue(scoring, "Final_result", final_result): Verify element property value successfully

2022-11-24 17:09:53 - [MESSAGE][PASSED] - Verify element property value successfully]]></system-out>
         <system-err><![CDATA[]]></system-err>
      </testcase>
      <testcase name="Test Cases/Engine_Scoring/Engine Scoring" time="7.115" classname="Test Cases/Engine_Scoring/Engine Scoring" status="PASSED">
         <system-out><![CDATA[2022-11-24 17:09:53 - [TEST_CASE][PASSED] - Test Cases/Engine_Scoring/Engine Scoring: Test Cases/Engine_Scoring/Engine Scoring

2022-11-24 17:09:54 - [TEST_STEP][PASSED] - markPassed("Variasi data ke : " + no): Variasi data ke : 199

2022-11-24 17:09:54 - [MESSAGE][PASSED] - Variasi data ke : 199

2022-11-24 17:09:54 - [TEST_STEP][PASSED] - req_data = sendRequest(findTestObject("Search_ME", ["MID":MID, "source":source, "ip":ip, "userid":userid, "branch":branch, "tipekons":tipekons, "marital":marital, "penjamin":penjamin, ... ])): Send request successfully

2022-11-24 17:09:55 - [MESSAGE][INFO] - HAR: D:\DMS\Engine Scoring\Reports\20221124_165818\Exclude KKB - DS - Married\Scoring Married - KKB\20221124_165818\requests\main\198.har

2022-11-24 17:09:55 - [MESSAGE][PASSED] - Send request successfully

2022-11-24 17:09:55 - [TEST_STEP][PASSED] - slurper = new groovy.json.JsonSlurper(): null

2022-11-24 17:09:55 - [TEST_STEP][PASSED] - result = slurper.parseText(req_data.getResponseBodyContent()): null

2022-11-24 17:09:55 - [TEST_STEP][PASSED] - reqid_kons = requestid1: null

2022-11-24 17:09:55 - [TEST_STEP][PASSED] - reqid_spouse = requestid2: null

2022-11-24 17:09:55 - [TEST_STEP][PASSED] - println("requestid kons : " + reqid_kons): null

2022-11-24 17:09:55 - [TEST_STEP][PASSED] - response_searchME_kons = reqid_kons: null

2022-11-24 17:09:55 - [TEST_STEP][PASSED] - response_searchME_spouse = reqid_spouse: null

2022-11-24 17:09:55 - [TEST_STEP][PASSED] - println("kons req id is :" + response_searchME_kons): null

2022-11-24 17:09:55 - [TEST_STEP][PASSED] - println("spouse req id is : " + response_searchME_spouse): null

2022-11-24 17:09:55 - [TEST_STEP][PASSED] - verifyResponseStatusCode(req_data, 200): Verify response status code successfully

2022-11-24 17:09:55 - [MESSAGE][PASSED] - Verify response status code successfully

2022-11-24 17:09:55 - [TEST_STEP][PASSED] - response = req_data.getResponseText(): null

2022-11-24 17:09:55 - [TEST_STEP][PASSED] - logInfo($response): {"status":"Done","data":{"requestid1":"254256","requestid2":"254257"}}

2022-11-24 17:09:55 - [MESSAGE][INFO] - {"status":"Done","data":{"requestid1":"254256","requestid2":"254257"}}

2022-11-24 17:09:55 - [TEST_STEP][PASSED] - delay(5): Delayed 5 second(s)

2022-11-24 17:10:00 - [MESSAGE][PASSED] - Delayed 5 second(s)

2022-11-24 17:10:00 - [TEST_STEP][PASSED] - scoring = sendRequest(findTestObject("EngineScore", ["response_searchME_kons":response_searchME_kons, "response_searchME_spouse":response_searchME_spouse])): Send request successfully

2022-11-24 17:10:00 - [MESSAGE][INFO] - HAR: D:\DMS\Engine Scoring\Reports\20221124_165818\Exclude KKB - DS - Married\Scoring Married - KKB\20221124_165818\requests\main\199.har

2022-11-24 17:10:00 - [MESSAGE][PASSED] - Send request successfully

2022-11-24 17:10:00 - [TEST_STEP][PASSED] - verifyResponseStatusCode(scoring, 200): Verify response status code successfully

2022-11-24 17:10:00 - [MESSAGE][PASSED] - Verify response status code successfully

2022-11-24 17:10:00 - [TEST_STEP][PASSED] - response2 = scoring.getResponseText(): null

2022-11-24 17:10:00 - [TEST_STEP][PASSED] - markPassed("result service data ke : " + no): result service data ke : 199

2022-11-24 17:10:00 - [MESSAGE][PASSED] - result service data ke : 199

2022-11-24 17:10:00 - [TEST_STEP][PASSED] - logInfo($response2): {"result_konsumen":"Reguler","result_pasangan":"Approve","Final_result":"Reguler","errorMessage":"","status":"Done"}

2022-11-24 17:10:00 - [MESSAGE][INFO] - {"result_konsumen":"Reguler","result_pasangan":"Approve","Final_result":"Reguler","errorMessage":"","status":"Done"}

2022-11-24 17:10:00 - [TEST_STEP][PASSED] - verifyElementPropertyValue(scoring, "Final_result", final_result): Verify element property value successfully

2022-11-24 17:10:00 - [MESSAGE][PASSED] - Verify element property value successfully]]></system-out>
         <system-err><![CDATA[]]></system-err>
      </testcase>
      <testcase name="Test Cases/Engine_Scoring/Engine Scoring" time="7.169" classname="Test Cases/Engine_Scoring/Engine Scoring" status="PASSED">
         <system-out><![CDATA[2022-11-24 17:10:00 - [TEST_CASE][PASSED] - Test Cases/Engine_Scoring/Engine Scoring: Test Cases/Engine_Scoring/Engine Scoring

2022-11-24 17:10:01 - [TEST_STEP][PASSED] - markPassed("Variasi data ke : " + no): Variasi data ke : 200

2022-11-24 17:10:01 - [MESSAGE][PASSED] - Variasi data ke : 200

2022-11-24 17:10:01 - [TEST_STEP][PASSED] - req_data = sendRequest(findTestObject("Search_ME", ["MID":MID, "source":source, "ip":ip, "userid":userid, "branch":branch, "tipekons":tipekons, "marital":marital, "penjamin":penjamin, ... ])): Send request successfully

2022-11-24 17:10:02 - [MESSAGE][INFO] - HAR: D:\DMS\Engine Scoring\Reports\20221124_165818\Exclude KKB - DS - Married\Scoring Married - KKB\20221124_165818\requests\main\200.har

2022-11-24 17:10:02 - [MESSAGE][PASSED] - Send request successfully

2022-11-24 17:10:02 - [TEST_STEP][PASSED] - slurper = new groovy.json.JsonSlurper(): null

2022-11-24 17:10:02 - [TEST_STEP][PASSED] - result = slurper.parseText(req_data.getResponseBodyContent()): null

2022-11-24 17:10:02 - [TEST_STEP][PASSED] - reqid_kons = requestid1: null

2022-11-24 17:10:02 - [TEST_STEP][PASSED] - reqid_spouse = requestid2: null

2022-11-24 17:10:02 - [TEST_STEP][PASSED] - println("requestid kons : " + reqid_kons): null

2022-11-24 17:10:02 - [TEST_STEP][PASSED] - response_searchME_kons = reqid_kons: null

2022-11-24 17:10:02 - [TEST_STEP][PASSED] - response_searchME_spouse = reqid_spouse: null

2022-11-24 17:10:02 - [TEST_STEP][PASSED] - println("kons req id is :" + response_searchME_kons): null

2022-11-24 17:10:02 - [TEST_STEP][PASSED] - println("spouse req id is : " + response_searchME_spouse): null

2022-11-24 17:10:02 - [TEST_STEP][PASSED] - verifyResponseStatusCode(req_data, 200): Verify response status code successfully

2022-11-24 17:10:02 - [MESSAGE][PASSED] - Verify response status code successfully

2022-11-24 17:10:02 - [TEST_STEP][PASSED] - response = req_data.getResponseText(): null

2022-11-24 17:10:02 - [TEST_STEP][PASSED] - logInfo($response): {"status":"Done","data":{"requestid1":"254258","requestid2":"254259"}}

2022-11-24 17:10:02 - [MESSAGE][INFO] - {"status":"Done","data":{"requestid1":"254258","requestid2":"254259"}}

2022-11-24 17:10:02 - [TEST_STEP][PASSED] - delay(5): Delayed 5 second(s)

2022-11-24 17:10:07 - [MESSAGE][PASSED] - Delayed 5 second(s)

2022-11-24 17:10:07 - [TEST_STEP][PASSED] - scoring = sendRequest(findTestObject("EngineScore", ["response_searchME_kons":response_searchME_kons, "response_searchME_spouse":response_searchME_spouse])): Send request successfully

2022-11-24 17:10:07 - [MESSAGE][INFO] - HAR: D:\DMS\Engine Scoring\Reports\20221124_165818\Exclude KKB - DS - Married\Scoring Married - KKB\20221124_165818\requests\main\201.har

2022-11-24 17:10:07 - [MESSAGE][PASSED] - Send request successfully

2022-11-24 17:10:07 - [TEST_STEP][PASSED] - verifyResponseStatusCode(scoring, 200): Verify response status code successfully

2022-11-24 17:10:07 - [MESSAGE][PASSED] - Verify response status code successfully

2022-11-24 17:10:07 - [TEST_STEP][PASSED] - response2 = scoring.getResponseText(): null

2022-11-24 17:10:07 - [TEST_STEP][PASSED] - markPassed("result service data ke : " + no): result service data ke : 200

2022-11-24 17:10:07 - [MESSAGE][PASSED] - result service data ke : 200

2022-11-24 17:10:07 - [TEST_STEP][PASSED] - logInfo($response2): {"result_konsumen":"Reguler","result_pasangan":"Approve","Final_result":"Reguler","errorMessage":"","status":"Done"}

2022-11-24 17:10:07 - [MESSAGE][INFO] - {"result_konsumen":"Reguler","result_pasangan":"Approve","Final_result":"Reguler","errorMessage":"","status":"Done"}

2022-11-24 17:10:07 - [TEST_STEP][PASSED] - verifyElementPropertyValue(scoring, "Final_result", final_result): Verify element property value successfully

2022-11-24 17:10:07 - [MESSAGE][PASSED] - Verify element property value successfully]]></system-out>
         <system-err><![CDATA[]]></system-err>
      </testcase>
      <system-out><![CDATA[2022-11-24 16:58:25 - [TEST_SUITE][PASSED] - Scoring Married - KKB: Test Cases/Engine_Scoring/Engine Scoring]]></system-out>
      <system-err><![CDATA[]]></system-err>
   </testsuite>
</testsuites>
