<?xml version="1.0" encoding="UTF-8"?>
<testsuites name="Scoring Married - DS" time="401.009" tests="57" failures="27" errors="0">
   <testsuite name="Scoring Married - DS" tests="57" failures="27" errors="0" time="401.009" skipped="0" timestamp="2022-11-28 16:42:51" hostname="bcafmaster - WPI20220318001.bcaf.co.id" id="Test Suites/Exclude KKB - DS - Married/Scoring Married - DS">
      <properties>
         <property name="deviceName" value=""/>
         <property name="devicePlatform" value=""/>
         <property name="logFolder" value="D:\\DMS\\Engine Scoring\\Reports\\20221128_164243\\Exclude KKB - DS - Married\\Scoring Married - DS\\20221128_164244"/>
         <property name="logFiles" value="D:\\DMS\\Engine Scoring\\Reports\\20221128_164243\\Exclude KKB - DS - Married\\Scoring Married - DS\\20221128_164244\\execution0.log"/>
         <property name="attachments" value=""/>
         <property name="hostName" value="bcafmaster - WPI20220318001.bcaf.co.id"/>
         <property name="hostAddress" value="10.10.8.57"/>
         <property name="os" value="Windows 10 64bit"/>
         <property name="katalonVersion" value="8.2.5.208"/>
      </properties>
      <testcase name="Test Cases/Engine_Scoring/Engine Scoring" time="9.286" classname="Test Cases/Engine_Scoring/Engine Scoring" status="PASSED">
         <system-out><![CDATA[2022-11-28 16:42:52 - [TEST_CASE][PASSED] - Test Cases/Engine_Scoring/Engine Scoring: Test Cases/Engine_Scoring/Engine Scoring

2022-11-28 16:42:53 - [TEST_STEP][PASSED] - markPassed("Variasi data ke : " + no): Variasi data ke : 1

2022-11-28 16:42:53 - [MESSAGE][PASSED] - Variasi data ke : 1

2022-11-28 16:42:53 - [TEST_STEP][PASSED] - req_data = sendRequest(findTestObject("Search_ME", ["MID":MID, "source":source, "ip":ip, "userid":userid, "branch":branch, "tipekons":tipekons, "marital":marital, "penjamin":penjamin, ... ])): Send request successfully

2022-11-28 16:42:55 - [MESSAGE][INFO] - HAR: D:\DMS\Engine Scoring\Reports\20221128_164243\Exclude KKB - DS - Married\Scoring Married - DS\20221128_164244\requests\main\0.har

2022-11-28 16:42:55 - [MESSAGE][PASSED] - Send request successfully

2022-11-28 16:42:55 - [TEST_STEP][PASSED] - slurper = new groovy.json.JsonSlurper(): null

2022-11-28 16:42:55 - [TEST_STEP][PASSED] - result = slurper.parseText(req_data.getResponseBodyContent()): null

2022-11-28 16:42:55 - [TEST_STEP][PASSED] - reqid_kons = requestid1: null

2022-11-28 16:42:55 - [TEST_STEP][PASSED] - reqid_spouse = requestid2: null

2022-11-28 16:42:55 - [TEST_STEP][PASSED] - println("requestid kons : " + reqid_kons): null

2022-11-28 16:42:55 - [TEST_STEP][PASSED] - response_searchME_kons = reqid_kons: null

2022-11-28 16:42:55 - [TEST_STEP][PASSED] - response_searchME_spouse = reqid_spouse: null

2022-11-28 16:42:55 - [TEST_STEP][PASSED] - println("kons req id is :" + response_searchME_kons): null

2022-11-28 16:42:55 - [TEST_STEP][PASSED] - println("spouse req id is : " + response_searchME_spouse): null

2022-11-28 16:42:55 - [TEST_STEP][PASSED] - verifyResponseStatusCode(req_data, 200): Verify response status code successfully

2022-11-28 16:42:55 - [MESSAGE][PASSED] - Verify response status code successfully

2022-11-28 16:42:55 - [TEST_STEP][PASSED] - response = req_data.getResponseText(): null

2022-11-28 16:42:55 - [TEST_STEP][PASSED] - logInfo($response): {"status":"Done","data":{"requestid1":"256666","requestid2":"256667"}}

2022-11-28 16:42:55 - [MESSAGE][INFO] - {"status":"Done","data":{"requestid1":"256666","requestid2":"256667"}}

2022-11-28 16:42:55 - [TEST_STEP][PASSED] - delay(5): Delayed 5 second(s)

2022-11-28 16:43:00 - [MESSAGE][PASSED] - Delayed 5 second(s)

2022-11-28 16:43:00 - [TEST_STEP][PASSED] - scoring = sendRequest(findTestObject("EngineScore", ["response_searchME_kons":response_searchME_kons, "response_searchME_spouse":response_searchME_spouse])): Send request successfully

2022-11-28 16:43:01 - [MESSAGE][INFO] - HAR: D:\DMS\Engine Scoring\Reports\20221128_164243\Exclude KKB - DS - Married\Scoring Married - DS\20221128_164244\requests\main\1.har

2022-11-28 16:43:01 - [MESSAGE][PASSED] - Send request successfully

2022-11-28 16:43:01 - [TEST_STEP][PASSED] - verifyResponseStatusCode(scoring, 200): Verify response status code successfully

2022-11-28 16:43:01 - [MESSAGE][PASSED] - Verify response status code successfully

2022-11-28 16:43:01 - [TEST_STEP][PASSED] - response2 = scoring.getResponseText(): null

2022-11-28 16:43:01 - [TEST_STEP][PASSED] - markPassed("result service data ke : " + no): result service data ke : 1

2022-11-28 16:43:01 - [MESSAGE][PASSED] - result service data ke : 1

2022-11-28 16:43:01 - [TEST_STEP][PASSED] - logInfo($response2): {"result_konsumen":"Reguler","result_pasangan":"Reguler","Final_result":"Reguler","errorMessage":"","status":"Done"}

2022-11-28 16:43:01 - [MESSAGE][INFO] - {"result_konsumen":"Reguler","result_pasangan":"Reguler","Final_result":"Reguler","errorMessage":"","status":"Done"}

2022-11-28 16:43:01 - [TEST_STEP][PASSED] - verifyElementPropertyValue(scoring, "Final_result", final_result): Verify element property value successfully

2022-11-28 16:43:01 - [MESSAGE][PASSED] - Verify element property value successfully]]></system-out>
         <system-err><![CDATA[]]></system-err>
      </testcase>
      <testcase name="Test Cases/Engine_Scoring/Engine Scoring" time="7.738" classname="Test Cases/Engine_Scoring/Engine Scoring" status="PASSED">
         <system-out><![CDATA[2022-11-28 16:43:01 - [TEST_CASE][PASSED] - Test Cases/Engine_Scoring/Engine Scoring: Test Cases/Engine_Scoring/Engine Scoring

2022-11-28 16:43:02 - [TEST_STEP][PASSED] - markPassed("Variasi data ke : " + no): Variasi data ke : 2

2022-11-28 16:43:02 - [MESSAGE][PASSED] - Variasi data ke : 2

2022-11-28 16:43:02 - [TEST_STEP][PASSED] - req_data = sendRequest(findTestObject("Search_ME", ["MID":MID, "source":source, "ip":ip, "userid":userid, "branch":branch, "tipekons":tipekons, "marital":marital, "penjamin":penjamin, ... ])): Send request successfully

2022-11-28 16:43:03 - [MESSAGE][INFO] - HAR: D:\DMS\Engine Scoring\Reports\20221128_164243\Exclude KKB - DS - Married\Scoring Married - DS\20221128_164244\requests\main\2.har

2022-11-28 16:43:03 - [MESSAGE][PASSED] - Send request successfully

2022-11-28 16:43:03 - [TEST_STEP][PASSED] - slurper = new groovy.json.JsonSlurper(): null

2022-11-28 16:43:03 - [TEST_STEP][PASSED] - result = slurper.parseText(req_data.getResponseBodyContent()): null

2022-11-28 16:43:03 - [TEST_STEP][PASSED] - reqid_kons = requestid1: null

2022-11-28 16:43:03 - [TEST_STEP][PASSED] - reqid_spouse = requestid2: null

2022-11-28 16:43:03 - [TEST_STEP][PASSED] - println("requestid kons : " + reqid_kons): null

2022-11-28 16:43:03 - [TEST_STEP][PASSED] - response_searchME_kons = reqid_kons: null

2022-11-28 16:43:03 - [TEST_STEP][PASSED] - response_searchME_spouse = reqid_spouse: null

2022-11-28 16:43:03 - [TEST_STEP][PASSED] - println("kons req id is :" + response_searchME_kons): null

2022-11-28 16:43:03 - [TEST_STEP][PASSED] - println("spouse req id is : " + response_searchME_spouse): null

2022-11-28 16:43:03 - [TEST_STEP][PASSED] - verifyResponseStatusCode(req_data, 200): Verify response status code successfully

2022-11-28 16:43:03 - [MESSAGE][PASSED] - Verify response status code successfully

2022-11-28 16:43:03 - [TEST_STEP][PASSED] - response = req_data.getResponseText(): null

2022-11-28 16:43:03 - [TEST_STEP][PASSED] - logInfo($response): {"status":"Done","data":{"requestid1":"256668","requestid2":"256669"}}

2022-11-28 16:43:03 - [MESSAGE][INFO] - {"status":"Done","data":{"requestid1":"256668","requestid2":"256669"}}

2022-11-28 16:43:03 - [TEST_STEP][PASSED] - delay(5): Delayed 5 second(s)

2022-11-28 16:43:08 - [MESSAGE][PASSED] - Delayed 5 second(s)

2022-11-28 16:43:08 - [TEST_STEP][PASSED] - scoring = sendRequest(findTestObject("EngineScore", ["response_searchME_kons":response_searchME_kons, "response_searchME_spouse":response_searchME_spouse])): Send request successfully

2022-11-28 16:43:09 - [MESSAGE][INFO] - HAR: D:\DMS\Engine Scoring\Reports\20221128_164243\Exclude KKB - DS - Married\Scoring Married - DS\20221128_164244\requests\main\3.har

2022-11-28 16:43:09 - [MESSAGE][PASSED] - Send request successfully

2022-11-28 16:43:09 - [TEST_STEP][PASSED] - verifyResponseStatusCode(scoring, 200): Verify response status code successfully

2022-11-28 16:43:09 - [MESSAGE][PASSED] - Verify response status code successfully

2022-11-28 16:43:09 - [TEST_STEP][PASSED] - response2 = scoring.getResponseText(): null

2022-11-28 16:43:09 - [TEST_STEP][PASSED] - markPassed("result service data ke : " + no): result service data ke : 2

2022-11-28 16:43:09 - [MESSAGE][PASSED] - result service data ke : 2

2022-11-28 16:43:09 - [TEST_STEP][PASSED] - logInfo($response2): {"result_konsumen":"Reguler","result_pasangan":"Reguler","Final_result":"Reguler","errorMessage":"","status":"Done"}

2022-11-28 16:43:09 - [MESSAGE][INFO] - {"result_konsumen":"Reguler","result_pasangan":"Reguler","Final_result":"Reguler","errorMessage":"","status":"Done"}

2022-11-28 16:43:09 - [TEST_STEP][PASSED] - verifyElementPropertyValue(scoring, "Final_result", final_result): Verify element property value successfully

2022-11-28 16:43:09 - [MESSAGE][PASSED] - Verify element property value successfully]]></system-out>
         <system-err><![CDATA[]]></system-err>
      </testcase>
      <testcase name="Test Cases/Engine_Scoring/Engine Scoring" time="6.709" classname="Test Cases/Engine_Scoring/Engine Scoring" status="PASSED">
         <system-out><![CDATA[2022-11-28 16:43:09 - [TEST_CASE][PASSED] - Test Cases/Engine_Scoring/Engine Scoring: Test Cases/Engine_Scoring/Engine Scoring

2022-11-28 16:43:10 - [TEST_STEP][PASSED] - markPassed("Variasi data ke : " + no): Variasi data ke : 3

2022-11-28 16:43:10 - [MESSAGE][PASSED] - Variasi data ke : 3

2022-11-28 16:43:10 - [TEST_STEP][PASSED] - req_data = sendRequest(findTestObject("Search_ME", ["MID":MID, "source":source, "ip":ip, "userid":userid, "branch":branch, "tipekons":tipekons, "marital":marital, "penjamin":penjamin, ... ])): Send request successfully

2022-11-28 16:43:11 - [MESSAGE][INFO] - HAR: D:\DMS\Engine Scoring\Reports\20221128_164243\Exclude KKB - DS - Married\Scoring Married - DS\20221128_164244\requests\main\4.har

2022-11-28 16:43:11 - [MESSAGE][PASSED] - Send request successfully

2022-11-28 16:43:11 - [TEST_STEP][PASSED] - slurper = new groovy.json.JsonSlurper(): null

2022-11-28 16:43:11 - [TEST_STEP][PASSED] - result = slurper.parseText(req_data.getResponseBodyContent()): null

2022-11-28 16:43:11 - [TEST_STEP][PASSED] - reqid_kons = requestid1: null

2022-11-28 16:43:11 - [TEST_STEP][PASSED] - reqid_spouse = requestid2: null

2022-11-28 16:43:11 - [TEST_STEP][PASSED] - println("requestid kons : " + reqid_kons): null

2022-11-28 16:43:11 - [TEST_STEP][PASSED] - response_searchME_kons = reqid_kons: null

2022-11-28 16:43:11 - [TEST_STEP][PASSED] - response_searchME_spouse = reqid_spouse: null

2022-11-28 16:43:11 - [TEST_STEP][PASSED] - println("kons req id is :" + response_searchME_kons): null

2022-11-28 16:43:11 - [TEST_STEP][PASSED] - println("spouse req id is : " + response_searchME_spouse): null

2022-11-28 16:43:11 - [TEST_STEP][PASSED] - verifyResponseStatusCode(req_data, 200): Verify response status code successfully

2022-11-28 16:43:11 - [MESSAGE][PASSED] - Verify response status code successfully

2022-11-28 16:43:11 - [TEST_STEP][PASSED] - response = req_data.getResponseText(): null

2022-11-28 16:43:11 - [TEST_STEP][PASSED] - logInfo($response): {"status":"Done","data":{"requestid1":"256670","requestid2":"256671"}}

2022-11-28 16:43:11 - [MESSAGE][INFO] - {"status":"Done","data":{"requestid1":"256670","requestid2":"256671"}}

2022-11-28 16:43:11 - [TEST_STEP][PASSED] - delay(5): Delayed 5 second(s)

2022-11-28 16:43:16 - [MESSAGE][PASSED] - Delayed 5 second(s)

2022-11-28 16:43:16 - [TEST_STEP][PASSED] - scoring = sendRequest(findTestObject("EngineScore", ["response_searchME_kons":response_searchME_kons, "response_searchME_spouse":response_searchME_spouse])): Send request successfully

2022-11-28 16:43:16 - [MESSAGE][INFO] - HAR: D:\DMS\Engine Scoring\Reports\20221128_164243\Exclude KKB - DS - Married\Scoring Married - DS\20221128_164244\requests\main\5.har

2022-11-28 16:43:16 - [MESSAGE][PASSED] - Send request successfully

2022-11-28 16:43:16 - [TEST_STEP][PASSED] - verifyResponseStatusCode(scoring, 200): Verify response status code successfully

2022-11-28 16:43:16 - [MESSAGE][PASSED] - Verify response status code successfully

2022-11-28 16:43:16 - [TEST_STEP][PASSED] - response2 = scoring.getResponseText(): null

2022-11-28 16:43:16 - [TEST_STEP][PASSED] - markPassed("result service data ke : " + no): result service data ke : 3

2022-11-28 16:43:16 - [MESSAGE][PASSED] - result service data ke : 3

2022-11-28 16:43:16 - [TEST_STEP][PASSED] - logInfo($response2): {"result_konsumen":"Reguler","result_pasangan":"Reguler","Final_result":"Reguler","errorMessage":"","status":"Done"}

2022-11-28 16:43:16 - [MESSAGE][INFO] - {"result_konsumen":"Reguler","result_pasangan":"Reguler","Final_result":"Reguler","errorMessage":"","status":"Done"}

2022-11-28 16:43:16 - [TEST_STEP][PASSED] - verifyElementPropertyValue(scoring, "Final_result", final_result): Verify element property value successfully

2022-11-28 16:43:16 - [MESSAGE][PASSED] - Verify element property value successfully]]></system-out>
         <system-err><![CDATA[]]></system-err>
      </testcase>
      <testcase name="Test Cases/Engine_Scoring/Engine Scoring" time="7.857" classname="Test Cases/Engine_Scoring/Engine Scoring" status="PASSED">
         <system-out><![CDATA[2022-11-28 16:43:16 - [TEST_CASE][PASSED] - Test Cases/Engine_Scoring/Engine Scoring: Test Cases/Engine_Scoring/Engine Scoring

2022-11-28 16:43:16 - [TEST_STEP][PASSED] - markPassed("Variasi data ke : " + no): Variasi data ke : 4

2022-11-28 16:43:16 - [MESSAGE][PASSED] - Variasi data ke : 4

2022-11-28 16:43:16 - [TEST_STEP][PASSED] - req_data = sendRequest(findTestObject("Search_ME", ["MID":MID, "source":source, "ip":ip, "userid":userid, "branch":branch, "tipekons":tipekons, "marital":marital, "penjamin":penjamin, ... ])): Send request successfully

2022-11-28 16:43:18 - [MESSAGE][INFO] - HAR: D:\DMS\Engine Scoring\Reports\20221128_164243\Exclude KKB - DS - Married\Scoring Married - DS\20221128_164244\requests\main\6.har

2022-11-28 16:43:18 - [MESSAGE][PASSED] - Send request successfully

2022-11-28 16:43:18 - [TEST_STEP][PASSED] - slurper = new groovy.json.JsonSlurper(): null

2022-11-28 16:43:18 - [TEST_STEP][PASSED] - result = slurper.parseText(req_data.getResponseBodyContent()): null

2022-11-28 16:43:18 - [TEST_STEP][PASSED] - reqid_kons = requestid1: null

2022-11-28 16:43:18 - [TEST_STEP][PASSED] - reqid_spouse = requestid2: null

2022-11-28 16:43:18 - [TEST_STEP][PASSED] - println("requestid kons : " + reqid_kons): null

2022-11-28 16:43:18 - [TEST_STEP][PASSED] - response_searchME_kons = reqid_kons: null

2022-11-28 16:43:18 - [TEST_STEP][PASSED] - response_searchME_spouse = reqid_spouse: null

2022-11-28 16:43:18 - [TEST_STEP][PASSED] - println("kons req id is :" + response_searchME_kons): null

2022-11-28 16:43:18 - [TEST_STEP][PASSED] - println("spouse req id is : " + response_searchME_spouse): null

2022-11-28 16:43:18 - [TEST_STEP][PASSED] - verifyResponseStatusCode(req_data, 200): Verify response status code successfully

2022-11-28 16:43:18 - [MESSAGE][PASSED] - Verify response status code successfully

2022-11-28 16:43:18 - [TEST_STEP][PASSED] - response = req_data.getResponseText(): null

2022-11-28 16:43:18 - [TEST_STEP][PASSED] - logInfo($response): {"status":"Done","data":{"requestid1":"256672","requestid2":"256673"}}

2022-11-28 16:43:18 - [MESSAGE][INFO] - {"status":"Done","data":{"requestid1":"256672","requestid2":"256673"}}

2022-11-28 16:43:18 - [TEST_STEP][PASSED] - delay(5): Delayed 5 second(s)

2022-11-28 16:43:23 - [MESSAGE][PASSED] - Delayed 5 second(s)

2022-11-28 16:43:23 - [TEST_STEP][PASSED] - scoring = sendRequest(findTestObject("EngineScore", ["response_searchME_kons":response_searchME_kons, "response_searchME_spouse":response_searchME_spouse])): Send request successfully

2022-11-28 16:43:24 - [MESSAGE][INFO] - HAR: D:\DMS\Engine Scoring\Reports\20221128_164243\Exclude KKB - DS - Married\Scoring Married - DS\20221128_164244\requests\main\7.har

2022-11-28 16:43:24 - [MESSAGE][PASSED] - Send request successfully

2022-11-28 16:43:24 - [TEST_STEP][PASSED] - verifyResponseStatusCode(scoring, 200): Verify response status code successfully

2022-11-28 16:43:24 - [MESSAGE][PASSED] - Verify response status code successfully

2022-11-28 16:43:24 - [TEST_STEP][PASSED] - response2 = scoring.getResponseText(): null

2022-11-28 16:43:24 - [TEST_STEP][PASSED] - markPassed("result service data ke : " + no): result service data ke : 4

2022-11-28 16:43:24 - [MESSAGE][PASSED] - result service data ke : 4

2022-11-28 16:43:24 - [TEST_STEP][PASSED] - logInfo($response2): {"result_konsumen":"Reject","result_pasangan":"Reguler","Final_result":"Reject","errorMessage":"","status":"Done"}

2022-11-28 16:43:24 - [MESSAGE][INFO] - {"result_konsumen":"Reject","result_pasangan":"Reguler","Final_result":"Reject","errorMessage":"","status":"Done"}

2022-11-28 16:43:24 - [TEST_STEP][PASSED] - verifyElementPropertyValue(scoring, "Final_result", final_result): Verify element property value successfully

2022-11-28 16:43:24 - [MESSAGE][PASSED] - Verify element property value successfully]]></system-out>
         <system-err><![CDATA[]]></system-err>
      </testcase>
      <testcase name="Test Cases/Engine_Scoring/Engine Scoring" time="6.936" classname="Test Cases/Engine_Scoring/Engine Scoring" status="PASSED">
         <system-out><![CDATA[2022-11-28 16:43:24 - [TEST_CASE][PASSED] - Test Cases/Engine_Scoring/Engine Scoring: Test Cases/Engine_Scoring/Engine Scoring

2022-11-28 16:43:24 - [TEST_STEP][PASSED] - markPassed("Variasi data ke : " + no): Variasi data ke : 5

2022-11-28 16:43:24 - [MESSAGE][PASSED] - Variasi data ke : 5

2022-11-28 16:43:24 - [TEST_STEP][PASSED] - req_data = sendRequest(findTestObject("Search_ME", ["MID":MID, "source":source, "ip":ip, "userid":userid, "branch":branch, "tipekons":tipekons, "marital":marital, "penjamin":penjamin, ... ])): Send request successfully

2022-11-28 16:43:25 - [MESSAGE][INFO] - HAR: D:\DMS\Engine Scoring\Reports\20221128_164243\Exclude KKB - DS - Married\Scoring Married - DS\20221128_164244\requests\main\8.har

2022-11-28 16:43:25 - [MESSAGE][PASSED] - Send request successfully

2022-11-28 16:43:25 - [TEST_STEP][PASSED] - slurper = new groovy.json.JsonSlurper(): null

2022-11-28 16:43:25 - [TEST_STEP][PASSED] - result = slurper.parseText(req_data.getResponseBodyContent()): null

2022-11-28 16:43:25 - [TEST_STEP][PASSED] - reqid_kons = requestid1: null

2022-11-28 16:43:25 - [TEST_STEP][PASSED] - reqid_spouse = requestid2: null

2022-11-28 16:43:25 - [TEST_STEP][PASSED] - println("requestid kons : " + reqid_kons): null

2022-11-28 16:43:25 - [TEST_STEP][PASSED] - response_searchME_kons = reqid_kons: null

2022-11-28 16:43:25 - [TEST_STEP][PASSED] - response_searchME_spouse = reqid_spouse: null

2022-11-28 16:43:25 - [TEST_STEP][PASSED] - println("kons req id is :" + response_searchME_kons): null

2022-11-28 16:43:25 - [TEST_STEP][PASSED] - println("spouse req id is : " + response_searchME_spouse): null

2022-11-28 16:43:25 - [TEST_STEP][PASSED] - verifyResponseStatusCode(req_data, 200): Verify response status code successfully

2022-11-28 16:43:25 - [MESSAGE][PASSED] - Verify response status code successfully

2022-11-28 16:43:25 - [TEST_STEP][PASSED] - response = req_data.getResponseText(): null

2022-11-28 16:43:25 - [TEST_STEP][PASSED] - logInfo($response): {"status":"Done","data":{"requestid1":"256674","requestid2":"256675"}}

2022-11-28 16:43:25 - [MESSAGE][INFO] - {"status":"Done","data":{"requestid1":"256674","requestid2":"256675"}}

2022-11-28 16:43:25 - [TEST_STEP][PASSED] - delay(5): Delayed 5 second(s)

2022-11-28 16:43:30 - [MESSAGE][PASSED] - Delayed 5 second(s)

2022-11-28 16:43:30 - [TEST_STEP][PASSED] - scoring = sendRequest(findTestObject("EngineScore", ["response_searchME_kons":response_searchME_kons, "response_searchME_spouse":response_searchME_spouse])): Send request successfully

2022-11-28 16:43:31 - [MESSAGE][INFO] - HAR: D:\DMS\Engine Scoring\Reports\20221128_164243\Exclude KKB - DS - Married\Scoring Married - DS\20221128_164244\requests\main\9.har

2022-11-28 16:43:31 - [MESSAGE][PASSED] - Send request successfully

2022-11-28 16:43:31 - [TEST_STEP][PASSED] - verifyResponseStatusCode(scoring, 200): Verify response status code successfully

2022-11-28 16:43:31 - [MESSAGE][PASSED] - Verify response status code successfully

2022-11-28 16:43:31 - [TEST_STEP][PASSED] - response2 = scoring.getResponseText(): null

2022-11-28 16:43:31 - [TEST_STEP][PASSED] - markPassed("result service data ke : " + no): result service data ke : 5

2022-11-28 16:43:31 - [MESSAGE][PASSED] - result service data ke : 5

2022-11-28 16:43:31 - [TEST_STEP][PASSED] - logInfo($response2): {"result_konsumen":"Reject","result_pasangan":"Reguler","Final_result":"Reject","errorMessage":"","status":"Done"}

2022-11-28 16:43:31 - [MESSAGE][INFO] - {"result_konsumen":"Reject","result_pasangan":"Reguler","Final_result":"Reject","errorMessage":"","status":"Done"}

2022-11-28 16:43:31 - [TEST_STEP][PASSED] - verifyElementPropertyValue(scoring, "Final_result", final_result): Verify element property value successfully

2022-11-28 16:43:31 - [MESSAGE][PASSED] - Verify element property value successfully]]></system-out>
         <system-err><![CDATA[]]></system-err>
      </testcase>
      <testcase name="Test Cases/Engine_Scoring/Engine Scoring" time="7.413" classname="Test Cases/Engine_Scoring/Engine Scoring" status="PASSED">
         <system-out><![CDATA[2022-11-28 16:43:31 - [TEST_CASE][PASSED] - Test Cases/Engine_Scoring/Engine Scoring: Test Cases/Engine_Scoring/Engine Scoring

2022-11-28 16:43:31 - [TEST_STEP][PASSED] - markPassed("Variasi data ke : " + no): Variasi data ke : 6

2022-11-28 16:43:31 - [MESSAGE][PASSED] - Variasi data ke : 6

2022-11-28 16:43:31 - [TEST_STEP][PASSED] - req_data = sendRequest(findTestObject("Search_ME", ["MID":MID, "source":source, "ip":ip, "userid":userid, "branch":branch, "tipekons":tipekons, "marital":marital, "penjamin":penjamin, ... ])): Send request successfully

2022-11-28 16:43:33 - [MESSAGE][INFO] - HAR: D:\DMS\Engine Scoring\Reports\20221128_164243\Exclude KKB - DS - Married\Scoring Married - DS\20221128_164244\requests\main\10.har

2022-11-28 16:43:33 - [MESSAGE][PASSED] - Send request successfully

2022-11-28 16:43:33 - [TEST_STEP][PASSED] - slurper = new groovy.json.JsonSlurper(): null

2022-11-28 16:43:33 - [TEST_STEP][PASSED] - result = slurper.parseText(req_data.getResponseBodyContent()): null

2022-11-28 16:43:33 - [TEST_STEP][PASSED] - reqid_kons = requestid1: null

2022-11-28 16:43:33 - [TEST_STEP][PASSED] - reqid_spouse = requestid2: null

2022-11-28 16:43:33 - [TEST_STEP][PASSED] - println("requestid kons : " + reqid_kons): null

2022-11-28 16:43:33 - [TEST_STEP][PASSED] - response_searchME_kons = reqid_kons: null

2022-11-28 16:43:33 - [TEST_STEP][PASSED] - response_searchME_spouse = reqid_spouse: null

2022-11-28 16:43:33 - [TEST_STEP][PASSED] - println("kons req id is :" + response_searchME_kons): null

2022-11-28 16:43:33 - [TEST_STEP][PASSED] - println("spouse req id is : " + response_searchME_spouse): null

2022-11-28 16:43:33 - [TEST_STEP][PASSED] - verifyResponseStatusCode(req_data, 200): Verify response status code successfully

2022-11-28 16:43:33 - [MESSAGE][PASSED] - Verify response status code successfully

2022-11-28 16:43:33 - [TEST_STEP][PASSED] - response = req_data.getResponseText(): null

2022-11-28 16:43:33 - [TEST_STEP][PASSED] - logInfo($response): {"status":"Done","data":{"requestid1":"256676","requestid2":"256677"}}

2022-11-28 16:43:33 - [MESSAGE][INFO] - {"status":"Done","data":{"requestid1":"256676","requestid2":"256677"}}

2022-11-28 16:43:33 - [TEST_STEP][PASSED] - delay(5): Delayed 5 second(s)

2022-11-28 16:43:38 - [MESSAGE][PASSED] - Delayed 5 second(s)

2022-11-28 16:43:38 - [TEST_STEP][PASSED] - scoring = sendRequest(findTestObject("EngineScore", ["response_searchME_kons":response_searchME_kons, "response_searchME_spouse":response_searchME_spouse])): Send request successfully

2022-11-28 16:43:38 - [MESSAGE][INFO] - HAR: D:\DMS\Engine Scoring\Reports\20221128_164243\Exclude KKB - DS - Married\Scoring Married - DS\20221128_164244\requests\main\11.har

2022-11-28 16:43:38 - [MESSAGE][PASSED] - Send request successfully

2022-11-28 16:43:38 - [TEST_STEP][PASSED] - verifyResponseStatusCode(scoring, 200): Verify response status code successfully

2022-11-28 16:43:38 - [MESSAGE][PASSED] - Verify response status code successfully

2022-11-28 16:43:38 - [TEST_STEP][PASSED] - response2 = scoring.getResponseText(): null

2022-11-28 16:43:38 - [TEST_STEP][PASSED] - markPassed("result service data ke : " + no): result service data ke : 6

2022-11-28 16:43:38 - [MESSAGE][PASSED] - result service data ke : 6

2022-11-28 16:43:38 - [TEST_STEP][PASSED] - logInfo($response2): {"result_konsumen":"Reject","result_pasangan":"Reguler","Final_result":"Reject","errorMessage":"","status":"Done"}

2022-11-28 16:43:38 - [MESSAGE][INFO] - {"result_konsumen":"Reject","result_pasangan":"Reguler","Final_result":"Reject","errorMessage":"","status":"Done"}

2022-11-28 16:43:38 - [TEST_STEP][PASSED] - verifyElementPropertyValue(scoring, "Final_result", final_result): Verify element property value successfully

2022-11-28 16:43:38 - [MESSAGE][PASSED] - Verify element property value successfully]]></system-out>
         <system-err><![CDATA[]]></system-err>
      </testcase>
      <testcase name="Test Cases/Engine_Scoring/Engine Scoring" time="6.536" classname="Test Cases/Engine_Scoring/Engine Scoring" status="PASSED">
         <system-out><![CDATA[2022-11-28 16:43:38 - [TEST_CASE][PASSED] - Test Cases/Engine_Scoring/Engine Scoring: Test Cases/Engine_Scoring/Engine Scoring

2022-11-28 16:43:39 - [TEST_STEP][PASSED] - markPassed("Variasi data ke : " + no): Variasi data ke : 7

2022-11-28 16:43:39 - [MESSAGE][PASSED] - Variasi data ke : 7

2022-11-28 16:43:39 - [TEST_STEP][PASSED] - req_data = sendRequest(findTestObject("Search_ME", ["MID":MID, "source":source, "ip":ip, "userid":userid, "branch":branch, "tipekons":tipekons, "marital":marital, "penjamin":penjamin, ... ])): Send request successfully

2022-11-28 16:43:40 - [MESSAGE][INFO] - HAR: D:\DMS\Engine Scoring\Reports\20221128_164243\Exclude KKB - DS - Married\Scoring Married - DS\20221128_164244\requests\main\12.har

2022-11-28 16:43:40 - [MESSAGE][PASSED] - Send request successfully

2022-11-28 16:43:40 - [TEST_STEP][PASSED] - slurper = new groovy.json.JsonSlurper(): null

2022-11-28 16:43:40 - [TEST_STEP][PASSED] - result = slurper.parseText(req_data.getResponseBodyContent()): null

2022-11-28 16:43:40 - [TEST_STEP][PASSED] - reqid_kons = requestid1: null

2022-11-28 16:43:40 - [TEST_STEP][PASSED] - reqid_spouse = requestid2: null

2022-11-28 16:43:40 - [TEST_STEP][PASSED] - println("requestid kons : " + reqid_kons): null

2022-11-28 16:43:40 - [TEST_STEP][PASSED] - response_searchME_kons = reqid_kons: null

2022-11-28 16:43:40 - [TEST_STEP][PASSED] - response_searchME_spouse = reqid_spouse: null

2022-11-28 16:43:40 - [TEST_STEP][PASSED] - println("kons req id is :" + response_searchME_kons): null

2022-11-28 16:43:40 - [TEST_STEP][PASSED] - println("spouse req id is : " + response_searchME_spouse): null

2022-11-28 16:43:40 - [TEST_STEP][PASSED] - verifyResponseStatusCode(req_data, 200): Verify response status code successfully

2022-11-28 16:43:40 - [MESSAGE][PASSED] - Verify response status code successfully

2022-11-28 16:43:40 - [TEST_STEP][PASSED] - response = req_data.getResponseText(): null

2022-11-28 16:43:40 - [TEST_STEP][PASSED] - logInfo($response): {"status":"Done","data":{"requestid1":"256678","requestid2":"256679"}}

2022-11-28 16:43:40 - [MESSAGE][INFO] - {"status":"Done","data":{"requestid1":"256678","requestid2":"256679"}}

2022-11-28 16:43:40 - [TEST_STEP][PASSED] - delay(5): Delayed 5 second(s)

2022-11-28 16:43:45 - [MESSAGE][PASSED] - Delayed 5 second(s)

2022-11-28 16:43:45 - [TEST_STEP][PASSED] - scoring = sendRequest(findTestObject("EngineScore", ["response_searchME_kons":response_searchME_kons, "response_searchME_spouse":response_searchME_spouse])): Send request successfully

2022-11-28 16:43:45 - [MESSAGE][INFO] - HAR: D:\DMS\Engine Scoring\Reports\20221128_164243\Exclude KKB - DS - Married\Scoring Married - DS\20221128_164244\requests\main\13.har

2022-11-28 16:43:45 - [MESSAGE][PASSED] - Send request successfully

2022-11-28 16:43:45 - [TEST_STEP][PASSED] - verifyResponseStatusCode(scoring, 200): Verify response status code successfully

2022-11-28 16:43:45 - [MESSAGE][PASSED] - Verify response status code successfully

2022-11-28 16:43:45 - [TEST_STEP][PASSED] - response2 = scoring.getResponseText(): null

2022-11-28 16:43:45 - [TEST_STEP][PASSED] - markPassed("result service data ke : " + no): result service data ke : 7

2022-11-28 16:43:45 - [MESSAGE][PASSED] - result service data ke : 7

2022-11-28 16:43:45 - [TEST_STEP][PASSED] - logInfo($response2): {"result_konsumen":"Reject","result_pasangan":"Reguler","Final_result":"Reject","errorMessage":"","status":"Done"}

2022-11-28 16:43:45 - [MESSAGE][INFO] - {"result_konsumen":"Reject","result_pasangan":"Reguler","Final_result":"Reject","errorMessage":"","status":"Done"}

2022-11-28 16:43:45 - [TEST_STEP][PASSED] - verifyElementPropertyValue(scoring, "Final_result", final_result): Verify element property value successfully

2022-11-28 16:43:45 - [MESSAGE][PASSED] - Verify element property value successfully]]></system-out>
         <system-err><![CDATA[]]></system-err>
      </testcase>
      <testcase name="Test Cases/Engine_Scoring/Engine Scoring" time="6.673" classname="Test Cases/Engine_Scoring/Engine Scoring" status="PASSED">
         <system-out><![CDATA[2022-11-28 16:43:45 - [TEST_CASE][PASSED] - Test Cases/Engine_Scoring/Engine Scoring: Test Cases/Engine_Scoring/Engine Scoring

2022-11-28 16:43:45 - [TEST_STEP][PASSED] - markPassed("Variasi data ke : " + no): Variasi data ke : 8

2022-11-28 16:43:45 - [MESSAGE][PASSED] - Variasi data ke : 8

2022-11-28 16:43:45 - [TEST_STEP][PASSED] - req_data = sendRequest(findTestObject("Search_ME", ["MID":MID, "source":source, "ip":ip, "userid":userid, "branch":branch, "tipekons":tipekons, "marital":marital, "penjamin":penjamin, ... ])): Send request successfully

2022-11-28 16:43:46 - [MESSAGE][INFO] - HAR: D:\DMS\Engine Scoring\Reports\20221128_164243\Exclude KKB - DS - Married\Scoring Married - DS\20221128_164244\requests\main\14.har

2022-11-28 16:43:46 - [MESSAGE][PASSED] - Send request successfully

2022-11-28 16:43:46 - [TEST_STEP][PASSED] - slurper = new groovy.json.JsonSlurper(): null

2022-11-28 16:43:46 - [TEST_STEP][PASSED] - result = slurper.parseText(req_data.getResponseBodyContent()): null

2022-11-28 16:43:46 - [TEST_STEP][PASSED] - reqid_kons = requestid1: null

2022-11-28 16:43:46 - [TEST_STEP][PASSED] - reqid_spouse = requestid2: null

2022-11-28 16:43:46 - [TEST_STEP][PASSED] - println("requestid kons : " + reqid_kons): null

2022-11-28 16:43:46 - [TEST_STEP][PASSED] - response_searchME_kons = reqid_kons: null

2022-11-28 16:43:46 - [TEST_STEP][PASSED] - response_searchME_spouse = reqid_spouse: null

2022-11-28 16:43:46 - [TEST_STEP][PASSED] - println("kons req id is :" + response_searchME_kons): null

2022-11-28 16:43:46 - [TEST_STEP][PASSED] - println("spouse req id is : " + response_searchME_spouse): null

2022-11-28 16:43:46 - [TEST_STEP][PASSED] - verifyResponseStatusCode(req_data, 200): Verify response status code successfully

2022-11-28 16:43:46 - [MESSAGE][PASSED] - Verify response status code successfully

2022-11-28 16:43:46 - [TEST_STEP][PASSED] - response = req_data.getResponseText(): null

2022-11-28 16:43:46 - [TEST_STEP][PASSED] - logInfo($response): {"status":"Done","data":{"requestid1":"256680","requestid2":"256681"}}

2022-11-28 16:43:46 - [MESSAGE][INFO] - {"status":"Done","data":{"requestid1":"256680","requestid2":"256681"}}

2022-11-28 16:43:46 - [TEST_STEP][PASSED] - delay(5): Delayed 5 second(s)

2022-11-28 16:43:51 - [MESSAGE][PASSED] - Delayed 5 second(s)

2022-11-28 16:43:51 - [TEST_STEP][PASSED] - scoring = sendRequest(findTestObject("EngineScore", ["response_searchME_kons":response_searchME_kons, "response_searchME_spouse":response_searchME_spouse])): Send request successfully

2022-11-28 16:43:51 - [MESSAGE][INFO] - HAR: D:\DMS\Engine Scoring\Reports\20221128_164243\Exclude KKB - DS - Married\Scoring Married - DS\20221128_164244\requests\main\15.har

2022-11-28 16:43:51 - [MESSAGE][PASSED] - Send request successfully

2022-11-28 16:43:51 - [TEST_STEP][PASSED] - verifyResponseStatusCode(scoring, 200): Verify response status code successfully

2022-11-28 16:43:51 - [MESSAGE][PASSED] - Verify response status code successfully

2022-11-28 16:43:51 - [TEST_STEP][PASSED] - response2 = scoring.getResponseText(): null

2022-11-28 16:43:51 - [TEST_STEP][PASSED] - markPassed("result service data ke : " + no): result service data ke : 8

2022-11-28 16:43:51 - [MESSAGE][PASSED] - result service data ke : 8

2022-11-28 16:43:51 - [TEST_STEP][PASSED] - logInfo($response2): {"result_konsumen":"Reject","result_pasangan":"Reject","Final_result":"Reject","errorMessage":"","status":"Done"}

2022-11-28 16:43:51 - [MESSAGE][INFO] - {"result_konsumen":"Reject","result_pasangan":"Reject","Final_result":"Reject","errorMessage":"","status":"Done"}

2022-11-28 16:43:51 - [TEST_STEP][PASSED] - verifyElementPropertyValue(scoring, "Final_result", final_result): Verify element property value successfully

2022-11-28 16:43:51 - [MESSAGE][PASSED] - Verify element property value successfully]]></system-out>
         <system-err><![CDATA[]]></system-err>
      </testcase>
      <testcase name="Test Cases/Engine_Scoring/Engine Scoring" time="6.625" classname="Test Cases/Engine_Scoring/Engine Scoring" status="PASSED">
         <system-out><![CDATA[2022-11-28 16:43:51 - [TEST_CASE][PASSED] - Test Cases/Engine_Scoring/Engine Scoring: Test Cases/Engine_Scoring/Engine Scoring

2022-11-28 16:43:52 - [TEST_STEP][PASSED] - markPassed("Variasi data ke : " + no): Variasi data ke : 9

2022-11-28 16:43:52 - [MESSAGE][PASSED] - Variasi data ke : 9

2022-11-28 16:43:52 - [TEST_STEP][PASSED] - req_data = sendRequest(findTestObject("Search_ME", ["MID":MID, "source":source, "ip":ip, "userid":userid, "branch":branch, "tipekons":tipekons, "marital":marital, "penjamin":penjamin, ... ])): Send request successfully

2022-11-28 16:43:53 - [MESSAGE][INFO] - HAR: D:\DMS\Engine Scoring\Reports\20221128_164243\Exclude KKB - DS - Married\Scoring Married - DS\20221128_164244\requests\main\16.har

2022-11-28 16:43:53 - [MESSAGE][PASSED] - Send request successfully

2022-11-28 16:43:53 - [TEST_STEP][PASSED] - slurper = new groovy.json.JsonSlurper(): null

2022-11-28 16:43:53 - [TEST_STEP][PASSED] - result = slurper.parseText(req_data.getResponseBodyContent()): null

2022-11-28 16:43:53 - [TEST_STEP][PASSED] - reqid_kons = requestid1: null

2022-11-28 16:43:53 - [TEST_STEP][PASSED] - reqid_spouse = requestid2: null

2022-11-28 16:43:53 - [TEST_STEP][PASSED] - println("requestid kons : " + reqid_kons): null

2022-11-28 16:43:53 - [TEST_STEP][PASSED] - response_searchME_kons = reqid_kons: null

2022-11-28 16:43:53 - [TEST_STEP][PASSED] - response_searchME_spouse = reqid_spouse: null

2022-11-28 16:43:53 - [TEST_STEP][PASSED] - println("kons req id is :" + response_searchME_kons): null

2022-11-28 16:43:53 - [TEST_STEP][PASSED] - println("spouse req id is : " + response_searchME_spouse): null

2022-11-28 16:43:53 - [TEST_STEP][PASSED] - verifyResponseStatusCode(req_data, 200): Verify response status code successfully

2022-11-28 16:43:53 - [MESSAGE][PASSED] - Verify response status code successfully

2022-11-28 16:43:53 - [TEST_STEP][PASSED] - response = req_data.getResponseText(): null

2022-11-28 16:43:53 - [TEST_STEP][PASSED] - logInfo($response): {"status":"Done","data":{"requestid1":"256682","requestid2":"256683"}}

2022-11-28 16:43:53 - [MESSAGE][INFO] - {"status":"Done","data":{"requestid1":"256682","requestid2":"256683"}}

2022-11-28 16:43:53 - [TEST_STEP][PASSED] - delay(5): Delayed 5 second(s)

2022-11-28 16:43:58 - [MESSAGE][PASSED] - Delayed 5 second(s)

2022-11-28 16:43:58 - [TEST_STEP][PASSED] - scoring = sendRequest(findTestObject("EngineScore", ["response_searchME_kons":response_searchME_kons, "response_searchME_spouse":response_searchME_spouse])): Send request successfully

2022-11-28 16:43:58 - [MESSAGE][INFO] - HAR: D:\DMS\Engine Scoring\Reports\20221128_164243\Exclude KKB - DS - Married\Scoring Married - DS\20221128_164244\requests\main\17.har

2022-11-28 16:43:58 - [MESSAGE][PASSED] - Send request successfully

2022-11-28 16:43:58 - [TEST_STEP][PASSED] - verifyResponseStatusCode(scoring, 200): Verify response status code successfully

2022-11-28 16:43:58 - [MESSAGE][PASSED] - Verify response status code successfully

2022-11-28 16:43:58 - [TEST_STEP][PASSED] - response2 = scoring.getResponseText(): null

2022-11-28 16:43:58 - [TEST_STEP][PASSED] - markPassed("result service data ke : " + no): result service data ke : 9

2022-11-28 16:43:58 - [MESSAGE][PASSED] - result service data ke : 9

2022-11-28 16:43:58 - [TEST_STEP][PASSED] - logInfo($response2): {"result_konsumen":"Reject","result_pasangan":"Reject","Final_result":"Reject","errorMessage":"","status":"Done"}

2022-11-28 16:43:58 - [MESSAGE][INFO] - {"result_konsumen":"Reject","result_pasangan":"Reject","Final_result":"Reject","errorMessage":"","status":"Done"}

2022-11-28 16:43:58 - [TEST_STEP][PASSED] - verifyElementPropertyValue(scoring, "Final_result", final_result): Verify element property value successfully

2022-11-28 16:43:58 - [MESSAGE][PASSED] - Verify element property value successfully]]></system-out>
         <system-err><![CDATA[]]></system-err>
      </testcase>
      <testcase name="Test Cases/Engine_Scoring/Engine Scoring" time="6.561" classname="Test Cases/Engine_Scoring/Engine Scoring" status="PASSED">
         <system-out><![CDATA[2022-11-28 16:43:58 - [TEST_CASE][PASSED] - Test Cases/Engine_Scoring/Engine Scoring: Test Cases/Engine_Scoring/Engine Scoring

2022-11-28 16:43:59 - [TEST_STEP][PASSED] - markPassed("Variasi data ke : " + no): Variasi data ke : 10

2022-11-28 16:43:59 - [MESSAGE][PASSED] - Variasi data ke : 10

2022-11-28 16:43:59 - [TEST_STEP][PASSED] - req_data = sendRequest(findTestObject("Search_ME", ["MID":MID, "source":source, "ip":ip, "userid":userid, "branch":branch, "tipekons":tipekons, "marital":marital, "penjamin":penjamin, ... ])): Send request successfully

2022-11-28 16:44:00 - [MESSAGE][INFO] - HAR: D:\DMS\Engine Scoring\Reports\20221128_164243\Exclude KKB - DS - Married\Scoring Married - DS\20221128_164244\requests\main\18.har

2022-11-28 16:44:00 - [MESSAGE][PASSED] - Send request successfully

2022-11-28 16:44:00 - [TEST_STEP][PASSED] - slurper = new groovy.json.JsonSlurper(): null

2022-11-28 16:44:00 - [TEST_STEP][PASSED] - result = slurper.parseText(req_data.getResponseBodyContent()): null

2022-11-28 16:44:00 - [TEST_STEP][PASSED] - reqid_kons = requestid1: null

2022-11-28 16:44:00 - [TEST_STEP][PASSED] - reqid_spouse = requestid2: null

2022-11-28 16:44:00 - [TEST_STEP][PASSED] - println("requestid kons : " + reqid_kons): null

2022-11-28 16:44:00 - [TEST_STEP][PASSED] - response_searchME_kons = reqid_kons: null

2022-11-28 16:44:00 - [TEST_STEP][PASSED] - response_searchME_spouse = reqid_spouse: null

2022-11-28 16:44:00 - [TEST_STEP][PASSED] - println("kons req id is :" + response_searchME_kons): null

2022-11-28 16:44:00 - [TEST_STEP][PASSED] - println("spouse req id is : " + response_searchME_spouse): null

2022-11-28 16:44:00 - [TEST_STEP][PASSED] - verifyResponseStatusCode(req_data, 200): Verify response status code successfully

2022-11-28 16:44:00 - [MESSAGE][PASSED] - Verify response status code successfully

2022-11-28 16:44:00 - [TEST_STEP][PASSED] - response = req_data.getResponseText(): null

2022-11-28 16:44:00 - [TEST_STEP][PASSED] - logInfo($response): {"status":"Done","data":{"requestid1":"256684","requestid2":"256685"}}

2022-11-28 16:44:00 - [MESSAGE][INFO] - {"status":"Done","data":{"requestid1":"256684","requestid2":"256685"}}

2022-11-28 16:44:00 - [TEST_STEP][PASSED] - delay(5): Delayed 5 second(s)

2022-11-28 16:44:05 - [MESSAGE][PASSED] - Delayed 5 second(s)

2022-11-28 16:44:05 - [TEST_STEP][PASSED] - scoring = sendRequest(findTestObject("EngineScore", ["response_searchME_kons":response_searchME_kons, "response_searchME_spouse":response_searchME_spouse])): Send request successfully

2022-11-28 16:44:05 - [MESSAGE][INFO] - HAR: D:\DMS\Engine Scoring\Reports\20221128_164243\Exclude KKB - DS - Married\Scoring Married - DS\20221128_164244\requests\main\19.har

2022-11-28 16:44:05 - [MESSAGE][PASSED] - Send request successfully

2022-11-28 16:44:05 - [TEST_STEP][PASSED] - verifyResponseStatusCode(scoring, 200): Verify response status code successfully

2022-11-28 16:44:05 - [MESSAGE][PASSED] - Verify response status code successfully

2022-11-28 16:44:05 - [TEST_STEP][PASSED] - response2 = scoring.getResponseText(): null

2022-11-28 16:44:05 - [TEST_STEP][PASSED] - markPassed("result service data ke : " + no): result service data ke : 10

2022-11-28 16:44:05 - [MESSAGE][PASSED] - result service data ke : 10

2022-11-28 16:44:05 - [TEST_STEP][PASSED] - logInfo($response2): {"result_konsumen":"Reject","result_pasangan":"Reguler","Final_result":"Reject","errorMessage":"","status":"Done"}

2022-11-28 16:44:05 - [MESSAGE][INFO] - {"result_konsumen":"Reject","result_pasangan":"Reguler","Final_result":"Reject","errorMessage":"","status":"Done"}

2022-11-28 16:44:05 - [TEST_STEP][PASSED] - verifyElementPropertyValue(scoring, "Final_result", final_result): Verify element property value successfully

2022-11-28 16:44:05 - [MESSAGE][PASSED] - Verify element property value successfully]]></system-out>
         <system-err><![CDATA[]]></system-err>
      </testcase>
      <testcase name="Test Cases/Engine_Scoring/Engine Scoring" time="7.266" classname="Test Cases/Engine_Scoring/Engine Scoring" status="PASSED">
         <system-out><![CDATA[2022-11-28 16:44:05 - [TEST_CASE][PASSED] - Test Cases/Engine_Scoring/Engine Scoring: Test Cases/Engine_Scoring/Engine Scoring

2022-11-28 16:44:05 - [TEST_STEP][PASSED] - markPassed("Variasi data ke : " + no): Variasi data ke : 11

2022-11-28 16:44:05 - [MESSAGE][PASSED] - Variasi data ke : 11

2022-11-28 16:44:05 - [TEST_STEP][PASSED] - req_data = sendRequest(findTestObject("Search_ME", ["MID":MID, "source":source, "ip":ip, "userid":userid, "branch":branch, "tipekons":tipekons, "marital":marital, "penjamin":penjamin, ... ])): Send request successfully

2022-11-28 16:44:06 - [MESSAGE][INFO] - HAR: D:\DMS\Engine Scoring\Reports\20221128_164243\Exclude KKB - DS - Married\Scoring Married - DS\20221128_164244\requests\main\20.har

2022-11-28 16:44:06 - [MESSAGE][PASSED] - Send request successfully

2022-11-28 16:44:06 - [TEST_STEP][PASSED] - slurper = new groovy.json.JsonSlurper(): null

2022-11-28 16:44:06 - [TEST_STEP][PASSED] - result = slurper.parseText(req_data.getResponseBodyContent()): null

2022-11-28 16:44:06 - [TEST_STEP][PASSED] - reqid_kons = requestid1: null

2022-11-28 16:44:06 - [TEST_STEP][PASSED] - reqid_spouse = requestid2: null

2022-11-28 16:44:06 - [TEST_STEP][PASSED] - println("requestid kons : " + reqid_kons): null

2022-11-28 16:44:06 - [TEST_STEP][PASSED] - response_searchME_kons = reqid_kons: null

2022-11-28 16:44:06 - [TEST_STEP][PASSED] - response_searchME_spouse = reqid_spouse: null

2022-11-28 16:44:06 - [TEST_STEP][PASSED] - println("kons req id is :" + response_searchME_kons): null

2022-11-28 16:44:06 - [TEST_STEP][PASSED] - println("spouse req id is : " + response_searchME_spouse): null

2022-11-28 16:44:06 - [TEST_STEP][PASSED] - verifyResponseStatusCode(req_data, 200): Verify response status code successfully

2022-11-28 16:44:06 - [MESSAGE][PASSED] - Verify response status code successfully

2022-11-28 16:44:06 - [TEST_STEP][PASSED] - response = req_data.getResponseText(): null

2022-11-28 16:44:06 - [TEST_STEP][PASSED] - logInfo($response): {"status":"Done","data":{"requestid1":"256686","requestid2":"256687"}}

2022-11-28 16:44:06 - [MESSAGE][INFO] - {"status":"Done","data":{"requestid1":"256686","requestid2":"256687"}}

2022-11-28 16:44:06 - [TEST_STEP][PASSED] - delay(5): Delayed 5 second(s)

2022-11-28 16:44:11 - [MESSAGE][PASSED] - Delayed 5 second(s)

2022-11-28 16:44:11 - [TEST_STEP][PASSED] - scoring = sendRequest(findTestObject("EngineScore", ["response_searchME_kons":response_searchME_kons, "response_searchME_spouse":response_searchME_spouse])): Send request successfully

2022-11-28 16:44:12 - [MESSAGE][INFO] - HAR: D:\DMS\Engine Scoring\Reports\20221128_164243\Exclude KKB - DS - Married\Scoring Married - DS\20221128_164244\requests\main\21.har

2022-11-28 16:44:12 - [MESSAGE][PASSED] - Send request successfully

2022-11-28 16:44:12 - [TEST_STEP][PASSED] - verifyResponseStatusCode(scoring, 200): Verify response status code successfully

2022-11-28 16:44:12 - [MESSAGE][PASSED] - Verify response status code successfully

2022-11-28 16:44:12 - [TEST_STEP][PASSED] - response2 = scoring.getResponseText(): null

2022-11-28 16:44:12 - [TEST_STEP][PASSED] - markPassed("result service data ke : " + no): result service data ke : 11

2022-11-28 16:44:12 - [MESSAGE][PASSED] - result service data ke : 11

2022-11-28 16:44:12 - [TEST_STEP][PASSED] - logInfo($response2): {"result_konsumen":"Reject","result_pasangan":"Reguler","Final_result":"Reject","errorMessage":"","status":"Done"}

2022-11-28 16:44:12 - [MESSAGE][INFO] - {"result_konsumen":"Reject","result_pasangan":"Reguler","Final_result":"Reject","errorMessage":"","status":"Done"}

2022-11-28 16:44:12 - [TEST_STEP][PASSED] - verifyElementPropertyValue(scoring, "Final_result", final_result): Verify element property value successfully

2022-11-28 16:44:12 - [MESSAGE][PASSED] - Verify element property value successfully]]></system-out>
         <system-err><![CDATA[]]></system-err>
      </testcase>
      <testcase name="Test Cases/Engine_Scoring/Engine Scoring" time="6.547" classname="Test Cases/Engine_Scoring/Engine Scoring" status="PASSED">
         <system-out><![CDATA[2022-11-28 16:44:12 - [TEST_CASE][PASSED] - Test Cases/Engine_Scoring/Engine Scoring: Test Cases/Engine_Scoring/Engine Scoring

2022-11-28 16:44:13 - [TEST_STEP][PASSED] - markPassed("Variasi data ke : " + no): Variasi data ke : 12

2022-11-28 16:44:13 - [MESSAGE][PASSED] - Variasi data ke : 12

2022-11-28 16:44:13 - [TEST_STEP][PASSED] - req_data = sendRequest(findTestObject("Search_ME", ["MID":MID, "source":source, "ip":ip, "userid":userid, "branch":branch, "tipekons":tipekons, "marital":marital, "penjamin":penjamin, ... ])): Send request successfully

2022-11-28 16:44:13 - [MESSAGE][INFO] - HAR: D:\DMS\Engine Scoring\Reports\20221128_164243\Exclude KKB - DS - Married\Scoring Married - DS\20221128_164244\requests\main\22.har

2022-11-28 16:44:13 - [MESSAGE][PASSED] - Send request successfully

2022-11-28 16:44:13 - [TEST_STEP][PASSED] - slurper = new groovy.json.JsonSlurper(): null

2022-11-28 16:44:13 - [TEST_STEP][PASSED] - result = slurper.parseText(req_data.getResponseBodyContent()): null

2022-11-28 16:44:13 - [TEST_STEP][PASSED] - reqid_kons = requestid1: null

2022-11-28 16:44:13 - [TEST_STEP][PASSED] - reqid_spouse = requestid2: null

2022-11-28 16:44:13 - [TEST_STEP][PASSED] - println("requestid kons : " + reqid_kons): null

2022-11-28 16:44:13 - [TEST_STEP][PASSED] - response_searchME_kons = reqid_kons: null

2022-11-28 16:44:13 - [TEST_STEP][PASSED] - response_searchME_spouse = reqid_spouse: null

2022-11-28 16:44:13 - [TEST_STEP][PASSED] - println("kons req id is :" + response_searchME_kons): null

2022-11-28 16:44:13 - [TEST_STEP][PASSED] - println("spouse req id is : " + response_searchME_spouse): null

2022-11-28 16:44:13 - [TEST_STEP][PASSED] - verifyResponseStatusCode(req_data, 200): Verify response status code successfully

2022-11-28 16:44:13 - [MESSAGE][PASSED] - Verify response status code successfully

2022-11-28 16:44:13 - [TEST_STEP][PASSED] - response = req_data.getResponseText(): null

2022-11-28 16:44:13 - [TEST_STEP][PASSED] - logInfo($response): {"status":"Done","data":{"requestid1":"256688","requestid2":"256689"}}

2022-11-28 16:44:13 - [MESSAGE][INFO] - {"status":"Done","data":{"requestid1":"256688","requestid2":"256689"}}

2022-11-28 16:44:13 - [TEST_STEP][PASSED] - delay(5): Delayed 5 second(s)

2022-11-28 16:44:18 - [MESSAGE][PASSED] - Delayed 5 second(s)

2022-11-28 16:44:18 - [TEST_STEP][PASSED] - scoring = sendRequest(findTestObject("EngineScore", ["response_searchME_kons":response_searchME_kons, "response_searchME_spouse":response_searchME_spouse])): Send request successfully

2022-11-28 16:44:19 - [MESSAGE][INFO] - HAR: D:\DMS\Engine Scoring\Reports\20221128_164243\Exclude KKB - DS - Married\Scoring Married - DS\20221128_164244\requests\main\23.har

2022-11-28 16:44:19 - [MESSAGE][PASSED] - Send request successfully

2022-11-28 16:44:19 - [TEST_STEP][PASSED] - verifyResponseStatusCode(scoring, 200): Verify response status code successfully

2022-11-28 16:44:19 - [MESSAGE][PASSED] - Verify response status code successfully

2022-11-28 16:44:19 - [TEST_STEP][PASSED] - response2 = scoring.getResponseText(): null

2022-11-28 16:44:19 - [TEST_STEP][PASSED] - markPassed("result service data ke : " + no): result service data ke : 12

2022-11-28 16:44:19 - [MESSAGE][PASSED] - result service data ke : 12

2022-11-28 16:44:19 - [TEST_STEP][PASSED] - logInfo($response2): {"result_konsumen":"Reject","result_pasangan":"Reguler","Final_result":"Reject","errorMessage":"","status":"Done"}

2022-11-28 16:44:19 - [MESSAGE][INFO] - {"result_konsumen":"Reject","result_pasangan":"Reguler","Final_result":"Reject","errorMessage":"","status":"Done"}

2022-11-28 16:44:19 - [TEST_STEP][PASSED] - verifyElementPropertyValue(scoring, "Final_result", final_result): Verify element property value successfully

2022-11-28 16:44:19 - [MESSAGE][PASSED] - Verify element property value successfully]]></system-out>
         <system-err><![CDATA[]]></system-err>
      </testcase>
      <testcase name="Test Cases/Engine_Scoring/Engine Scoring" time="6.61" classname="Test Cases/Engine_Scoring/Engine Scoring" status="PASSED">
         <system-out><![CDATA[2022-11-28 16:44:19 - [TEST_CASE][PASSED] - Test Cases/Engine_Scoring/Engine Scoring: Test Cases/Engine_Scoring/Engine Scoring

2022-11-28 16:44:19 - [TEST_STEP][PASSED] - markPassed("Variasi data ke : " + no): Variasi data ke : 13

2022-11-28 16:44:19 - [MESSAGE][PASSED] - Variasi data ke : 13

2022-11-28 16:44:19 - [TEST_STEP][PASSED] - req_data = sendRequest(findTestObject("Search_ME", ["MID":MID, "source":source, "ip":ip, "userid":userid, "branch":branch, "tipekons":tipekons, "marital":marital, "penjamin":penjamin, ... ])): Send request successfully

2022-11-28 16:44:20 - [MESSAGE][INFO] - HAR: D:\DMS\Engine Scoring\Reports\20221128_164243\Exclude KKB - DS - Married\Scoring Married - DS\20221128_164244\requests\main\24.har

2022-11-28 16:44:20 - [MESSAGE][PASSED] - Send request successfully

2022-11-28 16:44:20 - [TEST_STEP][PASSED] - slurper = new groovy.json.JsonSlurper(): null

2022-11-28 16:44:20 - [TEST_STEP][PASSED] - result = slurper.parseText(req_data.getResponseBodyContent()): null

2022-11-28 16:44:20 - [TEST_STEP][PASSED] - reqid_kons = requestid1: null

2022-11-28 16:44:20 - [TEST_STEP][PASSED] - reqid_spouse = requestid2: null

2022-11-28 16:44:20 - [TEST_STEP][PASSED] - println("requestid kons : " + reqid_kons): null

2022-11-28 16:44:20 - [TEST_STEP][PASSED] - response_searchME_kons = reqid_kons: null

2022-11-28 16:44:20 - [TEST_STEP][PASSED] - response_searchME_spouse = reqid_spouse: null

2022-11-28 16:44:20 - [TEST_STEP][PASSED] - println("kons req id is :" + response_searchME_kons): null

2022-11-28 16:44:20 - [TEST_STEP][PASSED] - println("spouse req id is : " + response_searchME_spouse): null

2022-11-28 16:44:20 - [TEST_STEP][PASSED] - verifyResponseStatusCode(req_data, 200): Verify response status code successfully

2022-11-28 16:44:20 - [MESSAGE][PASSED] - Verify response status code successfully

2022-11-28 16:44:20 - [TEST_STEP][PASSED] - response = req_data.getResponseText(): null

2022-11-28 16:44:20 - [TEST_STEP][PASSED] - logInfo($response): {"status":"Done","data":{"requestid1":"256690","requestid2":"256691"}}

2022-11-28 16:44:20 - [MESSAGE][INFO] - {"status":"Done","data":{"requestid1":"256690","requestid2":"256691"}}

2022-11-28 16:44:20 - [TEST_STEP][PASSED] - delay(5): Delayed 5 second(s)

2022-11-28 16:44:25 - [MESSAGE][PASSED] - Delayed 5 second(s)

2022-11-28 16:44:25 - [TEST_STEP][PASSED] - scoring = sendRequest(findTestObject("EngineScore", ["response_searchME_kons":response_searchME_kons, "response_searchME_spouse":response_searchME_spouse])): Send request successfully

2022-11-28 16:44:25 - [MESSAGE][INFO] - HAR: D:\DMS\Engine Scoring\Reports\20221128_164243\Exclude KKB - DS - Married\Scoring Married - DS\20221128_164244\requests\main\25.har

2022-11-28 16:44:25 - [MESSAGE][PASSED] - Send request successfully

2022-11-28 16:44:25 - [TEST_STEP][PASSED] - verifyResponseStatusCode(scoring, 200): Verify response status code successfully

2022-11-28 16:44:25 - [MESSAGE][PASSED] - Verify response status code successfully

2022-11-28 16:44:25 - [TEST_STEP][PASSED] - response2 = scoring.getResponseText(): null

2022-11-28 16:44:25 - [TEST_STEP][PASSED] - markPassed("result service data ke : " + no): result service data ke : 13

2022-11-28 16:44:25 - [MESSAGE][PASSED] - result service data ke : 13

2022-11-28 16:44:25 - [TEST_STEP][PASSED] - logInfo($response2): {"result_konsumen":"Reject","result_pasangan":"Approve","Final_result":"Reject","errorMessage":"","status":"Done"}

2022-11-28 16:44:25 - [MESSAGE][INFO] - {"result_konsumen":"Reject","result_pasangan":"Approve","Final_result":"Reject","errorMessage":"","status":"Done"}

2022-11-28 16:44:25 - [TEST_STEP][PASSED] - verifyElementPropertyValue(scoring, "Final_result", final_result): Verify element property value successfully

2022-11-28 16:44:25 - [MESSAGE][PASSED] - Verify element property value successfully]]></system-out>
         <system-err><![CDATA[]]></system-err>
      </testcase>
      <testcase name="Test Cases/Engine_Scoring/Engine Scoring" time="7.112" classname="Test Cases/Engine_Scoring/Engine Scoring" status="PASSED">
         <system-out><![CDATA[2022-11-28 16:44:25 - [TEST_CASE][PASSED] - Test Cases/Engine_Scoring/Engine Scoring: Test Cases/Engine_Scoring/Engine Scoring

2022-11-28 16:44:26 - [TEST_STEP][PASSED] - markPassed("Variasi data ke : " + no): Variasi data ke : 14

2022-11-28 16:44:26 - [MESSAGE][PASSED] - Variasi data ke : 14

2022-11-28 16:44:26 - [TEST_STEP][PASSED] - req_data = sendRequest(findTestObject("Search_ME", ["MID":MID, "source":source, "ip":ip, "userid":userid, "branch":branch, "tipekons":tipekons, "marital":marital, "penjamin":penjamin, ... ])): Send request successfully

2022-11-28 16:44:27 - [MESSAGE][INFO] - HAR: D:\DMS\Engine Scoring\Reports\20221128_164243\Exclude KKB - DS - Married\Scoring Married - DS\20221128_164244\requests\main\26.har

2022-11-28 16:44:27 - [MESSAGE][PASSED] - Send request successfully

2022-11-28 16:44:27 - [TEST_STEP][PASSED] - slurper = new groovy.json.JsonSlurper(): null

2022-11-28 16:44:27 - [TEST_STEP][PASSED] - result = slurper.parseText(req_data.getResponseBodyContent()): null

2022-11-28 16:44:27 - [TEST_STEP][PASSED] - reqid_kons = requestid1: null

2022-11-28 16:44:27 - [TEST_STEP][PASSED] - reqid_spouse = requestid2: null

2022-11-28 16:44:27 - [TEST_STEP][PASSED] - println("requestid kons : " + reqid_kons): null

2022-11-28 16:44:27 - [TEST_STEP][PASSED] - response_searchME_kons = reqid_kons: null

2022-11-28 16:44:27 - [TEST_STEP][PASSED] - response_searchME_spouse = reqid_spouse: null

2022-11-28 16:44:27 - [TEST_STEP][PASSED] - println("kons req id is :" + response_searchME_kons): null

2022-11-28 16:44:27 - [TEST_STEP][PASSED] - println("spouse req id is : " + response_searchME_spouse): null

2022-11-28 16:44:27 - [TEST_STEP][PASSED] - verifyResponseStatusCode(req_data, 200): Verify response status code successfully

2022-11-28 16:44:27 - [MESSAGE][PASSED] - Verify response status code successfully

2022-11-28 16:44:27 - [TEST_STEP][PASSED] - response = req_data.getResponseText(): null

2022-11-28 16:44:27 - [TEST_STEP][PASSED] - logInfo($response): {"status":"Done","data":{"requestid1":"256692","requestid2":"256693"}}

2022-11-28 16:44:27 - [MESSAGE][INFO] - {"status":"Done","data":{"requestid1":"256692","requestid2":"256693"}}

2022-11-28 16:44:27 - [TEST_STEP][PASSED] - delay(5): Delayed 5 second(s)

2022-11-28 16:44:32 - [MESSAGE][PASSED] - Delayed 5 second(s)

2022-11-28 16:44:32 - [TEST_STEP][PASSED] - scoring = sendRequest(findTestObject("EngineScore", ["response_searchME_kons":response_searchME_kons, "response_searchME_spouse":response_searchME_spouse])): Send request successfully

2022-11-28 16:44:32 - [MESSAGE][INFO] - HAR: D:\DMS\Engine Scoring\Reports\20221128_164243\Exclude KKB - DS - Married\Scoring Married - DS\20221128_164244\requests\main\27.har

2022-11-28 16:44:32 - [MESSAGE][PASSED] - Send request successfully

2022-11-28 16:44:32 - [TEST_STEP][PASSED] - verifyResponseStatusCode(scoring, 200): Verify response status code successfully

2022-11-28 16:44:32 - [MESSAGE][PASSED] - Verify response status code successfully

2022-11-28 16:44:32 - [TEST_STEP][PASSED] - response2 = scoring.getResponseText(): null

2022-11-28 16:44:32 - [TEST_STEP][PASSED] - markPassed("result service data ke : " + no): result service data ke : 14

2022-11-28 16:44:32 - [MESSAGE][PASSED] - result service data ke : 14

2022-11-28 16:44:32 - [TEST_STEP][PASSED] - logInfo($response2): {"result_konsumen":"Reject","result_pasangan":"Approve","Final_result":"Reject","errorMessage":"","status":"Done"}

2022-11-28 16:44:32 - [MESSAGE][INFO] - {"result_konsumen":"Reject","result_pasangan":"Approve","Final_result":"Reject","errorMessage":"","status":"Done"}

2022-11-28 16:44:32 - [TEST_STEP][PASSED] - verifyElementPropertyValue(scoring, "Final_result", final_result): Verify element property value successfully

2022-11-28 16:44:32 - [MESSAGE][PASSED] - Verify element property value successfully]]></system-out>
         <system-err><![CDATA[]]></system-err>
      </testcase>
      <testcase name="Test Cases/Engine_Scoring/Engine Scoring" time="6.583" classname="Test Cases/Engine_Scoring/Engine Scoring" status="PASSED">
         <system-out><![CDATA[2022-11-28 16:44:32 - [TEST_CASE][PASSED] - Test Cases/Engine_Scoring/Engine Scoring: Test Cases/Engine_Scoring/Engine Scoring

2022-11-28 16:44:33 - [TEST_STEP][PASSED] - markPassed("Variasi data ke : " + no): Variasi data ke : 15

2022-11-28 16:44:33 - [MESSAGE][PASSED] - Variasi data ke : 15

2022-11-28 16:44:33 - [TEST_STEP][PASSED] - req_data = sendRequest(findTestObject("Search_ME", ["MID":MID, "source":source, "ip":ip, "userid":userid, "branch":branch, "tipekons":tipekons, "marital":marital, "penjamin":penjamin, ... ])): Send request successfully

2022-11-28 16:44:34 - [MESSAGE][INFO] - HAR: D:\DMS\Engine Scoring\Reports\20221128_164243\Exclude KKB - DS - Married\Scoring Married - DS\20221128_164244\requests\main\28.har

2022-11-28 16:44:34 - [MESSAGE][PASSED] - Send request successfully

2022-11-28 16:44:34 - [TEST_STEP][PASSED] - slurper = new groovy.json.JsonSlurper(): null

2022-11-28 16:44:34 - [TEST_STEP][PASSED] - result = slurper.parseText(req_data.getResponseBodyContent()): null

2022-11-28 16:44:34 - [TEST_STEP][PASSED] - reqid_kons = requestid1: null

2022-11-28 16:44:34 - [TEST_STEP][PASSED] - reqid_spouse = requestid2: null

2022-11-28 16:44:34 - [TEST_STEP][PASSED] - println("requestid kons : " + reqid_kons): null

2022-11-28 16:44:34 - [TEST_STEP][PASSED] - response_searchME_kons = reqid_kons: null

2022-11-28 16:44:34 - [TEST_STEP][PASSED] - response_searchME_spouse = reqid_spouse: null

2022-11-28 16:44:34 - [TEST_STEP][PASSED] - println("kons req id is :" + response_searchME_kons): null

2022-11-28 16:44:34 - [TEST_STEP][PASSED] - println("spouse req id is : " + response_searchME_spouse): null

2022-11-28 16:44:34 - [TEST_STEP][PASSED] - verifyResponseStatusCode(req_data, 200): Verify response status code successfully

2022-11-28 16:44:34 - [MESSAGE][PASSED] - Verify response status code successfully

2022-11-28 16:44:34 - [TEST_STEP][PASSED] - response = req_data.getResponseText(): null

2022-11-28 16:44:34 - [TEST_STEP][PASSED] - logInfo($response): {"status":"Done","data":{"requestid1":"256694","requestid2":"256695"}}

2022-11-28 16:44:34 - [MESSAGE][INFO] - {"status":"Done","data":{"requestid1":"256694","requestid2":"256695"}}

2022-11-28 16:44:34 - [TEST_STEP][PASSED] - delay(5): Delayed 5 second(s)

2022-11-28 16:44:39 - [MESSAGE][PASSED] - Delayed 5 second(s)

2022-11-28 16:44:39 - [TEST_STEP][PASSED] - scoring = sendRequest(findTestObject("EngineScore", ["response_searchME_kons":response_searchME_kons, "response_searchME_spouse":response_searchME_spouse])): Send request successfully

2022-11-28 16:44:39 - [MESSAGE][INFO] - HAR: D:\DMS\Engine Scoring\Reports\20221128_164243\Exclude KKB - DS - Married\Scoring Married - DS\20221128_164244\requests\main\29.har

2022-11-28 16:44:39 - [MESSAGE][PASSED] - Send request successfully

2022-11-28 16:44:39 - [TEST_STEP][PASSED] - verifyResponseStatusCode(scoring, 200): Verify response status code successfully

2022-11-28 16:44:39 - [MESSAGE][PASSED] - Verify response status code successfully

2022-11-28 16:44:39 - [TEST_STEP][PASSED] - response2 = scoring.getResponseText(): null

2022-11-28 16:44:39 - [TEST_STEP][PASSED] - markPassed("result service data ke : " + no): result service data ke : 15

2022-11-28 16:44:39 - [MESSAGE][PASSED] - result service data ke : 15

2022-11-28 16:44:39 - [TEST_STEP][PASSED] - logInfo($response2): {"result_konsumen":"Reject","result_pasangan":"Approve","Final_result":"Reject","errorMessage":"","status":"Done"}

2022-11-28 16:44:39 - [MESSAGE][INFO] - {"result_konsumen":"Reject","result_pasangan":"Approve","Final_result":"Reject","errorMessage":"","status":"Done"}

2022-11-28 16:44:39 - [TEST_STEP][PASSED] - verifyElementPropertyValue(scoring, "Final_result", final_result): Verify element property value successfully

2022-11-28 16:44:39 - [MESSAGE][PASSED] - Verify element property value successfully]]></system-out>
         <system-err><![CDATA[]]></system-err>
      </testcase>
      <testcase name="Test Cases/Engine_Scoring/Engine Scoring" time="7.414" classname="Test Cases/Engine_Scoring/Engine Scoring" status="PASSED">
         <system-out><![CDATA[2022-11-28 16:44:39 - [TEST_CASE][PASSED] - Test Cases/Engine_Scoring/Engine Scoring: Test Cases/Engine_Scoring/Engine Scoring

2022-11-28 16:44:40 - [TEST_STEP][PASSED] - markPassed("Variasi data ke : " + no): Variasi data ke : 16

2022-11-28 16:44:40 - [MESSAGE][PASSED] - Variasi data ke : 16

2022-11-28 16:44:40 - [TEST_STEP][PASSED] - req_data = sendRequest(findTestObject("Search_ME", ["MID":MID, "source":source, "ip":ip, "userid":userid, "branch":branch, "tipekons":tipekons, "marital":marital, "penjamin":penjamin, ... ])): Send request successfully

2022-11-28 16:44:41 - [MESSAGE][INFO] - HAR: D:\DMS\Engine Scoring\Reports\20221128_164243\Exclude KKB - DS - Married\Scoring Married - DS\20221128_164244\requests\main\30.har

2022-11-28 16:44:41 - [MESSAGE][PASSED] - Send request successfully

2022-11-28 16:44:41 - [TEST_STEP][PASSED] - slurper = new groovy.json.JsonSlurper(): null

2022-11-28 16:44:41 - [TEST_STEP][PASSED] - result = slurper.parseText(req_data.getResponseBodyContent()): null

2022-11-28 16:44:41 - [TEST_STEP][PASSED] - reqid_kons = requestid1: null

2022-11-28 16:44:41 - [TEST_STEP][PASSED] - reqid_spouse = requestid2: null

2022-11-28 16:44:41 - [TEST_STEP][PASSED] - println("requestid kons : " + reqid_kons): null

2022-11-28 16:44:41 - [TEST_STEP][PASSED] - response_searchME_kons = reqid_kons: null

2022-11-28 16:44:41 - [TEST_STEP][PASSED] - response_searchME_spouse = reqid_spouse: null

2022-11-28 16:44:41 - [TEST_STEP][PASSED] - println("kons req id is :" + response_searchME_kons): null

2022-11-28 16:44:41 - [TEST_STEP][PASSED] - println("spouse req id is : " + response_searchME_spouse): null

2022-11-28 16:44:41 - [TEST_STEP][PASSED] - verifyResponseStatusCode(req_data, 200): Verify response status code successfully

2022-11-28 16:44:41 - [MESSAGE][PASSED] - Verify response status code successfully

2022-11-28 16:44:41 - [TEST_STEP][PASSED] - response = req_data.getResponseText(): null

2022-11-28 16:44:41 - [TEST_STEP][PASSED] - logInfo($response): {"status":"Done","data":{"requestid1":"256696","requestid2":"256697"}}

2022-11-28 16:44:41 - [MESSAGE][INFO] - {"status":"Done","data":{"requestid1":"256696","requestid2":"256697"}}

2022-11-28 16:44:41 - [TEST_STEP][PASSED] - delay(5): Delayed 5 second(s)

2022-11-28 16:44:46 - [MESSAGE][PASSED] - Delayed 5 second(s)

2022-11-28 16:44:46 - [TEST_STEP][PASSED] - scoring = sendRequest(findTestObject("EngineScore", ["response_searchME_kons":response_searchME_kons, "response_searchME_spouse":response_searchME_spouse])): Send request successfully

2022-11-28 16:44:47 - [MESSAGE][INFO] - HAR: D:\DMS\Engine Scoring\Reports\20221128_164243\Exclude KKB - DS - Married\Scoring Married - DS\20221128_164244\requests\main\31.har

2022-11-28 16:44:47 - [MESSAGE][PASSED] - Send request successfully

2022-11-28 16:44:47 - [TEST_STEP][PASSED] - verifyResponseStatusCode(scoring, 200): Verify response status code successfully

2022-11-28 16:44:47 - [MESSAGE][PASSED] - Verify response status code successfully

2022-11-28 16:44:47 - [TEST_STEP][PASSED] - response2 = scoring.getResponseText(): null

2022-11-28 16:44:47 - [TEST_STEP][PASSED] - markPassed("result service data ke : " + no): result service data ke : 16

2022-11-28 16:44:47 - [MESSAGE][PASSED] - result service data ke : 16

2022-11-28 16:44:47 - [TEST_STEP][PASSED] - logInfo($response2): {"result_konsumen":"Reject","result_pasangan":"Approve","Final_result":"Reject","errorMessage":"","status":"Done"}

2022-11-28 16:44:47 - [MESSAGE][INFO] - {"result_konsumen":"Reject","result_pasangan":"Approve","Final_result":"Reject","errorMessage":"","status":"Done"}

2022-11-28 16:44:47 - [TEST_STEP][PASSED] - verifyElementPropertyValue(scoring, "Final_result", final_result): Verify element property value successfully

2022-11-28 16:44:47 - [MESSAGE][PASSED] - Verify element property value successfully]]></system-out>
         <system-err><![CDATA[]]></system-err>
      </testcase>
      <testcase name="Test Cases/Engine_Scoring/Engine Scoring" time="6.551" classname="Test Cases/Engine_Scoring/Engine Scoring" status="PASSED">
         <system-out><![CDATA[2022-11-28 16:44:47 - [TEST_CASE][PASSED] - Test Cases/Engine_Scoring/Engine Scoring: Test Cases/Engine_Scoring/Engine Scoring

2022-11-28 16:44:47 - [TEST_STEP][PASSED] - markPassed("Variasi data ke : " + no): Variasi data ke : 17

2022-11-28 16:44:47 - [MESSAGE][PASSED] - Variasi data ke : 17

2022-11-28 16:44:47 - [TEST_STEP][PASSED] - req_data = sendRequest(findTestObject("Search_ME", ["MID":MID, "source":source, "ip":ip, "userid":userid, "branch":branch, "tipekons":tipekons, "marital":marital, "penjamin":penjamin, ... ])): Send request successfully

2022-11-28 16:44:48 - [MESSAGE][INFO] - HAR: D:\DMS\Engine Scoring\Reports\20221128_164243\Exclude KKB - DS - Married\Scoring Married - DS\20221128_164244\requests\main\32.har

2022-11-28 16:44:48 - [MESSAGE][PASSED] - Send request successfully

2022-11-28 16:44:48 - [TEST_STEP][PASSED] - slurper = new groovy.json.JsonSlurper(): null

2022-11-28 16:44:48 - [TEST_STEP][PASSED] - result = slurper.parseText(req_data.getResponseBodyContent()): null

2022-11-28 16:44:48 - [TEST_STEP][PASSED] - reqid_kons = requestid1: null

2022-11-28 16:44:48 - [TEST_STEP][PASSED] - reqid_spouse = requestid2: null

2022-11-28 16:44:48 - [TEST_STEP][PASSED] - println("requestid kons : " + reqid_kons): null

2022-11-28 16:44:48 - [TEST_STEP][PASSED] - response_searchME_kons = reqid_kons: null

2022-11-28 16:44:48 - [TEST_STEP][PASSED] - response_searchME_spouse = reqid_spouse: null

2022-11-28 16:44:48 - [TEST_STEP][PASSED] - println("kons req id is :" + response_searchME_kons): null

2022-11-28 16:44:48 - [TEST_STEP][PASSED] - println("spouse req id is : " + response_searchME_spouse): null

2022-11-28 16:44:48 - [TEST_STEP][PASSED] - verifyResponseStatusCode(req_data, 200): Verify response status code successfully

2022-11-28 16:44:48 - [MESSAGE][PASSED] - Verify response status code successfully

2022-11-28 16:44:48 - [TEST_STEP][PASSED] - response = req_data.getResponseText(): null

2022-11-28 16:44:48 - [TEST_STEP][PASSED] - logInfo($response): {"status":"Done","data":{"requestid1":"256698","requestid2":"256699"}}

2022-11-28 16:44:48 - [MESSAGE][INFO] - {"status":"Done","data":{"requestid1":"256698","requestid2":"256699"}}

2022-11-28 16:44:48 - [TEST_STEP][PASSED] - delay(5): Delayed 5 second(s)

2022-11-28 16:44:53 - [MESSAGE][PASSED] - Delayed 5 second(s)

2022-11-28 16:44:53 - [TEST_STEP][PASSED] - scoring = sendRequest(findTestObject("EngineScore", ["response_searchME_kons":response_searchME_kons, "response_searchME_spouse":response_searchME_spouse])): Send request successfully

2022-11-28 16:44:53 - [MESSAGE][INFO] - HAR: D:\DMS\Engine Scoring\Reports\20221128_164243\Exclude KKB - DS - Married\Scoring Married - DS\20221128_164244\requests\main\33.har

2022-11-28 16:44:53 - [MESSAGE][PASSED] - Send request successfully

2022-11-28 16:44:53 - [TEST_STEP][PASSED] - verifyResponseStatusCode(scoring, 200): Verify response status code successfully

2022-11-28 16:44:53 - [MESSAGE][PASSED] - Verify response status code successfully

2022-11-28 16:44:53 - [TEST_STEP][PASSED] - response2 = scoring.getResponseText(): null

2022-11-28 16:44:53 - [TEST_STEP][PASSED] - markPassed("result service data ke : " + no): result service data ke : 17

2022-11-28 16:44:53 - [MESSAGE][PASSED] - result service data ke : 17

2022-11-28 16:44:53 - [TEST_STEP][PASSED] - logInfo($response2): {"result_konsumen":"Reject","result_pasangan":"Reject","Final_result":"Reject","errorMessage":"","status":"Done"}

2022-11-28 16:44:53 - [MESSAGE][INFO] - {"result_konsumen":"Reject","result_pasangan":"Reject","Final_result":"Reject","errorMessage":"","status":"Done"}

2022-11-28 16:44:53 - [TEST_STEP][PASSED] - verifyElementPropertyValue(scoring, "Final_result", final_result): Verify element property value successfully

2022-11-28 16:44:53 - [MESSAGE][PASSED] - Verify element property value successfully]]></system-out>
         <system-err><![CDATA[]]></system-err>
      </testcase>
      <testcase name="Test Cases/Engine_Scoring/Engine Scoring" time="9.209" classname="Test Cases/Engine_Scoring/Engine Scoring" status="PASSED">
         <system-out><![CDATA[2022-11-28 16:44:53 - [TEST_CASE][PASSED] - Test Cases/Engine_Scoring/Engine Scoring: Test Cases/Engine_Scoring/Engine Scoring

2022-11-28 16:44:54 - [TEST_STEP][PASSED] - markPassed("Variasi data ke : " + no): Variasi data ke : 18

2022-11-28 16:44:54 - [MESSAGE][PASSED] - Variasi data ke : 18

2022-11-28 16:44:54 - [TEST_STEP][PASSED] - req_data = sendRequest(findTestObject("Search_ME", ["MID":MID, "source":source, "ip":ip, "userid":userid, "branch":branch, "tipekons":tipekons, "marital":marital, "penjamin":penjamin, ... ])): Send request successfully

2022-11-28 16:44:57 - [MESSAGE][INFO] - HAR: D:\DMS\Engine Scoring\Reports\20221128_164243\Exclude KKB - DS - Married\Scoring Married - DS\20221128_164244\requests\main\34.har

2022-11-28 16:44:57 - [MESSAGE][PASSED] - Send request successfully

2022-11-28 16:44:57 - [TEST_STEP][PASSED] - slurper = new groovy.json.JsonSlurper(): null

2022-11-28 16:44:57 - [TEST_STEP][PASSED] - result = slurper.parseText(req_data.getResponseBodyContent()): null

2022-11-28 16:44:57 - [TEST_STEP][PASSED] - reqid_kons = requestid1: null

2022-11-28 16:44:57 - [TEST_STEP][PASSED] - reqid_spouse = requestid2: null

2022-11-28 16:44:57 - [TEST_STEP][PASSED] - println("requestid kons : " + reqid_kons): null

2022-11-28 16:44:57 - [TEST_STEP][PASSED] - response_searchME_kons = reqid_kons: null

2022-11-28 16:44:57 - [TEST_STEP][PASSED] - response_searchME_spouse = reqid_spouse: null

2022-11-28 16:44:57 - [TEST_STEP][PASSED] - println("kons req id is :" + response_searchME_kons): null

2022-11-28 16:44:57 - [TEST_STEP][PASSED] - println("spouse req id is : " + response_searchME_spouse): null

2022-11-28 16:44:57 - [TEST_STEP][PASSED] - verifyResponseStatusCode(req_data, 200): Verify response status code successfully

2022-11-28 16:44:57 - [MESSAGE][PASSED] - Verify response status code successfully

2022-11-28 16:44:57 - [TEST_STEP][PASSED] - response = req_data.getResponseText(): null

2022-11-28 16:44:57 - [TEST_STEP][PASSED] - logInfo($response): {"status":"Done","data":{"requestid1":"256700","requestid2":"256701"}}

2022-11-28 16:44:57 - [MESSAGE][INFO] - {"status":"Done","data":{"requestid1":"256700","requestid2":"256701"}}

2022-11-28 16:44:57 - [TEST_STEP][PASSED] - delay(5): Delayed 5 second(s)

2022-11-28 16:45:02 - [MESSAGE][PASSED] - Delayed 5 second(s)

2022-11-28 16:45:02 - [TEST_STEP][PASSED] - scoring = sendRequest(findTestObject("EngineScore", ["response_searchME_kons":response_searchME_kons, "response_searchME_spouse":response_searchME_spouse])): Send request successfully

2022-11-28 16:45:02 - [MESSAGE][INFO] - HAR: D:\DMS\Engine Scoring\Reports\20221128_164243\Exclude KKB - DS - Married\Scoring Married - DS\20221128_164244\requests\main\35.har

2022-11-28 16:45:02 - [MESSAGE][PASSED] - Send request successfully

2022-11-28 16:45:02 - [TEST_STEP][PASSED] - verifyResponseStatusCode(scoring, 200): Verify response status code successfully

2022-11-28 16:45:02 - [MESSAGE][PASSED] - Verify response status code successfully

2022-11-28 16:45:02 - [TEST_STEP][PASSED] - response2 = scoring.getResponseText(): null

2022-11-28 16:45:02 - [TEST_STEP][PASSED] - markPassed("result service data ke : " + no): result service data ke : 18

2022-11-28 16:45:02 - [MESSAGE][PASSED] - result service data ke : 18

2022-11-28 16:45:02 - [TEST_STEP][PASSED] - logInfo($response2): {"result_konsumen":"Reject","result_pasangan":"Reject","Final_result":"Reject","errorMessage":"","status":"Done"}

2022-11-28 16:45:02 - [MESSAGE][INFO] - {"result_konsumen":"Reject","result_pasangan":"Reject","Final_result":"Reject","errorMessage":"","status":"Done"}

2022-11-28 16:45:02 - [TEST_STEP][PASSED] - verifyElementPropertyValue(scoring, "Final_result", final_result): Verify element property value successfully

2022-11-28 16:45:02 - [MESSAGE][PASSED] - Verify element property value successfully]]></system-out>
         <system-err><![CDATA[]]></system-err>
      </testcase>
      <testcase name="Test Cases/Engine_Scoring/Engine Scoring" time="6.618" classname="Test Cases/Engine_Scoring/Engine Scoring" status="PASSED">
         <system-out><![CDATA[2022-11-28 16:45:02 - [TEST_CASE][PASSED] - Test Cases/Engine_Scoring/Engine Scoring: Test Cases/Engine_Scoring/Engine Scoring

2022-11-28 16:45:03 - [TEST_STEP][PASSED] - markPassed("Variasi data ke : " + no): Variasi data ke : 19

2022-11-28 16:45:03 - [MESSAGE][PASSED] - Variasi data ke : 19

2022-11-28 16:45:03 - [TEST_STEP][PASSED] - req_data = sendRequest(findTestObject("Search_ME", ["MID":MID, "source":source, "ip":ip, "userid":userid, "branch":branch, "tipekons":tipekons, "marital":marital, "penjamin":penjamin, ... ])): Send request successfully

2022-11-28 16:45:04 - [MESSAGE][INFO] - HAR: D:\DMS\Engine Scoring\Reports\20221128_164243\Exclude KKB - DS - Married\Scoring Married - DS\20221128_164244\requests\main\36.har

2022-11-28 16:45:04 - [MESSAGE][PASSED] - Send request successfully

2022-11-28 16:45:04 - [TEST_STEP][PASSED] - slurper = new groovy.json.JsonSlurper(): null

2022-11-28 16:45:04 - [TEST_STEP][PASSED] - result = slurper.parseText(req_data.getResponseBodyContent()): null

2022-11-28 16:45:04 - [TEST_STEP][PASSED] - reqid_kons = requestid1: null

2022-11-28 16:45:04 - [TEST_STEP][PASSED] - reqid_spouse = requestid2: null

2022-11-28 16:45:04 - [TEST_STEP][PASSED] - println("requestid kons : " + reqid_kons): null

2022-11-28 16:45:04 - [TEST_STEP][PASSED] - response_searchME_kons = reqid_kons: null

2022-11-28 16:45:04 - [TEST_STEP][PASSED] - response_searchME_spouse = reqid_spouse: null

2022-11-28 16:45:04 - [TEST_STEP][PASSED] - println("kons req id is :" + response_searchME_kons): null

2022-11-28 16:45:04 - [TEST_STEP][PASSED] - println("spouse req id is : " + response_searchME_spouse): null

2022-11-28 16:45:04 - [TEST_STEP][PASSED] - verifyResponseStatusCode(req_data, 200): Verify response status code successfully

2022-11-28 16:45:04 - [MESSAGE][PASSED] - Verify response status code successfully

2022-11-28 16:45:04 - [TEST_STEP][PASSED] - response = req_data.getResponseText(): null

2022-11-28 16:45:04 - [TEST_STEP][PASSED] - logInfo($response): {"status":"Done","data":{"requestid1":"256702","requestid2":"256703"}}

2022-11-28 16:45:04 - [MESSAGE][INFO] - {"status":"Done","data":{"requestid1":"256702","requestid2":"256703"}}

2022-11-28 16:45:04 - [TEST_STEP][PASSED] - delay(5): Delayed 5 second(s)

2022-11-28 16:45:09 - [MESSAGE][PASSED] - Delayed 5 second(s)

2022-11-28 16:45:09 - [TEST_STEP][PASSED] - scoring = sendRequest(findTestObject("EngineScore", ["response_searchME_kons":response_searchME_kons, "response_searchME_spouse":response_searchME_spouse])): Send request successfully

2022-11-28 16:45:09 - [MESSAGE][INFO] - HAR: D:\DMS\Engine Scoring\Reports\20221128_164243\Exclude KKB - DS - Married\Scoring Married - DS\20221128_164244\requests\main\37.har

2022-11-28 16:45:09 - [MESSAGE][PASSED] - Send request successfully

2022-11-28 16:45:09 - [TEST_STEP][PASSED] - verifyResponseStatusCode(scoring, 200): Verify response status code successfully

2022-11-28 16:45:09 - [MESSAGE][PASSED] - Verify response status code successfully

2022-11-28 16:45:09 - [TEST_STEP][PASSED] - response2 = scoring.getResponseText(): null

2022-11-28 16:45:09 - [TEST_STEP][PASSED] - markPassed("result service data ke : " + no): result service data ke : 19

2022-11-28 16:45:09 - [MESSAGE][PASSED] - result service data ke : 19

2022-11-28 16:45:09 - [TEST_STEP][PASSED] - logInfo($response2): {"result_konsumen":"Reject","result_pasangan":"Reguler","Final_result":"Reject","errorMessage":"","status":"Done"}

2022-11-28 16:45:09 - [MESSAGE][INFO] - {"result_konsumen":"Reject","result_pasangan":"Reguler","Final_result":"Reject","errorMessage":"","status":"Done"}

2022-11-28 16:45:09 - [TEST_STEP][PASSED] - verifyElementPropertyValue(scoring, "Final_result", final_result): Verify element property value successfully

2022-11-28 16:45:09 - [MESSAGE][PASSED] - Verify element property value successfully]]></system-out>
         <system-err><![CDATA[]]></system-err>
      </testcase>
      <testcase name="Test Cases/Engine_Scoring/Engine Scoring" time="6.579" classname="Test Cases/Engine_Scoring/Engine Scoring" status="PASSED">
         <system-out><![CDATA[2022-11-28 16:45:09 - [TEST_CASE][PASSED] - Test Cases/Engine_Scoring/Engine Scoring: Test Cases/Engine_Scoring/Engine Scoring

2022-11-28 16:45:10 - [TEST_STEP][PASSED] - markPassed("Variasi data ke : " + no): Variasi data ke : 20

2022-11-28 16:45:10 - [MESSAGE][PASSED] - Variasi data ke : 20

2022-11-28 16:45:10 - [TEST_STEP][PASSED] - req_data = sendRequest(findTestObject("Search_ME", ["MID":MID, "source":source, "ip":ip, "userid":userid, "branch":branch, "tipekons":tipekons, "marital":marital, "penjamin":penjamin, ... ])): Send request successfully

2022-11-28 16:45:11 - [MESSAGE][INFO] - HAR: D:\DMS\Engine Scoring\Reports\20221128_164243\Exclude KKB - DS - Married\Scoring Married - DS\20221128_164244\requests\main\38.har

2022-11-28 16:45:11 - [MESSAGE][PASSED] - Send request successfully

2022-11-28 16:45:11 - [TEST_STEP][PASSED] - slurper = new groovy.json.JsonSlurper(): null

2022-11-28 16:45:11 - [TEST_STEP][PASSED] - result = slurper.parseText(req_data.getResponseBodyContent()): null

2022-11-28 16:45:11 - [TEST_STEP][PASSED] - reqid_kons = requestid1: null

2022-11-28 16:45:11 - [TEST_STEP][PASSED] - reqid_spouse = requestid2: null

2022-11-28 16:45:11 - [TEST_STEP][PASSED] - println("requestid kons : " + reqid_kons): null

2022-11-28 16:45:11 - [TEST_STEP][PASSED] - response_searchME_kons = reqid_kons: null

2022-11-28 16:45:11 - [TEST_STEP][PASSED] - response_searchME_spouse = reqid_spouse: null

2022-11-28 16:45:11 - [TEST_STEP][PASSED] - println("kons req id is :" + response_searchME_kons): null

2022-11-28 16:45:11 - [TEST_STEP][PASSED] - println("spouse req id is : " + response_searchME_spouse): null

2022-11-28 16:45:11 - [TEST_STEP][PASSED] - verifyResponseStatusCode(req_data, 200): Verify response status code successfully

2022-11-28 16:45:11 - [MESSAGE][PASSED] - Verify response status code successfully

2022-11-28 16:45:11 - [TEST_STEP][PASSED] - response = req_data.getResponseText(): null

2022-11-28 16:45:11 - [TEST_STEP][PASSED] - logInfo($response): {"status":"Done","data":{"requestid1":"256704","requestid2":"256705"}}

2022-11-28 16:45:11 - [MESSAGE][INFO] - {"status":"Done","data":{"requestid1":"256704","requestid2":"256705"}}

2022-11-28 16:45:11 - [TEST_STEP][PASSED] - delay(5): Delayed 5 second(s)

2022-11-28 16:45:16 - [MESSAGE][PASSED] - Delayed 5 second(s)

2022-11-28 16:45:16 - [TEST_STEP][PASSED] - scoring = sendRequest(findTestObject("EngineScore", ["response_searchME_kons":response_searchME_kons, "response_searchME_spouse":response_searchME_spouse])): Send request successfully

2022-11-28 16:45:16 - [MESSAGE][INFO] - HAR: D:\DMS\Engine Scoring\Reports\20221128_164243\Exclude KKB - DS - Married\Scoring Married - DS\20221128_164244\requests\main\39.har

2022-11-28 16:45:16 - [MESSAGE][PASSED] - Send request successfully

2022-11-28 16:45:16 - [TEST_STEP][PASSED] - verifyResponseStatusCode(scoring, 200): Verify response status code successfully

2022-11-28 16:45:16 - [MESSAGE][PASSED] - Verify response status code successfully

2022-11-28 16:45:16 - [TEST_STEP][PASSED] - response2 = scoring.getResponseText(): null

2022-11-28 16:45:16 - [TEST_STEP][PASSED] - markPassed("result service data ke : " + no): result service data ke : 20

2022-11-28 16:45:16 - [MESSAGE][PASSED] - result service data ke : 20

2022-11-28 16:45:16 - [TEST_STEP][PASSED] - logInfo($response2): {"result_konsumen":"Reject","result_pasangan":"Reguler","Final_result":"Reject","errorMessage":"","status":"Done"}

2022-11-28 16:45:16 - [MESSAGE][INFO] - {"result_konsumen":"Reject","result_pasangan":"Reguler","Final_result":"Reject","errorMessage":"","status":"Done"}

2022-11-28 16:45:16 - [TEST_STEP][PASSED] - verifyElementPropertyValue(scoring, "Final_result", final_result): Verify element property value successfully

2022-11-28 16:45:16 - [MESSAGE][PASSED] - Verify element property value successfully]]></system-out>
         <system-err><![CDATA[]]></system-err>
      </testcase>
      <testcase name="Test Cases/Engine_Scoring/Engine Scoring" time="6.465" classname="Test Cases/Engine_Scoring/Engine Scoring" status="PASSED">
         <system-out><![CDATA[2022-11-28 16:45:16 - [TEST_CASE][PASSED] - Test Cases/Engine_Scoring/Engine Scoring: Test Cases/Engine_Scoring/Engine Scoring

2022-11-28 16:45:16 - [TEST_STEP][PASSED] - markPassed("Variasi data ke : " + no): Variasi data ke : 21

2022-11-28 16:45:16 - [MESSAGE][PASSED] - Variasi data ke : 21

2022-11-28 16:45:16 - [TEST_STEP][PASSED] - req_data = sendRequest(findTestObject("Search_ME", ["MID":MID, "source":source, "ip":ip, "userid":userid, "branch":branch, "tipekons":tipekons, "marital":marital, "penjamin":penjamin, ... ])): Send request successfully

2022-11-28 16:45:17 - [MESSAGE][INFO] - HAR: D:\DMS\Engine Scoring\Reports\20221128_164243\Exclude KKB - DS - Married\Scoring Married - DS\20221128_164244\requests\main\40.har

2022-11-28 16:45:17 - [MESSAGE][PASSED] - Send request successfully

2022-11-28 16:45:17 - [TEST_STEP][PASSED] - slurper = new groovy.json.JsonSlurper(): null

2022-11-28 16:45:17 - [TEST_STEP][PASSED] - result = slurper.parseText(req_data.getResponseBodyContent()): null

2022-11-28 16:45:17 - [TEST_STEP][PASSED] - reqid_kons = requestid1: null

2022-11-28 16:45:17 - [TEST_STEP][PASSED] - reqid_spouse = requestid2: null

2022-11-28 16:45:17 - [TEST_STEP][PASSED] - println("requestid kons : " + reqid_kons): null

2022-11-28 16:45:17 - [TEST_STEP][PASSED] - response_searchME_kons = reqid_kons: null

2022-11-28 16:45:17 - [TEST_STEP][PASSED] - response_searchME_spouse = reqid_spouse: null

2022-11-28 16:45:17 - [TEST_STEP][PASSED] - println("kons req id is :" + response_searchME_kons): null

2022-11-28 16:45:17 - [TEST_STEP][PASSED] - println("spouse req id is : " + response_searchME_spouse): null

2022-11-28 16:45:17 - [TEST_STEP][PASSED] - verifyResponseStatusCode(req_data, 200): Verify response status code successfully

2022-11-28 16:45:17 - [MESSAGE][PASSED] - Verify response status code successfully

2022-11-28 16:45:17 - [TEST_STEP][PASSED] - response = req_data.getResponseText(): null

2022-11-28 16:45:17 - [TEST_STEP][PASSED] - logInfo($response): {"status":"Done","data":{"requestid1":"256706","requestid2":"256707"}}

2022-11-28 16:45:17 - [MESSAGE][INFO] - {"status":"Done","data":{"requestid1":"256706","requestid2":"256707"}}

2022-11-28 16:45:17 - [TEST_STEP][PASSED] - delay(5): Delayed 5 second(s)

2022-11-28 16:45:22 - [MESSAGE][PASSED] - Delayed 5 second(s)

2022-11-28 16:45:22 - [TEST_STEP][PASSED] - scoring = sendRequest(findTestObject("EngineScore", ["response_searchME_kons":response_searchME_kons, "response_searchME_spouse":response_searchME_spouse])): Send request successfully

2022-11-28 16:45:22 - [MESSAGE][INFO] - HAR: D:\DMS\Engine Scoring\Reports\20221128_164243\Exclude KKB - DS - Married\Scoring Married - DS\20221128_164244\requests\main\41.har

2022-11-28 16:45:22 - [MESSAGE][PASSED] - Send request successfully

2022-11-28 16:45:22 - [TEST_STEP][PASSED] - verifyResponseStatusCode(scoring, 200): Verify response status code successfully

2022-11-28 16:45:22 - [MESSAGE][PASSED] - Verify response status code successfully

2022-11-28 16:45:22 - [TEST_STEP][PASSED] - response2 = scoring.getResponseText(): null

2022-11-28 16:45:22 - [TEST_STEP][PASSED] - markPassed("result service data ke : " + no): result service data ke : 21

2022-11-28 16:45:22 - [MESSAGE][PASSED] - result service data ke : 21

2022-11-28 16:45:22 - [TEST_STEP][PASSED] - logInfo($response2): {"result_konsumen":"Reject","result_pasangan":"Reguler","Final_result":"Reject","errorMessage":"","status":"Done"}

2022-11-28 16:45:22 - [MESSAGE][INFO] - {"result_konsumen":"Reject","result_pasangan":"Reguler","Final_result":"Reject","errorMessage":"","status":"Done"}

2022-11-28 16:45:22 - [TEST_STEP][PASSED] - verifyElementPropertyValue(scoring, "Final_result", final_result): Verify element property value successfully

2022-11-28 16:45:22 - [MESSAGE][PASSED] - Verify element property value successfully]]></system-out>
         <system-err><![CDATA[]]></system-err>
      </testcase>
      <testcase name="Test Cases/Engine_Scoring/Engine Scoring" time="6.597" classname="Test Cases/Engine_Scoring/Engine Scoring" status="PASSED">
         <system-out><![CDATA[2022-11-28 16:45:22 - [TEST_CASE][PASSED] - Test Cases/Engine_Scoring/Engine Scoring: Test Cases/Engine_Scoring/Engine Scoring

2022-11-28 16:45:23 - [TEST_STEP][PASSED] - markPassed("Variasi data ke : " + no): Variasi data ke : 22

2022-11-28 16:45:23 - [MESSAGE][PASSED] - Variasi data ke : 22

2022-11-28 16:45:23 - [TEST_STEP][PASSED] - req_data = sendRequest(findTestObject("Search_ME", ["MID":MID, "source":source, "ip":ip, "userid":userid, "branch":branch, "tipekons":tipekons, "marital":marital, "penjamin":penjamin, ... ])): Send request successfully

2022-11-28 16:45:24 - [MESSAGE][INFO] - HAR: D:\DMS\Engine Scoring\Reports\20221128_164243\Exclude KKB - DS - Married\Scoring Married - DS\20221128_164244\requests\main\42.har

2022-11-28 16:45:24 - [MESSAGE][PASSED] - Send request successfully

2022-11-28 16:45:24 - [TEST_STEP][PASSED] - slurper = new groovy.json.JsonSlurper(): null

2022-11-28 16:45:24 - [TEST_STEP][PASSED] - result = slurper.parseText(req_data.getResponseBodyContent()): null

2022-11-28 16:45:24 - [TEST_STEP][PASSED] - reqid_kons = requestid1: null

2022-11-28 16:45:24 - [TEST_STEP][PASSED] - reqid_spouse = requestid2: null

2022-11-28 16:45:24 - [TEST_STEP][PASSED] - println("requestid kons : " + reqid_kons): null

2022-11-28 16:45:24 - [TEST_STEP][PASSED] - response_searchME_kons = reqid_kons: null

2022-11-28 16:45:24 - [TEST_STEP][PASSED] - response_searchME_spouse = reqid_spouse: null

2022-11-28 16:45:24 - [TEST_STEP][PASSED] - println("kons req id is :" + response_searchME_kons): null

2022-11-28 16:45:24 - [TEST_STEP][PASSED] - println("spouse req id is : " + response_searchME_spouse): null

2022-11-28 16:45:24 - [TEST_STEP][PASSED] - verifyResponseStatusCode(req_data, 200): Verify response status code successfully

2022-11-28 16:45:24 - [MESSAGE][PASSED] - Verify response status code successfully

2022-11-28 16:45:24 - [TEST_STEP][PASSED] - response = req_data.getResponseText(): null

2022-11-28 16:45:24 - [TEST_STEP][PASSED] - logInfo($response): {"status":"Done","data":{"requestid1":"256708","requestid2":"256709"}}

2022-11-28 16:45:24 - [MESSAGE][INFO] - {"status":"Done","data":{"requestid1":"256708","requestid2":"256709"}}

2022-11-28 16:45:24 - [TEST_STEP][PASSED] - delay(5): Delayed 5 second(s)

2022-11-28 16:45:29 - [MESSAGE][PASSED] - Delayed 5 second(s)

2022-11-28 16:45:29 - [TEST_STEP][PASSED] - scoring = sendRequest(findTestObject("EngineScore", ["response_searchME_kons":response_searchME_kons, "response_searchME_spouse":response_searchME_spouse])): Send request successfully

2022-11-28 16:45:29 - [MESSAGE][INFO] - HAR: D:\DMS\Engine Scoring\Reports\20221128_164243\Exclude KKB - DS - Married\Scoring Married - DS\20221128_164244\requests\main\43.har

2022-11-28 16:45:29 - [MESSAGE][PASSED] - Send request successfully

2022-11-28 16:45:29 - [TEST_STEP][PASSED] - verifyResponseStatusCode(scoring, 200): Verify response status code successfully

2022-11-28 16:45:29 - [MESSAGE][PASSED] - Verify response status code successfully

2022-11-28 16:45:29 - [TEST_STEP][PASSED] - response2 = scoring.getResponseText(): null

2022-11-28 16:45:29 - [TEST_STEP][PASSED] - markPassed("result service data ke : " + no): result service data ke : 22

2022-11-28 16:45:29 - [MESSAGE][PASSED] - result service data ke : 22

2022-11-28 16:45:29 - [TEST_STEP][PASSED] - logInfo($response2): {"result_konsumen":"Reject","result_pasangan":"Approve","Final_result":"Reject","errorMessage":"","status":"Done"}

2022-11-28 16:45:29 - [MESSAGE][INFO] - {"result_konsumen":"Reject","result_pasangan":"Approve","Final_result":"Reject","errorMessage":"","status":"Done"}

2022-11-28 16:45:29 - [TEST_STEP][PASSED] - verifyElementPropertyValue(scoring, "Final_result", final_result): Verify element property value successfully

2022-11-28 16:45:29 - [MESSAGE][PASSED] - Verify element property value successfully]]></system-out>
         <system-err><![CDATA[]]></system-err>
      </testcase>
      <testcase name="Test Cases/Engine_Scoring/Engine Scoring" time="7.432" classname="Test Cases/Engine_Scoring/Engine Scoring" status="PASSED">
         <system-out><![CDATA[2022-11-28 16:45:29 - [TEST_CASE][PASSED] - Test Cases/Engine_Scoring/Engine Scoring: Test Cases/Engine_Scoring/Engine Scoring

2022-11-28 16:45:30 - [TEST_STEP][PASSED] - markPassed("Variasi data ke : " + no): Variasi data ke : 23

2022-11-28 16:45:30 - [MESSAGE][PASSED] - Variasi data ke : 23

2022-11-28 16:45:30 - [TEST_STEP][PASSED] - req_data = sendRequest(findTestObject("Search_ME", ["MID":MID, "source":source, "ip":ip, "userid":userid, "branch":branch, "tipekons":tipekons, "marital":marital, "penjamin":penjamin, ... ])): Send request successfully

2022-11-28 16:45:31 - [MESSAGE][INFO] - HAR: D:\DMS\Engine Scoring\Reports\20221128_164243\Exclude KKB - DS - Married\Scoring Married - DS\20221128_164244\requests\main\44.har

2022-11-28 16:45:31 - [MESSAGE][PASSED] - Send request successfully

2022-11-28 16:45:31 - [TEST_STEP][PASSED] - slurper = new groovy.json.JsonSlurper(): null

2022-11-28 16:45:31 - [TEST_STEP][PASSED] - result = slurper.parseText(req_data.getResponseBodyContent()): null

2022-11-28 16:45:31 - [TEST_STEP][PASSED] - reqid_kons = requestid1: null

2022-11-28 16:45:31 - [TEST_STEP][PASSED] - reqid_spouse = requestid2: null

2022-11-28 16:45:31 - [TEST_STEP][PASSED] - println("requestid kons : " + reqid_kons): null

2022-11-28 16:45:31 - [TEST_STEP][PASSED] - response_searchME_kons = reqid_kons: null

2022-11-28 16:45:31 - [TEST_STEP][PASSED] - response_searchME_spouse = reqid_spouse: null

2022-11-28 16:45:31 - [TEST_STEP][PASSED] - println("kons req id is :" + response_searchME_kons): null

2022-11-28 16:45:31 - [TEST_STEP][PASSED] - println("spouse req id is : " + response_searchME_spouse): null

2022-11-28 16:45:31 - [TEST_STEP][PASSED] - verifyResponseStatusCode(req_data, 200): Verify response status code successfully

2022-11-28 16:45:31 - [MESSAGE][PASSED] - Verify response status code successfully

2022-11-28 16:45:31 - [TEST_STEP][PASSED] - response = req_data.getResponseText(): null

2022-11-28 16:45:31 - [TEST_STEP][PASSED] - logInfo($response): {"status":"Done","data":{"requestid1":"256710","requestid2":"256711"}}

2022-11-28 16:45:31 - [MESSAGE][INFO] - {"status":"Done","data":{"requestid1":"256710","requestid2":"256711"}}

2022-11-28 16:45:31 - [TEST_STEP][PASSED] - delay(5): Delayed 5 second(s)

2022-11-28 16:45:36 - [MESSAGE][PASSED] - Delayed 5 second(s)

2022-11-28 16:45:36 - [TEST_STEP][PASSED] - scoring = sendRequest(findTestObject("EngineScore", ["response_searchME_kons":response_searchME_kons, "response_searchME_spouse":response_searchME_spouse])): Send request successfully

2022-11-28 16:45:36 - [MESSAGE][INFO] - HAR: D:\DMS\Engine Scoring\Reports\20221128_164243\Exclude KKB - DS - Married\Scoring Married - DS\20221128_164244\requests\main\45.har

2022-11-28 16:45:36 - [MESSAGE][PASSED] - Send request successfully

2022-11-28 16:45:36 - [TEST_STEP][PASSED] - verifyResponseStatusCode(scoring, 200): Verify response status code successfully

2022-11-28 16:45:36 - [MESSAGE][PASSED] - Verify response status code successfully

2022-11-28 16:45:36 - [TEST_STEP][PASSED] - response2 = scoring.getResponseText(): null

2022-11-28 16:45:36 - [TEST_STEP][PASSED] - markPassed("result service data ke : " + no): result service data ke : 23

2022-11-28 16:45:36 - [MESSAGE][PASSED] - result service data ke : 23

2022-11-28 16:45:36 - [TEST_STEP][PASSED] - logInfo($response2): {"result_konsumen":"Reject","result_pasangan":"Approve","Final_result":"Reject","errorMessage":"","status":"Done"}

2022-11-28 16:45:36 - [MESSAGE][INFO] - {"result_konsumen":"Reject","result_pasangan":"Approve","Final_result":"Reject","errorMessage":"","status":"Done"}

2022-11-28 16:45:36 - [TEST_STEP][PASSED] - verifyElementPropertyValue(scoring, "Final_result", final_result): Verify element property value successfully

2022-11-28 16:45:36 - [MESSAGE][PASSED] - Verify element property value successfully]]></system-out>
         <system-err><![CDATA[]]></system-err>
      </testcase>
      <testcase name="Test Cases/Engine_Scoring/Engine Scoring" time="6.49" classname="Test Cases/Engine_Scoring/Engine Scoring" status="PASSED">
         <system-out><![CDATA[2022-11-28 16:45:36 - [TEST_CASE][PASSED] - Test Cases/Engine_Scoring/Engine Scoring: Test Cases/Engine_Scoring/Engine Scoring

2022-11-28 16:45:37 - [TEST_STEP][PASSED] - markPassed("Variasi data ke : " + no): Variasi data ke : 24

2022-11-28 16:45:37 - [MESSAGE][PASSED] - Variasi data ke : 24

2022-11-28 16:45:37 - [TEST_STEP][PASSED] - req_data = sendRequest(findTestObject("Search_ME", ["MID":MID, "source":source, "ip":ip, "userid":userid, "branch":branch, "tipekons":tipekons, "marital":marital, "penjamin":penjamin, ... ])): Send request successfully

2022-11-28 16:45:38 - [MESSAGE][INFO] - HAR: D:\DMS\Engine Scoring\Reports\20221128_164243\Exclude KKB - DS - Married\Scoring Married - DS\20221128_164244\requests\main\46.har

2022-11-28 16:45:38 - [MESSAGE][PASSED] - Send request successfully

2022-11-28 16:45:38 - [TEST_STEP][PASSED] - slurper = new groovy.json.JsonSlurper(): null

2022-11-28 16:45:38 - [TEST_STEP][PASSED] - result = slurper.parseText(req_data.getResponseBodyContent()): null

2022-11-28 16:45:38 - [TEST_STEP][PASSED] - reqid_kons = requestid1: null

2022-11-28 16:45:38 - [TEST_STEP][PASSED] - reqid_spouse = requestid2: null

2022-11-28 16:45:38 - [TEST_STEP][PASSED] - println("requestid kons : " + reqid_kons): null

2022-11-28 16:45:38 - [TEST_STEP][PASSED] - response_searchME_kons = reqid_kons: null

2022-11-28 16:45:38 - [TEST_STEP][PASSED] - response_searchME_spouse = reqid_spouse: null

2022-11-28 16:45:38 - [TEST_STEP][PASSED] - println("kons req id is :" + response_searchME_kons): null

2022-11-28 16:45:38 - [TEST_STEP][PASSED] - println("spouse req id is : " + response_searchME_spouse): null

2022-11-28 16:45:38 - [TEST_STEP][PASSED] - verifyResponseStatusCode(req_data, 200): Verify response status code successfully

2022-11-28 16:45:38 - [MESSAGE][PASSED] - Verify response status code successfully

2022-11-28 16:45:38 - [TEST_STEP][PASSED] - response = req_data.getResponseText(): null

2022-11-28 16:45:38 - [TEST_STEP][PASSED] - logInfo($response): {"status":"Done","data":{"requestid1":"256712","requestid2":"256713"}}

2022-11-28 16:45:38 - [MESSAGE][INFO] - {"status":"Done","data":{"requestid1":"256712","requestid2":"256713"}}

2022-11-28 16:45:38 - [TEST_STEP][PASSED] - delay(5): Delayed 5 second(s)

2022-11-28 16:45:43 - [MESSAGE][PASSED] - Delayed 5 second(s)

2022-11-28 16:45:43 - [TEST_STEP][PASSED] - scoring = sendRequest(findTestObject("EngineScore", ["response_searchME_kons":response_searchME_kons, "response_searchME_spouse":response_searchME_spouse])): Send request successfully

2022-11-28 16:45:43 - [MESSAGE][INFO] - HAR: D:\DMS\Engine Scoring\Reports\20221128_164243\Exclude KKB - DS - Married\Scoring Married - DS\20221128_164244\requests\main\47.har

2022-11-28 16:45:43 - [MESSAGE][PASSED] - Send request successfully

2022-11-28 16:45:43 - [TEST_STEP][PASSED] - verifyResponseStatusCode(scoring, 200): Verify response status code successfully

2022-11-28 16:45:43 - [MESSAGE][PASSED] - Verify response status code successfully

2022-11-28 16:45:43 - [TEST_STEP][PASSED] - response2 = scoring.getResponseText(): null

2022-11-28 16:45:43 - [TEST_STEP][PASSED] - markPassed("result service data ke : " + no): result service data ke : 24

2022-11-28 16:45:43 - [MESSAGE][PASSED] - result service data ke : 24

2022-11-28 16:45:43 - [TEST_STEP][PASSED] - logInfo($response2): {"result_konsumen":"Reject","result_pasangan":"Approve","Final_result":"Reject","errorMessage":"","status":"Done"}

2022-11-28 16:45:43 - [MESSAGE][INFO] - {"result_konsumen":"Reject","result_pasangan":"Approve","Final_result":"Reject","errorMessage":"","status":"Done"}

2022-11-28 16:45:43 - [TEST_STEP][PASSED] - verifyElementPropertyValue(scoring, "Final_result", final_result): Verify element property value successfully

2022-11-28 16:45:43 - [MESSAGE][PASSED] - Verify element property value successfully]]></system-out>
         <system-err><![CDATA[]]></system-err>
      </testcase>
      <testcase name="Test Cases/Engine_Scoring/Engine Scoring" time="6.559" classname="Test Cases/Engine_Scoring/Engine Scoring" status="PASSED">
         <system-out><![CDATA[2022-11-28 16:45:43 - [TEST_CASE][PASSED] - Test Cases/Engine_Scoring/Engine Scoring: Test Cases/Engine_Scoring/Engine Scoring

2022-11-28 16:45:44 - [TEST_STEP][PASSED] - markPassed("Variasi data ke : " + no): Variasi data ke : 25

2022-11-28 16:45:44 - [MESSAGE][PASSED] - Variasi data ke : 25

2022-11-28 16:45:44 - [TEST_STEP][PASSED] - req_data = sendRequest(findTestObject("Search_ME", ["MID":MID, "source":source, "ip":ip, "userid":userid, "branch":branch, "tipekons":tipekons, "marital":marital, "penjamin":penjamin, ... ])): Send request successfully

2022-11-28 16:45:44 - [MESSAGE][INFO] - HAR: D:\DMS\Engine Scoring\Reports\20221128_164243\Exclude KKB - DS - Married\Scoring Married - DS\20221128_164244\requests\main\48.har

2022-11-28 16:45:44 - [MESSAGE][PASSED] - Send request successfully

2022-11-28 16:45:44 - [TEST_STEP][PASSED] - slurper = new groovy.json.JsonSlurper(): null

2022-11-28 16:45:44 - [TEST_STEP][PASSED] - result = slurper.parseText(req_data.getResponseBodyContent()): null

2022-11-28 16:45:44 - [TEST_STEP][PASSED] - reqid_kons = requestid1: null

2022-11-28 16:45:44 - [TEST_STEP][PASSED] - reqid_spouse = requestid2: null

2022-11-28 16:45:44 - [TEST_STEP][PASSED] - println("requestid kons : " + reqid_kons): null

2022-11-28 16:45:44 - [TEST_STEP][PASSED] - response_searchME_kons = reqid_kons: null

2022-11-28 16:45:44 - [TEST_STEP][PASSED] - response_searchME_spouse = reqid_spouse: null

2022-11-28 16:45:44 - [TEST_STEP][PASSED] - println("kons req id is :" + response_searchME_kons): null

2022-11-28 16:45:44 - [TEST_STEP][PASSED] - println("spouse req id is : " + response_searchME_spouse): null

2022-11-28 16:45:44 - [TEST_STEP][PASSED] - verifyResponseStatusCode(req_data, 200): Verify response status code successfully

2022-11-28 16:45:44 - [MESSAGE][PASSED] - Verify response status code successfully

2022-11-28 16:45:44 - [TEST_STEP][PASSED] - response = req_data.getResponseText(): null

2022-11-28 16:45:44 - [TEST_STEP][PASSED] - logInfo($response): {"status":"Done","data":{"requestid1":"256714","requestid2":"256715"}}

2022-11-28 16:45:44 - [MESSAGE][INFO] - {"status":"Done","data":{"requestid1":"256714","requestid2":"256715"}}

2022-11-28 16:45:44 - [TEST_STEP][PASSED] - delay(5): Delayed 5 second(s)

2022-11-28 16:45:49 - [MESSAGE][PASSED] - Delayed 5 second(s)

2022-11-28 16:45:49 - [TEST_STEP][PASSED] - scoring = sendRequest(findTestObject("EngineScore", ["response_searchME_kons":response_searchME_kons, "response_searchME_spouse":response_searchME_spouse])): Send request successfully

2022-11-28 16:45:50 - [MESSAGE][INFO] - HAR: D:\DMS\Engine Scoring\Reports\20221128_164243\Exclude KKB - DS - Married\Scoring Married - DS\20221128_164244\requests\main\49.har

2022-11-28 16:45:50 - [MESSAGE][PASSED] - Send request successfully

2022-11-28 16:45:50 - [TEST_STEP][PASSED] - verifyResponseStatusCode(scoring, 200): Verify response status code successfully

2022-11-28 16:45:50 - [MESSAGE][PASSED] - Verify response status code successfully

2022-11-28 16:45:50 - [TEST_STEP][PASSED] - response2 = scoring.getResponseText(): null

2022-11-28 16:45:50 - [TEST_STEP][PASSED] - markPassed("result service data ke : " + no): result service data ke : 25

2022-11-28 16:45:50 - [MESSAGE][PASSED] - result service data ke : 25

2022-11-28 16:45:50 - [TEST_STEP][PASSED] - logInfo($response2): {"result_konsumen":"Reject","result_pasangan":"Approve","Final_result":"Reject","errorMessage":"","status":"Done"}

2022-11-28 16:45:50 - [MESSAGE][INFO] - {"result_konsumen":"Reject","result_pasangan":"Approve","Final_result":"Reject","errorMessage":"","status":"Done"}

2022-11-28 16:45:50 - [TEST_STEP][PASSED] - verifyElementPropertyValue(scoring, "Final_result", final_result): Verify element property value successfully

2022-11-28 16:45:50 - [MESSAGE][PASSED] - Verify element property value successfully]]></system-out>
         <system-err><![CDATA[]]></system-err>
      </testcase>
      <testcase name="Test Cases/Engine_Scoring/Engine Scoring" time="6.586" classname="Test Cases/Engine_Scoring/Engine Scoring" status="PASSED">
         <system-out><![CDATA[2022-11-28 16:45:50 - [TEST_CASE][PASSED] - Test Cases/Engine_Scoring/Engine Scoring: Test Cases/Engine_Scoring/Engine Scoring

2022-11-28 16:45:50 - [TEST_STEP][PASSED] - markPassed("Variasi data ke : " + no): Variasi data ke : 26

2022-11-28 16:45:50 - [MESSAGE][PASSED] - Variasi data ke : 26

2022-11-28 16:45:50 - [TEST_STEP][PASSED] - req_data = sendRequest(findTestObject("Search_ME", ["MID":MID, "source":source, "ip":ip, "userid":userid, "branch":branch, "tipekons":tipekons, "marital":marital, "penjamin":penjamin, ... ])): Send request successfully

2022-11-28 16:45:51 - [MESSAGE][INFO] - HAR: D:\DMS\Engine Scoring\Reports\20221128_164243\Exclude KKB - DS - Married\Scoring Married - DS\20221128_164244\requests\main\50.har

2022-11-28 16:45:51 - [MESSAGE][PASSED] - Send request successfully

2022-11-28 16:45:51 - [TEST_STEP][PASSED] - slurper = new groovy.json.JsonSlurper(): null

2022-11-28 16:45:51 - [TEST_STEP][PASSED] - result = slurper.parseText(req_data.getResponseBodyContent()): null

2022-11-28 16:45:51 - [TEST_STEP][PASSED] - reqid_kons = requestid1: null

2022-11-28 16:45:51 - [TEST_STEP][PASSED] - reqid_spouse = requestid2: null

2022-11-28 16:45:51 - [TEST_STEP][PASSED] - println("requestid kons : " + reqid_kons): null

2022-11-28 16:45:51 - [TEST_STEP][PASSED] - response_searchME_kons = reqid_kons: null

2022-11-28 16:45:51 - [TEST_STEP][PASSED] - response_searchME_spouse = reqid_spouse: null

2022-11-28 16:45:51 - [TEST_STEP][PASSED] - println("kons req id is :" + response_searchME_kons): null

2022-11-28 16:45:51 - [TEST_STEP][PASSED] - println("spouse req id is : " + response_searchME_spouse): null

2022-11-28 16:45:51 - [TEST_STEP][PASSED] - verifyResponseStatusCode(req_data, 200): Verify response status code successfully

2022-11-28 16:45:51 - [MESSAGE][PASSED] - Verify response status code successfully

2022-11-28 16:45:51 - [TEST_STEP][PASSED] - response = req_data.getResponseText(): null

2022-11-28 16:45:51 - [TEST_STEP][PASSED] - logInfo($response): {"status":"Done","data":{"requestid1":"256716","requestid2":"256717"}}

2022-11-28 16:45:51 - [MESSAGE][INFO] - {"status":"Done","data":{"requestid1":"256716","requestid2":"256717"}}

2022-11-28 16:45:51 - [TEST_STEP][PASSED] - delay(5): Delayed 5 second(s)

2022-11-28 16:45:56 - [MESSAGE][PASSED] - Delayed 5 second(s)

2022-11-28 16:45:56 - [TEST_STEP][PASSED] - scoring = sendRequest(findTestObject("EngineScore", ["response_searchME_kons":response_searchME_kons, "response_searchME_spouse":response_searchME_spouse])): Send request successfully

2022-11-28 16:45:56 - [MESSAGE][INFO] - HAR: D:\DMS\Engine Scoring\Reports\20221128_164243\Exclude KKB - DS - Married\Scoring Married - DS\20221128_164244\requests\main\51.har

2022-11-28 16:45:56 - [MESSAGE][PASSED] - Send request successfully

2022-11-28 16:45:56 - [TEST_STEP][PASSED] - verifyResponseStatusCode(scoring, 200): Verify response status code successfully

2022-11-28 16:45:56 - [MESSAGE][PASSED] - Verify response status code successfully

2022-11-28 16:45:56 - [TEST_STEP][PASSED] - response2 = scoring.getResponseText(): null

2022-11-28 16:45:56 - [TEST_STEP][PASSED] - markPassed("result service data ke : " + no): result service data ke : 26

2022-11-28 16:45:56 - [MESSAGE][PASSED] - result service data ke : 26

2022-11-28 16:45:56 - [TEST_STEP][PASSED] - logInfo($response2): {"result_konsumen":"Reject","result_pasangan":"Reject","Final_result":"Reject","errorMessage":"","status":"Done"}

2022-11-28 16:45:56 - [MESSAGE][INFO] - {"result_konsumen":"Reject","result_pasangan":"Reject","Final_result":"Reject","errorMessage":"","status":"Done"}

2022-11-28 16:45:56 - [TEST_STEP][PASSED] - verifyElementPropertyValue(scoring, "Final_result", final_result): Verify element property value successfully

2022-11-28 16:45:56 - [MESSAGE][PASSED] - Verify element property value successfully]]></system-out>
         <system-err><![CDATA[]]></system-err>
      </testcase>
      <testcase name="Test Cases/Engine_Scoring/Engine Scoring" time="6.704" classname="Test Cases/Engine_Scoring/Engine Scoring" status="PASSED">
         <system-out><![CDATA[2022-11-28 16:45:56 - [TEST_CASE][PASSED] - Test Cases/Engine_Scoring/Engine Scoring: Test Cases/Engine_Scoring/Engine Scoring

2022-11-28 16:45:57 - [TEST_STEP][PASSED] - markPassed("Variasi data ke : " + no): Variasi data ke : 27

2022-11-28 16:45:57 - [MESSAGE][PASSED] - Variasi data ke : 27

2022-11-28 16:45:57 - [TEST_STEP][PASSED] - req_data = sendRequest(findTestObject("Search_ME", ["MID":MID, "source":source, "ip":ip, "userid":userid, "branch":branch, "tipekons":tipekons, "marital":marital, "penjamin":penjamin, ... ])): Send request successfully

2022-11-28 16:45:58 - [MESSAGE][INFO] - HAR: D:\DMS\Engine Scoring\Reports\20221128_164243\Exclude KKB - DS - Married\Scoring Married - DS\20221128_164244\requests\main\52.har

2022-11-28 16:45:58 - [MESSAGE][PASSED] - Send request successfully

2022-11-28 16:45:58 - [TEST_STEP][PASSED] - slurper = new groovy.json.JsonSlurper(): null

2022-11-28 16:45:58 - [TEST_STEP][PASSED] - result = slurper.parseText(req_data.getResponseBodyContent()): null

2022-11-28 16:45:58 - [TEST_STEP][PASSED] - reqid_kons = requestid1: null

2022-11-28 16:45:58 - [TEST_STEP][PASSED] - reqid_spouse = requestid2: null

2022-11-28 16:45:58 - [TEST_STEP][PASSED] - println("requestid kons : " + reqid_kons): null

2022-11-28 16:45:58 - [TEST_STEP][PASSED] - response_searchME_kons = reqid_kons: null

2022-11-28 16:45:58 - [TEST_STEP][PASSED] - response_searchME_spouse = reqid_spouse: null

2022-11-28 16:45:58 - [TEST_STEP][PASSED] - println("kons req id is :" + response_searchME_kons): null

2022-11-28 16:45:58 - [TEST_STEP][PASSED] - println("spouse req id is : " + response_searchME_spouse): null

2022-11-28 16:45:58 - [TEST_STEP][PASSED] - verifyResponseStatusCode(req_data, 200): Verify response status code successfully

2022-11-28 16:45:58 - [MESSAGE][PASSED] - Verify response status code successfully

2022-11-28 16:45:58 - [TEST_STEP][PASSED] - response = req_data.getResponseText(): null

2022-11-28 16:45:58 - [TEST_STEP][PASSED] - logInfo($response): {"status":"Done","data":{"requestid1":"256718","requestid2":"256719"}}

2022-11-28 16:45:58 - [MESSAGE][INFO] - {"status":"Done","data":{"requestid1":"256718","requestid2":"256719"}}

2022-11-28 16:45:58 - [TEST_STEP][PASSED] - delay(5): Delayed 5 second(s)

2022-11-28 16:46:03 - [MESSAGE][PASSED] - Delayed 5 second(s)

2022-11-28 16:46:03 - [TEST_STEP][PASSED] - scoring = sendRequest(findTestObject("EngineScore", ["response_searchME_kons":response_searchME_kons, "response_searchME_spouse":response_searchME_spouse])): Send request successfully

2022-11-28 16:46:03 - [MESSAGE][INFO] - HAR: D:\DMS\Engine Scoring\Reports\20221128_164243\Exclude KKB - DS - Married\Scoring Married - DS\20221128_164244\requests\main\53.har

2022-11-28 16:46:03 - [MESSAGE][PASSED] - Send request successfully

2022-11-28 16:46:03 - [TEST_STEP][PASSED] - verifyResponseStatusCode(scoring, 200): Verify response status code successfully

2022-11-28 16:46:03 - [MESSAGE][PASSED] - Verify response status code successfully

2022-11-28 16:46:03 - [TEST_STEP][PASSED] - response2 = scoring.getResponseText(): null

2022-11-28 16:46:03 - [TEST_STEP][PASSED] - markPassed("result service data ke : " + no): result service data ke : 27

2022-11-28 16:46:03 - [MESSAGE][PASSED] - result service data ke : 27

2022-11-28 16:46:03 - [TEST_STEP][PASSED] - logInfo($response2): {"result_konsumen":"Reject","result_pasangan":"Reject","Final_result":"Reject","errorMessage":"","status":"Done"}

2022-11-28 16:46:03 - [MESSAGE][INFO] - {"result_konsumen":"Reject","result_pasangan":"Reject","Final_result":"Reject","errorMessage":"","status":"Done"}

2022-11-28 16:46:03 - [TEST_STEP][PASSED] - verifyElementPropertyValue(scoring, "Final_result", final_result): Verify element property value successfully

2022-11-28 16:46:03 - [MESSAGE][PASSED] - Verify element property value successfully]]></system-out>
         <system-err><![CDATA[]]></system-err>
      </testcase>
      <testcase name="Test Cases/Engine_Scoring/Engine Scoring" time="6.891" classname="Test Cases/Engine_Scoring/Engine Scoring" status="PASSED">
         <system-out><![CDATA[2022-11-28 16:46:03 - [TEST_CASE][PASSED] - Test Cases/Engine_Scoring/Engine Scoring: Test Cases/Engine_Scoring/Engine Scoring

2022-11-28 16:46:04 - [TEST_STEP][PASSED] - markPassed("Variasi data ke : " + no): Variasi data ke : 28

2022-11-28 16:46:04 - [MESSAGE][PASSED] - Variasi data ke : 28

2022-11-28 16:46:04 - [TEST_STEP][PASSED] - req_data = sendRequest(findTestObject("Search_ME", ["MID":MID, "source":source, "ip":ip, "userid":userid, "branch":branch, "tipekons":tipekons, "marital":marital, "penjamin":penjamin, ... ])): Send request successfully

2022-11-28 16:46:05 - [MESSAGE][INFO] - HAR: D:\DMS\Engine Scoring\Reports\20221128_164243\Exclude KKB - DS - Married\Scoring Married - DS\20221128_164244\requests\main\54.har

2022-11-28 16:46:05 - [MESSAGE][PASSED] - Send request successfully

2022-11-28 16:46:05 - [TEST_STEP][PASSED] - slurper = new groovy.json.JsonSlurper(): null

2022-11-28 16:46:05 - [TEST_STEP][PASSED] - result = slurper.parseText(req_data.getResponseBodyContent()): null

2022-11-28 16:46:05 - [TEST_STEP][PASSED] - reqid_kons = requestid1: null

2022-11-28 16:46:05 - [TEST_STEP][PASSED] - reqid_spouse = requestid2: null

2022-11-28 16:46:05 - [TEST_STEP][PASSED] - println("requestid kons : " + reqid_kons): null

2022-11-28 16:46:05 - [TEST_STEP][PASSED] - response_searchME_kons = reqid_kons: null

2022-11-28 16:46:05 - [TEST_STEP][PASSED] - response_searchME_spouse = reqid_spouse: null

2022-11-28 16:46:05 - [TEST_STEP][PASSED] - println("kons req id is :" + response_searchME_kons): null

2022-11-28 16:46:05 - [TEST_STEP][PASSED] - println("spouse req id is : " + response_searchME_spouse): null

2022-11-28 16:46:05 - [TEST_STEP][PASSED] - verifyResponseStatusCode(req_data, 200): Verify response status code successfully

2022-11-28 16:46:05 - [MESSAGE][PASSED] - Verify response status code successfully

2022-11-28 16:46:05 - [TEST_STEP][PASSED] - response = req_data.getResponseText(): null

2022-11-28 16:46:05 - [TEST_STEP][PASSED] - logInfo($response): {"status":"Done","data":{"requestid1":"256720","requestid2":"256721"}}

2022-11-28 16:46:05 - [MESSAGE][INFO] - {"status":"Done","data":{"requestid1":"256720","requestid2":"256721"}}

2022-11-28 16:46:05 - [TEST_STEP][PASSED] - delay(5): Delayed 5 second(s)

2022-11-28 16:46:10 - [MESSAGE][PASSED] - Delayed 5 second(s)

2022-11-28 16:46:10 - [TEST_STEP][PASSED] - scoring = sendRequest(findTestObject("EngineScore", ["response_searchME_kons":response_searchME_kons, "response_searchME_spouse":response_searchME_spouse])): Send request successfully

2022-11-28 16:46:10 - [MESSAGE][INFO] - HAR: D:\DMS\Engine Scoring\Reports\20221128_164243\Exclude KKB - DS - Married\Scoring Married - DS\20221128_164244\requests\main\55.har

2022-11-28 16:46:10 - [MESSAGE][PASSED] - Send request successfully

2022-11-28 16:46:10 - [TEST_STEP][PASSED] - verifyResponseStatusCode(scoring, 200): Verify response status code successfully

2022-11-28 16:46:10 - [MESSAGE][PASSED] - Verify response status code successfully

2022-11-28 16:46:10 - [TEST_STEP][PASSED] - response2 = scoring.getResponseText(): null

2022-11-28 16:46:10 - [TEST_STEP][PASSED] - markPassed("result service data ke : " + no): result service data ke : 28

2022-11-28 16:46:10 - [MESSAGE][PASSED] - result service data ke : 28

2022-11-28 16:46:10 - [TEST_STEP][PASSED] - logInfo($response2): {"result_konsumen":"Reject","result_pasangan":"Reguler","Final_result":"Reject","errorMessage":"","status":"Done"}

2022-11-28 16:46:10 - [MESSAGE][INFO] - {"result_konsumen":"Reject","result_pasangan":"Reguler","Final_result":"Reject","errorMessage":"","status":"Done"}

2022-11-28 16:46:10 - [TEST_STEP][PASSED] - verifyElementPropertyValue(scoring, "Final_result", final_result): Verify element property value successfully

2022-11-28 16:46:10 - [MESSAGE][PASSED] - Verify element property value successfully]]></system-out>
         <system-err><![CDATA[]]></system-err>
      </testcase>
      <testcase name="Test Cases/Engine_Scoring/Engine Scoring" time="6.886" classname="Test Cases/Engine_Scoring/Engine Scoring" status="PASSED">
         <system-out><![CDATA[2022-11-28 16:46:10 - [TEST_CASE][PASSED] - Test Cases/Engine_Scoring/Engine Scoring: Test Cases/Engine_Scoring/Engine Scoring

2022-11-28 16:46:11 - [TEST_STEP][PASSED] - markPassed("Variasi data ke : " + no): Variasi data ke : 29

2022-11-28 16:46:11 - [MESSAGE][PASSED] - Variasi data ke : 29

2022-11-28 16:46:11 - [TEST_STEP][PASSED] - req_data = sendRequest(findTestObject("Search_ME", ["MID":MID, "source":source, "ip":ip, "userid":userid, "branch":branch, "tipekons":tipekons, "marital":marital, "penjamin":penjamin, ... ])): Send request successfully

2022-11-28 16:46:12 - [MESSAGE][INFO] - HAR: D:\DMS\Engine Scoring\Reports\20221128_164243\Exclude KKB - DS - Married\Scoring Married - DS\20221128_164244\requests\main\56.har

2022-11-28 16:46:12 - [MESSAGE][PASSED] - Send request successfully

2022-11-28 16:46:12 - [TEST_STEP][PASSED] - slurper = new groovy.json.JsonSlurper(): null

2022-11-28 16:46:12 - [TEST_STEP][PASSED] - result = slurper.parseText(req_data.getResponseBodyContent()): null

2022-11-28 16:46:12 - [TEST_STEP][PASSED] - reqid_kons = requestid1: null

2022-11-28 16:46:12 - [TEST_STEP][PASSED] - reqid_spouse = requestid2: null

2022-11-28 16:46:12 - [TEST_STEP][PASSED] - println("requestid kons : " + reqid_kons): null

2022-11-28 16:46:12 - [TEST_STEP][PASSED] - response_searchME_kons = reqid_kons: null

2022-11-28 16:46:12 - [TEST_STEP][PASSED] - response_searchME_spouse = reqid_spouse: null

2022-11-28 16:46:12 - [TEST_STEP][PASSED] - println("kons req id is :" + response_searchME_kons): null

2022-11-28 16:46:12 - [TEST_STEP][PASSED] - println("spouse req id is : " + response_searchME_spouse): null

2022-11-28 16:46:12 - [TEST_STEP][PASSED] - verifyResponseStatusCode(req_data, 200): Verify response status code successfully

2022-11-28 16:46:12 - [MESSAGE][PASSED] - Verify response status code successfully

2022-11-28 16:46:12 - [TEST_STEP][PASSED] - response = req_data.getResponseText(): null

2022-11-28 16:46:12 - [TEST_STEP][PASSED] - logInfo($response): {"status":"Done","data":{"requestid1":"256722","requestid2":"256723"}}

2022-11-28 16:46:12 - [MESSAGE][INFO] - {"status":"Done","data":{"requestid1":"256722","requestid2":"256723"}}

2022-11-28 16:46:12 - [TEST_STEP][PASSED] - delay(5): Delayed 5 second(s)

2022-11-28 16:46:17 - [MESSAGE][PASSED] - Delayed 5 second(s)

2022-11-28 16:46:17 - [TEST_STEP][PASSED] - scoring = sendRequest(findTestObject("EngineScore", ["response_searchME_kons":response_searchME_kons, "response_searchME_spouse":response_searchME_spouse])): Send request successfully

2022-11-28 16:46:17 - [MESSAGE][INFO] - HAR: D:\DMS\Engine Scoring\Reports\20221128_164243\Exclude KKB - DS - Married\Scoring Married - DS\20221128_164244\requests\main\57.har

2022-11-28 16:46:17 - [MESSAGE][PASSED] - Send request successfully

2022-11-28 16:46:17 - [TEST_STEP][PASSED] - verifyResponseStatusCode(scoring, 200): Verify response status code successfully

2022-11-28 16:46:17 - [MESSAGE][PASSED] - Verify response status code successfully

2022-11-28 16:46:17 - [TEST_STEP][PASSED] - response2 = scoring.getResponseText(): null

2022-11-28 16:46:17 - [TEST_STEP][PASSED] - markPassed("result service data ke : " + no): result service data ke : 29

2022-11-28 16:46:17 - [MESSAGE][PASSED] - result service data ke : 29

2022-11-28 16:46:17 - [TEST_STEP][PASSED] - logInfo($response2): {"result_konsumen":"Reject","result_pasangan":"Reguler","Final_result":"Reject","errorMessage":"","status":"Done"}

2022-11-28 16:46:17 - [MESSAGE][INFO] - {"result_konsumen":"Reject","result_pasangan":"Reguler","Final_result":"Reject","errorMessage":"","status":"Done"}

2022-11-28 16:46:17 - [TEST_STEP][PASSED] - verifyElementPropertyValue(scoring, "Final_result", final_result): Verify element property value successfully

2022-11-28 16:46:17 - [MESSAGE][PASSED] - Verify element property value successfully]]></system-out>
         <system-err><![CDATA[]]></system-err>
      </testcase>
      <testcase name="Test Cases/Engine_Scoring/Engine Scoring" time="6.523" classname="Test Cases/Engine_Scoring/Engine Scoring" status="PASSED">
         <system-out><![CDATA[2022-11-28 16:46:17 - [TEST_CASE][PASSED] - Test Cases/Engine_Scoring/Engine Scoring: Test Cases/Engine_Scoring/Engine Scoring

2022-11-28 16:46:18 - [TEST_STEP][PASSED] - markPassed("Variasi data ke : " + no): Variasi data ke : 30

2022-11-28 16:46:18 - [MESSAGE][PASSED] - Variasi data ke : 30

2022-11-28 16:46:18 - [TEST_STEP][PASSED] - req_data = sendRequest(findTestObject("Search_ME", ["MID":MID, "source":source, "ip":ip, "userid":userid, "branch":branch, "tipekons":tipekons, "marital":marital, "penjamin":penjamin, ... ])): Send request successfully

2022-11-28 16:46:18 - [MESSAGE][INFO] - HAR: D:\DMS\Engine Scoring\Reports\20221128_164243\Exclude KKB - DS - Married\Scoring Married - DS\20221128_164244\requests\main\58.har

2022-11-28 16:46:18 - [MESSAGE][PASSED] - Send request successfully

2022-11-28 16:46:18 - [TEST_STEP][PASSED] - slurper = new groovy.json.JsonSlurper(): null

2022-11-28 16:46:18 - [TEST_STEP][PASSED] - result = slurper.parseText(req_data.getResponseBodyContent()): null

2022-11-28 16:46:18 - [TEST_STEP][PASSED] - reqid_kons = requestid1: null

2022-11-28 16:46:18 - [TEST_STEP][PASSED] - reqid_spouse = requestid2: null

2022-11-28 16:46:18 - [TEST_STEP][PASSED] - println("requestid kons : " + reqid_kons): null

2022-11-28 16:46:18 - [TEST_STEP][PASSED] - response_searchME_kons = reqid_kons: null

2022-11-28 16:46:18 - [TEST_STEP][PASSED] - response_searchME_spouse = reqid_spouse: null

2022-11-28 16:46:18 - [TEST_STEP][PASSED] - println("kons req id is :" + response_searchME_kons): null

2022-11-28 16:46:18 - [TEST_STEP][PASSED] - println("spouse req id is : " + response_searchME_spouse): null

2022-11-28 16:46:18 - [TEST_STEP][PASSED] - verifyResponseStatusCode(req_data, 200): Verify response status code successfully

2022-11-28 16:46:18 - [MESSAGE][PASSED] - Verify response status code successfully

2022-11-28 16:46:18 - [TEST_STEP][PASSED] - response = req_data.getResponseText(): null

2022-11-28 16:46:18 - [TEST_STEP][PASSED] - logInfo($response): {"status":"Done","data":{"requestid1":"256724","requestid2":"256725"}}

2022-11-28 16:46:18 - [MESSAGE][INFO] - {"status":"Done","data":{"requestid1":"256724","requestid2":"256725"}}

2022-11-28 16:46:18 - [TEST_STEP][PASSED] - delay(5): Delayed 5 second(s)

2022-11-28 16:46:23 - [MESSAGE][PASSED] - Delayed 5 second(s)

2022-11-28 16:46:23 - [TEST_STEP][PASSED] - scoring = sendRequest(findTestObject("EngineScore", ["response_searchME_kons":response_searchME_kons, "response_searchME_spouse":response_searchME_spouse])): Send request successfully

2022-11-28 16:46:23 - [MESSAGE][INFO] - HAR: D:\DMS\Engine Scoring\Reports\20221128_164243\Exclude KKB - DS - Married\Scoring Married - DS\20221128_164244\requests\main\59.har

2022-11-28 16:46:23 - [MESSAGE][PASSED] - Send request successfully

2022-11-28 16:46:23 - [TEST_STEP][PASSED] - verifyResponseStatusCode(scoring, 200): Verify response status code successfully

2022-11-28 16:46:23 - [MESSAGE][PASSED] - Verify response status code successfully

2022-11-28 16:46:23 - [TEST_STEP][PASSED] - response2 = scoring.getResponseText(): null

2022-11-28 16:46:23 - [TEST_STEP][PASSED] - markPassed("result service data ke : " + no): result service data ke : 30

2022-11-28 16:46:23 - [MESSAGE][PASSED] - result service data ke : 30

2022-11-28 16:46:23 - [TEST_STEP][PASSED] - logInfo($response2): {"result_konsumen":"Reject","result_pasangan":"Reguler","Final_result":"Reject","errorMessage":"","status":"Done"}

2022-11-28 16:46:23 - [MESSAGE][INFO] - {"result_konsumen":"Reject","result_pasangan":"Reguler","Final_result":"Reject","errorMessage":"","status":"Done"}

2022-11-28 16:46:23 - [TEST_STEP][PASSED] - verifyElementPropertyValue(scoring, "Final_result", final_result): Verify element property value successfully

2022-11-28 16:46:23 - [MESSAGE][PASSED] - Verify element property value successfully]]></system-out>
         <system-err><![CDATA[]]></system-err>
      </testcase>
      <testcase name="Test Cases/Engine_Scoring/Engine Scoring" time="6.573" classname="Test Cases/Engine_Scoring/Engine Scoring" status="FAILED">
         <failure type="FAILED" message="Test Cases/Engine_Scoring/Engine Scoring FAILED.
Reason:
com.kms.katalon.core.exception.StepFailedException: Expected element property value 'Reguler' is not equal with actual property value ''
	at com.kms.katalon.core.keyword.internal.KeywordMain.stepFailed(KeywordMain.groovy:50)
	at com.kms.katalon.core.webservice.keyword.builtin.VerifyElementPropertyValueKeyword$_verifyElementPropertyValue_closure1.doCall(VerifyElementPropertyValueKeyword.groovy:56)
	at com.kms.katalon.core.webservice.keyword.builtin.VerifyElementPropertyValueKeyword$_verifyElementPropertyValue_closure1.call(VerifyElementPropertyValueKeyword.groovy)
	at com.kms.katalon.core.keyword.internal.KeywordMain.runKeyword(KeywordMain.groovy:74)
	at com.kms.katalon.core.webservice.keyword.builtin.VerifyElementPropertyValueKeyword.verifyElementPropertyValue(VerifyElementPropertyValueKeyword.groovy:48)
	at com.kms.katalon.core.webservice.keyword.builtin.VerifyElementPropertyValueKeyword.execute(VerifyElementPropertyValueKeyword.groovy:43)
	at com.kms.katalon.core.keyword.internal.KeywordExecutor.executeKeywordForPlatform(KeywordExecutor.groovy:74)
	at com.kms.katalon.core.webservice.keyword.WSBuiltInKeywords.verifyElementPropertyValue(WSBuiltInKeywords.groovy:189)
	at com.kms.katalon.core.webservice.keyword.WSBuiltInKeywords$verifyElementPropertyValue$1.call(Unknown Source)
	at Engine Scoring.run(Engine Scoring:108)
	at com.kms.katalon.core.main.ScriptEngine.run(ScriptEngine.java:194)
	at com.kms.katalon.core.main.ScriptEngine.runScriptAsRawText(ScriptEngine.java:119)
	at com.kms.katalon.core.main.TestCaseExecutor.runScript(TestCaseExecutor.java:442)
	at com.kms.katalon.core.main.TestCaseExecutor.doExecute(TestCaseExecutor.java:433)
	at com.kms.katalon.core.main.TestCaseExecutor.processExecutionPhase(TestCaseExecutor.java:412)
	at com.kms.katalon.core.main.TestCaseExecutor.accessMainPhase(TestCaseExecutor.java:404)
	at com.kms.katalon.core.main.TestCaseExecutor.execute(TestCaseExecutor.java:281)
	at com.kms.katalon.core.main.TestSuiteExecutor.accessTestCaseMainPhase(TestSuiteExecutor.java:202)
	at com.kms.katalon.core.main.TestSuiteExecutor.accessTestSuiteMainPhase(TestSuiteExecutor.java:164)
	at com.kms.katalon.core.main.TestSuiteExecutor.execute(TestSuiteExecutor.java:105)
	at com.kms.katalon.core.main.TestCaseMain.startTestSuite(TestCaseMain.java:185)
	at com.kms.katalon.core.main.TestCaseMain$startTestSuite$0.call(Unknown Source)
	at TempTestSuite1669628564646.run(TempTestSuite1669628564646.groovy:36)
"/>
         <system-out><![CDATA[2022-11-28 16:46:23 - [TEST_CASE][FAILED] - Test Cases/Engine_Scoring/Engine Scoring: Test Cases/Engine_Scoring/Engine Scoring FAILED.
Reason:
com.kms.katalon.core.exception.StepFailedException: Expected element property value 'Reguler' is not equal with actual property value ''
	at com.kms.katalon.core.keyword.internal.KeywordMain.stepFailed(KeywordMain.groovy:50)
	at com.kms.katalon.core.webservice.keyword.builtin.VerifyElementPropertyValueKeyword$_verifyElementPropertyValue_closure1.doCall(VerifyElementPropertyValueKeyword.groovy:56)
	at com.kms.katalon.core.webservice.keyword.builtin.VerifyElementPropertyValueKeyword$_verifyElementPropertyValue_closure1.call(VerifyElementPropertyValueKeyword.groovy)
	at com.kms.katalon.core.keyword.internal.KeywordMain.runKeyword(KeywordMain.groovy:74)
	at com.kms.katalon.core.webservice.keyword.builtin.VerifyElementPropertyValueKeyword.verifyElementPropertyValue(VerifyElementPropertyValueKeyword.groovy:48)
	at com.kms.katalon.core.webservice.keyword.builtin.VerifyElementPropertyValueKeyword.execute(VerifyElementPropertyValueKeyword.groovy:43)
	at com.kms.katalon.core.keyword.internal.KeywordExecutor.executeKeywordForPlatform(KeywordExecutor.groovy:74)
	at com.kms.katalon.core.webservice.keyword.WSBuiltInKeywords.verifyElementPropertyValue(WSBuiltInKeywords.groovy:189)
	at com.kms.katalon.core.webservice.keyword.WSBuiltInKeywords$verifyElementPropertyValue$1.call(Unknown Source)
	at Engine Scoring.run(Engine Scoring:108)
	at com.kms.katalon.core.main.ScriptEngine.run(ScriptEngine.java:194)
	at com.kms.katalon.core.main.ScriptEngine.runScriptAsRawText(ScriptEngine.java:119)
	at com.kms.katalon.core.main.TestCaseExecutor.runScript(TestCaseExecutor.java:442)
	at com.kms.katalon.core.main.TestCaseExecutor.doExecute(TestCaseExecutor.java:433)
	at com.kms.katalon.core.main.TestCaseExecutor.processExecutionPhase(TestCaseExecutor.java:412)
	at com.kms.katalon.core.main.TestCaseExecutor.accessMainPhase(TestCaseExecutor.java:404)
	at com.kms.katalon.core.main.TestCaseExecutor.execute(TestCaseExecutor.java:281)
	at com.kms.katalon.core.main.TestSuiteExecutor.accessTestCaseMainPhase(TestSuiteExecutor.java:202)
	at com.kms.katalon.core.main.TestSuiteExecutor.accessTestSuiteMainPhase(TestSuiteExecutor.java:164)
	at com.kms.katalon.core.main.TestSuiteExecutor.execute(TestSuiteExecutor.java:105)
	at com.kms.katalon.core.main.TestCaseMain.startTestSuite(TestCaseMain.java:185)
	at com.kms.katalon.core.main.TestCaseMain$startTestSuite$0.call(Unknown Source)
	at TempTestSuite1669628564646.run(TempTestSuite1669628564646.groovy:36)


2022-11-28 16:46:24 - [TEST_STEP][PASSED] - markPassed("Variasi data ke : " + no): Variasi data ke : 31

2022-11-28 16:46:24 - [MESSAGE][PASSED] - Variasi data ke : 31

2022-11-28 16:46:24 - [TEST_STEP][PASSED] - req_data = sendRequest(findTestObject("Search_ME", ["MID":MID, "source":source, "ip":ip, "userid":userid, "branch":branch, "tipekons":tipekons, "marital":marital, "penjamin":penjamin, ... ])): Send request successfully

2022-11-28 16:46:25 - [MESSAGE][INFO] - HAR: D:\DMS\Engine Scoring\Reports\20221128_164243\Exclude KKB - DS - Married\Scoring Married - DS\20221128_164244\requests\main\60.har

2022-11-28 16:46:25 - [MESSAGE][PASSED] - Send request successfully

2022-11-28 16:46:25 - [TEST_STEP][PASSED] - slurper = new groovy.json.JsonSlurper(): null

2022-11-28 16:46:25 - [TEST_STEP][PASSED] - result = slurper.parseText(req_data.getResponseBodyContent()): null

2022-11-28 16:46:25 - [TEST_STEP][PASSED] - reqid_kons = requestid1: null

2022-11-28 16:46:25 - [TEST_STEP][PASSED] - reqid_spouse = requestid2: null

2022-11-28 16:46:25 - [TEST_STEP][PASSED] - println("requestid kons : " + reqid_kons): null

2022-11-28 16:46:25 - [TEST_STEP][PASSED] - response_searchME_kons = reqid_kons: null

2022-11-28 16:46:25 - [TEST_STEP][PASSED] - response_searchME_spouse = reqid_spouse: null

2022-11-28 16:46:25 - [TEST_STEP][PASSED] - println("kons req id is :" + response_searchME_kons): null

2022-11-28 16:46:25 - [TEST_STEP][PASSED] - println("spouse req id is : " + response_searchME_spouse): null

2022-11-28 16:46:25 - [TEST_STEP][PASSED] - verifyResponseStatusCode(req_data, 200): Verify response status code successfully

2022-11-28 16:46:25 - [MESSAGE][PASSED] - Verify response status code successfully

2022-11-28 16:46:25 - [TEST_STEP][PASSED] - response = req_data.getResponseText(): null

2022-11-28 16:46:25 - [TEST_STEP][PASSED] - logInfo($response): {"status":"Done","data":{"requestid1":"256726","requestid2":"256727"}}

2022-11-28 16:46:25 - [MESSAGE][INFO] - {"status":"Done","data":{"requestid1":"256726","requestid2":"256727"}}

2022-11-28 16:46:25 - [TEST_STEP][PASSED] - delay(5): Delayed 5 second(s)

2022-11-28 16:46:30 - [MESSAGE][PASSED] - Delayed 5 second(s)

2022-11-28 16:46:30 - [TEST_STEP][PASSED] - scoring = sendRequest(findTestObject("EngineScore", ["response_searchME_kons":response_searchME_kons, "response_searchME_spouse":response_searchME_spouse])): Send request successfully

2022-11-28 16:46:30 - [MESSAGE][INFO] - HAR: D:\DMS\Engine Scoring\Reports\20221128_164243\Exclude KKB - DS - Married\Scoring Married - DS\20221128_164244\requests\main\61.har

2022-11-28 16:46:30 - [MESSAGE][PASSED] - Send request successfully

2022-11-28 16:46:30 - [TEST_STEP][PASSED] - verifyResponseStatusCode(scoring, 200): Verify response status code successfully

2022-11-28 16:46:30 - [MESSAGE][PASSED] - Verify response status code successfully

2022-11-28 16:46:30 - [TEST_STEP][PASSED] - response2 = scoring.getResponseText(): null

2022-11-28 16:46:30 - [TEST_STEP][PASSED] - markPassed("result service data ke : " + no): result service data ke : 31

2022-11-28 16:46:30 - [MESSAGE][PASSED] - result service data ke : 31

2022-11-28 16:46:30 - [TEST_STEP][PASSED] - logInfo($response2): {"result_konsumen":"","result_pasangan":"","Final_result":"","errorMessage":"","status":"InProgress"}

2022-11-28 16:46:30 - [MESSAGE][INFO] - {"result_konsumen":"","result_pasangan":"","Final_result":"","errorMessage":"","status":"InProgress"}

2022-11-28 16:46:30 - [TEST_STEP][FAILED] - verifyElementPropertyValue(scoring, "Final_result", final_result): Unable to verify element property value (Root cause: com.kms.katalon.core.exception.StepFailedException: Expected element property value 'Reguler' is not equal with actual property value ''
	at com.kms.katalon.core.keyword.internal.KeywordMain.stepFailed(KeywordMain.groovy:50)
	at com.kms.katalon.core.webservice.keyword.builtin.VerifyElementPropertyValueKeyword$_verifyElementPropertyValue_closure1.doCall(VerifyElementPropertyValueKeyword.groovy:56)
	at com.kms.katalon.core.webservice.keyword.builtin.VerifyElementPropertyValueKeyword$_verifyElementPropertyValue_closure1.call(VerifyElementPropertyValueKeyword.groovy)
	at com.kms.katalon.core.keyword.internal.KeywordMain.runKeyword(KeywordMain.groovy:74)
	at com.kms.katalon.core.webservice.keyword.builtin.VerifyElementPropertyValueKeyword.verifyElementPropertyValue(VerifyElementPropertyValueKeyword.groovy:48)
	at com.kms.katalon.core.webservice.keyword.builtin.VerifyElementPropertyValueKeyword.execute(VerifyElementPropertyValueKeyword.groovy:43)
	at com.kms.katalon.core.keyword.internal.KeywordExecutor.executeKeywordForPlatform(KeywordExecutor.groovy:74)
	at com.kms.katalon.core.webservice.keyword.WSBuiltInKeywords.verifyElementPropertyValue(WSBuiltInKeywords.groovy:189)
	at com.kms.katalon.core.webservice.keyword.WSBuiltInKeywords$verifyElementPropertyValue$1.call(Unknown Source)
	at Engine Scoring.run(Engine Scoring:108)
	at com.kms.katalon.core.main.ScriptEngine.run(ScriptEngine.java:194)
	at com.kms.katalon.core.main.ScriptEngine.runScriptAsRawText(ScriptEngine.java:119)
	at com.kms.katalon.core.main.TestCaseExecutor.runScript(TestCaseExecutor.java:442)
	at com.kms.katalon.core.main.TestCaseExecutor.doExecute(TestCaseExecutor.java:433)
	at com.kms.katalon.core.main.TestCaseExecutor.processExecutionPhase(TestCaseExecutor.java:412)
	at com.kms.katalon.core.main.TestCaseExecutor.accessMainPhase(TestCaseExecutor.java:404)
	at com.kms.katalon.core.main.TestCaseExecutor.execute(TestCaseExecutor.java:281)
	at com.kms.katalon.core.main.TestSuiteExecutor.accessTestCaseMainPhase(TestSuiteExecutor.java:202)
	at com.kms.katalon.core.main.TestSuiteExecutor.accessTestSuiteMainPhase(TestSuiteExecutor.java:164)
	at com.kms.katalon.core.main.TestSuiteExecutor.execute(TestSuiteExecutor.java:105)
	at com.kms.katalon.core.main.TestCaseMain.startTestSuite(TestCaseMain.java:185)
	at com.kms.katalon.core.main.TestCaseMain$startTestSuite$0.call(Unknown Source)
	at TempTestSuite1669628564646.run(TempTestSuite1669628564646.groovy:36)
)

2022-11-28 16:46:30 - [MESSAGE][FAILED] - Expected element property value 'Reguler' is not equal with actual property value ''

2022-11-28 16:46:30 - [MESSAGE][FAILED] - Unable to verify element property value (Root cause: com.kms.katalon.core.exception.StepFailedException: Expected element property value 'Reguler' is not equal with actual property value ''
	at com.kms.katalon.core.keyword.internal.KeywordMain.stepFailed(KeywordMain.groovy:50)
	at com.kms.katalon.core.webservice.keyword.builtin.VerifyElementPropertyValueKeyword$_verifyElementPropertyValue_closure1.doCall(VerifyElementPropertyValueKeyword.groovy:56)
	at com.kms.katalon.core.webservice.keyword.builtin.VerifyElementPropertyValueKeyword$_verifyElementPropertyValue_closure1.call(VerifyElementPropertyValueKeyword.groovy)
	at com.kms.katalon.core.keyword.internal.KeywordMain.runKeyword(KeywordMain.groovy:74)
	at com.kms.katalon.core.webservice.keyword.builtin.VerifyElementPropertyValueKeyword.verifyElementPropertyValue(VerifyElementPropertyValueKeyword.groovy:48)
	at com.kms.katalon.core.webservice.keyword.builtin.VerifyElementPropertyValueKeyword.execute(VerifyElementPropertyValueKeyword.groovy:43)
	at com.kms.katalon.core.keyword.internal.KeywordExecutor.executeKeywordForPlatform(KeywordExecutor.groovy:74)
	at com.kms.katalon.core.webservice.keyword.WSBuiltInKeywords.verifyElementPropertyValue(WSBuiltInKeywords.groovy:189)
	at com.kms.katalon.core.webservice.keyword.WSBuiltInKeywords$verifyElementPropertyValue$1.call(Unknown Source)
	at Engine Scoring.run(Engine Scoring:108)
	at com.kms.katalon.core.main.ScriptEngine.run(ScriptEngine.java:194)
	at com.kms.katalon.core.main.ScriptEngine.runScriptAsRawText(ScriptEngine.java:119)
	at com.kms.katalon.core.main.TestCaseExecutor.runScript(TestCaseExecutor.java:442)
	at com.kms.katalon.core.main.TestCaseExecutor.doExecute(TestCaseExecutor.java:433)
	at com.kms.katalon.core.main.TestCaseExecutor.processExecutionPhase(TestCaseExecutor.java:412)
	at com.kms.katalon.core.main.TestCaseExecutor.accessMainPhase(TestCaseExecutor.java:404)
	at com.kms.katalon.core.main.TestCaseExecutor.execute(TestCaseExecutor.java:281)
	at com.kms.katalon.core.main.TestSuiteExecutor.accessTestCaseMainPhase(TestSuiteExecutor.java:202)
	at com.kms.katalon.core.main.TestSuiteExecutor.accessTestSuiteMainPhase(TestSuiteExecutor.java:164)
	at com.kms.katalon.core.main.TestSuiteExecutor.execute(TestSuiteExecutor.java:105)
	at com.kms.katalon.core.main.TestCaseMain.startTestSuite(TestCaseMain.java:185)
	at com.kms.katalon.core.main.TestCaseMain$startTestSuite$0.call(Unknown Source)
	at TempTestSuite1669628564646.run(TempTestSuite1669628564646.groovy:36)
)]]></system-out>
         <system-err><![CDATA[2022-11-28 16:46:23 - [TEST_CASE][FAILED] - Test Cases/Engine_Scoring/Engine Scoring: Test Cases/Engine_Scoring/Engine Scoring FAILED.
Reason:
com.kms.katalon.core.exception.StepFailedException: Expected element property value 'Reguler' is not equal with actual property value ''
	at com.kms.katalon.core.keyword.internal.KeywordMain.stepFailed(KeywordMain.groovy:50)
	at com.kms.katalon.core.webservice.keyword.builtin.VerifyElementPropertyValueKeyword$_verifyElementPropertyValue_closure1.doCall(VerifyElementPropertyValueKeyword.groovy:56)
	at com.kms.katalon.core.webservice.keyword.builtin.VerifyElementPropertyValueKeyword$_verifyElementPropertyValue_closure1.call(VerifyElementPropertyValueKeyword.groovy)
	at com.kms.katalon.core.keyword.internal.KeywordMain.runKeyword(KeywordMain.groovy:74)
	at com.kms.katalon.core.webservice.keyword.builtin.VerifyElementPropertyValueKeyword.verifyElementPropertyValue(VerifyElementPropertyValueKeyword.groovy:48)
	at com.kms.katalon.core.webservice.keyword.builtin.VerifyElementPropertyValueKeyword.execute(VerifyElementPropertyValueKeyword.groovy:43)
	at com.kms.katalon.core.keyword.internal.KeywordExecutor.executeKeywordForPlatform(KeywordExecutor.groovy:74)
	at com.kms.katalon.core.webservice.keyword.WSBuiltInKeywords.verifyElementPropertyValue(WSBuiltInKeywords.groovy:189)
	at com.kms.katalon.core.webservice.keyword.WSBuiltInKeywords$verifyElementPropertyValue$1.call(Unknown Source)
	at Engine Scoring.run(Engine Scoring:108)
	at com.kms.katalon.core.main.ScriptEngine.run(ScriptEngine.java:194)
	at com.kms.katalon.core.main.ScriptEngine.runScriptAsRawText(ScriptEngine.java:119)
	at com.kms.katalon.core.main.TestCaseExecutor.runScript(TestCaseExecutor.java:442)
	at com.kms.katalon.core.main.TestCaseExecutor.doExecute(TestCaseExecutor.java:433)
	at com.kms.katalon.core.main.TestCaseExecutor.processExecutionPhase(TestCaseExecutor.java:412)
	at com.kms.katalon.core.main.TestCaseExecutor.accessMainPhase(TestCaseExecutor.java:404)
	at com.kms.katalon.core.main.TestCaseExecutor.execute(TestCaseExecutor.java:281)
	at com.kms.katalon.core.main.TestSuiteExecutor.accessTestCaseMainPhase(TestSuiteExecutor.java:202)
	at com.kms.katalon.core.main.TestSuiteExecutor.accessTestSuiteMainPhase(TestSuiteExecutor.java:164)
	at com.kms.katalon.core.main.TestSuiteExecutor.execute(TestSuiteExecutor.java:105)
	at com.kms.katalon.core.main.TestCaseMain.startTestSuite(TestCaseMain.java:185)
	at com.kms.katalon.core.main.TestCaseMain$startTestSuite$0.call(Unknown Source)
	at TempTestSuite1669628564646.run(TempTestSuite1669628564646.groovy:36)]]></system-err>
      </testcase>
      <testcase name="Test Cases/Engine_Scoring/Engine Scoring" time="6.608" classname="Test Cases/Engine_Scoring/Engine Scoring" status="FAILED">
         <failure type="FAILED" message="Test Cases/Engine_Scoring/Engine Scoring FAILED.
Reason:
com.kms.katalon.core.exception.StepFailedException: Expected element property value 'Reguler' is not equal with actual property value ''
	at com.kms.katalon.core.keyword.internal.KeywordMain.stepFailed(KeywordMain.groovy:50)
	at com.kms.katalon.core.webservice.keyword.builtin.VerifyElementPropertyValueKeyword$_verifyElementPropertyValue_closure1.doCall(VerifyElementPropertyValueKeyword.groovy:56)
	at com.kms.katalon.core.webservice.keyword.builtin.VerifyElementPropertyValueKeyword$_verifyElementPropertyValue_closure1.call(VerifyElementPropertyValueKeyword.groovy)
	at com.kms.katalon.core.keyword.internal.KeywordMain.runKeyword(KeywordMain.groovy:74)
	at com.kms.katalon.core.webservice.keyword.builtin.VerifyElementPropertyValueKeyword.verifyElementPropertyValue(VerifyElementPropertyValueKeyword.groovy:48)
	at com.kms.katalon.core.webservice.keyword.builtin.VerifyElementPropertyValueKeyword.execute(VerifyElementPropertyValueKeyword.groovy:43)
	at com.kms.katalon.core.keyword.internal.KeywordExecutor.executeKeywordForPlatform(KeywordExecutor.groovy:74)
	at com.kms.katalon.core.webservice.keyword.WSBuiltInKeywords.verifyElementPropertyValue(WSBuiltInKeywords.groovy:189)
	at com.kms.katalon.core.webservice.keyword.WSBuiltInKeywords$verifyElementPropertyValue$1.call(Unknown Source)
	at Engine Scoring.run(Engine Scoring:108)
	at com.kms.katalon.core.main.ScriptEngine.run(ScriptEngine.java:194)
	at com.kms.katalon.core.main.ScriptEngine.runScriptAsRawText(ScriptEngine.java:119)
	at com.kms.katalon.core.main.TestCaseExecutor.runScript(TestCaseExecutor.java:442)
	at com.kms.katalon.core.main.TestCaseExecutor.doExecute(TestCaseExecutor.java:433)
	at com.kms.katalon.core.main.TestCaseExecutor.processExecutionPhase(TestCaseExecutor.java:412)
	at com.kms.katalon.core.main.TestCaseExecutor.accessMainPhase(TestCaseExecutor.java:404)
	at com.kms.katalon.core.main.TestCaseExecutor.execute(TestCaseExecutor.java:281)
	at com.kms.katalon.core.main.TestSuiteExecutor.accessTestCaseMainPhase(TestSuiteExecutor.java:202)
	at com.kms.katalon.core.main.TestSuiteExecutor.accessTestSuiteMainPhase(TestSuiteExecutor.java:164)
	at com.kms.katalon.core.main.TestSuiteExecutor.execute(TestSuiteExecutor.java:105)
	at com.kms.katalon.core.main.TestCaseMain.startTestSuite(TestCaseMain.java:185)
	at com.kms.katalon.core.main.TestCaseMain$startTestSuite$0.call(Unknown Source)
	at TempTestSuite1669628564646.run(TempTestSuite1669628564646.groovy:36)
"/>
         <system-out><![CDATA[2022-11-28 16:46:30 - [TEST_CASE][FAILED] - Test Cases/Engine_Scoring/Engine Scoring: Test Cases/Engine_Scoring/Engine Scoring FAILED.
Reason:
com.kms.katalon.core.exception.StepFailedException: Expected element property value 'Reguler' is not equal with actual property value ''
	at com.kms.katalon.core.keyword.internal.KeywordMain.stepFailed(KeywordMain.groovy:50)
	at com.kms.katalon.core.webservice.keyword.builtin.VerifyElementPropertyValueKeyword$_verifyElementPropertyValue_closure1.doCall(VerifyElementPropertyValueKeyword.groovy:56)
	at com.kms.katalon.core.webservice.keyword.builtin.VerifyElementPropertyValueKeyword$_verifyElementPropertyValue_closure1.call(VerifyElementPropertyValueKeyword.groovy)
	at com.kms.katalon.core.keyword.internal.KeywordMain.runKeyword(KeywordMain.groovy:74)
	at com.kms.katalon.core.webservice.keyword.builtin.VerifyElementPropertyValueKeyword.verifyElementPropertyValue(VerifyElementPropertyValueKeyword.groovy:48)
	at com.kms.katalon.core.webservice.keyword.builtin.VerifyElementPropertyValueKeyword.execute(VerifyElementPropertyValueKeyword.groovy:43)
	at com.kms.katalon.core.keyword.internal.KeywordExecutor.executeKeywordForPlatform(KeywordExecutor.groovy:74)
	at com.kms.katalon.core.webservice.keyword.WSBuiltInKeywords.verifyElementPropertyValue(WSBuiltInKeywords.groovy:189)
	at com.kms.katalon.core.webservice.keyword.WSBuiltInKeywords$verifyElementPropertyValue$1.call(Unknown Source)
	at Engine Scoring.run(Engine Scoring:108)
	at com.kms.katalon.core.main.ScriptEngine.run(ScriptEngine.java:194)
	at com.kms.katalon.core.main.ScriptEngine.runScriptAsRawText(ScriptEngine.java:119)
	at com.kms.katalon.core.main.TestCaseExecutor.runScript(TestCaseExecutor.java:442)
	at com.kms.katalon.core.main.TestCaseExecutor.doExecute(TestCaseExecutor.java:433)
	at com.kms.katalon.core.main.TestCaseExecutor.processExecutionPhase(TestCaseExecutor.java:412)
	at com.kms.katalon.core.main.TestCaseExecutor.accessMainPhase(TestCaseExecutor.java:404)
	at com.kms.katalon.core.main.TestCaseExecutor.execute(TestCaseExecutor.java:281)
	at com.kms.katalon.core.main.TestSuiteExecutor.accessTestCaseMainPhase(TestSuiteExecutor.java:202)
	at com.kms.katalon.core.main.TestSuiteExecutor.accessTestSuiteMainPhase(TestSuiteExecutor.java:164)
	at com.kms.katalon.core.main.TestSuiteExecutor.execute(TestSuiteExecutor.java:105)
	at com.kms.katalon.core.main.TestCaseMain.startTestSuite(TestCaseMain.java:185)
	at com.kms.katalon.core.main.TestCaseMain$startTestSuite$0.call(Unknown Source)
	at TempTestSuite1669628564646.run(TempTestSuite1669628564646.groovy:36)


2022-11-28 16:46:31 - [TEST_STEP][PASSED] - markPassed("Variasi data ke : " + no): Variasi data ke : 32

2022-11-28 16:46:31 - [MESSAGE][PASSED] - Variasi data ke : 32

2022-11-28 16:46:31 - [TEST_STEP][PASSED] - req_data = sendRequest(findTestObject("Search_ME", ["MID":MID, "source":source, "ip":ip, "userid":userid, "branch":branch, "tipekons":tipekons, "marital":marital, "penjamin":penjamin, ... ])): Send request successfully

2022-11-28 16:46:32 - [MESSAGE][INFO] - HAR: D:\DMS\Engine Scoring\Reports\20221128_164243\Exclude KKB - DS - Married\Scoring Married - DS\20221128_164244\requests\main\62.har

2022-11-28 16:46:32 - [MESSAGE][PASSED] - Send request successfully

2022-11-28 16:46:32 - [TEST_STEP][PASSED] - slurper = new groovy.json.JsonSlurper(): null

2022-11-28 16:46:32 - [TEST_STEP][PASSED] - result = slurper.parseText(req_data.getResponseBodyContent()): null

2022-11-28 16:46:32 - [TEST_STEP][PASSED] - reqid_kons = requestid1: null

2022-11-28 16:46:32 - [TEST_STEP][PASSED] - reqid_spouse = requestid2: null

2022-11-28 16:46:32 - [TEST_STEP][PASSED] - println("requestid kons : " + reqid_kons): null

2022-11-28 16:46:32 - [TEST_STEP][PASSED] - response_searchME_kons = reqid_kons: null

2022-11-28 16:46:32 - [TEST_STEP][PASSED] - response_searchME_spouse = reqid_spouse: null

2022-11-28 16:46:32 - [TEST_STEP][PASSED] - println("kons req id is :" + response_searchME_kons): null

2022-11-28 16:46:32 - [TEST_STEP][PASSED] - println("spouse req id is : " + response_searchME_spouse): null

2022-11-28 16:46:32 - [TEST_STEP][PASSED] - verifyResponseStatusCode(req_data, 200): Verify response status code successfully

2022-11-28 16:46:32 - [MESSAGE][PASSED] - Verify response status code successfully

2022-11-28 16:46:32 - [TEST_STEP][PASSED] - response = req_data.getResponseText(): null

2022-11-28 16:46:32 - [TEST_STEP][PASSED] - logInfo($response): {"status":"Done","data":{"requestid1":"256728","requestid2":"256729"}}

2022-11-28 16:46:32 - [MESSAGE][INFO] - {"status":"Done","data":{"requestid1":"256728","requestid2":"256729"}}

2022-11-28 16:46:32 - [TEST_STEP][PASSED] - delay(5): Delayed 5 second(s)

2022-11-28 16:46:37 - [MESSAGE][PASSED] - Delayed 5 second(s)

2022-11-28 16:46:37 - [TEST_STEP][PASSED] - scoring = sendRequest(findTestObject("EngineScore", ["response_searchME_kons":response_searchME_kons, "response_searchME_spouse":response_searchME_spouse])): Send request successfully

2022-11-28 16:46:37 - [MESSAGE][INFO] - HAR: D:\DMS\Engine Scoring\Reports\20221128_164243\Exclude KKB - DS - Married\Scoring Married - DS\20221128_164244\requests\main\63.har

2022-11-28 16:46:37 - [MESSAGE][PASSED] - Send request successfully

2022-11-28 16:46:37 - [TEST_STEP][PASSED] - verifyResponseStatusCode(scoring, 200): Verify response status code successfully

2022-11-28 16:46:37 - [MESSAGE][PASSED] - Verify response status code successfully

2022-11-28 16:46:37 - [TEST_STEP][PASSED] - response2 = scoring.getResponseText(): null

2022-11-28 16:46:37 - [TEST_STEP][PASSED] - markPassed("result service data ke : " + no): result service data ke : 32

2022-11-28 16:46:37 - [MESSAGE][PASSED] - result service data ke : 32

2022-11-28 16:46:37 - [TEST_STEP][PASSED] - logInfo($response2): {"result_konsumen":"","result_pasangan":"","Final_result":"","errorMessage":"","status":"InProgress"}

2022-11-28 16:46:37 - [MESSAGE][INFO] - {"result_konsumen":"","result_pasangan":"","Final_result":"","errorMessage":"","status":"InProgress"}

2022-11-28 16:46:37 - [TEST_STEP][FAILED] - verifyElementPropertyValue(scoring, "Final_result", final_result): Unable to verify element property value (Root cause: com.kms.katalon.core.exception.StepFailedException: Expected element property value 'Reguler' is not equal with actual property value ''
	at com.kms.katalon.core.keyword.internal.KeywordMain.stepFailed(KeywordMain.groovy:50)
	at com.kms.katalon.core.webservice.keyword.builtin.VerifyElementPropertyValueKeyword$_verifyElementPropertyValue_closure1.doCall(VerifyElementPropertyValueKeyword.groovy:56)
	at com.kms.katalon.core.webservice.keyword.builtin.VerifyElementPropertyValueKeyword$_verifyElementPropertyValue_closure1.call(VerifyElementPropertyValueKeyword.groovy)
	at com.kms.katalon.core.keyword.internal.KeywordMain.runKeyword(KeywordMain.groovy:74)
	at com.kms.katalon.core.webservice.keyword.builtin.VerifyElementPropertyValueKeyword.verifyElementPropertyValue(VerifyElementPropertyValueKeyword.groovy:48)
	at com.kms.katalon.core.webservice.keyword.builtin.VerifyElementPropertyValueKeyword.execute(VerifyElementPropertyValueKeyword.groovy:43)
	at com.kms.katalon.core.keyword.internal.KeywordExecutor.executeKeywordForPlatform(KeywordExecutor.groovy:74)
	at com.kms.katalon.core.webservice.keyword.WSBuiltInKeywords.verifyElementPropertyValue(WSBuiltInKeywords.groovy:189)
	at com.kms.katalon.core.webservice.keyword.WSBuiltInKeywords$verifyElementPropertyValue$1.call(Unknown Source)
	at Engine Scoring.run(Engine Scoring:108)
	at com.kms.katalon.core.main.ScriptEngine.run(ScriptEngine.java:194)
	at com.kms.katalon.core.main.ScriptEngine.runScriptAsRawText(ScriptEngine.java:119)
	at com.kms.katalon.core.main.TestCaseExecutor.runScript(TestCaseExecutor.java:442)
	at com.kms.katalon.core.main.TestCaseExecutor.doExecute(TestCaseExecutor.java:433)
	at com.kms.katalon.core.main.TestCaseExecutor.processExecutionPhase(TestCaseExecutor.java:412)
	at com.kms.katalon.core.main.TestCaseExecutor.accessMainPhase(TestCaseExecutor.java:404)
	at com.kms.katalon.core.main.TestCaseExecutor.execute(TestCaseExecutor.java:281)
	at com.kms.katalon.core.main.TestSuiteExecutor.accessTestCaseMainPhase(TestSuiteExecutor.java:202)
	at com.kms.katalon.core.main.TestSuiteExecutor.accessTestSuiteMainPhase(TestSuiteExecutor.java:164)
	at com.kms.katalon.core.main.TestSuiteExecutor.execute(TestSuiteExecutor.java:105)
	at com.kms.katalon.core.main.TestCaseMain.startTestSuite(TestCaseMain.java:185)
	at com.kms.katalon.core.main.TestCaseMain$startTestSuite$0.call(Unknown Source)
	at TempTestSuite1669628564646.run(TempTestSuite1669628564646.groovy:36)
)

2022-11-28 16:46:37 - [MESSAGE][FAILED] - Expected element property value 'Reguler' is not equal with actual property value ''

2022-11-28 16:46:37 - [MESSAGE][FAILED] - Unable to verify element property value (Root cause: com.kms.katalon.core.exception.StepFailedException: Expected element property value 'Reguler' is not equal with actual property value ''
	at com.kms.katalon.core.keyword.internal.KeywordMain.stepFailed(KeywordMain.groovy:50)
	at com.kms.katalon.core.webservice.keyword.builtin.VerifyElementPropertyValueKeyword$_verifyElementPropertyValue_closure1.doCall(VerifyElementPropertyValueKeyword.groovy:56)
	at com.kms.katalon.core.webservice.keyword.builtin.VerifyElementPropertyValueKeyword$_verifyElementPropertyValue_closure1.call(VerifyElementPropertyValueKeyword.groovy)
	at com.kms.katalon.core.keyword.internal.KeywordMain.runKeyword(KeywordMain.groovy:74)
	at com.kms.katalon.core.webservice.keyword.builtin.VerifyElementPropertyValueKeyword.verifyElementPropertyValue(VerifyElementPropertyValueKeyword.groovy:48)
	at com.kms.katalon.core.webservice.keyword.builtin.VerifyElementPropertyValueKeyword.execute(VerifyElementPropertyValueKeyword.groovy:43)
	at com.kms.katalon.core.keyword.internal.KeywordExecutor.executeKeywordForPlatform(KeywordExecutor.groovy:74)
	at com.kms.katalon.core.webservice.keyword.WSBuiltInKeywords.verifyElementPropertyValue(WSBuiltInKeywords.groovy:189)
	at com.kms.katalon.core.webservice.keyword.WSBuiltInKeywords$verifyElementPropertyValue$1.call(Unknown Source)
	at Engine Scoring.run(Engine Scoring:108)
	at com.kms.katalon.core.main.ScriptEngine.run(ScriptEngine.java:194)
	at com.kms.katalon.core.main.ScriptEngine.runScriptAsRawText(ScriptEngine.java:119)
	at com.kms.katalon.core.main.TestCaseExecutor.runScript(TestCaseExecutor.java:442)
	at com.kms.katalon.core.main.TestCaseExecutor.doExecute(TestCaseExecutor.java:433)
	at com.kms.katalon.core.main.TestCaseExecutor.processExecutionPhase(TestCaseExecutor.java:412)
	at com.kms.katalon.core.main.TestCaseExecutor.accessMainPhase(TestCaseExecutor.java:404)
	at com.kms.katalon.core.main.TestCaseExecutor.execute(TestCaseExecutor.java:281)
	at com.kms.katalon.core.main.TestSuiteExecutor.accessTestCaseMainPhase(TestSuiteExecutor.java:202)
	at com.kms.katalon.core.main.TestSuiteExecutor.accessTestSuiteMainPhase(TestSuiteExecutor.java:164)
	at com.kms.katalon.core.main.TestSuiteExecutor.execute(TestSuiteExecutor.java:105)
	at com.kms.katalon.core.main.TestCaseMain.startTestSuite(TestCaseMain.java:185)
	at com.kms.katalon.core.main.TestCaseMain$startTestSuite$0.call(Unknown Source)
	at TempTestSuite1669628564646.run(TempTestSuite1669628564646.groovy:36)
)]]></system-out>
         <system-err><![CDATA[2022-11-28 16:46:30 - [TEST_CASE][FAILED] - Test Cases/Engine_Scoring/Engine Scoring: Test Cases/Engine_Scoring/Engine Scoring FAILED.
Reason:
com.kms.katalon.core.exception.StepFailedException: Expected element property value 'Reguler' is not equal with actual property value ''
	at com.kms.katalon.core.keyword.internal.KeywordMain.stepFailed(KeywordMain.groovy:50)
	at com.kms.katalon.core.webservice.keyword.builtin.VerifyElementPropertyValueKeyword$_verifyElementPropertyValue_closure1.doCall(VerifyElementPropertyValueKeyword.groovy:56)
	at com.kms.katalon.core.webservice.keyword.builtin.VerifyElementPropertyValueKeyword$_verifyElementPropertyValue_closure1.call(VerifyElementPropertyValueKeyword.groovy)
	at com.kms.katalon.core.keyword.internal.KeywordMain.runKeyword(KeywordMain.groovy:74)
	at com.kms.katalon.core.webservice.keyword.builtin.VerifyElementPropertyValueKeyword.verifyElementPropertyValue(VerifyElementPropertyValueKeyword.groovy:48)
	at com.kms.katalon.core.webservice.keyword.builtin.VerifyElementPropertyValueKeyword.execute(VerifyElementPropertyValueKeyword.groovy:43)
	at com.kms.katalon.core.keyword.internal.KeywordExecutor.executeKeywordForPlatform(KeywordExecutor.groovy:74)
	at com.kms.katalon.core.webservice.keyword.WSBuiltInKeywords.verifyElementPropertyValue(WSBuiltInKeywords.groovy:189)
	at com.kms.katalon.core.webservice.keyword.WSBuiltInKeywords$verifyElementPropertyValue$1.call(Unknown Source)
	at Engine Scoring.run(Engine Scoring:108)
	at com.kms.katalon.core.main.ScriptEngine.run(ScriptEngine.java:194)
	at com.kms.katalon.core.main.ScriptEngine.runScriptAsRawText(ScriptEngine.java:119)
	at com.kms.katalon.core.main.TestCaseExecutor.runScript(TestCaseExecutor.java:442)
	at com.kms.katalon.core.main.TestCaseExecutor.doExecute(TestCaseExecutor.java:433)
	at com.kms.katalon.core.main.TestCaseExecutor.processExecutionPhase(TestCaseExecutor.java:412)
	at com.kms.katalon.core.main.TestCaseExecutor.accessMainPhase(TestCaseExecutor.java:404)
	at com.kms.katalon.core.main.TestCaseExecutor.execute(TestCaseExecutor.java:281)
	at com.kms.katalon.core.main.TestSuiteExecutor.accessTestCaseMainPhase(TestSuiteExecutor.java:202)
	at com.kms.katalon.core.main.TestSuiteExecutor.accessTestSuiteMainPhase(TestSuiteExecutor.java:164)
	at com.kms.katalon.core.main.TestSuiteExecutor.execute(TestSuiteExecutor.java:105)
	at com.kms.katalon.core.main.TestCaseMain.startTestSuite(TestCaseMain.java:185)
	at com.kms.katalon.core.main.TestCaseMain$startTestSuite$0.call(Unknown Source)
	at TempTestSuite1669628564646.run(TempTestSuite1669628564646.groovy:36)]]></system-err>
      </testcase>
      <testcase name="Test Cases/Engine_Scoring/Engine Scoring" time="7.641" classname="Test Cases/Engine_Scoring/Engine Scoring" status="FAILED">
         <failure type="FAILED" message="Test Cases/Engine_Scoring/Engine Scoring FAILED.
Reason:
com.kms.katalon.core.exception.StepFailedException: Expected element property value 'Reguler' is not equal with actual property value ''
	at com.kms.katalon.core.keyword.internal.KeywordMain.stepFailed(KeywordMain.groovy:50)
	at com.kms.katalon.core.webservice.keyword.builtin.VerifyElementPropertyValueKeyword$_verifyElementPropertyValue_closure1.doCall(VerifyElementPropertyValueKeyword.groovy:56)
	at com.kms.katalon.core.webservice.keyword.builtin.VerifyElementPropertyValueKeyword$_verifyElementPropertyValue_closure1.call(VerifyElementPropertyValueKeyword.groovy)
	at com.kms.katalon.core.keyword.internal.KeywordMain.runKeyword(KeywordMain.groovy:74)
	at com.kms.katalon.core.webservice.keyword.builtin.VerifyElementPropertyValueKeyword.verifyElementPropertyValue(VerifyElementPropertyValueKeyword.groovy:48)
	at com.kms.katalon.core.webservice.keyword.builtin.VerifyElementPropertyValueKeyword.execute(VerifyElementPropertyValueKeyword.groovy:43)
	at com.kms.katalon.core.keyword.internal.KeywordExecutor.executeKeywordForPlatform(KeywordExecutor.groovy:74)
	at com.kms.katalon.core.webservice.keyword.WSBuiltInKeywords.verifyElementPropertyValue(WSBuiltInKeywords.groovy:189)
	at com.kms.katalon.core.webservice.keyword.WSBuiltInKeywords$verifyElementPropertyValue$1.call(Unknown Source)
	at Engine Scoring.run(Engine Scoring:108)
	at com.kms.katalon.core.main.ScriptEngine.run(ScriptEngine.java:194)
	at com.kms.katalon.core.main.ScriptEngine.runScriptAsRawText(ScriptEngine.java:119)
	at com.kms.katalon.core.main.TestCaseExecutor.runScript(TestCaseExecutor.java:442)
	at com.kms.katalon.core.main.TestCaseExecutor.doExecute(TestCaseExecutor.java:433)
	at com.kms.katalon.core.main.TestCaseExecutor.processExecutionPhase(TestCaseExecutor.java:412)
	at com.kms.katalon.core.main.TestCaseExecutor.accessMainPhase(TestCaseExecutor.java:404)
	at com.kms.katalon.core.main.TestCaseExecutor.execute(TestCaseExecutor.java:281)
	at com.kms.katalon.core.main.TestSuiteExecutor.accessTestCaseMainPhase(TestSuiteExecutor.java:202)
	at com.kms.katalon.core.main.TestSuiteExecutor.accessTestSuiteMainPhase(TestSuiteExecutor.java:164)
	at com.kms.katalon.core.main.TestSuiteExecutor.execute(TestSuiteExecutor.java:105)
	at com.kms.katalon.core.main.TestCaseMain.startTestSuite(TestCaseMain.java:185)
	at com.kms.katalon.core.main.TestCaseMain$startTestSuite$0.call(Unknown Source)
	at TempTestSuite1669628564646.run(TempTestSuite1669628564646.groovy:36)
"/>
         <system-out><![CDATA[2022-11-28 16:46:37 - [TEST_CASE][FAILED] - Test Cases/Engine_Scoring/Engine Scoring: Test Cases/Engine_Scoring/Engine Scoring FAILED.
Reason:
com.kms.katalon.core.exception.StepFailedException: Expected element property value 'Reguler' is not equal with actual property value ''
	at com.kms.katalon.core.keyword.internal.KeywordMain.stepFailed(KeywordMain.groovy:50)
	at com.kms.katalon.core.webservice.keyword.builtin.VerifyElementPropertyValueKeyword$_verifyElementPropertyValue_closure1.doCall(VerifyElementPropertyValueKeyword.groovy:56)
	at com.kms.katalon.core.webservice.keyword.builtin.VerifyElementPropertyValueKeyword$_verifyElementPropertyValue_closure1.call(VerifyElementPropertyValueKeyword.groovy)
	at com.kms.katalon.core.keyword.internal.KeywordMain.runKeyword(KeywordMain.groovy:74)
	at com.kms.katalon.core.webservice.keyword.builtin.VerifyElementPropertyValueKeyword.verifyElementPropertyValue(VerifyElementPropertyValueKeyword.groovy:48)
	at com.kms.katalon.core.webservice.keyword.builtin.VerifyElementPropertyValueKeyword.execute(VerifyElementPropertyValueKeyword.groovy:43)
	at com.kms.katalon.core.keyword.internal.KeywordExecutor.executeKeywordForPlatform(KeywordExecutor.groovy:74)
	at com.kms.katalon.core.webservice.keyword.WSBuiltInKeywords.verifyElementPropertyValue(WSBuiltInKeywords.groovy:189)
	at com.kms.katalon.core.webservice.keyword.WSBuiltInKeywords$verifyElementPropertyValue$1.call(Unknown Source)
	at Engine Scoring.run(Engine Scoring:108)
	at com.kms.katalon.core.main.ScriptEngine.run(ScriptEngine.java:194)
	at com.kms.katalon.core.main.ScriptEngine.runScriptAsRawText(ScriptEngine.java:119)
	at com.kms.katalon.core.main.TestCaseExecutor.runScript(TestCaseExecutor.java:442)
	at com.kms.katalon.core.main.TestCaseExecutor.doExecute(TestCaseExecutor.java:433)
	at com.kms.katalon.core.main.TestCaseExecutor.processExecutionPhase(TestCaseExecutor.java:412)
	at com.kms.katalon.core.main.TestCaseExecutor.accessMainPhase(TestCaseExecutor.java:404)
	at com.kms.katalon.core.main.TestCaseExecutor.execute(TestCaseExecutor.java:281)
	at com.kms.katalon.core.main.TestSuiteExecutor.accessTestCaseMainPhase(TestSuiteExecutor.java:202)
	at com.kms.katalon.core.main.TestSuiteExecutor.accessTestSuiteMainPhase(TestSuiteExecutor.java:164)
	at com.kms.katalon.core.main.TestSuiteExecutor.execute(TestSuiteExecutor.java:105)
	at com.kms.katalon.core.main.TestCaseMain.startTestSuite(TestCaseMain.java:185)
	at com.kms.katalon.core.main.TestCaseMain$startTestSuite$0.call(Unknown Source)
	at TempTestSuite1669628564646.run(TempTestSuite1669628564646.groovy:36)


2022-11-28 16:46:37 - [TEST_STEP][PASSED] - markPassed("Variasi data ke : " + no): Variasi data ke : 33

2022-11-28 16:46:37 - [MESSAGE][PASSED] - Variasi data ke : 33

2022-11-28 16:46:37 - [TEST_STEP][PASSED] - req_data = sendRequest(findTestObject("Search_ME", ["MID":MID, "source":source, "ip":ip, "userid":userid, "branch":branch, "tipekons":tipekons, "marital":marital, "penjamin":penjamin, ... ])): Send request successfully

2022-11-28 16:46:39 - [MESSAGE][INFO] - HAR: D:\DMS\Engine Scoring\Reports\20221128_164243\Exclude KKB - DS - Married\Scoring Married - DS\20221128_164244\requests\main\64.har

2022-11-28 16:46:39 - [MESSAGE][PASSED] - Send request successfully

2022-11-28 16:46:39 - [TEST_STEP][PASSED] - slurper = new groovy.json.JsonSlurper(): null

2022-11-28 16:46:39 - [TEST_STEP][PASSED] - result = slurper.parseText(req_data.getResponseBodyContent()): null

2022-11-28 16:46:39 - [TEST_STEP][PASSED] - reqid_kons = requestid1: null

2022-11-28 16:46:39 - [TEST_STEP][PASSED] - reqid_spouse = requestid2: null

2022-11-28 16:46:39 - [TEST_STEP][PASSED] - println("requestid kons : " + reqid_kons): null

2022-11-28 16:46:39 - [TEST_STEP][PASSED] - response_searchME_kons = reqid_kons: null

2022-11-28 16:46:39 - [TEST_STEP][PASSED] - response_searchME_spouse = reqid_spouse: null

2022-11-28 16:46:39 - [TEST_STEP][PASSED] - println("kons req id is :" + response_searchME_kons): null

2022-11-28 16:46:39 - [TEST_STEP][PASSED] - println("spouse req id is : " + response_searchME_spouse): null

2022-11-28 16:46:39 - [TEST_STEP][PASSED] - verifyResponseStatusCode(req_data, 200): Verify response status code successfully

2022-11-28 16:46:39 - [MESSAGE][PASSED] - Verify response status code successfully

2022-11-28 16:46:39 - [TEST_STEP][PASSED] - response = req_data.getResponseText(): null

2022-11-28 16:46:39 - [TEST_STEP][PASSED] - logInfo($response): {"status":"Done","data":{"requestid1":"256730","requestid2":"256731"}}

2022-11-28 16:46:39 - [MESSAGE][INFO] - {"status":"Done","data":{"requestid1":"256730","requestid2":"256731"}}

2022-11-28 16:46:39 - [TEST_STEP][PASSED] - delay(5): Delayed 5 second(s)

2022-11-28 16:46:44 - [MESSAGE][PASSED] - Delayed 5 second(s)

2022-11-28 16:46:44 - [TEST_STEP][PASSED] - scoring = sendRequest(findTestObject("EngineScore", ["response_searchME_kons":response_searchME_kons, "response_searchME_spouse":response_searchME_spouse])): Send request successfully

2022-11-28 16:46:44 - [MESSAGE][INFO] - HAR: D:\DMS\Engine Scoring\Reports\20221128_164243\Exclude KKB - DS - Married\Scoring Married - DS\20221128_164244\requests\main\65.har

2022-11-28 16:46:44 - [MESSAGE][PASSED] - Send request successfully

2022-11-28 16:46:44 - [TEST_STEP][PASSED] - verifyResponseStatusCode(scoring, 200): Verify response status code successfully

2022-11-28 16:46:44 - [MESSAGE][PASSED] - Verify response status code successfully

2022-11-28 16:46:44 - [TEST_STEP][PASSED] - response2 = scoring.getResponseText(): null

2022-11-28 16:46:44 - [TEST_STEP][PASSED] - markPassed("result service data ke : " + no): result service data ke : 33

2022-11-28 16:46:44 - [MESSAGE][PASSED] - result service data ke : 33

2022-11-28 16:46:44 - [TEST_STEP][PASSED] - logInfo($response2): {"result_konsumen":"","result_pasangan":"","Final_result":"","errorMessage":"","status":"InProgress"}

2022-11-28 16:46:44 - [MESSAGE][INFO] - {"result_konsumen":"","result_pasangan":"","Final_result":"","errorMessage":"","status":"InProgress"}

2022-11-28 16:46:44 - [TEST_STEP][FAILED] - verifyElementPropertyValue(scoring, "Final_result", final_result): Unable to verify element property value (Root cause: com.kms.katalon.core.exception.StepFailedException: Expected element property value 'Reguler' is not equal with actual property value ''
	at com.kms.katalon.core.keyword.internal.KeywordMain.stepFailed(KeywordMain.groovy:50)
	at com.kms.katalon.core.webservice.keyword.builtin.VerifyElementPropertyValueKeyword$_verifyElementPropertyValue_closure1.doCall(VerifyElementPropertyValueKeyword.groovy:56)
	at com.kms.katalon.core.webservice.keyword.builtin.VerifyElementPropertyValueKeyword$_verifyElementPropertyValue_closure1.call(VerifyElementPropertyValueKeyword.groovy)
	at com.kms.katalon.core.keyword.internal.KeywordMain.runKeyword(KeywordMain.groovy:74)
	at com.kms.katalon.core.webservice.keyword.builtin.VerifyElementPropertyValueKeyword.verifyElementPropertyValue(VerifyElementPropertyValueKeyword.groovy:48)
	at com.kms.katalon.core.webservice.keyword.builtin.VerifyElementPropertyValueKeyword.execute(VerifyElementPropertyValueKeyword.groovy:43)
	at com.kms.katalon.core.keyword.internal.KeywordExecutor.executeKeywordForPlatform(KeywordExecutor.groovy:74)
	at com.kms.katalon.core.webservice.keyword.WSBuiltInKeywords.verifyElementPropertyValue(WSBuiltInKeywords.groovy:189)
	at com.kms.katalon.core.webservice.keyword.WSBuiltInKeywords$verifyElementPropertyValue$1.call(Unknown Source)
	at Engine Scoring.run(Engine Scoring:108)
	at com.kms.katalon.core.main.ScriptEngine.run(ScriptEngine.java:194)
	at com.kms.katalon.core.main.ScriptEngine.runScriptAsRawText(ScriptEngine.java:119)
	at com.kms.katalon.core.main.TestCaseExecutor.runScript(TestCaseExecutor.java:442)
	at com.kms.katalon.core.main.TestCaseExecutor.doExecute(TestCaseExecutor.java:433)
	at com.kms.katalon.core.main.TestCaseExecutor.processExecutionPhase(TestCaseExecutor.java:412)
	at com.kms.katalon.core.main.TestCaseExecutor.accessMainPhase(TestCaseExecutor.java:404)
	at com.kms.katalon.core.main.TestCaseExecutor.execute(TestCaseExecutor.java:281)
	at com.kms.katalon.core.main.TestSuiteExecutor.accessTestCaseMainPhase(TestSuiteExecutor.java:202)
	at com.kms.katalon.core.main.TestSuiteExecutor.accessTestSuiteMainPhase(TestSuiteExecutor.java:164)
	at com.kms.katalon.core.main.TestSuiteExecutor.execute(TestSuiteExecutor.java:105)
	at com.kms.katalon.core.main.TestCaseMain.startTestSuite(TestCaseMain.java:185)
	at com.kms.katalon.core.main.TestCaseMain$startTestSuite$0.call(Unknown Source)
	at TempTestSuite1669628564646.run(TempTestSuite1669628564646.groovy:36)
)

2022-11-28 16:46:44 - [MESSAGE][FAILED] - Expected element property value 'Reguler' is not equal with actual property value ''

2022-11-28 16:46:44 - [MESSAGE][FAILED] - Unable to verify element property value (Root cause: com.kms.katalon.core.exception.StepFailedException: Expected element property value 'Reguler' is not equal with actual property value ''
	at com.kms.katalon.core.keyword.internal.KeywordMain.stepFailed(KeywordMain.groovy:50)
	at com.kms.katalon.core.webservice.keyword.builtin.VerifyElementPropertyValueKeyword$_verifyElementPropertyValue_closure1.doCall(VerifyElementPropertyValueKeyword.groovy:56)
	at com.kms.katalon.core.webservice.keyword.builtin.VerifyElementPropertyValueKeyword$_verifyElementPropertyValue_closure1.call(VerifyElementPropertyValueKeyword.groovy)
	at com.kms.katalon.core.keyword.internal.KeywordMain.runKeyword(KeywordMain.groovy:74)
	at com.kms.katalon.core.webservice.keyword.builtin.VerifyElementPropertyValueKeyword.verifyElementPropertyValue(VerifyElementPropertyValueKeyword.groovy:48)
	at com.kms.katalon.core.webservice.keyword.builtin.VerifyElementPropertyValueKeyword.execute(VerifyElementPropertyValueKeyword.groovy:43)
	at com.kms.katalon.core.keyword.internal.KeywordExecutor.executeKeywordForPlatform(KeywordExecutor.groovy:74)
	at com.kms.katalon.core.webservice.keyword.WSBuiltInKeywords.verifyElementPropertyValue(WSBuiltInKeywords.groovy:189)
	at com.kms.katalon.core.webservice.keyword.WSBuiltInKeywords$verifyElementPropertyValue$1.call(Unknown Source)
	at Engine Scoring.run(Engine Scoring:108)
	at com.kms.katalon.core.main.ScriptEngine.run(ScriptEngine.java:194)
	at com.kms.katalon.core.main.ScriptEngine.runScriptAsRawText(ScriptEngine.java:119)
	at com.kms.katalon.core.main.TestCaseExecutor.runScript(TestCaseExecutor.java:442)
	at com.kms.katalon.core.main.TestCaseExecutor.doExecute(TestCaseExecutor.java:433)
	at com.kms.katalon.core.main.TestCaseExecutor.processExecutionPhase(TestCaseExecutor.java:412)
	at com.kms.katalon.core.main.TestCaseExecutor.accessMainPhase(TestCaseExecutor.java:404)
	at com.kms.katalon.core.main.TestCaseExecutor.execute(TestCaseExecutor.java:281)
	at com.kms.katalon.core.main.TestSuiteExecutor.accessTestCaseMainPhase(TestSuiteExecutor.java:202)
	at com.kms.katalon.core.main.TestSuiteExecutor.accessTestSuiteMainPhase(TestSuiteExecutor.java:164)
	at com.kms.katalon.core.main.TestSuiteExecutor.execute(TestSuiteExecutor.java:105)
	at com.kms.katalon.core.main.TestCaseMain.startTestSuite(TestCaseMain.java:185)
	at com.kms.katalon.core.main.TestCaseMain$startTestSuite$0.call(Unknown Source)
	at TempTestSuite1669628564646.run(TempTestSuite1669628564646.groovy:36)
)]]></system-out>
         <system-err><![CDATA[2022-11-28 16:46:37 - [TEST_CASE][FAILED] - Test Cases/Engine_Scoring/Engine Scoring: Test Cases/Engine_Scoring/Engine Scoring FAILED.
Reason:
com.kms.katalon.core.exception.StepFailedException: Expected element property value 'Reguler' is not equal with actual property value ''
	at com.kms.katalon.core.keyword.internal.KeywordMain.stepFailed(KeywordMain.groovy:50)
	at com.kms.katalon.core.webservice.keyword.builtin.VerifyElementPropertyValueKeyword$_verifyElementPropertyValue_closure1.doCall(VerifyElementPropertyValueKeyword.groovy:56)
	at com.kms.katalon.core.webservice.keyword.builtin.VerifyElementPropertyValueKeyword$_verifyElementPropertyValue_closure1.call(VerifyElementPropertyValueKeyword.groovy)
	at com.kms.katalon.core.keyword.internal.KeywordMain.runKeyword(KeywordMain.groovy:74)
	at com.kms.katalon.core.webservice.keyword.builtin.VerifyElementPropertyValueKeyword.verifyElementPropertyValue(VerifyElementPropertyValueKeyword.groovy:48)
	at com.kms.katalon.core.webservice.keyword.builtin.VerifyElementPropertyValueKeyword.execute(VerifyElementPropertyValueKeyword.groovy:43)
	at com.kms.katalon.core.keyword.internal.KeywordExecutor.executeKeywordForPlatform(KeywordExecutor.groovy:74)
	at com.kms.katalon.core.webservice.keyword.WSBuiltInKeywords.verifyElementPropertyValue(WSBuiltInKeywords.groovy:189)
	at com.kms.katalon.core.webservice.keyword.WSBuiltInKeywords$verifyElementPropertyValue$1.call(Unknown Source)
	at Engine Scoring.run(Engine Scoring:108)
	at com.kms.katalon.core.main.ScriptEngine.run(ScriptEngine.java:194)
	at com.kms.katalon.core.main.ScriptEngine.runScriptAsRawText(ScriptEngine.java:119)
	at com.kms.katalon.core.main.TestCaseExecutor.runScript(TestCaseExecutor.java:442)
	at com.kms.katalon.core.main.TestCaseExecutor.doExecute(TestCaseExecutor.java:433)
	at com.kms.katalon.core.main.TestCaseExecutor.processExecutionPhase(TestCaseExecutor.java:412)
	at com.kms.katalon.core.main.TestCaseExecutor.accessMainPhase(TestCaseExecutor.java:404)
	at com.kms.katalon.core.main.TestCaseExecutor.execute(TestCaseExecutor.java:281)
	at com.kms.katalon.core.main.TestSuiteExecutor.accessTestCaseMainPhase(TestSuiteExecutor.java:202)
	at com.kms.katalon.core.main.TestSuiteExecutor.accessTestSuiteMainPhase(TestSuiteExecutor.java:164)
	at com.kms.katalon.core.main.TestSuiteExecutor.execute(TestSuiteExecutor.java:105)
	at com.kms.katalon.core.main.TestCaseMain.startTestSuite(TestCaseMain.java:185)
	at com.kms.katalon.core.main.TestCaseMain$startTestSuite$0.call(Unknown Source)
	at TempTestSuite1669628564646.run(TempTestSuite1669628564646.groovy:36)]]></system-err>
      </testcase>
      <testcase name="Test Cases/Engine_Scoring/Engine Scoring" time="6.628" classname="Test Cases/Engine_Scoring/Engine Scoring" status="FAILED">
         <failure type="FAILED" message="Test Cases/Engine_Scoring/Engine Scoring FAILED.
Reason:
com.kms.katalon.core.exception.StepFailedException: Expected element property value 'Reguler' is not equal with actual property value ''
	at com.kms.katalon.core.keyword.internal.KeywordMain.stepFailed(KeywordMain.groovy:50)
	at com.kms.katalon.core.webservice.keyword.builtin.VerifyElementPropertyValueKeyword$_verifyElementPropertyValue_closure1.doCall(VerifyElementPropertyValueKeyword.groovy:56)
	at com.kms.katalon.core.webservice.keyword.builtin.VerifyElementPropertyValueKeyword$_verifyElementPropertyValue_closure1.call(VerifyElementPropertyValueKeyword.groovy)
	at com.kms.katalon.core.keyword.internal.KeywordMain.runKeyword(KeywordMain.groovy:74)
	at com.kms.katalon.core.webservice.keyword.builtin.VerifyElementPropertyValueKeyword.verifyElementPropertyValue(VerifyElementPropertyValueKeyword.groovy:48)
	at com.kms.katalon.core.webservice.keyword.builtin.VerifyElementPropertyValueKeyword.execute(VerifyElementPropertyValueKeyword.groovy:43)
	at com.kms.katalon.core.keyword.internal.KeywordExecutor.executeKeywordForPlatform(KeywordExecutor.groovy:74)
	at com.kms.katalon.core.webservice.keyword.WSBuiltInKeywords.verifyElementPropertyValue(WSBuiltInKeywords.groovy:189)
	at com.kms.katalon.core.webservice.keyword.WSBuiltInKeywords$verifyElementPropertyValue$1.call(Unknown Source)
	at Engine Scoring.run(Engine Scoring:108)
	at com.kms.katalon.core.main.ScriptEngine.run(ScriptEngine.java:194)
	at com.kms.katalon.core.main.ScriptEngine.runScriptAsRawText(ScriptEngine.java:119)
	at com.kms.katalon.core.main.TestCaseExecutor.runScript(TestCaseExecutor.java:442)
	at com.kms.katalon.core.main.TestCaseExecutor.doExecute(TestCaseExecutor.java:433)
	at com.kms.katalon.core.main.TestCaseExecutor.processExecutionPhase(TestCaseExecutor.java:412)
	at com.kms.katalon.core.main.TestCaseExecutor.accessMainPhase(TestCaseExecutor.java:404)
	at com.kms.katalon.core.main.TestCaseExecutor.execute(TestCaseExecutor.java:281)
	at com.kms.katalon.core.main.TestSuiteExecutor.accessTestCaseMainPhase(TestSuiteExecutor.java:202)
	at com.kms.katalon.core.main.TestSuiteExecutor.accessTestSuiteMainPhase(TestSuiteExecutor.java:164)
	at com.kms.katalon.core.main.TestSuiteExecutor.execute(TestSuiteExecutor.java:105)
	at com.kms.katalon.core.main.TestCaseMain.startTestSuite(TestCaseMain.java:185)
	at com.kms.katalon.core.main.TestCaseMain$startTestSuite$0.call(Unknown Source)
	at TempTestSuite1669628564646.run(TempTestSuite1669628564646.groovy:36)
"/>
         <system-out><![CDATA[2022-11-28 16:46:44 - [TEST_CASE][FAILED] - Test Cases/Engine_Scoring/Engine Scoring: Test Cases/Engine_Scoring/Engine Scoring FAILED.
Reason:
com.kms.katalon.core.exception.StepFailedException: Expected element property value 'Reguler' is not equal with actual property value ''
	at com.kms.katalon.core.keyword.internal.KeywordMain.stepFailed(KeywordMain.groovy:50)
	at com.kms.katalon.core.webservice.keyword.builtin.VerifyElementPropertyValueKeyword$_verifyElementPropertyValue_closure1.doCall(VerifyElementPropertyValueKeyword.groovy:56)
	at com.kms.katalon.core.webservice.keyword.builtin.VerifyElementPropertyValueKeyword$_verifyElementPropertyValue_closure1.call(VerifyElementPropertyValueKeyword.groovy)
	at com.kms.katalon.core.keyword.internal.KeywordMain.runKeyword(KeywordMain.groovy:74)
	at com.kms.katalon.core.webservice.keyword.builtin.VerifyElementPropertyValueKeyword.verifyElementPropertyValue(VerifyElementPropertyValueKeyword.groovy:48)
	at com.kms.katalon.core.webservice.keyword.builtin.VerifyElementPropertyValueKeyword.execute(VerifyElementPropertyValueKeyword.groovy:43)
	at com.kms.katalon.core.keyword.internal.KeywordExecutor.executeKeywordForPlatform(KeywordExecutor.groovy:74)
	at com.kms.katalon.core.webservice.keyword.WSBuiltInKeywords.verifyElementPropertyValue(WSBuiltInKeywords.groovy:189)
	at com.kms.katalon.core.webservice.keyword.WSBuiltInKeywords$verifyElementPropertyValue$1.call(Unknown Source)
	at Engine Scoring.run(Engine Scoring:108)
	at com.kms.katalon.core.main.ScriptEngine.run(ScriptEngine.java:194)
	at com.kms.katalon.core.main.ScriptEngine.runScriptAsRawText(ScriptEngine.java:119)
	at com.kms.katalon.core.main.TestCaseExecutor.runScript(TestCaseExecutor.java:442)
	at com.kms.katalon.core.main.TestCaseExecutor.doExecute(TestCaseExecutor.java:433)
	at com.kms.katalon.core.main.TestCaseExecutor.processExecutionPhase(TestCaseExecutor.java:412)
	at com.kms.katalon.core.main.TestCaseExecutor.accessMainPhase(TestCaseExecutor.java:404)
	at com.kms.katalon.core.main.TestCaseExecutor.execute(TestCaseExecutor.java:281)
	at com.kms.katalon.core.main.TestSuiteExecutor.accessTestCaseMainPhase(TestSuiteExecutor.java:202)
	at com.kms.katalon.core.main.TestSuiteExecutor.accessTestSuiteMainPhase(TestSuiteExecutor.java:164)
	at com.kms.katalon.core.main.TestSuiteExecutor.execute(TestSuiteExecutor.java:105)
	at com.kms.katalon.core.main.TestCaseMain.startTestSuite(TestCaseMain.java:185)
	at com.kms.katalon.core.main.TestCaseMain$startTestSuite$0.call(Unknown Source)
	at TempTestSuite1669628564646.run(TempTestSuite1669628564646.groovy:36)


2022-11-28 16:46:45 - [TEST_STEP][PASSED] - markPassed("Variasi data ke : " + no): Variasi data ke : 34

2022-11-28 16:46:45 - [MESSAGE][PASSED] - Variasi data ke : 34

2022-11-28 16:46:45 - [TEST_STEP][PASSED] - req_data = sendRequest(findTestObject("Search_ME", ["MID":MID, "source":source, "ip":ip, "userid":userid, "branch":branch, "tipekons":tipekons, "marital":marital, "penjamin":penjamin, ... ])): Send request successfully

2022-11-28 16:46:46 - [MESSAGE][INFO] - HAR: D:\DMS\Engine Scoring\Reports\20221128_164243\Exclude KKB - DS - Married\Scoring Married - DS\20221128_164244\requests\main\66.har

2022-11-28 16:46:46 - [MESSAGE][PASSED] - Send request successfully

2022-11-28 16:46:46 - [TEST_STEP][PASSED] - slurper = new groovy.json.JsonSlurper(): null

2022-11-28 16:46:46 - [TEST_STEP][PASSED] - result = slurper.parseText(req_data.getResponseBodyContent()): null

2022-11-28 16:46:46 - [TEST_STEP][PASSED] - reqid_kons = requestid1: null

2022-11-28 16:46:46 - [TEST_STEP][PASSED] - reqid_spouse = requestid2: null

2022-11-28 16:46:46 - [TEST_STEP][PASSED] - println("requestid kons : " + reqid_kons): null

2022-11-28 16:46:46 - [TEST_STEP][PASSED] - response_searchME_kons = reqid_kons: null

2022-11-28 16:46:46 - [TEST_STEP][PASSED] - response_searchME_spouse = reqid_spouse: null

2022-11-28 16:46:46 - [TEST_STEP][PASSED] - println("kons req id is :" + response_searchME_kons): null

2022-11-28 16:46:46 - [TEST_STEP][PASSED] - println("spouse req id is : " + response_searchME_spouse): null

2022-11-28 16:46:46 - [TEST_STEP][PASSED] - verifyResponseStatusCode(req_data, 200): Verify response status code successfully

2022-11-28 16:46:46 - [MESSAGE][PASSED] - Verify response status code successfully

2022-11-28 16:46:46 - [TEST_STEP][PASSED] - response = req_data.getResponseText(): null

2022-11-28 16:46:46 - [TEST_STEP][PASSED] - logInfo($response): {"status":"Done","data":{"requestid1":"256732","requestid2":"256733"}}

2022-11-28 16:46:46 - [MESSAGE][INFO] - {"status":"Done","data":{"requestid1":"256732","requestid2":"256733"}}

2022-11-28 16:46:46 - [TEST_STEP][PASSED] - delay(5): Delayed 5 second(s)

2022-11-28 16:46:51 - [MESSAGE][PASSED] - Delayed 5 second(s)

2022-11-28 16:46:51 - [TEST_STEP][PASSED] - scoring = sendRequest(findTestObject("EngineScore", ["response_searchME_kons":response_searchME_kons, "response_searchME_spouse":response_searchME_spouse])): Send request successfully

2022-11-28 16:46:51 - [MESSAGE][INFO] - HAR: D:\DMS\Engine Scoring\Reports\20221128_164243\Exclude KKB - DS - Married\Scoring Married - DS\20221128_164244\requests\main\67.har

2022-11-28 16:46:51 - [MESSAGE][PASSED] - Send request successfully

2022-11-28 16:46:51 - [TEST_STEP][PASSED] - verifyResponseStatusCode(scoring, 200): Verify response status code successfully

2022-11-28 16:46:51 - [MESSAGE][PASSED] - Verify response status code successfully

2022-11-28 16:46:51 - [TEST_STEP][PASSED] - response2 = scoring.getResponseText(): null

2022-11-28 16:46:51 - [TEST_STEP][PASSED] - markPassed("result service data ke : " + no): result service data ke : 34

2022-11-28 16:46:51 - [MESSAGE][PASSED] - result service data ke : 34

2022-11-28 16:46:51 - [TEST_STEP][PASSED] - logInfo($response2): {"result_konsumen":"","result_pasangan":"","Final_result":"","errorMessage":"","status":"InProgress"}

2022-11-28 16:46:51 - [MESSAGE][INFO] - {"result_konsumen":"","result_pasangan":"","Final_result":"","errorMessage":"","status":"InProgress"}

2022-11-28 16:46:51 - [TEST_STEP][FAILED] - verifyElementPropertyValue(scoring, "Final_result", final_result): Unable to verify element property value (Root cause: com.kms.katalon.core.exception.StepFailedException: Expected element property value 'Reguler' is not equal with actual property value ''
	at com.kms.katalon.core.keyword.internal.KeywordMain.stepFailed(KeywordMain.groovy:50)
	at com.kms.katalon.core.webservice.keyword.builtin.VerifyElementPropertyValueKeyword$_verifyElementPropertyValue_closure1.doCall(VerifyElementPropertyValueKeyword.groovy:56)
	at com.kms.katalon.core.webservice.keyword.builtin.VerifyElementPropertyValueKeyword$_verifyElementPropertyValue_closure1.call(VerifyElementPropertyValueKeyword.groovy)
	at com.kms.katalon.core.keyword.internal.KeywordMain.runKeyword(KeywordMain.groovy:74)
	at com.kms.katalon.core.webservice.keyword.builtin.VerifyElementPropertyValueKeyword.verifyElementPropertyValue(VerifyElementPropertyValueKeyword.groovy:48)
	at com.kms.katalon.core.webservice.keyword.builtin.VerifyElementPropertyValueKeyword.execute(VerifyElementPropertyValueKeyword.groovy:43)
	at com.kms.katalon.core.keyword.internal.KeywordExecutor.executeKeywordForPlatform(KeywordExecutor.groovy:74)
	at com.kms.katalon.core.webservice.keyword.WSBuiltInKeywords.verifyElementPropertyValue(WSBuiltInKeywords.groovy:189)
	at com.kms.katalon.core.webservice.keyword.WSBuiltInKeywords$verifyElementPropertyValue$1.call(Unknown Source)
	at Engine Scoring.run(Engine Scoring:108)
	at com.kms.katalon.core.main.ScriptEngine.run(ScriptEngine.java:194)
	at com.kms.katalon.core.main.ScriptEngine.runScriptAsRawText(ScriptEngine.java:119)
	at com.kms.katalon.core.main.TestCaseExecutor.runScript(TestCaseExecutor.java:442)
	at com.kms.katalon.core.main.TestCaseExecutor.doExecute(TestCaseExecutor.java:433)
	at com.kms.katalon.core.main.TestCaseExecutor.processExecutionPhase(TestCaseExecutor.java:412)
	at com.kms.katalon.core.main.TestCaseExecutor.accessMainPhase(TestCaseExecutor.java:404)
	at com.kms.katalon.core.main.TestCaseExecutor.execute(TestCaseExecutor.java:281)
	at com.kms.katalon.core.main.TestSuiteExecutor.accessTestCaseMainPhase(TestSuiteExecutor.java:202)
	at com.kms.katalon.core.main.TestSuiteExecutor.accessTestSuiteMainPhase(TestSuiteExecutor.java:164)
	at com.kms.katalon.core.main.TestSuiteExecutor.execute(TestSuiteExecutor.java:105)
	at com.kms.katalon.core.main.TestCaseMain.startTestSuite(TestCaseMain.java:185)
	at com.kms.katalon.core.main.TestCaseMain$startTestSuite$0.call(Unknown Source)
	at TempTestSuite1669628564646.run(TempTestSuite1669628564646.groovy:36)
)

2022-11-28 16:46:51 - [MESSAGE][FAILED] - Expected element property value 'Reguler' is not equal with actual property value ''

2022-11-28 16:46:51 - [MESSAGE][FAILED] - Unable to verify element property value (Root cause: com.kms.katalon.core.exception.StepFailedException: Expected element property value 'Reguler' is not equal with actual property value ''
	at com.kms.katalon.core.keyword.internal.KeywordMain.stepFailed(KeywordMain.groovy:50)
	at com.kms.katalon.core.webservice.keyword.builtin.VerifyElementPropertyValueKeyword$_verifyElementPropertyValue_closure1.doCall(VerifyElementPropertyValueKeyword.groovy:56)
	at com.kms.katalon.core.webservice.keyword.builtin.VerifyElementPropertyValueKeyword$_verifyElementPropertyValue_closure1.call(VerifyElementPropertyValueKeyword.groovy)
	at com.kms.katalon.core.keyword.internal.KeywordMain.runKeyword(KeywordMain.groovy:74)
	at com.kms.katalon.core.webservice.keyword.builtin.VerifyElementPropertyValueKeyword.verifyElementPropertyValue(VerifyElementPropertyValueKeyword.groovy:48)
	at com.kms.katalon.core.webservice.keyword.builtin.VerifyElementPropertyValueKeyword.execute(VerifyElementPropertyValueKeyword.groovy:43)
	at com.kms.katalon.core.keyword.internal.KeywordExecutor.executeKeywordForPlatform(KeywordExecutor.groovy:74)
	at com.kms.katalon.core.webservice.keyword.WSBuiltInKeywords.verifyElementPropertyValue(WSBuiltInKeywords.groovy:189)
	at com.kms.katalon.core.webservice.keyword.WSBuiltInKeywords$verifyElementPropertyValue$1.call(Unknown Source)
	at Engine Scoring.run(Engine Scoring:108)
	at com.kms.katalon.core.main.ScriptEngine.run(ScriptEngine.java:194)
	at com.kms.katalon.core.main.ScriptEngine.runScriptAsRawText(ScriptEngine.java:119)
	at com.kms.katalon.core.main.TestCaseExecutor.runScript(TestCaseExecutor.java:442)
	at com.kms.katalon.core.main.TestCaseExecutor.doExecute(TestCaseExecutor.java:433)
	at com.kms.katalon.core.main.TestCaseExecutor.processExecutionPhase(TestCaseExecutor.java:412)
	at com.kms.katalon.core.main.TestCaseExecutor.accessMainPhase(TestCaseExecutor.java:404)
	at com.kms.katalon.core.main.TestCaseExecutor.execute(TestCaseExecutor.java:281)
	at com.kms.katalon.core.main.TestSuiteExecutor.accessTestCaseMainPhase(TestSuiteExecutor.java:202)
	at com.kms.katalon.core.main.TestSuiteExecutor.accessTestSuiteMainPhase(TestSuiteExecutor.java:164)
	at com.kms.katalon.core.main.TestSuiteExecutor.execute(TestSuiteExecutor.java:105)
	at com.kms.katalon.core.main.TestCaseMain.startTestSuite(TestCaseMain.java:185)
	at com.kms.katalon.core.main.TestCaseMain$startTestSuite$0.call(Unknown Source)
	at TempTestSuite1669628564646.run(TempTestSuite1669628564646.groovy:36)
)]]></system-out>
         <system-err><![CDATA[2022-11-28 16:46:44 - [TEST_CASE][FAILED] - Test Cases/Engine_Scoring/Engine Scoring: Test Cases/Engine_Scoring/Engine Scoring FAILED.
Reason:
com.kms.katalon.core.exception.StepFailedException: Expected element property value 'Reguler' is not equal with actual property value ''
	at com.kms.katalon.core.keyword.internal.KeywordMain.stepFailed(KeywordMain.groovy:50)
	at com.kms.katalon.core.webservice.keyword.builtin.VerifyElementPropertyValueKeyword$_verifyElementPropertyValue_closure1.doCall(VerifyElementPropertyValueKeyword.groovy:56)
	at com.kms.katalon.core.webservice.keyword.builtin.VerifyElementPropertyValueKeyword$_verifyElementPropertyValue_closure1.call(VerifyElementPropertyValueKeyword.groovy)
	at com.kms.katalon.core.keyword.internal.KeywordMain.runKeyword(KeywordMain.groovy:74)
	at com.kms.katalon.core.webservice.keyword.builtin.VerifyElementPropertyValueKeyword.verifyElementPropertyValue(VerifyElementPropertyValueKeyword.groovy:48)
	at com.kms.katalon.core.webservice.keyword.builtin.VerifyElementPropertyValueKeyword.execute(VerifyElementPropertyValueKeyword.groovy:43)
	at com.kms.katalon.core.keyword.internal.KeywordExecutor.executeKeywordForPlatform(KeywordExecutor.groovy:74)
	at com.kms.katalon.core.webservice.keyword.WSBuiltInKeywords.verifyElementPropertyValue(WSBuiltInKeywords.groovy:189)
	at com.kms.katalon.core.webservice.keyword.WSBuiltInKeywords$verifyElementPropertyValue$1.call(Unknown Source)
	at Engine Scoring.run(Engine Scoring:108)
	at com.kms.katalon.core.main.ScriptEngine.run(ScriptEngine.java:194)
	at com.kms.katalon.core.main.ScriptEngine.runScriptAsRawText(ScriptEngine.java:119)
	at com.kms.katalon.core.main.TestCaseExecutor.runScript(TestCaseExecutor.java:442)
	at com.kms.katalon.core.main.TestCaseExecutor.doExecute(TestCaseExecutor.java:433)
	at com.kms.katalon.core.main.TestCaseExecutor.processExecutionPhase(TestCaseExecutor.java:412)
	at com.kms.katalon.core.main.TestCaseExecutor.accessMainPhase(TestCaseExecutor.java:404)
	at com.kms.katalon.core.main.TestCaseExecutor.execute(TestCaseExecutor.java:281)
	at com.kms.katalon.core.main.TestSuiteExecutor.accessTestCaseMainPhase(TestSuiteExecutor.java:202)
	at com.kms.katalon.core.main.TestSuiteExecutor.accessTestSuiteMainPhase(TestSuiteExecutor.java:164)
	at com.kms.katalon.core.main.TestSuiteExecutor.execute(TestSuiteExecutor.java:105)
	at com.kms.katalon.core.main.TestCaseMain.startTestSuite(TestCaseMain.java:185)
	at com.kms.katalon.core.main.TestCaseMain$startTestSuite$0.call(Unknown Source)
	at TempTestSuite1669628564646.run(TempTestSuite1669628564646.groovy:36)]]></system-err>
      </testcase>
      <testcase name="Test Cases/Engine_Scoring/Engine Scoring" time="6.627" classname="Test Cases/Engine_Scoring/Engine Scoring" status="FAILED">
         <failure type="FAILED" message="Test Cases/Engine_Scoring/Engine Scoring FAILED.
Reason:
com.kms.katalon.core.exception.StepFailedException: Expected element property value 'Reject' is not equal with actual property value ''
	at com.kms.katalon.core.keyword.internal.KeywordMain.stepFailed(KeywordMain.groovy:50)
	at com.kms.katalon.core.webservice.keyword.builtin.VerifyElementPropertyValueKeyword$_verifyElementPropertyValue_closure1.doCall(VerifyElementPropertyValueKeyword.groovy:56)
	at com.kms.katalon.core.webservice.keyword.builtin.VerifyElementPropertyValueKeyword$_verifyElementPropertyValue_closure1.call(VerifyElementPropertyValueKeyword.groovy)
	at com.kms.katalon.core.keyword.internal.KeywordMain.runKeyword(KeywordMain.groovy:74)
	at com.kms.katalon.core.webservice.keyword.builtin.VerifyElementPropertyValueKeyword.verifyElementPropertyValue(VerifyElementPropertyValueKeyword.groovy:48)
	at com.kms.katalon.core.webservice.keyword.builtin.VerifyElementPropertyValueKeyword.execute(VerifyElementPropertyValueKeyword.groovy:43)
	at com.kms.katalon.core.keyword.internal.KeywordExecutor.executeKeywordForPlatform(KeywordExecutor.groovy:74)
	at com.kms.katalon.core.webservice.keyword.WSBuiltInKeywords.verifyElementPropertyValue(WSBuiltInKeywords.groovy:189)
	at com.kms.katalon.core.webservice.keyword.WSBuiltInKeywords$verifyElementPropertyValue$1.call(Unknown Source)
	at Engine Scoring.run(Engine Scoring:108)
	at com.kms.katalon.core.main.ScriptEngine.run(ScriptEngine.java:194)
	at com.kms.katalon.core.main.ScriptEngine.runScriptAsRawText(ScriptEngine.java:119)
	at com.kms.katalon.core.main.TestCaseExecutor.runScript(TestCaseExecutor.java:442)
	at com.kms.katalon.core.main.TestCaseExecutor.doExecute(TestCaseExecutor.java:433)
	at com.kms.katalon.core.main.TestCaseExecutor.processExecutionPhase(TestCaseExecutor.java:412)
	at com.kms.katalon.core.main.TestCaseExecutor.accessMainPhase(TestCaseExecutor.java:404)
	at com.kms.katalon.core.main.TestCaseExecutor.execute(TestCaseExecutor.java:281)
	at com.kms.katalon.core.main.TestSuiteExecutor.accessTestCaseMainPhase(TestSuiteExecutor.java:202)
	at com.kms.katalon.core.main.TestSuiteExecutor.accessTestSuiteMainPhase(TestSuiteExecutor.java:164)
	at com.kms.katalon.core.main.TestSuiteExecutor.execute(TestSuiteExecutor.java:105)
	at com.kms.katalon.core.main.TestCaseMain.startTestSuite(TestCaseMain.java:185)
	at com.kms.katalon.core.main.TestCaseMain$startTestSuite$0.call(Unknown Source)
	at TempTestSuite1669628564646.run(TempTestSuite1669628564646.groovy:36)
"/>
         <system-out><![CDATA[2022-11-28 16:46:51 - [TEST_CASE][FAILED] - Test Cases/Engine_Scoring/Engine Scoring: Test Cases/Engine_Scoring/Engine Scoring FAILED.
Reason:
com.kms.katalon.core.exception.StepFailedException: Expected element property value 'Reject' is not equal with actual property value ''
	at com.kms.katalon.core.keyword.internal.KeywordMain.stepFailed(KeywordMain.groovy:50)
	at com.kms.katalon.core.webservice.keyword.builtin.VerifyElementPropertyValueKeyword$_verifyElementPropertyValue_closure1.doCall(VerifyElementPropertyValueKeyword.groovy:56)
	at com.kms.katalon.core.webservice.keyword.builtin.VerifyElementPropertyValueKeyword$_verifyElementPropertyValue_closure1.call(VerifyElementPropertyValueKeyword.groovy)
	at com.kms.katalon.core.keyword.internal.KeywordMain.runKeyword(KeywordMain.groovy:74)
	at com.kms.katalon.core.webservice.keyword.builtin.VerifyElementPropertyValueKeyword.verifyElementPropertyValue(VerifyElementPropertyValueKeyword.groovy:48)
	at com.kms.katalon.core.webservice.keyword.builtin.VerifyElementPropertyValueKeyword.execute(VerifyElementPropertyValueKeyword.groovy:43)
	at com.kms.katalon.core.keyword.internal.KeywordExecutor.executeKeywordForPlatform(KeywordExecutor.groovy:74)
	at com.kms.katalon.core.webservice.keyword.WSBuiltInKeywords.verifyElementPropertyValue(WSBuiltInKeywords.groovy:189)
	at com.kms.katalon.core.webservice.keyword.WSBuiltInKeywords$verifyElementPropertyValue$1.call(Unknown Source)
	at Engine Scoring.run(Engine Scoring:108)
	at com.kms.katalon.core.main.ScriptEngine.run(ScriptEngine.java:194)
	at com.kms.katalon.core.main.ScriptEngine.runScriptAsRawText(ScriptEngine.java:119)
	at com.kms.katalon.core.main.TestCaseExecutor.runScript(TestCaseExecutor.java:442)
	at com.kms.katalon.core.main.TestCaseExecutor.doExecute(TestCaseExecutor.java:433)
	at com.kms.katalon.core.main.TestCaseExecutor.processExecutionPhase(TestCaseExecutor.java:412)
	at com.kms.katalon.core.main.TestCaseExecutor.accessMainPhase(TestCaseExecutor.java:404)
	at com.kms.katalon.core.main.TestCaseExecutor.execute(TestCaseExecutor.java:281)
	at com.kms.katalon.core.main.TestSuiteExecutor.accessTestCaseMainPhase(TestSuiteExecutor.java:202)
	at com.kms.katalon.core.main.TestSuiteExecutor.accessTestSuiteMainPhase(TestSuiteExecutor.java:164)
	at com.kms.katalon.core.main.TestSuiteExecutor.execute(TestSuiteExecutor.java:105)
	at com.kms.katalon.core.main.TestCaseMain.startTestSuite(TestCaseMain.java:185)
	at com.kms.katalon.core.main.TestCaseMain$startTestSuite$0.call(Unknown Source)
	at TempTestSuite1669628564646.run(TempTestSuite1669628564646.groovy:36)


2022-11-28 16:46:52 - [TEST_STEP][PASSED] - markPassed("Variasi data ke : " + no): Variasi data ke : 35

2022-11-28 16:46:52 - [MESSAGE][PASSED] - Variasi data ke : 35

2022-11-28 16:46:52 - [TEST_STEP][PASSED] - req_data = sendRequest(findTestObject("Search_ME", ["MID":MID, "source":source, "ip":ip, "userid":userid, "branch":branch, "tipekons":tipekons, "marital":marital, "penjamin":penjamin, ... ])): Send request successfully

2022-11-28 16:46:53 - [MESSAGE][INFO] - HAR: D:\DMS\Engine Scoring\Reports\20221128_164243\Exclude KKB - DS - Married\Scoring Married - DS\20221128_164244\requests\main\68.har

2022-11-28 16:46:53 - [MESSAGE][PASSED] - Send request successfully

2022-11-28 16:46:53 - [TEST_STEP][PASSED] - slurper = new groovy.json.JsonSlurper(): null

2022-11-28 16:46:53 - [TEST_STEP][PASSED] - result = slurper.parseText(req_data.getResponseBodyContent()): null

2022-11-28 16:46:53 - [TEST_STEP][PASSED] - reqid_kons = requestid1: null

2022-11-28 16:46:53 - [TEST_STEP][PASSED] - reqid_spouse = requestid2: null

2022-11-28 16:46:53 - [TEST_STEP][PASSED] - println("requestid kons : " + reqid_kons): null

2022-11-28 16:46:53 - [TEST_STEP][PASSED] - response_searchME_kons = reqid_kons: null

2022-11-28 16:46:53 - [TEST_STEP][PASSED] - response_searchME_spouse = reqid_spouse: null

2022-11-28 16:46:53 - [TEST_STEP][PASSED] - println("kons req id is :" + response_searchME_kons): null

2022-11-28 16:46:53 - [TEST_STEP][PASSED] - println("spouse req id is : " + response_searchME_spouse): null

2022-11-28 16:46:53 - [TEST_STEP][PASSED] - verifyResponseStatusCode(req_data, 200): Verify response status code successfully

2022-11-28 16:46:53 - [MESSAGE][PASSED] - Verify response status code successfully

2022-11-28 16:46:53 - [TEST_STEP][PASSED] - response = req_data.getResponseText(): null

2022-11-28 16:46:53 - [TEST_STEP][PASSED] - logInfo($response): {"status":"Done","data":{"requestid1":"256734","requestid2":"256735"}}

2022-11-28 16:46:53 - [MESSAGE][INFO] - {"status":"Done","data":{"requestid1":"256734","requestid2":"256735"}}

2022-11-28 16:46:53 - [TEST_STEP][PASSED] - delay(5): Delayed 5 second(s)

2022-11-28 16:46:58 - [MESSAGE][PASSED] - Delayed 5 second(s)

2022-11-28 16:46:58 - [TEST_STEP][PASSED] - scoring = sendRequest(findTestObject("EngineScore", ["response_searchME_kons":response_searchME_kons, "response_searchME_spouse":response_searchME_spouse])): Send request successfully

2022-11-28 16:46:58 - [MESSAGE][INFO] - HAR: D:\DMS\Engine Scoring\Reports\20221128_164243\Exclude KKB - DS - Married\Scoring Married - DS\20221128_164244\requests\main\69.har

2022-11-28 16:46:58 - [MESSAGE][PASSED] - Send request successfully

2022-11-28 16:46:58 - [TEST_STEP][PASSED] - verifyResponseStatusCode(scoring, 200): Verify response status code successfully

2022-11-28 16:46:58 - [MESSAGE][PASSED] - Verify response status code successfully

2022-11-28 16:46:58 - [TEST_STEP][PASSED] - response2 = scoring.getResponseText(): null

2022-11-28 16:46:58 - [TEST_STEP][PASSED] - markPassed("result service data ke : " + no): result service data ke : 35

2022-11-28 16:46:58 - [MESSAGE][PASSED] - result service data ke : 35

2022-11-28 16:46:58 - [TEST_STEP][PASSED] - logInfo($response2): {"result_konsumen":"","result_pasangan":"","Final_result":"","errorMessage":"","status":"InProgress"}

2022-11-28 16:46:58 - [MESSAGE][INFO] - {"result_konsumen":"","result_pasangan":"","Final_result":"","errorMessage":"","status":"InProgress"}

2022-11-28 16:46:58 - [TEST_STEP][FAILED] - verifyElementPropertyValue(scoring, "Final_result", final_result): Unable to verify element property value (Root cause: com.kms.katalon.core.exception.StepFailedException: Expected element property value 'Reject' is not equal with actual property value ''
	at com.kms.katalon.core.keyword.internal.KeywordMain.stepFailed(KeywordMain.groovy:50)
	at com.kms.katalon.core.webservice.keyword.builtin.VerifyElementPropertyValueKeyword$_verifyElementPropertyValue_closure1.doCall(VerifyElementPropertyValueKeyword.groovy:56)
	at com.kms.katalon.core.webservice.keyword.builtin.VerifyElementPropertyValueKeyword$_verifyElementPropertyValue_closure1.call(VerifyElementPropertyValueKeyword.groovy)
	at com.kms.katalon.core.keyword.internal.KeywordMain.runKeyword(KeywordMain.groovy:74)
	at com.kms.katalon.core.webservice.keyword.builtin.VerifyElementPropertyValueKeyword.verifyElementPropertyValue(VerifyElementPropertyValueKeyword.groovy:48)
	at com.kms.katalon.core.webservice.keyword.builtin.VerifyElementPropertyValueKeyword.execute(VerifyElementPropertyValueKeyword.groovy:43)
	at com.kms.katalon.core.keyword.internal.KeywordExecutor.executeKeywordForPlatform(KeywordExecutor.groovy:74)
	at com.kms.katalon.core.webservice.keyword.WSBuiltInKeywords.verifyElementPropertyValue(WSBuiltInKeywords.groovy:189)
	at com.kms.katalon.core.webservice.keyword.WSBuiltInKeywords$verifyElementPropertyValue$1.call(Unknown Source)
	at Engine Scoring.run(Engine Scoring:108)
	at com.kms.katalon.core.main.ScriptEngine.run(ScriptEngine.java:194)
	at com.kms.katalon.core.main.ScriptEngine.runScriptAsRawText(ScriptEngine.java:119)
	at com.kms.katalon.core.main.TestCaseExecutor.runScript(TestCaseExecutor.java:442)
	at com.kms.katalon.core.main.TestCaseExecutor.doExecute(TestCaseExecutor.java:433)
	at com.kms.katalon.core.main.TestCaseExecutor.processExecutionPhase(TestCaseExecutor.java:412)
	at com.kms.katalon.core.main.TestCaseExecutor.accessMainPhase(TestCaseExecutor.java:404)
	at com.kms.katalon.core.main.TestCaseExecutor.execute(TestCaseExecutor.java:281)
	at com.kms.katalon.core.main.TestSuiteExecutor.accessTestCaseMainPhase(TestSuiteExecutor.java:202)
	at com.kms.katalon.core.main.TestSuiteExecutor.accessTestSuiteMainPhase(TestSuiteExecutor.java:164)
	at com.kms.katalon.core.main.TestSuiteExecutor.execute(TestSuiteExecutor.java:105)
	at com.kms.katalon.core.main.TestCaseMain.startTestSuite(TestCaseMain.java:185)
	at com.kms.katalon.core.main.TestCaseMain$startTestSuite$0.call(Unknown Source)
	at TempTestSuite1669628564646.run(TempTestSuite1669628564646.groovy:36)
)

2022-11-28 16:46:58 - [MESSAGE][FAILED] - Expected element property value 'Reject' is not equal with actual property value ''

2022-11-28 16:46:58 - [MESSAGE][FAILED] - Unable to verify element property value (Root cause: com.kms.katalon.core.exception.StepFailedException: Expected element property value 'Reject' is not equal with actual property value ''
	at com.kms.katalon.core.keyword.internal.KeywordMain.stepFailed(KeywordMain.groovy:50)
	at com.kms.katalon.core.webservice.keyword.builtin.VerifyElementPropertyValueKeyword$_verifyElementPropertyValue_closure1.doCall(VerifyElementPropertyValueKeyword.groovy:56)
	at com.kms.katalon.core.webservice.keyword.builtin.VerifyElementPropertyValueKeyword$_verifyElementPropertyValue_closure1.call(VerifyElementPropertyValueKeyword.groovy)
	at com.kms.katalon.core.keyword.internal.KeywordMain.runKeyword(KeywordMain.groovy:74)
	at com.kms.katalon.core.webservice.keyword.builtin.VerifyElementPropertyValueKeyword.verifyElementPropertyValue(VerifyElementPropertyValueKeyword.groovy:48)
	at com.kms.katalon.core.webservice.keyword.builtin.VerifyElementPropertyValueKeyword.execute(VerifyElementPropertyValueKeyword.groovy:43)
	at com.kms.katalon.core.keyword.internal.KeywordExecutor.executeKeywordForPlatform(KeywordExecutor.groovy:74)
	at com.kms.katalon.core.webservice.keyword.WSBuiltInKeywords.verifyElementPropertyValue(WSBuiltInKeywords.groovy:189)
	at com.kms.katalon.core.webservice.keyword.WSBuiltInKeywords$verifyElementPropertyValue$1.call(Unknown Source)
	at Engine Scoring.run(Engine Scoring:108)
	at com.kms.katalon.core.main.ScriptEngine.run(ScriptEngine.java:194)
	at com.kms.katalon.core.main.ScriptEngine.runScriptAsRawText(ScriptEngine.java:119)
	at com.kms.katalon.core.main.TestCaseExecutor.runScript(TestCaseExecutor.java:442)
	at com.kms.katalon.core.main.TestCaseExecutor.doExecute(TestCaseExecutor.java:433)
	at com.kms.katalon.core.main.TestCaseExecutor.processExecutionPhase(TestCaseExecutor.java:412)
	at com.kms.katalon.core.main.TestCaseExecutor.accessMainPhase(TestCaseExecutor.java:404)
	at com.kms.katalon.core.main.TestCaseExecutor.execute(TestCaseExecutor.java:281)
	at com.kms.katalon.core.main.TestSuiteExecutor.accessTestCaseMainPhase(TestSuiteExecutor.java:202)
	at com.kms.katalon.core.main.TestSuiteExecutor.accessTestSuiteMainPhase(TestSuiteExecutor.java:164)
	at com.kms.katalon.core.main.TestSuiteExecutor.execute(TestSuiteExecutor.java:105)
	at com.kms.katalon.core.main.TestCaseMain.startTestSuite(TestCaseMain.java:185)
	at com.kms.katalon.core.main.TestCaseMain$startTestSuite$0.call(Unknown Source)
	at TempTestSuite1669628564646.run(TempTestSuite1669628564646.groovy:36)
)]]></system-out>
         <system-err><![CDATA[2022-11-28 16:46:51 - [TEST_CASE][FAILED] - Test Cases/Engine_Scoring/Engine Scoring: Test Cases/Engine_Scoring/Engine Scoring FAILED.
Reason:
com.kms.katalon.core.exception.StepFailedException: Expected element property value 'Reject' is not equal with actual property value ''
	at com.kms.katalon.core.keyword.internal.KeywordMain.stepFailed(KeywordMain.groovy:50)
	at com.kms.katalon.core.webservice.keyword.builtin.VerifyElementPropertyValueKeyword$_verifyElementPropertyValue_closure1.doCall(VerifyElementPropertyValueKeyword.groovy:56)
	at com.kms.katalon.core.webservice.keyword.builtin.VerifyElementPropertyValueKeyword$_verifyElementPropertyValue_closure1.call(VerifyElementPropertyValueKeyword.groovy)
	at com.kms.katalon.core.keyword.internal.KeywordMain.runKeyword(KeywordMain.groovy:74)
	at com.kms.katalon.core.webservice.keyword.builtin.VerifyElementPropertyValueKeyword.verifyElementPropertyValue(VerifyElementPropertyValueKeyword.groovy:48)
	at com.kms.katalon.core.webservice.keyword.builtin.VerifyElementPropertyValueKeyword.execute(VerifyElementPropertyValueKeyword.groovy:43)
	at com.kms.katalon.core.keyword.internal.KeywordExecutor.executeKeywordForPlatform(KeywordExecutor.groovy:74)
	at com.kms.katalon.core.webservice.keyword.WSBuiltInKeywords.verifyElementPropertyValue(WSBuiltInKeywords.groovy:189)
	at com.kms.katalon.core.webservice.keyword.WSBuiltInKeywords$verifyElementPropertyValue$1.call(Unknown Source)
	at Engine Scoring.run(Engine Scoring:108)
	at com.kms.katalon.core.main.ScriptEngine.run(ScriptEngine.java:194)
	at com.kms.katalon.core.main.ScriptEngine.runScriptAsRawText(ScriptEngine.java:119)
	at com.kms.katalon.core.main.TestCaseExecutor.runScript(TestCaseExecutor.java:442)
	at com.kms.katalon.core.main.TestCaseExecutor.doExecute(TestCaseExecutor.java:433)
	at com.kms.katalon.core.main.TestCaseExecutor.processExecutionPhase(TestCaseExecutor.java:412)
	at com.kms.katalon.core.main.TestCaseExecutor.accessMainPhase(TestCaseExecutor.java:404)
	at com.kms.katalon.core.main.TestCaseExecutor.execute(TestCaseExecutor.java:281)
	at com.kms.katalon.core.main.TestSuiteExecutor.accessTestCaseMainPhase(TestSuiteExecutor.java:202)
	at com.kms.katalon.core.main.TestSuiteExecutor.accessTestSuiteMainPhase(TestSuiteExecutor.java:164)
	at com.kms.katalon.core.main.TestSuiteExecutor.execute(TestSuiteExecutor.java:105)
	at com.kms.katalon.core.main.TestCaseMain.startTestSuite(TestCaseMain.java:185)
	at com.kms.katalon.core.main.TestCaseMain$startTestSuite$0.call(Unknown Source)
	at TempTestSuite1669628564646.run(TempTestSuite1669628564646.groovy:36)]]></system-err>
      </testcase>
      <testcase name="Test Cases/Engine_Scoring/Engine Scoring" time="6.569" classname="Test Cases/Engine_Scoring/Engine Scoring" status="FAILED">
         <failure type="FAILED" message="Test Cases/Engine_Scoring/Engine Scoring FAILED.
Reason:
com.kms.katalon.core.exception.StepFailedException: Expected element property value 'Reject' is not equal with actual property value ''
	at com.kms.katalon.core.keyword.internal.KeywordMain.stepFailed(KeywordMain.groovy:50)
	at com.kms.katalon.core.webservice.keyword.builtin.VerifyElementPropertyValueKeyword$_verifyElementPropertyValue_closure1.doCall(VerifyElementPropertyValueKeyword.groovy:56)
	at com.kms.katalon.core.webservice.keyword.builtin.VerifyElementPropertyValueKeyword$_verifyElementPropertyValue_closure1.call(VerifyElementPropertyValueKeyword.groovy)
	at com.kms.katalon.core.keyword.internal.KeywordMain.runKeyword(KeywordMain.groovy:74)
	at com.kms.katalon.core.webservice.keyword.builtin.VerifyElementPropertyValueKeyword.verifyElementPropertyValue(VerifyElementPropertyValueKeyword.groovy:48)
	at com.kms.katalon.core.webservice.keyword.builtin.VerifyElementPropertyValueKeyword.execute(VerifyElementPropertyValueKeyword.groovy:43)
	at com.kms.katalon.core.keyword.internal.KeywordExecutor.executeKeywordForPlatform(KeywordExecutor.groovy:74)
	at com.kms.katalon.core.webservice.keyword.WSBuiltInKeywords.verifyElementPropertyValue(WSBuiltInKeywords.groovy:189)
	at com.kms.katalon.core.webservice.keyword.WSBuiltInKeywords$verifyElementPropertyValue$1.call(Unknown Source)
	at Engine Scoring.run(Engine Scoring:108)
	at com.kms.katalon.core.main.ScriptEngine.run(ScriptEngine.java:194)
	at com.kms.katalon.core.main.ScriptEngine.runScriptAsRawText(ScriptEngine.java:119)
	at com.kms.katalon.core.main.TestCaseExecutor.runScript(TestCaseExecutor.java:442)
	at com.kms.katalon.core.main.TestCaseExecutor.doExecute(TestCaseExecutor.java:433)
	at com.kms.katalon.core.main.TestCaseExecutor.processExecutionPhase(TestCaseExecutor.java:412)
	at com.kms.katalon.core.main.TestCaseExecutor.accessMainPhase(TestCaseExecutor.java:404)
	at com.kms.katalon.core.main.TestCaseExecutor.execute(TestCaseExecutor.java:281)
	at com.kms.katalon.core.main.TestSuiteExecutor.accessTestCaseMainPhase(TestSuiteExecutor.java:202)
	at com.kms.katalon.core.main.TestSuiteExecutor.accessTestSuiteMainPhase(TestSuiteExecutor.java:164)
	at com.kms.katalon.core.main.TestSuiteExecutor.execute(TestSuiteExecutor.java:105)
	at com.kms.katalon.core.main.TestCaseMain.startTestSuite(TestCaseMain.java:185)
	at com.kms.katalon.core.main.TestCaseMain$startTestSuite$0.call(Unknown Source)
	at TempTestSuite1669628564646.run(TempTestSuite1669628564646.groovy:36)
"/>
         <system-out><![CDATA[2022-11-28 16:46:58 - [TEST_CASE][FAILED] - Test Cases/Engine_Scoring/Engine Scoring: Test Cases/Engine_Scoring/Engine Scoring FAILED.
Reason:
com.kms.katalon.core.exception.StepFailedException: Expected element property value 'Reject' is not equal with actual property value ''
	at com.kms.katalon.core.keyword.internal.KeywordMain.stepFailed(KeywordMain.groovy:50)
	at com.kms.katalon.core.webservice.keyword.builtin.VerifyElementPropertyValueKeyword$_verifyElementPropertyValue_closure1.doCall(VerifyElementPropertyValueKeyword.groovy:56)
	at com.kms.katalon.core.webservice.keyword.builtin.VerifyElementPropertyValueKeyword$_verifyElementPropertyValue_closure1.call(VerifyElementPropertyValueKeyword.groovy)
	at com.kms.katalon.core.keyword.internal.KeywordMain.runKeyword(KeywordMain.groovy:74)
	at com.kms.katalon.core.webservice.keyword.builtin.VerifyElementPropertyValueKeyword.verifyElementPropertyValue(VerifyElementPropertyValueKeyword.groovy:48)
	at com.kms.katalon.core.webservice.keyword.builtin.VerifyElementPropertyValueKeyword.execute(VerifyElementPropertyValueKeyword.groovy:43)
	at com.kms.katalon.core.keyword.internal.KeywordExecutor.executeKeywordForPlatform(KeywordExecutor.groovy:74)
	at com.kms.katalon.core.webservice.keyword.WSBuiltInKeywords.verifyElementPropertyValue(WSBuiltInKeywords.groovy:189)
	at com.kms.katalon.core.webservice.keyword.WSBuiltInKeywords$verifyElementPropertyValue$1.call(Unknown Source)
	at Engine Scoring.run(Engine Scoring:108)
	at com.kms.katalon.core.main.ScriptEngine.run(ScriptEngine.java:194)
	at com.kms.katalon.core.main.ScriptEngine.runScriptAsRawText(ScriptEngine.java:119)
	at com.kms.katalon.core.main.TestCaseExecutor.runScript(TestCaseExecutor.java:442)
	at com.kms.katalon.core.main.TestCaseExecutor.doExecute(TestCaseExecutor.java:433)
	at com.kms.katalon.core.main.TestCaseExecutor.processExecutionPhase(TestCaseExecutor.java:412)
	at com.kms.katalon.core.main.TestCaseExecutor.accessMainPhase(TestCaseExecutor.java:404)
	at com.kms.katalon.core.main.TestCaseExecutor.execute(TestCaseExecutor.java:281)
	at com.kms.katalon.core.main.TestSuiteExecutor.accessTestCaseMainPhase(TestSuiteExecutor.java:202)
	at com.kms.katalon.core.main.TestSuiteExecutor.accessTestSuiteMainPhase(TestSuiteExecutor.java:164)
	at com.kms.katalon.core.main.TestSuiteExecutor.execute(TestSuiteExecutor.java:105)
	at com.kms.katalon.core.main.TestCaseMain.startTestSuite(TestCaseMain.java:185)
	at com.kms.katalon.core.main.TestCaseMain$startTestSuite$0.call(Unknown Source)
	at TempTestSuite1669628564646.run(TempTestSuite1669628564646.groovy:36)


2022-11-28 16:46:58 - [TEST_STEP][PASSED] - markPassed("Variasi data ke : " + no): Variasi data ke : 36

2022-11-28 16:46:58 - [MESSAGE][PASSED] - Variasi data ke : 36

2022-11-28 16:46:58 - [TEST_STEP][PASSED] - req_data = sendRequest(findTestObject("Search_ME", ["MID":MID, "source":source, "ip":ip, "userid":userid, "branch":branch, "tipekons":tipekons, "marital":marital, "penjamin":penjamin, ... ])): Send request successfully

2022-11-28 16:46:59 - [MESSAGE][INFO] - HAR: D:\DMS\Engine Scoring\Reports\20221128_164243\Exclude KKB - DS - Married\Scoring Married - DS\20221128_164244\requests\main\70.har

2022-11-28 16:46:59 - [MESSAGE][PASSED] - Send request successfully

2022-11-28 16:46:59 - [TEST_STEP][PASSED] - slurper = new groovy.json.JsonSlurper(): null

2022-11-28 16:46:59 - [TEST_STEP][PASSED] - result = slurper.parseText(req_data.getResponseBodyContent()): null

2022-11-28 16:46:59 - [TEST_STEP][PASSED] - reqid_kons = requestid1: null

2022-11-28 16:46:59 - [TEST_STEP][PASSED] - reqid_spouse = requestid2: null

2022-11-28 16:46:59 - [TEST_STEP][PASSED] - println("requestid kons : " + reqid_kons): null

2022-11-28 16:46:59 - [TEST_STEP][PASSED] - response_searchME_kons = reqid_kons: null

2022-11-28 16:46:59 - [TEST_STEP][PASSED] - response_searchME_spouse = reqid_spouse: null

2022-11-28 16:46:59 - [TEST_STEP][PASSED] - println("kons req id is :" + response_searchME_kons): null

2022-11-28 16:46:59 - [TEST_STEP][PASSED] - println("spouse req id is : " + response_searchME_spouse): null

2022-11-28 16:46:59 - [TEST_STEP][PASSED] - verifyResponseStatusCode(req_data, 200): Verify response status code successfully

2022-11-28 16:46:59 - [MESSAGE][PASSED] - Verify response status code successfully

2022-11-28 16:46:59 - [TEST_STEP][PASSED] - response = req_data.getResponseText(): null

2022-11-28 16:46:59 - [TEST_STEP][PASSED] - logInfo($response): {"status":"Done","data":{"requestid1":"256736","requestid2":"256737"}}

2022-11-28 16:46:59 - [MESSAGE][INFO] - {"status":"Done","data":{"requestid1":"256736","requestid2":"256737"}}

2022-11-28 16:46:59 - [TEST_STEP][PASSED] - delay(5): Delayed 5 second(s)

2022-11-28 16:47:04 - [MESSAGE][PASSED] - Delayed 5 second(s)

2022-11-28 16:47:04 - [TEST_STEP][PASSED] - scoring = sendRequest(findTestObject("EngineScore", ["response_searchME_kons":response_searchME_kons, "response_searchME_spouse":response_searchME_spouse])): Send request successfully

2022-11-28 16:47:04 - [MESSAGE][INFO] - HAR: D:\DMS\Engine Scoring\Reports\20221128_164243\Exclude KKB - DS - Married\Scoring Married - DS\20221128_164244\requests\main\71.har

2022-11-28 16:47:04 - [MESSAGE][PASSED] - Send request successfully

2022-11-28 16:47:04 - [TEST_STEP][PASSED] - verifyResponseStatusCode(scoring, 200): Verify response status code successfully

2022-11-28 16:47:04 - [MESSAGE][PASSED] - Verify response status code successfully

2022-11-28 16:47:04 - [TEST_STEP][PASSED] - response2 = scoring.getResponseText(): null

2022-11-28 16:47:04 - [TEST_STEP][PASSED] - markPassed("result service data ke : " + no): result service data ke : 36

2022-11-28 16:47:04 - [MESSAGE][PASSED] - result service data ke : 36

2022-11-28 16:47:04 - [TEST_STEP][PASSED] - logInfo($response2): {"result_konsumen":"","result_pasangan":"","Final_result":"","errorMessage":"","status":"InProgress"}

2022-11-28 16:47:04 - [MESSAGE][INFO] - {"result_konsumen":"","result_pasangan":"","Final_result":"","errorMessage":"","status":"InProgress"}

2022-11-28 16:47:04 - [TEST_STEP][FAILED] - verifyElementPropertyValue(scoring, "Final_result", final_result): Unable to verify element property value (Root cause: com.kms.katalon.core.exception.StepFailedException: Expected element property value 'Reject' is not equal with actual property value ''
	at com.kms.katalon.core.keyword.internal.KeywordMain.stepFailed(KeywordMain.groovy:50)
	at com.kms.katalon.core.webservice.keyword.builtin.VerifyElementPropertyValueKeyword$_verifyElementPropertyValue_closure1.doCall(VerifyElementPropertyValueKeyword.groovy:56)
	at com.kms.katalon.core.webservice.keyword.builtin.VerifyElementPropertyValueKeyword$_verifyElementPropertyValue_closure1.call(VerifyElementPropertyValueKeyword.groovy)
	at com.kms.katalon.core.keyword.internal.KeywordMain.runKeyword(KeywordMain.groovy:74)
	at com.kms.katalon.core.webservice.keyword.builtin.VerifyElementPropertyValueKeyword.verifyElementPropertyValue(VerifyElementPropertyValueKeyword.groovy:48)
	at com.kms.katalon.core.webservice.keyword.builtin.VerifyElementPropertyValueKeyword.execute(VerifyElementPropertyValueKeyword.groovy:43)
	at com.kms.katalon.core.keyword.internal.KeywordExecutor.executeKeywordForPlatform(KeywordExecutor.groovy:74)
	at com.kms.katalon.core.webservice.keyword.WSBuiltInKeywords.verifyElementPropertyValue(WSBuiltInKeywords.groovy:189)
	at com.kms.katalon.core.webservice.keyword.WSBuiltInKeywords$verifyElementPropertyValue$1.call(Unknown Source)
	at Engine Scoring.run(Engine Scoring:108)
	at com.kms.katalon.core.main.ScriptEngine.run(ScriptEngine.java:194)
	at com.kms.katalon.core.main.ScriptEngine.runScriptAsRawText(ScriptEngine.java:119)
	at com.kms.katalon.core.main.TestCaseExecutor.runScript(TestCaseExecutor.java:442)
	at com.kms.katalon.core.main.TestCaseExecutor.doExecute(TestCaseExecutor.java:433)
	at com.kms.katalon.core.main.TestCaseExecutor.processExecutionPhase(TestCaseExecutor.java:412)
	at com.kms.katalon.core.main.TestCaseExecutor.accessMainPhase(TestCaseExecutor.java:404)
	at com.kms.katalon.core.main.TestCaseExecutor.execute(TestCaseExecutor.java:281)
	at com.kms.katalon.core.main.TestSuiteExecutor.accessTestCaseMainPhase(TestSuiteExecutor.java:202)
	at com.kms.katalon.core.main.TestSuiteExecutor.accessTestSuiteMainPhase(TestSuiteExecutor.java:164)
	at com.kms.katalon.core.main.TestSuiteExecutor.execute(TestSuiteExecutor.java:105)
	at com.kms.katalon.core.main.TestCaseMain.startTestSuite(TestCaseMain.java:185)
	at com.kms.katalon.core.main.TestCaseMain$startTestSuite$0.call(Unknown Source)
	at TempTestSuite1669628564646.run(TempTestSuite1669628564646.groovy:36)
)

2022-11-28 16:47:04 - [MESSAGE][FAILED] - Expected element property value 'Reject' is not equal with actual property value ''

2022-11-28 16:47:04 - [MESSAGE][FAILED] - Unable to verify element property value (Root cause: com.kms.katalon.core.exception.StepFailedException: Expected element property value 'Reject' is not equal with actual property value ''
	at com.kms.katalon.core.keyword.internal.KeywordMain.stepFailed(KeywordMain.groovy:50)
	at com.kms.katalon.core.webservice.keyword.builtin.VerifyElementPropertyValueKeyword$_verifyElementPropertyValue_closure1.doCall(VerifyElementPropertyValueKeyword.groovy:56)
	at com.kms.katalon.core.webservice.keyword.builtin.VerifyElementPropertyValueKeyword$_verifyElementPropertyValue_closure1.call(VerifyElementPropertyValueKeyword.groovy)
	at com.kms.katalon.core.keyword.internal.KeywordMain.runKeyword(KeywordMain.groovy:74)
	at com.kms.katalon.core.webservice.keyword.builtin.VerifyElementPropertyValueKeyword.verifyElementPropertyValue(VerifyElementPropertyValueKeyword.groovy:48)
	at com.kms.katalon.core.webservice.keyword.builtin.VerifyElementPropertyValueKeyword.execute(VerifyElementPropertyValueKeyword.groovy:43)
	at com.kms.katalon.core.keyword.internal.KeywordExecutor.executeKeywordForPlatform(KeywordExecutor.groovy:74)
	at com.kms.katalon.core.webservice.keyword.WSBuiltInKeywords.verifyElementPropertyValue(WSBuiltInKeywords.groovy:189)
	at com.kms.katalon.core.webservice.keyword.WSBuiltInKeywords$verifyElementPropertyValue$1.call(Unknown Source)
	at Engine Scoring.run(Engine Scoring:108)
	at com.kms.katalon.core.main.ScriptEngine.run(ScriptEngine.java:194)
	at com.kms.katalon.core.main.ScriptEngine.runScriptAsRawText(ScriptEngine.java:119)
	at com.kms.katalon.core.main.TestCaseExecutor.runScript(TestCaseExecutor.java:442)
	at com.kms.katalon.core.main.TestCaseExecutor.doExecute(TestCaseExecutor.java:433)
	at com.kms.katalon.core.main.TestCaseExecutor.processExecutionPhase(TestCaseExecutor.java:412)
	at com.kms.katalon.core.main.TestCaseExecutor.accessMainPhase(TestCaseExecutor.java:404)
	at com.kms.katalon.core.main.TestCaseExecutor.execute(TestCaseExecutor.java:281)
	at com.kms.katalon.core.main.TestSuiteExecutor.accessTestCaseMainPhase(TestSuiteExecutor.java:202)
	at com.kms.katalon.core.main.TestSuiteExecutor.accessTestSuiteMainPhase(TestSuiteExecutor.java:164)
	at com.kms.katalon.core.main.TestSuiteExecutor.execute(TestSuiteExecutor.java:105)
	at com.kms.katalon.core.main.TestCaseMain.startTestSuite(TestCaseMain.java:185)
	at com.kms.katalon.core.main.TestCaseMain$startTestSuite$0.call(Unknown Source)
	at TempTestSuite1669628564646.run(TempTestSuite1669628564646.groovy:36)
)]]></system-out>
         <system-err><![CDATA[2022-11-28 16:46:58 - [TEST_CASE][FAILED] - Test Cases/Engine_Scoring/Engine Scoring: Test Cases/Engine_Scoring/Engine Scoring FAILED.
Reason:
com.kms.katalon.core.exception.StepFailedException: Expected element property value 'Reject' is not equal with actual property value ''
	at com.kms.katalon.core.keyword.internal.KeywordMain.stepFailed(KeywordMain.groovy:50)
	at com.kms.katalon.core.webservice.keyword.builtin.VerifyElementPropertyValueKeyword$_verifyElementPropertyValue_closure1.doCall(VerifyElementPropertyValueKeyword.groovy:56)
	at com.kms.katalon.core.webservice.keyword.builtin.VerifyElementPropertyValueKeyword$_verifyElementPropertyValue_closure1.call(VerifyElementPropertyValueKeyword.groovy)
	at com.kms.katalon.core.keyword.internal.KeywordMain.runKeyword(KeywordMain.groovy:74)
	at com.kms.katalon.core.webservice.keyword.builtin.VerifyElementPropertyValueKeyword.verifyElementPropertyValue(VerifyElementPropertyValueKeyword.groovy:48)
	at com.kms.katalon.core.webservice.keyword.builtin.VerifyElementPropertyValueKeyword.execute(VerifyElementPropertyValueKeyword.groovy:43)
	at com.kms.katalon.core.keyword.internal.KeywordExecutor.executeKeywordForPlatform(KeywordExecutor.groovy:74)
	at com.kms.katalon.core.webservice.keyword.WSBuiltInKeywords.verifyElementPropertyValue(WSBuiltInKeywords.groovy:189)
	at com.kms.katalon.core.webservice.keyword.WSBuiltInKeywords$verifyElementPropertyValue$1.call(Unknown Source)
	at Engine Scoring.run(Engine Scoring:108)
	at com.kms.katalon.core.main.ScriptEngine.run(ScriptEngine.java:194)
	at com.kms.katalon.core.main.ScriptEngine.runScriptAsRawText(ScriptEngine.java:119)
	at com.kms.katalon.core.main.TestCaseExecutor.runScript(TestCaseExecutor.java:442)
	at com.kms.katalon.core.main.TestCaseExecutor.doExecute(TestCaseExecutor.java:433)
	at com.kms.katalon.core.main.TestCaseExecutor.processExecutionPhase(TestCaseExecutor.java:412)
	at com.kms.katalon.core.main.TestCaseExecutor.accessMainPhase(TestCaseExecutor.java:404)
	at com.kms.katalon.core.main.TestCaseExecutor.execute(TestCaseExecutor.java:281)
	at com.kms.katalon.core.main.TestSuiteExecutor.accessTestCaseMainPhase(TestSuiteExecutor.java:202)
	at com.kms.katalon.core.main.TestSuiteExecutor.accessTestSuiteMainPhase(TestSuiteExecutor.java:164)
	at com.kms.katalon.core.main.TestSuiteExecutor.execute(TestSuiteExecutor.java:105)
	at com.kms.katalon.core.main.TestCaseMain.startTestSuite(TestCaseMain.java:185)
	at com.kms.katalon.core.main.TestCaseMain$startTestSuite$0.call(Unknown Source)
	at TempTestSuite1669628564646.run(TempTestSuite1669628564646.groovy:36)]]></system-err>
      </testcase>
      <testcase name="Test Cases/Engine_Scoring/Engine Scoring" time="6.621" classname="Test Cases/Engine_Scoring/Engine Scoring" status="FAILED">
         <failure type="FAILED" message="Test Cases/Engine_Scoring/Engine Scoring FAILED.
Reason:
com.kms.katalon.core.exception.StepFailedException: Expected element property value 'Reguler' is not equal with actual property value ''
	at com.kms.katalon.core.keyword.internal.KeywordMain.stepFailed(KeywordMain.groovy:50)
	at com.kms.katalon.core.webservice.keyword.builtin.VerifyElementPropertyValueKeyword$_verifyElementPropertyValue_closure1.doCall(VerifyElementPropertyValueKeyword.groovy:56)
	at com.kms.katalon.core.webservice.keyword.builtin.VerifyElementPropertyValueKeyword$_verifyElementPropertyValue_closure1.call(VerifyElementPropertyValueKeyword.groovy)
	at com.kms.katalon.core.keyword.internal.KeywordMain.runKeyword(KeywordMain.groovy:74)
	at com.kms.katalon.core.webservice.keyword.builtin.VerifyElementPropertyValueKeyword.verifyElementPropertyValue(VerifyElementPropertyValueKeyword.groovy:48)
	at com.kms.katalon.core.webservice.keyword.builtin.VerifyElementPropertyValueKeyword.execute(VerifyElementPropertyValueKeyword.groovy:43)
	at com.kms.katalon.core.keyword.internal.KeywordExecutor.executeKeywordForPlatform(KeywordExecutor.groovy:74)
	at com.kms.katalon.core.webservice.keyword.WSBuiltInKeywords.verifyElementPropertyValue(WSBuiltInKeywords.groovy:189)
	at com.kms.katalon.core.webservice.keyword.WSBuiltInKeywords$verifyElementPropertyValue$1.call(Unknown Source)
	at Engine Scoring.run(Engine Scoring:108)
	at com.kms.katalon.core.main.ScriptEngine.run(ScriptEngine.java:194)
	at com.kms.katalon.core.main.ScriptEngine.runScriptAsRawText(ScriptEngine.java:119)
	at com.kms.katalon.core.main.TestCaseExecutor.runScript(TestCaseExecutor.java:442)
	at com.kms.katalon.core.main.TestCaseExecutor.doExecute(TestCaseExecutor.java:433)
	at com.kms.katalon.core.main.TestCaseExecutor.processExecutionPhase(TestCaseExecutor.java:412)
	at com.kms.katalon.core.main.TestCaseExecutor.accessMainPhase(TestCaseExecutor.java:404)
	at com.kms.katalon.core.main.TestCaseExecutor.execute(TestCaseExecutor.java:281)
	at com.kms.katalon.core.main.TestSuiteExecutor.accessTestCaseMainPhase(TestSuiteExecutor.java:202)
	at com.kms.katalon.core.main.TestSuiteExecutor.accessTestSuiteMainPhase(TestSuiteExecutor.java:164)
	at com.kms.katalon.core.main.TestSuiteExecutor.execute(TestSuiteExecutor.java:105)
	at com.kms.katalon.core.main.TestCaseMain.startTestSuite(TestCaseMain.java:185)
	at com.kms.katalon.core.main.TestCaseMain$startTestSuite$0.call(Unknown Source)
	at TempTestSuite1669628564646.run(TempTestSuite1669628564646.groovy:36)
"/>
         <system-out><![CDATA[2022-11-28 16:47:04 - [TEST_CASE][FAILED] - Test Cases/Engine_Scoring/Engine Scoring: Test Cases/Engine_Scoring/Engine Scoring FAILED.
Reason:
com.kms.katalon.core.exception.StepFailedException: Expected element property value 'Reguler' is not equal with actual property value ''
	at com.kms.katalon.core.keyword.internal.KeywordMain.stepFailed(KeywordMain.groovy:50)
	at com.kms.katalon.core.webservice.keyword.builtin.VerifyElementPropertyValueKeyword$_verifyElementPropertyValue_closure1.doCall(VerifyElementPropertyValueKeyword.groovy:56)
	at com.kms.katalon.core.webservice.keyword.builtin.VerifyElementPropertyValueKeyword$_verifyElementPropertyValue_closure1.call(VerifyElementPropertyValueKeyword.groovy)
	at com.kms.katalon.core.keyword.internal.KeywordMain.runKeyword(KeywordMain.groovy:74)
	at com.kms.katalon.core.webservice.keyword.builtin.VerifyElementPropertyValueKeyword.verifyElementPropertyValue(VerifyElementPropertyValueKeyword.groovy:48)
	at com.kms.katalon.core.webservice.keyword.builtin.VerifyElementPropertyValueKeyword.execute(VerifyElementPropertyValueKeyword.groovy:43)
	at com.kms.katalon.core.keyword.internal.KeywordExecutor.executeKeywordForPlatform(KeywordExecutor.groovy:74)
	at com.kms.katalon.core.webservice.keyword.WSBuiltInKeywords.verifyElementPropertyValue(WSBuiltInKeywords.groovy:189)
	at com.kms.katalon.core.webservice.keyword.WSBuiltInKeywords$verifyElementPropertyValue$1.call(Unknown Source)
	at Engine Scoring.run(Engine Scoring:108)
	at com.kms.katalon.core.main.ScriptEngine.run(ScriptEngine.java:194)
	at com.kms.katalon.core.main.ScriptEngine.runScriptAsRawText(ScriptEngine.java:119)
	at com.kms.katalon.core.main.TestCaseExecutor.runScript(TestCaseExecutor.java:442)
	at com.kms.katalon.core.main.TestCaseExecutor.doExecute(TestCaseExecutor.java:433)
	at com.kms.katalon.core.main.TestCaseExecutor.processExecutionPhase(TestCaseExecutor.java:412)
	at com.kms.katalon.core.main.TestCaseExecutor.accessMainPhase(TestCaseExecutor.java:404)
	at com.kms.katalon.core.main.TestCaseExecutor.execute(TestCaseExecutor.java:281)
	at com.kms.katalon.core.main.TestSuiteExecutor.accessTestCaseMainPhase(TestSuiteExecutor.java:202)
	at com.kms.katalon.core.main.TestSuiteExecutor.accessTestSuiteMainPhase(TestSuiteExecutor.java:164)
	at com.kms.katalon.core.main.TestSuiteExecutor.execute(TestSuiteExecutor.java:105)
	at com.kms.katalon.core.main.TestCaseMain.startTestSuite(TestCaseMain.java:185)
	at com.kms.katalon.core.main.TestCaseMain$startTestSuite$0.call(Unknown Source)
	at TempTestSuite1669628564646.run(TempTestSuite1669628564646.groovy:36)


2022-11-28 16:47:05 - [TEST_STEP][PASSED] - markPassed("Variasi data ke : " + no): Variasi data ke : 37

2022-11-28 16:47:05 - [MESSAGE][PASSED] - Variasi data ke : 37

2022-11-28 16:47:05 - [TEST_STEP][PASSED] - req_data = sendRequest(findTestObject("Search_ME", ["MID":MID, "source":source, "ip":ip, "userid":userid, "branch":branch, "tipekons":tipekons, "marital":marital, "penjamin":penjamin, ... ])): Send request successfully

2022-11-28 16:47:06 - [MESSAGE][INFO] - HAR: D:\DMS\Engine Scoring\Reports\20221128_164243\Exclude KKB - DS - Married\Scoring Married - DS\20221128_164244\requests\main\72.har

2022-11-28 16:47:06 - [MESSAGE][PASSED] - Send request successfully

2022-11-28 16:47:06 - [TEST_STEP][PASSED] - slurper = new groovy.json.JsonSlurper(): null

2022-11-28 16:47:06 - [TEST_STEP][PASSED] - result = slurper.parseText(req_data.getResponseBodyContent()): null

2022-11-28 16:47:06 - [TEST_STEP][PASSED] - reqid_kons = requestid1: null

2022-11-28 16:47:06 - [TEST_STEP][PASSED] - reqid_spouse = requestid2: null

2022-11-28 16:47:06 - [TEST_STEP][PASSED] - println("requestid kons : " + reqid_kons): null

2022-11-28 16:47:06 - [TEST_STEP][PASSED] - response_searchME_kons = reqid_kons: null

2022-11-28 16:47:06 - [TEST_STEP][PASSED] - response_searchME_spouse = reqid_spouse: null

2022-11-28 16:47:06 - [TEST_STEP][PASSED] - println("kons req id is :" + response_searchME_kons): null

2022-11-28 16:47:06 - [TEST_STEP][PASSED] - println("spouse req id is : " + response_searchME_spouse): null

2022-11-28 16:47:06 - [TEST_STEP][PASSED] - verifyResponseStatusCode(req_data, 200): Verify response status code successfully

2022-11-28 16:47:06 - [MESSAGE][PASSED] - Verify response status code successfully

2022-11-28 16:47:06 - [TEST_STEP][PASSED] - response = req_data.getResponseText(): null

2022-11-28 16:47:06 - [TEST_STEP][PASSED] - logInfo($response): {"status":"Done","data":{"requestid1":"256738","requestid2":"256739"}}

2022-11-28 16:47:06 - [MESSAGE][INFO] - {"status":"Done","data":{"requestid1":"256738","requestid2":"256739"}}

2022-11-28 16:47:06 - [TEST_STEP][PASSED] - delay(5): Delayed 5 second(s)

2022-11-28 16:47:11 - [MESSAGE][PASSED] - Delayed 5 second(s)

2022-11-28 16:47:11 - [TEST_STEP][PASSED] - scoring = sendRequest(findTestObject("EngineScore", ["response_searchME_kons":response_searchME_kons, "response_searchME_spouse":response_searchME_spouse])): Send request successfully

2022-11-28 16:47:11 - [MESSAGE][INFO] - HAR: D:\DMS\Engine Scoring\Reports\20221128_164243\Exclude KKB - DS - Married\Scoring Married - DS\20221128_164244\requests\main\73.har

2022-11-28 16:47:11 - [MESSAGE][PASSED] - Send request successfully

2022-11-28 16:47:11 - [TEST_STEP][PASSED] - verifyResponseStatusCode(scoring, 200): Verify response status code successfully

2022-11-28 16:47:11 - [MESSAGE][PASSED] - Verify response status code successfully

2022-11-28 16:47:11 - [TEST_STEP][PASSED] - response2 = scoring.getResponseText(): null

2022-11-28 16:47:11 - [TEST_STEP][PASSED] - markPassed("result service data ke : " + no): result service data ke : 37

2022-11-28 16:47:11 - [MESSAGE][PASSED] - result service data ke : 37

2022-11-28 16:47:11 - [TEST_STEP][PASSED] - logInfo($response2): {"result_konsumen":"","result_pasangan":"","Final_result":"","errorMessage":"","status":"InProgress"}

2022-11-28 16:47:11 - [MESSAGE][INFO] - {"result_konsumen":"","result_pasangan":"","Final_result":"","errorMessage":"","status":"InProgress"}

2022-11-28 16:47:11 - [TEST_STEP][FAILED] - verifyElementPropertyValue(scoring, "Final_result", final_result): Unable to verify element property value (Root cause: com.kms.katalon.core.exception.StepFailedException: Expected element property value 'Reguler' is not equal with actual property value ''
	at com.kms.katalon.core.keyword.internal.KeywordMain.stepFailed(KeywordMain.groovy:50)
	at com.kms.katalon.core.webservice.keyword.builtin.VerifyElementPropertyValueKeyword$_verifyElementPropertyValue_closure1.doCall(VerifyElementPropertyValueKeyword.groovy:56)
	at com.kms.katalon.core.webservice.keyword.builtin.VerifyElementPropertyValueKeyword$_verifyElementPropertyValue_closure1.call(VerifyElementPropertyValueKeyword.groovy)
	at com.kms.katalon.core.keyword.internal.KeywordMain.runKeyword(KeywordMain.groovy:74)
	at com.kms.katalon.core.webservice.keyword.builtin.VerifyElementPropertyValueKeyword.verifyElementPropertyValue(VerifyElementPropertyValueKeyword.groovy:48)
	at com.kms.katalon.core.webservice.keyword.builtin.VerifyElementPropertyValueKeyword.execute(VerifyElementPropertyValueKeyword.groovy:43)
	at com.kms.katalon.core.keyword.internal.KeywordExecutor.executeKeywordForPlatform(KeywordExecutor.groovy:74)
	at com.kms.katalon.core.webservice.keyword.WSBuiltInKeywords.verifyElementPropertyValue(WSBuiltInKeywords.groovy:189)
	at com.kms.katalon.core.webservice.keyword.WSBuiltInKeywords$verifyElementPropertyValue$1.call(Unknown Source)
	at Engine Scoring.run(Engine Scoring:108)
	at com.kms.katalon.core.main.ScriptEngine.run(ScriptEngine.java:194)
	at com.kms.katalon.core.main.ScriptEngine.runScriptAsRawText(ScriptEngine.java:119)
	at com.kms.katalon.core.main.TestCaseExecutor.runScript(TestCaseExecutor.java:442)
	at com.kms.katalon.core.main.TestCaseExecutor.doExecute(TestCaseExecutor.java:433)
	at com.kms.katalon.core.main.TestCaseExecutor.processExecutionPhase(TestCaseExecutor.java:412)
	at com.kms.katalon.core.main.TestCaseExecutor.accessMainPhase(TestCaseExecutor.java:404)
	at com.kms.katalon.core.main.TestCaseExecutor.execute(TestCaseExecutor.java:281)
	at com.kms.katalon.core.main.TestSuiteExecutor.accessTestCaseMainPhase(TestSuiteExecutor.java:202)
	at com.kms.katalon.core.main.TestSuiteExecutor.accessTestSuiteMainPhase(TestSuiteExecutor.java:164)
	at com.kms.katalon.core.main.TestSuiteExecutor.execute(TestSuiteExecutor.java:105)
	at com.kms.katalon.core.main.TestCaseMain.startTestSuite(TestCaseMain.java:185)
	at com.kms.katalon.core.main.TestCaseMain$startTestSuite$0.call(Unknown Source)
	at TempTestSuite1669628564646.run(TempTestSuite1669628564646.groovy:36)
)

2022-11-28 16:47:11 - [MESSAGE][FAILED] - Expected element property value 'Reguler' is not equal with actual property value ''

2022-11-28 16:47:11 - [MESSAGE][FAILED] - Unable to verify element property value (Root cause: com.kms.katalon.core.exception.StepFailedException: Expected element property value 'Reguler' is not equal with actual property value ''
	at com.kms.katalon.core.keyword.internal.KeywordMain.stepFailed(KeywordMain.groovy:50)
	at com.kms.katalon.core.webservice.keyword.builtin.VerifyElementPropertyValueKeyword$_verifyElementPropertyValue_closure1.doCall(VerifyElementPropertyValueKeyword.groovy:56)
	at com.kms.katalon.core.webservice.keyword.builtin.VerifyElementPropertyValueKeyword$_verifyElementPropertyValue_closure1.call(VerifyElementPropertyValueKeyword.groovy)
	at com.kms.katalon.core.keyword.internal.KeywordMain.runKeyword(KeywordMain.groovy:74)
	at com.kms.katalon.core.webservice.keyword.builtin.VerifyElementPropertyValueKeyword.verifyElementPropertyValue(VerifyElementPropertyValueKeyword.groovy:48)
	at com.kms.katalon.core.webservice.keyword.builtin.VerifyElementPropertyValueKeyword.execute(VerifyElementPropertyValueKeyword.groovy:43)
	at com.kms.katalon.core.keyword.internal.KeywordExecutor.executeKeywordForPlatform(KeywordExecutor.groovy:74)
	at com.kms.katalon.core.webservice.keyword.WSBuiltInKeywords.verifyElementPropertyValue(WSBuiltInKeywords.groovy:189)
	at com.kms.katalon.core.webservice.keyword.WSBuiltInKeywords$verifyElementPropertyValue$1.call(Unknown Source)
	at Engine Scoring.run(Engine Scoring:108)
	at com.kms.katalon.core.main.ScriptEngine.run(ScriptEngine.java:194)
	at com.kms.katalon.core.main.ScriptEngine.runScriptAsRawText(ScriptEngine.java:119)
	at com.kms.katalon.core.main.TestCaseExecutor.runScript(TestCaseExecutor.java:442)
	at com.kms.katalon.core.main.TestCaseExecutor.doExecute(TestCaseExecutor.java:433)
	at com.kms.katalon.core.main.TestCaseExecutor.processExecutionPhase(TestCaseExecutor.java:412)
	at com.kms.katalon.core.main.TestCaseExecutor.accessMainPhase(TestCaseExecutor.java:404)
	at com.kms.katalon.core.main.TestCaseExecutor.execute(TestCaseExecutor.java:281)
	at com.kms.katalon.core.main.TestSuiteExecutor.accessTestCaseMainPhase(TestSuiteExecutor.java:202)
	at com.kms.katalon.core.main.TestSuiteExecutor.accessTestSuiteMainPhase(TestSuiteExecutor.java:164)
	at com.kms.katalon.core.main.TestSuiteExecutor.execute(TestSuiteExecutor.java:105)
	at com.kms.katalon.core.main.TestCaseMain.startTestSuite(TestCaseMain.java:185)
	at com.kms.katalon.core.main.TestCaseMain$startTestSuite$0.call(Unknown Source)
	at TempTestSuite1669628564646.run(TempTestSuite1669628564646.groovy:36)
)]]></system-out>
         <system-err><![CDATA[2022-11-28 16:47:04 - [TEST_CASE][FAILED] - Test Cases/Engine_Scoring/Engine Scoring: Test Cases/Engine_Scoring/Engine Scoring FAILED.
Reason:
com.kms.katalon.core.exception.StepFailedException: Expected element property value 'Reguler' is not equal with actual property value ''
	at com.kms.katalon.core.keyword.internal.KeywordMain.stepFailed(KeywordMain.groovy:50)
	at com.kms.katalon.core.webservice.keyword.builtin.VerifyElementPropertyValueKeyword$_verifyElementPropertyValue_closure1.doCall(VerifyElementPropertyValueKeyword.groovy:56)
	at com.kms.katalon.core.webservice.keyword.builtin.VerifyElementPropertyValueKeyword$_verifyElementPropertyValue_closure1.call(VerifyElementPropertyValueKeyword.groovy)
	at com.kms.katalon.core.keyword.internal.KeywordMain.runKeyword(KeywordMain.groovy:74)
	at com.kms.katalon.core.webservice.keyword.builtin.VerifyElementPropertyValueKeyword.verifyElementPropertyValue(VerifyElementPropertyValueKeyword.groovy:48)
	at com.kms.katalon.core.webservice.keyword.builtin.VerifyElementPropertyValueKeyword.execute(VerifyElementPropertyValueKeyword.groovy:43)
	at com.kms.katalon.core.keyword.internal.KeywordExecutor.executeKeywordForPlatform(KeywordExecutor.groovy:74)
	at com.kms.katalon.core.webservice.keyword.WSBuiltInKeywords.verifyElementPropertyValue(WSBuiltInKeywords.groovy:189)
	at com.kms.katalon.core.webservice.keyword.WSBuiltInKeywords$verifyElementPropertyValue$1.call(Unknown Source)
	at Engine Scoring.run(Engine Scoring:108)
	at com.kms.katalon.core.main.ScriptEngine.run(ScriptEngine.java:194)
	at com.kms.katalon.core.main.ScriptEngine.runScriptAsRawText(ScriptEngine.java:119)
	at com.kms.katalon.core.main.TestCaseExecutor.runScript(TestCaseExecutor.java:442)
	at com.kms.katalon.core.main.TestCaseExecutor.doExecute(TestCaseExecutor.java:433)
	at com.kms.katalon.core.main.TestCaseExecutor.processExecutionPhase(TestCaseExecutor.java:412)
	at com.kms.katalon.core.main.TestCaseExecutor.accessMainPhase(TestCaseExecutor.java:404)
	at com.kms.katalon.core.main.TestCaseExecutor.execute(TestCaseExecutor.java:281)
	at com.kms.katalon.core.main.TestSuiteExecutor.accessTestCaseMainPhase(TestSuiteExecutor.java:202)
	at com.kms.katalon.core.main.TestSuiteExecutor.accessTestSuiteMainPhase(TestSuiteExecutor.java:164)
	at com.kms.katalon.core.main.TestSuiteExecutor.execute(TestSuiteExecutor.java:105)
	at com.kms.katalon.core.main.TestCaseMain.startTestSuite(TestCaseMain.java:185)
	at com.kms.katalon.core.main.TestCaseMain$startTestSuite$0.call(Unknown Source)
	at TempTestSuite1669628564646.run(TempTestSuite1669628564646.groovy:36)]]></system-err>
      </testcase>
      <testcase name="Test Cases/Engine_Scoring/Engine Scoring" time="6.955" classname="Test Cases/Engine_Scoring/Engine Scoring" status="FAILED">
         <failure type="FAILED" message="Test Cases/Engine_Scoring/Engine Scoring FAILED.
Reason:
com.kms.katalon.core.exception.StepFailedException: Expected element property value 'Reguler' is not equal with actual property value ''
	at com.kms.katalon.core.keyword.internal.KeywordMain.stepFailed(KeywordMain.groovy:50)
	at com.kms.katalon.core.webservice.keyword.builtin.VerifyElementPropertyValueKeyword$_verifyElementPropertyValue_closure1.doCall(VerifyElementPropertyValueKeyword.groovy:56)
	at com.kms.katalon.core.webservice.keyword.builtin.VerifyElementPropertyValueKeyword$_verifyElementPropertyValue_closure1.call(VerifyElementPropertyValueKeyword.groovy)
	at com.kms.katalon.core.keyword.internal.KeywordMain.runKeyword(KeywordMain.groovy:74)
	at com.kms.katalon.core.webservice.keyword.builtin.VerifyElementPropertyValueKeyword.verifyElementPropertyValue(VerifyElementPropertyValueKeyword.groovy:48)
	at com.kms.katalon.core.webservice.keyword.builtin.VerifyElementPropertyValueKeyword.execute(VerifyElementPropertyValueKeyword.groovy:43)
	at com.kms.katalon.core.keyword.internal.KeywordExecutor.executeKeywordForPlatform(KeywordExecutor.groovy:74)
	at com.kms.katalon.core.webservice.keyword.WSBuiltInKeywords.verifyElementPropertyValue(WSBuiltInKeywords.groovy:189)
	at com.kms.katalon.core.webservice.keyword.WSBuiltInKeywords$verifyElementPropertyValue$1.call(Unknown Source)
	at Engine Scoring.run(Engine Scoring:108)
	at com.kms.katalon.core.main.ScriptEngine.run(ScriptEngine.java:194)
	at com.kms.katalon.core.main.ScriptEngine.runScriptAsRawText(ScriptEngine.java:119)
	at com.kms.katalon.core.main.TestCaseExecutor.runScript(TestCaseExecutor.java:442)
	at com.kms.katalon.core.main.TestCaseExecutor.doExecute(TestCaseExecutor.java:433)
	at com.kms.katalon.core.main.TestCaseExecutor.processExecutionPhase(TestCaseExecutor.java:412)
	at com.kms.katalon.core.main.TestCaseExecutor.accessMainPhase(TestCaseExecutor.java:404)
	at com.kms.katalon.core.main.TestCaseExecutor.execute(TestCaseExecutor.java:281)
	at com.kms.katalon.core.main.TestSuiteExecutor.accessTestCaseMainPhase(TestSuiteExecutor.java:202)
	at com.kms.katalon.core.main.TestSuiteExecutor.accessTestSuiteMainPhase(TestSuiteExecutor.java:164)
	at com.kms.katalon.core.main.TestSuiteExecutor.execute(TestSuiteExecutor.java:105)
	at com.kms.katalon.core.main.TestCaseMain.startTestSuite(TestCaseMain.java:185)
	at com.kms.katalon.core.main.TestCaseMain$startTestSuite$0.call(Unknown Source)
	at TempTestSuite1669628564646.run(TempTestSuite1669628564646.groovy:36)
"/>
         <system-out><![CDATA[2022-11-28 16:47:11 - [TEST_CASE][FAILED] - Test Cases/Engine_Scoring/Engine Scoring: Test Cases/Engine_Scoring/Engine Scoring FAILED.
Reason:
com.kms.katalon.core.exception.StepFailedException: Expected element property value 'Reguler' is not equal with actual property value ''
	at com.kms.katalon.core.keyword.internal.KeywordMain.stepFailed(KeywordMain.groovy:50)
	at com.kms.katalon.core.webservice.keyword.builtin.VerifyElementPropertyValueKeyword$_verifyElementPropertyValue_closure1.doCall(VerifyElementPropertyValueKeyword.groovy:56)
	at com.kms.katalon.core.webservice.keyword.builtin.VerifyElementPropertyValueKeyword$_verifyElementPropertyValue_closure1.call(VerifyElementPropertyValueKeyword.groovy)
	at com.kms.katalon.core.keyword.internal.KeywordMain.runKeyword(KeywordMain.groovy:74)
	at com.kms.katalon.core.webservice.keyword.builtin.VerifyElementPropertyValueKeyword.verifyElementPropertyValue(VerifyElementPropertyValueKeyword.groovy:48)
	at com.kms.katalon.core.webservice.keyword.builtin.VerifyElementPropertyValueKeyword.execute(VerifyElementPropertyValueKeyword.groovy:43)
	at com.kms.katalon.core.keyword.internal.KeywordExecutor.executeKeywordForPlatform(KeywordExecutor.groovy:74)
	at com.kms.katalon.core.webservice.keyword.WSBuiltInKeywords.verifyElementPropertyValue(WSBuiltInKeywords.groovy:189)
	at com.kms.katalon.core.webservice.keyword.WSBuiltInKeywords$verifyElementPropertyValue$1.call(Unknown Source)
	at Engine Scoring.run(Engine Scoring:108)
	at com.kms.katalon.core.main.ScriptEngine.run(ScriptEngine.java:194)
	at com.kms.katalon.core.main.ScriptEngine.runScriptAsRawText(ScriptEngine.java:119)
	at com.kms.katalon.core.main.TestCaseExecutor.runScript(TestCaseExecutor.java:442)
	at com.kms.katalon.core.main.TestCaseExecutor.doExecute(TestCaseExecutor.java:433)
	at com.kms.katalon.core.main.TestCaseExecutor.processExecutionPhase(TestCaseExecutor.java:412)
	at com.kms.katalon.core.main.TestCaseExecutor.accessMainPhase(TestCaseExecutor.java:404)
	at com.kms.katalon.core.main.TestCaseExecutor.execute(TestCaseExecutor.java:281)
	at com.kms.katalon.core.main.TestSuiteExecutor.accessTestCaseMainPhase(TestSuiteExecutor.java:202)
	at com.kms.katalon.core.main.TestSuiteExecutor.accessTestSuiteMainPhase(TestSuiteExecutor.java:164)
	at com.kms.katalon.core.main.TestSuiteExecutor.execute(TestSuiteExecutor.java:105)
	at com.kms.katalon.core.main.TestCaseMain.startTestSuite(TestCaseMain.java:185)
	at com.kms.katalon.core.main.TestCaseMain$startTestSuite$0.call(Unknown Source)
	at TempTestSuite1669628564646.run(TempTestSuite1669628564646.groovy:36)


2022-11-28 16:47:12 - [TEST_STEP][PASSED] - markPassed("Variasi data ke : " + no): Variasi data ke : 38

2022-11-28 16:47:12 - [MESSAGE][PASSED] - Variasi data ke : 38

2022-11-28 16:47:12 - [TEST_STEP][PASSED] - req_data = sendRequest(findTestObject("Search_ME", ["MID":MID, "source":source, "ip":ip, "userid":userid, "branch":branch, "tipekons":tipekons, "marital":marital, "penjamin":penjamin, ... ])): Send request successfully

2022-11-28 16:47:13 - [MESSAGE][INFO] - HAR: D:\DMS\Engine Scoring\Reports\20221128_164243\Exclude KKB - DS - Married\Scoring Married - DS\20221128_164244\requests\main\74.har

2022-11-28 16:47:13 - [MESSAGE][PASSED] - Send request successfully

2022-11-28 16:47:13 - [TEST_STEP][PASSED] - slurper = new groovy.json.JsonSlurper(): null

2022-11-28 16:47:13 - [TEST_STEP][PASSED] - result = slurper.parseText(req_data.getResponseBodyContent()): null

2022-11-28 16:47:13 - [TEST_STEP][PASSED] - reqid_kons = requestid1: null

2022-11-28 16:47:13 - [TEST_STEP][PASSED] - reqid_spouse = requestid2: null

2022-11-28 16:47:13 - [TEST_STEP][PASSED] - println("requestid kons : " + reqid_kons): null

2022-11-28 16:47:13 - [TEST_STEP][PASSED] - response_searchME_kons = reqid_kons: null

2022-11-28 16:47:13 - [TEST_STEP][PASSED] - response_searchME_spouse = reqid_spouse: null

2022-11-28 16:47:13 - [TEST_STEP][PASSED] - println("kons req id is :" + response_searchME_kons): null

2022-11-28 16:47:13 - [TEST_STEP][PASSED] - println("spouse req id is : " + response_searchME_spouse): null

2022-11-28 16:47:13 - [TEST_STEP][PASSED] - verifyResponseStatusCode(req_data, 200): Verify response status code successfully

2022-11-28 16:47:13 - [MESSAGE][PASSED] - Verify response status code successfully

2022-11-28 16:47:13 - [TEST_STEP][PASSED] - response = req_data.getResponseText(): null

2022-11-28 16:47:13 - [TEST_STEP][PASSED] - logInfo($response): {"status":"Done","data":{"requestid1":"256740","requestid2":"256741"}}

2022-11-28 16:47:13 - [MESSAGE][INFO] - {"status":"Done","data":{"requestid1":"256740","requestid2":"256741"}}

2022-11-28 16:47:13 - [TEST_STEP][PASSED] - delay(5): Delayed 5 second(s)

2022-11-28 16:47:18 - [MESSAGE][PASSED] - Delayed 5 second(s)

2022-11-28 16:47:18 - [TEST_STEP][PASSED] - scoring = sendRequest(findTestObject("EngineScore", ["response_searchME_kons":response_searchME_kons, "response_searchME_spouse":response_searchME_spouse])): Send request successfully

2022-11-28 16:47:18 - [MESSAGE][INFO] - HAR: D:\DMS\Engine Scoring\Reports\20221128_164243\Exclude KKB - DS - Married\Scoring Married - DS\20221128_164244\requests\main\75.har

2022-11-28 16:47:18 - [MESSAGE][PASSED] - Send request successfully

2022-11-28 16:47:18 - [TEST_STEP][PASSED] - verifyResponseStatusCode(scoring, 200): Verify response status code successfully

2022-11-28 16:47:18 - [MESSAGE][PASSED] - Verify response status code successfully

2022-11-28 16:47:18 - [TEST_STEP][PASSED] - response2 = scoring.getResponseText(): null

2022-11-28 16:47:18 - [TEST_STEP][PASSED] - markPassed("result service data ke : " + no): result service data ke : 38

2022-11-28 16:47:18 - [MESSAGE][PASSED] - result service data ke : 38

2022-11-28 16:47:18 - [TEST_STEP][PASSED] - logInfo($response2): {"result_konsumen":"","result_pasangan":"","Final_result":"","errorMessage":"","status":"InProgress"}

2022-11-28 16:47:18 - [MESSAGE][INFO] - {"result_konsumen":"","result_pasangan":"","Final_result":"","errorMessage":"","status":"InProgress"}

2022-11-28 16:47:18 - [TEST_STEP][FAILED] - verifyElementPropertyValue(scoring, "Final_result", final_result): Unable to verify element property value (Root cause: com.kms.katalon.core.exception.StepFailedException: Expected element property value 'Reguler' is not equal with actual property value ''
	at com.kms.katalon.core.keyword.internal.KeywordMain.stepFailed(KeywordMain.groovy:50)
	at com.kms.katalon.core.webservice.keyword.builtin.VerifyElementPropertyValueKeyword$_verifyElementPropertyValue_closure1.doCall(VerifyElementPropertyValueKeyword.groovy:56)
	at com.kms.katalon.core.webservice.keyword.builtin.VerifyElementPropertyValueKeyword$_verifyElementPropertyValue_closure1.call(VerifyElementPropertyValueKeyword.groovy)
	at com.kms.katalon.core.keyword.internal.KeywordMain.runKeyword(KeywordMain.groovy:74)
	at com.kms.katalon.core.webservice.keyword.builtin.VerifyElementPropertyValueKeyword.verifyElementPropertyValue(VerifyElementPropertyValueKeyword.groovy:48)
	at com.kms.katalon.core.webservice.keyword.builtin.VerifyElementPropertyValueKeyword.execute(VerifyElementPropertyValueKeyword.groovy:43)
	at com.kms.katalon.core.keyword.internal.KeywordExecutor.executeKeywordForPlatform(KeywordExecutor.groovy:74)
	at com.kms.katalon.core.webservice.keyword.WSBuiltInKeywords.verifyElementPropertyValue(WSBuiltInKeywords.groovy:189)
	at com.kms.katalon.core.webservice.keyword.WSBuiltInKeywords$verifyElementPropertyValue$1.call(Unknown Source)
	at Engine Scoring.run(Engine Scoring:108)
	at com.kms.katalon.core.main.ScriptEngine.run(ScriptEngine.java:194)
	at com.kms.katalon.core.main.ScriptEngine.runScriptAsRawText(ScriptEngine.java:119)
	at com.kms.katalon.core.main.TestCaseExecutor.runScript(TestCaseExecutor.java:442)
	at com.kms.katalon.core.main.TestCaseExecutor.doExecute(TestCaseExecutor.java:433)
	at com.kms.katalon.core.main.TestCaseExecutor.processExecutionPhase(TestCaseExecutor.java:412)
	at com.kms.katalon.core.main.TestCaseExecutor.accessMainPhase(TestCaseExecutor.java:404)
	at com.kms.katalon.core.main.TestCaseExecutor.execute(TestCaseExecutor.java:281)
	at com.kms.katalon.core.main.TestSuiteExecutor.accessTestCaseMainPhase(TestSuiteExecutor.java:202)
	at com.kms.katalon.core.main.TestSuiteExecutor.accessTestSuiteMainPhase(TestSuiteExecutor.java:164)
	at com.kms.katalon.core.main.TestSuiteExecutor.execute(TestSuiteExecutor.java:105)
	at com.kms.katalon.core.main.TestCaseMain.startTestSuite(TestCaseMain.java:185)
	at com.kms.katalon.core.main.TestCaseMain$startTestSuite$0.call(Unknown Source)
	at TempTestSuite1669628564646.run(TempTestSuite1669628564646.groovy:36)
)

2022-11-28 16:47:18 - [MESSAGE][FAILED] - Expected element property value 'Reguler' is not equal with actual property value ''

2022-11-28 16:47:18 - [MESSAGE][FAILED] - Unable to verify element property value (Root cause: com.kms.katalon.core.exception.StepFailedException: Expected element property value 'Reguler' is not equal with actual property value ''
	at com.kms.katalon.core.keyword.internal.KeywordMain.stepFailed(KeywordMain.groovy:50)
	at com.kms.katalon.core.webservice.keyword.builtin.VerifyElementPropertyValueKeyword$_verifyElementPropertyValue_closure1.doCall(VerifyElementPropertyValueKeyword.groovy:56)
	at com.kms.katalon.core.webservice.keyword.builtin.VerifyElementPropertyValueKeyword$_verifyElementPropertyValue_closure1.call(VerifyElementPropertyValueKeyword.groovy)
	at com.kms.katalon.core.keyword.internal.KeywordMain.runKeyword(KeywordMain.groovy:74)
	at com.kms.katalon.core.webservice.keyword.builtin.VerifyElementPropertyValueKeyword.verifyElementPropertyValue(VerifyElementPropertyValueKeyword.groovy:48)
	at com.kms.katalon.core.webservice.keyword.builtin.VerifyElementPropertyValueKeyword.execute(VerifyElementPropertyValueKeyword.groovy:43)
	at com.kms.katalon.core.keyword.internal.KeywordExecutor.executeKeywordForPlatform(KeywordExecutor.groovy:74)
	at com.kms.katalon.core.webservice.keyword.WSBuiltInKeywords.verifyElementPropertyValue(WSBuiltInKeywords.groovy:189)
	at com.kms.katalon.core.webservice.keyword.WSBuiltInKeywords$verifyElementPropertyValue$1.call(Unknown Source)
	at Engine Scoring.run(Engine Scoring:108)
	at com.kms.katalon.core.main.ScriptEngine.run(ScriptEngine.java:194)
	at com.kms.katalon.core.main.ScriptEngine.runScriptAsRawText(ScriptEngine.java:119)
	at com.kms.katalon.core.main.TestCaseExecutor.runScript(TestCaseExecutor.java:442)
	at com.kms.katalon.core.main.TestCaseExecutor.doExecute(TestCaseExecutor.java:433)
	at com.kms.katalon.core.main.TestCaseExecutor.processExecutionPhase(TestCaseExecutor.java:412)
	at com.kms.katalon.core.main.TestCaseExecutor.accessMainPhase(TestCaseExecutor.java:404)
	at com.kms.katalon.core.main.TestCaseExecutor.execute(TestCaseExecutor.java:281)
	at com.kms.katalon.core.main.TestSuiteExecutor.accessTestCaseMainPhase(TestSuiteExecutor.java:202)
	at com.kms.katalon.core.main.TestSuiteExecutor.accessTestSuiteMainPhase(TestSuiteExecutor.java:164)
	at com.kms.katalon.core.main.TestSuiteExecutor.execute(TestSuiteExecutor.java:105)
	at com.kms.katalon.core.main.TestCaseMain.startTestSuite(TestCaseMain.java:185)
	at com.kms.katalon.core.main.TestCaseMain$startTestSuite$0.call(Unknown Source)
	at TempTestSuite1669628564646.run(TempTestSuite1669628564646.groovy:36)
)]]></system-out>
         <system-err><![CDATA[2022-11-28 16:47:11 - [TEST_CASE][FAILED] - Test Cases/Engine_Scoring/Engine Scoring: Test Cases/Engine_Scoring/Engine Scoring FAILED.
Reason:
com.kms.katalon.core.exception.StepFailedException: Expected element property value 'Reguler' is not equal with actual property value ''
	at com.kms.katalon.core.keyword.internal.KeywordMain.stepFailed(KeywordMain.groovy:50)
	at com.kms.katalon.core.webservice.keyword.builtin.VerifyElementPropertyValueKeyword$_verifyElementPropertyValue_closure1.doCall(VerifyElementPropertyValueKeyword.groovy:56)
	at com.kms.katalon.core.webservice.keyword.builtin.VerifyElementPropertyValueKeyword$_verifyElementPropertyValue_closure1.call(VerifyElementPropertyValueKeyword.groovy)
	at com.kms.katalon.core.keyword.internal.KeywordMain.runKeyword(KeywordMain.groovy:74)
	at com.kms.katalon.core.webservice.keyword.builtin.VerifyElementPropertyValueKeyword.verifyElementPropertyValue(VerifyElementPropertyValueKeyword.groovy:48)
	at com.kms.katalon.core.webservice.keyword.builtin.VerifyElementPropertyValueKeyword.execute(VerifyElementPropertyValueKeyword.groovy:43)
	at com.kms.katalon.core.keyword.internal.KeywordExecutor.executeKeywordForPlatform(KeywordExecutor.groovy:74)
	at com.kms.katalon.core.webservice.keyword.WSBuiltInKeywords.verifyElementPropertyValue(WSBuiltInKeywords.groovy:189)
	at com.kms.katalon.core.webservice.keyword.WSBuiltInKeywords$verifyElementPropertyValue$1.call(Unknown Source)
	at Engine Scoring.run(Engine Scoring:108)
	at com.kms.katalon.core.main.ScriptEngine.run(ScriptEngine.java:194)
	at com.kms.katalon.core.main.ScriptEngine.runScriptAsRawText(ScriptEngine.java:119)
	at com.kms.katalon.core.main.TestCaseExecutor.runScript(TestCaseExecutor.java:442)
	at com.kms.katalon.core.main.TestCaseExecutor.doExecute(TestCaseExecutor.java:433)
	at com.kms.katalon.core.main.TestCaseExecutor.processExecutionPhase(TestCaseExecutor.java:412)
	at com.kms.katalon.core.main.TestCaseExecutor.accessMainPhase(TestCaseExecutor.java:404)
	at com.kms.katalon.core.main.TestCaseExecutor.execute(TestCaseExecutor.java:281)
	at com.kms.katalon.core.main.TestSuiteExecutor.accessTestCaseMainPhase(TestSuiteExecutor.java:202)
	at com.kms.katalon.core.main.TestSuiteExecutor.accessTestSuiteMainPhase(TestSuiteExecutor.java:164)
	at com.kms.katalon.core.main.TestSuiteExecutor.execute(TestSuiteExecutor.java:105)
	at com.kms.katalon.core.main.TestCaseMain.startTestSuite(TestCaseMain.java:185)
	at com.kms.katalon.core.main.TestCaseMain$startTestSuite$0.call(Unknown Source)
	at TempTestSuite1669628564646.run(TempTestSuite1669628564646.groovy:36)]]></system-err>
      </testcase>
      <testcase name="Test Cases/Engine_Scoring/Engine Scoring" time="9.823" classname="Test Cases/Engine_Scoring/Engine Scoring" status="FAILED">
         <failure type="FAILED" message="Test Cases/Engine_Scoring/Engine Scoring FAILED.
Reason:
com.kms.katalon.core.exception.StepFailedException: Expected element property value 'Reguler' is not equal with actual property value ''
	at com.kms.katalon.core.keyword.internal.KeywordMain.stepFailed(KeywordMain.groovy:50)
	at com.kms.katalon.core.webservice.keyword.builtin.VerifyElementPropertyValueKeyword$_verifyElementPropertyValue_closure1.doCall(VerifyElementPropertyValueKeyword.groovy:56)
	at com.kms.katalon.core.webservice.keyword.builtin.VerifyElementPropertyValueKeyword$_verifyElementPropertyValue_closure1.call(VerifyElementPropertyValueKeyword.groovy)
	at com.kms.katalon.core.keyword.internal.KeywordMain.runKeyword(KeywordMain.groovy:74)
	at com.kms.katalon.core.webservice.keyword.builtin.VerifyElementPropertyValueKeyword.verifyElementPropertyValue(VerifyElementPropertyValueKeyword.groovy:48)
	at com.kms.katalon.core.webservice.keyword.builtin.VerifyElementPropertyValueKeyword.execute(VerifyElementPropertyValueKeyword.groovy:43)
	at com.kms.katalon.core.keyword.internal.KeywordExecutor.executeKeywordForPlatform(KeywordExecutor.groovy:74)
	at com.kms.katalon.core.webservice.keyword.WSBuiltInKeywords.verifyElementPropertyValue(WSBuiltInKeywords.groovy:189)
	at com.kms.katalon.core.webservice.keyword.WSBuiltInKeywords$verifyElementPropertyValue$1.call(Unknown Source)
	at Engine Scoring.run(Engine Scoring:108)
	at com.kms.katalon.core.main.ScriptEngine.run(ScriptEngine.java:194)
	at com.kms.katalon.core.main.ScriptEngine.runScriptAsRawText(ScriptEngine.java:119)
	at com.kms.katalon.core.main.TestCaseExecutor.runScript(TestCaseExecutor.java:442)
	at com.kms.katalon.core.main.TestCaseExecutor.doExecute(TestCaseExecutor.java:433)
	at com.kms.katalon.core.main.TestCaseExecutor.processExecutionPhase(TestCaseExecutor.java:412)
	at com.kms.katalon.core.main.TestCaseExecutor.accessMainPhase(TestCaseExecutor.java:404)
	at com.kms.katalon.core.main.TestCaseExecutor.execute(TestCaseExecutor.java:281)
	at com.kms.katalon.core.main.TestSuiteExecutor.accessTestCaseMainPhase(TestSuiteExecutor.java:202)
	at com.kms.katalon.core.main.TestSuiteExecutor.accessTestSuiteMainPhase(TestSuiteExecutor.java:164)
	at com.kms.katalon.core.main.TestSuiteExecutor.execute(TestSuiteExecutor.java:105)
	at com.kms.katalon.core.main.TestCaseMain.startTestSuite(TestCaseMain.java:185)
	at com.kms.katalon.core.main.TestCaseMain$startTestSuite$0.call(Unknown Source)
	at TempTestSuite1669628564646.run(TempTestSuite1669628564646.groovy:36)
"/>
         <system-out><![CDATA[2022-11-28 16:47:18 - [TEST_CASE][FAILED] - Test Cases/Engine_Scoring/Engine Scoring: Test Cases/Engine_Scoring/Engine Scoring FAILED.
Reason:
com.kms.katalon.core.exception.StepFailedException: Expected element property value 'Reguler' is not equal with actual property value ''
	at com.kms.katalon.core.keyword.internal.KeywordMain.stepFailed(KeywordMain.groovy:50)
	at com.kms.katalon.core.webservice.keyword.builtin.VerifyElementPropertyValueKeyword$_verifyElementPropertyValue_closure1.doCall(VerifyElementPropertyValueKeyword.groovy:56)
	at com.kms.katalon.core.webservice.keyword.builtin.VerifyElementPropertyValueKeyword$_verifyElementPropertyValue_closure1.call(VerifyElementPropertyValueKeyword.groovy)
	at com.kms.katalon.core.keyword.internal.KeywordMain.runKeyword(KeywordMain.groovy:74)
	at com.kms.katalon.core.webservice.keyword.builtin.VerifyElementPropertyValueKeyword.verifyElementPropertyValue(VerifyElementPropertyValueKeyword.groovy:48)
	at com.kms.katalon.core.webservice.keyword.builtin.VerifyElementPropertyValueKeyword.execute(VerifyElementPropertyValueKeyword.groovy:43)
	at com.kms.katalon.core.keyword.internal.KeywordExecutor.executeKeywordForPlatform(KeywordExecutor.groovy:74)
	at com.kms.katalon.core.webservice.keyword.WSBuiltInKeywords.verifyElementPropertyValue(WSBuiltInKeywords.groovy:189)
	at com.kms.katalon.core.webservice.keyword.WSBuiltInKeywords$verifyElementPropertyValue$1.call(Unknown Source)
	at Engine Scoring.run(Engine Scoring:108)
	at com.kms.katalon.core.main.ScriptEngine.run(ScriptEngine.java:194)
	at com.kms.katalon.core.main.ScriptEngine.runScriptAsRawText(ScriptEngine.java:119)
	at com.kms.katalon.core.main.TestCaseExecutor.runScript(TestCaseExecutor.java:442)
	at com.kms.katalon.core.main.TestCaseExecutor.doExecute(TestCaseExecutor.java:433)
	at com.kms.katalon.core.main.TestCaseExecutor.processExecutionPhase(TestCaseExecutor.java:412)
	at com.kms.katalon.core.main.TestCaseExecutor.accessMainPhase(TestCaseExecutor.java:404)
	at com.kms.katalon.core.main.TestCaseExecutor.execute(TestCaseExecutor.java:281)
	at com.kms.katalon.core.main.TestSuiteExecutor.accessTestCaseMainPhase(TestSuiteExecutor.java:202)
	at com.kms.katalon.core.main.TestSuiteExecutor.accessTestSuiteMainPhase(TestSuiteExecutor.java:164)
	at com.kms.katalon.core.main.TestSuiteExecutor.execute(TestSuiteExecutor.java:105)
	at com.kms.katalon.core.main.TestCaseMain.startTestSuite(TestCaseMain.java:185)
	at com.kms.katalon.core.main.TestCaseMain$startTestSuite$0.call(Unknown Source)
	at TempTestSuite1669628564646.run(TempTestSuite1669628564646.groovy:36)


2022-11-28 16:47:19 - [TEST_STEP][PASSED] - markPassed("Variasi data ke : " + no): Variasi data ke : 39

2022-11-28 16:47:19 - [MESSAGE][PASSED] - Variasi data ke : 39

2022-11-28 16:47:19 - [TEST_STEP][PASSED] - req_data = sendRequest(findTestObject("Search_ME", ["MID":MID, "source":source, "ip":ip, "userid":userid, "branch":branch, "tipekons":tipekons, "marital":marital, "penjamin":penjamin, ... ])): Send request successfully

2022-11-28 16:47:23 - [MESSAGE][INFO] - HAR: D:\DMS\Engine Scoring\Reports\20221128_164243\Exclude KKB - DS - Married\Scoring Married - DS\20221128_164244\requests\main\76.har

2022-11-28 16:47:23 - [MESSAGE][PASSED] - Send request successfully

2022-11-28 16:47:23 - [TEST_STEP][PASSED] - slurper = new groovy.json.JsonSlurper(): null

2022-11-28 16:47:23 - [TEST_STEP][PASSED] - result = slurper.parseText(req_data.getResponseBodyContent()): null

2022-11-28 16:47:23 - [TEST_STEP][PASSED] - reqid_kons = requestid1: null

2022-11-28 16:47:23 - [TEST_STEP][PASSED] - reqid_spouse = requestid2: null

2022-11-28 16:47:23 - [TEST_STEP][PASSED] - println("requestid kons : " + reqid_kons): null

2022-11-28 16:47:23 - [TEST_STEP][PASSED] - response_searchME_kons = reqid_kons: null

2022-11-28 16:47:23 - [TEST_STEP][PASSED] - response_searchME_spouse = reqid_spouse: null

2022-11-28 16:47:23 - [TEST_STEP][PASSED] - println("kons req id is :" + response_searchME_kons): null

2022-11-28 16:47:23 - [TEST_STEP][PASSED] - println("spouse req id is : " + response_searchME_spouse): null

2022-11-28 16:47:23 - [TEST_STEP][PASSED] - verifyResponseStatusCode(req_data, 200): Verify response status code successfully

2022-11-28 16:47:23 - [MESSAGE][PASSED] - Verify response status code successfully

2022-11-28 16:47:23 - [TEST_STEP][PASSED] - response = req_data.getResponseText(): null

2022-11-28 16:47:23 - [TEST_STEP][PASSED] - logInfo($response): {"status":"Done","data":{"requestid1":"256742","requestid2":"256743"}}

2022-11-28 16:47:23 - [MESSAGE][INFO] - {"status":"Done","data":{"requestid1":"256742","requestid2":"256743"}}

2022-11-28 16:47:23 - [TEST_STEP][PASSED] - delay(5): Delayed 5 second(s)

2022-11-28 16:47:28 - [MESSAGE][PASSED] - Delayed 5 second(s)

2022-11-28 16:47:28 - [TEST_STEP][PASSED] - scoring = sendRequest(findTestObject("EngineScore", ["response_searchME_kons":response_searchME_kons, "response_searchME_spouse":response_searchME_spouse])): Send request successfully

2022-11-28 16:47:28 - [MESSAGE][INFO] - HAR: D:\DMS\Engine Scoring\Reports\20221128_164243\Exclude KKB - DS - Married\Scoring Married - DS\20221128_164244\requests\main\77.har

2022-11-28 16:47:28 - [MESSAGE][PASSED] - Send request successfully

2022-11-28 16:47:28 - [TEST_STEP][PASSED] - verifyResponseStatusCode(scoring, 200): Verify response status code successfully

2022-11-28 16:47:28 - [MESSAGE][PASSED] - Verify response status code successfully

2022-11-28 16:47:28 - [TEST_STEP][PASSED] - response2 = scoring.getResponseText(): null

2022-11-28 16:47:28 - [TEST_STEP][PASSED] - markPassed("result service data ke : " + no): result service data ke : 39

2022-11-28 16:47:28 - [MESSAGE][PASSED] - result service data ke : 39

2022-11-28 16:47:28 - [TEST_STEP][PASSED] - logInfo($response2): {"result_konsumen":"","result_pasangan":"","Final_result":"","errorMessage":"","status":"InProgress"}

2022-11-28 16:47:28 - [MESSAGE][INFO] - {"result_konsumen":"","result_pasangan":"","Final_result":"","errorMessage":"","status":"InProgress"}

2022-11-28 16:47:28 - [TEST_STEP][FAILED] - verifyElementPropertyValue(scoring, "Final_result", final_result): Unable to verify element property value (Root cause: com.kms.katalon.core.exception.StepFailedException: Expected element property value 'Reguler' is not equal with actual property value ''
	at com.kms.katalon.core.keyword.internal.KeywordMain.stepFailed(KeywordMain.groovy:50)
	at com.kms.katalon.core.webservice.keyword.builtin.VerifyElementPropertyValueKeyword$_verifyElementPropertyValue_closure1.doCall(VerifyElementPropertyValueKeyword.groovy:56)
	at com.kms.katalon.core.webservice.keyword.builtin.VerifyElementPropertyValueKeyword$_verifyElementPropertyValue_closure1.call(VerifyElementPropertyValueKeyword.groovy)
	at com.kms.katalon.core.keyword.internal.KeywordMain.runKeyword(KeywordMain.groovy:74)
	at com.kms.katalon.core.webservice.keyword.builtin.VerifyElementPropertyValueKeyword.verifyElementPropertyValue(VerifyElementPropertyValueKeyword.groovy:48)
	at com.kms.katalon.core.webservice.keyword.builtin.VerifyElementPropertyValueKeyword.execute(VerifyElementPropertyValueKeyword.groovy:43)
	at com.kms.katalon.core.keyword.internal.KeywordExecutor.executeKeywordForPlatform(KeywordExecutor.groovy:74)
	at com.kms.katalon.core.webservice.keyword.WSBuiltInKeywords.verifyElementPropertyValue(WSBuiltInKeywords.groovy:189)
	at com.kms.katalon.core.webservice.keyword.WSBuiltInKeywords$verifyElementPropertyValue$1.call(Unknown Source)
	at Engine Scoring.run(Engine Scoring:108)
	at com.kms.katalon.core.main.ScriptEngine.run(ScriptEngine.java:194)
	at com.kms.katalon.core.main.ScriptEngine.runScriptAsRawText(ScriptEngine.java:119)
	at com.kms.katalon.core.main.TestCaseExecutor.runScript(TestCaseExecutor.java:442)
	at com.kms.katalon.core.main.TestCaseExecutor.doExecute(TestCaseExecutor.java:433)
	at com.kms.katalon.core.main.TestCaseExecutor.processExecutionPhase(TestCaseExecutor.java:412)
	at com.kms.katalon.core.main.TestCaseExecutor.accessMainPhase(TestCaseExecutor.java:404)
	at com.kms.katalon.core.main.TestCaseExecutor.execute(TestCaseExecutor.java:281)
	at com.kms.katalon.core.main.TestSuiteExecutor.accessTestCaseMainPhase(TestSuiteExecutor.java:202)
	at com.kms.katalon.core.main.TestSuiteExecutor.accessTestSuiteMainPhase(TestSuiteExecutor.java:164)
	at com.kms.katalon.core.main.TestSuiteExecutor.execute(TestSuiteExecutor.java:105)
	at com.kms.katalon.core.main.TestCaseMain.startTestSuite(TestCaseMain.java:185)
	at com.kms.katalon.core.main.TestCaseMain$startTestSuite$0.call(Unknown Source)
	at TempTestSuite1669628564646.run(TempTestSuite1669628564646.groovy:36)
)

2022-11-28 16:47:28 - [MESSAGE][FAILED] - Expected element property value 'Reguler' is not equal with actual property value ''

2022-11-28 16:47:28 - [MESSAGE][FAILED] - Unable to verify element property value (Root cause: com.kms.katalon.core.exception.StepFailedException: Expected element property value 'Reguler' is not equal with actual property value ''
	at com.kms.katalon.core.keyword.internal.KeywordMain.stepFailed(KeywordMain.groovy:50)
	at com.kms.katalon.core.webservice.keyword.builtin.VerifyElementPropertyValueKeyword$_verifyElementPropertyValue_closure1.doCall(VerifyElementPropertyValueKeyword.groovy:56)
	at com.kms.katalon.core.webservice.keyword.builtin.VerifyElementPropertyValueKeyword$_verifyElementPropertyValue_closure1.call(VerifyElementPropertyValueKeyword.groovy)
	at com.kms.katalon.core.keyword.internal.KeywordMain.runKeyword(KeywordMain.groovy:74)
	at com.kms.katalon.core.webservice.keyword.builtin.VerifyElementPropertyValueKeyword.verifyElementPropertyValue(VerifyElementPropertyValueKeyword.groovy:48)
	at com.kms.katalon.core.webservice.keyword.builtin.VerifyElementPropertyValueKeyword.execute(VerifyElementPropertyValueKeyword.groovy:43)
	at com.kms.katalon.core.keyword.internal.KeywordExecutor.executeKeywordForPlatform(KeywordExecutor.groovy:74)
	at com.kms.katalon.core.webservice.keyword.WSBuiltInKeywords.verifyElementPropertyValue(WSBuiltInKeywords.groovy:189)
	at com.kms.katalon.core.webservice.keyword.WSBuiltInKeywords$verifyElementPropertyValue$1.call(Unknown Source)
	at Engine Scoring.run(Engine Scoring:108)
	at com.kms.katalon.core.main.ScriptEngine.run(ScriptEngine.java:194)
	at com.kms.katalon.core.main.ScriptEngine.runScriptAsRawText(ScriptEngine.java:119)
	at com.kms.katalon.core.main.TestCaseExecutor.runScript(TestCaseExecutor.java:442)
	at com.kms.katalon.core.main.TestCaseExecutor.doExecute(TestCaseExecutor.java:433)
	at com.kms.katalon.core.main.TestCaseExecutor.processExecutionPhase(TestCaseExecutor.java:412)
	at com.kms.katalon.core.main.TestCaseExecutor.accessMainPhase(TestCaseExecutor.java:404)
	at com.kms.katalon.core.main.TestCaseExecutor.execute(TestCaseExecutor.java:281)
	at com.kms.katalon.core.main.TestSuiteExecutor.accessTestCaseMainPhase(TestSuiteExecutor.java:202)
	at com.kms.katalon.core.main.TestSuiteExecutor.accessTestSuiteMainPhase(TestSuiteExecutor.java:164)
	at com.kms.katalon.core.main.TestSuiteExecutor.execute(TestSuiteExecutor.java:105)
	at com.kms.katalon.core.main.TestCaseMain.startTestSuite(TestCaseMain.java:185)
	at com.kms.katalon.core.main.TestCaseMain$startTestSuite$0.call(Unknown Source)
	at TempTestSuite1669628564646.run(TempTestSuite1669628564646.groovy:36)
)]]></system-out>
         <system-err><![CDATA[2022-11-28 16:47:18 - [TEST_CASE][FAILED] - Test Cases/Engine_Scoring/Engine Scoring: Test Cases/Engine_Scoring/Engine Scoring FAILED.
Reason:
com.kms.katalon.core.exception.StepFailedException: Expected element property value 'Reguler' is not equal with actual property value ''
	at com.kms.katalon.core.keyword.internal.KeywordMain.stepFailed(KeywordMain.groovy:50)
	at com.kms.katalon.core.webservice.keyword.builtin.VerifyElementPropertyValueKeyword$_verifyElementPropertyValue_closure1.doCall(VerifyElementPropertyValueKeyword.groovy:56)
	at com.kms.katalon.core.webservice.keyword.builtin.VerifyElementPropertyValueKeyword$_verifyElementPropertyValue_closure1.call(VerifyElementPropertyValueKeyword.groovy)
	at com.kms.katalon.core.keyword.internal.KeywordMain.runKeyword(KeywordMain.groovy:74)
	at com.kms.katalon.core.webservice.keyword.builtin.VerifyElementPropertyValueKeyword.verifyElementPropertyValue(VerifyElementPropertyValueKeyword.groovy:48)
	at com.kms.katalon.core.webservice.keyword.builtin.VerifyElementPropertyValueKeyword.execute(VerifyElementPropertyValueKeyword.groovy:43)
	at com.kms.katalon.core.keyword.internal.KeywordExecutor.executeKeywordForPlatform(KeywordExecutor.groovy:74)
	at com.kms.katalon.core.webservice.keyword.WSBuiltInKeywords.verifyElementPropertyValue(WSBuiltInKeywords.groovy:189)
	at com.kms.katalon.core.webservice.keyword.WSBuiltInKeywords$verifyElementPropertyValue$1.call(Unknown Source)
	at Engine Scoring.run(Engine Scoring:108)
	at com.kms.katalon.core.main.ScriptEngine.run(ScriptEngine.java:194)
	at com.kms.katalon.core.main.ScriptEngine.runScriptAsRawText(ScriptEngine.java:119)
	at com.kms.katalon.core.main.TestCaseExecutor.runScript(TestCaseExecutor.java:442)
	at com.kms.katalon.core.main.TestCaseExecutor.doExecute(TestCaseExecutor.java:433)
	at com.kms.katalon.core.main.TestCaseExecutor.processExecutionPhase(TestCaseExecutor.java:412)
	at com.kms.katalon.core.main.TestCaseExecutor.accessMainPhase(TestCaseExecutor.java:404)
	at com.kms.katalon.core.main.TestCaseExecutor.execute(TestCaseExecutor.java:281)
	at com.kms.katalon.core.main.TestSuiteExecutor.accessTestCaseMainPhase(TestSuiteExecutor.java:202)
	at com.kms.katalon.core.main.TestSuiteExecutor.accessTestSuiteMainPhase(TestSuiteExecutor.java:164)
	at com.kms.katalon.core.main.TestSuiteExecutor.execute(TestSuiteExecutor.java:105)
	at com.kms.katalon.core.main.TestCaseMain.startTestSuite(TestCaseMain.java:185)
	at com.kms.katalon.core.main.TestCaseMain$startTestSuite$0.call(Unknown Source)
	at TempTestSuite1669628564646.run(TempTestSuite1669628564646.groovy:36)]]></system-err>
      </testcase>
      <testcase name="Test Cases/Engine_Scoring/Engine Scoring" time="6.673" classname="Test Cases/Engine_Scoring/Engine Scoring" status="FAILED">
         <failure type="FAILED" message="Test Cases/Engine_Scoring/Engine Scoring FAILED.
Reason:
com.kms.katalon.core.exception.StepFailedException: Expected element property value 'Reguler' is not equal with actual property value ''
	at com.kms.katalon.core.keyword.internal.KeywordMain.stepFailed(KeywordMain.groovy:50)
	at com.kms.katalon.core.webservice.keyword.builtin.VerifyElementPropertyValueKeyword$_verifyElementPropertyValue_closure1.doCall(VerifyElementPropertyValueKeyword.groovy:56)
	at com.kms.katalon.core.webservice.keyword.builtin.VerifyElementPropertyValueKeyword$_verifyElementPropertyValue_closure1.call(VerifyElementPropertyValueKeyword.groovy)
	at com.kms.katalon.core.keyword.internal.KeywordMain.runKeyword(KeywordMain.groovy:74)
	at com.kms.katalon.core.webservice.keyword.builtin.VerifyElementPropertyValueKeyword.verifyElementPropertyValue(VerifyElementPropertyValueKeyword.groovy:48)
	at com.kms.katalon.core.webservice.keyword.builtin.VerifyElementPropertyValueKeyword.execute(VerifyElementPropertyValueKeyword.groovy:43)
	at com.kms.katalon.core.keyword.internal.KeywordExecutor.executeKeywordForPlatform(KeywordExecutor.groovy:74)
	at com.kms.katalon.core.webservice.keyword.WSBuiltInKeywords.verifyElementPropertyValue(WSBuiltInKeywords.groovy:189)
	at com.kms.katalon.core.webservice.keyword.WSBuiltInKeywords$verifyElementPropertyValue$1.call(Unknown Source)
	at Engine Scoring.run(Engine Scoring:108)
	at com.kms.katalon.core.main.ScriptEngine.run(ScriptEngine.java:194)
	at com.kms.katalon.core.main.ScriptEngine.runScriptAsRawText(ScriptEngine.java:119)
	at com.kms.katalon.core.main.TestCaseExecutor.runScript(TestCaseExecutor.java:442)
	at com.kms.katalon.core.main.TestCaseExecutor.doExecute(TestCaseExecutor.java:433)
	at com.kms.katalon.core.main.TestCaseExecutor.processExecutionPhase(TestCaseExecutor.java:412)
	at com.kms.katalon.core.main.TestCaseExecutor.accessMainPhase(TestCaseExecutor.java:404)
	at com.kms.katalon.core.main.TestCaseExecutor.execute(TestCaseExecutor.java:281)
	at com.kms.katalon.core.main.TestSuiteExecutor.accessTestCaseMainPhase(TestSuiteExecutor.java:202)
	at com.kms.katalon.core.main.TestSuiteExecutor.accessTestSuiteMainPhase(TestSuiteExecutor.java:164)
	at com.kms.katalon.core.main.TestSuiteExecutor.execute(TestSuiteExecutor.java:105)
	at com.kms.katalon.core.main.TestCaseMain.startTestSuite(TestCaseMain.java:185)
	at com.kms.katalon.core.main.TestCaseMain$startTestSuite$0.call(Unknown Source)
	at TempTestSuite1669628564646.run(TempTestSuite1669628564646.groovy:36)
"/>
         <system-out><![CDATA[2022-11-28 16:47:28 - [TEST_CASE][FAILED] - Test Cases/Engine_Scoring/Engine Scoring: Test Cases/Engine_Scoring/Engine Scoring FAILED.
Reason:
com.kms.katalon.core.exception.StepFailedException: Expected element property value 'Reguler' is not equal with actual property value ''
	at com.kms.katalon.core.keyword.internal.KeywordMain.stepFailed(KeywordMain.groovy:50)
	at com.kms.katalon.core.webservice.keyword.builtin.VerifyElementPropertyValueKeyword$_verifyElementPropertyValue_closure1.doCall(VerifyElementPropertyValueKeyword.groovy:56)
	at com.kms.katalon.core.webservice.keyword.builtin.VerifyElementPropertyValueKeyword$_verifyElementPropertyValue_closure1.call(VerifyElementPropertyValueKeyword.groovy)
	at com.kms.katalon.core.keyword.internal.KeywordMain.runKeyword(KeywordMain.groovy:74)
	at com.kms.katalon.core.webservice.keyword.builtin.VerifyElementPropertyValueKeyword.verifyElementPropertyValue(VerifyElementPropertyValueKeyword.groovy:48)
	at com.kms.katalon.core.webservice.keyword.builtin.VerifyElementPropertyValueKeyword.execute(VerifyElementPropertyValueKeyword.groovy:43)
	at com.kms.katalon.core.keyword.internal.KeywordExecutor.executeKeywordForPlatform(KeywordExecutor.groovy:74)
	at com.kms.katalon.core.webservice.keyword.WSBuiltInKeywords.verifyElementPropertyValue(WSBuiltInKeywords.groovy:189)
	at com.kms.katalon.core.webservice.keyword.WSBuiltInKeywords$verifyElementPropertyValue$1.call(Unknown Source)
	at Engine Scoring.run(Engine Scoring:108)
	at com.kms.katalon.core.main.ScriptEngine.run(ScriptEngine.java:194)
	at com.kms.katalon.core.main.ScriptEngine.runScriptAsRawText(ScriptEngine.java:119)
	at com.kms.katalon.core.main.TestCaseExecutor.runScript(TestCaseExecutor.java:442)
	at com.kms.katalon.core.main.TestCaseExecutor.doExecute(TestCaseExecutor.java:433)
	at com.kms.katalon.core.main.TestCaseExecutor.processExecutionPhase(TestCaseExecutor.java:412)
	at com.kms.katalon.core.main.TestCaseExecutor.accessMainPhase(TestCaseExecutor.java:404)
	at com.kms.katalon.core.main.TestCaseExecutor.execute(TestCaseExecutor.java:281)
	at com.kms.katalon.core.main.TestSuiteExecutor.accessTestCaseMainPhase(TestSuiteExecutor.java:202)
	at com.kms.katalon.core.main.TestSuiteExecutor.accessTestSuiteMainPhase(TestSuiteExecutor.java:164)
	at com.kms.katalon.core.main.TestSuiteExecutor.execute(TestSuiteExecutor.java:105)
	at com.kms.katalon.core.main.TestCaseMain.startTestSuite(TestCaseMain.java:185)
	at com.kms.katalon.core.main.TestCaseMain$startTestSuite$0.call(Unknown Source)
	at TempTestSuite1669628564646.run(TempTestSuite1669628564646.groovy:36)


2022-11-28 16:47:29 - [TEST_STEP][PASSED] - markPassed("Variasi data ke : " + no): Variasi data ke : 40

2022-11-28 16:47:29 - [MESSAGE][PASSED] - Variasi data ke : 40

2022-11-28 16:47:29 - [TEST_STEP][PASSED] - req_data = sendRequest(findTestObject("Search_ME", ["MID":MID, "source":source, "ip":ip, "userid":userid, "branch":branch, "tipekons":tipekons, "marital":marital, "penjamin":penjamin, ... ])): Send request successfully

2022-11-28 16:47:29 - [MESSAGE][INFO] - HAR: D:\DMS\Engine Scoring\Reports\20221128_164243\Exclude KKB - DS - Married\Scoring Married - DS\20221128_164244\requests\main\78.har

2022-11-28 16:47:29 - [MESSAGE][PASSED] - Send request successfully

2022-11-28 16:47:29 - [TEST_STEP][PASSED] - slurper = new groovy.json.JsonSlurper(): null

2022-11-28 16:47:29 - [TEST_STEP][PASSED] - result = slurper.parseText(req_data.getResponseBodyContent()): null

2022-11-28 16:47:29 - [TEST_STEP][PASSED] - reqid_kons = requestid1: null

2022-11-28 16:47:29 - [TEST_STEP][PASSED] - reqid_spouse = requestid2: null

2022-11-28 16:47:29 - [TEST_STEP][PASSED] - println("requestid kons : " + reqid_kons): null

2022-11-28 16:47:29 - [TEST_STEP][PASSED] - response_searchME_kons = reqid_kons: null

2022-11-28 16:47:29 - [TEST_STEP][PASSED] - response_searchME_spouse = reqid_spouse: null

2022-11-28 16:47:29 - [TEST_STEP][PASSED] - println("kons req id is :" + response_searchME_kons): null

2022-11-28 16:47:29 - [TEST_STEP][PASSED] - println("spouse req id is : " + response_searchME_spouse): null

2022-11-28 16:47:29 - [TEST_STEP][PASSED] - verifyResponseStatusCode(req_data, 200): Verify response status code successfully

2022-11-28 16:47:29 - [MESSAGE][PASSED] - Verify response status code successfully

2022-11-28 16:47:29 - [TEST_STEP][PASSED] - response = req_data.getResponseText(): null

2022-11-28 16:47:29 - [TEST_STEP][PASSED] - logInfo($response): {"status":"Done","data":{"requestid1":"256744","requestid2":"256745"}}

2022-11-28 16:47:29 - [MESSAGE][INFO] - {"status":"Done","data":{"requestid1":"256744","requestid2":"256745"}}

2022-11-28 16:47:29 - [TEST_STEP][PASSED] - delay(5): Delayed 5 second(s)

2022-11-28 16:47:34 - [MESSAGE][PASSED] - Delayed 5 second(s)

2022-11-28 16:47:34 - [TEST_STEP][PASSED] - scoring = sendRequest(findTestObject("EngineScore", ["response_searchME_kons":response_searchME_kons, "response_searchME_spouse":response_searchME_spouse])): Send request successfully

2022-11-28 16:47:35 - [MESSAGE][INFO] - HAR: D:\DMS\Engine Scoring\Reports\20221128_164243\Exclude KKB - DS - Married\Scoring Married - DS\20221128_164244\requests\main\79.har

2022-11-28 16:47:35 - [MESSAGE][PASSED] - Send request successfully

2022-11-28 16:47:35 - [TEST_STEP][PASSED] - verifyResponseStatusCode(scoring, 200): Verify response status code successfully

2022-11-28 16:47:35 - [MESSAGE][PASSED] - Verify response status code successfully

2022-11-28 16:47:35 - [TEST_STEP][PASSED] - response2 = scoring.getResponseText(): null

2022-11-28 16:47:35 - [TEST_STEP][PASSED] - markPassed("result service data ke : " + no): result service data ke : 40

2022-11-28 16:47:35 - [MESSAGE][PASSED] - result service data ke : 40

2022-11-28 16:47:35 - [TEST_STEP][PASSED] - logInfo($response2): {"result_konsumen":"","result_pasangan":"","Final_result":"","errorMessage":"","status":"InProgress"}

2022-11-28 16:47:35 - [MESSAGE][INFO] - {"result_konsumen":"","result_pasangan":"","Final_result":"","errorMessage":"","status":"InProgress"}

2022-11-28 16:47:35 - [TEST_STEP][FAILED] - verifyElementPropertyValue(scoring, "Final_result", final_result): Unable to verify element property value (Root cause: com.kms.katalon.core.exception.StepFailedException: Expected element property value 'Reguler' is not equal with actual property value ''
	at com.kms.katalon.core.keyword.internal.KeywordMain.stepFailed(KeywordMain.groovy:50)
	at com.kms.katalon.core.webservice.keyword.builtin.VerifyElementPropertyValueKeyword$_verifyElementPropertyValue_closure1.doCall(VerifyElementPropertyValueKeyword.groovy:56)
	at com.kms.katalon.core.webservice.keyword.builtin.VerifyElementPropertyValueKeyword$_verifyElementPropertyValue_closure1.call(VerifyElementPropertyValueKeyword.groovy)
	at com.kms.katalon.core.keyword.internal.KeywordMain.runKeyword(KeywordMain.groovy:74)
	at com.kms.katalon.core.webservice.keyword.builtin.VerifyElementPropertyValueKeyword.verifyElementPropertyValue(VerifyElementPropertyValueKeyword.groovy:48)
	at com.kms.katalon.core.webservice.keyword.builtin.VerifyElementPropertyValueKeyword.execute(VerifyElementPropertyValueKeyword.groovy:43)
	at com.kms.katalon.core.keyword.internal.KeywordExecutor.executeKeywordForPlatform(KeywordExecutor.groovy:74)
	at com.kms.katalon.core.webservice.keyword.WSBuiltInKeywords.verifyElementPropertyValue(WSBuiltInKeywords.groovy:189)
	at com.kms.katalon.core.webservice.keyword.WSBuiltInKeywords$verifyElementPropertyValue$1.call(Unknown Source)
	at Engine Scoring.run(Engine Scoring:108)
	at com.kms.katalon.core.main.ScriptEngine.run(ScriptEngine.java:194)
	at com.kms.katalon.core.main.ScriptEngine.runScriptAsRawText(ScriptEngine.java:119)
	at com.kms.katalon.core.main.TestCaseExecutor.runScript(TestCaseExecutor.java:442)
	at com.kms.katalon.core.main.TestCaseExecutor.doExecute(TestCaseExecutor.java:433)
	at com.kms.katalon.core.main.TestCaseExecutor.processExecutionPhase(TestCaseExecutor.java:412)
	at com.kms.katalon.core.main.TestCaseExecutor.accessMainPhase(TestCaseExecutor.java:404)
	at com.kms.katalon.core.main.TestCaseExecutor.execute(TestCaseExecutor.java:281)
	at com.kms.katalon.core.main.TestSuiteExecutor.accessTestCaseMainPhase(TestSuiteExecutor.java:202)
	at com.kms.katalon.core.main.TestSuiteExecutor.accessTestSuiteMainPhase(TestSuiteExecutor.java:164)
	at com.kms.katalon.core.main.TestSuiteExecutor.execute(TestSuiteExecutor.java:105)
	at com.kms.katalon.core.main.TestCaseMain.startTestSuite(TestCaseMain.java:185)
	at com.kms.katalon.core.main.TestCaseMain$startTestSuite$0.call(Unknown Source)
	at TempTestSuite1669628564646.run(TempTestSuite1669628564646.groovy:36)
)

2022-11-28 16:47:35 - [MESSAGE][FAILED] - Expected element property value 'Reguler' is not equal with actual property value ''

2022-11-28 16:47:35 - [MESSAGE][FAILED] - Unable to verify element property value (Root cause: com.kms.katalon.core.exception.StepFailedException: Expected element property value 'Reguler' is not equal with actual property value ''
	at com.kms.katalon.core.keyword.internal.KeywordMain.stepFailed(KeywordMain.groovy:50)
	at com.kms.katalon.core.webservice.keyword.builtin.VerifyElementPropertyValueKeyword$_verifyElementPropertyValue_closure1.doCall(VerifyElementPropertyValueKeyword.groovy:56)
	at com.kms.katalon.core.webservice.keyword.builtin.VerifyElementPropertyValueKeyword$_verifyElementPropertyValue_closure1.call(VerifyElementPropertyValueKeyword.groovy)
	at com.kms.katalon.core.keyword.internal.KeywordMain.runKeyword(KeywordMain.groovy:74)
	at com.kms.katalon.core.webservice.keyword.builtin.VerifyElementPropertyValueKeyword.verifyElementPropertyValue(VerifyElementPropertyValueKeyword.groovy:48)
	at com.kms.katalon.core.webservice.keyword.builtin.VerifyElementPropertyValueKeyword.execute(VerifyElementPropertyValueKeyword.groovy:43)
	at com.kms.katalon.core.keyword.internal.KeywordExecutor.executeKeywordForPlatform(KeywordExecutor.groovy:74)
	at com.kms.katalon.core.webservice.keyword.WSBuiltInKeywords.verifyElementPropertyValue(WSBuiltInKeywords.groovy:189)
	at com.kms.katalon.core.webservice.keyword.WSBuiltInKeywords$verifyElementPropertyValue$1.call(Unknown Source)
	at Engine Scoring.run(Engine Scoring:108)
	at com.kms.katalon.core.main.ScriptEngine.run(ScriptEngine.java:194)
	at com.kms.katalon.core.main.ScriptEngine.runScriptAsRawText(ScriptEngine.java:119)
	at com.kms.katalon.core.main.TestCaseExecutor.runScript(TestCaseExecutor.java:442)
	at com.kms.katalon.core.main.TestCaseExecutor.doExecute(TestCaseExecutor.java:433)
	at com.kms.katalon.core.main.TestCaseExecutor.processExecutionPhase(TestCaseExecutor.java:412)
	at com.kms.katalon.core.main.TestCaseExecutor.accessMainPhase(TestCaseExecutor.java:404)
	at com.kms.katalon.core.main.TestCaseExecutor.execute(TestCaseExecutor.java:281)
	at com.kms.katalon.core.main.TestSuiteExecutor.accessTestCaseMainPhase(TestSuiteExecutor.java:202)
	at com.kms.katalon.core.main.TestSuiteExecutor.accessTestSuiteMainPhase(TestSuiteExecutor.java:164)
	at com.kms.katalon.core.main.TestSuiteExecutor.execute(TestSuiteExecutor.java:105)
	at com.kms.katalon.core.main.TestCaseMain.startTestSuite(TestCaseMain.java:185)
	at com.kms.katalon.core.main.TestCaseMain$startTestSuite$0.call(Unknown Source)
	at TempTestSuite1669628564646.run(TempTestSuite1669628564646.groovy:36)
)]]></system-out>
         <system-err><![CDATA[2022-11-28 16:47:28 - [TEST_CASE][FAILED] - Test Cases/Engine_Scoring/Engine Scoring: Test Cases/Engine_Scoring/Engine Scoring FAILED.
Reason:
com.kms.katalon.core.exception.StepFailedException: Expected element property value 'Reguler' is not equal with actual property value ''
	at com.kms.katalon.core.keyword.internal.KeywordMain.stepFailed(KeywordMain.groovy:50)
	at com.kms.katalon.core.webservice.keyword.builtin.VerifyElementPropertyValueKeyword$_verifyElementPropertyValue_closure1.doCall(VerifyElementPropertyValueKeyword.groovy:56)
	at com.kms.katalon.core.webservice.keyword.builtin.VerifyElementPropertyValueKeyword$_verifyElementPropertyValue_closure1.call(VerifyElementPropertyValueKeyword.groovy)
	at com.kms.katalon.core.keyword.internal.KeywordMain.runKeyword(KeywordMain.groovy:74)
	at com.kms.katalon.core.webservice.keyword.builtin.VerifyElementPropertyValueKeyword.verifyElementPropertyValue(VerifyElementPropertyValueKeyword.groovy:48)
	at com.kms.katalon.core.webservice.keyword.builtin.VerifyElementPropertyValueKeyword.execute(VerifyElementPropertyValueKeyword.groovy:43)
	at com.kms.katalon.core.keyword.internal.KeywordExecutor.executeKeywordForPlatform(KeywordExecutor.groovy:74)
	at com.kms.katalon.core.webservice.keyword.WSBuiltInKeywords.verifyElementPropertyValue(WSBuiltInKeywords.groovy:189)
	at com.kms.katalon.core.webservice.keyword.WSBuiltInKeywords$verifyElementPropertyValue$1.call(Unknown Source)
	at Engine Scoring.run(Engine Scoring:108)
	at com.kms.katalon.core.main.ScriptEngine.run(ScriptEngine.java:194)
	at com.kms.katalon.core.main.ScriptEngine.runScriptAsRawText(ScriptEngine.java:119)
	at com.kms.katalon.core.main.TestCaseExecutor.runScript(TestCaseExecutor.java:442)
	at com.kms.katalon.core.main.TestCaseExecutor.doExecute(TestCaseExecutor.java:433)
	at com.kms.katalon.core.main.TestCaseExecutor.processExecutionPhase(TestCaseExecutor.java:412)
	at com.kms.katalon.core.main.TestCaseExecutor.accessMainPhase(TestCaseExecutor.java:404)
	at com.kms.katalon.core.main.TestCaseExecutor.execute(TestCaseExecutor.java:281)
	at com.kms.katalon.core.main.TestSuiteExecutor.accessTestCaseMainPhase(TestSuiteExecutor.java:202)
	at com.kms.katalon.core.main.TestSuiteExecutor.accessTestSuiteMainPhase(TestSuiteExecutor.java:164)
	at com.kms.katalon.core.main.TestSuiteExecutor.execute(TestSuiteExecutor.java:105)
	at com.kms.katalon.core.main.TestCaseMain.startTestSuite(TestCaseMain.java:185)
	at com.kms.katalon.core.main.TestCaseMain$startTestSuite$0.call(Unknown Source)
	at TempTestSuite1669628564646.run(TempTestSuite1669628564646.groovy:36)]]></system-err>
      </testcase>
      <testcase name="Test Cases/Engine_Scoring/Engine Scoring" time="6.551" classname="Test Cases/Engine_Scoring/Engine Scoring" status="FAILED">
         <failure type="FAILED" message="Test Cases/Engine_Scoring/Engine Scoring FAILED.
Reason:
com.kms.katalon.core.exception.StepFailedException: Expected element property value 'Reguler' is not equal with actual property value ''
	at com.kms.katalon.core.keyword.internal.KeywordMain.stepFailed(KeywordMain.groovy:50)
	at com.kms.katalon.core.webservice.keyword.builtin.VerifyElementPropertyValueKeyword$_verifyElementPropertyValue_closure1.doCall(VerifyElementPropertyValueKeyword.groovy:56)
	at com.kms.katalon.core.webservice.keyword.builtin.VerifyElementPropertyValueKeyword$_verifyElementPropertyValue_closure1.call(VerifyElementPropertyValueKeyword.groovy)
	at com.kms.katalon.core.keyword.internal.KeywordMain.runKeyword(KeywordMain.groovy:74)
	at com.kms.katalon.core.webservice.keyword.builtin.VerifyElementPropertyValueKeyword.verifyElementPropertyValue(VerifyElementPropertyValueKeyword.groovy:48)
	at com.kms.katalon.core.webservice.keyword.builtin.VerifyElementPropertyValueKeyword.execute(VerifyElementPropertyValueKeyword.groovy:43)
	at com.kms.katalon.core.keyword.internal.KeywordExecutor.executeKeywordForPlatform(KeywordExecutor.groovy:74)
	at com.kms.katalon.core.webservice.keyword.WSBuiltInKeywords.verifyElementPropertyValue(WSBuiltInKeywords.groovy:189)
	at com.kms.katalon.core.webservice.keyword.WSBuiltInKeywords$verifyElementPropertyValue$1.call(Unknown Source)
	at Engine Scoring.run(Engine Scoring:108)
	at com.kms.katalon.core.main.ScriptEngine.run(ScriptEngine.java:194)
	at com.kms.katalon.core.main.ScriptEngine.runScriptAsRawText(ScriptEngine.java:119)
	at com.kms.katalon.core.main.TestCaseExecutor.runScript(TestCaseExecutor.java:442)
	at com.kms.katalon.core.main.TestCaseExecutor.doExecute(TestCaseExecutor.java:433)
	at com.kms.katalon.core.main.TestCaseExecutor.processExecutionPhase(TestCaseExecutor.java:412)
	at com.kms.katalon.core.main.TestCaseExecutor.accessMainPhase(TestCaseExecutor.java:404)
	at com.kms.katalon.core.main.TestCaseExecutor.execute(TestCaseExecutor.java:281)
	at com.kms.katalon.core.main.TestSuiteExecutor.accessTestCaseMainPhase(TestSuiteExecutor.java:202)
	at com.kms.katalon.core.main.TestSuiteExecutor.accessTestSuiteMainPhase(TestSuiteExecutor.java:164)
	at com.kms.katalon.core.main.TestSuiteExecutor.execute(TestSuiteExecutor.java:105)
	at com.kms.katalon.core.main.TestCaseMain.startTestSuite(TestCaseMain.java:185)
	at com.kms.katalon.core.main.TestCaseMain$startTestSuite$0.call(Unknown Source)
	at TempTestSuite1669628564646.run(TempTestSuite1669628564646.groovy:36)
"/>
         <system-out><![CDATA[2022-11-28 16:47:35 - [TEST_CASE][FAILED] - Test Cases/Engine_Scoring/Engine Scoring: Test Cases/Engine_Scoring/Engine Scoring FAILED.
Reason:
com.kms.katalon.core.exception.StepFailedException: Expected element property value 'Reguler' is not equal with actual property value ''
	at com.kms.katalon.core.keyword.internal.KeywordMain.stepFailed(KeywordMain.groovy:50)
	at com.kms.katalon.core.webservice.keyword.builtin.VerifyElementPropertyValueKeyword$_verifyElementPropertyValue_closure1.doCall(VerifyElementPropertyValueKeyword.groovy:56)
	at com.kms.katalon.core.webservice.keyword.builtin.VerifyElementPropertyValueKeyword$_verifyElementPropertyValue_closure1.call(VerifyElementPropertyValueKeyword.groovy)
	at com.kms.katalon.core.keyword.internal.KeywordMain.runKeyword(KeywordMain.groovy:74)
	at com.kms.katalon.core.webservice.keyword.builtin.VerifyElementPropertyValueKeyword.verifyElementPropertyValue(VerifyElementPropertyValueKeyword.groovy:48)
	at com.kms.katalon.core.webservice.keyword.builtin.VerifyElementPropertyValueKeyword.execute(VerifyElementPropertyValueKeyword.groovy:43)
	at com.kms.katalon.core.keyword.internal.KeywordExecutor.executeKeywordForPlatform(KeywordExecutor.groovy:74)
	at com.kms.katalon.core.webservice.keyword.WSBuiltInKeywords.verifyElementPropertyValue(WSBuiltInKeywords.groovy:189)
	at com.kms.katalon.core.webservice.keyword.WSBuiltInKeywords$verifyElementPropertyValue$1.call(Unknown Source)
	at Engine Scoring.run(Engine Scoring:108)
	at com.kms.katalon.core.main.ScriptEngine.run(ScriptEngine.java:194)
	at com.kms.katalon.core.main.ScriptEngine.runScriptAsRawText(ScriptEngine.java:119)
	at com.kms.katalon.core.main.TestCaseExecutor.runScript(TestCaseExecutor.java:442)
	at com.kms.katalon.core.main.TestCaseExecutor.doExecute(TestCaseExecutor.java:433)
	at com.kms.katalon.core.main.TestCaseExecutor.processExecutionPhase(TestCaseExecutor.java:412)
	at com.kms.katalon.core.main.TestCaseExecutor.accessMainPhase(TestCaseExecutor.java:404)
	at com.kms.katalon.core.main.TestCaseExecutor.execute(TestCaseExecutor.java:281)
	at com.kms.katalon.core.main.TestSuiteExecutor.accessTestCaseMainPhase(TestSuiteExecutor.java:202)
	at com.kms.katalon.core.main.TestSuiteExecutor.accessTestSuiteMainPhase(TestSuiteExecutor.java:164)
	at com.kms.katalon.core.main.TestSuiteExecutor.execute(TestSuiteExecutor.java:105)
	at com.kms.katalon.core.main.TestCaseMain.startTestSuite(TestCaseMain.java:185)
	at com.kms.katalon.core.main.TestCaseMain$startTestSuite$0.call(Unknown Source)
	at TempTestSuite1669628564646.run(TempTestSuite1669628564646.groovy:36)


2022-11-28 16:47:35 - [TEST_STEP][PASSED] - markPassed("Variasi data ke : " + no): Variasi data ke : 41

2022-11-28 16:47:35 - [MESSAGE][PASSED] - Variasi data ke : 41

2022-11-28 16:47:35 - [TEST_STEP][PASSED] - req_data = sendRequest(findTestObject("Search_ME", ["MID":MID, "source":source, "ip":ip, "userid":userid, "branch":branch, "tipekons":tipekons, "marital":marital, "penjamin":penjamin, ... ])): Send request successfully

2022-11-28 16:47:36 - [MESSAGE][INFO] - HAR: D:\DMS\Engine Scoring\Reports\20221128_164243\Exclude KKB - DS - Married\Scoring Married - DS\20221128_164244\requests\main\80.har

2022-11-28 16:47:36 - [MESSAGE][PASSED] - Send request successfully

2022-11-28 16:47:36 - [TEST_STEP][PASSED] - slurper = new groovy.json.JsonSlurper(): null

2022-11-28 16:47:36 - [TEST_STEP][PASSED] - result = slurper.parseText(req_data.getResponseBodyContent()): null

2022-11-28 16:47:36 - [TEST_STEP][PASSED] - reqid_kons = requestid1: null

2022-11-28 16:47:36 - [TEST_STEP][PASSED] - reqid_spouse = requestid2: null

2022-11-28 16:47:36 - [TEST_STEP][PASSED] - println("requestid kons : " + reqid_kons): null

2022-11-28 16:47:36 - [TEST_STEP][PASSED] - response_searchME_kons = reqid_kons: null

2022-11-28 16:47:36 - [TEST_STEP][PASSED] - response_searchME_spouse = reqid_spouse: null

2022-11-28 16:47:36 - [TEST_STEP][PASSED] - println("kons req id is :" + response_searchME_kons): null

2022-11-28 16:47:36 - [TEST_STEP][PASSED] - println("spouse req id is : " + response_searchME_spouse): null

2022-11-28 16:47:36 - [TEST_STEP][PASSED] - verifyResponseStatusCode(req_data, 200): Verify response status code successfully

2022-11-28 16:47:36 - [MESSAGE][PASSED] - Verify response status code successfully

2022-11-28 16:47:36 - [TEST_STEP][PASSED] - response = req_data.getResponseText(): null

2022-11-28 16:47:36 - [TEST_STEP][PASSED] - logInfo($response): {"status":"Done","data":{"requestid1":"256746","requestid2":"256747"}}

2022-11-28 16:47:36 - [MESSAGE][INFO] - {"status":"Done","data":{"requestid1":"256746","requestid2":"256747"}}

2022-11-28 16:47:36 - [TEST_STEP][PASSED] - delay(5): Delayed 5 second(s)

2022-11-28 16:47:41 - [MESSAGE][PASSED] - Delayed 5 second(s)

2022-11-28 16:47:41 - [TEST_STEP][PASSED] - scoring = sendRequest(findTestObject("EngineScore", ["response_searchME_kons":response_searchME_kons, "response_searchME_spouse":response_searchME_spouse])): Send request successfully

2022-11-28 16:47:41 - [MESSAGE][INFO] - HAR: D:\DMS\Engine Scoring\Reports\20221128_164243\Exclude KKB - DS - Married\Scoring Married - DS\20221128_164244\requests\main\81.har

2022-11-28 16:47:41 - [MESSAGE][PASSED] - Send request successfully

2022-11-28 16:47:41 - [TEST_STEP][PASSED] - verifyResponseStatusCode(scoring, 200): Verify response status code successfully

2022-11-28 16:47:41 - [MESSAGE][PASSED] - Verify response status code successfully

2022-11-28 16:47:41 - [TEST_STEP][PASSED] - response2 = scoring.getResponseText(): null

2022-11-28 16:47:41 - [TEST_STEP][PASSED] - markPassed("result service data ke : " + no): result service data ke : 41

2022-11-28 16:47:41 - [MESSAGE][PASSED] - result service data ke : 41

2022-11-28 16:47:41 - [TEST_STEP][PASSED] - logInfo($response2): {"result_konsumen":"","result_pasangan":"","Final_result":"","errorMessage":"","status":"InProgress"}

2022-11-28 16:47:41 - [MESSAGE][INFO] - {"result_konsumen":"","result_pasangan":"","Final_result":"","errorMessage":"","status":"InProgress"}

2022-11-28 16:47:41 - [TEST_STEP][FAILED] - verifyElementPropertyValue(scoring, "Final_result", final_result): Unable to verify element property value (Root cause: com.kms.katalon.core.exception.StepFailedException: Expected element property value 'Reguler' is not equal with actual property value ''
	at com.kms.katalon.core.keyword.internal.KeywordMain.stepFailed(KeywordMain.groovy:50)
	at com.kms.katalon.core.webservice.keyword.builtin.VerifyElementPropertyValueKeyword$_verifyElementPropertyValue_closure1.doCall(VerifyElementPropertyValueKeyword.groovy:56)
	at com.kms.katalon.core.webservice.keyword.builtin.VerifyElementPropertyValueKeyword$_verifyElementPropertyValue_closure1.call(VerifyElementPropertyValueKeyword.groovy)
	at com.kms.katalon.core.keyword.internal.KeywordMain.runKeyword(KeywordMain.groovy:74)
	at com.kms.katalon.core.webservice.keyword.builtin.VerifyElementPropertyValueKeyword.verifyElementPropertyValue(VerifyElementPropertyValueKeyword.groovy:48)
	at com.kms.katalon.core.webservice.keyword.builtin.VerifyElementPropertyValueKeyword.execute(VerifyElementPropertyValueKeyword.groovy:43)
	at com.kms.katalon.core.keyword.internal.KeywordExecutor.executeKeywordForPlatform(KeywordExecutor.groovy:74)
	at com.kms.katalon.core.webservice.keyword.WSBuiltInKeywords.verifyElementPropertyValue(WSBuiltInKeywords.groovy:189)
	at com.kms.katalon.core.webservice.keyword.WSBuiltInKeywords$verifyElementPropertyValue$1.call(Unknown Source)
	at Engine Scoring.run(Engine Scoring:108)
	at com.kms.katalon.core.main.ScriptEngine.run(ScriptEngine.java:194)
	at com.kms.katalon.core.main.ScriptEngine.runScriptAsRawText(ScriptEngine.java:119)
	at com.kms.katalon.core.main.TestCaseExecutor.runScript(TestCaseExecutor.java:442)
	at com.kms.katalon.core.main.TestCaseExecutor.doExecute(TestCaseExecutor.java:433)
	at com.kms.katalon.core.main.TestCaseExecutor.processExecutionPhase(TestCaseExecutor.java:412)
	at com.kms.katalon.core.main.TestCaseExecutor.accessMainPhase(TestCaseExecutor.java:404)
	at com.kms.katalon.core.main.TestCaseExecutor.execute(TestCaseExecutor.java:281)
	at com.kms.katalon.core.main.TestSuiteExecutor.accessTestCaseMainPhase(TestSuiteExecutor.java:202)
	at com.kms.katalon.core.main.TestSuiteExecutor.accessTestSuiteMainPhase(TestSuiteExecutor.java:164)
	at com.kms.katalon.core.main.TestSuiteExecutor.execute(TestSuiteExecutor.java:105)
	at com.kms.katalon.core.main.TestCaseMain.startTestSuite(TestCaseMain.java:185)
	at com.kms.katalon.core.main.TestCaseMain$startTestSuite$0.call(Unknown Source)
	at TempTestSuite1669628564646.run(TempTestSuite1669628564646.groovy:36)
)

2022-11-28 16:47:41 - [MESSAGE][FAILED] - Expected element property value 'Reguler' is not equal with actual property value ''

2022-11-28 16:47:41 - [MESSAGE][FAILED] - Unable to verify element property value (Root cause: com.kms.katalon.core.exception.StepFailedException: Expected element property value 'Reguler' is not equal with actual property value ''
	at com.kms.katalon.core.keyword.internal.KeywordMain.stepFailed(KeywordMain.groovy:50)
	at com.kms.katalon.core.webservice.keyword.builtin.VerifyElementPropertyValueKeyword$_verifyElementPropertyValue_closure1.doCall(VerifyElementPropertyValueKeyword.groovy:56)
	at com.kms.katalon.core.webservice.keyword.builtin.VerifyElementPropertyValueKeyword$_verifyElementPropertyValue_closure1.call(VerifyElementPropertyValueKeyword.groovy)
	at com.kms.katalon.core.keyword.internal.KeywordMain.runKeyword(KeywordMain.groovy:74)
	at com.kms.katalon.core.webservice.keyword.builtin.VerifyElementPropertyValueKeyword.verifyElementPropertyValue(VerifyElementPropertyValueKeyword.groovy:48)
	at com.kms.katalon.core.webservice.keyword.builtin.VerifyElementPropertyValueKeyword.execute(VerifyElementPropertyValueKeyword.groovy:43)
	at com.kms.katalon.core.keyword.internal.KeywordExecutor.executeKeywordForPlatform(KeywordExecutor.groovy:74)
	at com.kms.katalon.core.webservice.keyword.WSBuiltInKeywords.verifyElementPropertyValue(WSBuiltInKeywords.groovy:189)
	at com.kms.katalon.core.webservice.keyword.WSBuiltInKeywords$verifyElementPropertyValue$1.call(Unknown Source)
	at Engine Scoring.run(Engine Scoring:108)
	at com.kms.katalon.core.main.ScriptEngine.run(ScriptEngine.java:194)
	at com.kms.katalon.core.main.ScriptEngine.runScriptAsRawText(ScriptEngine.java:119)
	at com.kms.katalon.core.main.TestCaseExecutor.runScript(TestCaseExecutor.java:442)
	at com.kms.katalon.core.main.TestCaseExecutor.doExecute(TestCaseExecutor.java:433)
	at com.kms.katalon.core.main.TestCaseExecutor.processExecutionPhase(TestCaseExecutor.java:412)
	at com.kms.katalon.core.main.TestCaseExecutor.accessMainPhase(TestCaseExecutor.java:404)
	at com.kms.katalon.core.main.TestCaseExecutor.execute(TestCaseExecutor.java:281)
	at com.kms.katalon.core.main.TestSuiteExecutor.accessTestCaseMainPhase(TestSuiteExecutor.java:202)
	at com.kms.katalon.core.main.TestSuiteExecutor.accessTestSuiteMainPhase(TestSuiteExecutor.java:164)
	at com.kms.katalon.core.main.TestSuiteExecutor.execute(TestSuiteExecutor.java:105)
	at com.kms.katalon.core.main.TestCaseMain.startTestSuite(TestCaseMain.java:185)
	at com.kms.katalon.core.main.TestCaseMain$startTestSuite$0.call(Unknown Source)
	at TempTestSuite1669628564646.run(TempTestSuite1669628564646.groovy:36)
)]]></system-out>
         <system-err><![CDATA[2022-11-28 16:47:35 - [TEST_CASE][FAILED] - Test Cases/Engine_Scoring/Engine Scoring: Test Cases/Engine_Scoring/Engine Scoring FAILED.
Reason:
com.kms.katalon.core.exception.StepFailedException: Expected element property value 'Reguler' is not equal with actual property value ''
	at com.kms.katalon.core.keyword.internal.KeywordMain.stepFailed(KeywordMain.groovy:50)
	at com.kms.katalon.core.webservice.keyword.builtin.VerifyElementPropertyValueKeyword$_verifyElementPropertyValue_closure1.doCall(VerifyElementPropertyValueKeyword.groovy:56)
	at com.kms.katalon.core.webservice.keyword.builtin.VerifyElementPropertyValueKeyword$_verifyElementPropertyValue_closure1.call(VerifyElementPropertyValueKeyword.groovy)
	at com.kms.katalon.core.keyword.internal.KeywordMain.runKeyword(KeywordMain.groovy:74)
	at com.kms.katalon.core.webservice.keyword.builtin.VerifyElementPropertyValueKeyword.verifyElementPropertyValue(VerifyElementPropertyValueKeyword.groovy:48)
	at com.kms.katalon.core.webservice.keyword.builtin.VerifyElementPropertyValueKeyword.execute(VerifyElementPropertyValueKeyword.groovy:43)
	at com.kms.katalon.core.keyword.internal.KeywordExecutor.executeKeywordForPlatform(KeywordExecutor.groovy:74)
	at com.kms.katalon.core.webservice.keyword.WSBuiltInKeywords.verifyElementPropertyValue(WSBuiltInKeywords.groovy:189)
	at com.kms.katalon.core.webservice.keyword.WSBuiltInKeywords$verifyElementPropertyValue$1.call(Unknown Source)
	at Engine Scoring.run(Engine Scoring:108)
	at com.kms.katalon.core.main.ScriptEngine.run(ScriptEngine.java:194)
	at com.kms.katalon.core.main.ScriptEngine.runScriptAsRawText(ScriptEngine.java:119)
	at com.kms.katalon.core.main.TestCaseExecutor.runScript(TestCaseExecutor.java:442)
	at com.kms.katalon.core.main.TestCaseExecutor.doExecute(TestCaseExecutor.java:433)
	at com.kms.katalon.core.main.TestCaseExecutor.processExecutionPhase(TestCaseExecutor.java:412)
	at com.kms.katalon.core.main.TestCaseExecutor.accessMainPhase(TestCaseExecutor.java:404)
	at com.kms.katalon.core.main.TestCaseExecutor.execute(TestCaseExecutor.java:281)
	at com.kms.katalon.core.main.TestSuiteExecutor.accessTestCaseMainPhase(TestSuiteExecutor.java:202)
	at com.kms.katalon.core.main.TestSuiteExecutor.accessTestSuiteMainPhase(TestSuiteExecutor.java:164)
	at com.kms.katalon.core.main.TestSuiteExecutor.execute(TestSuiteExecutor.java:105)
	at com.kms.katalon.core.main.TestCaseMain.startTestSuite(TestCaseMain.java:185)
	at com.kms.katalon.core.main.TestCaseMain$startTestSuite$0.call(Unknown Source)
	at TempTestSuite1669628564646.run(TempTestSuite1669628564646.groovy:36)]]></system-err>
      </testcase>
      <testcase name="Test Cases/Engine_Scoring/Engine Scoring" time="6.875" classname="Test Cases/Engine_Scoring/Engine Scoring" status="FAILED">
         <failure type="FAILED" message="Test Cases/Engine_Scoring/Engine Scoring FAILED.
Reason:
com.kms.katalon.core.exception.StepFailedException: Expected element property value 'Reguler' is not equal with actual property value ''
	at com.kms.katalon.core.keyword.internal.KeywordMain.stepFailed(KeywordMain.groovy:50)
	at com.kms.katalon.core.webservice.keyword.builtin.VerifyElementPropertyValueKeyword$_verifyElementPropertyValue_closure1.doCall(VerifyElementPropertyValueKeyword.groovy:56)
	at com.kms.katalon.core.webservice.keyword.builtin.VerifyElementPropertyValueKeyword$_verifyElementPropertyValue_closure1.call(VerifyElementPropertyValueKeyword.groovy)
	at com.kms.katalon.core.keyword.internal.KeywordMain.runKeyword(KeywordMain.groovy:74)
	at com.kms.katalon.core.webservice.keyword.builtin.VerifyElementPropertyValueKeyword.verifyElementPropertyValue(VerifyElementPropertyValueKeyword.groovy:48)
	at com.kms.katalon.core.webservice.keyword.builtin.VerifyElementPropertyValueKeyword.execute(VerifyElementPropertyValueKeyword.groovy:43)
	at com.kms.katalon.core.keyword.internal.KeywordExecutor.executeKeywordForPlatform(KeywordExecutor.groovy:74)
	at com.kms.katalon.core.webservice.keyword.WSBuiltInKeywords.verifyElementPropertyValue(WSBuiltInKeywords.groovy:189)
	at com.kms.katalon.core.webservice.keyword.WSBuiltInKeywords$verifyElementPropertyValue$1.call(Unknown Source)
	at Engine Scoring.run(Engine Scoring:108)
	at com.kms.katalon.core.main.ScriptEngine.run(ScriptEngine.java:194)
	at com.kms.katalon.core.main.ScriptEngine.runScriptAsRawText(ScriptEngine.java:119)
	at com.kms.katalon.core.main.TestCaseExecutor.runScript(TestCaseExecutor.java:442)
	at com.kms.katalon.core.main.TestCaseExecutor.doExecute(TestCaseExecutor.java:433)
	at com.kms.katalon.core.main.TestCaseExecutor.processExecutionPhase(TestCaseExecutor.java:412)
	at com.kms.katalon.core.main.TestCaseExecutor.accessMainPhase(TestCaseExecutor.java:404)
	at com.kms.katalon.core.main.TestCaseExecutor.execute(TestCaseExecutor.java:281)
	at com.kms.katalon.core.main.TestSuiteExecutor.accessTestCaseMainPhase(TestSuiteExecutor.java:202)
	at com.kms.katalon.core.main.TestSuiteExecutor.accessTestSuiteMainPhase(TestSuiteExecutor.java:164)
	at com.kms.katalon.core.main.TestSuiteExecutor.execute(TestSuiteExecutor.java:105)
	at com.kms.katalon.core.main.TestCaseMain.startTestSuite(TestCaseMain.java:185)
	at com.kms.katalon.core.main.TestCaseMain$startTestSuite$0.call(Unknown Source)
	at TempTestSuite1669628564646.run(TempTestSuite1669628564646.groovy:36)
"/>
         <system-out><![CDATA[2022-11-28 16:47:41 - [TEST_CASE][FAILED] - Test Cases/Engine_Scoring/Engine Scoring: Test Cases/Engine_Scoring/Engine Scoring FAILED.
Reason:
com.kms.katalon.core.exception.StepFailedException: Expected element property value 'Reguler' is not equal with actual property value ''
	at com.kms.katalon.core.keyword.internal.KeywordMain.stepFailed(KeywordMain.groovy:50)
	at com.kms.katalon.core.webservice.keyword.builtin.VerifyElementPropertyValueKeyword$_verifyElementPropertyValue_closure1.doCall(VerifyElementPropertyValueKeyword.groovy:56)
	at com.kms.katalon.core.webservice.keyword.builtin.VerifyElementPropertyValueKeyword$_verifyElementPropertyValue_closure1.call(VerifyElementPropertyValueKeyword.groovy)
	at com.kms.katalon.core.keyword.internal.KeywordMain.runKeyword(KeywordMain.groovy:74)
	at com.kms.katalon.core.webservice.keyword.builtin.VerifyElementPropertyValueKeyword.verifyElementPropertyValue(VerifyElementPropertyValueKeyword.groovy:48)
	at com.kms.katalon.core.webservice.keyword.builtin.VerifyElementPropertyValueKeyword.execute(VerifyElementPropertyValueKeyword.groovy:43)
	at com.kms.katalon.core.keyword.internal.KeywordExecutor.executeKeywordForPlatform(KeywordExecutor.groovy:74)
	at com.kms.katalon.core.webservice.keyword.WSBuiltInKeywords.verifyElementPropertyValue(WSBuiltInKeywords.groovy:189)
	at com.kms.katalon.core.webservice.keyword.WSBuiltInKeywords$verifyElementPropertyValue$1.call(Unknown Source)
	at Engine Scoring.run(Engine Scoring:108)
	at com.kms.katalon.core.main.ScriptEngine.run(ScriptEngine.java:194)
	at com.kms.katalon.core.main.ScriptEngine.runScriptAsRawText(ScriptEngine.java:119)
	at com.kms.katalon.core.main.TestCaseExecutor.runScript(TestCaseExecutor.java:442)
	at com.kms.katalon.core.main.TestCaseExecutor.doExecute(TestCaseExecutor.java:433)
	at com.kms.katalon.core.main.TestCaseExecutor.processExecutionPhase(TestCaseExecutor.java:412)
	at com.kms.katalon.core.main.TestCaseExecutor.accessMainPhase(TestCaseExecutor.java:404)
	at com.kms.katalon.core.main.TestCaseExecutor.execute(TestCaseExecutor.java:281)
	at com.kms.katalon.core.main.TestSuiteExecutor.accessTestCaseMainPhase(TestSuiteExecutor.java:202)
	at com.kms.katalon.core.main.TestSuiteExecutor.accessTestSuiteMainPhase(TestSuiteExecutor.java:164)
	at com.kms.katalon.core.main.TestSuiteExecutor.execute(TestSuiteExecutor.java:105)
	at com.kms.katalon.core.main.TestCaseMain.startTestSuite(TestCaseMain.java:185)
	at com.kms.katalon.core.main.TestCaseMain$startTestSuite$0.call(Unknown Source)
	at TempTestSuite1669628564646.run(TempTestSuite1669628564646.groovy:36)


2022-11-28 16:47:42 - [TEST_STEP][PASSED] - markPassed("Variasi data ke : " + no): Variasi data ke : 42

2022-11-28 16:47:42 - [MESSAGE][PASSED] - Variasi data ke : 42

2022-11-28 16:47:42 - [TEST_STEP][PASSED] - req_data = sendRequest(findTestObject("Search_ME", ["MID":MID, "source":source, "ip":ip, "userid":userid, "branch":branch, "tipekons":tipekons, "marital":marital, "penjamin":penjamin, ... ])): Send request successfully

2022-11-28 16:47:43 - [MESSAGE][INFO] - HAR: D:\DMS\Engine Scoring\Reports\20221128_164243\Exclude KKB - DS - Married\Scoring Married - DS\20221128_164244\requests\main\82.har

2022-11-28 16:47:43 - [MESSAGE][PASSED] - Send request successfully

2022-11-28 16:47:43 - [TEST_STEP][PASSED] - slurper = new groovy.json.JsonSlurper(): null

2022-11-28 16:47:43 - [TEST_STEP][PASSED] - result = slurper.parseText(req_data.getResponseBodyContent()): null

2022-11-28 16:47:43 - [TEST_STEP][PASSED] - reqid_kons = requestid1: null

2022-11-28 16:47:43 - [TEST_STEP][PASSED] - reqid_spouse = requestid2: null

2022-11-28 16:47:43 - [TEST_STEP][PASSED] - println("requestid kons : " + reqid_kons): null

2022-11-28 16:47:43 - [TEST_STEP][PASSED] - response_searchME_kons = reqid_kons: null

2022-11-28 16:47:43 - [TEST_STEP][PASSED] - response_searchME_spouse = reqid_spouse: null

2022-11-28 16:47:43 - [TEST_STEP][PASSED] - println("kons req id is :" + response_searchME_kons): null

2022-11-28 16:47:43 - [TEST_STEP][PASSED] - println("spouse req id is : " + response_searchME_spouse): null

2022-11-28 16:47:43 - [TEST_STEP][PASSED] - verifyResponseStatusCode(req_data, 200): Verify response status code successfully

2022-11-28 16:47:43 - [MESSAGE][PASSED] - Verify response status code successfully

2022-11-28 16:47:43 - [TEST_STEP][PASSED] - response = req_data.getResponseText(): null

2022-11-28 16:47:43 - [TEST_STEP][PASSED] - logInfo($response): {"status":"Done","data":{"requestid1":"256748","requestid2":"256749"}}

2022-11-28 16:47:43 - [MESSAGE][INFO] - {"status":"Done","data":{"requestid1":"256748","requestid2":"256749"}}

2022-11-28 16:47:43 - [TEST_STEP][PASSED] - delay(5): Delayed 5 second(s)

2022-11-28 16:47:48 - [MESSAGE][PASSED] - Delayed 5 second(s)

2022-11-28 16:47:48 - [TEST_STEP][PASSED] - scoring = sendRequest(findTestObject("EngineScore", ["response_searchME_kons":response_searchME_kons, "response_searchME_spouse":response_searchME_spouse])): Send request successfully

2022-11-28 16:47:48 - [MESSAGE][INFO] - HAR: D:\DMS\Engine Scoring\Reports\20221128_164243\Exclude KKB - DS - Married\Scoring Married - DS\20221128_164244\requests\main\83.har

2022-11-28 16:47:48 - [MESSAGE][PASSED] - Send request successfully

2022-11-28 16:47:48 - [TEST_STEP][PASSED] - verifyResponseStatusCode(scoring, 200): Verify response status code successfully

2022-11-28 16:47:48 - [MESSAGE][PASSED] - Verify response status code successfully

2022-11-28 16:47:48 - [TEST_STEP][PASSED] - response2 = scoring.getResponseText(): null

2022-11-28 16:47:48 - [TEST_STEP][PASSED] - markPassed("result service data ke : " + no): result service data ke : 42

2022-11-28 16:47:48 - [MESSAGE][PASSED] - result service data ke : 42

2022-11-28 16:47:48 - [TEST_STEP][PASSED] - logInfo($response2): {"result_konsumen":"","result_pasangan":"","Final_result":"","errorMessage":"","status":"InProgress"}

2022-11-28 16:47:48 - [MESSAGE][INFO] - {"result_konsumen":"","result_pasangan":"","Final_result":"","errorMessage":"","status":"InProgress"}

2022-11-28 16:47:48 - [TEST_STEP][FAILED] - verifyElementPropertyValue(scoring, "Final_result", final_result): Unable to verify element property value (Root cause: com.kms.katalon.core.exception.StepFailedException: Expected element property value 'Reguler' is not equal with actual property value ''
	at com.kms.katalon.core.keyword.internal.KeywordMain.stepFailed(KeywordMain.groovy:50)
	at com.kms.katalon.core.webservice.keyword.builtin.VerifyElementPropertyValueKeyword$_verifyElementPropertyValue_closure1.doCall(VerifyElementPropertyValueKeyword.groovy:56)
	at com.kms.katalon.core.webservice.keyword.builtin.VerifyElementPropertyValueKeyword$_verifyElementPropertyValue_closure1.call(VerifyElementPropertyValueKeyword.groovy)
	at com.kms.katalon.core.keyword.internal.KeywordMain.runKeyword(KeywordMain.groovy:74)
	at com.kms.katalon.core.webservice.keyword.builtin.VerifyElementPropertyValueKeyword.verifyElementPropertyValue(VerifyElementPropertyValueKeyword.groovy:48)
	at com.kms.katalon.core.webservice.keyword.builtin.VerifyElementPropertyValueKeyword.execute(VerifyElementPropertyValueKeyword.groovy:43)
	at com.kms.katalon.core.keyword.internal.KeywordExecutor.executeKeywordForPlatform(KeywordExecutor.groovy:74)
	at com.kms.katalon.core.webservice.keyword.WSBuiltInKeywords.verifyElementPropertyValue(WSBuiltInKeywords.groovy:189)
	at com.kms.katalon.core.webservice.keyword.WSBuiltInKeywords$verifyElementPropertyValue$1.call(Unknown Source)
	at Engine Scoring.run(Engine Scoring:108)
	at com.kms.katalon.core.main.ScriptEngine.run(ScriptEngine.java:194)
	at com.kms.katalon.core.main.ScriptEngine.runScriptAsRawText(ScriptEngine.java:119)
	at com.kms.katalon.core.main.TestCaseExecutor.runScript(TestCaseExecutor.java:442)
	at com.kms.katalon.core.main.TestCaseExecutor.doExecute(TestCaseExecutor.java:433)
	at com.kms.katalon.core.main.TestCaseExecutor.processExecutionPhase(TestCaseExecutor.java:412)
	at com.kms.katalon.core.main.TestCaseExecutor.accessMainPhase(TestCaseExecutor.java:404)
	at com.kms.katalon.core.main.TestCaseExecutor.execute(TestCaseExecutor.java:281)
	at com.kms.katalon.core.main.TestSuiteExecutor.accessTestCaseMainPhase(TestSuiteExecutor.java:202)
	at com.kms.katalon.core.main.TestSuiteExecutor.accessTestSuiteMainPhase(TestSuiteExecutor.java:164)
	at com.kms.katalon.core.main.TestSuiteExecutor.execute(TestSuiteExecutor.java:105)
	at com.kms.katalon.core.main.TestCaseMain.startTestSuite(TestCaseMain.java:185)
	at com.kms.katalon.core.main.TestCaseMain$startTestSuite$0.call(Unknown Source)
	at TempTestSuite1669628564646.run(TempTestSuite1669628564646.groovy:36)
)

2022-11-28 16:47:48 - [MESSAGE][FAILED] - Expected element property value 'Reguler' is not equal with actual property value ''

2022-11-28 16:47:48 - [MESSAGE][FAILED] - Unable to verify element property value (Root cause: com.kms.katalon.core.exception.StepFailedException: Expected element property value 'Reguler' is not equal with actual property value ''
	at com.kms.katalon.core.keyword.internal.KeywordMain.stepFailed(KeywordMain.groovy:50)
	at com.kms.katalon.core.webservice.keyword.builtin.VerifyElementPropertyValueKeyword$_verifyElementPropertyValue_closure1.doCall(VerifyElementPropertyValueKeyword.groovy:56)
	at com.kms.katalon.core.webservice.keyword.builtin.VerifyElementPropertyValueKeyword$_verifyElementPropertyValue_closure1.call(VerifyElementPropertyValueKeyword.groovy)
	at com.kms.katalon.core.keyword.internal.KeywordMain.runKeyword(KeywordMain.groovy:74)
	at com.kms.katalon.core.webservice.keyword.builtin.VerifyElementPropertyValueKeyword.verifyElementPropertyValue(VerifyElementPropertyValueKeyword.groovy:48)
	at com.kms.katalon.core.webservice.keyword.builtin.VerifyElementPropertyValueKeyword.execute(VerifyElementPropertyValueKeyword.groovy:43)
	at com.kms.katalon.core.keyword.internal.KeywordExecutor.executeKeywordForPlatform(KeywordExecutor.groovy:74)
	at com.kms.katalon.core.webservice.keyword.WSBuiltInKeywords.verifyElementPropertyValue(WSBuiltInKeywords.groovy:189)
	at com.kms.katalon.core.webservice.keyword.WSBuiltInKeywords$verifyElementPropertyValue$1.call(Unknown Source)
	at Engine Scoring.run(Engine Scoring:108)
	at com.kms.katalon.core.main.ScriptEngine.run(ScriptEngine.java:194)
	at com.kms.katalon.core.main.ScriptEngine.runScriptAsRawText(ScriptEngine.java:119)
	at com.kms.katalon.core.main.TestCaseExecutor.runScript(TestCaseExecutor.java:442)
	at com.kms.katalon.core.main.TestCaseExecutor.doExecute(TestCaseExecutor.java:433)
	at com.kms.katalon.core.main.TestCaseExecutor.processExecutionPhase(TestCaseExecutor.java:412)
	at com.kms.katalon.core.main.TestCaseExecutor.accessMainPhase(TestCaseExecutor.java:404)
	at com.kms.katalon.core.main.TestCaseExecutor.execute(TestCaseExecutor.java:281)
	at com.kms.katalon.core.main.TestSuiteExecutor.accessTestCaseMainPhase(TestSuiteExecutor.java:202)
	at com.kms.katalon.core.main.TestSuiteExecutor.accessTestSuiteMainPhase(TestSuiteExecutor.java:164)
	at com.kms.katalon.core.main.TestSuiteExecutor.execute(TestSuiteExecutor.java:105)
	at com.kms.katalon.core.main.TestCaseMain.startTestSuite(TestCaseMain.java:185)
	at com.kms.katalon.core.main.TestCaseMain$startTestSuite$0.call(Unknown Source)
	at TempTestSuite1669628564646.run(TempTestSuite1669628564646.groovy:36)
)]]></system-out>
         <system-err><![CDATA[2022-11-28 16:47:41 - [TEST_CASE][FAILED] - Test Cases/Engine_Scoring/Engine Scoring: Test Cases/Engine_Scoring/Engine Scoring FAILED.
Reason:
com.kms.katalon.core.exception.StepFailedException: Expected element property value 'Reguler' is not equal with actual property value ''
	at com.kms.katalon.core.keyword.internal.KeywordMain.stepFailed(KeywordMain.groovy:50)
	at com.kms.katalon.core.webservice.keyword.builtin.VerifyElementPropertyValueKeyword$_verifyElementPropertyValue_closure1.doCall(VerifyElementPropertyValueKeyword.groovy:56)
	at com.kms.katalon.core.webservice.keyword.builtin.VerifyElementPropertyValueKeyword$_verifyElementPropertyValue_closure1.call(VerifyElementPropertyValueKeyword.groovy)
	at com.kms.katalon.core.keyword.internal.KeywordMain.runKeyword(KeywordMain.groovy:74)
	at com.kms.katalon.core.webservice.keyword.builtin.VerifyElementPropertyValueKeyword.verifyElementPropertyValue(VerifyElementPropertyValueKeyword.groovy:48)
	at com.kms.katalon.core.webservice.keyword.builtin.VerifyElementPropertyValueKeyword.execute(VerifyElementPropertyValueKeyword.groovy:43)
	at com.kms.katalon.core.keyword.internal.KeywordExecutor.executeKeywordForPlatform(KeywordExecutor.groovy:74)
	at com.kms.katalon.core.webservice.keyword.WSBuiltInKeywords.verifyElementPropertyValue(WSBuiltInKeywords.groovy:189)
	at com.kms.katalon.core.webservice.keyword.WSBuiltInKeywords$verifyElementPropertyValue$1.call(Unknown Source)
	at Engine Scoring.run(Engine Scoring:108)
	at com.kms.katalon.core.main.ScriptEngine.run(ScriptEngine.java:194)
	at com.kms.katalon.core.main.ScriptEngine.runScriptAsRawText(ScriptEngine.java:119)
	at com.kms.katalon.core.main.TestCaseExecutor.runScript(TestCaseExecutor.java:442)
	at com.kms.katalon.core.main.TestCaseExecutor.doExecute(TestCaseExecutor.java:433)
	at com.kms.katalon.core.main.TestCaseExecutor.processExecutionPhase(TestCaseExecutor.java:412)
	at com.kms.katalon.core.main.TestCaseExecutor.accessMainPhase(TestCaseExecutor.java:404)
	at com.kms.katalon.core.main.TestCaseExecutor.execute(TestCaseExecutor.java:281)
	at com.kms.katalon.core.main.TestSuiteExecutor.accessTestCaseMainPhase(TestSuiteExecutor.java:202)
	at com.kms.katalon.core.main.TestSuiteExecutor.accessTestSuiteMainPhase(TestSuiteExecutor.java:164)
	at com.kms.katalon.core.main.TestSuiteExecutor.execute(TestSuiteExecutor.java:105)
	at com.kms.katalon.core.main.TestCaseMain.startTestSuite(TestCaseMain.java:185)
	at com.kms.katalon.core.main.TestCaseMain$startTestSuite$0.call(Unknown Source)
	at TempTestSuite1669628564646.run(TempTestSuite1669628564646.groovy:36)]]></system-err>
      </testcase>
      <testcase name="Test Cases/Engine_Scoring/Engine Scoring" time="7.084" classname="Test Cases/Engine_Scoring/Engine Scoring" status="FAILED">
         <failure type="FAILED" message="Test Cases/Engine_Scoring/Engine Scoring FAILED.
Reason:
com.kms.katalon.core.exception.StepFailedException: Expected element property value 'Reguler' is not equal with actual property value ''
	at com.kms.katalon.core.keyword.internal.KeywordMain.stepFailed(KeywordMain.groovy:50)
	at com.kms.katalon.core.webservice.keyword.builtin.VerifyElementPropertyValueKeyword$_verifyElementPropertyValue_closure1.doCall(VerifyElementPropertyValueKeyword.groovy:56)
	at com.kms.katalon.core.webservice.keyword.builtin.VerifyElementPropertyValueKeyword$_verifyElementPropertyValue_closure1.call(VerifyElementPropertyValueKeyword.groovy)
	at com.kms.katalon.core.keyword.internal.KeywordMain.runKeyword(KeywordMain.groovy:74)
	at com.kms.katalon.core.webservice.keyword.builtin.VerifyElementPropertyValueKeyword.verifyElementPropertyValue(VerifyElementPropertyValueKeyword.groovy:48)
	at com.kms.katalon.core.webservice.keyword.builtin.VerifyElementPropertyValueKeyword.execute(VerifyElementPropertyValueKeyword.groovy:43)
	at com.kms.katalon.core.keyword.internal.KeywordExecutor.executeKeywordForPlatform(KeywordExecutor.groovy:74)
	at com.kms.katalon.core.webservice.keyword.WSBuiltInKeywords.verifyElementPropertyValue(WSBuiltInKeywords.groovy:189)
	at com.kms.katalon.core.webservice.keyword.WSBuiltInKeywords$verifyElementPropertyValue$1.call(Unknown Source)
	at Engine Scoring.run(Engine Scoring:108)
	at com.kms.katalon.core.main.ScriptEngine.run(ScriptEngine.java:194)
	at com.kms.katalon.core.main.ScriptEngine.runScriptAsRawText(ScriptEngine.java:119)
	at com.kms.katalon.core.main.TestCaseExecutor.runScript(TestCaseExecutor.java:442)
	at com.kms.katalon.core.main.TestCaseExecutor.doExecute(TestCaseExecutor.java:433)
	at com.kms.katalon.core.main.TestCaseExecutor.processExecutionPhase(TestCaseExecutor.java:412)
	at com.kms.katalon.core.main.TestCaseExecutor.accessMainPhase(TestCaseExecutor.java:404)
	at com.kms.katalon.core.main.TestCaseExecutor.execute(TestCaseExecutor.java:281)
	at com.kms.katalon.core.main.TestSuiteExecutor.accessTestCaseMainPhase(TestSuiteExecutor.java:202)
	at com.kms.katalon.core.main.TestSuiteExecutor.accessTestSuiteMainPhase(TestSuiteExecutor.java:164)
	at com.kms.katalon.core.main.TestSuiteExecutor.execute(TestSuiteExecutor.java:105)
	at com.kms.katalon.core.main.TestCaseMain.startTestSuite(TestCaseMain.java:185)
	at com.kms.katalon.core.main.TestCaseMain$startTestSuite$0.call(Unknown Source)
	at TempTestSuite1669628564646.run(TempTestSuite1669628564646.groovy:36)
"/>
         <system-out><![CDATA[2022-11-28 16:47:48 - [TEST_CASE][FAILED] - Test Cases/Engine_Scoring/Engine Scoring: Test Cases/Engine_Scoring/Engine Scoring FAILED.
Reason:
com.kms.katalon.core.exception.StepFailedException: Expected element property value 'Reguler' is not equal with actual property value ''
	at com.kms.katalon.core.keyword.internal.KeywordMain.stepFailed(KeywordMain.groovy:50)
	at com.kms.katalon.core.webservice.keyword.builtin.VerifyElementPropertyValueKeyword$_verifyElementPropertyValue_closure1.doCall(VerifyElementPropertyValueKeyword.groovy:56)
	at com.kms.katalon.core.webservice.keyword.builtin.VerifyElementPropertyValueKeyword$_verifyElementPropertyValue_closure1.call(VerifyElementPropertyValueKeyword.groovy)
	at com.kms.katalon.core.keyword.internal.KeywordMain.runKeyword(KeywordMain.groovy:74)
	at com.kms.katalon.core.webservice.keyword.builtin.VerifyElementPropertyValueKeyword.verifyElementPropertyValue(VerifyElementPropertyValueKeyword.groovy:48)
	at com.kms.katalon.core.webservice.keyword.builtin.VerifyElementPropertyValueKeyword.execute(VerifyElementPropertyValueKeyword.groovy:43)
	at com.kms.katalon.core.keyword.internal.KeywordExecutor.executeKeywordForPlatform(KeywordExecutor.groovy:74)
	at com.kms.katalon.core.webservice.keyword.WSBuiltInKeywords.verifyElementPropertyValue(WSBuiltInKeywords.groovy:189)
	at com.kms.katalon.core.webservice.keyword.WSBuiltInKeywords$verifyElementPropertyValue$1.call(Unknown Source)
	at Engine Scoring.run(Engine Scoring:108)
	at com.kms.katalon.core.main.ScriptEngine.run(ScriptEngine.java:194)
	at com.kms.katalon.core.main.ScriptEngine.runScriptAsRawText(ScriptEngine.java:119)
	at com.kms.katalon.core.main.TestCaseExecutor.runScript(TestCaseExecutor.java:442)
	at com.kms.katalon.core.main.TestCaseExecutor.doExecute(TestCaseExecutor.java:433)
	at com.kms.katalon.core.main.TestCaseExecutor.processExecutionPhase(TestCaseExecutor.java:412)
	at com.kms.katalon.core.main.TestCaseExecutor.accessMainPhase(TestCaseExecutor.java:404)
	at com.kms.katalon.core.main.TestCaseExecutor.execute(TestCaseExecutor.java:281)
	at com.kms.katalon.core.main.TestSuiteExecutor.accessTestCaseMainPhase(TestSuiteExecutor.java:202)
	at com.kms.katalon.core.main.TestSuiteExecutor.accessTestSuiteMainPhase(TestSuiteExecutor.java:164)
	at com.kms.katalon.core.main.TestSuiteExecutor.execute(TestSuiteExecutor.java:105)
	at com.kms.katalon.core.main.TestCaseMain.startTestSuite(TestCaseMain.java:185)
	at com.kms.katalon.core.main.TestCaseMain$startTestSuite$0.call(Unknown Source)
	at TempTestSuite1669628564646.run(TempTestSuite1669628564646.groovy:36)


2022-11-28 16:47:49 - [TEST_STEP][PASSED] - markPassed("Variasi data ke : " + no): Variasi data ke : 43

2022-11-28 16:47:49 - [MESSAGE][PASSED] - Variasi data ke : 43

2022-11-28 16:47:49 - [TEST_STEP][PASSED] - req_data = sendRequest(findTestObject("Search_ME", ["MID":MID, "source":source, "ip":ip, "userid":userid, "branch":branch, "tipekons":tipekons, "marital":marital, "penjamin":penjamin, ... ])): Send request successfully

2022-11-28 16:47:50 - [MESSAGE][INFO] - HAR: D:\DMS\Engine Scoring\Reports\20221128_164243\Exclude KKB - DS - Married\Scoring Married - DS\20221128_164244\requests\main\84.har

2022-11-28 16:47:50 - [MESSAGE][PASSED] - Send request successfully

2022-11-28 16:47:50 - [TEST_STEP][PASSED] - slurper = new groovy.json.JsonSlurper(): null

2022-11-28 16:47:50 - [TEST_STEP][PASSED] - result = slurper.parseText(req_data.getResponseBodyContent()): null

2022-11-28 16:47:50 - [TEST_STEP][PASSED] - reqid_kons = requestid1: null

2022-11-28 16:47:50 - [TEST_STEP][PASSED] - reqid_spouse = requestid2: null

2022-11-28 16:47:50 - [TEST_STEP][PASSED] - println("requestid kons : " + reqid_kons): null

2022-11-28 16:47:50 - [TEST_STEP][PASSED] - response_searchME_kons = reqid_kons: null

2022-11-28 16:47:50 - [TEST_STEP][PASSED] - response_searchME_spouse = reqid_spouse: null

2022-11-28 16:47:50 - [TEST_STEP][PASSED] - println("kons req id is :" + response_searchME_kons): null

2022-11-28 16:47:50 - [TEST_STEP][PASSED] - println("spouse req id is : " + response_searchME_spouse): null

2022-11-28 16:47:50 - [TEST_STEP][PASSED] - verifyResponseStatusCode(req_data, 200): Verify response status code successfully

2022-11-28 16:47:50 - [MESSAGE][PASSED] - Verify response status code successfully

2022-11-28 16:47:50 - [TEST_STEP][PASSED] - response = req_data.getResponseText(): null

2022-11-28 16:47:50 - [TEST_STEP][PASSED] - logInfo($response): {"status":"Done","data":{"requestid1":"256750","requestid2":"256751"}}

2022-11-28 16:47:50 - [MESSAGE][INFO] - {"status":"Done","data":{"requestid1":"256750","requestid2":"256751"}}

2022-11-28 16:47:50 - [TEST_STEP][PASSED] - delay(5): Delayed 5 second(s)

2022-11-28 16:47:55 - [MESSAGE][PASSED] - Delayed 5 second(s)

2022-11-28 16:47:55 - [TEST_STEP][PASSED] - scoring = sendRequest(findTestObject("EngineScore", ["response_searchME_kons":response_searchME_kons, "response_searchME_spouse":response_searchME_spouse])): Send request successfully

2022-11-28 16:47:55 - [MESSAGE][INFO] - HAR: D:\DMS\Engine Scoring\Reports\20221128_164243\Exclude KKB - DS - Married\Scoring Married - DS\20221128_164244\requests\main\85.har

2022-11-28 16:47:55 - [MESSAGE][PASSED] - Send request successfully

2022-11-28 16:47:55 - [TEST_STEP][PASSED] - verifyResponseStatusCode(scoring, 200): Verify response status code successfully

2022-11-28 16:47:55 - [MESSAGE][PASSED] - Verify response status code successfully

2022-11-28 16:47:55 - [TEST_STEP][PASSED] - response2 = scoring.getResponseText(): null

2022-11-28 16:47:55 - [TEST_STEP][PASSED] - markPassed("result service data ke : " + no): result service data ke : 43

2022-11-28 16:47:55 - [MESSAGE][PASSED] - result service data ke : 43

2022-11-28 16:47:55 - [TEST_STEP][PASSED] - logInfo($response2): {"result_konsumen":"","result_pasangan":"","Final_result":"","errorMessage":"","status":"InProgress"}

2022-11-28 16:47:55 - [MESSAGE][INFO] - {"result_konsumen":"","result_pasangan":"","Final_result":"","errorMessage":"","status":"InProgress"}

2022-11-28 16:47:55 - [TEST_STEP][FAILED] - verifyElementPropertyValue(scoring, "Final_result", final_result): Unable to verify element property value (Root cause: com.kms.katalon.core.exception.StepFailedException: Expected element property value 'Reguler' is not equal with actual property value ''
	at com.kms.katalon.core.keyword.internal.KeywordMain.stepFailed(KeywordMain.groovy:50)
	at com.kms.katalon.core.webservice.keyword.builtin.VerifyElementPropertyValueKeyword$_verifyElementPropertyValue_closure1.doCall(VerifyElementPropertyValueKeyword.groovy:56)
	at com.kms.katalon.core.webservice.keyword.builtin.VerifyElementPropertyValueKeyword$_verifyElementPropertyValue_closure1.call(VerifyElementPropertyValueKeyword.groovy)
	at com.kms.katalon.core.keyword.internal.KeywordMain.runKeyword(KeywordMain.groovy:74)
	at com.kms.katalon.core.webservice.keyword.builtin.VerifyElementPropertyValueKeyword.verifyElementPropertyValue(VerifyElementPropertyValueKeyword.groovy:48)
	at com.kms.katalon.core.webservice.keyword.builtin.VerifyElementPropertyValueKeyword.execute(VerifyElementPropertyValueKeyword.groovy:43)
	at com.kms.katalon.core.keyword.internal.KeywordExecutor.executeKeywordForPlatform(KeywordExecutor.groovy:74)
	at com.kms.katalon.core.webservice.keyword.WSBuiltInKeywords.verifyElementPropertyValue(WSBuiltInKeywords.groovy:189)
	at com.kms.katalon.core.webservice.keyword.WSBuiltInKeywords$verifyElementPropertyValue$1.call(Unknown Source)
	at Engine Scoring.run(Engine Scoring:108)
	at com.kms.katalon.core.main.ScriptEngine.run(ScriptEngine.java:194)
	at com.kms.katalon.core.main.ScriptEngine.runScriptAsRawText(ScriptEngine.java:119)
	at com.kms.katalon.core.main.TestCaseExecutor.runScript(TestCaseExecutor.java:442)
	at com.kms.katalon.core.main.TestCaseExecutor.doExecute(TestCaseExecutor.java:433)
	at com.kms.katalon.core.main.TestCaseExecutor.processExecutionPhase(TestCaseExecutor.java:412)
	at com.kms.katalon.core.main.TestCaseExecutor.accessMainPhase(TestCaseExecutor.java:404)
	at com.kms.katalon.core.main.TestCaseExecutor.execute(TestCaseExecutor.java:281)
	at com.kms.katalon.core.main.TestSuiteExecutor.accessTestCaseMainPhase(TestSuiteExecutor.java:202)
	at com.kms.katalon.core.main.TestSuiteExecutor.accessTestSuiteMainPhase(TestSuiteExecutor.java:164)
	at com.kms.katalon.core.main.TestSuiteExecutor.execute(TestSuiteExecutor.java:105)
	at com.kms.katalon.core.main.TestCaseMain.startTestSuite(TestCaseMain.java:185)
	at com.kms.katalon.core.main.TestCaseMain$startTestSuite$0.call(Unknown Source)
	at TempTestSuite1669628564646.run(TempTestSuite1669628564646.groovy:36)
)

2022-11-28 16:47:55 - [MESSAGE][FAILED] - Expected element property value 'Reguler' is not equal with actual property value ''

2022-11-28 16:47:55 - [MESSAGE][FAILED] - Unable to verify element property value (Root cause: com.kms.katalon.core.exception.StepFailedException: Expected element property value 'Reguler' is not equal with actual property value ''
	at com.kms.katalon.core.keyword.internal.KeywordMain.stepFailed(KeywordMain.groovy:50)
	at com.kms.katalon.core.webservice.keyword.builtin.VerifyElementPropertyValueKeyword$_verifyElementPropertyValue_closure1.doCall(VerifyElementPropertyValueKeyword.groovy:56)
	at com.kms.katalon.core.webservice.keyword.builtin.VerifyElementPropertyValueKeyword$_verifyElementPropertyValue_closure1.call(VerifyElementPropertyValueKeyword.groovy)
	at com.kms.katalon.core.keyword.internal.KeywordMain.runKeyword(KeywordMain.groovy:74)
	at com.kms.katalon.core.webservice.keyword.builtin.VerifyElementPropertyValueKeyword.verifyElementPropertyValue(VerifyElementPropertyValueKeyword.groovy:48)
	at com.kms.katalon.core.webservice.keyword.builtin.VerifyElementPropertyValueKeyword.execute(VerifyElementPropertyValueKeyword.groovy:43)
	at com.kms.katalon.core.keyword.internal.KeywordExecutor.executeKeywordForPlatform(KeywordExecutor.groovy:74)
	at com.kms.katalon.core.webservice.keyword.WSBuiltInKeywords.verifyElementPropertyValue(WSBuiltInKeywords.groovy:189)
	at com.kms.katalon.core.webservice.keyword.WSBuiltInKeywords$verifyElementPropertyValue$1.call(Unknown Source)
	at Engine Scoring.run(Engine Scoring:108)
	at com.kms.katalon.core.main.ScriptEngine.run(ScriptEngine.java:194)
	at com.kms.katalon.core.main.ScriptEngine.runScriptAsRawText(ScriptEngine.java:119)
	at com.kms.katalon.core.main.TestCaseExecutor.runScript(TestCaseExecutor.java:442)
	at com.kms.katalon.core.main.TestCaseExecutor.doExecute(TestCaseExecutor.java:433)
	at com.kms.katalon.core.main.TestCaseExecutor.processExecutionPhase(TestCaseExecutor.java:412)
	at com.kms.katalon.core.main.TestCaseExecutor.accessMainPhase(TestCaseExecutor.java:404)
	at com.kms.katalon.core.main.TestCaseExecutor.execute(TestCaseExecutor.java:281)
	at com.kms.katalon.core.main.TestSuiteExecutor.accessTestCaseMainPhase(TestSuiteExecutor.java:202)
	at com.kms.katalon.core.main.TestSuiteExecutor.accessTestSuiteMainPhase(TestSuiteExecutor.java:164)
	at com.kms.katalon.core.main.TestSuiteExecutor.execute(TestSuiteExecutor.java:105)
	at com.kms.katalon.core.main.TestCaseMain.startTestSuite(TestCaseMain.java:185)
	at com.kms.katalon.core.main.TestCaseMain$startTestSuite$0.call(Unknown Source)
	at TempTestSuite1669628564646.run(TempTestSuite1669628564646.groovy:36)
)]]></system-out>
         <system-err><![CDATA[2022-11-28 16:47:48 - [TEST_CASE][FAILED] - Test Cases/Engine_Scoring/Engine Scoring: Test Cases/Engine_Scoring/Engine Scoring FAILED.
Reason:
com.kms.katalon.core.exception.StepFailedException: Expected element property value 'Reguler' is not equal with actual property value ''
	at com.kms.katalon.core.keyword.internal.KeywordMain.stepFailed(KeywordMain.groovy:50)
	at com.kms.katalon.core.webservice.keyword.builtin.VerifyElementPropertyValueKeyword$_verifyElementPropertyValue_closure1.doCall(VerifyElementPropertyValueKeyword.groovy:56)
	at com.kms.katalon.core.webservice.keyword.builtin.VerifyElementPropertyValueKeyword$_verifyElementPropertyValue_closure1.call(VerifyElementPropertyValueKeyword.groovy)
	at com.kms.katalon.core.keyword.internal.KeywordMain.runKeyword(KeywordMain.groovy:74)
	at com.kms.katalon.core.webservice.keyword.builtin.VerifyElementPropertyValueKeyword.verifyElementPropertyValue(VerifyElementPropertyValueKeyword.groovy:48)
	at com.kms.katalon.core.webservice.keyword.builtin.VerifyElementPropertyValueKeyword.execute(VerifyElementPropertyValueKeyword.groovy:43)
	at com.kms.katalon.core.keyword.internal.KeywordExecutor.executeKeywordForPlatform(KeywordExecutor.groovy:74)
	at com.kms.katalon.core.webservice.keyword.WSBuiltInKeywords.verifyElementPropertyValue(WSBuiltInKeywords.groovy:189)
	at com.kms.katalon.core.webservice.keyword.WSBuiltInKeywords$verifyElementPropertyValue$1.call(Unknown Source)
	at Engine Scoring.run(Engine Scoring:108)
	at com.kms.katalon.core.main.ScriptEngine.run(ScriptEngine.java:194)
	at com.kms.katalon.core.main.ScriptEngine.runScriptAsRawText(ScriptEngine.java:119)
	at com.kms.katalon.core.main.TestCaseExecutor.runScript(TestCaseExecutor.java:442)
	at com.kms.katalon.core.main.TestCaseExecutor.doExecute(TestCaseExecutor.java:433)
	at com.kms.katalon.core.main.TestCaseExecutor.processExecutionPhase(TestCaseExecutor.java:412)
	at com.kms.katalon.core.main.TestCaseExecutor.accessMainPhase(TestCaseExecutor.java:404)
	at com.kms.katalon.core.main.TestCaseExecutor.execute(TestCaseExecutor.java:281)
	at com.kms.katalon.core.main.TestSuiteExecutor.accessTestCaseMainPhase(TestSuiteExecutor.java:202)
	at com.kms.katalon.core.main.TestSuiteExecutor.accessTestSuiteMainPhase(TestSuiteExecutor.java:164)
	at com.kms.katalon.core.main.TestSuiteExecutor.execute(TestSuiteExecutor.java:105)
	at com.kms.katalon.core.main.TestCaseMain.startTestSuite(TestCaseMain.java:185)
	at com.kms.katalon.core.main.TestCaseMain$startTestSuite$0.call(Unknown Source)
	at TempTestSuite1669628564646.run(TempTestSuite1669628564646.groovy:36)]]></system-err>
      </testcase>
      <testcase name="Test Cases/Engine_Scoring/Engine Scoring" time="6.633" classname="Test Cases/Engine_Scoring/Engine Scoring" status="FAILED">
         <failure type="FAILED" message="Test Cases/Engine_Scoring/Engine Scoring FAILED.
Reason:
com.kms.katalon.core.exception.StepFailedException: Expected element property value 'Reject' is not equal with actual property value ''
	at com.kms.katalon.core.keyword.internal.KeywordMain.stepFailed(KeywordMain.groovy:50)
	at com.kms.katalon.core.webservice.keyword.builtin.VerifyElementPropertyValueKeyword$_verifyElementPropertyValue_closure1.doCall(VerifyElementPropertyValueKeyword.groovy:56)
	at com.kms.katalon.core.webservice.keyword.builtin.VerifyElementPropertyValueKeyword$_verifyElementPropertyValue_closure1.call(VerifyElementPropertyValueKeyword.groovy)
	at com.kms.katalon.core.keyword.internal.KeywordMain.runKeyword(KeywordMain.groovy:74)
	at com.kms.katalon.core.webservice.keyword.builtin.VerifyElementPropertyValueKeyword.verifyElementPropertyValue(VerifyElementPropertyValueKeyword.groovy:48)
	at com.kms.katalon.core.webservice.keyword.builtin.VerifyElementPropertyValueKeyword.execute(VerifyElementPropertyValueKeyword.groovy:43)
	at com.kms.katalon.core.keyword.internal.KeywordExecutor.executeKeywordForPlatform(KeywordExecutor.groovy:74)
	at com.kms.katalon.core.webservice.keyword.WSBuiltInKeywords.verifyElementPropertyValue(WSBuiltInKeywords.groovy:189)
	at com.kms.katalon.core.webservice.keyword.WSBuiltInKeywords$verifyElementPropertyValue$1.call(Unknown Source)
	at Engine Scoring.run(Engine Scoring:108)
	at com.kms.katalon.core.main.ScriptEngine.run(ScriptEngine.java:194)
	at com.kms.katalon.core.main.ScriptEngine.runScriptAsRawText(ScriptEngine.java:119)
	at com.kms.katalon.core.main.TestCaseExecutor.runScript(TestCaseExecutor.java:442)
	at com.kms.katalon.core.main.TestCaseExecutor.doExecute(TestCaseExecutor.java:433)
	at com.kms.katalon.core.main.TestCaseExecutor.processExecutionPhase(TestCaseExecutor.java:412)
	at com.kms.katalon.core.main.TestCaseExecutor.accessMainPhase(TestCaseExecutor.java:404)
	at com.kms.katalon.core.main.TestCaseExecutor.execute(TestCaseExecutor.java:281)
	at com.kms.katalon.core.main.TestSuiteExecutor.accessTestCaseMainPhase(TestSuiteExecutor.java:202)
	at com.kms.katalon.core.main.TestSuiteExecutor.accessTestSuiteMainPhase(TestSuiteExecutor.java:164)
	at com.kms.katalon.core.main.TestSuiteExecutor.execute(TestSuiteExecutor.java:105)
	at com.kms.katalon.core.main.TestCaseMain.startTestSuite(TestCaseMain.java:185)
	at com.kms.katalon.core.main.TestCaseMain$startTestSuite$0.call(Unknown Source)
	at TempTestSuite1669628564646.run(TempTestSuite1669628564646.groovy:36)
"/>
         <system-out><![CDATA[2022-11-28 16:47:55 - [TEST_CASE][FAILED] - Test Cases/Engine_Scoring/Engine Scoring: Test Cases/Engine_Scoring/Engine Scoring FAILED.
Reason:
com.kms.katalon.core.exception.StepFailedException: Expected element property value 'Reject' is not equal with actual property value ''
	at com.kms.katalon.core.keyword.internal.KeywordMain.stepFailed(KeywordMain.groovy:50)
	at com.kms.katalon.core.webservice.keyword.builtin.VerifyElementPropertyValueKeyword$_verifyElementPropertyValue_closure1.doCall(VerifyElementPropertyValueKeyword.groovy:56)
	at com.kms.katalon.core.webservice.keyword.builtin.VerifyElementPropertyValueKeyword$_verifyElementPropertyValue_closure1.call(VerifyElementPropertyValueKeyword.groovy)
	at com.kms.katalon.core.keyword.internal.KeywordMain.runKeyword(KeywordMain.groovy:74)
	at com.kms.katalon.core.webservice.keyword.builtin.VerifyElementPropertyValueKeyword.verifyElementPropertyValue(VerifyElementPropertyValueKeyword.groovy:48)
	at com.kms.katalon.core.webservice.keyword.builtin.VerifyElementPropertyValueKeyword.execute(VerifyElementPropertyValueKeyword.groovy:43)
	at com.kms.katalon.core.keyword.internal.KeywordExecutor.executeKeywordForPlatform(KeywordExecutor.groovy:74)
	at com.kms.katalon.core.webservice.keyword.WSBuiltInKeywords.verifyElementPropertyValue(WSBuiltInKeywords.groovy:189)
	at com.kms.katalon.core.webservice.keyword.WSBuiltInKeywords$verifyElementPropertyValue$1.call(Unknown Source)
	at Engine Scoring.run(Engine Scoring:108)
	at com.kms.katalon.core.main.ScriptEngine.run(ScriptEngine.java:194)
	at com.kms.katalon.core.main.ScriptEngine.runScriptAsRawText(ScriptEngine.java:119)
	at com.kms.katalon.core.main.TestCaseExecutor.runScript(TestCaseExecutor.java:442)
	at com.kms.katalon.core.main.TestCaseExecutor.doExecute(TestCaseExecutor.java:433)
	at com.kms.katalon.core.main.TestCaseExecutor.processExecutionPhase(TestCaseExecutor.java:412)
	at com.kms.katalon.core.main.TestCaseExecutor.accessMainPhase(TestCaseExecutor.java:404)
	at com.kms.katalon.core.main.TestCaseExecutor.execute(TestCaseExecutor.java:281)
	at com.kms.katalon.core.main.TestSuiteExecutor.accessTestCaseMainPhase(TestSuiteExecutor.java:202)
	at com.kms.katalon.core.main.TestSuiteExecutor.accessTestSuiteMainPhase(TestSuiteExecutor.java:164)
	at com.kms.katalon.core.main.TestSuiteExecutor.execute(TestSuiteExecutor.java:105)
	at com.kms.katalon.core.main.TestCaseMain.startTestSuite(TestCaseMain.java:185)
	at com.kms.katalon.core.main.TestCaseMain$startTestSuite$0.call(Unknown Source)
	at TempTestSuite1669628564646.run(TempTestSuite1669628564646.groovy:36)


2022-11-28 16:47:56 - [TEST_STEP][PASSED] - markPassed("Variasi data ke : " + no): Variasi data ke : 44

2022-11-28 16:47:56 - [MESSAGE][PASSED] - Variasi data ke : 44

2022-11-28 16:47:56 - [TEST_STEP][PASSED] - req_data = sendRequest(findTestObject("Search_ME", ["MID":MID, "source":source, "ip":ip, "userid":userid, "branch":branch, "tipekons":tipekons, "marital":marital, "penjamin":penjamin, ... ])): Send request successfully

2022-11-28 16:47:57 - [MESSAGE][INFO] - HAR: D:\DMS\Engine Scoring\Reports\20221128_164243\Exclude KKB - DS - Married\Scoring Married - DS\20221128_164244\requests\main\86.har

2022-11-28 16:47:57 - [MESSAGE][PASSED] - Send request successfully

2022-11-28 16:47:57 - [TEST_STEP][PASSED] - slurper = new groovy.json.JsonSlurper(): null

2022-11-28 16:47:57 - [TEST_STEP][PASSED] - result = slurper.parseText(req_data.getResponseBodyContent()): null

2022-11-28 16:47:57 - [TEST_STEP][PASSED] - reqid_kons = requestid1: null

2022-11-28 16:47:57 - [TEST_STEP][PASSED] - reqid_spouse = requestid2: null

2022-11-28 16:47:57 - [TEST_STEP][PASSED] - println("requestid kons : " + reqid_kons): null

2022-11-28 16:47:57 - [TEST_STEP][PASSED] - response_searchME_kons = reqid_kons: null

2022-11-28 16:47:57 - [TEST_STEP][PASSED] - response_searchME_spouse = reqid_spouse: null

2022-11-28 16:47:57 - [TEST_STEP][PASSED] - println("kons req id is :" + response_searchME_kons): null

2022-11-28 16:47:57 - [TEST_STEP][PASSED] - println("spouse req id is : " + response_searchME_spouse): null

2022-11-28 16:47:57 - [TEST_STEP][PASSED] - verifyResponseStatusCode(req_data, 200): Verify response status code successfully

2022-11-28 16:47:57 - [MESSAGE][PASSED] - Verify response status code successfully

2022-11-28 16:47:57 - [TEST_STEP][PASSED] - response = req_data.getResponseText(): null

2022-11-28 16:47:57 - [TEST_STEP][PASSED] - logInfo($response): {"status":"Done","data":{"requestid1":"256752","requestid2":"256753"}}

2022-11-28 16:47:57 - [MESSAGE][INFO] - {"status":"Done","data":{"requestid1":"256752","requestid2":"256753"}}

2022-11-28 16:47:57 - [TEST_STEP][PASSED] - delay(5): Delayed 5 second(s)

2022-11-28 16:48:02 - [MESSAGE][PASSED] - Delayed 5 second(s)

2022-11-28 16:48:02 - [TEST_STEP][PASSED] - scoring = sendRequest(findTestObject("EngineScore", ["response_searchME_kons":response_searchME_kons, "response_searchME_spouse":response_searchME_spouse])): Send request successfully

2022-11-28 16:48:02 - [MESSAGE][INFO] - HAR: D:\DMS\Engine Scoring\Reports\20221128_164243\Exclude KKB - DS - Married\Scoring Married - DS\20221128_164244\requests\main\87.har

2022-11-28 16:48:02 - [MESSAGE][PASSED] - Send request successfully

2022-11-28 16:48:02 - [TEST_STEP][PASSED] - verifyResponseStatusCode(scoring, 200): Verify response status code successfully

2022-11-28 16:48:02 - [MESSAGE][PASSED] - Verify response status code successfully

2022-11-28 16:48:02 - [TEST_STEP][PASSED] - response2 = scoring.getResponseText(): null

2022-11-28 16:48:02 - [TEST_STEP][PASSED] - markPassed("result service data ke : " + no): result service data ke : 44

2022-11-28 16:48:02 - [MESSAGE][PASSED] - result service data ke : 44

2022-11-28 16:48:02 - [TEST_STEP][PASSED] - logInfo($response2): {"result_konsumen":"","result_pasangan":"","Final_result":"","errorMessage":"","status":"InProgress"}

2022-11-28 16:48:02 - [MESSAGE][INFO] - {"result_konsumen":"","result_pasangan":"","Final_result":"","errorMessage":"","status":"InProgress"}

2022-11-28 16:48:02 - [TEST_STEP][FAILED] - verifyElementPropertyValue(scoring, "Final_result", final_result): Unable to verify element property value (Root cause: com.kms.katalon.core.exception.StepFailedException: Expected element property value 'Reject' is not equal with actual property value ''
	at com.kms.katalon.core.keyword.internal.KeywordMain.stepFailed(KeywordMain.groovy:50)
	at com.kms.katalon.core.webservice.keyword.builtin.VerifyElementPropertyValueKeyword$_verifyElementPropertyValue_closure1.doCall(VerifyElementPropertyValueKeyword.groovy:56)
	at com.kms.katalon.core.webservice.keyword.builtin.VerifyElementPropertyValueKeyword$_verifyElementPropertyValue_closure1.call(VerifyElementPropertyValueKeyword.groovy)
	at com.kms.katalon.core.keyword.internal.KeywordMain.runKeyword(KeywordMain.groovy:74)
	at com.kms.katalon.core.webservice.keyword.builtin.VerifyElementPropertyValueKeyword.verifyElementPropertyValue(VerifyElementPropertyValueKeyword.groovy:48)
	at com.kms.katalon.core.webservice.keyword.builtin.VerifyElementPropertyValueKeyword.execute(VerifyElementPropertyValueKeyword.groovy:43)
	at com.kms.katalon.core.keyword.internal.KeywordExecutor.executeKeywordForPlatform(KeywordExecutor.groovy:74)
	at com.kms.katalon.core.webservice.keyword.WSBuiltInKeywords.verifyElementPropertyValue(WSBuiltInKeywords.groovy:189)
	at com.kms.katalon.core.webservice.keyword.WSBuiltInKeywords$verifyElementPropertyValue$1.call(Unknown Source)
	at Engine Scoring.run(Engine Scoring:108)
	at com.kms.katalon.core.main.ScriptEngine.run(ScriptEngine.java:194)
	at com.kms.katalon.core.main.ScriptEngine.runScriptAsRawText(ScriptEngine.java:119)
	at com.kms.katalon.core.main.TestCaseExecutor.runScript(TestCaseExecutor.java:442)
	at com.kms.katalon.core.main.TestCaseExecutor.doExecute(TestCaseExecutor.java:433)
	at com.kms.katalon.core.main.TestCaseExecutor.processExecutionPhase(TestCaseExecutor.java:412)
	at com.kms.katalon.core.main.TestCaseExecutor.accessMainPhase(TestCaseExecutor.java:404)
	at com.kms.katalon.core.main.TestCaseExecutor.execute(TestCaseExecutor.java:281)
	at com.kms.katalon.core.main.TestSuiteExecutor.accessTestCaseMainPhase(TestSuiteExecutor.java:202)
	at com.kms.katalon.core.main.TestSuiteExecutor.accessTestSuiteMainPhase(TestSuiteExecutor.java:164)
	at com.kms.katalon.core.main.TestSuiteExecutor.execute(TestSuiteExecutor.java:105)
	at com.kms.katalon.core.main.TestCaseMain.startTestSuite(TestCaseMain.java:185)
	at com.kms.katalon.core.main.TestCaseMain$startTestSuite$0.call(Unknown Source)
	at TempTestSuite1669628564646.run(TempTestSuite1669628564646.groovy:36)
)

2022-11-28 16:48:02 - [MESSAGE][FAILED] - Expected element property value 'Reject' is not equal with actual property value ''

2022-11-28 16:48:02 - [MESSAGE][FAILED] - Unable to verify element property value (Root cause: com.kms.katalon.core.exception.StepFailedException: Expected element property value 'Reject' is not equal with actual property value ''
	at com.kms.katalon.core.keyword.internal.KeywordMain.stepFailed(KeywordMain.groovy:50)
	at com.kms.katalon.core.webservice.keyword.builtin.VerifyElementPropertyValueKeyword$_verifyElementPropertyValue_closure1.doCall(VerifyElementPropertyValueKeyword.groovy:56)
	at com.kms.katalon.core.webservice.keyword.builtin.VerifyElementPropertyValueKeyword$_verifyElementPropertyValue_closure1.call(VerifyElementPropertyValueKeyword.groovy)
	at com.kms.katalon.core.keyword.internal.KeywordMain.runKeyword(KeywordMain.groovy:74)
	at com.kms.katalon.core.webservice.keyword.builtin.VerifyElementPropertyValueKeyword.verifyElementPropertyValue(VerifyElementPropertyValueKeyword.groovy:48)
	at com.kms.katalon.core.webservice.keyword.builtin.VerifyElementPropertyValueKeyword.execute(VerifyElementPropertyValueKeyword.groovy:43)
	at com.kms.katalon.core.keyword.internal.KeywordExecutor.executeKeywordForPlatform(KeywordExecutor.groovy:74)
	at com.kms.katalon.core.webservice.keyword.WSBuiltInKeywords.verifyElementPropertyValue(WSBuiltInKeywords.groovy:189)
	at com.kms.katalon.core.webservice.keyword.WSBuiltInKeywords$verifyElementPropertyValue$1.call(Unknown Source)
	at Engine Scoring.run(Engine Scoring:108)
	at com.kms.katalon.core.main.ScriptEngine.run(ScriptEngine.java:194)
	at com.kms.katalon.core.main.ScriptEngine.runScriptAsRawText(ScriptEngine.java:119)
	at com.kms.katalon.core.main.TestCaseExecutor.runScript(TestCaseExecutor.java:442)
	at com.kms.katalon.core.main.TestCaseExecutor.doExecute(TestCaseExecutor.java:433)
	at com.kms.katalon.core.main.TestCaseExecutor.processExecutionPhase(TestCaseExecutor.java:412)
	at com.kms.katalon.core.main.TestCaseExecutor.accessMainPhase(TestCaseExecutor.java:404)
	at com.kms.katalon.core.main.TestCaseExecutor.execute(TestCaseExecutor.java:281)
	at com.kms.katalon.core.main.TestSuiteExecutor.accessTestCaseMainPhase(TestSuiteExecutor.java:202)
	at com.kms.katalon.core.main.TestSuiteExecutor.accessTestSuiteMainPhase(TestSuiteExecutor.java:164)
	at com.kms.katalon.core.main.TestSuiteExecutor.execute(TestSuiteExecutor.java:105)
	at com.kms.katalon.core.main.TestCaseMain.startTestSuite(TestCaseMain.java:185)
	at com.kms.katalon.core.main.TestCaseMain$startTestSuite$0.call(Unknown Source)
	at TempTestSuite1669628564646.run(TempTestSuite1669628564646.groovy:36)
)]]></system-out>
         <system-err><![CDATA[2022-11-28 16:47:55 - [TEST_CASE][FAILED] - Test Cases/Engine_Scoring/Engine Scoring: Test Cases/Engine_Scoring/Engine Scoring FAILED.
Reason:
com.kms.katalon.core.exception.StepFailedException: Expected element property value 'Reject' is not equal with actual property value ''
	at com.kms.katalon.core.keyword.internal.KeywordMain.stepFailed(KeywordMain.groovy:50)
	at com.kms.katalon.core.webservice.keyword.builtin.VerifyElementPropertyValueKeyword$_verifyElementPropertyValue_closure1.doCall(VerifyElementPropertyValueKeyword.groovy:56)
	at com.kms.katalon.core.webservice.keyword.builtin.VerifyElementPropertyValueKeyword$_verifyElementPropertyValue_closure1.call(VerifyElementPropertyValueKeyword.groovy)
	at com.kms.katalon.core.keyword.internal.KeywordMain.runKeyword(KeywordMain.groovy:74)
	at com.kms.katalon.core.webservice.keyword.builtin.VerifyElementPropertyValueKeyword.verifyElementPropertyValue(VerifyElementPropertyValueKeyword.groovy:48)
	at com.kms.katalon.core.webservice.keyword.builtin.VerifyElementPropertyValueKeyword.execute(VerifyElementPropertyValueKeyword.groovy:43)
	at com.kms.katalon.core.keyword.internal.KeywordExecutor.executeKeywordForPlatform(KeywordExecutor.groovy:74)
	at com.kms.katalon.core.webservice.keyword.WSBuiltInKeywords.verifyElementPropertyValue(WSBuiltInKeywords.groovy:189)
	at com.kms.katalon.core.webservice.keyword.WSBuiltInKeywords$verifyElementPropertyValue$1.call(Unknown Source)
	at Engine Scoring.run(Engine Scoring:108)
	at com.kms.katalon.core.main.ScriptEngine.run(ScriptEngine.java:194)
	at com.kms.katalon.core.main.ScriptEngine.runScriptAsRawText(ScriptEngine.java:119)
	at com.kms.katalon.core.main.TestCaseExecutor.runScript(TestCaseExecutor.java:442)
	at com.kms.katalon.core.main.TestCaseExecutor.doExecute(TestCaseExecutor.java:433)
	at com.kms.katalon.core.main.TestCaseExecutor.processExecutionPhase(TestCaseExecutor.java:412)
	at com.kms.katalon.core.main.TestCaseExecutor.accessMainPhase(TestCaseExecutor.java:404)
	at com.kms.katalon.core.main.TestCaseExecutor.execute(TestCaseExecutor.java:281)
	at com.kms.katalon.core.main.TestSuiteExecutor.accessTestCaseMainPhase(TestSuiteExecutor.java:202)
	at com.kms.katalon.core.main.TestSuiteExecutor.accessTestSuiteMainPhase(TestSuiteExecutor.java:164)
	at com.kms.katalon.core.main.TestSuiteExecutor.execute(TestSuiteExecutor.java:105)
	at com.kms.katalon.core.main.TestCaseMain.startTestSuite(TestCaseMain.java:185)
	at com.kms.katalon.core.main.TestCaseMain$startTestSuite$0.call(Unknown Source)
	at TempTestSuite1669628564646.run(TempTestSuite1669628564646.groovy:36)]]></system-err>
      </testcase>
      <testcase name="Test Cases/Engine_Scoring/Engine Scoring" time="6.892" classname="Test Cases/Engine_Scoring/Engine Scoring" status="FAILED">
         <failure type="FAILED" message="Test Cases/Engine_Scoring/Engine Scoring FAILED.
Reason:
com.kms.katalon.core.exception.StepFailedException: Expected element property value 'Reject' is not equal with actual property value ''
	at com.kms.katalon.core.keyword.internal.KeywordMain.stepFailed(KeywordMain.groovy:50)
	at com.kms.katalon.core.webservice.keyword.builtin.VerifyElementPropertyValueKeyword$_verifyElementPropertyValue_closure1.doCall(VerifyElementPropertyValueKeyword.groovy:56)
	at com.kms.katalon.core.webservice.keyword.builtin.VerifyElementPropertyValueKeyword$_verifyElementPropertyValue_closure1.call(VerifyElementPropertyValueKeyword.groovy)
	at com.kms.katalon.core.keyword.internal.KeywordMain.runKeyword(KeywordMain.groovy:74)
	at com.kms.katalon.core.webservice.keyword.builtin.VerifyElementPropertyValueKeyword.verifyElementPropertyValue(VerifyElementPropertyValueKeyword.groovy:48)
	at com.kms.katalon.core.webservice.keyword.builtin.VerifyElementPropertyValueKeyword.execute(VerifyElementPropertyValueKeyword.groovy:43)
	at com.kms.katalon.core.keyword.internal.KeywordExecutor.executeKeywordForPlatform(KeywordExecutor.groovy:74)
	at com.kms.katalon.core.webservice.keyword.WSBuiltInKeywords.verifyElementPropertyValue(WSBuiltInKeywords.groovy:189)
	at com.kms.katalon.core.webservice.keyword.WSBuiltInKeywords$verifyElementPropertyValue$1.call(Unknown Source)
	at Engine Scoring.run(Engine Scoring:108)
	at com.kms.katalon.core.main.ScriptEngine.run(ScriptEngine.java:194)
	at com.kms.katalon.core.main.ScriptEngine.runScriptAsRawText(ScriptEngine.java:119)
	at com.kms.katalon.core.main.TestCaseExecutor.runScript(TestCaseExecutor.java:442)
	at com.kms.katalon.core.main.TestCaseExecutor.doExecute(TestCaseExecutor.java:433)
	at com.kms.katalon.core.main.TestCaseExecutor.processExecutionPhase(TestCaseExecutor.java:412)
	at com.kms.katalon.core.main.TestCaseExecutor.accessMainPhase(TestCaseExecutor.java:404)
	at com.kms.katalon.core.main.TestCaseExecutor.execute(TestCaseExecutor.java:281)
	at com.kms.katalon.core.main.TestSuiteExecutor.accessTestCaseMainPhase(TestSuiteExecutor.java:202)
	at com.kms.katalon.core.main.TestSuiteExecutor.accessTestSuiteMainPhase(TestSuiteExecutor.java:164)
	at com.kms.katalon.core.main.TestSuiteExecutor.execute(TestSuiteExecutor.java:105)
	at com.kms.katalon.core.main.TestCaseMain.startTestSuite(TestCaseMain.java:185)
	at com.kms.katalon.core.main.TestCaseMain$startTestSuite$0.call(Unknown Source)
	at TempTestSuite1669628564646.run(TempTestSuite1669628564646.groovy:36)
"/>
         <system-out><![CDATA[2022-11-28 16:48:02 - [TEST_CASE][FAILED] - Test Cases/Engine_Scoring/Engine Scoring: Test Cases/Engine_Scoring/Engine Scoring FAILED.
Reason:
com.kms.katalon.core.exception.StepFailedException: Expected element property value 'Reject' is not equal with actual property value ''
	at com.kms.katalon.core.keyword.internal.KeywordMain.stepFailed(KeywordMain.groovy:50)
	at com.kms.katalon.core.webservice.keyword.builtin.VerifyElementPropertyValueKeyword$_verifyElementPropertyValue_closure1.doCall(VerifyElementPropertyValueKeyword.groovy:56)
	at com.kms.katalon.core.webservice.keyword.builtin.VerifyElementPropertyValueKeyword$_verifyElementPropertyValue_closure1.call(VerifyElementPropertyValueKeyword.groovy)
	at com.kms.katalon.core.keyword.internal.KeywordMain.runKeyword(KeywordMain.groovy:74)
	at com.kms.katalon.core.webservice.keyword.builtin.VerifyElementPropertyValueKeyword.verifyElementPropertyValue(VerifyElementPropertyValueKeyword.groovy:48)
	at com.kms.katalon.core.webservice.keyword.builtin.VerifyElementPropertyValueKeyword.execute(VerifyElementPropertyValueKeyword.groovy:43)
	at com.kms.katalon.core.keyword.internal.KeywordExecutor.executeKeywordForPlatform(KeywordExecutor.groovy:74)
	at com.kms.katalon.core.webservice.keyword.WSBuiltInKeywords.verifyElementPropertyValue(WSBuiltInKeywords.groovy:189)
	at com.kms.katalon.core.webservice.keyword.WSBuiltInKeywords$verifyElementPropertyValue$1.call(Unknown Source)
	at Engine Scoring.run(Engine Scoring:108)
	at com.kms.katalon.core.main.ScriptEngine.run(ScriptEngine.java:194)
	at com.kms.katalon.core.main.ScriptEngine.runScriptAsRawText(ScriptEngine.java:119)
	at com.kms.katalon.core.main.TestCaseExecutor.runScript(TestCaseExecutor.java:442)
	at com.kms.katalon.core.main.TestCaseExecutor.doExecute(TestCaseExecutor.java:433)
	at com.kms.katalon.core.main.TestCaseExecutor.processExecutionPhase(TestCaseExecutor.java:412)
	at com.kms.katalon.core.main.TestCaseExecutor.accessMainPhase(TestCaseExecutor.java:404)
	at com.kms.katalon.core.main.TestCaseExecutor.execute(TestCaseExecutor.java:281)
	at com.kms.katalon.core.main.TestSuiteExecutor.accessTestCaseMainPhase(TestSuiteExecutor.java:202)
	at com.kms.katalon.core.main.TestSuiteExecutor.accessTestSuiteMainPhase(TestSuiteExecutor.java:164)
	at com.kms.katalon.core.main.TestSuiteExecutor.execute(TestSuiteExecutor.java:105)
	at com.kms.katalon.core.main.TestCaseMain.startTestSuite(TestCaseMain.java:185)
	at com.kms.katalon.core.main.TestCaseMain$startTestSuite$0.call(Unknown Source)
	at TempTestSuite1669628564646.run(TempTestSuite1669628564646.groovy:36)


2022-11-28 16:48:03 - [TEST_STEP][PASSED] - markPassed("Variasi data ke : " + no): Variasi data ke : 45

2022-11-28 16:48:03 - [MESSAGE][PASSED] - Variasi data ke : 45

2022-11-28 16:48:03 - [TEST_STEP][PASSED] - req_data = sendRequest(findTestObject("Search_ME", ["MID":MID, "source":source, "ip":ip, "userid":userid, "branch":branch, "tipekons":tipekons, "marital":marital, "penjamin":penjamin, ... ])): Send request successfully

2022-11-28 16:48:04 - [MESSAGE][INFO] - HAR: D:\DMS\Engine Scoring\Reports\20221128_164243\Exclude KKB - DS - Married\Scoring Married - DS\20221128_164244\requests\main\88.har

2022-11-28 16:48:04 - [MESSAGE][PASSED] - Send request successfully

2022-11-28 16:48:04 - [TEST_STEP][PASSED] - slurper = new groovy.json.JsonSlurper(): null

2022-11-28 16:48:04 - [TEST_STEP][PASSED] - result = slurper.parseText(req_data.getResponseBodyContent()): null

2022-11-28 16:48:04 - [TEST_STEP][PASSED] - reqid_kons = requestid1: null

2022-11-28 16:48:04 - [TEST_STEP][PASSED] - reqid_spouse = requestid2: null

2022-11-28 16:48:04 - [TEST_STEP][PASSED] - println("requestid kons : " + reqid_kons): null

2022-11-28 16:48:04 - [TEST_STEP][PASSED] - response_searchME_kons = reqid_kons: null

2022-11-28 16:48:04 - [TEST_STEP][PASSED] - response_searchME_spouse = reqid_spouse: null

2022-11-28 16:48:04 - [TEST_STEP][PASSED] - println("kons req id is :" + response_searchME_kons): null

2022-11-28 16:48:04 - [TEST_STEP][PASSED] - println("spouse req id is : " + response_searchME_spouse): null

2022-11-28 16:48:04 - [TEST_STEP][PASSED] - verifyResponseStatusCode(req_data, 200): Verify response status code successfully

2022-11-28 16:48:04 - [MESSAGE][PASSED] - Verify response status code successfully

2022-11-28 16:48:04 - [TEST_STEP][PASSED] - response = req_data.getResponseText(): null

2022-11-28 16:48:04 - [TEST_STEP][PASSED] - logInfo($response): {"status":"Done","data":{"requestid1":"256754","requestid2":"256755"}}

2022-11-28 16:48:04 - [MESSAGE][INFO] - {"status":"Done","data":{"requestid1":"256754","requestid2":"256755"}}

2022-11-28 16:48:04 - [TEST_STEP][PASSED] - delay(5): Delayed 5 second(s)

2022-11-28 16:48:09 - [MESSAGE][PASSED] - Delayed 5 second(s)

2022-11-28 16:48:09 - [TEST_STEP][PASSED] - scoring = sendRequest(findTestObject("EngineScore", ["response_searchME_kons":response_searchME_kons, "response_searchME_spouse":response_searchME_spouse])): Send request successfully

2022-11-28 16:48:09 - [MESSAGE][INFO] - HAR: D:\DMS\Engine Scoring\Reports\20221128_164243\Exclude KKB - DS - Married\Scoring Married - DS\20221128_164244\requests\main\89.har

2022-11-28 16:48:09 - [MESSAGE][PASSED] - Send request successfully

2022-11-28 16:48:09 - [TEST_STEP][PASSED] - verifyResponseStatusCode(scoring, 200): Verify response status code successfully

2022-11-28 16:48:09 - [MESSAGE][PASSED] - Verify response status code successfully

2022-11-28 16:48:09 - [TEST_STEP][PASSED] - response2 = scoring.getResponseText(): null

2022-11-28 16:48:09 - [TEST_STEP][PASSED] - markPassed("result service data ke : " + no): result service data ke : 45

2022-11-28 16:48:09 - [MESSAGE][PASSED] - result service data ke : 45

2022-11-28 16:48:09 - [TEST_STEP][PASSED] - logInfo($response2): {"result_konsumen":"","result_pasangan":"","Final_result":"","errorMessage":"","status":"InProgress"}

2022-11-28 16:48:09 - [MESSAGE][INFO] - {"result_konsumen":"","result_pasangan":"","Final_result":"","errorMessage":"","status":"InProgress"}

2022-11-28 16:48:09 - [TEST_STEP][FAILED] - verifyElementPropertyValue(scoring, "Final_result", final_result): Unable to verify element property value (Root cause: com.kms.katalon.core.exception.StepFailedException: Expected element property value 'Reject' is not equal with actual property value ''
	at com.kms.katalon.core.keyword.internal.KeywordMain.stepFailed(KeywordMain.groovy:50)
	at com.kms.katalon.core.webservice.keyword.builtin.VerifyElementPropertyValueKeyword$_verifyElementPropertyValue_closure1.doCall(VerifyElementPropertyValueKeyword.groovy:56)
	at com.kms.katalon.core.webservice.keyword.builtin.VerifyElementPropertyValueKeyword$_verifyElementPropertyValue_closure1.call(VerifyElementPropertyValueKeyword.groovy)
	at com.kms.katalon.core.keyword.internal.KeywordMain.runKeyword(KeywordMain.groovy:74)
	at com.kms.katalon.core.webservice.keyword.builtin.VerifyElementPropertyValueKeyword.verifyElementPropertyValue(VerifyElementPropertyValueKeyword.groovy:48)
	at com.kms.katalon.core.webservice.keyword.builtin.VerifyElementPropertyValueKeyword.execute(VerifyElementPropertyValueKeyword.groovy:43)
	at com.kms.katalon.core.keyword.internal.KeywordExecutor.executeKeywordForPlatform(KeywordExecutor.groovy:74)
	at com.kms.katalon.core.webservice.keyword.WSBuiltInKeywords.verifyElementPropertyValue(WSBuiltInKeywords.groovy:189)
	at com.kms.katalon.core.webservice.keyword.WSBuiltInKeywords$verifyElementPropertyValue$1.call(Unknown Source)
	at Engine Scoring.run(Engine Scoring:108)
	at com.kms.katalon.core.main.ScriptEngine.run(ScriptEngine.java:194)
	at com.kms.katalon.core.main.ScriptEngine.runScriptAsRawText(ScriptEngine.java:119)
	at com.kms.katalon.core.main.TestCaseExecutor.runScript(TestCaseExecutor.java:442)
	at com.kms.katalon.core.main.TestCaseExecutor.doExecute(TestCaseExecutor.java:433)
	at com.kms.katalon.core.main.TestCaseExecutor.processExecutionPhase(TestCaseExecutor.java:412)
	at com.kms.katalon.core.main.TestCaseExecutor.accessMainPhase(TestCaseExecutor.java:404)
	at com.kms.katalon.core.main.TestCaseExecutor.execute(TestCaseExecutor.java:281)
	at com.kms.katalon.core.main.TestSuiteExecutor.accessTestCaseMainPhase(TestSuiteExecutor.java:202)
	at com.kms.katalon.core.main.TestSuiteExecutor.accessTestSuiteMainPhase(TestSuiteExecutor.java:164)
	at com.kms.katalon.core.main.TestSuiteExecutor.execute(TestSuiteExecutor.java:105)
	at com.kms.katalon.core.main.TestCaseMain.startTestSuite(TestCaseMain.java:185)
	at com.kms.katalon.core.main.TestCaseMain$startTestSuite$0.call(Unknown Source)
	at TempTestSuite1669628564646.run(TempTestSuite1669628564646.groovy:36)
)

2022-11-28 16:48:09 - [MESSAGE][FAILED] - Expected element property value 'Reject' is not equal with actual property value ''

2022-11-28 16:48:09 - [MESSAGE][FAILED] - Unable to verify element property value (Root cause: com.kms.katalon.core.exception.StepFailedException: Expected element property value 'Reject' is not equal with actual property value ''
	at com.kms.katalon.core.keyword.internal.KeywordMain.stepFailed(KeywordMain.groovy:50)
	at com.kms.katalon.core.webservice.keyword.builtin.VerifyElementPropertyValueKeyword$_verifyElementPropertyValue_closure1.doCall(VerifyElementPropertyValueKeyword.groovy:56)
	at com.kms.katalon.core.webservice.keyword.builtin.VerifyElementPropertyValueKeyword$_verifyElementPropertyValue_closure1.call(VerifyElementPropertyValueKeyword.groovy)
	at com.kms.katalon.core.keyword.internal.KeywordMain.runKeyword(KeywordMain.groovy:74)
	at com.kms.katalon.core.webservice.keyword.builtin.VerifyElementPropertyValueKeyword.verifyElementPropertyValue(VerifyElementPropertyValueKeyword.groovy:48)
	at com.kms.katalon.core.webservice.keyword.builtin.VerifyElementPropertyValueKeyword.execute(VerifyElementPropertyValueKeyword.groovy:43)
	at com.kms.katalon.core.keyword.internal.KeywordExecutor.executeKeywordForPlatform(KeywordExecutor.groovy:74)
	at com.kms.katalon.core.webservice.keyword.WSBuiltInKeywords.verifyElementPropertyValue(WSBuiltInKeywords.groovy:189)
	at com.kms.katalon.core.webservice.keyword.WSBuiltInKeywords$verifyElementPropertyValue$1.call(Unknown Source)
	at Engine Scoring.run(Engine Scoring:108)
	at com.kms.katalon.core.main.ScriptEngine.run(ScriptEngine.java:194)
	at com.kms.katalon.core.main.ScriptEngine.runScriptAsRawText(ScriptEngine.java:119)
	at com.kms.katalon.core.main.TestCaseExecutor.runScript(TestCaseExecutor.java:442)
	at com.kms.katalon.core.main.TestCaseExecutor.doExecute(TestCaseExecutor.java:433)
	at com.kms.katalon.core.main.TestCaseExecutor.processExecutionPhase(TestCaseExecutor.java:412)
	at com.kms.katalon.core.main.TestCaseExecutor.accessMainPhase(TestCaseExecutor.java:404)
	at com.kms.katalon.core.main.TestCaseExecutor.execute(TestCaseExecutor.java:281)
	at com.kms.katalon.core.main.TestSuiteExecutor.accessTestCaseMainPhase(TestSuiteExecutor.java:202)
	at com.kms.katalon.core.main.TestSuiteExecutor.accessTestSuiteMainPhase(TestSuiteExecutor.java:164)
	at com.kms.katalon.core.main.TestSuiteExecutor.execute(TestSuiteExecutor.java:105)
	at com.kms.katalon.core.main.TestCaseMain.startTestSuite(TestCaseMain.java:185)
	at com.kms.katalon.core.main.TestCaseMain$startTestSuite$0.call(Unknown Source)
	at TempTestSuite1669628564646.run(TempTestSuite1669628564646.groovy:36)
)]]></system-out>
         <system-err><![CDATA[2022-11-28 16:48:02 - [TEST_CASE][FAILED] - Test Cases/Engine_Scoring/Engine Scoring: Test Cases/Engine_Scoring/Engine Scoring FAILED.
Reason:
com.kms.katalon.core.exception.StepFailedException: Expected element property value 'Reject' is not equal with actual property value ''
	at com.kms.katalon.core.keyword.internal.KeywordMain.stepFailed(KeywordMain.groovy:50)
	at com.kms.katalon.core.webservice.keyword.builtin.VerifyElementPropertyValueKeyword$_verifyElementPropertyValue_closure1.doCall(VerifyElementPropertyValueKeyword.groovy:56)
	at com.kms.katalon.core.webservice.keyword.builtin.VerifyElementPropertyValueKeyword$_verifyElementPropertyValue_closure1.call(VerifyElementPropertyValueKeyword.groovy)
	at com.kms.katalon.core.keyword.internal.KeywordMain.runKeyword(KeywordMain.groovy:74)
	at com.kms.katalon.core.webservice.keyword.builtin.VerifyElementPropertyValueKeyword.verifyElementPropertyValue(VerifyElementPropertyValueKeyword.groovy:48)
	at com.kms.katalon.core.webservice.keyword.builtin.VerifyElementPropertyValueKeyword.execute(VerifyElementPropertyValueKeyword.groovy:43)
	at com.kms.katalon.core.keyword.internal.KeywordExecutor.executeKeywordForPlatform(KeywordExecutor.groovy:74)
	at com.kms.katalon.core.webservice.keyword.WSBuiltInKeywords.verifyElementPropertyValue(WSBuiltInKeywords.groovy:189)
	at com.kms.katalon.core.webservice.keyword.WSBuiltInKeywords$verifyElementPropertyValue$1.call(Unknown Source)
	at Engine Scoring.run(Engine Scoring:108)
	at com.kms.katalon.core.main.ScriptEngine.run(ScriptEngine.java:194)
	at com.kms.katalon.core.main.ScriptEngine.runScriptAsRawText(ScriptEngine.java:119)
	at com.kms.katalon.core.main.TestCaseExecutor.runScript(TestCaseExecutor.java:442)
	at com.kms.katalon.core.main.TestCaseExecutor.doExecute(TestCaseExecutor.java:433)
	at com.kms.katalon.core.main.TestCaseExecutor.processExecutionPhase(TestCaseExecutor.java:412)
	at com.kms.katalon.core.main.TestCaseExecutor.accessMainPhase(TestCaseExecutor.java:404)
	at com.kms.katalon.core.main.TestCaseExecutor.execute(TestCaseExecutor.java:281)
	at com.kms.katalon.core.main.TestSuiteExecutor.accessTestCaseMainPhase(TestSuiteExecutor.java:202)
	at com.kms.katalon.core.main.TestSuiteExecutor.accessTestSuiteMainPhase(TestSuiteExecutor.java:164)
	at com.kms.katalon.core.main.TestSuiteExecutor.execute(TestSuiteExecutor.java:105)
	at com.kms.katalon.core.main.TestCaseMain.startTestSuite(TestCaseMain.java:185)
	at com.kms.katalon.core.main.TestCaseMain$startTestSuite$0.call(Unknown Source)
	at TempTestSuite1669628564646.run(TempTestSuite1669628564646.groovy:36)]]></system-err>
      </testcase>
      <testcase name="Test Cases/Engine_Scoring/Engine Scoring" time="6.743" classname="Test Cases/Engine_Scoring/Engine Scoring" status="FAILED">
         <failure type="FAILED" message="Test Cases/Engine_Scoring/Engine Scoring FAILED.
Reason:
com.kms.katalon.core.exception.StepFailedException: Expected element property value 'Reguler' is not equal with actual property value ''
	at com.kms.katalon.core.keyword.internal.KeywordMain.stepFailed(KeywordMain.groovy:50)
	at com.kms.katalon.core.webservice.keyword.builtin.VerifyElementPropertyValueKeyword$_verifyElementPropertyValue_closure1.doCall(VerifyElementPropertyValueKeyword.groovy:56)
	at com.kms.katalon.core.webservice.keyword.builtin.VerifyElementPropertyValueKeyword$_verifyElementPropertyValue_closure1.call(VerifyElementPropertyValueKeyword.groovy)
	at com.kms.katalon.core.keyword.internal.KeywordMain.runKeyword(KeywordMain.groovy:74)
	at com.kms.katalon.core.webservice.keyword.builtin.VerifyElementPropertyValueKeyword.verifyElementPropertyValue(VerifyElementPropertyValueKeyword.groovy:48)
	at com.kms.katalon.core.webservice.keyword.builtin.VerifyElementPropertyValueKeyword.execute(VerifyElementPropertyValueKeyword.groovy:43)
	at com.kms.katalon.core.keyword.internal.KeywordExecutor.executeKeywordForPlatform(KeywordExecutor.groovy:74)
	at com.kms.katalon.core.webservice.keyword.WSBuiltInKeywords.verifyElementPropertyValue(WSBuiltInKeywords.groovy:189)
	at com.kms.katalon.core.webservice.keyword.WSBuiltInKeywords$verifyElementPropertyValue$1.call(Unknown Source)
	at Engine Scoring.run(Engine Scoring:108)
	at com.kms.katalon.core.main.ScriptEngine.run(ScriptEngine.java:194)
	at com.kms.katalon.core.main.ScriptEngine.runScriptAsRawText(ScriptEngine.java:119)
	at com.kms.katalon.core.main.TestCaseExecutor.runScript(TestCaseExecutor.java:442)
	at com.kms.katalon.core.main.TestCaseExecutor.doExecute(TestCaseExecutor.java:433)
	at com.kms.katalon.core.main.TestCaseExecutor.processExecutionPhase(TestCaseExecutor.java:412)
	at com.kms.katalon.core.main.TestCaseExecutor.accessMainPhase(TestCaseExecutor.java:404)
	at com.kms.katalon.core.main.TestCaseExecutor.execute(TestCaseExecutor.java:281)
	at com.kms.katalon.core.main.TestSuiteExecutor.accessTestCaseMainPhase(TestSuiteExecutor.java:202)
	at com.kms.katalon.core.main.TestSuiteExecutor.accessTestSuiteMainPhase(TestSuiteExecutor.java:164)
	at com.kms.katalon.core.main.TestSuiteExecutor.execute(TestSuiteExecutor.java:105)
	at com.kms.katalon.core.main.TestCaseMain.startTestSuite(TestCaseMain.java:185)
	at com.kms.katalon.core.main.TestCaseMain$startTestSuite$0.call(Unknown Source)
	at TempTestSuite1669628564646.run(TempTestSuite1669628564646.groovy:36)
"/>
         <system-out><![CDATA[2022-11-28 16:48:09 - [TEST_CASE][FAILED] - Test Cases/Engine_Scoring/Engine Scoring: Test Cases/Engine_Scoring/Engine Scoring FAILED.
Reason:
com.kms.katalon.core.exception.StepFailedException: Expected element property value 'Reguler' is not equal with actual property value ''
	at com.kms.katalon.core.keyword.internal.KeywordMain.stepFailed(KeywordMain.groovy:50)
	at com.kms.katalon.core.webservice.keyword.builtin.VerifyElementPropertyValueKeyword$_verifyElementPropertyValue_closure1.doCall(VerifyElementPropertyValueKeyword.groovy:56)
	at com.kms.katalon.core.webservice.keyword.builtin.VerifyElementPropertyValueKeyword$_verifyElementPropertyValue_closure1.call(VerifyElementPropertyValueKeyword.groovy)
	at com.kms.katalon.core.keyword.internal.KeywordMain.runKeyword(KeywordMain.groovy:74)
	at com.kms.katalon.core.webservice.keyword.builtin.VerifyElementPropertyValueKeyword.verifyElementPropertyValue(VerifyElementPropertyValueKeyword.groovy:48)
	at com.kms.katalon.core.webservice.keyword.builtin.VerifyElementPropertyValueKeyword.execute(VerifyElementPropertyValueKeyword.groovy:43)
	at com.kms.katalon.core.keyword.internal.KeywordExecutor.executeKeywordForPlatform(KeywordExecutor.groovy:74)
	at com.kms.katalon.core.webservice.keyword.WSBuiltInKeywords.verifyElementPropertyValue(WSBuiltInKeywords.groovy:189)
	at com.kms.katalon.core.webservice.keyword.WSBuiltInKeywords$verifyElementPropertyValue$1.call(Unknown Source)
	at Engine Scoring.run(Engine Scoring:108)
	at com.kms.katalon.core.main.ScriptEngine.run(ScriptEngine.java:194)
	at com.kms.katalon.core.main.ScriptEngine.runScriptAsRawText(ScriptEngine.java:119)
	at com.kms.katalon.core.main.TestCaseExecutor.runScript(TestCaseExecutor.java:442)
	at com.kms.katalon.core.main.TestCaseExecutor.doExecute(TestCaseExecutor.java:433)
	at com.kms.katalon.core.main.TestCaseExecutor.processExecutionPhase(TestCaseExecutor.java:412)
	at com.kms.katalon.core.main.TestCaseExecutor.accessMainPhase(TestCaseExecutor.java:404)
	at com.kms.katalon.core.main.TestCaseExecutor.execute(TestCaseExecutor.java:281)
	at com.kms.katalon.core.main.TestSuiteExecutor.accessTestCaseMainPhase(TestSuiteExecutor.java:202)
	at com.kms.katalon.core.main.TestSuiteExecutor.accessTestSuiteMainPhase(TestSuiteExecutor.java:164)
	at com.kms.katalon.core.main.TestSuiteExecutor.execute(TestSuiteExecutor.java:105)
	at com.kms.katalon.core.main.TestCaseMain.startTestSuite(TestCaseMain.java:185)
	at com.kms.katalon.core.main.TestCaseMain$startTestSuite$0.call(Unknown Source)
	at TempTestSuite1669628564646.run(TempTestSuite1669628564646.groovy:36)


2022-11-28 16:48:10 - [TEST_STEP][PASSED] - markPassed("Variasi data ke : " + no): Variasi data ke : 46

2022-11-28 16:48:10 - [MESSAGE][PASSED] - Variasi data ke : 46

2022-11-28 16:48:10 - [TEST_STEP][PASSED] - req_data = sendRequest(findTestObject("Search_ME", ["MID":MID, "source":source, "ip":ip, "userid":userid, "branch":branch, "tipekons":tipekons, "marital":marital, "penjamin":penjamin, ... ])): Send request successfully

2022-11-28 16:48:11 - [MESSAGE][INFO] - HAR: D:\DMS\Engine Scoring\Reports\20221128_164243\Exclude KKB - DS - Married\Scoring Married - DS\20221128_164244\requests\main\90.har

2022-11-28 16:48:11 - [MESSAGE][PASSED] - Send request successfully

2022-11-28 16:48:11 - [TEST_STEP][PASSED] - slurper = new groovy.json.JsonSlurper(): null

2022-11-28 16:48:11 - [TEST_STEP][PASSED] - result = slurper.parseText(req_data.getResponseBodyContent()): null

2022-11-28 16:48:11 - [TEST_STEP][PASSED] - reqid_kons = requestid1: null

2022-11-28 16:48:11 - [TEST_STEP][PASSED] - reqid_spouse = requestid2: null

2022-11-28 16:48:11 - [TEST_STEP][PASSED] - println("requestid kons : " + reqid_kons): null

2022-11-28 16:48:11 - [TEST_STEP][PASSED] - response_searchME_kons = reqid_kons: null

2022-11-28 16:48:11 - [TEST_STEP][PASSED] - response_searchME_spouse = reqid_spouse: null

2022-11-28 16:48:11 - [TEST_STEP][PASSED] - println("kons req id is :" + response_searchME_kons): null

2022-11-28 16:48:11 - [TEST_STEP][PASSED] - println("spouse req id is : " + response_searchME_spouse): null

2022-11-28 16:48:11 - [TEST_STEP][PASSED] - verifyResponseStatusCode(req_data, 200): Verify response status code successfully

2022-11-28 16:48:11 - [MESSAGE][PASSED] - Verify response status code successfully

2022-11-28 16:48:11 - [TEST_STEP][PASSED] - response = req_data.getResponseText(): null

2022-11-28 16:48:11 - [TEST_STEP][PASSED] - logInfo($response): {"status":"Done","data":{"requestid1":"256756","requestid2":"256757"}}

2022-11-28 16:48:11 - [MESSAGE][INFO] - {"status":"Done","data":{"requestid1":"256756","requestid2":"256757"}}

2022-11-28 16:48:11 - [TEST_STEP][PASSED] - delay(5): Delayed 5 second(s)

2022-11-28 16:48:16 - [MESSAGE][PASSED] - Delayed 5 second(s)

2022-11-28 16:48:16 - [TEST_STEP][PASSED] - scoring = sendRequest(findTestObject("EngineScore", ["response_searchME_kons":response_searchME_kons, "response_searchME_spouse":response_searchME_spouse])): Send request successfully

2022-11-28 16:48:16 - [MESSAGE][INFO] - HAR: D:\DMS\Engine Scoring\Reports\20221128_164243\Exclude KKB - DS - Married\Scoring Married - DS\20221128_164244\requests\main\91.har

2022-11-28 16:48:16 - [MESSAGE][PASSED] - Send request successfully

2022-11-28 16:48:16 - [TEST_STEP][PASSED] - verifyResponseStatusCode(scoring, 200): Verify response status code successfully

2022-11-28 16:48:16 - [MESSAGE][PASSED] - Verify response status code successfully

2022-11-28 16:48:16 - [TEST_STEP][PASSED] - response2 = scoring.getResponseText(): null

2022-11-28 16:48:16 - [TEST_STEP][PASSED] - markPassed("result service data ke : " + no): result service data ke : 46

2022-11-28 16:48:16 - [MESSAGE][PASSED] - result service data ke : 46

2022-11-28 16:48:16 - [TEST_STEP][PASSED] - logInfo($response2): {"result_konsumen":"","result_pasangan":"","Final_result":"","errorMessage":"","status":"InProgress"}

2022-11-28 16:48:16 - [MESSAGE][INFO] - {"result_konsumen":"","result_pasangan":"","Final_result":"","errorMessage":"","status":"InProgress"}

2022-11-28 16:48:16 - [TEST_STEP][FAILED] - verifyElementPropertyValue(scoring, "Final_result", final_result): Unable to verify element property value (Root cause: com.kms.katalon.core.exception.StepFailedException: Expected element property value 'Reguler' is not equal with actual property value ''
	at com.kms.katalon.core.keyword.internal.KeywordMain.stepFailed(KeywordMain.groovy:50)
	at com.kms.katalon.core.webservice.keyword.builtin.VerifyElementPropertyValueKeyword$_verifyElementPropertyValue_closure1.doCall(VerifyElementPropertyValueKeyword.groovy:56)
	at com.kms.katalon.core.webservice.keyword.builtin.VerifyElementPropertyValueKeyword$_verifyElementPropertyValue_closure1.call(VerifyElementPropertyValueKeyword.groovy)
	at com.kms.katalon.core.keyword.internal.KeywordMain.runKeyword(KeywordMain.groovy:74)
	at com.kms.katalon.core.webservice.keyword.builtin.VerifyElementPropertyValueKeyword.verifyElementPropertyValue(VerifyElementPropertyValueKeyword.groovy:48)
	at com.kms.katalon.core.webservice.keyword.builtin.VerifyElementPropertyValueKeyword.execute(VerifyElementPropertyValueKeyword.groovy:43)
	at com.kms.katalon.core.keyword.internal.KeywordExecutor.executeKeywordForPlatform(KeywordExecutor.groovy:74)
	at com.kms.katalon.core.webservice.keyword.WSBuiltInKeywords.verifyElementPropertyValue(WSBuiltInKeywords.groovy:189)
	at com.kms.katalon.core.webservice.keyword.WSBuiltInKeywords$verifyElementPropertyValue$1.call(Unknown Source)
	at Engine Scoring.run(Engine Scoring:108)
	at com.kms.katalon.core.main.ScriptEngine.run(ScriptEngine.java:194)
	at com.kms.katalon.core.main.ScriptEngine.runScriptAsRawText(ScriptEngine.java:119)
	at com.kms.katalon.core.main.TestCaseExecutor.runScript(TestCaseExecutor.java:442)
	at com.kms.katalon.core.main.TestCaseExecutor.doExecute(TestCaseExecutor.java:433)
	at com.kms.katalon.core.main.TestCaseExecutor.processExecutionPhase(TestCaseExecutor.java:412)
	at com.kms.katalon.core.main.TestCaseExecutor.accessMainPhase(TestCaseExecutor.java:404)
	at com.kms.katalon.core.main.TestCaseExecutor.execute(TestCaseExecutor.java:281)
	at com.kms.katalon.core.main.TestSuiteExecutor.accessTestCaseMainPhase(TestSuiteExecutor.java:202)
	at com.kms.katalon.core.main.TestSuiteExecutor.accessTestSuiteMainPhase(TestSuiteExecutor.java:164)
	at com.kms.katalon.core.main.TestSuiteExecutor.execute(TestSuiteExecutor.java:105)
	at com.kms.katalon.core.main.TestCaseMain.startTestSuite(TestCaseMain.java:185)
	at com.kms.katalon.core.main.TestCaseMain$startTestSuite$0.call(Unknown Source)
	at TempTestSuite1669628564646.run(TempTestSuite1669628564646.groovy:36)
)

2022-11-28 16:48:16 - [MESSAGE][FAILED] - Expected element property value 'Reguler' is not equal with actual property value ''

2022-11-28 16:48:16 - [MESSAGE][FAILED] - Unable to verify element property value (Root cause: com.kms.katalon.core.exception.StepFailedException: Expected element property value 'Reguler' is not equal with actual property value ''
	at com.kms.katalon.core.keyword.internal.KeywordMain.stepFailed(KeywordMain.groovy:50)
	at com.kms.katalon.core.webservice.keyword.builtin.VerifyElementPropertyValueKeyword$_verifyElementPropertyValue_closure1.doCall(VerifyElementPropertyValueKeyword.groovy:56)
	at com.kms.katalon.core.webservice.keyword.builtin.VerifyElementPropertyValueKeyword$_verifyElementPropertyValue_closure1.call(VerifyElementPropertyValueKeyword.groovy)
	at com.kms.katalon.core.keyword.internal.KeywordMain.runKeyword(KeywordMain.groovy:74)
	at com.kms.katalon.core.webservice.keyword.builtin.VerifyElementPropertyValueKeyword.verifyElementPropertyValue(VerifyElementPropertyValueKeyword.groovy:48)
	at com.kms.katalon.core.webservice.keyword.builtin.VerifyElementPropertyValueKeyword.execute(VerifyElementPropertyValueKeyword.groovy:43)
	at com.kms.katalon.core.keyword.internal.KeywordExecutor.executeKeywordForPlatform(KeywordExecutor.groovy:74)
	at com.kms.katalon.core.webservice.keyword.WSBuiltInKeywords.verifyElementPropertyValue(WSBuiltInKeywords.groovy:189)
	at com.kms.katalon.core.webservice.keyword.WSBuiltInKeywords$verifyElementPropertyValue$1.call(Unknown Source)
	at Engine Scoring.run(Engine Scoring:108)
	at com.kms.katalon.core.main.ScriptEngine.run(ScriptEngine.java:194)
	at com.kms.katalon.core.main.ScriptEngine.runScriptAsRawText(ScriptEngine.java:119)
	at com.kms.katalon.core.main.TestCaseExecutor.runScript(TestCaseExecutor.java:442)
	at com.kms.katalon.core.main.TestCaseExecutor.doExecute(TestCaseExecutor.java:433)
	at com.kms.katalon.core.main.TestCaseExecutor.processExecutionPhase(TestCaseExecutor.java:412)
	at com.kms.katalon.core.main.TestCaseExecutor.accessMainPhase(TestCaseExecutor.java:404)
	at com.kms.katalon.core.main.TestCaseExecutor.execute(TestCaseExecutor.java:281)
	at com.kms.katalon.core.main.TestSuiteExecutor.accessTestCaseMainPhase(TestSuiteExecutor.java:202)
	at com.kms.katalon.core.main.TestSuiteExecutor.accessTestSuiteMainPhase(TestSuiteExecutor.java:164)
	at com.kms.katalon.core.main.TestSuiteExecutor.execute(TestSuiteExecutor.java:105)
	at com.kms.katalon.core.main.TestCaseMain.startTestSuite(TestCaseMain.java:185)
	at com.kms.katalon.core.main.TestCaseMain$startTestSuite$0.call(Unknown Source)
	at TempTestSuite1669628564646.run(TempTestSuite1669628564646.groovy:36)
)]]></system-out>
         <system-err><![CDATA[2022-11-28 16:48:09 - [TEST_CASE][FAILED] - Test Cases/Engine_Scoring/Engine Scoring: Test Cases/Engine_Scoring/Engine Scoring FAILED.
Reason:
com.kms.katalon.core.exception.StepFailedException: Expected element property value 'Reguler' is not equal with actual property value ''
	at com.kms.katalon.core.keyword.internal.KeywordMain.stepFailed(KeywordMain.groovy:50)
	at com.kms.katalon.core.webservice.keyword.builtin.VerifyElementPropertyValueKeyword$_verifyElementPropertyValue_closure1.doCall(VerifyElementPropertyValueKeyword.groovy:56)
	at com.kms.katalon.core.webservice.keyword.builtin.VerifyElementPropertyValueKeyword$_verifyElementPropertyValue_closure1.call(VerifyElementPropertyValueKeyword.groovy)
	at com.kms.katalon.core.keyword.internal.KeywordMain.runKeyword(KeywordMain.groovy:74)
	at com.kms.katalon.core.webservice.keyword.builtin.VerifyElementPropertyValueKeyword.verifyElementPropertyValue(VerifyElementPropertyValueKeyword.groovy:48)
	at com.kms.katalon.core.webservice.keyword.builtin.VerifyElementPropertyValueKeyword.execute(VerifyElementPropertyValueKeyword.groovy:43)
	at com.kms.katalon.core.keyword.internal.KeywordExecutor.executeKeywordForPlatform(KeywordExecutor.groovy:74)
	at com.kms.katalon.core.webservice.keyword.WSBuiltInKeywords.verifyElementPropertyValue(WSBuiltInKeywords.groovy:189)
	at com.kms.katalon.core.webservice.keyword.WSBuiltInKeywords$verifyElementPropertyValue$1.call(Unknown Source)
	at Engine Scoring.run(Engine Scoring:108)
	at com.kms.katalon.core.main.ScriptEngine.run(ScriptEngine.java:194)
	at com.kms.katalon.core.main.ScriptEngine.runScriptAsRawText(ScriptEngine.java:119)
	at com.kms.katalon.core.main.TestCaseExecutor.runScript(TestCaseExecutor.java:442)
	at com.kms.katalon.core.main.TestCaseExecutor.doExecute(TestCaseExecutor.java:433)
	at com.kms.katalon.core.main.TestCaseExecutor.processExecutionPhase(TestCaseExecutor.java:412)
	at com.kms.katalon.core.main.TestCaseExecutor.accessMainPhase(TestCaseExecutor.java:404)
	at com.kms.katalon.core.main.TestCaseExecutor.execute(TestCaseExecutor.java:281)
	at com.kms.katalon.core.main.TestSuiteExecutor.accessTestCaseMainPhase(TestSuiteExecutor.java:202)
	at com.kms.katalon.core.main.TestSuiteExecutor.accessTestSuiteMainPhase(TestSuiteExecutor.java:164)
	at com.kms.katalon.core.main.TestSuiteExecutor.execute(TestSuiteExecutor.java:105)
	at com.kms.katalon.core.main.TestCaseMain.startTestSuite(TestCaseMain.java:185)
	at com.kms.katalon.core.main.TestCaseMain$startTestSuite$0.call(Unknown Source)
	at TempTestSuite1669628564646.run(TempTestSuite1669628564646.groovy:36)]]></system-err>
      </testcase>
      <testcase name="Test Cases/Engine_Scoring/Engine Scoring" time="6.742" classname="Test Cases/Engine_Scoring/Engine Scoring" status="FAILED">
         <failure type="FAILED" message="Test Cases/Engine_Scoring/Engine Scoring FAILED.
Reason:
com.kms.katalon.core.exception.StepFailedException: Expected element property value 'Reguler' is not equal with actual property value ''
	at com.kms.katalon.core.keyword.internal.KeywordMain.stepFailed(KeywordMain.groovy:50)
	at com.kms.katalon.core.webservice.keyword.builtin.VerifyElementPropertyValueKeyword$_verifyElementPropertyValue_closure1.doCall(VerifyElementPropertyValueKeyword.groovy:56)
	at com.kms.katalon.core.webservice.keyword.builtin.VerifyElementPropertyValueKeyword$_verifyElementPropertyValue_closure1.call(VerifyElementPropertyValueKeyword.groovy)
	at com.kms.katalon.core.keyword.internal.KeywordMain.runKeyword(KeywordMain.groovy:74)
	at com.kms.katalon.core.webservice.keyword.builtin.VerifyElementPropertyValueKeyword.verifyElementPropertyValue(VerifyElementPropertyValueKeyword.groovy:48)
	at com.kms.katalon.core.webservice.keyword.builtin.VerifyElementPropertyValueKeyword.execute(VerifyElementPropertyValueKeyword.groovy:43)
	at com.kms.katalon.core.keyword.internal.KeywordExecutor.executeKeywordForPlatform(KeywordExecutor.groovy:74)
	at com.kms.katalon.core.webservice.keyword.WSBuiltInKeywords.verifyElementPropertyValue(WSBuiltInKeywords.groovy:189)
	at com.kms.katalon.core.webservice.keyword.WSBuiltInKeywords$verifyElementPropertyValue$1.call(Unknown Source)
	at Engine Scoring.run(Engine Scoring:108)
	at com.kms.katalon.core.main.ScriptEngine.run(ScriptEngine.java:194)
	at com.kms.katalon.core.main.ScriptEngine.runScriptAsRawText(ScriptEngine.java:119)
	at com.kms.katalon.core.main.TestCaseExecutor.runScript(TestCaseExecutor.java:442)
	at com.kms.katalon.core.main.TestCaseExecutor.doExecute(TestCaseExecutor.java:433)
	at com.kms.katalon.core.main.TestCaseExecutor.processExecutionPhase(TestCaseExecutor.java:412)
	at com.kms.katalon.core.main.TestCaseExecutor.accessMainPhase(TestCaseExecutor.java:404)
	at com.kms.katalon.core.main.TestCaseExecutor.execute(TestCaseExecutor.java:281)
	at com.kms.katalon.core.main.TestSuiteExecutor.accessTestCaseMainPhase(TestSuiteExecutor.java:202)
	at com.kms.katalon.core.main.TestSuiteExecutor.accessTestSuiteMainPhase(TestSuiteExecutor.java:164)
	at com.kms.katalon.core.main.TestSuiteExecutor.execute(TestSuiteExecutor.java:105)
	at com.kms.katalon.core.main.TestCaseMain.startTestSuite(TestCaseMain.java:185)
	at com.kms.katalon.core.main.TestCaseMain$startTestSuite$0.call(Unknown Source)
	at TempTestSuite1669628564646.run(TempTestSuite1669628564646.groovy:36)
"/>
         <system-out><![CDATA[2022-11-28 16:48:16 - [TEST_CASE][FAILED] - Test Cases/Engine_Scoring/Engine Scoring: Test Cases/Engine_Scoring/Engine Scoring FAILED.
Reason:
com.kms.katalon.core.exception.StepFailedException: Expected element property value 'Reguler' is not equal with actual property value ''
	at com.kms.katalon.core.keyword.internal.KeywordMain.stepFailed(KeywordMain.groovy:50)
	at com.kms.katalon.core.webservice.keyword.builtin.VerifyElementPropertyValueKeyword$_verifyElementPropertyValue_closure1.doCall(VerifyElementPropertyValueKeyword.groovy:56)
	at com.kms.katalon.core.webservice.keyword.builtin.VerifyElementPropertyValueKeyword$_verifyElementPropertyValue_closure1.call(VerifyElementPropertyValueKeyword.groovy)
	at com.kms.katalon.core.keyword.internal.KeywordMain.runKeyword(KeywordMain.groovy:74)
	at com.kms.katalon.core.webservice.keyword.builtin.VerifyElementPropertyValueKeyword.verifyElementPropertyValue(VerifyElementPropertyValueKeyword.groovy:48)
	at com.kms.katalon.core.webservice.keyword.builtin.VerifyElementPropertyValueKeyword.execute(VerifyElementPropertyValueKeyword.groovy:43)
	at com.kms.katalon.core.keyword.internal.KeywordExecutor.executeKeywordForPlatform(KeywordExecutor.groovy:74)
	at com.kms.katalon.core.webservice.keyword.WSBuiltInKeywords.verifyElementPropertyValue(WSBuiltInKeywords.groovy:189)
	at com.kms.katalon.core.webservice.keyword.WSBuiltInKeywords$verifyElementPropertyValue$1.call(Unknown Source)
	at Engine Scoring.run(Engine Scoring:108)
	at com.kms.katalon.core.main.ScriptEngine.run(ScriptEngine.java:194)
	at com.kms.katalon.core.main.ScriptEngine.runScriptAsRawText(ScriptEngine.java:119)
	at com.kms.katalon.core.main.TestCaseExecutor.runScript(TestCaseExecutor.java:442)
	at com.kms.katalon.core.main.TestCaseExecutor.doExecute(TestCaseExecutor.java:433)
	at com.kms.katalon.core.main.TestCaseExecutor.processExecutionPhase(TestCaseExecutor.java:412)
	at com.kms.katalon.core.main.TestCaseExecutor.accessMainPhase(TestCaseExecutor.java:404)
	at com.kms.katalon.core.main.TestCaseExecutor.execute(TestCaseExecutor.java:281)
	at com.kms.katalon.core.main.TestSuiteExecutor.accessTestCaseMainPhase(TestSuiteExecutor.java:202)
	at com.kms.katalon.core.main.TestSuiteExecutor.accessTestSuiteMainPhase(TestSuiteExecutor.java:164)
	at com.kms.katalon.core.main.TestSuiteExecutor.execute(TestSuiteExecutor.java:105)
	at com.kms.katalon.core.main.TestCaseMain.startTestSuite(TestCaseMain.java:185)
	at com.kms.katalon.core.main.TestCaseMain$startTestSuite$0.call(Unknown Source)
	at TempTestSuite1669628564646.run(TempTestSuite1669628564646.groovy:36)


2022-11-28 16:48:17 - [TEST_STEP][PASSED] - markPassed("Variasi data ke : " + no): Variasi data ke : 47

2022-11-28 16:48:17 - [MESSAGE][PASSED] - Variasi data ke : 47

2022-11-28 16:48:17 - [TEST_STEP][PASSED] - req_data = sendRequest(findTestObject("Search_ME", ["MID":MID, "source":source, "ip":ip, "userid":userid, "branch":branch, "tipekons":tipekons, "marital":marital, "penjamin":penjamin, ... ])): Send request successfully

2022-11-28 16:48:17 - [MESSAGE][INFO] - HAR: D:\DMS\Engine Scoring\Reports\20221128_164243\Exclude KKB - DS - Married\Scoring Married - DS\20221128_164244\requests\main\92.har

2022-11-28 16:48:17 - [MESSAGE][PASSED] - Send request successfully

2022-11-28 16:48:17 - [TEST_STEP][PASSED] - slurper = new groovy.json.JsonSlurper(): null

2022-11-28 16:48:17 - [TEST_STEP][PASSED] - result = slurper.parseText(req_data.getResponseBodyContent()): null

2022-11-28 16:48:17 - [TEST_STEP][PASSED] - reqid_kons = requestid1: null

2022-11-28 16:48:17 - [TEST_STEP][PASSED] - reqid_spouse = requestid2: null

2022-11-28 16:48:17 - [TEST_STEP][PASSED] - println("requestid kons : " + reqid_kons): null

2022-11-28 16:48:17 - [TEST_STEP][PASSED] - response_searchME_kons = reqid_kons: null

2022-11-28 16:48:17 - [TEST_STEP][PASSED] - response_searchME_spouse = reqid_spouse: null

2022-11-28 16:48:17 - [TEST_STEP][PASSED] - println("kons req id is :" + response_searchME_kons): null

2022-11-28 16:48:17 - [TEST_STEP][PASSED] - println("spouse req id is : " + response_searchME_spouse): null

2022-11-28 16:48:17 - [TEST_STEP][PASSED] - verifyResponseStatusCode(req_data, 200): Verify response status code successfully

2022-11-28 16:48:17 - [MESSAGE][PASSED] - Verify response status code successfully

2022-11-28 16:48:17 - [TEST_STEP][PASSED] - response = req_data.getResponseText(): null

2022-11-28 16:48:17 - [TEST_STEP][PASSED] - logInfo($response): {"status":"Done","data":{"requestid1":"256758","requestid2":"256759"}}

2022-11-28 16:48:17 - [MESSAGE][INFO] - {"status":"Done","data":{"requestid1":"256758","requestid2":"256759"}}

2022-11-28 16:48:17 - [TEST_STEP][PASSED] - delay(5): Delayed 5 second(s)

2022-11-28 16:48:22 - [MESSAGE][PASSED] - Delayed 5 second(s)

2022-11-28 16:48:22 - [TEST_STEP][PASSED] - scoring = sendRequest(findTestObject("EngineScore", ["response_searchME_kons":response_searchME_kons, "response_searchME_spouse":response_searchME_spouse])): Send request successfully

2022-11-28 16:48:22 - [MESSAGE][INFO] - HAR: D:\DMS\Engine Scoring\Reports\20221128_164243\Exclude KKB - DS - Married\Scoring Married - DS\20221128_164244\requests\main\93.har

2022-11-28 16:48:22 - [MESSAGE][PASSED] - Send request successfully

2022-11-28 16:48:22 - [TEST_STEP][PASSED] - verifyResponseStatusCode(scoring, 200): Verify response status code successfully

2022-11-28 16:48:22 - [MESSAGE][PASSED] - Verify response status code successfully

2022-11-28 16:48:22 - [TEST_STEP][PASSED] - response2 = scoring.getResponseText(): null

2022-11-28 16:48:22 - [TEST_STEP][PASSED] - markPassed("result service data ke : " + no): result service data ke : 47

2022-11-28 16:48:22 - [MESSAGE][PASSED] - result service data ke : 47

2022-11-28 16:48:22 - [TEST_STEP][PASSED] - logInfo($response2): {"result_konsumen":"","result_pasangan":"","Final_result":"","errorMessage":"","status":"InProgress"}

2022-11-28 16:48:22 - [MESSAGE][INFO] - {"result_konsumen":"","result_pasangan":"","Final_result":"","errorMessage":"","status":"InProgress"}

2022-11-28 16:48:22 - [TEST_STEP][FAILED] - verifyElementPropertyValue(scoring, "Final_result", final_result): Unable to verify element property value (Root cause: com.kms.katalon.core.exception.StepFailedException: Expected element property value 'Reguler' is not equal with actual property value ''
	at com.kms.katalon.core.keyword.internal.KeywordMain.stepFailed(KeywordMain.groovy:50)
	at com.kms.katalon.core.webservice.keyword.builtin.VerifyElementPropertyValueKeyword$_verifyElementPropertyValue_closure1.doCall(VerifyElementPropertyValueKeyword.groovy:56)
	at com.kms.katalon.core.webservice.keyword.builtin.VerifyElementPropertyValueKeyword$_verifyElementPropertyValue_closure1.call(VerifyElementPropertyValueKeyword.groovy)
	at com.kms.katalon.core.keyword.internal.KeywordMain.runKeyword(KeywordMain.groovy:74)
	at com.kms.katalon.core.webservice.keyword.builtin.VerifyElementPropertyValueKeyword.verifyElementPropertyValue(VerifyElementPropertyValueKeyword.groovy:48)
	at com.kms.katalon.core.webservice.keyword.builtin.VerifyElementPropertyValueKeyword.execute(VerifyElementPropertyValueKeyword.groovy:43)
	at com.kms.katalon.core.keyword.internal.KeywordExecutor.executeKeywordForPlatform(KeywordExecutor.groovy:74)
	at com.kms.katalon.core.webservice.keyword.WSBuiltInKeywords.verifyElementPropertyValue(WSBuiltInKeywords.groovy:189)
	at com.kms.katalon.core.webservice.keyword.WSBuiltInKeywords$verifyElementPropertyValue$1.call(Unknown Source)
	at Engine Scoring.run(Engine Scoring:108)
	at com.kms.katalon.core.main.ScriptEngine.run(ScriptEngine.java:194)
	at com.kms.katalon.core.main.ScriptEngine.runScriptAsRawText(ScriptEngine.java:119)
	at com.kms.katalon.core.main.TestCaseExecutor.runScript(TestCaseExecutor.java:442)
	at com.kms.katalon.core.main.TestCaseExecutor.doExecute(TestCaseExecutor.java:433)
	at com.kms.katalon.core.main.TestCaseExecutor.processExecutionPhase(TestCaseExecutor.java:412)
	at com.kms.katalon.core.main.TestCaseExecutor.accessMainPhase(TestCaseExecutor.java:404)
	at com.kms.katalon.core.main.TestCaseExecutor.execute(TestCaseExecutor.java:281)
	at com.kms.katalon.core.main.TestSuiteExecutor.accessTestCaseMainPhase(TestSuiteExecutor.java:202)
	at com.kms.katalon.core.main.TestSuiteExecutor.accessTestSuiteMainPhase(TestSuiteExecutor.java:164)
	at com.kms.katalon.core.main.TestSuiteExecutor.execute(TestSuiteExecutor.java:105)
	at com.kms.katalon.core.main.TestCaseMain.startTestSuite(TestCaseMain.java:185)
	at com.kms.katalon.core.main.TestCaseMain$startTestSuite$0.call(Unknown Source)
	at TempTestSuite1669628564646.run(TempTestSuite1669628564646.groovy:36)
)

2022-11-28 16:48:22 - [MESSAGE][FAILED] - Expected element property value 'Reguler' is not equal with actual property value ''

2022-11-28 16:48:22 - [MESSAGE][FAILED] - Unable to verify element property value (Root cause: com.kms.katalon.core.exception.StepFailedException: Expected element property value 'Reguler' is not equal with actual property value ''
	at com.kms.katalon.core.keyword.internal.KeywordMain.stepFailed(KeywordMain.groovy:50)
	at com.kms.katalon.core.webservice.keyword.builtin.VerifyElementPropertyValueKeyword$_verifyElementPropertyValue_closure1.doCall(VerifyElementPropertyValueKeyword.groovy:56)
	at com.kms.katalon.core.webservice.keyword.builtin.VerifyElementPropertyValueKeyword$_verifyElementPropertyValue_closure1.call(VerifyElementPropertyValueKeyword.groovy)
	at com.kms.katalon.core.keyword.internal.KeywordMain.runKeyword(KeywordMain.groovy:74)
	at com.kms.katalon.core.webservice.keyword.builtin.VerifyElementPropertyValueKeyword.verifyElementPropertyValue(VerifyElementPropertyValueKeyword.groovy:48)
	at com.kms.katalon.core.webservice.keyword.builtin.VerifyElementPropertyValueKeyword.execute(VerifyElementPropertyValueKeyword.groovy:43)
	at com.kms.katalon.core.keyword.internal.KeywordExecutor.executeKeywordForPlatform(KeywordExecutor.groovy:74)
	at com.kms.katalon.core.webservice.keyword.WSBuiltInKeywords.verifyElementPropertyValue(WSBuiltInKeywords.groovy:189)
	at com.kms.katalon.core.webservice.keyword.WSBuiltInKeywords$verifyElementPropertyValue$1.call(Unknown Source)
	at Engine Scoring.run(Engine Scoring:108)
	at com.kms.katalon.core.main.ScriptEngine.run(ScriptEngine.java:194)
	at com.kms.katalon.core.main.ScriptEngine.runScriptAsRawText(ScriptEngine.java:119)
	at com.kms.katalon.core.main.TestCaseExecutor.runScript(TestCaseExecutor.java:442)
	at com.kms.katalon.core.main.TestCaseExecutor.doExecute(TestCaseExecutor.java:433)
	at com.kms.katalon.core.main.TestCaseExecutor.processExecutionPhase(TestCaseExecutor.java:412)
	at com.kms.katalon.core.main.TestCaseExecutor.accessMainPhase(TestCaseExecutor.java:404)
	at com.kms.katalon.core.main.TestCaseExecutor.execute(TestCaseExecutor.java:281)
	at com.kms.katalon.core.main.TestSuiteExecutor.accessTestCaseMainPhase(TestSuiteExecutor.java:202)
	at com.kms.katalon.core.main.TestSuiteExecutor.accessTestSuiteMainPhase(TestSuiteExecutor.java:164)
	at com.kms.katalon.core.main.TestSuiteExecutor.execute(TestSuiteExecutor.java:105)
	at com.kms.katalon.core.main.TestCaseMain.startTestSuite(TestCaseMain.java:185)
	at com.kms.katalon.core.main.TestCaseMain$startTestSuite$0.call(Unknown Source)
	at TempTestSuite1669628564646.run(TempTestSuite1669628564646.groovy:36)
)]]></system-out>
         <system-err><![CDATA[2022-11-28 16:48:16 - [TEST_CASE][FAILED] - Test Cases/Engine_Scoring/Engine Scoring: Test Cases/Engine_Scoring/Engine Scoring FAILED.
Reason:
com.kms.katalon.core.exception.StepFailedException: Expected element property value 'Reguler' is not equal with actual property value ''
	at com.kms.katalon.core.keyword.internal.KeywordMain.stepFailed(KeywordMain.groovy:50)
	at com.kms.katalon.core.webservice.keyword.builtin.VerifyElementPropertyValueKeyword$_verifyElementPropertyValue_closure1.doCall(VerifyElementPropertyValueKeyword.groovy:56)
	at com.kms.katalon.core.webservice.keyword.builtin.VerifyElementPropertyValueKeyword$_verifyElementPropertyValue_closure1.call(VerifyElementPropertyValueKeyword.groovy)
	at com.kms.katalon.core.keyword.internal.KeywordMain.runKeyword(KeywordMain.groovy:74)
	at com.kms.katalon.core.webservice.keyword.builtin.VerifyElementPropertyValueKeyword.verifyElementPropertyValue(VerifyElementPropertyValueKeyword.groovy:48)
	at com.kms.katalon.core.webservice.keyword.builtin.VerifyElementPropertyValueKeyword.execute(VerifyElementPropertyValueKeyword.groovy:43)
	at com.kms.katalon.core.keyword.internal.KeywordExecutor.executeKeywordForPlatform(KeywordExecutor.groovy:74)
	at com.kms.katalon.core.webservice.keyword.WSBuiltInKeywords.verifyElementPropertyValue(WSBuiltInKeywords.groovy:189)
	at com.kms.katalon.core.webservice.keyword.WSBuiltInKeywords$verifyElementPropertyValue$1.call(Unknown Source)
	at Engine Scoring.run(Engine Scoring:108)
	at com.kms.katalon.core.main.ScriptEngine.run(ScriptEngine.java:194)
	at com.kms.katalon.core.main.ScriptEngine.runScriptAsRawText(ScriptEngine.java:119)
	at com.kms.katalon.core.main.TestCaseExecutor.runScript(TestCaseExecutor.java:442)
	at com.kms.katalon.core.main.TestCaseExecutor.doExecute(TestCaseExecutor.java:433)
	at com.kms.katalon.core.main.TestCaseExecutor.processExecutionPhase(TestCaseExecutor.java:412)
	at com.kms.katalon.core.main.TestCaseExecutor.accessMainPhase(TestCaseExecutor.java:404)
	at com.kms.katalon.core.main.TestCaseExecutor.execute(TestCaseExecutor.java:281)
	at com.kms.katalon.core.main.TestSuiteExecutor.accessTestCaseMainPhase(TestSuiteExecutor.java:202)
	at com.kms.katalon.core.main.TestSuiteExecutor.accessTestSuiteMainPhase(TestSuiteExecutor.java:164)
	at com.kms.katalon.core.main.TestSuiteExecutor.execute(TestSuiteExecutor.java:105)
	at com.kms.katalon.core.main.TestCaseMain.startTestSuite(TestCaseMain.java:185)
	at com.kms.katalon.core.main.TestCaseMain$startTestSuite$0.call(Unknown Source)
	at TempTestSuite1669628564646.run(TempTestSuite1669628564646.groovy:36)]]></system-err>
      </testcase>
      <testcase name="Test Cases/Engine_Scoring/Engine Scoring" time="6.853" classname="Test Cases/Engine_Scoring/Engine Scoring" status="FAILED">
         <failure type="FAILED" message="Test Cases/Engine_Scoring/Engine Scoring FAILED.
Reason:
com.kms.katalon.core.exception.StepFailedException: Expected element property value 'Reguler' is not equal with actual property value ''
	at com.kms.katalon.core.keyword.internal.KeywordMain.stepFailed(KeywordMain.groovy:50)
	at com.kms.katalon.core.webservice.keyword.builtin.VerifyElementPropertyValueKeyword$_verifyElementPropertyValue_closure1.doCall(VerifyElementPropertyValueKeyword.groovy:56)
	at com.kms.katalon.core.webservice.keyword.builtin.VerifyElementPropertyValueKeyword$_verifyElementPropertyValue_closure1.call(VerifyElementPropertyValueKeyword.groovy)
	at com.kms.katalon.core.keyword.internal.KeywordMain.runKeyword(KeywordMain.groovy:74)
	at com.kms.katalon.core.webservice.keyword.builtin.VerifyElementPropertyValueKeyword.verifyElementPropertyValue(VerifyElementPropertyValueKeyword.groovy:48)
	at com.kms.katalon.core.webservice.keyword.builtin.VerifyElementPropertyValueKeyword.execute(VerifyElementPropertyValueKeyword.groovy:43)
	at com.kms.katalon.core.keyword.internal.KeywordExecutor.executeKeywordForPlatform(KeywordExecutor.groovy:74)
	at com.kms.katalon.core.webservice.keyword.WSBuiltInKeywords.verifyElementPropertyValue(WSBuiltInKeywords.groovy:189)
	at com.kms.katalon.core.webservice.keyword.WSBuiltInKeywords$verifyElementPropertyValue$1.call(Unknown Source)
	at Engine Scoring.run(Engine Scoring:108)
	at com.kms.katalon.core.main.ScriptEngine.run(ScriptEngine.java:194)
	at com.kms.katalon.core.main.ScriptEngine.runScriptAsRawText(ScriptEngine.java:119)
	at com.kms.katalon.core.main.TestCaseExecutor.runScript(TestCaseExecutor.java:442)
	at com.kms.katalon.core.main.TestCaseExecutor.doExecute(TestCaseExecutor.java:433)
	at com.kms.katalon.core.main.TestCaseExecutor.processExecutionPhase(TestCaseExecutor.java:412)
	at com.kms.katalon.core.main.TestCaseExecutor.accessMainPhase(TestCaseExecutor.java:404)
	at com.kms.katalon.core.main.TestCaseExecutor.execute(TestCaseExecutor.java:281)
	at com.kms.katalon.core.main.TestSuiteExecutor.accessTestCaseMainPhase(TestSuiteExecutor.java:202)
	at com.kms.katalon.core.main.TestSuiteExecutor.accessTestSuiteMainPhase(TestSuiteExecutor.java:164)
	at com.kms.katalon.core.main.TestSuiteExecutor.execute(TestSuiteExecutor.java:105)
	at com.kms.katalon.core.main.TestCaseMain.startTestSuite(TestCaseMain.java:185)
	at com.kms.katalon.core.main.TestCaseMain$startTestSuite$0.call(Unknown Source)
	at TempTestSuite1669628564646.run(TempTestSuite1669628564646.groovy:36)
"/>
         <system-out><![CDATA[2022-11-28 16:48:23 - [TEST_CASE][FAILED] - Test Cases/Engine_Scoring/Engine Scoring: Test Cases/Engine_Scoring/Engine Scoring FAILED.
Reason:
com.kms.katalon.core.exception.StepFailedException: Expected element property value 'Reguler' is not equal with actual property value ''
	at com.kms.katalon.core.keyword.internal.KeywordMain.stepFailed(KeywordMain.groovy:50)
	at com.kms.katalon.core.webservice.keyword.builtin.VerifyElementPropertyValueKeyword$_verifyElementPropertyValue_closure1.doCall(VerifyElementPropertyValueKeyword.groovy:56)
	at com.kms.katalon.core.webservice.keyword.builtin.VerifyElementPropertyValueKeyword$_verifyElementPropertyValue_closure1.call(VerifyElementPropertyValueKeyword.groovy)
	at com.kms.katalon.core.keyword.internal.KeywordMain.runKeyword(KeywordMain.groovy:74)
	at com.kms.katalon.core.webservice.keyword.builtin.VerifyElementPropertyValueKeyword.verifyElementPropertyValue(VerifyElementPropertyValueKeyword.groovy:48)
	at com.kms.katalon.core.webservice.keyword.builtin.VerifyElementPropertyValueKeyword.execute(VerifyElementPropertyValueKeyword.groovy:43)
	at com.kms.katalon.core.keyword.internal.KeywordExecutor.executeKeywordForPlatform(KeywordExecutor.groovy:74)
	at com.kms.katalon.core.webservice.keyword.WSBuiltInKeywords.verifyElementPropertyValue(WSBuiltInKeywords.groovy:189)
	at com.kms.katalon.core.webservice.keyword.WSBuiltInKeywords$verifyElementPropertyValue$1.call(Unknown Source)
	at Engine Scoring.run(Engine Scoring:108)
	at com.kms.katalon.core.main.ScriptEngine.run(ScriptEngine.java:194)
	at com.kms.katalon.core.main.ScriptEngine.runScriptAsRawText(ScriptEngine.java:119)
	at com.kms.katalon.core.main.TestCaseExecutor.runScript(TestCaseExecutor.java:442)
	at com.kms.katalon.core.main.TestCaseExecutor.doExecute(TestCaseExecutor.java:433)
	at com.kms.katalon.core.main.TestCaseExecutor.processExecutionPhase(TestCaseExecutor.java:412)
	at com.kms.katalon.core.main.TestCaseExecutor.accessMainPhase(TestCaseExecutor.java:404)
	at com.kms.katalon.core.main.TestCaseExecutor.execute(TestCaseExecutor.java:281)
	at com.kms.katalon.core.main.TestSuiteExecutor.accessTestCaseMainPhase(TestSuiteExecutor.java:202)
	at com.kms.katalon.core.main.TestSuiteExecutor.accessTestSuiteMainPhase(TestSuiteExecutor.java:164)
	at com.kms.katalon.core.main.TestSuiteExecutor.execute(TestSuiteExecutor.java:105)
	at com.kms.katalon.core.main.TestCaseMain.startTestSuite(TestCaseMain.java:185)
	at com.kms.katalon.core.main.TestCaseMain$startTestSuite$0.call(Unknown Source)
	at TempTestSuite1669628564646.run(TempTestSuite1669628564646.groovy:36)


2022-11-28 16:48:23 - [TEST_STEP][PASSED] - markPassed("Variasi data ke : " + no): Variasi data ke : 48

2022-11-28 16:48:23 - [MESSAGE][PASSED] - Variasi data ke : 48

2022-11-28 16:48:23 - [TEST_STEP][PASSED] - req_data = sendRequest(findTestObject("Search_ME", ["MID":MID, "source":source, "ip":ip, "userid":userid, "branch":branch, "tipekons":tipekons, "marital":marital, "penjamin":penjamin, ... ])): Send request successfully

2022-11-28 16:48:24 - [MESSAGE][INFO] - HAR: D:\DMS\Engine Scoring\Reports\20221128_164243\Exclude KKB - DS - Married\Scoring Married - DS\20221128_164244\requests\main\94.har

2022-11-28 16:48:24 - [MESSAGE][PASSED] - Send request successfully

2022-11-28 16:48:24 - [TEST_STEP][PASSED] - slurper = new groovy.json.JsonSlurper(): null

2022-11-28 16:48:24 - [TEST_STEP][PASSED] - result = slurper.parseText(req_data.getResponseBodyContent()): null

2022-11-28 16:48:24 - [TEST_STEP][PASSED] - reqid_kons = requestid1: null

2022-11-28 16:48:24 - [TEST_STEP][PASSED] - reqid_spouse = requestid2: null

2022-11-28 16:48:24 - [TEST_STEP][PASSED] - println("requestid kons : " + reqid_kons): null

2022-11-28 16:48:24 - [TEST_STEP][PASSED] - response_searchME_kons = reqid_kons: null

2022-11-28 16:48:24 - [TEST_STEP][PASSED] - response_searchME_spouse = reqid_spouse: null

2022-11-28 16:48:24 - [TEST_STEP][PASSED] - println("kons req id is :" + response_searchME_kons): null

2022-11-28 16:48:24 - [TEST_STEP][PASSED] - println("spouse req id is : " + response_searchME_spouse): null

2022-11-28 16:48:24 - [TEST_STEP][PASSED] - verifyResponseStatusCode(req_data, 200): Verify response status code successfully

2022-11-28 16:48:24 - [MESSAGE][PASSED] - Verify response status code successfully

2022-11-28 16:48:24 - [TEST_STEP][PASSED] - response = req_data.getResponseText(): null

2022-11-28 16:48:24 - [TEST_STEP][PASSED] - logInfo($response): {"status":"Done","data":{"requestid1":"256760","requestid2":"256761"}}

2022-11-28 16:48:24 - [MESSAGE][INFO] - {"status":"Done","data":{"requestid1":"256760","requestid2":"256761"}}

2022-11-28 16:48:24 - [TEST_STEP][PASSED] - delay(5): Delayed 5 second(s)

2022-11-28 16:48:29 - [MESSAGE][PASSED] - Delayed 5 second(s)

2022-11-28 16:48:29 - [TEST_STEP][PASSED] - scoring = sendRequest(findTestObject("EngineScore", ["response_searchME_kons":response_searchME_kons, "response_searchME_spouse":response_searchME_spouse])): Send request successfully

2022-11-28 16:48:29 - [MESSAGE][INFO] - HAR: D:\DMS\Engine Scoring\Reports\20221128_164243\Exclude KKB - DS - Married\Scoring Married - DS\20221128_164244\requests\main\95.har

2022-11-28 16:48:29 - [MESSAGE][PASSED] - Send request successfully

2022-11-28 16:48:29 - [TEST_STEP][PASSED] - verifyResponseStatusCode(scoring, 200): Verify response status code successfully

2022-11-28 16:48:29 - [MESSAGE][PASSED] - Verify response status code successfully

2022-11-28 16:48:29 - [TEST_STEP][PASSED] - response2 = scoring.getResponseText(): null

2022-11-28 16:48:29 - [TEST_STEP][PASSED] - markPassed("result service data ke : " + no): result service data ke : 48

2022-11-28 16:48:29 - [MESSAGE][PASSED] - result service data ke : 48

2022-11-28 16:48:29 - [TEST_STEP][PASSED] - logInfo($response2): {"result_konsumen":"","result_pasangan":"","Final_result":"","errorMessage":"","status":"InProgress"}

2022-11-28 16:48:29 - [MESSAGE][INFO] - {"result_konsumen":"","result_pasangan":"","Final_result":"","errorMessage":"","status":"InProgress"}

2022-11-28 16:48:29 - [TEST_STEP][FAILED] - verifyElementPropertyValue(scoring, "Final_result", final_result): Unable to verify element property value (Root cause: com.kms.katalon.core.exception.StepFailedException: Expected element property value 'Reguler' is not equal with actual property value ''
	at com.kms.katalon.core.keyword.internal.KeywordMain.stepFailed(KeywordMain.groovy:50)
	at com.kms.katalon.core.webservice.keyword.builtin.VerifyElementPropertyValueKeyword$_verifyElementPropertyValue_closure1.doCall(VerifyElementPropertyValueKeyword.groovy:56)
	at com.kms.katalon.core.webservice.keyword.builtin.VerifyElementPropertyValueKeyword$_verifyElementPropertyValue_closure1.call(VerifyElementPropertyValueKeyword.groovy)
	at com.kms.katalon.core.keyword.internal.KeywordMain.runKeyword(KeywordMain.groovy:74)
	at com.kms.katalon.core.webservice.keyword.builtin.VerifyElementPropertyValueKeyword.verifyElementPropertyValue(VerifyElementPropertyValueKeyword.groovy:48)
	at com.kms.katalon.core.webservice.keyword.builtin.VerifyElementPropertyValueKeyword.execute(VerifyElementPropertyValueKeyword.groovy:43)
	at com.kms.katalon.core.keyword.internal.KeywordExecutor.executeKeywordForPlatform(KeywordExecutor.groovy:74)
	at com.kms.katalon.core.webservice.keyword.WSBuiltInKeywords.verifyElementPropertyValue(WSBuiltInKeywords.groovy:189)
	at com.kms.katalon.core.webservice.keyword.WSBuiltInKeywords$verifyElementPropertyValue$1.call(Unknown Source)
	at Engine Scoring.run(Engine Scoring:108)
	at com.kms.katalon.core.main.ScriptEngine.run(ScriptEngine.java:194)
	at com.kms.katalon.core.main.ScriptEngine.runScriptAsRawText(ScriptEngine.java:119)
	at com.kms.katalon.core.main.TestCaseExecutor.runScript(TestCaseExecutor.java:442)
	at com.kms.katalon.core.main.TestCaseExecutor.doExecute(TestCaseExecutor.java:433)
	at com.kms.katalon.core.main.TestCaseExecutor.processExecutionPhase(TestCaseExecutor.java:412)
	at com.kms.katalon.core.main.TestCaseExecutor.accessMainPhase(TestCaseExecutor.java:404)
	at com.kms.katalon.core.main.TestCaseExecutor.execute(TestCaseExecutor.java:281)
	at com.kms.katalon.core.main.TestSuiteExecutor.accessTestCaseMainPhase(TestSuiteExecutor.java:202)
	at com.kms.katalon.core.main.TestSuiteExecutor.accessTestSuiteMainPhase(TestSuiteExecutor.java:164)
	at com.kms.katalon.core.main.TestSuiteExecutor.execute(TestSuiteExecutor.java:105)
	at com.kms.katalon.core.main.TestCaseMain.startTestSuite(TestCaseMain.java:185)
	at com.kms.katalon.core.main.TestCaseMain$startTestSuite$0.call(Unknown Source)
	at TempTestSuite1669628564646.run(TempTestSuite1669628564646.groovy:36)
)

2022-11-28 16:48:29 - [MESSAGE][FAILED] - Expected element property value 'Reguler' is not equal with actual property value ''

2022-11-28 16:48:29 - [MESSAGE][FAILED] - Unable to verify element property value (Root cause: com.kms.katalon.core.exception.StepFailedException: Expected element property value 'Reguler' is not equal with actual property value ''
	at com.kms.katalon.core.keyword.internal.KeywordMain.stepFailed(KeywordMain.groovy:50)
	at com.kms.katalon.core.webservice.keyword.builtin.VerifyElementPropertyValueKeyword$_verifyElementPropertyValue_closure1.doCall(VerifyElementPropertyValueKeyword.groovy:56)
	at com.kms.katalon.core.webservice.keyword.builtin.VerifyElementPropertyValueKeyword$_verifyElementPropertyValue_closure1.call(VerifyElementPropertyValueKeyword.groovy)
	at com.kms.katalon.core.keyword.internal.KeywordMain.runKeyword(KeywordMain.groovy:74)
	at com.kms.katalon.core.webservice.keyword.builtin.VerifyElementPropertyValueKeyword.verifyElementPropertyValue(VerifyElementPropertyValueKeyword.groovy:48)
	at com.kms.katalon.core.webservice.keyword.builtin.VerifyElementPropertyValueKeyword.execute(VerifyElementPropertyValueKeyword.groovy:43)
	at com.kms.katalon.core.keyword.internal.KeywordExecutor.executeKeywordForPlatform(KeywordExecutor.groovy:74)
	at com.kms.katalon.core.webservice.keyword.WSBuiltInKeywords.verifyElementPropertyValue(WSBuiltInKeywords.groovy:189)
	at com.kms.katalon.core.webservice.keyword.WSBuiltInKeywords$verifyElementPropertyValue$1.call(Unknown Source)
	at Engine Scoring.run(Engine Scoring:108)
	at com.kms.katalon.core.main.ScriptEngine.run(ScriptEngine.java:194)
	at com.kms.katalon.core.main.ScriptEngine.runScriptAsRawText(ScriptEngine.java:119)
	at com.kms.katalon.core.main.TestCaseExecutor.runScript(TestCaseExecutor.java:442)
	at com.kms.katalon.core.main.TestCaseExecutor.doExecute(TestCaseExecutor.java:433)
	at com.kms.katalon.core.main.TestCaseExecutor.processExecutionPhase(TestCaseExecutor.java:412)
	at com.kms.katalon.core.main.TestCaseExecutor.accessMainPhase(TestCaseExecutor.java:404)
	at com.kms.katalon.core.main.TestCaseExecutor.execute(TestCaseExecutor.java:281)
	at com.kms.katalon.core.main.TestSuiteExecutor.accessTestCaseMainPhase(TestSuiteExecutor.java:202)
	at com.kms.katalon.core.main.TestSuiteExecutor.accessTestSuiteMainPhase(TestSuiteExecutor.java:164)
	at com.kms.katalon.core.main.TestSuiteExecutor.execute(TestSuiteExecutor.java:105)
	at com.kms.katalon.core.main.TestCaseMain.startTestSuite(TestCaseMain.java:185)
	at com.kms.katalon.core.main.TestCaseMain$startTestSuite$0.call(Unknown Source)
	at TempTestSuite1669628564646.run(TempTestSuite1669628564646.groovy:36)
)]]></system-out>
         <system-err><![CDATA[2022-11-28 16:48:23 - [TEST_CASE][FAILED] - Test Cases/Engine_Scoring/Engine Scoring: Test Cases/Engine_Scoring/Engine Scoring FAILED.
Reason:
com.kms.katalon.core.exception.StepFailedException: Expected element property value 'Reguler' is not equal with actual property value ''
	at com.kms.katalon.core.keyword.internal.KeywordMain.stepFailed(KeywordMain.groovy:50)
	at com.kms.katalon.core.webservice.keyword.builtin.VerifyElementPropertyValueKeyword$_verifyElementPropertyValue_closure1.doCall(VerifyElementPropertyValueKeyword.groovy:56)
	at com.kms.katalon.core.webservice.keyword.builtin.VerifyElementPropertyValueKeyword$_verifyElementPropertyValue_closure1.call(VerifyElementPropertyValueKeyword.groovy)
	at com.kms.katalon.core.keyword.internal.KeywordMain.runKeyword(KeywordMain.groovy:74)
	at com.kms.katalon.core.webservice.keyword.builtin.VerifyElementPropertyValueKeyword.verifyElementPropertyValue(VerifyElementPropertyValueKeyword.groovy:48)
	at com.kms.katalon.core.webservice.keyword.builtin.VerifyElementPropertyValueKeyword.execute(VerifyElementPropertyValueKeyword.groovy:43)
	at com.kms.katalon.core.keyword.internal.KeywordExecutor.executeKeywordForPlatform(KeywordExecutor.groovy:74)
	at com.kms.katalon.core.webservice.keyword.WSBuiltInKeywords.verifyElementPropertyValue(WSBuiltInKeywords.groovy:189)
	at com.kms.katalon.core.webservice.keyword.WSBuiltInKeywords$verifyElementPropertyValue$1.call(Unknown Source)
	at Engine Scoring.run(Engine Scoring:108)
	at com.kms.katalon.core.main.ScriptEngine.run(ScriptEngine.java:194)
	at com.kms.katalon.core.main.ScriptEngine.runScriptAsRawText(ScriptEngine.java:119)
	at com.kms.katalon.core.main.TestCaseExecutor.runScript(TestCaseExecutor.java:442)
	at com.kms.katalon.core.main.TestCaseExecutor.doExecute(TestCaseExecutor.java:433)
	at com.kms.katalon.core.main.TestCaseExecutor.processExecutionPhase(TestCaseExecutor.java:412)
	at com.kms.katalon.core.main.TestCaseExecutor.accessMainPhase(TestCaseExecutor.java:404)
	at com.kms.katalon.core.main.TestCaseExecutor.execute(TestCaseExecutor.java:281)
	at com.kms.katalon.core.main.TestSuiteExecutor.accessTestCaseMainPhase(TestSuiteExecutor.java:202)
	at com.kms.katalon.core.main.TestSuiteExecutor.accessTestSuiteMainPhase(TestSuiteExecutor.java:164)
	at com.kms.katalon.core.main.TestSuiteExecutor.execute(TestSuiteExecutor.java:105)
	at com.kms.katalon.core.main.TestCaseMain.startTestSuite(TestCaseMain.java:185)
	at com.kms.katalon.core.main.TestCaseMain$startTestSuite$0.call(Unknown Source)
	at TempTestSuite1669628564646.run(TempTestSuite1669628564646.groovy:36)]]></system-err>
      </testcase>
      <testcase name="Test Cases/Engine_Scoring/Engine Scoring" time="6.676" classname="Test Cases/Engine_Scoring/Engine Scoring" status="FAILED">
         <failure type="FAILED" message="Test Cases/Engine_Scoring/Engine Scoring FAILED.
Reason:
com.kms.katalon.core.exception.StepFailedException: Expected element property value 'Reject' is not equal with actual property value ''
	at com.kms.katalon.core.keyword.internal.KeywordMain.stepFailed(KeywordMain.groovy:50)
	at com.kms.katalon.core.webservice.keyword.builtin.VerifyElementPropertyValueKeyword$_verifyElementPropertyValue_closure1.doCall(VerifyElementPropertyValueKeyword.groovy:56)
	at com.kms.katalon.core.webservice.keyword.builtin.VerifyElementPropertyValueKeyword$_verifyElementPropertyValue_closure1.call(VerifyElementPropertyValueKeyword.groovy)
	at com.kms.katalon.core.keyword.internal.KeywordMain.runKeyword(KeywordMain.groovy:74)
	at com.kms.katalon.core.webservice.keyword.builtin.VerifyElementPropertyValueKeyword.verifyElementPropertyValue(VerifyElementPropertyValueKeyword.groovy:48)
	at com.kms.katalon.core.webservice.keyword.builtin.VerifyElementPropertyValueKeyword.execute(VerifyElementPropertyValueKeyword.groovy:43)
	at com.kms.katalon.core.keyword.internal.KeywordExecutor.executeKeywordForPlatform(KeywordExecutor.groovy:74)
	at com.kms.katalon.core.webservice.keyword.WSBuiltInKeywords.verifyElementPropertyValue(WSBuiltInKeywords.groovy:189)
	at com.kms.katalon.core.webservice.keyword.WSBuiltInKeywords$verifyElementPropertyValue$1.call(Unknown Source)
	at Engine Scoring.run(Engine Scoring:108)
	at com.kms.katalon.core.main.ScriptEngine.run(ScriptEngine.java:194)
	at com.kms.katalon.core.main.ScriptEngine.runScriptAsRawText(ScriptEngine.java:119)
	at com.kms.katalon.core.main.TestCaseExecutor.runScript(TestCaseExecutor.java:442)
	at com.kms.katalon.core.main.TestCaseExecutor.doExecute(TestCaseExecutor.java:433)
	at com.kms.katalon.core.main.TestCaseExecutor.processExecutionPhase(TestCaseExecutor.java:412)
	at com.kms.katalon.core.main.TestCaseExecutor.accessMainPhase(TestCaseExecutor.java:404)
	at com.kms.katalon.core.main.TestCaseExecutor.execute(TestCaseExecutor.java:281)
	at com.kms.katalon.core.main.TestSuiteExecutor.accessTestCaseMainPhase(TestSuiteExecutor.java:202)
	at com.kms.katalon.core.main.TestSuiteExecutor.accessTestSuiteMainPhase(TestSuiteExecutor.java:164)
	at com.kms.katalon.core.main.TestSuiteExecutor.execute(TestSuiteExecutor.java:105)
	at com.kms.katalon.core.main.TestCaseMain.startTestSuite(TestCaseMain.java:185)
	at com.kms.katalon.core.main.TestCaseMain$startTestSuite$0.call(Unknown Source)
	at TempTestSuite1669628564646.run(TempTestSuite1669628564646.groovy:36)
"/>
         <system-out><![CDATA[2022-11-28 16:48:29 - [TEST_CASE][FAILED] - Test Cases/Engine_Scoring/Engine Scoring: Test Cases/Engine_Scoring/Engine Scoring FAILED.
Reason:
com.kms.katalon.core.exception.StepFailedException: Expected element property value 'Reject' is not equal with actual property value ''
	at com.kms.katalon.core.keyword.internal.KeywordMain.stepFailed(KeywordMain.groovy:50)
	at com.kms.katalon.core.webservice.keyword.builtin.VerifyElementPropertyValueKeyword$_verifyElementPropertyValue_closure1.doCall(VerifyElementPropertyValueKeyword.groovy:56)
	at com.kms.katalon.core.webservice.keyword.builtin.VerifyElementPropertyValueKeyword$_verifyElementPropertyValue_closure1.call(VerifyElementPropertyValueKeyword.groovy)
	at com.kms.katalon.core.keyword.internal.KeywordMain.runKeyword(KeywordMain.groovy:74)
	at com.kms.katalon.core.webservice.keyword.builtin.VerifyElementPropertyValueKeyword.verifyElementPropertyValue(VerifyElementPropertyValueKeyword.groovy:48)
	at com.kms.katalon.core.webservice.keyword.builtin.VerifyElementPropertyValueKeyword.execute(VerifyElementPropertyValueKeyword.groovy:43)
	at com.kms.katalon.core.keyword.internal.KeywordExecutor.executeKeywordForPlatform(KeywordExecutor.groovy:74)
	at com.kms.katalon.core.webservice.keyword.WSBuiltInKeywords.verifyElementPropertyValue(WSBuiltInKeywords.groovy:189)
	at com.kms.katalon.core.webservice.keyword.WSBuiltInKeywords$verifyElementPropertyValue$1.call(Unknown Source)
	at Engine Scoring.run(Engine Scoring:108)
	at com.kms.katalon.core.main.ScriptEngine.run(ScriptEngine.java:194)
	at com.kms.katalon.core.main.ScriptEngine.runScriptAsRawText(ScriptEngine.java:119)
	at com.kms.katalon.core.main.TestCaseExecutor.runScript(TestCaseExecutor.java:442)
	at com.kms.katalon.core.main.TestCaseExecutor.doExecute(TestCaseExecutor.java:433)
	at com.kms.katalon.core.main.TestCaseExecutor.processExecutionPhase(TestCaseExecutor.java:412)
	at com.kms.katalon.core.main.TestCaseExecutor.accessMainPhase(TestCaseExecutor.java:404)
	at com.kms.katalon.core.main.TestCaseExecutor.execute(TestCaseExecutor.java:281)
	at com.kms.katalon.core.main.TestSuiteExecutor.accessTestCaseMainPhase(TestSuiteExecutor.java:202)
	at com.kms.katalon.core.main.TestSuiteExecutor.accessTestSuiteMainPhase(TestSuiteExecutor.java:164)
	at com.kms.katalon.core.main.TestSuiteExecutor.execute(TestSuiteExecutor.java:105)
	at com.kms.katalon.core.main.TestCaseMain.startTestSuite(TestCaseMain.java:185)
	at com.kms.katalon.core.main.TestCaseMain$startTestSuite$0.call(Unknown Source)
	at TempTestSuite1669628564646.run(TempTestSuite1669628564646.groovy:36)


2022-11-28 16:48:30 - [TEST_STEP][PASSED] - markPassed("Variasi data ke : " + no): Variasi data ke : 49

2022-11-28 16:48:30 - [MESSAGE][PASSED] - Variasi data ke : 49

2022-11-28 16:48:30 - [TEST_STEP][PASSED] - req_data = sendRequest(findTestObject("Search_ME", ["MID":MID, "source":source, "ip":ip, "userid":userid, "branch":branch, "tipekons":tipekons, "marital":marital, "penjamin":penjamin, ... ])): Send request successfully

2022-11-28 16:48:31 - [MESSAGE][INFO] - HAR: D:\DMS\Engine Scoring\Reports\20221128_164243\Exclude KKB - DS - Married\Scoring Married - DS\20221128_164244\requests\main\96.har

2022-11-28 16:48:31 - [MESSAGE][PASSED] - Send request successfully

2022-11-28 16:48:31 - [TEST_STEP][PASSED] - slurper = new groovy.json.JsonSlurper(): null

2022-11-28 16:48:31 - [TEST_STEP][PASSED] - result = slurper.parseText(req_data.getResponseBodyContent()): null

2022-11-28 16:48:31 - [TEST_STEP][PASSED] - reqid_kons = requestid1: null

2022-11-28 16:48:31 - [TEST_STEP][PASSED] - reqid_spouse = requestid2: null

2022-11-28 16:48:31 - [TEST_STEP][PASSED] - println("requestid kons : " + reqid_kons): null

2022-11-28 16:48:31 - [TEST_STEP][PASSED] - response_searchME_kons = reqid_kons: null

2022-11-28 16:48:31 - [TEST_STEP][PASSED] - response_searchME_spouse = reqid_spouse: null

2022-11-28 16:48:31 - [TEST_STEP][PASSED] - println("kons req id is :" + response_searchME_kons): null

2022-11-28 16:48:31 - [TEST_STEP][PASSED] - println("spouse req id is : " + response_searchME_spouse): null

2022-11-28 16:48:31 - [TEST_STEP][PASSED] - verifyResponseStatusCode(req_data, 200): Verify response status code successfully

2022-11-28 16:48:31 - [MESSAGE][PASSED] - Verify response status code successfully

2022-11-28 16:48:31 - [TEST_STEP][PASSED] - response = req_data.getResponseText(): null

2022-11-28 16:48:31 - [TEST_STEP][PASSED] - logInfo($response): {"status":"Done","data":{"requestid1":"256762","requestid2":"256763"}}

2022-11-28 16:48:31 - [MESSAGE][INFO] - {"status":"Done","data":{"requestid1":"256762","requestid2":"256763"}}

2022-11-28 16:48:31 - [TEST_STEP][PASSED] - delay(5): Delayed 5 second(s)

2022-11-28 16:48:36 - [MESSAGE][PASSED] - Delayed 5 second(s)

2022-11-28 16:48:36 - [TEST_STEP][PASSED] - scoring = sendRequest(findTestObject("EngineScore", ["response_searchME_kons":response_searchME_kons, "response_searchME_spouse":response_searchME_spouse])): Send request successfully

2022-11-28 16:48:36 - [MESSAGE][INFO] - HAR: D:\DMS\Engine Scoring\Reports\20221128_164243\Exclude KKB - DS - Married\Scoring Married - DS\20221128_164244\requests\main\97.har

2022-11-28 16:48:36 - [MESSAGE][PASSED] - Send request successfully

2022-11-28 16:48:36 - [TEST_STEP][PASSED] - verifyResponseStatusCode(scoring, 200): Verify response status code successfully

2022-11-28 16:48:36 - [MESSAGE][PASSED] - Verify response status code successfully

2022-11-28 16:48:36 - [TEST_STEP][PASSED] - response2 = scoring.getResponseText(): null

2022-11-28 16:48:36 - [TEST_STEP][PASSED] - markPassed("result service data ke : " + no): result service data ke : 49

2022-11-28 16:48:36 - [MESSAGE][PASSED] - result service data ke : 49

2022-11-28 16:48:36 - [TEST_STEP][PASSED] - logInfo($response2): {"result_konsumen":"","result_pasangan":"","Final_result":"","errorMessage":"","status":"InProgress"}

2022-11-28 16:48:36 - [MESSAGE][INFO] - {"result_konsumen":"","result_pasangan":"","Final_result":"","errorMessage":"","status":"InProgress"}

2022-11-28 16:48:36 - [TEST_STEP][FAILED] - verifyElementPropertyValue(scoring, "Final_result", final_result): Unable to verify element property value (Root cause: com.kms.katalon.core.exception.StepFailedException: Expected element property value 'Reject' is not equal with actual property value ''
	at com.kms.katalon.core.keyword.internal.KeywordMain.stepFailed(KeywordMain.groovy:50)
	at com.kms.katalon.core.webservice.keyword.builtin.VerifyElementPropertyValueKeyword$_verifyElementPropertyValue_closure1.doCall(VerifyElementPropertyValueKeyword.groovy:56)
	at com.kms.katalon.core.webservice.keyword.builtin.VerifyElementPropertyValueKeyword$_verifyElementPropertyValue_closure1.call(VerifyElementPropertyValueKeyword.groovy)
	at com.kms.katalon.core.keyword.internal.KeywordMain.runKeyword(KeywordMain.groovy:74)
	at com.kms.katalon.core.webservice.keyword.builtin.VerifyElementPropertyValueKeyword.verifyElementPropertyValue(VerifyElementPropertyValueKeyword.groovy:48)
	at com.kms.katalon.core.webservice.keyword.builtin.VerifyElementPropertyValueKeyword.execute(VerifyElementPropertyValueKeyword.groovy:43)
	at com.kms.katalon.core.keyword.internal.KeywordExecutor.executeKeywordForPlatform(KeywordExecutor.groovy:74)
	at com.kms.katalon.core.webservice.keyword.WSBuiltInKeywords.verifyElementPropertyValue(WSBuiltInKeywords.groovy:189)
	at com.kms.katalon.core.webservice.keyword.WSBuiltInKeywords$verifyElementPropertyValue$1.call(Unknown Source)
	at Engine Scoring.run(Engine Scoring:108)
	at com.kms.katalon.core.main.ScriptEngine.run(ScriptEngine.java:194)
	at com.kms.katalon.core.main.ScriptEngine.runScriptAsRawText(ScriptEngine.java:119)
	at com.kms.katalon.core.main.TestCaseExecutor.runScript(TestCaseExecutor.java:442)
	at com.kms.katalon.core.main.TestCaseExecutor.doExecute(TestCaseExecutor.java:433)
	at com.kms.katalon.core.main.TestCaseExecutor.processExecutionPhase(TestCaseExecutor.java:412)
	at com.kms.katalon.core.main.TestCaseExecutor.accessMainPhase(TestCaseExecutor.java:404)
	at com.kms.katalon.core.main.TestCaseExecutor.execute(TestCaseExecutor.java:281)
	at com.kms.katalon.core.main.TestSuiteExecutor.accessTestCaseMainPhase(TestSuiteExecutor.java:202)
	at com.kms.katalon.core.main.TestSuiteExecutor.accessTestSuiteMainPhase(TestSuiteExecutor.java:164)
	at com.kms.katalon.core.main.TestSuiteExecutor.execute(TestSuiteExecutor.java:105)
	at com.kms.katalon.core.main.TestCaseMain.startTestSuite(TestCaseMain.java:185)
	at com.kms.katalon.core.main.TestCaseMain$startTestSuite$0.call(Unknown Source)
	at TempTestSuite1669628564646.run(TempTestSuite1669628564646.groovy:36)
)

2022-11-28 16:48:36 - [MESSAGE][FAILED] - Expected element property value 'Reject' is not equal with actual property value ''

2022-11-28 16:48:36 - [MESSAGE][FAILED] - Unable to verify element property value (Root cause: com.kms.katalon.core.exception.StepFailedException: Expected element property value 'Reject' is not equal with actual property value ''
	at com.kms.katalon.core.keyword.internal.KeywordMain.stepFailed(KeywordMain.groovy:50)
	at com.kms.katalon.core.webservice.keyword.builtin.VerifyElementPropertyValueKeyword$_verifyElementPropertyValue_closure1.doCall(VerifyElementPropertyValueKeyword.groovy:56)
	at com.kms.katalon.core.webservice.keyword.builtin.VerifyElementPropertyValueKeyword$_verifyElementPropertyValue_closure1.call(VerifyElementPropertyValueKeyword.groovy)
	at com.kms.katalon.core.keyword.internal.KeywordMain.runKeyword(KeywordMain.groovy:74)
	at com.kms.katalon.core.webservice.keyword.builtin.VerifyElementPropertyValueKeyword.verifyElementPropertyValue(VerifyElementPropertyValueKeyword.groovy:48)
	at com.kms.katalon.core.webservice.keyword.builtin.VerifyElementPropertyValueKeyword.execute(VerifyElementPropertyValueKeyword.groovy:43)
	at com.kms.katalon.core.keyword.internal.KeywordExecutor.executeKeywordForPlatform(KeywordExecutor.groovy:74)
	at com.kms.katalon.core.webservice.keyword.WSBuiltInKeywords.verifyElementPropertyValue(WSBuiltInKeywords.groovy:189)
	at com.kms.katalon.core.webservice.keyword.WSBuiltInKeywords$verifyElementPropertyValue$1.call(Unknown Source)
	at Engine Scoring.run(Engine Scoring:108)
	at com.kms.katalon.core.main.ScriptEngine.run(ScriptEngine.java:194)
	at com.kms.katalon.core.main.ScriptEngine.runScriptAsRawText(ScriptEngine.java:119)
	at com.kms.katalon.core.main.TestCaseExecutor.runScript(TestCaseExecutor.java:442)
	at com.kms.katalon.core.main.TestCaseExecutor.doExecute(TestCaseExecutor.java:433)
	at com.kms.katalon.core.main.TestCaseExecutor.processExecutionPhase(TestCaseExecutor.java:412)
	at com.kms.katalon.core.main.TestCaseExecutor.accessMainPhase(TestCaseExecutor.java:404)
	at com.kms.katalon.core.main.TestCaseExecutor.execute(TestCaseExecutor.java:281)
	at com.kms.katalon.core.main.TestSuiteExecutor.accessTestCaseMainPhase(TestSuiteExecutor.java:202)
	at com.kms.katalon.core.main.TestSuiteExecutor.accessTestSuiteMainPhase(TestSuiteExecutor.java:164)
	at com.kms.katalon.core.main.TestSuiteExecutor.execute(TestSuiteExecutor.java:105)
	at com.kms.katalon.core.main.TestCaseMain.startTestSuite(TestCaseMain.java:185)
	at com.kms.katalon.core.main.TestCaseMain$startTestSuite$0.call(Unknown Source)
	at TempTestSuite1669628564646.run(TempTestSuite1669628564646.groovy:36)
)]]></system-out>
         <system-err><![CDATA[2022-11-28 16:48:29 - [TEST_CASE][FAILED] - Test Cases/Engine_Scoring/Engine Scoring: Test Cases/Engine_Scoring/Engine Scoring FAILED.
Reason:
com.kms.katalon.core.exception.StepFailedException: Expected element property value 'Reject' is not equal with actual property value ''
	at com.kms.katalon.core.keyword.internal.KeywordMain.stepFailed(KeywordMain.groovy:50)
	at com.kms.katalon.core.webservice.keyword.builtin.VerifyElementPropertyValueKeyword$_verifyElementPropertyValue_closure1.doCall(VerifyElementPropertyValueKeyword.groovy:56)
	at com.kms.katalon.core.webservice.keyword.builtin.VerifyElementPropertyValueKeyword$_verifyElementPropertyValue_closure1.call(VerifyElementPropertyValueKeyword.groovy)
	at com.kms.katalon.core.keyword.internal.KeywordMain.runKeyword(KeywordMain.groovy:74)
	at com.kms.katalon.core.webservice.keyword.builtin.VerifyElementPropertyValueKeyword.verifyElementPropertyValue(VerifyElementPropertyValueKeyword.groovy:48)
	at com.kms.katalon.core.webservice.keyword.builtin.VerifyElementPropertyValueKeyword.execute(VerifyElementPropertyValueKeyword.groovy:43)
	at com.kms.katalon.core.keyword.internal.KeywordExecutor.executeKeywordForPlatform(KeywordExecutor.groovy:74)
	at com.kms.katalon.core.webservice.keyword.WSBuiltInKeywords.verifyElementPropertyValue(WSBuiltInKeywords.groovy:189)
	at com.kms.katalon.core.webservice.keyword.WSBuiltInKeywords$verifyElementPropertyValue$1.call(Unknown Source)
	at Engine Scoring.run(Engine Scoring:108)
	at com.kms.katalon.core.main.ScriptEngine.run(ScriptEngine.java:194)
	at com.kms.katalon.core.main.ScriptEngine.runScriptAsRawText(ScriptEngine.java:119)
	at com.kms.katalon.core.main.TestCaseExecutor.runScript(TestCaseExecutor.java:442)
	at com.kms.katalon.core.main.TestCaseExecutor.doExecute(TestCaseExecutor.java:433)
	at com.kms.katalon.core.main.TestCaseExecutor.processExecutionPhase(TestCaseExecutor.java:412)
	at com.kms.katalon.core.main.TestCaseExecutor.accessMainPhase(TestCaseExecutor.java:404)
	at com.kms.katalon.core.main.TestCaseExecutor.execute(TestCaseExecutor.java:281)
	at com.kms.katalon.core.main.TestSuiteExecutor.accessTestCaseMainPhase(TestSuiteExecutor.java:202)
	at com.kms.katalon.core.main.TestSuiteExecutor.accessTestSuiteMainPhase(TestSuiteExecutor.java:164)
	at com.kms.katalon.core.main.TestSuiteExecutor.execute(TestSuiteExecutor.java:105)
	at com.kms.katalon.core.main.TestCaseMain.startTestSuite(TestCaseMain.java:185)
	at com.kms.katalon.core.main.TestCaseMain$startTestSuite$0.call(Unknown Source)
	at TempTestSuite1669628564646.run(TempTestSuite1669628564646.groovy:36)]]></system-err>
      </testcase>
      <testcase name="Test Cases/Engine_Scoring/Engine Scoring" time="8.444" classname="Test Cases/Engine_Scoring/Engine Scoring" status="FAILED">
         <failure type="FAILED" message="Test Cases/Engine_Scoring/Engine Scoring FAILED.
Reason:
com.kms.katalon.core.exception.StepFailedException: Expected element property value 'Reject' is not equal with actual property value ''
	at com.kms.katalon.core.keyword.internal.KeywordMain.stepFailed(KeywordMain.groovy:50)
	at com.kms.katalon.core.webservice.keyword.builtin.VerifyElementPropertyValueKeyword$_verifyElementPropertyValue_closure1.doCall(VerifyElementPropertyValueKeyword.groovy:56)
	at com.kms.katalon.core.webservice.keyword.builtin.VerifyElementPropertyValueKeyword$_verifyElementPropertyValue_closure1.call(VerifyElementPropertyValueKeyword.groovy)
	at com.kms.katalon.core.keyword.internal.KeywordMain.runKeyword(KeywordMain.groovy:74)
	at com.kms.katalon.core.webservice.keyword.builtin.VerifyElementPropertyValueKeyword.verifyElementPropertyValue(VerifyElementPropertyValueKeyword.groovy:48)
	at com.kms.katalon.core.webservice.keyword.builtin.VerifyElementPropertyValueKeyword.execute(VerifyElementPropertyValueKeyword.groovy:43)
	at com.kms.katalon.core.keyword.internal.KeywordExecutor.executeKeywordForPlatform(KeywordExecutor.groovy:74)
	at com.kms.katalon.core.webservice.keyword.WSBuiltInKeywords.verifyElementPropertyValue(WSBuiltInKeywords.groovy:189)
	at com.kms.katalon.core.webservice.keyword.WSBuiltInKeywords$verifyElementPropertyValue$1.call(Unknown Source)
	at Engine Scoring.run(Engine Scoring:108)
	at com.kms.katalon.core.main.ScriptEngine.run(ScriptEngine.java:194)
	at com.kms.katalon.core.main.ScriptEngine.runScriptAsRawText(ScriptEngine.java:119)
	at com.kms.katalon.core.main.TestCaseExecutor.runScript(TestCaseExecutor.java:442)
	at com.kms.katalon.core.main.TestCaseExecutor.doExecute(TestCaseExecutor.java:433)
	at com.kms.katalon.core.main.TestCaseExecutor.processExecutionPhase(TestCaseExecutor.java:412)
	at com.kms.katalon.core.main.TestCaseExecutor.accessMainPhase(TestCaseExecutor.java:404)
	at com.kms.katalon.core.main.TestCaseExecutor.execute(TestCaseExecutor.java:281)
	at com.kms.katalon.core.main.TestSuiteExecutor.accessTestCaseMainPhase(TestSuiteExecutor.java:202)
	at com.kms.katalon.core.main.TestSuiteExecutor.accessTestSuiteMainPhase(TestSuiteExecutor.java:164)
	at com.kms.katalon.core.main.TestSuiteExecutor.execute(TestSuiteExecutor.java:105)
	at com.kms.katalon.core.main.TestCaseMain.startTestSuite(TestCaseMain.java:185)
	at com.kms.katalon.core.main.TestCaseMain$startTestSuite$0.call(Unknown Source)
	at TempTestSuite1669628564646.run(TempTestSuite1669628564646.groovy:36)
"/>
         <system-out><![CDATA[2022-11-28 16:48:36 - [TEST_CASE][FAILED] - Test Cases/Engine_Scoring/Engine Scoring: Test Cases/Engine_Scoring/Engine Scoring FAILED.
Reason:
com.kms.katalon.core.exception.StepFailedException: Expected element property value 'Reject' is not equal with actual property value ''
	at com.kms.katalon.core.keyword.internal.KeywordMain.stepFailed(KeywordMain.groovy:50)
	at com.kms.katalon.core.webservice.keyword.builtin.VerifyElementPropertyValueKeyword$_verifyElementPropertyValue_closure1.doCall(VerifyElementPropertyValueKeyword.groovy:56)
	at com.kms.katalon.core.webservice.keyword.builtin.VerifyElementPropertyValueKeyword$_verifyElementPropertyValue_closure1.call(VerifyElementPropertyValueKeyword.groovy)
	at com.kms.katalon.core.keyword.internal.KeywordMain.runKeyword(KeywordMain.groovy:74)
	at com.kms.katalon.core.webservice.keyword.builtin.VerifyElementPropertyValueKeyword.verifyElementPropertyValue(VerifyElementPropertyValueKeyword.groovy:48)
	at com.kms.katalon.core.webservice.keyword.builtin.VerifyElementPropertyValueKeyword.execute(VerifyElementPropertyValueKeyword.groovy:43)
	at com.kms.katalon.core.keyword.internal.KeywordExecutor.executeKeywordForPlatform(KeywordExecutor.groovy:74)
	at com.kms.katalon.core.webservice.keyword.WSBuiltInKeywords.verifyElementPropertyValue(WSBuiltInKeywords.groovy:189)
	at com.kms.katalon.core.webservice.keyword.WSBuiltInKeywords$verifyElementPropertyValue$1.call(Unknown Source)
	at Engine Scoring.run(Engine Scoring:108)
	at com.kms.katalon.core.main.ScriptEngine.run(ScriptEngine.java:194)
	at com.kms.katalon.core.main.ScriptEngine.runScriptAsRawText(ScriptEngine.java:119)
	at com.kms.katalon.core.main.TestCaseExecutor.runScript(TestCaseExecutor.java:442)
	at com.kms.katalon.core.main.TestCaseExecutor.doExecute(TestCaseExecutor.java:433)
	at com.kms.katalon.core.main.TestCaseExecutor.processExecutionPhase(TestCaseExecutor.java:412)
	at com.kms.katalon.core.main.TestCaseExecutor.accessMainPhase(TestCaseExecutor.java:404)
	at com.kms.katalon.core.main.TestCaseExecutor.execute(TestCaseExecutor.java:281)
	at com.kms.katalon.core.main.TestSuiteExecutor.accessTestCaseMainPhase(TestSuiteExecutor.java:202)
	at com.kms.katalon.core.main.TestSuiteExecutor.accessTestSuiteMainPhase(TestSuiteExecutor.java:164)
	at com.kms.katalon.core.main.TestSuiteExecutor.execute(TestSuiteExecutor.java:105)
	at com.kms.katalon.core.main.TestCaseMain.startTestSuite(TestCaseMain.java:185)
	at com.kms.katalon.core.main.TestCaseMain$startTestSuite$0.call(Unknown Source)
	at TempTestSuite1669628564646.run(TempTestSuite1669628564646.groovy:36)


2022-11-28 16:48:39 - [TEST_STEP][PASSED] - markPassed("Variasi data ke : " + no): Variasi data ke : 50

2022-11-28 16:48:39 - [MESSAGE][PASSED] - Variasi data ke : 50

2022-11-28 16:48:39 - [TEST_STEP][PASSED] - req_data = sendRequest(findTestObject("Search_ME", ["MID":MID, "source":source, "ip":ip, "userid":userid, "branch":branch, "tipekons":tipekons, "marital":marital, "penjamin":penjamin, ... ])): Send request successfully

2022-11-28 16:48:40 - [MESSAGE][INFO] - HAR: D:\DMS\Engine Scoring\Reports\20221128_164243\Exclude KKB - DS - Married\Scoring Married - DS\20221128_164244\requests\main\98.har

2022-11-28 16:48:40 - [MESSAGE][PASSED] - Send request successfully

2022-11-28 16:48:40 - [TEST_STEP][PASSED] - slurper = new groovy.json.JsonSlurper(): null

2022-11-28 16:48:40 - [TEST_STEP][PASSED] - result = slurper.parseText(req_data.getResponseBodyContent()): null

2022-11-28 16:48:40 - [TEST_STEP][PASSED] - reqid_kons = requestid1: null

2022-11-28 16:48:40 - [TEST_STEP][PASSED] - reqid_spouse = requestid2: null

2022-11-28 16:48:40 - [TEST_STEP][PASSED] - println("requestid kons : " + reqid_kons): null

2022-11-28 16:48:40 - [TEST_STEP][PASSED] - response_searchME_kons = reqid_kons: null

2022-11-28 16:48:40 - [TEST_STEP][PASSED] - response_searchME_spouse = reqid_spouse: null

2022-11-28 16:48:40 - [TEST_STEP][PASSED] - println("kons req id is :" + response_searchME_kons): null

2022-11-28 16:48:40 - [TEST_STEP][PASSED] - println("spouse req id is : " + response_searchME_spouse): null

2022-11-28 16:48:40 - [TEST_STEP][PASSED] - verifyResponseStatusCode(req_data, 200): Verify response status code successfully

2022-11-28 16:48:40 - [MESSAGE][PASSED] - Verify response status code successfully

2022-11-28 16:48:40 - [TEST_STEP][PASSED] - response = req_data.getResponseText(): null

2022-11-28 16:48:40 - [TEST_STEP][PASSED] - logInfo($response): {"status":"Done","data":{"requestid1":"256764","requestid2":"256765"}}

2022-11-28 16:48:40 - [MESSAGE][INFO] - {"status":"Done","data":{"requestid1":"256764","requestid2":"256765"}}

2022-11-28 16:48:40 - [TEST_STEP][PASSED] - delay(5): Delayed 5 second(s)

2022-11-28 16:48:45 - [MESSAGE][PASSED] - Delayed 5 second(s)

2022-11-28 16:48:45 - [TEST_STEP][PASSED] - scoring = sendRequest(findTestObject("EngineScore", ["response_searchME_kons":response_searchME_kons, "response_searchME_spouse":response_searchME_spouse])): Send request successfully

2022-11-28 16:48:45 - [MESSAGE][INFO] - HAR: D:\DMS\Engine Scoring\Reports\20221128_164243\Exclude KKB - DS - Married\Scoring Married - DS\20221128_164244\requests\main\99.har

2022-11-28 16:48:45 - [MESSAGE][PASSED] - Send request successfully

2022-11-28 16:48:45 - [TEST_STEP][PASSED] - verifyResponseStatusCode(scoring, 200): Verify response status code successfully

2022-11-28 16:48:45 - [MESSAGE][PASSED] - Verify response status code successfully

2022-11-28 16:48:45 - [TEST_STEP][PASSED] - response2 = scoring.getResponseText(): null

2022-11-28 16:48:45 - [TEST_STEP][PASSED] - markPassed("result service data ke : " + no): result service data ke : 50

2022-11-28 16:48:45 - [MESSAGE][PASSED] - result service data ke : 50

2022-11-28 16:48:45 - [TEST_STEP][PASSED] - logInfo($response2): {"result_konsumen":"","result_pasangan":"","Final_result":"","errorMessage":"","status":"InProgress"}

2022-11-28 16:48:45 - [MESSAGE][INFO] - {"result_konsumen":"","result_pasangan":"","Final_result":"","errorMessage":"","status":"InProgress"}

2022-11-28 16:48:45 - [TEST_STEP][FAILED] - verifyElementPropertyValue(scoring, "Final_result", final_result): Unable to verify element property value (Root cause: com.kms.katalon.core.exception.StepFailedException: Expected element property value 'Reject' is not equal with actual property value ''
	at com.kms.katalon.core.keyword.internal.KeywordMain.stepFailed(KeywordMain.groovy:50)
	at com.kms.katalon.core.webservice.keyword.builtin.VerifyElementPropertyValueKeyword$_verifyElementPropertyValue_closure1.doCall(VerifyElementPropertyValueKeyword.groovy:56)
	at com.kms.katalon.core.webservice.keyword.builtin.VerifyElementPropertyValueKeyword$_verifyElementPropertyValue_closure1.call(VerifyElementPropertyValueKeyword.groovy)
	at com.kms.katalon.core.keyword.internal.KeywordMain.runKeyword(KeywordMain.groovy:74)
	at com.kms.katalon.core.webservice.keyword.builtin.VerifyElementPropertyValueKeyword.verifyElementPropertyValue(VerifyElementPropertyValueKeyword.groovy:48)
	at com.kms.katalon.core.webservice.keyword.builtin.VerifyElementPropertyValueKeyword.execute(VerifyElementPropertyValueKeyword.groovy:43)
	at com.kms.katalon.core.keyword.internal.KeywordExecutor.executeKeywordForPlatform(KeywordExecutor.groovy:74)
	at com.kms.katalon.core.webservice.keyword.WSBuiltInKeywords.verifyElementPropertyValue(WSBuiltInKeywords.groovy:189)
	at com.kms.katalon.core.webservice.keyword.WSBuiltInKeywords$verifyElementPropertyValue$1.call(Unknown Source)
	at Engine Scoring.run(Engine Scoring:108)
	at com.kms.katalon.core.main.ScriptEngine.run(ScriptEngine.java:194)
	at com.kms.katalon.core.main.ScriptEngine.runScriptAsRawText(ScriptEngine.java:119)
	at com.kms.katalon.core.main.TestCaseExecutor.runScript(TestCaseExecutor.java:442)
	at com.kms.katalon.core.main.TestCaseExecutor.doExecute(TestCaseExecutor.java:433)
	at com.kms.katalon.core.main.TestCaseExecutor.processExecutionPhase(TestCaseExecutor.java:412)
	at com.kms.katalon.core.main.TestCaseExecutor.accessMainPhase(TestCaseExecutor.java:404)
	at com.kms.katalon.core.main.TestCaseExecutor.execute(TestCaseExecutor.java:281)
	at com.kms.katalon.core.main.TestSuiteExecutor.accessTestCaseMainPhase(TestSuiteExecutor.java:202)
	at com.kms.katalon.core.main.TestSuiteExecutor.accessTestSuiteMainPhase(TestSuiteExecutor.java:164)
	at com.kms.katalon.core.main.TestSuiteExecutor.execute(TestSuiteExecutor.java:105)
	at com.kms.katalon.core.main.TestCaseMain.startTestSuite(TestCaseMain.java:185)
	at com.kms.katalon.core.main.TestCaseMain$startTestSuite$0.call(Unknown Source)
	at TempTestSuite1669628564646.run(TempTestSuite1669628564646.groovy:36)
)

2022-11-28 16:48:45 - [MESSAGE][FAILED] - Expected element property value 'Reject' is not equal with actual property value ''

2022-11-28 16:48:45 - [MESSAGE][FAILED] - Unable to verify element property value (Root cause: com.kms.katalon.core.exception.StepFailedException: Expected element property value 'Reject' is not equal with actual property value ''
	at com.kms.katalon.core.keyword.internal.KeywordMain.stepFailed(KeywordMain.groovy:50)
	at com.kms.katalon.core.webservice.keyword.builtin.VerifyElementPropertyValueKeyword$_verifyElementPropertyValue_closure1.doCall(VerifyElementPropertyValueKeyword.groovy:56)
	at com.kms.katalon.core.webservice.keyword.builtin.VerifyElementPropertyValueKeyword$_verifyElementPropertyValue_closure1.call(VerifyElementPropertyValueKeyword.groovy)
	at com.kms.katalon.core.keyword.internal.KeywordMain.runKeyword(KeywordMain.groovy:74)
	at com.kms.katalon.core.webservice.keyword.builtin.VerifyElementPropertyValueKeyword.verifyElementPropertyValue(VerifyElementPropertyValueKeyword.groovy:48)
	at com.kms.katalon.core.webservice.keyword.builtin.VerifyElementPropertyValueKeyword.execute(VerifyElementPropertyValueKeyword.groovy:43)
	at com.kms.katalon.core.keyword.internal.KeywordExecutor.executeKeywordForPlatform(KeywordExecutor.groovy:74)
	at com.kms.katalon.core.webservice.keyword.WSBuiltInKeywords.verifyElementPropertyValue(WSBuiltInKeywords.groovy:189)
	at com.kms.katalon.core.webservice.keyword.WSBuiltInKeywords$verifyElementPropertyValue$1.call(Unknown Source)
	at Engine Scoring.run(Engine Scoring:108)
	at com.kms.katalon.core.main.ScriptEngine.run(ScriptEngine.java:194)
	at com.kms.katalon.core.main.ScriptEngine.runScriptAsRawText(ScriptEngine.java:119)
	at com.kms.katalon.core.main.TestCaseExecutor.runScript(TestCaseExecutor.java:442)
	at com.kms.katalon.core.main.TestCaseExecutor.doExecute(TestCaseExecutor.java:433)
	at com.kms.katalon.core.main.TestCaseExecutor.processExecutionPhase(TestCaseExecutor.java:412)
	at com.kms.katalon.core.main.TestCaseExecutor.accessMainPhase(TestCaseExecutor.java:404)
	at com.kms.katalon.core.main.TestCaseExecutor.execute(TestCaseExecutor.java:281)
	at com.kms.katalon.core.main.TestSuiteExecutor.accessTestCaseMainPhase(TestSuiteExecutor.java:202)
	at com.kms.katalon.core.main.TestSuiteExecutor.accessTestSuiteMainPhase(TestSuiteExecutor.java:164)
	at com.kms.katalon.core.main.TestSuiteExecutor.execute(TestSuiteExecutor.java:105)
	at com.kms.katalon.core.main.TestCaseMain.startTestSuite(TestCaseMain.java:185)
	at com.kms.katalon.core.main.TestCaseMain$startTestSuite$0.call(Unknown Source)
	at TempTestSuite1669628564646.run(TempTestSuite1669628564646.groovy:36)
)]]></system-out>
         <system-err><![CDATA[2022-11-28 16:48:36 - [TEST_CASE][FAILED] - Test Cases/Engine_Scoring/Engine Scoring: Test Cases/Engine_Scoring/Engine Scoring FAILED.
Reason:
com.kms.katalon.core.exception.StepFailedException: Expected element property value 'Reject' is not equal with actual property value ''
	at com.kms.katalon.core.keyword.internal.KeywordMain.stepFailed(KeywordMain.groovy:50)
	at com.kms.katalon.core.webservice.keyword.builtin.VerifyElementPropertyValueKeyword$_verifyElementPropertyValue_closure1.doCall(VerifyElementPropertyValueKeyword.groovy:56)
	at com.kms.katalon.core.webservice.keyword.builtin.VerifyElementPropertyValueKeyword$_verifyElementPropertyValue_closure1.call(VerifyElementPropertyValueKeyword.groovy)
	at com.kms.katalon.core.keyword.internal.KeywordMain.runKeyword(KeywordMain.groovy:74)
	at com.kms.katalon.core.webservice.keyword.builtin.VerifyElementPropertyValueKeyword.verifyElementPropertyValue(VerifyElementPropertyValueKeyword.groovy:48)
	at com.kms.katalon.core.webservice.keyword.builtin.VerifyElementPropertyValueKeyword.execute(VerifyElementPropertyValueKeyword.groovy:43)
	at com.kms.katalon.core.keyword.internal.KeywordExecutor.executeKeywordForPlatform(KeywordExecutor.groovy:74)
	at com.kms.katalon.core.webservice.keyword.WSBuiltInKeywords.verifyElementPropertyValue(WSBuiltInKeywords.groovy:189)
	at com.kms.katalon.core.webservice.keyword.WSBuiltInKeywords$verifyElementPropertyValue$1.call(Unknown Source)
	at Engine Scoring.run(Engine Scoring:108)
	at com.kms.katalon.core.main.ScriptEngine.run(ScriptEngine.java:194)
	at com.kms.katalon.core.main.ScriptEngine.runScriptAsRawText(ScriptEngine.java:119)
	at com.kms.katalon.core.main.TestCaseExecutor.runScript(TestCaseExecutor.java:442)
	at com.kms.katalon.core.main.TestCaseExecutor.doExecute(TestCaseExecutor.java:433)
	at com.kms.katalon.core.main.TestCaseExecutor.processExecutionPhase(TestCaseExecutor.java:412)
	at com.kms.katalon.core.main.TestCaseExecutor.accessMainPhase(TestCaseExecutor.java:404)
	at com.kms.katalon.core.main.TestCaseExecutor.execute(TestCaseExecutor.java:281)
	at com.kms.katalon.core.main.TestSuiteExecutor.accessTestCaseMainPhase(TestSuiteExecutor.java:202)
	at com.kms.katalon.core.main.TestSuiteExecutor.accessTestSuiteMainPhase(TestSuiteExecutor.java:164)
	at com.kms.katalon.core.main.TestSuiteExecutor.execute(TestSuiteExecutor.java:105)
	at com.kms.katalon.core.main.TestCaseMain.startTestSuite(TestCaseMain.java:185)
	at com.kms.katalon.core.main.TestCaseMain$startTestSuite$0.call(Unknown Source)
	at TempTestSuite1669628564646.run(TempTestSuite1669628564646.groovy:36)]]></system-err>
      </testcase>
      <testcase name="Test Cases/Engine_Scoring/Engine Scoring" time="6.721" classname="Test Cases/Engine_Scoring/Engine Scoring" status="FAILED">
         <failure type="FAILED" message="Test Cases/Engine_Scoring/Engine Scoring FAILED.
Reason:
com.kms.katalon.core.exception.StepFailedException: Expected element property value 'Reject' is not equal with actual property value ''
	at com.kms.katalon.core.keyword.internal.KeywordMain.stepFailed(KeywordMain.groovy:50)
	at com.kms.katalon.core.webservice.keyword.builtin.VerifyElementPropertyValueKeyword$_verifyElementPropertyValue_closure1.doCall(VerifyElementPropertyValueKeyword.groovy:56)
	at com.kms.katalon.core.webservice.keyword.builtin.VerifyElementPropertyValueKeyword$_verifyElementPropertyValue_closure1.call(VerifyElementPropertyValueKeyword.groovy)
	at com.kms.katalon.core.keyword.internal.KeywordMain.runKeyword(KeywordMain.groovy:74)
	at com.kms.katalon.core.webservice.keyword.builtin.VerifyElementPropertyValueKeyword.verifyElementPropertyValue(VerifyElementPropertyValueKeyword.groovy:48)
	at com.kms.katalon.core.webservice.keyword.builtin.VerifyElementPropertyValueKeyword.execute(VerifyElementPropertyValueKeyword.groovy:43)
	at com.kms.katalon.core.keyword.internal.KeywordExecutor.executeKeywordForPlatform(KeywordExecutor.groovy:74)
	at com.kms.katalon.core.webservice.keyword.WSBuiltInKeywords.verifyElementPropertyValue(WSBuiltInKeywords.groovy:189)
	at com.kms.katalon.core.webservice.keyword.WSBuiltInKeywords$verifyElementPropertyValue$1.call(Unknown Source)
	at Engine Scoring.run(Engine Scoring:108)
	at com.kms.katalon.core.main.ScriptEngine.run(ScriptEngine.java:194)
	at com.kms.katalon.core.main.ScriptEngine.runScriptAsRawText(ScriptEngine.java:119)
	at com.kms.katalon.core.main.TestCaseExecutor.runScript(TestCaseExecutor.java:442)
	at com.kms.katalon.core.main.TestCaseExecutor.doExecute(TestCaseExecutor.java:433)
	at com.kms.katalon.core.main.TestCaseExecutor.processExecutionPhase(TestCaseExecutor.java:412)
	at com.kms.katalon.core.main.TestCaseExecutor.accessMainPhase(TestCaseExecutor.java:404)
	at com.kms.katalon.core.main.TestCaseExecutor.execute(TestCaseExecutor.java:281)
	at com.kms.katalon.core.main.TestSuiteExecutor.accessTestCaseMainPhase(TestSuiteExecutor.java:202)
	at com.kms.katalon.core.main.TestSuiteExecutor.accessTestSuiteMainPhase(TestSuiteExecutor.java:164)
	at com.kms.katalon.core.main.TestSuiteExecutor.execute(TestSuiteExecutor.java:105)
	at com.kms.katalon.core.main.TestCaseMain.startTestSuite(TestCaseMain.java:185)
	at com.kms.katalon.core.main.TestCaseMain$startTestSuite$0.call(Unknown Source)
	at TempTestSuite1669628564646.run(TempTestSuite1669628564646.groovy:36)
"/>
         <system-out><![CDATA[2022-11-28 16:48:45 - [TEST_CASE][FAILED] - Test Cases/Engine_Scoring/Engine Scoring: Test Cases/Engine_Scoring/Engine Scoring FAILED.
Reason:
com.kms.katalon.core.exception.StepFailedException: Expected element property value 'Reject' is not equal with actual property value ''
	at com.kms.katalon.core.keyword.internal.KeywordMain.stepFailed(KeywordMain.groovy:50)
	at com.kms.katalon.core.webservice.keyword.builtin.VerifyElementPropertyValueKeyword$_verifyElementPropertyValue_closure1.doCall(VerifyElementPropertyValueKeyword.groovy:56)
	at com.kms.katalon.core.webservice.keyword.builtin.VerifyElementPropertyValueKeyword$_verifyElementPropertyValue_closure1.call(VerifyElementPropertyValueKeyword.groovy)
	at com.kms.katalon.core.keyword.internal.KeywordMain.runKeyword(KeywordMain.groovy:74)
	at com.kms.katalon.core.webservice.keyword.builtin.VerifyElementPropertyValueKeyword.verifyElementPropertyValue(VerifyElementPropertyValueKeyword.groovy:48)
	at com.kms.katalon.core.webservice.keyword.builtin.VerifyElementPropertyValueKeyword.execute(VerifyElementPropertyValueKeyword.groovy:43)
	at com.kms.katalon.core.keyword.internal.KeywordExecutor.executeKeywordForPlatform(KeywordExecutor.groovy:74)
	at com.kms.katalon.core.webservice.keyword.WSBuiltInKeywords.verifyElementPropertyValue(WSBuiltInKeywords.groovy:189)
	at com.kms.katalon.core.webservice.keyword.WSBuiltInKeywords$verifyElementPropertyValue$1.call(Unknown Source)
	at Engine Scoring.run(Engine Scoring:108)
	at com.kms.katalon.core.main.ScriptEngine.run(ScriptEngine.java:194)
	at com.kms.katalon.core.main.ScriptEngine.runScriptAsRawText(ScriptEngine.java:119)
	at com.kms.katalon.core.main.TestCaseExecutor.runScript(TestCaseExecutor.java:442)
	at com.kms.katalon.core.main.TestCaseExecutor.doExecute(TestCaseExecutor.java:433)
	at com.kms.katalon.core.main.TestCaseExecutor.processExecutionPhase(TestCaseExecutor.java:412)
	at com.kms.katalon.core.main.TestCaseExecutor.accessMainPhase(TestCaseExecutor.java:404)
	at com.kms.katalon.core.main.TestCaseExecutor.execute(TestCaseExecutor.java:281)
	at com.kms.katalon.core.main.TestSuiteExecutor.accessTestCaseMainPhase(TestSuiteExecutor.java:202)
	at com.kms.katalon.core.main.TestSuiteExecutor.accessTestSuiteMainPhase(TestSuiteExecutor.java:164)
	at com.kms.katalon.core.main.TestSuiteExecutor.execute(TestSuiteExecutor.java:105)
	at com.kms.katalon.core.main.TestCaseMain.startTestSuite(TestCaseMain.java:185)
	at com.kms.katalon.core.main.TestCaseMain$startTestSuite$0.call(Unknown Source)
	at TempTestSuite1669628564646.run(TempTestSuite1669628564646.groovy:36)


2022-11-28 16:48:45 - [TEST_STEP][PASSED] - markPassed("Variasi data ke : " + no): Variasi data ke : 51

2022-11-28 16:48:45 - [MESSAGE][PASSED] - Variasi data ke : 51

2022-11-28 16:48:45 - [TEST_STEP][PASSED] - req_data = sendRequest(findTestObject("Search_ME", ["MID":MID, "source":source, "ip":ip, "userid":userid, "branch":branch, "tipekons":tipekons, "marital":marital, "penjamin":penjamin, ... ])): Send request successfully

2022-11-28 16:48:46 - [MESSAGE][INFO] - HAR: D:\DMS\Engine Scoring\Reports\20221128_164243\Exclude KKB - DS - Married\Scoring Married - DS\20221128_164244\requests\main\100.har

2022-11-28 16:48:46 - [MESSAGE][PASSED] - Send request successfully

2022-11-28 16:48:46 - [TEST_STEP][PASSED] - slurper = new groovy.json.JsonSlurper(): null

2022-11-28 16:48:46 - [TEST_STEP][PASSED] - result = slurper.parseText(req_data.getResponseBodyContent()): null

2022-11-28 16:48:46 - [TEST_STEP][PASSED] - reqid_kons = requestid1: null

2022-11-28 16:48:46 - [TEST_STEP][PASSED] - reqid_spouse = requestid2: null

2022-11-28 16:48:46 - [TEST_STEP][PASSED] - println("requestid kons : " + reqid_kons): null

2022-11-28 16:48:46 - [TEST_STEP][PASSED] - response_searchME_kons = reqid_kons: null

2022-11-28 16:48:46 - [TEST_STEP][PASSED] - response_searchME_spouse = reqid_spouse: null

2022-11-28 16:48:46 - [TEST_STEP][PASSED] - println("kons req id is :" + response_searchME_kons): null

2022-11-28 16:48:46 - [TEST_STEP][PASSED] - println("spouse req id is : " + response_searchME_spouse): null

2022-11-28 16:48:46 - [TEST_STEP][PASSED] - verifyResponseStatusCode(req_data, 200): Verify response status code successfully

2022-11-28 16:48:46 - [MESSAGE][PASSED] - Verify response status code successfully

2022-11-28 16:48:46 - [TEST_STEP][PASSED] - response = req_data.getResponseText(): null

2022-11-28 16:48:46 - [TEST_STEP][PASSED] - logInfo($response): {"status":"Done","data":{"requestid1":"256766","requestid2":"256767"}}

2022-11-28 16:48:46 - [MESSAGE][INFO] - {"status":"Done","data":{"requestid1":"256766","requestid2":"256767"}}

2022-11-28 16:48:46 - [TEST_STEP][PASSED] - delay(5): Delayed 5 second(s)

2022-11-28 16:48:51 - [MESSAGE][PASSED] - Delayed 5 second(s)

2022-11-28 16:48:51 - [TEST_STEP][PASSED] - scoring = sendRequest(findTestObject("EngineScore", ["response_searchME_kons":response_searchME_kons, "response_searchME_spouse":response_searchME_spouse])): Send request successfully

2022-11-28 16:48:51 - [MESSAGE][INFO] - HAR: D:\DMS\Engine Scoring\Reports\20221128_164243\Exclude KKB - DS - Married\Scoring Married - DS\20221128_164244\requests\main\101.har

2022-11-28 16:48:51 - [MESSAGE][PASSED] - Send request successfully

2022-11-28 16:48:51 - [TEST_STEP][PASSED] - verifyResponseStatusCode(scoring, 200): Verify response status code successfully

2022-11-28 16:48:51 - [MESSAGE][PASSED] - Verify response status code successfully

2022-11-28 16:48:51 - [TEST_STEP][PASSED] - response2 = scoring.getResponseText(): null

2022-11-28 16:48:51 - [TEST_STEP][PASSED] - markPassed("result service data ke : " + no): result service data ke : 51

2022-11-28 16:48:51 - [MESSAGE][PASSED] - result service data ke : 51

2022-11-28 16:48:51 - [TEST_STEP][PASSED] - logInfo($response2): {"result_konsumen":"","result_pasangan":"","Final_result":"","errorMessage":"","status":"InProgress"}

2022-11-28 16:48:51 - [MESSAGE][INFO] - {"result_konsumen":"","result_pasangan":"","Final_result":"","errorMessage":"","status":"InProgress"}

2022-11-28 16:48:51 - [TEST_STEP][FAILED] - verifyElementPropertyValue(scoring, "Final_result", final_result): Unable to verify element property value (Root cause: com.kms.katalon.core.exception.StepFailedException: Expected element property value 'Reject' is not equal with actual property value ''
	at com.kms.katalon.core.keyword.internal.KeywordMain.stepFailed(KeywordMain.groovy:50)
	at com.kms.katalon.core.webservice.keyword.builtin.VerifyElementPropertyValueKeyword$_verifyElementPropertyValue_closure1.doCall(VerifyElementPropertyValueKeyword.groovy:56)
	at com.kms.katalon.core.webservice.keyword.builtin.VerifyElementPropertyValueKeyword$_verifyElementPropertyValue_closure1.call(VerifyElementPropertyValueKeyword.groovy)
	at com.kms.katalon.core.keyword.internal.KeywordMain.runKeyword(KeywordMain.groovy:74)
	at com.kms.katalon.core.webservice.keyword.builtin.VerifyElementPropertyValueKeyword.verifyElementPropertyValue(VerifyElementPropertyValueKeyword.groovy:48)
	at com.kms.katalon.core.webservice.keyword.builtin.VerifyElementPropertyValueKeyword.execute(VerifyElementPropertyValueKeyword.groovy:43)
	at com.kms.katalon.core.keyword.internal.KeywordExecutor.executeKeywordForPlatform(KeywordExecutor.groovy:74)
	at com.kms.katalon.core.webservice.keyword.WSBuiltInKeywords.verifyElementPropertyValue(WSBuiltInKeywords.groovy:189)
	at com.kms.katalon.core.webservice.keyword.WSBuiltInKeywords$verifyElementPropertyValue$1.call(Unknown Source)
	at Engine Scoring.run(Engine Scoring:108)
	at com.kms.katalon.core.main.ScriptEngine.run(ScriptEngine.java:194)
	at com.kms.katalon.core.main.ScriptEngine.runScriptAsRawText(ScriptEngine.java:119)
	at com.kms.katalon.core.main.TestCaseExecutor.runScript(TestCaseExecutor.java:442)
	at com.kms.katalon.core.main.TestCaseExecutor.doExecute(TestCaseExecutor.java:433)
	at com.kms.katalon.core.main.TestCaseExecutor.processExecutionPhase(TestCaseExecutor.java:412)
	at com.kms.katalon.core.main.TestCaseExecutor.accessMainPhase(TestCaseExecutor.java:404)
	at com.kms.katalon.core.main.TestCaseExecutor.execute(TestCaseExecutor.java:281)
	at com.kms.katalon.core.main.TestSuiteExecutor.accessTestCaseMainPhase(TestSuiteExecutor.java:202)
	at com.kms.katalon.core.main.TestSuiteExecutor.accessTestSuiteMainPhase(TestSuiteExecutor.java:164)
	at com.kms.katalon.core.main.TestSuiteExecutor.execute(TestSuiteExecutor.java:105)
	at com.kms.katalon.core.main.TestCaseMain.startTestSuite(TestCaseMain.java:185)
	at com.kms.katalon.core.main.TestCaseMain$startTestSuite$0.call(Unknown Source)
	at TempTestSuite1669628564646.run(TempTestSuite1669628564646.groovy:36)
)

2022-11-28 16:48:51 - [MESSAGE][FAILED] - Expected element property value 'Reject' is not equal with actual property value ''

2022-11-28 16:48:51 - [MESSAGE][FAILED] - Unable to verify element property value (Root cause: com.kms.katalon.core.exception.StepFailedException: Expected element property value 'Reject' is not equal with actual property value ''
	at com.kms.katalon.core.keyword.internal.KeywordMain.stepFailed(KeywordMain.groovy:50)
	at com.kms.katalon.core.webservice.keyword.builtin.VerifyElementPropertyValueKeyword$_verifyElementPropertyValue_closure1.doCall(VerifyElementPropertyValueKeyword.groovy:56)
	at com.kms.katalon.core.webservice.keyword.builtin.VerifyElementPropertyValueKeyword$_verifyElementPropertyValue_closure1.call(VerifyElementPropertyValueKeyword.groovy)
	at com.kms.katalon.core.keyword.internal.KeywordMain.runKeyword(KeywordMain.groovy:74)
	at com.kms.katalon.core.webservice.keyword.builtin.VerifyElementPropertyValueKeyword.verifyElementPropertyValue(VerifyElementPropertyValueKeyword.groovy:48)
	at com.kms.katalon.core.webservice.keyword.builtin.VerifyElementPropertyValueKeyword.execute(VerifyElementPropertyValueKeyword.groovy:43)
	at com.kms.katalon.core.keyword.internal.KeywordExecutor.executeKeywordForPlatform(KeywordExecutor.groovy:74)
	at com.kms.katalon.core.webservice.keyword.WSBuiltInKeywords.verifyElementPropertyValue(WSBuiltInKeywords.groovy:189)
	at com.kms.katalon.core.webservice.keyword.WSBuiltInKeywords$verifyElementPropertyValue$1.call(Unknown Source)
	at Engine Scoring.run(Engine Scoring:108)
	at com.kms.katalon.core.main.ScriptEngine.run(ScriptEngine.java:194)
	at com.kms.katalon.core.main.ScriptEngine.runScriptAsRawText(ScriptEngine.java:119)
	at com.kms.katalon.core.main.TestCaseExecutor.runScript(TestCaseExecutor.java:442)
	at com.kms.katalon.core.main.TestCaseExecutor.doExecute(TestCaseExecutor.java:433)
	at com.kms.katalon.core.main.TestCaseExecutor.processExecutionPhase(TestCaseExecutor.java:412)
	at com.kms.katalon.core.main.TestCaseExecutor.accessMainPhase(TestCaseExecutor.java:404)
	at com.kms.katalon.core.main.TestCaseExecutor.execute(TestCaseExecutor.java:281)
	at com.kms.katalon.core.main.TestSuiteExecutor.accessTestCaseMainPhase(TestSuiteExecutor.java:202)
	at com.kms.katalon.core.main.TestSuiteExecutor.accessTestSuiteMainPhase(TestSuiteExecutor.java:164)
	at com.kms.katalon.core.main.TestSuiteExecutor.execute(TestSuiteExecutor.java:105)
	at com.kms.katalon.core.main.TestCaseMain.startTestSuite(TestCaseMain.java:185)
	at com.kms.katalon.core.main.TestCaseMain$startTestSuite$0.call(Unknown Source)
	at TempTestSuite1669628564646.run(TempTestSuite1669628564646.groovy:36)
)]]></system-out>
         <system-err><![CDATA[2022-11-28 16:48:45 - [TEST_CASE][FAILED] - Test Cases/Engine_Scoring/Engine Scoring: Test Cases/Engine_Scoring/Engine Scoring FAILED.
Reason:
com.kms.katalon.core.exception.StepFailedException: Expected element property value 'Reject' is not equal with actual property value ''
	at com.kms.katalon.core.keyword.internal.KeywordMain.stepFailed(KeywordMain.groovy:50)
	at com.kms.katalon.core.webservice.keyword.builtin.VerifyElementPropertyValueKeyword$_verifyElementPropertyValue_closure1.doCall(VerifyElementPropertyValueKeyword.groovy:56)
	at com.kms.katalon.core.webservice.keyword.builtin.VerifyElementPropertyValueKeyword$_verifyElementPropertyValue_closure1.call(VerifyElementPropertyValueKeyword.groovy)
	at com.kms.katalon.core.keyword.internal.KeywordMain.runKeyword(KeywordMain.groovy:74)
	at com.kms.katalon.core.webservice.keyword.builtin.VerifyElementPropertyValueKeyword.verifyElementPropertyValue(VerifyElementPropertyValueKeyword.groovy:48)
	at com.kms.katalon.core.webservice.keyword.builtin.VerifyElementPropertyValueKeyword.execute(VerifyElementPropertyValueKeyword.groovy:43)
	at com.kms.katalon.core.keyword.internal.KeywordExecutor.executeKeywordForPlatform(KeywordExecutor.groovy:74)
	at com.kms.katalon.core.webservice.keyword.WSBuiltInKeywords.verifyElementPropertyValue(WSBuiltInKeywords.groovy:189)
	at com.kms.katalon.core.webservice.keyword.WSBuiltInKeywords$verifyElementPropertyValue$1.call(Unknown Source)
	at Engine Scoring.run(Engine Scoring:108)
	at com.kms.katalon.core.main.ScriptEngine.run(ScriptEngine.java:194)
	at com.kms.katalon.core.main.ScriptEngine.runScriptAsRawText(ScriptEngine.java:119)
	at com.kms.katalon.core.main.TestCaseExecutor.runScript(TestCaseExecutor.java:442)
	at com.kms.katalon.core.main.TestCaseExecutor.doExecute(TestCaseExecutor.java:433)
	at com.kms.katalon.core.main.TestCaseExecutor.processExecutionPhase(TestCaseExecutor.java:412)
	at com.kms.katalon.core.main.TestCaseExecutor.accessMainPhase(TestCaseExecutor.java:404)
	at com.kms.katalon.core.main.TestCaseExecutor.execute(TestCaseExecutor.java:281)
	at com.kms.katalon.core.main.TestSuiteExecutor.accessTestCaseMainPhase(TestSuiteExecutor.java:202)
	at com.kms.katalon.core.main.TestSuiteExecutor.accessTestSuiteMainPhase(TestSuiteExecutor.java:164)
	at com.kms.katalon.core.main.TestSuiteExecutor.execute(TestSuiteExecutor.java:105)
	at com.kms.katalon.core.main.TestCaseMain.startTestSuite(TestCaseMain.java:185)
	at com.kms.katalon.core.main.TestCaseMain$startTestSuite$0.call(Unknown Source)
	at TempTestSuite1669628564646.run(TempTestSuite1669628564646.groovy:36)]]></system-err>
      </testcase>
      <testcase name="Test Cases/Engine_Scoring/Engine Scoring" time="6.756" classname="Test Cases/Engine_Scoring/Engine Scoring" status="FAILED">
         <failure type="FAILED" message="Test Cases/Engine_Scoring/Engine Scoring FAILED.
Reason:
com.kms.katalon.core.exception.StepFailedException: Expected element property value 'Reject' is not equal with actual property value ''
	at com.kms.katalon.core.keyword.internal.KeywordMain.stepFailed(KeywordMain.groovy:50)
	at com.kms.katalon.core.webservice.keyword.builtin.VerifyElementPropertyValueKeyword$_verifyElementPropertyValue_closure1.doCall(VerifyElementPropertyValueKeyword.groovy:56)
	at com.kms.katalon.core.webservice.keyword.builtin.VerifyElementPropertyValueKeyword$_verifyElementPropertyValue_closure1.call(VerifyElementPropertyValueKeyword.groovy)
	at com.kms.katalon.core.keyword.internal.KeywordMain.runKeyword(KeywordMain.groovy:74)
	at com.kms.katalon.core.webservice.keyword.builtin.VerifyElementPropertyValueKeyword.verifyElementPropertyValue(VerifyElementPropertyValueKeyword.groovy:48)
	at com.kms.katalon.core.webservice.keyword.builtin.VerifyElementPropertyValueKeyword.execute(VerifyElementPropertyValueKeyword.groovy:43)
	at com.kms.katalon.core.keyword.internal.KeywordExecutor.executeKeywordForPlatform(KeywordExecutor.groovy:74)
	at com.kms.katalon.core.webservice.keyword.WSBuiltInKeywords.verifyElementPropertyValue(WSBuiltInKeywords.groovy:189)
	at com.kms.katalon.core.webservice.keyword.WSBuiltInKeywords$verifyElementPropertyValue$1.call(Unknown Source)
	at Engine Scoring.run(Engine Scoring:108)
	at com.kms.katalon.core.main.ScriptEngine.run(ScriptEngine.java:194)
	at com.kms.katalon.core.main.ScriptEngine.runScriptAsRawText(ScriptEngine.java:119)
	at com.kms.katalon.core.main.TestCaseExecutor.runScript(TestCaseExecutor.java:442)
	at com.kms.katalon.core.main.TestCaseExecutor.doExecute(TestCaseExecutor.java:433)
	at com.kms.katalon.core.main.TestCaseExecutor.processExecutionPhase(TestCaseExecutor.java:412)
	at com.kms.katalon.core.main.TestCaseExecutor.accessMainPhase(TestCaseExecutor.java:404)
	at com.kms.katalon.core.main.TestCaseExecutor.execute(TestCaseExecutor.java:281)
	at com.kms.katalon.core.main.TestSuiteExecutor.accessTestCaseMainPhase(TestSuiteExecutor.java:202)
	at com.kms.katalon.core.main.TestSuiteExecutor.accessTestSuiteMainPhase(TestSuiteExecutor.java:164)
	at com.kms.katalon.core.main.TestSuiteExecutor.execute(TestSuiteExecutor.java:105)
	at com.kms.katalon.core.main.TestCaseMain.startTestSuite(TestCaseMain.java:185)
	at com.kms.katalon.core.main.TestCaseMain$startTestSuite$0.call(Unknown Source)
	at TempTestSuite1669628564646.run(TempTestSuite1669628564646.groovy:36)
"/>
         <system-out><![CDATA[2022-11-28 16:48:51 - [TEST_CASE][FAILED] - Test Cases/Engine_Scoring/Engine Scoring: Test Cases/Engine_Scoring/Engine Scoring FAILED.
Reason:
com.kms.katalon.core.exception.StepFailedException: Expected element property value 'Reject' is not equal with actual property value ''
	at com.kms.katalon.core.keyword.internal.KeywordMain.stepFailed(KeywordMain.groovy:50)
	at com.kms.katalon.core.webservice.keyword.builtin.VerifyElementPropertyValueKeyword$_verifyElementPropertyValue_closure1.doCall(VerifyElementPropertyValueKeyword.groovy:56)
	at com.kms.katalon.core.webservice.keyword.builtin.VerifyElementPropertyValueKeyword$_verifyElementPropertyValue_closure1.call(VerifyElementPropertyValueKeyword.groovy)
	at com.kms.katalon.core.keyword.internal.KeywordMain.runKeyword(KeywordMain.groovy:74)
	at com.kms.katalon.core.webservice.keyword.builtin.VerifyElementPropertyValueKeyword.verifyElementPropertyValue(VerifyElementPropertyValueKeyword.groovy:48)
	at com.kms.katalon.core.webservice.keyword.builtin.VerifyElementPropertyValueKeyword.execute(VerifyElementPropertyValueKeyword.groovy:43)
	at com.kms.katalon.core.keyword.internal.KeywordExecutor.executeKeywordForPlatform(KeywordExecutor.groovy:74)
	at com.kms.katalon.core.webservice.keyword.WSBuiltInKeywords.verifyElementPropertyValue(WSBuiltInKeywords.groovy:189)
	at com.kms.katalon.core.webservice.keyword.WSBuiltInKeywords$verifyElementPropertyValue$1.call(Unknown Source)
	at Engine Scoring.run(Engine Scoring:108)
	at com.kms.katalon.core.main.ScriptEngine.run(ScriptEngine.java:194)
	at com.kms.katalon.core.main.ScriptEngine.runScriptAsRawText(ScriptEngine.java:119)
	at com.kms.katalon.core.main.TestCaseExecutor.runScript(TestCaseExecutor.java:442)
	at com.kms.katalon.core.main.TestCaseExecutor.doExecute(TestCaseExecutor.java:433)
	at com.kms.katalon.core.main.TestCaseExecutor.processExecutionPhase(TestCaseExecutor.java:412)
	at com.kms.katalon.core.main.TestCaseExecutor.accessMainPhase(TestCaseExecutor.java:404)
	at com.kms.katalon.core.main.TestCaseExecutor.execute(TestCaseExecutor.java:281)
	at com.kms.katalon.core.main.TestSuiteExecutor.accessTestCaseMainPhase(TestSuiteExecutor.java:202)
	at com.kms.katalon.core.main.TestSuiteExecutor.accessTestSuiteMainPhase(TestSuiteExecutor.java:164)
	at com.kms.katalon.core.main.TestSuiteExecutor.execute(TestSuiteExecutor.java:105)
	at com.kms.katalon.core.main.TestCaseMain.startTestSuite(TestCaseMain.java:185)
	at com.kms.katalon.core.main.TestCaseMain$startTestSuite$0.call(Unknown Source)
	at TempTestSuite1669628564646.run(TempTestSuite1669628564646.groovy:36)


2022-11-28 16:48:52 - [TEST_STEP][PASSED] - markPassed("Variasi data ke : " + no): Variasi data ke : 52

2022-11-28 16:48:52 - [MESSAGE][PASSED] - Variasi data ke : 52

2022-11-28 16:48:52 - [TEST_STEP][PASSED] - req_data = sendRequest(findTestObject("Search_ME", ["MID":MID, "source":source, "ip":ip, "userid":userid, "branch":branch, "tipekons":tipekons, "marital":marital, "penjamin":penjamin, ... ])): Send request successfully

2022-11-28 16:48:53 - [MESSAGE][INFO] - HAR: D:\DMS\Engine Scoring\Reports\20221128_164243\Exclude KKB - DS - Married\Scoring Married - DS\20221128_164244\requests\main\102.har

2022-11-28 16:48:53 - [MESSAGE][PASSED] - Send request successfully

2022-11-28 16:48:53 - [TEST_STEP][PASSED] - slurper = new groovy.json.JsonSlurper(): null

2022-11-28 16:48:53 - [TEST_STEP][PASSED] - result = slurper.parseText(req_data.getResponseBodyContent()): null

2022-11-28 16:48:53 - [TEST_STEP][PASSED] - reqid_kons = requestid1: null

2022-11-28 16:48:53 - [TEST_STEP][PASSED] - reqid_spouse = requestid2: null

2022-11-28 16:48:53 - [TEST_STEP][PASSED] - println("requestid kons : " + reqid_kons): null

2022-11-28 16:48:53 - [TEST_STEP][PASSED] - response_searchME_kons = reqid_kons: null

2022-11-28 16:48:53 - [TEST_STEP][PASSED] - response_searchME_spouse = reqid_spouse: null

2022-11-28 16:48:53 - [TEST_STEP][PASSED] - println("kons req id is :" + response_searchME_kons): null

2022-11-28 16:48:53 - [TEST_STEP][PASSED] - println("spouse req id is : " + response_searchME_spouse): null

2022-11-28 16:48:53 - [TEST_STEP][PASSED] - verifyResponseStatusCode(req_data, 200): Verify response status code successfully

2022-11-28 16:48:53 - [MESSAGE][PASSED] - Verify response status code successfully

2022-11-28 16:48:53 - [TEST_STEP][PASSED] - response = req_data.getResponseText(): null

2022-11-28 16:48:53 - [TEST_STEP][PASSED] - logInfo($response): {"status":"Done","data":{"requestid1":"256768","requestid2":"256769"}}

2022-11-28 16:48:53 - [MESSAGE][INFO] - {"status":"Done","data":{"requestid1":"256768","requestid2":"256769"}}

2022-11-28 16:48:53 - [TEST_STEP][PASSED] - delay(5): Delayed 5 second(s)

2022-11-28 16:48:58 - [MESSAGE][PASSED] - Delayed 5 second(s)

2022-11-28 16:48:58 - [TEST_STEP][PASSED] - scoring = sendRequest(findTestObject("EngineScore", ["response_searchME_kons":response_searchME_kons, "response_searchME_spouse":response_searchME_spouse])): Send request successfully

2022-11-28 16:48:58 - [MESSAGE][INFO] - HAR: D:\DMS\Engine Scoring\Reports\20221128_164243\Exclude KKB - DS - Married\Scoring Married - DS\20221128_164244\requests\main\103.har

2022-11-28 16:48:58 - [MESSAGE][PASSED] - Send request successfully

2022-11-28 16:48:58 - [TEST_STEP][PASSED] - verifyResponseStatusCode(scoring, 200): Verify response status code successfully

2022-11-28 16:48:58 - [MESSAGE][PASSED] - Verify response status code successfully

2022-11-28 16:48:58 - [TEST_STEP][PASSED] - response2 = scoring.getResponseText(): null

2022-11-28 16:48:58 - [TEST_STEP][PASSED] - markPassed("result service data ke : " + no): result service data ke : 52

2022-11-28 16:48:58 - [MESSAGE][PASSED] - result service data ke : 52

2022-11-28 16:48:58 - [TEST_STEP][PASSED] - logInfo($response2): {"result_konsumen":"","result_pasangan":"","Final_result":"","errorMessage":"","status":"InProgress"}

2022-11-28 16:48:58 - [MESSAGE][INFO] - {"result_konsumen":"","result_pasangan":"","Final_result":"","errorMessage":"","status":"InProgress"}

2022-11-28 16:48:58 - [TEST_STEP][FAILED] - verifyElementPropertyValue(scoring, "Final_result", final_result): Unable to verify element property value (Root cause: com.kms.katalon.core.exception.StepFailedException: Expected element property value 'Reject' is not equal with actual property value ''
	at com.kms.katalon.core.keyword.internal.KeywordMain.stepFailed(KeywordMain.groovy:50)
	at com.kms.katalon.core.webservice.keyword.builtin.VerifyElementPropertyValueKeyword$_verifyElementPropertyValue_closure1.doCall(VerifyElementPropertyValueKeyword.groovy:56)
	at com.kms.katalon.core.webservice.keyword.builtin.VerifyElementPropertyValueKeyword$_verifyElementPropertyValue_closure1.call(VerifyElementPropertyValueKeyword.groovy)
	at com.kms.katalon.core.keyword.internal.KeywordMain.runKeyword(KeywordMain.groovy:74)
	at com.kms.katalon.core.webservice.keyword.builtin.VerifyElementPropertyValueKeyword.verifyElementPropertyValue(VerifyElementPropertyValueKeyword.groovy:48)
	at com.kms.katalon.core.webservice.keyword.builtin.VerifyElementPropertyValueKeyword.execute(VerifyElementPropertyValueKeyword.groovy:43)
	at com.kms.katalon.core.keyword.internal.KeywordExecutor.executeKeywordForPlatform(KeywordExecutor.groovy:74)
	at com.kms.katalon.core.webservice.keyword.WSBuiltInKeywords.verifyElementPropertyValue(WSBuiltInKeywords.groovy:189)
	at com.kms.katalon.core.webservice.keyword.WSBuiltInKeywords$verifyElementPropertyValue$1.call(Unknown Source)
	at Engine Scoring.run(Engine Scoring:108)
	at com.kms.katalon.core.main.ScriptEngine.run(ScriptEngine.java:194)
	at com.kms.katalon.core.main.ScriptEngine.runScriptAsRawText(ScriptEngine.java:119)
	at com.kms.katalon.core.main.TestCaseExecutor.runScript(TestCaseExecutor.java:442)
	at com.kms.katalon.core.main.TestCaseExecutor.doExecute(TestCaseExecutor.java:433)
	at com.kms.katalon.core.main.TestCaseExecutor.processExecutionPhase(TestCaseExecutor.java:412)
	at com.kms.katalon.core.main.TestCaseExecutor.accessMainPhase(TestCaseExecutor.java:404)
	at com.kms.katalon.core.main.TestCaseExecutor.execute(TestCaseExecutor.java:281)
	at com.kms.katalon.core.main.TestSuiteExecutor.accessTestCaseMainPhase(TestSuiteExecutor.java:202)
	at com.kms.katalon.core.main.TestSuiteExecutor.accessTestSuiteMainPhase(TestSuiteExecutor.java:164)
	at com.kms.katalon.core.main.TestSuiteExecutor.execute(TestSuiteExecutor.java:105)
	at com.kms.katalon.core.main.TestCaseMain.startTestSuite(TestCaseMain.java:185)
	at com.kms.katalon.core.main.TestCaseMain$startTestSuite$0.call(Unknown Source)
	at TempTestSuite1669628564646.run(TempTestSuite1669628564646.groovy:36)
)

2022-11-28 16:48:58 - [MESSAGE][FAILED] - Expected element property value 'Reject' is not equal with actual property value ''

2022-11-28 16:48:58 - [MESSAGE][FAILED] - Unable to verify element property value (Root cause: com.kms.katalon.core.exception.StepFailedException: Expected element property value 'Reject' is not equal with actual property value ''
	at com.kms.katalon.core.keyword.internal.KeywordMain.stepFailed(KeywordMain.groovy:50)
	at com.kms.katalon.core.webservice.keyword.builtin.VerifyElementPropertyValueKeyword$_verifyElementPropertyValue_closure1.doCall(VerifyElementPropertyValueKeyword.groovy:56)
	at com.kms.katalon.core.webservice.keyword.builtin.VerifyElementPropertyValueKeyword$_verifyElementPropertyValue_closure1.call(VerifyElementPropertyValueKeyword.groovy)
	at com.kms.katalon.core.keyword.internal.KeywordMain.runKeyword(KeywordMain.groovy:74)
	at com.kms.katalon.core.webservice.keyword.builtin.VerifyElementPropertyValueKeyword.verifyElementPropertyValue(VerifyElementPropertyValueKeyword.groovy:48)
	at com.kms.katalon.core.webservice.keyword.builtin.VerifyElementPropertyValueKeyword.execute(VerifyElementPropertyValueKeyword.groovy:43)
	at com.kms.katalon.core.keyword.internal.KeywordExecutor.executeKeywordForPlatform(KeywordExecutor.groovy:74)
	at com.kms.katalon.core.webservice.keyword.WSBuiltInKeywords.verifyElementPropertyValue(WSBuiltInKeywords.groovy:189)
	at com.kms.katalon.core.webservice.keyword.WSBuiltInKeywords$verifyElementPropertyValue$1.call(Unknown Source)
	at Engine Scoring.run(Engine Scoring:108)
	at com.kms.katalon.core.main.ScriptEngine.run(ScriptEngine.java:194)
	at com.kms.katalon.core.main.ScriptEngine.runScriptAsRawText(ScriptEngine.java:119)
	at com.kms.katalon.core.main.TestCaseExecutor.runScript(TestCaseExecutor.java:442)
	at com.kms.katalon.core.main.TestCaseExecutor.doExecute(TestCaseExecutor.java:433)
	at com.kms.katalon.core.main.TestCaseExecutor.processExecutionPhase(TestCaseExecutor.java:412)
	at com.kms.katalon.core.main.TestCaseExecutor.accessMainPhase(TestCaseExecutor.java:404)
	at com.kms.katalon.core.main.TestCaseExecutor.execute(TestCaseExecutor.java:281)
	at com.kms.katalon.core.main.TestSuiteExecutor.accessTestCaseMainPhase(TestSuiteExecutor.java:202)
	at com.kms.katalon.core.main.TestSuiteExecutor.accessTestSuiteMainPhase(TestSuiteExecutor.java:164)
	at com.kms.katalon.core.main.TestSuiteExecutor.execute(TestSuiteExecutor.java:105)
	at com.kms.katalon.core.main.TestCaseMain.startTestSuite(TestCaseMain.java:185)
	at com.kms.katalon.core.main.TestCaseMain$startTestSuite$0.call(Unknown Source)
	at TempTestSuite1669628564646.run(TempTestSuite1669628564646.groovy:36)
)]]></system-out>
         <system-err><![CDATA[2022-11-28 16:48:51 - [TEST_CASE][FAILED] - Test Cases/Engine_Scoring/Engine Scoring: Test Cases/Engine_Scoring/Engine Scoring FAILED.
Reason:
com.kms.katalon.core.exception.StepFailedException: Expected element property value 'Reject' is not equal with actual property value ''
	at com.kms.katalon.core.keyword.internal.KeywordMain.stepFailed(KeywordMain.groovy:50)
	at com.kms.katalon.core.webservice.keyword.builtin.VerifyElementPropertyValueKeyword$_verifyElementPropertyValue_closure1.doCall(VerifyElementPropertyValueKeyword.groovy:56)
	at com.kms.katalon.core.webservice.keyword.builtin.VerifyElementPropertyValueKeyword$_verifyElementPropertyValue_closure1.call(VerifyElementPropertyValueKeyword.groovy)
	at com.kms.katalon.core.keyword.internal.KeywordMain.runKeyword(KeywordMain.groovy:74)
	at com.kms.katalon.core.webservice.keyword.builtin.VerifyElementPropertyValueKeyword.verifyElementPropertyValue(VerifyElementPropertyValueKeyword.groovy:48)
	at com.kms.katalon.core.webservice.keyword.builtin.VerifyElementPropertyValueKeyword.execute(VerifyElementPropertyValueKeyword.groovy:43)
	at com.kms.katalon.core.keyword.internal.KeywordExecutor.executeKeywordForPlatform(KeywordExecutor.groovy:74)
	at com.kms.katalon.core.webservice.keyword.WSBuiltInKeywords.verifyElementPropertyValue(WSBuiltInKeywords.groovy:189)
	at com.kms.katalon.core.webservice.keyword.WSBuiltInKeywords$verifyElementPropertyValue$1.call(Unknown Source)
	at Engine Scoring.run(Engine Scoring:108)
	at com.kms.katalon.core.main.ScriptEngine.run(ScriptEngine.java:194)
	at com.kms.katalon.core.main.ScriptEngine.runScriptAsRawText(ScriptEngine.java:119)
	at com.kms.katalon.core.main.TestCaseExecutor.runScript(TestCaseExecutor.java:442)
	at com.kms.katalon.core.main.TestCaseExecutor.doExecute(TestCaseExecutor.java:433)
	at com.kms.katalon.core.main.TestCaseExecutor.processExecutionPhase(TestCaseExecutor.java:412)
	at com.kms.katalon.core.main.TestCaseExecutor.accessMainPhase(TestCaseExecutor.java:404)
	at com.kms.katalon.core.main.TestCaseExecutor.execute(TestCaseExecutor.java:281)
	at com.kms.katalon.core.main.TestSuiteExecutor.accessTestCaseMainPhase(TestSuiteExecutor.java:202)
	at com.kms.katalon.core.main.TestSuiteExecutor.accessTestSuiteMainPhase(TestSuiteExecutor.java:164)
	at com.kms.katalon.core.main.TestSuiteExecutor.execute(TestSuiteExecutor.java:105)
	at com.kms.katalon.core.main.TestCaseMain.startTestSuite(TestCaseMain.java:185)
	at com.kms.katalon.core.main.TestCaseMain$startTestSuite$0.call(Unknown Source)
	at TempTestSuite1669628564646.run(TempTestSuite1669628564646.groovy:36)]]></system-err>
      </testcase>
      <testcase name="Test Cases/Engine_Scoring/Engine Scoring" time="6.929" classname="Test Cases/Engine_Scoring/Engine Scoring" status="FAILED">
         <failure type="FAILED" message="Test Cases/Engine_Scoring/Engine Scoring FAILED.
Reason:
com.kms.katalon.core.exception.StepFailedException: Expected element property value 'Reject' is not equal with actual property value ''
	at com.kms.katalon.core.keyword.internal.KeywordMain.stepFailed(KeywordMain.groovy:50)
	at com.kms.katalon.core.webservice.keyword.builtin.VerifyElementPropertyValueKeyword$_verifyElementPropertyValue_closure1.doCall(VerifyElementPropertyValueKeyword.groovy:56)
	at com.kms.katalon.core.webservice.keyword.builtin.VerifyElementPropertyValueKeyword$_verifyElementPropertyValue_closure1.call(VerifyElementPropertyValueKeyword.groovy)
	at com.kms.katalon.core.keyword.internal.KeywordMain.runKeyword(KeywordMain.groovy:74)
	at com.kms.katalon.core.webservice.keyword.builtin.VerifyElementPropertyValueKeyword.verifyElementPropertyValue(VerifyElementPropertyValueKeyword.groovy:48)
	at com.kms.katalon.core.webservice.keyword.builtin.VerifyElementPropertyValueKeyword.execute(VerifyElementPropertyValueKeyword.groovy:43)
	at com.kms.katalon.core.keyword.internal.KeywordExecutor.executeKeywordForPlatform(KeywordExecutor.groovy:74)
	at com.kms.katalon.core.webservice.keyword.WSBuiltInKeywords.verifyElementPropertyValue(WSBuiltInKeywords.groovy:189)
	at com.kms.katalon.core.webservice.keyword.WSBuiltInKeywords$verifyElementPropertyValue$1.call(Unknown Source)
	at Engine Scoring.run(Engine Scoring:108)
	at com.kms.katalon.core.main.ScriptEngine.run(ScriptEngine.java:194)
	at com.kms.katalon.core.main.ScriptEngine.runScriptAsRawText(ScriptEngine.java:119)
	at com.kms.katalon.core.main.TestCaseExecutor.runScript(TestCaseExecutor.java:442)
	at com.kms.katalon.core.main.TestCaseExecutor.doExecute(TestCaseExecutor.java:433)
	at com.kms.katalon.core.main.TestCaseExecutor.processExecutionPhase(TestCaseExecutor.java:412)
	at com.kms.katalon.core.main.TestCaseExecutor.accessMainPhase(TestCaseExecutor.java:404)
	at com.kms.katalon.core.main.TestCaseExecutor.execute(TestCaseExecutor.java:281)
	at com.kms.katalon.core.main.TestSuiteExecutor.accessTestCaseMainPhase(TestSuiteExecutor.java:202)
	at com.kms.katalon.core.main.TestSuiteExecutor.accessTestSuiteMainPhase(TestSuiteExecutor.java:164)
	at com.kms.katalon.core.main.TestSuiteExecutor.execute(TestSuiteExecutor.java:105)
	at com.kms.katalon.core.main.TestCaseMain.startTestSuite(TestCaseMain.java:185)
	at com.kms.katalon.core.main.TestCaseMain$startTestSuite$0.call(Unknown Source)
	at TempTestSuite1669628564646.run(TempTestSuite1669628564646.groovy:36)
"/>
         <system-out><![CDATA[2022-11-28 16:48:58 - [TEST_CASE][FAILED] - Test Cases/Engine_Scoring/Engine Scoring: Test Cases/Engine_Scoring/Engine Scoring FAILED.
Reason:
com.kms.katalon.core.exception.StepFailedException: Expected element property value 'Reject' is not equal with actual property value ''
	at com.kms.katalon.core.keyword.internal.KeywordMain.stepFailed(KeywordMain.groovy:50)
	at com.kms.katalon.core.webservice.keyword.builtin.VerifyElementPropertyValueKeyword$_verifyElementPropertyValue_closure1.doCall(VerifyElementPropertyValueKeyword.groovy:56)
	at com.kms.katalon.core.webservice.keyword.builtin.VerifyElementPropertyValueKeyword$_verifyElementPropertyValue_closure1.call(VerifyElementPropertyValueKeyword.groovy)
	at com.kms.katalon.core.keyword.internal.KeywordMain.runKeyword(KeywordMain.groovy:74)
	at com.kms.katalon.core.webservice.keyword.builtin.VerifyElementPropertyValueKeyword.verifyElementPropertyValue(VerifyElementPropertyValueKeyword.groovy:48)
	at com.kms.katalon.core.webservice.keyword.builtin.VerifyElementPropertyValueKeyword.execute(VerifyElementPropertyValueKeyword.groovy:43)
	at com.kms.katalon.core.keyword.internal.KeywordExecutor.executeKeywordForPlatform(KeywordExecutor.groovy:74)
	at com.kms.katalon.core.webservice.keyword.WSBuiltInKeywords.verifyElementPropertyValue(WSBuiltInKeywords.groovy:189)
	at com.kms.katalon.core.webservice.keyword.WSBuiltInKeywords$verifyElementPropertyValue$1.call(Unknown Source)
	at Engine Scoring.run(Engine Scoring:108)
	at com.kms.katalon.core.main.ScriptEngine.run(ScriptEngine.java:194)
	at com.kms.katalon.core.main.ScriptEngine.runScriptAsRawText(ScriptEngine.java:119)
	at com.kms.katalon.core.main.TestCaseExecutor.runScript(TestCaseExecutor.java:442)
	at com.kms.katalon.core.main.TestCaseExecutor.doExecute(TestCaseExecutor.java:433)
	at com.kms.katalon.core.main.TestCaseExecutor.processExecutionPhase(TestCaseExecutor.java:412)
	at com.kms.katalon.core.main.TestCaseExecutor.accessMainPhase(TestCaseExecutor.java:404)
	at com.kms.katalon.core.main.TestCaseExecutor.execute(TestCaseExecutor.java:281)
	at com.kms.katalon.core.main.TestSuiteExecutor.accessTestCaseMainPhase(TestSuiteExecutor.java:202)
	at com.kms.katalon.core.main.TestSuiteExecutor.accessTestSuiteMainPhase(TestSuiteExecutor.java:164)
	at com.kms.katalon.core.main.TestSuiteExecutor.execute(TestSuiteExecutor.java:105)
	at com.kms.katalon.core.main.TestCaseMain.startTestSuite(TestCaseMain.java:185)
	at com.kms.katalon.core.main.TestCaseMain$startTestSuite$0.call(Unknown Source)
	at TempTestSuite1669628564646.run(TempTestSuite1669628564646.groovy:36)


2022-11-28 16:48:59 - [TEST_STEP][PASSED] - markPassed("Variasi data ke : " + no): Variasi data ke : 53

2022-11-28 16:48:59 - [MESSAGE][PASSED] - Variasi data ke : 53

2022-11-28 16:48:59 - [TEST_STEP][PASSED] - req_data = sendRequest(findTestObject("Search_ME", ["MID":MID, "source":source, "ip":ip, "userid":userid, "branch":branch, "tipekons":tipekons, "marital":marital, "penjamin":penjamin, ... ])): Send request successfully

2022-11-28 16:49:00 - [MESSAGE][INFO] - HAR: D:\DMS\Engine Scoring\Reports\20221128_164243\Exclude KKB - DS - Married\Scoring Married - DS\20221128_164244\requests\main\104.har

2022-11-28 16:49:00 - [MESSAGE][PASSED] - Send request successfully

2022-11-28 16:49:00 - [TEST_STEP][PASSED] - slurper = new groovy.json.JsonSlurper(): null

2022-11-28 16:49:00 - [TEST_STEP][PASSED] - result = slurper.parseText(req_data.getResponseBodyContent()): null

2022-11-28 16:49:00 - [TEST_STEP][PASSED] - reqid_kons = requestid1: null

2022-11-28 16:49:00 - [TEST_STEP][PASSED] - reqid_spouse = requestid2: null

2022-11-28 16:49:00 - [TEST_STEP][PASSED] - println("requestid kons : " + reqid_kons): null

2022-11-28 16:49:00 - [TEST_STEP][PASSED] - response_searchME_kons = reqid_kons: null

2022-11-28 16:49:00 - [TEST_STEP][PASSED] - response_searchME_spouse = reqid_spouse: null

2022-11-28 16:49:00 - [TEST_STEP][PASSED] - println("kons req id is :" + response_searchME_kons): null

2022-11-28 16:49:00 - [TEST_STEP][PASSED] - println("spouse req id is : " + response_searchME_spouse): null

2022-11-28 16:49:00 - [TEST_STEP][PASSED] - verifyResponseStatusCode(req_data, 200): Verify response status code successfully

2022-11-28 16:49:00 - [MESSAGE][PASSED] - Verify response status code successfully

2022-11-28 16:49:00 - [TEST_STEP][PASSED] - response = req_data.getResponseText(): null

2022-11-28 16:49:00 - [TEST_STEP][PASSED] - logInfo($response): {"status":"Done","data":{"requestid1":"256770","requestid2":"256771"}}

2022-11-28 16:49:00 - [MESSAGE][INFO] - {"status":"Done","data":{"requestid1":"256770","requestid2":"256771"}}

2022-11-28 16:49:00 - [TEST_STEP][PASSED] - delay(5): Delayed 5 second(s)

2022-11-28 16:49:05 - [MESSAGE][PASSED] - Delayed 5 second(s)

2022-11-28 16:49:05 - [TEST_STEP][PASSED] - scoring = sendRequest(findTestObject("EngineScore", ["response_searchME_kons":response_searchME_kons, "response_searchME_spouse":response_searchME_spouse])): Send request successfully

2022-11-28 16:49:05 - [MESSAGE][INFO] - HAR: D:\DMS\Engine Scoring\Reports\20221128_164243\Exclude KKB - DS - Married\Scoring Married - DS\20221128_164244\requests\main\105.har

2022-11-28 16:49:05 - [MESSAGE][PASSED] - Send request successfully

2022-11-28 16:49:05 - [TEST_STEP][PASSED] - verifyResponseStatusCode(scoring, 200): Verify response status code successfully

2022-11-28 16:49:05 - [MESSAGE][PASSED] - Verify response status code successfully

2022-11-28 16:49:05 - [TEST_STEP][PASSED] - response2 = scoring.getResponseText(): null

2022-11-28 16:49:05 - [TEST_STEP][PASSED] - markPassed("result service data ke : " + no): result service data ke : 53

2022-11-28 16:49:05 - [MESSAGE][PASSED] - result service data ke : 53

2022-11-28 16:49:05 - [TEST_STEP][PASSED] - logInfo($response2): {"result_konsumen":"","result_pasangan":"","Final_result":"","errorMessage":"","status":"InProgress"}

2022-11-28 16:49:05 - [MESSAGE][INFO] - {"result_konsumen":"","result_pasangan":"","Final_result":"","errorMessage":"","status":"InProgress"}

2022-11-28 16:49:05 - [TEST_STEP][FAILED] - verifyElementPropertyValue(scoring, "Final_result", final_result): Unable to verify element property value (Root cause: com.kms.katalon.core.exception.StepFailedException: Expected element property value 'Reject' is not equal with actual property value ''
	at com.kms.katalon.core.keyword.internal.KeywordMain.stepFailed(KeywordMain.groovy:50)
	at com.kms.katalon.core.webservice.keyword.builtin.VerifyElementPropertyValueKeyword$_verifyElementPropertyValue_closure1.doCall(VerifyElementPropertyValueKeyword.groovy:56)
	at com.kms.katalon.core.webservice.keyword.builtin.VerifyElementPropertyValueKeyword$_verifyElementPropertyValue_closure1.call(VerifyElementPropertyValueKeyword.groovy)
	at com.kms.katalon.core.keyword.internal.KeywordMain.runKeyword(KeywordMain.groovy:74)
	at com.kms.katalon.core.webservice.keyword.builtin.VerifyElementPropertyValueKeyword.verifyElementPropertyValue(VerifyElementPropertyValueKeyword.groovy:48)
	at com.kms.katalon.core.webservice.keyword.builtin.VerifyElementPropertyValueKeyword.execute(VerifyElementPropertyValueKeyword.groovy:43)
	at com.kms.katalon.core.keyword.internal.KeywordExecutor.executeKeywordForPlatform(KeywordExecutor.groovy:74)
	at com.kms.katalon.core.webservice.keyword.WSBuiltInKeywords.verifyElementPropertyValue(WSBuiltInKeywords.groovy:189)
	at com.kms.katalon.core.webservice.keyword.WSBuiltInKeywords$verifyElementPropertyValue$1.call(Unknown Source)
	at Engine Scoring.run(Engine Scoring:108)
	at com.kms.katalon.core.main.ScriptEngine.run(ScriptEngine.java:194)
	at com.kms.katalon.core.main.ScriptEngine.runScriptAsRawText(ScriptEngine.java:119)
	at com.kms.katalon.core.main.TestCaseExecutor.runScript(TestCaseExecutor.java:442)
	at com.kms.katalon.core.main.TestCaseExecutor.doExecute(TestCaseExecutor.java:433)
	at com.kms.katalon.core.main.TestCaseExecutor.processExecutionPhase(TestCaseExecutor.java:412)
	at com.kms.katalon.core.main.TestCaseExecutor.accessMainPhase(TestCaseExecutor.java:404)
	at com.kms.katalon.core.main.TestCaseExecutor.execute(TestCaseExecutor.java:281)
	at com.kms.katalon.core.main.TestSuiteExecutor.accessTestCaseMainPhase(TestSuiteExecutor.java:202)
	at com.kms.katalon.core.main.TestSuiteExecutor.accessTestSuiteMainPhase(TestSuiteExecutor.java:164)
	at com.kms.katalon.core.main.TestSuiteExecutor.execute(TestSuiteExecutor.java:105)
	at com.kms.katalon.core.main.TestCaseMain.startTestSuite(TestCaseMain.java:185)
	at com.kms.katalon.core.main.TestCaseMain$startTestSuite$0.call(Unknown Source)
	at TempTestSuite1669628564646.run(TempTestSuite1669628564646.groovy:36)
)

2022-11-28 16:49:05 - [MESSAGE][FAILED] - Expected element property value 'Reject' is not equal with actual property value ''

2022-11-28 16:49:05 - [MESSAGE][FAILED] - Unable to verify element property value (Root cause: com.kms.katalon.core.exception.StepFailedException: Expected element property value 'Reject' is not equal with actual property value ''
	at com.kms.katalon.core.keyword.internal.KeywordMain.stepFailed(KeywordMain.groovy:50)
	at com.kms.katalon.core.webservice.keyword.builtin.VerifyElementPropertyValueKeyword$_verifyElementPropertyValue_closure1.doCall(VerifyElementPropertyValueKeyword.groovy:56)
	at com.kms.katalon.core.webservice.keyword.builtin.VerifyElementPropertyValueKeyword$_verifyElementPropertyValue_closure1.call(VerifyElementPropertyValueKeyword.groovy)
	at com.kms.katalon.core.keyword.internal.KeywordMain.runKeyword(KeywordMain.groovy:74)
	at com.kms.katalon.core.webservice.keyword.builtin.VerifyElementPropertyValueKeyword.verifyElementPropertyValue(VerifyElementPropertyValueKeyword.groovy:48)
	at com.kms.katalon.core.webservice.keyword.builtin.VerifyElementPropertyValueKeyword.execute(VerifyElementPropertyValueKeyword.groovy:43)
	at com.kms.katalon.core.keyword.internal.KeywordExecutor.executeKeywordForPlatform(KeywordExecutor.groovy:74)
	at com.kms.katalon.core.webservice.keyword.WSBuiltInKeywords.verifyElementPropertyValue(WSBuiltInKeywords.groovy:189)
	at com.kms.katalon.core.webservice.keyword.WSBuiltInKeywords$verifyElementPropertyValue$1.call(Unknown Source)
	at Engine Scoring.run(Engine Scoring:108)
	at com.kms.katalon.core.main.ScriptEngine.run(ScriptEngine.java:194)
	at com.kms.katalon.core.main.ScriptEngine.runScriptAsRawText(ScriptEngine.java:119)
	at com.kms.katalon.core.main.TestCaseExecutor.runScript(TestCaseExecutor.java:442)
	at com.kms.katalon.core.main.TestCaseExecutor.doExecute(TestCaseExecutor.java:433)
	at com.kms.katalon.core.main.TestCaseExecutor.processExecutionPhase(TestCaseExecutor.java:412)
	at com.kms.katalon.core.main.TestCaseExecutor.accessMainPhase(TestCaseExecutor.java:404)
	at com.kms.katalon.core.main.TestCaseExecutor.execute(TestCaseExecutor.java:281)
	at com.kms.katalon.core.main.TestSuiteExecutor.accessTestCaseMainPhase(TestSuiteExecutor.java:202)
	at com.kms.katalon.core.main.TestSuiteExecutor.accessTestSuiteMainPhase(TestSuiteExecutor.java:164)
	at com.kms.katalon.core.main.TestSuiteExecutor.execute(TestSuiteExecutor.java:105)
	at com.kms.katalon.core.main.TestCaseMain.startTestSuite(TestCaseMain.java:185)
	at com.kms.katalon.core.main.TestCaseMain$startTestSuite$0.call(Unknown Source)
	at TempTestSuite1669628564646.run(TempTestSuite1669628564646.groovy:36)
)]]></system-out>
         <system-err><![CDATA[2022-11-28 16:48:58 - [TEST_CASE][FAILED] - Test Cases/Engine_Scoring/Engine Scoring: Test Cases/Engine_Scoring/Engine Scoring FAILED.
Reason:
com.kms.katalon.core.exception.StepFailedException: Expected element property value 'Reject' is not equal with actual property value ''
	at com.kms.katalon.core.keyword.internal.KeywordMain.stepFailed(KeywordMain.groovy:50)
	at com.kms.katalon.core.webservice.keyword.builtin.VerifyElementPropertyValueKeyword$_verifyElementPropertyValue_closure1.doCall(VerifyElementPropertyValueKeyword.groovy:56)
	at com.kms.katalon.core.webservice.keyword.builtin.VerifyElementPropertyValueKeyword$_verifyElementPropertyValue_closure1.call(VerifyElementPropertyValueKeyword.groovy)
	at com.kms.katalon.core.keyword.internal.KeywordMain.runKeyword(KeywordMain.groovy:74)
	at com.kms.katalon.core.webservice.keyword.builtin.VerifyElementPropertyValueKeyword.verifyElementPropertyValue(VerifyElementPropertyValueKeyword.groovy:48)
	at com.kms.katalon.core.webservice.keyword.builtin.VerifyElementPropertyValueKeyword.execute(VerifyElementPropertyValueKeyword.groovy:43)
	at com.kms.katalon.core.keyword.internal.KeywordExecutor.executeKeywordForPlatform(KeywordExecutor.groovy:74)
	at com.kms.katalon.core.webservice.keyword.WSBuiltInKeywords.verifyElementPropertyValue(WSBuiltInKeywords.groovy:189)
	at com.kms.katalon.core.webservice.keyword.WSBuiltInKeywords$verifyElementPropertyValue$1.call(Unknown Source)
	at Engine Scoring.run(Engine Scoring:108)
	at com.kms.katalon.core.main.ScriptEngine.run(ScriptEngine.java:194)
	at com.kms.katalon.core.main.ScriptEngine.runScriptAsRawText(ScriptEngine.java:119)
	at com.kms.katalon.core.main.TestCaseExecutor.runScript(TestCaseExecutor.java:442)
	at com.kms.katalon.core.main.TestCaseExecutor.doExecute(TestCaseExecutor.java:433)
	at com.kms.katalon.core.main.TestCaseExecutor.processExecutionPhase(TestCaseExecutor.java:412)
	at com.kms.katalon.core.main.TestCaseExecutor.accessMainPhase(TestCaseExecutor.java:404)
	at com.kms.katalon.core.main.TestCaseExecutor.execute(TestCaseExecutor.java:281)
	at com.kms.katalon.core.main.TestSuiteExecutor.accessTestCaseMainPhase(TestSuiteExecutor.java:202)
	at com.kms.katalon.core.main.TestSuiteExecutor.accessTestSuiteMainPhase(TestSuiteExecutor.java:164)
	at com.kms.katalon.core.main.TestSuiteExecutor.execute(TestSuiteExecutor.java:105)
	at com.kms.katalon.core.main.TestCaseMain.startTestSuite(TestCaseMain.java:185)
	at com.kms.katalon.core.main.TestCaseMain$startTestSuite$0.call(Unknown Source)
	at TempTestSuite1669628564646.run(TempTestSuite1669628564646.groovy:36)]]></system-err>
      </testcase>
      <testcase name="Test Cases/Engine_Scoring/Engine Scoring" time="6.799" classname="Test Cases/Engine_Scoring/Engine Scoring" status="FAILED">
         <failure type="FAILED" message="Test Cases/Engine_Scoring/Engine Scoring FAILED.
Reason:
com.kms.katalon.core.exception.StepFailedException: Expected element property value 'Reject' is not equal with actual property value ''
	at com.kms.katalon.core.keyword.internal.KeywordMain.stepFailed(KeywordMain.groovy:50)
	at com.kms.katalon.core.webservice.keyword.builtin.VerifyElementPropertyValueKeyword$_verifyElementPropertyValue_closure1.doCall(VerifyElementPropertyValueKeyword.groovy:56)
	at com.kms.katalon.core.webservice.keyword.builtin.VerifyElementPropertyValueKeyword$_verifyElementPropertyValue_closure1.call(VerifyElementPropertyValueKeyword.groovy)
	at com.kms.katalon.core.keyword.internal.KeywordMain.runKeyword(KeywordMain.groovy:74)
	at com.kms.katalon.core.webservice.keyword.builtin.VerifyElementPropertyValueKeyword.verifyElementPropertyValue(VerifyElementPropertyValueKeyword.groovy:48)
	at com.kms.katalon.core.webservice.keyword.builtin.VerifyElementPropertyValueKeyword.execute(VerifyElementPropertyValueKeyword.groovy:43)
	at com.kms.katalon.core.keyword.internal.KeywordExecutor.executeKeywordForPlatform(KeywordExecutor.groovy:74)
	at com.kms.katalon.core.webservice.keyword.WSBuiltInKeywords.verifyElementPropertyValue(WSBuiltInKeywords.groovy:189)
	at com.kms.katalon.core.webservice.keyword.WSBuiltInKeywords$verifyElementPropertyValue$1.call(Unknown Source)
	at Engine Scoring.run(Engine Scoring:108)
	at com.kms.katalon.core.main.ScriptEngine.run(ScriptEngine.java:194)
	at com.kms.katalon.core.main.ScriptEngine.runScriptAsRawText(ScriptEngine.java:119)
	at com.kms.katalon.core.main.TestCaseExecutor.runScript(TestCaseExecutor.java:442)
	at com.kms.katalon.core.main.TestCaseExecutor.doExecute(TestCaseExecutor.java:433)
	at com.kms.katalon.core.main.TestCaseExecutor.processExecutionPhase(TestCaseExecutor.java:412)
	at com.kms.katalon.core.main.TestCaseExecutor.accessMainPhase(TestCaseExecutor.java:404)
	at com.kms.katalon.core.main.TestCaseExecutor.execute(TestCaseExecutor.java:281)
	at com.kms.katalon.core.main.TestSuiteExecutor.accessTestCaseMainPhase(TestSuiteExecutor.java:202)
	at com.kms.katalon.core.main.TestSuiteExecutor.accessTestSuiteMainPhase(TestSuiteExecutor.java:164)
	at com.kms.katalon.core.main.TestSuiteExecutor.execute(TestSuiteExecutor.java:105)
	at com.kms.katalon.core.main.TestCaseMain.startTestSuite(TestCaseMain.java:185)
	at com.kms.katalon.core.main.TestCaseMain$startTestSuite$0.call(Unknown Source)
	at TempTestSuite1669628564646.run(TempTestSuite1669628564646.groovy:36)
"/>
         <system-out><![CDATA[2022-11-28 16:49:05 - [TEST_CASE][FAILED] - Test Cases/Engine_Scoring/Engine Scoring: Test Cases/Engine_Scoring/Engine Scoring FAILED.
Reason:
com.kms.katalon.core.exception.StepFailedException: Expected element property value 'Reject' is not equal with actual property value ''
	at com.kms.katalon.core.keyword.internal.KeywordMain.stepFailed(KeywordMain.groovy:50)
	at com.kms.katalon.core.webservice.keyword.builtin.VerifyElementPropertyValueKeyword$_verifyElementPropertyValue_closure1.doCall(VerifyElementPropertyValueKeyword.groovy:56)
	at com.kms.katalon.core.webservice.keyword.builtin.VerifyElementPropertyValueKeyword$_verifyElementPropertyValue_closure1.call(VerifyElementPropertyValueKeyword.groovy)
	at com.kms.katalon.core.keyword.internal.KeywordMain.runKeyword(KeywordMain.groovy:74)
	at com.kms.katalon.core.webservice.keyword.builtin.VerifyElementPropertyValueKeyword.verifyElementPropertyValue(VerifyElementPropertyValueKeyword.groovy:48)
	at com.kms.katalon.core.webservice.keyword.builtin.VerifyElementPropertyValueKeyword.execute(VerifyElementPropertyValueKeyword.groovy:43)
	at com.kms.katalon.core.keyword.internal.KeywordExecutor.executeKeywordForPlatform(KeywordExecutor.groovy:74)
	at com.kms.katalon.core.webservice.keyword.WSBuiltInKeywords.verifyElementPropertyValue(WSBuiltInKeywords.groovy:189)
	at com.kms.katalon.core.webservice.keyword.WSBuiltInKeywords$verifyElementPropertyValue$1.call(Unknown Source)
	at Engine Scoring.run(Engine Scoring:108)
	at com.kms.katalon.core.main.ScriptEngine.run(ScriptEngine.java:194)
	at com.kms.katalon.core.main.ScriptEngine.runScriptAsRawText(ScriptEngine.java:119)
	at com.kms.katalon.core.main.TestCaseExecutor.runScript(TestCaseExecutor.java:442)
	at com.kms.katalon.core.main.TestCaseExecutor.doExecute(TestCaseExecutor.java:433)
	at com.kms.katalon.core.main.TestCaseExecutor.processExecutionPhase(TestCaseExecutor.java:412)
	at com.kms.katalon.core.main.TestCaseExecutor.accessMainPhase(TestCaseExecutor.java:404)
	at com.kms.katalon.core.main.TestCaseExecutor.execute(TestCaseExecutor.java:281)
	at com.kms.katalon.core.main.TestSuiteExecutor.accessTestCaseMainPhase(TestSuiteExecutor.java:202)
	at com.kms.katalon.core.main.TestSuiteExecutor.accessTestSuiteMainPhase(TestSuiteExecutor.java:164)
	at com.kms.katalon.core.main.TestSuiteExecutor.execute(TestSuiteExecutor.java:105)
	at com.kms.katalon.core.main.TestCaseMain.startTestSuite(TestCaseMain.java:185)
	at com.kms.katalon.core.main.TestCaseMain$startTestSuite$0.call(Unknown Source)
	at TempTestSuite1669628564646.run(TempTestSuite1669628564646.groovy:36)


2022-11-28 16:49:06 - [TEST_STEP][PASSED] - markPassed("Variasi data ke : " + no): Variasi data ke : 54

2022-11-28 16:49:06 - [MESSAGE][PASSED] - Variasi data ke : 54

2022-11-28 16:49:06 - [TEST_STEP][PASSED] - req_data = sendRequest(findTestObject("Search_ME", ["MID":MID, "source":source, "ip":ip, "userid":userid, "branch":branch, "tipekons":tipekons, "marital":marital, "penjamin":penjamin, ... ])): Send request successfully

2022-11-28 16:49:07 - [MESSAGE][INFO] - HAR: D:\DMS\Engine Scoring\Reports\20221128_164243\Exclude KKB - DS - Married\Scoring Married - DS\20221128_164244\requests\main\106.har

2022-11-28 16:49:07 - [MESSAGE][PASSED] - Send request successfully

2022-11-28 16:49:07 - [TEST_STEP][PASSED] - slurper = new groovy.json.JsonSlurper(): null

2022-11-28 16:49:07 - [TEST_STEP][PASSED] - result = slurper.parseText(req_data.getResponseBodyContent()): null

2022-11-28 16:49:07 - [TEST_STEP][PASSED] - reqid_kons = requestid1: null

2022-11-28 16:49:07 - [TEST_STEP][PASSED] - reqid_spouse = requestid2: null

2022-11-28 16:49:07 - [TEST_STEP][PASSED] - println("requestid kons : " + reqid_kons): null

2022-11-28 16:49:07 - [TEST_STEP][PASSED] - response_searchME_kons = reqid_kons: null

2022-11-28 16:49:07 - [TEST_STEP][PASSED] - response_searchME_spouse = reqid_spouse: null

2022-11-28 16:49:07 - [TEST_STEP][PASSED] - println("kons req id is :" + response_searchME_kons): null

2022-11-28 16:49:07 - [TEST_STEP][PASSED] - println("spouse req id is : " + response_searchME_spouse): null

2022-11-28 16:49:07 - [TEST_STEP][PASSED] - verifyResponseStatusCode(req_data, 200): Verify response status code successfully

2022-11-28 16:49:07 - [MESSAGE][PASSED] - Verify response status code successfully

2022-11-28 16:49:07 - [TEST_STEP][PASSED] - response = req_data.getResponseText(): null

2022-11-28 16:49:07 - [TEST_STEP][PASSED] - logInfo($response): {"status":"Done","data":{"requestid1":"256772","requestid2":"256773"}}

2022-11-28 16:49:07 - [MESSAGE][INFO] - {"status":"Done","data":{"requestid1":"256772","requestid2":"256773"}}

2022-11-28 16:49:07 - [TEST_STEP][PASSED] - delay(5): Delayed 5 second(s)

2022-11-28 16:49:12 - [MESSAGE][PASSED] - Delayed 5 second(s)

2022-11-28 16:49:12 - [TEST_STEP][PASSED] - scoring = sendRequest(findTestObject("EngineScore", ["response_searchME_kons":response_searchME_kons, "response_searchME_spouse":response_searchME_spouse])): Send request successfully

2022-11-28 16:49:12 - [MESSAGE][INFO] - HAR: D:\DMS\Engine Scoring\Reports\20221128_164243\Exclude KKB - DS - Married\Scoring Married - DS\20221128_164244\requests\main\107.har

2022-11-28 16:49:12 - [MESSAGE][PASSED] - Send request successfully

2022-11-28 16:49:12 - [TEST_STEP][PASSED] - verifyResponseStatusCode(scoring, 200): Verify response status code successfully

2022-11-28 16:49:12 - [MESSAGE][PASSED] - Verify response status code successfully

2022-11-28 16:49:12 - [TEST_STEP][PASSED] - response2 = scoring.getResponseText(): null

2022-11-28 16:49:12 - [TEST_STEP][PASSED] - markPassed("result service data ke : " + no): result service data ke : 54

2022-11-28 16:49:12 - [MESSAGE][PASSED] - result service data ke : 54

2022-11-28 16:49:12 - [TEST_STEP][PASSED] - logInfo($response2): {"result_konsumen":"","result_pasangan":"","Final_result":"","errorMessage":"","status":"InProgress"}

2022-11-28 16:49:12 - [MESSAGE][INFO] - {"result_konsumen":"","result_pasangan":"","Final_result":"","errorMessage":"","status":"InProgress"}

2022-11-28 16:49:12 - [TEST_STEP][FAILED] - verifyElementPropertyValue(scoring, "Final_result", final_result): Unable to verify element property value (Root cause: com.kms.katalon.core.exception.StepFailedException: Expected element property value 'Reject' is not equal with actual property value ''
	at com.kms.katalon.core.keyword.internal.KeywordMain.stepFailed(KeywordMain.groovy:50)
	at com.kms.katalon.core.webservice.keyword.builtin.VerifyElementPropertyValueKeyword$_verifyElementPropertyValue_closure1.doCall(VerifyElementPropertyValueKeyword.groovy:56)
	at com.kms.katalon.core.webservice.keyword.builtin.VerifyElementPropertyValueKeyword$_verifyElementPropertyValue_closure1.call(VerifyElementPropertyValueKeyword.groovy)
	at com.kms.katalon.core.keyword.internal.KeywordMain.runKeyword(KeywordMain.groovy:74)
	at com.kms.katalon.core.webservice.keyword.builtin.VerifyElementPropertyValueKeyword.verifyElementPropertyValue(VerifyElementPropertyValueKeyword.groovy:48)
	at com.kms.katalon.core.webservice.keyword.builtin.VerifyElementPropertyValueKeyword.execute(VerifyElementPropertyValueKeyword.groovy:43)
	at com.kms.katalon.core.keyword.internal.KeywordExecutor.executeKeywordForPlatform(KeywordExecutor.groovy:74)
	at com.kms.katalon.core.webservice.keyword.WSBuiltInKeywords.verifyElementPropertyValue(WSBuiltInKeywords.groovy:189)
	at com.kms.katalon.core.webservice.keyword.WSBuiltInKeywords$verifyElementPropertyValue$1.call(Unknown Source)
	at Engine Scoring.run(Engine Scoring:108)
	at com.kms.katalon.core.main.ScriptEngine.run(ScriptEngine.java:194)
	at com.kms.katalon.core.main.ScriptEngine.runScriptAsRawText(ScriptEngine.java:119)
	at com.kms.katalon.core.main.TestCaseExecutor.runScript(TestCaseExecutor.java:442)
	at com.kms.katalon.core.main.TestCaseExecutor.doExecute(TestCaseExecutor.java:433)
	at com.kms.katalon.core.main.TestCaseExecutor.processExecutionPhase(TestCaseExecutor.java:412)
	at com.kms.katalon.core.main.TestCaseExecutor.accessMainPhase(TestCaseExecutor.java:404)
	at com.kms.katalon.core.main.TestCaseExecutor.execute(TestCaseExecutor.java:281)
	at com.kms.katalon.core.main.TestSuiteExecutor.accessTestCaseMainPhase(TestSuiteExecutor.java:202)
	at com.kms.katalon.core.main.TestSuiteExecutor.accessTestSuiteMainPhase(TestSuiteExecutor.java:164)
	at com.kms.katalon.core.main.TestSuiteExecutor.execute(TestSuiteExecutor.java:105)
	at com.kms.katalon.core.main.TestCaseMain.startTestSuite(TestCaseMain.java:185)
	at com.kms.katalon.core.main.TestCaseMain$startTestSuite$0.call(Unknown Source)
	at TempTestSuite1669628564646.run(TempTestSuite1669628564646.groovy:36)
)

2022-11-28 16:49:12 - [MESSAGE][FAILED] - Expected element property value 'Reject' is not equal with actual property value ''

2022-11-28 16:49:12 - [MESSAGE][FAILED] - Unable to verify element property value (Root cause: com.kms.katalon.core.exception.StepFailedException: Expected element property value 'Reject' is not equal with actual property value ''
	at com.kms.katalon.core.keyword.internal.KeywordMain.stepFailed(KeywordMain.groovy:50)
	at com.kms.katalon.core.webservice.keyword.builtin.VerifyElementPropertyValueKeyword$_verifyElementPropertyValue_closure1.doCall(VerifyElementPropertyValueKeyword.groovy:56)
	at com.kms.katalon.core.webservice.keyword.builtin.VerifyElementPropertyValueKeyword$_verifyElementPropertyValue_closure1.call(VerifyElementPropertyValueKeyword.groovy)
	at com.kms.katalon.core.keyword.internal.KeywordMain.runKeyword(KeywordMain.groovy:74)
	at com.kms.katalon.core.webservice.keyword.builtin.VerifyElementPropertyValueKeyword.verifyElementPropertyValue(VerifyElementPropertyValueKeyword.groovy:48)
	at com.kms.katalon.core.webservice.keyword.builtin.VerifyElementPropertyValueKeyword.execute(VerifyElementPropertyValueKeyword.groovy:43)
	at com.kms.katalon.core.keyword.internal.KeywordExecutor.executeKeywordForPlatform(KeywordExecutor.groovy:74)
	at com.kms.katalon.core.webservice.keyword.WSBuiltInKeywords.verifyElementPropertyValue(WSBuiltInKeywords.groovy:189)
	at com.kms.katalon.core.webservice.keyword.WSBuiltInKeywords$verifyElementPropertyValue$1.call(Unknown Source)
	at Engine Scoring.run(Engine Scoring:108)
	at com.kms.katalon.core.main.ScriptEngine.run(ScriptEngine.java:194)
	at com.kms.katalon.core.main.ScriptEngine.runScriptAsRawText(ScriptEngine.java:119)
	at com.kms.katalon.core.main.TestCaseExecutor.runScript(TestCaseExecutor.java:442)
	at com.kms.katalon.core.main.TestCaseExecutor.doExecute(TestCaseExecutor.java:433)
	at com.kms.katalon.core.main.TestCaseExecutor.processExecutionPhase(TestCaseExecutor.java:412)
	at com.kms.katalon.core.main.TestCaseExecutor.accessMainPhase(TestCaseExecutor.java:404)
	at com.kms.katalon.core.main.TestCaseExecutor.execute(TestCaseExecutor.java:281)
	at com.kms.katalon.core.main.TestSuiteExecutor.accessTestCaseMainPhase(TestSuiteExecutor.java:202)
	at com.kms.katalon.core.main.TestSuiteExecutor.accessTestSuiteMainPhase(TestSuiteExecutor.java:164)
	at com.kms.katalon.core.main.TestSuiteExecutor.execute(TestSuiteExecutor.java:105)
	at com.kms.katalon.core.main.TestCaseMain.startTestSuite(TestCaseMain.java:185)
	at com.kms.katalon.core.main.TestCaseMain$startTestSuite$0.call(Unknown Source)
	at TempTestSuite1669628564646.run(TempTestSuite1669628564646.groovy:36)
)]]></system-out>
         <system-err><![CDATA[2022-11-28 16:49:05 - [TEST_CASE][FAILED] - Test Cases/Engine_Scoring/Engine Scoring: Test Cases/Engine_Scoring/Engine Scoring FAILED.
Reason:
com.kms.katalon.core.exception.StepFailedException: Expected element property value 'Reject' is not equal with actual property value ''
	at com.kms.katalon.core.keyword.internal.KeywordMain.stepFailed(KeywordMain.groovy:50)
	at com.kms.katalon.core.webservice.keyword.builtin.VerifyElementPropertyValueKeyword$_verifyElementPropertyValue_closure1.doCall(VerifyElementPropertyValueKeyword.groovy:56)
	at com.kms.katalon.core.webservice.keyword.builtin.VerifyElementPropertyValueKeyword$_verifyElementPropertyValue_closure1.call(VerifyElementPropertyValueKeyword.groovy)
	at com.kms.katalon.core.keyword.internal.KeywordMain.runKeyword(KeywordMain.groovy:74)
	at com.kms.katalon.core.webservice.keyword.builtin.VerifyElementPropertyValueKeyword.verifyElementPropertyValue(VerifyElementPropertyValueKeyword.groovy:48)
	at com.kms.katalon.core.webservice.keyword.builtin.VerifyElementPropertyValueKeyword.execute(VerifyElementPropertyValueKeyword.groovy:43)
	at com.kms.katalon.core.keyword.internal.KeywordExecutor.executeKeywordForPlatform(KeywordExecutor.groovy:74)
	at com.kms.katalon.core.webservice.keyword.WSBuiltInKeywords.verifyElementPropertyValue(WSBuiltInKeywords.groovy:189)
	at com.kms.katalon.core.webservice.keyword.WSBuiltInKeywords$verifyElementPropertyValue$1.call(Unknown Source)
	at Engine Scoring.run(Engine Scoring:108)
	at com.kms.katalon.core.main.ScriptEngine.run(ScriptEngine.java:194)
	at com.kms.katalon.core.main.ScriptEngine.runScriptAsRawText(ScriptEngine.java:119)
	at com.kms.katalon.core.main.TestCaseExecutor.runScript(TestCaseExecutor.java:442)
	at com.kms.katalon.core.main.TestCaseExecutor.doExecute(TestCaseExecutor.java:433)
	at com.kms.katalon.core.main.TestCaseExecutor.processExecutionPhase(TestCaseExecutor.java:412)
	at com.kms.katalon.core.main.TestCaseExecutor.accessMainPhase(TestCaseExecutor.java:404)
	at com.kms.katalon.core.main.TestCaseExecutor.execute(TestCaseExecutor.java:281)
	at com.kms.katalon.core.main.TestSuiteExecutor.accessTestCaseMainPhase(TestSuiteExecutor.java:202)
	at com.kms.katalon.core.main.TestSuiteExecutor.accessTestSuiteMainPhase(TestSuiteExecutor.java:164)
	at com.kms.katalon.core.main.TestSuiteExecutor.execute(TestSuiteExecutor.java:105)
	at com.kms.katalon.core.main.TestCaseMain.startTestSuite(TestCaseMain.java:185)
	at com.kms.katalon.core.main.TestCaseMain$startTestSuite$0.call(Unknown Source)
	at TempTestSuite1669628564646.run(TempTestSuite1669628564646.groovy:36)]]></system-err>
      </testcase>
      <testcase name="Test Cases/Engine_Scoring/Engine Scoring" time="6.731" classname="Test Cases/Engine_Scoring/Engine Scoring" status="FAILED">
         <failure type="FAILED" message="Test Cases/Engine_Scoring/Engine Scoring FAILED.
Reason:
com.kms.katalon.core.exception.StepFailedException: Expected element property value 'Reject' is not equal with actual property value ''
	at com.kms.katalon.core.keyword.internal.KeywordMain.stepFailed(KeywordMain.groovy:50)
	at com.kms.katalon.core.webservice.keyword.builtin.VerifyElementPropertyValueKeyword$_verifyElementPropertyValue_closure1.doCall(VerifyElementPropertyValueKeyword.groovy:56)
	at com.kms.katalon.core.webservice.keyword.builtin.VerifyElementPropertyValueKeyword$_verifyElementPropertyValue_closure1.call(VerifyElementPropertyValueKeyword.groovy)
	at com.kms.katalon.core.keyword.internal.KeywordMain.runKeyword(KeywordMain.groovy:74)
	at com.kms.katalon.core.webservice.keyword.builtin.VerifyElementPropertyValueKeyword.verifyElementPropertyValue(VerifyElementPropertyValueKeyword.groovy:48)
	at com.kms.katalon.core.webservice.keyword.builtin.VerifyElementPropertyValueKeyword.execute(VerifyElementPropertyValueKeyword.groovy:43)
	at com.kms.katalon.core.keyword.internal.KeywordExecutor.executeKeywordForPlatform(KeywordExecutor.groovy:74)
	at com.kms.katalon.core.webservice.keyword.WSBuiltInKeywords.verifyElementPropertyValue(WSBuiltInKeywords.groovy:189)
	at com.kms.katalon.core.webservice.keyword.WSBuiltInKeywords$verifyElementPropertyValue$1.call(Unknown Source)
	at Engine Scoring.run(Engine Scoring:108)
	at com.kms.katalon.core.main.ScriptEngine.run(ScriptEngine.java:194)
	at com.kms.katalon.core.main.ScriptEngine.runScriptAsRawText(ScriptEngine.java:119)
	at com.kms.katalon.core.main.TestCaseExecutor.runScript(TestCaseExecutor.java:442)
	at com.kms.katalon.core.main.TestCaseExecutor.doExecute(TestCaseExecutor.java:433)
	at com.kms.katalon.core.main.TestCaseExecutor.processExecutionPhase(TestCaseExecutor.java:412)
	at com.kms.katalon.core.main.TestCaseExecutor.accessMainPhase(TestCaseExecutor.java:404)
	at com.kms.katalon.core.main.TestCaseExecutor.execute(TestCaseExecutor.java:281)
	at com.kms.katalon.core.main.TestSuiteExecutor.accessTestCaseMainPhase(TestSuiteExecutor.java:202)
	at com.kms.katalon.core.main.TestSuiteExecutor.accessTestSuiteMainPhase(TestSuiteExecutor.java:164)
	at com.kms.katalon.core.main.TestSuiteExecutor.execute(TestSuiteExecutor.java:105)
	at com.kms.katalon.core.main.TestCaseMain.startTestSuite(TestCaseMain.java:185)
	at com.kms.katalon.core.main.TestCaseMain$startTestSuite$0.call(Unknown Source)
	at TempTestSuite1669628564646.run(TempTestSuite1669628564646.groovy:36)
"/>
         <system-out><![CDATA[2022-11-28 16:49:12 - [TEST_CASE][FAILED] - Test Cases/Engine_Scoring/Engine Scoring: Test Cases/Engine_Scoring/Engine Scoring FAILED.
Reason:
com.kms.katalon.core.exception.StepFailedException: Expected element property value 'Reject' is not equal with actual property value ''
	at com.kms.katalon.core.keyword.internal.KeywordMain.stepFailed(KeywordMain.groovy:50)
	at com.kms.katalon.core.webservice.keyword.builtin.VerifyElementPropertyValueKeyword$_verifyElementPropertyValue_closure1.doCall(VerifyElementPropertyValueKeyword.groovy:56)
	at com.kms.katalon.core.webservice.keyword.builtin.VerifyElementPropertyValueKeyword$_verifyElementPropertyValue_closure1.call(VerifyElementPropertyValueKeyword.groovy)
	at com.kms.katalon.core.keyword.internal.KeywordMain.runKeyword(KeywordMain.groovy:74)
	at com.kms.katalon.core.webservice.keyword.builtin.VerifyElementPropertyValueKeyword.verifyElementPropertyValue(VerifyElementPropertyValueKeyword.groovy:48)
	at com.kms.katalon.core.webservice.keyword.builtin.VerifyElementPropertyValueKeyword.execute(VerifyElementPropertyValueKeyword.groovy:43)
	at com.kms.katalon.core.keyword.internal.KeywordExecutor.executeKeywordForPlatform(KeywordExecutor.groovy:74)
	at com.kms.katalon.core.webservice.keyword.WSBuiltInKeywords.verifyElementPropertyValue(WSBuiltInKeywords.groovy:189)
	at com.kms.katalon.core.webservice.keyword.WSBuiltInKeywords$verifyElementPropertyValue$1.call(Unknown Source)
	at Engine Scoring.run(Engine Scoring:108)
	at com.kms.katalon.core.main.ScriptEngine.run(ScriptEngine.java:194)
	at com.kms.katalon.core.main.ScriptEngine.runScriptAsRawText(ScriptEngine.java:119)
	at com.kms.katalon.core.main.TestCaseExecutor.runScript(TestCaseExecutor.java:442)
	at com.kms.katalon.core.main.TestCaseExecutor.doExecute(TestCaseExecutor.java:433)
	at com.kms.katalon.core.main.TestCaseExecutor.processExecutionPhase(TestCaseExecutor.java:412)
	at com.kms.katalon.core.main.TestCaseExecutor.accessMainPhase(TestCaseExecutor.java:404)
	at com.kms.katalon.core.main.TestCaseExecutor.execute(TestCaseExecutor.java:281)
	at com.kms.katalon.core.main.TestSuiteExecutor.accessTestCaseMainPhase(TestSuiteExecutor.java:202)
	at com.kms.katalon.core.main.TestSuiteExecutor.accessTestSuiteMainPhase(TestSuiteExecutor.java:164)
	at com.kms.katalon.core.main.TestSuiteExecutor.execute(TestSuiteExecutor.java:105)
	at com.kms.katalon.core.main.TestCaseMain.startTestSuite(TestCaseMain.java:185)
	at com.kms.katalon.core.main.TestCaseMain$startTestSuite$0.call(Unknown Source)
	at TempTestSuite1669628564646.run(TempTestSuite1669628564646.groovy:36)


2022-11-28 16:49:13 - [TEST_STEP][PASSED] - markPassed("Variasi data ke : " + no): Variasi data ke : 55

2022-11-28 16:49:13 - [MESSAGE][PASSED] - Variasi data ke : 55

2022-11-28 16:49:13 - [TEST_STEP][PASSED] - req_data = sendRequest(findTestObject("Search_ME", ["MID":MID, "source":source, "ip":ip, "userid":userid, "branch":branch, "tipekons":tipekons, "marital":marital, "penjamin":penjamin, ... ])): Send request successfully

2022-11-28 16:49:14 - [MESSAGE][INFO] - HAR: D:\DMS\Engine Scoring\Reports\20221128_164243\Exclude KKB - DS - Married\Scoring Married - DS\20221128_164244\requests\main\108.har

2022-11-28 16:49:14 - [MESSAGE][PASSED] - Send request successfully

2022-11-28 16:49:14 - [TEST_STEP][PASSED] - slurper = new groovy.json.JsonSlurper(): null

2022-11-28 16:49:14 - [TEST_STEP][PASSED] - result = slurper.parseText(req_data.getResponseBodyContent()): null

2022-11-28 16:49:14 - [TEST_STEP][PASSED] - reqid_kons = requestid1: null

2022-11-28 16:49:14 - [TEST_STEP][PASSED] - reqid_spouse = requestid2: null

2022-11-28 16:49:14 - [TEST_STEP][PASSED] - println("requestid kons : " + reqid_kons): null

2022-11-28 16:49:14 - [TEST_STEP][PASSED] - response_searchME_kons = reqid_kons: null

2022-11-28 16:49:14 - [TEST_STEP][PASSED] - response_searchME_spouse = reqid_spouse: null

2022-11-28 16:49:14 - [TEST_STEP][PASSED] - println("kons req id is :" + response_searchME_kons): null

2022-11-28 16:49:14 - [TEST_STEP][PASSED] - println("spouse req id is : " + response_searchME_spouse): null

2022-11-28 16:49:14 - [TEST_STEP][PASSED] - verifyResponseStatusCode(req_data, 200): Verify response status code successfully

2022-11-28 16:49:14 - [MESSAGE][PASSED] - Verify response status code successfully

2022-11-28 16:49:14 - [TEST_STEP][PASSED] - response = req_data.getResponseText(): null

2022-11-28 16:49:14 - [TEST_STEP][PASSED] - logInfo($response): {"status":"Done","data":{"requestid1":"256774","requestid2":"256775"}}

2022-11-28 16:49:14 - [MESSAGE][INFO] - {"status":"Done","data":{"requestid1":"256774","requestid2":"256775"}}

2022-11-28 16:49:14 - [TEST_STEP][PASSED] - delay(5): Delayed 5 second(s)

2022-11-28 16:49:19 - [MESSAGE][PASSED] - Delayed 5 second(s)

2022-11-28 16:49:19 - [TEST_STEP][PASSED] - scoring = sendRequest(findTestObject("EngineScore", ["response_searchME_kons":response_searchME_kons, "response_searchME_spouse":response_searchME_spouse])): Send request successfully

2022-11-28 16:49:19 - [MESSAGE][INFO] - HAR: D:\DMS\Engine Scoring\Reports\20221128_164243\Exclude KKB - DS - Married\Scoring Married - DS\20221128_164244\requests\main\109.har

2022-11-28 16:49:19 - [MESSAGE][PASSED] - Send request successfully

2022-11-28 16:49:19 - [TEST_STEP][PASSED] - verifyResponseStatusCode(scoring, 200): Verify response status code successfully

2022-11-28 16:49:19 - [MESSAGE][PASSED] - Verify response status code successfully

2022-11-28 16:49:19 - [TEST_STEP][PASSED] - response2 = scoring.getResponseText(): null

2022-11-28 16:49:19 - [TEST_STEP][PASSED] - markPassed("result service data ke : " + no): result service data ke : 55

2022-11-28 16:49:19 - [MESSAGE][PASSED] - result service data ke : 55

2022-11-28 16:49:19 - [TEST_STEP][PASSED] - logInfo($response2): {"result_konsumen":"","result_pasangan":"","Final_result":"","errorMessage":"","status":"InProgress"}

2022-11-28 16:49:19 - [MESSAGE][INFO] - {"result_konsumen":"","result_pasangan":"","Final_result":"","errorMessage":"","status":"InProgress"}

2022-11-28 16:49:19 - [TEST_STEP][FAILED] - verifyElementPropertyValue(scoring, "Final_result", final_result): Unable to verify element property value (Root cause: com.kms.katalon.core.exception.StepFailedException: Expected element property value 'Reject' is not equal with actual property value ''
	at com.kms.katalon.core.keyword.internal.KeywordMain.stepFailed(KeywordMain.groovy:50)
	at com.kms.katalon.core.webservice.keyword.builtin.VerifyElementPropertyValueKeyword$_verifyElementPropertyValue_closure1.doCall(VerifyElementPropertyValueKeyword.groovy:56)
	at com.kms.katalon.core.webservice.keyword.builtin.VerifyElementPropertyValueKeyword$_verifyElementPropertyValue_closure1.call(VerifyElementPropertyValueKeyword.groovy)
	at com.kms.katalon.core.keyword.internal.KeywordMain.runKeyword(KeywordMain.groovy:74)
	at com.kms.katalon.core.webservice.keyword.builtin.VerifyElementPropertyValueKeyword.verifyElementPropertyValue(VerifyElementPropertyValueKeyword.groovy:48)
	at com.kms.katalon.core.webservice.keyword.builtin.VerifyElementPropertyValueKeyword.execute(VerifyElementPropertyValueKeyword.groovy:43)
	at com.kms.katalon.core.keyword.internal.KeywordExecutor.executeKeywordForPlatform(KeywordExecutor.groovy:74)
	at com.kms.katalon.core.webservice.keyword.WSBuiltInKeywords.verifyElementPropertyValue(WSBuiltInKeywords.groovy:189)
	at com.kms.katalon.core.webservice.keyword.WSBuiltInKeywords$verifyElementPropertyValue$1.call(Unknown Source)
	at Engine Scoring.run(Engine Scoring:108)
	at com.kms.katalon.core.main.ScriptEngine.run(ScriptEngine.java:194)
	at com.kms.katalon.core.main.ScriptEngine.runScriptAsRawText(ScriptEngine.java:119)
	at com.kms.katalon.core.main.TestCaseExecutor.runScript(TestCaseExecutor.java:442)
	at com.kms.katalon.core.main.TestCaseExecutor.doExecute(TestCaseExecutor.java:433)
	at com.kms.katalon.core.main.TestCaseExecutor.processExecutionPhase(TestCaseExecutor.java:412)
	at com.kms.katalon.core.main.TestCaseExecutor.accessMainPhase(TestCaseExecutor.java:404)
	at com.kms.katalon.core.main.TestCaseExecutor.execute(TestCaseExecutor.java:281)
	at com.kms.katalon.core.main.TestSuiteExecutor.accessTestCaseMainPhase(TestSuiteExecutor.java:202)
	at com.kms.katalon.core.main.TestSuiteExecutor.accessTestSuiteMainPhase(TestSuiteExecutor.java:164)
	at com.kms.katalon.core.main.TestSuiteExecutor.execute(TestSuiteExecutor.java:105)
	at com.kms.katalon.core.main.TestCaseMain.startTestSuite(TestCaseMain.java:185)
	at com.kms.katalon.core.main.TestCaseMain$startTestSuite$0.call(Unknown Source)
	at TempTestSuite1669628564646.run(TempTestSuite1669628564646.groovy:36)
)

2022-11-28 16:49:19 - [MESSAGE][FAILED] - Expected element property value 'Reject' is not equal with actual property value ''

2022-11-28 16:49:19 - [MESSAGE][FAILED] - Unable to verify element property value (Root cause: com.kms.katalon.core.exception.StepFailedException: Expected element property value 'Reject' is not equal with actual property value ''
	at com.kms.katalon.core.keyword.internal.KeywordMain.stepFailed(KeywordMain.groovy:50)
	at com.kms.katalon.core.webservice.keyword.builtin.VerifyElementPropertyValueKeyword$_verifyElementPropertyValue_closure1.doCall(VerifyElementPropertyValueKeyword.groovy:56)
	at com.kms.katalon.core.webservice.keyword.builtin.VerifyElementPropertyValueKeyword$_verifyElementPropertyValue_closure1.call(VerifyElementPropertyValueKeyword.groovy)
	at com.kms.katalon.core.keyword.internal.KeywordMain.runKeyword(KeywordMain.groovy:74)
	at com.kms.katalon.core.webservice.keyword.builtin.VerifyElementPropertyValueKeyword.verifyElementPropertyValue(VerifyElementPropertyValueKeyword.groovy:48)
	at com.kms.katalon.core.webservice.keyword.builtin.VerifyElementPropertyValueKeyword.execute(VerifyElementPropertyValueKeyword.groovy:43)
	at com.kms.katalon.core.keyword.internal.KeywordExecutor.executeKeywordForPlatform(KeywordExecutor.groovy:74)
	at com.kms.katalon.core.webservice.keyword.WSBuiltInKeywords.verifyElementPropertyValue(WSBuiltInKeywords.groovy:189)
	at com.kms.katalon.core.webservice.keyword.WSBuiltInKeywords$verifyElementPropertyValue$1.call(Unknown Source)
	at Engine Scoring.run(Engine Scoring:108)
	at com.kms.katalon.core.main.ScriptEngine.run(ScriptEngine.java:194)
	at com.kms.katalon.core.main.ScriptEngine.runScriptAsRawText(ScriptEngine.java:119)
	at com.kms.katalon.core.main.TestCaseExecutor.runScript(TestCaseExecutor.java:442)
	at com.kms.katalon.core.main.TestCaseExecutor.doExecute(TestCaseExecutor.java:433)
	at com.kms.katalon.core.main.TestCaseExecutor.processExecutionPhase(TestCaseExecutor.java:412)
	at com.kms.katalon.core.main.TestCaseExecutor.accessMainPhase(TestCaseExecutor.java:404)
	at com.kms.katalon.core.main.TestCaseExecutor.execute(TestCaseExecutor.java:281)
	at com.kms.katalon.core.main.TestSuiteExecutor.accessTestCaseMainPhase(TestSuiteExecutor.java:202)
	at com.kms.katalon.core.main.TestSuiteExecutor.accessTestSuiteMainPhase(TestSuiteExecutor.java:164)
	at com.kms.katalon.core.main.TestSuiteExecutor.execute(TestSuiteExecutor.java:105)
	at com.kms.katalon.core.main.TestCaseMain.startTestSuite(TestCaseMain.java:185)
	at com.kms.katalon.core.main.TestCaseMain$startTestSuite$0.call(Unknown Source)
	at TempTestSuite1669628564646.run(TempTestSuite1669628564646.groovy:36)
)]]></system-out>
         <system-err><![CDATA[2022-11-28 16:49:12 - [TEST_CASE][FAILED] - Test Cases/Engine_Scoring/Engine Scoring: Test Cases/Engine_Scoring/Engine Scoring FAILED.
Reason:
com.kms.katalon.core.exception.StepFailedException: Expected element property value 'Reject' is not equal with actual property value ''
	at com.kms.katalon.core.keyword.internal.KeywordMain.stepFailed(KeywordMain.groovy:50)
	at com.kms.katalon.core.webservice.keyword.builtin.VerifyElementPropertyValueKeyword$_verifyElementPropertyValue_closure1.doCall(VerifyElementPropertyValueKeyword.groovy:56)
	at com.kms.katalon.core.webservice.keyword.builtin.VerifyElementPropertyValueKeyword$_verifyElementPropertyValue_closure1.call(VerifyElementPropertyValueKeyword.groovy)
	at com.kms.katalon.core.keyword.internal.KeywordMain.runKeyword(KeywordMain.groovy:74)
	at com.kms.katalon.core.webservice.keyword.builtin.VerifyElementPropertyValueKeyword.verifyElementPropertyValue(VerifyElementPropertyValueKeyword.groovy:48)
	at com.kms.katalon.core.webservice.keyword.builtin.VerifyElementPropertyValueKeyword.execute(VerifyElementPropertyValueKeyword.groovy:43)
	at com.kms.katalon.core.keyword.internal.KeywordExecutor.executeKeywordForPlatform(KeywordExecutor.groovy:74)
	at com.kms.katalon.core.webservice.keyword.WSBuiltInKeywords.verifyElementPropertyValue(WSBuiltInKeywords.groovy:189)
	at com.kms.katalon.core.webservice.keyword.WSBuiltInKeywords$verifyElementPropertyValue$1.call(Unknown Source)
	at Engine Scoring.run(Engine Scoring:108)
	at com.kms.katalon.core.main.ScriptEngine.run(ScriptEngine.java:194)
	at com.kms.katalon.core.main.ScriptEngine.runScriptAsRawText(ScriptEngine.java:119)
	at com.kms.katalon.core.main.TestCaseExecutor.runScript(TestCaseExecutor.java:442)
	at com.kms.katalon.core.main.TestCaseExecutor.doExecute(TestCaseExecutor.java:433)
	at com.kms.katalon.core.main.TestCaseExecutor.processExecutionPhase(TestCaseExecutor.java:412)
	at com.kms.katalon.core.main.TestCaseExecutor.accessMainPhase(TestCaseExecutor.java:404)
	at com.kms.katalon.core.main.TestCaseExecutor.execute(TestCaseExecutor.java:281)
	at com.kms.katalon.core.main.TestSuiteExecutor.accessTestCaseMainPhase(TestSuiteExecutor.java:202)
	at com.kms.katalon.core.main.TestSuiteExecutor.accessTestSuiteMainPhase(TestSuiteExecutor.java:164)
	at com.kms.katalon.core.main.TestSuiteExecutor.execute(TestSuiteExecutor.java:105)
	at com.kms.katalon.core.main.TestCaseMain.startTestSuite(TestCaseMain.java:185)
	at com.kms.katalon.core.main.TestCaseMain$startTestSuite$0.call(Unknown Source)
	at TempTestSuite1669628564646.run(TempTestSuite1669628564646.groovy:36)]]></system-err>
      </testcase>
      <testcase name="Test Cases/Engine_Scoring/Engine Scoring" time="6.672" classname="Test Cases/Engine_Scoring/Engine Scoring" status="FAILED">
         <failure type="FAILED" message="Test Cases/Engine_Scoring/Engine Scoring FAILED.
Reason:
com.kms.katalon.core.exception.StepFailedException: Expected element property value 'Reject' is not equal with actual property value ''
	at com.kms.katalon.core.keyword.internal.KeywordMain.stepFailed(KeywordMain.groovy:50)
	at com.kms.katalon.core.webservice.keyword.builtin.VerifyElementPropertyValueKeyword$_verifyElementPropertyValue_closure1.doCall(VerifyElementPropertyValueKeyword.groovy:56)
	at com.kms.katalon.core.webservice.keyword.builtin.VerifyElementPropertyValueKeyword$_verifyElementPropertyValue_closure1.call(VerifyElementPropertyValueKeyword.groovy)
	at com.kms.katalon.core.keyword.internal.KeywordMain.runKeyword(KeywordMain.groovy:74)
	at com.kms.katalon.core.webservice.keyword.builtin.VerifyElementPropertyValueKeyword.verifyElementPropertyValue(VerifyElementPropertyValueKeyword.groovy:48)
	at com.kms.katalon.core.webservice.keyword.builtin.VerifyElementPropertyValueKeyword.execute(VerifyElementPropertyValueKeyword.groovy:43)
	at com.kms.katalon.core.keyword.internal.KeywordExecutor.executeKeywordForPlatform(KeywordExecutor.groovy:74)
	at com.kms.katalon.core.webservice.keyword.WSBuiltInKeywords.verifyElementPropertyValue(WSBuiltInKeywords.groovy:189)
	at com.kms.katalon.core.webservice.keyword.WSBuiltInKeywords$verifyElementPropertyValue$1.call(Unknown Source)
	at Engine Scoring.run(Engine Scoring:108)
	at com.kms.katalon.core.main.ScriptEngine.run(ScriptEngine.java:194)
	at com.kms.katalon.core.main.ScriptEngine.runScriptAsRawText(ScriptEngine.java:119)
	at com.kms.katalon.core.main.TestCaseExecutor.runScript(TestCaseExecutor.java:442)
	at com.kms.katalon.core.main.TestCaseExecutor.doExecute(TestCaseExecutor.java:433)
	at com.kms.katalon.core.main.TestCaseExecutor.processExecutionPhase(TestCaseExecutor.java:412)
	at com.kms.katalon.core.main.TestCaseExecutor.accessMainPhase(TestCaseExecutor.java:404)
	at com.kms.katalon.core.main.TestCaseExecutor.execute(TestCaseExecutor.java:281)
	at com.kms.katalon.core.main.TestSuiteExecutor.accessTestCaseMainPhase(TestSuiteExecutor.java:202)
	at com.kms.katalon.core.main.TestSuiteExecutor.accessTestSuiteMainPhase(TestSuiteExecutor.java:164)
	at com.kms.katalon.core.main.TestSuiteExecutor.execute(TestSuiteExecutor.java:105)
	at com.kms.katalon.core.main.TestCaseMain.startTestSuite(TestCaseMain.java:185)
	at com.kms.katalon.core.main.TestCaseMain$startTestSuite$0.call(Unknown Source)
	at TempTestSuite1669628564646.run(TempTestSuite1669628564646.groovy:36)
"/>
         <system-out><![CDATA[2022-11-28 16:49:19 - [TEST_CASE][FAILED] - Test Cases/Engine_Scoring/Engine Scoring: Test Cases/Engine_Scoring/Engine Scoring FAILED.
Reason:
com.kms.katalon.core.exception.StepFailedException: Expected element property value 'Reject' is not equal with actual property value ''
	at com.kms.katalon.core.keyword.internal.KeywordMain.stepFailed(KeywordMain.groovy:50)
	at com.kms.katalon.core.webservice.keyword.builtin.VerifyElementPropertyValueKeyword$_verifyElementPropertyValue_closure1.doCall(VerifyElementPropertyValueKeyword.groovy:56)
	at com.kms.katalon.core.webservice.keyword.builtin.VerifyElementPropertyValueKeyword$_verifyElementPropertyValue_closure1.call(VerifyElementPropertyValueKeyword.groovy)
	at com.kms.katalon.core.keyword.internal.KeywordMain.runKeyword(KeywordMain.groovy:74)
	at com.kms.katalon.core.webservice.keyword.builtin.VerifyElementPropertyValueKeyword.verifyElementPropertyValue(VerifyElementPropertyValueKeyword.groovy:48)
	at com.kms.katalon.core.webservice.keyword.builtin.VerifyElementPropertyValueKeyword.execute(VerifyElementPropertyValueKeyword.groovy:43)
	at com.kms.katalon.core.keyword.internal.KeywordExecutor.executeKeywordForPlatform(KeywordExecutor.groovy:74)
	at com.kms.katalon.core.webservice.keyword.WSBuiltInKeywords.verifyElementPropertyValue(WSBuiltInKeywords.groovy:189)
	at com.kms.katalon.core.webservice.keyword.WSBuiltInKeywords$verifyElementPropertyValue$1.call(Unknown Source)
	at Engine Scoring.run(Engine Scoring:108)
	at com.kms.katalon.core.main.ScriptEngine.run(ScriptEngine.java:194)
	at com.kms.katalon.core.main.ScriptEngine.runScriptAsRawText(ScriptEngine.java:119)
	at com.kms.katalon.core.main.TestCaseExecutor.runScript(TestCaseExecutor.java:442)
	at com.kms.katalon.core.main.TestCaseExecutor.doExecute(TestCaseExecutor.java:433)
	at com.kms.katalon.core.main.TestCaseExecutor.processExecutionPhase(TestCaseExecutor.java:412)
	at com.kms.katalon.core.main.TestCaseExecutor.accessMainPhase(TestCaseExecutor.java:404)
	at com.kms.katalon.core.main.TestCaseExecutor.execute(TestCaseExecutor.java:281)
	at com.kms.katalon.core.main.TestSuiteExecutor.accessTestCaseMainPhase(TestSuiteExecutor.java:202)
	at com.kms.katalon.core.main.TestSuiteExecutor.accessTestSuiteMainPhase(TestSuiteExecutor.java:164)
	at com.kms.katalon.core.main.TestSuiteExecutor.execute(TestSuiteExecutor.java:105)
	at com.kms.katalon.core.main.TestCaseMain.startTestSuite(TestCaseMain.java:185)
	at com.kms.katalon.core.main.TestCaseMain$startTestSuite$0.call(Unknown Source)
	at TempTestSuite1669628564646.run(TempTestSuite1669628564646.groovy:36)


2022-11-28 16:49:20 - [TEST_STEP][PASSED] - markPassed("Variasi data ke : " + no): Variasi data ke : 56

2022-11-28 16:49:20 - [MESSAGE][PASSED] - Variasi data ke : 56

2022-11-28 16:49:20 - [TEST_STEP][PASSED] - req_data = sendRequest(findTestObject("Search_ME", ["MID":MID, "source":source, "ip":ip, "userid":userid, "branch":branch, "tipekons":tipekons, "marital":marital, "penjamin":penjamin, ... ])): Send request successfully

2022-11-28 16:49:20 - [MESSAGE][INFO] - HAR: D:\DMS\Engine Scoring\Reports\20221128_164243\Exclude KKB - DS - Married\Scoring Married - DS\20221128_164244\requests\main\110.har

2022-11-28 16:49:20 - [MESSAGE][PASSED] - Send request successfully

2022-11-28 16:49:20 - [TEST_STEP][PASSED] - slurper = new groovy.json.JsonSlurper(): null

2022-11-28 16:49:20 - [TEST_STEP][PASSED] - result = slurper.parseText(req_data.getResponseBodyContent()): null

2022-11-28 16:49:20 - [TEST_STEP][PASSED] - reqid_kons = requestid1: null

2022-11-28 16:49:20 - [TEST_STEP][PASSED] - reqid_spouse = requestid2: null

2022-11-28 16:49:20 - [TEST_STEP][PASSED] - println("requestid kons : " + reqid_kons): null

2022-11-28 16:49:20 - [TEST_STEP][PASSED] - response_searchME_kons = reqid_kons: null

2022-11-28 16:49:20 - [TEST_STEP][PASSED] - response_searchME_spouse = reqid_spouse: null

2022-11-28 16:49:20 - [TEST_STEP][PASSED] - println("kons req id is :" + response_searchME_kons): null

2022-11-28 16:49:20 - [TEST_STEP][PASSED] - println("spouse req id is : " + response_searchME_spouse): null

2022-11-28 16:49:20 - [TEST_STEP][PASSED] - verifyResponseStatusCode(req_data, 200): Verify response status code successfully

2022-11-28 16:49:20 - [MESSAGE][PASSED] - Verify response status code successfully

2022-11-28 16:49:20 - [TEST_STEP][PASSED] - response = req_data.getResponseText(): null

2022-11-28 16:49:20 - [TEST_STEP][PASSED] - logInfo($response): {"status":"Done","data":{"requestid1":"256776","requestid2":"256777"}}

2022-11-28 16:49:20 - [MESSAGE][INFO] - {"status":"Done","data":{"requestid1":"256776","requestid2":"256777"}}

2022-11-28 16:49:20 - [TEST_STEP][PASSED] - delay(5): Delayed 5 second(s)

2022-11-28 16:49:25 - [MESSAGE][PASSED] - Delayed 5 second(s)

2022-11-28 16:49:25 - [TEST_STEP][PASSED] - scoring = sendRequest(findTestObject("EngineScore", ["response_searchME_kons":response_searchME_kons, "response_searchME_spouse":response_searchME_spouse])): Send request successfully

2022-11-28 16:49:26 - [MESSAGE][INFO] - HAR: D:\DMS\Engine Scoring\Reports\20221128_164243\Exclude KKB - DS - Married\Scoring Married - DS\20221128_164244\requests\main\111.har

2022-11-28 16:49:26 - [MESSAGE][PASSED] - Send request successfully

2022-11-28 16:49:26 - [TEST_STEP][PASSED] - verifyResponseStatusCode(scoring, 200): Verify response status code successfully

2022-11-28 16:49:26 - [MESSAGE][PASSED] - Verify response status code successfully

2022-11-28 16:49:26 - [TEST_STEP][PASSED] - response2 = scoring.getResponseText(): null

2022-11-28 16:49:26 - [TEST_STEP][PASSED] - markPassed("result service data ke : " + no): result service data ke : 56

2022-11-28 16:49:26 - [MESSAGE][PASSED] - result service data ke : 56

2022-11-28 16:49:26 - [TEST_STEP][PASSED] - logInfo($response2): {"result_konsumen":"","result_pasangan":"","Final_result":"","errorMessage":"","status":"InProgress"}

2022-11-28 16:49:26 - [MESSAGE][INFO] - {"result_konsumen":"","result_pasangan":"","Final_result":"","errorMessage":"","status":"InProgress"}

2022-11-28 16:49:26 - [TEST_STEP][FAILED] - verifyElementPropertyValue(scoring, "Final_result", final_result): Unable to verify element property value (Root cause: com.kms.katalon.core.exception.StepFailedException: Expected element property value 'Reject' is not equal with actual property value ''
	at com.kms.katalon.core.keyword.internal.KeywordMain.stepFailed(KeywordMain.groovy:50)
	at com.kms.katalon.core.webservice.keyword.builtin.VerifyElementPropertyValueKeyword$_verifyElementPropertyValue_closure1.doCall(VerifyElementPropertyValueKeyword.groovy:56)
	at com.kms.katalon.core.webservice.keyword.builtin.VerifyElementPropertyValueKeyword$_verifyElementPropertyValue_closure1.call(VerifyElementPropertyValueKeyword.groovy)
	at com.kms.katalon.core.keyword.internal.KeywordMain.runKeyword(KeywordMain.groovy:74)
	at com.kms.katalon.core.webservice.keyword.builtin.VerifyElementPropertyValueKeyword.verifyElementPropertyValue(VerifyElementPropertyValueKeyword.groovy:48)
	at com.kms.katalon.core.webservice.keyword.builtin.VerifyElementPropertyValueKeyword.execute(VerifyElementPropertyValueKeyword.groovy:43)
	at com.kms.katalon.core.keyword.internal.KeywordExecutor.executeKeywordForPlatform(KeywordExecutor.groovy:74)
	at com.kms.katalon.core.webservice.keyword.WSBuiltInKeywords.verifyElementPropertyValue(WSBuiltInKeywords.groovy:189)
	at com.kms.katalon.core.webservice.keyword.WSBuiltInKeywords$verifyElementPropertyValue$1.call(Unknown Source)
	at Engine Scoring.run(Engine Scoring:108)
	at com.kms.katalon.core.main.ScriptEngine.run(ScriptEngine.java:194)
	at com.kms.katalon.core.main.ScriptEngine.runScriptAsRawText(ScriptEngine.java:119)
	at com.kms.katalon.core.main.TestCaseExecutor.runScript(TestCaseExecutor.java:442)
	at com.kms.katalon.core.main.TestCaseExecutor.doExecute(TestCaseExecutor.java:433)
	at com.kms.katalon.core.main.TestCaseExecutor.processExecutionPhase(TestCaseExecutor.java:412)
	at com.kms.katalon.core.main.TestCaseExecutor.accessMainPhase(TestCaseExecutor.java:404)
	at com.kms.katalon.core.main.TestCaseExecutor.execute(TestCaseExecutor.java:281)
	at com.kms.katalon.core.main.TestSuiteExecutor.accessTestCaseMainPhase(TestSuiteExecutor.java:202)
	at com.kms.katalon.core.main.TestSuiteExecutor.accessTestSuiteMainPhase(TestSuiteExecutor.java:164)
	at com.kms.katalon.core.main.TestSuiteExecutor.execute(TestSuiteExecutor.java:105)
	at com.kms.katalon.core.main.TestCaseMain.startTestSuite(TestCaseMain.java:185)
	at com.kms.katalon.core.main.TestCaseMain$startTestSuite$0.call(Unknown Source)
	at TempTestSuite1669628564646.run(TempTestSuite1669628564646.groovy:36)
)

2022-11-28 16:49:26 - [MESSAGE][FAILED] - Expected element property value 'Reject' is not equal with actual property value ''

2022-11-28 16:49:26 - [MESSAGE][FAILED] - Unable to verify element property value (Root cause: com.kms.katalon.core.exception.StepFailedException: Expected element property value 'Reject' is not equal with actual property value ''
	at com.kms.katalon.core.keyword.internal.KeywordMain.stepFailed(KeywordMain.groovy:50)
	at com.kms.katalon.core.webservice.keyword.builtin.VerifyElementPropertyValueKeyword$_verifyElementPropertyValue_closure1.doCall(VerifyElementPropertyValueKeyword.groovy:56)
	at com.kms.katalon.core.webservice.keyword.builtin.VerifyElementPropertyValueKeyword$_verifyElementPropertyValue_closure1.call(VerifyElementPropertyValueKeyword.groovy)
	at com.kms.katalon.core.keyword.internal.KeywordMain.runKeyword(KeywordMain.groovy:74)
	at com.kms.katalon.core.webservice.keyword.builtin.VerifyElementPropertyValueKeyword.verifyElementPropertyValue(VerifyElementPropertyValueKeyword.groovy:48)
	at com.kms.katalon.core.webservice.keyword.builtin.VerifyElementPropertyValueKeyword.execute(VerifyElementPropertyValueKeyword.groovy:43)
	at com.kms.katalon.core.keyword.internal.KeywordExecutor.executeKeywordForPlatform(KeywordExecutor.groovy:74)
	at com.kms.katalon.core.webservice.keyword.WSBuiltInKeywords.verifyElementPropertyValue(WSBuiltInKeywords.groovy:189)
	at com.kms.katalon.core.webservice.keyword.WSBuiltInKeywords$verifyElementPropertyValue$1.call(Unknown Source)
	at Engine Scoring.run(Engine Scoring:108)
	at com.kms.katalon.core.main.ScriptEngine.run(ScriptEngine.java:194)
	at com.kms.katalon.core.main.ScriptEngine.runScriptAsRawText(ScriptEngine.java:119)
	at com.kms.katalon.core.main.TestCaseExecutor.runScript(TestCaseExecutor.java:442)
	at com.kms.katalon.core.main.TestCaseExecutor.doExecute(TestCaseExecutor.java:433)
	at com.kms.katalon.core.main.TestCaseExecutor.processExecutionPhase(TestCaseExecutor.java:412)
	at com.kms.katalon.core.main.TestCaseExecutor.accessMainPhase(TestCaseExecutor.java:404)
	at com.kms.katalon.core.main.TestCaseExecutor.execute(TestCaseExecutor.java:281)
	at com.kms.katalon.core.main.TestSuiteExecutor.accessTestCaseMainPhase(TestSuiteExecutor.java:202)
	at com.kms.katalon.core.main.TestSuiteExecutor.accessTestSuiteMainPhase(TestSuiteExecutor.java:164)
	at com.kms.katalon.core.main.TestSuiteExecutor.execute(TestSuiteExecutor.java:105)
	at com.kms.katalon.core.main.TestCaseMain.startTestSuite(TestCaseMain.java:185)
	at com.kms.katalon.core.main.TestCaseMain$startTestSuite$0.call(Unknown Source)
	at TempTestSuite1669628564646.run(TempTestSuite1669628564646.groovy:36)
)]]></system-out>
         <system-err><![CDATA[2022-11-28 16:49:19 - [TEST_CASE][FAILED] - Test Cases/Engine_Scoring/Engine Scoring: Test Cases/Engine_Scoring/Engine Scoring FAILED.
Reason:
com.kms.katalon.core.exception.StepFailedException: Expected element property value 'Reject' is not equal with actual property value ''
	at com.kms.katalon.core.keyword.internal.KeywordMain.stepFailed(KeywordMain.groovy:50)
	at com.kms.katalon.core.webservice.keyword.builtin.VerifyElementPropertyValueKeyword$_verifyElementPropertyValue_closure1.doCall(VerifyElementPropertyValueKeyword.groovy:56)
	at com.kms.katalon.core.webservice.keyword.builtin.VerifyElementPropertyValueKeyword$_verifyElementPropertyValue_closure1.call(VerifyElementPropertyValueKeyword.groovy)
	at com.kms.katalon.core.keyword.internal.KeywordMain.runKeyword(KeywordMain.groovy:74)
	at com.kms.katalon.core.webservice.keyword.builtin.VerifyElementPropertyValueKeyword.verifyElementPropertyValue(VerifyElementPropertyValueKeyword.groovy:48)
	at com.kms.katalon.core.webservice.keyword.builtin.VerifyElementPropertyValueKeyword.execute(VerifyElementPropertyValueKeyword.groovy:43)
	at com.kms.katalon.core.keyword.internal.KeywordExecutor.executeKeywordForPlatform(KeywordExecutor.groovy:74)
	at com.kms.katalon.core.webservice.keyword.WSBuiltInKeywords.verifyElementPropertyValue(WSBuiltInKeywords.groovy:189)
	at com.kms.katalon.core.webservice.keyword.WSBuiltInKeywords$verifyElementPropertyValue$1.call(Unknown Source)
	at Engine Scoring.run(Engine Scoring:108)
	at com.kms.katalon.core.main.ScriptEngine.run(ScriptEngine.java:194)
	at com.kms.katalon.core.main.ScriptEngine.runScriptAsRawText(ScriptEngine.java:119)
	at com.kms.katalon.core.main.TestCaseExecutor.runScript(TestCaseExecutor.java:442)
	at com.kms.katalon.core.main.TestCaseExecutor.doExecute(TestCaseExecutor.java:433)
	at com.kms.katalon.core.main.TestCaseExecutor.processExecutionPhase(TestCaseExecutor.java:412)
	at com.kms.katalon.core.main.TestCaseExecutor.accessMainPhase(TestCaseExecutor.java:404)
	at com.kms.katalon.core.main.TestCaseExecutor.execute(TestCaseExecutor.java:281)
	at com.kms.katalon.core.main.TestSuiteExecutor.accessTestCaseMainPhase(TestSuiteExecutor.java:202)
	at com.kms.katalon.core.main.TestSuiteExecutor.accessTestSuiteMainPhase(TestSuiteExecutor.java:164)
	at com.kms.katalon.core.main.TestSuiteExecutor.execute(TestSuiteExecutor.java:105)
	at com.kms.katalon.core.main.TestCaseMain.startTestSuite(TestCaseMain.java:185)
	at com.kms.katalon.core.main.TestCaseMain$startTestSuite$0.call(Unknown Source)
	at TempTestSuite1669628564646.run(TempTestSuite1669628564646.groovy:36)]]></system-err>
      </testcase>
      <testcase name="Test Cases/Engine_Scoring/Engine Scoring" time="6.863" classname="Test Cases/Engine_Scoring/Engine Scoring" status="FAILED">
         <failure type="FAILED" message="Test Cases/Engine_Scoring/Engine Scoring FAILED.
Reason:
com.kms.katalon.core.exception.StepFailedException: Expected element property value 'Reject' is not equal with actual property value ''
	at com.kms.katalon.core.keyword.internal.KeywordMain.stepFailed(KeywordMain.groovy:50)
	at com.kms.katalon.core.webservice.keyword.builtin.VerifyElementPropertyValueKeyword$_verifyElementPropertyValue_closure1.doCall(VerifyElementPropertyValueKeyword.groovy:56)
	at com.kms.katalon.core.webservice.keyword.builtin.VerifyElementPropertyValueKeyword$_verifyElementPropertyValue_closure1.call(VerifyElementPropertyValueKeyword.groovy)
	at com.kms.katalon.core.keyword.internal.KeywordMain.runKeyword(KeywordMain.groovy:74)
	at com.kms.katalon.core.webservice.keyword.builtin.VerifyElementPropertyValueKeyword.verifyElementPropertyValue(VerifyElementPropertyValueKeyword.groovy:48)
	at com.kms.katalon.core.webservice.keyword.builtin.VerifyElementPropertyValueKeyword.execute(VerifyElementPropertyValueKeyword.groovy:43)
	at com.kms.katalon.core.keyword.internal.KeywordExecutor.executeKeywordForPlatform(KeywordExecutor.groovy:74)
	at com.kms.katalon.core.webservice.keyword.WSBuiltInKeywords.verifyElementPropertyValue(WSBuiltInKeywords.groovy:189)
	at com.kms.katalon.core.webservice.keyword.WSBuiltInKeywords$verifyElementPropertyValue$1.call(Unknown Source)
	at Engine Scoring.run(Engine Scoring:108)
	at com.kms.katalon.core.main.ScriptEngine.run(ScriptEngine.java:194)
	at com.kms.katalon.core.main.ScriptEngine.runScriptAsRawText(ScriptEngine.java:119)
	at com.kms.katalon.core.main.TestCaseExecutor.runScript(TestCaseExecutor.java:442)
	at com.kms.katalon.core.main.TestCaseExecutor.doExecute(TestCaseExecutor.java:433)
	at com.kms.katalon.core.main.TestCaseExecutor.processExecutionPhase(TestCaseExecutor.java:412)
	at com.kms.katalon.core.main.TestCaseExecutor.accessMainPhase(TestCaseExecutor.java:404)
	at com.kms.katalon.core.main.TestCaseExecutor.execute(TestCaseExecutor.java:281)
	at com.kms.katalon.core.main.TestSuiteExecutor.accessTestCaseMainPhase(TestSuiteExecutor.java:202)
	at com.kms.katalon.core.main.TestSuiteExecutor.accessTestSuiteMainPhase(TestSuiteExecutor.java:164)
	at com.kms.katalon.core.main.TestSuiteExecutor.execute(TestSuiteExecutor.java:105)
	at com.kms.katalon.core.main.TestCaseMain.startTestSuite(TestCaseMain.java:185)
	at com.kms.katalon.core.main.TestCaseMain$startTestSuite$0.call(Unknown Source)
	at TempTestSuite1669628564646.run(TempTestSuite1669628564646.groovy:36)
"/>
         <system-out><![CDATA[2022-11-28 16:49:26 - [TEST_CASE][FAILED] - Test Cases/Engine_Scoring/Engine Scoring: Test Cases/Engine_Scoring/Engine Scoring FAILED.
Reason:
com.kms.katalon.core.exception.StepFailedException: Expected element property value 'Reject' is not equal with actual property value ''
	at com.kms.katalon.core.keyword.internal.KeywordMain.stepFailed(KeywordMain.groovy:50)
	at com.kms.katalon.core.webservice.keyword.builtin.VerifyElementPropertyValueKeyword$_verifyElementPropertyValue_closure1.doCall(VerifyElementPropertyValueKeyword.groovy:56)
	at com.kms.katalon.core.webservice.keyword.builtin.VerifyElementPropertyValueKeyword$_verifyElementPropertyValue_closure1.call(VerifyElementPropertyValueKeyword.groovy)
	at com.kms.katalon.core.keyword.internal.KeywordMain.runKeyword(KeywordMain.groovy:74)
	at com.kms.katalon.core.webservice.keyword.builtin.VerifyElementPropertyValueKeyword.verifyElementPropertyValue(VerifyElementPropertyValueKeyword.groovy:48)
	at com.kms.katalon.core.webservice.keyword.builtin.VerifyElementPropertyValueKeyword.execute(VerifyElementPropertyValueKeyword.groovy:43)
	at com.kms.katalon.core.keyword.internal.KeywordExecutor.executeKeywordForPlatform(KeywordExecutor.groovy:74)
	at com.kms.katalon.core.webservice.keyword.WSBuiltInKeywords.verifyElementPropertyValue(WSBuiltInKeywords.groovy:189)
	at com.kms.katalon.core.webservice.keyword.WSBuiltInKeywords$verifyElementPropertyValue$1.call(Unknown Source)
	at Engine Scoring.run(Engine Scoring:108)
	at com.kms.katalon.core.main.ScriptEngine.run(ScriptEngine.java:194)
	at com.kms.katalon.core.main.ScriptEngine.runScriptAsRawText(ScriptEngine.java:119)
	at com.kms.katalon.core.main.TestCaseExecutor.runScript(TestCaseExecutor.java:442)
	at com.kms.katalon.core.main.TestCaseExecutor.doExecute(TestCaseExecutor.java:433)
	at com.kms.katalon.core.main.TestCaseExecutor.processExecutionPhase(TestCaseExecutor.java:412)
	at com.kms.katalon.core.main.TestCaseExecutor.accessMainPhase(TestCaseExecutor.java:404)
	at com.kms.katalon.core.main.TestCaseExecutor.execute(TestCaseExecutor.java:281)
	at com.kms.katalon.core.main.TestSuiteExecutor.accessTestCaseMainPhase(TestSuiteExecutor.java:202)
	at com.kms.katalon.core.main.TestSuiteExecutor.accessTestSuiteMainPhase(TestSuiteExecutor.java:164)
	at com.kms.katalon.core.main.TestSuiteExecutor.execute(TestSuiteExecutor.java:105)
	at com.kms.katalon.core.main.TestCaseMain.startTestSuite(TestCaseMain.java:185)
	at com.kms.katalon.core.main.TestCaseMain$startTestSuite$0.call(Unknown Source)
	at TempTestSuite1669628564646.run(TempTestSuite1669628564646.groovy:36)


2022-11-28 16:49:26 - [TEST_STEP][PASSED] - markPassed("Variasi data ke : " + no): Variasi data ke : 57

2022-11-28 16:49:26 - [MESSAGE][PASSED] - Variasi data ke : 57

2022-11-28 16:49:26 - [TEST_STEP][PASSED] - req_data = sendRequest(findTestObject("Search_ME", ["MID":MID, "source":source, "ip":ip, "userid":userid, "branch":branch, "tipekons":tipekons, "marital":marital, "penjamin":penjamin, ... ])): Send request successfully

2022-11-28 16:49:27 - [MESSAGE][INFO] - HAR: D:\DMS\Engine Scoring\Reports\20221128_164243\Exclude KKB - DS - Married\Scoring Married - DS\20221128_164244\requests\main\112.har

2022-11-28 16:49:27 - [MESSAGE][PASSED] - Send request successfully

2022-11-28 16:49:27 - [TEST_STEP][PASSED] - slurper = new groovy.json.JsonSlurper(): null

2022-11-28 16:49:27 - [TEST_STEP][PASSED] - result = slurper.parseText(req_data.getResponseBodyContent()): null

2022-11-28 16:49:27 - [TEST_STEP][PASSED] - reqid_kons = requestid1: null

2022-11-28 16:49:27 - [TEST_STEP][PASSED] - reqid_spouse = requestid2: null

2022-11-28 16:49:27 - [TEST_STEP][PASSED] - println("requestid kons : " + reqid_kons): null

2022-11-28 16:49:27 - [TEST_STEP][PASSED] - response_searchME_kons = reqid_kons: null

2022-11-28 16:49:27 - [TEST_STEP][PASSED] - response_searchME_spouse = reqid_spouse: null

2022-11-28 16:49:27 - [TEST_STEP][PASSED] - println("kons req id is :" + response_searchME_kons): null

2022-11-28 16:49:27 - [TEST_STEP][PASSED] - println("spouse req id is : " + response_searchME_spouse): null

2022-11-28 16:49:27 - [TEST_STEP][PASSED] - verifyResponseStatusCode(req_data, 200): Verify response status code successfully

2022-11-28 16:49:27 - [MESSAGE][PASSED] - Verify response status code successfully

2022-11-28 16:49:27 - [TEST_STEP][PASSED] - response = req_data.getResponseText(): null

2022-11-28 16:49:27 - [TEST_STEP][PASSED] - logInfo($response): {"status":"Done","data":{"requestid1":"256778","requestid2":"256779"}}

2022-11-28 16:49:27 - [MESSAGE][INFO] - {"status":"Done","data":{"requestid1":"256778","requestid2":"256779"}}

2022-11-28 16:49:27 - [TEST_STEP][PASSED] - delay(5): Delayed 5 second(s)

2022-11-28 16:49:32 - [MESSAGE][PASSED] - Delayed 5 second(s)

2022-11-28 16:49:32 - [TEST_STEP][PASSED] - scoring = sendRequest(findTestObject("EngineScore", ["response_searchME_kons":response_searchME_kons, "response_searchME_spouse":response_searchME_spouse])): Send request successfully

2022-11-28 16:49:32 - [MESSAGE][INFO] - HAR: D:\DMS\Engine Scoring\Reports\20221128_164243\Exclude KKB - DS - Married\Scoring Married - DS\20221128_164244\requests\main\113.har

2022-11-28 16:49:32 - [MESSAGE][PASSED] - Send request successfully

2022-11-28 16:49:32 - [TEST_STEP][PASSED] - verifyResponseStatusCode(scoring, 200): Verify response status code successfully

2022-11-28 16:49:32 - [MESSAGE][PASSED] - Verify response status code successfully

2022-11-28 16:49:32 - [TEST_STEP][PASSED] - response2 = scoring.getResponseText(): null

2022-11-28 16:49:32 - [TEST_STEP][PASSED] - markPassed("result service data ke : " + no): result service data ke : 57

2022-11-28 16:49:32 - [MESSAGE][PASSED] - result service data ke : 57

2022-11-28 16:49:32 - [TEST_STEP][PASSED] - logInfo($response2): {"result_konsumen":"","result_pasangan":"","Final_result":"","errorMessage":"","status":"InProgress"}

2022-11-28 16:49:32 - [MESSAGE][INFO] - {"result_konsumen":"","result_pasangan":"","Final_result":"","errorMessage":"","status":"InProgress"}

2022-11-28 16:49:32 - [TEST_STEP][FAILED] - verifyElementPropertyValue(scoring, "Final_result", final_result): Unable to verify element property value (Root cause: com.kms.katalon.core.exception.StepFailedException: Expected element property value 'Reject' is not equal with actual property value ''
	at com.kms.katalon.core.keyword.internal.KeywordMain.stepFailed(KeywordMain.groovy:50)
	at com.kms.katalon.core.webservice.keyword.builtin.VerifyElementPropertyValueKeyword$_verifyElementPropertyValue_closure1.doCall(VerifyElementPropertyValueKeyword.groovy:56)
	at com.kms.katalon.core.webservice.keyword.builtin.VerifyElementPropertyValueKeyword$_verifyElementPropertyValue_closure1.call(VerifyElementPropertyValueKeyword.groovy)
	at com.kms.katalon.core.keyword.internal.KeywordMain.runKeyword(KeywordMain.groovy:74)
	at com.kms.katalon.core.webservice.keyword.builtin.VerifyElementPropertyValueKeyword.verifyElementPropertyValue(VerifyElementPropertyValueKeyword.groovy:48)
	at com.kms.katalon.core.webservice.keyword.builtin.VerifyElementPropertyValueKeyword.execute(VerifyElementPropertyValueKeyword.groovy:43)
	at com.kms.katalon.core.keyword.internal.KeywordExecutor.executeKeywordForPlatform(KeywordExecutor.groovy:74)
	at com.kms.katalon.core.webservice.keyword.WSBuiltInKeywords.verifyElementPropertyValue(WSBuiltInKeywords.groovy:189)
	at com.kms.katalon.core.webservice.keyword.WSBuiltInKeywords$verifyElementPropertyValue$1.call(Unknown Source)
	at Engine Scoring.run(Engine Scoring:108)
	at com.kms.katalon.core.main.ScriptEngine.run(ScriptEngine.java:194)
	at com.kms.katalon.core.main.ScriptEngine.runScriptAsRawText(ScriptEngine.java:119)
	at com.kms.katalon.core.main.TestCaseExecutor.runScript(TestCaseExecutor.java:442)
	at com.kms.katalon.core.main.TestCaseExecutor.doExecute(TestCaseExecutor.java:433)
	at com.kms.katalon.core.main.TestCaseExecutor.processExecutionPhase(TestCaseExecutor.java:412)
	at com.kms.katalon.core.main.TestCaseExecutor.accessMainPhase(TestCaseExecutor.java:404)
	at com.kms.katalon.core.main.TestCaseExecutor.execute(TestCaseExecutor.java:281)
	at com.kms.katalon.core.main.TestSuiteExecutor.accessTestCaseMainPhase(TestSuiteExecutor.java:202)
	at com.kms.katalon.core.main.TestSuiteExecutor.accessTestSuiteMainPhase(TestSuiteExecutor.java:164)
	at com.kms.katalon.core.main.TestSuiteExecutor.execute(TestSuiteExecutor.java:105)
	at com.kms.katalon.core.main.TestCaseMain.startTestSuite(TestCaseMain.java:185)
	at com.kms.katalon.core.main.TestCaseMain$startTestSuite$0.call(Unknown Source)
	at TempTestSuite1669628564646.run(TempTestSuite1669628564646.groovy:36)
)

2022-11-28 16:49:32 - [MESSAGE][FAILED] - Expected element property value 'Reject' is not equal with actual property value ''

2022-11-28 16:49:32 - [MESSAGE][FAILED] - Unable to verify element property value (Root cause: com.kms.katalon.core.exception.StepFailedException: Expected element property value 'Reject' is not equal with actual property value ''
	at com.kms.katalon.core.keyword.internal.KeywordMain.stepFailed(KeywordMain.groovy:50)
	at com.kms.katalon.core.webservice.keyword.builtin.VerifyElementPropertyValueKeyword$_verifyElementPropertyValue_closure1.doCall(VerifyElementPropertyValueKeyword.groovy:56)
	at com.kms.katalon.core.webservice.keyword.builtin.VerifyElementPropertyValueKeyword$_verifyElementPropertyValue_closure1.call(VerifyElementPropertyValueKeyword.groovy)
	at com.kms.katalon.core.keyword.internal.KeywordMain.runKeyword(KeywordMain.groovy:74)
	at com.kms.katalon.core.webservice.keyword.builtin.VerifyElementPropertyValueKeyword.verifyElementPropertyValue(VerifyElementPropertyValueKeyword.groovy:48)
	at com.kms.katalon.core.webservice.keyword.builtin.VerifyElementPropertyValueKeyword.execute(VerifyElementPropertyValueKeyword.groovy:43)
	at com.kms.katalon.core.keyword.internal.KeywordExecutor.executeKeywordForPlatform(KeywordExecutor.groovy:74)
	at com.kms.katalon.core.webservice.keyword.WSBuiltInKeywords.verifyElementPropertyValue(WSBuiltInKeywords.groovy:189)
	at com.kms.katalon.core.webservice.keyword.WSBuiltInKeywords$verifyElementPropertyValue$1.call(Unknown Source)
	at Engine Scoring.run(Engine Scoring:108)
	at com.kms.katalon.core.main.ScriptEngine.run(ScriptEngine.java:194)
	at com.kms.katalon.core.main.ScriptEngine.runScriptAsRawText(ScriptEngine.java:119)
	at com.kms.katalon.core.main.TestCaseExecutor.runScript(TestCaseExecutor.java:442)
	at com.kms.katalon.core.main.TestCaseExecutor.doExecute(TestCaseExecutor.java:433)
	at com.kms.katalon.core.main.TestCaseExecutor.processExecutionPhase(TestCaseExecutor.java:412)
	at com.kms.katalon.core.main.TestCaseExecutor.accessMainPhase(TestCaseExecutor.java:404)
	at com.kms.katalon.core.main.TestCaseExecutor.execute(TestCaseExecutor.java:281)
	at com.kms.katalon.core.main.TestSuiteExecutor.accessTestCaseMainPhase(TestSuiteExecutor.java:202)
	at com.kms.katalon.core.main.TestSuiteExecutor.accessTestSuiteMainPhase(TestSuiteExecutor.java:164)
	at com.kms.katalon.core.main.TestSuiteExecutor.execute(TestSuiteExecutor.java:105)
	at com.kms.katalon.core.main.TestCaseMain.startTestSuite(TestCaseMain.java:185)
	at com.kms.katalon.core.main.TestCaseMain$startTestSuite$0.call(Unknown Source)
	at TempTestSuite1669628564646.run(TempTestSuite1669628564646.groovy:36)
)]]></system-out>
         <system-err><![CDATA[2022-11-28 16:49:26 - [TEST_CASE][FAILED] - Test Cases/Engine_Scoring/Engine Scoring: Test Cases/Engine_Scoring/Engine Scoring FAILED.
Reason:
com.kms.katalon.core.exception.StepFailedException: Expected element property value 'Reject' is not equal with actual property value ''
	at com.kms.katalon.core.keyword.internal.KeywordMain.stepFailed(KeywordMain.groovy:50)
	at com.kms.katalon.core.webservice.keyword.builtin.VerifyElementPropertyValueKeyword$_verifyElementPropertyValue_closure1.doCall(VerifyElementPropertyValueKeyword.groovy:56)
	at com.kms.katalon.core.webservice.keyword.builtin.VerifyElementPropertyValueKeyword$_verifyElementPropertyValue_closure1.call(VerifyElementPropertyValueKeyword.groovy)
	at com.kms.katalon.core.keyword.internal.KeywordMain.runKeyword(KeywordMain.groovy:74)
	at com.kms.katalon.core.webservice.keyword.builtin.VerifyElementPropertyValueKeyword.verifyElementPropertyValue(VerifyElementPropertyValueKeyword.groovy:48)
	at com.kms.katalon.core.webservice.keyword.builtin.VerifyElementPropertyValueKeyword.execute(VerifyElementPropertyValueKeyword.groovy:43)
	at com.kms.katalon.core.keyword.internal.KeywordExecutor.executeKeywordForPlatform(KeywordExecutor.groovy:74)
	at com.kms.katalon.core.webservice.keyword.WSBuiltInKeywords.verifyElementPropertyValue(WSBuiltInKeywords.groovy:189)
	at com.kms.katalon.core.webservice.keyword.WSBuiltInKeywords$verifyElementPropertyValue$1.call(Unknown Source)
	at Engine Scoring.run(Engine Scoring:108)
	at com.kms.katalon.core.main.ScriptEngine.run(ScriptEngine.java:194)
	at com.kms.katalon.core.main.ScriptEngine.runScriptAsRawText(ScriptEngine.java:119)
	at com.kms.katalon.core.main.TestCaseExecutor.runScript(TestCaseExecutor.java:442)
	at com.kms.katalon.core.main.TestCaseExecutor.doExecute(TestCaseExecutor.java:433)
	at com.kms.katalon.core.main.TestCaseExecutor.processExecutionPhase(TestCaseExecutor.java:412)
	at com.kms.katalon.core.main.TestCaseExecutor.accessMainPhase(TestCaseExecutor.java:404)
	at com.kms.katalon.core.main.TestCaseExecutor.execute(TestCaseExecutor.java:281)
	at com.kms.katalon.core.main.TestSuiteExecutor.accessTestCaseMainPhase(TestSuiteExecutor.java:202)
	at com.kms.katalon.core.main.TestSuiteExecutor.accessTestSuiteMainPhase(TestSuiteExecutor.java:164)
	at com.kms.katalon.core.main.TestSuiteExecutor.execute(TestSuiteExecutor.java:105)
	at com.kms.katalon.core.main.TestCaseMain.startTestSuite(TestCaseMain.java:185)
	at com.kms.katalon.core.main.TestCaseMain$startTestSuite$0.call(Unknown Source)
	at TempTestSuite1669628564646.run(TempTestSuite1669628564646.groovy:36)]]></system-err>
      </testcase>
      <system-out><![CDATA[2022-11-28 16:42:51 - [TEST_SUITE][FAILED] - Scoring Married - DS: Test Cases/Engine_Scoring/Engine Scoring FAILED.
Reason:
com.kms.katalon.core.exception.StepFailedException: Expected element property value 'Reguler' is not equal with actual property value ''
	at com.kms.katalon.core.keyword.internal.KeywordMain.stepFailed(KeywordMain.groovy:50)
	at com.kms.katalon.core.webservice.keyword.builtin.VerifyElementPropertyValueKeyword$_verifyElementPropertyValue_closure1.doCall(VerifyElementPropertyValueKeyword.groovy:56)
	at com.kms.katalon.core.webservice.keyword.builtin.VerifyElementPropertyValueKeyword$_verifyElementPropertyValue_closure1.call(VerifyElementPropertyValueKeyword.groovy)
	at com.kms.katalon.core.keyword.internal.KeywordMain.runKeyword(KeywordMain.groovy:74)
	at com.kms.katalon.core.webservice.keyword.builtin.VerifyElementPropertyValueKeyword.verifyElementPropertyValue(VerifyElementPropertyValueKeyword.groovy:48)
	at com.kms.katalon.core.webservice.keyword.builtin.VerifyElementPropertyValueKeyword.execute(VerifyElementPropertyValueKeyword.groovy:43)
	at com.kms.katalon.core.keyword.internal.KeywordExecutor.executeKeywordForPlatform(KeywordExecutor.groovy:74)
	at com.kms.katalon.core.webservice.keyword.WSBuiltInKeywords.verifyElementPropertyValue(WSBuiltInKeywords.groovy:189)
	at com.kms.katalon.core.webservice.keyword.WSBuiltInKeywords$verifyElementPropertyValue$1.call(Unknown Source)
	at Engine Scoring.run(Engine Scoring:108)
	at com.kms.katalon.core.main.ScriptEngine.run(ScriptEngine.java:194)
	at com.kms.katalon.core.main.ScriptEngine.runScriptAsRawText(ScriptEngine.java:119)
	at com.kms.katalon.core.main.TestCaseExecutor.runScript(TestCaseExecutor.java:442)
	at com.kms.katalon.core.main.TestCaseExecutor.doExecute(TestCaseExecutor.java:433)
	at com.kms.katalon.core.main.TestCaseExecutor.processExecutionPhase(TestCaseExecutor.java:412)
	at com.kms.katalon.core.main.TestCaseExecutor.accessMainPhase(TestCaseExecutor.java:404)
	at com.kms.katalon.core.main.TestCaseExecutor.execute(TestCaseExecutor.java:281)
	at com.kms.katalon.core.main.TestSuiteExecutor.accessTestCaseMainPhase(TestSuiteExecutor.java:202)
	at com.kms.katalon.core.main.TestSuiteExecutor.accessTestSuiteMainPhase(TestSuiteExecutor.java:164)
	at com.kms.katalon.core.main.TestSuiteExecutor.execute(TestSuiteExecutor.java:105)
	at com.kms.katalon.core.main.TestCaseMain.startTestSuite(TestCaseMain.java:185)
	at com.kms.katalon.core.main.TestCaseMain$startTestSuite$0.call(Unknown Source)
	at TempTestSuite1669628564646.run(TempTestSuite1669628564646.groovy:36)]]></system-out>
      <system-err><![CDATA[2022-11-28 16:42:51 - [TEST_SUITE][FAILED] - Scoring Married - DS: Test Cases/Engine_Scoring/Engine Scoring FAILED.
Reason:
com.kms.katalon.core.exception.StepFailedException: Expected element property value 'Reguler' is not equal with actual property value ''
	at com.kms.katalon.core.keyword.internal.KeywordMain.stepFailed(KeywordMain.groovy:50)
	at com.kms.katalon.core.webservice.keyword.builtin.VerifyElementPropertyValueKeyword$_verifyElementPropertyValue_closure1.doCall(VerifyElementPropertyValueKeyword.groovy:56)
	at com.kms.katalon.core.webservice.keyword.builtin.VerifyElementPropertyValueKeyword$_verifyElementPropertyValue_closure1.call(VerifyElementPropertyValueKeyword.groovy)
	at com.kms.katalon.core.keyword.internal.KeywordMain.runKeyword(KeywordMain.groovy:74)
	at com.kms.katalon.core.webservice.keyword.builtin.VerifyElementPropertyValueKeyword.verifyElementPropertyValue(VerifyElementPropertyValueKeyword.groovy:48)
	at com.kms.katalon.core.webservice.keyword.builtin.VerifyElementPropertyValueKeyword.execute(VerifyElementPropertyValueKeyword.groovy:43)
	at com.kms.katalon.core.keyword.internal.KeywordExecutor.executeKeywordForPlatform(KeywordExecutor.groovy:74)
	at com.kms.katalon.core.webservice.keyword.WSBuiltInKeywords.verifyElementPropertyValue(WSBuiltInKeywords.groovy:189)
	at com.kms.katalon.core.webservice.keyword.WSBuiltInKeywords$verifyElementPropertyValue$1.call(Unknown Source)
	at Engine Scoring.run(Engine Scoring:108)
	at com.kms.katalon.core.main.ScriptEngine.run(ScriptEngine.java:194)
	at com.kms.katalon.core.main.ScriptEngine.runScriptAsRawText(ScriptEngine.java:119)
	at com.kms.katalon.core.main.TestCaseExecutor.runScript(TestCaseExecutor.java:442)
	at com.kms.katalon.core.main.TestCaseExecutor.doExecute(TestCaseExecutor.java:433)
	at com.kms.katalon.core.main.TestCaseExecutor.processExecutionPhase(TestCaseExecutor.java:412)
	at com.kms.katalon.core.main.TestCaseExecutor.accessMainPhase(TestCaseExecutor.java:404)
	at com.kms.katalon.core.main.TestCaseExecutor.execute(TestCaseExecutor.java:281)
	at com.kms.katalon.core.main.TestSuiteExecutor.accessTestCaseMainPhase(TestSuiteExecutor.java:202)
	at com.kms.katalon.core.main.TestSuiteExecutor.accessTestSuiteMainPhase(TestSuiteExecutor.java:164)
	at com.kms.katalon.core.main.TestSuiteExecutor.execute(TestSuiteExecutor.java:105)
	at com.kms.katalon.core.main.TestCaseMain.startTestSuite(TestCaseMain.java:185)
	at com.kms.katalon.core.main.TestCaseMain$startTestSuite$0.call(Unknown Source)
	at TempTestSuite1669628564646.run(TempTestSuite1669628564646.groovy:36)]]></system-err>
   </testsuite>
</testsuites>
