<?xml version="1.0" encoding="UTF-8"?>
<testsuites name="Scoring Married - DS" time="519.016" tests="70" failures="0" errors="0">
   <testsuite name="Scoring Married - DS" tests="70" failures="0" errors="0" time="519.016" skipped="0" timestamp="2022-11-25 08:49:08" hostname="bcafmaster - WPI20220318001.bcaf.co.id" id="Test Suites/Exclude KKB - DS - Married/Scoring Married - DS">
      <properties>
         <property name="deviceName" value=""/>
         <property name="devicePlatform" value=""/>
         <property name="logFolder" value="D:\\DMS\\Engine Scoring\\Reports\\20221125_084901\\Exclude KKB - DS - Married\\Scoring Married - DS\\20221125_084901"/>
         <property name="logFiles" value="D:\\DMS\\Engine Scoring\\Reports\\20221125_084901\\Exclude KKB - DS - Married\\Scoring Married - DS\\20221125_084901\\execution0.log"/>
         <property name="attachments" value=""/>
         <property name="hostName" value="bcafmaster - WPI20220318001.bcaf.co.id"/>
         <property name="hostAddress" value="10.10.8.57"/>
         <property name="os" value="Windows 10 64bit"/>
         <property name="katalonVersion" value="8.2.5.208"/>
      </properties>
      <testcase name="Test Cases/Engine_Scoring/Engine Scoring" time="10.219" classname="Test Cases/Engine_Scoring/Engine Scoring" status="PASSED">
         <system-out><![CDATA[2022-11-25 08:49:09 - [TEST_CASE][PASSED] - Test Cases/Engine_Scoring/Engine Scoring: Test Cases/Engine_Scoring/Engine Scoring

2022-11-25 08:49:10 - [TEST_STEP][PASSED] - markPassed("Variasi data ke : " + no): Variasi data ke : 201

2022-11-25 08:49:10 - [MESSAGE][PASSED] - Variasi data ke : 201

2022-11-25 08:49:10 - [TEST_STEP][PASSED] - req_data = sendRequest(findTestObject("Search_ME", ["MID":MID, "source":source, "ip":ip, "userid":userid, "branch":branch, "tipekons":tipekons, "marital":marital, "penjamin":penjamin, ... ])): Send request successfully

2022-11-25 08:49:14 - [MESSAGE][INFO] - HAR: D:\DMS\Engine Scoring\Reports\20221125_084901\Exclude KKB - DS - Married\Scoring Married - DS\20221125_084901\requests\main\0.har

2022-11-25 08:49:14 - [MESSAGE][PASSED] - Send request successfully

2022-11-25 08:49:14 - [TEST_STEP][PASSED] - slurper = new groovy.json.JsonSlurper(): null

2022-11-25 08:49:14 - [TEST_STEP][PASSED] - result = slurper.parseText(req_data.getResponseBodyContent()): null

2022-11-25 08:49:14 - [TEST_STEP][PASSED] - reqid_kons = requestid1: null

2022-11-25 08:49:14 - [TEST_STEP][PASSED] - reqid_spouse = requestid2: null

2022-11-25 08:49:14 - [TEST_STEP][PASSED] - println("requestid kons : " + reqid_kons): null

2022-11-25 08:49:14 - [TEST_STEP][PASSED] - response_searchME_kons = reqid_kons: null

2022-11-25 08:49:14 - [TEST_STEP][PASSED] - response_searchME_spouse = reqid_spouse: null

2022-11-25 08:49:14 - [TEST_STEP][PASSED] - println("kons req id is :" + response_searchME_kons): null

2022-11-25 08:49:14 - [TEST_STEP][PASSED] - println("spouse req id is : " + response_searchME_spouse): null

2022-11-25 08:49:14 - [TEST_STEP][PASSED] - verifyResponseStatusCode(req_data, 200): Verify response status code successfully

2022-11-25 08:49:14 - [MESSAGE][PASSED] - Verify response status code successfully

2022-11-25 08:49:14 - [TEST_STEP][PASSED] - response = req_data.getResponseText(): null

2022-11-25 08:49:14 - [TEST_STEP][PASSED] - logInfo($response): {"status":"Done","data":{"requestid1":"254460","requestid2":"254461"}}

2022-11-25 08:49:14 - [MESSAGE][INFO] - {"status":"Done","data":{"requestid1":"254460","requestid2":"254461"}}

2022-11-25 08:49:14 - [TEST_STEP][PASSED] - delay(5): Delayed 5 second(s)

2022-11-25 08:49:19 - [MESSAGE][PASSED] - Delayed 5 second(s)

2022-11-25 08:49:19 - [TEST_STEP][PASSED] - scoring = sendRequest(findTestObject("EngineScore", ["response_searchME_kons":response_searchME_kons, "response_searchME_spouse":response_searchME_spouse])): Send request successfully

2022-11-25 08:49:19 - [MESSAGE][INFO] - HAR: D:\DMS\Engine Scoring\Reports\20221125_084901\Exclude KKB - DS - Married\Scoring Married - DS\20221125_084901\requests\main\1.har

2022-11-25 08:49:19 - [MESSAGE][PASSED] - Send request successfully

2022-11-25 08:49:19 - [TEST_STEP][PASSED] - verifyResponseStatusCode(scoring, 200): Verify response status code successfully

2022-11-25 08:49:19 - [MESSAGE][PASSED] - Verify response status code successfully

2022-11-25 08:49:19 - [TEST_STEP][PASSED] - response2 = scoring.getResponseText(): null

2022-11-25 08:49:19 - [TEST_STEP][PASSED] - markPassed("result service data ke : " + no): result service data ke : 201

2022-11-25 08:49:19 - [MESSAGE][PASSED] - result service data ke : 201

2022-11-25 08:49:19 - [TEST_STEP][PASSED] - logInfo($response2): {"result_konsumen":"Reguler","result_pasangan":"Approve","Final_result":"Reguler","errorMessage":"","status":"Done"}

2022-11-25 08:49:19 - [MESSAGE][INFO] - {"result_konsumen":"Reguler","result_pasangan":"Approve","Final_result":"Reguler","errorMessage":"","status":"Done"}

2022-11-25 08:49:19 - [TEST_STEP][PASSED] - verifyElementPropertyValue(scoring, "Final_result", final_result): Verify element property value successfully

2022-11-25 08:49:19 - [MESSAGE][PASSED] - Verify element property value successfully]]></system-out>
         <system-err><![CDATA[]]></system-err>
      </testcase>
      <testcase name="Test Cases/Engine_Scoring/Engine Scoring" time="6.898" classname="Test Cases/Engine_Scoring/Engine Scoring" status="PASSED">
         <system-out><![CDATA[2022-11-25 08:49:19 - [TEST_CASE][PASSED] - Test Cases/Engine_Scoring/Engine Scoring: Test Cases/Engine_Scoring/Engine Scoring

2022-11-25 08:49:20 - [TEST_STEP][PASSED] - markPassed("Variasi data ke : " + no): Variasi data ke : 202

2022-11-25 08:49:20 - [MESSAGE][PASSED] - Variasi data ke : 202

2022-11-25 08:49:20 - [TEST_STEP][PASSED] - req_data = sendRequest(findTestObject("Search_ME", ["MID":MID, "source":source, "ip":ip, "userid":userid, "branch":branch, "tipekons":tipekons, "marital":marital, "penjamin":penjamin, ... ])): Send request successfully

2022-11-25 08:49:21 - [MESSAGE][INFO] - HAR: D:\DMS\Engine Scoring\Reports\20221125_084901\Exclude KKB - DS - Married\Scoring Married - DS\20221125_084901\requests\main\2.har

2022-11-25 08:49:21 - [MESSAGE][PASSED] - Send request successfully

2022-11-25 08:49:21 - [TEST_STEP][PASSED] - slurper = new groovy.json.JsonSlurper(): null

2022-11-25 08:49:21 - [TEST_STEP][PASSED] - result = slurper.parseText(req_data.getResponseBodyContent()): null

2022-11-25 08:49:21 - [TEST_STEP][PASSED] - reqid_kons = requestid1: null

2022-11-25 08:49:21 - [TEST_STEP][PASSED] - reqid_spouse = requestid2: null

2022-11-25 08:49:21 - [TEST_STEP][PASSED] - println("requestid kons : " + reqid_kons): null

2022-11-25 08:49:21 - [TEST_STEP][PASSED] - response_searchME_kons = reqid_kons: null

2022-11-25 08:49:21 - [TEST_STEP][PASSED] - response_searchME_spouse = reqid_spouse: null

2022-11-25 08:49:21 - [TEST_STEP][PASSED] - println("kons req id is :" + response_searchME_kons): null

2022-11-25 08:49:21 - [TEST_STEP][PASSED] - println("spouse req id is : " + response_searchME_spouse): null

2022-11-25 08:49:21 - [TEST_STEP][PASSED] - verifyResponseStatusCode(req_data, 200): Verify response status code successfully

2022-11-25 08:49:21 - [MESSAGE][PASSED] - Verify response status code successfully

2022-11-25 08:49:21 - [TEST_STEP][PASSED] - response = req_data.getResponseText(): null

2022-11-25 08:49:21 - [TEST_STEP][PASSED] - logInfo($response): {"status":"Done","data":{"requestid1":"254462","requestid2":"254463"}}

2022-11-25 08:49:21 - [MESSAGE][INFO] - {"status":"Done","data":{"requestid1":"254462","requestid2":"254463"}}

2022-11-25 08:49:21 - [TEST_STEP][PASSED] - delay(5): Delayed 5 second(s)

2022-11-25 08:49:26 - [MESSAGE][PASSED] - Delayed 5 second(s)

2022-11-25 08:49:26 - [TEST_STEP][PASSED] - scoring = sendRequest(findTestObject("EngineScore", ["response_searchME_kons":response_searchME_kons, "response_searchME_spouse":response_searchME_spouse])): Send request successfully

2022-11-25 08:49:26 - [MESSAGE][INFO] - HAR: D:\DMS\Engine Scoring\Reports\20221125_084901\Exclude KKB - DS - Married\Scoring Married - DS\20221125_084901\requests\main\3.har

2022-11-25 08:49:26 - [MESSAGE][PASSED] - Send request successfully

2022-11-25 08:49:26 - [TEST_STEP][PASSED] - verifyResponseStatusCode(scoring, 200): Verify response status code successfully

2022-11-25 08:49:26 - [MESSAGE][PASSED] - Verify response status code successfully

2022-11-25 08:49:26 - [TEST_STEP][PASSED] - response2 = scoring.getResponseText(): null

2022-11-25 08:49:26 - [TEST_STEP][PASSED] - markPassed("result service data ke : " + no): result service data ke : 202

2022-11-25 08:49:26 - [MESSAGE][PASSED] - result service data ke : 202

2022-11-25 08:49:26 - [TEST_STEP][PASSED] - logInfo($response2): {"result_konsumen":"Reguler","result_pasangan":"Approve","Final_result":"Reguler","errorMessage":"","status":"Done"}

2022-11-25 08:49:26 - [MESSAGE][INFO] - {"result_konsumen":"Reguler","result_pasangan":"Approve","Final_result":"Reguler","errorMessage":"","status":"Done"}

2022-11-25 08:49:26 - [TEST_STEP][PASSED] - verifyElementPropertyValue(scoring, "Final_result", final_result): Verify element property value successfully

2022-11-25 08:49:26 - [MESSAGE][PASSED] - Verify element property value successfully]]></system-out>
         <system-err><![CDATA[]]></system-err>
      </testcase>
      <testcase name="Test Cases/Engine_Scoring/Engine Scoring" time="6.779" classname="Test Cases/Engine_Scoring/Engine Scoring" status="PASSED">
         <system-out><![CDATA[2022-11-25 08:49:26 - [TEST_CASE][PASSED] - Test Cases/Engine_Scoring/Engine Scoring: Test Cases/Engine_Scoring/Engine Scoring

2022-11-25 08:49:27 - [TEST_STEP][PASSED] - markPassed("Variasi data ke : " + no): Variasi data ke : 203

2022-11-25 08:49:27 - [MESSAGE][PASSED] - Variasi data ke : 203

2022-11-25 08:49:27 - [TEST_STEP][PASSED] - req_data = sendRequest(findTestObject("Search_ME", ["MID":MID, "source":source, "ip":ip, "userid":userid, "branch":branch, "tipekons":tipekons, "marital":marital, "penjamin":penjamin, ... ])): Send request successfully

2022-11-25 08:49:28 - [MESSAGE][INFO] - HAR: D:\DMS\Engine Scoring\Reports\20221125_084901\Exclude KKB - DS - Married\Scoring Married - DS\20221125_084901\requests\main\4.har

2022-11-25 08:49:28 - [MESSAGE][PASSED] - Send request successfully

2022-11-25 08:49:28 - [TEST_STEP][PASSED] - slurper = new groovy.json.JsonSlurper(): null

2022-11-25 08:49:28 - [TEST_STEP][PASSED] - result = slurper.parseText(req_data.getResponseBodyContent()): null

2022-11-25 08:49:28 - [TEST_STEP][PASSED] - reqid_kons = requestid1: null

2022-11-25 08:49:28 - [TEST_STEP][PASSED] - reqid_spouse = requestid2: null

2022-11-25 08:49:28 - [TEST_STEP][PASSED] - println("requestid kons : " + reqid_kons): null

2022-11-25 08:49:28 - [TEST_STEP][PASSED] - response_searchME_kons = reqid_kons: null

2022-11-25 08:49:28 - [TEST_STEP][PASSED] - response_searchME_spouse = reqid_spouse: null

2022-11-25 08:49:28 - [TEST_STEP][PASSED] - println("kons req id is :" + response_searchME_kons): null

2022-11-25 08:49:28 - [TEST_STEP][PASSED] - println("spouse req id is : " + response_searchME_spouse): null

2022-11-25 08:49:28 - [TEST_STEP][PASSED] - verifyResponseStatusCode(req_data, 200): Verify response status code successfully

2022-11-25 08:49:28 - [MESSAGE][PASSED] - Verify response status code successfully

2022-11-25 08:49:28 - [TEST_STEP][PASSED] - response = req_data.getResponseText(): null

2022-11-25 08:49:28 - [TEST_STEP][PASSED] - logInfo($response): {"status":"Done","data":{"requestid1":"254464","requestid2":"254465"}}

2022-11-25 08:49:28 - [MESSAGE][INFO] - {"status":"Done","data":{"requestid1":"254464","requestid2":"254465"}}

2022-11-25 08:49:28 - [TEST_STEP][PASSED] - delay(5): Delayed 5 second(s)

2022-11-25 08:49:33 - [MESSAGE][PASSED] - Delayed 5 second(s)

2022-11-25 08:49:33 - [TEST_STEP][PASSED] - scoring = sendRequest(findTestObject("EngineScore", ["response_searchME_kons":response_searchME_kons, "response_searchME_spouse":response_searchME_spouse])): Send request successfully

2022-11-25 08:49:33 - [MESSAGE][INFO] - HAR: D:\DMS\Engine Scoring\Reports\20221125_084901\Exclude KKB - DS - Married\Scoring Married - DS\20221125_084901\requests\main\5.har

2022-11-25 08:49:33 - [MESSAGE][PASSED] - Send request successfully

2022-11-25 08:49:33 - [TEST_STEP][PASSED] - verifyResponseStatusCode(scoring, 200): Verify response status code successfully

2022-11-25 08:49:33 - [MESSAGE][PASSED] - Verify response status code successfully

2022-11-25 08:49:33 - [TEST_STEP][PASSED] - response2 = scoring.getResponseText(): null

2022-11-25 08:49:33 - [TEST_STEP][PASSED] - markPassed("result service data ke : " + no): result service data ke : 203

2022-11-25 08:49:33 - [MESSAGE][PASSED] - result service data ke : 203

2022-11-25 08:49:33 - [TEST_STEP][PASSED] - logInfo($response2): {"result_konsumen":"Reguler","result_pasangan":"Reject","Final_result":"Reject","errorMessage":"","status":"Done"}

2022-11-25 08:49:33 - [MESSAGE][INFO] - {"result_konsumen":"Reguler","result_pasangan":"Reject","Final_result":"Reject","errorMessage":"","status":"Done"}

2022-11-25 08:49:33 - [TEST_STEP][PASSED] - verifyElementPropertyValue(scoring, "Final_result", final_result): Verify element property value successfully

2022-11-25 08:49:33 - [MESSAGE][PASSED] - Verify element property value successfully]]></system-out>
         <system-err><![CDATA[]]></system-err>
      </testcase>
      <testcase name="Test Cases/Engine_Scoring/Engine Scoring" time="6.789" classname="Test Cases/Engine_Scoring/Engine Scoring" status="PASSED">
         <system-out><![CDATA[2022-11-25 08:49:33 - [TEST_CASE][PASSED] - Test Cases/Engine_Scoring/Engine Scoring: Test Cases/Engine_Scoring/Engine Scoring

2022-11-25 08:49:34 - [TEST_STEP][PASSED] - markPassed("Variasi data ke : " + no): Variasi data ke : 204

2022-11-25 08:49:34 - [MESSAGE][PASSED] - Variasi data ke : 204

2022-11-25 08:49:34 - [TEST_STEP][PASSED] - req_data = sendRequest(findTestObject("Search_ME", ["MID":MID, "source":source, "ip":ip, "userid":userid, "branch":branch, "tipekons":tipekons, "marital":marital, "penjamin":penjamin, ... ])): Send request successfully

2022-11-25 08:49:34 - [MESSAGE][INFO] - HAR: D:\DMS\Engine Scoring\Reports\20221125_084901\Exclude KKB - DS - Married\Scoring Married - DS\20221125_084901\requests\main\6.har

2022-11-25 08:49:34 - [MESSAGE][PASSED] - Send request successfully

2022-11-25 08:49:34 - [TEST_STEP][PASSED] - slurper = new groovy.json.JsonSlurper(): null

2022-11-25 08:49:34 - [TEST_STEP][PASSED] - result = slurper.parseText(req_data.getResponseBodyContent()): null

2022-11-25 08:49:34 - [TEST_STEP][PASSED] - reqid_kons = requestid1: null

2022-11-25 08:49:34 - [TEST_STEP][PASSED] - reqid_spouse = requestid2: null

2022-11-25 08:49:34 - [TEST_STEP][PASSED] - println("requestid kons : " + reqid_kons): null

2022-11-25 08:49:34 - [TEST_STEP][PASSED] - response_searchME_kons = reqid_kons: null

2022-11-25 08:49:34 - [TEST_STEP][PASSED] - response_searchME_spouse = reqid_spouse: null

2022-11-25 08:49:34 - [TEST_STEP][PASSED] - println("kons req id is :" + response_searchME_kons): null

2022-11-25 08:49:34 - [TEST_STEP][PASSED] - println("spouse req id is : " + response_searchME_spouse): null

2022-11-25 08:49:34 - [TEST_STEP][PASSED] - verifyResponseStatusCode(req_data, 200): Verify response status code successfully

2022-11-25 08:49:34 - [MESSAGE][PASSED] - Verify response status code successfully

2022-11-25 08:49:34 - [TEST_STEP][PASSED] - response = req_data.getResponseText(): null

2022-11-25 08:49:34 - [TEST_STEP][PASSED] - logInfo($response): {"status":"Done","data":{"requestid1":"254466","requestid2":"254467"}}

2022-11-25 08:49:34 - [MESSAGE][INFO] - {"status":"Done","data":{"requestid1":"254466","requestid2":"254467"}}

2022-11-25 08:49:34 - [TEST_STEP][PASSED] - delay(5): Delayed 5 second(s)

2022-11-25 08:49:39 - [MESSAGE][PASSED] - Delayed 5 second(s)

2022-11-25 08:49:39 - [TEST_STEP][PASSED] - scoring = sendRequest(findTestObject("EngineScore", ["response_searchME_kons":response_searchME_kons, "response_searchME_spouse":response_searchME_spouse])): Send request successfully

2022-11-25 08:49:39 - [MESSAGE][INFO] - HAR: D:\DMS\Engine Scoring\Reports\20221125_084901\Exclude KKB - DS - Married\Scoring Married - DS\20221125_084901\requests\main\7.har

2022-11-25 08:49:39 - [MESSAGE][PASSED] - Send request successfully

2022-11-25 08:49:39 - [TEST_STEP][PASSED] - verifyResponseStatusCode(scoring, 200): Verify response status code successfully

2022-11-25 08:49:39 - [MESSAGE][PASSED] - Verify response status code successfully

2022-11-25 08:49:39 - [TEST_STEP][PASSED] - response2 = scoring.getResponseText(): null

2022-11-25 08:49:39 - [TEST_STEP][PASSED] - markPassed("result service data ke : " + no): result service data ke : 204

2022-11-25 08:49:39 - [MESSAGE][PASSED] - result service data ke : 204

2022-11-25 08:49:39 - [TEST_STEP][PASSED] - logInfo($response2): {"result_konsumen":"Reguler","result_pasangan":"Reject","Final_result":"Reject","errorMessage":"","status":"Done"}

2022-11-25 08:49:39 - [MESSAGE][INFO] - {"result_konsumen":"Reguler","result_pasangan":"Reject","Final_result":"Reject","errorMessage":"","status":"Done"}

2022-11-25 08:49:39 - [TEST_STEP][PASSED] - verifyElementPropertyValue(scoring, "Final_result", final_result): Verify element property value successfully

2022-11-25 08:49:40 - [MESSAGE][PASSED] - Verify element property value successfully]]></system-out>
         <system-err><![CDATA[]]></system-err>
      </testcase>
      <testcase name="Test Cases/Engine_Scoring/Engine Scoring" time="6.624" classname="Test Cases/Engine_Scoring/Engine Scoring" status="PASSED">
         <system-out><![CDATA[2022-11-25 08:49:40 - [TEST_CASE][PASSED] - Test Cases/Engine_Scoring/Engine Scoring: Test Cases/Engine_Scoring/Engine Scoring

2022-11-25 08:49:40 - [TEST_STEP][PASSED] - markPassed("Variasi data ke : " + no): Variasi data ke : 205

2022-11-25 08:49:40 - [MESSAGE][PASSED] - Variasi data ke : 205

2022-11-25 08:49:40 - [TEST_STEP][PASSED] - req_data = sendRequest(findTestObject("Search_ME", ["MID":MID, "source":source, "ip":ip, "userid":userid, "branch":branch, "tipekons":tipekons, "marital":marital, "penjamin":penjamin, ... ])): Send request successfully

2022-11-25 08:49:41 - [MESSAGE][INFO] - HAR: D:\DMS\Engine Scoring\Reports\20221125_084901\Exclude KKB - DS - Married\Scoring Married - DS\20221125_084901\requests\main\8.har

2022-11-25 08:49:41 - [MESSAGE][PASSED] - Send request successfully

2022-11-25 08:49:41 - [TEST_STEP][PASSED] - slurper = new groovy.json.JsonSlurper(): null

2022-11-25 08:49:41 - [TEST_STEP][PASSED] - result = slurper.parseText(req_data.getResponseBodyContent()): null

2022-11-25 08:49:41 - [TEST_STEP][PASSED] - reqid_kons = requestid1: null

2022-11-25 08:49:41 - [TEST_STEP][PASSED] - reqid_spouse = requestid2: null

2022-11-25 08:49:41 - [TEST_STEP][PASSED] - println("requestid kons : " + reqid_kons): null

2022-11-25 08:49:41 - [TEST_STEP][PASSED] - response_searchME_kons = reqid_kons: null

2022-11-25 08:49:41 - [TEST_STEP][PASSED] - response_searchME_spouse = reqid_spouse: null

2022-11-25 08:49:41 - [TEST_STEP][PASSED] - println("kons req id is :" + response_searchME_kons): null

2022-11-25 08:49:41 - [TEST_STEP][PASSED] - println("spouse req id is : " + response_searchME_spouse): null

2022-11-25 08:49:41 - [TEST_STEP][PASSED] - verifyResponseStatusCode(req_data, 200): Verify response status code successfully

2022-11-25 08:49:41 - [MESSAGE][PASSED] - Verify response status code successfully

2022-11-25 08:49:41 - [TEST_STEP][PASSED] - response = req_data.getResponseText(): null

2022-11-25 08:49:41 - [TEST_STEP][PASSED] - logInfo($response): {"status":"Done","data":{"requestid1":"254468","requestid2":"254469"}}

2022-11-25 08:49:41 - [MESSAGE][INFO] - {"status":"Done","data":{"requestid1":"254468","requestid2":"254469"}}

2022-11-25 08:49:41 - [TEST_STEP][PASSED] - delay(5): Delayed 5 second(s)

2022-11-25 08:49:46 - [MESSAGE][PASSED] - Delayed 5 second(s)

2022-11-25 08:49:46 - [TEST_STEP][PASSED] - scoring = sendRequest(findTestObject("EngineScore", ["response_searchME_kons":response_searchME_kons, "response_searchME_spouse":response_searchME_spouse])): Send request successfully

2022-11-25 08:49:46 - [MESSAGE][INFO] - HAR: D:\DMS\Engine Scoring\Reports\20221125_084901\Exclude KKB - DS - Married\Scoring Married - DS\20221125_084901\requests\main\9.har

2022-11-25 08:49:46 - [MESSAGE][PASSED] - Send request successfully

2022-11-25 08:49:46 - [TEST_STEP][PASSED] - verifyResponseStatusCode(scoring, 200): Verify response status code successfully

2022-11-25 08:49:46 - [MESSAGE][PASSED] - Verify response status code successfully

2022-11-25 08:49:46 - [TEST_STEP][PASSED] - response2 = scoring.getResponseText(): null

2022-11-25 08:49:46 - [TEST_STEP][PASSED] - markPassed("result service data ke : " + no): result service data ke : 205

2022-11-25 08:49:46 - [MESSAGE][PASSED] - result service data ke : 205

2022-11-25 08:49:46 - [TEST_STEP][PASSED] - logInfo($response2): {"result_konsumen":"Reguler","result_pasangan":"Reguler","Final_result":"Reguler","errorMessage":"","status":"Done"}

2022-11-25 08:49:46 - [MESSAGE][INFO] - {"result_konsumen":"Reguler","result_pasangan":"Reguler","Final_result":"Reguler","errorMessage":"","status":"Done"}

2022-11-25 08:49:46 - [TEST_STEP][PASSED] - verifyElementPropertyValue(scoring, "Final_result", final_result): Verify element property value successfully

2022-11-25 08:49:46 - [MESSAGE][PASSED] - Verify element property value successfully]]></system-out>
         <system-err><![CDATA[]]></system-err>
      </testcase>
      <testcase name="Test Cases/Engine_Scoring/Engine Scoring" time="6.795" classname="Test Cases/Engine_Scoring/Engine Scoring" status="PASSED">
         <system-out><![CDATA[2022-11-25 08:49:46 - [TEST_CASE][PASSED] - Test Cases/Engine_Scoring/Engine Scoring: Test Cases/Engine_Scoring/Engine Scoring

2022-11-25 08:49:47 - [TEST_STEP][PASSED] - markPassed("Variasi data ke : " + no): Variasi data ke : 206

2022-11-25 08:49:47 - [MESSAGE][PASSED] - Variasi data ke : 206

2022-11-25 08:49:47 - [TEST_STEP][PASSED] - req_data = sendRequest(findTestObject("Search_ME", ["MID":MID, "source":source, "ip":ip, "userid":userid, "branch":branch, "tipekons":tipekons, "marital":marital, "penjamin":penjamin, ... ])): Send request successfully

2022-11-25 08:49:48 - [MESSAGE][INFO] - HAR: D:\DMS\Engine Scoring\Reports\20221125_084901\Exclude KKB - DS - Married\Scoring Married - DS\20221125_084901\requests\main\10.har

2022-11-25 08:49:48 - [MESSAGE][PASSED] - Send request successfully

2022-11-25 08:49:48 - [TEST_STEP][PASSED] - slurper = new groovy.json.JsonSlurper(): null

2022-11-25 08:49:48 - [TEST_STEP][PASSED] - result = slurper.parseText(req_data.getResponseBodyContent()): null

2022-11-25 08:49:48 - [TEST_STEP][PASSED] - reqid_kons = requestid1: null

2022-11-25 08:49:48 - [TEST_STEP][PASSED] - reqid_spouse = requestid2: null

2022-11-25 08:49:48 - [TEST_STEP][PASSED] - println("requestid kons : " + reqid_kons): null

2022-11-25 08:49:48 - [TEST_STEP][PASSED] - response_searchME_kons = reqid_kons: null

2022-11-25 08:49:48 - [TEST_STEP][PASSED] - response_searchME_spouse = reqid_spouse: null

2022-11-25 08:49:48 - [TEST_STEP][PASSED] - println("kons req id is :" + response_searchME_kons): null

2022-11-25 08:49:48 - [TEST_STEP][PASSED] - println("spouse req id is : " + response_searchME_spouse): null

2022-11-25 08:49:48 - [TEST_STEP][PASSED] - verifyResponseStatusCode(req_data, 200): Verify response status code successfully

2022-11-25 08:49:48 - [MESSAGE][PASSED] - Verify response status code successfully

2022-11-25 08:49:48 - [TEST_STEP][PASSED] - response = req_data.getResponseText(): null

2022-11-25 08:49:48 - [TEST_STEP][PASSED] - logInfo($response): {"status":"Done","data":{"requestid1":"254470","requestid2":"254471"}}

2022-11-25 08:49:48 - [MESSAGE][INFO] - {"status":"Done","data":{"requestid1":"254470","requestid2":"254471"}}

2022-11-25 08:49:48 - [TEST_STEP][PASSED] - delay(5): Delayed 5 second(s)

2022-11-25 08:49:53 - [MESSAGE][PASSED] - Delayed 5 second(s)

2022-11-25 08:49:53 - [TEST_STEP][PASSED] - scoring = sendRequest(findTestObject("EngineScore", ["response_searchME_kons":response_searchME_kons, "response_searchME_spouse":response_searchME_spouse])): Send request successfully

2022-11-25 08:49:53 - [MESSAGE][INFO] - HAR: D:\DMS\Engine Scoring\Reports\20221125_084901\Exclude KKB - DS - Married\Scoring Married - DS\20221125_084901\requests\main\11.har

2022-11-25 08:49:53 - [MESSAGE][PASSED] - Send request successfully

2022-11-25 08:49:53 - [TEST_STEP][PASSED] - verifyResponseStatusCode(scoring, 200): Verify response status code successfully

2022-11-25 08:49:53 - [MESSAGE][PASSED] - Verify response status code successfully

2022-11-25 08:49:53 - [TEST_STEP][PASSED] - response2 = scoring.getResponseText(): null

2022-11-25 08:49:53 - [TEST_STEP][PASSED] - markPassed("result service data ke : " + no): result service data ke : 206

2022-11-25 08:49:53 - [MESSAGE][PASSED] - result service data ke : 206

2022-11-25 08:49:53 - [TEST_STEP][PASSED] - logInfo($response2): {"result_konsumen":"Reguler","result_pasangan":"Reguler","Final_result":"Reguler","errorMessage":"","status":"Done"}

2022-11-25 08:49:53 - [MESSAGE][INFO] - {"result_konsumen":"Reguler","result_pasangan":"Reguler","Final_result":"Reguler","errorMessage":"","status":"Done"}

2022-11-25 08:49:53 - [TEST_STEP][PASSED] - verifyElementPropertyValue(scoring, "Final_result", final_result): Verify element property value successfully

2022-11-25 08:49:53 - [MESSAGE][PASSED] - Verify element property value successfully]]></system-out>
         <system-err><![CDATA[]]></system-err>
      </testcase>
      <testcase name="Test Cases/Engine_Scoring/Engine Scoring" time="6.625" classname="Test Cases/Engine_Scoring/Engine Scoring" status="PASSED">
         <system-out><![CDATA[2022-11-25 08:49:53 - [TEST_CASE][PASSED] - Test Cases/Engine_Scoring/Engine Scoring: Test Cases/Engine_Scoring/Engine Scoring

2022-11-25 08:49:54 - [TEST_STEP][PASSED] - markPassed("Variasi data ke : " + no): Variasi data ke : 207

2022-11-25 08:49:54 - [MESSAGE][PASSED] - Variasi data ke : 207

2022-11-25 08:49:54 - [TEST_STEP][PASSED] - req_data = sendRequest(findTestObject("Search_ME", ["MID":MID, "source":source, "ip":ip, "userid":userid, "branch":branch, "tipekons":tipekons, "marital":marital, "penjamin":penjamin, ... ])): Send request successfully

2022-11-25 08:49:55 - [MESSAGE][INFO] - HAR: D:\DMS\Engine Scoring\Reports\20221125_084901\Exclude KKB - DS - Married\Scoring Married - DS\20221125_084901\requests\main\12.har

2022-11-25 08:49:55 - [MESSAGE][PASSED] - Send request successfully

2022-11-25 08:49:55 - [TEST_STEP][PASSED] - slurper = new groovy.json.JsonSlurper(): null

2022-11-25 08:49:55 - [TEST_STEP][PASSED] - result = slurper.parseText(req_data.getResponseBodyContent()): null

2022-11-25 08:49:55 - [TEST_STEP][PASSED] - reqid_kons = requestid1: null

2022-11-25 08:49:55 - [TEST_STEP][PASSED] - reqid_spouse = requestid2: null

2022-11-25 08:49:55 - [TEST_STEP][PASSED] - println("requestid kons : " + reqid_kons): null

2022-11-25 08:49:55 - [TEST_STEP][PASSED] - response_searchME_kons = reqid_kons: null

2022-11-25 08:49:55 - [TEST_STEP][PASSED] - response_searchME_spouse = reqid_spouse: null

2022-11-25 08:49:55 - [TEST_STEP][PASSED] - println("kons req id is :" + response_searchME_kons): null

2022-11-25 08:49:55 - [TEST_STEP][PASSED] - println("spouse req id is : " + response_searchME_spouse): null

2022-11-25 08:49:55 - [TEST_STEP][PASSED] - verifyResponseStatusCode(req_data, 200): Verify response status code successfully

2022-11-25 08:49:55 - [MESSAGE][PASSED] - Verify response status code successfully

2022-11-25 08:49:55 - [TEST_STEP][PASSED] - response = req_data.getResponseText(): null

2022-11-25 08:49:55 - [TEST_STEP][PASSED] - logInfo($response): {"status":"Done","data":{"requestid1":"254472","requestid2":"254473"}}

2022-11-25 08:49:55 - [MESSAGE][INFO] - {"status":"Done","data":{"requestid1":"254472","requestid2":"254473"}}

2022-11-25 08:49:55 - [TEST_STEP][PASSED] - delay(5): Delayed 5 second(s)

2022-11-25 08:50:00 - [MESSAGE][PASSED] - Delayed 5 second(s)

2022-11-25 08:50:00 - [TEST_STEP][PASSED] - scoring = sendRequest(findTestObject("EngineScore", ["response_searchME_kons":response_searchME_kons, "response_searchME_spouse":response_searchME_spouse])): Send request successfully

2022-11-25 08:50:00 - [MESSAGE][INFO] - HAR: D:\DMS\Engine Scoring\Reports\20221125_084901\Exclude KKB - DS - Married\Scoring Married - DS\20221125_084901\requests\main\13.har

2022-11-25 08:50:00 - [MESSAGE][PASSED] - Send request successfully

2022-11-25 08:50:00 - [TEST_STEP][PASSED] - verifyResponseStatusCode(scoring, 200): Verify response status code successfully

2022-11-25 08:50:00 - [MESSAGE][PASSED] - Verify response status code successfully

2022-11-25 08:50:00 - [TEST_STEP][PASSED] - response2 = scoring.getResponseText(): null

2022-11-25 08:50:00 - [TEST_STEP][PASSED] - markPassed("result service data ke : " + no): result service data ke : 207

2022-11-25 08:50:00 - [MESSAGE][PASSED] - result service data ke : 207

2022-11-25 08:50:00 - [TEST_STEP][PASSED] - logInfo($response2): {"result_konsumen":"Reguler","result_pasangan":"Reguler","Final_result":"Reguler","errorMessage":"","status":"Done"}

2022-11-25 08:50:00 - [MESSAGE][INFO] - {"result_konsumen":"Reguler","result_pasangan":"Reguler","Final_result":"Reguler","errorMessage":"","status":"Done"}

2022-11-25 08:50:00 - [TEST_STEP][PASSED] - verifyElementPropertyValue(scoring, "Final_result", final_result): Verify element property value successfully

2022-11-25 08:50:00 - [MESSAGE][PASSED] - Verify element property value successfully]]></system-out>
         <system-err><![CDATA[]]></system-err>
      </testcase>
      <testcase name="Test Cases/Engine_Scoring/Engine Scoring" time="6.593" classname="Test Cases/Engine_Scoring/Engine Scoring" status="PASSED">
         <system-out><![CDATA[2022-11-25 08:50:00 - [TEST_CASE][PASSED] - Test Cases/Engine_Scoring/Engine Scoring: Test Cases/Engine_Scoring/Engine Scoring

2022-11-25 08:50:01 - [TEST_STEP][PASSED] - markPassed("Variasi data ke : " + no): Variasi data ke : 208

2022-11-25 08:50:01 - [MESSAGE][PASSED] - Variasi data ke : 208

2022-11-25 08:50:01 - [TEST_STEP][PASSED] - req_data = sendRequest(findTestObject("Search_ME", ["MID":MID, "source":source, "ip":ip, "userid":userid, "branch":branch, "tipekons":tipekons, "marital":marital, "penjamin":penjamin, ... ])): Send request successfully

2022-11-25 08:50:01 - [MESSAGE][INFO] - HAR: D:\DMS\Engine Scoring\Reports\20221125_084901\Exclude KKB - DS - Married\Scoring Married - DS\20221125_084901\requests\main\14.har

2022-11-25 08:50:01 - [MESSAGE][PASSED] - Send request successfully

2022-11-25 08:50:01 - [TEST_STEP][PASSED] - slurper = new groovy.json.JsonSlurper(): null

2022-11-25 08:50:01 - [TEST_STEP][PASSED] - result = slurper.parseText(req_data.getResponseBodyContent()): null

2022-11-25 08:50:01 - [TEST_STEP][PASSED] - reqid_kons = requestid1: null

2022-11-25 08:50:01 - [TEST_STEP][PASSED] - reqid_spouse = requestid2: null

2022-11-25 08:50:01 - [TEST_STEP][PASSED] - println("requestid kons : " + reqid_kons): null

2022-11-25 08:50:01 - [TEST_STEP][PASSED] - response_searchME_kons = reqid_kons: null

2022-11-25 08:50:01 - [TEST_STEP][PASSED] - response_searchME_spouse = reqid_spouse: null

2022-11-25 08:50:01 - [TEST_STEP][PASSED] - println("kons req id is :" + response_searchME_kons): null

2022-11-25 08:50:01 - [TEST_STEP][PASSED] - println("spouse req id is : " + response_searchME_spouse): null

2022-11-25 08:50:01 - [TEST_STEP][PASSED] - verifyResponseStatusCode(req_data, 200): Verify response status code successfully

2022-11-25 08:50:01 - [MESSAGE][PASSED] - Verify response status code successfully

2022-11-25 08:50:01 - [TEST_STEP][PASSED] - response = req_data.getResponseText(): null

2022-11-25 08:50:01 - [TEST_STEP][PASSED] - logInfo($response): {"status":"Done","data":{"requestid1":"254474","requestid2":"254475"}}

2022-11-25 08:50:01 - [MESSAGE][INFO] - {"status":"Done","data":{"requestid1":"254474","requestid2":"254475"}}

2022-11-25 08:50:01 - [TEST_STEP][PASSED] - delay(5): Delayed 5 second(s)

2022-11-25 08:50:06 - [MESSAGE][PASSED] - Delayed 5 second(s)

2022-11-25 08:50:06 - [TEST_STEP][PASSED] - scoring = sendRequest(findTestObject("EngineScore", ["response_searchME_kons":response_searchME_kons, "response_searchME_spouse":response_searchME_spouse])): Send request successfully

2022-11-25 08:50:06 - [MESSAGE][INFO] - HAR: D:\DMS\Engine Scoring\Reports\20221125_084901\Exclude KKB - DS - Married\Scoring Married - DS\20221125_084901\requests\main\15.har

2022-11-25 08:50:06 - [MESSAGE][PASSED] - Send request successfully

2022-11-25 08:50:06 - [TEST_STEP][PASSED] - verifyResponseStatusCode(scoring, 200): Verify response status code successfully

2022-11-25 08:50:06 - [MESSAGE][PASSED] - Verify response status code successfully

2022-11-25 08:50:06 - [TEST_STEP][PASSED] - response2 = scoring.getResponseText(): null

2022-11-25 08:50:06 - [TEST_STEP][PASSED] - markPassed("result service data ke : " + no): result service data ke : 208

2022-11-25 08:50:06 - [MESSAGE][PASSED] - result service data ke : 208

2022-11-25 08:50:06 - [TEST_STEP][PASSED] - logInfo($response2): {"result_konsumen":"Reguler","result_pasangan":"Reject","Final_result":"Reject","errorMessage":"","status":"Done"}

2022-11-25 08:50:06 - [MESSAGE][INFO] - {"result_konsumen":"Reguler","result_pasangan":"Reject","Final_result":"Reject","errorMessage":"","status":"Done"}

2022-11-25 08:50:06 - [TEST_STEP][PASSED] - verifyElementPropertyValue(scoring, "Final_result", final_result): Verify element property value successfully

2022-11-25 08:50:06 - [MESSAGE][PASSED] - Verify element property value successfully]]></system-out>
         <system-err><![CDATA[]]></system-err>
      </testcase>
      <testcase name="Test Cases/Engine_Scoring/Engine Scoring" time="6.7" classname="Test Cases/Engine_Scoring/Engine Scoring" status="PASSED">
         <system-out><![CDATA[2022-11-25 08:50:06 - [TEST_CASE][PASSED] - Test Cases/Engine_Scoring/Engine Scoring: Test Cases/Engine_Scoring/Engine Scoring

2022-11-25 08:50:07 - [TEST_STEP][PASSED] - markPassed("Variasi data ke : " + no): Variasi data ke : 209

2022-11-25 08:50:07 - [MESSAGE][PASSED] - Variasi data ke : 209

2022-11-25 08:50:07 - [TEST_STEP][PASSED] - req_data = sendRequest(findTestObject("Search_ME", ["MID":MID, "source":source, "ip":ip, "userid":userid, "branch":branch, "tipekons":tipekons, "marital":marital, "penjamin":penjamin, ... ])): Send request successfully

2022-11-25 08:50:08 - [MESSAGE][INFO] - HAR: D:\DMS\Engine Scoring\Reports\20221125_084901\Exclude KKB - DS - Married\Scoring Married - DS\20221125_084901\requests\main\16.har

2022-11-25 08:50:08 - [MESSAGE][PASSED] - Send request successfully

2022-11-25 08:50:08 - [TEST_STEP][PASSED] - slurper = new groovy.json.JsonSlurper(): null

2022-11-25 08:50:08 - [TEST_STEP][PASSED] - result = slurper.parseText(req_data.getResponseBodyContent()): null

2022-11-25 08:50:08 - [TEST_STEP][PASSED] - reqid_kons = requestid1: null

2022-11-25 08:50:08 - [TEST_STEP][PASSED] - reqid_spouse = requestid2: null

2022-11-25 08:50:08 - [TEST_STEP][PASSED] - println("requestid kons : " + reqid_kons): null

2022-11-25 08:50:08 - [TEST_STEP][PASSED] - response_searchME_kons = reqid_kons: null

2022-11-25 08:50:08 - [TEST_STEP][PASSED] - response_searchME_spouse = reqid_spouse: null

2022-11-25 08:50:08 - [TEST_STEP][PASSED] - println("kons req id is :" + response_searchME_kons): null

2022-11-25 08:50:08 - [TEST_STEP][PASSED] - println("spouse req id is : " + response_searchME_spouse): null

2022-11-25 08:50:08 - [TEST_STEP][PASSED] - verifyResponseStatusCode(req_data, 200): Verify response status code successfully

2022-11-25 08:50:08 - [MESSAGE][PASSED] - Verify response status code successfully

2022-11-25 08:50:08 - [TEST_STEP][PASSED] - response = req_data.getResponseText(): null

2022-11-25 08:50:08 - [TEST_STEP][PASSED] - logInfo($response): {"status":"Done","data":{"requestid1":"254476","requestid2":"254477"}}

2022-11-25 08:50:08 - [MESSAGE][INFO] - {"status":"Done","data":{"requestid1":"254476","requestid2":"254477"}}

2022-11-25 08:50:08 - [TEST_STEP][PASSED] - delay(5): Delayed 5 second(s)

2022-11-25 08:50:13 - [MESSAGE][PASSED] - Delayed 5 second(s)

2022-11-25 08:50:13 - [TEST_STEP][PASSED] - scoring = sendRequest(findTestObject("EngineScore", ["response_searchME_kons":response_searchME_kons, "response_searchME_spouse":response_searchME_spouse])): Send request successfully

2022-11-25 08:50:13 - [MESSAGE][INFO] - HAR: D:\DMS\Engine Scoring\Reports\20221125_084901\Exclude KKB - DS - Married\Scoring Married - DS\20221125_084901\requests\main\17.har

2022-11-25 08:50:13 - [MESSAGE][PASSED] - Send request successfully

2022-11-25 08:50:13 - [TEST_STEP][PASSED] - verifyResponseStatusCode(scoring, 200): Verify response status code successfully

2022-11-25 08:50:13 - [MESSAGE][PASSED] - Verify response status code successfully

2022-11-25 08:50:13 - [TEST_STEP][PASSED] - response2 = scoring.getResponseText(): null

2022-11-25 08:50:13 - [TEST_STEP][PASSED] - markPassed("result service data ke : " + no): result service data ke : 209

2022-11-25 08:50:13 - [MESSAGE][PASSED] - result service data ke : 209

2022-11-25 08:50:13 - [TEST_STEP][PASSED] - logInfo($response2): {"result_konsumen":"Reguler","result_pasangan":"Reject","Final_result":"Reject","errorMessage":"","status":"Done"}

2022-11-25 08:50:13 - [MESSAGE][INFO] - {"result_konsumen":"Reguler","result_pasangan":"Reject","Final_result":"Reject","errorMessage":"","status":"Done"}

2022-11-25 08:50:13 - [TEST_STEP][PASSED] - verifyElementPropertyValue(scoring, "Final_result", final_result): Verify element property value successfully

2022-11-25 08:50:13 - [MESSAGE][PASSED] - Verify element property value successfully]]></system-out>
         <system-err><![CDATA[]]></system-err>
      </testcase>
      <testcase name="Test Cases/Engine_Scoring/Engine Scoring" time="6.646" classname="Test Cases/Engine_Scoring/Engine Scoring" status="PASSED">
         <system-out><![CDATA[2022-11-25 08:50:13 - [TEST_CASE][PASSED] - Test Cases/Engine_Scoring/Engine Scoring: Test Cases/Engine_Scoring/Engine Scoring

2022-11-25 08:50:14 - [TEST_STEP][PASSED] - markPassed("Variasi data ke : " + no): Variasi data ke : 210

2022-11-25 08:50:14 - [MESSAGE][PASSED] - Variasi data ke : 210

2022-11-25 08:50:14 - [TEST_STEP][PASSED] - req_data = sendRequest(findTestObject("Search_ME", ["MID":MID, "source":source, "ip":ip, "userid":userid, "branch":branch, "tipekons":tipekons, "marital":marital, "penjamin":penjamin, ... ])): Send request successfully

2022-11-25 08:50:15 - [MESSAGE][INFO] - HAR: D:\DMS\Engine Scoring\Reports\20221125_084901\Exclude KKB - DS - Married\Scoring Married - DS\20221125_084901\requests\main\18.har

2022-11-25 08:50:15 - [MESSAGE][PASSED] - Send request successfully

2022-11-25 08:50:15 - [TEST_STEP][PASSED] - slurper = new groovy.json.JsonSlurper(): null

2022-11-25 08:50:15 - [TEST_STEP][PASSED] - result = slurper.parseText(req_data.getResponseBodyContent()): null

2022-11-25 08:50:15 - [TEST_STEP][PASSED] - reqid_kons = requestid1: null

2022-11-25 08:50:15 - [TEST_STEP][PASSED] - reqid_spouse = requestid2: null

2022-11-25 08:50:15 - [TEST_STEP][PASSED] - println("requestid kons : " + reqid_kons): null

2022-11-25 08:50:15 - [TEST_STEP][PASSED] - response_searchME_kons = reqid_kons: null

2022-11-25 08:50:15 - [TEST_STEP][PASSED] - response_searchME_spouse = reqid_spouse: null

2022-11-25 08:50:15 - [TEST_STEP][PASSED] - println("kons req id is :" + response_searchME_kons): null

2022-11-25 08:50:15 - [TEST_STEP][PASSED] - println("spouse req id is : " + response_searchME_spouse): null

2022-11-25 08:50:15 - [TEST_STEP][PASSED] - verifyResponseStatusCode(req_data, 200): Verify response status code successfully

2022-11-25 08:50:15 - [MESSAGE][PASSED] - Verify response status code successfully

2022-11-25 08:50:15 - [TEST_STEP][PASSED] - response = req_data.getResponseText(): null

2022-11-25 08:50:15 - [TEST_STEP][PASSED] - logInfo($response): {"status":"Done","data":{"requestid1":"254478","requestid2":"254479"}}

2022-11-25 08:50:15 - [MESSAGE][INFO] - {"status":"Done","data":{"requestid1":"254478","requestid2":"254479"}}

2022-11-25 08:50:15 - [TEST_STEP][PASSED] - delay(5): Delayed 5 second(s)

2022-11-25 08:50:20 - [MESSAGE][PASSED] - Delayed 5 second(s)

2022-11-25 08:50:20 - [TEST_STEP][PASSED] - scoring = sendRequest(findTestObject("EngineScore", ["response_searchME_kons":response_searchME_kons, "response_searchME_spouse":response_searchME_spouse])): Send request successfully

2022-11-25 08:50:20 - [MESSAGE][INFO] - HAR: D:\DMS\Engine Scoring\Reports\20221125_084901\Exclude KKB - DS - Married\Scoring Married - DS\20221125_084901\requests\main\19.har

2022-11-25 08:50:20 - [MESSAGE][PASSED] - Send request successfully

2022-11-25 08:50:20 - [TEST_STEP][PASSED] - verifyResponseStatusCode(scoring, 200): Verify response status code successfully

2022-11-25 08:50:20 - [MESSAGE][PASSED] - Verify response status code successfully

2022-11-25 08:50:20 - [TEST_STEP][PASSED] - response2 = scoring.getResponseText(): null

2022-11-25 08:50:20 - [TEST_STEP][PASSED] - markPassed("result service data ke : " + no): result service data ke : 210

2022-11-25 08:50:20 - [MESSAGE][PASSED] - result service data ke : 210

2022-11-25 08:50:20 - [TEST_STEP][PASSED] - logInfo($response2): {"result_konsumen":"Reguler","result_pasangan":"Reject","Final_result":"Reject","errorMessage":"","status":"Done"}

2022-11-25 08:50:20 - [MESSAGE][INFO] - {"result_konsumen":"Reguler","result_pasangan":"Reject","Final_result":"Reject","errorMessage":"","status":"Done"}

2022-11-25 08:50:20 - [TEST_STEP][PASSED] - verifyElementPropertyValue(scoring, "Final_result", final_result): Verify element property value successfully

2022-11-25 08:50:20 - [MESSAGE][PASSED] - Verify element property value successfully]]></system-out>
         <system-err><![CDATA[]]></system-err>
      </testcase>
      <testcase name="Test Cases/Engine_Scoring/Engine Scoring" time="6.584" classname="Test Cases/Engine_Scoring/Engine Scoring" status="PASSED">
         <system-out><![CDATA[2022-11-25 08:50:20 - [TEST_CASE][PASSED] - Test Cases/Engine_Scoring/Engine Scoring: Test Cases/Engine_Scoring/Engine Scoring

2022-11-25 08:50:21 - [TEST_STEP][PASSED] - markPassed("Variasi data ke : " + no): Variasi data ke : 211

2022-11-25 08:50:21 - [MESSAGE][PASSED] - Variasi data ke : 211

2022-11-25 08:50:21 - [TEST_STEP][PASSED] - req_data = sendRequest(findTestObject("Search_ME", ["MID":MID, "source":source, "ip":ip, "userid":userid, "branch":branch, "tipekons":tipekons, "marital":marital, "penjamin":penjamin, ... ])): Send request successfully

2022-11-25 08:50:21 - [MESSAGE][INFO] - HAR: D:\DMS\Engine Scoring\Reports\20221125_084901\Exclude KKB - DS - Married\Scoring Married - DS\20221125_084901\requests\main\20.har

2022-11-25 08:50:21 - [MESSAGE][PASSED] - Send request successfully

2022-11-25 08:50:21 - [TEST_STEP][PASSED] - slurper = new groovy.json.JsonSlurper(): null

2022-11-25 08:50:21 - [TEST_STEP][PASSED] - result = slurper.parseText(req_data.getResponseBodyContent()): null

2022-11-25 08:50:21 - [TEST_STEP][PASSED] - reqid_kons = requestid1: null

2022-11-25 08:50:21 - [TEST_STEP][PASSED] - reqid_spouse = requestid2: null

2022-11-25 08:50:21 - [TEST_STEP][PASSED] - println("requestid kons : " + reqid_kons): null

2022-11-25 08:50:21 - [TEST_STEP][PASSED] - response_searchME_kons = reqid_kons: null

2022-11-25 08:50:21 - [TEST_STEP][PASSED] - response_searchME_spouse = reqid_spouse: null

2022-11-25 08:50:21 - [TEST_STEP][PASSED] - println("kons req id is :" + response_searchME_kons): null

2022-11-25 08:50:21 - [TEST_STEP][PASSED] - println("spouse req id is : " + response_searchME_spouse): null

2022-11-25 08:50:21 - [TEST_STEP][PASSED] - verifyResponseStatusCode(req_data, 200): Verify response status code successfully

2022-11-25 08:50:21 - [MESSAGE][PASSED] - Verify response status code successfully

2022-11-25 08:50:21 - [TEST_STEP][PASSED] - response = req_data.getResponseText(): null

2022-11-25 08:50:21 - [TEST_STEP][PASSED] - logInfo($response): {"status":"Done","data":{"requestid1":"254480","requestid2":"254481"}}

2022-11-25 08:50:21 - [MESSAGE][INFO] - {"status":"Done","data":{"requestid1":"254480","requestid2":"254481"}}

2022-11-25 08:50:21 - [TEST_STEP][PASSED] - delay(5): Delayed 5 second(s)

2022-11-25 08:50:26 - [MESSAGE][PASSED] - Delayed 5 second(s)

2022-11-25 08:50:26 - [TEST_STEP][PASSED] - scoring = sendRequest(findTestObject("EngineScore", ["response_searchME_kons":response_searchME_kons, "response_searchME_spouse":response_searchME_spouse])): Send request successfully

2022-11-25 08:50:27 - [MESSAGE][INFO] - HAR: D:\DMS\Engine Scoring\Reports\20221125_084901\Exclude KKB - DS - Married\Scoring Married - DS\20221125_084901\requests\main\21.har

2022-11-25 08:50:27 - [MESSAGE][PASSED] - Send request successfully

2022-11-25 08:50:27 - [TEST_STEP][PASSED] - verifyResponseStatusCode(scoring, 200): Verify response status code successfully

2022-11-25 08:50:27 - [MESSAGE][PASSED] - Verify response status code successfully

2022-11-25 08:50:27 - [TEST_STEP][PASSED] - response2 = scoring.getResponseText(): null

2022-11-25 08:50:27 - [TEST_STEP][PASSED] - markPassed("result service data ke : " + no): result service data ke : 211

2022-11-25 08:50:27 - [MESSAGE][PASSED] - result service data ke : 211

2022-11-25 08:50:27 - [TEST_STEP][PASSED] - logInfo($response2): {"result_konsumen":"Reguler","result_pasangan":"Reject","Final_result":"Reject","errorMessage":"","status":"Done"}

2022-11-25 08:50:27 - [MESSAGE][INFO] - {"result_konsumen":"Reguler","result_pasangan":"Reject","Final_result":"Reject","errorMessage":"","status":"Done"}

2022-11-25 08:50:27 - [TEST_STEP][PASSED] - verifyElementPropertyValue(scoring, "Final_result", final_result): Verify element property value successfully

2022-11-25 08:50:27 - [MESSAGE][PASSED] - Verify element property value successfully]]></system-out>
         <system-err><![CDATA[]]></system-err>
      </testcase>
      <testcase name="Test Cases/Engine_Scoring/Engine Scoring" time="7.404" classname="Test Cases/Engine_Scoring/Engine Scoring" status="PASSED">
         <system-out><![CDATA[2022-11-25 08:50:27 - [TEST_CASE][PASSED] - Test Cases/Engine_Scoring/Engine Scoring: Test Cases/Engine_Scoring/Engine Scoring

2022-11-25 08:50:28 - [TEST_STEP][PASSED] - markPassed("Variasi data ke : " + no): Variasi data ke : 212

2022-11-25 08:50:28 - [MESSAGE][PASSED] - Variasi data ke : 212

2022-11-25 08:50:28 - [TEST_STEP][PASSED] - req_data = sendRequest(findTestObject("Search_ME", ["MID":MID, "source":source, "ip":ip, "userid":userid, "branch":branch, "tipekons":tipekons, "marital":marital, "penjamin":penjamin, ... ])): Send request successfully

2022-11-25 08:50:29 - [MESSAGE][INFO] - HAR: D:\DMS\Engine Scoring\Reports\20221125_084901\Exclude KKB - DS - Married\Scoring Married - DS\20221125_084901\requests\main\22.har

2022-11-25 08:50:29 - [MESSAGE][PASSED] - Send request successfully

2022-11-25 08:50:29 - [TEST_STEP][PASSED] - slurper = new groovy.json.JsonSlurper(): null

2022-11-25 08:50:29 - [TEST_STEP][PASSED] - result = slurper.parseText(req_data.getResponseBodyContent()): null

2022-11-25 08:50:29 - [TEST_STEP][PASSED] - reqid_kons = requestid1: null

2022-11-25 08:50:29 - [TEST_STEP][PASSED] - reqid_spouse = requestid2: null

2022-11-25 08:50:29 - [TEST_STEP][PASSED] - println("requestid kons : " + reqid_kons): null

2022-11-25 08:50:29 - [TEST_STEP][PASSED] - response_searchME_kons = reqid_kons: null

2022-11-25 08:50:29 - [TEST_STEP][PASSED] - response_searchME_spouse = reqid_spouse: null

2022-11-25 08:50:29 - [TEST_STEP][PASSED] - println("kons req id is :" + response_searchME_kons): null

2022-11-25 08:50:29 - [TEST_STEP][PASSED] - println("spouse req id is : " + response_searchME_spouse): null

2022-11-25 08:50:29 - [TEST_STEP][PASSED] - verifyResponseStatusCode(req_data, 200): Verify response status code successfully

2022-11-25 08:50:29 - [MESSAGE][PASSED] - Verify response status code successfully

2022-11-25 08:50:29 - [TEST_STEP][PASSED] - response = req_data.getResponseText(): null

2022-11-25 08:50:29 - [TEST_STEP][PASSED] - logInfo($response): {"status":"Done","data":{"requestid1":"254482","requestid2":"254483"}}

2022-11-25 08:50:29 - [MESSAGE][INFO] - {"status":"Done","data":{"requestid1":"254482","requestid2":"254483"}}

2022-11-25 08:50:29 - [TEST_STEP][PASSED] - delay(5): Delayed 5 second(s)

2022-11-25 08:50:34 - [MESSAGE][PASSED] - Delayed 5 second(s)

2022-11-25 08:50:34 - [TEST_STEP][PASSED] - scoring = sendRequest(findTestObject("EngineScore", ["response_searchME_kons":response_searchME_kons, "response_searchME_spouse":response_searchME_spouse])): Send request successfully

2022-11-25 08:50:34 - [MESSAGE][INFO] - HAR: D:\DMS\Engine Scoring\Reports\20221125_084901\Exclude KKB - DS - Married\Scoring Married - DS\20221125_084901\requests\main\23.har

2022-11-25 08:50:34 - [MESSAGE][PASSED] - Send request successfully

2022-11-25 08:50:34 - [TEST_STEP][PASSED] - verifyResponseStatusCode(scoring, 200): Verify response status code successfully

2022-11-25 08:50:34 - [MESSAGE][PASSED] - Verify response status code successfully

2022-11-25 08:50:34 - [TEST_STEP][PASSED] - response2 = scoring.getResponseText(): null

2022-11-25 08:50:34 - [TEST_STEP][PASSED] - markPassed("result service data ke : " + no): result service data ke : 212

2022-11-25 08:50:34 - [MESSAGE][PASSED] - result service data ke : 212

2022-11-25 08:50:34 - [TEST_STEP][PASSED] - logInfo($response2): {"result_konsumen":"Reguler","result_pasangan":"Reject","Final_result":"Reject","errorMessage":"","status":"Done"}

2022-11-25 08:50:34 - [MESSAGE][INFO] - {"result_konsumen":"Reguler","result_pasangan":"Reject","Final_result":"Reject","errorMessage":"","status":"Done"}

2022-11-25 08:50:34 - [TEST_STEP][PASSED] - verifyElementPropertyValue(scoring, "Final_result", final_result): Verify element property value successfully

2022-11-25 08:50:34 - [MESSAGE][PASSED] - Verify element property value successfully]]></system-out>
         <system-err><![CDATA[]]></system-err>
      </testcase>
      <testcase name="Test Cases/Engine_Scoring/Engine Scoring" time="6.631" classname="Test Cases/Engine_Scoring/Engine Scoring" status="PASSED">
         <system-out><![CDATA[2022-11-25 08:50:34 - [TEST_CASE][PASSED] - Test Cases/Engine_Scoring/Engine Scoring: Test Cases/Engine_Scoring/Engine Scoring

2022-11-25 08:50:35 - [TEST_STEP][PASSED] - markPassed("Variasi data ke : " + no): Variasi data ke : 213

2022-11-25 08:50:35 - [MESSAGE][PASSED] - Variasi data ke : 213

2022-11-25 08:50:35 - [TEST_STEP][PASSED] - req_data = sendRequest(findTestObject("Search_ME", ["MID":MID, "source":source, "ip":ip, "userid":userid, "branch":branch, "tipekons":tipekons, "marital":marital, "penjamin":penjamin, ... ])): Send request successfully

2022-11-25 08:50:36 - [MESSAGE][INFO] - HAR: D:\DMS\Engine Scoring\Reports\20221125_084901\Exclude KKB - DS - Married\Scoring Married - DS\20221125_084901\requests\main\24.har

2022-11-25 08:50:36 - [MESSAGE][PASSED] - Send request successfully

2022-11-25 08:50:36 - [TEST_STEP][PASSED] - slurper = new groovy.json.JsonSlurper(): null

2022-11-25 08:50:36 - [TEST_STEP][PASSED] - result = slurper.parseText(req_data.getResponseBodyContent()): null

2022-11-25 08:50:36 - [TEST_STEP][PASSED] - reqid_kons = requestid1: null

2022-11-25 08:50:36 - [TEST_STEP][PASSED] - reqid_spouse = requestid2: null

2022-11-25 08:50:36 - [TEST_STEP][PASSED] - println("requestid kons : " + reqid_kons): null

2022-11-25 08:50:36 - [TEST_STEP][PASSED] - response_searchME_kons = reqid_kons: null

2022-11-25 08:50:36 - [TEST_STEP][PASSED] - response_searchME_spouse = reqid_spouse: null

2022-11-25 08:50:36 - [TEST_STEP][PASSED] - println("kons req id is :" + response_searchME_kons): null

2022-11-25 08:50:36 - [TEST_STEP][PASSED] - println("spouse req id is : " + response_searchME_spouse): null

2022-11-25 08:50:36 - [TEST_STEP][PASSED] - verifyResponseStatusCode(req_data, 200): Verify response status code successfully

2022-11-25 08:50:36 - [MESSAGE][PASSED] - Verify response status code successfully

2022-11-25 08:50:36 - [TEST_STEP][PASSED] - response = req_data.getResponseText(): null

2022-11-25 08:50:36 - [TEST_STEP][PASSED] - logInfo($response): {"status":"Done","data":{"requestid1":"254484","requestid2":"254485"}}

2022-11-25 08:50:36 - [MESSAGE][INFO] - {"status":"Done","data":{"requestid1":"254484","requestid2":"254485"}}

2022-11-25 08:50:36 - [TEST_STEP][PASSED] - delay(5): Delayed 5 second(s)

2022-11-25 08:50:41 - [MESSAGE][PASSED] - Delayed 5 second(s)

2022-11-25 08:50:41 - [TEST_STEP][PASSED] - scoring = sendRequest(findTestObject("EngineScore", ["response_searchME_kons":response_searchME_kons, "response_searchME_spouse":response_searchME_spouse])): Send request successfully

2022-11-25 08:50:41 - [MESSAGE][INFO] - HAR: D:\DMS\Engine Scoring\Reports\20221125_084901\Exclude KKB - DS - Married\Scoring Married - DS\20221125_084901\requests\main\25.har

2022-11-25 08:50:41 - [MESSAGE][PASSED] - Send request successfully

2022-11-25 08:50:41 - [TEST_STEP][PASSED] - verifyResponseStatusCode(scoring, 200): Verify response status code successfully

2022-11-25 08:50:41 - [MESSAGE][PASSED] - Verify response status code successfully

2022-11-25 08:50:41 - [TEST_STEP][PASSED] - response2 = scoring.getResponseText(): null

2022-11-25 08:50:41 - [TEST_STEP][PASSED] - markPassed("result service data ke : " + no): result service data ke : 213

2022-11-25 08:50:41 - [MESSAGE][PASSED] - result service data ke : 213

2022-11-25 08:50:41 - [TEST_STEP][PASSED] - logInfo($response2): {"result_konsumen":"Reguler","result_pasangan":"Reject","Final_result":"Reject","errorMessage":"","status":"Done"}

2022-11-25 08:50:41 - [MESSAGE][INFO] - {"result_konsumen":"Reguler","result_pasangan":"Reject","Final_result":"Reject","errorMessage":"","status":"Done"}

2022-11-25 08:50:41 - [TEST_STEP][PASSED] - verifyElementPropertyValue(scoring, "Final_result", final_result): Verify element property value successfully

2022-11-25 08:50:41 - [MESSAGE][PASSED] - Verify element property value successfully]]></system-out>
         <system-err><![CDATA[]]></system-err>
      </testcase>
      <testcase name="Test Cases/Engine_Scoring/Engine Scoring" time="6.604" classname="Test Cases/Engine_Scoring/Engine Scoring" status="PASSED">
         <system-out><![CDATA[2022-11-25 08:50:41 - [TEST_CASE][PASSED] - Test Cases/Engine_Scoring/Engine Scoring: Test Cases/Engine_Scoring/Engine Scoring

2022-11-25 08:50:41 - [TEST_STEP][PASSED] - markPassed("Variasi data ke : " + no): Variasi data ke : 214

2022-11-25 08:50:41 - [MESSAGE][PASSED] - Variasi data ke : 214

2022-11-25 08:50:41 - [TEST_STEP][PASSED] - req_data = sendRequest(findTestObject("Search_ME", ["MID":MID, "source":source, "ip":ip, "userid":userid, "branch":branch, "tipekons":tipekons, "marital":marital, "penjamin":penjamin, ... ])): Send request successfully

2022-11-25 08:50:42 - [MESSAGE][INFO] - HAR: D:\DMS\Engine Scoring\Reports\20221125_084901\Exclude KKB - DS - Married\Scoring Married - DS\20221125_084901\requests\main\26.har

2022-11-25 08:50:42 - [MESSAGE][PASSED] - Send request successfully

2022-11-25 08:50:42 - [TEST_STEP][PASSED] - slurper = new groovy.json.JsonSlurper(): null

2022-11-25 08:50:42 - [TEST_STEP][PASSED] - result = slurper.parseText(req_data.getResponseBodyContent()): null

2022-11-25 08:50:42 - [TEST_STEP][PASSED] - reqid_kons = requestid1: null

2022-11-25 08:50:42 - [TEST_STEP][PASSED] - reqid_spouse = requestid2: null

2022-11-25 08:50:42 - [TEST_STEP][PASSED] - println("requestid kons : " + reqid_kons): null

2022-11-25 08:50:42 - [TEST_STEP][PASSED] - response_searchME_kons = reqid_kons: null

2022-11-25 08:50:42 - [TEST_STEP][PASSED] - response_searchME_spouse = reqid_spouse: null

2022-11-25 08:50:42 - [TEST_STEP][PASSED] - println("kons req id is :" + response_searchME_kons): null

2022-11-25 08:50:42 - [TEST_STEP][PASSED] - println("spouse req id is : " + response_searchME_spouse): null

2022-11-25 08:50:42 - [TEST_STEP][PASSED] - verifyResponseStatusCode(req_data, 200): Verify response status code successfully

2022-11-25 08:50:42 - [MESSAGE][PASSED] - Verify response status code successfully

2022-11-25 08:50:42 - [TEST_STEP][PASSED] - response = req_data.getResponseText(): null

2022-11-25 08:50:42 - [TEST_STEP][PASSED] - logInfo($response): {"status":"Done","data":{"requestid1":"254486","requestid2":"254487"}}

2022-11-25 08:50:42 - [MESSAGE][INFO] - {"status":"Done","data":{"requestid1":"254486","requestid2":"254487"}}

2022-11-25 08:50:42 - [TEST_STEP][PASSED] - delay(5): Delayed 5 second(s)

2022-11-25 08:50:47 - [MESSAGE][PASSED] - Delayed 5 second(s)

2022-11-25 08:50:47 - [TEST_STEP][PASSED] - scoring = sendRequest(findTestObject("EngineScore", ["response_searchME_kons":response_searchME_kons, "response_searchME_spouse":response_searchME_spouse])): Send request successfully

2022-11-25 08:50:47 - [MESSAGE][INFO] - HAR: D:\DMS\Engine Scoring\Reports\20221125_084901\Exclude KKB - DS - Married\Scoring Married - DS\20221125_084901\requests\main\27.har

2022-11-25 08:50:47 - [MESSAGE][PASSED] - Send request successfully

2022-11-25 08:50:47 - [TEST_STEP][PASSED] - verifyResponseStatusCode(scoring, 200): Verify response status code successfully

2022-11-25 08:50:47 - [MESSAGE][PASSED] - Verify response status code successfully

2022-11-25 08:50:47 - [TEST_STEP][PASSED] - response2 = scoring.getResponseText(): null

2022-11-25 08:50:47 - [TEST_STEP][PASSED] - markPassed("result service data ke : " + no): result service data ke : 214

2022-11-25 08:50:47 - [MESSAGE][PASSED] - result service data ke : 214

2022-11-25 08:50:47 - [TEST_STEP][PASSED] - logInfo($response2): {"result_konsumen":"Reguler","result_pasangan":"Reject","Final_result":"Reject","errorMessage":"","status":"Done"}

2022-11-25 08:50:47 - [MESSAGE][INFO] - {"result_konsumen":"Reguler","result_pasangan":"Reject","Final_result":"Reject","errorMessage":"","status":"Done"}

2022-11-25 08:50:47 - [TEST_STEP][PASSED] - verifyElementPropertyValue(scoring, "Final_result", final_result): Verify element property value successfully

2022-11-25 08:50:47 - [MESSAGE][PASSED] - Verify element property value successfully]]></system-out>
         <system-err><![CDATA[]]></system-err>
      </testcase>
      <testcase name="Test Cases/Engine_Scoring/Engine Scoring" time="6.562" classname="Test Cases/Engine_Scoring/Engine Scoring" status="PASSED">
         <system-out><![CDATA[2022-11-25 08:50:47 - [TEST_CASE][PASSED] - Test Cases/Engine_Scoring/Engine Scoring: Test Cases/Engine_Scoring/Engine Scoring

2022-11-25 08:50:48 - [TEST_STEP][PASSED] - markPassed("Variasi data ke : " + no): Variasi data ke : 215

2022-11-25 08:50:48 - [MESSAGE][PASSED] - Variasi data ke : 215

2022-11-25 08:50:48 - [TEST_STEP][PASSED] - req_data = sendRequest(findTestObject("Search_ME", ["MID":MID, "source":source, "ip":ip, "userid":userid, "branch":branch, "tipekons":tipekons, "marital":marital, "penjamin":penjamin, ... ])): Send request successfully

2022-11-25 08:50:49 - [MESSAGE][INFO] - HAR: D:\DMS\Engine Scoring\Reports\20221125_084901\Exclude KKB - DS - Married\Scoring Married - DS\20221125_084901\requests\main\28.har

2022-11-25 08:50:49 - [MESSAGE][PASSED] - Send request successfully

2022-11-25 08:50:49 - [TEST_STEP][PASSED] - slurper = new groovy.json.JsonSlurper(): null

2022-11-25 08:50:49 - [TEST_STEP][PASSED] - result = slurper.parseText(req_data.getResponseBodyContent()): null

2022-11-25 08:50:49 - [TEST_STEP][PASSED] - reqid_kons = requestid1: null

2022-11-25 08:50:49 - [TEST_STEP][PASSED] - reqid_spouse = requestid2: null

2022-11-25 08:50:49 - [TEST_STEP][PASSED] - println("requestid kons : " + reqid_kons): null

2022-11-25 08:50:49 - [TEST_STEP][PASSED] - response_searchME_kons = reqid_kons: null

2022-11-25 08:50:49 - [TEST_STEP][PASSED] - response_searchME_spouse = reqid_spouse: null

2022-11-25 08:50:49 - [TEST_STEP][PASSED] - println("kons req id is :" + response_searchME_kons): null

2022-11-25 08:50:49 - [TEST_STEP][PASSED] - println("spouse req id is : " + response_searchME_spouse): null

2022-11-25 08:50:49 - [TEST_STEP][PASSED] - verifyResponseStatusCode(req_data, 200): Verify response status code successfully

2022-11-25 08:50:49 - [MESSAGE][PASSED] - Verify response status code successfully

2022-11-25 08:50:49 - [TEST_STEP][PASSED] - response = req_data.getResponseText(): null

2022-11-25 08:50:49 - [TEST_STEP][PASSED] - logInfo($response): {"status":"Done","data":{"requestid1":"254488","requestid2":"254489"}}

2022-11-25 08:50:49 - [MESSAGE][INFO] - {"status":"Done","data":{"requestid1":"254488","requestid2":"254489"}}

2022-11-25 08:50:49 - [TEST_STEP][PASSED] - delay(5): Delayed 5 second(s)

2022-11-25 08:50:54 - [MESSAGE][PASSED] - Delayed 5 second(s)

2022-11-25 08:50:54 - [TEST_STEP][PASSED] - scoring = sendRequest(findTestObject("EngineScore", ["response_searchME_kons":response_searchME_kons, "response_searchME_spouse":response_searchME_spouse])): Send request successfully

2022-11-25 08:50:54 - [MESSAGE][INFO] - HAR: D:\DMS\Engine Scoring\Reports\20221125_084901\Exclude KKB - DS - Married\Scoring Married - DS\20221125_084901\requests\main\29.har

2022-11-25 08:50:54 - [MESSAGE][PASSED] - Send request successfully

2022-11-25 08:50:54 - [TEST_STEP][PASSED] - verifyResponseStatusCode(scoring, 200): Verify response status code successfully

2022-11-25 08:50:54 - [MESSAGE][PASSED] - Verify response status code successfully

2022-11-25 08:50:54 - [TEST_STEP][PASSED] - response2 = scoring.getResponseText(): null

2022-11-25 08:50:54 - [TEST_STEP][PASSED] - markPassed("result service data ke : " + no): result service data ke : 215

2022-11-25 08:50:54 - [MESSAGE][PASSED] - result service data ke : 215

2022-11-25 08:50:54 - [TEST_STEP][PASSED] - logInfo($response2): {"result_konsumen":"Reguler","result_pasangan":"Reject","Final_result":"Reject","errorMessage":"","status":"Done"}

2022-11-25 08:50:54 - [MESSAGE][INFO] - {"result_konsumen":"Reguler","result_pasangan":"Reject","Final_result":"Reject","errorMessage":"","status":"Done"}

2022-11-25 08:50:54 - [TEST_STEP][PASSED] - verifyElementPropertyValue(scoring, "Final_result", final_result): Verify element property value successfully

2022-11-25 08:50:54 - [MESSAGE][PASSED] - Verify element property value successfully]]></system-out>
         <system-err><![CDATA[]]></system-err>
      </testcase>
      <testcase name="Test Cases/Engine_Scoring/Engine Scoring" time="6.593" classname="Test Cases/Engine_Scoring/Engine Scoring" status="PASSED">
         <system-out><![CDATA[2022-11-25 08:50:54 - [TEST_CASE][PASSED] - Test Cases/Engine_Scoring/Engine Scoring: Test Cases/Engine_Scoring/Engine Scoring

2022-11-25 08:50:55 - [TEST_STEP][PASSED] - markPassed("Variasi data ke : " + no): Variasi data ke : 216

2022-11-25 08:50:55 - [MESSAGE][PASSED] - Variasi data ke : 216

2022-11-25 08:50:55 - [TEST_STEP][PASSED] - req_data = sendRequest(findTestObject("Search_ME", ["MID":MID, "source":source, "ip":ip, "userid":userid, "branch":branch, "tipekons":tipekons, "marital":marital, "penjamin":penjamin, ... ])): Send request successfully

2022-11-25 08:50:55 - [MESSAGE][INFO] - HAR: D:\DMS\Engine Scoring\Reports\20221125_084901\Exclude KKB - DS - Married\Scoring Married - DS\20221125_084901\requests\main\30.har

2022-11-25 08:50:55 - [MESSAGE][PASSED] - Send request successfully

2022-11-25 08:50:55 - [TEST_STEP][PASSED] - slurper = new groovy.json.JsonSlurper(): null

2022-11-25 08:50:55 - [TEST_STEP][PASSED] - result = slurper.parseText(req_data.getResponseBodyContent()): null

2022-11-25 08:50:55 - [TEST_STEP][PASSED] - reqid_kons = requestid1: null

2022-11-25 08:50:55 - [TEST_STEP][PASSED] - reqid_spouse = requestid2: null

2022-11-25 08:50:55 - [TEST_STEP][PASSED] - println("requestid kons : " + reqid_kons): null

2022-11-25 08:50:55 - [TEST_STEP][PASSED] - response_searchME_kons = reqid_kons: null

2022-11-25 08:50:55 - [TEST_STEP][PASSED] - response_searchME_spouse = reqid_spouse: null

2022-11-25 08:50:55 - [TEST_STEP][PASSED] - println("kons req id is :" + response_searchME_kons): null

2022-11-25 08:50:55 - [TEST_STEP][PASSED] - println("spouse req id is : " + response_searchME_spouse): null

2022-11-25 08:50:55 - [TEST_STEP][PASSED] - verifyResponseStatusCode(req_data, 200): Verify response status code successfully

2022-11-25 08:50:55 - [MESSAGE][PASSED] - Verify response status code successfully

2022-11-25 08:50:55 - [TEST_STEP][PASSED] - response = req_data.getResponseText(): null

2022-11-25 08:50:55 - [TEST_STEP][PASSED] - logInfo($response): {"status":"Done","data":{"requestid1":"254490","requestid2":"254491"}}

2022-11-25 08:50:55 - [MESSAGE][INFO] - {"status":"Done","data":{"requestid1":"254490","requestid2":"254491"}}

2022-11-25 08:50:55 - [TEST_STEP][PASSED] - delay(5): Delayed 5 second(s)

2022-11-25 08:51:00 - [MESSAGE][PASSED] - Delayed 5 second(s)

2022-11-25 08:51:00 - [TEST_STEP][PASSED] - scoring = sendRequest(findTestObject("EngineScore", ["response_searchME_kons":response_searchME_kons, "response_searchME_spouse":response_searchME_spouse])): Send request successfully

2022-11-25 08:51:01 - [MESSAGE][INFO] - HAR: D:\DMS\Engine Scoring\Reports\20221125_084901\Exclude KKB - DS - Married\Scoring Married - DS\20221125_084901\requests\main\31.har

2022-11-25 08:51:01 - [MESSAGE][PASSED] - Send request successfully

2022-11-25 08:51:01 - [TEST_STEP][PASSED] - verifyResponseStatusCode(scoring, 200): Verify response status code successfully

2022-11-25 08:51:01 - [MESSAGE][PASSED] - Verify response status code successfully

2022-11-25 08:51:01 - [TEST_STEP][PASSED] - response2 = scoring.getResponseText(): null

2022-11-25 08:51:01 - [TEST_STEP][PASSED] - markPassed("result service data ke : " + no): result service data ke : 216

2022-11-25 08:51:01 - [MESSAGE][PASSED] - result service data ke : 216

2022-11-25 08:51:01 - [TEST_STEP][PASSED] - logInfo($response2): {"result_konsumen":"Reguler","result_pasangan":"Reject","Final_result":"Reject","errorMessage":"","status":"Done"}

2022-11-25 08:51:01 - [MESSAGE][INFO] - {"result_konsumen":"Reguler","result_pasangan":"Reject","Final_result":"Reject","errorMessage":"","status":"Done"}

2022-11-25 08:51:01 - [TEST_STEP][PASSED] - verifyElementPropertyValue(scoring, "Final_result", final_result): Verify element property value successfully

2022-11-25 08:51:01 - [MESSAGE][PASSED] - Verify element property value successfully]]></system-out>
         <system-err><![CDATA[]]></system-err>
      </testcase>
      <testcase name="Test Cases/Engine_Scoring/Engine Scoring" time="6.63" classname="Test Cases/Engine_Scoring/Engine Scoring" status="PASSED">
         <system-out><![CDATA[2022-11-25 08:51:01 - [TEST_CASE][PASSED] - Test Cases/Engine_Scoring/Engine Scoring: Test Cases/Engine_Scoring/Engine Scoring

2022-11-25 08:51:01 - [TEST_STEP][PASSED] - markPassed("Variasi data ke : " + no): Variasi data ke : 217

2022-11-25 08:51:01 - [MESSAGE][PASSED] - Variasi data ke : 217

2022-11-25 08:51:01 - [TEST_STEP][PASSED] - req_data = sendRequest(findTestObject("Search_ME", ["MID":MID, "source":source, "ip":ip, "userid":userid, "branch":branch, "tipekons":tipekons, "marital":marital, "penjamin":penjamin, ... ])): Send request successfully

2022-11-25 08:51:02 - [MESSAGE][INFO] - HAR: D:\DMS\Engine Scoring\Reports\20221125_084901\Exclude KKB - DS - Married\Scoring Married - DS\20221125_084901\requests\main\32.har

2022-11-25 08:51:02 - [MESSAGE][PASSED] - Send request successfully

2022-11-25 08:51:02 - [TEST_STEP][PASSED] - slurper = new groovy.json.JsonSlurper(): null

2022-11-25 08:51:02 - [TEST_STEP][PASSED] - result = slurper.parseText(req_data.getResponseBodyContent()): null

2022-11-25 08:51:02 - [TEST_STEP][PASSED] - reqid_kons = requestid1: null

2022-11-25 08:51:02 - [TEST_STEP][PASSED] - reqid_spouse = requestid2: null

2022-11-25 08:51:02 - [TEST_STEP][PASSED] - println("requestid kons : " + reqid_kons): null

2022-11-25 08:51:02 - [TEST_STEP][PASSED] - response_searchME_kons = reqid_kons: null

2022-11-25 08:51:02 - [TEST_STEP][PASSED] - response_searchME_spouse = reqid_spouse: null

2022-11-25 08:51:02 - [TEST_STEP][PASSED] - println("kons req id is :" + response_searchME_kons): null

2022-11-25 08:51:02 - [TEST_STEP][PASSED] - println("spouse req id is : " + response_searchME_spouse): null

2022-11-25 08:51:02 - [TEST_STEP][PASSED] - verifyResponseStatusCode(req_data, 200): Verify response status code successfully

2022-11-25 08:51:02 - [MESSAGE][PASSED] - Verify response status code successfully

2022-11-25 08:51:02 - [TEST_STEP][PASSED] - response = req_data.getResponseText(): null

2022-11-25 08:51:02 - [TEST_STEP][PASSED] - logInfo($response): {"status":"Done","data":{"requestid1":"254492","requestid2":"254493"}}

2022-11-25 08:51:02 - [MESSAGE][INFO] - {"status":"Done","data":{"requestid1":"254492","requestid2":"254493"}}

2022-11-25 08:51:02 - [TEST_STEP][PASSED] - delay(5): Delayed 5 second(s)

2022-11-25 08:51:07 - [MESSAGE][PASSED] - Delayed 5 second(s)

2022-11-25 08:51:07 - [TEST_STEP][PASSED] - scoring = sendRequest(findTestObject("EngineScore", ["response_searchME_kons":response_searchME_kons, "response_searchME_spouse":response_searchME_spouse])): Send request successfully

2022-11-25 08:51:07 - [MESSAGE][INFO] - HAR: D:\DMS\Engine Scoring\Reports\20221125_084901\Exclude KKB - DS - Married\Scoring Married - DS\20221125_084901\requests\main\33.har

2022-11-25 08:51:07 - [MESSAGE][PASSED] - Send request successfully

2022-11-25 08:51:07 - [TEST_STEP][PASSED] - verifyResponseStatusCode(scoring, 200): Verify response status code successfully

2022-11-25 08:51:07 - [MESSAGE][PASSED] - Verify response status code successfully

2022-11-25 08:51:07 - [TEST_STEP][PASSED] - response2 = scoring.getResponseText(): null

2022-11-25 08:51:07 - [TEST_STEP][PASSED] - markPassed("result service data ke : " + no): result service data ke : 217

2022-11-25 08:51:07 - [MESSAGE][PASSED] - result service data ke : 217

2022-11-25 08:51:07 - [TEST_STEP][PASSED] - logInfo($response2): {"result_konsumen":"Approve","result_pasangan":"Approve","Final_result":"Approve","errorMessage":"","status":"Done"}

2022-11-25 08:51:07 - [MESSAGE][INFO] - {"result_konsumen":"Approve","result_pasangan":"Approve","Final_result":"Approve","errorMessage":"","status":"Done"}

2022-11-25 08:51:07 - [TEST_STEP][PASSED] - verifyElementPropertyValue(scoring, "Final_result", final_result): Verify element property value successfully

2022-11-25 08:51:07 - [MESSAGE][PASSED] - Verify element property value successfully]]></system-out>
         <system-err><![CDATA[]]></system-err>
      </testcase>
      <testcase name="Test Cases/Engine_Scoring/Engine Scoring" time="6.63" classname="Test Cases/Engine_Scoring/Engine Scoring" status="PASSED">
         <system-out><![CDATA[2022-11-25 08:51:07 - [TEST_CASE][PASSED] - Test Cases/Engine_Scoring/Engine Scoring: Test Cases/Engine_Scoring/Engine Scoring

2022-11-25 08:51:08 - [TEST_STEP][PASSED] - markPassed("Variasi data ke : " + no): Variasi data ke : 218

2022-11-25 08:51:08 - [MESSAGE][PASSED] - Variasi data ke : 218

2022-11-25 08:51:08 - [TEST_STEP][PASSED] - req_data = sendRequest(findTestObject("Search_ME", ["MID":MID, "source":source, "ip":ip, "userid":userid, "branch":branch, "tipekons":tipekons, "marital":marital, "penjamin":penjamin, ... ])): Send request successfully

2022-11-25 08:51:09 - [MESSAGE][INFO] - HAR: D:\DMS\Engine Scoring\Reports\20221125_084901\Exclude KKB - DS - Married\Scoring Married - DS\20221125_084901\requests\main\34.har

2022-11-25 08:51:09 - [MESSAGE][PASSED] - Send request successfully

2022-11-25 08:51:09 - [TEST_STEP][PASSED] - slurper = new groovy.json.JsonSlurper(): null

2022-11-25 08:51:09 - [TEST_STEP][PASSED] - result = slurper.parseText(req_data.getResponseBodyContent()): null

2022-11-25 08:51:09 - [TEST_STEP][PASSED] - reqid_kons = requestid1: null

2022-11-25 08:51:09 - [TEST_STEP][PASSED] - reqid_spouse = requestid2: null

2022-11-25 08:51:09 - [TEST_STEP][PASSED] - println("requestid kons : " + reqid_kons): null

2022-11-25 08:51:09 - [TEST_STEP][PASSED] - response_searchME_kons = reqid_kons: null

2022-11-25 08:51:09 - [TEST_STEP][PASSED] - response_searchME_spouse = reqid_spouse: null

2022-11-25 08:51:09 - [TEST_STEP][PASSED] - println("kons req id is :" + response_searchME_kons): null

2022-11-25 08:51:09 - [TEST_STEP][PASSED] - println("spouse req id is : " + response_searchME_spouse): null

2022-11-25 08:51:09 - [TEST_STEP][PASSED] - verifyResponseStatusCode(req_data, 200): Verify response status code successfully

2022-11-25 08:51:09 - [MESSAGE][PASSED] - Verify response status code successfully

2022-11-25 08:51:09 - [TEST_STEP][PASSED] - response = req_data.getResponseText(): null

2022-11-25 08:51:09 - [TEST_STEP][PASSED] - logInfo($response): {"status":"Done","data":{"requestid1":"254494","requestid2":"254495"}}

2022-11-25 08:51:09 - [MESSAGE][INFO] - {"status":"Done","data":{"requestid1":"254494","requestid2":"254495"}}

2022-11-25 08:51:09 - [TEST_STEP][PASSED] - delay(5): Delayed 5 second(s)

2022-11-25 08:51:14 - [MESSAGE][PASSED] - Delayed 5 second(s)

2022-11-25 08:51:14 - [TEST_STEP][PASSED] - scoring = sendRequest(findTestObject("EngineScore", ["response_searchME_kons":response_searchME_kons, "response_searchME_spouse":response_searchME_spouse])): Send request successfully

2022-11-25 08:51:14 - [MESSAGE][INFO] - HAR: D:\DMS\Engine Scoring\Reports\20221125_084901\Exclude KKB - DS - Married\Scoring Married - DS\20221125_084901\requests\main\35.har

2022-11-25 08:51:14 - [MESSAGE][PASSED] - Send request successfully

2022-11-25 08:51:14 - [TEST_STEP][PASSED] - verifyResponseStatusCode(scoring, 200): Verify response status code successfully

2022-11-25 08:51:14 - [MESSAGE][PASSED] - Verify response status code successfully

2022-11-25 08:51:14 - [TEST_STEP][PASSED] - response2 = scoring.getResponseText(): null

2022-11-25 08:51:14 - [TEST_STEP][PASSED] - markPassed("result service data ke : " + no): result service data ke : 218

2022-11-25 08:51:14 - [MESSAGE][PASSED] - result service data ke : 218

2022-11-25 08:51:14 - [TEST_STEP][PASSED] - logInfo($response2): {"result_konsumen":"Approve","result_pasangan":"Approve","Final_result":"Approve","errorMessage":"","status":"Done"}

2022-11-25 08:51:14 - [MESSAGE][INFO] - {"result_konsumen":"Approve","result_pasangan":"Approve","Final_result":"Approve","errorMessage":"","status":"Done"}

2022-11-25 08:51:14 - [TEST_STEP][PASSED] - verifyElementPropertyValue(scoring, "Final_result", final_result): Verify element property value successfully

2022-11-25 08:51:14 - [MESSAGE][PASSED] - Verify element property value successfully]]></system-out>
         <system-err><![CDATA[]]></system-err>
      </testcase>
      <testcase name="Test Cases/Engine_Scoring/Engine Scoring" time="7.017" classname="Test Cases/Engine_Scoring/Engine Scoring" status="PASSED">
         <system-out><![CDATA[2022-11-25 08:51:14 - [TEST_CASE][PASSED] - Test Cases/Engine_Scoring/Engine Scoring: Test Cases/Engine_Scoring/Engine Scoring

2022-11-25 08:51:15 - [TEST_STEP][PASSED] - markPassed("Variasi data ke : " + no): Variasi data ke : 219

2022-11-25 08:51:15 - [MESSAGE][PASSED] - Variasi data ke : 219

2022-11-25 08:51:15 - [TEST_STEP][PASSED] - req_data = sendRequest(findTestObject("Search_ME", ["MID":MID, "source":source, "ip":ip, "userid":userid, "branch":branch, "tipekons":tipekons, "marital":marital, "penjamin":penjamin, ... ])): Send request successfully

2022-11-25 08:51:16 - [MESSAGE][INFO] - HAR: D:\DMS\Engine Scoring\Reports\20221125_084901\Exclude KKB - DS - Married\Scoring Married - DS\20221125_084901\requests\main\36.har

2022-11-25 08:51:16 - [MESSAGE][PASSED] - Send request successfully

2022-11-25 08:51:16 - [TEST_STEP][PASSED] - slurper = new groovy.json.JsonSlurper(): null

2022-11-25 08:51:16 - [TEST_STEP][PASSED] - result = slurper.parseText(req_data.getResponseBodyContent()): null

2022-11-25 08:51:16 - [TEST_STEP][PASSED] - reqid_kons = requestid1: null

2022-11-25 08:51:16 - [TEST_STEP][PASSED] - reqid_spouse = requestid2: null

2022-11-25 08:51:16 - [TEST_STEP][PASSED] - println("requestid kons : " + reqid_kons): null

2022-11-25 08:51:16 - [TEST_STEP][PASSED] - response_searchME_kons = reqid_kons: null

2022-11-25 08:51:16 - [TEST_STEP][PASSED] - response_searchME_spouse = reqid_spouse: null

2022-11-25 08:51:16 - [TEST_STEP][PASSED] - println("kons req id is :" + response_searchME_kons): null

2022-11-25 08:51:16 - [TEST_STEP][PASSED] - println("spouse req id is : " + response_searchME_spouse): null

2022-11-25 08:51:16 - [TEST_STEP][PASSED] - verifyResponseStatusCode(req_data, 200): Verify response status code successfully

2022-11-25 08:51:16 - [MESSAGE][PASSED] - Verify response status code successfully

2022-11-25 08:51:16 - [TEST_STEP][PASSED] - response = req_data.getResponseText(): null

2022-11-25 08:51:16 - [TEST_STEP][PASSED] - logInfo($response): {"status":"Done","data":{"requestid1":"254496","requestid2":"254497"}}

2022-11-25 08:51:16 - [MESSAGE][INFO] - {"status":"Done","data":{"requestid1":"254496","requestid2":"254497"}}

2022-11-25 08:51:16 - [TEST_STEP][PASSED] - delay(5): Delayed 5 second(s)

2022-11-25 08:51:21 - [MESSAGE][PASSED] - Delayed 5 second(s)

2022-11-25 08:51:21 - [TEST_STEP][PASSED] - scoring = sendRequest(findTestObject("EngineScore", ["response_searchME_kons":response_searchME_kons, "response_searchME_spouse":response_searchME_spouse])): Send request successfully

2022-11-25 08:51:21 - [MESSAGE][INFO] - HAR: D:\DMS\Engine Scoring\Reports\20221125_084901\Exclude KKB - DS - Married\Scoring Married - DS\20221125_084901\requests\main\37.har

2022-11-25 08:51:21 - [MESSAGE][PASSED] - Send request successfully

2022-11-25 08:51:21 - [TEST_STEP][PASSED] - verifyResponseStatusCode(scoring, 200): Verify response status code successfully

2022-11-25 08:51:21 - [MESSAGE][PASSED] - Verify response status code successfully

2022-11-25 08:51:21 - [TEST_STEP][PASSED] - response2 = scoring.getResponseText(): null

2022-11-25 08:51:21 - [TEST_STEP][PASSED] - markPassed("result service data ke : " + no): result service data ke : 219

2022-11-25 08:51:21 - [MESSAGE][PASSED] - result service data ke : 219

2022-11-25 08:51:21 - [TEST_STEP][PASSED] - logInfo($response2): {"result_konsumen":"Approve","result_pasangan":"Approve","Final_result":"Approve","errorMessage":"","status":"Done"}

2022-11-25 08:51:21 - [MESSAGE][INFO] - {"result_konsumen":"Approve","result_pasangan":"Approve","Final_result":"Approve","errorMessage":"","status":"Done"}

2022-11-25 08:51:21 - [TEST_STEP][PASSED] - verifyElementPropertyValue(scoring, "Final_result", final_result): Verify element property value successfully

2022-11-25 08:51:21 - [MESSAGE][PASSED] - Verify element property value successfully]]></system-out>
         <system-err><![CDATA[]]></system-err>
      </testcase>
      <testcase name="Test Cases/Engine_Scoring/Engine Scoring" time="6.719" classname="Test Cases/Engine_Scoring/Engine Scoring" status="PASSED">
         <system-out><![CDATA[2022-11-25 08:51:21 - [TEST_CASE][PASSED] - Test Cases/Engine_Scoring/Engine Scoring: Test Cases/Engine_Scoring/Engine Scoring

2022-11-25 08:51:22 - [TEST_STEP][PASSED] - markPassed("Variasi data ke : " + no): Variasi data ke : 220

2022-11-25 08:51:22 - [MESSAGE][PASSED] - Variasi data ke : 220

2022-11-25 08:51:22 - [TEST_STEP][PASSED] - req_data = sendRequest(findTestObject("Search_ME", ["MID":MID, "source":source, "ip":ip, "userid":userid, "branch":branch, "tipekons":tipekons, "marital":marital, "penjamin":penjamin, ... ])): Send request successfully

2022-11-25 08:51:23 - [MESSAGE][INFO] - HAR: D:\DMS\Engine Scoring\Reports\20221125_084901\Exclude KKB - DS - Married\Scoring Married - DS\20221125_084901\requests\main\38.har

2022-11-25 08:51:23 - [MESSAGE][PASSED] - Send request successfully

2022-11-25 08:51:23 - [TEST_STEP][PASSED] - slurper = new groovy.json.JsonSlurper(): null

2022-11-25 08:51:23 - [TEST_STEP][PASSED] - result = slurper.parseText(req_data.getResponseBodyContent()): null

2022-11-25 08:51:23 - [TEST_STEP][PASSED] - reqid_kons = requestid1: null

2022-11-25 08:51:23 - [TEST_STEP][PASSED] - reqid_spouse = requestid2: null

2022-11-25 08:51:23 - [TEST_STEP][PASSED] - println("requestid kons : " + reqid_kons): null

2022-11-25 08:51:23 - [TEST_STEP][PASSED] - response_searchME_kons = reqid_kons: null

2022-11-25 08:51:23 - [TEST_STEP][PASSED] - response_searchME_spouse = reqid_spouse: null

2022-11-25 08:51:23 - [TEST_STEP][PASSED] - println("kons req id is :" + response_searchME_kons): null

2022-11-25 08:51:23 - [TEST_STEP][PASSED] - println("spouse req id is : " + response_searchME_spouse): null

2022-11-25 08:51:23 - [TEST_STEP][PASSED] - verifyResponseStatusCode(req_data, 200): Verify response status code successfully

2022-11-25 08:51:23 - [MESSAGE][PASSED] - Verify response status code successfully

2022-11-25 08:51:23 - [TEST_STEP][PASSED] - response = req_data.getResponseText(): null

2022-11-25 08:51:23 - [TEST_STEP][PASSED] - logInfo($response): {"status":"Done","data":{"requestid1":"254498","requestid2":"254499"}}

2022-11-25 08:51:23 - [MESSAGE][INFO] - {"status":"Done","data":{"requestid1":"254498","requestid2":"254499"}}

2022-11-25 08:51:23 - [TEST_STEP][PASSED] - delay(5): Delayed 5 second(s)

2022-11-25 08:51:28 - [MESSAGE][PASSED] - Delayed 5 second(s)

2022-11-25 08:51:28 - [TEST_STEP][PASSED] - scoring = sendRequest(findTestObject("EngineScore", ["response_searchME_kons":response_searchME_kons, "response_searchME_spouse":response_searchME_spouse])): Send request successfully

2022-11-25 08:51:28 - [MESSAGE][INFO] - HAR: D:\DMS\Engine Scoring\Reports\20221125_084901\Exclude KKB - DS - Married\Scoring Married - DS\20221125_084901\requests\main\39.har

2022-11-25 08:51:28 - [MESSAGE][PASSED] - Send request successfully

2022-11-25 08:51:28 - [TEST_STEP][PASSED] - verifyResponseStatusCode(scoring, 200): Verify response status code successfully

2022-11-25 08:51:28 - [MESSAGE][PASSED] - Verify response status code successfully

2022-11-25 08:51:28 - [TEST_STEP][PASSED] - response2 = scoring.getResponseText(): null

2022-11-25 08:51:28 - [TEST_STEP][PASSED] - markPassed("result service data ke : " + no): result service data ke : 220

2022-11-25 08:51:28 - [MESSAGE][PASSED] - result service data ke : 220

2022-11-25 08:51:28 - [TEST_STEP][PASSED] - logInfo($response2): {"result_konsumen":"Approve","result_pasangan":"Approve","Final_result":"Approve","errorMessage":"","status":"Done"}

2022-11-25 08:51:28 - [MESSAGE][INFO] - {"result_konsumen":"Approve","result_pasangan":"Approve","Final_result":"Approve","errorMessage":"","status":"Done"}

2022-11-25 08:51:28 - [TEST_STEP][PASSED] - verifyElementPropertyValue(scoring, "Final_result", final_result): Verify element property value successfully

2022-11-25 08:51:28 - [MESSAGE][PASSED] - Verify element property value successfully]]></system-out>
         <system-err><![CDATA[]]></system-err>
      </testcase>
      <testcase name="Test Cases/Engine_Scoring/Engine Scoring" time="7.06" classname="Test Cases/Engine_Scoring/Engine Scoring" status="PASSED">
         <system-out><![CDATA[2022-11-25 08:51:28 - [TEST_CASE][PASSED] - Test Cases/Engine_Scoring/Engine Scoring: Test Cases/Engine_Scoring/Engine Scoring

2022-11-25 08:51:29 - [TEST_STEP][PASSED] - markPassed("Variasi data ke : " + no): Variasi data ke : 221

2022-11-25 08:51:29 - [MESSAGE][PASSED] - Variasi data ke : 221

2022-11-25 08:51:29 - [TEST_STEP][PASSED] - req_data = sendRequest(findTestObject("Search_ME", ["MID":MID, "source":source, "ip":ip, "userid":userid, "branch":branch, "tipekons":tipekons, "marital":marital, "penjamin":penjamin, ... ])): Send request successfully

2022-11-25 08:51:30 - [MESSAGE][INFO] - HAR: D:\DMS\Engine Scoring\Reports\20221125_084901\Exclude KKB - DS - Married\Scoring Married - DS\20221125_084901\requests\main\40.har

2022-11-25 08:51:30 - [MESSAGE][PASSED] - Send request successfully

2022-11-25 08:51:30 - [TEST_STEP][PASSED] - slurper = new groovy.json.JsonSlurper(): null

2022-11-25 08:51:30 - [TEST_STEP][PASSED] - result = slurper.parseText(req_data.getResponseBodyContent()): null

2022-11-25 08:51:30 - [TEST_STEP][PASSED] - reqid_kons = requestid1: null

2022-11-25 08:51:30 - [TEST_STEP][PASSED] - reqid_spouse = requestid2: null

2022-11-25 08:51:30 - [TEST_STEP][PASSED] - println("requestid kons : " + reqid_kons): null

2022-11-25 08:51:30 - [TEST_STEP][PASSED] - response_searchME_kons = reqid_kons: null

2022-11-25 08:51:30 - [TEST_STEP][PASSED] - response_searchME_spouse = reqid_spouse: null

2022-11-25 08:51:30 - [TEST_STEP][PASSED] - println("kons req id is :" + response_searchME_kons): null

2022-11-25 08:51:30 - [TEST_STEP][PASSED] - println("spouse req id is : " + response_searchME_spouse): null

2022-11-25 08:51:30 - [TEST_STEP][PASSED] - verifyResponseStatusCode(req_data, 200): Verify response status code successfully

2022-11-25 08:51:30 - [MESSAGE][PASSED] - Verify response status code successfully

2022-11-25 08:51:30 - [TEST_STEP][PASSED] - response = req_data.getResponseText(): null

2022-11-25 08:51:30 - [TEST_STEP][PASSED] - logInfo($response): {"status":"Done","data":{"requestid1":"254500","requestid2":"254501"}}

2022-11-25 08:51:30 - [MESSAGE][INFO] - {"status":"Done","data":{"requestid1":"254500","requestid2":"254501"}}

2022-11-25 08:51:30 - [TEST_STEP][PASSED] - delay(5): Delayed 5 second(s)

2022-11-25 08:51:35 - [MESSAGE][PASSED] - Delayed 5 second(s)

2022-11-25 08:51:35 - [TEST_STEP][PASSED] - scoring = sendRequest(findTestObject("EngineScore", ["response_searchME_kons":response_searchME_kons, "response_searchME_spouse":response_searchME_spouse])): Send request successfully

2022-11-25 08:51:35 - [MESSAGE][INFO] - HAR: D:\DMS\Engine Scoring\Reports\20221125_084901\Exclude KKB - DS - Married\Scoring Married - DS\20221125_084901\requests\main\41.har

2022-11-25 08:51:35 - [MESSAGE][PASSED] - Send request successfully

2022-11-25 08:51:35 - [TEST_STEP][PASSED] - verifyResponseStatusCode(scoring, 200): Verify response status code successfully

2022-11-25 08:51:35 - [MESSAGE][PASSED] - Verify response status code successfully

2022-11-25 08:51:35 - [TEST_STEP][PASSED] - response2 = scoring.getResponseText(): null

2022-11-25 08:51:35 - [TEST_STEP][PASSED] - markPassed("result service data ke : " + no): result service data ke : 221

2022-11-25 08:51:35 - [MESSAGE][PASSED] - result service data ke : 221

2022-11-25 08:51:35 - [TEST_STEP][PASSED] - logInfo($response2): {"result_konsumen":"Approve","result_pasangan":"Reject","Final_result":"Reject","errorMessage":"","status":"Done"}

2022-11-25 08:51:35 - [MESSAGE][INFO] - {"result_konsumen":"Approve","result_pasangan":"Reject","Final_result":"Reject","errorMessage":"","status":"Done"}

2022-11-25 08:51:35 - [TEST_STEP][PASSED] - verifyElementPropertyValue(scoring, "Final_result", final_result): Verify element property value successfully

2022-11-25 08:51:35 - [MESSAGE][PASSED] - Verify element property value successfully]]></system-out>
         <system-err><![CDATA[]]></system-err>
      </testcase>
      <testcase name="Test Cases/Engine_Scoring/Engine Scoring" time="6.643" classname="Test Cases/Engine_Scoring/Engine Scoring" status="PASSED">
         <system-out><![CDATA[2022-11-25 08:51:35 - [TEST_CASE][PASSED] - Test Cases/Engine_Scoring/Engine Scoring: Test Cases/Engine_Scoring/Engine Scoring

2022-11-25 08:51:36 - [TEST_STEP][PASSED] - markPassed("Variasi data ke : " + no): Variasi data ke : 222

2022-11-25 08:51:36 - [MESSAGE][PASSED] - Variasi data ke : 222

2022-11-25 08:51:36 - [TEST_STEP][PASSED] - req_data = sendRequest(findTestObject("Search_ME", ["MID":MID, "source":source, "ip":ip, "userid":userid, "branch":branch, "tipekons":tipekons, "marital":marital, "penjamin":penjamin, ... ])): Send request successfully

2022-11-25 08:51:36 - [MESSAGE][INFO] - HAR: D:\DMS\Engine Scoring\Reports\20221125_084901\Exclude KKB - DS - Married\Scoring Married - DS\20221125_084901\requests\main\42.har

2022-11-25 08:51:36 - [MESSAGE][PASSED] - Send request successfully

2022-11-25 08:51:36 - [TEST_STEP][PASSED] - slurper = new groovy.json.JsonSlurper(): null

2022-11-25 08:51:36 - [TEST_STEP][PASSED] - result = slurper.parseText(req_data.getResponseBodyContent()): null

2022-11-25 08:51:36 - [TEST_STEP][PASSED] - reqid_kons = requestid1: null

2022-11-25 08:51:36 - [TEST_STEP][PASSED] - reqid_spouse = requestid2: null

2022-11-25 08:51:36 - [TEST_STEP][PASSED] - println("requestid kons : " + reqid_kons): null

2022-11-25 08:51:36 - [TEST_STEP][PASSED] - response_searchME_kons = reqid_kons: null

2022-11-25 08:51:36 - [TEST_STEP][PASSED] - response_searchME_spouse = reqid_spouse: null

2022-11-25 08:51:36 - [TEST_STEP][PASSED] - println("kons req id is :" + response_searchME_kons): null

2022-11-25 08:51:36 - [TEST_STEP][PASSED] - println("spouse req id is : " + response_searchME_spouse): null

2022-11-25 08:51:36 - [TEST_STEP][PASSED] - verifyResponseStatusCode(req_data, 200): Verify response status code successfully

2022-11-25 08:51:36 - [MESSAGE][PASSED] - Verify response status code successfully

2022-11-25 08:51:36 - [TEST_STEP][PASSED] - response = req_data.getResponseText(): null

2022-11-25 08:51:36 - [TEST_STEP][PASSED] - logInfo($response): {"status":"Done","data":{"requestid1":"254502","requestid2":"254503"}}

2022-11-25 08:51:36 - [MESSAGE][INFO] - {"status":"Done","data":{"requestid1":"254502","requestid2":"254503"}}

2022-11-25 08:51:36 - [TEST_STEP][PASSED] - delay(5): Delayed 5 second(s)

2022-11-25 08:51:42 - [MESSAGE][PASSED] - Delayed 5 second(s)

2022-11-25 08:51:42 - [TEST_STEP][PASSED] - scoring = sendRequest(findTestObject("EngineScore", ["response_searchME_kons":response_searchME_kons, "response_searchME_spouse":response_searchME_spouse])): Send request successfully

2022-11-25 08:51:42 - [MESSAGE][INFO] - HAR: D:\DMS\Engine Scoring\Reports\20221125_084901\Exclude KKB - DS - Married\Scoring Married - DS\20221125_084901\requests\main\43.har

2022-11-25 08:51:42 - [MESSAGE][PASSED] - Send request successfully

2022-11-25 08:51:42 - [TEST_STEP][PASSED] - verifyResponseStatusCode(scoring, 200): Verify response status code successfully

2022-11-25 08:51:42 - [MESSAGE][PASSED] - Verify response status code successfully

2022-11-25 08:51:42 - [TEST_STEP][PASSED] - response2 = scoring.getResponseText(): null

2022-11-25 08:51:42 - [TEST_STEP][PASSED] - markPassed("result service data ke : " + no): result service data ke : 222

2022-11-25 08:51:42 - [MESSAGE][PASSED] - result service data ke : 222

2022-11-25 08:51:42 - [TEST_STEP][PASSED] - logInfo($response2): {"result_konsumen":"Approve","result_pasangan":"Reject","Final_result":"Reject","errorMessage":"","status":"Done"}

2022-11-25 08:51:42 - [MESSAGE][INFO] - {"result_konsumen":"Approve","result_pasangan":"Reject","Final_result":"Reject","errorMessage":"","status":"Done"}

2022-11-25 08:51:42 - [TEST_STEP][PASSED] - verifyElementPropertyValue(scoring, "Final_result", final_result): Verify element property value successfully

2022-11-25 08:51:42 - [MESSAGE][PASSED] - Verify element property value successfully]]></system-out>
         <system-err><![CDATA[]]></system-err>
      </testcase>
      <testcase name="Test Cases/Engine_Scoring/Engine Scoring" time="6.53" classname="Test Cases/Engine_Scoring/Engine Scoring" status="PASSED">
         <system-out><![CDATA[2022-11-25 08:51:42 - [TEST_CASE][PASSED] - Test Cases/Engine_Scoring/Engine Scoring: Test Cases/Engine_Scoring/Engine Scoring

2022-11-25 08:51:42 - [TEST_STEP][PASSED] - markPassed("Variasi data ke : " + no): Variasi data ke : 223

2022-11-25 08:51:42 - [MESSAGE][PASSED] - Variasi data ke : 223

2022-11-25 08:51:42 - [TEST_STEP][PASSED] - req_data = sendRequest(findTestObject("Search_ME", ["MID":MID, "source":source, "ip":ip, "userid":userid, "branch":branch, "tipekons":tipekons, "marital":marital, "penjamin":penjamin, ... ])): Send request successfully

2022-11-25 08:51:43 - [MESSAGE][INFO] - HAR: D:\DMS\Engine Scoring\Reports\20221125_084901\Exclude KKB - DS - Married\Scoring Married - DS\20221125_084901\requests\main\44.har

2022-11-25 08:51:43 - [MESSAGE][PASSED] - Send request successfully

2022-11-25 08:51:43 - [TEST_STEP][PASSED] - slurper = new groovy.json.JsonSlurper(): null

2022-11-25 08:51:43 - [TEST_STEP][PASSED] - result = slurper.parseText(req_data.getResponseBodyContent()): null

2022-11-25 08:51:43 - [TEST_STEP][PASSED] - reqid_kons = requestid1: null

2022-11-25 08:51:43 - [TEST_STEP][PASSED] - reqid_spouse = requestid2: null

2022-11-25 08:51:43 - [TEST_STEP][PASSED] - println("requestid kons : " + reqid_kons): null

2022-11-25 08:51:43 - [TEST_STEP][PASSED] - response_searchME_kons = reqid_kons: null

2022-11-25 08:51:43 - [TEST_STEP][PASSED] - response_searchME_spouse = reqid_spouse: null

2022-11-25 08:51:43 - [TEST_STEP][PASSED] - println("kons req id is :" + response_searchME_kons): null

2022-11-25 08:51:43 - [TEST_STEP][PASSED] - println("spouse req id is : " + response_searchME_spouse): null

2022-11-25 08:51:43 - [TEST_STEP][PASSED] - verifyResponseStatusCode(req_data, 200): Verify response status code successfully

2022-11-25 08:51:43 - [MESSAGE][PASSED] - Verify response status code successfully

2022-11-25 08:51:43 - [TEST_STEP][PASSED] - response = req_data.getResponseText(): null

2022-11-25 08:51:43 - [TEST_STEP][PASSED] - logInfo($response): {"status":"Done","data":{"requestid1":"254504","requestid2":"254505"}}

2022-11-25 08:51:43 - [MESSAGE][INFO] - {"status":"Done","data":{"requestid1":"254504","requestid2":"254505"}}

2022-11-25 08:51:43 - [TEST_STEP][PASSED] - delay(5): Delayed 5 second(s)

2022-11-25 08:51:48 - [MESSAGE][PASSED] - Delayed 5 second(s)

2022-11-25 08:51:48 - [TEST_STEP][PASSED] - scoring = sendRequest(findTestObject("EngineScore", ["response_searchME_kons":response_searchME_kons, "response_searchME_spouse":response_searchME_spouse])): Send request successfully

2022-11-25 08:51:48 - [MESSAGE][INFO] - HAR: D:\DMS\Engine Scoring\Reports\20221125_084901\Exclude KKB - DS - Married\Scoring Married - DS\20221125_084901\requests\main\45.har

2022-11-25 08:51:48 - [MESSAGE][PASSED] - Send request successfully

2022-11-25 08:51:48 - [TEST_STEP][PASSED] - verifyResponseStatusCode(scoring, 200): Verify response status code successfully

2022-11-25 08:51:48 - [MESSAGE][PASSED] - Verify response status code successfully

2022-11-25 08:51:48 - [TEST_STEP][PASSED] - response2 = scoring.getResponseText(): null

2022-11-25 08:51:48 - [TEST_STEP][PASSED] - markPassed("result service data ke : " + no): result service data ke : 223

2022-11-25 08:51:48 - [MESSAGE][PASSED] - result service data ke : 223

2022-11-25 08:51:48 - [TEST_STEP][PASSED] - logInfo($response2): {"result_konsumen":"Approve","result_pasangan":"Reguler","Final_result":"Approve","errorMessage":"","status":"Done"}

2022-11-25 08:51:48 - [MESSAGE][INFO] - {"result_konsumen":"Approve","result_pasangan":"Reguler","Final_result":"Approve","errorMessage":"","status":"Done"}

2022-11-25 08:51:48 - [TEST_STEP][PASSED] - verifyElementPropertyValue(scoring, "Final_result", final_result): Verify element property value successfully

2022-11-25 08:51:48 - [MESSAGE][PASSED] - Verify element property value successfully]]></system-out>
         <system-err><![CDATA[]]></system-err>
      </testcase>
      <testcase name="Test Cases/Engine_Scoring/Engine Scoring" time="6.582" classname="Test Cases/Engine_Scoring/Engine Scoring" status="PASSED">
         <system-out><![CDATA[2022-11-25 08:51:48 - [TEST_CASE][PASSED] - Test Cases/Engine_Scoring/Engine Scoring: Test Cases/Engine_Scoring/Engine Scoring

2022-11-25 08:51:49 - [TEST_STEP][PASSED] - markPassed("Variasi data ke : " + no): Variasi data ke : 224

2022-11-25 08:51:49 - [MESSAGE][PASSED] - Variasi data ke : 224

2022-11-25 08:51:49 - [TEST_STEP][PASSED] - req_data = sendRequest(findTestObject("Search_ME", ["MID":MID, "source":source, "ip":ip, "userid":userid, "branch":branch, "tipekons":tipekons, "marital":marital, "penjamin":penjamin, ... ])): Send request successfully

2022-11-25 08:51:50 - [MESSAGE][INFO] - HAR: D:\DMS\Engine Scoring\Reports\20221125_084901\Exclude KKB - DS - Married\Scoring Married - DS\20221125_084901\requests\main\46.har

2022-11-25 08:51:50 - [MESSAGE][PASSED] - Send request successfully

2022-11-25 08:51:50 - [TEST_STEP][PASSED] - slurper = new groovy.json.JsonSlurper(): null

2022-11-25 08:51:50 - [TEST_STEP][PASSED] - result = slurper.parseText(req_data.getResponseBodyContent()): null

2022-11-25 08:51:50 - [TEST_STEP][PASSED] - reqid_kons = requestid1: null

2022-11-25 08:51:50 - [TEST_STEP][PASSED] - reqid_spouse = requestid2: null

2022-11-25 08:51:50 - [TEST_STEP][PASSED] - println("requestid kons : " + reqid_kons): null

2022-11-25 08:51:50 - [TEST_STEP][PASSED] - response_searchME_kons = reqid_kons: null

2022-11-25 08:51:50 - [TEST_STEP][PASSED] - response_searchME_spouse = reqid_spouse: null

2022-11-25 08:51:50 - [TEST_STEP][PASSED] - println("kons req id is :" + response_searchME_kons): null

2022-11-25 08:51:50 - [TEST_STEP][PASSED] - println("spouse req id is : " + response_searchME_spouse): null

2022-11-25 08:51:50 - [TEST_STEP][PASSED] - verifyResponseStatusCode(req_data, 200): Verify response status code successfully

2022-11-25 08:51:50 - [MESSAGE][PASSED] - Verify response status code successfully

2022-11-25 08:51:50 - [TEST_STEP][PASSED] - response = req_data.getResponseText(): null

2022-11-25 08:51:50 - [TEST_STEP][PASSED] - logInfo($response): {"status":"Done","data":{"requestid1":"254506","requestid2":"254507"}}

2022-11-25 08:51:50 - [MESSAGE][INFO] - {"status":"Done","data":{"requestid1":"254506","requestid2":"254507"}}

2022-11-25 08:51:50 - [TEST_STEP][PASSED] - delay(5): Delayed 5 second(s)

2022-11-25 08:51:55 - [MESSAGE][PASSED] - Delayed 5 second(s)

2022-11-25 08:51:55 - [TEST_STEP][PASSED] - scoring = sendRequest(findTestObject("EngineScore", ["response_searchME_kons":response_searchME_kons, "response_searchME_spouse":response_searchME_spouse])): Send request successfully

2022-11-25 08:51:55 - [MESSAGE][INFO] - HAR: D:\DMS\Engine Scoring\Reports\20221125_084901\Exclude KKB - DS - Married\Scoring Married - DS\20221125_084901\requests\main\47.har

2022-11-25 08:51:55 - [MESSAGE][PASSED] - Send request successfully

2022-11-25 08:51:55 - [TEST_STEP][PASSED] - verifyResponseStatusCode(scoring, 200): Verify response status code successfully

2022-11-25 08:51:55 - [MESSAGE][PASSED] - Verify response status code successfully

2022-11-25 08:51:55 - [TEST_STEP][PASSED] - response2 = scoring.getResponseText(): null

2022-11-25 08:51:55 - [TEST_STEP][PASSED] - markPassed("result service data ke : " + no): result service data ke : 224

2022-11-25 08:51:55 - [MESSAGE][PASSED] - result service data ke : 224

2022-11-25 08:51:55 - [TEST_STEP][PASSED] - logInfo($response2): {"result_konsumen":"Approve","result_pasangan":"Reguler","Final_result":"Approve","errorMessage":"","status":"Done"}

2022-11-25 08:51:55 - [MESSAGE][INFO] - {"result_konsumen":"Approve","result_pasangan":"Reguler","Final_result":"Approve","errorMessage":"","status":"Done"}

2022-11-25 08:51:55 - [TEST_STEP][PASSED] - verifyElementPropertyValue(scoring, "Final_result", final_result): Verify element property value successfully

2022-11-25 08:51:55 - [MESSAGE][PASSED] - Verify element property value successfully]]></system-out>
         <system-err><![CDATA[]]></system-err>
      </testcase>
      <testcase name="Test Cases/Engine_Scoring/Engine Scoring" time="6.462" classname="Test Cases/Engine_Scoring/Engine Scoring" status="PASSED">
         <system-out><![CDATA[2022-11-25 08:51:56 - [TEST_CASE][PASSED] - Test Cases/Engine_Scoring/Engine Scoring: Test Cases/Engine_Scoring/Engine Scoring

2022-11-25 08:51:57 - [TEST_STEP][PASSED] - markPassed("Variasi data ke : " + no): Variasi data ke : 225

2022-11-25 08:51:57 - [MESSAGE][PASSED] - Variasi data ke : 225

2022-11-25 08:51:57 - [TEST_STEP][PASSED] - req_data = sendRequest(findTestObject("Search_ME", ["MID":MID, "source":source, "ip":ip, "userid":userid, "branch":branch, "tipekons":tipekons, "marital":marital, "penjamin":penjamin, ... ])): Send request successfully

2022-11-25 08:51:57 - [MESSAGE][INFO] - HAR: D:\DMS\Engine Scoring\Reports\20221125_084901\Exclude KKB - DS - Married\Scoring Married - DS\20221125_084901\requests\main\48.har

2022-11-25 08:51:57 - [MESSAGE][PASSED] - Send request successfully

2022-11-25 08:51:57 - [TEST_STEP][PASSED] - slurper = new groovy.json.JsonSlurper(): null

2022-11-25 08:51:57 - [TEST_STEP][PASSED] - result = slurper.parseText(req_data.getResponseBodyContent()): null

2022-11-25 08:51:57 - [TEST_STEP][PASSED] - reqid_kons = requestid1: null

2022-11-25 08:51:57 - [TEST_STEP][PASSED] - reqid_spouse = requestid2: null

2022-11-25 08:51:57 - [TEST_STEP][PASSED] - println("requestid kons : " + reqid_kons): null

2022-11-25 08:51:57 - [TEST_STEP][PASSED] - response_searchME_kons = reqid_kons: null

2022-11-25 08:51:57 - [TEST_STEP][PASSED] - response_searchME_spouse = reqid_spouse: null

2022-11-25 08:51:57 - [TEST_STEP][PASSED] - println("kons req id is :" + response_searchME_kons): null

2022-11-25 08:51:57 - [TEST_STEP][PASSED] - println("spouse req id is : " + response_searchME_spouse): null

2022-11-25 08:51:57 - [TEST_STEP][PASSED] - verifyResponseStatusCode(req_data, 200): Verify response status code successfully

2022-11-25 08:51:57 - [MESSAGE][PASSED] - Verify response status code successfully

2022-11-25 08:51:57 - [TEST_STEP][PASSED] - response = req_data.getResponseText(): null

2022-11-25 08:51:57 - [TEST_STEP][PASSED] - logInfo($response): {"status":"Done","data":{"requestid1":"254508","requestid2":"254509"}}

2022-11-25 08:51:57 - [MESSAGE][INFO] - {"status":"Done","data":{"requestid1":"254508","requestid2":"254509"}}

2022-11-25 08:51:57 - [TEST_STEP][PASSED] - delay(5): Delayed 5 second(s)

2022-11-25 08:52:02 - [MESSAGE][PASSED] - Delayed 5 second(s)

2022-11-25 08:52:02 - [TEST_STEP][PASSED] - scoring = sendRequest(findTestObject("EngineScore", ["response_searchME_kons":response_searchME_kons, "response_searchME_spouse":response_searchME_spouse])): Send request successfully

2022-11-25 08:52:02 - [MESSAGE][INFO] - HAR: D:\DMS\Engine Scoring\Reports\20221125_084901\Exclude KKB - DS - Married\Scoring Married - DS\20221125_084901\requests\main\49.har

2022-11-25 08:52:02 - [MESSAGE][PASSED] - Send request successfully

2022-11-25 08:52:02 - [TEST_STEP][PASSED] - verifyResponseStatusCode(scoring, 200): Verify response status code successfully

2022-11-25 08:52:02 - [MESSAGE][PASSED] - Verify response status code successfully

2022-11-25 08:52:02 - [TEST_STEP][PASSED] - response2 = scoring.getResponseText(): null

2022-11-25 08:52:02 - [TEST_STEP][PASSED] - markPassed("result service data ke : " + no): result service data ke : 225

2022-11-25 08:52:02 - [MESSAGE][PASSED] - result service data ke : 225

2022-11-25 08:52:02 - [TEST_STEP][PASSED] - logInfo($response2): {"result_konsumen":"Approve","result_pasangan":"Reguler","Final_result":"Approve","errorMessage":"","status":"Done"}

2022-11-25 08:52:02 - [MESSAGE][INFO] - {"result_konsumen":"Approve","result_pasangan":"Reguler","Final_result":"Approve","errorMessage":"","status":"Done"}

2022-11-25 08:52:02 - [TEST_STEP][PASSED] - verifyElementPropertyValue(scoring, "Final_result", final_result): Verify element property value successfully

2022-11-25 08:52:02 - [MESSAGE][PASSED] - Verify element property value successfully]]></system-out>
         <system-err><![CDATA[]]></system-err>
      </testcase>
      <testcase name="Test Cases/Engine_Scoring/Engine Scoring" time="6.511" classname="Test Cases/Engine_Scoring/Engine Scoring" status="PASSED">
         <system-out><![CDATA[2022-11-25 08:52:02 - [TEST_CASE][PASSED] - Test Cases/Engine_Scoring/Engine Scoring: Test Cases/Engine_Scoring/Engine Scoring

2022-11-25 08:52:03 - [TEST_STEP][PASSED] - markPassed("Variasi data ke : " + no): Variasi data ke : 226

2022-11-25 08:52:03 - [MESSAGE][PASSED] - Variasi data ke : 226

2022-11-25 08:52:03 - [TEST_STEP][PASSED] - req_data = sendRequest(findTestObject("Search_ME", ["MID":MID, "source":source, "ip":ip, "userid":userid, "branch":branch, "tipekons":tipekons, "marital":marital, "penjamin":penjamin, ... ])): Send request successfully

2022-11-25 08:52:04 - [MESSAGE][INFO] - HAR: D:\DMS\Engine Scoring\Reports\20221125_084901\Exclude KKB - DS - Married\Scoring Married - DS\20221125_084901\requests\main\50.har

2022-11-25 08:52:04 - [MESSAGE][PASSED] - Send request successfully

2022-11-25 08:52:04 - [TEST_STEP][PASSED] - slurper = new groovy.json.JsonSlurper(): null

2022-11-25 08:52:04 - [TEST_STEP][PASSED] - result = slurper.parseText(req_data.getResponseBodyContent()): null

2022-11-25 08:52:04 - [TEST_STEP][PASSED] - reqid_kons = requestid1: null

2022-11-25 08:52:04 - [TEST_STEP][PASSED] - reqid_spouse = requestid2: null

2022-11-25 08:52:04 - [TEST_STEP][PASSED] - println("requestid kons : " + reqid_kons): null

2022-11-25 08:52:04 - [TEST_STEP][PASSED] - response_searchME_kons = reqid_kons: null

2022-11-25 08:52:04 - [TEST_STEP][PASSED] - response_searchME_spouse = reqid_spouse: null

2022-11-25 08:52:04 - [TEST_STEP][PASSED] - println("kons req id is :" + response_searchME_kons): null

2022-11-25 08:52:04 - [TEST_STEP][PASSED] - println("spouse req id is : " + response_searchME_spouse): null

2022-11-25 08:52:04 - [TEST_STEP][PASSED] - verifyResponseStatusCode(req_data, 200): Verify response status code successfully

2022-11-25 08:52:04 - [MESSAGE][PASSED] - Verify response status code successfully

2022-11-25 08:52:04 - [TEST_STEP][PASSED] - response = req_data.getResponseText(): null

2022-11-25 08:52:04 - [TEST_STEP][PASSED] - logInfo($response): {"status":"Done","data":{"requestid1":"254510","requestid2":"254511"}}

2022-11-25 08:52:04 - [MESSAGE][INFO] - {"status":"Done","data":{"requestid1":"254510","requestid2":"254511"}}

2022-11-25 08:52:04 - [TEST_STEP][PASSED] - delay(5): Delayed 5 second(s)

2022-11-25 08:52:09 - [MESSAGE][PASSED] - Delayed 5 second(s)

2022-11-25 08:52:09 - [TEST_STEP][PASSED] - scoring = sendRequest(findTestObject("EngineScore", ["response_searchME_kons":response_searchME_kons, "response_searchME_spouse":response_searchME_spouse])): Send request successfully

2022-11-25 08:52:09 - [MESSAGE][INFO] - HAR: D:\DMS\Engine Scoring\Reports\20221125_084901\Exclude KKB - DS - Married\Scoring Married - DS\20221125_084901\requests\main\51.har

2022-11-25 08:52:09 - [MESSAGE][PASSED] - Send request successfully

2022-11-25 08:52:09 - [TEST_STEP][PASSED] - verifyResponseStatusCode(scoring, 200): Verify response status code successfully

2022-11-25 08:52:09 - [MESSAGE][PASSED] - Verify response status code successfully

2022-11-25 08:52:09 - [TEST_STEP][PASSED] - response2 = scoring.getResponseText(): null

2022-11-25 08:52:09 - [TEST_STEP][PASSED] - markPassed("result service data ke : " + no): result service data ke : 226

2022-11-25 08:52:09 - [MESSAGE][PASSED] - result service data ke : 226

2022-11-25 08:52:09 - [TEST_STEP][PASSED] - logInfo($response2): {"result_konsumen":"Approve","result_pasangan":"Reject","Final_result":"Reject","errorMessage":"","status":"Done"}

2022-11-25 08:52:09 - [MESSAGE][INFO] - {"result_konsumen":"Approve","result_pasangan":"Reject","Final_result":"Reject","errorMessage":"","status":"Done"}

2022-11-25 08:52:09 - [TEST_STEP][PASSED] - verifyElementPropertyValue(scoring, "Final_result", final_result): Verify element property value successfully

2022-11-25 08:52:09 - [MESSAGE][PASSED] - Verify element property value successfully]]></system-out>
         <system-err><![CDATA[]]></system-err>
      </testcase>
      <testcase name="Test Cases/Engine_Scoring/Engine Scoring" time="6.492" classname="Test Cases/Engine_Scoring/Engine Scoring" status="PASSED">
         <system-out><![CDATA[2022-11-25 08:52:09 - [TEST_CASE][PASSED] - Test Cases/Engine_Scoring/Engine Scoring: Test Cases/Engine_Scoring/Engine Scoring

2022-11-25 08:52:10 - [TEST_STEP][PASSED] - markPassed("Variasi data ke : " + no): Variasi data ke : 227

2022-11-25 08:52:10 - [MESSAGE][PASSED] - Variasi data ke : 227

2022-11-25 08:52:10 - [TEST_STEP][PASSED] - req_data = sendRequest(findTestObject("Search_ME", ["MID":MID, "source":source, "ip":ip, "userid":userid, "branch":branch, "tipekons":tipekons, "marital":marital, "penjamin":penjamin, ... ])): Send request successfully

2022-11-25 08:52:10 - [MESSAGE][INFO] - HAR: D:\DMS\Engine Scoring\Reports\20221125_084901\Exclude KKB - DS - Married\Scoring Married - DS\20221125_084901\requests\main\52.har

2022-11-25 08:52:10 - [MESSAGE][PASSED] - Send request successfully

2022-11-25 08:52:10 - [TEST_STEP][PASSED] - slurper = new groovy.json.JsonSlurper(): null

2022-11-25 08:52:10 - [TEST_STEP][PASSED] - result = slurper.parseText(req_data.getResponseBodyContent()): null

2022-11-25 08:52:10 - [TEST_STEP][PASSED] - reqid_kons = requestid1: null

2022-11-25 08:52:10 - [TEST_STEP][PASSED] - reqid_spouse = requestid2: null

2022-11-25 08:52:10 - [TEST_STEP][PASSED] - println("requestid kons : " + reqid_kons): null

2022-11-25 08:52:10 - [TEST_STEP][PASSED] - response_searchME_kons = reqid_kons: null

2022-11-25 08:52:10 - [TEST_STEP][PASSED] - response_searchME_spouse = reqid_spouse: null

2022-11-25 08:52:10 - [TEST_STEP][PASSED] - println("kons req id is :" + response_searchME_kons): null

2022-11-25 08:52:10 - [TEST_STEP][PASSED] - println("spouse req id is : " + response_searchME_spouse): null

2022-11-25 08:52:10 - [TEST_STEP][PASSED] - verifyResponseStatusCode(req_data, 200): Verify response status code successfully

2022-11-25 08:52:10 - [MESSAGE][PASSED] - Verify response status code successfully

2022-11-25 08:52:10 - [TEST_STEP][PASSED] - response = req_data.getResponseText(): null

2022-11-25 08:52:10 - [TEST_STEP][PASSED] - logInfo($response): {"status":"Done","data":{"requestid1":"254512","requestid2":"254513"}}

2022-11-25 08:52:10 - [MESSAGE][INFO] - {"status":"Done","data":{"requestid1":"254512","requestid2":"254513"}}

2022-11-25 08:52:10 - [TEST_STEP][PASSED] - delay(5): Delayed 5 second(s)

2022-11-25 08:52:15 - [MESSAGE][PASSED] - Delayed 5 second(s)

2022-11-25 08:52:15 - [TEST_STEP][PASSED] - scoring = sendRequest(findTestObject("EngineScore", ["response_searchME_kons":response_searchME_kons, "response_searchME_spouse":response_searchME_spouse])): Send request successfully

2022-11-25 08:52:15 - [MESSAGE][INFO] - HAR: D:\DMS\Engine Scoring\Reports\20221125_084901\Exclude KKB - DS - Married\Scoring Married - DS\20221125_084901\requests\main\53.har

2022-11-25 08:52:15 - [MESSAGE][PASSED] - Send request successfully

2022-11-25 08:52:15 - [TEST_STEP][PASSED] - verifyResponseStatusCode(scoring, 200): Verify response status code successfully

2022-11-25 08:52:15 - [MESSAGE][PASSED] - Verify response status code successfully

2022-11-25 08:52:15 - [TEST_STEP][PASSED] - response2 = scoring.getResponseText(): null

2022-11-25 08:52:15 - [TEST_STEP][PASSED] - markPassed("result service data ke : " + no): result service data ke : 227

2022-11-25 08:52:15 - [MESSAGE][PASSED] - result service data ke : 227

2022-11-25 08:52:15 - [TEST_STEP][PASSED] - logInfo($response2): {"result_konsumen":"Approve","result_pasangan":"Reject","Final_result":"Reject","errorMessage":"","status":"Done"}

2022-11-25 08:52:15 - [MESSAGE][INFO] - {"result_konsumen":"Approve","result_pasangan":"Reject","Final_result":"Reject","errorMessage":"","status":"Done"}

2022-11-25 08:52:15 - [TEST_STEP][PASSED] - verifyElementPropertyValue(scoring, "Final_result", final_result): Verify element property value successfully

2022-11-25 08:52:15 - [MESSAGE][PASSED] - Verify element property value successfully]]></system-out>
         <system-err><![CDATA[]]></system-err>
      </testcase>
      <testcase name="Test Cases/Engine_Scoring/Engine Scoring" time="6.691" classname="Test Cases/Engine_Scoring/Engine Scoring" status="PASSED">
         <system-out><![CDATA[2022-11-25 08:52:16 - [TEST_CASE][PASSED] - Test Cases/Engine_Scoring/Engine Scoring: Test Cases/Engine_Scoring/Engine Scoring

2022-11-25 08:52:16 - [TEST_STEP][PASSED] - markPassed("Variasi data ke : " + no): Variasi data ke : 228

2022-11-25 08:52:16 - [MESSAGE][PASSED] - Variasi data ke : 228

2022-11-25 08:52:16 - [TEST_STEP][PASSED] - req_data = sendRequest(findTestObject("Search_ME", ["MID":MID, "source":source, "ip":ip, "userid":userid, "branch":branch, "tipekons":tipekons, "marital":marital, "penjamin":penjamin, ... ])): Send request successfully

2022-11-25 08:52:17 - [MESSAGE][INFO] - HAR: D:\DMS\Engine Scoring\Reports\20221125_084901\Exclude KKB - DS - Married\Scoring Married - DS\20221125_084901\requests\main\54.har

2022-11-25 08:52:17 - [MESSAGE][PASSED] - Send request successfully

2022-11-25 08:52:17 - [TEST_STEP][PASSED] - slurper = new groovy.json.JsonSlurper(): null

2022-11-25 08:52:17 - [TEST_STEP][PASSED] - result = slurper.parseText(req_data.getResponseBodyContent()): null

2022-11-25 08:52:17 - [TEST_STEP][PASSED] - reqid_kons = requestid1: null

2022-11-25 08:52:17 - [TEST_STEP][PASSED] - reqid_spouse = requestid2: null

2022-11-25 08:52:17 - [TEST_STEP][PASSED] - println("requestid kons : " + reqid_kons): null

2022-11-25 08:52:17 - [TEST_STEP][PASSED] - response_searchME_kons = reqid_kons: null

2022-11-25 08:52:17 - [TEST_STEP][PASSED] - response_searchME_spouse = reqid_spouse: null

2022-11-25 08:52:17 - [TEST_STEP][PASSED] - println("kons req id is :" + response_searchME_kons): null

2022-11-25 08:52:17 - [TEST_STEP][PASSED] - println("spouse req id is : " + response_searchME_spouse): null

2022-11-25 08:52:17 - [TEST_STEP][PASSED] - verifyResponseStatusCode(req_data, 200): Verify response status code successfully

2022-11-25 08:52:17 - [MESSAGE][PASSED] - Verify response status code successfully

2022-11-25 08:52:17 - [TEST_STEP][PASSED] - response = req_data.getResponseText(): null

2022-11-25 08:52:17 - [TEST_STEP][PASSED] - logInfo($response): {"status":"Done","data":{"requestid1":"254514","requestid2":"254515"}}

2022-11-25 08:52:17 - [MESSAGE][INFO] - {"status":"Done","data":{"requestid1":"254514","requestid2":"254515"}}

2022-11-25 08:52:17 - [TEST_STEP][PASSED] - delay(5): Delayed 5 second(s)

2022-11-25 08:52:22 - [MESSAGE][PASSED] - Delayed 5 second(s)

2022-11-25 08:52:22 - [TEST_STEP][PASSED] - scoring = sendRequest(findTestObject("EngineScore", ["response_searchME_kons":response_searchME_kons, "response_searchME_spouse":response_searchME_spouse])): Send request successfully

2022-11-25 08:52:22 - [MESSAGE][INFO] - HAR: D:\DMS\Engine Scoring\Reports\20221125_084901\Exclude KKB - DS - Married\Scoring Married - DS\20221125_084901\requests\main\55.har

2022-11-25 08:52:22 - [MESSAGE][PASSED] - Send request successfully

2022-11-25 08:52:22 - [TEST_STEP][PASSED] - verifyResponseStatusCode(scoring, 200): Verify response status code successfully

2022-11-25 08:52:22 - [MESSAGE][PASSED] - Verify response status code successfully

2022-11-25 08:52:22 - [TEST_STEP][PASSED] - response2 = scoring.getResponseText(): null

2022-11-25 08:52:22 - [TEST_STEP][PASSED] - markPassed("result service data ke : " + no): result service data ke : 228

2022-11-25 08:52:22 - [MESSAGE][PASSED] - result service data ke : 228

2022-11-25 08:52:22 - [TEST_STEP][PASSED] - logInfo($response2): {"result_konsumen":"Approve","result_pasangan":"Reject","Final_result":"Reject","errorMessage":"","status":"Done"}

2022-11-25 08:52:22 - [MESSAGE][INFO] - {"result_konsumen":"Approve","result_pasangan":"Reject","Final_result":"Reject","errorMessage":"","status":"Done"}

2022-11-25 08:52:22 - [TEST_STEP][PASSED] - verifyElementPropertyValue(scoring, "Final_result", final_result): Verify element property value successfully

2022-11-25 08:52:22 - [MESSAGE][PASSED] - Verify element property value successfully]]></system-out>
         <system-err><![CDATA[]]></system-err>
      </testcase>
      <testcase name="Test Cases/Engine_Scoring/Engine Scoring" time="6.534" classname="Test Cases/Engine_Scoring/Engine Scoring" status="PASSED">
         <system-out><![CDATA[2022-11-25 08:52:22 - [TEST_CASE][PASSED] - Test Cases/Engine_Scoring/Engine Scoring: Test Cases/Engine_Scoring/Engine Scoring

2022-11-25 08:52:23 - [TEST_STEP][PASSED] - markPassed("Variasi data ke : " + no): Variasi data ke : 229

2022-11-25 08:52:23 - [MESSAGE][PASSED] - Variasi data ke : 229

2022-11-25 08:52:23 - [TEST_STEP][PASSED] - req_data = sendRequest(findTestObject("Search_ME", ["MID":MID, "source":source, "ip":ip, "userid":userid, "branch":branch, "tipekons":tipekons, "marital":marital, "penjamin":penjamin, ... ])): Send request successfully

2022-11-25 08:52:24 - [MESSAGE][INFO] - HAR: D:\DMS\Engine Scoring\Reports\20221125_084901\Exclude KKB - DS - Married\Scoring Married - DS\20221125_084901\requests\main\56.har

2022-11-25 08:52:24 - [MESSAGE][PASSED] - Send request successfully

2022-11-25 08:52:24 - [TEST_STEP][PASSED] - slurper = new groovy.json.JsonSlurper(): null

2022-11-25 08:52:24 - [TEST_STEP][PASSED] - result = slurper.parseText(req_data.getResponseBodyContent()): null

2022-11-25 08:52:24 - [TEST_STEP][PASSED] - reqid_kons = requestid1: null

2022-11-25 08:52:24 - [TEST_STEP][PASSED] - reqid_spouse = requestid2: null

2022-11-25 08:52:24 - [TEST_STEP][PASSED] - println("requestid kons : " + reqid_kons): null

2022-11-25 08:52:24 - [TEST_STEP][PASSED] - response_searchME_kons = reqid_kons: null

2022-11-25 08:52:24 - [TEST_STEP][PASSED] - response_searchME_spouse = reqid_spouse: null

2022-11-25 08:52:24 - [TEST_STEP][PASSED] - println("kons req id is :" + response_searchME_kons): null

2022-11-25 08:52:24 - [TEST_STEP][PASSED] - println("spouse req id is : " + response_searchME_spouse): null

2022-11-25 08:52:24 - [TEST_STEP][PASSED] - verifyResponseStatusCode(req_data, 200): Verify response status code successfully

2022-11-25 08:52:24 - [MESSAGE][PASSED] - Verify response status code successfully

2022-11-25 08:52:24 - [TEST_STEP][PASSED] - response = req_data.getResponseText(): null

2022-11-25 08:52:24 - [TEST_STEP][PASSED] - logInfo($response): {"status":"Done","data":{"requestid1":"254516","requestid2":"254517"}}

2022-11-25 08:52:24 - [MESSAGE][INFO] - {"status":"Done","data":{"requestid1":"254516","requestid2":"254517"}}

2022-11-25 08:52:24 - [TEST_STEP][PASSED] - delay(5): Delayed 5 second(s)

2022-11-25 08:52:29 - [MESSAGE][PASSED] - Delayed 5 second(s)

2022-11-25 08:52:29 - [TEST_STEP][PASSED] - scoring = sendRequest(findTestObject("EngineScore", ["response_searchME_kons":response_searchME_kons, "response_searchME_spouse":response_searchME_spouse])): Send request successfully

2022-11-25 08:52:29 - [MESSAGE][INFO] - HAR: D:\DMS\Engine Scoring\Reports\20221125_084901\Exclude KKB - DS - Married\Scoring Married - DS\20221125_084901\requests\main\57.har

2022-11-25 08:52:29 - [MESSAGE][PASSED] - Send request successfully

2022-11-25 08:52:29 - [TEST_STEP][PASSED] - verifyResponseStatusCode(scoring, 200): Verify response status code successfully

2022-11-25 08:52:29 - [MESSAGE][PASSED] - Verify response status code successfully

2022-11-25 08:52:29 - [TEST_STEP][PASSED] - response2 = scoring.getResponseText(): null

2022-11-25 08:52:29 - [TEST_STEP][PASSED] - markPassed("result service data ke : " + no): result service data ke : 229

2022-11-25 08:52:29 - [MESSAGE][PASSED] - result service data ke : 229

2022-11-25 08:52:29 - [TEST_STEP][PASSED] - logInfo($response2): {"result_konsumen":"Approve","result_pasangan":"Reject","Final_result":"Reject","errorMessage":"","status":"Done"}

2022-11-25 08:52:29 - [MESSAGE][INFO] - {"result_konsumen":"Approve","result_pasangan":"Reject","Final_result":"Reject","errorMessage":"","status":"Done"}

2022-11-25 08:52:29 - [TEST_STEP][PASSED] - verifyElementPropertyValue(scoring, "Final_result", final_result): Verify element property value successfully

2022-11-25 08:52:29 - [MESSAGE][PASSED] - Verify element property value successfully]]></system-out>
         <system-err><![CDATA[]]></system-err>
      </testcase>
      <testcase name="Test Cases/Engine_Scoring/Engine Scoring" time="6.717" classname="Test Cases/Engine_Scoring/Engine Scoring" status="PASSED">
         <system-out><![CDATA[2022-11-25 08:52:29 - [TEST_CASE][PASSED] - Test Cases/Engine_Scoring/Engine Scoring: Test Cases/Engine_Scoring/Engine Scoring

2022-11-25 08:52:30 - [TEST_STEP][PASSED] - markPassed("Variasi data ke : " + no): Variasi data ke : 230

2022-11-25 08:52:30 - [MESSAGE][PASSED] - Variasi data ke : 230

2022-11-25 08:52:30 - [TEST_STEP][PASSED] - req_data = sendRequest(findTestObject("Search_ME", ["MID":MID, "source":source, "ip":ip, "userid":userid, "branch":branch, "tipekons":tipekons, "marital":marital, "penjamin":penjamin, ... ])): Send request successfully

2022-11-25 08:52:30 - [MESSAGE][INFO] - HAR: D:\DMS\Engine Scoring\Reports\20221125_084901\Exclude KKB - DS - Married\Scoring Married - DS\20221125_084901\requests\main\58.har

2022-11-25 08:52:30 - [MESSAGE][PASSED] - Send request successfully

2022-11-25 08:52:30 - [TEST_STEP][PASSED] - slurper = new groovy.json.JsonSlurper(): null

2022-11-25 08:52:30 - [TEST_STEP][PASSED] - result = slurper.parseText(req_data.getResponseBodyContent()): null

2022-11-25 08:52:30 - [TEST_STEP][PASSED] - reqid_kons = requestid1: null

2022-11-25 08:52:30 - [TEST_STEP][PASSED] - reqid_spouse = requestid2: null

2022-11-25 08:52:30 - [TEST_STEP][PASSED] - println("requestid kons : " + reqid_kons): null

2022-11-25 08:52:30 - [TEST_STEP][PASSED] - response_searchME_kons = reqid_kons: null

2022-11-25 08:52:30 - [TEST_STEP][PASSED] - response_searchME_spouse = reqid_spouse: null

2022-11-25 08:52:30 - [TEST_STEP][PASSED] - println("kons req id is :" + response_searchME_kons): null

2022-11-25 08:52:30 - [TEST_STEP][PASSED] - println("spouse req id is : " + response_searchME_spouse): null

2022-11-25 08:52:30 - [TEST_STEP][PASSED] - verifyResponseStatusCode(req_data, 200): Verify response status code successfully

2022-11-25 08:52:30 - [MESSAGE][PASSED] - Verify response status code successfully

2022-11-25 08:52:30 - [TEST_STEP][PASSED] - response = req_data.getResponseText(): null

2022-11-25 08:52:30 - [TEST_STEP][PASSED] - logInfo($response): {"status":"Done","data":{"requestid1":"254518","requestid2":"254519"}}

2022-11-25 08:52:30 - [MESSAGE][INFO] - {"status":"Done","data":{"requestid1":"254518","requestid2":"254519"}}

2022-11-25 08:52:30 - [TEST_STEP][PASSED] - delay(5): Delayed 5 second(s)

2022-11-25 08:52:35 - [MESSAGE][PASSED] - Delayed 5 second(s)

2022-11-25 08:52:35 - [TEST_STEP][PASSED] - scoring = sendRequest(findTestObject("EngineScore", ["response_searchME_kons":response_searchME_kons, "response_searchME_spouse":response_searchME_spouse])): Send request successfully

2022-11-25 08:52:36 - [MESSAGE][INFO] - HAR: D:\DMS\Engine Scoring\Reports\20221125_084901\Exclude KKB - DS - Married\Scoring Married - DS\20221125_084901\requests\main\59.har

2022-11-25 08:52:36 - [MESSAGE][PASSED] - Send request successfully

2022-11-25 08:52:36 - [TEST_STEP][PASSED] - verifyResponseStatusCode(scoring, 200): Verify response status code successfully

2022-11-25 08:52:36 - [MESSAGE][PASSED] - Verify response status code successfully

2022-11-25 08:52:36 - [TEST_STEP][PASSED] - response2 = scoring.getResponseText(): null

2022-11-25 08:52:36 - [TEST_STEP][PASSED] - markPassed("result service data ke : " + no): result service data ke : 230

2022-11-25 08:52:36 - [MESSAGE][PASSED] - result service data ke : 230

2022-11-25 08:52:36 - [TEST_STEP][PASSED] - logInfo($response2): {"result_konsumen":"Approve","result_pasangan":"Reject","Final_result":"Reject","errorMessage":"","status":"Done"}

2022-11-25 08:52:36 - [MESSAGE][INFO] - {"result_konsumen":"Approve","result_pasangan":"Reject","Final_result":"Reject","errorMessage":"","status":"Done"}

2022-11-25 08:52:36 - [TEST_STEP][PASSED] - verifyElementPropertyValue(scoring, "Final_result", final_result): Verify element property value successfully

2022-11-25 08:52:36 - [MESSAGE][PASSED] - Verify element property value successfully]]></system-out>
         <system-err><![CDATA[]]></system-err>
      </testcase>
      <testcase name="Test Cases/Engine_Scoring/Engine Scoring" time="6.51" classname="Test Cases/Engine_Scoring/Engine Scoring" status="PASSED">
         <system-out><![CDATA[2022-11-25 08:52:36 - [TEST_CASE][PASSED] - Test Cases/Engine_Scoring/Engine Scoring: Test Cases/Engine_Scoring/Engine Scoring

2022-11-25 08:52:36 - [TEST_STEP][PASSED] - markPassed("Variasi data ke : " + no): Variasi data ke : 231

2022-11-25 08:52:36 - [MESSAGE][PASSED] - Variasi data ke : 231

2022-11-25 08:52:36 - [TEST_STEP][PASSED] - req_data = sendRequest(findTestObject("Search_ME", ["MID":MID, "source":source, "ip":ip, "userid":userid, "branch":branch, "tipekons":tipekons, "marital":marital, "penjamin":penjamin, ... ])): Send request successfully

2022-11-25 08:52:37 - [MESSAGE][INFO] - HAR: D:\DMS\Engine Scoring\Reports\20221125_084901\Exclude KKB - DS - Married\Scoring Married - DS\20221125_084901\requests\main\60.har

2022-11-25 08:52:37 - [MESSAGE][PASSED] - Send request successfully

2022-11-25 08:52:37 - [TEST_STEP][PASSED] - slurper = new groovy.json.JsonSlurper(): null

2022-11-25 08:52:37 - [TEST_STEP][PASSED] - result = slurper.parseText(req_data.getResponseBodyContent()): null

2022-11-25 08:52:37 - [TEST_STEP][PASSED] - reqid_kons = requestid1: null

2022-11-25 08:52:37 - [TEST_STEP][PASSED] - reqid_spouse = requestid2: null

2022-11-25 08:52:37 - [TEST_STEP][PASSED] - println("requestid kons : " + reqid_kons): null

2022-11-25 08:52:37 - [TEST_STEP][PASSED] - response_searchME_kons = reqid_kons: null

2022-11-25 08:52:37 - [TEST_STEP][PASSED] - response_searchME_spouse = reqid_spouse: null

2022-11-25 08:52:37 - [TEST_STEP][PASSED] - println("kons req id is :" + response_searchME_kons): null

2022-11-25 08:52:37 - [TEST_STEP][PASSED] - println("spouse req id is : " + response_searchME_spouse): null

2022-11-25 08:52:37 - [TEST_STEP][PASSED] - verifyResponseStatusCode(req_data, 200): Verify response status code successfully

2022-11-25 08:52:37 - [MESSAGE][PASSED] - Verify response status code successfully

2022-11-25 08:52:37 - [TEST_STEP][PASSED] - response = req_data.getResponseText(): null

2022-11-25 08:52:37 - [TEST_STEP][PASSED] - logInfo($response): {"status":"Done","data":{"requestid1":"254520","requestid2":"254521"}}

2022-11-25 08:52:37 - [MESSAGE][INFO] - {"status":"Done","data":{"requestid1":"254520","requestid2":"254521"}}

2022-11-25 08:52:37 - [TEST_STEP][PASSED] - delay(5): Delayed 5 second(s)

2022-11-25 08:52:42 - [MESSAGE][PASSED] - Delayed 5 second(s)

2022-11-25 08:52:42 - [TEST_STEP][PASSED] - scoring = sendRequest(findTestObject("EngineScore", ["response_searchME_kons":response_searchME_kons, "response_searchME_spouse":response_searchME_spouse])): Send request successfully

2022-11-25 08:52:42 - [MESSAGE][INFO] - HAR: D:\DMS\Engine Scoring\Reports\20221125_084901\Exclude KKB - DS - Married\Scoring Married - DS\20221125_084901\requests\main\61.har

2022-11-25 08:52:42 - [MESSAGE][PASSED] - Send request successfully

2022-11-25 08:52:42 - [TEST_STEP][PASSED] - verifyResponseStatusCode(scoring, 200): Verify response status code successfully

2022-11-25 08:52:42 - [MESSAGE][PASSED] - Verify response status code successfully

2022-11-25 08:52:42 - [TEST_STEP][PASSED] - response2 = scoring.getResponseText(): null

2022-11-25 08:52:42 - [TEST_STEP][PASSED] - markPassed("result service data ke : " + no): result service data ke : 231

2022-11-25 08:52:42 - [MESSAGE][PASSED] - result service data ke : 231

2022-11-25 08:52:42 - [TEST_STEP][PASSED] - logInfo($response2): {"result_konsumen":"Approve","result_pasangan":"Reject","Final_result":"Reject","errorMessage":"","status":"Done"}

2022-11-25 08:52:42 - [MESSAGE][INFO] - {"result_konsumen":"Approve","result_pasangan":"Reject","Final_result":"Reject","errorMessage":"","status":"Done"}

2022-11-25 08:52:42 - [TEST_STEP][PASSED] - verifyElementPropertyValue(scoring, "Final_result", final_result): Verify element property value successfully

2022-11-25 08:52:42 - [MESSAGE][PASSED] - Verify element property value successfully]]></system-out>
         <system-err><![CDATA[]]></system-err>
      </testcase>
      <testcase name="Test Cases/Engine_Scoring/Engine Scoring" time="6.562" classname="Test Cases/Engine_Scoring/Engine Scoring" status="PASSED">
         <system-out><![CDATA[2022-11-25 08:52:42 - [TEST_CASE][PASSED] - Test Cases/Engine_Scoring/Engine Scoring: Test Cases/Engine_Scoring/Engine Scoring

2022-11-25 08:52:43 - [TEST_STEP][PASSED] - markPassed("Variasi data ke : " + no): Variasi data ke : 232

2022-11-25 08:52:43 - [MESSAGE][PASSED] - Variasi data ke : 232

2022-11-25 08:52:43 - [TEST_STEP][PASSED] - req_data = sendRequest(findTestObject("Search_ME", ["MID":MID, "source":source, "ip":ip, "userid":userid, "branch":branch, "tipekons":tipekons, "marital":marital, "penjamin":penjamin, ... ])): Send request successfully

2022-11-25 08:52:44 - [MESSAGE][INFO] - HAR: D:\DMS\Engine Scoring\Reports\20221125_084901\Exclude KKB - DS - Married\Scoring Married - DS\20221125_084901\requests\main\62.har

2022-11-25 08:52:44 - [MESSAGE][PASSED] - Send request successfully

2022-11-25 08:52:44 - [TEST_STEP][PASSED] - slurper = new groovy.json.JsonSlurper(): null

2022-11-25 08:52:44 - [TEST_STEP][PASSED] - result = slurper.parseText(req_data.getResponseBodyContent()): null

2022-11-25 08:52:44 - [TEST_STEP][PASSED] - reqid_kons = requestid1: null

2022-11-25 08:52:44 - [TEST_STEP][PASSED] - reqid_spouse = requestid2: null

2022-11-25 08:52:44 - [TEST_STEP][PASSED] - println("requestid kons : " + reqid_kons): null

2022-11-25 08:52:44 - [TEST_STEP][PASSED] - response_searchME_kons = reqid_kons: null

2022-11-25 08:52:44 - [TEST_STEP][PASSED] - response_searchME_spouse = reqid_spouse: null

2022-11-25 08:52:44 - [TEST_STEP][PASSED] - println("kons req id is :" + response_searchME_kons): null

2022-11-25 08:52:44 - [TEST_STEP][PASSED] - println("spouse req id is : " + response_searchME_spouse): null

2022-11-25 08:52:44 - [TEST_STEP][PASSED] - verifyResponseStatusCode(req_data, 200): Verify response status code successfully

2022-11-25 08:52:44 - [MESSAGE][PASSED] - Verify response status code successfully

2022-11-25 08:52:44 - [TEST_STEP][PASSED] - response = req_data.getResponseText(): null

2022-11-25 08:52:44 - [TEST_STEP][PASSED] - logInfo($response): {"status":"Done","data":{"requestid1":"254522","requestid2":"254523"}}

2022-11-25 08:52:44 - [MESSAGE][INFO] - {"status":"Done","data":{"requestid1":"254522","requestid2":"254523"}}

2022-11-25 08:52:44 - [TEST_STEP][PASSED] - delay(5): Delayed 5 second(s)

2022-11-25 08:52:49 - [MESSAGE][PASSED] - Delayed 5 second(s)

2022-11-25 08:52:49 - [TEST_STEP][PASSED] - scoring = sendRequest(findTestObject("EngineScore", ["response_searchME_kons":response_searchME_kons, "response_searchME_spouse":response_searchME_spouse])): Send request successfully

2022-11-25 08:52:49 - [MESSAGE][INFO] - HAR: D:\DMS\Engine Scoring\Reports\20221125_084901\Exclude KKB - DS - Married\Scoring Married - DS\20221125_084901\requests\main\63.har

2022-11-25 08:52:49 - [MESSAGE][PASSED] - Send request successfully

2022-11-25 08:52:49 - [TEST_STEP][PASSED] - verifyResponseStatusCode(scoring, 200): Verify response status code successfully

2022-11-25 08:52:49 - [MESSAGE][PASSED] - Verify response status code successfully

2022-11-25 08:52:49 - [TEST_STEP][PASSED] - response2 = scoring.getResponseText(): null

2022-11-25 08:52:49 - [TEST_STEP][PASSED] - markPassed("result service data ke : " + no): result service data ke : 232

2022-11-25 08:52:49 - [MESSAGE][PASSED] - result service data ke : 232

2022-11-25 08:52:49 - [TEST_STEP][PASSED] - logInfo($response2): {"result_konsumen":"Approve","result_pasangan":"Reject","Final_result":"Reject","errorMessage":"","status":"Done"}

2022-11-25 08:52:49 - [MESSAGE][INFO] - {"result_konsumen":"Approve","result_pasangan":"Reject","Final_result":"Reject","errorMessage":"","status":"Done"}

2022-11-25 08:52:49 - [TEST_STEP][PASSED] - verifyElementPropertyValue(scoring, "Final_result", final_result): Verify element property value successfully

2022-11-25 08:52:49 - [MESSAGE][PASSED] - Verify element property value successfully]]></system-out>
         <system-err><![CDATA[]]></system-err>
      </testcase>
      <testcase name="Test Cases/Engine_Scoring/Engine Scoring" time="6.521" classname="Test Cases/Engine_Scoring/Engine Scoring" status="PASSED">
         <system-out><![CDATA[2022-11-25 08:52:49 - [TEST_CASE][PASSED] - Test Cases/Engine_Scoring/Engine Scoring: Test Cases/Engine_Scoring/Engine Scoring

2022-11-25 08:52:50 - [TEST_STEP][PASSED] - markPassed("Variasi data ke : " + no): Variasi data ke : 233

2022-11-25 08:52:50 - [MESSAGE][PASSED] - Variasi data ke : 233

2022-11-25 08:52:50 - [TEST_STEP][PASSED] - req_data = sendRequest(findTestObject("Search_ME", ["MID":MID, "source":source, "ip":ip, "userid":userid, "branch":branch, "tipekons":tipekons, "marital":marital, "penjamin":penjamin, ... ])): Send request successfully

2022-11-25 08:52:50 - [MESSAGE][INFO] - HAR: D:\DMS\Engine Scoring\Reports\20221125_084901\Exclude KKB - DS - Married\Scoring Married - DS\20221125_084901\requests\main\64.har

2022-11-25 08:52:50 - [MESSAGE][PASSED] - Send request successfully

2022-11-25 08:52:50 - [TEST_STEP][PASSED] - slurper = new groovy.json.JsonSlurper(): null

2022-11-25 08:52:50 - [TEST_STEP][PASSED] - result = slurper.parseText(req_data.getResponseBodyContent()): null

2022-11-25 08:52:50 - [TEST_STEP][PASSED] - reqid_kons = requestid1: null

2022-11-25 08:52:50 - [TEST_STEP][PASSED] - reqid_spouse = requestid2: null

2022-11-25 08:52:50 - [TEST_STEP][PASSED] - println("requestid kons : " + reqid_kons): null

2022-11-25 08:52:50 - [TEST_STEP][PASSED] - response_searchME_kons = reqid_kons: null

2022-11-25 08:52:50 - [TEST_STEP][PASSED] - response_searchME_spouse = reqid_spouse: null

2022-11-25 08:52:50 - [TEST_STEP][PASSED] - println("kons req id is :" + response_searchME_kons): null

2022-11-25 08:52:50 - [TEST_STEP][PASSED] - println("spouse req id is : " + response_searchME_spouse): null

2022-11-25 08:52:50 - [TEST_STEP][PASSED] - verifyResponseStatusCode(req_data, 200): Verify response status code successfully

2022-11-25 08:52:50 - [MESSAGE][PASSED] - Verify response status code successfully

2022-11-25 08:52:50 - [TEST_STEP][PASSED] - response = req_data.getResponseText(): null

2022-11-25 08:52:50 - [TEST_STEP][PASSED] - logInfo($response): {"status":"Done","data":{"requestid1":"254524","requestid2":"254525"}}

2022-11-25 08:52:50 - [MESSAGE][INFO] - {"status":"Done","data":{"requestid1":"254524","requestid2":"254525"}}

2022-11-25 08:52:50 - [TEST_STEP][PASSED] - delay(5): Delayed 5 second(s)

2022-11-25 08:52:55 - [MESSAGE][PASSED] - Delayed 5 second(s)

2022-11-25 08:52:55 - [TEST_STEP][PASSED] - scoring = sendRequest(findTestObject("EngineScore", ["response_searchME_kons":response_searchME_kons, "response_searchME_spouse":response_searchME_spouse])): Send request successfully

2022-11-25 08:52:55 - [MESSAGE][INFO] - HAR: D:\DMS\Engine Scoring\Reports\20221125_084901\Exclude KKB - DS - Married\Scoring Married - DS\20221125_084901\requests\main\65.har

2022-11-25 08:52:55 - [MESSAGE][PASSED] - Send request successfully

2022-11-25 08:52:55 - [TEST_STEP][PASSED] - verifyResponseStatusCode(scoring, 200): Verify response status code successfully

2022-11-25 08:52:55 - [MESSAGE][PASSED] - Verify response status code successfully

2022-11-25 08:52:55 - [TEST_STEP][PASSED] - response2 = scoring.getResponseText(): null

2022-11-25 08:52:55 - [TEST_STEP][PASSED] - markPassed("result service data ke : " + no): result service data ke : 233

2022-11-25 08:52:55 - [MESSAGE][PASSED] - result service data ke : 233

2022-11-25 08:52:55 - [TEST_STEP][PASSED] - logInfo($response2): {"result_konsumen":"Approve","result_pasangan":"Reject","Final_result":"Reject","errorMessage":"","status":"Done"}

2022-11-25 08:52:55 - [MESSAGE][INFO] - {"result_konsumen":"Approve","result_pasangan":"Reject","Final_result":"Reject","errorMessage":"","status":"Done"}

2022-11-25 08:52:55 - [TEST_STEP][PASSED] - verifyElementPropertyValue(scoring, "Final_result", final_result): Verify element property value successfully

2022-11-25 08:52:55 - [MESSAGE][PASSED] - Verify element property value successfully]]></system-out>
         <system-err><![CDATA[]]></system-err>
      </testcase>
      <testcase name="Test Cases/Engine_Scoring/Engine Scoring" time="6.654" classname="Test Cases/Engine_Scoring/Engine Scoring" status="PASSED">
         <system-out><![CDATA[2022-11-25 08:52:55 - [TEST_CASE][PASSED] - Test Cases/Engine_Scoring/Engine Scoring: Test Cases/Engine_Scoring/Engine Scoring

2022-11-25 08:52:56 - [TEST_STEP][PASSED] - markPassed("Variasi data ke : " + no): Variasi data ke : 234

2022-11-25 08:52:56 - [MESSAGE][PASSED] - Variasi data ke : 234

2022-11-25 08:52:56 - [TEST_STEP][PASSED] - req_data = sendRequest(findTestObject("Search_ME", ["MID":MID, "source":source, "ip":ip, "userid":userid, "branch":branch, "tipekons":tipekons, "marital":marital, "penjamin":penjamin, ... ])): Send request successfully

2022-11-25 08:52:57 - [MESSAGE][INFO] - HAR: D:\DMS\Engine Scoring\Reports\20221125_084901\Exclude KKB - DS - Married\Scoring Married - DS\20221125_084901\requests\main\66.har

2022-11-25 08:52:57 - [MESSAGE][PASSED] - Send request successfully

2022-11-25 08:52:57 - [TEST_STEP][PASSED] - slurper = new groovy.json.JsonSlurper(): null

2022-11-25 08:52:57 - [TEST_STEP][PASSED] - result = slurper.parseText(req_data.getResponseBodyContent()): null

2022-11-25 08:52:57 - [TEST_STEP][PASSED] - reqid_kons = requestid1: null

2022-11-25 08:52:57 - [TEST_STEP][PASSED] - reqid_spouse = requestid2: null

2022-11-25 08:52:57 - [TEST_STEP][PASSED] - println("requestid kons : " + reqid_kons): null

2022-11-25 08:52:57 - [TEST_STEP][PASSED] - response_searchME_kons = reqid_kons: null

2022-11-25 08:52:57 - [TEST_STEP][PASSED] - response_searchME_spouse = reqid_spouse: null

2022-11-25 08:52:57 - [TEST_STEP][PASSED] - println("kons req id is :" + response_searchME_kons): null

2022-11-25 08:52:57 - [TEST_STEP][PASSED] - println("spouse req id is : " + response_searchME_spouse): null

2022-11-25 08:52:57 - [TEST_STEP][PASSED] - verifyResponseStatusCode(req_data, 200): Verify response status code successfully

2022-11-25 08:52:57 - [MESSAGE][PASSED] - Verify response status code successfully

2022-11-25 08:52:57 - [TEST_STEP][PASSED] - response = req_data.getResponseText(): null

2022-11-25 08:52:57 - [TEST_STEP][PASSED] - logInfo($response): {"status":"Done","data":{"requestid1":"254526","requestid2":"254527"}}

2022-11-25 08:52:57 - [MESSAGE][INFO] - {"status":"Done","data":{"requestid1":"254526","requestid2":"254527"}}

2022-11-25 08:52:57 - [TEST_STEP][PASSED] - delay(5): Delayed 5 second(s)

2022-11-25 08:53:02 - [MESSAGE][PASSED] - Delayed 5 second(s)

2022-11-25 08:53:02 - [TEST_STEP][PASSED] - scoring = sendRequest(findTestObject("EngineScore", ["response_searchME_kons":response_searchME_kons, "response_searchME_spouse":response_searchME_spouse])): Send request successfully

2022-11-25 08:53:02 - [MESSAGE][INFO] - HAR: D:\DMS\Engine Scoring\Reports\20221125_084901\Exclude KKB - DS - Married\Scoring Married - DS\20221125_084901\requests\main\67.har

2022-11-25 08:53:02 - [MESSAGE][PASSED] - Send request successfully

2022-11-25 08:53:02 - [TEST_STEP][PASSED] - verifyResponseStatusCode(scoring, 200): Verify response status code successfully

2022-11-25 08:53:02 - [MESSAGE][PASSED] - Verify response status code successfully

2022-11-25 08:53:02 - [TEST_STEP][PASSED] - response2 = scoring.getResponseText(): null

2022-11-25 08:53:02 - [TEST_STEP][PASSED] - markPassed("result service data ke : " + no): result service data ke : 234

2022-11-25 08:53:02 - [MESSAGE][PASSED] - result service data ke : 234

2022-11-25 08:53:02 - [TEST_STEP][PASSED] - logInfo($response2): {"result_konsumen":"Approve","result_pasangan":"Reject","Final_result":"Reject","errorMessage":"","status":"Done"}

2022-11-25 08:53:02 - [MESSAGE][INFO] - {"result_konsumen":"Approve","result_pasangan":"Reject","Final_result":"Reject","errorMessage":"","status":"Done"}

2022-11-25 08:53:02 - [TEST_STEP][PASSED] - verifyElementPropertyValue(scoring, "Final_result", final_result): Verify element property value successfully

2022-11-25 08:53:02 - [MESSAGE][PASSED] - Verify element property value successfully]]></system-out>
         <system-err><![CDATA[]]></system-err>
      </testcase>
      <testcase name="Test Cases/Engine_Scoring/Engine Scoring" time="6.642" classname="Test Cases/Engine_Scoring/Engine Scoring" status="PASSED">
         <system-out><![CDATA[2022-11-25 08:53:02 - [TEST_CASE][PASSED] - Test Cases/Engine_Scoring/Engine Scoring: Test Cases/Engine_Scoring/Engine Scoring

2022-11-25 08:53:03 - [TEST_STEP][PASSED] - markPassed("Variasi data ke : " + no): Variasi data ke : 235

2022-11-25 08:53:03 - [MESSAGE][PASSED] - Variasi data ke : 235

2022-11-25 08:53:03 - [TEST_STEP][PASSED] - req_data = sendRequest(findTestObject("Search_ME", ["MID":MID, "source":source, "ip":ip, "userid":userid, "branch":branch, "tipekons":tipekons, "marital":marital, "penjamin":penjamin, ... ])): Send request successfully

2022-11-25 08:53:04 - [MESSAGE][INFO] - HAR: D:\DMS\Engine Scoring\Reports\20221125_084901\Exclude KKB - DS - Married\Scoring Married - DS\20221125_084901\requests\main\68.har

2022-11-25 08:53:04 - [MESSAGE][PASSED] - Send request successfully

2022-11-25 08:53:04 - [TEST_STEP][PASSED] - slurper = new groovy.json.JsonSlurper(): null

2022-11-25 08:53:04 - [TEST_STEP][PASSED] - result = slurper.parseText(req_data.getResponseBodyContent()): null

2022-11-25 08:53:04 - [TEST_STEP][PASSED] - reqid_kons = requestid1: null

2022-11-25 08:53:04 - [TEST_STEP][PASSED] - reqid_spouse = requestid2: null

2022-11-25 08:53:04 - [TEST_STEP][PASSED] - println("requestid kons : " + reqid_kons): null

2022-11-25 08:53:04 - [TEST_STEP][PASSED] - response_searchME_kons = reqid_kons: null

2022-11-25 08:53:04 - [TEST_STEP][PASSED] - response_searchME_spouse = reqid_spouse: null

2022-11-25 08:53:04 - [TEST_STEP][PASSED] - println("kons req id is :" + response_searchME_kons): null

2022-11-25 08:53:04 - [TEST_STEP][PASSED] - println("spouse req id is : " + response_searchME_spouse): null

2022-11-25 08:53:04 - [TEST_STEP][PASSED] - verifyResponseStatusCode(req_data, 200): Verify response status code successfully

2022-11-25 08:53:04 - [MESSAGE][PASSED] - Verify response status code successfully

2022-11-25 08:53:04 - [TEST_STEP][PASSED] - response = req_data.getResponseText(): null

2022-11-25 08:53:04 - [TEST_STEP][PASSED] - logInfo($response): {"status":"Done","data":{"requestid1":"254528","requestid2":"254529"}}

2022-11-25 08:53:04 - [MESSAGE][INFO] - {"status":"Done","data":{"requestid1":"254528","requestid2":"254529"}}

2022-11-25 08:53:04 - [TEST_STEP][PASSED] - delay(5): Delayed 5 second(s)

2022-11-25 08:53:09 - [MESSAGE][PASSED] - Delayed 5 second(s)

2022-11-25 08:53:09 - [TEST_STEP][PASSED] - scoring = sendRequest(findTestObject("EngineScore", ["response_searchME_kons":response_searchME_kons, "response_searchME_spouse":response_searchME_spouse])): Send request successfully

2022-11-25 08:53:09 - [MESSAGE][INFO] - HAR: D:\DMS\Engine Scoring\Reports\20221125_084901\Exclude KKB - DS - Married\Scoring Married - DS\20221125_084901\requests\main\69.har

2022-11-25 08:53:09 - [MESSAGE][PASSED] - Send request successfully

2022-11-25 08:53:09 - [TEST_STEP][PASSED] - verifyResponseStatusCode(scoring, 200): Verify response status code successfully

2022-11-25 08:53:09 - [MESSAGE][PASSED] - Verify response status code successfully

2022-11-25 08:53:09 - [TEST_STEP][PASSED] - response2 = scoring.getResponseText(): null

2022-11-25 08:53:09 - [TEST_STEP][PASSED] - markPassed("result service data ke : " + no): result service data ke : 235

2022-11-25 08:53:09 - [MESSAGE][PASSED] - result service data ke : 235

2022-11-25 08:53:09 - [TEST_STEP][PASSED] - logInfo($response2): {"result_konsumen":"Reject","result_pasangan":"Approve","Final_result":"Reject","errorMessage":"","status":"Done"}

2022-11-25 08:53:09 - [MESSAGE][INFO] - {"result_konsumen":"Reject","result_pasangan":"Approve","Final_result":"Reject","errorMessage":"","status":"Done"}

2022-11-25 08:53:09 - [TEST_STEP][PASSED] - verifyElementPropertyValue(scoring, "Final_result", final_result): Verify element property value successfully

2022-11-25 08:53:09 - [MESSAGE][PASSED] - Verify element property value successfully]]></system-out>
         <system-err><![CDATA[]]></system-err>
      </testcase>
      <testcase name="Test Cases/Engine_Scoring/Engine Scoring" time="6.843" classname="Test Cases/Engine_Scoring/Engine Scoring" status="PASSED">
         <system-out><![CDATA[2022-11-25 08:53:09 - [TEST_CASE][PASSED] - Test Cases/Engine_Scoring/Engine Scoring: Test Cases/Engine_Scoring/Engine Scoring

2022-11-25 08:53:10 - [TEST_STEP][PASSED] - markPassed("Variasi data ke : " + no): Variasi data ke : 236

2022-11-25 08:53:10 - [MESSAGE][PASSED] - Variasi data ke : 236

2022-11-25 08:53:10 - [TEST_STEP][PASSED] - req_data = sendRequest(findTestObject("Search_ME", ["MID":MID, "source":source, "ip":ip, "userid":userid, "branch":branch, "tipekons":tipekons, "marital":marital, "penjamin":penjamin, ... ])): Send request successfully

2022-11-25 08:53:11 - [MESSAGE][INFO] - HAR: D:\DMS\Engine Scoring\Reports\20221125_084901\Exclude KKB - DS - Married\Scoring Married - DS\20221125_084901\requests\main\70.har

2022-11-25 08:53:11 - [MESSAGE][PASSED] - Send request successfully

2022-11-25 08:53:11 - [TEST_STEP][PASSED] - slurper = new groovy.json.JsonSlurper(): null

2022-11-25 08:53:11 - [TEST_STEP][PASSED] - result = slurper.parseText(req_data.getResponseBodyContent()): null

2022-11-25 08:53:11 - [TEST_STEP][PASSED] - reqid_kons = requestid1: null

2022-11-25 08:53:11 - [TEST_STEP][PASSED] - reqid_spouse = requestid2: null

2022-11-25 08:53:11 - [TEST_STEP][PASSED] - println("requestid kons : " + reqid_kons): null

2022-11-25 08:53:11 - [TEST_STEP][PASSED] - response_searchME_kons = reqid_kons: null

2022-11-25 08:53:11 - [TEST_STEP][PASSED] - response_searchME_spouse = reqid_spouse: null

2022-11-25 08:53:11 - [TEST_STEP][PASSED] - println("kons req id is :" + response_searchME_kons): null

2022-11-25 08:53:11 - [TEST_STEP][PASSED] - println("spouse req id is : " + response_searchME_spouse): null

2022-11-25 08:53:11 - [TEST_STEP][PASSED] - verifyResponseStatusCode(req_data, 200): Verify response status code successfully

2022-11-25 08:53:11 - [MESSAGE][PASSED] - Verify response status code successfully

2022-11-25 08:53:11 - [TEST_STEP][PASSED] - response = req_data.getResponseText(): null

2022-11-25 08:53:11 - [TEST_STEP][PASSED] - logInfo($response): {"status":"Done","data":{"requestid1":"254530","requestid2":"254531"}}

2022-11-25 08:53:11 - [MESSAGE][INFO] - {"status":"Done","data":{"requestid1":"254530","requestid2":"254531"}}

2022-11-25 08:53:11 - [TEST_STEP][PASSED] - delay(5): Delayed 5 second(s)

2022-11-25 08:53:16 - [MESSAGE][PASSED] - Delayed 5 second(s)

2022-11-25 08:53:16 - [TEST_STEP][PASSED] - scoring = sendRequest(findTestObject("EngineScore", ["response_searchME_kons":response_searchME_kons, "response_searchME_spouse":response_searchME_spouse])): Send request successfully

2022-11-25 08:53:16 - [MESSAGE][INFO] - HAR: D:\DMS\Engine Scoring\Reports\20221125_084901\Exclude KKB - DS - Married\Scoring Married - DS\20221125_084901\requests\main\71.har

2022-11-25 08:53:16 - [MESSAGE][PASSED] - Send request successfully

2022-11-25 08:53:16 - [TEST_STEP][PASSED] - verifyResponseStatusCode(scoring, 200): Verify response status code successfully

2022-11-25 08:53:16 - [MESSAGE][PASSED] - Verify response status code successfully

2022-11-25 08:53:16 - [TEST_STEP][PASSED] - response2 = scoring.getResponseText(): null

2022-11-25 08:53:16 - [TEST_STEP][PASSED] - markPassed("result service data ke : " + no): result service data ke : 236

2022-11-25 08:53:16 - [MESSAGE][PASSED] - result service data ke : 236

2022-11-25 08:53:16 - [TEST_STEP][PASSED] - logInfo($response2): {"result_konsumen":"Reject","result_pasangan":"Approve","Final_result":"Reject","errorMessage":"","status":"Done"}

2022-11-25 08:53:16 - [MESSAGE][INFO] - {"result_konsumen":"Reject","result_pasangan":"Approve","Final_result":"Reject","errorMessage":"","status":"Done"}

2022-11-25 08:53:16 - [TEST_STEP][PASSED] - verifyElementPropertyValue(scoring, "Final_result", final_result): Verify element property value successfully

2022-11-25 08:53:16 - [MESSAGE][PASSED] - Verify element property value successfully]]></system-out>
         <system-err><![CDATA[]]></system-err>
      </testcase>
      <testcase name="Test Cases/Engine_Scoring/Engine Scoring" time="6.809" classname="Test Cases/Engine_Scoring/Engine Scoring" status="PASSED">
         <system-out><![CDATA[2022-11-25 08:53:16 - [TEST_CASE][PASSED] - Test Cases/Engine_Scoring/Engine Scoring: Test Cases/Engine_Scoring/Engine Scoring

2022-11-25 08:53:17 - [TEST_STEP][PASSED] - markPassed("Variasi data ke : " + no): Variasi data ke : 237

2022-11-25 08:53:17 - [MESSAGE][PASSED] - Variasi data ke : 237

2022-11-25 08:53:17 - [TEST_STEP][PASSED] - req_data = sendRequest(findTestObject("Search_ME", ["MID":MID, "source":source, "ip":ip, "userid":userid, "branch":branch, "tipekons":tipekons, "marital":marital, "penjamin":penjamin, ... ])): Send request successfully

2022-11-25 08:53:17 - [MESSAGE][INFO] - HAR: D:\DMS\Engine Scoring\Reports\20221125_084901\Exclude KKB - DS - Married\Scoring Married - DS\20221125_084901\requests\main\72.har

2022-11-25 08:53:17 - [MESSAGE][PASSED] - Send request successfully

2022-11-25 08:53:17 - [TEST_STEP][PASSED] - slurper = new groovy.json.JsonSlurper(): null

2022-11-25 08:53:17 - [TEST_STEP][PASSED] - result = slurper.parseText(req_data.getResponseBodyContent()): null

2022-11-25 08:53:17 - [TEST_STEP][PASSED] - reqid_kons = requestid1: null

2022-11-25 08:53:17 - [TEST_STEP][PASSED] - reqid_spouse = requestid2: null

2022-11-25 08:53:17 - [TEST_STEP][PASSED] - println("requestid kons : " + reqid_kons): null

2022-11-25 08:53:17 - [TEST_STEP][PASSED] - response_searchME_kons = reqid_kons: null

2022-11-25 08:53:17 - [TEST_STEP][PASSED] - response_searchME_spouse = reqid_spouse: null

2022-11-25 08:53:17 - [TEST_STEP][PASSED] - println("kons req id is :" + response_searchME_kons): null

2022-11-25 08:53:17 - [TEST_STEP][PASSED] - println("spouse req id is : " + response_searchME_spouse): null

2022-11-25 08:53:17 - [TEST_STEP][PASSED] - verifyResponseStatusCode(req_data, 200): Verify response status code successfully

2022-11-25 08:53:17 - [MESSAGE][PASSED] - Verify response status code successfully

2022-11-25 08:53:17 - [TEST_STEP][PASSED] - response = req_data.getResponseText(): null

2022-11-25 08:53:17 - [TEST_STEP][PASSED] - logInfo($response): {"status":"Done","data":{"requestid1":"254532","requestid2":"254533"}}

2022-11-25 08:53:17 - [MESSAGE][INFO] - {"status":"Done","data":{"requestid1":"254532","requestid2":"254533"}}

2022-11-25 08:53:17 - [TEST_STEP][PASSED] - delay(5): Delayed 5 second(s)

2022-11-25 08:53:22 - [MESSAGE][PASSED] - Delayed 5 second(s)

2022-11-25 08:53:22 - [TEST_STEP][PASSED] - scoring = sendRequest(findTestObject("EngineScore", ["response_searchME_kons":response_searchME_kons, "response_searchME_spouse":response_searchME_spouse])): Send request successfully

2022-11-25 08:53:22 - [MESSAGE][INFO] - HAR: D:\DMS\Engine Scoring\Reports\20221125_084901\Exclude KKB - DS - Married\Scoring Married - DS\20221125_084901\requests\main\73.har

2022-11-25 08:53:22 - [MESSAGE][PASSED] - Send request successfully

2022-11-25 08:53:22 - [TEST_STEP][PASSED] - verifyResponseStatusCode(scoring, 200): Verify response status code successfully

2022-11-25 08:53:22 - [MESSAGE][PASSED] - Verify response status code successfully

2022-11-25 08:53:22 - [TEST_STEP][PASSED] - response2 = scoring.getResponseText(): null

2022-11-25 08:53:22 - [TEST_STEP][PASSED] - markPassed("result service data ke : " + no): result service data ke : 237

2022-11-25 08:53:22 - [MESSAGE][PASSED] - result service data ke : 237

2022-11-25 08:53:22 - [TEST_STEP][PASSED] - logInfo($response2): {"result_konsumen":"Reject","result_pasangan":"Approve","Final_result":"Reject","errorMessage":"","status":"Done"}

2022-11-25 08:53:22 - [MESSAGE][INFO] - {"result_konsumen":"Reject","result_pasangan":"Approve","Final_result":"Reject","errorMessage":"","status":"Done"}

2022-11-25 08:53:22 - [TEST_STEP][PASSED] - verifyElementPropertyValue(scoring, "Final_result", final_result): Verify element property value successfully

2022-11-25 08:53:22 - [MESSAGE][PASSED] - Verify element property value successfully]]></system-out>
         <system-err><![CDATA[]]></system-err>
      </testcase>
      <testcase name="Test Cases/Engine_Scoring/Engine Scoring" time="6.708" classname="Test Cases/Engine_Scoring/Engine Scoring" status="PASSED">
         <system-out><![CDATA[2022-11-25 08:53:23 - [TEST_CASE][PASSED] - Test Cases/Engine_Scoring/Engine Scoring: Test Cases/Engine_Scoring/Engine Scoring

2022-11-25 08:53:23 - [TEST_STEP][PASSED] - markPassed("Variasi data ke : " + no): Variasi data ke : 238

2022-11-25 08:53:23 - [MESSAGE][PASSED] - Variasi data ke : 238

2022-11-25 08:53:23 - [TEST_STEP][PASSED] - req_data = sendRequest(findTestObject("Search_ME", ["MID":MID, "source":source, "ip":ip, "userid":userid, "branch":branch, "tipekons":tipekons, "marital":marital, "penjamin":penjamin, ... ])): Send request successfully

2022-11-25 08:53:24 - [MESSAGE][INFO] - HAR: D:\DMS\Engine Scoring\Reports\20221125_084901\Exclude KKB - DS - Married\Scoring Married - DS\20221125_084901\requests\main\74.har

2022-11-25 08:53:24 - [MESSAGE][PASSED] - Send request successfully

2022-11-25 08:53:24 - [TEST_STEP][PASSED] - slurper = new groovy.json.JsonSlurper(): null

2022-11-25 08:53:24 - [TEST_STEP][PASSED] - result = slurper.parseText(req_data.getResponseBodyContent()): null

2022-11-25 08:53:24 - [TEST_STEP][PASSED] - reqid_kons = requestid1: null

2022-11-25 08:53:24 - [TEST_STEP][PASSED] - reqid_spouse = requestid2: null

2022-11-25 08:53:24 - [TEST_STEP][PASSED] - println("requestid kons : " + reqid_kons): null

2022-11-25 08:53:24 - [TEST_STEP][PASSED] - response_searchME_kons = reqid_kons: null

2022-11-25 08:53:24 - [TEST_STEP][PASSED] - response_searchME_spouse = reqid_spouse: null

2022-11-25 08:53:24 - [TEST_STEP][PASSED] - println("kons req id is :" + response_searchME_kons): null

2022-11-25 08:53:24 - [TEST_STEP][PASSED] - println("spouse req id is : " + response_searchME_spouse): null

2022-11-25 08:53:24 - [TEST_STEP][PASSED] - verifyResponseStatusCode(req_data, 200): Verify response status code successfully

2022-11-25 08:53:24 - [MESSAGE][PASSED] - Verify response status code successfully

2022-11-25 08:53:24 - [TEST_STEP][PASSED] - response = req_data.getResponseText(): null

2022-11-25 08:53:24 - [TEST_STEP][PASSED] - logInfo($response): {"status":"Done","data":{"requestid1":"254534","requestid2":"254535"}}

2022-11-25 08:53:24 - [MESSAGE][INFO] - {"status":"Done","data":{"requestid1":"254534","requestid2":"254535"}}

2022-11-25 08:53:24 - [TEST_STEP][PASSED] - delay(5): Delayed 5 second(s)

2022-11-25 08:53:29 - [MESSAGE][PASSED] - Delayed 5 second(s)

2022-11-25 08:53:29 - [TEST_STEP][PASSED] - scoring = sendRequest(findTestObject("EngineScore", ["response_searchME_kons":response_searchME_kons, "response_searchME_spouse":response_searchME_spouse])): Send request successfully

2022-11-25 08:53:29 - [MESSAGE][INFO] - HAR: D:\DMS\Engine Scoring\Reports\20221125_084901\Exclude KKB - DS - Married\Scoring Married - DS\20221125_084901\requests\main\75.har

2022-11-25 08:53:29 - [MESSAGE][PASSED] - Send request successfully

2022-11-25 08:53:29 - [TEST_STEP][PASSED] - verifyResponseStatusCode(scoring, 200): Verify response status code successfully

2022-11-25 08:53:29 - [MESSAGE][PASSED] - Verify response status code successfully

2022-11-25 08:53:29 - [TEST_STEP][PASSED] - response2 = scoring.getResponseText(): null

2022-11-25 08:53:29 - [TEST_STEP][PASSED] - markPassed("result service data ke : " + no): result service data ke : 238

2022-11-25 08:53:29 - [MESSAGE][PASSED] - result service data ke : 238

2022-11-25 08:53:29 - [TEST_STEP][PASSED] - logInfo($response2): {"result_konsumen":"Reject","result_pasangan":"Approve","Final_result":"Reject","errorMessage":"","status":"Done"}

2022-11-25 08:53:29 - [MESSAGE][INFO] - {"result_konsumen":"Reject","result_pasangan":"Approve","Final_result":"Reject","errorMessage":"","status":"Done"}

2022-11-25 08:53:29 - [TEST_STEP][PASSED] - verifyElementPropertyValue(scoring, "Final_result", final_result): Verify element property value successfully

2022-11-25 08:53:29 - [MESSAGE][PASSED] - Verify element property value successfully]]></system-out>
         <system-err><![CDATA[]]></system-err>
      </testcase>
      <testcase name="Test Cases/Engine_Scoring/Engine Scoring" time="6.894" classname="Test Cases/Engine_Scoring/Engine Scoring" status="PASSED">
         <system-out><![CDATA[2022-11-25 08:53:29 - [TEST_CASE][PASSED] - Test Cases/Engine_Scoring/Engine Scoring: Test Cases/Engine_Scoring/Engine Scoring

2022-11-25 08:53:30 - [TEST_STEP][PASSED] - markPassed("Variasi data ke : " + no): Variasi data ke : 239

2022-11-25 08:53:30 - [MESSAGE][PASSED] - Variasi data ke : 239

2022-11-25 08:53:30 - [TEST_STEP][PASSED] - req_data = sendRequest(findTestObject("Search_ME", ["MID":MID, "source":source, "ip":ip, "userid":userid, "branch":branch, "tipekons":tipekons, "marital":marital, "penjamin":penjamin, ... ])): Send request successfully

2022-11-25 08:53:31 - [MESSAGE][INFO] - HAR: D:\DMS\Engine Scoring\Reports\20221125_084901\Exclude KKB - DS - Married\Scoring Married - DS\20221125_084901\requests\main\76.har

2022-11-25 08:53:31 - [MESSAGE][PASSED] - Send request successfully

2022-11-25 08:53:31 - [TEST_STEP][PASSED] - slurper = new groovy.json.JsonSlurper(): null

2022-11-25 08:53:31 - [TEST_STEP][PASSED] - result = slurper.parseText(req_data.getResponseBodyContent()): null

2022-11-25 08:53:31 - [TEST_STEP][PASSED] - reqid_kons = requestid1: null

2022-11-25 08:53:31 - [TEST_STEP][PASSED] - reqid_spouse = requestid2: null

2022-11-25 08:53:31 - [TEST_STEP][PASSED] - println("requestid kons : " + reqid_kons): null

2022-11-25 08:53:31 - [TEST_STEP][PASSED] - response_searchME_kons = reqid_kons: null

2022-11-25 08:53:31 - [TEST_STEP][PASSED] - response_searchME_spouse = reqid_spouse: null

2022-11-25 08:53:31 - [TEST_STEP][PASSED] - println("kons req id is :" + response_searchME_kons): null

2022-11-25 08:53:31 - [TEST_STEP][PASSED] - println("spouse req id is : " + response_searchME_spouse): null

2022-11-25 08:53:31 - [TEST_STEP][PASSED] - verifyResponseStatusCode(req_data, 200): Verify response status code successfully

2022-11-25 08:53:31 - [MESSAGE][PASSED] - Verify response status code successfully

2022-11-25 08:53:31 - [TEST_STEP][PASSED] - response = req_data.getResponseText(): null

2022-11-25 08:53:31 - [TEST_STEP][PASSED] - logInfo($response): {"status":"Done","data":{"requestid1":"254536","requestid2":"254537"}}

2022-11-25 08:53:31 - [MESSAGE][INFO] - {"status":"Done","data":{"requestid1":"254536","requestid2":"254537"}}

2022-11-25 08:53:31 - [TEST_STEP][PASSED] - delay(5): Delayed 5 second(s)

2022-11-25 08:53:36 - [MESSAGE][PASSED] - Delayed 5 second(s)

2022-11-25 08:53:36 - [TEST_STEP][PASSED] - scoring = sendRequest(findTestObject("EngineScore", ["response_searchME_kons":response_searchME_kons, "response_searchME_spouse":response_searchME_spouse])): Send request successfully

2022-11-25 08:53:36 - [MESSAGE][INFO] - HAR: D:\DMS\Engine Scoring\Reports\20221125_084901\Exclude KKB - DS - Married\Scoring Married - DS\20221125_084901\requests\main\77.har

2022-11-25 08:53:36 - [MESSAGE][PASSED] - Send request successfully

2022-11-25 08:53:36 - [TEST_STEP][PASSED] - verifyResponseStatusCode(scoring, 200): Verify response status code successfully

2022-11-25 08:53:36 - [MESSAGE][PASSED] - Verify response status code successfully

2022-11-25 08:53:36 - [TEST_STEP][PASSED] - response2 = scoring.getResponseText(): null

2022-11-25 08:53:36 - [TEST_STEP][PASSED] - markPassed("result service data ke : " + no): result service data ke : 239

2022-11-25 08:53:36 - [MESSAGE][PASSED] - result service data ke : 239

2022-11-25 08:53:36 - [TEST_STEP][PASSED] - logInfo($response2): {"result_konsumen":"Reject","result_pasangan":"Reject","Final_result":"Reject","errorMessage":"","status":"Done"}

2022-11-25 08:53:36 - [MESSAGE][INFO] - {"result_konsumen":"Reject","result_pasangan":"Reject","Final_result":"Reject","errorMessage":"","status":"Done"}

2022-11-25 08:53:36 - [TEST_STEP][PASSED] - verifyElementPropertyValue(scoring, "Final_result", final_result): Verify element property value successfully

2022-11-25 08:53:36 - [MESSAGE][PASSED] - Verify element property value successfully]]></system-out>
         <system-err><![CDATA[]]></system-err>
      </testcase>
      <testcase name="Test Cases/Engine_Scoring/Engine Scoring" time="6.749" classname="Test Cases/Engine_Scoring/Engine Scoring" status="PASSED">
         <system-out><![CDATA[2022-11-25 08:53:36 - [TEST_CASE][PASSED] - Test Cases/Engine_Scoring/Engine Scoring: Test Cases/Engine_Scoring/Engine Scoring

2022-11-25 08:53:37 - [TEST_STEP][PASSED] - markPassed("Variasi data ke : " + no): Variasi data ke : 240

2022-11-25 08:53:37 - [MESSAGE][PASSED] - Variasi data ke : 240

2022-11-25 08:53:37 - [TEST_STEP][PASSED] - req_data = sendRequest(findTestObject("Search_ME", ["MID":MID, "source":source, "ip":ip, "userid":userid, "branch":branch, "tipekons":tipekons, "marital":marital, "penjamin":penjamin, ... ])): Send request successfully

2022-11-25 08:53:38 - [MESSAGE][INFO] - HAR: D:\DMS\Engine Scoring\Reports\20221125_084901\Exclude KKB - DS - Married\Scoring Married - DS\20221125_084901\requests\main\78.har

2022-11-25 08:53:38 - [MESSAGE][PASSED] - Send request successfully

2022-11-25 08:53:38 - [TEST_STEP][PASSED] - slurper = new groovy.json.JsonSlurper(): null

2022-11-25 08:53:38 - [TEST_STEP][PASSED] - result = slurper.parseText(req_data.getResponseBodyContent()): null

2022-11-25 08:53:38 - [TEST_STEP][PASSED] - reqid_kons = requestid1: null

2022-11-25 08:53:38 - [TEST_STEP][PASSED] - reqid_spouse = requestid2: null

2022-11-25 08:53:38 - [TEST_STEP][PASSED] - println("requestid kons : " + reqid_kons): null

2022-11-25 08:53:38 - [TEST_STEP][PASSED] - response_searchME_kons = reqid_kons: null

2022-11-25 08:53:38 - [TEST_STEP][PASSED] - response_searchME_spouse = reqid_spouse: null

2022-11-25 08:53:38 - [TEST_STEP][PASSED] - println("kons req id is :" + response_searchME_kons): null

2022-11-25 08:53:38 - [TEST_STEP][PASSED] - println("spouse req id is : " + response_searchME_spouse): null

2022-11-25 08:53:38 - [TEST_STEP][PASSED] - verifyResponseStatusCode(req_data, 200): Verify response status code successfully

2022-11-25 08:53:38 - [MESSAGE][PASSED] - Verify response status code successfully

2022-11-25 08:53:38 - [TEST_STEP][PASSED] - response = req_data.getResponseText(): null

2022-11-25 08:53:38 - [TEST_STEP][PASSED] - logInfo($response): {"status":"Done","data":{"requestid1":"254538","requestid2":"254539"}}

2022-11-25 08:53:38 - [MESSAGE][INFO] - {"status":"Done","data":{"requestid1":"254538","requestid2":"254539"}}

2022-11-25 08:53:38 - [TEST_STEP][PASSED] - delay(5): Delayed 5 second(s)

2022-11-25 08:53:43 - [MESSAGE][PASSED] - Delayed 5 second(s)

2022-11-25 08:53:43 - [TEST_STEP][PASSED] - scoring = sendRequest(findTestObject("EngineScore", ["response_searchME_kons":response_searchME_kons, "response_searchME_spouse":response_searchME_spouse])): Send request successfully

2022-11-25 08:53:43 - [MESSAGE][INFO] - HAR: D:\DMS\Engine Scoring\Reports\20221125_084901\Exclude KKB - DS - Married\Scoring Married - DS\20221125_084901\requests\main\79.har

2022-11-25 08:53:43 - [MESSAGE][PASSED] - Send request successfully

2022-11-25 08:53:43 - [TEST_STEP][PASSED] - verifyResponseStatusCode(scoring, 200): Verify response status code successfully

2022-11-25 08:53:43 - [MESSAGE][PASSED] - Verify response status code successfully

2022-11-25 08:53:43 - [TEST_STEP][PASSED] - response2 = scoring.getResponseText(): null

2022-11-25 08:53:43 - [TEST_STEP][PASSED] - markPassed("result service data ke : " + no): result service data ke : 240

2022-11-25 08:53:43 - [MESSAGE][PASSED] - result service data ke : 240

2022-11-25 08:53:43 - [TEST_STEP][PASSED] - logInfo($response2): {"result_konsumen":"Reject","result_pasangan":"Reject","Final_result":"Reject","errorMessage":"","status":"Done"}

2022-11-25 08:53:43 - [MESSAGE][INFO] - {"result_konsumen":"Reject","result_pasangan":"Reject","Final_result":"Reject","errorMessage":"","status":"Done"}

2022-11-25 08:53:43 - [TEST_STEP][PASSED] - verifyElementPropertyValue(scoring, "Final_result", final_result): Verify element property value successfully

2022-11-25 08:53:43 - [MESSAGE][PASSED] - Verify element property value successfully]]></system-out>
         <system-err><![CDATA[]]></system-err>
      </testcase>
      <testcase name="Test Cases/Engine_Scoring/Engine Scoring" time="9.0" classname="Test Cases/Engine_Scoring/Engine Scoring" status="PASSED">
         <system-out><![CDATA[2022-11-25 08:53:43 - [TEST_CASE][PASSED] - Test Cases/Engine_Scoring/Engine Scoring: Test Cases/Engine_Scoring/Engine Scoring

2022-11-25 08:53:44 - [TEST_STEP][PASSED] - markPassed("Variasi data ke : " + no): Variasi data ke : 241

2022-11-25 08:53:44 - [MESSAGE][PASSED] - Variasi data ke : 241

2022-11-25 08:53:44 - [TEST_STEP][PASSED] - req_data = sendRequest(findTestObject("Search_ME", ["MID":MID, "source":source, "ip":ip, "userid":userid, "branch":branch, "tipekons":tipekons, "marital":marital, "penjamin":penjamin, ... ])): Send request successfully

2022-11-25 08:53:45 - [MESSAGE][INFO] - HAR: D:\DMS\Engine Scoring\Reports\20221125_084901\Exclude KKB - DS - Married\Scoring Married - DS\20221125_084901\requests\main\80.har

2022-11-25 08:53:45 - [MESSAGE][PASSED] - Send request successfully

2022-11-25 08:53:45 - [TEST_STEP][PASSED] - slurper = new groovy.json.JsonSlurper(): null

2022-11-25 08:53:45 - [TEST_STEP][PASSED] - result = slurper.parseText(req_data.getResponseBodyContent()): null

2022-11-25 08:53:45 - [TEST_STEP][PASSED] - reqid_kons = requestid1: null

2022-11-25 08:53:45 - [TEST_STEP][PASSED] - reqid_spouse = requestid2: null

2022-11-25 08:53:45 - [TEST_STEP][PASSED] - println("requestid kons : " + reqid_kons): null

2022-11-25 08:53:45 - [TEST_STEP][PASSED] - response_searchME_kons = reqid_kons: null

2022-11-25 08:53:45 - [TEST_STEP][PASSED] - response_searchME_spouse = reqid_spouse: null

2022-11-25 08:53:45 - [TEST_STEP][PASSED] - println("kons req id is :" + response_searchME_kons): null

2022-11-25 08:53:45 - [TEST_STEP][PASSED] - println("spouse req id is : " + response_searchME_spouse): null

2022-11-25 08:53:45 - [TEST_STEP][PASSED] - verifyResponseStatusCode(req_data, 200): Verify response status code successfully

2022-11-25 08:53:45 - [MESSAGE][PASSED] - Verify response status code successfully

2022-11-25 08:53:45 - [TEST_STEP][PASSED] - response = req_data.getResponseText(): null

2022-11-25 08:53:45 - [TEST_STEP][PASSED] - logInfo($response): {"status":"Done","data":{"requestid1":"254540","requestid2":"254541"}}

2022-11-25 08:53:45 - [MESSAGE][INFO] - {"status":"Done","data":{"requestid1":"254540","requestid2":"254541"}}

2022-11-25 08:53:45 - [TEST_STEP][PASSED] - delay(5): Delayed 5 second(s)

2022-11-25 08:53:50 - [MESSAGE][PASSED] - Delayed 5 second(s)

2022-11-25 08:53:50 - [TEST_STEP][PASSED] - scoring = sendRequest(findTestObject("EngineScore", ["response_searchME_kons":response_searchME_kons, "response_searchME_spouse":response_searchME_spouse])): Send request successfully

2022-11-25 08:53:52 - [MESSAGE][INFO] - HAR: D:\DMS\Engine Scoring\Reports\20221125_084901\Exclude KKB - DS - Married\Scoring Married - DS\20221125_084901\requests\main\81.har

2022-11-25 08:53:52 - [MESSAGE][PASSED] - Send request successfully

2022-11-25 08:53:52 - [TEST_STEP][PASSED] - verifyResponseStatusCode(scoring, 200): Verify response status code successfully

2022-11-25 08:53:52 - [MESSAGE][PASSED] - Verify response status code successfully

2022-11-25 08:53:52 - [TEST_STEP][PASSED] - response2 = scoring.getResponseText(): null

2022-11-25 08:53:52 - [TEST_STEP][PASSED] - markPassed("result service data ke : " + no): result service data ke : 241

2022-11-25 08:53:52 - [MESSAGE][PASSED] - result service data ke : 241

2022-11-25 08:53:52 - [TEST_STEP][PASSED] - logInfo($response2): {"result_konsumen":"Reject","result_pasangan":"Reguler","Final_result":"Reject","errorMessage":"","status":"Done"}

2022-11-25 08:53:52 - [MESSAGE][INFO] - {"result_konsumen":"Reject","result_pasangan":"Reguler","Final_result":"Reject","errorMessage":"","status":"Done"}

2022-11-25 08:53:52 - [TEST_STEP][PASSED] - verifyElementPropertyValue(scoring, "Final_result", final_result): Verify element property value successfully

2022-11-25 08:53:52 - [MESSAGE][PASSED] - Verify element property value successfully]]></system-out>
         <system-err><![CDATA[]]></system-err>
      </testcase>
      <testcase name="Test Cases/Engine_Scoring/Engine Scoring" time="11.338" classname="Test Cases/Engine_Scoring/Engine Scoring" status="PASSED">
         <system-out><![CDATA[2022-11-25 08:53:52 - [TEST_CASE][PASSED] - Test Cases/Engine_Scoring/Engine Scoring: Test Cases/Engine_Scoring/Engine Scoring

2022-11-25 08:53:53 - [TEST_STEP][PASSED] - markPassed("Variasi data ke : " + no): Variasi data ke : 242

2022-11-25 08:53:53 - [MESSAGE][PASSED] - Variasi data ke : 242

2022-11-25 08:53:53 - [TEST_STEP][PASSED] - req_data = sendRequest(findTestObject("Search_ME", ["MID":MID, "source":source, "ip":ip, "userid":userid, "branch":branch, "tipekons":tipekons, "marital":marital, "penjamin":penjamin, ... ])): Send request successfully

2022-11-25 08:53:55 - [MESSAGE][INFO] - HAR: D:\DMS\Engine Scoring\Reports\20221125_084901\Exclude KKB - DS - Married\Scoring Married - DS\20221125_084901\requests\main\82.har

2022-11-25 08:53:55 - [MESSAGE][PASSED] - Send request successfully

2022-11-25 08:53:55 - [TEST_STEP][PASSED] - slurper = new groovy.json.JsonSlurper(): null

2022-11-25 08:53:55 - [TEST_STEP][PASSED] - result = slurper.parseText(req_data.getResponseBodyContent()): null

2022-11-25 08:53:55 - [TEST_STEP][PASSED] - reqid_kons = requestid1: null

2022-11-25 08:53:55 - [TEST_STEP][PASSED] - reqid_spouse = requestid2: null

2022-11-25 08:53:55 - [TEST_STEP][PASSED] - println("requestid kons : " + reqid_kons): null

2022-11-25 08:53:55 - [TEST_STEP][PASSED] - response_searchME_kons = reqid_kons: null

2022-11-25 08:53:55 - [TEST_STEP][PASSED] - response_searchME_spouse = reqid_spouse: null

2022-11-25 08:53:55 - [TEST_STEP][PASSED] - println("kons req id is :" + response_searchME_kons): null

2022-11-25 08:53:55 - [TEST_STEP][PASSED] - println("spouse req id is : " + response_searchME_spouse): null

2022-11-25 08:53:55 - [TEST_STEP][PASSED] - verifyResponseStatusCode(req_data, 200): Verify response status code successfully

2022-11-25 08:53:55 - [MESSAGE][PASSED] - Verify response status code successfully

2022-11-25 08:53:55 - [TEST_STEP][PASSED] - response = req_data.getResponseText(): null

2022-11-25 08:53:55 - [TEST_STEP][PASSED] - logInfo($response): {"status":"Done","data":{"requestid1":"254542","requestid2":"254543"}}

2022-11-25 08:53:55 - [MESSAGE][INFO] - {"status":"Done","data":{"requestid1":"254542","requestid2":"254543"}}

2022-11-25 08:53:55 - [TEST_STEP][PASSED] - delay(5): Delayed 5 second(s)

2022-11-25 08:54:01 - [MESSAGE][PASSED] - Delayed 5 second(s)

2022-11-25 08:54:01 - [TEST_STEP][PASSED] - scoring = sendRequest(findTestObject("EngineScore", ["response_searchME_kons":response_searchME_kons, "response_searchME_spouse":response_searchME_spouse])): Send request successfully

2022-11-25 08:54:03 - [MESSAGE][INFO] - HAR: D:\DMS\Engine Scoring\Reports\20221125_084901\Exclude KKB - DS - Married\Scoring Married - DS\20221125_084901\requests\main\83.har

2022-11-25 08:54:03 - [MESSAGE][PASSED] - Send request successfully

2022-11-25 08:54:03 - [TEST_STEP][PASSED] - verifyResponseStatusCode(scoring, 200): Verify response status code successfully

2022-11-25 08:54:03 - [MESSAGE][PASSED] - Verify response status code successfully

2022-11-25 08:54:03 - [TEST_STEP][PASSED] - response2 = scoring.getResponseText(): null

2022-11-25 08:54:03 - [TEST_STEP][PASSED] - markPassed("result service data ke : " + no): result service data ke : 242

2022-11-25 08:54:03 - [MESSAGE][PASSED] - result service data ke : 242

2022-11-25 08:54:03 - [TEST_STEP][PASSED] - logInfo($response2): {"result_konsumen":"Reject","result_pasangan":"Reguler","Final_result":"Reject","errorMessage":"","status":"Done"}

2022-11-25 08:54:03 - [MESSAGE][INFO] - {"result_konsumen":"Reject","result_pasangan":"Reguler","Final_result":"Reject","errorMessage":"","status":"Done"}

2022-11-25 08:54:03 - [TEST_STEP][PASSED] - verifyElementPropertyValue(scoring, "Final_result", final_result): Verify element property value successfully

2022-11-25 08:54:03 - [MESSAGE][PASSED] - Verify element property value successfully]]></system-out>
         <system-err><![CDATA[]]></system-err>
      </testcase>
      <testcase name="Test Cases/Engine_Scoring/Engine Scoring" time="11.376" classname="Test Cases/Engine_Scoring/Engine Scoring" status="PASSED">
         <system-out><![CDATA[2022-11-25 08:54:04 - [TEST_CASE][PASSED] - Test Cases/Engine_Scoring/Engine Scoring: Test Cases/Engine_Scoring/Engine Scoring

2022-11-25 08:54:05 - [TEST_STEP][PASSED] - markPassed("Variasi data ke : " + no): Variasi data ke : 243

2022-11-25 08:54:05 - [MESSAGE][PASSED] - Variasi data ke : 243

2022-11-25 08:54:05 - [TEST_STEP][PASSED] - req_data = sendRequest(findTestObject("Search_ME", ["MID":MID, "source":source, "ip":ip, "userid":userid, "branch":branch, "tipekons":tipekons, "marital":marital, "penjamin":penjamin, ... ])): Send request successfully

2022-11-25 08:54:08 - [MESSAGE][INFO] - HAR: D:\DMS\Engine Scoring\Reports\20221125_084901\Exclude KKB - DS - Married\Scoring Married - DS\20221125_084901\requests\main\84.har

2022-11-25 08:54:08 - [MESSAGE][PASSED] - Send request successfully

2022-11-25 08:54:08 - [TEST_STEP][PASSED] - slurper = new groovy.json.JsonSlurper(): null

2022-11-25 08:54:08 - [TEST_STEP][PASSED] - result = slurper.parseText(req_data.getResponseBodyContent()): null

2022-11-25 08:54:08 - [TEST_STEP][PASSED] - reqid_kons = requestid1: null

2022-11-25 08:54:08 - [TEST_STEP][PASSED] - reqid_spouse = requestid2: null

2022-11-25 08:54:08 - [TEST_STEP][PASSED] - println("requestid kons : " + reqid_kons): null

2022-11-25 08:54:08 - [TEST_STEP][PASSED] - response_searchME_kons = reqid_kons: null

2022-11-25 08:54:08 - [TEST_STEP][PASSED] - response_searchME_spouse = reqid_spouse: null

2022-11-25 08:54:08 - [TEST_STEP][PASSED] - println("kons req id is :" + response_searchME_kons): null

2022-11-25 08:54:08 - [TEST_STEP][PASSED] - println("spouse req id is : " + response_searchME_spouse): null

2022-11-25 08:54:08 - [TEST_STEP][PASSED] - verifyResponseStatusCode(req_data, 200): Verify response status code successfully

2022-11-25 08:54:08 - [MESSAGE][PASSED] - Verify response status code successfully

2022-11-25 08:54:08 - [TEST_STEP][PASSED] - response = req_data.getResponseText(): null

2022-11-25 08:54:08 - [TEST_STEP][PASSED] - logInfo($response): {"status":"Done","data":{"requestid1":"254544","requestid2":"254545"}}

2022-11-25 08:54:08 - [MESSAGE][INFO] - {"status":"Done","data":{"requestid1":"254544","requestid2":"254545"}}

2022-11-25 08:54:08 - [TEST_STEP][PASSED] - delay(5): Delayed 5 second(s)

2022-11-25 08:54:13 - [MESSAGE][PASSED] - Delayed 5 second(s)

2022-11-25 08:54:13 - [TEST_STEP][PASSED] - scoring = sendRequest(findTestObject("EngineScore", ["response_searchME_kons":response_searchME_kons, "response_searchME_spouse":response_searchME_spouse])): Send request successfully

2022-11-25 08:54:15 - [MESSAGE][INFO] - HAR: D:\DMS\Engine Scoring\Reports\20221125_084901\Exclude KKB - DS - Married\Scoring Married - DS\20221125_084901\requests\main\85.har

2022-11-25 08:54:15 - [MESSAGE][PASSED] - Send request successfully

2022-11-25 08:54:15 - [TEST_STEP][PASSED] - verifyResponseStatusCode(scoring, 200): Verify response status code successfully

2022-11-25 08:54:15 - [MESSAGE][PASSED] - Verify response status code successfully

2022-11-25 08:54:15 - [TEST_STEP][PASSED] - response2 = scoring.getResponseText(): null

2022-11-25 08:54:15 - [TEST_STEP][PASSED] - markPassed("result service data ke : " + no): result service data ke : 243

2022-11-25 08:54:15 - [MESSAGE][PASSED] - result service data ke : 243

2022-11-25 08:54:15 - [TEST_STEP][PASSED] - logInfo($response2): {"result_konsumen":"Reject","result_pasangan":"Reguler","Final_result":"Reject","errorMessage":"","status":"Done"}

2022-11-25 08:54:15 - [MESSAGE][INFO] - {"result_konsumen":"Reject","result_pasangan":"Reguler","Final_result":"Reject","errorMessage":"","status":"Done"}

2022-11-25 08:54:15 - [TEST_STEP][PASSED] - verifyElementPropertyValue(scoring, "Final_result", final_result): Verify element property value successfully

2022-11-25 08:54:15 - [MESSAGE][PASSED] - Verify element property value successfully]]></system-out>
         <system-err><![CDATA[]]></system-err>
      </testcase>
      <testcase name="Test Cases/Engine_Scoring/Engine Scoring" time="11.972" classname="Test Cases/Engine_Scoring/Engine Scoring" status="PASSED">
         <system-out><![CDATA[2022-11-25 08:54:15 - [TEST_CASE][PASSED] - Test Cases/Engine_Scoring/Engine Scoring: Test Cases/Engine_Scoring/Engine Scoring

2022-11-25 08:54:16 - [TEST_STEP][PASSED] - markPassed("Variasi data ke : " + no): Variasi data ke : 244

2022-11-25 08:54:16 - [MESSAGE][PASSED] - Variasi data ke : 244

2022-11-25 08:54:16 - [TEST_STEP][PASSED] - req_data = sendRequest(findTestObject("Search_ME", ["MID":MID, "source":source, "ip":ip, "userid":userid, "branch":branch, "tipekons":tipekons, "marital":marital, "penjamin":penjamin, ... ])): Send request successfully

2022-11-25 08:54:19 - [MESSAGE][INFO] - HAR: D:\DMS\Engine Scoring\Reports\20221125_084901\Exclude KKB - DS - Married\Scoring Married - DS\20221125_084901\requests\main\86.har

2022-11-25 08:54:19 - [MESSAGE][PASSED] - Send request successfully

2022-11-25 08:54:19 - [TEST_STEP][PASSED] - slurper = new groovy.json.JsonSlurper(): null

2022-11-25 08:54:19 - [TEST_STEP][PASSED] - result = slurper.parseText(req_data.getResponseBodyContent()): null

2022-11-25 08:54:19 - [TEST_STEP][PASSED] - reqid_kons = requestid1: null

2022-11-25 08:54:19 - [TEST_STEP][PASSED] - reqid_spouse = requestid2: null

2022-11-25 08:54:19 - [TEST_STEP][PASSED] - println("requestid kons : " + reqid_kons): null

2022-11-25 08:54:19 - [TEST_STEP][PASSED] - response_searchME_kons = reqid_kons: null

2022-11-25 08:54:19 - [TEST_STEP][PASSED] - response_searchME_spouse = reqid_spouse: null

2022-11-25 08:54:19 - [TEST_STEP][PASSED] - println("kons req id is :" + response_searchME_kons): null

2022-11-25 08:54:19 - [TEST_STEP][PASSED] - println("spouse req id is : " + response_searchME_spouse): null

2022-11-25 08:54:19 - [TEST_STEP][PASSED] - verifyResponseStatusCode(req_data, 200): Verify response status code successfully

2022-11-25 08:54:19 - [MESSAGE][PASSED] - Verify response status code successfully

2022-11-25 08:54:19 - [TEST_STEP][PASSED] - response = req_data.getResponseText(): null

2022-11-25 08:54:19 - [TEST_STEP][PASSED] - logInfo($response): {"status":"Done","data":{"requestid1":"254546","requestid2":"254547"}}

2022-11-25 08:54:19 - [MESSAGE][INFO] - {"status":"Done","data":{"requestid1":"254546","requestid2":"254547"}}

2022-11-25 08:54:19 - [TEST_STEP][PASSED] - delay(5): Delayed 5 second(s)

2022-11-25 08:54:24 - [MESSAGE][PASSED] - Delayed 5 second(s)

2022-11-25 08:54:24 - [TEST_STEP][PASSED] - scoring = sendRequest(findTestObject("EngineScore", ["response_searchME_kons":response_searchME_kons, "response_searchME_spouse":response_searchME_spouse])): Send request successfully

2022-11-25 08:54:27 - [MESSAGE][INFO] - HAR: D:\DMS\Engine Scoring\Reports\20221125_084901\Exclude KKB - DS - Married\Scoring Married - DS\20221125_084901\requests\main\87.har

2022-11-25 08:54:27 - [MESSAGE][PASSED] - Send request successfully

2022-11-25 08:54:27 - [TEST_STEP][PASSED] - verifyResponseStatusCode(scoring, 200): Verify response status code successfully

2022-11-25 08:54:27 - [MESSAGE][PASSED] - Verify response status code successfully

2022-11-25 08:54:27 - [TEST_STEP][PASSED] - response2 = scoring.getResponseText(): null

2022-11-25 08:54:27 - [TEST_STEP][PASSED] - markPassed("result service data ke : " + no): result service data ke : 244

2022-11-25 08:54:27 - [MESSAGE][PASSED] - result service data ke : 244

2022-11-25 08:54:27 - [TEST_STEP][PASSED] - logInfo($response2): {"result_konsumen":"Approve","result_pasangan":"Approve","Final_result":"Approve","errorMessage":"","status":"Done"}

2022-11-25 08:54:27 - [MESSAGE][INFO] - {"result_konsumen":"Approve","result_pasangan":"Approve","Final_result":"Approve","errorMessage":"","status":"Done"}

2022-11-25 08:54:27 - [TEST_STEP][PASSED] - verifyElementPropertyValue(scoring, "Final_result", final_result): Verify element property value successfully

2022-11-25 08:54:27 - [MESSAGE][PASSED] - Verify element property value successfully]]></system-out>
         <system-err><![CDATA[]]></system-err>
      </testcase>
      <testcase name="Test Cases/Engine_Scoring/Engine Scoring" time="9.474" classname="Test Cases/Engine_Scoring/Engine Scoring" status="PASSED">
         <system-out><![CDATA[2022-11-25 08:54:28 - [TEST_CASE][PASSED] - Test Cases/Engine_Scoring/Engine Scoring: Test Cases/Engine_Scoring/Engine Scoring

2022-11-25 08:54:28 - [TEST_STEP][PASSED] - markPassed("Variasi data ke : " + no): Variasi data ke : 245

2022-11-25 08:54:28 - [MESSAGE][PASSED] - Variasi data ke : 245

2022-11-25 08:54:28 - [TEST_STEP][PASSED] - req_data = sendRequest(findTestObject("Search_ME", ["MID":MID, "source":source, "ip":ip, "userid":userid, "branch":branch, "tipekons":tipekons, "marital":marital, "penjamin":penjamin, ... ])): Send request successfully

2022-11-25 08:54:31 - [MESSAGE][INFO] - HAR: D:\DMS\Engine Scoring\Reports\20221125_084901\Exclude KKB - DS - Married\Scoring Married - DS\20221125_084901\requests\main\88.har

2022-11-25 08:54:31 - [MESSAGE][PASSED] - Send request successfully

2022-11-25 08:54:31 - [TEST_STEP][PASSED] - slurper = new groovy.json.JsonSlurper(): null

2022-11-25 08:54:31 - [TEST_STEP][PASSED] - result = slurper.parseText(req_data.getResponseBodyContent()): null

2022-11-25 08:54:31 - [TEST_STEP][PASSED] - reqid_kons = requestid1: null

2022-11-25 08:54:31 - [TEST_STEP][PASSED] - reqid_spouse = requestid2: null

2022-11-25 08:54:31 - [TEST_STEP][PASSED] - println("requestid kons : " + reqid_kons): null

2022-11-25 08:54:31 - [TEST_STEP][PASSED] - response_searchME_kons = reqid_kons: null

2022-11-25 08:54:31 - [TEST_STEP][PASSED] - response_searchME_spouse = reqid_spouse: null

2022-11-25 08:54:31 - [TEST_STEP][PASSED] - println("kons req id is :" + response_searchME_kons): null

2022-11-25 08:54:31 - [TEST_STEP][PASSED] - println("spouse req id is : " + response_searchME_spouse): null

2022-11-25 08:54:31 - [TEST_STEP][PASSED] - verifyResponseStatusCode(req_data, 200): Verify response status code successfully

2022-11-25 08:54:31 - [MESSAGE][PASSED] - Verify response status code successfully

2022-11-25 08:54:31 - [TEST_STEP][PASSED] - response = req_data.getResponseText(): null

2022-11-25 08:54:31 - [TEST_STEP][PASSED] - logInfo($response): {"status":"Done","data":{"requestid1":"254548","requestid2":"254549"}}

2022-11-25 08:54:31 - [MESSAGE][INFO] - {"status":"Done","data":{"requestid1":"254548","requestid2":"254549"}}

2022-11-25 08:54:31 - [TEST_STEP][PASSED] - delay(5): Delayed 5 second(s)

2022-11-25 08:54:36 - [MESSAGE][PASSED] - Delayed 5 second(s)

2022-11-25 08:54:36 - [TEST_STEP][PASSED] - scoring = sendRequest(findTestObject("EngineScore", ["response_searchME_kons":response_searchME_kons, "response_searchME_spouse":response_searchME_spouse])): Send request successfully

2022-11-25 08:54:37 - [MESSAGE][INFO] - HAR: D:\DMS\Engine Scoring\Reports\20221125_084901\Exclude KKB - DS - Married\Scoring Married - DS\20221125_084901\requests\main\89.har

2022-11-25 08:54:37 - [MESSAGE][PASSED] - Send request successfully

2022-11-25 08:54:37 - [TEST_STEP][PASSED] - verifyResponseStatusCode(scoring, 200): Verify response status code successfully

2022-11-25 08:54:37 - [MESSAGE][PASSED] - Verify response status code successfully

2022-11-25 08:54:37 - [TEST_STEP][PASSED] - response2 = scoring.getResponseText(): null

2022-11-25 08:54:37 - [TEST_STEP][PASSED] - markPassed("result service data ke : " + no): result service data ke : 245

2022-11-25 08:54:37 - [MESSAGE][PASSED] - result service data ke : 245

2022-11-25 08:54:37 - [TEST_STEP][PASSED] - logInfo($response2): {"result_konsumen":"Approve","result_pasangan":"Approve","Final_result":"Approve","errorMessage":"","status":"Done"}

2022-11-25 08:54:37 - [MESSAGE][INFO] - {"result_konsumen":"Approve","result_pasangan":"Approve","Final_result":"Approve","errorMessage":"","status":"Done"}

2022-11-25 08:54:37 - [TEST_STEP][PASSED] - verifyElementPropertyValue(scoring, "Final_result", final_result): Verify element property value successfully

2022-11-25 08:54:37 - [MESSAGE][PASSED] - Verify element property value successfully]]></system-out>
         <system-err><![CDATA[]]></system-err>
      </testcase>
      <testcase name="Test Cases/Engine_Scoring/Engine Scoring" time="6.724" classname="Test Cases/Engine_Scoring/Engine Scoring" status="PASSED">
         <system-out><![CDATA[2022-11-25 08:54:37 - [TEST_CASE][PASSED] - Test Cases/Engine_Scoring/Engine Scoring: Test Cases/Engine_Scoring/Engine Scoring

2022-11-25 08:54:38 - [TEST_STEP][PASSED] - markPassed("Variasi data ke : " + no): Variasi data ke : 246

2022-11-25 08:54:38 - [MESSAGE][PASSED] - Variasi data ke : 246

2022-11-25 08:54:38 - [TEST_STEP][PASSED] - req_data = sendRequest(findTestObject("Search_ME", ["MID":MID, "source":source, "ip":ip, "userid":userid, "branch":branch, "tipekons":tipekons, "marital":marital, "penjamin":penjamin, ... ])): Send request successfully

2022-11-25 08:54:39 - [MESSAGE][INFO] - HAR: D:\DMS\Engine Scoring\Reports\20221125_084901\Exclude KKB - DS - Married\Scoring Married - DS\20221125_084901\requests\main\90.har

2022-11-25 08:54:39 - [MESSAGE][PASSED] - Send request successfully

2022-11-25 08:54:39 - [TEST_STEP][PASSED] - slurper = new groovy.json.JsonSlurper(): null

2022-11-25 08:54:39 - [TEST_STEP][PASSED] - result = slurper.parseText(req_data.getResponseBodyContent()): null

2022-11-25 08:54:39 - [TEST_STEP][PASSED] - reqid_kons = requestid1: null

2022-11-25 08:54:39 - [TEST_STEP][PASSED] - reqid_spouse = requestid2: null

2022-11-25 08:54:39 - [TEST_STEP][PASSED] - println("requestid kons : " + reqid_kons): null

2022-11-25 08:54:39 - [TEST_STEP][PASSED] - response_searchME_kons = reqid_kons: null

2022-11-25 08:54:39 - [TEST_STEP][PASSED] - response_searchME_spouse = reqid_spouse: null

2022-11-25 08:54:39 - [TEST_STEP][PASSED] - println("kons req id is :" + response_searchME_kons): null

2022-11-25 08:54:39 - [TEST_STEP][PASSED] - println("spouse req id is : " + response_searchME_spouse): null

2022-11-25 08:54:39 - [TEST_STEP][PASSED] - verifyResponseStatusCode(req_data, 200): Verify response status code successfully

2022-11-25 08:54:39 - [MESSAGE][PASSED] - Verify response status code successfully

2022-11-25 08:54:39 - [TEST_STEP][PASSED] - response = req_data.getResponseText(): null

2022-11-25 08:54:39 - [TEST_STEP][PASSED] - logInfo($response): {"status":"Done","data":{"requestid1":"254550","requestid2":"254551"}}

2022-11-25 08:54:39 - [MESSAGE][INFO] - {"status":"Done","data":{"requestid1":"254550","requestid2":"254551"}}

2022-11-25 08:54:39 - [TEST_STEP][PASSED] - delay(5): Delayed 5 second(s)

2022-11-25 08:54:44 - [MESSAGE][PASSED] - Delayed 5 second(s)

2022-11-25 08:54:44 - [TEST_STEP][PASSED] - scoring = sendRequest(findTestObject("EngineScore", ["response_searchME_kons":response_searchME_kons, "response_searchME_spouse":response_searchME_spouse])): Send request successfully

2022-11-25 08:54:44 - [MESSAGE][INFO] - HAR: D:\DMS\Engine Scoring\Reports\20221125_084901\Exclude KKB - DS - Married\Scoring Married - DS\20221125_084901\requests\main\91.har

2022-11-25 08:54:44 - [MESSAGE][PASSED] - Send request successfully

2022-11-25 08:54:44 - [TEST_STEP][PASSED] - verifyResponseStatusCode(scoring, 200): Verify response status code successfully

2022-11-25 08:54:44 - [MESSAGE][PASSED] - Verify response status code successfully

2022-11-25 08:54:44 - [TEST_STEP][PASSED] - response2 = scoring.getResponseText(): null

2022-11-25 08:54:44 - [TEST_STEP][PASSED] - markPassed("result service data ke : " + no): result service data ke : 246

2022-11-25 08:54:44 - [MESSAGE][PASSED] - result service data ke : 246

2022-11-25 08:54:44 - [TEST_STEP][PASSED] - logInfo($response2): {"result_konsumen":"Approve","result_pasangan":"Approve","Final_result":"Approve","errorMessage":"","status":"Done"}

2022-11-25 08:54:44 - [MESSAGE][INFO] - {"result_konsumen":"Approve","result_pasangan":"Approve","Final_result":"Approve","errorMessage":"","status":"Done"}

2022-11-25 08:54:44 - [TEST_STEP][PASSED] - verifyElementPropertyValue(scoring, "Final_result", final_result): Verify element property value successfully

2022-11-25 08:54:44 - [MESSAGE][PASSED] - Verify element property value successfully]]></system-out>
         <system-err><![CDATA[]]></system-err>
      </testcase>
      <testcase name="Test Cases/Engine_Scoring/Engine Scoring" time="6.787" classname="Test Cases/Engine_Scoring/Engine Scoring" status="PASSED">
         <system-out><![CDATA[2022-11-25 08:54:44 - [TEST_CASE][PASSED] - Test Cases/Engine_Scoring/Engine Scoring: Test Cases/Engine_Scoring/Engine Scoring

2022-11-25 08:54:45 - [TEST_STEP][PASSED] - markPassed("Variasi data ke : " + no): Variasi data ke : 247

2022-11-25 08:54:45 - [MESSAGE][PASSED] - Variasi data ke : 247

2022-11-25 08:54:45 - [TEST_STEP][PASSED] - req_data = sendRequest(findTestObject("Search_ME", ["MID":MID, "source":source, "ip":ip, "userid":userid, "branch":branch, "tipekons":tipekons, "marital":marital, "penjamin":penjamin, ... ])): Send request successfully

2022-11-25 08:54:46 - [MESSAGE][INFO] - HAR: D:\DMS\Engine Scoring\Reports\20221125_084901\Exclude KKB - DS - Married\Scoring Married - DS\20221125_084901\requests\main\92.har

2022-11-25 08:54:46 - [MESSAGE][PASSED] - Send request successfully

2022-11-25 08:54:46 - [TEST_STEP][PASSED] - slurper = new groovy.json.JsonSlurper(): null

2022-11-25 08:54:46 - [TEST_STEP][PASSED] - result = slurper.parseText(req_data.getResponseBodyContent()): null

2022-11-25 08:54:46 - [TEST_STEP][PASSED] - reqid_kons = requestid1: null

2022-11-25 08:54:46 - [TEST_STEP][PASSED] - reqid_spouse = requestid2: null

2022-11-25 08:54:46 - [TEST_STEP][PASSED] - println("requestid kons : " + reqid_kons): null

2022-11-25 08:54:46 - [TEST_STEP][PASSED] - response_searchME_kons = reqid_kons: null

2022-11-25 08:54:46 - [TEST_STEP][PASSED] - response_searchME_spouse = reqid_spouse: null

2022-11-25 08:54:46 - [TEST_STEP][PASSED] - println("kons req id is :" + response_searchME_kons): null

2022-11-25 08:54:46 - [TEST_STEP][PASSED] - println("spouse req id is : " + response_searchME_spouse): null

2022-11-25 08:54:46 - [TEST_STEP][PASSED] - verifyResponseStatusCode(req_data, 200): Verify response status code successfully

2022-11-25 08:54:46 - [MESSAGE][PASSED] - Verify response status code successfully

2022-11-25 08:54:46 - [TEST_STEP][PASSED] - response = req_data.getResponseText(): null

2022-11-25 08:54:46 - [TEST_STEP][PASSED] - logInfo($response): {"status":"Done","data":{"requestid1":"254552","requestid2":"254553"}}

2022-11-25 08:54:46 - [MESSAGE][INFO] - {"status":"Done","data":{"requestid1":"254552","requestid2":"254553"}}

2022-11-25 08:54:46 - [TEST_STEP][PASSED] - delay(5): Delayed 5 second(s)

2022-11-25 08:54:51 - [MESSAGE][PASSED] - Delayed 5 second(s)

2022-11-25 08:54:51 - [TEST_STEP][PASSED] - scoring = sendRequest(findTestObject("EngineScore", ["response_searchME_kons":response_searchME_kons, "response_searchME_spouse":response_searchME_spouse])): Send request successfully

2022-11-25 08:54:51 - [MESSAGE][INFO] - HAR: D:\DMS\Engine Scoring\Reports\20221125_084901\Exclude KKB - DS - Married\Scoring Married - DS\20221125_084901\requests\main\93.har

2022-11-25 08:54:51 - [MESSAGE][PASSED] - Send request successfully

2022-11-25 08:54:51 - [TEST_STEP][PASSED] - verifyResponseStatusCode(scoring, 200): Verify response status code successfully

2022-11-25 08:54:51 - [MESSAGE][PASSED] - Verify response status code successfully

2022-11-25 08:54:51 - [TEST_STEP][PASSED] - response2 = scoring.getResponseText(): null

2022-11-25 08:54:51 - [TEST_STEP][PASSED] - markPassed("result service data ke : " + no): result service data ke : 247

2022-11-25 08:54:51 - [MESSAGE][PASSED] - result service data ke : 247

2022-11-25 08:54:51 - [TEST_STEP][PASSED] - logInfo($response2): {"result_konsumen":"Approve","result_pasangan":"Approve","Final_result":"Approve","errorMessage":"","status":"Done"}

2022-11-25 08:54:51 - [MESSAGE][INFO] - {"result_konsumen":"Approve","result_pasangan":"Approve","Final_result":"Approve","errorMessage":"","status":"Done"}

2022-11-25 08:54:51 - [TEST_STEP][PASSED] - verifyElementPropertyValue(scoring, "Final_result", final_result): Verify element property value successfully

2022-11-25 08:54:51 - [MESSAGE][PASSED] - Verify element property value successfully]]></system-out>
         <system-err><![CDATA[]]></system-err>
      </testcase>
      <testcase name="Test Cases/Engine_Scoring/Engine Scoring" time="6.65" classname="Test Cases/Engine_Scoring/Engine Scoring" status="PASSED">
         <system-out><![CDATA[2022-11-25 08:54:51 - [TEST_CASE][PASSED] - Test Cases/Engine_Scoring/Engine Scoring: Test Cases/Engine_Scoring/Engine Scoring

2022-11-25 08:54:52 - [TEST_STEP][PASSED] - markPassed("Variasi data ke : " + no): Variasi data ke : 248

2022-11-25 08:54:52 - [MESSAGE][PASSED] - Variasi data ke : 248

2022-11-25 08:54:52 - [TEST_STEP][PASSED] - req_data = sendRequest(findTestObject("Search_ME", ["MID":MID, "source":source, "ip":ip, "userid":userid, "branch":branch, "tipekons":tipekons, "marital":marital, "penjamin":penjamin, ... ])): Send request successfully

2022-11-25 08:54:52 - [MESSAGE][INFO] - HAR: D:\DMS\Engine Scoring\Reports\20221125_084901\Exclude KKB - DS - Married\Scoring Married - DS\20221125_084901\requests\main\94.har

2022-11-25 08:54:52 - [MESSAGE][PASSED] - Send request successfully

2022-11-25 08:54:52 - [TEST_STEP][PASSED] - slurper = new groovy.json.JsonSlurper(): null

2022-11-25 08:54:52 - [TEST_STEP][PASSED] - result = slurper.parseText(req_data.getResponseBodyContent()): null

2022-11-25 08:54:52 - [TEST_STEP][PASSED] - reqid_kons = requestid1: null

2022-11-25 08:54:52 - [TEST_STEP][PASSED] - reqid_spouse = requestid2: null

2022-11-25 08:54:52 - [TEST_STEP][PASSED] - println("requestid kons : " + reqid_kons): null

2022-11-25 08:54:52 - [TEST_STEP][PASSED] - response_searchME_kons = reqid_kons: null

2022-11-25 08:54:52 - [TEST_STEP][PASSED] - response_searchME_spouse = reqid_spouse: null

2022-11-25 08:54:52 - [TEST_STEP][PASSED] - println("kons req id is :" + response_searchME_kons): null

2022-11-25 08:54:52 - [TEST_STEP][PASSED] - println("spouse req id is : " + response_searchME_spouse): null

2022-11-25 08:54:52 - [TEST_STEP][PASSED] - verifyResponseStatusCode(req_data, 200): Verify response status code successfully

2022-11-25 08:54:52 - [MESSAGE][PASSED] - Verify response status code successfully

2022-11-25 08:54:52 - [TEST_STEP][PASSED] - response = req_data.getResponseText(): null

2022-11-25 08:54:52 - [TEST_STEP][PASSED] - logInfo($response): {"status":"Done","data":{"requestid1":"254554","requestid2":"254555"}}

2022-11-25 08:54:52 - [MESSAGE][INFO] - {"status":"Done","data":{"requestid1":"254554","requestid2":"254555"}}

2022-11-25 08:54:52 - [TEST_STEP][PASSED] - delay(5): Delayed 5 second(s)

2022-11-25 08:54:57 - [MESSAGE][PASSED] - Delayed 5 second(s)

2022-11-25 08:54:57 - [TEST_STEP][PASSED] - scoring = sendRequest(findTestObject("EngineScore", ["response_searchME_kons":response_searchME_kons, "response_searchME_spouse":response_searchME_spouse])): Send request successfully

2022-11-25 08:54:57 - [MESSAGE][INFO] - HAR: D:\DMS\Engine Scoring\Reports\20221125_084901\Exclude KKB - DS - Married\Scoring Married - DS\20221125_084901\requests\main\95.har

2022-11-25 08:54:57 - [MESSAGE][PASSED] - Send request successfully

2022-11-25 08:54:57 - [TEST_STEP][PASSED] - verifyResponseStatusCode(scoring, 200): Verify response status code successfully

2022-11-25 08:54:57 - [MESSAGE][PASSED] - Verify response status code successfully

2022-11-25 08:54:57 - [TEST_STEP][PASSED] - response2 = scoring.getResponseText(): null

2022-11-25 08:54:57 - [TEST_STEP][PASSED] - markPassed("result service data ke : " + no): result service data ke : 248

2022-11-25 08:54:57 - [MESSAGE][PASSED] - result service data ke : 248

2022-11-25 08:54:57 - [TEST_STEP][PASSED] - logInfo($response2): {"result_konsumen":"Approve","result_pasangan":"Reject","Final_result":"Reject","errorMessage":"","status":"Done"}

2022-11-25 08:54:57 - [MESSAGE][INFO] - {"result_konsumen":"Approve","result_pasangan":"Reject","Final_result":"Reject","errorMessage":"","status":"Done"}

2022-11-25 08:54:57 - [TEST_STEP][PASSED] - verifyElementPropertyValue(scoring, "Final_result", final_result): Verify element property value successfully

2022-11-25 08:54:57 - [MESSAGE][PASSED] - Verify element property value successfully]]></system-out>
         <system-err><![CDATA[]]></system-err>
      </testcase>
      <testcase name="Test Cases/Engine_Scoring/Engine Scoring" time="6.638" classname="Test Cases/Engine_Scoring/Engine Scoring" status="PASSED">
         <system-out><![CDATA[2022-11-25 08:54:57 - [TEST_CASE][PASSED] - Test Cases/Engine_Scoring/Engine Scoring: Test Cases/Engine_Scoring/Engine Scoring

2022-11-25 08:54:58 - [TEST_STEP][PASSED] - markPassed("Variasi data ke : " + no): Variasi data ke : 249

2022-11-25 08:54:58 - [MESSAGE][PASSED] - Variasi data ke : 249

2022-11-25 08:54:58 - [TEST_STEP][PASSED] - req_data = sendRequest(findTestObject("Search_ME", ["MID":MID, "source":source, "ip":ip, "userid":userid, "branch":branch, "tipekons":tipekons, "marital":marital, "penjamin":penjamin, ... ])): Send request successfully

2022-11-25 08:54:59 - [MESSAGE][INFO] - HAR: D:\DMS\Engine Scoring\Reports\20221125_084901\Exclude KKB - DS - Married\Scoring Married - DS\20221125_084901\requests\main\96.har

2022-11-25 08:54:59 - [MESSAGE][PASSED] - Send request successfully

2022-11-25 08:54:59 - [TEST_STEP][PASSED] - slurper = new groovy.json.JsonSlurper(): null

2022-11-25 08:54:59 - [TEST_STEP][PASSED] - result = slurper.parseText(req_data.getResponseBodyContent()): null

2022-11-25 08:54:59 - [TEST_STEP][PASSED] - reqid_kons = requestid1: null

2022-11-25 08:54:59 - [TEST_STEP][PASSED] - reqid_spouse = requestid2: null

2022-11-25 08:54:59 - [TEST_STEP][PASSED] - println("requestid kons : " + reqid_kons): null

2022-11-25 08:54:59 - [TEST_STEP][PASSED] - response_searchME_kons = reqid_kons: null

2022-11-25 08:54:59 - [TEST_STEP][PASSED] - response_searchME_spouse = reqid_spouse: null

2022-11-25 08:54:59 - [TEST_STEP][PASSED] - println("kons req id is :" + response_searchME_kons): null

2022-11-25 08:54:59 - [TEST_STEP][PASSED] - println("spouse req id is : " + response_searchME_spouse): null

2022-11-25 08:54:59 - [TEST_STEP][PASSED] - verifyResponseStatusCode(req_data, 200): Verify response status code successfully

2022-11-25 08:54:59 - [MESSAGE][PASSED] - Verify response status code successfully

2022-11-25 08:54:59 - [TEST_STEP][PASSED] - response = req_data.getResponseText(): null

2022-11-25 08:54:59 - [TEST_STEP][PASSED] - logInfo($response): {"status":"Done","data":{"requestid1":"254556","requestid2":"254557"}}

2022-11-25 08:54:59 - [MESSAGE][INFO] - {"status":"Done","data":{"requestid1":"254556","requestid2":"254557"}}

2022-11-25 08:54:59 - [TEST_STEP][PASSED] - delay(5): Delayed 5 second(s)

2022-11-25 08:55:04 - [MESSAGE][PASSED] - Delayed 5 second(s)

2022-11-25 08:55:04 - [TEST_STEP][PASSED] - scoring = sendRequest(findTestObject("EngineScore", ["response_searchME_kons":response_searchME_kons, "response_searchME_spouse":response_searchME_spouse])): Send request successfully

2022-11-25 08:55:04 - [MESSAGE][INFO] - HAR: D:\DMS\Engine Scoring\Reports\20221125_084901\Exclude KKB - DS - Married\Scoring Married - DS\20221125_084901\requests\main\97.har

2022-11-25 08:55:04 - [MESSAGE][PASSED] - Send request successfully

2022-11-25 08:55:04 - [TEST_STEP][PASSED] - verifyResponseStatusCode(scoring, 200): Verify response status code successfully

2022-11-25 08:55:04 - [MESSAGE][PASSED] - Verify response status code successfully

2022-11-25 08:55:04 - [TEST_STEP][PASSED] - response2 = scoring.getResponseText(): null

2022-11-25 08:55:04 - [TEST_STEP][PASSED] - markPassed("result service data ke : " + no): result service data ke : 249

2022-11-25 08:55:04 - [MESSAGE][PASSED] - result service data ke : 249

2022-11-25 08:55:04 - [TEST_STEP][PASSED] - logInfo($response2): {"result_konsumen":"Approve","result_pasangan":"Reject","Final_result":"Reject","errorMessage":"","status":"Done"}

2022-11-25 08:55:04 - [MESSAGE][INFO] - {"result_konsumen":"Approve","result_pasangan":"Reject","Final_result":"Reject","errorMessage":"","status":"Done"}

2022-11-25 08:55:04 - [TEST_STEP][PASSED] - verifyElementPropertyValue(scoring, "Final_result", final_result): Verify element property value successfully

2022-11-25 08:55:04 - [MESSAGE][PASSED] - Verify element property value successfully]]></system-out>
         <system-err><![CDATA[]]></system-err>
      </testcase>
      <testcase name="Test Cases/Engine_Scoring/Engine Scoring" time="6.851" classname="Test Cases/Engine_Scoring/Engine Scoring" status="PASSED">
         <system-out><![CDATA[2022-11-25 08:55:04 - [TEST_CASE][PASSED] - Test Cases/Engine_Scoring/Engine Scoring: Test Cases/Engine_Scoring/Engine Scoring

2022-11-25 08:55:05 - [TEST_STEP][PASSED] - markPassed("Variasi data ke : " + no): Variasi data ke : 250

2022-11-25 08:55:05 - [MESSAGE][PASSED] - Variasi data ke : 250

2022-11-25 08:55:05 - [TEST_STEP][PASSED] - req_data = sendRequest(findTestObject("Search_ME", ["MID":MID, "source":source, "ip":ip, "userid":userid, "branch":branch, "tipekons":tipekons, "marital":marital, "penjamin":penjamin, ... ])): Send request successfully

2022-11-25 08:55:06 - [MESSAGE][INFO] - HAR: D:\DMS\Engine Scoring\Reports\20221125_084901\Exclude KKB - DS - Married\Scoring Married - DS\20221125_084901\requests\main\98.har

2022-11-25 08:55:06 - [MESSAGE][PASSED] - Send request successfully

2022-11-25 08:55:06 - [TEST_STEP][PASSED] - slurper = new groovy.json.JsonSlurper(): null

2022-11-25 08:55:06 - [TEST_STEP][PASSED] - result = slurper.parseText(req_data.getResponseBodyContent()): null

2022-11-25 08:55:06 - [TEST_STEP][PASSED] - reqid_kons = requestid1: null

2022-11-25 08:55:06 - [TEST_STEP][PASSED] - reqid_spouse = requestid2: null

2022-11-25 08:55:06 - [TEST_STEP][PASSED] - println("requestid kons : " + reqid_kons): null

2022-11-25 08:55:06 - [TEST_STEP][PASSED] - response_searchME_kons = reqid_kons: null

2022-11-25 08:55:06 - [TEST_STEP][PASSED] - response_searchME_spouse = reqid_spouse: null

2022-11-25 08:55:06 - [TEST_STEP][PASSED] - println("kons req id is :" + response_searchME_kons): null

2022-11-25 08:55:06 - [TEST_STEP][PASSED] - println("spouse req id is : " + response_searchME_spouse): null

2022-11-25 08:55:06 - [TEST_STEP][PASSED] - verifyResponseStatusCode(req_data, 200): Verify response status code successfully

2022-11-25 08:55:06 - [MESSAGE][PASSED] - Verify response status code successfully

2022-11-25 08:55:06 - [TEST_STEP][PASSED] - response = req_data.getResponseText(): null

2022-11-25 08:55:06 - [TEST_STEP][PASSED] - logInfo($response): {"status":"Done","data":{"requestid1":"254558","requestid2":"254559"}}

2022-11-25 08:55:06 - [MESSAGE][INFO] - {"status":"Done","data":{"requestid1":"254558","requestid2":"254559"}}

2022-11-25 08:55:06 - [TEST_STEP][PASSED] - delay(5): Delayed 5 second(s)

2022-11-25 08:55:11 - [MESSAGE][PASSED] - Delayed 5 second(s)

2022-11-25 08:55:11 - [TEST_STEP][PASSED] - scoring = sendRequest(findTestObject("EngineScore", ["response_searchME_kons":response_searchME_kons, "response_searchME_spouse":response_searchME_spouse])): Send request successfully

2022-11-25 08:55:11 - [MESSAGE][INFO] - HAR: D:\DMS\Engine Scoring\Reports\20221125_084901\Exclude KKB - DS - Married\Scoring Married - DS\20221125_084901\requests\main\99.har

2022-11-25 08:55:11 - [MESSAGE][PASSED] - Send request successfully

2022-11-25 08:55:11 - [TEST_STEP][PASSED] - verifyResponseStatusCode(scoring, 200): Verify response status code successfully

2022-11-25 08:55:11 - [MESSAGE][PASSED] - Verify response status code successfully

2022-11-25 08:55:11 - [TEST_STEP][PASSED] - response2 = scoring.getResponseText(): null

2022-11-25 08:55:11 - [TEST_STEP][PASSED] - markPassed("result service data ke : " + no): result service data ke : 250

2022-11-25 08:55:11 - [MESSAGE][PASSED] - result service data ke : 250

2022-11-25 08:55:11 - [TEST_STEP][PASSED] - logInfo($response2): {"result_konsumen":"Approve","result_pasangan":"Reguler","Final_result":"Approve","errorMessage":"","status":"Done"}

2022-11-25 08:55:11 - [MESSAGE][INFO] - {"result_konsumen":"Approve","result_pasangan":"Reguler","Final_result":"Approve","errorMessage":"","status":"Done"}

2022-11-25 08:55:11 - [TEST_STEP][PASSED] - verifyElementPropertyValue(scoring, "Final_result", final_result): Verify element property value successfully

2022-11-25 08:55:11 - [MESSAGE][PASSED] - Verify element property value successfully]]></system-out>
         <system-err><![CDATA[]]></system-err>
      </testcase>
      <testcase name="Test Cases/Engine_Scoring/Engine Scoring" time="6.793" classname="Test Cases/Engine_Scoring/Engine Scoring" status="PASSED">
         <system-out><![CDATA[2022-11-25 08:55:11 - [TEST_CASE][PASSED] - Test Cases/Engine_Scoring/Engine Scoring: Test Cases/Engine_Scoring/Engine Scoring

2022-11-25 08:55:12 - [TEST_STEP][PASSED] - markPassed("Variasi data ke : " + no): Variasi data ke : 251

2022-11-25 08:55:12 - [MESSAGE][PASSED] - Variasi data ke : 251

2022-11-25 08:55:12 - [TEST_STEP][PASSED] - req_data = sendRequest(findTestObject("Search_ME", ["MID":MID, "source":source, "ip":ip, "userid":userid, "branch":branch, "tipekons":tipekons, "marital":marital, "penjamin":penjamin, ... ])): Send request successfully

2022-11-25 08:55:13 - [MESSAGE][INFO] - HAR: D:\DMS\Engine Scoring\Reports\20221125_084901\Exclude KKB - DS - Married\Scoring Married - DS\20221125_084901\requests\main\100.har

2022-11-25 08:55:13 - [MESSAGE][PASSED] - Send request successfully

2022-11-25 08:55:13 - [TEST_STEP][PASSED] - slurper = new groovy.json.JsonSlurper(): null

2022-11-25 08:55:13 - [TEST_STEP][PASSED] - result = slurper.parseText(req_data.getResponseBodyContent()): null

2022-11-25 08:55:13 - [TEST_STEP][PASSED] - reqid_kons = requestid1: null

2022-11-25 08:55:13 - [TEST_STEP][PASSED] - reqid_spouse = requestid2: null

2022-11-25 08:55:13 - [TEST_STEP][PASSED] - println("requestid kons : " + reqid_kons): null

2022-11-25 08:55:13 - [TEST_STEP][PASSED] - response_searchME_kons = reqid_kons: null

2022-11-25 08:55:13 - [TEST_STEP][PASSED] - response_searchME_spouse = reqid_spouse: null

2022-11-25 08:55:13 - [TEST_STEP][PASSED] - println("kons req id is :" + response_searchME_kons): null

2022-11-25 08:55:13 - [TEST_STEP][PASSED] - println("spouse req id is : " + response_searchME_spouse): null

2022-11-25 08:55:13 - [TEST_STEP][PASSED] - verifyResponseStatusCode(req_data, 200): Verify response status code successfully

2022-11-25 08:55:13 - [MESSAGE][PASSED] - Verify response status code successfully

2022-11-25 08:55:13 - [TEST_STEP][PASSED] - response = req_data.getResponseText(): null

2022-11-25 08:55:13 - [TEST_STEP][PASSED] - logInfo($response): {"status":"Done","data":{"requestid1":"254560","requestid2":"254561"}}

2022-11-25 08:55:13 - [MESSAGE][INFO] - {"status":"Done","data":{"requestid1":"254560","requestid2":"254561"}}

2022-11-25 08:55:13 - [TEST_STEP][PASSED] - delay(5): Delayed 5 second(s)

2022-11-25 08:55:18 - [MESSAGE][PASSED] - Delayed 5 second(s)

2022-11-25 08:55:18 - [TEST_STEP][PASSED] - scoring = sendRequest(findTestObject("EngineScore", ["response_searchME_kons":response_searchME_kons, "response_searchME_spouse":response_searchME_spouse])): Send request successfully

2022-11-25 08:55:18 - [MESSAGE][INFO] - HAR: D:\DMS\Engine Scoring\Reports\20221125_084901\Exclude KKB - DS - Married\Scoring Married - DS\20221125_084901\requests\main\101.har

2022-11-25 08:55:18 - [MESSAGE][PASSED] - Send request successfully

2022-11-25 08:55:18 - [TEST_STEP][PASSED] - verifyResponseStatusCode(scoring, 200): Verify response status code successfully

2022-11-25 08:55:18 - [MESSAGE][PASSED] - Verify response status code successfully

2022-11-25 08:55:18 - [TEST_STEP][PASSED] - response2 = scoring.getResponseText(): null

2022-11-25 08:55:18 - [TEST_STEP][PASSED] - markPassed("result service data ke : " + no): result service data ke : 251

2022-11-25 08:55:18 - [MESSAGE][PASSED] - result service data ke : 251

2022-11-25 08:55:18 - [TEST_STEP][PASSED] - logInfo($response2): {"result_konsumen":"Approve","result_pasangan":"Reguler","Final_result":"Approve","errorMessage":"","status":"Done"}

2022-11-25 08:55:18 - [MESSAGE][INFO] - {"result_konsumen":"Approve","result_pasangan":"Reguler","Final_result":"Approve","errorMessage":"","status":"Done"}

2022-11-25 08:55:18 - [TEST_STEP][PASSED] - verifyElementPropertyValue(scoring, "Final_result", final_result): Verify element property value successfully

2022-11-25 08:55:18 - [MESSAGE][PASSED] - Verify element property value successfully]]></system-out>
         <system-err><![CDATA[]]></system-err>
      </testcase>
      <testcase name="Test Cases/Engine_Scoring/Engine Scoring" time="6.669" classname="Test Cases/Engine_Scoring/Engine Scoring" status="PASSED">
         <system-out><![CDATA[2022-11-25 08:55:18 - [TEST_CASE][PASSED] - Test Cases/Engine_Scoring/Engine Scoring: Test Cases/Engine_Scoring/Engine Scoring

2022-11-25 08:55:19 - [TEST_STEP][PASSED] - markPassed("Variasi data ke : " + no): Variasi data ke : 252

2022-11-25 08:55:19 - [MESSAGE][PASSED] - Variasi data ke : 252

2022-11-25 08:55:19 - [TEST_STEP][PASSED] - req_data = sendRequest(findTestObject("Search_ME", ["MID":MID, "source":source, "ip":ip, "userid":userid, "branch":branch, "tipekons":tipekons, "marital":marital, "penjamin":penjamin, ... ])): Send request successfully

2022-11-25 08:55:19 - [MESSAGE][INFO] - HAR: D:\DMS\Engine Scoring\Reports\20221125_084901\Exclude KKB - DS - Married\Scoring Married - DS\20221125_084901\requests\main\102.har

2022-11-25 08:55:20 - [MESSAGE][PASSED] - Send request successfully

2022-11-25 08:55:20 - [TEST_STEP][PASSED] - slurper = new groovy.json.JsonSlurper(): null

2022-11-25 08:55:20 - [TEST_STEP][PASSED] - result = slurper.parseText(req_data.getResponseBodyContent()): null

2022-11-25 08:55:20 - [TEST_STEP][PASSED] - reqid_kons = requestid1: null

2022-11-25 08:55:20 - [TEST_STEP][PASSED] - reqid_spouse = requestid2: null

2022-11-25 08:55:20 - [TEST_STEP][PASSED] - println("requestid kons : " + reqid_kons): null

2022-11-25 08:55:20 - [TEST_STEP][PASSED] - response_searchME_kons = reqid_kons: null

2022-11-25 08:55:20 - [TEST_STEP][PASSED] - response_searchME_spouse = reqid_spouse: null

2022-11-25 08:55:20 - [TEST_STEP][PASSED] - println("kons req id is :" + response_searchME_kons): null

2022-11-25 08:55:20 - [TEST_STEP][PASSED] - println("spouse req id is : " + response_searchME_spouse): null

2022-11-25 08:55:20 - [TEST_STEP][PASSED] - verifyResponseStatusCode(req_data, 200): Verify response status code successfully

2022-11-25 08:55:20 - [MESSAGE][PASSED] - Verify response status code successfully

2022-11-25 08:55:20 - [TEST_STEP][PASSED] - response = req_data.getResponseText(): null

2022-11-25 08:55:20 - [TEST_STEP][PASSED] - logInfo($response): {"status":"Done","data":{"requestid1":"254562","requestid2":"254563"}}

2022-11-25 08:55:20 - [MESSAGE][INFO] - {"status":"Done","data":{"requestid1":"254562","requestid2":"254563"}}

2022-11-25 08:55:20 - [TEST_STEP][PASSED] - delay(5): Delayed 5 second(s)

2022-11-25 08:55:25 - [MESSAGE][PASSED] - Delayed 5 second(s)

2022-11-25 08:55:25 - [TEST_STEP][PASSED] - scoring = sendRequest(findTestObject("EngineScore", ["response_searchME_kons":response_searchME_kons, "response_searchME_spouse":response_searchME_spouse])): Send request successfully

2022-11-25 08:55:25 - [MESSAGE][INFO] - HAR: D:\DMS\Engine Scoring\Reports\20221125_084901\Exclude KKB - DS - Married\Scoring Married - DS\20221125_084901\requests\main\103.har

2022-11-25 08:55:25 - [MESSAGE][PASSED] - Send request successfully

2022-11-25 08:55:25 - [TEST_STEP][PASSED] - verifyResponseStatusCode(scoring, 200): Verify response status code successfully

2022-11-25 08:55:25 - [MESSAGE][PASSED] - Verify response status code successfully

2022-11-25 08:55:25 - [TEST_STEP][PASSED] - response2 = scoring.getResponseText(): null

2022-11-25 08:55:25 - [TEST_STEP][PASSED] - markPassed("result service data ke : " + no): result service data ke : 252

2022-11-25 08:55:25 - [MESSAGE][PASSED] - result service data ke : 252

2022-11-25 08:55:25 - [TEST_STEP][PASSED] - logInfo($response2): {"result_konsumen":"Approve","result_pasangan":"Reguler","Final_result":"Approve","errorMessage":"","status":"Done"}

2022-11-25 08:55:25 - [MESSAGE][INFO] - {"result_konsumen":"Approve","result_pasangan":"Reguler","Final_result":"Approve","errorMessage":"","status":"Done"}

2022-11-25 08:55:25 - [TEST_STEP][PASSED] - verifyElementPropertyValue(scoring, "Final_result", final_result): Verify element property value successfully

2022-11-25 08:55:25 - [MESSAGE][PASSED] - Verify element property value successfully]]></system-out>
         <system-err><![CDATA[]]></system-err>
      </testcase>
      <testcase name="Test Cases/Engine_Scoring/Engine Scoring" time="6.787" classname="Test Cases/Engine_Scoring/Engine Scoring" status="PASSED">
         <system-out><![CDATA[2022-11-25 08:55:25 - [TEST_CASE][PASSED] - Test Cases/Engine_Scoring/Engine Scoring: Test Cases/Engine_Scoring/Engine Scoring

2022-11-25 08:55:25 - [TEST_STEP][PASSED] - markPassed("Variasi data ke : " + no): Variasi data ke : 253

2022-11-25 08:55:25 - [MESSAGE][PASSED] - Variasi data ke : 253

2022-11-25 08:55:25 - [TEST_STEP][PASSED] - req_data = sendRequest(findTestObject("Search_ME", ["MID":MID, "source":source, "ip":ip, "userid":userid, "branch":branch, "tipekons":tipekons, "marital":marital, "penjamin":penjamin, ... ])): Send request successfully

2022-11-25 08:55:26 - [MESSAGE][INFO] - HAR: D:\DMS\Engine Scoring\Reports\20221125_084901\Exclude KKB - DS - Married\Scoring Married - DS\20221125_084901\requests\main\104.har

2022-11-25 08:55:26 - [MESSAGE][PASSED] - Send request successfully

2022-11-25 08:55:26 - [TEST_STEP][PASSED] - slurper = new groovy.json.JsonSlurper(): null

2022-11-25 08:55:26 - [TEST_STEP][PASSED] - result = slurper.parseText(req_data.getResponseBodyContent()): null

2022-11-25 08:55:26 - [TEST_STEP][PASSED] - reqid_kons = requestid1: null

2022-11-25 08:55:26 - [TEST_STEP][PASSED] - reqid_spouse = requestid2: null

2022-11-25 08:55:26 - [TEST_STEP][PASSED] - println("requestid kons : " + reqid_kons): null

2022-11-25 08:55:26 - [TEST_STEP][PASSED] - response_searchME_kons = reqid_kons: null

2022-11-25 08:55:26 - [TEST_STEP][PASSED] - response_searchME_spouse = reqid_spouse: null

2022-11-25 08:55:26 - [TEST_STEP][PASSED] - println("kons req id is :" + response_searchME_kons): null

2022-11-25 08:55:26 - [TEST_STEP][PASSED] - println("spouse req id is : " + response_searchME_spouse): null

2022-11-25 08:55:26 - [TEST_STEP][PASSED] - verifyResponseStatusCode(req_data, 200): Verify response status code successfully

2022-11-25 08:55:26 - [MESSAGE][PASSED] - Verify response status code successfully

2022-11-25 08:55:26 - [TEST_STEP][PASSED] - response = req_data.getResponseText(): null

2022-11-25 08:55:26 - [TEST_STEP][PASSED] - logInfo($response): {"status":"Done","data":{"requestid1":"254564","requestid2":"254565"}}

2022-11-25 08:55:26 - [MESSAGE][INFO] - {"status":"Done","data":{"requestid1":"254564","requestid2":"254565"}}

2022-11-25 08:55:26 - [TEST_STEP][PASSED] - delay(5): Delayed 5 second(s)

2022-11-25 08:55:31 - [MESSAGE][PASSED] - Delayed 5 second(s)

2022-11-25 08:55:31 - [TEST_STEP][PASSED] - scoring = sendRequest(findTestObject("EngineScore", ["response_searchME_kons":response_searchME_kons, "response_searchME_spouse":response_searchME_spouse])): Send request successfully

2022-11-25 08:55:31 - [MESSAGE][INFO] - HAR: D:\DMS\Engine Scoring\Reports\20221125_084901\Exclude KKB - DS - Married\Scoring Married - DS\20221125_084901\requests\main\105.har

2022-11-25 08:55:31 - [MESSAGE][PASSED] - Send request successfully

2022-11-25 08:55:31 - [TEST_STEP][PASSED] - verifyResponseStatusCode(scoring, 200): Verify response status code successfully

2022-11-25 08:55:31 - [MESSAGE][PASSED] - Verify response status code successfully

2022-11-25 08:55:31 - [TEST_STEP][PASSED] - response2 = scoring.getResponseText(): null

2022-11-25 08:55:31 - [TEST_STEP][PASSED] - markPassed("result service data ke : " + no): result service data ke : 253

2022-11-25 08:55:31 - [MESSAGE][PASSED] - result service data ke : 253

2022-11-25 08:55:31 - [TEST_STEP][PASSED] - logInfo($response2): {"result_konsumen":"Approve","result_pasangan":"Reject","Final_result":"Reject","errorMessage":"","status":"Done"}

2022-11-25 08:55:31 - [MESSAGE][INFO] - {"result_konsumen":"Approve","result_pasangan":"Reject","Final_result":"Reject","errorMessage":"","status":"Done"}

2022-11-25 08:55:31 - [TEST_STEP][PASSED] - verifyElementPropertyValue(scoring, "Final_result", final_result): Verify element property value successfully

2022-11-25 08:55:31 - [MESSAGE][PASSED] - Verify element property value successfully]]></system-out>
         <system-err><![CDATA[]]></system-err>
      </testcase>
      <testcase name="Test Cases/Engine_Scoring/Engine Scoring" time="6.878" classname="Test Cases/Engine_Scoring/Engine Scoring" status="PASSED">
         <system-out><![CDATA[2022-11-25 08:55:32 - [TEST_CASE][PASSED] - Test Cases/Engine_Scoring/Engine Scoring: Test Cases/Engine_Scoring/Engine Scoring

2022-11-25 08:55:32 - [TEST_STEP][PASSED] - markPassed("Variasi data ke : " + no): Variasi data ke : 254

2022-11-25 08:55:32 - [MESSAGE][PASSED] - Variasi data ke : 254

2022-11-25 08:55:32 - [TEST_STEP][PASSED] - req_data = sendRequest(findTestObject("Search_ME", ["MID":MID, "source":source, "ip":ip, "userid":userid, "branch":branch, "tipekons":tipekons, "marital":marital, "penjamin":penjamin, ... ])): Send request successfully

2022-11-25 08:55:33 - [MESSAGE][INFO] - HAR: D:\DMS\Engine Scoring\Reports\20221125_084901\Exclude KKB - DS - Married\Scoring Married - DS\20221125_084901\requests\main\106.har

2022-11-25 08:55:33 - [MESSAGE][PASSED] - Send request successfully

2022-11-25 08:55:33 - [TEST_STEP][PASSED] - slurper = new groovy.json.JsonSlurper(): null

2022-11-25 08:55:33 - [TEST_STEP][PASSED] - result = slurper.parseText(req_data.getResponseBodyContent()): null

2022-11-25 08:55:33 - [TEST_STEP][PASSED] - reqid_kons = requestid1: null

2022-11-25 08:55:33 - [TEST_STEP][PASSED] - reqid_spouse = requestid2: null

2022-11-25 08:55:33 - [TEST_STEP][PASSED] - println("requestid kons : " + reqid_kons): null

2022-11-25 08:55:33 - [TEST_STEP][PASSED] - response_searchME_kons = reqid_kons: null

2022-11-25 08:55:33 - [TEST_STEP][PASSED] - response_searchME_spouse = reqid_spouse: null

2022-11-25 08:55:33 - [TEST_STEP][PASSED] - println("kons req id is :" + response_searchME_kons): null

2022-11-25 08:55:33 - [TEST_STEP][PASSED] - println("spouse req id is : " + response_searchME_spouse): null

2022-11-25 08:55:33 - [TEST_STEP][PASSED] - verifyResponseStatusCode(req_data, 200): Verify response status code successfully

2022-11-25 08:55:33 - [MESSAGE][PASSED] - Verify response status code successfully

2022-11-25 08:55:33 - [TEST_STEP][PASSED] - response = req_data.getResponseText(): null

2022-11-25 08:55:33 - [TEST_STEP][PASSED] - logInfo($response): {"status":"Done","data":{"requestid1":"254566","requestid2":"254567"}}

2022-11-25 08:55:33 - [MESSAGE][INFO] - {"status":"Done","data":{"requestid1":"254566","requestid2":"254567"}}

2022-11-25 08:55:33 - [TEST_STEP][PASSED] - delay(5): Delayed 5 second(s)

2022-11-25 08:55:38 - [MESSAGE][PASSED] - Delayed 5 second(s)

2022-11-25 08:55:38 - [TEST_STEP][PASSED] - scoring = sendRequest(findTestObject("EngineScore", ["response_searchME_kons":response_searchME_kons, "response_searchME_spouse":response_searchME_spouse])): Send request successfully

2022-11-25 08:55:38 - [MESSAGE][INFO] - HAR: D:\DMS\Engine Scoring\Reports\20221125_084901\Exclude KKB - DS - Married\Scoring Married - DS\20221125_084901\requests\main\107.har

2022-11-25 08:55:38 - [MESSAGE][PASSED] - Send request successfully

2022-11-25 08:55:38 - [TEST_STEP][PASSED] - verifyResponseStatusCode(scoring, 200): Verify response status code successfully

2022-11-25 08:55:38 - [MESSAGE][PASSED] - Verify response status code successfully

2022-11-25 08:55:38 - [TEST_STEP][PASSED] - response2 = scoring.getResponseText(): null

2022-11-25 08:55:38 - [TEST_STEP][PASSED] - markPassed("result service data ke : " + no): result service data ke : 254

2022-11-25 08:55:38 - [MESSAGE][PASSED] - result service data ke : 254

2022-11-25 08:55:38 - [TEST_STEP][PASSED] - logInfo($response2): {"result_konsumen":"Approve","result_pasangan":"Reject","Final_result":"Reject","errorMessage":"","status":"Done"}

2022-11-25 08:55:38 - [MESSAGE][INFO] - {"result_konsumen":"Approve","result_pasangan":"Reject","Final_result":"Reject","errorMessage":"","status":"Done"}

2022-11-25 08:55:38 - [TEST_STEP][PASSED] - verifyElementPropertyValue(scoring, "Final_result", final_result): Verify element property value successfully

2022-11-25 08:55:38 - [MESSAGE][PASSED] - Verify element property value successfully]]></system-out>
         <system-err><![CDATA[]]></system-err>
      </testcase>
      <testcase name="Test Cases/Engine_Scoring/Engine Scoring" time="6.712" classname="Test Cases/Engine_Scoring/Engine Scoring" status="PASSED">
         <system-out><![CDATA[2022-11-25 08:55:38 - [TEST_CASE][PASSED] - Test Cases/Engine_Scoring/Engine Scoring: Test Cases/Engine_Scoring/Engine Scoring

2022-11-25 08:55:39 - [TEST_STEP][PASSED] - markPassed("Variasi data ke : " + no): Variasi data ke : 255

2022-11-25 08:55:39 - [MESSAGE][PASSED] - Variasi data ke : 255

2022-11-25 08:55:39 - [TEST_STEP][PASSED] - req_data = sendRequest(findTestObject("Search_ME", ["MID":MID, "source":source, "ip":ip, "userid":userid, "branch":branch, "tipekons":tipekons, "marital":marital, "penjamin":penjamin, ... ])): Send request successfully

2022-11-25 08:55:40 - [MESSAGE][INFO] - HAR: D:\DMS\Engine Scoring\Reports\20221125_084901\Exclude KKB - DS - Married\Scoring Married - DS\20221125_084901\requests\main\108.har

2022-11-25 08:55:40 - [MESSAGE][PASSED] - Send request successfully

2022-11-25 08:55:40 - [TEST_STEP][PASSED] - slurper = new groovy.json.JsonSlurper(): null

2022-11-25 08:55:40 - [TEST_STEP][PASSED] - result = slurper.parseText(req_data.getResponseBodyContent()): null

2022-11-25 08:55:40 - [TEST_STEP][PASSED] - reqid_kons = requestid1: null

2022-11-25 08:55:40 - [TEST_STEP][PASSED] - reqid_spouse = requestid2: null

2022-11-25 08:55:40 - [TEST_STEP][PASSED] - println("requestid kons : " + reqid_kons): null

2022-11-25 08:55:40 - [TEST_STEP][PASSED] - response_searchME_kons = reqid_kons: null

2022-11-25 08:55:40 - [TEST_STEP][PASSED] - response_searchME_spouse = reqid_spouse: null

2022-11-25 08:55:40 - [TEST_STEP][PASSED] - println("kons req id is :" + response_searchME_kons): null

2022-11-25 08:55:40 - [TEST_STEP][PASSED] - println("spouse req id is : " + response_searchME_spouse): null

2022-11-25 08:55:40 - [TEST_STEP][PASSED] - verifyResponseStatusCode(req_data, 200): Verify response status code successfully

2022-11-25 08:55:40 - [MESSAGE][PASSED] - Verify response status code successfully

2022-11-25 08:55:40 - [TEST_STEP][PASSED] - response = req_data.getResponseText(): null

2022-11-25 08:55:40 - [TEST_STEP][PASSED] - logInfo($response): {"status":"Done","data":{"requestid1":"254568","requestid2":"254569"}}

2022-11-25 08:55:40 - [MESSAGE][INFO] - {"status":"Done","data":{"requestid1":"254568","requestid2":"254569"}}

2022-11-25 08:55:40 - [TEST_STEP][PASSED] - delay(5): Delayed 5 second(s)

2022-11-25 08:55:45 - [MESSAGE][PASSED] - Delayed 5 second(s)

2022-11-25 08:55:45 - [TEST_STEP][PASSED] - scoring = sendRequest(findTestObject("EngineScore", ["response_searchME_kons":response_searchME_kons, "response_searchME_spouse":response_searchME_spouse])): Send request successfully

2022-11-25 08:55:45 - [MESSAGE][INFO] - HAR: D:\DMS\Engine Scoring\Reports\20221125_084901\Exclude KKB - DS - Married\Scoring Married - DS\20221125_084901\requests\main\109.har

2022-11-25 08:55:45 - [MESSAGE][PASSED] - Send request successfully

2022-11-25 08:55:45 - [TEST_STEP][PASSED] - verifyResponseStatusCode(scoring, 200): Verify response status code successfully

2022-11-25 08:55:45 - [MESSAGE][PASSED] - Verify response status code successfully

2022-11-25 08:55:45 - [TEST_STEP][PASSED] - response2 = scoring.getResponseText(): null

2022-11-25 08:55:45 - [TEST_STEP][PASSED] - markPassed("result service data ke : " + no): result service data ke : 255

2022-11-25 08:55:45 - [MESSAGE][PASSED] - result service data ke : 255

2022-11-25 08:55:45 - [TEST_STEP][PASSED] - logInfo($response2): {"result_konsumen":"Approve","result_pasangan":"Reject","Final_result":"Reject","errorMessage":"","status":"Done"}

2022-11-25 08:55:45 - [MESSAGE][INFO] - {"result_konsumen":"Approve","result_pasangan":"Reject","Final_result":"Reject","errorMessage":"","status":"Done"}

2022-11-25 08:55:45 - [TEST_STEP][PASSED] - verifyElementPropertyValue(scoring, "Final_result", final_result): Verify element property value successfully

2022-11-25 08:55:45 - [MESSAGE][PASSED] - Verify element property value successfully]]></system-out>
         <system-err><![CDATA[]]></system-err>
      </testcase>
      <testcase name="Test Cases/Engine_Scoring/Engine Scoring" time="6.646" classname="Test Cases/Engine_Scoring/Engine Scoring" status="PASSED">
         <system-out><![CDATA[2022-11-25 08:55:45 - [TEST_CASE][PASSED] - Test Cases/Engine_Scoring/Engine Scoring: Test Cases/Engine_Scoring/Engine Scoring

2022-11-25 08:55:46 - [TEST_STEP][PASSED] - markPassed("Variasi data ke : " + no): Variasi data ke : 256

2022-11-25 08:55:46 - [MESSAGE][PASSED] - Variasi data ke : 256

2022-11-25 08:55:46 - [TEST_STEP][PASSED] - req_data = sendRequest(findTestObject("Search_ME", ["MID":MID, "source":source, "ip":ip, "userid":userid, "branch":branch, "tipekons":tipekons, "marital":marital, "penjamin":penjamin, ... ])): Send request successfully

2022-11-25 08:55:47 - [MESSAGE][INFO] - HAR: D:\DMS\Engine Scoring\Reports\20221125_084901\Exclude KKB - DS - Married\Scoring Married - DS\20221125_084901\requests\main\110.har

2022-11-25 08:55:47 - [MESSAGE][PASSED] - Send request successfully

2022-11-25 08:55:47 - [TEST_STEP][PASSED] - slurper = new groovy.json.JsonSlurper(): null

2022-11-25 08:55:47 - [TEST_STEP][PASSED] - result = slurper.parseText(req_data.getResponseBodyContent()): null

2022-11-25 08:55:47 - [TEST_STEP][PASSED] - reqid_kons = requestid1: null

2022-11-25 08:55:47 - [TEST_STEP][PASSED] - reqid_spouse = requestid2: null

2022-11-25 08:55:47 - [TEST_STEP][PASSED] - println("requestid kons : " + reqid_kons): null

2022-11-25 08:55:47 - [TEST_STEP][PASSED] - response_searchME_kons = reqid_kons: null

2022-11-25 08:55:47 - [TEST_STEP][PASSED] - response_searchME_spouse = reqid_spouse: null

2022-11-25 08:55:47 - [TEST_STEP][PASSED] - println("kons req id is :" + response_searchME_kons): null

2022-11-25 08:55:47 - [TEST_STEP][PASSED] - println("spouse req id is : " + response_searchME_spouse): null

2022-11-25 08:55:47 - [TEST_STEP][PASSED] - verifyResponseStatusCode(req_data, 200): Verify response status code successfully

2022-11-25 08:55:47 - [MESSAGE][PASSED] - Verify response status code successfully

2022-11-25 08:55:47 - [TEST_STEP][PASSED] - response = req_data.getResponseText(): null

2022-11-25 08:55:47 - [TEST_STEP][PASSED] - logInfo($response): {"status":"Done","data":{"requestid1":"254570","requestid2":"254571"}}

2022-11-25 08:55:47 - [MESSAGE][INFO] - {"status":"Done","data":{"requestid1":"254570","requestid2":"254571"}}

2022-11-25 08:55:47 - [TEST_STEP][PASSED] - delay(5): Delayed 5 second(s)

2022-11-25 08:55:52 - [MESSAGE][PASSED] - Delayed 5 second(s)

2022-11-25 08:55:52 - [TEST_STEP][PASSED] - scoring = sendRequest(findTestObject("EngineScore", ["response_searchME_kons":response_searchME_kons, "response_searchME_spouse":response_searchME_spouse])): Send request successfully

2022-11-25 08:55:52 - [MESSAGE][INFO] - HAR: D:\DMS\Engine Scoring\Reports\20221125_084901\Exclude KKB - DS - Married\Scoring Married - DS\20221125_084901\requests\main\111.har

2022-11-25 08:55:52 - [MESSAGE][PASSED] - Send request successfully

2022-11-25 08:55:52 - [TEST_STEP][PASSED] - verifyResponseStatusCode(scoring, 200): Verify response status code successfully

2022-11-25 08:55:52 - [MESSAGE][PASSED] - Verify response status code successfully

2022-11-25 08:55:52 - [TEST_STEP][PASSED] - response2 = scoring.getResponseText(): null

2022-11-25 08:55:52 - [TEST_STEP][PASSED] - markPassed("result service data ke : " + no): result service data ke : 256

2022-11-25 08:55:52 - [MESSAGE][PASSED] - result service data ke : 256

2022-11-25 08:55:52 - [TEST_STEP][PASSED] - logInfo($response2): {"result_konsumen":"Approve","result_pasangan":"Reject","Final_result":"Reject","errorMessage":"","status":"Done"}

2022-11-25 08:55:52 - [MESSAGE][INFO] - {"result_konsumen":"Approve","result_pasangan":"Reject","Final_result":"Reject","errorMessage":"","status":"Done"}

2022-11-25 08:55:52 - [TEST_STEP][PASSED] - verifyElementPropertyValue(scoring, "Final_result", final_result): Verify element property value successfully

2022-11-25 08:55:52 - [MESSAGE][PASSED] - Verify element property value successfully]]></system-out>
         <system-err><![CDATA[]]></system-err>
      </testcase>
      <testcase name="Test Cases/Engine_Scoring/Engine Scoring" time="6.725" classname="Test Cases/Engine_Scoring/Engine Scoring" status="PASSED">
         <system-out><![CDATA[2022-11-25 08:55:52 - [TEST_CASE][PASSED] - Test Cases/Engine_Scoring/Engine Scoring: Test Cases/Engine_Scoring/Engine Scoring

2022-11-25 08:55:53 - [TEST_STEP][PASSED] - markPassed("Variasi data ke : " + no): Variasi data ke : 257

2022-11-25 08:55:53 - [MESSAGE][PASSED] - Variasi data ke : 257

2022-11-25 08:55:53 - [TEST_STEP][PASSED] - req_data = sendRequest(findTestObject("Search_ME", ["MID":MID, "source":source, "ip":ip, "userid":userid, "branch":branch, "tipekons":tipekons, "marital":marital, "penjamin":penjamin, ... ])): Send request successfully

2022-11-25 08:55:54 - [MESSAGE][INFO] - HAR: D:\DMS\Engine Scoring\Reports\20221125_084901\Exclude KKB - DS - Married\Scoring Married - DS\20221125_084901\requests\main\112.har

2022-11-25 08:55:54 - [MESSAGE][PASSED] - Send request successfully

2022-11-25 08:55:54 - [TEST_STEP][PASSED] - slurper = new groovy.json.JsonSlurper(): null

2022-11-25 08:55:54 - [TEST_STEP][PASSED] - result = slurper.parseText(req_data.getResponseBodyContent()): null

2022-11-25 08:55:54 - [TEST_STEP][PASSED] - reqid_kons = requestid1: null

2022-11-25 08:55:54 - [TEST_STEP][PASSED] - reqid_spouse = requestid2: null

2022-11-25 08:55:54 - [TEST_STEP][PASSED] - println("requestid kons : " + reqid_kons): null

2022-11-25 08:55:54 - [TEST_STEP][PASSED] - response_searchME_kons = reqid_kons: null

2022-11-25 08:55:54 - [TEST_STEP][PASSED] - response_searchME_spouse = reqid_spouse: null

2022-11-25 08:55:54 - [TEST_STEP][PASSED] - println("kons req id is :" + response_searchME_kons): null

2022-11-25 08:55:54 - [TEST_STEP][PASSED] - println("spouse req id is : " + response_searchME_spouse): null

2022-11-25 08:55:54 - [TEST_STEP][PASSED] - verifyResponseStatusCode(req_data, 200): Verify response status code successfully

2022-11-25 08:55:54 - [MESSAGE][PASSED] - Verify response status code successfully

2022-11-25 08:55:54 - [TEST_STEP][PASSED] - response = req_data.getResponseText(): null

2022-11-25 08:55:54 - [TEST_STEP][PASSED] - logInfo($response): {"status":"Done","data":{"requestid1":"254572","requestid2":"254573"}}

2022-11-25 08:55:54 - [MESSAGE][INFO] - {"status":"Done","data":{"requestid1":"254572","requestid2":"254573"}}

2022-11-25 08:55:54 - [TEST_STEP][PASSED] - delay(5): Delayed 5 second(s)

2022-11-25 08:55:59 - [MESSAGE][PASSED] - Delayed 5 second(s)

2022-11-25 08:55:59 - [TEST_STEP][PASSED] - scoring = sendRequest(findTestObject("EngineScore", ["response_searchME_kons":response_searchME_kons, "response_searchME_spouse":response_searchME_spouse])): Send request successfully

2022-11-25 08:55:59 - [MESSAGE][INFO] - HAR: D:\DMS\Engine Scoring\Reports\20221125_084901\Exclude KKB - DS - Married\Scoring Married - DS\20221125_084901\requests\main\113.har

2022-11-25 08:55:59 - [MESSAGE][PASSED] - Send request successfully

2022-11-25 08:55:59 - [TEST_STEP][PASSED] - verifyResponseStatusCode(scoring, 200): Verify response status code successfully

2022-11-25 08:55:59 - [MESSAGE][PASSED] - Verify response status code successfully

2022-11-25 08:55:59 - [TEST_STEP][PASSED] - response2 = scoring.getResponseText(): null

2022-11-25 08:55:59 - [TEST_STEP][PASSED] - markPassed("result service data ke : " + no): result service data ke : 257

2022-11-25 08:55:59 - [MESSAGE][PASSED] - result service data ke : 257

2022-11-25 08:55:59 - [TEST_STEP][PASSED] - logInfo($response2): {"result_konsumen":"Approve","result_pasangan":"Reject","Final_result":"Reject","errorMessage":"","status":"Done"}

2022-11-25 08:55:59 - [MESSAGE][INFO] - {"result_konsumen":"Approve","result_pasangan":"Reject","Final_result":"Reject","errorMessage":"","status":"Done"}

2022-11-25 08:55:59 - [TEST_STEP][PASSED] - verifyElementPropertyValue(scoring, "Final_result", final_result): Verify element property value successfully

2022-11-25 08:55:59 - [MESSAGE][PASSED] - Verify element property value successfully]]></system-out>
         <system-err><![CDATA[]]></system-err>
      </testcase>
      <testcase name="Test Cases/Engine_Scoring/Engine Scoring" time="6.999" classname="Test Cases/Engine_Scoring/Engine Scoring" status="PASSED">
         <system-out><![CDATA[2022-11-25 08:55:59 - [TEST_CASE][PASSED] - Test Cases/Engine_Scoring/Engine Scoring: Test Cases/Engine_Scoring/Engine Scoring

2022-11-25 08:56:00 - [TEST_STEP][PASSED] - markPassed("Variasi data ke : " + no): Variasi data ke : 258

2022-11-25 08:56:00 - [MESSAGE][PASSED] - Variasi data ke : 258

2022-11-25 08:56:00 - [TEST_STEP][PASSED] - req_data = sendRequest(findTestObject("Search_ME", ["MID":MID, "source":source, "ip":ip, "userid":userid, "branch":branch, "tipekons":tipekons, "marital":marital, "penjamin":penjamin, ... ])): Send request successfully

2022-11-25 08:56:01 - [MESSAGE][INFO] - HAR: D:\DMS\Engine Scoring\Reports\20221125_084901\Exclude KKB - DS - Married\Scoring Married - DS\20221125_084901\requests\main\114.har

2022-11-25 08:56:01 - [MESSAGE][PASSED] - Send request successfully

2022-11-25 08:56:01 - [TEST_STEP][PASSED] - slurper = new groovy.json.JsonSlurper(): null

2022-11-25 08:56:01 - [TEST_STEP][PASSED] - result = slurper.parseText(req_data.getResponseBodyContent()): null

2022-11-25 08:56:01 - [TEST_STEP][PASSED] - reqid_kons = requestid1: null

2022-11-25 08:56:01 - [TEST_STEP][PASSED] - reqid_spouse = requestid2: null

2022-11-25 08:56:01 - [TEST_STEP][PASSED] - println("requestid kons : " + reqid_kons): null

2022-11-25 08:56:01 - [TEST_STEP][PASSED] - response_searchME_kons = reqid_kons: null

2022-11-25 08:56:01 - [TEST_STEP][PASSED] - response_searchME_spouse = reqid_spouse: null

2022-11-25 08:56:01 - [TEST_STEP][PASSED] - println("kons req id is :" + response_searchME_kons): null

2022-11-25 08:56:01 - [TEST_STEP][PASSED] - println("spouse req id is : " + response_searchME_spouse): null

2022-11-25 08:56:01 - [TEST_STEP][PASSED] - verifyResponseStatusCode(req_data, 200): Verify response status code successfully

2022-11-25 08:56:01 - [MESSAGE][PASSED] - Verify response status code successfully

2022-11-25 08:56:01 - [TEST_STEP][PASSED] - response = req_data.getResponseText(): null

2022-11-25 08:56:01 - [TEST_STEP][PASSED] - logInfo($response): {"status":"Done","data":{"requestid1":"254574","requestid2":"254575"}}

2022-11-25 08:56:01 - [MESSAGE][INFO] - {"status":"Done","data":{"requestid1":"254574","requestid2":"254575"}}

2022-11-25 08:56:01 - [TEST_STEP][PASSED] - delay(5): Delayed 5 second(s)

2022-11-25 08:56:06 - [MESSAGE][PASSED] - Delayed 5 second(s)

2022-11-25 08:56:06 - [TEST_STEP][PASSED] - scoring = sendRequest(findTestObject("EngineScore", ["response_searchME_kons":response_searchME_kons, "response_searchME_spouse":response_searchME_spouse])): Send request successfully

2022-11-25 08:56:06 - [MESSAGE][INFO] - HAR: D:\DMS\Engine Scoring\Reports\20221125_084901\Exclude KKB - DS - Married\Scoring Married - DS\20221125_084901\requests\main\115.har

2022-11-25 08:56:06 - [MESSAGE][PASSED] - Send request successfully

2022-11-25 08:56:06 - [TEST_STEP][PASSED] - verifyResponseStatusCode(scoring, 200): Verify response status code successfully

2022-11-25 08:56:06 - [MESSAGE][PASSED] - Verify response status code successfully

2022-11-25 08:56:06 - [TEST_STEP][PASSED] - response2 = scoring.getResponseText(): null

2022-11-25 08:56:06 - [TEST_STEP][PASSED] - markPassed("result service data ke : " + no): result service data ke : 258

2022-11-25 08:56:06 - [MESSAGE][PASSED] - result service data ke : 258

2022-11-25 08:56:06 - [TEST_STEP][PASSED] - logInfo($response2): {"result_konsumen":"Approve","result_pasangan":"Reject","Final_result":"Reject","errorMessage":"","status":"Done"}

2022-11-25 08:56:06 - [MESSAGE][INFO] - {"result_konsumen":"Approve","result_pasangan":"Reject","Final_result":"Reject","errorMessage":"","status":"Done"}

2022-11-25 08:56:06 - [TEST_STEP][PASSED] - verifyElementPropertyValue(scoring, "Final_result", final_result): Verify element property value successfully

2022-11-25 08:56:06 - [MESSAGE][PASSED] - Verify element property value successfully]]></system-out>
         <system-err><![CDATA[]]></system-err>
      </testcase>
      <testcase name="Test Cases/Engine_Scoring/Engine Scoring" time="6.837" classname="Test Cases/Engine_Scoring/Engine Scoring" status="PASSED">
         <system-out><![CDATA[2022-11-25 08:56:06 - [TEST_CASE][PASSED] - Test Cases/Engine_Scoring/Engine Scoring: Test Cases/Engine_Scoring/Engine Scoring

2022-11-25 08:56:07 - [TEST_STEP][PASSED] - markPassed("Variasi data ke : " + no): Variasi data ke : 259

2022-11-25 08:56:07 - [MESSAGE][PASSED] - Variasi data ke : 259

2022-11-25 08:56:07 - [TEST_STEP][PASSED] - req_data = sendRequest(findTestObject("Search_ME", ["MID":MID, "source":source, "ip":ip, "userid":userid, "branch":branch, "tipekons":tipekons, "marital":marital, "penjamin":penjamin, ... ])): Send request successfully

2022-11-25 08:56:08 - [MESSAGE][INFO] - HAR: D:\DMS\Engine Scoring\Reports\20221125_084901\Exclude KKB - DS - Married\Scoring Married - DS\20221125_084901\requests\main\116.har

2022-11-25 08:56:08 - [MESSAGE][PASSED] - Send request successfully

2022-11-25 08:56:08 - [TEST_STEP][PASSED] - slurper = new groovy.json.JsonSlurper(): null

2022-11-25 08:56:08 - [TEST_STEP][PASSED] - result = slurper.parseText(req_data.getResponseBodyContent()): null

2022-11-25 08:56:08 - [TEST_STEP][PASSED] - reqid_kons = requestid1: null

2022-11-25 08:56:08 - [TEST_STEP][PASSED] - reqid_spouse = requestid2: null

2022-11-25 08:56:08 - [TEST_STEP][PASSED] - println("requestid kons : " + reqid_kons): null

2022-11-25 08:56:08 - [TEST_STEP][PASSED] - response_searchME_kons = reqid_kons: null

2022-11-25 08:56:08 - [TEST_STEP][PASSED] - response_searchME_spouse = reqid_spouse: null

2022-11-25 08:56:08 - [TEST_STEP][PASSED] - println("kons req id is :" + response_searchME_kons): null

2022-11-25 08:56:08 - [TEST_STEP][PASSED] - println("spouse req id is : " + response_searchME_spouse): null

2022-11-25 08:56:08 - [TEST_STEP][PASSED] - verifyResponseStatusCode(req_data, 200): Verify response status code successfully

2022-11-25 08:56:08 - [MESSAGE][PASSED] - Verify response status code successfully

2022-11-25 08:56:08 - [TEST_STEP][PASSED] - response = req_data.getResponseText(): null

2022-11-25 08:56:08 - [TEST_STEP][PASSED] - logInfo($response): {"status":"Done","data":{"requestid1":"254576","requestid2":"254577"}}

2022-11-25 08:56:08 - [MESSAGE][INFO] - {"status":"Done","data":{"requestid1":"254576","requestid2":"254577"}}

2022-11-25 08:56:08 - [TEST_STEP][PASSED] - delay(5): Delayed 5 second(s)

2022-11-25 08:56:13 - [MESSAGE][PASSED] - Delayed 5 second(s)

2022-11-25 08:56:13 - [TEST_STEP][PASSED] - scoring = sendRequest(findTestObject("EngineScore", ["response_searchME_kons":response_searchME_kons, "response_searchME_spouse":response_searchME_spouse])): Send request successfully

2022-11-25 08:56:13 - [MESSAGE][INFO] - HAR: D:\DMS\Engine Scoring\Reports\20221125_084901\Exclude KKB - DS - Married\Scoring Married - DS\20221125_084901\requests\main\117.har

2022-11-25 08:56:13 - [MESSAGE][PASSED] - Send request successfully

2022-11-25 08:56:13 - [TEST_STEP][PASSED] - verifyResponseStatusCode(scoring, 200): Verify response status code successfully

2022-11-25 08:56:13 - [MESSAGE][PASSED] - Verify response status code successfully

2022-11-25 08:56:13 - [TEST_STEP][PASSED] - response2 = scoring.getResponseText(): null

2022-11-25 08:56:13 - [TEST_STEP][PASSED] - markPassed("result service data ke : " + no): result service data ke : 259

2022-11-25 08:56:13 - [MESSAGE][PASSED] - result service data ke : 259

2022-11-25 08:56:13 - [TEST_STEP][PASSED] - logInfo($response2): {"result_konsumen":"Approve","result_pasangan":"Reject","Final_result":"Reject","errorMessage":"","status":"Done"}

2022-11-25 08:56:13 - [MESSAGE][INFO] - {"result_konsumen":"Approve","result_pasangan":"Reject","Final_result":"Reject","errorMessage":"","status":"Done"}

2022-11-25 08:56:13 - [TEST_STEP][PASSED] - verifyElementPropertyValue(scoring, "Final_result", final_result): Verify element property value successfully

2022-11-25 08:56:13 - [MESSAGE][PASSED] - Verify element property value successfully]]></system-out>
         <system-err><![CDATA[]]></system-err>
      </testcase>
      <testcase name="Test Cases/Engine_Scoring/Engine Scoring" time="6.94" classname="Test Cases/Engine_Scoring/Engine Scoring" status="PASSED">
         <system-out><![CDATA[2022-11-25 08:56:13 - [TEST_CASE][PASSED] - Test Cases/Engine_Scoring/Engine Scoring: Test Cases/Engine_Scoring/Engine Scoring

2022-11-25 08:56:14 - [TEST_STEP][PASSED] - markPassed("Variasi data ke : " + no): Variasi data ke : 260

2022-11-25 08:56:14 - [MESSAGE][PASSED] - Variasi data ke : 260

2022-11-25 08:56:14 - [TEST_STEP][PASSED] - req_data = sendRequest(findTestObject("Search_ME", ["MID":MID, "source":source, "ip":ip, "userid":userid, "branch":branch, "tipekons":tipekons, "marital":marital, "penjamin":penjamin, ... ])): Send request successfully

2022-11-25 08:56:15 - [MESSAGE][INFO] - HAR: D:\DMS\Engine Scoring\Reports\20221125_084901\Exclude KKB - DS - Married\Scoring Married - DS\20221125_084901\requests\main\118.har

2022-11-25 08:56:15 - [MESSAGE][PASSED] - Send request successfully

2022-11-25 08:56:15 - [TEST_STEP][PASSED] - slurper = new groovy.json.JsonSlurper(): null

2022-11-25 08:56:15 - [TEST_STEP][PASSED] - result = slurper.parseText(req_data.getResponseBodyContent()): null

2022-11-25 08:56:15 - [TEST_STEP][PASSED] - reqid_kons = requestid1: null

2022-11-25 08:56:15 - [TEST_STEP][PASSED] - reqid_spouse = requestid2: null

2022-11-25 08:56:15 - [TEST_STEP][PASSED] - println("requestid kons : " + reqid_kons): null

2022-11-25 08:56:15 - [TEST_STEP][PASSED] - response_searchME_kons = reqid_kons: null

2022-11-25 08:56:15 - [TEST_STEP][PASSED] - response_searchME_spouse = reqid_spouse: null

2022-11-25 08:56:15 - [TEST_STEP][PASSED] - println("kons req id is :" + response_searchME_kons): null

2022-11-25 08:56:15 - [TEST_STEP][PASSED] - println("spouse req id is : " + response_searchME_spouse): null

2022-11-25 08:56:15 - [TEST_STEP][PASSED] - verifyResponseStatusCode(req_data, 200): Verify response status code successfully

2022-11-25 08:56:15 - [MESSAGE][PASSED] - Verify response status code successfully

2022-11-25 08:56:15 - [TEST_STEP][PASSED] - response = req_data.getResponseText(): null

2022-11-25 08:56:15 - [TEST_STEP][PASSED] - logInfo($response): {"status":"Done","data":{"requestid1":"254578","requestid2":"254579"}}

2022-11-25 08:56:15 - [MESSAGE][INFO] - {"status":"Done","data":{"requestid1":"254578","requestid2":"254579"}}

2022-11-25 08:56:15 - [TEST_STEP][PASSED] - delay(5): Delayed 5 second(s)

2022-11-25 08:56:20 - [MESSAGE][PASSED] - Delayed 5 second(s)

2022-11-25 08:56:20 - [TEST_STEP][PASSED] - scoring = sendRequest(findTestObject("EngineScore", ["response_searchME_kons":response_searchME_kons, "response_searchME_spouse":response_searchME_spouse])): Send request successfully

2022-11-25 08:56:20 - [MESSAGE][INFO] - HAR: D:\DMS\Engine Scoring\Reports\20221125_084901\Exclude KKB - DS - Married\Scoring Married - DS\20221125_084901\requests\main\119.har

2022-11-25 08:56:20 - [MESSAGE][PASSED] - Send request successfully

2022-11-25 08:56:20 - [TEST_STEP][PASSED] - verifyResponseStatusCode(scoring, 200): Verify response status code successfully

2022-11-25 08:56:20 - [MESSAGE][PASSED] - Verify response status code successfully

2022-11-25 08:56:20 - [TEST_STEP][PASSED] - response2 = scoring.getResponseText(): null

2022-11-25 08:56:20 - [TEST_STEP][PASSED] - markPassed("result service data ke : " + no): result service data ke : 260

2022-11-25 08:56:20 - [MESSAGE][PASSED] - result service data ke : 260

2022-11-25 08:56:20 - [TEST_STEP][PASSED] - logInfo($response2): {"result_konsumen":"Approve","result_pasangan":"Reject","Final_result":"Reject","errorMessage":"","status":"Done"}

2022-11-25 08:56:20 - [MESSAGE][INFO] - {"result_konsumen":"Approve","result_pasangan":"Reject","Final_result":"Reject","errorMessage":"","status":"Done"}

2022-11-25 08:56:20 - [TEST_STEP][PASSED] - verifyElementPropertyValue(scoring, "Final_result", final_result): Verify element property value successfully

2022-11-25 08:56:20 - [MESSAGE][PASSED] - Verify element property value successfully]]></system-out>
         <system-err><![CDATA[]]></system-err>
      </testcase>
      <testcase name="Test Cases/Engine_Scoring/Engine Scoring" time="6.981" classname="Test Cases/Engine_Scoring/Engine Scoring" status="PASSED">
         <system-out><![CDATA[2022-11-25 08:56:20 - [TEST_CASE][PASSED] - Test Cases/Engine_Scoring/Engine Scoring: Test Cases/Engine_Scoring/Engine Scoring

2022-11-25 08:56:21 - [TEST_STEP][PASSED] - markPassed("Variasi data ke : " + no): Variasi data ke : 261

2022-11-25 08:56:21 - [MESSAGE][PASSED] - Variasi data ke : 261

2022-11-25 08:56:21 - [TEST_STEP][PASSED] - req_data = sendRequest(findTestObject("Search_ME", ["MID":MID, "source":source, "ip":ip, "userid":userid, "branch":branch, "tipekons":tipekons, "marital":marital, "penjamin":penjamin, ... ])): Send request successfully

2022-11-25 08:56:21 - [MESSAGE][INFO] - HAR: D:\DMS\Engine Scoring\Reports\20221125_084901\Exclude KKB - DS - Married\Scoring Married - DS\20221125_084901\requests\main\120.har

2022-11-25 08:56:21 - [MESSAGE][PASSED] - Send request successfully

2022-11-25 08:56:21 - [TEST_STEP][PASSED] - slurper = new groovy.json.JsonSlurper(): null

2022-11-25 08:56:21 - [TEST_STEP][PASSED] - result = slurper.parseText(req_data.getResponseBodyContent()): null

2022-11-25 08:56:21 - [TEST_STEP][PASSED] - reqid_kons = requestid1: null

2022-11-25 08:56:21 - [TEST_STEP][PASSED] - reqid_spouse = requestid2: null

2022-11-25 08:56:21 - [TEST_STEP][PASSED] - println("requestid kons : " + reqid_kons): null

2022-11-25 08:56:21 - [TEST_STEP][PASSED] - response_searchME_kons = reqid_kons: null

2022-11-25 08:56:21 - [TEST_STEP][PASSED] - response_searchME_spouse = reqid_spouse: null

2022-11-25 08:56:21 - [TEST_STEP][PASSED] - println("kons req id is :" + response_searchME_kons): null

2022-11-25 08:56:21 - [TEST_STEP][PASSED] - println("spouse req id is : " + response_searchME_spouse): null

2022-11-25 08:56:21 - [TEST_STEP][PASSED] - verifyResponseStatusCode(req_data, 200): Verify response status code successfully

2022-11-25 08:56:21 - [MESSAGE][PASSED] - Verify response status code successfully

2022-11-25 08:56:21 - [TEST_STEP][PASSED] - response = req_data.getResponseText(): null

2022-11-25 08:56:21 - [TEST_STEP][PASSED] - logInfo($response): {"status":"Done","data":{"requestid1":"254580","requestid2":"254581"}}

2022-11-25 08:56:21 - [MESSAGE][INFO] - {"status":"Done","data":{"requestid1":"254580","requestid2":"254581"}}

2022-11-25 08:56:21 - [TEST_STEP][PASSED] - delay(5): Delayed 5 second(s)

2022-11-25 08:56:26 - [MESSAGE][PASSED] - Delayed 5 second(s)

2022-11-25 08:56:26 - [TEST_STEP][PASSED] - scoring = sendRequest(findTestObject("EngineScore", ["response_searchME_kons":response_searchME_kons, "response_searchME_spouse":response_searchME_spouse])): Send request successfully

2022-11-25 08:56:27 - [MESSAGE][INFO] - HAR: D:\DMS\Engine Scoring\Reports\20221125_084901\Exclude KKB - DS - Married\Scoring Married - DS\20221125_084901\requests\main\121.har

2022-11-25 08:56:27 - [MESSAGE][PASSED] - Send request successfully

2022-11-25 08:56:27 - [TEST_STEP][PASSED] - verifyResponseStatusCode(scoring, 200): Verify response status code successfully

2022-11-25 08:56:27 - [MESSAGE][PASSED] - Verify response status code successfully

2022-11-25 08:56:27 - [TEST_STEP][PASSED] - response2 = scoring.getResponseText(): null

2022-11-25 08:56:27 - [TEST_STEP][PASSED] - markPassed("result service data ke : " + no): result service data ke : 261

2022-11-25 08:56:27 - [MESSAGE][PASSED] - result service data ke : 261

2022-11-25 08:56:27 - [TEST_STEP][PASSED] - logInfo($response2): {"result_konsumen":"Approve","result_pasangan":"Reject","Final_result":"Reject","errorMessage":"","status":"Done"}

2022-11-25 08:56:27 - [MESSAGE][INFO] - {"result_konsumen":"Approve","result_pasangan":"Reject","Final_result":"Reject","errorMessage":"","status":"Done"}

2022-11-25 08:56:27 - [TEST_STEP][PASSED] - verifyElementPropertyValue(scoring, "Final_result", final_result): Verify element property value successfully

2022-11-25 08:56:27 - [MESSAGE][PASSED] - Verify element property value successfully]]></system-out>
         <system-err><![CDATA[]]></system-err>
      </testcase>
      <testcase name="Test Cases/Engine_Scoring/Engine Scoring" time="6.786" classname="Test Cases/Engine_Scoring/Engine Scoring" status="PASSED">
         <system-out><![CDATA[2022-11-25 08:56:27 - [TEST_CASE][PASSED] - Test Cases/Engine_Scoring/Engine Scoring: Test Cases/Engine_Scoring/Engine Scoring

2022-11-25 08:56:28 - [TEST_STEP][PASSED] - markPassed("Variasi data ke : " + no): Variasi data ke : 262

2022-11-25 08:56:28 - [MESSAGE][PASSED] - Variasi data ke : 262

2022-11-25 08:56:28 - [TEST_STEP][PASSED] - req_data = sendRequest(findTestObject("Search_ME", ["MID":MID, "source":source, "ip":ip, "userid":userid, "branch":branch, "tipekons":tipekons, "marital":marital, "penjamin":penjamin, ... ])): Send request successfully

2022-11-25 08:56:28 - [MESSAGE][INFO] - HAR: D:\DMS\Engine Scoring\Reports\20221125_084901\Exclude KKB - DS - Married\Scoring Married - DS\20221125_084901\requests\main\122.har

2022-11-25 08:56:28 - [MESSAGE][PASSED] - Send request successfully

2022-11-25 08:56:28 - [TEST_STEP][PASSED] - slurper = new groovy.json.JsonSlurper(): null

2022-11-25 08:56:28 - [TEST_STEP][PASSED] - result = slurper.parseText(req_data.getResponseBodyContent()): null

2022-11-25 08:56:28 - [TEST_STEP][PASSED] - reqid_kons = requestid1: null

2022-11-25 08:56:28 - [TEST_STEP][PASSED] - reqid_spouse = requestid2: null

2022-11-25 08:56:28 - [TEST_STEP][PASSED] - println("requestid kons : " + reqid_kons): null

2022-11-25 08:56:28 - [TEST_STEP][PASSED] - response_searchME_kons = reqid_kons: null

2022-11-25 08:56:28 - [TEST_STEP][PASSED] - response_searchME_spouse = reqid_spouse: null

2022-11-25 08:56:28 - [TEST_STEP][PASSED] - println("kons req id is :" + response_searchME_kons): null

2022-11-25 08:56:28 - [TEST_STEP][PASSED] - println("spouse req id is : " + response_searchME_spouse): null

2022-11-25 08:56:28 - [TEST_STEP][PASSED] - verifyResponseStatusCode(req_data, 200): Verify response status code successfully

2022-11-25 08:56:28 - [MESSAGE][PASSED] - Verify response status code successfully

2022-11-25 08:56:28 - [TEST_STEP][PASSED] - response = req_data.getResponseText(): null

2022-11-25 08:56:28 - [TEST_STEP][PASSED] - logInfo($response): {"status":"Done","data":{"requestid1":"254582","requestid2":"254583"}}

2022-11-25 08:56:28 - [MESSAGE][INFO] - {"status":"Done","data":{"requestid1":"254582","requestid2":"254583"}}

2022-11-25 08:56:28 - [TEST_STEP][PASSED] - delay(5): Delayed 5 second(s)

2022-11-25 08:56:33 - [MESSAGE][PASSED] - Delayed 5 second(s)

2022-11-25 08:56:33 - [TEST_STEP][PASSED] - scoring = sendRequest(findTestObject("EngineScore", ["response_searchME_kons":response_searchME_kons, "response_searchME_spouse":response_searchME_spouse])): Send request successfully

2022-11-25 08:56:34 - [MESSAGE][INFO] - HAR: D:\DMS\Engine Scoring\Reports\20221125_084901\Exclude KKB - DS - Married\Scoring Married - DS\20221125_084901\requests\main\123.har

2022-11-25 08:56:34 - [MESSAGE][PASSED] - Send request successfully

2022-11-25 08:56:34 - [TEST_STEP][PASSED] - verifyResponseStatusCode(scoring, 200): Verify response status code successfully

2022-11-25 08:56:34 - [MESSAGE][PASSED] - Verify response status code successfully

2022-11-25 08:56:34 - [TEST_STEP][PASSED] - response2 = scoring.getResponseText(): null

2022-11-25 08:56:34 - [TEST_STEP][PASSED] - markPassed("result service data ke : " + no): result service data ke : 262

2022-11-25 08:56:34 - [MESSAGE][PASSED] - result service data ke : 262

2022-11-25 08:56:34 - [TEST_STEP][PASSED] - logInfo($response2): {"result_konsumen":"Reject","result_pasangan":"Reguler","Final_result":"Reject","errorMessage":"","status":"Done"}

2022-11-25 08:56:34 - [MESSAGE][INFO] - {"result_konsumen":"Reject","result_pasangan":"Reguler","Final_result":"Reject","errorMessage":"","status":"Done"}

2022-11-25 08:56:34 - [TEST_STEP][PASSED] - verifyElementPropertyValue(scoring, "Final_result", final_result): Verify element property value successfully

2022-11-25 08:56:34 - [MESSAGE][PASSED] - Verify element property value successfully]]></system-out>
         <system-err><![CDATA[]]></system-err>
      </testcase>
      <testcase name="Test Cases/Engine_Scoring/Engine Scoring" time="9.676" classname="Test Cases/Engine_Scoring/Engine Scoring" status="PASSED">
         <system-out><![CDATA[2022-11-25 08:56:34 - [TEST_CASE][PASSED] - Test Cases/Engine_Scoring/Engine Scoring: Test Cases/Engine_Scoring/Engine Scoring

2022-11-25 08:56:34 - [TEST_STEP][PASSED] - markPassed("Variasi data ke : " + no): Variasi data ke : 263

2022-11-25 08:56:34 - [MESSAGE][PASSED] - Variasi data ke : 263

2022-11-25 08:56:34 - [TEST_STEP][PASSED] - req_data = sendRequest(findTestObject("Search_ME", ["MID":MID, "source":source, "ip":ip, "userid":userid, "branch":branch, "tipekons":tipekons, "marital":marital, "penjamin":penjamin, ... ])): Send request successfully

2022-11-25 08:56:35 - [MESSAGE][INFO] - HAR: D:\DMS\Engine Scoring\Reports\20221125_084901\Exclude KKB - DS - Married\Scoring Married - DS\20221125_084901\requests\main\124.har

2022-11-25 08:56:35 - [MESSAGE][PASSED] - Send request successfully

2022-11-25 08:56:35 - [TEST_STEP][PASSED] - slurper = new groovy.json.JsonSlurper(): null

2022-11-25 08:56:35 - [TEST_STEP][PASSED] - result = slurper.parseText(req_data.getResponseBodyContent()): null

2022-11-25 08:56:35 - [TEST_STEP][PASSED] - reqid_kons = requestid1: null

2022-11-25 08:56:35 - [TEST_STEP][PASSED] - reqid_spouse = requestid2: null

2022-11-25 08:56:35 - [TEST_STEP][PASSED] - println("requestid kons : " + reqid_kons): null

2022-11-25 08:56:35 - [TEST_STEP][PASSED] - response_searchME_kons = reqid_kons: null

2022-11-25 08:56:35 - [TEST_STEP][PASSED] - response_searchME_spouse = reqid_spouse: null

2022-11-25 08:56:35 - [TEST_STEP][PASSED] - println("kons req id is :" + response_searchME_kons): null

2022-11-25 08:56:35 - [TEST_STEP][PASSED] - println("spouse req id is : " + response_searchME_spouse): null

2022-11-25 08:56:35 - [TEST_STEP][PASSED] - verifyResponseStatusCode(req_data, 200): Verify response status code successfully

2022-11-25 08:56:35 - [MESSAGE][PASSED] - Verify response status code successfully

2022-11-25 08:56:35 - [TEST_STEP][PASSED] - response = req_data.getResponseText(): null

2022-11-25 08:56:35 - [TEST_STEP][PASSED] - logInfo($response): {"status":"Done","data":{"requestid1":"254584","requestid2":"254585"}}

2022-11-25 08:56:35 - [MESSAGE][INFO] - {"status":"Done","data":{"requestid1":"254584","requestid2":"254585"}}

2022-11-25 08:56:35 - [TEST_STEP][PASSED] - delay(5): Delayed 5 second(s)

2022-11-25 08:56:40 - [MESSAGE][PASSED] - Delayed 5 second(s)

2022-11-25 08:56:40 - [TEST_STEP][PASSED] - scoring = sendRequest(findTestObject("EngineScore", ["response_searchME_kons":response_searchME_kons, "response_searchME_spouse":response_searchME_spouse])): Send request successfully

2022-11-25 08:56:43 - [MESSAGE][INFO] - HAR: D:\DMS\Engine Scoring\Reports\20221125_084901\Exclude KKB - DS - Married\Scoring Married - DS\20221125_084901\requests\main\125.har

2022-11-25 08:56:43 - [MESSAGE][PASSED] - Send request successfully

2022-11-25 08:56:43 - [TEST_STEP][PASSED] - verifyResponseStatusCode(scoring, 200): Verify response status code successfully

2022-11-25 08:56:43 - [MESSAGE][PASSED] - Verify response status code successfully

2022-11-25 08:56:43 - [TEST_STEP][PASSED] - response2 = scoring.getResponseText(): null

2022-11-25 08:56:43 - [TEST_STEP][PASSED] - markPassed("result service data ke : " + no): result service data ke : 263

2022-11-25 08:56:43 - [MESSAGE][PASSED] - result service data ke : 263

2022-11-25 08:56:43 - [TEST_STEP][PASSED] - logInfo($response2): {"result_konsumen":"Reject","result_pasangan":"Reguler","Final_result":"Reject","errorMessage":"","status":"Done"}

2022-11-25 08:56:43 - [MESSAGE][INFO] - {"result_konsumen":"Reject","result_pasangan":"Reguler","Final_result":"Reject","errorMessage":"","status":"Done"}

2022-11-25 08:56:43 - [TEST_STEP][PASSED] - verifyElementPropertyValue(scoring, "Final_result", final_result): Verify element property value successfully

2022-11-25 08:56:43 - [MESSAGE][PASSED] - Verify element property value successfully]]></system-out>
         <system-err><![CDATA[]]></system-err>
      </testcase>
      <testcase name="Test Cases/Engine_Scoring/Engine Scoring" time="10.373" classname="Test Cases/Engine_Scoring/Engine Scoring" status="PASSED">
         <system-out><![CDATA[2022-11-25 08:56:43 - [TEST_CASE][PASSED] - Test Cases/Engine_Scoring/Engine Scoring: Test Cases/Engine_Scoring/Engine Scoring

2022-11-25 08:56:44 - [TEST_STEP][PASSED] - markPassed("Variasi data ke : " + no): Variasi data ke : 264

2022-11-25 08:56:44 - [MESSAGE][PASSED] - Variasi data ke : 264

2022-11-25 08:56:44 - [TEST_STEP][PASSED] - req_data = sendRequest(findTestObject("Search_ME", ["MID":MID, "source":source, "ip":ip, "userid":userid, "branch":branch, "tipekons":tipekons, "marital":marital, "penjamin":penjamin, ... ])): Send request successfully

2022-11-25 08:56:47 - [MESSAGE][INFO] - HAR: D:\DMS\Engine Scoring\Reports\20221125_084901\Exclude KKB - DS - Married\Scoring Married - DS\20221125_084901\requests\main\126.har

2022-11-25 08:56:47 - [MESSAGE][PASSED] - Send request successfully

2022-11-25 08:56:47 - [TEST_STEP][PASSED] - slurper = new groovy.json.JsonSlurper(): null

2022-11-25 08:56:47 - [TEST_STEP][PASSED] - result = slurper.parseText(req_data.getResponseBodyContent()): null

2022-11-25 08:56:47 - [TEST_STEP][PASSED] - reqid_kons = requestid1: null

2022-11-25 08:56:47 - [TEST_STEP][PASSED] - reqid_spouse = requestid2: null

2022-11-25 08:56:47 - [TEST_STEP][PASSED] - println("requestid kons : " + reqid_kons): null

2022-11-25 08:56:47 - [TEST_STEP][PASSED] - response_searchME_kons = reqid_kons: null

2022-11-25 08:56:47 - [TEST_STEP][PASSED] - response_searchME_spouse = reqid_spouse: null

2022-11-25 08:56:47 - [TEST_STEP][PASSED] - println("kons req id is :" + response_searchME_kons): null

2022-11-25 08:56:47 - [TEST_STEP][PASSED] - println("spouse req id is : " + response_searchME_spouse): null

2022-11-25 08:56:47 - [TEST_STEP][PASSED] - verifyResponseStatusCode(req_data, 200): Verify response status code successfully

2022-11-25 08:56:47 - [MESSAGE][PASSED] - Verify response status code successfully

2022-11-25 08:56:47 - [TEST_STEP][PASSED] - response = req_data.getResponseText(): null

2022-11-25 08:56:47 - [TEST_STEP][PASSED] - logInfo($response): {"status":"Done","data":{"requestid1":"254586","requestid2":"254587"}}

2022-11-25 08:56:47 - [MESSAGE][INFO] - {"status":"Done","data":{"requestid1":"254586","requestid2":"254587"}}

2022-11-25 08:56:47 - [TEST_STEP][PASSED] - delay(5): Delayed 5 second(s)

2022-11-25 08:56:52 - [MESSAGE][PASSED] - Delayed 5 second(s)

2022-11-25 08:56:52 - [TEST_STEP][PASSED] - scoring = sendRequest(findTestObject("EngineScore", ["response_searchME_kons":response_searchME_kons, "response_searchME_spouse":response_searchME_spouse])): Send request successfully

2022-11-25 08:56:54 - [MESSAGE][INFO] - HAR: D:\DMS\Engine Scoring\Reports\20221125_084901\Exclude KKB - DS - Married\Scoring Married - DS\20221125_084901\requests\main\127.har

2022-11-25 08:56:54 - [MESSAGE][PASSED] - Send request successfully

2022-11-25 08:56:54 - [TEST_STEP][PASSED] - verifyResponseStatusCode(scoring, 200): Verify response status code successfully

2022-11-25 08:56:54 - [MESSAGE][PASSED] - Verify response status code successfully

2022-11-25 08:56:54 - [TEST_STEP][PASSED] - response2 = scoring.getResponseText(): null

2022-11-25 08:56:54 - [TEST_STEP][PASSED] - markPassed("result service data ke : " + no): result service data ke : 264

2022-11-25 08:56:54 - [MESSAGE][PASSED] - result service data ke : 264

2022-11-25 08:56:54 - [TEST_STEP][PASSED] - logInfo($response2): {"result_konsumen":"Reject","result_pasangan":"Reguler","Final_result":"Reject","errorMessage":"","status":"Done"}

2022-11-25 08:56:54 - [MESSAGE][INFO] - {"result_konsumen":"Reject","result_pasangan":"Reguler","Final_result":"Reject","errorMessage":"","status":"Done"}

2022-11-25 08:56:54 - [TEST_STEP][PASSED] - verifyElementPropertyValue(scoring, "Final_result", final_result): Verify element property value successfully

2022-11-25 08:56:54 - [MESSAGE][PASSED] - Verify element property value successfully]]></system-out>
         <system-err><![CDATA[]]></system-err>
      </testcase>
      <testcase name="Test Cases/Engine_Scoring/Engine Scoring" time="11.688" classname="Test Cases/Engine_Scoring/Engine Scoring" status="PASSED">
         <system-out><![CDATA[2022-11-25 08:56:54 - [TEST_CASE][PASSED] - Test Cases/Engine_Scoring/Engine Scoring: Test Cases/Engine_Scoring/Engine Scoring

2022-11-25 08:56:55 - [TEST_STEP][PASSED] - markPassed("Variasi data ke : " + no): Variasi data ke : 265

2022-11-25 08:56:55 - [MESSAGE][PASSED] - Variasi data ke : 265

2022-11-25 08:56:55 - [TEST_STEP][PASSED] - req_data = sendRequest(findTestObject("Search_ME", ["MID":MID, "source":source, "ip":ip, "userid":userid, "branch":branch, "tipekons":tipekons, "marital":marital, "penjamin":penjamin, ... ])): Send request successfully

2022-11-25 08:56:57 - [MESSAGE][INFO] - HAR: D:\DMS\Engine Scoring\Reports\20221125_084901\Exclude KKB - DS - Married\Scoring Married - DS\20221125_084901\requests\main\128.har

2022-11-25 08:56:57 - [MESSAGE][PASSED] - Send request successfully

2022-11-25 08:56:57 - [TEST_STEP][PASSED] - slurper = new groovy.json.JsonSlurper(): null

2022-11-25 08:56:57 - [TEST_STEP][PASSED] - result = slurper.parseText(req_data.getResponseBodyContent()): null

2022-11-25 08:56:57 - [TEST_STEP][PASSED] - reqid_kons = requestid1: null

2022-11-25 08:56:57 - [TEST_STEP][PASSED] - reqid_spouse = requestid2: null

2022-11-25 08:56:57 - [TEST_STEP][PASSED] - println("requestid kons : " + reqid_kons): null

2022-11-25 08:56:57 - [TEST_STEP][PASSED] - response_searchME_kons = reqid_kons: null

2022-11-25 08:56:57 - [TEST_STEP][PASSED] - response_searchME_spouse = reqid_spouse: null

2022-11-25 08:56:57 - [TEST_STEP][PASSED] - println("kons req id is :" + response_searchME_kons): null

2022-11-25 08:56:57 - [TEST_STEP][PASSED] - println("spouse req id is : " + response_searchME_spouse): null

2022-11-25 08:56:57 - [TEST_STEP][PASSED] - verifyResponseStatusCode(req_data, 200): Verify response status code successfully

2022-11-25 08:56:57 - [MESSAGE][PASSED] - Verify response status code successfully

2022-11-25 08:56:57 - [TEST_STEP][PASSED] - response = req_data.getResponseText(): null

2022-11-25 08:56:57 - [TEST_STEP][PASSED] - logInfo($response): {"status":"Done","data":{"requestid1":"254588","requestid2":"254589"}}

2022-11-25 08:56:57 - [MESSAGE][INFO] - {"status":"Done","data":{"requestid1":"254588","requestid2":"254589"}}

2022-11-25 08:56:57 - [TEST_STEP][PASSED] - delay(5): Delayed 5 second(s)

2022-11-25 08:57:02 - [MESSAGE][PASSED] - Delayed 5 second(s)

2022-11-25 08:57:02 - [TEST_STEP][PASSED] - scoring = sendRequest(findTestObject("EngineScore", ["response_searchME_kons":response_searchME_kons, "response_searchME_spouse":response_searchME_spouse])): Send request successfully

2022-11-25 08:57:05 - [MESSAGE][INFO] - HAR: D:\DMS\Engine Scoring\Reports\20221125_084901\Exclude KKB - DS - Married\Scoring Married - DS\20221125_084901\requests\main\129.har

2022-11-25 08:57:05 - [MESSAGE][PASSED] - Send request successfully

2022-11-25 08:57:05 - [TEST_STEP][PASSED] - verifyResponseStatusCode(scoring, 200): Verify response status code successfully

2022-11-25 08:57:06 - [MESSAGE][PASSED] - Verify response status code successfully

2022-11-25 08:57:06 - [TEST_STEP][PASSED] - response2 = scoring.getResponseText(): null

2022-11-25 08:57:06 - [TEST_STEP][PASSED] - markPassed("result service data ke : " + no): result service data ke : 265

2022-11-25 08:57:06 - [MESSAGE][PASSED] - result service data ke : 265

2022-11-25 08:57:06 - [TEST_STEP][PASSED] - logInfo($response2): {"result_konsumen":"Reject","result_pasangan":"Reguler","Final_result":"Reject","errorMessage":"","status":"Done"}

2022-11-25 08:57:06 - [MESSAGE][INFO] - {"result_konsumen":"Reject","result_pasangan":"Reguler","Final_result":"Reject","errorMessage":"","status":"Done"}

2022-11-25 08:57:06 - [TEST_STEP][PASSED] - verifyElementPropertyValue(scoring, "Final_result", final_result): Verify element property value successfully

2022-11-25 08:57:06 - [MESSAGE][PASSED] - Verify element property value successfully]]></system-out>
         <system-err><![CDATA[]]></system-err>
      </testcase>
      <testcase name="Test Cases/Engine_Scoring/Engine Scoring" time="9.831" classname="Test Cases/Engine_Scoring/Engine Scoring" status="PASSED">
         <system-out><![CDATA[2022-11-25 08:57:06 - [TEST_CASE][PASSED] - Test Cases/Engine_Scoring/Engine Scoring: Test Cases/Engine_Scoring/Engine Scoring

2022-11-25 08:57:07 - [TEST_STEP][PASSED] - markPassed("Variasi data ke : " + no): Variasi data ke : 266

2022-11-25 08:57:07 - [MESSAGE][PASSED] - Variasi data ke : 266

2022-11-25 08:57:07 - [TEST_STEP][PASSED] - req_data = sendRequest(findTestObject("Search_ME", ["MID":MID, "source":source, "ip":ip, "userid":userid, "branch":branch, "tipekons":tipekons, "marital":marital, "penjamin":penjamin, ... ])): Send request successfully

2022-11-25 08:57:09 - [MESSAGE][INFO] - HAR: D:\DMS\Engine Scoring\Reports\20221125_084901\Exclude KKB - DS - Married\Scoring Married - DS\20221125_084901\requests\main\130.har

2022-11-25 08:57:09 - [MESSAGE][PASSED] - Send request successfully

2022-11-25 08:57:09 - [TEST_STEP][PASSED] - slurper = new groovy.json.JsonSlurper(): null

2022-11-25 08:57:09 - [TEST_STEP][PASSED] - result = slurper.parseText(req_data.getResponseBodyContent()): null

2022-11-25 08:57:09 - [TEST_STEP][PASSED] - reqid_kons = requestid1: null

2022-11-25 08:57:09 - [TEST_STEP][PASSED] - reqid_spouse = requestid2: null

2022-11-25 08:57:09 - [TEST_STEP][PASSED] - println("requestid kons : " + reqid_kons): null

2022-11-25 08:57:09 - [TEST_STEP][PASSED] - response_searchME_kons = reqid_kons: null

2022-11-25 08:57:09 - [TEST_STEP][PASSED] - response_searchME_spouse = reqid_spouse: null

2022-11-25 08:57:09 - [TEST_STEP][PASSED] - println("kons req id is :" + response_searchME_kons): null

2022-11-25 08:57:09 - [TEST_STEP][PASSED] - println("spouse req id is : " + response_searchME_spouse): null

2022-11-25 08:57:09 - [TEST_STEP][PASSED] - verifyResponseStatusCode(req_data, 200): Verify response status code successfully

2022-11-25 08:57:09 - [MESSAGE][PASSED] - Verify response status code successfully

2022-11-25 08:57:09 - [TEST_STEP][PASSED] - response = req_data.getResponseText(): null

2022-11-25 08:57:09 - [TEST_STEP][PASSED] - logInfo($response): {"status":"Done","data":{"requestid1":"254590","requestid2":"254591"}}

2022-11-25 08:57:09 - [MESSAGE][INFO] - {"status":"Done","data":{"requestid1":"254590","requestid2":"254591"}}

2022-11-25 08:57:09 - [TEST_STEP][PASSED] - delay(5): Delayed 5 second(s)

2022-11-25 08:57:14 - [MESSAGE][PASSED] - Delayed 5 second(s)

2022-11-25 08:57:14 - [TEST_STEP][PASSED] - scoring = sendRequest(findTestObject("EngineScore", ["response_searchME_kons":response_searchME_kons, "response_searchME_spouse":response_searchME_spouse])): Send request successfully

2022-11-25 08:57:15 - [MESSAGE][INFO] - HAR: D:\DMS\Engine Scoring\Reports\20221125_084901\Exclude KKB - DS - Married\Scoring Married - DS\20221125_084901\requests\main\131.har

2022-11-25 08:57:15 - [MESSAGE][PASSED] - Send request successfully

2022-11-25 08:57:15 - [TEST_STEP][PASSED] - verifyResponseStatusCode(scoring, 200): Verify response status code successfully

2022-11-25 08:57:16 - [MESSAGE][PASSED] - Verify response status code successfully

2022-11-25 08:57:16 - [TEST_STEP][PASSED] - response2 = scoring.getResponseText(): null

2022-11-25 08:57:16 - [TEST_STEP][PASSED] - markPassed("result service data ke : " + no): result service data ke : 266

2022-11-25 08:57:16 - [MESSAGE][PASSED] - result service data ke : 266

2022-11-25 08:57:16 - [TEST_STEP][PASSED] - logInfo($response2): {"result_konsumen":"Reject","result_pasangan":"Reject","Final_result":"Reject","errorMessage":"","status":"Done"}

2022-11-25 08:57:16 - [MESSAGE][INFO] - {"result_konsumen":"Reject","result_pasangan":"Reject","Final_result":"Reject","errorMessage":"","status":"Done"}

2022-11-25 08:57:16 - [TEST_STEP][PASSED] - verifyElementPropertyValue(scoring, "Final_result", final_result): Verify element property value successfully

2022-11-25 08:57:16 - [MESSAGE][PASSED] - Verify element property value successfully]]></system-out>
         <system-err><![CDATA[]]></system-err>
      </testcase>
      <testcase name="Test Cases/Engine_Scoring/Engine Scoring" time="7.08" classname="Test Cases/Engine_Scoring/Engine Scoring" status="PASSED">
         <system-out><![CDATA[2022-11-25 08:57:16 - [TEST_CASE][PASSED] - Test Cases/Engine_Scoring/Engine Scoring: Test Cases/Engine_Scoring/Engine Scoring

2022-11-25 08:57:17 - [TEST_STEP][PASSED] - markPassed("Variasi data ke : " + no): Variasi data ke : 267

2022-11-25 08:57:17 - [MESSAGE][PASSED] - Variasi data ke : 267

2022-11-25 08:57:17 - [TEST_STEP][PASSED] - req_data = sendRequest(findTestObject("Search_ME", ["MID":MID, "source":source, "ip":ip, "userid":userid, "branch":branch, "tipekons":tipekons, "marital":marital, "penjamin":penjamin, ... ])): Send request successfully

2022-11-25 08:57:17 - [MESSAGE][INFO] - HAR: D:\DMS\Engine Scoring\Reports\20221125_084901\Exclude KKB - DS - Married\Scoring Married - DS\20221125_084901\requests\main\132.har

2022-11-25 08:57:17 - [MESSAGE][PASSED] - Send request successfully

2022-11-25 08:57:17 - [TEST_STEP][PASSED] - slurper = new groovy.json.JsonSlurper(): null

2022-11-25 08:57:17 - [TEST_STEP][PASSED] - result = slurper.parseText(req_data.getResponseBodyContent()): null

2022-11-25 08:57:17 - [TEST_STEP][PASSED] - reqid_kons = requestid1: null

2022-11-25 08:57:17 - [TEST_STEP][PASSED] - reqid_spouse = requestid2: null

2022-11-25 08:57:17 - [TEST_STEP][PASSED] - println("requestid kons : " + reqid_kons): null

2022-11-25 08:57:17 - [TEST_STEP][PASSED] - response_searchME_kons = reqid_kons: null

2022-11-25 08:57:17 - [TEST_STEP][PASSED] - response_searchME_spouse = reqid_spouse: null

2022-11-25 08:57:17 - [TEST_STEP][PASSED] - println("kons req id is :" + response_searchME_kons): null

2022-11-25 08:57:17 - [TEST_STEP][PASSED] - println("spouse req id is : " + response_searchME_spouse): null

2022-11-25 08:57:17 - [TEST_STEP][PASSED] - verifyResponseStatusCode(req_data, 200): Verify response status code successfully

2022-11-25 08:57:17 - [MESSAGE][PASSED] - Verify response status code successfully

2022-11-25 08:57:17 - [TEST_STEP][PASSED] - response = req_data.getResponseText(): null

2022-11-25 08:57:17 - [TEST_STEP][PASSED] - logInfo($response): {"status":"Done","data":{"requestid1":"254592","requestid2":"254593"}}

2022-11-25 08:57:17 - [MESSAGE][INFO] - {"status":"Done","data":{"requestid1":"254592","requestid2":"254593"}}

2022-11-25 08:57:17 - [TEST_STEP][PASSED] - delay(5): Delayed 5 second(s)

2022-11-25 08:57:22 - [MESSAGE][PASSED] - Delayed 5 second(s)

2022-11-25 08:57:22 - [TEST_STEP][PASSED] - scoring = sendRequest(findTestObject("EngineScore", ["response_searchME_kons":response_searchME_kons, "response_searchME_spouse":response_searchME_spouse])): Send request successfully

2022-11-25 08:57:23 - [MESSAGE][INFO] - HAR: D:\DMS\Engine Scoring\Reports\20221125_084901\Exclude KKB - DS - Married\Scoring Married - DS\20221125_084901\requests\main\133.har

2022-11-25 08:57:23 - [MESSAGE][PASSED] - Send request successfully

2022-11-25 08:57:23 - [TEST_STEP][PASSED] - verifyResponseStatusCode(scoring, 200): Verify response status code successfully

2022-11-25 08:57:23 - [MESSAGE][PASSED] - Verify response status code successfully

2022-11-25 08:57:23 - [TEST_STEP][PASSED] - response2 = scoring.getResponseText(): null

2022-11-25 08:57:23 - [TEST_STEP][PASSED] - markPassed("result service data ke : " + no): result service data ke : 267

2022-11-25 08:57:23 - [MESSAGE][PASSED] - result service data ke : 267

2022-11-25 08:57:23 - [TEST_STEP][PASSED] - logInfo($response2): {"result_konsumen":"Reject","result_pasangan":"Reject","Final_result":"Reject","errorMessage":"","status":"Done"}

2022-11-25 08:57:23 - [MESSAGE][INFO] - {"result_konsumen":"Reject","result_pasangan":"Reject","Final_result":"Reject","errorMessage":"","status":"Done"}

2022-11-25 08:57:23 - [TEST_STEP][PASSED] - verifyElementPropertyValue(scoring, "Final_result", final_result): Verify element property value successfully

2022-11-25 08:57:23 - [MESSAGE][PASSED] - Verify element property value successfully]]></system-out>
         <system-err><![CDATA[]]></system-err>
      </testcase>
      <testcase name="Test Cases/Engine_Scoring/Engine Scoring" time="7.018" classname="Test Cases/Engine_Scoring/Engine Scoring" status="PASSED">
         <system-out><![CDATA[2022-11-25 08:57:23 - [TEST_CASE][PASSED] - Test Cases/Engine_Scoring/Engine Scoring: Test Cases/Engine_Scoring/Engine Scoring

2022-11-25 08:57:24 - [TEST_STEP][PASSED] - markPassed("Variasi data ke : " + no): Variasi data ke : 268

2022-11-25 08:57:24 - [MESSAGE][PASSED] - Variasi data ke : 268

2022-11-25 08:57:24 - [TEST_STEP][PASSED] - req_data = sendRequest(findTestObject("Search_ME", ["MID":MID, "source":source, "ip":ip, "userid":userid, "branch":branch, "tipekons":tipekons, "marital":marital, "penjamin":penjamin, ... ])): Send request successfully

2022-11-25 08:57:25 - [MESSAGE][INFO] - HAR: D:\DMS\Engine Scoring\Reports\20221125_084901\Exclude KKB - DS - Married\Scoring Married - DS\20221125_084901\requests\main\134.har

2022-11-25 08:57:25 - [MESSAGE][PASSED] - Send request successfully

2022-11-25 08:57:25 - [TEST_STEP][PASSED] - slurper = new groovy.json.JsonSlurper(): null

2022-11-25 08:57:25 - [TEST_STEP][PASSED] - result = slurper.parseText(req_data.getResponseBodyContent()): null

2022-11-25 08:57:25 - [TEST_STEP][PASSED] - reqid_kons = requestid1: null

2022-11-25 08:57:25 - [TEST_STEP][PASSED] - reqid_spouse = requestid2: null

2022-11-25 08:57:25 - [TEST_STEP][PASSED] - println("requestid kons : " + reqid_kons): null

2022-11-25 08:57:25 - [TEST_STEP][PASSED] - response_searchME_kons = reqid_kons: null

2022-11-25 08:57:25 - [TEST_STEP][PASSED] - response_searchME_spouse = reqid_spouse: null

2022-11-25 08:57:25 - [TEST_STEP][PASSED] - println("kons req id is :" + response_searchME_kons): null

2022-11-25 08:57:25 - [TEST_STEP][PASSED] - println("spouse req id is : " + response_searchME_spouse): null

2022-11-25 08:57:25 - [TEST_STEP][PASSED] - verifyResponseStatusCode(req_data, 200): Verify response status code successfully

2022-11-25 08:57:25 - [MESSAGE][PASSED] - Verify response status code successfully

2022-11-25 08:57:25 - [TEST_STEP][PASSED] - response = req_data.getResponseText(): null

2022-11-25 08:57:25 - [TEST_STEP][PASSED] - logInfo($response): {"status":"Done","data":{"requestid1":"254594","requestid2":"254595"}}

2022-11-25 08:57:25 - [MESSAGE][INFO] - {"status":"Done","data":{"requestid1":"254594","requestid2":"254595"}}

2022-11-25 08:57:25 - [TEST_STEP][PASSED] - delay(5): Delayed 5 second(s)

2022-11-25 08:57:30 - [MESSAGE][PASSED] - Delayed 5 second(s)

2022-11-25 08:57:30 - [TEST_STEP][PASSED] - scoring = sendRequest(findTestObject("EngineScore", ["response_searchME_kons":response_searchME_kons, "response_searchME_spouse":response_searchME_spouse])): Send request successfully

2022-11-25 08:57:30 - [MESSAGE][INFO] - HAR: D:\DMS\Engine Scoring\Reports\20221125_084901\Exclude KKB - DS - Married\Scoring Married - DS\20221125_084901\requests\main\135.har

2022-11-25 08:57:30 - [MESSAGE][PASSED] - Send request successfully

2022-11-25 08:57:30 - [TEST_STEP][PASSED] - verifyResponseStatusCode(scoring, 200): Verify response status code successfully

2022-11-25 08:57:30 - [MESSAGE][PASSED] - Verify response status code successfully

2022-11-25 08:57:30 - [TEST_STEP][PASSED] - response2 = scoring.getResponseText(): null

2022-11-25 08:57:30 - [TEST_STEP][PASSED] - markPassed("result service data ke : " + no): result service data ke : 268

2022-11-25 08:57:30 - [MESSAGE][PASSED] - result service data ke : 268

2022-11-25 08:57:30 - [TEST_STEP][PASSED] - logInfo($response2): {"result_konsumen":"Reject","result_pasangan":"Reguler","Final_result":"Reject","errorMessage":"","status":"Done"}

2022-11-25 08:57:30 - [MESSAGE][INFO] - {"result_konsumen":"Reject","result_pasangan":"Reguler","Final_result":"Reject","errorMessage":"","status":"Done"}

2022-11-25 08:57:30 - [TEST_STEP][PASSED] - verifyElementPropertyValue(scoring, "Final_result", final_result): Verify element property value successfully

2022-11-25 08:57:30 - [MESSAGE][PASSED] - Verify element property value successfully]]></system-out>
         <system-err><![CDATA[]]></system-err>
      </testcase>
      <testcase name="Test Cases/Engine_Scoring/Engine Scoring" time="6.875" classname="Test Cases/Engine_Scoring/Engine Scoring" status="PASSED">
         <system-out><![CDATA[2022-11-25 08:57:30 - [TEST_CASE][PASSED] - Test Cases/Engine_Scoring/Engine Scoring: Test Cases/Engine_Scoring/Engine Scoring

2022-11-25 08:57:31 - [TEST_STEP][PASSED] - markPassed("Variasi data ke : " + no): Variasi data ke : 269

2022-11-25 08:57:31 - [MESSAGE][PASSED] - Variasi data ke : 269

2022-11-25 08:57:31 - [TEST_STEP][PASSED] - req_data = sendRequest(findTestObject("Search_ME", ["MID":MID, "source":source, "ip":ip, "userid":userid, "branch":branch, "tipekons":tipekons, "marital":marital, "penjamin":penjamin, ... ])): Send request successfully

2022-11-25 08:57:32 - [MESSAGE][INFO] - HAR: D:\DMS\Engine Scoring\Reports\20221125_084901\Exclude KKB - DS - Married\Scoring Married - DS\20221125_084901\requests\main\136.har

2022-11-25 08:57:32 - [MESSAGE][PASSED] - Send request successfully

2022-11-25 08:57:32 - [TEST_STEP][PASSED] - slurper = new groovy.json.JsonSlurper(): null

2022-11-25 08:57:32 - [TEST_STEP][PASSED] - result = slurper.parseText(req_data.getResponseBodyContent()): null

2022-11-25 08:57:32 - [TEST_STEP][PASSED] - reqid_kons = requestid1: null

2022-11-25 08:57:32 - [TEST_STEP][PASSED] - reqid_spouse = requestid2: null

2022-11-25 08:57:32 - [TEST_STEP][PASSED] - println("requestid kons : " + reqid_kons): null

2022-11-25 08:57:32 - [TEST_STEP][PASSED] - response_searchME_kons = reqid_kons: null

2022-11-25 08:57:32 - [TEST_STEP][PASSED] - response_searchME_spouse = reqid_spouse: null

2022-11-25 08:57:32 - [TEST_STEP][PASSED] - println("kons req id is :" + response_searchME_kons): null

2022-11-25 08:57:32 - [TEST_STEP][PASSED] - println("spouse req id is : " + response_searchME_spouse): null

2022-11-25 08:57:32 - [TEST_STEP][PASSED] - verifyResponseStatusCode(req_data, 200): Verify response status code successfully

2022-11-25 08:57:32 - [MESSAGE][PASSED] - Verify response status code successfully

2022-11-25 08:57:32 - [TEST_STEP][PASSED] - response = req_data.getResponseText(): null

2022-11-25 08:57:32 - [TEST_STEP][PASSED] - logInfo($response): {"status":"Done","data":{"requestid1":"254596","requestid2":"254597"}}

2022-11-25 08:57:32 - [MESSAGE][INFO] - {"status":"Done","data":{"requestid1":"254596","requestid2":"254597"}}

2022-11-25 08:57:32 - [TEST_STEP][PASSED] - delay(5): Delayed 5 second(s)

2022-11-25 08:57:37 - [MESSAGE][PASSED] - Delayed 5 second(s)

2022-11-25 08:57:37 - [TEST_STEP][PASSED] - scoring = sendRequest(findTestObject("EngineScore", ["response_searchME_kons":response_searchME_kons, "response_searchME_spouse":response_searchME_spouse])): Send request successfully

2022-11-25 08:57:37 - [MESSAGE][INFO] - HAR: D:\DMS\Engine Scoring\Reports\20221125_084901\Exclude KKB - DS - Married\Scoring Married - DS\20221125_084901\requests\main\137.har

2022-11-25 08:57:37 - [MESSAGE][PASSED] - Send request successfully

2022-11-25 08:57:37 - [TEST_STEP][PASSED] - verifyResponseStatusCode(scoring, 200): Verify response status code successfully

2022-11-25 08:57:37 - [MESSAGE][PASSED] - Verify response status code successfully

2022-11-25 08:57:37 - [TEST_STEP][PASSED] - response2 = scoring.getResponseText(): null

2022-11-25 08:57:37 - [TEST_STEP][PASSED] - markPassed("result service data ke : " + no): result service data ke : 269

2022-11-25 08:57:37 - [MESSAGE][PASSED] - result service data ke : 269

2022-11-25 08:57:37 - [TEST_STEP][PASSED] - logInfo($response2): {"result_konsumen":"Reject","result_pasangan":"Reguler","Final_result":"Reject","errorMessage":"","status":"Done"}

2022-11-25 08:57:37 - [MESSAGE][INFO] - {"result_konsumen":"Reject","result_pasangan":"Reguler","Final_result":"Reject","errorMessage":"","status":"Done"}

2022-11-25 08:57:37 - [TEST_STEP][PASSED] - verifyElementPropertyValue(scoring, "Final_result", final_result): Verify element property value successfully

2022-11-25 08:57:37 - [MESSAGE][PASSED] - Verify element property value successfully]]></system-out>
         <system-err><![CDATA[]]></system-err>
      </testcase>
      <testcase name="Test Cases/Engine_Scoring/Engine Scoring" time="10.452" classname="Test Cases/Engine_Scoring/Engine Scoring" status="PASSED">
         <system-out><![CDATA[2022-11-25 08:57:37 - [TEST_CASE][PASSED] - Test Cases/Engine_Scoring/Engine Scoring: Test Cases/Engine_Scoring/Engine Scoring

2022-11-25 08:57:38 - [TEST_STEP][PASSED] - markPassed("Variasi data ke : " + no): Variasi data ke : 270

2022-11-25 08:57:38 - [MESSAGE][PASSED] - Variasi data ke : 270

2022-11-25 08:57:38 - [TEST_STEP][PASSED] - req_data = sendRequest(findTestObject("Search_ME", ["MID":MID, "source":source, "ip":ip, "userid":userid, "branch":branch, "tipekons":tipekons, "marital":marital, "penjamin":penjamin, ... ])): Send request successfully

2022-11-25 08:57:42 - [MESSAGE][INFO] - HAR: D:\DMS\Engine Scoring\Reports\20221125_084901\Exclude KKB - DS - Married\Scoring Married - DS\20221125_084901\requests\main\138.har

2022-11-25 08:57:42 - [MESSAGE][PASSED] - Send request successfully

2022-11-25 08:57:42 - [TEST_STEP][PASSED] - slurper = new groovy.json.JsonSlurper(): null

2022-11-25 08:57:42 - [TEST_STEP][PASSED] - result = slurper.parseText(req_data.getResponseBodyContent()): null

2022-11-25 08:57:42 - [TEST_STEP][PASSED] - reqid_kons = requestid1: null

2022-11-25 08:57:42 - [TEST_STEP][PASSED] - reqid_spouse = requestid2: null

2022-11-25 08:57:42 - [TEST_STEP][PASSED] - println("requestid kons : " + reqid_kons): null

2022-11-25 08:57:42 - [TEST_STEP][PASSED] - response_searchME_kons = reqid_kons: null

2022-11-25 08:57:42 - [TEST_STEP][PASSED] - response_searchME_spouse = reqid_spouse: null

2022-11-25 08:57:42 - [TEST_STEP][PASSED] - println("kons req id is :" + response_searchME_kons): null

2022-11-25 08:57:42 - [TEST_STEP][PASSED] - println("spouse req id is : " + response_searchME_spouse): null

2022-11-25 08:57:42 - [TEST_STEP][PASSED] - verifyResponseStatusCode(req_data, 200): Verify response status code successfully

2022-11-25 08:57:42 - [MESSAGE][PASSED] - Verify response status code successfully

2022-11-25 08:57:42 - [TEST_STEP][PASSED] - response = req_data.getResponseText(): null

2022-11-25 08:57:42 - [TEST_STEP][PASSED] - logInfo($response): {"status":"Done","data":{"requestid1":"254598","requestid2":"254599"}}

2022-11-25 08:57:42 - [MESSAGE][INFO] - {"status":"Done","data":{"requestid1":"254598","requestid2":"254599"}}

2022-11-25 08:57:42 - [TEST_STEP][PASSED] - delay(5): Delayed 5 second(s)

2022-11-25 08:57:47 - [MESSAGE][PASSED] - Delayed 5 second(s)

2022-11-25 08:57:47 - [TEST_STEP][PASSED] - scoring = sendRequest(findTestObject("EngineScore", ["response_searchME_kons":response_searchME_kons, "response_searchME_spouse":response_searchME_spouse])): Send request successfully

2022-11-25 08:57:47 - [MESSAGE][INFO] - HAR: D:\DMS\Engine Scoring\Reports\20221125_084901\Exclude KKB - DS - Married\Scoring Married - DS\20221125_084901\requests\main\139.har

2022-11-25 08:57:47 - [MESSAGE][PASSED] - Send request successfully

2022-11-25 08:57:47 - [TEST_STEP][PASSED] - verifyResponseStatusCode(scoring, 200): Verify response status code successfully

2022-11-25 08:57:47 - [MESSAGE][PASSED] - Verify response status code successfully

2022-11-25 08:57:47 - [TEST_STEP][PASSED] - response2 = scoring.getResponseText(): null

2022-11-25 08:57:47 - [TEST_STEP][PASSED] - markPassed("result service data ke : " + no): result service data ke : 270

2022-11-25 08:57:47 - [MESSAGE][PASSED] - result service data ke : 270

2022-11-25 08:57:47 - [TEST_STEP][PASSED] - logInfo($response2): {"result_konsumen":"Reject","result_pasangan":"Reguler","Final_result":"Reject","errorMessage":"","status":"Done"}

2022-11-25 08:57:47 - [MESSAGE][INFO] - {"result_konsumen":"Reject","result_pasangan":"Reguler","Final_result":"Reject","errorMessage":"","status":"Done"}

2022-11-25 08:57:47 - [TEST_STEP][PASSED] - verifyElementPropertyValue(scoring, "Final_result", final_result): Verify element property value successfully

2022-11-25 08:57:47 - [MESSAGE][PASSED] - Verify element property value successfully]]></system-out>
         <system-err><![CDATA[]]></system-err>
      </testcase>
      <system-out><![CDATA[2022-11-25 08:49:08 - [TEST_SUITE][PASSED] - Scoring Married - DS: Test Cases/Engine_Scoring/Engine Scoring]]></system-out>
      <system-err><![CDATA[]]></system-err>
   </testsuite>
</testsuites>
