<?xml version="1.0" encoding="UTF-8"?>
<testsuites name="Scoring Married - DS" time="691.822" tests="100" failures="0" errors="0">
   <testsuite name="Scoring Married - DS" tests="100" failures="0" errors="0" time="691.822" skipped="0" timestamp="2022-11-24 16:44:55" hostname="bcafmaster - WPI20220318001.bcaf.co.id" id="Test Suites/Exclude KKB - DS - Married/Scoring Married - DS">
      <properties>
         <property name="deviceName" value=""/>
         <property name="devicePlatform" value=""/>
         <property name="logFolder" value="D:\\DMS\\Engine Scoring\\Reports\\20221124_164440\\Exclude KKB - DS - Married\\Scoring Married - DS\\20221124_164440"/>
         <property name="logFiles" value="D:\\DMS\\Engine Scoring\\Reports\\20221124_164440\\Exclude KKB - DS - Married\\Scoring Married - DS\\20221124_164440\\execution0.log, D:\\DMS\\Engine Scoring\\Reports\\20221124_164440\\Exclude KKB - DS - Married\\Scoring Married - DS\\20221124_164440\\execution1.log"/>
         <property name="attachments" value=""/>
         <property name="hostName" value="bcafmaster - WPI20220318001.bcaf.co.id"/>
         <property name="hostAddress" value="10.10.8.57"/>
         <property name="os" value="Windows 10 64bit"/>
         <property name="katalonVersion" value="8.2.5.208"/>
      </properties>
      <testcase name="Test Cases/Engine_Scoring/Engine Scoring" time="8.235" classname="Test Cases/Engine_Scoring/Engine Scoring" status="PASSED">
         <system-out><![CDATA[2022-11-24 16:44:55 - [TEST_CASE][PASSED] - Test Cases/Engine_Scoring/Engine Scoring: Test Cases/Engine_Scoring/Engine Scoring

2022-11-24 16:44:57 - [TEST_STEP][PASSED] - markPassed("Variasi data ke : " + no): Variasi data ke : 1

2022-11-24 16:44:57 - [MESSAGE][PASSED] - Variasi data ke : 1

2022-11-24 16:44:57 - [TEST_STEP][PASSED] - req_data = sendRequest(findTestObject("Search_ME", ["MID":MID, "source":source, "ip":ip, "userid":userid, "branch":branch, "tipekons":tipekons, "marital":marital, "penjamin":penjamin, ... ])): Send request successfully

2022-11-24 16:44:58 - [MESSAGE][INFO] - HAR: D:\DMS\Engine Scoring\Reports\20221124_164440\Exclude KKB - DS - Married\Scoring Married - DS\20221124_164440\requests\main\0.har

2022-11-24 16:44:58 - [MESSAGE][PASSED] - Send request successfully

2022-11-24 16:44:58 - [TEST_STEP][PASSED] - slurper = new groovy.json.JsonSlurper(): null

2022-11-24 16:44:58 - [TEST_STEP][PASSED] - result = slurper.parseText(req_data.getResponseBodyContent()): null

2022-11-24 16:44:58 - [TEST_STEP][PASSED] - reqid_kons = requestid1: null

2022-11-24 16:44:58 - [TEST_STEP][PASSED] - reqid_spouse = requestid2: null

2022-11-24 16:44:58 - [TEST_STEP][PASSED] - println("requestid kons : " + reqid_kons): null

2022-11-24 16:44:58 - [TEST_STEP][PASSED] - response_searchME_kons = reqid_kons: null

2022-11-24 16:44:58 - [TEST_STEP][PASSED] - response_searchME_spouse = reqid_spouse: null

2022-11-24 16:44:58 - [TEST_STEP][PASSED] - println("kons req id is :" + response_searchME_kons): null

2022-11-24 16:44:58 - [TEST_STEP][PASSED] - println("spouse req id is : " + response_searchME_spouse): null

2022-11-24 16:44:58 - [TEST_STEP][PASSED] - verifyResponseStatusCode(req_data, 200): Verify response status code successfully

2022-11-24 16:44:58 - [MESSAGE][PASSED] - Verify response status code successfully

2022-11-24 16:44:58 - [TEST_STEP][PASSED] - response = req_data.getResponseText(): null

2022-11-24 16:44:58 - [TEST_STEP][PASSED] - logInfo($response): {"status":"Done","data":{"requestid1":"253858","requestid2":"253859"}}

2022-11-24 16:44:58 - [MESSAGE][INFO] - {"status":"Done","data":{"requestid1":"253858","requestid2":"253859"}}

2022-11-24 16:44:58 - [TEST_STEP][PASSED] - delay(5): Delayed 5 second(s)

2022-11-24 16:45:03 - [MESSAGE][PASSED] - Delayed 5 second(s)

2022-11-24 16:45:03 - [TEST_STEP][PASSED] - scoring = sendRequest(findTestObject("EngineScore", ["response_searchME_kons":response_searchME_kons, "response_searchME_spouse":response_searchME_spouse])): Send request successfully

2022-11-24 16:45:03 - [MESSAGE][INFO] - HAR: D:\DMS\Engine Scoring\Reports\20221124_164440\Exclude KKB - DS - Married\Scoring Married - DS\20221124_164440\requests\main\1.har

2022-11-24 16:45:03 - [MESSAGE][PASSED] - Send request successfully

2022-11-24 16:45:03 - [TEST_STEP][PASSED] - verifyResponseStatusCode(scoring, 200): Verify response status code successfully

2022-11-24 16:45:03 - [MESSAGE][PASSED] - Verify response status code successfully

2022-11-24 16:45:03 - [TEST_STEP][PASSED] - response2 = scoring.getResponseText(): null

2022-11-24 16:45:03 - [TEST_STEP][PASSED] - markPassed("result service data ke : " + no): result service data ke : 1

2022-11-24 16:45:03 - [MESSAGE][PASSED] - result service data ke : 1

2022-11-24 16:45:03 - [TEST_STEP][PASSED] - logInfo($response2): {"result_konsumen":"Reguler","result_pasangan":"Reguler","Final_result":"Reguler","errorMessage":"","status":"Done"}

2022-11-24 16:45:03 - [MESSAGE][INFO] - {"result_konsumen":"Reguler","result_pasangan":"Reguler","Final_result":"Reguler","errorMessage":"","status":"Done"}

2022-11-24 16:45:03 - [TEST_STEP][PASSED] - verifyElementPropertyValue(scoring, "Final_result", final_result): Verify element property value successfully

2022-11-24 16:45:03 - [MESSAGE][PASSED] - Verify element property value successfully]]></system-out>
         <system-err><![CDATA[]]></system-err>
      </testcase>
      <testcase name="Test Cases/Engine_Scoring/Engine Scoring" time="6.903" classname="Test Cases/Engine_Scoring/Engine Scoring" status="PASSED">
         <system-out><![CDATA[2022-11-24 16:45:04 - [TEST_CASE][PASSED] - Test Cases/Engine_Scoring/Engine Scoring: Test Cases/Engine_Scoring/Engine Scoring

2022-11-24 16:45:05 - [TEST_STEP][PASSED] - markPassed("Variasi data ke : " + no): Variasi data ke : 2

2022-11-24 16:45:05 - [MESSAGE][PASSED] - Variasi data ke : 2

2022-11-24 16:45:05 - [TEST_STEP][PASSED] - req_data = sendRequest(findTestObject("Search_ME", ["MID":MID, "source":source, "ip":ip, "userid":userid, "branch":branch, "tipekons":tipekons, "marital":marital, "penjamin":penjamin, ... ])): Send request successfully

2022-11-24 16:45:05 - [MESSAGE][INFO] - HAR: D:\DMS\Engine Scoring\Reports\20221124_164440\Exclude KKB - DS - Married\Scoring Married - DS\20221124_164440\requests\main\2.har

2022-11-24 16:45:05 - [MESSAGE][PASSED] - Send request successfully

2022-11-24 16:45:05 - [TEST_STEP][PASSED] - slurper = new groovy.json.JsonSlurper(): null

2022-11-24 16:45:05 - [TEST_STEP][PASSED] - result = slurper.parseText(req_data.getResponseBodyContent()): null

2022-11-24 16:45:05 - [TEST_STEP][PASSED] - reqid_kons = requestid1: null

2022-11-24 16:45:05 - [TEST_STEP][PASSED] - reqid_spouse = requestid2: null

2022-11-24 16:45:05 - [TEST_STEP][PASSED] - println("requestid kons : " + reqid_kons): null

2022-11-24 16:45:05 - [TEST_STEP][PASSED] - response_searchME_kons = reqid_kons: null

2022-11-24 16:45:05 - [TEST_STEP][PASSED] - response_searchME_spouse = reqid_spouse: null

2022-11-24 16:45:05 - [TEST_STEP][PASSED] - println("kons req id is :" + response_searchME_kons): null

2022-11-24 16:45:05 - [TEST_STEP][PASSED] - println("spouse req id is : " + response_searchME_spouse): null

2022-11-24 16:45:05 - [TEST_STEP][PASSED] - verifyResponseStatusCode(req_data, 200): Verify response status code successfully

2022-11-24 16:45:05 - [MESSAGE][PASSED] - Verify response status code successfully

2022-11-24 16:45:05 - [TEST_STEP][PASSED] - response = req_data.getResponseText(): null

2022-11-24 16:45:05 - [TEST_STEP][PASSED] - logInfo($response): {"status":"Done","data":{"requestid1":"253860","requestid2":"253861"}}

2022-11-24 16:45:05 - [MESSAGE][INFO] - {"status":"Done","data":{"requestid1":"253860","requestid2":"253861"}}

2022-11-24 16:45:05 - [TEST_STEP][PASSED] - delay(5): Delayed 5 second(s)

2022-11-24 16:45:10 - [MESSAGE][PASSED] - Delayed 5 second(s)

2022-11-24 16:45:10 - [TEST_STEP][PASSED] - scoring = sendRequest(findTestObject("EngineScore", ["response_searchME_kons":response_searchME_kons, "response_searchME_spouse":response_searchME_spouse])): Send request successfully

2022-11-24 16:45:10 - [MESSAGE][INFO] - HAR: D:\DMS\Engine Scoring\Reports\20221124_164440\Exclude KKB - DS - Married\Scoring Married - DS\20221124_164440\requests\main\3.har

2022-11-24 16:45:10 - [MESSAGE][PASSED] - Send request successfully

2022-11-24 16:45:10 - [TEST_STEP][PASSED] - verifyResponseStatusCode(scoring, 200): Verify response status code successfully

2022-11-24 16:45:10 - [MESSAGE][PASSED] - Verify response status code successfully

2022-11-24 16:45:10 - [TEST_STEP][PASSED] - response2 = scoring.getResponseText(): null

2022-11-24 16:45:10 - [TEST_STEP][PASSED] - markPassed("result service data ke : " + no): result service data ke : 2

2022-11-24 16:45:10 - [MESSAGE][PASSED] - result service data ke : 2

2022-11-24 16:45:10 - [TEST_STEP][PASSED] - logInfo($response2): {"result_konsumen":"Reguler","result_pasangan":"Reguler","Final_result":"Reguler","errorMessage":"","status":"Done"}

2022-11-24 16:45:10 - [MESSAGE][INFO] - {"result_konsumen":"Reguler","result_pasangan":"Reguler","Final_result":"Reguler","errorMessage":"","status":"Done"}

2022-11-24 16:45:10 - [TEST_STEP][PASSED] - verifyElementPropertyValue(scoring, "Final_result", final_result): Verify element property value successfully

2022-11-24 16:45:10 - [MESSAGE][PASSED] - Verify element property value successfully]]></system-out>
         <system-err><![CDATA[]]></system-err>
      </testcase>
      <testcase name="Test Cases/Engine_Scoring/Engine Scoring" time="6.842" classname="Test Cases/Engine_Scoring/Engine Scoring" status="PASSED">
         <system-out><![CDATA[2022-11-24 16:45:10 - [TEST_CASE][PASSED] - Test Cases/Engine_Scoring/Engine Scoring: Test Cases/Engine_Scoring/Engine Scoring

2022-11-24 16:45:11 - [TEST_STEP][PASSED] - markPassed("Variasi data ke : " + no): Variasi data ke : 3

2022-11-24 16:45:11 - [MESSAGE][PASSED] - Variasi data ke : 3

2022-11-24 16:45:11 - [TEST_STEP][PASSED] - req_data = sendRequest(findTestObject("Search_ME", ["MID":MID, "source":source, "ip":ip, "userid":userid, "branch":branch, "tipekons":tipekons, "marital":marital, "penjamin":penjamin, ... ])): Send request successfully

2022-11-24 16:45:12 - [MESSAGE][INFO] - HAR: D:\DMS\Engine Scoring\Reports\20221124_164440\Exclude KKB - DS - Married\Scoring Married - DS\20221124_164440\requests\main\4.har

2022-11-24 16:45:12 - [MESSAGE][PASSED] - Send request successfully

2022-11-24 16:45:12 - [TEST_STEP][PASSED] - slurper = new groovy.json.JsonSlurper(): null

2022-11-24 16:45:12 - [TEST_STEP][PASSED] - result = slurper.parseText(req_data.getResponseBodyContent()): null

2022-11-24 16:45:12 - [TEST_STEP][PASSED] - reqid_kons = requestid1: null

2022-11-24 16:45:12 - [TEST_STEP][PASSED] - reqid_spouse = requestid2: null

2022-11-24 16:45:12 - [TEST_STEP][PASSED] - println("requestid kons : " + reqid_kons): null

2022-11-24 16:45:12 - [TEST_STEP][PASSED] - response_searchME_kons = reqid_kons: null

2022-11-24 16:45:12 - [TEST_STEP][PASSED] - response_searchME_spouse = reqid_spouse: null

2022-11-24 16:45:12 - [TEST_STEP][PASSED] - println("kons req id is :" + response_searchME_kons): null

2022-11-24 16:45:12 - [TEST_STEP][PASSED] - println("spouse req id is : " + response_searchME_spouse): null

2022-11-24 16:45:12 - [TEST_STEP][PASSED] - verifyResponseStatusCode(req_data, 200): Verify response status code successfully

2022-11-24 16:45:12 - [MESSAGE][PASSED] - Verify response status code successfully

2022-11-24 16:45:12 - [TEST_STEP][PASSED] - response = req_data.getResponseText(): null

2022-11-24 16:45:12 - [TEST_STEP][PASSED] - logInfo($response): {"status":"Done","data":{"requestid1":"253862","requestid2":"253863"}}

2022-11-24 16:45:12 - [MESSAGE][INFO] - {"status":"Done","data":{"requestid1":"253862","requestid2":"253863"}}

2022-11-24 16:45:12 - [TEST_STEP][PASSED] - delay(5): Delayed 5 second(s)

2022-11-24 16:45:17 - [MESSAGE][PASSED] - Delayed 5 second(s)

2022-11-24 16:45:17 - [TEST_STEP][PASSED] - scoring = sendRequest(findTestObject("EngineScore", ["response_searchME_kons":response_searchME_kons, "response_searchME_spouse":response_searchME_spouse])): Send request successfully

2022-11-24 16:45:17 - [MESSAGE][INFO] - HAR: D:\DMS\Engine Scoring\Reports\20221124_164440\Exclude KKB - DS - Married\Scoring Married - DS\20221124_164440\requests\main\5.har

2022-11-24 16:45:17 - [MESSAGE][PASSED] - Send request successfully

2022-11-24 16:45:17 - [TEST_STEP][PASSED] - verifyResponseStatusCode(scoring, 200): Verify response status code successfully

2022-11-24 16:45:17 - [MESSAGE][PASSED] - Verify response status code successfully

2022-11-24 16:45:17 - [TEST_STEP][PASSED] - response2 = scoring.getResponseText(): null

2022-11-24 16:45:17 - [TEST_STEP][PASSED] - markPassed("result service data ke : " + no): result service data ke : 3

2022-11-24 16:45:17 - [MESSAGE][PASSED] - result service data ke : 3

2022-11-24 16:45:17 - [TEST_STEP][PASSED] - logInfo($response2): {"result_konsumen":"Reguler","result_pasangan":"Reguler","Final_result":"Reguler","errorMessage":"","status":"Done"}

2022-11-24 16:45:17 - [MESSAGE][INFO] - {"result_konsumen":"Reguler","result_pasangan":"Reguler","Final_result":"Reguler","errorMessage":"","status":"Done"}

2022-11-24 16:45:17 - [TEST_STEP][PASSED] - verifyElementPropertyValue(scoring, "Final_result", final_result): Verify element property value successfully

2022-11-24 16:45:17 - [MESSAGE][PASSED] - Verify element property value successfully]]></system-out>
         <system-err><![CDATA[]]></system-err>
      </testcase>
      <testcase name="Test Cases/Engine_Scoring/Engine Scoring" time="6.686" classname="Test Cases/Engine_Scoring/Engine Scoring" status="PASSED">
         <system-out><![CDATA[2022-11-24 16:45:17 - [TEST_CASE][PASSED] - Test Cases/Engine_Scoring/Engine Scoring: Test Cases/Engine_Scoring/Engine Scoring

2022-11-24 16:45:18 - [TEST_STEP][PASSED] - markPassed("Variasi data ke : " + no): Variasi data ke : 4

2022-11-24 16:45:18 - [MESSAGE][PASSED] - Variasi data ke : 4

2022-11-24 16:45:18 - [TEST_STEP][PASSED] - req_data = sendRequest(findTestObject("Search_ME", ["MID":MID, "source":source, "ip":ip, "userid":userid, "branch":branch, "tipekons":tipekons, "marital":marital, "penjamin":penjamin, ... ])): Send request successfully

2022-11-24 16:45:19 - [MESSAGE][INFO] - HAR: D:\DMS\Engine Scoring\Reports\20221124_164440\Exclude KKB - DS - Married\Scoring Married - DS\20221124_164440\requests\main\6.har

2022-11-24 16:45:19 - [MESSAGE][PASSED] - Send request successfully

2022-11-24 16:45:19 - [TEST_STEP][PASSED] - slurper = new groovy.json.JsonSlurper(): null

2022-11-24 16:45:19 - [TEST_STEP][PASSED] - result = slurper.parseText(req_data.getResponseBodyContent()): null

2022-11-24 16:45:19 - [TEST_STEP][PASSED] - reqid_kons = requestid1: null

2022-11-24 16:45:19 - [TEST_STEP][PASSED] - reqid_spouse = requestid2: null

2022-11-24 16:45:19 - [TEST_STEP][PASSED] - println("requestid kons : " + reqid_kons): null

2022-11-24 16:45:19 - [TEST_STEP][PASSED] - response_searchME_kons = reqid_kons: null

2022-11-24 16:45:19 - [TEST_STEP][PASSED] - response_searchME_spouse = reqid_spouse: null

2022-11-24 16:45:19 - [TEST_STEP][PASSED] - println("kons req id is :" + response_searchME_kons): null

2022-11-24 16:45:19 - [TEST_STEP][PASSED] - println("spouse req id is : " + response_searchME_spouse): null

2022-11-24 16:45:19 - [TEST_STEP][PASSED] - verifyResponseStatusCode(req_data, 200): Verify response status code successfully

2022-11-24 16:45:19 - [MESSAGE][PASSED] - Verify response status code successfully

2022-11-24 16:45:19 - [TEST_STEP][PASSED] - response = req_data.getResponseText(): null

2022-11-24 16:45:19 - [TEST_STEP][PASSED] - logInfo($response): {"status":"Done","data":{"requestid1":"253864","requestid2":"253865"}}

2022-11-24 16:45:19 - [MESSAGE][INFO] - {"status":"Done","data":{"requestid1":"253864","requestid2":"253865"}}

2022-11-24 16:45:19 - [TEST_STEP][PASSED] - delay(5): Delayed 5 second(s)

2022-11-24 16:45:24 - [MESSAGE][PASSED] - Delayed 5 second(s)

2022-11-24 16:45:24 - [TEST_STEP][PASSED] - scoring = sendRequest(findTestObject("EngineScore", ["response_searchME_kons":response_searchME_kons, "response_searchME_spouse":response_searchME_spouse])): Send request successfully

2022-11-24 16:45:24 - [MESSAGE][INFO] - HAR: D:\DMS\Engine Scoring\Reports\20221124_164440\Exclude KKB - DS - Married\Scoring Married - DS\20221124_164440\requests\main\7.har

2022-11-24 16:45:24 - [MESSAGE][PASSED] - Send request successfully

2022-11-24 16:45:24 - [TEST_STEP][PASSED] - verifyResponseStatusCode(scoring, 200): Verify response status code successfully

2022-11-24 16:45:24 - [MESSAGE][PASSED] - Verify response status code successfully

2022-11-24 16:45:24 - [TEST_STEP][PASSED] - response2 = scoring.getResponseText(): null

2022-11-24 16:45:24 - [TEST_STEP][PASSED] - markPassed("result service data ke : " + no): result service data ke : 4

2022-11-24 16:45:24 - [MESSAGE][PASSED] - result service data ke : 4

2022-11-24 16:45:24 - [TEST_STEP][PASSED] - logInfo($response2): {"result_konsumen":"Reguler","result_pasangan":"Reguler","Final_result":"Reguler","errorMessage":"","status":"Done"}

2022-11-24 16:45:24 - [MESSAGE][INFO] - {"result_konsumen":"Reguler","result_pasangan":"Reguler","Final_result":"Reguler","errorMessage":"","status":"Done"}

2022-11-24 16:45:24 - [TEST_STEP][PASSED] - verifyElementPropertyValue(scoring, "Final_result", final_result): Verify element property value successfully

2022-11-24 16:45:24 - [MESSAGE][PASSED] - Verify element property value successfully]]></system-out>
         <system-err><![CDATA[]]></system-err>
      </testcase>
      <testcase name="Test Cases/Engine_Scoring/Engine Scoring" time="6.723" classname="Test Cases/Engine_Scoring/Engine Scoring" status="PASSED">
         <system-out><![CDATA[2022-11-24 16:45:24 - [TEST_CASE][PASSED] - Test Cases/Engine_Scoring/Engine Scoring: Test Cases/Engine_Scoring/Engine Scoring

2022-11-24 16:45:25 - [TEST_STEP][PASSED] - markPassed("Variasi data ke : " + no): Variasi data ke : 5

2022-11-24 16:45:25 - [MESSAGE][PASSED] - Variasi data ke : 5

2022-11-24 16:45:25 - [TEST_STEP][PASSED] - req_data = sendRequest(findTestObject("Search_ME", ["MID":MID, "source":source, "ip":ip, "userid":userid, "branch":branch, "tipekons":tipekons, "marital":marital, "penjamin":penjamin, ... ])): Send request successfully

2022-11-24 16:45:26 - [MESSAGE][INFO] - HAR: D:\DMS\Engine Scoring\Reports\20221124_164440\Exclude KKB - DS - Married\Scoring Married - DS\20221124_164440\requests\main\8.har

2022-11-24 16:45:26 - [MESSAGE][PASSED] - Send request successfully

2022-11-24 16:45:26 - [TEST_STEP][PASSED] - slurper = new groovy.json.JsonSlurper(): null

2022-11-24 16:45:26 - [TEST_STEP][PASSED] - result = slurper.parseText(req_data.getResponseBodyContent()): null

2022-11-24 16:45:26 - [TEST_STEP][PASSED] - reqid_kons = requestid1: null

2022-11-24 16:45:26 - [TEST_STEP][PASSED] - reqid_spouse = requestid2: null

2022-11-24 16:45:26 - [TEST_STEP][PASSED] - println("requestid kons : " + reqid_kons): null

2022-11-24 16:45:26 - [TEST_STEP][PASSED] - response_searchME_kons = reqid_kons: null

2022-11-24 16:45:26 - [TEST_STEP][PASSED] - response_searchME_spouse = reqid_spouse: null

2022-11-24 16:45:26 - [TEST_STEP][PASSED] - println("kons req id is :" + response_searchME_kons): null

2022-11-24 16:45:26 - [TEST_STEP][PASSED] - println("spouse req id is : " + response_searchME_spouse): null

2022-11-24 16:45:26 - [TEST_STEP][PASSED] - verifyResponseStatusCode(req_data, 200): Verify response status code successfully

2022-11-24 16:45:26 - [MESSAGE][PASSED] - Verify response status code successfully

2022-11-24 16:45:26 - [TEST_STEP][PASSED] - response = req_data.getResponseText(): null

2022-11-24 16:45:26 - [TEST_STEP][PASSED] - logInfo($response): {"status":"Done","data":{"requestid1":"253866","requestid2":"253867"}}

2022-11-24 16:45:26 - [MESSAGE][INFO] - {"status":"Done","data":{"requestid1":"253866","requestid2":"253867"}}

2022-11-24 16:45:26 - [TEST_STEP][PASSED] - delay(5): Delayed 5 second(s)

2022-11-24 16:45:31 - [MESSAGE][PASSED] - Delayed 5 second(s)

2022-11-24 16:45:31 - [TEST_STEP][PASSED] - scoring = sendRequest(findTestObject("EngineScore", ["response_searchME_kons":response_searchME_kons, "response_searchME_spouse":response_searchME_spouse])): Send request successfully

2022-11-24 16:45:31 - [MESSAGE][INFO] - HAR: D:\DMS\Engine Scoring\Reports\20221124_164440\Exclude KKB - DS - Married\Scoring Married - DS\20221124_164440\requests\main\9.har

2022-11-24 16:45:31 - [MESSAGE][PASSED] - Send request successfully

2022-11-24 16:45:31 - [TEST_STEP][PASSED] - verifyResponseStatusCode(scoring, 200): Verify response status code successfully

2022-11-24 16:45:31 - [MESSAGE][PASSED] - Verify response status code successfully

2022-11-24 16:45:31 - [TEST_STEP][PASSED] - response2 = scoring.getResponseText(): null

2022-11-24 16:45:31 - [TEST_STEP][PASSED] - markPassed("result service data ke : " + no): result service data ke : 5

2022-11-24 16:45:31 - [MESSAGE][PASSED] - result service data ke : 5

2022-11-24 16:45:31 - [TEST_STEP][PASSED] - logInfo($response2): {"result_konsumen":"Reguler","result_pasangan":"Reguler","Final_result":"Reguler","errorMessage":"","status":"Done"}

2022-11-24 16:45:31 - [MESSAGE][INFO] - {"result_konsumen":"Reguler","result_pasangan":"Reguler","Final_result":"Reguler","errorMessage":"","status":"Done"}

2022-11-24 16:45:31 - [TEST_STEP][PASSED] - verifyElementPropertyValue(scoring, "Final_result", final_result): Verify element property value successfully

2022-11-24 16:45:31 - [MESSAGE][PASSED] - Verify element property value successfully]]></system-out>
         <system-err><![CDATA[]]></system-err>
      </testcase>
      <testcase name="Test Cases/Engine_Scoring/Engine Scoring" time="6.82" classname="Test Cases/Engine_Scoring/Engine Scoring" status="PASSED">
         <system-out><![CDATA[2022-11-24 16:45:31 - [TEST_CASE][PASSED] - Test Cases/Engine_Scoring/Engine Scoring: Test Cases/Engine_Scoring/Engine Scoring

2022-11-24 16:45:32 - [TEST_STEP][PASSED] - markPassed("Variasi data ke : " + no): Variasi data ke : 6

2022-11-24 16:45:32 - [MESSAGE][PASSED] - Variasi data ke : 6

2022-11-24 16:45:32 - [TEST_STEP][PASSED] - req_data = sendRequest(findTestObject("Search_ME", ["MID":MID, "source":source, "ip":ip, "userid":userid, "branch":branch, "tipekons":tipekons, "marital":marital, "penjamin":penjamin, ... ])): Send request successfully

2022-11-24 16:45:33 - [MESSAGE][INFO] - HAR: D:\DMS\Engine Scoring\Reports\20221124_164440\Exclude KKB - DS - Married\Scoring Married - DS\20221124_164440\requests\main\10.har

2022-11-24 16:45:33 - [MESSAGE][PASSED] - Send request successfully

2022-11-24 16:45:33 - [TEST_STEP][PASSED] - slurper = new groovy.json.JsonSlurper(): null

2022-11-24 16:45:33 - [TEST_STEP][PASSED] - result = slurper.parseText(req_data.getResponseBodyContent()): null

2022-11-24 16:45:33 - [TEST_STEP][PASSED] - reqid_kons = requestid1: null

2022-11-24 16:45:33 - [TEST_STEP][PASSED] - reqid_spouse = requestid2: null

2022-11-24 16:45:33 - [TEST_STEP][PASSED] - println("requestid kons : " + reqid_kons): null

2022-11-24 16:45:33 - [TEST_STEP][PASSED] - response_searchME_kons = reqid_kons: null

2022-11-24 16:45:33 - [TEST_STEP][PASSED] - response_searchME_spouse = reqid_spouse: null

2022-11-24 16:45:33 - [TEST_STEP][PASSED] - println("kons req id is :" + response_searchME_kons): null

2022-11-24 16:45:33 - [TEST_STEP][PASSED] - println("spouse req id is : " + response_searchME_spouse): null

2022-11-24 16:45:33 - [TEST_STEP][PASSED] - verifyResponseStatusCode(req_data, 200): Verify response status code successfully

2022-11-24 16:45:33 - [MESSAGE][PASSED] - Verify response status code successfully

2022-11-24 16:45:33 - [TEST_STEP][PASSED] - response = req_data.getResponseText(): null

2022-11-24 16:45:33 - [TEST_STEP][PASSED] - logInfo($response): {"status":"Done","data":{"requestid1":"253868","requestid2":"253869"}}

2022-11-24 16:45:33 - [MESSAGE][INFO] - {"status":"Done","data":{"requestid1":"253868","requestid2":"253869"}}

2022-11-24 16:45:33 - [TEST_STEP][PASSED] - delay(5): Delayed 5 second(s)

2022-11-24 16:45:38 - [MESSAGE][PASSED] - Delayed 5 second(s)

2022-11-24 16:45:38 - [TEST_STEP][PASSED] - scoring = sendRequest(findTestObject("EngineScore", ["response_searchME_kons":response_searchME_kons, "response_searchME_spouse":response_searchME_spouse])): Send request successfully

2022-11-24 16:45:38 - [MESSAGE][INFO] - HAR: D:\DMS\Engine Scoring\Reports\20221124_164440\Exclude KKB - DS - Married\Scoring Married - DS\20221124_164440\requests\main\11.har

2022-11-24 16:45:38 - [MESSAGE][PASSED] - Send request successfully

2022-11-24 16:45:38 - [TEST_STEP][PASSED] - verifyResponseStatusCode(scoring, 200): Verify response status code successfully

2022-11-24 16:45:38 - [MESSAGE][PASSED] - Verify response status code successfully

2022-11-24 16:45:38 - [TEST_STEP][PASSED] - response2 = scoring.getResponseText(): null

2022-11-24 16:45:38 - [TEST_STEP][PASSED] - markPassed("result service data ke : " + no): result service data ke : 6

2022-11-24 16:45:38 - [MESSAGE][PASSED] - result service data ke : 6

2022-11-24 16:45:38 - [TEST_STEP][PASSED] - logInfo($response2): {"result_konsumen":"Reguler","result_pasangan":"Reguler","Final_result":"Reguler","errorMessage":"","status":"Done"}

2022-11-24 16:45:38 - [MESSAGE][INFO] - {"result_konsumen":"Reguler","result_pasangan":"Reguler","Final_result":"Reguler","errorMessage":"","status":"Done"}

2022-11-24 16:45:38 - [TEST_STEP][PASSED] - verifyElementPropertyValue(scoring, "Final_result", final_result): Verify element property value successfully

2022-11-24 16:45:38 - [MESSAGE][PASSED] - Verify element property value successfully]]></system-out>
         <system-err><![CDATA[]]></system-err>
      </testcase>
      <testcase name="Test Cases/Engine_Scoring/Engine Scoring" time="6.688" classname="Test Cases/Engine_Scoring/Engine Scoring" status="PASSED">
         <system-out><![CDATA[2022-11-24 16:45:38 - [TEST_CASE][PASSED] - Test Cases/Engine_Scoring/Engine Scoring: Test Cases/Engine_Scoring/Engine Scoring

2022-11-24 16:45:39 - [TEST_STEP][PASSED] - markPassed("Variasi data ke : " + no): Variasi data ke : 7

2022-11-24 16:45:39 - [MESSAGE][PASSED] - Variasi data ke : 7

2022-11-24 16:45:39 - [TEST_STEP][PASSED] - req_data = sendRequest(findTestObject("Search_ME", ["MID":MID, "source":source, "ip":ip, "userid":userid, "branch":branch, "tipekons":tipekons, "marital":marital, "penjamin":penjamin, ... ])): Send request successfully

2022-11-24 16:45:39 - [MESSAGE][INFO] - HAR: D:\DMS\Engine Scoring\Reports\20221124_164440\Exclude KKB - DS - Married\Scoring Married - DS\20221124_164440\requests\main\12.har

2022-11-24 16:45:39 - [MESSAGE][PASSED] - Send request successfully

2022-11-24 16:45:39 - [TEST_STEP][PASSED] - slurper = new groovy.json.JsonSlurper(): null

2022-11-24 16:45:39 - [TEST_STEP][PASSED] - result = slurper.parseText(req_data.getResponseBodyContent()): null

2022-11-24 16:45:39 - [TEST_STEP][PASSED] - reqid_kons = requestid1: null

2022-11-24 16:45:39 - [TEST_STEP][PASSED] - reqid_spouse = requestid2: null

2022-11-24 16:45:39 - [TEST_STEP][PASSED] - println("requestid kons : " + reqid_kons): null

2022-11-24 16:45:39 - [TEST_STEP][PASSED] - response_searchME_kons = reqid_kons: null

2022-11-24 16:45:39 - [TEST_STEP][PASSED] - response_searchME_spouse = reqid_spouse: null

2022-11-24 16:45:39 - [TEST_STEP][PASSED] - println("kons req id is :" + response_searchME_kons): null

2022-11-24 16:45:39 - [TEST_STEP][PASSED] - println("spouse req id is : " + response_searchME_spouse): null

2022-11-24 16:45:39 - [TEST_STEP][PASSED] - verifyResponseStatusCode(req_data, 200): Verify response status code successfully

2022-11-24 16:45:39 - [MESSAGE][PASSED] - Verify response status code successfully

2022-11-24 16:45:39 - [TEST_STEP][PASSED] - response = req_data.getResponseText(): null

2022-11-24 16:45:39 - [TEST_STEP][PASSED] - logInfo($response): {"status":"Done","data":{"requestid1":"253870","requestid2":"253871"}}

2022-11-24 16:45:39 - [MESSAGE][INFO] - {"status":"Done","data":{"requestid1":"253870","requestid2":"253871"}}

2022-11-24 16:45:39 - [TEST_STEP][PASSED] - delay(5): Delayed 5 second(s)

2022-11-24 16:45:44 - [MESSAGE][PASSED] - Delayed 5 second(s)

2022-11-24 16:45:44 - [TEST_STEP][PASSED] - scoring = sendRequest(findTestObject("EngineScore", ["response_searchME_kons":response_searchME_kons, "response_searchME_spouse":response_searchME_spouse])): Send request successfully

2022-11-24 16:45:44 - [MESSAGE][INFO] - HAR: D:\DMS\Engine Scoring\Reports\20221124_164440\Exclude KKB - DS - Married\Scoring Married - DS\20221124_164440\requests\main\13.har

2022-11-24 16:45:44 - [MESSAGE][PASSED] - Send request successfully

2022-11-24 16:45:44 - [TEST_STEP][PASSED] - verifyResponseStatusCode(scoring, 200): Verify response status code successfully

2022-11-24 16:45:44 - [MESSAGE][PASSED] - Verify response status code successfully

2022-11-24 16:45:44 - [TEST_STEP][PASSED] - response2 = scoring.getResponseText(): null

2022-11-24 16:45:44 - [TEST_STEP][PASSED] - markPassed("result service data ke : " + no): result service data ke : 7

2022-11-24 16:45:44 - [MESSAGE][PASSED] - result service data ke : 7

2022-11-24 16:45:44 - [TEST_STEP][PASSED] - logInfo($response2): {"result_konsumen":"Reguler","result_pasangan":"Reguler","Final_result":"Reguler","errorMessage":"","status":"Done"}

2022-11-24 16:45:44 - [MESSAGE][INFO] - {"result_konsumen":"Reguler","result_pasangan":"Reguler","Final_result":"Reguler","errorMessage":"","status":"Done"}

2022-11-24 16:45:44 - [TEST_STEP][PASSED] - verifyElementPropertyValue(scoring, "Final_result", final_result): Verify element property value successfully

2022-11-24 16:45:44 - [MESSAGE][PASSED] - Verify element property value successfully]]></system-out>
         <system-err><![CDATA[]]></system-err>
      </testcase>
      <testcase name="Test Cases/Engine_Scoring/Engine Scoring" time="6.572" classname="Test Cases/Engine_Scoring/Engine Scoring" status="PASSED">
         <system-out><![CDATA[2022-11-24 16:45:45 - [TEST_CASE][PASSED] - Test Cases/Engine_Scoring/Engine Scoring: Test Cases/Engine_Scoring/Engine Scoring

2022-11-24 16:45:45 - [TEST_STEP][PASSED] - markPassed("Variasi data ke : " + no): Variasi data ke : 8

2022-11-24 16:45:45 - [MESSAGE][PASSED] - Variasi data ke : 8

2022-11-24 16:45:45 - [TEST_STEP][PASSED] - req_data = sendRequest(findTestObject("Search_ME", ["MID":MID, "source":source, "ip":ip, "userid":userid, "branch":branch, "tipekons":tipekons, "marital":marital, "penjamin":penjamin, ... ])): Send request successfully

2022-11-24 16:45:46 - [MESSAGE][INFO] - HAR: D:\DMS\Engine Scoring\Reports\20221124_164440\Exclude KKB - DS - Married\Scoring Married - DS\20221124_164440\requests\main\14.har

2022-11-24 16:45:46 - [MESSAGE][PASSED] - Send request successfully

2022-11-24 16:45:46 - [TEST_STEP][PASSED] - slurper = new groovy.json.JsonSlurper(): null

2022-11-24 16:45:46 - [TEST_STEP][PASSED] - result = slurper.parseText(req_data.getResponseBodyContent()): null

2022-11-24 16:45:46 - [TEST_STEP][PASSED] - reqid_kons = requestid1: null

2022-11-24 16:45:46 - [TEST_STEP][PASSED] - reqid_spouse = requestid2: null

2022-11-24 16:45:46 - [TEST_STEP][PASSED] - println("requestid kons : " + reqid_kons): null

2022-11-24 16:45:46 - [TEST_STEP][PASSED] - response_searchME_kons = reqid_kons: null

2022-11-24 16:45:46 - [TEST_STEP][PASSED] - response_searchME_spouse = reqid_spouse: null

2022-11-24 16:45:46 - [TEST_STEP][PASSED] - println("kons req id is :" + response_searchME_kons): null

2022-11-24 16:45:46 - [TEST_STEP][PASSED] - println("spouse req id is : " + response_searchME_spouse): null

2022-11-24 16:45:46 - [TEST_STEP][PASSED] - verifyResponseStatusCode(req_data, 200): Verify response status code successfully

2022-11-24 16:45:46 - [MESSAGE][PASSED] - Verify response status code successfully

2022-11-24 16:45:46 - [TEST_STEP][PASSED] - response = req_data.getResponseText(): null

2022-11-24 16:45:46 - [TEST_STEP][PASSED] - logInfo($response): {"status":"Done","data":{"requestid1":"253872","requestid2":"253873"}}

2022-11-24 16:45:46 - [MESSAGE][INFO] - {"status":"Done","data":{"requestid1":"253872","requestid2":"253873"}}

2022-11-24 16:45:46 - [TEST_STEP][PASSED] - delay(5): Delayed 5 second(s)

2022-11-24 16:45:51 - [MESSAGE][PASSED] - Delayed 5 second(s)

2022-11-24 16:45:51 - [TEST_STEP][PASSED] - scoring = sendRequest(findTestObject("EngineScore", ["response_searchME_kons":response_searchME_kons, "response_searchME_spouse":response_searchME_spouse])): Send request successfully

2022-11-24 16:45:51 - [MESSAGE][INFO] - HAR: D:\DMS\Engine Scoring\Reports\20221124_164440\Exclude KKB - DS - Married\Scoring Married - DS\20221124_164440\requests\main\15.har

2022-11-24 16:45:51 - [MESSAGE][PASSED] - Send request successfully

2022-11-24 16:45:51 - [TEST_STEP][PASSED] - verifyResponseStatusCode(scoring, 200): Verify response status code successfully

2022-11-24 16:45:51 - [MESSAGE][PASSED] - Verify response status code successfully

2022-11-24 16:45:51 - [TEST_STEP][PASSED] - response2 = scoring.getResponseText(): null

2022-11-24 16:45:51 - [TEST_STEP][PASSED] - markPassed("result service data ke : " + no): result service data ke : 8

2022-11-24 16:45:51 - [MESSAGE][PASSED] - result service data ke : 8

2022-11-24 16:45:51 - [TEST_STEP][PASSED] - logInfo($response2): {"result_konsumen":"Reguler","result_pasangan":"Reguler","Final_result":"Reguler","errorMessage":"","status":"Done"}

2022-11-24 16:45:51 - [MESSAGE][INFO] - {"result_konsumen":"Reguler","result_pasangan":"Reguler","Final_result":"Reguler","errorMessage":"","status":"Done"}

2022-11-24 16:45:51 - [TEST_STEP][PASSED] - verifyElementPropertyValue(scoring, "Final_result", final_result): Verify element property value successfully

2022-11-24 16:45:51 - [MESSAGE][PASSED] - Verify element property value successfully]]></system-out>
         <system-err><![CDATA[]]></system-err>
      </testcase>
      <testcase name="Test Cases/Engine_Scoring/Engine Scoring" time="6.788" classname="Test Cases/Engine_Scoring/Engine Scoring" status="PASSED">
         <system-out><![CDATA[2022-11-24 16:45:51 - [TEST_CASE][PASSED] - Test Cases/Engine_Scoring/Engine Scoring: Test Cases/Engine_Scoring/Engine Scoring

2022-11-24 16:45:52 - [TEST_STEP][PASSED] - markPassed("Variasi data ke : " + no): Variasi data ke : 9

2022-11-24 16:45:52 - [MESSAGE][PASSED] - Variasi data ke : 9

2022-11-24 16:45:52 - [TEST_STEP][PASSED] - req_data = sendRequest(findTestObject("Search_ME", ["MID":MID, "source":source, "ip":ip, "userid":userid, "branch":branch, "tipekons":tipekons, "marital":marital, "penjamin":penjamin, ... ])): Send request successfully

2022-11-24 16:45:53 - [MESSAGE][INFO] - HAR: D:\DMS\Engine Scoring\Reports\20221124_164440\Exclude KKB - DS - Married\Scoring Married - DS\20221124_164440\requests\main\16.har

2022-11-24 16:45:53 - [MESSAGE][PASSED] - Send request successfully

2022-11-24 16:45:53 - [TEST_STEP][PASSED] - slurper = new groovy.json.JsonSlurper(): null

2022-11-24 16:45:53 - [TEST_STEP][PASSED] - result = slurper.parseText(req_data.getResponseBodyContent()): null

2022-11-24 16:45:53 - [TEST_STEP][PASSED] - reqid_kons = requestid1: null

2022-11-24 16:45:53 - [TEST_STEP][PASSED] - reqid_spouse = requestid2: null

2022-11-24 16:45:53 - [TEST_STEP][PASSED] - println("requestid kons : " + reqid_kons): null

2022-11-24 16:45:53 - [TEST_STEP][PASSED] - response_searchME_kons = reqid_kons: null

2022-11-24 16:45:53 - [TEST_STEP][PASSED] - response_searchME_spouse = reqid_spouse: null

2022-11-24 16:45:53 - [TEST_STEP][PASSED] - println("kons req id is :" + response_searchME_kons): null

2022-11-24 16:45:53 - [TEST_STEP][PASSED] - println("spouse req id is : " + response_searchME_spouse): null

2022-11-24 16:45:53 - [TEST_STEP][PASSED] - verifyResponseStatusCode(req_data, 200): Verify response status code successfully

2022-11-24 16:45:53 - [MESSAGE][PASSED] - Verify response status code successfully

2022-11-24 16:45:53 - [TEST_STEP][PASSED] - response = req_data.getResponseText(): null

2022-11-24 16:45:53 - [TEST_STEP][PASSED] - logInfo($response): {"status":"Done","data":{"requestid1":"253874","requestid2":"253875"}}

2022-11-24 16:45:53 - [MESSAGE][INFO] - {"status":"Done","data":{"requestid1":"253874","requestid2":"253875"}}

2022-11-24 16:45:53 - [TEST_STEP][PASSED] - delay(5): Delayed 5 second(s)

2022-11-24 16:45:58 - [MESSAGE][PASSED] - Delayed 5 second(s)

2022-11-24 16:45:58 - [TEST_STEP][PASSED] - scoring = sendRequest(findTestObject("EngineScore", ["response_searchME_kons":response_searchME_kons, "response_searchME_spouse":response_searchME_spouse])): Send request successfully

2022-11-24 16:45:58 - [MESSAGE][INFO] - HAR: D:\DMS\Engine Scoring\Reports\20221124_164440\Exclude KKB - DS - Married\Scoring Married - DS\20221124_164440\requests\main\17.har

2022-11-24 16:45:58 - [MESSAGE][PASSED] - Send request successfully

2022-11-24 16:45:58 - [TEST_STEP][PASSED] - verifyResponseStatusCode(scoring, 200): Verify response status code successfully

2022-11-24 16:45:58 - [MESSAGE][PASSED] - Verify response status code successfully

2022-11-24 16:45:58 - [TEST_STEP][PASSED] - response2 = scoring.getResponseText(): null

2022-11-24 16:45:58 - [TEST_STEP][PASSED] - markPassed("result service data ke : " + no): result service data ke : 9

2022-11-24 16:45:58 - [MESSAGE][PASSED] - result service data ke : 9

2022-11-24 16:45:58 - [TEST_STEP][PASSED] - logInfo($response2): {"result_konsumen":"Reguler","result_pasangan":"Reguler","Final_result":"Reguler","errorMessage":"","status":"Done"}

2022-11-24 16:45:58 - [MESSAGE][INFO] - {"result_konsumen":"Reguler","result_pasangan":"Reguler","Final_result":"Reguler","errorMessage":"","status":"Done"}

2022-11-24 16:45:58 - [TEST_STEP][PASSED] - verifyElementPropertyValue(scoring, "Final_result", final_result): Verify element property value successfully

2022-11-24 16:45:58 - [MESSAGE][PASSED] - Verify element property value successfully]]></system-out>
         <system-err><![CDATA[]]></system-err>
      </testcase>
      <testcase name="Test Cases/Engine_Scoring/Engine Scoring" time="6.584" classname="Test Cases/Engine_Scoring/Engine Scoring" status="PASSED">
         <system-out><![CDATA[2022-11-24 16:45:58 - [TEST_CASE][PASSED] - Test Cases/Engine_Scoring/Engine Scoring: Test Cases/Engine_Scoring/Engine Scoring

2022-11-24 16:45:59 - [TEST_STEP][PASSED] - markPassed("Variasi data ke : " + no): Variasi data ke : 10

2022-11-24 16:45:59 - [MESSAGE][PASSED] - Variasi data ke : 10

2022-11-24 16:45:59 - [TEST_STEP][PASSED] - req_data = sendRequest(findTestObject("Search_ME", ["MID":MID, "source":source, "ip":ip, "userid":userid, "branch":branch, "tipekons":tipekons, "marital":marital, "penjamin":penjamin, ... ])): Send request successfully

2022-11-24 16:45:59 - [MESSAGE][INFO] - HAR: D:\DMS\Engine Scoring\Reports\20221124_164440\Exclude KKB - DS - Married\Scoring Married - DS\20221124_164440\requests\main\18.har

2022-11-24 16:45:59 - [MESSAGE][PASSED] - Send request successfully

2022-11-24 16:45:59 - [TEST_STEP][PASSED] - slurper = new groovy.json.JsonSlurper(): null

2022-11-24 16:45:59 - [TEST_STEP][PASSED] - result = slurper.parseText(req_data.getResponseBodyContent()): null

2022-11-24 16:45:59 - [TEST_STEP][PASSED] - reqid_kons = requestid1: null

2022-11-24 16:45:59 - [TEST_STEP][PASSED] - reqid_spouse = requestid2: null

2022-11-24 16:45:59 - [TEST_STEP][PASSED] - println("requestid kons : " + reqid_kons): null

2022-11-24 16:45:59 - [TEST_STEP][PASSED] - response_searchME_kons = reqid_kons: null

2022-11-24 16:45:59 - [TEST_STEP][PASSED] - response_searchME_spouse = reqid_spouse: null

2022-11-24 16:45:59 - [TEST_STEP][PASSED] - println("kons req id is :" + response_searchME_kons): null

2022-11-24 16:45:59 - [TEST_STEP][PASSED] - println("spouse req id is : " + response_searchME_spouse): null

2022-11-24 16:45:59 - [TEST_STEP][PASSED] - verifyResponseStatusCode(req_data, 200): Verify response status code successfully

2022-11-24 16:45:59 - [MESSAGE][PASSED] - Verify response status code successfully

2022-11-24 16:45:59 - [TEST_STEP][PASSED] - response = req_data.getResponseText(): null

2022-11-24 16:45:59 - [TEST_STEP][PASSED] - logInfo($response): {"status":"Done","data":{"requestid1":"253876","requestid2":"253877"}}

2022-11-24 16:45:59 - [MESSAGE][INFO] - {"status":"Done","data":{"requestid1":"253876","requestid2":"253877"}}

2022-11-24 16:45:59 - [TEST_STEP][PASSED] - delay(5): Delayed 5 second(s)

2022-11-24 16:46:04 - [MESSAGE][PASSED] - Delayed 5 second(s)

2022-11-24 16:46:04 - [TEST_STEP][PASSED] - scoring = sendRequest(findTestObject("EngineScore", ["response_searchME_kons":response_searchME_kons, "response_searchME_spouse":response_searchME_spouse])): Send request successfully

2022-11-24 16:46:05 - [MESSAGE][INFO] - HAR: D:\DMS\Engine Scoring\Reports\20221124_164440\Exclude KKB - DS - Married\Scoring Married - DS\20221124_164440\requests\main\19.har

2022-11-24 16:46:05 - [MESSAGE][PASSED] - Send request successfully

2022-11-24 16:46:05 - [TEST_STEP][PASSED] - verifyResponseStatusCode(scoring, 200): Verify response status code successfully

2022-11-24 16:46:05 - [MESSAGE][PASSED] - Verify response status code successfully

2022-11-24 16:46:05 - [TEST_STEP][PASSED] - response2 = scoring.getResponseText(): null

2022-11-24 16:46:05 - [TEST_STEP][PASSED] - markPassed("result service data ke : " + no): result service data ke : 10

2022-11-24 16:46:05 - [MESSAGE][PASSED] - result service data ke : 10

2022-11-24 16:46:05 - [TEST_STEP][PASSED] - logInfo($response2): {"result_konsumen":"Reguler","result_pasangan":"Approve","Final_result":"Reguler","errorMessage":"","status":"Done"}

2022-11-24 16:46:05 - [MESSAGE][INFO] - {"result_konsumen":"Reguler","result_pasangan":"Approve","Final_result":"Reguler","errorMessage":"","status":"Done"}

2022-11-24 16:46:05 - [TEST_STEP][PASSED] - verifyElementPropertyValue(scoring, "Final_result", final_result): Verify element property value successfully

2022-11-24 16:46:05 - [MESSAGE][PASSED] - Verify element property value successfully]]></system-out>
         <system-err><![CDATA[]]></system-err>
      </testcase>
      <testcase name="Test Cases/Engine_Scoring/Engine Scoring" time="7.177" classname="Test Cases/Engine_Scoring/Engine Scoring" status="PASSED">
         <system-out><![CDATA[2022-11-24 16:46:05 - [TEST_CASE][PASSED] - Test Cases/Engine_Scoring/Engine Scoring: Test Cases/Engine_Scoring/Engine Scoring

2022-11-24 16:46:05 - [TEST_STEP][PASSED] - markPassed("Variasi data ke : " + no): Variasi data ke : 11

2022-11-24 16:46:05 - [MESSAGE][PASSED] - Variasi data ke : 11

2022-11-24 16:46:05 - [TEST_STEP][PASSED] - req_data = sendRequest(findTestObject("Search_ME", ["MID":MID, "source":source, "ip":ip, "userid":userid, "branch":branch, "tipekons":tipekons, "marital":marital, "penjamin":penjamin, ... ])): Send request successfully

2022-11-24 16:46:07 - [MESSAGE][INFO] - HAR: D:\DMS\Engine Scoring\Reports\20221124_164440\Exclude KKB - DS - Married\Scoring Married - DS\20221124_164440\requests\main\20.har

2022-11-24 16:46:07 - [MESSAGE][PASSED] - Send request successfully

2022-11-24 16:46:07 - [TEST_STEP][PASSED] - slurper = new groovy.json.JsonSlurper(): null

2022-11-24 16:46:07 - [TEST_STEP][PASSED] - result = slurper.parseText(req_data.getResponseBodyContent()): null

2022-11-24 16:46:07 - [TEST_STEP][PASSED] - reqid_kons = requestid1: null

2022-11-24 16:46:07 - [TEST_STEP][PASSED] - reqid_spouse = requestid2: null

2022-11-24 16:46:07 - [TEST_STEP][PASSED] - println("requestid kons : " + reqid_kons): null

2022-11-24 16:46:07 - [TEST_STEP][PASSED] - response_searchME_kons = reqid_kons: null

2022-11-24 16:46:07 - [TEST_STEP][PASSED] - response_searchME_spouse = reqid_spouse: null

2022-11-24 16:46:07 - [TEST_STEP][PASSED] - println("kons req id is :" + response_searchME_kons): null

2022-11-24 16:46:07 - [TEST_STEP][PASSED] - println("spouse req id is : " + response_searchME_spouse): null

2022-11-24 16:46:07 - [TEST_STEP][PASSED] - verifyResponseStatusCode(req_data, 200): Verify response status code successfully

2022-11-24 16:46:07 - [MESSAGE][PASSED] - Verify response status code successfully

2022-11-24 16:46:07 - [TEST_STEP][PASSED] - response = req_data.getResponseText(): null

2022-11-24 16:46:07 - [TEST_STEP][PASSED] - logInfo($response): {"status":"Done","data":{"requestid1":"253878","requestid2":"253879"}}

2022-11-24 16:46:07 - [MESSAGE][INFO] - {"status":"Done","data":{"requestid1":"253878","requestid2":"253879"}}

2022-11-24 16:46:07 - [TEST_STEP][PASSED] - delay(5): Delayed 5 second(s)

2022-11-24 16:46:12 - [MESSAGE][PASSED] - Delayed 5 second(s)

2022-11-24 16:46:12 - [TEST_STEP][PASSED] - scoring = sendRequest(findTestObject("EngineScore", ["response_searchME_kons":response_searchME_kons, "response_searchME_spouse":response_searchME_spouse])): Send request successfully

2022-11-24 16:46:12 - [MESSAGE][INFO] - HAR: D:\DMS\Engine Scoring\Reports\20221124_164440\Exclude KKB - DS - Married\Scoring Married - DS\20221124_164440\requests\main\21.har

2022-11-24 16:46:12 - [MESSAGE][PASSED] - Send request successfully

2022-11-24 16:46:12 - [TEST_STEP][PASSED] - verifyResponseStatusCode(scoring, 200): Verify response status code successfully

2022-11-24 16:46:12 - [MESSAGE][PASSED] - Verify response status code successfully

2022-11-24 16:46:12 - [TEST_STEP][PASSED] - response2 = scoring.getResponseText(): null

2022-11-24 16:46:12 - [TEST_STEP][PASSED] - markPassed("result service data ke : " + no): result service data ke : 11

2022-11-24 16:46:12 - [MESSAGE][PASSED] - result service data ke : 11

2022-11-24 16:46:12 - [TEST_STEP][PASSED] - logInfo($response2): {"result_konsumen":"Reguler","result_pasangan":"Approve","Final_result":"Reguler","errorMessage":"","status":"Done"}

2022-11-24 16:46:12 - [MESSAGE][INFO] - {"result_konsumen":"Reguler","result_pasangan":"Approve","Final_result":"Reguler","errorMessage":"","status":"Done"}

2022-11-24 16:46:12 - [TEST_STEP][PASSED] - verifyElementPropertyValue(scoring, "Final_result", final_result): Verify element property value successfully

2022-11-24 16:46:12 - [MESSAGE][PASSED] - Verify element property value successfully]]></system-out>
         <system-err><![CDATA[]]></system-err>
      </testcase>
      <testcase name="Test Cases/Engine_Scoring/Engine Scoring" time="8.187" classname="Test Cases/Engine_Scoring/Engine Scoring" status="PASSED">
         <system-out><![CDATA[2022-11-24 16:46:12 - [TEST_CASE][PASSED] - Test Cases/Engine_Scoring/Engine Scoring: Test Cases/Engine_Scoring/Engine Scoring

2022-11-24 16:46:13 - [TEST_STEP][PASSED] - markPassed("Variasi data ke : " + no): Variasi data ke : 12

2022-11-24 16:46:13 - [MESSAGE][PASSED] - Variasi data ke : 12

2022-11-24 16:46:13 - [TEST_STEP][PASSED] - req_data = sendRequest(findTestObject("Search_ME", ["MID":MID, "source":source, "ip":ip, "userid":userid, "branch":branch, "tipekons":tipekons, "marital":marital, "penjamin":penjamin, ... ])): Send request successfully

2022-11-24 16:46:15 - [MESSAGE][INFO] - HAR: D:\DMS\Engine Scoring\Reports\20221124_164440\Exclude KKB - DS - Married\Scoring Married - DS\20221124_164440\requests\main\22.har

2022-11-24 16:46:15 - [MESSAGE][PASSED] - Send request successfully

2022-11-24 16:46:15 - [TEST_STEP][PASSED] - slurper = new groovy.json.JsonSlurper(): null

2022-11-24 16:46:15 - [TEST_STEP][PASSED] - result = slurper.parseText(req_data.getResponseBodyContent()): null

2022-11-24 16:46:15 - [TEST_STEP][PASSED] - reqid_kons = requestid1: null

2022-11-24 16:46:15 - [TEST_STEP][PASSED] - reqid_spouse = requestid2: null

2022-11-24 16:46:15 - [TEST_STEP][PASSED] - println("requestid kons : " + reqid_kons): null

2022-11-24 16:46:15 - [TEST_STEP][PASSED] - response_searchME_kons = reqid_kons: null

2022-11-24 16:46:15 - [TEST_STEP][PASSED] - response_searchME_spouse = reqid_spouse: null

2022-11-24 16:46:15 - [TEST_STEP][PASSED] - println("kons req id is :" + response_searchME_kons): null

2022-11-24 16:46:15 - [TEST_STEP][PASSED] - println("spouse req id is : " + response_searchME_spouse): null

2022-11-24 16:46:15 - [TEST_STEP][PASSED] - verifyResponseStatusCode(req_data, 200): Verify response status code successfully

2022-11-24 16:46:15 - [MESSAGE][PASSED] - Verify response status code successfully

2022-11-24 16:46:15 - [TEST_STEP][PASSED] - response = req_data.getResponseText(): null

2022-11-24 16:46:15 - [TEST_STEP][PASSED] - logInfo($response): {"status":"Done","data":{"requestid1":"253880","requestid2":"253881"}}

2022-11-24 16:46:15 - [MESSAGE][INFO] - {"status":"Done","data":{"requestid1":"253880","requestid2":"253881"}}

2022-11-24 16:46:15 - [TEST_STEP][PASSED] - delay(5): Delayed 5 second(s)

2022-11-24 16:46:20 - [MESSAGE][PASSED] - Delayed 5 second(s)

2022-11-24 16:46:20 - [TEST_STEP][PASSED] - scoring = sendRequest(findTestObject("EngineScore", ["response_searchME_kons":response_searchME_kons, "response_searchME_spouse":response_searchME_spouse])): Send request successfully

2022-11-24 16:46:20 - [MESSAGE][INFO] - HAR: D:\DMS\Engine Scoring\Reports\20221124_164440\Exclude KKB - DS - Married\Scoring Married - DS\20221124_164440\requests\main\23.har

2022-11-24 16:46:20 - [MESSAGE][PASSED] - Send request successfully

2022-11-24 16:46:20 - [TEST_STEP][PASSED] - verifyResponseStatusCode(scoring, 200): Verify response status code successfully

2022-11-24 16:46:20 - [MESSAGE][PASSED] - Verify response status code successfully

2022-11-24 16:46:20 - [TEST_STEP][PASSED] - response2 = scoring.getResponseText(): null

2022-11-24 16:46:20 - [TEST_STEP][PASSED] - markPassed("result service data ke : " + no): result service data ke : 12

2022-11-24 16:46:20 - [MESSAGE][PASSED] - result service data ke : 12

2022-11-24 16:46:20 - [TEST_STEP][PASSED] - logInfo($response2): {"result_konsumen":"Reguler","result_pasangan":"Approve","Final_result":"Reguler","errorMessage":"","status":"Done"}

2022-11-24 16:46:20 - [MESSAGE][INFO] - {"result_konsumen":"Reguler","result_pasangan":"Approve","Final_result":"Reguler","errorMessage":"","status":"Done"}

2022-11-24 16:46:20 - [TEST_STEP][PASSED] - verifyElementPropertyValue(scoring, "Final_result", final_result): Verify element property value successfully

2022-11-24 16:46:20 - [MESSAGE][PASSED] - Verify element property value successfully]]></system-out>
         <system-err><![CDATA[]]></system-err>
      </testcase>
      <testcase name="Test Cases/Engine_Scoring/Engine Scoring" time="6.875" classname="Test Cases/Engine_Scoring/Engine Scoring" status="PASSED">
         <system-out><![CDATA[2022-11-24 16:46:20 - [TEST_CASE][PASSED] - Test Cases/Engine_Scoring/Engine Scoring: Test Cases/Engine_Scoring/Engine Scoring

2022-11-24 16:46:21 - [TEST_STEP][PASSED] - markPassed("Variasi data ke : " + no): Variasi data ke : 13

2022-11-24 16:46:21 - [MESSAGE][PASSED] - Variasi data ke : 13

2022-11-24 16:46:21 - [TEST_STEP][PASSED] - req_data = sendRequest(findTestObject("Search_ME", ["MID":MID, "source":source, "ip":ip, "userid":userid, "branch":branch, "tipekons":tipekons, "marital":marital, "penjamin":penjamin, ... ])): Send request successfully

2022-11-24 16:46:22 - [MESSAGE][INFO] - HAR: D:\DMS\Engine Scoring\Reports\20221124_164440\Exclude KKB - DS - Married\Scoring Married - DS\20221124_164440\requests\main\24.har

2022-11-24 16:46:22 - [MESSAGE][PASSED] - Send request successfully

2022-11-24 16:46:22 - [TEST_STEP][PASSED] - slurper = new groovy.json.JsonSlurper(): null

2022-11-24 16:46:22 - [TEST_STEP][PASSED] - result = slurper.parseText(req_data.getResponseBodyContent()): null

2022-11-24 16:46:22 - [TEST_STEP][PASSED] - reqid_kons = requestid1: null

2022-11-24 16:46:22 - [TEST_STEP][PASSED] - reqid_spouse = requestid2: null

2022-11-24 16:46:22 - [TEST_STEP][PASSED] - println("requestid kons : " + reqid_kons): null

2022-11-24 16:46:22 - [TEST_STEP][PASSED] - response_searchME_kons = reqid_kons: null

2022-11-24 16:46:22 - [TEST_STEP][PASSED] - response_searchME_spouse = reqid_spouse: null

2022-11-24 16:46:22 - [TEST_STEP][PASSED] - println("kons req id is :" + response_searchME_kons): null

2022-11-24 16:46:22 - [TEST_STEP][PASSED] - println("spouse req id is : " + response_searchME_spouse): null

2022-11-24 16:46:22 - [TEST_STEP][PASSED] - verifyResponseStatusCode(req_data, 200): Verify response status code successfully

2022-11-24 16:46:22 - [MESSAGE][PASSED] - Verify response status code successfully

2022-11-24 16:46:22 - [TEST_STEP][PASSED] - response = req_data.getResponseText(): null

2022-11-24 16:46:22 - [TEST_STEP][PASSED] - logInfo($response): {"status":"Done","data":{"requestid1":"253882","requestid2":"253883"}}

2022-11-24 16:46:22 - [MESSAGE][INFO] - {"status":"Done","data":{"requestid1":"253882","requestid2":"253883"}}

2022-11-24 16:46:22 - [TEST_STEP][PASSED] - delay(5): Delayed 5 second(s)

2022-11-24 16:46:27 - [MESSAGE][PASSED] - Delayed 5 second(s)

2022-11-24 16:46:27 - [TEST_STEP][PASSED] - scoring = sendRequest(findTestObject("EngineScore", ["response_searchME_kons":response_searchME_kons, "response_searchME_spouse":response_searchME_spouse])): Send request successfully

2022-11-24 16:46:27 - [MESSAGE][INFO] - HAR: D:\DMS\Engine Scoring\Reports\20221124_164440\Exclude KKB - DS - Married\Scoring Married - DS\20221124_164440\requests\main\25.har

2022-11-24 16:46:27 - [MESSAGE][PASSED] - Send request successfully

2022-11-24 16:46:27 - [TEST_STEP][PASSED] - verifyResponseStatusCode(scoring, 200): Verify response status code successfully

2022-11-24 16:46:27 - [MESSAGE][PASSED] - Verify response status code successfully

2022-11-24 16:46:27 - [TEST_STEP][PASSED] - response2 = scoring.getResponseText(): null

2022-11-24 16:46:27 - [TEST_STEP][PASSED] - markPassed("result service data ke : " + no): result service data ke : 13

2022-11-24 16:46:27 - [MESSAGE][PASSED] - result service data ke : 13

2022-11-24 16:46:27 - [TEST_STEP][PASSED] - logInfo($response2): {"result_konsumen":"Reguler","result_pasangan":"Approve","Final_result":"Reguler","errorMessage":"","status":"Done"}

2022-11-24 16:46:27 - [MESSAGE][INFO] - {"result_konsumen":"Reguler","result_pasangan":"Approve","Final_result":"Reguler","errorMessage":"","status":"Done"}

2022-11-24 16:46:27 - [TEST_STEP][PASSED] - verifyElementPropertyValue(scoring, "Final_result", final_result): Verify element property value successfully

2022-11-24 16:46:27 - [MESSAGE][PASSED] - Verify element property value successfully]]></system-out>
         <system-err><![CDATA[]]></system-err>
      </testcase>
      <testcase name="Test Cases/Engine_Scoring/Engine Scoring" time="6.912" classname="Test Cases/Engine_Scoring/Engine Scoring" status="PASSED">
         <system-out><![CDATA[2022-11-24 16:46:27 - [TEST_CASE][PASSED] - Test Cases/Engine_Scoring/Engine Scoring: Test Cases/Engine_Scoring/Engine Scoring

2022-11-24 16:46:28 - [TEST_STEP][PASSED] - markPassed("Variasi data ke : " + no): Variasi data ke : 14

2022-11-24 16:46:28 - [MESSAGE][PASSED] - Variasi data ke : 14

2022-11-24 16:46:28 - [TEST_STEP][PASSED] - req_data = sendRequest(findTestObject("Search_ME", ["MID":MID, "source":source, "ip":ip, "userid":userid, "branch":branch, "tipekons":tipekons, "marital":marital, "penjamin":penjamin, ... ])): Send request successfully

2022-11-24 16:46:29 - [MESSAGE][INFO] - HAR: D:\DMS\Engine Scoring\Reports\20221124_164440\Exclude KKB - DS - Married\Scoring Married - DS\20221124_164440\requests\main\26.har

2022-11-24 16:46:29 - [MESSAGE][PASSED] - Send request successfully

2022-11-24 16:46:29 - [TEST_STEP][PASSED] - slurper = new groovy.json.JsonSlurper(): null

2022-11-24 16:46:29 - [TEST_STEP][PASSED] - result = slurper.parseText(req_data.getResponseBodyContent()): null

2022-11-24 16:46:29 - [TEST_STEP][PASSED] - reqid_kons = requestid1: null

2022-11-24 16:46:29 - [TEST_STEP][PASSED] - reqid_spouse = requestid2: null

2022-11-24 16:46:29 - [TEST_STEP][PASSED] - println("requestid kons : " + reqid_kons): null

2022-11-24 16:46:29 - [TEST_STEP][PASSED] - response_searchME_kons = reqid_kons: null

2022-11-24 16:46:29 - [TEST_STEP][PASSED] - response_searchME_spouse = reqid_spouse: null

2022-11-24 16:46:29 - [TEST_STEP][PASSED] - println("kons req id is :" + response_searchME_kons): null

2022-11-24 16:46:29 - [TEST_STEP][PASSED] - println("spouse req id is : " + response_searchME_spouse): null

2022-11-24 16:46:29 - [TEST_STEP][PASSED] - verifyResponseStatusCode(req_data, 200): Verify response status code successfully

2022-11-24 16:46:29 - [MESSAGE][PASSED] - Verify response status code successfully

2022-11-24 16:46:29 - [TEST_STEP][PASSED] - response = req_data.getResponseText(): null

2022-11-24 16:46:29 - [TEST_STEP][PASSED] - logInfo($response): {"status":"Done","data":{"requestid1":"253884","requestid2":"253885"}}

2022-11-24 16:46:29 - [MESSAGE][INFO] - {"status":"Done","data":{"requestid1":"253884","requestid2":"253885"}}

2022-11-24 16:46:29 - [TEST_STEP][PASSED] - delay(5): Delayed 5 second(s)

2022-11-24 16:46:34 - [MESSAGE][PASSED] - Delayed 5 second(s)

2022-11-24 16:46:34 - [TEST_STEP][PASSED] - scoring = sendRequest(findTestObject("EngineScore", ["response_searchME_kons":response_searchME_kons, "response_searchME_spouse":response_searchME_spouse])): Send request successfully

2022-11-24 16:46:34 - [MESSAGE][INFO] - HAR: D:\DMS\Engine Scoring\Reports\20221124_164440\Exclude KKB - DS - Married\Scoring Married - DS\20221124_164440\requests\main\27.har

2022-11-24 16:46:34 - [MESSAGE][PASSED] - Send request successfully

2022-11-24 16:46:34 - [TEST_STEP][PASSED] - verifyResponseStatusCode(scoring, 200): Verify response status code successfully

2022-11-24 16:46:34 - [MESSAGE][PASSED] - Verify response status code successfully

2022-11-24 16:46:34 - [TEST_STEP][PASSED] - response2 = scoring.getResponseText(): null

2022-11-24 16:46:34 - [TEST_STEP][PASSED] - markPassed("result service data ke : " + no): result service data ke : 14

2022-11-24 16:46:34 - [MESSAGE][PASSED] - result service data ke : 14

2022-11-24 16:46:34 - [TEST_STEP][PASSED] - logInfo($response2): {"result_konsumen":"Reguler","result_pasangan":"Reject","Final_result":"Reject","errorMessage":"","status":"Done"}

2022-11-24 16:46:34 - [MESSAGE][INFO] - {"result_konsumen":"Reguler","result_pasangan":"Reject","Final_result":"Reject","errorMessage":"","status":"Done"}

2022-11-24 16:46:34 - [TEST_STEP][PASSED] - verifyElementPropertyValue(scoring, "Final_result", final_result): Verify element property value successfully

2022-11-24 16:46:34 - [MESSAGE][PASSED] - Verify element property value successfully]]></system-out>
         <system-err><![CDATA[]]></system-err>
      </testcase>
      <testcase name="Test Cases/Engine_Scoring/Engine Scoring" time="6.683" classname="Test Cases/Engine_Scoring/Engine Scoring" status="PASSED">
         <system-out><![CDATA[2022-11-24 16:46:34 - [TEST_CASE][PASSED] - Test Cases/Engine_Scoring/Engine Scoring: Test Cases/Engine_Scoring/Engine Scoring

2022-11-24 16:46:35 - [TEST_STEP][PASSED] - markPassed("Variasi data ke : " + no): Variasi data ke : 15

2022-11-24 16:46:35 - [MESSAGE][PASSED] - Variasi data ke : 15

2022-11-24 16:46:35 - [TEST_STEP][PASSED] - req_data = sendRequest(findTestObject("Search_ME", ["MID":MID, "source":source, "ip":ip, "userid":userid, "branch":branch, "tipekons":tipekons, "marital":marital, "penjamin":penjamin, ... ])): Send request successfully

2022-11-24 16:46:36 - [MESSAGE][INFO] - HAR: D:\DMS\Engine Scoring\Reports\20221124_164440\Exclude KKB - DS - Married\Scoring Married - DS\20221124_164440\requests\main\28.har

2022-11-24 16:46:36 - [MESSAGE][PASSED] - Send request successfully

2022-11-24 16:46:36 - [TEST_STEP][PASSED] - slurper = new groovy.json.JsonSlurper(): null

2022-11-24 16:46:36 - [TEST_STEP][PASSED] - result = slurper.parseText(req_data.getResponseBodyContent()): null

2022-11-24 16:46:36 - [TEST_STEP][PASSED] - reqid_kons = requestid1: null

2022-11-24 16:46:36 - [TEST_STEP][PASSED] - reqid_spouse = requestid2: null

2022-11-24 16:46:36 - [TEST_STEP][PASSED] - println("requestid kons : " + reqid_kons): null

2022-11-24 16:46:36 - [TEST_STEP][PASSED] - response_searchME_kons = reqid_kons: null

2022-11-24 16:46:36 - [TEST_STEP][PASSED] - response_searchME_spouse = reqid_spouse: null

2022-11-24 16:46:36 - [TEST_STEP][PASSED] - println("kons req id is :" + response_searchME_kons): null

2022-11-24 16:46:36 - [TEST_STEP][PASSED] - println("spouse req id is : " + response_searchME_spouse): null

2022-11-24 16:46:36 - [TEST_STEP][PASSED] - verifyResponseStatusCode(req_data, 200): Verify response status code successfully

2022-11-24 16:46:36 - [MESSAGE][PASSED] - Verify response status code successfully

2022-11-24 16:46:36 - [TEST_STEP][PASSED] - response = req_data.getResponseText(): null

2022-11-24 16:46:36 - [TEST_STEP][PASSED] - logInfo($response): {"status":"Done","data":{"requestid1":"253886","requestid2":"253887"}}

2022-11-24 16:46:36 - [MESSAGE][INFO] - {"status":"Done","data":{"requestid1":"253886","requestid2":"253887"}}

2022-11-24 16:46:36 - [TEST_STEP][PASSED] - delay(5): Delayed 5 second(s)

2022-11-24 16:46:41 - [MESSAGE][PASSED] - Delayed 5 second(s)

2022-11-24 16:46:41 - [TEST_STEP][PASSED] - scoring = sendRequest(findTestObject("EngineScore", ["response_searchME_kons":response_searchME_kons, "response_searchME_spouse":response_searchME_spouse])): Send request successfully

2022-11-24 16:46:41 - [MESSAGE][INFO] - HAR: D:\DMS\Engine Scoring\Reports\20221124_164440\Exclude KKB - DS - Married\Scoring Married - DS\20221124_164440\requests\main\29.har

2022-11-24 16:46:41 - [MESSAGE][PASSED] - Send request successfully

2022-11-24 16:46:41 - [TEST_STEP][PASSED] - verifyResponseStatusCode(scoring, 200): Verify response status code successfully

2022-11-24 16:46:41 - [MESSAGE][PASSED] - Verify response status code successfully

2022-11-24 16:46:41 - [TEST_STEP][PASSED] - response2 = scoring.getResponseText(): null

2022-11-24 16:46:41 - [TEST_STEP][PASSED] - markPassed("result service data ke : " + no): result service data ke : 15

2022-11-24 16:46:41 - [MESSAGE][PASSED] - result service data ke : 15

2022-11-24 16:46:41 - [TEST_STEP][PASSED] - logInfo($response2): {"result_konsumen":"Reguler","result_pasangan":"Reject","Final_result":"Reject","errorMessage":"","status":"Done"}

2022-11-24 16:46:41 - [MESSAGE][INFO] - {"result_konsumen":"Reguler","result_pasangan":"Reject","Final_result":"Reject","errorMessage":"","status":"Done"}

2022-11-24 16:46:41 - [TEST_STEP][PASSED] - verifyElementPropertyValue(scoring, "Final_result", final_result): Verify element property value successfully

2022-11-24 16:46:41 - [MESSAGE][PASSED] - Verify element property value successfully]]></system-out>
         <system-err><![CDATA[]]></system-err>
      </testcase>
      <testcase name="Test Cases/Engine_Scoring/Engine Scoring" time="6.569" classname="Test Cases/Engine_Scoring/Engine Scoring" status="PASSED">
         <system-out><![CDATA[2022-11-24 16:46:41 - [TEST_CASE][PASSED] - Test Cases/Engine_Scoring/Engine Scoring: Test Cases/Engine_Scoring/Engine Scoring

2022-11-24 16:46:41 - [TEST_STEP][PASSED] - markPassed("Variasi data ke : " + no): Variasi data ke : 16

2022-11-24 16:46:41 - [MESSAGE][PASSED] - Variasi data ke : 16

2022-11-24 16:46:41 - [TEST_STEP][PASSED] - req_data = sendRequest(findTestObject("Search_ME", ["MID":MID, "source":source, "ip":ip, "userid":userid, "branch":branch, "tipekons":tipekons, "marital":marital, "penjamin":penjamin, ... ])): Send request successfully

2022-11-24 16:46:42 - [MESSAGE][INFO] - HAR: D:\DMS\Engine Scoring\Reports\20221124_164440\Exclude KKB - DS - Married\Scoring Married - DS\20221124_164440\requests\main\30.har

2022-11-24 16:46:42 - [MESSAGE][PASSED] - Send request successfully

2022-11-24 16:46:42 - [TEST_STEP][PASSED] - slurper = new groovy.json.JsonSlurper(): null

2022-11-24 16:46:42 - [TEST_STEP][PASSED] - result = slurper.parseText(req_data.getResponseBodyContent()): null

2022-11-24 16:46:42 - [TEST_STEP][PASSED] - reqid_kons = requestid1: null

2022-11-24 16:46:42 - [TEST_STEP][PASSED] - reqid_spouse = requestid2: null

2022-11-24 16:46:42 - [TEST_STEP][PASSED] - println("requestid kons : " + reqid_kons): null

2022-11-24 16:46:42 - [TEST_STEP][PASSED] - response_searchME_kons = reqid_kons: null

2022-11-24 16:46:42 - [TEST_STEP][PASSED] - response_searchME_spouse = reqid_spouse: null

2022-11-24 16:46:42 - [TEST_STEP][PASSED] - println("kons req id is :" + response_searchME_kons): null

2022-11-24 16:46:42 - [TEST_STEP][PASSED] - println("spouse req id is : " + response_searchME_spouse): null

2022-11-24 16:46:42 - [TEST_STEP][PASSED] - verifyResponseStatusCode(req_data, 200): Verify response status code successfully

2022-11-24 16:46:42 - [MESSAGE][PASSED] - Verify response status code successfully

2022-11-24 16:46:42 - [TEST_STEP][PASSED] - response = req_data.getResponseText(): null

2022-11-24 16:46:42 - [TEST_STEP][PASSED] - logInfo($response): {"status":"Done","data":{"requestid1":"253888","requestid2":"253889"}}

2022-11-24 16:46:42 - [MESSAGE][INFO] - {"status":"Done","data":{"requestid1":"253888","requestid2":"253889"}}

2022-11-24 16:46:42 - [TEST_STEP][PASSED] - delay(5): Delayed 5 second(s)

2022-11-24 16:46:47 - [MESSAGE][PASSED] - Delayed 5 second(s)

2022-11-24 16:46:47 - [TEST_STEP][PASSED] - scoring = sendRequest(findTestObject("EngineScore", ["response_searchME_kons":response_searchME_kons, "response_searchME_spouse":response_searchME_spouse])): Send request successfully

2022-11-24 16:46:47 - [MESSAGE][INFO] - HAR: D:\DMS\Engine Scoring\Reports\20221124_164440\Exclude KKB - DS - Married\Scoring Married - DS\20221124_164440\requests\main\31.har

2022-11-24 16:46:47 - [MESSAGE][PASSED] - Send request successfully

2022-11-24 16:46:47 - [TEST_STEP][PASSED] - verifyResponseStatusCode(scoring, 200): Verify response status code successfully

2022-11-24 16:46:47 - [MESSAGE][PASSED] - Verify response status code successfully

2022-11-24 16:46:47 - [TEST_STEP][PASSED] - response2 = scoring.getResponseText(): null

2022-11-24 16:46:47 - [TEST_STEP][PASSED] - markPassed("result service data ke : " + no): result service data ke : 16

2022-11-24 16:46:47 - [MESSAGE][PASSED] - result service data ke : 16

2022-11-24 16:46:47 - [TEST_STEP][PASSED] - logInfo($response2): {"result_konsumen":"Reguler","result_pasangan":"Reguler","Final_result":"Reguler","errorMessage":"","status":"Done"}

2022-11-24 16:46:47 - [MESSAGE][INFO] - {"result_konsumen":"Reguler","result_pasangan":"Reguler","Final_result":"Reguler","errorMessage":"","status":"Done"}

2022-11-24 16:46:47 - [TEST_STEP][PASSED] - verifyElementPropertyValue(scoring, "Final_result", final_result): Verify element property value successfully

2022-11-24 16:46:47 - [MESSAGE][PASSED] - Verify element property value successfully]]></system-out>
         <system-err><![CDATA[]]></system-err>
      </testcase>
      <testcase name="Test Cases/Engine_Scoring/Engine Scoring" time="6.636" classname="Test Cases/Engine_Scoring/Engine Scoring" status="PASSED">
         <system-out><![CDATA[2022-11-24 16:46:47 - [TEST_CASE][PASSED] - Test Cases/Engine_Scoring/Engine Scoring: Test Cases/Engine_Scoring/Engine Scoring

2022-11-24 16:46:48 - [TEST_STEP][PASSED] - markPassed("Variasi data ke : " + no): Variasi data ke : 17

2022-11-24 16:46:48 - [MESSAGE][PASSED] - Variasi data ke : 17

2022-11-24 16:46:48 - [TEST_STEP][PASSED] - req_data = sendRequest(findTestObject("Search_ME", ["MID":MID, "source":source, "ip":ip, "userid":userid, "branch":branch, "tipekons":tipekons, "marital":marital, "penjamin":penjamin, ... ])): Send request successfully

2022-11-24 16:46:49 - [MESSAGE][INFO] - HAR: D:\DMS\Engine Scoring\Reports\20221124_164440\Exclude KKB - DS - Married\Scoring Married - DS\20221124_164440\requests\main\32.har

2022-11-24 16:46:49 - [MESSAGE][PASSED] - Send request successfully

2022-11-24 16:46:49 - [TEST_STEP][PASSED] - slurper = new groovy.json.JsonSlurper(): null

2022-11-24 16:46:49 - [TEST_STEP][PASSED] - result = slurper.parseText(req_data.getResponseBodyContent()): null

2022-11-24 16:46:49 - [TEST_STEP][PASSED] - reqid_kons = requestid1: null

2022-11-24 16:46:49 - [TEST_STEP][PASSED] - reqid_spouse = requestid2: null

2022-11-24 16:46:49 - [TEST_STEP][PASSED] - println("requestid kons : " + reqid_kons): null

2022-11-24 16:46:49 - [TEST_STEP][PASSED] - response_searchME_kons = reqid_kons: null

2022-11-24 16:46:49 - [TEST_STEP][PASSED] - response_searchME_spouse = reqid_spouse: null

2022-11-24 16:46:49 - [TEST_STEP][PASSED] - println("kons req id is :" + response_searchME_kons): null

2022-11-24 16:46:49 - [TEST_STEP][PASSED] - println("spouse req id is : " + response_searchME_spouse): null

2022-11-24 16:46:49 - [TEST_STEP][PASSED] - verifyResponseStatusCode(req_data, 200): Verify response status code successfully

2022-11-24 16:46:49 - [MESSAGE][PASSED] - Verify response status code successfully

2022-11-24 16:46:49 - [TEST_STEP][PASSED] - response = req_data.getResponseText(): null

2022-11-24 16:46:49 - [TEST_STEP][PASSED] - logInfo($response): {"status":"Done","data":{"requestid1":"253890","requestid2":"253891"}}

2022-11-24 16:46:49 - [MESSAGE][INFO] - {"status":"Done","data":{"requestid1":"253890","requestid2":"253891"}}

2022-11-24 16:46:49 - [TEST_STEP][PASSED] - delay(5): Delayed 5 second(s)

2022-11-24 16:46:54 - [MESSAGE][PASSED] - Delayed 5 second(s)

2022-11-24 16:46:54 - [TEST_STEP][PASSED] - scoring = sendRequest(findTestObject("EngineScore", ["response_searchME_kons":response_searchME_kons, "response_searchME_spouse":response_searchME_spouse])): Send request successfully

2022-11-24 16:46:54 - [MESSAGE][INFO] - HAR: D:\DMS\Engine Scoring\Reports\20221124_164440\Exclude KKB - DS - Married\Scoring Married - DS\20221124_164440\requests\main\33.har

2022-11-24 16:46:54 - [MESSAGE][PASSED] - Send request successfully

2022-11-24 16:46:54 - [TEST_STEP][PASSED] - verifyResponseStatusCode(scoring, 200): Verify response status code successfully

2022-11-24 16:46:54 - [MESSAGE][PASSED] - Verify response status code successfully

2022-11-24 16:46:54 - [TEST_STEP][PASSED] - response2 = scoring.getResponseText(): null

2022-11-24 16:46:54 - [TEST_STEP][PASSED] - markPassed("result service data ke : " + no): result service data ke : 17

2022-11-24 16:46:54 - [MESSAGE][PASSED] - result service data ke : 17

2022-11-24 16:46:54 - [TEST_STEP][PASSED] - logInfo($response2): {"result_konsumen":"Reguler","result_pasangan":"Reguler","Final_result":"Reguler","errorMessage":"","status":"Done"}

2022-11-24 16:46:54 - [MESSAGE][INFO] - {"result_konsumen":"Reguler","result_pasangan":"Reguler","Final_result":"Reguler","errorMessage":"","status":"Done"}

2022-11-24 16:46:54 - [TEST_STEP][PASSED] - verifyElementPropertyValue(scoring, "Final_result", final_result): Verify element property value successfully

2022-11-24 16:46:54 - [MESSAGE][PASSED] - Verify element property value successfully]]></system-out>
         <system-err><![CDATA[]]></system-err>
      </testcase>
      <testcase name="Test Cases/Engine_Scoring/Engine Scoring" time="6.479" classname="Test Cases/Engine_Scoring/Engine Scoring" status="PASSED">
         <system-out><![CDATA[2022-11-24 16:46:54 - [TEST_CASE][PASSED] - Test Cases/Engine_Scoring/Engine Scoring: Test Cases/Engine_Scoring/Engine Scoring

2022-11-24 16:46:55 - [TEST_STEP][PASSED] - markPassed("Variasi data ke : " + no): Variasi data ke : 18

2022-11-24 16:46:55 - [MESSAGE][PASSED] - Variasi data ke : 18

2022-11-24 16:46:55 - [TEST_STEP][PASSED] - req_data = sendRequest(findTestObject("Search_ME", ["MID":MID, "source":source, "ip":ip, "userid":userid, "branch":branch, "tipekons":tipekons, "marital":marital, "penjamin":penjamin, ... ])): Send request successfully

2022-11-24 16:46:55 - [MESSAGE][INFO] - HAR: D:\DMS\Engine Scoring\Reports\20221124_164440\Exclude KKB - DS - Married\Scoring Married - DS\20221124_164440\requests\main\34.har

2022-11-24 16:46:55 - [MESSAGE][PASSED] - Send request successfully

2022-11-24 16:46:55 - [TEST_STEP][PASSED] - slurper = new groovy.json.JsonSlurper(): null

2022-11-24 16:46:55 - [TEST_STEP][PASSED] - result = slurper.parseText(req_data.getResponseBodyContent()): null

2022-11-24 16:46:55 - [TEST_STEP][PASSED] - reqid_kons = requestid1: null

2022-11-24 16:46:55 - [TEST_STEP][PASSED] - reqid_spouse = requestid2: null

2022-11-24 16:46:55 - [TEST_STEP][PASSED] - println("requestid kons : " + reqid_kons): null

2022-11-24 16:46:55 - [TEST_STEP][PASSED] - response_searchME_kons = reqid_kons: null

2022-11-24 16:46:55 - [TEST_STEP][PASSED] - response_searchME_spouse = reqid_spouse: null

2022-11-24 16:46:55 - [TEST_STEP][PASSED] - println("kons req id is :" + response_searchME_kons): null

2022-11-24 16:46:55 - [TEST_STEP][PASSED] - println("spouse req id is : " + response_searchME_spouse): null

2022-11-24 16:46:55 - [TEST_STEP][PASSED] - verifyResponseStatusCode(req_data, 200): Verify response status code successfully

2022-11-24 16:46:55 - [MESSAGE][PASSED] - Verify response status code successfully

2022-11-24 16:46:55 - [TEST_STEP][PASSED] - response = req_data.getResponseText(): null

2022-11-24 16:46:55 - [TEST_STEP][PASSED] - logInfo($response): {"status":"Done","data":{"requestid1":"253892","requestid2":"253893"}}

2022-11-24 16:46:55 - [MESSAGE][INFO] - {"status":"Done","data":{"requestid1":"253892","requestid2":"253893"}}

2022-11-24 16:46:55 - [TEST_STEP][PASSED] - delay(5): Delayed 5 second(s)

2022-11-24 16:47:00 - [MESSAGE][PASSED] - Delayed 5 second(s)

2022-11-24 16:47:00 - [TEST_STEP][PASSED] - scoring = sendRequest(findTestObject("EngineScore", ["response_searchME_kons":response_searchME_kons, "response_searchME_spouse":response_searchME_spouse])): Send request successfully

2022-11-24 16:47:01 - [MESSAGE][INFO] - HAR: D:\DMS\Engine Scoring\Reports\20221124_164440\Exclude KKB - DS - Married\Scoring Married - DS\20221124_164440\requests\main\35.har

2022-11-24 16:47:01 - [MESSAGE][PASSED] - Send request successfully

2022-11-24 16:47:01 - [TEST_STEP][PASSED] - verifyResponseStatusCode(scoring, 200): Verify response status code successfully

2022-11-24 16:47:01 - [MESSAGE][PASSED] - Verify response status code successfully

2022-11-24 16:47:01 - [TEST_STEP][PASSED] - response2 = scoring.getResponseText(): null

2022-11-24 16:47:01 - [TEST_STEP][PASSED] - markPassed("result service data ke : " + no): result service data ke : 18

2022-11-24 16:47:01 - [MESSAGE][PASSED] - result service data ke : 18

2022-11-24 16:47:01 - [TEST_STEP][PASSED] - logInfo($response2): {"result_konsumen":"Reguler","result_pasangan":"Reguler","Final_result":"Reguler","errorMessage":"","status":"Done"}

2022-11-24 16:47:01 - [MESSAGE][INFO] - {"result_konsumen":"Reguler","result_pasangan":"Reguler","Final_result":"Reguler","errorMessage":"","status":"Done"}

2022-11-24 16:47:01 - [TEST_STEP][PASSED] - verifyElementPropertyValue(scoring, "Final_result", final_result): Verify element property value successfully

2022-11-24 16:47:01 - [MESSAGE][PASSED] - Verify element property value successfully]]></system-out>
         <system-err><![CDATA[]]></system-err>
      </testcase>
      <testcase name="Test Cases/Engine_Scoring/Engine Scoring" time="6.507" classname="Test Cases/Engine_Scoring/Engine Scoring" status="PASSED">
         <system-out><![CDATA[2022-11-24 16:47:01 - [TEST_CASE][PASSED] - Test Cases/Engine_Scoring/Engine Scoring: Test Cases/Engine_Scoring/Engine Scoring

2022-11-24 16:47:01 - [TEST_STEP][PASSED] - markPassed("Variasi data ke : " + no): Variasi data ke : 19

2022-11-24 16:47:01 - [MESSAGE][PASSED] - Variasi data ke : 19

2022-11-24 16:47:01 - [TEST_STEP][PASSED] - req_data = sendRequest(findTestObject("Search_ME", ["MID":MID, "source":source, "ip":ip, "userid":userid, "branch":branch, "tipekons":tipekons, "marital":marital, "penjamin":penjamin, ... ])): Send request successfully

2022-11-24 16:47:02 - [MESSAGE][INFO] - HAR: D:\DMS\Engine Scoring\Reports\20221124_164440\Exclude KKB - DS - Married\Scoring Married - DS\20221124_164440\requests\main\36.har

2022-11-24 16:47:02 - [MESSAGE][PASSED] - Send request successfully

2022-11-24 16:47:02 - [TEST_STEP][PASSED] - slurper = new groovy.json.JsonSlurper(): null

2022-11-24 16:47:02 - [TEST_STEP][PASSED] - result = slurper.parseText(req_data.getResponseBodyContent()): null

2022-11-24 16:47:02 - [TEST_STEP][PASSED] - reqid_kons = requestid1: null

2022-11-24 16:47:02 - [TEST_STEP][PASSED] - reqid_spouse = requestid2: null

2022-11-24 16:47:02 - [TEST_STEP][PASSED] - println("requestid kons : " + reqid_kons): null

2022-11-24 16:47:02 - [TEST_STEP][PASSED] - response_searchME_kons = reqid_kons: null

2022-11-24 16:47:02 - [TEST_STEP][PASSED] - response_searchME_spouse = reqid_spouse: null

2022-11-24 16:47:02 - [TEST_STEP][PASSED] - println("kons req id is :" + response_searchME_kons): null

2022-11-24 16:47:02 - [TEST_STEP][PASSED] - println("spouse req id is : " + response_searchME_spouse): null

2022-11-24 16:47:02 - [TEST_STEP][PASSED] - verifyResponseStatusCode(req_data, 200): Verify response status code successfully

2022-11-24 16:47:02 - [MESSAGE][PASSED] - Verify response status code successfully

2022-11-24 16:47:02 - [TEST_STEP][PASSED] - response = req_data.getResponseText(): null

2022-11-24 16:47:02 - [TEST_STEP][PASSED] - logInfo($response): {"status":"Done","data":{"requestid1":"253894","requestid2":"253895"}}

2022-11-24 16:47:02 - [MESSAGE][INFO] - {"status":"Done","data":{"requestid1":"253894","requestid2":"253895"}}

2022-11-24 16:47:02 - [TEST_STEP][PASSED] - delay(5): Delayed 5 second(s)

2022-11-24 16:47:07 - [MESSAGE][PASSED] - Delayed 5 second(s)

2022-11-24 16:47:07 - [TEST_STEP][PASSED] - scoring = sendRequest(findTestObject("EngineScore", ["response_searchME_kons":response_searchME_kons, "response_searchME_spouse":response_searchME_spouse])): Send request successfully

2022-11-24 16:47:07 - [MESSAGE][INFO] - HAR: D:\DMS\Engine Scoring\Reports\20221124_164440\Exclude KKB - DS - Married\Scoring Married - DS\20221124_164440\requests\main\37.har

2022-11-24 16:47:07 - [MESSAGE][PASSED] - Send request successfully

2022-11-24 16:47:07 - [TEST_STEP][PASSED] - verifyResponseStatusCode(scoring, 200): Verify response status code successfully

2022-11-24 16:47:07 - [MESSAGE][PASSED] - Verify response status code successfully

2022-11-24 16:47:07 - [TEST_STEP][PASSED] - response2 = scoring.getResponseText(): null

2022-11-24 16:47:07 - [TEST_STEP][PASSED] - markPassed("result service data ke : " + no): result service data ke : 19

2022-11-24 16:47:07 - [MESSAGE][PASSED] - result service data ke : 19

2022-11-24 16:47:07 - [TEST_STEP][PASSED] - logInfo($response2): {"result_konsumen":"Reject","result_pasangan":"Reguler","Final_result":"Reject","errorMessage":"","status":"Done"}

2022-11-24 16:47:07 - [MESSAGE][INFO] - {"result_konsumen":"Reject","result_pasangan":"Reguler","Final_result":"Reject","errorMessage":"","status":"Done"}

2022-11-24 16:47:07 - [TEST_STEP][PASSED] - verifyElementPropertyValue(scoring, "Final_result", final_result): Verify element property value successfully

2022-11-24 16:47:07 - [MESSAGE][PASSED] - Verify element property value successfully]]></system-out>
         <system-err><![CDATA[]]></system-err>
      </testcase>
      <testcase name="Test Cases/Engine_Scoring/Engine Scoring" time="6.612" classname="Test Cases/Engine_Scoring/Engine Scoring" status="PASSED">
         <system-out><![CDATA[2022-11-24 16:47:07 - [TEST_CASE][PASSED] - Test Cases/Engine_Scoring/Engine Scoring: Test Cases/Engine_Scoring/Engine Scoring

2022-11-24 16:47:08 - [TEST_STEP][PASSED] - markPassed("Variasi data ke : " + no): Variasi data ke : 20

2022-11-24 16:47:08 - [MESSAGE][PASSED] - Variasi data ke : 20

2022-11-24 16:47:08 - [TEST_STEP][PASSED] - req_data = sendRequest(findTestObject("Search_ME", ["MID":MID, "source":source, "ip":ip, "userid":userid, "branch":branch, "tipekons":tipekons, "marital":marital, "penjamin":penjamin, ... ])): Send request successfully

2022-11-24 16:47:09 - [MESSAGE][INFO] - HAR: D:\DMS\Engine Scoring\Reports\20221124_164440\Exclude KKB - DS - Married\Scoring Married - DS\20221124_164440\requests\main\38.har

2022-11-24 16:47:09 - [MESSAGE][PASSED] - Send request successfully

2022-11-24 16:47:09 - [TEST_STEP][PASSED] - slurper = new groovy.json.JsonSlurper(): null

2022-11-24 16:47:09 - [TEST_STEP][PASSED] - result = slurper.parseText(req_data.getResponseBodyContent()): null

2022-11-24 16:47:09 - [TEST_STEP][PASSED] - reqid_kons = requestid1: null

2022-11-24 16:47:09 - [TEST_STEP][PASSED] - reqid_spouse = requestid2: null

2022-11-24 16:47:09 - [TEST_STEP][PASSED] - println("requestid kons : " + reqid_kons): null

2022-11-24 16:47:09 - [TEST_STEP][PASSED] - response_searchME_kons = reqid_kons: null

2022-11-24 16:47:09 - [TEST_STEP][PASSED] - response_searchME_spouse = reqid_spouse: null

2022-11-24 16:47:09 - [TEST_STEP][PASSED] - println("kons req id is :" + response_searchME_kons): null

2022-11-24 16:47:09 - [TEST_STEP][PASSED] - println("spouse req id is : " + response_searchME_spouse): null

2022-11-24 16:47:09 - [TEST_STEP][PASSED] - verifyResponseStatusCode(req_data, 200): Verify response status code successfully

2022-11-24 16:47:09 - [MESSAGE][PASSED] - Verify response status code successfully

2022-11-24 16:47:09 - [TEST_STEP][PASSED] - response = req_data.getResponseText(): null

2022-11-24 16:47:09 - [TEST_STEP][PASSED] - logInfo($response): {"status":"Done","data":{"requestid1":"253896","requestid2":"253897"}}

2022-11-24 16:47:09 - [MESSAGE][INFO] - {"status":"Done","data":{"requestid1":"253896","requestid2":"253897"}}

2022-11-24 16:47:09 - [TEST_STEP][PASSED] - delay(5): Delayed 5 second(s)

2022-11-24 16:47:14 - [MESSAGE][PASSED] - Delayed 5 second(s)

2022-11-24 16:47:14 - [TEST_STEP][PASSED] - scoring = sendRequest(findTestObject("EngineScore", ["response_searchME_kons":response_searchME_kons, "response_searchME_spouse":response_searchME_spouse])): Send request successfully

2022-11-24 16:47:14 - [MESSAGE][INFO] - HAR: D:\DMS\Engine Scoring\Reports\20221124_164440\Exclude KKB - DS - Married\Scoring Married - DS\20221124_164440\requests\main\39.har

2022-11-24 16:47:14 - [MESSAGE][PASSED] - Send request successfully

2022-11-24 16:47:14 - [TEST_STEP][PASSED] - verifyResponseStatusCode(scoring, 200): Verify response status code successfully

2022-11-24 16:47:14 - [MESSAGE][PASSED] - Verify response status code successfully

2022-11-24 16:47:14 - [TEST_STEP][PASSED] - response2 = scoring.getResponseText(): null

2022-11-24 16:47:14 - [TEST_STEP][PASSED] - markPassed("result service data ke : " + no): result service data ke : 20

2022-11-24 16:47:14 - [MESSAGE][PASSED] - result service data ke : 20

2022-11-24 16:47:14 - [TEST_STEP][PASSED] - logInfo($response2): {"result_konsumen":"Reject","result_pasangan":"Reguler","Final_result":"Reject","errorMessage":"","status":"Done"}

2022-11-24 16:47:14 - [MESSAGE][INFO] - {"result_konsumen":"Reject","result_pasangan":"Reguler","Final_result":"Reject","errorMessage":"","status":"Done"}

2022-11-24 16:47:14 - [TEST_STEP][PASSED] - verifyElementPropertyValue(scoring, "Final_result", final_result): Verify element property value successfully

2022-11-24 16:47:14 - [MESSAGE][PASSED] - Verify element property value successfully]]></system-out>
         <system-err><![CDATA[]]></system-err>
      </testcase>
      <testcase name="Test Cases/Engine_Scoring/Engine Scoring" time="6.572" classname="Test Cases/Engine_Scoring/Engine Scoring" status="PASSED">
         <system-out><![CDATA[2022-11-24 16:47:14 - [TEST_CASE][PASSED] - Test Cases/Engine_Scoring/Engine Scoring: Test Cases/Engine_Scoring/Engine Scoring

2022-11-24 16:47:15 - [TEST_STEP][PASSED] - markPassed("Variasi data ke : " + no): Variasi data ke : 21

2022-11-24 16:47:15 - [MESSAGE][PASSED] - Variasi data ke : 21

2022-11-24 16:47:15 - [TEST_STEP][PASSED] - req_data = sendRequest(findTestObject("Search_ME", ["MID":MID, "source":source, "ip":ip, "userid":userid, "branch":branch, "tipekons":tipekons, "marital":marital, "penjamin":penjamin, ... ])): Send request successfully

2022-11-24 16:47:15 - [MESSAGE][INFO] - HAR: D:\DMS\Engine Scoring\Reports\20221124_164440\Exclude KKB - DS - Married\Scoring Married - DS\20221124_164440\requests\main\40.har

2022-11-24 16:47:15 - [MESSAGE][PASSED] - Send request successfully

2022-11-24 16:47:15 - [TEST_STEP][PASSED] - slurper = new groovy.json.JsonSlurper(): null

2022-11-24 16:47:15 - [TEST_STEP][PASSED] - result = slurper.parseText(req_data.getResponseBodyContent()): null

2022-11-24 16:47:15 - [TEST_STEP][PASSED] - reqid_kons = requestid1: null

2022-11-24 16:47:15 - [TEST_STEP][PASSED] - reqid_spouse = requestid2: null

2022-11-24 16:47:15 - [TEST_STEP][PASSED] - println("requestid kons : " + reqid_kons): null

2022-11-24 16:47:15 - [TEST_STEP][PASSED] - response_searchME_kons = reqid_kons: null

2022-11-24 16:47:15 - [TEST_STEP][PASSED] - response_searchME_spouse = reqid_spouse: null

2022-11-24 16:47:15 - [TEST_STEP][PASSED] - println("kons req id is :" + response_searchME_kons): null

2022-11-24 16:47:15 - [TEST_STEP][PASSED] - println("spouse req id is : " + response_searchME_spouse): null

2022-11-24 16:47:15 - [TEST_STEP][PASSED] - verifyResponseStatusCode(req_data, 200): Verify response status code successfully

2022-11-24 16:47:15 - [MESSAGE][PASSED] - Verify response status code successfully

2022-11-24 16:47:15 - [TEST_STEP][PASSED] - response = req_data.getResponseText(): null

2022-11-24 16:47:15 - [TEST_STEP][PASSED] - logInfo($response): {"status":"Done","data":{"requestid1":"253898","requestid2":"253899"}}

2022-11-24 16:47:15 - [MESSAGE][INFO] - {"status":"Done","data":{"requestid1":"253898","requestid2":"253899"}}

2022-11-24 16:47:15 - [TEST_STEP][PASSED] - delay(5): Delayed 5 second(s)

2022-11-24 16:47:20 - [MESSAGE][PASSED] - Delayed 5 second(s)

2022-11-24 16:47:20 - [TEST_STEP][PASSED] - scoring = sendRequest(findTestObject("EngineScore", ["response_searchME_kons":response_searchME_kons, "response_searchME_spouse":response_searchME_spouse])): Send request successfully

2022-11-24 16:47:20 - [MESSAGE][INFO] - HAR: D:\DMS\Engine Scoring\Reports\20221124_164440\Exclude KKB - DS - Married\Scoring Married - DS\20221124_164440\requests\main\41.har

2022-11-24 16:47:20 - [MESSAGE][PASSED] - Send request successfully

2022-11-24 16:47:20 - [TEST_STEP][PASSED] - verifyResponseStatusCode(scoring, 200): Verify response status code successfully

2022-11-24 16:47:20 - [MESSAGE][PASSED] - Verify response status code successfully

2022-11-24 16:47:20 - [TEST_STEP][PASSED] - response2 = scoring.getResponseText(): null

2022-11-24 16:47:20 - [TEST_STEP][PASSED] - markPassed("result service data ke : " + no): result service data ke : 21

2022-11-24 16:47:20 - [MESSAGE][PASSED] - result service data ke : 21

2022-11-24 16:47:20 - [TEST_STEP][PASSED] - logInfo($response2): {"result_konsumen":"Reject","result_pasangan":"Reguler","Final_result":"Reject","errorMessage":"","status":"Done"}

2022-11-24 16:47:20 - [MESSAGE][INFO] - {"result_konsumen":"Reject","result_pasangan":"Reguler","Final_result":"Reject","errorMessage":"","status":"Done"}

2022-11-24 16:47:20 - [TEST_STEP][PASSED] - verifyElementPropertyValue(scoring, "Final_result", final_result): Verify element property value successfully

2022-11-24 16:47:20 - [MESSAGE][PASSED] - Verify element property value successfully]]></system-out>
         <system-err><![CDATA[]]></system-err>
      </testcase>
      <testcase name="Test Cases/Engine_Scoring/Engine Scoring" time="6.496" classname="Test Cases/Engine_Scoring/Engine Scoring" status="PASSED">
         <system-out><![CDATA[2022-11-24 16:47:21 - [TEST_CASE][PASSED] - Test Cases/Engine_Scoring/Engine Scoring: Test Cases/Engine_Scoring/Engine Scoring

2022-11-24 16:47:21 - [TEST_STEP][PASSED] - markPassed("Variasi data ke : " + no): Variasi data ke : 22

2022-11-24 16:47:21 - [MESSAGE][PASSED] - Variasi data ke : 22

2022-11-24 16:47:21 - [TEST_STEP][PASSED] - req_data = sendRequest(findTestObject("Search_ME", ["MID":MID, "source":source, "ip":ip, "userid":userid, "branch":branch, "tipekons":tipekons, "marital":marital, "penjamin":penjamin, ... ])): Send request successfully

2022-11-24 16:47:22 - [MESSAGE][INFO] - HAR: D:\DMS\Engine Scoring\Reports\20221124_164440\Exclude KKB - DS - Married\Scoring Married - DS\20221124_164440\requests\main\42.har

2022-11-24 16:47:22 - [MESSAGE][PASSED] - Send request successfully

2022-11-24 16:47:22 - [TEST_STEP][PASSED] - slurper = new groovy.json.JsonSlurper(): null

2022-11-24 16:47:22 - [TEST_STEP][PASSED] - result = slurper.parseText(req_data.getResponseBodyContent()): null

2022-11-24 16:47:22 - [TEST_STEP][PASSED] - reqid_kons = requestid1: null

2022-11-24 16:47:22 - [TEST_STEP][PASSED] - reqid_spouse = requestid2: null

2022-11-24 16:47:22 - [TEST_STEP][PASSED] - println("requestid kons : " + reqid_kons): null

2022-11-24 16:47:22 - [TEST_STEP][PASSED] - response_searchME_kons = reqid_kons: null

2022-11-24 16:47:22 - [TEST_STEP][PASSED] - response_searchME_spouse = reqid_spouse: null

2022-11-24 16:47:22 - [TEST_STEP][PASSED] - println("kons req id is :" + response_searchME_kons): null

2022-11-24 16:47:22 - [TEST_STEP][PASSED] - println("spouse req id is : " + response_searchME_spouse): null

2022-11-24 16:47:22 - [TEST_STEP][PASSED] - verifyResponseStatusCode(req_data, 200): Verify response status code successfully

2022-11-24 16:47:22 - [MESSAGE][PASSED] - Verify response status code successfully

2022-11-24 16:47:22 - [TEST_STEP][PASSED] - response = req_data.getResponseText(): null

2022-11-24 16:47:22 - [TEST_STEP][PASSED] - logInfo($response): {"status":"Done","data":{"requestid1":"253900","requestid2":"253901"}}

2022-11-24 16:47:22 - [MESSAGE][INFO] - {"status":"Done","data":{"requestid1":"253900","requestid2":"253901"}}

2022-11-24 16:47:22 - [TEST_STEP][PASSED] - delay(5): Delayed 5 second(s)

2022-11-24 16:47:27 - [MESSAGE][PASSED] - Delayed 5 second(s)

2022-11-24 16:47:27 - [TEST_STEP][PASSED] - scoring = sendRequest(findTestObject("EngineScore", ["response_searchME_kons":response_searchME_kons, "response_searchME_spouse":response_searchME_spouse])): Send request successfully

2022-11-24 16:47:27 - [MESSAGE][INFO] - HAR: D:\DMS\Engine Scoring\Reports\20221124_164440\Exclude KKB - DS - Married\Scoring Married - DS\20221124_164440\requests\main\43.har

2022-11-24 16:47:27 - [MESSAGE][PASSED] - Send request successfully

2022-11-24 16:47:27 - [TEST_STEP][PASSED] - verifyResponseStatusCode(scoring, 200): Verify response status code successfully

2022-11-24 16:47:27 - [MESSAGE][PASSED] - Verify response status code successfully

2022-11-24 16:47:27 - [TEST_STEP][PASSED] - response2 = scoring.getResponseText(): null

2022-11-24 16:47:27 - [TEST_STEP][PASSED] - markPassed("result service data ke : " + no): result service data ke : 22

2022-11-24 16:47:27 - [MESSAGE][PASSED] - result service data ke : 22

2022-11-24 16:47:27 - [TEST_STEP][PASSED] - logInfo($response2): {"result_konsumen":"Reject","result_pasangan":"Reguler","Final_result":"Reject","errorMessage":"","status":"Done"}

2022-11-24 16:47:27 - [MESSAGE][INFO] - {"result_konsumen":"Reject","result_pasangan":"Reguler","Final_result":"Reject","errorMessage":"","status":"Done"}

2022-11-24 16:47:27 - [TEST_STEP][PASSED] - verifyElementPropertyValue(scoring, "Final_result", final_result): Verify element property value successfully

2022-11-24 16:47:27 - [MESSAGE][PASSED] - Verify element property value successfully]]></system-out>
         <system-err><![CDATA[]]></system-err>
      </testcase>
      <testcase name="Test Cases/Engine_Scoring/Engine Scoring" time="6.56" classname="Test Cases/Engine_Scoring/Engine Scoring" status="PASSED">
         <system-out><![CDATA[2022-11-24 16:47:27 - [TEST_CASE][PASSED] - Test Cases/Engine_Scoring/Engine Scoring: Test Cases/Engine_Scoring/Engine Scoring

2022-11-24 16:47:28 - [TEST_STEP][PASSED] - markPassed("Variasi data ke : " + no): Variasi data ke : 23

2022-11-24 16:47:28 - [MESSAGE][PASSED] - Variasi data ke : 23

2022-11-24 16:47:28 - [TEST_STEP][PASSED] - req_data = sendRequest(findTestObject("Search_ME", ["MID":MID, "source":source, "ip":ip, "userid":userid, "branch":branch, "tipekons":tipekons, "marital":marital, "penjamin":penjamin, ... ])): Send request successfully

2022-11-24 16:47:29 - [MESSAGE][INFO] - HAR: D:\DMS\Engine Scoring\Reports\20221124_164440\Exclude KKB - DS - Married\Scoring Married - DS\20221124_164440\requests\main\44.har

2022-11-24 16:47:29 - [MESSAGE][PASSED] - Send request successfully

2022-11-24 16:47:29 - [TEST_STEP][PASSED] - slurper = new groovy.json.JsonSlurper(): null

2022-11-24 16:47:29 - [TEST_STEP][PASSED] - result = slurper.parseText(req_data.getResponseBodyContent()): null

2022-11-24 16:47:29 - [TEST_STEP][PASSED] - reqid_kons = requestid1: null

2022-11-24 16:47:29 - [TEST_STEP][PASSED] - reqid_spouse = requestid2: null

2022-11-24 16:47:29 - [TEST_STEP][PASSED] - println("requestid kons : " + reqid_kons): null

2022-11-24 16:47:29 - [TEST_STEP][PASSED] - response_searchME_kons = reqid_kons: null

2022-11-24 16:47:29 - [TEST_STEP][PASSED] - response_searchME_spouse = reqid_spouse: null

2022-11-24 16:47:29 - [TEST_STEP][PASSED] - println("kons req id is :" + response_searchME_kons): null

2022-11-24 16:47:29 - [TEST_STEP][PASSED] - println("spouse req id is : " + response_searchME_spouse): null

2022-11-24 16:47:29 - [TEST_STEP][PASSED] - verifyResponseStatusCode(req_data, 200): Verify response status code successfully

2022-11-24 16:47:29 - [MESSAGE][PASSED] - Verify response status code successfully

2022-11-24 16:47:29 - [TEST_STEP][PASSED] - response = req_data.getResponseText(): null

2022-11-24 16:47:29 - [TEST_STEP][PASSED] - logInfo($response): {"status":"Done","data":{"requestid1":"253902","requestid2":"253903"}}

2022-11-24 16:47:29 - [MESSAGE][INFO] - {"status":"Done","data":{"requestid1":"253902","requestid2":"253903"}}

2022-11-24 16:47:29 - [TEST_STEP][PASSED] - delay(5): Delayed 5 second(s)

2022-11-24 16:47:34 - [MESSAGE][PASSED] - Delayed 5 second(s)

2022-11-24 16:47:34 - [TEST_STEP][PASSED] - scoring = sendRequest(findTestObject("EngineScore", ["response_searchME_kons":response_searchME_kons, "response_searchME_spouse":response_searchME_spouse])): Send request successfully

2022-11-24 16:47:34 - [MESSAGE][INFO] - HAR: D:\DMS\Engine Scoring\Reports\20221124_164440\Exclude KKB - DS - Married\Scoring Married - DS\20221124_164440\requests\main\45.har

2022-11-24 16:47:34 - [MESSAGE][PASSED] - Send request successfully

2022-11-24 16:47:34 - [TEST_STEP][PASSED] - verifyResponseStatusCode(scoring, 200): Verify response status code successfully

2022-11-24 16:47:34 - [MESSAGE][PASSED] - Verify response status code successfully

2022-11-24 16:47:34 - [TEST_STEP][PASSED] - response2 = scoring.getResponseText(): null

2022-11-24 16:47:34 - [TEST_STEP][PASSED] - markPassed("result service data ke : " + no): result service data ke : 23

2022-11-24 16:47:34 - [MESSAGE][PASSED] - result service data ke : 23

2022-11-24 16:47:34 - [TEST_STEP][PASSED] - logInfo($response2): {"result_konsumen":"Reject","result_pasangan":"Reject","Final_result":"Reject","errorMessage":"","status":"Done"}

2022-11-24 16:47:34 - [MESSAGE][INFO] - {"result_konsumen":"Reject","result_pasangan":"Reject","Final_result":"Reject","errorMessage":"","status":"Done"}

2022-11-24 16:47:34 - [TEST_STEP][PASSED] - verifyElementPropertyValue(scoring, "Final_result", final_result): Verify element property value successfully

2022-11-24 16:47:34 - [MESSAGE][PASSED] - Verify element property value successfully]]></system-out>
         <system-err><![CDATA[]]></system-err>
      </testcase>
      <testcase name="Test Cases/Engine_Scoring/Engine Scoring" time="7.54" classname="Test Cases/Engine_Scoring/Engine Scoring" status="PASSED">
         <system-out><![CDATA[2022-11-24 16:47:34 - [TEST_CASE][PASSED] - Test Cases/Engine_Scoring/Engine Scoring: Test Cases/Engine_Scoring/Engine Scoring

2022-11-24 16:47:35 - [TEST_STEP][PASSED] - markPassed("Variasi data ke : " + no): Variasi data ke : 24

2022-11-24 16:47:35 - [MESSAGE][PASSED] - Variasi data ke : 24

2022-11-24 16:47:35 - [TEST_STEP][PASSED] - req_data = sendRequest(findTestObject("Search_ME", ["MID":MID, "source":source, "ip":ip, "userid":userid, "branch":branch, "tipekons":tipekons, "marital":marital, "penjamin":penjamin, ... ])): Send request successfully

2022-11-24 16:47:36 - [MESSAGE][INFO] - HAR: D:\DMS\Engine Scoring\Reports\20221124_164440\Exclude KKB - DS - Married\Scoring Married - DS\20221124_164440\requests\main\46.har

2022-11-24 16:47:36 - [MESSAGE][PASSED] - Send request successfully

2022-11-24 16:47:36 - [TEST_STEP][PASSED] - slurper = new groovy.json.JsonSlurper(): null

2022-11-24 16:47:36 - [TEST_STEP][PASSED] - result = slurper.parseText(req_data.getResponseBodyContent()): null

2022-11-24 16:47:36 - [TEST_STEP][PASSED] - reqid_kons = requestid1: null

2022-11-24 16:47:36 - [TEST_STEP][PASSED] - reqid_spouse = requestid2: null

2022-11-24 16:47:36 - [TEST_STEP][PASSED] - println("requestid kons : " + reqid_kons): null

2022-11-24 16:47:36 - [TEST_STEP][PASSED] - response_searchME_kons = reqid_kons: null

2022-11-24 16:47:36 - [TEST_STEP][PASSED] - response_searchME_spouse = reqid_spouse: null

2022-11-24 16:47:36 - [TEST_STEP][PASSED] - println("kons req id is :" + response_searchME_kons): null

2022-11-24 16:47:36 - [TEST_STEP][PASSED] - println("spouse req id is : " + response_searchME_spouse): null

2022-11-24 16:47:36 - [TEST_STEP][PASSED] - verifyResponseStatusCode(req_data, 200): Verify response status code successfully

2022-11-24 16:47:36 - [MESSAGE][PASSED] - Verify response status code successfully

2022-11-24 16:47:36 - [TEST_STEP][PASSED] - response = req_data.getResponseText(): null

2022-11-24 16:47:36 - [TEST_STEP][PASSED] - logInfo($response): {"status":"Done","data":{"requestid1":"253904","requestid2":"253905"}}

2022-11-24 16:47:36 - [MESSAGE][INFO] - {"status":"Done","data":{"requestid1":"253904","requestid2":"253905"}}

2022-11-24 16:47:36 - [TEST_STEP][PASSED] - delay(5): Delayed 5 second(s)

2022-11-24 16:47:41 - [MESSAGE][PASSED] - Delayed 5 second(s)

2022-11-24 16:47:41 - [TEST_STEP][PASSED] - scoring = sendRequest(findTestObject("EngineScore", ["response_searchME_kons":response_searchME_kons, "response_searchME_spouse":response_searchME_spouse])): Send request successfully

2022-11-24 16:47:41 - [MESSAGE][INFO] - HAR: D:\DMS\Engine Scoring\Reports\20221124_164440\Exclude KKB - DS - Married\Scoring Married - DS\20221124_164440\requests\main\47.har

2022-11-24 16:47:41 - [MESSAGE][PASSED] - Send request successfully

2022-11-24 16:47:41 - [TEST_STEP][PASSED] - verifyResponseStatusCode(scoring, 200): Verify response status code successfully

2022-11-24 16:47:41 - [MESSAGE][PASSED] - Verify response status code successfully

2022-11-24 16:47:41 - [TEST_STEP][PASSED] - response2 = scoring.getResponseText(): null

2022-11-24 16:47:41 - [TEST_STEP][PASSED] - markPassed("result service data ke : " + no): result service data ke : 24

2022-11-24 16:47:41 - [MESSAGE][PASSED] - result service data ke : 24

2022-11-24 16:47:41 - [TEST_STEP][PASSED] - logInfo($response2): {"result_konsumen":"Reject","result_pasangan":"Reject","Final_result":"Reject","errorMessage":"","status":"Done"}

2022-11-24 16:47:41 - [MESSAGE][INFO] - {"result_konsumen":"Reject","result_pasangan":"Reject","Final_result":"Reject","errorMessage":"","status":"Done"}

2022-11-24 16:47:41 - [TEST_STEP][PASSED] - verifyElementPropertyValue(scoring, "Final_result", final_result): Verify element property value successfully

2022-11-24 16:47:41 - [MESSAGE][PASSED] - Verify element property value successfully]]></system-out>
         <system-err><![CDATA[]]></system-err>
      </testcase>
      <testcase name="Test Cases/Engine_Scoring/Engine Scoring" time="6.49" classname="Test Cases/Engine_Scoring/Engine Scoring" status="PASSED">
         <system-out><![CDATA[2022-11-24 16:47:41 - [TEST_CASE][PASSED] - Test Cases/Engine_Scoring/Engine Scoring: Test Cases/Engine_Scoring/Engine Scoring

2022-11-24 16:47:42 - [TEST_STEP][PASSED] - markPassed("Variasi data ke : " + no): Variasi data ke : 25

2022-11-24 16:47:42 - [MESSAGE][PASSED] - Variasi data ke : 25

2022-11-24 16:47:42 - [TEST_STEP][PASSED] - req_data = sendRequest(findTestObject("Search_ME", ["MID":MID, "source":source, "ip":ip, "userid":userid, "branch":branch, "tipekons":tipekons, "marital":marital, "penjamin":penjamin, ... ])): Send request successfully

2022-11-24 16:47:43 - [MESSAGE][INFO] - HAR: D:\DMS\Engine Scoring\Reports\20221124_164440\Exclude KKB - DS - Married\Scoring Married - DS\20221124_164440\requests\main\48.har

2022-11-24 16:47:43 - [MESSAGE][PASSED] - Send request successfully

2022-11-24 16:47:43 - [TEST_STEP][PASSED] - slurper = new groovy.json.JsonSlurper(): null

2022-11-24 16:47:43 - [TEST_STEP][PASSED] - result = slurper.parseText(req_data.getResponseBodyContent()): null

2022-11-24 16:47:43 - [TEST_STEP][PASSED] - reqid_kons = requestid1: null

2022-11-24 16:47:43 - [TEST_STEP][PASSED] - reqid_spouse = requestid2: null

2022-11-24 16:47:43 - [TEST_STEP][PASSED] - println("requestid kons : " + reqid_kons): null

2022-11-24 16:47:43 - [TEST_STEP][PASSED] - response_searchME_kons = reqid_kons: null

2022-11-24 16:47:43 - [TEST_STEP][PASSED] - response_searchME_spouse = reqid_spouse: null

2022-11-24 16:47:43 - [TEST_STEP][PASSED] - println("kons req id is :" + response_searchME_kons): null

2022-11-24 16:47:43 - [TEST_STEP][PASSED] - println("spouse req id is : " + response_searchME_spouse): null

2022-11-24 16:47:43 - [TEST_STEP][PASSED] - verifyResponseStatusCode(req_data, 200): Verify response status code successfully

2022-11-24 16:47:43 - [MESSAGE][PASSED] - Verify response status code successfully

2022-11-24 16:47:43 - [TEST_STEP][PASSED] - response = req_data.getResponseText(): null

2022-11-24 16:47:43 - [TEST_STEP][PASSED] - logInfo($response): {"status":"Done","data":{"requestid1":"253906","requestid2":"253907"}}

2022-11-24 16:47:43 - [MESSAGE][INFO] - {"status":"Done","data":{"requestid1":"253906","requestid2":"253907"}}

2022-11-24 16:47:43 - [TEST_STEP][PASSED] - delay(5): Delayed 5 second(s)

2022-11-24 16:47:48 - [MESSAGE][PASSED] - Delayed 5 second(s)

2022-11-24 16:47:48 - [TEST_STEP][PASSED] - scoring = sendRequest(findTestObject("EngineScore", ["response_searchME_kons":response_searchME_kons, "response_searchME_spouse":response_searchME_spouse])): Send request successfully

2022-11-24 16:47:48 - [MESSAGE][INFO] - HAR: D:\DMS\Engine Scoring\Reports\20221124_164440\Exclude KKB - DS - Married\Scoring Married - DS\20221124_164440\requests\main\49.har

2022-11-24 16:47:48 - [MESSAGE][PASSED] - Send request successfully

2022-11-24 16:47:48 - [TEST_STEP][PASSED] - verifyResponseStatusCode(scoring, 200): Verify response status code successfully

2022-11-24 16:47:48 - [MESSAGE][PASSED] - Verify response status code successfully

2022-11-24 16:47:48 - [TEST_STEP][PASSED] - response2 = scoring.getResponseText(): null

2022-11-24 16:47:48 - [TEST_STEP][PASSED] - markPassed("result service data ke : " + no): result service data ke : 25

2022-11-24 16:47:48 - [MESSAGE][PASSED] - result service data ke : 25

2022-11-24 16:47:48 - [TEST_STEP][PASSED] - logInfo($response2): {"result_konsumen":"Reject","result_pasangan":"Reguler","Final_result":"Reject","errorMessage":"","status":"Done"}

2022-11-24 16:47:48 - [MESSAGE][INFO] - {"result_konsumen":"Reject","result_pasangan":"Reguler","Final_result":"Reject","errorMessage":"","status":"Done"}

2022-11-24 16:47:48 - [TEST_STEP][PASSED] - verifyElementPropertyValue(scoring, "Final_result", final_result): Verify element property value successfully

2022-11-24 16:47:48 - [MESSAGE][PASSED] - Verify element property value successfully]]></system-out>
         <system-err><![CDATA[]]></system-err>
      </testcase>
      <testcase name="Test Cases/Engine_Scoring/Engine Scoring" time="6.52" classname="Test Cases/Engine_Scoring/Engine Scoring" status="PASSED">
         <system-out><![CDATA[2022-11-24 16:47:48 - [TEST_CASE][PASSED] - Test Cases/Engine_Scoring/Engine Scoring: Test Cases/Engine_Scoring/Engine Scoring

2022-11-24 16:47:49 - [TEST_STEP][PASSED] - markPassed("Variasi data ke : " + no): Variasi data ke : 26

2022-11-24 16:47:49 - [MESSAGE][PASSED] - Variasi data ke : 26

2022-11-24 16:47:49 - [TEST_STEP][PASSED] - req_data = sendRequest(findTestObject("Search_ME", ["MID":MID, "source":source, "ip":ip, "userid":userid, "branch":branch, "tipekons":tipekons, "marital":marital, "penjamin":penjamin, ... ])): Send request successfully

2022-11-24 16:47:49 - [MESSAGE][INFO] - HAR: D:\DMS\Engine Scoring\Reports\20221124_164440\Exclude KKB - DS - Married\Scoring Married - DS\20221124_164440\requests\main\50.har

2022-11-24 16:47:49 - [MESSAGE][PASSED] - Send request successfully

2022-11-24 16:47:49 - [TEST_STEP][PASSED] - slurper = new groovy.json.JsonSlurper(): null

2022-11-24 16:47:49 - [TEST_STEP][PASSED] - result = slurper.parseText(req_data.getResponseBodyContent()): null

2022-11-24 16:47:49 - [TEST_STEP][PASSED] - reqid_kons = requestid1: null

2022-11-24 16:47:49 - [TEST_STEP][PASSED] - reqid_spouse = requestid2: null

2022-11-24 16:47:49 - [TEST_STEP][PASSED] - println("requestid kons : " + reqid_kons): null

2022-11-24 16:47:49 - [TEST_STEP][PASSED] - response_searchME_kons = reqid_kons: null

2022-11-24 16:47:49 - [TEST_STEP][PASSED] - response_searchME_spouse = reqid_spouse: null

2022-11-24 16:47:49 - [TEST_STEP][PASSED] - println("kons req id is :" + response_searchME_kons): null

2022-11-24 16:47:49 - [TEST_STEP][PASSED] - println("spouse req id is : " + response_searchME_spouse): null

2022-11-24 16:47:49 - [TEST_STEP][PASSED] - verifyResponseStatusCode(req_data, 200): Verify response status code successfully

2022-11-24 16:47:49 - [MESSAGE][PASSED] - Verify response status code successfully

2022-11-24 16:47:49 - [TEST_STEP][PASSED] - response = req_data.getResponseText(): null

2022-11-24 16:47:49 - [TEST_STEP][PASSED] - logInfo($response): {"status":"Done","data":{"requestid1":"253908","requestid2":"253909"}}

2022-11-24 16:47:49 - [MESSAGE][INFO] - {"status":"Done","data":{"requestid1":"253908","requestid2":"253909"}}

2022-11-24 16:47:49 - [TEST_STEP][PASSED] - delay(5): Delayed 5 second(s)

2022-11-24 16:47:54 - [MESSAGE][PASSED] - Delayed 5 second(s)

2022-11-24 16:47:54 - [TEST_STEP][PASSED] - scoring = sendRequest(findTestObject("EngineScore", ["response_searchME_kons":response_searchME_kons, "response_searchME_spouse":response_searchME_spouse])): Send request successfully

2022-11-24 16:47:54 - [MESSAGE][INFO] - HAR: D:\DMS\Engine Scoring\Reports\20221124_164440\Exclude KKB - DS - Married\Scoring Married - DS\20221124_164440\requests\main\51.har

2022-11-24 16:47:54 - [MESSAGE][PASSED] - Send request successfully

2022-11-24 16:47:54 - [TEST_STEP][PASSED] - verifyResponseStatusCode(scoring, 200): Verify response status code successfully

2022-11-24 16:47:54 - [MESSAGE][PASSED] - Verify response status code successfully

2022-11-24 16:47:54 - [TEST_STEP][PASSED] - response2 = scoring.getResponseText(): null

2022-11-24 16:47:54 - [TEST_STEP][PASSED] - markPassed("result service data ke : " + no): result service data ke : 26

2022-11-24 16:47:54 - [MESSAGE][PASSED] - result service data ke : 26

2022-11-24 16:47:54 - [TEST_STEP][PASSED] - logInfo($response2): {"result_konsumen":"Reject","result_pasangan":"Reguler","Final_result":"Reject","errorMessage":"","status":"Done"}

2022-11-24 16:47:54 - [MESSAGE][INFO] - {"result_konsumen":"Reject","result_pasangan":"Reguler","Final_result":"Reject","errorMessage":"","status":"Done"}

2022-11-24 16:47:54 - [TEST_STEP][PASSED] - verifyElementPropertyValue(scoring, "Final_result", final_result): Verify element property value successfully

2022-11-24 16:47:54 - [MESSAGE][PASSED] - Verify element property value successfully]]></system-out>
         <system-err><![CDATA[]]></system-err>
      </testcase>
      <testcase name="Test Cases/Engine_Scoring/Engine Scoring" time="6.581" classname="Test Cases/Engine_Scoring/Engine Scoring" status="PASSED">
         <system-out><![CDATA[2022-11-24 16:47:54 - [TEST_CASE][PASSED] - Test Cases/Engine_Scoring/Engine Scoring: Test Cases/Engine_Scoring/Engine Scoring

2022-11-24 16:47:55 - [TEST_STEP][PASSED] - markPassed("Variasi data ke : " + no): Variasi data ke : 27

2022-11-24 16:47:55 - [MESSAGE][PASSED] - Variasi data ke : 27

2022-11-24 16:47:55 - [TEST_STEP][PASSED] - req_data = sendRequest(findTestObject("Search_ME", ["MID":MID, "source":source, "ip":ip, "userid":userid, "branch":branch, "tipekons":tipekons, "marital":marital, "penjamin":penjamin, ... ])): Send request successfully

2022-11-24 16:47:56 - [MESSAGE][INFO] - HAR: D:\DMS\Engine Scoring\Reports\20221124_164440\Exclude KKB - DS - Married\Scoring Married - DS\20221124_164440\requests\main\52.har

2022-11-24 16:47:56 - [MESSAGE][PASSED] - Send request successfully

2022-11-24 16:47:56 - [TEST_STEP][PASSED] - slurper = new groovy.json.JsonSlurper(): null

2022-11-24 16:47:56 - [TEST_STEP][PASSED] - result = slurper.parseText(req_data.getResponseBodyContent()): null

2022-11-24 16:47:56 - [TEST_STEP][PASSED] - reqid_kons = requestid1: null

2022-11-24 16:47:56 - [TEST_STEP][PASSED] - reqid_spouse = requestid2: null

2022-11-24 16:47:56 - [TEST_STEP][PASSED] - println("requestid kons : " + reqid_kons): null

2022-11-24 16:47:56 - [TEST_STEP][PASSED] - response_searchME_kons = reqid_kons: null

2022-11-24 16:47:56 - [TEST_STEP][PASSED] - response_searchME_spouse = reqid_spouse: null

2022-11-24 16:47:56 - [TEST_STEP][PASSED] - println("kons req id is :" + response_searchME_kons): null

2022-11-24 16:47:56 - [TEST_STEP][PASSED] - println("spouse req id is : " + response_searchME_spouse): null

2022-11-24 16:47:56 - [TEST_STEP][PASSED] - verifyResponseStatusCode(req_data, 200): Verify response status code successfully

2022-11-24 16:47:56 - [MESSAGE][PASSED] - Verify response status code successfully

2022-11-24 16:47:56 - [TEST_STEP][PASSED] - response = req_data.getResponseText(): null

2022-11-24 16:47:56 - [TEST_STEP][PASSED] - logInfo($response): {"status":"Done","data":{"requestid1":"253910","requestid2":"253911"}}

2022-11-24 16:47:56 - [MESSAGE][INFO] - {"status":"Done","data":{"requestid1":"253910","requestid2":"253911"}}

2022-11-24 16:47:56 - [TEST_STEP][PASSED] - delay(5): Delayed 5 second(s)

2022-11-24 16:48:01 - [MESSAGE][PASSED] - Delayed 5 second(s)

2022-11-24 16:48:01 - [TEST_STEP][PASSED] - scoring = sendRequest(findTestObject("EngineScore", ["response_searchME_kons":response_searchME_kons, "response_searchME_spouse":response_searchME_spouse])): Send request successfully

2022-11-24 16:48:01 - [MESSAGE][INFO] - HAR: D:\DMS\Engine Scoring\Reports\20221124_164440\Exclude KKB - DS - Married\Scoring Married - DS\20221124_164440\requests\main\53.har

2022-11-24 16:48:01 - [MESSAGE][PASSED] - Send request successfully

2022-11-24 16:48:01 - [TEST_STEP][PASSED] - verifyResponseStatusCode(scoring, 200): Verify response status code successfully

2022-11-24 16:48:01 - [MESSAGE][PASSED] - Verify response status code successfully

2022-11-24 16:48:01 - [TEST_STEP][PASSED] - response2 = scoring.getResponseText(): null

2022-11-24 16:48:01 - [TEST_STEP][PASSED] - markPassed("result service data ke : " + no): result service data ke : 27

2022-11-24 16:48:01 - [MESSAGE][PASSED] - result service data ke : 27

2022-11-24 16:48:01 - [TEST_STEP][PASSED] - logInfo($response2): {"result_konsumen":"Reject","result_pasangan":"Reguler","Final_result":"Reject","errorMessage":"","status":"Done"}

2022-11-24 16:48:01 - [MESSAGE][INFO] - {"result_konsumen":"Reject","result_pasangan":"Reguler","Final_result":"Reject","errorMessage":"","status":"Done"}

2022-11-24 16:48:01 - [TEST_STEP][PASSED] - verifyElementPropertyValue(scoring, "Final_result", final_result): Verify element property value successfully

2022-11-24 16:48:01 - [MESSAGE][PASSED] - Verify element property value successfully]]></system-out>
         <system-err><![CDATA[]]></system-err>
      </testcase>
      <testcase name="Test Cases/Engine_Scoring/Engine Scoring" time="6.611" classname="Test Cases/Engine_Scoring/Engine Scoring" status="PASSED">
         <system-out><![CDATA[2022-11-24 16:48:01 - [TEST_CASE][PASSED] - Test Cases/Engine_Scoring/Engine Scoring: Test Cases/Engine_Scoring/Engine Scoring

2022-11-24 16:48:02 - [TEST_STEP][PASSED] - markPassed("Variasi data ke : " + no): Variasi data ke : 28

2022-11-24 16:48:02 - [MESSAGE][PASSED] - Variasi data ke : 28

2022-11-24 16:48:02 - [TEST_STEP][PASSED] - req_data = sendRequest(findTestObject("Search_ME", ["MID":MID, "source":source, "ip":ip, "userid":userid, "branch":branch, "tipekons":tipekons, "marital":marital, "penjamin":penjamin, ... ])): Send request successfully

2022-11-24 16:48:03 - [MESSAGE][INFO] - HAR: D:\DMS\Engine Scoring\Reports\20221124_164440\Exclude KKB - DS - Married\Scoring Married - DS\20221124_164440\requests\main\54.har

2022-11-24 16:48:03 - [MESSAGE][PASSED] - Send request successfully

2022-11-24 16:48:03 - [TEST_STEP][PASSED] - slurper = new groovy.json.JsonSlurper(): null

2022-11-24 16:48:03 - [TEST_STEP][PASSED] - result = slurper.parseText(req_data.getResponseBodyContent()): null

2022-11-24 16:48:03 - [TEST_STEP][PASSED] - reqid_kons = requestid1: null

2022-11-24 16:48:03 - [TEST_STEP][PASSED] - reqid_spouse = requestid2: null

2022-11-24 16:48:03 - [TEST_STEP][PASSED] - println("requestid kons : " + reqid_kons): null

2022-11-24 16:48:03 - [TEST_STEP][PASSED] - response_searchME_kons = reqid_kons: null

2022-11-24 16:48:03 - [TEST_STEP][PASSED] - response_searchME_spouse = reqid_spouse: null

2022-11-24 16:48:03 - [TEST_STEP][PASSED] - println("kons req id is :" + response_searchME_kons): null

2022-11-24 16:48:03 - [TEST_STEP][PASSED] - println("spouse req id is : " + response_searchME_spouse): null

2022-11-24 16:48:03 - [TEST_STEP][PASSED] - verifyResponseStatusCode(req_data, 200): Verify response status code successfully

2022-11-24 16:48:03 - [MESSAGE][PASSED] - Verify response status code successfully

2022-11-24 16:48:03 - [TEST_STEP][PASSED] - response = req_data.getResponseText(): null

2022-11-24 16:48:03 - [TEST_STEP][PASSED] - logInfo($response): {"status":"Done","data":{"requestid1":"253912","requestid2":"253913"}}

2022-11-24 16:48:03 - [MESSAGE][INFO] - {"status":"Done","data":{"requestid1":"253912","requestid2":"253913"}}

2022-11-24 16:48:03 - [TEST_STEP][PASSED] - delay(5): Delayed 5 second(s)

2022-11-24 16:48:08 - [MESSAGE][PASSED] - Delayed 5 second(s)

2022-11-24 16:48:08 - [TEST_STEP][PASSED] - scoring = sendRequest(findTestObject("EngineScore", ["response_searchME_kons":response_searchME_kons, "response_searchME_spouse":response_searchME_spouse])): Send request successfully

2022-11-24 16:48:08 - [MESSAGE][INFO] - HAR: D:\DMS\Engine Scoring\Reports\20221124_164440\Exclude KKB - DS - Married\Scoring Married - DS\20221124_164440\requests\main\55.har

2022-11-24 16:48:08 - [MESSAGE][PASSED] - Send request successfully

2022-11-24 16:48:08 - [TEST_STEP][PASSED] - verifyResponseStatusCode(scoring, 200): Verify response status code successfully

2022-11-24 16:48:08 - [MESSAGE][PASSED] - Verify response status code successfully

2022-11-24 16:48:08 - [TEST_STEP][PASSED] - response2 = scoring.getResponseText(): null

2022-11-24 16:48:08 - [TEST_STEP][PASSED] - markPassed("result service data ke : " + no): result service data ke : 28

2022-11-24 16:48:08 - [MESSAGE][PASSED] - result service data ke : 28

2022-11-24 16:48:08 - [TEST_STEP][PASSED] - logInfo($response2): {"result_konsumen":"Reject","result_pasangan":"Approve","Final_result":"Reject","errorMessage":"","status":"Done"}

2022-11-24 16:48:08 - [MESSAGE][INFO] - {"result_konsumen":"Reject","result_pasangan":"Approve","Final_result":"Reject","errorMessage":"","status":"Done"}

2022-11-24 16:48:08 - [TEST_STEP][PASSED] - verifyElementPropertyValue(scoring, "Final_result", final_result): Verify element property value successfully

2022-11-24 16:48:08 - [MESSAGE][PASSED] - Verify element property value successfully]]></system-out>
         <system-err><![CDATA[]]></system-err>
      </testcase>
      <testcase name="Test Cases/Engine_Scoring/Engine Scoring" time="6.65" classname="Test Cases/Engine_Scoring/Engine Scoring" status="PASSED">
         <system-out><![CDATA[2022-11-24 16:48:08 - [TEST_CASE][PASSED] - Test Cases/Engine_Scoring/Engine Scoring: Test Cases/Engine_Scoring/Engine Scoring

2022-11-24 16:48:08 - [TEST_STEP][PASSED] - markPassed("Variasi data ke : " + no): Variasi data ke : 29

2022-11-24 16:48:08 - [MESSAGE][PASSED] - Variasi data ke : 29

2022-11-24 16:48:08 - [TEST_STEP][PASSED] - req_data = sendRequest(findTestObject("Search_ME", ["MID":MID, "source":source, "ip":ip, "userid":userid, "branch":branch, "tipekons":tipekons, "marital":marital, "penjamin":penjamin, ... ])): Send request successfully

2022-11-24 16:48:09 - [MESSAGE][INFO] - HAR: D:\DMS\Engine Scoring\Reports\20221124_164440\Exclude KKB - DS - Married\Scoring Married - DS\20221124_164440\requests\main\56.har

2022-11-24 16:48:09 - [MESSAGE][PASSED] - Send request successfully

2022-11-24 16:48:09 - [TEST_STEP][PASSED] - slurper = new groovy.json.JsonSlurper(): null

2022-11-24 16:48:09 - [TEST_STEP][PASSED] - result = slurper.parseText(req_data.getResponseBodyContent()): null

2022-11-24 16:48:09 - [TEST_STEP][PASSED] - reqid_kons = requestid1: null

2022-11-24 16:48:09 - [TEST_STEP][PASSED] - reqid_spouse = requestid2: null

2022-11-24 16:48:09 - [TEST_STEP][PASSED] - println("requestid kons : " + reqid_kons): null

2022-11-24 16:48:09 - [TEST_STEP][PASSED] - response_searchME_kons = reqid_kons: null

2022-11-24 16:48:09 - [TEST_STEP][PASSED] - response_searchME_spouse = reqid_spouse: null

2022-11-24 16:48:09 - [TEST_STEP][PASSED] - println("kons req id is :" + response_searchME_kons): null

2022-11-24 16:48:09 - [TEST_STEP][PASSED] - println("spouse req id is : " + response_searchME_spouse): null

2022-11-24 16:48:09 - [TEST_STEP][PASSED] - verifyResponseStatusCode(req_data, 200): Verify response status code successfully

2022-11-24 16:48:09 - [MESSAGE][PASSED] - Verify response status code successfully

2022-11-24 16:48:09 - [TEST_STEP][PASSED] - response = req_data.getResponseText(): null

2022-11-24 16:48:09 - [TEST_STEP][PASSED] - logInfo($response): {"status":"Done","data":{"requestid1":"253914","requestid2":"253915"}}

2022-11-24 16:48:09 - [MESSAGE][INFO] - {"status":"Done","data":{"requestid1":"253914","requestid2":"253915"}}

2022-11-24 16:48:09 - [TEST_STEP][PASSED] - delay(5): Delayed 5 second(s)

2022-11-24 16:48:14 - [MESSAGE][PASSED] - Delayed 5 second(s)

2022-11-24 16:48:14 - [TEST_STEP][PASSED] - scoring = sendRequest(findTestObject("EngineScore", ["response_searchME_kons":response_searchME_kons, "response_searchME_spouse":response_searchME_spouse])): Send request successfully

2022-11-24 16:48:14 - [MESSAGE][INFO] - HAR: D:\DMS\Engine Scoring\Reports\20221124_164440\Exclude KKB - DS - Married\Scoring Married - DS\20221124_164440\requests\main\57.har

2022-11-24 16:48:14 - [MESSAGE][PASSED] - Send request successfully

2022-11-24 16:48:14 - [TEST_STEP][PASSED] - verifyResponseStatusCode(scoring, 200): Verify response status code successfully

2022-11-24 16:48:14 - [MESSAGE][PASSED] - Verify response status code successfully

2022-11-24 16:48:14 - [TEST_STEP][PASSED] - response2 = scoring.getResponseText(): null

2022-11-24 16:48:14 - [TEST_STEP][PASSED] - markPassed("result service data ke : " + no): result service data ke : 29

2022-11-24 16:48:14 - [MESSAGE][PASSED] - result service data ke : 29

2022-11-24 16:48:14 - [TEST_STEP][PASSED] - logInfo($response2): {"result_konsumen":"Reject","result_pasangan":"Approve","Final_result":"Reject","errorMessage":"","status":"Done"}

2022-11-24 16:48:14 - [MESSAGE][INFO] - {"result_konsumen":"Reject","result_pasangan":"Approve","Final_result":"Reject","errorMessage":"","status":"Done"}

2022-11-24 16:48:14 - [TEST_STEP][PASSED] - verifyElementPropertyValue(scoring, "Final_result", final_result): Verify element property value successfully

2022-11-24 16:48:14 - [MESSAGE][PASSED] - Verify element property value successfully]]></system-out>
         <system-err><![CDATA[]]></system-err>
      </testcase>
      <testcase name="Test Cases/Engine_Scoring/Engine Scoring" time="6.653" classname="Test Cases/Engine_Scoring/Engine Scoring" status="PASSED">
         <system-out><![CDATA[2022-11-24 16:48:14 - [TEST_CASE][PASSED] - Test Cases/Engine_Scoring/Engine Scoring: Test Cases/Engine_Scoring/Engine Scoring

2022-11-24 16:48:15 - [TEST_STEP][PASSED] - markPassed("Variasi data ke : " + no): Variasi data ke : 30

2022-11-24 16:48:15 - [MESSAGE][PASSED] - Variasi data ke : 30

2022-11-24 16:48:15 - [TEST_STEP][PASSED] - req_data = sendRequest(findTestObject("Search_ME", ["MID":MID, "source":source, "ip":ip, "userid":userid, "branch":branch, "tipekons":tipekons, "marital":marital, "penjamin":penjamin, ... ])): Send request successfully

2022-11-24 16:48:16 - [MESSAGE][INFO] - HAR: D:\DMS\Engine Scoring\Reports\20221124_164440\Exclude KKB - DS - Married\Scoring Married - DS\20221124_164440\requests\main\58.har

2022-11-24 16:48:16 - [MESSAGE][PASSED] - Send request successfully

2022-11-24 16:48:16 - [TEST_STEP][PASSED] - slurper = new groovy.json.JsonSlurper(): null

2022-11-24 16:48:16 - [TEST_STEP][PASSED] - result = slurper.parseText(req_data.getResponseBodyContent()): null

2022-11-24 16:48:16 - [TEST_STEP][PASSED] - reqid_kons = requestid1: null

2022-11-24 16:48:16 - [TEST_STEP][PASSED] - reqid_spouse = requestid2: null

2022-11-24 16:48:16 - [TEST_STEP][PASSED] - println("requestid kons : " + reqid_kons): null

2022-11-24 16:48:16 - [TEST_STEP][PASSED] - response_searchME_kons = reqid_kons: null

2022-11-24 16:48:16 - [TEST_STEP][PASSED] - response_searchME_spouse = reqid_spouse: null

2022-11-24 16:48:16 - [TEST_STEP][PASSED] - println("kons req id is :" + response_searchME_kons): null

2022-11-24 16:48:16 - [TEST_STEP][PASSED] - println("spouse req id is : " + response_searchME_spouse): null

2022-11-24 16:48:16 - [TEST_STEP][PASSED] - verifyResponseStatusCode(req_data, 200): Verify response status code successfully

2022-11-24 16:48:16 - [MESSAGE][PASSED] - Verify response status code successfully

2022-11-24 16:48:16 - [TEST_STEP][PASSED] - response = req_data.getResponseText(): null

2022-11-24 16:48:16 - [TEST_STEP][PASSED] - logInfo($response): {"status":"Done","data":{"requestid1":"253916","requestid2":"253917"}}

2022-11-24 16:48:16 - [MESSAGE][INFO] - {"status":"Done","data":{"requestid1":"253916","requestid2":"253917"}}

2022-11-24 16:48:16 - [TEST_STEP][PASSED] - delay(5): Delayed 5 second(s)

2022-11-24 16:48:21 - [MESSAGE][PASSED] - Delayed 5 second(s)

2022-11-24 16:48:21 - [TEST_STEP][PASSED] - scoring = sendRequest(findTestObject("EngineScore", ["response_searchME_kons":response_searchME_kons, "response_searchME_spouse":response_searchME_spouse])): Send request successfully

2022-11-24 16:48:21 - [MESSAGE][INFO] - HAR: D:\DMS\Engine Scoring\Reports\20221124_164440\Exclude KKB - DS - Married\Scoring Married - DS\20221124_164440\requests\main\59.har

2022-11-24 16:48:21 - [MESSAGE][PASSED] - Send request successfully

2022-11-24 16:48:21 - [TEST_STEP][PASSED] - verifyResponseStatusCode(scoring, 200): Verify response status code successfully

2022-11-24 16:48:21 - [MESSAGE][PASSED] - Verify response status code successfully

2022-11-24 16:48:21 - [TEST_STEP][PASSED] - response2 = scoring.getResponseText(): null

2022-11-24 16:48:21 - [TEST_STEP][PASSED] - markPassed("result service data ke : " + no): result service data ke : 30

2022-11-24 16:48:21 - [MESSAGE][PASSED] - result service data ke : 30

2022-11-24 16:48:21 - [TEST_STEP][PASSED] - logInfo($response2): {"result_konsumen":"Reject","result_pasangan":"Approve","Final_result":"Reject","errorMessage":"","status":"Done"}

2022-11-24 16:48:21 - [MESSAGE][INFO] - {"result_konsumen":"Reject","result_pasangan":"Approve","Final_result":"Reject","errorMessage":"","status":"Done"}

2022-11-24 16:48:21 - [TEST_STEP][PASSED] - verifyElementPropertyValue(scoring, "Final_result", final_result): Verify element property value successfully

2022-11-24 16:48:21 - [MESSAGE][PASSED] - Verify element property value successfully]]></system-out>
         <system-err><![CDATA[]]></system-err>
      </testcase>
      <testcase name="Test Cases/Engine_Scoring/Engine Scoring" time="6.768" classname="Test Cases/Engine_Scoring/Engine Scoring" status="PASSED">
         <system-out><![CDATA[2022-11-24 16:48:21 - [TEST_CASE][PASSED] - Test Cases/Engine_Scoring/Engine Scoring: Test Cases/Engine_Scoring/Engine Scoring

2022-11-24 16:48:22 - [TEST_STEP][PASSED] - markPassed("Variasi data ke : " + no): Variasi data ke : 31

2022-11-24 16:48:22 - [MESSAGE][PASSED] - Variasi data ke : 31

2022-11-24 16:48:22 - [TEST_STEP][PASSED] - req_data = sendRequest(findTestObject("Search_ME", ["MID":MID, "source":source, "ip":ip, "userid":userid, "branch":branch, "tipekons":tipekons, "marital":marital, "penjamin":penjamin, ... ])): Send request successfully

2022-11-24 16:48:23 - [MESSAGE][INFO] - HAR: D:\DMS\Engine Scoring\Reports\20221124_164440\Exclude KKB - DS - Married\Scoring Married - DS\20221124_164440\requests\main\60.har

2022-11-24 16:48:23 - [MESSAGE][PASSED] - Send request successfully

2022-11-24 16:48:23 - [TEST_STEP][PASSED] - slurper = new groovy.json.JsonSlurper(): null

2022-11-24 16:48:23 - [TEST_STEP][PASSED] - result = slurper.parseText(req_data.getResponseBodyContent()): null

2022-11-24 16:48:23 - [TEST_STEP][PASSED] - reqid_kons = requestid1: null

2022-11-24 16:48:23 - [TEST_STEP][PASSED] - reqid_spouse = requestid2: null

2022-11-24 16:48:23 - [TEST_STEP][PASSED] - println("requestid kons : " + reqid_kons): null

2022-11-24 16:48:23 - [TEST_STEP][PASSED] - response_searchME_kons = reqid_kons: null

2022-11-24 16:48:23 - [TEST_STEP][PASSED] - response_searchME_spouse = reqid_spouse: null

2022-11-24 16:48:23 - [TEST_STEP][PASSED] - println("kons req id is :" + response_searchME_kons): null

2022-11-24 16:48:23 - [TEST_STEP][PASSED] - println("spouse req id is : " + response_searchME_spouse): null

2022-11-24 16:48:23 - [TEST_STEP][PASSED] - verifyResponseStatusCode(req_data, 200): Verify response status code successfully

2022-11-24 16:48:23 - [MESSAGE][PASSED] - Verify response status code successfully

2022-11-24 16:48:23 - [TEST_STEP][PASSED] - response = req_data.getResponseText(): null

2022-11-24 16:48:23 - [TEST_STEP][PASSED] - logInfo($response): {"status":"Done","data":{"requestid1":"253918","requestid2":"253919"}}

2022-11-24 16:48:23 - [MESSAGE][INFO] - {"status":"Done","data":{"requestid1":"253918","requestid2":"253919"}}

2022-11-24 16:48:23 - [TEST_STEP][PASSED] - delay(5): Delayed 5 second(s)

2022-11-24 16:48:28 - [MESSAGE][PASSED] - Delayed 5 second(s)

2022-11-24 16:48:28 - [TEST_STEP][PASSED] - scoring = sendRequest(findTestObject("EngineScore", ["response_searchME_kons":response_searchME_kons, "response_searchME_spouse":response_searchME_spouse])): Send request successfully

2022-11-24 16:48:28 - [MESSAGE][INFO] - HAR: D:\DMS\Engine Scoring\Reports\20221124_164440\Exclude KKB - DS - Married\Scoring Married - DS\20221124_164440\requests\main\61.har

2022-11-24 16:48:28 - [MESSAGE][PASSED] - Send request successfully

2022-11-24 16:48:28 - [TEST_STEP][PASSED] - verifyResponseStatusCode(scoring, 200): Verify response status code successfully

2022-11-24 16:48:28 - [MESSAGE][PASSED] - Verify response status code successfully

2022-11-24 16:48:28 - [TEST_STEP][PASSED] - response2 = scoring.getResponseText(): null

2022-11-24 16:48:28 - [TEST_STEP][PASSED] - markPassed("result service data ke : " + no): result service data ke : 31

2022-11-24 16:48:28 - [MESSAGE][PASSED] - result service data ke : 31

2022-11-24 16:48:28 - [TEST_STEP][PASSED] - logInfo($response2): {"result_konsumen":"Reject","result_pasangan":"Approve","Final_result":"Reject","errorMessage":"","status":"Done"}

2022-11-24 16:48:28 - [MESSAGE][INFO] - {"result_konsumen":"Reject","result_pasangan":"Approve","Final_result":"Reject","errorMessage":"","status":"Done"}

2022-11-24 16:48:28 - [TEST_STEP][PASSED] - verifyElementPropertyValue(scoring, "Final_result", final_result): Verify element property value successfully

2022-11-24 16:48:28 - [MESSAGE][PASSED] - Verify element property value successfully]]></system-out>
         <system-err><![CDATA[]]></system-err>
      </testcase>
      <testcase name="Test Cases/Engine_Scoring/Engine Scoring" time="6.759" classname="Test Cases/Engine_Scoring/Engine Scoring" status="PASSED">
         <system-out><![CDATA[2022-11-24 16:48:28 - [TEST_CASE][PASSED] - Test Cases/Engine_Scoring/Engine Scoring: Test Cases/Engine_Scoring/Engine Scoring

2022-11-24 16:48:29 - [TEST_STEP][PASSED] - markPassed("Variasi data ke : " + no): Variasi data ke : 32

2022-11-24 16:48:29 - [MESSAGE][PASSED] - Variasi data ke : 32

2022-11-24 16:48:29 - [TEST_STEP][PASSED] - req_data = sendRequest(findTestObject("Search_ME", ["MID":MID, "source":source, "ip":ip, "userid":userid, "branch":branch, "tipekons":tipekons, "marital":marital, "penjamin":penjamin, ... ])): Send request successfully

2022-11-24 16:48:30 - [MESSAGE][INFO] - HAR: D:\DMS\Engine Scoring\Reports\20221124_164440\Exclude KKB - DS - Married\Scoring Married - DS\20221124_164440\requests\main\62.har

2022-11-24 16:48:30 - [MESSAGE][PASSED] - Send request successfully

2022-11-24 16:48:30 - [TEST_STEP][PASSED] - slurper = new groovy.json.JsonSlurper(): null

2022-11-24 16:48:30 - [TEST_STEP][PASSED] - result = slurper.parseText(req_data.getResponseBodyContent()): null

2022-11-24 16:48:30 - [TEST_STEP][PASSED] - reqid_kons = requestid1: null

2022-11-24 16:48:30 - [TEST_STEP][PASSED] - reqid_spouse = requestid2: null

2022-11-24 16:48:30 - [TEST_STEP][PASSED] - println("requestid kons : " + reqid_kons): null

2022-11-24 16:48:30 - [TEST_STEP][PASSED] - response_searchME_kons = reqid_kons: null

2022-11-24 16:48:30 - [TEST_STEP][PASSED] - response_searchME_spouse = reqid_spouse: null

2022-11-24 16:48:30 - [TEST_STEP][PASSED] - println("kons req id is :" + response_searchME_kons): null

2022-11-24 16:48:30 - [TEST_STEP][PASSED] - println("spouse req id is : " + response_searchME_spouse): null

2022-11-24 16:48:30 - [TEST_STEP][PASSED] - verifyResponseStatusCode(req_data, 200): Verify response status code successfully

2022-11-24 16:48:30 - [MESSAGE][PASSED] - Verify response status code successfully

2022-11-24 16:48:30 - [TEST_STEP][PASSED] - response = req_data.getResponseText(): null

2022-11-24 16:48:30 - [TEST_STEP][PASSED] - logInfo($response): {"status":"Done","data":{"requestid1":"253920","requestid2":"253921"}}

2022-11-24 16:48:30 - [MESSAGE][INFO] - {"status":"Done","data":{"requestid1":"253920","requestid2":"253921"}}

2022-11-24 16:48:30 - [TEST_STEP][PASSED] - delay(5): Delayed 5 second(s)

2022-11-24 16:48:35 - [MESSAGE][PASSED] - Delayed 5 second(s)

2022-11-24 16:48:35 - [TEST_STEP][PASSED] - scoring = sendRequest(findTestObject("EngineScore", ["response_searchME_kons":response_searchME_kons, "response_searchME_spouse":response_searchME_spouse])): Send request successfully

2022-11-24 16:48:35 - [MESSAGE][INFO] - HAR: D:\DMS\Engine Scoring\Reports\20221124_164440\Exclude KKB - DS - Married\Scoring Married - DS\20221124_164440\requests\main\63.har

2022-11-24 16:48:35 - [MESSAGE][PASSED] - Send request successfully

2022-11-24 16:48:35 - [TEST_STEP][PASSED] - verifyResponseStatusCode(scoring, 200): Verify response status code successfully

2022-11-24 16:48:35 - [MESSAGE][PASSED] - Verify response status code successfully

2022-11-24 16:48:35 - [TEST_STEP][PASSED] - response2 = scoring.getResponseText(): null

2022-11-24 16:48:35 - [TEST_STEP][PASSED] - markPassed("result service data ke : " + no): result service data ke : 32

2022-11-24 16:48:35 - [MESSAGE][PASSED] - result service data ke : 32

2022-11-24 16:48:35 - [TEST_STEP][PASSED] - logInfo($response2): {"result_konsumen":"Reject","result_pasangan":"Reject","Final_result":"Reject","errorMessage":"","status":"Done"}

2022-11-24 16:48:35 - [MESSAGE][INFO] - {"result_konsumen":"Reject","result_pasangan":"Reject","Final_result":"Reject","errorMessage":"","status":"Done"}

2022-11-24 16:48:35 - [TEST_STEP][PASSED] - verifyElementPropertyValue(scoring, "Final_result", final_result): Verify element property value successfully

2022-11-24 16:48:35 - [MESSAGE][PASSED] - Verify element property value successfully]]></system-out>
         <system-err><![CDATA[]]></system-err>
      </testcase>
      <testcase name="Test Cases/Engine_Scoring/Engine Scoring" time="6.72" classname="Test Cases/Engine_Scoring/Engine Scoring" status="PASSED">
         <system-out><![CDATA[2022-11-24 16:48:35 - [TEST_CASE][PASSED] - Test Cases/Engine_Scoring/Engine Scoring: Test Cases/Engine_Scoring/Engine Scoring

2022-11-24 16:48:36 - [TEST_STEP][PASSED] - markPassed("Variasi data ke : " + no): Variasi data ke : 33

2022-11-24 16:48:36 - [MESSAGE][PASSED] - Variasi data ke : 33

2022-11-24 16:48:36 - [TEST_STEP][PASSED] - req_data = sendRequest(findTestObject("Search_ME", ["MID":MID, "source":source, "ip":ip, "userid":userid, "branch":branch, "tipekons":tipekons, "marital":marital, "penjamin":penjamin, ... ])): Send request successfully

2022-11-24 16:48:36 - [MESSAGE][INFO] - HAR: D:\DMS\Engine Scoring\Reports\20221124_164440\Exclude KKB - DS - Married\Scoring Married - DS\20221124_164440\requests\main\64.har

2022-11-24 16:48:36 - [MESSAGE][PASSED] - Send request successfully

2022-11-24 16:48:36 - [TEST_STEP][PASSED] - slurper = new groovy.json.JsonSlurper(): null

2022-11-24 16:48:36 - [TEST_STEP][PASSED] - result = slurper.parseText(req_data.getResponseBodyContent()): null

2022-11-24 16:48:36 - [TEST_STEP][PASSED] - reqid_kons = requestid1: null

2022-11-24 16:48:36 - [TEST_STEP][PASSED] - reqid_spouse = requestid2: null

2022-11-24 16:48:36 - [TEST_STEP][PASSED] - println("requestid kons : " + reqid_kons): null

2022-11-24 16:48:36 - [TEST_STEP][PASSED] - response_searchME_kons = reqid_kons: null

2022-11-24 16:48:36 - [TEST_STEP][PASSED] - response_searchME_spouse = reqid_spouse: null

2022-11-24 16:48:36 - [TEST_STEP][PASSED] - println("kons req id is :" + response_searchME_kons): null

2022-11-24 16:48:36 - [TEST_STEP][PASSED] - println("spouse req id is : " + response_searchME_spouse): null

2022-11-24 16:48:36 - [TEST_STEP][PASSED] - verifyResponseStatusCode(req_data, 200): Verify response status code successfully

2022-11-24 16:48:36 - [MESSAGE][PASSED] - Verify response status code successfully

2022-11-24 16:48:36 - [TEST_STEP][PASSED] - response = req_data.getResponseText(): null

2022-11-24 16:48:36 - [TEST_STEP][PASSED] - logInfo($response): {"status":"Done","data":{"requestid1":"253922","requestid2":"253923"}}

2022-11-24 16:48:36 - [MESSAGE][INFO] - {"status":"Done","data":{"requestid1":"253922","requestid2":"253923"}}

2022-11-24 16:48:36 - [TEST_STEP][PASSED] - delay(5): Delayed 5 second(s)

2022-11-24 16:48:41 - [MESSAGE][PASSED] - Delayed 5 second(s)

2022-11-24 16:48:41 - [TEST_STEP][PASSED] - scoring = sendRequest(findTestObject("EngineScore", ["response_searchME_kons":response_searchME_kons, "response_searchME_spouse":response_searchME_spouse])): Send request successfully

2022-11-24 16:48:42 - [MESSAGE][INFO] - HAR: D:\DMS\Engine Scoring\Reports\20221124_164440\Exclude KKB - DS - Married\Scoring Married - DS\20221124_164440\requests\main\65.har

2022-11-24 16:48:42 - [MESSAGE][PASSED] - Send request successfully

2022-11-24 16:48:42 - [TEST_STEP][PASSED] - verifyResponseStatusCode(scoring, 200): Verify response status code successfully

2022-11-24 16:48:42 - [MESSAGE][PASSED] - Verify response status code successfully

2022-11-24 16:48:42 - [TEST_STEP][PASSED] - response2 = scoring.getResponseText(): null

2022-11-24 16:48:42 - [TEST_STEP][PASSED] - markPassed("result service data ke : " + no): result service data ke : 33

2022-11-24 16:48:42 - [MESSAGE][PASSED] - result service data ke : 33

2022-11-24 16:48:42 - [TEST_STEP][PASSED] - logInfo($response2): {"result_konsumen":"Reject","result_pasangan":"Reject","Final_result":"Reject","errorMessage":"","status":"Done"}

2022-11-24 16:48:42 - [MESSAGE][INFO] - {"result_konsumen":"Reject","result_pasangan":"Reject","Final_result":"Reject","errorMessage":"","status":"Done"}

2022-11-24 16:48:42 - [TEST_STEP][PASSED] - verifyElementPropertyValue(scoring, "Final_result", final_result): Verify element property value successfully

2022-11-24 16:48:42 - [MESSAGE][PASSED] - Verify element property value successfully]]></system-out>
         <system-err><![CDATA[]]></system-err>
      </testcase>
      <testcase name="Test Cases/Engine_Scoring/Engine Scoring" time="6.685" classname="Test Cases/Engine_Scoring/Engine Scoring" status="PASSED">
         <system-out><![CDATA[2022-11-24 16:48:42 - [TEST_CASE][PASSED] - Test Cases/Engine_Scoring/Engine Scoring: Test Cases/Engine_Scoring/Engine Scoring

2022-11-24 16:48:42 - [TEST_STEP][PASSED] - markPassed("Variasi data ke : " + no): Variasi data ke : 34

2022-11-24 16:48:42 - [MESSAGE][PASSED] - Variasi data ke : 34

2022-11-24 16:48:42 - [TEST_STEP][PASSED] - req_data = sendRequest(findTestObject("Search_ME", ["MID":MID, "source":source, "ip":ip, "userid":userid, "branch":branch, "tipekons":tipekons, "marital":marital, "penjamin":penjamin, ... ])): Send request successfully

2022-11-24 16:48:43 - [MESSAGE][INFO] - HAR: D:\DMS\Engine Scoring\Reports\20221124_164440\Exclude KKB - DS - Married\Scoring Married - DS\20221124_164440\requests\main\66.har

2022-11-24 16:48:43 - [MESSAGE][PASSED] - Send request successfully

2022-11-24 16:48:43 - [TEST_STEP][PASSED] - slurper = new groovy.json.JsonSlurper(): null

2022-11-24 16:48:43 - [TEST_STEP][PASSED] - result = slurper.parseText(req_data.getResponseBodyContent()): null

2022-11-24 16:48:43 - [TEST_STEP][PASSED] - reqid_kons = requestid1: null

2022-11-24 16:48:43 - [TEST_STEP][PASSED] - reqid_spouse = requestid2: null

2022-11-24 16:48:43 - [TEST_STEP][PASSED] - println("requestid kons : " + reqid_kons): null

2022-11-24 16:48:43 - [TEST_STEP][PASSED] - response_searchME_kons = reqid_kons: null

2022-11-24 16:48:43 - [TEST_STEP][PASSED] - response_searchME_spouse = reqid_spouse: null

2022-11-24 16:48:43 - [TEST_STEP][PASSED] - println("kons req id is :" + response_searchME_kons): null

2022-11-24 16:48:43 - [TEST_STEP][PASSED] - println("spouse req id is : " + response_searchME_spouse): null

2022-11-24 16:48:43 - [TEST_STEP][PASSED] - verifyResponseStatusCode(req_data, 200): Verify response status code successfully

2022-11-24 16:48:43 - [MESSAGE][PASSED] - Verify response status code successfully

2022-11-24 16:48:43 - [TEST_STEP][PASSED] - response = req_data.getResponseText(): null

2022-11-24 16:48:43 - [TEST_STEP][PASSED] - logInfo($response): {"status":"Done","data":{"requestid1":"253924","requestid2":"253925"}}

2022-11-24 16:48:43 - [MESSAGE][INFO] - {"status":"Done","data":{"requestid1":"253924","requestid2":"253925"}}

2022-11-24 16:48:43 - [TEST_STEP][PASSED] - delay(5): Delayed 5 second(s)

2022-11-24 16:48:48 - [MESSAGE][PASSED] - Delayed 5 second(s)

2022-11-24 16:48:48 - [TEST_STEP][PASSED] - scoring = sendRequest(findTestObject("EngineScore", ["response_searchME_kons":response_searchME_kons, "response_searchME_spouse":response_searchME_spouse])): Send request successfully

2022-11-24 16:48:48 - [MESSAGE][INFO] - HAR: D:\DMS\Engine Scoring\Reports\20221124_164440\Exclude KKB - DS - Married\Scoring Married - DS\20221124_164440\requests\main\67.har

2022-11-24 16:48:48 - [MESSAGE][PASSED] - Send request successfully

2022-11-24 16:48:48 - [TEST_STEP][PASSED] - verifyResponseStatusCode(scoring, 200): Verify response status code successfully

2022-11-24 16:48:48 - [MESSAGE][PASSED] - Verify response status code successfully

2022-11-24 16:48:48 - [TEST_STEP][PASSED] - response2 = scoring.getResponseText(): null

2022-11-24 16:48:48 - [TEST_STEP][PASSED] - markPassed("result service data ke : " + no): result service data ke : 34

2022-11-24 16:48:48 - [MESSAGE][PASSED] - result service data ke : 34

2022-11-24 16:48:48 - [TEST_STEP][PASSED] - logInfo($response2): {"result_konsumen":"Reject","result_pasangan":"Reguler","Final_result":"Reject","errorMessage":"","status":"Done"}

2022-11-24 16:48:48 - [MESSAGE][INFO] - {"result_konsumen":"Reject","result_pasangan":"Reguler","Final_result":"Reject","errorMessage":"","status":"Done"}

2022-11-24 16:48:48 - [TEST_STEP][PASSED] - verifyElementPropertyValue(scoring, "Final_result", final_result): Verify element property value successfully

2022-11-24 16:48:48 - [MESSAGE][PASSED] - Verify element property value successfully]]></system-out>
         <system-err><![CDATA[]]></system-err>
      </testcase>
      <testcase name="Test Cases/Engine_Scoring/Engine Scoring" time="6.541" classname="Test Cases/Engine_Scoring/Engine Scoring" status="PASSED">
         <system-out><![CDATA[2022-11-24 16:48:48 - [TEST_CASE][PASSED] - Test Cases/Engine_Scoring/Engine Scoring: Test Cases/Engine_Scoring/Engine Scoring

2022-11-24 16:48:49 - [TEST_STEP][PASSED] - markPassed("Variasi data ke : " + no): Variasi data ke : 35

2022-11-24 16:48:49 - [MESSAGE][PASSED] - Variasi data ke : 35

2022-11-24 16:48:49 - [TEST_STEP][PASSED] - req_data = sendRequest(findTestObject("Search_ME", ["MID":MID, "source":source, "ip":ip, "userid":userid, "branch":branch, "tipekons":tipekons, "marital":marital, "penjamin":penjamin, ... ])): Send request successfully

2022-11-24 16:48:50 - [MESSAGE][INFO] - HAR: D:\DMS\Engine Scoring\Reports\20221124_164440\Exclude KKB - DS - Married\Scoring Married - DS\20221124_164440\requests\main\68.har

2022-11-24 16:48:50 - [MESSAGE][PASSED] - Send request successfully

2022-11-24 16:48:50 - [TEST_STEP][PASSED] - slurper = new groovy.json.JsonSlurper(): null

2022-11-24 16:48:50 - [TEST_STEP][PASSED] - result = slurper.parseText(req_data.getResponseBodyContent()): null

2022-11-24 16:48:50 - [TEST_STEP][PASSED] - reqid_kons = requestid1: null

2022-11-24 16:48:50 - [TEST_STEP][PASSED] - reqid_spouse = requestid2: null

2022-11-24 16:48:50 - [TEST_STEP][PASSED] - println("requestid kons : " + reqid_kons): null

2022-11-24 16:48:50 - [TEST_STEP][PASSED] - response_searchME_kons = reqid_kons: null

2022-11-24 16:48:50 - [TEST_STEP][PASSED] - response_searchME_spouse = reqid_spouse: null

2022-11-24 16:48:50 - [TEST_STEP][PASSED] - println("kons req id is :" + response_searchME_kons): null

2022-11-24 16:48:50 - [TEST_STEP][PASSED] - println("spouse req id is : " + response_searchME_spouse): null

2022-11-24 16:48:50 - [TEST_STEP][PASSED] - verifyResponseStatusCode(req_data, 200): Verify response status code successfully

2022-11-24 16:48:50 - [MESSAGE][PASSED] - Verify response status code successfully

2022-11-24 16:48:50 - [TEST_STEP][PASSED] - response = req_data.getResponseText(): null

2022-11-24 16:48:50 - [TEST_STEP][PASSED] - logInfo($response): {"status":"Done","data":{"requestid1":"253926","requestid2":"253927"}}

2022-11-24 16:48:50 - [MESSAGE][INFO] - {"status":"Done","data":{"requestid1":"253926","requestid2":"253927"}}

2022-11-24 16:48:50 - [TEST_STEP][PASSED] - delay(5): Delayed 5 second(s)

2022-11-24 16:48:55 - [MESSAGE][PASSED] - Delayed 5 second(s)

2022-11-24 16:48:55 - [TEST_STEP][PASSED] - scoring = sendRequest(findTestObject("EngineScore", ["response_searchME_kons":response_searchME_kons, "response_searchME_spouse":response_searchME_spouse])): Send request successfully

2022-11-24 16:48:55 - [MESSAGE][INFO] - HAR: D:\DMS\Engine Scoring\Reports\20221124_164440\Exclude KKB - DS - Married\Scoring Married - DS\20221124_164440\requests\main\69.har

2022-11-24 16:48:55 - [MESSAGE][PASSED] - Send request successfully

2022-11-24 16:48:55 - [TEST_STEP][PASSED] - verifyResponseStatusCode(scoring, 200): Verify response status code successfully

2022-11-24 16:48:55 - [MESSAGE][PASSED] - Verify response status code successfully

2022-11-24 16:48:55 - [TEST_STEP][PASSED] - response2 = scoring.getResponseText(): null

2022-11-24 16:48:55 - [TEST_STEP][PASSED] - markPassed("result service data ke : " + no): result service data ke : 35

2022-11-24 16:48:55 - [MESSAGE][PASSED] - result service data ke : 35

2022-11-24 16:48:55 - [TEST_STEP][PASSED] - logInfo($response2): {"result_konsumen":"Reject","result_pasangan":"Reguler","Final_result":"Reject","errorMessage":"","status":"Done"}

2022-11-24 16:48:55 - [MESSAGE][INFO] - {"result_konsumen":"Reject","result_pasangan":"Reguler","Final_result":"Reject","errorMessage":"","status":"Done"}

2022-11-24 16:48:55 - [TEST_STEP][PASSED] - verifyElementPropertyValue(scoring, "Final_result", final_result): Verify element property value successfully

2022-11-24 16:48:55 - [MESSAGE][PASSED] - Verify element property value successfully]]></system-out>
         <system-err><![CDATA[]]></system-err>
      </testcase>
      <testcase name="Test Cases/Engine_Scoring/Engine Scoring" time="6.523" classname="Test Cases/Engine_Scoring/Engine Scoring" status="PASSED">
         <system-out><![CDATA[2022-11-24 16:48:55 - [TEST_CASE][PASSED] - Test Cases/Engine_Scoring/Engine Scoring: Test Cases/Engine_Scoring/Engine Scoring

2022-11-24 16:48:56 - [TEST_STEP][PASSED] - markPassed("Variasi data ke : " + no): Variasi data ke : 36

2022-11-24 16:48:56 - [MESSAGE][PASSED] - Variasi data ke : 36

2022-11-24 16:48:56 - [TEST_STEP][PASSED] - req_data = sendRequest(findTestObject("Search_ME", ["MID":MID, "source":source, "ip":ip, "userid":userid, "branch":branch, "tipekons":tipekons, "marital":marital, "penjamin":penjamin, ... ])): Send request successfully

2022-11-24 16:48:56 - [MESSAGE][INFO] - HAR: D:\DMS\Engine Scoring\Reports\20221124_164440\Exclude KKB - DS - Married\Scoring Married - DS\20221124_164440\requests\main\70.har

2022-11-24 16:48:56 - [MESSAGE][PASSED] - Send request successfully

2022-11-24 16:48:56 - [TEST_STEP][PASSED] - slurper = new groovy.json.JsonSlurper(): null

2022-11-24 16:48:56 - [TEST_STEP][PASSED] - result = slurper.parseText(req_data.getResponseBodyContent()): null

2022-11-24 16:48:56 - [TEST_STEP][PASSED] - reqid_kons = requestid1: null

2022-11-24 16:48:56 - [TEST_STEP][PASSED] - reqid_spouse = requestid2: null

2022-11-24 16:48:56 - [TEST_STEP][PASSED] - println("requestid kons : " + reqid_kons): null

2022-11-24 16:48:56 - [TEST_STEP][PASSED] - response_searchME_kons = reqid_kons: null

2022-11-24 16:48:56 - [TEST_STEP][PASSED] - response_searchME_spouse = reqid_spouse: null

2022-11-24 16:48:56 - [TEST_STEP][PASSED] - println("kons req id is :" + response_searchME_kons): null

2022-11-24 16:48:56 - [TEST_STEP][PASSED] - println("spouse req id is : " + response_searchME_spouse): null

2022-11-24 16:48:56 - [TEST_STEP][PASSED] - verifyResponseStatusCode(req_data, 200): Verify response status code successfully

2022-11-24 16:48:56 - [MESSAGE][PASSED] - Verify response status code successfully

2022-11-24 16:48:56 - [TEST_STEP][PASSED] - response = req_data.getResponseText(): null

2022-11-24 16:48:56 - [TEST_STEP][PASSED] - logInfo($response): {"status":"Done","data":{"requestid1":"253928","requestid2":"253929"}}

2022-11-24 16:48:56 - [MESSAGE][INFO] - {"status":"Done","data":{"requestid1":"253928","requestid2":"253929"}}

2022-11-24 16:48:56 - [TEST_STEP][PASSED] - delay(5): Delayed 5 second(s)

2022-11-24 16:49:01 - [MESSAGE][PASSED] - Delayed 5 second(s)

2022-11-24 16:49:01 - [TEST_STEP][PASSED] - scoring = sendRequest(findTestObject("EngineScore", ["response_searchME_kons":response_searchME_kons, "response_searchME_spouse":response_searchME_spouse])): Send request successfully

2022-11-24 16:49:01 - [MESSAGE][INFO] - HAR: D:\DMS\Engine Scoring\Reports\20221124_164440\Exclude KKB - DS - Married\Scoring Married - DS\20221124_164440\requests\main\71.har

2022-11-24 16:49:01 - [MESSAGE][PASSED] - Send request successfully

2022-11-24 16:49:01 - [TEST_STEP][PASSED] - verifyResponseStatusCode(scoring, 200): Verify response status code successfully

2022-11-24 16:49:01 - [MESSAGE][PASSED] - Verify response status code successfully

2022-11-24 16:49:01 - [TEST_STEP][PASSED] - response2 = scoring.getResponseText(): null

2022-11-24 16:49:01 - [TEST_STEP][PASSED] - markPassed("result service data ke : " + no): result service data ke : 36

2022-11-24 16:49:01 - [MESSAGE][PASSED] - result service data ke : 36

2022-11-24 16:49:01 - [TEST_STEP][PASSED] - logInfo($response2): {"result_konsumen":"Reject","result_pasangan":"Reguler","Final_result":"Reject","errorMessage":"","status":"Done"}

2022-11-24 16:49:01 - [MESSAGE][INFO] - {"result_konsumen":"Reject","result_pasangan":"Reguler","Final_result":"Reject","errorMessage":"","status":"Done"}

2022-11-24 16:49:01 - [TEST_STEP][PASSED] - verifyElementPropertyValue(scoring, "Final_result", final_result): Verify element property value successfully

2022-11-24 16:49:01 - [MESSAGE][PASSED] - Verify element property value successfully]]></system-out>
         <system-err><![CDATA[]]></system-err>
      </testcase>
      <testcase name="Test Cases/Engine_Scoring/Engine Scoring" time="6.551" classname="Test Cases/Engine_Scoring/Engine Scoring" status="PASSED">
         <system-out><![CDATA[2022-11-24 16:49:01 - [TEST_CASE][PASSED] - Test Cases/Engine_Scoring/Engine Scoring: Test Cases/Engine_Scoring/Engine Scoring

2022-11-24 16:49:02 - [TEST_STEP][PASSED] - markPassed("Variasi data ke : " + no): Variasi data ke : 37

2022-11-24 16:49:02 - [MESSAGE][PASSED] - Variasi data ke : 37

2022-11-24 16:49:02 - [TEST_STEP][PASSED] - req_data = sendRequest(findTestObject("Search_ME", ["MID":MID, "source":source, "ip":ip, "userid":userid, "branch":branch, "tipekons":tipekons, "marital":marital, "penjamin":penjamin, ... ])): Send request successfully

2022-11-24 16:49:03 - [MESSAGE][INFO] - HAR: D:\DMS\Engine Scoring\Reports\20221124_164440\Exclude KKB - DS - Married\Scoring Married - DS\20221124_164440\requests\main\72.har

2022-11-24 16:49:03 - [MESSAGE][PASSED] - Send request successfully

2022-11-24 16:49:03 - [TEST_STEP][PASSED] - slurper = new groovy.json.JsonSlurper(): null

2022-11-24 16:49:03 - [TEST_STEP][PASSED] - result = slurper.parseText(req_data.getResponseBodyContent()): null

2022-11-24 16:49:03 - [TEST_STEP][PASSED] - reqid_kons = requestid1: null

2022-11-24 16:49:03 - [TEST_STEP][PASSED] - reqid_spouse = requestid2: null

2022-11-24 16:49:03 - [TEST_STEP][PASSED] - println("requestid kons : " + reqid_kons): null

2022-11-24 16:49:03 - [TEST_STEP][PASSED] - response_searchME_kons = reqid_kons: null

2022-11-24 16:49:03 - [TEST_STEP][PASSED] - response_searchME_spouse = reqid_spouse: null

2022-11-24 16:49:03 - [TEST_STEP][PASSED] - println("kons req id is :" + response_searchME_kons): null

2022-11-24 16:49:03 - [TEST_STEP][PASSED] - println("spouse req id is : " + response_searchME_spouse): null

2022-11-24 16:49:03 - [TEST_STEP][PASSED] - verifyResponseStatusCode(req_data, 200): Verify response status code successfully

2022-11-24 16:49:03 - [MESSAGE][PASSED] - Verify response status code successfully

2022-11-24 16:49:03 - [TEST_STEP][PASSED] - response = req_data.getResponseText(): null

2022-11-24 16:49:03 - [TEST_STEP][PASSED] - logInfo($response): {"status":"Done","data":{"requestid1":"253930","requestid2":"253931"}}

2022-11-24 16:49:03 - [MESSAGE][INFO] - {"status":"Done","data":{"requestid1":"253930","requestid2":"253931"}}

2022-11-24 16:49:03 - [TEST_STEP][PASSED] - delay(5): Delayed 5 second(s)

2022-11-24 16:49:08 - [MESSAGE][PASSED] - Delayed 5 second(s)

2022-11-24 16:49:08 - [TEST_STEP][PASSED] - scoring = sendRequest(findTestObject("EngineScore", ["response_searchME_kons":response_searchME_kons, "response_searchME_spouse":response_searchME_spouse])): Send request successfully

2022-11-24 16:49:08 - [MESSAGE][INFO] - HAR: D:\DMS\Engine Scoring\Reports\20221124_164440\Exclude KKB - DS - Married\Scoring Married - DS\20221124_164440\requests\main\73.har

2022-11-24 16:49:08 - [MESSAGE][PASSED] - Send request successfully

2022-11-24 16:49:08 - [TEST_STEP][PASSED] - verifyResponseStatusCode(scoring, 200): Verify response status code successfully

2022-11-24 16:49:08 - [MESSAGE][PASSED] - Verify response status code successfully

2022-11-24 16:49:08 - [TEST_STEP][PASSED] - response2 = scoring.getResponseText(): null

2022-11-24 16:49:08 - [TEST_STEP][PASSED] - markPassed("result service data ke : " + no): result service data ke : 37

2022-11-24 16:49:08 - [MESSAGE][PASSED] - result service data ke : 37

2022-11-24 16:49:08 - [TEST_STEP][PASSED] - logInfo($response2): {"result_konsumen":"Reject","result_pasangan":"Approve","Final_result":"Reject","errorMessage":"","status":"Done"}

2022-11-24 16:49:08 - [MESSAGE][INFO] - {"result_konsumen":"Reject","result_pasangan":"Approve","Final_result":"Reject","errorMessage":"","status":"Done"}

2022-11-24 16:49:08 - [TEST_STEP][PASSED] - verifyElementPropertyValue(scoring, "Final_result", final_result): Verify element property value successfully

2022-11-24 16:49:08 - [MESSAGE][PASSED] - Verify element property value successfully]]></system-out>
         <system-err><![CDATA[]]></system-err>
      </testcase>
      <testcase name="Test Cases/Engine_Scoring/Engine Scoring" time="6.611" classname="Test Cases/Engine_Scoring/Engine Scoring" status="PASSED">
         <system-out><![CDATA[2022-11-24 16:49:08 - [TEST_CASE][PASSED] - Test Cases/Engine_Scoring/Engine Scoring: Test Cases/Engine_Scoring/Engine Scoring

2022-11-24 16:49:09 - [TEST_STEP][PASSED] - markPassed("Variasi data ke : " + no): Variasi data ke : 38

2022-11-24 16:49:09 - [MESSAGE][PASSED] - Variasi data ke : 38

2022-11-24 16:49:09 - [TEST_STEP][PASSED] - req_data = sendRequest(findTestObject("Search_ME", ["MID":MID, "source":source, "ip":ip, "userid":userid, "branch":branch, "tipekons":tipekons, "marital":marital, "penjamin":penjamin, ... ])): Send request successfully

2022-11-24 16:49:10 - [MESSAGE][INFO] - HAR: D:\DMS\Engine Scoring\Reports\20221124_164440\Exclude KKB - DS - Married\Scoring Married - DS\20221124_164440\requests\main\74.har

2022-11-24 16:49:10 - [MESSAGE][PASSED] - Send request successfully

2022-11-24 16:49:10 - [TEST_STEP][PASSED] - slurper = new groovy.json.JsonSlurper(): null

2022-11-24 16:49:10 - [TEST_STEP][PASSED] - result = slurper.parseText(req_data.getResponseBodyContent()): null

2022-11-24 16:49:10 - [TEST_STEP][PASSED] - reqid_kons = requestid1: null

2022-11-24 16:49:10 - [TEST_STEP][PASSED] - reqid_spouse = requestid2: null

2022-11-24 16:49:10 - [TEST_STEP][PASSED] - println("requestid kons : " + reqid_kons): null

2022-11-24 16:49:10 - [TEST_STEP][PASSED] - response_searchME_kons = reqid_kons: null

2022-11-24 16:49:10 - [TEST_STEP][PASSED] - response_searchME_spouse = reqid_spouse: null

2022-11-24 16:49:10 - [TEST_STEP][PASSED] - println("kons req id is :" + response_searchME_kons): null

2022-11-24 16:49:10 - [TEST_STEP][PASSED] - println("spouse req id is : " + response_searchME_spouse): null

2022-11-24 16:49:10 - [TEST_STEP][PASSED] - verifyResponseStatusCode(req_data, 200): Verify response status code successfully

2022-11-24 16:49:10 - [MESSAGE][PASSED] - Verify response status code successfully

2022-11-24 16:49:10 - [TEST_STEP][PASSED] - response = req_data.getResponseText(): null

2022-11-24 16:49:10 - [TEST_STEP][PASSED] - logInfo($response): {"status":"Done","data":{"requestid1":"253932","requestid2":"253933"}}

2022-11-24 16:49:10 - [MESSAGE][INFO] - {"status":"Done","data":{"requestid1":"253932","requestid2":"253933"}}

2022-11-24 16:49:10 - [TEST_STEP][PASSED] - delay(5): Delayed 5 second(s)

2022-11-24 16:49:15 - [MESSAGE][PASSED] - Delayed 5 second(s)

2022-11-24 16:49:15 - [TEST_STEP][PASSED] - scoring = sendRequest(findTestObject("EngineScore", ["response_searchME_kons":response_searchME_kons, "response_searchME_spouse":response_searchME_spouse])): Send request successfully

2022-11-24 16:49:15 - [MESSAGE][INFO] - HAR: D:\DMS\Engine Scoring\Reports\20221124_164440\Exclude KKB - DS - Married\Scoring Married - DS\20221124_164440\requests\main\75.har

2022-11-24 16:49:15 - [MESSAGE][PASSED] - Send request successfully

2022-11-24 16:49:15 - [TEST_STEP][PASSED] - verifyResponseStatusCode(scoring, 200): Verify response status code successfully

2022-11-24 16:49:15 - [MESSAGE][PASSED] - Verify response status code successfully

2022-11-24 16:49:15 - [TEST_STEP][PASSED] - response2 = scoring.getResponseText(): null

2022-11-24 16:49:15 - [TEST_STEP][PASSED] - markPassed("result service data ke : " + no): result service data ke : 38

2022-11-24 16:49:15 - [MESSAGE][PASSED] - result service data ke : 38

2022-11-24 16:49:15 - [TEST_STEP][PASSED] - logInfo($response2): {"result_konsumen":"Reject","result_pasangan":"Approve","Final_result":"Reject","errorMessage":"","status":"Done"}

2022-11-24 16:49:15 - [MESSAGE][INFO] - {"result_konsumen":"Reject","result_pasangan":"Approve","Final_result":"Reject","errorMessage":"","status":"Done"}

2022-11-24 16:49:15 - [TEST_STEP][PASSED] - verifyElementPropertyValue(scoring, "Final_result", final_result): Verify element property value successfully

2022-11-24 16:49:15 - [MESSAGE][PASSED] - Verify element property value successfully]]></system-out>
         <system-err><![CDATA[]]></system-err>
      </testcase>
      <testcase name="Test Cases/Engine_Scoring/Engine Scoring" time="6.599" classname="Test Cases/Engine_Scoring/Engine Scoring" status="PASSED">
         <system-out><![CDATA[2022-11-24 16:49:15 - [TEST_CASE][PASSED] - Test Cases/Engine_Scoring/Engine Scoring: Test Cases/Engine_Scoring/Engine Scoring

2022-11-24 16:49:15 - [TEST_STEP][PASSED] - markPassed("Variasi data ke : " + no): Variasi data ke : 39

2022-11-24 16:49:15 - [MESSAGE][PASSED] - Variasi data ke : 39

2022-11-24 16:49:15 - [TEST_STEP][PASSED] - req_data = sendRequest(findTestObject("Search_ME", ["MID":MID, "source":source, "ip":ip, "userid":userid, "branch":branch, "tipekons":tipekons, "marital":marital, "penjamin":penjamin, ... ])): Send request successfully

2022-11-24 16:49:16 - [MESSAGE][INFO] - HAR: D:\DMS\Engine Scoring\Reports\20221124_164440\Exclude KKB - DS - Married\Scoring Married - DS\20221124_164440\requests\main\76.har

2022-11-24 16:49:16 - [MESSAGE][PASSED] - Send request successfully

2022-11-24 16:49:16 - [TEST_STEP][PASSED] - slurper = new groovy.json.JsonSlurper(): null

2022-11-24 16:49:16 - [TEST_STEP][PASSED] - result = slurper.parseText(req_data.getResponseBodyContent()): null

2022-11-24 16:49:16 - [TEST_STEP][PASSED] - reqid_kons = requestid1: null

2022-11-24 16:49:16 - [TEST_STEP][PASSED] - reqid_spouse = requestid2: null

2022-11-24 16:49:16 - [TEST_STEP][PASSED] - println("requestid kons : " + reqid_kons): null

2022-11-24 16:49:16 - [TEST_STEP][PASSED] - response_searchME_kons = reqid_kons: null

2022-11-24 16:49:16 - [TEST_STEP][PASSED] - response_searchME_spouse = reqid_spouse: null

2022-11-24 16:49:16 - [TEST_STEP][PASSED] - println("kons req id is :" + response_searchME_kons): null

2022-11-24 16:49:16 - [TEST_STEP][PASSED] - println("spouse req id is : " + response_searchME_spouse): null

2022-11-24 16:49:16 - [TEST_STEP][PASSED] - verifyResponseStatusCode(req_data, 200): Verify response status code successfully

2022-11-24 16:49:16 - [MESSAGE][PASSED] - Verify response status code successfully

2022-11-24 16:49:16 - [TEST_STEP][PASSED] - response = req_data.getResponseText(): null

2022-11-24 16:49:16 - [TEST_STEP][PASSED] - logInfo($response): {"status":"Done","data":{"requestid1":"253934","requestid2":"253935"}}

2022-11-24 16:49:16 - [MESSAGE][INFO] - {"status":"Done","data":{"requestid1":"253934","requestid2":"253935"}}

2022-11-24 16:49:16 - [TEST_STEP][PASSED] - delay(5): Delayed 5 second(s)

2022-11-24 16:49:21 - [MESSAGE][PASSED] - Delayed 5 second(s)

2022-11-24 16:49:21 - [TEST_STEP][PASSED] - scoring = sendRequest(findTestObject("EngineScore", ["response_searchME_kons":response_searchME_kons, "response_searchME_spouse":response_searchME_spouse])): Send request successfully

2022-11-24 16:49:21 - [MESSAGE][INFO] - HAR: D:\DMS\Engine Scoring\Reports\20221124_164440\Exclude KKB - DS - Married\Scoring Married - DS\20221124_164440\requests\main\77.har

2022-11-24 16:49:21 - [MESSAGE][PASSED] - Send request successfully

2022-11-24 16:49:21 - [TEST_STEP][PASSED] - verifyResponseStatusCode(scoring, 200): Verify response status code successfully

2022-11-24 16:49:21 - [MESSAGE][PASSED] - Verify response status code successfully

2022-11-24 16:49:21 - [TEST_STEP][PASSED] - response2 = scoring.getResponseText(): null

2022-11-24 16:49:21 - [TEST_STEP][PASSED] - markPassed("result service data ke : " + no): result service data ke : 39

2022-11-24 16:49:21 - [MESSAGE][PASSED] - result service data ke : 39

2022-11-24 16:49:21 - [TEST_STEP][PASSED] - logInfo($response2): {"result_konsumen":"Reject","result_pasangan":"Approve","Final_result":"Reject","errorMessage":"","status":"Done"}

2022-11-24 16:49:21 - [MESSAGE][INFO] - {"result_konsumen":"Reject","result_pasangan":"Approve","Final_result":"Reject","errorMessage":"","status":"Done"}

2022-11-24 16:49:21 - [TEST_STEP][PASSED] - verifyElementPropertyValue(scoring, "Final_result", final_result): Verify element property value successfully

2022-11-24 16:49:21 - [MESSAGE][PASSED] - Verify element property value successfully]]></system-out>
         <system-err><![CDATA[]]></system-err>
      </testcase>
      <testcase name="Test Cases/Engine_Scoring/Engine Scoring" time="6.706" classname="Test Cases/Engine_Scoring/Engine Scoring" status="PASSED">
         <system-out><![CDATA[2022-11-24 16:49:21 - [TEST_CASE][PASSED] - Test Cases/Engine_Scoring/Engine Scoring: Test Cases/Engine_Scoring/Engine Scoring

2022-11-24 16:49:22 - [TEST_STEP][PASSED] - markPassed("Variasi data ke : " + no): Variasi data ke : 40

2022-11-24 16:49:22 - [MESSAGE][PASSED] - Variasi data ke : 40

2022-11-24 16:49:22 - [TEST_STEP][PASSED] - req_data = sendRequest(findTestObject("Search_ME", ["MID":MID, "source":source, "ip":ip, "userid":userid, "branch":branch, "tipekons":tipekons, "marital":marital, "penjamin":penjamin, ... ])): Send request successfully

2022-11-24 16:49:23 - [MESSAGE][INFO] - HAR: D:\DMS\Engine Scoring\Reports\20221124_164440\Exclude KKB - DS - Married\Scoring Married - DS\20221124_164440\requests\main\78.har

2022-11-24 16:49:23 - [MESSAGE][PASSED] - Send request successfully

2022-11-24 16:49:23 - [TEST_STEP][PASSED] - slurper = new groovy.json.JsonSlurper(): null

2022-11-24 16:49:23 - [TEST_STEP][PASSED] - result = slurper.parseText(req_data.getResponseBodyContent()): null

2022-11-24 16:49:23 - [TEST_STEP][PASSED] - reqid_kons = requestid1: null

2022-11-24 16:49:23 - [TEST_STEP][PASSED] - reqid_spouse = requestid2: null

2022-11-24 16:49:23 - [TEST_STEP][PASSED] - println("requestid kons : " + reqid_kons): null

2022-11-24 16:49:23 - [TEST_STEP][PASSED] - response_searchME_kons = reqid_kons: null

2022-11-24 16:49:23 - [TEST_STEP][PASSED] - response_searchME_spouse = reqid_spouse: null

2022-11-24 16:49:23 - [TEST_STEP][PASSED] - println("kons req id is :" + response_searchME_kons): null

2022-11-24 16:49:23 - [TEST_STEP][PASSED] - println("spouse req id is : " + response_searchME_spouse): null

2022-11-24 16:49:23 - [TEST_STEP][PASSED] - verifyResponseStatusCode(req_data, 200): Verify response status code successfully

2022-11-24 16:49:23 - [MESSAGE][PASSED] - Verify response status code successfully

2022-11-24 16:49:23 - [TEST_STEP][PASSED] - response = req_data.getResponseText(): null

2022-11-24 16:49:23 - [TEST_STEP][PASSED] - logInfo($response): {"status":"Done","data":{"requestid1":"253936","requestid2":"253937"}}

2022-11-24 16:49:23 - [MESSAGE][INFO] - {"status":"Done","data":{"requestid1":"253936","requestid2":"253937"}}

2022-11-24 16:49:23 - [TEST_STEP][PASSED] - delay(5): Delayed 5 second(s)

2022-11-24 16:49:28 - [MESSAGE][PASSED] - Delayed 5 second(s)

2022-11-24 16:49:28 - [TEST_STEP][PASSED] - scoring = sendRequest(findTestObject("EngineScore", ["response_searchME_kons":response_searchME_kons, "response_searchME_spouse":response_searchME_spouse])): Send request successfully

2022-11-24 16:49:28 - [MESSAGE][INFO] - HAR: D:\DMS\Engine Scoring\Reports\20221124_164440\Exclude KKB - DS - Married\Scoring Married - DS\20221124_164440\requests\main\79.har

2022-11-24 16:49:28 - [MESSAGE][PASSED] - Send request successfully

2022-11-24 16:49:28 - [TEST_STEP][PASSED] - verifyResponseStatusCode(scoring, 200): Verify response status code successfully

2022-11-24 16:49:28 - [MESSAGE][PASSED] - Verify response status code successfully

2022-11-24 16:49:28 - [TEST_STEP][PASSED] - response2 = scoring.getResponseText(): null

2022-11-24 16:49:28 - [TEST_STEP][PASSED] - markPassed("result service data ke : " + no): result service data ke : 40

2022-11-24 16:49:28 - [MESSAGE][PASSED] - result service data ke : 40

2022-11-24 16:49:28 - [TEST_STEP][PASSED] - logInfo($response2): {"result_konsumen":"Reject","result_pasangan":"Approve","Final_result":"Reject","errorMessage":"","status":"Done"}

2022-11-24 16:49:28 - [MESSAGE][INFO] - {"result_konsumen":"Reject","result_pasangan":"Approve","Final_result":"Reject","errorMessage":"","status":"Done"}

2022-11-24 16:49:28 - [TEST_STEP][PASSED] - verifyElementPropertyValue(scoring, "Final_result", final_result): Verify element property value successfully

2022-11-24 16:49:28 - [MESSAGE][PASSED] - Verify element property value successfully]]></system-out>
         <system-err><![CDATA[]]></system-err>
      </testcase>
      <testcase name="Test Cases/Engine_Scoring/Engine Scoring" time="6.745" classname="Test Cases/Engine_Scoring/Engine Scoring" status="PASSED">
         <system-out><![CDATA[2022-11-24 16:49:28 - [TEST_CASE][PASSED] - Test Cases/Engine_Scoring/Engine Scoring: Test Cases/Engine_Scoring/Engine Scoring

2022-11-24 16:49:29 - [TEST_STEP][PASSED] - markPassed("Variasi data ke : " + no): Variasi data ke : 41

2022-11-24 16:49:29 - [MESSAGE][PASSED] - Variasi data ke : 41

2022-11-24 16:49:29 - [TEST_STEP][PASSED] - req_data = sendRequest(findTestObject("Search_ME", ["MID":MID, "source":source, "ip":ip, "userid":userid, "branch":branch, "tipekons":tipekons, "marital":marital, "penjamin":penjamin, ... ])): Send request successfully

2022-11-24 16:49:30 - [MESSAGE][INFO] - HAR: D:\DMS\Engine Scoring\Reports\20221124_164440\Exclude KKB - DS - Married\Scoring Married - DS\20221124_164440\requests\main\80.har

2022-11-24 16:49:30 - [MESSAGE][PASSED] - Send request successfully

2022-11-24 16:49:30 - [TEST_STEP][PASSED] - slurper = new groovy.json.JsonSlurper(): null

2022-11-24 16:49:30 - [TEST_STEP][PASSED] - result = slurper.parseText(req_data.getResponseBodyContent()): null

2022-11-24 16:49:30 - [TEST_STEP][PASSED] - reqid_kons = requestid1: null

2022-11-24 16:49:30 - [TEST_STEP][PASSED] - reqid_spouse = requestid2: null

2022-11-24 16:49:30 - [TEST_STEP][PASSED] - println("requestid kons : " + reqid_kons): null

2022-11-24 16:49:30 - [TEST_STEP][PASSED] - response_searchME_kons = reqid_kons: null

2022-11-24 16:49:30 - [TEST_STEP][PASSED] - response_searchME_spouse = reqid_spouse: null

2022-11-24 16:49:30 - [TEST_STEP][PASSED] - println("kons req id is :" + response_searchME_kons): null

2022-11-24 16:49:30 - [TEST_STEP][PASSED] - println("spouse req id is : " + response_searchME_spouse): null

2022-11-24 16:49:30 - [TEST_STEP][PASSED] - verifyResponseStatusCode(req_data, 200): Verify response status code successfully

2022-11-24 16:49:30 - [MESSAGE][PASSED] - Verify response status code successfully

2022-11-24 16:49:30 - [TEST_STEP][PASSED] - response = req_data.getResponseText(): null

2022-11-24 16:49:30 - [TEST_STEP][PASSED] - logInfo($response): {"status":"Done","data":{"requestid1":"253938","requestid2":"253939"}}

2022-11-24 16:49:30 - [MESSAGE][INFO] - {"status":"Done","data":{"requestid1":"253938","requestid2":"253939"}}

2022-11-24 16:49:30 - [TEST_STEP][PASSED] - delay(5): Delayed 5 second(s)

2022-11-24 16:49:35 - [MESSAGE][PASSED] - Delayed 5 second(s)

2022-11-24 16:49:35 - [TEST_STEP][PASSED] - scoring = sendRequest(findTestObject("EngineScore", ["response_searchME_kons":response_searchME_kons, "response_searchME_spouse":response_searchME_spouse])): Send request successfully

2022-11-24 16:49:35 - [MESSAGE][INFO] - HAR: D:\DMS\Engine Scoring\Reports\20221124_164440\Exclude KKB - DS - Married\Scoring Married - DS\20221124_164440\requests\main\81.har

2022-11-24 16:49:35 - [MESSAGE][PASSED] - Send request successfully

2022-11-24 16:49:35 - [TEST_STEP][PASSED] - verifyResponseStatusCode(scoring, 200): Verify response status code successfully

2022-11-24 16:49:35 - [MESSAGE][PASSED] - Verify response status code successfully

2022-11-24 16:49:35 - [TEST_STEP][PASSED] - response2 = scoring.getResponseText(): null

2022-11-24 16:49:35 - [TEST_STEP][PASSED] - markPassed("result service data ke : " + no): result service data ke : 41

2022-11-24 16:49:35 - [MESSAGE][PASSED] - result service data ke : 41

2022-11-24 16:49:35 - [TEST_STEP][PASSED] - logInfo($response2): {"result_konsumen":"Reject","result_pasangan":"Reject","Final_result":"Reject","errorMessage":"","status":"Done"}

2022-11-24 16:49:35 - [MESSAGE][INFO] - {"result_konsumen":"Reject","result_pasangan":"Reject","Final_result":"Reject","errorMessage":"","status":"Done"}

2022-11-24 16:49:35 - [TEST_STEP][PASSED] - verifyElementPropertyValue(scoring, "Final_result", final_result): Verify element property value successfully

2022-11-24 16:49:35 - [MESSAGE][PASSED] - Verify element property value successfully]]></system-out>
         <system-err><![CDATA[]]></system-err>
      </testcase>
      <testcase name="Test Cases/Engine_Scoring/Engine Scoring" time="7.666" classname="Test Cases/Engine_Scoring/Engine Scoring" status="PASSED">
         <system-out><![CDATA[2022-11-24 16:49:35 - [TEST_CASE][PASSED] - Test Cases/Engine_Scoring/Engine Scoring: Test Cases/Engine_Scoring/Engine Scoring

2022-11-24 16:49:36 - [TEST_STEP][PASSED] - markPassed("Variasi data ke : " + no): Variasi data ke : 42

2022-11-24 16:49:36 - [MESSAGE][PASSED] - Variasi data ke : 42

2022-11-24 16:49:36 - [TEST_STEP][PASSED] - req_data = sendRequest(findTestObject("Search_ME", ["MID":MID, "source":source, "ip":ip, "userid":userid, "branch":branch, "tipekons":tipekons, "marital":marital, "penjamin":penjamin, ... ])): Send request successfully

2022-11-24 16:49:37 - [MESSAGE][INFO] - HAR: D:\DMS\Engine Scoring\Reports\20221124_164440\Exclude KKB - DS - Married\Scoring Married - DS\20221124_164440\requests\main\82.har

2022-11-24 16:49:37 - [MESSAGE][PASSED] - Send request successfully

2022-11-24 16:49:37 - [TEST_STEP][PASSED] - slurper = new groovy.json.JsonSlurper(): null

2022-11-24 16:49:37 - [TEST_STEP][PASSED] - result = slurper.parseText(req_data.getResponseBodyContent()): null

2022-11-24 16:49:37 - [TEST_STEP][PASSED] - reqid_kons = requestid1: null

2022-11-24 16:49:37 - [TEST_STEP][PASSED] - reqid_spouse = requestid2: null

2022-11-24 16:49:37 - [TEST_STEP][PASSED] - println("requestid kons : " + reqid_kons): null

2022-11-24 16:49:37 - [TEST_STEP][PASSED] - response_searchME_kons = reqid_kons: null

2022-11-24 16:49:37 - [TEST_STEP][PASSED] - response_searchME_spouse = reqid_spouse: null

2022-11-24 16:49:37 - [TEST_STEP][PASSED] - println("kons req id is :" + response_searchME_kons): null

2022-11-24 16:49:37 - [TEST_STEP][PASSED] - println("spouse req id is : " + response_searchME_spouse): null

2022-11-24 16:49:37 - [TEST_STEP][PASSED] - verifyResponseStatusCode(req_data, 200): Verify response status code successfully

2022-11-24 16:49:37 - [MESSAGE][PASSED] - Verify response status code successfully

2022-11-24 16:49:37 - [TEST_STEP][PASSED] - response = req_data.getResponseText(): null

2022-11-24 16:49:37 - [TEST_STEP][PASSED] - logInfo($response): {"status":"Done","data":{"requestid1":"253940","requestid2":"253941"}}

2022-11-24 16:49:37 - [MESSAGE][INFO] - {"status":"Done","data":{"requestid1":"253940","requestid2":"253941"}}

2022-11-24 16:49:37 - [TEST_STEP][PASSED] - delay(5): Delayed 5 second(s)

2022-11-24 16:49:42 - [MESSAGE][PASSED] - Delayed 5 second(s)

2022-11-24 16:49:42 - [TEST_STEP][PASSED] - scoring = sendRequest(findTestObject("EngineScore", ["response_searchME_kons":response_searchME_kons, "response_searchME_spouse":response_searchME_spouse])): Send request successfully

2022-11-24 16:49:43 - [MESSAGE][INFO] - HAR: D:\DMS\Engine Scoring\Reports\20221124_164440\Exclude KKB - DS - Married\Scoring Married - DS\20221124_164440\requests\main\83.har

2022-11-24 16:49:43 - [MESSAGE][PASSED] - Send request successfully

2022-11-24 16:49:43 - [TEST_STEP][PASSED] - verifyResponseStatusCode(scoring, 200): Verify response status code successfully

2022-11-24 16:49:43 - [MESSAGE][PASSED] - Verify response status code successfully

2022-11-24 16:49:43 - [TEST_STEP][PASSED] - response2 = scoring.getResponseText(): null

2022-11-24 16:49:43 - [TEST_STEP][PASSED] - markPassed("result service data ke : " + no): result service data ke : 42

2022-11-24 16:49:43 - [MESSAGE][PASSED] - result service data ke : 42

2022-11-24 16:49:43 - [TEST_STEP][PASSED] - logInfo($response2): {"result_konsumen":"Reject","result_pasangan":"Reject","Final_result":"Reject","errorMessage":"","status":"Done"}

2022-11-24 16:49:43 - [MESSAGE][INFO] - {"result_konsumen":"Reject","result_pasangan":"Reject","Final_result":"Reject","errorMessage":"","status":"Done"}

2022-11-24 16:49:43 - [TEST_STEP][PASSED] - verifyElementPropertyValue(scoring, "Final_result", final_result): Verify element property value successfully

2022-11-24 16:49:43 - [MESSAGE][PASSED] - Verify element property value successfully]]></system-out>
         <system-err><![CDATA[]]></system-err>
      </testcase>
      <testcase name="Test Cases/Engine_Scoring/Engine Scoring" time="6.749" classname="Test Cases/Engine_Scoring/Engine Scoring" status="PASSED">
         <system-out><![CDATA[2022-11-24 16:49:43 - [TEST_CASE][PASSED] - Test Cases/Engine_Scoring/Engine Scoring: Test Cases/Engine_Scoring/Engine Scoring

2022-11-24 16:49:44 - [TEST_STEP][PASSED] - markPassed("Variasi data ke : " + no): Variasi data ke : 43

2022-11-24 16:49:44 - [MESSAGE][PASSED] - Variasi data ke : 43

2022-11-24 16:49:44 - [TEST_STEP][PASSED] - req_data = sendRequest(findTestObject("Search_ME", ["MID":MID, "source":source, "ip":ip, "userid":userid, "branch":branch, "tipekons":tipekons, "marital":marital, "penjamin":penjamin, ... ])): Send request successfully

2022-11-24 16:49:44 - [MESSAGE][INFO] - HAR: D:\DMS\Engine Scoring\Reports\20221124_164440\Exclude KKB - DS - Married\Scoring Married - DS\20221124_164440\requests\main\84.har

2022-11-24 16:49:44 - [MESSAGE][PASSED] - Send request successfully

2022-11-24 16:49:44 - [TEST_STEP][PASSED] - slurper = new groovy.json.JsonSlurper(): null

2022-11-24 16:49:44 - [TEST_STEP][PASSED] - result = slurper.parseText(req_data.getResponseBodyContent()): null

2022-11-24 16:49:44 - [TEST_STEP][PASSED] - reqid_kons = requestid1: null

2022-11-24 16:49:44 - [TEST_STEP][PASSED] - reqid_spouse = requestid2: null

2022-11-24 16:49:44 - [TEST_STEP][PASSED] - println("requestid kons : " + reqid_kons): null

2022-11-24 16:49:44 - [TEST_STEP][PASSED] - response_searchME_kons = reqid_kons: null

2022-11-24 16:49:44 - [TEST_STEP][PASSED] - response_searchME_spouse = reqid_spouse: null

2022-11-24 16:49:44 - [TEST_STEP][PASSED] - println("kons req id is :" + response_searchME_kons): null

2022-11-24 16:49:44 - [TEST_STEP][PASSED] - println("spouse req id is : " + response_searchME_spouse): null

2022-11-24 16:49:44 - [TEST_STEP][PASSED] - verifyResponseStatusCode(req_data, 200): Verify response status code successfully

2022-11-24 16:49:44 - [MESSAGE][PASSED] - Verify response status code successfully

2022-11-24 16:49:44 - [TEST_STEP][PASSED] - response = req_data.getResponseText(): null

2022-11-24 16:49:44 - [TEST_STEP][PASSED] - logInfo($response): {"status":"Done","data":{"requestid1":"253942","requestid2":"253943"}}

2022-11-24 16:49:44 - [MESSAGE][INFO] - {"status":"Done","data":{"requestid1":"253942","requestid2":"253943"}}

2022-11-24 16:49:44 - [TEST_STEP][PASSED] - delay(5): Delayed 5 second(s)

2022-11-24 16:49:49 - [MESSAGE][PASSED] - Delayed 5 second(s)

2022-11-24 16:49:49 - [TEST_STEP][PASSED] - scoring = sendRequest(findTestObject("EngineScore", ["response_searchME_kons":response_searchME_kons, "response_searchME_spouse":response_searchME_spouse])): Send request successfully

2022-11-24 16:49:49 - [MESSAGE][INFO] - HAR: D:\DMS\Engine Scoring\Reports\20221124_164440\Exclude KKB - DS - Married\Scoring Married - DS\20221124_164440\requests\main\85.har

2022-11-24 16:49:49 - [MESSAGE][PASSED] - Send request successfully

2022-11-24 16:49:49 - [TEST_STEP][PASSED] - verifyResponseStatusCode(scoring, 200): Verify response status code successfully

2022-11-24 16:49:49 - [MESSAGE][PASSED] - Verify response status code successfully

2022-11-24 16:49:49 - [TEST_STEP][PASSED] - response2 = scoring.getResponseText(): null

2022-11-24 16:49:49 - [TEST_STEP][PASSED] - markPassed("result service data ke : " + no): result service data ke : 43

2022-11-24 16:49:49 - [MESSAGE][PASSED] - result service data ke : 43

2022-11-24 16:49:50 - [TEST_STEP][PASSED] - logInfo($response2): {"result_konsumen":"Reject","result_pasangan":"Reguler","Final_result":"Reject","errorMessage":"","status":"Done"}

2022-11-24 16:49:50 - [MESSAGE][INFO] - {"result_konsumen":"Reject","result_pasangan":"Reguler","Final_result":"Reject","errorMessage":"","status":"Done"}

2022-11-24 16:49:50 - [TEST_STEP][PASSED] - verifyElementPropertyValue(scoring, "Final_result", final_result): Verify element property value successfully

2022-11-24 16:49:50 - [MESSAGE][PASSED] - Verify element property value successfully]]></system-out>
         <system-err><![CDATA[]]></system-err>
      </testcase>
      <testcase name="Test Cases/Engine_Scoring/Engine Scoring" time="6.695" classname="Test Cases/Engine_Scoring/Engine Scoring" status="PASSED">
         <system-out><![CDATA[2022-11-24 16:49:50 - [TEST_CASE][PASSED] - Test Cases/Engine_Scoring/Engine Scoring: Test Cases/Engine_Scoring/Engine Scoring

2022-11-24 16:49:50 - [TEST_STEP][PASSED] - markPassed("Variasi data ke : " + no): Variasi data ke : 44

2022-11-24 16:49:50 - [MESSAGE][PASSED] - Variasi data ke : 44

2022-11-24 16:49:50 - [TEST_STEP][PASSED] - req_data = sendRequest(findTestObject("Search_ME", ["MID":MID, "source":source, "ip":ip, "userid":userid, "branch":branch, "tipekons":tipekons, "marital":marital, "penjamin":penjamin, ... ])): Send request successfully

2022-11-24 16:49:51 - [MESSAGE][INFO] - HAR: D:\DMS\Engine Scoring\Reports\20221124_164440\Exclude KKB - DS - Married\Scoring Married - DS\20221124_164440\requests\main\86.har

2022-11-24 16:49:51 - [MESSAGE][PASSED] - Send request successfully

2022-11-24 16:49:51 - [TEST_STEP][PASSED] - slurper = new groovy.json.JsonSlurper(): null

2022-11-24 16:49:51 - [TEST_STEP][PASSED] - result = slurper.parseText(req_data.getResponseBodyContent()): null

2022-11-24 16:49:51 - [TEST_STEP][PASSED] - reqid_kons = requestid1: null

2022-11-24 16:49:51 - [TEST_STEP][PASSED] - reqid_spouse = requestid2: null

2022-11-24 16:49:51 - [TEST_STEP][PASSED] - println("requestid kons : " + reqid_kons): null

2022-11-24 16:49:51 - [TEST_STEP][PASSED] - response_searchME_kons = reqid_kons: null

2022-11-24 16:49:51 - [TEST_STEP][PASSED] - response_searchME_spouse = reqid_spouse: null

2022-11-24 16:49:51 - [TEST_STEP][PASSED] - println("kons req id is :" + response_searchME_kons): null

2022-11-24 16:49:51 - [TEST_STEP][PASSED] - println("spouse req id is : " + response_searchME_spouse): null

2022-11-24 16:49:51 - [TEST_STEP][PASSED] - verifyResponseStatusCode(req_data, 200): Verify response status code successfully

2022-11-24 16:49:51 - [MESSAGE][PASSED] - Verify response status code successfully

2022-11-24 16:49:51 - [TEST_STEP][PASSED] - response = req_data.getResponseText(): null

2022-11-24 16:49:51 - [TEST_STEP][PASSED] - logInfo($response): {"status":"Done","data":{"requestid1":"253944","requestid2":"253945"}}

2022-11-24 16:49:51 - [MESSAGE][INFO] - {"status":"Done","data":{"requestid1":"253944","requestid2":"253945"}}

2022-11-24 16:49:51 - [TEST_STEP][PASSED] - delay(5): Delayed 5 second(s)

2022-11-24 16:49:56 - [MESSAGE][PASSED] - Delayed 5 second(s)

2022-11-24 16:49:56 - [TEST_STEP][PASSED] - scoring = sendRequest(findTestObject("EngineScore", ["response_searchME_kons":response_searchME_kons, "response_searchME_spouse":response_searchME_spouse])): Send request successfully

2022-11-24 16:49:56 - [MESSAGE][INFO] - HAR: D:\DMS\Engine Scoring\Reports\20221124_164440\Exclude KKB - DS - Married\Scoring Married - DS\20221124_164440\requests\main\87.har

2022-11-24 16:49:56 - [MESSAGE][PASSED] - Send request successfully

2022-11-24 16:49:56 - [TEST_STEP][PASSED] - verifyResponseStatusCode(scoring, 200): Verify response status code successfully

2022-11-24 16:49:56 - [MESSAGE][PASSED] - Verify response status code successfully

2022-11-24 16:49:56 - [TEST_STEP][PASSED] - response2 = scoring.getResponseText(): null

2022-11-24 16:49:56 - [TEST_STEP][PASSED] - markPassed("result service data ke : " + no): result service data ke : 44

2022-11-24 16:49:56 - [MESSAGE][PASSED] - result service data ke : 44

2022-11-24 16:49:56 - [TEST_STEP][PASSED] - logInfo($response2): {"result_konsumen":"Reject","result_pasangan":"Reguler","Final_result":"Reject","errorMessage":"","status":"Done"}

2022-11-24 16:49:56 - [MESSAGE][INFO] - {"result_konsumen":"Reject","result_pasangan":"Reguler","Final_result":"Reject","errorMessage":"","status":"Done"}

2022-11-24 16:49:56 - [TEST_STEP][PASSED] - verifyElementPropertyValue(scoring, "Final_result", final_result): Verify element property value successfully

2022-11-24 16:49:56 - [MESSAGE][PASSED] - Verify element property value successfully]]></system-out>
         <system-err><![CDATA[]]></system-err>
      </testcase>
      <testcase name="Test Cases/Engine_Scoring/Engine Scoring" time="6.675" classname="Test Cases/Engine_Scoring/Engine Scoring" status="PASSED">
         <system-out><![CDATA[2022-11-24 16:49:56 - [TEST_CASE][PASSED] - Test Cases/Engine_Scoring/Engine Scoring: Test Cases/Engine_Scoring/Engine Scoring

2022-11-24 16:49:57 - [TEST_STEP][PASSED] - markPassed("Variasi data ke : " + no): Variasi data ke : 45

2022-11-24 16:49:57 - [MESSAGE][PASSED] - Variasi data ke : 45

2022-11-24 16:49:57 - [TEST_STEP][PASSED] - req_data = sendRequest(findTestObject("Search_ME", ["MID":MID, "source":source, "ip":ip, "userid":userid, "branch":branch, "tipekons":tipekons, "marital":marital, "penjamin":penjamin, ... ])): Send request successfully

2022-11-24 16:49:58 - [MESSAGE][INFO] - HAR: D:\DMS\Engine Scoring\Reports\20221124_164440\Exclude KKB - DS - Married\Scoring Married - DS\20221124_164440\requests\main\88.har

2022-11-24 16:49:58 - [MESSAGE][PASSED] - Send request successfully

2022-11-24 16:49:58 - [TEST_STEP][PASSED] - slurper = new groovy.json.JsonSlurper(): null

2022-11-24 16:49:58 - [TEST_STEP][PASSED] - result = slurper.parseText(req_data.getResponseBodyContent()): null

2022-11-24 16:49:58 - [TEST_STEP][PASSED] - reqid_kons = requestid1: null

2022-11-24 16:49:58 - [TEST_STEP][PASSED] - reqid_spouse = requestid2: null

2022-11-24 16:49:58 - [TEST_STEP][PASSED] - println("requestid kons : " + reqid_kons): null

2022-11-24 16:49:58 - [TEST_STEP][PASSED] - response_searchME_kons = reqid_kons: null

2022-11-24 16:49:58 - [TEST_STEP][PASSED] - response_searchME_spouse = reqid_spouse: null

2022-11-24 16:49:58 - [TEST_STEP][PASSED] - println("kons req id is :" + response_searchME_kons): null

2022-11-24 16:49:58 - [TEST_STEP][PASSED] - println("spouse req id is : " + response_searchME_spouse): null

2022-11-24 16:49:58 - [TEST_STEP][PASSED] - verifyResponseStatusCode(req_data, 200): Verify response status code successfully

2022-11-24 16:49:58 - [MESSAGE][PASSED] - Verify response status code successfully

2022-11-24 16:49:58 - [TEST_STEP][PASSED] - response = req_data.getResponseText(): null

2022-11-24 16:49:58 - [TEST_STEP][PASSED] - logInfo($response): {"status":"Done","data":{"requestid1":"253946","requestid2":"253947"}}

2022-11-24 16:49:58 - [MESSAGE][INFO] - {"status":"Done","data":{"requestid1":"253946","requestid2":"253947"}}

2022-11-24 16:49:58 - [TEST_STEP][PASSED] - delay(5): Delayed 5 second(s)

2022-11-24 16:50:03 - [MESSAGE][PASSED] - Delayed 5 second(s)

2022-11-24 16:50:03 - [TEST_STEP][PASSED] - scoring = sendRequest(findTestObject("EngineScore", ["response_searchME_kons":response_searchME_kons, "response_searchME_spouse":response_searchME_spouse])): Send request successfully

2022-11-24 16:50:03 - [MESSAGE][INFO] - HAR: D:\DMS\Engine Scoring\Reports\20221124_164440\Exclude KKB - DS - Married\Scoring Married - DS\20221124_164440\requests\main\89.har

2022-11-24 16:50:03 - [MESSAGE][PASSED] - Send request successfully

2022-11-24 16:50:03 - [TEST_STEP][PASSED] - verifyResponseStatusCode(scoring, 200): Verify response status code successfully

2022-11-24 16:50:03 - [MESSAGE][PASSED] - Verify response status code successfully

2022-11-24 16:50:03 - [TEST_STEP][PASSED] - response2 = scoring.getResponseText(): null

2022-11-24 16:50:03 - [TEST_STEP][PASSED] - markPassed("result service data ke : " + no): result service data ke : 45

2022-11-24 16:50:03 - [MESSAGE][PASSED] - result service data ke : 45

2022-11-24 16:50:03 - [TEST_STEP][PASSED] - logInfo($response2): {"result_konsumen":"Reject","result_pasangan":"Reguler","Final_result":"Reject","errorMessage":"","status":"Done"}

2022-11-24 16:50:03 - [MESSAGE][INFO] - {"result_konsumen":"Reject","result_pasangan":"Reguler","Final_result":"Reject","errorMessage":"","status":"Done"}

2022-11-24 16:50:03 - [TEST_STEP][PASSED] - verifyElementPropertyValue(scoring, "Final_result", final_result): Verify element property value successfully

2022-11-24 16:50:03 - [MESSAGE][PASSED] - Verify element property value successfully]]></system-out>
         <system-err><![CDATA[]]></system-err>
      </testcase>
      <testcase name="Test Cases/Engine_Scoring/Engine Scoring" time="6.783" classname="Test Cases/Engine_Scoring/Engine Scoring" status="PASSED">
         <system-out><![CDATA[2022-11-24 16:50:03 - [TEST_CASE][PASSED] - Test Cases/Engine_Scoring/Engine Scoring: Test Cases/Engine_Scoring/Engine Scoring

2022-11-24 16:50:04 - [TEST_STEP][PASSED] - markPassed("Variasi data ke : " + no): Variasi data ke : 46

2022-11-24 16:50:04 - [MESSAGE][PASSED] - Variasi data ke : 46

2022-11-24 16:50:04 - [TEST_STEP][PASSED] - req_data = sendRequest(findTestObject("Search_ME", ["MID":MID, "source":source, "ip":ip, "userid":userid, "branch":branch, "tipekons":tipekons, "marital":marital, "penjamin":penjamin, ... ])): Send request successfully

2022-11-24 16:50:05 - [MESSAGE][INFO] - HAR: D:\DMS\Engine Scoring\Reports\20221124_164440\Exclude KKB - DS - Married\Scoring Married - DS\20221124_164440\requests\main\90.har

2022-11-24 16:50:05 - [MESSAGE][PASSED] - Send request successfully

2022-11-24 16:50:05 - [TEST_STEP][PASSED] - slurper = new groovy.json.JsonSlurper(): null

2022-11-24 16:50:05 - [TEST_STEP][PASSED] - result = slurper.parseText(req_data.getResponseBodyContent()): null

2022-11-24 16:50:05 - [TEST_STEP][PASSED] - reqid_kons = requestid1: null

2022-11-24 16:50:05 - [TEST_STEP][PASSED] - reqid_spouse = requestid2: null

2022-11-24 16:50:05 - [TEST_STEP][PASSED] - println("requestid kons : " + reqid_kons): null

2022-11-24 16:50:05 - [TEST_STEP][PASSED] - response_searchME_kons = reqid_kons: null

2022-11-24 16:50:05 - [TEST_STEP][PASSED] - response_searchME_spouse = reqid_spouse: null

2022-11-24 16:50:05 - [TEST_STEP][PASSED] - println("kons req id is :" + response_searchME_kons): null

2022-11-24 16:50:05 - [TEST_STEP][PASSED] - println("spouse req id is : " + response_searchME_spouse): null

2022-11-24 16:50:05 - [TEST_STEP][PASSED] - verifyResponseStatusCode(req_data, 200): Verify response status code successfully

2022-11-24 16:50:05 - [MESSAGE][PASSED] - Verify response status code successfully

2022-11-24 16:50:05 - [TEST_STEP][PASSED] - response = req_data.getResponseText(): null

2022-11-24 16:50:05 - [TEST_STEP][PASSED] - logInfo($response): {"status":"Done","data":{"requestid1":"253948","requestid2":"253949"}}

2022-11-24 16:50:05 - [MESSAGE][INFO] - {"status":"Done","data":{"requestid1":"253948","requestid2":"253949"}}

2022-11-24 16:50:05 - [TEST_STEP][PASSED] - delay(5): Delayed 5 second(s)

2022-11-24 16:50:10 - [MESSAGE][PASSED] - Delayed 5 second(s)

2022-11-24 16:50:10 - [TEST_STEP][PASSED] - scoring = sendRequest(findTestObject("EngineScore", ["response_searchME_kons":response_searchME_kons, "response_searchME_spouse":response_searchME_spouse])): Send request successfully

2022-11-24 16:50:10 - [MESSAGE][INFO] - HAR: D:\DMS\Engine Scoring\Reports\20221124_164440\Exclude KKB - DS - Married\Scoring Married - DS\20221124_164440\requests\main\91.har

2022-11-24 16:50:10 - [MESSAGE][PASSED] - Send request successfully

2022-11-24 16:50:10 - [TEST_STEP][PASSED] - verifyResponseStatusCode(scoring, 200): Verify response status code successfully

2022-11-24 16:50:10 - [MESSAGE][PASSED] - Verify response status code successfully

2022-11-24 16:50:10 - [TEST_STEP][PASSED] - response2 = scoring.getResponseText(): null

2022-11-24 16:50:10 - [TEST_STEP][PASSED] - markPassed("result service data ke : " + no): result service data ke : 46

2022-11-24 16:50:10 - [MESSAGE][PASSED] - result service data ke : 46

2022-11-24 16:50:10 - [TEST_STEP][PASSED] - logInfo($response2): {"result_konsumen":"Reject","result_pasangan":"Reject","Final_result":"Reject","errorMessage":"","status":"Done"}

2022-11-24 16:50:10 - [MESSAGE][INFO] - {"result_konsumen":"Reject","result_pasangan":"Reject","Final_result":"Reject","errorMessage":"","status":"Done"}

2022-11-24 16:50:10 - [TEST_STEP][PASSED] - verifyElementPropertyValue(scoring, "Final_result", final_result): Verify element property value successfully

2022-11-24 16:50:10 - [MESSAGE][PASSED] - Verify element property value successfully]]></system-out>
         <system-err><![CDATA[]]></system-err>
      </testcase>
      <testcase name="Test Cases/Engine_Scoring/Engine Scoring" time="6.759" classname="Test Cases/Engine_Scoring/Engine Scoring" status="PASSED">
         <system-out><![CDATA[2022-11-24 16:50:10 - [TEST_CASE][PASSED] - Test Cases/Engine_Scoring/Engine Scoring: Test Cases/Engine_Scoring/Engine Scoring

2022-11-24 16:50:11 - [TEST_STEP][PASSED] - markPassed("Variasi data ke : " + no): Variasi data ke : 47

2022-11-24 16:50:11 - [MESSAGE][PASSED] - Variasi data ke : 47

2022-11-24 16:50:11 - [TEST_STEP][PASSED] - req_data = sendRequest(findTestObject("Search_ME", ["MID":MID, "source":source, "ip":ip, "userid":userid, "branch":branch, "tipekons":tipekons, "marital":marital, "penjamin":penjamin, ... ])): Send request successfully

2022-11-24 16:50:12 - [MESSAGE][INFO] - HAR: D:\DMS\Engine Scoring\Reports\20221124_164440\Exclude KKB - DS - Married\Scoring Married - DS\20221124_164440\requests\main\92.har

2022-11-24 16:50:12 - [MESSAGE][PASSED] - Send request successfully

2022-11-24 16:50:12 - [TEST_STEP][PASSED] - slurper = new groovy.json.JsonSlurper(): null

2022-11-24 16:50:12 - [TEST_STEP][PASSED] - result = slurper.parseText(req_data.getResponseBodyContent()): null

2022-11-24 16:50:12 - [TEST_STEP][PASSED] - reqid_kons = requestid1: null

2022-11-24 16:50:12 - [TEST_STEP][PASSED] - reqid_spouse = requestid2: null

2022-11-24 16:50:12 - [TEST_STEP][PASSED] - println("requestid kons : " + reqid_kons): null

2022-11-24 16:50:12 - [TEST_STEP][PASSED] - response_searchME_kons = reqid_kons: null

2022-11-24 16:50:12 - [TEST_STEP][PASSED] - response_searchME_spouse = reqid_spouse: null

2022-11-24 16:50:12 - [TEST_STEP][PASSED] - println("kons req id is :" + response_searchME_kons): null

2022-11-24 16:50:12 - [TEST_STEP][PASSED] - println("spouse req id is : " + response_searchME_spouse): null

2022-11-24 16:50:12 - [TEST_STEP][PASSED] - verifyResponseStatusCode(req_data, 200): Verify response status code successfully

2022-11-24 16:50:12 - [MESSAGE][PASSED] - Verify response status code successfully

2022-11-24 16:50:12 - [TEST_STEP][PASSED] - response = req_data.getResponseText(): null

2022-11-24 16:50:12 - [TEST_STEP][PASSED] - logInfo($response): {"status":"Done","data":{"requestid1":"253950","requestid2":"253951"}}

2022-11-24 16:50:12 - [MESSAGE][INFO] - {"status":"Done","data":{"requestid1":"253950","requestid2":"253951"}}

2022-11-24 16:50:12 - [TEST_STEP][PASSED] - delay(5): Delayed 5 second(s)

2022-11-24 16:50:17 - [MESSAGE][PASSED] - Delayed 5 second(s)

2022-11-24 16:50:17 - [TEST_STEP][PASSED] - scoring = sendRequest(findTestObject("EngineScore", ["response_searchME_kons":response_searchME_kons, "response_searchME_spouse":response_searchME_spouse])): Send request successfully

2022-11-24 16:50:17 - [MESSAGE][INFO] - HAR: D:\DMS\Engine Scoring\Reports\20221124_164440\Exclude KKB - DS - Married\Scoring Married - DS\20221124_164440\requests\main\93.har

2022-11-24 16:50:17 - [MESSAGE][PASSED] - Send request successfully

2022-11-24 16:50:17 - [TEST_STEP][PASSED] - verifyResponseStatusCode(scoring, 200): Verify response status code successfully

2022-11-24 16:50:17 - [MESSAGE][PASSED] - Verify response status code successfully

2022-11-24 16:50:17 - [TEST_STEP][PASSED] - response2 = scoring.getResponseText(): null

2022-11-24 16:50:17 - [TEST_STEP][PASSED] - markPassed("result service data ke : " + no): result service data ke : 47

2022-11-24 16:50:17 - [MESSAGE][PASSED] - result service data ke : 47

2022-11-24 16:50:17 - [TEST_STEP][PASSED] - logInfo($response2): {"result_konsumen":"Reject","result_pasangan":"Reject","Final_result":"Reject","errorMessage":"","status":"Done"}

2022-11-24 16:50:17 - [MESSAGE][INFO] - {"result_konsumen":"Reject","result_pasangan":"Reject","Final_result":"Reject","errorMessage":"","status":"Done"}

2022-11-24 16:50:17 - [TEST_STEP][PASSED] - verifyElementPropertyValue(scoring, "Final_result", final_result): Verify element property value successfully

2022-11-24 16:50:17 - [MESSAGE][PASSED] - Verify element property value successfully]]></system-out>
         <system-err><![CDATA[]]></system-err>
      </testcase>
      <testcase name="Test Cases/Engine_Scoring/Engine Scoring" time="6.766" classname="Test Cases/Engine_Scoring/Engine Scoring" status="PASSED">
         <system-out><![CDATA[2022-11-24 16:50:17 - [TEST_CASE][PASSED] - Test Cases/Engine_Scoring/Engine Scoring: Test Cases/Engine_Scoring/Engine Scoring

2022-11-24 16:50:18 - [TEST_STEP][PASSED] - markPassed("Variasi data ke : " + no): Variasi data ke : 48

2022-11-24 16:50:18 - [MESSAGE][PASSED] - Variasi data ke : 48

2022-11-24 16:50:18 - [TEST_STEP][PASSED] - req_data = sendRequest(findTestObject("Search_ME", ["MID":MID, "source":source, "ip":ip, "userid":userid, "branch":branch, "tipekons":tipekons, "marital":marital, "penjamin":penjamin, ... ])): Send request successfully

2022-11-24 16:50:18 - [MESSAGE][INFO] - HAR: D:\DMS\Engine Scoring\Reports\20221124_164440\Exclude KKB - DS - Married\Scoring Married - DS\20221124_164440\requests\main\94.har

2022-11-24 16:50:18 - [MESSAGE][PASSED] - Send request successfully

2022-11-24 16:50:18 - [TEST_STEP][PASSED] - slurper = new groovy.json.JsonSlurper(): null

2022-11-24 16:50:18 - [TEST_STEP][PASSED] - result = slurper.parseText(req_data.getResponseBodyContent()): null

2022-11-24 16:50:18 - [TEST_STEP][PASSED] - reqid_kons = requestid1: null

2022-11-24 16:50:18 - [TEST_STEP][PASSED] - reqid_spouse = requestid2: null

2022-11-24 16:50:18 - [TEST_STEP][PASSED] - println("requestid kons : " + reqid_kons): null

2022-11-24 16:50:18 - [TEST_STEP][PASSED] - response_searchME_kons = reqid_kons: null

2022-11-24 16:50:18 - [TEST_STEP][PASSED] - response_searchME_spouse = reqid_spouse: null

2022-11-24 16:50:18 - [TEST_STEP][PASSED] - println("kons req id is :" + response_searchME_kons): null

2022-11-24 16:50:18 - [TEST_STEP][PASSED] - println("spouse req id is : " + response_searchME_spouse): null

2022-11-24 16:50:18 - [TEST_STEP][PASSED] - verifyResponseStatusCode(req_data, 200): Verify response status code successfully

2022-11-24 16:50:18 - [MESSAGE][PASSED] - Verify response status code successfully

2022-11-24 16:50:18 - [TEST_STEP][PASSED] - response = req_data.getResponseText(): null

2022-11-24 16:50:18 - [TEST_STEP][PASSED] - logInfo($response): {"status":"Done","data":{"requestid1":"253952","requestid2":"253953"}}

2022-11-24 16:50:18 - [MESSAGE][INFO] - {"status":"Done","data":{"requestid1":"253952","requestid2":"253953"}}

2022-11-24 16:50:18 - [TEST_STEP][PASSED] - delay(5): Delayed 5 second(s)

2022-11-24 16:50:23 - [MESSAGE][PASSED] - Delayed 5 second(s)

2022-11-24 16:50:23 - [TEST_STEP][PASSED] - scoring = sendRequest(findTestObject("EngineScore", ["response_searchME_kons":response_searchME_kons, "response_searchME_spouse":response_searchME_spouse])): Send request successfully

2022-11-24 16:50:23 - [MESSAGE][INFO] - HAR: D:\DMS\Engine Scoring\Reports\20221124_164440\Exclude KKB - DS - Married\Scoring Married - DS\20221124_164440\requests\main\95.har

2022-11-24 16:50:23 - [MESSAGE][PASSED] - Send request successfully

2022-11-24 16:50:23 - [TEST_STEP][PASSED] - verifyResponseStatusCode(scoring, 200): Verify response status code successfully

2022-11-24 16:50:23 - [MESSAGE][PASSED] - Verify response status code successfully

2022-11-24 16:50:23 - [TEST_STEP][PASSED] - response2 = scoring.getResponseText(): null

2022-11-24 16:50:23 - [TEST_STEP][PASSED] - markPassed("result service data ke : " + no): result service data ke : 48

2022-11-24 16:50:23 - [MESSAGE][PASSED] - result service data ke : 48

2022-11-24 16:50:23 - [TEST_STEP][PASSED] - logInfo($response2): {"result_konsumen":"Reject","result_pasangan":"Reject","Final_result":"Reject","errorMessage":"","status":"Done"}

2022-11-24 16:50:23 - [MESSAGE][INFO] - {"result_konsumen":"Reject","result_pasangan":"Reject","Final_result":"Reject","errorMessage":"","status":"Done"}

2022-11-24 16:50:23 - [TEST_STEP][PASSED] - verifyElementPropertyValue(scoring, "Final_result", final_result): Verify element property value successfully

2022-11-24 16:50:24 - [MESSAGE][PASSED] - Verify element property value successfully]]></system-out>
         <system-err><![CDATA[]]></system-err>
      </testcase>
      <testcase name="Test Cases/Engine_Scoring/Engine Scoring" time="6.736" classname="Test Cases/Engine_Scoring/Engine Scoring" status="PASSED">
         <system-out><![CDATA[2022-11-24 16:50:24 - [TEST_CASE][PASSED] - Test Cases/Engine_Scoring/Engine Scoring: Test Cases/Engine_Scoring/Engine Scoring

2022-11-24 16:50:24 - [TEST_STEP][PASSED] - markPassed("Variasi data ke : " + no): Variasi data ke : 49

2022-11-24 16:50:24 - [MESSAGE][PASSED] - Variasi data ke : 49

2022-11-24 16:50:24 - [TEST_STEP][PASSED] - req_data = sendRequest(findTestObject("Search_ME", ["MID":MID, "source":source, "ip":ip, "userid":userid, "branch":branch, "tipekons":tipekons, "marital":marital, "penjamin":penjamin, ... ])): Send request successfully

2022-11-24 16:50:25 - [MESSAGE][INFO] - HAR: D:\DMS\Engine Scoring\Reports\20221124_164440\Exclude KKB - DS - Married\Scoring Married - DS\20221124_164440\requests\main\96.har

2022-11-24 16:50:25 - [MESSAGE][PASSED] - Send request successfully

2022-11-24 16:50:25 - [TEST_STEP][PASSED] - slurper = new groovy.json.JsonSlurper(): null

2022-11-24 16:50:25 - [TEST_STEP][PASSED] - result = slurper.parseText(req_data.getResponseBodyContent()): null

2022-11-24 16:50:25 - [TEST_STEP][PASSED] - reqid_kons = requestid1: null

2022-11-24 16:50:25 - [TEST_STEP][PASSED] - reqid_spouse = requestid2: null

2022-11-24 16:50:25 - [TEST_STEP][PASSED] - println("requestid kons : " + reqid_kons): null

2022-11-24 16:50:25 - [TEST_STEP][PASSED] - response_searchME_kons = reqid_kons: null

2022-11-24 16:50:25 - [TEST_STEP][PASSED] - response_searchME_spouse = reqid_spouse: null

2022-11-24 16:50:25 - [TEST_STEP][PASSED] - println("kons req id is :" + response_searchME_kons): null

2022-11-24 16:50:25 - [TEST_STEP][PASSED] - println("spouse req id is : " + response_searchME_spouse): null

2022-11-24 16:50:25 - [TEST_STEP][PASSED] - verifyResponseStatusCode(req_data, 200): Verify response status code successfully

2022-11-24 16:50:25 - [MESSAGE][PASSED] - Verify response status code successfully

2022-11-24 16:50:25 - [TEST_STEP][PASSED] - response = req_data.getResponseText(): null

2022-11-24 16:50:25 - [TEST_STEP][PASSED] - logInfo($response): {"status":"Done","data":{"requestid1":"253954","requestid2":"253955"}}

2022-11-24 16:50:25 - [MESSAGE][INFO] - {"status":"Done","data":{"requestid1":"253954","requestid2":"253955"}}

2022-11-24 16:50:25 - [TEST_STEP][PASSED] - delay(5): Delayed 5 second(s)

2022-11-24 16:50:30 - [MESSAGE][PASSED] - Delayed 5 second(s)

2022-11-24 16:50:30 - [TEST_STEP][PASSED] - scoring = sendRequest(findTestObject("EngineScore", ["response_searchME_kons":response_searchME_kons, "response_searchME_spouse":response_searchME_spouse])): Send request successfully

2022-11-24 16:50:30 - [MESSAGE][INFO] - HAR: D:\DMS\Engine Scoring\Reports\20221124_164440\Exclude KKB - DS - Married\Scoring Married - DS\20221124_164440\requests\main\97.har

2022-11-24 16:50:30 - [MESSAGE][PASSED] - Send request successfully

2022-11-24 16:50:30 - [TEST_STEP][PASSED] - verifyResponseStatusCode(scoring, 200): Verify response status code successfully

2022-11-24 16:50:30 - [MESSAGE][PASSED] - Verify response status code successfully

2022-11-24 16:50:30 - [TEST_STEP][PASSED] - response2 = scoring.getResponseText(): null

2022-11-24 16:50:30 - [TEST_STEP][PASSED] - markPassed("result service data ke : " + no): result service data ke : 49

2022-11-24 16:50:30 - [MESSAGE][PASSED] - result service data ke : 49

2022-11-24 16:50:30 - [TEST_STEP][PASSED] - logInfo($response2): {"result_konsumen":"Reject","result_pasangan":"Reject","Final_result":"Reject","errorMessage":"","status":"Done"}

2022-11-24 16:50:30 - [MESSAGE][INFO] - {"result_konsumen":"Reject","result_pasangan":"Reject","Final_result":"Reject","errorMessage":"","status":"Done"}

2022-11-24 16:50:30 - [TEST_STEP][PASSED] - verifyElementPropertyValue(scoring, "Final_result", final_result): Verify element property value successfully

2022-11-24 16:50:30 - [MESSAGE][PASSED] - Verify element property value successfully]]></system-out>
         <system-err><![CDATA[]]></system-err>
      </testcase>
      <testcase name="Test Cases/Engine_Scoring/Engine Scoring" time="6.755" classname="Test Cases/Engine_Scoring/Engine Scoring" status="PASSED">
         <system-out><![CDATA[2022-11-24 16:50:30 - [TEST_CASE][PASSED] - Test Cases/Engine_Scoring/Engine Scoring: Test Cases/Engine_Scoring/Engine Scoring

2022-11-24 16:50:31 - [TEST_STEP][PASSED] - markPassed("Variasi data ke : " + no): Variasi data ke : 50

2022-11-24 16:50:31 - [MESSAGE][PASSED] - Variasi data ke : 50

2022-11-24 16:50:31 - [TEST_STEP][PASSED] - req_data = sendRequest(findTestObject("Search_ME", ["MID":MID, "source":source, "ip":ip, "userid":userid, "branch":branch, "tipekons":tipekons, "marital":marital, "penjamin":penjamin, ... ])): Send request successfully

2022-11-24 16:50:32 - [MESSAGE][INFO] - HAR: D:\DMS\Engine Scoring\Reports\20221124_164440\Exclude KKB - DS - Married\Scoring Married - DS\20221124_164440\requests\main\98.har

2022-11-24 16:50:32 - [MESSAGE][PASSED] - Send request successfully

2022-11-24 16:50:32 - [TEST_STEP][PASSED] - slurper = new groovy.json.JsonSlurper(): null

2022-11-24 16:50:32 - [TEST_STEP][PASSED] - result = slurper.parseText(req_data.getResponseBodyContent()): null

2022-11-24 16:50:32 - [TEST_STEP][PASSED] - reqid_kons = requestid1: null

2022-11-24 16:50:32 - [TEST_STEP][PASSED] - reqid_spouse = requestid2: null

2022-11-24 16:50:32 - [TEST_STEP][PASSED] - println("requestid kons : " + reqid_kons): null

2022-11-24 16:50:32 - [TEST_STEP][PASSED] - response_searchME_kons = reqid_kons: null

2022-11-24 16:50:32 - [TEST_STEP][PASSED] - response_searchME_spouse = reqid_spouse: null

2022-11-24 16:50:32 - [TEST_STEP][PASSED] - println("kons req id is :" + response_searchME_kons): null

2022-11-24 16:50:32 - [TEST_STEP][PASSED] - println("spouse req id is : " + response_searchME_spouse): null

2022-11-24 16:50:32 - [TEST_STEP][PASSED] - verifyResponseStatusCode(req_data, 200): Verify response status code successfully

2022-11-24 16:50:32 - [MESSAGE][PASSED] - Verify response status code successfully

2022-11-24 16:50:32 - [TEST_STEP][PASSED] - response = req_data.getResponseText(): null

2022-11-24 16:50:32 - [TEST_STEP][PASSED] - logInfo($response): {"status":"Done","data":{"requestid1":"253956","requestid2":"253957"}}

2022-11-24 16:50:32 - [MESSAGE][INFO] - {"status":"Done","data":{"requestid1":"253956","requestid2":"253957"}}

2022-11-24 16:50:32 - [TEST_STEP][PASSED] - delay(5): Delayed 5 second(s)

2022-11-24 16:50:37 - [MESSAGE][PASSED] - Delayed 5 second(s)

2022-11-24 16:50:37 - [TEST_STEP][PASSED] - scoring = sendRequest(findTestObject("EngineScore", ["response_searchME_kons":response_searchME_kons, "response_searchME_spouse":response_searchME_spouse])): Send request successfully

2022-11-24 16:50:37 - [MESSAGE][INFO] - HAR: D:\DMS\Engine Scoring\Reports\20221124_164440\Exclude KKB - DS - Married\Scoring Married - DS\20221124_164440\requests\main\99.har

2022-11-24 16:50:37 - [MESSAGE][PASSED] - Send request successfully

2022-11-24 16:50:37 - [TEST_STEP][PASSED] - verifyResponseStatusCode(scoring, 200): Verify response status code successfully

2022-11-24 16:50:37 - [MESSAGE][PASSED] - Verify response status code successfully

2022-11-24 16:50:37 - [TEST_STEP][PASSED] - response2 = scoring.getResponseText(): null

2022-11-24 16:50:37 - [TEST_STEP][PASSED] - markPassed("result service data ke : " + no): result service data ke : 50

2022-11-24 16:50:37 - [MESSAGE][PASSED] - result service data ke : 50

2022-11-24 16:50:37 - [TEST_STEP][PASSED] - logInfo($response2): {"result_konsumen":"Reject","result_pasangan":"Reject","Final_result":"Reject","errorMessage":"","status":"Done"}

2022-11-24 16:50:37 - [MESSAGE][INFO] - {"result_konsumen":"Reject","result_pasangan":"Reject","Final_result":"Reject","errorMessage":"","status":"Done"}

2022-11-24 16:50:37 - [TEST_STEP][PASSED] - verifyElementPropertyValue(scoring, "Final_result", final_result): Verify element property value successfully

2022-11-24 16:50:37 - [MESSAGE][PASSED] - Verify element property value successfully]]></system-out>
         <system-err><![CDATA[]]></system-err>
      </testcase>
      <testcase name="Test Cases/Engine_Scoring/Engine Scoring" time="6.784" classname="Test Cases/Engine_Scoring/Engine Scoring" status="PASSED">
         <system-out><![CDATA[2022-11-24 16:50:37 - [TEST_CASE][PASSED] - Test Cases/Engine_Scoring/Engine Scoring: Test Cases/Engine_Scoring/Engine Scoring

2022-11-24 16:50:38 - [TEST_STEP][PASSED] - markPassed("Variasi data ke : " + no): Variasi data ke : 51

2022-11-24 16:50:38 - [MESSAGE][PASSED] - Variasi data ke : 51

2022-11-24 16:50:38 - [TEST_STEP][PASSED] - req_data = sendRequest(findTestObject("Search_ME", ["MID":MID, "source":source, "ip":ip, "userid":userid, "branch":branch, "tipekons":tipekons, "marital":marital, "penjamin":penjamin, ... ])): Send request successfully

2022-11-24 16:50:39 - [MESSAGE][INFO] - HAR: D:\DMS\Engine Scoring\Reports\20221124_164440\Exclude KKB - DS - Married\Scoring Married - DS\20221124_164440\requests\main\100.har

2022-11-24 16:50:39 - [MESSAGE][PASSED] - Send request successfully

2022-11-24 16:50:39 - [TEST_STEP][PASSED] - slurper = new groovy.json.JsonSlurper(): null

2022-11-24 16:50:39 - [TEST_STEP][PASSED] - result = slurper.parseText(req_data.getResponseBodyContent()): null

2022-11-24 16:50:39 - [TEST_STEP][PASSED] - reqid_kons = requestid1: null

2022-11-24 16:50:39 - [TEST_STEP][PASSED] - reqid_spouse = requestid2: null

2022-11-24 16:50:39 - [TEST_STEP][PASSED] - println("requestid kons : " + reqid_kons): null

2022-11-24 16:50:39 - [TEST_STEP][PASSED] - response_searchME_kons = reqid_kons: null

2022-11-24 16:50:39 - [TEST_STEP][PASSED] - response_searchME_spouse = reqid_spouse: null

2022-11-24 16:50:39 - [TEST_STEP][PASSED] - println("kons req id is :" + response_searchME_kons): null

2022-11-24 16:50:39 - [TEST_STEP][PASSED] - println("spouse req id is : " + response_searchME_spouse): null

2022-11-24 16:50:39 - [TEST_STEP][PASSED] - verifyResponseStatusCode(req_data, 200): Verify response status code successfully

2022-11-24 16:50:39 - [MESSAGE][PASSED] - Verify response status code successfully

2022-11-24 16:50:39 - [TEST_STEP][PASSED] - response = req_data.getResponseText(): null

2022-11-24 16:50:39 - [TEST_STEP][PASSED] - logInfo($response): {"status":"Done","data":{"requestid1":"253958","requestid2":"253959"}}

2022-11-24 16:50:39 - [MESSAGE][INFO] - {"status":"Done","data":{"requestid1":"253958","requestid2":"253959"}}

2022-11-24 16:50:39 - [TEST_STEP][PASSED] - delay(5): Delayed 5 second(s)

2022-11-24 16:50:44 - [MESSAGE][PASSED] - Delayed 5 second(s)

2022-11-24 16:50:44 - [TEST_STEP][PASSED] - scoring = sendRequest(findTestObject("EngineScore", ["response_searchME_kons":response_searchME_kons, "response_searchME_spouse":response_searchME_spouse])): Send request successfully

2022-11-24 16:50:44 - [MESSAGE][INFO] - HAR: D:\DMS\Engine Scoring\Reports\20221124_164440\Exclude KKB - DS - Married\Scoring Married - DS\20221124_164440\requests\main\101.har

2022-11-24 16:50:44 - [MESSAGE][PASSED] - Send request successfully

2022-11-24 16:50:44 - [TEST_STEP][PASSED] - verifyResponseStatusCode(scoring, 200): Verify response status code successfully

2022-11-24 16:50:44 - [MESSAGE][PASSED] - Verify response status code successfully

2022-11-24 16:50:44 - [TEST_STEP][PASSED] - response2 = scoring.getResponseText(): null

2022-11-24 16:50:44 - [TEST_STEP][PASSED] - markPassed("result service data ke : " + no): result service data ke : 51

2022-11-24 16:50:44 - [MESSAGE][PASSED] - result service data ke : 51

2022-11-24 16:50:44 - [TEST_STEP][PASSED] - logInfo($response2): {"result_konsumen":"Reject","result_pasangan":"Reject","Final_result":"Reject","errorMessage":"","status":"Done"}

2022-11-24 16:50:44 - [MESSAGE][INFO] - {"result_konsumen":"Reject","result_pasangan":"Reject","Final_result":"Reject","errorMessage":"","status":"Done"}

2022-11-24 16:50:44 - [TEST_STEP][PASSED] - verifyElementPropertyValue(scoring, "Final_result", final_result): Verify element property value successfully

2022-11-24 16:50:44 - [MESSAGE][PASSED] - Verify element property value successfully]]></system-out>
         <system-err><![CDATA[]]></system-err>
      </testcase>
      <testcase name="Test Cases/Engine_Scoring/Engine Scoring" time="7.286" classname="Test Cases/Engine_Scoring/Engine Scoring" status="PASSED">
         <system-out><![CDATA[2022-11-24 16:50:44 - [TEST_CASE][PASSED] - Test Cases/Engine_Scoring/Engine Scoring: Test Cases/Engine_Scoring/Engine Scoring

2022-11-24 16:50:45 - [TEST_STEP][PASSED] - markPassed("Variasi data ke : " + no): Variasi data ke : 52

2022-11-24 16:50:45 - [MESSAGE][PASSED] - Variasi data ke : 52

2022-11-24 16:50:45 - [TEST_STEP][PASSED] - req_data = sendRequest(findTestObject("Search_ME", ["MID":MID, "source":source, "ip":ip, "userid":userid, "branch":branch, "tipekons":tipekons, "marital":marital, "penjamin":penjamin, ... ])): Send request successfully

2022-11-24 16:50:46 - [MESSAGE][INFO] - HAR: D:\DMS\Engine Scoring\Reports\20221124_164440\Exclude KKB - DS - Married\Scoring Married - DS\20221124_164440\requests\main\102.har

2022-11-24 16:50:46 - [MESSAGE][PASSED] - Send request successfully

2022-11-24 16:50:46 - [TEST_STEP][PASSED] - slurper = new groovy.json.JsonSlurper(): null

2022-11-24 16:50:46 - [TEST_STEP][PASSED] - result = slurper.parseText(req_data.getResponseBodyContent()): null

2022-11-24 16:50:46 - [TEST_STEP][PASSED] - reqid_kons = requestid1: null

2022-11-24 16:50:46 - [TEST_STEP][PASSED] - reqid_spouse = requestid2: null

2022-11-24 16:50:46 - [TEST_STEP][PASSED] - println("requestid kons : " + reqid_kons): null

2022-11-24 16:50:46 - [TEST_STEP][PASSED] - response_searchME_kons = reqid_kons: null

2022-11-24 16:50:46 - [TEST_STEP][PASSED] - response_searchME_spouse = reqid_spouse: null

2022-11-24 16:50:46 - [TEST_STEP][PASSED] - println("kons req id is :" + response_searchME_kons): null

2022-11-24 16:50:46 - [TEST_STEP][PASSED] - println("spouse req id is : " + response_searchME_spouse): null

2022-11-24 16:50:46 - [TEST_STEP][PASSED] - verifyResponseStatusCode(req_data, 200): Verify response status code successfully

2022-11-24 16:50:46 - [MESSAGE][PASSED] - Verify response status code successfully

2022-11-24 16:50:46 - [TEST_STEP][PASSED] - response = req_data.getResponseText(): null

2022-11-24 16:50:46 - [TEST_STEP][PASSED] - logInfo($response): {"status":"Done","data":{"requestid1":"253960","requestid2":"253961"}}

2022-11-24 16:50:46 - [MESSAGE][INFO] - {"status":"Done","data":{"requestid1":"253960","requestid2":"253961"}}

2022-11-24 16:50:46 - [TEST_STEP][PASSED] - delay(5): Delayed 5 second(s)

2022-11-24 16:50:51 - [MESSAGE][PASSED] - Delayed 5 second(s)

2022-11-24 16:50:51 - [TEST_STEP][PASSED] - scoring = sendRequest(findTestObject("EngineScore", ["response_searchME_kons":response_searchME_kons, "response_searchME_spouse":response_searchME_spouse])): Send request successfully

2022-11-24 16:50:51 - [MESSAGE][INFO] - HAR: D:\DMS\Engine Scoring\Reports\20221124_164440\Exclude KKB - DS - Married\Scoring Married - DS\20221124_164440\requests\main\103.har

2022-11-24 16:50:51 - [MESSAGE][PASSED] - Send request successfully

2022-11-24 16:50:51 - [TEST_STEP][PASSED] - verifyResponseStatusCode(scoring, 200): Verify response status code successfully

2022-11-24 16:50:51 - [MESSAGE][PASSED] - Verify response status code successfully

2022-11-24 16:50:51 - [TEST_STEP][PASSED] - response2 = scoring.getResponseText(): null

2022-11-24 16:50:51 - [TEST_STEP][PASSED] - markPassed("result service data ke : " + no): result service data ke : 52

2022-11-24 16:50:51 - [MESSAGE][PASSED] - result service data ke : 52

2022-11-24 16:50:51 - [TEST_STEP][PASSED] - logInfo($response2): {"result_konsumen":"Reject","result_pasangan":"Reject","Final_result":"Reject","errorMessage":"","status":"Done"}

2022-11-24 16:50:51 - [MESSAGE][INFO] - {"result_konsumen":"Reject","result_pasangan":"Reject","Final_result":"Reject","errorMessage":"","status":"Done"}

2022-11-24 16:50:51 - [TEST_STEP][PASSED] - verifyElementPropertyValue(scoring, "Final_result", final_result): Verify element property value successfully

2022-11-24 16:50:51 - [MESSAGE][PASSED] - Verify element property value successfully]]></system-out>
         <system-err><![CDATA[]]></system-err>
      </testcase>
      <testcase name="Test Cases/Engine_Scoring/Engine Scoring" time="6.732" classname="Test Cases/Engine_Scoring/Engine Scoring" status="PASSED">
         <system-out><![CDATA[2022-11-24 16:50:51 - [TEST_CASE][PASSED] - Test Cases/Engine_Scoring/Engine Scoring: Test Cases/Engine_Scoring/Engine Scoring

2022-11-24 16:50:52 - [TEST_STEP][PASSED] - markPassed("Variasi data ke : " + no): Variasi data ke : 53

2022-11-24 16:50:52 - [MESSAGE][PASSED] - Variasi data ke : 53

2022-11-24 16:50:52 - [TEST_STEP][PASSED] - req_data = sendRequest(findTestObject("Search_ME", ["MID":MID, "source":source, "ip":ip, "userid":userid, "branch":branch, "tipekons":tipekons, "marital":marital, "penjamin":penjamin, ... ])): Send request successfully

2022-11-24 16:50:53 - [MESSAGE][INFO] - HAR: D:\DMS\Engine Scoring\Reports\20221124_164440\Exclude KKB - DS - Married\Scoring Married - DS\20221124_164440\requests\main\104.har

2022-11-24 16:50:53 - [MESSAGE][PASSED] - Send request successfully

2022-11-24 16:50:53 - [TEST_STEP][PASSED] - slurper = new groovy.json.JsonSlurper(): null

2022-11-24 16:50:53 - [TEST_STEP][PASSED] - result = slurper.parseText(req_data.getResponseBodyContent()): null

2022-11-24 16:50:53 - [TEST_STEP][PASSED] - reqid_kons = requestid1: null

2022-11-24 16:50:53 - [TEST_STEP][PASSED] - reqid_spouse = requestid2: null

2022-11-24 16:50:53 - [TEST_STEP][PASSED] - println("requestid kons : " + reqid_kons): null

2022-11-24 16:50:53 - [TEST_STEP][PASSED] - response_searchME_kons = reqid_kons: null

2022-11-24 16:50:53 - [TEST_STEP][PASSED] - response_searchME_spouse = reqid_spouse: null

2022-11-24 16:50:53 - [TEST_STEP][PASSED] - println("kons req id is :" + response_searchME_kons): null

2022-11-24 16:50:53 - [TEST_STEP][PASSED] - println("spouse req id is : " + response_searchME_spouse): null

2022-11-24 16:50:53 - [TEST_STEP][PASSED] - verifyResponseStatusCode(req_data, 200): Verify response status code successfully

2022-11-24 16:50:53 - [MESSAGE][PASSED] - Verify response status code successfully

2022-11-24 16:50:53 - [TEST_STEP][PASSED] - response = req_data.getResponseText(): null

2022-11-24 16:50:53 - [TEST_STEP][PASSED] - logInfo($response): {"status":"Done","data":{"requestid1":"253962","requestid2":"253963"}}

2022-11-24 16:50:53 - [MESSAGE][INFO] - {"status":"Done","data":{"requestid1":"253962","requestid2":"253963"}}

2022-11-24 16:50:53 - [TEST_STEP][PASSED] - delay(5): Delayed 5 second(s)

2022-11-24 16:50:58 - [MESSAGE][PASSED] - Delayed 5 second(s)

2022-11-24 16:50:58 - [TEST_STEP][PASSED] - scoring = sendRequest(findTestObject("EngineScore", ["response_searchME_kons":response_searchME_kons, "response_searchME_spouse":response_searchME_spouse])): Send request successfully

2022-11-24 16:50:58 - [MESSAGE][INFO] - HAR: D:\DMS\Engine Scoring\Reports\20221124_164440\Exclude KKB - DS - Married\Scoring Married - DS\20221124_164440\requests\main\105.har

2022-11-24 16:50:58 - [MESSAGE][PASSED] - Send request successfully

2022-11-24 16:50:58 - [TEST_STEP][PASSED] - verifyResponseStatusCode(scoring, 200): Verify response status code successfully

2022-11-24 16:50:58 - [MESSAGE][PASSED] - Verify response status code successfully

2022-11-24 16:50:58 - [TEST_STEP][PASSED] - response2 = scoring.getResponseText(): null

2022-11-24 16:50:58 - [TEST_STEP][PASSED] - markPassed("result service data ke : " + no): result service data ke : 53

2022-11-24 16:50:58 - [MESSAGE][PASSED] - result service data ke : 53

2022-11-24 16:50:58 - [TEST_STEP][PASSED] - logInfo($response2): {"result_konsumen":"Reject","result_pasangan":"Reject","Final_result":"Reject","errorMessage":"","status":"Done"}

2022-11-24 16:50:58 - [MESSAGE][INFO] - {"result_konsumen":"Reject","result_pasangan":"Reject","Final_result":"Reject","errorMessage":"","status":"Done"}

2022-11-24 16:50:58 - [TEST_STEP][PASSED] - verifyElementPropertyValue(scoring, "Final_result", final_result): Verify element property value successfully

2022-11-24 16:50:58 - [MESSAGE][PASSED] - Verify element property value successfully]]></system-out>
         <system-err><![CDATA[]]></system-err>
      </testcase>
      <testcase name="Test Cases/Engine_Scoring/Engine Scoring" time="6.934" classname="Test Cases/Engine_Scoring/Engine Scoring" status="PASSED">
         <system-out><![CDATA[2022-11-24 16:50:58 - [TEST_CASE][PASSED] - Test Cases/Engine_Scoring/Engine Scoring: Test Cases/Engine_Scoring/Engine Scoring

2022-11-24 16:50:59 - [TEST_STEP][PASSED] - markPassed("Variasi data ke : " + no): Variasi data ke : 54

2022-11-24 16:50:59 - [MESSAGE][PASSED] - Variasi data ke : 54

2022-11-24 16:50:59 - [TEST_STEP][PASSED] - req_data = sendRequest(findTestObject("Search_ME", ["MID":MID, "source":source, "ip":ip, "userid":userid, "branch":branch, "tipekons":tipekons, "marital":marital, "penjamin":penjamin, ... ])): Send request successfully

2022-11-24 16:51:00 - [MESSAGE][INFO] - HAR: D:\DMS\Engine Scoring\Reports\20221124_164440\Exclude KKB - DS - Married\Scoring Married - DS\20221124_164440\requests\main\106.har

2022-11-24 16:51:00 - [MESSAGE][PASSED] - Send request successfully

2022-11-24 16:51:00 - [TEST_STEP][PASSED] - slurper = new groovy.json.JsonSlurper(): null

2022-11-24 16:51:00 - [TEST_STEP][PASSED] - result = slurper.parseText(req_data.getResponseBodyContent()): null

2022-11-24 16:51:00 - [TEST_STEP][PASSED] - reqid_kons = requestid1: null

2022-11-24 16:51:00 - [TEST_STEP][PASSED] - reqid_spouse = requestid2: null

2022-11-24 16:51:00 - [TEST_STEP][PASSED] - println("requestid kons : " + reqid_kons): null

2022-11-24 16:51:00 - [TEST_STEP][PASSED] - response_searchME_kons = reqid_kons: null

2022-11-24 16:51:00 - [TEST_STEP][PASSED] - response_searchME_spouse = reqid_spouse: null

2022-11-24 16:51:00 - [TEST_STEP][PASSED] - println("kons req id is :" + response_searchME_kons): null

2022-11-24 16:51:00 - [TEST_STEP][PASSED] - println("spouse req id is : " + response_searchME_spouse): null

2022-11-24 16:51:00 - [TEST_STEP][PASSED] - verifyResponseStatusCode(req_data, 200): Verify response status code successfully

2022-11-24 16:51:00 - [MESSAGE][PASSED] - Verify response status code successfully

2022-11-24 16:51:00 - [TEST_STEP][PASSED] - response = req_data.getResponseText(): null

2022-11-24 16:51:00 - [TEST_STEP][PASSED] - logInfo($response): {"status":"Done","data":{"requestid1":"253964","requestid2":"253965"}}

2022-11-24 16:51:00 - [MESSAGE][INFO] - {"status":"Done","data":{"requestid1":"253964","requestid2":"253965"}}

2022-11-24 16:51:00 - [TEST_STEP][PASSED] - delay(5): Delayed 5 second(s)

2022-11-24 16:51:05 - [MESSAGE][PASSED] - Delayed 5 second(s)

2022-11-24 16:51:05 - [TEST_STEP][PASSED] - scoring = sendRequest(findTestObject("EngineScore", ["response_searchME_kons":response_searchME_kons, "response_searchME_spouse":response_searchME_spouse])): Send request successfully

2022-11-24 16:51:05 - [MESSAGE][INFO] - HAR: D:\DMS\Engine Scoring\Reports\20221124_164440\Exclude KKB - DS - Married\Scoring Married - DS\20221124_164440\requests\main\107.har

2022-11-24 16:51:05 - [MESSAGE][PASSED] - Send request successfully

2022-11-24 16:51:05 - [TEST_STEP][PASSED] - verifyResponseStatusCode(scoring, 200): Verify response status code successfully

2022-11-24 16:51:05 - [MESSAGE][PASSED] - Verify response status code successfully

2022-11-24 16:51:05 - [TEST_STEP][PASSED] - response2 = scoring.getResponseText(): null

2022-11-24 16:51:05 - [TEST_STEP][PASSED] - markPassed("result service data ke : " + no): result service data ke : 54

2022-11-24 16:51:05 - [MESSAGE][PASSED] - result service data ke : 54

2022-11-24 16:51:05 - [TEST_STEP][PASSED] - logInfo($response2): {"result_konsumen":"Reject","result_pasangan":"Reject","Final_result":"Reject","errorMessage":"","status":"Done"}

2022-11-24 16:51:05 - [MESSAGE][INFO] - {"result_konsumen":"Reject","result_pasangan":"Reject","Final_result":"Reject","errorMessage":"","status":"Done"}

2022-11-24 16:51:05 - [TEST_STEP][PASSED] - verifyElementPropertyValue(scoring, "Final_result", final_result): Verify element property value successfully

2022-11-24 16:51:05 - [MESSAGE][PASSED] - Verify element property value successfully]]></system-out>
         <system-err><![CDATA[]]></system-err>
      </testcase>
      <testcase name="Test Cases/Engine_Scoring/Engine Scoring" time="6.707" classname="Test Cases/Engine_Scoring/Engine Scoring" status="PASSED">
         <system-out><![CDATA[2022-11-24 16:51:05 - [TEST_CASE][PASSED] - Test Cases/Engine_Scoring/Engine Scoring: Test Cases/Engine_Scoring/Engine Scoring

2022-11-24 16:51:06 - [TEST_STEP][PASSED] - markPassed("Variasi data ke : " + no): Variasi data ke : 55

2022-11-24 16:51:06 - [MESSAGE][PASSED] - Variasi data ke : 55

2022-11-24 16:51:06 - [TEST_STEP][PASSED] - req_data = sendRequest(findTestObject("Search_ME", ["MID":MID, "source":source, "ip":ip, "userid":userid, "branch":branch, "tipekons":tipekons, "marital":marital, "penjamin":penjamin, ... ])): Send request successfully

2022-11-24 16:51:07 - [MESSAGE][INFO] - HAR: D:\DMS\Engine Scoring\Reports\20221124_164440\Exclude KKB - DS - Married\Scoring Married - DS\20221124_164440\requests\main\108.har

2022-11-24 16:51:07 - [MESSAGE][PASSED] - Send request successfully

2022-11-24 16:51:07 - [TEST_STEP][PASSED] - slurper = new groovy.json.JsonSlurper(): null

2022-11-24 16:51:07 - [TEST_STEP][PASSED] - result = slurper.parseText(req_data.getResponseBodyContent()): null

2022-11-24 16:51:07 - [TEST_STEP][PASSED] - reqid_kons = requestid1: null

2022-11-24 16:51:07 - [TEST_STEP][PASSED] - reqid_spouse = requestid2: null

2022-11-24 16:51:07 - [TEST_STEP][PASSED] - println("requestid kons : " + reqid_kons): null

2022-11-24 16:51:07 - [TEST_STEP][PASSED] - response_searchME_kons = reqid_kons: null

2022-11-24 16:51:07 - [TEST_STEP][PASSED] - response_searchME_spouse = reqid_spouse: null

2022-11-24 16:51:07 - [TEST_STEP][PASSED] - println("kons req id is :" + response_searchME_kons): null

2022-11-24 16:51:07 - [TEST_STEP][PASSED] - println("spouse req id is : " + response_searchME_spouse): null

2022-11-24 16:51:07 - [TEST_STEP][PASSED] - verifyResponseStatusCode(req_data, 200): Verify response status code successfully

2022-11-24 16:51:07 - [MESSAGE][PASSED] - Verify response status code successfully

2022-11-24 16:51:07 - [TEST_STEP][PASSED] - response = req_data.getResponseText(): null

2022-11-24 16:51:07 - [TEST_STEP][PASSED] - logInfo($response): {"status":"Done","data":{"requestid1":"253966","requestid2":"253967"}}

2022-11-24 16:51:07 - [MESSAGE][INFO] - {"status":"Done","data":{"requestid1":"253966","requestid2":"253967"}}

2022-11-24 16:51:07 - [TEST_STEP][PASSED] - delay(5): Delayed 5 second(s)

2022-11-24 16:51:12 - [MESSAGE][PASSED] - Delayed 5 second(s)

2022-11-24 16:51:12 - [TEST_STEP][PASSED] - scoring = sendRequest(findTestObject("EngineScore", ["response_searchME_kons":response_searchME_kons, "response_searchME_spouse":response_searchME_spouse])): Send request successfully

2022-11-24 16:51:12 - [MESSAGE][INFO] - HAR: D:\DMS\Engine Scoring\Reports\20221124_164440\Exclude KKB - DS - Married\Scoring Married - DS\20221124_164440\requests\main\109.har

2022-11-24 16:51:12 - [MESSAGE][PASSED] - Send request successfully

2022-11-24 16:51:12 - [TEST_STEP][PASSED] - verifyResponseStatusCode(scoring, 200): Verify response status code successfully

2022-11-24 16:51:12 - [MESSAGE][PASSED] - Verify response status code successfully

2022-11-24 16:51:12 - [TEST_STEP][PASSED] - response2 = scoring.getResponseText(): null

2022-11-24 16:51:12 - [TEST_STEP][PASSED] - markPassed("result service data ke : " + no): result service data ke : 55

2022-11-24 16:51:12 - [MESSAGE][PASSED] - result service data ke : 55

2022-11-24 16:51:12 - [TEST_STEP][PASSED] - logInfo($response2): {"result_konsumen":"Approve","result_pasangan":"Reguler","Final_result":"Approve","errorMessage":"","status":"Done"}

2022-11-24 16:51:12 - [MESSAGE][INFO] - {"result_konsumen":"Approve","result_pasangan":"Reguler","Final_result":"Approve","errorMessage":"","status":"Done"}

2022-11-24 16:51:12 - [TEST_STEP][PASSED] - verifyElementPropertyValue(scoring, "Final_result", final_result): Verify element property value successfully

2022-11-24 16:51:12 - [MESSAGE][PASSED] - Verify element property value successfully]]></system-out>
         <system-err><![CDATA[]]></system-err>
      </testcase>
      <testcase name="Test Cases/Engine_Scoring/Engine Scoring" time="6.655" classname="Test Cases/Engine_Scoring/Engine Scoring" status="PASSED">
         <system-out><![CDATA[2022-11-24 16:51:12 - [TEST_CASE][PASSED] - Test Cases/Engine_Scoring/Engine Scoring: Test Cases/Engine_Scoring/Engine Scoring

2022-11-24 16:51:13 - [TEST_STEP][PASSED] - markPassed("Variasi data ke : " + no): Variasi data ke : 56

2022-11-24 16:51:13 - [MESSAGE][PASSED] - Variasi data ke : 56

2022-11-24 16:51:13 - [TEST_STEP][PASSED] - req_data = sendRequest(findTestObject("Search_ME", ["MID":MID, "source":source, "ip":ip, "userid":userid, "branch":branch, "tipekons":tipekons, "marital":marital, "penjamin":penjamin, ... ])): Send request successfully

2022-11-24 16:51:14 - [MESSAGE][INFO] - HAR: D:\DMS\Engine Scoring\Reports\20221124_164440\Exclude KKB - DS - Married\Scoring Married - DS\20221124_164440\requests\main\110.har

2022-11-24 16:51:14 - [MESSAGE][PASSED] - Send request successfully

2022-11-24 16:51:14 - [TEST_STEP][PASSED] - slurper = new groovy.json.JsonSlurper(): null

2022-11-24 16:51:14 - [TEST_STEP][PASSED] - result = slurper.parseText(req_data.getResponseBodyContent()): null

2022-11-24 16:51:14 - [TEST_STEP][PASSED] - reqid_kons = requestid1: null

2022-11-24 16:51:14 - [TEST_STEP][PASSED] - reqid_spouse = requestid2: null

2022-11-24 16:51:14 - [TEST_STEP][PASSED] - println("requestid kons : " + reqid_kons): null

2022-11-24 16:51:14 - [TEST_STEP][PASSED] - response_searchME_kons = reqid_kons: null

2022-11-24 16:51:14 - [TEST_STEP][PASSED] - response_searchME_spouse = reqid_spouse: null

2022-11-24 16:51:14 - [TEST_STEP][PASSED] - println("kons req id is :" + response_searchME_kons): null

2022-11-24 16:51:14 - [TEST_STEP][PASSED] - println("spouse req id is : " + response_searchME_spouse): null

2022-11-24 16:51:14 - [TEST_STEP][PASSED] - verifyResponseStatusCode(req_data, 200): Verify response status code successfully

2022-11-24 16:51:14 - [MESSAGE][PASSED] - Verify response status code successfully

2022-11-24 16:51:14 - [TEST_STEP][PASSED] - response = req_data.getResponseText(): null

2022-11-24 16:51:14 - [TEST_STEP][PASSED] - logInfo($response): {"status":"Done","data":{"requestid1":"253968","requestid2":"253969"}}

2022-11-24 16:51:14 - [MESSAGE][INFO] - {"status":"Done","data":{"requestid1":"253968","requestid2":"253969"}}

2022-11-24 16:51:14 - [TEST_STEP][PASSED] - delay(5): Delayed 5 second(s)

2022-11-24 16:51:19 - [MESSAGE][PASSED] - Delayed 5 second(s)

2022-11-24 16:51:19 - [TEST_STEP][PASSED] - scoring = sendRequest(findTestObject("EngineScore", ["response_searchME_kons":response_searchME_kons, "response_searchME_spouse":response_searchME_spouse])): Send request successfully

2022-11-24 16:51:19 - [MESSAGE][INFO] - HAR: D:\DMS\Engine Scoring\Reports\20221124_164440\Exclude KKB - DS - Married\Scoring Married - DS\20221124_164440\requests\main\111.har

2022-11-24 16:51:19 - [MESSAGE][PASSED] - Send request successfully

2022-11-24 16:51:19 - [TEST_STEP][PASSED] - verifyResponseStatusCode(scoring, 200): Verify response status code successfully

2022-11-24 16:51:19 - [MESSAGE][PASSED] - Verify response status code successfully

2022-11-24 16:51:19 - [TEST_STEP][PASSED] - response2 = scoring.getResponseText(): null

2022-11-24 16:51:19 - [TEST_STEP][PASSED] - markPassed("result service data ke : " + no): result service data ke : 56

2022-11-24 16:51:19 - [MESSAGE][PASSED] - result service data ke : 56

2022-11-24 16:51:19 - [TEST_STEP][PASSED] - logInfo($response2): {"result_konsumen":"Approve","result_pasangan":"Reguler","Final_result":"Approve","errorMessage":"","status":"Done"}

2022-11-24 16:51:19 - [MESSAGE][INFO] - {"result_konsumen":"Approve","result_pasangan":"Reguler","Final_result":"Approve","errorMessage":"","status":"Done"}

2022-11-24 16:51:19 - [TEST_STEP][PASSED] - verifyElementPropertyValue(scoring, "Final_result", final_result): Verify element property value successfully

2022-11-24 16:51:19 - [MESSAGE][PASSED] - Verify element property value successfully]]></system-out>
         <system-err><![CDATA[]]></system-err>
      </testcase>
      <testcase name="Test Cases/Engine_Scoring/Engine Scoring" time="6.761" classname="Test Cases/Engine_Scoring/Engine Scoring" status="PASSED">
         <system-out><![CDATA[2022-11-24 16:51:19 - [TEST_CASE][PASSED] - Test Cases/Engine_Scoring/Engine Scoring: Test Cases/Engine_Scoring/Engine Scoring

2022-11-24 16:51:20 - [TEST_STEP][PASSED] - markPassed("Variasi data ke : " + no): Variasi data ke : 57

2022-11-24 16:51:20 - [MESSAGE][PASSED] - Variasi data ke : 57

2022-11-24 16:51:20 - [TEST_STEP][PASSED] - req_data = sendRequest(findTestObject("Search_ME", ["MID":MID, "source":source, "ip":ip, "userid":userid, "branch":branch, "tipekons":tipekons, "marital":marital, "penjamin":penjamin, ... ])): Send request successfully

2022-11-24 16:51:20 - [MESSAGE][INFO] - HAR: D:\DMS\Engine Scoring\Reports\20221124_164440\Exclude KKB - DS - Married\Scoring Married - DS\20221124_164440\requests\main\112.har

2022-11-24 16:51:20 - [MESSAGE][PASSED] - Send request successfully

2022-11-24 16:51:20 - [TEST_STEP][PASSED] - slurper = new groovy.json.JsonSlurper(): null

2022-11-24 16:51:20 - [TEST_STEP][PASSED] - result = slurper.parseText(req_data.getResponseBodyContent()): null

2022-11-24 16:51:20 - [TEST_STEP][PASSED] - reqid_kons = requestid1: null

2022-11-24 16:51:20 - [TEST_STEP][PASSED] - reqid_spouse = requestid2: null

2022-11-24 16:51:20 - [TEST_STEP][PASSED] - println("requestid kons : " + reqid_kons): null

2022-11-24 16:51:20 - [TEST_STEP][PASSED] - response_searchME_kons = reqid_kons: null

2022-11-24 16:51:20 - [TEST_STEP][PASSED] - response_searchME_spouse = reqid_spouse: null

2022-11-24 16:51:20 - [TEST_STEP][PASSED] - println("kons req id is :" + response_searchME_kons): null

2022-11-24 16:51:20 - [TEST_STEP][PASSED] - println("spouse req id is : " + response_searchME_spouse): null

2022-11-24 16:51:20 - [TEST_STEP][PASSED] - verifyResponseStatusCode(req_data, 200): Verify response status code successfully

2022-11-24 16:51:20 - [MESSAGE][PASSED] - Verify response status code successfully

2022-11-24 16:51:20 - [TEST_STEP][PASSED] - response = req_data.getResponseText(): null

2022-11-24 16:51:20 - [TEST_STEP][PASSED] - logInfo($response): {"status":"Done","data":{"requestid1":"253970","requestid2":"253971"}}

2022-11-24 16:51:20 - [MESSAGE][INFO] - {"status":"Done","data":{"requestid1":"253970","requestid2":"253971"}}

2022-11-24 16:51:20 - [TEST_STEP][PASSED] - delay(5): Delayed 5 second(s)

2022-11-24 16:51:25 - [MESSAGE][PASSED] - Delayed 5 second(s)

2022-11-24 16:51:25 - [TEST_STEP][PASSED] - scoring = sendRequest(findTestObject("EngineScore", ["response_searchME_kons":response_searchME_kons, "response_searchME_spouse":response_searchME_spouse])): Send request successfully

2022-11-24 16:51:25 - [MESSAGE][INFO] - HAR: D:\DMS\Engine Scoring\Reports\20221124_164440\Exclude KKB - DS - Married\Scoring Married - DS\20221124_164440\requests\main\113.har

2022-11-24 16:51:25 - [MESSAGE][PASSED] - Send request successfully

2022-11-24 16:51:25 - [TEST_STEP][PASSED] - verifyResponseStatusCode(scoring, 200): Verify response status code successfully

2022-11-24 16:51:25 - [MESSAGE][PASSED] - Verify response status code successfully

2022-11-24 16:51:25 - [TEST_STEP][PASSED] - response2 = scoring.getResponseText(): null

2022-11-24 16:51:25 - [TEST_STEP][PASSED] - markPassed("result service data ke : " + no): result service data ke : 57

2022-11-24 16:51:25 - [MESSAGE][PASSED] - result service data ke : 57

2022-11-24 16:51:25 - [TEST_STEP][PASSED] - logInfo($response2): {"result_konsumen":"Approve","result_pasangan":"Reguler","Final_result":"Approve","errorMessage":"","status":"Done"}

2022-11-24 16:51:25 - [MESSAGE][INFO] - {"result_konsumen":"Approve","result_pasangan":"Reguler","Final_result":"Approve","errorMessage":"","status":"Done"}

2022-11-24 16:51:25 - [TEST_STEP][PASSED] - verifyElementPropertyValue(scoring, "Final_result", final_result): Verify element property value successfully

2022-11-24 16:51:25 - [MESSAGE][PASSED] - Verify element property value successfully]]></system-out>
         <system-err><![CDATA[]]></system-err>
      </testcase>
      <testcase name="Test Cases/Engine_Scoring/Engine Scoring" time="6.787" classname="Test Cases/Engine_Scoring/Engine Scoring" status="PASSED">
         <system-out><![CDATA[2022-11-24 16:51:26 - [TEST_CASE][PASSED] - Test Cases/Engine_Scoring/Engine Scoring: Test Cases/Engine_Scoring/Engine Scoring

2022-11-24 16:51:26 - [TEST_STEP][PASSED] - markPassed("Variasi data ke : " + no): Variasi data ke : 58

2022-11-24 16:51:26 - [MESSAGE][PASSED] - Variasi data ke : 58

2022-11-24 16:51:26 - [TEST_STEP][PASSED] - req_data = sendRequest(findTestObject("Search_ME", ["MID":MID, "source":source, "ip":ip, "userid":userid, "branch":branch, "tipekons":tipekons, "marital":marital, "penjamin":penjamin, ... ])): Send request successfully

2022-11-24 16:51:27 - [MESSAGE][INFO] - HAR: D:\DMS\Engine Scoring\Reports\20221124_164440\Exclude KKB - DS - Married\Scoring Married - DS\20221124_164440\requests\main\114.har

2022-11-24 16:51:27 - [MESSAGE][PASSED] - Send request successfully

2022-11-24 16:51:27 - [TEST_STEP][PASSED] - slurper = new groovy.json.JsonSlurper(): null

2022-11-24 16:51:27 - [TEST_STEP][PASSED] - result = slurper.parseText(req_data.getResponseBodyContent()): null

2022-11-24 16:51:27 - [TEST_STEP][PASSED] - reqid_kons = requestid1: null

2022-11-24 16:51:27 - [TEST_STEP][PASSED] - reqid_spouse = requestid2: null

2022-11-24 16:51:27 - [TEST_STEP][PASSED] - println("requestid kons : " + reqid_kons): null

2022-11-24 16:51:27 - [TEST_STEP][PASSED] - response_searchME_kons = reqid_kons: null

2022-11-24 16:51:27 - [TEST_STEP][PASSED] - response_searchME_spouse = reqid_spouse: null

2022-11-24 16:51:27 - [TEST_STEP][PASSED] - println("kons req id is :" + response_searchME_kons): null

2022-11-24 16:51:27 - [TEST_STEP][PASSED] - println("spouse req id is : " + response_searchME_spouse): null

2022-11-24 16:51:27 - [TEST_STEP][PASSED] - verifyResponseStatusCode(req_data, 200): Verify response status code successfully

2022-11-24 16:51:27 - [MESSAGE][PASSED] - Verify response status code successfully

2022-11-24 16:51:27 - [TEST_STEP][PASSED] - response = req_data.getResponseText(): null

2022-11-24 16:51:27 - [TEST_STEP][PASSED] - logInfo($response): {"status":"Done","data":{"requestid1":"253972","requestid2":"253973"}}

2022-11-24 16:51:27 - [MESSAGE][INFO] - {"status":"Done","data":{"requestid1":"253972","requestid2":"253973"}}

2022-11-24 16:51:27 - [TEST_STEP][PASSED] - delay(5): Delayed 5 second(s)

2022-11-24 16:51:32 - [MESSAGE][PASSED] - Delayed 5 second(s)

2022-11-24 16:51:32 - [TEST_STEP][PASSED] - scoring = sendRequest(findTestObject("EngineScore", ["response_searchME_kons":response_searchME_kons, "response_searchME_spouse":response_searchME_spouse])): Send request successfully

2022-11-24 16:51:32 - [MESSAGE][INFO] - HAR: D:\DMS\Engine Scoring\Reports\20221124_164440\Exclude KKB - DS - Married\Scoring Married - DS\20221124_164440\requests\main\115.har

2022-11-24 16:51:32 - [MESSAGE][PASSED] - Send request successfully

2022-11-24 16:51:32 - [TEST_STEP][PASSED] - verifyResponseStatusCode(scoring, 200): Verify response status code successfully

2022-11-24 16:51:32 - [MESSAGE][PASSED] - Verify response status code successfully

2022-11-24 16:51:32 - [TEST_STEP][PASSED] - response2 = scoring.getResponseText(): null

2022-11-24 16:51:32 - [TEST_STEP][PASSED] - markPassed("result service data ke : " + no): result service data ke : 58

2022-11-24 16:51:32 - [MESSAGE][PASSED] - result service data ke : 58

2022-11-24 16:51:32 - [TEST_STEP][PASSED] - logInfo($response2): {"result_konsumen":"Approve","result_pasangan":"Reguler","Final_result":"Approve","errorMessage":"","status":"Done"}

2022-11-24 16:51:32 - [MESSAGE][INFO] - {"result_konsumen":"Approve","result_pasangan":"Reguler","Final_result":"Approve","errorMessage":"","status":"Done"}

2022-11-24 16:51:32 - [TEST_STEP][PASSED] - verifyElementPropertyValue(scoring, "Final_result", final_result): Verify element property value successfully

2022-11-24 16:51:32 - [MESSAGE][PASSED] - Verify element property value successfully]]></system-out>
         <system-err><![CDATA[]]></system-err>
      </testcase>
      <testcase name="Test Cases/Engine_Scoring/Engine Scoring" time="6.824" classname="Test Cases/Engine_Scoring/Engine Scoring" status="PASSED">
         <system-out><![CDATA[2022-11-24 16:51:32 - [TEST_CASE][PASSED] - Test Cases/Engine_Scoring/Engine Scoring: Test Cases/Engine_Scoring/Engine Scoring

2022-11-24 16:51:33 - [TEST_STEP][PASSED] - markPassed("Variasi data ke : " + no): Variasi data ke : 59

2022-11-24 16:51:33 - [MESSAGE][PASSED] - Variasi data ke : 59

2022-11-24 16:51:33 - [TEST_STEP][PASSED] - req_data = sendRequest(findTestObject("Search_ME", ["MID":MID, "source":source, "ip":ip, "userid":userid, "branch":branch, "tipekons":tipekons, "marital":marital, "penjamin":penjamin, ... ])): Send request successfully

2022-11-24 16:51:34 - [MESSAGE][INFO] - HAR: D:\DMS\Engine Scoring\Reports\20221124_164440\Exclude KKB - DS - Married\Scoring Married - DS\20221124_164440\requests\main\116.har

2022-11-24 16:51:34 - [MESSAGE][PASSED] - Send request successfully

2022-11-24 16:51:34 - [TEST_STEP][PASSED] - slurper = new groovy.json.JsonSlurper(): null

2022-11-24 16:51:34 - [TEST_STEP][PASSED] - result = slurper.parseText(req_data.getResponseBodyContent()): null

2022-11-24 16:51:34 - [TEST_STEP][PASSED] - reqid_kons = requestid1: null

2022-11-24 16:51:34 - [TEST_STEP][PASSED] - reqid_spouse = requestid2: null

2022-11-24 16:51:34 - [TEST_STEP][PASSED] - println("requestid kons : " + reqid_kons): null

2022-11-24 16:51:34 - [TEST_STEP][PASSED] - response_searchME_kons = reqid_kons: null

2022-11-24 16:51:34 - [TEST_STEP][PASSED] - response_searchME_spouse = reqid_spouse: null

2022-11-24 16:51:34 - [TEST_STEP][PASSED] - println("kons req id is :" + response_searchME_kons): null

2022-11-24 16:51:34 - [TEST_STEP][PASSED] - println("spouse req id is : " + response_searchME_spouse): null

2022-11-24 16:51:34 - [TEST_STEP][PASSED] - verifyResponseStatusCode(req_data, 200): Verify response status code successfully

2022-11-24 16:51:34 - [MESSAGE][PASSED] - Verify response status code successfully

2022-11-24 16:51:34 - [TEST_STEP][PASSED] - response = req_data.getResponseText(): null

2022-11-24 16:51:34 - [TEST_STEP][PASSED] - logInfo($response): {"status":"Done","data":{"requestid1":"253974","requestid2":"253975"}}

2022-11-24 16:51:34 - [MESSAGE][INFO] - {"status":"Done","data":{"requestid1":"253974","requestid2":"253975"}}

2022-11-24 16:51:34 - [TEST_STEP][PASSED] - delay(5): Delayed 5 second(s)

2022-11-24 16:51:39 - [MESSAGE][PASSED] - Delayed 5 second(s)

2022-11-24 16:51:39 - [TEST_STEP][PASSED] - scoring = sendRequest(findTestObject("EngineScore", ["response_searchME_kons":response_searchME_kons, "response_searchME_spouse":response_searchME_spouse])): Send request successfully

2022-11-24 16:51:39 - [MESSAGE][INFO] - HAR: D:\DMS\Engine Scoring\Reports\20221124_164440\Exclude KKB - DS - Married\Scoring Married - DS\20221124_164440\requests\main\117.har

2022-11-24 16:51:39 - [MESSAGE][PASSED] - Send request successfully

2022-11-24 16:51:39 - [TEST_STEP][PASSED] - verifyResponseStatusCode(scoring, 200): Verify response status code successfully

2022-11-24 16:51:39 - [MESSAGE][PASSED] - Verify response status code successfully

2022-11-24 16:51:39 - [TEST_STEP][PASSED] - response2 = scoring.getResponseText(): null

2022-11-24 16:51:39 - [TEST_STEP][PASSED] - markPassed("result service data ke : " + no): result service data ke : 59

2022-11-24 16:51:39 - [MESSAGE][PASSED] - result service data ke : 59

2022-11-24 16:51:39 - [TEST_STEP][PASSED] - logInfo($response2): {"result_konsumen":"Approve","result_pasangan":"Reject","Final_result":"Reject","errorMessage":"","status":"Done"}

2022-11-24 16:51:39 - [MESSAGE][INFO] - {"result_konsumen":"Approve","result_pasangan":"Reject","Final_result":"Reject","errorMessage":"","status":"Done"}

2022-11-24 16:51:39 - [TEST_STEP][PASSED] - verifyElementPropertyValue(scoring, "Final_result", final_result): Verify element property value successfully

2022-11-24 16:51:39 - [MESSAGE][PASSED] - Verify element property value successfully]]></system-out>
         <system-err><![CDATA[]]></system-err>
      </testcase>
      <testcase name="Test Cases/Engine_Scoring/Engine Scoring" time="6.84" classname="Test Cases/Engine_Scoring/Engine Scoring" status="PASSED">
         <system-out><![CDATA[2022-11-24 16:51:39 - [TEST_CASE][PASSED] - Test Cases/Engine_Scoring/Engine Scoring: Test Cases/Engine_Scoring/Engine Scoring

2022-11-24 16:51:40 - [TEST_STEP][PASSED] - markPassed("Variasi data ke : " + no): Variasi data ke : 60

2022-11-24 16:51:40 - [MESSAGE][PASSED] - Variasi data ke : 60

2022-11-24 16:51:40 - [TEST_STEP][PASSED] - req_data = sendRequest(findTestObject("Search_ME", ["MID":MID, "source":source, "ip":ip, "userid":userid, "branch":branch, "tipekons":tipekons, "marital":marital, "penjamin":penjamin, ... ])): Send request successfully

2022-11-24 16:51:41 - [MESSAGE][INFO] - HAR: D:\DMS\Engine Scoring\Reports\20221124_164440\Exclude KKB - DS - Married\Scoring Married - DS\20221124_164440\requests\main\118.har

2022-11-24 16:51:41 - [MESSAGE][PASSED] - Send request successfully

2022-11-24 16:51:41 - [TEST_STEP][PASSED] - slurper = new groovy.json.JsonSlurper(): null

2022-11-24 16:51:41 - [TEST_STEP][PASSED] - result = slurper.parseText(req_data.getResponseBodyContent()): null

2022-11-24 16:51:41 - [TEST_STEP][PASSED] - reqid_kons = requestid1: null

2022-11-24 16:51:41 - [TEST_STEP][PASSED] - reqid_spouse = requestid2: null

2022-11-24 16:51:41 - [TEST_STEP][PASSED] - println("requestid kons : " + reqid_kons): null

2022-11-24 16:51:41 - [TEST_STEP][PASSED] - response_searchME_kons = reqid_kons: null

2022-11-24 16:51:41 - [TEST_STEP][PASSED] - response_searchME_spouse = reqid_spouse: null

2022-11-24 16:51:41 - [TEST_STEP][PASSED] - println("kons req id is :" + response_searchME_kons): null

2022-11-24 16:51:41 - [TEST_STEP][PASSED] - println("spouse req id is : " + response_searchME_spouse): null

2022-11-24 16:51:41 - [TEST_STEP][PASSED] - verifyResponseStatusCode(req_data, 200): Verify response status code successfully

2022-11-24 16:51:41 - [MESSAGE][PASSED] - Verify response status code successfully

2022-11-24 16:51:41 - [TEST_STEP][PASSED] - response = req_data.getResponseText(): null

2022-11-24 16:51:41 - [TEST_STEP][PASSED] - logInfo($response): {"status":"Done","data":{"requestid1":"253976","requestid2":"253977"}}

2022-11-24 16:51:41 - [MESSAGE][INFO] - {"status":"Done","data":{"requestid1":"253976","requestid2":"253977"}}

2022-11-24 16:51:41 - [TEST_STEP][PASSED] - delay(5): Delayed 5 second(s)

2022-11-24 16:51:46 - [MESSAGE][PASSED] - Delayed 5 second(s)

2022-11-24 16:51:46 - [TEST_STEP][PASSED] - scoring = sendRequest(findTestObject("EngineScore", ["response_searchME_kons":response_searchME_kons, "response_searchME_spouse":response_searchME_spouse])): Send request successfully

2022-11-24 16:51:46 - [MESSAGE][INFO] - HAR: D:\DMS\Engine Scoring\Reports\20221124_164440\Exclude KKB - DS - Married\Scoring Married - DS\20221124_164440\requests\main\119.har

2022-11-24 16:51:46 - [MESSAGE][PASSED] - Send request successfully

2022-11-24 16:51:46 - [TEST_STEP][PASSED] - verifyResponseStatusCode(scoring, 200): Verify response status code successfully

2022-11-24 16:51:46 - [MESSAGE][PASSED] - Verify response status code successfully

2022-11-24 16:51:46 - [TEST_STEP][PASSED] - response2 = scoring.getResponseText(): null

2022-11-24 16:51:46 - [TEST_STEP][PASSED] - markPassed("result service data ke : " + no): result service data ke : 60

2022-11-24 16:51:46 - [MESSAGE][PASSED] - result service data ke : 60

2022-11-24 16:51:46 - [TEST_STEP][PASSED] - logInfo($response2): {"result_konsumen":"Approve","result_pasangan":"Reject","Final_result":"Reject","errorMessage":"","status":"Done"}

2022-11-24 16:51:46 - [MESSAGE][INFO] - {"result_konsumen":"Approve","result_pasangan":"Reject","Final_result":"Reject","errorMessage":"","status":"Done"}

2022-11-24 16:51:46 - [TEST_STEP][PASSED] - verifyElementPropertyValue(scoring, "Final_result", final_result): Verify element property value successfully

2022-11-24 16:51:46 - [MESSAGE][PASSED] - Verify element property value successfully]]></system-out>
         <system-err><![CDATA[]]></system-err>
      </testcase>
      <testcase name="Test Cases/Engine_Scoring/Engine Scoring" time="6.717" classname="Test Cases/Engine_Scoring/Engine Scoring" status="PASSED">
         <system-out><![CDATA[2022-11-24 16:51:46 - [TEST_CASE][PASSED] - Test Cases/Engine_Scoring/Engine Scoring: Test Cases/Engine_Scoring/Engine Scoring

2022-11-24 16:51:47 - [TEST_STEP][PASSED] - markPassed("Variasi data ke : " + no): Variasi data ke : 61

2022-11-24 16:51:47 - [MESSAGE][PASSED] - Variasi data ke : 61

2022-11-24 16:51:47 - [TEST_STEP][PASSED] - req_data = sendRequest(findTestObject("Search_ME", ["MID":MID, "source":source, "ip":ip, "userid":userid, "branch":branch, "tipekons":tipekons, "marital":marital, "penjamin":penjamin, ... ])): Send request successfully

2022-11-24 16:51:48 - [MESSAGE][INFO] - HAR: D:\DMS\Engine Scoring\Reports\20221124_164440\Exclude KKB - DS - Married\Scoring Married - DS\20221124_164440\requests\main\120.har

2022-11-24 16:51:48 - [MESSAGE][PASSED] - Send request successfully

2022-11-24 16:51:48 - [TEST_STEP][PASSED] - slurper = new groovy.json.JsonSlurper(): null

2022-11-24 16:51:48 - [TEST_STEP][PASSED] - result = slurper.parseText(req_data.getResponseBodyContent()): null

2022-11-24 16:51:48 - [TEST_STEP][PASSED] - reqid_kons = requestid1: null

2022-11-24 16:51:48 - [TEST_STEP][PASSED] - reqid_spouse = requestid2: null

2022-11-24 16:51:48 - [TEST_STEP][PASSED] - println("requestid kons : " + reqid_kons): null

2022-11-24 16:51:48 - [TEST_STEP][PASSED] - response_searchME_kons = reqid_kons: null

2022-11-24 16:51:48 - [TEST_STEP][PASSED] - response_searchME_spouse = reqid_spouse: null

2022-11-24 16:51:48 - [TEST_STEP][PASSED] - println("kons req id is :" + response_searchME_kons): null

2022-11-24 16:51:48 - [TEST_STEP][PASSED] - println("spouse req id is : " + response_searchME_spouse): null

2022-11-24 16:51:48 - [TEST_STEP][PASSED] - verifyResponseStatusCode(req_data, 200): Verify response status code successfully

2022-11-24 16:51:48 - [MESSAGE][PASSED] - Verify response status code successfully

2022-11-24 16:51:48 - [TEST_STEP][PASSED] - response = req_data.getResponseText(): null

2022-11-24 16:51:48 - [TEST_STEP][PASSED] - logInfo($response): {"status":"Done","data":{"requestid1":"253978","requestid2":"253979"}}

2022-11-24 16:51:48 - [MESSAGE][INFO] - {"status":"Done","data":{"requestid1":"253978","requestid2":"253979"}}

2022-11-24 16:51:48 - [TEST_STEP][PASSED] - delay(5): Delayed 5 second(s)

2022-11-24 16:51:53 - [MESSAGE][PASSED] - Delayed 5 second(s)

2022-11-24 16:51:53 - [TEST_STEP][PASSED] - scoring = sendRequest(findTestObject("EngineScore", ["response_searchME_kons":response_searchME_kons, "response_searchME_spouse":response_searchME_spouse])): Send request successfully

2022-11-24 16:51:53 - [MESSAGE][INFO] - HAR: D:\DMS\Engine Scoring\Reports\20221124_164440\Exclude KKB - DS - Married\Scoring Married - DS\20221124_164440\requests\main\121.har

2022-11-24 16:51:53 - [MESSAGE][PASSED] - Send request successfully

2022-11-24 16:51:53 - [TEST_STEP][PASSED] - verifyResponseStatusCode(scoring, 200): Verify response status code successfully

2022-11-24 16:51:53 - [MESSAGE][PASSED] - Verify response status code successfully

2022-11-24 16:51:53 - [TEST_STEP][PASSED] - response2 = scoring.getResponseText(): null

2022-11-24 16:51:53 - [TEST_STEP][PASSED] - markPassed("result service data ke : " + no): result service data ke : 61

2022-11-24 16:51:53 - [MESSAGE][PASSED] - result service data ke : 61

2022-11-24 16:51:53 - [TEST_STEP][PASSED] - logInfo($response2): {"result_konsumen":"Approve","result_pasangan":"Reguler","Final_result":"Approve","errorMessage":"","status":"Done"}

2022-11-24 16:51:53 - [MESSAGE][INFO] - {"result_konsumen":"Approve","result_pasangan":"Reguler","Final_result":"Approve","errorMessage":"","status":"Done"}

2022-11-24 16:51:53 - [TEST_STEP][PASSED] - verifyElementPropertyValue(scoring, "Final_result", final_result): Verify element property value successfully

2022-11-24 16:51:53 - [MESSAGE][PASSED] - Verify element property value successfully]]></system-out>
         <system-err><![CDATA[]]></system-err>
      </testcase>
      <testcase name="Test Cases/Engine_Scoring/Engine Scoring" time="6.808" classname="Test Cases/Engine_Scoring/Engine Scoring" status="PASSED">
         <system-out><![CDATA[2022-11-24 16:51:53 - [TEST_CASE][PASSED] - Test Cases/Engine_Scoring/Engine Scoring: Test Cases/Engine_Scoring/Engine Scoring

2022-11-24 16:51:54 - [TEST_STEP][PASSED] - markPassed("Variasi data ke : " + no): Variasi data ke : 62

2022-11-24 16:51:54 - [MESSAGE][PASSED] - Variasi data ke : 62

2022-11-24 16:51:54 - [TEST_STEP][PASSED] - req_data = sendRequest(findTestObject("Search_ME", ["MID":MID, "source":source, "ip":ip, "userid":userid, "branch":branch, "tipekons":tipekons, "marital":marital, "penjamin":penjamin, ... ])): Send request successfully

2022-11-24 16:51:55 - [MESSAGE][INFO] - HAR: D:\DMS\Engine Scoring\Reports\20221124_164440\Exclude KKB - DS - Married\Scoring Married - DS\20221124_164440\requests\main\122.har

2022-11-24 16:51:55 - [MESSAGE][PASSED] - Send request successfully

2022-11-24 16:51:55 - [TEST_STEP][PASSED] - slurper = new groovy.json.JsonSlurper(): null

2022-11-24 16:51:55 - [TEST_STEP][PASSED] - result = slurper.parseText(req_data.getResponseBodyContent()): null

2022-11-24 16:51:55 - [TEST_STEP][PASSED] - reqid_kons = requestid1: null

2022-11-24 16:51:55 - [TEST_STEP][PASSED] - reqid_spouse = requestid2: null

2022-11-24 16:51:55 - [TEST_STEP][PASSED] - println("requestid kons : " + reqid_kons): null

2022-11-24 16:51:55 - [TEST_STEP][PASSED] - response_searchME_kons = reqid_kons: null

2022-11-24 16:51:55 - [TEST_STEP][PASSED] - response_searchME_spouse = reqid_spouse: null

2022-11-24 16:51:55 - [TEST_STEP][PASSED] - println("kons req id is :" + response_searchME_kons): null

2022-11-24 16:51:55 - [TEST_STEP][PASSED] - println("spouse req id is : " + response_searchME_spouse): null

2022-11-24 16:51:55 - [TEST_STEP][PASSED] - verifyResponseStatusCode(req_data, 200): Verify response status code successfully

2022-11-24 16:51:55 - [MESSAGE][PASSED] - Verify response status code successfully

2022-11-24 16:51:55 - [TEST_STEP][PASSED] - response = req_data.getResponseText(): null

2022-11-24 16:51:55 - [TEST_STEP][PASSED] - logInfo($response): {"status":"Done","data":{"requestid1":"253980","requestid2":"253981"}}

2022-11-24 16:51:55 - [MESSAGE][INFO] - {"status":"Done","data":{"requestid1":"253980","requestid2":"253981"}}

2022-11-24 16:51:55 - [TEST_STEP][PASSED] - delay(5): Delayed 5 second(s)

2022-11-24 16:52:00 - [MESSAGE][PASSED] - Delayed 5 second(s)

2022-11-24 16:52:00 - [TEST_STEP][PASSED] - scoring = sendRequest(findTestObject("EngineScore", ["response_searchME_kons":response_searchME_kons, "response_searchME_spouse":response_searchME_spouse])): Send request successfully

2022-11-24 16:52:00 - [MESSAGE][INFO] - HAR: D:\DMS\Engine Scoring\Reports\20221124_164440\Exclude KKB - DS - Married\Scoring Married - DS\20221124_164440\requests\main\123.har

2022-11-24 16:52:00 - [MESSAGE][PASSED] - Send request successfully

2022-11-24 16:52:00 - [TEST_STEP][PASSED] - verifyResponseStatusCode(scoring, 200): Verify response status code successfully

2022-11-24 16:52:00 - [MESSAGE][PASSED] - Verify response status code successfully

2022-11-24 16:52:00 - [TEST_STEP][PASSED] - response2 = scoring.getResponseText(): null

2022-11-24 16:52:00 - [TEST_STEP][PASSED] - markPassed("result service data ke : " + no): result service data ke : 62

2022-11-24 16:52:00 - [MESSAGE][PASSED] - result service data ke : 62

2022-11-24 16:52:00 - [TEST_STEP][PASSED] - logInfo($response2): {"result_konsumen":"Approve","result_pasangan":"Reguler","Final_result":"Approve","errorMessage":"","status":"Done"}

2022-11-24 16:52:00 - [MESSAGE][INFO] - {"result_konsumen":"Approve","result_pasangan":"Reguler","Final_result":"Approve","errorMessage":"","status":"Done"}

2022-11-24 16:52:00 - [TEST_STEP][PASSED] - verifyElementPropertyValue(scoring, "Final_result", final_result): Verify element property value successfully

2022-11-24 16:52:00 - [MESSAGE][PASSED] - Verify element property value successfully]]></system-out>
         <system-err><![CDATA[]]></system-err>
      </testcase>
      <testcase name="Test Cases/Engine_Scoring/Engine Scoring" time="6.872" classname="Test Cases/Engine_Scoring/Engine Scoring" status="PASSED">
         <system-out><![CDATA[2022-11-24 16:52:00 - [TEST_CASE][PASSED] - Test Cases/Engine_Scoring/Engine Scoring: Test Cases/Engine_Scoring/Engine Scoring

2022-11-24 16:52:01 - [TEST_STEP][PASSED] - markPassed("Variasi data ke : " + no): Variasi data ke : 63

2022-11-24 16:52:01 - [MESSAGE][PASSED] - Variasi data ke : 63

2022-11-24 16:52:01 - [TEST_STEP][PASSED] - req_data = sendRequest(findTestObject("Search_ME", ["MID":MID, "source":source, "ip":ip, "userid":userid, "branch":branch, "tipekons":tipekons, "marital":marital, "penjamin":penjamin, ... ])): Send request successfully

2022-11-24 16:52:02 - [MESSAGE][INFO] - HAR: D:\DMS\Engine Scoring\Reports\20221124_164440\Exclude KKB - DS - Married\Scoring Married - DS\20221124_164440\requests\main\124.har

2022-11-24 16:52:02 - [MESSAGE][PASSED] - Send request successfully

2022-11-24 16:52:02 - [TEST_STEP][PASSED] - slurper = new groovy.json.JsonSlurper(): null

2022-11-24 16:52:02 - [TEST_STEP][PASSED] - result = slurper.parseText(req_data.getResponseBodyContent()): null

2022-11-24 16:52:02 - [TEST_STEP][PASSED] - reqid_kons = requestid1: null

2022-11-24 16:52:02 - [TEST_STEP][PASSED] - reqid_spouse = requestid2: null

2022-11-24 16:52:02 - [TEST_STEP][PASSED] - println("requestid kons : " + reqid_kons): null

2022-11-24 16:52:02 - [TEST_STEP][PASSED] - response_searchME_kons = reqid_kons: null

2022-11-24 16:52:02 - [TEST_STEP][PASSED] - response_searchME_spouse = reqid_spouse: null

2022-11-24 16:52:02 - [TEST_STEP][PASSED] - println("kons req id is :" + response_searchME_kons): null

2022-11-24 16:52:02 - [TEST_STEP][PASSED] - println("spouse req id is : " + response_searchME_spouse): null

2022-11-24 16:52:02 - [TEST_STEP][PASSED] - verifyResponseStatusCode(req_data, 200): Verify response status code successfully

2022-11-24 16:52:02 - [MESSAGE][PASSED] - Verify response status code successfully

2022-11-24 16:52:02 - [TEST_STEP][PASSED] - response = req_data.getResponseText(): null

2022-11-24 16:52:02 - [TEST_STEP][PASSED] - logInfo($response): {"status":"Done","data":{"requestid1":"253982","requestid2":"253983"}}

2022-11-24 16:52:02 - [MESSAGE][INFO] - {"status":"Done","data":{"requestid1":"253982","requestid2":"253983"}}

2022-11-24 16:52:02 - [TEST_STEP][PASSED] - delay(5): Delayed 5 second(s)

2022-11-24 16:52:07 - [MESSAGE][PASSED] - Delayed 5 second(s)

2022-11-24 16:52:07 - [TEST_STEP][PASSED] - scoring = sendRequest(findTestObject("EngineScore", ["response_searchME_kons":response_searchME_kons, "response_searchME_spouse":response_searchME_spouse])): Send request successfully

2022-11-24 16:52:07 - [MESSAGE][INFO] - HAR: D:\DMS\Engine Scoring\Reports\20221124_164440\Exclude KKB - DS - Married\Scoring Married - DS\20221124_164440\requests\main\125.har

2022-11-24 16:52:07 - [MESSAGE][PASSED] - Send request successfully

2022-11-24 16:52:07 - [TEST_STEP][PASSED] - verifyResponseStatusCode(scoring, 200): Verify response status code successfully

2022-11-24 16:52:07 - [MESSAGE][PASSED] - Verify response status code successfully

2022-11-24 16:52:07 - [TEST_STEP][PASSED] - response2 = scoring.getResponseText(): null

2022-11-24 16:52:07 - [TEST_STEP][PASSED] - markPassed("result service data ke : " + no): result service data ke : 63

2022-11-24 16:52:07 - [MESSAGE][PASSED] - result service data ke : 63

2022-11-24 16:52:07 - [TEST_STEP][PASSED] - logInfo($response2): {"result_konsumen":"Approve","result_pasangan":"Reguler","Final_result":"Approve","errorMessage":"","status":"Done"}

2022-11-24 16:52:07 - [MESSAGE][INFO] - {"result_konsumen":"Approve","result_pasangan":"Reguler","Final_result":"Approve","errorMessage":"","status":"Done"}

2022-11-24 16:52:07 - [TEST_STEP][PASSED] - verifyElementPropertyValue(scoring, "Final_result", final_result): Verify element property value successfully

2022-11-24 16:52:07 - [MESSAGE][PASSED] - Verify element property value successfully]]></system-out>
         <system-err><![CDATA[]]></system-err>
      </testcase>
      <testcase name="Test Cases/Engine_Scoring/Engine Scoring" time="6.764" classname="Test Cases/Engine_Scoring/Engine Scoring" status="PASSED">
         <system-out><![CDATA[2022-11-24 16:52:07 - [TEST_CASE][PASSED] - Test Cases/Engine_Scoring/Engine Scoring: Test Cases/Engine_Scoring/Engine Scoring

2022-11-24 16:52:08 - [TEST_STEP][PASSED] - markPassed("Variasi data ke : " + no): Variasi data ke : 64

2022-11-24 16:52:08 - [MESSAGE][PASSED] - Variasi data ke : 64

2022-11-24 16:52:08 - [TEST_STEP][PASSED] - req_data = sendRequest(findTestObject("Search_ME", ["MID":MID, "source":source, "ip":ip, "userid":userid, "branch":branch, "tipekons":tipekons, "marital":marital, "penjamin":penjamin, ... ])): Send request successfully

2022-11-24 16:52:08 - [MESSAGE][INFO] - HAR: D:\DMS\Engine Scoring\Reports\20221124_164440\Exclude KKB - DS - Married\Scoring Married - DS\20221124_164440\requests\main\126.har

2022-11-24 16:52:08 - [MESSAGE][PASSED] - Send request successfully

2022-11-24 16:52:08 - [TEST_STEP][PASSED] - slurper = new groovy.json.JsonSlurper(): null

2022-11-24 16:52:08 - [TEST_STEP][PASSED] - result = slurper.parseText(req_data.getResponseBodyContent()): null

2022-11-24 16:52:08 - [TEST_STEP][PASSED] - reqid_kons = requestid1: null

2022-11-24 16:52:08 - [TEST_STEP][PASSED] - reqid_spouse = requestid2: null

2022-11-24 16:52:08 - [TEST_STEP][PASSED] - println("requestid kons : " + reqid_kons): null

2022-11-24 16:52:08 - [TEST_STEP][PASSED] - response_searchME_kons = reqid_kons: null

2022-11-24 16:52:08 - [TEST_STEP][PASSED] - response_searchME_spouse = reqid_spouse: null

2022-11-24 16:52:08 - [TEST_STEP][PASSED] - println("kons req id is :" + response_searchME_kons): null

2022-11-24 16:52:08 - [TEST_STEP][PASSED] - println("spouse req id is : " + response_searchME_spouse): null

2022-11-24 16:52:08 - [TEST_STEP][PASSED] - verifyResponseStatusCode(req_data, 200): Verify response status code successfully

2022-11-24 16:52:08 - [MESSAGE][PASSED] - Verify response status code successfully

2022-11-24 16:52:08 - [TEST_STEP][PASSED] - response = req_data.getResponseText(): null

2022-11-24 16:52:08 - [TEST_STEP][PASSED] - logInfo($response): {"status":"Done","data":{"requestid1":"253984","requestid2":"253985"}}

2022-11-24 16:52:08 - [MESSAGE][INFO] - {"status":"Done","data":{"requestid1":"253984","requestid2":"253985"}}

2022-11-24 16:52:08 - [TEST_STEP][PASSED] - delay(5): Delayed 5 second(s)

2022-11-24 16:52:13 - [MESSAGE][PASSED] - Delayed 5 second(s)

2022-11-24 16:52:13 - [TEST_STEP][PASSED] - scoring = sendRequest(findTestObject("EngineScore", ["response_searchME_kons":response_searchME_kons, "response_searchME_spouse":response_searchME_spouse])): Send request successfully

2022-11-24 16:52:14 - [MESSAGE][INFO] - HAR: D:\DMS\Engine Scoring\Reports\20221124_164440\Exclude KKB - DS - Married\Scoring Married - DS\20221124_164440\requests\main\127.har

2022-11-24 16:52:14 - [MESSAGE][PASSED] - Send request successfully

2022-11-24 16:52:14 - [TEST_STEP][PASSED] - verifyResponseStatusCode(scoring, 200): Verify response status code successfully

2022-11-24 16:52:14 - [MESSAGE][PASSED] - Verify response status code successfully

2022-11-24 16:52:14 - [TEST_STEP][PASSED] - response2 = scoring.getResponseText(): null

2022-11-24 16:52:14 - [TEST_STEP][PASSED] - markPassed("result service data ke : " + no): result service data ke : 64

2022-11-24 16:52:14 - [MESSAGE][PASSED] - result service data ke : 64

2022-11-24 16:52:14 - [TEST_STEP][PASSED] - logInfo($response2): {"result_konsumen":"Approve","result_pasangan":"Approve","Final_result":"Approve","errorMessage":"","status":"Done"}

2022-11-24 16:52:14 - [MESSAGE][INFO] - {"result_konsumen":"Approve","result_pasangan":"Approve","Final_result":"Approve","errorMessage":"","status":"Done"}

2022-11-24 16:52:14 - [TEST_STEP][PASSED] - verifyElementPropertyValue(scoring, "Final_result", final_result): Verify element property value successfully

2022-11-24 16:52:14 - [MESSAGE][PASSED] - Verify element property value successfully]]></system-out>
         <system-err><![CDATA[]]></system-err>
      </testcase>
      <testcase name="Test Cases/Engine_Scoring/Engine Scoring" time="6.724" classname="Test Cases/Engine_Scoring/Engine Scoring" status="PASSED">
         <system-out><![CDATA[2022-11-24 16:52:14 - [TEST_CASE][PASSED] - Test Cases/Engine_Scoring/Engine Scoring: Test Cases/Engine_Scoring/Engine Scoring

2022-11-24 16:52:14 - [TEST_STEP][PASSED] - markPassed("Variasi data ke : " + no): Variasi data ke : 65

2022-11-24 16:52:14 - [MESSAGE][PASSED] - Variasi data ke : 65

2022-11-24 16:52:14 - [TEST_STEP][PASSED] - req_data = sendRequest(findTestObject("Search_ME", ["MID":MID, "source":source, "ip":ip, "userid":userid, "branch":branch, "tipekons":tipekons, "marital":marital, "penjamin":penjamin, ... ])): Send request successfully

2022-11-24 16:52:15 - [MESSAGE][INFO] - HAR: D:\DMS\Engine Scoring\Reports\20221124_164440\Exclude KKB - DS - Married\Scoring Married - DS\20221124_164440\requests\main\128.har

2022-11-24 16:52:15 - [MESSAGE][PASSED] - Send request successfully

2022-11-24 16:52:15 - [TEST_STEP][PASSED] - slurper = new groovy.json.JsonSlurper(): null

2022-11-24 16:52:15 - [TEST_STEP][PASSED] - result = slurper.parseText(req_data.getResponseBodyContent()): null

2022-11-24 16:52:15 - [TEST_STEP][PASSED] - reqid_kons = requestid1: null

2022-11-24 16:52:15 - [TEST_STEP][PASSED] - reqid_spouse = requestid2: null

2022-11-24 16:52:15 - [TEST_STEP][PASSED] - println("requestid kons : " + reqid_kons): null

2022-11-24 16:52:15 - [TEST_STEP][PASSED] - response_searchME_kons = reqid_kons: null

2022-11-24 16:52:15 - [TEST_STEP][PASSED] - response_searchME_spouse = reqid_spouse: null

2022-11-24 16:52:15 - [TEST_STEP][PASSED] - println("kons req id is :" + response_searchME_kons): null

2022-11-24 16:52:15 - [TEST_STEP][PASSED] - println("spouse req id is : " + response_searchME_spouse): null

2022-11-24 16:52:15 - [TEST_STEP][PASSED] - verifyResponseStatusCode(req_data, 200): Verify response status code successfully

2022-11-24 16:52:15 - [MESSAGE][PASSED] - Verify response status code successfully

2022-11-24 16:52:15 - [TEST_STEP][PASSED] - response = req_data.getResponseText(): null

2022-11-24 16:52:15 - [TEST_STEP][PASSED] - logInfo($response): {"status":"Done","data":{"requestid1":"253986","requestid2":"253987"}}

2022-11-24 16:52:15 - [MESSAGE][INFO] - {"status":"Done","data":{"requestid1":"253986","requestid2":"253987"}}

2022-11-24 16:52:15 - [TEST_STEP][PASSED] - delay(5): Delayed 5 second(s)

2022-11-24 16:52:20 - [MESSAGE][PASSED] - Delayed 5 second(s)

2022-11-24 16:52:20 - [TEST_STEP][PASSED] - scoring = sendRequest(findTestObject("EngineScore", ["response_searchME_kons":response_searchME_kons, "response_searchME_spouse":response_searchME_spouse])): Send request successfully

2022-11-24 16:52:20 - [MESSAGE][INFO] - HAR: D:\DMS\Engine Scoring\Reports\20221124_164440\Exclude KKB - DS - Married\Scoring Married - DS\20221124_164440\requests\main\129.har

2022-11-24 16:52:20 - [MESSAGE][PASSED] - Send request successfully

2022-11-24 16:52:20 - [TEST_STEP][PASSED] - verifyResponseStatusCode(scoring, 200): Verify response status code successfully

2022-11-24 16:52:20 - [MESSAGE][PASSED] - Verify response status code successfully

2022-11-24 16:52:20 - [TEST_STEP][PASSED] - response2 = scoring.getResponseText(): null

2022-11-24 16:52:20 - [TEST_STEP][PASSED] - markPassed("result service data ke : " + no): result service data ke : 65

2022-11-24 16:52:20 - [MESSAGE][PASSED] - result service data ke : 65

2022-11-24 16:52:20 - [TEST_STEP][PASSED] - logInfo($response2): {"result_konsumen":"Approve","result_pasangan":"Approve","Final_result":"Approve","errorMessage":"","status":"Done"}

2022-11-24 16:52:20 - [MESSAGE][INFO] - {"result_konsumen":"Approve","result_pasangan":"Approve","Final_result":"Approve","errorMessage":"","status":"Done"}

2022-11-24 16:52:20 - [TEST_STEP][PASSED] - verifyElementPropertyValue(scoring, "Final_result", final_result): Verify element property value successfully

2022-11-24 16:52:20 - [MESSAGE][PASSED] - Verify element property value successfully]]></system-out>
         <system-err><![CDATA[]]></system-err>
      </testcase>
      <testcase name="Test Cases/Engine_Scoring/Engine Scoring" time="6.704" classname="Test Cases/Engine_Scoring/Engine Scoring" status="PASSED">
         <system-out><![CDATA[2022-11-24 16:52:20 - [TEST_CASE][PASSED] - Test Cases/Engine_Scoring/Engine Scoring: Test Cases/Engine_Scoring/Engine Scoring

2022-11-24 16:52:21 - [TEST_STEP][PASSED] - markPassed("Variasi data ke : " + no): Variasi data ke : 66

2022-11-24 16:52:21 - [MESSAGE][PASSED] - Variasi data ke : 66

2022-11-24 16:52:21 - [TEST_STEP][PASSED] - req_data = sendRequest(findTestObject("Search_ME", ["MID":MID, "source":source, "ip":ip, "userid":userid, "branch":branch, "tipekons":tipekons, "marital":marital, "penjamin":penjamin, ... ])): Send request successfully

2022-11-24 16:52:22 - [MESSAGE][INFO] - HAR: D:\DMS\Engine Scoring\Reports\20221124_164440\Exclude KKB - DS - Married\Scoring Married - DS\20221124_164440\requests\main\130.har

2022-11-24 16:52:22 - [MESSAGE][PASSED] - Send request successfully

2022-11-24 16:52:22 - [TEST_STEP][PASSED] - slurper = new groovy.json.JsonSlurper(): null

2022-11-24 16:52:22 - [TEST_STEP][PASSED] - result = slurper.parseText(req_data.getResponseBodyContent()): null

2022-11-24 16:52:22 - [TEST_STEP][PASSED] - reqid_kons = requestid1: null

2022-11-24 16:52:22 - [TEST_STEP][PASSED] - reqid_spouse = requestid2: null

2022-11-24 16:52:22 - [TEST_STEP][PASSED] - println("requestid kons : " + reqid_kons): null

2022-11-24 16:52:22 - [TEST_STEP][PASSED] - response_searchME_kons = reqid_kons: null

2022-11-24 16:52:22 - [TEST_STEP][PASSED] - response_searchME_spouse = reqid_spouse: null

2022-11-24 16:52:22 - [TEST_STEP][PASSED] - println("kons req id is :" + response_searchME_kons): null

2022-11-24 16:52:22 - [TEST_STEP][PASSED] - println("spouse req id is : " + response_searchME_spouse): null

2022-11-24 16:52:22 - [TEST_STEP][PASSED] - verifyResponseStatusCode(req_data, 200): Verify response status code successfully

2022-11-24 16:52:22 - [MESSAGE][PASSED] - Verify response status code successfully

2022-11-24 16:52:22 - [TEST_STEP][PASSED] - response = req_data.getResponseText(): null

2022-11-24 16:52:22 - [TEST_STEP][PASSED] - logInfo($response): {"status":"Done","data":{"requestid1":"253988","requestid2":"253989"}}

2022-11-24 16:52:22 - [MESSAGE][INFO] - {"status":"Done","data":{"requestid1":"253988","requestid2":"253989"}}

2022-11-24 16:52:22 - [TEST_STEP][PASSED] - delay(5): Delayed 5 second(s)

2022-11-24 16:52:27 - [MESSAGE][PASSED] - Delayed 5 second(s)

2022-11-24 16:52:27 - [TEST_STEP][PASSED] - scoring = sendRequest(findTestObject("EngineScore", ["response_searchME_kons":response_searchME_kons, "response_searchME_spouse":response_searchME_spouse])): Send request successfully

2022-11-24 16:52:27 - [MESSAGE][INFO] - HAR: D:\DMS\Engine Scoring\Reports\20221124_164440\Exclude KKB - DS - Married\Scoring Married - DS\20221124_164440\requests\main\131.har

2022-11-24 16:52:27 - [MESSAGE][PASSED] - Send request successfully

2022-11-24 16:52:27 - [TEST_STEP][PASSED] - verifyResponseStatusCode(scoring, 200): Verify response status code successfully

2022-11-24 16:52:27 - [MESSAGE][PASSED] - Verify response status code successfully

2022-11-24 16:52:27 - [TEST_STEP][PASSED] - response2 = scoring.getResponseText(): null

2022-11-24 16:52:27 - [TEST_STEP][PASSED] - markPassed("result service data ke : " + no): result service data ke : 66

2022-11-24 16:52:27 - [MESSAGE][PASSED] - result service data ke : 66

2022-11-24 16:52:27 - [TEST_STEP][PASSED] - logInfo($response2): {"result_konsumen":"Approve","result_pasangan":"Approve","Final_result":"Approve","errorMessage":"","status":"Done"}

2022-11-24 16:52:27 - [MESSAGE][INFO] - {"result_konsumen":"Approve","result_pasangan":"Approve","Final_result":"Approve","errorMessage":"","status":"Done"}

2022-11-24 16:52:27 - [TEST_STEP][PASSED] - verifyElementPropertyValue(scoring, "Final_result", final_result): Verify element property value successfully

2022-11-24 16:52:27 - [MESSAGE][PASSED] - Verify element property value successfully]]></system-out>
         <system-err><![CDATA[]]></system-err>
      </testcase>
      <testcase name="Test Cases/Engine_Scoring/Engine Scoring" time="6.787" classname="Test Cases/Engine_Scoring/Engine Scoring" status="PASSED">
         <system-out><![CDATA[2022-11-24 16:52:27 - [TEST_CASE][PASSED] - Test Cases/Engine_Scoring/Engine Scoring: Test Cases/Engine_Scoring/Engine Scoring

2022-11-24 16:52:28 - [TEST_STEP][PASSED] - markPassed("Variasi data ke : " + no): Variasi data ke : 67

2022-11-24 16:52:28 - [MESSAGE][PASSED] - Variasi data ke : 67

2022-11-24 16:52:28 - [TEST_STEP][PASSED] - req_data = sendRequest(findTestObject("Search_ME", ["MID":MID, "source":source, "ip":ip, "userid":userid, "branch":branch, "tipekons":tipekons, "marital":marital, "penjamin":penjamin, ... ])): Send request successfully

2022-11-24 16:52:29 - [MESSAGE][INFO] - HAR: D:\DMS\Engine Scoring\Reports\20221124_164440\Exclude KKB - DS - Married\Scoring Married - DS\20221124_164440\requests\main\132.har

2022-11-24 16:52:29 - [MESSAGE][PASSED] - Send request successfully

2022-11-24 16:52:29 - [TEST_STEP][PASSED] - slurper = new groovy.json.JsonSlurper(): null

2022-11-24 16:52:29 - [TEST_STEP][PASSED] - result = slurper.parseText(req_data.getResponseBodyContent()): null

2022-11-24 16:52:29 - [TEST_STEP][PASSED] - reqid_kons = requestid1: null

2022-11-24 16:52:29 - [TEST_STEP][PASSED] - reqid_spouse = requestid2: null

2022-11-24 16:52:29 - [TEST_STEP][PASSED] - println("requestid kons : " + reqid_kons): null

2022-11-24 16:52:29 - [TEST_STEP][PASSED] - response_searchME_kons = reqid_kons: null

2022-11-24 16:52:29 - [TEST_STEP][PASSED] - response_searchME_spouse = reqid_spouse: null

2022-11-24 16:52:29 - [TEST_STEP][PASSED] - println("kons req id is :" + response_searchME_kons): null

2022-11-24 16:52:29 - [TEST_STEP][PASSED] - println("spouse req id is : " + response_searchME_spouse): null

2022-11-24 16:52:29 - [TEST_STEP][PASSED] - verifyResponseStatusCode(req_data, 200): Verify response status code successfully

2022-11-24 16:52:29 - [MESSAGE][PASSED] - Verify response status code successfully

2022-11-24 16:52:29 - [TEST_STEP][PASSED] - response = req_data.getResponseText(): null

2022-11-24 16:52:29 - [TEST_STEP][PASSED] - logInfo($response): {"status":"Done","data":{"requestid1":"253990","requestid2":"253991"}}

2022-11-24 16:52:29 - [MESSAGE][INFO] - {"status":"Done","data":{"requestid1":"253990","requestid2":"253991"}}

2022-11-24 16:52:29 - [TEST_STEP][PASSED] - delay(5): Delayed 5 second(s)

2022-11-24 16:52:34 - [MESSAGE][PASSED] - Delayed 5 second(s)

2022-11-24 16:52:34 - [TEST_STEP][PASSED] - scoring = sendRequest(findTestObject("EngineScore", ["response_searchME_kons":response_searchME_kons, "response_searchME_spouse":response_searchME_spouse])): Send request successfully

2022-11-24 16:52:34 - [MESSAGE][INFO] - HAR: D:\DMS\Engine Scoring\Reports\20221124_164440\Exclude KKB - DS - Married\Scoring Married - DS\20221124_164440\requests\main\133.har

2022-11-24 16:52:34 - [MESSAGE][PASSED] - Send request successfully

2022-11-24 16:52:34 - [TEST_STEP][PASSED] - verifyResponseStatusCode(scoring, 200): Verify response status code successfully

2022-11-24 16:52:34 - [MESSAGE][PASSED] - Verify response status code successfully

2022-11-24 16:52:34 - [TEST_STEP][PASSED] - response2 = scoring.getResponseText(): null

2022-11-24 16:52:34 - [TEST_STEP][PASSED] - markPassed("result service data ke : " + no): result service data ke : 67

2022-11-24 16:52:34 - [MESSAGE][PASSED] - result service data ke : 67

2022-11-24 16:52:34 - [TEST_STEP][PASSED] - logInfo($response2): {"result_konsumen":"Approve","result_pasangan":"Approve","Final_result":"Approve","errorMessage":"","status":"Done"}

2022-11-24 16:52:34 - [MESSAGE][INFO] - {"result_konsumen":"Approve","result_pasangan":"Approve","Final_result":"Approve","errorMessage":"","status":"Done"}

2022-11-24 16:52:34 - [TEST_STEP][PASSED] - verifyElementPropertyValue(scoring, "Final_result", final_result): Verify element property value successfully

2022-11-24 16:52:34 - [MESSAGE][PASSED] - Verify element property value successfully]]></system-out>
         <system-err><![CDATA[]]></system-err>
      </testcase>
      <testcase name="Test Cases/Engine_Scoring/Engine Scoring" time="6.738" classname="Test Cases/Engine_Scoring/Engine Scoring" status="PASSED">
         <system-out><![CDATA[2022-11-24 16:52:34 - [TEST_CASE][PASSED] - Test Cases/Engine_Scoring/Engine Scoring: Test Cases/Engine_Scoring/Engine Scoring

2022-11-24 16:52:35 - [TEST_STEP][PASSED] - markPassed("Variasi data ke : " + no): Variasi data ke : 68

2022-11-24 16:52:35 - [MESSAGE][PASSED] - Variasi data ke : 68

2022-11-24 16:52:35 - [TEST_STEP][PASSED] - req_data = sendRequest(findTestObject("Search_ME", ["MID":MID, "source":source, "ip":ip, "userid":userid, "branch":branch, "tipekons":tipekons, "marital":marital, "penjamin":penjamin, ... ])): Send request successfully

2022-11-24 16:52:36 - [MESSAGE][INFO] - HAR: D:\DMS\Engine Scoring\Reports\20221124_164440\Exclude KKB - DS - Married\Scoring Married - DS\20221124_164440\requests\main\134.har

2022-11-24 16:52:36 - [MESSAGE][PASSED] - Send request successfully

2022-11-24 16:52:36 - [TEST_STEP][PASSED] - slurper = new groovy.json.JsonSlurper(): null

2022-11-24 16:52:36 - [TEST_STEP][PASSED] - result = slurper.parseText(req_data.getResponseBodyContent()): null

2022-11-24 16:52:36 - [TEST_STEP][PASSED] - reqid_kons = requestid1: null

2022-11-24 16:52:36 - [TEST_STEP][PASSED] - reqid_spouse = requestid2: null

2022-11-24 16:52:36 - [TEST_STEP][PASSED] - println("requestid kons : " + reqid_kons): null

2022-11-24 16:52:36 - [TEST_STEP][PASSED] - response_searchME_kons = reqid_kons: null

2022-11-24 16:52:36 - [TEST_STEP][PASSED] - response_searchME_spouse = reqid_spouse: null

2022-11-24 16:52:36 - [TEST_STEP][PASSED] - println("kons req id is :" + response_searchME_kons): null

2022-11-24 16:52:36 - [TEST_STEP][PASSED] - println("spouse req id is : " + response_searchME_spouse): null

2022-11-24 16:52:36 - [TEST_STEP][PASSED] - verifyResponseStatusCode(req_data, 200): Verify response status code successfully

2022-11-24 16:52:36 - [MESSAGE][PASSED] - Verify response status code successfully

2022-11-24 16:52:36 - [TEST_STEP][PASSED] - response = req_data.getResponseText(): null

2022-11-24 16:52:36 - [TEST_STEP][PASSED] - logInfo($response): {"status":"Done","data":{"requestid1":"253992","requestid2":"253993"}}

2022-11-24 16:52:36 - [MESSAGE][INFO] - {"status":"Done","data":{"requestid1":"253992","requestid2":"253993"}}

2022-11-24 16:52:36 - [TEST_STEP][PASSED] - delay(5): Delayed 5 second(s)

2022-11-24 16:52:41 - [MESSAGE][PASSED] - Delayed 5 second(s)

2022-11-24 16:52:41 - [TEST_STEP][PASSED] - scoring = sendRequest(findTestObject("EngineScore", ["response_searchME_kons":response_searchME_kons, "response_searchME_spouse":response_searchME_spouse])): Send request successfully

2022-11-24 16:52:41 - [MESSAGE][INFO] - HAR: D:\DMS\Engine Scoring\Reports\20221124_164440\Exclude KKB - DS - Married\Scoring Married - DS\20221124_164440\requests\main\135.har

2022-11-24 16:52:41 - [MESSAGE][PASSED] - Send request successfully

2022-11-24 16:52:41 - [TEST_STEP][PASSED] - verifyResponseStatusCode(scoring, 200): Verify response status code successfully

2022-11-24 16:52:41 - [MESSAGE][PASSED] - Verify response status code successfully

2022-11-24 16:52:41 - [TEST_STEP][PASSED] - response2 = scoring.getResponseText(): null

2022-11-24 16:52:41 - [TEST_STEP][PASSED] - markPassed("result service data ke : " + no): result service data ke : 68

2022-11-24 16:52:41 - [MESSAGE][PASSED] - result service data ke : 68

2022-11-24 16:52:41 - [TEST_STEP][PASSED] - logInfo($response2): {"result_konsumen":"Approve","result_pasangan":"Reject","Final_result":"Reject","errorMessage":"","status":"Done"}

2022-11-24 16:52:41 - [MESSAGE][INFO] - {"result_konsumen":"Approve","result_pasangan":"Reject","Final_result":"Reject","errorMessage":"","status":"Done"}

2022-11-24 16:52:41 - [TEST_STEP][PASSED] - verifyElementPropertyValue(scoring, "Final_result", final_result): Verify element property value successfully

2022-11-24 16:52:41 - [MESSAGE][PASSED] - Verify element property value successfully]]></system-out>
         <system-err><![CDATA[]]></system-err>
      </testcase>
      <testcase name="Test Cases/Engine_Scoring/Engine Scoring" time="6.769" classname="Test Cases/Engine_Scoring/Engine Scoring" status="PASSED">
         <system-out><![CDATA[2022-11-24 16:52:41 - [TEST_CASE][PASSED] - Test Cases/Engine_Scoring/Engine Scoring: Test Cases/Engine_Scoring/Engine Scoring

2022-11-24 16:52:42 - [TEST_STEP][PASSED] - markPassed("Variasi data ke : " + no): Variasi data ke : 69

2022-11-24 16:52:42 - [MESSAGE][PASSED] - Variasi data ke : 69

2022-11-24 16:52:42 - [TEST_STEP][PASSED] - req_data = sendRequest(findTestObject("Search_ME", ["MID":MID, "source":source, "ip":ip, "userid":userid, "branch":branch, "tipekons":tipekons, "marital":marital, "penjamin":penjamin, ... ])): Send request successfully

2022-11-24 16:52:43 - [MESSAGE][INFO] - HAR: D:\DMS\Engine Scoring\Reports\20221124_164440\Exclude KKB - DS - Married\Scoring Married - DS\20221124_164440\requests\main\136.har

2022-11-24 16:52:43 - [MESSAGE][PASSED] - Send request successfully

2022-11-24 16:52:43 - [TEST_STEP][PASSED] - slurper = new groovy.json.JsonSlurper(): null

2022-11-24 16:52:43 - [TEST_STEP][PASSED] - result = slurper.parseText(req_data.getResponseBodyContent()): null

2022-11-24 16:52:43 - [TEST_STEP][PASSED] - reqid_kons = requestid1: null

2022-11-24 16:52:43 - [TEST_STEP][PASSED] - reqid_spouse = requestid2: null

2022-11-24 16:52:43 - [TEST_STEP][PASSED] - println("requestid kons : " + reqid_kons): null

2022-11-24 16:52:43 - [TEST_STEP][PASSED] - response_searchME_kons = reqid_kons: null

2022-11-24 16:52:43 - [TEST_STEP][PASSED] - response_searchME_spouse = reqid_spouse: null

2022-11-24 16:52:43 - [TEST_STEP][PASSED] - println("kons req id is :" + response_searchME_kons): null

2022-11-24 16:52:43 - [TEST_STEP][PASSED] - println("spouse req id is : " + response_searchME_spouse): null

2022-11-24 16:52:43 - [TEST_STEP][PASSED] - verifyResponseStatusCode(req_data, 200): Verify response status code successfully

2022-11-24 16:52:43 - [MESSAGE][PASSED] - Verify response status code successfully

2022-11-24 16:52:43 - [TEST_STEP][PASSED] - response = req_data.getResponseText(): null

2022-11-24 16:52:43 - [TEST_STEP][PASSED] - logInfo($response): {"status":"Done","data":{"requestid1":"253994","requestid2":"253995"}}

2022-11-24 16:52:43 - [MESSAGE][INFO] - {"status":"Done","data":{"requestid1":"253994","requestid2":"253995"}}

2022-11-24 16:52:43 - [TEST_STEP][PASSED] - delay(5): Delayed 5 second(s)

2022-11-24 16:52:48 - [MESSAGE][PASSED] - Delayed 5 second(s)

2022-11-24 16:52:48 - [TEST_STEP][PASSED] - scoring = sendRequest(findTestObject("EngineScore", ["response_searchME_kons":response_searchME_kons, "response_searchME_spouse":response_searchME_spouse])): Send request successfully

2022-11-24 16:52:48 - [MESSAGE][INFO] - HAR: D:\DMS\Engine Scoring\Reports\20221124_164440\Exclude KKB - DS - Married\Scoring Married - DS\20221124_164440\requests\main\137.har

2022-11-24 16:52:48 - [MESSAGE][PASSED] - Send request successfully

2022-11-24 16:52:48 - [TEST_STEP][PASSED] - verifyResponseStatusCode(scoring, 200): Verify response status code successfully

2022-11-24 16:52:48 - [MESSAGE][PASSED] - Verify response status code successfully

2022-11-24 16:52:48 - [TEST_STEP][PASSED] - response2 = scoring.getResponseText(): null

2022-11-24 16:52:48 - [TEST_STEP][PASSED] - markPassed("result service data ke : " + no): result service data ke : 69

2022-11-24 16:52:48 - [MESSAGE][PASSED] - result service data ke : 69

2022-11-24 16:52:48 - [TEST_STEP][PASSED] - logInfo($response2): {"result_konsumen":"Approve","result_pasangan":"Reject","Final_result":"Reject","errorMessage":"","status":"Done"}

2022-11-24 16:52:48 - [MESSAGE][INFO] - {"result_konsumen":"Approve","result_pasangan":"Reject","Final_result":"Reject","errorMessage":"","status":"Done"}

2022-11-24 16:52:48 - [TEST_STEP][PASSED] - verifyElementPropertyValue(scoring, "Final_result", final_result): Verify element property value successfully

2022-11-24 16:52:48 - [MESSAGE][PASSED] - Verify element property value successfully]]></system-out>
         <system-err><![CDATA[]]></system-err>
      </testcase>
      <testcase name="Test Cases/Engine_Scoring/Engine Scoring" time="6.771" classname="Test Cases/Engine_Scoring/Engine Scoring" status="PASSED">
         <system-out><![CDATA[2022-11-24 16:52:48 - [TEST_CASE][PASSED] - Test Cases/Engine_Scoring/Engine Scoring: Test Cases/Engine_Scoring/Engine Scoring

2022-11-24 16:52:49 - [TEST_STEP][PASSED] - markPassed("Variasi data ke : " + no): Variasi data ke : 70

2022-11-24 16:52:49 - [MESSAGE][PASSED] - Variasi data ke : 70

2022-11-24 16:52:49 - [TEST_STEP][PASSED] - req_data = sendRequest(findTestObject("Search_ME", ["MID":MID, "source":source, "ip":ip, "userid":userid, "branch":branch, "tipekons":tipekons, "marital":marital, "penjamin":penjamin, ... ])): Send request successfully

2022-11-24 16:52:49 - [MESSAGE][INFO] - HAR: D:\DMS\Engine Scoring\Reports\20221124_164440\Exclude KKB - DS - Married\Scoring Married - DS\20221124_164440\requests\main\138.har

2022-11-24 16:52:49 - [MESSAGE][PASSED] - Send request successfully

2022-11-24 16:52:49 - [TEST_STEP][PASSED] - slurper = new groovy.json.JsonSlurper(): null

2022-11-24 16:52:49 - [TEST_STEP][PASSED] - result = slurper.parseText(req_data.getResponseBodyContent()): null

2022-11-24 16:52:49 - [TEST_STEP][PASSED] - reqid_kons = requestid1: null

2022-11-24 16:52:49 - [TEST_STEP][PASSED] - reqid_spouse = requestid2: null

2022-11-24 16:52:49 - [TEST_STEP][PASSED] - println("requestid kons : " + reqid_kons): null

2022-11-24 16:52:49 - [TEST_STEP][PASSED] - response_searchME_kons = reqid_kons: null

2022-11-24 16:52:49 - [TEST_STEP][PASSED] - response_searchME_spouse = reqid_spouse: null

2022-11-24 16:52:49 - [TEST_STEP][PASSED] - println("kons req id is :" + response_searchME_kons): null

2022-11-24 16:52:49 - [TEST_STEP][PASSED] - println("spouse req id is : " + response_searchME_spouse): null

2022-11-24 16:52:49 - [TEST_STEP][PASSED] - verifyResponseStatusCode(req_data, 200): Verify response status code successfully

2022-11-24 16:52:49 - [MESSAGE][PASSED] - Verify response status code successfully

2022-11-24 16:52:49 - [TEST_STEP][PASSED] - response = req_data.getResponseText(): null

2022-11-24 16:52:49 - [TEST_STEP][PASSED] - logInfo($response): {"status":"Done","data":{"requestid1":"253996","requestid2":"253997"}}

2022-11-24 16:52:49 - [MESSAGE][INFO] - {"status":"Done","data":{"requestid1":"253996","requestid2":"253997"}}

2022-11-24 16:52:49 - [TEST_STEP][PASSED] - delay(5): Delayed 5 second(s)

2022-11-24 16:52:54 - [MESSAGE][PASSED] - Delayed 5 second(s)

2022-11-24 16:52:54 - [TEST_STEP][PASSED] - scoring = sendRequest(findTestObject("EngineScore", ["response_searchME_kons":response_searchME_kons, "response_searchME_spouse":response_searchME_spouse])): Send request successfully

2022-11-24 16:52:54 - [MESSAGE][INFO] - HAR: D:\DMS\Engine Scoring\Reports\20221124_164440\Exclude KKB - DS - Married\Scoring Married - DS\20221124_164440\requests\main\139.har

2022-11-24 16:52:54 - [MESSAGE][PASSED] - Send request successfully

2022-11-24 16:52:54 - [TEST_STEP][PASSED] - verifyResponseStatusCode(scoring, 200): Verify response status code successfully

2022-11-24 16:52:54 - [MESSAGE][PASSED] - Verify response status code successfully

2022-11-24 16:52:54 - [TEST_STEP][PASSED] - response2 = scoring.getResponseText(): null

2022-11-24 16:52:54 - [TEST_STEP][PASSED] - markPassed("result service data ke : " + no): result service data ke : 70

2022-11-24 16:52:54 - [MESSAGE][PASSED] - result service data ke : 70

2022-11-24 16:52:54 - [TEST_STEP][PASSED] - logInfo($response2): {"result_konsumen":"Approve","result_pasangan":"Reguler","Final_result":"Approve","errorMessage":"","status":"Done"}

2022-11-24 16:52:54 - [MESSAGE][INFO] - {"result_konsumen":"Approve","result_pasangan":"Reguler","Final_result":"Approve","errorMessage":"","status":"Done"}

2022-11-24 16:52:54 - [TEST_STEP][PASSED] - verifyElementPropertyValue(scoring, "Final_result", final_result): Verify element property value successfully

2022-11-24 16:52:54 - [MESSAGE][PASSED] - Verify element property value successfully]]></system-out>
         <system-err><![CDATA[]]></system-err>
      </testcase>
      <testcase name="Test Cases/Engine_Scoring/Engine Scoring" time="6.831" classname="Test Cases/Engine_Scoring/Engine Scoring" status="PASSED">
         <system-out><![CDATA[2022-11-24 16:52:55 - [TEST_CASE][PASSED] - Test Cases/Engine_Scoring/Engine Scoring: Test Cases/Engine_Scoring/Engine Scoring

2022-11-24 16:52:55 - [TEST_STEP][PASSED] - markPassed("Variasi data ke : " + no): Variasi data ke : 71

2022-11-24 16:52:55 - [MESSAGE][PASSED] - Variasi data ke : 71

2022-11-24 16:52:55 - [TEST_STEP][PASSED] - req_data = sendRequest(findTestObject("Search_ME", ["MID":MID, "source":source, "ip":ip, "userid":userid, "branch":branch, "tipekons":tipekons, "marital":marital, "penjamin":penjamin, ... ])): Send request successfully

2022-11-24 16:52:56 - [MESSAGE][INFO] - HAR: D:\DMS\Engine Scoring\Reports\20221124_164440\Exclude KKB - DS - Married\Scoring Married - DS\20221124_164440\requests\main\140.har

2022-11-24 16:52:56 - [MESSAGE][PASSED] - Send request successfully

2022-11-24 16:52:56 - [TEST_STEP][PASSED] - slurper = new groovy.json.JsonSlurper(): null

2022-11-24 16:52:56 - [TEST_STEP][PASSED] - result = slurper.parseText(req_data.getResponseBodyContent()): null

2022-11-24 16:52:56 - [TEST_STEP][PASSED] - reqid_kons = requestid1: null

2022-11-24 16:52:56 - [TEST_STEP][PASSED] - reqid_spouse = requestid2: null

2022-11-24 16:52:56 - [TEST_STEP][PASSED] - println("requestid kons : " + reqid_kons): null

2022-11-24 16:52:56 - [TEST_STEP][PASSED] - response_searchME_kons = reqid_kons: null

2022-11-24 16:52:56 - [TEST_STEP][PASSED] - response_searchME_spouse = reqid_spouse: null

2022-11-24 16:52:56 - [TEST_STEP][PASSED] - println("kons req id is :" + response_searchME_kons): null

2022-11-24 16:52:56 - [TEST_STEP][PASSED] - println("spouse req id is : " + response_searchME_spouse): null

2022-11-24 16:52:56 - [TEST_STEP][PASSED] - verifyResponseStatusCode(req_data, 200): Verify response status code successfully

2022-11-24 16:52:56 - [MESSAGE][PASSED] - Verify response status code successfully

2022-11-24 16:52:56 - [TEST_STEP][PASSED] - response = req_data.getResponseText(): null

2022-11-24 16:52:56 - [TEST_STEP][PASSED] - logInfo($response): {"status":"Done","data":{"requestid1":"253998","requestid2":"253999"}}

2022-11-24 16:52:56 - [MESSAGE][INFO] - {"status":"Done","data":{"requestid1":"253998","requestid2":"253999"}}

2022-11-24 16:52:56 - [TEST_STEP][PASSED] - delay(5): Delayed 5 second(s)

2022-11-24 16:53:01 - [MESSAGE][PASSED] - Delayed 5 second(s)

2022-11-24 16:53:01 - [TEST_STEP][PASSED] - scoring = sendRequest(findTestObject("EngineScore", ["response_searchME_kons":response_searchME_kons, "response_searchME_spouse":response_searchME_spouse])): Send request successfully

2022-11-24 16:53:01 - [MESSAGE][INFO] - HAR: D:\DMS\Engine Scoring\Reports\20221124_164440\Exclude KKB - DS - Married\Scoring Married - DS\20221124_164440\requests\main\141.har

2022-11-24 16:53:01 - [MESSAGE][PASSED] - Send request successfully

2022-11-24 16:53:01 - [TEST_STEP][PASSED] - verifyResponseStatusCode(scoring, 200): Verify response status code successfully

2022-11-24 16:53:01 - [MESSAGE][PASSED] - Verify response status code successfully

2022-11-24 16:53:01 - [TEST_STEP][PASSED] - response2 = scoring.getResponseText(): null

2022-11-24 16:53:01 - [TEST_STEP][PASSED] - markPassed("result service data ke : " + no): result service data ke : 71

2022-11-24 16:53:01 - [MESSAGE][PASSED] - result service data ke : 71

2022-11-24 16:53:01 - [TEST_STEP][PASSED] - logInfo($response2): {"result_konsumen":"Approve","result_pasangan":"Reguler","Final_result":"Approve","errorMessage":"","status":"Done"}

2022-11-24 16:53:01 - [MESSAGE][INFO] - {"result_konsumen":"Approve","result_pasangan":"Reguler","Final_result":"Approve","errorMessage":"","status":"Done"}

2022-11-24 16:53:01 - [TEST_STEP][PASSED] - verifyElementPropertyValue(scoring, "Final_result", final_result): Verify element property value successfully

2022-11-24 16:53:01 - [MESSAGE][PASSED] - Verify element property value successfully]]></system-out>
         <system-err><![CDATA[]]></system-err>
      </testcase>
      <testcase name="Test Cases/Engine_Scoring/Engine Scoring" time="6.763" classname="Test Cases/Engine_Scoring/Engine Scoring" status="PASSED">
         <system-out><![CDATA[2022-11-24 16:53:01 - [TEST_CASE][PASSED] - Test Cases/Engine_Scoring/Engine Scoring: Test Cases/Engine_Scoring/Engine Scoring

2022-11-24 16:53:02 - [TEST_STEP][PASSED] - markPassed("Variasi data ke : " + no): Variasi data ke : 72

2022-11-24 16:53:02 - [MESSAGE][PASSED] - Variasi data ke : 72

2022-11-24 16:53:02 - [TEST_STEP][PASSED] - req_data = sendRequest(findTestObject("Search_ME", ["MID":MID, "source":source, "ip":ip, "userid":userid, "branch":branch, "tipekons":tipekons, "marital":marital, "penjamin":penjamin, ... ])): Send request successfully

2022-11-24 16:53:03 - [MESSAGE][INFO] - HAR: D:\DMS\Engine Scoring\Reports\20221124_164440\Exclude KKB - DS - Married\Scoring Married - DS\20221124_164440\requests\main\142.har

2022-11-24 16:53:03 - [MESSAGE][PASSED] - Send request successfully

2022-11-24 16:53:03 - [TEST_STEP][PASSED] - slurper = new groovy.json.JsonSlurper(): null

2022-11-24 16:53:03 - [TEST_STEP][PASSED] - result = slurper.parseText(req_data.getResponseBodyContent()): null

2022-11-24 16:53:03 - [TEST_STEP][PASSED] - reqid_kons = requestid1: null

2022-11-24 16:53:03 - [TEST_STEP][PASSED] - reqid_spouse = requestid2: null

2022-11-24 16:53:03 - [TEST_STEP][PASSED] - println("requestid kons : " + reqid_kons): null

2022-11-24 16:53:03 - [TEST_STEP][PASSED] - response_searchME_kons = reqid_kons: null

2022-11-24 16:53:03 - [TEST_STEP][PASSED] - response_searchME_spouse = reqid_spouse: null

2022-11-24 16:53:03 - [TEST_STEP][PASSED] - println("kons req id is :" + response_searchME_kons): null

2022-11-24 16:53:03 - [TEST_STEP][PASSED] - println("spouse req id is : " + response_searchME_spouse): null

2022-11-24 16:53:03 - [TEST_STEP][PASSED] - verifyResponseStatusCode(req_data, 200): Verify response status code successfully

2022-11-24 16:53:03 - [MESSAGE][PASSED] - Verify response status code successfully

2022-11-24 16:53:03 - [TEST_STEP][PASSED] - response = req_data.getResponseText(): null

2022-11-24 16:53:03 - [TEST_STEP][PASSED] - logInfo($response): {"status":"Done","data":{"requestid1":"254000","requestid2":"254001"}}

2022-11-24 16:53:03 - [MESSAGE][INFO] - {"status":"Done","data":{"requestid1":"254000","requestid2":"254001"}}

2022-11-24 16:53:03 - [TEST_STEP][PASSED] - delay(5): Delayed 5 second(s)

2022-11-24 16:53:08 - [MESSAGE][PASSED] - Delayed 5 second(s)

2022-11-24 16:53:08 - [TEST_STEP][PASSED] - scoring = sendRequest(findTestObject("EngineScore", ["response_searchME_kons":response_searchME_kons, "response_searchME_spouse":response_searchME_spouse])): Send request successfully

2022-11-24 16:53:08 - [MESSAGE][INFO] - HAR: D:\DMS\Engine Scoring\Reports\20221124_164440\Exclude KKB - DS - Married\Scoring Married - DS\20221124_164440\requests\main\143.har

2022-11-24 16:53:08 - [MESSAGE][PASSED] - Send request successfully

2022-11-24 16:53:08 - [TEST_STEP][PASSED] - verifyResponseStatusCode(scoring, 200): Verify response status code successfully

2022-11-24 16:53:08 - [MESSAGE][PASSED] - Verify response status code successfully

2022-11-24 16:53:08 - [TEST_STEP][PASSED] - response2 = scoring.getResponseText(): null

2022-11-24 16:53:08 - [TEST_STEP][PASSED] - markPassed("result service data ke : " + no): result service data ke : 72

2022-11-24 16:53:08 - [MESSAGE][PASSED] - result service data ke : 72

2022-11-24 16:53:08 - [TEST_STEP][PASSED] - logInfo($response2): {"result_konsumen":"Approve","result_pasangan":"Reguler","Final_result":"Approve","errorMessage":"","status":"Done"}

2022-11-24 16:53:08 - [MESSAGE][INFO] - {"result_konsumen":"Approve","result_pasangan":"Reguler","Final_result":"Approve","errorMessage":"","status":"Done"}

2022-11-24 16:53:08 - [TEST_STEP][PASSED] - verifyElementPropertyValue(scoring, "Final_result", final_result): Verify element property value successfully

2022-11-24 16:53:08 - [MESSAGE][PASSED] - Verify element property value successfully]]></system-out>
         <system-err><![CDATA[]]></system-err>
      </testcase>
      <testcase name="Test Cases/Engine_Scoring/Engine Scoring" time="6.788" classname="Test Cases/Engine_Scoring/Engine Scoring" status="PASSED">
         <system-out><![CDATA[2022-11-24 16:53:08 - [TEST_CASE][PASSED] - Test Cases/Engine_Scoring/Engine Scoring: Test Cases/Engine_Scoring/Engine Scoring

2022-11-24 16:53:09 - [TEST_STEP][PASSED] - markPassed("Variasi data ke : " + no): Variasi data ke : 73

2022-11-24 16:53:09 - [MESSAGE][PASSED] - Variasi data ke : 73

2022-11-24 16:53:09 - [TEST_STEP][PASSED] - req_data = sendRequest(findTestObject("Search_ME", ["MID":MID, "source":source, "ip":ip, "userid":userid, "branch":branch, "tipekons":tipekons, "marital":marital, "penjamin":penjamin, ... ])): Send request successfully

2022-11-24 16:53:10 - [MESSAGE][INFO] - HAR: D:\DMS\Engine Scoring\Reports\20221124_164440\Exclude KKB - DS - Married\Scoring Married - DS\20221124_164440\requests\main\144.har

2022-11-24 16:53:10 - [MESSAGE][PASSED] - Send request successfully

2022-11-24 16:53:10 - [TEST_STEP][PASSED] - slurper = new groovy.json.JsonSlurper(): null

2022-11-24 16:53:10 - [TEST_STEP][PASSED] - result = slurper.parseText(req_data.getResponseBodyContent()): null

2022-11-24 16:53:10 - [TEST_STEP][PASSED] - reqid_kons = requestid1: null

2022-11-24 16:53:10 - [TEST_STEP][PASSED] - reqid_spouse = requestid2: null

2022-11-24 16:53:10 - [TEST_STEP][PASSED] - println("requestid kons : " + reqid_kons): null

2022-11-24 16:53:10 - [TEST_STEP][PASSED] - response_searchME_kons = reqid_kons: null

2022-11-24 16:53:10 - [TEST_STEP][PASSED] - response_searchME_spouse = reqid_spouse: null

2022-11-24 16:53:10 - [TEST_STEP][PASSED] - println("kons req id is :" + response_searchME_kons): null

2022-11-24 16:53:10 - [TEST_STEP][PASSED] - println("spouse req id is : " + response_searchME_spouse): null

2022-11-24 16:53:10 - [TEST_STEP][PASSED] - verifyResponseStatusCode(req_data, 200): Verify response status code successfully

2022-11-24 16:53:10 - [MESSAGE][PASSED] - Verify response status code successfully

2022-11-24 16:53:10 - [TEST_STEP][PASSED] - response = req_data.getResponseText(): null

2022-11-24 16:53:10 - [TEST_STEP][PASSED] - logInfo($response): {"status":"Done","data":{"requestid1":"254002","requestid2":"254003"}}

2022-11-24 16:53:10 - [MESSAGE][INFO] - {"status":"Done","data":{"requestid1":"254002","requestid2":"254003"}}

2022-11-24 16:53:10 - [TEST_STEP][PASSED] - delay(5): Delayed 5 second(s)

2022-11-24 16:53:15 - [MESSAGE][PASSED] - Delayed 5 second(s)

2022-11-24 16:53:15 - [TEST_STEP][PASSED] - scoring = sendRequest(findTestObject("EngineScore", ["response_searchME_kons":response_searchME_kons, "response_searchME_spouse":response_searchME_spouse])): Send request successfully

2022-11-24 16:53:15 - [MESSAGE][INFO] - HAR: D:\DMS\Engine Scoring\Reports\20221124_164440\Exclude KKB - DS - Married\Scoring Married - DS\20221124_164440\requests\main\145.har

2022-11-24 16:53:15 - [MESSAGE][PASSED] - Send request successfully

2022-11-24 16:53:15 - [TEST_STEP][PASSED] - verifyResponseStatusCode(scoring, 200): Verify response status code successfully

2022-11-24 16:53:15 - [MESSAGE][PASSED] - Verify response status code successfully

2022-11-24 16:53:15 - [TEST_STEP][PASSED] - response2 = scoring.getResponseText(): null

2022-11-24 16:53:15 - [TEST_STEP][PASSED] - markPassed("result service data ke : " + no): result service data ke : 73

2022-11-24 16:53:15 - [MESSAGE][PASSED] - result service data ke : 73

2022-11-24 16:53:15 - [TEST_STEP][PASSED] - logInfo($response2): {"result_konsumen":"Approve","result_pasangan":"Reject","Final_result":"Reject","errorMessage":"","status":"Done"}

2022-11-24 16:53:15 - [MESSAGE][INFO] - {"result_konsumen":"Approve","result_pasangan":"Reject","Final_result":"Reject","errorMessage":"","status":"Done"}

2022-11-24 16:53:15 - [TEST_STEP][PASSED] - verifyElementPropertyValue(scoring, "Final_result", final_result): Verify element property value successfully

2022-11-24 16:53:15 - [MESSAGE][PASSED] - Verify element property value successfully]]></system-out>
         <system-err><![CDATA[]]></system-err>
      </testcase>
      <testcase name="Test Cases/Engine_Scoring/Engine Scoring" time="6.769" classname="Test Cases/Engine_Scoring/Engine Scoring" status="PASSED">
         <system-out><![CDATA[2022-11-24 16:53:15 - [TEST_CASE][PASSED] - Test Cases/Engine_Scoring/Engine Scoring: Test Cases/Engine_Scoring/Engine Scoring

2022-11-24 16:53:16 - [TEST_STEP][PASSED] - markPassed("Variasi data ke : " + no): Variasi data ke : 74

2022-11-24 16:53:16 - [MESSAGE][PASSED] - Variasi data ke : 74

2022-11-24 16:53:16 - [TEST_STEP][PASSED] - req_data = sendRequest(findTestObject("Search_ME", ["MID":MID, "source":source, "ip":ip, "userid":userid, "branch":branch, "tipekons":tipekons, "marital":marital, "penjamin":penjamin, ... ])): Send request successfully

2022-11-24 16:53:17 - [MESSAGE][INFO] - HAR: D:\DMS\Engine Scoring\Reports\20221124_164440\Exclude KKB - DS - Married\Scoring Married - DS\20221124_164440\requests\main\146.har

2022-11-24 16:53:17 - [MESSAGE][PASSED] - Send request successfully

2022-11-24 16:53:17 - [TEST_STEP][PASSED] - slurper = new groovy.json.JsonSlurper(): null

2022-11-24 16:53:17 - [TEST_STEP][PASSED] - result = slurper.parseText(req_data.getResponseBodyContent()): null

2022-11-24 16:53:17 - [TEST_STEP][PASSED] - reqid_kons = requestid1: null

2022-11-24 16:53:17 - [TEST_STEP][PASSED] - reqid_spouse = requestid2: null

2022-11-24 16:53:17 - [TEST_STEP][PASSED] - println("requestid kons : " + reqid_kons): null

2022-11-24 16:53:17 - [TEST_STEP][PASSED] - response_searchME_kons = reqid_kons: null

2022-11-24 16:53:17 - [TEST_STEP][PASSED] - response_searchME_spouse = reqid_spouse: null

2022-11-24 16:53:17 - [TEST_STEP][PASSED] - println("kons req id is :" + response_searchME_kons): null

2022-11-24 16:53:17 - [TEST_STEP][PASSED] - println("spouse req id is : " + response_searchME_spouse): null

2022-11-24 16:53:17 - [TEST_STEP][PASSED] - verifyResponseStatusCode(req_data, 200): Verify response status code successfully

2022-11-24 16:53:17 - [MESSAGE][PASSED] - Verify response status code successfully

2022-11-24 16:53:17 - [TEST_STEP][PASSED] - response = req_data.getResponseText(): null

2022-11-24 16:53:17 - [TEST_STEP][PASSED] - logInfo($response): {"status":"Done","data":{"requestid1":"254004","requestid2":"254005"}}

2022-11-24 16:53:17 - [MESSAGE][INFO] - {"status":"Done","data":{"requestid1":"254004","requestid2":"254005"}}

2022-11-24 16:53:17 - [TEST_STEP][PASSED] - delay(5): Delayed 5 second(s)

2022-11-24 16:53:22 - [MESSAGE][PASSED] - Delayed 5 second(s)

2022-11-24 16:53:22 - [TEST_STEP][PASSED] - scoring = sendRequest(findTestObject("EngineScore", ["response_searchME_kons":response_searchME_kons, "response_searchME_spouse":response_searchME_spouse])): Send request successfully

2022-11-24 16:53:22 - [MESSAGE][INFO] - HAR: D:\DMS\Engine Scoring\Reports\20221124_164440\Exclude KKB - DS - Married\Scoring Married - DS\20221124_164440\requests\main\147.har

2022-11-24 16:53:22 - [MESSAGE][PASSED] - Send request successfully

2022-11-24 16:53:22 - [TEST_STEP][PASSED] - verifyResponseStatusCode(scoring, 200): Verify response status code successfully

2022-11-24 16:53:22 - [MESSAGE][PASSED] - Verify response status code successfully

2022-11-24 16:53:22 - [TEST_STEP][PASSED] - response2 = scoring.getResponseText(): null

2022-11-24 16:53:22 - [TEST_STEP][PASSED] - markPassed("result service data ke : " + no): result service data ke : 74

2022-11-24 16:53:22 - [MESSAGE][PASSED] - result service data ke : 74

2022-11-24 16:53:22 - [TEST_STEP][PASSED] - logInfo($response2): {"result_konsumen":"Approve","result_pasangan":"Reject","Final_result":"Reject","errorMessage":"","status":"Done"}

2022-11-24 16:53:22 - [MESSAGE][INFO] - {"result_konsumen":"Approve","result_pasangan":"Reject","Final_result":"Reject","errorMessage":"","status":"Done"}

2022-11-24 16:53:22 - [TEST_STEP][PASSED] - verifyElementPropertyValue(scoring, "Final_result", final_result): Verify element property value successfully

2022-11-24 16:53:22 - [MESSAGE][PASSED] - Verify element property value successfully]]></system-out>
         <system-err><![CDATA[]]></system-err>
      </testcase>
      <testcase name="Test Cases/Engine_Scoring/Engine Scoring" time="6.885" classname="Test Cases/Engine_Scoring/Engine Scoring" status="PASSED">
         <system-out><![CDATA[2022-11-24 16:53:22 - [TEST_CASE][PASSED] - Test Cases/Engine_Scoring/Engine Scoring: Test Cases/Engine_Scoring/Engine Scoring

2022-11-24 16:53:23 - [TEST_STEP][PASSED] - markPassed("Variasi data ke : " + no): Variasi data ke : 75

2022-11-24 16:53:23 - [MESSAGE][PASSED] - Variasi data ke : 75

2022-11-24 16:53:23 - [TEST_STEP][PASSED] - req_data = sendRequest(findTestObject("Search_ME", ["MID":MID, "source":source, "ip":ip, "userid":userid, "branch":branch, "tipekons":tipekons, "marital":marital, "penjamin":penjamin, ... ])): Send request successfully

2022-11-24 16:53:24 - [MESSAGE][INFO] - HAR: D:\DMS\Engine Scoring\Reports\20221124_164440\Exclude KKB - DS - Married\Scoring Married - DS\20221124_164440\requests\main\148.har

2022-11-24 16:53:24 - [MESSAGE][PASSED] - Send request successfully

2022-11-24 16:53:24 - [TEST_STEP][PASSED] - slurper = new groovy.json.JsonSlurper(): null

2022-11-24 16:53:24 - [TEST_STEP][PASSED] - result = slurper.parseText(req_data.getResponseBodyContent()): null

2022-11-24 16:53:24 - [TEST_STEP][PASSED] - reqid_kons = requestid1: null

2022-11-24 16:53:24 - [TEST_STEP][PASSED] - reqid_spouse = requestid2: null

2022-11-24 16:53:24 - [TEST_STEP][PASSED] - println("requestid kons : " + reqid_kons): null

2022-11-24 16:53:24 - [TEST_STEP][PASSED] - response_searchME_kons = reqid_kons: null

2022-11-24 16:53:24 - [TEST_STEP][PASSED] - response_searchME_spouse = reqid_spouse: null

2022-11-24 16:53:24 - [TEST_STEP][PASSED] - println("kons req id is :" + response_searchME_kons): null

2022-11-24 16:53:24 - [TEST_STEP][PASSED] - println("spouse req id is : " + response_searchME_spouse): null

2022-11-24 16:53:24 - [TEST_STEP][PASSED] - verifyResponseStatusCode(req_data, 200): Verify response status code successfully

2022-11-24 16:53:24 - [MESSAGE][PASSED] - Verify response status code successfully

2022-11-24 16:53:24 - [TEST_STEP][PASSED] - response = req_data.getResponseText(): null

2022-11-24 16:53:24 - [TEST_STEP][PASSED] - logInfo($response): {"status":"Done","data":{"requestid1":"254006","requestid2":"254007"}}

2022-11-24 16:53:24 - [MESSAGE][INFO] - {"status":"Done","data":{"requestid1":"254006","requestid2":"254007"}}

2022-11-24 16:53:24 - [TEST_STEP][PASSED] - delay(5): Delayed 5 second(s)

2022-11-24 16:53:29 - [MESSAGE][PASSED] - Delayed 5 second(s)

2022-11-24 16:53:29 - [TEST_STEP][PASSED] - scoring = sendRequest(findTestObject("EngineScore", ["response_searchME_kons":response_searchME_kons, "response_searchME_spouse":response_searchME_spouse])): Send request successfully

2022-11-24 16:53:29 - [MESSAGE][INFO] - HAR: D:\DMS\Engine Scoring\Reports\20221124_164440\Exclude KKB - DS - Married\Scoring Married - DS\20221124_164440\requests\main\149.har

2022-11-24 16:53:29 - [MESSAGE][PASSED] - Send request successfully

2022-11-24 16:53:29 - [TEST_STEP][PASSED] - verifyResponseStatusCode(scoring, 200): Verify response status code successfully

2022-11-24 16:53:29 - [MESSAGE][PASSED] - Verify response status code successfully

2022-11-24 16:53:29 - [TEST_STEP][PASSED] - response2 = scoring.getResponseText(): null

2022-11-24 16:53:29 - [TEST_STEP][PASSED] - markPassed("result service data ke : " + no): result service data ke : 75

2022-11-24 16:53:29 - [MESSAGE][PASSED] - result service data ke : 75

2022-11-24 16:53:29 - [TEST_STEP][PASSED] - logInfo($response2): {"result_konsumen":"Approve","result_pasangan":"Reject","Final_result":"Reject","errorMessage":"","status":"Done"}

2022-11-24 16:53:29 - [MESSAGE][INFO] - {"result_konsumen":"Approve","result_pasangan":"Reject","Final_result":"Reject","errorMessage":"","status":"Done"}

2022-11-24 16:53:29 - [TEST_STEP][PASSED] - verifyElementPropertyValue(scoring, "Final_result", final_result): Verify element property value successfully

2022-11-24 16:53:29 - [MESSAGE][PASSED] - Verify element property value successfully]]></system-out>
         <system-err><![CDATA[]]></system-err>
      </testcase>
      <testcase name="Test Cases/Engine_Scoring/Engine Scoring" time="6.795" classname="Test Cases/Engine_Scoring/Engine Scoring" status="PASSED">
         <system-out><![CDATA[2022-11-24 16:53:29 - [TEST_CASE][PASSED] - Test Cases/Engine_Scoring/Engine Scoring: Test Cases/Engine_Scoring/Engine Scoring

2022-11-24 16:53:30 - [TEST_STEP][PASSED] - markPassed("Variasi data ke : " + no): Variasi data ke : 76

2022-11-24 16:53:30 - [MESSAGE][PASSED] - Variasi data ke : 76

2022-11-24 16:53:30 - [TEST_STEP][PASSED] - req_data = sendRequest(findTestObject("Search_ME", ["MID":MID, "source":source, "ip":ip, "userid":userid, "branch":branch, "tipekons":tipekons, "marital":marital, "penjamin":penjamin, ... ])): Send request successfully

2022-11-24 16:53:31 - [MESSAGE][INFO] - HAR: D:\DMS\Engine Scoring\Reports\20221124_164440\Exclude KKB - DS - Married\Scoring Married - DS\20221124_164440\requests\main\150.har

2022-11-24 16:53:31 - [MESSAGE][PASSED] - Send request successfully

2022-11-24 16:53:31 - [TEST_STEP][PASSED] - slurper = new groovy.json.JsonSlurper(): null

2022-11-24 16:53:31 - [TEST_STEP][PASSED] - result = slurper.parseText(req_data.getResponseBodyContent()): null

2022-11-24 16:53:31 - [TEST_STEP][PASSED] - reqid_kons = requestid1: null

2022-11-24 16:53:31 - [TEST_STEP][PASSED] - reqid_spouse = requestid2: null

2022-11-24 16:53:31 - [TEST_STEP][PASSED] - println("requestid kons : " + reqid_kons): null

2022-11-24 16:53:31 - [TEST_STEP][PASSED] - response_searchME_kons = reqid_kons: null

2022-11-24 16:53:31 - [TEST_STEP][PASSED] - response_searchME_spouse = reqid_spouse: null

2022-11-24 16:53:31 - [TEST_STEP][PASSED] - println("kons req id is :" + response_searchME_kons): null

2022-11-24 16:53:31 - [TEST_STEP][PASSED] - println("spouse req id is : " + response_searchME_spouse): null

2022-11-24 16:53:31 - [TEST_STEP][PASSED] - verifyResponseStatusCode(req_data, 200): Verify response status code successfully

2022-11-24 16:53:31 - [MESSAGE][PASSED] - Verify response status code successfully

2022-11-24 16:53:31 - [TEST_STEP][PASSED] - response = req_data.getResponseText(): null

2022-11-24 16:53:31 - [TEST_STEP][PASSED] - logInfo($response): {"status":"Done","data":{"requestid1":"254008","requestid2":"254009"}}

2022-11-24 16:53:31 - [MESSAGE][INFO] - {"status":"Done","data":{"requestid1":"254008","requestid2":"254009"}}

2022-11-24 16:53:31 - [TEST_STEP][PASSED] - delay(5): Delayed 5 second(s)

2022-11-24 16:53:36 - [MESSAGE][PASSED] - Delayed 5 second(s)

2022-11-24 16:53:36 - [TEST_STEP][PASSED] - scoring = sendRequest(findTestObject("EngineScore", ["response_searchME_kons":response_searchME_kons, "response_searchME_spouse":response_searchME_spouse])): Send request successfully

2022-11-24 16:53:36 - [MESSAGE][INFO] - HAR: D:\DMS\Engine Scoring\Reports\20221124_164440\Exclude KKB - DS - Married\Scoring Married - DS\20221124_164440\requests\main\151.har

2022-11-24 16:53:36 - [MESSAGE][PASSED] - Send request successfully

2022-11-24 16:53:36 - [TEST_STEP][PASSED] - verifyResponseStatusCode(scoring, 200): Verify response status code successfully

2022-11-24 16:53:36 - [MESSAGE][PASSED] - Verify response status code successfully

2022-11-24 16:53:36 - [TEST_STEP][PASSED] - response2 = scoring.getResponseText(): null

2022-11-24 16:53:36 - [TEST_STEP][PASSED] - markPassed("result service data ke : " + no): result service data ke : 76

2022-11-24 16:53:36 - [MESSAGE][PASSED] - result service data ke : 76

2022-11-24 16:53:36 - [TEST_STEP][PASSED] - logInfo($response2): {"result_konsumen":"Approve","result_pasangan":"Reject","Final_result":"Reject","errorMessage":"","status":"Done"}

2022-11-24 16:53:36 - [MESSAGE][INFO] - {"result_konsumen":"Approve","result_pasangan":"Reject","Final_result":"Reject","errorMessage":"","status":"Done"}

2022-11-24 16:53:36 - [TEST_STEP][PASSED] - verifyElementPropertyValue(scoring, "Final_result", final_result): Verify element property value successfully

2022-11-24 16:53:36 - [MESSAGE][PASSED] - Verify element property value successfully]]></system-out>
         <system-err><![CDATA[]]></system-err>
      </testcase>
      <testcase name="Test Cases/Engine_Scoring/Engine Scoring" time="6.769" classname="Test Cases/Engine_Scoring/Engine Scoring" status="PASSED">
         <system-out><![CDATA[2022-11-24 16:53:36 - [TEST_CASE][PASSED] - Test Cases/Engine_Scoring/Engine Scoring: Test Cases/Engine_Scoring/Engine Scoring

2022-11-24 16:53:37 - [TEST_STEP][PASSED] - markPassed("Variasi data ke : " + no): Variasi data ke : 77

2022-11-24 16:53:37 - [MESSAGE][PASSED] - Variasi data ke : 77

2022-11-24 16:53:37 - [TEST_STEP][PASSED] - req_data = sendRequest(findTestObject("Search_ME", ["MID":MID, "source":source, "ip":ip, "userid":userid, "branch":branch, "tipekons":tipekons, "marital":marital, "penjamin":penjamin, ... ])): Send request successfully

2022-11-24 16:53:37 - [MESSAGE][INFO] - HAR: D:\DMS\Engine Scoring\Reports\20221124_164440\Exclude KKB - DS - Married\Scoring Married - DS\20221124_164440\requests\main\152.har

2022-11-24 16:53:37 - [MESSAGE][PASSED] - Send request successfully

2022-11-24 16:53:37 - [TEST_STEP][PASSED] - slurper = new groovy.json.JsonSlurper(): null

2022-11-24 16:53:37 - [TEST_STEP][PASSED] - result = slurper.parseText(req_data.getResponseBodyContent()): null

2022-11-24 16:53:37 - [TEST_STEP][PASSED] - reqid_kons = requestid1: null

2022-11-24 16:53:37 - [TEST_STEP][PASSED] - reqid_spouse = requestid2: null

2022-11-24 16:53:37 - [TEST_STEP][PASSED] - println("requestid kons : " + reqid_kons): null

2022-11-24 16:53:37 - [TEST_STEP][PASSED] - response_searchME_kons = reqid_kons: null

2022-11-24 16:53:37 - [TEST_STEP][PASSED] - response_searchME_spouse = reqid_spouse: null

2022-11-24 16:53:37 - [TEST_STEP][PASSED] - println("kons req id is :" + response_searchME_kons): null

2022-11-24 16:53:37 - [TEST_STEP][PASSED] - println("spouse req id is : " + response_searchME_spouse): null

2022-11-24 16:53:37 - [TEST_STEP][PASSED] - verifyResponseStatusCode(req_data, 200): Verify response status code successfully

2022-11-24 16:53:37 - [MESSAGE][PASSED] - Verify response status code successfully

2022-11-24 16:53:37 - [TEST_STEP][PASSED] - response = req_data.getResponseText(): null

2022-11-24 16:53:37 - [TEST_STEP][PASSED] - logInfo($response): {"status":"Done","data":{"requestid1":"254010","requestid2":"254011"}}

2022-11-24 16:53:37 - [MESSAGE][INFO] - {"status":"Done","data":{"requestid1":"254010","requestid2":"254011"}}

2022-11-24 16:53:37 - [TEST_STEP][PASSED] - delay(5): Delayed 5 second(s)

2022-11-24 16:53:42 - [MESSAGE][PASSED] - Delayed 5 second(s)

2022-11-24 16:53:42 - [TEST_STEP][PASSED] - scoring = sendRequest(findTestObject("EngineScore", ["response_searchME_kons":response_searchME_kons, "response_searchME_spouse":response_searchME_spouse])): Send request successfully

2022-11-24 16:53:43 - [MESSAGE][INFO] - HAR: D:\DMS\Engine Scoring\Reports\20221124_164440\Exclude KKB - DS - Married\Scoring Married - DS\20221124_164440\requests\main\153.har

2022-11-24 16:53:43 - [MESSAGE][PASSED] - Send request successfully

2022-11-24 16:53:43 - [TEST_STEP][PASSED] - verifyResponseStatusCode(scoring, 200): Verify response status code successfully

2022-11-24 16:53:43 - [MESSAGE][PASSED] - Verify response status code successfully

2022-11-24 16:53:43 - [TEST_STEP][PASSED] - response2 = scoring.getResponseText(): null

2022-11-24 16:53:43 - [TEST_STEP][PASSED] - markPassed("result service data ke : " + no): result service data ke : 77

2022-11-24 16:53:43 - [MESSAGE][PASSED] - result service data ke : 77

2022-11-24 16:53:43 - [TEST_STEP][PASSED] - logInfo($response2): {"result_konsumen":"Approve","result_pasangan":"Reject","Final_result":"Reject","errorMessage":"","status":"Done"}

2022-11-24 16:53:43 - [MESSAGE][INFO] - {"result_konsumen":"Approve","result_pasangan":"Reject","Final_result":"Reject","errorMessage":"","status":"Done"}

2022-11-24 16:53:43 - [TEST_STEP][PASSED] - verifyElementPropertyValue(scoring, "Final_result", final_result): Verify element property value successfully

2022-11-24 16:53:43 - [MESSAGE][PASSED] - Verify element property value successfully]]></system-out>
         <system-err><![CDATA[]]></system-err>
      </testcase>
      <testcase name="Test Cases/Engine_Scoring/Engine Scoring" time="6.764" classname="Test Cases/Engine_Scoring/Engine Scoring" status="PASSED">
         <system-out><![CDATA[2022-11-24 16:53:43 - [TEST_CASE][PASSED] - Test Cases/Engine_Scoring/Engine Scoring: Test Cases/Engine_Scoring/Engine Scoring

2022-11-24 16:53:43 - [TEST_STEP][PASSED] - markPassed("Variasi data ke : " + no): Variasi data ke : 78

2022-11-24 16:53:43 - [MESSAGE][PASSED] - Variasi data ke : 78

2022-11-24 16:53:43 - [TEST_STEP][PASSED] - req_data = sendRequest(findTestObject("Search_ME", ["MID":MID, "source":source, "ip":ip, "userid":userid, "branch":branch, "tipekons":tipekons, "marital":marital, "penjamin":penjamin, ... ])): Send request successfully

2022-11-24 16:53:44 - [MESSAGE][INFO] - HAR: D:\DMS\Engine Scoring\Reports\20221124_164440\Exclude KKB - DS - Married\Scoring Married - DS\20221124_164440\requests\main\154.har

2022-11-24 16:53:44 - [MESSAGE][PASSED] - Send request successfully

2022-11-24 16:53:44 - [TEST_STEP][PASSED] - slurper = new groovy.json.JsonSlurper(): null

2022-11-24 16:53:44 - [TEST_STEP][PASSED] - result = slurper.parseText(req_data.getResponseBodyContent()): null

2022-11-24 16:53:44 - [TEST_STEP][PASSED] - reqid_kons = requestid1: null

2022-11-24 16:53:44 - [TEST_STEP][PASSED] - reqid_spouse = requestid2: null

2022-11-24 16:53:44 - [TEST_STEP][PASSED] - println("requestid kons : " + reqid_kons): null

2022-11-24 16:53:44 - [TEST_STEP][PASSED] - response_searchME_kons = reqid_kons: null

2022-11-24 16:53:44 - [TEST_STEP][PASSED] - response_searchME_spouse = reqid_spouse: null

2022-11-24 16:53:44 - [TEST_STEP][PASSED] - println("kons req id is :" + response_searchME_kons): null

2022-11-24 16:53:44 - [TEST_STEP][PASSED] - println("spouse req id is : " + response_searchME_spouse): null

2022-11-24 16:53:44 - [TEST_STEP][PASSED] - verifyResponseStatusCode(req_data, 200): Verify response status code successfully

2022-11-24 16:53:44 - [MESSAGE][PASSED] - Verify response status code successfully

2022-11-24 16:53:44 - [TEST_STEP][PASSED] - response = req_data.getResponseText(): null

2022-11-24 16:53:44 - [TEST_STEP][PASSED] - logInfo($response): {"status":"Done","data":{"requestid1":"254012","requestid2":"254013"}}

2022-11-24 16:53:44 - [MESSAGE][INFO] - {"status":"Done","data":{"requestid1":"254012","requestid2":"254013"}}

2022-11-24 16:53:44 - [TEST_STEP][PASSED] - delay(5): Delayed 5 second(s)

2022-11-24 16:53:49 - [MESSAGE][PASSED] - Delayed 5 second(s)

2022-11-24 16:53:49 - [TEST_STEP][PASSED] - scoring = sendRequest(findTestObject("EngineScore", ["response_searchME_kons":response_searchME_kons, "response_searchME_spouse":response_searchME_spouse])): Send request successfully

2022-11-24 16:53:49 - [MESSAGE][INFO] - HAR: D:\DMS\Engine Scoring\Reports\20221124_164440\Exclude KKB - DS - Married\Scoring Married - DS\20221124_164440\requests\main\155.har

2022-11-24 16:53:49 - [MESSAGE][PASSED] - Send request successfully

2022-11-24 16:53:49 - [TEST_STEP][PASSED] - verifyResponseStatusCode(scoring, 200): Verify response status code successfully

2022-11-24 16:53:49 - [MESSAGE][PASSED] - Verify response status code successfully

2022-11-24 16:53:49 - [TEST_STEP][PASSED] - response2 = scoring.getResponseText(): null

2022-11-24 16:53:49 - [TEST_STEP][PASSED] - markPassed("result service data ke : " + no): result service data ke : 78

2022-11-24 16:53:49 - [MESSAGE][PASSED] - result service data ke : 78

2022-11-24 16:53:49 - [TEST_STEP][PASSED] - logInfo($response2): {"result_konsumen":"Approve","result_pasangan":"Reject","Final_result":"Reject","errorMessage":"","status":"Done"}

2022-11-24 16:53:49 - [MESSAGE][INFO] - {"result_konsumen":"Approve","result_pasangan":"Reject","Final_result":"Reject","errorMessage":"","status":"Done"}

2022-11-24 16:53:49 - [TEST_STEP][PASSED] - verifyElementPropertyValue(scoring, "Final_result", final_result): Verify element property value successfully

2022-11-24 16:53:49 - [MESSAGE][PASSED] - Verify element property value successfully]]></system-out>
         <system-err><![CDATA[]]></system-err>
      </testcase>
      <testcase name="Test Cases/Engine_Scoring/Engine Scoring" time="6.997" classname="Test Cases/Engine_Scoring/Engine Scoring" status="PASSED">
         <system-out><![CDATA[2022-11-24 16:53:49 - [TEST_CASE][PASSED] - Test Cases/Engine_Scoring/Engine Scoring: Test Cases/Engine_Scoring/Engine Scoring

2022-11-24 16:53:50 - [TEST_STEP][PASSED] - markPassed("Variasi data ke : " + no): Variasi data ke : 79

2022-11-24 16:53:50 - [MESSAGE][PASSED] - Variasi data ke : 79

2022-11-24 16:53:50 - [TEST_STEP][PASSED] - req_data = sendRequest(findTestObject("Search_ME", ["MID":MID, "source":source, "ip":ip, "userid":userid, "branch":branch, "tipekons":tipekons, "marital":marital, "penjamin":penjamin, ... ])): Send request successfully

2022-11-24 16:53:51 - [MESSAGE][INFO] - HAR: D:\DMS\Engine Scoring\Reports\20221124_164440\Exclude KKB - DS - Married\Scoring Married - DS\20221124_164440\requests\main\156.har

2022-11-24 16:53:51 - [MESSAGE][PASSED] - Send request successfully

2022-11-24 16:53:51 - [TEST_STEP][PASSED] - slurper = new groovy.json.JsonSlurper(): null

2022-11-24 16:53:51 - [TEST_STEP][PASSED] - result = slurper.parseText(req_data.getResponseBodyContent()): null

2022-11-24 16:53:51 - [TEST_STEP][PASSED] - reqid_kons = requestid1: null

2022-11-24 16:53:51 - [TEST_STEP][PASSED] - reqid_spouse = requestid2: null

2022-11-24 16:53:51 - [TEST_STEP][PASSED] - println("requestid kons : " + reqid_kons): null

2022-11-24 16:53:51 - [TEST_STEP][PASSED] - response_searchME_kons = reqid_kons: null

2022-11-24 16:53:51 - [TEST_STEP][PASSED] - response_searchME_spouse = reqid_spouse: null

2022-11-24 16:53:51 - [TEST_STEP][PASSED] - println("kons req id is :" + response_searchME_kons): null

2022-11-24 16:53:51 - [TEST_STEP][PASSED] - println("spouse req id is : " + response_searchME_spouse): null

2022-11-24 16:53:51 - [TEST_STEP][PASSED] - verifyResponseStatusCode(req_data, 200): Verify response status code successfully

2022-11-24 16:53:51 - [MESSAGE][PASSED] - Verify response status code successfully

2022-11-24 16:53:51 - [TEST_STEP][PASSED] - response = req_data.getResponseText(): null

2022-11-24 16:53:51 - [TEST_STEP][PASSED] - logInfo($response): {"status":"Done","data":{"requestid1":"254014","requestid2":"254015"}}

2022-11-24 16:53:51 - [MESSAGE][INFO] - {"status":"Done","data":{"requestid1":"254014","requestid2":"254015"}}

2022-11-24 16:53:51 - [TEST_STEP][PASSED] - delay(5): Delayed 5 second(s)

2022-11-24 16:53:56 - [MESSAGE][PASSED] - Delayed 5 second(s)

2022-11-24 16:53:56 - [TEST_STEP][PASSED] - scoring = sendRequest(findTestObject("EngineScore", ["response_searchME_kons":response_searchME_kons, "response_searchME_spouse":response_searchME_spouse])): Send request successfully

2022-11-24 16:53:56 - [MESSAGE][INFO] - HAR: D:\DMS\Engine Scoring\Reports\20221124_164440\Exclude KKB - DS - Married\Scoring Married - DS\20221124_164440\requests\main\157.har

2022-11-24 16:53:56 - [MESSAGE][PASSED] - Send request successfully

2022-11-24 16:53:56 - [TEST_STEP][PASSED] - verifyResponseStatusCode(scoring, 200): Verify response status code successfully

2022-11-24 16:53:56 - [MESSAGE][PASSED] - Verify response status code successfully

2022-11-24 16:53:56 - [TEST_STEP][PASSED] - response2 = scoring.getResponseText(): null

2022-11-24 16:53:56 - [TEST_STEP][PASSED] - markPassed("result service data ke : " + no): result service data ke : 79

2022-11-24 16:53:56 - [MESSAGE][PASSED] - result service data ke : 79

2022-11-24 16:53:56 - [TEST_STEP][PASSED] - logInfo($response2): {"result_konsumen":"Approve","result_pasangan":"Reject","Final_result":"Reject","errorMessage":"","status":"Done"}

2022-11-24 16:53:56 - [MESSAGE][INFO] - {"result_konsumen":"Approve","result_pasangan":"Reject","Final_result":"Reject","errorMessage":"","status":"Done"}

2022-11-24 16:53:56 - [TEST_STEP][PASSED] - verifyElementPropertyValue(scoring, "Final_result", final_result): Verify element property value successfully

2022-11-24 16:53:56 - [MESSAGE][PASSED] - Verify element property value successfully]]></system-out>
         <system-err><![CDATA[]]></system-err>
      </testcase>
      <testcase name="Test Cases/Engine_Scoring/Engine Scoring" time="6.932" classname="Test Cases/Engine_Scoring/Engine Scoring" status="PASSED">
         <system-out><![CDATA[2022-11-24 16:53:57 - [TEST_CASE][PASSED] - Test Cases/Engine_Scoring/Engine Scoring: Test Cases/Engine_Scoring/Engine Scoring

2022-11-24 16:53:57 - [TEST_STEP][PASSED] - markPassed("Variasi data ke : " + no): Variasi data ke : 80

2022-11-24 16:53:57 - [MESSAGE][PASSED] - Variasi data ke : 80

2022-11-24 16:53:57 - [TEST_STEP][PASSED] - req_data = sendRequest(findTestObject("Search_ME", ["MID":MID, "source":source, "ip":ip, "userid":userid, "branch":branch, "tipekons":tipekons, "marital":marital, "penjamin":penjamin, ... ])): Send request successfully

2022-11-24 16:53:58 - [MESSAGE][INFO] - HAR: D:\DMS\Engine Scoring\Reports\20221124_164440\Exclude KKB - DS - Married\Scoring Married - DS\20221124_164440\requests\main\158.har

2022-11-24 16:53:58 - [MESSAGE][PASSED] - Send request successfully

2022-11-24 16:53:58 - [TEST_STEP][PASSED] - slurper = new groovy.json.JsonSlurper(): null

2022-11-24 16:53:58 - [TEST_STEP][PASSED] - result = slurper.parseText(req_data.getResponseBodyContent()): null

2022-11-24 16:53:58 - [TEST_STEP][PASSED] - reqid_kons = requestid1: null

2022-11-24 16:53:58 - [TEST_STEP][PASSED] - reqid_spouse = requestid2: null

2022-11-24 16:53:58 - [TEST_STEP][PASSED] - println("requestid kons : " + reqid_kons): null

2022-11-24 16:53:58 - [TEST_STEP][PASSED] - response_searchME_kons = reqid_kons: null

2022-11-24 16:53:58 - [TEST_STEP][PASSED] - response_searchME_spouse = reqid_spouse: null

2022-11-24 16:53:58 - [TEST_STEP][PASSED] - println("kons req id is :" + response_searchME_kons): null

2022-11-24 16:53:58 - [TEST_STEP][PASSED] - println("spouse req id is : " + response_searchME_spouse): null

2022-11-24 16:53:58 - [TEST_STEP][PASSED] - verifyResponseStatusCode(req_data, 200): Verify response status code successfully

2022-11-24 16:53:58 - [MESSAGE][PASSED] - Verify response status code successfully

2022-11-24 16:53:58 - [TEST_STEP][PASSED] - response = req_data.getResponseText(): null

2022-11-24 16:53:58 - [TEST_STEP][PASSED] - logInfo($response): {"status":"Done","data":{"requestid1":"254016","requestid2":"254017"}}

2022-11-24 16:53:58 - [MESSAGE][INFO] - {"status":"Done","data":{"requestid1":"254016","requestid2":"254017"}}

2022-11-24 16:53:58 - [TEST_STEP][PASSED] - delay(5): Delayed 5 second(s)

2022-11-24 16:54:03 - [MESSAGE][PASSED] - Delayed 5 second(s)

2022-11-24 16:54:03 - [TEST_STEP][PASSED] - scoring = sendRequest(findTestObject("EngineScore", ["response_searchME_kons":response_searchME_kons, "response_searchME_spouse":response_searchME_spouse])): Send request successfully

2022-11-24 16:54:03 - [MESSAGE][INFO] - HAR: D:\DMS\Engine Scoring\Reports\20221124_164440\Exclude KKB - DS - Married\Scoring Married - DS\20221124_164440\requests\main\159.har

2022-11-24 16:54:03 - [MESSAGE][PASSED] - Send request successfully

2022-11-24 16:54:03 - [TEST_STEP][PASSED] - verifyResponseStatusCode(scoring, 200): Verify response status code successfully

2022-11-24 16:54:03 - [MESSAGE][PASSED] - Verify response status code successfully

2022-11-24 16:54:03 - [TEST_STEP][PASSED] - response2 = scoring.getResponseText(): null

2022-11-24 16:54:03 - [TEST_STEP][PASSED] - markPassed("result service data ke : " + no): result service data ke : 80

2022-11-24 16:54:03 - [MESSAGE][PASSED] - result service data ke : 80

2022-11-24 16:54:03 - [TEST_STEP][PASSED] - logInfo($response2): {"result_konsumen":"Approve","result_pasangan":"Reject","Final_result":"Reject","errorMessage":"","status":"Done"}

2022-11-24 16:54:03 - [MESSAGE][INFO] - {"result_konsumen":"Approve","result_pasangan":"Reject","Final_result":"Reject","errorMessage":"","status":"Done"}

2022-11-24 16:54:03 - [TEST_STEP][PASSED] - verifyElementPropertyValue(scoring, "Final_result", final_result): Verify element property value successfully

2022-11-24 16:54:03 - [MESSAGE][PASSED] - Verify element property value successfully]]></system-out>
         <system-err><![CDATA[]]></system-err>
      </testcase>
      <testcase name="Test Cases/Engine_Scoring/Engine Scoring" time="6.893" classname="Test Cases/Engine_Scoring/Engine Scoring" status="PASSED">
         <system-out><![CDATA[2022-11-24 16:54:04 - [TEST_CASE][PASSED] - Test Cases/Engine_Scoring/Engine Scoring: Test Cases/Engine_Scoring/Engine Scoring

2022-11-24 16:54:04 - [TEST_STEP][PASSED] - markPassed("Variasi data ke : " + no): Variasi data ke : 81

2022-11-24 16:54:04 - [MESSAGE][PASSED] - Variasi data ke : 81

2022-11-24 16:54:04 - [TEST_STEP][PASSED] - req_data = sendRequest(findTestObject("Search_ME", ["MID":MID, "source":source, "ip":ip, "userid":userid, "branch":branch, "tipekons":tipekons, "marital":marital, "penjamin":penjamin, ... ])): Send request successfully

2022-11-24 16:54:05 - [MESSAGE][INFO] - HAR: D:\DMS\Engine Scoring\Reports\20221124_164440\Exclude KKB - DS - Married\Scoring Married - DS\20221124_164440\requests\main\160.har

2022-11-24 16:54:05 - [MESSAGE][PASSED] - Send request successfully

2022-11-24 16:54:05 - [TEST_STEP][PASSED] - slurper = new groovy.json.JsonSlurper(): null

2022-11-24 16:54:05 - [TEST_STEP][PASSED] - result = slurper.parseText(req_data.getResponseBodyContent()): null

2022-11-24 16:54:05 - [TEST_STEP][PASSED] - reqid_kons = requestid1: null

2022-11-24 16:54:05 - [TEST_STEP][PASSED] - reqid_spouse = requestid2: null

2022-11-24 16:54:05 - [TEST_STEP][PASSED] - println("requestid kons : " + reqid_kons): null

2022-11-24 16:54:05 - [TEST_STEP][PASSED] - response_searchME_kons = reqid_kons: null

2022-11-24 16:54:05 - [TEST_STEP][PASSED] - response_searchME_spouse = reqid_spouse: null

2022-11-24 16:54:05 - [TEST_STEP][PASSED] - println("kons req id is :" + response_searchME_kons): null

2022-11-24 16:54:05 - [TEST_STEP][PASSED] - println("spouse req id is : " + response_searchME_spouse): null

2022-11-24 16:54:05 - [TEST_STEP][PASSED] - verifyResponseStatusCode(req_data, 200): Verify response status code successfully

2022-11-24 16:54:05 - [MESSAGE][PASSED] - Verify response status code successfully

2022-11-24 16:54:05 - [TEST_STEP][PASSED] - response = req_data.getResponseText(): null

2022-11-24 16:54:05 - [TEST_STEP][PASSED] - logInfo($response): {"status":"Done","data":{"requestid1":"254018","requestid2":"254019"}}

2022-11-24 16:54:05 - [MESSAGE][INFO] - {"status":"Done","data":{"requestid1":"254018","requestid2":"254019"}}

2022-11-24 16:54:05 - [TEST_STEP][PASSED] - delay(5): Delayed 5 second(s)

2022-11-24 16:54:10 - [MESSAGE][PASSED] - Delayed 5 second(s)

2022-11-24 16:54:10 - [TEST_STEP][PASSED] - scoring = sendRequest(findTestObject("EngineScore", ["response_searchME_kons":response_searchME_kons, "response_searchME_spouse":response_searchME_spouse])): Send request successfully

2022-11-24 16:54:10 - [MESSAGE][INFO] - HAR: D:\DMS\Engine Scoring\Reports\20221124_164440\Exclude KKB - DS - Married\Scoring Married - DS\20221124_164440\requests\main\161.har

2022-11-24 16:54:10 - [MESSAGE][PASSED] - Send request successfully

2022-11-24 16:54:10 - [TEST_STEP][PASSED] - verifyResponseStatusCode(scoring, 200): Verify response status code successfully

2022-11-24 16:54:10 - [MESSAGE][PASSED] - Verify response status code successfully

2022-11-24 16:54:10 - [TEST_STEP][PASSED] - response2 = scoring.getResponseText(): null

2022-11-24 16:54:10 - [TEST_STEP][PASSED] - markPassed("result service data ke : " + no): result service data ke : 81

2022-11-24 16:54:10 - [MESSAGE][PASSED] - result service data ke : 81

2022-11-24 16:54:10 - [TEST_STEP][PASSED] - logInfo($response2): {"result_konsumen":"Approve","result_pasangan":"Reject","Final_result":"Reject","errorMessage":"","status":"Done"}

2022-11-24 16:54:10 - [MESSAGE][INFO] - {"result_konsumen":"Approve","result_pasangan":"Reject","Final_result":"Reject","errorMessage":"","status":"Done"}

2022-11-24 16:54:10 - [TEST_STEP][PASSED] - verifyElementPropertyValue(scoring, "Final_result", final_result): Verify element property value successfully

2022-11-24 16:54:10 - [MESSAGE][PASSED] - Verify element property value successfully]]></system-out>
         <system-err><![CDATA[]]></system-err>
      </testcase>
      <testcase name="Test Cases/Engine_Scoring/Engine Scoring" time="9.428" classname="Test Cases/Engine_Scoring/Engine Scoring" status="PASSED">
         <system-out><![CDATA[2022-11-24 16:54:11 - [TEST_CASE][PASSED] - Test Cases/Engine_Scoring/Engine Scoring: Test Cases/Engine_Scoring/Engine Scoring

2022-11-24 16:54:11 - [TEST_STEP][PASSED] - markPassed("Variasi data ke : " + no): Variasi data ke : 82

2022-11-24 16:54:11 - [MESSAGE][PASSED] - Variasi data ke : 82

2022-11-24 16:54:11 - [TEST_STEP][PASSED] - req_data = sendRequest(findTestObject("Search_ME", ["MID":MID, "source":source, "ip":ip, "userid":userid, "branch":branch, "tipekons":tipekons, "marital":marital, "penjamin":penjamin, ... ])): Send request successfully

2022-11-24 16:54:15 - [MESSAGE][INFO] - HAR: D:\DMS\Engine Scoring\Reports\20221124_164440\Exclude KKB - DS - Married\Scoring Married - DS\20221124_164440\requests\main\162.har

2022-11-24 16:54:15 - [MESSAGE][PASSED] - Send request successfully

2022-11-24 16:54:15 - [TEST_STEP][PASSED] - slurper = new groovy.json.JsonSlurper(): null

2022-11-24 16:54:15 - [TEST_STEP][PASSED] - result = slurper.parseText(req_data.getResponseBodyContent()): null

2022-11-24 16:54:15 - [TEST_STEP][PASSED] - reqid_kons = requestid1: null

2022-11-24 16:54:15 - [TEST_STEP][PASSED] - reqid_spouse = requestid2: null

2022-11-24 16:54:15 - [TEST_STEP][PASSED] - println("requestid kons : " + reqid_kons): null

2022-11-24 16:54:15 - [TEST_STEP][PASSED] - response_searchME_kons = reqid_kons: null

2022-11-24 16:54:15 - [TEST_STEP][PASSED] - response_searchME_spouse = reqid_spouse: null

2022-11-24 16:54:15 - [TEST_STEP][PASSED] - println("kons req id is :" + response_searchME_kons): null

2022-11-24 16:54:15 - [TEST_STEP][PASSED] - println("spouse req id is : " + response_searchME_spouse): null

2022-11-24 16:54:15 - [TEST_STEP][PASSED] - verifyResponseStatusCode(req_data, 200): Verify response status code successfully

2022-11-24 16:54:15 - [MESSAGE][PASSED] - Verify response status code successfully

2022-11-24 16:54:15 - [TEST_STEP][PASSED] - response = req_data.getResponseText(): null

2022-11-24 16:54:15 - [TEST_STEP][PASSED] - logInfo($response): {"status":"Done","data":{"requestid1":"254020","requestid2":"254021"}}

2022-11-24 16:54:15 - [MESSAGE][INFO] - {"status":"Done","data":{"requestid1":"254020","requestid2":"254021"}}

2022-11-24 16:54:15 - [TEST_STEP][PASSED] - delay(5): Delayed 5 second(s)

2022-11-24 16:54:20 - [MESSAGE][PASSED] - Delayed 5 second(s)

2022-11-24 16:54:20 - [TEST_STEP][PASSED] - scoring = sendRequest(findTestObject("EngineScore", ["response_searchME_kons":response_searchME_kons, "response_searchME_spouse":response_searchME_spouse])): Send request successfully

2022-11-24 16:54:20 - [MESSAGE][INFO] - HAR: D:\DMS\Engine Scoring\Reports\20221124_164440\Exclude KKB - DS - Married\Scoring Married - DS\20221124_164440\requests\main\163.har

2022-11-24 16:54:20 - [MESSAGE][PASSED] - Send request successfully

2022-11-24 16:54:20 - [TEST_STEP][PASSED] - verifyResponseStatusCode(scoring, 200): Verify response status code successfully

2022-11-24 16:54:20 - [MESSAGE][PASSED] - Verify response status code successfully

2022-11-24 16:54:20 - [TEST_STEP][PASSED] - response2 = scoring.getResponseText(): null

2022-11-24 16:54:20 - [TEST_STEP][PASSED] - markPassed("result service data ke : " + no): result service data ke : 82

2022-11-24 16:54:20 - [MESSAGE][PASSED] - result service data ke : 82

2022-11-24 16:54:20 - [TEST_STEP][PASSED] - logInfo($response2): {"result_konsumen":"Reject","result_pasangan":"Reguler","Final_result":"Reject","errorMessage":"","status":"Done"}

2022-11-24 16:54:20 - [MESSAGE][INFO] - {"result_konsumen":"Reject","result_pasangan":"Reguler","Final_result":"Reject","errorMessage":"","status":"Done"}

2022-11-24 16:54:20 - [TEST_STEP][PASSED] - verifyElementPropertyValue(scoring, "Final_result", final_result): Verify element property value successfully

2022-11-24 16:54:20 - [MESSAGE][PASSED] - Verify element property value successfully]]></system-out>
         <system-err><![CDATA[]]></system-err>
      </testcase>
      <testcase name="Test Cases/Engine_Scoring/Engine Scoring" time="6.831" classname="Test Cases/Engine_Scoring/Engine Scoring" status="PASSED">
         <system-out><![CDATA[2022-11-24 16:54:20 - [TEST_CASE][PASSED] - Test Cases/Engine_Scoring/Engine Scoring: Test Cases/Engine_Scoring/Engine Scoring

2022-11-24 16:54:21 - [TEST_STEP][PASSED] - markPassed("Variasi data ke : " + no): Variasi data ke : 83

2022-11-24 16:54:21 - [MESSAGE][PASSED] - Variasi data ke : 83

2022-11-24 16:54:21 - [TEST_STEP][PASSED] - req_data = sendRequest(findTestObject("Search_ME", ["MID":MID, "source":source, "ip":ip, "userid":userid, "branch":branch, "tipekons":tipekons, "marital":marital, "penjamin":penjamin, ... ])): Send request successfully

2022-11-24 16:54:22 - [MESSAGE][INFO] - HAR: D:\DMS\Engine Scoring\Reports\20221124_164440\Exclude KKB - DS - Married\Scoring Married - DS\20221124_164440\requests\main\164.har

2022-11-24 16:54:22 - [MESSAGE][PASSED] - Send request successfully

2022-11-24 16:54:22 - [TEST_STEP][PASSED] - slurper = new groovy.json.JsonSlurper(): null

2022-11-24 16:54:22 - [TEST_STEP][PASSED] - result = slurper.parseText(req_data.getResponseBodyContent()): null

2022-11-24 16:54:22 - [TEST_STEP][PASSED] - reqid_kons = requestid1: null

2022-11-24 16:54:22 - [TEST_STEP][PASSED] - reqid_spouse = requestid2: null

2022-11-24 16:54:22 - [TEST_STEP][PASSED] - println("requestid kons : " + reqid_kons): null

2022-11-24 16:54:22 - [TEST_STEP][PASSED] - response_searchME_kons = reqid_kons: null

2022-11-24 16:54:22 - [TEST_STEP][PASSED] - response_searchME_spouse = reqid_spouse: null

2022-11-24 16:54:22 - [TEST_STEP][PASSED] - println("kons req id is :" + response_searchME_kons): null

2022-11-24 16:54:22 - [TEST_STEP][PASSED] - println("spouse req id is : " + response_searchME_spouse): null

2022-11-24 16:54:22 - [TEST_STEP][PASSED] - verifyResponseStatusCode(req_data, 200): Verify response status code successfully

2022-11-24 16:54:22 - [MESSAGE][PASSED] - Verify response status code successfully

2022-11-24 16:54:22 - [TEST_STEP][PASSED] - response = req_data.getResponseText(): null

2022-11-24 16:54:22 - [TEST_STEP][PASSED] - logInfo($response): {"status":"Done","data":{"requestid1":"254022","requestid2":"254023"}}

2022-11-24 16:54:22 - [MESSAGE][INFO] - {"status":"Done","data":{"requestid1":"254022","requestid2":"254023"}}

2022-11-24 16:54:22 - [TEST_STEP][PASSED] - delay(5): Delayed 5 second(s)

2022-11-24 16:54:27 - [MESSAGE][PASSED] - Delayed 5 second(s)

2022-11-24 16:54:27 - [TEST_STEP][PASSED] - scoring = sendRequest(findTestObject("EngineScore", ["response_searchME_kons":response_searchME_kons, "response_searchME_spouse":response_searchME_spouse])): Send request successfully

2022-11-24 16:54:27 - [MESSAGE][INFO] - HAR: D:\DMS\Engine Scoring\Reports\20221124_164440\Exclude KKB - DS - Married\Scoring Married - DS\20221124_164440\requests\main\165.har

2022-11-24 16:54:27 - [MESSAGE][PASSED] - Send request successfully

2022-11-24 16:54:27 - [TEST_STEP][PASSED] - verifyResponseStatusCode(scoring, 200): Verify response status code successfully

2022-11-24 16:54:27 - [MESSAGE][PASSED] - Verify response status code successfully

2022-11-24 16:54:27 - [TEST_STEP][PASSED] - response2 = scoring.getResponseText(): null

2022-11-24 16:54:27 - [TEST_STEP][PASSED] - markPassed("result service data ke : " + no): result service data ke : 83

2022-11-24 16:54:27 - [MESSAGE][PASSED] - result service data ke : 83

2022-11-24 16:54:27 - [TEST_STEP][PASSED] - logInfo($response2): {"result_konsumen":"Reject","result_pasangan":"Reguler","Final_result":"Reject","errorMessage":"","status":"Done"}

2022-11-24 16:54:27 - [MESSAGE][INFO] - {"result_konsumen":"Reject","result_pasangan":"Reguler","Final_result":"Reject","errorMessage":"","status":"Done"}

2022-11-24 16:54:27 - [TEST_STEP][PASSED] - verifyElementPropertyValue(scoring, "Final_result", final_result): Verify element property value successfully

2022-11-24 16:54:27 - [MESSAGE][PASSED] - Verify element property value successfully]]></system-out>
         <system-err><![CDATA[]]></system-err>
      </testcase>
      <testcase name="Test Cases/Engine_Scoring/Engine Scoring" time="6.864" classname="Test Cases/Engine_Scoring/Engine Scoring" status="PASSED">
         <system-out><![CDATA[2022-11-24 16:54:27 - [TEST_CASE][PASSED] - Test Cases/Engine_Scoring/Engine Scoring: Test Cases/Engine_Scoring/Engine Scoring

2022-11-24 16:54:28 - [TEST_STEP][PASSED] - markPassed("Variasi data ke : " + no): Variasi data ke : 84

2022-11-24 16:54:28 - [MESSAGE][PASSED] - Variasi data ke : 84

2022-11-24 16:54:28 - [TEST_STEP][PASSED] - req_data = sendRequest(findTestObject("Search_ME", ["MID":MID, "source":source, "ip":ip, "userid":userid, "branch":branch, "tipekons":tipekons, "marital":marital, "penjamin":penjamin, ... ])): Send request successfully

2022-11-24 16:54:29 - [MESSAGE][INFO] - HAR: D:\DMS\Engine Scoring\Reports\20221124_164440\Exclude KKB - DS - Married\Scoring Married - DS\20221124_164440\requests\main\166.har

2022-11-24 16:54:29 - [MESSAGE][PASSED] - Send request successfully

2022-11-24 16:54:29 - [TEST_STEP][PASSED] - slurper = new groovy.json.JsonSlurper(): null

2022-11-24 16:54:29 - [TEST_STEP][PASSED] - result = slurper.parseText(req_data.getResponseBodyContent()): null

2022-11-24 16:54:29 - [TEST_STEP][PASSED] - reqid_kons = requestid1: null

2022-11-24 16:54:29 - [TEST_STEP][PASSED] - reqid_spouse = requestid2: null

2022-11-24 16:54:29 - [TEST_STEP][PASSED] - println("requestid kons : " + reqid_kons): null

2022-11-24 16:54:29 - [TEST_STEP][PASSED] - response_searchME_kons = reqid_kons: null

2022-11-24 16:54:29 - [TEST_STEP][PASSED] - response_searchME_spouse = reqid_spouse: null

2022-11-24 16:54:29 - [TEST_STEP][PASSED] - println("kons req id is :" + response_searchME_kons): null

2022-11-24 16:54:29 - [TEST_STEP][PASSED] - println("spouse req id is : " + response_searchME_spouse): null

2022-11-24 16:54:29 - [TEST_STEP][PASSED] - verifyResponseStatusCode(req_data, 200): Verify response status code successfully

2022-11-24 16:54:29 - [MESSAGE][PASSED] - Verify response status code successfully

2022-11-24 16:54:29 - [TEST_STEP][PASSED] - response = req_data.getResponseText(): null

2022-11-24 16:54:29 - [TEST_STEP][PASSED] - logInfo($response): {"status":"Done","data":{"requestid1":"254024","requestid2":"254025"}}

2022-11-24 16:54:29 - [MESSAGE][INFO] - {"status":"Done","data":{"requestid1":"254024","requestid2":"254025"}}

2022-11-24 16:54:29 - [TEST_STEP][PASSED] - delay(5): Delayed 5 second(s)

2022-11-24 16:54:34 - [MESSAGE][PASSED] - Delayed 5 second(s)

2022-11-24 16:54:34 - [TEST_STEP][PASSED] - scoring = sendRequest(findTestObject("EngineScore", ["response_searchME_kons":response_searchME_kons, "response_searchME_spouse":response_searchME_spouse])): Send request successfully

2022-11-24 16:54:34 - [MESSAGE][INFO] - HAR: D:\DMS\Engine Scoring\Reports\20221124_164440\Exclude KKB - DS - Married\Scoring Married - DS\20221124_164440\requests\main\167.har

2022-11-24 16:54:34 - [MESSAGE][PASSED] - Send request successfully

2022-11-24 16:54:34 - [TEST_STEP][PASSED] - verifyResponseStatusCode(scoring, 200): Verify response status code successfully

2022-11-24 16:54:34 - [MESSAGE][PASSED] - Verify response status code successfully

2022-11-24 16:54:34 - [TEST_STEP][PASSED] - response2 = scoring.getResponseText(): null

2022-11-24 16:54:34 - [TEST_STEP][PASSED] - markPassed("result service data ke : " + no): result service data ke : 84

2022-11-24 16:54:34 - [MESSAGE][PASSED] - result service data ke : 84

2022-11-24 16:54:34 - [TEST_STEP][PASSED] - logInfo($response2): {"result_konsumen":"Reject","result_pasangan":"Reguler","Final_result":"Reject","errorMessage":"","status":"Done"}

2022-11-24 16:54:34 - [MESSAGE][INFO] - {"result_konsumen":"Reject","result_pasangan":"Reguler","Final_result":"Reject","errorMessage":"","status":"Done"}

2022-11-24 16:54:34 - [TEST_STEP][PASSED] - verifyElementPropertyValue(scoring, "Final_result", final_result): Verify element property value successfully

2022-11-24 16:54:34 - [MESSAGE][PASSED] - Verify element property value successfully]]></system-out>
         <system-err><![CDATA[]]></system-err>
      </testcase>
      <testcase name="Test Cases/Engine_Scoring/Engine Scoring" time="7.067" classname="Test Cases/Engine_Scoring/Engine Scoring" status="PASSED">
         <system-out><![CDATA[2022-11-24 16:54:34 - [TEST_CASE][PASSED] - Test Cases/Engine_Scoring/Engine Scoring: Test Cases/Engine_Scoring/Engine Scoring

2022-11-24 16:54:35 - [TEST_STEP][PASSED] - markPassed("Variasi data ke : " + no): Variasi data ke : 85

2022-11-24 16:54:35 - [MESSAGE][PASSED] - Variasi data ke : 85

2022-11-24 16:54:35 - [TEST_STEP][PASSED] - req_data = sendRequest(findTestObject("Search_ME", ["MID":MID, "source":source, "ip":ip, "userid":userid, "branch":branch, "tipekons":tipekons, "marital":marital, "penjamin":penjamin, ... ])): Send request successfully

2022-11-24 16:54:36 - [MESSAGE][INFO] - HAR: D:\DMS\Engine Scoring\Reports\20221124_164440\Exclude KKB - DS - Married\Scoring Married - DS\20221124_164440\requests\main\168.har

2022-11-24 16:54:36 - [MESSAGE][PASSED] - Send request successfully

2022-11-24 16:54:36 - [TEST_STEP][PASSED] - slurper = new groovy.json.JsonSlurper(): null

2022-11-24 16:54:36 - [TEST_STEP][PASSED] - result = slurper.parseText(req_data.getResponseBodyContent()): null

2022-11-24 16:54:36 - [TEST_STEP][PASSED] - reqid_kons = requestid1: null

2022-11-24 16:54:36 - [TEST_STEP][PASSED] - reqid_spouse = requestid2: null

2022-11-24 16:54:36 - [TEST_STEP][PASSED] - println("requestid kons : " + reqid_kons): null

2022-11-24 16:54:36 - [TEST_STEP][PASSED] - response_searchME_kons = reqid_kons: null

2022-11-24 16:54:36 - [TEST_STEP][PASSED] - response_searchME_spouse = reqid_spouse: null

2022-11-24 16:54:36 - [TEST_STEP][PASSED] - println("kons req id is :" + response_searchME_kons): null

2022-11-24 16:54:36 - [TEST_STEP][PASSED] - println("spouse req id is : " + response_searchME_spouse): null

2022-11-24 16:54:36 - [TEST_STEP][PASSED] - verifyResponseStatusCode(req_data, 200): Verify response status code successfully

2022-11-24 16:54:36 - [MESSAGE][PASSED] - Verify response status code successfully

2022-11-24 16:54:36 - [TEST_STEP][PASSED] - response = req_data.getResponseText(): null

2022-11-24 16:54:36 - [TEST_STEP][PASSED] - logInfo($response): {"status":"Done","data":{"requestid1":"254026","requestid2":"254027"}}

2022-11-24 16:54:36 - [MESSAGE][INFO] - {"status":"Done","data":{"requestid1":"254026","requestid2":"254027"}}

2022-11-24 16:54:36 - [TEST_STEP][PASSED] - delay(5): Delayed 5 second(s)

2022-11-24 16:54:41 - [MESSAGE][PASSED] - Delayed 5 second(s)

2022-11-24 16:54:41 - [TEST_STEP][PASSED] - scoring = sendRequest(findTestObject("EngineScore", ["response_searchME_kons":response_searchME_kons, "response_searchME_spouse":response_searchME_spouse])): Send request successfully

2022-11-24 16:54:41 - [MESSAGE][INFO] - HAR: D:\DMS\Engine Scoring\Reports\20221124_164440\Exclude KKB - DS - Married\Scoring Married - DS\20221124_164440\requests\main\169.har

2022-11-24 16:54:41 - [MESSAGE][PASSED] - Send request successfully

2022-11-24 16:54:41 - [TEST_STEP][PASSED] - verifyResponseStatusCode(scoring, 200): Verify response status code successfully

2022-11-24 16:54:41 - [MESSAGE][PASSED] - Verify response status code successfully

2022-11-24 16:54:41 - [TEST_STEP][PASSED] - response2 = scoring.getResponseText(): null

2022-11-24 16:54:41 - [TEST_STEP][PASSED] - markPassed("result service data ke : " + no): result service data ke : 85

2022-11-24 16:54:41 - [MESSAGE][PASSED] - result service data ke : 85

2022-11-24 16:54:41 - [TEST_STEP][PASSED] - logInfo($response2): {"result_konsumen":"Reject","result_pasangan":"Reguler","Final_result":"Reject","errorMessage":"","status":"Done"}

2022-11-24 16:54:41 - [MESSAGE][INFO] - {"result_konsumen":"Reject","result_pasangan":"Reguler","Final_result":"Reject","errorMessage":"","status":"Done"}

2022-11-24 16:54:41 - [TEST_STEP][PASSED] - verifyElementPropertyValue(scoring, "Final_result", final_result): Verify element property value successfully

2022-11-24 16:54:41 - [MESSAGE][PASSED] - Verify element property value successfully]]></system-out>
         <system-err><![CDATA[]]></system-err>
      </testcase>
      <testcase name="Test Cases/Engine_Scoring/Engine Scoring" time="7.12" classname="Test Cases/Engine_Scoring/Engine Scoring" status="PASSED">
         <system-out><![CDATA[2022-11-24 16:54:41 - [TEST_CASE][PASSED] - Test Cases/Engine_Scoring/Engine Scoring: Test Cases/Engine_Scoring/Engine Scoring

2022-11-24 16:54:42 - [TEST_STEP][PASSED] - markPassed("Variasi data ke : " + no): Variasi data ke : 86

2022-11-24 16:54:42 - [MESSAGE][PASSED] - Variasi data ke : 86

2022-11-24 16:54:42 - [TEST_STEP][PASSED] - req_data = sendRequest(findTestObject("Search_ME", ["MID":MID, "source":source, "ip":ip, "userid":userid, "branch":branch, "tipekons":tipekons, "marital":marital, "penjamin":penjamin, ... ])): Send request successfully

2022-11-24 16:54:43 - [MESSAGE][INFO] - HAR: D:\DMS\Engine Scoring\Reports\20221124_164440\Exclude KKB - DS - Married\Scoring Married - DS\20221124_164440\requests\main\170.har

2022-11-24 16:54:43 - [MESSAGE][PASSED] - Send request successfully

2022-11-24 16:54:43 - [TEST_STEP][PASSED] - slurper = new groovy.json.JsonSlurper(): null

2022-11-24 16:54:43 - [TEST_STEP][PASSED] - result = slurper.parseText(req_data.getResponseBodyContent()): null

2022-11-24 16:54:43 - [TEST_STEP][PASSED] - reqid_kons = requestid1: null

2022-11-24 16:54:43 - [TEST_STEP][PASSED] - reqid_spouse = requestid2: null

2022-11-24 16:54:43 - [TEST_STEP][PASSED] - println("requestid kons : " + reqid_kons): null

2022-11-24 16:54:43 - [TEST_STEP][PASSED] - response_searchME_kons = reqid_kons: null

2022-11-24 16:54:43 - [TEST_STEP][PASSED] - response_searchME_spouse = reqid_spouse: null

2022-11-24 16:54:43 - [TEST_STEP][PASSED] - println("kons req id is :" + response_searchME_kons): null

2022-11-24 16:54:43 - [TEST_STEP][PASSED] - println("spouse req id is : " + response_searchME_spouse): null

2022-11-24 16:54:43 - [TEST_STEP][PASSED] - verifyResponseStatusCode(req_data, 200): Verify response status code successfully

2022-11-24 16:54:43 - [MESSAGE][PASSED] - Verify response status code successfully

2022-11-24 16:54:43 - [TEST_STEP][PASSED] - response = req_data.getResponseText(): null

2022-11-24 16:54:43 - [TEST_STEP][PASSED] - logInfo($response): {"status":"Done","data":{"requestid1":"254028","requestid2":"254029"}}

2022-11-24 16:54:43 - [MESSAGE][INFO] - {"status":"Done","data":{"requestid1":"254028","requestid2":"254029"}}

2022-11-24 16:54:43 - [TEST_STEP][PASSED] - delay(5): Delayed 5 second(s)

2022-11-24 16:54:48 - [MESSAGE][PASSED] - Delayed 5 second(s)

2022-11-24 16:54:48 - [TEST_STEP][PASSED] - scoring = sendRequest(findTestObject("EngineScore", ["response_searchME_kons":response_searchME_kons, "response_searchME_spouse":response_searchME_spouse])): Send request successfully

2022-11-24 16:54:48 - [MESSAGE][INFO] - HAR: D:\DMS\Engine Scoring\Reports\20221124_164440\Exclude KKB - DS - Married\Scoring Married - DS\20221124_164440\requests\main\171.har

2022-11-24 16:54:48 - [MESSAGE][PASSED] - Send request successfully

2022-11-24 16:54:48 - [TEST_STEP][PASSED] - verifyResponseStatusCode(scoring, 200): Verify response status code successfully

2022-11-24 16:54:48 - [MESSAGE][PASSED] - Verify response status code successfully

2022-11-24 16:54:48 - [TEST_STEP][PASSED] - response2 = scoring.getResponseText(): null

2022-11-24 16:54:48 - [TEST_STEP][PASSED] - markPassed("result service data ke : " + no): result service data ke : 86

2022-11-24 16:54:48 - [MESSAGE][PASSED] - result service data ke : 86

2022-11-24 16:54:48 - [TEST_STEP][PASSED] - logInfo($response2): {"result_konsumen":"Reject","result_pasangan":"Reject","Final_result":"Reject","errorMessage":"","status":"Done"}

2022-11-24 16:54:48 - [MESSAGE][INFO] - {"result_konsumen":"Reject","result_pasangan":"Reject","Final_result":"Reject","errorMessage":"","status":"Done"}

2022-11-24 16:54:48 - [TEST_STEP][PASSED] - verifyElementPropertyValue(scoring, "Final_result", final_result): Verify element property value successfully

2022-11-24 16:54:48 - [MESSAGE][PASSED] - Verify element property value successfully]]></system-out>
         <system-err><![CDATA[]]></system-err>
      </testcase>
      <testcase name="Test Cases/Engine_Scoring/Engine Scoring" time="6.896" classname="Test Cases/Engine_Scoring/Engine Scoring" status="PASSED">
         <system-out><![CDATA[2022-11-24 16:54:48 - [TEST_CASE][PASSED] - Test Cases/Engine_Scoring/Engine Scoring: Test Cases/Engine_Scoring/Engine Scoring

2022-11-24 16:54:49 - [TEST_STEP][PASSED] - markPassed("Variasi data ke : " + no): Variasi data ke : 87

2022-11-24 16:54:49 - [MESSAGE][PASSED] - Variasi data ke : 87

2022-11-24 16:54:49 - [TEST_STEP][PASSED] - req_data = sendRequest(findTestObject("Search_ME", ["MID":MID, "source":source, "ip":ip, "userid":userid, "branch":branch, "tipekons":tipekons, "marital":marital, "penjamin":penjamin, ... ])): Send request successfully

2022-11-24 16:54:50 - [MESSAGE][INFO] - HAR: D:\DMS\Engine Scoring\Reports\20221124_164440\Exclude KKB - DS - Married\Scoring Married - DS\20221124_164440\requests\main\172.har

2022-11-24 16:54:50 - [MESSAGE][PASSED] - Send request successfully

2022-11-24 16:54:50 - [TEST_STEP][PASSED] - slurper = new groovy.json.JsonSlurper(): null

2022-11-24 16:54:50 - [TEST_STEP][PASSED] - result = slurper.parseText(req_data.getResponseBodyContent()): null

2022-11-24 16:54:50 - [TEST_STEP][PASSED] - reqid_kons = requestid1: null

2022-11-24 16:54:50 - [TEST_STEP][PASSED] - reqid_spouse = requestid2: null

2022-11-24 16:54:50 - [TEST_STEP][PASSED] - println("requestid kons : " + reqid_kons): null

2022-11-24 16:54:50 - [TEST_STEP][PASSED] - response_searchME_kons = reqid_kons: null

2022-11-24 16:54:50 - [TEST_STEP][PASSED] - response_searchME_spouse = reqid_spouse: null

2022-11-24 16:54:50 - [TEST_STEP][PASSED] - println("kons req id is :" + response_searchME_kons): null

2022-11-24 16:54:50 - [TEST_STEP][PASSED] - println("spouse req id is : " + response_searchME_spouse): null

2022-11-24 16:54:50 - [TEST_STEP][PASSED] - verifyResponseStatusCode(req_data, 200): Verify response status code successfully

2022-11-24 16:54:50 - [MESSAGE][PASSED] - Verify response status code successfully

2022-11-24 16:54:50 - [TEST_STEP][PASSED] - response = req_data.getResponseText(): null

2022-11-24 16:54:50 - [TEST_STEP][PASSED] - logInfo($response): {"status":"Done","data":{"requestid1":"254030","requestid2":"254031"}}

2022-11-24 16:54:50 - [MESSAGE][INFO] - {"status":"Done","data":{"requestid1":"254030","requestid2":"254031"}}

2022-11-24 16:54:50 - [TEST_STEP][PASSED] - delay(5): Delayed 5 second(s)

2022-11-24 16:54:55 - [MESSAGE][PASSED] - Delayed 5 second(s)

2022-11-24 16:54:55 - [TEST_STEP][PASSED] - scoring = sendRequest(findTestObject("EngineScore", ["response_searchME_kons":response_searchME_kons, "response_searchME_spouse":response_searchME_spouse])): Send request successfully

2022-11-24 16:54:55 - [MESSAGE][INFO] - HAR: D:\DMS\Engine Scoring\Reports\20221124_164440\Exclude KKB - DS - Married\Scoring Married - DS\20221124_164440\requests\main\173.har

2022-11-24 16:54:55 - [MESSAGE][PASSED] - Send request successfully

2022-11-24 16:54:55 - [TEST_STEP][PASSED] - verifyResponseStatusCode(scoring, 200): Verify response status code successfully

2022-11-24 16:54:55 - [MESSAGE][PASSED] - Verify response status code successfully

2022-11-24 16:54:55 - [TEST_STEP][PASSED] - response2 = scoring.getResponseText(): null

2022-11-24 16:54:55 - [TEST_STEP][PASSED] - markPassed("result service data ke : " + no): result service data ke : 87

2022-11-24 16:54:55 - [MESSAGE][PASSED] - result service data ke : 87

2022-11-24 16:54:55 - [TEST_STEP][PASSED] - logInfo($response2): {"result_konsumen":"Reject","result_pasangan":"Reject","Final_result":"Reject","errorMessage":"","status":"Done"}

2022-11-24 16:54:55 - [MESSAGE][INFO] - {"result_konsumen":"Reject","result_pasangan":"Reject","Final_result":"Reject","errorMessage":"","status":"Done"}

2022-11-24 16:54:55 - [TEST_STEP][PASSED] - verifyElementPropertyValue(scoring, "Final_result", final_result): Verify element property value successfully

2022-11-24 16:54:55 - [MESSAGE][PASSED] - Verify element property value successfully]]></system-out>
         <system-err><![CDATA[]]></system-err>
      </testcase>
      <testcase name="Test Cases/Engine_Scoring/Engine Scoring" time="6.897" classname="Test Cases/Engine_Scoring/Engine Scoring" status="PASSED">
         <system-out><![CDATA[2022-11-24 16:54:55 - [TEST_CASE][PASSED] - Test Cases/Engine_Scoring/Engine Scoring: Test Cases/Engine_Scoring/Engine Scoring

2022-11-24 16:54:56 - [TEST_STEP][PASSED] - markPassed("Variasi data ke : " + no): Variasi data ke : 88

2022-11-24 16:54:56 - [MESSAGE][PASSED] - Variasi data ke : 88

2022-11-24 16:54:56 - [TEST_STEP][PASSED] - req_data = sendRequest(findTestObject("Search_ME", ["MID":MID, "source":source, "ip":ip, "userid":userid, "branch":branch, "tipekons":tipekons, "marital":marital, "penjamin":penjamin, ... ])): Send request successfully

2022-11-24 16:54:57 - [MESSAGE][INFO] - HAR: D:\DMS\Engine Scoring\Reports\20221124_164440\Exclude KKB - DS - Married\Scoring Married - DS\20221124_164440\requests\main\174.har

2022-11-24 16:54:57 - [MESSAGE][PASSED] - Send request successfully

2022-11-24 16:54:57 - [TEST_STEP][PASSED] - slurper = new groovy.json.JsonSlurper(): null

2022-11-24 16:54:57 - [TEST_STEP][PASSED] - result = slurper.parseText(req_data.getResponseBodyContent()): null

2022-11-24 16:54:57 - [TEST_STEP][PASSED] - reqid_kons = requestid1: null

2022-11-24 16:54:57 - [TEST_STEP][PASSED] - reqid_spouse = requestid2: null

2022-11-24 16:54:57 - [TEST_STEP][PASSED] - println("requestid kons : " + reqid_kons): null

2022-11-24 16:54:57 - [TEST_STEP][PASSED] - response_searchME_kons = reqid_kons: null

2022-11-24 16:54:57 - [TEST_STEP][PASSED] - response_searchME_spouse = reqid_spouse: null

2022-11-24 16:54:57 - [TEST_STEP][PASSED] - println("kons req id is :" + response_searchME_kons): null

2022-11-24 16:54:57 - [TEST_STEP][PASSED] - println("spouse req id is : " + response_searchME_spouse): null

2022-11-24 16:54:57 - [TEST_STEP][PASSED] - verifyResponseStatusCode(req_data, 200): Verify response status code successfully

2022-11-24 16:54:57 - [MESSAGE][PASSED] - Verify response status code successfully

2022-11-24 16:54:57 - [TEST_STEP][PASSED] - response = req_data.getResponseText(): null

2022-11-24 16:54:57 - [TEST_STEP][PASSED] - logInfo($response): {"status":"Done","data":{"requestid1":"254032","requestid2":"254033"}}

2022-11-24 16:54:57 - [MESSAGE][INFO] - {"status":"Done","data":{"requestid1":"254032","requestid2":"254033"}}

2022-11-24 16:54:57 - [TEST_STEP][PASSED] - delay(5): Delayed 5 second(s)

2022-11-24 16:55:02 - [MESSAGE][PASSED] - Delayed 5 second(s)

2022-11-24 16:55:02 - [TEST_STEP][PASSED] - scoring = sendRequest(findTestObject("EngineScore", ["response_searchME_kons":response_searchME_kons, "response_searchME_spouse":response_searchME_spouse])): Send request successfully

2022-11-24 16:55:02 - [MESSAGE][INFO] - HAR: D:\DMS\Engine Scoring\Reports\20221124_164440\Exclude KKB - DS - Married\Scoring Married - DS\20221124_164440\requests\main\175.har

2022-11-24 16:55:02 - [MESSAGE][PASSED] - Send request successfully

2022-11-24 16:55:02 - [TEST_STEP][PASSED] - verifyResponseStatusCode(scoring, 200): Verify response status code successfully

2022-11-24 16:55:02 - [MESSAGE][PASSED] - Verify response status code successfully

2022-11-24 16:55:02 - [TEST_STEP][PASSED] - response2 = scoring.getResponseText(): null

2022-11-24 16:55:02 - [TEST_STEP][PASSED] - markPassed("result service data ke : " + no): result service data ke : 88

2022-11-24 16:55:02 - [MESSAGE][PASSED] - result service data ke : 88

2022-11-24 16:55:02 - [TEST_STEP][PASSED] - logInfo($response2): {"result_konsumen":"Reject","result_pasangan":"Reguler","Final_result":"Reject","errorMessage":"","status":"Done"}

2022-11-24 16:55:02 - [MESSAGE][INFO] - {"result_konsumen":"Reject","result_pasangan":"Reguler","Final_result":"Reject","errorMessage":"","status":"Done"}

2022-11-24 16:55:02 - [TEST_STEP][PASSED] - verifyElementPropertyValue(scoring, "Final_result", final_result): Verify element property value successfully

2022-11-24 16:55:02 - [MESSAGE][PASSED] - Verify element property value successfully]]></system-out>
         <system-err><![CDATA[]]></system-err>
      </testcase>
      <testcase name="Test Cases/Engine_Scoring/Engine Scoring" time="6.936" classname="Test Cases/Engine_Scoring/Engine Scoring" status="PASSED">
         <system-out><![CDATA[2022-11-24 16:55:02 - [TEST_CASE][PASSED] - Test Cases/Engine_Scoring/Engine Scoring: Test Cases/Engine_Scoring/Engine Scoring

2022-11-24 16:55:03 - [TEST_STEP][PASSED] - markPassed("Variasi data ke : " + no): Variasi data ke : 89

2022-11-24 16:55:03 - [MESSAGE][PASSED] - Variasi data ke : 89

2022-11-24 16:55:03 - [TEST_STEP][PASSED] - req_data = sendRequest(findTestObject("Search_ME", ["MID":MID, "source":source, "ip":ip, "userid":userid, "branch":branch, "tipekons":tipekons, "marital":marital, "penjamin":penjamin, ... ])): Send request successfully

2022-11-24 16:55:04 - [MESSAGE][INFO] - HAR: D:\DMS\Engine Scoring\Reports\20221124_164440\Exclude KKB - DS - Married\Scoring Married - DS\20221124_164440\requests\main\176.har

2022-11-24 16:55:04 - [MESSAGE][PASSED] - Send request successfully

2022-11-24 16:55:04 - [TEST_STEP][PASSED] - slurper = new groovy.json.JsonSlurper(): null

2022-11-24 16:55:04 - [TEST_STEP][PASSED] - result = slurper.parseText(req_data.getResponseBodyContent()): null

2022-11-24 16:55:04 - [TEST_STEP][PASSED] - reqid_kons = requestid1: null

2022-11-24 16:55:04 - [TEST_STEP][PASSED] - reqid_spouse = requestid2: null

2022-11-24 16:55:04 - [TEST_STEP][PASSED] - println("requestid kons : " + reqid_kons): null

2022-11-24 16:55:04 - [TEST_STEP][PASSED] - response_searchME_kons = reqid_kons: null

2022-11-24 16:55:04 - [TEST_STEP][PASSED] - response_searchME_spouse = reqid_spouse: null

2022-11-24 16:55:04 - [TEST_STEP][PASSED] - println("kons req id is :" + response_searchME_kons): null

2022-11-24 16:55:04 - [TEST_STEP][PASSED] - println("spouse req id is : " + response_searchME_spouse): null

2022-11-24 16:55:04 - [TEST_STEP][PASSED] - verifyResponseStatusCode(req_data, 200): Verify response status code successfully

2022-11-24 16:55:04 - [MESSAGE][PASSED] - Verify response status code successfully

2022-11-24 16:55:04 - [TEST_STEP][PASSED] - response = req_data.getResponseText(): null

2022-11-24 16:55:04 - [TEST_STEP][PASSED] - logInfo($response): {"status":"Done","data":{"requestid1":"254034","requestid2":"254035"}}

2022-11-24 16:55:04 - [MESSAGE][INFO] - {"status":"Done","data":{"requestid1":"254034","requestid2":"254035"}}

2022-11-24 16:55:04 - [TEST_STEP][PASSED] - delay(5): Delayed 5 second(s)

2022-11-24 16:55:09 - [MESSAGE][PASSED] - Delayed 5 second(s)

2022-11-24 16:55:09 - [TEST_STEP][PASSED] - scoring = sendRequest(findTestObject("EngineScore", ["response_searchME_kons":response_searchME_kons, "response_searchME_spouse":response_searchME_spouse])): Send request successfully

2022-11-24 16:55:09 - [MESSAGE][INFO] - HAR: D:\DMS\Engine Scoring\Reports\20221124_164440\Exclude KKB - DS - Married\Scoring Married - DS\20221124_164440\requests\main\177.har

2022-11-24 16:55:09 - [MESSAGE][PASSED] - Send request successfully

2022-11-24 16:55:09 - [TEST_STEP][PASSED] - verifyResponseStatusCode(scoring, 200): Verify response status code successfully

2022-11-24 16:55:09 - [MESSAGE][PASSED] - Verify response status code successfully

2022-11-24 16:55:09 - [TEST_STEP][PASSED] - response2 = scoring.getResponseText(): null

2022-11-24 16:55:09 - [TEST_STEP][PASSED] - markPassed("result service data ke : " + no): result service data ke : 89

2022-11-24 16:55:09 - [MESSAGE][PASSED] - result service data ke : 89

2022-11-24 16:55:09 - [TEST_STEP][PASSED] - logInfo($response2): {"result_konsumen":"Reject","result_pasangan":"Reguler","Final_result":"Reject","errorMessage":"","status":"Done"}

2022-11-24 16:55:09 - [MESSAGE][INFO] - {"result_konsumen":"Reject","result_pasangan":"Reguler","Final_result":"Reject","errorMessage":"","status":"Done"}

2022-11-24 16:55:09 - [TEST_STEP][PASSED] - verifyElementPropertyValue(scoring, "Final_result", final_result): Verify element property value successfully

2022-11-24 16:55:09 - [MESSAGE][PASSED] - Verify element property value successfully]]></system-out>
         <system-err><![CDATA[]]></system-err>
      </testcase>
      <testcase name="Test Cases/Engine_Scoring/Engine Scoring" time="6.838" classname="Test Cases/Engine_Scoring/Engine Scoring" status="PASSED">
         <system-out><![CDATA[2022-11-24 16:55:09 - [TEST_CASE][PASSED] - Test Cases/Engine_Scoring/Engine Scoring: Test Cases/Engine_Scoring/Engine Scoring

2022-11-24 16:55:10 - [TEST_STEP][PASSED] - markPassed("Variasi data ke : " + no): Variasi data ke : 90

2022-11-24 16:55:10 - [MESSAGE][PASSED] - Variasi data ke : 90

2022-11-24 16:55:10 - [TEST_STEP][PASSED] - req_data = sendRequest(findTestObject("Search_ME", ["MID":MID, "source":source, "ip":ip, "userid":userid, "branch":branch, "tipekons":tipekons, "marital":marital, "penjamin":penjamin, ... ])): Send request successfully

2022-11-24 16:55:11 - [MESSAGE][INFO] - HAR: D:\DMS\Engine Scoring\Reports\20221124_164440\Exclude KKB - DS - Married\Scoring Married - DS\20221124_164440\requests\main\178.har

2022-11-24 16:55:11 - [MESSAGE][PASSED] - Send request successfully

2022-11-24 16:55:11 - [TEST_STEP][PASSED] - slurper = new groovy.json.JsonSlurper(): null

2022-11-24 16:55:11 - [TEST_STEP][PASSED] - result = slurper.parseText(req_data.getResponseBodyContent()): null

2022-11-24 16:55:11 - [TEST_STEP][PASSED] - reqid_kons = requestid1: null

2022-11-24 16:55:11 - [TEST_STEP][PASSED] - reqid_spouse = requestid2: null

2022-11-24 16:55:11 - [TEST_STEP][PASSED] - println("requestid kons : " + reqid_kons): null

2022-11-24 16:55:11 - [TEST_STEP][PASSED] - response_searchME_kons = reqid_kons: null

2022-11-24 16:55:11 - [TEST_STEP][PASSED] - response_searchME_spouse = reqid_spouse: null

2022-11-24 16:55:11 - [TEST_STEP][PASSED] - println("kons req id is :" + response_searchME_kons): null

2022-11-24 16:55:11 - [TEST_STEP][PASSED] - println("spouse req id is : " + response_searchME_spouse): null

2022-11-24 16:55:11 - [TEST_STEP][PASSED] - verifyResponseStatusCode(req_data, 200): Verify response status code successfully

2022-11-24 16:55:11 - [MESSAGE][PASSED] - Verify response status code successfully

2022-11-24 16:55:11 - [TEST_STEP][PASSED] - response = req_data.getResponseText(): null

2022-11-24 16:55:11 - [TEST_STEP][PASSED] - logInfo($response): {"status":"Done","data":{"requestid1":"254036","requestid2":"254037"}}

2022-11-24 16:55:11 - [MESSAGE][INFO] - {"status":"Done","data":{"requestid1":"254036","requestid2":"254037"}}

2022-11-24 16:55:11 - [TEST_STEP][PASSED] - delay(5): Delayed 5 second(s)

2022-11-24 16:55:16 - [MESSAGE][PASSED] - Delayed 5 second(s)

2022-11-24 16:55:16 - [TEST_STEP][PASSED] - scoring = sendRequest(findTestObject("EngineScore", ["response_searchME_kons":response_searchME_kons, "response_searchME_spouse":response_searchME_spouse])): Send request successfully

2022-11-24 16:55:16 - [MESSAGE][INFO] - HAR: D:\DMS\Engine Scoring\Reports\20221124_164440\Exclude KKB - DS - Married\Scoring Married - DS\20221124_164440\requests\main\179.har

2022-11-24 16:55:16 - [MESSAGE][PASSED] - Send request successfully

2022-11-24 16:55:16 - [TEST_STEP][PASSED] - verifyResponseStatusCode(scoring, 200): Verify response status code successfully

2022-11-24 16:55:16 - [MESSAGE][PASSED] - Verify response status code successfully

2022-11-24 16:55:16 - [TEST_STEP][PASSED] - response2 = scoring.getResponseText(): null

2022-11-24 16:55:16 - [TEST_STEP][PASSED] - markPassed("result service data ke : " + no): result service data ke : 90

2022-11-24 16:55:16 - [MESSAGE][PASSED] - result service data ke : 90

2022-11-24 16:55:16 - [TEST_STEP][PASSED] - logInfo($response2): {"result_konsumen":"Reject","result_pasangan":"Reguler","Final_result":"Reject","errorMessage":"","status":"Done"}

2022-11-24 16:55:16 - [MESSAGE][INFO] - {"result_konsumen":"Reject","result_pasangan":"Reguler","Final_result":"Reject","errorMessage":"","status":"Done"}

2022-11-24 16:55:16 - [TEST_STEP][PASSED] - verifyElementPropertyValue(scoring, "Final_result", final_result): Verify element property value successfully

2022-11-24 16:55:16 - [MESSAGE][PASSED] - Verify element property value successfully]]></system-out>
         <system-err><![CDATA[]]></system-err>
      </testcase>
      <testcase name="Test Cases/Engine_Scoring/Engine Scoring" time="6.931" classname="Test Cases/Engine_Scoring/Engine Scoring" status="PASSED">
         <system-out><![CDATA[2022-11-24 16:55:16 - [TEST_CASE][PASSED] - Test Cases/Engine_Scoring/Engine Scoring: Test Cases/Engine_Scoring/Engine Scoring

2022-11-24 16:55:17 - [TEST_STEP][PASSED] - markPassed("Variasi data ke : " + no): Variasi data ke : 91

2022-11-24 16:55:17 - [MESSAGE][PASSED] - Variasi data ke : 91

2022-11-24 16:55:17 - [TEST_STEP][PASSED] - req_data = sendRequest(findTestObject("Search_ME", ["MID":MID, "source":source, "ip":ip, "userid":userid, "branch":branch, "tipekons":tipekons, "marital":marital, "penjamin":penjamin, ... ])): Send request successfully

2022-11-24 16:55:18 - [MESSAGE][INFO] - HAR: D:\DMS\Engine Scoring\Reports\20221124_164440\Exclude KKB - DS - Married\Scoring Married - DS\20221124_164440\requests\main\180.har

2022-11-24 16:55:18 - [MESSAGE][PASSED] - Send request successfully

2022-11-24 16:55:18 - [TEST_STEP][PASSED] - slurper = new groovy.json.JsonSlurper(): null

2022-11-24 16:55:18 - [TEST_STEP][PASSED] - result = slurper.parseText(req_data.getResponseBodyContent()): null

2022-11-24 16:55:18 - [TEST_STEP][PASSED] - reqid_kons = requestid1: null

2022-11-24 16:55:18 - [TEST_STEP][PASSED] - reqid_spouse = requestid2: null

2022-11-24 16:55:18 - [TEST_STEP][PASSED] - println("requestid kons : " + reqid_kons): null

2022-11-24 16:55:18 - [TEST_STEP][PASSED] - response_searchME_kons = reqid_kons: null

2022-11-24 16:55:18 - [TEST_STEP][PASSED] - response_searchME_spouse = reqid_spouse: null

2022-11-24 16:55:18 - [TEST_STEP][PASSED] - println("kons req id is :" + response_searchME_kons): null

2022-11-24 16:55:18 - [TEST_STEP][PASSED] - println("spouse req id is : " + response_searchME_spouse): null

2022-11-24 16:55:18 - [TEST_STEP][PASSED] - verifyResponseStatusCode(req_data, 200): Verify response status code successfully

2022-11-24 16:55:18 - [MESSAGE][PASSED] - Verify response status code successfully

2022-11-24 16:55:18 - [TEST_STEP][PASSED] - response = req_data.getResponseText(): null

2022-11-24 16:55:18 - [TEST_STEP][PASSED] - logInfo($response): {"status":"Done","data":{"requestid1":"254038","requestid2":"254039"}}

2022-11-24 16:55:18 - [MESSAGE][INFO] - {"status":"Done","data":{"requestid1":"254038","requestid2":"254039"}}

2022-11-24 16:55:18 - [TEST_STEP][PASSED] - delay(5): Delayed 5 second(s)

2022-11-24 16:55:23 - [MESSAGE][PASSED] - Delayed 5 second(s)

2022-11-24 16:55:23 - [TEST_STEP][PASSED] - scoring = sendRequest(findTestObject("EngineScore", ["response_searchME_kons":response_searchME_kons, "response_searchME_spouse":response_searchME_spouse])): Send request successfully

2022-11-24 16:55:23 - [MESSAGE][INFO] - HAR: D:\DMS\Engine Scoring\Reports\20221124_164440\Exclude KKB - DS - Married\Scoring Married - DS\20221124_164440\requests\main\181.har

2022-11-24 16:55:23 - [MESSAGE][PASSED] - Send request successfully

2022-11-24 16:55:23 - [TEST_STEP][PASSED] - verifyResponseStatusCode(scoring, 200): Verify response status code successfully

2022-11-24 16:55:23 - [MESSAGE][PASSED] - Verify response status code successfully

2022-11-24 16:55:23 - [TEST_STEP][PASSED] - response2 = scoring.getResponseText(): null

2022-11-24 16:55:23 - [TEST_STEP][PASSED] - markPassed("result service data ke : " + no): result service data ke : 91

2022-11-24 16:55:23 - [MESSAGE][PASSED] - result service data ke : 91

2022-11-24 16:55:23 - [TEST_STEP][PASSED] - logInfo($response2): {"result_konsumen":"Reguler","result_pasangan":"Approve","Final_result":"Reguler","errorMessage":"","status":"Done"}

2022-11-24 16:55:23 - [MESSAGE][INFO] - {"result_konsumen":"Reguler","result_pasangan":"Approve","Final_result":"Reguler","errorMessage":"","status":"Done"}

2022-11-24 16:55:23 - [TEST_STEP][PASSED] - verifyElementPropertyValue(scoring, "Final_result", final_result): Verify element property value successfully

2022-11-24 16:55:23 - [MESSAGE][PASSED] - Verify element property value successfully]]></system-out>
         <system-err><![CDATA[]]></system-err>
      </testcase>
      <testcase name="Test Cases/Engine_Scoring/Engine Scoring" time="6.986" classname="Test Cases/Engine_Scoring/Engine Scoring" status="PASSED">
         <system-out><![CDATA[2022-11-24 16:55:23 - [TEST_CASE][PASSED] - Test Cases/Engine_Scoring/Engine Scoring: Test Cases/Engine_Scoring/Engine Scoring

2022-11-24 16:55:24 - [TEST_STEP][PASSED] - markPassed("Variasi data ke : " + no): Variasi data ke : 92

2022-11-24 16:55:24 - [MESSAGE][PASSED] - Variasi data ke : 92

2022-11-24 16:55:24 - [TEST_STEP][PASSED] - req_data = sendRequest(findTestObject("Search_ME", ["MID":MID, "source":source, "ip":ip, "userid":userid, "branch":branch, "tipekons":tipekons, "marital":marital, "penjamin":penjamin, ... ])): Send request successfully

2022-11-24 16:55:25 - [MESSAGE][INFO] - HAR: D:\DMS\Engine Scoring\Reports\20221124_164440\Exclude KKB - DS - Married\Scoring Married - DS\20221124_164440\requests\main\182.har

2022-11-24 16:55:25 - [MESSAGE][PASSED] - Send request successfully

2022-11-24 16:55:25 - [TEST_STEP][PASSED] - slurper = new groovy.json.JsonSlurper(): null

2022-11-24 16:55:25 - [TEST_STEP][PASSED] - result = slurper.parseText(req_data.getResponseBodyContent()): null

2022-11-24 16:55:25 - [TEST_STEP][PASSED] - reqid_kons = requestid1: null

2022-11-24 16:55:25 - [TEST_STEP][PASSED] - reqid_spouse = requestid2: null

2022-11-24 16:55:25 - [TEST_STEP][PASSED] - println("requestid kons : " + reqid_kons): null

2022-11-24 16:55:25 - [TEST_STEP][PASSED] - response_searchME_kons = reqid_kons: null

2022-11-24 16:55:25 - [TEST_STEP][PASSED] - response_searchME_spouse = reqid_spouse: null

2022-11-24 16:55:25 - [TEST_STEP][PASSED] - println("kons req id is :" + response_searchME_kons): null

2022-11-24 16:55:25 - [TEST_STEP][PASSED] - println("spouse req id is : " + response_searchME_spouse): null

2022-11-24 16:55:25 - [TEST_STEP][PASSED] - verifyResponseStatusCode(req_data, 200): Verify response status code successfully

2022-11-24 16:55:25 - [MESSAGE][PASSED] - Verify response status code successfully

2022-11-24 16:55:25 - [TEST_STEP][PASSED] - response = req_data.getResponseText(): null

2022-11-24 16:55:25 - [TEST_STEP][PASSED] - logInfo($response): {"status":"Done","data":{"requestid1":"254040","requestid2":"254041"}}

2022-11-24 16:55:25 - [MESSAGE][INFO] - {"status":"Done","data":{"requestid1":"254040","requestid2":"254041"}}

2022-11-24 16:55:25 - [TEST_STEP][PASSED] - delay(5): Delayed 5 second(s)

2022-11-24 16:55:30 - [MESSAGE][PASSED] - Delayed 5 second(s)

2022-11-24 16:55:30 - [TEST_STEP][PASSED] - scoring = sendRequest(findTestObject("EngineScore", ["response_searchME_kons":response_searchME_kons, "response_searchME_spouse":response_searchME_spouse])): Send request successfully

2022-11-24 16:55:30 - [MESSAGE][INFO] - HAR: D:\DMS\Engine Scoring\Reports\20221124_164440\Exclude KKB - DS - Married\Scoring Married - DS\20221124_164440\requests\main\183.har

2022-11-24 16:55:30 - [MESSAGE][PASSED] - Send request successfully

2022-11-24 16:55:30 - [TEST_STEP][PASSED] - verifyResponseStatusCode(scoring, 200): Verify response status code successfully

2022-11-24 16:55:30 - [MESSAGE][PASSED] - Verify response status code successfully

2022-11-24 16:55:30 - [TEST_STEP][PASSED] - response2 = scoring.getResponseText(): null

2022-11-24 16:55:30 - [TEST_STEP][PASSED] - markPassed("result service data ke : " + no): result service data ke : 92

2022-11-24 16:55:30 - [MESSAGE][PASSED] - result service data ke : 92

2022-11-24 16:55:30 - [TEST_STEP][PASSED] - logInfo($response2): {"result_konsumen":"Reguler","result_pasangan":"Approve","Final_result":"Reguler","errorMessage":"","status":"Done"}

2022-11-24 16:55:30 - [MESSAGE][INFO] - {"result_konsumen":"Reguler","result_pasangan":"Approve","Final_result":"Reguler","errorMessage":"","status":"Done"}

2022-11-24 16:55:30 - [TEST_STEP][PASSED] - verifyElementPropertyValue(scoring, "Final_result", final_result): Verify element property value successfully

2022-11-24 16:55:30 - [MESSAGE][PASSED] - Verify element property value successfully]]></system-out>
         <system-err><![CDATA[]]></system-err>
      </testcase>
      <testcase name="Test Cases/Engine_Scoring/Engine Scoring" time="6.959" classname="Test Cases/Engine_Scoring/Engine Scoring" status="PASSED">
         <system-out><![CDATA[2022-11-24 16:55:30 - [TEST_CASE][PASSED] - Test Cases/Engine_Scoring/Engine Scoring: Test Cases/Engine_Scoring/Engine Scoring

2022-11-24 16:55:31 - [TEST_STEP][PASSED] - markPassed("Variasi data ke : " + no): Variasi data ke : 93

2022-11-24 16:55:31 - [MESSAGE][PASSED] - Variasi data ke : 93

2022-11-24 16:55:31 - [TEST_STEP][PASSED] - req_data = sendRequest(findTestObject("Search_ME", ["MID":MID, "source":source, "ip":ip, "userid":userid, "branch":branch, "tipekons":tipekons, "marital":marital, "penjamin":penjamin, ... ])): Send request successfully

2022-11-24 16:55:32 - [MESSAGE][INFO] - HAR: D:\DMS\Engine Scoring\Reports\20221124_164440\Exclude KKB - DS - Married\Scoring Married - DS\20221124_164440\requests\main\184.har

2022-11-24 16:55:32 - [MESSAGE][PASSED] - Send request successfully

2022-11-24 16:55:32 - [TEST_STEP][PASSED] - slurper = new groovy.json.JsonSlurper(): null

2022-11-24 16:55:32 - [TEST_STEP][PASSED] - result = slurper.parseText(req_data.getResponseBodyContent()): null

2022-11-24 16:55:32 - [TEST_STEP][PASSED] - reqid_kons = requestid1: null

2022-11-24 16:55:32 - [TEST_STEP][PASSED] - reqid_spouse = requestid2: null

2022-11-24 16:55:32 - [TEST_STEP][PASSED] - println("requestid kons : " + reqid_kons): null

2022-11-24 16:55:32 - [TEST_STEP][PASSED] - response_searchME_kons = reqid_kons: null

2022-11-24 16:55:32 - [TEST_STEP][PASSED] - response_searchME_spouse = reqid_spouse: null

2022-11-24 16:55:32 - [TEST_STEP][PASSED] - println("kons req id is :" + response_searchME_kons): null

2022-11-24 16:55:32 - [TEST_STEP][PASSED] - println("spouse req id is : " + response_searchME_spouse): null

2022-11-24 16:55:32 - [TEST_STEP][PASSED] - verifyResponseStatusCode(req_data, 200): Verify response status code successfully

2022-11-24 16:55:32 - [MESSAGE][PASSED] - Verify response status code successfully

2022-11-24 16:55:32 - [TEST_STEP][PASSED] - response = req_data.getResponseText(): null

2022-11-24 16:55:32 - [TEST_STEP][PASSED] - logInfo($response): {"status":"Done","data":{"requestid1":"254042","requestid2":"254043"}}

2022-11-24 16:55:32 - [MESSAGE][INFO] - {"status":"Done","data":{"requestid1":"254042","requestid2":"254043"}}

2022-11-24 16:55:32 - [TEST_STEP][PASSED] - delay(5): Delayed 5 second(s)

2022-11-24 16:55:37 - [MESSAGE][PASSED] - Delayed 5 second(s)

2022-11-24 16:55:37 - [TEST_STEP][PASSED] - scoring = sendRequest(findTestObject("EngineScore", ["response_searchME_kons":response_searchME_kons, "response_searchME_spouse":response_searchME_spouse])): Send request successfully

2022-11-24 16:55:37 - [MESSAGE][INFO] - HAR: D:\DMS\Engine Scoring\Reports\20221124_164440\Exclude KKB - DS - Married\Scoring Married - DS\20221124_164440\requests\main\185.har

2022-11-24 16:55:37 - [MESSAGE][PASSED] - Send request successfully

2022-11-24 16:55:37 - [TEST_STEP][PASSED] - verifyResponseStatusCode(scoring, 200): Verify response status code successfully

2022-11-24 16:55:37 - [MESSAGE][PASSED] - Verify response status code successfully

2022-11-24 16:55:37 - [TEST_STEP][PASSED] - response2 = scoring.getResponseText(): null

2022-11-24 16:55:37 - [TEST_STEP][PASSED] - markPassed("result service data ke : " + no): result service data ke : 93

2022-11-24 16:55:37 - [MESSAGE][PASSED] - result service data ke : 93

2022-11-24 16:55:37 - [TEST_STEP][PASSED] - logInfo($response2): {"result_konsumen":"Reguler","result_pasangan":"Approve","Final_result":"Reguler","errorMessage":"","status":"Done"}

2022-11-24 16:55:37 - [MESSAGE][INFO] - {"result_konsumen":"Reguler","result_pasangan":"Approve","Final_result":"Reguler","errorMessage":"","status":"Done"}

2022-11-24 16:55:37 - [TEST_STEP][PASSED] - verifyElementPropertyValue(scoring, "Final_result", final_result): Verify element property value successfully

2022-11-24 16:55:37 - [MESSAGE][PASSED] - Verify element property value successfully]]></system-out>
         <system-err><![CDATA[]]></system-err>
      </testcase>
      <testcase name="Test Cases/Engine_Scoring/Engine Scoring" time="7.089" classname="Test Cases/Engine_Scoring/Engine Scoring" status="PASSED">
         <system-out><![CDATA[2022-11-24 16:55:37 - [TEST_CASE][PASSED] - Test Cases/Engine_Scoring/Engine Scoring: Test Cases/Engine_Scoring/Engine Scoring

2022-11-24 16:55:38 - [TEST_STEP][PASSED] - markPassed("Variasi data ke : " + no): Variasi data ke : 94

2022-11-24 16:55:38 - [MESSAGE][PASSED] - Variasi data ke : 94

2022-11-24 16:55:38 - [TEST_STEP][PASSED] - req_data = sendRequest(findTestObject("Search_ME", ["MID":MID, "source":source, "ip":ip, "userid":userid, "branch":branch, "tipekons":tipekons, "marital":marital, "penjamin":penjamin, ... ])): Send request successfully

2022-11-24 16:55:39 - [MESSAGE][INFO] - HAR: D:\DMS\Engine Scoring\Reports\20221124_164440\Exclude KKB - DS - Married\Scoring Married - DS\20221124_164440\requests\main\186.har

2022-11-24 16:55:39 - [MESSAGE][PASSED] - Send request successfully

2022-11-24 16:55:39 - [TEST_STEP][PASSED] - slurper = new groovy.json.JsonSlurper(): null

2022-11-24 16:55:39 - [TEST_STEP][PASSED] - result = slurper.parseText(req_data.getResponseBodyContent()): null

2022-11-24 16:55:39 - [TEST_STEP][PASSED] - reqid_kons = requestid1: null

2022-11-24 16:55:39 - [TEST_STEP][PASSED] - reqid_spouse = requestid2: null

2022-11-24 16:55:39 - [TEST_STEP][PASSED] - println("requestid kons : " + reqid_kons): null

2022-11-24 16:55:39 - [TEST_STEP][PASSED] - response_searchME_kons = reqid_kons: null

2022-11-24 16:55:39 - [TEST_STEP][PASSED] - response_searchME_spouse = reqid_spouse: null

2022-11-24 16:55:39 - [TEST_STEP][PASSED] - println("kons req id is :" + response_searchME_kons): null

2022-11-24 16:55:39 - [TEST_STEP][PASSED] - println("spouse req id is : " + response_searchME_spouse): null

2022-11-24 16:55:39 - [TEST_STEP][PASSED] - verifyResponseStatusCode(req_data, 200): Verify response status code successfully

2022-11-24 16:55:39 - [MESSAGE][PASSED] - Verify response status code successfully

2022-11-24 16:55:39 - [TEST_STEP][PASSED] - response = req_data.getResponseText(): null

2022-11-24 16:55:39 - [TEST_STEP][PASSED] - logInfo($response): {"status":"Done","data":{"requestid1":"254044","requestid2":"254045"}}

2022-11-24 16:55:39 - [MESSAGE][INFO] - {"status":"Done","data":{"requestid1":"254044","requestid2":"254045"}}

2022-11-24 16:55:39 - [TEST_STEP][PASSED] - delay(5): Delayed 5 second(s)

2022-11-24 16:55:44 - [MESSAGE][PASSED] - Delayed 5 second(s)

2022-11-24 16:55:44 - [TEST_STEP][PASSED] - scoring = sendRequest(findTestObject("EngineScore", ["response_searchME_kons":response_searchME_kons, "response_searchME_spouse":response_searchME_spouse])): Send request successfully

2022-11-24 16:55:44 - [MESSAGE][INFO] - HAR: D:\DMS\Engine Scoring\Reports\20221124_164440\Exclude KKB - DS - Married\Scoring Married - DS\20221124_164440\requests\main\187.har

2022-11-24 16:55:44 - [MESSAGE][PASSED] - Send request successfully

2022-11-24 16:55:44 - [TEST_STEP][PASSED] - verifyResponseStatusCode(scoring, 200): Verify response status code successfully

2022-11-24 16:55:44 - [MESSAGE][PASSED] - Verify response status code successfully

2022-11-24 16:55:44 - [TEST_STEP][PASSED] - response2 = scoring.getResponseText(): null

2022-11-24 16:55:44 - [TEST_STEP][PASSED] - markPassed("result service data ke : " + no): result service data ke : 94

2022-11-24 16:55:44 - [MESSAGE][PASSED] - result service data ke : 94

2022-11-24 16:55:44 - [TEST_STEP][PASSED] - logInfo($response2): {"result_konsumen":"Reguler","result_pasangan":"Approve","Final_result":"Reguler","errorMessage":"","status":"Done"}

2022-11-24 16:55:44 - [MESSAGE][INFO] - {"result_konsumen":"Reguler","result_pasangan":"Approve","Final_result":"Reguler","errorMessage":"","status":"Done"}

2022-11-24 16:55:44 - [TEST_STEP][PASSED] - verifyElementPropertyValue(scoring, "Final_result", final_result): Verify element property value successfully

2022-11-24 16:55:44 - [MESSAGE][PASSED] - Verify element property value successfully]]></system-out>
         <system-err><![CDATA[]]></system-err>
      </testcase>
      <testcase name="Test Cases/Engine_Scoring/Engine Scoring" time="6.925" classname="Test Cases/Engine_Scoring/Engine Scoring" status="PASSED">
         <system-out><![CDATA[2022-11-24 16:55:44 - [TEST_CASE][PASSED] - Test Cases/Engine_Scoring/Engine Scoring: Test Cases/Engine_Scoring/Engine Scoring

2022-11-24 16:55:45 - [TEST_STEP][PASSED] - markPassed("Variasi data ke : " + no): Variasi data ke : 95

2022-11-24 16:55:45 - [MESSAGE][PASSED] - Variasi data ke : 95

2022-11-24 16:55:45 - [TEST_STEP][PASSED] - req_data = sendRequest(findTestObject("Search_ME", ["MID":MID, "source":source, "ip":ip, "userid":userid, "branch":branch, "tipekons":tipekons, "marital":marital, "penjamin":penjamin, ... ])): Send request successfully

2022-11-24 16:55:46 - [MESSAGE][INFO] - HAR: D:\DMS\Engine Scoring\Reports\20221124_164440\Exclude KKB - DS - Married\Scoring Married - DS\20221124_164440\requests\main\188.har

2022-11-24 16:55:46 - [MESSAGE][PASSED] - Send request successfully

2022-11-24 16:55:46 - [TEST_STEP][PASSED] - slurper = new groovy.json.JsonSlurper(): null

2022-11-24 16:55:46 - [TEST_STEP][PASSED] - result = slurper.parseText(req_data.getResponseBodyContent()): null

2022-11-24 16:55:46 - [TEST_STEP][PASSED] - reqid_kons = requestid1: null

2022-11-24 16:55:46 - [TEST_STEP][PASSED] - reqid_spouse = requestid2: null

2022-11-24 16:55:46 - [TEST_STEP][PASSED] - println("requestid kons : " + reqid_kons): null

2022-11-24 16:55:46 - [TEST_STEP][PASSED] - response_searchME_kons = reqid_kons: null

2022-11-24 16:55:46 - [TEST_STEP][PASSED] - response_searchME_spouse = reqid_spouse: null

2022-11-24 16:55:46 - [TEST_STEP][PASSED] - println("kons req id is :" + response_searchME_kons): null

2022-11-24 16:55:46 - [TEST_STEP][PASSED] - println("spouse req id is : " + response_searchME_spouse): null

2022-11-24 16:55:46 - [TEST_STEP][PASSED] - verifyResponseStatusCode(req_data, 200): Verify response status code successfully

2022-11-24 16:55:46 - [MESSAGE][PASSED] - Verify response status code successfully

2022-11-24 16:55:46 - [TEST_STEP][PASSED] - response = req_data.getResponseText(): null

2022-11-24 16:55:46 - [TEST_STEP][PASSED] - logInfo($response): {"status":"Done","data":{"requestid1":"254046","requestid2":"254047"}}

2022-11-24 16:55:46 - [MESSAGE][INFO] - {"status":"Done","data":{"requestid1":"254046","requestid2":"254047"}}

2022-11-24 16:55:46 - [TEST_STEP][PASSED] - delay(5): Delayed 5 second(s)

2022-11-24 16:55:51 - [MESSAGE][PASSED] - Delayed 5 second(s)

2022-11-24 16:55:51 - [TEST_STEP][PASSED] - scoring = sendRequest(findTestObject("EngineScore", ["response_searchME_kons":response_searchME_kons, "response_searchME_spouse":response_searchME_spouse])): Send request successfully

2022-11-24 16:55:51 - [MESSAGE][INFO] - HAR: D:\DMS\Engine Scoring\Reports\20221124_164440\Exclude KKB - DS - Married\Scoring Married - DS\20221124_164440\requests\main\189.har

2022-11-24 16:55:51 - [MESSAGE][PASSED] - Send request successfully

2022-11-24 16:55:51 - [TEST_STEP][PASSED] - verifyResponseStatusCode(scoring, 200): Verify response status code successfully

2022-11-24 16:55:51 - [MESSAGE][PASSED] - Verify response status code successfully

2022-11-24 16:55:51 - [TEST_STEP][PASSED] - response2 = scoring.getResponseText(): null

2022-11-24 16:55:51 - [TEST_STEP][PASSED] - markPassed("result service data ke : " + no): result service data ke : 95

2022-11-24 16:55:51 - [MESSAGE][PASSED] - result service data ke : 95

2022-11-24 16:55:51 - [TEST_STEP][PASSED] - logInfo($response2): {"result_konsumen":"Reguler","result_pasangan":"Reject","Final_result":"Reject","errorMessage":"","status":"Done"}

2022-11-24 16:55:51 - [MESSAGE][INFO] - {"result_konsumen":"Reguler","result_pasangan":"Reject","Final_result":"Reject","errorMessage":"","status":"Done"}

2022-11-24 16:55:51 - [TEST_STEP][PASSED] - verifyElementPropertyValue(scoring, "Final_result", final_result): Verify element property value successfully

2022-11-24 16:55:51 - [MESSAGE][PASSED] - Verify element property value successfully]]></system-out>
         <system-err><![CDATA[]]></system-err>
      </testcase>
      <testcase name="Test Cases/Engine_Scoring/Engine Scoring" time="7.027" classname="Test Cases/Engine_Scoring/Engine Scoring" status="PASSED">
         <system-out><![CDATA[2022-11-24 16:55:51 - [TEST_CASE][PASSED] - Test Cases/Engine_Scoring/Engine Scoring: Test Cases/Engine_Scoring/Engine Scoring

2022-11-24 16:55:52 - [TEST_STEP][PASSED] - markPassed("Variasi data ke : " + no): Variasi data ke : 96

2022-11-24 16:55:52 - [MESSAGE][PASSED] - Variasi data ke : 96

2022-11-24 16:55:52 - [TEST_STEP][PASSED] - req_data = sendRequest(findTestObject("Search_ME", ["MID":MID, "source":source, "ip":ip, "userid":userid, "branch":branch, "tipekons":tipekons, "marital":marital, "penjamin":penjamin, ... ])): Send request successfully

2022-11-24 16:55:53 - [MESSAGE][INFO] - HAR: D:\DMS\Engine Scoring\Reports\20221124_164440\Exclude KKB - DS - Married\Scoring Married - DS\20221124_164440\requests\main\190.har

2022-11-24 16:55:53 - [MESSAGE][PASSED] - Send request successfully

2022-11-24 16:55:53 - [TEST_STEP][PASSED] - slurper = new groovy.json.JsonSlurper(): null

2022-11-24 16:55:53 - [TEST_STEP][PASSED] - result = slurper.parseText(req_data.getResponseBodyContent()): null

2022-11-24 16:55:53 - [TEST_STEP][PASSED] - reqid_kons = requestid1: null

2022-11-24 16:55:53 - [TEST_STEP][PASSED] - reqid_spouse = requestid2: null

2022-11-24 16:55:53 - [TEST_STEP][PASSED] - println("requestid kons : " + reqid_kons): null

2022-11-24 16:55:53 - [TEST_STEP][PASSED] - response_searchME_kons = reqid_kons: null

2022-11-24 16:55:53 - [TEST_STEP][PASSED] - response_searchME_spouse = reqid_spouse: null

2022-11-24 16:55:53 - [TEST_STEP][PASSED] - println("kons req id is :" + response_searchME_kons): null

2022-11-24 16:55:53 - [TEST_STEP][PASSED] - println("spouse req id is : " + response_searchME_spouse): null

2022-11-24 16:55:53 - [TEST_STEP][PASSED] - verifyResponseStatusCode(req_data, 200): Verify response status code successfully

2022-11-24 16:55:53 - [MESSAGE][PASSED] - Verify response status code successfully

2022-11-24 16:55:53 - [TEST_STEP][PASSED] - response = req_data.getResponseText(): null

2022-11-24 16:55:53 - [TEST_STEP][PASSED] - logInfo($response): {"status":"Done","data":{"requestid1":"254048","requestid2":"254049"}}

2022-11-24 16:55:53 - [MESSAGE][INFO] - {"status":"Done","data":{"requestid1":"254048","requestid2":"254049"}}

2022-11-24 16:55:53 - [TEST_STEP][PASSED] - delay(5): Delayed 5 second(s)

2022-11-24 16:55:58 - [MESSAGE][PASSED] - Delayed 5 second(s)

2022-11-24 16:55:58 - [TEST_STEP][PASSED] - scoring = sendRequest(findTestObject("EngineScore", ["response_searchME_kons":response_searchME_kons, "response_searchME_spouse":response_searchME_spouse])): Send request successfully

2022-11-24 16:55:58 - [MESSAGE][INFO] - HAR: D:\DMS\Engine Scoring\Reports\20221124_164440\Exclude KKB - DS - Married\Scoring Married - DS\20221124_164440\requests\main\191.har

2022-11-24 16:55:58 - [MESSAGE][PASSED] - Send request successfully

2022-11-24 16:55:58 - [TEST_STEP][PASSED] - verifyResponseStatusCode(scoring, 200): Verify response status code successfully

2022-11-24 16:55:58 - [MESSAGE][PASSED] - Verify response status code successfully

2022-11-24 16:55:58 - [TEST_STEP][PASSED] - response2 = scoring.getResponseText(): null

2022-11-24 16:55:58 - [TEST_STEP][PASSED] - markPassed("result service data ke : " + no): result service data ke : 96

2022-11-24 16:55:58 - [MESSAGE][PASSED] - result service data ke : 96

2022-11-24 16:55:58 - [TEST_STEP][PASSED] - logInfo($response2): {"result_konsumen":"Reguler","result_pasangan":"Reject","Final_result":"Reject","errorMessage":"","status":"Done"}

2022-11-24 16:55:58 - [MESSAGE][INFO] - {"result_konsumen":"Reguler","result_pasangan":"Reject","Final_result":"Reject","errorMessage":"","status":"Done"}

2022-11-24 16:55:58 - [TEST_STEP][PASSED] - verifyElementPropertyValue(scoring, "Final_result", final_result): Verify element property value successfully

2022-11-24 16:55:58 - [MESSAGE][PASSED] - Verify element property value successfully]]></system-out>
         <system-err><![CDATA[]]></system-err>
      </testcase>
      <testcase name="Test Cases/Engine_Scoring/Engine Scoring" time="6.939" classname="Test Cases/Engine_Scoring/Engine Scoring" status="PASSED">
         <system-out><![CDATA[2022-11-24 16:55:58 - [TEST_CASE][PASSED] - Test Cases/Engine_Scoring/Engine Scoring: Test Cases/Engine_Scoring/Engine Scoring

2022-11-24 16:55:59 - [TEST_STEP][PASSED] - markPassed("Variasi data ke : " + no): Variasi data ke : 97

2022-11-24 16:55:59 - [MESSAGE][PASSED] - Variasi data ke : 97

2022-11-24 16:55:59 - [TEST_STEP][PASSED] - req_data = sendRequest(findTestObject("Search_ME", ["MID":MID, "source":source, "ip":ip, "userid":userid, "branch":branch, "tipekons":tipekons, "marital":marital, "penjamin":penjamin, ... ])): Send request successfully

2022-11-24 16:56:00 - [MESSAGE][INFO] - HAR: D:\DMS\Engine Scoring\Reports\20221124_164440\Exclude KKB - DS - Married\Scoring Married - DS\20221124_164440\requests\main\192.har

2022-11-24 16:56:00 - [MESSAGE][PASSED] - Send request successfully

2022-11-24 16:56:00 - [TEST_STEP][PASSED] - slurper = new groovy.json.JsonSlurper(): null

2022-11-24 16:56:00 - [TEST_STEP][PASSED] - result = slurper.parseText(req_data.getResponseBodyContent()): null

2022-11-24 16:56:00 - [TEST_STEP][PASSED] - reqid_kons = requestid1: null

2022-11-24 16:56:00 - [TEST_STEP][PASSED] - reqid_spouse = requestid2: null

2022-11-24 16:56:00 - [TEST_STEP][PASSED] - println("requestid kons : " + reqid_kons): null

2022-11-24 16:56:00 - [TEST_STEP][PASSED] - response_searchME_kons = reqid_kons: null

2022-11-24 16:56:00 - [TEST_STEP][PASSED] - response_searchME_spouse = reqid_spouse: null

2022-11-24 16:56:00 - [TEST_STEP][PASSED] - println("kons req id is :" + response_searchME_kons): null

2022-11-24 16:56:00 - [TEST_STEP][PASSED] - println("spouse req id is : " + response_searchME_spouse): null

2022-11-24 16:56:00 - [TEST_STEP][PASSED] - verifyResponseStatusCode(req_data, 200): Verify response status code successfully

2022-11-24 16:56:00 - [MESSAGE][PASSED] - Verify response status code successfully

2022-11-24 16:56:00 - [TEST_STEP][PASSED] - response = req_data.getResponseText(): null

2022-11-24 16:56:00 - [TEST_STEP][PASSED] - logInfo($response): {"status":"Done","data":{"requestid1":"254050","requestid2":"254051"}}

2022-11-24 16:56:00 - [MESSAGE][INFO] - {"status":"Done","data":{"requestid1":"254050","requestid2":"254051"}}

2022-11-24 16:56:00 - [TEST_STEP][PASSED] - delay(5): Delayed 5 second(s)

2022-11-24 16:56:05 - [MESSAGE][PASSED] - Delayed 5 second(s)

2022-11-24 16:56:05 - [TEST_STEP][PASSED] - scoring = sendRequest(findTestObject("EngineScore", ["response_searchME_kons":response_searchME_kons, "response_searchME_spouse":response_searchME_spouse])): Send request successfully

2022-11-24 16:56:05 - [MESSAGE][INFO] - HAR: D:\DMS\Engine Scoring\Reports\20221124_164440\Exclude KKB - DS - Married\Scoring Married - DS\20221124_164440\requests\main\193.har

2022-11-24 16:56:05 - [MESSAGE][PASSED] - Send request successfully

2022-11-24 16:56:05 - [TEST_STEP][PASSED] - verifyResponseStatusCode(scoring, 200): Verify response status code successfully

2022-11-24 16:56:05 - [MESSAGE][PASSED] - Verify response status code successfully

2022-11-24 16:56:05 - [TEST_STEP][PASSED] - response2 = scoring.getResponseText(): null

2022-11-24 16:56:05 - [TEST_STEP][PASSED] - markPassed("result service data ke : " + no): result service data ke : 97

2022-11-24 16:56:05 - [MESSAGE][PASSED] - result service data ke : 97

2022-11-24 16:56:05 - [TEST_STEP][PASSED] - logInfo($response2): {"result_konsumen":"Reguler","result_pasangan":"Reguler","Final_result":"Reguler","errorMessage":"","status":"Done"}

2022-11-24 16:56:05 - [MESSAGE][INFO] - {"result_konsumen":"Reguler","result_pasangan":"Reguler","Final_result":"Reguler","errorMessage":"","status":"Done"}

2022-11-24 16:56:05 - [TEST_STEP][PASSED] - verifyElementPropertyValue(scoring, "Final_result", final_result): Verify element property value successfully

2022-11-24 16:56:05 - [MESSAGE][PASSED] - Verify element property value successfully]]></system-out>
         <system-err><![CDATA[]]></system-err>
      </testcase>
      <testcase name="Test Cases/Engine_Scoring/Engine Scoring" time="6.971" classname="Test Cases/Engine_Scoring/Engine Scoring" status="PASSED">
         <system-out><![CDATA[2022-11-24 16:56:06 - [TEST_CASE][PASSED] - Test Cases/Engine_Scoring/Engine Scoring: Test Cases/Engine_Scoring/Engine Scoring

2022-11-24 16:56:06 - [TEST_STEP][PASSED] - markPassed("Variasi data ke : " + no): Variasi data ke : 98

2022-11-24 16:56:06 - [MESSAGE][PASSED] - Variasi data ke : 98

2022-11-24 16:56:06 - [TEST_STEP][PASSED] - req_data = sendRequest(findTestObject("Search_ME", ["MID":MID, "source":source, "ip":ip, "userid":userid, "branch":branch, "tipekons":tipekons, "marital":marital, "penjamin":penjamin, ... ])): Send request successfully

2022-11-24 16:56:07 - [MESSAGE][INFO] - HAR: D:\DMS\Engine Scoring\Reports\20221124_164440\Exclude KKB - DS - Married\Scoring Married - DS\20221124_164440\requests\main\194.har

2022-11-24 16:56:07 - [MESSAGE][PASSED] - Send request successfully

2022-11-24 16:56:07 - [TEST_STEP][PASSED] - slurper = new groovy.json.JsonSlurper(): null

2022-11-24 16:56:07 - [TEST_STEP][PASSED] - result = slurper.parseText(req_data.getResponseBodyContent()): null

2022-11-24 16:56:07 - [TEST_STEP][PASSED] - reqid_kons = requestid1: null

2022-11-24 16:56:07 - [TEST_STEP][PASSED] - reqid_spouse = requestid2: null

2022-11-24 16:56:07 - [TEST_STEP][PASSED] - println("requestid kons : " + reqid_kons): null

2022-11-24 16:56:07 - [TEST_STEP][PASSED] - response_searchME_kons = reqid_kons: null

2022-11-24 16:56:07 - [TEST_STEP][PASSED] - response_searchME_spouse = reqid_spouse: null

2022-11-24 16:56:07 - [TEST_STEP][PASSED] - println("kons req id is :" + response_searchME_kons): null

2022-11-24 16:56:07 - [TEST_STEP][PASSED] - println("spouse req id is : " + response_searchME_spouse): null

2022-11-24 16:56:07 - [TEST_STEP][PASSED] - verifyResponseStatusCode(req_data, 200): Verify response status code successfully

2022-11-24 16:56:07 - [MESSAGE][PASSED] - Verify response status code successfully

2022-11-24 16:56:07 - [TEST_STEP][PASSED] - response = req_data.getResponseText(): null

2022-11-24 16:56:07 - [TEST_STEP][PASSED] - logInfo($response): {"status":"Done","data":{"requestid1":"254052","requestid2":"254053"}}

2022-11-24 16:56:07 - [MESSAGE][INFO] - {"status":"Done","data":{"requestid1":"254052","requestid2":"254053"}}

2022-11-24 16:56:07 - [TEST_STEP][PASSED] - delay(5): Delayed 5 second(s)

2022-11-24 16:56:12 - [MESSAGE][PASSED] - Delayed 5 second(s)

2022-11-24 16:56:12 - [TEST_STEP][PASSED] - scoring = sendRequest(findTestObject("EngineScore", ["response_searchME_kons":response_searchME_kons, "response_searchME_spouse":response_searchME_spouse])): Send request successfully

2022-11-24 16:56:12 - [MESSAGE][INFO] - HAR: D:\DMS\Engine Scoring\Reports\20221124_164440\Exclude KKB - DS - Married\Scoring Married - DS\20221124_164440\requests\main\195.har

2022-11-24 16:56:12 - [MESSAGE][PASSED] - Send request successfully

2022-11-24 16:56:12 - [TEST_STEP][PASSED] - verifyResponseStatusCode(scoring, 200): Verify response status code successfully

2022-11-24 16:56:12 - [MESSAGE][PASSED] - Verify response status code successfully

2022-11-24 16:56:12 - [TEST_STEP][PASSED] - response2 = scoring.getResponseText(): null

2022-11-24 16:56:12 - [TEST_STEP][PASSED] - markPassed("result service data ke : " + no): result service data ke : 98

2022-11-24 16:56:12 - [MESSAGE][PASSED] - result service data ke : 98

2022-11-24 16:56:12 - [TEST_STEP][PASSED] - logInfo($response2): {"result_konsumen":"Reguler","result_pasangan":"Reguler","Final_result":"Reguler","errorMessage":"","status":"Done"}

2022-11-24 16:56:12 - [MESSAGE][INFO] - {"result_konsumen":"Reguler","result_pasangan":"Reguler","Final_result":"Reguler","errorMessage":"","status":"Done"}

2022-11-24 16:56:12 - [TEST_STEP][PASSED] - verifyElementPropertyValue(scoring, "Final_result", final_result): Verify element property value successfully

2022-11-24 16:56:12 - [MESSAGE][PASSED] - Verify element property value successfully]]></system-out>
         <system-err><![CDATA[]]></system-err>
      </testcase>
      <testcase name="Test Cases/Engine_Scoring/Engine Scoring" time="7.155" classname="Test Cases/Engine_Scoring/Engine Scoring" status="PASSED">
         <system-out><![CDATA[2022-11-24 16:56:13 - [TEST_CASE][PASSED] - Test Cases/Engine_Scoring/Engine Scoring: Test Cases/Engine_Scoring/Engine Scoring

2022-11-24 16:56:13 - [TEST_STEP][PASSED] - markPassed("Variasi data ke : " + no): Variasi data ke : 99

2022-11-24 16:56:13 - [MESSAGE][PASSED] - Variasi data ke : 99

2022-11-24 16:56:13 - [TEST_STEP][PASSED] - req_data = sendRequest(findTestObject("Search_ME", ["MID":MID, "source":source, "ip":ip, "userid":userid, "branch":branch, "tipekons":tipekons, "marital":marital, "penjamin":penjamin, ... ])): Send request successfully

2022-11-24 16:56:15 - [MESSAGE][INFO] - HAR: D:\DMS\Engine Scoring\Reports\20221124_164440\Exclude KKB - DS - Married\Scoring Married - DS\20221124_164440\requests\main\196.har

2022-11-24 16:56:15 - [MESSAGE][PASSED] - Send request successfully

2022-11-24 16:56:15 - [TEST_STEP][PASSED] - slurper = new groovy.json.JsonSlurper(): null

2022-11-24 16:56:15 - [TEST_STEP][PASSED] - result = slurper.parseText(req_data.getResponseBodyContent()): null

2022-11-24 16:56:15 - [TEST_STEP][PASSED] - reqid_kons = requestid1: null

2022-11-24 16:56:15 - [TEST_STEP][PASSED] - reqid_spouse = requestid2: null

2022-11-24 16:56:15 - [TEST_STEP][PASSED] - println("requestid kons : " + reqid_kons): null

2022-11-24 16:56:15 - [TEST_STEP][PASSED] - response_searchME_kons = reqid_kons: null

2022-11-24 16:56:15 - [TEST_STEP][PASSED] - response_searchME_spouse = reqid_spouse: null

2022-11-24 16:56:15 - [TEST_STEP][PASSED] - println("kons req id is :" + response_searchME_kons): null

2022-11-24 16:56:15 - [TEST_STEP][PASSED] - println("spouse req id is : " + response_searchME_spouse): null

2022-11-24 16:56:15 - [TEST_STEP][PASSED] - verifyResponseStatusCode(req_data, 200): Verify response status code successfully

2022-11-24 16:56:15 - [MESSAGE][PASSED] - Verify response status code successfully

2022-11-24 16:56:15 - [TEST_STEP][PASSED] - response = req_data.getResponseText(): null

2022-11-24 16:56:15 - [TEST_STEP][PASSED] - logInfo($response): {"status":"Done","data":{"requestid1":"254054","requestid2":"254055"}}

2022-11-24 16:56:15 - [MESSAGE][INFO] - {"status":"Done","data":{"requestid1":"254054","requestid2":"254055"}}

2022-11-24 16:56:15 - [TEST_STEP][PASSED] - delay(5): Delayed 5 second(s)

2022-11-24 16:56:20 - [MESSAGE][PASSED] - Delayed 5 second(s)

2022-11-24 16:56:20 - [TEST_STEP][PASSED] - scoring = sendRequest(findTestObject("EngineScore", ["response_searchME_kons":response_searchME_kons, "response_searchME_spouse":response_searchME_spouse])): Send request successfully

2022-11-24 16:56:20 - [MESSAGE][INFO] - HAR: D:\DMS\Engine Scoring\Reports\20221124_164440\Exclude KKB - DS - Married\Scoring Married - DS\20221124_164440\requests\main\197.har

2022-11-24 16:56:20 - [MESSAGE][PASSED] - Send request successfully

2022-11-24 16:56:20 - [TEST_STEP][PASSED] - verifyResponseStatusCode(scoring, 200): Verify response status code successfully

2022-11-24 16:56:20 - [MESSAGE][PASSED] - Verify response status code successfully

2022-11-24 16:56:20 - [TEST_STEP][PASSED] - response2 = scoring.getResponseText(): null

2022-11-24 16:56:20 - [TEST_STEP][PASSED] - markPassed("result service data ke : " + no): result service data ke : 99

2022-11-24 16:56:20 - [MESSAGE][PASSED] - result service data ke : 99

2022-11-24 16:56:20 - [TEST_STEP][PASSED] - logInfo($response2): {"result_konsumen":"Reguler","result_pasangan":"Reguler","Final_result":"Reguler","errorMessage":"","status":"Done"}

2022-11-24 16:56:20 - [MESSAGE][INFO] - {"result_konsumen":"Reguler","result_pasangan":"Reguler","Final_result":"Reguler","errorMessage":"","status":"Done"}

2022-11-24 16:56:20 - [TEST_STEP][PASSED] - verifyElementPropertyValue(scoring, "Final_result", final_result): Verify element property value successfully

2022-11-24 16:56:20 - [MESSAGE][PASSED] - Verify element property value successfully]]></system-out>
         <system-err><![CDATA[]]></system-err>
      </testcase>
      <testcase name="Test Cases/Engine_Scoring/Engine Scoring" time="6.932" classname="Test Cases/Engine_Scoring/Engine Scoring" status="PASSED">
         <system-out><![CDATA[2022-11-24 16:56:20 - [TEST_CASE][PASSED] - Test Cases/Engine_Scoring/Engine Scoring: Test Cases/Engine_Scoring/Engine Scoring

2022-11-24 16:56:21 - [TEST_STEP][PASSED] - markPassed("Variasi data ke : " + no): Variasi data ke : 100

2022-11-24 16:56:21 - [MESSAGE][PASSED] - Variasi data ke : 100

2022-11-24 16:56:21 - [TEST_STEP][PASSED] - req_data = sendRequest(findTestObject("Search_ME", ["MID":MID, "source":source, "ip":ip, "userid":userid, "branch":branch, "tipekons":tipekons, "marital":marital, "penjamin":penjamin, ... ])): Send request successfully

2022-11-24 16:56:22 - [MESSAGE][INFO] - HAR: D:\DMS\Engine Scoring\Reports\20221124_164440\Exclude KKB - DS - Married\Scoring Married - DS\20221124_164440\requests\main\198.har

2022-11-24 16:56:22 - [MESSAGE][PASSED] - Send request successfully

2022-11-24 16:56:22 - [TEST_STEP][PASSED] - slurper = new groovy.json.JsonSlurper(): null

2022-11-24 16:56:22 - [TEST_STEP][PASSED] - result = slurper.parseText(req_data.getResponseBodyContent()): null

2022-11-24 16:56:22 - [TEST_STEP][PASSED] - reqid_kons = requestid1: null

2022-11-24 16:56:22 - [TEST_STEP][PASSED] - reqid_spouse = requestid2: null

2022-11-24 16:56:22 - [TEST_STEP][PASSED] - println("requestid kons : " + reqid_kons): null

2022-11-24 16:56:22 - [TEST_STEP][PASSED] - response_searchME_kons = reqid_kons: null

2022-11-24 16:56:22 - [TEST_STEP][PASSED] - response_searchME_spouse = reqid_spouse: null

2022-11-24 16:56:22 - [TEST_STEP][PASSED] - println("kons req id is :" + response_searchME_kons): null

2022-11-24 16:56:22 - [TEST_STEP][PASSED] - println("spouse req id is : " + response_searchME_spouse): null

2022-11-24 16:56:22 - [TEST_STEP][PASSED] - verifyResponseStatusCode(req_data, 200): Verify response status code successfully

2022-11-24 16:56:22 - [MESSAGE][PASSED] - Verify response status code successfully

2022-11-24 16:56:22 - [TEST_STEP][PASSED] - response = req_data.getResponseText(): null

2022-11-24 16:56:22 - [TEST_STEP][PASSED] - logInfo($response): {"status":"Done","data":{"requestid1":"254056","requestid2":"254057"}}

2022-11-24 16:56:22 - [MESSAGE][INFO] - {"status":"Done","data":{"requestid1":"254056","requestid2":"254057"}}

2022-11-24 16:56:22 - [TEST_STEP][PASSED] - delay(5): Delayed 5 second(s)

2022-11-24 16:56:27 - [MESSAGE][PASSED] - Delayed 5 second(s)

2022-11-24 16:56:27 - [TEST_STEP][PASSED] - scoring = sendRequest(findTestObject("EngineScore", ["response_searchME_kons":response_searchME_kons, "response_searchME_spouse":response_searchME_spouse])): Send request successfully

2022-11-24 16:56:27 - [MESSAGE][INFO] - HAR: D:\DMS\Engine Scoring\Reports\20221124_164440\Exclude KKB - DS - Married\Scoring Married - DS\20221124_164440\requests\main\199.har

2022-11-24 16:56:27 - [MESSAGE][PASSED] - Send request successfully

2022-11-24 16:56:27 - [TEST_STEP][PASSED] - verifyResponseStatusCode(scoring, 200): Verify response status code successfully

2022-11-24 16:56:27 - [MESSAGE][PASSED] - Verify response status code successfully

2022-11-24 16:56:27 - [TEST_STEP][PASSED] - response2 = scoring.getResponseText(): null

2022-11-24 16:56:27 - [TEST_STEP][PASSED] - markPassed("result service data ke : " + no): result service data ke : 100

2022-11-24 16:56:27 - [MESSAGE][PASSED] - result service data ke : 100

2022-11-24 16:56:27 - [TEST_STEP][PASSED] - logInfo($response2): {"result_konsumen":"Reguler","result_pasangan":"Reject","Final_result":"Reject","errorMessage":"","status":"Done"}

2022-11-24 16:56:27 - [MESSAGE][INFO] - {"result_konsumen":"Reguler","result_pasangan":"Reject","Final_result":"Reject","errorMessage":"","status":"Done"}

2022-11-24 16:56:27 - [TEST_STEP][PASSED] - verifyElementPropertyValue(scoring, "Final_result", final_result): Verify element property value successfully

2022-11-24 16:56:27 - [MESSAGE][PASSED] - Verify element property value successfully]]></system-out>
         <system-err><![CDATA[]]></system-err>
      </testcase>
      <system-out><![CDATA[2022-11-24 16:44:55 - [TEST_SUITE][PASSED] - Scoring Married - DS: Test Cases/Engine_Scoring/Engine Scoring]]></system-out>
      <system-err><![CDATA[]]></system-err>
   </testsuite>
</testsuites>
