<?xml version="1.0" encoding="UTF-8"?>
<testsuites name="Scoring Married - KKB" time="392.035" tests="57" failures="0" errors="0">
   <testsuite name="Scoring Married - KKB" tests="57" failures="0" errors="0" time="392.035" skipped="0" timestamp="2022-11-28 17:28:03" hostname="bcafmaster - WPI20220318001.bcaf.co.id" id="Test Suites/Exclude KKB - DS - Married/Scoring Married - KKB">
      <properties>
         <property name="deviceName" value=""/>
         <property name="devicePlatform" value=""/>
         <property name="logFolder" value="D:\\DMS\\Engine Scoring\\Reports\\20221128_172748\\Exclude KKB - DS - Married\\Scoring Married - KKB\\20221128_172749"/>
         <property name="logFiles" value="D:\\DMS\\Engine Scoring\\Reports\\20221128_172748\\Exclude KKB - DS - Married\\Scoring Married - KKB\\20221128_172749\\execution0.log"/>
         <property name="attachments" value=""/>
         <property name="hostName" value="bcafmaster - WPI20220318001.bcaf.co.id"/>
         <property name="hostAddress" value="10.10.8.57"/>
         <property name="os" value="Windows 10 64bit"/>
         <property name="katalonVersion" value="8.2.5.208"/>
      </properties>
      <testcase name="Test Cases/Engine_Scoring/Engine Scoring" time="8.428" classname="Test Cases/Engine_Scoring/Engine Scoring" status="PASSED">
         <system-out><![CDATA[2022-11-28 17:28:04 - [TEST_CASE][PASSED] - Test Cases/Engine_Scoring/Engine Scoring: Test Cases/Engine_Scoring/Engine Scoring

2022-11-28 17:28:05 - [TEST_STEP][PASSED] - markPassed("Variasi data ke : " + no): Variasi data ke : 1

2022-11-28 17:28:05 - [MESSAGE][PASSED] - Variasi data ke : 1

2022-11-28 17:28:05 - [TEST_STEP][PASSED] - req_data = sendRequest(findTestObject("Search_ME", ["MID":MID, "source":source, "ip":ip, "userid":userid, "branch":branch, "tipekons":tipekons, "marital":marital, "penjamin":penjamin, ... ])): Send request successfully

2022-11-28 17:28:07 - [MESSAGE][INFO] - HAR: D:\DMS\Engine Scoring\Reports\20221128_172748\Exclude KKB - DS - Married\Scoring Married - KKB\20221128_172749\requests\main\0.har

2022-11-28 17:28:07 - [MESSAGE][PASSED] - Send request successfully

2022-11-28 17:28:07 - [TEST_STEP][PASSED] - slurper = new groovy.json.JsonSlurper(): null

2022-11-28 17:28:07 - [TEST_STEP][PASSED] - result = slurper.parseText(req_data.getResponseBodyContent()): null

2022-11-28 17:28:07 - [TEST_STEP][PASSED] - reqid_kons = requestid1: null

2022-11-28 17:28:07 - [TEST_STEP][PASSED] - reqid_spouse = requestid2: null

2022-11-28 17:28:07 - [TEST_STEP][PASSED] - println("requestid kons : " + reqid_kons): null

2022-11-28 17:28:07 - [TEST_STEP][PASSED] - response_searchME_kons = reqid_kons: null

2022-11-28 17:28:07 - [TEST_STEP][PASSED] - response_searchME_spouse = reqid_spouse: null

2022-11-28 17:28:07 - [TEST_STEP][PASSED] - println("kons req id is :" + response_searchME_kons): null

2022-11-28 17:28:07 - [TEST_STEP][PASSED] - println("spouse req id is : " + response_searchME_spouse): null

2022-11-28 17:28:07 - [TEST_STEP][PASSED] - verifyResponseStatusCode(req_data, 200): Verify response status code successfully

2022-11-28 17:28:07 - [MESSAGE][PASSED] - Verify response status code successfully

2022-11-28 17:28:07 - [TEST_STEP][PASSED] - response = req_data.getResponseText(): null

2022-11-28 17:28:07 - [TEST_STEP][PASSED] - logInfo($response): {"status":"Done","data":{"requestid1":"257008","requestid2":"257009"}}

2022-11-28 17:28:07 - [MESSAGE][INFO] - {"status":"Done","data":{"requestid1":"257008","requestid2":"257009"}}

2022-11-28 17:28:07 - [TEST_STEP][PASSED] - delay(5): Delayed 5 second(s)

2022-11-28 17:28:12 - [MESSAGE][PASSED] - Delayed 5 second(s)

2022-11-28 17:28:12 - [TEST_STEP][PASSED] - scoring = sendRequest(findTestObject("EngineScore", ["response_searchME_kons":response_searchME_kons, "response_searchME_spouse":response_searchME_spouse])): Send request successfully

2022-11-28 17:28:12 - [MESSAGE][INFO] - HAR: D:\DMS\Engine Scoring\Reports\20221128_172748\Exclude KKB - DS - Married\Scoring Married - KKB\20221128_172749\requests\main\1.har

2022-11-28 17:28:12 - [MESSAGE][PASSED] - Send request successfully

2022-11-28 17:28:12 - [TEST_STEP][PASSED] - verifyResponseStatusCode(scoring, 200): Verify response status code successfully

2022-11-28 17:28:12 - [MESSAGE][PASSED] - Verify response status code successfully

2022-11-28 17:28:12 - [TEST_STEP][PASSED] - response2 = scoring.getResponseText(): null

2022-11-28 17:28:12 - [TEST_STEP][PASSED] - markPassed("result service data ke : " + no): result service data ke : 1

2022-11-28 17:28:12 - [MESSAGE][PASSED] - result service data ke : 1

2022-11-28 17:28:12 - [TEST_STEP][PASSED] - logInfo($response2): {"result_konsumen":"Reguler","result_pasangan":"Reguler","Final_result":"Reguler","errorMessage":"","status":"Done"}

2022-11-28 17:28:12 - [MESSAGE][INFO] - {"result_konsumen":"Reguler","result_pasangan":"Reguler","Final_result":"Reguler","errorMessage":"","status":"Done"}

2022-11-28 17:28:12 - [TEST_STEP][PASSED] - verifyElementPropertyValue(scoring, "Final_result", final_result): Verify element property value successfully

2022-11-28 17:28:12 - [MESSAGE][PASSED] - Verify element property value successfully]]></system-out>
         <system-err><![CDATA[]]></system-err>
      </testcase>
      <testcase name="Test Cases/Engine_Scoring/Engine Scoring" time="7.327" classname="Test Cases/Engine_Scoring/Engine Scoring" status="PASSED">
         <system-out><![CDATA[2022-11-28 17:28:12 - [TEST_CASE][PASSED] - Test Cases/Engine_Scoring/Engine Scoring: Test Cases/Engine_Scoring/Engine Scoring

2022-11-28 17:28:13 - [TEST_STEP][PASSED] - markPassed("Variasi data ke : " + no): Variasi data ke : 2

2022-11-28 17:28:13 - [MESSAGE][PASSED] - Variasi data ke : 2

2022-11-28 17:28:13 - [TEST_STEP][PASSED] - req_data = sendRequest(findTestObject("Search_ME", ["MID":MID, "source":source, "ip":ip, "userid":userid, "branch":branch, "tipekons":tipekons, "marital":marital, "penjamin":penjamin, ... ])): Send request successfully

2022-11-28 17:28:14 - [MESSAGE][INFO] - HAR: D:\DMS\Engine Scoring\Reports\20221128_172748\Exclude KKB - DS - Married\Scoring Married - KKB\20221128_172749\requests\main\2.har

2022-11-28 17:28:14 - [MESSAGE][PASSED] - Send request successfully

2022-11-28 17:28:14 - [TEST_STEP][PASSED] - slurper = new groovy.json.JsonSlurper(): null

2022-11-28 17:28:14 - [TEST_STEP][PASSED] - result = slurper.parseText(req_data.getResponseBodyContent()): null

2022-11-28 17:28:14 - [TEST_STEP][PASSED] - reqid_kons = requestid1: null

2022-11-28 17:28:14 - [TEST_STEP][PASSED] - reqid_spouse = requestid2: null

2022-11-28 17:28:14 - [TEST_STEP][PASSED] - println("requestid kons : " + reqid_kons): null

2022-11-28 17:28:14 - [TEST_STEP][PASSED] - response_searchME_kons = reqid_kons: null

2022-11-28 17:28:14 - [TEST_STEP][PASSED] - response_searchME_spouse = reqid_spouse: null

2022-11-28 17:28:14 - [TEST_STEP][PASSED] - println("kons req id is :" + response_searchME_kons): null

2022-11-28 17:28:14 - [TEST_STEP][PASSED] - println("spouse req id is : " + response_searchME_spouse): null

2022-11-28 17:28:14 - [TEST_STEP][PASSED] - verifyResponseStatusCode(req_data, 200): Verify response status code successfully

2022-11-28 17:28:14 - [MESSAGE][PASSED] - Verify response status code successfully

2022-11-28 17:28:14 - [TEST_STEP][PASSED] - response = req_data.getResponseText(): null

2022-11-28 17:28:14 - [TEST_STEP][PASSED] - logInfo($response): {"status":"Done","data":{"requestid1":"257010","requestid2":"257011"}}

2022-11-28 17:28:14 - [MESSAGE][INFO] - {"status":"Done","data":{"requestid1":"257010","requestid2":"257011"}}

2022-11-28 17:28:14 - [TEST_STEP][PASSED] - delay(5): Delayed 5 second(s)

2022-11-28 17:28:19 - [MESSAGE][PASSED] - Delayed 5 second(s)

2022-11-28 17:28:19 - [TEST_STEP][PASSED] - scoring = sendRequest(findTestObject("EngineScore", ["response_searchME_kons":response_searchME_kons, "response_searchME_spouse":response_searchME_spouse])): Send request successfully

2022-11-28 17:28:20 - [MESSAGE][INFO] - HAR: D:\DMS\Engine Scoring\Reports\20221128_172748\Exclude KKB - DS - Married\Scoring Married - KKB\20221128_172749\requests\main\3.har

2022-11-28 17:28:20 - [MESSAGE][PASSED] - Send request successfully

2022-11-28 17:28:20 - [TEST_STEP][PASSED] - verifyResponseStatusCode(scoring, 200): Verify response status code successfully

2022-11-28 17:28:20 - [MESSAGE][PASSED] - Verify response status code successfully

2022-11-28 17:28:20 - [TEST_STEP][PASSED] - response2 = scoring.getResponseText(): null

2022-11-28 17:28:20 - [TEST_STEP][PASSED] - markPassed("result service data ke : " + no): result service data ke : 2

2022-11-28 17:28:20 - [MESSAGE][PASSED] - result service data ke : 2

2022-11-28 17:28:20 - [TEST_STEP][PASSED] - logInfo($response2): {"result_konsumen":"Reguler","result_pasangan":"Reguler","Final_result":"Reguler","errorMessage":"","status":"Done"}

2022-11-28 17:28:20 - [MESSAGE][INFO] - {"result_konsumen":"Reguler","result_pasangan":"Reguler","Final_result":"Reguler","errorMessage":"","status":"Done"}

2022-11-28 17:28:20 - [TEST_STEP][PASSED] - verifyElementPropertyValue(scoring, "Final_result", final_result): Verify element property value successfully

2022-11-28 17:28:20 - [MESSAGE][PASSED] - Verify element property value successfully]]></system-out>
         <system-err><![CDATA[]]></system-err>
      </testcase>
      <testcase name="Test Cases/Engine_Scoring/Engine Scoring" time="7.076" classname="Test Cases/Engine_Scoring/Engine Scoring" status="PASSED">
         <system-out><![CDATA[2022-11-28 17:28:20 - [TEST_CASE][PASSED] - Test Cases/Engine_Scoring/Engine Scoring: Test Cases/Engine_Scoring/Engine Scoring

2022-11-28 17:28:20 - [TEST_STEP][PASSED] - markPassed("Variasi data ke : " + no): Variasi data ke : 3

2022-11-28 17:28:20 - [MESSAGE][PASSED] - Variasi data ke : 3

2022-11-28 17:28:20 - [TEST_STEP][PASSED] - req_data = sendRequest(findTestObject("Search_ME", ["MID":MID, "source":source, "ip":ip, "userid":userid, "branch":branch, "tipekons":tipekons, "marital":marital, "penjamin":penjamin, ... ])): Send request successfully

2022-11-28 17:28:21 - [MESSAGE][INFO] - HAR: D:\DMS\Engine Scoring\Reports\20221128_172748\Exclude KKB - DS - Married\Scoring Married - KKB\20221128_172749\requests\main\4.har

2022-11-28 17:28:21 - [MESSAGE][PASSED] - Send request successfully

2022-11-28 17:28:21 - [TEST_STEP][PASSED] - slurper = new groovy.json.JsonSlurper(): null

2022-11-28 17:28:21 - [TEST_STEP][PASSED] - result = slurper.parseText(req_data.getResponseBodyContent()): null

2022-11-28 17:28:21 - [TEST_STEP][PASSED] - reqid_kons = requestid1: null

2022-11-28 17:28:21 - [TEST_STEP][PASSED] - reqid_spouse = requestid2: null

2022-11-28 17:28:21 - [TEST_STEP][PASSED] - println("requestid kons : " + reqid_kons): null

2022-11-28 17:28:21 - [TEST_STEP][PASSED] - response_searchME_kons = reqid_kons: null

2022-11-28 17:28:21 - [TEST_STEP][PASSED] - response_searchME_spouse = reqid_spouse: null

2022-11-28 17:28:21 - [TEST_STEP][PASSED] - println("kons req id is :" + response_searchME_kons): null

2022-11-28 17:28:21 - [TEST_STEP][PASSED] - println("spouse req id is : " + response_searchME_spouse): null

2022-11-28 17:28:21 - [TEST_STEP][PASSED] - verifyResponseStatusCode(req_data, 200): Verify response status code successfully

2022-11-28 17:28:21 - [MESSAGE][PASSED] - Verify response status code successfully

2022-11-28 17:28:21 - [TEST_STEP][PASSED] - response = req_data.getResponseText(): null

2022-11-28 17:28:21 - [TEST_STEP][PASSED] - logInfo($response): {"status":"Done","data":{"requestid1":"257012","requestid2":"257013"}}

2022-11-28 17:28:21 - [MESSAGE][INFO] - {"status":"Done","data":{"requestid1":"257012","requestid2":"257013"}}

2022-11-28 17:28:21 - [TEST_STEP][PASSED] - delay(5): Delayed 5 second(s)

2022-11-28 17:28:26 - [MESSAGE][PASSED] - Delayed 5 second(s)

2022-11-28 17:28:26 - [TEST_STEP][PASSED] - scoring = sendRequest(findTestObject("EngineScore", ["response_searchME_kons":response_searchME_kons, "response_searchME_spouse":response_searchME_spouse])): Send request successfully

2022-11-28 17:28:27 - [MESSAGE][INFO] - HAR: D:\DMS\Engine Scoring\Reports\20221128_172748\Exclude KKB - DS - Married\Scoring Married - KKB\20221128_172749\requests\main\5.har

2022-11-28 17:28:27 - [MESSAGE][PASSED] - Send request successfully

2022-11-28 17:28:27 - [TEST_STEP][PASSED] - verifyResponseStatusCode(scoring, 200): Verify response status code successfully

2022-11-28 17:28:27 - [MESSAGE][PASSED] - Verify response status code successfully

2022-11-28 17:28:27 - [TEST_STEP][PASSED] - response2 = scoring.getResponseText(): null

2022-11-28 17:28:27 - [TEST_STEP][PASSED] - markPassed("result service data ke : " + no): result service data ke : 3

2022-11-28 17:28:27 - [MESSAGE][PASSED] - result service data ke : 3

2022-11-28 17:28:27 - [TEST_STEP][PASSED] - logInfo($response2): {"result_konsumen":"Reguler","result_pasangan":"Reguler","Final_result":"Reguler","errorMessage":"","status":"Done"}

2022-11-28 17:28:27 - [MESSAGE][INFO] - {"result_konsumen":"Reguler","result_pasangan":"Reguler","Final_result":"Reguler","errorMessage":"","status":"Done"}

2022-11-28 17:28:27 - [TEST_STEP][PASSED] - verifyElementPropertyValue(scoring, "Final_result", final_result): Verify element property value successfully

2022-11-28 17:28:27 - [MESSAGE][PASSED] - Verify element property value successfully]]></system-out>
         <system-err><![CDATA[]]></system-err>
      </testcase>
      <testcase name="Test Cases/Engine_Scoring/Engine Scoring" time="6.799" classname="Test Cases/Engine_Scoring/Engine Scoring" status="PASSED">
         <system-out><![CDATA[2022-11-28 17:28:27 - [TEST_CASE][PASSED] - Test Cases/Engine_Scoring/Engine Scoring: Test Cases/Engine_Scoring/Engine Scoring

2022-11-28 17:28:27 - [TEST_STEP][PASSED] - markPassed("Variasi data ke : " + no): Variasi data ke : 4

2022-11-28 17:28:27 - [MESSAGE][PASSED] - Variasi data ke : 4

2022-11-28 17:28:27 - [TEST_STEP][PASSED] - req_data = sendRequest(findTestObject("Search_ME", ["MID":MID, "source":source, "ip":ip, "userid":userid, "branch":branch, "tipekons":tipekons, "marital":marital, "penjamin":penjamin, ... ])): Send request successfully

2022-11-28 17:28:28 - [MESSAGE][INFO] - HAR: D:\DMS\Engine Scoring\Reports\20221128_172748\Exclude KKB - DS - Married\Scoring Married - KKB\20221128_172749\requests\main\6.har

2022-11-28 17:28:28 - [MESSAGE][PASSED] - Send request successfully

2022-11-28 17:28:28 - [TEST_STEP][PASSED] - slurper = new groovy.json.JsonSlurper(): null

2022-11-28 17:28:28 - [TEST_STEP][PASSED] - result = slurper.parseText(req_data.getResponseBodyContent()): null

2022-11-28 17:28:28 - [TEST_STEP][PASSED] - reqid_kons = requestid1: null

2022-11-28 17:28:28 - [TEST_STEP][PASSED] - reqid_spouse = requestid2: null

2022-11-28 17:28:28 - [TEST_STEP][PASSED] - println("requestid kons : " + reqid_kons): null

2022-11-28 17:28:28 - [TEST_STEP][PASSED] - response_searchME_kons = reqid_kons: null

2022-11-28 17:28:28 - [TEST_STEP][PASSED] - response_searchME_spouse = reqid_spouse: null

2022-11-28 17:28:28 - [TEST_STEP][PASSED] - println("kons req id is :" + response_searchME_kons): null

2022-11-28 17:28:28 - [TEST_STEP][PASSED] - println("spouse req id is : " + response_searchME_spouse): null

2022-11-28 17:28:28 - [TEST_STEP][PASSED] - verifyResponseStatusCode(req_data, 200): Verify response status code successfully

2022-11-28 17:28:28 - [MESSAGE][PASSED] - Verify response status code successfully

2022-11-28 17:28:28 - [TEST_STEP][PASSED] - response = req_data.getResponseText(): null

2022-11-28 17:28:28 - [TEST_STEP][PASSED] - logInfo($response): {"status":"Done","data":{"requestid1":"257014","requestid2":"257015"}}

2022-11-28 17:28:28 - [MESSAGE][INFO] - {"status":"Done","data":{"requestid1":"257014","requestid2":"257015"}}

2022-11-28 17:28:28 - [TEST_STEP][PASSED] - delay(5): Delayed 5 second(s)

2022-11-28 17:28:33 - [MESSAGE][PASSED] - Delayed 5 second(s)

2022-11-28 17:28:33 - [TEST_STEP][PASSED] - scoring = sendRequest(findTestObject("EngineScore", ["response_searchME_kons":response_searchME_kons, "response_searchME_spouse":response_searchME_spouse])): Send request successfully

2022-11-28 17:28:34 - [MESSAGE][INFO] - HAR: D:\DMS\Engine Scoring\Reports\20221128_172748\Exclude KKB - DS - Married\Scoring Married - KKB\20221128_172749\requests\main\7.har

2022-11-28 17:28:34 - [MESSAGE][PASSED] - Send request successfully

2022-11-28 17:28:34 - [TEST_STEP][PASSED] - verifyResponseStatusCode(scoring, 200): Verify response status code successfully

2022-11-28 17:28:34 - [MESSAGE][PASSED] - Verify response status code successfully

2022-11-28 17:28:34 - [TEST_STEP][PASSED] - response2 = scoring.getResponseText(): null

2022-11-28 17:28:34 - [TEST_STEP][PASSED] - markPassed("result service data ke : " + no): result service data ke : 4

2022-11-28 17:28:34 - [MESSAGE][PASSED] - result service data ke : 4

2022-11-28 17:28:34 - [TEST_STEP][PASSED] - logInfo($response2): {"result_konsumen":"Reject","result_pasangan":"Reguler","Final_result":"Reject","errorMessage":"","status":"Done"}

2022-11-28 17:28:34 - [MESSAGE][INFO] - {"result_konsumen":"Reject","result_pasangan":"Reguler","Final_result":"Reject","errorMessage":"","status":"Done"}

2022-11-28 17:28:34 - [TEST_STEP][PASSED] - verifyElementPropertyValue(scoring, "Final_result", final_result): Verify element property value successfully

2022-11-28 17:28:34 - [MESSAGE][PASSED] - Verify element property value successfully]]></system-out>
         <system-err><![CDATA[]]></system-err>
      </testcase>
      <testcase name="Test Cases/Engine_Scoring/Engine Scoring" time="6.589" classname="Test Cases/Engine_Scoring/Engine Scoring" status="PASSED">
         <system-out><![CDATA[2022-11-28 17:28:34 - [TEST_CASE][PASSED] - Test Cases/Engine_Scoring/Engine Scoring: Test Cases/Engine_Scoring/Engine Scoring

2022-11-28 17:28:34 - [TEST_STEP][PASSED] - markPassed("Variasi data ke : " + no): Variasi data ke : 5

2022-11-28 17:28:34 - [MESSAGE][PASSED] - Variasi data ke : 5

2022-11-28 17:28:34 - [TEST_STEP][PASSED] - req_data = sendRequest(findTestObject("Search_ME", ["MID":MID, "source":source, "ip":ip, "userid":userid, "branch":branch, "tipekons":tipekons, "marital":marital, "penjamin":penjamin, ... ])): Send request successfully

2022-11-28 17:28:35 - [MESSAGE][INFO] - HAR: D:\DMS\Engine Scoring\Reports\20221128_172748\Exclude KKB - DS - Married\Scoring Married - KKB\20221128_172749\requests\main\8.har

2022-11-28 17:28:35 - [MESSAGE][PASSED] - Send request successfully

2022-11-28 17:28:35 - [TEST_STEP][PASSED] - slurper = new groovy.json.JsonSlurper(): null

2022-11-28 17:28:35 - [TEST_STEP][PASSED] - result = slurper.parseText(req_data.getResponseBodyContent()): null

2022-11-28 17:28:35 - [TEST_STEP][PASSED] - reqid_kons = requestid1: null

2022-11-28 17:28:35 - [TEST_STEP][PASSED] - reqid_spouse = requestid2: null

2022-11-28 17:28:35 - [TEST_STEP][PASSED] - println("requestid kons : " + reqid_kons): null

2022-11-28 17:28:35 - [TEST_STEP][PASSED] - response_searchME_kons = reqid_kons: null

2022-11-28 17:28:35 - [TEST_STEP][PASSED] - response_searchME_spouse = reqid_spouse: null

2022-11-28 17:28:35 - [TEST_STEP][PASSED] - println("kons req id is :" + response_searchME_kons): null

2022-11-28 17:28:35 - [TEST_STEP][PASSED] - println("spouse req id is : " + response_searchME_spouse): null

2022-11-28 17:28:35 - [TEST_STEP][PASSED] - verifyResponseStatusCode(req_data, 200): Verify response status code successfully

2022-11-28 17:28:35 - [MESSAGE][PASSED] - Verify response status code successfully

2022-11-28 17:28:35 - [TEST_STEP][PASSED] - response = req_data.getResponseText(): null

2022-11-28 17:28:35 - [TEST_STEP][PASSED] - logInfo($response): {"status":"Done","data":{"requestid1":"257016","requestid2":"257017"}}

2022-11-28 17:28:35 - [MESSAGE][INFO] - {"status":"Done","data":{"requestid1":"257016","requestid2":"257017"}}

2022-11-28 17:28:35 - [TEST_STEP][PASSED] - delay(5): Delayed 5 second(s)

2022-11-28 17:28:40 - [MESSAGE][PASSED] - Delayed 5 second(s)

2022-11-28 17:28:40 - [TEST_STEP][PASSED] - scoring = sendRequest(findTestObject("EngineScore", ["response_searchME_kons":response_searchME_kons, "response_searchME_spouse":response_searchME_spouse])): Send request successfully

2022-11-28 17:28:40 - [MESSAGE][INFO] - HAR: D:\DMS\Engine Scoring\Reports\20221128_172748\Exclude KKB - DS - Married\Scoring Married - KKB\20221128_172749\requests\main\9.har

2022-11-28 17:28:40 - [MESSAGE][PASSED] - Send request successfully

2022-11-28 17:28:40 - [TEST_STEP][PASSED] - verifyResponseStatusCode(scoring, 200): Verify response status code successfully

2022-11-28 17:28:40 - [MESSAGE][PASSED] - Verify response status code successfully

2022-11-28 17:28:40 - [TEST_STEP][PASSED] - response2 = scoring.getResponseText(): null

2022-11-28 17:28:40 - [TEST_STEP][PASSED] - markPassed("result service data ke : " + no): result service data ke : 5

2022-11-28 17:28:40 - [MESSAGE][PASSED] - result service data ke : 5

2022-11-28 17:28:40 - [TEST_STEP][PASSED] - logInfo($response2): {"result_konsumen":"Reject","result_pasangan":"Reguler","Final_result":"Reject","errorMessage":"","status":"Done"}

2022-11-28 17:28:40 - [MESSAGE][INFO] - {"result_konsumen":"Reject","result_pasangan":"Reguler","Final_result":"Reject","errorMessage":"","status":"Done"}

2022-11-28 17:28:40 - [TEST_STEP][PASSED] - verifyElementPropertyValue(scoring, "Final_result", final_result): Verify element property value successfully

2022-11-28 17:28:40 - [MESSAGE][PASSED] - Verify element property value successfully]]></system-out>
         <system-err><![CDATA[]]></system-err>
      </testcase>
      <testcase name="Test Cases/Engine_Scoring/Engine Scoring" time="6.545" classname="Test Cases/Engine_Scoring/Engine Scoring" status="PASSED">
         <system-out><![CDATA[2022-11-28 17:28:40 - [TEST_CASE][PASSED] - Test Cases/Engine_Scoring/Engine Scoring: Test Cases/Engine_Scoring/Engine Scoring

2022-11-28 17:28:41 - [TEST_STEP][PASSED] - markPassed("Variasi data ke : " + no): Variasi data ke : 6

2022-11-28 17:28:41 - [MESSAGE][PASSED] - Variasi data ke : 6

2022-11-28 17:28:41 - [TEST_STEP][PASSED] - req_data = sendRequest(findTestObject("Search_ME", ["MID":MID, "source":source, "ip":ip, "userid":userid, "branch":branch, "tipekons":tipekons, "marital":marital, "penjamin":penjamin, ... ])): Send request successfully

2022-11-28 17:28:42 - [MESSAGE][INFO] - HAR: D:\DMS\Engine Scoring\Reports\20221128_172748\Exclude KKB - DS - Married\Scoring Married - KKB\20221128_172749\requests\main\10.har

2022-11-28 17:28:42 - [MESSAGE][PASSED] - Send request successfully

2022-11-28 17:28:42 - [TEST_STEP][PASSED] - slurper = new groovy.json.JsonSlurper(): null

2022-11-28 17:28:42 - [TEST_STEP][PASSED] - result = slurper.parseText(req_data.getResponseBodyContent()): null

2022-11-28 17:28:42 - [TEST_STEP][PASSED] - reqid_kons = requestid1: null

2022-11-28 17:28:42 - [TEST_STEP][PASSED] - reqid_spouse = requestid2: null

2022-11-28 17:28:42 - [TEST_STEP][PASSED] - println("requestid kons : " + reqid_kons): null

2022-11-28 17:28:42 - [TEST_STEP][PASSED] - response_searchME_kons = reqid_kons: null

2022-11-28 17:28:42 - [TEST_STEP][PASSED] - response_searchME_spouse = reqid_spouse: null

2022-11-28 17:28:42 - [TEST_STEP][PASSED] - println("kons req id is :" + response_searchME_kons): null

2022-11-28 17:28:42 - [TEST_STEP][PASSED] - println("spouse req id is : " + response_searchME_spouse): null

2022-11-28 17:28:42 - [TEST_STEP][PASSED] - verifyResponseStatusCode(req_data, 200): Verify response status code successfully

2022-11-28 17:28:42 - [MESSAGE][PASSED] - Verify response status code successfully

2022-11-28 17:28:42 - [TEST_STEP][PASSED] - response = req_data.getResponseText(): null

2022-11-28 17:28:42 - [TEST_STEP][PASSED] - logInfo($response): {"status":"Done","data":{"requestid1":"257018","requestid2":"257019"}}

2022-11-28 17:28:42 - [MESSAGE][INFO] - {"status":"Done","data":{"requestid1":"257018","requestid2":"257019"}}

2022-11-28 17:28:42 - [TEST_STEP][PASSED] - delay(5): Delayed 5 second(s)

2022-11-28 17:28:47 - [MESSAGE][PASSED] - Delayed 5 second(s)

2022-11-28 17:28:47 - [TEST_STEP][PASSED] - scoring = sendRequest(findTestObject("EngineScore", ["response_searchME_kons":response_searchME_kons, "response_searchME_spouse":response_searchME_spouse])): Send request successfully

2022-11-28 17:28:47 - [MESSAGE][INFO] - HAR: D:\DMS\Engine Scoring\Reports\20221128_172748\Exclude KKB - DS - Married\Scoring Married - KKB\20221128_172749\requests\main\11.har

2022-11-28 17:28:47 - [MESSAGE][PASSED] - Send request successfully

2022-11-28 17:28:47 - [TEST_STEP][PASSED] - verifyResponseStatusCode(scoring, 200): Verify response status code successfully

2022-11-28 17:28:47 - [MESSAGE][PASSED] - Verify response status code successfully

2022-11-28 17:28:47 - [TEST_STEP][PASSED] - response2 = scoring.getResponseText(): null

2022-11-28 17:28:47 - [TEST_STEP][PASSED] - markPassed("result service data ke : " + no): result service data ke : 6

2022-11-28 17:28:47 - [MESSAGE][PASSED] - result service data ke : 6

2022-11-28 17:28:47 - [TEST_STEP][PASSED] - logInfo($response2): {"result_konsumen":"Reject","result_pasangan":"Reguler","Final_result":"Reject","errorMessage":"","status":"Done"}

2022-11-28 17:28:47 - [MESSAGE][INFO] - {"result_konsumen":"Reject","result_pasangan":"Reguler","Final_result":"Reject","errorMessage":"","status":"Done"}

2022-11-28 17:28:47 - [TEST_STEP][PASSED] - verifyElementPropertyValue(scoring, "Final_result", final_result): Verify element property value successfully

2022-11-28 17:28:47 - [MESSAGE][PASSED] - Verify element property value successfully]]></system-out>
         <system-err><![CDATA[]]></system-err>
      </testcase>
      <testcase name="Test Cases/Engine_Scoring/Engine Scoring" time="6.67" classname="Test Cases/Engine_Scoring/Engine Scoring" status="PASSED">
         <system-out><![CDATA[2022-11-28 17:28:47 - [TEST_CASE][PASSED] - Test Cases/Engine_Scoring/Engine Scoring: Test Cases/Engine_Scoring/Engine Scoring

2022-11-28 17:28:48 - [TEST_STEP][PASSED] - markPassed("Variasi data ke : " + no): Variasi data ke : 7

2022-11-28 17:28:48 - [MESSAGE][PASSED] - Variasi data ke : 7

2022-11-28 17:28:48 - [TEST_STEP][PASSED] - req_data = sendRequest(findTestObject("Search_ME", ["MID":MID, "source":source, "ip":ip, "userid":userid, "branch":branch, "tipekons":tipekons, "marital":marital, "penjamin":penjamin, ... ])): Send request successfully

2022-11-28 17:28:48 - [MESSAGE][INFO] - HAR: D:\DMS\Engine Scoring\Reports\20221128_172748\Exclude KKB - DS - Married\Scoring Married - KKB\20221128_172749\requests\main\12.har

2022-11-28 17:28:48 - [MESSAGE][PASSED] - Send request successfully

2022-11-28 17:28:48 - [TEST_STEP][PASSED] - slurper = new groovy.json.JsonSlurper(): null

2022-11-28 17:28:48 - [TEST_STEP][PASSED] - result = slurper.parseText(req_data.getResponseBodyContent()): null

2022-11-28 17:28:48 - [TEST_STEP][PASSED] - reqid_kons = requestid1: null

2022-11-28 17:28:48 - [TEST_STEP][PASSED] - reqid_spouse = requestid2: null

2022-11-28 17:28:48 - [TEST_STEP][PASSED] - println("requestid kons : " + reqid_kons): null

2022-11-28 17:28:48 - [TEST_STEP][PASSED] - response_searchME_kons = reqid_kons: null

2022-11-28 17:28:48 - [TEST_STEP][PASSED] - response_searchME_spouse = reqid_spouse: null

2022-11-28 17:28:48 - [TEST_STEP][PASSED] - println("kons req id is :" + response_searchME_kons): null

2022-11-28 17:28:48 - [TEST_STEP][PASSED] - println("spouse req id is : " + response_searchME_spouse): null

2022-11-28 17:28:48 - [TEST_STEP][PASSED] - verifyResponseStatusCode(req_data, 200): Verify response status code successfully

2022-11-28 17:28:48 - [MESSAGE][PASSED] - Verify response status code successfully

2022-11-28 17:28:48 - [TEST_STEP][PASSED] - response = req_data.getResponseText(): null

2022-11-28 17:28:48 - [TEST_STEP][PASSED] - logInfo($response): {"status":"Done","data":{"requestid1":"257020","requestid2":"257021"}}

2022-11-28 17:28:48 - [MESSAGE][INFO] - {"status":"Done","data":{"requestid1":"257020","requestid2":"257021"}}

2022-11-28 17:28:48 - [TEST_STEP][PASSED] - delay(5): Delayed 5 second(s)

2022-11-28 17:28:53 - [MESSAGE][PASSED] - Delayed 5 second(s)

2022-11-28 17:28:53 - [TEST_STEP][PASSED] - scoring = sendRequest(findTestObject("EngineScore", ["response_searchME_kons":response_searchME_kons, "response_searchME_spouse":response_searchME_spouse])): Send request successfully

2022-11-28 17:28:54 - [MESSAGE][INFO] - HAR: D:\DMS\Engine Scoring\Reports\20221128_172748\Exclude KKB - DS - Married\Scoring Married - KKB\20221128_172749\requests\main\13.har

2022-11-28 17:28:54 - [MESSAGE][PASSED] - Send request successfully

2022-11-28 17:28:54 - [TEST_STEP][PASSED] - verifyResponseStatusCode(scoring, 200): Verify response status code successfully

2022-11-28 17:28:54 - [MESSAGE][PASSED] - Verify response status code successfully

2022-11-28 17:28:54 - [TEST_STEP][PASSED] - response2 = scoring.getResponseText(): null

2022-11-28 17:28:54 - [TEST_STEP][PASSED] - markPassed("result service data ke : " + no): result service data ke : 7

2022-11-28 17:28:54 - [MESSAGE][PASSED] - result service data ke : 7

2022-11-28 17:28:54 - [TEST_STEP][PASSED] - logInfo($response2): {"result_konsumen":"Reject","result_pasangan":"Reguler","Final_result":"Reject","errorMessage":"","status":"Done"}

2022-11-28 17:28:54 - [MESSAGE][INFO] - {"result_konsumen":"Reject","result_pasangan":"Reguler","Final_result":"Reject","errorMessage":"","status":"Done"}

2022-11-28 17:28:54 - [TEST_STEP][PASSED] - verifyElementPropertyValue(scoring, "Final_result", final_result): Verify element property value successfully

2022-11-28 17:28:54 - [MESSAGE][PASSED] - Verify element property value successfully]]></system-out>
         <system-err><![CDATA[]]></system-err>
      </testcase>
      <testcase name="Test Cases/Engine_Scoring/Engine Scoring" time="7.189" classname="Test Cases/Engine_Scoring/Engine Scoring" status="PASSED">
         <system-out><![CDATA[2022-11-28 17:28:54 - [TEST_CASE][PASSED] - Test Cases/Engine_Scoring/Engine Scoring: Test Cases/Engine_Scoring/Engine Scoring

2022-11-28 17:28:54 - [TEST_STEP][PASSED] - markPassed("Variasi data ke : " + no): Variasi data ke : 8

2022-11-28 17:28:54 - [MESSAGE][PASSED] - Variasi data ke : 8

2022-11-28 17:28:54 - [TEST_STEP][PASSED] - req_data = sendRequest(findTestObject("Search_ME", ["MID":MID, "source":source, "ip":ip, "userid":userid, "branch":branch, "tipekons":tipekons, "marital":marital, "penjamin":penjamin, ... ])): Send request successfully

2022-11-28 17:28:55 - [MESSAGE][INFO] - HAR: D:\DMS\Engine Scoring\Reports\20221128_172748\Exclude KKB - DS - Married\Scoring Married - KKB\20221128_172749\requests\main\14.har

2022-11-28 17:28:55 - [MESSAGE][PASSED] - Send request successfully

2022-11-28 17:28:55 - [TEST_STEP][PASSED] - slurper = new groovy.json.JsonSlurper(): null

2022-11-28 17:28:55 - [TEST_STEP][PASSED] - result = slurper.parseText(req_data.getResponseBodyContent()): null

2022-11-28 17:28:55 - [TEST_STEP][PASSED] - reqid_kons = requestid1: null

2022-11-28 17:28:55 - [TEST_STEP][PASSED] - reqid_spouse = requestid2: null

2022-11-28 17:28:55 - [TEST_STEP][PASSED] - println("requestid kons : " + reqid_kons): null

2022-11-28 17:28:55 - [TEST_STEP][PASSED] - response_searchME_kons = reqid_kons: null

2022-11-28 17:28:55 - [TEST_STEP][PASSED] - response_searchME_spouse = reqid_spouse: null

2022-11-28 17:28:55 - [TEST_STEP][PASSED] - println("kons req id is :" + response_searchME_kons): null

2022-11-28 17:28:55 - [TEST_STEP][PASSED] - println("spouse req id is : " + response_searchME_spouse): null

2022-11-28 17:28:55 - [TEST_STEP][PASSED] - verifyResponseStatusCode(req_data, 200): Verify response status code successfully

2022-11-28 17:28:55 - [MESSAGE][PASSED] - Verify response status code successfully

2022-11-28 17:28:55 - [TEST_STEP][PASSED] - response = req_data.getResponseText(): null

2022-11-28 17:28:55 - [TEST_STEP][PASSED] - logInfo($response): {"status":"Done","data":{"requestid1":"257022","requestid2":"257023"}}

2022-11-28 17:28:55 - [MESSAGE][INFO] - {"status":"Done","data":{"requestid1":"257022","requestid2":"257023"}}

2022-11-28 17:28:55 - [TEST_STEP][PASSED] - delay(5): Delayed 5 second(s)

2022-11-28 17:29:00 - [MESSAGE][PASSED] - Delayed 5 second(s)

2022-11-28 17:29:00 - [TEST_STEP][PASSED] - scoring = sendRequest(findTestObject("EngineScore", ["response_searchME_kons":response_searchME_kons, "response_searchME_spouse":response_searchME_spouse])): Send request successfully

2022-11-28 17:29:01 - [MESSAGE][INFO] - HAR: D:\DMS\Engine Scoring\Reports\20221128_172748\Exclude KKB - DS - Married\Scoring Married - KKB\20221128_172749\requests\main\15.har

2022-11-28 17:29:01 - [MESSAGE][PASSED] - Send request successfully

2022-11-28 17:29:01 - [TEST_STEP][PASSED] - verifyResponseStatusCode(scoring, 200): Verify response status code successfully

2022-11-28 17:29:01 - [MESSAGE][PASSED] - Verify response status code successfully

2022-11-28 17:29:01 - [TEST_STEP][PASSED] - response2 = scoring.getResponseText(): null

2022-11-28 17:29:01 - [TEST_STEP][PASSED] - markPassed("result service data ke : " + no): result service data ke : 8

2022-11-28 17:29:01 - [MESSAGE][PASSED] - result service data ke : 8

2022-11-28 17:29:01 - [TEST_STEP][PASSED] - logInfo($response2): {"result_konsumen":"Reject","result_pasangan":"Reject","Final_result":"Reject","errorMessage":"","status":"Done"}

2022-11-28 17:29:01 - [MESSAGE][INFO] - {"result_konsumen":"Reject","result_pasangan":"Reject","Final_result":"Reject","errorMessage":"","status":"Done"}

2022-11-28 17:29:01 - [TEST_STEP][PASSED] - verifyElementPropertyValue(scoring, "Final_result", final_result): Verify element property value successfully

2022-11-28 17:29:01 - [MESSAGE][PASSED] - Verify element property value successfully]]></system-out>
         <system-err><![CDATA[]]></system-err>
      </testcase>
      <testcase name="Test Cases/Engine_Scoring/Engine Scoring" time="8.585" classname="Test Cases/Engine_Scoring/Engine Scoring" status="PASSED">
         <system-out><![CDATA[2022-11-28 17:29:01 - [TEST_CASE][PASSED] - Test Cases/Engine_Scoring/Engine Scoring: Test Cases/Engine_Scoring/Engine Scoring

2022-11-28 17:29:02 - [TEST_STEP][PASSED] - markPassed("Variasi data ke : " + no): Variasi data ke : 9

2022-11-28 17:29:02 - [MESSAGE][PASSED] - Variasi data ke : 9

2022-11-28 17:29:02 - [TEST_STEP][PASSED] - req_data = sendRequest(findTestObject("Search_ME", ["MID":MID, "source":source, "ip":ip, "userid":userid, "branch":branch, "tipekons":tipekons, "marital":marital, "penjamin":penjamin, ... ])): Send request successfully

2022-11-28 17:29:04 - [MESSAGE][INFO] - HAR: D:\DMS\Engine Scoring\Reports\20221128_172748\Exclude KKB - DS - Married\Scoring Married - KKB\20221128_172749\requests\main\16.har

2022-11-28 17:29:04 - [MESSAGE][PASSED] - Send request successfully

2022-11-28 17:29:04 - [TEST_STEP][PASSED] - slurper = new groovy.json.JsonSlurper(): null

2022-11-28 17:29:04 - [TEST_STEP][PASSED] - result = slurper.parseText(req_data.getResponseBodyContent()): null

2022-11-28 17:29:04 - [TEST_STEP][PASSED] - reqid_kons = requestid1: null

2022-11-28 17:29:04 - [TEST_STEP][PASSED] - reqid_spouse = requestid2: null

2022-11-28 17:29:04 - [TEST_STEP][PASSED] - println("requestid kons : " + reqid_kons): null

2022-11-28 17:29:04 - [TEST_STEP][PASSED] - response_searchME_kons = reqid_kons: null

2022-11-28 17:29:04 - [TEST_STEP][PASSED] - response_searchME_spouse = reqid_spouse: null

2022-11-28 17:29:04 - [TEST_STEP][PASSED] - println("kons req id is :" + response_searchME_kons): null

2022-11-28 17:29:04 - [TEST_STEP][PASSED] - println("spouse req id is : " + response_searchME_spouse): null

2022-11-28 17:29:04 - [TEST_STEP][PASSED] - verifyResponseStatusCode(req_data, 200): Verify response status code successfully

2022-11-28 17:29:04 - [MESSAGE][PASSED] - Verify response status code successfully

2022-11-28 17:29:04 - [TEST_STEP][PASSED] - response = req_data.getResponseText(): null

2022-11-28 17:29:04 - [TEST_STEP][PASSED] - logInfo($response): {"status":"Done","data":{"requestid1":"257024","requestid2":"257025"}}

2022-11-28 17:29:04 - [MESSAGE][INFO] - {"status":"Done","data":{"requestid1":"257024","requestid2":"257025"}}

2022-11-28 17:29:04 - [TEST_STEP][PASSED] - delay(5): Delayed 5 second(s)

2022-11-28 17:29:09 - [MESSAGE][PASSED] - Delayed 5 second(s)

2022-11-28 17:29:09 - [TEST_STEP][PASSED] - scoring = sendRequest(findTestObject("EngineScore", ["response_searchME_kons":response_searchME_kons, "response_searchME_spouse":response_searchME_spouse])): Send request successfully

2022-11-28 17:29:09 - [MESSAGE][INFO] - HAR: D:\DMS\Engine Scoring\Reports\20221128_172748\Exclude KKB - DS - Married\Scoring Married - KKB\20221128_172749\requests\main\17.har

2022-11-28 17:29:09 - [MESSAGE][PASSED] - Send request successfully

2022-11-28 17:29:09 - [TEST_STEP][PASSED] - verifyResponseStatusCode(scoring, 200): Verify response status code successfully

2022-11-28 17:29:09 - [MESSAGE][PASSED] - Verify response status code successfully

2022-11-28 17:29:09 - [TEST_STEP][PASSED] - response2 = scoring.getResponseText(): null

2022-11-28 17:29:09 - [TEST_STEP][PASSED] - markPassed("result service data ke : " + no): result service data ke : 9

2022-11-28 17:29:09 - [MESSAGE][PASSED] - result service data ke : 9

2022-11-28 17:29:09 - [TEST_STEP][PASSED] - logInfo($response2): {"result_konsumen":"Reject","result_pasangan":"Reject","Final_result":"Reject","errorMessage":"","status":"Done"}

2022-11-28 17:29:09 - [MESSAGE][INFO] - {"result_konsumen":"Reject","result_pasangan":"Reject","Final_result":"Reject","errorMessage":"","status":"Done"}

2022-11-28 17:29:09 - [TEST_STEP][PASSED] - verifyElementPropertyValue(scoring, "Final_result", final_result): Verify element property value successfully

2022-11-28 17:29:09 - [MESSAGE][PASSED] - Verify element property value successfully]]></system-out>
         <system-err><![CDATA[]]></system-err>
      </testcase>
      <testcase name="Test Cases/Engine_Scoring/Engine Scoring" time="6.632" classname="Test Cases/Engine_Scoring/Engine Scoring" status="PASSED">
         <system-out><![CDATA[2022-11-28 17:29:09 - [TEST_CASE][PASSED] - Test Cases/Engine_Scoring/Engine Scoring: Test Cases/Engine_Scoring/Engine Scoring

2022-11-28 17:29:10 - [TEST_STEP][PASSED] - markPassed("Variasi data ke : " + no): Variasi data ke : 10

2022-11-28 17:29:10 - [MESSAGE][PASSED] - Variasi data ke : 10

2022-11-28 17:29:10 - [TEST_STEP][PASSED] - req_data = sendRequest(findTestObject("Search_ME", ["MID":MID, "source":source, "ip":ip, "userid":userid, "branch":branch, "tipekons":tipekons, "marital":marital, "penjamin":penjamin, ... ])): Send request successfully

2022-11-28 17:29:11 - [MESSAGE][INFO] - HAR: D:\DMS\Engine Scoring\Reports\20221128_172748\Exclude KKB - DS - Married\Scoring Married - KKB\20221128_172749\requests\main\18.har

2022-11-28 17:29:11 - [MESSAGE][PASSED] - Send request successfully

2022-11-28 17:29:11 - [TEST_STEP][PASSED] - slurper = new groovy.json.JsonSlurper(): null

2022-11-28 17:29:11 - [TEST_STEP][PASSED] - result = slurper.parseText(req_data.getResponseBodyContent()): null

2022-11-28 17:29:11 - [TEST_STEP][PASSED] - reqid_kons = requestid1: null

2022-11-28 17:29:11 - [TEST_STEP][PASSED] - reqid_spouse = requestid2: null

2022-11-28 17:29:11 - [TEST_STEP][PASSED] - println("requestid kons : " + reqid_kons): null

2022-11-28 17:29:11 - [TEST_STEP][PASSED] - response_searchME_kons = reqid_kons: null

2022-11-28 17:29:11 - [TEST_STEP][PASSED] - response_searchME_spouse = reqid_spouse: null

2022-11-28 17:29:11 - [TEST_STEP][PASSED] - println("kons req id is :" + response_searchME_kons): null

2022-11-28 17:29:11 - [TEST_STEP][PASSED] - println("spouse req id is : " + response_searchME_spouse): null

2022-11-28 17:29:11 - [TEST_STEP][PASSED] - verifyResponseStatusCode(req_data, 200): Verify response status code successfully

2022-11-28 17:29:11 - [MESSAGE][PASSED] - Verify response status code successfully

2022-11-28 17:29:11 - [TEST_STEP][PASSED] - response = req_data.getResponseText(): null

2022-11-28 17:29:11 - [TEST_STEP][PASSED] - logInfo($response): {"status":"Done","data":{"requestid1":"257026","requestid2":"257027"}}

2022-11-28 17:29:11 - [MESSAGE][INFO] - {"status":"Done","data":{"requestid1":"257026","requestid2":"257027"}}

2022-11-28 17:29:11 - [TEST_STEP][PASSED] - delay(5): Delayed 5 second(s)

2022-11-28 17:29:16 - [MESSAGE][PASSED] - Delayed 5 second(s)

2022-11-28 17:29:16 - [TEST_STEP][PASSED] - scoring = sendRequest(findTestObject("EngineScore", ["response_searchME_kons":response_searchME_kons, "response_searchME_spouse":response_searchME_spouse])): Send request successfully

2022-11-28 17:29:16 - [MESSAGE][INFO] - HAR: D:\DMS\Engine Scoring\Reports\20221128_172748\Exclude KKB - DS - Married\Scoring Married - KKB\20221128_172749\requests\main\19.har

2022-11-28 17:29:16 - [MESSAGE][PASSED] - Send request successfully

2022-11-28 17:29:16 - [TEST_STEP][PASSED] - verifyResponseStatusCode(scoring, 200): Verify response status code successfully

2022-11-28 17:29:16 - [MESSAGE][PASSED] - Verify response status code successfully

2022-11-28 17:29:16 - [TEST_STEP][PASSED] - response2 = scoring.getResponseText(): null

2022-11-28 17:29:16 - [TEST_STEP][PASSED] - markPassed("result service data ke : " + no): result service data ke : 10

2022-11-28 17:29:16 - [MESSAGE][PASSED] - result service data ke : 10

2022-11-28 17:29:16 - [TEST_STEP][PASSED] - logInfo($response2): {"result_konsumen":"Reject","result_pasangan":"Reguler","Final_result":"Reject","errorMessage":"","status":"Done"}

2022-11-28 17:29:16 - [MESSAGE][INFO] - {"result_konsumen":"Reject","result_pasangan":"Reguler","Final_result":"Reject","errorMessage":"","status":"Done"}

2022-11-28 17:29:16 - [TEST_STEP][PASSED] - verifyElementPropertyValue(scoring, "Final_result", final_result): Verify element property value successfully

2022-11-28 17:29:16 - [MESSAGE][PASSED] - Verify element property value successfully]]></system-out>
         <system-err><![CDATA[]]></system-err>
      </testcase>
      <testcase name="Test Cases/Engine_Scoring/Engine Scoring" time="7.167" classname="Test Cases/Engine_Scoring/Engine Scoring" status="PASSED">
         <system-out><![CDATA[2022-11-28 17:29:16 - [TEST_CASE][PASSED] - Test Cases/Engine_Scoring/Engine Scoring: Test Cases/Engine_Scoring/Engine Scoring

2022-11-28 17:29:17 - [TEST_STEP][PASSED] - markPassed("Variasi data ke : " + no): Variasi data ke : 11

2022-11-28 17:29:17 - [MESSAGE][PASSED] - Variasi data ke : 11

2022-11-28 17:29:17 - [TEST_STEP][PASSED] - req_data = sendRequest(findTestObject("Search_ME", ["MID":MID, "source":source, "ip":ip, "userid":userid, "branch":branch, "tipekons":tipekons, "marital":marital, "penjamin":penjamin, ... ])): Send request successfully

2022-11-28 17:29:18 - [MESSAGE][INFO] - HAR: D:\DMS\Engine Scoring\Reports\20221128_172748\Exclude KKB - DS - Married\Scoring Married - KKB\20221128_172749\requests\main\20.har

2022-11-28 17:29:18 - [MESSAGE][PASSED] - Send request successfully

2022-11-28 17:29:18 - [TEST_STEP][PASSED] - slurper = new groovy.json.JsonSlurper(): null

2022-11-28 17:29:18 - [TEST_STEP][PASSED] - result = slurper.parseText(req_data.getResponseBodyContent()): null

2022-11-28 17:29:18 - [TEST_STEP][PASSED] - reqid_kons = requestid1: null

2022-11-28 17:29:18 - [TEST_STEP][PASSED] - reqid_spouse = requestid2: null

2022-11-28 17:29:18 - [TEST_STEP][PASSED] - println("requestid kons : " + reqid_kons): null

2022-11-28 17:29:18 - [TEST_STEP][PASSED] - response_searchME_kons = reqid_kons: null

2022-11-28 17:29:18 - [TEST_STEP][PASSED] - response_searchME_spouse = reqid_spouse: null

2022-11-28 17:29:18 - [TEST_STEP][PASSED] - println("kons req id is :" + response_searchME_kons): null

2022-11-28 17:29:18 - [TEST_STEP][PASSED] - println("spouse req id is : " + response_searchME_spouse): null

2022-11-28 17:29:18 - [TEST_STEP][PASSED] - verifyResponseStatusCode(req_data, 200): Verify response status code successfully

2022-11-28 17:29:18 - [MESSAGE][PASSED] - Verify response status code successfully

2022-11-28 17:29:18 - [TEST_STEP][PASSED] - response = req_data.getResponseText(): null

2022-11-28 17:29:18 - [TEST_STEP][PASSED] - logInfo($response): {"status":"Done","data":{"requestid1":"257028","requestid2":"257029"}}

2022-11-28 17:29:18 - [MESSAGE][INFO] - {"status":"Done","data":{"requestid1":"257028","requestid2":"257029"}}

2022-11-28 17:29:18 - [TEST_STEP][PASSED] - delay(5): Delayed 5 second(s)

2022-11-28 17:29:23 - [MESSAGE][PASSED] - Delayed 5 second(s)

2022-11-28 17:29:23 - [TEST_STEP][PASSED] - scoring = sendRequest(findTestObject("EngineScore", ["response_searchME_kons":response_searchME_kons, "response_searchME_spouse":response_searchME_spouse])): Send request successfully

2022-11-28 17:29:23 - [MESSAGE][INFO] - HAR: D:\DMS\Engine Scoring\Reports\20221128_172748\Exclude KKB - DS - Married\Scoring Married - KKB\20221128_172749\requests\main\21.har

2022-11-28 17:29:23 - [MESSAGE][PASSED] - Send request successfully

2022-11-28 17:29:23 - [TEST_STEP][PASSED] - verifyResponseStatusCode(scoring, 200): Verify response status code successfully

2022-11-28 17:29:23 - [MESSAGE][PASSED] - Verify response status code successfully

2022-11-28 17:29:23 - [TEST_STEP][PASSED] - response2 = scoring.getResponseText(): null

2022-11-28 17:29:23 - [TEST_STEP][PASSED] - markPassed("result service data ke : " + no): result service data ke : 11

2022-11-28 17:29:23 - [MESSAGE][PASSED] - result service data ke : 11

2022-11-28 17:29:23 - [TEST_STEP][PASSED] - logInfo($response2): {"result_konsumen":"Reject","result_pasangan":"Reguler","Final_result":"Reject","errorMessage":"","status":"Done"}

2022-11-28 17:29:23 - [MESSAGE][INFO] - {"result_konsumen":"Reject","result_pasangan":"Reguler","Final_result":"Reject","errorMessage":"","status":"Done"}

2022-11-28 17:29:23 - [TEST_STEP][PASSED] - verifyElementPropertyValue(scoring, "Final_result", final_result): Verify element property value successfully

2022-11-28 17:29:23 - [MESSAGE][PASSED] - Verify element property value successfully]]></system-out>
         <system-err><![CDATA[]]></system-err>
      </testcase>
      <testcase name="Test Cases/Engine_Scoring/Engine Scoring" time="7.623" classname="Test Cases/Engine_Scoring/Engine Scoring" status="PASSED">
         <system-out><![CDATA[2022-11-28 17:29:23 - [TEST_CASE][PASSED] - Test Cases/Engine_Scoring/Engine Scoring: Test Cases/Engine_Scoring/Engine Scoring

2022-11-28 17:29:24 - [TEST_STEP][PASSED] - markPassed("Variasi data ke : " + no): Variasi data ke : 12

2022-11-28 17:29:24 - [MESSAGE][PASSED] - Variasi data ke : 12

2022-11-28 17:29:24 - [TEST_STEP][PASSED] - req_data = sendRequest(findTestObject("Search_ME", ["MID":MID, "source":source, "ip":ip, "userid":userid, "branch":branch, "tipekons":tipekons, "marital":marital, "penjamin":penjamin, ... ])): Send request successfully

2022-11-28 17:29:26 - [MESSAGE][INFO] - HAR: D:\DMS\Engine Scoring\Reports\20221128_172748\Exclude KKB - DS - Married\Scoring Married - KKB\20221128_172749\requests\main\22.har

2022-11-28 17:29:26 - [MESSAGE][PASSED] - Send request successfully

2022-11-28 17:29:26 - [TEST_STEP][PASSED] - slurper = new groovy.json.JsonSlurper(): null

2022-11-28 17:29:26 - [TEST_STEP][PASSED] - result = slurper.parseText(req_data.getResponseBodyContent()): null

2022-11-28 17:29:26 - [TEST_STEP][PASSED] - reqid_kons = requestid1: null

2022-11-28 17:29:26 - [TEST_STEP][PASSED] - reqid_spouse = requestid2: null

2022-11-28 17:29:26 - [TEST_STEP][PASSED] - println("requestid kons : " + reqid_kons): null

2022-11-28 17:29:26 - [TEST_STEP][PASSED] - response_searchME_kons = reqid_kons: null

2022-11-28 17:29:26 - [TEST_STEP][PASSED] - response_searchME_spouse = reqid_spouse: null

2022-11-28 17:29:26 - [TEST_STEP][PASSED] - println("kons req id is :" + response_searchME_kons): null

2022-11-28 17:29:26 - [TEST_STEP][PASSED] - println("spouse req id is : " + response_searchME_spouse): null

2022-11-28 17:29:26 - [TEST_STEP][PASSED] - verifyResponseStatusCode(req_data, 200): Verify response status code successfully

2022-11-28 17:29:26 - [MESSAGE][PASSED] - Verify response status code successfully

2022-11-28 17:29:26 - [TEST_STEP][PASSED] - response = req_data.getResponseText(): null

2022-11-28 17:29:26 - [TEST_STEP][PASSED] - logInfo($response): {"status":"Done","data":{"requestid1":"257030","requestid2":"257031"}}

2022-11-28 17:29:26 - [MESSAGE][INFO] - {"status":"Done","data":{"requestid1":"257030","requestid2":"257031"}}

2022-11-28 17:29:26 - [TEST_STEP][PASSED] - delay(5): Delayed 5 second(s)

2022-11-28 17:29:31 - [MESSAGE][PASSED] - Delayed 5 second(s)

2022-11-28 17:29:31 - [TEST_STEP][PASSED] - scoring = sendRequest(findTestObject("EngineScore", ["response_searchME_kons":response_searchME_kons, "response_searchME_spouse":response_searchME_spouse])): Send request successfully

2022-11-28 17:29:31 - [MESSAGE][INFO] - HAR: D:\DMS\Engine Scoring\Reports\20221128_172748\Exclude KKB - DS - Married\Scoring Married - KKB\20221128_172749\requests\main\23.har

2022-11-28 17:29:31 - [MESSAGE][PASSED] - Send request successfully

2022-11-28 17:29:31 - [TEST_STEP][PASSED] - verifyResponseStatusCode(scoring, 200): Verify response status code successfully

2022-11-28 17:29:31 - [MESSAGE][PASSED] - Verify response status code successfully

2022-11-28 17:29:31 - [TEST_STEP][PASSED] - response2 = scoring.getResponseText(): null

2022-11-28 17:29:31 - [TEST_STEP][PASSED] - markPassed("result service data ke : " + no): result service data ke : 12

2022-11-28 17:29:31 - [MESSAGE][PASSED] - result service data ke : 12

2022-11-28 17:29:31 - [TEST_STEP][PASSED] - logInfo($response2): {"result_konsumen":"Reject","result_pasangan":"Reguler","Final_result":"Reject","errorMessage":"","status":"Done"}

2022-11-28 17:29:31 - [MESSAGE][INFO] - {"result_konsumen":"Reject","result_pasangan":"Reguler","Final_result":"Reject","errorMessage":"","status":"Done"}

2022-11-28 17:29:31 - [TEST_STEP][PASSED] - verifyElementPropertyValue(scoring, "Final_result", final_result): Verify element property value successfully

2022-11-28 17:29:31 - [MESSAGE][PASSED] - Verify element property value successfully]]></system-out>
         <system-err><![CDATA[]]></system-err>
      </testcase>
      <testcase name="Test Cases/Engine_Scoring/Engine Scoring" time="6.627" classname="Test Cases/Engine_Scoring/Engine Scoring" status="PASSED">
         <system-out><![CDATA[2022-11-28 17:29:31 - [TEST_CASE][PASSED] - Test Cases/Engine_Scoring/Engine Scoring: Test Cases/Engine_Scoring/Engine Scoring

2022-11-28 17:29:32 - [TEST_STEP][PASSED] - markPassed("Variasi data ke : " + no): Variasi data ke : 13

2022-11-28 17:29:32 - [MESSAGE][PASSED] - Variasi data ke : 13

2022-11-28 17:29:32 - [TEST_STEP][PASSED] - req_data = sendRequest(findTestObject("Search_ME", ["MID":MID, "source":source, "ip":ip, "userid":userid, "branch":branch, "tipekons":tipekons, "marital":marital, "penjamin":penjamin, ... ])): Send request successfully

2022-11-28 17:29:33 - [MESSAGE][INFO] - HAR: D:\DMS\Engine Scoring\Reports\20221128_172748\Exclude KKB - DS - Married\Scoring Married - KKB\20221128_172749\requests\main\24.har

2022-11-28 17:29:33 - [MESSAGE][PASSED] - Send request successfully

2022-11-28 17:29:33 - [TEST_STEP][PASSED] - slurper = new groovy.json.JsonSlurper(): null

2022-11-28 17:29:33 - [TEST_STEP][PASSED] - result = slurper.parseText(req_data.getResponseBodyContent()): null

2022-11-28 17:29:33 - [TEST_STEP][PASSED] - reqid_kons = requestid1: null

2022-11-28 17:29:33 - [TEST_STEP][PASSED] - reqid_spouse = requestid2: null

2022-11-28 17:29:33 - [TEST_STEP][PASSED] - println("requestid kons : " + reqid_kons): null

2022-11-28 17:29:33 - [TEST_STEP][PASSED] - response_searchME_kons = reqid_kons: null

2022-11-28 17:29:33 - [TEST_STEP][PASSED] - response_searchME_spouse = reqid_spouse: null

2022-11-28 17:29:33 - [TEST_STEP][PASSED] - println("kons req id is :" + response_searchME_kons): null

2022-11-28 17:29:33 - [TEST_STEP][PASSED] - println("spouse req id is : " + response_searchME_spouse): null

2022-11-28 17:29:33 - [TEST_STEP][PASSED] - verifyResponseStatusCode(req_data, 200): Verify response status code successfully

2022-11-28 17:29:33 - [MESSAGE][PASSED] - Verify response status code successfully

2022-11-28 17:29:33 - [TEST_STEP][PASSED] - response = req_data.getResponseText(): null

2022-11-28 17:29:33 - [TEST_STEP][PASSED] - logInfo($response): {"status":"Done","data":{"requestid1":"257032","requestid2":"257033"}}

2022-11-28 17:29:33 - [MESSAGE][INFO] - {"status":"Done","data":{"requestid1":"257032","requestid2":"257033"}}

2022-11-28 17:29:33 - [TEST_STEP][PASSED] - delay(5): Delayed 5 second(s)

2022-11-28 17:29:38 - [MESSAGE][PASSED] - Delayed 5 second(s)

2022-11-28 17:29:38 - [TEST_STEP][PASSED] - scoring = sendRequest(findTestObject("EngineScore", ["response_searchME_kons":response_searchME_kons, "response_searchME_spouse":response_searchME_spouse])): Send request successfully

2022-11-28 17:29:38 - [MESSAGE][INFO] - HAR: D:\DMS\Engine Scoring\Reports\20221128_172748\Exclude KKB - DS - Married\Scoring Married - KKB\20221128_172749\requests\main\25.har

2022-11-28 17:29:38 - [MESSAGE][PASSED] - Send request successfully

2022-11-28 17:29:38 - [TEST_STEP][PASSED] - verifyResponseStatusCode(scoring, 200): Verify response status code successfully

2022-11-28 17:29:38 - [MESSAGE][PASSED] - Verify response status code successfully

2022-11-28 17:29:38 - [TEST_STEP][PASSED] - response2 = scoring.getResponseText(): null

2022-11-28 17:29:38 - [TEST_STEP][PASSED] - markPassed("result service data ke : " + no): result service data ke : 13

2022-11-28 17:29:38 - [MESSAGE][PASSED] - result service data ke : 13

2022-11-28 17:29:38 - [TEST_STEP][PASSED] - logInfo($response2): {"result_konsumen":"Reject","result_pasangan":"Approve","Final_result":"Reject","errorMessage":"","status":"Done"}

2022-11-28 17:29:38 - [MESSAGE][INFO] - {"result_konsumen":"Reject","result_pasangan":"Approve","Final_result":"Reject","errorMessage":"","status":"Done"}

2022-11-28 17:29:38 - [TEST_STEP][PASSED] - verifyElementPropertyValue(scoring, "Final_result", final_result): Verify element property value successfully

2022-11-28 17:29:38 - [MESSAGE][PASSED] - Verify element property value successfully]]></system-out>
         <system-err><![CDATA[]]></system-err>
      </testcase>
      <testcase name="Test Cases/Engine_Scoring/Engine Scoring" time="6.584" classname="Test Cases/Engine_Scoring/Engine Scoring" status="PASSED">
         <system-out><![CDATA[2022-11-28 17:29:38 - [TEST_CASE][PASSED] - Test Cases/Engine_Scoring/Engine Scoring: Test Cases/Engine_Scoring/Engine Scoring

2022-11-28 17:29:38 - [TEST_STEP][PASSED] - markPassed("Variasi data ke : " + no): Variasi data ke : 14

2022-11-28 17:29:38 - [MESSAGE][PASSED] - Variasi data ke : 14

2022-11-28 17:29:38 - [TEST_STEP][PASSED] - req_data = sendRequest(findTestObject("Search_ME", ["MID":MID, "source":source, "ip":ip, "userid":userid, "branch":branch, "tipekons":tipekons, "marital":marital, "penjamin":penjamin, ... ])): Send request successfully

2022-11-28 17:29:39 - [MESSAGE][INFO] - HAR: D:\DMS\Engine Scoring\Reports\20221128_172748\Exclude KKB - DS - Married\Scoring Married - KKB\20221128_172749\requests\main\26.har

2022-11-28 17:29:39 - [MESSAGE][PASSED] - Send request successfully

2022-11-28 17:29:39 - [TEST_STEP][PASSED] - slurper = new groovy.json.JsonSlurper(): null

2022-11-28 17:29:39 - [TEST_STEP][PASSED] - result = slurper.parseText(req_data.getResponseBodyContent()): null

2022-11-28 17:29:39 - [TEST_STEP][PASSED] - reqid_kons = requestid1: null

2022-11-28 17:29:39 - [TEST_STEP][PASSED] - reqid_spouse = requestid2: null

2022-11-28 17:29:39 - [TEST_STEP][PASSED] - println("requestid kons : " + reqid_kons): null

2022-11-28 17:29:39 - [TEST_STEP][PASSED] - response_searchME_kons = reqid_kons: null

2022-11-28 17:29:39 - [TEST_STEP][PASSED] - response_searchME_spouse = reqid_spouse: null

2022-11-28 17:29:39 - [TEST_STEP][PASSED] - println("kons req id is :" + response_searchME_kons): null

2022-11-28 17:29:39 - [TEST_STEP][PASSED] - println("spouse req id is : " + response_searchME_spouse): null

2022-11-28 17:29:39 - [TEST_STEP][PASSED] - verifyResponseStatusCode(req_data, 200): Verify response status code successfully

2022-11-28 17:29:39 - [MESSAGE][PASSED] - Verify response status code successfully

2022-11-28 17:29:39 - [TEST_STEP][PASSED] - response = req_data.getResponseText(): null

2022-11-28 17:29:39 - [TEST_STEP][PASSED] - logInfo($response): {"status":"Done","data":{"requestid1":"257034","requestid2":"257035"}}

2022-11-28 17:29:39 - [MESSAGE][INFO] - {"status":"Done","data":{"requestid1":"257034","requestid2":"257035"}}

2022-11-28 17:29:39 - [TEST_STEP][PASSED] - delay(5): Delayed 5 second(s)

2022-11-28 17:29:44 - [MESSAGE][PASSED] - Delayed 5 second(s)

2022-11-28 17:29:44 - [TEST_STEP][PASSED] - scoring = sendRequest(findTestObject("EngineScore", ["response_searchME_kons":response_searchME_kons, "response_searchME_spouse":response_searchME_spouse])): Send request successfully

2022-11-28 17:29:44 - [MESSAGE][INFO] - HAR: D:\DMS\Engine Scoring\Reports\20221128_172748\Exclude KKB - DS - Married\Scoring Married - KKB\20221128_172749\requests\main\27.har

2022-11-28 17:29:44 - [MESSAGE][PASSED] - Send request successfully

2022-11-28 17:29:44 - [TEST_STEP][PASSED] - verifyResponseStatusCode(scoring, 200): Verify response status code successfully

2022-11-28 17:29:44 - [MESSAGE][PASSED] - Verify response status code successfully

2022-11-28 17:29:44 - [TEST_STEP][PASSED] - response2 = scoring.getResponseText(): null

2022-11-28 17:29:44 - [TEST_STEP][PASSED] - markPassed("result service data ke : " + no): result service data ke : 14

2022-11-28 17:29:44 - [MESSAGE][PASSED] - result service data ke : 14

2022-11-28 17:29:44 - [TEST_STEP][PASSED] - logInfo($response2): {"result_konsumen":"Reject","result_pasangan":"Approve","Final_result":"Reject","errorMessage":"","status":"Done"}

2022-11-28 17:29:44 - [MESSAGE][INFO] - {"result_konsumen":"Reject","result_pasangan":"Approve","Final_result":"Reject","errorMessage":"","status":"Done"}

2022-11-28 17:29:44 - [TEST_STEP][PASSED] - verifyElementPropertyValue(scoring, "Final_result", final_result): Verify element property value successfully

2022-11-28 17:29:44 - [MESSAGE][PASSED] - Verify element property value successfully]]></system-out>
         <system-err><![CDATA[]]></system-err>
      </testcase>
      <testcase name="Test Cases/Engine_Scoring/Engine Scoring" time="6.526" classname="Test Cases/Engine_Scoring/Engine Scoring" status="PASSED">
         <system-out><![CDATA[2022-11-28 17:29:44 - [TEST_CASE][PASSED] - Test Cases/Engine_Scoring/Engine Scoring: Test Cases/Engine_Scoring/Engine Scoring

2022-11-28 17:29:45 - [TEST_STEP][PASSED] - markPassed("Variasi data ke : " + no): Variasi data ke : 15

2022-11-28 17:29:45 - [MESSAGE][PASSED] - Variasi data ke : 15

2022-11-28 17:29:45 - [TEST_STEP][PASSED] - req_data = sendRequest(findTestObject("Search_ME", ["MID":MID, "source":source, "ip":ip, "userid":userid, "branch":branch, "tipekons":tipekons, "marital":marital, "penjamin":penjamin, ... ])): Send request successfully

2022-11-28 17:29:46 - [MESSAGE][INFO] - HAR: D:\DMS\Engine Scoring\Reports\20221128_172748\Exclude KKB - DS - Married\Scoring Married - KKB\20221128_172749\requests\main\28.har

2022-11-28 17:29:46 - [MESSAGE][PASSED] - Send request successfully

2022-11-28 17:29:46 - [TEST_STEP][PASSED] - slurper = new groovy.json.JsonSlurper(): null

2022-11-28 17:29:46 - [TEST_STEP][PASSED] - result = slurper.parseText(req_data.getResponseBodyContent()): null

2022-11-28 17:29:46 - [TEST_STEP][PASSED] - reqid_kons = requestid1: null

2022-11-28 17:29:46 - [TEST_STEP][PASSED] - reqid_spouse = requestid2: null

2022-11-28 17:29:46 - [TEST_STEP][PASSED] - println("requestid kons : " + reqid_kons): null

2022-11-28 17:29:46 - [TEST_STEP][PASSED] - response_searchME_kons = reqid_kons: null

2022-11-28 17:29:46 - [TEST_STEP][PASSED] - response_searchME_spouse = reqid_spouse: null

2022-11-28 17:29:46 - [TEST_STEP][PASSED] - println("kons req id is :" + response_searchME_kons): null

2022-11-28 17:29:46 - [TEST_STEP][PASSED] - println("spouse req id is : " + response_searchME_spouse): null

2022-11-28 17:29:46 - [TEST_STEP][PASSED] - verifyResponseStatusCode(req_data, 200): Verify response status code successfully

2022-11-28 17:29:46 - [MESSAGE][PASSED] - Verify response status code successfully

2022-11-28 17:29:46 - [TEST_STEP][PASSED] - response = req_data.getResponseText(): null

2022-11-28 17:29:46 - [TEST_STEP][PASSED] - logInfo($response): {"status":"Done","data":{"requestid1":"257036","requestid2":"257037"}}

2022-11-28 17:29:46 - [MESSAGE][INFO] - {"status":"Done","data":{"requestid1":"257036","requestid2":"257037"}}

2022-11-28 17:29:46 - [TEST_STEP][PASSED] - delay(5): Delayed 5 second(s)

2022-11-28 17:29:51 - [MESSAGE][PASSED] - Delayed 5 second(s)

2022-11-28 17:29:51 - [TEST_STEP][PASSED] - scoring = sendRequest(findTestObject("EngineScore", ["response_searchME_kons":response_searchME_kons, "response_searchME_spouse":response_searchME_spouse])): Send request successfully

2022-11-28 17:29:51 - [MESSAGE][INFO] - HAR: D:\DMS\Engine Scoring\Reports\20221128_172748\Exclude KKB - DS - Married\Scoring Married - KKB\20221128_172749\requests\main\29.har

2022-11-28 17:29:51 - [MESSAGE][PASSED] - Send request successfully

2022-11-28 17:29:51 - [TEST_STEP][PASSED] - verifyResponseStatusCode(scoring, 200): Verify response status code successfully

2022-11-28 17:29:51 - [MESSAGE][PASSED] - Verify response status code successfully

2022-11-28 17:29:51 - [TEST_STEP][PASSED] - response2 = scoring.getResponseText(): null

2022-11-28 17:29:51 - [TEST_STEP][PASSED] - markPassed("result service data ke : " + no): result service data ke : 15

2022-11-28 17:29:51 - [MESSAGE][PASSED] - result service data ke : 15

2022-11-28 17:29:51 - [TEST_STEP][PASSED] - logInfo($response2): {"result_konsumen":"Reject","result_pasangan":"Approve","Final_result":"Reject","errorMessage":"","status":"Done"}

2022-11-28 17:29:51 - [MESSAGE][INFO] - {"result_konsumen":"Reject","result_pasangan":"Approve","Final_result":"Reject","errorMessage":"","status":"Done"}

2022-11-28 17:29:51 - [TEST_STEP][PASSED] - verifyElementPropertyValue(scoring, "Final_result", final_result): Verify element property value successfully

2022-11-28 17:29:51 - [MESSAGE][PASSED] - Verify element property value successfully]]></system-out>
         <system-err><![CDATA[]]></system-err>
      </testcase>
      <testcase name="Test Cases/Engine_Scoring/Engine Scoring" time="6.554" classname="Test Cases/Engine_Scoring/Engine Scoring" status="PASSED">
         <system-out><![CDATA[2022-11-28 17:29:51 - [TEST_CASE][PASSED] - Test Cases/Engine_Scoring/Engine Scoring: Test Cases/Engine_Scoring/Engine Scoring

2022-11-28 17:29:52 - [TEST_STEP][PASSED] - markPassed("Variasi data ke : " + no): Variasi data ke : 16

2022-11-28 17:29:52 - [MESSAGE][PASSED] - Variasi data ke : 16

2022-11-28 17:29:52 - [TEST_STEP][PASSED] - req_data = sendRequest(findTestObject("Search_ME", ["MID":MID, "source":source, "ip":ip, "userid":userid, "branch":branch, "tipekons":tipekons, "marital":marital, "penjamin":penjamin, ... ])): Send request successfully

2022-11-28 17:29:52 - [MESSAGE][INFO] - HAR: D:\DMS\Engine Scoring\Reports\20221128_172748\Exclude KKB - DS - Married\Scoring Married - KKB\20221128_172749\requests\main\30.har

2022-11-28 17:29:52 - [MESSAGE][PASSED] - Send request successfully

2022-11-28 17:29:52 - [TEST_STEP][PASSED] - slurper = new groovy.json.JsonSlurper(): null

2022-11-28 17:29:52 - [TEST_STEP][PASSED] - result = slurper.parseText(req_data.getResponseBodyContent()): null

2022-11-28 17:29:52 - [TEST_STEP][PASSED] - reqid_kons = requestid1: null

2022-11-28 17:29:52 - [TEST_STEP][PASSED] - reqid_spouse = requestid2: null

2022-11-28 17:29:52 - [TEST_STEP][PASSED] - println("requestid kons : " + reqid_kons): null

2022-11-28 17:29:52 - [TEST_STEP][PASSED] - response_searchME_kons = reqid_kons: null

2022-11-28 17:29:52 - [TEST_STEP][PASSED] - response_searchME_spouse = reqid_spouse: null

2022-11-28 17:29:52 - [TEST_STEP][PASSED] - println("kons req id is :" + response_searchME_kons): null

2022-11-28 17:29:52 - [TEST_STEP][PASSED] - println("spouse req id is : " + response_searchME_spouse): null

2022-11-28 17:29:52 - [TEST_STEP][PASSED] - verifyResponseStatusCode(req_data, 200): Verify response status code successfully

2022-11-28 17:29:52 - [MESSAGE][PASSED] - Verify response status code successfully

2022-11-28 17:29:52 - [TEST_STEP][PASSED] - response = req_data.getResponseText(): null

2022-11-28 17:29:52 - [TEST_STEP][PASSED] - logInfo($response): {"status":"Done","data":{"requestid1":"257038","requestid2":"257039"}}

2022-11-28 17:29:52 - [MESSAGE][INFO] - {"status":"Done","data":{"requestid1":"257038","requestid2":"257039"}}

2022-11-28 17:29:52 - [TEST_STEP][PASSED] - delay(5): Delayed 5 second(s)

2022-11-28 17:29:57 - [MESSAGE][PASSED] - Delayed 5 second(s)

2022-11-28 17:29:57 - [TEST_STEP][PASSED] - scoring = sendRequest(findTestObject("EngineScore", ["response_searchME_kons":response_searchME_kons, "response_searchME_spouse":response_searchME_spouse])): Send request successfully

2022-11-28 17:29:58 - [MESSAGE][INFO] - HAR: D:\DMS\Engine Scoring\Reports\20221128_172748\Exclude KKB - DS - Married\Scoring Married - KKB\20221128_172749\requests\main\31.har

2022-11-28 17:29:58 - [MESSAGE][PASSED] - Send request successfully

2022-11-28 17:29:58 - [TEST_STEP][PASSED] - verifyResponseStatusCode(scoring, 200): Verify response status code successfully

2022-11-28 17:29:58 - [MESSAGE][PASSED] - Verify response status code successfully

2022-11-28 17:29:58 - [TEST_STEP][PASSED] - response2 = scoring.getResponseText(): null

2022-11-28 17:29:58 - [TEST_STEP][PASSED] - markPassed("result service data ke : " + no): result service data ke : 16

2022-11-28 17:29:58 - [MESSAGE][PASSED] - result service data ke : 16

2022-11-28 17:29:58 - [TEST_STEP][PASSED] - logInfo($response2): {"result_konsumen":"Reject","result_pasangan":"Approve","Final_result":"Reject","errorMessage":"","status":"Done"}

2022-11-28 17:29:58 - [MESSAGE][INFO] - {"result_konsumen":"Reject","result_pasangan":"Approve","Final_result":"Reject","errorMessage":"","status":"Done"}

2022-11-28 17:29:58 - [TEST_STEP][PASSED] - verifyElementPropertyValue(scoring, "Final_result", final_result): Verify element property value successfully

2022-11-28 17:29:58 - [MESSAGE][PASSED] - Verify element property value successfully]]></system-out>
         <system-err><![CDATA[]]></system-err>
      </testcase>
      <testcase name="Test Cases/Engine_Scoring/Engine Scoring" time="6.511" classname="Test Cases/Engine_Scoring/Engine Scoring" status="PASSED">
         <system-out><![CDATA[2022-11-28 17:29:58 - [TEST_CASE][PASSED] - Test Cases/Engine_Scoring/Engine Scoring: Test Cases/Engine_Scoring/Engine Scoring

2022-11-28 17:29:58 - [TEST_STEP][PASSED] - markPassed("Variasi data ke : " + no): Variasi data ke : 17

2022-11-28 17:29:58 - [MESSAGE][PASSED] - Variasi data ke : 17

2022-11-28 17:29:58 - [TEST_STEP][PASSED] - req_data = sendRequest(findTestObject("Search_ME", ["MID":MID, "source":source, "ip":ip, "userid":userid, "branch":branch, "tipekons":tipekons, "marital":marital, "penjamin":penjamin, ... ])): Send request successfully

2022-11-28 17:29:59 - [MESSAGE][INFO] - HAR: D:\DMS\Engine Scoring\Reports\20221128_172748\Exclude KKB - DS - Married\Scoring Married - KKB\20221128_172749\requests\main\32.har

2022-11-28 17:29:59 - [MESSAGE][PASSED] - Send request successfully

2022-11-28 17:29:59 - [TEST_STEP][PASSED] - slurper = new groovy.json.JsonSlurper(): null

2022-11-28 17:29:59 - [TEST_STEP][PASSED] - result = slurper.parseText(req_data.getResponseBodyContent()): null

2022-11-28 17:29:59 - [TEST_STEP][PASSED] - reqid_kons = requestid1: null

2022-11-28 17:29:59 - [TEST_STEP][PASSED] - reqid_spouse = requestid2: null

2022-11-28 17:29:59 - [TEST_STEP][PASSED] - println("requestid kons : " + reqid_kons): null

2022-11-28 17:29:59 - [TEST_STEP][PASSED] - response_searchME_kons = reqid_kons: null

2022-11-28 17:29:59 - [TEST_STEP][PASSED] - response_searchME_spouse = reqid_spouse: null

2022-11-28 17:29:59 - [TEST_STEP][PASSED] - println("kons req id is :" + response_searchME_kons): null

2022-11-28 17:29:59 - [TEST_STEP][PASSED] - println("spouse req id is : " + response_searchME_spouse): null

2022-11-28 17:29:59 - [TEST_STEP][PASSED] - verifyResponseStatusCode(req_data, 200): Verify response status code successfully

2022-11-28 17:29:59 - [MESSAGE][PASSED] - Verify response status code successfully

2022-11-28 17:29:59 - [TEST_STEP][PASSED] - response = req_data.getResponseText(): null

2022-11-28 17:29:59 - [TEST_STEP][PASSED] - logInfo($response): {"status":"Done","data":{"requestid1":"257040","requestid2":"257041"}}

2022-11-28 17:29:59 - [MESSAGE][INFO] - {"status":"Done","data":{"requestid1":"257040","requestid2":"257041"}}

2022-11-28 17:29:59 - [TEST_STEP][PASSED] - delay(5): Delayed 5 second(s)

2022-11-28 17:30:04 - [MESSAGE][PASSED] - Delayed 5 second(s)

2022-11-28 17:30:04 - [TEST_STEP][PASSED] - scoring = sendRequest(findTestObject("EngineScore", ["response_searchME_kons":response_searchME_kons, "response_searchME_spouse":response_searchME_spouse])): Send request successfully

2022-11-28 17:30:04 - [MESSAGE][INFO] - HAR: D:\DMS\Engine Scoring\Reports\20221128_172748\Exclude KKB - DS - Married\Scoring Married - KKB\20221128_172749\requests\main\33.har

2022-11-28 17:30:04 - [MESSAGE][PASSED] - Send request successfully

2022-11-28 17:30:04 - [TEST_STEP][PASSED] - verifyResponseStatusCode(scoring, 200): Verify response status code successfully

2022-11-28 17:30:04 - [MESSAGE][PASSED] - Verify response status code successfully

2022-11-28 17:30:04 - [TEST_STEP][PASSED] - response2 = scoring.getResponseText(): null

2022-11-28 17:30:04 - [TEST_STEP][PASSED] - markPassed("result service data ke : " + no): result service data ke : 17

2022-11-28 17:30:04 - [MESSAGE][PASSED] - result service data ke : 17

2022-11-28 17:30:04 - [TEST_STEP][PASSED] - logInfo($response2): {"result_konsumen":"Reject","result_pasangan":"Reject","Final_result":"Reject","errorMessage":"","status":"Done"}

2022-11-28 17:30:04 - [MESSAGE][INFO] - {"result_konsumen":"Reject","result_pasangan":"Reject","Final_result":"Reject","errorMessage":"","status":"Done"}

2022-11-28 17:30:04 - [TEST_STEP][PASSED] - verifyElementPropertyValue(scoring, "Final_result", final_result): Verify element property value successfully

2022-11-28 17:30:04 - [MESSAGE][PASSED] - Verify element property value successfully]]></system-out>
         <system-err><![CDATA[]]></system-err>
      </testcase>
      <testcase name="Test Cases/Engine_Scoring/Engine Scoring" time="6.659" classname="Test Cases/Engine_Scoring/Engine Scoring" status="PASSED">
         <system-out><![CDATA[2022-11-28 17:30:04 - [TEST_CASE][PASSED] - Test Cases/Engine_Scoring/Engine Scoring: Test Cases/Engine_Scoring/Engine Scoring

2022-11-28 17:30:05 - [TEST_STEP][PASSED] - markPassed("Variasi data ke : " + no): Variasi data ke : 18

2022-11-28 17:30:05 - [MESSAGE][PASSED] - Variasi data ke : 18

2022-11-28 17:30:05 - [TEST_STEP][PASSED] - req_data = sendRequest(findTestObject("Search_ME", ["MID":MID, "source":source, "ip":ip, "userid":userid, "branch":branch, "tipekons":tipekons, "marital":marital, "penjamin":penjamin, ... ])): Send request successfully

2022-11-28 17:30:06 - [MESSAGE][INFO] - HAR: D:\DMS\Engine Scoring\Reports\20221128_172748\Exclude KKB - DS - Married\Scoring Married - KKB\20221128_172749\requests\main\34.har

2022-11-28 17:30:06 - [MESSAGE][PASSED] - Send request successfully

2022-11-28 17:30:06 - [TEST_STEP][PASSED] - slurper = new groovy.json.JsonSlurper(): null

2022-11-28 17:30:06 - [TEST_STEP][PASSED] - result = slurper.parseText(req_data.getResponseBodyContent()): null

2022-11-28 17:30:06 - [TEST_STEP][PASSED] - reqid_kons = requestid1: null

2022-11-28 17:30:06 - [TEST_STEP][PASSED] - reqid_spouse = requestid2: null

2022-11-28 17:30:06 - [TEST_STEP][PASSED] - println("requestid kons : " + reqid_kons): null

2022-11-28 17:30:06 - [TEST_STEP][PASSED] - response_searchME_kons = reqid_kons: null

2022-11-28 17:30:06 - [TEST_STEP][PASSED] - response_searchME_spouse = reqid_spouse: null

2022-11-28 17:30:06 - [TEST_STEP][PASSED] - println("kons req id is :" + response_searchME_kons): null

2022-11-28 17:30:06 - [TEST_STEP][PASSED] - println("spouse req id is : " + response_searchME_spouse): null

2022-11-28 17:30:06 - [TEST_STEP][PASSED] - verifyResponseStatusCode(req_data, 200): Verify response status code successfully

2022-11-28 17:30:06 - [MESSAGE][PASSED] - Verify response status code successfully

2022-11-28 17:30:06 - [TEST_STEP][PASSED] - response = req_data.getResponseText(): null

2022-11-28 17:30:06 - [TEST_STEP][PASSED] - logInfo($response): {"status":"Done","data":{"requestid1":"257042","requestid2":"257043"}}

2022-11-28 17:30:06 - [MESSAGE][INFO] - {"status":"Done","data":{"requestid1":"257042","requestid2":"257043"}}

2022-11-28 17:30:06 - [TEST_STEP][PASSED] - delay(5): Delayed 5 second(s)

2022-11-28 17:30:11 - [MESSAGE][PASSED] - Delayed 5 second(s)

2022-11-28 17:30:11 - [TEST_STEP][PASSED] - scoring = sendRequest(findTestObject("EngineScore", ["response_searchME_kons":response_searchME_kons, "response_searchME_spouse":response_searchME_spouse])): Send request successfully

2022-11-28 17:30:11 - [MESSAGE][INFO] - HAR: D:\DMS\Engine Scoring\Reports\20221128_172748\Exclude KKB - DS - Married\Scoring Married - KKB\20221128_172749\requests\main\35.har

2022-11-28 17:30:11 - [MESSAGE][PASSED] - Send request successfully

2022-11-28 17:30:11 - [TEST_STEP][PASSED] - verifyResponseStatusCode(scoring, 200): Verify response status code successfully

2022-11-28 17:30:11 - [MESSAGE][PASSED] - Verify response status code successfully

2022-11-28 17:30:11 - [TEST_STEP][PASSED] - response2 = scoring.getResponseText(): null

2022-11-28 17:30:11 - [TEST_STEP][PASSED] - markPassed("result service data ke : " + no): result service data ke : 18

2022-11-28 17:30:11 - [MESSAGE][PASSED] - result service data ke : 18

2022-11-28 17:30:11 - [TEST_STEP][PASSED] - logInfo($response2): {"result_konsumen":"Reject","result_pasangan":"Reject","Final_result":"Reject","errorMessage":"","status":"Done"}

2022-11-28 17:30:11 - [MESSAGE][INFO] - {"result_konsumen":"Reject","result_pasangan":"Reject","Final_result":"Reject","errorMessage":"","status":"Done"}

2022-11-28 17:30:11 - [TEST_STEP][PASSED] - verifyElementPropertyValue(scoring, "Final_result", final_result): Verify element property value successfully

2022-11-28 17:30:11 - [MESSAGE][PASSED] - Verify element property value successfully]]></system-out>
         <system-err><![CDATA[]]></system-err>
      </testcase>
      <testcase name="Test Cases/Engine_Scoring/Engine Scoring" time="6.562" classname="Test Cases/Engine_Scoring/Engine Scoring" status="PASSED">
         <system-out><![CDATA[2022-11-28 17:30:11 - [TEST_CASE][PASSED] - Test Cases/Engine_Scoring/Engine Scoring: Test Cases/Engine_Scoring/Engine Scoring

2022-11-28 17:30:12 - [TEST_STEP][PASSED] - markPassed("Variasi data ke : " + no): Variasi data ke : 19

2022-11-28 17:30:12 - [MESSAGE][PASSED] - Variasi data ke : 19

2022-11-28 17:30:12 - [TEST_STEP][PASSED] - req_data = sendRequest(findTestObject("Search_ME", ["MID":MID, "source":source, "ip":ip, "userid":userid, "branch":branch, "tipekons":tipekons, "marital":marital, "penjamin":penjamin, ... ])): Send request successfully

2022-11-28 17:30:12 - [MESSAGE][INFO] - HAR: D:\DMS\Engine Scoring\Reports\20221128_172748\Exclude KKB - DS - Married\Scoring Married - KKB\20221128_172749\requests\main\36.har

2022-11-28 17:30:12 - [MESSAGE][PASSED] - Send request successfully

2022-11-28 17:30:12 - [TEST_STEP][PASSED] - slurper = new groovy.json.JsonSlurper(): null

2022-11-28 17:30:12 - [TEST_STEP][PASSED] - result = slurper.parseText(req_data.getResponseBodyContent()): null

2022-11-28 17:30:12 - [TEST_STEP][PASSED] - reqid_kons = requestid1: null

2022-11-28 17:30:12 - [TEST_STEP][PASSED] - reqid_spouse = requestid2: null

2022-11-28 17:30:12 - [TEST_STEP][PASSED] - println("requestid kons : " + reqid_kons): null

2022-11-28 17:30:12 - [TEST_STEP][PASSED] - response_searchME_kons = reqid_kons: null

2022-11-28 17:30:12 - [TEST_STEP][PASSED] - response_searchME_spouse = reqid_spouse: null

2022-11-28 17:30:12 - [TEST_STEP][PASSED] - println("kons req id is :" + response_searchME_kons): null

2022-11-28 17:30:12 - [TEST_STEP][PASSED] - println("spouse req id is : " + response_searchME_spouse): null

2022-11-28 17:30:12 - [TEST_STEP][PASSED] - verifyResponseStatusCode(req_data, 200): Verify response status code successfully

2022-11-28 17:30:12 - [MESSAGE][PASSED] - Verify response status code successfully

2022-11-28 17:30:12 - [TEST_STEP][PASSED] - response = req_data.getResponseText(): null

2022-11-28 17:30:12 - [TEST_STEP][PASSED] - logInfo($response): {"status":"Done","data":{"requestid1":"257044","requestid2":"257045"}}

2022-11-28 17:30:12 - [MESSAGE][INFO] - {"status":"Done","data":{"requestid1":"257044","requestid2":"257045"}}

2022-11-28 17:30:12 - [TEST_STEP][PASSED] - delay(5): Delayed 5 second(s)

2022-11-28 17:30:17 - [MESSAGE][PASSED] - Delayed 5 second(s)

2022-11-28 17:30:17 - [TEST_STEP][PASSED] - scoring = sendRequest(findTestObject("EngineScore", ["response_searchME_kons":response_searchME_kons, "response_searchME_spouse":response_searchME_spouse])): Send request successfully

2022-11-28 17:30:17 - [MESSAGE][INFO] - HAR: D:\DMS\Engine Scoring\Reports\20221128_172748\Exclude KKB - DS - Married\Scoring Married - KKB\20221128_172749\requests\main\37.har

2022-11-28 17:30:17 - [MESSAGE][PASSED] - Send request successfully

2022-11-28 17:30:17 - [TEST_STEP][PASSED] - verifyResponseStatusCode(scoring, 200): Verify response status code successfully

2022-11-28 17:30:17 - [MESSAGE][PASSED] - Verify response status code successfully

2022-11-28 17:30:17 - [TEST_STEP][PASSED] - response2 = scoring.getResponseText(): null

2022-11-28 17:30:17 - [TEST_STEP][PASSED] - markPassed("result service data ke : " + no): result service data ke : 19

2022-11-28 17:30:17 - [MESSAGE][PASSED] - result service data ke : 19

2022-11-28 17:30:17 - [TEST_STEP][PASSED] - logInfo($response2): {"result_konsumen":"Reject","result_pasangan":"Reguler","Final_result":"Reject","errorMessage":"","status":"Done"}

2022-11-28 17:30:17 - [MESSAGE][INFO] - {"result_konsumen":"Reject","result_pasangan":"Reguler","Final_result":"Reject","errorMessage":"","status":"Done"}

2022-11-28 17:30:17 - [TEST_STEP][PASSED] - verifyElementPropertyValue(scoring, "Final_result", final_result): Verify element property value successfully

2022-11-28 17:30:17 - [MESSAGE][PASSED] - Verify element property value successfully]]></system-out>
         <system-err><![CDATA[]]></system-err>
      </testcase>
      <testcase name="Test Cases/Engine_Scoring/Engine Scoring" time="6.558" classname="Test Cases/Engine_Scoring/Engine Scoring" status="PASSED">
         <system-out><![CDATA[2022-11-28 17:30:17 - [TEST_CASE][PASSED] - Test Cases/Engine_Scoring/Engine Scoring: Test Cases/Engine_Scoring/Engine Scoring

2022-11-28 17:30:18 - [TEST_STEP][PASSED] - markPassed("Variasi data ke : " + no): Variasi data ke : 20

2022-11-28 17:30:18 - [MESSAGE][PASSED] - Variasi data ke : 20

2022-11-28 17:30:18 - [TEST_STEP][PASSED] - req_data = sendRequest(findTestObject("Search_ME", ["MID":MID, "source":source, "ip":ip, "userid":userid, "branch":branch, "tipekons":tipekons, "marital":marital, "penjamin":penjamin, ... ])): Send request successfully

2022-11-28 17:30:19 - [MESSAGE][INFO] - HAR: D:\DMS\Engine Scoring\Reports\20221128_172748\Exclude KKB - DS - Married\Scoring Married - KKB\20221128_172749\requests\main\38.har

2022-11-28 17:30:19 - [MESSAGE][PASSED] - Send request successfully

2022-11-28 17:30:19 - [TEST_STEP][PASSED] - slurper = new groovy.json.JsonSlurper(): null

2022-11-28 17:30:19 - [TEST_STEP][PASSED] - result = slurper.parseText(req_data.getResponseBodyContent()): null

2022-11-28 17:30:19 - [TEST_STEP][PASSED] - reqid_kons = requestid1: null

2022-11-28 17:30:19 - [TEST_STEP][PASSED] - reqid_spouse = requestid2: null

2022-11-28 17:30:19 - [TEST_STEP][PASSED] - println("requestid kons : " + reqid_kons): null

2022-11-28 17:30:19 - [TEST_STEP][PASSED] - response_searchME_kons = reqid_kons: null

2022-11-28 17:30:19 - [TEST_STEP][PASSED] - response_searchME_spouse = reqid_spouse: null

2022-11-28 17:30:19 - [TEST_STEP][PASSED] - println("kons req id is :" + response_searchME_kons): null

2022-11-28 17:30:19 - [TEST_STEP][PASSED] - println("spouse req id is : " + response_searchME_spouse): null

2022-11-28 17:30:19 - [TEST_STEP][PASSED] - verifyResponseStatusCode(req_data, 200): Verify response status code successfully

2022-11-28 17:30:19 - [MESSAGE][PASSED] - Verify response status code successfully

2022-11-28 17:30:19 - [TEST_STEP][PASSED] - response = req_data.getResponseText(): null

2022-11-28 17:30:19 - [TEST_STEP][PASSED] - logInfo($response): {"status":"Done","data":{"requestid1":"257046","requestid2":"257047"}}

2022-11-28 17:30:19 - [MESSAGE][INFO] - {"status":"Done","data":{"requestid1":"257046","requestid2":"257047"}}

2022-11-28 17:30:19 - [TEST_STEP][PASSED] - delay(5): Delayed 5 second(s)

2022-11-28 17:30:24 - [MESSAGE][PASSED] - Delayed 5 second(s)

2022-11-28 17:30:24 - [TEST_STEP][PASSED] - scoring = sendRequest(findTestObject("EngineScore", ["response_searchME_kons":response_searchME_kons, "response_searchME_spouse":response_searchME_spouse])): Send request successfully

2022-11-28 17:30:24 - [MESSAGE][INFO] - HAR: D:\DMS\Engine Scoring\Reports\20221128_172748\Exclude KKB - DS - Married\Scoring Married - KKB\20221128_172749\requests\main\39.har

2022-11-28 17:30:24 - [MESSAGE][PASSED] - Send request successfully

2022-11-28 17:30:24 - [TEST_STEP][PASSED] - verifyResponseStatusCode(scoring, 200): Verify response status code successfully

2022-11-28 17:30:24 - [MESSAGE][PASSED] - Verify response status code successfully

2022-11-28 17:30:24 - [TEST_STEP][PASSED] - response2 = scoring.getResponseText(): null

2022-11-28 17:30:24 - [TEST_STEP][PASSED] - markPassed("result service data ke : " + no): result service data ke : 20

2022-11-28 17:30:24 - [MESSAGE][PASSED] - result service data ke : 20

2022-11-28 17:30:24 - [TEST_STEP][PASSED] - logInfo($response2): {"result_konsumen":"Reject","result_pasangan":"Reguler","Final_result":"Reject","errorMessage":"","status":"Done"}

2022-11-28 17:30:24 - [MESSAGE][INFO] - {"result_konsumen":"Reject","result_pasangan":"Reguler","Final_result":"Reject","errorMessage":"","status":"Done"}

2022-11-28 17:30:24 - [TEST_STEP][PASSED] - verifyElementPropertyValue(scoring, "Final_result", final_result): Verify element property value successfully

2022-11-28 17:30:24 - [MESSAGE][PASSED] - Verify element property value successfully]]></system-out>
         <system-err><![CDATA[]]></system-err>
      </testcase>
      <testcase name="Test Cases/Engine_Scoring/Engine Scoring" time="6.79" classname="Test Cases/Engine_Scoring/Engine Scoring" status="PASSED">
         <system-out><![CDATA[2022-11-28 17:30:24 - [TEST_CASE][PASSED] - Test Cases/Engine_Scoring/Engine Scoring: Test Cases/Engine_Scoring/Engine Scoring

2022-11-28 17:30:25 - [TEST_STEP][PASSED] - markPassed("Variasi data ke : " + no): Variasi data ke : 21

2022-11-28 17:30:25 - [MESSAGE][PASSED] - Variasi data ke : 21

2022-11-28 17:30:25 - [TEST_STEP][PASSED] - req_data = sendRequest(findTestObject("Search_ME", ["MID":MID, "source":source, "ip":ip, "userid":userid, "branch":branch, "tipekons":tipekons, "marital":marital, "penjamin":penjamin, ... ])): Send request successfully

2022-11-28 17:30:26 - [MESSAGE][INFO] - HAR: D:\DMS\Engine Scoring\Reports\20221128_172748\Exclude KKB - DS - Married\Scoring Married - KKB\20221128_172749\requests\main\40.har

2022-11-28 17:30:26 - [MESSAGE][PASSED] - Send request successfully

2022-11-28 17:30:26 - [TEST_STEP][PASSED] - slurper = new groovy.json.JsonSlurper(): null

2022-11-28 17:30:26 - [TEST_STEP][PASSED] - result = slurper.parseText(req_data.getResponseBodyContent()): null

2022-11-28 17:30:26 - [TEST_STEP][PASSED] - reqid_kons = requestid1: null

2022-11-28 17:30:26 - [TEST_STEP][PASSED] - reqid_spouse = requestid2: null

2022-11-28 17:30:26 - [TEST_STEP][PASSED] - println("requestid kons : " + reqid_kons): null

2022-11-28 17:30:26 - [TEST_STEP][PASSED] - response_searchME_kons = reqid_kons: null

2022-11-28 17:30:26 - [TEST_STEP][PASSED] - response_searchME_spouse = reqid_spouse: null

2022-11-28 17:30:26 - [TEST_STEP][PASSED] - println("kons req id is :" + response_searchME_kons): null

2022-11-28 17:30:26 - [TEST_STEP][PASSED] - println("spouse req id is : " + response_searchME_spouse): null

2022-11-28 17:30:26 - [TEST_STEP][PASSED] - verifyResponseStatusCode(req_data, 200): Verify response status code successfully

2022-11-28 17:30:26 - [MESSAGE][PASSED] - Verify response status code successfully

2022-11-28 17:30:26 - [TEST_STEP][PASSED] - response = req_data.getResponseText(): null

2022-11-28 17:30:26 - [TEST_STEP][PASSED] - logInfo($response): {"status":"Done","data":{"requestid1":"257048","requestid2":"257049"}}

2022-11-28 17:30:26 - [MESSAGE][INFO] - {"status":"Done","data":{"requestid1":"257048","requestid2":"257049"}}

2022-11-28 17:30:26 - [TEST_STEP][PASSED] - delay(5): Delayed 5 second(s)

2022-11-28 17:30:31 - [MESSAGE][PASSED] - Delayed 5 second(s)

2022-11-28 17:30:31 - [TEST_STEP][PASSED] - scoring = sendRequest(findTestObject("EngineScore", ["response_searchME_kons":response_searchME_kons, "response_searchME_spouse":response_searchME_spouse])): Send request successfully

2022-11-28 17:30:31 - [MESSAGE][INFO] - HAR: D:\DMS\Engine Scoring\Reports\20221128_172748\Exclude KKB - DS - Married\Scoring Married - KKB\20221128_172749\requests\main\41.har

2022-11-28 17:30:31 - [MESSAGE][PASSED] - Send request successfully

2022-11-28 17:30:31 - [TEST_STEP][PASSED] - verifyResponseStatusCode(scoring, 200): Verify response status code successfully

2022-11-28 17:30:31 - [MESSAGE][PASSED] - Verify response status code successfully

2022-11-28 17:30:31 - [TEST_STEP][PASSED] - response2 = scoring.getResponseText(): null

2022-11-28 17:30:31 - [TEST_STEP][PASSED] - markPassed("result service data ke : " + no): result service data ke : 21

2022-11-28 17:30:31 - [MESSAGE][PASSED] - result service data ke : 21

2022-11-28 17:30:31 - [TEST_STEP][PASSED] - logInfo($response2): {"result_konsumen":"Reject","result_pasangan":"Reguler","Final_result":"Reject","errorMessage":"","status":"Done"}

2022-11-28 17:30:31 - [MESSAGE][INFO] - {"result_konsumen":"Reject","result_pasangan":"Reguler","Final_result":"Reject","errorMessage":"","status":"Done"}

2022-11-28 17:30:31 - [TEST_STEP][PASSED] - verifyElementPropertyValue(scoring, "Final_result", final_result): Verify element property value successfully

2022-11-28 17:30:31 - [MESSAGE][PASSED] - Verify element property value successfully]]></system-out>
         <system-err><![CDATA[]]></system-err>
      </testcase>
      <testcase name="Test Cases/Engine_Scoring/Engine Scoring" time="7.156" classname="Test Cases/Engine_Scoring/Engine Scoring" status="PASSED">
         <system-out><![CDATA[2022-11-28 17:30:31 - [TEST_CASE][PASSED] - Test Cases/Engine_Scoring/Engine Scoring: Test Cases/Engine_Scoring/Engine Scoring

2022-11-28 17:30:32 - [TEST_STEP][PASSED] - markPassed("Variasi data ke : " + no): Variasi data ke : 22

2022-11-28 17:30:32 - [MESSAGE][PASSED] - Variasi data ke : 22

2022-11-28 17:30:32 - [TEST_STEP][PASSED] - req_data = sendRequest(findTestObject("Search_ME", ["MID":MID, "source":source, "ip":ip, "userid":userid, "branch":branch, "tipekons":tipekons, "marital":marital, "penjamin":penjamin, ... ])): Send request successfully

2022-11-28 17:30:33 - [MESSAGE][INFO] - HAR: D:\DMS\Engine Scoring\Reports\20221128_172748\Exclude KKB - DS - Married\Scoring Married - KKB\20221128_172749\requests\main\42.har

2022-11-28 17:30:33 - [MESSAGE][PASSED] - Send request successfully

2022-11-28 17:30:33 - [TEST_STEP][PASSED] - slurper = new groovy.json.JsonSlurper(): null

2022-11-28 17:30:33 - [TEST_STEP][PASSED] - result = slurper.parseText(req_data.getResponseBodyContent()): null

2022-11-28 17:30:33 - [TEST_STEP][PASSED] - reqid_kons = requestid1: null

2022-11-28 17:30:33 - [TEST_STEP][PASSED] - reqid_spouse = requestid2: null

2022-11-28 17:30:33 - [TEST_STEP][PASSED] - println("requestid kons : " + reqid_kons): null

2022-11-28 17:30:33 - [TEST_STEP][PASSED] - response_searchME_kons = reqid_kons: null

2022-11-28 17:30:33 - [TEST_STEP][PASSED] - response_searchME_spouse = reqid_spouse: null

2022-11-28 17:30:33 - [TEST_STEP][PASSED] - println("kons req id is :" + response_searchME_kons): null

2022-11-28 17:30:33 - [TEST_STEP][PASSED] - println("spouse req id is : " + response_searchME_spouse): null

2022-11-28 17:30:33 - [TEST_STEP][PASSED] - verifyResponseStatusCode(req_data, 200): Verify response status code successfully

2022-11-28 17:30:33 - [MESSAGE][PASSED] - Verify response status code successfully

2022-11-28 17:30:33 - [TEST_STEP][PASSED] - response = req_data.getResponseText(): null

2022-11-28 17:30:33 - [TEST_STEP][PASSED] - logInfo($response): {"status":"Done","data":{"requestid1":"257050","requestid2":"257051"}}

2022-11-28 17:30:33 - [MESSAGE][INFO] - {"status":"Done","data":{"requestid1":"257050","requestid2":"257051"}}

2022-11-28 17:30:33 - [TEST_STEP][PASSED] - delay(5): Delayed 5 second(s)

2022-11-28 17:30:38 - [MESSAGE][PASSED] - Delayed 5 second(s)

2022-11-28 17:30:38 - [TEST_STEP][PASSED] - scoring = sendRequest(findTestObject("EngineScore", ["response_searchME_kons":response_searchME_kons, "response_searchME_spouse":response_searchME_spouse])): Send request successfully

2022-11-28 17:30:38 - [MESSAGE][INFO] - HAR: D:\DMS\Engine Scoring\Reports\20221128_172748\Exclude KKB - DS - Married\Scoring Married - KKB\20221128_172749\requests\main\43.har

2022-11-28 17:30:38 - [MESSAGE][PASSED] - Send request successfully

2022-11-28 17:30:38 - [TEST_STEP][PASSED] - verifyResponseStatusCode(scoring, 200): Verify response status code successfully

2022-11-28 17:30:38 - [MESSAGE][PASSED] - Verify response status code successfully

2022-11-28 17:30:38 - [TEST_STEP][PASSED] - response2 = scoring.getResponseText(): null

2022-11-28 17:30:38 - [TEST_STEP][PASSED] - markPassed("result service data ke : " + no): result service data ke : 22

2022-11-28 17:30:38 - [MESSAGE][PASSED] - result service data ke : 22

2022-11-28 17:30:38 - [TEST_STEP][PASSED] - logInfo($response2): {"result_konsumen":"Reject","result_pasangan":"Approve","Final_result":"Reject","errorMessage":"","status":"Done"}

2022-11-28 17:30:38 - [MESSAGE][INFO] - {"result_konsumen":"Reject","result_pasangan":"Approve","Final_result":"Reject","errorMessage":"","status":"Done"}

2022-11-28 17:30:38 - [TEST_STEP][PASSED] - verifyElementPropertyValue(scoring, "Final_result", final_result): Verify element property value successfully

2022-11-28 17:30:38 - [MESSAGE][PASSED] - Verify element property value successfully]]></system-out>
         <system-err><![CDATA[]]></system-err>
      </testcase>
      <testcase name="Test Cases/Engine_Scoring/Engine Scoring" time="6.85" classname="Test Cases/Engine_Scoring/Engine Scoring" status="PASSED">
         <system-out><![CDATA[2022-11-28 17:30:38 - [TEST_CASE][PASSED] - Test Cases/Engine_Scoring/Engine Scoring: Test Cases/Engine_Scoring/Engine Scoring

2022-11-28 17:30:39 - [TEST_STEP][PASSED] - markPassed("Variasi data ke : " + no): Variasi data ke : 23

2022-11-28 17:30:39 - [MESSAGE][PASSED] - Variasi data ke : 23

2022-11-28 17:30:39 - [TEST_STEP][PASSED] - req_data = sendRequest(findTestObject("Search_ME", ["MID":MID, "source":source, "ip":ip, "userid":userid, "branch":branch, "tipekons":tipekons, "marital":marital, "penjamin":penjamin, ... ])): Send request successfully

2022-11-28 17:30:40 - [MESSAGE][INFO] - HAR: D:\DMS\Engine Scoring\Reports\20221128_172748\Exclude KKB - DS - Married\Scoring Married - KKB\20221128_172749\requests\main\44.har

2022-11-28 17:30:40 - [MESSAGE][PASSED] - Send request successfully

2022-11-28 17:30:40 - [TEST_STEP][PASSED] - slurper = new groovy.json.JsonSlurper(): null

2022-11-28 17:30:40 - [TEST_STEP][PASSED] - result = slurper.parseText(req_data.getResponseBodyContent()): null

2022-11-28 17:30:40 - [TEST_STEP][PASSED] - reqid_kons = requestid1: null

2022-11-28 17:30:40 - [TEST_STEP][PASSED] - reqid_spouse = requestid2: null

2022-11-28 17:30:40 - [TEST_STEP][PASSED] - println("requestid kons : " + reqid_kons): null

2022-11-28 17:30:40 - [TEST_STEP][PASSED] - response_searchME_kons = reqid_kons: null

2022-11-28 17:30:40 - [TEST_STEP][PASSED] - response_searchME_spouse = reqid_spouse: null

2022-11-28 17:30:40 - [TEST_STEP][PASSED] - println("kons req id is :" + response_searchME_kons): null

2022-11-28 17:30:40 - [TEST_STEP][PASSED] - println("spouse req id is : " + response_searchME_spouse): null

2022-11-28 17:30:40 - [TEST_STEP][PASSED] - verifyResponseStatusCode(req_data, 200): Verify response status code successfully

2022-11-28 17:30:40 - [MESSAGE][PASSED] - Verify response status code successfully

2022-11-28 17:30:40 - [TEST_STEP][PASSED] - response = req_data.getResponseText(): null

2022-11-28 17:30:40 - [TEST_STEP][PASSED] - logInfo($response): {"status":"Done","data":{"requestid1":"257052","requestid2":"257053"}}

2022-11-28 17:30:40 - [MESSAGE][INFO] - {"status":"Done","data":{"requestid1":"257052","requestid2":"257053"}}

2022-11-28 17:30:40 - [TEST_STEP][PASSED] - delay(5): Delayed 5 second(s)

2022-11-28 17:30:45 - [MESSAGE][PASSED] - Delayed 5 second(s)

2022-11-28 17:30:45 - [TEST_STEP][PASSED] - scoring = sendRequest(findTestObject("EngineScore", ["response_searchME_kons":response_searchME_kons, "response_searchME_spouse":response_searchME_spouse])): Send request successfully

2022-11-28 17:30:45 - [MESSAGE][INFO] - HAR: D:\DMS\Engine Scoring\Reports\20221128_172748\Exclude KKB - DS - Married\Scoring Married - KKB\20221128_172749\requests\main\45.har

2022-11-28 17:30:45 - [MESSAGE][PASSED] - Send request successfully

2022-11-28 17:30:45 - [TEST_STEP][PASSED] - verifyResponseStatusCode(scoring, 200): Verify response status code successfully

2022-11-28 17:30:45 - [MESSAGE][PASSED] - Verify response status code successfully

2022-11-28 17:30:45 - [TEST_STEP][PASSED] - response2 = scoring.getResponseText(): null

2022-11-28 17:30:45 - [TEST_STEP][PASSED] - markPassed("result service data ke : " + no): result service data ke : 23

2022-11-28 17:30:45 - [MESSAGE][PASSED] - result service data ke : 23

2022-11-28 17:30:45 - [TEST_STEP][PASSED] - logInfo($response2): {"result_konsumen":"Reject","result_pasangan":"Approve","Final_result":"Reject","errorMessage":"","status":"Done"}

2022-11-28 17:30:45 - [MESSAGE][INFO] - {"result_konsumen":"Reject","result_pasangan":"Approve","Final_result":"Reject","errorMessage":"","status":"Done"}

2022-11-28 17:30:45 - [TEST_STEP][PASSED] - verifyElementPropertyValue(scoring, "Final_result", final_result): Verify element property value successfully

2022-11-28 17:30:45 - [MESSAGE][PASSED] - Verify element property value successfully]]></system-out>
         <system-err><![CDATA[]]></system-err>
      </testcase>
      <testcase name="Test Cases/Engine_Scoring/Engine Scoring" time="6.652" classname="Test Cases/Engine_Scoring/Engine Scoring" status="PASSED">
         <system-out><![CDATA[2022-11-28 17:30:45 - [TEST_CASE][PASSED] - Test Cases/Engine_Scoring/Engine Scoring: Test Cases/Engine_Scoring/Engine Scoring

2022-11-28 17:30:46 - [TEST_STEP][PASSED] - markPassed("Variasi data ke : " + no): Variasi data ke : 24

2022-11-28 17:30:46 - [MESSAGE][PASSED] - Variasi data ke : 24

2022-11-28 17:30:46 - [TEST_STEP][PASSED] - req_data = sendRequest(findTestObject("Search_ME", ["MID":MID, "source":source, "ip":ip, "userid":userid, "branch":branch, "tipekons":tipekons, "marital":marital, "penjamin":penjamin, ... ])): Send request successfully

2022-11-28 17:30:47 - [MESSAGE][INFO] - HAR: D:\DMS\Engine Scoring\Reports\20221128_172748\Exclude KKB - DS - Married\Scoring Married - KKB\20221128_172749\requests\main\46.har

2022-11-28 17:30:47 - [MESSAGE][PASSED] - Send request successfully

2022-11-28 17:30:47 - [TEST_STEP][PASSED] - slurper = new groovy.json.JsonSlurper(): null

2022-11-28 17:30:47 - [TEST_STEP][PASSED] - result = slurper.parseText(req_data.getResponseBodyContent()): null

2022-11-28 17:30:47 - [TEST_STEP][PASSED] - reqid_kons = requestid1: null

2022-11-28 17:30:47 - [TEST_STEP][PASSED] - reqid_spouse = requestid2: null

2022-11-28 17:30:47 - [TEST_STEP][PASSED] - println("requestid kons : " + reqid_kons): null

2022-11-28 17:30:47 - [TEST_STEP][PASSED] - response_searchME_kons = reqid_kons: null

2022-11-28 17:30:47 - [TEST_STEP][PASSED] - response_searchME_spouse = reqid_spouse: null

2022-11-28 17:30:47 - [TEST_STEP][PASSED] - println("kons req id is :" + response_searchME_kons): null

2022-11-28 17:30:47 - [TEST_STEP][PASSED] - println("spouse req id is : " + response_searchME_spouse): null

2022-11-28 17:30:47 - [TEST_STEP][PASSED] - verifyResponseStatusCode(req_data, 200): Verify response status code successfully

2022-11-28 17:30:47 - [MESSAGE][PASSED] - Verify response status code successfully

2022-11-28 17:30:47 - [TEST_STEP][PASSED] - response = req_data.getResponseText(): null

2022-11-28 17:30:47 - [TEST_STEP][PASSED] - logInfo($response): {"status":"Done","data":{"requestid1":"257054","requestid2":"257055"}}

2022-11-28 17:30:47 - [MESSAGE][INFO] - {"status":"Done","data":{"requestid1":"257054","requestid2":"257055"}}

2022-11-28 17:30:47 - [TEST_STEP][PASSED] - delay(5): Delayed 5 second(s)

2022-11-28 17:30:52 - [MESSAGE][PASSED] - Delayed 5 second(s)

2022-11-28 17:30:52 - [TEST_STEP][PASSED] - scoring = sendRequest(findTestObject("EngineScore", ["response_searchME_kons":response_searchME_kons, "response_searchME_spouse":response_searchME_spouse])): Send request successfully

2022-11-28 17:30:52 - [MESSAGE][INFO] - HAR: D:\DMS\Engine Scoring\Reports\20221128_172748\Exclude KKB - DS - Married\Scoring Married - KKB\20221128_172749\requests\main\47.har

2022-11-28 17:30:52 - [MESSAGE][PASSED] - Send request successfully

2022-11-28 17:30:52 - [TEST_STEP][PASSED] - verifyResponseStatusCode(scoring, 200): Verify response status code successfully

2022-11-28 17:30:52 - [MESSAGE][PASSED] - Verify response status code successfully

2022-11-28 17:30:52 - [TEST_STEP][PASSED] - response2 = scoring.getResponseText(): null

2022-11-28 17:30:52 - [TEST_STEP][PASSED] - markPassed("result service data ke : " + no): result service data ke : 24

2022-11-28 17:30:52 - [MESSAGE][PASSED] - result service data ke : 24

2022-11-28 17:30:52 - [TEST_STEP][PASSED] - logInfo($response2): {"result_konsumen":"Reject","result_pasangan":"Approve","Final_result":"Reject","errorMessage":"","status":"Done"}

2022-11-28 17:30:52 - [MESSAGE][INFO] - {"result_konsumen":"Reject","result_pasangan":"Approve","Final_result":"Reject","errorMessage":"","status":"Done"}

2022-11-28 17:30:52 - [TEST_STEP][PASSED] - verifyElementPropertyValue(scoring, "Final_result", final_result): Verify element property value successfully

2022-11-28 17:30:52 - [MESSAGE][PASSED] - Verify element property value successfully]]></system-out>
         <system-err><![CDATA[]]></system-err>
      </testcase>
      <testcase name="Test Cases/Engine_Scoring/Engine Scoring" time="6.898" classname="Test Cases/Engine_Scoring/Engine Scoring" status="PASSED">
         <system-out><![CDATA[2022-11-28 17:30:52 - [TEST_CASE][PASSED] - Test Cases/Engine_Scoring/Engine Scoring: Test Cases/Engine_Scoring/Engine Scoring

2022-11-28 17:30:53 - [TEST_STEP][PASSED] - markPassed("Variasi data ke : " + no): Variasi data ke : 25

2022-11-28 17:30:53 - [MESSAGE][PASSED] - Variasi data ke : 25

2022-11-28 17:30:53 - [TEST_STEP][PASSED] - req_data = sendRequest(findTestObject("Search_ME", ["MID":MID, "source":source, "ip":ip, "userid":userid, "branch":branch, "tipekons":tipekons, "marital":marital, "penjamin":penjamin, ... ])): Send request successfully

2022-11-28 17:30:54 - [MESSAGE][INFO] - HAR: D:\DMS\Engine Scoring\Reports\20221128_172748\Exclude KKB - DS - Married\Scoring Married - KKB\20221128_172749\requests\main\48.har

2022-11-28 17:30:54 - [MESSAGE][PASSED] - Send request successfully

2022-11-28 17:30:54 - [TEST_STEP][PASSED] - slurper = new groovy.json.JsonSlurper(): null

2022-11-28 17:30:54 - [TEST_STEP][PASSED] - result = slurper.parseText(req_data.getResponseBodyContent()): null

2022-11-28 17:30:54 - [TEST_STEP][PASSED] - reqid_kons = requestid1: null

2022-11-28 17:30:54 - [TEST_STEP][PASSED] - reqid_spouse = requestid2: null

2022-11-28 17:30:54 - [TEST_STEP][PASSED] - println("requestid kons : " + reqid_kons): null

2022-11-28 17:30:54 - [TEST_STEP][PASSED] - response_searchME_kons = reqid_kons: null

2022-11-28 17:30:54 - [TEST_STEP][PASSED] - response_searchME_spouse = reqid_spouse: null

2022-11-28 17:30:54 - [TEST_STEP][PASSED] - println("kons req id is :" + response_searchME_kons): null

2022-11-28 17:30:54 - [TEST_STEP][PASSED] - println("spouse req id is : " + response_searchME_spouse): null

2022-11-28 17:30:54 - [TEST_STEP][PASSED] - verifyResponseStatusCode(req_data, 200): Verify response status code successfully

2022-11-28 17:30:54 - [MESSAGE][PASSED] - Verify response status code successfully

2022-11-28 17:30:54 - [TEST_STEP][PASSED] - response = req_data.getResponseText(): null

2022-11-28 17:30:54 - [TEST_STEP][PASSED] - logInfo($response): {"status":"Done","data":{"requestid1":"257056","requestid2":"257057"}}

2022-11-28 17:30:54 - [MESSAGE][INFO] - {"status":"Done","data":{"requestid1":"257056","requestid2":"257057"}}

2022-11-28 17:30:54 - [TEST_STEP][PASSED] - delay(5): Delayed 5 second(s)

2022-11-28 17:30:59 - [MESSAGE][PASSED] - Delayed 5 second(s)

2022-11-28 17:30:59 - [TEST_STEP][PASSED] - scoring = sendRequest(findTestObject("EngineScore", ["response_searchME_kons":response_searchME_kons, "response_searchME_spouse":response_searchME_spouse])): Send request successfully

2022-11-28 17:30:59 - [MESSAGE][INFO] - HAR: D:\DMS\Engine Scoring\Reports\20221128_172748\Exclude KKB - DS - Married\Scoring Married - KKB\20221128_172749\requests\main\49.har

2022-11-28 17:30:59 - [MESSAGE][PASSED] - Send request successfully

2022-11-28 17:30:59 - [TEST_STEP][PASSED] - verifyResponseStatusCode(scoring, 200): Verify response status code successfully

2022-11-28 17:30:59 - [MESSAGE][PASSED] - Verify response status code successfully

2022-11-28 17:30:59 - [TEST_STEP][PASSED] - response2 = scoring.getResponseText(): null

2022-11-28 17:30:59 - [TEST_STEP][PASSED] - markPassed("result service data ke : " + no): result service data ke : 25

2022-11-28 17:30:59 - [MESSAGE][PASSED] - result service data ke : 25

2022-11-28 17:30:59 - [TEST_STEP][PASSED] - logInfo($response2): {"result_konsumen":"Reject","result_pasangan":"Approve","Final_result":"Reject","errorMessage":"","status":"Done"}

2022-11-28 17:30:59 - [MESSAGE][INFO] - {"result_konsumen":"Reject","result_pasangan":"Approve","Final_result":"Reject","errorMessage":"","status":"Done"}

2022-11-28 17:30:59 - [TEST_STEP][PASSED] - verifyElementPropertyValue(scoring, "Final_result", final_result): Verify element property value successfully

2022-11-28 17:30:59 - [MESSAGE][PASSED] - Verify element property value successfully]]></system-out>
         <system-err><![CDATA[]]></system-err>
      </testcase>
      <testcase name="Test Cases/Engine_Scoring/Engine Scoring" time="6.511" classname="Test Cases/Engine_Scoring/Engine Scoring" status="PASSED">
         <system-out><![CDATA[2022-11-28 17:30:59 - [TEST_CASE][PASSED] - Test Cases/Engine_Scoring/Engine Scoring: Test Cases/Engine_Scoring/Engine Scoring

2022-11-28 17:30:59 - [TEST_STEP][PASSED] - markPassed("Variasi data ke : " + no): Variasi data ke : 26

2022-11-28 17:30:59 - [MESSAGE][PASSED] - Variasi data ke : 26

2022-11-28 17:30:59 - [TEST_STEP][PASSED] - req_data = sendRequest(findTestObject("Search_ME", ["MID":MID, "source":source, "ip":ip, "userid":userid, "branch":branch, "tipekons":tipekons, "marital":marital, "penjamin":penjamin, ... ])): Send request successfully

2022-11-28 17:31:00 - [MESSAGE][INFO] - HAR: D:\DMS\Engine Scoring\Reports\20221128_172748\Exclude KKB - DS - Married\Scoring Married - KKB\20221128_172749\requests\main\50.har

2022-11-28 17:31:00 - [MESSAGE][PASSED] - Send request successfully

2022-11-28 17:31:00 - [TEST_STEP][PASSED] - slurper = new groovy.json.JsonSlurper(): null

2022-11-28 17:31:00 - [TEST_STEP][PASSED] - result = slurper.parseText(req_data.getResponseBodyContent()): null

2022-11-28 17:31:00 - [TEST_STEP][PASSED] - reqid_kons = requestid1: null

2022-11-28 17:31:00 - [TEST_STEP][PASSED] - reqid_spouse = requestid2: null

2022-11-28 17:31:00 - [TEST_STEP][PASSED] - println("requestid kons : " + reqid_kons): null

2022-11-28 17:31:00 - [TEST_STEP][PASSED] - response_searchME_kons = reqid_kons: null

2022-11-28 17:31:00 - [TEST_STEP][PASSED] - response_searchME_spouse = reqid_spouse: null

2022-11-28 17:31:00 - [TEST_STEP][PASSED] - println("kons req id is :" + response_searchME_kons): null

2022-11-28 17:31:00 - [TEST_STEP][PASSED] - println("spouse req id is : " + response_searchME_spouse): null

2022-11-28 17:31:00 - [TEST_STEP][PASSED] - verifyResponseStatusCode(req_data, 200): Verify response status code successfully

2022-11-28 17:31:00 - [MESSAGE][PASSED] - Verify response status code successfully

2022-11-28 17:31:00 - [TEST_STEP][PASSED] - response = req_data.getResponseText(): null

2022-11-28 17:31:00 - [TEST_STEP][PASSED] - logInfo($response): {"status":"Done","data":{"requestid1":"257058","requestid2":"257059"}}

2022-11-28 17:31:00 - [MESSAGE][INFO] - {"status":"Done","data":{"requestid1":"257058","requestid2":"257059"}}

2022-11-28 17:31:00 - [TEST_STEP][PASSED] - delay(5): Delayed 5 second(s)

2022-11-28 17:31:05 - [MESSAGE][PASSED] - Delayed 5 second(s)

2022-11-28 17:31:05 - [TEST_STEP][PASSED] - scoring = sendRequest(findTestObject("EngineScore", ["response_searchME_kons":response_searchME_kons, "response_searchME_spouse":response_searchME_spouse])): Send request successfully

2022-11-28 17:31:05 - [MESSAGE][INFO] - HAR: D:\DMS\Engine Scoring\Reports\20221128_172748\Exclude KKB - DS - Married\Scoring Married - KKB\20221128_172749\requests\main\51.har

2022-11-28 17:31:05 - [MESSAGE][PASSED] - Send request successfully

2022-11-28 17:31:05 - [TEST_STEP][PASSED] - verifyResponseStatusCode(scoring, 200): Verify response status code successfully

2022-11-28 17:31:05 - [MESSAGE][PASSED] - Verify response status code successfully

2022-11-28 17:31:05 - [TEST_STEP][PASSED] - response2 = scoring.getResponseText(): null

2022-11-28 17:31:05 - [TEST_STEP][PASSED] - markPassed("result service data ke : " + no): result service data ke : 26

2022-11-28 17:31:05 - [MESSAGE][PASSED] - result service data ke : 26

2022-11-28 17:31:05 - [TEST_STEP][PASSED] - logInfo($response2): {"result_konsumen":"Reject","result_pasangan":"Reject","Final_result":"Reject","errorMessage":"","status":"Done"}

2022-11-28 17:31:05 - [MESSAGE][INFO] - {"result_konsumen":"Reject","result_pasangan":"Reject","Final_result":"Reject","errorMessage":"","status":"Done"}

2022-11-28 17:31:05 - [TEST_STEP][PASSED] - verifyElementPropertyValue(scoring, "Final_result", final_result): Verify element property value successfully

2022-11-28 17:31:05 - [MESSAGE][PASSED] - Verify element property value successfully]]></system-out>
         <system-err><![CDATA[]]></system-err>
      </testcase>
      <testcase name="Test Cases/Engine_Scoring/Engine Scoring" time="6.579" classname="Test Cases/Engine_Scoring/Engine Scoring" status="PASSED">
         <system-out><![CDATA[2022-11-28 17:31:05 - [TEST_CASE][PASSED] - Test Cases/Engine_Scoring/Engine Scoring: Test Cases/Engine_Scoring/Engine Scoring

2022-11-28 17:31:06 - [TEST_STEP][PASSED] - markPassed("Variasi data ke : " + no): Variasi data ke : 27

2022-11-28 17:31:06 - [MESSAGE][PASSED] - Variasi data ke : 27

2022-11-28 17:31:06 - [TEST_STEP][PASSED] - req_data = sendRequest(findTestObject("Search_ME", ["MID":MID, "source":source, "ip":ip, "userid":userid, "branch":branch, "tipekons":tipekons, "marital":marital, "penjamin":penjamin, ... ])): Send request successfully

2022-11-28 17:31:07 - [MESSAGE][INFO] - HAR: D:\DMS\Engine Scoring\Reports\20221128_172748\Exclude KKB - DS - Married\Scoring Married - KKB\20221128_172749\requests\main\52.har

2022-11-28 17:31:07 - [MESSAGE][PASSED] - Send request successfully

2022-11-28 17:31:07 - [TEST_STEP][PASSED] - slurper = new groovy.json.JsonSlurper(): null

2022-11-28 17:31:07 - [TEST_STEP][PASSED] - result = slurper.parseText(req_data.getResponseBodyContent()): null

2022-11-28 17:31:07 - [TEST_STEP][PASSED] - reqid_kons = requestid1: null

2022-11-28 17:31:07 - [TEST_STEP][PASSED] - reqid_spouse = requestid2: null

2022-11-28 17:31:07 - [TEST_STEP][PASSED] - println("requestid kons : " + reqid_kons): null

2022-11-28 17:31:07 - [TEST_STEP][PASSED] - response_searchME_kons = reqid_kons: null

2022-11-28 17:31:07 - [TEST_STEP][PASSED] - response_searchME_spouse = reqid_spouse: null

2022-11-28 17:31:07 - [TEST_STEP][PASSED] - println("kons req id is :" + response_searchME_kons): null

2022-11-28 17:31:07 - [TEST_STEP][PASSED] - println("spouse req id is : " + response_searchME_spouse): null

2022-11-28 17:31:07 - [TEST_STEP][PASSED] - verifyResponseStatusCode(req_data, 200): Verify response status code successfully

2022-11-28 17:31:07 - [MESSAGE][PASSED] - Verify response status code successfully

2022-11-28 17:31:07 - [TEST_STEP][PASSED] - response = req_data.getResponseText(): null

2022-11-28 17:31:07 - [TEST_STEP][PASSED] - logInfo($response): {"status":"Done","data":{"requestid1":"257060","requestid2":"257061"}}

2022-11-28 17:31:07 - [MESSAGE][INFO] - {"status":"Done","data":{"requestid1":"257060","requestid2":"257061"}}

2022-11-28 17:31:07 - [TEST_STEP][PASSED] - delay(5): Delayed 5 second(s)

2022-11-28 17:31:12 - [MESSAGE][PASSED] - Delayed 5 second(s)

2022-11-28 17:31:12 - [TEST_STEP][PASSED] - scoring = sendRequest(findTestObject("EngineScore", ["response_searchME_kons":response_searchME_kons, "response_searchME_spouse":response_searchME_spouse])): Send request successfully

2022-11-28 17:31:12 - [MESSAGE][INFO] - HAR: D:\DMS\Engine Scoring\Reports\20221128_172748\Exclude KKB - DS - Married\Scoring Married - KKB\20221128_172749\requests\main\53.har

2022-11-28 17:31:12 - [MESSAGE][PASSED] - Send request successfully

2022-11-28 17:31:12 - [TEST_STEP][PASSED] - verifyResponseStatusCode(scoring, 200): Verify response status code successfully

2022-11-28 17:31:12 - [MESSAGE][PASSED] - Verify response status code successfully

2022-11-28 17:31:12 - [TEST_STEP][PASSED] - response2 = scoring.getResponseText(): null

2022-11-28 17:31:12 - [TEST_STEP][PASSED] - markPassed("result service data ke : " + no): result service data ke : 27

2022-11-28 17:31:12 - [MESSAGE][PASSED] - result service data ke : 27

2022-11-28 17:31:12 - [TEST_STEP][PASSED] - logInfo($response2): {"result_konsumen":"Reject","result_pasangan":"Reject","Final_result":"Reject","errorMessage":"","status":"Done"}

2022-11-28 17:31:12 - [MESSAGE][INFO] - {"result_konsumen":"Reject","result_pasangan":"Reject","Final_result":"Reject","errorMessage":"","status":"Done"}

2022-11-28 17:31:12 - [TEST_STEP][PASSED] - verifyElementPropertyValue(scoring, "Final_result", final_result): Verify element property value successfully

2022-11-28 17:31:12 - [MESSAGE][PASSED] - Verify element property value successfully]]></system-out>
         <system-err><![CDATA[]]></system-err>
      </testcase>
      <testcase name="Test Cases/Engine_Scoring/Engine Scoring" time="6.61" classname="Test Cases/Engine_Scoring/Engine Scoring" status="PASSED">
         <system-out><![CDATA[2022-11-28 17:31:12 - [TEST_CASE][PASSED] - Test Cases/Engine_Scoring/Engine Scoring: Test Cases/Engine_Scoring/Engine Scoring

2022-11-28 17:31:13 - [TEST_STEP][PASSED] - markPassed("Variasi data ke : " + no): Variasi data ke : 28

2022-11-28 17:31:13 - [MESSAGE][PASSED] - Variasi data ke : 28

2022-11-28 17:31:13 - [TEST_STEP][PASSED] - req_data = sendRequest(findTestObject("Search_ME", ["MID":MID, "source":source, "ip":ip, "userid":userid, "branch":branch, "tipekons":tipekons, "marital":marital, "penjamin":penjamin, ... ])): Send request successfully

2022-11-28 17:31:13 - [MESSAGE][INFO] - HAR: D:\DMS\Engine Scoring\Reports\20221128_172748\Exclude KKB - DS - Married\Scoring Married - KKB\20221128_172749\requests\main\54.har

2022-11-28 17:31:13 - [MESSAGE][PASSED] - Send request successfully

2022-11-28 17:31:13 - [TEST_STEP][PASSED] - slurper = new groovy.json.JsonSlurper(): null

2022-11-28 17:31:13 - [TEST_STEP][PASSED] - result = slurper.parseText(req_data.getResponseBodyContent()): null

2022-11-28 17:31:13 - [TEST_STEP][PASSED] - reqid_kons = requestid1: null

2022-11-28 17:31:13 - [TEST_STEP][PASSED] - reqid_spouse = requestid2: null

2022-11-28 17:31:13 - [TEST_STEP][PASSED] - println("requestid kons : " + reqid_kons): null

2022-11-28 17:31:13 - [TEST_STEP][PASSED] - response_searchME_kons = reqid_kons: null

2022-11-28 17:31:13 - [TEST_STEP][PASSED] - response_searchME_spouse = reqid_spouse: null

2022-11-28 17:31:13 - [TEST_STEP][PASSED] - println("kons req id is :" + response_searchME_kons): null

2022-11-28 17:31:13 - [TEST_STEP][PASSED] - println("spouse req id is : " + response_searchME_spouse): null

2022-11-28 17:31:13 - [TEST_STEP][PASSED] - verifyResponseStatusCode(req_data, 200): Verify response status code successfully

2022-11-28 17:31:13 - [MESSAGE][PASSED] - Verify response status code successfully

2022-11-28 17:31:13 - [TEST_STEP][PASSED] - response = req_data.getResponseText(): null

2022-11-28 17:31:13 - [TEST_STEP][PASSED] - logInfo($response): {"status":"Done","data":{"requestid1":"257062","requestid2":"257063"}}

2022-11-28 17:31:13 - [MESSAGE][INFO] - {"status":"Done","data":{"requestid1":"257062","requestid2":"257063"}}

2022-11-28 17:31:13 - [TEST_STEP][PASSED] - delay(5): Delayed 5 second(s)

2022-11-28 17:31:18 - [MESSAGE][PASSED] - Delayed 5 second(s)

2022-11-28 17:31:18 - [TEST_STEP][PASSED] - scoring = sendRequest(findTestObject("EngineScore", ["response_searchME_kons":response_searchME_kons, "response_searchME_spouse":response_searchME_spouse])): Send request successfully

2022-11-28 17:31:19 - [MESSAGE][INFO] - HAR: D:\DMS\Engine Scoring\Reports\20221128_172748\Exclude KKB - DS - Married\Scoring Married - KKB\20221128_172749\requests\main\55.har

2022-11-28 17:31:19 - [MESSAGE][PASSED] - Send request successfully

2022-11-28 17:31:19 - [TEST_STEP][PASSED] - verifyResponseStatusCode(scoring, 200): Verify response status code successfully

2022-11-28 17:31:19 - [MESSAGE][PASSED] - Verify response status code successfully

2022-11-28 17:31:19 - [TEST_STEP][PASSED] - response2 = scoring.getResponseText(): null

2022-11-28 17:31:19 - [TEST_STEP][PASSED] - markPassed("result service data ke : " + no): result service data ke : 28

2022-11-28 17:31:19 - [MESSAGE][PASSED] - result service data ke : 28

2022-11-28 17:31:19 - [TEST_STEP][PASSED] - logInfo($response2): {"result_konsumen":"Reject","result_pasangan":"Reguler","Final_result":"Reject","errorMessage":"","status":"Done"}

2022-11-28 17:31:19 - [MESSAGE][INFO] - {"result_konsumen":"Reject","result_pasangan":"Reguler","Final_result":"Reject","errorMessage":"","status":"Done"}

2022-11-28 17:31:19 - [TEST_STEP][PASSED] - verifyElementPropertyValue(scoring, "Final_result", final_result): Verify element property value successfully

2022-11-28 17:31:19 - [MESSAGE][PASSED] - Verify element property value successfully]]></system-out>
         <system-err><![CDATA[]]></system-err>
      </testcase>
      <testcase name="Test Cases/Engine_Scoring/Engine Scoring" time="6.63" classname="Test Cases/Engine_Scoring/Engine Scoring" status="PASSED">
         <system-out><![CDATA[2022-11-28 17:31:19 - [TEST_CASE][PASSED] - Test Cases/Engine_Scoring/Engine Scoring: Test Cases/Engine_Scoring/Engine Scoring

2022-11-28 17:31:19 - [TEST_STEP][PASSED] - markPassed("Variasi data ke : " + no): Variasi data ke : 29

2022-11-28 17:31:19 - [MESSAGE][PASSED] - Variasi data ke : 29

2022-11-28 17:31:19 - [TEST_STEP][PASSED] - req_data = sendRequest(findTestObject("Search_ME", ["MID":MID, "source":source, "ip":ip, "userid":userid, "branch":branch, "tipekons":tipekons, "marital":marital, "penjamin":penjamin, ... ])): Send request successfully

2022-11-28 17:31:20 - [MESSAGE][INFO] - HAR: D:\DMS\Engine Scoring\Reports\20221128_172748\Exclude KKB - DS - Married\Scoring Married - KKB\20221128_172749\requests\main\56.har

2022-11-28 17:31:20 - [MESSAGE][PASSED] - Send request successfully

2022-11-28 17:31:20 - [TEST_STEP][PASSED] - slurper = new groovy.json.JsonSlurper(): null

2022-11-28 17:31:20 - [TEST_STEP][PASSED] - result = slurper.parseText(req_data.getResponseBodyContent()): null

2022-11-28 17:31:20 - [TEST_STEP][PASSED] - reqid_kons = requestid1: null

2022-11-28 17:31:20 - [TEST_STEP][PASSED] - reqid_spouse = requestid2: null

2022-11-28 17:31:20 - [TEST_STEP][PASSED] - println("requestid kons : " + reqid_kons): null

2022-11-28 17:31:20 - [TEST_STEP][PASSED] - response_searchME_kons = reqid_kons: null

2022-11-28 17:31:20 - [TEST_STEP][PASSED] - response_searchME_spouse = reqid_spouse: null

2022-11-28 17:31:20 - [TEST_STEP][PASSED] - println("kons req id is :" + response_searchME_kons): null

2022-11-28 17:31:20 - [TEST_STEP][PASSED] - println("spouse req id is : " + response_searchME_spouse): null

2022-11-28 17:31:20 - [TEST_STEP][PASSED] - verifyResponseStatusCode(req_data, 200): Verify response status code successfully

2022-11-28 17:31:20 - [MESSAGE][PASSED] - Verify response status code successfully

2022-11-28 17:31:20 - [TEST_STEP][PASSED] - response = req_data.getResponseText(): null

2022-11-28 17:31:20 - [TEST_STEP][PASSED] - logInfo($response): {"status":"Done","data":{"requestid1":"257064","requestid2":"257065"}}

2022-11-28 17:31:20 - [MESSAGE][INFO] - {"status":"Done","data":{"requestid1":"257064","requestid2":"257065"}}

2022-11-28 17:31:20 - [TEST_STEP][PASSED] - delay(5): Delayed 5 second(s)

2022-11-28 17:31:25 - [MESSAGE][PASSED] - Delayed 5 second(s)

2022-11-28 17:31:25 - [TEST_STEP][PASSED] - scoring = sendRequest(findTestObject("EngineScore", ["response_searchME_kons":response_searchME_kons, "response_searchME_spouse":response_searchME_spouse])): Send request successfully

2022-11-28 17:31:25 - [MESSAGE][INFO] - HAR: D:\DMS\Engine Scoring\Reports\20221128_172748\Exclude KKB - DS - Married\Scoring Married - KKB\20221128_172749\requests\main\57.har

2022-11-28 17:31:25 - [MESSAGE][PASSED] - Send request successfully

2022-11-28 17:31:25 - [TEST_STEP][PASSED] - verifyResponseStatusCode(scoring, 200): Verify response status code successfully

2022-11-28 17:31:25 - [MESSAGE][PASSED] - Verify response status code successfully

2022-11-28 17:31:25 - [TEST_STEP][PASSED] - response2 = scoring.getResponseText(): null

2022-11-28 17:31:25 - [TEST_STEP][PASSED] - markPassed("result service data ke : " + no): result service data ke : 29

2022-11-28 17:31:25 - [MESSAGE][PASSED] - result service data ke : 29

2022-11-28 17:31:25 - [TEST_STEP][PASSED] - logInfo($response2): {"result_konsumen":"Reject","result_pasangan":"Reguler","Final_result":"Reject","errorMessage":"","status":"Done"}

2022-11-28 17:31:25 - [MESSAGE][INFO] - {"result_konsumen":"Reject","result_pasangan":"Reguler","Final_result":"Reject","errorMessage":"","status":"Done"}

2022-11-28 17:31:25 - [TEST_STEP][PASSED] - verifyElementPropertyValue(scoring, "Final_result", final_result): Verify element property value successfully

2022-11-28 17:31:25 - [MESSAGE][PASSED] - Verify element property value successfully]]></system-out>
         <system-err><![CDATA[]]></system-err>
      </testcase>
      <testcase name="Test Cases/Engine_Scoring/Engine Scoring" time="7.527" classname="Test Cases/Engine_Scoring/Engine Scoring" status="PASSED">
         <system-out><![CDATA[2022-11-28 17:31:25 - [TEST_CASE][PASSED] - Test Cases/Engine_Scoring/Engine Scoring: Test Cases/Engine_Scoring/Engine Scoring

2022-11-28 17:31:27 - [TEST_STEP][PASSED] - markPassed("Variasi data ke : " + no): Variasi data ke : 30

2022-11-28 17:31:27 - [MESSAGE][PASSED] - Variasi data ke : 30

2022-11-28 17:31:27 - [TEST_STEP][PASSED] - req_data = sendRequest(findTestObject("Search_ME", ["MID":MID, "source":source, "ip":ip, "userid":userid, "branch":branch, "tipekons":tipekons, "marital":marital, "penjamin":penjamin, ... ])): Send request successfully

2022-11-28 17:31:28 - [MESSAGE][INFO] - HAR: D:\DMS\Engine Scoring\Reports\20221128_172748\Exclude KKB - DS - Married\Scoring Married - KKB\20221128_172749\requests\main\58.har

2022-11-28 17:31:28 - [MESSAGE][PASSED] - Send request successfully

2022-11-28 17:31:28 - [TEST_STEP][PASSED] - slurper = new groovy.json.JsonSlurper(): null

2022-11-28 17:31:28 - [TEST_STEP][PASSED] - result = slurper.parseText(req_data.getResponseBodyContent()): null

2022-11-28 17:31:28 - [TEST_STEP][PASSED] - reqid_kons = requestid1: null

2022-11-28 17:31:28 - [TEST_STEP][PASSED] - reqid_spouse = requestid2: null

2022-11-28 17:31:28 - [TEST_STEP][PASSED] - println("requestid kons : " + reqid_kons): null

2022-11-28 17:31:28 - [TEST_STEP][PASSED] - response_searchME_kons = reqid_kons: null

2022-11-28 17:31:28 - [TEST_STEP][PASSED] - response_searchME_spouse = reqid_spouse: null

2022-11-28 17:31:28 - [TEST_STEP][PASSED] - println("kons req id is :" + response_searchME_kons): null

2022-11-28 17:31:28 - [TEST_STEP][PASSED] - println("spouse req id is : " + response_searchME_spouse): null

2022-11-28 17:31:28 - [TEST_STEP][PASSED] - verifyResponseStatusCode(req_data, 200): Verify response status code successfully

2022-11-28 17:31:28 - [MESSAGE][PASSED] - Verify response status code successfully

2022-11-28 17:31:28 - [TEST_STEP][PASSED] - response = req_data.getResponseText(): null

2022-11-28 17:31:28 - [TEST_STEP][PASSED] - logInfo($response): {"status":"Done","data":{"requestid1":"257066","requestid2":"257067"}}

2022-11-28 17:31:28 - [MESSAGE][INFO] - {"status":"Done","data":{"requestid1":"257066","requestid2":"257067"}}

2022-11-28 17:31:28 - [TEST_STEP][PASSED] - delay(5): Delayed 5 second(s)

2022-11-28 17:31:33 - [MESSAGE][PASSED] - Delayed 5 second(s)

2022-11-28 17:31:33 - [TEST_STEP][PASSED] - scoring = sendRequest(findTestObject("EngineScore", ["response_searchME_kons":response_searchME_kons, "response_searchME_spouse":response_searchME_spouse])): Send request successfully

2022-11-28 17:31:33 - [MESSAGE][INFO] - HAR: D:\DMS\Engine Scoring\Reports\20221128_172748\Exclude KKB - DS - Married\Scoring Married - KKB\20221128_172749\requests\main\59.har

2022-11-28 17:31:33 - [MESSAGE][PASSED] - Send request successfully

2022-11-28 17:31:33 - [TEST_STEP][PASSED] - verifyResponseStatusCode(scoring, 200): Verify response status code successfully

2022-11-28 17:31:33 - [MESSAGE][PASSED] - Verify response status code successfully

2022-11-28 17:31:33 - [TEST_STEP][PASSED] - response2 = scoring.getResponseText(): null

2022-11-28 17:31:33 - [TEST_STEP][PASSED] - markPassed("result service data ke : " + no): result service data ke : 30

2022-11-28 17:31:33 - [MESSAGE][PASSED] - result service data ke : 30

2022-11-28 17:31:33 - [TEST_STEP][PASSED] - logInfo($response2): {"result_konsumen":"Reject","result_pasangan":"Reguler","Final_result":"Reject","errorMessage":"","status":"Done"}

2022-11-28 17:31:33 - [MESSAGE][INFO] - {"result_konsumen":"Reject","result_pasangan":"Reguler","Final_result":"Reject","errorMessage":"","status":"Done"}

2022-11-28 17:31:33 - [TEST_STEP][PASSED] - verifyElementPropertyValue(scoring, "Final_result", final_result): Verify element property value successfully

2022-11-28 17:31:33 - [MESSAGE][PASSED] - Verify element property value successfully]]></system-out>
         <system-err><![CDATA[]]></system-err>
      </testcase>
      <testcase name="Test Cases/Engine_Scoring/Engine Scoring" time="6.539" classname="Test Cases/Engine_Scoring/Engine Scoring" status="PASSED">
         <system-out><![CDATA[2022-11-28 17:31:33 - [TEST_CASE][PASSED] - Test Cases/Engine_Scoring/Engine Scoring: Test Cases/Engine_Scoring/Engine Scoring

2022-11-28 17:31:34 - [TEST_STEP][PASSED] - markPassed("Variasi data ke : " + no): Variasi data ke : 31

2022-11-28 17:31:34 - [MESSAGE][PASSED] - Variasi data ke : 31

2022-11-28 17:31:34 - [TEST_STEP][PASSED] - req_data = sendRequest(findTestObject("Search_ME", ["MID":MID, "source":source, "ip":ip, "userid":userid, "branch":branch, "tipekons":tipekons, "marital":marital, "penjamin":penjamin, ... ])): Send request successfully

2022-11-28 17:31:34 - [MESSAGE][INFO] - HAR: D:\DMS\Engine Scoring\Reports\20221128_172748\Exclude KKB - DS - Married\Scoring Married - KKB\20221128_172749\requests\main\60.har

2022-11-28 17:31:34 - [MESSAGE][PASSED] - Send request successfully

2022-11-28 17:31:34 - [TEST_STEP][PASSED] - slurper = new groovy.json.JsonSlurper(): null

2022-11-28 17:31:34 - [TEST_STEP][PASSED] - result = slurper.parseText(req_data.getResponseBodyContent()): null

2022-11-28 17:31:34 - [TEST_STEP][PASSED] - reqid_kons = requestid1: null

2022-11-28 17:31:34 - [TEST_STEP][PASSED] - reqid_spouse = requestid2: null

2022-11-28 17:31:34 - [TEST_STEP][PASSED] - println("requestid kons : " + reqid_kons): null

2022-11-28 17:31:34 - [TEST_STEP][PASSED] - response_searchME_kons = reqid_kons: null

2022-11-28 17:31:34 - [TEST_STEP][PASSED] - response_searchME_spouse = reqid_spouse: null

2022-11-28 17:31:34 - [TEST_STEP][PASSED] - println("kons req id is :" + response_searchME_kons): null

2022-11-28 17:31:34 - [TEST_STEP][PASSED] - println("spouse req id is : " + response_searchME_spouse): null

2022-11-28 17:31:34 - [TEST_STEP][PASSED] - verifyResponseStatusCode(req_data, 200): Verify response status code successfully

2022-11-28 17:31:34 - [MESSAGE][PASSED] - Verify response status code successfully

2022-11-28 17:31:34 - [TEST_STEP][PASSED] - response = req_data.getResponseText(): null

2022-11-28 17:31:34 - [TEST_STEP][PASSED] - logInfo($response): {"status":"Done","data":{"requestid1":"257068","requestid2":"257069"}}

2022-11-28 17:31:34 - [MESSAGE][INFO] - {"status":"Done","data":{"requestid1":"257068","requestid2":"257069"}}

2022-11-28 17:31:34 - [TEST_STEP][PASSED] - delay(5): Delayed 5 second(s)

2022-11-28 17:31:39 - [MESSAGE][PASSED] - Delayed 5 second(s)

2022-11-28 17:31:39 - [TEST_STEP][PASSED] - scoring = sendRequest(findTestObject("EngineScore", ["response_searchME_kons":response_searchME_kons, "response_searchME_spouse":response_searchME_spouse])): Send request successfully

2022-11-28 17:31:39 - [MESSAGE][INFO] - HAR: D:\DMS\Engine Scoring\Reports\20221128_172748\Exclude KKB - DS - Married\Scoring Married - KKB\20221128_172749\requests\main\61.har

2022-11-28 17:31:39 - [MESSAGE][PASSED] - Send request successfully

2022-11-28 17:31:39 - [TEST_STEP][PASSED] - verifyResponseStatusCode(scoring, 200): Verify response status code successfully

2022-11-28 17:31:39 - [MESSAGE][PASSED] - Verify response status code successfully

2022-11-28 17:31:39 - [TEST_STEP][PASSED] - response2 = scoring.getResponseText(): null

2022-11-28 17:31:39 - [TEST_STEP][PASSED] - markPassed("result service data ke : " + no): result service data ke : 31

2022-11-28 17:31:39 - [MESSAGE][PASSED] - result service data ke : 31

2022-11-28 17:31:39 - [TEST_STEP][PASSED] - logInfo($response2): {"result_konsumen":"Reguler","result_pasangan":"Reguler","Final_result":"Reguler","errorMessage":"","status":"Done"}

2022-11-28 17:31:39 - [MESSAGE][INFO] - {"result_konsumen":"Reguler","result_pasangan":"Reguler","Final_result":"Reguler","errorMessage":"","status":"Done"}

2022-11-28 17:31:39 - [TEST_STEP][PASSED] - verifyElementPropertyValue(scoring, "Final_result", final_result): Verify element property value successfully

2022-11-28 17:31:39 - [MESSAGE][PASSED] - Verify element property value successfully]]></system-out>
         <system-err><![CDATA[]]></system-err>
      </testcase>
      <testcase name="Test Cases/Engine_Scoring/Engine Scoring" time="6.531" classname="Test Cases/Engine_Scoring/Engine Scoring" status="PASSED">
         <system-out><![CDATA[2022-11-28 17:31:39 - [TEST_CASE][PASSED] - Test Cases/Engine_Scoring/Engine Scoring: Test Cases/Engine_Scoring/Engine Scoring

2022-11-28 17:31:40 - [TEST_STEP][PASSED] - markPassed("Variasi data ke : " + no): Variasi data ke : 32

2022-11-28 17:31:40 - [MESSAGE][PASSED] - Variasi data ke : 32

2022-11-28 17:31:40 - [TEST_STEP][PASSED] - req_data = sendRequest(findTestObject("Search_ME", ["MID":MID, "source":source, "ip":ip, "userid":userid, "branch":branch, "tipekons":tipekons, "marital":marital, "penjamin":penjamin, ... ])): Send request successfully

2022-11-28 17:31:41 - [MESSAGE][INFO] - HAR: D:\DMS\Engine Scoring\Reports\20221128_172748\Exclude KKB - DS - Married\Scoring Married - KKB\20221128_172749\requests\main\62.har

2022-11-28 17:31:41 - [MESSAGE][PASSED] - Send request successfully

2022-11-28 17:31:41 - [TEST_STEP][PASSED] - slurper = new groovy.json.JsonSlurper(): null

2022-11-28 17:31:41 - [TEST_STEP][PASSED] - result = slurper.parseText(req_data.getResponseBodyContent()): null

2022-11-28 17:31:41 - [TEST_STEP][PASSED] - reqid_kons = requestid1: null

2022-11-28 17:31:41 - [TEST_STEP][PASSED] - reqid_spouse = requestid2: null

2022-11-28 17:31:41 - [TEST_STEP][PASSED] - println("requestid kons : " + reqid_kons): null

2022-11-28 17:31:41 - [TEST_STEP][PASSED] - response_searchME_kons = reqid_kons: null

2022-11-28 17:31:41 - [TEST_STEP][PASSED] - response_searchME_spouse = reqid_spouse: null

2022-11-28 17:31:41 - [TEST_STEP][PASSED] - println("kons req id is :" + response_searchME_kons): null

2022-11-28 17:31:41 - [TEST_STEP][PASSED] - println("spouse req id is : " + response_searchME_spouse): null

2022-11-28 17:31:41 - [TEST_STEP][PASSED] - verifyResponseStatusCode(req_data, 200): Verify response status code successfully

2022-11-28 17:31:41 - [MESSAGE][PASSED] - Verify response status code successfully

2022-11-28 17:31:41 - [TEST_STEP][PASSED] - response = req_data.getResponseText(): null

2022-11-28 17:31:41 - [TEST_STEP][PASSED] - logInfo($response): {"status":"Done","data":{"requestid1":"257070","requestid2":"257071"}}

2022-11-28 17:31:41 - [MESSAGE][INFO] - {"status":"Done","data":{"requestid1":"257070","requestid2":"257071"}}

2022-11-28 17:31:41 - [TEST_STEP][PASSED] - delay(5): Delayed 5 second(s)

2022-11-28 17:31:46 - [MESSAGE][PASSED] - Delayed 5 second(s)

2022-11-28 17:31:46 - [TEST_STEP][PASSED] - scoring = sendRequest(findTestObject("EngineScore", ["response_searchME_kons":response_searchME_kons, "response_searchME_spouse":response_searchME_spouse])): Send request successfully

2022-11-28 17:31:46 - [MESSAGE][INFO] - HAR: D:\DMS\Engine Scoring\Reports\20221128_172748\Exclude KKB - DS - Married\Scoring Married - KKB\20221128_172749\requests\main\63.har

2022-11-28 17:31:46 - [MESSAGE][PASSED] - Send request successfully

2022-11-28 17:31:46 - [TEST_STEP][PASSED] - verifyResponseStatusCode(scoring, 200): Verify response status code successfully

2022-11-28 17:31:46 - [MESSAGE][PASSED] - Verify response status code successfully

2022-11-28 17:31:46 - [TEST_STEP][PASSED] - response2 = scoring.getResponseText(): null

2022-11-28 17:31:46 - [TEST_STEP][PASSED] - markPassed("result service data ke : " + no): result service data ke : 32

2022-11-28 17:31:46 - [MESSAGE][PASSED] - result service data ke : 32

2022-11-28 17:31:46 - [TEST_STEP][PASSED] - logInfo($response2): {"result_konsumen":"Reguler","result_pasangan":"Reguler","Final_result":"Reguler","errorMessage":"","status":"Done"}

2022-11-28 17:31:46 - [MESSAGE][INFO] - {"result_konsumen":"Reguler","result_pasangan":"Reguler","Final_result":"Reguler","errorMessage":"","status":"Done"}

2022-11-28 17:31:46 - [TEST_STEP][PASSED] - verifyElementPropertyValue(scoring, "Final_result", final_result): Verify element property value successfully

2022-11-28 17:31:46 - [MESSAGE][PASSED] - Verify element property value successfully]]></system-out>
         <system-err><![CDATA[]]></system-err>
      </testcase>
      <testcase name="Test Cases/Engine_Scoring/Engine Scoring" time="6.554" classname="Test Cases/Engine_Scoring/Engine Scoring" status="PASSED">
         <system-out><![CDATA[2022-11-28 17:31:46 - [TEST_CASE][PASSED] - Test Cases/Engine_Scoring/Engine Scoring: Test Cases/Engine_Scoring/Engine Scoring

2022-11-28 17:31:47 - [TEST_STEP][PASSED] - markPassed("Variasi data ke : " + no): Variasi data ke : 33

2022-11-28 17:31:47 - [MESSAGE][PASSED] - Variasi data ke : 33

2022-11-28 17:31:47 - [TEST_STEP][PASSED] - req_data = sendRequest(findTestObject("Search_ME", ["MID":MID, "source":source, "ip":ip, "userid":userid, "branch":branch, "tipekons":tipekons, "marital":marital, "penjamin":penjamin, ... ])): Send request successfully

2022-11-28 17:31:47 - [MESSAGE][INFO] - HAR: D:\DMS\Engine Scoring\Reports\20221128_172748\Exclude KKB - DS - Married\Scoring Married - KKB\20221128_172749\requests\main\64.har

2022-11-28 17:31:47 - [MESSAGE][PASSED] - Send request successfully

2022-11-28 17:31:47 - [TEST_STEP][PASSED] - slurper = new groovy.json.JsonSlurper(): null

2022-11-28 17:31:47 - [TEST_STEP][PASSED] - result = slurper.parseText(req_data.getResponseBodyContent()): null

2022-11-28 17:31:47 - [TEST_STEP][PASSED] - reqid_kons = requestid1: null

2022-11-28 17:31:47 - [TEST_STEP][PASSED] - reqid_spouse = requestid2: null

2022-11-28 17:31:47 - [TEST_STEP][PASSED] - println("requestid kons : " + reqid_kons): null

2022-11-28 17:31:47 - [TEST_STEP][PASSED] - response_searchME_kons = reqid_kons: null

2022-11-28 17:31:47 - [TEST_STEP][PASSED] - response_searchME_spouse = reqid_spouse: null

2022-11-28 17:31:47 - [TEST_STEP][PASSED] - println("kons req id is :" + response_searchME_kons): null

2022-11-28 17:31:47 - [TEST_STEP][PASSED] - println("spouse req id is : " + response_searchME_spouse): null

2022-11-28 17:31:47 - [TEST_STEP][PASSED] - verifyResponseStatusCode(req_data, 200): Verify response status code successfully

2022-11-28 17:31:47 - [MESSAGE][PASSED] - Verify response status code successfully

2022-11-28 17:31:47 - [TEST_STEP][PASSED] - response = req_data.getResponseText(): null

2022-11-28 17:31:47 - [TEST_STEP][PASSED] - logInfo($response): {"status":"Done","data":{"requestid1":"257072","requestid2":"257073"}}

2022-11-28 17:31:47 - [MESSAGE][INFO] - {"status":"Done","data":{"requestid1":"257072","requestid2":"257073"}}

2022-11-28 17:31:47 - [TEST_STEP][PASSED] - delay(5): Delayed 5 second(s)

2022-11-28 17:31:52 - [MESSAGE][PASSED] - Delayed 5 second(s)

2022-11-28 17:31:52 - [TEST_STEP][PASSED] - scoring = sendRequest(findTestObject("EngineScore", ["response_searchME_kons":response_searchME_kons, "response_searchME_spouse":response_searchME_spouse])): Send request successfully

2022-11-28 17:31:53 - [MESSAGE][INFO] - HAR: D:\DMS\Engine Scoring\Reports\20221128_172748\Exclude KKB - DS - Married\Scoring Married - KKB\20221128_172749\requests\main\65.har

2022-11-28 17:31:53 - [MESSAGE][PASSED] - Send request successfully

2022-11-28 17:31:53 - [TEST_STEP][PASSED] - verifyResponseStatusCode(scoring, 200): Verify response status code successfully

2022-11-28 17:31:53 - [MESSAGE][PASSED] - Verify response status code successfully

2022-11-28 17:31:53 - [TEST_STEP][PASSED] - response2 = scoring.getResponseText(): null

2022-11-28 17:31:53 - [TEST_STEP][PASSED] - markPassed("result service data ke : " + no): result service data ke : 33

2022-11-28 17:31:53 - [MESSAGE][PASSED] - result service data ke : 33

2022-11-28 17:31:53 - [TEST_STEP][PASSED] - logInfo($response2): {"result_konsumen":"Reguler","result_pasangan":"Reguler","Final_result":"Reguler","errorMessage":"","status":"Done"}

2022-11-28 17:31:53 - [MESSAGE][INFO] - {"result_konsumen":"Reguler","result_pasangan":"Reguler","Final_result":"Reguler","errorMessage":"","status":"Done"}

2022-11-28 17:31:53 - [TEST_STEP][PASSED] - verifyElementPropertyValue(scoring, "Final_result", final_result): Verify element property value successfully

2022-11-28 17:31:53 - [MESSAGE][PASSED] - Verify element property value successfully]]></system-out>
         <system-err><![CDATA[]]></system-err>
      </testcase>
      <testcase name="Test Cases/Engine_Scoring/Engine Scoring" time="6.736" classname="Test Cases/Engine_Scoring/Engine Scoring" status="PASSED">
         <system-out><![CDATA[2022-11-28 17:31:53 - [TEST_CASE][PASSED] - Test Cases/Engine_Scoring/Engine Scoring: Test Cases/Engine_Scoring/Engine Scoring

2022-11-28 17:31:53 - [TEST_STEP][PASSED] - markPassed("Variasi data ke : " + no): Variasi data ke : 34

2022-11-28 17:31:53 - [MESSAGE][PASSED] - Variasi data ke : 34

2022-11-28 17:31:53 - [TEST_STEP][PASSED] - req_data = sendRequest(findTestObject("Search_ME", ["MID":MID, "source":source, "ip":ip, "userid":userid, "branch":branch, "tipekons":tipekons, "marital":marital, "penjamin":penjamin, ... ])): Send request successfully

2022-11-28 17:31:54 - [MESSAGE][INFO] - HAR: D:\DMS\Engine Scoring\Reports\20221128_172748\Exclude KKB - DS - Married\Scoring Married - KKB\20221128_172749\requests\main\66.har

2022-11-28 17:31:54 - [MESSAGE][PASSED] - Send request successfully

2022-11-28 17:31:54 - [TEST_STEP][PASSED] - slurper = new groovy.json.JsonSlurper(): null

2022-11-28 17:31:54 - [TEST_STEP][PASSED] - result = slurper.parseText(req_data.getResponseBodyContent()): null

2022-11-28 17:31:54 - [TEST_STEP][PASSED] - reqid_kons = requestid1: null

2022-11-28 17:31:54 - [TEST_STEP][PASSED] - reqid_spouse = requestid2: null

2022-11-28 17:31:54 - [TEST_STEP][PASSED] - println("requestid kons : " + reqid_kons): null

2022-11-28 17:31:54 - [TEST_STEP][PASSED] - response_searchME_kons = reqid_kons: null

2022-11-28 17:31:54 - [TEST_STEP][PASSED] - response_searchME_spouse = reqid_spouse: null

2022-11-28 17:31:54 - [TEST_STEP][PASSED] - println("kons req id is :" + response_searchME_kons): null

2022-11-28 17:31:54 - [TEST_STEP][PASSED] - println("spouse req id is : " + response_searchME_spouse): null

2022-11-28 17:31:54 - [TEST_STEP][PASSED] - verifyResponseStatusCode(req_data, 200): Verify response status code successfully

2022-11-28 17:31:54 - [MESSAGE][PASSED] - Verify response status code successfully

2022-11-28 17:31:54 - [TEST_STEP][PASSED] - response = req_data.getResponseText(): null

2022-11-28 17:31:54 - [TEST_STEP][PASSED] - logInfo($response): {"status":"Done","data":{"requestid1":"257074","requestid2":"257075"}}

2022-11-28 17:31:54 - [MESSAGE][INFO] - {"status":"Done","data":{"requestid1":"257074","requestid2":"257075"}}

2022-11-28 17:31:54 - [TEST_STEP][PASSED] - delay(5): Delayed 5 second(s)

2022-11-28 17:31:59 - [MESSAGE][PASSED] - Delayed 5 second(s)

2022-11-28 17:31:59 - [TEST_STEP][PASSED] - scoring = sendRequest(findTestObject("EngineScore", ["response_searchME_kons":response_searchME_kons, "response_searchME_spouse":response_searchME_spouse])): Send request successfully

2022-11-28 17:31:59 - [MESSAGE][INFO] - HAR: D:\DMS\Engine Scoring\Reports\20221128_172748\Exclude KKB - DS - Married\Scoring Married - KKB\20221128_172749\requests\main\67.har

2022-11-28 17:31:59 - [MESSAGE][PASSED] - Send request successfully

2022-11-28 17:31:59 - [TEST_STEP][PASSED] - verifyResponseStatusCode(scoring, 200): Verify response status code successfully

2022-11-28 17:31:59 - [MESSAGE][PASSED] - Verify response status code successfully

2022-11-28 17:31:59 - [TEST_STEP][PASSED] - response2 = scoring.getResponseText(): null

2022-11-28 17:31:59 - [TEST_STEP][PASSED] - markPassed("result service data ke : " + no): result service data ke : 34

2022-11-28 17:31:59 - [MESSAGE][PASSED] - result service data ke : 34

2022-11-28 17:31:59 - [TEST_STEP][PASSED] - logInfo($response2): {"result_konsumen":"Reguler","result_pasangan":"Reguler","Final_result":"Reguler","errorMessage":"","status":"Done"}

2022-11-28 17:31:59 - [MESSAGE][INFO] - {"result_konsumen":"Reguler","result_pasangan":"Reguler","Final_result":"Reguler","errorMessage":"","status":"Done"}

2022-11-28 17:31:59 - [TEST_STEP][PASSED] - verifyElementPropertyValue(scoring, "Final_result", final_result): Verify element property value successfully

2022-11-28 17:31:59 - [MESSAGE][PASSED] - Verify element property value successfully]]></system-out>
         <system-err><![CDATA[]]></system-err>
      </testcase>
      <testcase name="Test Cases/Engine_Scoring/Engine Scoring" time="6.659" classname="Test Cases/Engine_Scoring/Engine Scoring" status="PASSED">
         <system-out><![CDATA[2022-11-28 17:31:59 - [TEST_CASE][PASSED] - Test Cases/Engine_Scoring/Engine Scoring: Test Cases/Engine_Scoring/Engine Scoring

2022-11-28 17:32:00 - [TEST_STEP][PASSED] - markPassed("Variasi data ke : " + no): Variasi data ke : 35

2022-11-28 17:32:00 - [MESSAGE][PASSED] - Variasi data ke : 35

2022-11-28 17:32:00 - [TEST_STEP][PASSED] - req_data = sendRequest(findTestObject("Search_ME", ["MID":MID, "source":source, "ip":ip, "userid":userid, "branch":branch, "tipekons":tipekons, "marital":marital, "penjamin":penjamin, ... ])): Send request successfully

2022-11-28 17:32:01 - [MESSAGE][INFO] - HAR: D:\DMS\Engine Scoring\Reports\20221128_172748\Exclude KKB - DS - Married\Scoring Married - KKB\20221128_172749\requests\main\68.har

2022-11-28 17:32:01 - [MESSAGE][PASSED] - Send request successfully

2022-11-28 17:32:01 - [TEST_STEP][PASSED] - slurper = new groovy.json.JsonSlurper(): null

2022-11-28 17:32:01 - [TEST_STEP][PASSED] - result = slurper.parseText(req_data.getResponseBodyContent()): null

2022-11-28 17:32:01 - [TEST_STEP][PASSED] - reqid_kons = requestid1: null

2022-11-28 17:32:01 - [TEST_STEP][PASSED] - reqid_spouse = requestid2: null

2022-11-28 17:32:01 - [TEST_STEP][PASSED] - println("requestid kons : " + reqid_kons): null

2022-11-28 17:32:01 - [TEST_STEP][PASSED] - response_searchME_kons = reqid_kons: null

2022-11-28 17:32:01 - [TEST_STEP][PASSED] - response_searchME_spouse = reqid_spouse: null

2022-11-28 17:32:01 - [TEST_STEP][PASSED] - println("kons req id is :" + response_searchME_kons): null

2022-11-28 17:32:01 - [TEST_STEP][PASSED] - println("spouse req id is : " + response_searchME_spouse): null

2022-11-28 17:32:01 - [TEST_STEP][PASSED] - verifyResponseStatusCode(req_data, 200): Verify response status code successfully

2022-11-28 17:32:01 - [MESSAGE][PASSED] - Verify response status code successfully

2022-11-28 17:32:01 - [TEST_STEP][PASSED] - response = req_data.getResponseText(): null

2022-11-28 17:32:01 - [TEST_STEP][PASSED] - logInfo($response): {"status":"Done","data":{"requestid1":"257076","requestid2":"257077"}}

2022-11-28 17:32:01 - [MESSAGE][INFO] - {"status":"Done","data":{"requestid1":"257076","requestid2":"257077"}}

2022-11-28 17:32:01 - [TEST_STEP][PASSED] - delay(5): Delayed 5 second(s)

2022-11-28 17:32:06 - [MESSAGE][PASSED] - Delayed 5 second(s)

2022-11-28 17:32:06 - [TEST_STEP][PASSED] - scoring = sendRequest(findTestObject("EngineScore", ["response_searchME_kons":response_searchME_kons, "response_searchME_spouse":response_searchME_spouse])): Send request successfully

2022-11-28 17:32:06 - [MESSAGE][INFO] - HAR: D:\DMS\Engine Scoring\Reports\20221128_172748\Exclude KKB - DS - Married\Scoring Married - KKB\20221128_172749\requests\main\69.har

2022-11-28 17:32:06 - [MESSAGE][PASSED] - Send request successfully

2022-11-28 17:32:06 - [TEST_STEP][PASSED] - verifyResponseStatusCode(scoring, 200): Verify response status code successfully

2022-11-28 17:32:06 - [MESSAGE][PASSED] - Verify response status code successfully

2022-11-28 17:32:06 - [TEST_STEP][PASSED] - response2 = scoring.getResponseText(): null

2022-11-28 17:32:06 - [TEST_STEP][PASSED] - markPassed("result service data ke : " + no): result service data ke : 35

2022-11-28 17:32:06 - [MESSAGE][PASSED] - result service data ke : 35

2022-11-28 17:32:06 - [TEST_STEP][PASSED] - logInfo($response2): {"result_konsumen":"Reguler","result_pasangan":"Reject","Final_result":"Reject","errorMessage":"","status":"Done"}

2022-11-28 17:32:06 - [MESSAGE][INFO] - {"result_konsumen":"Reguler","result_pasangan":"Reject","Final_result":"Reject","errorMessage":"","status":"Done"}

2022-11-28 17:32:06 - [TEST_STEP][PASSED] - verifyElementPropertyValue(scoring, "Final_result", final_result): Verify element property value successfully

2022-11-28 17:32:06 - [MESSAGE][PASSED] - Verify element property value successfully]]></system-out>
         <system-err><![CDATA[]]></system-err>
      </testcase>
      <testcase name="Test Cases/Engine_Scoring/Engine Scoring" time="6.637" classname="Test Cases/Engine_Scoring/Engine Scoring" status="PASSED">
         <system-out><![CDATA[2022-11-28 17:32:06 - [TEST_CASE][PASSED] - Test Cases/Engine_Scoring/Engine Scoring: Test Cases/Engine_Scoring/Engine Scoring

2022-11-28 17:32:07 - [TEST_STEP][PASSED] - markPassed("Variasi data ke : " + no): Variasi data ke : 36

2022-11-28 17:32:07 - [MESSAGE][PASSED] - Variasi data ke : 36

2022-11-28 17:32:07 - [TEST_STEP][PASSED] - req_data = sendRequest(findTestObject("Search_ME", ["MID":MID, "source":source, "ip":ip, "userid":userid, "branch":branch, "tipekons":tipekons, "marital":marital, "penjamin":penjamin, ... ])): Send request successfully

2022-11-28 17:32:08 - [MESSAGE][INFO] - HAR: D:\DMS\Engine Scoring\Reports\20221128_172748\Exclude KKB - DS - Married\Scoring Married - KKB\20221128_172749\requests\main\70.har

2022-11-28 17:32:08 - [MESSAGE][PASSED] - Send request successfully

2022-11-28 17:32:08 - [TEST_STEP][PASSED] - slurper = new groovy.json.JsonSlurper(): null

2022-11-28 17:32:08 - [TEST_STEP][PASSED] - result = slurper.parseText(req_data.getResponseBodyContent()): null

2022-11-28 17:32:08 - [TEST_STEP][PASSED] - reqid_kons = requestid1: null

2022-11-28 17:32:08 - [TEST_STEP][PASSED] - reqid_spouse = requestid2: null

2022-11-28 17:32:08 - [TEST_STEP][PASSED] - println("requestid kons : " + reqid_kons): null

2022-11-28 17:32:08 - [TEST_STEP][PASSED] - response_searchME_kons = reqid_kons: null

2022-11-28 17:32:08 - [TEST_STEP][PASSED] - response_searchME_spouse = reqid_spouse: null

2022-11-28 17:32:08 - [TEST_STEP][PASSED] - println("kons req id is :" + response_searchME_kons): null

2022-11-28 17:32:08 - [TEST_STEP][PASSED] - println("spouse req id is : " + response_searchME_spouse): null

2022-11-28 17:32:08 - [TEST_STEP][PASSED] - verifyResponseStatusCode(req_data, 200): Verify response status code successfully

2022-11-28 17:32:08 - [MESSAGE][PASSED] - Verify response status code successfully

2022-11-28 17:32:08 - [TEST_STEP][PASSED] - response = req_data.getResponseText(): null

2022-11-28 17:32:08 - [TEST_STEP][PASSED] - logInfo($response): {"status":"Done","data":{"requestid1":"257078","requestid2":"257079"}}

2022-11-28 17:32:08 - [MESSAGE][INFO] - {"status":"Done","data":{"requestid1":"257078","requestid2":"257079"}}

2022-11-28 17:32:08 - [TEST_STEP][PASSED] - delay(5): Delayed 5 second(s)

2022-11-28 17:32:13 - [MESSAGE][PASSED] - Delayed 5 second(s)

2022-11-28 17:32:13 - [TEST_STEP][PASSED] - scoring = sendRequest(findTestObject("EngineScore", ["response_searchME_kons":response_searchME_kons, "response_searchME_spouse":response_searchME_spouse])): Send request successfully

2022-11-28 17:32:13 - [MESSAGE][INFO] - HAR: D:\DMS\Engine Scoring\Reports\20221128_172748\Exclude KKB - DS - Married\Scoring Married - KKB\20221128_172749\requests\main\71.har

2022-11-28 17:32:13 - [MESSAGE][PASSED] - Send request successfully

2022-11-28 17:32:13 - [TEST_STEP][PASSED] - verifyResponseStatusCode(scoring, 200): Verify response status code successfully

2022-11-28 17:32:13 - [MESSAGE][PASSED] - Verify response status code successfully

2022-11-28 17:32:13 - [TEST_STEP][PASSED] - response2 = scoring.getResponseText(): null

2022-11-28 17:32:13 - [TEST_STEP][PASSED] - markPassed("result service data ke : " + no): result service data ke : 36

2022-11-28 17:32:13 - [MESSAGE][PASSED] - result service data ke : 36

2022-11-28 17:32:13 - [TEST_STEP][PASSED] - logInfo($response2): {"result_konsumen":"Reguler","result_pasangan":"Reject","Final_result":"Reject","errorMessage":"","status":"Done"}

2022-11-28 17:32:13 - [MESSAGE][INFO] - {"result_konsumen":"Reguler","result_pasangan":"Reject","Final_result":"Reject","errorMessage":"","status":"Done"}

2022-11-28 17:32:13 - [TEST_STEP][PASSED] - verifyElementPropertyValue(scoring, "Final_result", final_result): Verify element property value successfully

2022-11-28 17:32:13 - [MESSAGE][PASSED] - Verify element property value successfully]]></system-out>
         <system-err><![CDATA[]]></system-err>
      </testcase>
      <testcase name="Test Cases/Engine_Scoring/Engine Scoring" time="6.889" classname="Test Cases/Engine_Scoring/Engine Scoring" status="PASSED">
         <system-out><![CDATA[2022-11-28 17:32:13 - [TEST_CASE][PASSED] - Test Cases/Engine_Scoring/Engine Scoring: Test Cases/Engine_Scoring/Engine Scoring

2022-11-28 17:32:14 - [TEST_STEP][PASSED] - markPassed("Variasi data ke : " + no): Variasi data ke : 37

2022-11-28 17:32:14 - [MESSAGE][PASSED] - Variasi data ke : 37

2022-11-28 17:32:14 - [TEST_STEP][PASSED] - req_data = sendRequest(findTestObject("Search_ME", ["MID":MID, "source":source, "ip":ip, "userid":userid, "branch":branch, "tipekons":tipekons, "marital":marital, "penjamin":penjamin, ... ])): Send request successfully

2022-11-28 17:32:15 - [MESSAGE][INFO] - HAR: D:\DMS\Engine Scoring\Reports\20221128_172748\Exclude KKB - DS - Married\Scoring Married - KKB\20221128_172749\requests\main\72.har

2022-11-28 17:32:15 - [MESSAGE][PASSED] - Send request successfully

2022-11-28 17:32:15 - [TEST_STEP][PASSED] - slurper = new groovy.json.JsonSlurper(): null

2022-11-28 17:32:15 - [TEST_STEP][PASSED] - result = slurper.parseText(req_data.getResponseBodyContent()): null

2022-11-28 17:32:15 - [TEST_STEP][PASSED] - reqid_kons = requestid1: null

2022-11-28 17:32:15 - [TEST_STEP][PASSED] - reqid_spouse = requestid2: null

2022-11-28 17:32:15 - [TEST_STEP][PASSED] - println("requestid kons : " + reqid_kons): null

2022-11-28 17:32:15 - [TEST_STEP][PASSED] - response_searchME_kons = reqid_kons: null

2022-11-28 17:32:15 - [TEST_STEP][PASSED] - response_searchME_spouse = reqid_spouse: null

2022-11-28 17:32:15 - [TEST_STEP][PASSED] - println("kons req id is :" + response_searchME_kons): null

2022-11-28 17:32:15 - [TEST_STEP][PASSED] - println("spouse req id is : " + response_searchME_spouse): null

2022-11-28 17:32:15 - [TEST_STEP][PASSED] - verifyResponseStatusCode(req_data, 200): Verify response status code successfully

2022-11-28 17:32:15 - [MESSAGE][PASSED] - Verify response status code successfully

2022-11-28 17:32:15 - [TEST_STEP][PASSED] - response = req_data.getResponseText(): null

2022-11-28 17:32:15 - [TEST_STEP][PASSED] - logInfo($response): {"status":"Done","data":{"requestid1":"257080","requestid2":"257081"}}

2022-11-28 17:32:15 - [MESSAGE][INFO] - {"status":"Done","data":{"requestid1":"257080","requestid2":"257081"}}

2022-11-28 17:32:15 - [TEST_STEP][PASSED] - delay(5): Delayed 5 second(s)

2022-11-28 17:32:20 - [MESSAGE][PASSED] - Delayed 5 second(s)

2022-11-28 17:32:20 - [TEST_STEP][PASSED] - scoring = sendRequest(findTestObject("EngineScore", ["response_searchME_kons":response_searchME_kons, "response_searchME_spouse":response_searchME_spouse])): Send request successfully

2022-11-28 17:32:20 - [MESSAGE][INFO] - HAR: D:\DMS\Engine Scoring\Reports\20221128_172748\Exclude KKB - DS - Married\Scoring Married - KKB\20221128_172749\requests\main\73.har

2022-11-28 17:32:20 - [MESSAGE][PASSED] - Send request successfully

2022-11-28 17:32:20 - [TEST_STEP][PASSED] - verifyResponseStatusCode(scoring, 200): Verify response status code successfully

2022-11-28 17:32:20 - [MESSAGE][PASSED] - Verify response status code successfully

2022-11-28 17:32:20 - [TEST_STEP][PASSED] - response2 = scoring.getResponseText(): null

2022-11-28 17:32:20 - [TEST_STEP][PASSED] - markPassed("result service data ke : " + no): result service data ke : 37

2022-11-28 17:32:20 - [MESSAGE][PASSED] - result service data ke : 37

2022-11-28 17:32:20 - [TEST_STEP][PASSED] - logInfo($response2): {"result_konsumen":"Reguler","result_pasangan":"Reguler","Final_result":"Reguler","errorMessage":"","status":"Done"}

2022-11-28 17:32:20 - [MESSAGE][INFO] - {"result_konsumen":"Reguler","result_pasangan":"Reguler","Final_result":"Reguler","errorMessage":"","status":"Done"}

2022-11-28 17:32:20 - [TEST_STEP][PASSED] - verifyElementPropertyValue(scoring, "Final_result", final_result): Verify element property value successfully

2022-11-28 17:32:20 - [MESSAGE][PASSED] - Verify element property value successfully]]></system-out>
         <system-err><![CDATA[]]></system-err>
      </testcase>
      <testcase name="Test Cases/Engine_Scoring/Engine Scoring" time="6.583" classname="Test Cases/Engine_Scoring/Engine Scoring" status="PASSED">
         <system-out><![CDATA[2022-11-28 17:32:20 - [TEST_CASE][PASSED] - Test Cases/Engine_Scoring/Engine Scoring: Test Cases/Engine_Scoring/Engine Scoring

2022-11-28 17:32:20 - [TEST_STEP][PASSED] - markPassed("Variasi data ke : " + no): Variasi data ke : 38

2022-11-28 17:32:20 - [MESSAGE][PASSED] - Variasi data ke : 38

2022-11-28 17:32:20 - [TEST_STEP][PASSED] - req_data = sendRequest(findTestObject("Search_ME", ["MID":MID, "source":source, "ip":ip, "userid":userid, "branch":branch, "tipekons":tipekons, "marital":marital, "penjamin":penjamin, ... ])): Send request successfully

2022-11-28 17:32:21 - [MESSAGE][INFO] - HAR: D:\DMS\Engine Scoring\Reports\20221128_172748\Exclude KKB - DS - Married\Scoring Married - KKB\20221128_172749\requests\main\74.har

2022-11-28 17:32:21 - [MESSAGE][PASSED] - Send request successfully

2022-11-28 17:32:21 - [TEST_STEP][PASSED] - slurper = new groovy.json.JsonSlurper(): null

2022-11-28 17:32:21 - [TEST_STEP][PASSED] - result = slurper.parseText(req_data.getResponseBodyContent()): null

2022-11-28 17:32:21 - [TEST_STEP][PASSED] - reqid_kons = requestid1: null

2022-11-28 17:32:21 - [TEST_STEP][PASSED] - reqid_spouse = requestid2: null

2022-11-28 17:32:21 - [TEST_STEP][PASSED] - println("requestid kons : " + reqid_kons): null

2022-11-28 17:32:21 - [TEST_STEP][PASSED] - response_searchME_kons = reqid_kons: null

2022-11-28 17:32:21 - [TEST_STEP][PASSED] - response_searchME_spouse = reqid_spouse: null

2022-11-28 17:32:21 - [TEST_STEP][PASSED] - println("kons req id is :" + response_searchME_kons): null

2022-11-28 17:32:21 - [TEST_STEP][PASSED] - println("spouse req id is : " + response_searchME_spouse): null

2022-11-28 17:32:21 - [TEST_STEP][PASSED] - verifyResponseStatusCode(req_data, 200): Verify response status code successfully

2022-11-28 17:32:21 - [MESSAGE][PASSED] - Verify response status code successfully

2022-11-28 17:32:21 - [TEST_STEP][PASSED] - response = req_data.getResponseText(): null

2022-11-28 17:32:21 - [TEST_STEP][PASSED] - logInfo($response): {"status":"Done","data":{"requestid1":"257082","requestid2":"257083"}}

2022-11-28 17:32:21 - [MESSAGE][INFO] - {"status":"Done","data":{"requestid1":"257082","requestid2":"257083"}}

2022-11-28 17:32:21 - [TEST_STEP][PASSED] - delay(5): Delayed 5 second(s)

2022-11-28 17:32:26 - [MESSAGE][PASSED] - Delayed 5 second(s)

2022-11-28 17:32:26 - [TEST_STEP][PASSED] - scoring = sendRequest(findTestObject("EngineScore", ["response_searchME_kons":response_searchME_kons, "response_searchME_spouse":response_searchME_spouse])): Send request successfully

2022-11-28 17:32:26 - [MESSAGE][INFO] - HAR: D:\DMS\Engine Scoring\Reports\20221128_172748\Exclude KKB - DS - Married\Scoring Married - KKB\20221128_172749\requests\main\75.har

2022-11-28 17:32:26 - [MESSAGE][PASSED] - Send request successfully

2022-11-28 17:32:26 - [TEST_STEP][PASSED] - verifyResponseStatusCode(scoring, 200): Verify response status code successfully

2022-11-28 17:32:26 - [MESSAGE][PASSED] - Verify response status code successfully

2022-11-28 17:32:26 - [TEST_STEP][PASSED] - response2 = scoring.getResponseText(): null

2022-11-28 17:32:26 - [TEST_STEP][PASSED] - markPassed("result service data ke : " + no): result service data ke : 38

2022-11-28 17:32:26 - [MESSAGE][PASSED] - result service data ke : 38

2022-11-28 17:32:26 - [TEST_STEP][PASSED] - logInfo($response2): {"result_konsumen":"Reguler","result_pasangan":"Reguler","Final_result":"Reguler","errorMessage":"","status":"Done"}

2022-11-28 17:32:26 - [MESSAGE][INFO] - {"result_konsumen":"Reguler","result_pasangan":"Reguler","Final_result":"Reguler","errorMessage":"","status":"Done"}

2022-11-28 17:32:26 - [TEST_STEP][PASSED] - verifyElementPropertyValue(scoring, "Final_result", final_result): Verify element property value successfully

2022-11-28 17:32:26 - [MESSAGE][PASSED] - Verify element property value successfully]]></system-out>
         <system-err><![CDATA[]]></system-err>
      </testcase>
      <testcase name="Test Cases/Engine_Scoring/Engine Scoring" time="6.732" classname="Test Cases/Engine_Scoring/Engine Scoring" status="PASSED">
         <system-out><![CDATA[2022-11-28 17:32:26 - [TEST_CASE][PASSED] - Test Cases/Engine_Scoring/Engine Scoring: Test Cases/Engine_Scoring/Engine Scoring

2022-11-28 17:32:27 - [TEST_STEP][PASSED] - markPassed("Variasi data ke : " + no): Variasi data ke : 39

2022-11-28 17:32:27 - [MESSAGE][PASSED] - Variasi data ke : 39

2022-11-28 17:32:27 - [TEST_STEP][PASSED] - req_data = sendRequest(findTestObject("Search_ME", ["MID":MID, "source":source, "ip":ip, "userid":userid, "branch":branch, "tipekons":tipekons, "marital":marital, "penjamin":penjamin, ... ])): Send request successfully

2022-11-28 17:32:28 - [MESSAGE][INFO] - HAR: D:\DMS\Engine Scoring\Reports\20221128_172748\Exclude KKB - DS - Married\Scoring Married - KKB\20221128_172749\requests\main\76.har

2022-11-28 17:32:28 - [MESSAGE][PASSED] - Send request successfully

2022-11-28 17:32:28 - [TEST_STEP][PASSED] - slurper = new groovy.json.JsonSlurper(): null

2022-11-28 17:32:28 - [TEST_STEP][PASSED] - result = slurper.parseText(req_data.getResponseBodyContent()): null

2022-11-28 17:32:28 - [TEST_STEP][PASSED] - reqid_kons = requestid1: null

2022-11-28 17:32:28 - [TEST_STEP][PASSED] - reqid_spouse = requestid2: null

2022-11-28 17:32:28 - [TEST_STEP][PASSED] - println("requestid kons : " + reqid_kons): null

2022-11-28 17:32:28 - [TEST_STEP][PASSED] - response_searchME_kons = reqid_kons: null

2022-11-28 17:32:28 - [TEST_STEP][PASSED] - response_searchME_spouse = reqid_spouse: null

2022-11-28 17:32:28 - [TEST_STEP][PASSED] - println("kons req id is :" + response_searchME_kons): null

2022-11-28 17:32:28 - [TEST_STEP][PASSED] - println("spouse req id is : " + response_searchME_spouse): null

2022-11-28 17:32:28 - [TEST_STEP][PASSED] - verifyResponseStatusCode(req_data, 200): Verify response status code successfully

2022-11-28 17:32:28 - [MESSAGE][PASSED] - Verify response status code successfully

2022-11-28 17:32:28 - [TEST_STEP][PASSED] - response = req_data.getResponseText(): null

2022-11-28 17:32:28 - [TEST_STEP][PASSED] - logInfo($response): {"status":"Done","data":{"requestid1":"257084","requestid2":"257085"}}

2022-11-28 17:32:28 - [MESSAGE][INFO] - {"status":"Done","data":{"requestid1":"257084","requestid2":"257085"}}

2022-11-28 17:32:28 - [TEST_STEP][PASSED] - delay(5): Delayed 5 second(s)

2022-11-28 17:32:33 - [MESSAGE][PASSED] - Delayed 5 second(s)

2022-11-28 17:32:33 - [TEST_STEP][PASSED] - scoring = sendRequest(findTestObject("EngineScore", ["response_searchME_kons":response_searchME_kons, "response_searchME_spouse":response_searchME_spouse])): Send request successfully

2022-11-28 17:32:33 - [MESSAGE][INFO] - HAR: D:\DMS\Engine Scoring\Reports\20221128_172748\Exclude KKB - DS - Married\Scoring Married - KKB\20221128_172749\requests\main\77.har

2022-11-28 17:32:33 - [MESSAGE][PASSED] - Send request successfully

2022-11-28 17:32:33 - [TEST_STEP][PASSED] - verifyResponseStatusCode(scoring, 200): Verify response status code successfully

2022-11-28 17:32:33 - [MESSAGE][PASSED] - Verify response status code successfully

2022-11-28 17:32:33 - [TEST_STEP][PASSED] - response2 = scoring.getResponseText(): null

2022-11-28 17:32:33 - [TEST_STEP][PASSED] - markPassed("result service data ke : " + no): result service data ke : 39

2022-11-28 17:32:33 - [MESSAGE][PASSED] - result service data ke : 39

2022-11-28 17:32:33 - [TEST_STEP][PASSED] - logInfo($response2): {"result_konsumen":"Reguler","result_pasangan":"Reguler","Final_result":"Reguler","errorMessage":"","status":"Done"}

2022-11-28 17:32:33 - [MESSAGE][INFO] - {"result_konsumen":"Reguler","result_pasangan":"Reguler","Final_result":"Reguler","errorMessage":"","status":"Done"}

2022-11-28 17:32:33 - [TEST_STEP][PASSED] - verifyElementPropertyValue(scoring, "Final_result", final_result): Verify element property value successfully

2022-11-28 17:32:33 - [MESSAGE][PASSED] - Verify element property value successfully]]></system-out>
         <system-err><![CDATA[]]></system-err>
      </testcase>
      <testcase name="Test Cases/Engine_Scoring/Engine Scoring" time="6.576" classname="Test Cases/Engine_Scoring/Engine Scoring" status="PASSED">
         <system-out><![CDATA[2022-11-28 17:32:33 - [TEST_CASE][PASSED] - Test Cases/Engine_Scoring/Engine Scoring: Test Cases/Engine_Scoring/Engine Scoring

2022-11-28 17:32:34 - [TEST_STEP][PASSED] - markPassed("Variasi data ke : " + no): Variasi data ke : 40

2022-11-28 17:32:34 - [MESSAGE][PASSED] - Variasi data ke : 40

2022-11-28 17:32:34 - [TEST_STEP][PASSED] - req_data = sendRequest(findTestObject("Search_ME", ["MID":MID, "source":source, "ip":ip, "userid":userid, "branch":branch, "tipekons":tipekons, "marital":marital, "penjamin":penjamin, ... ])): Send request successfully

2022-11-28 17:32:35 - [MESSAGE][INFO] - HAR: D:\DMS\Engine Scoring\Reports\20221128_172748\Exclude KKB - DS - Married\Scoring Married - KKB\20221128_172749\requests\main\78.har

2022-11-28 17:32:35 - [MESSAGE][PASSED] - Send request successfully

2022-11-28 17:32:35 - [TEST_STEP][PASSED] - slurper = new groovy.json.JsonSlurper(): null

2022-11-28 17:32:35 - [TEST_STEP][PASSED] - result = slurper.parseText(req_data.getResponseBodyContent()): null

2022-11-28 17:32:35 - [TEST_STEP][PASSED] - reqid_kons = requestid1: null

2022-11-28 17:32:35 - [TEST_STEP][PASSED] - reqid_spouse = requestid2: null

2022-11-28 17:32:35 - [TEST_STEP][PASSED] - println("requestid kons : " + reqid_kons): null

2022-11-28 17:32:35 - [TEST_STEP][PASSED] - response_searchME_kons = reqid_kons: null

2022-11-28 17:32:35 - [TEST_STEP][PASSED] - response_searchME_spouse = reqid_spouse: null

2022-11-28 17:32:35 - [TEST_STEP][PASSED] - println("kons req id is :" + response_searchME_kons): null

2022-11-28 17:32:35 - [TEST_STEP][PASSED] - println("spouse req id is : " + response_searchME_spouse): null

2022-11-28 17:32:35 - [TEST_STEP][PASSED] - verifyResponseStatusCode(req_data, 200): Verify response status code successfully

2022-11-28 17:32:35 - [MESSAGE][PASSED] - Verify response status code successfully

2022-11-28 17:32:35 - [TEST_STEP][PASSED] - response = req_data.getResponseText(): null

2022-11-28 17:32:35 - [TEST_STEP][PASSED] - logInfo($response): {"status":"Done","data":{"requestid1":"257086","requestid2":"257087"}}

2022-11-28 17:32:35 - [MESSAGE][INFO] - {"status":"Done","data":{"requestid1":"257086","requestid2":"257087"}}

2022-11-28 17:32:35 - [TEST_STEP][PASSED] - delay(5): Delayed 5 second(s)

2022-11-28 17:32:40 - [MESSAGE][PASSED] - Delayed 5 second(s)

2022-11-28 17:32:40 - [TEST_STEP][PASSED] - scoring = sendRequest(findTestObject("EngineScore", ["response_searchME_kons":response_searchME_kons, "response_searchME_spouse":response_searchME_spouse])): Send request successfully

2022-11-28 17:32:40 - [MESSAGE][INFO] - HAR: D:\DMS\Engine Scoring\Reports\20221128_172748\Exclude KKB - DS - Married\Scoring Married - KKB\20221128_172749\requests\main\79.har

2022-11-28 17:32:40 - [MESSAGE][PASSED] - Send request successfully

2022-11-28 17:32:40 - [TEST_STEP][PASSED] - verifyResponseStatusCode(scoring, 200): Verify response status code successfully

2022-11-28 17:32:40 - [MESSAGE][PASSED] - Verify response status code successfully

2022-11-28 17:32:40 - [TEST_STEP][PASSED] - response2 = scoring.getResponseText(): null

2022-11-28 17:32:40 - [TEST_STEP][PASSED] - markPassed("result service data ke : " + no): result service data ke : 40

2022-11-28 17:32:40 - [MESSAGE][PASSED] - result service data ke : 40

2022-11-28 17:32:40 - [TEST_STEP][PASSED] - logInfo($response2): {"result_konsumen":"Reguler","result_pasangan":"Approve","Final_result":"Reguler","errorMessage":"","status":"Done"}

2022-11-28 17:32:40 - [MESSAGE][INFO] - {"result_konsumen":"Reguler","result_pasangan":"Approve","Final_result":"Reguler","errorMessage":"","status":"Done"}

2022-11-28 17:32:40 - [TEST_STEP][PASSED] - verifyElementPropertyValue(scoring, "Final_result", final_result): Verify element property value successfully

2022-11-28 17:32:40 - [MESSAGE][PASSED] - Verify element property value successfully]]></system-out>
         <system-err><![CDATA[]]></system-err>
      </testcase>
      <testcase name="Test Cases/Engine_Scoring/Engine Scoring" time="6.588" classname="Test Cases/Engine_Scoring/Engine Scoring" status="PASSED">
         <system-out><![CDATA[2022-11-28 17:32:40 - [TEST_CASE][PASSED] - Test Cases/Engine_Scoring/Engine Scoring: Test Cases/Engine_Scoring/Engine Scoring

2022-11-28 17:32:41 - [TEST_STEP][PASSED] - markPassed("Variasi data ke : " + no): Variasi data ke : 41

2022-11-28 17:32:41 - [MESSAGE][PASSED] - Variasi data ke : 41

2022-11-28 17:32:41 - [TEST_STEP][PASSED] - req_data = sendRequest(findTestObject("Search_ME", ["MID":MID, "source":source, "ip":ip, "userid":userid, "branch":branch, "tipekons":tipekons, "marital":marital, "penjamin":penjamin, ... ])): Send request successfully

2022-11-28 17:32:41 - [MESSAGE][INFO] - HAR: D:\DMS\Engine Scoring\Reports\20221128_172748\Exclude KKB - DS - Married\Scoring Married - KKB\20221128_172749\requests\main\80.har

2022-11-28 17:32:41 - [MESSAGE][PASSED] - Send request successfully

2022-11-28 17:32:41 - [TEST_STEP][PASSED] - slurper = new groovy.json.JsonSlurper(): null

2022-11-28 17:32:41 - [TEST_STEP][PASSED] - result = slurper.parseText(req_data.getResponseBodyContent()): null

2022-11-28 17:32:41 - [TEST_STEP][PASSED] - reqid_kons = requestid1: null

2022-11-28 17:32:41 - [TEST_STEP][PASSED] - reqid_spouse = requestid2: null

2022-11-28 17:32:41 - [TEST_STEP][PASSED] - println("requestid kons : " + reqid_kons): null

2022-11-28 17:32:41 - [TEST_STEP][PASSED] - response_searchME_kons = reqid_kons: null

2022-11-28 17:32:41 - [TEST_STEP][PASSED] - response_searchME_spouse = reqid_spouse: null

2022-11-28 17:32:41 - [TEST_STEP][PASSED] - println("kons req id is :" + response_searchME_kons): null

2022-11-28 17:32:41 - [TEST_STEP][PASSED] - println("spouse req id is : " + response_searchME_spouse): null

2022-11-28 17:32:41 - [TEST_STEP][PASSED] - verifyResponseStatusCode(req_data, 200): Verify response status code successfully

2022-11-28 17:32:41 - [MESSAGE][PASSED] - Verify response status code successfully

2022-11-28 17:32:41 - [TEST_STEP][PASSED] - response = req_data.getResponseText(): null

2022-11-28 17:32:41 - [TEST_STEP][PASSED] - logInfo($response): {"status":"Done","data":{"requestid1":"257088","requestid2":"257089"}}

2022-11-28 17:32:41 - [MESSAGE][INFO] - {"status":"Done","data":{"requestid1":"257088","requestid2":"257089"}}

2022-11-28 17:32:41 - [TEST_STEP][PASSED] - delay(5): Delayed 5 second(s)

2022-11-28 17:32:46 - [MESSAGE][PASSED] - Delayed 5 second(s)

2022-11-28 17:32:46 - [TEST_STEP][PASSED] - scoring = sendRequest(findTestObject("EngineScore", ["response_searchME_kons":response_searchME_kons, "response_searchME_spouse":response_searchME_spouse])): Send request successfully

2022-11-28 17:32:46 - [MESSAGE][INFO] - HAR: D:\DMS\Engine Scoring\Reports\20221128_172748\Exclude KKB - DS - Married\Scoring Married - KKB\20221128_172749\requests\main\81.har

2022-11-28 17:32:46 - [MESSAGE][PASSED] - Send request successfully

2022-11-28 17:32:46 - [TEST_STEP][PASSED] - verifyResponseStatusCode(scoring, 200): Verify response status code successfully

2022-11-28 17:32:46 - [MESSAGE][PASSED] - Verify response status code successfully

2022-11-28 17:32:46 - [TEST_STEP][PASSED] - response2 = scoring.getResponseText(): null

2022-11-28 17:32:46 - [TEST_STEP][PASSED] - markPassed("result service data ke : " + no): result service data ke : 41

2022-11-28 17:32:46 - [MESSAGE][PASSED] - result service data ke : 41

2022-11-28 17:32:46 - [TEST_STEP][PASSED] - logInfo($response2): {"result_konsumen":"Reguler","result_pasangan":"Approve","Final_result":"Reguler","errorMessage":"","status":"Done"}

2022-11-28 17:32:46 - [MESSAGE][INFO] - {"result_konsumen":"Reguler","result_pasangan":"Approve","Final_result":"Reguler","errorMessage":"","status":"Done"}

2022-11-28 17:32:46 - [TEST_STEP][PASSED] - verifyElementPropertyValue(scoring, "Final_result", final_result): Verify element property value successfully

2022-11-28 17:32:46 - [MESSAGE][PASSED] - Verify element property value successfully]]></system-out>
         <system-err><![CDATA[]]></system-err>
      </testcase>
      <testcase name="Test Cases/Engine_Scoring/Engine Scoring" time="6.827" classname="Test Cases/Engine_Scoring/Engine Scoring" status="PASSED">
         <system-out><![CDATA[2022-11-28 17:32:47 - [TEST_CASE][PASSED] - Test Cases/Engine_Scoring/Engine Scoring: Test Cases/Engine_Scoring/Engine Scoring

2022-11-28 17:32:47 - [TEST_STEP][PASSED] - markPassed("Variasi data ke : " + no): Variasi data ke : 42

2022-11-28 17:32:47 - [MESSAGE][PASSED] - Variasi data ke : 42

2022-11-28 17:32:47 - [TEST_STEP][PASSED] - req_data = sendRequest(findTestObject("Search_ME", ["MID":MID, "source":source, "ip":ip, "userid":userid, "branch":branch, "tipekons":tipekons, "marital":marital, "penjamin":penjamin, ... ])): Send request successfully

2022-11-28 17:32:48 - [MESSAGE][INFO] - HAR: D:\DMS\Engine Scoring\Reports\20221128_172748\Exclude KKB - DS - Married\Scoring Married - KKB\20221128_172749\requests\main\82.har

2022-11-28 17:32:48 - [MESSAGE][PASSED] - Send request successfully

2022-11-28 17:32:48 - [TEST_STEP][PASSED] - slurper = new groovy.json.JsonSlurper(): null

2022-11-28 17:32:48 - [TEST_STEP][PASSED] - result = slurper.parseText(req_data.getResponseBodyContent()): null

2022-11-28 17:32:48 - [TEST_STEP][PASSED] - reqid_kons = requestid1: null

2022-11-28 17:32:48 - [TEST_STEP][PASSED] - reqid_spouse = requestid2: null

2022-11-28 17:32:48 - [TEST_STEP][PASSED] - println("requestid kons : " + reqid_kons): null

2022-11-28 17:32:48 - [TEST_STEP][PASSED] - response_searchME_kons = reqid_kons: null

2022-11-28 17:32:48 - [TEST_STEP][PASSED] - response_searchME_spouse = reqid_spouse: null

2022-11-28 17:32:48 - [TEST_STEP][PASSED] - println("kons req id is :" + response_searchME_kons): null

2022-11-28 17:32:48 - [TEST_STEP][PASSED] - println("spouse req id is : " + response_searchME_spouse): null

2022-11-28 17:32:48 - [TEST_STEP][PASSED] - verifyResponseStatusCode(req_data, 200): Verify response status code successfully

2022-11-28 17:32:48 - [MESSAGE][PASSED] - Verify response status code successfully

2022-11-28 17:32:48 - [TEST_STEP][PASSED] - response = req_data.getResponseText(): null

2022-11-28 17:32:48 - [TEST_STEP][PASSED] - logInfo($response): {"status":"Done","data":{"requestid1":"257090","requestid2":"257091"}}

2022-11-28 17:32:48 - [MESSAGE][INFO] - {"status":"Done","data":{"requestid1":"257090","requestid2":"257091"}}

2022-11-28 17:32:48 - [TEST_STEP][PASSED] - delay(5): Delayed 5 second(s)

2022-11-28 17:32:53 - [MESSAGE][PASSED] - Delayed 5 second(s)

2022-11-28 17:32:53 - [TEST_STEP][PASSED] - scoring = sendRequest(findTestObject("EngineScore", ["response_searchME_kons":response_searchME_kons, "response_searchME_spouse":response_searchME_spouse])): Send request successfully

2022-11-28 17:32:53 - [MESSAGE][INFO] - HAR: D:\DMS\Engine Scoring\Reports\20221128_172748\Exclude KKB - DS - Married\Scoring Married - KKB\20221128_172749\requests\main\83.har

2022-11-28 17:32:53 - [MESSAGE][PASSED] - Send request successfully

2022-11-28 17:32:53 - [TEST_STEP][PASSED] - verifyResponseStatusCode(scoring, 200): Verify response status code successfully

2022-11-28 17:32:53 - [MESSAGE][PASSED] - Verify response status code successfully

2022-11-28 17:32:53 - [TEST_STEP][PASSED] - response2 = scoring.getResponseText(): null

2022-11-28 17:32:53 - [TEST_STEP][PASSED] - markPassed("result service data ke : " + no): result service data ke : 42

2022-11-28 17:32:53 - [MESSAGE][PASSED] - result service data ke : 42

2022-11-28 17:32:53 - [TEST_STEP][PASSED] - logInfo($response2): {"result_konsumen":"Reguler","result_pasangan":"Approve","Final_result":"Reguler","errorMessage":"","status":"Done"}

2022-11-28 17:32:53 - [MESSAGE][INFO] - {"result_konsumen":"Reguler","result_pasangan":"Approve","Final_result":"Reguler","errorMessage":"","status":"Done"}

2022-11-28 17:32:53 - [TEST_STEP][PASSED] - verifyElementPropertyValue(scoring, "Final_result", final_result): Verify element property value successfully

2022-11-28 17:32:53 - [MESSAGE][PASSED] - Verify element property value successfully]]></system-out>
         <system-err><![CDATA[]]></system-err>
      </testcase>
      <testcase name="Test Cases/Engine_Scoring/Engine Scoring" time="7.509" classname="Test Cases/Engine_Scoring/Engine Scoring" status="PASSED">
         <system-out><![CDATA[2022-11-28 17:32:53 - [TEST_CASE][PASSED] - Test Cases/Engine_Scoring/Engine Scoring: Test Cases/Engine_Scoring/Engine Scoring

2022-11-28 17:32:54 - [TEST_STEP][PASSED] - markPassed("Variasi data ke : " + no): Variasi data ke : 43

2022-11-28 17:32:54 - [MESSAGE][PASSED] - Variasi data ke : 43

2022-11-28 17:32:54 - [TEST_STEP][PASSED] - req_data = sendRequest(findTestObject("Search_ME", ["MID":MID, "source":source, "ip":ip, "userid":userid, "branch":branch, "tipekons":tipekons, "marital":marital, "penjamin":penjamin, ... ])): Send request successfully

2022-11-28 17:32:56 - [MESSAGE][INFO] - HAR: D:\DMS\Engine Scoring\Reports\20221128_172748\Exclude KKB - DS - Married\Scoring Married - KKB\20221128_172749\requests\main\84.har

2022-11-28 17:32:56 - [MESSAGE][PASSED] - Send request successfully

2022-11-28 17:32:56 - [TEST_STEP][PASSED] - slurper = new groovy.json.JsonSlurper(): null

2022-11-28 17:32:56 - [TEST_STEP][PASSED] - result = slurper.parseText(req_data.getResponseBodyContent()): null

2022-11-28 17:32:56 - [TEST_STEP][PASSED] - reqid_kons = requestid1: null

2022-11-28 17:32:56 - [TEST_STEP][PASSED] - reqid_spouse = requestid2: null

2022-11-28 17:32:56 - [TEST_STEP][PASSED] - println("requestid kons : " + reqid_kons): null

2022-11-28 17:32:56 - [TEST_STEP][PASSED] - response_searchME_kons = reqid_kons: null

2022-11-28 17:32:56 - [TEST_STEP][PASSED] - response_searchME_spouse = reqid_spouse: null

2022-11-28 17:32:56 - [TEST_STEP][PASSED] - println("kons req id is :" + response_searchME_kons): null

2022-11-28 17:32:56 - [TEST_STEP][PASSED] - println("spouse req id is : " + response_searchME_spouse): null

2022-11-28 17:32:56 - [TEST_STEP][PASSED] - verifyResponseStatusCode(req_data, 200): Verify response status code successfully

2022-11-28 17:32:56 - [MESSAGE][PASSED] - Verify response status code successfully

2022-11-28 17:32:56 - [TEST_STEP][PASSED] - response = req_data.getResponseText(): null

2022-11-28 17:32:56 - [TEST_STEP][PASSED] - logInfo($response): {"status":"Done","data":{"requestid1":"257092","requestid2":"257093"}}

2022-11-28 17:32:56 - [MESSAGE][INFO] - {"status":"Done","data":{"requestid1":"257092","requestid2":"257093"}}

2022-11-28 17:32:56 - [TEST_STEP][PASSED] - delay(5): Delayed 5 second(s)

2022-11-28 17:33:01 - [MESSAGE][PASSED] - Delayed 5 second(s)

2022-11-28 17:33:01 - [TEST_STEP][PASSED] - scoring = sendRequest(findTestObject("EngineScore", ["response_searchME_kons":response_searchME_kons, "response_searchME_spouse":response_searchME_spouse])): Send request successfully

2022-11-28 17:33:01 - [MESSAGE][INFO] - HAR: D:\DMS\Engine Scoring\Reports\20221128_172748\Exclude KKB - DS - Married\Scoring Married - KKB\20221128_172749\requests\main\85.har

2022-11-28 17:33:01 - [MESSAGE][PASSED] - Send request successfully

2022-11-28 17:33:01 - [TEST_STEP][PASSED] - verifyResponseStatusCode(scoring, 200): Verify response status code successfully

2022-11-28 17:33:01 - [MESSAGE][PASSED] - Verify response status code successfully

2022-11-28 17:33:01 - [TEST_STEP][PASSED] - response2 = scoring.getResponseText(): null

2022-11-28 17:33:01 - [TEST_STEP][PASSED] - markPassed("result service data ke : " + no): result service data ke : 43

2022-11-28 17:33:01 - [MESSAGE][PASSED] - result service data ke : 43

2022-11-28 17:33:01 - [TEST_STEP][PASSED] - logInfo($response2): {"result_konsumen":"Reguler","result_pasangan":"Approve","Final_result":"Reguler","errorMessage":"","status":"Done"}

2022-11-28 17:33:01 - [MESSAGE][INFO] - {"result_konsumen":"Reguler","result_pasangan":"Approve","Final_result":"Reguler","errorMessage":"","status":"Done"}

2022-11-28 17:33:01 - [TEST_STEP][PASSED] - verifyElementPropertyValue(scoring, "Final_result", final_result): Verify element property value successfully

2022-11-28 17:33:01 - [MESSAGE][PASSED] - Verify element property value successfully]]></system-out>
         <system-err><![CDATA[]]></system-err>
      </testcase>
      <testcase name="Test Cases/Engine_Scoring/Engine Scoring" time="6.601" classname="Test Cases/Engine_Scoring/Engine Scoring" status="PASSED">
         <system-out><![CDATA[2022-11-28 17:33:01 - [TEST_CASE][PASSED] - Test Cases/Engine_Scoring/Engine Scoring: Test Cases/Engine_Scoring/Engine Scoring

2022-11-28 17:33:02 - [TEST_STEP][PASSED] - markPassed("Variasi data ke : " + no): Variasi data ke : 44

2022-11-28 17:33:02 - [MESSAGE][PASSED] - Variasi data ke : 44

2022-11-28 17:33:02 - [TEST_STEP][PASSED] - req_data = sendRequest(findTestObject("Search_ME", ["MID":MID, "source":source, "ip":ip, "userid":userid, "branch":branch, "tipekons":tipekons, "marital":marital, "penjamin":penjamin, ... ])): Send request successfully

2022-11-28 17:33:02 - [MESSAGE][INFO] - HAR: D:\DMS\Engine Scoring\Reports\20221128_172748\Exclude KKB - DS - Married\Scoring Married - KKB\20221128_172749\requests\main\86.har

2022-11-28 17:33:02 - [MESSAGE][PASSED] - Send request successfully

2022-11-28 17:33:02 - [TEST_STEP][PASSED] - slurper = new groovy.json.JsonSlurper(): null

2022-11-28 17:33:02 - [TEST_STEP][PASSED] - result = slurper.parseText(req_data.getResponseBodyContent()): null

2022-11-28 17:33:02 - [TEST_STEP][PASSED] - reqid_kons = requestid1: null

2022-11-28 17:33:02 - [TEST_STEP][PASSED] - reqid_spouse = requestid2: null

2022-11-28 17:33:02 - [TEST_STEP][PASSED] - println("requestid kons : " + reqid_kons): null

2022-11-28 17:33:02 - [TEST_STEP][PASSED] - response_searchME_kons = reqid_kons: null

2022-11-28 17:33:02 - [TEST_STEP][PASSED] - response_searchME_spouse = reqid_spouse: null

2022-11-28 17:33:02 - [TEST_STEP][PASSED] - println("kons req id is :" + response_searchME_kons): null

2022-11-28 17:33:02 - [TEST_STEP][PASSED] - println("spouse req id is : " + response_searchME_spouse): null

2022-11-28 17:33:02 - [TEST_STEP][PASSED] - verifyResponseStatusCode(req_data, 200): Verify response status code successfully

2022-11-28 17:33:02 - [MESSAGE][PASSED] - Verify response status code successfully

2022-11-28 17:33:02 - [TEST_STEP][PASSED] - response = req_data.getResponseText(): null

2022-11-28 17:33:02 - [TEST_STEP][PASSED] - logInfo($response): {"status":"Done","data":{"requestid1":"257094","requestid2":"257095"}}

2022-11-28 17:33:02 - [MESSAGE][INFO] - {"status":"Done","data":{"requestid1":"257094","requestid2":"257095"}}

2022-11-28 17:33:02 - [TEST_STEP][PASSED] - delay(5): Delayed 5 second(s)

2022-11-28 17:33:07 - [MESSAGE][PASSED] - Delayed 5 second(s)

2022-11-28 17:33:07 - [TEST_STEP][PASSED] - scoring = sendRequest(findTestObject("EngineScore", ["response_searchME_kons":response_searchME_kons, "response_searchME_spouse":response_searchME_spouse])): Send request successfully

2022-11-28 17:33:08 - [MESSAGE][INFO] - HAR: D:\DMS\Engine Scoring\Reports\20221128_172748\Exclude KKB - DS - Married\Scoring Married - KKB\20221128_172749\requests\main\87.har

2022-11-28 17:33:08 - [MESSAGE][PASSED] - Send request successfully

2022-11-28 17:33:08 - [TEST_STEP][PASSED] - verifyResponseStatusCode(scoring, 200): Verify response status code successfully

2022-11-28 17:33:08 - [MESSAGE][PASSED] - Verify response status code successfully

2022-11-28 17:33:08 - [TEST_STEP][PASSED] - response2 = scoring.getResponseText(): null

2022-11-28 17:33:08 - [TEST_STEP][PASSED] - markPassed("result service data ke : " + no): result service data ke : 44

2022-11-28 17:33:08 - [MESSAGE][PASSED] - result service data ke : 44

2022-11-28 17:33:08 - [TEST_STEP][PASSED] - logInfo($response2): {"result_konsumen":"Reguler","result_pasangan":"Reject","Final_result":"Reject","errorMessage":"","status":"Done"}

2022-11-28 17:33:08 - [MESSAGE][INFO] - {"result_konsumen":"Reguler","result_pasangan":"Reject","Final_result":"Reject","errorMessage":"","status":"Done"}

2022-11-28 17:33:08 - [TEST_STEP][PASSED] - verifyElementPropertyValue(scoring, "Final_result", final_result): Verify element property value successfully

2022-11-28 17:33:08 - [MESSAGE][PASSED] - Verify element property value successfully]]></system-out>
         <system-err><![CDATA[]]></system-err>
      </testcase>
      <testcase name="Test Cases/Engine_Scoring/Engine Scoring" time="7.056" classname="Test Cases/Engine_Scoring/Engine Scoring" status="PASSED">
         <system-out><![CDATA[2022-11-28 17:33:08 - [TEST_CASE][PASSED] - Test Cases/Engine_Scoring/Engine Scoring: Test Cases/Engine_Scoring/Engine Scoring

2022-11-28 17:33:08 - [TEST_STEP][PASSED] - markPassed("Variasi data ke : " + no): Variasi data ke : 45

2022-11-28 17:33:08 - [MESSAGE][PASSED] - Variasi data ke : 45

2022-11-28 17:33:08 - [TEST_STEP][PASSED] - req_data = sendRequest(findTestObject("Search_ME", ["MID":MID, "source":source, "ip":ip, "userid":userid, "branch":branch, "tipekons":tipekons, "marital":marital, "penjamin":penjamin, ... ])): Send request successfully

2022-11-28 17:33:10 - [MESSAGE][INFO] - HAR: D:\DMS\Engine Scoring\Reports\20221128_172748\Exclude KKB - DS - Married\Scoring Married - KKB\20221128_172749\requests\main\88.har

2022-11-28 17:33:10 - [MESSAGE][PASSED] - Send request successfully

2022-11-28 17:33:10 - [TEST_STEP][PASSED] - slurper = new groovy.json.JsonSlurper(): null

2022-11-28 17:33:10 - [TEST_STEP][PASSED] - result = slurper.parseText(req_data.getResponseBodyContent()): null

2022-11-28 17:33:10 - [TEST_STEP][PASSED] - reqid_kons = requestid1: null

2022-11-28 17:33:10 - [TEST_STEP][PASSED] - reqid_spouse = requestid2: null

2022-11-28 17:33:10 - [TEST_STEP][PASSED] - println("requestid kons : " + reqid_kons): null

2022-11-28 17:33:10 - [TEST_STEP][PASSED] - response_searchME_kons = reqid_kons: null

2022-11-28 17:33:10 - [TEST_STEP][PASSED] - response_searchME_spouse = reqid_spouse: null

2022-11-28 17:33:10 - [TEST_STEP][PASSED] - println("kons req id is :" + response_searchME_kons): null

2022-11-28 17:33:10 - [TEST_STEP][PASSED] - println("spouse req id is : " + response_searchME_spouse): null

2022-11-28 17:33:10 - [TEST_STEP][PASSED] - verifyResponseStatusCode(req_data, 200): Verify response status code successfully

2022-11-28 17:33:10 - [MESSAGE][PASSED] - Verify response status code successfully

2022-11-28 17:33:10 - [TEST_STEP][PASSED] - response = req_data.getResponseText(): null

2022-11-28 17:33:10 - [TEST_STEP][PASSED] - logInfo($response): {"status":"Done","data":{"requestid1":"257096","requestid2":"257097"}}

2022-11-28 17:33:10 - [MESSAGE][INFO] - {"status":"Done","data":{"requestid1":"257096","requestid2":"257097"}}

2022-11-28 17:33:10 - [TEST_STEP][PASSED] - delay(5): Delayed 5 second(s)

2022-11-28 17:33:15 - [MESSAGE][PASSED] - Delayed 5 second(s)

2022-11-28 17:33:15 - [TEST_STEP][PASSED] - scoring = sendRequest(findTestObject("EngineScore", ["response_searchME_kons":response_searchME_kons, "response_searchME_spouse":response_searchME_spouse])): Send request successfully

2022-11-28 17:33:15 - [MESSAGE][INFO] - HAR: D:\DMS\Engine Scoring\Reports\20221128_172748\Exclude KKB - DS - Married\Scoring Married - KKB\20221128_172749\requests\main\89.har

2022-11-28 17:33:15 - [MESSAGE][PASSED] - Send request successfully

2022-11-28 17:33:15 - [TEST_STEP][PASSED] - verifyResponseStatusCode(scoring, 200): Verify response status code successfully

2022-11-28 17:33:15 - [MESSAGE][PASSED] - Verify response status code successfully

2022-11-28 17:33:15 - [TEST_STEP][PASSED] - response2 = scoring.getResponseText(): null

2022-11-28 17:33:15 - [TEST_STEP][PASSED] - markPassed("result service data ke : " + no): result service data ke : 45

2022-11-28 17:33:15 - [MESSAGE][PASSED] - result service data ke : 45

2022-11-28 17:33:15 - [TEST_STEP][PASSED] - logInfo($response2): {"result_konsumen":"Reguler","result_pasangan":"Reject","Final_result":"Reject","errorMessage":"","status":"Done"}

2022-11-28 17:33:15 - [MESSAGE][INFO] - {"result_konsumen":"Reguler","result_pasangan":"Reject","Final_result":"Reject","errorMessage":"","status":"Done"}

2022-11-28 17:33:15 - [TEST_STEP][PASSED] - verifyElementPropertyValue(scoring, "Final_result", final_result): Verify element property value successfully

2022-11-28 17:33:15 - [MESSAGE][PASSED] - Verify element property value successfully]]></system-out>
         <system-err><![CDATA[]]></system-err>
      </testcase>
      <testcase name="Test Cases/Engine_Scoring/Engine Scoring" time="6.564" classname="Test Cases/Engine_Scoring/Engine Scoring" status="PASSED">
         <system-out><![CDATA[2022-11-28 17:33:15 - [TEST_CASE][PASSED] - Test Cases/Engine_Scoring/Engine Scoring: Test Cases/Engine_Scoring/Engine Scoring

2022-11-28 17:33:15 - [TEST_STEP][PASSED] - markPassed("Variasi data ke : " + no): Variasi data ke : 46

2022-11-28 17:33:15 - [MESSAGE][PASSED] - Variasi data ke : 46

2022-11-28 17:33:15 - [TEST_STEP][PASSED] - req_data = sendRequest(findTestObject("Search_ME", ["MID":MID, "source":source, "ip":ip, "userid":userid, "branch":branch, "tipekons":tipekons, "marital":marital, "penjamin":penjamin, ... ])): Send request successfully

2022-11-28 17:33:16 - [MESSAGE][INFO] - HAR: D:\DMS\Engine Scoring\Reports\20221128_172748\Exclude KKB - DS - Married\Scoring Married - KKB\20221128_172749\requests\main\90.har

2022-11-28 17:33:16 - [MESSAGE][PASSED] - Send request successfully

2022-11-28 17:33:16 - [TEST_STEP][PASSED] - slurper = new groovy.json.JsonSlurper(): null

2022-11-28 17:33:16 - [TEST_STEP][PASSED] - result = slurper.parseText(req_data.getResponseBodyContent()): null

2022-11-28 17:33:16 - [TEST_STEP][PASSED] - reqid_kons = requestid1: null

2022-11-28 17:33:16 - [TEST_STEP][PASSED] - reqid_spouse = requestid2: null

2022-11-28 17:33:16 - [TEST_STEP][PASSED] - println("requestid kons : " + reqid_kons): null

2022-11-28 17:33:16 - [TEST_STEP][PASSED] - response_searchME_kons = reqid_kons: null

2022-11-28 17:33:16 - [TEST_STEP][PASSED] - response_searchME_spouse = reqid_spouse: null

2022-11-28 17:33:16 - [TEST_STEP][PASSED] - println("kons req id is :" + response_searchME_kons): null

2022-11-28 17:33:16 - [TEST_STEP][PASSED] - println("spouse req id is : " + response_searchME_spouse): null

2022-11-28 17:33:16 - [TEST_STEP][PASSED] - verifyResponseStatusCode(req_data, 200): Verify response status code successfully

2022-11-28 17:33:16 - [MESSAGE][PASSED] - Verify response status code successfully

2022-11-28 17:33:16 - [TEST_STEP][PASSED] - response = req_data.getResponseText(): null

2022-11-28 17:33:16 - [TEST_STEP][PASSED] - logInfo($response): {"status":"Done","data":{"requestid1":"257098","requestid2":"257099"}}

2022-11-28 17:33:16 - [MESSAGE][INFO] - {"status":"Done","data":{"requestid1":"257098","requestid2":"257099"}}

2022-11-28 17:33:16 - [TEST_STEP][PASSED] - delay(5): Delayed 5 second(s)

2022-11-28 17:33:21 - [MESSAGE][PASSED] - Delayed 5 second(s)

2022-11-28 17:33:21 - [TEST_STEP][PASSED] - scoring = sendRequest(findTestObject("EngineScore", ["response_searchME_kons":response_searchME_kons, "response_searchME_spouse":response_searchME_spouse])): Send request successfully

2022-11-28 17:33:21 - [MESSAGE][INFO] - HAR: D:\DMS\Engine Scoring\Reports\20221128_172748\Exclude KKB - DS - Married\Scoring Married - KKB\20221128_172749\requests\main\91.har

2022-11-28 17:33:21 - [MESSAGE][PASSED] - Send request successfully

2022-11-28 17:33:21 - [TEST_STEP][PASSED] - verifyResponseStatusCode(scoring, 200): Verify response status code successfully

2022-11-28 17:33:21 - [MESSAGE][PASSED] - Verify response status code successfully

2022-11-28 17:33:21 - [TEST_STEP][PASSED] - response2 = scoring.getResponseText(): null

2022-11-28 17:33:21 - [TEST_STEP][PASSED] - markPassed("result service data ke : " + no): result service data ke : 46

2022-11-28 17:33:21 - [MESSAGE][PASSED] - result service data ke : 46

2022-11-28 17:33:21 - [TEST_STEP][PASSED] - logInfo($response2): {"result_konsumen":"Reguler","result_pasangan":"Reguler","Final_result":"Reguler","errorMessage":"","status":"Done"}

2022-11-28 17:33:21 - [MESSAGE][INFO] - {"result_konsumen":"Reguler","result_pasangan":"Reguler","Final_result":"Reguler","errorMessage":"","status":"Done"}

2022-11-28 17:33:21 - [TEST_STEP][PASSED] - verifyElementPropertyValue(scoring, "Final_result", final_result): Verify element property value successfully

2022-11-28 17:33:21 - [MESSAGE][PASSED] - Verify element property value successfully]]></system-out>
         <system-err><![CDATA[]]></system-err>
      </testcase>
      <testcase name="Test Cases/Engine_Scoring/Engine Scoring" time="6.616" classname="Test Cases/Engine_Scoring/Engine Scoring" status="PASSED">
         <system-out><![CDATA[2022-11-28 17:33:21 - [TEST_CASE][PASSED] - Test Cases/Engine_Scoring/Engine Scoring: Test Cases/Engine_Scoring/Engine Scoring

2022-11-28 17:33:22 - [TEST_STEP][PASSED] - markPassed("Variasi data ke : " + no): Variasi data ke : 47

2022-11-28 17:33:22 - [MESSAGE][PASSED] - Variasi data ke : 47

2022-11-28 17:33:22 - [TEST_STEP][PASSED] - req_data = sendRequest(findTestObject("Search_ME", ["MID":MID, "source":source, "ip":ip, "userid":userid, "branch":branch, "tipekons":tipekons, "marital":marital, "penjamin":penjamin, ... ])): Send request successfully

2022-11-28 17:33:23 - [MESSAGE][INFO] - HAR: D:\DMS\Engine Scoring\Reports\20221128_172748\Exclude KKB - DS - Married\Scoring Married - KKB\20221128_172749\requests\main\92.har

2022-11-28 17:33:23 - [MESSAGE][PASSED] - Send request successfully

2022-11-28 17:33:23 - [TEST_STEP][PASSED] - slurper = new groovy.json.JsonSlurper(): null

2022-11-28 17:33:23 - [TEST_STEP][PASSED] - result = slurper.parseText(req_data.getResponseBodyContent()): null

2022-11-28 17:33:23 - [TEST_STEP][PASSED] - reqid_kons = requestid1: null

2022-11-28 17:33:23 - [TEST_STEP][PASSED] - reqid_spouse = requestid2: null

2022-11-28 17:33:23 - [TEST_STEP][PASSED] - println("requestid kons : " + reqid_kons): null

2022-11-28 17:33:23 - [TEST_STEP][PASSED] - response_searchME_kons = reqid_kons: null

2022-11-28 17:33:23 - [TEST_STEP][PASSED] - response_searchME_spouse = reqid_spouse: null

2022-11-28 17:33:23 - [TEST_STEP][PASSED] - println("kons req id is :" + response_searchME_kons): null

2022-11-28 17:33:23 - [TEST_STEP][PASSED] - println("spouse req id is : " + response_searchME_spouse): null

2022-11-28 17:33:23 - [TEST_STEP][PASSED] - verifyResponseStatusCode(req_data, 200): Verify response status code successfully

2022-11-28 17:33:23 - [MESSAGE][PASSED] - Verify response status code successfully

2022-11-28 17:33:23 - [TEST_STEP][PASSED] - response = req_data.getResponseText(): null

2022-11-28 17:33:23 - [TEST_STEP][PASSED] - logInfo($response): {"status":"Done","data":{"requestid1":"257100","requestid2":"257101"}}

2022-11-28 17:33:23 - [MESSAGE][INFO] - {"status":"Done","data":{"requestid1":"257100","requestid2":"257101"}}

2022-11-28 17:33:23 - [TEST_STEP][PASSED] - delay(5): Delayed 5 second(s)

2022-11-28 17:33:28 - [MESSAGE][PASSED] - Delayed 5 second(s)

2022-11-28 17:33:28 - [TEST_STEP][PASSED] - scoring = sendRequest(findTestObject("EngineScore", ["response_searchME_kons":response_searchME_kons, "response_searchME_spouse":response_searchME_spouse])): Send request successfully

2022-11-28 17:33:28 - [MESSAGE][INFO] - HAR: D:\DMS\Engine Scoring\Reports\20221128_172748\Exclude KKB - DS - Married\Scoring Married - KKB\20221128_172749\requests\main\93.har

2022-11-28 17:33:28 - [MESSAGE][PASSED] - Send request successfully

2022-11-28 17:33:28 - [TEST_STEP][PASSED] - verifyResponseStatusCode(scoring, 200): Verify response status code successfully

2022-11-28 17:33:28 - [MESSAGE][PASSED] - Verify response status code successfully

2022-11-28 17:33:28 - [TEST_STEP][PASSED] - response2 = scoring.getResponseText(): null

2022-11-28 17:33:28 - [TEST_STEP][PASSED] - markPassed("result service data ke : " + no): result service data ke : 47

2022-11-28 17:33:28 - [MESSAGE][PASSED] - result service data ke : 47

2022-11-28 17:33:28 - [TEST_STEP][PASSED] - logInfo($response2): {"result_konsumen":"Reguler","result_pasangan":"Reguler","Final_result":"Reguler","errorMessage":"","status":"Done"}

2022-11-28 17:33:28 - [MESSAGE][INFO] - {"result_konsumen":"Reguler","result_pasangan":"Reguler","Final_result":"Reguler","errorMessage":"","status":"Done"}

2022-11-28 17:33:28 - [TEST_STEP][PASSED] - verifyElementPropertyValue(scoring, "Final_result", final_result): Verify element property value successfully

2022-11-28 17:33:28 - [MESSAGE][PASSED] - Verify element property value successfully]]></system-out>
         <system-err><![CDATA[]]></system-err>
      </testcase>
      <testcase name="Test Cases/Engine_Scoring/Engine Scoring" time="6.67" classname="Test Cases/Engine_Scoring/Engine Scoring" status="PASSED">
         <system-out><![CDATA[2022-11-28 17:33:28 - [TEST_CASE][PASSED] - Test Cases/Engine_Scoring/Engine Scoring: Test Cases/Engine_Scoring/Engine Scoring

2022-11-28 17:33:29 - [TEST_STEP][PASSED] - markPassed("Variasi data ke : " + no): Variasi data ke : 48

2022-11-28 17:33:29 - [MESSAGE][PASSED] - Variasi data ke : 48

2022-11-28 17:33:29 - [TEST_STEP][PASSED] - req_data = sendRequest(findTestObject("Search_ME", ["MID":MID, "source":source, "ip":ip, "userid":userid, "branch":branch, "tipekons":tipekons, "marital":marital, "penjamin":penjamin, ... ])): Send request successfully

2022-11-28 17:33:30 - [MESSAGE][INFO] - HAR: D:\DMS\Engine Scoring\Reports\20221128_172748\Exclude KKB - DS - Married\Scoring Married - KKB\20221128_172749\requests\main\94.har

2022-11-28 17:33:30 - [MESSAGE][PASSED] - Send request successfully

2022-11-28 17:33:30 - [TEST_STEP][PASSED] - slurper = new groovy.json.JsonSlurper(): null

2022-11-28 17:33:30 - [TEST_STEP][PASSED] - result = slurper.parseText(req_data.getResponseBodyContent()): null

2022-11-28 17:33:30 - [TEST_STEP][PASSED] - reqid_kons = requestid1: null

2022-11-28 17:33:30 - [TEST_STEP][PASSED] - reqid_spouse = requestid2: null

2022-11-28 17:33:30 - [TEST_STEP][PASSED] - println("requestid kons : " + reqid_kons): null

2022-11-28 17:33:30 - [TEST_STEP][PASSED] - response_searchME_kons = reqid_kons: null

2022-11-28 17:33:30 - [TEST_STEP][PASSED] - response_searchME_spouse = reqid_spouse: null

2022-11-28 17:33:30 - [TEST_STEP][PASSED] - println("kons req id is :" + response_searchME_kons): null

2022-11-28 17:33:30 - [TEST_STEP][PASSED] - println("spouse req id is : " + response_searchME_spouse): null

2022-11-28 17:33:30 - [TEST_STEP][PASSED] - verifyResponseStatusCode(req_data, 200): Verify response status code successfully

2022-11-28 17:33:30 - [MESSAGE][PASSED] - Verify response status code successfully

2022-11-28 17:33:30 - [TEST_STEP][PASSED] - response = req_data.getResponseText(): null

2022-11-28 17:33:30 - [TEST_STEP][PASSED] - logInfo($response): {"status":"Done","data":{"requestid1":"257102","requestid2":"257103"}}

2022-11-28 17:33:30 - [MESSAGE][INFO] - {"status":"Done","data":{"requestid1":"257102","requestid2":"257103"}}

2022-11-28 17:33:30 - [TEST_STEP][PASSED] - delay(5): Delayed 5 second(s)

2022-11-28 17:33:35 - [MESSAGE][PASSED] - Delayed 5 second(s)

2022-11-28 17:33:35 - [TEST_STEP][PASSED] - scoring = sendRequest(findTestObject("EngineScore", ["response_searchME_kons":response_searchME_kons, "response_searchME_spouse":response_searchME_spouse])): Send request successfully

2022-11-28 17:33:35 - [MESSAGE][INFO] - HAR: D:\DMS\Engine Scoring\Reports\20221128_172748\Exclude KKB - DS - Married\Scoring Married - KKB\20221128_172749\requests\main\95.har

2022-11-28 17:33:35 - [MESSAGE][PASSED] - Send request successfully

2022-11-28 17:33:35 - [TEST_STEP][PASSED] - verifyResponseStatusCode(scoring, 200): Verify response status code successfully

2022-11-28 17:33:35 - [MESSAGE][PASSED] - Verify response status code successfully

2022-11-28 17:33:35 - [TEST_STEP][PASSED] - response2 = scoring.getResponseText(): null

2022-11-28 17:33:35 - [TEST_STEP][PASSED] - markPassed("result service data ke : " + no): result service data ke : 48

2022-11-28 17:33:35 - [MESSAGE][PASSED] - result service data ke : 48

2022-11-28 17:33:35 - [TEST_STEP][PASSED] - logInfo($response2): {"result_konsumen":"Reguler","result_pasangan":"Reguler","Final_result":"Reguler","errorMessage":"","status":"Done"}

2022-11-28 17:33:35 - [MESSAGE][INFO] - {"result_konsumen":"Reguler","result_pasangan":"Reguler","Final_result":"Reguler","errorMessage":"","status":"Done"}

2022-11-28 17:33:35 - [TEST_STEP][PASSED] - verifyElementPropertyValue(scoring, "Final_result", final_result): Verify element property value successfully

2022-11-28 17:33:35 - [MESSAGE][PASSED] - Verify element property value successfully]]></system-out>
         <system-err><![CDATA[]]></system-err>
      </testcase>
      <testcase name="Test Cases/Engine_Scoring/Engine Scoring" time="6.597" classname="Test Cases/Engine_Scoring/Engine Scoring" status="PASSED">
         <system-out><![CDATA[2022-11-28 17:33:35 - [TEST_CASE][PASSED] - Test Cases/Engine_Scoring/Engine Scoring: Test Cases/Engine_Scoring/Engine Scoring

2022-11-28 17:33:35 - [TEST_STEP][PASSED] - markPassed("Variasi data ke : " + no): Variasi data ke : 49

2022-11-28 17:33:35 - [MESSAGE][PASSED] - Variasi data ke : 49

2022-11-28 17:33:35 - [TEST_STEP][PASSED] - req_data = sendRequest(findTestObject("Search_ME", ["MID":MID, "source":source, "ip":ip, "userid":userid, "branch":branch, "tipekons":tipekons, "marital":marital, "penjamin":penjamin, ... ])): Send request successfully

2022-11-28 17:33:36 - [MESSAGE][INFO] - HAR: D:\DMS\Engine Scoring\Reports\20221128_172748\Exclude KKB - DS - Married\Scoring Married - KKB\20221128_172749\requests\main\96.har

2022-11-28 17:33:36 - [MESSAGE][PASSED] - Send request successfully

2022-11-28 17:33:36 - [TEST_STEP][PASSED] - slurper = new groovy.json.JsonSlurper(): null

2022-11-28 17:33:36 - [TEST_STEP][PASSED] - result = slurper.parseText(req_data.getResponseBodyContent()): null

2022-11-28 17:33:36 - [TEST_STEP][PASSED] - reqid_kons = requestid1: null

2022-11-28 17:33:36 - [TEST_STEP][PASSED] - reqid_spouse = requestid2: null

2022-11-28 17:33:36 - [TEST_STEP][PASSED] - println("requestid kons : " + reqid_kons): null

2022-11-28 17:33:36 - [TEST_STEP][PASSED] - response_searchME_kons = reqid_kons: null

2022-11-28 17:33:36 - [TEST_STEP][PASSED] - response_searchME_spouse = reqid_spouse: null

2022-11-28 17:33:36 - [TEST_STEP][PASSED] - println("kons req id is :" + response_searchME_kons): null

2022-11-28 17:33:36 - [TEST_STEP][PASSED] - println("spouse req id is : " + response_searchME_spouse): null

2022-11-28 17:33:36 - [TEST_STEP][PASSED] - verifyResponseStatusCode(req_data, 200): Verify response status code successfully

2022-11-28 17:33:36 - [MESSAGE][PASSED] - Verify response status code successfully

2022-11-28 17:33:36 - [TEST_STEP][PASSED] - response = req_data.getResponseText(): null

2022-11-28 17:33:36 - [TEST_STEP][PASSED] - logInfo($response): {"status":"Done","data":{"requestid1":"257104","requestid2":"257105"}}

2022-11-28 17:33:36 - [MESSAGE][INFO] - {"status":"Done","data":{"requestid1":"257104","requestid2":"257105"}}

2022-11-28 17:33:36 - [TEST_STEP][PASSED] - delay(5): Delayed 5 second(s)

2022-11-28 17:33:41 - [MESSAGE][PASSED] - Delayed 5 second(s)

2022-11-28 17:33:41 - [TEST_STEP][PASSED] - scoring = sendRequest(findTestObject("EngineScore", ["response_searchME_kons":response_searchME_kons, "response_searchME_spouse":response_searchME_spouse])): Send request successfully

2022-11-28 17:33:41 - [MESSAGE][INFO] - HAR: D:\DMS\Engine Scoring\Reports\20221128_172748\Exclude KKB - DS - Married\Scoring Married - KKB\20221128_172749\requests\main\97.har

2022-11-28 17:33:41 - [MESSAGE][PASSED] - Send request successfully

2022-11-28 17:33:41 - [TEST_STEP][PASSED] - verifyResponseStatusCode(scoring, 200): Verify response status code successfully

2022-11-28 17:33:41 - [MESSAGE][PASSED] - Verify response status code successfully

2022-11-28 17:33:41 - [TEST_STEP][PASSED] - response2 = scoring.getResponseText(): null

2022-11-28 17:33:41 - [TEST_STEP][PASSED] - markPassed("result service data ke : " + no): result service data ke : 49

2022-11-28 17:33:41 - [MESSAGE][PASSED] - result service data ke : 49

2022-11-28 17:33:41 - [TEST_STEP][PASSED] - logInfo($response2): {"result_konsumen":"Reguler","result_pasangan":"Reject","Final_result":"Reject","errorMessage":"","status":"Done"}

2022-11-28 17:33:41 - [MESSAGE][INFO] - {"result_konsumen":"Reguler","result_pasangan":"Reject","Final_result":"Reject","errorMessage":"","status":"Done"}

2022-11-28 17:33:41 - [TEST_STEP][PASSED] - verifyElementPropertyValue(scoring, "Final_result", final_result): Verify element property value successfully

2022-11-28 17:33:41 - [MESSAGE][PASSED] - Verify element property value successfully]]></system-out>
         <system-err><![CDATA[]]></system-err>
      </testcase>
      <testcase name="Test Cases/Engine_Scoring/Engine Scoring" time="6.849" classname="Test Cases/Engine_Scoring/Engine Scoring" status="PASSED">
         <system-out><![CDATA[2022-11-28 17:33:41 - [TEST_CASE][PASSED] - Test Cases/Engine_Scoring/Engine Scoring: Test Cases/Engine_Scoring/Engine Scoring

2022-11-28 17:33:42 - [TEST_STEP][PASSED] - markPassed("Variasi data ke : " + no): Variasi data ke : 50

2022-11-28 17:33:42 - [MESSAGE][PASSED] - Variasi data ke : 50

2022-11-28 17:33:42 - [TEST_STEP][PASSED] - req_data = sendRequest(findTestObject("Search_ME", ["MID":MID, "source":source, "ip":ip, "userid":userid, "branch":branch, "tipekons":tipekons, "marital":marital, "penjamin":penjamin, ... ])): Send request successfully

2022-11-28 17:33:43 - [MESSAGE][INFO] - HAR: D:\DMS\Engine Scoring\Reports\20221128_172748\Exclude KKB - DS - Married\Scoring Married - KKB\20221128_172749\requests\main\98.har

2022-11-28 17:33:43 - [MESSAGE][PASSED] - Send request successfully

2022-11-28 17:33:43 - [TEST_STEP][PASSED] - slurper = new groovy.json.JsonSlurper(): null

2022-11-28 17:33:43 - [TEST_STEP][PASSED] - result = slurper.parseText(req_data.getResponseBodyContent()): null

2022-11-28 17:33:43 - [TEST_STEP][PASSED] - reqid_kons = requestid1: null

2022-11-28 17:33:43 - [TEST_STEP][PASSED] - reqid_spouse = requestid2: null

2022-11-28 17:33:43 - [TEST_STEP][PASSED] - println("requestid kons : " + reqid_kons): null

2022-11-28 17:33:43 - [TEST_STEP][PASSED] - response_searchME_kons = reqid_kons: null

2022-11-28 17:33:43 - [TEST_STEP][PASSED] - response_searchME_spouse = reqid_spouse: null

2022-11-28 17:33:43 - [TEST_STEP][PASSED] - println("kons req id is :" + response_searchME_kons): null

2022-11-28 17:33:43 - [TEST_STEP][PASSED] - println("spouse req id is : " + response_searchME_spouse): null

2022-11-28 17:33:43 - [TEST_STEP][PASSED] - verifyResponseStatusCode(req_data, 200): Verify response status code successfully

2022-11-28 17:33:43 - [MESSAGE][PASSED] - Verify response status code successfully

2022-11-28 17:33:43 - [TEST_STEP][PASSED] - response = req_data.getResponseText(): null

2022-11-28 17:33:43 - [TEST_STEP][PASSED] - logInfo($response): {"status":"Done","data":{"requestid1":"257106","requestid2":"257107"}}

2022-11-28 17:33:43 - [MESSAGE][INFO] - {"status":"Done","data":{"requestid1":"257106","requestid2":"257107"}}

2022-11-28 17:33:43 - [TEST_STEP][PASSED] - delay(5): Delayed 5 second(s)

2022-11-28 17:33:48 - [MESSAGE][PASSED] - Delayed 5 second(s)

2022-11-28 17:33:48 - [TEST_STEP][PASSED] - scoring = sendRequest(findTestObject("EngineScore", ["response_searchME_kons":response_searchME_kons, "response_searchME_spouse":response_searchME_spouse])): Send request successfully

2022-11-28 17:33:48 - [MESSAGE][INFO] - HAR: D:\DMS\Engine Scoring\Reports\20221128_172748\Exclude KKB - DS - Married\Scoring Married - KKB\20221128_172749\requests\main\99.har

2022-11-28 17:33:48 - [MESSAGE][PASSED] - Send request successfully

2022-11-28 17:33:48 - [TEST_STEP][PASSED] - verifyResponseStatusCode(scoring, 200): Verify response status code successfully

2022-11-28 17:33:48 - [MESSAGE][PASSED] - Verify response status code successfully

2022-11-28 17:33:48 - [TEST_STEP][PASSED] - response2 = scoring.getResponseText(): null

2022-11-28 17:33:48 - [TEST_STEP][PASSED] - markPassed("result service data ke : " + no): result service data ke : 50

2022-11-28 17:33:48 - [MESSAGE][PASSED] - result service data ke : 50

2022-11-28 17:33:48 - [TEST_STEP][PASSED] - logInfo($response2): {"result_konsumen":"Reguler","result_pasangan":"Reject","Final_result":"Reject","errorMessage":"","status":"Done"}

2022-11-28 17:33:48 - [MESSAGE][INFO] - {"result_konsumen":"Reguler","result_pasangan":"Reject","Final_result":"Reject","errorMessage":"","status":"Done"}

2022-11-28 17:33:48 - [TEST_STEP][PASSED] - verifyElementPropertyValue(scoring, "Final_result", final_result): Verify element property value successfully

2022-11-28 17:33:48 - [MESSAGE][PASSED] - Verify element property value successfully]]></system-out>
         <system-err><![CDATA[]]></system-err>
      </testcase>
      <testcase name="Test Cases/Engine_Scoring/Engine Scoring" time="6.724" classname="Test Cases/Engine_Scoring/Engine Scoring" status="PASSED">
         <system-out><![CDATA[2022-11-28 17:33:48 - [TEST_CASE][PASSED] - Test Cases/Engine_Scoring/Engine Scoring: Test Cases/Engine_Scoring/Engine Scoring

2022-11-28 17:33:49 - [TEST_STEP][PASSED] - markPassed("Variasi data ke : " + no): Variasi data ke : 51

2022-11-28 17:33:49 - [MESSAGE][PASSED] - Variasi data ke : 51

2022-11-28 17:33:49 - [TEST_STEP][PASSED] - req_data = sendRequest(findTestObject("Search_ME", ["MID":MID, "source":source, "ip":ip, "userid":userid, "branch":branch, "tipekons":tipekons, "marital":marital, "penjamin":penjamin, ... ])): Send request successfully

2022-11-28 17:33:50 - [MESSAGE][INFO] - HAR: D:\DMS\Engine Scoring\Reports\20221128_172748\Exclude KKB - DS - Married\Scoring Married - KKB\20221128_172749\requests\main\100.har

2022-11-28 17:33:50 - [MESSAGE][PASSED] - Send request successfully

2022-11-28 17:33:50 - [TEST_STEP][PASSED] - slurper = new groovy.json.JsonSlurper(): null

2022-11-28 17:33:50 - [TEST_STEP][PASSED] - result = slurper.parseText(req_data.getResponseBodyContent()): null

2022-11-28 17:33:50 - [TEST_STEP][PASSED] - reqid_kons = requestid1: null

2022-11-28 17:33:50 - [TEST_STEP][PASSED] - reqid_spouse = requestid2: null

2022-11-28 17:33:50 - [TEST_STEP][PASSED] - println("requestid kons : " + reqid_kons): null

2022-11-28 17:33:50 - [TEST_STEP][PASSED] - response_searchME_kons = reqid_kons: null

2022-11-28 17:33:50 - [TEST_STEP][PASSED] - response_searchME_spouse = reqid_spouse: null

2022-11-28 17:33:50 - [TEST_STEP][PASSED] - println("kons req id is :" + response_searchME_kons): null

2022-11-28 17:33:50 - [TEST_STEP][PASSED] - println("spouse req id is : " + response_searchME_spouse): null

2022-11-28 17:33:50 - [TEST_STEP][PASSED] - verifyResponseStatusCode(req_data, 200): Verify response status code successfully

2022-11-28 17:33:50 - [MESSAGE][PASSED] - Verify response status code successfully

2022-11-28 17:33:50 - [TEST_STEP][PASSED] - response = req_data.getResponseText(): null

2022-11-28 17:33:50 - [TEST_STEP][PASSED] - logInfo($response): {"status":"Done","data":{"requestid1":"257108","requestid2":"257109"}}

2022-11-28 17:33:50 - [MESSAGE][INFO] - {"status":"Done","data":{"requestid1":"257108","requestid2":"257109"}}

2022-11-28 17:33:50 - [TEST_STEP][PASSED] - delay(5): Delayed 5 second(s)

2022-11-28 17:33:55 - [MESSAGE][PASSED] - Delayed 5 second(s)

2022-11-28 17:33:55 - [TEST_STEP][PASSED] - scoring = sendRequest(findTestObject("EngineScore", ["response_searchME_kons":response_searchME_kons, "response_searchME_spouse":response_searchME_spouse])): Send request successfully

2022-11-28 17:33:55 - [MESSAGE][INFO] - HAR: D:\DMS\Engine Scoring\Reports\20221128_172748\Exclude KKB - DS - Married\Scoring Married - KKB\20221128_172749\requests\main\101.har

2022-11-28 17:33:55 - [MESSAGE][PASSED] - Send request successfully

2022-11-28 17:33:55 - [TEST_STEP][PASSED] - verifyResponseStatusCode(scoring, 200): Verify response status code successfully

2022-11-28 17:33:55 - [MESSAGE][PASSED] - Verify response status code successfully

2022-11-28 17:33:55 - [TEST_STEP][PASSED] - response2 = scoring.getResponseText(): null

2022-11-28 17:33:55 - [TEST_STEP][PASSED] - markPassed("result service data ke : " + no): result service data ke : 51

2022-11-28 17:33:55 - [MESSAGE][PASSED] - result service data ke : 51

2022-11-28 17:33:55 - [TEST_STEP][PASSED] - logInfo($response2): {"result_konsumen":"Reguler","result_pasangan":"Reject","Final_result":"Reject","errorMessage":"","status":"Done"}

2022-11-28 17:33:55 - [MESSAGE][INFO] - {"result_konsumen":"Reguler","result_pasangan":"Reject","Final_result":"Reject","errorMessage":"","status":"Done"}

2022-11-28 17:33:55 - [TEST_STEP][PASSED] - verifyElementPropertyValue(scoring, "Final_result", final_result): Verify element property value successfully

2022-11-28 17:33:55 - [MESSAGE][PASSED] - Verify element property value successfully]]></system-out>
         <system-err><![CDATA[]]></system-err>
      </testcase>
      <testcase name="Test Cases/Engine_Scoring/Engine Scoring" time="6.76" classname="Test Cases/Engine_Scoring/Engine Scoring" status="PASSED">
         <system-out><![CDATA[2022-11-28 17:33:55 - [TEST_CASE][PASSED] - Test Cases/Engine_Scoring/Engine Scoring: Test Cases/Engine_Scoring/Engine Scoring

2022-11-28 17:33:56 - [TEST_STEP][PASSED] - markPassed("Variasi data ke : " + no): Variasi data ke : 52

2022-11-28 17:33:56 - [MESSAGE][PASSED] - Variasi data ke : 52

2022-11-28 17:33:56 - [TEST_STEP][PASSED] - req_data = sendRequest(findTestObject("Search_ME", ["MID":MID, "source":source, "ip":ip, "userid":userid, "branch":branch, "tipekons":tipekons, "marital":marital, "penjamin":penjamin, ... ])): Send request successfully

2022-11-28 17:33:57 - [MESSAGE][INFO] - HAR: D:\DMS\Engine Scoring\Reports\20221128_172748\Exclude KKB - DS - Married\Scoring Married - KKB\20221128_172749\requests\main\102.har

2022-11-28 17:33:57 - [MESSAGE][PASSED] - Send request successfully

2022-11-28 17:33:57 - [TEST_STEP][PASSED] - slurper = new groovy.json.JsonSlurper(): null

2022-11-28 17:33:57 - [TEST_STEP][PASSED] - result = slurper.parseText(req_data.getResponseBodyContent()): null

2022-11-28 17:33:57 - [TEST_STEP][PASSED] - reqid_kons = requestid1: null

2022-11-28 17:33:57 - [TEST_STEP][PASSED] - reqid_spouse = requestid2: null

2022-11-28 17:33:57 - [TEST_STEP][PASSED] - println("requestid kons : " + reqid_kons): null

2022-11-28 17:33:57 - [TEST_STEP][PASSED] - response_searchME_kons = reqid_kons: null

2022-11-28 17:33:57 - [TEST_STEP][PASSED] - response_searchME_spouse = reqid_spouse: null

2022-11-28 17:33:57 - [TEST_STEP][PASSED] - println("kons req id is :" + response_searchME_kons): null

2022-11-28 17:33:57 - [TEST_STEP][PASSED] - println("spouse req id is : " + response_searchME_spouse): null

2022-11-28 17:33:57 - [TEST_STEP][PASSED] - verifyResponseStatusCode(req_data, 200): Verify response status code successfully

2022-11-28 17:33:57 - [MESSAGE][PASSED] - Verify response status code successfully

2022-11-28 17:33:57 - [TEST_STEP][PASSED] - response = req_data.getResponseText(): null

2022-11-28 17:33:57 - [TEST_STEP][PASSED] - logInfo($response): {"status":"Done","data":{"requestid1":"257110","requestid2":"257111"}}

2022-11-28 17:33:57 - [MESSAGE][INFO] - {"status":"Done","data":{"requestid1":"257110","requestid2":"257111"}}

2022-11-28 17:33:57 - [TEST_STEP][PASSED] - delay(5): Delayed 5 second(s)

2022-11-28 17:34:02 - [MESSAGE][PASSED] - Delayed 5 second(s)

2022-11-28 17:34:02 - [TEST_STEP][PASSED] - scoring = sendRequest(findTestObject("EngineScore", ["response_searchME_kons":response_searchME_kons, "response_searchME_spouse":response_searchME_spouse])): Send request successfully

2022-11-28 17:34:02 - [MESSAGE][INFO] - HAR: D:\DMS\Engine Scoring\Reports\20221128_172748\Exclude KKB - DS - Married\Scoring Married - KKB\20221128_172749\requests\main\103.har

2022-11-28 17:34:02 - [MESSAGE][PASSED] - Send request successfully

2022-11-28 17:34:02 - [TEST_STEP][PASSED] - verifyResponseStatusCode(scoring, 200): Verify response status code successfully

2022-11-28 17:34:02 - [MESSAGE][PASSED] - Verify response status code successfully

2022-11-28 17:34:02 - [TEST_STEP][PASSED] - response2 = scoring.getResponseText(): null

2022-11-28 17:34:02 - [TEST_STEP][PASSED] - markPassed("result service data ke : " + no): result service data ke : 52

2022-11-28 17:34:02 - [MESSAGE][PASSED] - result service data ke : 52

2022-11-28 17:34:02 - [TEST_STEP][PASSED] - logInfo($response2): {"result_konsumen":"Reguler","result_pasangan":"Reject","Final_result":"Reject","errorMessage":"","status":"Done"}

2022-11-28 17:34:02 - [MESSAGE][INFO] - {"result_konsumen":"Reguler","result_pasangan":"Reject","Final_result":"Reject","errorMessage":"","status":"Done"}

2022-11-28 17:34:02 - [TEST_STEP][PASSED] - verifyElementPropertyValue(scoring, "Final_result", final_result): Verify element property value successfully

2022-11-28 17:34:02 - [MESSAGE][PASSED] - Verify element property value successfully]]></system-out>
         <system-err><![CDATA[]]></system-err>
      </testcase>
      <testcase name="Test Cases/Engine_Scoring/Engine Scoring" time="6.701" classname="Test Cases/Engine_Scoring/Engine Scoring" status="PASSED">
         <system-out><![CDATA[2022-11-28 17:34:02 - [TEST_CASE][PASSED] - Test Cases/Engine_Scoring/Engine Scoring: Test Cases/Engine_Scoring/Engine Scoring

2022-11-28 17:34:03 - [TEST_STEP][PASSED] - markPassed("Variasi data ke : " + no): Variasi data ke : 53

2022-11-28 17:34:03 - [MESSAGE][PASSED] - Variasi data ke : 53

2022-11-28 17:34:03 - [TEST_STEP][PASSED] - req_data = sendRequest(findTestObject("Search_ME", ["MID":MID, "source":source, "ip":ip, "userid":userid, "branch":branch, "tipekons":tipekons, "marital":marital, "penjamin":penjamin, ... ])): Send request successfully

2022-11-28 17:34:04 - [MESSAGE][INFO] - HAR: D:\DMS\Engine Scoring\Reports\20221128_172748\Exclude KKB - DS - Married\Scoring Married - KKB\20221128_172749\requests\main\104.har

2022-11-28 17:34:04 - [MESSAGE][PASSED] - Send request successfully

2022-11-28 17:34:04 - [TEST_STEP][PASSED] - slurper = new groovy.json.JsonSlurper(): null

2022-11-28 17:34:04 - [TEST_STEP][PASSED] - result = slurper.parseText(req_data.getResponseBodyContent()): null

2022-11-28 17:34:04 - [TEST_STEP][PASSED] - reqid_kons = requestid1: null

2022-11-28 17:34:04 - [TEST_STEP][PASSED] - reqid_spouse = requestid2: null

2022-11-28 17:34:04 - [TEST_STEP][PASSED] - println("requestid kons : " + reqid_kons): null

2022-11-28 17:34:04 - [TEST_STEP][PASSED] - response_searchME_kons = reqid_kons: null

2022-11-28 17:34:04 - [TEST_STEP][PASSED] - response_searchME_spouse = reqid_spouse: null

2022-11-28 17:34:04 - [TEST_STEP][PASSED] - println("kons req id is :" + response_searchME_kons): null

2022-11-28 17:34:04 - [TEST_STEP][PASSED] - println("spouse req id is : " + response_searchME_spouse): null

2022-11-28 17:34:04 - [TEST_STEP][PASSED] - verifyResponseStatusCode(req_data, 200): Verify response status code successfully

2022-11-28 17:34:04 - [MESSAGE][PASSED] - Verify response status code successfully

2022-11-28 17:34:04 - [TEST_STEP][PASSED] - response = req_data.getResponseText(): null

2022-11-28 17:34:04 - [TEST_STEP][PASSED] - logInfo($response): {"status":"Done","data":{"requestid1":"257112","requestid2":"257113"}}

2022-11-28 17:34:04 - [MESSAGE][INFO] - {"status":"Done","data":{"requestid1":"257112","requestid2":"257113"}}

2022-11-28 17:34:04 - [TEST_STEP][PASSED] - delay(5): Delayed 5 second(s)

2022-11-28 17:34:09 - [MESSAGE][PASSED] - Delayed 5 second(s)

2022-11-28 17:34:09 - [TEST_STEP][PASSED] - scoring = sendRequest(findTestObject("EngineScore", ["response_searchME_kons":response_searchME_kons, "response_searchME_spouse":response_searchME_spouse])): Send request successfully

2022-11-28 17:34:09 - [MESSAGE][INFO] - HAR: D:\DMS\Engine Scoring\Reports\20221128_172748\Exclude KKB - DS - Married\Scoring Married - KKB\20221128_172749\requests\main\105.har

2022-11-28 17:34:09 - [MESSAGE][PASSED] - Send request successfully

2022-11-28 17:34:09 - [TEST_STEP][PASSED] - verifyResponseStatusCode(scoring, 200): Verify response status code successfully

2022-11-28 17:34:09 - [MESSAGE][PASSED] - Verify response status code successfully

2022-11-28 17:34:09 - [TEST_STEP][PASSED] - response2 = scoring.getResponseText(): null

2022-11-28 17:34:09 - [TEST_STEP][PASSED] - markPassed("result service data ke : " + no): result service data ke : 53

2022-11-28 17:34:09 - [MESSAGE][PASSED] - result service data ke : 53

2022-11-28 17:34:09 - [TEST_STEP][PASSED] - logInfo($response2): {"result_konsumen":"Reguler","result_pasangan":"Reject","Final_result":"Reject","errorMessage":"","status":"Done"}

2022-11-28 17:34:09 - [MESSAGE][INFO] - {"result_konsumen":"Reguler","result_pasangan":"Reject","Final_result":"Reject","errorMessage":"","status":"Done"}

2022-11-28 17:34:09 - [TEST_STEP][PASSED] - verifyElementPropertyValue(scoring, "Final_result", final_result): Verify element property value successfully

2022-11-28 17:34:09 - [MESSAGE][PASSED] - Verify element property value successfully]]></system-out>
         <system-err><![CDATA[]]></system-err>
      </testcase>
      <testcase name="Test Cases/Engine_Scoring/Engine Scoring" time="6.591" classname="Test Cases/Engine_Scoring/Engine Scoring" status="PASSED">
         <system-out><![CDATA[2022-11-28 17:34:09 - [TEST_CASE][PASSED] - Test Cases/Engine_Scoring/Engine Scoring: Test Cases/Engine_Scoring/Engine Scoring

2022-11-28 17:34:09 - [TEST_STEP][PASSED] - markPassed("Variasi data ke : " + no): Variasi data ke : 54

2022-11-28 17:34:09 - [MESSAGE][PASSED] - Variasi data ke : 54

2022-11-28 17:34:09 - [TEST_STEP][PASSED] - req_data = sendRequest(findTestObject("Search_ME", ["MID":MID, "source":source, "ip":ip, "userid":userid, "branch":branch, "tipekons":tipekons, "marital":marital, "penjamin":penjamin, ... ])): Send request successfully

2022-11-28 17:34:10 - [MESSAGE][INFO] - HAR: D:\DMS\Engine Scoring\Reports\20221128_172748\Exclude KKB - DS - Married\Scoring Married - KKB\20221128_172749\requests\main\106.har

2022-11-28 17:34:10 - [MESSAGE][PASSED] - Send request successfully

2022-11-28 17:34:10 - [TEST_STEP][PASSED] - slurper = new groovy.json.JsonSlurper(): null

2022-11-28 17:34:10 - [TEST_STEP][PASSED] - result = slurper.parseText(req_data.getResponseBodyContent()): null

2022-11-28 17:34:10 - [TEST_STEP][PASSED] - reqid_kons = requestid1: null

2022-11-28 17:34:10 - [TEST_STEP][PASSED] - reqid_spouse = requestid2: null

2022-11-28 17:34:10 - [TEST_STEP][PASSED] - println("requestid kons : " + reqid_kons): null

2022-11-28 17:34:10 - [TEST_STEP][PASSED] - response_searchME_kons = reqid_kons: null

2022-11-28 17:34:10 - [TEST_STEP][PASSED] - response_searchME_spouse = reqid_spouse: null

2022-11-28 17:34:10 - [TEST_STEP][PASSED] - println("kons req id is :" + response_searchME_kons): null

2022-11-28 17:34:10 - [TEST_STEP][PASSED] - println("spouse req id is : " + response_searchME_spouse): null

2022-11-28 17:34:10 - [TEST_STEP][PASSED] - verifyResponseStatusCode(req_data, 200): Verify response status code successfully

2022-11-28 17:34:10 - [MESSAGE][PASSED] - Verify response status code successfully

2022-11-28 17:34:10 - [TEST_STEP][PASSED] - response = req_data.getResponseText(): null

2022-11-28 17:34:10 - [TEST_STEP][PASSED] - logInfo($response): {"status":"Done","data":{"requestid1":"257114","requestid2":"257115"}}

2022-11-28 17:34:10 - [MESSAGE][INFO] - {"status":"Done","data":{"requestid1":"257114","requestid2":"257115"}}

2022-11-28 17:34:10 - [TEST_STEP][PASSED] - delay(5): Delayed 5 second(s)

2022-11-28 17:34:15 - [MESSAGE][PASSED] - Delayed 5 second(s)

2022-11-28 17:34:15 - [TEST_STEP][PASSED] - scoring = sendRequest(findTestObject("EngineScore", ["response_searchME_kons":response_searchME_kons, "response_searchME_spouse":response_searchME_spouse])): Send request successfully

2022-11-28 17:34:15 - [MESSAGE][INFO] - HAR: D:\DMS\Engine Scoring\Reports\20221128_172748\Exclude KKB - DS - Married\Scoring Married - KKB\20221128_172749\requests\main\107.har

2022-11-28 17:34:15 - [MESSAGE][PASSED] - Send request successfully

2022-11-28 17:34:15 - [TEST_STEP][PASSED] - verifyResponseStatusCode(scoring, 200): Verify response status code successfully

2022-11-28 17:34:15 - [MESSAGE][PASSED] - Verify response status code successfully

2022-11-28 17:34:15 - [TEST_STEP][PASSED] - response2 = scoring.getResponseText(): null

2022-11-28 17:34:15 - [TEST_STEP][PASSED] - markPassed("result service data ke : " + no): result service data ke : 54

2022-11-28 17:34:15 - [MESSAGE][PASSED] - result service data ke : 54

2022-11-28 17:34:15 - [TEST_STEP][PASSED] - logInfo($response2): {"result_konsumen":"Reguler","result_pasangan":"Reject","Final_result":"Reject","errorMessage":"","status":"Done"}

2022-11-28 17:34:15 - [MESSAGE][INFO] - {"result_konsumen":"Reguler","result_pasangan":"Reject","Final_result":"Reject","errorMessage":"","status":"Done"}

2022-11-28 17:34:15 - [TEST_STEP][PASSED] - verifyElementPropertyValue(scoring, "Final_result", final_result): Verify element property value successfully

2022-11-28 17:34:15 - [MESSAGE][PASSED] - Verify element property value successfully]]></system-out>
         <system-err><![CDATA[]]></system-err>
      </testcase>
      <testcase name="Test Cases/Engine_Scoring/Engine Scoring" time="6.694" classname="Test Cases/Engine_Scoring/Engine Scoring" status="PASSED">
         <system-out><![CDATA[2022-11-28 17:34:15 - [TEST_CASE][PASSED] - Test Cases/Engine_Scoring/Engine Scoring: Test Cases/Engine_Scoring/Engine Scoring

2022-11-28 17:34:16 - [TEST_STEP][PASSED] - markPassed("Variasi data ke : " + no): Variasi data ke : 55

2022-11-28 17:34:16 - [MESSAGE][PASSED] - Variasi data ke : 55

2022-11-28 17:34:16 - [TEST_STEP][PASSED] - req_data = sendRequest(findTestObject("Search_ME", ["MID":MID, "source":source, "ip":ip, "userid":userid, "branch":branch, "tipekons":tipekons, "marital":marital, "penjamin":penjamin, ... ])): Send request successfully

2022-11-28 17:34:17 - [MESSAGE][INFO] - HAR: D:\DMS\Engine Scoring\Reports\20221128_172748\Exclude KKB - DS - Married\Scoring Married - KKB\20221128_172749\requests\main\108.har

2022-11-28 17:34:17 - [MESSAGE][PASSED] - Send request successfully

2022-11-28 17:34:17 - [TEST_STEP][PASSED] - slurper = new groovy.json.JsonSlurper(): null

2022-11-28 17:34:17 - [TEST_STEP][PASSED] - result = slurper.parseText(req_data.getResponseBodyContent()): null

2022-11-28 17:34:17 - [TEST_STEP][PASSED] - reqid_kons = requestid1: null

2022-11-28 17:34:17 - [TEST_STEP][PASSED] - reqid_spouse = requestid2: null

2022-11-28 17:34:17 - [TEST_STEP][PASSED] - println("requestid kons : " + reqid_kons): null

2022-11-28 17:34:17 - [TEST_STEP][PASSED] - response_searchME_kons = reqid_kons: null

2022-11-28 17:34:17 - [TEST_STEP][PASSED] - response_searchME_spouse = reqid_spouse: null

2022-11-28 17:34:17 - [TEST_STEP][PASSED] - println("kons req id is :" + response_searchME_kons): null

2022-11-28 17:34:17 - [TEST_STEP][PASSED] - println("spouse req id is : " + response_searchME_spouse): null

2022-11-28 17:34:17 - [TEST_STEP][PASSED] - verifyResponseStatusCode(req_data, 200): Verify response status code successfully

2022-11-28 17:34:17 - [MESSAGE][PASSED] - Verify response status code successfully

2022-11-28 17:34:17 - [TEST_STEP][PASSED] - response = req_data.getResponseText(): null

2022-11-28 17:34:17 - [TEST_STEP][PASSED] - logInfo($response): {"status":"Done","data":{"requestid1":"257116","requestid2":"257117"}}

2022-11-28 17:34:17 - [MESSAGE][INFO] - {"status":"Done","data":{"requestid1":"257116","requestid2":"257117"}}

2022-11-28 17:34:17 - [TEST_STEP][PASSED] - delay(5): Delayed 5 second(s)

2022-11-28 17:34:22 - [MESSAGE][PASSED] - Delayed 5 second(s)

2022-11-28 17:34:22 - [TEST_STEP][PASSED] - scoring = sendRequest(findTestObject("EngineScore", ["response_searchME_kons":response_searchME_kons, "response_searchME_spouse":response_searchME_spouse])): Send request successfully

2022-11-28 17:34:22 - [MESSAGE][INFO] - HAR: D:\DMS\Engine Scoring\Reports\20221128_172748\Exclude KKB - DS - Married\Scoring Married - KKB\20221128_172749\requests\main\109.har

2022-11-28 17:34:22 - [MESSAGE][PASSED] - Send request successfully

2022-11-28 17:34:22 - [TEST_STEP][PASSED] - verifyResponseStatusCode(scoring, 200): Verify response status code successfully

2022-11-28 17:34:22 - [MESSAGE][PASSED] - Verify response status code successfully

2022-11-28 17:34:22 - [TEST_STEP][PASSED] - response2 = scoring.getResponseText(): null

2022-11-28 17:34:22 - [TEST_STEP][PASSED] - markPassed("result service data ke : " + no): result service data ke : 55

2022-11-28 17:34:22 - [MESSAGE][PASSED] - result service data ke : 55

2022-11-28 17:34:22 - [TEST_STEP][PASSED] - logInfo($response2): {"result_konsumen":"Reguler","result_pasangan":"Reject","Final_result":"Reject","errorMessage":"","status":"Done"}

2022-11-28 17:34:22 - [MESSAGE][INFO] - {"result_konsumen":"Reguler","result_pasangan":"Reject","Final_result":"Reject","errorMessage":"","status":"Done"}

2022-11-28 17:34:22 - [TEST_STEP][PASSED] - verifyElementPropertyValue(scoring, "Final_result", final_result): Verify element property value successfully

2022-11-28 17:34:22 - [MESSAGE][PASSED] - Verify element property value successfully]]></system-out>
         <system-err><![CDATA[]]></system-err>
      </testcase>
      <testcase name="Test Cases/Engine_Scoring/Engine Scoring" time="6.614" classname="Test Cases/Engine_Scoring/Engine Scoring" status="PASSED">
         <system-out><![CDATA[2022-11-28 17:34:22 - [TEST_CASE][PASSED] - Test Cases/Engine_Scoring/Engine Scoring: Test Cases/Engine_Scoring/Engine Scoring

2022-11-28 17:34:23 - [TEST_STEP][PASSED] - markPassed("Variasi data ke : " + no): Variasi data ke : 56

2022-11-28 17:34:23 - [MESSAGE][PASSED] - Variasi data ke : 56

2022-11-28 17:34:23 - [TEST_STEP][PASSED] - req_data = sendRequest(findTestObject("Search_ME", ["MID":MID, "source":source, "ip":ip, "userid":userid, "branch":branch, "tipekons":tipekons, "marital":marital, "penjamin":penjamin, ... ])): Send request successfully

2022-11-28 17:34:24 - [MESSAGE][INFO] - HAR: D:\DMS\Engine Scoring\Reports\20221128_172748\Exclude KKB - DS - Married\Scoring Married - KKB\20221128_172749\requests\main\110.har

2022-11-28 17:34:24 - [MESSAGE][PASSED] - Send request successfully

2022-11-28 17:34:24 - [TEST_STEP][PASSED] - slurper = new groovy.json.JsonSlurper(): null

2022-11-28 17:34:24 - [TEST_STEP][PASSED] - result = slurper.parseText(req_data.getResponseBodyContent()): null

2022-11-28 17:34:24 - [TEST_STEP][PASSED] - reqid_kons = requestid1: null

2022-11-28 17:34:24 - [TEST_STEP][PASSED] - reqid_spouse = requestid2: null

2022-11-28 17:34:24 - [TEST_STEP][PASSED] - println("requestid kons : " + reqid_kons): null

2022-11-28 17:34:24 - [TEST_STEP][PASSED] - response_searchME_kons = reqid_kons: null

2022-11-28 17:34:24 - [TEST_STEP][PASSED] - response_searchME_spouse = reqid_spouse: null

2022-11-28 17:34:24 - [TEST_STEP][PASSED] - println("kons req id is :" + response_searchME_kons): null

2022-11-28 17:34:24 - [TEST_STEP][PASSED] - println("spouse req id is : " + response_searchME_spouse): null

2022-11-28 17:34:24 - [TEST_STEP][PASSED] - verifyResponseStatusCode(req_data, 200): Verify response status code successfully

2022-11-28 17:34:24 - [MESSAGE][PASSED] - Verify response status code successfully

2022-11-28 17:34:24 - [TEST_STEP][PASSED] - response = req_data.getResponseText(): null

2022-11-28 17:34:24 - [TEST_STEP][PASSED] - logInfo($response): {"status":"Done","data":{"requestid1":"257118","requestid2":"257119"}}

2022-11-28 17:34:24 - [MESSAGE][INFO] - {"status":"Done","data":{"requestid1":"257118","requestid2":"257119"}}

2022-11-28 17:34:24 - [TEST_STEP][PASSED] - delay(5): Delayed 5 second(s)

2022-11-28 17:34:29 - [MESSAGE][PASSED] - Delayed 5 second(s)

2022-11-28 17:34:29 - [TEST_STEP][PASSED] - scoring = sendRequest(findTestObject("EngineScore", ["response_searchME_kons":response_searchME_kons, "response_searchME_spouse":response_searchME_spouse])): Send request successfully

2022-11-28 17:34:29 - [MESSAGE][INFO] - HAR: D:\DMS\Engine Scoring\Reports\20221128_172748\Exclude KKB - DS - Married\Scoring Married - KKB\20221128_172749\requests\main\111.har

2022-11-28 17:34:29 - [MESSAGE][PASSED] - Send request successfully

2022-11-28 17:34:29 - [TEST_STEP][PASSED] - verifyResponseStatusCode(scoring, 200): Verify response status code successfully

2022-11-28 17:34:29 - [MESSAGE][PASSED] - Verify response status code successfully

2022-11-28 17:34:29 - [TEST_STEP][PASSED] - response2 = scoring.getResponseText(): null

2022-11-28 17:34:29 - [TEST_STEP][PASSED] - markPassed("result service data ke : " + no): result service data ke : 56

2022-11-28 17:34:29 - [MESSAGE][PASSED] - result service data ke : 56

2022-11-28 17:34:29 - [TEST_STEP][PASSED] - logInfo($response2): {"result_konsumen":"Reguler","result_pasangan":"Reject","Final_result":"Reject","errorMessage":"","status":"Done"}

2022-11-28 17:34:29 - [MESSAGE][INFO] - {"result_konsumen":"Reguler","result_pasangan":"Reject","Final_result":"Reject","errorMessage":"","status":"Done"}

2022-11-28 17:34:29 - [TEST_STEP][PASSED] - verifyElementPropertyValue(scoring, "Final_result", final_result): Verify element property value successfully

2022-11-28 17:34:29 - [MESSAGE][PASSED] - Verify element property value successfully]]></system-out>
         <system-err><![CDATA[]]></system-err>
      </testcase>
      <testcase name="Test Cases/Engine_Scoring/Engine Scoring" time="6.663" classname="Test Cases/Engine_Scoring/Engine Scoring" status="PASSED">
         <system-out><![CDATA[2022-11-28 17:34:29 - [TEST_CASE][PASSED] - Test Cases/Engine_Scoring/Engine Scoring: Test Cases/Engine_Scoring/Engine Scoring

2022-11-28 17:34:30 - [TEST_STEP][PASSED] - markPassed("Variasi data ke : " + no): Variasi data ke : 57

2022-11-28 17:34:30 - [MESSAGE][PASSED] - Variasi data ke : 57

2022-11-28 17:34:30 - [TEST_STEP][PASSED] - req_data = sendRequest(findTestObject("Search_ME", ["MID":MID, "source":source, "ip":ip, "userid":userid, "branch":branch, "tipekons":tipekons, "marital":marital, "penjamin":penjamin, ... ])): Send request successfully

2022-11-28 17:34:30 - [MESSAGE][INFO] - HAR: D:\DMS\Engine Scoring\Reports\20221128_172748\Exclude KKB - DS - Married\Scoring Married - KKB\20221128_172749\requests\main\112.har

2022-11-28 17:34:30 - [MESSAGE][PASSED] - Send request successfully

2022-11-28 17:34:30 - [TEST_STEP][PASSED] - slurper = new groovy.json.JsonSlurper(): null

2022-11-28 17:34:30 - [TEST_STEP][PASSED] - result = slurper.parseText(req_data.getResponseBodyContent()): null

2022-11-28 17:34:30 - [TEST_STEP][PASSED] - reqid_kons = requestid1: null

2022-11-28 17:34:30 - [TEST_STEP][PASSED] - reqid_spouse = requestid2: null

2022-11-28 17:34:30 - [TEST_STEP][PASSED] - println("requestid kons : " + reqid_kons): null

2022-11-28 17:34:30 - [TEST_STEP][PASSED] - response_searchME_kons = reqid_kons: null

2022-11-28 17:34:30 - [TEST_STEP][PASSED] - response_searchME_spouse = reqid_spouse: null

2022-11-28 17:34:30 - [TEST_STEP][PASSED] - println("kons req id is :" + response_searchME_kons): null

2022-11-28 17:34:30 - [TEST_STEP][PASSED] - println("spouse req id is : " + response_searchME_spouse): null

2022-11-28 17:34:30 - [TEST_STEP][PASSED] - verifyResponseStatusCode(req_data, 200): Verify response status code successfully

2022-11-28 17:34:30 - [MESSAGE][PASSED] - Verify response status code successfully

2022-11-28 17:34:30 - [TEST_STEP][PASSED] - response = req_data.getResponseText(): null

2022-11-28 17:34:30 - [TEST_STEP][PASSED] - logInfo($response): {"status":"Done","data":{"requestid1":"257120","requestid2":"257121"}}

2022-11-28 17:34:30 - [MESSAGE][INFO] - {"status":"Done","data":{"requestid1":"257120","requestid2":"257121"}}

2022-11-28 17:34:30 - [TEST_STEP][PASSED] - delay(5): Delayed 5 second(s)

2022-11-28 17:34:35 - [MESSAGE][PASSED] - Delayed 5 second(s)

2022-11-28 17:34:35 - [TEST_STEP][PASSED] - scoring = sendRequest(findTestObject("EngineScore", ["response_searchME_kons":response_searchME_kons, "response_searchME_spouse":response_searchME_spouse])): Send request successfully

2022-11-28 17:34:35 - [MESSAGE][INFO] - HAR: D:\DMS\Engine Scoring\Reports\20221128_172748\Exclude KKB - DS - Married\Scoring Married - KKB\20221128_172749\requests\main\113.har

2022-11-28 17:34:35 - [MESSAGE][PASSED] - Send request successfully

2022-11-28 17:34:35 - [TEST_STEP][PASSED] - verifyResponseStatusCode(scoring, 200): Verify response status code successfully

2022-11-28 17:34:35 - [MESSAGE][PASSED] - Verify response status code successfully

2022-11-28 17:34:35 - [TEST_STEP][PASSED] - response2 = scoring.getResponseText(): null

2022-11-28 17:34:35 - [TEST_STEP][PASSED] - markPassed("result service data ke : " + no): result service data ke : 57

2022-11-28 17:34:35 - [MESSAGE][PASSED] - result service data ke : 57

2022-11-28 17:34:35 - [TEST_STEP][PASSED] - logInfo($response2): {"result_konsumen":"Reguler","result_pasangan":"Reject","Final_result":"Reject","errorMessage":"","status":"Done"}

2022-11-28 17:34:35 - [MESSAGE][INFO] - {"result_konsumen":"Reguler","result_pasangan":"Reject","Final_result":"Reject","errorMessage":"","status":"Done"}

2022-11-28 17:34:35 - [TEST_STEP][PASSED] - verifyElementPropertyValue(scoring, "Final_result", final_result): Verify element property value successfully

2022-11-28 17:34:35 - [MESSAGE][PASSED] - Verify element property value successfully]]></system-out>
         <system-err><![CDATA[]]></system-err>
      </testcase>
      <system-out><![CDATA[2022-11-28 17:28:03 - [TEST_SUITE][PASSED] - Scoring Married - KKB: Test Cases/Engine_Scoring/Engine Scoring]]></system-out>
      <system-err><![CDATA[]]></system-err>
   </testsuite>
</testsuites>
