<?xml version="1.0" encoding="UTF-8"?>
<testsuites name="Scoring Individu - Used" time="1666.843" tests="291" failures="0" errors="0">
   <testsuite name="Scoring Individu - Used" tests="291" failures="0" errors="0" time="1666.843" skipped="0" timestamp="2022-11-22 15:36:28" hostname="bcafmaster - WPI20220318001.bcaf.co.id" id="Test Suites/Exclude KKB - DS/Scoring Individu - Used">
      <properties>
         <property name="deviceName" value=""/>
         <property name="devicePlatform" value=""/>
         <property name="logFolder" value="D:\\DMS\\Engine Scoring\\Reports\\20221122_153620\\Exclude KKB - DS\\Scoring Individu - Used\\20221122_153620"/>
         <property name="logFiles" value="D:\\DMS\\Engine Scoring\\Reports\\20221122_153620\\Exclude KKB - DS\\Scoring Individu - Used\\20221122_153620\\execution0.log, D:\\DMS\\Engine Scoring\\Reports\\20221122_153620\\Exclude KKB - DS\\Scoring Individu - Used\\20221122_153620\\execution1.log, D:\\DMS\\Engine Scoring\\Reports\\20221122_153620\\Exclude KKB - DS\\Scoring Individu - Used\\20221122_153620\\execution2.log, D:\\DMS\\Engine Scoring\\Reports\\20221122_153620\\Exclude KKB - DS\\Scoring Individu - Used\\20221122_153620\\execution3.log"/>
         <property name="attachments" value=""/>
         <property name="hostName" value="bcafmaster - WPI20220318001.bcaf.co.id"/>
         <property name="hostAddress" value="10.10.8.57"/>
         <property name="os" value="Windows 10 64bit"/>
         <property name="katalonVersion" value="8.2.5.208"/>
      </properties>
      <testcase name="Test Cases/Engine_Scoring/Engine Scoring" time="6.664" classname="Test Cases/Engine_Scoring/Engine Scoring" status="PASSED">
         <system-out><![CDATA[2022-11-22 15:36:29 - [TEST_CASE][PASSED] - Test Cases/Engine_Scoring/Engine Scoring: Test Cases/Engine_Scoring/Engine Scoring

2022-11-22 15:36:30 - [TEST_STEP][PASSED] - markPassed("Variasi data ke : " + no): Variasi data ke : 1

2022-11-22 15:36:30 - [MESSAGE][PASSED] - Variasi data ke : 1

2022-11-22 15:36:30 - [TEST_STEP][PASSED] - req_data = sendRequest(findTestObject("Search_ME", ["MID":MID, "source":source, "ip":ip, "userid":userid, "branch":branch, "tipekons":tipekons, "marital":marital, "penjamin":penjamin, ... ])): Send request successfully

2022-11-22 15:36:32 - [MESSAGE][INFO] - HAR: D:\DMS\Engine Scoring\Reports\20221122_153620\Exclude KKB - DS\Scoring Individu - Used\20221122_153620\requests\main\0.har

2022-11-22 15:36:32 - [MESSAGE][PASSED] - Send request successfully

2022-11-22 15:36:32 - [TEST_STEP][PASSED] - slurper = new groovy.json.JsonSlurper(): null

2022-11-22 15:36:32 - [TEST_STEP][PASSED] - result = slurper.parseText(req_data.getResponseBodyContent()): null

2022-11-22 15:36:32 - [TEST_STEP][PASSED] - reqid_kons = requestid1: null

2022-11-22 15:36:32 - [TEST_STEP][PASSED] - reqid_spouse = requestid2: null

2022-11-22 15:36:32 - [TEST_STEP][PASSED] - println("requestid kons : " + reqid_kons): null

2022-11-22 15:36:32 - [TEST_STEP][PASSED] - response_searchME_kons = reqid_kons: null

2022-11-22 15:36:32 - [TEST_STEP][PASSED] - response_searchME_spouse = reqid_spouse: null

2022-11-22 15:36:32 - [TEST_STEP][PASSED] - println("kons req id is :" + response_searchME_kons): null

2022-11-22 15:36:32 - [TEST_STEP][PASSED] - println("spouse req id is : " + response_searchME_spouse): null

2022-11-22 15:36:32 - [TEST_STEP][PASSED] - verifyResponseStatusCode(req_data, 200): Verify response status code successfully

2022-11-22 15:36:32 - [MESSAGE][PASSED] - Verify response status code successfully

2022-11-22 15:36:32 - [TEST_STEP][PASSED] - response = req_data.getResponseText(): null

2022-11-22 15:36:32 - [TEST_STEP][PASSED] - logInfo($response): {"status":"Done","data":{"requestid1":"241833","requestid2":""}}

2022-11-22 15:36:32 - [MESSAGE][INFO] - {"status":"Done","data":{"requestid1":"241833","requestid2":""}}

2022-11-22 15:36:32 - [TEST_STEP][PASSED] - delay(3): Delayed 3 second(s)

2022-11-22 15:36:35 - [MESSAGE][PASSED] - Delayed 3 second(s)

2022-11-22 15:36:35 - [TEST_STEP][PASSED] - scoring = sendRequest(findTestObject("EngineScore", ["response_searchME_kons":response_searchME_kons, "response_searchME_spouse":response_searchME_spouse])): Send request successfully

2022-11-22 15:36:35 - [MESSAGE][INFO] - HAR: D:\DMS\Engine Scoring\Reports\20221122_153620\Exclude KKB - DS\Scoring Individu - Used\20221122_153620\requests\main\1.har

2022-11-22 15:36:35 - [MESSAGE][PASSED] - Send request successfully

2022-11-22 15:36:35 - [TEST_STEP][PASSED] - verifyResponseStatusCode(scoring, 200): Verify response status code successfully

2022-11-22 15:36:35 - [MESSAGE][PASSED] - Verify response status code successfully

2022-11-22 15:36:35 - [TEST_STEP][PASSED] - response2 = scoring.getResponseText(): null

2022-11-22 15:36:35 - [TEST_STEP][PASSED] - markPassed("result service data ke : " + no): result service data ke : 1

2022-11-22 15:36:35 - [MESSAGE][PASSED] - result service data ke : 1

2022-11-22 15:36:35 - [TEST_STEP][PASSED] - logInfo($response2): {"result_konsumen":"Approve","result_pasangan":"","Final_result":"Approve","errorMessage":"","status":"Done"}

2022-11-22 15:36:35 - [MESSAGE][INFO] - {"result_konsumen":"Approve","result_pasangan":"","Final_result":"Approve","errorMessage":"","status":"Done"}

2022-11-22 15:36:35 - [TEST_STEP][PASSED] - verifyElementPropertyValue(scoring, "Final_result", final_result): Verify element property value successfully

2022-11-22 15:36:35 - [MESSAGE][PASSED] - Verify element property value successfully]]></system-out>
         <system-err><![CDATA[]]></system-err>
      </testcase>
      <testcase name="Test Cases/Engine_Scoring/Engine Scoring" time="4.852" classname="Test Cases/Engine_Scoring/Engine Scoring" status="PASSED">
         <system-out><![CDATA[2022-11-22 15:36:35 - [TEST_CASE][PASSED] - Test Cases/Engine_Scoring/Engine Scoring: Test Cases/Engine_Scoring/Engine Scoring

2022-11-22 15:36:36 - [TEST_STEP][PASSED] - markPassed("Variasi data ke : " + no): Variasi data ke : 2

2022-11-22 15:36:36 - [MESSAGE][PASSED] - Variasi data ke : 2

2022-11-22 15:36:36 - [TEST_STEP][PASSED] - req_data = sendRequest(findTestObject("Search_ME", ["MID":MID, "source":source, "ip":ip, "userid":userid, "branch":branch, "tipekons":tipekons, "marital":marital, "penjamin":penjamin, ... ])): Send request successfully

2022-11-22 15:36:37 - [MESSAGE][INFO] - HAR: D:\DMS\Engine Scoring\Reports\20221122_153620\Exclude KKB - DS\Scoring Individu - Used\20221122_153620\requests\main\2.har

2022-11-22 15:36:37 - [MESSAGE][PASSED] - Send request successfully

2022-11-22 15:36:37 - [TEST_STEP][PASSED] - slurper = new groovy.json.JsonSlurper(): null

2022-11-22 15:36:37 - [TEST_STEP][PASSED] - result = slurper.parseText(req_data.getResponseBodyContent()): null

2022-11-22 15:36:37 - [TEST_STEP][PASSED] - reqid_kons = requestid1: null

2022-11-22 15:36:37 - [TEST_STEP][PASSED] - reqid_spouse = requestid2: null

2022-11-22 15:36:37 - [TEST_STEP][PASSED] - println("requestid kons : " + reqid_kons): null

2022-11-22 15:36:37 - [TEST_STEP][PASSED] - response_searchME_kons = reqid_kons: null

2022-11-22 15:36:37 - [TEST_STEP][PASSED] - response_searchME_spouse = reqid_spouse: null

2022-11-22 15:36:37 - [TEST_STEP][PASSED] - println("kons req id is :" + response_searchME_kons): null

2022-11-22 15:36:37 - [TEST_STEP][PASSED] - println("spouse req id is : " + response_searchME_spouse): null

2022-11-22 15:36:37 - [TEST_STEP][PASSED] - verifyResponseStatusCode(req_data, 200): Verify response status code successfully

2022-11-22 15:36:37 - [MESSAGE][PASSED] - Verify response status code successfully

2022-11-22 15:36:37 - [TEST_STEP][PASSED] - response = req_data.getResponseText(): null

2022-11-22 15:36:37 - [TEST_STEP][PASSED] - logInfo($response): {"status":"Done","data":{"requestid1":"241834","requestid2":""}}

2022-11-22 15:36:37 - [MESSAGE][INFO] - {"status":"Done","data":{"requestid1":"241834","requestid2":""}}

2022-11-22 15:36:37 - [TEST_STEP][PASSED] - delay(3): Delayed 3 second(s)

2022-11-22 15:36:40 - [MESSAGE][PASSED] - Delayed 3 second(s)

2022-11-22 15:36:40 - [TEST_STEP][PASSED] - scoring = sendRequest(findTestObject("EngineScore", ["response_searchME_kons":response_searchME_kons, "response_searchME_spouse":response_searchME_spouse])): Send request successfully

2022-11-22 15:36:40 - [MESSAGE][INFO] - HAR: D:\DMS\Engine Scoring\Reports\20221122_153620\Exclude KKB - DS\Scoring Individu - Used\20221122_153620\requests\main\3.har

2022-11-22 15:36:40 - [MESSAGE][PASSED] - Send request successfully

2022-11-22 15:36:40 - [TEST_STEP][PASSED] - verifyResponseStatusCode(scoring, 200): Verify response status code successfully

2022-11-22 15:36:40 - [MESSAGE][PASSED] - Verify response status code successfully

2022-11-22 15:36:40 - [TEST_STEP][PASSED] - response2 = scoring.getResponseText(): null

2022-11-22 15:36:40 - [TEST_STEP][PASSED] - markPassed("result service data ke : " + no): result service data ke : 2

2022-11-22 15:36:40 - [MESSAGE][PASSED] - result service data ke : 2

2022-11-22 15:36:40 - [TEST_STEP][PASSED] - logInfo($response2): {"result_konsumen":"Approve","result_pasangan":"","Final_result":"Approve","errorMessage":"","status":"Done"}

2022-11-22 15:36:40 - [MESSAGE][INFO] - {"result_konsumen":"Approve","result_pasangan":"","Final_result":"Approve","errorMessage":"","status":"Done"}

2022-11-22 15:36:40 - [TEST_STEP][PASSED] - verifyElementPropertyValue(scoring, "Final_result", final_result): Verify element property value successfully

2022-11-22 15:36:40 - [MESSAGE][PASSED] - Verify element property value successfully]]></system-out>
         <system-err><![CDATA[]]></system-err>
      </testcase>
      <testcase name="Test Cases/Engine_Scoring/Engine Scoring" time="4.762" classname="Test Cases/Engine_Scoring/Engine Scoring" status="PASSED">
         <system-out><![CDATA[2022-11-22 15:36:40 - [TEST_CASE][PASSED] - Test Cases/Engine_Scoring/Engine Scoring: Test Cases/Engine_Scoring/Engine Scoring

2022-11-22 15:36:41 - [TEST_STEP][PASSED] - markPassed("Variasi data ke : " + no): Variasi data ke : 3

2022-11-22 15:36:41 - [MESSAGE][PASSED] - Variasi data ke : 3

2022-11-22 15:36:41 - [TEST_STEP][PASSED] - req_data = sendRequest(findTestObject("Search_ME", ["MID":MID, "source":source, "ip":ip, "userid":userid, "branch":branch, "tipekons":tipekons, "marital":marital, "penjamin":penjamin, ... ])): Send request successfully

2022-11-22 15:36:42 - [MESSAGE][INFO] - HAR: D:\DMS\Engine Scoring\Reports\20221122_153620\Exclude KKB - DS\Scoring Individu - Used\20221122_153620\requests\main\4.har

2022-11-22 15:36:42 - [MESSAGE][PASSED] - Send request successfully

2022-11-22 15:36:42 - [TEST_STEP][PASSED] - slurper = new groovy.json.JsonSlurper(): null

2022-11-22 15:36:42 - [TEST_STEP][PASSED] - result = slurper.parseText(req_data.getResponseBodyContent()): null

2022-11-22 15:36:42 - [TEST_STEP][PASSED] - reqid_kons = requestid1: null

2022-11-22 15:36:42 - [TEST_STEP][PASSED] - reqid_spouse = requestid2: null

2022-11-22 15:36:42 - [TEST_STEP][PASSED] - println("requestid kons : " + reqid_kons): null

2022-11-22 15:36:42 - [TEST_STEP][PASSED] - response_searchME_kons = reqid_kons: null

2022-11-22 15:36:42 - [TEST_STEP][PASSED] - response_searchME_spouse = reqid_spouse: null

2022-11-22 15:36:42 - [TEST_STEP][PASSED] - println("kons req id is :" + response_searchME_kons): null

2022-11-22 15:36:42 - [TEST_STEP][PASSED] - println("spouse req id is : " + response_searchME_spouse): null

2022-11-22 15:36:42 - [TEST_STEP][PASSED] - verifyResponseStatusCode(req_data, 200): Verify response status code successfully

2022-11-22 15:36:42 - [MESSAGE][PASSED] - Verify response status code successfully

2022-11-22 15:36:42 - [TEST_STEP][PASSED] - response = req_data.getResponseText(): null

2022-11-22 15:36:42 - [TEST_STEP][PASSED] - logInfo($response): {"status":"Done","data":{"requestid1":"241835","requestid2":""}}

2022-11-22 15:36:42 - [MESSAGE][INFO] - {"status":"Done","data":{"requestid1":"241835","requestid2":""}}

2022-11-22 15:36:42 - [TEST_STEP][PASSED] - delay(3): Delayed 3 second(s)

2022-11-22 15:36:45 - [MESSAGE][PASSED] - Delayed 3 second(s)

2022-11-22 15:36:45 - [TEST_STEP][PASSED] - scoring = sendRequest(findTestObject("EngineScore", ["response_searchME_kons":response_searchME_kons, "response_searchME_spouse":response_searchME_spouse])): Send request successfully

2022-11-22 15:36:45 - [MESSAGE][INFO] - HAR: D:\DMS\Engine Scoring\Reports\20221122_153620\Exclude KKB - DS\Scoring Individu - Used\20221122_153620\requests\main\5.har

2022-11-22 15:36:45 - [MESSAGE][PASSED] - Send request successfully

2022-11-22 15:36:45 - [TEST_STEP][PASSED] - verifyResponseStatusCode(scoring, 200): Verify response status code successfully

2022-11-22 15:36:45 - [MESSAGE][PASSED] - Verify response status code successfully

2022-11-22 15:36:45 - [TEST_STEP][PASSED] - response2 = scoring.getResponseText(): null

2022-11-22 15:36:45 - [TEST_STEP][PASSED] - markPassed("result service data ke : " + no): result service data ke : 3

2022-11-22 15:36:45 - [MESSAGE][PASSED] - result service data ke : 3

2022-11-22 15:36:45 - [TEST_STEP][PASSED] - logInfo($response2): {"result_konsumen":"Approve","result_pasangan":"","Final_result":"Approve","errorMessage":"","status":"Done"}

2022-11-22 15:36:45 - [MESSAGE][INFO] - {"result_konsumen":"Approve","result_pasangan":"","Final_result":"Approve","errorMessage":"","status":"Done"}

2022-11-22 15:36:45 - [TEST_STEP][PASSED] - verifyElementPropertyValue(scoring, "Final_result", final_result): Verify element property value successfully

2022-11-22 15:36:45 - [MESSAGE][PASSED] - Verify element property value successfully]]></system-out>
         <system-err><![CDATA[]]></system-err>
      </testcase>
      <testcase name="Test Cases/Engine_Scoring/Engine Scoring" time="4.635" classname="Test Cases/Engine_Scoring/Engine Scoring" status="PASSED">
         <system-out><![CDATA[2022-11-22 15:36:45 - [TEST_CASE][PASSED] - Test Cases/Engine_Scoring/Engine Scoring: Test Cases/Engine_Scoring/Engine Scoring

2022-11-22 15:36:46 - [TEST_STEP][PASSED] - markPassed("Variasi data ke : " + no): Variasi data ke : 4

2022-11-22 15:36:46 - [MESSAGE][PASSED] - Variasi data ke : 4

2022-11-22 15:36:46 - [TEST_STEP][PASSED] - req_data = sendRequest(findTestObject("Search_ME", ["MID":MID, "source":source, "ip":ip, "userid":userid, "branch":branch, "tipekons":tipekons, "marital":marital, "penjamin":penjamin, ... ])): Send request successfully

2022-11-22 15:36:47 - [MESSAGE][INFO] - HAR: D:\DMS\Engine Scoring\Reports\20221122_153620\Exclude KKB - DS\Scoring Individu - Used\20221122_153620\requests\main\6.har

2022-11-22 15:36:47 - [MESSAGE][PASSED] - Send request successfully

2022-11-22 15:36:47 - [TEST_STEP][PASSED] - slurper = new groovy.json.JsonSlurper(): null

2022-11-22 15:36:47 - [TEST_STEP][PASSED] - result = slurper.parseText(req_data.getResponseBodyContent()): null

2022-11-22 15:36:47 - [TEST_STEP][PASSED] - reqid_kons = requestid1: null

2022-11-22 15:36:47 - [TEST_STEP][PASSED] - reqid_spouse = requestid2: null

2022-11-22 15:36:47 - [TEST_STEP][PASSED] - println("requestid kons : " + reqid_kons): null

2022-11-22 15:36:47 - [TEST_STEP][PASSED] - response_searchME_kons = reqid_kons: null

2022-11-22 15:36:47 - [TEST_STEP][PASSED] - response_searchME_spouse = reqid_spouse: null

2022-11-22 15:36:47 - [TEST_STEP][PASSED] - println("kons req id is :" + response_searchME_kons): null

2022-11-22 15:36:47 - [TEST_STEP][PASSED] - println("spouse req id is : " + response_searchME_spouse): null

2022-11-22 15:36:47 - [TEST_STEP][PASSED] - verifyResponseStatusCode(req_data, 200): Verify response status code successfully

2022-11-22 15:36:47 - [MESSAGE][PASSED] - Verify response status code successfully

2022-11-22 15:36:47 - [TEST_STEP][PASSED] - response = req_data.getResponseText(): null

2022-11-22 15:36:47 - [TEST_STEP][PASSED] - logInfo($response): {"status":"Done","data":{"requestid1":"241836","requestid2":""}}

2022-11-22 15:36:47 - [MESSAGE][INFO] - {"status":"Done","data":{"requestid1":"241836","requestid2":""}}

2022-11-22 15:36:47 - [TEST_STEP][PASSED] - delay(3): Delayed 3 second(s)

2022-11-22 15:36:50 - [MESSAGE][PASSED] - Delayed 3 second(s)

2022-11-22 15:36:50 - [TEST_STEP][PASSED] - scoring = sendRequest(findTestObject("EngineScore", ["response_searchME_kons":response_searchME_kons, "response_searchME_spouse":response_searchME_spouse])): Send request successfully

2022-11-22 15:36:50 - [MESSAGE][INFO] - HAR: D:\DMS\Engine Scoring\Reports\20221122_153620\Exclude KKB - DS\Scoring Individu - Used\20221122_153620\requests\main\7.har

2022-11-22 15:36:50 - [MESSAGE][PASSED] - Send request successfully

2022-11-22 15:36:50 - [TEST_STEP][PASSED] - verifyResponseStatusCode(scoring, 200): Verify response status code successfully

2022-11-22 15:36:50 - [MESSAGE][PASSED] - Verify response status code successfully

2022-11-22 15:36:50 - [TEST_STEP][PASSED] - response2 = scoring.getResponseText(): null

2022-11-22 15:36:50 - [TEST_STEP][PASSED] - markPassed("result service data ke : " + no): result service data ke : 4

2022-11-22 15:36:50 - [MESSAGE][PASSED] - result service data ke : 4

2022-11-22 15:36:50 - [TEST_STEP][PASSED] - logInfo($response2): {"result_konsumen":"Approve","result_pasangan":"","Final_result":"Approve","errorMessage":"","status":"Done"}

2022-11-22 15:36:50 - [MESSAGE][INFO] - {"result_konsumen":"Approve","result_pasangan":"","Final_result":"Approve","errorMessage":"","status":"Done"}

2022-11-22 15:36:50 - [TEST_STEP][PASSED] - verifyElementPropertyValue(scoring, "Final_result", final_result): Verify element property value successfully

2022-11-22 15:36:50 - [MESSAGE][PASSED] - Verify element property value successfully]]></system-out>
         <system-err><![CDATA[]]></system-err>
      </testcase>
      <testcase name="Test Cases/Engine_Scoring/Engine Scoring" time="4.674" classname="Test Cases/Engine_Scoring/Engine Scoring" status="PASSED">
         <system-out><![CDATA[2022-11-22 15:36:50 - [TEST_CASE][PASSED] - Test Cases/Engine_Scoring/Engine Scoring: Test Cases/Engine_Scoring/Engine Scoring

2022-11-22 15:36:51 - [TEST_STEP][PASSED] - markPassed("Variasi data ke : " + no): Variasi data ke : 5

2022-11-22 15:36:51 - [MESSAGE][PASSED] - Variasi data ke : 5

2022-11-22 15:36:51 - [TEST_STEP][PASSED] - req_data = sendRequest(findTestObject("Search_ME", ["MID":MID, "source":source, "ip":ip, "userid":userid, "branch":branch, "tipekons":tipekons, "marital":marital, "penjamin":penjamin, ... ])): Send request successfully

2022-11-22 15:36:51 - [MESSAGE][INFO] - HAR: D:\DMS\Engine Scoring\Reports\20221122_153620\Exclude KKB - DS\Scoring Individu - Used\20221122_153620\requests\main\8.har

2022-11-22 15:36:51 - [MESSAGE][PASSED] - Send request successfully

2022-11-22 15:36:51 - [TEST_STEP][PASSED] - slurper = new groovy.json.JsonSlurper(): null

2022-11-22 15:36:51 - [TEST_STEP][PASSED] - result = slurper.parseText(req_data.getResponseBodyContent()): null

2022-11-22 15:36:51 - [TEST_STEP][PASSED] - reqid_kons = requestid1: null

2022-11-22 15:36:51 - [TEST_STEP][PASSED] - reqid_spouse = requestid2: null

2022-11-22 15:36:51 - [TEST_STEP][PASSED] - println("requestid kons : " + reqid_kons): null

2022-11-22 15:36:51 - [TEST_STEP][PASSED] - response_searchME_kons = reqid_kons: null

2022-11-22 15:36:51 - [TEST_STEP][PASSED] - response_searchME_spouse = reqid_spouse: null

2022-11-22 15:36:51 - [TEST_STEP][PASSED] - println("kons req id is :" + response_searchME_kons): null

2022-11-22 15:36:51 - [TEST_STEP][PASSED] - println("spouse req id is : " + response_searchME_spouse): null

2022-11-22 15:36:51 - [TEST_STEP][PASSED] - verifyResponseStatusCode(req_data, 200): Verify response status code successfully

2022-11-22 15:36:51 - [MESSAGE][PASSED] - Verify response status code successfully

2022-11-22 15:36:51 - [TEST_STEP][PASSED] - response = req_data.getResponseText(): null

2022-11-22 15:36:51 - [TEST_STEP][PASSED] - logInfo($response): {"status":"Done","data":{"requestid1":"241837","requestid2":""}}

2022-11-22 15:36:51 - [MESSAGE][INFO] - {"status":"Done","data":{"requestid1":"241837","requestid2":""}}

2022-11-22 15:36:51 - [TEST_STEP][PASSED] - delay(3): Delayed 3 second(s)

2022-11-22 15:36:54 - [MESSAGE][PASSED] - Delayed 3 second(s)

2022-11-22 15:36:54 - [TEST_STEP][PASSED] - scoring = sendRequest(findTestObject("EngineScore", ["response_searchME_kons":response_searchME_kons, "response_searchME_spouse":response_searchME_spouse])): Send request successfully

2022-11-22 15:36:55 - [MESSAGE][INFO] - HAR: D:\DMS\Engine Scoring\Reports\20221122_153620\Exclude KKB - DS\Scoring Individu - Used\20221122_153620\requests\main\9.har

2022-11-22 15:36:55 - [MESSAGE][PASSED] - Send request successfully

2022-11-22 15:36:55 - [TEST_STEP][PASSED] - verifyResponseStatusCode(scoring, 200): Verify response status code successfully

2022-11-22 15:36:55 - [MESSAGE][PASSED] - Verify response status code successfully

2022-11-22 15:36:55 - [TEST_STEP][PASSED] - response2 = scoring.getResponseText(): null

2022-11-22 15:36:55 - [TEST_STEP][PASSED] - markPassed("result service data ke : " + no): result service data ke : 5

2022-11-22 15:36:55 - [MESSAGE][PASSED] - result service data ke : 5

2022-11-22 15:36:55 - [TEST_STEP][PASSED] - logInfo($response2): {"result_konsumen":"Reject","result_pasangan":"","Final_result":"Reject","errorMessage":"","status":"Done"}

2022-11-22 15:36:55 - [MESSAGE][INFO] - {"result_konsumen":"Reject","result_pasangan":"","Final_result":"Reject","errorMessage":"","status":"Done"}

2022-11-22 15:36:55 - [TEST_STEP][PASSED] - verifyElementPropertyValue(scoring, "Final_result", final_result): Verify element property value successfully

2022-11-22 15:36:55 - [MESSAGE][PASSED] - Verify element property value successfully]]></system-out>
         <system-err><![CDATA[]]></system-err>
      </testcase>
      <testcase name="Test Cases/Engine_Scoring/Engine Scoring" time="4.718" classname="Test Cases/Engine_Scoring/Engine Scoring" status="PASSED">
         <system-out><![CDATA[2022-11-22 15:36:55 - [TEST_CASE][PASSED] - Test Cases/Engine_Scoring/Engine Scoring: Test Cases/Engine_Scoring/Engine Scoring

2022-11-22 15:36:55 - [TEST_STEP][PASSED] - markPassed("Variasi data ke : " + no): Variasi data ke : 6

2022-11-22 15:36:55 - [MESSAGE][PASSED] - Variasi data ke : 6

2022-11-22 15:36:55 - [TEST_STEP][PASSED] - req_data = sendRequest(findTestObject("Search_ME", ["MID":MID, "source":source, "ip":ip, "userid":userid, "branch":branch, "tipekons":tipekons, "marital":marital, "penjamin":penjamin, ... ])): Send request successfully

2022-11-22 15:36:56 - [MESSAGE][INFO] - HAR: D:\DMS\Engine Scoring\Reports\20221122_153620\Exclude KKB - DS\Scoring Individu - Used\20221122_153620\requests\main\10.har

2022-11-22 15:36:56 - [MESSAGE][PASSED] - Send request successfully

2022-11-22 15:36:56 - [TEST_STEP][PASSED] - slurper = new groovy.json.JsonSlurper(): null

2022-11-22 15:36:56 - [TEST_STEP][PASSED] - result = slurper.parseText(req_data.getResponseBodyContent()): null

2022-11-22 15:36:56 - [TEST_STEP][PASSED] - reqid_kons = requestid1: null

2022-11-22 15:36:56 - [TEST_STEP][PASSED] - reqid_spouse = requestid2: null

2022-11-22 15:36:56 - [TEST_STEP][PASSED] - println("requestid kons : " + reqid_kons): null

2022-11-22 15:36:56 - [TEST_STEP][PASSED] - response_searchME_kons = reqid_kons: null

2022-11-22 15:36:56 - [TEST_STEP][PASSED] - response_searchME_spouse = reqid_spouse: null

2022-11-22 15:36:56 - [TEST_STEP][PASSED] - println("kons req id is :" + response_searchME_kons): null

2022-11-22 15:36:56 - [TEST_STEP][PASSED] - println("spouse req id is : " + response_searchME_spouse): null

2022-11-22 15:36:56 - [TEST_STEP][PASSED] - verifyResponseStatusCode(req_data, 200): Verify response status code successfully

2022-11-22 15:36:56 - [MESSAGE][PASSED] - Verify response status code successfully

2022-11-22 15:36:56 - [TEST_STEP][PASSED] - response = req_data.getResponseText(): null

2022-11-22 15:36:56 - [TEST_STEP][PASSED] - logInfo($response): {"status":"Done","data":{"requestid1":"241838","requestid2":""}}

2022-11-22 15:36:56 - [MESSAGE][INFO] - {"status":"Done","data":{"requestid1":"241838","requestid2":""}}

2022-11-22 15:36:56 - [TEST_STEP][PASSED] - delay(3): Delayed 3 second(s)

2022-11-22 15:36:59 - [MESSAGE][PASSED] - Delayed 3 second(s)

2022-11-22 15:36:59 - [TEST_STEP][PASSED] - scoring = sendRequest(findTestObject("EngineScore", ["response_searchME_kons":response_searchME_kons, "response_searchME_spouse":response_searchME_spouse])): Send request successfully

2022-11-22 15:36:59 - [MESSAGE][INFO] - HAR: D:\DMS\Engine Scoring\Reports\20221122_153620\Exclude KKB - DS\Scoring Individu - Used\20221122_153620\requests\main\11.har

2022-11-22 15:36:59 - [MESSAGE][PASSED] - Send request successfully

2022-11-22 15:36:59 - [TEST_STEP][PASSED] - verifyResponseStatusCode(scoring, 200): Verify response status code successfully

2022-11-22 15:36:59 - [MESSAGE][PASSED] - Verify response status code successfully

2022-11-22 15:36:59 - [TEST_STEP][PASSED] - response2 = scoring.getResponseText(): null

2022-11-22 15:36:59 - [TEST_STEP][PASSED] - markPassed("result service data ke : " + no): result service data ke : 6

2022-11-22 15:36:59 - [MESSAGE][PASSED] - result service data ke : 6

2022-11-22 15:36:59 - [TEST_STEP][PASSED] - logInfo($response2): {"result_konsumen":"Reject","result_pasangan":"","Final_result":"Reject","errorMessage":"","status":"Done"}

2022-11-22 15:36:59 - [MESSAGE][INFO] - {"result_konsumen":"Reject","result_pasangan":"","Final_result":"Reject","errorMessage":"","status":"Done"}

2022-11-22 15:36:59 - [TEST_STEP][PASSED] - verifyElementPropertyValue(scoring, "Final_result", final_result): Verify element property value successfully

2022-11-22 15:36:59 - [MESSAGE][PASSED] - Verify element property value successfully]]></system-out>
         <system-err><![CDATA[]]></system-err>
      </testcase>
      <testcase name="Test Cases/Engine_Scoring/Engine Scoring" time="4.691" classname="Test Cases/Engine_Scoring/Engine Scoring" status="PASSED">
         <system-out><![CDATA[2022-11-22 15:36:59 - [TEST_CASE][PASSED] - Test Cases/Engine_Scoring/Engine Scoring: Test Cases/Engine_Scoring/Engine Scoring

2022-11-22 15:37:00 - [TEST_STEP][PASSED] - markPassed("Variasi data ke : " + no): Variasi data ke : 7

2022-11-22 15:37:00 - [MESSAGE][PASSED] - Variasi data ke : 7

2022-11-22 15:37:00 - [TEST_STEP][PASSED] - req_data = sendRequest(findTestObject("Search_ME", ["MID":MID, "source":source, "ip":ip, "userid":userid, "branch":branch, "tipekons":tipekons, "marital":marital, "penjamin":penjamin, ... ])): Send request successfully

2022-11-22 15:37:01 - [MESSAGE][INFO] - HAR: D:\DMS\Engine Scoring\Reports\20221122_153620\Exclude KKB - DS\Scoring Individu - Used\20221122_153620\requests\main\12.har

2022-11-22 15:37:01 - [MESSAGE][PASSED] - Send request successfully

2022-11-22 15:37:01 - [TEST_STEP][PASSED] - slurper = new groovy.json.JsonSlurper(): null

2022-11-22 15:37:01 - [TEST_STEP][PASSED] - result = slurper.parseText(req_data.getResponseBodyContent()): null

2022-11-22 15:37:01 - [TEST_STEP][PASSED] - reqid_kons = requestid1: null

2022-11-22 15:37:01 - [TEST_STEP][PASSED] - reqid_spouse = requestid2: null

2022-11-22 15:37:01 - [TEST_STEP][PASSED] - println("requestid kons : " + reqid_kons): null

2022-11-22 15:37:01 - [TEST_STEP][PASSED] - response_searchME_kons = reqid_kons: null

2022-11-22 15:37:01 - [TEST_STEP][PASSED] - response_searchME_spouse = reqid_spouse: null

2022-11-22 15:37:01 - [TEST_STEP][PASSED] - println("kons req id is :" + response_searchME_kons): null

2022-11-22 15:37:01 - [TEST_STEP][PASSED] - println("spouse req id is : " + response_searchME_spouse): null

2022-11-22 15:37:01 - [TEST_STEP][PASSED] - verifyResponseStatusCode(req_data, 200): Verify response status code successfully

2022-11-22 15:37:01 - [MESSAGE][PASSED] - Verify response status code successfully

2022-11-22 15:37:01 - [TEST_STEP][PASSED] - response = req_data.getResponseText(): null

2022-11-22 15:37:01 - [TEST_STEP][PASSED] - logInfo($response): {"status":"Done","data":{"requestid1":"241839","requestid2":""}}

2022-11-22 15:37:01 - [MESSAGE][INFO] - {"status":"Done","data":{"requestid1":"241839","requestid2":""}}

2022-11-22 15:37:01 - [TEST_STEP][PASSED] - delay(3): Delayed 3 second(s)

2022-11-22 15:37:04 - [MESSAGE][PASSED] - Delayed 3 second(s)

2022-11-22 15:37:04 - [TEST_STEP][PASSED] - scoring = sendRequest(findTestObject("EngineScore", ["response_searchME_kons":response_searchME_kons, "response_searchME_spouse":response_searchME_spouse])): Send request successfully

2022-11-22 15:37:04 - [MESSAGE][INFO] - HAR: D:\DMS\Engine Scoring\Reports\20221122_153620\Exclude KKB - DS\Scoring Individu - Used\20221122_153620\requests\main\13.har

2022-11-22 15:37:04 - [MESSAGE][PASSED] - Send request successfully

2022-11-22 15:37:04 - [TEST_STEP][PASSED] - verifyResponseStatusCode(scoring, 200): Verify response status code successfully

2022-11-22 15:37:04 - [MESSAGE][PASSED] - Verify response status code successfully

2022-11-22 15:37:04 - [TEST_STEP][PASSED] - response2 = scoring.getResponseText(): null

2022-11-22 15:37:04 - [TEST_STEP][PASSED] - markPassed("result service data ke : " + no): result service data ke : 7

2022-11-22 15:37:04 - [MESSAGE][PASSED] - result service data ke : 7

2022-11-22 15:37:04 - [TEST_STEP][PASSED] - logInfo($response2): {"result_konsumen":"Reject","result_pasangan":"","Final_result":"Reject","errorMessage":"","status":"Done"}

2022-11-22 15:37:04 - [MESSAGE][INFO] - {"result_konsumen":"Reject","result_pasangan":"","Final_result":"Reject","errorMessage":"","status":"Done"}

2022-11-22 15:37:04 - [TEST_STEP][PASSED] - verifyElementPropertyValue(scoring, "Final_result", final_result): Verify element property value successfully

2022-11-22 15:37:04 - [MESSAGE][PASSED] - Verify element property value successfully]]></system-out>
         <system-err><![CDATA[]]></system-err>
      </testcase>
      <testcase name="Test Cases/Engine_Scoring/Engine Scoring" time="4.534" classname="Test Cases/Engine_Scoring/Engine Scoring" status="PASSED">
         <system-out><![CDATA[2022-11-22 15:37:04 - [TEST_CASE][PASSED] - Test Cases/Engine_Scoring/Engine Scoring: Test Cases/Engine_Scoring/Engine Scoring

2022-11-22 15:37:05 - [TEST_STEP][PASSED] - markPassed("Variasi data ke : " + no): Variasi data ke : 8

2022-11-22 15:37:05 - [MESSAGE][PASSED] - Variasi data ke : 8

2022-11-22 15:37:05 - [TEST_STEP][PASSED] - req_data = sendRequest(findTestObject("Search_ME", ["MID":MID, "source":source, "ip":ip, "userid":userid, "branch":branch, "tipekons":tipekons, "marital":marital, "penjamin":penjamin, ... ])): Send request successfully

2022-11-22 15:37:05 - [MESSAGE][INFO] - HAR: D:\DMS\Engine Scoring\Reports\20221122_153620\Exclude KKB - DS\Scoring Individu - Used\20221122_153620\requests\main\14.har

2022-11-22 15:37:05 - [MESSAGE][PASSED] - Send request successfully

2022-11-22 15:37:05 - [TEST_STEP][PASSED] - slurper = new groovy.json.JsonSlurper(): null

2022-11-22 15:37:05 - [TEST_STEP][PASSED] - result = slurper.parseText(req_data.getResponseBodyContent()): null

2022-11-22 15:37:05 - [TEST_STEP][PASSED] - reqid_kons = requestid1: null

2022-11-22 15:37:05 - [TEST_STEP][PASSED] - reqid_spouse = requestid2: null

2022-11-22 15:37:05 - [TEST_STEP][PASSED] - println("requestid kons : " + reqid_kons): null

2022-11-22 15:37:05 - [TEST_STEP][PASSED] - response_searchME_kons = reqid_kons: null

2022-11-22 15:37:05 - [TEST_STEP][PASSED] - response_searchME_spouse = reqid_spouse: null

2022-11-22 15:37:05 - [TEST_STEP][PASSED] - println("kons req id is :" + response_searchME_kons): null

2022-11-22 15:37:05 - [TEST_STEP][PASSED] - println("spouse req id is : " + response_searchME_spouse): null

2022-11-22 15:37:05 - [TEST_STEP][PASSED] - verifyResponseStatusCode(req_data, 200): Verify response status code successfully

2022-11-22 15:37:05 - [MESSAGE][PASSED] - Verify response status code successfully

2022-11-22 15:37:05 - [TEST_STEP][PASSED] - response = req_data.getResponseText(): null

2022-11-22 15:37:05 - [TEST_STEP][PASSED] - logInfo($response): {"status":"Done","data":{"requestid1":"241840","requestid2":""}}

2022-11-22 15:37:05 - [MESSAGE][INFO] - {"status":"Done","data":{"requestid1":"241840","requestid2":""}}

2022-11-22 15:37:05 - [TEST_STEP][PASSED] - delay(3): Delayed 3 second(s)

2022-11-22 15:37:08 - [MESSAGE][PASSED] - Delayed 3 second(s)

2022-11-22 15:37:08 - [TEST_STEP][PASSED] - scoring = sendRequest(findTestObject("EngineScore", ["response_searchME_kons":response_searchME_kons, "response_searchME_spouse":response_searchME_spouse])): Send request successfully

2022-11-22 15:37:09 - [MESSAGE][INFO] - HAR: D:\DMS\Engine Scoring\Reports\20221122_153620\Exclude KKB - DS\Scoring Individu - Used\20221122_153620\requests\main\15.har

2022-11-22 15:37:09 - [MESSAGE][PASSED] - Send request successfully

2022-11-22 15:37:09 - [TEST_STEP][PASSED] - verifyResponseStatusCode(scoring, 200): Verify response status code successfully

2022-11-22 15:37:09 - [MESSAGE][PASSED] - Verify response status code successfully

2022-11-22 15:37:09 - [TEST_STEP][PASSED] - response2 = scoring.getResponseText(): null

2022-11-22 15:37:09 - [TEST_STEP][PASSED] - markPassed("result service data ke : " + no): result service data ke : 8

2022-11-22 15:37:09 - [MESSAGE][PASSED] - result service data ke : 8

2022-11-22 15:37:09 - [TEST_STEP][PASSED] - logInfo($response2): {"result_konsumen":"Reject","result_pasangan":"","Final_result":"Reject","errorMessage":"","status":"Done"}

2022-11-22 15:37:09 - [MESSAGE][INFO] - {"result_konsumen":"Reject","result_pasangan":"","Final_result":"Reject","errorMessage":"","status":"Done"}

2022-11-22 15:37:09 - [TEST_STEP][PASSED] - verifyElementPropertyValue(scoring, "Final_result", final_result): Verify element property value successfully

2022-11-22 15:37:09 - [MESSAGE][PASSED] - Verify element property value successfully]]></system-out>
         <system-err><![CDATA[]]></system-err>
      </testcase>
      <testcase name="Test Cases/Engine_Scoring/Engine Scoring" time="4.593" classname="Test Cases/Engine_Scoring/Engine Scoring" status="PASSED">
         <system-out><![CDATA[2022-11-22 15:37:09 - [TEST_CASE][PASSED] - Test Cases/Engine_Scoring/Engine Scoring: Test Cases/Engine_Scoring/Engine Scoring

2022-11-22 15:37:09 - [TEST_STEP][PASSED] - markPassed("Variasi data ke : " + no): Variasi data ke : 9

2022-11-22 15:37:09 - [MESSAGE][PASSED] - Variasi data ke : 9

2022-11-22 15:37:09 - [TEST_STEP][PASSED] - req_data = sendRequest(findTestObject("Search_ME", ["MID":MID, "source":source, "ip":ip, "userid":userid, "branch":branch, "tipekons":tipekons, "marital":marital, "penjamin":penjamin, ... ])): Send request successfully

2022-11-22 15:37:10 - [MESSAGE][INFO] - HAR: D:\DMS\Engine Scoring\Reports\20221122_153620\Exclude KKB - DS\Scoring Individu - Used\20221122_153620\requests\main\16.har

2022-11-22 15:37:10 - [MESSAGE][PASSED] - Send request successfully

2022-11-22 15:37:10 - [TEST_STEP][PASSED] - slurper = new groovy.json.JsonSlurper(): null

2022-11-22 15:37:10 - [TEST_STEP][PASSED] - result = slurper.parseText(req_data.getResponseBodyContent()): null

2022-11-22 15:37:10 - [TEST_STEP][PASSED] - reqid_kons = requestid1: null

2022-11-22 15:37:10 - [TEST_STEP][PASSED] - reqid_spouse = requestid2: null

2022-11-22 15:37:10 - [TEST_STEP][PASSED] - println("requestid kons : " + reqid_kons): null

2022-11-22 15:37:10 - [TEST_STEP][PASSED] - response_searchME_kons = reqid_kons: null

2022-11-22 15:37:10 - [TEST_STEP][PASSED] - response_searchME_spouse = reqid_spouse: null

2022-11-22 15:37:10 - [TEST_STEP][PASSED] - println("kons req id is :" + response_searchME_kons): null

2022-11-22 15:37:10 - [TEST_STEP][PASSED] - println("spouse req id is : " + response_searchME_spouse): null

2022-11-22 15:37:10 - [TEST_STEP][PASSED] - verifyResponseStatusCode(req_data, 200): Verify response status code successfully

2022-11-22 15:37:10 - [MESSAGE][PASSED] - Verify response status code successfully

2022-11-22 15:37:10 - [TEST_STEP][PASSED] - response = req_data.getResponseText(): null

2022-11-22 15:37:10 - [TEST_STEP][PASSED] - logInfo($response): {"status":"Done","data":{"requestid1":"241841","requestid2":""}}

2022-11-22 15:37:10 - [MESSAGE][INFO] - {"status":"Done","data":{"requestid1":"241841","requestid2":""}}

2022-11-22 15:37:10 - [TEST_STEP][PASSED] - delay(3): Delayed 3 second(s)

2022-11-22 15:37:13 - [MESSAGE][PASSED] - Delayed 3 second(s)

2022-11-22 15:37:13 - [TEST_STEP][PASSED] - scoring = sendRequest(findTestObject("EngineScore", ["response_searchME_kons":response_searchME_kons, "response_searchME_spouse":response_searchME_spouse])): Send request successfully

2022-11-22 15:37:13 - [MESSAGE][INFO] - HAR: D:\DMS\Engine Scoring\Reports\20221122_153620\Exclude KKB - DS\Scoring Individu - Used\20221122_153620\requests\main\17.har

2022-11-22 15:37:13 - [MESSAGE][PASSED] - Send request successfully

2022-11-22 15:37:13 - [TEST_STEP][PASSED] - verifyResponseStatusCode(scoring, 200): Verify response status code successfully

2022-11-22 15:37:13 - [MESSAGE][PASSED] - Verify response status code successfully

2022-11-22 15:37:13 - [TEST_STEP][PASSED] - response2 = scoring.getResponseText(): null

2022-11-22 15:37:13 - [TEST_STEP][PASSED] - markPassed("result service data ke : " + no): result service data ke : 9

2022-11-22 15:37:13 - [MESSAGE][PASSED] - result service data ke : 9

2022-11-22 15:37:13 - [TEST_STEP][PASSED] - logInfo($response2): {"result_konsumen":"Reject","result_pasangan":"","Final_result":"Reject","errorMessage":"","status":"Done"}

2022-11-22 15:37:13 - [MESSAGE][INFO] - {"result_konsumen":"Reject","result_pasangan":"","Final_result":"Reject","errorMessage":"","status":"Done"}

2022-11-22 15:37:13 - [TEST_STEP][PASSED] - verifyElementPropertyValue(scoring, "Final_result", final_result): Verify element property value successfully

2022-11-22 15:37:13 - [MESSAGE][PASSED] - Verify element property value successfully]]></system-out>
         <system-err><![CDATA[]]></system-err>
      </testcase>
      <testcase name="Test Cases/Engine_Scoring/Engine Scoring" time="4.931" classname="Test Cases/Engine_Scoring/Engine Scoring" status="PASSED">
         <system-out><![CDATA[2022-11-22 15:37:13 - [TEST_CASE][PASSED] - Test Cases/Engine_Scoring/Engine Scoring: Test Cases/Engine_Scoring/Engine Scoring

2022-11-22 15:37:14 - [TEST_STEP][PASSED] - markPassed("Variasi data ke : " + no): Variasi data ke : 10

2022-11-22 15:37:14 - [MESSAGE][PASSED] - Variasi data ke : 10

2022-11-22 15:37:14 - [TEST_STEP][PASSED] - req_data = sendRequest(findTestObject("Search_ME", ["MID":MID, "source":source, "ip":ip, "userid":userid, "branch":branch, "tipekons":tipekons, "marital":marital, "penjamin":penjamin, ... ])): Send request successfully

2022-11-22 15:37:15 - [MESSAGE][INFO] - HAR: D:\DMS\Engine Scoring\Reports\20221122_153620\Exclude KKB - DS\Scoring Individu - Used\20221122_153620\requests\main\18.har

2022-11-22 15:37:15 - [MESSAGE][PASSED] - Send request successfully

2022-11-22 15:37:15 - [TEST_STEP][PASSED] - slurper = new groovy.json.JsonSlurper(): null

2022-11-22 15:37:15 - [TEST_STEP][PASSED] - result = slurper.parseText(req_data.getResponseBodyContent()): null

2022-11-22 15:37:15 - [TEST_STEP][PASSED] - reqid_kons = requestid1: null

2022-11-22 15:37:15 - [TEST_STEP][PASSED] - reqid_spouse = requestid2: null

2022-11-22 15:37:15 - [TEST_STEP][PASSED] - println("requestid kons : " + reqid_kons): null

2022-11-22 15:37:15 - [TEST_STEP][PASSED] - response_searchME_kons = reqid_kons: null

2022-11-22 15:37:15 - [TEST_STEP][PASSED] - response_searchME_spouse = reqid_spouse: null

2022-11-22 15:37:15 - [TEST_STEP][PASSED] - println("kons req id is :" + response_searchME_kons): null

2022-11-22 15:37:15 - [TEST_STEP][PASSED] - println("spouse req id is : " + response_searchME_spouse): null

2022-11-22 15:37:15 - [TEST_STEP][PASSED] - verifyResponseStatusCode(req_data, 200): Verify response status code successfully

2022-11-22 15:37:15 - [MESSAGE][PASSED] - Verify response status code successfully

2022-11-22 15:37:15 - [TEST_STEP][PASSED] - response = req_data.getResponseText(): null

2022-11-22 15:37:15 - [TEST_STEP][PASSED] - logInfo($response): {"status":"Done","data":{"requestid1":"241842","requestid2":""}}

2022-11-22 15:37:15 - [MESSAGE][INFO] - {"status":"Done","data":{"requestid1":"241842","requestid2":""}}

2022-11-22 15:37:15 - [TEST_STEP][PASSED] - delay(3): Delayed 3 second(s)

2022-11-22 15:37:18 - [MESSAGE][PASSED] - Delayed 3 second(s)

2022-11-22 15:37:18 - [TEST_STEP][PASSED] - scoring = sendRequest(findTestObject("EngineScore", ["response_searchME_kons":response_searchME_kons, "response_searchME_spouse":response_searchME_spouse])): Send request successfully

2022-11-22 15:37:18 - [MESSAGE][INFO] - HAR: D:\DMS\Engine Scoring\Reports\20221122_153620\Exclude KKB - DS\Scoring Individu - Used\20221122_153620\requests\main\19.har

2022-11-22 15:37:18 - [MESSAGE][PASSED] - Send request successfully

2022-11-22 15:37:18 - [TEST_STEP][PASSED] - verifyResponseStatusCode(scoring, 200): Verify response status code successfully

2022-11-22 15:37:18 - [MESSAGE][PASSED] - Verify response status code successfully

2022-11-22 15:37:18 - [TEST_STEP][PASSED] - response2 = scoring.getResponseText(): null

2022-11-22 15:37:18 - [TEST_STEP][PASSED] - markPassed("result service data ke : " + no): result service data ke : 10

2022-11-22 15:37:18 - [MESSAGE][PASSED] - result service data ke : 10

2022-11-22 15:37:18 - [TEST_STEP][PASSED] - logInfo($response2): {"result_konsumen":"Reguler","result_pasangan":"","Final_result":"Reguler","errorMessage":"","status":"Done"}

2022-11-22 15:37:18 - [MESSAGE][INFO] - {"result_konsumen":"Reguler","result_pasangan":"","Final_result":"Reguler","errorMessage":"","status":"Done"}

2022-11-22 15:37:18 - [TEST_STEP][PASSED] - verifyElementPropertyValue(scoring, "Final_result", final_result): Verify element property value successfully

2022-11-22 15:37:18 - [MESSAGE][PASSED] - Verify element property value successfully]]></system-out>
         <system-err><![CDATA[]]></system-err>
      </testcase>
      <testcase name="Test Cases/Engine_Scoring/Engine Scoring" time="4.5" classname="Test Cases/Engine_Scoring/Engine Scoring" status="PASSED">
         <system-out><![CDATA[2022-11-22 15:37:18 - [TEST_CASE][PASSED] - Test Cases/Engine_Scoring/Engine Scoring: Test Cases/Engine_Scoring/Engine Scoring

2022-11-22 15:37:19 - [TEST_STEP][PASSED] - markPassed("Variasi data ke : " + no): Variasi data ke : 11

2022-11-22 15:37:19 - [MESSAGE][PASSED] - Variasi data ke : 11

2022-11-22 15:37:19 - [TEST_STEP][PASSED] - req_data = sendRequest(findTestObject("Search_ME", ["MID":MID, "source":source, "ip":ip, "userid":userid, "branch":branch, "tipekons":tipekons, "marital":marital, "penjamin":penjamin, ... ])): Send request successfully

2022-11-22 15:37:20 - [MESSAGE][INFO] - HAR: D:\DMS\Engine Scoring\Reports\20221122_153620\Exclude KKB - DS\Scoring Individu - Used\20221122_153620\requests\main\20.har

2022-11-22 15:37:20 - [MESSAGE][PASSED] - Send request successfully

2022-11-22 15:37:20 - [TEST_STEP][PASSED] - slurper = new groovy.json.JsonSlurper(): null

2022-11-22 15:37:20 - [TEST_STEP][PASSED] - result = slurper.parseText(req_data.getResponseBodyContent()): null

2022-11-22 15:37:20 - [TEST_STEP][PASSED] - reqid_kons = requestid1: null

2022-11-22 15:37:20 - [TEST_STEP][PASSED] - reqid_spouse = requestid2: null

2022-11-22 15:37:20 - [TEST_STEP][PASSED] - println("requestid kons : " + reqid_kons): null

2022-11-22 15:37:20 - [TEST_STEP][PASSED] - response_searchME_kons = reqid_kons: null

2022-11-22 15:37:20 - [TEST_STEP][PASSED] - response_searchME_spouse = reqid_spouse: null

2022-11-22 15:37:20 - [TEST_STEP][PASSED] - println("kons req id is :" + response_searchME_kons): null

2022-11-22 15:37:20 - [TEST_STEP][PASSED] - println("spouse req id is : " + response_searchME_spouse): null

2022-11-22 15:37:20 - [TEST_STEP][PASSED] - verifyResponseStatusCode(req_data, 200): Verify response status code successfully

2022-11-22 15:37:20 - [MESSAGE][PASSED] - Verify response status code successfully

2022-11-22 15:37:20 - [TEST_STEP][PASSED] - response = req_data.getResponseText(): null

2022-11-22 15:37:20 - [TEST_STEP][PASSED] - logInfo($response): {"status":"Done","data":{"requestid1":"241843","requestid2":""}}

2022-11-22 15:37:20 - [MESSAGE][INFO] - {"status":"Done","data":{"requestid1":"241843","requestid2":""}}

2022-11-22 15:37:20 - [TEST_STEP][PASSED] - delay(3): Delayed 3 second(s)

2022-11-22 15:37:23 - [MESSAGE][PASSED] - Delayed 3 second(s)

2022-11-22 15:37:23 - [TEST_STEP][PASSED] - scoring = sendRequest(findTestObject("EngineScore", ["response_searchME_kons":response_searchME_kons, "response_searchME_spouse":response_searchME_spouse])): Send request successfully

2022-11-22 15:37:23 - [MESSAGE][INFO] - HAR: D:\DMS\Engine Scoring\Reports\20221122_153620\Exclude KKB - DS\Scoring Individu - Used\20221122_153620\requests\main\21.har

2022-11-22 15:37:23 - [MESSAGE][PASSED] - Send request successfully

2022-11-22 15:37:23 - [TEST_STEP][PASSED] - verifyResponseStatusCode(scoring, 200): Verify response status code successfully

2022-11-22 15:37:23 - [MESSAGE][PASSED] - Verify response status code successfully

2022-11-22 15:37:23 - [TEST_STEP][PASSED] - response2 = scoring.getResponseText(): null

2022-11-22 15:37:23 - [TEST_STEP][PASSED] - markPassed("result service data ke : " + no): result service data ke : 11

2022-11-22 15:37:23 - [MESSAGE][PASSED] - result service data ke : 11

2022-11-22 15:37:23 - [TEST_STEP][PASSED] - logInfo($response2): {"result_konsumen":"Reguler","result_pasangan":"","Final_result":"Reguler","errorMessage":"","status":"Done"}

2022-11-22 15:37:23 - [MESSAGE][INFO] - {"result_konsumen":"Reguler","result_pasangan":"","Final_result":"Reguler","errorMessage":"","status":"Done"}

2022-11-22 15:37:23 - [TEST_STEP][PASSED] - verifyElementPropertyValue(scoring, "Final_result", final_result): Verify element property value successfully

2022-11-22 15:37:23 - [MESSAGE][PASSED] - Verify element property value successfully]]></system-out>
         <system-err><![CDATA[]]></system-err>
      </testcase>
      <testcase name="Test Cases/Engine_Scoring/Engine Scoring" time="4.473" classname="Test Cases/Engine_Scoring/Engine Scoring" status="PASSED">
         <system-out><![CDATA[2022-11-22 15:37:23 - [TEST_CASE][PASSED] - Test Cases/Engine_Scoring/Engine Scoring: Test Cases/Engine_Scoring/Engine Scoring

2022-11-22 15:37:23 - [TEST_STEP][PASSED] - markPassed("Variasi data ke : " + no): Variasi data ke : 12

2022-11-22 15:37:23 - [MESSAGE][PASSED] - Variasi data ke : 12

2022-11-22 15:37:23 - [TEST_STEP][PASSED] - req_data = sendRequest(findTestObject("Search_ME", ["MID":MID, "source":source, "ip":ip, "userid":userid, "branch":branch, "tipekons":tipekons, "marital":marital, "penjamin":penjamin, ... ])): Send request successfully

2022-11-22 15:37:24 - [MESSAGE][INFO] - HAR: D:\DMS\Engine Scoring\Reports\20221122_153620\Exclude KKB - DS\Scoring Individu - Used\20221122_153620\requests\main\22.har

2022-11-22 15:37:24 - [MESSAGE][PASSED] - Send request successfully

2022-11-22 15:37:24 - [TEST_STEP][PASSED] - slurper = new groovy.json.JsonSlurper(): null

2022-11-22 15:37:24 - [TEST_STEP][PASSED] - result = slurper.parseText(req_data.getResponseBodyContent()): null

2022-11-22 15:37:24 - [TEST_STEP][PASSED] - reqid_kons = requestid1: null

2022-11-22 15:37:24 - [TEST_STEP][PASSED] - reqid_spouse = requestid2: null

2022-11-22 15:37:24 - [TEST_STEP][PASSED] - println("requestid kons : " + reqid_kons): null

2022-11-22 15:37:24 - [TEST_STEP][PASSED] - response_searchME_kons = reqid_kons: null

2022-11-22 15:37:24 - [TEST_STEP][PASSED] - response_searchME_spouse = reqid_spouse: null

2022-11-22 15:37:24 - [TEST_STEP][PASSED] - println("kons req id is :" + response_searchME_kons): null

2022-11-22 15:37:24 - [TEST_STEP][PASSED] - println("spouse req id is : " + response_searchME_spouse): null

2022-11-22 15:37:24 - [TEST_STEP][PASSED] - verifyResponseStatusCode(req_data, 200): Verify response status code successfully

2022-11-22 15:37:24 - [MESSAGE][PASSED] - Verify response status code successfully

2022-11-22 15:37:24 - [TEST_STEP][PASSED] - response = req_data.getResponseText(): null

2022-11-22 15:37:24 - [TEST_STEP][PASSED] - logInfo($response): {"status":"Done","data":{"requestid1":"241844","requestid2":""}}

2022-11-22 15:37:24 - [MESSAGE][INFO] - {"status":"Done","data":{"requestid1":"241844","requestid2":""}}

2022-11-22 15:37:24 - [TEST_STEP][PASSED] - delay(3): Delayed 3 second(s)

2022-11-22 15:37:27 - [MESSAGE][PASSED] - Delayed 3 second(s)

2022-11-22 15:37:27 - [TEST_STEP][PASSED] - scoring = sendRequest(findTestObject("EngineScore", ["response_searchME_kons":response_searchME_kons, "response_searchME_spouse":response_searchME_spouse])): Send request successfully

2022-11-22 15:37:27 - [MESSAGE][INFO] - HAR: D:\DMS\Engine Scoring\Reports\20221122_153620\Exclude KKB - DS\Scoring Individu - Used\20221122_153620\requests\main\23.har

2022-11-22 15:37:27 - [MESSAGE][PASSED] - Send request successfully

2022-11-22 15:37:27 - [TEST_STEP][PASSED] - verifyResponseStatusCode(scoring, 200): Verify response status code successfully

2022-11-22 15:37:27 - [MESSAGE][PASSED] - Verify response status code successfully

2022-11-22 15:37:27 - [TEST_STEP][PASSED] - response2 = scoring.getResponseText(): null

2022-11-22 15:37:27 - [TEST_STEP][PASSED] - markPassed("result service data ke : " + no): result service data ke : 12

2022-11-22 15:37:27 - [MESSAGE][PASSED] - result service data ke : 12

2022-11-22 15:37:27 - [TEST_STEP][PASSED] - logInfo($response2): {"result_konsumen":"Reguler","result_pasangan":"","Final_result":"Reguler","errorMessage":"","status":"Done"}

2022-11-22 15:37:27 - [MESSAGE][INFO] - {"result_konsumen":"Reguler","result_pasangan":"","Final_result":"Reguler","errorMessage":"","status":"Done"}

2022-11-22 15:37:27 - [TEST_STEP][PASSED] - verifyElementPropertyValue(scoring, "Final_result", final_result): Verify element property value successfully

2022-11-22 15:37:27 - [MESSAGE][PASSED] - Verify element property value successfully]]></system-out>
         <system-err><![CDATA[]]></system-err>
      </testcase>
      <testcase name="Test Cases/Engine_Scoring/Engine Scoring" time="4.496" classname="Test Cases/Engine_Scoring/Engine Scoring" status="PASSED">
         <system-out><![CDATA[2022-11-22 15:37:27 - [TEST_CASE][PASSED] - Test Cases/Engine_Scoring/Engine Scoring: Test Cases/Engine_Scoring/Engine Scoring

2022-11-22 15:37:28 - [TEST_STEP][PASSED] - markPassed("Variasi data ke : " + no): Variasi data ke : 13

2022-11-22 15:37:28 - [MESSAGE][PASSED] - Variasi data ke : 13

2022-11-22 15:37:28 - [TEST_STEP][PASSED] - req_data = sendRequest(findTestObject("Search_ME", ["MID":MID, "source":source, "ip":ip, "userid":userid, "branch":branch, "tipekons":tipekons, "marital":marital, "penjamin":penjamin, ... ])): Send request successfully

2022-11-22 15:37:29 - [MESSAGE][INFO] - HAR: D:\DMS\Engine Scoring\Reports\20221122_153620\Exclude KKB - DS\Scoring Individu - Used\20221122_153620\requests\main\24.har

2022-11-22 15:37:29 - [MESSAGE][PASSED] - Send request successfully

2022-11-22 15:37:29 - [TEST_STEP][PASSED] - slurper = new groovy.json.JsonSlurper(): null

2022-11-22 15:37:29 - [TEST_STEP][PASSED] - result = slurper.parseText(req_data.getResponseBodyContent()): null

2022-11-22 15:37:29 - [TEST_STEP][PASSED] - reqid_kons = requestid1: null

2022-11-22 15:37:29 - [TEST_STEP][PASSED] - reqid_spouse = requestid2: null

2022-11-22 15:37:29 - [TEST_STEP][PASSED] - println("requestid kons : " + reqid_kons): null

2022-11-22 15:37:29 - [TEST_STEP][PASSED] - response_searchME_kons = reqid_kons: null

2022-11-22 15:37:29 - [TEST_STEP][PASSED] - response_searchME_spouse = reqid_spouse: null

2022-11-22 15:37:29 - [TEST_STEP][PASSED] - println("kons req id is :" + response_searchME_kons): null

2022-11-22 15:37:29 - [TEST_STEP][PASSED] - println("spouse req id is : " + response_searchME_spouse): null

2022-11-22 15:37:29 - [TEST_STEP][PASSED] - verifyResponseStatusCode(req_data, 200): Verify response status code successfully

2022-11-22 15:37:29 - [MESSAGE][PASSED] - Verify response status code successfully

2022-11-22 15:37:29 - [TEST_STEP][PASSED] - response = req_data.getResponseText(): null

2022-11-22 15:37:29 - [TEST_STEP][PASSED] - logInfo($response): {"status":"Done","data":{"requestid1":"241845","requestid2":""}}

2022-11-22 15:37:29 - [MESSAGE][INFO] - {"status":"Done","data":{"requestid1":"241845","requestid2":""}}

2022-11-22 15:37:29 - [TEST_STEP][PASSED] - delay(3): Delayed 3 second(s)

2022-11-22 15:37:32 - [MESSAGE][PASSED] - Delayed 3 second(s)

2022-11-22 15:37:32 - [TEST_STEP][PASSED] - scoring = sendRequest(findTestObject("EngineScore", ["response_searchME_kons":response_searchME_kons, "response_searchME_spouse":response_searchME_spouse])): Send request successfully

2022-11-22 15:37:32 - [MESSAGE][INFO] - HAR: D:\DMS\Engine Scoring\Reports\20221122_153620\Exclude KKB - DS\Scoring Individu - Used\20221122_153620\requests\main\25.har

2022-11-22 15:37:32 - [MESSAGE][PASSED] - Send request successfully

2022-11-22 15:37:32 - [TEST_STEP][PASSED] - verifyResponseStatusCode(scoring, 200): Verify response status code successfully

2022-11-22 15:37:32 - [MESSAGE][PASSED] - Verify response status code successfully

2022-11-22 15:37:32 - [TEST_STEP][PASSED] - response2 = scoring.getResponseText(): null

2022-11-22 15:37:32 - [TEST_STEP][PASSED] - markPassed("result service data ke : " + no): result service data ke : 13

2022-11-22 15:37:32 - [MESSAGE][PASSED] - result service data ke : 13

2022-11-22 15:37:32 - [TEST_STEP][PASSED] - logInfo($response2): {"result_konsumen":"Approve","result_pasangan":"","Final_result":"Approve","errorMessage":"","status":"Done"}

2022-11-22 15:37:32 - [MESSAGE][INFO] - {"result_konsumen":"Approve","result_pasangan":"","Final_result":"Approve","errorMessage":"","status":"Done"}

2022-11-22 15:37:32 - [TEST_STEP][PASSED] - verifyElementPropertyValue(scoring, "Final_result", final_result): Verify element property value successfully

2022-11-22 15:37:32 - [MESSAGE][PASSED] - Verify element property value successfully]]></system-out>
         <system-err><![CDATA[]]></system-err>
      </testcase>
      <testcase name="Test Cases/Engine_Scoring/Engine Scoring" time="4.641" classname="Test Cases/Engine_Scoring/Engine Scoring" status="PASSED">
         <system-out><![CDATA[2022-11-22 15:37:32 - [TEST_CASE][PASSED] - Test Cases/Engine_Scoring/Engine Scoring: Test Cases/Engine_Scoring/Engine Scoring

2022-11-22 15:37:33 - [TEST_STEP][PASSED] - markPassed("Variasi data ke : " + no): Variasi data ke : 14

2022-11-22 15:37:33 - [MESSAGE][PASSED] - Variasi data ke : 14

2022-11-22 15:37:33 - [TEST_STEP][PASSED] - req_data = sendRequest(findTestObject("Search_ME", ["MID":MID, "source":source, "ip":ip, "userid":userid, "branch":branch, "tipekons":tipekons, "marital":marital, "penjamin":penjamin, ... ])): Send request successfully

2022-11-22 15:37:33 - [MESSAGE][INFO] - HAR: D:\DMS\Engine Scoring\Reports\20221122_153620\Exclude KKB - DS\Scoring Individu - Used\20221122_153620\requests\main\26.har

2022-11-22 15:37:33 - [MESSAGE][PASSED] - Send request successfully

2022-11-22 15:37:33 - [TEST_STEP][PASSED] - slurper = new groovy.json.JsonSlurper(): null

2022-11-22 15:37:33 - [TEST_STEP][PASSED] - result = slurper.parseText(req_data.getResponseBodyContent()): null

2022-11-22 15:37:33 - [TEST_STEP][PASSED] - reqid_kons = requestid1: null

2022-11-22 15:37:33 - [TEST_STEP][PASSED] - reqid_spouse = requestid2: null

2022-11-22 15:37:33 - [TEST_STEP][PASSED] - println("requestid kons : " + reqid_kons): null

2022-11-22 15:37:33 - [TEST_STEP][PASSED] - response_searchME_kons = reqid_kons: null

2022-11-22 15:37:33 - [TEST_STEP][PASSED] - response_searchME_spouse = reqid_spouse: null

2022-11-22 15:37:33 - [TEST_STEP][PASSED] - println("kons req id is :" + response_searchME_kons): null

2022-11-22 15:37:33 - [TEST_STEP][PASSED] - println("spouse req id is : " + response_searchME_spouse): null

2022-11-22 15:37:33 - [TEST_STEP][PASSED] - verifyResponseStatusCode(req_data, 200): Verify response status code successfully

2022-11-22 15:37:33 - [MESSAGE][PASSED] - Verify response status code successfully

2022-11-22 15:37:33 - [TEST_STEP][PASSED] - response = req_data.getResponseText(): null

2022-11-22 15:37:33 - [TEST_STEP][PASSED] - logInfo($response): {"status":"Done","data":{"requestid1":"241846","requestid2":""}}

2022-11-22 15:37:33 - [MESSAGE][INFO] - {"status":"Done","data":{"requestid1":"241846","requestid2":""}}

2022-11-22 15:37:33 - [TEST_STEP][PASSED] - delay(3): Delayed 3 second(s)

2022-11-22 15:37:36 - [MESSAGE][PASSED] - Delayed 3 second(s)

2022-11-22 15:37:36 - [TEST_STEP][PASSED] - scoring = sendRequest(findTestObject("EngineScore", ["response_searchME_kons":response_searchME_kons, "response_searchME_spouse":response_searchME_spouse])): Send request successfully

2022-11-22 15:37:36 - [MESSAGE][INFO] - HAR: D:\DMS\Engine Scoring\Reports\20221122_153620\Exclude KKB - DS\Scoring Individu - Used\20221122_153620\requests\main\27.har

2022-11-22 15:37:36 - [MESSAGE][PASSED] - Send request successfully

2022-11-22 15:37:36 - [TEST_STEP][PASSED] - verifyResponseStatusCode(scoring, 200): Verify response status code successfully

2022-11-22 15:37:36 - [MESSAGE][PASSED] - Verify response status code successfully

2022-11-22 15:37:36 - [TEST_STEP][PASSED] - response2 = scoring.getResponseText(): null

2022-11-22 15:37:36 - [TEST_STEP][PASSED] - markPassed("result service data ke : " + no): result service data ke : 14

2022-11-22 15:37:36 - [MESSAGE][PASSED] - result service data ke : 14

2022-11-22 15:37:36 - [TEST_STEP][PASSED] - logInfo($response2): {"result_konsumen":"Approve","result_pasangan":"","Final_result":"Approve","errorMessage":"","status":"Done"}

2022-11-22 15:37:36 - [MESSAGE][INFO] - {"result_konsumen":"Approve","result_pasangan":"","Final_result":"Approve","errorMessage":"","status":"Done"}

2022-11-22 15:37:36 - [TEST_STEP][PASSED] - verifyElementPropertyValue(scoring, "Final_result", final_result): Verify element property value successfully

2022-11-22 15:37:36 - [MESSAGE][PASSED] - Verify element property value successfully]]></system-out>
         <system-err><![CDATA[]]></system-err>
      </testcase>
      <testcase name="Test Cases/Engine_Scoring/Engine Scoring" time="4.671" classname="Test Cases/Engine_Scoring/Engine Scoring" status="PASSED">
         <system-out><![CDATA[2022-11-22 15:37:36 - [TEST_CASE][PASSED] - Test Cases/Engine_Scoring/Engine Scoring: Test Cases/Engine_Scoring/Engine Scoring

2022-11-22 15:37:37 - [TEST_STEP][PASSED] - markPassed("Variasi data ke : " + no): Variasi data ke : 15

2022-11-22 15:37:37 - [MESSAGE][PASSED] - Variasi data ke : 15

2022-11-22 15:37:37 - [TEST_STEP][PASSED] - req_data = sendRequest(findTestObject("Search_ME", ["MID":MID, "source":source, "ip":ip, "userid":userid, "branch":branch, "tipekons":tipekons, "marital":marital, "penjamin":penjamin, ... ])): Send request successfully

2022-11-22 15:37:38 - [MESSAGE][INFO] - HAR: D:\DMS\Engine Scoring\Reports\20221122_153620\Exclude KKB - DS\Scoring Individu - Used\20221122_153620\requests\main\28.har

2022-11-22 15:37:38 - [MESSAGE][PASSED] - Send request successfully

2022-11-22 15:37:38 - [TEST_STEP][PASSED] - slurper = new groovy.json.JsonSlurper(): null

2022-11-22 15:37:38 - [TEST_STEP][PASSED] - result = slurper.parseText(req_data.getResponseBodyContent()): null

2022-11-22 15:37:38 - [TEST_STEP][PASSED] - reqid_kons = requestid1: null

2022-11-22 15:37:38 - [TEST_STEP][PASSED] - reqid_spouse = requestid2: null

2022-11-22 15:37:38 - [TEST_STEP][PASSED] - println("requestid kons : " + reqid_kons): null

2022-11-22 15:37:38 - [TEST_STEP][PASSED] - response_searchME_kons = reqid_kons: null

2022-11-22 15:37:38 - [TEST_STEP][PASSED] - response_searchME_spouse = reqid_spouse: null

2022-11-22 15:37:38 - [TEST_STEP][PASSED] - println("kons req id is :" + response_searchME_kons): null

2022-11-22 15:37:38 - [TEST_STEP][PASSED] - println("spouse req id is : " + response_searchME_spouse): null

2022-11-22 15:37:38 - [TEST_STEP][PASSED] - verifyResponseStatusCode(req_data, 200): Verify response status code successfully

2022-11-22 15:37:38 - [MESSAGE][PASSED] - Verify response status code successfully

2022-11-22 15:37:38 - [TEST_STEP][PASSED] - response = req_data.getResponseText(): null

2022-11-22 15:37:38 - [TEST_STEP][PASSED] - logInfo($response): {"status":"Done","data":{"requestid1":"241847","requestid2":""}}

2022-11-22 15:37:38 - [MESSAGE][INFO] - {"status":"Done","data":{"requestid1":"241847","requestid2":""}}

2022-11-22 15:37:38 - [TEST_STEP][PASSED] - delay(3): Delayed 3 second(s)

2022-11-22 15:37:41 - [MESSAGE][PASSED] - Delayed 3 second(s)

2022-11-22 15:37:41 - [TEST_STEP][PASSED] - scoring = sendRequest(findTestObject("EngineScore", ["response_searchME_kons":response_searchME_kons, "response_searchME_spouse":response_searchME_spouse])): Send request successfully

2022-11-22 15:37:41 - [MESSAGE][INFO] - HAR: D:\DMS\Engine Scoring\Reports\20221122_153620\Exclude KKB - DS\Scoring Individu - Used\20221122_153620\requests\main\29.har

2022-11-22 15:37:41 - [MESSAGE][PASSED] - Send request successfully

2022-11-22 15:37:41 - [TEST_STEP][PASSED] - verifyResponseStatusCode(scoring, 200): Verify response status code successfully

2022-11-22 15:37:41 - [MESSAGE][PASSED] - Verify response status code successfully

2022-11-22 15:37:41 - [TEST_STEP][PASSED] - response2 = scoring.getResponseText(): null

2022-11-22 15:37:41 - [TEST_STEP][PASSED] - markPassed("result service data ke : " + no): result service data ke : 15

2022-11-22 15:37:41 - [MESSAGE][PASSED] - result service data ke : 15

2022-11-22 15:37:41 - [TEST_STEP][PASSED] - logInfo($response2): {"result_konsumen":"Approve","result_pasangan":"","Final_result":"Approve","errorMessage":"","status":"Done"}

2022-11-22 15:37:41 - [MESSAGE][INFO] - {"result_konsumen":"Approve","result_pasangan":"","Final_result":"Approve","errorMessage":"","status":"Done"}

2022-11-22 15:37:41 - [TEST_STEP][PASSED] - verifyElementPropertyValue(scoring, "Final_result", final_result): Verify element property value successfully

2022-11-22 15:37:41 - [MESSAGE][PASSED] - Verify element property value successfully]]></system-out>
         <system-err><![CDATA[]]></system-err>
      </testcase>
      <testcase name="Test Cases/Engine_Scoring/Engine Scoring" time="4.631" classname="Test Cases/Engine_Scoring/Engine Scoring" status="PASSED">
         <system-out><![CDATA[2022-11-22 15:37:41 - [TEST_CASE][PASSED] - Test Cases/Engine_Scoring/Engine Scoring: Test Cases/Engine_Scoring/Engine Scoring

2022-11-22 15:37:42 - [TEST_STEP][PASSED] - markPassed("Variasi data ke : " + no): Variasi data ke : 16

2022-11-22 15:37:42 - [MESSAGE][PASSED] - Variasi data ke : 16

2022-11-22 15:37:42 - [TEST_STEP][PASSED] - req_data = sendRequest(findTestObject("Search_ME", ["MID":MID, "source":source, "ip":ip, "userid":userid, "branch":branch, "tipekons":tipekons, "marital":marital, "penjamin":penjamin, ... ])): Send request successfully

2022-11-22 15:37:43 - [MESSAGE][INFO] - HAR: D:\DMS\Engine Scoring\Reports\20221122_153620\Exclude KKB - DS\Scoring Individu - Used\20221122_153620\requests\main\30.har

2022-11-22 15:37:43 - [MESSAGE][PASSED] - Send request successfully

2022-11-22 15:37:43 - [TEST_STEP][PASSED] - slurper = new groovy.json.JsonSlurper(): null

2022-11-22 15:37:43 - [TEST_STEP][PASSED] - result = slurper.parseText(req_data.getResponseBodyContent()): null

2022-11-22 15:37:43 - [TEST_STEP][PASSED] - reqid_kons = requestid1: null

2022-11-22 15:37:43 - [TEST_STEP][PASSED] - reqid_spouse = requestid2: null

2022-11-22 15:37:43 - [TEST_STEP][PASSED] - println("requestid kons : " + reqid_kons): null

2022-11-22 15:37:43 - [TEST_STEP][PASSED] - response_searchME_kons = reqid_kons: null

2022-11-22 15:37:43 - [TEST_STEP][PASSED] - response_searchME_spouse = reqid_spouse: null

2022-11-22 15:37:43 - [TEST_STEP][PASSED] - println("kons req id is :" + response_searchME_kons): null

2022-11-22 15:37:43 - [TEST_STEP][PASSED] - println("spouse req id is : " + response_searchME_spouse): null

2022-11-22 15:37:43 - [TEST_STEP][PASSED] - verifyResponseStatusCode(req_data, 200): Verify response status code successfully

2022-11-22 15:37:43 - [MESSAGE][PASSED] - Verify response status code successfully

2022-11-22 15:37:43 - [TEST_STEP][PASSED] - response = req_data.getResponseText(): null

2022-11-22 15:37:43 - [TEST_STEP][PASSED] - logInfo($response): {"status":"Done","data":{"requestid1":"241848","requestid2":""}}

2022-11-22 15:37:43 - [MESSAGE][INFO] - {"status":"Done","data":{"requestid1":"241848","requestid2":""}}

2022-11-22 15:37:43 - [TEST_STEP][PASSED] - delay(3): Delayed 3 second(s)

2022-11-22 15:37:46 - [MESSAGE][PASSED] - Delayed 3 second(s)

2022-11-22 15:37:46 - [TEST_STEP][PASSED] - scoring = sendRequest(findTestObject("EngineScore", ["response_searchME_kons":response_searchME_kons, "response_searchME_spouse":response_searchME_spouse])): Send request successfully

2022-11-22 15:37:46 - [MESSAGE][INFO] - HAR: D:\DMS\Engine Scoring\Reports\20221122_153620\Exclude KKB - DS\Scoring Individu - Used\20221122_153620\requests\main\31.har

2022-11-22 15:37:46 - [MESSAGE][PASSED] - Send request successfully

2022-11-22 15:37:46 - [TEST_STEP][PASSED] - verifyResponseStatusCode(scoring, 200): Verify response status code successfully

2022-11-22 15:37:46 - [MESSAGE][PASSED] - Verify response status code successfully

2022-11-22 15:37:46 - [TEST_STEP][PASSED] - response2 = scoring.getResponseText(): null

2022-11-22 15:37:46 - [TEST_STEP][PASSED] - markPassed("result service data ke : " + no): result service data ke : 16

2022-11-22 15:37:46 - [MESSAGE][PASSED] - result service data ke : 16

2022-11-22 15:37:46 - [TEST_STEP][PASSED] - logInfo($response2): {"result_konsumen":"Approve","result_pasangan":"","Final_result":"Approve","errorMessage":"","status":"Done"}

2022-11-22 15:37:46 - [MESSAGE][INFO] - {"result_konsumen":"Approve","result_pasangan":"","Final_result":"Approve","errorMessage":"","status":"Done"}

2022-11-22 15:37:46 - [TEST_STEP][PASSED] - verifyElementPropertyValue(scoring, "Final_result", final_result): Verify element property value successfully

2022-11-22 15:37:46 - [MESSAGE][PASSED] - Verify element property value successfully]]></system-out>
         <system-err><![CDATA[]]></system-err>
      </testcase>
      <testcase name="Test Cases/Engine_Scoring/Engine Scoring" time="4.519" classname="Test Cases/Engine_Scoring/Engine Scoring" status="PASSED">
         <system-out><![CDATA[2022-11-22 15:37:46 - [TEST_CASE][PASSED] - Test Cases/Engine_Scoring/Engine Scoring: Test Cases/Engine_Scoring/Engine Scoring

2022-11-22 15:37:47 - [TEST_STEP][PASSED] - markPassed("Variasi data ke : " + no): Variasi data ke : 17

2022-11-22 15:37:47 - [MESSAGE][PASSED] - Variasi data ke : 17

2022-11-22 15:37:47 - [TEST_STEP][PASSED] - req_data = sendRequest(findTestObject("Search_ME", ["MID":MID, "source":source, "ip":ip, "userid":userid, "branch":branch, "tipekons":tipekons, "marital":marital, "penjamin":penjamin, ... ])): Send request successfully

2022-11-22 15:37:47 - [MESSAGE][INFO] - HAR: D:\DMS\Engine Scoring\Reports\20221122_153620\Exclude KKB - DS\Scoring Individu - Used\20221122_153620\requests\main\32.har

2022-11-22 15:37:47 - [MESSAGE][PASSED] - Send request successfully

2022-11-22 15:37:47 - [TEST_STEP][PASSED] - slurper = new groovy.json.JsonSlurper(): null

2022-11-22 15:37:47 - [TEST_STEP][PASSED] - result = slurper.parseText(req_data.getResponseBodyContent()): null

2022-11-22 15:37:47 - [TEST_STEP][PASSED] - reqid_kons = requestid1: null

2022-11-22 15:37:47 - [TEST_STEP][PASSED] - reqid_spouse = requestid2: null

2022-11-22 15:37:47 - [TEST_STEP][PASSED] - println("requestid kons : " + reqid_kons): null

2022-11-22 15:37:47 - [TEST_STEP][PASSED] - response_searchME_kons = reqid_kons: null

2022-11-22 15:37:47 - [TEST_STEP][PASSED] - response_searchME_spouse = reqid_spouse: null

2022-11-22 15:37:47 - [TEST_STEP][PASSED] - println("kons req id is :" + response_searchME_kons): null

2022-11-22 15:37:47 - [TEST_STEP][PASSED] - println("spouse req id is : " + response_searchME_spouse): null

2022-11-22 15:37:47 - [TEST_STEP][PASSED] - verifyResponseStatusCode(req_data, 200): Verify response status code successfully

2022-11-22 15:37:47 - [MESSAGE][PASSED] - Verify response status code successfully

2022-11-22 15:37:47 - [TEST_STEP][PASSED] - response = req_data.getResponseText(): null

2022-11-22 15:37:47 - [TEST_STEP][PASSED] - logInfo($response): {"status":"Done","data":{"requestid1":"241849","requestid2":""}}

2022-11-22 15:37:47 - [MESSAGE][INFO] - {"status":"Done","data":{"requestid1":"241849","requestid2":""}}

2022-11-22 15:37:47 - [TEST_STEP][PASSED] - delay(3): Delayed 3 second(s)

2022-11-22 15:37:50 - [MESSAGE][PASSED] - Delayed 3 second(s)

2022-11-22 15:37:50 - [TEST_STEP][PASSED] - scoring = sendRequest(findTestObject("EngineScore", ["response_searchME_kons":response_searchME_kons, "response_searchME_spouse":response_searchME_spouse])): Send request successfully

2022-11-22 15:37:50 - [MESSAGE][INFO] - HAR: D:\DMS\Engine Scoring\Reports\20221122_153620\Exclude KKB - DS\Scoring Individu - Used\20221122_153620\requests\main\33.har

2022-11-22 15:37:50 - [MESSAGE][PASSED] - Send request successfully

2022-11-22 15:37:50 - [TEST_STEP][PASSED] - verifyResponseStatusCode(scoring, 200): Verify response status code successfully

2022-11-22 15:37:50 - [MESSAGE][PASSED] - Verify response status code successfully

2022-11-22 15:37:50 - [TEST_STEP][PASSED] - response2 = scoring.getResponseText(): null

2022-11-22 15:37:50 - [TEST_STEP][PASSED] - markPassed("result service data ke : " + no): result service data ke : 17

2022-11-22 15:37:50 - [MESSAGE][PASSED] - result service data ke : 17

2022-11-22 15:37:50 - [TEST_STEP][PASSED] - logInfo($response2): {"result_konsumen":"Approve","result_pasangan":"","Final_result":"Approve","errorMessage":"","status":"Done"}

2022-11-22 15:37:50 - [MESSAGE][INFO] - {"result_konsumen":"Approve","result_pasangan":"","Final_result":"Approve","errorMessage":"","status":"Done"}

2022-11-22 15:37:50 - [TEST_STEP][PASSED] - verifyElementPropertyValue(scoring, "Final_result", final_result): Verify element property value successfully

2022-11-22 15:37:50 - [MESSAGE][PASSED] - Verify element property value successfully]]></system-out>
         <system-err><![CDATA[]]></system-err>
      </testcase>
      <testcase name="Test Cases/Engine_Scoring/Engine Scoring" time="4.635" classname="Test Cases/Engine_Scoring/Engine Scoring" status="PASSED">
         <system-out><![CDATA[2022-11-22 15:37:50 - [TEST_CASE][PASSED] - Test Cases/Engine_Scoring/Engine Scoring: Test Cases/Engine_Scoring/Engine Scoring

2022-11-22 15:37:51 - [TEST_STEP][PASSED] - markPassed("Variasi data ke : " + no): Variasi data ke : 18

2022-11-22 15:37:51 - [MESSAGE][PASSED] - Variasi data ke : 18

2022-11-22 15:37:51 - [TEST_STEP][PASSED] - req_data = sendRequest(findTestObject("Search_ME", ["MID":MID, "source":source, "ip":ip, "userid":userid, "branch":branch, "tipekons":tipekons, "marital":marital, "penjamin":penjamin, ... ])): Send request successfully

2022-11-22 15:37:52 - [MESSAGE][INFO] - HAR: D:\DMS\Engine Scoring\Reports\20221122_153620\Exclude KKB - DS\Scoring Individu - Used\20221122_153620\requests\main\34.har

2022-11-22 15:37:52 - [MESSAGE][PASSED] - Send request successfully

2022-11-22 15:37:52 - [TEST_STEP][PASSED] - slurper = new groovy.json.JsonSlurper(): null

2022-11-22 15:37:52 - [TEST_STEP][PASSED] - result = slurper.parseText(req_data.getResponseBodyContent()): null

2022-11-22 15:37:52 - [TEST_STEP][PASSED] - reqid_kons = requestid1: null

2022-11-22 15:37:52 - [TEST_STEP][PASSED] - reqid_spouse = requestid2: null

2022-11-22 15:37:52 - [TEST_STEP][PASSED] - println("requestid kons : " + reqid_kons): null

2022-11-22 15:37:52 - [TEST_STEP][PASSED] - response_searchME_kons = reqid_kons: null

2022-11-22 15:37:52 - [TEST_STEP][PASSED] - response_searchME_spouse = reqid_spouse: null

2022-11-22 15:37:52 - [TEST_STEP][PASSED] - println("kons req id is :" + response_searchME_kons): null

2022-11-22 15:37:52 - [TEST_STEP][PASSED] - println("spouse req id is : " + response_searchME_spouse): null

2022-11-22 15:37:52 - [TEST_STEP][PASSED] - verifyResponseStatusCode(req_data, 200): Verify response status code successfully

2022-11-22 15:37:52 - [MESSAGE][PASSED] - Verify response status code successfully

2022-11-22 15:37:52 - [TEST_STEP][PASSED] - response = req_data.getResponseText(): null

2022-11-22 15:37:52 - [TEST_STEP][PASSED] - logInfo($response): {"status":"Done","data":{"requestid1":"241850","requestid2":""}}

2022-11-22 15:37:52 - [MESSAGE][INFO] - {"status":"Done","data":{"requestid1":"241850","requestid2":""}}

2022-11-22 15:37:52 - [TEST_STEP][PASSED] - delay(3): Delayed 3 second(s)

2022-11-22 15:37:55 - [MESSAGE][PASSED] - Delayed 3 second(s)

2022-11-22 15:37:55 - [TEST_STEP][PASSED] - scoring = sendRequest(findTestObject("EngineScore", ["response_searchME_kons":response_searchME_kons, "response_searchME_spouse":response_searchME_spouse])): Send request successfully

2022-11-22 15:37:55 - [MESSAGE][INFO] - HAR: D:\DMS\Engine Scoring\Reports\20221122_153620\Exclude KKB - DS\Scoring Individu - Used\20221122_153620\requests\main\35.har

2022-11-22 15:37:55 - [MESSAGE][PASSED] - Send request successfully

2022-11-22 15:37:55 - [TEST_STEP][PASSED] - verifyResponseStatusCode(scoring, 200): Verify response status code successfully

2022-11-22 15:37:55 - [MESSAGE][PASSED] - Verify response status code successfully

2022-11-22 15:37:55 - [TEST_STEP][PASSED] - response2 = scoring.getResponseText(): null

2022-11-22 15:37:55 - [TEST_STEP][PASSED] - markPassed("result service data ke : " + no): result service data ke : 18

2022-11-22 15:37:55 - [MESSAGE][PASSED] - result service data ke : 18

2022-11-22 15:37:55 - [TEST_STEP][PASSED] - logInfo($response2): {"result_konsumen":"Approve","result_pasangan":"","Final_result":"Approve","errorMessage":"","status":"Done"}

2022-11-22 15:37:55 - [MESSAGE][INFO] - {"result_konsumen":"Approve","result_pasangan":"","Final_result":"Approve","errorMessage":"","status":"Done"}

2022-11-22 15:37:55 - [TEST_STEP][PASSED] - verifyElementPropertyValue(scoring, "Final_result", final_result): Verify element property value successfully

2022-11-22 15:37:55 - [MESSAGE][PASSED] - Verify element property value successfully]]></system-out>
         <system-err><![CDATA[]]></system-err>
      </testcase>
      <testcase name="Test Cases/Engine_Scoring/Engine Scoring" time="4.494" classname="Test Cases/Engine_Scoring/Engine Scoring" status="PASSED">
         <system-out><![CDATA[2022-11-22 15:37:55 - [TEST_CASE][PASSED] - Test Cases/Engine_Scoring/Engine Scoring: Test Cases/Engine_Scoring/Engine Scoring

2022-11-22 15:37:56 - [TEST_STEP][PASSED] - markPassed("Variasi data ke : " + no): Variasi data ke : 19

2022-11-22 15:37:56 - [MESSAGE][PASSED] - Variasi data ke : 19

2022-11-22 15:37:56 - [TEST_STEP][PASSED] - req_data = sendRequest(findTestObject("Search_ME", ["MID":MID, "source":source, "ip":ip, "userid":userid, "branch":branch, "tipekons":tipekons, "marital":marital, "penjamin":penjamin, ... ])): Send request successfully

2022-11-22 15:37:56 - [MESSAGE][INFO] - HAR: D:\DMS\Engine Scoring\Reports\20221122_153620\Exclude KKB - DS\Scoring Individu - Used\20221122_153620\requests\main\36.har

2022-11-22 15:37:56 - [MESSAGE][PASSED] - Send request successfully

2022-11-22 15:37:56 - [TEST_STEP][PASSED] - slurper = new groovy.json.JsonSlurper(): null

2022-11-22 15:37:56 - [TEST_STEP][PASSED] - result = slurper.parseText(req_data.getResponseBodyContent()): null

2022-11-22 15:37:56 - [TEST_STEP][PASSED] - reqid_kons = requestid1: null

2022-11-22 15:37:56 - [TEST_STEP][PASSED] - reqid_spouse = requestid2: null

2022-11-22 15:37:56 - [TEST_STEP][PASSED] - println("requestid kons : " + reqid_kons): null

2022-11-22 15:37:56 - [TEST_STEP][PASSED] - response_searchME_kons = reqid_kons: null

2022-11-22 15:37:56 - [TEST_STEP][PASSED] - response_searchME_spouse = reqid_spouse: null

2022-11-22 15:37:56 - [TEST_STEP][PASSED] - println("kons req id is :" + response_searchME_kons): null

2022-11-22 15:37:56 - [TEST_STEP][PASSED] - println("spouse req id is : " + response_searchME_spouse): null

2022-11-22 15:37:56 - [TEST_STEP][PASSED] - verifyResponseStatusCode(req_data, 200): Verify response status code successfully

2022-11-22 15:37:56 - [MESSAGE][PASSED] - Verify response status code successfully

2022-11-22 15:37:56 - [TEST_STEP][PASSED] - response = req_data.getResponseText(): null

2022-11-22 15:37:56 - [TEST_STEP][PASSED] - logInfo($response): {"status":"Done","data":{"requestid1":"241851","requestid2":""}}

2022-11-22 15:37:56 - [MESSAGE][INFO] - {"status":"Done","data":{"requestid1":"241851","requestid2":""}}

2022-11-22 15:37:56 - [TEST_STEP][PASSED] - delay(3): Delayed 3 second(s)

2022-11-22 15:37:59 - [MESSAGE][PASSED] - Delayed 3 second(s)

2022-11-22 15:37:59 - [TEST_STEP][PASSED] - scoring = sendRequest(findTestObject("EngineScore", ["response_searchME_kons":response_searchME_kons, "response_searchME_spouse":response_searchME_spouse])): Send request successfully

2022-11-22 15:38:00 - [MESSAGE][INFO] - HAR: D:\DMS\Engine Scoring\Reports\20221122_153620\Exclude KKB - DS\Scoring Individu - Used\20221122_153620\requests\main\37.har

2022-11-22 15:38:00 - [MESSAGE][PASSED] - Send request successfully

2022-11-22 15:38:00 - [TEST_STEP][PASSED] - verifyResponseStatusCode(scoring, 200): Verify response status code successfully

2022-11-22 15:38:00 - [MESSAGE][PASSED] - Verify response status code successfully

2022-11-22 15:38:00 - [TEST_STEP][PASSED] - response2 = scoring.getResponseText(): null

2022-11-22 15:38:00 - [TEST_STEP][PASSED] - markPassed("result service data ke : " + no): result service data ke : 19

2022-11-22 15:38:00 - [MESSAGE][PASSED] - result service data ke : 19

2022-11-22 15:38:00 - [TEST_STEP][PASSED] - logInfo($response2): {"result_konsumen":"Approve","result_pasangan":"","Final_result":"Approve","errorMessage":"","status":"Done"}

2022-11-22 15:38:00 - [MESSAGE][INFO] - {"result_konsumen":"Approve","result_pasangan":"","Final_result":"Approve","errorMessage":"","status":"Done"}

2022-11-22 15:38:00 - [TEST_STEP][PASSED] - verifyElementPropertyValue(scoring, "Final_result", final_result): Verify element property value successfully

2022-11-22 15:38:00 - [MESSAGE][PASSED] - Verify element property value successfully]]></system-out>
         <system-err><![CDATA[]]></system-err>
      </testcase>
      <testcase name="Test Cases/Engine_Scoring/Engine Scoring" time="4.555" classname="Test Cases/Engine_Scoring/Engine Scoring" status="PASSED">
         <system-out><![CDATA[2022-11-22 15:38:00 - [TEST_CASE][PASSED] - Test Cases/Engine_Scoring/Engine Scoring: Test Cases/Engine_Scoring/Engine Scoring

2022-11-22 15:38:00 - [TEST_STEP][PASSED] - markPassed("Variasi data ke : " + no): Variasi data ke : 20

2022-11-22 15:38:00 - [MESSAGE][PASSED] - Variasi data ke : 20

2022-11-22 15:38:00 - [TEST_STEP][PASSED] - req_data = sendRequest(findTestObject("Search_ME", ["MID":MID, "source":source, "ip":ip, "userid":userid, "branch":branch, "tipekons":tipekons, "marital":marital, "penjamin":penjamin, ... ])): Send request successfully

2022-11-22 15:38:01 - [MESSAGE][INFO] - HAR: D:\DMS\Engine Scoring\Reports\20221122_153620\Exclude KKB - DS\Scoring Individu - Used\20221122_153620\requests\main\38.har

2022-11-22 15:38:01 - [MESSAGE][PASSED] - Send request successfully

2022-11-22 15:38:01 - [TEST_STEP][PASSED] - slurper = new groovy.json.JsonSlurper(): null

2022-11-22 15:38:01 - [TEST_STEP][PASSED] - result = slurper.parseText(req_data.getResponseBodyContent()): null

2022-11-22 15:38:01 - [TEST_STEP][PASSED] - reqid_kons = requestid1: null

2022-11-22 15:38:01 - [TEST_STEP][PASSED] - reqid_spouse = requestid2: null

2022-11-22 15:38:01 - [TEST_STEP][PASSED] - println("requestid kons : " + reqid_kons): null

2022-11-22 15:38:01 - [TEST_STEP][PASSED] - response_searchME_kons = reqid_kons: null

2022-11-22 15:38:01 - [TEST_STEP][PASSED] - response_searchME_spouse = reqid_spouse: null

2022-11-22 15:38:01 - [TEST_STEP][PASSED] - println("kons req id is :" + response_searchME_kons): null

2022-11-22 15:38:01 - [TEST_STEP][PASSED] - println("spouse req id is : " + response_searchME_spouse): null

2022-11-22 15:38:01 - [TEST_STEP][PASSED] - verifyResponseStatusCode(req_data, 200): Verify response status code successfully

2022-11-22 15:38:01 - [MESSAGE][PASSED] - Verify response status code successfully

2022-11-22 15:38:01 - [TEST_STEP][PASSED] - response = req_data.getResponseText(): null

2022-11-22 15:38:01 - [TEST_STEP][PASSED] - logInfo($response): {"status":"Done","data":{"requestid1":"241852","requestid2":""}}

2022-11-22 15:38:01 - [MESSAGE][INFO] - {"status":"Done","data":{"requestid1":"241852","requestid2":""}}

2022-11-22 15:38:01 - [TEST_STEP][PASSED] - delay(3): Delayed 3 second(s)

2022-11-22 15:38:04 - [MESSAGE][PASSED] - Delayed 3 second(s)

2022-11-22 15:38:04 - [TEST_STEP][PASSED] - scoring = sendRequest(findTestObject("EngineScore", ["response_searchME_kons":response_searchME_kons, "response_searchME_spouse":response_searchME_spouse])): Send request successfully

2022-11-22 15:38:04 - [MESSAGE][INFO] - HAR: D:\DMS\Engine Scoring\Reports\20221122_153620\Exclude KKB - DS\Scoring Individu - Used\20221122_153620\requests\main\39.har

2022-11-22 15:38:04 - [MESSAGE][PASSED] - Send request successfully

2022-11-22 15:38:04 - [TEST_STEP][PASSED] - verifyResponseStatusCode(scoring, 200): Verify response status code successfully

2022-11-22 15:38:04 - [MESSAGE][PASSED] - Verify response status code successfully

2022-11-22 15:38:04 - [TEST_STEP][PASSED] - response2 = scoring.getResponseText(): null

2022-11-22 15:38:04 - [TEST_STEP][PASSED] - markPassed("result service data ke : " + no): result service data ke : 20

2022-11-22 15:38:04 - [MESSAGE][PASSED] - result service data ke : 20

2022-11-22 15:38:04 - [TEST_STEP][PASSED] - logInfo($response2): {"result_konsumen":"Approve","result_pasangan":"","Final_result":"Approve","errorMessage":"","status":"Done"}

2022-11-22 15:38:04 - [MESSAGE][INFO] - {"result_konsumen":"Approve","result_pasangan":"","Final_result":"Approve","errorMessage":"","status":"Done"}

2022-11-22 15:38:04 - [TEST_STEP][PASSED] - verifyElementPropertyValue(scoring, "Final_result", final_result): Verify element property value successfully

2022-11-22 15:38:04 - [MESSAGE][PASSED] - Verify element property value successfully]]></system-out>
         <system-err><![CDATA[]]></system-err>
      </testcase>
      <testcase name="Test Cases/Engine_Scoring/Engine Scoring" time="4.5" classname="Test Cases/Engine_Scoring/Engine Scoring" status="PASSED">
         <system-out><![CDATA[2022-11-22 15:38:04 - [TEST_CASE][PASSED] - Test Cases/Engine_Scoring/Engine Scoring: Test Cases/Engine_Scoring/Engine Scoring

2022-11-22 15:38:05 - [TEST_STEP][PASSED] - markPassed("Variasi data ke : " + no): Variasi data ke : 21

2022-11-22 15:38:05 - [MESSAGE][PASSED] - Variasi data ke : 21

2022-11-22 15:38:05 - [TEST_STEP][PASSED] - req_data = sendRequest(findTestObject("Search_ME", ["MID":MID, "source":source, "ip":ip, "userid":userid, "branch":branch, "tipekons":tipekons, "marital":marital, "penjamin":penjamin, ... ])): Send request successfully

2022-11-22 15:38:06 - [MESSAGE][INFO] - HAR: D:\DMS\Engine Scoring\Reports\20221122_153620\Exclude KKB - DS\Scoring Individu - Used\20221122_153620\requests\main\40.har

2022-11-22 15:38:06 - [MESSAGE][PASSED] - Send request successfully

2022-11-22 15:38:06 - [TEST_STEP][PASSED] - slurper = new groovy.json.JsonSlurper(): null

2022-11-22 15:38:06 - [TEST_STEP][PASSED] - result = slurper.parseText(req_data.getResponseBodyContent()): null

2022-11-22 15:38:06 - [TEST_STEP][PASSED] - reqid_kons = requestid1: null

2022-11-22 15:38:06 - [TEST_STEP][PASSED] - reqid_spouse = requestid2: null

2022-11-22 15:38:06 - [TEST_STEP][PASSED] - println("requestid kons : " + reqid_kons): null

2022-11-22 15:38:06 - [TEST_STEP][PASSED] - response_searchME_kons = reqid_kons: null

2022-11-22 15:38:06 - [TEST_STEP][PASSED] - response_searchME_spouse = reqid_spouse: null

2022-11-22 15:38:06 - [TEST_STEP][PASSED] - println("kons req id is :" + response_searchME_kons): null

2022-11-22 15:38:06 - [TEST_STEP][PASSED] - println("spouse req id is : " + response_searchME_spouse): null

2022-11-22 15:38:06 - [TEST_STEP][PASSED] - verifyResponseStatusCode(req_data, 200): Verify response status code successfully

2022-11-22 15:38:06 - [MESSAGE][PASSED] - Verify response status code successfully

2022-11-22 15:38:06 - [TEST_STEP][PASSED] - response = req_data.getResponseText(): null

2022-11-22 15:38:06 - [TEST_STEP][PASSED] - logInfo($response): {"status":"Done","data":{"requestid1":"241853","requestid2":""}}

2022-11-22 15:38:06 - [MESSAGE][INFO] - {"status":"Done","data":{"requestid1":"241853","requestid2":""}}

2022-11-22 15:38:06 - [TEST_STEP][PASSED] - delay(3): Delayed 3 second(s)

2022-11-22 15:38:09 - [MESSAGE][PASSED] - Delayed 3 second(s)

2022-11-22 15:38:09 - [TEST_STEP][PASSED] - scoring = sendRequest(findTestObject("EngineScore", ["response_searchME_kons":response_searchME_kons, "response_searchME_spouse":response_searchME_spouse])): Send request successfully

2022-11-22 15:38:09 - [MESSAGE][INFO] - HAR: D:\DMS\Engine Scoring\Reports\20221122_153620\Exclude KKB - DS\Scoring Individu - Used\20221122_153620\requests\main\41.har

2022-11-22 15:38:09 - [MESSAGE][PASSED] - Send request successfully

2022-11-22 15:38:09 - [TEST_STEP][PASSED] - verifyResponseStatusCode(scoring, 200): Verify response status code successfully

2022-11-22 15:38:09 - [MESSAGE][PASSED] - Verify response status code successfully

2022-11-22 15:38:09 - [TEST_STEP][PASSED] - response2 = scoring.getResponseText(): null

2022-11-22 15:38:09 - [TEST_STEP][PASSED] - markPassed("result service data ke : " + no): result service data ke : 21

2022-11-22 15:38:09 - [MESSAGE][PASSED] - result service data ke : 21

2022-11-22 15:38:09 - [TEST_STEP][PASSED] - logInfo($response2): {"result_konsumen":"Reject","result_pasangan":"","Final_result":"Reject","errorMessage":"","status":"Done"}

2022-11-22 15:38:09 - [MESSAGE][INFO] - {"result_konsumen":"Reject","result_pasangan":"","Final_result":"Reject","errorMessage":"","status":"Done"}

2022-11-22 15:38:09 - [TEST_STEP][PASSED] - verifyElementPropertyValue(scoring, "Final_result", final_result): Verify element property value successfully

2022-11-22 15:38:09 - [MESSAGE][PASSED] - Verify element property value successfully]]></system-out>
         <system-err><![CDATA[]]></system-err>
      </testcase>
      <testcase name="Test Cases/Engine_Scoring/Engine Scoring" time="4.464" classname="Test Cases/Engine_Scoring/Engine Scoring" status="PASSED">
         <system-out><![CDATA[2022-11-22 15:38:09 - [TEST_CASE][PASSED] - Test Cases/Engine_Scoring/Engine Scoring: Test Cases/Engine_Scoring/Engine Scoring

2022-11-22 15:38:09 - [TEST_STEP][PASSED] - markPassed("Variasi data ke : " + no): Variasi data ke : 22

2022-11-22 15:38:09 - [MESSAGE][PASSED] - Variasi data ke : 22

2022-11-22 15:38:09 - [TEST_STEP][PASSED] - req_data = sendRequest(findTestObject("Search_ME", ["MID":MID, "source":source, "ip":ip, "userid":userid, "branch":branch, "tipekons":tipekons, "marital":marital, "penjamin":penjamin, ... ])): Send request successfully

2022-11-22 15:38:10 - [MESSAGE][INFO] - HAR: D:\DMS\Engine Scoring\Reports\20221122_153620\Exclude KKB - DS\Scoring Individu - Used\20221122_153620\requests\main\42.har

2022-11-22 15:38:10 - [MESSAGE][PASSED] - Send request successfully

2022-11-22 15:38:10 - [TEST_STEP][PASSED] - slurper = new groovy.json.JsonSlurper(): null

2022-11-22 15:38:10 - [TEST_STEP][PASSED] - result = slurper.parseText(req_data.getResponseBodyContent()): null

2022-11-22 15:38:10 - [TEST_STEP][PASSED] - reqid_kons = requestid1: null

2022-11-22 15:38:10 - [TEST_STEP][PASSED] - reqid_spouse = requestid2: null

2022-11-22 15:38:10 - [TEST_STEP][PASSED] - println("requestid kons : " + reqid_kons): null

2022-11-22 15:38:10 - [TEST_STEP][PASSED] - response_searchME_kons = reqid_kons: null

2022-11-22 15:38:10 - [TEST_STEP][PASSED] - response_searchME_spouse = reqid_spouse: null

2022-11-22 15:38:10 - [TEST_STEP][PASSED] - println("kons req id is :" + response_searchME_kons): null

2022-11-22 15:38:10 - [TEST_STEP][PASSED] - println("spouse req id is : " + response_searchME_spouse): null

2022-11-22 15:38:10 - [TEST_STEP][PASSED] - verifyResponseStatusCode(req_data, 200): Verify response status code successfully

2022-11-22 15:38:10 - [MESSAGE][PASSED] - Verify response status code successfully

2022-11-22 15:38:10 - [TEST_STEP][PASSED] - response = req_data.getResponseText(): null

2022-11-22 15:38:10 - [TEST_STEP][PASSED] - logInfo($response): {"status":"Done","data":{"requestid1":"241854","requestid2":""}}

2022-11-22 15:38:10 - [MESSAGE][INFO] - {"status":"Done","data":{"requestid1":"241854","requestid2":""}}

2022-11-22 15:38:10 - [TEST_STEP][PASSED] - delay(3): Delayed 3 second(s)

2022-11-22 15:38:13 - [MESSAGE][PASSED] - Delayed 3 second(s)

2022-11-22 15:38:13 - [TEST_STEP][PASSED] - scoring = sendRequest(findTestObject("EngineScore", ["response_searchME_kons":response_searchME_kons, "response_searchME_spouse":response_searchME_spouse])): Send request successfully

2022-11-22 15:38:13 - [MESSAGE][INFO] - HAR: D:\DMS\Engine Scoring\Reports\20221122_153620\Exclude KKB - DS\Scoring Individu - Used\20221122_153620\requests\main\43.har

2022-11-22 15:38:13 - [MESSAGE][PASSED] - Send request successfully

2022-11-22 15:38:13 - [TEST_STEP][PASSED] - verifyResponseStatusCode(scoring, 200): Verify response status code successfully

2022-11-22 15:38:13 - [MESSAGE][PASSED] - Verify response status code successfully

2022-11-22 15:38:13 - [TEST_STEP][PASSED] - response2 = scoring.getResponseText(): null

2022-11-22 15:38:13 - [TEST_STEP][PASSED] - markPassed("result service data ke : " + no): result service data ke : 22

2022-11-22 15:38:13 - [MESSAGE][PASSED] - result service data ke : 22

2022-11-22 15:38:13 - [TEST_STEP][PASSED] - logInfo($response2): {"result_konsumen":"Reject","result_pasangan":"","Final_result":"Reject","errorMessage":"","status":"Done"}

2022-11-22 15:38:13 - [MESSAGE][INFO] - {"result_konsumen":"Reject","result_pasangan":"","Final_result":"Reject","errorMessage":"","status":"Done"}

2022-11-22 15:38:13 - [TEST_STEP][PASSED] - verifyElementPropertyValue(scoring, "Final_result", final_result): Verify element property value successfully

2022-11-22 15:38:13 - [MESSAGE][PASSED] - Verify element property value successfully]]></system-out>
         <system-err><![CDATA[]]></system-err>
      </testcase>
      <testcase name="Test Cases/Engine_Scoring/Engine Scoring" time="5.505" classname="Test Cases/Engine_Scoring/Engine Scoring" status="PASSED">
         <system-out><![CDATA[2022-11-22 15:38:13 - [TEST_CASE][PASSED] - Test Cases/Engine_Scoring/Engine Scoring: Test Cases/Engine_Scoring/Engine Scoring

2022-11-22 15:38:14 - [TEST_STEP][PASSED] - markPassed("Variasi data ke : " + no): Variasi data ke : 23

2022-11-22 15:38:14 - [MESSAGE][PASSED] - Variasi data ke : 23

2022-11-22 15:38:14 - [TEST_STEP][PASSED] - req_data = sendRequest(findTestObject("Search_ME", ["MID":MID, "source":source, "ip":ip, "userid":userid, "branch":branch, "tipekons":tipekons, "marital":marital, "penjamin":penjamin, ... ])): Send request successfully

2022-11-22 15:38:15 - [MESSAGE][INFO] - HAR: D:\DMS\Engine Scoring\Reports\20221122_153620\Exclude KKB - DS\Scoring Individu - Used\20221122_153620\requests\main\44.har

2022-11-22 15:38:15 - [MESSAGE][PASSED] - Send request successfully

2022-11-22 15:38:15 - [TEST_STEP][PASSED] - slurper = new groovy.json.JsonSlurper(): null

2022-11-22 15:38:15 - [TEST_STEP][PASSED] - result = slurper.parseText(req_data.getResponseBodyContent()): null

2022-11-22 15:38:15 - [TEST_STEP][PASSED] - reqid_kons = requestid1: null

2022-11-22 15:38:15 - [TEST_STEP][PASSED] - reqid_spouse = requestid2: null

2022-11-22 15:38:15 - [TEST_STEP][PASSED] - println("requestid kons : " + reqid_kons): null

2022-11-22 15:38:15 - [TEST_STEP][PASSED] - response_searchME_kons = reqid_kons: null

2022-11-22 15:38:15 - [TEST_STEP][PASSED] - response_searchME_spouse = reqid_spouse: null

2022-11-22 15:38:15 - [TEST_STEP][PASSED] - println("kons req id is :" + response_searchME_kons): null

2022-11-22 15:38:15 - [TEST_STEP][PASSED] - println("spouse req id is : " + response_searchME_spouse): null

2022-11-22 15:38:15 - [TEST_STEP][PASSED] - verifyResponseStatusCode(req_data, 200): Verify response status code successfully

2022-11-22 15:38:15 - [MESSAGE][PASSED] - Verify response status code successfully

2022-11-22 15:38:15 - [TEST_STEP][PASSED] - response = req_data.getResponseText(): null

2022-11-22 15:38:15 - [TEST_STEP][PASSED] - logInfo($response): {"status":"Done","data":{"requestid1":"241855","requestid2":""}}

2022-11-22 15:38:15 - [MESSAGE][INFO] - {"status":"Done","data":{"requestid1":"241855","requestid2":""}}

2022-11-22 15:38:15 - [TEST_STEP][PASSED] - delay(3): Delayed 3 second(s)

2022-11-22 15:38:18 - [MESSAGE][PASSED] - Delayed 3 second(s)

2022-11-22 15:38:18 - [TEST_STEP][PASSED] - scoring = sendRequest(findTestObject("EngineScore", ["response_searchME_kons":response_searchME_kons, "response_searchME_spouse":response_searchME_spouse])): Send request successfully

2022-11-22 15:38:19 - [MESSAGE][INFO] - HAR: D:\DMS\Engine Scoring\Reports\20221122_153620\Exclude KKB - DS\Scoring Individu - Used\20221122_153620\requests\main\45.har

2022-11-22 15:38:19 - [MESSAGE][PASSED] - Send request successfully

2022-11-22 15:38:19 - [TEST_STEP][PASSED] - verifyResponseStatusCode(scoring, 200): Verify response status code successfully

2022-11-22 15:38:19 - [MESSAGE][PASSED] - Verify response status code successfully

2022-11-22 15:38:19 - [TEST_STEP][PASSED] - response2 = scoring.getResponseText(): null

2022-11-22 15:38:19 - [TEST_STEP][PASSED] - markPassed("result service data ke : " + no): result service data ke : 23

2022-11-22 15:38:19 - [MESSAGE][PASSED] - result service data ke : 23

2022-11-22 15:38:19 - [TEST_STEP][PASSED] - logInfo($response2): {"result_konsumen":"Reject","result_pasangan":"","Final_result":"Reject","errorMessage":"","status":"Done"}

2022-11-22 15:38:19 - [MESSAGE][INFO] - {"result_konsumen":"Reject","result_pasangan":"","Final_result":"Reject","errorMessage":"","status":"Done"}

2022-11-22 15:38:19 - [TEST_STEP][PASSED] - verifyElementPropertyValue(scoring, "Final_result", final_result): Verify element property value successfully

2022-11-22 15:38:19 - [MESSAGE][PASSED] - Verify element property value successfully]]></system-out>
         <system-err><![CDATA[]]></system-err>
      </testcase>
      <testcase name="Test Cases/Engine_Scoring/Engine Scoring" time="4.619" classname="Test Cases/Engine_Scoring/Engine Scoring" status="PASSED">
         <system-out><![CDATA[2022-11-22 15:38:19 - [TEST_CASE][PASSED] - Test Cases/Engine_Scoring/Engine Scoring: Test Cases/Engine_Scoring/Engine Scoring

2022-11-22 15:38:20 - [TEST_STEP][PASSED] - markPassed("Variasi data ke : " + no): Variasi data ke : 24

2022-11-22 15:38:20 - [MESSAGE][PASSED] - Variasi data ke : 24

2022-11-22 15:38:20 - [TEST_STEP][PASSED] - req_data = sendRequest(findTestObject("Search_ME", ["MID":MID, "source":source, "ip":ip, "userid":userid, "branch":branch, "tipekons":tipekons, "marital":marital, "penjamin":penjamin, ... ])): Send request successfully

2022-11-22 15:38:20 - [MESSAGE][INFO] - HAR: D:\DMS\Engine Scoring\Reports\20221122_153620\Exclude KKB - DS\Scoring Individu - Used\20221122_153620\requests\main\46.har

2022-11-22 15:38:20 - [MESSAGE][PASSED] - Send request successfully

2022-11-22 15:38:20 - [TEST_STEP][PASSED] - slurper = new groovy.json.JsonSlurper(): null

2022-11-22 15:38:20 - [TEST_STEP][PASSED] - result = slurper.parseText(req_data.getResponseBodyContent()): null

2022-11-22 15:38:20 - [TEST_STEP][PASSED] - reqid_kons = requestid1: null

2022-11-22 15:38:20 - [TEST_STEP][PASSED] - reqid_spouse = requestid2: null

2022-11-22 15:38:20 - [TEST_STEP][PASSED] - println("requestid kons : " + reqid_kons): null

2022-11-22 15:38:20 - [TEST_STEP][PASSED] - response_searchME_kons = reqid_kons: null

2022-11-22 15:38:20 - [TEST_STEP][PASSED] - response_searchME_spouse = reqid_spouse: null

2022-11-22 15:38:20 - [TEST_STEP][PASSED] - println("kons req id is :" + response_searchME_kons): null

2022-11-22 15:38:20 - [TEST_STEP][PASSED] - println("spouse req id is : " + response_searchME_spouse): null

2022-11-22 15:38:20 - [TEST_STEP][PASSED] - verifyResponseStatusCode(req_data, 200): Verify response status code successfully

2022-11-22 15:38:20 - [MESSAGE][PASSED] - Verify response status code successfully

2022-11-22 15:38:20 - [TEST_STEP][PASSED] - response = req_data.getResponseText(): null

2022-11-22 15:38:20 - [TEST_STEP][PASSED] - logInfo($response): {"status":"Done","data":{"requestid1":"241856","requestid2":""}}

2022-11-22 15:38:20 - [MESSAGE][INFO] - {"status":"Done","data":{"requestid1":"241856","requestid2":""}}

2022-11-22 15:38:20 - [TEST_STEP][PASSED] - delay(3): Delayed 3 second(s)

2022-11-22 15:38:23 - [MESSAGE][PASSED] - Delayed 3 second(s)

2022-11-22 15:38:23 - [TEST_STEP][PASSED] - scoring = sendRequest(findTestObject("EngineScore", ["response_searchME_kons":response_searchME_kons, "response_searchME_spouse":response_searchME_spouse])): Send request successfully

2022-11-22 15:38:23 - [MESSAGE][INFO] - HAR: D:\DMS\Engine Scoring\Reports\20221122_153620\Exclude KKB - DS\Scoring Individu - Used\20221122_153620\requests\main\47.har

2022-11-22 15:38:23 - [MESSAGE][PASSED] - Send request successfully

2022-11-22 15:38:23 - [TEST_STEP][PASSED] - verifyResponseStatusCode(scoring, 200): Verify response status code successfully

2022-11-22 15:38:23 - [MESSAGE][PASSED] - Verify response status code successfully

2022-11-22 15:38:23 - [TEST_STEP][PASSED] - response2 = scoring.getResponseText(): null

2022-11-22 15:38:23 - [TEST_STEP][PASSED] - markPassed("result service data ke : " + no): result service data ke : 24

2022-11-22 15:38:23 - [MESSAGE][PASSED] - result service data ke : 24

2022-11-22 15:38:23 - [TEST_STEP][PASSED] - logInfo($response2): {"result_konsumen":"Reject","result_pasangan":"","Final_result":"Reject","errorMessage":"","status":"Done"}

2022-11-22 15:38:23 - [MESSAGE][INFO] - {"result_konsumen":"Reject","result_pasangan":"","Final_result":"Reject","errorMessage":"","status":"Done"}

2022-11-22 15:38:23 - [TEST_STEP][PASSED] - verifyElementPropertyValue(scoring, "Final_result", final_result): Verify element property value successfully

2022-11-22 15:38:23 - [MESSAGE][PASSED] - Verify element property value successfully]]></system-out>
         <system-err><![CDATA[]]></system-err>
      </testcase>
      <testcase name="Test Cases/Engine_Scoring/Engine Scoring" time="4.672" classname="Test Cases/Engine_Scoring/Engine Scoring" status="PASSED">
         <system-out><![CDATA[2022-11-22 15:38:23 - [TEST_CASE][PASSED] - Test Cases/Engine_Scoring/Engine Scoring: Test Cases/Engine_Scoring/Engine Scoring

2022-11-22 15:38:24 - [TEST_STEP][PASSED] - markPassed("Variasi data ke : " + no): Variasi data ke : 25

2022-11-22 15:38:24 - [MESSAGE][PASSED] - Variasi data ke : 25

2022-11-22 15:38:24 - [TEST_STEP][PASSED] - req_data = sendRequest(findTestObject("Search_ME", ["MID":MID, "source":source, "ip":ip, "userid":userid, "branch":branch, "tipekons":tipekons, "marital":marital, "penjamin":penjamin, ... ])): Send request successfully

2022-11-22 15:38:25 - [MESSAGE][INFO] - HAR: D:\DMS\Engine Scoring\Reports\20221122_153620\Exclude KKB - DS\Scoring Individu - Used\20221122_153620\requests\main\48.har

2022-11-22 15:38:25 - [MESSAGE][PASSED] - Send request successfully

2022-11-22 15:38:25 - [TEST_STEP][PASSED] - slurper = new groovy.json.JsonSlurper(): null

2022-11-22 15:38:25 - [TEST_STEP][PASSED] - result = slurper.parseText(req_data.getResponseBodyContent()): null

2022-11-22 15:38:25 - [TEST_STEP][PASSED] - reqid_kons = requestid1: null

2022-11-22 15:38:25 - [TEST_STEP][PASSED] - reqid_spouse = requestid2: null

2022-11-22 15:38:25 - [TEST_STEP][PASSED] - println("requestid kons : " + reqid_kons): null

2022-11-22 15:38:25 - [TEST_STEP][PASSED] - response_searchME_kons = reqid_kons: null

2022-11-22 15:38:25 - [TEST_STEP][PASSED] - response_searchME_spouse = reqid_spouse: null

2022-11-22 15:38:25 - [TEST_STEP][PASSED] - println("kons req id is :" + response_searchME_kons): null

2022-11-22 15:38:25 - [TEST_STEP][PASSED] - println("spouse req id is : " + response_searchME_spouse): null

2022-11-22 15:38:25 - [TEST_STEP][PASSED] - verifyResponseStatusCode(req_data, 200): Verify response status code successfully

2022-11-22 15:38:25 - [MESSAGE][PASSED] - Verify response status code successfully

2022-11-22 15:38:25 - [TEST_STEP][PASSED] - response = req_data.getResponseText(): null

2022-11-22 15:38:25 - [TEST_STEP][PASSED] - logInfo($response): {"status":"Done","data":{"requestid1":"241857","requestid2":""}}

2022-11-22 15:38:25 - [MESSAGE][INFO] - {"status":"Done","data":{"requestid1":"241857","requestid2":""}}

2022-11-22 15:38:25 - [TEST_STEP][PASSED] - delay(3): Delayed 3 second(s)

2022-11-22 15:38:28 - [MESSAGE][PASSED] - Delayed 3 second(s)

2022-11-22 15:38:28 - [TEST_STEP][PASSED] - scoring = sendRequest(findTestObject("EngineScore", ["response_searchME_kons":response_searchME_kons, "response_searchME_spouse":response_searchME_spouse])): Send request successfully

2022-11-22 15:38:28 - [MESSAGE][INFO] - HAR: D:\DMS\Engine Scoring\Reports\20221122_153620\Exclude KKB - DS\Scoring Individu - Used\20221122_153620\requests\main\49.har

2022-11-22 15:38:28 - [MESSAGE][PASSED] - Send request successfully

2022-11-22 15:38:28 - [TEST_STEP][PASSED] - verifyResponseStatusCode(scoring, 200): Verify response status code successfully

2022-11-22 15:38:28 - [MESSAGE][PASSED] - Verify response status code successfully

2022-11-22 15:38:28 - [TEST_STEP][PASSED] - response2 = scoring.getResponseText(): null

2022-11-22 15:38:28 - [TEST_STEP][PASSED] - markPassed("result service data ke : " + no): result service data ke : 25

2022-11-22 15:38:28 - [MESSAGE][PASSED] - result service data ke : 25

2022-11-22 15:38:28 - [TEST_STEP][PASSED] - logInfo($response2): {"result_konsumen":"Approve","result_pasangan":"","Final_result":"Approve","errorMessage":"","status":"Done"}

2022-11-22 15:38:28 - [MESSAGE][INFO] - {"result_konsumen":"Approve","result_pasangan":"","Final_result":"Approve","errorMessage":"","status":"Done"}

2022-11-22 15:38:28 - [TEST_STEP][PASSED] - verifyElementPropertyValue(scoring, "Final_result", final_result): Verify element property value successfully

2022-11-22 15:38:28 - [MESSAGE][PASSED] - Verify element property value successfully]]></system-out>
         <system-err><![CDATA[]]></system-err>
      </testcase>
      <testcase name="Test Cases/Engine_Scoring/Engine Scoring" time="4.579" classname="Test Cases/Engine_Scoring/Engine Scoring" status="PASSED">
         <system-out><![CDATA[2022-11-22 15:38:28 - [TEST_CASE][PASSED] - Test Cases/Engine_Scoring/Engine Scoring: Test Cases/Engine_Scoring/Engine Scoring

2022-11-22 15:38:29 - [TEST_STEP][PASSED] - markPassed("Variasi data ke : " + no): Variasi data ke : 26

2022-11-22 15:38:29 - [MESSAGE][PASSED] - Variasi data ke : 26

2022-11-22 15:38:29 - [TEST_STEP][PASSED] - req_data = sendRequest(findTestObject("Search_ME", ["MID":MID, "source":source, "ip":ip, "userid":userid, "branch":branch, "tipekons":tipekons, "marital":marital, "penjamin":penjamin, ... ])): Send request successfully

2022-11-22 15:38:30 - [MESSAGE][INFO] - HAR: D:\DMS\Engine Scoring\Reports\20221122_153620\Exclude KKB - DS\Scoring Individu - Used\20221122_153620\requests\main\50.har

2022-11-22 15:38:30 - [MESSAGE][PASSED] - Send request successfully

2022-11-22 15:38:30 - [TEST_STEP][PASSED] - slurper = new groovy.json.JsonSlurper(): null

2022-11-22 15:38:30 - [TEST_STEP][PASSED] - result = slurper.parseText(req_data.getResponseBodyContent()): null

2022-11-22 15:38:30 - [TEST_STEP][PASSED] - reqid_kons = requestid1: null

2022-11-22 15:38:30 - [TEST_STEP][PASSED] - reqid_spouse = requestid2: null

2022-11-22 15:38:30 - [TEST_STEP][PASSED] - println("requestid kons : " + reqid_kons): null

2022-11-22 15:38:30 - [TEST_STEP][PASSED] - response_searchME_kons = reqid_kons: null

2022-11-22 15:38:30 - [TEST_STEP][PASSED] - response_searchME_spouse = reqid_spouse: null

2022-11-22 15:38:30 - [TEST_STEP][PASSED] - println("kons req id is :" + response_searchME_kons): null

2022-11-22 15:38:30 - [TEST_STEP][PASSED] - println("spouse req id is : " + response_searchME_spouse): null

2022-11-22 15:38:30 - [TEST_STEP][PASSED] - verifyResponseStatusCode(req_data, 200): Verify response status code successfully

2022-11-22 15:38:30 - [MESSAGE][PASSED] - Verify response status code successfully

2022-11-22 15:38:30 - [TEST_STEP][PASSED] - response = req_data.getResponseText(): null

2022-11-22 15:38:30 - [TEST_STEP][PASSED] - logInfo($response): {"status":"Done","data":{"requestid1":"241858","requestid2":""}}

2022-11-22 15:38:30 - [MESSAGE][INFO] - {"status":"Done","data":{"requestid1":"241858","requestid2":""}}

2022-11-22 15:38:30 - [TEST_STEP][PASSED] - delay(3): Delayed 3 second(s)

2022-11-22 15:38:33 - [MESSAGE][PASSED] - Delayed 3 second(s)

2022-11-22 15:38:33 - [TEST_STEP][PASSED] - scoring = sendRequest(findTestObject("EngineScore", ["response_searchME_kons":response_searchME_kons, "response_searchME_spouse":response_searchME_spouse])): Send request successfully

2022-11-22 15:38:33 - [MESSAGE][INFO] - HAR: D:\DMS\Engine Scoring\Reports\20221122_153620\Exclude KKB - DS\Scoring Individu - Used\20221122_153620\requests\main\51.har

2022-11-22 15:38:33 - [MESSAGE][PASSED] - Send request successfully

2022-11-22 15:38:33 - [TEST_STEP][PASSED] - verifyResponseStatusCode(scoring, 200): Verify response status code successfully

2022-11-22 15:38:33 - [MESSAGE][PASSED] - Verify response status code successfully

2022-11-22 15:38:33 - [TEST_STEP][PASSED] - response2 = scoring.getResponseText(): null

2022-11-22 15:38:33 - [TEST_STEP][PASSED] - markPassed("result service data ke : " + no): result service data ke : 26

2022-11-22 15:38:33 - [MESSAGE][PASSED] - result service data ke : 26

2022-11-22 15:38:33 - [TEST_STEP][PASSED] - logInfo($response2): {"result_konsumen":"Approve","result_pasangan":"","Final_result":"Approve","errorMessage":"","status":"Done"}

2022-11-22 15:38:33 - [MESSAGE][INFO] - {"result_konsumen":"Approve","result_pasangan":"","Final_result":"Approve","errorMessage":"","status":"Done"}

2022-11-22 15:38:33 - [TEST_STEP][PASSED] - verifyElementPropertyValue(scoring, "Final_result", final_result): Verify element property value successfully

2022-11-22 15:38:33 - [MESSAGE][PASSED] - Verify element property value successfully]]></system-out>
         <system-err><![CDATA[]]></system-err>
      </testcase>
      <testcase name="Test Cases/Engine_Scoring/Engine Scoring" time="4.664" classname="Test Cases/Engine_Scoring/Engine Scoring" status="PASSED">
         <system-out><![CDATA[2022-11-22 15:38:33 - [TEST_CASE][PASSED] - Test Cases/Engine_Scoring/Engine Scoring: Test Cases/Engine_Scoring/Engine Scoring

2022-11-22 15:38:34 - [TEST_STEP][PASSED] - markPassed("Variasi data ke : " + no): Variasi data ke : 27

2022-11-22 15:38:34 - [MESSAGE][PASSED] - Variasi data ke : 27

2022-11-22 15:38:34 - [TEST_STEP][PASSED] - req_data = sendRequest(findTestObject("Search_ME", ["MID":MID, "source":source, "ip":ip, "userid":userid, "branch":branch, "tipekons":tipekons, "marital":marital, "penjamin":penjamin, ... ])): Send request successfully

2022-11-22 15:38:34 - [MESSAGE][INFO] - HAR: D:\DMS\Engine Scoring\Reports\20221122_153620\Exclude KKB - DS\Scoring Individu - Used\20221122_153620\requests\main\52.har

2022-11-22 15:38:34 - [MESSAGE][PASSED] - Send request successfully

2022-11-22 15:38:34 - [TEST_STEP][PASSED] - slurper = new groovy.json.JsonSlurper(): null

2022-11-22 15:38:34 - [TEST_STEP][PASSED] - result = slurper.parseText(req_data.getResponseBodyContent()): null

2022-11-22 15:38:34 - [TEST_STEP][PASSED] - reqid_kons = requestid1: null

2022-11-22 15:38:34 - [TEST_STEP][PASSED] - reqid_spouse = requestid2: null

2022-11-22 15:38:34 - [TEST_STEP][PASSED] - println("requestid kons : " + reqid_kons): null

2022-11-22 15:38:34 - [TEST_STEP][PASSED] - response_searchME_kons = reqid_kons: null

2022-11-22 15:38:34 - [TEST_STEP][PASSED] - response_searchME_spouse = reqid_spouse: null

2022-11-22 15:38:34 - [TEST_STEP][PASSED] - println("kons req id is :" + response_searchME_kons): null

2022-11-22 15:38:34 - [TEST_STEP][PASSED] - println("spouse req id is : " + response_searchME_spouse): null

2022-11-22 15:38:34 - [TEST_STEP][PASSED] - verifyResponseStatusCode(req_data, 200): Verify response status code successfully

2022-11-22 15:38:34 - [MESSAGE][PASSED] - Verify response status code successfully

2022-11-22 15:38:34 - [TEST_STEP][PASSED] - response = req_data.getResponseText(): null

2022-11-22 15:38:34 - [TEST_STEP][PASSED] - logInfo($response): {"status":"Done","data":{"requestid1":"241859","requestid2":""}}

2022-11-22 15:38:34 - [MESSAGE][INFO] - {"status":"Done","data":{"requestid1":"241859","requestid2":""}}

2022-11-22 15:38:34 - [TEST_STEP][PASSED] - delay(3): Delayed 3 second(s)

2022-11-22 15:38:37 - [MESSAGE][PASSED] - Delayed 3 second(s)

2022-11-22 15:38:37 - [TEST_STEP][PASSED] - scoring = sendRequest(findTestObject("EngineScore", ["response_searchME_kons":response_searchME_kons, "response_searchME_spouse":response_searchME_spouse])): Send request successfully

2022-11-22 15:38:37 - [MESSAGE][INFO] - HAR: D:\DMS\Engine Scoring\Reports\20221122_153620\Exclude KKB - DS\Scoring Individu - Used\20221122_153620\requests\main\53.har

2022-11-22 15:38:37 - [MESSAGE][PASSED] - Send request successfully

2022-11-22 15:38:37 - [TEST_STEP][PASSED] - verifyResponseStatusCode(scoring, 200): Verify response status code successfully

2022-11-22 15:38:37 - [MESSAGE][PASSED] - Verify response status code successfully

2022-11-22 15:38:37 - [TEST_STEP][PASSED] - response2 = scoring.getResponseText(): null

2022-11-22 15:38:37 - [TEST_STEP][PASSED] - markPassed("result service data ke : " + no): result service data ke : 27

2022-11-22 15:38:37 - [MESSAGE][PASSED] - result service data ke : 27

2022-11-22 15:38:37 - [TEST_STEP][PASSED] - logInfo($response2): {"result_konsumen":"Approve","result_pasangan":"","Final_result":"Approve","errorMessage":"","status":"Done"}

2022-11-22 15:38:37 - [MESSAGE][INFO] - {"result_konsumen":"Approve","result_pasangan":"","Final_result":"Approve","errorMessage":"","status":"Done"}

2022-11-22 15:38:37 - [TEST_STEP][PASSED] - verifyElementPropertyValue(scoring, "Final_result", final_result): Verify element property value successfully

2022-11-22 15:38:37 - [MESSAGE][PASSED] - Verify element property value successfully]]></system-out>
         <system-err><![CDATA[]]></system-err>
      </testcase>
      <testcase name="Test Cases/Engine_Scoring/Engine Scoring" time="4.457" classname="Test Cases/Engine_Scoring/Engine Scoring" status="PASSED">
         <system-out><![CDATA[2022-11-22 15:38:38 - [TEST_CASE][PASSED] - Test Cases/Engine_Scoring/Engine Scoring: Test Cases/Engine_Scoring/Engine Scoring

2022-11-22 15:38:38 - [TEST_STEP][PASSED] - markPassed("Variasi data ke : " + no): Variasi data ke : 28

2022-11-22 15:38:38 - [MESSAGE][PASSED] - Variasi data ke : 28

2022-11-22 15:38:38 - [TEST_STEP][PASSED] - req_data = sendRequest(findTestObject("Search_ME", ["MID":MID, "source":source, "ip":ip, "userid":userid, "branch":branch, "tipekons":tipekons, "marital":marital, "penjamin":penjamin, ... ])): Send request successfully

2022-11-22 15:38:39 - [MESSAGE][INFO] - HAR: D:\DMS\Engine Scoring\Reports\20221122_153620\Exclude KKB - DS\Scoring Individu - Used\20221122_153620\requests\main\54.har

2022-11-22 15:38:39 - [MESSAGE][PASSED] - Send request successfully

2022-11-22 15:38:39 - [TEST_STEP][PASSED] - slurper = new groovy.json.JsonSlurper(): null

2022-11-22 15:38:39 - [TEST_STEP][PASSED] - result = slurper.parseText(req_data.getResponseBodyContent()): null

2022-11-22 15:38:39 - [TEST_STEP][PASSED] - reqid_kons = requestid1: null

2022-11-22 15:38:39 - [TEST_STEP][PASSED] - reqid_spouse = requestid2: null

2022-11-22 15:38:39 - [TEST_STEP][PASSED] - println("requestid kons : " + reqid_kons): null

2022-11-22 15:38:39 - [TEST_STEP][PASSED] - response_searchME_kons = reqid_kons: null

2022-11-22 15:38:39 - [TEST_STEP][PASSED] - response_searchME_spouse = reqid_spouse: null

2022-11-22 15:38:39 - [TEST_STEP][PASSED] - println("kons req id is :" + response_searchME_kons): null

2022-11-22 15:38:39 - [TEST_STEP][PASSED] - println("spouse req id is : " + response_searchME_spouse): null

2022-11-22 15:38:39 - [TEST_STEP][PASSED] - verifyResponseStatusCode(req_data, 200): Verify response status code successfully

2022-11-22 15:38:39 - [MESSAGE][PASSED] - Verify response status code successfully

2022-11-22 15:38:39 - [TEST_STEP][PASSED] - response = req_data.getResponseText(): null

2022-11-22 15:38:39 - [TEST_STEP][PASSED] - logInfo($response): {"status":"Done","data":{"requestid1":"241860","requestid2":""}}

2022-11-22 15:38:39 - [MESSAGE][INFO] - {"status":"Done","data":{"requestid1":"241860","requestid2":""}}

2022-11-22 15:38:39 - [TEST_STEP][PASSED] - delay(3): Delayed 3 second(s)

2022-11-22 15:38:42 - [MESSAGE][PASSED] - Delayed 3 second(s)

2022-11-22 15:38:42 - [TEST_STEP][PASSED] - scoring = sendRequest(findTestObject("EngineScore", ["response_searchME_kons":response_searchME_kons, "response_searchME_spouse":response_searchME_spouse])): Send request successfully

2022-11-22 15:38:42 - [MESSAGE][INFO] - HAR: D:\DMS\Engine Scoring\Reports\20221122_153620\Exclude KKB - DS\Scoring Individu - Used\20221122_153620\requests\main\55.har

2022-11-22 15:38:42 - [MESSAGE][PASSED] - Send request successfully

2022-11-22 15:38:42 - [TEST_STEP][PASSED] - verifyResponseStatusCode(scoring, 200): Verify response status code successfully

2022-11-22 15:38:42 - [MESSAGE][PASSED] - Verify response status code successfully

2022-11-22 15:38:42 - [TEST_STEP][PASSED] - response2 = scoring.getResponseText(): null

2022-11-22 15:38:42 - [TEST_STEP][PASSED] - markPassed("result service data ke : " + no): result service data ke : 28

2022-11-22 15:38:42 - [MESSAGE][PASSED] - result service data ke : 28

2022-11-22 15:38:42 - [TEST_STEP][PASSED] - logInfo($response2): {"result_konsumen":"Approve","result_pasangan":"","Final_result":"Approve","errorMessage":"","status":"Done"}

2022-11-22 15:38:42 - [MESSAGE][INFO] - {"result_konsumen":"Approve","result_pasangan":"","Final_result":"Approve","errorMessage":"","status":"Done"}

2022-11-22 15:38:42 - [TEST_STEP][PASSED] - verifyElementPropertyValue(scoring, "Final_result", final_result): Verify element property value successfully

2022-11-22 15:38:42 - [MESSAGE][PASSED] - Verify element property value successfully]]></system-out>
         <system-err><![CDATA[]]></system-err>
      </testcase>
      <testcase name="Test Cases/Engine_Scoring/Engine Scoring" time="4.52" classname="Test Cases/Engine_Scoring/Engine Scoring" status="PASSED">
         <system-out><![CDATA[2022-11-22 15:38:42 - [TEST_CASE][PASSED] - Test Cases/Engine_Scoring/Engine Scoring: Test Cases/Engine_Scoring/Engine Scoring

2022-11-22 15:38:43 - [TEST_STEP][PASSED] - markPassed("Variasi data ke : " + no): Variasi data ke : 29

2022-11-22 15:38:43 - [MESSAGE][PASSED] - Variasi data ke : 29

2022-11-22 15:38:43 - [TEST_STEP][PASSED] - req_data = sendRequest(findTestObject("Search_ME", ["MID":MID, "source":source, "ip":ip, "userid":userid, "branch":branch, "tipekons":tipekons, "marital":marital, "penjamin":penjamin, ... ])): Send request successfully

2022-11-22 15:38:43 - [MESSAGE][INFO] - HAR: D:\DMS\Engine Scoring\Reports\20221122_153620\Exclude KKB - DS\Scoring Individu - Used\20221122_153620\requests\main\56.har

2022-11-22 15:38:43 - [MESSAGE][PASSED] - Send request successfully

2022-11-22 15:38:43 - [TEST_STEP][PASSED] - slurper = new groovy.json.JsonSlurper(): null

2022-11-22 15:38:43 - [TEST_STEP][PASSED] - result = slurper.parseText(req_data.getResponseBodyContent()): null

2022-11-22 15:38:43 - [TEST_STEP][PASSED] - reqid_kons = requestid1: null

2022-11-22 15:38:43 - [TEST_STEP][PASSED] - reqid_spouse = requestid2: null

2022-11-22 15:38:43 - [TEST_STEP][PASSED] - println("requestid kons : " + reqid_kons): null

2022-11-22 15:38:43 - [TEST_STEP][PASSED] - response_searchME_kons = reqid_kons: null

2022-11-22 15:38:43 - [TEST_STEP][PASSED] - response_searchME_spouse = reqid_spouse: null

2022-11-22 15:38:43 - [TEST_STEP][PASSED] - println("kons req id is :" + response_searchME_kons): null

2022-11-22 15:38:43 - [TEST_STEP][PASSED] - println("spouse req id is : " + response_searchME_spouse): null

2022-11-22 15:38:43 - [TEST_STEP][PASSED] - verifyResponseStatusCode(req_data, 200): Verify response status code successfully

2022-11-22 15:38:43 - [MESSAGE][PASSED] - Verify response status code successfully

2022-11-22 15:38:43 - [TEST_STEP][PASSED] - response = req_data.getResponseText(): null

2022-11-22 15:38:43 - [TEST_STEP][PASSED] - logInfo($response): {"status":"Done","data":{"requestid1":"241861","requestid2":""}}

2022-11-22 15:38:43 - [MESSAGE][INFO] - {"status":"Done","data":{"requestid1":"241861","requestid2":""}}

2022-11-22 15:38:43 - [TEST_STEP][PASSED] - delay(3): Delayed 3 second(s)

2022-11-22 15:38:46 - [MESSAGE][PASSED] - Delayed 3 second(s)

2022-11-22 15:38:46 - [TEST_STEP][PASSED] - scoring = sendRequest(findTestObject("EngineScore", ["response_searchME_kons":response_searchME_kons, "response_searchME_spouse":response_searchME_spouse])): Send request successfully

2022-11-22 15:38:47 - [MESSAGE][INFO] - HAR: D:\DMS\Engine Scoring\Reports\20221122_153620\Exclude KKB - DS\Scoring Individu - Used\20221122_153620\requests\main\57.har

2022-11-22 15:38:47 - [MESSAGE][PASSED] - Send request successfully

2022-11-22 15:38:47 - [TEST_STEP][PASSED] - verifyResponseStatusCode(scoring, 200): Verify response status code successfully

2022-11-22 15:38:47 - [MESSAGE][PASSED] - Verify response status code successfully

2022-11-22 15:38:47 - [TEST_STEP][PASSED] - response2 = scoring.getResponseText(): null

2022-11-22 15:38:47 - [TEST_STEP][PASSED] - markPassed("result service data ke : " + no): result service data ke : 29

2022-11-22 15:38:47 - [MESSAGE][PASSED] - result service data ke : 29

2022-11-22 15:38:47 - [TEST_STEP][PASSED] - logInfo($response2): {"result_konsumen":"Reject","result_pasangan":"","Final_result":"Reject","errorMessage":"","status":"Done"}

2022-11-22 15:38:47 - [MESSAGE][INFO] - {"result_konsumen":"Reject","result_pasangan":"","Final_result":"Reject","errorMessage":"","status":"Done"}

2022-11-22 15:38:47 - [TEST_STEP][PASSED] - verifyElementPropertyValue(scoring, "Final_result", final_result): Verify element property value successfully

2022-11-22 15:38:47 - [MESSAGE][PASSED] - Verify element property value successfully]]></system-out>
         <system-err><![CDATA[]]></system-err>
      </testcase>
      <testcase name="Test Cases/Engine_Scoring/Engine Scoring" time="4.523" classname="Test Cases/Engine_Scoring/Engine Scoring" status="PASSED">
         <system-out><![CDATA[2022-11-22 15:38:47 - [TEST_CASE][PASSED] - Test Cases/Engine_Scoring/Engine Scoring: Test Cases/Engine_Scoring/Engine Scoring

2022-11-22 15:38:47 - [TEST_STEP][PASSED] - markPassed("Variasi data ke : " + no): Variasi data ke : 30

2022-11-22 15:38:47 - [MESSAGE][PASSED] - Variasi data ke : 30

2022-11-22 15:38:47 - [TEST_STEP][PASSED] - req_data = sendRequest(findTestObject("Search_ME", ["MID":MID, "source":source, "ip":ip, "userid":userid, "branch":branch, "tipekons":tipekons, "marital":marital, "penjamin":penjamin, ... ])): Send request successfully

2022-11-22 15:38:48 - [MESSAGE][INFO] - HAR: D:\DMS\Engine Scoring\Reports\20221122_153620\Exclude KKB - DS\Scoring Individu - Used\20221122_153620\requests\main\58.har

2022-11-22 15:38:48 - [MESSAGE][PASSED] - Send request successfully

2022-11-22 15:38:48 - [TEST_STEP][PASSED] - slurper = new groovy.json.JsonSlurper(): null

2022-11-22 15:38:48 - [TEST_STEP][PASSED] - result = slurper.parseText(req_data.getResponseBodyContent()): null

2022-11-22 15:38:48 - [TEST_STEP][PASSED] - reqid_kons = requestid1: null

2022-11-22 15:38:48 - [TEST_STEP][PASSED] - reqid_spouse = requestid2: null

2022-11-22 15:38:48 - [TEST_STEP][PASSED] - println("requestid kons : " + reqid_kons): null

2022-11-22 15:38:48 - [TEST_STEP][PASSED] - response_searchME_kons = reqid_kons: null

2022-11-22 15:38:48 - [TEST_STEP][PASSED] - response_searchME_spouse = reqid_spouse: null

2022-11-22 15:38:48 - [TEST_STEP][PASSED] - println("kons req id is :" + response_searchME_kons): null

2022-11-22 15:38:48 - [TEST_STEP][PASSED] - println("spouse req id is : " + response_searchME_spouse): null

2022-11-22 15:38:48 - [TEST_STEP][PASSED] - verifyResponseStatusCode(req_data, 200): Verify response status code successfully

2022-11-22 15:38:48 - [MESSAGE][PASSED] - Verify response status code successfully

2022-11-22 15:38:48 - [TEST_STEP][PASSED] - response = req_data.getResponseText(): null

2022-11-22 15:38:48 - [TEST_STEP][PASSED] - logInfo($response): {"status":"Done","data":{"requestid1":"241862","requestid2":""}}

2022-11-22 15:38:48 - [MESSAGE][INFO] - {"status":"Done","data":{"requestid1":"241862","requestid2":""}}

2022-11-22 15:38:48 - [TEST_STEP][PASSED] - delay(3): Delayed 3 second(s)

2022-11-22 15:38:51 - [MESSAGE][PASSED] - Delayed 3 second(s)

2022-11-22 15:38:51 - [TEST_STEP][PASSED] - scoring = sendRequest(findTestObject("EngineScore", ["response_searchME_kons":response_searchME_kons, "response_searchME_spouse":response_searchME_spouse])): Send request successfully

2022-11-22 15:38:51 - [MESSAGE][INFO] - HAR: D:\DMS\Engine Scoring\Reports\20221122_153620\Exclude KKB - DS\Scoring Individu - Used\20221122_153620\requests\main\59.har

2022-11-22 15:38:51 - [MESSAGE][PASSED] - Send request successfully

2022-11-22 15:38:51 - [TEST_STEP][PASSED] - verifyResponseStatusCode(scoring, 200): Verify response status code successfully

2022-11-22 15:38:51 - [MESSAGE][PASSED] - Verify response status code successfully

2022-11-22 15:38:51 - [TEST_STEP][PASSED] - response2 = scoring.getResponseText(): null

2022-11-22 15:38:51 - [TEST_STEP][PASSED] - markPassed("result service data ke : " + no): result service data ke : 30

2022-11-22 15:38:51 - [MESSAGE][PASSED] - result service data ke : 30

2022-11-22 15:38:51 - [TEST_STEP][PASSED] - logInfo($response2): {"result_konsumen":"Reject","result_pasangan":"","Final_result":"Reject","errorMessage":"","status":"Done"}

2022-11-22 15:38:51 - [MESSAGE][INFO] - {"result_konsumen":"Reject","result_pasangan":"","Final_result":"Reject","errorMessage":"","status":"Done"}

2022-11-22 15:38:51 - [TEST_STEP][PASSED] - verifyElementPropertyValue(scoring, "Final_result", final_result): Verify element property value successfully

2022-11-22 15:38:51 - [MESSAGE][PASSED] - Verify element property value successfully]]></system-out>
         <system-err><![CDATA[]]></system-err>
      </testcase>
      <testcase name="Test Cases/Engine_Scoring/Engine Scoring" time="4.689" classname="Test Cases/Engine_Scoring/Engine Scoring" status="PASSED">
         <system-out><![CDATA[2022-11-22 15:38:51 - [TEST_CASE][PASSED] - Test Cases/Engine_Scoring/Engine Scoring: Test Cases/Engine_Scoring/Engine Scoring

2022-11-22 15:38:52 - [TEST_STEP][PASSED] - markPassed("Variasi data ke : " + no): Variasi data ke : 31

2022-11-22 15:38:52 - [MESSAGE][PASSED] - Variasi data ke : 31

2022-11-22 15:38:52 - [TEST_STEP][PASSED] - req_data = sendRequest(findTestObject("Search_ME", ["MID":MID, "source":source, "ip":ip, "userid":userid, "branch":branch, "tipekons":tipekons, "marital":marital, "penjamin":penjamin, ... ])): Send request successfully

2022-11-22 15:38:53 - [MESSAGE][INFO] - HAR: D:\DMS\Engine Scoring\Reports\20221122_153620\Exclude KKB - DS\Scoring Individu - Used\20221122_153620\requests\main\60.har

2022-11-22 15:38:53 - [MESSAGE][PASSED] - Send request successfully

2022-11-22 15:38:53 - [TEST_STEP][PASSED] - slurper = new groovy.json.JsonSlurper(): null

2022-11-22 15:38:53 - [TEST_STEP][PASSED] - result = slurper.parseText(req_data.getResponseBodyContent()): null

2022-11-22 15:38:53 - [TEST_STEP][PASSED] - reqid_kons = requestid1: null

2022-11-22 15:38:53 - [TEST_STEP][PASSED] - reqid_spouse = requestid2: null

2022-11-22 15:38:53 - [TEST_STEP][PASSED] - println("requestid kons : " + reqid_kons): null

2022-11-22 15:38:53 - [TEST_STEP][PASSED] - response_searchME_kons = reqid_kons: null

2022-11-22 15:38:53 - [TEST_STEP][PASSED] - response_searchME_spouse = reqid_spouse: null

2022-11-22 15:38:53 - [TEST_STEP][PASSED] - println("kons req id is :" + response_searchME_kons): null

2022-11-22 15:38:53 - [TEST_STEP][PASSED] - println("spouse req id is : " + response_searchME_spouse): null

2022-11-22 15:38:53 - [TEST_STEP][PASSED] - verifyResponseStatusCode(req_data, 200): Verify response status code successfully

2022-11-22 15:38:53 - [MESSAGE][PASSED] - Verify response status code successfully

2022-11-22 15:38:53 - [TEST_STEP][PASSED] - response = req_data.getResponseText(): null

2022-11-22 15:38:53 - [TEST_STEP][PASSED] - logInfo($response): {"status":"Done","data":{"requestid1":"241863","requestid2":""}}

2022-11-22 15:38:53 - [MESSAGE][INFO] - {"status":"Done","data":{"requestid1":"241863","requestid2":""}}

2022-11-22 15:38:53 - [TEST_STEP][PASSED] - delay(3): Delayed 3 second(s)

2022-11-22 15:38:56 - [MESSAGE][PASSED] - Delayed 3 second(s)

2022-11-22 15:38:56 - [TEST_STEP][PASSED] - scoring = sendRequest(findTestObject("EngineScore", ["response_searchME_kons":response_searchME_kons, "response_searchME_spouse":response_searchME_spouse])): Send request successfully

2022-11-22 15:38:56 - [MESSAGE][INFO] - HAR: D:\DMS\Engine Scoring\Reports\20221122_153620\Exclude KKB - DS\Scoring Individu - Used\20221122_153620\requests\main\61.har

2022-11-22 15:38:56 - [MESSAGE][PASSED] - Send request successfully

2022-11-22 15:38:56 - [TEST_STEP][PASSED] - verifyResponseStatusCode(scoring, 200): Verify response status code successfully

2022-11-22 15:38:56 - [MESSAGE][PASSED] - Verify response status code successfully

2022-11-22 15:38:56 - [TEST_STEP][PASSED] - response2 = scoring.getResponseText(): null

2022-11-22 15:38:56 - [TEST_STEP][PASSED] - markPassed("result service data ke : " + no): result service data ke : 31

2022-11-22 15:38:56 - [MESSAGE][PASSED] - result service data ke : 31

2022-11-22 15:38:56 - [TEST_STEP][PASSED] - logInfo($response2): {"result_konsumen":"Reject","result_pasangan":"","Final_result":"Reject","errorMessage":"","status":"Done"}

2022-11-22 15:38:56 - [MESSAGE][INFO] - {"result_konsumen":"Reject","result_pasangan":"","Final_result":"Reject","errorMessage":"","status":"Done"}

2022-11-22 15:38:56 - [TEST_STEP][PASSED] - verifyElementPropertyValue(scoring, "Final_result", final_result): Verify element property value successfully

2022-11-22 15:38:56 - [MESSAGE][PASSED] - Verify element property value successfully]]></system-out>
         <system-err><![CDATA[]]></system-err>
      </testcase>
      <testcase name="Test Cases/Engine_Scoring/Engine Scoring" time="4.543" classname="Test Cases/Engine_Scoring/Engine Scoring" status="PASSED">
         <system-out><![CDATA[2022-11-22 15:38:56 - [TEST_CASE][PASSED] - Test Cases/Engine_Scoring/Engine Scoring: Test Cases/Engine_Scoring/Engine Scoring

2022-11-22 15:38:57 - [TEST_STEP][PASSED] - markPassed("Variasi data ke : " + no): Variasi data ke : 32

2022-11-22 15:38:57 - [MESSAGE][PASSED] - Variasi data ke : 32

2022-11-22 15:38:57 - [TEST_STEP][PASSED] - req_data = sendRequest(findTestObject("Search_ME", ["MID":MID, "source":source, "ip":ip, "userid":userid, "branch":branch, "tipekons":tipekons, "marital":marital, "penjamin":penjamin, ... ])): Send request successfully

2022-11-22 15:38:57 - [MESSAGE][INFO] - HAR: D:\DMS\Engine Scoring\Reports\20221122_153620\Exclude KKB - DS\Scoring Individu - Used\20221122_153620\requests\main\62.har

2022-11-22 15:38:57 - [MESSAGE][PASSED] - Send request successfully

2022-11-22 15:38:57 - [TEST_STEP][PASSED] - slurper = new groovy.json.JsonSlurper(): null

2022-11-22 15:38:57 - [TEST_STEP][PASSED] - result = slurper.parseText(req_data.getResponseBodyContent()): null

2022-11-22 15:38:57 - [TEST_STEP][PASSED] - reqid_kons = requestid1: null

2022-11-22 15:38:57 - [TEST_STEP][PASSED] - reqid_spouse = requestid2: null

2022-11-22 15:38:57 - [TEST_STEP][PASSED] - println("requestid kons : " + reqid_kons): null

2022-11-22 15:38:57 - [TEST_STEP][PASSED] - response_searchME_kons = reqid_kons: null

2022-11-22 15:38:57 - [TEST_STEP][PASSED] - response_searchME_spouse = reqid_spouse: null

2022-11-22 15:38:57 - [TEST_STEP][PASSED] - println("kons req id is :" + response_searchME_kons): null

2022-11-22 15:38:57 - [TEST_STEP][PASSED] - println("spouse req id is : " + response_searchME_spouse): null

2022-11-22 15:38:57 - [TEST_STEP][PASSED] - verifyResponseStatusCode(req_data, 200): Verify response status code successfully

2022-11-22 15:38:57 - [MESSAGE][PASSED] - Verify response status code successfully

2022-11-22 15:38:57 - [TEST_STEP][PASSED] - response = req_data.getResponseText(): null

2022-11-22 15:38:57 - [TEST_STEP][PASSED] - logInfo($response): {"status":"Done","data":{"requestid1":"241864","requestid2":""}}

2022-11-22 15:38:57 - [MESSAGE][INFO] - {"status":"Done","data":{"requestid1":"241864","requestid2":""}}

2022-11-22 15:38:57 - [TEST_STEP][PASSED] - delay(3): Delayed 3 second(s)

2022-11-22 15:39:00 - [MESSAGE][PASSED] - Delayed 3 second(s)

2022-11-22 15:39:00 - [TEST_STEP][PASSED] - scoring = sendRequest(findTestObject("EngineScore", ["response_searchME_kons":response_searchME_kons, "response_searchME_spouse":response_searchME_spouse])): Send request successfully

2022-11-22 15:39:00 - [MESSAGE][INFO] - HAR: D:\DMS\Engine Scoring\Reports\20221122_153620\Exclude KKB - DS\Scoring Individu - Used\20221122_153620\requests\main\63.har

2022-11-22 15:39:00 - [MESSAGE][PASSED] - Send request successfully

2022-11-22 15:39:00 - [TEST_STEP][PASSED] - verifyResponseStatusCode(scoring, 200): Verify response status code successfully

2022-11-22 15:39:00 - [MESSAGE][PASSED] - Verify response status code successfully

2022-11-22 15:39:00 - [TEST_STEP][PASSED] - response2 = scoring.getResponseText(): null

2022-11-22 15:39:00 - [TEST_STEP][PASSED] - markPassed("result service data ke : " + no): result service data ke : 32

2022-11-22 15:39:00 - [MESSAGE][PASSED] - result service data ke : 32

2022-11-22 15:39:00 - [TEST_STEP][PASSED] - logInfo($response2): {"result_konsumen":"Reject","result_pasangan":"","Final_result":"Reject","errorMessage":"","status":"Done"}

2022-11-22 15:39:00 - [MESSAGE][INFO] - {"result_konsumen":"Reject","result_pasangan":"","Final_result":"Reject","errorMessage":"","status":"Done"}

2022-11-22 15:39:00 - [TEST_STEP][PASSED] - verifyElementPropertyValue(scoring, "Final_result", final_result): Verify element property value successfully

2022-11-22 15:39:00 - [MESSAGE][PASSED] - Verify element property value successfully]]></system-out>
         <system-err><![CDATA[]]></system-err>
      </testcase>
      <testcase name="Test Cases/Engine_Scoring/Engine Scoring" time="4.504" classname="Test Cases/Engine_Scoring/Engine Scoring" status="PASSED">
         <system-out><![CDATA[2022-11-22 15:39:00 - [TEST_CASE][PASSED] - Test Cases/Engine_Scoring/Engine Scoring: Test Cases/Engine_Scoring/Engine Scoring

2022-11-22 15:39:01 - [TEST_STEP][PASSED] - markPassed("Variasi data ke : " + no): Variasi data ke : 33

2022-11-22 15:39:01 - [MESSAGE][PASSED] - Variasi data ke : 33

2022-11-22 15:39:01 - [TEST_STEP][PASSED] - req_data = sendRequest(findTestObject("Search_ME", ["MID":MID, "source":source, "ip":ip, "userid":userid, "branch":branch, "tipekons":tipekons, "marital":marital, "penjamin":penjamin, ... ])): Send request successfully

2022-11-22 15:39:02 - [MESSAGE][INFO] - HAR: D:\DMS\Engine Scoring\Reports\20221122_153620\Exclude KKB - DS\Scoring Individu - Used\20221122_153620\requests\main\64.har

2022-11-22 15:39:02 - [MESSAGE][PASSED] - Send request successfully

2022-11-22 15:39:02 - [TEST_STEP][PASSED] - slurper = new groovy.json.JsonSlurper(): null

2022-11-22 15:39:02 - [TEST_STEP][PASSED] - result = slurper.parseText(req_data.getResponseBodyContent()): null

2022-11-22 15:39:02 - [TEST_STEP][PASSED] - reqid_kons = requestid1: null

2022-11-22 15:39:02 - [TEST_STEP][PASSED] - reqid_spouse = requestid2: null

2022-11-22 15:39:02 - [TEST_STEP][PASSED] - println("requestid kons : " + reqid_kons): null

2022-11-22 15:39:02 - [TEST_STEP][PASSED] - response_searchME_kons = reqid_kons: null

2022-11-22 15:39:02 - [TEST_STEP][PASSED] - response_searchME_spouse = reqid_spouse: null

2022-11-22 15:39:02 - [TEST_STEP][PASSED] - println("kons req id is :" + response_searchME_kons): null

2022-11-22 15:39:02 - [TEST_STEP][PASSED] - println("spouse req id is : " + response_searchME_spouse): null

2022-11-22 15:39:02 - [TEST_STEP][PASSED] - verifyResponseStatusCode(req_data, 200): Verify response status code successfully

2022-11-22 15:39:02 - [MESSAGE][PASSED] - Verify response status code successfully

2022-11-22 15:39:02 - [TEST_STEP][PASSED] - response = req_data.getResponseText(): null

2022-11-22 15:39:02 - [TEST_STEP][PASSED] - logInfo($response): {"status":"Done","data":{"requestid1":"241865","requestid2":""}}

2022-11-22 15:39:02 - [MESSAGE][INFO] - {"status":"Done","data":{"requestid1":"241865","requestid2":""}}

2022-11-22 15:39:02 - [TEST_STEP][PASSED] - delay(3): Delayed 3 second(s)

2022-11-22 15:39:05 - [MESSAGE][PASSED] - Delayed 3 second(s)

2022-11-22 15:39:05 - [TEST_STEP][PASSED] - scoring = sendRequest(findTestObject("EngineScore", ["response_searchME_kons":response_searchME_kons, "response_searchME_spouse":response_searchME_spouse])): Send request successfully

2022-11-22 15:39:05 - [MESSAGE][INFO] - HAR: D:\DMS\Engine Scoring\Reports\20221122_153620\Exclude KKB - DS\Scoring Individu - Used\20221122_153620\requests\main\65.har

2022-11-22 15:39:05 - [MESSAGE][PASSED] - Send request successfully

2022-11-22 15:39:05 - [TEST_STEP][PASSED] - verifyResponseStatusCode(scoring, 200): Verify response status code successfully

2022-11-22 15:39:05 - [MESSAGE][PASSED] - Verify response status code successfully

2022-11-22 15:39:05 - [TEST_STEP][PASSED] - response2 = scoring.getResponseText(): null

2022-11-22 15:39:05 - [TEST_STEP][PASSED] - markPassed("result service data ke : " + no): result service data ke : 33

2022-11-22 15:39:05 - [MESSAGE][PASSED] - result service data ke : 33

2022-11-22 15:39:05 - [TEST_STEP][PASSED] - logInfo($response2): {"result_konsumen":"Reject","result_pasangan":"","Final_result":"Reject","errorMessage":"","status":"Done"}

2022-11-22 15:39:05 - [MESSAGE][INFO] - {"result_konsumen":"Reject","result_pasangan":"","Final_result":"Reject","errorMessage":"","status":"Done"}

2022-11-22 15:39:05 - [TEST_STEP][PASSED] - verifyElementPropertyValue(scoring, "Final_result", final_result): Verify element property value successfully

2022-11-22 15:39:05 - [MESSAGE][PASSED] - Verify element property value successfully]]></system-out>
         <system-err><![CDATA[]]></system-err>
      </testcase>
      <testcase name="Test Cases/Engine_Scoring/Engine Scoring" time="4.718" classname="Test Cases/Engine_Scoring/Engine Scoring" status="PASSED">
         <system-out><![CDATA[2022-11-22 15:39:05 - [TEST_CASE][PASSED] - Test Cases/Engine_Scoring/Engine Scoring: Test Cases/Engine_Scoring/Engine Scoring

2022-11-22 15:39:06 - [TEST_STEP][PASSED] - markPassed("Variasi data ke : " + no): Variasi data ke : 34

2022-11-22 15:39:06 - [MESSAGE][PASSED] - Variasi data ke : 34

2022-11-22 15:39:06 - [TEST_STEP][PASSED] - req_data = sendRequest(findTestObject("Search_ME", ["MID":MID, "source":source, "ip":ip, "userid":userid, "branch":branch, "tipekons":tipekons, "marital":marital, "penjamin":penjamin, ... ])): Send request successfully

2022-11-22 15:39:07 - [MESSAGE][INFO] - HAR: D:\DMS\Engine Scoring\Reports\20221122_153620\Exclude KKB - DS\Scoring Individu - Used\20221122_153620\requests\main\66.har

2022-11-22 15:39:07 - [MESSAGE][PASSED] - Send request successfully

2022-11-22 15:39:07 - [TEST_STEP][PASSED] - slurper = new groovy.json.JsonSlurper(): null

2022-11-22 15:39:07 - [TEST_STEP][PASSED] - result = slurper.parseText(req_data.getResponseBodyContent()): null

2022-11-22 15:39:07 - [TEST_STEP][PASSED] - reqid_kons = requestid1: null

2022-11-22 15:39:07 - [TEST_STEP][PASSED] - reqid_spouse = requestid2: null

2022-11-22 15:39:07 - [TEST_STEP][PASSED] - println("requestid kons : " + reqid_kons): null

2022-11-22 15:39:07 - [TEST_STEP][PASSED] - response_searchME_kons = reqid_kons: null

2022-11-22 15:39:07 - [TEST_STEP][PASSED] - response_searchME_spouse = reqid_spouse: null

2022-11-22 15:39:07 - [TEST_STEP][PASSED] - println("kons req id is :" + response_searchME_kons): null

2022-11-22 15:39:07 - [TEST_STEP][PASSED] - println("spouse req id is : " + response_searchME_spouse): null

2022-11-22 15:39:07 - [TEST_STEP][PASSED] - verifyResponseStatusCode(req_data, 200): Verify response status code successfully

2022-11-22 15:39:07 - [MESSAGE][PASSED] - Verify response status code successfully

2022-11-22 15:39:07 - [TEST_STEP][PASSED] - response = req_data.getResponseText(): null

2022-11-22 15:39:07 - [TEST_STEP][PASSED] - logInfo($response): {"status":"Done","data":{"requestid1":"241866","requestid2":""}}

2022-11-22 15:39:07 - [MESSAGE][INFO] - {"status":"Done","data":{"requestid1":"241866","requestid2":""}}

2022-11-22 15:39:07 - [TEST_STEP][PASSED] - delay(3): Delayed 3 second(s)

2022-11-22 15:39:10 - [MESSAGE][PASSED] - Delayed 3 second(s)

2022-11-22 15:39:10 - [TEST_STEP][PASSED] - scoring = sendRequest(findTestObject("EngineScore", ["response_searchME_kons":response_searchME_kons, "response_searchME_spouse":response_searchME_spouse])): Send request successfully

2022-11-22 15:39:10 - [MESSAGE][INFO] - HAR: D:\DMS\Engine Scoring\Reports\20221122_153620\Exclude KKB - DS\Scoring Individu - Used\20221122_153620\requests\main\67.har

2022-11-22 15:39:10 - [MESSAGE][PASSED] - Send request successfully

2022-11-22 15:39:10 - [TEST_STEP][PASSED] - verifyResponseStatusCode(scoring, 200): Verify response status code successfully

2022-11-22 15:39:10 - [MESSAGE][PASSED] - Verify response status code successfully

2022-11-22 15:39:10 - [TEST_STEP][PASSED] - response2 = scoring.getResponseText(): null

2022-11-22 15:39:10 - [TEST_STEP][PASSED] - markPassed("result service data ke : " + no): result service data ke : 34

2022-11-22 15:39:10 - [MESSAGE][PASSED] - result service data ke : 34

2022-11-22 15:39:10 - [TEST_STEP][PASSED] - logInfo($response2): {"result_konsumen":"Reguler","result_pasangan":"","Final_result":"Reguler","errorMessage":"","status":"Done"}

2022-11-22 15:39:10 - [MESSAGE][INFO] - {"result_konsumen":"Reguler","result_pasangan":"","Final_result":"Reguler","errorMessage":"","status":"Done"}

2022-11-22 15:39:10 - [TEST_STEP][PASSED] - verifyElementPropertyValue(scoring, "Final_result", final_result): Verify element property value successfully

2022-11-22 15:39:10 - [MESSAGE][PASSED] - Verify element property value successfully]]></system-out>
         <system-err><![CDATA[]]></system-err>
      </testcase>
      <testcase name="Test Cases/Engine_Scoring/Engine Scoring" time="4.585" classname="Test Cases/Engine_Scoring/Engine Scoring" status="PASSED">
         <system-out><![CDATA[2022-11-22 15:39:10 - [TEST_CASE][PASSED] - Test Cases/Engine_Scoring/Engine Scoring: Test Cases/Engine_Scoring/Engine Scoring

2022-11-22 15:39:11 - [TEST_STEP][PASSED] - markPassed("Variasi data ke : " + no): Variasi data ke : 35

2022-11-22 15:39:11 - [MESSAGE][PASSED] - Variasi data ke : 35

2022-11-22 15:39:11 - [TEST_STEP][PASSED] - req_data = sendRequest(findTestObject("Search_ME", ["MID":MID, "source":source, "ip":ip, "userid":userid, "branch":branch, "tipekons":tipekons, "marital":marital, "penjamin":penjamin, ... ])): Send request successfully

2022-11-22 15:39:11 - [MESSAGE][INFO] - HAR: D:\DMS\Engine Scoring\Reports\20221122_153620\Exclude KKB - DS\Scoring Individu - Used\20221122_153620\requests\main\68.har

2022-11-22 15:39:11 - [MESSAGE][PASSED] - Send request successfully

2022-11-22 15:39:11 - [TEST_STEP][PASSED] - slurper = new groovy.json.JsonSlurper(): null

2022-11-22 15:39:11 - [TEST_STEP][PASSED] - result = slurper.parseText(req_data.getResponseBodyContent()): null

2022-11-22 15:39:11 - [TEST_STEP][PASSED] - reqid_kons = requestid1: null

2022-11-22 15:39:11 - [TEST_STEP][PASSED] - reqid_spouse = requestid2: null

2022-11-22 15:39:11 - [TEST_STEP][PASSED] - println("requestid kons : " + reqid_kons): null

2022-11-22 15:39:11 - [TEST_STEP][PASSED] - response_searchME_kons = reqid_kons: null

2022-11-22 15:39:11 - [TEST_STEP][PASSED] - response_searchME_spouse = reqid_spouse: null

2022-11-22 15:39:11 - [TEST_STEP][PASSED] - println("kons req id is :" + response_searchME_kons): null

2022-11-22 15:39:11 - [TEST_STEP][PASSED] - println("spouse req id is : " + response_searchME_spouse): null

2022-11-22 15:39:11 - [TEST_STEP][PASSED] - verifyResponseStatusCode(req_data, 200): Verify response status code successfully

2022-11-22 15:39:11 - [MESSAGE][PASSED] - Verify response status code successfully

2022-11-22 15:39:11 - [TEST_STEP][PASSED] - response = req_data.getResponseText(): null

2022-11-22 15:39:11 - [TEST_STEP][PASSED] - logInfo($response): {"status":"Done","data":{"requestid1":"241867","requestid2":""}}

2022-11-22 15:39:11 - [MESSAGE][INFO] - {"status":"Done","data":{"requestid1":"241867","requestid2":""}}

2022-11-22 15:39:11 - [TEST_STEP][PASSED] - delay(3): Delayed 3 second(s)

2022-11-22 15:39:14 - [MESSAGE][PASSED] - Delayed 3 second(s)

2022-11-22 15:39:14 - [TEST_STEP][PASSED] - scoring = sendRequest(findTestObject("EngineScore", ["response_searchME_kons":response_searchME_kons, "response_searchME_spouse":response_searchME_spouse])): Send request successfully

2022-11-22 15:39:14 - [MESSAGE][INFO] - HAR: D:\DMS\Engine Scoring\Reports\20221122_153620\Exclude KKB - DS\Scoring Individu - Used\20221122_153620\requests\main\69.har

2022-11-22 15:39:14 - [MESSAGE][PASSED] - Send request successfully

2022-11-22 15:39:14 - [TEST_STEP][PASSED] - verifyResponseStatusCode(scoring, 200): Verify response status code successfully

2022-11-22 15:39:14 - [MESSAGE][PASSED] - Verify response status code successfully

2022-11-22 15:39:14 - [TEST_STEP][PASSED] - response2 = scoring.getResponseText(): null

2022-11-22 15:39:14 - [TEST_STEP][PASSED] - markPassed("result service data ke : " + no): result service data ke : 35

2022-11-22 15:39:14 - [MESSAGE][PASSED] - result service data ke : 35

2022-11-22 15:39:14 - [TEST_STEP][PASSED] - logInfo($response2): {"result_konsumen":"Reguler","result_pasangan":"","Final_result":"Reguler","errorMessage":"","status":"Done"}

2022-11-22 15:39:14 - [MESSAGE][INFO] - {"result_konsumen":"Reguler","result_pasangan":"","Final_result":"Reguler","errorMessage":"","status":"Done"}

2022-11-22 15:39:14 - [TEST_STEP][PASSED] - verifyElementPropertyValue(scoring, "Final_result", final_result): Verify element property value successfully

2022-11-22 15:39:14 - [MESSAGE][PASSED] - Verify element property value successfully]]></system-out>
         <system-err><![CDATA[]]></system-err>
      </testcase>
      <testcase name="Test Cases/Engine_Scoring/Engine Scoring" time="4.61" classname="Test Cases/Engine_Scoring/Engine Scoring" status="PASSED">
         <system-out><![CDATA[2022-11-22 15:39:14 - [TEST_CASE][PASSED] - Test Cases/Engine_Scoring/Engine Scoring: Test Cases/Engine_Scoring/Engine Scoring

2022-11-22 15:39:15 - [TEST_STEP][PASSED] - markPassed("Variasi data ke : " + no): Variasi data ke : 36

2022-11-22 15:39:15 - [MESSAGE][PASSED] - Variasi data ke : 36

2022-11-22 15:39:15 - [TEST_STEP][PASSED] - req_data = sendRequest(findTestObject("Search_ME", ["MID":MID, "source":source, "ip":ip, "userid":userid, "branch":branch, "tipekons":tipekons, "marital":marital, "penjamin":penjamin, ... ])): Send request successfully

2022-11-22 15:39:16 - [MESSAGE][INFO] - HAR: D:\DMS\Engine Scoring\Reports\20221122_153620\Exclude KKB - DS\Scoring Individu - Used\20221122_153620\requests\main\70.har

2022-11-22 15:39:16 - [MESSAGE][PASSED] - Send request successfully

2022-11-22 15:39:16 - [TEST_STEP][PASSED] - slurper = new groovy.json.JsonSlurper(): null

2022-11-22 15:39:16 - [TEST_STEP][PASSED] - result = slurper.parseText(req_data.getResponseBodyContent()): null

2022-11-22 15:39:16 - [TEST_STEP][PASSED] - reqid_kons = requestid1: null

2022-11-22 15:39:16 - [TEST_STEP][PASSED] - reqid_spouse = requestid2: null

2022-11-22 15:39:16 - [TEST_STEP][PASSED] - println("requestid kons : " + reqid_kons): null

2022-11-22 15:39:16 - [TEST_STEP][PASSED] - response_searchME_kons = reqid_kons: null

2022-11-22 15:39:16 - [TEST_STEP][PASSED] - response_searchME_spouse = reqid_spouse: null

2022-11-22 15:39:16 - [TEST_STEP][PASSED] - println("kons req id is :" + response_searchME_kons): null

2022-11-22 15:39:16 - [TEST_STEP][PASSED] - println("spouse req id is : " + response_searchME_spouse): null

2022-11-22 15:39:16 - [TEST_STEP][PASSED] - verifyResponseStatusCode(req_data, 200): Verify response status code successfully

2022-11-22 15:39:16 - [MESSAGE][PASSED] - Verify response status code successfully

2022-11-22 15:39:16 - [TEST_STEP][PASSED] - response = req_data.getResponseText(): null

2022-11-22 15:39:16 - [TEST_STEP][PASSED] - logInfo($response): {"status":"Done","data":{"requestid1":"241868","requestid2":""}}

2022-11-22 15:39:16 - [MESSAGE][INFO] - {"status":"Done","data":{"requestid1":"241868","requestid2":""}}

2022-11-22 15:39:16 - [TEST_STEP][PASSED] - delay(3): Delayed 3 second(s)

2022-11-22 15:39:19 - [MESSAGE][PASSED] - Delayed 3 second(s)

2022-11-22 15:39:19 - [TEST_STEP][PASSED] - scoring = sendRequest(findTestObject("EngineScore", ["response_searchME_kons":response_searchME_kons, "response_searchME_spouse":response_searchME_spouse])): Send request successfully

2022-11-22 15:39:19 - [MESSAGE][INFO] - HAR: D:\DMS\Engine Scoring\Reports\20221122_153620\Exclude KKB - DS\Scoring Individu - Used\20221122_153620\requests\main\71.har

2022-11-22 15:39:19 - [MESSAGE][PASSED] - Send request successfully

2022-11-22 15:39:19 - [TEST_STEP][PASSED] - verifyResponseStatusCode(scoring, 200): Verify response status code successfully

2022-11-22 15:39:19 - [MESSAGE][PASSED] - Verify response status code successfully

2022-11-22 15:39:19 - [TEST_STEP][PASSED] - response2 = scoring.getResponseText(): null

2022-11-22 15:39:19 - [TEST_STEP][PASSED] - markPassed("result service data ke : " + no): result service data ke : 36

2022-11-22 15:39:19 - [MESSAGE][PASSED] - result service data ke : 36

2022-11-22 15:39:19 - [TEST_STEP][PASSED] - logInfo($response2): {"result_konsumen":"Reguler","result_pasangan":"","Final_result":"Reguler","errorMessage":"","status":"Done"}

2022-11-22 15:39:19 - [MESSAGE][INFO] - {"result_konsumen":"Reguler","result_pasangan":"","Final_result":"Reguler","errorMessage":"","status":"Done"}

2022-11-22 15:39:19 - [TEST_STEP][PASSED] - verifyElementPropertyValue(scoring, "Final_result", final_result): Verify element property value successfully

2022-11-22 15:39:19 - [MESSAGE][PASSED] - Verify element property value successfully]]></system-out>
         <system-err><![CDATA[]]></system-err>
      </testcase>
      <testcase name="Test Cases/Engine_Scoring/Engine Scoring" time="4.661" classname="Test Cases/Engine_Scoring/Engine Scoring" status="PASSED">
         <system-out><![CDATA[2022-11-22 15:39:19 - [TEST_CASE][PASSED] - Test Cases/Engine_Scoring/Engine Scoring: Test Cases/Engine_Scoring/Engine Scoring

2022-11-22 15:39:20 - [TEST_STEP][PASSED] - markPassed("Variasi data ke : " + no): Variasi data ke : 37

2022-11-22 15:39:20 - [MESSAGE][PASSED] - Variasi data ke : 37

2022-11-22 15:39:20 - [TEST_STEP][PASSED] - req_data = sendRequest(findTestObject("Search_ME", ["MID":MID, "source":source, "ip":ip, "userid":userid, "branch":branch, "tipekons":tipekons, "marital":marital, "penjamin":penjamin, ... ])): Send request successfully

2022-11-22 15:39:21 - [MESSAGE][INFO] - HAR: D:\DMS\Engine Scoring\Reports\20221122_153620\Exclude KKB - DS\Scoring Individu - Used\20221122_153620\requests\main\72.har

2022-11-22 15:39:21 - [MESSAGE][PASSED] - Send request successfully

2022-11-22 15:39:21 - [TEST_STEP][PASSED] - slurper = new groovy.json.JsonSlurper(): null

2022-11-22 15:39:21 - [TEST_STEP][PASSED] - result = slurper.parseText(req_data.getResponseBodyContent()): null

2022-11-22 15:39:21 - [TEST_STEP][PASSED] - reqid_kons = requestid1: null

2022-11-22 15:39:21 - [TEST_STEP][PASSED] - reqid_spouse = requestid2: null

2022-11-22 15:39:21 - [TEST_STEP][PASSED] - println("requestid kons : " + reqid_kons): null

2022-11-22 15:39:21 - [TEST_STEP][PASSED] - response_searchME_kons = reqid_kons: null

2022-11-22 15:39:21 - [TEST_STEP][PASSED] - response_searchME_spouse = reqid_spouse: null

2022-11-22 15:39:21 - [TEST_STEP][PASSED] - println("kons req id is :" + response_searchME_kons): null

2022-11-22 15:39:21 - [TEST_STEP][PASSED] - println("spouse req id is : " + response_searchME_spouse): null

2022-11-22 15:39:21 - [TEST_STEP][PASSED] - verifyResponseStatusCode(req_data, 200): Verify response status code successfully

2022-11-22 15:39:21 - [MESSAGE][PASSED] - Verify response status code successfully

2022-11-22 15:39:21 - [TEST_STEP][PASSED] - response = req_data.getResponseText(): null

2022-11-22 15:39:21 - [TEST_STEP][PASSED] - logInfo($response): {"status":"Done","data":{"requestid1":"241869","requestid2":""}}

2022-11-22 15:39:21 - [MESSAGE][INFO] - {"status":"Done","data":{"requestid1":"241869","requestid2":""}}

2022-11-22 15:39:21 - [TEST_STEP][PASSED] - delay(3): Delayed 3 second(s)

2022-11-22 15:39:24 - [MESSAGE][PASSED] - Delayed 3 second(s)

2022-11-22 15:39:24 - [TEST_STEP][PASSED] - scoring = sendRequest(findTestObject("EngineScore", ["response_searchME_kons":response_searchME_kons, "response_searchME_spouse":response_searchME_spouse])): Send request successfully

2022-11-22 15:39:24 - [MESSAGE][INFO] - HAR: D:\DMS\Engine Scoring\Reports\20221122_153620\Exclude KKB - DS\Scoring Individu - Used\20221122_153620\requests\main\73.har

2022-11-22 15:39:24 - [MESSAGE][PASSED] - Send request successfully

2022-11-22 15:39:24 - [TEST_STEP][PASSED] - verifyResponseStatusCode(scoring, 200): Verify response status code successfully

2022-11-22 15:39:24 - [MESSAGE][PASSED] - Verify response status code successfully

2022-11-22 15:39:24 - [TEST_STEP][PASSED] - response2 = scoring.getResponseText(): null

2022-11-22 15:39:24 - [TEST_STEP][PASSED] - markPassed("result service data ke : " + no): result service data ke : 37

2022-11-22 15:39:24 - [MESSAGE][PASSED] - result service data ke : 37

2022-11-22 15:39:24 - [TEST_STEP][PASSED] - logInfo($response2): {"result_konsumen":"Approve","result_pasangan":"","Final_result":"Approve","errorMessage":"","status":"Done"}

2022-11-22 15:39:24 - [MESSAGE][INFO] - {"result_konsumen":"Approve","result_pasangan":"","Final_result":"Approve","errorMessage":"","status":"Done"}

2022-11-22 15:39:24 - [TEST_STEP][PASSED] - verifyElementPropertyValue(scoring, "Final_result", final_result): Verify element property value successfully

2022-11-22 15:39:24 - [MESSAGE][PASSED] - Verify element property value successfully]]></system-out>
         <system-err><![CDATA[]]></system-err>
      </testcase>
      <testcase name="Test Cases/Engine_Scoring/Engine Scoring" time="4.596" classname="Test Cases/Engine_Scoring/Engine Scoring" status="PASSED">
         <system-out><![CDATA[2022-11-22 15:39:24 - [TEST_CASE][PASSED] - Test Cases/Engine_Scoring/Engine Scoring: Test Cases/Engine_Scoring/Engine Scoring

2022-11-22 15:39:24 - [TEST_STEP][PASSED] - markPassed("Variasi data ke : " + no): Variasi data ke : 38

2022-11-22 15:39:24 - [MESSAGE][PASSED] - Variasi data ke : 38

2022-11-22 15:39:24 - [TEST_STEP][PASSED] - req_data = sendRequest(findTestObject("Search_ME", ["MID":MID, "source":source, "ip":ip, "userid":userid, "branch":branch, "tipekons":tipekons, "marital":marital, "penjamin":penjamin, ... ])): Send request successfully

2022-11-22 15:39:25 - [MESSAGE][INFO] - HAR: D:\DMS\Engine Scoring\Reports\20221122_153620\Exclude KKB - DS\Scoring Individu - Used\20221122_153620\requests\main\74.har

2022-11-22 15:39:25 - [MESSAGE][PASSED] - Send request successfully

2022-11-22 15:39:25 - [TEST_STEP][PASSED] - slurper = new groovy.json.JsonSlurper(): null

2022-11-22 15:39:25 - [TEST_STEP][PASSED] - result = slurper.parseText(req_data.getResponseBodyContent()): null

2022-11-22 15:39:25 - [TEST_STEP][PASSED] - reqid_kons = requestid1: null

2022-11-22 15:39:25 - [TEST_STEP][PASSED] - reqid_spouse = requestid2: null

2022-11-22 15:39:25 - [TEST_STEP][PASSED] - println("requestid kons : " + reqid_kons): null

2022-11-22 15:39:25 - [TEST_STEP][PASSED] - response_searchME_kons = reqid_kons: null

2022-11-22 15:39:25 - [TEST_STEP][PASSED] - response_searchME_spouse = reqid_spouse: null

2022-11-22 15:39:25 - [TEST_STEP][PASSED] - println("kons req id is :" + response_searchME_kons): null

2022-11-22 15:39:25 - [TEST_STEP][PASSED] - println("spouse req id is : " + response_searchME_spouse): null

2022-11-22 15:39:25 - [TEST_STEP][PASSED] - verifyResponseStatusCode(req_data, 200): Verify response status code successfully

2022-11-22 15:39:25 - [MESSAGE][PASSED] - Verify response status code successfully

2022-11-22 15:39:25 - [TEST_STEP][PASSED] - response = req_data.getResponseText(): null

2022-11-22 15:39:25 - [TEST_STEP][PASSED] - logInfo($response): {"status":"Done","data":{"requestid1":"241870","requestid2":""}}

2022-11-22 15:39:25 - [MESSAGE][INFO] - {"status":"Done","data":{"requestid1":"241870","requestid2":""}}

2022-11-22 15:39:25 - [TEST_STEP][PASSED] - delay(3): Delayed 3 second(s)

2022-11-22 15:39:28 - [MESSAGE][PASSED] - Delayed 3 second(s)

2022-11-22 15:39:28 - [TEST_STEP][PASSED] - scoring = sendRequest(findTestObject("EngineScore", ["response_searchME_kons":response_searchME_kons, "response_searchME_spouse":response_searchME_spouse])): Send request successfully

2022-11-22 15:39:28 - [MESSAGE][INFO] - HAR: D:\DMS\Engine Scoring\Reports\20221122_153620\Exclude KKB - DS\Scoring Individu - Used\20221122_153620\requests\main\75.har

2022-11-22 15:39:28 - [MESSAGE][PASSED] - Send request successfully

2022-11-22 15:39:28 - [TEST_STEP][PASSED] - verifyResponseStatusCode(scoring, 200): Verify response status code successfully

2022-11-22 15:39:28 - [MESSAGE][PASSED] - Verify response status code successfully

2022-11-22 15:39:28 - [TEST_STEP][PASSED] - response2 = scoring.getResponseText(): null

2022-11-22 15:39:28 - [TEST_STEP][PASSED] - markPassed("result service data ke : " + no): result service data ke : 38

2022-11-22 15:39:28 - [MESSAGE][PASSED] - result service data ke : 38

2022-11-22 15:39:28 - [TEST_STEP][PASSED] - logInfo($response2): {"result_konsumen":"Approve","result_pasangan":"","Final_result":"Approve","errorMessage":"","status":"Done"}

2022-11-22 15:39:28 - [MESSAGE][INFO] - {"result_konsumen":"Approve","result_pasangan":"","Final_result":"Approve","errorMessage":"","status":"Done"}

2022-11-22 15:39:28 - [TEST_STEP][PASSED] - verifyElementPropertyValue(scoring, "Final_result", final_result): Verify element property value successfully

2022-11-22 15:39:28 - [MESSAGE][PASSED] - Verify element property value successfully]]></system-out>
         <system-err><![CDATA[]]></system-err>
      </testcase>
      <testcase name="Test Cases/Engine_Scoring/Engine Scoring" time="4.655" classname="Test Cases/Engine_Scoring/Engine Scoring" status="PASSED">
         <system-out><![CDATA[2022-11-22 15:39:28 - [TEST_CASE][PASSED] - Test Cases/Engine_Scoring/Engine Scoring: Test Cases/Engine_Scoring/Engine Scoring

2022-11-22 15:39:29 - [TEST_STEP][PASSED] - markPassed("Variasi data ke : " + no): Variasi data ke : 39

2022-11-22 15:39:29 - [MESSAGE][PASSED] - Variasi data ke : 39

2022-11-22 15:39:29 - [TEST_STEP][PASSED] - req_data = sendRequest(findTestObject("Search_ME", ["MID":MID, "source":source, "ip":ip, "userid":userid, "branch":branch, "tipekons":tipekons, "marital":marital, "penjamin":penjamin, ... ])): Send request successfully

2022-11-22 15:39:30 - [MESSAGE][INFO] - HAR: D:\DMS\Engine Scoring\Reports\20221122_153620\Exclude KKB - DS\Scoring Individu - Used\20221122_153620\requests\main\76.har

2022-11-22 15:39:30 - [MESSAGE][PASSED] - Send request successfully

2022-11-22 15:39:30 - [TEST_STEP][PASSED] - slurper = new groovy.json.JsonSlurper(): null

2022-11-22 15:39:30 - [TEST_STEP][PASSED] - result = slurper.parseText(req_data.getResponseBodyContent()): null

2022-11-22 15:39:30 - [TEST_STEP][PASSED] - reqid_kons = requestid1: null

2022-11-22 15:39:30 - [TEST_STEP][PASSED] - reqid_spouse = requestid2: null

2022-11-22 15:39:30 - [TEST_STEP][PASSED] - println("requestid kons : " + reqid_kons): null

2022-11-22 15:39:30 - [TEST_STEP][PASSED] - response_searchME_kons = reqid_kons: null

2022-11-22 15:39:30 - [TEST_STEP][PASSED] - response_searchME_spouse = reqid_spouse: null

2022-11-22 15:39:30 - [TEST_STEP][PASSED] - println("kons req id is :" + response_searchME_kons): null

2022-11-22 15:39:30 - [TEST_STEP][PASSED] - println("spouse req id is : " + response_searchME_spouse): null

2022-11-22 15:39:30 - [TEST_STEP][PASSED] - verifyResponseStatusCode(req_data, 200): Verify response status code successfully

2022-11-22 15:39:30 - [MESSAGE][PASSED] - Verify response status code successfully

2022-11-22 15:39:30 - [TEST_STEP][PASSED] - response = req_data.getResponseText(): null

2022-11-22 15:39:30 - [TEST_STEP][PASSED] - logInfo($response): {"status":"Done","data":{"requestid1":"241871","requestid2":""}}

2022-11-22 15:39:30 - [MESSAGE][INFO] - {"status":"Done","data":{"requestid1":"241871","requestid2":""}}

2022-11-22 15:39:30 - [TEST_STEP][PASSED] - delay(3): Delayed 3 second(s)

2022-11-22 15:39:33 - [MESSAGE][PASSED] - Delayed 3 second(s)

2022-11-22 15:39:33 - [TEST_STEP][PASSED] - scoring = sendRequest(findTestObject("EngineScore", ["response_searchME_kons":response_searchME_kons, "response_searchME_spouse":response_searchME_spouse])): Send request successfully

2022-11-22 15:39:33 - [MESSAGE][INFO] - HAR: D:\DMS\Engine Scoring\Reports\20221122_153620\Exclude KKB - DS\Scoring Individu - Used\20221122_153620\requests\main\77.har

2022-11-22 15:39:33 - [MESSAGE][PASSED] - Send request successfully

2022-11-22 15:39:33 - [TEST_STEP][PASSED] - verifyResponseStatusCode(scoring, 200): Verify response status code successfully

2022-11-22 15:39:33 - [MESSAGE][PASSED] - Verify response status code successfully

2022-11-22 15:39:33 - [TEST_STEP][PASSED] - response2 = scoring.getResponseText(): null

2022-11-22 15:39:33 - [TEST_STEP][PASSED] - markPassed("result service data ke : " + no): result service data ke : 39

2022-11-22 15:39:33 - [MESSAGE][PASSED] - result service data ke : 39

2022-11-22 15:39:33 - [TEST_STEP][PASSED] - logInfo($response2): {"result_konsumen":"Approve","result_pasangan":"","Final_result":"Approve","errorMessage":"","status":"Done"}

2022-11-22 15:39:33 - [MESSAGE][INFO] - {"result_konsumen":"Approve","result_pasangan":"","Final_result":"Approve","errorMessage":"","status":"Done"}

2022-11-22 15:39:33 - [TEST_STEP][PASSED] - verifyElementPropertyValue(scoring, "Final_result", final_result): Verify element property value successfully

2022-11-22 15:39:33 - [MESSAGE][PASSED] - Verify element property value successfully]]></system-out>
         <system-err><![CDATA[]]></system-err>
      </testcase>
      <testcase name="Test Cases/Engine_Scoring/Engine Scoring" time="4.545" classname="Test Cases/Engine_Scoring/Engine Scoring" status="PASSED">
         <system-out><![CDATA[2022-11-22 15:39:33 - [TEST_CASE][PASSED] - Test Cases/Engine_Scoring/Engine Scoring: Test Cases/Engine_Scoring/Engine Scoring

2022-11-22 15:39:34 - [TEST_STEP][PASSED] - markPassed("Variasi data ke : " + no): Variasi data ke : 40

2022-11-22 15:39:34 - [MESSAGE][PASSED] - Variasi data ke : 40

2022-11-22 15:39:34 - [TEST_STEP][PASSED] - req_data = sendRequest(findTestObject("Search_ME", ["MID":MID, "source":source, "ip":ip, "userid":userid, "branch":branch, "tipekons":tipekons, "marital":marital, "penjamin":penjamin, ... ])): Send request successfully

2022-11-22 15:39:35 - [MESSAGE][INFO] - HAR: D:\DMS\Engine Scoring\Reports\20221122_153620\Exclude KKB - DS\Scoring Individu - Used\20221122_153620\requests\main\78.har

2022-11-22 15:39:35 - [MESSAGE][PASSED] - Send request successfully

2022-11-22 15:39:35 - [TEST_STEP][PASSED] - slurper = new groovy.json.JsonSlurper(): null

2022-11-22 15:39:35 - [TEST_STEP][PASSED] - result = slurper.parseText(req_data.getResponseBodyContent()): null

2022-11-22 15:39:35 - [TEST_STEP][PASSED] - reqid_kons = requestid1: null

2022-11-22 15:39:35 - [TEST_STEP][PASSED] - reqid_spouse = requestid2: null

2022-11-22 15:39:35 - [TEST_STEP][PASSED] - println("requestid kons : " + reqid_kons): null

2022-11-22 15:39:35 - [TEST_STEP][PASSED] - response_searchME_kons = reqid_kons: null

2022-11-22 15:39:35 - [TEST_STEP][PASSED] - response_searchME_spouse = reqid_spouse: null

2022-11-22 15:39:35 - [TEST_STEP][PASSED] - println("kons req id is :" + response_searchME_kons): null

2022-11-22 15:39:35 - [TEST_STEP][PASSED] - println("spouse req id is : " + response_searchME_spouse): null

2022-11-22 15:39:35 - [TEST_STEP][PASSED] - verifyResponseStatusCode(req_data, 200): Verify response status code successfully

2022-11-22 15:39:35 - [MESSAGE][PASSED] - Verify response status code successfully

2022-11-22 15:39:35 - [TEST_STEP][PASSED] - response = req_data.getResponseText(): null

2022-11-22 15:39:35 - [TEST_STEP][PASSED] - logInfo($response): {"status":"Done","data":{"requestid1":"241872","requestid2":""}}

2022-11-22 15:39:35 - [MESSAGE][INFO] - {"status":"Done","data":{"requestid1":"241872","requestid2":""}}

2022-11-22 15:39:35 - [TEST_STEP][PASSED] - delay(3): Delayed 3 second(s)

2022-11-22 15:39:38 - [MESSAGE][PASSED] - Delayed 3 second(s)

2022-11-22 15:39:38 - [TEST_STEP][PASSED] - scoring = sendRequest(findTestObject("EngineScore", ["response_searchME_kons":response_searchME_kons, "response_searchME_spouse":response_searchME_spouse])): Send request successfully

2022-11-22 15:39:38 - [MESSAGE][INFO] - HAR: D:\DMS\Engine Scoring\Reports\20221122_153620\Exclude KKB - DS\Scoring Individu - Used\20221122_153620\requests\main\79.har

2022-11-22 15:39:38 - [MESSAGE][PASSED] - Send request successfully

2022-11-22 15:39:38 - [TEST_STEP][PASSED] - verifyResponseStatusCode(scoring, 200): Verify response status code successfully

2022-11-22 15:39:38 - [MESSAGE][PASSED] - Verify response status code successfully

2022-11-22 15:39:38 - [TEST_STEP][PASSED] - response2 = scoring.getResponseText(): null

2022-11-22 15:39:38 - [TEST_STEP][PASSED] - markPassed("result service data ke : " + no): result service data ke : 40

2022-11-22 15:39:38 - [MESSAGE][PASSED] - result service data ke : 40

2022-11-22 15:39:38 - [TEST_STEP][PASSED] - logInfo($response2): {"result_konsumen":"Approve","result_pasangan":"","Final_result":"Approve","errorMessage":"","status":"Done"}

2022-11-22 15:39:38 - [MESSAGE][INFO] - {"result_konsumen":"Approve","result_pasangan":"","Final_result":"Approve","errorMessage":"","status":"Done"}

2022-11-22 15:39:38 - [TEST_STEP][PASSED] - verifyElementPropertyValue(scoring, "Final_result", final_result): Verify element property value successfully

2022-11-22 15:39:38 - [MESSAGE][PASSED] - Verify element property value successfully]]></system-out>
         <system-err><![CDATA[]]></system-err>
      </testcase>
      <testcase name="Test Cases/Engine_Scoring/Engine Scoring" time="4.606" classname="Test Cases/Engine_Scoring/Engine Scoring" status="PASSED">
         <system-out><![CDATA[2022-11-22 15:39:38 - [TEST_CASE][PASSED] - Test Cases/Engine_Scoring/Engine Scoring: Test Cases/Engine_Scoring/Engine Scoring

2022-11-22 15:39:38 - [TEST_STEP][PASSED] - markPassed("Variasi data ke : " + no): Variasi data ke : 41

2022-11-22 15:39:38 - [MESSAGE][PASSED] - Variasi data ke : 41

2022-11-22 15:39:38 - [TEST_STEP][PASSED] - req_data = sendRequest(findTestObject("Search_ME", ["MID":MID, "source":source, "ip":ip, "userid":userid, "branch":branch, "tipekons":tipekons, "marital":marital, "penjamin":penjamin, ... ])): Send request successfully

2022-11-22 15:39:39 - [MESSAGE][INFO] - HAR: D:\DMS\Engine Scoring\Reports\20221122_153620\Exclude KKB - DS\Scoring Individu - Used\20221122_153620\requests\main\80.har

2022-11-22 15:39:39 - [MESSAGE][PASSED] - Send request successfully

2022-11-22 15:39:39 - [TEST_STEP][PASSED] - slurper = new groovy.json.JsonSlurper(): null

2022-11-22 15:39:39 - [TEST_STEP][PASSED] - result = slurper.parseText(req_data.getResponseBodyContent()): null

2022-11-22 15:39:39 - [TEST_STEP][PASSED] - reqid_kons = requestid1: null

2022-11-22 15:39:39 - [TEST_STEP][PASSED] - reqid_spouse = requestid2: null

2022-11-22 15:39:39 - [TEST_STEP][PASSED] - println("requestid kons : " + reqid_kons): null

2022-11-22 15:39:39 - [TEST_STEP][PASSED] - response_searchME_kons = reqid_kons: null

2022-11-22 15:39:39 - [TEST_STEP][PASSED] - response_searchME_spouse = reqid_spouse: null

2022-11-22 15:39:39 - [TEST_STEP][PASSED] - println("kons req id is :" + response_searchME_kons): null

2022-11-22 15:39:39 - [TEST_STEP][PASSED] - println("spouse req id is : " + response_searchME_spouse): null

2022-11-22 15:39:39 - [TEST_STEP][PASSED] - verifyResponseStatusCode(req_data, 200): Verify response status code successfully

2022-11-22 15:39:39 - [MESSAGE][PASSED] - Verify response status code successfully

2022-11-22 15:39:39 - [TEST_STEP][PASSED] - response = req_data.getResponseText(): null

2022-11-22 15:39:39 - [TEST_STEP][PASSED] - logInfo($response): {"status":"Done","data":{"requestid1":"241873","requestid2":""}}

2022-11-22 15:39:39 - [MESSAGE][INFO] - {"status":"Done","data":{"requestid1":"241873","requestid2":""}}

2022-11-22 15:39:39 - [TEST_STEP][PASSED] - delay(3): Delayed 3 second(s)

2022-11-22 15:39:42 - [MESSAGE][PASSED] - Delayed 3 second(s)

2022-11-22 15:39:42 - [TEST_STEP][PASSED] - scoring = sendRequest(findTestObject("EngineScore", ["response_searchME_kons":response_searchME_kons, "response_searchME_spouse":response_searchME_spouse])): Send request successfully

2022-11-22 15:39:42 - [MESSAGE][INFO] - HAR: D:\DMS\Engine Scoring\Reports\20221122_153620\Exclude KKB - DS\Scoring Individu - Used\20221122_153620\requests\main\81.har

2022-11-22 15:39:42 - [MESSAGE][PASSED] - Send request successfully

2022-11-22 15:39:42 - [TEST_STEP][PASSED] - verifyResponseStatusCode(scoring, 200): Verify response status code successfully

2022-11-22 15:39:42 - [MESSAGE][PASSED] - Verify response status code successfully

2022-11-22 15:39:42 - [TEST_STEP][PASSED] - response2 = scoring.getResponseText(): null

2022-11-22 15:39:42 - [TEST_STEP][PASSED] - markPassed("result service data ke : " + no): result service data ke : 41

2022-11-22 15:39:42 - [MESSAGE][PASSED] - result service data ke : 41

2022-11-22 15:39:42 - [TEST_STEP][PASSED] - logInfo($response2): {"result_konsumen":"Approve","result_pasangan":"","Final_result":"Approve","errorMessage":"","status":"Done"}

2022-11-22 15:39:42 - [MESSAGE][INFO] - {"result_konsumen":"Approve","result_pasangan":"","Final_result":"Approve","errorMessage":"","status":"Done"}

2022-11-22 15:39:42 - [TEST_STEP][PASSED] - verifyElementPropertyValue(scoring, "Final_result", final_result): Verify element property value successfully

2022-11-22 15:39:42 - [MESSAGE][PASSED] - Verify element property value successfully]]></system-out>
         <system-err><![CDATA[]]></system-err>
      </testcase>
      <testcase name="Test Cases/Engine_Scoring/Engine Scoring" time="5.454" classname="Test Cases/Engine_Scoring/Engine Scoring" status="PASSED">
         <system-out><![CDATA[2022-11-22 15:39:42 - [TEST_CASE][PASSED] - Test Cases/Engine_Scoring/Engine Scoring: Test Cases/Engine_Scoring/Engine Scoring

2022-11-22 15:39:44 - [TEST_STEP][PASSED] - markPassed("Variasi data ke : " + no): Variasi data ke : 42

2022-11-22 15:39:44 - [MESSAGE][PASSED] - Variasi data ke : 42

2022-11-22 15:39:44 - [TEST_STEP][PASSED] - req_data = sendRequest(findTestObject("Search_ME", ["MID":MID, "source":source, "ip":ip, "userid":userid, "branch":branch, "tipekons":tipekons, "marital":marital, "penjamin":penjamin, ... ])): Send request successfully

2022-11-22 15:39:45 - [MESSAGE][INFO] - HAR: D:\DMS\Engine Scoring\Reports\20221122_153620\Exclude KKB - DS\Scoring Individu - Used\20221122_153620\requests\main\82.har

2022-11-22 15:39:45 - [MESSAGE][PASSED] - Send request successfully

2022-11-22 15:39:45 - [TEST_STEP][PASSED] - slurper = new groovy.json.JsonSlurper(): null

2022-11-22 15:39:45 - [TEST_STEP][PASSED] - result = slurper.parseText(req_data.getResponseBodyContent()): null

2022-11-22 15:39:45 - [TEST_STEP][PASSED] - reqid_kons = requestid1: null

2022-11-22 15:39:45 - [TEST_STEP][PASSED] - reqid_spouse = requestid2: null

2022-11-22 15:39:45 - [TEST_STEP][PASSED] - println("requestid kons : " + reqid_kons): null

2022-11-22 15:39:45 - [TEST_STEP][PASSED] - response_searchME_kons = reqid_kons: null

2022-11-22 15:39:45 - [TEST_STEP][PASSED] - response_searchME_spouse = reqid_spouse: null

2022-11-22 15:39:45 - [TEST_STEP][PASSED] - println("kons req id is :" + response_searchME_kons): null

2022-11-22 15:39:45 - [TEST_STEP][PASSED] - println("spouse req id is : " + response_searchME_spouse): null

2022-11-22 15:39:45 - [TEST_STEP][PASSED] - verifyResponseStatusCode(req_data, 200): Verify response status code successfully

2022-11-22 15:39:45 - [MESSAGE][PASSED] - Verify response status code successfully

2022-11-22 15:39:45 - [TEST_STEP][PASSED] - response = req_data.getResponseText(): null

2022-11-22 15:39:45 - [TEST_STEP][PASSED] - logInfo($response): {"status":"Done","data":{"requestid1":"241874","requestid2":""}}

2022-11-22 15:39:45 - [MESSAGE][INFO] - {"status":"Done","data":{"requestid1":"241874","requestid2":""}}

2022-11-22 15:39:45 - [TEST_STEP][PASSED] - delay(3): Delayed 3 second(s)

2022-11-22 15:39:48 - [MESSAGE][PASSED] - Delayed 3 second(s)

2022-11-22 15:39:48 - [TEST_STEP][PASSED] - scoring = sendRequest(findTestObject("EngineScore", ["response_searchME_kons":response_searchME_kons, "response_searchME_spouse":response_searchME_spouse])): Send request successfully

2022-11-22 15:39:48 - [MESSAGE][INFO] - HAR: D:\DMS\Engine Scoring\Reports\20221122_153620\Exclude KKB - DS\Scoring Individu - Used\20221122_153620\requests\main\83.har

2022-11-22 15:39:48 - [MESSAGE][PASSED] - Send request successfully

2022-11-22 15:39:48 - [TEST_STEP][PASSED] - verifyResponseStatusCode(scoring, 200): Verify response status code successfully

2022-11-22 15:39:48 - [MESSAGE][PASSED] - Verify response status code successfully

2022-11-22 15:39:48 - [TEST_STEP][PASSED] - response2 = scoring.getResponseText(): null

2022-11-22 15:39:48 - [TEST_STEP][PASSED] - markPassed("result service data ke : " + no): result service data ke : 42

2022-11-22 15:39:48 - [MESSAGE][PASSED] - result service data ke : 42

2022-11-22 15:39:48 - [TEST_STEP][PASSED] - logInfo($response2): {"result_konsumen":"Approve","result_pasangan":"","Final_result":"Approve","errorMessage":"","status":"Done"}

2022-11-22 15:39:48 - [MESSAGE][INFO] - {"result_konsumen":"Approve","result_pasangan":"","Final_result":"Approve","errorMessage":"","status":"Done"}

2022-11-22 15:39:48 - [TEST_STEP][PASSED] - verifyElementPropertyValue(scoring, "Final_result", final_result): Verify element property value successfully

2022-11-22 15:39:48 - [MESSAGE][PASSED] - Verify element property value successfully]]></system-out>
         <system-err><![CDATA[]]></system-err>
      </testcase>
      <testcase name="Test Cases/Engine_Scoring/Engine Scoring" time="4.795" classname="Test Cases/Engine_Scoring/Engine Scoring" status="PASSED">
         <system-out><![CDATA[2022-11-22 15:39:48 - [TEST_CASE][PASSED] - Test Cases/Engine_Scoring/Engine Scoring: Test Cases/Engine_Scoring/Engine Scoring

2022-11-22 15:39:49 - [TEST_STEP][PASSED] - markPassed("Variasi data ke : " + no): Variasi data ke : 43

2022-11-22 15:39:49 - [MESSAGE][PASSED] - Variasi data ke : 43

2022-11-22 15:39:49 - [TEST_STEP][PASSED] - req_data = sendRequest(findTestObject("Search_ME", ["MID":MID, "source":source, "ip":ip, "userid":userid, "branch":branch, "tipekons":tipekons, "marital":marital, "penjamin":penjamin, ... ])): Send request successfully

2022-11-22 15:39:49 - [MESSAGE][INFO] - HAR: D:\DMS\Engine Scoring\Reports\20221122_153620\Exclude KKB - DS\Scoring Individu - Used\20221122_153620\requests\main\84.har

2022-11-22 15:39:49 - [MESSAGE][PASSED] - Send request successfully

2022-11-22 15:39:49 - [TEST_STEP][PASSED] - slurper = new groovy.json.JsonSlurper(): null

2022-11-22 15:39:49 - [TEST_STEP][PASSED] - result = slurper.parseText(req_data.getResponseBodyContent()): null

2022-11-22 15:39:49 - [TEST_STEP][PASSED] - reqid_kons = requestid1: null

2022-11-22 15:39:49 - [TEST_STEP][PASSED] - reqid_spouse = requestid2: null

2022-11-22 15:39:49 - [TEST_STEP][PASSED] - println("requestid kons : " + reqid_kons): null

2022-11-22 15:39:49 - [TEST_STEP][PASSED] - response_searchME_kons = reqid_kons: null

2022-11-22 15:39:49 - [TEST_STEP][PASSED] - response_searchME_spouse = reqid_spouse: null

2022-11-22 15:39:49 - [TEST_STEP][PASSED] - println("kons req id is :" + response_searchME_kons): null

2022-11-22 15:39:49 - [TEST_STEP][PASSED] - println("spouse req id is : " + response_searchME_spouse): null

2022-11-22 15:39:49 - [TEST_STEP][PASSED] - verifyResponseStatusCode(req_data, 200): Verify response status code successfully

2022-11-22 15:39:49 - [MESSAGE][PASSED] - Verify response status code successfully

2022-11-22 15:39:49 - [TEST_STEP][PASSED] - response = req_data.getResponseText(): null

2022-11-22 15:39:49 - [TEST_STEP][PASSED] - logInfo($response): {"status":"Done","data":{"requestid1":"241875","requestid2":""}}

2022-11-22 15:39:49 - [MESSAGE][INFO] - {"status":"Done","data":{"requestid1":"241875","requestid2":""}}

2022-11-22 15:39:49 - [TEST_STEP][PASSED] - delay(3): Delayed 3 second(s)

2022-11-22 15:39:52 - [MESSAGE][PASSED] - Delayed 3 second(s)

2022-11-22 15:39:52 - [TEST_STEP][PASSED] - scoring = sendRequest(findTestObject("EngineScore", ["response_searchME_kons":response_searchME_kons, "response_searchME_spouse":response_searchME_spouse])): Send request successfully

2022-11-22 15:39:53 - [MESSAGE][INFO] - HAR: D:\DMS\Engine Scoring\Reports\20221122_153620\Exclude KKB - DS\Scoring Individu - Used\20221122_153620\requests\main\85.har

2022-11-22 15:39:53 - [MESSAGE][PASSED] - Send request successfully

2022-11-22 15:39:53 - [TEST_STEP][PASSED] - verifyResponseStatusCode(scoring, 200): Verify response status code successfully

2022-11-22 15:39:53 - [MESSAGE][PASSED] - Verify response status code successfully

2022-11-22 15:39:53 - [TEST_STEP][PASSED] - response2 = scoring.getResponseText(): null

2022-11-22 15:39:53 - [TEST_STEP][PASSED] - markPassed("result service data ke : " + no): result service data ke : 43

2022-11-22 15:39:53 - [MESSAGE][PASSED] - result service data ke : 43

2022-11-22 15:39:53 - [TEST_STEP][PASSED] - logInfo($response2): {"result_konsumen":"Approve","result_pasangan":"","Final_result":"Approve","errorMessage":"","status":"Done"}

2022-11-22 15:39:53 - [MESSAGE][INFO] - {"result_konsumen":"Approve","result_pasangan":"","Final_result":"Approve","errorMessage":"","status":"Done"}

2022-11-22 15:39:53 - [TEST_STEP][PASSED] - verifyElementPropertyValue(scoring, "Final_result", final_result): Verify element property value successfully

2022-11-22 15:39:53 - [MESSAGE][PASSED] - Verify element property value successfully]]></system-out>
         <system-err><![CDATA[]]></system-err>
      </testcase>
      <testcase name="Test Cases/Engine_Scoring/Engine Scoring" time="4.647" classname="Test Cases/Engine_Scoring/Engine Scoring" status="PASSED">
         <system-out><![CDATA[2022-11-22 15:39:53 - [TEST_CASE][PASSED] - Test Cases/Engine_Scoring/Engine Scoring: Test Cases/Engine_Scoring/Engine Scoring

2022-11-22 15:39:53 - [TEST_STEP][PASSED] - markPassed("Variasi data ke : " + no): Variasi data ke : 44

2022-11-22 15:39:53 - [MESSAGE][PASSED] - Variasi data ke : 44

2022-11-22 15:39:53 - [TEST_STEP][PASSED] - req_data = sendRequest(findTestObject("Search_ME", ["MID":MID, "source":source, "ip":ip, "userid":userid, "branch":branch, "tipekons":tipekons, "marital":marital, "penjamin":penjamin, ... ])): Send request successfully

2022-11-22 15:39:54 - [MESSAGE][INFO] - HAR: D:\DMS\Engine Scoring\Reports\20221122_153620\Exclude KKB - DS\Scoring Individu - Used\20221122_153620\requests\main\86.har

2022-11-22 15:39:54 - [MESSAGE][PASSED] - Send request successfully

2022-11-22 15:39:54 - [TEST_STEP][PASSED] - slurper = new groovy.json.JsonSlurper(): null

2022-11-22 15:39:54 - [TEST_STEP][PASSED] - result = slurper.parseText(req_data.getResponseBodyContent()): null

2022-11-22 15:39:54 - [TEST_STEP][PASSED] - reqid_kons = requestid1: null

2022-11-22 15:39:54 - [TEST_STEP][PASSED] - reqid_spouse = requestid2: null

2022-11-22 15:39:54 - [TEST_STEP][PASSED] - println("requestid kons : " + reqid_kons): null

2022-11-22 15:39:54 - [TEST_STEP][PASSED] - response_searchME_kons = reqid_kons: null

2022-11-22 15:39:54 - [TEST_STEP][PASSED] - response_searchME_spouse = reqid_spouse: null

2022-11-22 15:39:54 - [TEST_STEP][PASSED] - println("kons req id is :" + response_searchME_kons): null

2022-11-22 15:39:54 - [TEST_STEP][PASSED] - println("spouse req id is : " + response_searchME_spouse): null

2022-11-22 15:39:54 - [TEST_STEP][PASSED] - verifyResponseStatusCode(req_data, 200): Verify response status code successfully

2022-11-22 15:39:54 - [MESSAGE][PASSED] - Verify response status code successfully

2022-11-22 15:39:54 - [TEST_STEP][PASSED] - response = req_data.getResponseText(): null

2022-11-22 15:39:54 - [TEST_STEP][PASSED] - logInfo($response): {"status":"Done","data":{"requestid1":"241876","requestid2":""}}

2022-11-22 15:39:54 - [MESSAGE][INFO] - {"status":"Done","data":{"requestid1":"241876","requestid2":""}}

2022-11-22 15:39:54 - [TEST_STEP][PASSED] - delay(3): Delayed 3 second(s)

2022-11-22 15:39:57 - [MESSAGE][PASSED] - Delayed 3 second(s)

2022-11-22 15:39:57 - [TEST_STEP][PASSED] - scoring = sendRequest(findTestObject("EngineScore", ["response_searchME_kons":response_searchME_kons, "response_searchME_spouse":response_searchME_spouse])): Send request successfully

2022-11-22 15:39:57 - [MESSAGE][INFO] - HAR: D:\DMS\Engine Scoring\Reports\20221122_153620\Exclude KKB - DS\Scoring Individu - Used\20221122_153620\requests\main\87.har

2022-11-22 15:39:57 - [MESSAGE][PASSED] - Send request successfully

2022-11-22 15:39:57 - [TEST_STEP][PASSED] - verifyResponseStatusCode(scoring, 200): Verify response status code successfully

2022-11-22 15:39:57 - [MESSAGE][PASSED] - Verify response status code successfully

2022-11-22 15:39:57 - [TEST_STEP][PASSED] - response2 = scoring.getResponseText(): null

2022-11-22 15:39:57 - [TEST_STEP][PASSED] - markPassed("result service data ke : " + no): result service data ke : 44

2022-11-22 15:39:57 - [MESSAGE][PASSED] - result service data ke : 44

2022-11-22 15:39:57 - [TEST_STEP][PASSED] - logInfo($response2): {"result_konsumen":"Approve","result_pasangan":"","Final_result":"Approve","errorMessage":"","status":"Done"}

2022-11-22 15:39:57 - [MESSAGE][INFO] - {"result_konsumen":"Approve","result_pasangan":"","Final_result":"Approve","errorMessage":"","status":"Done"}

2022-11-22 15:39:57 - [TEST_STEP][PASSED] - verifyElementPropertyValue(scoring, "Final_result", final_result): Verify element property value successfully

2022-11-22 15:39:57 - [MESSAGE][PASSED] - Verify element property value successfully]]></system-out>
         <system-err><![CDATA[]]></system-err>
      </testcase>
      <testcase name="Test Cases/Engine_Scoring/Engine Scoring" time="4.827" classname="Test Cases/Engine_Scoring/Engine Scoring" status="PASSED">
         <system-out><![CDATA[2022-11-22 15:39:57 - [TEST_CASE][PASSED] - Test Cases/Engine_Scoring/Engine Scoring: Test Cases/Engine_Scoring/Engine Scoring

2022-11-22 15:39:58 - [TEST_STEP][PASSED] - markPassed("Variasi data ke : " + no): Variasi data ke : 45

2022-11-22 15:39:58 - [MESSAGE][PASSED] - Variasi data ke : 45

2022-11-22 15:39:58 - [TEST_STEP][PASSED] - req_data = sendRequest(findTestObject("Search_ME", ["MID":MID, "source":source, "ip":ip, "userid":userid, "branch":branch, "tipekons":tipekons, "marital":marital, "penjamin":penjamin, ... ])): Send request successfully

2022-11-22 15:39:59 - [MESSAGE][INFO] - HAR: D:\DMS\Engine Scoring\Reports\20221122_153620\Exclude KKB - DS\Scoring Individu - Used\20221122_153620\requests\main\88.har

2022-11-22 15:39:59 - [MESSAGE][PASSED] - Send request successfully

2022-11-22 15:39:59 - [TEST_STEP][PASSED] - slurper = new groovy.json.JsonSlurper(): null

2022-11-22 15:39:59 - [TEST_STEP][PASSED] - result = slurper.parseText(req_data.getResponseBodyContent()): null

2022-11-22 15:39:59 - [TEST_STEP][PASSED] - reqid_kons = requestid1: null

2022-11-22 15:39:59 - [TEST_STEP][PASSED] - reqid_spouse = requestid2: null

2022-11-22 15:39:59 - [TEST_STEP][PASSED] - println("requestid kons : " + reqid_kons): null

2022-11-22 15:39:59 - [TEST_STEP][PASSED] - response_searchME_kons = reqid_kons: null

2022-11-22 15:39:59 - [TEST_STEP][PASSED] - response_searchME_spouse = reqid_spouse: null

2022-11-22 15:39:59 - [TEST_STEP][PASSED] - println("kons req id is :" + response_searchME_kons): null

2022-11-22 15:39:59 - [TEST_STEP][PASSED] - println("spouse req id is : " + response_searchME_spouse): null

2022-11-22 15:39:59 - [TEST_STEP][PASSED] - verifyResponseStatusCode(req_data, 200): Verify response status code successfully

2022-11-22 15:39:59 - [MESSAGE][PASSED] - Verify response status code successfully

2022-11-22 15:39:59 - [TEST_STEP][PASSED] - response = req_data.getResponseText(): null

2022-11-22 15:39:59 - [TEST_STEP][PASSED] - logInfo($response): {"status":"Done","data":{"requestid1":"241877","requestid2":""}}

2022-11-22 15:39:59 - [MESSAGE][INFO] - {"status":"Done","data":{"requestid1":"241877","requestid2":""}}

2022-11-22 15:39:59 - [TEST_STEP][PASSED] - delay(3): Delayed 3 second(s)

2022-11-22 15:40:02 - [MESSAGE][PASSED] - Delayed 3 second(s)

2022-11-22 15:40:02 - [TEST_STEP][PASSED] - scoring = sendRequest(findTestObject("EngineScore", ["response_searchME_kons":response_searchME_kons, "response_searchME_spouse":response_searchME_spouse])): Send request successfully

2022-11-22 15:40:02 - [MESSAGE][INFO] - HAR: D:\DMS\Engine Scoring\Reports\20221122_153620\Exclude KKB - DS\Scoring Individu - Used\20221122_153620\requests\main\89.har

2022-11-22 15:40:02 - [MESSAGE][PASSED] - Send request successfully

2022-11-22 15:40:02 - [TEST_STEP][PASSED] - verifyResponseStatusCode(scoring, 200): Verify response status code successfully

2022-11-22 15:40:02 - [MESSAGE][PASSED] - Verify response status code successfully

2022-11-22 15:40:02 - [TEST_STEP][PASSED] - response2 = scoring.getResponseText(): null

2022-11-22 15:40:02 - [TEST_STEP][PASSED] - markPassed("result service data ke : " + no): result service data ke : 45

2022-11-22 15:40:02 - [MESSAGE][PASSED] - result service data ke : 45

2022-11-22 15:40:02 - [TEST_STEP][PASSED] - logInfo($response2): {"result_konsumen":"Reject","result_pasangan":"","Final_result":"Reject","errorMessage":"","status":"Done"}

2022-11-22 15:40:02 - [MESSAGE][INFO] - {"result_konsumen":"Reject","result_pasangan":"","Final_result":"Reject","errorMessage":"","status":"Done"}

2022-11-22 15:40:02 - [TEST_STEP][PASSED] - verifyElementPropertyValue(scoring, "Final_result", final_result): Verify element property value successfully

2022-11-22 15:40:02 - [MESSAGE][PASSED] - Verify element property value successfully]]></system-out>
         <system-err><![CDATA[]]></system-err>
      </testcase>
      <testcase name="Test Cases/Engine_Scoring/Engine Scoring" time="4.638" classname="Test Cases/Engine_Scoring/Engine Scoring" status="PASSED">
         <system-out><![CDATA[2022-11-22 15:40:02 - [TEST_CASE][PASSED] - Test Cases/Engine_Scoring/Engine Scoring: Test Cases/Engine_Scoring/Engine Scoring

2022-11-22 15:40:03 - [TEST_STEP][PASSED] - markPassed("Variasi data ke : " + no): Variasi data ke : 46

2022-11-22 15:40:03 - [MESSAGE][PASSED] - Variasi data ke : 46

2022-11-22 15:40:03 - [TEST_STEP][PASSED] - req_data = sendRequest(findTestObject("Search_ME", ["MID":MID, "source":source, "ip":ip, "userid":userid, "branch":branch, "tipekons":tipekons, "marital":marital, "penjamin":penjamin, ... ])): Send request successfully

2022-11-22 15:40:04 - [MESSAGE][INFO] - HAR: D:\DMS\Engine Scoring\Reports\20221122_153620\Exclude KKB - DS\Scoring Individu - Used\20221122_153620\requests\main\90.har

2022-11-22 15:40:04 - [MESSAGE][PASSED] - Send request successfully

2022-11-22 15:40:04 - [TEST_STEP][PASSED] - slurper = new groovy.json.JsonSlurper(): null

2022-11-22 15:40:04 - [TEST_STEP][PASSED] - result = slurper.parseText(req_data.getResponseBodyContent()): null

2022-11-22 15:40:04 - [TEST_STEP][PASSED] - reqid_kons = requestid1: null

2022-11-22 15:40:04 - [TEST_STEP][PASSED] - reqid_spouse = requestid2: null

2022-11-22 15:40:04 - [TEST_STEP][PASSED] - println("requestid kons : " + reqid_kons): null

2022-11-22 15:40:04 - [TEST_STEP][PASSED] - response_searchME_kons = reqid_kons: null

2022-11-22 15:40:04 - [TEST_STEP][PASSED] - response_searchME_spouse = reqid_spouse: null

2022-11-22 15:40:04 - [TEST_STEP][PASSED] - println("kons req id is :" + response_searchME_kons): null

2022-11-22 15:40:04 - [TEST_STEP][PASSED] - println("spouse req id is : " + response_searchME_spouse): null

2022-11-22 15:40:04 - [TEST_STEP][PASSED] - verifyResponseStatusCode(req_data, 200): Verify response status code successfully

2022-11-22 15:40:04 - [MESSAGE][PASSED] - Verify response status code successfully

2022-11-22 15:40:04 - [TEST_STEP][PASSED] - response = req_data.getResponseText(): null

2022-11-22 15:40:04 - [TEST_STEP][PASSED] - logInfo($response): {"status":"Done","data":{"requestid1":"241878","requestid2":""}}

2022-11-22 15:40:04 - [MESSAGE][INFO] - {"status":"Done","data":{"requestid1":"241878","requestid2":""}}

2022-11-22 15:40:04 - [TEST_STEP][PASSED] - delay(3): Delayed 3 second(s)

2022-11-22 15:40:07 - [MESSAGE][PASSED] - Delayed 3 second(s)

2022-11-22 15:40:07 - [TEST_STEP][PASSED] - scoring = sendRequest(findTestObject("EngineScore", ["response_searchME_kons":response_searchME_kons, "response_searchME_spouse":response_searchME_spouse])): Send request successfully

2022-11-22 15:40:07 - [MESSAGE][INFO] - HAR: D:\DMS\Engine Scoring\Reports\20221122_153620\Exclude KKB - DS\Scoring Individu - Used\20221122_153620\requests\main\91.har

2022-11-22 15:40:07 - [MESSAGE][PASSED] - Send request successfully

2022-11-22 15:40:07 - [TEST_STEP][PASSED] - verifyResponseStatusCode(scoring, 200): Verify response status code successfully

2022-11-22 15:40:07 - [MESSAGE][PASSED] - Verify response status code successfully

2022-11-22 15:40:07 - [TEST_STEP][PASSED] - response2 = scoring.getResponseText(): null

2022-11-22 15:40:07 - [TEST_STEP][PASSED] - markPassed("result service data ke : " + no): result service data ke : 46

2022-11-22 15:40:07 - [MESSAGE][PASSED] - result service data ke : 46

2022-11-22 15:40:07 - [TEST_STEP][PASSED] - logInfo($response2): {"result_konsumen":"Reject","result_pasangan":"","Final_result":"Reject","errorMessage":"","status":"Done"}

2022-11-22 15:40:07 - [MESSAGE][INFO] - {"result_konsumen":"Reject","result_pasangan":"","Final_result":"Reject","errorMessage":"","status":"Done"}

2022-11-22 15:40:07 - [TEST_STEP][PASSED] - verifyElementPropertyValue(scoring, "Final_result", final_result): Verify element property value successfully

2022-11-22 15:40:07 - [MESSAGE][PASSED] - Verify element property value successfully]]></system-out>
         <system-err><![CDATA[]]></system-err>
      </testcase>
      <testcase name="Test Cases/Engine_Scoring/Engine Scoring" time="4.877" classname="Test Cases/Engine_Scoring/Engine Scoring" status="PASSED">
         <system-out><![CDATA[2022-11-22 15:40:07 - [TEST_CASE][PASSED] - Test Cases/Engine_Scoring/Engine Scoring: Test Cases/Engine_Scoring/Engine Scoring

2022-11-22 15:40:08 - [TEST_STEP][PASSED] - markPassed("Variasi data ke : " + no): Variasi data ke : 47

2022-11-22 15:40:08 - [MESSAGE][PASSED] - Variasi data ke : 47

2022-11-22 15:40:08 - [TEST_STEP][PASSED] - req_data = sendRequest(findTestObject("Search_ME", ["MID":MID, "source":source, "ip":ip, "userid":userid, "branch":branch, "tipekons":tipekons, "marital":marital, "penjamin":penjamin, ... ])): Send request successfully

2022-11-22 15:40:09 - [MESSAGE][INFO] - HAR: D:\DMS\Engine Scoring\Reports\20221122_153620\Exclude KKB - DS\Scoring Individu - Used\20221122_153620\requests\main\92.har

2022-11-22 15:40:09 - [MESSAGE][PASSED] - Send request successfully

2022-11-22 15:40:09 - [TEST_STEP][PASSED] - slurper = new groovy.json.JsonSlurper(): null

2022-11-22 15:40:09 - [TEST_STEP][PASSED] - result = slurper.parseText(req_data.getResponseBodyContent()): null

2022-11-22 15:40:09 - [TEST_STEP][PASSED] - reqid_kons = requestid1: null

2022-11-22 15:40:09 - [TEST_STEP][PASSED] - reqid_spouse = requestid2: null

2022-11-22 15:40:09 - [TEST_STEP][PASSED] - println("requestid kons : " + reqid_kons): null

2022-11-22 15:40:09 - [TEST_STEP][PASSED] - response_searchME_kons = reqid_kons: null

2022-11-22 15:40:09 - [TEST_STEP][PASSED] - response_searchME_spouse = reqid_spouse: null

2022-11-22 15:40:09 - [TEST_STEP][PASSED] - println("kons req id is :" + response_searchME_kons): null

2022-11-22 15:40:09 - [TEST_STEP][PASSED] - println("spouse req id is : " + response_searchME_spouse): null

2022-11-22 15:40:09 - [TEST_STEP][PASSED] - verifyResponseStatusCode(req_data, 200): Verify response status code successfully

2022-11-22 15:40:09 - [MESSAGE][PASSED] - Verify response status code successfully

2022-11-22 15:40:09 - [TEST_STEP][PASSED] - response = req_data.getResponseText(): null

2022-11-22 15:40:09 - [TEST_STEP][PASSED] - logInfo($response): {"status":"Done","data":{"requestid1":"241879","requestid2":""}}

2022-11-22 15:40:09 - [MESSAGE][INFO] - {"status":"Done","data":{"requestid1":"241879","requestid2":""}}

2022-11-22 15:40:09 - [TEST_STEP][PASSED] - delay(3): Delayed 3 second(s)

2022-11-22 15:40:12 - [MESSAGE][PASSED] - Delayed 3 second(s)

2022-11-22 15:40:12 - [TEST_STEP][PASSED] - scoring = sendRequest(findTestObject("EngineScore", ["response_searchME_kons":response_searchME_kons, "response_searchME_spouse":response_searchME_spouse])): Send request successfully

2022-11-22 15:40:12 - [MESSAGE][INFO] - HAR: D:\DMS\Engine Scoring\Reports\20221122_153620\Exclude KKB - DS\Scoring Individu - Used\20221122_153620\requests\main\93.har

2022-11-22 15:40:12 - [MESSAGE][PASSED] - Send request successfully

2022-11-22 15:40:12 - [TEST_STEP][PASSED] - verifyResponseStatusCode(scoring, 200): Verify response status code successfully

2022-11-22 15:40:12 - [MESSAGE][PASSED] - Verify response status code successfully

2022-11-22 15:40:12 - [TEST_STEP][PASSED] - response2 = scoring.getResponseText(): null

2022-11-22 15:40:12 - [TEST_STEP][PASSED] - markPassed("result service data ke : " + no): result service data ke : 47

2022-11-22 15:40:12 - [MESSAGE][PASSED] - result service data ke : 47

2022-11-22 15:40:12 - [TEST_STEP][PASSED] - logInfo($response2): {"result_konsumen":"Reject","result_pasangan":"","Final_result":"Reject","errorMessage":"","status":"Done"}

2022-11-22 15:40:12 - [MESSAGE][INFO] - {"result_konsumen":"Reject","result_pasangan":"","Final_result":"Reject","errorMessage":"","status":"Done"}

2022-11-22 15:40:12 - [TEST_STEP][PASSED] - verifyElementPropertyValue(scoring, "Final_result", final_result): Verify element property value successfully

2022-11-22 15:40:12 - [MESSAGE][PASSED] - Verify element property value successfully]]></system-out>
         <system-err><![CDATA[]]></system-err>
      </testcase>
      <testcase name="Test Cases/Engine_Scoring/Engine Scoring" time="4.702" classname="Test Cases/Engine_Scoring/Engine Scoring" status="PASSED">
         <system-out><![CDATA[2022-11-22 15:40:12 - [TEST_CASE][PASSED] - Test Cases/Engine_Scoring/Engine Scoring: Test Cases/Engine_Scoring/Engine Scoring

2022-11-22 15:40:13 - [TEST_STEP][PASSED] - markPassed("Variasi data ke : " + no): Variasi data ke : 48

2022-11-22 15:40:13 - [MESSAGE][PASSED] - Variasi data ke : 48

2022-11-22 15:40:13 - [TEST_STEP][PASSED] - req_data = sendRequest(findTestObject("Search_ME", ["MID":MID, "source":source, "ip":ip, "userid":userid, "branch":branch, "tipekons":tipekons, "marital":marital, "penjamin":penjamin, ... ])): Send request successfully

2022-11-22 15:40:13 - [MESSAGE][INFO] - HAR: D:\DMS\Engine Scoring\Reports\20221122_153620\Exclude KKB - DS\Scoring Individu - Used\20221122_153620\requests\main\94.har

2022-11-22 15:40:13 - [MESSAGE][PASSED] - Send request successfully

2022-11-22 15:40:13 - [TEST_STEP][PASSED] - slurper = new groovy.json.JsonSlurper(): null

2022-11-22 15:40:13 - [TEST_STEP][PASSED] - result = slurper.parseText(req_data.getResponseBodyContent()): null

2022-11-22 15:40:13 - [TEST_STEP][PASSED] - reqid_kons = requestid1: null

2022-11-22 15:40:13 - [TEST_STEP][PASSED] - reqid_spouse = requestid2: null

2022-11-22 15:40:13 - [TEST_STEP][PASSED] - println("requestid kons : " + reqid_kons): null

2022-11-22 15:40:13 - [TEST_STEP][PASSED] - response_searchME_kons = reqid_kons: null

2022-11-22 15:40:13 - [TEST_STEP][PASSED] - response_searchME_spouse = reqid_spouse: null

2022-11-22 15:40:13 - [TEST_STEP][PASSED] - println("kons req id is :" + response_searchME_kons): null

2022-11-22 15:40:13 - [TEST_STEP][PASSED] - println("spouse req id is : " + response_searchME_spouse): null

2022-11-22 15:40:13 - [TEST_STEP][PASSED] - verifyResponseStatusCode(req_data, 200): Verify response status code successfully

2022-11-22 15:40:13 - [MESSAGE][PASSED] - Verify response status code successfully

2022-11-22 15:40:13 - [TEST_STEP][PASSED] - response = req_data.getResponseText(): null

2022-11-22 15:40:13 - [TEST_STEP][PASSED] - logInfo($response): {"status":"Done","data":{"requestid1":"241880","requestid2":""}}

2022-11-22 15:40:13 - [MESSAGE][INFO] - {"status":"Done","data":{"requestid1":"241880","requestid2":""}}

2022-11-22 15:40:13 - [TEST_STEP][PASSED] - delay(3): Delayed 3 second(s)

2022-11-22 15:40:16 - [MESSAGE][PASSED] - Delayed 3 second(s)

2022-11-22 15:40:16 - [TEST_STEP][PASSED] - scoring = sendRequest(findTestObject("EngineScore", ["response_searchME_kons":response_searchME_kons, "response_searchME_spouse":response_searchME_spouse])): Send request successfully

2022-11-22 15:40:16 - [MESSAGE][INFO] - HAR: D:\DMS\Engine Scoring\Reports\20221122_153620\Exclude KKB - DS\Scoring Individu - Used\20221122_153620\requests\main\95.har

2022-11-22 15:40:16 - [MESSAGE][PASSED] - Send request successfully

2022-11-22 15:40:16 - [TEST_STEP][PASSED] - verifyResponseStatusCode(scoring, 200): Verify response status code successfully

2022-11-22 15:40:16 - [MESSAGE][PASSED] - Verify response status code successfully

2022-11-22 15:40:16 - [TEST_STEP][PASSED] - response2 = scoring.getResponseText(): null

2022-11-22 15:40:16 - [TEST_STEP][PASSED] - markPassed("result service data ke : " + no): result service data ke : 48

2022-11-22 15:40:16 - [MESSAGE][PASSED] - result service data ke : 48

2022-11-22 15:40:16 - [TEST_STEP][PASSED] - logInfo($response2): {"result_konsumen":"Reject","result_pasangan":"","Final_result":"Reject","errorMessage":"","status":"Done"}

2022-11-22 15:40:16 - [MESSAGE][INFO] - {"result_konsumen":"Reject","result_pasangan":"","Final_result":"Reject","errorMessage":"","status":"Done"}

2022-11-22 15:40:16 - [TEST_STEP][PASSED] - verifyElementPropertyValue(scoring, "Final_result", final_result): Verify element property value successfully

2022-11-22 15:40:16 - [MESSAGE][PASSED] - Verify element property value successfully]]></system-out>
         <system-err><![CDATA[]]></system-err>
      </testcase>
      <testcase name="Test Cases/Engine_Scoring/Engine Scoring" time="4.691" classname="Test Cases/Engine_Scoring/Engine Scoring" status="PASSED">
         <system-out><![CDATA[2022-11-22 15:40:17 - [TEST_CASE][PASSED] - Test Cases/Engine_Scoring/Engine Scoring: Test Cases/Engine_Scoring/Engine Scoring

2022-11-22 15:40:17 - [TEST_STEP][PASSED] - markPassed("Variasi data ke : " + no): Variasi data ke : 49

2022-11-22 15:40:17 - [MESSAGE][PASSED] - Variasi data ke : 49

2022-11-22 15:40:17 - [TEST_STEP][PASSED] - req_data = sendRequest(findTestObject("Search_ME", ["MID":MID, "source":source, "ip":ip, "userid":userid, "branch":branch, "tipekons":tipekons, "marital":marital, "penjamin":penjamin, ... ])): Send request successfully

2022-11-22 15:40:18 - [MESSAGE][INFO] - HAR: D:\DMS\Engine Scoring\Reports\20221122_153620\Exclude KKB - DS\Scoring Individu - Used\20221122_153620\requests\main\96.har

2022-11-22 15:40:18 - [MESSAGE][PASSED] - Send request successfully

2022-11-22 15:40:18 - [TEST_STEP][PASSED] - slurper = new groovy.json.JsonSlurper(): null

2022-11-22 15:40:18 - [TEST_STEP][PASSED] - result = slurper.parseText(req_data.getResponseBodyContent()): null

2022-11-22 15:40:18 - [TEST_STEP][PASSED] - reqid_kons = requestid1: null

2022-11-22 15:40:18 - [TEST_STEP][PASSED] - reqid_spouse = requestid2: null

2022-11-22 15:40:18 - [TEST_STEP][PASSED] - println("requestid kons : " + reqid_kons): null

2022-11-22 15:40:18 - [TEST_STEP][PASSED] - response_searchME_kons = reqid_kons: null

2022-11-22 15:40:18 - [TEST_STEP][PASSED] - response_searchME_spouse = reqid_spouse: null

2022-11-22 15:40:18 - [TEST_STEP][PASSED] - println("kons req id is :" + response_searchME_kons): null

2022-11-22 15:40:18 - [TEST_STEP][PASSED] - println("spouse req id is : " + response_searchME_spouse): null

2022-11-22 15:40:18 - [TEST_STEP][PASSED] - verifyResponseStatusCode(req_data, 200): Verify response status code successfully

2022-11-22 15:40:18 - [MESSAGE][PASSED] - Verify response status code successfully

2022-11-22 15:40:18 - [TEST_STEP][PASSED] - response = req_data.getResponseText(): null

2022-11-22 15:40:18 - [TEST_STEP][PASSED] - logInfo($response): {"status":"Done","data":{"requestid1":"241881","requestid2":""}}

2022-11-22 15:40:18 - [MESSAGE][INFO] - {"status":"Done","data":{"requestid1":"241881","requestid2":""}}

2022-11-22 15:40:18 - [TEST_STEP][PASSED] - delay(3): Delayed 3 second(s)

2022-11-22 15:40:21 - [MESSAGE][PASSED] - Delayed 3 second(s)

2022-11-22 15:40:21 - [TEST_STEP][PASSED] - scoring = sendRequest(findTestObject("EngineScore", ["response_searchME_kons":response_searchME_kons, "response_searchME_spouse":response_searchME_spouse])): Send request successfully

2022-11-22 15:40:21 - [MESSAGE][INFO] - HAR: D:\DMS\Engine Scoring\Reports\20221122_153620\Exclude KKB - DS\Scoring Individu - Used\20221122_153620\requests\main\97.har

2022-11-22 15:40:21 - [MESSAGE][PASSED] - Send request successfully

2022-11-22 15:40:21 - [TEST_STEP][PASSED] - verifyResponseStatusCode(scoring, 200): Verify response status code successfully

2022-11-22 15:40:21 - [MESSAGE][PASSED] - Verify response status code successfully

2022-11-22 15:40:21 - [TEST_STEP][PASSED] - response2 = scoring.getResponseText(): null

2022-11-22 15:40:21 - [TEST_STEP][PASSED] - markPassed("result service data ke : " + no): result service data ke : 49

2022-11-22 15:40:21 - [MESSAGE][PASSED] - result service data ke : 49

2022-11-22 15:40:21 - [TEST_STEP][PASSED] - logInfo($response2): {"result_konsumen":"Approve","result_pasangan":"","Final_result":"Approve","errorMessage":"","status":"Done"}

2022-11-22 15:40:21 - [MESSAGE][INFO] - {"result_konsumen":"Approve","result_pasangan":"","Final_result":"Approve","errorMessage":"","status":"Done"}

2022-11-22 15:40:21 - [TEST_STEP][PASSED] - verifyElementPropertyValue(scoring, "Final_result", final_result): Verify element property value successfully

2022-11-22 15:40:21 - [MESSAGE][PASSED] - Verify element property value successfully]]></system-out>
         <system-err><![CDATA[]]></system-err>
      </testcase>
      <testcase name="Test Cases/Engine_Scoring/Engine Scoring" time="4.724" classname="Test Cases/Engine_Scoring/Engine Scoring" status="PASSED">
         <system-out><![CDATA[2022-11-22 15:40:21 - [TEST_CASE][PASSED] - Test Cases/Engine_Scoring/Engine Scoring: Test Cases/Engine_Scoring/Engine Scoring

2022-11-22 15:40:22 - [TEST_STEP][PASSED] - markPassed("Variasi data ke : " + no): Variasi data ke : 50

2022-11-22 15:40:22 - [MESSAGE][PASSED] - Variasi data ke : 50

2022-11-22 15:40:22 - [TEST_STEP][PASSED] - req_data = sendRequest(findTestObject("Search_ME", ["MID":MID, "source":source, "ip":ip, "userid":userid, "branch":branch, "tipekons":tipekons, "marital":marital, "penjamin":penjamin, ... ])): Send request successfully

2022-11-22 15:40:23 - [MESSAGE][INFO] - HAR: D:\DMS\Engine Scoring\Reports\20221122_153620\Exclude KKB - DS\Scoring Individu - Used\20221122_153620\requests\main\98.har

2022-11-22 15:40:23 - [MESSAGE][PASSED] - Send request successfully

2022-11-22 15:40:23 - [TEST_STEP][PASSED] - slurper = new groovy.json.JsonSlurper(): null

2022-11-22 15:40:23 - [TEST_STEP][PASSED] - result = slurper.parseText(req_data.getResponseBodyContent()): null

2022-11-22 15:40:23 - [TEST_STEP][PASSED] - reqid_kons = requestid1: null

2022-11-22 15:40:23 - [TEST_STEP][PASSED] - reqid_spouse = requestid2: null

2022-11-22 15:40:23 - [TEST_STEP][PASSED] - println("requestid kons : " + reqid_kons): null

2022-11-22 15:40:23 - [TEST_STEP][PASSED] - response_searchME_kons = reqid_kons: null

2022-11-22 15:40:23 - [TEST_STEP][PASSED] - response_searchME_spouse = reqid_spouse: null

2022-11-22 15:40:23 - [TEST_STEP][PASSED] - println("kons req id is :" + response_searchME_kons): null

2022-11-22 15:40:23 - [TEST_STEP][PASSED] - println("spouse req id is : " + response_searchME_spouse): null

2022-11-22 15:40:23 - [TEST_STEP][PASSED] - verifyResponseStatusCode(req_data, 200): Verify response status code successfully

2022-11-22 15:40:23 - [MESSAGE][PASSED] - Verify response status code successfully

2022-11-22 15:40:23 - [TEST_STEP][PASSED] - response = req_data.getResponseText(): null

2022-11-22 15:40:23 - [TEST_STEP][PASSED] - logInfo($response): {"status":"Done","data":{"requestid1":"241882","requestid2":""}}

2022-11-22 15:40:23 - [MESSAGE][INFO] - {"status":"Done","data":{"requestid1":"241882","requestid2":""}}

2022-11-22 15:40:23 - [TEST_STEP][PASSED] - delay(3): Delayed 3 second(s)

2022-11-22 15:40:26 - [MESSAGE][PASSED] - Delayed 3 second(s)

2022-11-22 15:40:26 - [TEST_STEP][PASSED] - scoring = sendRequest(findTestObject("EngineScore", ["response_searchME_kons":response_searchME_kons, "response_searchME_spouse":response_searchME_spouse])): Send request successfully

2022-11-22 15:40:26 - [MESSAGE][INFO] - HAR: D:\DMS\Engine Scoring\Reports\20221122_153620\Exclude KKB - DS\Scoring Individu - Used\20221122_153620\requests\main\99.har

2022-11-22 15:40:26 - [MESSAGE][PASSED] - Send request successfully

2022-11-22 15:40:26 - [TEST_STEP][PASSED] - verifyResponseStatusCode(scoring, 200): Verify response status code successfully

2022-11-22 15:40:26 - [MESSAGE][PASSED] - Verify response status code successfully

2022-11-22 15:40:26 - [TEST_STEP][PASSED] - response2 = scoring.getResponseText(): null

2022-11-22 15:40:26 - [TEST_STEP][PASSED] - markPassed("result service data ke : " + no): result service data ke : 50

2022-11-22 15:40:26 - [MESSAGE][PASSED] - result service data ke : 50

2022-11-22 15:40:26 - [TEST_STEP][PASSED] - logInfo($response2): {"result_konsumen":"Approve","result_pasangan":"","Final_result":"Approve","errorMessage":"","status":"Done"}

2022-11-22 15:40:26 - [MESSAGE][INFO] - {"result_konsumen":"Approve","result_pasangan":"","Final_result":"Approve","errorMessage":"","status":"Done"}

2022-11-22 15:40:26 - [TEST_STEP][PASSED] - verifyElementPropertyValue(scoring, "Final_result", final_result): Verify element property value successfully

2022-11-22 15:40:26 - [MESSAGE][PASSED] - Verify element property value successfully]]></system-out>
         <system-err><![CDATA[]]></system-err>
      </testcase>
      <testcase name="Test Cases/Engine_Scoring/Engine Scoring" time="4.604" classname="Test Cases/Engine_Scoring/Engine Scoring" status="PASSED">
         <system-out><![CDATA[2022-11-22 15:40:26 - [TEST_CASE][PASSED] - Test Cases/Engine_Scoring/Engine Scoring: Test Cases/Engine_Scoring/Engine Scoring

2022-11-22 15:40:27 - [TEST_STEP][PASSED] - markPassed("Variasi data ke : " + no): Variasi data ke : 51

2022-11-22 15:40:27 - [MESSAGE][PASSED] - Variasi data ke : 51

2022-11-22 15:40:27 - [TEST_STEP][PASSED] - req_data = sendRequest(findTestObject("Search_ME", ["MID":MID, "source":source, "ip":ip, "userid":userid, "branch":branch, "tipekons":tipekons, "marital":marital, "penjamin":penjamin, ... ])): Send request successfully

2022-11-22 15:40:27 - [MESSAGE][INFO] - HAR: D:\DMS\Engine Scoring\Reports\20221122_153620\Exclude KKB - DS\Scoring Individu - Used\20221122_153620\requests\main\100.har

2022-11-22 15:40:27 - [MESSAGE][PASSED] - Send request successfully

2022-11-22 15:40:27 - [TEST_STEP][PASSED] - slurper = new groovy.json.JsonSlurper(): null

2022-11-22 15:40:27 - [TEST_STEP][PASSED] - result = slurper.parseText(req_data.getResponseBodyContent()): null

2022-11-22 15:40:27 - [TEST_STEP][PASSED] - reqid_kons = requestid1: null

2022-11-22 15:40:27 - [TEST_STEP][PASSED] - reqid_spouse = requestid2: null

2022-11-22 15:40:27 - [TEST_STEP][PASSED] - println("requestid kons : " + reqid_kons): null

2022-11-22 15:40:27 - [TEST_STEP][PASSED] - response_searchME_kons = reqid_kons: null

2022-11-22 15:40:27 - [TEST_STEP][PASSED] - response_searchME_spouse = reqid_spouse: null

2022-11-22 15:40:27 - [TEST_STEP][PASSED] - println("kons req id is :" + response_searchME_kons): null

2022-11-22 15:40:27 - [TEST_STEP][PASSED] - println("spouse req id is : " + response_searchME_spouse): null

2022-11-22 15:40:27 - [TEST_STEP][PASSED] - verifyResponseStatusCode(req_data, 200): Verify response status code successfully

2022-11-22 15:40:27 - [MESSAGE][PASSED] - Verify response status code successfully

2022-11-22 15:40:27 - [TEST_STEP][PASSED] - response = req_data.getResponseText(): null

2022-11-22 15:40:27 - [TEST_STEP][PASSED] - logInfo($response): {"status":"Done","data":{"requestid1":"241883","requestid2":""}}

2022-11-22 15:40:27 - [MESSAGE][INFO] - {"status":"Done","data":{"requestid1":"241883","requestid2":""}}

2022-11-22 15:40:27 - [TEST_STEP][PASSED] - delay(3): Delayed 3 second(s)

2022-11-22 15:40:31 - [MESSAGE][PASSED] - Delayed 3 second(s)

2022-11-22 15:40:31 - [TEST_STEP][PASSED] - scoring = sendRequest(findTestObject("EngineScore", ["response_searchME_kons":response_searchME_kons, "response_searchME_spouse":response_searchME_spouse])): Send request successfully

2022-11-22 15:40:31 - [MESSAGE][INFO] - HAR: D:\DMS\Engine Scoring\Reports\20221122_153620\Exclude KKB - DS\Scoring Individu - Used\20221122_153620\requests\main\101.har

2022-11-22 15:40:31 - [MESSAGE][PASSED] - Send request successfully

2022-11-22 15:40:31 - [TEST_STEP][PASSED] - verifyResponseStatusCode(scoring, 200): Verify response status code successfully

2022-11-22 15:40:31 - [MESSAGE][PASSED] - Verify response status code successfully

2022-11-22 15:40:31 - [TEST_STEP][PASSED] - response2 = scoring.getResponseText(): null

2022-11-22 15:40:31 - [TEST_STEP][PASSED] - markPassed("result service data ke : " + no): result service data ke : 51

2022-11-22 15:40:31 - [MESSAGE][PASSED] - result service data ke : 51

2022-11-22 15:40:31 - [TEST_STEP][PASSED] - logInfo($response2): {"result_konsumen":"Approve","result_pasangan":"","Final_result":"Approve","errorMessage":"","status":"Done"}

2022-11-22 15:40:31 - [MESSAGE][INFO] - {"result_konsumen":"Approve","result_pasangan":"","Final_result":"Approve","errorMessage":"","status":"Done"}

2022-11-22 15:40:31 - [TEST_STEP][PASSED] - verifyElementPropertyValue(scoring, "Final_result", final_result): Verify element property value successfully

2022-11-22 15:40:31 - [MESSAGE][PASSED] - Verify element property value successfully]]></system-out>
         <system-err><![CDATA[]]></system-err>
      </testcase>
      <testcase name="Test Cases/Engine_Scoring/Engine Scoring" time="4.754" classname="Test Cases/Engine_Scoring/Engine Scoring" status="PASSED">
         <system-out><![CDATA[2022-11-22 15:40:31 - [TEST_CASE][PASSED] - Test Cases/Engine_Scoring/Engine Scoring: Test Cases/Engine_Scoring/Engine Scoring

2022-11-22 15:40:31 - [TEST_STEP][PASSED] - markPassed("Variasi data ke : " + no): Variasi data ke : 52

2022-11-22 15:40:31 - [MESSAGE][PASSED] - Variasi data ke : 52

2022-11-22 15:40:31 - [TEST_STEP][PASSED] - req_data = sendRequest(findTestObject("Search_ME", ["MID":MID, "source":source, "ip":ip, "userid":userid, "branch":branch, "tipekons":tipekons, "marital":marital, "penjamin":penjamin, ... ])): Send request successfully

2022-11-22 15:40:32 - [MESSAGE][INFO] - HAR: D:\DMS\Engine Scoring\Reports\20221122_153620\Exclude KKB - DS\Scoring Individu - Used\20221122_153620\requests\main\102.har

2022-11-22 15:40:32 - [MESSAGE][PASSED] - Send request successfully

2022-11-22 15:40:32 - [TEST_STEP][PASSED] - slurper = new groovy.json.JsonSlurper(): null

2022-11-22 15:40:32 - [TEST_STEP][PASSED] - result = slurper.parseText(req_data.getResponseBodyContent()): null

2022-11-22 15:40:32 - [TEST_STEP][PASSED] - reqid_kons = requestid1: null

2022-11-22 15:40:32 - [TEST_STEP][PASSED] - reqid_spouse = requestid2: null

2022-11-22 15:40:32 - [TEST_STEP][PASSED] - println("requestid kons : " + reqid_kons): null

2022-11-22 15:40:32 - [TEST_STEP][PASSED] - response_searchME_kons = reqid_kons: null

2022-11-22 15:40:32 - [TEST_STEP][PASSED] - response_searchME_spouse = reqid_spouse: null

2022-11-22 15:40:32 - [TEST_STEP][PASSED] - println("kons req id is :" + response_searchME_kons): null

2022-11-22 15:40:32 - [TEST_STEP][PASSED] - println("spouse req id is : " + response_searchME_spouse): null

2022-11-22 15:40:32 - [TEST_STEP][PASSED] - verifyResponseStatusCode(req_data, 200): Verify response status code successfully

2022-11-22 15:40:32 - [MESSAGE][PASSED] - Verify response status code successfully

2022-11-22 15:40:32 - [TEST_STEP][PASSED] - response = req_data.getResponseText(): null

2022-11-22 15:40:32 - [TEST_STEP][PASSED] - logInfo($response): {"status":"Done","data":{"requestid1":"241884","requestid2":""}}

2022-11-22 15:40:32 - [MESSAGE][INFO] - {"status":"Done","data":{"requestid1":"241884","requestid2":""}}

2022-11-22 15:40:32 - [TEST_STEP][PASSED] - delay(3): Delayed 3 second(s)

2022-11-22 15:40:35 - [MESSAGE][PASSED] - Delayed 3 second(s)

2022-11-22 15:40:35 - [TEST_STEP][PASSED] - scoring = sendRequest(findTestObject("EngineScore", ["response_searchME_kons":response_searchME_kons, "response_searchME_spouse":response_searchME_spouse])): Send request successfully

2022-11-22 15:40:35 - [MESSAGE][INFO] - HAR: D:\DMS\Engine Scoring\Reports\20221122_153620\Exclude KKB - DS\Scoring Individu - Used\20221122_153620\requests\main\103.har

2022-11-22 15:40:35 - [MESSAGE][PASSED] - Send request successfully

2022-11-22 15:40:35 - [TEST_STEP][PASSED] - verifyResponseStatusCode(scoring, 200): Verify response status code successfully

2022-11-22 15:40:35 - [MESSAGE][PASSED] - Verify response status code successfully

2022-11-22 15:40:35 - [TEST_STEP][PASSED] - response2 = scoring.getResponseText(): null

2022-11-22 15:40:35 - [TEST_STEP][PASSED] - markPassed("result service data ke : " + no): result service data ke : 52

2022-11-22 15:40:35 - [MESSAGE][PASSED] - result service data ke : 52

2022-11-22 15:40:35 - [TEST_STEP][PASSED] - logInfo($response2): {"result_konsumen":"Approve","result_pasangan":"","Final_result":"Approve","errorMessage":"","status":"Done"}

2022-11-22 15:40:35 - [MESSAGE][INFO] - {"result_konsumen":"Approve","result_pasangan":"","Final_result":"Approve","errorMessage":"","status":"Done"}

2022-11-22 15:40:35 - [TEST_STEP][PASSED] - verifyElementPropertyValue(scoring, "Final_result", final_result): Verify element property value successfully

2022-11-22 15:40:35 - [MESSAGE][PASSED] - Verify element property value successfully]]></system-out>
         <system-err><![CDATA[]]></system-err>
      </testcase>
      <testcase name="Test Cases/Engine_Scoring/Engine Scoring" time="4.82" classname="Test Cases/Engine_Scoring/Engine Scoring" status="PASSED">
         <system-out><![CDATA[2022-11-22 15:40:35 - [TEST_CASE][PASSED] - Test Cases/Engine_Scoring/Engine Scoring: Test Cases/Engine_Scoring/Engine Scoring

2022-11-22 15:40:36 - [TEST_STEP][PASSED] - markPassed("Variasi data ke : " + no): Variasi data ke : 53

2022-11-22 15:40:36 - [MESSAGE][PASSED] - Variasi data ke : 53

2022-11-22 15:40:36 - [TEST_STEP][PASSED] - req_data = sendRequest(findTestObject("Search_ME", ["MID":MID, "source":source, "ip":ip, "userid":userid, "branch":branch, "tipekons":tipekons, "marital":marital, "penjamin":penjamin, ... ])): Send request successfully

2022-11-22 15:40:37 - [MESSAGE][INFO] - HAR: D:\DMS\Engine Scoring\Reports\20221122_153620\Exclude KKB - DS\Scoring Individu - Used\20221122_153620\requests\main\104.har

2022-11-22 15:40:37 - [MESSAGE][PASSED] - Send request successfully

2022-11-22 15:40:37 - [TEST_STEP][PASSED] - slurper = new groovy.json.JsonSlurper(): null

2022-11-22 15:40:37 - [TEST_STEP][PASSED] - result = slurper.parseText(req_data.getResponseBodyContent()): null

2022-11-22 15:40:37 - [TEST_STEP][PASSED] - reqid_kons = requestid1: null

2022-11-22 15:40:37 - [TEST_STEP][PASSED] - reqid_spouse = requestid2: null

2022-11-22 15:40:37 - [TEST_STEP][PASSED] - println("requestid kons : " + reqid_kons): null

2022-11-22 15:40:37 - [TEST_STEP][PASSED] - response_searchME_kons = reqid_kons: null

2022-11-22 15:40:37 - [TEST_STEP][PASSED] - response_searchME_spouse = reqid_spouse: null

2022-11-22 15:40:37 - [TEST_STEP][PASSED] - println("kons req id is :" + response_searchME_kons): null

2022-11-22 15:40:37 - [TEST_STEP][PASSED] - println("spouse req id is : " + response_searchME_spouse): null

2022-11-22 15:40:37 - [TEST_STEP][PASSED] - verifyResponseStatusCode(req_data, 200): Verify response status code successfully

2022-11-22 15:40:37 - [MESSAGE][PASSED] - Verify response status code successfully

2022-11-22 15:40:37 - [TEST_STEP][PASSED] - response = req_data.getResponseText(): null

2022-11-22 15:40:37 - [TEST_STEP][PASSED] - logInfo($response): {"status":"Done","data":{"requestid1":"241885","requestid2":""}}

2022-11-22 15:40:37 - [MESSAGE][INFO] - {"status":"Done","data":{"requestid1":"241885","requestid2":""}}

2022-11-22 15:40:37 - [TEST_STEP][PASSED] - delay(3): Delayed 3 second(s)

2022-11-22 15:40:40 - [MESSAGE][PASSED] - Delayed 3 second(s)

2022-11-22 15:40:40 - [TEST_STEP][PASSED] - scoring = sendRequest(findTestObject("EngineScore", ["response_searchME_kons":response_searchME_kons, "response_searchME_spouse":response_searchME_spouse])): Send request successfully

2022-11-22 15:40:40 - [MESSAGE][INFO] - HAR: D:\DMS\Engine Scoring\Reports\20221122_153620\Exclude KKB - DS\Scoring Individu - Used\20221122_153620\requests\main\105.har

2022-11-22 15:40:40 - [MESSAGE][PASSED] - Send request successfully

2022-11-22 15:40:40 - [TEST_STEP][PASSED] - verifyResponseStatusCode(scoring, 200): Verify response status code successfully

2022-11-22 15:40:40 - [MESSAGE][PASSED] - Verify response status code successfully

2022-11-22 15:40:40 - [TEST_STEP][PASSED] - response2 = scoring.getResponseText(): null

2022-11-22 15:40:40 - [TEST_STEP][PASSED] - markPassed("result service data ke : " + no): result service data ke : 53

2022-11-22 15:40:40 - [MESSAGE][PASSED] - result service data ke : 53

2022-11-22 15:40:40 - [TEST_STEP][PASSED] - logInfo($response2): {"result_konsumen":"Reject","result_pasangan":"","Final_result":"Reject","errorMessage":"","status":"Done"}

2022-11-22 15:40:40 - [MESSAGE][INFO] - {"result_konsumen":"Reject","result_pasangan":"","Final_result":"Reject","errorMessage":"","status":"Done"}

2022-11-22 15:40:40 - [TEST_STEP][PASSED] - verifyElementPropertyValue(scoring, "Final_result", final_result): Verify element property value successfully

2022-11-22 15:40:40 - [MESSAGE][PASSED] - Verify element property value successfully]]></system-out>
         <system-err><![CDATA[]]></system-err>
      </testcase>
      <testcase name="Test Cases/Engine_Scoring/Engine Scoring" time="4.749" classname="Test Cases/Engine_Scoring/Engine Scoring" status="PASSED">
         <system-out><![CDATA[2022-11-22 15:40:40 - [TEST_CASE][PASSED] - Test Cases/Engine_Scoring/Engine Scoring: Test Cases/Engine_Scoring/Engine Scoring

2022-11-22 15:40:41 - [TEST_STEP][PASSED] - markPassed("Variasi data ke : " + no): Variasi data ke : 54

2022-11-22 15:40:41 - [MESSAGE][PASSED] - Variasi data ke : 54

2022-11-22 15:40:41 - [TEST_STEP][PASSED] - req_data = sendRequest(findTestObject("Search_ME", ["MID":MID, "source":source, "ip":ip, "userid":userid, "branch":branch, "tipekons":tipekons, "marital":marital, "penjamin":penjamin, ... ])): Send request successfully

2022-11-22 15:40:42 - [MESSAGE][INFO] - HAR: D:\DMS\Engine Scoring\Reports\20221122_153620\Exclude KKB - DS\Scoring Individu - Used\20221122_153620\requests\main\106.har

2022-11-22 15:40:42 - [MESSAGE][PASSED] - Send request successfully

2022-11-22 15:40:42 - [TEST_STEP][PASSED] - slurper = new groovy.json.JsonSlurper(): null

2022-11-22 15:40:42 - [TEST_STEP][PASSED] - result = slurper.parseText(req_data.getResponseBodyContent()): null

2022-11-22 15:40:42 - [TEST_STEP][PASSED] - reqid_kons = requestid1: null

2022-11-22 15:40:42 - [TEST_STEP][PASSED] - reqid_spouse = requestid2: null

2022-11-22 15:40:42 - [TEST_STEP][PASSED] - println("requestid kons : " + reqid_kons): null

2022-11-22 15:40:42 - [TEST_STEP][PASSED] - response_searchME_kons = reqid_kons: null

2022-11-22 15:40:42 - [TEST_STEP][PASSED] - response_searchME_spouse = reqid_spouse: null

2022-11-22 15:40:42 - [TEST_STEP][PASSED] - println("kons req id is :" + response_searchME_kons): null

2022-11-22 15:40:42 - [TEST_STEP][PASSED] - println("spouse req id is : " + response_searchME_spouse): null

2022-11-22 15:40:42 - [TEST_STEP][PASSED] - verifyResponseStatusCode(req_data, 200): Verify response status code successfully

2022-11-22 15:40:42 - [MESSAGE][PASSED] - Verify response status code successfully

2022-11-22 15:40:42 - [TEST_STEP][PASSED] - response = req_data.getResponseText(): null

2022-11-22 15:40:42 - [TEST_STEP][PASSED] - logInfo($response): {"status":"Done","data":{"requestid1":"241886","requestid2":""}}

2022-11-22 15:40:42 - [MESSAGE][INFO] - {"status":"Done","data":{"requestid1":"241886","requestid2":""}}

2022-11-22 15:40:42 - [TEST_STEP][PASSED] - delay(3): Delayed 3 second(s)

2022-11-22 15:40:45 - [MESSAGE][PASSED] - Delayed 3 second(s)

2022-11-22 15:40:45 - [TEST_STEP][PASSED] - scoring = sendRequest(findTestObject("EngineScore", ["response_searchME_kons":response_searchME_kons, "response_searchME_spouse":response_searchME_spouse])): Send request successfully

2022-11-22 15:40:45 - [MESSAGE][INFO] - HAR: D:\DMS\Engine Scoring\Reports\20221122_153620\Exclude KKB - DS\Scoring Individu - Used\20221122_153620\requests\main\107.har

2022-11-22 15:40:45 - [MESSAGE][PASSED] - Send request successfully

2022-11-22 15:40:45 - [TEST_STEP][PASSED] - verifyResponseStatusCode(scoring, 200): Verify response status code successfully

2022-11-22 15:40:45 - [MESSAGE][PASSED] - Verify response status code successfully

2022-11-22 15:40:45 - [TEST_STEP][PASSED] - response2 = scoring.getResponseText(): null

2022-11-22 15:40:45 - [TEST_STEP][PASSED] - markPassed("result service data ke : " + no): result service data ke : 54

2022-11-22 15:40:45 - [MESSAGE][PASSED] - result service data ke : 54

2022-11-22 15:40:45 - [TEST_STEP][PASSED] - logInfo($response2): {"result_konsumen":"Reject","result_pasangan":"","Final_result":"Reject","errorMessage":"","status":"Done"}

2022-11-22 15:40:45 - [MESSAGE][INFO] - {"result_konsumen":"Reject","result_pasangan":"","Final_result":"Reject","errorMessage":"","status":"Done"}

2022-11-22 15:40:45 - [TEST_STEP][PASSED] - verifyElementPropertyValue(scoring, "Final_result", final_result): Verify element property value successfully

2022-11-22 15:40:45 - [MESSAGE][PASSED] - Verify element property value successfully]]></system-out>
         <system-err><![CDATA[]]></system-err>
      </testcase>
      <testcase name="Test Cases/Engine_Scoring/Engine Scoring" time="4.607" classname="Test Cases/Engine_Scoring/Engine Scoring" status="PASSED">
         <system-out><![CDATA[2022-11-22 15:40:45 - [TEST_CASE][PASSED] - Test Cases/Engine_Scoring/Engine Scoring: Test Cases/Engine_Scoring/Engine Scoring

2022-11-22 15:40:46 - [TEST_STEP][PASSED] - markPassed("Variasi data ke : " + no): Variasi data ke : 55

2022-11-22 15:40:46 - [MESSAGE][PASSED] - Variasi data ke : 55

2022-11-22 15:40:46 - [TEST_STEP][PASSED] - req_data = sendRequest(findTestObject("Search_ME", ["MID":MID, "source":source, "ip":ip, "userid":userid, "branch":branch, "tipekons":tipekons, "marital":marital, "penjamin":penjamin, ... ])): Send request successfully

2022-11-22 15:40:47 - [MESSAGE][INFO] - HAR: D:\DMS\Engine Scoring\Reports\20221122_153620\Exclude KKB - DS\Scoring Individu - Used\20221122_153620\requests\main\108.har

2022-11-22 15:40:47 - [MESSAGE][PASSED] - Send request successfully

2022-11-22 15:40:47 - [TEST_STEP][PASSED] - slurper = new groovy.json.JsonSlurper(): null

2022-11-22 15:40:47 - [TEST_STEP][PASSED] - result = slurper.parseText(req_data.getResponseBodyContent()): null

2022-11-22 15:40:47 - [TEST_STEP][PASSED] - reqid_kons = requestid1: null

2022-11-22 15:40:47 - [TEST_STEP][PASSED] - reqid_spouse = requestid2: null

2022-11-22 15:40:47 - [TEST_STEP][PASSED] - println("requestid kons : " + reqid_kons): null

2022-11-22 15:40:47 - [TEST_STEP][PASSED] - response_searchME_kons = reqid_kons: null

2022-11-22 15:40:47 - [TEST_STEP][PASSED] - response_searchME_spouse = reqid_spouse: null

2022-11-22 15:40:47 - [TEST_STEP][PASSED] - println("kons req id is :" + response_searchME_kons): null

2022-11-22 15:40:47 - [TEST_STEP][PASSED] - println("spouse req id is : " + response_searchME_spouse): null

2022-11-22 15:40:47 - [TEST_STEP][PASSED] - verifyResponseStatusCode(req_data, 200): Verify response status code successfully

2022-11-22 15:40:47 - [MESSAGE][PASSED] - Verify response status code successfully

2022-11-22 15:40:47 - [TEST_STEP][PASSED] - response = req_data.getResponseText(): null

2022-11-22 15:40:47 - [TEST_STEP][PASSED] - logInfo($response): {"status":"Done","data":{"requestid1":"241887","requestid2":""}}

2022-11-22 15:40:47 - [MESSAGE][INFO] - {"status":"Done","data":{"requestid1":"241887","requestid2":""}}

2022-11-22 15:40:47 - [TEST_STEP][PASSED] - delay(3): Delayed 3 second(s)

2022-11-22 15:40:50 - [MESSAGE][PASSED] - Delayed 3 second(s)

2022-11-22 15:40:50 - [TEST_STEP][PASSED] - scoring = sendRequest(findTestObject("EngineScore", ["response_searchME_kons":response_searchME_kons, "response_searchME_spouse":response_searchME_spouse])): Send request successfully

2022-11-22 15:40:50 - [MESSAGE][INFO] - HAR: D:\DMS\Engine Scoring\Reports\20221122_153620\Exclude KKB - DS\Scoring Individu - Used\20221122_153620\requests\main\109.har

2022-11-22 15:40:50 - [MESSAGE][PASSED] - Send request successfully

2022-11-22 15:40:50 - [TEST_STEP][PASSED] - verifyResponseStatusCode(scoring, 200): Verify response status code successfully

2022-11-22 15:40:50 - [MESSAGE][PASSED] - Verify response status code successfully

2022-11-22 15:40:50 - [TEST_STEP][PASSED] - response2 = scoring.getResponseText(): null

2022-11-22 15:40:50 - [TEST_STEP][PASSED] - markPassed("result service data ke : " + no): result service data ke : 55

2022-11-22 15:40:50 - [MESSAGE][PASSED] - result service data ke : 55

2022-11-22 15:40:50 - [TEST_STEP][PASSED] - logInfo($response2): {"result_konsumen":"Reject","result_pasangan":"","Final_result":"Reject","errorMessage":"","status":"Done"}

2022-11-22 15:40:50 - [MESSAGE][INFO] - {"result_konsumen":"Reject","result_pasangan":"","Final_result":"Reject","errorMessage":"","status":"Done"}

2022-11-22 15:40:50 - [TEST_STEP][PASSED] - verifyElementPropertyValue(scoring, "Final_result", final_result): Verify element property value successfully

2022-11-22 15:40:50 - [MESSAGE][PASSED] - Verify element property value successfully]]></system-out>
         <system-err><![CDATA[]]></system-err>
      </testcase>
      <testcase name="Test Cases/Engine_Scoring/Engine Scoring" time="4.754" classname="Test Cases/Engine_Scoring/Engine Scoring" status="PASSED">
         <system-out><![CDATA[2022-11-22 15:40:50 - [TEST_CASE][PASSED] - Test Cases/Engine_Scoring/Engine Scoring: Test Cases/Engine_Scoring/Engine Scoring

2022-11-22 15:40:51 - [TEST_STEP][PASSED] - markPassed("Variasi data ke : " + no): Variasi data ke : 56

2022-11-22 15:40:51 - [MESSAGE][PASSED] - Variasi data ke : 56

2022-11-22 15:40:51 - [TEST_STEP][PASSED] - req_data = sendRequest(findTestObject("Search_ME", ["MID":MID, "source":source, "ip":ip, "userid":userid, "branch":branch, "tipekons":tipekons, "marital":marital, "penjamin":penjamin, ... ])): Send request successfully

2022-11-22 15:40:51 - [MESSAGE][INFO] - HAR: D:\DMS\Engine Scoring\Reports\20221122_153620\Exclude KKB - DS\Scoring Individu - Used\20221122_153620\requests\main\110.har

2022-11-22 15:40:51 - [MESSAGE][PASSED] - Send request successfully

2022-11-22 15:40:51 - [TEST_STEP][PASSED] - slurper = new groovy.json.JsonSlurper(): null

2022-11-22 15:40:51 - [TEST_STEP][PASSED] - result = slurper.parseText(req_data.getResponseBodyContent()): null

2022-11-22 15:40:51 - [TEST_STEP][PASSED] - reqid_kons = requestid1: null

2022-11-22 15:40:51 - [TEST_STEP][PASSED] - reqid_spouse = requestid2: null

2022-11-22 15:40:51 - [TEST_STEP][PASSED] - println("requestid kons : " + reqid_kons): null

2022-11-22 15:40:51 - [TEST_STEP][PASSED] - response_searchME_kons = reqid_kons: null

2022-11-22 15:40:51 - [TEST_STEP][PASSED] - response_searchME_spouse = reqid_spouse: null

2022-11-22 15:40:51 - [TEST_STEP][PASSED] - println("kons req id is :" + response_searchME_kons): null

2022-11-22 15:40:51 - [TEST_STEP][PASSED] - println("spouse req id is : " + response_searchME_spouse): null

2022-11-22 15:40:51 - [TEST_STEP][PASSED] - verifyResponseStatusCode(req_data, 200): Verify response status code successfully

2022-11-22 15:40:51 - [MESSAGE][PASSED] - Verify response status code successfully

2022-11-22 15:40:51 - [TEST_STEP][PASSED] - response = req_data.getResponseText(): null

2022-11-22 15:40:51 - [TEST_STEP][PASSED] - logInfo($response): {"status":"Done","data":{"requestid1":"241888","requestid2":""}}

2022-11-22 15:40:51 - [MESSAGE][INFO] - {"status":"Done","data":{"requestid1":"241888","requestid2":""}}

2022-11-22 15:40:51 - [TEST_STEP][PASSED] - delay(3): Delayed 3 second(s)

2022-11-22 15:40:54 - [MESSAGE][PASSED] - Delayed 3 second(s)

2022-11-22 15:40:54 - [TEST_STEP][PASSED] - scoring = sendRequest(findTestObject("EngineScore", ["response_searchME_kons":response_searchME_kons, "response_searchME_spouse":response_searchME_spouse])): Send request successfully

2022-11-22 15:40:54 - [MESSAGE][INFO] - HAR: D:\DMS\Engine Scoring\Reports\20221122_153620\Exclude KKB - DS\Scoring Individu - Used\20221122_153620\requests\main\111.har

2022-11-22 15:40:54 - [MESSAGE][PASSED] - Send request successfully

2022-11-22 15:40:54 - [TEST_STEP][PASSED] - verifyResponseStatusCode(scoring, 200): Verify response status code successfully

2022-11-22 15:40:54 - [MESSAGE][PASSED] - Verify response status code successfully

2022-11-22 15:40:54 - [TEST_STEP][PASSED] - response2 = scoring.getResponseText(): null

2022-11-22 15:40:54 - [TEST_STEP][PASSED] - markPassed("result service data ke : " + no): result service data ke : 56

2022-11-22 15:40:54 - [MESSAGE][PASSED] - result service data ke : 56

2022-11-22 15:40:54 - [TEST_STEP][PASSED] - logInfo($response2): {"result_konsumen":"Reject","result_pasangan":"","Final_result":"Reject","errorMessage":"","status":"Done"}

2022-11-22 15:40:54 - [MESSAGE][INFO] - {"result_konsumen":"Reject","result_pasangan":"","Final_result":"Reject","errorMessage":"","status":"Done"}

2022-11-22 15:40:54 - [TEST_STEP][PASSED] - verifyElementPropertyValue(scoring, "Final_result", final_result): Verify element property value successfully

2022-11-22 15:40:55 - [MESSAGE][PASSED] - Verify element property value successfully]]></system-out>
         <system-err><![CDATA[]]></system-err>
      </testcase>
      <testcase name="Test Cases/Engine_Scoring/Engine Scoring" time="4.67" classname="Test Cases/Engine_Scoring/Engine Scoring" status="PASSED">
         <system-out><![CDATA[2022-11-22 15:40:55 - [TEST_CASE][PASSED] - Test Cases/Engine_Scoring/Engine Scoring: Test Cases/Engine_Scoring/Engine Scoring

2022-11-22 15:40:55 - [TEST_STEP][PASSED] - markPassed("Variasi data ke : " + no): Variasi data ke : 57

2022-11-22 15:40:55 - [MESSAGE][PASSED] - Variasi data ke : 57

2022-11-22 15:40:55 - [TEST_STEP][PASSED] - req_data = sendRequest(findTestObject("Search_ME", ["MID":MID, "source":source, "ip":ip, "userid":userid, "branch":branch, "tipekons":tipekons, "marital":marital, "penjamin":penjamin, ... ])): Send request successfully

2022-11-22 15:40:56 - [MESSAGE][INFO] - HAR: D:\DMS\Engine Scoring\Reports\20221122_153620\Exclude KKB - DS\Scoring Individu - Used\20221122_153620\requests\main\112.har

2022-11-22 15:40:56 - [MESSAGE][PASSED] - Send request successfully

2022-11-22 15:40:56 - [TEST_STEP][PASSED] - slurper = new groovy.json.JsonSlurper(): null

2022-11-22 15:40:56 - [TEST_STEP][PASSED] - result = slurper.parseText(req_data.getResponseBodyContent()): null

2022-11-22 15:40:56 - [TEST_STEP][PASSED] - reqid_kons = requestid1: null

2022-11-22 15:40:56 - [TEST_STEP][PASSED] - reqid_spouse = requestid2: null

2022-11-22 15:40:56 - [TEST_STEP][PASSED] - println("requestid kons : " + reqid_kons): null

2022-11-22 15:40:56 - [TEST_STEP][PASSED] - response_searchME_kons = reqid_kons: null

2022-11-22 15:40:56 - [TEST_STEP][PASSED] - response_searchME_spouse = reqid_spouse: null

2022-11-22 15:40:56 - [TEST_STEP][PASSED] - println("kons req id is :" + response_searchME_kons): null

2022-11-22 15:40:56 - [TEST_STEP][PASSED] - println("spouse req id is : " + response_searchME_spouse): null

2022-11-22 15:40:56 - [TEST_STEP][PASSED] - verifyResponseStatusCode(req_data, 200): Verify response status code successfully

2022-11-22 15:40:56 - [MESSAGE][PASSED] - Verify response status code successfully

2022-11-22 15:40:56 - [TEST_STEP][PASSED] - response = req_data.getResponseText(): null

2022-11-22 15:40:56 - [TEST_STEP][PASSED] - logInfo($response): {"status":"Done","data":{"requestid1":"241889","requestid2":""}}

2022-11-22 15:40:56 - [MESSAGE][INFO] - {"status":"Done","data":{"requestid1":"241889","requestid2":""}}

2022-11-22 15:40:56 - [TEST_STEP][PASSED] - delay(3): Delayed 3 second(s)

2022-11-22 15:40:59 - [MESSAGE][PASSED] - Delayed 3 second(s)

2022-11-22 15:40:59 - [TEST_STEP][PASSED] - scoring = sendRequest(findTestObject("EngineScore", ["response_searchME_kons":response_searchME_kons, "response_searchME_spouse":response_searchME_spouse])): Send request successfully

2022-11-22 15:40:59 - [MESSAGE][INFO] - HAR: D:\DMS\Engine Scoring\Reports\20221122_153620\Exclude KKB - DS\Scoring Individu - Used\20221122_153620\requests\main\113.har

2022-11-22 15:40:59 - [MESSAGE][PASSED] - Send request successfully

2022-11-22 15:40:59 - [TEST_STEP][PASSED] - verifyResponseStatusCode(scoring, 200): Verify response status code successfully

2022-11-22 15:40:59 - [MESSAGE][PASSED] - Verify response status code successfully

2022-11-22 15:40:59 - [TEST_STEP][PASSED] - response2 = scoring.getResponseText(): null

2022-11-22 15:40:59 - [TEST_STEP][PASSED] - markPassed("result service data ke : " + no): result service data ke : 57

2022-11-22 15:40:59 - [MESSAGE][PASSED] - result service data ke : 57

2022-11-22 15:40:59 - [TEST_STEP][PASSED] - logInfo($response2): {"result_konsumen":"Reject","result_pasangan":"","Final_result":"Reject","errorMessage":"","status":"Done"}

2022-11-22 15:40:59 - [MESSAGE][INFO] - {"result_konsumen":"Reject","result_pasangan":"","Final_result":"Reject","errorMessage":"","status":"Done"}

2022-11-22 15:40:59 - [TEST_STEP][PASSED] - verifyElementPropertyValue(scoring, "Final_result", final_result): Verify element property value successfully

2022-11-22 15:40:59 - [MESSAGE][PASSED] - Verify element property value successfully]]></system-out>
         <system-err><![CDATA[]]></system-err>
      </testcase>
      <testcase name="Test Cases/Engine_Scoring/Engine Scoring" time="4.835" classname="Test Cases/Engine_Scoring/Engine Scoring" status="PASSED">
         <system-out><![CDATA[2022-11-22 15:40:59 - [TEST_CASE][PASSED] - Test Cases/Engine_Scoring/Engine Scoring: Test Cases/Engine_Scoring/Engine Scoring

2022-11-22 15:41:00 - [TEST_STEP][PASSED] - markPassed("Variasi data ke : " + no): Variasi data ke : 58

2022-11-22 15:41:00 - [MESSAGE][PASSED] - Variasi data ke : 58

2022-11-22 15:41:00 - [TEST_STEP][PASSED] - req_data = sendRequest(findTestObject("Search_ME", ["MID":MID, "source":source, "ip":ip, "userid":userid, "branch":branch, "tipekons":tipekons, "marital":marital, "penjamin":penjamin, ... ])): Send request successfully

2022-11-22 15:41:01 - [MESSAGE][INFO] - HAR: D:\DMS\Engine Scoring\Reports\20221122_153620\Exclude KKB - DS\Scoring Individu - Used\20221122_153620\requests\main\114.har

2022-11-22 15:41:01 - [MESSAGE][PASSED] - Send request successfully

2022-11-22 15:41:01 - [TEST_STEP][PASSED] - slurper = new groovy.json.JsonSlurper(): null

2022-11-22 15:41:01 - [TEST_STEP][PASSED] - result = slurper.parseText(req_data.getResponseBodyContent()): null

2022-11-22 15:41:01 - [TEST_STEP][PASSED] - reqid_kons = requestid1: null

2022-11-22 15:41:01 - [TEST_STEP][PASSED] - reqid_spouse = requestid2: null

2022-11-22 15:41:01 - [TEST_STEP][PASSED] - println("requestid kons : " + reqid_kons): null

2022-11-22 15:41:01 - [TEST_STEP][PASSED] - response_searchME_kons = reqid_kons: null

2022-11-22 15:41:01 - [TEST_STEP][PASSED] - response_searchME_spouse = reqid_spouse: null

2022-11-22 15:41:01 - [TEST_STEP][PASSED] - println("kons req id is :" + response_searchME_kons): null

2022-11-22 15:41:01 - [TEST_STEP][PASSED] - println("spouse req id is : " + response_searchME_spouse): null

2022-11-22 15:41:01 - [TEST_STEP][PASSED] - verifyResponseStatusCode(req_data, 200): Verify response status code successfully

2022-11-22 15:41:01 - [MESSAGE][PASSED] - Verify response status code successfully

2022-11-22 15:41:01 - [TEST_STEP][PASSED] - response = req_data.getResponseText(): null

2022-11-22 15:41:01 - [TEST_STEP][PASSED] - logInfo($response): {"status":"Done","data":{"requestid1":"241890","requestid2":""}}

2022-11-22 15:41:01 - [MESSAGE][INFO] - {"status":"Done","data":{"requestid1":"241890","requestid2":""}}

2022-11-22 15:41:01 - [TEST_STEP][PASSED] - delay(3): Delayed 3 second(s)

2022-11-22 15:41:04 - [MESSAGE][PASSED] - Delayed 3 second(s)

2022-11-22 15:41:04 - [TEST_STEP][PASSED] - scoring = sendRequest(findTestObject("EngineScore", ["response_searchME_kons":response_searchME_kons, "response_searchME_spouse":response_searchME_spouse])): Send request successfully

2022-11-22 15:41:04 - [MESSAGE][INFO] - HAR: D:\DMS\Engine Scoring\Reports\20221122_153620\Exclude KKB - DS\Scoring Individu - Used\20221122_153620\requests\main\115.har

2022-11-22 15:41:04 - [MESSAGE][PASSED] - Send request successfully

2022-11-22 15:41:04 - [TEST_STEP][PASSED] - verifyResponseStatusCode(scoring, 200): Verify response status code successfully

2022-11-22 15:41:04 - [MESSAGE][PASSED] - Verify response status code successfully

2022-11-22 15:41:04 - [TEST_STEP][PASSED] - response2 = scoring.getResponseText(): null

2022-11-22 15:41:04 - [TEST_STEP][PASSED] - markPassed("result service data ke : " + no): result service data ke : 58

2022-11-22 15:41:04 - [MESSAGE][PASSED] - result service data ke : 58

2022-11-22 15:41:04 - [TEST_STEP][PASSED] - logInfo($response2): {"result_konsumen":"Reguler","result_pasangan":"","Final_result":"Reguler","errorMessage":"","status":"Done"}

2022-11-22 15:41:04 - [MESSAGE][INFO] - {"result_konsumen":"Reguler","result_pasangan":"","Final_result":"Reguler","errorMessage":"","status":"Done"}

2022-11-22 15:41:04 - [TEST_STEP][PASSED] - verifyElementPropertyValue(scoring, "Final_result", final_result): Verify element property value successfully

2022-11-22 15:41:04 - [MESSAGE][PASSED] - Verify element property value successfully]]></system-out>
         <system-err><![CDATA[]]></system-err>
      </testcase>
      <testcase name="Test Cases/Engine_Scoring/Engine Scoring" time="4.697" classname="Test Cases/Engine_Scoring/Engine Scoring" status="PASSED">
         <system-out><![CDATA[2022-11-22 15:41:04 - [TEST_CASE][PASSED] - Test Cases/Engine_Scoring/Engine Scoring: Test Cases/Engine_Scoring/Engine Scoring

2022-11-22 15:41:05 - [TEST_STEP][PASSED] - markPassed("Variasi data ke : " + no): Variasi data ke : 59

2022-11-22 15:41:05 - [MESSAGE][PASSED] - Variasi data ke : 59

2022-11-22 15:41:05 - [TEST_STEP][PASSED] - req_data = sendRequest(findTestObject("Search_ME", ["MID":MID, "source":source, "ip":ip, "userid":userid, "branch":branch, "tipekons":tipekons, "marital":marital, "penjamin":penjamin, ... ])): Send request successfully

2022-11-22 15:41:06 - [MESSAGE][INFO] - HAR: D:\DMS\Engine Scoring\Reports\20221122_153620\Exclude KKB - DS\Scoring Individu - Used\20221122_153620\requests\main\116.har

2022-11-22 15:41:06 - [MESSAGE][PASSED] - Send request successfully

2022-11-22 15:41:06 - [TEST_STEP][PASSED] - slurper = new groovy.json.JsonSlurper(): null

2022-11-22 15:41:06 - [TEST_STEP][PASSED] - result = slurper.parseText(req_data.getResponseBodyContent()): null

2022-11-22 15:41:06 - [TEST_STEP][PASSED] - reqid_kons = requestid1: null

2022-11-22 15:41:06 - [TEST_STEP][PASSED] - reqid_spouse = requestid2: null

2022-11-22 15:41:06 - [TEST_STEP][PASSED] - println("requestid kons : " + reqid_kons): null

2022-11-22 15:41:06 - [TEST_STEP][PASSED] - response_searchME_kons = reqid_kons: null

2022-11-22 15:41:06 - [TEST_STEP][PASSED] - response_searchME_spouse = reqid_spouse: null

2022-11-22 15:41:06 - [TEST_STEP][PASSED] - println("kons req id is :" + response_searchME_kons): null

2022-11-22 15:41:06 - [TEST_STEP][PASSED] - println("spouse req id is : " + response_searchME_spouse): null

2022-11-22 15:41:06 - [TEST_STEP][PASSED] - verifyResponseStatusCode(req_data, 200): Verify response status code successfully

2022-11-22 15:41:06 - [MESSAGE][PASSED] - Verify response status code successfully

2022-11-22 15:41:06 - [TEST_STEP][PASSED] - response = req_data.getResponseText(): null

2022-11-22 15:41:06 - [TEST_STEP][PASSED] - logInfo($response): {"status":"Done","data":{"requestid1":"241891","requestid2":""}}

2022-11-22 15:41:06 - [MESSAGE][INFO] - {"status":"Done","data":{"requestid1":"241891","requestid2":""}}

2022-11-22 15:41:06 - [TEST_STEP][PASSED] - delay(3): Delayed 3 second(s)

2022-11-22 15:41:09 - [MESSAGE][PASSED] - Delayed 3 second(s)

2022-11-22 15:41:09 - [TEST_STEP][PASSED] - scoring = sendRequest(findTestObject("EngineScore", ["response_searchME_kons":response_searchME_kons, "response_searchME_spouse":response_searchME_spouse])): Send request successfully

2022-11-22 15:41:09 - [MESSAGE][INFO] - HAR: D:\DMS\Engine Scoring\Reports\20221122_153620\Exclude KKB - DS\Scoring Individu - Used\20221122_153620\requests\main\117.har

2022-11-22 15:41:09 - [MESSAGE][PASSED] - Send request successfully

2022-11-22 15:41:09 - [TEST_STEP][PASSED] - verifyResponseStatusCode(scoring, 200): Verify response status code successfully

2022-11-22 15:41:09 - [MESSAGE][PASSED] - Verify response status code successfully

2022-11-22 15:41:09 - [TEST_STEP][PASSED] - response2 = scoring.getResponseText(): null

2022-11-22 15:41:09 - [TEST_STEP][PASSED] - markPassed("result service data ke : " + no): result service data ke : 59

2022-11-22 15:41:09 - [MESSAGE][PASSED] - result service data ke : 59

2022-11-22 15:41:09 - [TEST_STEP][PASSED] - logInfo($response2): {"result_konsumen":"Reguler","result_pasangan":"","Final_result":"Reguler","errorMessage":"","status":"Done"}

2022-11-22 15:41:09 - [MESSAGE][INFO] - {"result_konsumen":"Reguler","result_pasangan":"","Final_result":"Reguler","errorMessage":"","status":"Done"}

2022-11-22 15:41:09 - [TEST_STEP][PASSED] - verifyElementPropertyValue(scoring, "Final_result", final_result): Verify element property value successfully

2022-11-22 15:41:09 - [MESSAGE][PASSED] - Verify element property value successfully]]></system-out>
         <system-err><![CDATA[]]></system-err>
      </testcase>
      <testcase name="Test Cases/Engine_Scoring/Engine Scoring" time="6.136" classname="Test Cases/Engine_Scoring/Engine Scoring" status="PASSED">
         <system-out><![CDATA[2022-11-22 15:41:09 - [TEST_CASE][PASSED] - Test Cases/Engine_Scoring/Engine Scoring: Test Cases/Engine_Scoring/Engine Scoring

2022-11-22 15:41:10 - [TEST_STEP][PASSED] - markPassed("Variasi data ke : " + no): Variasi data ke : 60

2022-11-22 15:41:10 - [MESSAGE][PASSED] - Variasi data ke : 60

2022-11-22 15:41:10 - [TEST_STEP][PASSED] - req_data = sendRequest(findTestObject("Search_ME", ["MID":MID, "source":source, "ip":ip, "userid":userid, "branch":branch, "tipekons":tipekons, "marital":marital, "penjamin":penjamin, ... ])): Send request successfully

2022-11-22 15:41:12 - [MESSAGE][INFO] - HAR: D:\DMS\Engine Scoring\Reports\20221122_153620\Exclude KKB - DS\Scoring Individu - Used\20221122_153620\requests\main\118.har

2022-11-22 15:41:12 - [MESSAGE][PASSED] - Send request successfully

2022-11-22 15:41:12 - [TEST_STEP][PASSED] - slurper = new groovy.json.JsonSlurper(): null

2022-11-22 15:41:12 - [TEST_STEP][PASSED] - result = slurper.parseText(req_data.getResponseBodyContent()): null

2022-11-22 15:41:12 - [TEST_STEP][PASSED] - reqid_kons = requestid1: null

2022-11-22 15:41:12 - [TEST_STEP][PASSED] - reqid_spouse = requestid2: null

2022-11-22 15:41:12 - [TEST_STEP][PASSED] - println("requestid kons : " + reqid_kons): null

2022-11-22 15:41:12 - [TEST_STEP][PASSED] - response_searchME_kons = reqid_kons: null

2022-11-22 15:41:12 - [TEST_STEP][PASSED] - response_searchME_spouse = reqid_spouse: null

2022-11-22 15:41:12 - [TEST_STEP][PASSED] - println("kons req id is :" + response_searchME_kons): null

2022-11-22 15:41:12 - [TEST_STEP][PASSED] - println("spouse req id is : " + response_searchME_spouse): null

2022-11-22 15:41:12 - [TEST_STEP][PASSED] - verifyResponseStatusCode(req_data, 200): Verify response status code successfully

2022-11-22 15:41:12 - [MESSAGE][PASSED] - Verify response status code successfully

2022-11-22 15:41:12 - [TEST_STEP][PASSED] - response = req_data.getResponseText(): null

2022-11-22 15:41:12 - [TEST_STEP][PASSED] - logInfo($response): {"status":"Done","data":{"requestid1":"241892","requestid2":""}}

2022-11-22 15:41:12 - [MESSAGE][INFO] - {"status":"Done","data":{"requestid1":"241892","requestid2":""}}

2022-11-22 15:41:12 - [TEST_STEP][PASSED] - delay(3): Delayed 3 second(s)

2022-11-22 15:41:15 - [MESSAGE][PASSED] - Delayed 3 second(s)

2022-11-22 15:41:15 - [TEST_STEP][PASSED] - scoring = sendRequest(findTestObject("EngineScore", ["response_searchME_kons":response_searchME_kons, "response_searchME_spouse":response_searchME_spouse])): Send request successfully

2022-11-22 15:41:15 - [MESSAGE][INFO] - HAR: D:\DMS\Engine Scoring\Reports\20221122_153620\Exclude KKB - DS\Scoring Individu - Used\20221122_153620\requests\main\119.har

2022-11-22 15:41:15 - [MESSAGE][PASSED] - Send request successfully

2022-11-22 15:41:15 - [TEST_STEP][PASSED] - verifyResponseStatusCode(scoring, 200): Verify response status code successfully

2022-11-22 15:41:15 - [MESSAGE][PASSED] - Verify response status code successfully

2022-11-22 15:41:15 - [TEST_STEP][PASSED] - response2 = scoring.getResponseText(): null

2022-11-22 15:41:15 - [TEST_STEP][PASSED] - markPassed("result service data ke : " + no): result service data ke : 60

2022-11-22 15:41:15 - [MESSAGE][PASSED] - result service data ke : 60

2022-11-22 15:41:15 - [TEST_STEP][PASSED] - logInfo($response2): {"result_konsumen":"Reguler","result_pasangan":"","Final_result":"Reguler","errorMessage":"","status":"Done"}

2022-11-22 15:41:15 - [MESSAGE][INFO] - {"result_konsumen":"Reguler","result_pasangan":"","Final_result":"Reguler","errorMessage":"","status":"Done"}

2022-11-22 15:41:15 - [TEST_STEP][PASSED] - verifyElementPropertyValue(scoring, "Final_result", final_result): Verify element property value successfully

2022-11-22 15:41:15 - [MESSAGE][PASSED] - Verify element property value successfully]]></system-out>
         <system-err><![CDATA[]]></system-err>
      </testcase>
      <testcase name="Test Cases/Engine_Scoring/Engine Scoring" time="4.669" classname="Test Cases/Engine_Scoring/Engine Scoring" status="PASSED">
         <system-out><![CDATA[2022-11-22 15:41:15 - [TEST_CASE][PASSED] - Test Cases/Engine_Scoring/Engine Scoring: Test Cases/Engine_Scoring/Engine Scoring

2022-11-22 15:41:16 - [TEST_STEP][PASSED] - markPassed("Variasi data ke : " + no): Variasi data ke : 61

2022-11-22 15:41:16 - [MESSAGE][PASSED] - Variasi data ke : 61

2022-11-22 15:41:16 - [TEST_STEP][PASSED] - req_data = sendRequest(findTestObject("Search_ME", ["MID":MID, "source":source, "ip":ip, "userid":userid, "branch":branch, "tipekons":tipekons, "marital":marital, "penjamin":penjamin, ... ])): Send request successfully

2022-11-22 15:41:17 - [MESSAGE][INFO] - HAR: D:\DMS\Engine Scoring\Reports\20221122_153620\Exclude KKB - DS\Scoring Individu - Used\20221122_153620\requests\main\120.har

2022-11-22 15:41:17 - [MESSAGE][PASSED] - Send request successfully

2022-11-22 15:41:17 - [TEST_STEP][PASSED] - slurper = new groovy.json.JsonSlurper(): null

2022-11-22 15:41:17 - [TEST_STEP][PASSED] - result = slurper.parseText(req_data.getResponseBodyContent()): null

2022-11-22 15:41:17 - [TEST_STEP][PASSED] - reqid_kons = requestid1: null

2022-11-22 15:41:17 - [TEST_STEP][PASSED] - reqid_spouse = requestid2: null

2022-11-22 15:41:17 - [TEST_STEP][PASSED] - println("requestid kons : " + reqid_kons): null

2022-11-22 15:41:17 - [TEST_STEP][PASSED] - response_searchME_kons = reqid_kons: null

2022-11-22 15:41:17 - [TEST_STEP][PASSED] - response_searchME_spouse = reqid_spouse: null

2022-11-22 15:41:17 - [TEST_STEP][PASSED] - println("kons req id is :" + response_searchME_kons): null

2022-11-22 15:41:17 - [TEST_STEP][PASSED] - println("spouse req id is : " + response_searchME_spouse): null

2022-11-22 15:41:17 - [TEST_STEP][PASSED] - verifyResponseStatusCode(req_data, 200): Verify response status code successfully

2022-11-22 15:41:17 - [MESSAGE][PASSED] - Verify response status code successfully

2022-11-22 15:41:17 - [TEST_STEP][PASSED] - response = req_data.getResponseText(): null

2022-11-22 15:41:17 - [TEST_STEP][PASSED] - logInfo($response): {"status":"Done","data":{"requestid1":"241893","requestid2":""}}

2022-11-22 15:41:17 - [MESSAGE][INFO] - {"status":"Done","data":{"requestid1":"241893","requestid2":""}}

2022-11-22 15:41:17 - [TEST_STEP][PASSED] - delay(3): Delayed 3 second(s)

2022-11-22 15:41:20 - [MESSAGE][PASSED] - Delayed 3 second(s)

2022-11-22 15:41:20 - [TEST_STEP][PASSED] - scoring = sendRequest(findTestObject("EngineScore", ["response_searchME_kons":response_searchME_kons, "response_searchME_spouse":response_searchME_spouse])): Send request successfully

2022-11-22 15:41:20 - [MESSAGE][INFO] - HAR: D:\DMS\Engine Scoring\Reports\20221122_153620\Exclude KKB - DS\Scoring Individu - Used\20221122_153620\requests\main\121.har

2022-11-22 15:41:20 - [MESSAGE][PASSED] - Send request successfully

2022-11-22 15:41:20 - [TEST_STEP][PASSED] - verifyResponseStatusCode(scoring, 200): Verify response status code successfully

2022-11-22 15:41:20 - [MESSAGE][PASSED] - Verify response status code successfully

2022-11-22 15:41:20 - [TEST_STEP][PASSED] - response2 = scoring.getResponseText(): null

2022-11-22 15:41:20 - [TEST_STEP][PASSED] - markPassed("result service data ke : " + no): result service data ke : 61

2022-11-22 15:41:20 - [MESSAGE][PASSED] - result service data ke : 61

2022-11-22 15:41:20 - [TEST_STEP][PASSED] - logInfo($response2): {"result_konsumen":"Approve","result_pasangan":"","Final_result":"Approve","errorMessage":"","status":"Done"}

2022-11-22 15:41:20 - [MESSAGE][INFO] - {"result_konsumen":"Approve","result_pasangan":"","Final_result":"Approve","errorMessage":"","status":"Done"}

2022-11-22 15:41:20 - [TEST_STEP][PASSED] - verifyElementPropertyValue(scoring, "Final_result", final_result): Verify element property value successfully

2022-11-22 15:41:20 - [MESSAGE][PASSED] - Verify element property value successfully]]></system-out>
         <system-err><![CDATA[]]></system-err>
      </testcase>
      <testcase name="Test Cases/Engine_Scoring/Engine Scoring" time="4.885" classname="Test Cases/Engine_Scoring/Engine Scoring" status="PASSED">
         <system-out><![CDATA[2022-11-22 15:41:20 - [TEST_CASE][PASSED] - Test Cases/Engine_Scoring/Engine Scoring: Test Cases/Engine_Scoring/Engine Scoring

2022-11-22 15:41:21 - [TEST_STEP][PASSED] - markPassed("Variasi data ke : " + no): Variasi data ke : 62

2022-11-22 15:41:21 - [MESSAGE][PASSED] - Variasi data ke : 62

2022-11-22 15:41:21 - [TEST_STEP][PASSED] - req_data = sendRequest(findTestObject("Search_ME", ["MID":MID, "source":source, "ip":ip, "userid":userid, "branch":branch, "tipekons":tipekons, "marital":marital, "penjamin":penjamin, ... ])): Send request successfully

2022-11-22 15:41:22 - [MESSAGE][INFO] - HAR: D:\DMS\Engine Scoring\Reports\20221122_153620\Exclude KKB - DS\Scoring Individu - Used\20221122_153620\requests\main\122.har

2022-11-22 15:41:22 - [MESSAGE][PASSED] - Send request successfully

2022-11-22 15:41:22 - [TEST_STEP][PASSED] - slurper = new groovy.json.JsonSlurper(): null

2022-11-22 15:41:22 - [TEST_STEP][PASSED] - result = slurper.parseText(req_data.getResponseBodyContent()): null

2022-11-22 15:41:22 - [TEST_STEP][PASSED] - reqid_kons = requestid1: null

2022-11-22 15:41:22 - [TEST_STEP][PASSED] - reqid_spouse = requestid2: null

2022-11-22 15:41:22 - [TEST_STEP][PASSED] - println("requestid kons : " + reqid_kons): null

2022-11-22 15:41:22 - [TEST_STEP][PASSED] - response_searchME_kons = reqid_kons: null

2022-11-22 15:41:22 - [TEST_STEP][PASSED] - response_searchME_spouse = reqid_spouse: null

2022-11-22 15:41:22 - [TEST_STEP][PASSED] - println("kons req id is :" + response_searchME_kons): null

2022-11-22 15:41:22 - [TEST_STEP][PASSED] - println("spouse req id is : " + response_searchME_spouse): null

2022-11-22 15:41:22 - [TEST_STEP][PASSED] - verifyResponseStatusCode(req_data, 200): Verify response status code successfully

2022-11-22 15:41:22 - [MESSAGE][PASSED] - Verify response status code successfully

2022-11-22 15:41:22 - [TEST_STEP][PASSED] - response = req_data.getResponseText(): null

2022-11-22 15:41:22 - [TEST_STEP][PASSED] - logInfo($response): {"status":"Done","data":{"requestid1":"241894","requestid2":""}}

2022-11-22 15:41:22 - [MESSAGE][INFO] - {"status":"Done","data":{"requestid1":"241894","requestid2":""}}

2022-11-22 15:41:22 - [TEST_STEP][PASSED] - delay(3): Delayed 3 second(s)

2022-11-22 15:41:25 - [MESSAGE][PASSED] - Delayed 3 second(s)

2022-11-22 15:41:25 - [TEST_STEP][PASSED] - scoring = sendRequest(findTestObject("EngineScore", ["response_searchME_kons":response_searchME_kons, "response_searchME_spouse":response_searchME_spouse])): Send request successfully

2022-11-22 15:41:25 - [MESSAGE][INFO] - HAR: D:\DMS\Engine Scoring\Reports\20221122_153620\Exclude KKB - DS\Scoring Individu - Used\20221122_153620\requests\main\123.har

2022-11-22 15:41:25 - [MESSAGE][PASSED] - Send request successfully

2022-11-22 15:41:25 - [TEST_STEP][PASSED] - verifyResponseStatusCode(scoring, 200): Verify response status code successfully

2022-11-22 15:41:25 - [MESSAGE][PASSED] - Verify response status code successfully

2022-11-22 15:41:25 - [TEST_STEP][PASSED] - response2 = scoring.getResponseText(): null

2022-11-22 15:41:25 - [TEST_STEP][PASSED] - markPassed("result service data ke : " + no): result service data ke : 62

2022-11-22 15:41:25 - [MESSAGE][PASSED] - result service data ke : 62

2022-11-22 15:41:25 - [TEST_STEP][PASSED] - logInfo($response2): {"result_konsumen":"Approve","result_pasangan":"","Final_result":"Approve","errorMessage":"","status":"Done"}

2022-11-22 15:41:25 - [MESSAGE][INFO] - {"result_konsumen":"Approve","result_pasangan":"","Final_result":"Approve","errorMessage":"","status":"Done"}

2022-11-22 15:41:25 - [TEST_STEP][PASSED] - verifyElementPropertyValue(scoring, "Final_result", final_result): Verify element property value successfully

2022-11-22 15:41:25 - [MESSAGE][PASSED] - Verify element property value successfully]]></system-out>
         <system-err><![CDATA[]]></system-err>
      </testcase>
      <testcase name="Test Cases/Engine_Scoring/Engine Scoring" time="4.762" classname="Test Cases/Engine_Scoring/Engine Scoring" status="PASSED">
         <system-out><![CDATA[2022-11-22 15:41:25 - [TEST_CASE][PASSED] - Test Cases/Engine_Scoring/Engine Scoring: Test Cases/Engine_Scoring/Engine Scoring

2022-11-22 15:41:26 - [TEST_STEP][PASSED] - markPassed("Variasi data ke : " + no): Variasi data ke : 63

2022-11-22 15:41:26 - [MESSAGE][PASSED] - Variasi data ke : 63

2022-11-22 15:41:26 - [TEST_STEP][PASSED] - req_data = sendRequest(findTestObject("Search_ME", ["MID":MID, "source":source, "ip":ip, "userid":userid, "branch":branch, "tipekons":tipekons, "marital":marital, "penjamin":penjamin, ... ])): Send request successfully

2022-11-22 15:41:26 - [MESSAGE][INFO] - HAR: D:\DMS\Engine Scoring\Reports\20221122_153620\Exclude KKB - DS\Scoring Individu - Used\20221122_153620\requests\main\124.har

2022-11-22 15:41:26 - [MESSAGE][PASSED] - Send request successfully

2022-11-22 15:41:26 - [TEST_STEP][PASSED] - slurper = new groovy.json.JsonSlurper(): null

2022-11-22 15:41:26 - [TEST_STEP][PASSED] - result = slurper.parseText(req_data.getResponseBodyContent()): null

2022-11-22 15:41:26 - [TEST_STEP][PASSED] - reqid_kons = requestid1: null

2022-11-22 15:41:26 - [TEST_STEP][PASSED] - reqid_spouse = requestid2: null

2022-11-22 15:41:26 - [TEST_STEP][PASSED] - println("requestid kons : " + reqid_kons): null

2022-11-22 15:41:26 - [TEST_STEP][PASSED] - response_searchME_kons = reqid_kons: null

2022-11-22 15:41:26 - [TEST_STEP][PASSED] - response_searchME_spouse = reqid_spouse: null

2022-11-22 15:41:26 - [TEST_STEP][PASSED] - println("kons req id is :" + response_searchME_kons): null

2022-11-22 15:41:26 - [TEST_STEP][PASSED] - println("spouse req id is : " + response_searchME_spouse): null

2022-11-22 15:41:26 - [TEST_STEP][PASSED] - verifyResponseStatusCode(req_data, 200): Verify response status code successfully

2022-11-22 15:41:26 - [MESSAGE][PASSED] - Verify response status code successfully

2022-11-22 15:41:26 - [TEST_STEP][PASSED] - response = req_data.getResponseText(): null

2022-11-22 15:41:26 - [TEST_STEP][PASSED] - logInfo($response): {"status":"Done","data":{"requestid1":"241895","requestid2":""}}

2022-11-22 15:41:26 - [MESSAGE][INFO] - {"status":"Done","data":{"requestid1":"241895","requestid2":""}}

2022-11-22 15:41:26 - [TEST_STEP][PASSED] - delay(3): Delayed 3 second(s)

2022-11-22 15:41:29 - [MESSAGE][PASSED] - Delayed 3 second(s)

2022-11-22 15:41:29 - [TEST_STEP][PASSED] - scoring = sendRequest(findTestObject("EngineScore", ["response_searchME_kons":response_searchME_kons, "response_searchME_spouse":response_searchME_spouse])): Send request successfully

2022-11-22 15:41:29 - [MESSAGE][INFO] - HAR: D:\DMS\Engine Scoring\Reports\20221122_153620\Exclude KKB - DS\Scoring Individu - Used\20221122_153620\requests\main\125.har

2022-11-22 15:41:29 - [MESSAGE][PASSED] - Send request successfully

2022-11-22 15:41:29 - [TEST_STEP][PASSED] - verifyResponseStatusCode(scoring, 200): Verify response status code successfully

2022-11-22 15:41:29 - [MESSAGE][PASSED] - Verify response status code successfully

2022-11-22 15:41:29 - [TEST_STEP][PASSED] - response2 = scoring.getResponseText(): null

2022-11-22 15:41:29 - [TEST_STEP][PASSED] - markPassed("result service data ke : " + no): result service data ke : 63

2022-11-22 15:41:29 - [MESSAGE][PASSED] - result service data ke : 63

2022-11-22 15:41:29 - [TEST_STEP][PASSED] - logInfo($response2): {"result_konsumen":"Approve","result_pasangan":"","Final_result":"Approve","errorMessage":"","status":"Done"}

2022-11-22 15:41:29 - [MESSAGE][INFO] - {"result_konsumen":"Approve","result_pasangan":"","Final_result":"Approve","errorMessage":"","status":"Done"}

2022-11-22 15:41:29 - [TEST_STEP][PASSED] - verifyElementPropertyValue(scoring, "Final_result", final_result): Verify element property value successfully

2022-11-22 15:41:29 - [MESSAGE][PASSED] - Verify element property value successfully]]></system-out>
         <system-err><![CDATA[]]></system-err>
      </testcase>
      <testcase name="Test Cases/Engine_Scoring/Engine Scoring" time="4.812" classname="Test Cases/Engine_Scoring/Engine Scoring" status="PASSED">
         <system-out><![CDATA[2022-11-22 15:41:30 - [TEST_CASE][PASSED] - Test Cases/Engine_Scoring/Engine Scoring: Test Cases/Engine_Scoring/Engine Scoring

2022-11-22 15:41:30 - [TEST_STEP][PASSED] - markPassed("Variasi data ke : " + no): Variasi data ke : 64

2022-11-22 15:41:30 - [MESSAGE][PASSED] - Variasi data ke : 64

2022-11-22 15:41:30 - [TEST_STEP][PASSED] - req_data = sendRequest(findTestObject("Search_ME", ["MID":MID, "source":source, "ip":ip, "userid":userid, "branch":branch, "tipekons":tipekons, "marital":marital, "penjamin":penjamin, ... ])): Send request successfully

2022-11-22 15:41:31 - [MESSAGE][INFO] - HAR: D:\DMS\Engine Scoring\Reports\20221122_153620\Exclude KKB - DS\Scoring Individu - Used\20221122_153620\requests\main\126.har

2022-11-22 15:41:31 - [MESSAGE][PASSED] - Send request successfully

2022-11-22 15:41:31 - [TEST_STEP][PASSED] - slurper = new groovy.json.JsonSlurper(): null

2022-11-22 15:41:31 - [TEST_STEP][PASSED] - result = slurper.parseText(req_data.getResponseBodyContent()): null

2022-11-22 15:41:31 - [TEST_STEP][PASSED] - reqid_kons = requestid1: null

2022-11-22 15:41:31 - [TEST_STEP][PASSED] - reqid_spouse = requestid2: null

2022-11-22 15:41:31 - [TEST_STEP][PASSED] - println("requestid kons : " + reqid_kons): null

2022-11-22 15:41:31 - [TEST_STEP][PASSED] - response_searchME_kons = reqid_kons: null

2022-11-22 15:41:31 - [TEST_STEP][PASSED] - response_searchME_spouse = reqid_spouse: null

2022-11-22 15:41:31 - [TEST_STEP][PASSED] - println("kons req id is :" + response_searchME_kons): null

2022-11-22 15:41:31 - [TEST_STEP][PASSED] - println("spouse req id is : " + response_searchME_spouse): null

2022-11-22 15:41:31 - [TEST_STEP][PASSED] - verifyResponseStatusCode(req_data, 200): Verify response status code successfully

2022-11-22 15:41:31 - [MESSAGE][PASSED] - Verify response status code successfully

2022-11-22 15:41:31 - [TEST_STEP][PASSED] - response = req_data.getResponseText(): null

2022-11-22 15:41:31 - [TEST_STEP][PASSED] - logInfo($response): {"status":"Done","data":{"requestid1":"241896","requestid2":""}}

2022-11-22 15:41:31 - [MESSAGE][INFO] - {"status":"Done","data":{"requestid1":"241896","requestid2":""}}

2022-11-22 15:41:31 - [TEST_STEP][PASSED] - delay(3): Delayed 3 second(s)

2022-11-22 15:41:34 - [MESSAGE][PASSED] - Delayed 3 second(s)

2022-11-22 15:41:34 - [TEST_STEP][PASSED] - scoring = sendRequest(findTestObject("EngineScore", ["response_searchME_kons":response_searchME_kons, "response_searchME_spouse":response_searchME_spouse])): Send request successfully

2022-11-22 15:41:34 - [MESSAGE][INFO] - HAR: D:\DMS\Engine Scoring\Reports\20221122_153620\Exclude KKB - DS\Scoring Individu - Used\20221122_153620\requests\main\127.har

2022-11-22 15:41:34 - [MESSAGE][PASSED] - Send request successfully

2022-11-22 15:41:34 - [TEST_STEP][PASSED] - verifyResponseStatusCode(scoring, 200): Verify response status code successfully

2022-11-22 15:41:34 - [MESSAGE][PASSED] - Verify response status code successfully

2022-11-22 15:41:34 - [TEST_STEP][PASSED] - response2 = scoring.getResponseText(): null

2022-11-22 15:41:34 - [TEST_STEP][PASSED] - markPassed("result service data ke : " + no): result service data ke : 64

2022-11-22 15:41:34 - [MESSAGE][PASSED] - result service data ke : 64

2022-11-22 15:41:34 - [TEST_STEP][PASSED] - logInfo($response2): {"result_konsumen":"Approve","result_pasangan":"","Final_result":"Approve","errorMessage":"","status":"Done"}

2022-11-22 15:41:34 - [MESSAGE][INFO] - {"result_konsumen":"Approve","result_pasangan":"","Final_result":"Approve","errorMessage":"","status":"Done"}

2022-11-22 15:41:34 - [TEST_STEP][PASSED] - verifyElementPropertyValue(scoring, "Final_result", final_result): Verify element property value successfully

2022-11-22 15:41:34 - [MESSAGE][PASSED] - Verify element property value successfully]]></system-out>
         <system-err><![CDATA[]]></system-err>
      </testcase>
      <testcase name="Test Cases/Engine_Scoring/Engine Scoring" time="4.799" classname="Test Cases/Engine_Scoring/Engine Scoring" status="PASSED">
         <system-out><![CDATA[2022-11-22 15:41:34 - [TEST_CASE][PASSED] - Test Cases/Engine_Scoring/Engine Scoring: Test Cases/Engine_Scoring/Engine Scoring

2022-11-22 15:41:35 - [TEST_STEP][PASSED] - markPassed("Variasi data ke : " + no): Variasi data ke : 65

2022-11-22 15:41:35 - [MESSAGE][PASSED] - Variasi data ke : 65

2022-11-22 15:41:35 - [TEST_STEP][PASSED] - req_data = sendRequest(findTestObject("Search_ME", ["MID":MID, "source":source, "ip":ip, "userid":userid, "branch":branch, "tipekons":tipekons, "marital":marital, "penjamin":penjamin, ... ])): Send request successfully

2022-11-22 15:41:36 - [MESSAGE][INFO] - HAR: D:\DMS\Engine Scoring\Reports\20221122_153620\Exclude KKB - DS\Scoring Individu - Used\20221122_153620\requests\main\128.har

2022-11-22 15:41:36 - [MESSAGE][PASSED] - Send request successfully

2022-11-22 15:41:36 - [TEST_STEP][PASSED] - slurper = new groovy.json.JsonSlurper(): null

2022-11-22 15:41:36 - [TEST_STEP][PASSED] - result = slurper.parseText(req_data.getResponseBodyContent()): null

2022-11-22 15:41:36 - [TEST_STEP][PASSED] - reqid_kons = requestid1: null

2022-11-22 15:41:36 - [TEST_STEP][PASSED] - reqid_spouse = requestid2: null

2022-11-22 15:41:36 - [TEST_STEP][PASSED] - println("requestid kons : " + reqid_kons): null

2022-11-22 15:41:36 - [TEST_STEP][PASSED] - response_searchME_kons = reqid_kons: null

2022-11-22 15:41:36 - [TEST_STEP][PASSED] - response_searchME_spouse = reqid_spouse: null

2022-11-22 15:41:36 - [TEST_STEP][PASSED] - println("kons req id is :" + response_searchME_kons): null

2022-11-22 15:41:36 - [TEST_STEP][PASSED] - println("spouse req id is : " + response_searchME_spouse): null

2022-11-22 15:41:36 - [TEST_STEP][PASSED] - verifyResponseStatusCode(req_data, 200): Verify response status code successfully

2022-11-22 15:41:36 - [MESSAGE][PASSED] - Verify response status code successfully

2022-11-22 15:41:36 - [TEST_STEP][PASSED] - response = req_data.getResponseText(): null

2022-11-22 15:41:36 - [TEST_STEP][PASSED] - logInfo($response): {"status":"Done","data":{"requestid1":"241897","requestid2":""}}

2022-11-22 15:41:36 - [MESSAGE][INFO] - {"status":"Done","data":{"requestid1":"241897","requestid2":""}}

2022-11-22 15:41:36 - [TEST_STEP][PASSED] - delay(3): Delayed 3 second(s)

2022-11-22 15:41:39 - [MESSAGE][PASSED] - Delayed 3 second(s)

2022-11-22 15:41:39 - [TEST_STEP][PASSED] - scoring = sendRequest(findTestObject("EngineScore", ["response_searchME_kons":response_searchME_kons, "response_searchME_spouse":response_searchME_spouse])): Send request successfully

2022-11-22 15:41:39 - [MESSAGE][INFO] - HAR: D:\DMS\Engine Scoring\Reports\20221122_153620\Exclude KKB - DS\Scoring Individu - Used\20221122_153620\requests\main\129.har

2022-11-22 15:41:39 - [MESSAGE][PASSED] - Send request successfully

2022-11-22 15:41:39 - [TEST_STEP][PASSED] - verifyResponseStatusCode(scoring, 200): Verify response status code successfully

2022-11-22 15:41:39 - [MESSAGE][PASSED] - Verify response status code successfully

2022-11-22 15:41:39 - [TEST_STEP][PASSED] - response2 = scoring.getResponseText(): null

2022-11-22 15:41:39 - [TEST_STEP][PASSED] - markPassed("result service data ke : " + no): result service data ke : 65

2022-11-22 15:41:39 - [MESSAGE][PASSED] - result service data ke : 65

2022-11-22 15:41:39 - [TEST_STEP][PASSED] - logInfo($response2): {"result_konsumen":"Approve","result_pasangan":"","Final_result":"Approve","errorMessage":"","status":"Done"}

2022-11-22 15:41:39 - [MESSAGE][INFO] - {"result_konsumen":"Approve","result_pasangan":"","Final_result":"Approve","errorMessage":"","status":"Done"}

2022-11-22 15:41:39 - [TEST_STEP][PASSED] - verifyElementPropertyValue(scoring, "Final_result", final_result): Verify element property value successfully

2022-11-22 15:41:39 - [MESSAGE][PASSED] - Verify element property value successfully]]></system-out>
         <system-err><![CDATA[]]></system-err>
      </testcase>
      <testcase name="Test Cases/Engine_Scoring/Engine Scoring" time="4.915" classname="Test Cases/Engine_Scoring/Engine Scoring" status="PASSED">
         <system-out><![CDATA[2022-11-22 15:41:39 - [TEST_CASE][PASSED] - Test Cases/Engine_Scoring/Engine Scoring: Test Cases/Engine_Scoring/Engine Scoring

2022-11-22 15:41:40 - [TEST_STEP][PASSED] - markPassed("Variasi data ke : " + no): Variasi data ke : 66

2022-11-22 15:41:40 - [MESSAGE][PASSED] - Variasi data ke : 66

2022-11-22 15:41:40 - [TEST_STEP][PASSED] - req_data = sendRequest(findTestObject("Search_ME", ["MID":MID, "source":source, "ip":ip, "userid":userid, "branch":branch, "tipekons":tipekons, "marital":marital, "penjamin":penjamin, ... ])): Send request successfully

2022-11-22 15:41:41 - [MESSAGE][INFO] - HAR: D:\DMS\Engine Scoring\Reports\20221122_153620\Exclude KKB - DS\Scoring Individu - Used\20221122_153620\requests\main\130.har

2022-11-22 15:41:41 - [MESSAGE][PASSED] - Send request successfully

2022-11-22 15:41:41 - [TEST_STEP][PASSED] - slurper = new groovy.json.JsonSlurper(): null

2022-11-22 15:41:41 - [TEST_STEP][PASSED] - result = slurper.parseText(req_data.getResponseBodyContent()): null

2022-11-22 15:41:41 - [TEST_STEP][PASSED] - reqid_kons = requestid1: null

2022-11-22 15:41:41 - [TEST_STEP][PASSED] - reqid_spouse = requestid2: null

2022-11-22 15:41:41 - [TEST_STEP][PASSED] - println("requestid kons : " + reqid_kons): null

2022-11-22 15:41:41 - [TEST_STEP][PASSED] - response_searchME_kons = reqid_kons: null

2022-11-22 15:41:41 - [TEST_STEP][PASSED] - response_searchME_spouse = reqid_spouse: null

2022-11-22 15:41:41 - [TEST_STEP][PASSED] - println("kons req id is :" + response_searchME_kons): null

2022-11-22 15:41:41 - [TEST_STEP][PASSED] - println("spouse req id is : " + response_searchME_spouse): null

2022-11-22 15:41:41 - [TEST_STEP][PASSED] - verifyResponseStatusCode(req_data, 200): Verify response status code successfully

2022-11-22 15:41:41 - [MESSAGE][PASSED] - Verify response status code successfully

2022-11-22 15:41:41 - [TEST_STEP][PASSED] - response = req_data.getResponseText(): null

2022-11-22 15:41:41 - [TEST_STEP][PASSED] - logInfo($response): {"status":"Done","data":{"requestid1":"241898","requestid2":""}}

2022-11-22 15:41:41 - [MESSAGE][INFO] - {"status":"Done","data":{"requestid1":"241898","requestid2":""}}

2022-11-22 15:41:41 - [TEST_STEP][PASSED] - delay(3): Delayed 3 second(s)

2022-11-22 15:41:44 - [MESSAGE][PASSED] - Delayed 3 second(s)

2022-11-22 15:41:44 - [TEST_STEP][PASSED] - scoring = sendRequest(findTestObject("EngineScore", ["response_searchME_kons":response_searchME_kons, "response_searchME_spouse":response_searchME_spouse])): Send request successfully

2022-11-22 15:41:44 - [MESSAGE][INFO] - HAR: D:\DMS\Engine Scoring\Reports\20221122_153620\Exclude KKB - DS\Scoring Individu - Used\20221122_153620\requests\main\131.har

2022-11-22 15:41:44 - [MESSAGE][PASSED] - Send request successfully

2022-11-22 15:41:44 - [TEST_STEP][PASSED] - verifyResponseStatusCode(scoring, 200): Verify response status code successfully

2022-11-22 15:41:44 - [MESSAGE][PASSED] - Verify response status code successfully

2022-11-22 15:41:44 - [TEST_STEP][PASSED] - response2 = scoring.getResponseText(): null

2022-11-22 15:41:44 - [TEST_STEP][PASSED] - markPassed("result service data ke : " + no): result service data ke : 66

2022-11-22 15:41:44 - [MESSAGE][PASSED] - result service data ke : 66

2022-11-22 15:41:44 - [TEST_STEP][PASSED] - logInfo($response2): {"result_konsumen":"Approve","result_pasangan":"","Final_result":"Approve","errorMessage":"","status":"Done"}

2022-11-22 15:41:44 - [MESSAGE][INFO] - {"result_konsumen":"Approve","result_pasangan":"","Final_result":"Approve","errorMessage":"","status":"Done"}

2022-11-22 15:41:44 - [TEST_STEP][PASSED] - verifyElementPropertyValue(scoring, "Final_result", final_result): Verify element property value successfully

2022-11-22 15:41:44 - [MESSAGE][PASSED] - Verify element property value successfully]]></system-out>
         <system-err><![CDATA[]]></system-err>
      </testcase>
      <testcase name="Test Cases/Engine_Scoring/Engine Scoring" time="4.858" classname="Test Cases/Engine_Scoring/Engine Scoring" status="PASSED">
         <system-out><![CDATA[2022-11-22 15:41:44 - [TEST_CASE][PASSED] - Test Cases/Engine_Scoring/Engine Scoring: Test Cases/Engine_Scoring/Engine Scoring

2022-11-22 15:41:45 - [TEST_STEP][PASSED] - markPassed("Variasi data ke : " + no): Variasi data ke : 67

2022-11-22 15:41:45 - [MESSAGE][PASSED] - Variasi data ke : 67

2022-11-22 15:41:45 - [TEST_STEP][PASSED] - req_data = sendRequest(findTestObject("Search_ME", ["MID":MID, "source":source, "ip":ip, "userid":userid, "branch":branch, "tipekons":tipekons, "marital":marital, "penjamin":penjamin, ... ])): Send request successfully

2022-11-22 15:41:46 - [MESSAGE][INFO] - HAR: D:\DMS\Engine Scoring\Reports\20221122_153620\Exclude KKB - DS\Scoring Individu - Used\20221122_153620\requests\main\132.har

2022-11-22 15:41:46 - [MESSAGE][PASSED] - Send request successfully

2022-11-22 15:41:46 - [TEST_STEP][PASSED] - slurper = new groovy.json.JsonSlurper(): null

2022-11-22 15:41:46 - [TEST_STEP][PASSED] - result = slurper.parseText(req_data.getResponseBodyContent()): null

2022-11-22 15:41:46 - [TEST_STEP][PASSED] - reqid_kons = requestid1: null

2022-11-22 15:41:46 - [TEST_STEP][PASSED] - reqid_spouse = requestid2: null

2022-11-22 15:41:46 - [TEST_STEP][PASSED] - println("requestid kons : " + reqid_kons): null

2022-11-22 15:41:46 - [TEST_STEP][PASSED] - response_searchME_kons = reqid_kons: null

2022-11-22 15:41:46 - [TEST_STEP][PASSED] - response_searchME_spouse = reqid_spouse: null

2022-11-22 15:41:46 - [TEST_STEP][PASSED] - println("kons req id is :" + response_searchME_kons): null

2022-11-22 15:41:46 - [TEST_STEP][PASSED] - println("spouse req id is : " + response_searchME_spouse): null

2022-11-22 15:41:46 - [TEST_STEP][PASSED] - verifyResponseStatusCode(req_data, 200): Verify response status code successfully

2022-11-22 15:41:46 - [MESSAGE][PASSED] - Verify response status code successfully

2022-11-22 15:41:46 - [TEST_STEP][PASSED] - response = req_data.getResponseText(): null

2022-11-22 15:41:46 - [TEST_STEP][PASSED] - logInfo($response): {"status":"Done","data":{"requestid1":"241899","requestid2":""}}

2022-11-22 15:41:46 - [MESSAGE][INFO] - {"status":"Done","data":{"requestid1":"241899","requestid2":""}}

2022-11-22 15:41:46 - [TEST_STEP][PASSED] - delay(3): Delayed 3 second(s)

2022-11-22 15:41:49 - [MESSAGE][PASSED] - Delayed 3 second(s)

2022-11-22 15:41:49 - [TEST_STEP][PASSED] - scoring = sendRequest(findTestObject("EngineScore", ["response_searchME_kons":response_searchME_kons, "response_searchME_spouse":response_searchME_spouse])): Send request successfully

2022-11-22 15:41:49 - [MESSAGE][INFO] - HAR: D:\DMS\Engine Scoring\Reports\20221122_153620\Exclude KKB - DS\Scoring Individu - Used\20221122_153620\requests\main\133.har

2022-11-22 15:41:49 - [MESSAGE][PASSED] - Send request successfully

2022-11-22 15:41:49 - [TEST_STEP][PASSED] - verifyResponseStatusCode(scoring, 200): Verify response status code successfully

2022-11-22 15:41:49 - [MESSAGE][PASSED] - Verify response status code successfully

2022-11-22 15:41:49 - [TEST_STEP][PASSED] - response2 = scoring.getResponseText(): null

2022-11-22 15:41:49 - [TEST_STEP][PASSED] - markPassed("result service data ke : " + no): result service data ke : 67

2022-11-22 15:41:49 - [MESSAGE][PASSED] - result service data ke : 67

2022-11-22 15:41:49 - [TEST_STEP][PASSED] - logInfo($response2): {"result_konsumen":"Approve","result_pasangan":"","Final_result":"Approve","errorMessage":"","status":"Done"}

2022-11-22 15:41:49 - [MESSAGE][INFO] - {"result_konsumen":"Approve","result_pasangan":"","Final_result":"Approve","errorMessage":"","status":"Done"}

2022-11-22 15:41:49 - [TEST_STEP][PASSED] - verifyElementPropertyValue(scoring, "Final_result", final_result): Verify element property value successfully

2022-11-22 15:41:49 - [MESSAGE][PASSED] - Verify element property value successfully]]></system-out>
         <system-err><![CDATA[]]></system-err>
      </testcase>
      <testcase name="Test Cases/Engine_Scoring/Engine Scoring" time="4.749" classname="Test Cases/Engine_Scoring/Engine Scoring" status="PASSED">
         <system-out><![CDATA[2022-11-22 15:41:49 - [TEST_CASE][PASSED] - Test Cases/Engine_Scoring/Engine Scoring: Test Cases/Engine_Scoring/Engine Scoring

2022-11-22 15:41:50 - [TEST_STEP][PASSED] - markPassed("Variasi data ke : " + no): Variasi data ke : 68

2022-11-22 15:41:50 - [MESSAGE][PASSED] - Variasi data ke : 68

2022-11-22 15:41:50 - [TEST_STEP][PASSED] - req_data = sendRequest(findTestObject("Search_ME", ["MID":MID, "source":source, "ip":ip, "userid":userid, "branch":branch, "tipekons":tipekons, "marital":marital, "penjamin":penjamin, ... ])): Send request successfully

2022-11-22 15:41:51 - [MESSAGE][INFO] - HAR: D:\DMS\Engine Scoring\Reports\20221122_153620\Exclude KKB - DS\Scoring Individu - Used\20221122_153620\requests\main\134.har

2022-11-22 15:41:51 - [MESSAGE][PASSED] - Send request successfully

2022-11-22 15:41:51 - [TEST_STEP][PASSED] - slurper = new groovy.json.JsonSlurper(): null

2022-11-22 15:41:51 - [TEST_STEP][PASSED] - result = slurper.parseText(req_data.getResponseBodyContent()): null

2022-11-22 15:41:51 - [TEST_STEP][PASSED] - reqid_kons = requestid1: null

2022-11-22 15:41:51 - [TEST_STEP][PASSED] - reqid_spouse = requestid2: null

2022-11-22 15:41:51 - [TEST_STEP][PASSED] - println("requestid kons : " + reqid_kons): null

2022-11-22 15:41:51 - [TEST_STEP][PASSED] - response_searchME_kons = reqid_kons: null

2022-11-22 15:41:51 - [TEST_STEP][PASSED] - response_searchME_spouse = reqid_spouse: null

2022-11-22 15:41:51 - [TEST_STEP][PASSED] - println("kons req id is :" + response_searchME_kons): null

2022-11-22 15:41:51 - [TEST_STEP][PASSED] - println("spouse req id is : " + response_searchME_spouse): null

2022-11-22 15:41:51 - [TEST_STEP][PASSED] - verifyResponseStatusCode(req_data, 200): Verify response status code successfully

2022-11-22 15:41:51 - [MESSAGE][PASSED] - Verify response status code successfully

2022-11-22 15:41:51 - [TEST_STEP][PASSED] - response = req_data.getResponseText(): null

2022-11-22 15:41:51 - [TEST_STEP][PASSED] - logInfo($response): {"status":"Done","data":{"requestid1":"241900","requestid2":""}}

2022-11-22 15:41:51 - [MESSAGE][INFO] - {"status":"Done","data":{"requestid1":"241900","requestid2":""}}

2022-11-22 15:41:51 - [TEST_STEP][PASSED] - delay(3): Delayed 3 second(s)

2022-11-22 15:41:54 - [MESSAGE][PASSED] - Delayed 3 second(s)

2022-11-22 15:41:54 - [TEST_STEP][PASSED] - scoring = sendRequest(findTestObject("EngineScore", ["response_searchME_kons":response_searchME_kons, "response_searchME_spouse":response_searchME_spouse])): Send request successfully

2022-11-22 15:41:54 - [MESSAGE][INFO] - HAR: D:\DMS\Engine Scoring\Reports\20221122_153620\Exclude KKB - DS\Scoring Individu - Used\20221122_153620\requests\main\135.har

2022-11-22 15:41:54 - [MESSAGE][PASSED] - Send request successfully

2022-11-22 15:41:54 - [TEST_STEP][PASSED] - verifyResponseStatusCode(scoring, 200): Verify response status code successfully

2022-11-22 15:41:54 - [MESSAGE][PASSED] - Verify response status code successfully

2022-11-22 15:41:54 - [TEST_STEP][PASSED] - response2 = scoring.getResponseText(): null

2022-11-22 15:41:54 - [TEST_STEP][PASSED] - markPassed("result service data ke : " + no): result service data ke : 68

2022-11-22 15:41:54 - [MESSAGE][PASSED] - result service data ke : 68

2022-11-22 15:41:54 - [TEST_STEP][PASSED] - logInfo($response2): {"result_konsumen":"Approve","result_pasangan":"","Final_result":"Approve","errorMessage":"","status":"Done"}

2022-11-22 15:41:54 - [MESSAGE][INFO] - {"result_konsumen":"Approve","result_pasangan":"","Final_result":"Approve","errorMessage":"","status":"Done"}

2022-11-22 15:41:54 - [TEST_STEP][PASSED] - verifyElementPropertyValue(scoring, "Final_result", final_result): Verify element property value successfully

2022-11-22 15:41:54 - [MESSAGE][PASSED] - Verify element property value successfully]]></system-out>
         <system-err><![CDATA[]]></system-err>
      </testcase>
      <testcase name="Test Cases/Engine_Scoring/Engine Scoring" time="4.719" classname="Test Cases/Engine_Scoring/Engine Scoring" status="PASSED">
         <system-out><![CDATA[2022-11-22 15:41:54 - [TEST_CASE][PASSED] - Test Cases/Engine_Scoring/Engine Scoring: Test Cases/Engine_Scoring/Engine Scoring

2022-11-22 15:41:55 - [TEST_STEP][PASSED] - markPassed("Variasi data ke : " + no): Variasi data ke : 69

2022-11-22 15:41:55 - [MESSAGE][PASSED] - Variasi data ke : 69

2022-11-22 15:41:55 - [TEST_STEP][PASSED] - req_data = sendRequest(findTestObject("Search_ME", ["MID":MID, "source":source, "ip":ip, "userid":userid, "branch":branch, "tipekons":tipekons, "marital":marital, "penjamin":penjamin, ... ])): Send request successfully

2022-11-22 15:41:55 - [MESSAGE][INFO] - HAR: D:\DMS\Engine Scoring\Reports\20221122_153620\Exclude KKB - DS\Scoring Individu - Used\20221122_153620\requests\main\136.har

2022-11-22 15:41:55 - [MESSAGE][PASSED] - Send request successfully

2022-11-22 15:41:55 - [TEST_STEP][PASSED] - slurper = new groovy.json.JsonSlurper(): null

2022-11-22 15:41:55 - [TEST_STEP][PASSED] - result = slurper.parseText(req_data.getResponseBodyContent()): null

2022-11-22 15:41:55 - [TEST_STEP][PASSED] - reqid_kons = requestid1: null

2022-11-22 15:41:55 - [TEST_STEP][PASSED] - reqid_spouse = requestid2: null

2022-11-22 15:41:55 - [TEST_STEP][PASSED] - println("requestid kons : " + reqid_kons): null

2022-11-22 15:41:55 - [TEST_STEP][PASSED] - response_searchME_kons = reqid_kons: null

2022-11-22 15:41:55 - [TEST_STEP][PASSED] - response_searchME_spouse = reqid_spouse: null

2022-11-22 15:41:55 - [TEST_STEP][PASSED] - println("kons req id is :" + response_searchME_kons): null

2022-11-22 15:41:55 - [TEST_STEP][PASSED] - println("spouse req id is : " + response_searchME_spouse): null

2022-11-22 15:41:55 - [TEST_STEP][PASSED] - verifyResponseStatusCode(req_data, 200): Verify response status code successfully

2022-11-22 15:41:55 - [MESSAGE][PASSED] - Verify response status code successfully

2022-11-22 15:41:55 - [TEST_STEP][PASSED] - response = req_data.getResponseText(): null

2022-11-22 15:41:55 - [TEST_STEP][PASSED] - logInfo($response): {"status":"Done","data":{"requestid1":"241901","requestid2":""}}

2022-11-22 15:41:55 - [MESSAGE][INFO] - {"status":"Done","data":{"requestid1":"241901","requestid2":""}}

2022-11-22 15:41:55 - [TEST_STEP][PASSED] - delay(3): Delayed 3 second(s)

2022-11-22 15:41:58 - [MESSAGE][PASSED] - Delayed 3 second(s)

2022-11-22 15:41:58 - [TEST_STEP][PASSED] - scoring = sendRequest(findTestObject("EngineScore", ["response_searchME_kons":response_searchME_kons, "response_searchME_spouse":response_searchME_spouse])): Send request successfully

2022-11-22 15:41:59 - [MESSAGE][INFO] - HAR: D:\DMS\Engine Scoring\Reports\20221122_153620\Exclude KKB - DS\Scoring Individu - Used\20221122_153620\requests\main\137.har

2022-11-22 15:41:59 - [MESSAGE][PASSED] - Send request successfully

2022-11-22 15:41:59 - [TEST_STEP][PASSED] - verifyResponseStatusCode(scoring, 200): Verify response status code successfully

2022-11-22 15:41:59 - [MESSAGE][PASSED] - Verify response status code successfully

2022-11-22 15:41:59 - [TEST_STEP][PASSED] - response2 = scoring.getResponseText(): null

2022-11-22 15:41:59 - [TEST_STEP][PASSED] - markPassed("result service data ke : " + no): result service data ke : 69

2022-11-22 15:41:59 - [MESSAGE][PASSED] - result service data ke : 69

2022-11-22 15:41:59 - [TEST_STEP][PASSED] - logInfo($response2): {"result_konsumen":"Reject","result_pasangan":"","Final_result":"Reject","errorMessage":"","status":"Done"}

2022-11-22 15:41:59 - [MESSAGE][INFO] - {"result_konsumen":"Reject","result_pasangan":"","Final_result":"Reject","errorMessage":"","status":"Done"}

2022-11-22 15:41:59 - [TEST_STEP][PASSED] - verifyElementPropertyValue(scoring, "Final_result", final_result): Verify element property value successfully

2022-11-22 15:41:59 - [MESSAGE][PASSED] - Verify element property value successfully]]></system-out>
         <system-err><![CDATA[]]></system-err>
      </testcase>
      <testcase name="Test Cases/Engine_Scoring/Engine Scoring" time="4.829" classname="Test Cases/Engine_Scoring/Engine Scoring" status="PASSED">
         <system-out><![CDATA[2022-11-22 15:41:59 - [TEST_CASE][PASSED] - Test Cases/Engine_Scoring/Engine Scoring: Test Cases/Engine_Scoring/Engine Scoring

2022-11-22 15:41:59 - [TEST_STEP][PASSED] - markPassed("Variasi data ke : " + no): Variasi data ke : 70

2022-11-22 15:41:59 - [MESSAGE][PASSED] - Variasi data ke : 70

2022-11-22 15:41:59 - [TEST_STEP][PASSED] - req_data = sendRequest(findTestObject("Search_ME", ["MID":MID, "source":source, "ip":ip, "userid":userid, "branch":branch, "tipekons":tipekons, "marital":marital, "penjamin":penjamin, ... ])): Send request successfully

2022-11-22 15:42:00 - [MESSAGE][INFO] - HAR: D:\DMS\Engine Scoring\Reports\20221122_153620\Exclude KKB - DS\Scoring Individu - Used\20221122_153620\requests\main\138.har

2022-11-22 15:42:00 - [MESSAGE][PASSED] - Send request successfully

2022-11-22 15:42:00 - [TEST_STEP][PASSED] - slurper = new groovy.json.JsonSlurper(): null

2022-11-22 15:42:00 - [TEST_STEP][PASSED] - result = slurper.parseText(req_data.getResponseBodyContent()): null

2022-11-22 15:42:00 - [TEST_STEP][PASSED] - reqid_kons = requestid1: null

2022-11-22 15:42:00 - [TEST_STEP][PASSED] - reqid_spouse = requestid2: null

2022-11-22 15:42:00 - [TEST_STEP][PASSED] - println("requestid kons : " + reqid_kons): null

2022-11-22 15:42:00 - [TEST_STEP][PASSED] - response_searchME_kons = reqid_kons: null

2022-11-22 15:42:00 - [TEST_STEP][PASSED] - response_searchME_spouse = reqid_spouse: null

2022-11-22 15:42:00 - [TEST_STEP][PASSED] - println("kons req id is :" + response_searchME_kons): null

2022-11-22 15:42:00 - [TEST_STEP][PASSED] - println("spouse req id is : " + response_searchME_spouse): null

2022-11-22 15:42:00 - [TEST_STEP][PASSED] - verifyResponseStatusCode(req_data, 200): Verify response status code successfully

2022-11-22 15:42:00 - [MESSAGE][PASSED] - Verify response status code successfully

2022-11-22 15:42:00 - [TEST_STEP][PASSED] - response = req_data.getResponseText(): null

2022-11-22 15:42:00 - [TEST_STEP][PASSED] - logInfo($response): {"status":"Done","data":{"requestid1":"241902","requestid2":""}}

2022-11-22 15:42:00 - [MESSAGE][INFO] - {"status":"Done","data":{"requestid1":"241902","requestid2":""}}

2022-11-22 15:42:00 - [TEST_STEP][PASSED] - delay(3): Delayed 3 second(s)

2022-11-22 15:42:03 - [MESSAGE][PASSED] - Delayed 3 second(s)

2022-11-22 15:42:03 - [TEST_STEP][PASSED] - scoring = sendRequest(findTestObject("EngineScore", ["response_searchME_kons":response_searchME_kons, "response_searchME_spouse":response_searchME_spouse])): Send request successfully

2022-11-22 15:42:03 - [MESSAGE][INFO] - HAR: D:\DMS\Engine Scoring\Reports\20221122_153620\Exclude KKB - DS\Scoring Individu - Used\20221122_153620\requests\main\139.har

2022-11-22 15:42:03 - [MESSAGE][PASSED] - Send request successfully

2022-11-22 15:42:03 - [TEST_STEP][PASSED] - verifyResponseStatusCode(scoring, 200): Verify response status code successfully

2022-11-22 15:42:03 - [MESSAGE][PASSED] - Verify response status code successfully

2022-11-22 15:42:03 - [TEST_STEP][PASSED] - response2 = scoring.getResponseText(): null

2022-11-22 15:42:03 - [TEST_STEP][PASSED] - markPassed("result service data ke : " + no): result service data ke : 70

2022-11-22 15:42:03 - [MESSAGE][PASSED] - result service data ke : 70

2022-11-22 15:42:03 - [TEST_STEP][PASSED] - logInfo($response2): {"result_konsumen":"Reject","result_pasangan":"","Final_result":"Reject","errorMessage":"","status":"Done"}

2022-11-22 15:42:03 - [MESSAGE][INFO] - {"result_konsumen":"Reject","result_pasangan":"","Final_result":"Reject","errorMessage":"","status":"Done"}

2022-11-22 15:42:03 - [TEST_STEP][PASSED] - verifyElementPropertyValue(scoring, "Final_result", final_result): Verify element property value successfully

2022-11-22 15:42:03 - [MESSAGE][PASSED] - Verify element property value successfully]]></system-out>
         <system-err><![CDATA[]]></system-err>
      </testcase>
      <testcase name="Test Cases/Engine_Scoring/Engine Scoring" time="4.846" classname="Test Cases/Engine_Scoring/Engine Scoring" status="PASSED">
         <system-out><![CDATA[2022-11-22 15:42:03 - [TEST_CASE][PASSED] - Test Cases/Engine_Scoring/Engine Scoring: Test Cases/Engine_Scoring/Engine Scoring

2022-11-22 15:42:04 - [TEST_STEP][PASSED] - markPassed("Variasi data ke : " + no): Variasi data ke : 71

2022-11-22 15:42:04 - [MESSAGE][PASSED] - Variasi data ke : 71

2022-11-22 15:42:04 - [TEST_STEP][PASSED] - req_data = sendRequest(findTestObject("Search_ME", ["MID":MID, "source":source, "ip":ip, "userid":userid, "branch":branch, "tipekons":tipekons, "marital":marital, "penjamin":penjamin, ... ])): Send request successfully

2022-11-22 15:42:05 - [MESSAGE][INFO] - HAR: D:\DMS\Engine Scoring\Reports\20221122_153620\Exclude KKB - DS\Scoring Individu - Used\20221122_153620\requests\main\140.har

2022-11-22 15:42:05 - [MESSAGE][PASSED] - Send request successfully

2022-11-22 15:42:05 - [TEST_STEP][PASSED] - slurper = new groovy.json.JsonSlurper(): null

2022-11-22 15:42:05 - [TEST_STEP][PASSED] - result = slurper.parseText(req_data.getResponseBodyContent()): null

2022-11-22 15:42:05 - [TEST_STEP][PASSED] - reqid_kons = requestid1: null

2022-11-22 15:42:05 - [TEST_STEP][PASSED] - reqid_spouse = requestid2: null

2022-11-22 15:42:05 - [TEST_STEP][PASSED] - println("requestid kons : " + reqid_kons): null

2022-11-22 15:42:05 - [TEST_STEP][PASSED] - response_searchME_kons = reqid_kons: null

2022-11-22 15:42:05 - [TEST_STEP][PASSED] - response_searchME_spouse = reqid_spouse: null

2022-11-22 15:42:05 - [TEST_STEP][PASSED] - println("kons req id is :" + response_searchME_kons): null

2022-11-22 15:42:05 - [TEST_STEP][PASSED] - println("spouse req id is : " + response_searchME_spouse): null

2022-11-22 15:42:05 - [TEST_STEP][PASSED] - verifyResponseStatusCode(req_data, 200): Verify response status code successfully

2022-11-22 15:42:05 - [MESSAGE][PASSED] - Verify response status code successfully

2022-11-22 15:42:05 - [TEST_STEP][PASSED] - response = req_data.getResponseText(): null

2022-11-22 15:42:05 - [TEST_STEP][PASSED] - logInfo($response): {"status":"Done","data":{"requestid1":"241903","requestid2":""}}

2022-11-22 15:42:05 - [MESSAGE][INFO] - {"status":"Done","data":{"requestid1":"241903","requestid2":""}}

2022-11-22 15:42:05 - [TEST_STEP][PASSED] - delay(3): Delayed 3 second(s)

2022-11-22 15:42:08 - [MESSAGE][PASSED] - Delayed 3 second(s)

2022-11-22 15:42:08 - [TEST_STEP][PASSED] - scoring = sendRequest(findTestObject("EngineScore", ["response_searchME_kons":response_searchME_kons, "response_searchME_spouse":response_searchME_spouse])): Send request successfully

2022-11-22 15:42:08 - [MESSAGE][INFO] - HAR: D:\DMS\Engine Scoring\Reports\20221122_153620\Exclude KKB - DS\Scoring Individu - Used\20221122_153620\requests\main\141.har

2022-11-22 15:42:08 - [MESSAGE][PASSED] - Send request successfully

2022-11-22 15:42:08 - [TEST_STEP][PASSED] - verifyResponseStatusCode(scoring, 200): Verify response status code successfully

2022-11-22 15:42:08 - [MESSAGE][PASSED] - Verify response status code successfully

2022-11-22 15:42:08 - [TEST_STEP][PASSED] - response2 = scoring.getResponseText(): null

2022-11-22 15:42:08 - [TEST_STEP][PASSED] - markPassed("result service data ke : " + no): result service data ke : 71

2022-11-22 15:42:08 - [MESSAGE][PASSED] - result service data ke : 71

2022-11-22 15:42:08 - [TEST_STEP][PASSED] - logInfo($response2): {"result_konsumen":"Reject","result_pasangan":"","Final_result":"Reject","errorMessage":"","status":"Done"}

2022-11-22 15:42:08 - [MESSAGE][INFO] - {"result_konsumen":"Reject","result_pasangan":"","Final_result":"Reject","errorMessage":"","status":"Done"}

2022-11-22 15:42:08 - [TEST_STEP][PASSED] - verifyElementPropertyValue(scoring, "Final_result", final_result): Verify element property value successfully

2022-11-22 15:42:08 - [MESSAGE][PASSED] - Verify element property value successfully]]></system-out>
         <system-err><![CDATA[]]></system-err>
      </testcase>
      <testcase name="Test Cases/Engine_Scoring/Engine Scoring" time="4.88" classname="Test Cases/Engine_Scoring/Engine Scoring" status="PASSED">
         <system-out><![CDATA[2022-11-22 15:42:08 - [TEST_CASE][PASSED] - Test Cases/Engine_Scoring/Engine Scoring: Test Cases/Engine_Scoring/Engine Scoring

2022-11-22 15:42:09 - [TEST_STEP][PASSED] - markPassed("Variasi data ke : " + no): Variasi data ke : 72

2022-11-22 15:42:09 - [MESSAGE][PASSED] - Variasi data ke : 72

2022-11-22 15:42:09 - [TEST_STEP][PASSED] - req_data = sendRequest(findTestObject("Search_ME", ["MID":MID, "source":source, "ip":ip, "userid":userid, "branch":branch, "tipekons":tipekons, "marital":marital, "penjamin":penjamin, ... ])): Send request successfully

2022-11-22 15:42:10 - [MESSAGE][INFO] - HAR: D:\DMS\Engine Scoring\Reports\20221122_153620\Exclude KKB - DS\Scoring Individu - Used\20221122_153620\requests\main\142.har

2022-11-22 15:42:10 - [MESSAGE][PASSED] - Send request successfully

2022-11-22 15:42:10 - [TEST_STEP][PASSED] - slurper = new groovy.json.JsonSlurper(): null

2022-11-22 15:42:10 - [TEST_STEP][PASSED] - result = slurper.parseText(req_data.getResponseBodyContent()): null

2022-11-22 15:42:10 - [TEST_STEP][PASSED] - reqid_kons = requestid1: null

2022-11-22 15:42:10 - [TEST_STEP][PASSED] - reqid_spouse = requestid2: null

2022-11-22 15:42:10 - [TEST_STEP][PASSED] - println("requestid kons : " + reqid_kons): null

2022-11-22 15:42:10 - [TEST_STEP][PASSED] - response_searchME_kons = reqid_kons: null

2022-11-22 15:42:10 - [TEST_STEP][PASSED] - response_searchME_spouse = reqid_spouse: null

2022-11-22 15:42:10 - [TEST_STEP][PASSED] - println("kons req id is :" + response_searchME_kons): null

2022-11-22 15:42:10 - [TEST_STEP][PASSED] - println("spouse req id is : " + response_searchME_spouse): null

2022-11-22 15:42:10 - [TEST_STEP][PASSED] - verifyResponseStatusCode(req_data, 200): Verify response status code successfully

2022-11-22 15:42:10 - [MESSAGE][PASSED] - Verify response status code successfully

2022-11-22 15:42:10 - [TEST_STEP][PASSED] - response = req_data.getResponseText(): null

2022-11-22 15:42:10 - [TEST_STEP][PASSED] - logInfo($response): {"status":"Done","data":{"requestid1":"241904","requestid2":""}}

2022-11-22 15:42:10 - [MESSAGE][INFO] - {"status":"Done","data":{"requestid1":"241904","requestid2":""}}

2022-11-22 15:42:10 - [TEST_STEP][PASSED] - delay(3): Delayed 3 second(s)

2022-11-22 15:42:13 - [MESSAGE][PASSED] - Delayed 3 second(s)

2022-11-22 15:42:13 - [TEST_STEP][PASSED] - scoring = sendRequest(findTestObject("EngineScore", ["response_searchME_kons":response_searchME_kons, "response_searchME_spouse":response_searchME_spouse])): Send request successfully

2022-11-22 15:42:13 - [MESSAGE][INFO] - HAR: D:\DMS\Engine Scoring\Reports\20221122_153620\Exclude KKB - DS\Scoring Individu - Used\20221122_153620\requests\main\143.har

2022-11-22 15:42:13 - [MESSAGE][PASSED] - Send request successfully

2022-11-22 15:42:13 - [TEST_STEP][PASSED] - verifyResponseStatusCode(scoring, 200): Verify response status code successfully

2022-11-22 15:42:13 - [MESSAGE][PASSED] - Verify response status code successfully

2022-11-22 15:42:13 - [TEST_STEP][PASSED] - response2 = scoring.getResponseText(): null

2022-11-22 15:42:13 - [TEST_STEP][PASSED] - markPassed("result service data ke : " + no): result service data ke : 72

2022-11-22 15:42:13 - [MESSAGE][PASSED] - result service data ke : 72

2022-11-22 15:42:13 - [TEST_STEP][PASSED] - logInfo($response2): {"result_konsumen":"Reject","result_pasangan":"","Final_result":"Reject","errorMessage":"","status":"Done"}

2022-11-22 15:42:13 - [MESSAGE][INFO] - {"result_konsumen":"Reject","result_pasangan":"","Final_result":"Reject","errorMessage":"","status":"Done"}

2022-11-22 15:42:13 - [TEST_STEP][PASSED] - verifyElementPropertyValue(scoring, "Final_result", final_result): Verify element property value successfully

2022-11-22 15:42:13 - [MESSAGE][PASSED] - Verify element property value successfully]]></system-out>
         <system-err><![CDATA[]]></system-err>
      </testcase>
      <testcase name="Test Cases/Engine_Scoring/Engine Scoring" time="4.855" classname="Test Cases/Engine_Scoring/Engine Scoring" status="PASSED">
         <system-out><![CDATA[2022-11-22 15:42:13 - [TEST_CASE][PASSED] - Test Cases/Engine_Scoring/Engine Scoring: Test Cases/Engine_Scoring/Engine Scoring

2022-11-22 15:42:14 - [TEST_STEP][PASSED] - markPassed("Variasi data ke : " + no): Variasi data ke : 73

2022-11-22 15:42:14 - [MESSAGE][PASSED] - Variasi data ke : 73

2022-11-22 15:42:14 - [TEST_STEP][PASSED] - req_data = sendRequest(findTestObject("Search_ME", ["MID":MID, "source":source, "ip":ip, "userid":userid, "branch":branch, "tipekons":tipekons, "marital":marital, "penjamin":penjamin, ... ])): Send request successfully

2022-11-22 15:42:15 - [MESSAGE][INFO] - HAR: D:\DMS\Engine Scoring\Reports\20221122_153620\Exclude KKB - DS\Scoring Individu - Used\20221122_153620\requests\main\144.har

2022-11-22 15:42:15 - [MESSAGE][PASSED] - Send request successfully

2022-11-22 15:42:15 - [TEST_STEP][PASSED] - slurper = new groovy.json.JsonSlurper(): null

2022-11-22 15:42:15 - [TEST_STEP][PASSED] - result = slurper.parseText(req_data.getResponseBodyContent()): null

2022-11-22 15:42:15 - [TEST_STEP][PASSED] - reqid_kons = requestid1: null

2022-11-22 15:42:15 - [TEST_STEP][PASSED] - reqid_spouse = requestid2: null

2022-11-22 15:42:15 - [TEST_STEP][PASSED] - println("requestid kons : " + reqid_kons): null

2022-11-22 15:42:15 - [TEST_STEP][PASSED] - response_searchME_kons = reqid_kons: null

2022-11-22 15:42:15 - [TEST_STEP][PASSED] - response_searchME_spouse = reqid_spouse: null

2022-11-22 15:42:15 - [TEST_STEP][PASSED] - println("kons req id is :" + response_searchME_kons): null

2022-11-22 15:42:15 - [TEST_STEP][PASSED] - println("spouse req id is : " + response_searchME_spouse): null

2022-11-22 15:42:15 - [TEST_STEP][PASSED] - verifyResponseStatusCode(req_data, 200): Verify response status code successfully

2022-11-22 15:42:15 - [MESSAGE][PASSED] - Verify response status code successfully

2022-11-22 15:42:15 - [TEST_STEP][PASSED] - response = req_data.getResponseText(): null

2022-11-22 15:42:15 - [TEST_STEP][PASSED] - logInfo($response): {"status":"Done","data":{"requestid1":"241905","requestid2":""}}

2022-11-22 15:42:15 - [MESSAGE][INFO] - {"status":"Done","data":{"requestid1":"241905","requestid2":""}}

2022-11-22 15:42:15 - [TEST_STEP][PASSED] - delay(3): Delayed 3 second(s)

2022-11-22 15:42:18 - [MESSAGE][PASSED] - Delayed 3 second(s)

2022-11-22 15:42:18 - [TEST_STEP][PASSED] - scoring = sendRequest(findTestObject("EngineScore", ["response_searchME_kons":response_searchME_kons, "response_searchME_spouse":response_searchME_spouse])): Send request successfully

2022-11-22 15:42:18 - [MESSAGE][INFO] - HAR: D:\DMS\Engine Scoring\Reports\20221122_153620\Exclude KKB - DS\Scoring Individu - Used\20221122_153620\requests\main\145.har

2022-11-22 15:42:18 - [MESSAGE][PASSED] - Send request successfully

2022-11-22 15:42:18 - [TEST_STEP][PASSED] - verifyResponseStatusCode(scoring, 200): Verify response status code successfully

2022-11-22 15:42:18 - [MESSAGE][PASSED] - Verify response status code successfully

2022-11-22 15:42:18 - [TEST_STEP][PASSED] - response2 = scoring.getResponseText(): null

2022-11-22 15:42:18 - [TEST_STEP][PASSED] - markPassed("result service data ke : " + no): result service data ke : 73

2022-11-22 15:42:18 - [MESSAGE][PASSED] - result service data ke : 73

2022-11-22 15:42:18 - [TEST_STEP][PASSED] - logInfo($response2): {"result_konsumen":"Approve","result_pasangan":"","Final_result":"Approve","errorMessage":"","status":"Done"}

2022-11-22 15:42:18 - [MESSAGE][INFO] - {"result_konsumen":"Approve","result_pasangan":"","Final_result":"Approve","errorMessage":"","status":"Done"}

2022-11-22 15:42:18 - [TEST_STEP][PASSED] - verifyElementPropertyValue(scoring, "Final_result", final_result): Verify element property value successfully

2022-11-22 15:42:18 - [MESSAGE][PASSED] - Verify element property value successfully]]></system-out>
         <system-err><![CDATA[]]></system-err>
      </testcase>
      <testcase name="Test Cases/Engine_Scoring/Engine Scoring" time="4.853" classname="Test Cases/Engine_Scoring/Engine Scoring" status="PASSED">
         <system-out><![CDATA[2022-11-22 15:42:18 - [TEST_CASE][PASSED] - Test Cases/Engine_Scoring/Engine Scoring: Test Cases/Engine_Scoring/Engine Scoring

2022-11-22 15:42:19 - [TEST_STEP][PASSED] - markPassed("Variasi data ke : " + no): Variasi data ke : 74

2022-11-22 15:42:19 - [MESSAGE][PASSED] - Variasi data ke : 74

2022-11-22 15:42:19 - [TEST_STEP][PASSED] - req_data = sendRequest(findTestObject("Search_ME", ["MID":MID, "source":source, "ip":ip, "userid":userid, "branch":branch, "tipekons":tipekons, "marital":marital, "penjamin":penjamin, ... ])): Send request successfully

2022-11-22 15:42:20 - [MESSAGE][INFO] - HAR: D:\DMS\Engine Scoring\Reports\20221122_153620\Exclude KKB - DS\Scoring Individu - Used\20221122_153620\requests\main\146.har

2022-11-22 15:42:20 - [MESSAGE][PASSED] - Send request successfully

2022-11-22 15:42:20 - [TEST_STEP][PASSED] - slurper = new groovy.json.JsonSlurper(): null

2022-11-22 15:42:20 - [TEST_STEP][PASSED] - result = slurper.parseText(req_data.getResponseBodyContent()): null

2022-11-22 15:42:20 - [TEST_STEP][PASSED] - reqid_kons = requestid1: null

2022-11-22 15:42:20 - [TEST_STEP][PASSED] - reqid_spouse = requestid2: null

2022-11-22 15:42:20 - [TEST_STEP][PASSED] - println("requestid kons : " + reqid_kons): null

2022-11-22 15:42:20 - [TEST_STEP][PASSED] - response_searchME_kons = reqid_kons: null

2022-11-22 15:42:20 - [TEST_STEP][PASSED] - response_searchME_spouse = reqid_spouse: null

2022-11-22 15:42:20 - [TEST_STEP][PASSED] - println("kons req id is :" + response_searchME_kons): null

2022-11-22 15:42:20 - [TEST_STEP][PASSED] - println("spouse req id is : " + response_searchME_spouse): null

2022-11-22 15:42:20 - [TEST_STEP][PASSED] - verifyResponseStatusCode(req_data, 200): Verify response status code successfully

2022-11-22 15:42:20 - [MESSAGE][PASSED] - Verify response status code successfully

2022-11-22 15:42:20 - [TEST_STEP][PASSED] - response = req_data.getResponseText(): null

2022-11-22 15:42:20 - [TEST_STEP][PASSED] - logInfo($response): {"status":"Done","data":{"requestid1":"241906","requestid2":""}}

2022-11-22 15:42:20 - [MESSAGE][INFO] - {"status":"Done","data":{"requestid1":"241906","requestid2":""}}

2022-11-22 15:42:20 - [TEST_STEP][PASSED] - delay(3): Delayed 3 second(s)

2022-11-22 15:42:23 - [MESSAGE][PASSED] - Delayed 3 second(s)

2022-11-22 15:42:23 - [TEST_STEP][PASSED] - scoring = sendRequest(findTestObject("EngineScore", ["response_searchME_kons":response_searchME_kons, "response_searchME_spouse":response_searchME_spouse])): Send request successfully

2022-11-22 15:42:23 - [MESSAGE][INFO] - HAR: D:\DMS\Engine Scoring\Reports\20221122_153620\Exclude KKB - DS\Scoring Individu - Used\20221122_153620\requests\main\147.har

2022-11-22 15:42:23 - [MESSAGE][PASSED] - Send request successfully

2022-11-22 15:42:23 - [TEST_STEP][PASSED] - verifyResponseStatusCode(scoring, 200): Verify response status code successfully

2022-11-22 15:42:23 - [MESSAGE][PASSED] - Verify response status code successfully

2022-11-22 15:42:23 - [TEST_STEP][PASSED] - response2 = scoring.getResponseText(): null

2022-11-22 15:42:23 - [TEST_STEP][PASSED] - markPassed("result service data ke : " + no): result service data ke : 74

2022-11-22 15:42:23 - [MESSAGE][PASSED] - result service data ke : 74

2022-11-22 15:42:23 - [TEST_STEP][PASSED] - logInfo($response2): {"result_konsumen":"Approve","result_pasangan":"","Final_result":"Approve","errorMessage":"","status":"Done"}

2022-11-22 15:42:23 - [MESSAGE][INFO] - {"result_konsumen":"Approve","result_pasangan":"","Final_result":"Approve","errorMessage":"","status":"Done"}

2022-11-22 15:42:23 - [TEST_STEP][PASSED] - verifyElementPropertyValue(scoring, "Final_result", final_result): Verify element property value successfully

2022-11-22 15:42:23 - [MESSAGE][PASSED] - Verify element property value successfully]]></system-out>
         <system-err><![CDATA[]]></system-err>
      </testcase>
      <testcase name="Test Cases/Engine_Scoring/Engine Scoring" time="4.912" classname="Test Cases/Engine_Scoring/Engine Scoring" status="PASSED">
         <system-out><![CDATA[2022-11-22 15:42:23 - [TEST_CASE][PASSED] - Test Cases/Engine_Scoring/Engine Scoring: Test Cases/Engine_Scoring/Engine Scoring

2022-11-22 15:42:24 - [TEST_STEP][PASSED] - markPassed("Variasi data ke : " + no): Variasi data ke : 75

2022-11-22 15:42:24 - [MESSAGE][PASSED] - Variasi data ke : 75

2022-11-22 15:42:24 - [TEST_STEP][PASSED] - req_data = sendRequest(findTestObject("Search_ME", ["MID":MID, "source":source, "ip":ip, "userid":userid, "branch":branch, "tipekons":tipekons, "marital":marital, "penjamin":penjamin, ... ])): Send request successfully

2022-11-22 15:42:25 - [MESSAGE][INFO] - HAR: D:\DMS\Engine Scoring\Reports\20221122_153620\Exclude KKB - DS\Scoring Individu - Used\20221122_153620\requests\main\148.har

2022-11-22 15:42:25 - [MESSAGE][PASSED] - Send request successfully

2022-11-22 15:42:25 - [TEST_STEP][PASSED] - slurper = new groovy.json.JsonSlurper(): null

2022-11-22 15:42:25 - [TEST_STEP][PASSED] - result = slurper.parseText(req_data.getResponseBodyContent()): null

2022-11-22 15:42:25 - [TEST_STEP][PASSED] - reqid_kons = requestid1: null

2022-11-22 15:42:25 - [TEST_STEP][PASSED] - reqid_spouse = requestid2: null

2022-11-22 15:42:25 - [TEST_STEP][PASSED] - println("requestid kons : " + reqid_kons): null

2022-11-22 15:42:25 - [TEST_STEP][PASSED] - response_searchME_kons = reqid_kons: null

2022-11-22 15:42:25 - [TEST_STEP][PASSED] - response_searchME_spouse = reqid_spouse: null

2022-11-22 15:42:25 - [TEST_STEP][PASSED] - println("kons req id is :" + response_searchME_kons): null

2022-11-22 15:42:25 - [TEST_STEP][PASSED] - println("spouse req id is : " + response_searchME_spouse): null

2022-11-22 15:42:25 - [TEST_STEP][PASSED] - verifyResponseStatusCode(req_data, 200): Verify response status code successfully

2022-11-22 15:42:25 - [MESSAGE][PASSED] - Verify response status code successfully

2022-11-22 15:42:25 - [TEST_STEP][PASSED] - response = req_data.getResponseText(): null

2022-11-22 15:42:25 - [TEST_STEP][PASSED] - logInfo($response): {"status":"Done","data":{"requestid1":"241907","requestid2":""}}

2022-11-22 15:42:25 - [MESSAGE][INFO] - {"status":"Done","data":{"requestid1":"241907","requestid2":""}}

2022-11-22 15:42:25 - [TEST_STEP][PASSED] - delay(3): Delayed 3 second(s)

2022-11-22 15:42:28 - [MESSAGE][PASSED] - Delayed 3 second(s)

2022-11-22 15:42:28 - [TEST_STEP][PASSED] - scoring = sendRequest(findTestObject("EngineScore", ["response_searchME_kons":response_searchME_kons, "response_searchME_spouse":response_searchME_spouse])): Send request successfully

2022-11-22 15:42:28 - [MESSAGE][INFO] - HAR: D:\DMS\Engine Scoring\Reports\20221122_153620\Exclude KKB - DS\Scoring Individu - Used\20221122_153620\requests\main\149.har

2022-11-22 15:42:28 - [MESSAGE][PASSED] - Send request successfully

2022-11-22 15:42:28 - [TEST_STEP][PASSED] - verifyResponseStatusCode(scoring, 200): Verify response status code successfully

2022-11-22 15:42:28 - [MESSAGE][PASSED] - Verify response status code successfully

2022-11-22 15:42:28 - [TEST_STEP][PASSED] - response2 = scoring.getResponseText(): null

2022-11-22 15:42:28 - [TEST_STEP][PASSED] - markPassed("result service data ke : " + no): result service data ke : 75

2022-11-22 15:42:28 - [MESSAGE][PASSED] - result service data ke : 75

2022-11-22 15:42:28 - [TEST_STEP][PASSED] - logInfo($response2): {"result_konsumen":"Approve","result_pasangan":"","Final_result":"Approve","errorMessage":"","status":"Done"}

2022-11-22 15:42:28 - [MESSAGE][INFO] - {"result_konsumen":"Approve","result_pasangan":"","Final_result":"Approve","errorMessage":"","status":"Done"}

2022-11-22 15:42:28 - [TEST_STEP][PASSED] - verifyElementPropertyValue(scoring, "Final_result", final_result): Verify element property value successfully

2022-11-22 15:42:28 - [MESSAGE][PASSED] - Verify element property value successfully]]></system-out>
         <system-err><![CDATA[]]></system-err>
      </testcase>
      <testcase name="Test Cases/Engine_Scoring/Engine Scoring" time="5.051" classname="Test Cases/Engine_Scoring/Engine Scoring" status="PASSED">
         <system-out><![CDATA[2022-11-22 15:42:28 - [TEST_CASE][PASSED] - Test Cases/Engine_Scoring/Engine Scoring: Test Cases/Engine_Scoring/Engine Scoring

2022-11-22 15:42:29 - [TEST_STEP][PASSED] - markPassed("Variasi data ke : " + no): Variasi data ke : 76

2022-11-22 15:42:29 - [MESSAGE][PASSED] - Variasi data ke : 76

2022-11-22 15:42:29 - [TEST_STEP][PASSED] - req_data = sendRequest(findTestObject("Search_ME", ["MID":MID, "source":source, "ip":ip, "userid":userid, "branch":branch, "tipekons":tipekons, "marital":marital, "penjamin":penjamin, ... ])): Send request successfully

2022-11-22 15:42:30 - [MESSAGE][INFO] - HAR: D:\DMS\Engine Scoring\Reports\20221122_153620\Exclude KKB - DS\Scoring Individu - Used\20221122_153620\requests\main\150.har

2022-11-22 15:42:30 - [MESSAGE][PASSED] - Send request successfully

2022-11-22 15:42:30 - [TEST_STEP][PASSED] - slurper = new groovy.json.JsonSlurper(): null

2022-11-22 15:42:30 - [TEST_STEP][PASSED] - result = slurper.parseText(req_data.getResponseBodyContent()): null

2022-11-22 15:42:30 - [TEST_STEP][PASSED] - reqid_kons = requestid1: null

2022-11-22 15:42:30 - [TEST_STEP][PASSED] - reqid_spouse = requestid2: null

2022-11-22 15:42:30 - [TEST_STEP][PASSED] - println("requestid kons : " + reqid_kons): null

2022-11-22 15:42:30 - [TEST_STEP][PASSED] - response_searchME_kons = reqid_kons: null

2022-11-22 15:42:30 - [TEST_STEP][PASSED] - response_searchME_spouse = reqid_spouse: null

2022-11-22 15:42:30 - [TEST_STEP][PASSED] - println("kons req id is :" + response_searchME_kons): null

2022-11-22 15:42:30 - [TEST_STEP][PASSED] - println("spouse req id is : " + response_searchME_spouse): null

2022-11-22 15:42:30 - [TEST_STEP][PASSED] - verifyResponseStatusCode(req_data, 200): Verify response status code successfully

2022-11-22 15:42:30 - [MESSAGE][PASSED] - Verify response status code successfully

2022-11-22 15:42:30 - [TEST_STEP][PASSED] - response = req_data.getResponseText(): null

2022-11-22 15:42:30 - [TEST_STEP][PASSED] - logInfo($response): {"status":"Done","data":{"requestid1":"241908","requestid2":""}}

2022-11-22 15:42:30 - [MESSAGE][INFO] - {"status":"Done","data":{"requestid1":"241908","requestid2":""}}

2022-11-22 15:42:30 - [TEST_STEP][PASSED] - delay(3): Delayed 3 second(s)

2022-11-22 15:42:33 - [MESSAGE][PASSED] - Delayed 3 second(s)

2022-11-22 15:42:33 - [TEST_STEP][PASSED] - scoring = sendRequest(findTestObject("EngineScore", ["response_searchME_kons":response_searchME_kons, "response_searchME_spouse":response_searchME_spouse])): Send request successfully

2022-11-22 15:42:33 - [MESSAGE][INFO] - HAR: D:\DMS\Engine Scoring\Reports\20221122_153620\Exclude KKB - DS\Scoring Individu - Used\20221122_153620\requests\main\151.har

2022-11-22 15:42:33 - [MESSAGE][PASSED] - Send request successfully

2022-11-22 15:42:33 - [TEST_STEP][PASSED] - verifyResponseStatusCode(scoring, 200): Verify response status code successfully

2022-11-22 15:42:33 - [MESSAGE][PASSED] - Verify response status code successfully

2022-11-22 15:42:33 - [TEST_STEP][PASSED] - response2 = scoring.getResponseText(): null

2022-11-22 15:42:33 - [TEST_STEP][PASSED] - markPassed("result service data ke : " + no): result service data ke : 76

2022-11-22 15:42:33 - [MESSAGE][PASSED] - result service data ke : 76

2022-11-22 15:42:33 - [TEST_STEP][PASSED] - logInfo($response2): {"result_konsumen":"Approve","result_pasangan":"","Final_result":"Approve","errorMessage":"","status":"Done"}

2022-11-22 15:42:33 - [MESSAGE][INFO] - {"result_konsumen":"Approve","result_pasangan":"","Final_result":"Approve","errorMessage":"","status":"Done"}

2022-11-22 15:42:33 - [TEST_STEP][PASSED] - verifyElementPropertyValue(scoring, "Final_result", final_result): Verify element property value successfully

2022-11-22 15:42:33 - [MESSAGE][PASSED] - Verify element property value successfully]]></system-out>
         <system-err><![CDATA[]]></system-err>
      </testcase>
      <testcase name="Test Cases/Engine_Scoring/Engine Scoring" time="4.967" classname="Test Cases/Engine_Scoring/Engine Scoring" status="PASSED">
         <system-out><![CDATA[2022-11-22 15:42:33 - [TEST_CASE][PASSED] - Test Cases/Engine_Scoring/Engine Scoring: Test Cases/Engine_Scoring/Engine Scoring

2022-11-22 15:42:34 - [TEST_STEP][PASSED] - markPassed("Variasi data ke : " + no): Variasi data ke : 77

2022-11-22 15:42:34 - [MESSAGE][PASSED] - Variasi data ke : 77

2022-11-22 15:42:34 - [TEST_STEP][PASSED] - req_data = sendRequest(findTestObject("Search_ME", ["MID":MID, "source":source, "ip":ip, "userid":userid, "branch":branch, "tipekons":tipekons, "marital":marital, "penjamin":penjamin, ... ])): Send request successfully

2022-11-22 15:42:35 - [MESSAGE][INFO] - HAR: D:\DMS\Engine Scoring\Reports\20221122_153620\Exclude KKB - DS\Scoring Individu - Used\20221122_153620\requests\main\152.har

2022-11-22 15:42:35 - [MESSAGE][PASSED] - Send request successfully

2022-11-22 15:42:35 - [TEST_STEP][PASSED] - slurper = new groovy.json.JsonSlurper(): null

2022-11-22 15:42:35 - [TEST_STEP][PASSED] - result = slurper.parseText(req_data.getResponseBodyContent()): null

2022-11-22 15:42:35 - [TEST_STEP][PASSED] - reqid_kons = requestid1: null

2022-11-22 15:42:35 - [TEST_STEP][PASSED] - reqid_spouse = requestid2: null

2022-11-22 15:42:35 - [TEST_STEP][PASSED] - println("requestid kons : " + reqid_kons): null

2022-11-22 15:42:35 - [TEST_STEP][PASSED] - response_searchME_kons = reqid_kons: null

2022-11-22 15:42:35 - [TEST_STEP][PASSED] - response_searchME_spouse = reqid_spouse: null

2022-11-22 15:42:35 - [TEST_STEP][PASSED] - println("kons req id is :" + response_searchME_kons): null

2022-11-22 15:42:35 - [TEST_STEP][PASSED] - println("spouse req id is : " + response_searchME_spouse): null

2022-11-22 15:42:35 - [TEST_STEP][PASSED] - verifyResponseStatusCode(req_data, 200): Verify response status code successfully

2022-11-22 15:42:35 - [MESSAGE][PASSED] - Verify response status code successfully

2022-11-22 15:42:35 - [TEST_STEP][PASSED] - response = req_data.getResponseText(): null

2022-11-22 15:42:35 - [TEST_STEP][PASSED] - logInfo($response): {"status":"Done","data":{"requestid1":"241909","requestid2":""}}

2022-11-22 15:42:35 - [MESSAGE][INFO] - {"status":"Done","data":{"requestid1":"241909","requestid2":""}}

2022-11-22 15:42:35 - [TEST_STEP][PASSED] - delay(3): Delayed 3 second(s)

2022-11-22 15:42:38 - [MESSAGE][PASSED] - Delayed 3 second(s)

2022-11-22 15:42:38 - [TEST_STEP][PASSED] - scoring = sendRequest(findTestObject("EngineScore", ["response_searchME_kons":response_searchME_kons, "response_searchME_spouse":response_searchME_spouse])): Send request successfully

2022-11-22 15:42:38 - [MESSAGE][INFO] - HAR: D:\DMS\Engine Scoring\Reports\20221122_153620\Exclude KKB - DS\Scoring Individu - Used\20221122_153620\requests\main\153.har

2022-11-22 15:42:38 - [MESSAGE][PASSED] - Send request successfully

2022-11-22 15:42:38 - [TEST_STEP][PASSED] - verifyResponseStatusCode(scoring, 200): Verify response status code successfully

2022-11-22 15:42:38 - [MESSAGE][PASSED] - Verify response status code successfully

2022-11-22 15:42:38 - [TEST_STEP][PASSED] - response2 = scoring.getResponseText(): null

2022-11-22 15:42:38 - [TEST_STEP][PASSED] - markPassed("result service data ke : " + no): result service data ke : 77

2022-11-22 15:42:38 - [MESSAGE][PASSED] - result service data ke : 77

2022-11-22 15:42:38 - [TEST_STEP][PASSED] - logInfo($response2): {"result_konsumen":"Reject","result_pasangan":"","Final_result":"Reject","errorMessage":"","status":"Done"}

2022-11-22 15:42:38 - [MESSAGE][INFO] - {"result_konsumen":"Reject","result_pasangan":"","Final_result":"Reject","errorMessage":"","status":"Done"}

2022-11-22 15:42:38 - [TEST_STEP][PASSED] - verifyElementPropertyValue(scoring, "Final_result", final_result): Verify element property value successfully

2022-11-22 15:42:38 - [MESSAGE][PASSED] - Verify element property value successfully]]></system-out>
         <system-err><![CDATA[]]></system-err>
      </testcase>
      <testcase name="Test Cases/Engine_Scoring/Engine Scoring" time="5.066" classname="Test Cases/Engine_Scoring/Engine Scoring" status="PASSED">
         <system-out><![CDATA[2022-11-22 15:42:38 - [TEST_CASE][PASSED] - Test Cases/Engine_Scoring/Engine Scoring: Test Cases/Engine_Scoring/Engine Scoring

2022-11-22 15:42:39 - [TEST_STEP][PASSED] - markPassed("Variasi data ke : " + no): Variasi data ke : 78

2022-11-22 15:42:39 - [MESSAGE][PASSED] - Variasi data ke : 78

2022-11-22 15:42:39 - [TEST_STEP][PASSED] - req_data = sendRequest(findTestObject("Search_ME", ["MID":MID, "source":source, "ip":ip, "userid":userid, "branch":branch, "tipekons":tipekons, "marital":marital, "penjamin":penjamin, ... ])): Send request successfully

2022-11-22 15:42:40 - [MESSAGE][INFO] - HAR: D:\DMS\Engine Scoring\Reports\20221122_153620\Exclude KKB - DS\Scoring Individu - Used\20221122_153620\requests\main\154.har

2022-11-22 15:42:40 - [MESSAGE][PASSED] - Send request successfully

2022-11-22 15:42:40 - [TEST_STEP][PASSED] - slurper = new groovy.json.JsonSlurper(): null

2022-11-22 15:42:40 - [TEST_STEP][PASSED] - result = slurper.parseText(req_data.getResponseBodyContent()): null

2022-11-22 15:42:40 - [TEST_STEP][PASSED] - reqid_kons = requestid1: null

2022-11-22 15:42:40 - [TEST_STEP][PASSED] - reqid_spouse = requestid2: null

2022-11-22 15:42:40 - [TEST_STEP][PASSED] - println("requestid kons : " + reqid_kons): null

2022-11-22 15:42:40 - [TEST_STEP][PASSED] - response_searchME_kons = reqid_kons: null

2022-11-22 15:42:40 - [TEST_STEP][PASSED] - response_searchME_spouse = reqid_spouse: null

2022-11-22 15:42:40 - [TEST_STEP][PASSED] - println("kons req id is :" + response_searchME_kons): null

2022-11-22 15:42:40 - [TEST_STEP][PASSED] - println("spouse req id is : " + response_searchME_spouse): null

2022-11-22 15:42:40 - [TEST_STEP][PASSED] - verifyResponseStatusCode(req_data, 200): Verify response status code successfully

2022-11-22 15:42:40 - [MESSAGE][PASSED] - Verify response status code successfully

2022-11-22 15:42:40 - [TEST_STEP][PASSED] - response = req_data.getResponseText(): null

2022-11-22 15:42:40 - [TEST_STEP][PASSED] - logInfo($response): {"status":"Done","data":{"requestid1":"241910","requestid2":""}}

2022-11-22 15:42:40 - [MESSAGE][INFO] - {"status":"Done","data":{"requestid1":"241910","requestid2":""}}

2022-11-22 15:42:40 - [TEST_STEP][PASSED] - delay(3): Delayed 3 second(s)

2022-11-22 15:42:43 - [MESSAGE][PASSED] - Delayed 3 second(s)

2022-11-22 15:42:43 - [TEST_STEP][PASSED] - scoring = sendRequest(findTestObject("EngineScore", ["response_searchME_kons":response_searchME_kons, "response_searchME_spouse":response_searchME_spouse])): Send request successfully

2022-11-22 15:42:43 - [MESSAGE][INFO] - HAR: D:\DMS\Engine Scoring\Reports\20221122_153620\Exclude KKB - DS\Scoring Individu - Used\20221122_153620\requests\main\155.har

2022-11-22 15:42:43 - [MESSAGE][PASSED] - Send request successfully

2022-11-22 15:42:43 - [TEST_STEP][PASSED] - verifyResponseStatusCode(scoring, 200): Verify response status code successfully

2022-11-22 15:42:43 - [MESSAGE][PASSED] - Verify response status code successfully

2022-11-22 15:42:43 - [TEST_STEP][PASSED] - response2 = scoring.getResponseText(): null

2022-11-22 15:42:43 - [TEST_STEP][PASSED] - markPassed("result service data ke : " + no): result service data ke : 78

2022-11-22 15:42:43 - [MESSAGE][PASSED] - result service data ke : 78

2022-11-22 15:42:43 - [TEST_STEP][PASSED] - logInfo($response2): {"result_konsumen":"Reject","result_pasangan":"","Final_result":"Reject","errorMessage":"","status":"Done"}

2022-11-22 15:42:43 - [MESSAGE][INFO] - {"result_konsumen":"Reject","result_pasangan":"","Final_result":"Reject","errorMessage":"","status":"Done"}

2022-11-22 15:42:43 - [TEST_STEP][PASSED] - verifyElementPropertyValue(scoring, "Final_result", final_result): Verify element property value successfully

2022-11-22 15:42:43 - [MESSAGE][PASSED] - Verify element property value successfully]]></system-out>
         <system-err><![CDATA[]]></system-err>
      </testcase>
      <testcase name="Test Cases/Engine_Scoring/Engine Scoring" time="4.92" classname="Test Cases/Engine_Scoring/Engine Scoring" status="PASSED">
         <system-out><![CDATA[2022-11-22 15:42:43 - [TEST_CASE][PASSED] - Test Cases/Engine_Scoring/Engine Scoring: Test Cases/Engine_Scoring/Engine Scoring

2022-11-22 15:42:44 - [TEST_STEP][PASSED] - markPassed("Variasi data ke : " + no): Variasi data ke : 79

2022-11-22 15:42:44 - [MESSAGE][PASSED] - Variasi data ke : 79

2022-11-22 15:42:44 - [TEST_STEP][PASSED] - req_data = sendRequest(findTestObject("Search_ME", ["MID":MID, "source":source, "ip":ip, "userid":userid, "branch":branch, "tipekons":tipekons, "marital":marital, "penjamin":penjamin, ... ])): Send request successfully

2022-11-22 15:42:45 - [MESSAGE][INFO] - HAR: D:\DMS\Engine Scoring\Reports\20221122_153620\Exclude KKB - DS\Scoring Individu - Used\20221122_153620\requests\main\156.har

2022-11-22 15:42:45 - [MESSAGE][PASSED] - Send request successfully

2022-11-22 15:42:45 - [TEST_STEP][PASSED] - slurper = new groovy.json.JsonSlurper(): null

2022-11-22 15:42:45 - [TEST_STEP][PASSED] - result = slurper.parseText(req_data.getResponseBodyContent()): null

2022-11-22 15:42:45 - [TEST_STEP][PASSED] - reqid_kons = requestid1: null

2022-11-22 15:42:45 - [TEST_STEP][PASSED] - reqid_spouse = requestid2: null

2022-11-22 15:42:45 - [TEST_STEP][PASSED] - println("requestid kons : " + reqid_kons): null

2022-11-22 15:42:45 - [TEST_STEP][PASSED] - response_searchME_kons = reqid_kons: null

2022-11-22 15:42:45 - [TEST_STEP][PASSED] - response_searchME_spouse = reqid_spouse: null

2022-11-22 15:42:45 - [TEST_STEP][PASSED] - println("kons req id is :" + response_searchME_kons): null

2022-11-22 15:42:45 - [TEST_STEP][PASSED] - println("spouse req id is : " + response_searchME_spouse): null

2022-11-22 15:42:45 - [TEST_STEP][PASSED] - verifyResponseStatusCode(req_data, 200): Verify response status code successfully

2022-11-22 15:42:45 - [MESSAGE][PASSED] - Verify response status code successfully

2022-11-22 15:42:45 - [TEST_STEP][PASSED] - response = req_data.getResponseText(): null

2022-11-22 15:42:45 - [TEST_STEP][PASSED] - logInfo($response): {"status":"Done","data":{"requestid1":"241911","requestid2":""}}

2022-11-22 15:42:45 - [MESSAGE][INFO] - {"status":"Done","data":{"requestid1":"241911","requestid2":""}}

2022-11-22 15:42:45 - [TEST_STEP][PASSED] - delay(3): Delayed 3 second(s)

2022-11-22 15:42:48 - [MESSAGE][PASSED] - Delayed 3 second(s)

2022-11-22 15:42:48 - [TEST_STEP][PASSED] - scoring = sendRequest(findTestObject("EngineScore", ["response_searchME_kons":response_searchME_kons, "response_searchME_spouse":response_searchME_spouse])): Send request successfully

2022-11-22 15:42:48 - [MESSAGE][INFO] - HAR: D:\DMS\Engine Scoring\Reports\20221122_153620\Exclude KKB - DS\Scoring Individu - Used\20221122_153620\requests\main\157.har

2022-11-22 15:42:48 - [MESSAGE][PASSED] - Send request successfully

2022-11-22 15:42:48 - [TEST_STEP][PASSED] - verifyResponseStatusCode(scoring, 200): Verify response status code successfully

2022-11-22 15:42:48 - [MESSAGE][PASSED] - Verify response status code successfully

2022-11-22 15:42:48 - [TEST_STEP][PASSED] - response2 = scoring.getResponseText(): null

2022-11-22 15:42:48 - [TEST_STEP][PASSED] - markPassed("result service data ke : " + no): result service data ke : 79

2022-11-22 15:42:48 - [MESSAGE][PASSED] - result service data ke : 79

2022-11-22 15:42:48 - [TEST_STEP][PASSED] - logInfo($response2): {"result_konsumen":"Reject","result_pasangan":"","Final_result":"Reject","errorMessage":"","status":"Done"}

2022-11-22 15:42:48 - [MESSAGE][INFO] - {"result_konsumen":"Reject","result_pasangan":"","Final_result":"Reject","errorMessage":"","status":"Done"}

2022-11-22 15:42:48 - [TEST_STEP][PASSED] - verifyElementPropertyValue(scoring, "Final_result", final_result): Verify element property value successfully

2022-11-22 15:42:48 - [MESSAGE][PASSED] - Verify element property value successfully]]></system-out>
         <system-err><![CDATA[]]></system-err>
      </testcase>
      <testcase name="Test Cases/Engine_Scoring/Engine Scoring" time="4.999" classname="Test Cases/Engine_Scoring/Engine Scoring" status="PASSED">
         <system-out><![CDATA[2022-11-22 15:42:48 - [TEST_CASE][PASSED] - Test Cases/Engine_Scoring/Engine Scoring: Test Cases/Engine_Scoring/Engine Scoring

2022-11-22 15:42:49 - [TEST_STEP][PASSED] - markPassed("Variasi data ke : " + no): Variasi data ke : 80

2022-11-22 15:42:49 - [MESSAGE][PASSED] - Variasi data ke : 80

2022-11-22 15:42:49 - [TEST_STEP][PASSED] - req_data = sendRequest(findTestObject("Search_ME", ["MID":MID, "source":source, "ip":ip, "userid":userid, "branch":branch, "tipekons":tipekons, "marital":marital, "penjamin":penjamin, ... ])): Send request successfully

2022-11-22 15:42:50 - [MESSAGE][INFO] - HAR: D:\DMS\Engine Scoring\Reports\20221122_153620\Exclude KKB - DS\Scoring Individu - Used\20221122_153620\requests\main\158.har

2022-11-22 15:42:50 - [MESSAGE][PASSED] - Send request successfully

2022-11-22 15:42:50 - [TEST_STEP][PASSED] - slurper = new groovy.json.JsonSlurper(): null

2022-11-22 15:42:50 - [TEST_STEP][PASSED] - result = slurper.parseText(req_data.getResponseBodyContent()): null

2022-11-22 15:42:50 - [TEST_STEP][PASSED] - reqid_kons = requestid1: null

2022-11-22 15:42:50 - [TEST_STEP][PASSED] - reqid_spouse = requestid2: null

2022-11-22 15:42:50 - [TEST_STEP][PASSED] - println("requestid kons : " + reqid_kons): null

2022-11-22 15:42:50 - [TEST_STEP][PASSED] - response_searchME_kons = reqid_kons: null

2022-11-22 15:42:50 - [TEST_STEP][PASSED] - response_searchME_spouse = reqid_spouse: null

2022-11-22 15:42:50 - [TEST_STEP][PASSED] - println("kons req id is :" + response_searchME_kons): null

2022-11-22 15:42:50 - [TEST_STEP][PASSED] - println("spouse req id is : " + response_searchME_spouse): null

2022-11-22 15:42:50 - [TEST_STEP][PASSED] - verifyResponseStatusCode(req_data, 200): Verify response status code successfully

2022-11-22 15:42:50 - [MESSAGE][PASSED] - Verify response status code successfully

2022-11-22 15:42:50 - [TEST_STEP][PASSED] - response = req_data.getResponseText(): null

2022-11-22 15:42:50 - [TEST_STEP][PASSED] - logInfo($response): {"status":"Done","data":{"requestid1":"241912","requestid2":""}}

2022-11-22 15:42:50 - [MESSAGE][INFO] - {"status":"Done","data":{"requestid1":"241912","requestid2":""}}

2022-11-22 15:42:50 - [TEST_STEP][PASSED] - delay(3): Delayed 3 second(s)

2022-11-22 15:42:53 - [MESSAGE][PASSED] - Delayed 3 second(s)

2022-11-22 15:42:53 - [TEST_STEP][PASSED] - scoring = sendRequest(findTestObject("EngineScore", ["response_searchME_kons":response_searchME_kons, "response_searchME_spouse":response_searchME_spouse])): Send request successfully

2022-11-22 15:42:53 - [MESSAGE][INFO] - HAR: D:\DMS\Engine Scoring\Reports\20221122_153620\Exclude KKB - DS\Scoring Individu - Used\20221122_153620\requests\main\159.har

2022-11-22 15:42:53 - [MESSAGE][PASSED] - Send request successfully

2022-11-22 15:42:53 - [TEST_STEP][PASSED] - verifyResponseStatusCode(scoring, 200): Verify response status code successfully

2022-11-22 15:42:53 - [MESSAGE][PASSED] - Verify response status code successfully

2022-11-22 15:42:53 - [TEST_STEP][PASSED] - response2 = scoring.getResponseText(): null

2022-11-22 15:42:53 - [TEST_STEP][PASSED] - markPassed("result service data ke : " + no): result service data ke : 80

2022-11-22 15:42:53 - [MESSAGE][PASSED] - result service data ke : 80

2022-11-22 15:42:53 - [TEST_STEP][PASSED] - logInfo($response2): {"result_konsumen":"Reject","result_pasangan":"","Final_result":"Reject","errorMessage":"","status":"Done"}

2022-11-22 15:42:53 - [MESSAGE][INFO] - {"result_konsumen":"Reject","result_pasangan":"","Final_result":"Reject","errorMessage":"","status":"Done"}

2022-11-22 15:42:53 - [TEST_STEP][PASSED] - verifyElementPropertyValue(scoring, "Final_result", final_result): Verify element property value successfully

2022-11-22 15:42:53 - [MESSAGE][PASSED] - Verify element property value successfully]]></system-out>
         <system-err><![CDATA[]]></system-err>
      </testcase>
      <testcase name="Test Cases/Engine_Scoring/Engine Scoring" time="7.79" classname="Test Cases/Engine_Scoring/Engine Scoring" status="PASSED">
         <system-out><![CDATA[2022-11-22 15:42:53 - [TEST_CASE][PASSED] - Test Cases/Engine_Scoring/Engine Scoring: Test Cases/Engine_Scoring/Engine Scoring

2022-11-22 15:42:57 - [TEST_STEP][PASSED] - markPassed("Variasi data ke : " + no): Variasi data ke : 81

2022-11-22 15:42:57 - [MESSAGE][PASSED] - Variasi data ke : 81

2022-11-22 15:42:57 - [TEST_STEP][PASSED] - req_data = sendRequest(findTestObject("Search_ME", ["MID":MID, "source":source, "ip":ip, "userid":userid, "branch":branch, "tipekons":tipekons, "marital":marital, "penjamin":penjamin, ... ])): Send request successfully

2022-11-22 15:42:58 - [MESSAGE][INFO] - HAR: D:\DMS\Engine Scoring\Reports\20221122_153620\Exclude KKB - DS\Scoring Individu - Used\20221122_153620\requests\main\160.har

2022-11-22 15:42:58 - [MESSAGE][PASSED] - Send request successfully

2022-11-22 15:42:58 - [TEST_STEP][PASSED] - slurper = new groovy.json.JsonSlurper(): null

2022-11-22 15:42:58 - [TEST_STEP][PASSED] - result = slurper.parseText(req_data.getResponseBodyContent()): null

2022-11-22 15:42:58 - [TEST_STEP][PASSED] - reqid_kons = requestid1: null

2022-11-22 15:42:58 - [TEST_STEP][PASSED] - reqid_spouse = requestid2: null

2022-11-22 15:42:58 - [TEST_STEP][PASSED] - println("requestid kons : " + reqid_kons): null

2022-11-22 15:42:58 - [TEST_STEP][PASSED] - response_searchME_kons = reqid_kons: null

2022-11-22 15:42:58 - [TEST_STEP][PASSED] - response_searchME_spouse = reqid_spouse: null

2022-11-22 15:42:58 - [TEST_STEP][PASSED] - println("kons req id is :" + response_searchME_kons): null

2022-11-22 15:42:58 - [TEST_STEP][PASSED] - println("spouse req id is : " + response_searchME_spouse): null

2022-11-22 15:42:58 - [TEST_STEP][PASSED] - verifyResponseStatusCode(req_data, 200): Verify response status code successfully

2022-11-22 15:42:58 - [MESSAGE][PASSED] - Verify response status code successfully

2022-11-22 15:42:58 - [TEST_STEP][PASSED] - response = req_data.getResponseText(): null

2022-11-22 15:42:58 - [TEST_STEP][PASSED] - logInfo($response): {"status":"Done","data":{"requestid1":"241913","requestid2":""}}

2022-11-22 15:42:58 - [MESSAGE][INFO] - {"status":"Done","data":{"requestid1":"241913","requestid2":""}}

2022-11-22 15:42:58 - [TEST_STEP][PASSED] - delay(3): Delayed 3 second(s)

2022-11-22 15:43:01 - [MESSAGE][PASSED] - Delayed 3 second(s)

2022-11-22 15:43:01 - [TEST_STEP][PASSED] - scoring = sendRequest(findTestObject("EngineScore", ["response_searchME_kons":response_searchME_kons, "response_searchME_spouse":response_searchME_spouse])): Send request successfully

2022-11-22 15:43:01 - [MESSAGE][INFO] - HAR: D:\DMS\Engine Scoring\Reports\20221122_153620\Exclude KKB - DS\Scoring Individu - Used\20221122_153620\requests\main\161.har

2022-11-22 15:43:01 - [MESSAGE][PASSED] - Send request successfully

2022-11-22 15:43:01 - [TEST_STEP][PASSED] - verifyResponseStatusCode(scoring, 200): Verify response status code successfully

2022-11-22 15:43:01 - [MESSAGE][PASSED] - Verify response status code successfully

2022-11-22 15:43:01 - [TEST_STEP][PASSED] - response2 = scoring.getResponseText(): null

2022-11-22 15:43:01 - [TEST_STEP][PASSED] - markPassed("result service data ke : " + no): result service data ke : 81

2022-11-22 15:43:01 - [MESSAGE][PASSED] - result service data ke : 81

2022-11-22 15:43:01 - [TEST_STEP][PASSED] - logInfo($response2): {"result_konsumen":"Reject","result_pasangan":"","Final_result":"Reject","errorMessage":"","status":"Done"}

2022-11-22 15:43:01 - [MESSAGE][INFO] - {"result_konsumen":"Reject","result_pasangan":"","Final_result":"Reject","errorMessage":"","status":"Done"}

2022-11-22 15:43:01 - [TEST_STEP][PASSED] - verifyElementPropertyValue(scoring, "Final_result", final_result): Verify element property value successfully

2022-11-22 15:43:01 - [MESSAGE][PASSED] - Verify element property value successfully]]></system-out>
         <system-err><![CDATA[]]></system-err>
      </testcase>
      <testcase name="Test Cases/Engine_Scoring/Engine Scoring" time="4.962" classname="Test Cases/Engine_Scoring/Engine Scoring" status="PASSED">
         <system-out><![CDATA[2022-11-22 15:43:01 - [TEST_CASE][PASSED] - Test Cases/Engine_Scoring/Engine Scoring: Test Cases/Engine_Scoring/Engine Scoring

2022-11-22 15:43:02 - [TEST_STEP][PASSED] - markPassed("Variasi data ke : " + no): Variasi data ke : 82

2022-11-22 15:43:02 - [MESSAGE][PASSED] - Variasi data ke : 82

2022-11-22 15:43:02 - [TEST_STEP][PASSED] - req_data = sendRequest(findTestObject("Search_ME", ["MID":MID, "source":source, "ip":ip, "userid":userid, "branch":branch, "tipekons":tipekons, "marital":marital, "penjamin":penjamin, ... ])): Send request successfully

2022-11-22 15:43:03 - [MESSAGE][INFO] - HAR: D:\DMS\Engine Scoring\Reports\20221122_153620\Exclude KKB - DS\Scoring Individu - Used\20221122_153620\requests\main\162.har

2022-11-22 15:43:03 - [MESSAGE][PASSED] - Send request successfully

2022-11-22 15:43:03 - [TEST_STEP][PASSED] - slurper = new groovy.json.JsonSlurper(): null

2022-11-22 15:43:03 - [TEST_STEP][PASSED] - result = slurper.parseText(req_data.getResponseBodyContent()): null

2022-11-22 15:43:03 - [TEST_STEP][PASSED] - reqid_kons = requestid1: null

2022-11-22 15:43:03 - [TEST_STEP][PASSED] - reqid_spouse = requestid2: null

2022-11-22 15:43:03 - [TEST_STEP][PASSED] - println("requestid kons : " + reqid_kons): null

2022-11-22 15:43:03 - [TEST_STEP][PASSED] - response_searchME_kons = reqid_kons: null

2022-11-22 15:43:03 - [TEST_STEP][PASSED] - response_searchME_spouse = reqid_spouse: null

2022-11-22 15:43:03 - [TEST_STEP][PASSED] - println("kons req id is :" + response_searchME_kons): null

2022-11-22 15:43:03 - [TEST_STEP][PASSED] - println("spouse req id is : " + response_searchME_spouse): null

2022-11-22 15:43:03 - [TEST_STEP][PASSED] - verifyResponseStatusCode(req_data, 200): Verify response status code successfully

2022-11-22 15:43:03 - [MESSAGE][PASSED] - Verify response status code successfully

2022-11-22 15:43:03 - [TEST_STEP][PASSED] - response = req_data.getResponseText(): null

2022-11-22 15:43:03 - [TEST_STEP][PASSED] - logInfo($response): {"status":"Done","data":{"requestid1":"241914","requestid2":""}}

2022-11-22 15:43:03 - [MESSAGE][INFO] - {"status":"Done","data":{"requestid1":"241914","requestid2":""}}

2022-11-22 15:43:03 - [TEST_STEP][PASSED] - delay(3): Delayed 3 second(s)

2022-11-22 15:43:06 - [MESSAGE][PASSED] - Delayed 3 second(s)

2022-11-22 15:43:06 - [TEST_STEP][PASSED] - scoring = sendRequest(findTestObject("EngineScore", ["response_searchME_kons":response_searchME_kons, "response_searchME_spouse":response_searchME_spouse])): Send request successfully

2022-11-22 15:43:06 - [MESSAGE][INFO] - HAR: D:\DMS\Engine Scoring\Reports\20221122_153620\Exclude KKB - DS\Scoring Individu - Used\20221122_153620\requests\main\163.har

2022-11-22 15:43:06 - [MESSAGE][PASSED] - Send request successfully

2022-11-22 15:43:06 - [TEST_STEP][PASSED] - verifyResponseStatusCode(scoring, 200): Verify response status code successfully

2022-11-22 15:43:06 - [MESSAGE][PASSED] - Verify response status code successfully

2022-11-22 15:43:06 - [TEST_STEP][PASSED] - response2 = scoring.getResponseText(): null

2022-11-22 15:43:06 - [TEST_STEP][PASSED] - markPassed("result service data ke : " + no): result service data ke : 82

2022-11-22 15:43:06 - [MESSAGE][PASSED] - result service data ke : 82

2022-11-22 15:43:06 - [TEST_STEP][PASSED] - logInfo($response2): {"result_konsumen":"Reguler","result_pasangan":"","Final_result":"Reguler","errorMessage":"","status":"Done"}

2022-11-22 15:43:06 - [MESSAGE][INFO] - {"result_konsumen":"Reguler","result_pasangan":"","Final_result":"Reguler","errorMessage":"","status":"Done"}

2022-11-22 15:43:06 - [TEST_STEP][PASSED] - verifyElementPropertyValue(scoring, "Final_result", final_result): Verify element property value successfully

2022-11-22 15:43:06 - [MESSAGE][PASSED] - Verify element property value successfully]]></system-out>
         <system-err><![CDATA[]]></system-err>
      </testcase>
      <testcase name="Test Cases/Engine_Scoring/Engine Scoring" time="5.001" classname="Test Cases/Engine_Scoring/Engine Scoring" status="PASSED">
         <system-out><![CDATA[2022-11-22 15:43:06 - [TEST_CASE][PASSED] - Test Cases/Engine_Scoring/Engine Scoring: Test Cases/Engine_Scoring/Engine Scoring

2022-11-22 15:43:07 - [TEST_STEP][PASSED] - markPassed("Variasi data ke : " + no): Variasi data ke : 83

2022-11-22 15:43:07 - [MESSAGE][PASSED] - Variasi data ke : 83

2022-11-22 15:43:07 - [TEST_STEP][PASSED] - req_data = sendRequest(findTestObject("Search_ME", ["MID":MID, "source":source, "ip":ip, "userid":userid, "branch":branch, "tipekons":tipekons, "marital":marital, "penjamin":penjamin, ... ])): Send request successfully

2022-11-22 15:43:08 - [MESSAGE][INFO] - HAR: D:\DMS\Engine Scoring\Reports\20221122_153620\Exclude KKB - DS\Scoring Individu - Used\20221122_153620\requests\main\164.har

2022-11-22 15:43:08 - [MESSAGE][PASSED] - Send request successfully

2022-11-22 15:43:08 - [TEST_STEP][PASSED] - slurper = new groovy.json.JsonSlurper(): null

2022-11-22 15:43:08 - [TEST_STEP][PASSED] - result = slurper.parseText(req_data.getResponseBodyContent()): null

2022-11-22 15:43:08 - [TEST_STEP][PASSED] - reqid_kons = requestid1: null

2022-11-22 15:43:08 - [TEST_STEP][PASSED] - reqid_spouse = requestid2: null

2022-11-22 15:43:08 - [TEST_STEP][PASSED] - println("requestid kons : " + reqid_kons): null

2022-11-22 15:43:08 - [TEST_STEP][PASSED] - response_searchME_kons = reqid_kons: null

2022-11-22 15:43:08 - [TEST_STEP][PASSED] - response_searchME_spouse = reqid_spouse: null

2022-11-22 15:43:08 - [TEST_STEP][PASSED] - println("kons req id is :" + response_searchME_kons): null

2022-11-22 15:43:08 - [TEST_STEP][PASSED] - println("spouse req id is : " + response_searchME_spouse): null

2022-11-22 15:43:08 - [TEST_STEP][PASSED] - verifyResponseStatusCode(req_data, 200): Verify response status code successfully

2022-11-22 15:43:08 - [MESSAGE][PASSED] - Verify response status code successfully

2022-11-22 15:43:08 - [TEST_STEP][PASSED] - response = req_data.getResponseText(): null

2022-11-22 15:43:08 - [TEST_STEP][PASSED] - logInfo($response): {"status":"Done","data":{"requestid1":"241915","requestid2":""}}

2022-11-22 15:43:08 - [MESSAGE][INFO] - {"status":"Done","data":{"requestid1":"241915","requestid2":""}}

2022-11-22 15:43:08 - [TEST_STEP][PASSED] - delay(3): Delayed 3 second(s)

2022-11-22 15:43:11 - [MESSAGE][PASSED] - Delayed 3 second(s)

2022-11-22 15:43:11 - [TEST_STEP][PASSED] - scoring = sendRequest(findTestObject("EngineScore", ["response_searchME_kons":response_searchME_kons, "response_searchME_spouse":response_searchME_spouse])): Send request successfully

2022-11-22 15:43:11 - [MESSAGE][INFO] - HAR: D:\DMS\Engine Scoring\Reports\20221122_153620\Exclude KKB - DS\Scoring Individu - Used\20221122_153620\requests\main\165.har

2022-11-22 15:43:11 - [MESSAGE][PASSED] - Send request successfully

2022-11-22 15:43:11 - [TEST_STEP][PASSED] - verifyResponseStatusCode(scoring, 200): Verify response status code successfully

2022-11-22 15:43:11 - [MESSAGE][PASSED] - Verify response status code successfully

2022-11-22 15:43:11 - [TEST_STEP][PASSED] - response2 = scoring.getResponseText(): null

2022-11-22 15:43:11 - [TEST_STEP][PASSED] - markPassed("result service data ke : " + no): result service data ke : 83

2022-11-22 15:43:11 - [MESSAGE][PASSED] - result service data ke : 83

2022-11-22 15:43:11 - [TEST_STEP][PASSED] - logInfo($response2): {"result_konsumen":"Reguler","result_pasangan":"","Final_result":"Reguler","errorMessage":"","status":"Done"}

2022-11-22 15:43:11 - [MESSAGE][INFO] - {"result_konsumen":"Reguler","result_pasangan":"","Final_result":"Reguler","errorMessage":"","status":"Done"}

2022-11-22 15:43:11 - [TEST_STEP][PASSED] - verifyElementPropertyValue(scoring, "Final_result", final_result): Verify element property value successfully

2022-11-22 15:43:11 - [MESSAGE][PASSED] - Verify element property value successfully]]></system-out>
         <system-err><![CDATA[]]></system-err>
      </testcase>
      <testcase name="Test Cases/Engine_Scoring/Engine Scoring" time="5.207" classname="Test Cases/Engine_Scoring/Engine Scoring" status="PASSED">
         <system-out><![CDATA[2022-11-22 15:43:11 - [TEST_CASE][PASSED] - Test Cases/Engine_Scoring/Engine Scoring: Test Cases/Engine_Scoring/Engine Scoring

2022-11-22 15:43:12 - [TEST_STEP][PASSED] - markPassed("Variasi data ke : " + no): Variasi data ke : 84

2022-11-22 15:43:12 - [MESSAGE][PASSED] - Variasi data ke : 84

2022-11-22 15:43:12 - [TEST_STEP][PASSED] - req_data = sendRequest(findTestObject("Search_ME", ["MID":MID, "source":source, "ip":ip, "userid":userid, "branch":branch, "tipekons":tipekons, "marital":marital, "penjamin":penjamin, ... ])): Send request successfully

2022-11-22 15:43:13 - [MESSAGE][INFO] - HAR: D:\DMS\Engine Scoring\Reports\20221122_153620\Exclude KKB - DS\Scoring Individu - Used\20221122_153620\requests\main\166.har

2022-11-22 15:43:13 - [MESSAGE][PASSED] - Send request successfully

2022-11-22 15:43:13 - [TEST_STEP][PASSED] - slurper = new groovy.json.JsonSlurper(): null

2022-11-22 15:43:13 - [TEST_STEP][PASSED] - result = slurper.parseText(req_data.getResponseBodyContent()): null

2022-11-22 15:43:13 - [TEST_STEP][PASSED] - reqid_kons = requestid1: null

2022-11-22 15:43:13 - [TEST_STEP][PASSED] - reqid_spouse = requestid2: null

2022-11-22 15:43:13 - [TEST_STEP][PASSED] - println("requestid kons : " + reqid_kons): null

2022-11-22 15:43:13 - [TEST_STEP][PASSED] - response_searchME_kons = reqid_kons: null

2022-11-22 15:43:13 - [TEST_STEP][PASSED] - response_searchME_spouse = reqid_spouse: null

2022-11-22 15:43:13 - [TEST_STEP][PASSED] - println("kons req id is :" + response_searchME_kons): null

2022-11-22 15:43:13 - [TEST_STEP][PASSED] - println("spouse req id is : " + response_searchME_spouse): null

2022-11-22 15:43:13 - [TEST_STEP][PASSED] - verifyResponseStatusCode(req_data, 200): Verify response status code successfully

2022-11-22 15:43:13 - [MESSAGE][PASSED] - Verify response status code successfully

2022-11-22 15:43:13 - [TEST_STEP][PASSED] - response = req_data.getResponseText(): null

2022-11-22 15:43:13 - [TEST_STEP][PASSED] - logInfo($response): {"status":"Done","data":{"requestid1":"241916","requestid2":""}}

2022-11-22 15:43:13 - [MESSAGE][INFO] - {"status":"Done","data":{"requestid1":"241916","requestid2":""}}

2022-11-22 15:43:13 - [TEST_STEP][PASSED] - delay(3): Delayed 3 second(s)

2022-11-22 15:43:16 - [MESSAGE][PASSED] - Delayed 3 second(s)

2022-11-22 15:43:16 - [TEST_STEP][PASSED] - scoring = sendRequest(findTestObject("EngineScore", ["response_searchME_kons":response_searchME_kons, "response_searchME_spouse":response_searchME_spouse])): Send request successfully

2022-11-22 15:43:16 - [MESSAGE][INFO] - HAR: D:\DMS\Engine Scoring\Reports\20221122_153620\Exclude KKB - DS\Scoring Individu - Used\20221122_153620\requests\main\167.har

2022-11-22 15:43:16 - [MESSAGE][PASSED] - Send request successfully

2022-11-22 15:43:16 - [TEST_STEP][PASSED] - verifyResponseStatusCode(scoring, 200): Verify response status code successfully

2022-11-22 15:43:16 - [MESSAGE][PASSED] - Verify response status code successfully

2022-11-22 15:43:16 - [TEST_STEP][PASSED] - response2 = scoring.getResponseText(): null

2022-11-22 15:43:16 - [TEST_STEP][PASSED] - markPassed("result service data ke : " + no): result service data ke : 84

2022-11-22 15:43:16 - [MESSAGE][PASSED] - result service data ke : 84

2022-11-22 15:43:16 - [TEST_STEP][PASSED] - logInfo($response2): {"result_konsumen":"Reguler","result_pasangan":"","Final_result":"Reguler","errorMessage":"","status":"Done"}

2022-11-22 15:43:16 - [MESSAGE][INFO] - {"result_konsumen":"Reguler","result_pasangan":"","Final_result":"Reguler","errorMessage":"","status":"Done"}

2022-11-22 15:43:16 - [TEST_STEP][PASSED] - verifyElementPropertyValue(scoring, "Final_result", final_result): Verify element property value successfully

2022-11-22 15:43:16 - [MESSAGE][PASSED] - Verify element property value successfully]]></system-out>
         <system-err><![CDATA[]]></system-err>
      </testcase>
      <testcase name="Test Cases/Engine_Scoring/Engine Scoring" time="5.173" classname="Test Cases/Engine_Scoring/Engine Scoring" status="PASSED">
         <system-out><![CDATA[2022-11-22 15:43:16 - [TEST_CASE][PASSED] - Test Cases/Engine_Scoring/Engine Scoring: Test Cases/Engine_Scoring/Engine Scoring

2022-11-22 15:43:17 - [TEST_STEP][PASSED] - markPassed("Variasi data ke : " + no): Variasi data ke : 85

2022-11-22 15:43:17 - [MESSAGE][PASSED] - Variasi data ke : 85

2022-11-22 15:43:17 - [TEST_STEP][PASSED] - req_data = sendRequest(findTestObject("Search_ME", ["MID":MID, "source":source, "ip":ip, "userid":userid, "branch":branch, "tipekons":tipekons, "marital":marital, "penjamin":penjamin, ... ])): Send request successfully

2022-11-22 15:43:18 - [MESSAGE][INFO] - HAR: D:\DMS\Engine Scoring\Reports\20221122_153620\Exclude KKB - DS\Scoring Individu - Used\20221122_153620\requests\main\168.har

2022-11-22 15:43:18 - [MESSAGE][PASSED] - Send request successfully

2022-11-22 15:43:18 - [TEST_STEP][PASSED] - slurper = new groovy.json.JsonSlurper(): null

2022-11-22 15:43:18 - [TEST_STEP][PASSED] - result = slurper.parseText(req_data.getResponseBodyContent()): null

2022-11-22 15:43:18 - [TEST_STEP][PASSED] - reqid_kons = requestid1: null

2022-11-22 15:43:18 - [TEST_STEP][PASSED] - reqid_spouse = requestid2: null

2022-11-22 15:43:18 - [TEST_STEP][PASSED] - println("requestid kons : " + reqid_kons): null

2022-11-22 15:43:18 - [TEST_STEP][PASSED] - response_searchME_kons = reqid_kons: null

2022-11-22 15:43:18 - [TEST_STEP][PASSED] - response_searchME_spouse = reqid_spouse: null

2022-11-22 15:43:18 - [TEST_STEP][PASSED] - println("kons req id is :" + response_searchME_kons): null

2022-11-22 15:43:18 - [TEST_STEP][PASSED] - println("spouse req id is : " + response_searchME_spouse): null

2022-11-22 15:43:18 - [TEST_STEP][PASSED] - verifyResponseStatusCode(req_data, 200): Verify response status code successfully

2022-11-22 15:43:18 - [MESSAGE][PASSED] - Verify response status code successfully

2022-11-22 15:43:18 - [TEST_STEP][PASSED] - response = req_data.getResponseText(): null

2022-11-22 15:43:18 - [TEST_STEP][PASSED] - logInfo($response): {"status":"Done","data":{"requestid1":"241917","requestid2":""}}

2022-11-22 15:43:18 - [MESSAGE][INFO] - {"status":"Done","data":{"requestid1":"241917","requestid2":""}}

2022-11-22 15:43:18 - [TEST_STEP][PASSED] - delay(3): Delayed 3 second(s)

2022-11-22 15:43:21 - [MESSAGE][PASSED] - Delayed 3 second(s)

2022-11-22 15:43:21 - [TEST_STEP][PASSED] - scoring = sendRequest(findTestObject("EngineScore", ["response_searchME_kons":response_searchME_kons, "response_searchME_spouse":response_searchME_spouse])): Send request successfully

2022-11-22 15:43:22 - [MESSAGE][INFO] - HAR: D:\DMS\Engine Scoring\Reports\20221122_153620\Exclude KKB - DS\Scoring Individu - Used\20221122_153620\requests\main\169.har

2022-11-22 15:43:22 - [MESSAGE][PASSED] - Send request successfully

2022-11-22 15:43:22 - [TEST_STEP][PASSED] - verifyResponseStatusCode(scoring, 200): Verify response status code successfully

2022-11-22 15:43:22 - [MESSAGE][PASSED] - Verify response status code successfully

2022-11-22 15:43:22 - [TEST_STEP][PASSED] - response2 = scoring.getResponseText(): null

2022-11-22 15:43:22 - [TEST_STEP][PASSED] - markPassed("result service data ke : " + no): result service data ke : 85

2022-11-22 15:43:22 - [MESSAGE][PASSED] - result service data ke : 85

2022-11-22 15:43:22 - [TEST_STEP][PASSED] - logInfo($response2): {"result_konsumen":"Approve","result_pasangan":"","Final_result":"Approve","errorMessage":"","status":"Done"}

2022-11-22 15:43:22 - [MESSAGE][INFO] - {"result_konsumen":"Approve","result_pasangan":"","Final_result":"Approve","errorMessage":"","status":"Done"}

2022-11-22 15:43:22 - [TEST_STEP][PASSED] - verifyElementPropertyValue(scoring, "Final_result", final_result): Verify element property value successfully

2022-11-22 15:43:22 - [MESSAGE][PASSED] - Verify element property value successfully]]></system-out>
         <system-err><![CDATA[]]></system-err>
      </testcase>
      <testcase name="Test Cases/Engine_Scoring/Engine Scoring" time="4.866" classname="Test Cases/Engine_Scoring/Engine Scoring" status="PASSED">
         <system-out><![CDATA[2022-11-22 15:43:22 - [TEST_CASE][PASSED] - Test Cases/Engine_Scoring/Engine Scoring: Test Cases/Engine_Scoring/Engine Scoring

2022-11-22 15:43:22 - [TEST_STEP][PASSED] - markPassed("Variasi data ke : " + no): Variasi data ke : 86

2022-11-22 15:43:22 - [MESSAGE][PASSED] - Variasi data ke : 86

2022-11-22 15:43:22 - [TEST_STEP][PASSED] - req_data = sendRequest(findTestObject("Search_ME", ["MID":MID, "source":source, "ip":ip, "userid":userid, "branch":branch, "tipekons":tipekons, "marital":marital, "penjamin":penjamin, ... ])): Send request successfully

2022-11-22 15:43:23 - [MESSAGE][INFO] - HAR: D:\DMS\Engine Scoring\Reports\20221122_153620\Exclude KKB - DS\Scoring Individu - Used\20221122_153620\requests\main\170.har

2022-11-22 15:43:23 - [MESSAGE][PASSED] - Send request successfully

2022-11-22 15:43:23 - [TEST_STEP][PASSED] - slurper = new groovy.json.JsonSlurper(): null

2022-11-22 15:43:23 - [TEST_STEP][PASSED] - result = slurper.parseText(req_data.getResponseBodyContent()): null

2022-11-22 15:43:23 - [TEST_STEP][PASSED] - reqid_kons = requestid1: null

2022-11-22 15:43:23 - [TEST_STEP][PASSED] - reqid_spouse = requestid2: null

2022-11-22 15:43:23 - [TEST_STEP][PASSED] - println("requestid kons : " + reqid_kons): null

2022-11-22 15:43:23 - [TEST_STEP][PASSED] - response_searchME_kons = reqid_kons: null

2022-11-22 15:43:23 - [TEST_STEP][PASSED] - response_searchME_spouse = reqid_spouse: null

2022-11-22 15:43:23 - [TEST_STEP][PASSED] - println("kons req id is :" + response_searchME_kons): null

2022-11-22 15:43:23 - [TEST_STEP][PASSED] - println("spouse req id is : " + response_searchME_spouse): null

2022-11-22 15:43:23 - [TEST_STEP][PASSED] - verifyResponseStatusCode(req_data, 200): Verify response status code successfully

2022-11-22 15:43:23 - [MESSAGE][PASSED] - Verify response status code successfully

2022-11-22 15:43:23 - [TEST_STEP][PASSED] - response = req_data.getResponseText(): null

2022-11-22 15:43:23 - [TEST_STEP][PASSED] - logInfo($response): {"status":"Done","data":{"requestid1":"241918","requestid2":""}}

2022-11-22 15:43:23 - [MESSAGE][INFO] - {"status":"Done","data":{"requestid1":"241918","requestid2":""}}

2022-11-22 15:43:23 - [TEST_STEP][PASSED] - delay(3): Delayed 3 second(s)

2022-11-22 15:43:26 - [MESSAGE][PASSED] - Delayed 3 second(s)

2022-11-22 15:43:26 - [TEST_STEP][PASSED] - scoring = sendRequest(findTestObject("EngineScore", ["response_searchME_kons":response_searchME_kons, "response_searchME_spouse":response_searchME_spouse])): Send request successfully

2022-11-22 15:43:26 - [MESSAGE][INFO] - HAR: D:\DMS\Engine Scoring\Reports\20221122_153620\Exclude KKB - DS\Scoring Individu - Used\20221122_153620\requests\main\171.har

2022-11-22 15:43:26 - [MESSAGE][PASSED] - Send request successfully

2022-11-22 15:43:26 - [TEST_STEP][PASSED] - verifyResponseStatusCode(scoring, 200): Verify response status code successfully

2022-11-22 15:43:26 - [MESSAGE][PASSED] - Verify response status code successfully

2022-11-22 15:43:26 - [TEST_STEP][PASSED] - response2 = scoring.getResponseText(): null

2022-11-22 15:43:26 - [TEST_STEP][PASSED] - markPassed("result service data ke : " + no): result service data ke : 86

2022-11-22 15:43:26 - [MESSAGE][PASSED] - result service data ke : 86

2022-11-22 15:43:26 - [TEST_STEP][PASSED] - logInfo($response2): {"result_konsumen":"Approve","result_pasangan":"","Final_result":"Approve","errorMessage":"","status":"Done"}

2022-11-22 15:43:26 - [MESSAGE][INFO] - {"result_konsumen":"Approve","result_pasangan":"","Final_result":"Approve","errorMessage":"","status":"Done"}

2022-11-22 15:43:26 - [TEST_STEP][PASSED] - verifyElementPropertyValue(scoring, "Final_result", final_result): Verify element property value successfully

2022-11-22 15:43:26 - [MESSAGE][PASSED] - Verify element property value successfully]]></system-out>
         <system-err><![CDATA[]]></system-err>
      </testcase>
      <testcase name="Test Cases/Engine_Scoring/Engine Scoring" time="5.157" classname="Test Cases/Engine_Scoring/Engine Scoring" status="PASSED">
         <system-out><![CDATA[2022-11-22 15:43:27 - [TEST_CASE][PASSED] - Test Cases/Engine_Scoring/Engine Scoring: Test Cases/Engine_Scoring/Engine Scoring

2022-11-22 15:43:28 - [TEST_STEP][PASSED] - markPassed("Variasi data ke : " + no): Variasi data ke : 87

2022-11-22 15:43:28 - [MESSAGE][PASSED] - Variasi data ke : 87

2022-11-22 15:43:28 - [TEST_STEP][PASSED] - req_data = sendRequest(findTestObject("Search_ME", ["MID":MID, "source":source, "ip":ip, "userid":userid, "branch":branch, "tipekons":tipekons, "marital":marital, "penjamin":penjamin, ... ])): Send request successfully

2022-11-22 15:43:29 - [MESSAGE][INFO] - HAR: D:\DMS\Engine Scoring\Reports\20221122_153620\Exclude KKB - DS\Scoring Individu - Used\20221122_153620\requests\main\172.har

2022-11-22 15:43:29 - [MESSAGE][PASSED] - Send request successfully

2022-11-22 15:43:29 - [TEST_STEP][PASSED] - slurper = new groovy.json.JsonSlurper(): null

2022-11-22 15:43:29 - [TEST_STEP][PASSED] - result = slurper.parseText(req_data.getResponseBodyContent()): null

2022-11-22 15:43:29 - [TEST_STEP][PASSED] - reqid_kons = requestid1: null

2022-11-22 15:43:29 - [TEST_STEP][PASSED] - reqid_spouse = requestid2: null

2022-11-22 15:43:29 - [TEST_STEP][PASSED] - println("requestid kons : " + reqid_kons): null

2022-11-22 15:43:29 - [TEST_STEP][PASSED] - response_searchME_kons = reqid_kons: null

2022-11-22 15:43:29 - [TEST_STEP][PASSED] - response_searchME_spouse = reqid_spouse: null

2022-11-22 15:43:29 - [TEST_STEP][PASSED] - println("kons req id is :" + response_searchME_kons): null

2022-11-22 15:43:29 - [TEST_STEP][PASSED] - println("spouse req id is : " + response_searchME_spouse): null

2022-11-22 15:43:29 - [TEST_STEP][PASSED] - verifyResponseStatusCode(req_data, 200): Verify response status code successfully

2022-11-22 15:43:29 - [MESSAGE][PASSED] - Verify response status code successfully

2022-11-22 15:43:29 - [TEST_STEP][PASSED] - response = req_data.getResponseText(): null

2022-11-22 15:43:29 - [TEST_STEP][PASSED] - logInfo($response): {"status":"Done","data":{"requestid1":"241919","requestid2":""}}

2022-11-22 15:43:29 - [MESSAGE][INFO] - {"status":"Done","data":{"requestid1":"241919","requestid2":""}}

2022-11-22 15:43:29 - [TEST_STEP][PASSED] - delay(3): Delayed 3 second(s)

2022-11-22 15:43:32 - [MESSAGE][PASSED] - Delayed 3 second(s)

2022-11-22 15:43:32 - [TEST_STEP][PASSED] - scoring = sendRequest(findTestObject("EngineScore", ["response_searchME_kons":response_searchME_kons, "response_searchME_spouse":response_searchME_spouse])): Send request successfully

2022-11-22 15:43:32 - [MESSAGE][INFO] - HAR: D:\DMS\Engine Scoring\Reports\20221122_153620\Exclude KKB - DS\Scoring Individu - Used\20221122_153620\requests\main\173.har

2022-11-22 15:43:32 - [MESSAGE][PASSED] - Send request successfully

2022-11-22 15:43:32 - [TEST_STEP][PASSED] - verifyResponseStatusCode(scoring, 200): Verify response status code successfully

2022-11-22 15:43:32 - [MESSAGE][PASSED] - Verify response status code successfully

2022-11-22 15:43:32 - [TEST_STEP][PASSED] - response2 = scoring.getResponseText(): null

2022-11-22 15:43:32 - [TEST_STEP][PASSED] - markPassed("result service data ke : " + no): result service data ke : 87

2022-11-22 15:43:32 - [MESSAGE][PASSED] - result service data ke : 87

2022-11-22 15:43:32 - [TEST_STEP][PASSED] - logInfo($response2): {"result_konsumen":"Approve","result_pasangan":"","Final_result":"Approve","errorMessage":"","status":"Done"}

2022-11-22 15:43:32 - [MESSAGE][INFO] - {"result_konsumen":"Approve","result_pasangan":"","Final_result":"Approve","errorMessage":"","status":"Done"}

2022-11-22 15:43:32 - [TEST_STEP][PASSED] - verifyElementPropertyValue(scoring, "Final_result", final_result): Verify element property value successfully

2022-11-22 15:43:32 - [MESSAGE][PASSED] - Verify element property value successfully]]></system-out>
         <system-err><![CDATA[]]></system-err>
      </testcase>
      <testcase name="Test Cases/Engine_Scoring/Engine Scoring" time="5.139" classname="Test Cases/Engine_Scoring/Engine Scoring" status="PASSED">
         <system-out><![CDATA[2022-11-22 15:43:32 - [TEST_CASE][PASSED] - Test Cases/Engine_Scoring/Engine Scoring: Test Cases/Engine_Scoring/Engine Scoring

2022-11-22 15:43:33 - [TEST_STEP][PASSED] - markPassed("Variasi data ke : " + no): Variasi data ke : 88

2022-11-22 15:43:33 - [MESSAGE][PASSED] - Variasi data ke : 88

2022-11-22 15:43:33 - [TEST_STEP][PASSED] - req_data = sendRequest(findTestObject("Search_ME", ["MID":MID, "source":source, "ip":ip, "userid":userid, "branch":branch, "tipekons":tipekons, "marital":marital, "penjamin":penjamin, ... ])): Send request successfully

2022-11-22 15:43:34 - [MESSAGE][INFO] - HAR: D:\DMS\Engine Scoring\Reports\20221122_153620\Exclude KKB - DS\Scoring Individu - Used\20221122_153620\requests\main\174.har

2022-11-22 15:43:34 - [MESSAGE][PASSED] - Send request successfully

2022-11-22 15:43:34 - [TEST_STEP][PASSED] - slurper = new groovy.json.JsonSlurper(): null

2022-11-22 15:43:34 - [TEST_STEP][PASSED] - result = slurper.parseText(req_data.getResponseBodyContent()): null

2022-11-22 15:43:34 - [TEST_STEP][PASSED] - reqid_kons = requestid1: null

2022-11-22 15:43:34 - [TEST_STEP][PASSED] - reqid_spouse = requestid2: null

2022-11-22 15:43:34 - [TEST_STEP][PASSED] - println("requestid kons : " + reqid_kons): null

2022-11-22 15:43:34 - [TEST_STEP][PASSED] - response_searchME_kons = reqid_kons: null

2022-11-22 15:43:34 - [TEST_STEP][PASSED] - response_searchME_spouse = reqid_spouse: null

2022-11-22 15:43:34 - [TEST_STEP][PASSED] - println("kons req id is :" + response_searchME_kons): null

2022-11-22 15:43:34 - [TEST_STEP][PASSED] - println("spouse req id is : " + response_searchME_spouse): null

2022-11-22 15:43:34 - [TEST_STEP][PASSED] - verifyResponseStatusCode(req_data, 200): Verify response status code successfully

2022-11-22 15:43:34 - [MESSAGE][PASSED] - Verify response status code successfully

2022-11-22 15:43:34 - [TEST_STEP][PASSED] - response = req_data.getResponseText(): null

2022-11-22 15:43:34 - [TEST_STEP][PASSED] - logInfo($response): {"status":"Done","data":{"requestid1":"241920","requestid2":""}}

2022-11-22 15:43:34 - [MESSAGE][INFO] - {"status":"Done","data":{"requestid1":"241920","requestid2":""}}

2022-11-22 15:43:34 - [TEST_STEP][PASSED] - delay(3): Delayed 3 second(s)

2022-11-22 15:43:37 - [MESSAGE][PASSED] - Delayed 3 second(s)

2022-11-22 15:43:37 - [TEST_STEP][PASSED] - scoring = sendRequest(findTestObject("EngineScore", ["response_searchME_kons":response_searchME_kons, "response_searchME_spouse":response_searchME_spouse])): Send request successfully

2022-11-22 15:43:37 - [MESSAGE][INFO] - HAR: D:\DMS\Engine Scoring\Reports\20221122_153620\Exclude KKB - DS\Scoring Individu - Used\20221122_153620\requests\main\175.har

2022-11-22 15:43:37 - [MESSAGE][PASSED] - Send request successfully

2022-11-22 15:43:37 - [TEST_STEP][PASSED] - verifyResponseStatusCode(scoring, 200): Verify response status code successfully

2022-11-22 15:43:37 - [MESSAGE][PASSED] - Verify response status code successfully

2022-11-22 15:43:37 - [TEST_STEP][PASSED] - response2 = scoring.getResponseText(): null

2022-11-22 15:43:37 - [TEST_STEP][PASSED] - markPassed("result service data ke : " + no): result service data ke : 88

2022-11-22 15:43:37 - [MESSAGE][PASSED] - result service data ke : 88

2022-11-22 15:43:37 - [TEST_STEP][PASSED] - logInfo($response2): {"result_konsumen":"Approve","result_pasangan":"","Final_result":"Approve","errorMessage":"","status":"Done"}

2022-11-22 15:43:37 - [MESSAGE][INFO] - {"result_konsumen":"Approve","result_pasangan":"","Final_result":"Approve","errorMessage":"","status":"Done"}

2022-11-22 15:43:37 - [TEST_STEP][PASSED] - verifyElementPropertyValue(scoring, "Final_result", final_result): Verify element property value successfully

2022-11-22 15:43:37 - [MESSAGE][PASSED] - Verify element property value successfully]]></system-out>
         <system-err><![CDATA[]]></system-err>
      </testcase>
      <testcase name="Test Cases/Engine_Scoring/Engine Scoring" time="5.232" classname="Test Cases/Engine_Scoring/Engine Scoring" status="PASSED">
         <system-out><![CDATA[2022-11-22 15:43:37 - [TEST_CASE][PASSED] - Test Cases/Engine_Scoring/Engine Scoring: Test Cases/Engine_Scoring/Engine Scoring

2022-11-22 15:43:38 - [TEST_STEP][PASSED] - markPassed("Variasi data ke : " + no): Variasi data ke : 89

2022-11-22 15:43:38 - [MESSAGE][PASSED] - Variasi data ke : 89

2022-11-22 15:43:38 - [TEST_STEP][PASSED] - req_data = sendRequest(findTestObject("Search_ME", ["MID":MID, "source":source, "ip":ip, "userid":userid, "branch":branch, "tipekons":tipekons, "marital":marital, "penjamin":penjamin, ... ])): Send request successfully

2022-11-22 15:43:39 - [MESSAGE][INFO] - HAR: D:\DMS\Engine Scoring\Reports\20221122_153620\Exclude KKB - DS\Scoring Individu - Used\20221122_153620\requests\main\176.har

2022-11-22 15:43:39 - [MESSAGE][PASSED] - Send request successfully

2022-11-22 15:43:39 - [TEST_STEP][PASSED] - slurper = new groovy.json.JsonSlurper(): null

2022-11-22 15:43:39 - [TEST_STEP][PASSED] - result = slurper.parseText(req_data.getResponseBodyContent()): null

2022-11-22 15:43:39 - [TEST_STEP][PASSED] - reqid_kons = requestid1: null

2022-11-22 15:43:39 - [TEST_STEP][PASSED] - reqid_spouse = requestid2: null

2022-11-22 15:43:39 - [TEST_STEP][PASSED] - println("requestid kons : " + reqid_kons): null

2022-11-22 15:43:39 - [TEST_STEP][PASSED] - response_searchME_kons = reqid_kons: null

2022-11-22 15:43:39 - [TEST_STEP][PASSED] - response_searchME_spouse = reqid_spouse: null

2022-11-22 15:43:39 - [TEST_STEP][PASSED] - println("kons req id is :" + response_searchME_kons): null

2022-11-22 15:43:39 - [TEST_STEP][PASSED] - println("spouse req id is : " + response_searchME_spouse): null

2022-11-22 15:43:39 - [TEST_STEP][PASSED] - verifyResponseStatusCode(req_data, 200): Verify response status code successfully

2022-11-22 15:43:39 - [MESSAGE][PASSED] - Verify response status code successfully

2022-11-22 15:43:39 - [TEST_STEP][PASSED] - response = req_data.getResponseText(): null

2022-11-22 15:43:39 - [TEST_STEP][PASSED] - logInfo($response): {"status":"Done","data":{"requestid1":"241921","requestid2":""}}

2022-11-22 15:43:39 - [MESSAGE][INFO] - {"status":"Done","data":{"requestid1":"241921","requestid2":""}}

2022-11-22 15:43:39 - [TEST_STEP][PASSED] - delay(3): Delayed 3 second(s)

2022-11-22 15:43:42 - [MESSAGE][PASSED] - Delayed 3 second(s)

2022-11-22 15:43:42 - [TEST_STEP][PASSED] - scoring = sendRequest(findTestObject("EngineScore", ["response_searchME_kons":response_searchME_kons, "response_searchME_spouse":response_searchME_spouse])): Send request successfully

2022-11-22 15:43:42 - [MESSAGE][INFO] - HAR: D:\DMS\Engine Scoring\Reports\20221122_153620\Exclude KKB - DS\Scoring Individu - Used\20221122_153620\requests\main\177.har

2022-11-22 15:43:42 - [MESSAGE][PASSED] - Send request successfully

2022-11-22 15:43:42 - [TEST_STEP][PASSED] - verifyResponseStatusCode(scoring, 200): Verify response status code successfully

2022-11-22 15:43:42 - [MESSAGE][PASSED] - Verify response status code successfully

2022-11-22 15:43:42 - [TEST_STEP][PASSED] - response2 = scoring.getResponseText(): null

2022-11-22 15:43:42 - [TEST_STEP][PASSED] - markPassed("result service data ke : " + no): result service data ke : 89

2022-11-22 15:43:42 - [MESSAGE][PASSED] - result service data ke : 89

2022-11-22 15:43:42 - [TEST_STEP][PASSED] - logInfo($response2): {"result_konsumen":"Approve","result_pasangan":"","Final_result":"Approve","errorMessage":"","status":"Done"}

2022-11-22 15:43:42 - [MESSAGE][INFO] - {"result_konsumen":"Approve","result_pasangan":"","Final_result":"Approve","errorMessage":"","status":"Done"}

2022-11-22 15:43:42 - [TEST_STEP][PASSED] - verifyElementPropertyValue(scoring, "Final_result", final_result): Verify element property value successfully

2022-11-22 15:43:42 - [MESSAGE][PASSED] - Verify element property value successfully]]></system-out>
         <system-err><![CDATA[]]></system-err>
      </testcase>
      <testcase name="Test Cases/Engine_Scoring/Engine Scoring" time="5.204" classname="Test Cases/Engine_Scoring/Engine Scoring" status="PASSED">
         <system-out><![CDATA[2022-11-22 15:43:42 - [TEST_CASE][PASSED] - Test Cases/Engine_Scoring/Engine Scoring: Test Cases/Engine_Scoring/Engine Scoring

2022-11-22 15:43:43 - [TEST_STEP][PASSED] - markPassed("Variasi data ke : " + no): Variasi data ke : 90

2022-11-22 15:43:43 - [MESSAGE][PASSED] - Variasi data ke : 90

2022-11-22 15:43:43 - [TEST_STEP][PASSED] - req_data = sendRequest(findTestObject("Search_ME", ["MID":MID, "source":source, "ip":ip, "userid":userid, "branch":branch, "tipekons":tipekons, "marital":marital, "penjamin":penjamin, ... ])): Send request successfully

2022-11-22 15:43:45 - [MESSAGE][INFO] - HAR: D:\DMS\Engine Scoring\Reports\20221122_153620\Exclude KKB - DS\Scoring Individu - Used\20221122_153620\requests\main\178.har

2022-11-22 15:43:45 - [MESSAGE][PASSED] - Send request successfully

2022-11-22 15:43:45 - [TEST_STEP][PASSED] - slurper = new groovy.json.JsonSlurper(): null

2022-11-22 15:43:45 - [TEST_STEP][PASSED] - result = slurper.parseText(req_data.getResponseBodyContent()): null

2022-11-22 15:43:45 - [TEST_STEP][PASSED] - reqid_kons = requestid1: null

2022-11-22 15:43:45 - [TEST_STEP][PASSED] - reqid_spouse = requestid2: null

2022-11-22 15:43:45 - [TEST_STEP][PASSED] - println("requestid kons : " + reqid_kons): null

2022-11-22 15:43:45 - [TEST_STEP][PASSED] - response_searchME_kons = reqid_kons: null

2022-11-22 15:43:45 - [TEST_STEP][PASSED] - response_searchME_spouse = reqid_spouse: null

2022-11-22 15:43:45 - [TEST_STEP][PASSED] - println("kons req id is :" + response_searchME_kons): null

2022-11-22 15:43:45 - [TEST_STEP][PASSED] - println("spouse req id is : " + response_searchME_spouse): null

2022-11-22 15:43:45 - [TEST_STEP][PASSED] - verifyResponseStatusCode(req_data, 200): Verify response status code successfully

2022-11-22 15:43:45 - [MESSAGE][PASSED] - Verify response status code successfully

2022-11-22 15:43:45 - [TEST_STEP][PASSED] - response = req_data.getResponseText(): null

2022-11-22 15:43:45 - [TEST_STEP][PASSED] - logInfo($response): {"status":"Done","data":{"requestid1":"241922","requestid2":""}}

2022-11-22 15:43:45 - [MESSAGE][INFO] - {"status":"Done","data":{"requestid1":"241922","requestid2":""}}

2022-11-22 15:43:45 - [TEST_STEP][PASSED] - delay(3): Delayed 3 second(s)

2022-11-22 15:43:48 - [MESSAGE][PASSED] - Delayed 3 second(s)

2022-11-22 15:43:48 - [TEST_STEP][PASSED] - scoring = sendRequest(findTestObject("EngineScore", ["response_searchME_kons":response_searchME_kons, "response_searchME_spouse":response_searchME_spouse])): Send request successfully

2022-11-22 15:43:48 - [MESSAGE][INFO] - HAR: D:\DMS\Engine Scoring\Reports\20221122_153620\Exclude KKB - DS\Scoring Individu - Used\20221122_153620\requests\main\179.har

2022-11-22 15:43:48 - [MESSAGE][PASSED] - Send request successfully

2022-11-22 15:43:48 - [TEST_STEP][PASSED] - verifyResponseStatusCode(scoring, 200): Verify response status code successfully

2022-11-22 15:43:48 - [MESSAGE][PASSED] - Verify response status code successfully

2022-11-22 15:43:48 - [TEST_STEP][PASSED] - response2 = scoring.getResponseText(): null

2022-11-22 15:43:48 - [TEST_STEP][PASSED] - markPassed("result service data ke : " + no): result service data ke : 90

2022-11-22 15:43:48 - [MESSAGE][PASSED] - result service data ke : 90

2022-11-22 15:43:48 - [TEST_STEP][PASSED] - logInfo($response2): {"result_konsumen":"Approve","result_pasangan":"","Final_result":"Approve","errorMessage":"","status":"Done"}

2022-11-22 15:43:48 - [MESSAGE][INFO] - {"result_konsumen":"Approve","result_pasangan":"","Final_result":"Approve","errorMessage":"","status":"Done"}

2022-11-22 15:43:48 - [TEST_STEP][PASSED] - verifyElementPropertyValue(scoring, "Final_result", final_result): Verify element property value successfully

2022-11-22 15:43:48 - [MESSAGE][PASSED] - Verify element property value successfully]]></system-out>
         <system-err><![CDATA[]]></system-err>
      </testcase>
      <testcase name="Test Cases/Engine_Scoring/Engine Scoring" time="5.295" classname="Test Cases/Engine_Scoring/Engine Scoring" status="PASSED">
         <system-out><![CDATA[2022-11-22 15:43:48 - [TEST_CASE][PASSED] - Test Cases/Engine_Scoring/Engine Scoring: Test Cases/Engine_Scoring/Engine Scoring

2022-11-22 15:43:49 - [TEST_STEP][PASSED] - markPassed("Variasi data ke : " + no): Variasi data ke : 91

2022-11-22 15:43:49 - [MESSAGE][PASSED] - Variasi data ke : 91

2022-11-22 15:43:49 - [TEST_STEP][PASSED] - req_data = sendRequest(findTestObject("Search_ME", ["MID":MID, "source":source, "ip":ip, "userid":userid, "branch":branch, "tipekons":tipekons, "marital":marital, "penjamin":penjamin, ... ])): Send request successfully

2022-11-22 15:43:50 - [MESSAGE][INFO] - HAR: D:\DMS\Engine Scoring\Reports\20221122_153620\Exclude KKB - DS\Scoring Individu - Used\20221122_153620\requests\main\180.har

2022-11-22 15:43:50 - [MESSAGE][PASSED] - Send request successfully

2022-11-22 15:43:50 - [TEST_STEP][PASSED] - slurper = new groovy.json.JsonSlurper(): null

2022-11-22 15:43:50 - [TEST_STEP][PASSED] - result = slurper.parseText(req_data.getResponseBodyContent()): null

2022-11-22 15:43:50 - [TEST_STEP][PASSED] - reqid_kons = requestid1: null

2022-11-22 15:43:50 - [TEST_STEP][PASSED] - reqid_spouse = requestid2: null

2022-11-22 15:43:50 - [TEST_STEP][PASSED] - println("requestid kons : " + reqid_kons): null

2022-11-22 15:43:50 - [TEST_STEP][PASSED] - response_searchME_kons = reqid_kons: null

2022-11-22 15:43:50 - [TEST_STEP][PASSED] - response_searchME_spouse = reqid_spouse: null

2022-11-22 15:43:50 - [TEST_STEP][PASSED] - println("kons req id is :" + response_searchME_kons): null

2022-11-22 15:43:50 - [TEST_STEP][PASSED] - println("spouse req id is : " + response_searchME_spouse): null

2022-11-22 15:43:50 - [TEST_STEP][PASSED] - verifyResponseStatusCode(req_data, 200): Verify response status code successfully

2022-11-22 15:43:50 - [MESSAGE][PASSED] - Verify response status code successfully

2022-11-22 15:43:50 - [TEST_STEP][PASSED] - response = req_data.getResponseText(): null

2022-11-22 15:43:50 - [TEST_STEP][PASSED] - logInfo($response): {"status":"Done","data":{"requestid1":"241923","requestid2":""}}

2022-11-22 15:43:50 - [MESSAGE][INFO] - {"status":"Done","data":{"requestid1":"241923","requestid2":""}}

2022-11-22 15:43:50 - [TEST_STEP][PASSED] - delay(3): Delayed 3 second(s)

2022-11-22 15:43:53 - [MESSAGE][PASSED] - Delayed 3 second(s)

2022-11-22 15:43:53 - [TEST_STEP][PASSED] - scoring = sendRequest(findTestObject("EngineScore", ["response_searchME_kons":response_searchME_kons, "response_searchME_spouse":response_searchME_spouse])): Send request successfully

2022-11-22 15:43:53 - [MESSAGE][INFO] - HAR: D:\DMS\Engine Scoring\Reports\20221122_153620\Exclude KKB - DS\Scoring Individu - Used\20221122_153620\requests\main\181.har

2022-11-22 15:43:53 - [MESSAGE][PASSED] - Send request successfully

2022-11-22 15:43:53 - [TEST_STEP][PASSED] - verifyResponseStatusCode(scoring, 200): Verify response status code successfully

2022-11-22 15:43:53 - [MESSAGE][PASSED] - Verify response status code successfully

2022-11-22 15:43:53 - [TEST_STEP][PASSED] - response2 = scoring.getResponseText(): null

2022-11-22 15:43:53 - [TEST_STEP][PASSED] - markPassed("result service data ke : " + no): result service data ke : 91

2022-11-22 15:43:53 - [MESSAGE][PASSED] - result service data ke : 91

2022-11-22 15:43:53 - [TEST_STEP][PASSED] - logInfo($response2): {"result_konsumen":"Approve","result_pasangan":"","Final_result":"Approve","errorMessage":"","status":"Done"}

2022-11-22 15:43:53 - [MESSAGE][INFO] - {"result_konsumen":"Approve","result_pasangan":"","Final_result":"Approve","errorMessage":"","status":"Done"}

2022-11-22 15:43:53 - [TEST_STEP][PASSED] - verifyElementPropertyValue(scoring, "Final_result", final_result): Verify element property value successfully

2022-11-22 15:43:53 - [MESSAGE][PASSED] - Verify element property value successfully]]></system-out>
         <system-err><![CDATA[]]></system-err>
      </testcase>
      <testcase name="Test Cases/Engine_Scoring/Engine Scoring" time="4.963" classname="Test Cases/Engine_Scoring/Engine Scoring" status="PASSED">
         <system-out><![CDATA[2022-11-22 15:43:53 - [TEST_CASE][PASSED] - Test Cases/Engine_Scoring/Engine Scoring: Test Cases/Engine_Scoring/Engine Scoring

2022-11-22 15:43:54 - [TEST_STEP][PASSED] - markPassed("Variasi data ke : " + no): Variasi data ke : 92

2022-11-22 15:43:54 - [MESSAGE][PASSED] - Variasi data ke : 92

2022-11-22 15:43:54 - [TEST_STEP][PASSED] - req_data = sendRequest(findTestObject("Search_ME", ["MID":MID, "source":source, "ip":ip, "userid":userid, "branch":branch, "tipekons":tipekons, "marital":marital, "penjamin":penjamin, ... ])): Send request successfully

2022-11-22 15:43:55 - [MESSAGE][INFO] - HAR: D:\DMS\Engine Scoring\Reports\20221122_153620\Exclude KKB - DS\Scoring Individu - Used\20221122_153620\requests\main\182.har

2022-11-22 15:43:55 - [MESSAGE][PASSED] - Send request successfully

2022-11-22 15:43:55 - [TEST_STEP][PASSED] - slurper = new groovy.json.JsonSlurper(): null

2022-11-22 15:43:55 - [TEST_STEP][PASSED] - result = slurper.parseText(req_data.getResponseBodyContent()): null

2022-11-22 15:43:55 - [TEST_STEP][PASSED] - reqid_kons = requestid1: null

2022-11-22 15:43:55 - [TEST_STEP][PASSED] - reqid_spouse = requestid2: null

2022-11-22 15:43:55 - [TEST_STEP][PASSED] - println("requestid kons : " + reqid_kons): null

2022-11-22 15:43:55 - [TEST_STEP][PASSED] - response_searchME_kons = reqid_kons: null

2022-11-22 15:43:55 - [TEST_STEP][PASSED] - response_searchME_spouse = reqid_spouse: null

2022-11-22 15:43:55 - [TEST_STEP][PASSED] - println("kons req id is :" + response_searchME_kons): null

2022-11-22 15:43:55 - [TEST_STEP][PASSED] - println("spouse req id is : " + response_searchME_spouse): null

2022-11-22 15:43:55 - [TEST_STEP][PASSED] - verifyResponseStatusCode(req_data, 200): Verify response status code successfully

2022-11-22 15:43:55 - [MESSAGE][PASSED] - Verify response status code successfully

2022-11-22 15:43:55 - [TEST_STEP][PASSED] - response = req_data.getResponseText(): null

2022-11-22 15:43:55 - [TEST_STEP][PASSED] - logInfo($response): {"status":"Done","data":{"requestid1":"241924","requestid2":""}}

2022-11-22 15:43:55 - [MESSAGE][INFO] - {"status":"Done","data":{"requestid1":"241924","requestid2":""}}

2022-11-22 15:43:55 - [TEST_STEP][PASSED] - delay(3): Delayed 3 second(s)

2022-11-22 15:43:58 - [MESSAGE][PASSED] - Delayed 3 second(s)

2022-11-22 15:43:58 - [TEST_STEP][PASSED] - scoring = sendRequest(findTestObject("EngineScore", ["response_searchME_kons":response_searchME_kons, "response_searchME_spouse":response_searchME_spouse])): Send request successfully

2022-11-22 15:43:58 - [MESSAGE][INFO] - HAR: D:\DMS\Engine Scoring\Reports\20221122_153620\Exclude KKB - DS\Scoring Individu - Used\20221122_153620\requests\main\183.har

2022-11-22 15:43:58 - [MESSAGE][PASSED] - Send request successfully

2022-11-22 15:43:58 - [TEST_STEP][PASSED] - verifyResponseStatusCode(scoring, 200): Verify response status code successfully

2022-11-22 15:43:58 - [MESSAGE][PASSED] - Verify response status code successfully

2022-11-22 15:43:58 - [TEST_STEP][PASSED] - response2 = scoring.getResponseText(): null

2022-11-22 15:43:58 - [TEST_STEP][PASSED] - markPassed("result service data ke : " + no): result service data ke : 92

2022-11-22 15:43:58 - [MESSAGE][PASSED] - result service data ke : 92

2022-11-22 15:43:58 - [TEST_STEP][PASSED] - logInfo($response2): {"result_konsumen":"Approve","result_pasangan":"","Final_result":"Approve","errorMessage":"","status":"Done"}

2022-11-22 15:43:58 - [MESSAGE][INFO] - {"result_konsumen":"Approve","result_pasangan":"","Final_result":"Approve","errorMessage":"","status":"Done"}

2022-11-22 15:43:58 - [TEST_STEP][PASSED] - verifyElementPropertyValue(scoring, "Final_result", final_result): Verify element property value successfully

2022-11-22 15:43:58 - [MESSAGE][PASSED] - Verify element property value successfully]]></system-out>
         <system-err><![CDATA[]]></system-err>
      </testcase>
      <testcase name="Test Cases/Engine_Scoring/Engine Scoring" time="5.188" classname="Test Cases/Engine_Scoring/Engine Scoring" status="PASSED">
         <system-out><![CDATA[2022-11-22 15:43:58 - [TEST_CASE][PASSED] - Test Cases/Engine_Scoring/Engine Scoring: Test Cases/Engine_Scoring/Engine Scoring

2022-11-22 15:43:59 - [TEST_STEP][PASSED] - markPassed("Variasi data ke : " + no): Variasi data ke : 93

2022-11-22 15:43:59 - [MESSAGE][PASSED] - Variasi data ke : 93

2022-11-22 15:43:59 - [TEST_STEP][PASSED] - req_data = sendRequest(findTestObject("Search_ME", ["MID":MID, "source":source, "ip":ip, "userid":userid, "branch":branch, "tipekons":tipekons, "marital":marital, "penjamin":penjamin, ... ])): Send request successfully

2022-11-22 15:44:00 - [MESSAGE][INFO] - HAR: D:\DMS\Engine Scoring\Reports\20221122_153620\Exclude KKB - DS\Scoring Individu - Used\20221122_153620\requests\main\184.har

2022-11-22 15:44:00 - [MESSAGE][PASSED] - Send request successfully

2022-11-22 15:44:00 - [TEST_STEP][PASSED] - slurper = new groovy.json.JsonSlurper(): null

2022-11-22 15:44:00 - [TEST_STEP][PASSED] - result = slurper.parseText(req_data.getResponseBodyContent()): null

2022-11-22 15:44:00 - [TEST_STEP][PASSED] - reqid_kons = requestid1: null

2022-11-22 15:44:00 - [TEST_STEP][PASSED] - reqid_spouse = requestid2: null

2022-11-22 15:44:00 - [TEST_STEP][PASSED] - println("requestid kons : " + reqid_kons): null

2022-11-22 15:44:00 - [TEST_STEP][PASSED] - response_searchME_kons = reqid_kons: null

2022-11-22 15:44:00 - [TEST_STEP][PASSED] - response_searchME_spouse = reqid_spouse: null

2022-11-22 15:44:00 - [TEST_STEP][PASSED] - println("kons req id is :" + response_searchME_kons): null

2022-11-22 15:44:00 - [TEST_STEP][PASSED] - println("spouse req id is : " + response_searchME_spouse): null

2022-11-22 15:44:00 - [TEST_STEP][PASSED] - verifyResponseStatusCode(req_data, 200): Verify response status code successfully

2022-11-22 15:44:00 - [MESSAGE][PASSED] - Verify response status code successfully

2022-11-22 15:44:00 - [TEST_STEP][PASSED] - response = req_data.getResponseText(): null

2022-11-22 15:44:00 - [TEST_STEP][PASSED] - logInfo($response): {"status":"Done","data":{"requestid1":"241925","requestid2":""}}

2022-11-22 15:44:00 - [MESSAGE][INFO] - {"status":"Done","data":{"requestid1":"241925","requestid2":""}}

2022-11-22 15:44:00 - [TEST_STEP][PASSED] - delay(3): Delayed 3 second(s)

2022-11-22 15:44:03 - [MESSAGE][PASSED] - Delayed 3 second(s)

2022-11-22 15:44:03 - [TEST_STEP][PASSED] - scoring = sendRequest(findTestObject("EngineScore", ["response_searchME_kons":response_searchME_kons, "response_searchME_spouse":response_searchME_spouse])): Send request successfully

2022-11-22 15:44:03 - [MESSAGE][INFO] - HAR: D:\DMS\Engine Scoring\Reports\20221122_153620\Exclude KKB - DS\Scoring Individu - Used\20221122_153620\requests\main\185.har

2022-11-22 15:44:03 - [MESSAGE][PASSED] - Send request successfully

2022-11-22 15:44:03 - [TEST_STEP][PASSED] - verifyResponseStatusCode(scoring, 200): Verify response status code successfully

2022-11-22 15:44:03 - [MESSAGE][PASSED] - Verify response status code successfully

2022-11-22 15:44:03 - [TEST_STEP][PASSED] - response2 = scoring.getResponseText(): null

2022-11-22 15:44:03 - [TEST_STEP][PASSED] - markPassed("result service data ke : " + no): result service data ke : 93

2022-11-22 15:44:03 - [MESSAGE][PASSED] - result service data ke : 93

2022-11-22 15:44:03 - [TEST_STEP][PASSED] - logInfo($response2): {"result_konsumen":"Reject","result_pasangan":"","Final_result":"Reject","errorMessage":"","status":"Done"}

2022-11-22 15:44:03 - [MESSAGE][INFO] - {"result_konsumen":"Reject","result_pasangan":"","Final_result":"Reject","errorMessage":"","status":"Done"}

2022-11-22 15:44:03 - [TEST_STEP][PASSED] - verifyElementPropertyValue(scoring, "Final_result", final_result): Verify element property value successfully

2022-11-22 15:44:03 - [MESSAGE][PASSED] - Verify element property value successfully]]></system-out>
         <system-err><![CDATA[]]></system-err>
      </testcase>
      <testcase name="Test Cases/Engine_Scoring/Engine Scoring" time="5.108" classname="Test Cases/Engine_Scoring/Engine Scoring" status="PASSED">
         <system-out><![CDATA[2022-11-22 15:44:03 - [TEST_CASE][PASSED] - Test Cases/Engine_Scoring/Engine Scoring: Test Cases/Engine_Scoring/Engine Scoring

2022-11-22 15:44:04 - [TEST_STEP][PASSED] - markPassed("Variasi data ke : " + no): Variasi data ke : 94

2022-11-22 15:44:04 - [MESSAGE][PASSED] - Variasi data ke : 94

2022-11-22 15:44:04 - [TEST_STEP][PASSED] - req_data = sendRequest(findTestObject("Search_ME", ["MID":MID, "source":source, "ip":ip, "userid":userid, "branch":branch, "tipekons":tipekons, "marital":marital, "penjamin":penjamin, ... ])): Send request successfully

2022-11-22 15:44:05 - [MESSAGE][INFO] - HAR: D:\DMS\Engine Scoring\Reports\20221122_153620\Exclude KKB - DS\Scoring Individu - Used\20221122_153620\requests\main\186.har

2022-11-22 15:44:05 - [MESSAGE][PASSED] - Send request successfully

2022-11-22 15:44:05 - [TEST_STEP][PASSED] - slurper = new groovy.json.JsonSlurper(): null

2022-11-22 15:44:05 - [TEST_STEP][PASSED] - result = slurper.parseText(req_data.getResponseBodyContent()): null

2022-11-22 15:44:05 - [TEST_STEP][PASSED] - reqid_kons = requestid1: null

2022-11-22 15:44:05 - [TEST_STEP][PASSED] - reqid_spouse = requestid2: null

2022-11-22 15:44:05 - [TEST_STEP][PASSED] - println("requestid kons : " + reqid_kons): null

2022-11-22 15:44:05 - [TEST_STEP][PASSED] - response_searchME_kons = reqid_kons: null

2022-11-22 15:44:05 - [TEST_STEP][PASSED] - response_searchME_spouse = reqid_spouse: null

2022-11-22 15:44:05 - [TEST_STEP][PASSED] - println("kons req id is :" + response_searchME_kons): null

2022-11-22 15:44:05 - [TEST_STEP][PASSED] - println("spouse req id is : " + response_searchME_spouse): null

2022-11-22 15:44:05 - [TEST_STEP][PASSED] - verifyResponseStatusCode(req_data, 200): Verify response status code successfully

2022-11-22 15:44:05 - [MESSAGE][PASSED] - Verify response status code successfully

2022-11-22 15:44:05 - [TEST_STEP][PASSED] - response = req_data.getResponseText(): null

2022-11-22 15:44:05 - [TEST_STEP][PASSED] - logInfo($response): {"status":"Done","data":{"requestid1":"241926","requestid2":""}}

2022-11-22 15:44:05 - [MESSAGE][INFO] - {"status":"Done","data":{"requestid1":"241926","requestid2":""}}

2022-11-22 15:44:05 - [TEST_STEP][PASSED] - delay(3): Delayed 3 second(s)

2022-11-22 15:44:08 - [MESSAGE][PASSED] - Delayed 3 second(s)

2022-11-22 15:44:08 - [TEST_STEP][PASSED] - scoring = sendRequest(findTestObject("EngineScore", ["response_searchME_kons":response_searchME_kons, "response_searchME_spouse":response_searchME_spouse])): Send request successfully

2022-11-22 15:44:08 - [MESSAGE][INFO] - HAR: D:\DMS\Engine Scoring\Reports\20221122_153620\Exclude KKB - DS\Scoring Individu - Used\20221122_153620\requests\main\187.har

2022-11-22 15:44:08 - [MESSAGE][PASSED] - Send request successfully

2022-11-22 15:44:08 - [TEST_STEP][PASSED] - verifyResponseStatusCode(scoring, 200): Verify response status code successfully

2022-11-22 15:44:08 - [MESSAGE][PASSED] - Verify response status code successfully

2022-11-22 15:44:08 - [TEST_STEP][PASSED] - response2 = scoring.getResponseText(): null

2022-11-22 15:44:08 - [TEST_STEP][PASSED] - markPassed("result service data ke : " + no): result service data ke : 94

2022-11-22 15:44:08 - [MESSAGE][PASSED] - result service data ke : 94

2022-11-22 15:44:08 - [TEST_STEP][PASSED] - logInfo($response2): {"result_konsumen":"Reject","result_pasangan":"","Final_result":"Reject","errorMessage":"","status":"Done"}

2022-11-22 15:44:08 - [MESSAGE][INFO] - {"result_konsumen":"Reject","result_pasangan":"","Final_result":"Reject","errorMessage":"","status":"Done"}

2022-11-22 15:44:08 - [TEST_STEP][PASSED] - verifyElementPropertyValue(scoring, "Final_result", final_result): Verify element property value successfully

2022-11-22 15:44:08 - [MESSAGE][PASSED] - Verify element property value successfully]]></system-out>
         <system-err><![CDATA[]]></system-err>
      </testcase>
      <testcase name="Test Cases/Engine_Scoring/Engine Scoring" time="5.043" classname="Test Cases/Engine_Scoring/Engine Scoring" status="PASSED">
         <system-out><![CDATA[2022-11-22 15:44:08 - [TEST_CASE][PASSED] - Test Cases/Engine_Scoring/Engine Scoring: Test Cases/Engine_Scoring/Engine Scoring

2022-11-22 15:44:09 - [TEST_STEP][PASSED] - markPassed("Variasi data ke : " + no): Variasi data ke : 95

2022-11-22 15:44:09 - [MESSAGE][PASSED] - Variasi data ke : 95

2022-11-22 15:44:09 - [TEST_STEP][PASSED] - req_data = sendRequest(findTestObject("Search_ME", ["MID":MID, "source":source, "ip":ip, "userid":userid, "branch":branch, "tipekons":tipekons, "marital":marital, "penjamin":penjamin, ... ])): Send request successfully

2022-11-22 15:44:10 - [MESSAGE][INFO] - HAR: D:\DMS\Engine Scoring\Reports\20221122_153620\Exclude KKB - DS\Scoring Individu - Used\20221122_153620\requests\main\188.har

2022-11-22 15:44:10 - [MESSAGE][PASSED] - Send request successfully

2022-11-22 15:44:10 - [TEST_STEP][PASSED] - slurper = new groovy.json.JsonSlurper(): null

2022-11-22 15:44:10 - [TEST_STEP][PASSED] - result = slurper.parseText(req_data.getResponseBodyContent()): null

2022-11-22 15:44:10 - [TEST_STEP][PASSED] - reqid_kons = requestid1: null

2022-11-22 15:44:10 - [TEST_STEP][PASSED] - reqid_spouse = requestid2: null

2022-11-22 15:44:10 - [TEST_STEP][PASSED] - println("requestid kons : " + reqid_kons): null

2022-11-22 15:44:10 - [TEST_STEP][PASSED] - response_searchME_kons = reqid_kons: null

2022-11-22 15:44:10 - [TEST_STEP][PASSED] - response_searchME_spouse = reqid_spouse: null

2022-11-22 15:44:10 - [TEST_STEP][PASSED] - println("kons req id is :" + response_searchME_kons): null

2022-11-22 15:44:10 - [TEST_STEP][PASSED] - println("spouse req id is : " + response_searchME_spouse): null

2022-11-22 15:44:10 - [TEST_STEP][PASSED] - verifyResponseStatusCode(req_data, 200): Verify response status code successfully

2022-11-22 15:44:10 - [MESSAGE][PASSED] - Verify response status code successfully

2022-11-22 15:44:10 - [TEST_STEP][PASSED] - response = req_data.getResponseText(): null

2022-11-22 15:44:10 - [TEST_STEP][PASSED] - logInfo($response): {"status":"Done","data":{"requestid1":"241927","requestid2":""}}

2022-11-22 15:44:10 - [MESSAGE][INFO] - {"status":"Done","data":{"requestid1":"241927","requestid2":""}}

2022-11-22 15:44:10 - [TEST_STEP][PASSED] - delay(3): Delayed 3 second(s)

2022-11-22 15:44:13 - [MESSAGE][PASSED] - Delayed 3 second(s)

2022-11-22 15:44:13 - [TEST_STEP][PASSED] - scoring = sendRequest(findTestObject("EngineScore", ["response_searchME_kons":response_searchME_kons, "response_searchME_spouse":response_searchME_spouse])): Send request successfully

2022-11-22 15:44:13 - [MESSAGE][INFO] - HAR: D:\DMS\Engine Scoring\Reports\20221122_153620\Exclude KKB - DS\Scoring Individu - Used\20221122_153620\requests\main\189.har

2022-11-22 15:44:13 - [MESSAGE][PASSED] - Send request successfully

2022-11-22 15:44:13 - [TEST_STEP][PASSED] - verifyResponseStatusCode(scoring, 200): Verify response status code successfully

2022-11-22 15:44:13 - [MESSAGE][PASSED] - Verify response status code successfully

2022-11-22 15:44:13 - [TEST_STEP][PASSED] - response2 = scoring.getResponseText(): null

2022-11-22 15:44:13 - [TEST_STEP][PASSED] - markPassed("result service data ke : " + no): result service data ke : 95

2022-11-22 15:44:13 - [MESSAGE][PASSED] - result service data ke : 95

2022-11-22 15:44:13 - [TEST_STEP][PASSED] - logInfo($response2): {"result_konsumen":"Reject","result_pasangan":"","Final_result":"Reject","errorMessage":"","status":"Done"}

2022-11-22 15:44:13 - [MESSAGE][INFO] - {"result_konsumen":"Reject","result_pasangan":"","Final_result":"Reject","errorMessage":"","status":"Done"}

2022-11-22 15:44:13 - [TEST_STEP][PASSED] - verifyElementPropertyValue(scoring, "Final_result", final_result): Verify element property value successfully

2022-11-22 15:44:13 - [MESSAGE][PASSED] - Verify element property value successfully]]></system-out>
         <system-err><![CDATA[]]></system-err>
      </testcase>
      <testcase name="Test Cases/Engine_Scoring/Engine Scoring" time="5.113" classname="Test Cases/Engine_Scoring/Engine Scoring" status="PASSED">
         <system-out><![CDATA[2022-11-22 15:44:14 - [TEST_CASE][PASSED] - Test Cases/Engine_Scoring/Engine Scoring: Test Cases/Engine_Scoring/Engine Scoring

2022-11-22 15:44:14 - [TEST_STEP][PASSED] - markPassed("Variasi data ke : " + no): Variasi data ke : 96

2022-11-22 15:44:14 - [MESSAGE][PASSED] - Variasi data ke : 96

2022-11-22 15:44:14 - [TEST_STEP][PASSED] - req_data = sendRequest(findTestObject("Search_ME", ["MID":MID, "source":source, "ip":ip, "userid":userid, "branch":branch, "tipekons":tipekons, "marital":marital, "penjamin":penjamin, ... ])): Send request successfully

2022-11-22 15:44:15 - [MESSAGE][INFO] - HAR: D:\DMS\Engine Scoring\Reports\20221122_153620\Exclude KKB - DS\Scoring Individu - Used\20221122_153620\requests\main\190.har

2022-11-22 15:44:15 - [MESSAGE][PASSED] - Send request successfully

2022-11-22 15:44:15 - [TEST_STEP][PASSED] - slurper = new groovy.json.JsonSlurper(): null

2022-11-22 15:44:15 - [TEST_STEP][PASSED] - result = slurper.parseText(req_data.getResponseBodyContent()): null

2022-11-22 15:44:15 - [TEST_STEP][PASSED] - reqid_kons = requestid1: null

2022-11-22 15:44:15 - [TEST_STEP][PASSED] - reqid_spouse = requestid2: null

2022-11-22 15:44:15 - [TEST_STEP][PASSED] - println("requestid kons : " + reqid_kons): null

2022-11-22 15:44:15 - [TEST_STEP][PASSED] - response_searchME_kons = reqid_kons: null

2022-11-22 15:44:15 - [TEST_STEP][PASSED] - response_searchME_spouse = reqid_spouse: null

2022-11-22 15:44:15 - [TEST_STEP][PASSED] - println("kons req id is :" + response_searchME_kons): null

2022-11-22 15:44:15 - [TEST_STEP][PASSED] - println("spouse req id is : " + response_searchME_spouse): null

2022-11-22 15:44:15 - [TEST_STEP][PASSED] - verifyResponseStatusCode(req_data, 200): Verify response status code successfully

2022-11-22 15:44:15 - [MESSAGE][PASSED] - Verify response status code successfully

2022-11-22 15:44:15 - [TEST_STEP][PASSED] - response = req_data.getResponseText(): null

2022-11-22 15:44:15 - [TEST_STEP][PASSED] - logInfo($response): {"status":"Done","data":{"requestid1":"241928","requestid2":""}}

2022-11-22 15:44:15 - [MESSAGE][INFO] - {"status":"Done","data":{"requestid1":"241928","requestid2":""}}

2022-11-22 15:44:15 - [TEST_STEP][PASSED] - delay(3): Delayed 3 second(s)

2022-11-22 15:44:19 - [MESSAGE][PASSED] - Delayed 3 second(s)

2022-11-22 15:44:19 - [TEST_STEP][PASSED] - scoring = sendRequest(findTestObject("EngineScore", ["response_searchME_kons":response_searchME_kons, "response_searchME_spouse":response_searchME_spouse])): Send request successfully

2022-11-22 15:44:19 - [MESSAGE][INFO] - HAR: D:\DMS\Engine Scoring\Reports\20221122_153620\Exclude KKB - DS\Scoring Individu - Used\20221122_153620\requests\main\191.har

2022-11-22 15:44:19 - [MESSAGE][PASSED] - Send request successfully

2022-11-22 15:44:19 - [TEST_STEP][PASSED] - verifyResponseStatusCode(scoring, 200): Verify response status code successfully

2022-11-22 15:44:19 - [MESSAGE][PASSED] - Verify response status code successfully

2022-11-22 15:44:19 - [TEST_STEP][PASSED] - response2 = scoring.getResponseText(): null

2022-11-22 15:44:19 - [TEST_STEP][PASSED] - markPassed("result service data ke : " + no): result service data ke : 96

2022-11-22 15:44:19 - [MESSAGE][PASSED] - result service data ke : 96

2022-11-22 15:44:19 - [TEST_STEP][PASSED] - logInfo($response2): {"result_konsumen":"Reject","result_pasangan":"","Final_result":"Reject","errorMessage":"","status":"Done"}

2022-11-22 15:44:19 - [MESSAGE][INFO] - {"result_konsumen":"Reject","result_pasangan":"","Final_result":"Reject","errorMessage":"","status":"Done"}

2022-11-22 15:44:19 - [TEST_STEP][PASSED] - verifyElementPropertyValue(scoring, "Final_result", final_result): Verify element property value successfully

2022-11-22 15:44:19 - [MESSAGE][PASSED] - Verify element property value successfully]]></system-out>
         <system-err><![CDATA[]]></system-err>
      </testcase>
      <testcase name="Test Cases/Engine_Scoring/Engine Scoring" time="5.033" classname="Test Cases/Engine_Scoring/Engine Scoring" status="PASSED">
         <system-out><![CDATA[2022-11-22 15:44:19 - [TEST_CASE][PASSED] - Test Cases/Engine_Scoring/Engine Scoring: Test Cases/Engine_Scoring/Engine Scoring

2022-11-22 15:44:20 - [TEST_STEP][PASSED] - markPassed("Variasi data ke : " + no): Variasi data ke : 97

2022-11-22 15:44:20 - [MESSAGE][PASSED] - Variasi data ke : 97

2022-11-22 15:44:20 - [TEST_STEP][PASSED] - req_data = sendRequest(findTestObject("Search_ME", ["MID":MID, "source":source, "ip":ip, "userid":userid, "branch":branch, "tipekons":tipekons, "marital":marital, "penjamin":penjamin, ... ])): Send request successfully

2022-11-22 15:44:21 - [MESSAGE][INFO] - HAR: D:\DMS\Engine Scoring\Reports\20221122_153620\Exclude KKB - DS\Scoring Individu - Used\20221122_153620\requests\main\192.har

2022-11-22 15:44:21 - [MESSAGE][PASSED] - Send request successfully

2022-11-22 15:44:21 - [TEST_STEP][PASSED] - slurper = new groovy.json.JsonSlurper(): null

2022-11-22 15:44:21 - [TEST_STEP][PASSED] - result = slurper.parseText(req_data.getResponseBodyContent()): null

2022-11-22 15:44:21 - [TEST_STEP][PASSED] - reqid_kons = requestid1: null

2022-11-22 15:44:21 - [TEST_STEP][PASSED] - reqid_spouse = requestid2: null

2022-11-22 15:44:21 - [TEST_STEP][PASSED] - println("requestid kons : " + reqid_kons): null

2022-11-22 15:44:21 - [TEST_STEP][PASSED] - response_searchME_kons = reqid_kons: null

2022-11-22 15:44:21 - [TEST_STEP][PASSED] - response_searchME_spouse = reqid_spouse: null

2022-11-22 15:44:21 - [TEST_STEP][PASSED] - println("kons req id is :" + response_searchME_kons): null

2022-11-22 15:44:21 - [TEST_STEP][PASSED] - println("spouse req id is : " + response_searchME_spouse): null

2022-11-22 15:44:21 - [TEST_STEP][PASSED] - verifyResponseStatusCode(req_data, 200): Verify response status code successfully

2022-11-22 15:44:21 - [MESSAGE][PASSED] - Verify response status code successfully

2022-11-22 15:44:21 - [TEST_STEP][PASSED] - response = req_data.getResponseText(): null

2022-11-22 15:44:21 - [TEST_STEP][PASSED] - logInfo($response): {"status":"Done","data":{"requestid1":"241929","requestid2":""}}

2022-11-22 15:44:21 - [MESSAGE][INFO] - {"status":"Done","data":{"requestid1":"241929","requestid2":""}}

2022-11-22 15:44:21 - [TEST_STEP][PASSED] - delay(3): Delayed 3 second(s)

2022-11-22 15:44:24 - [MESSAGE][PASSED] - Delayed 3 second(s)

2022-11-22 15:44:24 - [TEST_STEP][PASSED] - scoring = sendRequest(findTestObject("EngineScore", ["response_searchME_kons":response_searchME_kons, "response_searchME_spouse":response_searchME_spouse])): Send request successfully

2022-11-22 15:44:24 - [MESSAGE][INFO] - HAR: D:\DMS\Engine Scoring\Reports\20221122_153620\Exclude KKB - DS\Scoring Individu - Used\20221122_153620\requests\main\193.har

2022-11-22 15:44:24 - [MESSAGE][PASSED] - Send request successfully

2022-11-22 15:44:24 - [TEST_STEP][PASSED] - verifyResponseStatusCode(scoring, 200): Verify response status code successfully

2022-11-22 15:44:24 - [MESSAGE][PASSED] - Verify response status code successfully

2022-11-22 15:44:24 - [TEST_STEP][PASSED] - response2 = scoring.getResponseText(): null

2022-11-22 15:44:24 - [TEST_STEP][PASSED] - markPassed("result service data ke : " + no): result service data ke : 97

2022-11-22 15:44:24 - [MESSAGE][PASSED] - result service data ke : 97

2022-11-22 15:44:24 - [TEST_STEP][PASSED] - logInfo($response2): {"result_konsumen":"Approve","result_pasangan":"","Final_result":"Approve","errorMessage":"","status":"Done"}

2022-11-22 15:44:24 - [MESSAGE][INFO] - {"result_konsumen":"Approve","result_pasangan":"","Final_result":"Approve","errorMessage":"","status":"Done"}

2022-11-22 15:44:24 - [TEST_STEP][PASSED] - verifyElementPropertyValue(scoring, "Final_result", final_result): Verify element property value successfully

2022-11-22 15:44:24 - [MESSAGE][PASSED] - Verify element property value successfully]]></system-out>
         <system-err><![CDATA[]]></system-err>
      </testcase>
      <testcase name="Test Cases/Engine_Scoring/Engine Scoring" time="5.204" classname="Test Cases/Engine_Scoring/Engine Scoring" status="PASSED">
         <system-out><![CDATA[2022-11-22 15:44:24 - [TEST_CASE][PASSED] - Test Cases/Engine_Scoring/Engine Scoring: Test Cases/Engine_Scoring/Engine Scoring

2022-11-22 15:44:25 - [TEST_STEP][PASSED] - markPassed("Variasi data ke : " + no): Variasi data ke : 98

2022-11-22 15:44:25 - [MESSAGE][PASSED] - Variasi data ke : 98

2022-11-22 15:44:25 - [TEST_STEP][PASSED] - req_data = sendRequest(findTestObject("Search_ME", ["MID":MID, "source":source, "ip":ip, "userid":userid, "branch":branch, "tipekons":tipekons, "marital":marital, "penjamin":penjamin, ... ])): Send request successfully

2022-11-22 15:44:26 - [MESSAGE][INFO] - HAR: D:\DMS\Engine Scoring\Reports\20221122_153620\Exclude KKB - DS\Scoring Individu - Used\20221122_153620\requests\main\194.har

2022-11-22 15:44:26 - [MESSAGE][PASSED] - Send request successfully

2022-11-22 15:44:26 - [TEST_STEP][PASSED] - slurper = new groovy.json.JsonSlurper(): null

2022-11-22 15:44:26 - [TEST_STEP][PASSED] - result = slurper.parseText(req_data.getResponseBodyContent()): null

2022-11-22 15:44:26 - [TEST_STEP][PASSED] - reqid_kons = requestid1: null

2022-11-22 15:44:26 - [TEST_STEP][PASSED] - reqid_spouse = requestid2: null

2022-11-22 15:44:26 - [TEST_STEP][PASSED] - println("requestid kons : " + reqid_kons): null

2022-11-22 15:44:26 - [TEST_STEP][PASSED] - response_searchME_kons = reqid_kons: null

2022-11-22 15:44:26 - [TEST_STEP][PASSED] - response_searchME_spouse = reqid_spouse: null

2022-11-22 15:44:26 - [TEST_STEP][PASSED] - println("kons req id is :" + response_searchME_kons): null

2022-11-22 15:44:26 - [TEST_STEP][PASSED] - println("spouse req id is : " + response_searchME_spouse): null

2022-11-22 15:44:26 - [TEST_STEP][PASSED] - verifyResponseStatusCode(req_data, 200): Verify response status code successfully

2022-11-22 15:44:26 - [MESSAGE][PASSED] - Verify response status code successfully

2022-11-22 15:44:26 - [TEST_STEP][PASSED] - response = req_data.getResponseText(): null

2022-11-22 15:44:26 - [TEST_STEP][PASSED] - logInfo($response): {"status":"Done","data":{"requestid1":"241930","requestid2":""}}

2022-11-22 15:44:26 - [MESSAGE][INFO] - {"status":"Done","data":{"requestid1":"241930","requestid2":""}}

2022-11-22 15:44:26 - [TEST_STEP][PASSED] - delay(3): Delayed 3 second(s)

2022-11-22 15:44:29 - [MESSAGE][PASSED] - Delayed 3 second(s)

2022-11-22 15:44:29 - [TEST_STEP][PASSED] - scoring = sendRequest(findTestObject("EngineScore", ["response_searchME_kons":response_searchME_kons, "response_searchME_spouse":response_searchME_spouse])): Send request successfully

2022-11-22 15:44:29 - [MESSAGE][INFO] - HAR: D:\DMS\Engine Scoring\Reports\20221122_153620\Exclude KKB - DS\Scoring Individu - Used\20221122_153620\requests\main\195.har

2022-11-22 15:44:29 - [MESSAGE][PASSED] - Send request successfully

2022-11-22 15:44:29 - [TEST_STEP][PASSED] - verifyResponseStatusCode(scoring, 200): Verify response status code successfully

2022-11-22 15:44:29 - [MESSAGE][PASSED] - Verify response status code successfully

2022-11-22 15:44:29 - [TEST_STEP][PASSED] - response2 = scoring.getResponseText(): null

2022-11-22 15:44:29 - [TEST_STEP][PASSED] - markPassed("result service data ke : " + no): result service data ke : 98

2022-11-22 15:44:29 - [MESSAGE][PASSED] - result service data ke : 98

2022-11-22 15:44:29 - [TEST_STEP][PASSED] - logInfo($response2): {"result_konsumen":"Approve","result_pasangan":"","Final_result":"Approve","errorMessage":"","status":"Done"}

2022-11-22 15:44:29 - [MESSAGE][INFO] - {"result_konsumen":"Approve","result_pasangan":"","Final_result":"Approve","errorMessage":"","status":"Done"}

2022-11-22 15:44:29 - [TEST_STEP][PASSED] - verifyElementPropertyValue(scoring, "Final_result", final_result): Verify element property value successfully

2022-11-22 15:44:29 - [MESSAGE][PASSED] - Verify element property value successfully]]></system-out>
         <system-err><![CDATA[]]></system-err>
      </testcase>
      <testcase name="Test Cases/Engine_Scoring/Engine Scoring" time="5.464" classname="Test Cases/Engine_Scoring/Engine Scoring" status="PASSED">
         <system-out><![CDATA[2022-11-22 15:44:29 - [TEST_CASE][PASSED] - Test Cases/Engine_Scoring/Engine Scoring: Test Cases/Engine_Scoring/Engine Scoring

2022-11-22 15:44:30 - [TEST_STEP][PASSED] - markPassed("Variasi data ke : " + no): Variasi data ke : 99

2022-11-22 15:44:30 - [MESSAGE][PASSED] - Variasi data ke : 99

2022-11-22 15:44:30 - [TEST_STEP][PASSED] - req_data = sendRequest(findTestObject("Search_ME", ["MID":MID, "source":source, "ip":ip, "userid":userid, "branch":branch, "tipekons":tipekons, "marital":marital, "penjamin":penjamin, ... ])): Send request successfully

2022-11-22 15:44:31 - [MESSAGE][INFO] - HAR: D:\DMS\Engine Scoring\Reports\20221122_153620\Exclude KKB - DS\Scoring Individu - Used\20221122_153620\requests\main\196.har

2022-11-22 15:44:31 - [MESSAGE][PASSED] - Send request successfully

2022-11-22 15:44:31 - [TEST_STEP][PASSED] - slurper = new groovy.json.JsonSlurper(): null

2022-11-22 15:44:31 - [TEST_STEP][PASSED] - result = slurper.parseText(req_data.getResponseBodyContent()): null

2022-11-22 15:44:31 - [TEST_STEP][PASSED] - reqid_kons = requestid1: null

2022-11-22 15:44:31 - [TEST_STEP][PASSED] - reqid_spouse = requestid2: null

2022-11-22 15:44:31 - [TEST_STEP][PASSED] - println("requestid kons : " + reqid_kons): null

2022-11-22 15:44:31 - [TEST_STEP][PASSED] - response_searchME_kons = reqid_kons: null

2022-11-22 15:44:31 - [TEST_STEP][PASSED] - response_searchME_spouse = reqid_spouse: null

2022-11-22 15:44:31 - [TEST_STEP][PASSED] - println("kons req id is :" + response_searchME_kons): null

2022-11-22 15:44:31 - [TEST_STEP][PASSED] - println("spouse req id is : " + response_searchME_spouse): null

2022-11-22 15:44:31 - [TEST_STEP][PASSED] - verifyResponseStatusCode(req_data, 200): Verify response status code successfully

2022-11-22 15:44:31 - [MESSAGE][PASSED] - Verify response status code successfully

2022-11-22 15:44:31 - [TEST_STEP][PASSED] - response = req_data.getResponseText(): null

2022-11-22 15:44:31 - [TEST_STEP][PASSED] - logInfo($response): {"status":"Done","data":{"requestid1":"241931","requestid2":""}}

2022-11-22 15:44:31 - [MESSAGE][INFO] - {"status":"Done","data":{"requestid1":"241931","requestid2":""}}

2022-11-22 15:44:31 - [TEST_STEP][PASSED] - delay(3): Delayed 3 second(s)

2022-11-22 15:44:34 - [MESSAGE][PASSED] - Delayed 3 second(s)

2022-11-22 15:44:34 - [TEST_STEP][PASSED] - scoring = sendRequest(findTestObject("EngineScore", ["response_searchME_kons":response_searchME_kons, "response_searchME_spouse":response_searchME_spouse])): Send request successfully

2022-11-22 15:44:35 - [MESSAGE][INFO] - HAR: D:\DMS\Engine Scoring\Reports\20221122_153620\Exclude KKB - DS\Scoring Individu - Used\20221122_153620\requests\main\197.har

2022-11-22 15:44:35 - [MESSAGE][PASSED] - Send request successfully

2022-11-22 15:44:35 - [TEST_STEP][PASSED] - verifyResponseStatusCode(scoring, 200): Verify response status code successfully

2022-11-22 15:44:35 - [MESSAGE][PASSED] - Verify response status code successfully

2022-11-22 15:44:35 - [TEST_STEP][PASSED] - response2 = scoring.getResponseText(): null

2022-11-22 15:44:35 - [TEST_STEP][PASSED] - markPassed("result service data ke : " + no): result service data ke : 99

2022-11-22 15:44:35 - [MESSAGE][PASSED] - result service data ke : 99

2022-11-22 15:44:35 - [TEST_STEP][PASSED] - logInfo($response2): {"result_konsumen":"Approve","result_pasangan":"","Final_result":"Approve","errorMessage":"","status":"Done"}

2022-11-22 15:44:35 - [MESSAGE][INFO] - {"result_konsumen":"Approve","result_pasangan":"","Final_result":"Approve","errorMessage":"","status":"Done"}

2022-11-22 15:44:35 - [TEST_STEP][PASSED] - verifyElementPropertyValue(scoring, "Final_result", final_result): Verify element property value successfully

2022-11-22 15:44:35 - [MESSAGE][PASSED] - Verify element property value successfully]]></system-out>
         <system-err><![CDATA[]]></system-err>
      </testcase>
      <testcase name="Test Cases/Engine_Scoring/Engine Scoring" time="5.371" classname="Test Cases/Engine_Scoring/Engine Scoring" status="PASSED">
         <system-out><![CDATA[2022-11-22 15:44:35 - [TEST_CASE][PASSED] - Test Cases/Engine_Scoring/Engine Scoring: Test Cases/Engine_Scoring/Engine Scoring

2022-11-22 15:44:36 - [TEST_STEP][PASSED] - markPassed("Variasi data ke : " + no): Variasi data ke : 100

2022-11-22 15:44:36 - [MESSAGE][PASSED] - Variasi data ke : 100

2022-11-22 15:44:36 - [TEST_STEP][PASSED] - req_data = sendRequest(findTestObject("Search_ME", ["MID":MID, "source":source, "ip":ip, "userid":userid, "branch":branch, "tipekons":tipekons, "marital":marital, "penjamin":penjamin, ... ])): Send request successfully

2022-11-22 15:44:37 - [MESSAGE][INFO] - HAR: D:\DMS\Engine Scoring\Reports\20221122_153620\Exclude KKB - DS\Scoring Individu - Used\20221122_153620\requests\main\198.har

2022-11-22 15:44:37 - [MESSAGE][PASSED] - Send request successfully

2022-11-22 15:44:37 - [TEST_STEP][PASSED] - slurper = new groovy.json.JsonSlurper(): null

2022-11-22 15:44:37 - [TEST_STEP][PASSED] - result = slurper.parseText(req_data.getResponseBodyContent()): null

2022-11-22 15:44:37 - [TEST_STEP][PASSED] - reqid_kons = requestid1: null

2022-11-22 15:44:37 - [TEST_STEP][PASSED] - reqid_spouse = requestid2: null

2022-11-22 15:44:37 - [TEST_STEP][PASSED] - println("requestid kons : " + reqid_kons): null

2022-11-22 15:44:37 - [TEST_STEP][PASSED] - response_searchME_kons = reqid_kons: null

2022-11-22 15:44:37 - [TEST_STEP][PASSED] - response_searchME_spouse = reqid_spouse: null

2022-11-22 15:44:37 - [TEST_STEP][PASSED] - println("kons req id is :" + response_searchME_kons): null

2022-11-22 15:44:37 - [TEST_STEP][PASSED] - println("spouse req id is : " + response_searchME_spouse): null

2022-11-22 15:44:37 - [TEST_STEP][PASSED] - verifyResponseStatusCode(req_data, 200): Verify response status code successfully

2022-11-22 15:44:37 - [MESSAGE][PASSED] - Verify response status code successfully

2022-11-22 15:44:37 - [TEST_STEP][PASSED] - response = req_data.getResponseText(): null

2022-11-22 15:44:37 - [TEST_STEP][PASSED] - logInfo($response): {"status":"Done","data":{"requestid1":"241932","requestid2":""}}

2022-11-22 15:44:37 - [MESSAGE][INFO] - {"status":"Done","data":{"requestid1":"241932","requestid2":""}}

2022-11-22 15:44:37 - [TEST_STEP][PASSED] - delay(3): Delayed 3 second(s)

2022-11-22 15:44:40 - [MESSAGE][PASSED] - Delayed 3 second(s)

2022-11-22 15:44:40 - [TEST_STEP][PASSED] - scoring = sendRequest(findTestObject("EngineScore", ["response_searchME_kons":response_searchME_kons, "response_searchME_spouse":response_searchME_spouse])): Send request successfully

2022-11-22 15:44:40 - [MESSAGE][INFO] - HAR: D:\DMS\Engine Scoring\Reports\20221122_153620\Exclude KKB - DS\Scoring Individu - Used\20221122_153620\requests\main\199.har

2022-11-22 15:44:40 - [MESSAGE][PASSED] - Send request successfully

2022-11-22 15:44:40 - [TEST_STEP][PASSED] - verifyResponseStatusCode(scoring, 200): Verify response status code successfully

2022-11-22 15:44:40 - [MESSAGE][PASSED] - Verify response status code successfully

2022-11-22 15:44:40 - [TEST_STEP][PASSED] - response2 = scoring.getResponseText(): null

2022-11-22 15:44:40 - [TEST_STEP][PASSED] - markPassed("result service data ke : " + no): result service data ke : 100

2022-11-22 15:44:40 - [MESSAGE][PASSED] - result service data ke : 100

2022-11-22 15:44:40 - [TEST_STEP][PASSED] - logInfo($response2): {"result_konsumen":"Approve","result_pasangan":"","Final_result":"Approve","errorMessage":"","status":"Done"}

2022-11-22 15:44:40 - [MESSAGE][INFO] - {"result_konsumen":"Approve","result_pasangan":"","Final_result":"Approve","errorMessage":"","status":"Done"}

2022-11-22 15:44:40 - [TEST_STEP][PASSED] - verifyElementPropertyValue(scoring, "Final_result", final_result): Verify element property value successfully

2022-11-22 15:44:40 - [MESSAGE][PASSED] - Verify element property value successfully]]></system-out>
         <system-err><![CDATA[]]></system-err>
      </testcase>
      <testcase name="Test Cases/Engine_Scoring/Engine Scoring" time="5.403" classname="Test Cases/Engine_Scoring/Engine Scoring" status="PASSED">
         <system-out><![CDATA[2022-11-22 15:44:40 - [TEST_CASE][PASSED] - Test Cases/Engine_Scoring/Engine Scoring: Test Cases/Engine_Scoring/Engine Scoring

2022-11-22 15:44:41 - [TEST_STEP][PASSED] - markPassed("Variasi data ke : " + no): Variasi data ke : 101

2022-11-22 15:44:41 - [MESSAGE][PASSED] - Variasi data ke : 101

2022-11-22 15:44:41 - [TEST_STEP][PASSED] - req_data = sendRequest(findTestObject("Search_ME", ["MID":MID, "source":source, "ip":ip, "userid":userid, "branch":branch, "tipekons":tipekons, "marital":marital, "penjamin":penjamin, ... ])): Send request successfully

2022-11-22 15:44:42 - [MESSAGE][INFO] - HAR: D:\DMS\Engine Scoring\Reports\20221122_153620\Exclude KKB - DS\Scoring Individu - Used\20221122_153620\requests\main\200.har

2022-11-22 15:44:42 - [MESSAGE][PASSED] - Send request successfully

2022-11-22 15:44:42 - [TEST_STEP][PASSED] - slurper = new groovy.json.JsonSlurper(): null

2022-11-22 15:44:42 - [TEST_STEP][PASSED] - result = slurper.parseText(req_data.getResponseBodyContent()): null

2022-11-22 15:44:42 - [TEST_STEP][PASSED] - reqid_kons = requestid1: null

2022-11-22 15:44:42 - [TEST_STEP][PASSED] - reqid_spouse = requestid2: null

2022-11-22 15:44:42 - [TEST_STEP][PASSED] - println("requestid kons : " + reqid_kons): null

2022-11-22 15:44:42 - [TEST_STEP][PASSED] - response_searchME_kons = reqid_kons: null

2022-11-22 15:44:42 - [TEST_STEP][PASSED] - response_searchME_spouse = reqid_spouse: null

2022-11-22 15:44:42 - [TEST_STEP][PASSED] - println("kons req id is :" + response_searchME_kons): null

2022-11-22 15:44:42 - [TEST_STEP][PASSED] - println("spouse req id is : " + response_searchME_spouse): null

2022-11-22 15:44:42 - [TEST_STEP][PASSED] - verifyResponseStatusCode(req_data, 200): Verify response status code successfully

2022-11-22 15:44:42 - [MESSAGE][PASSED] - Verify response status code successfully

2022-11-22 15:44:42 - [TEST_STEP][PASSED] - response = req_data.getResponseText(): null

2022-11-22 15:44:42 - [TEST_STEP][PASSED] - logInfo($response): {"status":"Done","data":{"requestid1":"241933","requestid2":""}}

2022-11-22 15:44:42 - [MESSAGE][INFO] - {"status":"Done","data":{"requestid1":"241933","requestid2":""}}

2022-11-22 15:44:42 - [TEST_STEP][PASSED] - delay(3): Delayed 3 second(s)

2022-11-22 15:44:45 - [MESSAGE][PASSED] - Delayed 3 second(s)

2022-11-22 15:44:45 - [TEST_STEP][PASSED] - scoring = sendRequest(findTestObject("EngineScore", ["response_searchME_kons":response_searchME_kons, "response_searchME_spouse":response_searchME_spouse])): Send request successfully

2022-11-22 15:44:45 - [MESSAGE][INFO] - HAR: D:\DMS\Engine Scoring\Reports\20221122_153620\Exclude KKB - DS\Scoring Individu - Used\20221122_153620\requests\main\201.har

2022-11-22 15:44:45 - [MESSAGE][PASSED] - Send request successfully

2022-11-22 15:44:45 - [TEST_STEP][PASSED] - verifyResponseStatusCode(scoring, 200): Verify response status code successfully

2022-11-22 15:44:45 - [MESSAGE][PASSED] - Verify response status code successfully

2022-11-22 15:44:45 - [TEST_STEP][PASSED] - response2 = scoring.getResponseText(): null

2022-11-22 15:44:45 - [TEST_STEP][PASSED] - markPassed("result service data ke : " + no): result service data ke : 101

2022-11-22 15:44:45 - [MESSAGE][PASSED] - result service data ke : 101

2022-11-22 15:44:45 - [TEST_STEP][PASSED] - logInfo($response2): {"result_konsumen":"Reject","result_pasangan":"","Final_result":"Reject","errorMessage":"","status":"Done"}

2022-11-22 15:44:45 - [MESSAGE][INFO] - {"result_konsumen":"Reject","result_pasangan":"","Final_result":"Reject","errorMessage":"","status":"Done"}

2022-11-22 15:44:45 - [TEST_STEP][PASSED] - verifyElementPropertyValue(scoring, "Final_result", final_result): Verify element property value successfully

2022-11-22 15:44:45 - [MESSAGE][PASSED] - Verify element property value successfully]]></system-out>
         <system-err><![CDATA[]]></system-err>
      </testcase>
      <testcase name="Test Cases/Engine_Scoring/Engine Scoring" time="4.942" classname="Test Cases/Engine_Scoring/Engine Scoring" status="PASSED">
         <system-out><![CDATA[2022-11-22 15:44:45 - [TEST_CASE][PASSED] - Test Cases/Engine_Scoring/Engine Scoring: Test Cases/Engine_Scoring/Engine Scoring

2022-11-22 15:44:46 - [TEST_STEP][PASSED] - markPassed("Variasi data ke : " + no): Variasi data ke : 102

2022-11-22 15:44:46 - [MESSAGE][PASSED] - Variasi data ke : 102

2022-11-22 15:44:46 - [TEST_STEP][PASSED] - req_data = sendRequest(findTestObject("Search_ME", ["MID":MID, "source":source, "ip":ip, "userid":userid, "branch":branch, "tipekons":tipekons, "marital":marital, "penjamin":penjamin, ... ])): Send request successfully

2022-11-22 15:44:47 - [MESSAGE][INFO] - HAR: D:\DMS\Engine Scoring\Reports\20221122_153620\Exclude KKB - DS\Scoring Individu - Used\20221122_153620\requests\main\202.har

2022-11-22 15:44:47 - [MESSAGE][PASSED] - Send request successfully

2022-11-22 15:44:47 - [TEST_STEP][PASSED] - slurper = new groovy.json.JsonSlurper(): null

2022-11-22 15:44:47 - [TEST_STEP][PASSED] - result = slurper.parseText(req_data.getResponseBodyContent()): null

2022-11-22 15:44:47 - [TEST_STEP][PASSED] - reqid_kons = requestid1: null

2022-11-22 15:44:47 - [TEST_STEP][PASSED] - reqid_spouse = requestid2: null

2022-11-22 15:44:47 - [TEST_STEP][PASSED] - println("requestid kons : " + reqid_kons): null

2022-11-22 15:44:47 - [TEST_STEP][PASSED] - response_searchME_kons = reqid_kons: null

2022-11-22 15:44:47 - [TEST_STEP][PASSED] - response_searchME_spouse = reqid_spouse: null

2022-11-22 15:44:47 - [TEST_STEP][PASSED] - println("kons req id is :" + response_searchME_kons): null

2022-11-22 15:44:47 - [TEST_STEP][PASSED] - println("spouse req id is : " + response_searchME_spouse): null

2022-11-22 15:44:47 - [TEST_STEP][PASSED] - verifyResponseStatusCode(req_data, 200): Verify response status code successfully

2022-11-22 15:44:47 - [MESSAGE][PASSED] - Verify response status code successfully

2022-11-22 15:44:47 - [TEST_STEP][PASSED] - response = req_data.getResponseText(): null

2022-11-22 15:44:47 - [TEST_STEP][PASSED] - logInfo($response): {"status":"Done","data":{"requestid1":"241934","requestid2":""}}

2022-11-22 15:44:47 - [MESSAGE][INFO] - {"status":"Done","data":{"requestid1":"241934","requestid2":""}}

2022-11-22 15:44:47 - [TEST_STEP][PASSED] - delay(3): Delayed 3 second(s)

2022-11-22 15:44:50 - [MESSAGE][PASSED] - Delayed 3 second(s)

2022-11-22 15:44:50 - [TEST_STEP][PASSED] - scoring = sendRequest(findTestObject("EngineScore", ["response_searchME_kons":response_searchME_kons, "response_searchME_spouse":response_searchME_spouse])): Send request successfully

2022-11-22 15:44:50 - [MESSAGE][INFO] - HAR: D:\DMS\Engine Scoring\Reports\20221122_153620\Exclude KKB - DS\Scoring Individu - Used\20221122_153620\requests\main\203.har

2022-11-22 15:44:50 - [MESSAGE][PASSED] - Send request successfully

2022-11-22 15:44:50 - [TEST_STEP][PASSED] - verifyResponseStatusCode(scoring, 200): Verify response status code successfully

2022-11-22 15:44:50 - [MESSAGE][PASSED] - Verify response status code successfully

2022-11-22 15:44:50 - [TEST_STEP][PASSED] - response2 = scoring.getResponseText(): null

2022-11-22 15:44:50 - [TEST_STEP][PASSED] - markPassed("result service data ke : " + no): result service data ke : 102

2022-11-22 15:44:50 - [MESSAGE][PASSED] - result service data ke : 102

2022-11-22 15:44:50 - [TEST_STEP][PASSED] - logInfo($response2): {"result_konsumen":"Reject","result_pasangan":"","Final_result":"Reject","errorMessage":"","status":"Done"}

2022-11-22 15:44:50 - [MESSAGE][INFO] - {"result_konsumen":"Reject","result_pasangan":"","Final_result":"Reject","errorMessage":"","status":"Done"}

2022-11-22 15:44:50 - [TEST_STEP][PASSED] - verifyElementPropertyValue(scoring, "Final_result", final_result): Verify element property value successfully

2022-11-22 15:44:50 - [MESSAGE][PASSED] - Verify element property value successfully]]></system-out>
         <system-err><![CDATA[]]></system-err>
      </testcase>
      <testcase name="Test Cases/Engine_Scoring/Engine Scoring" time="4.986" classname="Test Cases/Engine_Scoring/Engine Scoring" status="PASSED">
         <system-out><![CDATA[2022-11-22 15:44:50 - [TEST_CASE][PASSED] - Test Cases/Engine_Scoring/Engine Scoring: Test Cases/Engine_Scoring/Engine Scoring

2022-11-22 15:44:51 - [TEST_STEP][PASSED] - markPassed("Variasi data ke : " + no): Variasi data ke : 103

2022-11-22 15:44:51 - [MESSAGE][PASSED] - Variasi data ke : 103

2022-11-22 15:44:51 - [TEST_STEP][PASSED] - req_data = sendRequest(findTestObject("Search_ME", ["MID":MID, "source":source, "ip":ip, "userid":userid, "branch":branch, "tipekons":tipekons, "marital":marital, "penjamin":penjamin, ... ])): Send request successfully

2022-11-22 15:44:52 - [MESSAGE][INFO] - HAR: D:\DMS\Engine Scoring\Reports\20221122_153620\Exclude KKB - DS\Scoring Individu - Used\20221122_153620\requests\main\204.har

2022-11-22 15:44:52 - [MESSAGE][PASSED] - Send request successfully

2022-11-22 15:44:52 - [TEST_STEP][PASSED] - slurper = new groovy.json.JsonSlurper(): null

2022-11-22 15:44:52 - [TEST_STEP][PASSED] - result = slurper.parseText(req_data.getResponseBodyContent()): null

2022-11-22 15:44:52 - [TEST_STEP][PASSED] - reqid_kons = requestid1: null

2022-11-22 15:44:52 - [TEST_STEP][PASSED] - reqid_spouse = requestid2: null

2022-11-22 15:44:52 - [TEST_STEP][PASSED] - println("requestid kons : " + reqid_kons): null

2022-11-22 15:44:52 - [TEST_STEP][PASSED] - response_searchME_kons = reqid_kons: null

2022-11-22 15:44:52 - [TEST_STEP][PASSED] - response_searchME_spouse = reqid_spouse: null

2022-11-22 15:44:52 - [TEST_STEP][PASSED] - println("kons req id is :" + response_searchME_kons): null

2022-11-22 15:44:52 - [TEST_STEP][PASSED] - println("spouse req id is : " + response_searchME_spouse): null

2022-11-22 15:44:52 - [TEST_STEP][PASSED] - verifyResponseStatusCode(req_data, 200): Verify response status code successfully

2022-11-22 15:44:52 - [MESSAGE][PASSED] - Verify response status code successfully

2022-11-22 15:44:52 - [TEST_STEP][PASSED] - response = req_data.getResponseText(): null

2022-11-22 15:44:52 - [TEST_STEP][PASSED] - logInfo($response): {"status":"Done","data":{"requestid1":"241935","requestid2":""}}

2022-11-22 15:44:52 - [MESSAGE][INFO] - {"status":"Done","data":{"requestid1":"241935","requestid2":""}}

2022-11-22 15:44:52 - [TEST_STEP][PASSED] - delay(3): Delayed 3 second(s)

2022-11-22 15:44:55 - [MESSAGE][PASSED] - Delayed 3 second(s)

2022-11-22 15:44:55 - [TEST_STEP][PASSED] - scoring = sendRequest(findTestObject("EngineScore", ["response_searchME_kons":response_searchME_kons, "response_searchME_spouse":response_searchME_spouse])): Send request successfully

2022-11-22 15:44:55 - [MESSAGE][INFO] - HAR: D:\DMS\Engine Scoring\Reports\20221122_153620\Exclude KKB - DS\Scoring Individu - Used\20221122_153620\requests\main\205.har

2022-11-22 15:44:55 - [MESSAGE][PASSED] - Send request successfully

2022-11-22 15:44:55 - [TEST_STEP][PASSED] - verifyResponseStatusCode(scoring, 200): Verify response status code successfully

2022-11-22 15:44:55 - [MESSAGE][PASSED] - Verify response status code successfully

2022-11-22 15:44:55 - [TEST_STEP][PASSED] - response2 = scoring.getResponseText(): null

2022-11-22 15:44:55 - [TEST_STEP][PASSED] - markPassed("result service data ke : " + no): result service data ke : 103

2022-11-22 15:44:55 - [MESSAGE][PASSED] - result service data ke : 103

2022-11-22 15:44:55 - [TEST_STEP][PASSED] - logInfo($response2): {"result_konsumen":"Reject","result_pasangan":"","Final_result":"Reject","errorMessage":"","status":"Done"}

2022-11-22 15:44:55 - [MESSAGE][INFO] - {"result_konsumen":"Reject","result_pasangan":"","Final_result":"Reject","errorMessage":"","status":"Done"}

2022-11-22 15:44:55 - [TEST_STEP][PASSED] - verifyElementPropertyValue(scoring, "Final_result", final_result): Verify element property value successfully

2022-11-22 15:44:55 - [MESSAGE][PASSED] - Verify element property value successfully]]></system-out>
         <system-err><![CDATA[]]></system-err>
      </testcase>
      <testcase name="Test Cases/Engine_Scoring/Engine Scoring" time="5.109" classname="Test Cases/Engine_Scoring/Engine Scoring" status="PASSED">
         <system-out><![CDATA[2022-11-22 15:44:56 - [TEST_CASE][PASSED] - Test Cases/Engine_Scoring/Engine Scoring: Test Cases/Engine_Scoring/Engine Scoring

2022-11-22 15:44:57 - [TEST_STEP][PASSED] - markPassed("Variasi data ke : " + no): Variasi data ke : 104

2022-11-22 15:44:57 - [MESSAGE][PASSED] - Variasi data ke : 104

2022-11-22 15:44:57 - [TEST_STEP][PASSED] - req_data = sendRequest(findTestObject("Search_ME", ["MID":MID, "source":source, "ip":ip, "userid":userid, "branch":branch, "tipekons":tipekons, "marital":marital, "penjamin":penjamin, ... ])): Send request successfully

2022-11-22 15:44:57 - [MESSAGE][INFO] - HAR: D:\DMS\Engine Scoring\Reports\20221122_153620\Exclude KKB - DS\Scoring Individu - Used\20221122_153620\requests\main\206.har

2022-11-22 15:44:57 - [MESSAGE][PASSED] - Send request successfully

2022-11-22 15:44:57 - [TEST_STEP][PASSED] - slurper = new groovy.json.JsonSlurper(): null

2022-11-22 15:44:57 - [TEST_STEP][PASSED] - result = slurper.parseText(req_data.getResponseBodyContent()): null

2022-11-22 15:44:57 - [TEST_STEP][PASSED] - reqid_kons = requestid1: null

2022-11-22 15:44:57 - [TEST_STEP][PASSED] - reqid_spouse = requestid2: null

2022-11-22 15:44:57 - [TEST_STEP][PASSED] - println("requestid kons : " + reqid_kons): null

2022-11-22 15:44:57 - [TEST_STEP][PASSED] - response_searchME_kons = reqid_kons: null

2022-11-22 15:44:57 - [TEST_STEP][PASSED] - response_searchME_spouse = reqid_spouse: null

2022-11-22 15:44:57 - [TEST_STEP][PASSED] - println("kons req id is :" + response_searchME_kons): null

2022-11-22 15:44:57 - [TEST_STEP][PASSED] - println("spouse req id is : " + response_searchME_spouse): null

2022-11-22 15:44:57 - [TEST_STEP][PASSED] - verifyResponseStatusCode(req_data, 200): Verify response status code successfully

2022-11-22 15:44:57 - [MESSAGE][PASSED] - Verify response status code successfully

2022-11-22 15:44:57 - [TEST_STEP][PASSED] - response = req_data.getResponseText(): null

2022-11-22 15:44:57 - [TEST_STEP][PASSED] - logInfo($response): {"status":"Done","data":{"requestid1":"241936","requestid2":""}}

2022-11-22 15:44:57 - [MESSAGE][INFO] - {"status":"Done","data":{"requestid1":"241936","requestid2":""}}

2022-11-22 15:44:57 - [TEST_STEP][PASSED] - delay(3): Delayed 3 second(s)

2022-11-22 15:45:00 - [MESSAGE][PASSED] - Delayed 3 second(s)

2022-11-22 15:45:00 - [TEST_STEP][PASSED] - scoring = sendRequest(findTestObject("EngineScore", ["response_searchME_kons":response_searchME_kons, "response_searchME_spouse":response_searchME_spouse])): Send request successfully

2022-11-22 15:45:01 - [MESSAGE][INFO] - HAR: D:\DMS\Engine Scoring\Reports\20221122_153620\Exclude KKB - DS\Scoring Individu - Used\20221122_153620\requests\main\207.har

2022-11-22 15:45:01 - [MESSAGE][PASSED] - Send request successfully

2022-11-22 15:45:01 - [TEST_STEP][PASSED] - verifyResponseStatusCode(scoring, 200): Verify response status code successfully

2022-11-22 15:45:01 - [MESSAGE][PASSED] - Verify response status code successfully

2022-11-22 15:45:01 - [TEST_STEP][PASSED] - response2 = scoring.getResponseText(): null

2022-11-22 15:45:01 - [TEST_STEP][PASSED] - markPassed("result service data ke : " + no): result service data ke : 104

2022-11-22 15:45:01 - [MESSAGE][PASSED] - result service data ke : 104

2022-11-22 15:45:01 - [TEST_STEP][PASSED] - logInfo($response2): {"result_konsumen":"Reject","result_pasangan":"","Final_result":"Reject","errorMessage":"","status":"Done"}

2022-11-22 15:45:01 - [MESSAGE][INFO] - {"result_konsumen":"Reject","result_pasangan":"","Final_result":"Reject","errorMessage":"","status":"Done"}

2022-11-22 15:45:01 - [TEST_STEP][PASSED] - verifyElementPropertyValue(scoring, "Final_result", final_result): Verify element property value successfully

2022-11-22 15:45:01 - [MESSAGE][PASSED] - Verify element property value successfully]]></system-out>
         <system-err><![CDATA[]]></system-err>
      </testcase>
      <testcase name="Test Cases/Engine_Scoring/Engine Scoring" time="4.983" classname="Test Cases/Engine_Scoring/Engine Scoring" status="PASSED">
         <system-out><![CDATA[2022-11-22 15:45:01 - [TEST_CASE][PASSED] - Test Cases/Engine_Scoring/Engine Scoring: Test Cases/Engine_Scoring/Engine Scoring

2022-11-22 15:45:02 - [TEST_STEP][PASSED] - markPassed("Variasi data ke : " + no): Variasi data ke : 105

2022-11-22 15:45:02 - [MESSAGE][PASSED] - Variasi data ke : 105

2022-11-22 15:45:02 - [TEST_STEP][PASSED] - req_data = sendRequest(findTestObject("Search_ME", ["MID":MID, "source":source, "ip":ip, "userid":userid, "branch":branch, "tipekons":tipekons, "marital":marital, "penjamin":penjamin, ... ])): Send request successfully

2022-11-22 15:45:03 - [MESSAGE][INFO] - HAR: D:\DMS\Engine Scoring\Reports\20221122_153620\Exclude KKB - DS\Scoring Individu - Used\20221122_153620\requests\main\208.har

2022-11-22 15:45:03 - [MESSAGE][PASSED] - Send request successfully

2022-11-22 15:45:03 - [TEST_STEP][PASSED] - slurper = new groovy.json.JsonSlurper(): null

2022-11-22 15:45:03 - [TEST_STEP][PASSED] - result = slurper.parseText(req_data.getResponseBodyContent()): null

2022-11-22 15:45:03 - [TEST_STEP][PASSED] - reqid_kons = requestid1: null

2022-11-22 15:45:03 - [TEST_STEP][PASSED] - reqid_spouse = requestid2: null

2022-11-22 15:45:03 - [TEST_STEP][PASSED] - println("requestid kons : " + reqid_kons): null

2022-11-22 15:45:03 - [TEST_STEP][PASSED] - response_searchME_kons = reqid_kons: null

2022-11-22 15:45:03 - [TEST_STEP][PASSED] - response_searchME_spouse = reqid_spouse: null

2022-11-22 15:45:03 - [TEST_STEP][PASSED] - println("kons req id is :" + response_searchME_kons): null

2022-11-22 15:45:03 - [TEST_STEP][PASSED] - println("spouse req id is : " + response_searchME_spouse): null

2022-11-22 15:45:03 - [TEST_STEP][PASSED] - verifyResponseStatusCode(req_data, 200): Verify response status code successfully

2022-11-22 15:45:03 - [MESSAGE][PASSED] - Verify response status code successfully

2022-11-22 15:45:03 - [TEST_STEP][PASSED] - response = req_data.getResponseText(): null

2022-11-22 15:45:03 - [TEST_STEP][PASSED] - logInfo($response): {"status":"Done","data":{"requestid1":"241937","requestid2":""}}

2022-11-22 15:45:03 - [MESSAGE][INFO] - {"status":"Done","data":{"requestid1":"241937","requestid2":""}}

2022-11-22 15:45:03 - [TEST_STEP][PASSED] - delay(3): Delayed 3 second(s)

2022-11-22 15:45:06 - [MESSAGE][PASSED] - Delayed 3 second(s)

2022-11-22 15:45:06 - [TEST_STEP][PASSED] - scoring = sendRequest(findTestObject("EngineScore", ["response_searchME_kons":response_searchME_kons, "response_searchME_spouse":response_searchME_spouse])): Send request successfully

2022-11-22 15:45:06 - [MESSAGE][INFO] - HAR: D:\DMS\Engine Scoring\Reports\20221122_153620\Exclude KKB - DS\Scoring Individu - Used\20221122_153620\requests\main\209.har

2022-11-22 15:45:06 - [MESSAGE][PASSED] - Send request successfully

2022-11-22 15:45:06 - [TEST_STEP][PASSED] - verifyResponseStatusCode(scoring, 200): Verify response status code successfully

2022-11-22 15:45:06 - [MESSAGE][PASSED] - Verify response status code successfully

2022-11-22 15:45:06 - [TEST_STEP][PASSED] - response2 = scoring.getResponseText(): null

2022-11-22 15:45:06 - [TEST_STEP][PASSED] - markPassed("result service data ke : " + no): result service data ke : 105

2022-11-22 15:45:06 - [MESSAGE][PASSED] - result service data ke : 105

2022-11-22 15:45:06 - [TEST_STEP][PASSED] - logInfo($response2): {"result_konsumen":"Reject","result_pasangan":"","Final_result":"Reject","errorMessage":"","status":"Done"}

2022-11-22 15:45:06 - [MESSAGE][INFO] - {"result_konsumen":"Reject","result_pasangan":"","Final_result":"Reject","errorMessage":"","status":"Done"}

2022-11-22 15:45:06 - [TEST_STEP][PASSED] - verifyElementPropertyValue(scoring, "Final_result", final_result): Verify element property value successfully

2022-11-22 15:45:06 - [MESSAGE][PASSED] - Verify element property value successfully]]></system-out>
         <system-err><![CDATA[]]></system-err>
      </testcase>
      <testcase name="Test Cases/Engine_Scoring/Engine Scoring" time="5.221" classname="Test Cases/Engine_Scoring/Engine Scoring" status="PASSED">
         <system-out><![CDATA[2022-11-22 15:45:06 - [TEST_CASE][PASSED] - Test Cases/Engine_Scoring/Engine Scoring: Test Cases/Engine_Scoring/Engine Scoring

2022-11-22 15:45:07 - [TEST_STEP][PASSED] - markPassed("Variasi data ke : " + no): Variasi data ke : 106

2022-11-22 15:45:07 - [MESSAGE][PASSED] - Variasi data ke : 106

2022-11-22 15:45:07 - [TEST_STEP][PASSED] - req_data = sendRequest(findTestObject("Search_ME", ["MID":MID, "source":source, "ip":ip, "userid":userid, "branch":branch, "tipekons":tipekons, "marital":marital, "penjamin":penjamin, ... ])): Send request successfully

2022-11-22 15:45:08 - [MESSAGE][INFO] - HAR: D:\DMS\Engine Scoring\Reports\20221122_153620\Exclude KKB - DS\Scoring Individu - Used\20221122_153620\requests\main\210.har

2022-11-22 15:45:08 - [MESSAGE][PASSED] - Send request successfully

2022-11-22 15:45:08 - [TEST_STEP][PASSED] - slurper = new groovy.json.JsonSlurper(): null

2022-11-22 15:45:08 - [TEST_STEP][PASSED] - result = slurper.parseText(req_data.getResponseBodyContent()): null

2022-11-22 15:45:08 - [TEST_STEP][PASSED] - reqid_kons = requestid1: null

2022-11-22 15:45:08 - [TEST_STEP][PASSED] - reqid_spouse = requestid2: null

2022-11-22 15:45:08 - [TEST_STEP][PASSED] - println("requestid kons : " + reqid_kons): null

2022-11-22 15:45:08 - [TEST_STEP][PASSED] - response_searchME_kons = reqid_kons: null

2022-11-22 15:45:08 - [TEST_STEP][PASSED] - response_searchME_spouse = reqid_spouse: null

2022-11-22 15:45:08 - [TEST_STEP][PASSED] - println("kons req id is :" + response_searchME_kons): null

2022-11-22 15:45:08 - [TEST_STEP][PASSED] - println("spouse req id is : " + response_searchME_spouse): null

2022-11-22 15:45:08 - [TEST_STEP][PASSED] - verifyResponseStatusCode(req_data, 200): Verify response status code successfully

2022-11-22 15:45:08 - [MESSAGE][PASSED] - Verify response status code successfully

2022-11-22 15:45:08 - [TEST_STEP][PASSED] - response = req_data.getResponseText(): null

2022-11-22 15:45:08 - [TEST_STEP][PASSED] - logInfo($response): {"status":"Done","data":{"requestid1":"241938","requestid2":""}}

2022-11-22 15:45:08 - [MESSAGE][INFO] - {"status":"Done","data":{"requestid1":"241938","requestid2":""}}

2022-11-22 15:45:08 - [TEST_STEP][PASSED] - delay(3): Delayed 3 second(s)

2022-11-22 15:45:11 - [MESSAGE][PASSED] - Delayed 3 second(s)

2022-11-22 15:45:11 - [TEST_STEP][PASSED] - scoring = sendRequest(findTestObject("EngineScore", ["response_searchME_kons":response_searchME_kons, "response_searchME_spouse":response_searchME_spouse])): Send request successfully

2022-11-22 15:45:11 - [MESSAGE][INFO] - HAR: D:\DMS\Engine Scoring\Reports\20221122_153620\Exclude KKB - DS\Scoring Individu - Used\20221122_153620\requests\main\211.har

2022-11-22 15:45:11 - [MESSAGE][PASSED] - Send request successfully

2022-11-22 15:45:11 - [TEST_STEP][PASSED] - verifyResponseStatusCode(scoring, 200): Verify response status code successfully

2022-11-22 15:45:11 - [MESSAGE][PASSED] - Verify response status code successfully

2022-11-22 15:45:11 - [TEST_STEP][PASSED] - response2 = scoring.getResponseText(): null

2022-11-22 15:45:11 - [TEST_STEP][PASSED] - markPassed("result service data ke : " + no): result service data ke : 106

2022-11-22 15:45:11 - [MESSAGE][PASSED] - result service data ke : 106

2022-11-22 15:45:11 - [TEST_STEP][PASSED] - logInfo($response2): {"result_konsumen":"Reguler","result_pasangan":"","Final_result":"Reguler","errorMessage":"","status":"Done"}

2022-11-22 15:45:11 - [MESSAGE][INFO] - {"result_konsumen":"Reguler","result_pasangan":"","Final_result":"Reguler","errorMessage":"","status":"Done"}

2022-11-22 15:45:11 - [TEST_STEP][PASSED] - verifyElementPropertyValue(scoring, "Final_result", final_result): Verify element property value successfully

2022-11-22 15:45:11 - [MESSAGE][PASSED] - Verify element property value successfully]]></system-out>
         <system-err><![CDATA[]]></system-err>
      </testcase>
      <testcase name="Test Cases/Engine_Scoring/Engine Scoring" time="5.127" classname="Test Cases/Engine_Scoring/Engine Scoring" status="PASSED">
         <system-out><![CDATA[2022-11-22 15:45:11 - [TEST_CASE][PASSED] - Test Cases/Engine_Scoring/Engine Scoring: Test Cases/Engine_Scoring/Engine Scoring

2022-11-22 15:45:12 - [TEST_STEP][PASSED] - markPassed("Variasi data ke : " + no): Variasi data ke : 107

2022-11-22 15:45:12 - [MESSAGE][PASSED] - Variasi data ke : 107

2022-11-22 15:45:12 - [TEST_STEP][PASSED] - req_data = sendRequest(findTestObject("Search_ME", ["MID":MID, "source":source, "ip":ip, "userid":userid, "branch":branch, "tipekons":tipekons, "marital":marital, "penjamin":penjamin, ... ])): Send request successfully

2022-11-22 15:45:13 - [MESSAGE][INFO] - HAR: D:\DMS\Engine Scoring\Reports\20221122_153620\Exclude KKB - DS\Scoring Individu - Used\20221122_153620\requests\main\212.har

2022-11-22 15:45:13 - [MESSAGE][PASSED] - Send request successfully

2022-11-22 15:45:13 - [TEST_STEP][PASSED] - slurper = new groovy.json.JsonSlurper(): null

2022-11-22 15:45:13 - [TEST_STEP][PASSED] - result = slurper.parseText(req_data.getResponseBodyContent()): null

2022-11-22 15:45:13 - [TEST_STEP][PASSED] - reqid_kons = requestid1: null

2022-11-22 15:45:13 - [TEST_STEP][PASSED] - reqid_spouse = requestid2: null

2022-11-22 15:45:13 - [TEST_STEP][PASSED] - println("requestid kons : " + reqid_kons): null

2022-11-22 15:45:13 - [TEST_STEP][PASSED] - response_searchME_kons = reqid_kons: null

2022-11-22 15:45:13 - [TEST_STEP][PASSED] - response_searchME_spouse = reqid_spouse: null

2022-11-22 15:45:13 - [TEST_STEP][PASSED] - println("kons req id is :" + response_searchME_kons): null

2022-11-22 15:45:13 - [TEST_STEP][PASSED] - println("spouse req id is : " + response_searchME_spouse): null

2022-11-22 15:45:13 - [TEST_STEP][PASSED] - verifyResponseStatusCode(req_data, 200): Verify response status code successfully

2022-11-22 15:45:13 - [MESSAGE][PASSED] - Verify response status code successfully

2022-11-22 15:45:13 - [TEST_STEP][PASSED] - response = req_data.getResponseText(): null

2022-11-22 15:45:13 - [TEST_STEP][PASSED] - logInfo($response): {"status":"Done","data":{"requestid1":"241939","requestid2":""}}

2022-11-22 15:45:13 - [MESSAGE][INFO] - {"status":"Done","data":{"requestid1":"241939","requestid2":""}}

2022-11-22 15:45:13 - [TEST_STEP][PASSED] - delay(3): Delayed 3 second(s)

2022-11-22 15:45:16 - [MESSAGE][PASSED] - Delayed 3 second(s)

2022-11-22 15:45:16 - [TEST_STEP][PASSED] - scoring = sendRequest(findTestObject("EngineScore", ["response_searchME_kons":response_searchME_kons, "response_searchME_spouse":response_searchME_spouse])): Send request successfully

2022-11-22 15:45:16 - [MESSAGE][INFO] - HAR: D:\DMS\Engine Scoring\Reports\20221122_153620\Exclude KKB - DS\Scoring Individu - Used\20221122_153620\requests\main\213.har

2022-11-22 15:45:16 - [MESSAGE][PASSED] - Send request successfully

2022-11-22 15:45:16 - [TEST_STEP][PASSED] - verifyResponseStatusCode(scoring, 200): Verify response status code successfully

2022-11-22 15:45:16 - [MESSAGE][PASSED] - Verify response status code successfully

2022-11-22 15:45:16 - [TEST_STEP][PASSED] - response2 = scoring.getResponseText(): null

2022-11-22 15:45:16 - [TEST_STEP][PASSED] - markPassed("result service data ke : " + no): result service data ke : 107

2022-11-22 15:45:16 - [MESSAGE][PASSED] - result service data ke : 107

2022-11-22 15:45:16 - [TEST_STEP][PASSED] - logInfo($response2): {"result_konsumen":"Reguler","result_pasangan":"","Final_result":"Reguler","errorMessage":"","status":"Done"}

2022-11-22 15:45:16 - [MESSAGE][INFO] - {"result_konsumen":"Reguler","result_pasangan":"","Final_result":"Reguler","errorMessage":"","status":"Done"}

2022-11-22 15:45:16 - [TEST_STEP][PASSED] - verifyElementPropertyValue(scoring, "Final_result", final_result): Verify element property value successfully

2022-11-22 15:45:16 - [MESSAGE][PASSED] - Verify element property value successfully]]></system-out>
         <system-err><![CDATA[]]></system-err>
      </testcase>
      <testcase name="Test Cases/Engine_Scoring/Engine Scoring" time="5.117" classname="Test Cases/Engine_Scoring/Engine Scoring" status="PASSED">
         <system-out><![CDATA[2022-11-22 15:45:16 - [TEST_CASE][PASSED] - Test Cases/Engine_Scoring/Engine Scoring: Test Cases/Engine_Scoring/Engine Scoring

2022-11-22 15:45:17 - [TEST_STEP][PASSED] - markPassed("Variasi data ke : " + no): Variasi data ke : 108

2022-11-22 15:45:17 - [MESSAGE][PASSED] - Variasi data ke : 108

2022-11-22 15:45:17 - [TEST_STEP][PASSED] - req_data = sendRequest(findTestObject("Search_ME", ["MID":MID, "source":source, "ip":ip, "userid":userid, "branch":branch, "tipekons":tipekons, "marital":marital, "penjamin":penjamin, ... ])): Send request successfully

2022-11-22 15:45:18 - [MESSAGE][INFO] - HAR: D:\DMS\Engine Scoring\Reports\20221122_153620\Exclude KKB - DS\Scoring Individu - Used\20221122_153620\requests\main\214.har

2022-11-22 15:45:18 - [MESSAGE][PASSED] - Send request successfully

2022-11-22 15:45:18 - [TEST_STEP][PASSED] - slurper = new groovy.json.JsonSlurper(): null

2022-11-22 15:45:18 - [TEST_STEP][PASSED] - result = slurper.parseText(req_data.getResponseBodyContent()): null

2022-11-22 15:45:18 - [TEST_STEP][PASSED] - reqid_kons = requestid1: null

2022-11-22 15:45:18 - [TEST_STEP][PASSED] - reqid_spouse = requestid2: null

2022-11-22 15:45:18 - [TEST_STEP][PASSED] - println("requestid kons : " + reqid_kons): null

2022-11-22 15:45:18 - [TEST_STEP][PASSED] - response_searchME_kons = reqid_kons: null

2022-11-22 15:45:18 - [TEST_STEP][PASSED] - response_searchME_spouse = reqid_spouse: null

2022-11-22 15:45:18 - [TEST_STEP][PASSED] - println("kons req id is :" + response_searchME_kons): null

2022-11-22 15:45:18 - [TEST_STEP][PASSED] - println("spouse req id is : " + response_searchME_spouse): null

2022-11-22 15:45:18 - [TEST_STEP][PASSED] - verifyResponseStatusCode(req_data, 200): Verify response status code successfully

2022-11-22 15:45:18 - [MESSAGE][PASSED] - Verify response status code successfully

2022-11-22 15:45:18 - [TEST_STEP][PASSED] - response = req_data.getResponseText(): null

2022-11-22 15:45:18 - [TEST_STEP][PASSED] - logInfo($response): {"status":"Done","data":{"requestid1":"241940","requestid2":""}}

2022-11-22 15:45:18 - [MESSAGE][INFO] - {"status":"Done","data":{"requestid1":"241940","requestid2":""}}

2022-11-22 15:45:18 - [TEST_STEP][PASSED] - delay(3): Delayed 3 second(s)

2022-11-22 15:45:21 - [MESSAGE][PASSED] - Delayed 3 second(s)

2022-11-22 15:45:21 - [TEST_STEP][PASSED] - scoring = sendRequest(findTestObject("EngineScore", ["response_searchME_kons":response_searchME_kons, "response_searchME_spouse":response_searchME_spouse])): Send request successfully

2022-11-22 15:45:21 - [MESSAGE][INFO] - HAR: D:\DMS\Engine Scoring\Reports\20221122_153620\Exclude KKB - DS\Scoring Individu - Used\20221122_153620\requests\main\215.har

2022-11-22 15:45:21 - [MESSAGE][PASSED] - Send request successfully

2022-11-22 15:45:21 - [TEST_STEP][PASSED] - verifyResponseStatusCode(scoring, 200): Verify response status code successfully

2022-11-22 15:45:21 - [MESSAGE][PASSED] - Verify response status code successfully

2022-11-22 15:45:21 - [TEST_STEP][PASSED] - response2 = scoring.getResponseText(): null

2022-11-22 15:45:21 - [TEST_STEP][PASSED] - markPassed("result service data ke : " + no): result service data ke : 108

2022-11-22 15:45:21 - [MESSAGE][PASSED] - result service data ke : 108

2022-11-22 15:45:21 - [TEST_STEP][PASSED] - logInfo($response2): {"result_konsumen":"Reguler","result_pasangan":"","Final_result":"Reguler","errorMessage":"","status":"Done"}

2022-11-22 15:45:21 - [MESSAGE][INFO] - {"result_konsumen":"Reguler","result_pasangan":"","Final_result":"Reguler","errorMessage":"","status":"Done"}

2022-11-22 15:45:21 - [TEST_STEP][PASSED] - verifyElementPropertyValue(scoring, "Final_result", final_result): Verify element property value successfully

2022-11-22 15:45:21 - [MESSAGE][PASSED] - Verify element property value successfully]]></system-out>
         <system-err><![CDATA[]]></system-err>
      </testcase>
      <testcase name="Test Cases/Engine_Scoring/Engine Scoring" time="5.145" classname="Test Cases/Engine_Scoring/Engine Scoring" status="PASSED">
         <system-out><![CDATA[2022-11-22 15:45:21 - [TEST_CASE][PASSED] - Test Cases/Engine_Scoring/Engine Scoring: Test Cases/Engine_Scoring/Engine Scoring

2022-11-22 15:45:22 - [TEST_STEP][PASSED] - markPassed("Variasi data ke : " + no): Variasi data ke : 109

2022-11-22 15:45:22 - [MESSAGE][PASSED] - Variasi data ke : 109

2022-11-22 15:45:22 - [TEST_STEP][PASSED] - req_data = sendRequest(findTestObject("Search_ME", ["MID":MID, "source":source, "ip":ip, "userid":userid, "branch":branch, "tipekons":tipekons, "marital":marital, "penjamin":penjamin, ... ])): Send request successfully

2022-11-22 15:45:23 - [MESSAGE][INFO] - HAR: D:\DMS\Engine Scoring\Reports\20221122_153620\Exclude KKB - DS\Scoring Individu - Used\20221122_153620\requests\main\216.har

2022-11-22 15:45:23 - [MESSAGE][PASSED] - Send request successfully

2022-11-22 15:45:23 - [TEST_STEP][PASSED] - slurper = new groovy.json.JsonSlurper(): null

2022-11-22 15:45:23 - [TEST_STEP][PASSED] - result = slurper.parseText(req_data.getResponseBodyContent()): null

2022-11-22 15:45:23 - [TEST_STEP][PASSED] - reqid_kons = requestid1: null

2022-11-22 15:45:23 - [TEST_STEP][PASSED] - reqid_spouse = requestid2: null

2022-11-22 15:45:23 - [TEST_STEP][PASSED] - println("requestid kons : " + reqid_kons): null

2022-11-22 15:45:23 - [TEST_STEP][PASSED] - response_searchME_kons = reqid_kons: null

2022-11-22 15:45:23 - [TEST_STEP][PASSED] - response_searchME_spouse = reqid_spouse: null

2022-11-22 15:45:23 - [TEST_STEP][PASSED] - println("kons req id is :" + response_searchME_kons): null

2022-11-22 15:45:23 - [TEST_STEP][PASSED] - println("spouse req id is : " + response_searchME_spouse): null

2022-11-22 15:45:23 - [TEST_STEP][PASSED] - verifyResponseStatusCode(req_data, 200): Verify response status code successfully

2022-11-22 15:45:23 - [MESSAGE][PASSED] - Verify response status code successfully

2022-11-22 15:45:23 - [TEST_STEP][PASSED] - response = req_data.getResponseText(): null

2022-11-22 15:45:23 - [TEST_STEP][PASSED] - logInfo($response): {"status":"Done","data":{"requestid1":"241941","requestid2":""}}

2022-11-22 15:45:23 - [MESSAGE][INFO] - {"status":"Done","data":{"requestid1":"241941","requestid2":""}}

2022-11-22 15:45:23 - [TEST_STEP][PASSED] - delay(3): Delayed 3 second(s)

2022-11-22 15:45:26 - [MESSAGE][PASSED] - Delayed 3 second(s)

2022-11-22 15:45:26 - [TEST_STEP][PASSED] - scoring = sendRequest(findTestObject("EngineScore", ["response_searchME_kons":response_searchME_kons, "response_searchME_spouse":response_searchME_spouse])): Send request successfully

2022-11-22 15:45:26 - [MESSAGE][INFO] - HAR: D:\DMS\Engine Scoring\Reports\20221122_153620\Exclude KKB - DS\Scoring Individu - Used\20221122_153620\requests\main\217.har

2022-11-22 15:45:26 - [MESSAGE][PASSED] - Send request successfully

2022-11-22 15:45:26 - [TEST_STEP][PASSED] - verifyResponseStatusCode(scoring, 200): Verify response status code successfully

2022-11-22 15:45:26 - [MESSAGE][PASSED] - Verify response status code successfully

2022-11-22 15:45:26 - [TEST_STEP][PASSED] - response2 = scoring.getResponseText(): null

2022-11-22 15:45:26 - [TEST_STEP][PASSED] - markPassed("result service data ke : " + no): result service data ke : 109

2022-11-22 15:45:26 - [MESSAGE][PASSED] - result service data ke : 109

2022-11-22 15:45:26 - [TEST_STEP][PASSED] - logInfo($response2): {"result_konsumen":"Approve","result_pasangan":"","Final_result":"Approve","errorMessage":"","status":"Done"}

2022-11-22 15:45:26 - [MESSAGE][INFO] - {"result_konsumen":"Approve","result_pasangan":"","Final_result":"Approve","errorMessage":"","status":"Done"}

2022-11-22 15:45:26 - [TEST_STEP][PASSED] - verifyElementPropertyValue(scoring, "Final_result", final_result): Verify element property value successfully

2022-11-22 15:45:26 - [MESSAGE][PASSED] - Verify element property value successfully]]></system-out>
         <system-err><![CDATA[]]></system-err>
      </testcase>
      <testcase name="Test Cases/Engine_Scoring/Engine Scoring" time="5.027" classname="Test Cases/Engine_Scoring/Engine Scoring" status="PASSED">
         <system-out><![CDATA[2022-11-22 15:45:27 - [TEST_CASE][PASSED] - Test Cases/Engine_Scoring/Engine Scoring: Test Cases/Engine_Scoring/Engine Scoring

2022-11-22 15:45:27 - [TEST_STEP][PASSED] - markPassed("Variasi data ke : " + no): Variasi data ke : 110

2022-11-22 15:45:27 - [MESSAGE][PASSED] - Variasi data ke : 110

2022-11-22 15:45:27 - [TEST_STEP][PASSED] - req_data = sendRequest(findTestObject("Search_ME", ["MID":MID, "source":source, "ip":ip, "userid":userid, "branch":branch, "tipekons":tipekons, "marital":marital, "penjamin":penjamin, ... ])): Send request successfully

2022-11-22 15:45:28 - [MESSAGE][INFO] - HAR: D:\DMS\Engine Scoring\Reports\20221122_153620\Exclude KKB - DS\Scoring Individu - Used\20221122_153620\requests\main\218.har

2022-11-22 15:45:28 - [MESSAGE][PASSED] - Send request successfully

2022-11-22 15:45:28 - [TEST_STEP][PASSED] - slurper = new groovy.json.JsonSlurper(): null

2022-11-22 15:45:28 - [TEST_STEP][PASSED] - result = slurper.parseText(req_data.getResponseBodyContent()): null

2022-11-22 15:45:28 - [TEST_STEP][PASSED] - reqid_kons = requestid1: null

2022-11-22 15:45:28 - [TEST_STEP][PASSED] - reqid_spouse = requestid2: null

2022-11-22 15:45:28 - [TEST_STEP][PASSED] - println("requestid kons : " + reqid_kons): null

2022-11-22 15:45:28 - [TEST_STEP][PASSED] - response_searchME_kons = reqid_kons: null

2022-11-22 15:45:28 - [TEST_STEP][PASSED] - response_searchME_spouse = reqid_spouse: null

2022-11-22 15:45:28 - [TEST_STEP][PASSED] - println("kons req id is :" + response_searchME_kons): null

2022-11-22 15:45:28 - [TEST_STEP][PASSED] - println("spouse req id is : " + response_searchME_spouse): null

2022-11-22 15:45:28 - [TEST_STEP][PASSED] - verifyResponseStatusCode(req_data, 200): Verify response status code successfully

2022-11-22 15:45:28 - [MESSAGE][PASSED] - Verify response status code successfully

2022-11-22 15:45:28 - [TEST_STEP][PASSED] - response = req_data.getResponseText(): null

2022-11-22 15:45:28 - [TEST_STEP][PASSED] - logInfo($response): {"status":"Done","data":{"requestid1":"241942","requestid2":""}}

2022-11-22 15:45:28 - [MESSAGE][INFO] - {"status":"Done","data":{"requestid1":"241942","requestid2":""}}

2022-11-22 15:45:28 - [TEST_STEP][PASSED] - delay(3): Delayed 3 second(s)

2022-11-22 15:45:31 - [MESSAGE][PASSED] - Delayed 3 second(s)

2022-11-22 15:45:31 - [TEST_STEP][PASSED] - scoring = sendRequest(findTestObject("EngineScore", ["response_searchME_kons":response_searchME_kons, "response_searchME_spouse":response_searchME_spouse])): Send request successfully

2022-11-22 15:45:32 - [MESSAGE][INFO] - HAR: D:\DMS\Engine Scoring\Reports\20221122_153620\Exclude KKB - DS\Scoring Individu - Used\20221122_153620\requests\main\219.har

2022-11-22 15:45:32 - [MESSAGE][PASSED] - Send request successfully

2022-11-22 15:45:32 - [TEST_STEP][PASSED] - verifyResponseStatusCode(scoring, 200): Verify response status code successfully

2022-11-22 15:45:32 - [MESSAGE][PASSED] - Verify response status code successfully

2022-11-22 15:45:32 - [TEST_STEP][PASSED] - response2 = scoring.getResponseText(): null

2022-11-22 15:45:32 - [TEST_STEP][PASSED] - markPassed("result service data ke : " + no): result service data ke : 110

2022-11-22 15:45:32 - [MESSAGE][PASSED] - result service data ke : 110

2022-11-22 15:45:32 - [TEST_STEP][PASSED] - logInfo($response2): {"result_konsumen":"Approve","result_pasangan":"","Final_result":"Approve","errorMessage":"","status":"Done"}

2022-11-22 15:45:32 - [MESSAGE][INFO] - {"result_konsumen":"Approve","result_pasangan":"","Final_result":"Approve","errorMessage":"","status":"Done"}

2022-11-22 15:45:32 - [TEST_STEP][PASSED] - verifyElementPropertyValue(scoring, "Final_result", final_result): Verify element property value successfully

2022-11-22 15:45:32 - [MESSAGE][PASSED] - Verify element property value successfully]]></system-out>
         <system-err><![CDATA[]]></system-err>
      </testcase>
      <testcase name="Test Cases/Engine_Scoring/Engine Scoring" time="5.046" classname="Test Cases/Engine_Scoring/Engine Scoring" status="PASSED">
         <system-out><![CDATA[2022-11-22 15:45:32 - [TEST_CASE][PASSED] - Test Cases/Engine_Scoring/Engine Scoring: Test Cases/Engine_Scoring/Engine Scoring

2022-11-22 15:45:33 - [TEST_STEP][PASSED] - markPassed("Variasi data ke : " + no): Variasi data ke : 111

2022-11-22 15:45:33 - [MESSAGE][PASSED] - Variasi data ke : 111

2022-11-22 15:45:33 - [TEST_STEP][PASSED] - req_data = sendRequest(findTestObject("Search_ME", ["MID":MID, "source":source, "ip":ip, "userid":userid, "branch":branch, "tipekons":tipekons, "marital":marital, "penjamin":penjamin, ... ])): Send request successfully

2022-11-22 15:45:33 - [MESSAGE][INFO] - HAR: D:\DMS\Engine Scoring\Reports\20221122_153620\Exclude KKB - DS\Scoring Individu - Used\20221122_153620\requests\main\220.har

2022-11-22 15:45:33 - [MESSAGE][PASSED] - Send request successfully

2022-11-22 15:45:33 - [TEST_STEP][PASSED] - slurper = new groovy.json.JsonSlurper(): null

2022-11-22 15:45:33 - [TEST_STEP][PASSED] - result = slurper.parseText(req_data.getResponseBodyContent()): null

2022-11-22 15:45:33 - [TEST_STEP][PASSED] - reqid_kons = requestid1: null

2022-11-22 15:45:33 - [TEST_STEP][PASSED] - reqid_spouse = requestid2: null

2022-11-22 15:45:33 - [TEST_STEP][PASSED] - println("requestid kons : " + reqid_kons): null

2022-11-22 15:45:33 - [TEST_STEP][PASSED] - response_searchME_kons = reqid_kons: null

2022-11-22 15:45:33 - [TEST_STEP][PASSED] - response_searchME_spouse = reqid_spouse: null

2022-11-22 15:45:33 - [TEST_STEP][PASSED] - println("kons req id is :" + response_searchME_kons): null

2022-11-22 15:45:33 - [TEST_STEP][PASSED] - println("spouse req id is : " + response_searchME_spouse): null

2022-11-22 15:45:33 - [TEST_STEP][PASSED] - verifyResponseStatusCode(req_data, 200): Verify response status code successfully

2022-11-22 15:45:33 - [MESSAGE][PASSED] - Verify response status code successfully

2022-11-22 15:45:33 - [TEST_STEP][PASSED] - response = req_data.getResponseText(): null

2022-11-22 15:45:33 - [TEST_STEP][PASSED] - logInfo($response): {"status":"Done","data":{"requestid1":"241943","requestid2":""}}

2022-11-22 15:45:33 - [MESSAGE][INFO] - {"status":"Done","data":{"requestid1":"241943","requestid2":""}}

2022-11-22 15:45:33 - [TEST_STEP][PASSED] - delay(3): Delayed 3 second(s)

2022-11-22 15:45:37 - [MESSAGE][PASSED] - Delayed 3 second(s)

2022-11-22 15:45:37 - [TEST_STEP][PASSED] - scoring = sendRequest(findTestObject("EngineScore", ["response_searchME_kons":response_searchME_kons, "response_searchME_spouse":response_searchME_spouse])): Send request successfully

2022-11-22 15:45:37 - [MESSAGE][INFO] - HAR: D:\DMS\Engine Scoring\Reports\20221122_153620\Exclude KKB - DS\Scoring Individu - Used\20221122_153620\requests\main\221.har

2022-11-22 15:45:37 - [MESSAGE][PASSED] - Send request successfully

2022-11-22 15:45:37 - [TEST_STEP][PASSED] - verifyResponseStatusCode(scoring, 200): Verify response status code successfully

2022-11-22 15:45:37 - [MESSAGE][PASSED] - Verify response status code successfully

2022-11-22 15:45:37 - [TEST_STEP][PASSED] - response2 = scoring.getResponseText(): null

2022-11-22 15:45:37 - [TEST_STEP][PASSED] - markPassed("result service data ke : " + no): result service data ke : 111

2022-11-22 15:45:37 - [MESSAGE][PASSED] - result service data ke : 111

2022-11-22 15:45:37 - [TEST_STEP][PASSED] - logInfo($response2): {"result_konsumen":"Approve","result_pasangan":"","Final_result":"Approve","errorMessage":"","status":"Done"}

2022-11-22 15:45:37 - [MESSAGE][INFO] - {"result_konsumen":"Approve","result_pasangan":"","Final_result":"Approve","errorMessage":"","status":"Done"}

2022-11-22 15:45:37 - [TEST_STEP][PASSED] - verifyElementPropertyValue(scoring, "Final_result", final_result): Verify element property value successfully

2022-11-22 15:45:37 - [MESSAGE][PASSED] - Verify element property value successfully]]></system-out>
         <system-err><![CDATA[]]></system-err>
      </testcase>
      <testcase name="Test Cases/Engine_Scoring/Engine Scoring" time="5.207" classname="Test Cases/Engine_Scoring/Engine Scoring" status="PASSED">
         <system-out><![CDATA[2022-11-22 15:45:37 - [TEST_CASE][PASSED] - Test Cases/Engine_Scoring/Engine Scoring: Test Cases/Engine_Scoring/Engine Scoring

2022-11-22 15:45:38 - [TEST_STEP][PASSED] - markPassed("Variasi data ke : " + no): Variasi data ke : 112

2022-11-22 15:45:38 - [MESSAGE][PASSED] - Variasi data ke : 112

2022-11-22 15:45:38 - [TEST_STEP][PASSED] - req_data = sendRequest(findTestObject("Search_ME", ["MID":MID, "source":source, "ip":ip, "userid":userid, "branch":branch, "tipekons":tipekons, "marital":marital, "penjamin":penjamin, ... ])): Send request successfully

2022-11-22 15:45:39 - [MESSAGE][INFO] - HAR: D:\DMS\Engine Scoring\Reports\20221122_153620\Exclude KKB - DS\Scoring Individu - Used\20221122_153620\requests\main\222.har

2022-11-22 15:45:39 - [MESSAGE][PASSED] - Send request successfully

2022-11-22 15:45:39 - [TEST_STEP][PASSED] - slurper = new groovy.json.JsonSlurper(): null

2022-11-22 15:45:39 - [TEST_STEP][PASSED] - result = slurper.parseText(req_data.getResponseBodyContent()): null

2022-11-22 15:45:39 - [TEST_STEP][PASSED] - reqid_kons = requestid1: null

2022-11-22 15:45:39 - [TEST_STEP][PASSED] - reqid_spouse = requestid2: null

2022-11-22 15:45:39 - [TEST_STEP][PASSED] - println("requestid kons : " + reqid_kons): null

2022-11-22 15:45:39 - [TEST_STEP][PASSED] - response_searchME_kons = reqid_kons: null

2022-11-22 15:45:39 - [TEST_STEP][PASSED] - response_searchME_spouse = reqid_spouse: null

2022-11-22 15:45:39 - [TEST_STEP][PASSED] - println("kons req id is :" + response_searchME_kons): null

2022-11-22 15:45:39 - [TEST_STEP][PASSED] - println("spouse req id is : " + response_searchME_spouse): null

2022-11-22 15:45:39 - [TEST_STEP][PASSED] - verifyResponseStatusCode(req_data, 200): Verify response status code successfully

2022-11-22 15:45:39 - [MESSAGE][PASSED] - Verify response status code successfully

2022-11-22 15:45:39 - [TEST_STEP][PASSED] - response = req_data.getResponseText(): null

2022-11-22 15:45:39 - [TEST_STEP][PASSED] - logInfo($response): {"status":"Done","data":{"requestid1":"241944","requestid2":""}}

2022-11-22 15:45:39 - [MESSAGE][INFO] - {"status":"Done","data":{"requestid1":"241944","requestid2":""}}

2022-11-22 15:45:39 - [TEST_STEP][PASSED] - delay(3): Delayed 3 second(s)

2022-11-22 15:45:42 - [MESSAGE][PASSED] - Delayed 3 second(s)

2022-11-22 15:45:42 - [TEST_STEP][PASSED] - scoring = sendRequest(findTestObject("EngineScore", ["response_searchME_kons":response_searchME_kons, "response_searchME_spouse":response_searchME_spouse])): Send request successfully

2022-11-22 15:45:42 - [MESSAGE][INFO] - HAR: D:\DMS\Engine Scoring\Reports\20221122_153620\Exclude KKB - DS\Scoring Individu - Used\20221122_153620\requests\main\223.har

2022-11-22 15:45:42 - [MESSAGE][PASSED] - Send request successfully

2022-11-22 15:45:42 - [TEST_STEP][PASSED] - verifyResponseStatusCode(scoring, 200): Verify response status code successfully

2022-11-22 15:45:42 - [MESSAGE][PASSED] - Verify response status code successfully

2022-11-22 15:45:42 - [TEST_STEP][PASSED] - response2 = scoring.getResponseText(): null

2022-11-22 15:45:42 - [TEST_STEP][PASSED] - markPassed("result service data ke : " + no): result service data ke : 112

2022-11-22 15:45:42 - [MESSAGE][PASSED] - result service data ke : 112

2022-11-22 15:45:42 - [TEST_STEP][PASSED] - logInfo($response2): {"result_konsumen":"Approve","result_pasangan":"","Final_result":"Approve","errorMessage":"","status":"Done"}

2022-11-22 15:45:42 - [MESSAGE][INFO] - {"result_konsumen":"Approve","result_pasangan":"","Final_result":"Approve","errorMessage":"","status":"Done"}

2022-11-22 15:45:42 - [TEST_STEP][PASSED] - verifyElementPropertyValue(scoring, "Final_result", final_result): Verify element property value successfully

2022-11-22 15:45:42 - [MESSAGE][PASSED] - Verify element property value successfully]]></system-out>
         <system-err><![CDATA[]]></system-err>
      </testcase>
      <testcase name="Test Cases/Engine_Scoring/Engine Scoring" time="5.242" classname="Test Cases/Engine_Scoring/Engine Scoring" status="PASSED">
         <system-out><![CDATA[2022-11-22 15:45:42 - [TEST_CASE][PASSED] - Test Cases/Engine_Scoring/Engine Scoring: Test Cases/Engine_Scoring/Engine Scoring

2022-11-22 15:45:43 - [TEST_STEP][PASSED] - markPassed("Variasi data ke : " + no): Variasi data ke : 113

2022-11-22 15:45:43 - [MESSAGE][PASSED] - Variasi data ke : 113

2022-11-22 15:45:43 - [TEST_STEP][PASSED] - req_data = sendRequest(findTestObject("Search_ME", ["MID":MID, "source":source, "ip":ip, "userid":userid, "branch":branch, "tipekons":tipekons, "marital":marital, "penjamin":penjamin, ... ])): Send request successfully

2022-11-22 15:45:44 - [MESSAGE][INFO] - HAR: D:\DMS\Engine Scoring\Reports\20221122_153620\Exclude KKB - DS\Scoring Individu - Used\20221122_153620\requests\main\224.har

2022-11-22 15:45:44 - [MESSAGE][PASSED] - Send request successfully

2022-11-22 15:45:44 - [TEST_STEP][PASSED] - slurper = new groovy.json.JsonSlurper(): null

2022-11-22 15:45:44 - [TEST_STEP][PASSED] - result = slurper.parseText(req_data.getResponseBodyContent()): null

2022-11-22 15:45:44 - [TEST_STEP][PASSED] - reqid_kons = requestid1: null

2022-11-22 15:45:44 - [TEST_STEP][PASSED] - reqid_spouse = requestid2: null

2022-11-22 15:45:44 - [TEST_STEP][PASSED] - println("requestid kons : " + reqid_kons): null

2022-11-22 15:45:44 - [TEST_STEP][PASSED] - response_searchME_kons = reqid_kons: null

2022-11-22 15:45:44 - [TEST_STEP][PASSED] - response_searchME_spouse = reqid_spouse: null

2022-11-22 15:45:44 - [TEST_STEP][PASSED] - println("kons req id is :" + response_searchME_kons): null

2022-11-22 15:45:44 - [TEST_STEP][PASSED] - println("spouse req id is : " + response_searchME_spouse): null

2022-11-22 15:45:44 - [TEST_STEP][PASSED] - verifyResponseStatusCode(req_data, 200): Verify response status code successfully

2022-11-22 15:45:44 - [MESSAGE][PASSED] - Verify response status code successfully

2022-11-22 15:45:44 - [TEST_STEP][PASSED] - response = req_data.getResponseText(): null

2022-11-22 15:45:44 - [TEST_STEP][PASSED] - logInfo($response): {"status":"Done","data":{"requestid1":"241945","requestid2":""}}

2022-11-22 15:45:44 - [MESSAGE][INFO] - {"status":"Done","data":{"requestid1":"241945","requestid2":""}}

2022-11-22 15:45:44 - [TEST_STEP][PASSED] - delay(3): Delayed 3 second(s)

2022-11-22 15:45:47 - [MESSAGE][PASSED] - Delayed 3 second(s)

2022-11-22 15:45:47 - [TEST_STEP][PASSED] - scoring = sendRequest(findTestObject("EngineScore", ["response_searchME_kons":response_searchME_kons, "response_searchME_spouse":response_searchME_spouse])): Send request successfully

2022-11-22 15:45:47 - [MESSAGE][INFO] - HAR: D:\DMS\Engine Scoring\Reports\20221122_153620\Exclude KKB - DS\Scoring Individu - Used\20221122_153620\requests\main\225.har

2022-11-22 15:45:47 - [MESSAGE][PASSED] - Send request successfully

2022-11-22 15:45:47 - [TEST_STEP][PASSED] - verifyResponseStatusCode(scoring, 200): Verify response status code successfully

2022-11-22 15:45:47 - [MESSAGE][PASSED] - Verify response status code successfully

2022-11-22 15:45:47 - [TEST_STEP][PASSED] - response2 = scoring.getResponseText(): null

2022-11-22 15:45:47 - [TEST_STEP][PASSED] - markPassed("result service data ke : " + no): result service data ke : 113

2022-11-22 15:45:47 - [MESSAGE][PASSED] - result service data ke : 113

2022-11-22 15:45:47 - [TEST_STEP][PASSED] - logInfo($response2): {"result_konsumen":"Approve","result_pasangan":"","Final_result":"Approve","errorMessage":"","status":"Done"}

2022-11-22 15:45:47 - [MESSAGE][INFO] - {"result_konsumen":"Approve","result_pasangan":"","Final_result":"Approve","errorMessage":"","status":"Done"}

2022-11-22 15:45:47 - [TEST_STEP][PASSED] - verifyElementPropertyValue(scoring, "Final_result", final_result): Verify element property value successfully

2022-11-22 15:45:47 - [MESSAGE][PASSED] - Verify element property value successfully]]></system-out>
         <system-err><![CDATA[]]></system-err>
      </testcase>
      <testcase name="Test Cases/Engine_Scoring/Engine Scoring" time="5.306" classname="Test Cases/Engine_Scoring/Engine Scoring" status="PASSED">
         <system-out><![CDATA[2022-11-22 15:45:47 - [TEST_CASE][PASSED] - Test Cases/Engine_Scoring/Engine Scoring: Test Cases/Engine_Scoring/Engine Scoring

2022-11-22 15:45:48 - [TEST_STEP][PASSED] - markPassed("Variasi data ke : " + no): Variasi data ke : 114

2022-11-22 15:45:48 - [MESSAGE][PASSED] - Variasi data ke : 114

2022-11-22 15:45:48 - [TEST_STEP][PASSED] - req_data = sendRequest(findTestObject("Search_ME", ["MID":MID, "source":source, "ip":ip, "userid":userid, "branch":branch, "tipekons":tipekons, "marital":marital, "penjamin":penjamin, ... ])): Send request successfully

2022-11-22 15:45:49 - [MESSAGE][INFO] - HAR: D:\DMS\Engine Scoring\Reports\20221122_153620\Exclude KKB - DS\Scoring Individu - Used\20221122_153620\requests\main\226.har

2022-11-22 15:45:49 - [MESSAGE][PASSED] - Send request successfully

2022-11-22 15:45:49 - [TEST_STEP][PASSED] - slurper = new groovy.json.JsonSlurper(): null

2022-11-22 15:45:49 - [TEST_STEP][PASSED] - result = slurper.parseText(req_data.getResponseBodyContent()): null

2022-11-22 15:45:49 - [TEST_STEP][PASSED] - reqid_kons = requestid1: null

2022-11-22 15:45:49 - [TEST_STEP][PASSED] - reqid_spouse = requestid2: null

2022-11-22 15:45:49 - [TEST_STEP][PASSED] - println("requestid kons : " + reqid_kons): null

2022-11-22 15:45:49 - [TEST_STEP][PASSED] - response_searchME_kons = reqid_kons: null

2022-11-22 15:45:49 - [TEST_STEP][PASSED] - response_searchME_spouse = reqid_spouse: null

2022-11-22 15:45:49 - [TEST_STEP][PASSED] - println("kons req id is :" + response_searchME_kons): null

2022-11-22 15:45:49 - [TEST_STEP][PASSED] - println("spouse req id is : " + response_searchME_spouse): null

2022-11-22 15:45:49 - [TEST_STEP][PASSED] - verifyResponseStatusCode(req_data, 200): Verify response status code successfully

2022-11-22 15:45:49 - [MESSAGE][PASSED] - Verify response status code successfully

2022-11-22 15:45:49 - [TEST_STEP][PASSED] - response = req_data.getResponseText(): null

2022-11-22 15:45:49 - [TEST_STEP][PASSED] - logInfo($response): {"status":"Done","data":{"requestid1":"241946","requestid2":""}}

2022-11-22 15:45:49 - [MESSAGE][INFO] - {"status":"Done","data":{"requestid1":"241946","requestid2":""}}

2022-11-22 15:45:49 - [TEST_STEP][PASSED] - delay(3): Delayed 3 second(s)

2022-11-22 15:45:52 - [MESSAGE][PASSED] - Delayed 3 second(s)

2022-11-22 15:45:52 - [TEST_STEP][PASSED] - scoring = sendRequest(findTestObject("EngineScore", ["response_searchME_kons":response_searchME_kons, "response_searchME_spouse":response_searchME_spouse])): Send request successfully

2022-11-22 15:45:53 - [MESSAGE][INFO] - HAR: D:\DMS\Engine Scoring\Reports\20221122_153620\Exclude KKB - DS\Scoring Individu - Used\20221122_153620\requests\main\227.har

2022-11-22 15:45:53 - [MESSAGE][PASSED] - Send request successfully

2022-11-22 15:45:53 - [TEST_STEP][PASSED] - verifyResponseStatusCode(scoring, 200): Verify response status code successfully

2022-11-22 15:45:53 - [MESSAGE][PASSED] - Verify response status code successfully

2022-11-22 15:45:53 - [TEST_STEP][PASSED] - response2 = scoring.getResponseText(): null

2022-11-22 15:45:53 - [TEST_STEP][PASSED] - markPassed("result service data ke : " + no): result service data ke : 114

2022-11-22 15:45:53 - [MESSAGE][PASSED] - result service data ke : 114

2022-11-22 15:45:53 - [TEST_STEP][PASSED] - logInfo($response2): {"result_konsumen":"Approve","result_pasangan":"","Final_result":"Approve","errorMessage":"","status":"Done"}

2022-11-22 15:45:53 - [MESSAGE][INFO] - {"result_konsumen":"Approve","result_pasangan":"","Final_result":"Approve","errorMessage":"","status":"Done"}

2022-11-22 15:45:53 - [TEST_STEP][PASSED] - verifyElementPropertyValue(scoring, "Final_result", final_result): Verify element property value successfully

2022-11-22 15:45:53 - [MESSAGE][PASSED] - Verify element property value successfully]]></system-out>
         <system-err><![CDATA[]]></system-err>
      </testcase>
      <testcase name="Test Cases/Engine_Scoring/Engine Scoring" time="5.106" classname="Test Cases/Engine_Scoring/Engine Scoring" status="PASSED">
         <system-out><![CDATA[2022-11-22 15:45:53 - [TEST_CASE][PASSED] - Test Cases/Engine_Scoring/Engine Scoring: Test Cases/Engine_Scoring/Engine Scoring

2022-11-22 15:45:54 - [TEST_STEP][PASSED] - markPassed("Variasi data ke : " + no): Variasi data ke : 115

2022-11-22 15:45:54 - [MESSAGE][PASSED] - Variasi data ke : 115

2022-11-22 15:45:54 - [TEST_STEP][PASSED] - req_data = sendRequest(findTestObject("Search_ME", ["MID":MID, "source":source, "ip":ip, "userid":userid, "branch":branch, "tipekons":tipekons, "marital":marital, "penjamin":penjamin, ... ])): Send request successfully

2022-11-22 15:45:55 - [MESSAGE][INFO] - HAR: D:\DMS\Engine Scoring\Reports\20221122_153620\Exclude KKB - DS\Scoring Individu - Used\20221122_153620\requests\main\228.har

2022-11-22 15:45:55 - [MESSAGE][PASSED] - Send request successfully

2022-11-22 15:45:55 - [TEST_STEP][PASSED] - slurper = new groovy.json.JsonSlurper(): null

2022-11-22 15:45:55 - [TEST_STEP][PASSED] - result = slurper.parseText(req_data.getResponseBodyContent()): null

2022-11-22 15:45:55 - [TEST_STEP][PASSED] - reqid_kons = requestid1: null

2022-11-22 15:45:55 - [TEST_STEP][PASSED] - reqid_spouse = requestid2: null

2022-11-22 15:45:55 - [TEST_STEP][PASSED] - println("requestid kons : " + reqid_kons): null

2022-11-22 15:45:55 - [TEST_STEP][PASSED] - response_searchME_kons = reqid_kons: null

2022-11-22 15:45:55 - [TEST_STEP][PASSED] - response_searchME_spouse = reqid_spouse: null

2022-11-22 15:45:55 - [TEST_STEP][PASSED] - println("kons req id is :" + response_searchME_kons): null

2022-11-22 15:45:55 - [TEST_STEP][PASSED] - println("spouse req id is : " + response_searchME_spouse): null

2022-11-22 15:45:55 - [TEST_STEP][PASSED] - verifyResponseStatusCode(req_data, 200): Verify response status code successfully

2022-11-22 15:45:55 - [MESSAGE][PASSED] - Verify response status code successfully

2022-11-22 15:45:55 - [TEST_STEP][PASSED] - response = req_data.getResponseText(): null

2022-11-22 15:45:55 - [TEST_STEP][PASSED] - logInfo($response): {"status":"Done","data":{"requestid1":"241947","requestid2":""}}

2022-11-22 15:45:55 - [MESSAGE][INFO] - {"status":"Done","data":{"requestid1":"241947","requestid2":""}}

2022-11-22 15:45:55 - [TEST_STEP][PASSED] - delay(3): Delayed 3 second(s)

2022-11-22 15:45:58 - [MESSAGE][PASSED] - Delayed 3 second(s)

2022-11-22 15:45:58 - [TEST_STEP][PASSED] - scoring = sendRequest(findTestObject("EngineScore", ["response_searchME_kons":response_searchME_kons, "response_searchME_spouse":response_searchME_spouse])): Send request successfully

2022-11-22 15:45:58 - [MESSAGE][INFO] - HAR: D:\DMS\Engine Scoring\Reports\20221122_153620\Exclude KKB - DS\Scoring Individu - Used\20221122_153620\requests\main\229.har

2022-11-22 15:45:58 - [MESSAGE][PASSED] - Send request successfully

2022-11-22 15:45:58 - [TEST_STEP][PASSED] - verifyResponseStatusCode(scoring, 200): Verify response status code successfully

2022-11-22 15:45:58 - [MESSAGE][PASSED] - Verify response status code successfully

2022-11-22 15:45:58 - [TEST_STEP][PASSED] - response2 = scoring.getResponseText(): null

2022-11-22 15:45:58 - [TEST_STEP][PASSED] - markPassed("result service data ke : " + no): result service data ke : 115

2022-11-22 15:45:58 - [MESSAGE][PASSED] - result service data ke : 115

2022-11-22 15:45:58 - [TEST_STEP][PASSED] - logInfo($response2): {"result_konsumen":"Approve","result_pasangan":"","Final_result":"Approve","errorMessage":"","status":"Done"}

2022-11-22 15:45:58 - [MESSAGE][INFO] - {"result_konsumen":"Approve","result_pasangan":"","Final_result":"Approve","errorMessage":"","status":"Done"}

2022-11-22 15:45:58 - [TEST_STEP][PASSED] - verifyElementPropertyValue(scoring, "Final_result", final_result): Verify element property value successfully

2022-11-22 15:45:58 - [MESSAGE][PASSED] - Verify element property value successfully]]></system-out>
         <system-err><![CDATA[]]></system-err>
      </testcase>
      <testcase name="Test Cases/Engine_Scoring/Engine Scoring" time="5.233" classname="Test Cases/Engine_Scoring/Engine Scoring" status="PASSED">
         <system-out><![CDATA[2022-11-22 15:45:58 - [TEST_CASE][PASSED] - Test Cases/Engine_Scoring/Engine Scoring: Test Cases/Engine_Scoring/Engine Scoring

2022-11-22 15:45:59 - [TEST_STEP][PASSED] - markPassed("Variasi data ke : " + no): Variasi data ke : 116

2022-11-22 15:45:59 - [MESSAGE][PASSED] - Variasi data ke : 116

2022-11-22 15:45:59 - [TEST_STEP][PASSED] - req_data = sendRequest(findTestObject("Search_ME", ["MID":MID, "source":source, "ip":ip, "userid":userid, "branch":branch, "tipekons":tipekons, "marital":marital, "penjamin":penjamin, ... ])): Send request successfully

2022-11-22 15:46:00 - [MESSAGE][INFO] - HAR: D:\DMS\Engine Scoring\Reports\20221122_153620\Exclude KKB - DS\Scoring Individu - Used\20221122_153620\requests\main\230.har

2022-11-22 15:46:00 - [MESSAGE][PASSED] - Send request successfully

2022-11-22 15:46:00 - [TEST_STEP][PASSED] - slurper = new groovy.json.JsonSlurper(): null

2022-11-22 15:46:00 - [TEST_STEP][PASSED] - result = slurper.parseText(req_data.getResponseBodyContent()): null

2022-11-22 15:46:00 - [TEST_STEP][PASSED] - reqid_kons = requestid1: null

2022-11-22 15:46:00 - [TEST_STEP][PASSED] - reqid_spouse = requestid2: null

2022-11-22 15:46:00 - [TEST_STEP][PASSED] - println("requestid kons : " + reqid_kons): null

2022-11-22 15:46:00 - [TEST_STEP][PASSED] - response_searchME_kons = reqid_kons: null

2022-11-22 15:46:00 - [TEST_STEP][PASSED] - response_searchME_spouse = reqid_spouse: null

2022-11-22 15:46:00 - [TEST_STEP][PASSED] - println("kons req id is :" + response_searchME_kons): null

2022-11-22 15:46:00 - [TEST_STEP][PASSED] - println("spouse req id is : " + response_searchME_spouse): null

2022-11-22 15:46:00 - [TEST_STEP][PASSED] - verifyResponseStatusCode(req_data, 200): Verify response status code successfully

2022-11-22 15:46:00 - [MESSAGE][PASSED] - Verify response status code successfully

2022-11-22 15:46:00 - [TEST_STEP][PASSED] - response = req_data.getResponseText(): null

2022-11-22 15:46:00 - [TEST_STEP][PASSED] - logInfo($response): {"status":"Done","data":{"requestid1":"241948","requestid2":""}}

2022-11-22 15:46:00 - [MESSAGE][INFO] - {"status":"Done","data":{"requestid1":"241948","requestid2":""}}

2022-11-22 15:46:00 - [TEST_STEP][PASSED] - delay(3): Delayed 3 second(s)

2022-11-22 15:46:03 - [MESSAGE][PASSED] - Delayed 3 second(s)

2022-11-22 15:46:03 - [TEST_STEP][PASSED] - scoring = sendRequest(findTestObject("EngineScore", ["response_searchME_kons":response_searchME_kons, "response_searchME_spouse":response_searchME_spouse])): Send request successfully

2022-11-22 15:46:03 - [MESSAGE][INFO] - HAR: D:\DMS\Engine Scoring\Reports\20221122_153620\Exclude KKB - DS\Scoring Individu - Used\20221122_153620\requests\main\231.har

2022-11-22 15:46:03 - [MESSAGE][PASSED] - Send request successfully

2022-11-22 15:46:03 - [TEST_STEP][PASSED] - verifyResponseStatusCode(scoring, 200): Verify response status code successfully

2022-11-22 15:46:03 - [MESSAGE][PASSED] - Verify response status code successfully

2022-11-22 15:46:03 - [TEST_STEP][PASSED] - response2 = scoring.getResponseText(): null

2022-11-22 15:46:03 - [TEST_STEP][PASSED] - markPassed("result service data ke : " + no): result service data ke : 116

2022-11-22 15:46:03 - [MESSAGE][PASSED] - result service data ke : 116

2022-11-22 15:46:03 - [TEST_STEP][PASSED] - logInfo($response2): {"result_konsumen":"Approve","result_pasangan":"","Final_result":"Approve","errorMessage":"","status":"Done"}

2022-11-22 15:46:03 - [MESSAGE][INFO] - {"result_konsumen":"Approve","result_pasangan":"","Final_result":"Approve","errorMessage":"","status":"Done"}

2022-11-22 15:46:03 - [TEST_STEP][PASSED] - verifyElementPropertyValue(scoring, "Final_result", final_result): Verify element property value successfully

2022-11-22 15:46:03 - [MESSAGE][PASSED] - Verify element property value successfully]]></system-out>
         <system-err><![CDATA[]]></system-err>
      </testcase>
      <testcase name="Test Cases/Engine_Scoring/Engine Scoring" time="5.26" classname="Test Cases/Engine_Scoring/Engine Scoring" status="PASSED">
         <system-out><![CDATA[2022-11-22 15:46:03 - [TEST_CASE][PASSED] - Test Cases/Engine_Scoring/Engine Scoring: Test Cases/Engine_Scoring/Engine Scoring

2022-11-22 15:46:04 - [TEST_STEP][PASSED] - markPassed("Variasi data ke : " + no): Variasi data ke : 117

2022-11-22 15:46:04 - [MESSAGE][PASSED] - Variasi data ke : 117

2022-11-22 15:46:04 - [TEST_STEP][PASSED] - req_data = sendRequest(findTestObject("Search_ME", ["MID":MID, "source":source, "ip":ip, "userid":userid, "branch":branch, "tipekons":tipekons, "marital":marital, "penjamin":penjamin, ... ])): Send request successfully

2022-11-22 15:46:05 - [MESSAGE][INFO] - HAR: D:\DMS\Engine Scoring\Reports\20221122_153620\Exclude KKB - DS\Scoring Individu - Used\20221122_153620\requests\main\232.har

2022-11-22 15:46:05 - [MESSAGE][PASSED] - Send request successfully

2022-11-22 15:46:05 - [TEST_STEP][PASSED] - slurper = new groovy.json.JsonSlurper(): null

2022-11-22 15:46:05 - [TEST_STEP][PASSED] - result = slurper.parseText(req_data.getResponseBodyContent()): null

2022-11-22 15:46:05 - [TEST_STEP][PASSED] - reqid_kons = requestid1: null

2022-11-22 15:46:05 - [TEST_STEP][PASSED] - reqid_spouse = requestid2: null

2022-11-22 15:46:05 - [TEST_STEP][PASSED] - println("requestid kons : " + reqid_kons): null

2022-11-22 15:46:05 - [TEST_STEP][PASSED] - response_searchME_kons = reqid_kons: null

2022-11-22 15:46:05 - [TEST_STEP][PASSED] - response_searchME_spouse = reqid_spouse: null

2022-11-22 15:46:05 - [TEST_STEP][PASSED] - println("kons req id is :" + response_searchME_kons): null

2022-11-22 15:46:05 - [TEST_STEP][PASSED] - println("spouse req id is : " + response_searchME_spouse): null

2022-11-22 15:46:05 - [TEST_STEP][PASSED] - verifyResponseStatusCode(req_data, 200): Verify response status code successfully

2022-11-22 15:46:05 - [MESSAGE][PASSED] - Verify response status code successfully

2022-11-22 15:46:05 - [TEST_STEP][PASSED] - response = req_data.getResponseText(): null

2022-11-22 15:46:05 - [TEST_STEP][PASSED] - logInfo($response): {"status":"Done","data":{"requestid1":"241949","requestid2":""}}

2022-11-22 15:46:05 - [MESSAGE][INFO] - {"status":"Done","data":{"requestid1":"241949","requestid2":""}}

2022-11-22 15:46:05 - [TEST_STEP][PASSED] - delay(3): Delayed 3 second(s)

2022-11-22 15:46:08 - [MESSAGE][PASSED] - Delayed 3 second(s)

2022-11-22 15:46:08 - [TEST_STEP][PASSED] - scoring = sendRequest(findTestObject("EngineScore", ["response_searchME_kons":response_searchME_kons, "response_searchME_spouse":response_searchME_spouse])): Send request successfully

2022-11-22 15:46:08 - [MESSAGE][INFO] - HAR: D:\DMS\Engine Scoring\Reports\20221122_153620\Exclude KKB - DS\Scoring Individu - Used\20221122_153620\requests\main\233.har

2022-11-22 15:46:08 - [MESSAGE][PASSED] - Send request successfully

2022-11-22 15:46:08 - [TEST_STEP][PASSED] - verifyResponseStatusCode(scoring, 200): Verify response status code successfully

2022-11-22 15:46:08 - [MESSAGE][PASSED] - Verify response status code successfully

2022-11-22 15:46:08 - [TEST_STEP][PASSED] - response2 = scoring.getResponseText(): null

2022-11-22 15:46:08 - [TEST_STEP][PASSED] - markPassed("result service data ke : " + no): result service data ke : 117

2022-11-22 15:46:08 - [MESSAGE][PASSED] - result service data ke : 117

2022-11-22 15:46:08 - [TEST_STEP][PASSED] - logInfo($response2): {"result_konsumen":"Reject","result_pasangan":"","Final_result":"Reject","errorMessage":"","status":"Done"}

2022-11-22 15:46:08 - [MESSAGE][INFO] - {"result_konsumen":"Reject","result_pasangan":"","Final_result":"Reject","errorMessage":"","status":"Done"}

2022-11-22 15:46:08 - [TEST_STEP][PASSED] - verifyElementPropertyValue(scoring, "Final_result", final_result): Verify element property value successfully

2022-11-22 15:46:08 - [MESSAGE][PASSED] - Verify element property value successfully]]></system-out>
         <system-err><![CDATA[]]></system-err>
      </testcase>
      <testcase name="Test Cases/Engine_Scoring/Engine Scoring" time="5.444" classname="Test Cases/Engine_Scoring/Engine Scoring" status="PASSED">
         <system-out><![CDATA[2022-11-22 15:46:08 - [TEST_CASE][PASSED] - Test Cases/Engine_Scoring/Engine Scoring: Test Cases/Engine_Scoring/Engine Scoring

2022-11-22 15:46:09 - [TEST_STEP][PASSED] - markPassed("Variasi data ke : " + no): Variasi data ke : 118

2022-11-22 15:46:09 - [MESSAGE][PASSED] - Variasi data ke : 118

2022-11-22 15:46:09 - [TEST_STEP][PASSED] - req_data = sendRequest(findTestObject("Search_ME", ["MID":MID, "source":source, "ip":ip, "userid":userid, "branch":branch, "tipekons":tipekons, "marital":marital, "penjamin":penjamin, ... ])): Send request successfully

2022-11-22 15:46:11 - [MESSAGE][INFO] - HAR: D:\DMS\Engine Scoring\Reports\20221122_153620\Exclude KKB - DS\Scoring Individu - Used\20221122_153620\requests\main\234.har

2022-11-22 15:46:11 - [MESSAGE][PASSED] - Send request successfully

2022-11-22 15:46:11 - [TEST_STEP][PASSED] - slurper = new groovy.json.JsonSlurper(): null

2022-11-22 15:46:11 - [TEST_STEP][PASSED] - result = slurper.parseText(req_data.getResponseBodyContent()): null

2022-11-22 15:46:11 - [TEST_STEP][PASSED] - reqid_kons = requestid1: null

2022-11-22 15:46:11 - [TEST_STEP][PASSED] - reqid_spouse = requestid2: null

2022-11-22 15:46:11 - [TEST_STEP][PASSED] - println("requestid kons : " + reqid_kons): null

2022-11-22 15:46:11 - [TEST_STEP][PASSED] - response_searchME_kons = reqid_kons: null

2022-11-22 15:46:11 - [TEST_STEP][PASSED] - response_searchME_spouse = reqid_spouse: null

2022-11-22 15:46:11 - [TEST_STEP][PASSED] - println("kons req id is :" + response_searchME_kons): null

2022-11-22 15:46:11 - [TEST_STEP][PASSED] - println("spouse req id is : " + response_searchME_spouse): null

2022-11-22 15:46:11 - [TEST_STEP][PASSED] - verifyResponseStatusCode(req_data, 200): Verify response status code successfully

2022-11-22 15:46:11 - [MESSAGE][PASSED] - Verify response status code successfully

2022-11-22 15:46:11 - [TEST_STEP][PASSED] - response = req_data.getResponseText(): null

2022-11-22 15:46:11 - [TEST_STEP][PASSED] - logInfo($response): {"status":"Done","data":{"requestid1":"241950","requestid2":""}}

2022-11-22 15:46:11 - [MESSAGE][INFO] - {"status":"Done","data":{"requestid1":"241950","requestid2":""}}

2022-11-22 15:46:11 - [TEST_STEP][PASSED] - delay(3): Delayed 3 second(s)

2022-11-22 15:46:14 - [MESSAGE][PASSED] - Delayed 3 second(s)

2022-11-22 15:46:14 - [TEST_STEP][PASSED] - scoring = sendRequest(findTestObject("EngineScore", ["response_searchME_kons":response_searchME_kons, "response_searchME_spouse":response_searchME_spouse])): Send request successfully

2022-11-22 15:46:14 - [MESSAGE][INFO] - HAR: D:\DMS\Engine Scoring\Reports\20221122_153620\Exclude KKB - DS\Scoring Individu - Used\20221122_153620\requests\main\235.har

2022-11-22 15:46:14 - [MESSAGE][PASSED] - Send request successfully

2022-11-22 15:46:14 - [TEST_STEP][PASSED] - verifyResponseStatusCode(scoring, 200): Verify response status code successfully

2022-11-22 15:46:14 - [MESSAGE][PASSED] - Verify response status code successfully

2022-11-22 15:46:14 - [TEST_STEP][PASSED] - response2 = scoring.getResponseText(): null

2022-11-22 15:46:14 - [TEST_STEP][PASSED] - markPassed("result service data ke : " + no): result service data ke : 118

2022-11-22 15:46:14 - [MESSAGE][PASSED] - result service data ke : 118

2022-11-22 15:46:14 - [TEST_STEP][PASSED] - logInfo($response2): {"result_konsumen":"Reject","result_pasangan":"","Final_result":"Reject","errorMessage":"","status":"Done"}

2022-11-22 15:46:14 - [MESSAGE][INFO] - {"result_konsumen":"Reject","result_pasangan":"","Final_result":"Reject","errorMessage":"","status":"Done"}

2022-11-22 15:46:14 - [TEST_STEP][PASSED] - verifyElementPropertyValue(scoring, "Final_result", final_result): Verify element property value successfully

2022-11-22 15:46:14 - [MESSAGE][PASSED] - Verify element property value successfully]]></system-out>
         <system-err><![CDATA[]]></system-err>
      </testcase>
      <testcase name="Test Cases/Engine_Scoring/Engine Scoring" time="5.246" classname="Test Cases/Engine_Scoring/Engine Scoring" status="PASSED">
         <system-out><![CDATA[2022-11-22 15:46:14 - [TEST_CASE][PASSED] - Test Cases/Engine_Scoring/Engine Scoring: Test Cases/Engine_Scoring/Engine Scoring

2022-11-22 15:46:15 - [TEST_STEP][PASSED] - markPassed("Variasi data ke : " + no): Variasi data ke : 119

2022-11-22 15:46:15 - [MESSAGE][PASSED] - Variasi data ke : 119

2022-11-22 15:46:15 - [TEST_STEP][PASSED] - req_data = sendRequest(findTestObject("Search_ME", ["MID":MID, "source":source, "ip":ip, "userid":userid, "branch":branch, "tipekons":tipekons, "marital":marital, "penjamin":penjamin, ... ])): Send request successfully

2022-11-22 15:46:16 - [MESSAGE][INFO] - HAR: D:\DMS\Engine Scoring\Reports\20221122_153620\Exclude KKB - DS\Scoring Individu - Used\20221122_153620\requests\main\236.har

2022-11-22 15:46:16 - [MESSAGE][PASSED] - Send request successfully

2022-11-22 15:46:16 - [TEST_STEP][PASSED] - slurper = new groovy.json.JsonSlurper(): null

2022-11-22 15:46:16 - [TEST_STEP][PASSED] - result = slurper.parseText(req_data.getResponseBodyContent()): null

2022-11-22 15:46:16 - [TEST_STEP][PASSED] - reqid_kons = requestid1: null

2022-11-22 15:46:16 - [TEST_STEP][PASSED] - reqid_spouse = requestid2: null

2022-11-22 15:46:16 - [TEST_STEP][PASSED] - println("requestid kons : " + reqid_kons): null

2022-11-22 15:46:16 - [TEST_STEP][PASSED] - response_searchME_kons = reqid_kons: null

2022-11-22 15:46:16 - [TEST_STEP][PASSED] - response_searchME_spouse = reqid_spouse: null

2022-11-22 15:46:16 - [TEST_STEP][PASSED] - println("kons req id is :" + response_searchME_kons): null

2022-11-22 15:46:16 - [TEST_STEP][PASSED] - println("spouse req id is : " + response_searchME_spouse): null

2022-11-22 15:46:16 - [TEST_STEP][PASSED] - verifyResponseStatusCode(req_data, 200): Verify response status code successfully

2022-11-22 15:46:16 - [MESSAGE][PASSED] - Verify response status code successfully

2022-11-22 15:46:16 - [TEST_STEP][PASSED] - response = req_data.getResponseText(): null

2022-11-22 15:46:16 - [TEST_STEP][PASSED] - logInfo($response): {"status":"Done","data":{"requestid1":"241951","requestid2":""}}

2022-11-22 15:46:16 - [MESSAGE][INFO] - {"status":"Done","data":{"requestid1":"241951","requestid2":""}}

2022-11-22 15:46:16 - [TEST_STEP][PASSED] - delay(3): Delayed 3 second(s)

2022-11-22 15:46:19 - [MESSAGE][PASSED] - Delayed 3 second(s)

2022-11-22 15:46:19 - [TEST_STEP][PASSED] - scoring = sendRequest(findTestObject("EngineScore", ["response_searchME_kons":response_searchME_kons, "response_searchME_spouse":response_searchME_spouse])): Send request successfully

2022-11-22 15:46:19 - [MESSAGE][INFO] - HAR: D:\DMS\Engine Scoring\Reports\20221122_153620\Exclude KKB - DS\Scoring Individu - Used\20221122_153620\requests\main\237.har

2022-11-22 15:46:19 - [MESSAGE][PASSED] - Send request successfully

2022-11-22 15:46:19 - [TEST_STEP][PASSED] - verifyResponseStatusCode(scoring, 200): Verify response status code successfully

2022-11-22 15:46:19 - [MESSAGE][PASSED] - Verify response status code successfully

2022-11-22 15:46:19 - [TEST_STEP][PASSED] - response2 = scoring.getResponseText(): null

2022-11-22 15:46:19 - [TEST_STEP][PASSED] - markPassed("result service data ke : " + no): result service data ke : 119

2022-11-22 15:46:19 - [MESSAGE][PASSED] - result service data ke : 119

2022-11-22 15:46:19 - [TEST_STEP][PASSED] - logInfo($response2): {"result_konsumen":"Reject","result_pasangan":"","Final_result":"Reject","errorMessage":"","status":"Done"}

2022-11-22 15:46:19 - [MESSAGE][INFO] - {"result_konsumen":"Reject","result_pasangan":"","Final_result":"Reject","errorMessage":"","status":"Done"}

2022-11-22 15:46:19 - [TEST_STEP][PASSED] - verifyElementPropertyValue(scoring, "Final_result", final_result): Verify element property value successfully

2022-11-22 15:46:19 - [MESSAGE][PASSED] - Verify element property value successfully]]></system-out>
         <system-err><![CDATA[]]></system-err>
      </testcase>
      <testcase name="Test Cases/Engine_Scoring/Engine Scoring" time="5.538" classname="Test Cases/Engine_Scoring/Engine Scoring" status="PASSED">
         <system-out><![CDATA[2022-11-22 15:46:19 - [TEST_CASE][PASSED] - Test Cases/Engine_Scoring/Engine Scoring: Test Cases/Engine_Scoring/Engine Scoring

2022-11-22 15:46:20 - [TEST_STEP][PASSED] - markPassed("Variasi data ke : " + no): Variasi data ke : 120

2022-11-22 15:46:20 - [MESSAGE][PASSED] - Variasi data ke : 120

2022-11-22 15:46:20 - [TEST_STEP][PASSED] - req_data = sendRequest(findTestObject("Search_ME", ["MID":MID, "source":source, "ip":ip, "userid":userid, "branch":branch, "tipekons":tipekons, "marital":marital, "penjamin":penjamin, ... ])): Send request successfully

2022-11-22 15:46:21 - [MESSAGE][INFO] - HAR: D:\DMS\Engine Scoring\Reports\20221122_153620\Exclude KKB - DS\Scoring Individu - Used\20221122_153620\requests\main\238.har

2022-11-22 15:46:21 - [MESSAGE][PASSED] - Send request successfully

2022-11-22 15:46:21 - [TEST_STEP][PASSED] - slurper = new groovy.json.JsonSlurper(): null

2022-11-22 15:46:21 - [TEST_STEP][PASSED] - result = slurper.parseText(req_data.getResponseBodyContent()): null

2022-11-22 15:46:21 - [TEST_STEP][PASSED] - reqid_kons = requestid1: null

2022-11-22 15:46:21 - [TEST_STEP][PASSED] - reqid_spouse = requestid2: null

2022-11-22 15:46:21 - [TEST_STEP][PASSED] - println("requestid kons : " + reqid_kons): null

2022-11-22 15:46:21 - [TEST_STEP][PASSED] - response_searchME_kons = reqid_kons: null

2022-11-22 15:46:21 - [TEST_STEP][PASSED] - response_searchME_spouse = reqid_spouse: null

2022-11-22 15:46:21 - [TEST_STEP][PASSED] - println("kons req id is :" + response_searchME_kons): null

2022-11-22 15:46:21 - [TEST_STEP][PASSED] - println("spouse req id is : " + response_searchME_spouse): null

2022-11-22 15:46:21 - [TEST_STEP][PASSED] - verifyResponseStatusCode(req_data, 200): Verify response status code successfully

2022-11-22 15:46:21 - [MESSAGE][PASSED] - Verify response status code successfully

2022-11-22 15:46:21 - [TEST_STEP][PASSED] - response = req_data.getResponseText(): null

2022-11-22 15:46:21 - [TEST_STEP][PASSED] - logInfo($response): {"status":"Done","data":{"requestid1":"241952","requestid2":""}}

2022-11-22 15:46:21 - [MESSAGE][INFO] - {"status":"Done","data":{"requestid1":"241952","requestid2":""}}

2022-11-22 15:46:21 - [TEST_STEP][PASSED] - delay(3): Delayed 3 second(s)

2022-11-22 15:46:24 - [MESSAGE][PASSED] - Delayed 3 second(s)

2022-11-22 15:46:24 - [TEST_STEP][PASSED] - scoring = sendRequest(findTestObject("EngineScore", ["response_searchME_kons":response_searchME_kons, "response_searchME_spouse":response_searchME_spouse])): Send request successfully

2022-11-22 15:46:25 - [MESSAGE][INFO] - HAR: D:\DMS\Engine Scoring\Reports\20221122_153620\Exclude KKB - DS\Scoring Individu - Used\20221122_153620\requests\main\239.har

2022-11-22 15:46:25 - [MESSAGE][PASSED] - Send request successfully

2022-11-22 15:46:25 - [TEST_STEP][PASSED] - verifyResponseStatusCode(scoring, 200): Verify response status code successfully

2022-11-22 15:46:25 - [MESSAGE][PASSED] - Verify response status code successfully

2022-11-22 15:46:25 - [TEST_STEP][PASSED] - response2 = scoring.getResponseText(): null

2022-11-22 15:46:25 - [TEST_STEP][PASSED] - markPassed("result service data ke : " + no): result service data ke : 120

2022-11-22 15:46:25 - [MESSAGE][PASSED] - result service data ke : 120

2022-11-22 15:46:25 - [TEST_STEP][PASSED] - logInfo($response2): {"result_konsumen":"Reject","result_pasangan":"","Final_result":"Reject","errorMessage":"","status":"Done"}

2022-11-22 15:46:25 - [MESSAGE][INFO] - {"result_konsumen":"Reject","result_pasangan":"","Final_result":"Reject","errorMessage":"","status":"Done"}

2022-11-22 15:46:25 - [TEST_STEP][PASSED] - verifyElementPropertyValue(scoring, "Final_result", final_result): Verify element property value successfully

2022-11-22 15:46:25 - [MESSAGE][PASSED] - Verify element property value successfully]]></system-out>
         <system-err><![CDATA[]]></system-err>
      </testcase>
      <testcase name="Test Cases/Engine_Scoring/Engine Scoring" time="5.318" classname="Test Cases/Engine_Scoring/Engine Scoring" status="PASSED">
         <system-out><![CDATA[2022-11-22 15:46:25 - [TEST_CASE][PASSED] - Test Cases/Engine_Scoring/Engine Scoring: Test Cases/Engine_Scoring/Engine Scoring

2022-11-22 15:46:26 - [TEST_STEP][PASSED] - markPassed("Variasi data ke : " + no): Variasi data ke : 121

2022-11-22 15:46:26 - [MESSAGE][PASSED] - Variasi data ke : 121

2022-11-22 15:46:26 - [TEST_STEP][PASSED] - req_data = sendRequest(findTestObject("Search_ME", ["MID":MID, "source":source, "ip":ip, "userid":userid, "branch":branch, "tipekons":tipekons, "marital":marital, "penjamin":penjamin, ... ])): Send request successfully

2022-11-22 15:46:27 - [MESSAGE][INFO] - HAR: D:\DMS\Engine Scoring\Reports\20221122_153620\Exclude KKB - DS\Scoring Individu - Used\20221122_153620\requests\main\240.har

2022-11-22 15:46:27 - [MESSAGE][PASSED] - Send request successfully

2022-11-22 15:46:27 - [TEST_STEP][PASSED] - slurper = new groovy.json.JsonSlurper(): null

2022-11-22 15:46:27 - [TEST_STEP][PASSED] - result = slurper.parseText(req_data.getResponseBodyContent()): null

2022-11-22 15:46:27 - [TEST_STEP][PASSED] - reqid_kons = requestid1: null

2022-11-22 15:46:27 - [TEST_STEP][PASSED] - reqid_spouse = requestid2: null

2022-11-22 15:46:27 - [TEST_STEP][PASSED] - println("requestid kons : " + reqid_kons): null

2022-11-22 15:46:27 - [TEST_STEP][PASSED] - response_searchME_kons = reqid_kons: null

2022-11-22 15:46:27 - [TEST_STEP][PASSED] - response_searchME_spouse = reqid_spouse: null

2022-11-22 15:46:27 - [TEST_STEP][PASSED] - println("kons req id is :" + response_searchME_kons): null

2022-11-22 15:46:27 - [TEST_STEP][PASSED] - println("spouse req id is : " + response_searchME_spouse): null

2022-11-22 15:46:27 - [TEST_STEP][PASSED] - verifyResponseStatusCode(req_data, 200): Verify response status code successfully

2022-11-22 15:46:27 - [MESSAGE][PASSED] - Verify response status code successfully

2022-11-22 15:46:27 - [TEST_STEP][PASSED] - response = req_data.getResponseText(): null

2022-11-22 15:46:27 - [TEST_STEP][PASSED] - logInfo($response): {"status":"Done","data":{"requestid1":"241953","requestid2":""}}

2022-11-22 15:46:27 - [MESSAGE][INFO] - {"status":"Done","data":{"requestid1":"241953","requestid2":""}}

2022-11-22 15:46:27 - [TEST_STEP][PASSED] - delay(3): Delayed 3 second(s)

2022-11-22 15:46:30 - [MESSAGE][PASSED] - Delayed 3 second(s)

2022-11-22 15:46:30 - [TEST_STEP][PASSED] - scoring = sendRequest(findTestObject("EngineScore", ["response_searchME_kons":response_searchME_kons, "response_searchME_spouse":response_searchME_spouse])): Send request successfully

2022-11-22 15:46:30 - [MESSAGE][INFO] - HAR: D:\DMS\Engine Scoring\Reports\20221122_153620\Exclude KKB - DS\Scoring Individu - Used\20221122_153620\requests\main\241.har

2022-11-22 15:46:30 - [MESSAGE][PASSED] - Send request successfully

2022-11-22 15:46:30 - [TEST_STEP][PASSED] - verifyResponseStatusCode(scoring, 200): Verify response status code successfully

2022-11-22 15:46:30 - [MESSAGE][PASSED] - Verify response status code successfully

2022-11-22 15:46:30 - [TEST_STEP][PASSED] - response2 = scoring.getResponseText(): null

2022-11-22 15:46:30 - [TEST_STEP][PASSED] - markPassed("result service data ke : " + no): result service data ke : 121

2022-11-22 15:46:30 - [MESSAGE][PASSED] - result service data ke : 121

2022-11-22 15:46:30 - [TEST_STEP][PASSED] - logInfo($response2): {"result_konsumen":"Approve","result_pasangan":"","Final_result":"Approve","errorMessage":"","status":"Done"}

2022-11-22 15:46:30 - [MESSAGE][INFO] - {"result_konsumen":"Approve","result_pasangan":"","Final_result":"Approve","errorMessage":"","status":"Done"}

2022-11-22 15:46:30 - [TEST_STEP][PASSED] - verifyElementPropertyValue(scoring, "Final_result", final_result): Verify element property value successfully

2022-11-22 15:46:30 - [MESSAGE][PASSED] - Verify element property value successfully]]></system-out>
         <system-err><![CDATA[]]></system-err>
      </testcase>
      <testcase name="Test Cases/Engine_Scoring/Engine Scoring" time="5.173" classname="Test Cases/Engine_Scoring/Engine Scoring" status="PASSED">
         <system-out><![CDATA[2022-11-22 15:46:30 - [TEST_CASE][PASSED] - Test Cases/Engine_Scoring/Engine Scoring: Test Cases/Engine_Scoring/Engine Scoring

2022-11-22 15:46:31 - [TEST_STEP][PASSED] - markPassed("Variasi data ke : " + no): Variasi data ke : 122

2022-11-22 15:46:31 - [MESSAGE][PASSED] - Variasi data ke : 122

2022-11-22 15:46:31 - [TEST_STEP][PASSED] - req_data = sendRequest(findTestObject("Search_ME", ["MID":MID, "source":source, "ip":ip, "userid":userid, "branch":branch, "tipekons":tipekons, "marital":marital, "penjamin":penjamin, ... ])): Send request successfully

2022-11-22 15:46:32 - [MESSAGE][INFO] - HAR: D:\DMS\Engine Scoring\Reports\20221122_153620\Exclude KKB - DS\Scoring Individu - Used\20221122_153620\requests\main\242.har

2022-11-22 15:46:32 - [MESSAGE][PASSED] - Send request successfully

2022-11-22 15:46:32 - [TEST_STEP][PASSED] - slurper = new groovy.json.JsonSlurper(): null

2022-11-22 15:46:32 - [TEST_STEP][PASSED] - result = slurper.parseText(req_data.getResponseBodyContent()): null

2022-11-22 15:46:32 - [TEST_STEP][PASSED] - reqid_kons = requestid1: null

2022-11-22 15:46:32 - [TEST_STEP][PASSED] - reqid_spouse = requestid2: null

2022-11-22 15:46:32 - [TEST_STEP][PASSED] - println("requestid kons : " + reqid_kons): null

2022-11-22 15:46:32 - [TEST_STEP][PASSED] - response_searchME_kons = reqid_kons: null

2022-11-22 15:46:32 - [TEST_STEP][PASSED] - response_searchME_spouse = reqid_spouse: null

2022-11-22 15:46:32 - [TEST_STEP][PASSED] - println("kons req id is :" + response_searchME_kons): null

2022-11-22 15:46:32 - [TEST_STEP][PASSED] - println("spouse req id is : " + response_searchME_spouse): null

2022-11-22 15:46:32 - [TEST_STEP][PASSED] - verifyResponseStatusCode(req_data, 200): Verify response status code successfully

2022-11-22 15:46:32 - [MESSAGE][PASSED] - Verify response status code successfully

2022-11-22 15:46:32 - [TEST_STEP][PASSED] - response = req_data.getResponseText(): null

2022-11-22 15:46:32 - [TEST_STEP][PASSED] - logInfo($response): {"status":"Done","data":{"requestid1":"241954","requestid2":""}}

2022-11-22 15:46:32 - [MESSAGE][INFO] - {"status":"Done","data":{"requestid1":"241954","requestid2":""}}

2022-11-22 15:46:32 - [TEST_STEP][PASSED] - delay(3): Delayed 3 second(s)

2022-11-22 15:46:35 - [MESSAGE][PASSED] - Delayed 3 second(s)

2022-11-22 15:46:35 - [TEST_STEP][PASSED] - scoring = sendRequest(findTestObject("EngineScore", ["response_searchME_kons":response_searchME_kons, "response_searchME_spouse":response_searchME_spouse])): Send request successfully

2022-11-22 15:46:35 - [MESSAGE][INFO] - HAR: D:\DMS\Engine Scoring\Reports\20221122_153620\Exclude KKB - DS\Scoring Individu - Used\20221122_153620\requests\main\243.har

2022-11-22 15:46:35 - [MESSAGE][PASSED] - Send request successfully

2022-11-22 15:46:35 - [TEST_STEP][PASSED] - verifyResponseStatusCode(scoring, 200): Verify response status code successfully

2022-11-22 15:46:35 - [MESSAGE][PASSED] - Verify response status code successfully

2022-11-22 15:46:35 - [TEST_STEP][PASSED] - response2 = scoring.getResponseText(): null

2022-11-22 15:46:35 - [TEST_STEP][PASSED] - markPassed("result service data ke : " + no): result service data ke : 122

2022-11-22 15:46:35 - [MESSAGE][PASSED] - result service data ke : 122

2022-11-22 15:46:35 - [TEST_STEP][PASSED] - logInfo($response2): {"result_konsumen":"Approve","result_pasangan":"","Final_result":"Approve","errorMessage":"","status":"Done"}

2022-11-22 15:46:35 - [MESSAGE][INFO] - {"result_konsumen":"Approve","result_pasangan":"","Final_result":"Approve","errorMessage":"","status":"Done"}

2022-11-22 15:46:35 - [TEST_STEP][PASSED] - verifyElementPropertyValue(scoring, "Final_result", final_result): Verify element property value successfully

2022-11-22 15:46:35 - [MESSAGE][PASSED] - Verify element property value successfully]]></system-out>
         <system-err><![CDATA[]]></system-err>
      </testcase>
      <testcase name="Test Cases/Engine_Scoring/Engine Scoring" time="5.204" classname="Test Cases/Engine_Scoring/Engine Scoring" status="PASSED">
         <system-out><![CDATA[2022-11-22 15:46:35 - [TEST_CASE][PASSED] - Test Cases/Engine_Scoring/Engine Scoring: Test Cases/Engine_Scoring/Engine Scoring

2022-11-22 15:46:36 - [TEST_STEP][PASSED] - markPassed("Variasi data ke : " + no): Variasi data ke : 123

2022-11-22 15:46:36 - [MESSAGE][PASSED] - Variasi data ke : 123

2022-11-22 15:46:36 - [TEST_STEP][PASSED] - req_data = sendRequest(findTestObject("Search_ME", ["MID":MID, "source":source, "ip":ip, "userid":userid, "branch":branch, "tipekons":tipekons, "marital":marital, "penjamin":penjamin, ... ])): Send request successfully

2022-11-22 15:46:37 - [MESSAGE][INFO] - HAR: D:\DMS\Engine Scoring\Reports\20221122_153620\Exclude KKB - DS\Scoring Individu - Used\20221122_153620\requests\main\244.har

2022-11-22 15:46:37 - [MESSAGE][PASSED] - Send request successfully

2022-11-22 15:46:37 - [TEST_STEP][PASSED] - slurper = new groovy.json.JsonSlurper(): null

2022-11-22 15:46:37 - [TEST_STEP][PASSED] - result = slurper.parseText(req_data.getResponseBodyContent()): null

2022-11-22 15:46:37 - [TEST_STEP][PASSED] - reqid_kons = requestid1: null

2022-11-22 15:46:37 - [TEST_STEP][PASSED] - reqid_spouse = requestid2: null

2022-11-22 15:46:37 - [TEST_STEP][PASSED] - println("requestid kons : " + reqid_kons): null

2022-11-22 15:46:37 - [TEST_STEP][PASSED] - response_searchME_kons = reqid_kons: null

2022-11-22 15:46:37 - [TEST_STEP][PASSED] - response_searchME_spouse = reqid_spouse: null

2022-11-22 15:46:37 - [TEST_STEP][PASSED] - println("kons req id is :" + response_searchME_kons): null

2022-11-22 15:46:37 - [TEST_STEP][PASSED] - println("spouse req id is : " + response_searchME_spouse): null

2022-11-22 15:46:37 - [TEST_STEP][PASSED] - verifyResponseStatusCode(req_data, 200): Verify response status code successfully

2022-11-22 15:46:37 - [MESSAGE][PASSED] - Verify response status code successfully

2022-11-22 15:46:37 - [TEST_STEP][PASSED] - response = req_data.getResponseText(): null

2022-11-22 15:46:37 - [TEST_STEP][PASSED] - logInfo($response): {"status":"Done","data":{"requestid1":"241955","requestid2":""}}

2022-11-22 15:46:37 - [MESSAGE][INFO] - {"status":"Done","data":{"requestid1":"241955","requestid2":""}}

2022-11-22 15:46:37 - [TEST_STEP][PASSED] - delay(3): Delayed 3 second(s)

2022-11-22 15:46:40 - [MESSAGE][PASSED] - Delayed 3 second(s)

2022-11-22 15:46:40 - [TEST_STEP][PASSED] - scoring = sendRequest(findTestObject("EngineScore", ["response_searchME_kons":response_searchME_kons, "response_searchME_spouse":response_searchME_spouse])): Send request successfully

2022-11-22 15:46:41 - [MESSAGE][INFO] - HAR: D:\DMS\Engine Scoring\Reports\20221122_153620\Exclude KKB - DS\Scoring Individu - Used\20221122_153620\requests\main\245.har

2022-11-22 15:46:41 - [MESSAGE][PASSED] - Send request successfully

2022-11-22 15:46:41 - [TEST_STEP][PASSED] - verifyResponseStatusCode(scoring, 200): Verify response status code successfully

2022-11-22 15:46:41 - [MESSAGE][PASSED] - Verify response status code successfully

2022-11-22 15:46:41 - [TEST_STEP][PASSED] - response2 = scoring.getResponseText(): null

2022-11-22 15:46:41 - [TEST_STEP][PASSED] - markPassed("result service data ke : " + no): result service data ke : 123

2022-11-22 15:46:41 - [MESSAGE][PASSED] - result service data ke : 123

2022-11-22 15:46:41 - [TEST_STEP][PASSED] - logInfo($response2): {"result_konsumen":"Approve","result_pasangan":"","Final_result":"Approve","errorMessage":"","status":"Done"}

2022-11-22 15:46:41 - [MESSAGE][INFO] - {"result_konsumen":"Approve","result_pasangan":"","Final_result":"Approve","errorMessage":"","status":"Done"}

2022-11-22 15:46:41 - [TEST_STEP][PASSED] - verifyElementPropertyValue(scoring, "Final_result", final_result): Verify element property value successfully

2022-11-22 15:46:41 - [MESSAGE][PASSED] - Verify element property value successfully]]></system-out>
         <system-err><![CDATA[]]></system-err>
      </testcase>
      <testcase name="Test Cases/Engine_Scoring/Engine Scoring" time="5.092" classname="Test Cases/Engine_Scoring/Engine Scoring" status="PASSED">
         <system-out><![CDATA[2022-11-22 15:46:41 - [TEST_CASE][PASSED] - Test Cases/Engine_Scoring/Engine Scoring: Test Cases/Engine_Scoring/Engine Scoring

2022-11-22 15:46:42 - [TEST_STEP][PASSED] - markPassed("Variasi data ke : " + no): Variasi data ke : 124

2022-11-22 15:46:42 - [MESSAGE][PASSED] - Variasi data ke : 124

2022-11-22 15:46:42 - [TEST_STEP][PASSED] - req_data = sendRequest(findTestObject("Search_ME", ["MID":MID, "source":source, "ip":ip, "userid":userid, "branch":branch, "tipekons":tipekons, "marital":marital, "penjamin":penjamin, ... ])): Send request successfully

2022-11-22 15:46:43 - [MESSAGE][INFO] - HAR: D:\DMS\Engine Scoring\Reports\20221122_153620\Exclude KKB - DS\Scoring Individu - Used\20221122_153620\requests\main\246.har

2022-11-22 15:46:43 - [MESSAGE][PASSED] - Send request successfully

2022-11-22 15:46:43 - [TEST_STEP][PASSED] - slurper = new groovy.json.JsonSlurper(): null

2022-11-22 15:46:43 - [TEST_STEP][PASSED] - result = slurper.parseText(req_data.getResponseBodyContent()): null

2022-11-22 15:46:43 - [TEST_STEP][PASSED] - reqid_kons = requestid1: null

2022-11-22 15:46:43 - [TEST_STEP][PASSED] - reqid_spouse = requestid2: null

2022-11-22 15:46:43 - [TEST_STEP][PASSED] - println("requestid kons : " + reqid_kons): null

2022-11-22 15:46:43 - [TEST_STEP][PASSED] - response_searchME_kons = reqid_kons: null

2022-11-22 15:46:43 - [TEST_STEP][PASSED] - response_searchME_spouse = reqid_spouse: null

2022-11-22 15:46:43 - [TEST_STEP][PASSED] - println("kons req id is :" + response_searchME_kons): null

2022-11-22 15:46:43 - [TEST_STEP][PASSED] - println("spouse req id is : " + response_searchME_spouse): null

2022-11-22 15:46:43 - [TEST_STEP][PASSED] - verifyResponseStatusCode(req_data, 200): Verify response status code successfully

2022-11-22 15:46:43 - [MESSAGE][PASSED] - Verify response status code successfully

2022-11-22 15:46:43 - [TEST_STEP][PASSED] - response = req_data.getResponseText(): null

2022-11-22 15:46:43 - [TEST_STEP][PASSED] - logInfo($response): {"status":"Done","data":{"requestid1":"241956","requestid2":""}}

2022-11-22 15:46:43 - [MESSAGE][INFO] - {"status":"Done","data":{"requestid1":"241956","requestid2":""}}

2022-11-22 15:46:43 - [TEST_STEP][PASSED] - delay(3): Delayed 3 second(s)

2022-11-22 15:46:46 - [MESSAGE][PASSED] - Delayed 3 second(s)

2022-11-22 15:46:46 - [TEST_STEP][PASSED] - scoring = sendRequest(findTestObject("EngineScore", ["response_searchME_kons":response_searchME_kons, "response_searchME_spouse":response_searchME_spouse])): Send request successfully

2022-11-22 15:46:46 - [MESSAGE][INFO] - HAR: D:\DMS\Engine Scoring\Reports\20221122_153620\Exclude KKB - DS\Scoring Individu - Used\20221122_153620\requests\main\247.har

2022-11-22 15:46:46 - [MESSAGE][PASSED] - Send request successfully

2022-11-22 15:46:46 - [TEST_STEP][PASSED] - verifyResponseStatusCode(scoring, 200): Verify response status code successfully

2022-11-22 15:46:46 - [MESSAGE][PASSED] - Verify response status code successfully

2022-11-22 15:46:46 - [TEST_STEP][PASSED] - response2 = scoring.getResponseText(): null

2022-11-22 15:46:46 - [TEST_STEP][PASSED] - markPassed("result service data ke : " + no): result service data ke : 124

2022-11-22 15:46:46 - [MESSAGE][PASSED] - result service data ke : 124

2022-11-22 15:46:46 - [TEST_STEP][PASSED] - logInfo($response2): {"result_konsumen":"Approve","result_pasangan":"","Final_result":"Approve","errorMessage":"","status":"Done"}

2022-11-22 15:46:46 - [MESSAGE][INFO] - {"result_konsumen":"Approve","result_pasangan":"","Final_result":"Approve","errorMessage":"","status":"Done"}

2022-11-22 15:46:46 - [TEST_STEP][PASSED] - verifyElementPropertyValue(scoring, "Final_result", final_result): Verify element property value successfully

2022-11-22 15:46:46 - [MESSAGE][PASSED] - Verify element property value successfully]]></system-out>
         <system-err><![CDATA[]]></system-err>
      </testcase>
      <testcase name="Test Cases/Engine_Scoring/Engine Scoring" time="5.596" classname="Test Cases/Engine_Scoring/Engine Scoring" status="PASSED">
         <system-out><![CDATA[2022-11-22 15:46:46 - [TEST_CASE][PASSED] - Test Cases/Engine_Scoring/Engine Scoring: Test Cases/Engine_Scoring/Engine Scoring

2022-11-22 15:46:47 - [TEST_STEP][PASSED] - markPassed("Variasi data ke : " + no): Variasi data ke : 125

2022-11-22 15:46:47 - [MESSAGE][PASSED] - Variasi data ke : 125

2022-11-22 15:46:47 - [TEST_STEP][PASSED] - req_data = sendRequest(findTestObject("Search_ME", ["MID":MID, "source":source, "ip":ip, "userid":userid, "branch":branch, "tipekons":tipekons, "marital":marital, "penjamin":penjamin, ... ])): Send request successfully

2022-11-22 15:46:48 - [MESSAGE][INFO] - HAR: D:\DMS\Engine Scoring\Reports\20221122_153620\Exclude KKB - DS\Scoring Individu - Used\20221122_153620\requests\main\248.har

2022-11-22 15:46:48 - [MESSAGE][PASSED] - Send request successfully

2022-11-22 15:46:48 - [TEST_STEP][PASSED] - slurper = new groovy.json.JsonSlurper(): null

2022-11-22 15:46:48 - [TEST_STEP][PASSED] - result = slurper.parseText(req_data.getResponseBodyContent()): null

2022-11-22 15:46:48 - [TEST_STEP][PASSED] - reqid_kons = requestid1: null

2022-11-22 15:46:48 - [TEST_STEP][PASSED] - reqid_spouse = requestid2: null

2022-11-22 15:46:48 - [TEST_STEP][PASSED] - println("requestid kons : " + reqid_kons): null

2022-11-22 15:46:48 - [TEST_STEP][PASSED] - response_searchME_kons = reqid_kons: null

2022-11-22 15:46:48 - [TEST_STEP][PASSED] - response_searchME_spouse = reqid_spouse: null

2022-11-22 15:46:48 - [TEST_STEP][PASSED] - println("kons req id is :" + response_searchME_kons): null

2022-11-22 15:46:48 - [TEST_STEP][PASSED] - println("spouse req id is : " + response_searchME_spouse): null

2022-11-22 15:46:48 - [TEST_STEP][PASSED] - verifyResponseStatusCode(req_data, 200): Verify response status code successfully

2022-11-22 15:46:48 - [MESSAGE][PASSED] - Verify response status code successfully

2022-11-22 15:46:48 - [TEST_STEP][PASSED] - response = req_data.getResponseText(): null

2022-11-22 15:46:48 - [TEST_STEP][PASSED] - logInfo($response): {"status":"Done","data":{"requestid1":"241957","requestid2":""}}

2022-11-22 15:46:48 - [MESSAGE][INFO] - {"status":"Done","data":{"requestid1":"241957","requestid2":""}}

2022-11-22 15:46:48 - [TEST_STEP][PASSED] - delay(3): Delayed 3 second(s)

2022-11-22 15:46:51 - [MESSAGE][PASSED] - Delayed 3 second(s)

2022-11-22 15:46:51 - [TEST_STEP][PASSED] - scoring = sendRequest(findTestObject("EngineScore", ["response_searchME_kons":response_searchME_kons, "response_searchME_spouse":response_searchME_spouse])): Send request successfully

2022-11-22 15:46:51 - [MESSAGE][INFO] - HAR: D:\DMS\Engine Scoring\Reports\20221122_153620\Exclude KKB - DS\Scoring Individu - Used\20221122_153620\requests\main\249.har

2022-11-22 15:46:51 - [MESSAGE][PASSED] - Send request successfully

2022-11-22 15:46:51 - [TEST_STEP][PASSED] - verifyResponseStatusCode(scoring, 200): Verify response status code successfully

2022-11-22 15:46:51 - [MESSAGE][PASSED] - Verify response status code successfully

2022-11-22 15:46:51 - [TEST_STEP][PASSED] - response2 = scoring.getResponseText(): null

2022-11-22 15:46:51 - [TEST_STEP][PASSED] - markPassed("result service data ke : " + no): result service data ke : 125

2022-11-22 15:46:51 - [MESSAGE][PASSED] - result service data ke : 125

2022-11-22 15:46:51 - [TEST_STEP][PASSED] - logInfo($response2): {"result_konsumen":"Reject","result_pasangan":"","Final_result":"Reject","errorMessage":"","status":"Done"}

2022-11-22 15:46:51 - [MESSAGE][INFO] - {"result_konsumen":"Reject","result_pasangan":"","Final_result":"Reject","errorMessage":"","status":"Done"}

2022-11-22 15:46:51 - [TEST_STEP][PASSED] - verifyElementPropertyValue(scoring, "Final_result", final_result): Verify element property value successfully

2022-11-22 15:46:51 - [MESSAGE][PASSED] - Verify element property value successfully]]></system-out>
         <system-err><![CDATA[]]></system-err>
      </testcase>
      <testcase name="Test Cases/Engine_Scoring/Engine Scoring" time="5.342" classname="Test Cases/Engine_Scoring/Engine Scoring" status="PASSED">
         <system-out><![CDATA[2022-11-22 15:46:51 - [TEST_CASE][PASSED] - Test Cases/Engine_Scoring/Engine Scoring: Test Cases/Engine_Scoring/Engine Scoring

2022-11-22 15:46:52 - [TEST_STEP][PASSED] - markPassed("Variasi data ke : " + no): Variasi data ke : 126

2022-11-22 15:46:52 - [MESSAGE][PASSED] - Variasi data ke : 126

2022-11-22 15:46:52 - [TEST_STEP][PASSED] - req_data = sendRequest(findTestObject("Search_ME", ["MID":MID, "source":source, "ip":ip, "userid":userid, "branch":branch, "tipekons":tipekons, "marital":marital, "penjamin":penjamin, ... ])): Send request successfully

2022-11-22 15:46:54 - [MESSAGE][INFO] - HAR: D:\DMS\Engine Scoring\Reports\20221122_153620\Exclude KKB - DS\Scoring Individu - Used\20221122_153620\requests\main\250.har

2022-11-22 15:46:54 - [MESSAGE][PASSED] - Send request successfully

2022-11-22 15:46:54 - [TEST_STEP][PASSED] - slurper = new groovy.json.JsonSlurper(): null

2022-11-22 15:46:54 - [TEST_STEP][PASSED] - result = slurper.parseText(req_data.getResponseBodyContent()): null

2022-11-22 15:46:54 - [TEST_STEP][PASSED] - reqid_kons = requestid1: null

2022-11-22 15:46:54 - [TEST_STEP][PASSED] - reqid_spouse = requestid2: null

2022-11-22 15:46:54 - [TEST_STEP][PASSED] - println("requestid kons : " + reqid_kons): null

2022-11-22 15:46:54 - [TEST_STEP][PASSED] - response_searchME_kons = reqid_kons: null

2022-11-22 15:46:54 - [TEST_STEP][PASSED] - response_searchME_spouse = reqid_spouse: null

2022-11-22 15:46:54 - [TEST_STEP][PASSED] - println("kons req id is :" + response_searchME_kons): null

2022-11-22 15:46:54 - [TEST_STEP][PASSED] - println("spouse req id is : " + response_searchME_spouse): null

2022-11-22 15:46:54 - [TEST_STEP][PASSED] - verifyResponseStatusCode(req_data, 200): Verify response status code successfully

2022-11-22 15:46:54 - [MESSAGE][PASSED] - Verify response status code successfully

2022-11-22 15:46:54 - [TEST_STEP][PASSED] - response = req_data.getResponseText(): null

2022-11-22 15:46:54 - [TEST_STEP][PASSED] - logInfo($response): {"status":"Done","data":{"requestid1":"241958","requestid2":""}}

2022-11-22 15:46:54 - [MESSAGE][INFO] - {"status":"Done","data":{"requestid1":"241958","requestid2":""}}

2022-11-22 15:46:54 - [TEST_STEP][PASSED] - delay(3): Delayed 3 second(s)

2022-11-22 15:46:57 - [MESSAGE][PASSED] - Delayed 3 second(s)

2022-11-22 15:46:57 - [TEST_STEP][PASSED] - scoring = sendRequest(findTestObject("EngineScore", ["response_searchME_kons":response_searchME_kons, "response_searchME_spouse":response_searchME_spouse])): Send request successfully

2022-11-22 15:46:57 - [MESSAGE][INFO] - HAR: D:\DMS\Engine Scoring\Reports\20221122_153620\Exclude KKB - DS\Scoring Individu - Used\20221122_153620\requests\main\251.har

2022-11-22 15:46:57 - [MESSAGE][PASSED] - Send request successfully

2022-11-22 15:46:57 - [TEST_STEP][PASSED] - verifyResponseStatusCode(scoring, 200): Verify response status code successfully

2022-11-22 15:46:57 - [MESSAGE][PASSED] - Verify response status code successfully

2022-11-22 15:46:57 - [TEST_STEP][PASSED] - response2 = scoring.getResponseText(): null

2022-11-22 15:46:57 - [TEST_STEP][PASSED] - markPassed("result service data ke : " + no): result service data ke : 126

2022-11-22 15:46:57 - [MESSAGE][PASSED] - result service data ke : 126

2022-11-22 15:46:57 - [TEST_STEP][PASSED] - logInfo($response2): {"result_konsumen":"Reject","result_pasangan":"","Final_result":"Reject","errorMessage":"","status":"Done"}

2022-11-22 15:46:57 - [MESSAGE][INFO] - {"result_konsumen":"Reject","result_pasangan":"","Final_result":"Reject","errorMessage":"","status":"Done"}

2022-11-22 15:46:57 - [TEST_STEP][PASSED] - verifyElementPropertyValue(scoring, "Final_result", final_result): Verify element property value successfully

2022-11-22 15:46:57 - [MESSAGE][PASSED] - Verify element property value successfully]]></system-out>
         <system-err><![CDATA[]]></system-err>
      </testcase>
      <testcase name="Test Cases/Engine_Scoring/Engine Scoring" time="5.52" classname="Test Cases/Engine_Scoring/Engine Scoring" status="PASSED">
         <system-out><![CDATA[2022-11-22 15:46:57 - [TEST_CASE][PASSED] - Test Cases/Engine_Scoring/Engine Scoring: Test Cases/Engine_Scoring/Engine Scoring

2022-11-22 15:46:58 - [TEST_STEP][PASSED] - markPassed("Variasi data ke : " + no): Variasi data ke : 127

2022-11-22 15:46:58 - [MESSAGE][PASSED] - Variasi data ke : 127

2022-11-22 15:46:58 - [TEST_STEP][PASSED] - req_data = sendRequest(findTestObject("Search_ME", ["MID":MID, "source":source, "ip":ip, "userid":userid, "branch":branch, "tipekons":tipekons, "marital":marital, "penjamin":penjamin, ... ])): Send request successfully

2022-11-22 15:46:59 - [MESSAGE][INFO] - HAR: D:\DMS\Engine Scoring\Reports\20221122_153620\Exclude KKB - DS\Scoring Individu - Used\20221122_153620\requests\main\252.har

2022-11-22 15:46:59 - [MESSAGE][PASSED] - Send request successfully

2022-11-22 15:46:59 - [TEST_STEP][PASSED] - slurper = new groovy.json.JsonSlurper(): null

2022-11-22 15:46:59 - [TEST_STEP][PASSED] - result = slurper.parseText(req_data.getResponseBodyContent()): null

2022-11-22 15:46:59 - [TEST_STEP][PASSED] - reqid_kons = requestid1: null

2022-11-22 15:46:59 - [TEST_STEP][PASSED] - reqid_spouse = requestid2: null

2022-11-22 15:46:59 - [TEST_STEP][PASSED] - println("requestid kons : " + reqid_kons): null

2022-11-22 15:46:59 - [TEST_STEP][PASSED] - response_searchME_kons = reqid_kons: null

2022-11-22 15:46:59 - [TEST_STEP][PASSED] - response_searchME_spouse = reqid_spouse: null

2022-11-22 15:46:59 - [TEST_STEP][PASSED] - println("kons req id is :" + response_searchME_kons): null

2022-11-22 15:46:59 - [TEST_STEP][PASSED] - println("spouse req id is : " + response_searchME_spouse): null

2022-11-22 15:46:59 - [TEST_STEP][PASSED] - verifyResponseStatusCode(req_data, 200): Verify response status code successfully

2022-11-22 15:46:59 - [MESSAGE][PASSED] - Verify response status code successfully

2022-11-22 15:46:59 - [TEST_STEP][PASSED] - response = req_data.getResponseText(): null

2022-11-22 15:46:59 - [TEST_STEP][PASSED] - logInfo($response): {"status":"Done","data":{"requestid1":"241959","requestid2":""}}

2022-11-22 15:46:59 - [MESSAGE][INFO] - {"status":"Done","data":{"requestid1":"241959","requestid2":""}}

2022-11-22 15:46:59 - [TEST_STEP][PASSED] - delay(3): Delayed 3 second(s)

2022-11-22 15:47:02 - [MESSAGE][PASSED] - Delayed 3 second(s)

2022-11-22 15:47:02 - [TEST_STEP][PASSED] - scoring = sendRequest(findTestObject("EngineScore", ["response_searchME_kons":response_searchME_kons, "response_searchME_spouse":response_searchME_spouse])): Send request successfully

2022-11-22 15:47:02 - [MESSAGE][INFO] - HAR: D:\DMS\Engine Scoring\Reports\20221122_153620\Exclude KKB - DS\Scoring Individu - Used\20221122_153620\requests\main\253.har

2022-11-22 15:47:02 - [MESSAGE][PASSED] - Send request successfully

2022-11-22 15:47:02 - [TEST_STEP][PASSED] - verifyResponseStatusCode(scoring, 200): Verify response status code successfully

2022-11-22 15:47:02 - [MESSAGE][PASSED] - Verify response status code successfully

2022-11-22 15:47:02 - [TEST_STEP][PASSED] - response2 = scoring.getResponseText(): null

2022-11-22 15:47:02 - [TEST_STEP][PASSED] - markPassed("result service data ke : " + no): result service data ke : 127

2022-11-22 15:47:02 - [MESSAGE][PASSED] - result service data ke : 127

2022-11-22 15:47:02 - [TEST_STEP][PASSED] - logInfo($response2): {"result_konsumen":"Reject","result_pasangan":"","Final_result":"Reject","errorMessage":"","status":"Done"}

2022-11-22 15:47:02 - [MESSAGE][INFO] - {"result_konsumen":"Reject","result_pasangan":"","Final_result":"Reject","errorMessage":"","status":"Done"}

2022-11-22 15:47:02 - [TEST_STEP][PASSED] - verifyElementPropertyValue(scoring, "Final_result", final_result): Verify element property value successfully

2022-11-22 15:47:02 - [MESSAGE][PASSED] - Verify element property value successfully]]></system-out>
         <system-err><![CDATA[]]></system-err>
      </testcase>
      <testcase name="Test Cases/Engine_Scoring/Engine Scoring" time="5.172" classname="Test Cases/Engine_Scoring/Engine Scoring" status="PASSED">
         <system-out><![CDATA[2022-11-22 15:47:02 - [TEST_CASE][PASSED] - Test Cases/Engine_Scoring/Engine Scoring: Test Cases/Engine_Scoring/Engine Scoring

2022-11-22 15:47:03 - [TEST_STEP][PASSED] - markPassed("Variasi data ke : " + no): Variasi data ke : 128

2022-11-22 15:47:03 - [MESSAGE][PASSED] - Variasi data ke : 128

2022-11-22 15:47:03 - [TEST_STEP][PASSED] - req_data = sendRequest(findTestObject("Search_ME", ["MID":MID, "source":source, "ip":ip, "userid":userid, "branch":branch, "tipekons":tipekons, "marital":marital, "penjamin":penjamin, ... ])): Send request successfully

2022-11-22 15:47:04 - [MESSAGE][INFO] - HAR: D:\DMS\Engine Scoring\Reports\20221122_153620\Exclude KKB - DS\Scoring Individu - Used\20221122_153620\requests\main\254.har

2022-11-22 15:47:04 - [MESSAGE][PASSED] - Send request successfully

2022-11-22 15:47:04 - [TEST_STEP][PASSED] - slurper = new groovy.json.JsonSlurper(): null

2022-11-22 15:47:04 - [TEST_STEP][PASSED] - result = slurper.parseText(req_data.getResponseBodyContent()): null

2022-11-22 15:47:04 - [TEST_STEP][PASSED] - reqid_kons = requestid1: null

2022-11-22 15:47:04 - [TEST_STEP][PASSED] - reqid_spouse = requestid2: null

2022-11-22 15:47:04 - [TEST_STEP][PASSED] - println("requestid kons : " + reqid_kons): null

2022-11-22 15:47:04 - [TEST_STEP][PASSED] - response_searchME_kons = reqid_kons: null

2022-11-22 15:47:04 - [TEST_STEP][PASSED] - response_searchME_spouse = reqid_spouse: null

2022-11-22 15:47:04 - [TEST_STEP][PASSED] - println("kons req id is :" + response_searchME_kons): null

2022-11-22 15:47:04 - [TEST_STEP][PASSED] - println("spouse req id is : " + response_searchME_spouse): null

2022-11-22 15:47:04 - [TEST_STEP][PASSED] - verifyResponseStatusCode(req_data, 200): Verify response status code successfully

2022-11-22 15:47:04 - [MESSAGE][PASSED] - Verify response status code successfully

2022-11-22 15:47:04 - [TEST_STEP][PASSED] - response = req_data.getResponseText(): null

2022-11-22 15:47:04 - [TEST_STEP][PASSED] - logInfo($response): {"status":"Done","data":{"requestid1":"241960","requestid2":""}}

2022-11-22 15:47:04 - [MESSAGE][INFO] - {"status":"Done","data":{"requestid1":"241960","requestid2":""}}

2022-11-22 15:47:04 - [TEST_STEP][PASSED] - delay(3): Delayed 3 second(s)

2022-11-22 15:47:07 - [MESSAGE][PASSED] - Delayed 3 second(s)

2022-11-22 15:47:07 - [TEST_STEP][PASSED] - scoring = sendRequest(findTestObject("EngineScore", ["response_searchME_kons":response_searchME_kons, "response_searchME_spouse":response_searchME_spouse])): Send request successfully

2022-11-22 15:47:08 - [MESSAGE][INFO] - HAR: D:\DMS\Engine Scoring\Reports\20221122_153620\Exclude KKB - DS\Scoring Individu - Used\20221122_153620\requests\main\255.har

2022-11-22 15:47:08 - [MESSAGE][PASSED] - Send request successfully

2022-11-22 15:47:08 - [TEST_STEP][PASSED] - verifyResponseStatusCode(scoring, 200): Verify response status code successfully

2022-11-22 15:47:08 - [MESSAGE][PASSED] - Verify response status code successfully

2022-11-22 15:47:08 - [TEST_STEP][PASSED] - response2 = scoring.getResponseText(): null

2022-11-22 15:47:08 - [TEST_STEP][PASSED] - markPassed("result service data ke : " + no): result service data ke : 128

2022-11-22 15:47:08 - [MESSAGE][PASSED] - result service data ke : 128

2022-11-22 15:47:08 - [TEST_STEP][PASSED] - logInfo($response2): {"result_konsumen":"Reject","result_pasangan":"","Final_result":"Reject","errorMessage":"","status":"Done"}

2022-11-22 15:47:08 - [MESSAGE][INFO] - {"result_konsumen":"Reject","result_pasangan":"","Final_result":"Reject","errorMessage":"","status":"Done"}

2022-11-22 15:47:08 - [TEST_STEP][PASSED] - verifyElementPropertyValue(scoring, "Final_result", final_result): Verify element property value successfully

2022-11-22 15:47:08 - [MESSAGE][PASSED] - Verify element property value successfully]]></system-out>
         <system-err><![CDATA[]]></system-err>
      </testcase>
      <testcase name="Test Cases/Engine_Scoring/Engine Scoring" time="10.117" classname="Test Cases/Engine_Scoring/Engine Scoring" status="PASSED">
         <system-out><![CDATA[2022-11-22 15:47:08 - [TEST_CASE][PASSED] - Test Cases/Engine_Scoring/Engine Scoring: Test Cases/Engine_Scoring/Engine Scoring

2022-11-22 15:47:13 - [TEST_STEP][PASSED] - markPassed("Variasi data ke : " + no): Variasi data ke : 129

2022-11-22 15:47:13 - [MESSAGE][PASSED] - Variasi data ke : 129

2022-11-22 15:47:13 - [TEST_STEP][PASSED] - req_data = sendRequest(findTestObject("Search_ME", ["MID":MID, "source":source, "ip":ip, "userid":userid, "branch":branch, "tipekons":tipekons, "marital":marital, "penjamin":penjamin, ... ])): Send request successfully

2022-11-22 15:47:15 - [MESSAGE][INFO] - HAR: D:\DMS\Engine Scoring\Reports\20221122_153620\Exclude KKB - DS\Scoring Individu - Used\20221122_153620\requests\main\256.har

2022-11-22 15:47:15 - [MESSAGE][PASSED] - Send request successfully

2022-11-22 15:47:15 - [TEST_STEP][PASSED] - slurper = new groovy.json.JsonSlurper(): null

2022-11-22 15:47:15 - [TEST_STEP][PASSED] - result = slurper.parseText(req_data.getResponseBodyContent()): null

2022-11-22 15:47:15 - [TEST_STEP][PASSED] - reqid_kons = requestid1: null

2022-11-22 15:47:15 - [TEST_STEP][PASSED] - reqid_spouse = requestid2: null

2022-11-22 15:47:15 - [TEST_STEP][PASSED] - println("requestid kons : " + reqid_kons): null

2022-11-22 15:47:15 - [TEST_STEP][PASSED] - response_searchME_kons = reqid_kons: null

2022-11-22 15:47:15 - [TEST_STEP][PASSED] - response_searchME_spouse = reqid_spouse: null

2022-11-22 15:47:15 - [TEST_STEP][PASSED] - println("kons req id is :" + response_searchME_kons): null

2022-11-22 15:47:15 - [TEST_STEP][PASSED] - println("spouse req id is : " + response_searchME_spouse): null

2022-11-22 15:47:15 - [TEST_STEP][PASSED] - verifyResponseStatusCode(req_data, 200): Verify response status code successfully

2022-11-22 15:47:15 - [MESSAGE][PASSED] - Verify response status code successfully

2022-11-22 15:47:15 - [TEST_STEP][PASSED] - response = req_data.getResponseText(): null

2022-11-22 15:47:15 - [TEST_STEP][PASSED] - logInfo($response): {"status":"Done","data":{"requestid1":"241961","requestid2":""}}

2022-11-22 15:47:15 - [MESSAGE][INFO] - {"status":"Done","data":{"requestid1":"241961","requestid2":""}}

2022-11-22 15:47:15 - [TEST_STEP][PASSED] - delay(3): Delayed 3 second(s)

2022-11-22 15:47:18 - [MESSAGE][PASSED] - Delayed 3 second(s)

2022-11-22 15:47:18 - [TEST_STEP][PASSED] - scoring = sendRequest(findTestObject("EngineScore", ["response_searchME_kons":response_searchME_kons, "response_searchME_spouse":response_searchME_spouse])): Send request successfully

2022-11-22 15:47:18 - [MESSAGE][INFO] - HAR: D:\DMS\Engine Scoring\Reports\20221122_153620\Exclude KKB - DS\Scoring Individu - Used\20221122_153620\requests\main\257.har

2022-11-22 15:47:18 - [MESSAGE][PASSED] - Send request successfully

2022-11-22 15:47:18 - [TEST_STEP][PASSED] - verifyResponseStatusCode(scoring, 200): Verify response status code successfully

2022-11-22 15:47:18 - [MESSAGE][PASSED] - Verify response status code successfully

2022-11-22 15:47:18 - [TEST_STEP][PASSED] - response2 = scoring.getResponseText(): null

2022-11-22 15:47:18 - [TEST_STEP][PASSED] - markPassed("result service data ke : " + no): result service data ke : 129

2022-11-22 15:47:18 - [MESSAGE][PASSED] - result service data ke : 129

2022-11-22 15:47:18 - [TEST_STEP][PASSED] - logInfo($response2): {"result_konsumen":"Reject","result_pasangan":"","Final_result":"Reject","errorMessage":"","status":"Done"}

2022-11-22 15:47:18 - [MESSAGE][INFO] - {"result_konsumen":"Reject","result_pasangan":"","Final_result":"Reject","errorMessage":"","status":"Done"}

2022-11-22 15:47:18 - [TEST_STEP][PASSED] - verifyElementPropertyValue(scoring, "Final_result", final_result): Verify element property value successfully

2022-11-22 15:47:18 - [MESSAGE][PASSED] - Verify element property value successfully]]></system-out>
         <system-err><![CDATA[]]></system-err>
      </testcase>
      <testcase name="Test Cases/Engine_Scoring/Engine Scoring" time="5.377" classname="Test Cases/Engine_Scoring/Engine Scoring" status="PASSED">
         <system-out><![CDATA[2022-11-22 15:47:18 - [TEST_CASE][PASSED] - Test Cases/Engine_Scoring/Engine Scoring: Test Cases/Engine_Scoring/Engine Scoring

2022-11-22 15:47:19 - [TEST_STEP][PASSED] - markPassed("Variasi data ke : " + no): Variasi data ke : 130

2022-11-22 15:47:19 - [MESSAGE][PASSED] - Variasi data ke : 130

2022-11-22 15:47:19 - [TEST_STEP][PASSED] - req_data = sendRequest(findTestObject("Search_ME", ["MID":MID, "source":source, "ip":ip, "userid":userid, "branch":branch, "tipekons":tipekons, "marital":marital, "penjamin":penjamin, ... ])): Send request successfully

2022-11-22 15:47:20 - [MESSAGE][INFO] - HAR: D:\DMS\Engine Scoring\Reports\20221122_153620\Exclude KKB - DS\Scoring Individu - Used\20221122_153620\requests\main\258.har

2022-11-22 15:47:20 - [MESSAGE][PASSED] - Send request successfully

2022-11-22 15:47:20 - [TEST_STEP][PASSED] - slurper = new groovy.json.JsonSlurper(): null

2022-11-22 15:47:20 - [TEST_STEP][PASSED] - result = slurper.parseText(req_data.getResponseBodyContent()): null

2022-11-22 15:47:20 - [TEST_STEP][PASSED] - reqid_kons = requestid1: null

2022-11-22 15:47:20 - [TEST_STEP][PASSED] - reqid_spouse = requestid2: null

2022-11-22 15:47:20 - [TEST_STEP][PASSED] - println("requestid kons : " + reqid_kons): null

2022-11-22 15:47:20 - [TEST_STEP][PASSED] - response_searchME_kons = reqid_kons: null

2022-11-22 15:47:20 - [TEST_STEP][PASSED] - response_searchME_spouse = reqid_spouse: null

2022-11-22 15:47:20 - [TEST_STEP][PASSED] - println("kons req id is :" + response_searchME_kons): null

2022-11-22 15:47:20 - [TEST_STEP][PASSED] - println("spouse req id is : " + response_searchME_spouse): null

2022-11-22 15:47:20 - [TEST_STEP][PASSED] - verifyResponseStatusCode(req_data, 200): Verify response status code successfully

2022-11-22 15:47:20 - [MESSAGE][PASSED] - Verify response status code successfully

2022-11-22 15:47:20 - [TEST_STEP][PASSED] - response = req_data.getResponseText(): null

2022-11-22 15:47:20 - [TEST_STEP][PASSED] - logInfo($response): {"status":"Done","data":{"requestid1":"241962","requestid2":""}}

2022-11-22 15:47:20 - [MESSAGE][INFO] - {"status":"Done","data":{"requestid1":"241962","requestid2":""}}

2022-11-22 15:47:20 - [TEST_STEP][PASSED] - delay(3): Delayed 3 second(s)

2022-11-22 15:47:23 - [MESSAGE][PASSED] - Delayed 3 second(s)

2022-11-22 15:47:23 - [TEST_STEP][PASSED] - scoring = sendRequest(findTestObject("EngineScore", ["response_searchME_kons":response_searchME_kons, "response_searchME_spouse":response_searchME_spouse])): Send request successfully

2022-11-22 15:47:23 - [MESSAGE][INFO] - HAR: D:\DMS\Engine Scoring\Reports\20221122_153620\Exclude KKB - DS\Scoring Individu - Used\20221122_153620\requests\main\259.har

2022-11-22 15:47:23 - [MESSAGE][PASSED] - Send request successfully

2022-11-22 15:47:23 - [TEST_STEP][PASSED] - verifyResponseStatusCode(scoring, 200): Verify response status code successfully

2022-11-22 15:47:23 - [MESSAGE][PASSED] - Verify response status code successfully

2022-11-22 15:47:23 - [TEST_STEP][PASSED] - response2 = scoring.getResponseText(): null

2022-11-22 15:47:23 - [TEST_STEP][PASSED] - markPassed("result service data ke : " + no): result service data ke : 130

2022-11-22 15:47:23 - [MESSAGE][PASSED] - result service data ke : 130

2022-11-22 15:47:23 - [TEST_STEP][PASSED] - logInfo($response2): {"result_konsumen":"Reguler","result_pasangan":"","Final_result":"Reguler","errorMessage":"","status":"Done"}

2022-11-22 15:47:23 - [MESSAGE][INFO] - {"result_konsumen":"Reguler","result_pasangan":"","Final_result":"Reguler","errorMessage":"","status":"Done"}

2022-11-22 15:47:23 - [TEST_STEP][PASSED] - verifyElementPropertyValue(scoring, "Final_result", final_result): Verify element property value successfully

2022-11-22 15:47:23 - [MESSAGE][PASSED] - Verify element property value successfully]]></system-out>
         <system-err><![CDATA[]]></system-err>
      </testcase>
      <testcase name="Test Cases/Engine_Scoring/Engine Scoring" time="5.646" classname="Test Cases/Engine_Scoring/Engine Scoring" status="PASSED">
         <system-out><![CDATA[2022-11-22 15:47:23 - [TEST_CASE][PASSED] - Test Cases/Engine_Scoring/Engine Scoring: Test Cases/Engine_Scoring/Engine Scoring

2022-11-22 15:47:24 - [TEST_STEP][PASSED] - markPassed("Variasi data ke : " + no): Variasi data ke : 131

2022-11-22 15:47:24 - [MESSAGE][PASSED] - Variasi data ke : 131

2022-11-22 15:47:24 - [TEST_STEP][PASSED] - req_data = sendRequest(findTestObject("Search_ME", ["MID":MID, "source":source, "ip":ip, "userid":userid, "branch":branch, "tipekons":tipekons, "marital":marital, "penjamin":penjamin, ... ])): Send request successfully

2022-11-22 15:47:26 - [MESSAGE][INFO] - HAR: D:\DMS\Engine Scoring\Reports\20221122_153620\Exclude KKB - DS\Scoring Individu - Used\20221122_153620\requests\main\260.har

2022-11-22 15:47:26 - [MESSAGE][PASSED] - Send request successfully

2022-11-22 15:47:26 - [TEST_STEP][PASSED] - slurper = new groovy.json.JsonSlurper(): null

2022-11-22 15:47:26 - [TEST_STEP][PASSED] - result = slurper.parseText(req_data.getResponseBodyContent()): null

2022-11-22 15:47:26 - [TEST_STEP][PASSED] - reqid_kons = requestid1: null

2022-11-22 15:47:26 - [TEST_STEP][PASSED] - reqid_spouse = requestid2: null

2022-11-22 15:47:26 - [TEST_STEP][PASSED] - println("requestid kons : " + reqid_kons): null

2022-11-22 15:47:26 - [TEST_STEP][PASSED] - response_searchME_kons = reqid_kons: null

2022-11-22 15:47:26 - [TEST_STEP][PASSED] - response_searchME_spouse = reqid_spouse: null

2022-11-22 15:47:26 - [TEST_STEP][PASSED] - println("kons req id is :" + response_searchME_kons): null

2022-11-22 15:47:26 - [TEST_STEP][PASSED] - println("spouse req id is : " + response_searchME_spouse): null

2022-11-22 15:47:26 - [TEST_STEP][PASSED] - verifyResponseStatusCode(req_data, 200): Verify response status code successfully

2022-11-22 15:47:26 - [MESSAGE][PASSED] - Verify response status code successfully

2022-11-22 15:47:26 - [TEST_STEP][PASSED] - response = req_data.getResponseText(): null

2022-11-22 15:47:26 - [TEST_STEP][PASSED] - logInfo($response): {"status":"Done","data":{"requestid1":"241963","requestid2":""}}

2022-11-22 15:47:26 - [MESSAGE][INFO] - {"status":"Done","data":{"requestid1":"241963","requestid2":""}}

2022-11-22 15:47:26 - [TEST_STEP][PASSED] - delay(3): Delayed 3 second(s)

2022-11-22 15:47:29 - [MESSAGE][PASSED] - Delayed 3 second(s)

2022-11-22 15:47:29 - [TEST_STEP][PASSED] - scoring = sendRequest(findTestObject("EngineScore", ["response_searchME_kons":response_searchME_kons, "response_searchME_spouse":response_searchME_spouse])): Send request successfully

2022-11-22 15:47:29 - [MESSAGE][INFO] - HAR: D:\DMS\Engine Scoring\Reports\20221122_153620\Exclude KKB - DS\Scoring Individu - Used\20221122_153620\requests\main\261.har

2022-11-22 15:47:29 - [MESSAGE][PASSED] - Send request successfully

2022-11-22 15:47:29 - [TEST_STEP][PASSED] - verifyResponseStatusCode(scoring, 200): Verify response status code successfully

2022-11-22 15:47:29 - [MESSAGE][PASSED] - Verify response status code successfully

2022-11-22 15:47:29 - [TEST_STEP][PASSED] - response2 = scoring.getResponseText(): null

2022-11-22 15:47:29 - [TEST_STEP][PASSED] - markPassed("result service data ke : " + no): result service data ke : 131

2022-11-22 15:47:29 - [MESSAGE][PASSED] - result service data ke : 131

2022-11-22 15:47:29 - [TEST_STEP][PASSED] - logInfo($response2): {"result_konsumen":"Reguler","result_pasangan":"","Final_result":"Reguler","errorMessage":"","status":"Done"}

2022-11-22 15:47:29 - [MESSAGE][INFO] - {"result_konsumen":"Reguler","result_pasangan":"","Final_result":"Reguler","errorMessage":"","status":"Done"}

2022-11-22 15:47:29 - [TEST_STEP][PASSED] - verifyElementPropertyValue(scoring, "Final_result", final_result): Verify element property value successfully

2022-11-22 15:47:29 - [MESSAGE][PASSED] - Verify element property value successfully]]></system-out>
         <system-err><![CDATA[]]></system-err>
      </testcase>
      <testcase name="Test Cases/Engine_Scoring/Engine Scoring" time="5.185" classname="Test Cases/Engine_Scoring/Engine Scoring" status="PASSED">
         <system-out><![CDATA[2022-11-22 15:47:29 - [TEST_CASE][PASSED] - Test Cases/Engine_Scoring/Engine Scoring: Test Cases/Engine_Scoring/Engine Scoring

2022-11-22 15:47:30 - [TEST_STEP][PASSED] - markPassed("Variasi data ke : " + no): Variasi data ke : 132

2022-11-22 15:47:30 - [MESSAGE][PASSED] - Variasi data ke : 132

2022-11-22 15:47:30 - [TEST_STEP][PASSED] - req_data = sendRequest(findTestObject("Search_ME", ["MID":MID, "source":source, "ip":ip, "userid":userid, "branch":branch, "tipekons":tipekons, "marital":marital, "penjamin":penjamin, ... ])): Send request successfully

2022-11-22 15:47:31 - [MESSAGE][INFO] - HAR: D:\DMS\Engine Scoring\Reports\20221122_153620\Exclude KKB - DS\Scoring Individu - Used\20221122_153620\requests\main\262.har

2022-11-22 15:47:31 - [MESSAGE][PASSED] - Send request successfully

2022-11-22 15:47:31 - [TEST_STEP][PASSED] - slurper = new groovy.json.JsonSlurper(): null

2022-11-22 15:47:31 - [TEST_STEP][PASSED] - result = slurper.parseText(req_data.getResponseBodyContent()): null

2022-11-22 15:47:31 - [TEST_STEP][PASSED] - reqid_kons = requestid1: null

2022-11-22 15:47:31 - [TEST_STEP][PASSED] - reqid_spouse = requestid2: null

2022-11-22 15:47:31 - [TEST_STEP][PASSED] - println("requestid kons : " + reqid_kons): null

2022-11-22 15:47:31 - [TEST_STEP][PASSED] - response_searchME_kons = reqid_kons: null

2022-11-22 15:47:31 - [TEST_STEP][PASSED] - response_searchME_spouse = reqid_spouse: null

2022-11-22 15:47:31 - [TEST_STEP][PASSED] - println("kons req id is :" + response_searchME_kons): null

2022-11-22 15:47:31 - [TEST_STEP][PASSED] - println("spouse req id is : " + response_searchME_spouse): null

2022-11-22 15:47:31 - [TEST_STEP][PASSED] - verifyResponseStatusCode(req_data, 200): Verify response status code successfully

2022-11-22 15:47:31 - [MESSAGE][PASSED] - Verify response status code successfully

2022-11-22 15:47:31 - [TEST_STEP][PASSED] - response = req_data.getResponseText(): null

2022-11-22 15:47:31 - [TEST_STEP][PASSED] - logInfo($response): {"status":"Done","data":{"requestid1":"241964","requestid2":""}}

2022-11-22 15:47:31 - [MESSAGE][INFO] - {"status":"Done","data":{"requestid1":"241964","requestid2":""}}

2022-11-22 15:47:31 - [TEST_STEP][PASSED] - delay(3): Delayed 3 second(s)

2022-11-22 15:47:34 - [MESSAGE][PASSED] - Delayed 3 second(s)

2022-11-22 15:47:34 - [TEST_STEP][PASSED] - scoring = sendRequest(findTestObject("EngineScore", ["response_searchME_kons":response_searchME_kons, "response_searchME_spouse":response_searchME_spouse])): Send request successfully

2022-11-22 15:47:34 - [MESSAGE][INFO] - HAR: D:\DMS\Engine Scoring\Reports\20221122_153620\Exclude KKB - DS\Scoring Individu - Used\20221122_153620\requests\main\263.har

2022-11-22 15:47:34 - [MESSAGE][PASSED] - Send request successfully

2022-11-22 15:47:34 - [TEST_STEP][PASSED] - verifyResponseStatusCode(scoring, 200): Verify response status code successfully

2022-11-22 15:47:34 - [MESSAGE][PASSED] - Verify response status code successfully

2022-11-22 15:47:34 - [TEST_STEP][PASSED] - response2 = scoring.getResponseText(): null

2022-11-22 15:47:34 - [TEST_STEP][PASSED] - markPassed("result service data ke : " + no): result service data ke : 132

2022-11-22 15:47:34 - [MESSAGE][PASSED] - result service data ke : 132

2022-11-22 15:47:34 - [TEST_STEP][PASSED] - logInfo($response2): {"result_konsumen":"Reguler","result_pasangan":"","Final_result":"Reguler","errorMessage":"","status":"Done"}

2022-11-22 15:47:34 - [MESSAGE][INFO] - {"result_konsumen":"Reguler","result_pasangan":"","Final_result":"Reguler","errorMessage":"","status":"Done"}

2022-11-22 15:47:34 - [TEST_STEP][PASSED] - verifyElementPropertyValue(scoring, "Final_result", final_result): Verify element property value successfully

2022-11-22 15:47:34 - [MESSAGE][PASSED] - Verify element property value successfully]]></system-out>
         <system-err><![CDATA[]]></system-err>
      </testcase>
      <testcase name="Test Cases/Engine_Scoring/Engine Scoring" time="5.388" classname="Test Cases/Engine_Scoring/Engine Scoring" status="PASSED">
         <system-out><![CDATA[2022-11-22 15:47:34 - [TEST_CASE][PASSED] - Test Cases/Engine_Scoring/Engine Scoring: Test Cases/Engine_Scoring/Engine Scoring

2022-11-22 15:47:35 - [TEST_STEP][PASSED] - markPassed("Variasi data ke : " + no): Variasi data ke : 133

2022-11-22 15:47:35 - [MESSAGE][PASSED] - Variasi data ke : 133

2022-11-22 15:47:35 - [TEST_STEP][PASSED] - req_data = sendRequest(findTestObject("Search_ME", ["MID":MID, "source":source, "ip":ip, "userid":userid, "branch":branch, "tipekons":tipekons, "marital":marital, "penjamin":penjamin, ... ])): Send request successfully

2022-11-22 15:47:36 - [MESSAGE][INFO] - HAR: D:\DMS\Engine Scoring\Reports\20221122_153620\Exclude KKB - DS\Scoring Individu - Used\20221122_153620\requests\main\264.har

2022-11-22 15:47:36 - [MESSAGE][PASSED] - Send request successfully

2022-11-22 15:47:36 - [TEST_STEP][PASSED] - slurper = new groovy.json.JsonSlurper(): null

2022-11-22 15:47:36 - [TEST_STEP][PASSED] - result = slurper.parseText(req_data.getResponseBodyContent()): null

2022-11-22 15:47:36 - [TEST_STEP][PASSED] - reqid_kons = requestid1: null

2022-11-22 15:47:36 - [TEST_STEP][PASSED] - reqid_spouse = requestid2: null

2022-11-22 15:47:36 - [TEST_STEP][PASSED] - println("requestid kons : " + reqid_kons): null

2022-11-22 15:47:36 - [TEST_STEP][PASSED] - response_searchME_kons = reqid_kons: null

2022-11-22 15:47:36 - [TEST_STEP][PASSED] - response_searchME_spouse = reqid_spouse: null

2022-11-22 15:47:36 - [TEST_STEP][PASSED] - println("kons req id is :" + response_searchME_kons): null

2022-11-22 15:47:36 - [TEST_STEP][PASSED] - println("spouse req id is : " + response_searchME_spouse): null

2022-11-22 15:47:36 - [TEST_STEP][PASSED] - verifyResponseStatusCode(req_data, 200): Verify response status code successfully

2022-11-22 15:47:36 - [MESSAGE][PASSED] - Verify response status code successfully

2022-11-22 15:47:36 - [TEST_STEP][PASSED] - response = req_data.getResponseText(): null

2022-11-22 15:47:36 - [TEST_STEP][PASSED] - logInfo($response): {"status":"Done","data":{"requestid1":"241965","requestid2":""}}

2022-11-22 15:47:36 - [MESSAGE][INFO] - {"status":"Done","data":{"requestid1":"241965","requestid2":""}}

2022-11-22 15:47:36 - [TEST_STEP][PASSED] - delay(3): Delayed 3 second(s)

2022-11-22 15:47:39 - [MESSAGE][PASSED] - Delayed 3 second(s)

2022-11-22 15:47:39 - [TEST_STEP][PASSED] - scoring = sendRequest(findTestObject("EngineScore", ["response_searchME_kons":response_searchME_kons, "response_searchME_spouse":response_searchME_spouse])): Send request successfully

2022-11-22 15:47:39 - [MESSAGE][INFO] - HAR: D:\DMS\Engine Scoring\Reports\20221122_153620\Exclude KKB - DS\Scoring Individu - Used\20221122_153620\requests\main\265.har

2022-11-22 15:47:39 - [MESSAGE][PASSED] - Send request successfully

2022-11-22 15:47:39 - [TEST_STEP][PASSED] - verifyResponseStatusCode(scoring, 200): Verify response status code successfully

2022-11-22 15:47:39 - [MESSAGE][PASSED] - Verify response status code successfully

2022-11-22 15:47:39 - [TEST_STEP][PASSED] - response2 = scoring.getResponseText(): null

2022-11-22 15:47:39 - [TEST_STEP][PASSED] - markPassed("result service data ke : " + no): result service data ke : 133

2022-11-22 15:47:39 - [MESSAGE][PASSED] - result service data ke : 133

2022-11-22 15:47:39 - [TEST_STEP][PASSED] - logInfo($response2): {"result_konsumen":"Approve","result_pasangan":"","Final_result":"Approve","errorMessage":"","status":"Done"}

2022-11-22 15:47:39 - [MESSAGE][INFO] - {"result_konsumen":"Approve","result_pasangan":"","Final_result":"Approve","errorMessage":"","status":"Done"}

2022-11-22 15:47:39 - [TEST_STEP][PASSED] - verifyElementPropertyValue(scoring, "Final_result", final_result): Verify element property value successfully

2022-11-22 15:47:39 - [MESSAGE][PASSED] - Verify element property value successfully]]></system-out>
         <system-err><![CDATA[]]></system-err>
      </testcase>
      <testcase name="Test Cases/Engine_Scoring/Engine Scoring" time="5.265" classname="Test Cases/Engine_Scoring/Engine Scoring" status="PASSED">
         <system-out><![CDATA[2022-11-22 15:47:40 - [TEST_CASE][PASSED] - Test Cases/Engine_Scoring/Engine Scoring: Test Cases/Engine_Scoring/Engine Scoring

2022-11-22 15:47:41 - [TEST_STEP][PASSED] - markPassed("Variasi data ke : " + no): Variasi data ke : 134

2022-11-22 15:47:41 - [MESSAGE][PASSED] - Variasi data ke : 134

2022-11-22 15:47:41 - [TEST_STEP][PASSED] - req_data = sendRequest(findTestObject("Search_ME", ["MID":MID, "source":source, "ip":ip, "userid":userid, "branch":branch, "tipekons":tipekons, "marital":marital, "penjamin":penjamin, ... ])): Send request successfully

2022-11-22 15:47:42 - [MESSAGE][INFO] - HAR: D:\DMS\Engine Scoring\Reports\20221122_153620\Exclude KKB - DS\Scoring Individu - Used\20221122_153620\requests\main\266.har

2022-11-22 15:47:42 - [MESSAGE][PASSED] - Send request successfully

2022-11-22 15:47:42 - [TEST_STEP][PASSED] - slurper = new groovy.json.JsonSlurper(): null

2022-11-22 15:47:42 - [TEST_STEP][PASSED] - result = slurper.parseText(req_data.getResponseBodyContent()): null

2022-11-22 15:47:42 - [TEST_STEP][PASSED] - reqid_kons = requestid1: null

2022-11-22 15:47:42 - [TEST_STEP][PASSED] - reqid_spouse = requestid2: null

2022-11-22 15:47:42 - [TEST_STEP][PASSED] - println("requestid kons : " + reqid_kons): null

2022-11-22 15:47:42 - [TEST_STEP][PASSED] - response_searchME_kons = reqid_kons: null

2022-11-22 15:47:42 - [TEST_STEP][PASSED] - response_searchME_spouse = reqid_spouse: null

2022-11-22 15:47:42 - [TEST_STEP][PASSED] - println("kons req id is :" + response_searchME_kons): null

2022-11-22 15:47:42 - [TEST_STEP][PASSED] - println("spouse req id is : " + response_searchME_spouse): null

2022-11-22 15:47:42 - [TEST_STEP][PASSED] - verifyResponseStatusCode(req_data, 200): Verify response status code successfully

2022-11-22 15:47:42 - [MESSAGE][PASSED] - Verify response status code successfully

2022-11-22 15:47:42 - [TEST_STEP][PASSED] - response = req_data.getResponseText(): null

2022-11-22 15:47:42 - [TEST_STEP][PASSED] - logInfo($response): {"status":"Done","data":{"requestid1":"241966","requestid2":""}}

2022-11-22 15:47:42 - [MESSAGE][INFO] - {"status":"Done","data":{"requestid1":"241966","requestid2":""}}

2022-11-22 15:47:42 - [TEST_STEP][PASSED] - delay(3): Delayed 3 second(s)

2022-11-22 15:47:45 - [MESSAGE][PASSED] - Delayed 3 second(s)

2022-11-22 15:47:45 - [TEST_STEP][PASSED] - scoring = sendRequest(findTestObject("EngineScore", ["response_searchME_kons":response_searchME_kons, "response_searchME_spouse":response_searchME_spouse])): Send request successfully

2022-11-22 15:47:45 - [MESSAGE][INFO] - HAR: D:\DMS\Engine Scoring\Reports\20221122_153620\Exclude KKB - DS\Scoring Individu - Used\20221122_153620\requests\main\267.har

2022-11-22 15:47:45 - [MESSAGE][PASSED] - Send request successfully

2022-11-22 15:47:45 - [TEST_STEP][PASSED] - verifyResponseStatusCode(scoring, 200): Verify response status code successfully

2022-11-22 15:47:45 - [MESSAGE][PASSED] - Verify response status code successfully

2022-11-22 15:47:45 - [TEST_STEP][PASSED] - response2 = scoring.getResponseText(): null

2022-11-22 15:47:45 - [TEST_STEP][PASSED] - markPassed("result service data ke : " + no): result service data ke : 134

2022-11-22 15:47:45 - [MESSAGE][PASSED] - result service data ke : 134

2022-11-22 15:47:45 - [TEST_STEP][PASSED] - logInfo($response2): {"result_konsumen":"Reject","result_pasangan":"","Final_result":"Reject","errorMessage":"","status":"Done"}

2022-11-22 15:47:45 - [MESSAGE][INFO] - {"result_konsumen":"Reject","result_pasangan":"","Final_result":"Reject","errorMessage":"","status":"Done"}

2022-11-22 15:47:45 - [TEST_STEP][PASSED] - verifyElementPropertyValue(scoring, "Final_result", final_result): Verify element property value successfully

2022-11-22 15:47:45 - [MESSAGE][PASSED] - Verify element property value successfully]]></system-out>
         <system-err><![CDATA[]]></system-err>
      </testcase>
      <testcase name="Test Cases/Engine_Scoring/Engine Scoring" time="5.487" classname="Test Cases/Engine_Scoring/Engine Scoring" status="PASSED">
         <system-out><![CDATA[2022-11-22 15:47:45 - [TEST_CASE][PASSED] - Test Cases/Engine_Scoring/Engine Scoring: Test Cases/Engine_Scoring/Engine Scoring

2022-11-22 15:47:46 - [TEST_STEP][PASSED] - markPassed("Variasi data ke : " + no): Variasi data ke : 135

2022-11-22 15:47:46 - [MESSAGE][PASSED] - Variasi data ke : 135

2022-11-22 15:47:46 - [TEST_STEP][PASSED] - req_data = sendRequest(findTestObject("Search_ME", ["MID":MID, "source":source, "ip":ip, "userid":userid, "branch":branch, "tipekons":tipekons, "marital":marital, "penjamin":penjamin, ... ])): Send request successfully

2022-11-22 15:47:47 - [MESSAGE][INFO] - HAR: D:\DMS\Engine Scoring\Reports\20221122_153620\Exclude KKB - DS\Scoring Individu - Used\20221122_153620\requests\main\268.har

2022-11-22 15:47:47 - [MESSAGE][PASSED] - Send request successfully

2022-11-22 15:47:47 - [TEST_STEP][PASSED] - slurper = new groovy.json.JsonSlurper(): null

2022-11-22 15:47:47 - [TEST_STEP][PASSED] - result = slurper.parseText(req_data.getResponseBodyContent()): null

2022-11-22 15:47:47 - [TEST_STEP][PASSED] - reqid_kons = requestid1: null

2022-11-22 15:47:47 - [TEST_STEP][PASSED] - reqid_spouse = requestid2: null

2022-11-22 15:47:47 - [TEST_STEP][PASSED] - println("requestid kons : " + reqid_kons): null

2022-11-22 15:47:47 - [TEST_STEP][PASSED] - response_searchME_kons = reqid_kons: null

2022-11-22 15:47:47 - [TEST_STEP][PASSED] - response_searchME_spouse = reqid_spouse: null

2022-11-22 15:47:47 - [TEST_STEP][PASSED] - println("kons req id is :" + response_searchME_kons): null

2022-11-22 15:47:47 - [TEST_STEP][PASSED] - println("spouse req id is : " + response_searchME_spouse): null

2022-11-22 15:47:47 - [TEST_STEP][PASSED] - verifyResponseStatusCode(req_data, 200): Verify response status code successfully

2022-11-22 15:47:47 - [MESSAGE][PASSED] - Verify response status code successfully

2022-11-22 15:47:47 - [TEST_STEP][PASSED] - response = req_data.getResponseText(): null

2022-11-22 15:47:47 - [TEST_STEP][PASSED] - logInfo($response): {"status":"Done","data":{"requestid1":"241967","requestid2":""}}

2022-11-22 15:47:47 - [MESSAGE][INFO] - {"status":"Done","data":{"requestid1":"241967","requestid2":""}}

2022-11-22 15:47:47 - [TEST_STEP][PASSED] - delay(3): Delayed 3 second(s)

2022-11-22 15:47:50 - [MESSAGE][PASSED] - Delayed 3 second(s)

2022-11-22 15:47:50 - [TEST_STEP][PASSED] - scoring = sendRequest(findTestObject("EngineScore", ["response_searchME_kons":response_searchME_kons, "response_searchME_spouse":response_searchME_spouse])): Send request successfully

2022-11-22 15:47:50 - [MESSAGE][INFO] - HAR: D:\DMS\Engine Scoring\Reports\20221122_153620\Exclude KKB - DS\Scoring Individu - Used\20221122_153620\requests\main\269.har

2022-11-22 15:47:50 - [MESSAGE][PASSED] - Send request successfully

2022-11-22 15:47:50 - [TEST_STEP][PASSED] - verifyResponseStatusCode(scoring, 200): Verify response status code successfully

2022-11-22 15:47:50 - [MESSAGE][PASSED] - Verify response status code successfully

2022-11-22 15:47:50 - [TEST_STEP][PASSED] - response2 = scoring.getResponseText(): null

2022-11-22 15:47:50 - [TEST_STEP][PASSED] - markPassed("result service data ke : " + no): result service data ke : 135

2022-11-22 15:47:50 - [MESSAGE][PASSED] - result service data ke : 135

2022-11-22 15:47:50 - [TEST_STEP][PASSED] - logInfo($response2): {"result_konsumen":"Approve","result_pasangan":"","Final_result":"Approve","errorMessage":"","status":"Done"}

2022-11-22 15:47:50 - [MESSAGE][INFO] - {"result_konsumen":"Approve","result_pasangan":"","Final_result":"Approve","errorMessage":"","status":"Done"}

2022-11-22 15:47:50 - [TEST_STEP][PASSED] - verifyElementPropertyValue(scoring, "Final_result", final_result): Verify element property value successfully

2022-11-22 15:47:50 - [MESSAGE][PASSED] - Verify element property value successfully]]></system-out>
         <system-err><![CDATA[]]></system-err>
      </testcase>
      <testcase name="Test Cases/Engine_Scoring/Engine Scoring" time="5.478" classname="Test Cases/Engine_Scoring/Engine Scoring" status="PASSED">
         <system-out><![CDATA[2022-11-22 15:47:50 - [TEST_CASE][PASSED] - Test Cases/Engine_Scoring/Engine Scoring: Test Cases/Engine_Scoring/Engine Scoring

2022-11-22 15:47:52 - [TEST_STEP][PASSED] - markPassed("Variasi data ke : " + no): Variasi data ke : 136

2022-11-22 15:47:52 - [MESSAGE][PASSED] - Variasi data ke : 136

2022-11-22 15:47:52 - [TEST_STEP][PASSED] - req_data = sendRequest(findTestObject("Search_ME", ["MID":MID, "source":source, "ip":ip, "userid":userid, "branch":branch, "tipekons":tipekons, "marital":marital, "penjamin":penjamin, ... ])): Send request successfully

2022-11-22 15:47:53 - [MESSAGE][INFO] - HAR: D:\DMS\Engine Scoring\Reports\20221122_153620\Exclude KKB - DS\Scoring Individu - Used\20221122_153620\requests\main\270.har

2022-11-22 15:47:53 - [MESSAGE][PASSED] - Send request successfully

2022-11-22 15:47:53 - [TEST_STEP][PASSED] - slurper = new groovy.json.JsonSlurper(): null

2022-11-22 15:47:53 - [TEST_STEP][PASSED] - result = slurper.parseText(req_data.getResponseBodyContent()): null

2022-11-22 15:47:53 - [TEST_STEP][PASSED] - reqid_kons = requestid1: null

2022-11-22 15:47:53 - [TEST_STEP][PASSED] - reqid_spouse = requestid2: null

2022-11-22 15:47:53 - [TEST_STEP][PASSED] - println("requestid kons : " + reqid_kons): null

2022-11-22 15:47:53 - [TEST_STEP][PASSED] - response_searchME_kons = reqid_kons: null

2022-11-22 15:47:53 - [TEST_STEP][PASSED] - response_searchME_spouse = reqid_spouse: null

2022-11-22 15:47:53 - [TEST_STEP][PASSED] - println("kons req id is :" + response_searchME_kons): null

2022-11-22 15:47:53 - [TEST_STEP][PASSED] - println("spouse req id is : " + response_searchME_spouse): null

2022-11-22 15:47:53 - [TEST_STEP][PASSED] - verifyResponseStatusCode(req_data, 200): Verify response status code successfully

2022-11-22 15:47:53 - [MESSAGE][PASSED] - Verify response status code successfully

2022-11-22 15:47:53 - [TEST_STEP][PASSED] - response = req_data.getResponseText(): null

2022-11-22 15:47:53 - [TEST_STEP][PASSED] - logInfo($response): {"status":"Done","data":{"requestid1":"241968","requestid2":""}}

2022-11-22 15:47:53 - [MESSAGE][INFO] - {"status":"Done","data":{"requestid1":"241968","requestid2":""}}

2022-11-22 15:47:53 - [TEST_STEP][PASSED] - delay(3): Delayed 3 second(s)

2022-11-22 15:47:56 - [MESSAGE][PASSED] - Delayed 3 second(s)

2022-11-22 15:47:56 - [TEST_STEP][PASSED] - scoring = sendRequest(findTestObject("EngineScore", ["response_searchME_kons":response_searchME_kons, "response_searchME_spouse":response_searchME_spouse])): Send request successfully

2022-11-22 15:47:56 - [MESSAGE][INFO] - HAR: D:\DMS\Engine Scoring\Reports\20221122_153620\Exclude KKB - DS\Scoring Individu - Used\20221122_153620\requests\main\271.har

2022-11-22 15:47:56 - [MESSAGE][PASSED] - Send request successfully

2022-11-22 15:47:56 - [TEST_STEP][PASSED] - verifyResponseStatusCode(scoring, 200): Verify response status code successfully

2022-11-22 15:47:56 - [MESSAGE][PASSED] - Verify response status code successfully

2022-11-22 15:47:56 - [TEST_STEP][PASSED] - response2 = scoring.getResponseText(): null

2022-11-22 15:47:56 - [TEST_STEP][PASSED] - markPassed("result service data ke : " + no): result service data ke : 136

2022-11-22 15:47:56 - [MESSAGE][PASSED] - result service data ke : 136

2022-11-22 15:47:56 - [TEST_STEP][PASSED] - logInfo($response2): {"result_konsumen":"Approve","result_pasangan":"","Final_result":"Approve","errorMessage":"","status":"Done"}

2022-11-22 15:47:56 - [MESSAGE][INFO] - {"result_konsumen":"Approve","result_pasangan":"","Final_result":"Approve","errorMessage":"","status":"Done"}

2022-11-22 15:47:56 - [TEST_STEP][PASSED] - verifyElementPropertyValue(scoring, "Final_result", final_result): Verify element property value successfully

2022-11-22 15:47:56 - [MESSAGE][PASSED] - Verify element property value successfully]]></system-out>
         <system-err><![CDATA[]]></system-err>
      </testcase>
      <testcase name="Test Cases/Engine_Scoring/Engine Scoring" time="5.954" classname="Test Cases/Engine_Scoring/Engine Scoring" status="PASSED">
         <system-out><![CDATA[2022-11-22 15:47:56 - [TEST_CASE][PASSED] - Test Cases/Engine_Scoring/Engine Scoring: Test Cases/Engine_Scoring/Engine Scoring

2022-11-22 15:47:57 - [TEST_STEP][PASSED] - markPassed("Variasi data ke : " + no): Variasi data ke : 137

2022-11-22 15:47:57 - [MESSAGE][PASSED] - Variasi data ke : 137

2022-11-22 15:47:57 - [TEST_STEP][PASSED] - req_data = sendRequest(findTestObject("Search_ME", ["MID":MID, "source":source, "ip":ip, "userid":userid, "branch":branch, "tipekons":tipekons, "marital":marital, "penjamin":penjamin, ... ])): Send request successfully

2022-11-22 15:47:59 - [MESSAGE][INFO] - HAR: D:\DMS\Engine Scoring\Reports\20221122_153620\Exclude KKB - DS\Scoring Individu - Used\20221122_153620\requests\main\272.har

2022-11-22 15:47:59 - [MESSAGE][PASSED] - Send request successfully

2022-11-22 15:47:59 - [TEST_STEP][PASSED] - slurper = new groovy.json.JsonSlurper(): null

2022-11-22 15:47:59 - [TEST_STEP][PASSED] - result = slurper.parseText(req_data.getResponseBodyContent()): null

2022-11-22 15:47:59 - [TEST_STEP][PASSED] - reqid_kons = requestid1: null

2022-11-22 15:47:59 - [TEST_STEP][PASSED] - reqid_spouse = requestid2: null

2022-11-22 15:47:59 - [TEST_STEP][PASSED] - println("requestid kons : " + reqid_kons): null

2022-11-22 15:47:59 - [TEST_STEP][PASSED] - response_searchME_kons = reqid_kons: null

2022-11-22 15:47:59 - [TEST_STEP][PASSED] - response_searchME_spouse = reqid_spouse: null

2022-11-22 15:47:59 - [TEST_STEP][PASSED] - println("kons req id is :" + response_searchME_kons): null

2022-11-22 15:47:59 - [TEST_STEP][PASSED] - println("spouse req id is : " + response_searchME_spouse): null

2022-11-22 15:47:59 - [TEST_STEP][PASSED] - verifyResponseStatusCode(req_data, 200): Verify response status code successfully

2022-11-22 15:47:59 - [MESSAGE][PASSED] - Verify response status code successfully

2022-11-22 15:47:59 - [TEST_STEP][PASSED] - response = req_data.getResponseText(): null

2022-11-22 15:47:59 - [TEST_STEP][PASSED] - logInfo($response): {"status":"Done","data":{"requestid1":"241969","requestid2":""}}

2022-11-22 15:47:59 - [MESSAGE][INFO] - {"status":"Done","data":{"requestid1":"241969","requestid2":""}}

2022-11-22 15:47:59 - [TEST_STEP][PASSED] - delay(3): Delayed 3 second(s)

2022-11-22 15:48:02 - [MESSAGE][PASSED] - Delayed 3 second(s)

2022-11-22 15:48:02 - [TEST_STEP][PASSED] - scoring = sendRequest(findTestObject("EngineScore", ["response_searchME_kons":response_searchME_kons, "response_searchME_spouse":response_searchME_spouse])): Send request successfully

2022-11-22 15:48:02 - [MESSAGE][INFO] - HAR: D:\DMS\Engine Scoring\Reports\20221122_153620\Exclude KKB - DS\Scoring Individu - Used\20221122_153620\requests\main\273.har

2022-11-22 15:48:02 - [MESSAGE][PASSED] - Send request successfully

2022-11-22 15:48:02 - [TEST_STEP][PASSED] - verifyResponseStatusCode(scoring, 200): Verify response status code successfully

2022-11-22 15:48:02 - [MESSAGE][PASSED] - Verify response status code successfully

2022-11-22 15:48:02 - [TEST_STEP][PASSED] - response2 = scoring.getResponseText(): null

2022-11-22 15:48:02 - [TEST_STEP][PASSED] - markPassed("result service data ke : " + no): result service data ke : 137

2022-11-22 15:48:02 - [MESSAGE][PASSED] - result service data ke : 137

2022-11-22 15:48:02 - [TEST_STEP][PASSED] - logInfo($response2): {"result_konsumen":"Approve","result_pasangan":"","Final_result":"Approve","errorMessage":"","status":"Done"}

2022-11-22 15:48:02 - [MESSAGE][INFO] - {"result_konsumen":"Approve","result_pasangan":"","Final_result":"Approve","errorMessage":"","status":"Done"}

2022-11-22 15:48:02 - [TEST_STEP][PASSED] - verifyElementPropertyValue(scoring, "Final_result", final_result): Verify element property value successfully

2022-11-22 15:48:02 - [MESSAGE][PASSED] - Verify element property value successfully]]></system-out>
         <system-err><![CDATA[]]></system-err>
      </testcase>
      <testcase name="Test Cases/Engine_Scoring/Engine Scoring" time="5.877" classname="Test Cases/Engine_Scoring/Engine Scoring" status="PASSED">
         <system-out><![CDATA[2022-11-22 15:48:02 - [TEST_CASE][PASSED] - Test Cases/Engine_Scoring/Engine Scoring: Test Cases/Engine_Scoring/Engine Scoring

2022-11-22 15:48:03 - [TEST_STEP][PASSED] - markPassed("Variasi data ke : " + no): Variasi data ke : 138

2022-11-22 15:48:03 - [MESSAGE][PASSED] - Variasi data ke : 138

2022-11-22 15:48:03 - [TEST_STEP][PASSED] - req_data = sendRequest(findTestObject("Search_ME", ["MID":MID, "source":source, "ip":ip, "userid":userid, "branch":branch, "tipekons":tipekons, "marital":marital, "penjamin":penjamin, ... ])): Send request successfully

2022-11-22 15:48:05 - [MESSAGE][INFO] - HAR: D:\DMS\Engine Scoring\Reports\20221122_153620\Exclude KKB - DS\Scoring Individu - Used\20221122_153620\requests\main\274.har

2022-11-22 15:48:05 - [MESSAGE][PASSED] - Send request successfully

2022-11-22 15:48:05 - [TEST_STEP][PASSED] - slurper = new groovy.json.JsonSlurper(): null

2022-11-22 15:48:05 - [TEST_STEP][PASSED] - result = slurper.parseText(req_data.getResponseBodyContent()): null

2022-11-22 15:48:05 - [TEST_STEP][PASSED] - reqid_kons = requestid1: null

2022-11-22 15:48:05 - [TEST_STEP][PASSED] - reqid_spouse = requestid2: null

2022-11-22 15:48:05 - [TEST_STEP][PASSED] - println("requestid kons : " + reqid_kons): null

2022-11-22 15:48:05 - [TEST_STEP][PASSED] - response_searchME_kons = reqid_kons: null

2022-11-22 15:48:05 - [TEST_STEP][PASSED] - response_searchME_spouse = reqid_spouse: null

2022-11-22 15:48:05 - [TEST_STEP][PASSED] - println("kons req id is :" + response_searchME_kons): null

2022-11-22 15:48:05 - [TEST_STEP][PASSED] - println("spouse req id is : " + response_searchME_spouse): null

2022-11-22 15:48:05 - [TEST_STEP][PASSED] - verifyResponseStatusCode(req_data, 200): Verify response status code successfully

2022-11-22 15:48:05 - [MESSAGE][PASSED] - Verify response status code successfully

2022-11-22 15:48:05 - [TEST_STEP][PASSED] - response = req_data.getResponseText(): null

2022-11-22 15:48:05 - [TEST_STEP][PASSED] - logInfo($response): {"status":"Done","data":{"requestid1":"241970","requestid2":""}}

2022-11-22 15:48:05 - [MESSAGE][INFO] - {"status":"Done","data":{"requestid1":"241970","requestid2":""}}

2022-11-22 15:48:05 - [TEST_STEP][PASSED] - delay(3): Delayed 3 second(s)

2022-11-22 15:48:08 - [MESSAGE][PASSED] - Delayed 3 second(s)

2022-11-22 15:48:08 - [TEST_STEP][PASSED] - scoring = sendRequest(findTestObject("EngineScore", ["response_searchME_kons":response_searchME_kons, "response_searchME_spouse":response_searchME_spouse])): Send request successfully

2022-11-22 15:48:08 - [MESSAGE][INFO] - HAR: D:\DMS\Engine Scoring\Reports\20221122_153620\Exclude KKB - DS\Scoring Individu - Used\20221122_153620\requests\main\275.har

2022-11-22 15:48:08 - [MESSAGE][PASSED] - Send request successfully

2022-11-22 15:48:08 - [TEST_STEP][PASSED] - verifyResponseStatusCode(scoring, 200): Verify response status code successfully

2022-11-22 15:48:08 - [MESSAGE][PASSED] - Verify response status code successfully

2022-11-22 15:48:08 - [TEST_STEP][PASSED] - response2 = scoring.getResponseText(): null

2022-11-22 15:48:08 - [TEST_STEP][PASSED] - markPassed("result service data ke : " + no): result service data ke : 138

2022-11-22 15:48:08 - [MESSAGE][PASSED] - result service data ke : 138

2022-11-22 15:48:08 - [TEST_STEP][PASSED] - logInfo($response2): {"result_konsumen":"Approve","result_pasangan":"","Final_result":"Approve","errorMessage":"","status":"Done"}

2022-11-22 15:48:08 - [MESSAGE][INFO] - {"result_konsumen":"Approve","result_pasangan":"","Final_result":"Approve","errorMessage":"","status":"Done"}

2022-11-22 15:48:08 - [TEST_STEP][PASSED] - verifyElementPropertyValue(scoring, "Final_result", final_result): Verify element property value successfully

2022-11-22 15:48:08 - [MESSAGE][PASSED] - Verify element property value successfully]]></system-out>
         <system-err><![CDATA[]]></system-err>
      </testcase>
      <testcase name="Test Cases/Engine_Scoring/Engine Scoring" time="5.298" classname="Test Cases/Engine_Scoring/Engine Scoring" status="PASSED">
         <system-out><![CDATA[2022-11-22 15:48:08 - [TEST_CASE][PASSED] - Test Cases/Engine_Scoring/Engine Scoring: Test Cases/Engine_Scoring/Engine Scoring

2022-11-22 15:48:09 - [TEST_STEP][PASSED] - markPassed("Variasi data ke : " + no): Variasi data ke : 139

2022-11-22 15:48:09 - [MESSAGE][PASSED] - Variasi data ke : 139

2022-11-22 15:48:09 - [TEST_STEP][PASSED] - req_data = sendRequest(findTestObject("Search_ME", ["MID":MID, "source":source, "ip":ip, "userid":userid, "branch":branch, "tipekons":tipekons, "marital":marital, "penjamin":penjamin, ... ])): Send request successfully

2022-11-22 15:48:10 - [MESSAGE][INFO] - HAR: D:\DMS\Engine Scoring\Reports\20221122_153620\Exclude KKB - DS\Scoring Individu - Used\20221122_153620\requests\main\276.har

2022-11-22 15:48:10 - [MESSAGE][PASSED] - Send request successfully

2022-11-22 15:48:10 - [TEST_STEP][PASSED] - slurper = new groovy.json.JsonSlurper(): null

2022-11-22 15:48:10 - [TEST_STEP][PASSED] - result = slurper.parseText(req_data.getResponseBodyContent()): null

2022-11-22 15:48:10 - [TEST_STEP][PASSED] - reqid_kons = requestid1: null

2022-11-22 15:48:10 - [TEST_STEP][PASSED] - reqid_spouse = requestid2: null

2022-11-22 15:48:10 - [TEST_STEP][PASSED] - println("requestid kons : " + reqid_kons): null

2022-11-22 15:48:10 - [TEST_STEP][PASSED] - response_searchME_kons = reqid_kons: null

2022-11-22 15:48:10 - [TEST_STEP][PASSED] - response_searchME_spouse = reqid_spouse: null

2022-11-22 15:48:10 - [TEST_STEP][PASSED] - println("kons req id is :" + response_searchME_kons): null

2022-11-22 15:48:10 - [TEST_STEP][PASSED] - println("spouse req id is : " + response_searchME_spouse): null

2022-11-22 15:48:10 - [TEST_STEP][PASSED] - verifyResponseStatusCode(req_data, 200): Verify response status code successfully

2022-11-22 15:48:10 - [MESSAGE][PASSED] - Verify response status code successfully

2022-11-22 15:48:10 - [TEST_STEP][PASSED] - response = req_data.getResponseText(): null

2022-11-22 15:48:10 - [TEST_STEP][PASSED] - logInfo($response): {"status":"Done","data":{"requestid1":"241971","requestid2":""}}

2022-11-22 15:48:10 - [MESSAGE][INFO] - {"status":"Done","data":{"requestid1":"241971","requestid2":""}}

2022-11-22 15:48:10 - [TEST_STEP][PASSED] - delay(3): Delayed 3 second(s)

2022-11-22 15:48:13 - [MESSAGE][PASSED] - Delayed 3 second(s)

2022-11-22 15:48:13 - [TEST_STEP][PASSED] - scoring = sendRequest(findTestObject("EngineScore", ["response_searchME_kons":response_searchME_kons, "response_searchME_spouse":response_searchME_spouse])): Send request successfully

2022-11-22 15:48:13 - [MESSAGE][INFO] - HAR: D:\DMS\Engine Scoring\Reports\20221122_153620\Exclude KKB - DS\Scoring Individu - Used\20221122_153620\requests\main\277.har

2022-11-22 15:48:13 - [MESSAGE][PASSED] - Send request successfully

2022-11-22 15:48:13 - [TEST_STEP][PASSED] - verifyResponseStatusCode(scoring, 200): Verify response status code successfully

2022-11-22 15:48:13 - [MESSAGE][PASSED] - Verify response status code successfully

2022-11-22 15:48:13 - [TEST_STEP][PASSED] - response2 = scoring.getResponseText(): null

2022-11-22 15:48:13 - [TEST_STEP][PASSED] - markPassed("result service data ke : " + no): result service data ke : 139

2022-11-22 15:48:13 - [MESSAGE][PASSED] - result service data ke : 139

2022-11-22 15:48:13 - [TEST_STEP][PASSED] - logInfo($response2): {"result_konsumen":"Approve","result_pasangan":"","Final_result":"Approve","errorMessage":"","status":"Done"}

2022-11-22 15:48:13 - [MESSAGE][INFO] - {"result_konsumen":"Approve","result_pasangan":"","Final_result":"Approve","errorMessage":"","status":"Done"}

2022-11-22 15:48:13 - [TEST_STEP][PASSED] - verifyElementPropertyValue(scoring, "Final_result", final_result): Verify element property value successfully

2022-11-22 15:48:13 - [MESSAGE][PASSED] - Verify element property value successfully]]></system-out>
         <system-err><![CDATA[]]></system-err>
      </testcase>
      <testcase name="Test Cases/Engine_Scoring/Engine Scoring" time="5.673" classname="Test Cases/Engine_Scoring/Engine Scoring" status="PASSED">
         <system-out><![CDATA[2022-11-22 15:48:13 - [TEST_CASE][PASSED] - Test Cases/Engine_Scoring/Engine Scoring: Test Cases/Engine_Scoring/Engine Scoring

2022-11-22 15:48:14 - [TEST_STEP][PASSED] - markPassed("Variasi data ke : " + no): Variasi data ke : 140

2022-11-22 15:48:14 - [MESSAGE][PASSED] - Variasi data ke : 140

2022-11-22 15:48:14 - [TEST_STEP][PASSED] - req_data = sendRequest(findTestObject("Search_ME", ["MID":MID, "source":source, "ip":ip, "userid":userid, "branch":branch, "tipekons":tipekons, "marital":marital, "penjamin":penjamin, ... ])): Send request successfully

2022-11-22 15:48:16 - [MESSAGE][INFO] - HAR: D:\DMS\Engine Scoring\Reports\20221122_153620\Exclude KKB - DS\Scoring Individu - Used\20221122_153620\requests\main\278.har

2022-11-22 15:48:16 - [MESSAGE][PASSED] - Send request successfully

2022-11-22 15:48:16 - [TEST_STEP][PASSED] - slurper = new groovy.json.JsonSlurper(): null

2022-11-22 15:48:16 - [TEST_STEP][PASSED] - result = slurper.parseText(req_data.getResponseBodyContent()): null

2022-11-22 15:48:16 - [TEST_STEP][PASSED] - reqid_kons = requestid1: null

2022-11-22 15:48:16 - [TEST_STEP][PASSED] - reqid_spouse = requestid2: null

2022-11-22 15:48:16 - [TEST_STEP][PASSED] - println("requestid kons : " + reqid_kons): null

2022-11-22 15:48:16 - [TEST_STEP][PASSED] - response_searchME_kons = reqid_kons: null

2022-11-22 15:48:16 - [TEST_STEP][PASSED] - response_searchME_spouse = reqid_spouse: null

2022-11-22 15:48:16 - [TEST_STEP][PASSED] - println("kons req id is :" + response_searchME_kons): null

2022-11-22 15:48:16 - [TEST_STEP][PASSED] - println("spouse req id is : " + response_searchME_spouse): null

2022-11-22 15:48:16 - [TEST_STEP][PASSED] - verifyResponseStatusCode(req_data, 200): Verify response status code successfully

2022-11-22 15:48:16 - [MESSAGE][PASSED] - Verify response status code successfully

2022-11-22 15:48:16 - [TEST_STEP][PASSED] - response = req_data.getResponseText(): null

2022-11-22 15:48:16 - [TEST_STEP][PASSED] - logInfo($response): {"status":"Done","data":{"requestid1":"241972","requestid2":""}}

2022-11-22 15:48:16 - [MESSAGE][INFO] - {"status":"Done","data":{"requestid1":"241972","requestid2":""}}

2022-11-22 15:48:16 - [TEST_STEP][PASSED] - delay(3): Delayed 3 second(s)

2022-11-22 15:48:19 - [MESSAGE][PASSED] - Delayed 3 second(s)

2022-11-22 15:48:19 - [TEST_STEP][PASSED] - scoring = sendRequest(findTestObject("EngineScore", ["response_searchME_kons":response_searchME_kons, "response_searchME_spouse":response_searchME_spouse])): Send request successfully

2022-11-22 15:48:19 - [MESSAGE][INFO] - HAR: D:\DMS\Engine Scoring\Reports\20221122_153620\Exclude KKB - DS\Scoring Individu - Used\20221122_153620\requests\main\279.har

2022-11-22 15:48:19 - [MESSAGE][PASSED] - Send request successfully

2022-11-22 15:48:19 - [TEST_STEP][PASSED] - verifyResponseStatusCode(scoring, 200): Verify response status code successfully

2022-11-22 15:48:19 - [MESSAGE][PASSED] - Verify response status code successfully

2022-11-22 15:48:19 - [TEST_STEP][PASSED] - response2 = scoring.getResponseText(): null

2022-11-22 15:48:19 - [TEST_STEP][PASSED] - markPassed("result service data ke : " + no): result service data ke : 140

2022-11-22 15:48:19 - [MESSAGE][PASSED] - result service data ke : 140

2022-11-22 15:48:19 - [TEST_STEP][PASSED] - logInfo($response2): {"result_konsumen":"Approve","result_pasangan":"","Final_result":"Approve","errorMessage":"","status":"Done"}

2022-11-22 15:48:19 - [MESSAGE][INFO] - {"result_konsumen":"Approve","result_pasangan":"","Final_result":"Approve","errorMessage":"","status":"Done"}

2022-11-22 15:48:19 - [TEST_STEP][PASSED] - verifyElementPropertyValue(scoring, "Final_result", final_result): Verify element property value successfully

2022-11-22 15:48:19 - [MESSAGE][PASSED] - Verify element property value successfully]]></system-out>
         <system-err><![CDATA[]]></system-err>
      </testcase>
      <testcase name="Test Cases/Engine_Scoring/Engine Scoring" time="5.436" classname="Test Cases/Engine_Scoring/Engine Scoring" status="PASSED">
         <system-out><![CDATA[2022-11-22 15:48:19 - [TEST_CASE][PASSED] - Test Cases/Engine_Scoring/Engine Scoring: Test Cases/Engine_Scoring/Engine Scoring

2022-11-22 15:48:20 - [TEST_STEP][PASSED] - markPassed("Variasi data ke : " + no): Variasi data ke : 141

2022-11-22 15:48:20 - [MESSAGE][PASSED] - Variasi data ke : 141

2022-11-22 15:48:20 - [TEST_STEP][PASSED] - req_data = sendRequest(findTestObject("Search_ME", ["MID":MID, "source":source, "ip":ip, "userid":userid, "branch":branch, "tipekons":tipekons, "marital":marital, "penjamin":penjamin, ... ])): Send request successfully

2022-11-22 15:48:21 - [MESSAGE][INFO] - HAR: D:\DMS\Engine Scoring\Reports\20221122_153620\Exclude KKB - DS\Scoring Individu - Used\20221122_153620\requests\main\280.har

2022-11-22 15:48:21 - [MESSAGE][PASSED] - Send request successfully

2022-11-22 15:48:21 - [TEST_STEP][PASSED] - slurper = new groovy.json.JsonSlurper(): null

2022-11-22 15:48:21 - [TEST_STEP][PASSED] - result = slurper.parseText(req_data.getResponseBodyContent()): null

2022-11-22 15:48:21 - [TEST_STEP][PASSED] - reqid_kons = requestid1: null

2022-11-22 15:48:21 - [TEST_STEP][PASSED] - reqid_spouse = requestid2: null

2022-11-22 15:48:21 - [TEST_STEP][PASSED] - println("requestid kons : " + reqid_kons): null

2022-11-22 15:48:21 - [TEST_STEP][PASSED] - response_searchME_kons = reqid_kons: null

2022-11-22 15:48:21 - [TEST_STEP][PASSED] - response_searchME_spouse = reqid_spouse: null

2022-11-22 15:48:21 - [TEST_STEP][PASSED] - println("kons req id is :" + response_searchME_kons): null

2022-11-22 15:48:21 - [TEST_STEP][PASSED] - println("spouse req id is : " + response_searchME_spouse): null

2022-11-22 15:48:21 - [TEST_STEP][PASSED] - verifyResponseStatusCode(req_data, 200): Verify response status code successfully

2022-11-22 15:48:21 - [MESSAGE][PASSED] - Verify response status code successfully

2022-11-22 15:48:21 - [TEST_STEP][PASSED] - response = req_data.getResponseText(): null

2022-11-22 15:48:21 - [TEST_STEP][PASSED] - logInfo($response): {"status":"Done","data":{"requestid1":"241973","requestid2":""}}

2022-11-22 15:48:21 - [MESSAGE][INFO] - {"status":"Done","data":{"requestid1":"241973","requestid2":""}}

2022-11-22 15:48:21 - [TEST_STEP][PASSED] - delay(3): Delayed 3 second(s)

2022-11-22 15:48:24 - [MESSAGE][PASSED] - Delayed 3 second(s)

2022-11-22 15:48:24 - [TEST_STEP][PASSED] - scoring = sendRequest(findTestObject("EngineScore", ["response_searchME_kons":response_searchME_kons, "response_searchME_spouse":response_searchME_spouse])): Send request successfully

2022-11-22 15:48:24 - [MESSAGE][INFO] - HAR: D:\DMS\Engine Scoring\Reports\20221122_153620\Exclude KKB - DS\Scoring Individu - Used\20221122_153620\requests\main\281.har

2022-11-22 15:48:24 - [MESSAGE][PASSED] - Send request successfully

2022-11-22 15:48:24 - [TEST_STEP][PASSED] - verifyResponseStatusCode(scoring, 200): Verify response status code successfully

2022-11-22 15:48:24 - [MESSAGE][PASSED] - Verify response status code successfully

2022-11-22 15:48:24 - [TEST_STEP][PASSED] - response2 = scoring.getResponseText(): null

2022-11-22 15:48:24 - [TEST_STEP][PASSED] - markPassed("result service data ke : " + no): result service data ke : 141

2022-11-22 15:48:24 - [MESSAGE][PASSED] - result service data ke : 141

2022-11-22 15:48:24 - [TEST_STEP][PASSED] - logInfo($response2): {"result_konsumen":"Reject","result_pasangan":"","Final_result":"Reject","errorMessage":"","status":"Done"}

2022-11-22 15:48:24 - [MESSAGE][INFO] - {"result_konsumen":"Reject","result_pasangan":"","Final_result":"Reject","errorMessage":"","status":"Done"}

2022-11-22 15:48:24 - [TEST_STEP][PASSED] - verifyElementPropertyValue(scoring, "Final_result", final_result): Verify element property value successfully

2022-11-22 15:48:24 - [MESSAGE][PASSED] - Verify element property value successfully]]></system-out>
         <system-err><![CDATA[]]></system-err>
      </testcase>
      <testcase name="Test Cases/Engine_Scoring/Engine Scoring" time="5.314" classname="Test Cases/Engine_Scoring/Engine Scoring" status="PASSED">
         <system-out><![CDATA[2022-11-22 15:48:24 - [TEST_CASE][PASSED] - Test Cases/Engine_Scoring/Engine Scoring: Test Cases/Engine_Scoring/Engine Scoring

2022-11-22 15:48:25 - [TEST_STEP][PASSED] - markPassed("Variasi data ke : " + no): Variasi data ke : 142

2022-11-22 15:48:25 - [MESSAGE][PASSED] - Variasi data ke : 142

2022-11-22 15:48:25 - [TEST_STEP][PASSED] - req_data = sendRequest(findTestObject("Search_ME", ["MID":MID, "source":source, "ip":ip, "userid":userid, "branch":branch, "tipekons":tipekons, "marital":marital, "penjamin":penjamin, ... ])): Send request successfully

2022-11-22 15:48:27 - [MESSAGE][INFO] - HAR: D:\DMS\Engine Scoring\Reports\20221122_153620\Exclude KKB - DS\Scoring Individu - Used\20221122_153620\requests\main\282.har

2022-11-22 15:48:27 - [MESSAGE][PASSED] - Send request successfully

2022-11-22 15:48:27 - [TEST_STEP][PASSED] - slurper = new groovy.json.JsonSlurper(): null

2022-11-22 15:48:27 - [TEST_STEP][PASSED] - result = slurper.parseText(req_data.getResponseBodyContent()): null

2022-11-22 15:48:27 - [TEST_STEP][PASSED] - reqid_kons = requestid1: null

2022-11-22 15:48:27 - [TEST_STEP][PASSED] - reqid_spouse = requestid2: null

2022-11-22 15:48:27 - [TEST_STEP][PASSED] - println("requestid kons : " + reqid_kons): null

2022-11-22 15:48:27 - [TEST_STEP][PASSED] - response_searchME_kons = reqid_kons: null

2022-11-22 15:48:27 - [TEST_STEP][PASSED] - response_searchME_spouse = reqid_spouse: null

2022-11-22 15:48:27 - [TEST_STEP][PASSED] - println("kons req id is :" + response_searchME_kons): null

2022-11-22 15:48:27 - [TEST_STEP][PASSED] - println("spouse req id is : " + response_searchME_spouse): null

2022-11-22 15:48:27 - [TEST_STEP][PASSED] - verifyResponseStatusCode(req_data, 200): Verify response status code successfully

2022-11-22 15:48:27 - [MESSAGE][PASSED] - Verify response status code successfully

2022-11-22 15:48:27 - [TEST_STEP][PASSED] - response = req_data.getResponseText(): null

2022-11-22 15:48:27 - [TEST_STEP][PASSED] - logInfo($response): {"status":"Done","data":{"requestid1":"241974","requestid2":""}}

2022-11-22 15:48:27 - [MESSAGE][INFO] - {"status":"Done","data":{"requestid1":"241974","requestid2":""}}

2022-11-22 15:48:27 - [TEST_STEP][PASSED] - delay(3): Delayed 3 second(s)

2022-11-22 15:48:30 - [MESSAGE][PASSED] - Delayed 3 second(s)

2022-11-22 15:48:30 - [TEST_STEP][PASSED] - scoring = sendRequest(findTestObject("EngineScore", ["response_searchME_kons":response_searchME_kons, "response_searchME_spouse":response_searchME_spouse])): Send request successfully

2022-11-22 15:48:30 - [MESSAGE][INFO] - HAR: D:\DMS\Engine Scoring\Reports\20221122_153620\Exclude KKB - DS\Scoring Individu - Used\20221122_153620\requests\main\283.har

2022-11-22 15:48:30 - [MESSAGE][PASSED] - Send request successfully

2022-11-22 15:48:30 - [TEST_STEP][PASSED] - verifyResponseStatusCode(scoring, 200): Verify response status code successfully

2022-11-22 15:48:30 - [MESSAGE][PASSED] - Verify response status code successfully

2022-11-22 15:48:30 - [TEST_STEP][PASSED] - response2 = scoring.getResponseText(): null

2022-11-22 15:48:30 - [TEST_STEP][PASSED] - markPassed("result service data ke : " + no): result service data ke : 142

2022-11-22 15:48:30 - [MESSAGE][PASSED] - result service data ke : 142

2022-11-22 15:48:30 - [TEST_STEP][PASSED] - logInfo($response2): {"result_konsumen":"Reject","result_pasangan":"","Final_result":"Reject","errorMessage":"","status":"Done"}

2022-11-22 15:48:30 - [MESSAGE][INFO] - {"result_konsumen":"Reject","result_pasangan":"","Final_result":"Reject","errorMessage":"","status":"Done"}

2022-11-22 15:48:30 - [TEST_STEP][PASSED] - verifyElementPropertyValue(scoring, "Final_result", final_result): Verify element property value successfully

2022-11-22 15:48:30 - [MESSAGE][PASSED] - Verify element property value successfully]]></system-out>
         <system-err><![CDATA[]]></system-err>
      </testcase>
      <testcase name="Test Cases/Engine_Scoring/Engine Scoring" time="5.379" classname="Test Cases/Engine_Scoring/Engine Scoring" status="PASSED">
         <system-out><![CDATA[2022-11-22 15:48:30 - [TEST_CASE][PASSED] - Test Cases/Engine_Scoring/Engine Scoring: Test Cases/Engine_Scoring/Engine Scoring

2022-11-22 15:48:31 - [TEST_STEP][PASSED] - markPassed("Variasi data ke : " + no): Variasi data ke : 143

2022-11-22 15:48:31 - [MESSAGE][PASSED] - Variasi data ke : 143

2022-11-22 15:48:31 - [TEST_STEP][PASSED] - req_data = sendRequest(findTestObject("Search_ME", ["MID":MID, "source":source, "ip":ip, "userid":userid, "branch":branch, "tipekons":tipekons, "marital":marital, "penjamin":penjamin, ... ])): Send request successfully

2022-11-22 15:48:32 - [MESSAGE][INFO] - HAR: D:\DMS\Engine Scoring\Reports\20221122_153620\Exclude KKB - DS\Scoring Individu - Used\20221122_153620\requests\main\284.har

2022-11-22 15:48:32 - [MESSAGE][PASSED] - Send request successfully

2022-11-22 15:48:32 - [TEST_STEP][PASSED] - slurper = new groovy.json.JsonSlurper(): null

2022-11-22 15:48:32 - [TEST_STEP][PASSED] - result = slurper.parseText(req_data.getResponseBodyContent()): null

2022-11-22 15:48:32 - [TEST_STEP][PASSED] - reqid_kons = requestid1: null

2022-11-22 15:48:32 - [TEST_STEP][PASSED] - reqid_spouse = requestid2: null

2022-11-22 15:48:32 - [TEST_STEP][PASSED] - println("requestid kons : " + reqid_kons): null

2022-11-22 15:48:32 - [TEST_STEP][PASSED] - response_searchME_kons = reqid_kons: null

2022-11-22 15:48:32 - [TEST_STEP][PASSED] - response_searchME_spouse = reqid_spouse: null

2022-11-22 15:48:32 - [TEST_STEP][PASSED] - println("kons req id is :" + response_searchME_kons): null

2022-11-22 15:48:32 - [TEST_STEP][PASSED] - println("spouse req id is : " + response_searchME_spouse): null

2022-11-22 15:48:32 - [TEST_STEP][PASSED] - verifyResponseStatusCode(req_data, 200): Verify response status code successfully

2022-11-22 15:48:32 - [MESSAGE][PASSED] - Verify response status code successfully

2022-11-22 15:48:32 - [TEST_STEP][PASSED] - response = req_data.getResponseText(): null

2022-11-22 15:48:32 - [TEST_STEP][PASSED] - logInfo($response): {"status":"Done","data":{"requestid1":"241975","requestid2":""}}

2022-11-22 15:48:32 - [MESSAGE][INFO] - {"status":"Done","data":{"requestid1":"241975","requestid2":""}}

2022-11-22 15:48:32 - [TEST_STEP][PASSED] - delay(3): Delayed 3 second(s)

2022-11-22 15:48:35 - [MESSAGE][PASSED] - Delayed 3 second(s)

2022-11-22 15:48:35 - [TEST_STEP][PASSED] - scoring = sendRequest(findTestObject("EngineScore", ["response_searchME_kons":response_searchME_kons, "response_searchME_spouse":response_searchME_spouse])): Send request successfully

2022-11-22 15:48:35 - [MESSAGE][INFO] - HAR: D:\DMS\Engine Scoring\Reports\20221122_153620\Exclude KKB - DS\Scoring Individu - Used\20221122_153620\requests\main\285.har

2022-11-22 15:48:35 - [MESSAGE][PASSED] - Send request successfully

2022-11-22 15:48:35 - [TEST_STEP][PASSED] - verifyResponseStatusCode(scoring, 200): Verify response status code successfully

2022-11-22 15:48:35 - [MESSAGE][PASSED] - Verify response status code successfully

2022-11-22 15:48:35 - [TEST_STEP][PASSED] - response2 = scoring.getResponseText(): null

2022-11-22 15:48:35 - [TEST_STEP][PASSED] - markPassed("result service data ke : " + no): result service data ke : 143

2022-11-22 15:48:35 - [MESSAGE][PASSED] - result service data ke : 143

2022-11-22 15:48:35 - [TEST_STEP][PASSED] - logInfo($response2): {"result_konsumen":"Reject","result_pasangan":"","Final_result":"Reject","errorMessage":"","status":"Done"}

2022-11-22 15:48:35 - [MESSAGE][INFO] - {"result_konsumen":"Reject","result_pasangan":"","Final_result":"Reject","errorMessage":"","status":"Done"}

2022-11-22 15:48:35 - [TEST_STEP][PASSED] - verifyElementPropertyValue(scoring, "Final_result", final_result): Verify element property value successfully

2022-11-22 15:48:35 - [MESSAGE][PASSED] - Verify element property value successfully]]></system-out>
         <system-err><![CDATA[]]></system-err>
      </testcase>
      <testcase name="Test Cases/Engine_Scoring/Engine Scoring" time="5.323" classname="Test Cases/Engine_Scoring/Engine Scoring" status="PASSED">
         <system-out><![CDATA[2022-11-22 15:48:35 - [TEST_CASE][PASSED] - Test Cases/Engine_Scoring/Engine Scoring: Test Cases/Engine_Scoring/Engine Scoring

2022-11-22 15:48:36 - [TEST_STEP][PASSED] - markPassed("Variasi data ke : " + no): Variasi data ke : 144

2022-11-22 15:48:36 - [MESSAGE][PASSED] - Variasi data ke : 144

2022-11-22 15:48:36 - [TEST_STEP][PASSED] - req_data = sendRequest(findTestObject("Search_ME", ["MID":MID, "source":source, "ip":ip, "userid":userid, "branch":branch, "tipekons":tipekons, "marital":marital, "penjamin":penjamin, ... ])): Send request successfully

2022-11-22 15:48:37 - [MESSAGE][INFO] - HAR: D:\DMS\Engine Scoring\Reports\20221122_153620\Exclude KKB - DS\Scoring Individu - Used\20221122_153620\requests\main\286.har

2022-11-22 15:48:37 - [MESSAGE][PASSED] - Send request successfully

2022-11-22 15:48:37 - [TEST_STEP][PASSED] - slurper = new groovy.json.JsonSlurper(): null

2022-11-22 15:48:37 - [TEST_STEP][PASSED] - result = slurper.parseText(req_data.getResponseBodyContent()): null

2022-11-22 15:48:37 - [TEST_STEP][PASSED] - reqid_kons = requestid1: null

2022-11-22 15:48:37 - [TEST_STEP][PASSED] - reqid_spouse = requestid2: null

2022-11-22 15:48:37 - [TEST_STEP][PASSED] - println("requestid kons : " + reqid_kons): null

2022-11-22 15:48:37 - [TEST_STEP][PASSED] - response_searchME_kons = reqid_kons: null

2022-11-22 15:48:37 - [TEST_STEP][PASSED] - response_searchME_spouse = reqid_spouse: null

2022-11-22 15:48:37 - [TEST_STEP][PASSED] - println("kons req id is :" + response_searchME_kons): null

2022-11-22 15:48:37 - [TEST_STEP][PASSED] - println("spouse req id is : " + response_searchME_spouse): null

2022-11-22 15:48:37 - [TEST_STEP][PASSED] - verifyResponseStatusCode(req_data, 200): Verify response status code successfully

2022-11-22 15:48:37 - [MESSAGE][PASSED] - Verify response status code successfully

2022-11-22 15:48:37 - [TEST_STEP][PASSED] - response = req_data.getResponseText(): null

2022-11-22 15:48:37 - [TEST_STEP][PASSED] - logInfo($response): {"status":"Done","data":{"requestid1":"241976","requestid2":""}}

2022-11-22 15:48:37 - [MESSAGE][INFO] - {"status":"Done","data":{"requestid1":"241976","requestid2":""}}

2022-11-22 15:48:37 - [TEST_STEP][PASSED] - delay(3): Delayed 3 second(s)

2022-11-22 15:48:40 - [MESSAGE][PASSED] - Delayed 3 second(s)

2022-11-22 15:48:40 - [TEST_STEP][PASSED] - scoring = sendRequest(findTestObject("EngineScore", ["response_searchME_kons":response_searchME_kons, "response_searchME_spouse":response_searchME_spouse])): Send request successfully

2022-11-22 15:48:41 - [MESSAGE][INFO] - HAR: D:\DMS\Engine Scoring\Reports\20221122_153620\Exclude KKB - DS\Scoring Individu - Used\20221122_153620\requests\main\287.har

2022-11-22 15:48:41 - [MESSAGE][PASSED] - Send request successfully

2022-11-22 15:48:41 - [TEST_STEP][PASSED] - verifyResponseStatusCode(scoring, 200): Verify response status code successfully

2022-11-22 15:48:41 - [MESSAGE][PASSED] - Verify response status code successfully

2022-11-22 15:48:41 - [TEST_STEP][PASSED] - response2 = scoring.getResponseText(): null

2022-11-22 15:48:41 - [TEST_STEP][PASSED] - markPassed("result service data ke : " + no): result service data ke : 144

2022-11-22 15:48:41 - [MESSAGE][PASSED] - result service data ke : 144

2022-11-22 15:48:41 - [TEST_STEP][PASSED] - logInfo($response2): {"result_konsumen":"Reject","result_pasangan":"","Final_result":"Reject","errorMessage":"","status":"Done"}

2022-11-22 15:48:41 - [MESSAGE][INFO] - {"result_konsumen":"Reject","result_pasangan":"","Final_result":"Reject","errorMessage":"","status":"Done"}

2022-11-22 15:48:41 - [TEST_STEP][PASSED] - verifyElementPropertyValue(scoring, "Final_result", final_result): Verify element property value successfully

2022-11-22 15:48:41 - [MESSAGE][PASSED] - Verify element property value successfully]]></system-out>
         <system-err><![CDATA[]]></system-err>
      </testcase>
      <testcase name="Test Cases/Engine_Scoring/Engine Scoring" time="5.665" classname="Test Cases/Engine_Scoring/Engine Scoring" status="PASSED">
         <system-out><![CDATA[2022-11-22 15:48:41 - [TEST_CASE][PASSED] - Test Cases/Engine_Scoring/Engine Scoring: Test Cases/Engine_Scoring/Engine Scoring

2022-11-22 15:48:42 - [TEST_STEP][PASSED] - markPassed("Variasi data ke : " + no): Variasi data ke : 145

2022-11-22 15:48:42 - [MESSAGE][PASSED] - Variasi data ke : 145

2022-11-22 15:48:42 - [TEST_STEP][PASSED] - req_data = sendRequest(findTestObject("Search_ME", ["MID":MID, "source":source, "ip":ip, "userid":userid, "branch":branch, "tipekons":tipekons, "marital":marital, "penjamin":penjamin, ... ])): Send request successfully

2022-11-22 15:48:43 - [MESSAGE][INFO] - HAR: D:\DMS\Engine Scoring\Reports\20221122_153620\Exclude KKB - DS\Scoring Individu - Used\20221122_153620\requests\main\288.har

2022-11-22 15:48:43 - [MESSAGE][PASSED] - Send request successfully

2022-11-22 15:48:43 - [TEST_STEP][PASSED] - slurper = new groovy.json.JsonSlurper(): null

2022-11-22 15:48:43 - [TEST_STEP][PASSED] - result = slurper.parseText(req_data.getResponseBodyContent()): null

2022-11-22 15:48:43 - [TEST_STEP][PASSED] - reqid_kons = requestid1: null

2022-11-22 15:48:43 - [TEST_STEP][PASSED] - reqid_spouse = requestid2: null

2022-11-22 15:48:43 - [TEST_STEP][PASSED] - println("requestid kons : " + reqid_kons): null

2022-11-22 15:48:43 - [TEST_STEP][PASSED] - response_searchME_kons = reqid_kons: null

2022-11-22 15:48:43 - [TEST_STEP][PASSED] - response_searchME_spouse = reqid_spouse: null

2022-11-22 15:48:43 - [TEST_STEP][PASSED] - println("kons req id is :" + response_searchME_kons): null

2022-11-22 15:48:43 - [TEST_STEP][PASSED] - println("spouse req id is : " + response_searchME_spouse): null

2022-11-22 15:48:43 - [TEST_STEP][PASSED] - verifyResponseStatusCode(req_data, 200): Verify response status code successfully

2022-11-22 15:48:43 - [MESSAGE][PASSED] - Verify response status code successfully

2022-11-22 15:48:43 - [TEST_STEP][PASSED] - response = req_data.getResponseText(): null

2022-11-22 15:48:43 - [TEST_STEP][PASSED] - logInfo($response): {"status":"Done","data":{"requestid1":"241977","requestid2":""}}

2022-11-22 15:48:43 - [MESSAGE][INFO] - {"status":"Done","data":{"requestid1":"241977","requestid2":""}}

2022-11-22 15:48:43 - [TEST_STEP][PASSED] - delay(3): Delayed 3 second(s)

2022-11-22 15:48:46 - [MESSAGE][PASSED] - Delayed 3 second(s)

2022-11-22 15:48:46 - [TEST_STEP][PASSED] - scoring = sendRequest(findTestObject("EngineScore", ["response_searchME_kons":response_searchME_kons, "response_searchME_spouse":response_searchME_spouse])): Send request successfully

2022-11-22 15:48:46 - [MESSAGE][INFO] - HAR: D:\DMS\Engine Scoring\Reports\20221122_153620\Exclude KKB - DS\Scoring Individu - Used\20221122_153620\requests\main\289.har

2022-11-22 15:48:46 - [MESSAGE][PASSED] - Send request successfully

2022-11-22 15:48:46 - [TEST_STEP][PASSED] - verifyResponseStatusCode(scoring, 200): Verify response status code successfully

2022-11-22 15:48:46 - [MESSAGE][PASSED] - Verify response status code successfully

2022-11-22 15:48:46 - [TEST_STEP][PASSED] - response2 = scoring.getResponseText(): null

2022-11-22 15:48:46 - [TEST_STEP][PASSED] - markPassed("result service data ke : " + no): result service data ke : 145

2022-11-22 15:48:46 - [MESSAGE][PASSED] - result service data ke : 145

2022-11-22 15:48:46 - [TEST_STEP][PASSED] - logInfo($response2): {"result_konsumen":"Approve","result_pasangan":"","Final_result":"Approve","errorMessage":"","status":"Done"}

2022-11-22 15:48:46 - [MESSAGE][INFO] - {"result_konsumen":"Approve","result_pasangan":"","Final_result":"Approve","errorMessage":"","status":"Done"}

2022-11-22 15:48:46 - [TEST_STEP][PASSED] - verifyElementPropertyValue(scoring, "Final_result", final_result): Verify element property value successfully

2022-11-22 15:48:46 - [MESSAGE][PASSED] - Verify element property value successfully]]></system-out>
         <system-err><![CDATA[]]></system-err>
      </testcase>
      <testcase name="Test Cases/Engine_Scoring/Engine Scoring" time="5.55" classname="Test Cases/Engine_Scoring/Engine Scoring" status="PASSED">
         <system-out><![CDATA[2022-11-22 15:48:46 - [TEST_CASE][PASSED] - Test Cases/Engine_Scoring/Engine Scoring: Test Cases/Engine_Scoring/Engine Scoring

2022-11-22 15:48:47 - [TEST_STEP][PASSED] - markPassed("Variasi data ke : " + no): Variasi data ke : 146

2022-11-22 15:48:48 - [MESSAGE][PASSED] - Variasi data ke : 146

2022-11-22 15:48:48 - [TEST_STEP][PASSED] - req_data = sendRequest(findTestObject("Search_ME", ["MID":MID, "source":source, "ip":ip, "userid":userid, "branch":branch, "tipekons":tipekons, "marital":marital, "penjamin":penjamin, ... ])): Send request successfully

2022-11-22 15:48:49 - [MESSAGE][INFO] - HAR: D:\DMS\Engine Scoring\Reports\20221122_153620\Exclude KKB - DS\Scoring Individu - Used\20221122_153620\requests\main\290.har

2022-11-22 15:48:49 - [MESSAGE][PASSED] - Send request successfully

2022-11-22 15:48:49 - [TEST_STEP][PASSED] - slurper = new groovy.json.JsonSlurper(): null

2022-11-22 15:48:49 - [TEST_STEP][PASSED] - result = slurper.parseText(req_data.getResponseBodyContent()): null

2022-11-22 15:48:49 - [TEST_STEP][PASSED] - reqid_kons = requestid1: null

2022-11-22 15:48:49 - [TEST_STEP][PASSED] - reqid_spouse = requestid2: null

2022-11-22 15:48:49 - [TEST_STEP][PASSED] - println("requestid kons : " + reqid_kons): null

2022-11-22 15:48:49 - [TEST_STEP][PASSED] - response_searchME_kons = reqid_kons: null

2022-11-22 15:48:49 - [TEST_STEP][PASSED] - response_searchME_spouse = reqid_spouse: null

2022-11-22 15:48:49 - [TEST_STEP][PASSED] - println("kons req id is :" + response_searchME_kons): null

2022-11-22 15:48:49 - [TEST_STEP][PASSED] - println("spouse req id is : " + response_searchME_spouse): null

2022-11-22 15:48:49 - [TEST_STEP][PASSED] - verifyResponseStatusCode(req_data, 200): Verify response status code successfully

2022-11-22 15:48:49 - [MESSAGE][PASSED] - Verify response status code successfully

2022-11-22 15:48:49 - [TEST_STEP][PASSED] - response = req_data.getResponseText(): null

2022-11-22 15:48:49 - [TEST_STEP][PASSED] - logInfo($response): {"status":"Done","data":{"requestid1":"241978","requestid2":""}}

2022-11-22 15:48:49 - [MESSAGE][INFO] - {"status":"Done","data":{"requestid1":"241978","requestid2":""}}

2022-11-22 15:48:49 - [TEST_STEP][PASSED] - delay(3): Delayed 3 second(s)

2022-11-22 15:48:52 - [MESSAGE][PASSED] - Delayed 3 second(s)

2022-11-22 15:48:52 - [TEST_STEP][PASSED] - scoring = sendRequest(findTestObject("EngineScore", ["response_searchME_kons":response_searchME_kons, "response_searchME_spouse":response_searchME_spouse])): Send request successfully

2022-11-22 15:48:52 - [MESSAGE][INFO] - HAR: D:\DMS\Engine Scoring\Reports\20221122_153620\Exclude KKB - DS\Scoring Individu - Used\20221122_153620\requests\main\291.har

2022-11-22 15:48:52 - [MESSAGE][PASSED] - Send request successfully

2022-11-22 15:48:52 - [TEST_STEP][PASSED] - verifyResponseStatusCode(scoring, 200): Verify response status code successfully

2022-11-22 15:48:52 - [MESSAGE][PASSED] - Verify response status code successfully

2022-11-22 15:48:52 - [TEST_STEP][PASSED] - response2 = scoring.getResponseText(): null

2022-11-22 15:48:52 - [TEST_STEP][PASSED] - markPassed("result service data ke : " + no): result service data ke : 146

2022-11-22 15:48:52 - [MESSAGE][PASSED] - result service data ke : 146

2022-11-22 15:48:52 - [TEST_STEP][PASSED] - logInfo($response2): {"result_konsumen":"Approve","result_pasangan":"","Final_result":"Approve","errorMessage":"","status":"Done"}

2022-11-22 15:48:52 - [MESSAGE][INFO] - {"result_konsumen":"Approve","result_pasangan":"","Final_result":"Approve","errorMessage":"","status":"Done"}

2022-11-22 15:48:52 - [TEST_STEP][PASSED] - verifyElementPropertyValue(scoring, "Final_result", final_result): Verify element property value successfully

2022-11-22 15:48:52 - [MESSAGE][PASSED] - Verify element property value successfully]]></system-out>
         <system-err><![CDATA[]]></system-err>
      </testcase>
      <testcase name="Test Cases/Engine_Scoring/Engine Scoring" time="5.796" classname="Test Cases/Engine_Scoring/Engine Scoring" status="PASSED">
         <system-out><![CDATA[2022-11-22 15:48:52 - [TEST_CASE][PASSED] - Test Cases/Engine_Scoring/Engine Scoring: Test Cases/Engine_Scoring/Engine Scoring

2022-11-22 15:48:53 - [TEST_STEP][PASSED] - markPassed("Variasi data ke : " + no): Variasi data ke : 147

2022-11-22 15:48:53 - [MESSAGE][PASSED] - Variasi data ke : 147

2022-11-22 15:48:53 - [TEST_STEP][PASSED] - req_data = sendRequest(findTestObject("Search_ME", ["MID":MID, "source":source, "ip":ip, "userid":userid, "branch":branch, "tipekons":tipekons, "marital":marital, "penjamin":penjamin, ... ])): Send request successfully

2022-11-22 15:48:55 - [MESSAGE][INFO] - HAR: D:\DMS\Engine Scoring\Reports\20221122_153620\Exclude KKB - DS\Scoring Individu - Used\20221122_153620\requests\main\292.har

2022-11-22 15:48:55 - [MESSAGE][PASSED] - Send request successfully

2022-11-22 15:48:55 - [TEST_STEP][PASSED] - slurper = new groovy.json.JsonSlurper(): null

2022-11-22 15:48:55 - [TEST_STEP][PASSED] - result = slurper.parseText(req_data.getResponseBodyContent()): null

2022-11-22 15:48:55 - [TEST_STEP][PASSED] - reqid_kons = requestid1: null

2022-11-22 15:48:55 - [TEST_STEP][PASSED] - reqid_spouse = requestid2: null

2022-11-22 15:48:55 - [TEST_STEP][PASSED] - println("requestid kons : " + reqid_kons): null

2022-11-22 15:48:55 - [TEST_STEP][PASSED] - response_searchME_kons = reqid_kons: null

2022-11-22 15:48:55 - [TEST_STEP][PASSED] - response_searchME_spouse = reqid_spouse: null

2022-11-22 15:48:55 - [TEST_STEP][PASSED] - println("kons req id is :" + response_searchME_kons): null

2022-11-22 15:48:55 - [TEST_STEP][PASSED] - println("spouse req id is : " + response_searchME_spouse): null

2022-11-22 15:48:55 - [TEST_STEP][PASSED] - verifyResponseStatusCode(req_data, 200): Verify response status code successfully

2022-11-22 15:48:55 - [MESSAGE][PASSED] - Verify response status code successfully

2022-11-22 15:48:55 - [TEST_STEP][PASSED] - response = req_data.getResponseText(): null

2022-11-22 15:48:55 - [TEST_STEP][PASSED] - logInfo($response): {"status":"Done","data":{"requestid1":"241979","requestid2":""}}

2022-11-22 15:48:55 - [MESSAGE][INFO] - {"status":"Done","data":{"requestid1":"241979","requestid2":""}}

2022-11-22 15:48:55 - [TEST_STEP][PASSED] - delay(3): Delayed 3 second(s)

2022-11-22 15:48:58 - [MESSAGE][PASSED] - Delayed 3 second(s)

2022-11-22 15:48:58 - [TEST_STEP][PASSED] - scoring = sendRequest(findTestObject("EngineScore", ["response_searchME_kons":response_searchME_kons, "response_searchME_spouse":response_searchME_spouse])): Send request successfully

2022-11-22 15:48:58 - [MESSAGE][INFO] - HAR: D:\DMS\Engine Scoring\Reports\20221122_153620\Exclude KKB - DS\Scoring Individu - Used\20221122_153620\requests\main\293.har

2022-11-22 15:48:58 - [MESSAGE][PASSED] - Send request successfully

2022-11-22 15:48:58 - [TEST_STEP][PASSED] - verifyResponseStatusCode(scoring, 200): Verify response status code successfully

2022-11-22 15:48:58 - [MESSAGE][PASSED] - Verify response status code successfully

2022-11-22 15:48:58 - [TEST_STEP][PASSED] - response2 = scoring.getResponseText(): null

2022-11-22 15:48:58 - [TEST_STEP][PASSED] - markPassed("result service data ke : " + no): result service data ke : 147

2022-11-22 15:48:58 - [MESSAGE][PASSED] - result service data ke : 147

2022-11-22 15:48:58 - [TEST_STEP][PASSED] - logInfo($response2): {"result_konsumen":"Approve","result_pasangan":"","Final_result":"Approve","errorMessage":"","status":"Done"}

2022-11-22 15:48:58 - [MESSAGE][INFO] - {"result_konsumen":"Approve","result_pasangan":"","Final_result":"Approve","errorMessage":"","status":"Done"}

2022-11-22 15:48:58 - [TEST_STEP][PASSED] - verifyElementPropertyValue(scoring, "Final_result", final_result): Verify element property value successfully

2022-11-22 15:48:58 - [MESSAGE][PASSED] - Verify element property value successfully]]></system-out>
         <system-err><![CDATA[]]></system-err>
      </testcase>
      <testcase name="Test Cases/Engine_Scoring/Engine Scoring" time="5.719" classname="Test Cases/Engine_Scoring/Engine Scoring" status="PASSED">
         <system-out><![CDATA[2022-11-22 15:48:58 - [TEST_CASE][PASSED] - Test Cases/Engine_Scoring/Engine Scoring: Test Cases/Engine_Scoring/Engine Scoring

2022-11-22 15:48:59 - [TEST_STEP][PASSED] - markPassed("Variasi data ke : " + no): Variasi data ke : 148

2022-11-22 15:48:59 - [MESSAGE][PASSED] - Variasi data ke : 148

2022-11-22 15:48:59 - [TEST_STEP][PASSED] - req_data = sendRequest(findTestObject("Search_ME", ["MID":MID, "source":source, "ip":ip, "userid":userid, "branch":branch, "tipekons":tipekons, "marital":marital, "penjamin":penjamin, ... ])): Send request successfully

2022-11-22 15:49:00 - [MESSAGE][INFO] - HAR: D:\DMS\Engine Scoring\Reports\20221122_153620\Exclude KKB - DS\Scoring Individu - Used\20221122_153620\requests\main\294.har

2022-11-22 15:49:00 - [MESSAGE][PASSED] - Send request successfully

2022-11-22 15:49:00 - [TEST_STEP][PASSED] - slurper = new groovy.json.JsonSlurper(): null

2022-11-22 15:49:00 - [TEST_STEP][PASSED] - result = slurper.parseText(req_data.getResponseBodyContent()): null

2022-11-22 15:49:00 - [TEST_STEP][PASSED] - reqid_kons = requestid1: null

2022-11-22 15:49:00 - [TEST_STEP][PASSED] - reqid_spouse = requestid2: null

2022-11-22 15:49:00 - [TEST_STEP][PASSED] - println("requestid kons : " + reqid_kons): null

2022-11-22 15:49:00 - [TEST_STEP][PASSED] - response_searchME_kons = reqid_kons: null

2022-11-22 15:49:00 - [TEST_STEP][PASSED] - response_searchME_spouse = reqid_spouse: null

2022-11-22 15:49:00 - [TEST_STEP][PASSED] - println("kons req id is :" + response_searchME_kons): null

2022-11-22 15:49:00 - [TEST_STEP][PASSED] - println("spouse req id is : " + response_searchME_spouse): null

2022-11-22 15:49:00 - [TEST_STEP][PASSED] - verifyResponseStatusCode(req_data, 200): Verify response status code successfully

2022-11-22 15:49:00 - [MESSAGE][PASSED] - Verify response status code successfully

2022-11-22 15:49:00 - [TEST_STEP][PASSED] - response = req_data.getResponseText(): null

2022-11-22 15:49:00 - [TEST_STEP][PASSED] - logInfo($response): {"status":"Done","data":{"requestid1":"241980","requestid2":""}}

2022-11-22 15:49:00 - [MESSAGE][INFO] - {"status":"Done","data":{"requestid1":"241980","requestid2":""}}

2022-11-22 15:49:00 - [TEST_STEP][PASSED] - delay(3): Delayed 3 second(s)

2022-11-22 15:49:03 - [MESSAGE][PASSED] - Delayed 3 second(s)

2022-11-22 15:49:03 - [TEST_STEP][PASSED] - scoring = sendRequest(findTestObject("EngineScore", ["response_searchME_kons":response_searchME_kons, "response_searchME_spouse":response_searchME_spouse])): Send request successfully

2022-11-22 15:49:04 - [MESSAGE][INFO] - HAR: D:\DMS\Engine Scoring\Reports\20221122_153620\Exclude KKB - DS\Scoring Individu - Used\20221122_153620\requests\main\295.har

2022-11-22 15:49:04 - [MESSAGE][PASSED] - Send request successfully

2022-11-22 15:49:04 - [TEST_STEP][PASSED] - verifyResponseStatusCode(scoring, 200): Verify response status code successfully

2022-11-22 15:49:04 - [MESSAGE][PASSED] - Verify response status code successfully

2022-11-22 15:49:04 - [TEST_STEP][PASSED] - response2 = scoring.getResponseText(): null

2022-11-22 15:49:04 - [TEST_STEP][PASSED] - markPassed("result service data ke : " + no): result service data ke : 148

2022-11-22 15:49:04 - [MESSAGE][PASSED] - result service data ke : 148

2022-11-22 15:49:04 - [TEST_STEP][PASSED] - logInfo($response2): {"result_konsumen":"Approve","result_pasangan":"","Final_result":"Approve","errorMessage":"","status":"Done"}

2022-11-22 15:49:04 - [MESSAGE][INFO] - {"result_konsumen":"Approve","result_pasangan":"","Final_result":"Approve","errorMessage":"","status":"Done"}

2022-11-22 15:49:04 - [TEST_STEP][PASSED] - verifyElementPropertyValue(scoring, "Final_result", final_result): Verify element property value successfully

2022-11-22 15:49:04 - [MESSAGE][PASSED] - Verify element property value successfully]]></system-out>
         <system-err><![CDATA[]]></system-err>
      </testcase>
      <testcase name="Test Cases/Engine_Scoring/Engine Scoring" time="5.503" classname="Test Cases/Engine_Scoring/Engine Scoring" status="PASSED">
         <system-out><![CDATA[2022-11-22 15:49:04 - [TEST_CASE][PASSED] - Test Cases/Engine_Scoring/Engine Scoring: Test Cases/Engine_Scoring/Engine Scoring

2022-11-22 15:49:05 - [TEST_STEP][PASSED] - markPassed("Variasi data ke : " + no): Variasi data ke : 149

2022-11-22 15:49:05 - [MESSAGE][PASSED] - Variasi data ke : 149

2022-11-22 15:49:05 - [TEST_STEP][PASSED] - req_data = sendRequest(findTestObject("Search_ME", ["MID":MID, "source":source, "ip":ip, "userid":userid, "branch":branch, "tipekons":tipekons, "marital":marital, "penjamin":penjamin, ... ])): Send request successfully

2022-11-22 15:49:06 - [MESSAGE][INFO] - HAR: D:\DMS\Engine Scoring\Reports\20221122_153620\Exclude KKB - DS\Scoring Individu - Used\20221122_153620\requests\main\296.har

2022-11-22 15:49:06 - [MESSAGE][PASSED] - Send request successfully

2022-11-22 15:49:06 - [TEST_STEP][PASSED] - slurper = new groovy.json.JsonSlurper(): null

2022-11-22 15:49:06 - [TEST_STEP][PASSED] - result = slurper.parseText(req_data.getResponseBodyContent()): null

2022-11-22 15:49:06 - [TEST_STEP][PASSED] - reqid_kons = requestid1: null

2022-11-22 15:49:06 - [TEST_STEP][PASSED] - reqid_spouse = requestid2: null

2022-11-22 15:49:06 - [TEST_STEP][PASSED] - println("requestid kons : " + reqid_kons): null

2022-11-22 15:49:06 - [TEST_STEP][PASSED] - response_searchME_kons = reqid_kons: null

2022-11-22 15:49:06 - [TEST_STEP][PASSED] - response_searchME_spouse = reqid_spouse: null

2022-11-22 15:49:06 - [TEST_STEP][PASSED] - println("kons req id is :" + response_searchME_kons): null

2022-11-22 15:49:06 - [TEST_STEP][PASSED] - println("spouse req id is : " + response_searchME_spouse): null

2022-11-22 15:49:06 - [TEST_STEP][PASSED] - verifyResponseStatusCode(req_data, 200): Verify response status code successfully

2022-11-22 15:49:06 - [MESSAGE][PASSED] - Verify response status code successfully

2022-11-22 15:49:06 - [TEST_STEP][PASSED] - response = req_data.getResponseText(): null

2022-11-22 15:49:06 - [TEST_STEP][PASSED] - logInfo($response): {"status":"Done","data":{"requestid1":"241981","requestid2":""}}

2022-11-22 15:49:06 - [MESSAGE][INFO] - {"status":"Done","data":{"requestid1":"241981","requestid2":""}}

2022-11-22 15:49:06 - [TEST_STEP][PASSED] - delay(3): Delayed 3 second(s)

2022-11-22 15:49:09 - [MESSAGE][PASSED] - Delayed 3 second(s)

2022-11-22 15:49:09 - [TEST_STEP][PASSED] - scoring = sendRequest(findTestObject("EngineScore", ["response_searchME_kons":response_searchME_kons, "response_searchME_spouse":response_searchME_spouse])): Send request successfully

2022-11-22 15:49:09 - [MESSAGE][INFO] - HAR: D:\DMS\Engine Scoring\Reports\20221122_153620\Exclude KKB - DS\Scoring Individu - Used\20221122_153620\requests\main\297.har

2022-11-22 15:49:09 - [MESSAGE][PASSED] - Send request successfully

2022-11-22 15:49:09 - [TEST_STEP][PASSED] - verifyResponseStatusCode(scoring, 200): Verify response status code successfully

2022-11-22 15:49:09 - [MESSAGE][PASSED] - Verify response status code successfully

2022-11-22 15:49:09 - [TEST_STEP][PASSED] - response2 = scoring.getResponseText(): null

2022-11-22 15:49:09 - [TEST_STEP][PASSED] - markPassed("result service data ke : " + no): result service data ke : 149

2022-11-22 15:49:09 - [MESSAGE][PASSED] - result service data ke : 149

2022-11-22 15:49:09 - [TEST_STEP][PASSED] - logInfo($response2): {"result_konsumen":"Reject","result_pasangan":"","Final_result":"Reject","errorMessage":"","status":"Done"}

2022-11-22 15:49:09 - [MESSAGE][INFO] - {"result_konsumen":"Reject","result_pasangan":"","Final_result":"Reject","errorMessage":"","status":"Done"}

2022-11-22 15:49:09 - [TEST_STEP][PASSED] - verifyElementPropertyValue(scoring, "Final_result", final_result): Verify element property value successfully

2022-11-22 15:49:09 - [MESSAGE][PASSED] - Verify element property value successfully]]></system-out>
         <system-err><![CDATA[]]></system-err>
      </testcase>
      <testcase name="Test Cases/Engine_Scoring/Engine Scoring" time="5.246" classname="Test Cases/Engine_Scoring/Engine Scoring" status="PASSED">
         <system-out><![CDATA[2022-11-22 15:49:09 - [TEST_CASE][PASSED] - Test Cases/Engine_Scoring/Engine Scoring: Test Cases/Engine_Scoring/Engine Scoring

2022-11-22 15:49:10 - [TEST_STEP][PASSED] - markPassed("Variasi data ke : " + no): Variasi data ke : 150

2022-11-22 15:49:10 - [MESSAGE][PASSED] - Variasi data ke : 150

2022-11-22 15:49:10 - [TEST_STEP][PASSED] - req_data = sendRequest(findTestObject("Search_ME", ["MID":MID, "source":source, "ip":ip, "userid":userid, "branch":branch, "tipekons":tipekons, "marital":marital, "penjamin":penjamin, ... ])): Send request successfully

2022-11-22 15:49:11 - [MESSAGE][INFO] - HAR: D:\DMS\Engine Scoring\Reports\20221122_153620\Exclude KKB - DS\Scoring Individu - Used\20221122_153620\requests\main\298.har

2022-11-22 15:49:11 - [MESSAGE][PASSED] - Send request successfully

2022-11-22 15:49:11 - [TEST_STEP][PASSED] - slurper = new groovy.json.JsonSlurper(): null

2022-11-22 15:49:11 - [TEST_STEP][PASSED] - result = slurper.parseText(req_data.getResponseBodyContent()): null

2022-11-22 15:49:11 - [TEST_STEP][PASSED] - reqid_kons = requestid1: null

2022-11-22 15:49:11 - [TEST_STEP][PASSED] - reqid_spouse = requestid2: null

2022-11-22 15:49:11 - [TEST_STEP][PASSED] - println("requestid kons : " + reqid_kons): null

2022-11-22 15:49:11 - [TEST_STEP][PASSED] - response_searchME_kons = reqid_kons: null

2022-11-22 15:49:11 - [TEST_STEP][PASSED] - response_searchME_spouse = reqid_spouse: null

2022-11-22 15:49:11 - [TEST_STEP][PASSED] - println("kons req id is :" + response_searchME_kons): null

2022-11-22 15:49:11 - [TEST_STEP][PASSED] - println("spouse req id is : " + response_searchME_spouse): null

2022-11-22 15:49:11 - [TEST_STEP][PASSED] - verifyResponseStatusCode(req_data, 200): Verify response status code successfully

2022-11-22 15:49:11 - [MESSAGE][PASSED] - Verify response status code successfully

2022-11-22 15:49:11 - [TEST_STEP][PASSED] - response = req_data.getResponseText(): null

2022-11-22 15:49:11 - [TEST_STEP][PASSED] - logInfo($response): {"status":"Done","data":{"requestid1":"241982","requestid2":""}}

2022-11-22 15:49:11 - [MESSAGE][INFO] - {"status":"Done","data":{"requestid1":"241982","requestid2":""}}

2022-11-22 15:49:11 - [TEST_STEP][PASSED] - delay(3): Delayed 3 second(s)

2022-11-22 15:49:14 - [MESSAGE][PASSED] - Delayed 3 second(s)

2022-11-22 15:49:14 - [TEST_STEP][PASSED] - scoring = sendRequest(findTestObject("EngineScore", ["response_searchME_kons":response_searchME_kons, "response_searchME_spouse":response_searchME_spouse])): Send request successfully

2022-11-22 15:49:14 - [MESSAGE][INFO] - HAR: D:\DMS\Engine Scoring\Reports\20221122_153620\Exclude KKB - DS\Scoring Individu - Used\20221122_153620\requests\main\299.har

2022-11-22 15:49:14 - [MESSAGE][PASSED] - Send request successfully

2022-11-22 15:49:14 - [TEST_STEP][PASSED] - verifyResponseStatusCode(scoring, 200): Verify response status code successfully

2022-11-22 15:49:14 - [MESSAGE][PASSED] - Verify response status code successfully

2022-11-22 15:49:14 - [TEST_STEP][PASSED] - response2 = scoring.getResponseText(): null

2022-11-22 15:49:14 - [TEST_STEP][PASSED] - markPassed("result service data ke : " + no): result service data ke : 150

2022-11-22 15:49:14 - [MESSAGE][PASSED] - result service data ke : 150

2022-11-22 15:49:14 - [TEST_STEP][PASSED] - logInfo($response2): {"result_konsumen":"Reject","result_pasangan":"","Final_result":"Reject","errorMessage":"","status":"Done"}

2022-11-22 15:49:14 - [MESSAGE][INFO] - {"result_konsumen":"Reject","result_pasangan":"","Final_result":"Reject","errorMessage":"","status":"Done"}

2022-11-22 15:49:14 - [TEST_STEP][PASSED] - verifyElementPropertyValue(scoring, "Final_result", final_result): Verify element property value successfully

2022-11-22 15:49:14 - [MESSAGE][PASSED] - Verify element property value successfully]]></system-out>
         <system-err><![CDATA[]]></system-err>
      </testcase>
      <testcase name="Test Cases/Engine_Scoring/Engine Scoring" time="19.021" classname="Test Cases/Engine_Scoring/Engine Scoring" status="PASSED">
         <system-out><![CDATA[2022-11-22 15:49:14 - [TEST_CASE][PASSED] - Test Cases/Engine_Scoring/Engine Scoring: Test Cases/Engine_Scoring/Engine Scoring

2022-11-22 15:49:29 - [TEST_STEP][PASSED] - markPassed("Variasi data ke : " + no): Variasi data ke : 151

2022-11-22 15:49:29 - [MESSAGE][PASSED] - Variasi data ke : 151

2022-11-22 15:49:29 - [TEST_STEP][PASSED] - req_data = sendRequest(findTestObject("Search_ME", ["MID":MID, "source":source, "ip":ip, "userid":userid, "branch":branch, "tipekons":tipekons, "marital":marital, "penjamin":penjamin, ... ])): Send request successfully

2022-11-22 15:49:30 - [MESSAGE][INFO] - HAR: D:\DMS\Engine Scoring\Reports\20221122_153620\Exclude KKB - DS\Scoring Individu - Used\20221122_153620\requests\main\300.har

2022-11-22 15:49:30 - [MESSAGE][PASSED] - Send request successfully

2022-11-22 15:49:30 - [TEST_STEP][PASSED] - slurper = new groovy.json.JsonSlurper(): null

2022-11-22 15:49:30 - [TEST_STEP][PASSED] - result = slurper.parseText(req_data.getResponseBodyContent()): null

2022-11-22 15:49:30 - [TEST_STEP][PASSED] - reqid_kons = requestid1: null

2022-11-22 15:49:30 - [TEST_STEP][PASSED] - reqid_spouse = requestid2: null

2022-11-22 15:49:30 - [TEST_STEP][PASSED] - println("requestid kons : " + reqid_kons): null

2022-11-22 15:49:30 - [TEST_STEP][PASSED] - response_searchME_kons = reqid_kons: null

2022-11-22 15:49:30 - [TEST_STEP][PASSED] - response_searchME_spouse = reqid_spouse: null

2022-11-22 15:49:30 - [TEST_STEP][PASSED] - println("kons req id is :" + response_searchME_kons): null

2022-11-22 15:49:30 - [TEST_STEP][PASSED] - println("spouse req id is : " + response_searchME_spouse): null

2022-11-22 15:49:30 - [TEST_STEP][PASSED] - verifyResponseStatusCode(req_data, 200): Verify response status code successfully

2022-11-22 15:49:30 - [MESSAGE][PASSED] - Verify response status code successfully

2022-11-22 15:49:30 - [TEST_STEP][PASSED] - response = req_data.getResponseText(): null

2022-11-22 15:49:30 - [TEST_STEP][PASSED] - logInfo($response): {"status":"Done","data":{"requestid1":"241983","requestid2":""}}

2022-11-22 15:49:30 - [MESSAGE][INFO] - {"status":"Done","data":{"requestid1":"241983","requestid2":""}}

2022-11-22 15:49:30 - [TEST_STEP][PASSED] - delay(3): Delayed 3 second(s)

2022-11-22 15:49:33 - [MESSAGE][PASSED] - Delayed 3 second(s)

2022-11-22 15:49:33 - [TEST_STEP][PASSED] - scoring = sendRequest(findTestObject("EngineScore", ["response_searchME_kons":response_searchME_kons, "response_searchME_spouse":response_searchME_spouse])): Send request successfully

2022-11-22 15:49:33 - [MESSAGE][INFO] - HAR: D:\DMS\Engine Scoring\Reports\20221122_153620\Exclude KKB - DS\Scoring Individu - Used\20221122_153620\requests\main\301.har

2022-11-22 15:49:33 - [MESSAGE][PASSED] - Send request successfully

2022-11-22 15:49:33 - [TEST_STEP][PASSED] - verifyResponseStatusCode(scoring, 200): Verify response status code successfully

2022-11-22 15:49:33 - [MESSAGE][PASSED] - Verify response status code successfully

2022-11-22 15:49:33 - [TEST_STEP][PASSED] - response2 = scoring.getResponseText(): null

2022-11-22 15:49:33 - [TEST_STEP][PASSED] - markPassed("result service data ke : " + no): result service data ke : 151

2022-11-22 15:49:33 - [MESSAGE][PASSED] - result service data ke : 151

2022-11-22 15:49:33 - [TEST_STEP][PASSED] - logInfo($response2): {"result_konsumen":"Reject","result_pasangan":"","Final_result":"Reject","errorMessage":"","status":"Done"}

2022-11-22 15:49:33 - [MESSAGE][INFO] - {"result_konsumen":"Reject","result_pasangan":"","Final_result":"Reject","errorMessage":"","status":"Done"}

2022-11-22 15:49:33 - [TEST_STEP][PASSED] - verifyElementPropertyValue(scoring, "Final_result", final_result): Verify element property value successfully

2022-11-22 15:49:34 - [MESSAGE][PASSED] - Verify element property value successfully]]></system-out>
         <system-err><![CDATA[]]></system-err>
      </testcase>
      <testcase name="Test Cases/Engine_Scoring/Engine Scoring" time="5.365" classname="Test Cases/Engine_Scoring/Engine Scoring" status="PASSED">
         <system-out><![CDATA[2022-11-22 15:49:34 - [TEST_CASE][PASSED] - Test Cases/Engine_Scoring/Engine Scoring: Test Cases/Engine_Scoring/Engine Scoring

2022-11-22 15:49:35 - [TEST_STEP][PASSED] - markPassed("Variasi data ke : " + no): Variasi data ke : 152

2022-11-22 15:49:35 - [MESSAGE][PASSED] - Variasi data ke : 152

2022-11-22 15:49:35 - [TEST_STEP][PASSED] - req_data = sendRequest(findTestObject("Search_ME", ["MID":MID, "source":source, "ip":ip, "userid":userid, "branch":branch, "tipekons":tipekons, "marital":marital, "penjamin":penjamin, ... ])): Send request successfully

2022-11-22 15:49:36 - [MESSAGE][INFO] - HAR: D:\DMS\Engine Scoring\Reports\20221122_153620\Exclude KKB - DS\Scoring Individu - Used\20221122_153620\requests\main\302.har

2022-11-22 15:49:36 - [MESSAGE][PASSED] - Send request successfully

2022-11-22 15:49:36 - [TEST_STEP][PASSED] - slurper = new groovy.json.JsonSlurper(): null

2022-11-22 15:49:36 - [TEST_STEP][PASSED] - result = slurper.parseText(req_data.getResponseBodyContent()): null

2022-11-22 15:49:36 - [TEST_STEP][PASSED] - reqid_kons = requestid1: null

2022-11-22 15:49:36 - [TEST_STEP][PASSED] - reqid_spouse = requestid2: null

2022-11-22 15:49:36 - [TEST_STEP][PASSED] - println("requestid kons : " + reqid_kons): null

2022-11-22 15:49:36 - [TEST_STEP][PASSED] - response_searchME_kons = reqid_kons: null

2022-11-22 15:49:36 - [TEST_STEP][PASSED] - response_searchME_spouse = reqid_spouse: null

2022-11-22 15:49:36 - [TEST_STEP][PASSED] - println("kons req id is :" + response_searchME_kons): null

2022-11-22 15:49:36 - [TEST_STEP][PASSED] - println("spouse req id is : " + response_searchME_spouse): null

2022-11-22 15:49:36 - [TEST_STEP][PASSED] - verifyResponseStatusCode(req_data, 200): Verify response status code successfully

2022-11-22 15:49:36 - [MESSAGE][PASSED] - Verify response status code successfully

2022-11-22 15:49:36 - [TEST_STEP][PASSED] - response = req_data.getResponseText(): null

2022-11-22 15:49:36 - [TEST_STEP][PASSED] - logInfo($response): {"status":"Done","data":{"requestid1":"241984","requestid2":""}}

2022-11-22 15:49:36 - [MESSAGE][INFO] - {"status":"Done","data":{"requestid1":"241984","requestid2":""}}

2022-11-22 15:49:36 - [TEST_STEP][PASSED] - delay(3): Delayed 3 second(s)

2022-11-22 15:49:39 - [MESSAGE][PASSED] - Delayed 3 second(s)

2022-11-22 15:49:39 - [TEST_STEP][PASSED] - scoring = sendRequest(findTestObject("EngineScore", ["response_searchME_kons":response_searchME_kons, "response_searchME_spouse":response_searchME_spouse])): Send request successfully

2022-11-22 15:49:39 - [MESSAGE][INFO] - HAR: D:\DMS\Engine Scoring\Reports\20221122_153620\Exclude KKB - DS\Scoring Individu - Used\20221122_153620\requests\main\303.har

2022-11-22 15:49:39 - [MESSAGE][PASSED] - Send request successfully

2022-11-22 15:49:39 - [TEST_STEP][PASSED] - verifyResponseStatusCode(scoring, 200): Verify response status code successfully

2022-11-22 15:49:39 - [MESSAGE][PASSED] - Verify response status code successfully

2022-11-22 15:49:39 - [TEST_STEP][PASSED] - response2 = scoring.getResponseText(): null

2022-11-22 15:49:39 - [TEST_STEP][PASSED] - markPassed("result service data ke : " + no): result service data ke : 152

2022-11-22 15:49:39 - [MESSAGE][PASSED] - result service data ke : 152

2022-11-22 15:49:39 - [TEST_STEP][PASSED] - logInfo($response2): {"result_konsumen":"Reject","result_pasangan":"","Final_result":"Reject","errorMessage":"","status":"Done"}

2022-11-22 15:49:39 - [MESSAGE][INFO] - {"result_konsumen":"Reject","result_pasangan":"","Final_result":"Reject","errorMessage":"","status":"Done"}

2022-11-22 15:49:39 - [TEST_STEP][PASSED] - verifyElementPropertyValue(scoring, "Final_result", final_result): Verify element property value successfully

2022-11-22 15:49:39 - [MESSAGE][PASSED] - Verify element property value successfully]]></system-out>
         <system-err><![CDATA[]]></system-err>
      </testcase>
      <testcase name="Test Cases/Engine_Scoring/Engine Scoring" time="5.55" classname="Test Cases/Engine_Scoring/Engine Scoring" status="PASSED">
         <system-out><![CDATA[2022-11-22 15:49:39 - [TEST_CASE][PASSED] - Test Cases/Engine_Scoring/Engine Scoring: Test Cases/Engine_Scoring/Engine Scoring

2022-11-22 15:49:40 - [TEST_STEP][PASSED] - markPassed("Variasi data ke : " + no): Variasi data ke : 153

2022-11-22 15:49:40 - [MESSAGE][PASSED] - Variasi data ke : 153

2022-11-22 15:49:40 - [TEST_STEP][PASSED] - req_data = sendRequest(findTestObject("Search_ME", ["MID":MID, "source":source, "ip":ip, "userid":userid, "branch":branch, "tipekons":tipekons, "marital":marital, "penjamin":penjamin, ... ])): Send request successfully

2022-11-22 15:49:41 - [MESSAGE][INFO] - HAR: D:\DMS\Engine Scoring\Reports\20221122_153620\Exclude KKB - DS\Scoring Individu - Used\20221122_153620\requests\main\304.har

2022-11-22 15:49:41 - [MESSAGE][PASSED] - Send request successfully

2022-11-22 15:49:41 - [TEST_STEP][PASSED] - slurper = new groovy.json.JsonSlurper(): null

2022-11-22 15:49:41 - [TEST_STEP][PASSED] - result = slurper.parseText(req_data.getResponseBodyContent()): null

2022-11-22 15:49:41 - [TEST_STEP][PASSED] - reqid_kons = requestid1: null

2022-11-22 15:49:41 - [TEST_STEP][PASSED] - reqid_spouse = requestid2: null

2022-11-22 15:49:41 - [TEST_STEP][PASSED] - println("requestid kons : " + reqid_kons): null

2022-11-22 15:49:41 - [TEST_STEP][PASSED] - response_searchME_kons = reqid_kons: null

2022-11-22 15:49:41 - [TEST_STEP][PASSED] - response_searchME_spouse = reqid_spouse: null

2022-11-22 15:49:41 - [TEST_STEP][PASSED] - println("kons req id is :" + response_searchME_kons): null

2022-11-22 15:49:41 - [TEST_STEP][PASSED] - println("spouse req id is : " + response_searchME_spouse): null

2022-11-22 15:49:41 - [TEST_STEP][PASSED] - verifyResponseStatusCode(req_data, 200): Verify response status code successfully

2022-11-22 15:49:41 - [MESSAGE][PASSED] - Verify response status code successfully

2022-11-22 15:49:41 - [TEST_STEP][PASSED] - response = req_data.getResponseText(): null

2022-11-22 15:49:41 - [TEST_STEP][PASSED] - logInfo($response): {"status":"Done","data":{"requestid1":"241985","requestid2":""}}

2022-11-22 15:49:41 - [MESSAGE][INFO] - {"status":"Done","data":{"requestid1":"241985","requestid2":""}}

2022-11-22 15:49:41 - [TEST_STEP][PASSED] - delay(3): Delayed 3 second(s)

2022-11-22 15:49:44 - [MESSAGE][PASSED] - Delayed 3 second(s)

2022-11-22 15:49:44 - [TEST_STEP][PASSED] - scoring = sendRequest(findTestObject("EngineScore", ["response_searchME_kons":response_searchME_kons, "response_searchME_spouse":response_searchME_spouse])): Send request successfully

2022-11-22 15:49:45 - [MESSAGE][INFO] - HAR: D:\DMS\Engine Scoring\Reports\20221122_153620\Exclude KKB - DS\Scoring Individu - Used\20221122_153620\requests\main\305.har

2022-11-22 15:49:45 - [MESSAGE][PASSED] - Send request successfully

2022-11-22 15:49:45 - [TEST_STEP][PASSED] - verifyResponseStatusCode(scoring, 200): Verify response status code successfully

2022-11-22 15:49:45 - [MESSAGE][PASSED] - Verify response status code successfully

2022-11-22 15:49:45 - [TEST_STEP][PASSED] - response2 = scoring.getResponseText(): null

2022-11-22 15:49:45 - [TEST_STEP][PASSED] - markPassed("result service data ke : " + no): result service data ke : 153

2022-11-22 15:49:45 - [MESSAGE][PASSED] - result service data ke : 153

2022-11-22 15:49:45 - [TEST_STEP][PASSED] - logInfo($response2): {"result_konsumen":"Reject","result_pasangan":"","Final_result":"Reject","errorMessage":"","status":"Done"}

2022-11-22 15:49:45 - [MESSAGE][INFO] - {"result_konsumen":"Reject","result_pasangan":"","Final_result":"Reject","errorMessage":"","status":"Done"}

2022-11-22 15:49:45 - [TEST_STEP][PASSED] - verifyElementPropertyValue(scoring, "Final_result", final_result): Verify element property value successfully

2022-11-22 15:49:45 - [MESSAGE][PASSED] - Verify element property value successfully]]></system-out>
         <system-err><![CDATA[]]></system-err>
      </testcase>
      <testcase name="Test Cases/Engine_Scoring/Engine Scoring" time="5.342" classname="Test Cases/Engine_Scoring/Engine Scoring" status="PASSED">
         <system-out><![CDATA[2022-11-22 15:49:45 - [TEST_CASE][PASSED] - Test Cases/Engine_Scoring/Engine Scoring: Test Cases/Engine_Scoring/Engine Scoring

2022-11-22 15:49:46 - [TEST_STEP][PASSED] - markPassed("Variasi data ke : " + no): Variasi data ke : 154

2022-11-22 15:49:46 - [MESSAGE][PASSED] - Variasi data ke : 154

2022-11-22 15:49:46 - [TEST_STEP][PASSED] - req_data = sendRequest(findTestObject("Search_ME", ["MID":MID, "source":source, "ip":ip, "userid":userid, "branch":branch, "tipekons":tipekons, "marital":marital, "penjamin":penjamin, ... ])): Send request successfully

2022-11-22 15:49:47 - [MESSAGE][INFO] - HAR: D:\DMS\Engine Scoring\Reports\20221122_153620\Exclude KKB - DS\Scoring Individu - Used\20221122_153620\requests\main\306.har

2022-11-22 15:49:47 - [MESSAGE][PASSED] - Send request successfully

2022-11-22 15:49:47 - [TEST_STEP][PASSED] - slurper = new groovy.json.JsonSlurper(): null

2022-11-22 15:49:47 - [TEST_STEP][PASSED] - result = slurper.parseText(req_data.getResponseBodyContent()): null

2022-11-22 15:49:47 - [TEST_STEP][PASSED] - reqid_kons = requestid1: null

2022-11-22 15:49:47 - [TEST_STEP][PASSED] - reqid_spouse = requestid2: null

2022-11-22 15:49:47 - [TEST_STEP][PASSED] - println("requestid kons : " + reqid_kons): null

2022-11-22 15:49:47 - [TEST_STEP][PASSED] - response_searchME_kons = reqid_kons: null

2022-11-22 15:49:47 - [TEST_STEP][PASSED] - response_searchME_spouse = reqid_spouse: null

2022-11-22 15:49:47 - [TEST_STEP][PASSED] - println("kons req id is :" + response_searchME_kons): null

2022-11-22 15:49:47 - [TEST_STEP][PASSED] - println("spouse req id is : " + response_searchME_spouse): null

2022-11-22 15:49:47 - [TEST_STEP][PASSED] - verifyResponseStatusCode(req_data, 200): Verify response status code successfully

2022-11-22 15:49:47 - [MESSAGE][PASSED] - Verify response status code successfully

2022-11-22 15:49:47 - [TEST_STEP][PASSED] - response = req_data.getResponseText(): null

2022-11-22 15:49:47 - [TEST_STEP][PASSED] - logInfo($response): {"status":"Done","data":{"requestid1":"241986","requestid2":""}}

2022-11-22 15:49:47 - [MESSAGE][INFO] - {"status":"Done","data":{"requestid1":"241986","requestid2":""}}

2022-11-22 15:49:47 - [TEST_STEP][PASSED] - delay(3): Delayed 3 second(s)

2022-11-22 15:49:50 - [MESSAGE][PASSED] - Delayed 3 second(s)

2022-11-22 15:49:50 - [TEST_STEP][PASSED] - scoring = sendRequest(findTestObject("EngineScore", ["response_searchME_kons":response_searchME_kons, "response_searchME_spouse":response_searchME_spouse])): Send request successfully

2022-11-22 15:49:50 - [MESSAGE][INFO] - HAR: D:\DMS\Engine Scoring\Reports\20221122_153620\Exclude KKB - DS\Scoring Individu - Used\20221122_153620\requests\main\307.har

2022-11-22 15:49:50 - [MESSAGE][PASSED] - Send request successfully

2022-11-22 15:49:50 - [TEST_STEP][PASSED] - verifyResponseStatusCode(scoring, 200): Verify response status code successfully

2022-11-22 15:49:50 - [MESSAGE][PASSED] - Verify response status code successfully

2022-11-22 15:49:50 - [TEST_STEP][PASSED] - response2 = scoring.getResponseText(): null

2022-11-22 15:49:50 - [TEST_STEP][PASSED] - markPassed("result service data ke : " + no): result service data ke : 154

2022-11-22 15:49:50 - [MESSAGE][PASSED] - result service data ke : 154

2022-11-22 15:49:50 - [TEST_STEP][PASSED] - logInfo($response2): {"result_konsumen":"Reguler","result_pasangan":"","Final_result":"Reguler","errorMessage":"","status":"Done"}

2022-11-22 15:49:50 - [MESSAGE][INFO] - {"result_konsumen":"Reguler","result_pasangan":"","Final_result":"Reguler","errorMessage":"","status":"Done"}

2022-11-22 15:49:50 - [TEST_STEP][PASSED] - verifyElementPropertyValue(scoring, "Final_result", final_result): Verify element property value successfully

2022-11-22 15:49:50 - [MESSAGE][PASSED] - Verify element property value successfully]]></system-out>
         <system-err><![CDATA[]]></system-err>
      </testcase>
      <testcase name="Test Cases/Engine_Scoring/Engine Scoring" time="5.342" classname="Test Cases/Engine_Scoring/Engine Scoring" status="PASSED">
         <system-out><![CDATA[2022-11-22 15:49:50 - [TEST_CASE][PASSED] - Test Cases/Engine_Scoring/Engine Scoring: Test Cases/Engine_Scoring/Engine Scoring

2022-11-22 15:49:51 - [TEST_STEP][PASSED] - markPassed("Variasi data ke : " + no): Variasi data ke : 155

2022-11-22 15:49:51 - [MESSAGE][PASSED] - Variasi data ke : 155

2022-11-22 15:49:51 - [TEST_STEP][PASSED] - req_data = sendRequest(findTestObject("Search_ME", ["MID":MID, "source":source, "ip":ip, "userid":userid, "branch":branch, "tipekons":tipekons, "marital":marital, "penjamin":penjamin, ... ])): Send request successfully

2022-11-22 15:49:52 - [MESSAGE][INFO] - HAR: D:\DMS\Engine Scoring\Reports\20221122_153620\Exclude KKB - DS\Scoring Individu - Used\20221122_153620\requests\main\308.har

2022-11-22 15:49:52 - [MESSAGE][PASSED] - Send request successfully

2022-11-22 15:49:52 - [TEST_STEP][PASSED] - slurper = new groovy.json.JsonSlurper(): null

2022-11-22 15:49:52 - [TEST_STEP][PASSED] - result = slurper.parseText(req_data.getResponseBodyContent()): null

2022-11-22 15:49:52 - [TEST_STEP][PASSED] - reqid_kons = requestid1: null

2022-11-22 15:49:52 - [TEST_STEP][PASSED] - reqid_spouse = requestid2: null

2022-11-22 15:49:52 - [TEST_STEP][PASSED] - println("requestid kons : " + reqid_kons): null

2022-11-22 15:49:52 - [TEST_STEP][PASSED] - response_searchME_kons = reqid_kons: null

2022-11-22 15:49:52 - [TEST_STEP][PASSED] - response_searchME_spouse = reqid_spouse: null

2022-11-22 15:49:52 - [TEST_STEP][PASSED] - println("kons req id is :" + response_searchME_kons): null

2022-11-22 15:49:52 - [TEST_STEP][PASSED] - println("spouse req id is : " + response_searchME_spouse): null

2022-11-22 15:49:52 - [TEST_STEP][PASSED] - verifyResponseStatusCode(req_data, 200): Verify response status code successfully

2022-11-22 15:49:52 - [MESSAGE][PASSED] - Verify response status code successfully

2022-11-22 15:49:52 - [TEST_STEP][PASSED] - response = req_data.getResponseText(): null

2022-11-22 15:49:52 - [TEST_STEP][PASSED] - logInfo($response): {"status":"Done","data":{"requestid1":"241987","requestid2":""}}

2022-11-22 15:49:52 - [MESSAGE][INFO] - {"status":"Done","data":{"requestid1":"241987","requestid2":""}}

2022-11-22 15:49:52 - [TEST_STEP][PASSED] - delay(3): Delayed 3 second(s)

2022-11-22 15:49:55 - [MESSAGE][PASSED] - Delayed 3 second(s)

2022-11-22 15:49:55 - [TEST_STEP][PASSED] - scoring = sendRequest(findTestObject("EngineScore", ["response_searchME_kons":response_searchME_kons, "response_searchME_spouse":response_searchME_spouse])): Send request successfully

2022-11-22 15:49:55 - [MESSAGE][INFO] - HAR: D:\DMS\Engine Scoring\Reports\20221122_153620\Exclude KKB - DS\Scoring Individu - Used\20221122_153620\requests\main\309.har

2022-11-22 15:49:55 - [MESSAGE][PASSED] - Send request successfully

2022-11-22 15:49:55 - [TEST_STEP][PASSED] - verifyResponseStatusCode(scoring, 200): Verify response status code successfully

2022-11-22 15:49:55 - [MESSAGE][PASSED] - Verify response status code successfully

2022-11-22 15:49:55 - [TEST_STEP][PASSED] - response2 = scoring.getResponseText(): null

2022-11-22 15:49:55 - [TEST_STEP][PASSED] - markPassed("result service data ke : " + no): result service data ke : 155

2022-11-22 15:49:55 - [MESSAGE][PASSED] - result service data ke : 155

2022-11-22 15:49:55 - [TEST_STEP][PASSED] - logInfo($response2): {"result_konsumen":"Reguler","result_pasangan":"","Final_result":"Reguler","errorMessage":"","status":"Done"}

2022-11-22 15:49:55 - [MESSAGE][INFO] - {"result_konsumen":"Reguler","result_pasangan":"","Final_result":"Reguler","errorMessage":"","status":"Done"}

2022-11-22 15:49:55 - [TEST_STEP][PASSED] - verifyElementPropertyValue(scoring, "Final_result", final_result): Verify element property value successfully

2022-11-22 15:49:55 - [MESSAGE][PASSED] - Verify element property value successfully]]></system-out>
         <system-err><![CDATA[]]></system-err>
      </testcase>
      <testcase name="Test Cases/Engine_Scoring/Engine Scoring" time="5.812" classname="Test Cases/Engine_Scoring/Engine Scoring" status="PASSED">
         <system-out><![CDATA[2022-11-22 15:49:55 - [TEST_CASE][PASSED] - Test Cases/Engine_Scoring/Engine Scoring: Test Cases/Engine_Scoring/Engine Scoring

2022-11-22 15:49:57 - [TEST_STEP][PASSED] - markPassed("Variasi data ke : " + no): Variasi data ke : 156

2022-11-22 15:49:57 - [MESSAGE][PASSED] - Variasi data ke : 156

2022-11-22 15:49:57 - [TEST_STEP][PASSED] - req_data = sendRequest(findTestObject("Search_ME", ["MID":MID, "source":source, "ip":ip, "userid":userid, "branch":branch, "tipekons":tipekons, "marital":marital, "penjamin":penjamin, ... ])): Send request successfully

2022-11-22 15:49:58 - [MESSAGE][INFO] - HAR: D:\DMS\Engine Scoring\Reports\20221122_153620\Exclude KKB - DS\Scoring Individu - Used\20221122_153620\requests\main\310.har

2022-11-22 15:49:58 - [MESSAGE][PASSED] - Send request successfully

2022-11-22 15:49:58 - [TEST_STEP][PASSED] - slurper = new groovy.json.JsonSlurper(): null

2022-11-22 15:49:58 - [TEST_STEP][PASSED] - result = slurper.parseText(req_data.getResponseBodyContent()): null

2022-11-22 15:49:58 - [TEST_STEP][PASSED] - reqid_kons = requestid1: null

2022-11-22 15:49:58 - [TEST_STEP][PASSED] - reqid_spouse = requestid2: null

2022-11-22 15:49:58 - [TEST_STEP][PASSED] - println("requestid kons : " + reqid_kons): null

2022-11-22 15:49:58 - [TEST_STEP][PASSED] - response_searchME_kons = reqid_kons: null

2022-11-22 15:49:58 - [TEST_STEP][PASSED] - response_searchME_spouse = reqid_spouse: null

2022-11-22 15:49:58 - [TEST_STEP][PASSED] - println("kons req id is :" + response_searchME_kons): null

2022-11-22 15:49:58 - [TEST_STEP][PASSED] - println("spouse req id is : " + response_searchME_spouse): null

2022-11-22 15:49:58 - [TEST_STEP][PASSED] - verifyResponseStatusCode(req_data, 200): Verify response status code successfully

2022-11-22 15:49:58 - [MESSAGE][PASSED] - Verify response status code successfully

2022-11-22 15:49:58 - [TEST_STEP][PASSED] - response = req_data.getResponseText(): null

2022-11-22 15:49:58 - [TEST_STEP][PASSED] - logInfo($response): {"status":"Done","data":{"requestid1":"241988","requestid2":""}}

2022-11-22 15:49:58 - [MESSAGE][INFO] - {"status":"Done","data":{"requestid1":"241988","requestid2":""}}

2022-11-22 15:49:58 - [TEST_STEP][PASSED] - delay(3): Delayed 3 second(s)

2022-11-22 15:50:01 - [MESSAGE][PASSED] - Delayed 3 second(s)

2022-11-22 15:50:01 - [TEST_STEP][PASSED] - scoring = sendRequest(findTestObject("EngineScore", ["response_searchME_kons":response_searchME_kons, "response_searchME_spouse":response_searchME_spouse])): Send request successfully

2022-11-22 15:50:01 - [MESSAGE][INFO] - HAR: D:\DMS\Engine Scoring\Reports\20221122_153620\Exclude KKB - DS\Scoring Individu - Used\20221122_153620\requests\main\311.har

2022-11-22 15:50:01 - [MESSAGE][PASSED] - Send request successfully

2022-11-22 15:50:01 - [TEST_STEP][PASSED] - verifyResponseStatusCode(scoring, 200): Verify response status code successfully

2022-11-22 15:50:01 - [MESSAGE][PASSED] - Verify response status code successfully

2022-11-22 15:50:01 - [TEST_STEP][PASSED] - response2 = scoring.getResponseText(): null

2022-11-22 15:50:01 - [TEST_STEP][PASSED] - markPassed("result service data ke : " + no): result service data ke : 156

2022-11-22 15:50:01 - [MESSAGE][PASSED] - result service data ke : 156

2022-11-22 15:50:01 - [TEST_STEP][PASSED] - logInfo($response2): {"result_konsumen":"Reguler","result_pasangan":"","Final_result":"Reguler","errorMessage":"","status":"Done"}

2022-11-22 15:50:01 - [MESSAGE][INFO] - {"result_konsumen":"Reguler","result_pasangan":"","Final_result":"Reguler","errorMessage":"","status":"Done"}

2022-11-22 15:50:01 - [TEST_STEP][PASSED] - verifyElementPropertyValue(scoring, "Final_result", final_result): Verify element property value successfully

2022-11-22 15:50:01 - [MESSAGE][PASSED] - Verify element property value successfully]]></system-out>
         <system-err><![CDATA[]]></system-err>
      </testcase>
      <testcase name="Test Cases/Engine_Scoring/Engine Scoring" time="5.354" classname="Test Cases/Engine_Scoring/Engine Scoring" status="PASSED">
         <system-out><![CDATA[2022-11-22 15:50:01 - [TEST_CASE][PASSED] - Test Cases/Engine_Scoring/Engine Scoring: Test Cases/Engine_Scoring/Engine Scoring

2022-11-22 15:50:02 - [TEST_STEP][PASSED] - markPassed("Variasi data ke : " + no): Variasi data ke : 157

2022-11-22 15:50:02 - [MESSAGE][PASSED] - Variasi data ke : 157

2022-11-22 15:50:02 - [TEST_STEP][PASSED] - req_data = sendRequest(findTestObject("Search_ME", ["MID":MID, "source":source, "ip":ip, "userid":userid, "branch":branch, "tipekons":tipekons, "marital":marital, "penjamin":penjamin, ... ])): Send request successfully

2022-11-22 15:50:04 - [MESSAGE][INFO] - HAR: D:\DMS\Engine Scoring\Reports\20221122_153620\Exclude KKB - DS\Scoring Individu - Used\20221122_153620\requests\main\312.har

2022-11-22 15:50:04 - [MESSAGE][PASSED] - Send request successfully

2022-11-22 15:50:04 - [TEST_STEP][PASSED] - slurper = new groovy.json.JsonSlurper(): null

2022-11-22 15:50:04 - [TEST_STEP][PASSED] - result = slurper.parseText(req_data.getResponseBodyContent()): null

2022-11-22 15:50:04 - [TEST_STEP][PASSED] - reqid_kons = requestid1: null

2022-11-22 15:50:04 - [TEST_STEP][PASSED] - reqid_spouse = requestid2: null

2022-11-22 15:50:04 - [TEST_STEP][PASSED] - println("requestid kons : " + reqid_kons): null

2022-11-22 15:50:04 - [TEST_STEP][PASSED] - response_searchME_kons = reqid_kons: null

2022-11-22 15:50:04 - [TEST_STEP][PASSED] - response_searchME_spouse = reqid_spouse: null

2022-11-22 15:50:04 - [TEST_STEP][PASSED] - println("kons req id is :" + response_searchME_kons): null

2022-11-22 15:50:04 - [TEST_STEP][PASSED] - println("spouse req id is : " + response_searchME_spouse): null

2022-11-22 15:50:04 - [TEST_STEP][PASSED] - verifyResponseStatusCode(req_data, 200): Verify response status code successfully

2022-11-22 15:50:04 - [MESSAGE][PASSED] - Verify response status code successfully

2022-11-22 15:50:04 - [TEST_STEP][PASSED] - response = req_data.getResponseText(): null

2022-11-22 15:50:04 - [TEST_STEP][PASSED] - logInfo($response): {"status":"Done","data":{"requestid1":"241989","requestid2":""}}

2022-11-22 15:50:04 - [MESSAGE][INFO] - {"status":"Done","data":{"requestid1":"241989","requestid2":""}}

2022-11-22 15:50:04 - [TEST_STEP][PASSED] - delay(3): Delayed 3 second(s)

2022-11-22 15:50:07 - [MESSAGE][PASSED] - Delayed 3 second(s)

2022-11-22 15:50:07 - [TEST_STEP][PASSED] - scoring = sendRequest(findTestObject("EngineScore", ["response_searchME_kons":response_searchME_kons, "response_searchME_spouse":response_searchME_spouse])): Send request successfully

2022-11-22 15:50:07 - [MESSAGE][INFO] - HAR: D:\DMS\Engine Scoring\Reports\20221122_153620\Exclude KKB - DS\Scoring Individu - Used\20221122_153620\requests\main\313.har

2022-11-22 15:50:07 - [MESSAGE][PASSED] - Send request successfully

2022-11-22 15:50:07 - [TEST_STEP][PASSED] - verifyResponseStatusCode(scoring, 200): Verify response status code successfully

2022-11-22 15:50:07 - [MESSAGE][PASSED] - Verify response status code successfully

2022-11-22 15:50:07 - [TEST_STEP][PASSED] - response2 = scoring.getResponseText(): null

2022-11-22 15:50:07 - [TEST_STEP][PASSED] - markPassed("result service data ke : " + no): result service data ke : 157

2022-11-22 15:50:07 - [MESSAGE][PASSED] - result service data ke : 157

2022-11-22 15:50:07 - [TEST_STEP][PASSED] - logInfo($response2): {"result_konsumen":"Approve","result_pasangan":"","Final_result":"Approve","errorMessage":"","status":"Done"}

2022-11-22 15:50:07 - [MESSAGE][INFO] - {"result_konsumen":"Approve","result_pasangan":"","Final_result":"Approve","errorMessage":"","status":"Done"}

2022-11-22 15:50:07 - [TEST_STEP][PASSED] - verifyElementPropertyValue(scoring, "Final_result", final_result): Verify element property value successfully

2022-11-22 15:50:07 - [MESSAGE][PASSED] - Verify element property value successfully]]></system-out>
         <system-err><![CDATA[]]></system-err>
      </testcase>
      <testcase name="Test Cases/Engine_Scoring/Engine Scoring" time="5.311" classname="Test Cases/Engine_Scoring/Engine Scoring" status="PASSED">
         <system-out><![CDATA[2022-11-22 15:50:07 - [TEST_CASE][PASSED] - Test Cases/Engine_Scoring/Engine Scoring: Test Cases/Engine_Scoring/Engine Scoring

2022-11-22 15:50:08 - [TEST_STEP][PASSED] - markPassed("Variasi data ke : " + no): Variasi data ke : 158

2022-11-22 15:50:08 - [MESSAGE][PASSED] - Variasi data ke : 158

2022-11-22 15:50:08 - [TEST_STEP][PASSED] - req_data = sendRequest(findTestObject("Search_ME", ["MID":MID, "source":source, "ip":ip, "userid":userid, "branch":branch, "tipekons":tipekons, "marital":marital, "penjamin":penjamin, ... ])): Send request successfully

2022-11-22 15:50:09 - [MESSAGE][INFO] - HAR: D:\DMS\Engine Scoring\Reports\20221122_153620\Exclude KKB - DS\Scoring Individu - Used\20221122_153620\requests\main\314.har

2022-11-22 15:50:09 - [MESSAGE][PASSED] - Send request successfully

2022-11-22 15:50:09 - [TEST_STEP][PASSED] - slurper = new groovy.json.JsonSlurper(): null

2022-11-22 15:50:09 - [TEST_STEP][PASSED] - result = slurper.parseText(req_data.getResponseBodyContent()): null

2022-11-22 15:50:09 - [TEST_STEP][PASSED] - reqid_kons = requestid1: null

2022-11-22 15:50:09 - [TEST_STEP][PASSED] - reqid_spouse = requestid2: null

2022-11-22 15:50:09 - [TEST_STEP][PASSED] - println("requestid kons : " + reqid_kons): null

2022-11-22 15:50:09 - [TEST_STEP][PASSED] - response_searchME_kons = reqid_kons: null

2022-11-22 15:50:09 - [TEST_STEP][PASSED] - response_searchME_spouse = reqid_spouse: null

2022-11-22 15:50:09 - [TEST_STEP][PASSED] - println("kons req id is :" + response_searchME_kons): null

2022-11-22 15:50:09 - [TEST_STEP][PASSED] - println("spouse req id is : " + response_searchME_spouse): null

2022-11-22 15:50:09 - [TEST_STEP][PASSED] - verifyResponseStatusCode(req_data, 200): Verify response status code successfully

2022-11-22 15:50:09 - [MESSAGE][PASSED] - Verify response status code successfully

2022-11-22 15:50:09 - [TEST_STEP][PASSED] - response = req_data.getResponseText(): null

2022-11-22 15:50:09 - [TEST_STEP][PASSED] - logInfo($response): {"status":"Done","data":{"requestid1":"241990","requestid2":""}}

2022-11-22 15:50:09 - [MESSAGE][INFO] - {"status":"Done","data":{"requestid1":"241990","requestid2":""}}

2022-11-22 15:50:09 - [TEST_STEP][PASSED] - delay(3): Delayed 3 second(s)

2022-11-22 15:50:12 - [MESSAGE][PASSED] - Delayed 3 second(s)

2022-11-22 15:50:12 - [TEST_STEP][PASSED] - scoring = sendRequest(findTestObject("EngineScore", ["response_searchME_kons":response_searchME_kons, "response_searchME_spouse":response_searchME_spouse])): Send request successfully

2022-11-22 15:50:12 - [MESSAGE][INFO] - HAR: D:\DMS\Engine Scoring\Reports\20221122_153620\Exclude KKB - DS\Scoring Individu - Used\20221122_153620\requests\main\315.har

2022-11-22 15:50:12 - [MESSAGE][PASSED] - Send request successfully

2022-11-22 15:50:12 - [TEST_STEP][PASSED] - verifyResponseStatusCode(scoring, 200): Verify response status code successfully

2022-11-22 15:50:12 - [MESSAGE][PASSED] - Verify response status code successfully

2022-11-22 15:50:12 - [TEST_STEP][PASSED] - response2 = scoring.getResponseText(): null

2022-11-22 15:50:12 - [TEST_STEP][PASSED] - markPassed("result service data ke : " + no): result service data ke : 158

2022-11-22 15:50:12 - [MESSAGE][PASSED] - result service data ke : 158

2022-11-22 15:50:12 - [TEST_STEP][PASSED] - logInfo($response2): {"result_konsumen":"Approve","result_pasangan":"","Final_result":"Approve","errorMessage":"","status":"Done"}

2022-11-22 15:50:12 - [MESSAGE][INFO] - {"result_konsumen":"Approve","result_pasangan":"","Final_result":"Approve","errorMessage":"","status":"Done"}

2022-11-22 15:50:12 - [TEST_STEP][PASSED] - verifyElementPropertyValue(scoring, "Final_result", final_result): Verify element property value successfully

2022-11-22 15:50:12 - [MESSAGE][PASSED] - Verify element property value successfully]]></system-out>
         <system-err><![CDATA[]]></system-err>
      </testcase>
      <testcase name="Test Cases/Engine_Scoring/Engine Scoring" time="5.627" classname="Test Cases/Engine_Scoring/Engine Scoring" status="PASSED">
         <system-out><![CDATA[2022-11-22 15:50:12 - [TEST_CASE][PASSED] - Test Cases/Engine_Scoring/Engine Scoring: Test Cases/Engine_Scoring/Engine Scoring

2022-11-22 15:50:13 - [TEST_STEP][PASSED] - markPassed("Variasi data ke : " + no): Variasi data ke : 159

2022-11-22 15:50:13 - [MESSAGE][PASSED] - Variasi data ke : 159

2022-11-22 15:50:13 - [TEST_STEP][PASSED] - req_data = sendRequest(findTestObject("Search_ME", ["MID":MID, "source":source, "ip":ip, "userid":userid, "branch":branch, "tipekons":tipekons, "marital":marital, "penjamin":penjamin, ... ])): Send request successfully

2022-11-22 15:50:15 - [MESSAGE][INFO] - HAR: D:\DMS\Engine Scoring\Reports\20221122_153620\Exclude KKB - DS\Scoring Individu - Used\20221122_153620\requests\main\316.har

2022-11-22 15:50:15 - [MESSAGE][PASSED] - Send request successfully

2022-11-22 15:50:15 - [TEST_STEP][PASSED] - slurper = new groovy.json.JsonSlurper(): null

2022-11-22 15:50:15 - [TEST_STEP][PASSED] - result = slurper.parseText(req_data.getResponseBodyContent()): null

2022-11-22 15:50:15 - [TEST_STEP][PASSED] - reqid_kons = requestid1: null

2022-11-22 15:50:15 - [TEST_STEP][PASSED] - reqid_spouse = requestid2: null

2022-11-22 15:50:15 - [TEST_STEP][PASSED] - println("requestid kons : " + reqid_kons): null

2022-11-22 15:50:15 - [TEST_STEP][PASSED] - response_searchME_kons = reqid_kons: null

2022-11-22 15:50:15 - [TEST_STEP][PASSED] - response_searchME_spouse = reqid_spouse: null

2022-11-22 15:50:15 - [TEST_STEP][PASSED] - println("kons req id is :" + response_searchME_kons): null

2022-11-22 15:50:15 - [TEST_STEP][PASSED] - println("spouse req id is : " + response_searchME_spouse): null

2022-11-22 15:50:15 - [TEST_STEP][PASSED] - verifyResponseStatusCode(req_data, 200): Verify response status code successfully

2022-11-22 15:50:15 - [MESSAGE][PASSED] - Verify response status code successfully

2022-11-22 15:50:15 - [TEST_STEP][PASSED] - response = req_data.getResponseText(): null

2022-11-22 15:50:15 - [TEST_STEP][PASSED] - logInfo($response): {"status":"Done","data":{"requestid1":"241991","requestid2":""}}

2022-11-22 15:50:15 - [MESSAGE][INFO] - {"status":"Done","data":{"requestid1":"241991","requestid2":""}}

2022-11-22 15:50:15 - [TEST_STEP][PASSED] - delay(3): Delayed 3 second(s)

2022-11-22 15:50:18 - [MESSAGE][PASSED] - Delayed 3 second(s)

2022-11-22 15:50:18 - [TEST_STEP][PASSED] - scoring = sendRequest(findTestObject("EngineScore", ["response_searchME_kons":response_searchME_kons, "response_searchME_spouse":response_searchME_spouse])): Send request successfully

2022-11-22 15:50:18 - [MESSAGE][INFO] - HAR: D:\DMS\Engine Scoring\Reports\20221122_153620\Exclude KKB - DS\Scoring Individu - Used\20221122_153620\requests\main\317.har

2022-11-22 15:50:18 - [MESSAGE][PASSED] - Send request successfully

2022-11-22 15:50:18 - [TEST_STEP][PASSED] - verifyResponseStatusCode(scoring, 200): Verify response status code successfully

2022-11-22 15:50:18 - [MESSAGE][PASSED] - Verify response status code successfully

2022-11-22 15:50:18 - [TEST_STEP][PASSED] - response2 = scoring.getResponseText(): null

2022-11-22 15:50:18 - [TEST_STEP][PASSED] - markPassed("result service data ke : " + no): result service data ke : 159

2022-11-22 15:50:18 - [MESSAGE][PASSED] - result service data ke : 159

2022-11-22 15:50:18 - [TEST_STEP][PASSED] - logInfo($response2): {"result_konsumen":"Approve","result_pasangan":"","Final_result":"Approve","errorMessage":"","status":"Done"}

2022-11-22 15:50:18 - [MESSAGE][INFO] - {"result_konsumen":"Approve","result_pasangan":"","Final_result":"Approve","errorMessage":"","status":"Done"}

2022-11-22 15:50:18 - [TEST_STEP][PASSED] - verifyElementPropertyValue(scoring, "Final_result", final_result): Verify element property value successfully

2022-11-22 15:50:18 - [MESSAGE][PASSED] - Verify element property value successfully]]></system-out>
         <system-err><![CDATA[]]></system-err>
      </testcase>
      <testcase name="Test Cases/Engine_Scoring/Engine Scoring" time="5.641" classname="Test Cases/Engine_Scoring/Engine Scoring" status="PASSED">
         <system-out><![CDATA[2022-11-22 15:50:18 - [TEST_CASE][PASSED] - Test Cases/Engine_Scoring/Engine Scoring: Test Cases/Engine_Scoring/Engine Scoring

2022-11-22 15:50:19 - [TEST_STEP][PASSED] - markPassed("Variasi data ke : " + no): Variasi data ke : 160

2022-11-22 15:50:19 - [MESSAGE][PASSED] - Variasi data ke : 160

2022-11-22 15:50:19 - [TEST_STEP][PASSED] - req_data = sendRequest(findTestObject("Search_ME", ["MID":MID, "source":source, "ip":ip, "userid":userid, "branch":branch, "tipekons":tipekons, "marital":marital, "penjamin":penjamin, ... ])): Send request successfully

2022-11-22 15:50:20 - [MESSAGE][INFO] - HAR: D:\DMS\Engine Scoring\Reports\20221122_153620\Exclude KKB - DS\Scoring Individu - Used\20221122_153620\requests\main\318.har

2022-11-22 15:50:20 - [MESSAGE][PASSED] - Send request successfully

2022-11-22 15:50:20 - [TEST_STEP][PASSED] - slurper = new groovy.json.JsonSlurper(): null

2022-11-22 15:50:20 - [TEST_STEP][PASSED] - result = slurper.parseText(req_data.getResponseBodyContent()): null

2022-11-22 15:50:20 - [TEST_STEP][PASSED] - reqid_kons = requestid1: null

2022-11-22 15:50:20 - [TEST_STEP][PASSED] - reqid_spouse = requestid2: null

2022-11-22 15:50:20 - [TEST_STEP][PASSED] - println("requestid kons : " + reqid_kons): null

2022-11-22 15:50:20 - [TEST_STEP][PASSED] - response_searchME_kons = reqid_kons: null

2022-11-22 15:50:20 - [TEST_STEP][PASSED] - response_searchME_spouse = reqid_spouse: null

2022-11-22 15:50:20 - [TEST_STEP][PASSED] - println("kons req id is :" + response_searchME_kons): null

2022-11-22 15:50:20 - [TEST_STEP][PASSED] - println("spouse req id is : " + response_searchME_spouse): null

2022-11-22 15:50:20 - [TEST_STEP][PASSED] - verifyResponseStatusCode(req_data, 200): Verify response status code successfully

2022-11-22 15:50:20 - [MESSAGE][PASSED] - Verify response status code successfully

2022-11-22 15:50:20 - [TEST_STEP][PASSED] - response = req_data.getResponseText(): null

2022-11-22 15:50:20 - [TEST_STEP][PASSED] - logInfo($response): {"status":"Done","data":{"requestid1":"241992","requestid2":""}}

2022-11-22 15:50:20 - [MESSAGE][INFO] - {"status":"Done","data":{"requestid1":"241992","requestid2":""}}

2022-11-22 15:50:20 - [TEST_STEP][PASSED] - delay(3): Delayed 3 second(s)

2022-11-22 15:50:23 - [MESSAGE][PASSED] - Delayed 3 second(s)

2022-11-22 15:50:23 - [TEST_STEP][PASSED] - scoring = sendRequest(findTestObject("EngineScore", ["response_searchME_kons":response_searchME_kons, "response_searchME_spouse":response_searchME_spouse])): Send request successfully

2022-11-22 15:50:23 - [MESSAGE][INFO] - HAR: D:\DMS\Engine Scoring\Reports\20221122_153620\Exclude KKB - DS\Scoring Individu - Used\20221122_153620\requests\main\319.har

2022-11-22 15:50:23 - [MESSAGE][PASSED] - Send request successfully

2022-11-22 15:50:23 - [TEST_STEP][PASSED] - verifyResponseStatusCode(scoring, 200): Verify response status code successfully

2022-11-22 15:50:23 - [MESSAGE][PASSED] - Verify response status code successfully

2022-11-22 15:50:23 - [TEST_STEP][PASSED] - response2 = scoring.getResponseText(): null

2022-11-22 15:50:23 - [TEST_STEP][PASSED] - markPassed("result service data ke : " + no): result service data ke : 160

2022-11-22 15:50:23 - [MESSAGE][PASSED] - result service data ke : 160

2022-11-22 15:50:23 - [TEST_STEP][PASSED] - logInfo($response2): {"result_konsumen":"Approve","result_pasangan":"","Final_result":"Approve","errorMessage":"","status":"Done"}

2022-11-22 15:50:23 - [MESSAGE][INFO] - {"result_konsumen":"Approve","result_pasangan":"","Final_result":"Approve","errorMessage":"","status":"Done"}

2022-11-22 15:50:23 - [TEST_STEP][PASSED] - verifyElementPropertyValue(scoring, "Final_result", final_result): Verify element property value successfully

2022-11-22 15:50:23 - [MESSAGE][PASSED] - Verify element property value successfully]]></system-out>
         <system-err><![CDATA[]]></system-err>
      </testcase>
      <testcase name="Test Cases/Engine_Scoring/Engine Scoring" time="5.454" classname="Test Cases/Engine_Scoring/Engine Scoring" status="PASSED">
         <system-out><![CDATA[2022-11-22 15:50:23 - [TEST_CASE][PASSED] - Test Cases/Engine_Scoring/Engine Scoring: Test Cases/Engine_Scoring/Engine Scoring

2022-11-22 15:50:25 - [TEST_STEP][PASSED] - markPassed("Variasi data ke : " + no): Variasi data ke : 161

2022-11-22 15:50:25 - [MESSAGE][PASSED] - Variasi data ke : 161

2022-11-22 15:50:25 - [TEST_STEP][PASSED] - req_data = sendRequest(findTestObject("Search_ME", ["MID":MID, "source":source, "ip":ip, "userid":userid, "branch":branch, "tipekons":tipekons, "marital":marital, "penjamin":penjamin, ... ])): Send request successfully

2022-11-22 15:50:26 - [MESSAGE][INFO] - HAR: D:\DMS\Engine Scoring\Reports\20221122_153620\Exclude KKB - DS\Scoring Individu - Used\20221122_153620\requests\main\320.har

2022-11-22 15:50:26 - [MESSAGE][PASSED] - Send request successfully

2022-11-22 15:50:26 - [TEST_STEP][PASSED] - slurper = new groovy.json.JsonSlurper(): null

2022-11-22 15:50:26 - [TEST_STEP][PASSED] - result = slurper.parseText(req_data.getResponseBodyContent()): null

2022-11-22 15:50:26 - [TEST_STEP][PASSED] - reqid_kons = requestid1: null

2022-11-22 15:50:26 - [TEST_STEP][PASSED] - reqid_spouse = requestid2: null

2022-11-22 15:50:26 - [TEST_STEP][PASSED] - println("requestid kons : " + reqid_kons): null

2022-11-22 15:50:26 - [TEST_STEP][PASSED] - response_searchME_kons = reqid_kons: null

2022-11-22 15:50:26 - [TEST_STEP][PASSED] - response_searchME_spouse = reqid_spouse: null

2022-11-22 15:50:26 - [TEST_STEP][PASSED] - println("kons req id is :" + response_searchME_kons): null

2022-11-22 15:50:26 - [TEST_STEP][PASSED] - println("spouse req id is : " + response_searchME_spouse): null

2022-11-22 15:50:26 - [TEST_STEP][PASSED] - verifyResponseStatusCode(req_data, 200): Verify response status code successfully

2022-11-22 15:50:26 - [MESSAGE][PASSED] - Verify response status code successfully

2022-11-22 15:50:26 - [TEST_STEP][PASSED] - response = req_data.getResponseText(): null

2022-11-22 15:50:26 - [TEST_STEP][PASSED] - logInfo($response): {"status":"Done","data":{"requestid1":"241993","requestid2":""}}

2022-11-22 15:50:26 - [MESSAGE][INFO] - {"status":"Done","data":{"requestid1":"241993","requestid2":""}}

2022-11-22 15:50:26 - [TEST_STEP][PASSED] - delay(3): Delayed 3 second(s)

2022-11-22 15:50:29 - [MESSAGE][PASSED] - Delayed 3 second(s)

2022-11-22 15:50:29 - [TEST_STEP][PASSED] - scoring = sendRequest(findTestObject("EngineScore", ["response_searchME_kons":response_searchME_kons, "response_searchME_spouse":response_searchME_spouse])): Send request successfully

2022-11-22 15:50:29 - [MESSAGE][INFO] - HAR: D:\DMS\Engine Scoring\Reports\20221122_153620\Exclude KKB - DS\Scoring Individu - Used\20221122_153620\requests\main\321.har

2022-11-22 15:50:29 - [MESSAGE][PASSED] - Send request successfully

2022-11-22 15:50:29 - [TEST_STEP][PASSED] - verifyResponseStatusCode(scoring, 200): Verify response status code successfully

2022-11-22 15:50:29 - [MESSAGE][PASSED] - Verify response status code successfully

2022-11-22 15:50:29 - [TEST_STEP][PASSED] - response2 = scoring.getResponseText(): null

2022-11-22 15:50:29 - [TEST_STEP][PASSED] - markPassed("result service data ke : " + no): result service data ke : 161

2022-11-22 15:50:29 - [MESSAGE][PASSED] - result service data ke : 161

2022-11-22 15:50:29 - [TEST_STEP][PASSED] - logInfo($response2): {"result_konsumen":"Approve","result_pasangan":"","Final_result":"Approve","errorMessage":"","status":"Done"}

2022-11-22 15:50:29 - [MESSAGE][INFO] - {"result_konsumen":"Approve","result_pasangan":"","Final_result":"Approve","errorMessage":"","status":"Done"}

2022-11-22 15:50:29 - [TEST_STEP][PASSED] - verifyElementPropertyValue(scoring, "Final_result", final_result): Verify element property value successfully

2022-11-22 15:50:29 - [MESSAGE][PASSED] - Verify element property value successfully]]></system-out>
         <system-err><![CDATA[]]></system-err>
      </testcase>
      <testcase name="Test Cases/Engine_Scoring/Engine Scoring" time="5.619" classname="Test Cases/Engine_Scoring/Engine Scoring" status="PASSED">
         <system-out><![CDATA[2022-11-22 15:50:29 - [TEST_CASE][PASSED] - Test Cases/Engine_Scoring/Engine Scoring: Test Cases/Engine_Scoring/Engine Scoring

2022-11-22 15:50:30 - [TEST_STEP][PASSED] - markPassed("Variasi data ke : " + no): Variasi data ke : 162

2022-11-22 15:50:30 - [MESSAGE][PASSED] - Variasi data ke : 162

2022-11-22 15:50:30 - [TEST_STEP][PASSED] - req_data = sendRequest(findTestObject("Search_ME", ["MID":MID, "source":source, "ip":ip, "userid":userid, "branch":branch, "tipekons":tipekons, "marital":marital, "penjamin":penjamin, ... ])): Send request successfully

2022-11-22 15:50:31 - [MESSAGE][INFO] - HAR: D:\DMS\Engine Scoring\Reports\20221122_153620\Exclude KKB - DS\Scoring Individu - Used\20221122_153620\requests\main\322.har

2022-11-22 15:50:31 - [MESSAGE][PASSED] - Send request successfully

2022-11-22 15:50:31 - [TEST_STEP][PASSED] - slurper = new groovy.json.JsonSlurper(): null

2022-11-22 15:50:31 - [TEST_STEP][PASSED] - result = slurper.parseText(req_data.getResponseBodyContent()): null

2022-11-22 15:50:31 - [TEST_STEP][PASSED] - reqid_kons = requestid1: null

2022-11-22 15:50:31 - [TEST_STEP][PASSED] - reqid_spouse = requestid2: null

2022-11-22 15:50:31 - [TEST_STEP][PASSED] - println("requestid kons : " + reqid_kons): null

2022-11-22 15:50:31 - [TEST_STEP][PASSED] - response_searchME_kons = reqid_kons: null

2022-11-22 15:50:31 - [TEST_STEP][PASSED] - response_searchME_spouse = reqid_spouse: null

2022-11-22 15:50:31 - [TEST_STEP][PASSED] - println("kons req id is :" + response_searchME_kons): null

2022-11-22 15:50:31 - [TEST_STEP][PASSED] - println("spouse req id is : " + response_searchME_spouse): null

2022-11-22 15:50:31 - [TEST_STEP][PASSED] - verifyResponseStatusCode(req_data, 200): Verify response status code successfully

2022-11-22 15:50:31 - [MESSAGE][PASSED] - Verify response status code successfully

2022-11-22 15:50:31 - [TEST_STEP][PASSED] - response = req_data.getResponseText(): null

2022-11-22 15:50:31 - [TEST_STEP][PASSED] - logInfo($response): {"status":"Done","data":{"requestid1":"241994","requestid2":""}}

2022-11-22 15:50:31 - [MESSAGE][INFO] - {"status":"Done","data":{"requestid1":"241994","requestid2":""}}

2022-11-22 15:50:31 - [TEST_STEP][PASSED] - delay(3): Delayed 3 second(s)

2022-11-22 15:50:34 - [MESSAGE][PASSED] - Delayed 3 second(s)

2022-11-22 15:50:34 - [TEST_STEP][PASSED] - scoring = sendRequest(findTestObject("EngineScore", ["response_searchME_kons":response_searchME_kons, "response_searchME_spouse":response_searchME_spouse])): Send request successfully

2022-11-22 15:50:35 - [MESSAGE][INFO] - HAR: D:\DMS\Engine Scoring\Reports\20221122_153620\Exclude KKB - DS\Scoring Individu - Used\20221122_153620\requests\main\323.har

2022-11-22 15:50:35 - [MESSAGE][PASSED] - Send request successfully

2022-11-22 15:50:35 - [TEST_STEP][PASSED] - verifyResponseStatusCode(scoring, 200): Verify response status code successfully

2022-11-22 15:50:35 - [MESSAGE][PASSED] - Verify response status code successfully

2022-11-22 15:50:35 - [TEST_STEP][PASSED] - response2 = scoring.getResponseText(): null

2022-11-22 15:50:35 - [TEST_STEP][PASSED] - markPassed("result service data ke : " + no): result service data ke : 162

2022-11-22 15:50:35 - [MESSAGE][PASSED] - result service data ke : 162

2022-11-22 15:50:35 - [TEST_STEP][PASSED] - logInfo($response2): {"result_konsumen":"Approve","result_pasangan":"","Final_result":"Approve","errorMessage":"","status":"Done"}

2022-11-22 15:50:35 - [MESSAGE][INFO] - {"result_konsumen":"Approve","result_pasangan":"","Final_result":"Approve","errorMessage":"","status":"Done"}

2022-11-22 15:50:35 - [TEST_STEP][PASSED] - verifyElementPropertyValue(scoring, "Final_result", final_result): Verify element property value successfully

2022-11-22 15:50:35 - [MESSAGE][PASSED] - Verify element property value successfully]]></system-out>
         <system-err><![CDATA[]]></system-err>
      </testcase>
      <testcase name="Test Cases/Engine_Scoring/Engine Scoring" time="5.319" classname="Test Cases/Engine_Scoring/Engine Scoring" status="PASSED">
         <system-out><![CDATA[2022-11-22 15:50:35 - [TEST_CASE][PASSED] - Test Cases/Engine_Scoring/Engine Scoring: Test Cases/Engine_Scoring/Engine Scoring

2022-11-22 15:50:36 - [TEST_STEP][PASSED] - markPassed("Variasi data ke : " + no): Variasi data ke : 163

2022-11-22 15:50:36 - [MESSAGE][PASSED] - Variasi data ke : 163

2022-11-22 15:50:36 - [TEST_STEP][PASSED] - req_data = sendRequest(findTestObject("Search_ME", ["MID":MID, "source":source, "ip":ip, "userid":userid, "branch":branch, "tipekons":tipekons, "marital":marital, "penjamin":penjamin, ... ])): Send request successfully

2022-11-22 15:50:37 - [MESSAGE][INFO] - HAR: D:\DMS\Engine Scoring\Reports\20221122_153620\Exclude KKB - DS\Scoring Individu - Used\20221122_153620\requests\main\324.har

2022-11-22 15:50:37 - [MESSAGE][PASSED] - Send request successfully

2022-11-22 15:50:37 - [TEST_STEP][PASSED] - slurper = new groovy.json.JsonSlurper(): null

2022-11-22 15:50:37 - [TEST_STEP][PASSED] - result = slurper.parseText(req_data.getResponseBodyContent()): null

2022-11-22 15:50:37 - [TEST_STEP][PASSED] - reqid_kons = requestid1: null

2022-11-22 15:50:37 - [TEST_STEP][PASSED] - reqid_spouse = requestid2: null

2022-11-22 15:50:37 - [TEST_STEP][PASSED] - println("requestid kons : " + reqid_kons): null

2022-11-22 15:50:37 - [TEST_STEP][PASSED] - response_searchME_kons = reqid_kons: null

2022-11-22 15:50:37 - [TEST_STEP][PASSED] - response_searchME_spouse = reqid_spouse: null

2022-11-22 15:50:37 - [TEST_STEP][PASSED] - println("kons req id is :" + response_searchME_kons): null

2022-11-22 15:50:37 - [TEST_STEP][PASSED] - println("spouse req id is : " + response_searchME_spouse): null

2022-11-22 15:50:37 - [TEST_STEP][PASSED] - verifyResponseStatusCode(req_data, 200): Verify response status code successfully

2022-11-22 15:50:37 - [MESSAGE][PASSED] - Verify response status code successfully

2022-11-22 15:50:37 - [TEST_STEP][PASSED] - response = req_data.getResponseText(): null

2022-11-22 15:50:37 - [TEST_STEP][PASSED] - logInfo($response): {"status":"Done","data":{"requestid1":"241995","requestid2":""}}

2022-11-22 15:50:37 - [MESSAGE][INFO] - {"status":"Done","data":{"requestid1":"241995","requestid2":""}}

2022-11-22 15:50:37 - [TEST_STEP][PASSED] - delay(3): Delayed 3 second(s)

2022-11-22 15:50:40 - [MESSAGE][PASSED] - Delayed 3 second(s)

2022-11-22 15:50:40 - [TEST_STEP][PASSED] - scoring = sendRequest(findTestObject("EngineScore", ["response_searchME_kons":response_searchME_kons, "response_searchME_spouse":response_searchME_spouse])): Send request successfully

2022-11-22 15:50:40 - [MESSAGE][INFO] - HAR: D:\DMS\Engine Scoring\Reports\20221122_153620\Exclude KKB - DS\Scoring Individu - Used\20221122_153620\requests\main\325.har

2022-11-22 15:50:40 - [MESSAGE][PASSED] - Send request successfully

2022-11-22 15:50:40 - [TEST_STEP][PASSED] - verifyResponseStatusCode(scoring, 200): Verify response status code successfully

2022-11-22 15:50:40 - [MESSAGE][PASSED] - Verify response status code successfully

2022-11-22 15:50:40 - [TEST_STEP][PASSED] - response2 = scoring.getResponseText(): null

2022-11-22 15:50:40 - [TEST_STEP][PASSED] - markPassed("result service data ke : " + no): result service data ke : 163

2022-11-22 15:50:40 - [MESSAGE][PASSED] - result service data ke : 163

2022-11-22 15:50:40 - [TEST_STEP][PASSED] - logInfo($response2): {"result_konsumen":"Approve","result_pasangan":"","Final_result":"Approve","errorMessage":"","status":"Done"}

2022-11-22 15:50:40 - [MESSAGE][INFO] - {"result_konsumen":"Approve","result_pasangan":"","Final_result":"Approve","errorMessage":"","status":"Done"}

2022-11-22 15:50:40 - [TEST_STEP][PASSED] - verifyElementPropertyValue(scoring, "Final_result", final_result): Verify element property value successfully

2022-11-22 15:50:40 - [MESSAGE][PASSED] - Verify element property value successfully]]></system-out>
         <system-err><![CDATA[]]></system-err>
      </testcase>
      <testcase name="Test Cases/Engine_Scoring/Engine Scoring" time="5.381" classname="Test Cases/Engine_Scoring/Engine Scoring" status="PASSED">
         <system-out><![CDATA[2022-11-22 15:50:40 - [TEST_CASE][PASSED] - Test Cases/Engine_Scoring/Engine Scoring: Test Cases/Engine_Scoring/Engine Scoring

2022-11-22 15:50:41 - [TEST_STEP][PASSED] - markPassed("Variasi data ke : " + no): Variasi data ke : 164

2022-11-22 15:50:41 - [MESSAGE][PASSED] - Variasi data ke : 164

2022-11-22 15:50:41 - [TEST_STEP][PASSED] - req_data = sendRequest(findTestObject("Search_ME", ["MID":MID, "source":source, "ip":ip, "userid":userid, "branch":branch, "tipekons":tipekons, "marital":marital, "penjamin":penjamin, ... ])): Send request successfully

2022-11-22 15:50:42 - [MESSAGE][INFO] - HAR: D:\DMS\Engine Scoring\Reports\20221122_153620\Exclude KKB - DS\Scoring Individu - Used\20221122_153620\requests\main\326.har

2022-11-22 15:50:42 - [MESSAGE][PASSED] - Send request successfully

2022-11-22 15:50:42 - [TEST_STEP][PASSED] - slurper = new groovy.json.JsonSlurper(): null

2022-11-22 15:50:42 - [TEST_STEP][PASSED] - result = slurper.parseText(req_data.getResponseBodyContent()): null

2022-11-22 15:50:42 - [TEST_STEP][PASSED] - reqid_kons = requestid1: null

2022-11-22 15:50:42 - [TEST_STEP][PASSED] - reqid_spouse = requestid2: null

2022-11-22 15:50:42 - [TEST_STEP][PASSED] - println("requestid kons : " + reqid_kons): null

2022-11-22 15:50:42 - [TEST_STEP][PASSED] - response_searchME_kons = reqid_kons: null

2022-11-22 15:50:42 - [TEST_STEP][PASSED] - response_searchME_spouse = reqid_spouse: null

2022-11-22 15:50:42 - [TEST_STEP][PASSED] - println("kons req id is :" + response_searchME_kons): null

2022-11-22 15:50:42 - [TEST_STEP][PASSED] - println("spouse req id is : " + response_searchME_spouse): null

2022-11-22 15:50:42 - [TEST_STEP][PASSED] - verifyResponseStatusCode(req_data, 200): Verify response status code successfully

2022-11-22 15:50:42 - [MESSAGE][PASSED] - Verify response status code successfully

2022-11-22 15:50:42 - [TEST_STEP][PASSED] - response = req_data.getResponseText(): null

2022-11-22 15:50:42 - [TEST_STEP][PASSED] - logInfo($response): {"status":"Done","data":{"requestid1":"241996","requestid2":""}}

2022-11-22 15:50:42 - [MESSAGE][INFO] - {"status":"Done","data":{"requestid1":"241996","requestid2":""}}

2022-11-22 15:50:42 - [TEST_STEP][PASSED] - delay(3): Delayed 3 second(s)

2022-11-22 15:50:45 - [MESSAGE][PASSED] - Delayed 3 second(s)

2022-11-22 15:50:45 - [TEST_STEP][PASSED] - scoring = sendRequest(findTestObject("EngineScore", ["response_searchME_kons":response_searchME_kons, "response_searchME_spouse":response_searchME_spouse])): Send request successfully

2022-11-22 15:50:45 - [MESSAGE][INFO] - HAR: D:\DMS\Engine Scoring\Reports\20221122_153620\Exclude KKB - DS\Scoring Individu - Used\20221122_153620\requests\main\327.har

2022-11-22 15:50:45 - [MESSAGE][PASSED] - Send request successfully

2022-11-22 15:50:45 - [TEST_STEP][PASSED] - verifyResponseStatusCode(scoring, 200): Verify response status code successfully

2022-11-22 15:50:45 - [MESSAGE][PASSED] - Verify response status code successfully

2022-11-22 15:50:45 - [TEST_STEP][PASSED] - response2 = scoring.getResponseText(): null

2022-11-22 15:50:45 - [TEST_STEP][PASSED] - markPassed("result service data ke : " + no): result service data ke : 164

2022-11-22 15:50:45 - [MESSAGE][PASSED] - result service data ke : 164

2022-11-22 15:50:45 - [TEST_STEP][PASSED] - logInfo($response2): {"result_konsumen":"Approve","result_pasangan":"","Final_result":"Approve","errorMessage":"","status":"Done"}

2022-11-22 15:50:45 - [MESSAGE][INFO] - {"result_konsumen":"Approve","result_pasangan":"","Final_result":"Approve","errorMessage":"","status":"Done"}

2022-11-22 15:50:45 - [TEST_STEP][PASSED] - verifyElementPropertyValue(scoring, "Final_result", final_result): Verify element property value successfully

2022-11-22 15:50:45 - [MESSAGE][PASSED] - Verify element property value successfully]]></system-out>
         <system-err><![CDATA[]]></system-err>
      </testcase>
      <testcase name="Test Cases/Engine_Scoring/Engine Scoring" time="5.615" classname="Test Cases/Engine_Scoring/Engine Scoring" status="PASSED">
         <system-out><![CDATA[2022-11-22 15:50:45 - [TEST_CASE][PASSED] - Test Cases/Engine_Scoring/Engine Scoring: Test Cases/Engine_Scoring/Engine Scoring

2022-11-22 15:50:47 - [TEST_STEP][PASSED] - markPassed("Variasi data ke : " + no): Variasi data ke : 165

2022-11-22 15:50:47 - [MESSAGE][PASSED] - Variasi data ke : 165

2022-11-22 15:50:47 - [TEST_STEP][PASSED] - req_data = sendRequest(findTestObject("Search_ME", ["MID":MID, "source":source, "ip":ip, "userid":userid, "branch":branch, "tipekons":tipekons, "marital":marital, "penjamin":penjamin, ... ])): Send request successfully

2022-11-22 15:50:48 - [MESSAGE][INFO] - HAR: D:\DMS\Engine Scoring\Reports\20221122_153620\Exclude KKB - DS\Scoring Individu - Used\20221122_153620\requests\main\328.har

2022-11-22 15:50:48 - [MESSAGE][PASSED] - Send request successfully

2022-11-22 15:50:48 - [TEST_STEP][PASSED] - slurper = new groovy.json.JsonSlurper(): null

2022-11-22 15:50:48 - [TEST_STEP][PASSED] - result = slurper.parseText(req_data.getResponseBodyContent()): null

2022-11-22 15:50:48 - [TEST_STEP][PASSED] - reqid_kons = requestid1: null

2022-11-22 15:50:48 - [TEST_STEP][PASSED] - reqid_spouse = requestid2: null

2022-11-22 15:50:48 - [TEST_STEP][PASSED] - println("requestid kons : " + reqid_kons): null

2022-11-22 15:50:48 - [TEST_STEP][PASSED] - response_searchME_kons = reqid_kons: null

2022-11-22 15:50:48 - [TEST_STEP][PASSED] - response_searchME_spouse = reqid_spouse: null

2022-11-22 15:50:48 - [TEST_STEP][PASSED] - println("kons req id is :" + response_searchME_kons): null

2022-11-22 15:50:48 - [TEST_STEP][PASSED] - println("spouse req id is : " + response_searchME_spouse): null

2022-11-22 15:50:48 - [TEST_STEP][PASSED] - verifyResponseStatusCode(req_data, 200): Verify response status code successfully

2022-11-22 15:50:48 - [MESSAGE][PASSED] - Verify response status code successfully

2022-11-22 15:50:48 - [TEST_STEP][PASSED] - response = req_data.getResponseText(): null

2022-11-22 15:50:48 - [TEST_STEP][PASSED] - logInfo($response): {"status":"Done","data":{"requestid1":"241997","requestid2":""}}

2022-11-22 15:50:48 - [MESSAGE][INFO] - {"status":"Done","data":{"requestid1":"241997","requestid2":""}}

2022-11-22 15:50:48 - [TEST_STEP][PASSED] - delay(3): Delayed 3 second(s)

2022-11-22 15:50:51 - [MESSAGE][PASSED] - Delayed 3 second(s)

2022-11-22 15:50:51 - [TEST_STEP][PASSED] - scoring = sendRequest(findTestObject("EngineScore", ["response_searchME_kons":response_searchME_kons, "response_searchME_spouse":response_searchME_spouse])): Send request successfully

2022-11-22 15:50:51 - [MESSAGE][INFO] - HAR: D:\DMS\Engine Scoring\Reports\20221122_153620\Exclude KKB - DS\Scoring Individu - Used\20221122_153620\requests\main\329.har

2022-11-22 15:50:51 - [MESSAGE][PASSED] - Send request successfully

2022-11-22 15:50:51 - [TEST_STEP][PASSED] - verifyResponseStatusCode(scoring, 200): Verify response status code successfully

2022-11-22 15:50:51 - [MESSAGE][PASSED] - Verify response status code successfully

2022-11-22 15:50:51 - [TEST_STEP][PASSED] - response2 = scoring.getResponseText(): null

2022-11-22 15:50:51 - [TEST_STEP][PASSED] - markPassed("result service data ke : " + no): result service data ke : 165

2022-11-22 15:50:51 - [MESSAGE][PASSED] - result service data ke : 165

2022-11-22 15:50:51 - [TEST_STEP][PASSED] - logInfo($response2): {"result_konsumen":"Reject","result_pasangan":"","Final_result":"Reject","errorMessage":"","status":"Done"}

2022-11-22 15:50:51 - [MESSAGE][INFO] - {"result_konsumen":"Reject","result_pasangan":"","Final_result":"Reject","errorMessage":"","status":"Done"}

2022-11-22 15:50:51 - [TEST_STEP][PASSED] - verifyElementPropertyValue(scoring, "Final_result", final_result): Verify element property value successfully

2022-11-22 15:50:51 - [MESSAGE][PASSED] - Verify element property value successfully]]></system-out>
         <system-err><![CDATA[]]></system-err>
      </testcase>
      <testcase name="Test Cases/Engine_Scoring/Engine Scoring" time="5.547" classname="Test Cases/Engine_Scoring/Engine Scoring" status="PASSED">
         <system-out><![CDATA[2022-11-22 15:50:51 - [TEST_CASE][PASSED] - Test Cases/Engine_Scoring/Engine Scoring: Test Cases/Engine_Scoring/Engine Scoring

2022-11-22 15:50:52 - [TEST_STEP][PASSED] - markPassed("Variasi data ke : " + no): Variasi data ke : 166

2022-11-22 15:50:52 - [MESSAGE][PASSED] - Variasi data ke : 166

2022-11-22 15:50:52 - [TEST_STEP][PASSED] - req_data = sendRequest(findTestObject("Search_ME", ["MID":MID, "source":source, "ip":ip, "userid":userid, "branch":branch, "tipekons":tipekons, "marital":marital, "penjamin":penjamin, ... ])): Send request successfully

2022-11-22 15:50:54 - [MESSAGE][INFO] - HAR: D:\DMS\Engine Scoring\Reports\20221122_153620\Exclude KKB - DS\Scoring Individu - Used\20221122_153620\requests\main\330.har

2022-11-22 15:50:54 - [MESSAGE][PASSED] - Send request successfully

2022-11-22 15:50:54 - [TEST_STEP][PASSED] - slurper = new groovy.json.JsonSlurper(): null

2022-11-22 15:50:54 - [TEST_STEP][PASSED] - result = slurper.parseText(req_data.getResponseBodyContent()): null

2022-11-22 15:50:54 - [TEST_STEP][PASSED] - reqid_kons = requestid1: null

2022-11-22 15:50:54 - [TEST_STEP][PASSED] - reqid_spouse = requestid2: null

2022-11-22 15:50:54 - [TEST_STEP][PASSED] - println("requestid kons : " + reqid_kons): null

2022-11-22 15:50:54 - [TEST_STEP][PASSED] - response_searchME_kons = reqid_kons: null

2022-11-22 15:50:54 - [TEST_STEP][PASSED] - response_searchME_spouse = reqid_spouse: null

2022-11-22 15:50:54 - [TEST_STEP][PASSED] - println("kons req id is :" + response_searchME_kons): null

2022-11-22 15:50:54 - [TEST_STEP][PASSED] - println("spouse req id is : " + response_searchME_spouse): null

2022-11-22 15:50:54 - [TEST_STEP][PASSED] - verifyResponseStatusCode(req_data, 200): Verify response status code successfully

2022-11-22 15:50:54 - [MESSAGE][PASSED] - Verify response status code successfully

2022-11-22 15:50:54 - [TEST_STEP][PASSED] - response = req_data.getResponseText(): null

2022-11-22 15:50:54 - [TEST_STEP][PASSED] - logInfo($response): {"status":"Done","data":{"requestid1":"241998","requestid2":""}}

2022-11-22 15:50:54 - [MESSAGE][INFO] - {"status":"Done","data":{"requestid1":"241998","requestid2":""}}

2022-11-22 15:50:54 - [TEST_STEP][PASSED] - delay(3): Delayed 3 second(s)

2022-11-22 15:50:57 - [MESSAGE][PASSED] - Delayed 3 second(s)

2022-11-22 15:50:57 - [TEST_STEP][PASSED] - scoring = sendRequest(findTestObject("EngineScore", ["response_searchME_kons":response_searchME_kons, "response_searchME_spouse":response_searchME_spouse])): Send request successfully

2022-11-22 15:50:57 - [MESSAGE][INFO] - HAR: D:\DMS\Engine Scoring\Reports\20221122_153620\Exclude KKB - DS\Scoring Individu - Used\20221122_153620\requests\main\331.har

2022-11-22 15:50:57 - [MESSAGE][PASSED] - Send request successfully

2022-11-22 15:50:57 - [TEST_STEP][PASSED] - verifyResponseStatusCode(scoring, 200): Verify response status code successfully

2022-11-22 15:50:57 - [MESSAGE][PASSED] - Verify response status code successfully

2022-11-22 15:50:57 - [TEST_STEP][PASSED] - response2 = scoring.getResponseText(): null

2022-11-22 15:50:57 - [TEST_STEP][PASSED] - markPassed("result service data ke : " + no): result service data ke : 166

2022-11-22 15:50:57 - [MESSAGE][PASSED] - result service data ke : 166

2022-11-22 15:50:57 - [TEST_STEP][PASSED] - logInfo($response2): {"result_konsumen":"Reject","result_pasangan":"","Final_result":"Reject","errorMessage":"","status":"Done"}

2022-11-22 15:50:57 - [MESSAGE][INFO] - {"result_konsumen":"Reject","result_pasangan":"","Final_result":"Reject","errorMessage":"","status":"Done"}

2022-11-22 15:50:57 - [TEST_STEP][PASSED] - verifyElementPropertyValue(scoring, "Final_result", final_result): Verify element property value successfully

2022-11-22 15:50:57 - [MESSAGE][PASSED] - Verify element property value successfully]]></system-out>
         <system-err><![CDATA[]]></system-err>
      </testcase>
      <testcase name="Test Cases/Engine_Scoring/Engine Scoring" time="5.493" classname="Test Cases/Engine_Scoring/Engine Scoring" status="PASSED">
         <system-out><![CDATA[2022-11-22 15:50:57 - [TEST_CASE][PASSED] - Test Cases/Engine_Scoring/Engine Scoring: Test Cases/Engine_Scoring/Engine Scoring

2022-11-22 15:50:58 - [TEST_STEP][PASSED] - markPassed("Variasi data ke : " + no): Variasi data ke : 167

2022-11-22 15:50:58 - [MESSAGE][PASSED] - Variasi data ke : 167

2022-11-22 15:50:58 - [TEST_STEP][PASSED] - req_data = sendRequest(findTestObject("Search_ME", ["MID":MID, "source":source, "ip":ip, "userid":userid, "branch":branch, "tipekons":tipekons, "marital":marital, "penjamin":penjamin, ... ])): Send request successfully

2022-11-22 15:50:59 - [MESSAGE][INFO] - HAR: D:\DMS\Engine Scoring\Reports\20221122_153620\Exclude KKB - DS\Scoring Individu - Used\20221122_153620\requests\main\332.har

2022-11-22 15:50:59 - [MESSAGE][PASSED] - Send request successfully

2022-11-22 15:50:59 - [TEST_STEP][PASSED] - slurper = new groovy.json.JsonSlurper(): null

2022-11-22 15:50:59 - [TEST_STEP][PASSED] - result = slurper.parseText(req_data.getResponseBodyContent()): null

2022-11-22 15:50:59 - [TEST_STEP][PASSED] - reqid_kons = requestid1: null

2022-11-22 15:50:59 - [TEST_STEP][PASSED] - reqid_spouse = requestid2: null

2022-11-22 15:50:59 - [TEST_STEP][PASSED] - println("requestid kons : " + reqid_kons): null

2022-11-22 15:50:59 - [TEST_STEP][PASSED] - response_searchME_kons = reqid_kons: null

2022-11-22 15:50:59 - [TEST_STEP][PASSED] - response_searchME_spouse = reqid_spouse: null

2022-11-22 15:50:59 - [TEST_STEP][PASSED] - println("kons req id is :" + response_searchME_kons): null

2022-11-22 15:50:59 - [TEST_STEP][PASSED] - println("spouse req id is : " + response_searchME_spouse): null

2022-11-22 15:50:59 - [TEST_STEP][PASSED] - verifyResponseStatusCode(req_data, 200): Verify response status code successfully

2022-11-22 15:50:59 - [MESSAGE][PASSED] - Verify response status code successfully

2022-11-22 15:50:59 - [TEST_STEP][PASSED] - response = req_data.getResponseText(): null

2022-11-22 15:50:59 - [TEST_STEP][PASSED] - logInfo($response): {"status":"Done","data":{"requestid1":"241999","requestid2":""}}

2022-11-22 15:50:59 - [MESSAGE][INFO] - {"status":"Done","data":{"requestid1":"241999","requestid2":""}}

2022-11-22 15:50:59 - [TEST_STEP][PASSED] - delay(3): Delayed 3 second(s)

2022-11-22 15:51:02 - [MESSAGE][PASSED] - Delayed 3 second(s)

2022-11-22 15:51:02 - [TEST_STEP][PASSED] - scoring = sendRequest(findTestObject("EngineScore", ["response_searchME_kons":response_searchME_kons, "response_searchME_spouse":response_searchME_spouse])): Send request successfully

2022-11-22 15:51:02 - [MESSAGE][INFO] - HAR: D:\DMS\Engine Scoring\Reports\20221122_153620\Exclude KKB - DS\Scoring Individu - Used\20221122_153620\requests\main\333.har

2022-11-22 15:51:02 - [MESSAGE][PASSED] - Send request successfully

2022-11-22 15:51:02 - [TEST_STEP][PASSED] - verifyResponseStatusCode(scoring, 200): Verify response status code successfully

2022-11-22 15:51:02 - [MESSAGE][PASSED] - Verify response status code successfully

2022-11-22 15:51:02 - [TEST_STEP][PASSED] - response2 = scoring.getResponseText(): null

2022-11-22 15:51:02 - [TEST_STEP][PASSED] - markPassed("result service data ke : " + no): result service data ke : 167

2022-11-22 15:51:02 - [MESSAGE][PASSED] - result service data ke : 167

2022-11-22 15:51:02 - [TEST_STEP][PASSED] - logInfo($response2): {"result_konsumen":"Reject","result_pasangan":"","Final_result":"Reject","errorMessage":"","status":"Done"}

2022-11-22 15:51:02 - [MESSAGE][INFO] - {"result_konsumen":"Reject","result_pasangan":"","Final_result":"Reject","errorMessage":"","status":"Done"}

2022-11-22 15:51:02 - [TEST_STEP][PASSED] - verifyElementPropertyValue(scoring, "Final_result", final_result): Verify element property value successfully

2022-11-22 15:51:02 - [MESSAGE][PASSED] - Verify element property value successfully]]></system-out>
         <system-err><![CDATA[]]></system-err>
      </testcase>
      <testcase name="Test Cases/Engine_Scoring/Engine Scoring" time="8.752" classname="Test Cases/Engine_Scoring/Engine Scoring" status="PASSED">
         <system-out><![CDATA[2022-11-22 15:51:02 - [TEST_CASE][PASSED] - Test Cases/Engine_Scoring/Engine Scoring: Test Cases/Engine_Scoring/Engine Scoring

2022-11-22 15:51:07 - [TEST_STEP][PASSED] - markPassed("Variasi data ke : " + no): Variasi data ke : 168

2022-11-22 15:51:07 - [MESSAGE][PASSED] - Variasi data ke : 168

2022-11-22 15:51:07 - [TEST_STEP][PASSED] - req_data = sendRequest(findTestObject("Search_ME", ["MID":MID, "source":source, "ip":ip, "userid":userid, "branch":branch, "tipekons":tipekons, "marital":marital, "penjamin":penjamin, ... ])): Send request successfully

2022-11-22 15:51:08 - [MESSAGE][INFO] - HAR: D:\DMS\Engine Scoring\Reports\20221122_153620\Exclude KKB - DS\Scoring Individu - Used\20221122_153620\requests\main\334.har

2022-11-22 15:51:08 - [MESSAGE][PASSED] - Send request successfully

2022-11-22 15:51:08 - [TEST_STEP][PASSED] - slurper = new groovy.json.JsonSlurper(): null

2022-11-22 15:51:08 - [TEST_STEP][PASSED] - result = slurper.parseText(req_data.getResponseBodyContent()): null

2022-11-22 15:51:08 - [TEST_STEP][PASSED] - reqid_kons = requestid1: null

2022-11-22 15:51:08 - [TEST_STEP][PASSED] - reqid_spouse = requestid2: null

2022-11-22 15:51:08 - [TEST_STEP][PASSED] - println("requestid kons : " + reqid_kons): null

2022-11-22 15:51:08 - [TEST_STEP][PASSED] - response_searchME_kons = reqid_kons: null

2022-11-22 15:51:08 - [TEST_STEP][PASSED] - response_searchME_spouse = reqid_spouse: null

2022-11-22 15:51:08 - [TEST_STEP][PASSED] - println("kons req id is :" + response_searchME_kons): null

2022-11-22 15:51:08 - [TEST_STEP][PASSED] - println("spouse req id is : " + response_searchME_spouse): null

2022-11-22 15:51:08 - [TEST_STEP][PASSED] - verifyResponseStatusCode(req_data, 200): Verify response status code successfully

2022-11-22 15:51:08 - [MESSAGE][PASSED] - Verify response status code successfully

2022-11-22 15:51:08 - [TEST_STEP][PASSED] - response = req_data.getResponseText(): null

2022-11-22 15:51:08 - [TEST_STEP][PASSED] - logInfo($response): {"status":"Done","data":{"requestid1":"242000","requestid2":""}}

2022-11-22 15:51:08 - [MESSAGE][INFO] - {"status":"Done","data":{"requestid1":"242000","requestid2":""}}

2022-11-22 15:51:08 - [TEST_STEP][PASSED] - delay(3): Delayed 3 second(s)

2022-11-22 15:51:11 - [MESSAGE][PASSED] - Delayed 3 second(s)

2022-11-22 15:51:11 - [TEST_STEP][PASSED] - scoring = sendRequest(findTestObject("EngineScore", ["response_searchME_kons":response_searchME_kons, "response_searchME_spouse":response_searchME_spouse])): Send request successfully

2022-11-22 15:51:11 - [MESSAGE][INFO] - HAR: D:\DMS\Engine Scoring\Reports\20221122_153620\Exclude KKB - DS\Scoring Individu - Used\20221122_153620\requests\main\335.har

2022-11-22 15:51:11 - [MESSAGE][PASSED] - Send request successfully

2022-11-22 15:51:11 - [TEST_STEP][PASSED] - verifyResponseStatusCode(scoring, 200): Verify response status code successfully

2022-11-22 15:51:11 - [MESSAGE][PASSED] - Verify response status code successfully

2022-11-22 15:51:11 - [TEST_STEP][PASSED] - response2 = scoring.getResponseText(): null

2022-11-22 15:51:11 - [TEST_STEP][PASSED] - markPassed("result service data ke : " + no): result service data ke : 168

2022-11-22 15:51:11 - [MESSAGE][PASSED] - result service data ke : 168

2022-11-22 15:51:11 - [TEST_STEP][PASSED] - logInfo($response2): {"result_konsumen":"Reject","result_pasangan":"","Final_result":"Reject","errorMessage":"","status":"Done"}

2022-11-22 15:51:11 - [MESSAGE][INFO] - {"result_konsumen":"Reject","result_pasangan":"","Final_result":"Reject","errorMessage":"","status":"Done"}

2022-11-22 15:51:11 - [TEST_STEP][PASSED] - verifyElementPropertyValue(scoring, "Final_result", final_result): Verify element property value successfully

2022-11-22 15:51:11 - [MESSAGE][PASSED] - Verify element property value successfully]]></system-out>
         <system-err><![CDATA[]]></system-err>
      </testcase>
      <testcase name="Test Cases/Engine_Scoring/Engine Scoring" time="5.674" classname="Test Cases/Engine_Scoring/Engine Scoring" status="PASSED">
         <system-out><![CDATA[2022-11-22 15:51:11 - [TEST_CASE][PASSED] - Test Cases/Engine_Scoring/Engine Scoring: Test Cases/Engine_Scoring/Engine Scoring

2022-11-22 15:51:12 - [TEST_STEP][PASSED] - markPassed("Variasi data ke : " + no): Variasi data ke : 169

2022-11-22 15:51:12 - [MESSAGE][PASSED] - Variasi data ke : 169

2022-11-22 15:51:12 - [TEST_STEP][PASSED] - req_data = sendRequest(findTestObject("Search_ME", ["MID":MID, "source":source, "ip":ip, "userid":userid, "branch":branch, "tipekons":tipekons, "marital":marital, "penjamin":penjamin, ... ])): Send request successfully

2022-11-22 15:51:14 - [MESSAGE][INFO] - HAR: D:\DMS\Engine Scoring\Reports\20221122_153620\Exclude KKB - DS\Scoring Individu - Used\20221122_153620\requests\main\336.har

2022-11-22 15:51:14 - [MESSAGE][PASSED] - Send request successfully

2022-11-22 15:51:14 - [TEST_STEP][PASSED] - slurper = new groovy.json.JsonSlurper(): null

2022-11-22 15:51:14 - [TEST_STEP][PASSED] - result = slurper.parseText(req_data.getResponseBodyContent()): null

2022-11-22 15:51:14 - [TEST_STEP][PASSED] - reqid_kons = requestid1: null

2022-11-22 15:51:14 - [TEST_STEP][PASSED] - reqid_spouse = requestid2: null

2022-11-22 15:51:14 - [TEST_STEP][PASSED] - println("requestid kons : " + reqid_kons): null

2022-11-22 15:51:14 - [TEST_STEP][PASSED] - response_searchME_kons = reqid_kons: null

2022-11-22 15:51:14 - [TEST_STEP][PASSED] - response_searchME_spouse = reqid_spouse: null

2022-11-22 15:51:14 - [TEST_STEP][PASSED] - println("kons req id is :" + response_searchME_kons): null

2022-11-22 15:51:14 - [TEST_STEP][PASSED] - println("spouse req id is : " + response_searchME_spouse): null

2022-11-22 15:51:14 - [TEST_STEP][PASSED] - verifyResponseStatusCode(req_data, 200): Verify response status code successfully

2022-11-22 15:51:14 - [MESSAGE][PASSED] - Verify response status code successfully

2022-11-22 15:51:14 - [TEST_STEP][PASSED] - response = req_data.getResponseText(): null

2022-11-22 15:51:14 - [TEST_STEP][PASSED] - logInfo($response): {"status":"Done","data":{"requestid1":"242001","requestid2":""}}

2022-11-22 15:51:14 - [MESSAGE][INFO] - {"status":"Done","data":{"requestid1":"242001","requestid2":""}}

2022-11-22 15:51:14 - [TEST_STEP][PASSED] - delay(3): Delayed 3 second(s)

2022-11-22 15:51:17 - [MESSAGE][PASSED] - Delayed 3 second(s)

2022-11-22 15:51:17 - [TEST_STEP][PASSED] - scoring = sendRequest(findTestObject("EngineScore", ["response_searchME_kons":response_searchME_kons, "response_searchME_spouse":response_searchME_spouse])): Send request successfully

2022-11-22 15:51:17 - [MESSAGE][INFO] - HAR: D:\DMS\Engine Scoring\Reports\20221122_153620\Exclude KKB - DS\Scoring Individu - Used\20221122_153620\requests\main\337.har

2022-11-22 15:51:17 - [MESSAGE][PASSED] - Send request successfully

2022-11-22 15:51:17 - [TEST_STEP][PASSED] - verifyResponseStatusCode(scoring, 200): Verify response status code successfully

2022-11-22 15:51:17 - [MESSAGE][PASSED] - Verify response status code successfully

2022-11-22 15:51:17 - [TEST_STEP][PASSED] - response2 = scoring.getResponseText(): null

2022-11-22 15:51:17 - [TEST_STEP][PASSED] - markPassed("result service data ke : " + no): result service data ke : 169

2022-11-22 15:51:17 - [MESSAGE][PASSED] - result service data ke : 169

2022-11-22 15:51:17 - [TEST_STEP][PASSED] - logInfo($response2): {"result_konsumen":"Approve","result_pasangan":"","Final_result":"Approve","errorMessage":"","status":"Done"}

2022-11-22 15:51:17 - [MESSAGE][INFO] - {"result_konsumen":"Approve","result_pasangan":"","Final_result":"Approve","errorMessage":"","status":"Done"}

2022-11-22 15:51:17 - [TEST_STEP][PASSED] - verifyElementPropertyValue(scoring, "Final_result", final_result): Verify element property value successfully

2022-11-22 15:51:17 - [MESSAGE][PASSED] - Verify element property value successfully]]></system-out>
         <system-err><![CDATA[]]></system-err>
      </testcase>
      <testcase name="Test Cases/Engine_Scoring/Engine Scoring" time="5.602" classname="Test Cases/Engine_Scoring/Engine Scoring" status="PASSED">
         <system-out><![CDATA[2022-11-22 15:51:17 - [TEST_CASE][PASSED] - Test Cases/Engine_Scoring/Engine Scoring: Test Cases/Engine_Scoring/Engine Scoring

2022-11-22 15:51:18 - [TEST_STEP][PASSED] - markPassed("Variasi data ke : " + no): Variasi data ke : 170

2022-11-22 15:51:18 - [MESSAGE][PASSED] - Variasi data ke : 170

2022-11-22 15:51:18 - [TEST_STEP][PASSED] - req_data = sendRequest(findTestObject("Search_ME", ["MID":MID, "source":source, "ip":ip, "userid":userid, "branch":branch, "tipekons":tipekons, "marital":marital, "penjamin":penjamin, ... ])): Send request successfully

2022-11-22 15:51:19 - [MESSAGE][INFO] - HAR: D:\DMS\Engine Scoring\Reports\20221122_153620\Exclude KKB - DS\Scoring Individu - Used\20221122_153620\requests\main\338.har

2022-11-22 15:51:19 - [MESSAGE][PASSED] - Send request successfully

2022-11-22 15:51:19 - [TEST_STEP][PASSED] - slurper = new groovy.json.JsonSlurper(): null

2022-11-22 15:51:19 - [TEST_STEP][PASSED] - result = slurper.parseText(req_data.getResponseBodyContent()): null

2022-11-22 15:51:19 - [TEST_STEP][PASSED] - reqid_kons = requestid1: null

2022-11-22 15:51:19 - [TEST_STEP][PASSED] - reqid_spouse = requestid2: null

2022-11-22 15:51:19 - [TEST_STEP][PASSED] - println("requestid kons : " + reqid_kons): null

2022-11-22 15:51:19 - [TEST_STEP][PASSED] - response_searchME_kons = reqid_kons: null

2022-11-22 15:51:19 - [TEST_STEP][PASSED] - response_searchME_spouse = reqid_spouse: null

2022-11-22 15:51:19 - [TEST_STEP][PASSED] - println("kons req id is :" + response_searchME_kons): null

2022-11-22 15:51:19 - [TEST_STEP][PASSED] - println("spouse req id is : " + response_searchME_spouse): null

2022-11-22 15:51:19 - [TEST_STEP][PASSED] - verifyResponseStatusCode(req_data, 200): Verify response status code successfully

2022-11-22 15:51:19 - [MESSAGE][PASSED] - Verify response status code successfully

2022-11-22 15:51:19 - [TEST_STEP][PASSED] - response = req_data.getResponseText(): null

2022-11-22 15:51:19 - [TEST_STEP][PASSED] - logInfo($response): {"status":"Done","data":{"requestid1":"242002","requestid2":""}}

2022-11-22 15:51:19 - [MESSAGE][INFO] - {"status":"Done","data":{"requestid1":"242002","requestid2":""}}

2022-11-22 15:51:19 - [TEST_STEP][PASSED] - delay(3): Delayed 3 second(s)

2022-11-22 15:51:22 - [MESSAGE][PASSED] - Delayed 3 second(s)

2022-11-22 15:51:22 - [TEST_STEP][PASSED] - scoring = sendRequest(findTestObject("EngineScore", ["response_searchME_kons":response_searchME_kons, "response_searchME_spouse":response_searchME_spouse])): Send request successfully

2022-11-22 15:51:22 - [MESSAGE][INFO] - HAR: D:\DMS\Engine Scoring\Reports\20221122_153620\Exclude KKB - DS\Scoring Individu - Used\20221122_153620\requests\main\339.har

2022-11-22 15:51:22 - [MESSAGE][PASSED] - Send request successfully

2022-11-22 15:51:22 - [TEST_STEP][PASSED] - verifyResponseStatusCode(scoring, 200): Verify response status code successfully

2022-11-22 15:51:22 - [MESSAGE][PASSED] - Verify response status code successfully

2022-11-22 15:51:22 - [TEST_STEP][PASSED] - response2 = scoring.getResponseText(): null

2022-11-22 15:51:22 - [TEST_STEP][PASSED] - markPassed("result service data ke : " + no): result service data ke : 170

2022-11-22 15:51:22 - [MESSAGE][PASSED] - result service data ke : 170

2022-11-22 15:51:22 - [TEST_STEP][PASSED] - logInfo($response2): {"result_konsumen":"Approve","result_pasangan":"","Final_result":"Approve","errorMessage":"","status":"Done"}

2022-11-22 15:51:22 - [MESSAGE][INFO] - {"result_konsumen":"Approve","result_pasangan":"","Final_result":"Approve","errorMessage":"","status":"Done"}

2022-11-22 15:51:22 - [TEST_STEP][PASSED] - verifyElementPropertyValue(scoring, "Final_result", final_result): Verify element property value successfully

2022-11-22 15:51:22 - [MESSAGE][PASSED] - Verify element property value successfully]]></system-out>
         <system-err><![CDATA[]]></system-err>
      </testcase>
      <testcase name="Test Cases/Engine_Scoring/Engine Scoring" time="5.924" classname="Test Cases/Engine_Scoring/Engine Scoring" status="PASSED">
         <system-out><![CDATA[2022-11-22 15:51:23 - [TEST_CASE][PASSED] - Test Cases/Engine_Scoring/Engine Scoring: Test Cases/Engine_Scoring/Engine Scoring

2022-11-22 15:51:24 - [TEST_STEP][PASSED] - markPassed("Variasi data ke : " + no): Variasi data ke : 171

2022-11-22 15:51:24 - [MESSAGE][PASSED] - Variasi data ke : 171

2022-11-22 15:51:24 - [TEST_STEP][PASSED] - req_data = sendRequest(findTestObject("Search_ME", ["MID":MID, "source":source, "ip":ip, "userid":userid, "branch":branch, "tipekons":tipekons, "marital":marital, "penjamin":penjamin, ... ])): Send request successfully

2022-11-22 15:51:25 - [MESSAGE][INFO] - HAR: D:\DMS\Engine Scoring\Reports\20221122_153620\Exclude KKB - DS\Scoring Individu - Used\20221122_153620\requests\main\340.har

2022-11-22 15:51:25 - [MESSAGE][PASSED] - Send request successfully

2022-11-22 15:51:25 - [TEST_STEP][PASSED] - slurper = new groovy.json.JsonSlurper(): null

2022-11-22 15:51:25 - [TEST_STEP][PASSED] - result = slurper.parseText(req_data.getResponseBodyContent()): null

2022-11-22 15:51:25 - [TEST_STEP][PASSED] - reqid_kons = requestid1: null

2022-11-22 15:51:25 - [TEST_STEP][PASSED] - reqid_spouse = requestid2: null

2022-11-22 15:51:25 - [TEST_STEP][PASSED] - println("requestid kons : " + reqid_kons): null

2022-11-22 15:51:25 - [TEST_STEP][PASSED] - response_searchME_kons = reqid_kons: null

2022-11-22 15:51:25 - [TEST_STEP][PASSED] - response_searchME_spouse = reqid_spouse: null

2022-11-22 15:51:25 - [TEST_STEP][PASSED] - println("kons req id is :" + response_searchME_kons): null

2022-11-22 15:51:25 - [TEST_STEP][PASSED] - println("spouse req id is : " + response_searchME_spouse): null

2022-11-22 15:51:25 - [TEST_STEP][PASSED] - verifyResponseStatusCode(req_data, 200): Verify response status code successfully

2022-11-22 15:51:25 - [MESSAGE][PASSED] - Verify response status code successfully

2022-11-22 15:51:25 - [TEST_STEP][PASSED] - response = req_data.getResponseText(): null

2022-11-22 15:51:25 - [TEST_STEP][PASSED] - logInfo($response): {"status":"Done","data":{"requestid1":"242003","requestid2":""}}

2022-11-22 15:51:25 - [MESSAGE][INFO] - {"status":"Done","data":{"requestid1":"242003","requestid2":""}}

2022-11-22 15:51:25 - [TEST_STEP][PASSED] - delay(3): Delayed 3 second(s)

2022-11-22 15:51:28 - [MESSAGE][PASSED] - Delayed 3 second(s)

2022-11-22 15:51:28 - [TEST_STEP][PASSED] - scoring = sendRequest(findTestObject("EngineScore", ["response_searchME_kons":response_searchME_kons, "response_searchME_spouse":response_searchME_spouse])): Send request successfully

2022-11-22 15:51:28 - [MESSAGE][INFO] - HAR: D:\DMS\Engine Scoring\Reports\20221122_153620\Exclude KKB - DS\Scoring Individu - Used\20221122_153620\requests\main\341.har

2022-11-22 15:51:28 - [MESSAGE][PASSED] - Send request successfully

2022-11-22 15:51:28 - [TEST_STEP][PASSED] - verifyResponseStatusCode(scoring, 200): Verify response status code successfully

2022-11-22 15:51:28 - [MESSAGE][PASSED] - Verify response status code successfully

2022-11-22 15:51:28 - [TEST_STEP][PASSED] - response2 = scoring.getResponseText(): null

2022-11-22 15:51:28 - [TEST_STEP][PASSED] - markPassed("result service data ke : " + no): result service data ke : 171

2022-11-22 15:51:28 - [MESSAGE][PASSED] - result service data ke : 171

2022-11-22 15:51:28 - [TEST_STEP][PASSED] - logInfo($response2): {"result_konsumen":"Approve","result_pasangan":"","Final_result":"Approve","errorMessage":"","status":"Done"}

2022-11-22 15:51:28 - [MESSAGE][INFO] - {"result_konsumen":"Approve","result_pasangan":"","Final_result":"Approve","errorMessage":"","status":"Done"}

2022-11-22 15:51:28 - [TEST_STEP][PASSED] - verifyElementPropertyValue(scoring, "Final_result", final_result): Verify element property value successfully

2022-11-22 15:51:28 - [MESSAGE][PASSED] - Verify element property value successfully]]></system-out>
         <system-err><![CDATA[]]></system-err>
      </testcase>
      <testcase name="Test Cases/Engine_Scoring/Engine Scoring" time="5.505" classname="Test Cases/Engine_Scoring/Engine Scoring" status="PASSED">
         <system-out><![CDATA[2022-11-22 15:51:29 - [TEST_CASE][PASSED] - Test Cases/Engine_Scoring/Engine Scoring: Test Cases/Engine_Scoring/Engine Scoring

2022-11-22 15:51:30 - [TEST_STEP][PASSED] - markPassed("Variasi data ke : " + no): Variasi data ke : 172

2022-11-22 15:51:30 - [MESSAGE][PASSED] - Variasi data ke : 172

2022-11-22 15:51:30 - [TEST_STEP][PASSED] - req_data = sendRequest(findTestObject("Search_ME", ["MID":MID, "source":source, "ip":ip, "userid":userid, "branch":branch, "tipekons":tipekons, "marital":marital, "penjamin":penjamin, ... ])): Send request successfully

2022-11-22 15:51:31 - [MESSAGE][INFO] - HAR: D:\DMS\Engine Scoring\Reports\20221122_153620\Exclude KKB - DS\Scoring Individu - Used\20221122_153620\requests\main\342.har

2022-11-22 15:51:31 - [MESSAGE][PASSED] - Send request successfully

2022-11-22 15:51:31 - [TEST_STEP][PASSED] - slurper = new groovy.json.JsonSlurper(): null

2022-11-22 15:51:31 - [TEST_STEP][PASSED] - result = slurper.parseText(req_data.getResponseBodyContent()): null

2022-11-22 15:51:31 - [TEST_STEP][PASSED] - reqid_kons = requestid1: null

2022-11-22 15:51:31 - [TEST_STEP][PASSED] - reqid_spouse = requestid2: null

2022-11-22 15:51:31 - [TEST_STEP][PASSED] - println("requestid kons : " + reqid_kons): null

2022-11-22 15:51:31 - [TEST_STEP][PASSED] - response_searchME_kons = reqid_kons: null

2022-11-22 15:51:31 - [TEST_STEP][PASSED] - response_searchME_spouse = reqid_spouse: null

2022-11-22 15:51:31 - [TEST_STEP][PASSED] - println("kons req id is :" + response_searchME_kons): null

2022-11-22 15:51:31 - [TEST_STEP][PASSED] - println("spouse req id is : " + response_searchME_spouse): null

2022-11-22 15:51:31 - [TEST_STEP][PASSED] - verifyResponseStatusCode(req_data, 200): Verify response status code successfully

2022-11-22 15:51:31 - [MESSAGE][PASSED] - Verify response status code successfully

2022-11-22 15:51:31 - [TEST_STEP][PASSED] - response = req_data.getResponseText(): null

2022-11-22 15:51:31 - [TEST_STEP][PASSED] - logInfo($response): {"status":"Done","data":{"requestid1":"242004","requestid2":""}}

2022-11-22 15:51:31 - [MESSAGE][INFO] - {"status":"Done","data":{"requestid1":"242004","requestid2":""}}

2022-11-22 15:51:31 - [TEST_STEP][PASSED] - delay(3): Delayed 3 second(s)

2022-11-22 15:51:34 - [MESSAGE][PASSED] - Delayed 3 second(s)

2022-11-22 15:51:34 - [TEST_STEP][PASSED] - scoring = sendRequest(findTestObject("EngineScore", ["response_searchME_kons":response_searchME_kons, "response_searchME_spouse":response_searchME_spouse])): Send request successfully

2022-11-22 15:51:34 - [MESSAGE][INFO] - HAR: D:\DMS\Engine Scoring\Reports\20221122_153620\Exclude KKB - DS\Scoring Individu - Used\20221122_153620\requests\main\343.har

2022-11-22 15:51:34 - [MESSAGE][PASSED] - Send request successfully

2022-11-22 15:51:34 - [TEST_STEP][PASSED] - verifyResponseStatusCode(scoring, 200): Verify response status code successfully

2022-11-22 15:51:34 - [MESSAGE][PASSED] - Verify response status code successfully

2022-11-22 15:51:34 - [TEST_STEP][PASSED] - response2 = scoring.getResponseText(): null

2022-11-22 15:51:34 - [TEST_STEP][PASSED] - markPassed("result service data ke : " + no): result service data ke : 172

2022-11-22 15:51:34 - [MESSAGE][PASSED] - result service data ke : 172

2022-11-22 15:51:34 - [TEST_STEP][PASSED] - logInfo($response2): {"result_konsumen":"Approve","result_pasangan":"","Final_result":"Approve","errorMessage":"","status":"Done"}

2022-11-22 15:51:34 - [MESSAGE][INFO] - {"result_konsumen":"Approve","result_pasangan":"","Final_result":"Approve","errorMessage":"","status":"Done"}

2022-11-22 15:51:34 - [TEST_STEP][PASSED] - verifyElementPropertyValue(scoring, "Final_result", final_result): Verify element property value successfully

2022-11-22 15:51:34 - [MESSAGE][PASSED] - Verify element property value successfully]]></system-out>
         <system-err><![CDATA[]]></system-err>
      </testcase>
      <testcase name="Test Cases/Engine_Scoring/Engine Scoring" time="23.294" classname="Test Cases/Engine_Scoring/Engine Scoring" status="PASSED">
         <system-out><![CDATA[2022-11-22 15:51:34 - [TEST_CASE][PASSED] - Test Cases/Engine_Scoring/Engine Scoring: Test Cases/Engine_Scoring/Engine Scoring

2022-11-22 15:51:53 - [TEST_STEP][PASSED] - markPassed("Variasi data ke : " + no): Variasi data ke : 173

2022-11-22 15:51:53 - [MESSAGE][PASSED] - Variasi data ke : 173

2022-11-22 15:51:53 - [TEST_STEP][PASSED] - req_data = sendRequest(findTestObject("Search_ME", ["MID":MID, "source":source, "ip":ip, "userid":userid, "branch":branch, "tipekons":tipekons, "marital":marital, "penjamin":penjamin, ... ])): Send request successfully

2022-11-22 15:51:54 - [MESSAGE][INFO] - HAR: D:\DMS\Engine Scoring\Reports\20221122_153620\Exclude KKB - DS\Scoring Individu - Used\20221122_153620\requests\main\344.har

2022-11-22 15:51:54 - [MESSAGE][PASSED] - Send request successfully

2022-11-22 15:51:54 - [TEST_STEP][PASSED] - slurper = new groovy.json.JsonSlurper(): null

2022-11-22 15:51:54 - [TEST_STEP][PASSED] - result = slurper.parseText(req_data.getResponseBodyContent()): null

2022-11-22 15:51:54 - [TEST_STEP][PASSED] - reqid_kons = requestid1: null

2022-11-22 15:51:54 - [TEST_STEP][PASSED] - reqid_spouse = requestid2: null

2022-11-22 15:51:54 - [TEST_STEP][PASSED] - println("requestid kons : " + reqid_kons): null

2022-11-22 15:51:54 - [TEST_STEP][PASSED] - response_searchME_kons = reqid_kons: null

2022-11-22 15:51:54 - [TEST_STEP][PASSED] - response_searchME_spouse = reqid_spouse: null

2022-11-22 15:51:54 - [TEST_STEP][PASSED] - println("kons req id is :" + response_searchME_kons): null

2022-11-22 15:51:54 - [TEST_STEP][PASSED] - println("spouse req id is : " + response_searchME_spouse): null

2022-11-22 15:51:54 - [TEST_STEP][PASSED] - verifyResponseStatusCode(req_data, 200): Verify response status code successfully

2022-11-22 15:51:54 - [MESSAGE][PASSED] - Verify response status code successfully

2022-11-22 15:51:54 - [TEST_STEP][PASSED] - response = req_data.getResponseText(): null

2022-11-22 15:51:54 - [TEST_STEP][PASSED] - logInfo($response): {"status":"Done","data":{"requestid1":"242005","requestid2":""}}

2022-11-22 15:51:54 - [MESSAGE][INFO] - {"status":"Done","data":{"requestid1":"242005","requestid2":""}}

2022-11-22 15:51:54 - [TEST_STEP][PASSED] - delay(3): Delayed 3 second(s)

2022-11-22 15:51:57 - [MESSAGE][PASSED] - Delayed 3 second(s)

2022-11-22 15:51:57 - [TEST_STEP][PASSED] - scoring = sendRequest(findTestObject("EngineScore", ["response_searchME_kons":response_searchME_kons, "response_searchME_spouse":response_searchME_spouse])): Send request successfully

2022-11-22 15:51:58 - [MESSAGE][INFO] - HAR: D:\DMS\Engine Scoring\Reports\20221122_153620\Exclude KKB - DS\Scoring Individu - Used\20221122_153620\requests\main\345.har

2022-11-22 15:51:58 - [MESSAGE][PASSED] - Send request successfully

2022-11-22 15:51:58 - [TEST_STEP][PASSED] - verifyResponseStatusCode(scoring, 200): Verify response status code successfully

2022-11-22 15:51:58 - [MESSAGE][PASSED] - Verify response status code successfully

2022-11-22 15:51:58 - [TEST_STEP][PASSED] - response2 = scoring.getResponseText(): null

2022-11-22 15:51:58 - [TEST_STEP][PASSED] - markPassed("result service data ke : " + no): result service data ke : 173

2022-11-22 15:51:58 - [MESSAGE][PASSED] - result service data ke : 173

2022-11-22 15:51:58 - [TEST_STEP][PASSED] - logInfo($response2): {"result_konsumen":"Reject","result_pasangan":"","Final_result":"Reject","errorMessage":"","status":"Done"}

2022-11-22 15:51:58 - [MESSAGE][INFO] - {"result_konsumen":"Reject","result_pasangan":"","Final_result":"Reject","errorMessage":"","status":"Done"}

2022-11-22 15:51:58 - [TEST_STEP][PASSED] - verifyElementPropertyValue(scoring, "Final_result", final_result): Verify element property value successfully

2022-11-22 15:51:58 - [MESSAGE][PASSED] - Verify element property value successfully]]></system-out>
         <system-err><![CDATA[]]></system-err>
      </testcase>
      <testcase name="Test Cases/Engine_Scoring/Engine Scoring" time="5.66" classname="Test Cases/Engine_Scoring/Engine Scoring" status="PASSED">
         <system-out><![CDATA[2022-11-22 15:51:58 - [TEST_CASE][PASSED] - Test Cases/Engine_Scoring/Engine Scoring: Test Cases/Engine_Scoring/Engine Scoring

2022-11-22 15:51:59 - [TEST_STEP][PASSED] - markPassed("Variasi data ke : " + no): Variasi data ke : 174

2022-11-22 15:51:59 - [MESSAGE][PASSED] - Variasi data ke : 174

2022-11-22 15:51:59 - [TEST_STEP][PASSED] - req_data = sendRequest(findTestObject("Search_ME", ["MID":MID, "source":source, "ip":ip, "userid":userid, "branch":branch, "tipekons":tipekons, "marital":marital, "penjamin":penjamin, ... ])): Send request successfully

2022-11-22 15:52:00 - [MESSAGE][INFO] - HAR: D:\DMS\Engine Scoring\Reports\20221122_153620\Exclude KKB - DS\Scoring Individu - Used\20221122_153620\requests\main\346.har

2022-11-22 15:52:00 - [MESSAGE][PASSED] - Send request successfully

2022-11-22 15:52:00 - [TEST_STEP][PASSED] - slurper = new groovy.json.JsonSlurper(): null

2022-11-22 15:52:00 - [TEST_STEP][PASSED] - result = slurper.parseText(req_data.getResponseBodyContent()): null

2022-11-22 15:52:00 - [TEST_STEP][PASSED] - reqid_kons = requestid1: null

2022-11-22 15:52:00 - [TEST_STEP][PASSED] - reqid_spouse = requestid2: null

2022-11-22 15:52:00 - [TEST_STEP][PASSED] - println("requestid kons : " + reqid_kons): null

2022-11-22 15:52:00 - [TEST_STEP][PASSED] - response_searchME_kons = reqid_kons: null

2022-11-22 15:52:00 - [TEST_STEP][PASSED] - response_searchME_spouse = reqid_spouse: null

2022-11-22 15:52:00 - [TEST_STEP][PASSED] - println("kons req id is :" + response_searchME_kons): null

2022-11-22 15:52:00 - [TEST_STEP][PASSED] - println("spouse req id is : " + response_searchME_spouse): null

2022-11-22 15:52:00 - [TEST_STEP][PASSED] - verifyResponseStatusCode(req_data, 200): Verify response status code successfully

2022-11-22 15:52:00 - [MESSAGE][PASSED] - Verify response status code successfully

2022-11-22 15:52:00 - [TEST_STEP][PASSED] - response = req_data.getResponseText(): null

2022-11-22 15:52:00 - [TEST_STEP][PASSED] - logInfo($response): {"status":"Done","data":{"requestid1":"242006","requestid2":""}}

2022-11-22 15:52:00 - [MESSAGE][INFO] - {"status":"Done","data":{"requestid1":"242006","requestid2":""}}

2022-11-22 15:52:00 - [TEST_STEP][PASSED] - delay(3): Delayed 3 second(s)

2022-11-22 15:52:03 - [MESSAGE][PASSED] - Delayed 3 second(s)

2022-11-22 15:52:03 - [TEST_STEP][PASSED] - scoring = sendRequest(findTestObject("EngineScore", ["response_searchME_kons":response_searchME_kons, "response_searchME_spouse":response_searchME_spouse])): Send request successfully

2022-11-22 15:52:03 - [MESSAGE][INFO] - HAR: D:\DMS\Engine Scoring\Reports\20221122_153620\Exclude KKB - DS\Scoring Individu - Used\20221122_153620\requests\main\347.har

2022-11-22 15:52:03 - [MESSAGE][PASSED] - Send request successfully

2022-11-22 15:52:03 - [TEST_STEP][PASSED] - verifyResponseStatusCode(scoring, 200): Verify response status code successfully

2022-11-22 15:52:03 - [MESSAGE][PASSED] - Verify response status code successfully

2022-11-22 15:52:03 - [TEST_STEP][PASSED] - response2 = scoring.getResponseText(): null

2022-11-22 15:52:03 - [TEST_STEP][PASSED] - markPassed("result service data ke : " + no): result service data ke : 174

2022-11-22 15:52:03 - [MESSAGE][PASSED] - result service data ke : 174

2022-11-22 15:52:03 - [TEST_STEP][PASSED] - logInfo($response2): {"result_konsumen":"Reject","result_pasangan":"","Final_result":"Reject","errorMessage":"","status":"Done"}

2022-11-22 15:52:03 - [MESSAGE][INFO] - {"result_konsumen":"Reject","result_pasangan":"","Final_result":"Reject","errorMessage":"","status":"Done"}

2022-11-22 15:52:03 - [TEST_STEP][PASSED] - verifyElementPropertyValue(scoring, "Final_result", final_result): Verify element property value successfully

2022-11-22 15:52:03 - [MESSAGE][PASSED] - Verify element property value successfully]]></system-out>
         <system-err><![CDATA[]]></system-err>
      </testcase>
      <testcase name="Test Cases/Engine_Scoring/Engine Scoring" time="5.686" classname="Test Cases/Engine_Scoring/Engine Scoring" status="PASSED">
         <system-out><![CDATA[2022-11-22 15:52:03 - [TEST_CASE][PASSED] - Test Cases/Engine_Scoring/Engine Scoring: Test Cases/Engine_Scoring/Engine Scoring

2022-11-22 15:52:05 - [TEST_STEP][PASSED] - markPassed("Variasi data ke : " + no): Variasi data ke : 175

2022-11-22 15:52:05 - [MESSAGE][PASSED] - Variasi data ke : 175

2022-11-22 15:52:05 - [TEST_STEP][PASSED] - req_data = sendRequest(findTestObject("Search_ME", ["MID":MID, "source":source, "ip":ip, "userid":userid, "branch":branch, "tipekons":tipekons, "marital":marital, "penjamin":penjamin, ... ])): Send request successfully

2022-11-22 15:52:06 - [MESSAGE][INFO] - HAR: D:\DMS\Engine Scoring\Reports\20221122_153620\Exclude KKB - DS\Scoring Individu - Used\20221122_153620\requests\main\348.har

2022-11-22 15:52:06 - [MESSAGE][PASSED] - Send request successfully

2022-11-22 15:52:06 - [TEST_STEP][PASSED] - slurper = new groovy.json.JsonSlurper(): null

2022-11-22 15:52:06 - [TEST_STEP][PASSED] - result = slurper.parseText(req_data.getResponseBodyContent()): null

2022-11-22 15:52:06 - [TEST_STEP][PASSED] - reqid_kons = requestid1: null

2022-11-22 15:52:06 - [TEST_STEP][PASSED] - reqid_spouse = requestid2: null

2022-11-22 15:52:06 - [TEST_STEP][PASSED] - println("requestid kons : " + reqid_kons): null

2022-11-22 15:52:06 - [TEST_STEP][PASSED] - response_searchME_kons = reqid_kons: null

2022-11-22 15:52:06 - [TEST_STEP][PASSED] - response_searchME_spouse = reqid_spouse: null

2022-11-22 15:52:06 - [TEST_STEP][PASSED] - println("kons req id is :" + response_searchME_kons): null

2022-11-22 15:52:06 - [TEST_STEP][PASSED] - println("spouse req id is : " + response_searchME_spouse): null

2022-11-22 15:52:06 - [TEST_STEP][PASSED] - verifyResponseStatusCode(req_data, 200): Verify response status code successfully

2022-11-22 15:52:06 - [MESSAGE][PASSED] - Verify response status code successfully

2022-11-22 15:52:06 - [TEST_STEP][PASSED] - response = req_data.getResponseText(): null

2022-11-22 15:52:06 - [TEST_STEP][PASSED] - logInfo($response): {"status":"Done","data":{"requestid1":"242007","requestid2":""}}

2022-11-22 15:52:06 - [MESSAGE][INFO] - {"status":"Done","data":{"requestid1":"242007","requestid2":""}}

2022-11-22 15:52:06 - [TEST_STEP][PASSED] - delay(3): Delayed 3 second(s)

2022-11-22 15:52:09 - [MESSAGE][PASSED] - Delayed 3 second(s)

2022-11-22 15:52:09 - [TEST_STEP][PASSED] - scoring = sendRequest(findTestObject("EngineScore", ["response_searchME_kons":response_searchME_kons, "response_searchME_spouse":response_searchME_spouse])): Send request successfully

2022-11-22 15:52:09 - [MESSAGE][INFO] - HAR: D:\DMS\Engine Scoring\Reports\20221122_153620\Exclude KKB - DS\Scoring Individu - Used\20221122_153620\requests\main\349.har

2022-11-22 15:52:09 - [MESSAGE][PASSED] - Send request successfully

2022-11-22 15:52:09 - [TEST_STEP][PASSED] - verifyResponseStatusCode(scoring, 200): Verify response status code successfully

2022-11-22 15:52:09 - [MESSAGE][PASSED] - Verify response status code successfully

2022-11-22 15:52:09 - [TEST_STEP][PASSED] - response2 = scoring.getResponseText(): null

2022-11-22 15:52:09 - [TEST_STEP][PASSED] - markPassed("result service data ke : " + no): result service data ke : 175

2022-11-22 15:52:09 - [MESSAGE][PASSED] - result service data ke : 175

2022-11-22 15:52:09 - [TEST_STEP][PASSED] - logInfo($response2): {"result_konsumen":"Reject","result_pasangan":"","Final_result":"Reject","errorMessage":"","status":"Done"}

2022-11-22 15:52:09 - [MESSAGE][INFO] - {"result_konsumen":"Reject","result_pasangan":"","Final_result":"Reject","errorMessage":"","status":"Done"}

2022-11-22 15:52:09 - [TEST_STEP][PASSED] - verifyElementPropertyValue(scoring, "Final_result", final_result): Verify element property value successfully

2022-11-22 15:52:09 - [MESSAGE][PASSED] - Verify element property value successfully]]></system-out>
         <system-err><![CDATA[]]></system-err>
      </testcase>
      <testcase name="Test Cases/Engine_Scoring/Engine Scoring" time="5.729" classname="Test Cases/Engine_Scoring/Engine Scoring" status="PASSED">
         <system-out><![CDATA[2022-11-22 15:52:09 - [TEST_CASE][PASSED] - Test Cases/Engine_Scoring/Engine Scoring: Test Cases/Engine_Scoring/Engine Scoring

2022-11-22 15:52:10 - [TEST_STEP][PASSED] - markPassed("Variasi data ke : " + no): Variasi data ke : 176

2022-11-22 15:52:10 - [MESSAGE][PASSED] - Variasi data ke : 176

2022-11-22 15:52:10 - [TEST_STEP][PASSED] - req_data = sendRequest(findTestObject("Search_ME", ["MID":MID, "source":source, "ip":ip, "userid":userid, "branch":branch, "tipekons":tipekons, "marital":marital, "penjamin":penjamin, ... ])): Send request successfully

2022-11-22 15:52:12 - [MESSAGE][INFO] - HAR: D:\DMS\Engine Scoring\Reports\20221122_153620\Exclude KKB - DS\Scoring Individu - Used\20221122_153620\requests\main\350.har

2022-11-22 15:52:12 - [MESSAGE][PASSED] - Send request successfully

2022-11-22 15:52:12 - [TEST_STEP][PASSED] - slurper = new groovy.json.JsonSlurper(): null

2022-11-22 15:52:12 - [TEST_STEP][PASSED] - result = slurper.parseText(req_data.getResponseBodyContent()): null

2022-11-22 15:52:12 - [TEST_STEP][PASSED] - reqid_kons = requestid1: null

2022-11-22 15:52:12 - [TEST_STEP][PASSED] - reqid_spouse = requestid2: null

2022-11-22 15:52:12 - [TEST_STEP][PASSED] - println("requestid kons : " + reqid_kons): null

2022-11-22 15:52:12 - [TEST_STEP][PASSED] - response_searchME_kons = reqid_kons: null

2022-11-22 15:52:12 - [TEST_STEP][PASSED] - response_searchME_spouse = reqid_spouse: null

2022-11-22 15:52:12 - [TEST_STEP][PASSED] - println("kons req id is :" + response_searchME_kons): null

2022-11-22 15:52:12 - [TEST_STEP][PASSED] - println("spouse req id is : " + response_searchME_spouse): null

2022-11-22 15:52:12 - [TEST_STEP][PASSED] - verifyResponseStatusCode(req_data, 200): Verify response status code successfully

2022-11-22 15:52:12 - [MESSAGE][PASSED] - Verify response status code successfully

2022-11-22 15:52:12 - [TEST_STEP][PASSED] - response = req_data.getResponseText(): null

2022-11-22 15:52:12 - [TEST_STEP][PASSED] - logInfo($response): {"status":"Done","data":{"requestid1":"242008","requestid2":""}}

2022-11-22 15:52:12 - [MESSAGE][INFO] - {"status":"Done","data":{"requestid1":"242008","requestid2":""}}

2022-11-22 15:52:12 - [TEST_STEP][PASSED] - delay(3): Delayed 3 second(s)

2022-11-22 15:52:15 - [MESSAGE][PASSED] - Delayed 3 second(s)

2022-11-22 15:52:15 - [TEST_STEP][PASSED] - scoring = sendRequest(findTestObject("EngineScore", ["response_searchME_kons":response_searchME_kons, "response_searchME_spouse":response_searchME_spouse])): Send request successfully

2022-11-22 15:52:15 - [MESSAGE][INFO] - HAR: D:\DMS\Engine Scoring\Reports\20221122_153620\Exclude KKB - DS\Scoring Individu - Used\20221122_153620\requests\main\351.har

2022-11-22 15:52:15 - [MESSAGE][PASSED] - Send request successfully

2022-11-22 15:52:15 - [TEST_STEP][PASSED] - verifyResponseStatusCode(scoring, 200): Verify response status code successfully

2022-11-22 15:52:15 - [MESSAGE][PASSED] - Verify response status code successfully

2022-11-22 15:52:15 - [TEST_STEP][PASSED] - response2 = scoring.getResponseText(): null

2022-11-22 15:52:15 - [TEST_STEP][PASSED] - markPassed("result service data ke : " + no): result service data ke : 176

2022-11-22 15:52:15 - [MESSAGE][PASSED] - result service data ke : 176

2022-11-22 15:52:15 - [TEST_STEP][PASSED] - logInfo($response2): {"result_konsumen":"Reject","result_pasangan":"","Final_result":"Reject","errorMessage":"","status":"Done"}

2022-11-22 15:52:15 - [MESSAGE][INFO] - {"result_konsumen":"Reject","result_pasangan":"","Final_result":"Reject","errorMessage":"","status":"Done"}

2022-11-22 15:52:15 - [TEST_STEP][PASSED] - verifyElementPropertyValue(scoring, "Final_result", final_result): Verify element property value successfully

2022-11-22 15:52:15 - [MESSAGE][PASSED] - Verify element property value successfully]]></system-out>
         <system-err><![CDATA[]]></system-err>
      </testcase>
      <testcase name="Test Cases/Engine_Scoring/Engine Scoring" time="5.576" classname="Test Cases/Engine_Scoring/Engine Scoring" status="PASSED">
         <system-out><![CDATA[2022-11-22 15:52:15 - [TEST_CASE][PASSED] - Test Cases/Engine_Scoring/Engine Scoring: Test Cases/Engine_Scoring/Engine Scoring

2022-11-22 15:52:16 - [TEST_STEP][PASSED] - markPassed("Variasi data ke : " + no): Variasi data ke : 177

2022-11-22 15:52:16 - [MESSAGE][PASSED] - Variasi data ke : 177

2022-11-22 15:52:16 - [TEST_STEP][PASSED] - req_data = sendRequest(findTestObject("Search_ME", ["MID":MID, "source":source, "ip":ip, "userid":userid, "branch":branch, "tipekons":tipekons, "marital":marital, "penjamin":penjamin, ... ])): Send request successfully

2022-11-22 15:52:17 - [MESSAGE][INFO] - HAR: D:\DMS\Engine Scoring\Reports\20221122_153620\Exclude KKB - DS\Scoring Individu - Used\20221122_153620\requests\main\352.har

2022-11-22 15:52:17 - [MESSAGE][PASSED] - Send request successfully

2022-11-22 15:52:17 - [TEST_STEP][PASSED] - slurper = new groovy.json.JsonSlurper(): null

2022-11-22 15:52:17 - [TEST_STEP][PASSED] - result = slurper.parseText(req_data.getResponseBodyContent()): null

2022-11-22 15:52:17 - [TEST_STEP][PASSED] - reqid_kons = requestid1: null

2022-11-22 15:52:17 - [TEST_STEP][PASSED] - reqid_spouse = requestid2: null

2022-11-22 15:52:17 - [TEST_STEP][PASSED] - println("requestid kons : " + reqid_kons): null

2022-11-22 15:52:17 - [TEST_STEP][PASSED] - response_searchME_kons = reqid_kons: null

2022-11-22 15:52:17 - [TEST_STEP][PASSED] - response_searchME_spouse = reqid_spouse: null

2022-11-22 15:52:17 - [TEST_STEP][PASSED] - println("kons req id is :" + response_searchME_kons): null

2022-11-22 15:52:17 - [TEST_STEP][PASSED] - println("spouse req id is : " + response_searchME_spouse): null

2022-11-22 15:52:17 - [TEST_STEP][PASSED] - verifyResponseStatusCode(req_data, 200): Verify response status code successfully

2022-11-22 15:52:17 - [MESSAGE][PASSED] - Verify response status code successfully

2022-11-22 15:52:17 - [TEST_STEP][PASSED] - response = req_data.getResponseText(): null

2022-11-22 15:52:17 - [TEST_STEP][PASSED] - logInfo($response): {"status":"Done","data":{"requestid1":"242009","requestid2":""}}

2022-11-22 15:52:17 - [MESSAGE][INFO] - {"status":"Done","data":{"requestid1":"242009","requestid2":""}}

2022-11-22 15:52:17 - [TEST_STEP][PASSED] - delay(3): Delayed 3 second(s)

2022-11-22 15:52:20 - [MESSAGE][PASSED] - Delayed 3 second(s)

2022-11-22 15:52:20 - [TEST_STEP][PASSED] - scoring = sendRequest(findTestObject("EngineScore", ["response_searchME_kons":response_searchME_kons, "response_searchME_spouse":response_searchME_spouse])): Send request successfully

2022-11-22 15:52:21 - [MESSAGE][INFO] - HAR: D:\DMS\Engine Scoring\Reports\20221122_153620\Exclude KKB - DS\Scoring Individu - Used\20221122_153620\requests\main\353.har

2022-11-22 15:52:21 - [MESSAGE][PASSED] - Send request successfully

2022-11-22 15:52:21 - [TEST_STEP][PASSED] - verifyResponseStatusCode(scoring, 200): Verify response status code successfully

2022-11-22 15:52:21 - [MESSAGE][PASSED] - Verify response status code successfully

2022-11-22 15:52:21 - [TEST_STEP][PASSED] - response2 = scoring.getResponseText(): null

2022-11-22 15:52:21 - [TEST_STEP][PASSED] - markPassed("result service data ke : " + no): result service data ke : 177

2022-11-22 15:52:21 - [MESSAGE][PASSED] - result service data ke : 177

2022-11-22 15:52:21 - [TEST_STEP][PASSED] - logInfo($response2): {"result_konsumen":"Reject","result_pasangan":"","Final_result":"Reject","errorMessage":"","status":"Done"}

2022-11-22 15:52:21 - [MESSAGE][INFO] - {"result_konsumen":"Reject","result_pasangan":"","Final_result":"Reject","errorMessage":"","status":"Done"}

2022-11-22 15:52:21 - [TEST_STEP][PASSED] - verifyElementPropertyValue(scoring, "Final_result", final_result): Verify element property value successfully

2022-11-22 15:52:21 - [MESSAGE][PASSED] - Verify element property value successfully]]></system-out>
         <system-err><![CDATA[]]></system-err>
      </testcase>
      <testcase name="Test Cases/Engine_Scoring/Engine Scoring" time="5.685" classname="Test Cases/Engine_Scoring/Engine Scoring" status="PASSED">
         <system-out><![CDATA[2022-11-22 15:52:21 - [TEST_CASE][PASSED] - Test Cases/Engine_Scoring/Engine Scoring: Test Cases/Engine_Scoring/Engine Scoring

2022-11-22 15:52:22 - [TEST_STEP][PASSED] - markPassed("Variasi data ke : " + no): Variasi data ke : 178

2022-11-22 15:52:22 - [MESSAGE][PASSED] - Variasi data ke : 178

2022-11-22 15:52:22 - [TEST_STEP][PASSED] - req_data = sendRequest(findTestObject("Search_ME", ["MID":MID, "source":source, "ip":ip, "userid":userid, "branch":branch, "tipekons":tipekons, "marital":marital, "penjamin":penjamin, ... ])): Send request successfully

2022-11-22 15:52:23 - [MESSAGE][INFO] - HAR: D:\DMS\Engine Scoring\Reports\20221122_153620\Exclude KKB - DS\Scoring Individu - Used\20221122_153620\requests\main\354.har

2022-11-22 15:52:23 - [MESSAGE][PASSED] - Send request successfully

2022-11-22 15:52:23 - [TEST_STEP][PASSED] - slurper = new groovy.json.JsonSlurper(): null

2022-11-22 15:52:23 - [TEST_STEP][PASSED] - result = slurper.parseText(req_data.getResponseBodyContent()): null

2022-11-22 15:52:23 - [TEST_STEP][PASSED] - reqid_kons = requestid1: null

2022-11-22 15:52:23 - [TEST_STEP][PASSED] - reqid_spouse = requestid2: null

2022-11-22 15:52:23 - [TEST_STEP][PASSED] - println("requestid kons : " + reqid_kons): null

2022-11-22 15:52:23 - [TEST_STEP][PASSED] - response_searchME_kons = reqid_kons: null

2022-11-22 15:52:23 - [TEST_STEP][PASSED] - response_searchME_spouse = reqid_spouse: null

2022-11-22 15:52:23 - [TEST_STEP][PASSED] - println("kons req id is :" + response_searchME_kons): null

2022-11-22 15:52:23 - [TEST_STEP][PASSED] - println("spouse req id is : " + response_searchME_spouse): null

2022-11-22 15:52:23 - [TEST_STEP][PASSED] - verifyResponseStatusCode(req_data, 200): Verify response status code successfully

2022-11-22 15:52:23 - [MESSAGE][PASSED] - Verify response status code successfully

2022-11-22 15:52:23 - [TEST_STEP][PASSED] - response = req_data.getResponseText(): null

2022-11-22 15:52:23 - [TEST_STEP][PASSED] - logInfo($response): {"status":"Done","data":{"requestid1":"242010","requestid2":""}}

2022-11-22 15:52:23 - [MESSAGE][INFO] - {"status":"Done","data":{"requestid1":"242010","requestid2":""}}

2022-11-22 15:52:23 - [TEST_STEP][PASSED] - delay(3): Delayed 3 second(s)

2022-11-22 15:52:26 - [MESSAGE][PASSED] - Delayed 3 second(s)

2022-11-22 15:52:26 - [TEST_STEP][PASSED] - scoring = sendRequest(findTestObject("EngineScore", ["response_searchME_kons":response_searchME_kons, "response_searchME_spouse":response_searchME_spouse])): Send request successfully

2022-11-22 15:52:26 - [MESSAGE][INFO] - HAR: D:\DMS\Engine Scoring\Reports\20221122_153620\Exclude KKB - DS\Scoring Individu - Used\20221122_153620\requests\main\355.har

2022-11-22 15:52:26 - [MESSAGE][PASSED] - Send request successfully

2022-11-22 15:52:26 - [TEST_STEP][PASSED] - verifyResponseStatusCode(scoring, 200): Verify response status code successfully

2022-11-22 15:52:26 - [MESSAGE][PASSED] - Verify response status code successfully

2022-11-22 15:52:26 - [TEST_STEP][PASSED] - response2 = scoring.getResponseText(): null

2022-11-22 15:52:26 - [TEST_STEP][PASSED] - markPassed("result service data ke : " + no): result service data ke : 178

2022-11-22 15:52:26 - [MESSAGE][PASSED] - result service data ke : 178

2022-11-22 15:52:26 - [TEST_STEP][PASSED] - logInfo($response2): {"result_konsumen":"Reguler","result_pasangan":"","Final_result":"Reguler","errorMessage":"","status":"Done"}

2022-11-22 15:52:26 - [MESSAGE][INFO] - {"result_konsumen":"Reguler","result_pasangan":"","Final_result":"Reguler","errorMessage":"","status":"Done"}

2022-11-22 15:52:26 - [TEST_STEP][PASSED] - verifyElementPropertyValue(scoring, "Final_result", final_result): Verify element property value successfully

2022-11-22 15:52:26 - [MESSAGE][PASSED] - Verify element property value successfully]]></system-out>
         <system-err><![CDATA[]]></system-err>
      </testcase>
      <testcase name="Test Cases/Engine_Scoring/Engine Scoring" time="5.679" classname="Test Cases/Engine_Scoring/Engine Scoring" status="PASSED">
         <system-out><![CDATA[2022-11-22 15:52:26 - [TEST_CASE][PASSED] - Test Cases/Engine_Scoring/Engine Scoring: Test Cases/Engine_Scoring/Engine Scoring

2022-11-22 15:52:28 - [TEST_STEP][PASSED] - markPassed("Variasi data ke : " + no): Variasi data ke : 179

2022-11-22 15:52:28 - [MESSAGE][PASSED] - Variasi data ke : 179

2022-11-22 15:52:28 - [TEST_STEP][PASSED] - req_data = sendRequest(findTestObject("Search_ME", ["MID":MID, "source":source, "ip":ip, "userid":userid, "branch":branch, "tipekons":tipekons, "marital":marital, "penjamin":penjamin, ... ])): Send request successfully

2022-11-22 15:52:29 - [MESSAGE][INFO] - HAR: D:\DMS\Engine Scoring\Reports\20221122_153620\Exclude KKB - DS\Scoring Individu - Used\20221122_153620\requests\main\356.har

2022-11-22 15:52:29 - [MESSAGE][PASSED] - Send request successfully

2022-11-22 15:52:29 - [TEST_STEP][PASSED] - slurper = new groovy.json.JsonSlurper(): null

2022-11-22 15:52:29 - [TEST_STEP][PASSED] - result = slurper.parseText(req_data.getResponseBodyContent()): null

2022-11-22 15:52:29 - [TEST_STEP][PASSED] - reqid_kons = requestid1: null

2022-11-22 15:52:29 - [TEST_STEP][PASSED] - reqid_spouse = requestid2: null

2022-11-22 15:52:29 - [TEST_STEP][PASSED] - println("requestid kons : " + reqid_kons): null

2022-11-22 15:52:29 - [TEST_STEP][PASSED] - response_searchME_kons = reqid_kons: null

2022-11-22 15:52:29 - [TEST_STEP][PASSED] - response_searchME_spouse = reqid_spouse: null

2022-11-22 15:52:29 - [TEST_STEP][PASSED] - println("kons req id is :" + response_searchME_kons): null

2022-11-22 15:52:29 - [TEST_STEP][PASSED] - println("spouse req id is : " + response_searchME_spouse): null

2022-11-22 15:52:29 - [TEST_STEP][PASSED] - verifyResponseStatusCode(req_data, 200): Verify response status code successfully

2022-11-22 15:52:29 - [MESSAGE][PASSED] - Verify response status code successfully

2022-11-22 15:52:29 - [TEST_STEP][PASSED] - response = req_data.getResponseText(): null

2022-11-22 15:52:29 - [TEST_STEP][PASSED] - logInfo($response): {"status":"Done","data":{"requestid1":"242011","requestid2":""}}

2022-11-22 15:52:29 - [MESSAGE][INFO] - {"status":"Done","data":{"requestid1":"242011","requestid2":""}}

2022-11-22 15:52:29 - [TEST_STEP][PASSED] - delay(3): Delayed 3 second(s)

2022-11-22 15:52:32 - [MESSAGE][PASSED] - Delayed 3 second(s)

2022-11-22 15:52:32 - [TEST_STEP][PASSED] - scoring = sendRequest(findTestObject("EngineScore", ["response_searchME_kons":response_searchME_kons, "response_searchME_spouse":response_searchME_spouse])): Send request successfully

2022-11-22 15:52:32 - [MESSAGE][INFO] - HAR: D:\DMS\Engine Scoring\Reports\20221122_153620\Exclude KKB - DS\Scoring Individu - Used\20221122_153620\requests\main\357.har

2022-11-22 15:52:32 - [MESSAGE][PASSED] - Send request successfully

2022-11-22 15:52:32 - [TEST_STEP][PASSED] - verifyResponseStatusCode(scoring, 200): Verify response status code successfully

2022-11-22 15:52:32 - [MESSAGE][PASSED] - Verify response status code successfully

2022-11-22 15:52:32 - [TEST_STEP][PASSED] - response2 = scoring.getResponseText(): null

2022-11-22 15:52:32 - [TEST_STEP][PASSED] - markPassed("result service data ke : " + no): result service data ke : 179

2022-11-22 15:52:32 - [MESSAGE][PASSED] - result service data ke : 179

2022-11-22 15:52:32 - [TEST_STEP][PASSED] - logInfo($response2): {"result_konsumen":"Reguler","result_pasangan":"","Final_result":"Reguler","errorMessage":"","status":"Done"}

2022-11-22 15:52:32 - [MESSAGE][INFO] - {"result_konsumen":"Reguler","result_pasangan":"","Final_result":"Reguler","errorMessage":"","status":"Done"}

2022-11-22 15:52:32 - [TEST_STEP][PASSED] - verifyElementPropertyValue(scoring, "Final_result", final_result): Verify element property value successfully

2022-11-22 15:52:32 - [MESSAGE][PASSED] - Verify element property value successfully]]></system-out>
         <system-err><![CDATA[]]></system-err>
      </testcase>
      <testcase name="Test Cases/Engine_Scoring/Engine Scoring" time="5.492" classname="Test Cases/Engine_Scoring/Engine Scoring" status="PASSED">
         <system-out><![CDATA[2022-11-22 15:52:32 - [TEST_CASE][PASSED] - Test Cases/Engine_Scoring/Engine Scoring: Test Cases/Engine_Scoring/Engine Scoring

2022-11-22 15:52:33 - [TEST_STEP][PASSED] - markPassed("Variasi data ke : " + no): Variasi data ke : 180

2022-11-22 15:52:33 - [MESSAGE][PASSED] - Variasi data ke : 180

2022-11-22 15:52:33 - [TEST_STEP][PASSED] - req_data = sendRequest(findTestObject("Search_ME", ["MID":MID, "source":source, "ip":ip, "userid":userid, "branch":branch, "tipekons":tipekons, "marital":marital, "penjamin":penjamin, ... ])): Send request successfully

2022-11-22 15:52:34 - [MESSAGE][INFO] - HAR: D:\DMS\Engine Scoring\Reports\20221122_153620\Exclude KKB - DS\Scoring Individu - Used\20221122_153620\requests\main\358.har

2022-11-22 15:52:34 - [MESSAGE][PASSED] - Send request successfully

2022-11-22 15:52:34 - [TEST_STEP][PASSED] - slurper = new groovy.json.JsonSlurper(): null

2022-11-22 15:52:34 - [TEST_STEP][PASSED] - result = slurper.parseText(req_data.getResponseBodyContent()): null

2022-11-22 15:52:34 - [TEST_STEP][PASSED] - reqid_kons = requestid1: null

2022-11-22 15:52:34 - [TEST_STEP][PASSED] - reqid_spouse = requestid2: null

2022-11-22 15:52:34 - [TEST_STEP][PASSED] - println("requestid kons : " + reqid_kons): null

2022-11-22 15:52:34 - [TEST_STEP][PASSED] - response_searchME_kons = reqid_kons: null

2022-11-22 15:52:34 - [TEST_STEP][PASSED] - response_searchME_spouse = reqid_spouse: null

2022-11-22 15:52:34 - [TEST_STEP][PASSED] - println("kons req id is :" + response_searchME_kons): null

2022-11-22 15:52:34 - [TEST_STEP][PASSED] - println("spouse req id is : " + response_searchME_spouse): null

2022-11-22 15:52:34 - [TEST_STEP][PASSED] - verifyResponseStatusCode(req_data, 200): Verify response status code successfully

2022-11-22 15:52:34 - [MESSAGE][PASSED] - Verify response status code successfully

2022-11-22 15:52:34 - [TEST_STEP][PASSED] - response = req_data.getResponseText(): null

2022-11-22 15:52:34 - [TEST_STEP][PASSED] - logInfo($response): {"status":"Done","data":{"requestid1":"242012","requestid2":""}}

2022-11-22 15:52:34 - [MESSAGE][INFO] - {"status":"Done","data":{"requestid1":"242012","requestid2":""}}

2022-11-22 15:52:34 - [TEST_STEP][PASSED] - delay(3): Delayed 3 second(s)

2022-11-22 15:52:37 - [MESSAGE][PASSED] - Delayed 3 second(s)

2022-11-22 15:52:37 - [TEST_STEP][PASSED] - scoring = sendRequest(findTestObject("EngineScore", ["response_searchME_kons":response_searchME_kons, "response_searchME_spouse":response_searchME_spouse])): Send request successfully

2022-11-22 15:52:38 - [MESSAGE][INFO] - HAR: D:\DMS\Engine Scoring\Reports\20221122_153620\Exclude KKB - DS\Scoring Individu - Used\20221122_153620\requests\main\359.har

2022-11-22 15:52:38 - [MESSAGE][PASSED] - Send request successfully

2022-11-22 15:52:38 - [TEST_STEP][PASSED] - verifyResponseStatusCode(scoring, 200): Verify response status code successfully

2022-11-22 15:52:38 - [MESSAGE][PASSED] - Verify response status code successfully

2022-11-22 15:52:38 - [TEST_STEP][PASSED] - response2 = scoring.getResponseText(): null

2022-11-22 15:52:38 - [TEST_STEP][PASSED] - markPassed("result service data ke : " + no): result service data ke : 180

2022-11-22 15:52:38 - [MESSAGE][PASSED] - result service data ke : 180

2022-11-22 15:52:38 - [TEST_STEP][PASSED] - logInfo($response2): {"result_konsumen":"Reguler","result_pasangan":"","Final_result":"Reguler","errorMessage":"","status":"Done"}

2022-11-22 15:52:38 - [MESSAGE][INFO] - {"result_konsumen":"Reguler","result_pasangan":"","Final_result":"Reguler","errorMessage":"","status":"Done"}

2022-11-22 15:52:38 - [TEST_STEP][PASSED] - verifyElementPropertyValue(scoring, "Final_result", final_result): Verify element property value successfully

2022-11-22 15:52:38 - [MESSAGE][PASSED] - Verify element property value successfully]]></system-out>
         <system-err><![CDATA[]]></system-err>
      </testcase>
      <testcase name="Test Cases/Engine_Scoring/Engine Scoring" time="5.723" classname="Test Cases/Engine_Scoring/Engine Scoring" status="PASSED">
         <system-out><![CDATA[2022-11-22 15:52:38 - [TEST_CASE][PASSED] - Test Cases/Engine_Scoring/Engine Scoring: Test Cases/Engine_Scoring/Engine Scoring

2022-11-22 15:52:39 - [TEST_STEP][PASSED] - markPassed("Variasi data ke : " + no): Variasi data ke : 181

2022-11-22 15:52:39 - [MESSAGE][PASSED] - Variasi data ke : 181

2022-11-22 15:52:39 - [TEST_STEP][PASSED] - req_data = sendRequest(findTestObject("Search_ME", ["MID":MID, "source":source, "ip":ip, "userid":userid, "branch":branch, "tipekons":tipekons, "marital":marital, "penjamin":penjamin, ... ])): Send request successfully

2022-11-22 15:52:40 - [MESSAGE][INFO] - HAR: D:\DMS\Engine Scoring\Reports\20221122_153620\Exclude KKB - DS\Scoring Individu - Used\20221122_153620\requests\main\360.har

2022-11-22 15:52:40 - [MESSAGE][PASSED] - Send request successfully

2022-11-22 15:52:40 - [TEST_STEP][PASSED] - slurper = new groovy.json.JsonSlurper(): null

2022-11-22 15:52:40 - [TEST_STEP][PASSED] - result = slurper.parseText(req_data.getResponseBodyContent()): null

2022-11-22 15:52:40 - [TEST_STEP][PASSED] - reqid_kons = requestid1: null

2022-11-22 15:52:40 - [TEST_STEP][PASSED] - reqid_spouse = requestid2: null

2022-11-22 15:52:40 - [TEST_STEP][PASSED] - println("requestid kons : " + reqid_kons): null

2022-11-22 15:52:40 - [TEST_STEP][PASSED] - response_searchME_kons = reqid_kons: null

2022-11-22 15:52:40 - [TEST_STEP][PASSED] - response_searchME_spouse = reqid_spouse: null

2022-11-22 15:52:40 - [TEST_STEP][PASSED] - println("kons req id is :" + response_searchME_kons): null

2022-11-22 15:52:40 - [TEST_STEP][PASSED] - println("spouse req id is : " + response_searchME_spouse): null

2022-11-22 15:52:40 - [TEST_STEP][PASSED] - verifyResponseStatusCode(req_data, 200): Verify response status code successfully

2022-11-22 15:52:40 - [MESSAGE][PASSED] - Verify response status code successfully

2022-11-22 15:52:40 - [TEST_STEP][PASSED] - response = req_data.getResponseText(): null

2022-11-22 15:52:40 - [TEST_STEP][PASSED] - logInfo($response): {"status":"Done","data":{"requestid1":"242013","requestid2":""}}

2022-11-22 15:52:40 - [MESSAGE][INFO] - {"status":"Done","data":{"requestid1":"242013","requestid2":""}}

2022-11-22 15:52:40 - [TEST_STEP][PASSED] - delay(3): Delayed 3 second(s)

2022-11-22 15:52:43 - [MESSAGE][PASSED] - Delayed 3 second(s)

2022-11-22 15:52:43 - [TEST_STEP][PASSED] - scoring = sendRequest(findTestObject("EngineScore", ["response_searchME_kons":response_searchME_kons, "response_searchME_spouse":response_searchME_spouse])): Send request successfully

2022-11-22 15:52:43 - [MESSAGE][INFO] - HAR: D:\DMS\Engine Scoring\Reports\20221122_153620\Exclude KKB - DS\Scoring Individu - Used\20221122_153620\requests\main\361.har

2022-11-22 15:52:43 - [MESSAGE][PASSED] - Send request successfully

2022-11-22 15:52:43 - [TEST_STEP][PASSED] - verifyResponseStatusCode(scoring, 200): Verify response status code successfully

2022-11-22 15:52:43 - [MESSAGE][PASSED] - Verify response status code successfully

2022-11-22 15:52:43 - [TEST_STEP][PASSED] - response2 = scoring.getResponseText(): null

2022-11-22 15:52:43 - [TEST_STEP][PASSED] - markPassed("result service data ke : " + no): result service data ke : 181

2022-11-22 15:52:43 - [MESSAGE][PASSED] - result service data ke : 181

2022-11-22 15:52:43 - [TEST_STEP][PASSED] - logInfo($response2): {"result_konsumen":"Approve","result_pasangan":"","Final_result":"Approve","errorMessage":"","status":"Done"}

2022-11-22 15:52:43 - [MESSAGE][INFO] - {"result_konsumen":"Approve","result_pasangan":"","Final_result":"Approve","errorMessage":"","status":"Done"}

2022-11-22 15:52:43 - [TEST_STEP][PASSED] - verifyElementPropertyValue(scoring, "Final_result", final_result): Verify element property value successfully

2022-11-22 15:52:43 - [MESSAGE][PASSED] - Verify element property value successfully]]></system-out>
         <system-err><![CDATA[]]></system-err>
      </testcase>
      <testcase name="Test Cases/Engine_Scoring/Engine Scoring" time="5.824" classname="Test Cases/Engine_Scoring/Engine Scoring" status="PASSED">
         <system-out><![CDATA[2022-11-22 15:52:43 - [TEST_CASE][PASSED] - Test Cases/Engine_Scoring/Engine Scoring: Test Cases/Engine_Scoring/Engine Scoring

2022-11-22 15:52:45 - [TEST_STEP][PASSED] - markPassed("Variasi data ke : " + no): Variasi data ke : 182

2022-11-22 15:52:45 - [MESSAGE][PASSED] - Variasi data ke : 182

2022-11-22 15:52:45 - [TEST_STEP][PASSED] - req_data = sendRequest(findTestObject("Search_ME", ["MID":MID, "source":source, "ip":ip, "userid":userid, "branch":branch, "tipekons":tipekons, "marital":marital, "penjamin":penjamin, ... ])): Send request successfully

2022-11-22 15:52:46 - [MESSAGE][INFO] - HAR: D:\DMS\Engine Scoring\Reports\20221122_153620\Exclude KKB - DS\Scoring Individu - Used\20221122_153620\requests\main\362.har

2022-11-22 15:52:46 - [MESSAGE][PASSED] - Send request successfully

2022-11-22 15:52:46 - [TEST_STEP][PASSED] - slurper = new groovy.json.JsonSlurper(): null

2022-11-22 15:52:46 - [TEST_STEP][PASSED] - result = slurper.parseText(req_data.getResponseBodyContent()): null

2022-11-22 15:52:46 - [TEST_STEP][PASSED] - reqid_kons = requestid1: null

2022-11-22 15:52:46 - [TEST_STEP][PASSED] - reqid_spouse = requestid2: null

2022-11-22 15:52:46 - [TEST_STEP][PASSED] - println("requestid kons : " + reqid_kons): null

2022-11-22 15:52:46 - [TEST_STEP][PASSED] - response_searchME_kons = reqid_kons: null

2022-11-22 15:52:46 - [TEST_STEP][PASSED] - response_searchME_spouse = reqid_spouse: null

2022-11-22 15:52:46 - [TEST_STEP][PASSED] - println("kons req id is :" + response_searchME_kons): null

2022-11-22 15:52:46 - [TEST_STEP][PASSED] - println("spouse req id is : " + response_searchME_spouse): null

2022-11-22 15:52:46 - [TEST_STEP][PASSED] - verifyResponseStatusCode(req_data, 200): Verify response status code successfully

2022-11-22 15:52:46 - [MESSAGE][PASSED] - Verify response status code successfully

2022-11-22 15:52:46 - [TEST_STEP][PASSED] - response = req_data.getResponseText(): null

2022-11-22 15:52:46 - [TEST_STEP][PASSED] - logInfo($response): {"status":"Done","data":{"requestid1":"242014","requestid2":""}}

2022-11-22 15:52:46 - [MESSAGE][INFO] - {"status":"Done","data":{"requestid1":"242014","requestid2":""}}

2022-11-22 15:52:46 - [TEST_STEP][PASSED] - delay(3): Delayed 3 second(s)

2022-11-22 15:52:49 - [MESSAGE][PASSED] - Delayed 3 second(s)

2022-11-22 15:52:49 - [TEST_STEP][PASSED] - scoring = sendRequest(findTestObject("EngineScore", ["response_searchME_kons":response_searchME_kons, "response_searchME_spouse":response_searchME_spouse])): Send request successfully

2022-11-22 15:52:49 - [MESSAGE][INFO] - HAR: D:\DMS\Engine Scoring\Reports\20221122_153620\Exclude KKB - DS\Scoring Individu - Used\20221122_153620\requests\main\363.har

2022-11-22 15:52:49 - [MESSAGE][PASSED] - Send request successfully

2022-11-22 15:52:49 - [TEST_STEP][PASSED] - verifyResponseStatusCode(scoring, 200): Verify response status code successfully

2022-11-22 15:52:49 - [MESSAGE][PASSED] - Verify response status code successfully

2022-11-22 15:52:49 - [TEST_STEP][PASSED] - response2 = scoring.getResponseText(): null

2022-11-22 15:52:49 - [TEST_STEP][PASSED] - markPassed("result service data ke : " + no): result service data ke : 182

2022-11-22 15:52:49 - [MESSAGE][PASSED] - result service data ke : 182

2022-11-22 15:52:49 - [TEST_STEP][PASSED] - logInfo($response2): {"result_konsumen":"Approve","result_pasangan":"","Final_result":"Approve","errorMessage":"","status":"Done"}

2022-11-22 15:52:49 - [MESSAGE][INFO] - {"result_konsumen":"Approve","result_pasangan":"","Final_result":"Approve","errorMessage":"","status":"Done"}

2022-11-22 15:52:49 - [TEST_STEP][PASSED] - verifyElementPropertyValue(scoring, "Final_result", final_result): Verify element property value successfully

2022-11-22 15:52:49 - [MESSAGE][PASSED] - Verify element property value successfully]]></system-out>
         <system-err><![CDATA[]]></system-err>
      </testcase>
      <testcase name="Test Cases/Engine_Scoring/Engine Scoring" time="5.66" classname="Test Cases/Engine_Scoring/Engine Scoring" status="PASSED">
         <system-out><![CDATA[2022-11-22 15:52:49 - [TEST_CASE][PASSED] - Test Cases/Engine_Scoring/Engine Scoring: Test Cases/Engine_Scoring/Engine Scoring

2022-11-22 15:52:51 - [TEST_STEP][PASSED] - markPassed("Variasi data ke : " + no): Variasi data ke : 183

2022-11-22 15:52:51 - [MESSAGE][PASSED] - Variasi data ke : 183

2022-11-22 15:52:51 - [TEST_STEP][PASSED] - req_data = sendRequest(findTestObject("Search_ME", ["MID":MID, "source":source, "ip":ip, "userid":userid, "branch":branch, "tipekons":tipekons, "marital":marital, "penjamin":penjamin, ... ])): Send request successfully

2022-11-22 15:52:52 - [MESSAGE][INFO] - HAR: D:\DMS\Engine Scoring\Reports\20221122_153620\Exclude KKB - DS\Scoring Individu - Used\20221122_153620\requests\main\364.har

2022-11-22 15:52:52 - [MESSAGE][PASSED] - Send request successfully

2022-11-22 15:52:52 - [TEST_STEP][PASSED] - slurper = new groovy.json.JsonSlurper(): null

2022-11-22 15:52:52 - [TEST_STEP][PASSED] - result = slurper.parseText(req_data.getResponseBodyContent()): null

2022-11-22 15:52:52 - [TEST_STEP][PASSED] - reqid_kons = requestid1: null

2022-11-22 15:52:52 - [TEST_STEP][PASSED] - reqid_spouse = requestid2: null

2022-11-22 15:52:52 - [TEST_STEP][PASSED] - println("requestid kons : " + reqid_kons): null

2022-11-22 15:52:52 - [TEST_STEP][PASSED] - response_searchME_kons = reqid_kons: null

2022-11-22 15:52:52 - [TEST_STEP][PASSED] - response_searchME_spouse = reqid_spouse: null

2022-11-22 15:52:52 - [TEST_STEP][PASSED] - println("kons req id is :" + response_searchME_kons): null

2022-11-22 15:52:52 - [TEST_STEP][PASSED] - println("spouse req id is : " + response_searchME_spouse): null

2022-11-22 15:52:52 - [TEST_STEP][PASSED] - verifyResponseStatusCode(req_data, 200): Verify response status code successfully

2022-11-22 15:52:52 - [MESSAGE][PASSED] - Verify response status code successfully

2022-11-22 15:52:52 - [TEST_STEP][PASSED] - response = req_data.getResponseText(): null

2022-11-22 15:52:52 - [TEST_STEP][PASSED] - logInfo($response): {"status":"Done","data":{"requestid1":"242015","requestid2":""}}

2022-11-22 15:52:52 - [MESSAGE][INFO] - {"status":"Done","data":{"requestid1":"242015","requestid2":""}}

2022-11-22 15:52:52 - [TEST_STEP][PASSED] - delay(3): Delayed 3 second(s)

2022-11-22 15:52:55 - [MESSAGE][PASSED] - Delayed 3 second(s)

2022-11-22 15:52:55 - [TEST_STEP][PASSED] - scoring = sendRequest(findTestObject("EngineScore", ["response_searchME_kons":response_searchME_kons, "response_searchME_spouse":response_searchME_spouse])): Send request successfully

2022-11-22 15:52:55 - [MESSAGE][INFO] - HAR: D:\DMS\Engine Scoring\Reports\20221122_153620\Exclude KKB - DS\Scoring Individu - Used\20221122_153620\requests\main\365.har

2022-11-22 15:52:55 - [MESSAGE][PASSED] - Send request successfully

2022-11-22 15:52:55 - [TEST_STEP][PASSED] - verifyResponseStatusCode(scoring, 200): Verify response status code successfully

2022-11-22 15:52:55 - [MESSAGE][PASSED] - Verify response status code successfully

2022-11-22 15:52:55 - [TEST_STEP][PASSED] - response2 = scoring.getResponseText(): null

2022-11-22 15:52:55 - [TEST_STEP][PASSED] - markPassed("result service data ke : " + no): result service data ke : 183

2022-11-22 15:52:55 - [MESSAGE][PASSED] - result service data ke : 183

2022-11-22 15:52:55 - [TEST_STEP][PASSED] - logInfo($response2): {"result_konsumen":"Approve","result_pasangan":"","Final_result":"Approve","errorMessage":"","status":"Done"}

2022-11-22 15:52:55 - [MESSAGE][INFO] - {"result_konsumen":"Approve","result_pasangan":"","Final_result":"Approve","errorMessage":"","status":"Done"}

2022-11-22 15:52:55 - [TEST_STEP][PASSED] - verifyElementPropertyValue(scoring, "Final_result", final_result): Verify element property value successfully

2022-11-22 15:52:55 - [MESSAGE][PASSED] - Verify element property value successfully]]></system-out>
         <system-err><![CDATA[]]></system-err>
      </testcase>
      <testcase name="Test Cases/Engine_Scoring/Engine Scoring" time="5.652" classname="Test Cases/Engine_Scoring/Engine Scoring" status="PASSED">
         <system-out><![CDATA[2022-11-22 15:52:55 - [TEST_CASE][PASSED] - Test Cases/Engine_Scoring/Engine Scoring: Test Cases/Engine_Scoring/Engine Scoring

2022-11-22 15:52:56 - [TEST_STEP][PASSED] - markPassed("Variasi data ke : " + no): Variasi data ke : 184

2022-11-22 15:52:56 - [MESSAGE][PASSED] - Variasi data ke : 184

2022-11-22 15:52:56 - [TEST_STEP][PASSED] - req_data = sendRequest(findTestObject("Search_ME", ["MID":MID, "source":source, "ip":ip, "userid":userid, "branch":branch, "tipekons":tipekons, "marital":marital, "penjamin":penjamin, ... ])): Send request successfully

2022-11-22 15:52:58 - [MESSAGE][INFO] - HAR: D:\DMS\Engine Scoring\Reports\20221122_153620\Exclude KKB - DS\Scoring Individu - Used\20221122_153620\requests\main\366.har

2022-11-22 15:52:58 - [MESSAGE][PASSED] - Send request successfully

2022-11-22 15:52:58 - [TEST_STEP][PASSED] - slurper = new groovy.json.JsonSlurper(): null

2022-11-22 15:52:58 - [TEST_STEP][PASSED] - result = slurper.parseText(req_data.getResponseBodyContent()): null

2022-11-22 15:52:58 - [TEST_STEP][PASSED] - reqid_kons = requestid1: null

2022-11-22 15:52:58 - [TEST_STEP][PASSED] - reqid_spouse = requestid2: null

2022-11-22 15:52:58 - [TEST_STEP][PASSED] - println("requestid kons : " + reqid_kons): null

2022-11-22 15:52:58 - [TEST_STEP][PASSED] - response_searchME_kons = reqid_kons: null

2022-11-22 15:52:58 - [TEST_STEP][PASSED] - response_searchME_spouse = reqid_spouse: null

2022-11-22 15:52:58 - [TEST_STEP][PASSED] - println("kons req id is :" + response_searchME_kons): null

2022-11-22 15:52:58 - [TEST_STEP][PASSED] - println("spouse req id is : " + response_searchME_spouse): null

2022-11-22 15:52:58 - [TEST_STEP][PASSED] - verifyResponseStatusCode(req_data, 200): Verify response status code successfully

2022-11-22 15:52:58 - [MESSAGE][PASSED] - Verify response status code successfully

2022-11-22 15:52:58 - [TEST_STEP][PASSED] - response = req_data.getResponseText(): null

2022-11-22 15:52:58 - [TEST_STEP][PASSED] - logInfo($response): {"status":"Done","data":{"requestid1":"242016","requestid2":""}}

2022-11-22 15:52:58 - [MESSAGE][INFO] - {"status":"Done","data":{"requestid1":"242016","requestid2":""}}

2022-11-22 15:52:58 - [TEST_STEP][PASSED] - delay(3): Delayed 3 second(s)

2022-11-22 15:53:01 - [MESSAGE][PASSED] - Delayed 3 second(s)

2022-11-22 15:53:01 - [TEST_STEP][PASSED] - scoring = sendRequest(findTestObject("EngineScore", ["response_searchME_kons":response_searchME_kons, "response_searchME_spouse":response_searchME_spouse])): Send request successfully

2022-11-22 15:53:01 - [MESSAGE][INFO] - HAR: D:\DMS\Engine Scoring\Reports\20221122_153620\Exclude KKB - DS\Scoring Individu - Used\20221122_153620\requests\main\367.har

2022-11-22 15:53:01 - [MESSAGE][PASSED] - Send request successfully

2022-11-22 15:53:01 - [TEST_STEP][PASSED] - verifyResponseStatusCode(scoring, 200): Verify response status code successfully

2022-11-22 15:53:01 - [MESSAGE][PASSED] - Verify response status code successfully

2022-11-22 15:53:01 - [TEST_STEP][PASSED] - response2 = scoring.getResponseText(): null

2022-11-22 15:53:01 - [TEST_STEP][PASSED] - markPassed("result service data ke : " + no): result service data ke : 184

2022-11-22 15:53:01 - [MESSAGE][PASSED] - result service data ke : 184

2022-11-22 15:53:01 - [TEST_STEP][PASSED] - logInfo($response2): {"result_konsumen":"Approve","result_pasangan":"","Final_result":"Approve","errorMessage":"","status":"Done"}

2022-11-22 15:53:01 - [MESSAGE][INFO] - {"result_konsumen":"Approve","result_pasangan":"","Final_result":"Approve","errorMessage":"","status":"Done"}

2022-11-22 15:53:01 - [TEST_STEP][PASSED] - verifyElementPropertyValue(scoring, "Final_result", final_result): Verify element property value successfully

2022-11-22 15:53:01 - [MESSAGE][PASSED] - Verify element property value successfully]]></system-out>
         <system-err><![CDATA[]]></system-err>
      </testcase>
      <testcase name="Test Cases/Engine_Scoring/Engine Scoring" time="5.802" classname="Test Cases/Engine_Scoring/Engine Scoring" status="PASSED">
         <system-out><![CDATA[2022-11-22 15:53:01 - [TEST_CASE][PASSED] - Test Cases/Engine_Scoring/Engine Scoring: Test Cases/Engine_Scoring/Engine Scoring

2022-11-22 15:53:02 - [TEST_STEP][PASSED] - markPassed("Variasi data ke : " + no): Variasi data ke : 185

2022-11-22 15:53:02 - [MESSAGE][PASSED] - Variasi data ke : 185

2022-11-22 15:53:02 - [TEST_STEP][PASSED] - req_data = sendRequest(findTestObject("Search_ME", ["MID":MID, "source":source, "ip":ip, "userid":userid, "branch":branch, "tipekons":tipekons, "marital":marital, "penjamin":penjamin, ... ])): Send request successfully

2022-11-22 15:53:03 - [MESSAGE][INFO] - HAR: D:\DMS\Engine Scoring\Reports\20221122_153620\Exclude KKB - DS\Scoring Individu - Used\20221122_153620\requests\main\368.har

2022-11-22 15:53:03 - [MESSAGE][PASSED] - Send request successfully

2022-11-22 15:53:03 - [TEST_STEP][PASSED] - slurper = new groovy.json.JsonSlurper(): null

2022-11-22 15:53:03 - [TEST_STEP][PASSED] - result = slurper.parseText(req_data.getResponseBodyContent()): null

2022-11-22 15:53:03 - [TEST_STEP][PASSED] - reqid_kons = requestid1: null

2022-11-22 15:53:03 - [TEST_STEP][PASSED] - reqid_spouse = requestid2: null

2022-11-22 15:53:03 - [TEST_STEP][PASSED] - println("requestid kons : " + reqid_kons): null

2022-11-22 15:53:03 - [TEST_STEP][PASSED] - response_searchME_kons = reqid_kons: null

2022-11-22 15:53:03 - [TEST_STEP][PASSED] - response_searchME_spouse = reqid_spouse: null

2022-11-22 15:53:03 - [TEST_STEP][PASSED] - println("kons req id is :" + response_searchME_kons): null

2022-11-22 15:53:03 - [TEST_STEP][PASSED] - println("spouse req id is : " + response_searchME_spouse): null

2022-11-22 15:53:03 - [TEST_STEP][PASSED] - verifyResponseStatusCode(req_data, 200): Verify response status code successfully

2022-11-22 15:53:03 - [MESSAGE][PASSED] - Verify response status code successfully

2022-11-22 15:53:03 - [TEST_STEP][PASSED] - response = req_data.getResponseText(): null

2022-11-22 15:53:03 - [TEST_STEP][PASSED] - logInfo($response): {"status":"Done","data":{"requestid1":"242017","requestid2":""}}

2022-11-22 15:53:03 - [MESSAGE][INFO] - {"status":"Done","data":{"requestid1":"242017","requestid2":""}}

2022-11-22 15:53:03 - [TEST_STEP][PASSED] - delay(3): Delayed 3 second(s)

2022-11-22 15:53:06 - [MESSAGE][PASSED] - Delayed 3 second(s)

2022-11-22 15:53:06 - [TEST_STEP][PASSED] - scoring = sendRequest(findTestObject("EngineScore", ["response_searchME_kons":response_searchME_kons, "response_searchME_spouse":response_searchME_spouse])): Send request successfully

2022-11-22 15:53:07 - [MESSAGE][INFO] - HAR: D:\DMS\Engine Scoring\Reports\20221122_153620\Exclude KKB - DS\Scoring Individu - Used\20221122_153620\requests\main\369.har

2022-11-22 15:53:07 - [MESSAGE][PASSED] - Send request successfully

2022-11-22 15:53:07 - [TEST_STEP][PASSED] - verifyResponseStatusCode(scoring, 200): Verify response status code successfully

2022-11-22 15:53:07 - [MESSAGE][PASSED] - Verify response status code successfully

2022-11-22 15:53:07 - [TEST_STEP][PASSED] - response2 = scoring.getResponseText(): null

2022-11-22 15:53:07 - [TEST_STEP][PASSED] - markPassed("result service data ke : " + no): result service data ke : 185

2022-11-22 15:53:07 - [MESSAGE][PASSED] - result service data ke : 185

2022-11-22 15:53:07 - [TEST_STEP][PASSED] - logInfo($response2): {"result_konsumen":"Approve","result_pasangan":"","Final_result":"Approve","errorMessage":"","status":"Done"}

2022-11-22 15:53:07 - [MESSAGE][INFO] - {"result_konsumen":"Approve","result_pasangan":"","Final_result":"Approve","errorMessage":"","status":"Done"}

2022-11-22 15:53:07 - [TEST_STEP][PASSED] - verifyElementPropertyValue(scoring, "Final_result", final_result): Verify element property value successfully

2022-11-22 15:53:07 - [MESSAGE][PASSED] - Verify element property value successfully]]></system-out>
         <system-err><![CDATA[]]></system-err>
      </testcase>
      <testcase name="Test Cases/Engine_Scoring/Engine Scoring" time="5.696" classname="Test Cases/Engine_Scoring/Engine Scoring" status="PASSED">
         <system-out><![CDATA[2022-11-22 15:53:07 - [TEST_CASE][PASSED] - Test Cases/Engine_Scoring/Engine Scoring: Test Cases/Engine_Scoring/Engine Scoring

2022-11-22 15:53:08 - [TEST_STEP][PASSED] - markPassed("Variasi data ke : " + no): Variasi data ke : 186

2022-11-22 15:53:08 - [MESSAGE][PASSED] - Variasi data ke : 186

2022-11-22 15:53:08 - [TEST_STEP][PASSED] - req_data = sendRequest(findTestObject("Search_ME", ["MID":MID, "source":source, "ip":ip, "userid":userid, "branch":branch, "tipekons":tipekons, "marital":marital, "penjamin":penjamin, ... ])): Send request successfully

2022-11-22 15:53:09 - [MESSAGE][INFO] - HAR: D:\DMS\Engine Scoring\Reports\20221122_153620\Exclude KKB - DS\Scoring Individu - Used\20221122_153620\requests\main\370.har

2022-11-22 15:53:09 - [MESSAGE][PASSED] - Send request successfully

2022-11-22 15:53:09 - [TEST_STEP][PASSED] - slurper = new groovy.json.JsonSlurper(): null

2022-11-22 15:53:09 - [TEST_STEP][PASSED] - result = slurper.parseText(req_data.getResponseBodyContent()): null

2022-11-22 15:53:09 - [TEST_STEP][PASSED] - reqid_kons = requestid1: null

2022-11-22 15:53:09 - [TEST_STEP][PASSED] - reqid_spouse = requestid2: null

2022-11-22 15:53:09 - [TEST_STEP][PASSED] - println("requestid kons : " + reqid_kons): null

2022-11-22 15:53:09 - [TEST_STEP][PASSED] - response_searchME_kons = reqid_kons: null

2022-11-22 15:53:09 - [TEST_STEP][PASSED] - response_searchME_spouse = reqid_spouse: null

2022-11-22 15:53:09 - [TEST_STEP][PASSED] - println("kons req id is :" + response_searchME_kons): null

2022-11-22 15:53:09 - [TEST_STEP][PASSED] - println("spouse req id is : " + response_searchME_spouse): null

2022-11-22 15:53:09 - [TEST_STEP][PASSED] - verifyResponseStatusCode(req_data, 200): Verify response status code successfully

2022-11-22 15:53:09 - [MESSAGE][PASSED] - Verify response status code successfully

2022-11-22 15:53:09 - [TEST_STEP][PASSED] - response = req_data.getResponseText(): null

2022-11-22 15:53:09 - [TEST_STEP][PASSED] - logInfo($response): {"status":"Done","data":{"requestid1":"242018","requestid2":""}}

2022-11-22 15:53:09 - [MESSAGE][INFO] - {"status":"Done","data":{"requestid1":"242018","requestid2":""}}

2022-11-22 15:53:09 - [TEST_STEP][PASSED] - delay(3): Delayed 3 second(s)

2022-11-22 15:53:12 - [MESSAGE][PASSED] - Delayed 3 second(s)

2022-11-22 15:53:12 - [TEST_STEP][PASSED] - scoring = sendRequest(findTestObject("EngineScore", ["response_searchME_kons":response_searchME_kons, "response_searchME_spouse":response_searchME_spouse])): Send request successfully

2022-11-22 15:53:12 - [MESSAGE][INFO] - HAR: D:\DMS\Engine Scoring\Reports\20221122_153620\Exclude KKB - DS\Scoring Individu - Used\20221122_153620\requests\main\371.har

2022-11-22 15:53:12 - [MESSAGE][PASSED] - Send request successfully

2022-11-22 15:53:12 - [TEST_STEP][PASSED] - verifyResponseStatusCode(scoring, 200): Verify response status code successfully

2022-11-22 15:53:12 - [MESSAGE][PASSED] - Verify response status code successfully

2022-11-22 15:53:12 - [TEST_STEP][PASSED] - response2 = scoring.getResponseText(): null

2022-11-22 15:53:12 - [TEST_STEP][PASSED] - markPassed("result service data ke : " + no): result service data ke : 186

2022-11-22 15:53:12 - [MESSAGE][PASSED] - result service data ke : 186

2022-11-22 15:53:12 - [TEST_STEP][PASSED] - logInfo($response2): {"result_konsumen":"Approve","result_pasangan":"","Final_result":"Approve","errorMessage":"","status":"Done"}

2022-11-22 15:53:12 - [MESSAGE][INFO] - {"result_konsumen":"Approve","result_pasangan":"","Final_result":"Approve","errorMessage":"","status":"Done"}

2022-11-22 15:53:12 - [TEST_STEP][PASSED] - verifyElementPropertyValue(scoring, "Final_result", final_result): Verify element property value successfully

2022-11-22 15:53:12 - [MESSAGE][PASSED] - Verify element property value successfully]]></system-out>
         <system-err><![CDATA[]]></system-err>
      </testcase>
      <testcase name="Test Cases/Engine_Scoring/Engine Scoring" time="5.591" classname="Test Cases/Engine_Scoring/Engine Scoring" status="PASSED">
         <system-out><![CDATA[2022-11-22 15:53:12 - [TEST_CASE][PASSED] - Test Cases/Engine_Scoring/Engine Scoring: Test Cases/Engine_Scoring/Engine Scoring

2022-11-22 15:53:14 - [TEST_STEP][PASSED] - markPassed("Variasi data ke : " + no): Variasi data ke : 187

2022-11-22 15:53:14 - [MESSAGE][PASSED] - Variasi data ke : 187

2022-11-22 15:53:14 - [TEST_STEP][PASSED] - req_data = sendRequest(findTestObject("Search_ME", ["MID":MID, "source":source, "ip":ip, "userid":userid, "branch":branch, "tipekons":tipekons, "marital":marital, "penjamin":penjamin, ... ])): Send request successfully

2022-11-22 15:53:15 - [MESSAGE][INFO] - HAR: D:\DMS\Engine Scoring\Reports\20221122_153620\Exclude KKB - DS\Scoring Individu - Used\20221122_153620\requests\main\372.har

2022-11-22 15:53:15 - [MESSAGE][PASSED] - Send request successfully

2022-11-22 15:53:15 - [TEST_STEP][PASSED] - slurper = new groovy.json.JsonSlurper(): null

2022-11-22 15:53:15 - [TEST_STEP][PASSED] - result = slurper.parseText(req_data.getResponseBodyContent()): null

2022-11-22 15:53:15 - [TEST_STEP][PASSED] - reqid_kons = requestid1: null

2022-11-22 15:53:15 - [TEST_STEP][PASSED] - reqid_spouse = requestid2: null

2022-11-22 15:53:15 - [TEST_STEP][PASSED] - println("requestid kons : " + reqid_kons): null

2022-11-22 15:53:15 - [TEST_STEP][PASSED] - response_searchME_kons = reqid_kons: null

2022-11-22 15:53:15 - [TEST_STEP][PASSED] - response_searchME_spouse = reqid_spouse: null

2022-11-22 15:53:15 - [TEST_STEP][PASSED] - println("kons req id is :" + response_searchME_kons): null

2022-11-22 15:53:15 - [TEST_STEP][PASSED] - println("spouse req id is : " + response_searchME_spouse): null

2022-11-22 15:53:15 - [TEST_STEP][PASSED] - verifyResponseStatusCode(req_data, 200): Verify response status code successfully

2022-11-22 15:53:15 - [MESSAGE][PASSED] - Verify response status code successfully

2022-11-22 15:53:15 - [TEST_STEP][PASSED] - response = req_data.getResponseText(): null

2022-11-22 15:53:15 - [TEST_STEP][PASSED] - logInfo($response): {"status":"Done","data":{"requestid1":"242019","requestid2":""}}

2022-11-22 15:53:15 - [MESSAGE][INFO] - {"status":"Done","data":{"requestid1":"242019","requestid2":""}}

2022-11-22 15:53:15 - [TEST_STEP][PASSED] - delay(3): Delayed 3 second(s)

2022-11-22 15:53:18 - [MESSAGE][PASSED] - Delayed 3 second(s)

2022-11-22 15:53:18 - [TEST_STEP][PASSED] - scoring = sendRequest(findTestObject("EngineScore", ["response_searchME_kons":response_searchME_kons, "response_searchME_spouse":response_searchME_spouse])): Send request successfully

2022-11-22 15:53:18 - [MESSAGE][INFO] - HAR: D:\DMS\Engine Scoring\Reports\20221122_153620\Exclude KKB - DS\Scoring Individu - Used\20221122_153620\requests\main\373.har

2022-11-22 15:53:18 - [MESSAGE][PASSED] - Send request successfully

2022-11-22 15:53:18 - [TEST_STEP][PASSED] - verifyResponseStatusCode(scoring, 200): Verify response status code successfully

2022-11-22 15:53:18 - [MESSAGE][PASSED] - Verify response status code successfully

2022-11-22 15:53:18 - [TEST_STEP][PASSED] - response2 = scoring.getResponseText(): null

2022-11-22 15:53:18 - [TEST_STEP][PASSED] - markPassed("result service data ke : " + no): result service data ke : 187

2022-11-22 15:53:18 - [MESSAGE][PASSED] - result service data ke : 187

2022-11-22 15:53:18 - [TEST_STEP][PASSED] - logInfo($response2): {"result_konsumen":"Approve","result_pasangan":"","Final_result":"Approve","errorMessage":"","status":"Done"}

2022-11-22 15:53:18 - [MESSAGE][INFO] - {"result_konsumen":"Approve","result_pasangan":"","Final_result":"Approve","errorMessage":"","status":"Done"}

2022-11-22 15:53:18 - [TEST_STEP][PASSED] - verifyElementPropertyValue(scoring, "Final_result", final_result): Verify element property value successfully

2022-11-22 15:53:18 - [MESSAGE][PASSED] - Verify element property value successfully]]></system-out>
         <system-err><![CDATA[]]></system-err>
      </testcase>
      <testcase name="Test Cases/Engine_Scoring/Engine Scoring" time="5.726" classname="Test Cases/Engine_Scoring/Engine Scoring" status="PASSED">
         <system-out><![CDATA[2022-11-22 15:53:18 - [TEST_CASE][PASSED] - Test Cases/Engine_Scoring/Engine Scoring: Test Cases/Engine_Scoring/Engine Scoring

2022-11-22 15:53:20 - [TEST_STEP][PASSED] - markPassed("Variasi data ke : " + no): Variasi data ke : 188

2022-11-22 15:53:20 - [MESSAGE][PASSED] - Variasi data ke : 188

2022-11-22 15:53:20 - [TEST_STEP][PASSED] - req_data = sendRequest(findTestObject("Search_ME", ["MID":MID, "source":source, "ip":ip, "userid":userid, "branch":branch, "tipekons":tipekons, "marital":marital, "penjamin":penjamin, ... ])): Send request successfully

2022-11-22 15:53:21 - [MESSAGE][INFO] - HAR: D:\DMS\Engine Scoring\Reports\20221122_153620\Exclude KKB - DS\Scoring Individu - Used\20221122_153620\requests\main\374.har

2022-11-22 15:53:21 - [MESSAGE][PASSED] - Send request successfully

2022-11-22 15:53:21 - [TEST_STEP][PASSED] - slurper = new groovy.json.JsonSlurper(): null

2022-11-22 15:53:21 - [TEST_STEP][PASSED] - result = slurper.parseText(req_data.getResponseBodyContent()): null

2022-11-22 15:53:21 - [TEST_STEP][PASSED] - reqid_kons = requestid1: null

2022-11-22 15:53:21 - [TEST_STEP][PASSED] - reqid_spouse = requestid2: null

2022-11-22 15:53:21 - [TEST_STEP][PASSED] - println("requestid kons : " + reqid_kons): null

2022-11-22 15:53:21 - [TEST_STEP][PASSED] - response_searchME_kons = reqid_kons: null

2022-11-22 15:53:21 - [TEST_STEP][PASSED] - response_searchME_spouse = reqid_spouse: null

2022-11-22 15:53:21 - [TEST_STEP][PASSED] - println("kons req id is :" + response_searchME_kons): null

2022-11-22 15:53:21 - [TEST_STEP][PASSED] - println("spouse req id is : " + response_searchME_spouse): null

2022-11-22 15:53:21 - [TEST_STEP][PASSED] - verifyResponseStatusCode(req_data, 200): Verify response status code successfully

2022-11-22 15:53:21 - [MESSAGE][PASSED] - Verify response status code successfully

2022-11-22 15:53:21 - [TEST_STEP][PASSED] - response = req_data.getResponseText(): null

2022-11-22 15:53:21 - [TEST_STEP][PASSED] - logInfo($response): {"status":"Done","data":{"requestid1":"242020","requestid2":""}}

2022-11-22 15:53:21 - [MESSAGE][INFO] - {"status":"Done","data":{"requestid1":"242020","requestid2":""}}

2022-11-22 15:53:21 - [TEST_STEP][PASSED] - delay(3): Delayed 3 second(s)

2022-11-22 15:53:24 - [MESSAGE][PASSED] - Delayed 3 second(s)

2022-11-22 15:53:24 - [TEST_STEP][PASSED] - scoring = sendRequest(findTestObject("EngineScore", ["response_searchME_kons":response_searchME_kons, "response_searchME_spouse":response_searchME_spouse])): Send request successfully

2022-11-22 15:53:24 - [MESSAGE][INFO] - HAR: D:\DMS\Engine Scoring\Reports\20221122_153620\Exclude KKB - DS\Scoring Individu - Used\20221122_153620\requests\main\375.har

2022-11-22 15:53:24 - [MESSAGE][PASSED] - Send request successfully

2022-11-22 15:53:24 - [TEST_STEP][PASSED] - verifyResponseStatusCode(scoring, 200): Verify response status code successfully

2022-11-22 15:53:24 - [MESSAGE][PASSED] - Verify response status code successfully

2022-11-22 15:53:24 - [TEST_STEP][PASSED] - response2 = scoring.getResponseText(): null

2022-11-22 15:53:24 - [TEST_STEP][PASSED] - markPassed("result service data ke : " + no): result service data ke : 188

2022-11-22 15:53:24 - [MESSAGE][PASSED] - result service data ke : 188

2022-11-22 15:53:24 - [TEST_STEP][PASSED] - logInfo($response2): {"result_konsumen":"Approve","result_pasangan":"","Final_result":"Approve","errorMessage":"","status":"Done"}

2022-11-22 15:53:24 - [MESSAGE][INFO] - {"result_konsumen":"Approve","result_pasangan":"","Final_result":"Approve","errorMessage":"","status":"Done"}

2022-11-22 15:53:24 - [TEST_STEP][PASSED] - verifyElementPropertyValue(scoring, "Final_result", final_result): Verify element property value successfully

2022-11-22 15:53:24 - [MESSAGE][PASSED] - Verify element property value successfully]]></system-out>
         <system-err><![CDATA[]]></system-err>
      </testcase>
      <testcase name="Test Cases/Engine_Scoring/Engine Scoring" time="5.643" classname="Test Cases/Engine_Scoring/Engine Scoring" status="PASSED">
         <system-out><![CDATA[2022-11-22 15:53:24 - [TEST_CASE][PASSED] - Test Cases/Engine_Scoring/Engine Scoring: Test Cases/Engine_Scoring/Engine Scoring

2022-11-22 15:53:25 - [TEST_STEP][PASSED] - markPassed("Variasi data ke : " + no): Variasi data ke : 189

2022-11-22 15:53:25 - [MESSAGE][PASSED] - Variasi data ke : 189

2022-11-22 15:53:25 - [TEST_STEP][PASSED] - req_data = sendRequest(findTestObject("Search_ME", ["MID":MID, "source":source, "ip":ip, "userid":userid, "branch":branch, "tipekons":tipekons, "marital":marital, "penjamin":penjamin, ... ])): Send request successfully

2022-11-22 15:53:26 - [MESSAGE][INFO] - HAR: D:\DMS\Engine Scoring\Reports\20221122_153620\Exclude KKB - DS\Scoring Individu - Used\20221122_153620\requests\main\376.har

2022-11-22 15:53:26 - [MESSAGE][PASSED] - Send request successfully

2022-11-22 15:53:26 - [TEST_STEP][PASSED] - slurper = new groovy.json.JsonSlurper(): null

2022-11-22 15:53:26 - [TEST_STEP][PASSED] - result = slurper.parseText(req_data.getResponseBodyContent()): null

2022-11-22 15:53:26 - [TEST_STEP][PASSED] - reqid_kons = requestid1: null

2022-11-22 15:53:26 - [TEST_STEP][PASSED] - reqid_spouse = requestid2: null

2022-11-22 15:53:26 - [TEST_STEP][PASSED] - println("requestid kons : " + reqid_kons): null

2022-11-22 15:53:26 - [TEST_STEP][PASSED] - response_searchME_kons = reqid_kons: null

2022-11-22 15:53:26 - [TEST_STEP][PASSED] - response_searchME_spouse = reqid_spouse: null

2022-11-22 15:53:26 - [TEST_STEP][PASSED] - println("kons req id is :" + response_searchME_kons): null

2022-11-22 15:53:26 - [TEST_STEP][PASSED] - println("spouse req id is : " + response_searchME_spouse): null

2022-11-22 15:53:26 - [TEST_STEP][PASSED] - verifyResponseStatusCode(req_data, 200): Verify response status code successfully

2022-11-22 15:53:26 - [MESSAGE][PASSED] - Verify response status code successfully

2022-11-22 15:53:26 - [TEST_STEP][PASSED] - response = req_data.getResponseText(): null

2022-11-22 15:53:26 - [TEST_STEP][PASSED] - logInfo($response): {"status":"Done","data":{"requestid1":"242021","requestid2":""}}

2022-11-22 15:53:26 - [MESSAGE][INFO] - {"status":"Done","data":{"requestid1":"242021","requestid2":""}}

2022-11-22 15:53:26 - [TEST_STEP][PASSED] - delay(3): Delayed 3 second(s)

2022-11-22 15:53:29 - [MESSAGE][PASSED] - Delayed 3 second(s)

2022-11-22 15:53:29 - [TEST_STEP][PASSED] - scoring = sendRequest(findTestObject("EngineScore", ["response_searchME_kons":response_searchME_kons, "response_searchME_spouse":response_searchME_spouse])): Send request successfully

2022-11-22 15:53:30 - [MESSAGE][INFO] - HAR: D:\DMS\Engine Scoring\Reports\20221122_153620\Exclude KKB - DS\Scoring Individu - Used\20221122_153620\requests\main\377.har

2022-11-22 15:53:30 - [MESSAGE][PASSED] - Send request successfully

2022-11-22 15:53:30 - [TEST_STEP][PASSED] - verifyResponseStatusCode(scoring, 200): Verify response status code successfully

2022-11-22 15:53:30 - [MESSAGE][PASSED] - Verify response status code successfully

2022-11-22 15:53:30 - [TEST_STEP][PASSED] - response2 = scoring.getResponseText(): null

2022-11-22 15:53:30 - [TEST_STEP][PASSED] - markPassed("result service data ke : " + no): result service data ke : 189

2022-11-22 15:53:30 - [MESSAGE][PASSED] - result service data ke : 189

2022-11-22 15:53:30 - [TEST_STEP][PASSED] - logInfo($response2): {"result_konsumen":"Reject","result_pasangan":"","Final_result":"Reject","errorMessage":"","status":"Done"}

2022-11-22 15:53:30 - [MESSAGE][INFO] - {"result_konsumen":"Reject","result_pasangan":"","Final_result":"Reject","errorMessage":"","status":"Done"}

2022-11-22 15:53:30 - [TEST_STEP][PASSED] - verifyElementPropertyValue(scoring, "Final_result", final_result): Verify element property value successfully

2022-11-22 15:53:30 - [MESSAGE][PASSED] - Verify element property value successfully]]></system-out>
         <system-err><![CDATA[]]></system-err>
      </testcase>
      <testcase name="Test Cases/Engine_Scoring/Engine Scoring" time="5.62" classname="Test Cases/Engine_Scoring/Engine Scoring" status="PASSED">
         <system-out><![CDATA[2022-11-22 15:53:30 - [TEST_CASE][PASSED] - Test Cases/Engine_Scoring/Engine Scoring: Test Cases/Engine_Scoring/Engine Scoring

2022-11-22 15:53:31 - [TEST_STEP][PASSED] - markPassed("Variasi data ke : " + no): Variasi data ke : 190

2022-11-22 15:53:31 - [MESSAGE][PASSED] - Variasi data ke : 190

2022-11-22 15:53:31 - [TEST_STEP][PASSED] - req_data = sendRequest(findTestObject("Search_ME", ["MID":MID, "source":source, "ip":ip, "userid":userid, "branch":branch, "tipekons":tipekons, "marital":marital, "penjamin":penjamin, ... ])): Send request successfully

2022-11-22 15:53:32 - [MESSAGE][INFO] - HAR: D:\DMS\Engine Scoring\Reports\20221122_153620\Exclude KKB - DS\Scoring Individu - Used\20221122_153620\requests\main\378.har

2022-11-22 15:53:32 - [MESSAGE][PASSED] - Send request successfully

2022-11-22 15:53:32 - [TEST_STEP][PASSED] - slurper = new groovy.json.JsonSlurper(): null

2022-11-22 15:53:32 - [TEST_STEP][PASSED] - result = slurper.parseText(req_data.getResponseBodyContent()): null

2022-11-22 15:53:32 - [TEST_STEP][PASSED] - reqid_kons = requestid1: null

2022-11-22 15:53:32 - [TEST_STEP][PASSED] - reqid_spouse = requestid2: null

2022-11-22 15:53:32 - [TEST_STEP][PASSED] - println("requestid kons : " + reqid_kons): null

2022-11-22 15:53:32 - [TEST_STEP][PASSED] - response_searchME_kons = reqid_kons: null

2022-11-22 15:53:32 - [TEST_STEP][PASSED] - response_searchME_spouse = reqid_spouse: null

2022-11-22 15:53:32 - [TEST_STEP][PASSED] - println("kons req id is :" + response_searchME_kons): null

2022-11-22 15:53:32 - [TEST_STEP][PASSED] - println("spouse req id is : " + response_searchME_spouse): null

2022-11-22 15:53:32 - [TEST_STEP][PASSED] - verifyResponseStatusCode(req_data, 200): Verify response status code successfully

2022-11-22 15:53:32 - [MESSAGE][PASSED] - Verify response status code successfully

2022-11-22 15:53:32 - [TEST_STEP][PASSED] - response = req_data.getResponseText(): null

2022-11-22 15:53:32 - [TEST_STEP][PASSED] - logInfo($response): {"status":"Done","data":{"requestid1":"242022","requestid2":""}}

2022-11-22 15:53:32 - [MESSAGE][INFO] - {"status":"Done","data":{"requestid1":"242022","requestid2":""}}

2022-11-22 15:53:32 - [TEST_STEP][PASSED] - delay(3): Delayed 3 second(s)

2022-11-22 15:53:35 - [MESSAGE][PASSED] - Delayed 3 second(s)

2022-11-22 15:53:35 - [TEST_STEP][PASSED] - scoring = sendRequest(findTestObject("EngineScore", ["response_searchME_kons":response_searchME_kons, "response_searchME_spouse":response_searchME_spouse])): Send request successfully

2022-11-22 15:53:35 - [MESSAGE][INFO] - HAR: D:\DMS\Engine Scoring\Reports\20221122_153620\Exclude KKB - DS\Scoring Individu - Used\20221122_153620\requests\main\379.har

2022-11-22 15:53:35 - [MESSAGE][PASSED] - Send request successfully

2022-11-22 15:53:35 - [TEST_STEP][PASSED] - verifyResponseStatusCode(scoring, 200): Verify response status code successfully

2022-11-22 15:53:35 - [MESSAGE][PASSED] - Verify response status code successfully

2022-11-22 15:53:35 - [TEST_STEP][PASSED] - response2 = scoring.getResponseText(): null

2022-11-22 15:53:35 - [TEST_STEP][PASSED] - markPassed("result service data ke : " + no): result service data ke : 190

2022-11-22 15:53:35 - [MESSAGE][PASSED] - result service data ke : 190

2022-11-22 15:53:35 - [TEST_STEP][PASSED] - logInfo($response2): {"result_konsumen":"Reject","result_pasangan":"","Final_result":"Reject","errorMessage":"","status":"Done"}

2022-11-22 15:53:35 - [MESSAGE][INFO] - {"result_konsumen":"Reject","result_pasangan":"","Final_result":"Reject","errorMessage":"","status":"Done"}

2022-11-22 15:53:35 - [TEST_STEP][PASSED] - verifyElementPropertyValue(scoring, "Final_result", final_result): Verify element property value successfully

2022-11-22 15:53:35 - [MESSAGE][PASSED] - Verify element property value successfully]]></system-out>
         <system-err><![CDATA[]]></system-err>
      </testcase>
      <testcase name="Test Cases/Engine_Scoring/Engine Scoring" time="5.77" classname="Test Cases/Engine_Scoring/Engine Scoring" status="PASSED">
         <system-out><![CDATA[2022-11-22 15:53:35 - [TEST_CASE][PASSED] - Test Cases/Engine_Scoring/Engine Scoring: Test Cases/Engine_Scoring/Engine Scoring

2022-11-22 15:53:37 - [TEST_STEP][PASSED] - markPassed("Variasi data ke : " + no): Variasi data ke : 191

2022-11-22 15:53:37 - [MESSAGE][PASSED] - Variasi data ke : 191

2022-11-22 15:53:37 - [TEST_STEP][PASSED] - req_data = sendRequest(findTestObject("Search_ME", ["MID":MID, "source":source, "ip":ip, "userid":userid, "branch":branch, "tipekons":tipekons, "marital":marital, "penjamin":penjamin, ... ])): Send request successfully

2022-11-22 15:53:38 - [MESSAGE][INFO] - HAR: D:\DMS\Engine Scoring\Reports\20221122_153620\Exclude KKB - DS\Scoring Individu - Used\20221122_153620\requests\main\380.har

2022-11-22 15:53:38 - [MESSAGE][PASSED] - Send request successfully

2022-11-22 15:53:38 - [TEST_STEP][PASSED] - slurper = new groovy.json.JsonSlurper(): null

2022-11-22 15:53:38 - [TEST_STEP][PASSED] - result = slurper.parseText(req_data.getResponseBodyContent()): null

2022-11-22 15:53:38 - [TEST_STEP][PASSED] - reqid_kons = requestid1: null

2022-11-22 15:53:38 - [TEST_STEP][PASSED] - reqid_spouse = requestid2: null

2022-11-22 15:53:38 - [TEST_STEP][PASSED] - println("requestid kons : " + reqid_kons): null

2022-11-22 15:53:38 - [TEST_STEP][PASSED] - response_searchME_kons = reqid_kons: null

2022-11-22 15:53:38 - [TEST_STEP][PASSED] - response_searchME_spouse = reqid_spouse: null

2022-11-22 15:53:38 - [TEST_STEP][PASSED] - println("kons req id is :" + response_searchME_kons): null

2022-11-22 15:53:38 - [TEST_STEP][PASSED] - println("spouse req id is : " + response_searchME_spouse): null

2022-11-22 15:53:38 - [TEST_STEP][PASSED] - verifyResponseStatusCode(req_data, 200): Verify response status code successfully

2022-11-22 15:53:38 - [MESSAGE][PASSED] - Verify response status code successfully

2022-11-22 15:53:38 - [TEST_STEP][PASSED] - response = req_data.getResponseText(): null

2022-11-22 15:53:38 - [TEST_STEP][PASSED] - logInfo($response): {"status":"Done","data":{"requestid1":"242023","requestid2":""}}

2022-11-22 15:53:38 - [MESSAGE][INFO] - {"status":"Done","data":{"requestid1":"242023","requestid2":""}}

2022-11-22 15:53:38 - [TEST_STEP][PASSED] - delay(3): Delayed 3 second(s)

2022-11-22 15:53:41 - [MESSAGE][PASSED] - Delayed 3 second(s)

2022-11-22 15:53:41 - [TEST_STEP][PASSED] - scoring = sendRequest(findTestObject("EngineScore", ["response_searchME_kons":response_searchME_kons, "response_searchME_spouse":response_searchME_spouse])): Send request successfully

2022-11-22 15:53:41 - [MESSAGE][INFO] - HAR: D:\DMS\Engine Scoring\Reports\20221122_153620\Exclude KKB - DS\Scoring Individu - Used\20221122_153620\requests\main\381.har

2022-11-22 15:53:41 - [MESSAGE][PASSED] - Send request successfully

2022-11-22 15:53:41 - [TEST_STEP][PASSED] - verifyResponseStatusCode(scoring, 200): Verify response status code successfully

2022-11-22 15:53:41 - [MESSAGE][PASSED] - Verify response status code successfully

2022-11-22 15:53:41 - [TEST_STEP][PASSED] - response2 = scoring.getResponseText(): null

2022-11-22 15:53:41 - [TEST_STEP][PASSED] - markPassed("result service data ke : " + no): result service data ke : 191

2022-11-22 15:53:41 - [MESSAGE][PASSED] - result service data ke : 191

2022-11-22 15:53:41 - [TEST_STEP][PASSED] - logInfo($response2): {"result_konsumen":"Reject","result_pasangan":"","Final_result":"Reject","errorMessage":"","status":"Done"}

2022-11-22 15:53:41 - [MESSAGE][INFO] - {"result_konsumen":"Reject","result_pasangan":"","Final_result":"Reject","errorMessage":"","status":"Done"}

2022-11-22 15:53:41 - [TEST_STEP][PASSED] - verifyElementPropertyValue(scoring, "Final_result", final_result): Verify element property value successfully

2022-11-22 15:53:41 - [MESSAGE][PASSED] - Verify element property value successfully]]></system-out>
         <system-err><![CDATA[]]></system-err>
      </testcase>
      <testcase name="Test Cases/Engine_Scoring/Engine Scoring" time="5.691" classname="Test Cases/Engine_Scoring/Engine Scoring" status="PASSED">
         <system-out><![CDATA[2022-11-22 15:53:41 - [TEST_CASE][PASSED] - Test Cases/Engine_Scoring/Engine Scoring: Test Cases/Engine_Scoring/Engine Scoring

2022-11-22 15:53:42 - [TEST_STEP][PASSED] - markPassed("Variasi data ke : " + no): Variasi data ke : 192

2022-11-22 15:53:42 - [MESSAGE][PASSED] - Variasi data ke : 192

2022-11-22 15:53:42 - [TEST_STEP][PASSED] - req_data = sendRequest(findTestObject("Search_ME", ["MID":MID, "source":source, "ip":ip, "userid":userid, "branch":branch, "tipekons":tipekons, "marital":marital, "penjamin":penjamin, ... ])): Send request successfully

2022-11-22 15:53:44 - [MESSAGE][INFO] - HAR: D:\DMS\Engine Scoring\Reports\20221122_153620\Exclude KKB - DS\Scoring Individu - Used\20221122_153620\requests\main\382.har

2022-11-22 15:53:44 - [MESSAGE][PASSED] - Send request successfully

2022-11-22 15:53:44 - [TEST_STEP][PASSED] - slurper = new groovy.json.JsonSlurper(): null

2022-11-22 15:53:44 - [TEST_STEP][PASSED] - result = slurper.parseText(req_data.getResponseBodyContent()): null

2022-11-22 15:53:44 - [TEST_STEP][PASSED] - reqid_kons = requestid1: null

2022-11-22 15:53:44 - [TEST_STEP][PASSED] - reqid_spouse = requestid2: null

2022-11-22 15:53:44 - [TEST_STEP][PASSED] - println("requestid kons : " + reqid_kons): null

2022-11-22 15:53:44 - [TEST_STEP][PASSED] - response_searchME_kons = reqid_kons: null

2022-11-22 15:53:44 - [TEST_STEP][PASSED] - response_searchME_spouse = reqid_spouse: null

2022-11-22 15:53:44 - [TEST_STEP][PASSED] - println("kons req id is :" + response_searchME_kons): null

2022-11-22 15:53:44 - [TEST_STEP][PASSED] - println("spouse req id is : " + response_searchME_spouse): null

2022-11-22 15:53:44 - [TEST_STEP][PASSED] - verifyResponseStatusCode(req_data, 200): Verify response status code successfully

2022-11-22 15:53:44 - [MESSAGE][PASSED] - Verify response status code successfully

2022-11-22 15:53:44 - [TEST_STEP][PASSED] - response = req_data.getResponseText(): null

2022-11-22 15:53:44 - [TEST_STEP][PASSED] - logInfo($response): {"status":"Done","data":{"requestid1":"242024","requestid2":""}}

2022-11-22 15:53:44 - [MESSAGE][INFO] - {"status":"Done","data":{"requestid1":"242024","requestid2":""}}

2022-11-22 15:53:44 - [TEST_STEP][PASSED] - delay(3): Delayed 3 second(s)

2022-11-22 15:53:47 - [MESSAGE][PASSED] - Delayed 3 second(s)

2022-11-22 15:53:47 - [TEST_STEP][PASSED] - scoring = sendRequest(findTestObject("EngineScore", ["response_searchME_kons":response_searchME_kons, "response_searchME_spouse":response_searchME_spouse])): Send request successfully

2022-11-22 15:53:47 - [MESSAGE][INFO] - HAR: D:\DMS\Engine Scoring\Reports\20221122_153620\Exclude KKB - DS\Scoring Individu - Used\20221122_153620\requests\main\383.har

2022-11-22 15:53:47 - [MESSAGE][PASSED] - Send request successfully

2022-11-22 15:53:47 - [TEST_STEP][PASSED] - verifyResponseStatusCode(scoring, 200): Verify response status code successfully

2022-11-22 15:53:47 - [MESSAGE][PASSED] - Verify response status code successfully

2022-11-22 15:53:47 - [TEST_STEP][PASSED] - response2 = scoring.getResponseText(): null

2022-11-22 15:53:47 - [TEST_STEP][PASSED] - markPassed("result service data ke : " + no): result service data ke : 192

2022-11-22 15:53:47 - [MESSAGE][PASSED] - result service data ke : 192

2022-11-22 15:53:47 - [TEST_STEP][PASSED] - logInfo($response2): {"result_konsumen":"Reject","result_pasangan":"","Final_result":"Reject","errorMessage":"","status":"Done"}

2022-11-22 15:53:47 - [MESSAGE][INFO] - {"result_konsumen":"Reject","result_pasangan":"","Final_result":"Reject","errorMessage":"","status":"Done"}

2022-11-22 15:53:47 - [TEST_STEP][PASSED] - verifyElementPropertyValue(scoring, "Final_result", final_result): Verify element property value successfully

2022-11-22 15:53:47 - [MESSAGE][PASSED] - Verify element property value successfully]]></system-out>
         <system-err><![CDATA[]]></system-err>
      </testcase>
      <testcase name="Test Cases/Engine_Scoring/Engine Scoring" time="5.885" classname="Test Cases/Engine_Scoring/Engine Scoring" status="PASSED">
         <system-out><![CDATA[2022-11-22 15:53:47 - [TEST_CASE][PASSED] - Test Cases/Engine_Scoring/Engine Scoring: Test Cases/Engine_Scoring/Engine Scoring

2022-11-22 15:53:48 - [TEST_STEP][PASSED] - markPassed("Variasi data ke : " + no): Variasi data ke : 193

2022-11-22 15:53:48 - [MESSAGE][PASSED] - Variasi data ke : 193

2022-11-22 15:53:48 - [TEST_STEP][PASSED] - req_data = sendRequest(findTestObject("Search_ME", ["MID":MID, "source":source, "ip":ip, "userid":userid, "branch":branch, "tipekons":tipekons, "marital":marital, "penjamin":penjamin, ... ])): Send request successfully

2022-11-22 15:53:49 - [MESSAGE][INFO] - HAR: D:\DMS\Engine Scoring\Reports\20221122_153620\Exclude KKB - DS\Scoring Individu - Used\20221122_153620\requests\main\384.har

2022-11-22 15:53:49 - [MESSAGE][PASSED] - Send request successfully

2022-11-22 15:53:49 - [TEST_STEP][PASSED] - slurper = new groovy.json.JsonSlurper(): null

2022-11-22 15:53:49 - [TEST_STEP][PASSED] - result = slurper.parseText(req_data.getResponseBodyContent()): null

2022-11-22 15:53:49 - [TEST_STEP][PASSED] - reqid_kons = requestid1: null

2022-11-22 15:53:49 - [TEST_STEP][PASSED] - reqid_spouse = requestid2: null

2022-11-22 15:53:49 - [TEST_STEP][PASSED] - println("requestid kons : " + reqid_kons): null

2022-11-22 15:53:49 - [TEST_STEP][PASSED] - response_searchME_kons = reqid_kons: null

2022-11-22 15:53:49 - [TEST_STEP][PASSED] - response_searchME_spouse = reqid_spouse: null

2022-11-22 15:53:49 - [TEST_STEP][PASSED] - println("kons req id is :" + response_searchME_kons): null

2022-11-22 15:53:49 - [TEST_STEP][PASSED] - println("spouse req id is : " + response_searchME_spouse): null

2022-11-22 15:53:49 - [TEST_STEP][PASSED] - verifyResponseStatusCode(req_data, 200): Verify response status code successfully

2022-11-22 15:53:49 - [MESSAGE][PASSED] - Verify response status code successfully

2022-11-22 15:53:49 - [TEST_STEP][PASSED] - response = req_data.getResponseText(): null

2022-11-22 15:53:49 - [TEST_STEP][PASSED] - logInfo($response): {"status":"Done","data":{"requestid1":"242025","requestid2":""}}

2022-11-22 15:53:49 - [MESSAGE][INFO] - {"status":"Done","data":{"requestid1":"242025","requestid2":""}}

2022-11-22 15:53:49 - [TEST_STEP][PASSED] - delay(3): Delayed 3 second(s)

2022-11-22 15:53:53 - [MESSAGE][PASSED] - Delayed 3 second(s)

2022-11-22 15:53:53 - [TEST_STEP][PASSED] - scoring = sendRequest(findTestObject("EngineScore", ["response_searchME_kons":response_searchME_kons, "response_searchME_spouse":response_searchME_spouse])): Send request successfully

2022-11-22 15:53:53 - [MESSAGE][INFO] - HAR: D:\DMS\Engine Scoring\Reports\20221122_153620\Exclude KKB - DS\Scoring Individu - Used\20221122_153620\requests\main\385.har

2022-11-22 15:53:53 - [MESSAGE][PASSED] - Send request successfully

2022-11-22 15:53:53 - [TEST_STEP][PASSED] - verifyResponseStatusCode(scoring, 200): Verify response status code successfully

2022-11-22 15:53:53 - [MESSAGE][PASSED] - Verify response status code successfully

2022-11-22 15:53:53 - [TEST_STEP][PASSED] - response2 = scoring.getResponseText(): null

2022-11-22 15:53:53 - [TEST_STEP][PASSED] - markPassed("result service data ke : " + no): result service data ke : 193

2022-11-22 15:53:53 - [MESSAGE][PASSED] - result service data ke : 193

2022-11-22 15:53:53 - [TEST_STEP][PASSED] - logInfo($response2): {"result_konsumen":"Reguler","result_pasangan":"","Final_result":"Reguler","errorMessage":"","status":"Done"}

2022-11-22 15:53:53 - [MESSAGE][INFO] - {"result_konsumen":"Reguler","result_pasangan":"","Final_result":"Reguler","errorMessage":"","status":"Done"}

2022-11-22 15:53:53 - [TEST_STEP][PASSED] - verifyElementPropertyValue(scoring, "Final_result", final_result): Verify element property value successfully

2022-11-22 15:53:53 - [MESSAGE][PASSED] - Verify element property value successfully]]></system-out>
         <system-err><![CDATA[]]></system-err>
      </testcase>
      <testcase name="Test Cases/Engine_Scoring/Engine Scoring" time="5.64" classname="Test Cases/Engine_Scoring/Engine Scoring" status="PASSED">
         <system-out><![CDATA[2022-11-22 15:53:53 - [TEST_CASE][PASSED] - Test Cases/Engine_Scoring/Engine Scoring: Test Cases/Engine_Scoring/Engine Scoring

2022-11-22 15:53:54 - [TEST_STEP][PASSED] - markPassed("Variasi data ke : " + no): Variasi data ke : 194

2022-11-22 15:53:54 - [MESSAGE][PASSED] - Variasi data ke : 194

2022-11-22 15:53:54 - [TEST_STEP][PASSED] - req_data = sendRequest(findTestObject("Search_ME", ["MID":MID, "source":source, "ip":ip, "userid":userid, "branch":branch, "tipekons":tipekons, "marital":marital, "penjamin":penjamin, ... ])): Send request successfully

2022-11-22 15:53:55 - [MESSAGE][INFO] - HAR: D:\DMS\Engine Scoring\Reports\20221122_153620\Exclude KKB - DS\Scoring Individu - Used\20221122_153620\requests\main\386.har

2022-11-22 15:53:55 - [MESSAGE][PASSED] - Send request successfully

2022-11-22 15:53:55 - [TEST_STEP][PASSED] - slurper = new groovy.json.JsonSlurper(): null

2022-11-22 15:53:55 - [TEST_STEP][PASSED] - result = slurper.parseText(req_data.getResponseBodyContent()): null

2022-11-22 15:53:55 - [TEST_STEP][PASSED] - reqid_kons = requestid1: null

2022-11-22 15:53:55 - [TEST_STEP][PASSED] - reqid_spouse = requestid2: null

2022-11-22 15:53:55 - [TEST_STEP][PASSED] - println("requestid kons : " + reqid_kons): null

2022-11-22 15:53:55 - [TEST_STEP][PASSED] - response_searchME_kons = reqid_kons: null

2022-11-22 15:53:55 - [TEST_STEP][PASSED] - response_searchME_spouse = reqid_spouse: null

2022-11-22 15:53:55 - [TEST_STEP][PASSED] - println("kons req id is :" + response_searchME_kons): null

2022-11-22 15:53:55 - [TEST_STEP][PASSED] - println("spouse req id is : " + response_searchME_spouse): null

2022-11-22 15:53:55 - [TEST_STEP][PASSED] - verifyResponseStatusCode(req_data, 200): Verify response status code successfully

2022-11-22 15:53:55 - [MESSAGE][PASSED] - Verify response status code successfully

2022-11-22 15:53:55 - [TEST_STEP][PASSED] - response = req_data.getResponseText(): null

2022-11-22 15:53:55 - [TEST_STEP][PASSED] - logInfo($response): {"status":"Done","data":{"requestid1":"242026","requestid2":""}}

2022-11-22 15:53:55 - [MESSAGE][INFO] - {"status":"Done","data":{"requestid1":"242026","requestid2":""}}

2022-11-22 15:53:55 - [TEST_STEP][PASSED] - delay(3): Delayed 3 second(s)

2022-11-22 15:53:58 - [MESSAGE][PASSED] - Delayed 3 second(s)

2022-11-22 15:53:58 - [TEST_STEP][PASSED] - scoring = sendRequest(findTestObject("EngineScore", ["response_searchME_kons":response_searchME_kons, "response_searchME_spouse":response_searchME_spouse])): Send request successfully

2022-11-22 15:53:58 - [MESSAGE][INFO] - HAR: D:\DMS\Engine Scoring\Reports\20221122_153620\Exclude KKB - DS\Scoring Individu - Used\20221122_153620\requests\main\387.har

2022-11-22 15:53:58 - [MESSAGE][PASSED] - Send request successfully

2022-11-22 15:53:58 - [TEST_STEP][PASSED] - verifyResponseStatusCode(scoring, 200): Verify response status code successfully

2022-11-22 15:53:58 - [MESSAGE][PASSED] - Verify response status code successfully

2022-11-22 15:53:58 - [TEST_STEP][PASSED] - response2 = scoring.getResponseText(): null

2022-11-22 15:53:58 - [TEST_STEP][PASSED] - markPassed("result service data ke : " + no): result service data ke : 194

2022-11-22 15:53:58 - [MESSAGE][PASSED] - result service data ke : 194

2022-11-22 15:53:58 - [TEST_STEP][PASSED] - logInfo($response2): {"result_konsumen":"Reguler","result_pasangan":"","Final_result":"Reguler","errorMessage":"","status":"Done"}

2022-11-22 15:53:58 - [MESSAGE][INFO] - {"result_konsumen":"Reguler","result_pasangan":"","Final_result":"Reguler","errorMessage":"","status":"Done"}

2022-11-22 15:53:58 - [TEST_STEP][PASSED] - verifyElementPropertyValue(scoring, "Final_result", final_result): Verify element property value successfully

2022-11-22 15:53:59 - [MESSAGE][PASSED] - Verify element property value successfully]]></system-out>
         <system-err><![CDATA[]]></system-err>
      </testcase>
      <testcase name="Test Cases/Engine_Scoring/Engine Scoring" time="5.578" classname="Test Cases/Engine_Scoring/Engine Scoring" status="PASSED">
         <system-out><![CDATA[2022-11-22 15:53:59 - [TEST_CASE][PASSED] - Test Cases/Engine_Scoring/Engine Scoring: Test Cases/Engine_Scoring/Engine Scoring

2022-11-22 15:54:00 - [TEST_STEP][PASSED] - markPassed("Variasi data ke : " + no): Variasi data ke : 195

2022-11-22 15:54:00 - [MESSAGE][PASSED] - Variasi data ke : 195

2022-11-22 15:54:00 - [TEST_STEP][PASSED] - req_data = sendRequest(findTestObject("Search_ME", ["MID":MID, "source":source, "ip":ip, "userid":userid, "branch":branch, "tipekons":tipekons, "marital":marital, "penjamin":penjamin, ... ])): Send request successfully

2022-11-22 15:54:01 - [MESSAGE][INFO] - HAR: D:\DMS\Engine Scoring\Reports\20221122_153620\Exclude KKB - DS\Scoring Individu - Used\20221122_153620\requests\main\388.har

2022-11-22 15:54:01 - [MESSAGE][PASSED] - Send request successfully

2022-11-22 15:54:01 - [TEST_STEP][PASSED] - slurper = new groovy.json.JsonSlurper(): null

2022-11-22 15:54:01 - [TEST_STEP][PASSED] - result = slurper.parseText(req_data.getResponseBodyContent()): null

2022-11-22 15:54:01 - [TEST_STEP][PASSED] - reqid_kons = requestid1: null

2022-11-22 15:54:01 - [TEST_STEP][PASSED] - reqid_spouse = requestid2: null

2022-11-22 15:54:01 - [TEST_STEP][PASSED] - println("requestid kons : " + reqid_kons): null

2022-11-22 15:54:01 - [TEST_STEP][PASSED] - response_searchME_kons = reqid_kons: null

2022-11-22 15:54:01 - [TEST_STEP][PASSED] - response_searchME_spouse = reqid_spouse: null

2022-11-22 15:54:01 - [TEST_STEP][PASSED] - println("kons req id is :" + response_searchME_kons): null

2022-11-22 15:54:01 - [TEST_STEP][PASSED] - println("spouse req id is : " + response_searchME_spouse): null

2022-11-22 15:54:01 - [TEST_STEP][PASSED] - verifyResponseStatusCode(req_data, 200): Verify response status code successfully

2022-11-22 15:54:01 - [MESSAGE][PASSED] - Verify response status code successfully

2022-11-22 15:54:01 - [TEST_STEP][PASSED] - response = req_data.getResponseText(): null

2022-11-22 15:54:01 - [TEST_STEP][PASSED] - logInfo($response): {"status":"Done","data":{"requestid1":"242027","requestid2":""}}

2022-11-22 15:54:01 - [MESSAGE][INFO] - {"status":"Done","data":{"requestid1":"242027","requestid2":""}}

2022-11-22 15:54:01 - [TEST_STEP][PASSED] - delay(3): Delayed 3 second(s)

2022-11-22 15:54:04 - [MESSAGE][PASSED] - Delayed 3 second(s)

2022-11-22 15:54:04 - [TEST_STEP][PASSED] - scoring = sendRequest(findTestObject("EngineScore", ["response_searchME_kons":response_searchME_kons, "response_searchME_spouse":response_searchME_spouse])): Send request successfully

2022-11-22 15:54:04 - [MESSAGE][INFO] - HAR: D:\DMS\Engine Scoring\Reports\20221122_153620\Exclude KKB - DS\Scoring Individu - Used\20221122_153620\requests\main\389.har

2022-11-22 15:54:04 - [MESSAGE][PASSED] - Send request successfully

2022-11-22 15:54:04 - [TEST_STEP][PASSED] - verifyResponseStatusCode(scoring, 200): Verify response status code successfully

2022-11-22 15:54:04 - [MESSAGE][PASSED] - Verify response status code successfully

2022-11-22 15:54:04 - [TEST_STEP][PASSED] - response2 = scoring.getResponseText(): null

2022-11-22 15:54:04 - [TEST_STEP][PASSED] - markPassed("result service data ke : " + no): result service data ke : 195

2022-11-22 15:54:04 - [MESSAGE][PASSED] - result service data ke : 195

2022-11-22 15:54:04 - [TEST_STEP][PASSED] - logInfo($response2): {"result_konsumen":"Reguler","result_pasangan":"","Final_result":"Reguler","errorMessage":"","status":"Done"}

2022-11-22 15:54:04 - [MESSAGE][INFO] - {"result_konsumen":"Reguler","result_pasangan":"","Final_result":"Reguler","errorMessage":"","status":"Done"}

2022-11-22 15:54:04 - [TEST_STEP][PASSED] - verifyElementPropertyValue(scoring, "Final_result", final_result): Verify element property value successfully

2022-11-22 15:54:04 - [MESSAGE][PASSED] - Verify element property value successfully]]></system-out>
         <system-err><![CDATA[]]></system-err>
      </testcase>
      <testcase name="Test Cases/Engine_Scoring/Engine Scoring" time="5.7" classname="Test Cases/Engine_Scoring/Engine Scoring" status="PASSED">
         <system-out><![CDATA[2022-11-22 15:54:04 - [TEST_CASE][PASSED] - Test Cases/Engine_Scoring/Engine Scoring: Test Cases/Engine_Scoring/Engine Scoring

2022-11-22 15:54:05 - [TEST_STEP][PASSED] - markPassed("Variasi data ke : " + no): Variasi data ke : 196

2022-11-22 15:54:05 - [MESSAGE][PASSED] - Variasi data ke : 196

2022-11-22 15:54:05 - [TEST_STEP][PASSED] - req_data = sendRequest(findTestObject("Search_ME", ["MID":MID, "source":source, "ip":ip, "userid":userid, "branch":branch, "tipekons":tipekons, "marital":marital, "penjamin":penjamin, ... ])): Send request successfully

2022-11-22 15:54:07 - [MESSAGE][INFO] - HAR: D:\DMS\Engine Scoring\Reports\20221122_153620\Exclude KKB - DS\Scoring Individu - Used\20221122_153620\requests\main\390.har

2022-11-22 15:54:07 - [MESSAGE][PASSED] - Send request successfully

2022-11-22 15:54:07 - [TEST_STEP][PASSED] - slurper = new groovy.json.JsonSlurper(): null

2022-11-22 15:54:07 - [TEST_STEP][PASSED] - result = slurper.parseText(req_data.getResponseBodyContent()): null

2022-11-22 15:54:07 - [TEST_STEP][PASSED] - reqid_kons = requestid1: null

2022-11-22 15:54:07 - [TEST_STEP][PASSED] - reqid_spouse = requestid2: null

2022-11-22 15:54:07 - [TEST_STEP][PASSED] - println("requestid kons : " + reqid_kons): null

2022-11-22 15:54:07 - [TEST_STEP][PASSED] - response_searchME_kons = reqid_kons: null

2022-11-22 15:54:07 - [TEST_STEP][PASSED] - response_searchME_spouse = reqid_spouse: null

2022-11-22 15:54:07 - [TEST_STEP][PASSED] - println("kons req id is :" + response_searchME_kons): null

2022-11-22 15:54:07 - [TEST_STEP][PASSED] - println("spouse req id is : " + response_searchME_spouse): null

2022-11-22 15:54:07 - [TEST_STEP][PASSED] - verifyResponseStatusCode(req_data, 200): Verify response status code successfully

2022-11-22 15:54:07 - [MESSAGE][PASSED] - Verify response status code successfully

2022-11-22 15:54:07 - [TEST_STEP][PASSED] - response = req_data.getResponseText(): null

2022-11-22 15:54:07 - [TEST_STEP][PASSED] - logInfo($response): {"status":"Done","data":{"requestid1":"242028","requestid2":""}}

2022-11-22 15:54:07 - [MESSAGE][INFO] - {"status":"Done","data":{"requestid1":"242028","requestid2":""}}

2022-11-22 15:54:07 - [TEST_STEP][PASSED] - delay(3): Delayed 3 second(s)

2022-11-22 15:54:10 - [MESSAGE][PASSED] - Delayed 3 second(s)

2022-11-22 15:54:10 - [TEST_STEP][PASSED] - scoring = sendRequest(findTestObject("EngineScore", ["response_searchME_kons":response_searchME_kons, "response_searchME_spouse":response_searchME_spouse])): Send request successfully

2022-11-22 15:54:10 - [MESSAGE][INFO] - HAR: D:\DMS\Engine Scoring\Reports\20221122_153620\Exclude KKB - DS\Scoring Individu - Used\20221122_153620\requests\main\391.har

2022-11-22 15:54:10 - [MESSAGE][PASSED] - Send request successfully

2022-11-22 15:54:10 - [TEST_STEP][PASSED] - verifyResponseStatusCode(scoring, 200): Verify response status code successfully

2022-11-22 15:54:10 - [MESSAGE][PASSED] - Verify response status code successfully

2022-11-22 15:54:10 - [TEST_STEP][PASSED] - response2 = scoring.getResponseText(): null

2022-11-22 15:54:10 - [TEST_STEP][PASSED] - markPassed("result service data ke : " + no): result service data ke : 196

2022-11-22 15:54:10 - [MESSAGE][PASSED] - result service data ke : 196

2022-11-22 15:54:10 - [TEST_STEP][PASSED] - logInfo($response2): {"result_konsumen":"Reguler","result_pasangan":"","Final_result":"Reguler","errorMessage":"","status":"Done"}

2022-11-22 15:54:10 - [MESSAGE][INFO] - {"result_konsumen":"Reguler","result_pasangan":"","Final_result":"Reguler","errorMessage":"","status":"Done"}

2022-11-22 15:54:10 - [TEST_STEP][PASSED] - verifyElementPropertyValue(scoring, "Final_result", final_result): Verify element property value successfully

2022-11-22 15:54:10 - [MESSAGE][PASSED] - Verify element property value successfully]]></system-out>
         <system-err><![CDATA[]]></system-err>
      </testcase>
      <testcase name="Test Cases/Engine_Scoring/Engine Scoring" time="5.802" classname="Test Cases/Engine_Scoring/Engine Scoring" status="PASSED">
         <system-out><![CDATA[2022-11-22 15:54:10 - [TEST_CASE][PASSED] - Test Cases/Engine_Scoring/Engine Scoring: Test Cases/Engine_Scoring/Engine Scoring

2022-11-22 15:54:11 - [TEST_STEP][PASSED] - markPassed("Variasi data ke : " + no): Variasi data ke : 197

2022-11-22 15:54:11 - [MESSAGE][PASSED] - Variasi data ke : 197

2022-11-22 15:54:11 - [TEST_STEP][PASSED] - req_data = sendRequest(findTestObject("Search_ME", ["MID":MID, "source":source, "ip":ip, "userid":userid, "branch":branch, "tipekons":tipekons, "marital":marital, "penjamin":penjamin, ... ])): Send request successfully

2022-11-22 15:54:13 - [MESSAGE][INFO] - HAR: D:\DMS\Engine Scoring\Reports\20221122_153620\Exclude KKB - DS\Scoring Individu - Used\20221122_153620\requests\main\392.har

2022-11-22 15:54:13 - [MESSAGE][PASSED] - Send request successfully

2022-11-22 15:54:13 - [TEST_STEP][PASSED] - slurper = new groovy.json.JsonSlurper(): null

2022-11-22 15:54:13 - [TEST_STEP][PASSED] - result = slurper.parseText(req_data.getResponseBodyContent()): null

2022-11-22 15:54:13 - [TEST_STEP][PASSED] - reqid_kons = requestid1: null

2022-11-22 15:54:13 - [TEST_STEP][PASSED] - reqid_spouse = requestid2: null

2022-11-22 15:54:13 - [TEST_STEP][PASSED] - println("requestid kons : " + reqid_kons): null

2022-11-22 15:54:13 - [TEST_STEP][PASSED] - response_searchME_kons = reqid_kons: null

2022-11-22 15:54:13 - [TEST_STEP][PASSED] - response_searchME_spouse = reqid_spouse: null

2022-11-22 15:54:13 - [TEST_STEP][PASSED] - println("kons req id is :" + response_searchME_kons): null

2022-11-22 15:54:13 - [TEST_STEP][PASSED] - println("spouse req id is : " + response_searchME_spouse): null

2022-11-22 15:54:13 - [TEST_STEP][PASSED] - verifyResponseStatusCode(req_data, 200): Verify response status code successfully

2022-11-22 15:54:13 - [MESSAGE][PASSED] - Verify response status code successfully

2022-11-22 15:54:13 - [TEST_STEP][PASSED] - response = req_data.getResponseText(): null

2022-11-22 15:54:13 - [TEST_STEP][PASSED] - logInfo($response): {"status":"Done","data":{"requestid1":"242029","requestid2":""}}

2022-11-22 15:54:13 - [MESSAGE][INFO] - {"status":"Done","data":{"requestid1":"242029","requestid2":""}}

2022-11-22 15:54:13 - [TEST_STEP][PASSED] - delay(3): Delayed 3 second(s)

2022-11-22 15:54:16 - [MESSAGE][PASSED] - Delayed 3 second(s)

2022-11-22 15:54:16 - [TEST_STEP][PASSED] - scoring = sendRequest(findTestObject("EngineScore", ["response_searchME_kons":response_searchME_kons, "response_searchME_spouse":response_searchME_spouse])): Send request successfully

2022-11-22 15:54:16 - [MESSAGE][INFO] - HAR: D:\DMS\Engine Scoring\Reports\20221122_153620\Exclude KKB - DS\Scoring Individu - Used\20221122_153620\requests\main\393.har

2022-11-22 15:54:16 - [MESSAGE][PASSED] - Send request successfully

2022-11-22 15:54:16 - [TEST_STEP][PASSED] - verifyResponseStatusCode(scoring, 200): Verify response status code successfully

2022-11-22 15:54:16 - [MESSAGE][PASSED] - Verify response status code successfully

2022-11-22 15:54:16 - [TEST_STEP][PASSED] - response2 = scoring.getResponseText(): null

2022-11-22 15:54:16 - [TEST_STEP][PASSED] - markPassed("result service data ke : " + no): result service data ke : 197

2022-11-22 15:54:16 - [MESSAGE][PASSED] - result service data ke : 197

2022-11-22 15:54:16 - [TEST_STEP][PASSED] - logInfo($response2): {"result_konsumen":"Reject","result_pasangan":"","Final_result":"Reject","errorMessage":"","status":"Done"}

2022-11-22 15:54:16 - [MESSAGE][INFO] - {"result_konsumen":"Reject","result_pasangan":"","Final_result":"Reject","errorMessage":"","status":"Done"}

2022-11-22 15:54:16 - [TEST_STEP][PASSED] - verifyElementPropertyValue(scoring, "Final_result", final_result): Verify element property value successfully

2022-11-22 15:54:16 - [MESSAGE][PASSED] - Verify element property value successfully]]></system-out>
         <system-err><![CDATA[]]></system-err>
      </testcase>
      <testcase name="Test Cases/Engine_Scoring/Engine Scoring" time="9.586" classname="Test Cases/Engine_Scoring/Engine Scoring" status="PASSED">
         <system-out><![CDATA[2022-11-22 15:54:16 - [TEST_CASE][PASSED] - Test Cases/Engine_Scoring/Engine Scoring: Test Cases/Engine_Scoring/Engine Scoring

2022-11-22 15:54:18 - [TEST_STEP][PASSED] - markPassed("Variasi data ke : " + no): Variasi data ke : 198

2022-11-22 15:54:18 - [MESSAGE][PASSED] - Variasi data ke : 198

2022-11-22 15:54:18 - [TEST_STEP][PASSED] - req_data = sendRequest(findTestObject("Search_ME", ["MID":MID, "source":source, "ip":ip, "userid":userid, "branch":branch, "tipekons":tipekons, "marital":marital, "penjamin":penjamin, ... ])): Send request successfully

2022-11-22 15:54:19 - [MESSAGE][INFO] - HAR: D:\DMS\Engine Scoring\Reports\20221122_153620\Exclude KKB - DS\Scoring Individu - Used\20221122_153620\requests\main\394.har

2022-11-22 15:54:19 - [MESSAGE][PASSED] - Send request successfully

2022-11-22 15:54:19 - [TEST_STEP][PASSED] - slurper = new groovy.json.JsonSlurper(): null

2022-11-22 15:54:19 - [TEST_STEP][PASSED] - result = slurper.parseText(req_data.getResponseBodyContent()): null

2022-11-22 15:54:19 - [TEST_STEP][PASSED] - reqid_kons = requestid1: null

2022-11-22 15:54:19 - [TEST_STEP][PASSED] - reqid_spouse = requestid2: null

2022-11-22 15:54:19 - [TEST_STEP][PASSED] - println("requestid kons : " + reqid_kons): null

2022-11-22 15:54:19 - [TEST_STEP][PASSED] - response_searchME_kons = reqid_kons: null

2022-11-22 15:54:19 - [TEST_STEP][PASSED] - response_searchME_spouse = reqid_spouse: null

2022-11-22 15:54:19 - [TEST_STEP][PASSED] - println("kons req id is :" + response_searchME_kons): null

2022-11-22 15:54:19 - [TEST_STEP][PASSED] - println("spouse req id is : " + response_searchME_spouse): null

2022-11-22 15:54:19 - [TEST_STEP][PASSED] - verifyResponseStatusCode(req_data, 200): Verify response status code successfully

2022-11-22 15:54:19 - [MESSAGE][PASSED] - Verify response status code successfully

2022-11-22 15:54:19 - [TEST_STEP][PASSED] - response = req_data.getResponseText(): null

2022-11-22 15:54:19 - [TEST_STEP][PASSED] - logInfo($response): {"status":"Done","data":{"requestid1":"242030","requestid2":""}}

2022-11-22 15:54:19 - [MESSAGE][INFO] - {"status":"Done","data":{"requestid1":"242030","requestid2":""}}

2022-11-22 15:54:19 - [TEST_STEP][PASSED] - delay(3): Delayed 3 second(s)

2022-11-22 15:54:25 - [MESSAGE][PASSED] - Delayed 3 second(s)

2022-11-22 15:54:25 - [TEST_STEP][PASSED] - scoring = sendRequest(findTestObject("EngineScore", ["response_searchME_kons":response_searchME_kons, "response_searchME_spouse":response_searchME_spouse])): Send request successfully

2022-11-22 15:54:25 - [MESSAGE][INFO] - HAR: D:\DMS\Engine Scoring\Reports\20221122_153620\Exclude KKB - DS\Scoring Individu - Used\20221122_153620\requests\main\395.har

2022-11-22 15:54:25 - [MESSAGE][PASSED] - Send request successfully

2022-11-22 15:54:25 - [TEST_STEP][PASSED] - verifyResponseStatusCode(scoring, 200): Verify response status code successfully

2022-11-22 15:54:25 - [MESSAGE][PASSED] - Verify response status code successfully

2022-11-22 15:54:25 - [TEST_STEP][PASSED] - response2 = scoring.getResponseText(): null

2022-11-22 15:54:25 - [TEST_STEP][PASSED] - markPassed("result service data ke : " + no): result service data ke : 198

2022-11-22 15:54:25 - [MESSAGE][PASSED] - result service data ke : 198

2022-11-22 15:54:25 - [TEST_STEP][PASSED] - logInfo($response2): {"result_konsumen":"Reject","result_pasangan":"","Final_result":"Reject","errorMessage":"","status":"Done"}

2022-11-22 15:54:25 - [MESSAGE][INFO] - {"result_konsumen":"Reject","result_pasangan":"","Final_result":"Reject","errorMessage":"","status":"Done"}

2022-11-22 15:54:25 - [TEST_STEP][PASSED] - verifyElementPropertyValue(scoring, "Final_result", final_result): Verify element property value successfully

2022-11-22 15:54:25 - [MESSAGE][PASSED] - Verify element property value successfully]]></system-out>
         <system-err><![CDATA[]]></system-err>
      </testcase>
      <testcase name="Test Cases/Engine_Scoring/Engine Scoring" time="5.82" classname="Test Cases/Engine_Scoring/Engine Scoring" status="PASSED">
         <system-out><![CDATA[2022-11-22 15:54:26 - [TEST_CASE][PASSED] - Test Cases/Engine_Scoring/Engine Scoring: Test Cases/Engine_Scoring/Engine Scoring

2022-11-22 15:54:27 - [TEST_STEP][PASSED] - markPassed("Variasi data ke : " + no): Variasi data ke : 199

2022-11-22 15:54:27 - [MESSAGE][PASSED] - Variasi data ke : 199

2022-11-22 15:54:27 - [TEST_STEP][PASSED] - req_data = sendRequest(findTestObject("Search_ME", ["MID":MID, "source":source, "ip":ip, "userid":userid, "branch":branch, "tipekons":tipekons, "marital":marital, "penjamin":penjamin, ... ])): Send request successfully

2022-11-22 15:54:28 - [MESSAGE][INFO] - HAR: D:\DMS\Engine Scoring\Reports\20221122_153620\Exclude KKB - DS\Scoring Individu - Used\20221122_153620\requests\main\396.har

2022-11-22 15:54:28 - [MESSAGE][PASSED] - Send request successfully

2022-11-22 15:54:28 - [TEST_STEP][PASSED] - slurper = new groovy.json.JsonSlurper(): null

2022-11-22 15:54:28 - [TEST_STEP][PASSED] - result = slurper.parseText(req_data.getResponseBodyContent()): null

2022-11-22 15:54:28 - [TEST_STEP][PASSED] - reqid_kons = requestid1: null

2022-11-22 15:54:28 - [TEST_STEP][PASSED] - reqid_spouse = requestid2: null

2022-11-22 15:54:28 - [TEST_STEP][PASSED] - println("requestid kons : " + reqid_kons): null

2022-11-22 15:54:28 - [TEST_STEP][PASSED] - response_searchME_kons = reqid_kons: null

2022-11-22 15:54:28 - [TEST_STEP][PASSED] - response_searchME_spouse = reqid_spouse: null

2022-11-22 15:54:28 - [TEST_STEP][PASSED] - println("kons req id is :" + response_searchME_kons): null

2022-11-22 15:54:28 - [TEST_STEP][PASSED] - println("spouse req id is : " + response_searchME_spouse): null

2022-11-22 15:54:28 - [TEST_STEP][PASSED] - verifyResponseStatusCode(req_data, 200): Verify response status code successfully

2022-11-22 15:54:28 - [MESSAGE][PASSED] - Verify response status code successfully

2022-11-22 15:54:28 - [TEST_STEP][PASSED] - response = req_data.getResponseText(): null

2022-11-22 15:54:28 - [TEST_STEP][PASSED] - logInfo($response): {"status":"Done","data":{"requestid1":"242031","requestid2":""}}

2022-11-22 15:54:28 - [MESSAGE][INFO] - {"status":"Done","data":{"requestid1":"242031","requestid2":""}}

2022-11-22 15:54:28 - [TEST_STEP][PASSED] - delay(3): Delayed 3 second(s)

2022-11-22 15:54:31 - [MESSAGE][PASSED] - Delayed 3 second(s)

2022-11-22 15:54:31 - [TEST_STEP][PASSED] - scoring = sendRequest(findTestObject("EngineScore", ["response_searchME_kons":response_searchME_kons, "response_searchME_spouse":response_searchME_spouse])): Send request successfully

2022-11-22 15:54:31 - [MESSAGE][INFO] - HAR: D:\DMS\Engine Scoring\Reports\20221122_153620\Exclude KKB - DS\Scoring Individu - Used\20221122_153620\requests\main\397.har

2022-11-22 15:54:31 - [MESSAGE][PASSED] - Send request successfully

2022-11-22 15:54:31 - [TEST_STEP][PASSED] - verifyResponseStatusCode(scoring, 200): Verify response status code successfully

2022-11-22 15:54:31 - [MESSAGE][PASSED] - Verify response status code successfully

2022-11-22 15:54:31 - [TEST_STEP][PASSED] - response2 = scoring.getResponseText(): null

2022-11-22 15:54:31 - [TEST_STEP][PASSED] - markPassed("result service data ke : " + no): result service data ke : 199

2022-11-22 15:54:31 - [MESSAGE][PASSED] - result service data ke : 199

2022-11-22 15:54:31 - [TEST_STEP][PASSED] - logInfo($response2): {"result_konsumen":"Reject","result_pasangan":"","Final_result":"Reject","errorMessage":"","status":"Done"}

2022-11-22 15:54:31 - [MESSAGE][INFO] - {"result_konsumen":"Reject","result_pasangan":"","Final_result":"Reject","errorMessage":"","status":"Done"}

2022-11-22 15:54:31 - [TEST_STEP][PASSED] - verifyElementPropertyValue(scoring, "Final_result", final_result): Verify element property value successfully

2022-11-22 15:54:31 - [MESSAGE][PASSED] - Verify element property value successfully]]></system-out>
         <system-err><![CDATA[]]></system-err>
      </testcase>
      <testcase name="Test Cases/Engine_Scoring/Engine Scoring" time="5.575" classname="Test Cases/Engine_Scoring/Engine Scoring" status="PASSED">
         <system-out><![CDATA[2022-11-22 15:54:31 - [TEST_CASE][PASSED] - Test Cases/Engine_Scoring/Engine Scoring: Test Cases/Engine_Scoring/Engine Scoring

2022-11-22 15:54:33 - [TEST_STEP][PASSED] - markPassed("Variasi data ke : " + no): Variasi data ke : 200

2022-11-22 15:54:33 - [MESSAGE][PASSED] - Variasi data ke : 200

2022-11-22 15:54:33 - [TEST_STEP][PASSED] - req_data = sendRequest(findTestObject("Search_ME", ["MID":MID, "source":source, "ip":ip, "userid":userid, "branch":branch, "tipekons":tipekons, "marital":marital, "penjamin":penjamin, ... ])): Send request successfully

2022-11-22 15:54:34 - [MESSAGE][INFO] - HAR: D:\DMS\Engine Scoring\Reports\20221122_153620\Exclude KKB - DS\Scoring Individu - Used\20221122_153620\requests\main\398.har

2022-11-22 15:54:34 - [MESSAGE][PASSED] - Send request successfully

2022-11-22 15:54:34 - [TEST_STEP][PASSED] - slurper = new groovy.json.JsonSlurper(): null

2022-11-22 15:54:34 - [TEST_STEP][PASSED] - result = slurper.parseText(req_data.getResponseBodyContent()): null

2022-11-22 15:54:34 - [TEST_STEP][PASSED] - reqid_kons = requestid1: null

2022-11-22 15:54:34 - [TEST_STEP][PASSED] - reqid_spouse = requestid2: null

2022-11-22 15:54:34 - [TEST_STEP][PASSED] - println("requestid kons : " + reqid_kons): null

2022-11-22 15:54:34 - [TEST_STEP][PASSED] - response_searchME_kons = reqid_kons: null

2022-11-22 15:54:34 - [TEST_STEP][PASSED] - response_searchME_spouse = reqid_spouse: null

2022-11-22 15:54:34 - [TEST_STEP][PASSED] - println("kons req id is :" + response_searchME_kons): null

2022-11-22 15:54:34 - [TEST_STEP][PASSED] - println("spouse req id is : " + response_searchME_spouse): null

2022-11-22 15:54:34 - [TEST_STEP][PASSED] - verifyResponseStatusCode(req_data, 200): Verify response status code successfully

2022-11-22 15:54:34 - [MESSAGE][PASSED] - Verify response status code successfully

2022-11-22 15:54:34 - [TEST_STEP][PASSED] - response = req_data.getResponseText(): null

2022-11-22 15:54:34 - [TEST_STEP][PASSED] - logInfo($response): {"status":"Done","data":{"requestid1":"242032","requestid2":""}}

2022-11-22 15:54:34 - [MESSAGE][INFO] - {"status":"Done","data":{"requestid1":"242032","requestid2":""}}

2022-11-22 15:54:34 - [TEST_STEP][PASSED] - delay(3): Delayed 3 second(s)

2022-11-22 15:54:37 - [MESSAGE][PASSED] - Delayed 3 second(s)

2022-11-22 15:54:37 - [TEST_STEP][PASSED] - scoring = sendRequest(findTestObject("EngineScore", ["response_searchME_kons":response_searchME_kons, "response_searchME_spouse":response_searchME_spouse])): Send request successfully

2022-11-22 15:54:37 - [MESSAGE][INFO] - HAR: D:\DMS\Engine Scoring\Reports\20221122_153620\Exclude KKB - DS\Scoring Individu - Used\20221122_153620\requests\main\399.har

2022-11-22 15:54:37 - [MESSAGE][PASSED] - Send request successfully

2022-11-22 15:54:37 - [TEST_STEP][PASSED] - verifyResponseStatusCode(scoring, 200): Verify response status code successfully

2022-11-22 15:54:37 - [MESSAGE][PASSED] - Verify response status code successfully

2022-11-22 15:54:37 - [TEST_STEP][PASSED] - response2 = scoring.getResponseText(): null

2022-11-22 15:54:37 - [TEST_STEP][PASSED] - markPassed("result service data ke : " + no): result service data ke : 200

2022-11-22 15:54:37 - [MESSAGE][PASSED] - result service data ke : 200

2022-11-22 15:54:37 - [TEST_STEP][PASSED] - logInfo($response2): {"result_konsumen":"Reject","result_pasangan":"","Final_result":"Reject","errorMessage":"","status":"Done"}

2022-11-22 15:54:37 - [MESSAGE][INFO] - {"result_konsumen":"Reject","result_pasangan":"","Final_result":"Reject","errorMessage":"","status":"Done"}

2022-11-22 15:54:37 - [TEST_STEP][PASSED] - verifyElementPropertyValue(scoring, "Final_result", final_result): Verify element property value successfully

2022-11-22 15:54:37 - [MESSAGE][PASSED] - Verify element property value successfully]]></system-out>
         <system-err><![CDATA[]]></system-err>
      </testcase>
      <testcase name="Test Cases/Engine_Scoring/Engine Scoring" time="5.71" classname="Test Cases/Engine_Scoring/Engine Scoring" status="PASSED">
         <system-out><![CDATA[2022-11-22 15:54:37 - [TEST_CASE][PASSED] - Test Cases/Engine_Scoring/Engine Scoring: Test Cases/Engine_Scoring/Engine Scoring

2022-11-22 15:54:38 - [TEST_STEP][PASSED] - markPassed("Variasi data ke : " + no): Variasi data ke : 201

2022-11-22 15:54:38 - [MESSAGE][PASSED] - Variasi data ke : 201

2022-11-22 15:54:38 - [TEST_STEP][PASSED] - req_data = sendRequest(findTestObject("Search_ME", ["MID":MID, "source":source, "ip":ip, "userid":userid, "branch":branch, "tipekons":tipekons, "marital":marital, "penjamin":penjamin, ... ])): Send request successfully

2022-11-22 15:54:40 - [MESSAGE][INFO] - HAR: D:\DMS\Engine Scoring\Reports\20221122_153620\Exclude KKB - DS\Scoring Individu - Used\20221122_153620\requests\main\400.har

2022-11-22 15:54:40 - [MESSAGE][PASSED] - Send request successfully

2022-11-22 15:54:40 - [TEST_STEP][PASSED] - slurper = new groovy.json.JsonSlurper(): null

2022-11-22 15:54:40 - [TEST_STEP][PASSED] - result = slurper.parseText(req_data.getResponseBodyContent()): null

2022-11-22 15:54:40 - [TEST_STEP][PASSED] - reqid_kons = requestid1: null

2022-11-22 15:54:40 - [TEST_STEP][PASSED] - reqid_spouse = requestid2: null

2022-11-22 15:54:40 - [TEST_STEP][PASSED] - println("requestid kons : " + reqid_kons): null

2022-11-22 15:54:40 - [TEST_STEP][PASSED] - response_searchME_kons = reqid_kons: null

2022-11-22 15:54:40 - [TEST_STEP][PASSED] - response_searchME_spouse = reqid_spouse: null

2022-11-22 15:54:40 - [TEST_STEP][PASSED] - println("kons req id is :" + response_searchME_kons): null

2022-11-22 15:54:40 - [TEST_STEP][PASSED] - println("spouse req id is : " + response_searchME_spouse): null

2022-11-22 15:54:40 - [TEST_STEP][PASSED] - verifyResponseStatusCode(req_data, 200): Verify response status code successfully

2022-11-22 15:54:40 - [MESSAGE][PASSED] - Verify response status code successfully

2022-11-22 15:54:40 - [TEST_STEP][PASSED] - response = req_data.getResponseText(): null

2022-11-22 15:54:40 - [TEST_STEP][PASSED] - logInfo($response): {"status":"Done","data":{"requestid1":"242033","requestid2":""}}

2022-11-22 15:54:40 - [MESSAGE][INFO] - {"status":"Done","data":{"requestid1":"242033","requestid2":""}}

2022-11-22 15:54:40 - [TEST_STEP][PASSED] - delay(3): Delayed 3 second(s)

2022-11-22 15:54:43 - [MESSAGE][PASSED] - Delayed 3 second(s)

2022-11-22 15:54:43 - [TEST_STEP][PASSED] - scoring = sendRequest(findTestObject("EngineScore", ["response_searchME_kons":response_searchME_kons, "response_searchME_spouse":response_searchME_spouse])): Send request successfully

2022-11-22 15:54:43 - [MESSAGE][INFO] - HAR: D:\DMS\Engine Scoring\Reports\20221122_153620\Exclude KKB - DS\Scoring Individu - Used\20221122_153620\requests\main\401.har

2022-11-22 15:54:43 - [MESSAGE][PASSED] - Send request successfully

2022-11-22 15:54:43 - [TEST_STEP][PASSED] - verifyResponseStatusCode(scoring, 200): Verify response status code successfully

2022-11-22 15:54:43 - [MESSAGE][PASSED] - Verify response status code successfully

2022-11-22 15:54:43 - [TEST_STEP][PASSED] - response2 = scoring.getResponseText(): null

2022-11-22 15:54:43 - [TEST_STEP][PASSED] - markPassed("result service data ke : " + no): result service data ke : 201

2022-11-22 15:54:43 - [MESSAGE][PASSED] - result service data ke : 201

2022-11-22 15:54:43 - [TEST_STEP][PASSED] - logInfo($response2): {"result_konsumen":"Reject","result_pasangan":"","Final_result":"Reject","errorMessage":"","status":"Done"}

2022-11-22 15:54:43 - [MESSAGE][INFO] - {"result_konsumen":"Reject","result_pasangan":"","Final_result":"Reject","errorMessage":"","status":"Done"}

2022-11-22 15:54:43 - [TEST_STEP][PASSED] - verifyElementPropertyValue(scoring, "Final_result", final_result): Verify element property value successfully

2022-11-22 15:54:43 - [MESSAGE][PASSED] - Verify element property value successfully]]></system-out>
         <system-err><![CDATA[]]></system-err>
      </testcase>
      <testcase name="Test Cases/Engine_Scoring/Engine Scoring" time="5.867" classname="Test Cases/Engine_Scoring/Engine Scoring" status="PASSED">
         <system-out><![CDATA[2022-11-22 15:54:43 - [TEST_CASE][PASSED] - Test Cases/Engine_Scoring/Engine Scoring: Test Cases/Engine_Scoring/Engine Scoring

2022-11-22 15:54:44 - [TEST_STEP][PASSED] - markPassed("Variasi data ke : " + no): Variasi data ke : 202

2022-11-22 15:54:44 - [MESSAGE][PASSED] - Variasi data ke : 202

2022-11-22 15:54:44 - [TEST_STEP][PASSED] - req_data = sendRequest(findTestObject("Search_ME", ["MID":MID, "source":source, "ip":ip, "userid":userid, "branch":branch, "tipekons":tipekons, "marital":marital, "penjamin":penjamin, ... ])): Send request successfully

2022-11-22 15:54:46 - [MESSAGE][INFO] - HAR: D:\DMS\Engine Scoring\Reports\20221122_153620\Exclude KKB - DS\Scoring Individu - Used\20221122_153620\requests\main\402.har

2022-11-22 15:54:46 - [MESSAGE][PASSED] - Send request successfully

2022-11-22 15:54:46 - [TEST_STEP][PASSED] - slurper = new groovy.json.JsonSlurper(): null

2022-11-22 15:54:46 - [TEST_STEP][PASSED] - result = slurper.parseText(req_data.getResponseBodyContent()): null

2022-11-22 15:54:46 - [TEST_STEP][PASSED] - reqid_kons = requestid1: null

2022-11-22 15:54:46 - [TEST_STEP][PASSED] - reqid_spouse = requestid2: null

2022-11-22 15:54:46 - [TEST_STEP][PASSED] - println("requestid kons : " + reqid_kons): null

2022-11-22 15:54:46 - [TEST_STEP][PASSED] - response_searchME_kons = reqid_kons: null

2022-11-22 15:54:46 - [TEST_STEP][PASSED] - response_searchME_spouse = reqid_spouse: null

2022-11-22 15:54:46 - [TEST_STEP][PASSED] - println("kons req id is :" + response_searchME_kons): null

2022-11-22 15:54:46 - [TEST_STEP][PASSED] - println("spouse req id is : " + response_searchME_spouse): null

2022-11-22 15:54:46 - [TEST_STEP][PASSED] - verifyResponseStatusCode(req_data, 200): Verify response status code successfully

2022-11-22 15:54:46 - [MESSAGE][PASSED] - Verify response status code successfully

2022-11-22 15:54:46 - [TEST_STEP][PASSED] - response = req_data.getResponseText(): null

2022-11-22 15:54:46 - [TEST_STEP][PASSED] - logInfo($response): {"status":"Done","data":{"requestid1":"242034","requestid2":""}}

2022-11-22 15:54:46 - [MESSAGE][INFO] - {"status":"Done","data":{"requestid1":"242034","requestid2":""}}

2022-11-22 15:54:46 - [TEST_STEP][PASSED] - delay(3): Delayed 3 second(s)

2022-11-22 15:54:49 - [MESSAGE][PASSED] - Delayed 3 second(s)

2022-11-22 15:54:49 - [TEST_STEP][PASSED] - scoring = sendRequest(findTestObject("EngineScore", ["response_searchME_kons":response_searchME_kons, "response_searchME_spouse":response_searchME_spouse])): Send request successfully

2022-11-22 15:54:49 - [MESSAGE][INFO] - HAR: D:\DMS\Engine Scoring\Reports\20221122_153620\Exclude KKB - DS\Scoring Individu - Used\20221122_153620\requests\main\403.har

2022-11-22 15:54:49 - [MESSAGE][PASSED] - Send request successfully

2022-11-22 15:54:49 - [TEST_STEP][PASSED] - verifyResponseStatusCode(scoring, 200): Verify response status code successfully

2022-11-22 15:54:49 - [MESSAGE][PASSED] - Verify response status code successfully

2022-11-22 15:54:49 - [TEST_STEP][PASSED] - response2 = scoring.getResponseText(): null

2022-11-22 15:54:49 - [TEST_STEP][PASSED] - markPassed("result service data ke : " + no): result service data ke : 202

2022-11-22 15:54:49 - [MESSAGE][PASSED] - result service data ke : 202

2022-11-22 15:54:49 - [TEST_STEP][PASSED] - logInfo($response2): {"result_konsumen":"Reguler","result_pasangan":"","Final_result":"Reguler","errorMessage":"","status":"Done"}

2022-11-22 15:54:49 - [MESSAGE][INFO] - {"result_konsumen":"Reguler","result_pasangan":"","Final_result":"Reguler","errorMessage":"","status":"Done"}

2022-11-22 15:54:49 - [TEST_STEP][PASSED] - verifyElementPropertyValue(scoring, "Final_result", final_result): Verify element property value successfully

2022-11-22 15:54:49 - [MESSAGE][PASSED] - Verify element property value successfully]]></system-out>
         <system-err><![CDATA[]]></system-err>
      </testcase>
      <testcase name="Test Cases/Engine_Scoring/Engine Scoring" time="5.738" classname="Test Cases/Engine_Scoring/Engine Scoring" status="PASSED">
         <system-out><![CDATA[2022-11-22 15:54:49 - [TEST_CASE][PASSED] - Test Cases/Engine_Scoring/Engine Scoring: Test Cases/Engine_Scoring/Engine Scoring

2022-11-22 15:54:50 - [TEST_STEP][PASSED] - markPassed("Variasi data ke : " + no): Variasi data ke : 203

2022-11-22 15:54:50 - [MESSAGE][PASSED] - Variasi data ke : 203

2022-11-22 15:54:50 - [TEST_STEP][PASSED] - req_data = sendRequest(findTestObject("Search_ME", ["MID":MID, "source":source, "ip":ip, "userid":userid, "branch":branch, "tipekons":tipekons, "marital":marital, "penjamin":penjamin, ... ])): Send request successfully

2022-11-22 15:54:51 - [MESSAGE][INFO] - HAR: D:\DMS\Engine Scoring\Reports\20221122_153620\Exclude KKB - DS\Scoring Individu - Used\20221122_153620\requests\main\404.har

2022-11-22 15:54:51 - [MESSAGE][PASSED] - Send request successfully

2022-11-22 15:54:51 - [TEST_STEP][PASSED] - slurper = new groovy.json.JsonSlurper(): null

2022-11-22 15:54:51 - [TEST_STEP][PASSED] - result = slurper.parseText(req_data.getResponseBodyContent()): null

2022-11-22 15:54:51 - [TEST_STEP][PASSED] - reqid_kons = requestid1: null

2022-11-22 15:54:51 - [TEST_STEP][PASSED] - reqid_spouse = requestid2: null

2022-11-22 15:54:51 - [TEST_STEP][PASSED] - println("requestid kons : " + reqid_kons): null

2022-11-22 15:54:51 - [TEST_STEP][PASSED] - response_searchME_kons = reqid_kons: null

2022-11-22 15:54:51 - [TEST_STEP][PASSED] - response_searchME_spouse = reqid_spouse: null

2022-11-22 15:54:51 - [TEST_STEP][PASSED] - println("kons req id is :" + response_searchME_kons): null

2022-11-22 15:54:51 - [TEST_STEP][PASSED] - println("spouse req id is : " + response_searchME_spouse): null

2022-11-22 15:54:51 - [TEST_STEP][PASSED] - verifyResponseStatusCode(req_data, 200): Verify response status code successfully

2022-11-22 15:54:51 - [MESSAGE][PASSED] - Verify response status code successfully

2022-11-22 15:54:51 - [TEST_STEP][PASSED] - response = req_data.getResponseText(): null

2022-11-22 15:54:51 - [TEST_STEP][PASSED] - logInfo($response): {"status":"Done","data":{"requestid1":"242035","requestid2":""}}

2022-11-22 15:54:51 - [MESSAGE][INFO] - {"status":"Done","data":{"requestid1":"242035","requestid2":""}}

2022-11-22 15:54:51 - [TEST_STEP][PASSED] - delay(3): Delayed 3 second(s)

2022-11-22 15:54:54 - [MESSAGE][PASSED] - Delayed 3 second(s)

2022-11-22 15:54:54 - [TEST_STEP][PASSED] - scoring = sendRequest(findTestObject("EngineScore", ["response_searchME_kons":response_searchME_kons, "response_searchME_spouse":response_searchME_spouse])): Send request successfully

2022-11-22 15:54:54 - [MESSAGE][INFO] - HAR: D:\DMS\Engine Scoring\Reports\20221122_153620\Exclude KKB - DS\Scoring Individu - Used\20221122_153620\requests\main\405.har

2022-11-22 15:54:54 - [MESSAGE][PASSED] - Send request successfully

2022-11-22 15:54:54 - [TEST_STEP][PASSED] - verifyResponseStatusCode(scoring, 200): Verify response status code successfully

2022-11-22 15:54:54 - [MESSAGE][PASSED] - Verify response status code successfully

2022-11-22 15:54:54 - [TEST_STEP][PASSED] - response2 = scoring.getResponseText(): null

2022-11-22 15:54:54 - [TEST_STEP][PASSED] - markPassed("result service data ke : " + no): result service data ke : 203

2022-11-22 15:54:54 - [MESSAGE][PASSED] - result service data ke : 203

2022-11-22 15:54:54 - [TEST_STEP][PASSED] - logInfo($response2): {"result_konsumen":"Reguler","result_pasangan":"","Final_result":"Reguler","errorMessage":"","status":"Done"}

2022-11-22 15:54:54 - [MESSAGE][INFO] - {"result_konsumen":"Reguler","result_pasangan":"","Final_result":"Reguler","errorMessage":"","status":"Done"}

2022-11-22 15:54:54 - [TEST_STEP][PASSED] - verifyElementPropertyValue(scoring, "Final_result", final_result): Verify element property value successfully

2022-11-22 15:54:55 - [MESSAGE][PASSED] - Verify element property value successfully]]></system-out>
         <system-err><![CDATA[]]></system-err>
      </testcase>
      <testcase name="Test Cases/Engine_Scoring/Engine Scoring" time="5.791" classname="Test Cases/Engine_Scoring/Engine Scoring" status="PASSED">
         <system-out><![CDATA[2022-11-22 15:54:55 - [TEST_CASE][PASSED] - Test Cases/Engine_Scoring/Engine Scoring: Test Cases/Engine_Scoring/Engine Scoring

2022-11-22 15:54:56 - [TEST_STEP][PASSED] - markPassed("Variasi data ke : " + no): Variasi data ke : 204

2022-11-22 15:54:56 - [MESSAGE][PASSED] - Variasi data ke : 204

2022-11-22 15:54:56 - [TEST_STEP][PASSED] - req_data = sendRequest(findTestObject("Search_ME", ["MID":MID, "source":source, "ip":ip, "userid":userid, "branch":branch, "tipekons":tipekons, "marital":marital, "penjamin":penjamin, ... ])): Send request successfully

2022-11-22 15:54:57 - [MESSAGE][INFO] - HAR: D:\DMS\Engine Scoring\Reports\20221122_153620\Exclude KKB - DS\Scoring Individu - Used\20221122_153620\requests\main\406.har

2022-11-22 15:54:57 - [MESSAGE][PASSED] - Send request successfully

2022-11-22 15:54:57 - [TEST_STEP][PASSED] - slurper = new groovy.json.JsonSlurper(): null

2022-11-22 15:54:57 - [TEST_STEP][PASSED] - result = slurper.parseText(req_data.getResponseBodyContent()): null

2022-11-22 15:54:57 - [TEST_STEP][PASSED] - reqid_kons = requestid1: null

2022-11-22 15:54:57 - [TEST_STEP][PASSED] - reqid_spouse = requestid2: null

2022-11-22 15:54:57 - [TEST_STEP][PASSED] - println("requestid kons : " + reqid_kons): null

2022-11-22 15:54:57 - [TEST_STEP][PASSED] - response_searchME_kons = reqid_kons: null

2022-11-22 15:54:57 - [TEST_STEP][PASSED] - response_searchME_spouse = reqid_spouse: null

2022-11-22 15:54:57 - [TEST_STEP][PASSED] - println("kons req id is :" + response_searchME_kons): null

2022-11-22 15:54:57 - [TEST_STEP][PASSED] - println("spouse req id is : " + response_searchME_spouse): null

2022-11-22 15:54:57 - [TEST_STEP][PASSED] - verifyResponseStatusCode(req_data, 200): Verify response status code successfully

2022-11-22 15:54:57 - [MESSAGE][PASSED] - Verify response status code successfully

2022-11-22 15:54:57 - [TEST_STEP][PASSED] - response = req_data.getResponseText(): null

2022-11-22 15:54:57 - [TEST_STEP][PASSED] - logInfo($response): {"status":"Done","data":{"requestid1":"242036","requestid2":""}}

2022-11-22 15:54:57 - [MESSAGE][INFO] - {"status":"Done","data":{"requestid1":"242036","requestid2":""}}

2022-11-22 15:54:57 - [TEST_STEP][PASSED] - delay(3): Delayed 3 second(s)

2022-11-22 15:55:00 - [MESSAGE][PASSED] - Delayed 3 second(s)

2022-11-22 15:55:00 - [TEST_STEP][PASSED] - scoring = sendRequest(findTestObject("EngineScore", ["response_searchME_kons":response_searchME_kons, "response_searchME_spouse":response_searchME_spouse])): Send request successfully

2022-11-22 15:55:00 - [MESSAGE][INFO] - HAR: D:\DMS\Engine Scoring\Reports\20221122_153620\Exclude KKB - DS\Scoring Individu - Used\20221122_153620\requests\main\407.har

2022-11-22 15:55:00 - [MESSAGE][PASSED] - Send request successfully

2022-11-22 15:55:00 - [TEST_STEP][PASSED] - verifyResponseStatusCode(scoring, 200): Verify response status code successfully

2022-11-22 15:55:00 - [MESSAGE][PASSED] - Verify response status code successfully

2022-11-22 15:55:00 - [TEST_STEP][PASSED] - response2 = scoring.getResponseText(): null

2022-11-22 15:55:00 - [TEST_STEP][PASSED] - markPassed("result service data ke : " + no): result service data ke : 204

2022-11-22 15:55:00 - [MESSAGE][PASSED] - result service data ke : 204

2022-11-22 15:55:00 - [TEST_STEP][PASSED] - logInfo($response2): {"result_konsumen":"Reguler","result_pasangan":"","Final_result":"Reguler","errorMessage":"","status":"Done"}

2022-11-22 15:55:00 - [MESSAGE][INFO] - {"result_konsumen":"Reguler","result_pasangan":"","Final_result":"Reguler","errorMessage":"","status":"Done"}

2022-11-22 15:55:00 - [TEST_STEP][PASSED] - verifyElementPropertyValue(scoring, "Final_result", final_result): Verify element property value successfully

2022-11-22 15:55:00 - [MESSAGE][PASSED] - Verify element property value successfully]]></system-out>
         <system-err><![CDATA[]]></system-err>
      </testcase>
      <testcase name="Test Cases/Engine_Scoring/Engine Scoring" time="5.898" classname="Test Cases/Engine_Scoring/Engine Scoring" status="PASSED">
         <system-out><![CDATA[2022-11-22 15:55:01 - [TEST_CASE][PASSED] - Test Cases/Engine_Scoring/Engine Scoring: Test Cases/Engine_Scoring/Engine Scoring

2022-11-22 15:55:02 - [TEST_STEP][PASSED] - markPassed("Variasi data ke : " + no): Variasi data ke : 205

2022-11-22 15:55:02 - [MESSAGE][PASSED] - Variasi data ke : 205

2022-11-22 15:55:02 - [TEST_STEP][PASSED] - req_data = sendRequest(findTestObject("Search_ME", ["MID":MID, "source":source, "ip":ip, "userid":userid, "branch":branch, "tipekons":tipekons, "marital":marital, "penjamin":penjamin, ... ])): Send request successfully

2022-11-22 15:55:03 - [MESSAGE][INFO] - HAR: D:\DMS\Engine Scoring\Reports\20221122_153620\Exclude KKB - DS\Scoring Individu - Used\20221122_153620\requests\main\408.har

2022-11-22 15:55:03 - [MESSAGE][PASSED] - Send request successfully

2022-11-22 15:55:03 - [TEST_STEP][PASSED] - slurper = new groovy.json.JsonSlurper(): null

2022-11-22 15:55:03 - [TEST_STEP][PASSED] - result = slurper.parseText(req_data.getResponseBodyContent()): null

2022-11-22 15:55:03 - [TEST_STEP][PASSED] - reqid_kons = requestid1: null

2022-11-22 15:55:03 - [TEST_STEP][PASSED] - reqid_spouse = requestid2: null

2022-11-22 15:55:03 - [TEST_STEP][PASSED] - println("requestid kons : " + reqid_kons): null

2022-11-22 15:55:03 - [TEST_STEP][PASSED] - response_searchME_kons = reqid_kons: null

2022-11-22 15:55:03 - [TEST_STEP][PASSED] - response_searchME_spouse = reqid_spouse: null

2022-11-22 15:55:03 - [TEST_STEP][PASSED] - println("kons req id is :" + response_searchME_kons): null

2022-11-22 15:55:03 - [TEST_STEP][PASSED] - println("spouse req id is : " + response_searchME_spouse): null

2022-11-22 15:55:03 - [TEST_STEP][PASSED] - verifyResponseStatusCode(req_data, 200): Verify response status code successfully

2022-11-22 15:55:03 - [MESSAGE][PASSED] - Verify response status code successfully

2022-11-22 15:55:03 - [TEST_STEP][PASSED] - response = req_data.getResponseText(): null

2022-11-22 15:55:03 - [TEST_STEP][PASSED] - logInfo($response): {"status":"Done","data":{"requestid1":"242037","requestid2":""}}

2022-11-22 15:55:03 - [MESSAGE][INFO] - {"status":"Done","data":{"requestid1":"242037","requestid2":""}}

2022-11-22 15:55:03 - [TEST_STEP][PASSED] - delay(3): Delayed 3 second(s)

2022-11-22 15:55:06 - [MESSAGE][PASSED] - Delayed 3 second(s)

2022-11-22 15:55:06 - [TEST_STEP][PASSED] - scoring = sendRequest(findTestObject("EngineScore", ["response_searchME_kons":response_searchME_kons, "response_searchME_spouse":response_searchME_spouse])): Send request successfully

2022-11-22 15:55:06 - [MESSAGE][INFO] - HAR: D:\DMS\Engine Scoring\Reports\20221122_153620\Exclude KKB - DS\Scoring Individu - Used\20221122_153620\requests\main\409.har

2022-11-22 15:55:06 - [MESSAGE][PASSED] - Send request successfully

2022-11-22 15:55:06 - [TEST_STEP][PASSED] - verifyResponseStatusCode(scoring, 200): Verify response status code successfully

2022-11-22 15:55:06 - [MESSAGE][PASSED] - Verify response status code successfully

2022-11-22 15:55:06 - [TEST_STEP][PASSED] - response2 = scoring.getResponseText(): null

2022-11-22 15:55:06 - [TEST_STEP][PASSED] - markPassed("result service data ke : " + no): result service data ke : 205

2022-11-22 15:55:06 - [MESSAGE][PASSED] - result service data ke : 205

2022-11-22 15:55:06 - [TEST_STEP][PASSED] - logInfo($response2): {"result_konsumen":"Reguler","result_pasangan":"","Final_result":"Reguler","errorMessage":"","status":"Done"}

2022-11-22 15:55:06 - [MESSAGE][INFO] - {"result_konsumen":"Reguler","result_pasangan":"","Final_result":"Reguler","errorMessage":"","status":"Done"}

2022-11-22 15:55:06 - [TEST_STEP][PASSED] - verifyElementPropertyValue(scoring, "Final_result", final_result): Verify element property value successfully

2022-11-22 15:55:06 - [MESSAGE][PASSED] - Verify element property value successfully]]></system-out>
         <system-err><![CDATA[]]></system-err>
      </testcase>
      <testcase name="Test Cases/Engine_Scoring/Engine Scoring" time="5.771" classname="Test Cases/Engine_Scoring/Engine Scoring" status="PASSED">
         <system-out><![CDATA[2022-11-22 15:55:07 - [TEST_CASE][PASSED] - Test Cases/Engine_Scoring/Engine Scoring: Test Cases/Engine_Scoring/Engine Scoring

2022-11-22 15:55:08 - [TEST_STEP][PASSED] - markPassed("Variasi data ke : " + no): Variasi data ke : 206

2022-11-22 15:55:08 - [MESSAGE][PASSED] - Variasi data ke : 206

2022-11-22 15:55:08 - [TEST_STEP][PASSED] - req_data = sendRequest(findTestObject("Search_ME", ["MID":MID, "source":source, "ip":ip, "userid":userid, "branch":branch, "tipekons":tipekons, "marital":marital, "penjamin":penjamin, ... ])): Send request successfully

2022-11-22 15:55:09 - [MESSAGE][INFO] - HAR: D:\DMS\Engine Scoring\Reports\20221122_153620\Exclude KKB - DS\Scoring Individu - Used\20221122_153620\requests\main\410.har

2022-11-22 15:55:09 - [MESSAGE][PASSED] - Send request successfully

2022-11-22 15:55:09 - [TEST_STEP][PASSED] - slurper = new groovy.json.JsonSlurper(): null

2022-11-22 15:55:09 - [TEST_STEP][PASSED] - result = slurper.parseText(req_data.getResponseBodyContent()): null

2022-11-22 15:55:09 - [TEST_STEP][PASSED] - reqid_kons = requestid1: null

2022-11-22 15:55:09 - [TEST_STEP][PASSED] - reqid_spouse = requestid2: null

2022-11-22 15:55:09 - [TEST_STEP][PASSED] - println("requestid kons : " + reqid_kons): null

2022-11-22 15:55:09 - [TEST_STEP][PASSED] - response_searchME_kons = reqid_kons: null

2022-11-22 15:55:09 - [TEST_STEP][PASSED] - response_searchME_spouse = reqid_spouse: null

2022-11-22 15:55:09 - [TEST_STEP][PASSED] - println("kons req id is :" + response_searchME_kons): null

2022-11-22 15:55:09 - [TEST_STEP][PASSED] - println("spouse req id is : " + response_searchME_spouse): null

2022-11-22 15:55:09 - [TEST_STEP][PASSED] - verifyResponseStatusCode(req_data, 200): Verify response status code successfully

2022-11-22 15:55:09 - [MESSAGE][PASSED] - Verify response status code successfully

2022-11-22 15:55:09 - [TEST_STEP][PASSED] - response = req_data.getResponseText(): null

2022-11-22 15:55:09 - [TEST_STEP][PASSED] - logInfo($response): {"status":"Done","data":{"requestid1":"242038","requestid2":""}}

2022-11-22 15:55:09 - [MESSAGE][INFO] - {"status":"Done","data":{"requestid1":"242038","requestid2":""}}

2022-11-22 15:55:09 - [TEST_STEP][PASSED] - delay(3): Delayed 3 second(s)

2022-11-22 15:55:12 - [MESSAGE][PASSED] - Delayed 3 second(s)

2022-11-22 15:55:12 - [TEST_STEP][PASSED] - scoring = sendRequest(findTestObject("EngineScore", ["response_searchME_kons":response_searchME_kons, "response_searchME_spouse":response_searchME_spouse])): Send request successfully

2022-11-22 15:55:12 - [MESSAGE][INFO] - HAR: D:\DMS\Engine Scoring\Reports\20221122_153620\Exclude KKB - DS\Scoring Individu - Used\20221122_153620\requests\main\411.har

2022-11-22 15:55:12 - [MESSAGE][PASSED] - Send request successfully

2022-11-22 15:55:12 - [TEST_STEP][PASSED] - verifyResponseStatusCode(scoring, 200): Verify response status code successfully

2022-11-22 15:55:12 - [MESSAGE][PASSED] - Verify response status code successfully

2022-11-22 15:55:12 - [TEST_STEP][PASSED] - response2 = scoring.getResponseText(): null

2022-11-22 15:55:12 - [TEST_STEP][PASSED] - markPassed("result service data ke : " + no): result service data ke : 206

2022-11-22 15:55:12 - [MESSAGE][PASSED] - result service data ke : 206

2022-11-22 15:55:12 - [TEST_STEP][PASSED] - logInfo($response2): {"result_konsumen":"Reguler","result_pasangan":"","Final_result":"Reguler","errorMessage":"","status":"Done"}

2022-11-22 15:55:12 - [MESSAGE][INFO] - {"result_konsumen":"Reguler","result_pasangan":"","Final_result":"Reguler","errorMessage":"","status":"Done"}

2022-11-22 15:55:12 - [TEST_STEP][PASSED] - verifyElementPropertyValue(scoring, "Final_result", final_result): Verify element property value successfully

2022-11-22 15:55:12 - [MESSAGE][PASSED] - Verify element property value successfully]]></system-out>
         <system-err><![CDATA[]]></system-err>
      </testcase>
      <testcase name="Test Cases/Engine_Scoring/Engine Scoring" time="11.589" classname="Test Cases/Engine_Scoring/Engine Scoring" status="PASSED">
         <system-out><![CDATA[2022-11-22 15:55:12 - [TEST_CASE][PASSED] - Test Cases/Engine_Scoring/Engine Scoring: Test Cases/Engine_Scoring/Engine Scoring

2022-11-22 15:55:14 - [TEST_STEP][PASSED] - markPassed("Variasi data ke : " + no): Variasi data ke : 207

2022-11-22 15:55:14 - [MESSAGE][PASSED] - Variasi data ke : 207

2022-11-22 15:55:14 - [TEST_STEP][PASSED] - req_data = sendRequest(findTestObject("Search_ME", ["MID":MID, "source":source, "ip":ip, "userid":userid, "branch":branch, "tipekons":tipekons, "marital":marital, "penjamin":penjamin, ... ])): Send request successfully

2022-11-22 15:55:21 - [MESSAGE][INFO] - HAR: D:\DMS\Engine Scoring\Reports\20221122_153620\Exclude KKB - DS\Scoring Individu - Used\20221122_153620\requests\main\412.har

2022-11-22 15:55:21 - [MESSAGE][PASSED] - Send request successfully

2022-11-22 15:55:21 - [TEST_STEP][PASSED] - slurper = new groovy.json.JsonSlurper(): null

2022-11-22 15:55:21 - [TEST_STEP][PASSED] - result = slurper.parseText(req_data.getResponseBodyContent()): null

2022-11-22 15:55:21 - [TEST_STEP][PASSED] - reqid_kons = requestid1: null

2022-11-22 15:55:21 - [TEST_STEP][PASSED] - reqid_spouse = requestid2: null

2022-11-22 15:55:21 - [TEST_STEP][PASSED] - println("requestid kons : " + reqid_kons): null

2022-11-22 15:55:21 - [TEST_STEP][PASSED] - response_searchME_kons = reqid_kons: null

2022-11-22 15:55:21 - [TEST_STEP][PASSED] - response_searchME_spouse = reqid_spouse: null

2022-11-22 15:55:21 - [TEST_STEP][PASSED] - println("kons req id is :" + response_searchME_kons): null

2022-11-22 15:55:21 - [TEST_STEP][PASSED] - println("spouse req id is : " + response_searchME_spouse): null

2022-11-22 15:55:21 - [TEST_STEP][PASSED] - verifyResponseStatusCode(req_data, 200): Verify response status code successfully

2022-11-22 15:55:21 - [MESSAGE][PASSED] - Verify response status code successfully

2022-11-22 15:55:21 - [TEST_STEP][PASSED] - response = req_data.getResponseText(): null

2022-11-22 15:55:21 - [TEST_STEP][PASSED] - logInfo($response): {"status":"Done","data":{"requestid1":"242039","requestid2":""}}

2022-11-22 15:55:21 - [MESSAGE][INFO] - {"status":"Done","data":{"requestid1":"242039","requestid2":""}}

2022-11-22 15:55:21 - [TEST_STEP][PASSED] - delay(3): Delayed 3 second(s)

2022-11-22 15:55:24 - [MESSAGE][PASSED] - Delayed 3 second(s)

2022-11-22 15:55:24 - [TEST_STEP][PASSED] - scoring = sendRequest(findTestObject("EngineScore", ["response_searchME_kons":response_searchME_kons, "response_searchME_spouse":response_searchME_spouse])): Send request successfully

2022-11-22 15:55:24 - [MESSAGE][INFO] - HAR: D:\DMS\Engine Scoring\Reports\20221122_153620\Exclude KKB - DS\Scoring Individu - Used\20221122_153620\requests\main\413.har

2022-11-22 15:55:24 - [MESSAGE][PASSED] - Send request successfully

2022-11-22 15:55:24 - [TEST_STEP][PASSED] - verifyResponseStatusCode(scoring, 200): Verify response status code successfully

2022-11-22 15:55:24 - [MESSAGE][PASSED] - Verify response status code successfully

2022-11-22 15:55:24 - [TEST_STEP][PASSED] - response2 = scoring.getResponseText(): null

2022-11-22 15:55:24 - [TEST_STEP][PASSED] - markPassed("result service data ke : " + no): result service data ke : 207

2022-11-22 15:55:24 - [MESSAGE][PASSED] - result service data ke : 207

2022-11-22 15:55:24 - [TEST_STEP][PASSED] - logInfo($response2): {"result_konsumen":"Reguler","result_pasangan":"","Final_result":"Reguler","errorMessage":"","status":"Done"}

2022-11-22 15:55:24 - [MESSAGE][INFO] - {"result_konsumen":"Reguler","result_pasangan":"","Final_result":"Reguler","errorMessage":"","status":"Done"}

2022-11-22 15:55:24 - [TEST_STEP][PASSED] - verifyElementPropertyValue(scoring, "Final_result", final_result): Verify element property value successfully

2022-11-22 15:55:24 - [MESSAGE][PASSED] - Verify element property value successfully]]></system-out>
         <system-err><![CDATA[]]></system-err>
      </testcase>
      <testcase name="Test Cases/Engine_Scoring/Engine Scoring" time="5.677" classname="Test Cases/Engine_Scoring/Engine Scoring" status="PASSED">
         <system-out><![CDATA[2022-11-22 15:55:24 - [TEST_CASE][PASSED] - Test Cases/Engine_Scoring/Engine Scoring: Test Cases/Engine_Scoring/Engine Scoring

2022-11-22 15:55:25 - [TEST_STEP][PASSED] - markPassed("Variasi data ke : " + no): Variasi data ke : 208

2022-11-22 15:55:25 - [MESSAGE][PASSED] - Variasi data ke : 208

2022-11-22 15:55:25 - [TEST_STEP][PASSED] - req_data = sendRequest(findTestObject("Search_ME", ["MID":MID, "source":source, "ip":ip, "userid":userid, "branch":branch, "tipekons":tipekons, "marital":marital, "penjamin":penjamin, ... ])): Send request successfully

2022-11-22 15:55:27 - [MESSAGE][INFO] - HAR: D:\DMS\Engine Scoring\Reports\20221122_153620\Exclude KKB - DS\Scoring Individu - Used\20221122_153620\requests\main\414.har

2022-11-22 15:55:27 - [MESSAGE][PASSED] - Send request successfully

2022-11-22 15:55:27 - [TEST_STEP][PASSED] - slurper = new groovy.json.JsonSlurper(): null

2022-11-22 15:55:27 - [TEST_STEP][PASSED] - result = slurper.parseText(req_data.getResponseBodyContent()): null

2022-11-22 15:55:27 - [TEST_STEP][PASSED] - reqid_kons = requestid1: null

2022-11-22 15:55:27 - [TEST_STEP][PASSED] - reqid_spouse = requestid2: null

2022-11-22 15:55:27 - [TEST_STEP][PASSED] - println("requestid kons : " + reqid_kons): null

2022-11-22 15:55:27 - [TEST_STEP][PASSED] - response_searchME_kons = reqid_kons: null

2022-11-22 15:55:27 - [TEST_STEP][PASSED] - response_searchME_spouse = reqid_spouse: null

2022-11-22 15:55:27 - [TEST_STEP][PASSED] - println("kons req id is :" + response_searchME_kons): null

2022-11-22 15:55:27 - [TEST_STEP][PASSED] - println("spouse req id is : " + response_searchME_spouse): null

2022-11-22 15:55:27 - [TEST_STEP][PASSED] - verifyResponseStatusCode(req_data, 200): Verify response status code successfully

2022-11-22 15:55:27 - [MESSAGE][PASSED] - Verify response status code successfully

2022-11-22 15:55:27 - [TEST_STEP][PASSED] - response = req_data.getResponseText(): null

2022-11-22 15:55:27 - [TEST_STEP][PASSED] - logInfo($response): {"status":"Done","data":{"requestid1":"242040","requestid2":""}}

2022-11-22 15:55:27 - [MESSAGE][INFO] - {"status":"Done","data":{"requestid1":"242040","requestid2":""}}

2022-11-22 15:55:27 - [TEST_STEP][PASSED] - delay(3): Delayed 3 second(s)

2022-11-22 15:55:30 - [MESSAGE][PASSED] - Delayed 3 second(s)

2022-11-22 15:55:30 - [TEST_STEP][PASSED] - scoring = sendRequest(findTestObject("EngineScore", ["response_searchME_kons":response_searchME_kons, "response_searchME_spouse":response_searchME_spouse])): Send request successfully

2022-11-22 15:55:30 - [MESSAGE][INFO] - HAR: D:\DMS\Engine Scoring\Reports\20221122_153620\Exclude KKB - DS\Scoring Individu - Used\20221122_153620\requests\main\415.har

2022-11-22 15:55:30 - [MESSAGE][PASSED] - Send request successfully

2022-11-22 15:55:30 - [TEST_STEP][PASSED] - verifyResponseStatusCode(scoring, 200): Verify response status code successfully

2022-11-22 15:55:30 - [MESSAGE][PASSED] - Verify response status code successfully

2022-11-22 15:55:30 - [TEST_STEP][PASSED] - response2 = scoring.getResponseText(): null

2022-11-22 15:55:30 - [TEST_STEP][PASSED] - markPassed("result service data ke : " + no): result service data ke : 208

2022-11-22 15:55:30 - [MESSAGE][PASSED] - result service data ke : 208

2022-11-22 15:55:30 - [TEST_STEP][PASSED] - logInfo($response2): {"result_konsumen":"Reguler","result_pasangan":"","Final_result":"Reguler","errorMessage":"","status":"Done"}

2022-11-22 15:55:30 - [MESSAGE][INFO] - {"result_konsumen":"Reguler","result_pasangan":"","Final_result":"Reguler","errorMessage":"","status":"Done"}

2022-11-22 15:55:30 - [TEST_STEP][PASSED] - verifyElementPropertyValue(scoring, "Final_result", final_result): Verify element property value successfully

2022-11-22 15:55:30 - [MESSAGE][PASSED] - Verify element property value successfully]]></system-out>
         <system-err><![CDATA[]]></system-err>
      </testcase>
      <testcase name="Test Cases/Engine_Scoring/Engine Scoring" time="5.763" classname="Test Cases/Engine_Scoring/Engine Scoring" status="PASSED">
         <system-out><![CDATA[2022-11-22 15:55:30 - [TEST_CASE][PASSED] - Test Cases/Engine_Scoring/Engine Scoring: Test Cases/Engine_Scoring/Engine Scoring

2022-11-22 15:55:31 - [TEST_STEP][PASSED] - markPassed("Variasi data ke : " + no): Variasi data ke : 209

2022-11-22 15:55:31 - [MESSAGE][PASSED] - Variasi data ke : 209

2022-11-22 15:55:31 - [TEST_STEP][PASSED] - req_data = sendRequest(findTestObject("Search_ME", ["MID":MID, "source":source, "ip":ip, "userid":userid, "branch":branch, "tipekons":tipekons, "marital":marital, "penjamin":penjamin, ... ])): Send request successfully

2022-11-22 15:55:32 - [MESSAGE][INFO] - HAR: D:\DMS\Engine Scoring\Reports\20221122_153620\Exclude KKB - DS\Scoring Individu - Used\20221122_153620\requests\main\416.har

2022-11-22 15:55:32 - [MESSAGE][PASSED] - Send request successfully

2022-11-22 15:55:32 - [TEST_STEP][PASSED] - slurper = new groovy.json.JsonSlurper(): null

2022-11-22 15:55:32 - [TEST_STEP][PASSED] - result = slurper.parseText(req_data.getResponseBodyContent()): null

2022-11-22 15:55:32 - [TEST_STEP][PASSED] - reqid_kons = requestid1: null

2022-11-22 15:55:32 - [TEST_STEP][PASSED] - reqid_spouse = requestid2: null

2022-11-22 15:55:32 - [TEST_STEP][PASSED] - println("requestid kons : " + reqid_kons): null

2022-11-22 15:55:32 - [TEST_STEP][PASSED] - response_searchME_kons = reqid_kons: null

2022-11-22 15:55:32 - [TEST_STEP][PASSED] - response_searchME_spouse = reqid_spouse: null

2022-11-22 15:55:32 - [TEST_STEP][PASSED] - println("kons req id is :" + response_searchME_kons): null

2022-11-22 15:55:32 - [TEST_STEP][PASSED] - println("spouse req id is : " + response_searchME_spouse): null

2022-11-22 15:55:32 - [TEST_STEP][PASSED] - verifyResponseStatusCode(req_data, 200): Verify response status code successfully

2022-11-22 15:55:32 - [MESSAGE][PASSED] - Verify response status code successfully

2022-11-22 15:55:32 - [TEST_STEP][PASSED] - response = req_data.getResponseText(): null

2022-11-22 15:55:32 - [TEST_STEP][PASSED] - logInfo($response): {"status":"Done","data":{"requestid1":"242041","requestid2":""}}

2022-11-22 15:55:32 - [MESSAGE][INFO] - {"status":"Done","data":{"requestid1":"242041","requestid2":""}}

2022-11-22 15:55:32 - [TEST_STEP][PASSED] - delay(3): Delayed 3 second(s)

2022-11-22 15:55:35 - [MESSAGE][PASSED] - Delayed 3 second(s)

2022-11-22 15:55:35 - [TEST_STEP][PASSED] - scoring = sendRequest(findTestObject("EngineScore", ["response_searchME_kons":response_searchME_kons, "response_searchME_spouse":response_searchME_spouse])): Send request successfully

2022-11-22 15:55:36 - [MESSAGE][INFO] - HAR: D:\DMS\Engine Scoring\Reports\20221122_153620\Exclude KKB - DS\Scoring Individu - Used\20221122_153620\requests\main\417.har

2022-11-22 15:55:36 - [MESSAGE][PASSED] - Send request successfully

2022-11-22 15:55:36 - [TEST_STEP][PASSED] - verifyResponseStatusCode(scoring, 200): Verify response status code successfully

2022-11-22 15:55:36 - [MESSAGE][PASSED] - Verify response status code successfully

2022-11-22 15:55:36 - [TEST_STEP][PASSED] - response2 = scoring.getResponseText(): null

2022-11-22 15:55:36 - [TEST_STEP][PASSED] - markPassed("result service data ke : " + no): result service data ke : 209

2022-11-22 15:55:36 - [MESSAGE][PASSED] - result service data ke : 209

2022-11-22 15:55:36 - [TEST_STEP][PASSED] - logInfo($response2): {"result_konsumen":"Reguler","result_pasangan":"","Final_result":"Reguler","errorMessage":"","status":"Done"}

2022-11-22 15:55:36 - [MESSAGE][INFO] - {"result_konsumen":"Reguler","result_pasangan":"","Final_result":"Reguler","errorMessage":"","status":"Done"}

2022-11-22 15:55:36 - [TEST_STEP][PASSED] - verifyElementPropertyValue(scoring, "Final_result", final_result): Verify element property value successfully

2022-11-22 15:55:36 - [MESSAGE][PASSED] - Verify element property value successfully]]></system-out>
         <system-err><![CDATA[]]></system-err>
      </testcase>
      <testcase name="Test Cases/Engine_Scoring/Engine Scoring" time="6.03" classname="Test Cases/Engine_Scoring/Engine Scoring" status="PASSED">
         <system-out><![CDATA[2022-11-22 15:55:36 - [TEST_CASE][PASSED] - Test Cases/Engine_Scoring/Engine Scoring: Test Cases/Engine_Scoring/Engine Scoring

2022-11-22 15:55:37 - [TEST_STEP][PASSED] - markPassed("Variasi data ke : " + no): Variasi data ke : 210

2022-11-22 15:55:37 - [MESSAGE][PASSED] - Variasi data ke : 210

2022-11-22 15:55:37 - [TEST_STEP][PASSED] - req_data = sendRequest(findTestObject("Search_ME", ["MID":MID, "source":source, "ip":ip, "userid":userid, "branch":branch, "tipekons":tipekons, "marital":marital, "penjamin":penjamin, ... ])): Send request successfully

2022-11-22 15:55:38 - [MESSAGE][INFO] - HAR: D:\DMS\Engine Scoring\Reports\20221122_153620\Exclude KKB - DS\Scoring Individu - Used\20221122_153620\requests\main\418.har

2022-11-22 15:55:38 - [MESSAGE][PASSED] - Send request successfully

2022-11-22 15:55:38 - [TEST_STEP][PASSED] - slurper = new groovy.json.JsonSlurper(): null

2022-11-22 15:55:38 - [TEST_STEP][PASSED] - result = slurper.parseText(req_data.getResponseBodyContent()): null

2022-11-22 15:55:38 - [TEST_STEP][PASSED] - reqid_kons = requestid1: null

2022-11-22 15:55:38 - [TEST_STEP][PASSED] - reqid_spouse = requestid2: null

2022-11-22 15:55:38 - [TEST_STEP][PASSED] - println("requestid kons : " + reqid_kons): null

2022-11-22 15:55:38 - [TEST_STEP][PASSED] - response_searchME_kons = reqid_kons: null

2022-11-22 15:55:38 - [TEST_STEP][PASSED] - response_searchME_spouse = reqid_spouse: null

2022-11-22 15:55:38 - [TEST_STEP][PASSED] - println("kons req id is :" + response_searchME_kons): null

2022-11-22 15:55:38 - [TEST_STEP][PASSED] - println("spouse req id is : " + response_searchME_spouse): null

2022-11-22 15:55:38 - [TEST_STEP][PASSED] - verifyResponseStatusCode(req_data, 200): Verify response status code successfully

2022-11-22 15:55:38 - [MESSAGE][PASSED] - Verify response status code successfully

2022-11-22 15:55:38 - [TEST_STEP][PASSED] - response = req_data.getResponseText(): null

2022-11-22 15:55:38 - [TEST_STEP][PASSED] - logInfo($response): {"status":"Done","data":{"requestid1":"242042","requestid2":""}}

2022-11-22 15:55:38 - [MESSAGE][INFO] - {"status":"Done","data":{"requestid1":"242042","requestid2":""}}

2022-11-22 15:55:38 - [TEST_STEP][PASSED] - delay(3): Delayed 3 second(s)

2022-11-22 15:55:41 - [MESSAGE][PASSED] - Delayed 3 second(s)

2022-11-22 15:55:41 - [TEST_STEP][PASSED] - scoring = sendRequest(findTestObject("EngineScore", ["response_searchME_kons":response_searchME_kons, "response_searchME_spouse":response_searchME_spouse])): Send request successfully

2022-11-22 15:55:42 - [MESSAGE][INFO] - HAR: D:\DMS\Engine Scoring\Reports\20221122_153620\Exclude KKB - DS\Scoring Individu - Used\20221122_153620\requests\main\419.har

2022-11-22 15:55:42 - [MESSAGE][PASSED] - Send request successfully

2022-11-22 15:55:42 - [TEST_STEP][PASSED] - verifyResponseStatusCode(scoring, 200): Verify response status code successfully

2022-11-22 15:55:42 - [MESSAGE][PASSED] - Verify response status code successfully

2022-11-22 15:55:42 - [TEST_STEP][PASSED] - response2 = scoring.getResponseText(): null

2022-11-22 15:55:42 - [TEST_STEP][PASSED] - markPassed("result service data ke : " + no): result service data ke : 210

2022-11-22 15:55:42 - [MESSAGE][PASSED] - result service data ke : 210

2022-11-22 15:55:42 - [TEST_STEP][PASSED] - logInfo($response2): {"result_konsumen":"Reguler","result_pasangan":"","Final_result":"Reguler","errorMessage":"","status":"Done"}

2022-11-22 15:55:42 - [MESSAGE][INFO] - {"result_konsumen":"Reguler","result_pasangan":"","Final_result":"Reguler","errorMessage":"","status":"Done"}

2022-11-22 15:55:42 - [TEST_STEP][PASSED] - verifyElementPropertyValue(scoring, "Final_result", final_result): Verify element property value successfully

2022-11-22 15:55:42 - [MESSAGE][PASSED] - Verify element property value successfully]]></system-out>
         <system-err><![CDATA[]]></system-err>
      </testcase>
      <testcase name="Test Cases/Engine_Scoring/Engine Scoring" time="5.852" classname="Test Cases/Engine_Scoring/Engine Scoring" status="PASSED">
         <system-out><![CDATA[2022-11-22 15:55:42 - [TEST_CASE][PASSED] - Test Cases/Engine_Scoring/Engine Scoring: Test Cases/Engine_Scoring/Engine Scoring

2022-11-22 15:55:43 - [TEST_STEP][PASSED] - markPassed("Variasi data ke : " + no): Variasi data ke : 211

2022-11-22 15:55:43 - [MESSAGE][PASSED] - Variasi data ke : 211

2022-11-22 15:55:43 - [TEST_STEP][PASSED] - req_data = sendRequest(findTestObject("Search_ME", ["MID":MID, "source":source, "ip":ip, "userid":userid, "branch":branch, "tipekons":tipekons, "marital":marital, "penjamin":penjamin, ... ])): Send request successfully

2022-11-22 15:55:44 - [MESSAGE][INFO] - HAR: D:\DMS\Engine Scoring\Reports\20221122_153620\Exclude KKB - DS\Scoring Individu - Used\20221122_153620\requests\main\420.har

2022-11-22 15:55:44 - [MESSAGE][PASSED] - Send request successfully

2022-11-22 15:55:44 - [TEST_STEP][PASSED] - slurper = new groovy.json.JsonSlurper(): null

2022-11-22 15:55:44 - [TEST_STEP][PASSED] - result = slurper.parseText(req_data.getResponseBodyContent()): null

2022-11-22 15:55:44 - [TEST_STEP][PASSED] - reqid_kons = requestid1: null

2022-11-22 15:55:44 - [TEST_STEP][PASSED] - reqid_spouse = requestid2: null

2022-11-22 15:55:44 - [TEST_STEP][PASSED] - println("requestid kons : " + reqid_kons): null

2022-11-22 15:55:44 - [TEST_STEP][PASSED] - response_searchME_kons = reqid_kons: null

2022-11-22 15:55:44 - [TEST_STEP][PASSED] - response_searchME_spouse = reqid_spouse: null

2022-11-22 15:55:44 - [TEST_STEP][PASSED] - println("kons req id is :" + response_searchME_kons): null

2022-11-22 15:55:44 - [TEST_STEP][PASSED] - println("spouse req id is : " + response_searchME_spouse): null

2022-11-22 15:55:44 - [TEST_STEP][PASSED] - verifyResponseStatusCode(req_data, 200): Verify response status code successfully

2022-11-22 15:55:44 - [MESSAGE][PASSED] - Verify response status code successfully

2022-11-22 15:55:44 - [TEST_STEP][PASSED] - response = req_data.getResponseText(): null

2022-11-22 15:55:44 - [TEST_STEP][PASSED] - logInfo($response): {"status":"Done","data":{"requestid1":"242043","requestid2":""}}

2022-11-22 15:55:44 - [MESSAGE][INFO] - {"status":"Done","data":{"requestid1":"242043","requestid2":""}}

2022-11-22 15:55:44 - [TEST_STEP][PASSED] - delay(3): Delayed 3 second(s)

2022-11-22 15:55:47 - [MESSAGE][PASSED] - Delayed 3 second(s)

2022-11-22 15:55:47 - [TEST_STEP][PASSED] - scoring = sendRequest(findTestObject("EngineScore", ["response_searchME_kons":response_searchME_kons, "response_searchME_spouse":response_searchME_spouse])): Send request successfully

2022-11-22 15:55:48 - [MESSAGE][INFO] - HAR: D:\DMS\Engine Scoring\Reports\20221122_153620\Exclude KKB - DS\Scoring Individu - Used\20221122_153620\requests\main\421.har

2022-11-22 15:55:48 - [MESSAGE][PASSED] - Send request successfully

2022-11-22 15:55:48 - [TEST_STEP][PASSED] - verifyResponseStatusCode(scoring, 200): Verify response status code successfully

2022-11-22 15:55:48 - [MESSAGE][PASSED] - Verify response status code successfully

2022-11-22 15:55:48 - [TEST_STEP][PASSED] - response2 = scoring.getResponseText(): null

2022-11-22 15:55:48 - [TEST_STEP][PASSED] - markPassed("result service data ke : " + no): result service data ke : 211

2022-11-22 15:55:48 - [MESSAGE][PASSED] - result service data ke : 211

2022-11-22 15:55:48 - [TEST_STEP][PASSED] - logInfo($response2): {"result_konsumen":"Reguler","result_pasangan":"","Final_result":"Reguler","errorMessage":"","status":"Done"}

2022-11-22 15:55:48 - [MESSAGE][INFO] - {"result_konsumen":"Reguler","result_pasangan":"","Final_result":"Reguler","errorMessage":"","status":"Done"}

2022-11-22 15:55:48 - [TEST_STEP][PASSED] - verifyElementPropertyValue(scoring, "Final_result", final_result): Verify element property value successfully

2022-11-22 15:55:48 - [MESSAGE][PASSED] - Verify element property value successfully]]></system-out>
         <system-err><![CDATA[]]></system-err>
      </testcase>
      <testcase name="Test Cases/Engine_Scoring/Engine Scoring" time="5.634" classname="Test Cases/Engine_Scoring/Engine Scoring" status="PASSED">
         <system-out><![CDATA[2022-11-22 15:55:48 - [TEST_CASE][PASSED] - Test Cases/Engine_Scoring/Engine Scoring: Test Cases/Engine_Scoring/Engine Scoring

2022-11-22 15:55:49 - [TEST_STEP][PASSED] - markPassed("Variasi data ke : " + no): Variasi data ke : 212

2022-11-22 15:55:49 - [MESSAGE][PASSED] - Variasi data ke : 212

2022-11-22 15:55:49 - [TEST_STEP][PASSED] - req_data = sendRequest(findTestObject("Search_ME", ["MID":MID, "source":source, "ip":ip, "userid":userid, "branch":branch, "tipekons":tipekons, "marital":marital, "penjamin":penjamin, ... ])): Send request successfully

2022-11-22 15:55:50 - [MESSAGE][INFO] - HAR: D:\DMS\Engine Scoring\Reports\20221122_153620\Exclude KKB - DS\Scoring Individu - Used\20221122_153620\requests\main\422.har

2022-11-22 15:55:50 - [MESSAGE][PASSED] - Send request successfully

2022-11-22 15:55:50 - [TEST_STEP][PASSED] - slurper = new groovy.json.JsonSlurper(): null

2022-11-22 15:55:50 - [TEST_STEP][PASSED] - result = slurper.parseText(req_data.getResponseBodyContent()): null

2022-11-22 15:55:50 - [TEST_STEP][PASSED] - reqid_kons = requestid1: null

2022-11-22 15:55:50 - [TEST_STEP][PASSED] - reqid_spouse = requestid2: null

2022-11-22 15:55:50 - [TEST_STEP][PASSED] - println("requestid kons : " + reqid_kons): null

2022-11-22 15:55:50 - [TEST_STEP][PASSED] - response_searchME_kons = reqid_kons: null

2022-11-22 15:55:50 - [TEST_STEP][PASSED] - response_searchME_spouse = reqid_spouse: null

2022-11-22 15:55:50 - [TEST_STEP][PASSED] - println("kons req id is :" + response_searchME_kons): null

2022-11-22 15:55:50 - [TEST_STEP][PASSED] - println("spouse req id is : " + response_searchME_spouse): null

2022-11-22 15:55:50 - [TEST_STEP][PASSED] - verifyResponseStatusCode(req_data, 200): Verify response status code successfully

2022-11-22 15:55:50 - [MESSAGE][PASSED] - Verify response status code successfully

2022-11-22 15:55:50 - [TEST_STEP][PASSED] - response = req_data.getResponseText(): null

2022-11-22 15:55:50 - [TEST_STEP][PASSED] - logInfo($response): {"status":"Done","data":{"requestid1":"242044","requestid2":""}}

2022-11-22 15:55:50 - [MESSAGE][INFO] - {"status":"Done","data":{"requestid1":"242044","requestid2":""}}

2022-11-22 15:55:50 - [TEST_STEP][PASSED] - delay(3): Delayed 3 second(s)

2022-11-22 15:55:53 - [MESSAGE][PASSED] - Delayed 3 second(s)

2022-11-22 15:55:53 - [TEST_STEP][PASSED] - scoring = sendRequest(findTestObject("EngineScore", ["response_searchME_kons":response_searchME_kons, "response_searchME_spouse":response_searchME_spouse])): Send request successfully

2022-11-22 15:55:53 - [MESSAGE][INFO] - HAR: D:\DMS\Engine Scoring\Reports\20221122_153620\Exclude KKB - DS\Scoring Individu - Used\20221122_153620\requests\main\423.har

2022-11-22 15:55:53 - [MESSAGE][PASSED] - Send request successfully

2022-11-22 15:55:53 - [TEST_STEP][PASSED] - verifyResponseStatusCode(scoring, 200): Verify response status code successfully

2022-11-22 15:55:53 - [MESSAGE][PASSED] - Verify response status code successfully

2022-11-22 15:55:53 - [TEST_STEP][PASSED] - response2 = scoring.getResponseText(): null

2022-11-22 15:55:53 - [TEST_STEP][PASSED] - markPassed("result service data ke : " + no): result service data ke : 212

2022-11-22 15:55:53 - [MESSAGE][PASSED] - result service data ke : 212

2022-11-22 15:55:53 - [TEST_STEP][PASSED] - logInfo($response2): {"result_konsumen":"Reguler","result_pasangan":"","Final_result":"Reguler","errorMessage":"","status":"Done"}

2022-11-22 15:55:53 - [MESSAGE][INFO] - {"result_konsumen":"Reguler","result_pasangan":"","Final_result":"Reguler","errorMessage":"","status":"Done"}

2022-11-22 15:55:53 - [TEST_STEP][PASSED] - verifyElementPropertyValue(scoring, "Final_result", final_result): Verify element property value successfully

2022-11-22 15:55:53 - [MESSAGE][PASSED] - Verify element property value successfully]]></system-out>
         <system-err><![CDATA[]]></system-err>
      </testcase>
      <testcase name="Test Cases/Engine_Scoring/Engine Scoring" time="5.947" classname="Test Cases/Engine_Scoring/Engine Scoring" status="PASSED">
         <system-out><![CDATA[2022-11-22 15:55:53 - [TEST_CASE][PASSED] - Test Cases/Engine_Scoring/Engine Scoring: Test Cases/Engine_Scoring/Engine Scoring

2022-11-22 15:55:55 - [TEST_STEP][PASSED] - markPassed("Variasi data ke : " + no): Variasi data ke : 213

2022-11-22 15:55:55 - [MESSAGE][PASSED] - Variasi data ke : 213

2022-11-22 15:55:55 - [TEST_STEP][PASSED] - req_data = sendRequest(findTestObject("Search_ME", ["MID":MID, "source":source, "ip":ip, "userid":userid, "branch":branch, "tipekons":tipekons, "marital":marital, "penjamin":penjamin, ... ])): Send request successfully

2022-11-22 15:55:56 - [MESSAGE][INFO] - HAR: D:\DMS\Engine Scoring\Reports\20221122_153620\Exclude KKB - DS\Scoring Individu - Used\20221122_153620\requests\main\424.har

2022-11-22 15:55:56 - [MESSAGE][PASSED] - Send request successfully

2022-11-22 15:55:56 - [TEST_STEP][PASSED] - slurper = new groovy.json.JsonSlurper(): null

2022-11-22 15:55:56 - [TEST_STEP][PASSED] - result = slurper.parseText(req_data.getResponseBodyContent()): null

2022-11-22 15:55:56 - [TEST_STEP][PASSED] - reqid_kons = requestid1: null

2022-11-22 15:55:56 - [TEST_STEP][PASSED] - reqid_spouse = requestid2: null

2022-11-22 15:55:56 - [TEST_STEP][PASSED] - println("requestid kons : " + reqid_kons): null

2022-11-22 15:55:56 - [TEST_STEP][PASSED] - response_searchME_kons = reqid_kons: null

2022-11-22 15:55:56 - [TEST_STEP][PASSED] - response_searchME_spouse = reqid_spouse: null

2022-11-22 15:55:56 - [TEST_STEP][PASSED] - println("kons req id is :" + response_searchME_kons): null

2022-11-22 15:55:56 - [TEST_STEP][PASSED] - println("spouse req id is : " + response_searchME_spouse): null

2022-11-22 15:55:56 - [TEST_STEP][PASSED] - verifyResponseStatusCode(req_data, 200): Verify response status code successfully

2022-11-22 15:55:56 - [MESSAGE][PASSED] - Verify response status code successfully

2022-11-22 15:55:56 - [TEST_STEP][PASSED] - response = req_data.getResponseText(): null

2022-11-22 15:55:56 - [TEST_STEP][PASSED] - logInfo($response): {"status":"Done","data":{"requestid1":"242045","requestid2":""}}

2022-11-22 15:55:56 - [MESSAGE][INFO] - {"status":"Done","data":{"requestid1":"242045","requestid2":""}}

2022-11-22 15:55:56 - [TEST_STEP][PASSED] - delay(3): Delayed 3 second(s)

2022-11-22 15:55:59 - [MESSAGE][PASSED] - Delayed 3 second(s)

2022-11-22 15:55:59 - [TEST_STEP][PASSED] - scoring = sendRequest(findTestObject("EngineScore", ["response_searchME_kons":response_searchME_kons, "response_searchME_spouse":response_searchME_spouse])): Send request successfully

2022-11-22 15:55:59 - [MESSAGE][INFO] - HAR: D:\DMS\Engine Scoring\Reports\20221122_153620\Exclude KKB - DS\Scoring Individu - Used\20221122_153620\requests\main\425.har

2022-11-22 15:55:59 - [MESSAGE][PASSED] - Send request successfully

2022-11-22 15:55:59 - [TEST_STEP][PASSED] - verifyResponseStatusCode(scoring, 200): Verify response status code successfully

2022-11-22 15:55:59 - [MESSAGE][PASSED] - Verify response status code successfully

2022-11-22 15:55:59 - [TEST_STEP][PASSED] - response2 = scoring.getResponseText(): null

2022-11-22 15:55:59 - [TEST_STEP][PASSED] - markPassed("result service data ke : " + no): result service data ke : 213

2022-11-22 15:55:59 - [MESSAGE][PASSED] - result service data ke : 213

2022-11-22 15:55:59 - [TEST_STEP][PASSED] - logInfo($response2): {"result_konsumen":"Reject","result_pasangan":"","Final_result":"Reject","errorMessage":"","status":"Done"}

2022-11-22 15:55:59 - [MESSAGE][INFO] - {"result_konsumen":"Reject","result_pasangan":"","Final_result":"Reject","errorMessage":"","status":"Done"}

2022-11-22 15:55:59 - [TEST_STEP][PASSED] - verifyElementPropertyValue(scoring, "Final_result", final_result): Verify element property value successfully

2022-11-22 15:55:59 - [MESSAGE][PASSED] - Verify element property value successfully]]></system-out>
         <system-err><![CDATA[]]></system-err>
      </testcase>
      <testcase name="Test Cases/Engine_Scoring/Engine Scoring" time="5.636" classname="Test Cases/Engine_Scoring/Engine Scoring" status="PASSED">
         <system-out><![CDATA[2022-11-22 15:55:59 - [TEST_CASE][PASSED] - Test Cases/Engine_Scoring/Engine Scoring: Test Cases/Engine_Scoring/Engine Scoring

2022-11-22 15:56:01 - [TEST_STEP][PASSED] - markPassed("Variasi data ke : " + no): Variasi data ke : 214

2022-11-22 15:56:01 - [MESSAGE][PASSED] - Variasi data ke : 214

2022-11-22 15:56:01 - [TEST_STEP][PASSED] - req_data = sendRequest(findTestObject("Search_ME", ["MID":MID, "source":source, "ip":ip, "userid":userid, "branch":branch, "tipekons":tipekons, "marital":marital, "penjamin":penjamin, ... ])): Send request successfully

2022-11-22 15:56:02 - [MESSAGE][INFO] - HAR: D:\DMS\Engine Scoring\Reports\20221122_153620\Exclude KKB - DS\Scoring Individu - Used\20221122_153620\requests\main\426.har

2022-11-22 15:56:02 - [MESSAGE][PASSED] - Send request successfully

2022-11-22 15:56:02 - [TEST_STEP][PASSED] - slurper = new groovy.json.JsonSlurper(): null

2022-11-22 15:56:02 - [TEST_STEP][PASSED] - result = slurper.parseText(req_data.getResponseBodyContent()): null

2022-11-22 15:56:02 - [TEST_STEP][PASSED] - reqid_kons = requestid1: null

2022-11-22 15:56:02 - [TEST_STEP][PASSED] - reqid_spouse = requestid2: null

2022-11-22 15:56:02 - [TEST_STEP][PASSED] - println("requestid kons : " + reqid_kons): null

2022-11-22 15:56:02 - [TEST_STEP][PASSED] - response_searchME_kons = reqid_kons: null

2022-11-22 15:56:02 - [TEST_STEP][PASSED] - response_searchME_spouse = reqid_spouse: null

2022-11-22 15:56:02 - [TEST_STEP][PASSED] - println("kons req id is :" + response_searchME_kons): null

2022-11-22 15:56:02 - [TEST_STEP][PASSED] - println("spouse req id is : " + response_searchME_spouse): null

2022-11-22 15:56:02 - [TEST_STEP][PASSED] - verifyResponseStatusCode(req_data, 200): Verify response status code successfully

2022-11-22 15:56:02 - [MESSAGE][PASSED] - Verify response status code successfully

2022-11-22 15:56:02 - [TEST_STEP][PASSED] - response = req_data.getResponseText(): null

2022-11-22 15:56:02 - [TEST_STEP][PASSED] - logInfo($response): {"status":"Done","data":{"requestid1":"242046","requestid2":""}}

2022-11-22 15:56:02 - [MESSAGE][INFO] - {"status":"Done","data":{"requestid1":"242046","requestid2":""}}

2022-11-22 15:56:02 - [TEST_STEP][PASSED] - delay(3): Delayed 3 second(s)

2022-11-22 15:56:05 - [MESSAGE][PASSED] - Delayed 3 second(s)

2022-11-22 15:56:05 - [TEST_STEP][PASSED] - scoring = sendRequest(findTestObject("EngineScore", ["response_searchME_kons":response_searchME_kons, "response_searchME_spouse":response_searchME_spouse])): Send request successfully

2022-11-22 15:56:05 - [MESSAGE][INFO] - HAR: D:\DMS\Engine Scoring\Reports\20221122_153620\Exclude KKB - DS\Scoring Individu - Used\20221122_153620\requests\main\427.har

2022-11-22 15:56:05 - [MESSAGE][PASSED] - Send request successfully

2022-11-22 15:56:05 - [TEST_STEP][PASSED] - verifyResponseStatusCode(scoring, 200): Verify response status code successfully

2022-11-22 15:56:05 - [MESSAGE][PASSED] - Verify response status code successfully

2022-11-22 15:56:05 - [TEST_STEP][PASSED] - response2 = scoring.getResponseText(): null

2022-11-22 15:56:05 - [TEST_STEP][PASSED] - markPassed("result service data ke : " + no): result service data ke : 214

2022-11-22 15:56:05 - [MESSAGE][PASSED] - result service data ke : 214

2022-11-22 15:56:05 - [TEST_STEP][PASSED] - logInfo($response2): {"result_konsumen":"Reject","result_pasangan":"","Final_result":"Reject","errorMessage":"","status":"Done"}

2022-11-22 15:56:05 - [MESSAGE][INFO] - {"result_konsumen":"Reject","result_pasangan":"","Final_result":"Reject","errorMessage":"","status":"Done"}

2022-11-22 15:56:05 - [TEST_STEP][PASSED] - verifyElementPropertyValue(scoring, "Final_result", final_result): Verify element property value successfully

2022-11-22 15:56:05 - [MESSAGE][PASSED] - Verify element property value successfully]]></system-out>
         <system-err><![CDATA[]]></system-err>
      </testcase>
      <testcase name="Test Cases/Engine_Scoring/Engine Scoring" time="5.822" classname="Test Cases/Engine_Scoring/Engine Scoring" status="PASSED">
         <system-out><![CDATA[2022-11-22 15:56:05 - [TEST_CASE][PASSED] - Test Cases/Engine_Scoring/Engine Scoring: Test Cases/Engine_Scoring/Engine Scoring

2022-11-22 15:56:06 - [TEST_STEP][PASSED] - markPassed("Variasi data ke : " + no): Variasi data ke : 215

2022-11-22 15:56:06 - [MESSAGE][PASSED] - Variasi data ke : 215

2022-11-22 15:56:06 - [TEST_STEP][PASSED] - req_data = sendRequest(findTestObject("Search_ME", ["MID":MID, "source":source, "ip":ip, "userid":userid, "branch":branch, "tipekons":tipekons, "marital":marital, "penjamin":penjamin, ... ])): Send request successfully

2022-11-22 15:56:08 - [MESSAGE][INFO] - HAR: D:\DMS\Engine Scoring\Reports\20221122_153620\Exclude KKB - DS\Scoring Individu - Used\20221122_153620\requests\main\428.har

2022-11-22 15:56:08 - [MESSAGE][PASSED] - Send request successfully

2022-11-22 15:56:08 - [TEST_STEP][PASSED] - slurper = new groovy.json.JsonSlurper(): null

2022-11-22 15:56:08 - [TEST_STEP][PASSED] - result = slurper.parseText(req_data.getResponseBodyContent()): null

2022-11-22 15:56:08 - [TEST_STEP][PASSED] - reqid_kons = requestid1: null

2022-11-22 15:56:08 - [TEST_STEP][PASSED] - reqid_spouse = requestid2: null

2022-11-22 15:56:08 - [TEST_STEP][PASSED] - println("requestid kons : " + reqid_kons): null

2022-11-22 15:56:08 - [TEST_STEP][PASSED] - response_searchME_kons = reqid_kons: null

2022-11-22 15:56:08 - [TEST_STEP][PASSED] - response_searchME_spouse = reqid_spouse: null

2022-11-22 15:56:08 - [TEST_STEP][PASSED] - println("kons req id is :" + response_searchME_kons): null

2022-11-22 15:56:08 - [TEST_STEP][PASSED] - println("spouse req id is : " + response_searchME_spouse): null

2022-11-22 15:56:08 - [TEST_STEP][PASSED] - verifyResponseStatusCode(req_data, 200): Verify response status code successfully

2022-11-22 15:56:08 - [MESSAGE][PASSED] - Verify response status code successfully

2022-11-22 15:56:08 - [TEST_STEP][PASSED] - response = req_data.getResponseText(): null

2022-11-22 15:56:08 - [TEST_STEP][PASSED] - logInfo($response): {"status":"Done","data":{"requestid1":"242047","requestid2":""}}

2022-11-22 15:56:08 - [MESSAGE][INFO] - {"status":"Done","data":{"requestid1":"242047","requestid2":""}}

2022-11-22 15:56:08 - [TEST_STEP][PASSED] - delay(3): Delayed 3 second(s)

2022-11-22 15:56:11 - [MESSAGE][PASSED] - Delayed 3 second(s)

2022-11-22 15:56:11 - [TEST_STEP][PASSED] - scoring = sendRequest(findTestObject("EngineScore", ["response_searchME_kons":response_searchME_kons, "response_searchME_spouse":response_searchME_spouse])): Send request successfully

2022-11-22 15:56:11 - [MESSAGE][INFO] - HAR: D:\DMS\Engine Scoring\Reports\20221122_153620\Exclude KKB - DS\Scoring Individu - Used\20221122_153620\requests\main\429.har

2022-11-22 15:56:11 - [MESSAGE][PASSED] - Send request successfully

2022-11-22 15:56:11 - [TEST_STEP][PASSED] - verifyResponseStatusCode(scoring, 200): Verify response status code successfully

2022-11-22 15:56:11 - [MESSAGE][PASSED] - Verify response status code successfully

2022-11-22 15:56:11 - [TEST_STEP][PASSED] - response2 = scoring.getResponseText(): null

2022-11-22 15:56:11 - [TEST_STEP][PASSED] - markPassed("result service data ke : " + no): result service data ke : 215

2022-11-22 15:56:11 - [MESSAGE][PASSED] - result service data ke : 215

2022-11-22 15:56:11 - [TEST_STEP][PASSED] - logInfo($response2): {"result_konsumen":"Reject","result_pasangan":"","Final_result":"Reject","errorMessage":"","status":"Done"}

2022-11-22 15:56:11 - [MESSAGE][INFO] - {"result_konsumen":"Reject","result_pasangan":"","Final_result":"Reject","errorMessage":"","status":"Done"}

2022-11-22 15:56:11 - [TEST_STEP][PASSED] - verifyElementPropertyValue(scoring, "Final_result", final_result): Verify element property value successfully

2022-11-22 15:56:11 - [MESSAGE][PASSED] - Verify element property value successfully]]></system-out>
         <system-err><![CDATA[]]></system-err>
      </testcase>
      <testcase name="Test Cases/Engine_Scoring/Engine Scoring" time="5.835" classname="Test Cases/Engine_Scoring/Engine Scoring" status="PASSED">
         <system-out><![CDATA[2022-11-22 15:56:11 - [TEST_CASE][PASSED] - Test Cases/Engine_Scoring/Engine Scoring: Test Cases/Engine_Scoring/Engine Scoring

2022-11-22 15:56:12 - [TEST_STEP][PASSED] - markPassed("Variasi data ke : " + no): Variasi data ke : 216

2022-11-22 15:56:12 - [MESSAGE][PASSED] - Variasi data ke : 216

2022-11-22 15:56:12 - [TEST_STEP][PASSED] - req_data = sendRequest(findTestObject("Search_ME", ["MID":MID, "source":source, "ip":ip, "userid":userid, "branch":branch, "tipekons":tipekons, "marital":marital, "penjamin":penjamin, ... ])): Send request successfully

2022-11-22 15:56:14 - [MESSAGE][INFO] - HAR: D:\DMS\Engine Scoring\Reports\20221122_153620\Exclude KKB - DS\Scoring Individu - Used\20221122_153620\requests\main\430.har

2022-11-22 15:56:14 - [MESSAGE][PASSED] - Send request successfully

2022-11-22 15:56:14 - [TEST_STEP][PASSED] - slurper = new groovy.json.JsonSlurper(): null

2022-11-22 15:56:14 - [TEST_STEP][PASSED] - result = slurper.parseText(req_data.getResponseBodyContent()): null

2022-11-22 15:56:14 - [TEST_STEP][PASSED] - reqid_kons = requestid1: null

2022-11-22 15:56:14 - [TEST_STEP][PASSED] - reqid_spouse = requestid2: null

2022-11-22 15:56:14 - [TEST_STEP][PASSED] - println("requestid kons : " + reqid_kons): null

2022-11-22 15:56:14 - [TEST_STEP][PASSED] - response_searchME_kons = reqid_kons: null

2022-11-22 15:56:14 - [TEST_STEP][PASSED] - response_searchME_spouse = reqid_spouse: null

2022-11-22 15:56:14 - [TEST_STEP][PASSED] - println("kons req id is :" + response_searchME_kons): null

2022-11-22 15:56:14 - [TEST_STEP][PASSED] - println("spouse req id is : " + response_searchME_spouse): null

2022-11-22 15:56:14 - [TEST_STEP][PASSED] - verifyResponseStatusCode(req_data, 200): Verify response status code successfully

2022-11-22 15:56:14 - [MESSAGE][PASSED] - Verify response status code successfully

2022-11-22 15:56:14 - [TEST_STEP][PASSED] - response = req_data.getResponseText(): null

2022-11-22 15:56:14 - [TEST_STEP][PASSED] - logInfo($response): {"status":"Done","data":{"requestid1":"242048","requestid2":""}}

2022-11-22 15:56:14 - [MESSAGE][INFO] - {"status":"Done","data":{"requestid1":"242048","requestid2":""}}

2022-11-22 15:56:14 - [TEST_STEP][PASSED] - delay(3): Delayed 3 second(s)

2022-11-22 15:56:17 - [MESSAGE][PASSED] - Delayed 3 second(s)

2022-11-22 15:56:17 - [TEST_STEP][PASSED] - scoring = sendRequest(findTestObject("EngineScore", ["response_searchME_kons":response_searchME_kons, "response_searchME_spouse":response_searchME_spouse])): Send request successfully

2022-11-22 15:56:17 - [MESSAGE][INFO] - HAR: D:\DMS\Engine Scoring\Reports\20221122_153620\Exclude KKB - DS\Scoring Individu - Used\20221122_153620\requests\main\431.har

2022-11-22 15:56:17 - [MESSAGE][PASSED] - Send request successfully

2022-11-22 15:56:17 - [TEST_STEP][PASSED] - verifyResponseStatusCode(scoring, 200): Verify response status code successfully

2022-11-22 15:56:17 - [MESSAGE][PASSED] - Verify response status code successfully

2022-11-22 15:56:17 - [TEST_STEP][PASSED] - response2 = scoring.getResponseText(): null

2022-11-22 15:56:17 - [TEST_STEP][PASSED] - markPassed("result service data ke : " + no): result service data ke : 216

2022-11-22 15:56:17 - [MESSAGE][PASSED] - result service data ke : 216

2022-11-22 15:56:17 - [TEST_STEP][PASSED] - logInfo($response2): {"result_konsumen":"Reject","result_pasangan":"","Final_result":"Reject","errorMessage":"","status":"Done"}

2022-11-22 15:56:17 - [MESSAGE][INFO] - {"result_konsumen":"Reject","result_pasangan":"","Final_result":"Reject","errorMessage":"","status":"Done"}

2022-11-22 15:56:17 - [TEST_STEP][PASSED] - verifyElementPropertyValue(scoring, "Final_result", final_result): Verify element property value successfully

2022-11-22 15:56:17 - [MESSAGE][PASSED] - Verify element property value successfully]]></system-out>
         <system-err><![CDATA[]]></system-err>
      </testcase>
      <testcase name="Test Cases/Engine_Scoring/Engine Scoring" time="5.785" classname="Test Cases/Engine_Scoring/Engine Scoring" status="PASSED">
         <system-out><![CDATA[2022-11-22 15:56:17 - [TEST_CASE][PASSED] - Test Cases/Engine_Scoring/Engine Scoring: Test Cases/Engine_Scoring/Engine Scoring

2022-11-22 15:56:18 - [TEST_STEP][PASSED] - markPassed("Variasi data ke : " + no): Variasi data ke : 217

2022-11-22 15:56:18 - [MESSAGE][PASSED] - Variasi data ke : 217

2022-11-22 15:56:18 - [TEST_STEP][PASSED] - req_data = sendRequest(findTestObject("Search_ME", ["MID":MID, "source":source, "ip":ip, "userid":userid, "branch":branch, "tipekons":tipekons, "marital":marital, "penjamin":penjamin, ... ])): Send request successfully

2022-11-22 15:56:19 - [MESSAGE][INFO] - HAR: D:\DMS\Engine Scoring\Reports\20221122_153620\Exclude KKB - DS\Scoring Individu - Used\20221122_153620\requests\main\432.har

2022-11-22 15:56:19 - [MESSAGE][PASSED] - Send request successfully

2022-11-22 15:56:19 - [TEST_STEP][PASSED] - slurper = new groovy.json.JsonSlurper(): null

2022-11-22 15:56:19 - [TEST_STEP][PASSED] - result = slurper.parseText(req_data.getResponseBodyContent()): null

2022-11-22 15:56:19 - [TEST_STEP][PASSED] - reqid_kons = requestid1: null

2022-11-22 15:56:19 - [TEST_STEP][PASSED] - reqid_spouse = requestid2: null

2022-11-22 15:56:19 - [TEST_STEP][PASSED] - println("requestid kons : " + reqid_kons): null

2022-11-22 15:56:19 - [TEST_STEP][PASSED] - response_searchME_kons = reqid_kons: null

2022-11-22 15:56:20 - [TEST_STEP][PASSED] - response_searchME_spouse = reqid_spouse: null

2022-11-22 15:56:20 - [TEST_STEP][PASSED] - println("kons req id is :" + response_searchME_kons): null

2022-11-22 15:56:20 - [TEST_STEP][PASSED] - println("spouse req id is : " + response_searchME_spouse): null

2022-11-22 15:56:20 - [TEST_STEP][PASSED] - verifyResponseStatusCode(req_data, 200): Verify response status code successfully

2022-11-22 15:56:20 - [MESSAGE][PASSED] - Verify response status code successfully

2022-11-22 15:56:20 - [TEST_STEP][PASSED] - response = req_data.getResponseText(): null

2022-11-22 15:56:20 - [TEST_STEP][PASSED] - logInfo($response): {"status":"Done","data":{"requestid1":"242049","requestid2":""}}

2022-11-22 15:56:20 - [MESSAGE][INFO] - {"status":"Done","data":{"requestid1":"242049","requestid2":""}}

2022-11-22 15:56:20 - [TEST_STEP][PASSED] - delay(3): Delayed 3 second(s)

2022-11-22 15:56:23 - [MESSAGE][PASSED] - Delayed 3 second(s)

2022-11-22 15:56:23 - [TEST_STEP][PASSED] - scoring = sendRequest(findTestObject("EngineScore", ["response_searchME_kons":response_searchME_kons, "response_searchME_spouse":response_searchME_spouse])): Send request successfully

2022-11-22 15:56:23 - [MESSAGE][INFO] - HAR: D:\DMS\Engine Scoring\Reports\20221122_153620\Exclude KKB - DS\Scoring Individu - Used\20221122_153620\requests\main\433.har

2022-11-22 15:56:23 - [MESSAGE][PASSED] - Send request successfully

2022-11-22 15:56:23 - [TEST_STEP][PASSED] - verifyResponseStatusCode(scoring, 200): Verify response status code successfully

2022-11-22 15:56:23 - [MESSAGE][PASSED] - Verify response status code successfully

2022-11-22 15:56:23 - [TEST_STEP][PASSED] - response2 = scoring.getResponseText(): null

2022-11-22 15:56:23 - [TEST_STEP][PASSED] - markPassed("result service data ke : " + no): result service data ke : 217

2022-11-22 15:56:23 - [MESSAGE][PASSED] - result service data ke : 217

2022-11-22 15:56:23 - [TEST_STEP][PASSED] - logInfo($response2): {"result_konsumen":"Reject","result_pasangan":"","Final_result":"Reject","errorMessage":"","status":"Done"}

2022-11-22 15:56:23 - [MESSAGE][INFO] - {"result_konsumen":"Reject","result_pasangan":"","Final_result":"Reject","errorMessage":"","status":"Done"}

2022-11-22 15:56:23 - [TEST_STEP][PASSED] - verifyElementPropertyValue(scoring, "Final_result", final_result): Verify element property value successfully

2022-11-22 15:56:23 - [MESSAGE][PASSED] - Verify element property value successfully]]></system-out>
         <system-err><![CDATA[]]></system-err>
      </testcase>
      <testcase name="Test Cases/Engine_Scoring/Engine Scoring" time="5.747" classname="Test Cases/Engine_Scoring/Engine Scoring" status="PASSED">
         <system-out><![CDATA[2022-11-22 15:56:23 - [TEST_CASE][PASSED] - Test Cases/Engine_Scoring/Engine Scoring: Test Cases/Engine_Scoring/Engine Scoring

2022-11-22 15:56:24 - [TEST_STEP][PASSED] - markPassed("Variasi data ke : " + no): Variasi data ke : 218

2022-11-22 15:56:24 - [MESSAGE][PASSED] - Variasi data ke : 218

2022-11-22 15:56:24 - [TEST_STEP][PASSED] - req_data = sendRequest(findTestObject("Search_ME", ["MID":MID, "source":source, "ip":ip, "userid":userid, "branch":branch, "tipekons":tipekons, "marital":marital, "penjamin":penjamin, ... ])): Send request successfully

2022-11-22 15:56:25 - [MESSAGE][INFO] - HAR: D:\DMS\Engine Scoring\Reports\20221122_153620\Exclude KKB - DS\Scoring Individu - Used\20221122_153620\requests\main\434.har

2022-11-22 15:56:25 - [MESSAGE][PASSED] - Send request successfully

2022-11-22 15:56:25 - [TEST_STEP][PASSED] - slurper = new groovy.json.JsonSlurper(): null

2022-11-22 15:56:25 - [TEST_STEP][PASSED] - result = slurper.parseText(req_data.getResponseBodyContent()): null

2022-11-22 15:56:25 - [TEST_STEP][PASSED] - reqid_kons = requestid1: null

2022-11-22 15:56:25 - [TEST_STEP][PASSED] - reqid_spouse = requestid2: null

2022-11-22 15:56:25 - [TEST_STEP][PASSED] - println("requestid kons : " + reqid_kons): null

2022-11-22 15:56:25 - [TEST_STEP][PASSED] - response_searchME_kons = reqid_kons: null

2022-11-22 15:56:25 - [TEST_STEP][PASSED] - response_searchME_spouse = reqid_spouse: null

2022-11-22 15:56:25 - [TEST_STEP][PASSED] - println("kons req id is :" + response_searchME_kons): null

2022-11-22 15:56:25 - [TEST_STEP][PASSED] - println("spouse req id is : " + response_searchME_spouse): null

2022-11-22 15:56:25 - [TEST_STEP][PASSED] - verifyResponseStatusCode(req_data, 200): Verify response status code successfully

2022-11-22 15:56:25 - [MESSAGE][PASSED] - Verify response status code successfully

2022-11-22 15:56:25 - [TEST_STEP][PASSED] - response = req_data.getResponseText(): null

2022-11-22 15:56:25 - [TEST_STEP][PASSED] - logInfo($response): {"status":"Done","data":{"requestid1":"242050","requestid2":""}}

2022-11-22 15:56:25 - [MESSAGE][INFO] - {"status":"Done","data":{"requestid1":"242050","requestid2":""}}

2022-11-22 15:56:25 - [TEST_STEP][PASSED] - delay(3): Delayed 3 second(s)

2022-11-22 15:56:28 - [MESSAGE][PASSED] - Delayed 3 second(s)

2022-11-22 15:56:28 - [TEST_STEP][PASSED] - scoring = sendRequest(findTestObject("EngineScore", ["response_searchME_kons":response_searchME_kons, "response_searchME_spouse":response_searchME_spouse])): Send request successfully

2022-11-22 15:56:29 - [MESSAGE][INFO] - HAR: D:\DMS\Engine Scoring\Reports\20221122_153620\Exclude KKB - DS\Scoring Individu - Used\20221122_153620\requests\main\435.har

2022-11-22 15:56:29 - [MESSAGE][PASSED] - Send request successfully

2022-11-22 15:56:29 - [TEST_STEP][PASSED] - verifyResponseStatusCode(scoring, 200): Verify response status code successfully

2022-11-22 15:56:29 - [MESSAGE][PASSED] - Verify response status code successfully

2022-11-22 15:56:29 - [TEST_STEP][PASSED] - response2 = scoring.getResponseText(): null

2022-11-22 15:56:29 - [TEST_STEP][PASSED] - markPassed("result service data ke : " + no): result service data ke : 218

2022-11-22 15:56:29 - [MESSAGE][PASSED] - result service data ke : 218

2022-11-22 15:56:29 - [TEST_STEP][PASSED] - logInfo($response2): {"result_konsumen":"Reject","result_pasangan":"","Final_result":"Reject","errorMessage":"","status":"Done"}

2022-11-22 15:56:29 - [MESSAGE][INFO] - {"result_konsumen":"Reject","result_pasangan":"","Final_result":"Reject","errorMessage":"","status":"Done"}

2022-11-22 15:56:29 - [TEST_STEP][PASSED] - verifyElementPropertyValue(scoring, "Final_result", final_result): Verify element property value successfully

2022-11-22 15:56:29 - [MESSAGE][PASSED] - Verify element property value successfully]]></system-out>
         <system-err><![CDATA[]]></system-err>
      </testcase>
      <testcase name="Test Cases/Engine_Scoring/Engine Scoring" time="5.78" classname="Test Cases/Engine_Scoring/Engine Scoring" status="PASSED">
         <system-out><![CDATA[2022-11-22 15:56:29 - [TEST_CASE][PASSED] - Test Cases/Engine_Scoring/Engine Scoring: Test Cases/Engine_Scoring/Engine Scoring

2022-11-22 15:56:30 - [TEST_STEP][PASSED] - markPassed("Variasi data ke : " + no): Variasi data ke : 219

2022-11-22 15:56:30 - [MESSAGE][PASSED] - Variasi data ke : 219

2022-11-22 15:56:30 - [TEST_STEP][PASSED] - req_data = sendRequest(findTestObject("Search_ME", ["MID":MID, "source":source, "ip":ip, "userid":userid, "branch":branch, "tipekons":tipekons, "marital":marital, "penjamin":penjamin, ... ])): Send request successfully

2022-11-22 15:56:31 - [MESSAGE][INFO] - HAR: D:\DMS\Engine Scoring\Reports\20221122_153620\Exclude KKB - DS\Scoring Individu - Used\20221122_153620\requests\main\436.har

2022-11-22 15:56:31 - [MESSAGE][PASSED] - Send request successfully

2022-11-22 15:56:31 - [TEST_STEP][PASSED] - slurper = new groovy.json.JsonSlurper(): null

2022-11-22 15:56:31 - [TEST_STEP][PASSED] - result = slurper.parseText(req_data.getResponseBodyContent()): null

2022-11-22 15:56:31 - [TEST_STEP][PASSED] - reqid_kons = requestid1: null

2022-11-22 15:56:31 - [TEST_STEP][PASSED] - reqid_spouse = requestid2: null

2022-11-22 15:56:31 - [TEST_STEP][PASSED] - println("requestid kons : " + reqid_kons): null

2022-11-22 15:56:31 - [TEST_STEP][PASSED] - response_searchME_kons = reqid_kons: null

2022-11-22 15:56:31 - [TEST_STEP][PASSED] - response_searchME_spouse = reqid_spouse: null

2022-11-22 15:56:31 - [TEST_STEP][PASSED] - println("kons req id is :" + response_searchME_kons): null

2022-11-22 15:56:31 - [TEST_STEP][PASSED] - println("spouse req id is : " + response_searchME_spouse): null

2022-11-22 15:56:31 - [TEST_STEP][PASSED] - verifyResponseStatusCode(req_data, 200): Verify response status code successfully

2022-11-22 15:56:31 - [MESSAGE][PASSED] - Verify response status code successfully

2022-11-22 15:56:31 - [TEST_STEP][PASSED] - response = req_data.getResponseText(): null

2022-11-22 15:56:31 - [TEST_STEP][PASSED] - logInfo($response): {"status":"Done","data":{"requestid1":"242051","requestid2":""}}

2022-11-22 15:56:31 - [MESSAGE][INFO] - {"status":"Done","data":{"requestid1":"242051","requestid2":""}}

2022-11-22 15:56:31 - [TEST_STEP][PASSED] - delay(3): Delayed 3 second(s)

2022-11-22 15:56:34 - [MESSAGE][PASSED] - Delayed 3 second(s)

2022-11-22 15:56:34 - [TEST_STEP][PASSED] - scoring = sendRequest(findTestObject("EngineScore", ["response_searchME_kons":response_searchME_kons, "response_searchME_spouse":response_searchME_spouse])): Send request successfully

2022-11-22 15:56:34 - [MESSAGE][INFO] - HAR: D:\DMS\Engine Scoring\Reports\20221122_153620\Exclude KKB - DS\Scoring Individu - Used\20221122_153620\requests\main\437.har

2022-11-22 15:56:34 - [MESSAGE][PASSED] - Send request successfully

2022-11-22 15:56:34 - [TEST_STEP][PASSED] - verifyResponseStatusCode(scoring, 200): Verify response status code successfully

2022-11-22 15:56:34 - [MESSAGE][PASSED] - Verify response status code successfully

2022-11-22 15:56:34 - [TEST_STEP][PASSED] - response2 = scoring.getResponseText(): null

2022-11-22 15:56:34 - [TEST_STEP][PASSED] - markPassed("result service data ke : " + no): result service data ke : 219

2022-11-22 15:56:34 - [MESSAGE][PASSED] - result service data ke : 219

2022-11-22 15:56:34 - [TEST_STEP][PASSED] - logInfo($response2): {"result_konsumen":"Reject","result_pasangan":"","Final_result":"Reject","errorMessage":"","status":"Done"}

2022-11-22 15:56:34 - [MESSAGE][INFO] - {"result_konsumen":"Reject","result_pasangan":"","Final_result":"Reject","errorMessage":"","status":"Done"}

2022-11-22 15:56:34 - [TEST_STEP][PASSED] - verifyElementPropertyValue(scoring, "Final_result", final_result): Verify element property value successfully

2022-11-22 15:56:34 - [MESSAGE][PASSED] - Verify element property value successfully]]></system-out>
         <system-err><![CDATA[]]></system-err>
      </testcase>
      <testcase name="Test Cases/Engine_Scoring/Engine Scoring" time="5.774" classname="Test Cases/Engine_Scoring/Engine Scoring" status="PASSED">
         <system-out><![CDATA[2022-11-22 15:56:34 - [TEST_CASE][PASSED] - Test Cases/Engine_Scoring/Engine Scoring: Test Cases/Engine_Scoring/Engine Scoring

2022-11-22 15:56:36 - [TEST_STEP][PASSED] - markPassed("Variasi data ke : " + no): Variasi data ke : 220

2022-11-22 15:56:36 - [MESSAGE][PASSED] - Variasi data ke : 220

2022-11-22 15:56:36 - [TEST_STEP][PASSED] - req_data = sendRequest(findTestObject("Search_ME", ["MID":MID, "source":source, "ip":ip, "userid":userid, "branch":branch, "tipekons":tipekons, "marital":marital, "penjamin":penjamin, ... ])): Send request successfully

2022-11-22 15:56:37 - [MESSAGE][INFO] - HAR: D:\DMS\Engine Scoring\Reports\20221122_153620\Exclude KKB - DS\Scoring Individu - Used\20221122_153620\requests\main\438.har

2022-11-22 15:56:37 - [MESSAGE][PASSED] - Send request successfully

2022-11-22 15:56:37 - [TEST_STEP][PASSED] - slurper = new groovy.json.JsonSlurper(): null

2022-11-22 15:56:37 - [TEST_STEP][PASSED] - result = slurper.parseText(req_data.getResponseBodyContent()): null

2022-11-22 15:56:37 - [TEST_STEP][PASSED] - reqid_kons = requestid1: null

2022-11-22 15:56:37 - [TEST_STEP][PASSED] - reqid_spouse = requestid2: null

2022-11-22 15:56:37 - [TEST_STEP][PASSED] - println("requestid kons : " + reqid_kons): null

2022-11-22 15:56:37 - [TEST_STEP][PASSED] - response_searchME_kons = reqid_kons: null

2022-11-22 15:56:37 - [TEST_STEP][PASSED] - response_searchME_spouse = reqid_spouse: null

2022-11-22 15:56:37 - [TEST_STEP][PASSED] - println("kons req id is :" + response_searchME_kons): null

2022-11-22 15:56:37 - [TEST_STEP][PASSED] - println("spouse req id is : " + response_searchME_spouse): null

2022-11-22 15:56:37 - [TEST_STEP][PASSED] - verifyResponseStatusCode(req_data, 200): Verify response status code successfully

2022-11-22 15:56:37 - [MESSAGE][PASSED] - Verify response status code successfully

2022-11-22 15:56:37 - [TEST_STEP][PASSED] - response = req_data.getResponseText(): null

2022-11-22 15:56:37 - [TEST_STEP][PASSED] - logInfo($response): {"status":"Done","data":{"requestid1":"242052","requestid2":""}}

2022-11-22 15:56:37 - [MESSAGE][INFO] - {"status":"Done","data":{"requestid1":"242052","requestid2":""}}

2022-11-22 15:56:37 - [TEST_STEP][PASSED] - delay(3): Delayed 3 second(s)

2022-11-22 15:56:40 - [MESSAGE][PASSED] - Delayed 3 second(s)

2022-11-22 15:56:40 - [TEST_STEP][PASSED] - scoring = sendRequest(findTestObject("EngineScore", ["response_searchME_kons":response_searchME_kons, "response_searchME_spouse":response_searchME_spouse])): Send request successfully

2022-11-22 15:56:40 - [MESSAGE][INFO] - HAR: D:\DMS\Engine Scoring\Reports\20221122_153620\Exclude KKB - DS\Scoring Individu - Used\20221122_153620\requests\main\439.har

2022-11-22 15:56:40 - [MESSAGE][PASSED] - Send request successfully

2022-11-22 15:56:40 - [TEST_STEP][PASSED] - verifyResponseStatusCode(scoring, 200): Verify response status code successfully

2022-11-22 15:56:40 - [MESSAGE][PASSED] - Verify response status code successfully

2022-11-22 15:56:40 - [TEST_STEP][PASSED] - response2 = scoring.getResponseText(): null

2022-11-22 15:56:40 - [TEST_STEP][PASSED] - markPassed("result service data ke : " + no): result service data ke : 220

2022-11-22 15:56:40 - [MESSAGE][PASSED] - result service data ke : 220

2022-11-22 15:56:40 - [TEST_STEP][PASSED] - logInfo($response2): {"result_konsumen":"Reject","result_pasangan":"","Final_result":"Reject","errorMessage":"","status":"Done"}

2022-11-22 15:56:40 - [MESSAGE][INFO] - {"result_konsumen":"Reject","result_pasangan":"","Final_result":"Reject","errorMessage":"","status":"Done"}

2022-11-22 15:56:40 - [TEST_STEP][PASSED] - verifyElementPropertyValue(scoring, "Final_result", final_result): Verify element property value successfully

2022-11-22 15:56:40 - [MESSAGE][PASSED] - Verify element property value successfully]]></system-out>
         <system-err><![CDATA[]]></system-err>
      </testcase>
      <testcase name="Test Cases/Engine_Scoring/Engine Scoring" time="6.168" classname="Test Cases/Engine_Scoring/Engine Scoring" status="PASSED">
         <system-out><![CDATA[2022-11-22 15:56:40 - [TEST_CASE][PASSED] - Test Cases/Engine_Scoring/Engine Scoring: Test Cases/Engine_Scoring/Engine Scoring

2022-11-22 15:56:42 - [TEST_STEP][PASSED] - markPassed("Variasi data ke : " + no): Variasi data ke : 221

2022-11-22 15:56:42 - [MESSAGE][PASSED] - Variasi data ke : 221

2022-11-22 15:56:42 - [TEST_STEP][PASSED] - req_data = sendRequest(findTestObject("Search_ME", ["MID":MID, "source":source, "ip":ip, "userid":userid, "branch":branch, "tipekons":tipekons, "marital":marital, "penjamin":penjamin, ... ])): Send request successfully

2022-11-22 15:56:43 - [MESSAGE][INFO] - HAR: D:\DMS\Engine Scoring\Reports\20221122_153620\Exclude KKB - DS\Scoring Individu - Used\20221122_153620\requests\main\440.har

2022-11-22 15:56:43 - [MESSAGE][PASSED] - Send request successfully

2022-11-22 15:56:43 - [TEST_STEP][PASSED] - slurper = new groovy.json.JsonSlurper(): null

2022-11-22 15:56:43 - [TEST_STEP][PASSED] - result = slurper.parseText(req_data.getResponseBodyContent()): null

2022-11-22 15:56:43 - [TEST_STEP][PASSED] - reqid_kons = requestid1: null

2022-11-22 15:56:43 - [TEST_STEP][PASSED] - reqid_spouse = requestid2: null

2022-11-22 15:56:43 - [TEST_STEP][PASSED] - println("requestid kons : " + reqid_kons): null

2022-11-22 15:56:43 - [TEST_STEP][PASSED] - response_searchME_kons = reqid_kons: null

2022-11-22 15:56:43 - [TEST_STEP][PASSED] - response_searchME_spouse = reqid_spouse: null

2022-11-22 15:56:43 - [TEST_STEP][PASSED] - println("kons req id is :" + response_searchME_kons): null

2022-11-22 15:56:43 - [TEST_STEP][PASSED] - println("spouse req id is : " + response_searchME_spouse): null

2022-11-22 15:56:43 - [TEST_STEP][PASSED] - verifyResponseStatusCode(req_data, 200): Verify response status code successfully

2022-11-22 15:56:43 - [MESSAGE][PASSED] - Verify response status code successfully

2022-11-22 15:56:43 - [TEST_STEP][PASSED] - response = req_data.getResponseText(): null

2022-11-22 15:56:43 - [TEST_STEP][PASSED] - logInfo($response): {"status":"Done","data":{"requestid1":"242053","requestid2":""}}

2022-11-22 15:56:43 - [MESSAGE][INFO] - {"status":"Done","data":{"requestid1":"242053","requestid2":""}}

2022-11-22 15:56:43 - [TEST_STEP][PASSED] - delay(3): Delayed 3 second(s)

2022-11-22 15:56:46 - [MESSAGE][PASSED] - Delayed 3 second(s)

2022-11-22 15:56:46 - [TEST_STEP][PASSED] - scoring = sendRequest(findTestObject("EngineScore", ["response_searchME_kons":response_searchME_kons, "response_searchME_spouse":response_searchME_spouse])): Send request successfully

2022-11-22 15:56:46 - [MESSAGE][INFO] - HAR: D:\DMS\Engine Scoring\Reports\20221122_153620\Exclude KKB - DS\Scoring Individu - Used\20221122_153620\requests\main\441.har

2022-11-22 15:56:46 - [MESSAGE][PASSED] - Send request successfully

2022-11-22 15:56:46 - [TEST_STEP][PASSED] - verifyResponseStatusCode(scoring, 200): Verify response status code successfully

2022-11-22 15:56:46 - [MESSAGE][PASSED] - Verify response status code successfully

2022-11-22 15:56:46 - [TEST_STEP][PASSED] - response2 = scoring.getResponseText(): null

2022-11-22 15:56:46 - [TEST_STEP][PASSED] - markPassed("result service data ke : " + no): result service data ke : 221

2022-11-22 15:56:46 - [MESSAGE][PASSED] - result service data ke : 221

2022-11-22 15:56:46 - [TEST_STEP][PASSED] - logInfo($response2): {"result_konsumen":"Reject","result_pasangan":"","Final_result":"Reject","errorMessage":"","status":"Done"}

2022-11-22 15:56:46 - [MESSAGE][INFO] - {"result_konsumen":"Reject","result_pasangan":"","Final_result":"Reject","errorMessage":"","status":"Done"}

2022-11-22 15:56:46 - [TEST_STEP][PASSED] - verifyElementPropertyValue(scoring, "Final_result", final_result): Verify element property value successfully

2022-11-22 15:56:47 - [MESSAGE][PASSED] - Verify element property value successfully]]></system-out>
         <system-err><![CDATA[]]></system-err>
      </testcase>
      <testcase name="Test Cases/Engine_Scoring/Engine Scoring" time="5.922" classname="Test Cases/Engine_Scoring/Engine Scoring" status="PASSED">
         <system-out><![CDATA[2022-11-22 15:56:47 - [TEST_CASE][PASSED] - Test Cases/Engine_Scoring/Engine Scoring: Test Cases/Engine_Scoring/Engine Scoring

2022-11-22 15:56:48 - [TEST_STEP][PASSED] - markPassed("Variasi data ke : " + no): Variasi data ke : 222

2022-11-22 15:56:48 - [MESSAGE][PASSED] - Variasi data ke : 222

2022-11-22 15:56:48 - [TEST_STEP][PASSED] - req_data = sendRequest(findTestObject("Search_ME", ["MID":MID, "source":source, "ip":ip, "userid":userid, "branch":branch, "tipekons":tipekons, "marital":marital, "penjamin":penjamin, ... ])): Send request successfully

2022-11-22 15:56:49 - [MESSAGE][INFO] - HAR: D:\DMS\Engine Scoring\Reports\20221122_153620\Exclude KKB - DS\Scoring Individu - Used\20221122_153620\requests\main\442.har

2022-11-22 15:56:49 - [MESSAGE][PASSED] - Send request successfully

2022-11-22 15:56:49 - [TEST_STEP][PASSED] - slurper = new groovy.json.JsonSlurper(): null

2022-11-22 15:56:49 - [TEST_STEP][PASSED] - result = slurper.parseText(req_data.getResponseBodyContent()): null

2022-11-22 15:56:49 - [TEST_STEP][PASSED] - reqid_kons = requestid1: null

2022-11-22 15:56:49 - [TEST_STEP][PASSED] - reqid_spouse = requestid2: null

2022-11-22 15:56:49 - [TEST_STEP][PASSED] - println("requestid kons : " + reqid_kons): null

2022-11-22 15:56:49 - [TEST_STEP][PASSED] - response_searchME_kons = reqid_kons: null

2022-11-22 15:56:49 - [TEST_STEP][PASSED] - response_searchME_spouse = reqid_spouse: null

2022-11-22 15:56:49 - [TEST_STEP][PASSED] - println("kons req id is :" + response_searchME_kons): null

2022-11-22 15:56:49 - [TEST_STEP][PASSED] - println("spouse req id is : " + response_searchME_spouse): null

2022-11-22 15:56:49 - [TEST_STEP][PASSED] - verifyResponseStatusCode(req_data, 200): Verify response status code successfully

2022-11-22 15:56:49 - [MESSAGE][PASSED] - Verify response status code successfully

2022-11-22 15:56:49 - [TEST_STEP][PASSED] - response = req_data.getResponseText(): null

2022-11-22 15:56:49 - [TEST_STEP][PASSED] - logInfo($response): {"status":"Done","data":{"requestid1":"242054","requestid2":""}}

2022-11-22 15:56:49 - [MESSAGE][INFO] - {"status":"Done","data":{"requestid1":"242054","requestid2":""}}

2022-11-22 15:56:49 - [TEST_STEP][PASSED] - delay(3): Delayed 3 second(s)

2022-11-22 15:56:52 - [MESSAGE][PASSED] - Delayed 3 second(s)

2022-11-22 15:56:52 - [TEST_STEP][PASSED] - scoring = sendRequest(findTestObject("EngineScore", ["response_searchME_kons":response_searchME_kons, "response_searchME_spouse":response_searchME_spouse])): Send request successfully

2022-11-22 15:56:52 - [MESSAGE][INFO] - HAR: D:\DMS\Engine Scoring\Reports\20221122_153620\Exclude KKB - DS\Scoring Individu - Used\20221122_153620\requests\main\443.har

2022-11-22 15:56:52 - [MESSAGE][PASSED] - Send request successfully

2022-11-22 15:56:52 - [TEST_STEP][PASSED] - verifyResponseStatusCode(scoring, 200): Verify response status code successfully

2022-11-22 15:56:52 - [MESSAGE][PASSED] - Verify response status code successfully

2022-11-22 15:56:52 - [TEST_STEP][PASSED] - response2 = scoring.getResponseText(): null

2022-11-22 15:56:52 - [TEST_STEP][PASSED] - markPassed("result service data ke : " + no): result service data ke : 222

2022-11-22 15:56:52 - [MESSAGE][PASSED] - result service data ke : 222

2022-11-22 15:56:52 - [TEST_STEP][PASSED] - logInfo($response2): {"result_konsumen":"Reject","result_pasangan":"","Final_result":"Reject","errorMessage":"","status":"Done"}

2022-11-22 15:56:52 - [MESSAGE][INFO] - {"result_konsumen":"Reject","result_pasangan":"","Final_result":"Reject","errorMessage":"","status":"Done"}

2022-11-22 15:56:52 - [TEST_STEP][PASSED] - verifyElementPropertyValue(scoring, "Final_result", final_result): Verify element property value successfully

2022-11-22 15:56:53 - [MESSAGE][PASSED] - Verify element property value successfully]]></system-out>
         <system-err><![CDATA[]]></system-err>
      </testcase>
      <testcase name="Test Cases/Engine_Scoring/Engine Scoring" time="6.003" classname="Test Cases/Engine_Scoring/Engine Scoring" status="PASSED">
         <system-out><![CDATA[2022-11-22 15:56:53 - [TEST_CASE][PASSED] - Test Cases/Engine_Scoring/Engine Scoring: Test Cases/Engine_Scoring/Engine Scoring

2022-11-22 15:56:54 - [TEST_STEP][PASSED] - markPassed("Variasi data ke : " + no): Variasi data ke : 223

2022-11-22 15:56:54 - [MESSAGE][PASSED] - Variasi data ke : 223

2022-11-22 15:56:54 - [TEST_STEP][PASSED] - req_data = sendRequest(findTestObject("Search_ME", ["MID":MID, "source":source, "ip":ip, "userid":userid, "branch":branch, "tipekons":tipekons, "marital":marital, "penjamin":penjamin, ... ])): Send request successfully

2022-11-22 15:56:55 - [MESSAGE][INFO] - HAR: D:\DMS\Engine Scoring\Reports\20221122_153620\Exclude KKB - DS\Scoring Individu - Used\20221122_153620\requests\main\444.har

2022-11-22 15:56:55 - [MESSAGE][PASSED] - Send request successfully

2022-11-22 15:56:55 - [TEST_STEP][PASSED] - slurper = new groovy.json.JsonSlurper(): null

2022-11-22 15:56:55 - [TEST_STEP][PASSED] - result = slurper.parseText(req_data.getResponseBodyContent()): null

2022-11-22 15:56:55 - [TEST_STEP][PASSED] - reqid_kons = requestid1: null

2022-11-22 15:56:55 - [TEST_STEP][PASSED] - reqid_spouse = requestid2: null

2022-11-22 15:56:55 - [TEST_STEP][PASSED] - println("requestid kons : " + reqid_kons): null

2022-11-22 15:56:55 - [TEST_STEP][PASSED] - response_searchME_kons = reqid_kons: null

2022-11-22 15:56:55 - [TEST_STEP][PASSED] - response_searchME_spouse = reqid_spouse: null

2022-11-22 15:56:55 - [TEST_STEP][PASSED] - println("kons req id is :" + response_searchME_kons): null

2022-11-22 15:56:55 - [TEST_STEP][PASSED] - println("spouse req id is : " + response_searchME_spouse): null

2022-11-22 15:56:55 - [TEST_STEP][PASSED] - verifyResponseStatusCode(req_data, 200): Verify response status code successfully

2022-11-22 15:56:55 - [MESSAGE][PASSED] - Verify response status code successfully

2022-11-22 15:56:55 - [TEST_STEP][PASSED] - response = req_data.getResponseText(): null

2022-11-22 15:56:55 - [TEST_STEP][PASSED] - logInfo($response): {"status":"Done","data":{"requestid1":"242055","requestid2":""}}

2022-11-22 15:56:55 - [MESSAGE][INFO] - {"status":"Done","data":{"requestid1":"242055","requestid2":""}}

2022-11-22 15:56:55 - [TEST_STEP][PASSED] - delay(3): Delayed 3 second(s)

2022-11-22 15:56:58 - [MESSAGE][PASSED] - Delayed 3 second(s)

2022-11-22 15:56:58 - [TEST_STEP][PASSED] - scoring = sendRequest(findTestObject("EngineScore", ["response_searchME_kons":response_searchME_kons, "response_searchME_spouse":response_searchME_spouse])): Send request successfully

2022-11-22 15:56:59 - [MESSAGE][INFO] - HAR: D:\DMS\Engine Scoring\Reports\20221122_153620\Exclude KKB - DS\Scoring Individu - Used\20221122_153620\requests\main\445.har

2022-11-22 15:56:59 - [MESSAGE][PASSED] - Send request successfully

2022-11-22 15:56:59 - [TEST_STEP][PASSED] - verifyResponseStatusCode(scoring, 200): Verify response status code successfully

2022-11-22 15:56:59 - [MESSAGE][PASSED] - Verify response status code successfully

2022-11-22 15:56:59 - [TEST_STEP][PASSED] - response2 = scoring.getResponseText(): null

2022-11-22 15:56:59 - [TEST_STEP][PASSED] - markPassed("result service data ke : " + no): result service data ke : 223

2022-11-22 15:56:59 - [MESSAGE][PASSED] - result service data ke : 223

2022-11-22 15:56:59 - [TEST_STEP][PASSED] - logInfo($response2): {"result_konsumen":"Reject","result_pasangan":"","Final_result":"Reject","errorMessage":"","status":"Done"}

2022-11-22 15:56:59 - [MESSAGE][INFO] - {"result_konsumen":"Reject","result_pasangan":"","Final_result":"Reject","errorMessage":"","status":"Done"}

2022-11-22 15:56:59 - [TEST_STEP][PASSED] - verifyElementPropertyValue(scoring, "Final_result", final_result): Verify element property value successfully

2022-11-22 15:56:59 - [MESSAGE][PASSED] - Verify element property value successfully]]></system-out>
         <system-err><![CDATA[]]></system-err>
      </testcase>
      <testcase name="Test Cases/Engine_Scoring/Engine Scoring" time="5.928" classname="Test Cases/Engine_Scoring/Engine Scoring" status="PASSED">
         <system-out><![CDATA[2022-11-22 15:56:59 - [TEST_CASE][PASSED] - Test Cases/Engine_Scoring/Engine Scoring: Test Cases/Engine_Scoring/Engine Scoring

2022-11-22 15:57:00 - [TEST_STEP][PASSED] - markPassed("Variasi data ke : " + no): Variasi data ke : 224

2022-11-22 15:57:00 - [MESSAGE][PASSED] - Variasi data ke : 224

2022-11-22 15:57:00 - [TEST_STEP][PASSED] - req_data = sendRequest(findTestObject("Search_ME", ["MID":MID, "source":source, "ip":ip, "userid":userid, "branch":branch, "tipekons":tipekons, "marital":marital, "penjamin":penjamin, ... ])): Send request successfully

2022-11-22 15:57:01 - [MESSAGE][INFO] - HAR: D:\DMS\Engine Scoring\Reports\20221122_153620\Exclude KKB - DS\Scoring Individu - Used\20221122_153620\requests\main\446.har

2022-11-22 15:57:01 - [MESSAGE][PASSED] - Send request successfully

2022-11-22 15:57:01 - [TEST_STEP][PASSED] - slurper = new groovy.json.JsonSlurper(): null

2022-11-22 15:57:01 - [TEST_STEP][PASSED] - result = slurper.parseText(req_data.getResponseBodyContent()): null

2022-11-22 15:57:01 - [TEST_STEP][PASSED] - reqid_kons = requestid1: null

2022-11-22 15:57:01 - [TEST_STEP][PASSED] - reqid_spouse = requestid2: null

2022-11-22 15:57:01 - [TEST_STEP][PASSED] - println("requestid kons : " + reqid_kons): null

2022-11-22 15:57:01 - [TEST_STEP][PASSED] - response_searchME_kons = reqid_kons: null

2022-11-22 15:57:01 - [TEST_STEP][PASSED] - response_searchME_spouse = reqid_spouse: null

2022-11-22 15:57:01 - [TEST_STEP][PASSED] - println("kons req id is :" + response_searchME_kons): null

2022-11-22 15:57:01 - [TEST_STEP][PASSED] - println("spouse req id is : " + response_searchME_spouse): null

2022-11-22 15:57:01 - [TEST_STEP][PASSED] - verifyResponseStatusCode(req_data, 200): Verify response status code successfully

2022-11-22 15:57:01 - [MESSAGE][PASSED] - Verify response status code successfully

2022-11-22 15:57:01 - [TEST_STEP][PASSED] - response = req_data.getResponseText(): null

2022-11-22 15:57:01 - [TEST_STEP][PASSED] - logInfo($response): {"status":"Done","data":{"requestid1":"242056","requestid2":""}}

2022-11-22 15:57:01 - [MESSAGE][INFO] - {"status":"Done","data":{"requestid1":"242056","requestid2":""}}

2022-11-22 15:57:01 - [TEST_STEP][PASSED] - delay(3): Delayed 3 second(s)

2022-11-22 15:57:04 - [MESSAGE][PASSED] - Delayed 3 second(s)

2022-11-22 15:57:04 - [TEST_STEP][PASSED] - scoring = sendRequest(findTestObject("EngineScore", ["response_searchME_kons":response_searchME_kons, "response_searchME_spouse":response_searchME_spouse])): Send request successfully

2022-11-22 15:57:04 - [MESSAGE][INFO] - HAR: D:\DMS\Engine Scoring\Reports\20221122_153620\Exclude KKB - DS\Scoring Individu - Used\20221122_153620\requests\main\447.har

2022-11-22 15:57:04 - [MESSAGE][PASSED] - Send request successfully

2022-11-22 15:57:04 - [TEST_STEP][PASSED] - verifyResponseStatusCode(scoring, 200): Verify response status code successfully

2022-11-22 15:57:04 - [MESSAGE][PASSED] - Verify response status code successfully

2022-11-22 15:57:04 - [TEST_STEP][PASSED] - response2 = scoring.getResponseText(): null

2022-11-22 15:57:04 - [TEST_STEP][PASSED] - markPassed("result service data ke : " + no): result service data ke : 224

2022-11-22 15:57:04 - [MESSAGE][PASSED] - result service data ke : 224

2022-11-22 15:57:04 - [TEST_STEP][PASSED] - logInfo($response2): {"result_konsumen":"Reject","result_pasangan":"","Final_result":"Reject","errorMessage":"","status":"Done"}

2022-11-22 15:57:04 - [MESSAGE][INFO] - {"result_konsumen":"Reject","result_pasangan":"","Final_result":"Reject","errorMessage":"","status":"Done"}

2022-11-22 15:57:04 - [TEST_STEP][PASSED] - verifyElementPropertyValue(scoring, "Final_result", final_result): Verify element property value successfully

2022-11-22 15:57:05 - [MESSAGE][PASSED] - Verify element property value successfully]]></system-out>
         <system-err><![CDATA[]]></system-err>
      </testcase>
      <testcase name="Test Cases/Engine_Scoring/Engine Scoring" time="6.015" classname="Test Cases/Engine_Scoring/Engine Scoring" status="PASSED">
         <system-out><![CDATA[2022-11-22 15:57:05 - [TEST_CASE][PASSED] - Test Cases/Engine_Scoring/Engine Scoring: Test Cases/Engine_Scoring/Engine Scoring

2022-11-22 15:57:06 - [TEST_STEP][PASSED] - markPassed("Variasi data ke : " + no): Variasi data ke : 225

2022-11-22 15:57:06 - [MESSAGE][PASSED] - Variasi data ke : 225

2022-11-22 15:57:06 - [TEST_STEP][PASSED] - req_data = sendRequest(findTestObject("Search_ME", ["MID":MID, "source":source, "ip":ip, "userid":userid, "branch":branch, "tipekons":tipekons, "marital":marital, "penjamin":penjamin, ... ])): Send request successfully

2022-11-22 15:57:07 - [MESSAGE][INFO] - HAR: D:\DMS\Engine Scoring\Reports\20221122_153620\Exclude KKB - DS\Scoring Individu - Used\20221122_153620\requests\main\448.har

2022-11-22 15:57:07 - [MESSAGE][PASSED] - Send request successfully

2022-11-22 15:57:07 - [TEST_STEP][PASSED] - slurper = new groovy.json.JsonSlurper(): null

2022-11-22 15:57:07 - [TEST_STEP][PASSED] - result = slurper.parseText(req_data.getResponseBodyContent()): null

2022-11-22 15:57:07 - [TEST_STEP][PASSED] - reqid_kons = requestid1: null

2022-11-22 15:57:07 - [TEST_STEP][PASSED] - reqid_spouse = requestid2: null

2022-11-22 15:57:07 - [TEST_STEP][PASSED] - println("requestid kons : " + reqid_kons): null

2022-11-22 15:57:07 - [TEST_STEP][PASSED] - response_searchME_kons = reqid_kons: null

2022-11-22 15:57:07 - [TEST_STEP][PASSED] - response_searchME_spouse = reqid_spouse: null

2022-11-22 15:57:07 - [TEST_STEP][PASSED] - println("kons req id is :" + response_searchME_kons): null

2022-11-22 15:57:07 - [TEST_STEP][PASSED] - println("spouse req id is : " + response_searchME_spouse): null

2022-11-22 15:57:07 - [TEST_STEP][PASSED] - verifyResponseStatusCode(req_data, 200): Verify response status code successfully

2022-11-22 15:57:07 - [MESSAGE][PASSED] - Verify response status code successfully

2022-11-22 15:57:07 - [TEST_STEP][PASSED] - response = req_data.getResponseText(): null

2022-11-22 15:57:07 - [TEST_STEP][PASSED] - logInfo($response): {"status":"Done","data":{"requestid1":"242057","requestid2":""}}

2022-11-22 15:57:07 - [MESSAGE][INFO] - {"status":"Done","data":{"requestid1":"242057","requestid2":""}}

2022-11-22 15:57:07 - [TEST_STEP][PASSED] - delay(3): Delayed 3 second(s)

2022-11-22 15:57:10 - [MESSAGE][PASSED] - Delayed 3 second(s)

2022-11-22 15:57:10 - [TEST_STEP][PASSED] - scoring = sendRequest(findTestObject("EngineScore", ["response_searchME_kons":response_searchME_kons, "response_searchME_spouse":response_searchME_spouse])): Send request successfully

2022-11-22 15:57:11 - [MESSAGE][INFO] - HAR: D:\DMS\Engine Scoring\Reports\20221122_153620\Exclude KKB - DS\Scoring Individu - Used\20221122_153620\requests\main\449.har

2022-11-22 15:57:11 - [MESSAGE][PASSED] - Send request successfully

2022-11-22 15:57:11 - [TEST_STEP][PASSED] - verifyResponseStatusCode(scoring, 200): Verify response status code successfully

2022-11-22 15:57:11 - [MESSAGE][PASSED] - Verify response status code successfully

2022-11-22 15:57:11 - [TEST_STEP][PASSED] - response2 = scoring.getResponseText(): null

2022-11-22 15:57:11 - [TEST_STEP][PASSED] - markPassed("result service data ke : " + no): result service data ke : 225

2022-11-22 15:57:11 - [MESSAGE][PASSED] - result service data ke : 225

2022-11-22 15:57:11 - [TEST_STEP][PASSED] - logInfo($response2): {"result_konsumen":"Reject","result_pasangan":"","Final_result":"Reject","errorMessage":"","status":"Done"}

2022-11-22 15:57:11 - [MESSAGE][INFO] - {"result_konsumen":"Reject","result_pasangan":"","Final_result":"Reject","errorMessage":"","status":"Done"}

2022-11-22 15:57:11 - [TEST_STEP][PASSED] - verifyElementPropertyValue(scoring, "Final_result", final_result): Verify element property value successfully

2022-11-22 15:57:11 - [MESSAGE][PASSED] - Verify element property value successfully]]></system-out>
         <system-err><![CDATA[]]></system-err>
      </testcase>
      <testcase name="Test Cases/Engine_Scoring/Engine Scoring" time="5.76" classname="Test Cases/Engine_Scoring/Engine Scoring" status="PASSED">
         <system-out><![CDATA[2022-11-22 15:57:11 - [TEST_CASE][PASSED] - Test Cases/Engine_Scoring/Engine Scoring: Test Cases/Engine_Scoring/Engine Scoring

2022-11-22 15:57:12 - [TEST_STEP][PASSED] - markPassed("Variasi data ke : " + no): Variasi data ke : 226

2022-11-22 15:57:12 - [MESSAGE][PASSED] - Variasi data ke : 226

2022-11-22 15:57:12 - [TEST_STEP][PASSED] - req_data = sendRequest(findTestObject("Search_ME", ["MID":MID, "source":source, "ip":ip, "userid":userid, "branch":branch, "tipekons":tipekons, "marital":marital, "penjamin":penjamin, ... ])): Send request successfully

2022-11-22 15:57:13 - [MESSAGE][INFO] - HAR: D:\DMS\Engine Scoring\Reports\20221122_153620\Exclude KKB - DS\Scoring Individu - Used\20221122_153620\requests\main\450.har

2022-11-22 15:57:13 - [MESSAGE][PASSED] - Send request successfully

2022-11-22 15:57:13 - [TEST_STEP][PASSED] - slurper = new groovy.json.JsonSlurper(): null

2022-11-22 15:57:13 - [TEST_STEP][PASSED] - result = slurper.parseText(req_data.getResponseBodyContent()): null

2022-11-22 15:57:13 - [TEST_STEP][PASSED] - reqid_kons = requestid1: null

2022-11-22 15:57:13 - [TEST_STEP][PASSED] - reqid_spouse = requestid2: null

2022-11-22 15:57:13 - [TEST_STEP][PASSED] - println("requestid kons : " + reqid_kons): null

2022-11-22 15:57:13 - [TEST_STEP][PASSED] - response_searchME_kons = reqid_kons: null

2022-11-22 15:57:13 - [TEST_STEP][PASSED] - response_searchME_spouse = reqid_spouse: null

2022-11-22 15:57:13 - [TEST_STEP][PASSED] - println("kons req id is :" + response_searchME_kons): null

2022-11-22 15:57:13 - [TEST_STEP][PASSED] - println("spouse req id is : " + response_searchME_spouse): null

2022-11-22 15:57:13 - [TEST_STEP][PASSED] - verifyResponseStatusCode(req_data, 200): Verify response status code successfully

2022-11-22 15:57:13 - [MESSAGE][PASSED] - Verify response status code successfully

2022-11-22 15:57:13 - [TEST_STEP][PASSED] - response = req_data.getResponseText(): null

2022-11-22 15:57:13 - [TEST_STEP][PASSED] - logInfo($response): {"status":"Done","data":{"requestid1":"242058","requestid2":""}}

2022-11-22 15:57:13 - [MESSAGE][INFO] - {"status":"Done","data":{"requestid1":"242058","requestid2":""}}

2022-11-22 15:57:13 - [TEST_STEP][PASSED] - delay(3): Delayed 3 second(s)

2022-11-22 15:57:16 - [MESSAGE][PASSED] - Delayed 3 second(s)

2022-11-22 15:57:16 - [TEST_STEP][PASSED] - scoring = sendRequest(findTestObject("EngineScore", ["response_searchME_kons":response_searchME_kons, "response_searchME_spouse":response_searchME_spouse])): Send request successfully

2022-11-22 15:57:16 - [MESSAGE][INFO] - HAR: D:\DMS\Engine Scoring\Reports\20221122_153620\Exclude KKB - DS\Scoring Individu - Used\20221122_153620\requests\main\451.har

2022-11-22 15:57:16 - [MESSAGE][PASSED] - Send request successfully

2022-11-22 15:57:16 - [TEST_STEP][PASSED] - verifyResponseStatusCode(scoring, 200): Verify response status code successfully

2022-11-22 15:57:16 - [MESSAGE][PASSED] - Verify response status code successfully

2022-11-22 15:57:16 - [TEST_STEP][PASSED] - response2 = scoring.getResponseText(): null

2022-11-22 15:57:16 - [TEST_STEP][PASSED] - markPassed("result service data ke : " + no): result service data ke : 226

2022-11-22 15:57:16 - [MESSAGE][PASSED] - result service data ke : 226

2022-11-22 15:57:16 - [TEST_STEP][PASSED] - logInfo($response2): {"result_konsumen":"Reject","result_pasangan":"","Final_result":"Reject","errorMessage":"","status":"Done"}

2022-11-22 15:57:16 - [MESSAGE][INFO] - {"result_konsumen":"Reject","result_pasangan":"","Final_result":"Reject","errorMessage":"","status":"Done"}

2022-11-22 15:57:16 - [TEST_STEP][PASSED] - verifyElementPropertyValue(scoring, "Final_result", final_result): Verify element property value successfully

2022-11-22 15:57:17 - [MESSAGE][PASSED] - Verify element property value successfully]]></system-out>
         <system-err><![CDATA[]]></system-err>
      </testcase>
      <testcase name="Test Cases/Engine_Scoring/Engine Scoring" time="6.186" classname="Test Cases/Engine_Scoring/Engine Scoring" status="PASSED">
         <system-out><![CDATA[2022-11-22 15:57:17 - [TEST_CASE][PASSED] - Test Cases/Engine_Scoring/Engine Scoring: Test Cases/Engine_Scoring/Engine Scoring

2022-11-22 15:57:18 - [TEST_STEP][PASSED] - markPassed("Variasi data ke : " + no): Variasi data ke : 227

2022-11-22 15:57:18 - [MESSAGE][PASSED] - Variasi data ke : 227

2022-11-22 15:57:18 - [TEST_STEP][PASSED] - req_data = sendRequest(findTestObject("Search_ME", ["MID":MID, "source":source, "ip":ip, "userid":userid, "branch":branch, "tipekons":tipekons, "marital":marital, "penjamin":penjamin, ... ])): Send request successfully

2022-11-22 15:57:19 - [MESSAGE][INFO] - HAR: D:\DMS\Engine Scoring\Reports\20221122_153620\Exclude KKB - DS\Scoring Individu - Used\20221122_153620\requests\main\452.har

2022-11-22 15:57:20 - [MESSAGE][PASSED] - Send request successfully

2022-11-22 15:57:20 - [TEST_STEP][PASSED] - slurper = new groovy.json.JsonSlurper(): null

2022-11-22 15:57:20 - [TEST_STEP][PASSED] - result = slurper.parseText(req_data.getResponseBodyContent()): null

2022-11-22 15:57:20 - [TEST_STEP][PASSED] - reqid_kons = requestid1: null

2022-11-22 15:57:20 - [TEST_STEP][PASSED] - reqid_spouse = requestid2: null

2022-11-22 15:57:20 - [TEST_STEP][PASSED] - println("requestid kons : " + reqid_kons): null

2022-11-22 15:57:20 - [TEST_STEP][PASSED] - response_searchME_kons = reqid_kons: null

2022-11-22 15:57:20 - [TEST_STEP][PASSED] - response_searchME_spouse = reqid_spouse: null

2022-11-22 15:57:20 - [TEST_STEP][PASSED] - println("kons req id is :" + response_searchME_kons): null

2022-11-22 15:57:20 - [TEST_STEP][PASSED] - println("spouse req id is : " + response_searchME_spouse): null

2022-11-22 15:57:20 - [TEST_STEP][PASSED] - verifyResponseStatusCode(req_data, 200): Verify response status code successfully

2022-11-22 15:57:20 - [MESSAGE][PASSED] - Verify response status code successfully

2022-11-22 15:57:20 - [TEST_STEP][PASSED] - response = req_data.getResponseText(): null

2022-11-22 15:57:20 - [TEST_STEP][PASSED] - logInfo($response): {"status":"Done","data":{"requestid1":"242059","requestid2":""}}

2022-11-22 15:57:20 - [MESSAGE][INFO] - {"status":"Done","data":{"requestid1":"242059","requestid2":""}}

2022-11-22 15:57:20 - [TEST_STEP][PASSED] - delay(3): Delayed 3 second(s)

2022-11-22 15:57:23 - [MESSAGE][PASSED] - Delayed 3 second(s)

2022-11-22 15:57:23 - [TEST_STEP][PASSED] - scoring = sendRequest(findTestObject("EngineScore", ["response_searchME_kons":response_searchME_kons, "response_searchME_spouse":response_searchME_spouse])): Send request successfully

2022-11-22 15:57:23 - [MESSAGE][INFO] - HAR: D:\DMS\Engine Scoring\Reports\20221122_153620\Exclude KKB - DS\Scoring Individu - Used\20221122_153620\requests\main\453.har

2022-11-22 15:57:23 - [MESSAGE][PASSED] - Send request successfully

2022-11-22 15:57:23 - [TEST_STEP][PASSED] - verifyResponseStatusCode(scoring, 200): Verify response status code successfully

2022-11-22 15:57:23 - [MESSAGE][PASSED] - Verify response status code successfully

2022-11-22 15:57:23 - [TEST_STEP][PASSED] - response2 = scoring.getResponseText(): null

2022-11-22 15:57:23 - [TEST_STEP][PASSED] - markPassed("result service data ke : " + no): result service data ke : 227

2022-11-22 15:57:23 - [MESSAGE][PASSED] - result service data ke : 227

2022-11-22 15:57:23 - [TEST_STEP][PASSED] - logInfo($response2): {"result_konsumen":"Reject","result_pasangan":"","Final_result":"Reject","errorMessage":"","status":"Done"}

2022-11-22 15:57:23 - [MESSAGE][INFO] - {"result_konsumen":"Reject","result_pasangan":"","Final_result":"Reject","errorMessage":"","status":"Done"}

2022-11-22 15:57:23 - [TEST_STEP][PASSED] - verifyElementPropertyValue(scoring, "Final_result", final_result): Verify element property value successfully

2022-11-22 15:57:23 - [MESSAGE][PASSED] - Verify element property value successfully]]></system-out>
         <system-err><![CDATA[]]></system-err>
      </testcase>
      <testcase name="Test Cases/Engine_Scoring/Engine Scoring" time="5.94" classname="Test Cases/Engine_Scoring/Engine Scoring" status="PASSED">
         <system-out><![CDATA[2022-11-22 15:57:23 - [TEST_CASE][PASSED] - Test Cases/Engine_Scoring/Engine Scoring: Test Cases/Engine_Scoring/Engine Scoring

2022-11-22 15:57:24 - [TEST_STEP][PASSED] - markPassed("Variasi data ke : " + no): Variasi data ke : 228

2022-11-22 15:57:24 - [MESSAGE][PASSED] - Variasi data ke : 228

2022-11-22 15:57:24 - [TEST_STEP][PASSED] - req_data = sendRequest(findTestObject("Search_ME", ["MID":MID, "source":source, "ip":ip, "userid":userid, "branch":branch, "tipekons":tipekons, "marital":marital, "penjamin":penjamin, ... ])): Send request successfully

2022-11-22 15:57:26 - [MESSAGE][INFO] - HAR: D:\DMS\Engine Scoring\Reports\20221122_153620\Exclude KKB - DS\Scoring Individu - Used\20221122_153620\requests\main\454.har

2022-11-22 15:57:26 - [MESSAGE][PASSED] - Send request successfully

2022-11-22 15:57:26 - [TEST_STEP][PASSED] - slurper = new groovy.json.JsonSlurper(): null

2022-11-22 15:57:26 - [TEST_STEP][PASSED] - result = slurper.parseText(req_data.getResponseBodyContent()): null

2022-11-22 15:57:26 - [TEST_STEP][PASSED] - reqid_kons = requestid1: null

2022-11-22 15:57:26 - [TEST_STEP][PASSED] - reqid_spouse = requestid2: null

2022-11-22 15:57:26 - [TEST_STEP][PASSED] - println("requestid kons : " + reqid_kons): null

2022-11-22 15:57:26 - [TEST_STEP][PASSED] - response_searchME_kons = reqid_kons: null

2022-11-22 15:57:26 - [TEST_STEP][PASSED] - response_searchME_spouse = reqid_spouse: null

2022-11-22 15:57:26 - [TEST_STEP][PASSED] - println("kons req id is :" + response_searchME_kons): null

2022-11-22 15:57:26 - [TEST_STEP][PASSED] - println("spouse req id is : " + response_searchME_spouse): null

2022-11-22 15:57:26 - [TEST_STEP][PASSED] - verifyResponseStatusCode(req_data, 200): Verify response status code successfully

2022-11-22 15:57:26 - [MESSAGE][PASSED] - Verify response status code successfully

2022-11-22 15:57:26 - [TEST_STEP][PASSED] - response = req_data.getResponseText(): null

2022-11-22 15:57:26 - [TEST_STEP][PASSED] - logInfo($response): {"status":"Done","data":{"requestid1":"242060","requestid2":""}}

2022-11-22 15:57:26 - [MESSAGE][INFO] - {"status":"Done","data":{"requestid1":"242060","requestid2":""}}

2022-11-22 15:57:26 - [TEST_STEP][PASSED] - delay(3): Delayed 3 second(s)

2022-11-22 15:57:29 - [MESSAGE][PASSED] - Delayed 3 second(s)

2022-11-22 15:57:29 - [TEST_STEP][PASSED] - scoring = sendRequest(findTestObject("EngineScore", ["response_searchME_kons":response_searchME_kons, "response_searchME_spouse":response_searchME_spouse])): Send request successfully

2022-11-22 15:57:29 - [MESSAGE][INFO] - HAR: D:\DMS\Engine Scoring\Reports\20221122_153620\Exclude KKB - DS\Scoring Individu - Used\20221122_153620\requests\main\455.har

2022-11-22 15:57:29 - [MESSAGE][PASSED] - Send request successfully

2022-11-22 15:57:29 - [TEST_STEP][PASSED] - verifyResponseStatusCode(scoring, 200): Verify response status code successfully

2022-11-22 15:57:29 - [MESSAGE][PASSED] - Verify response status code successfully

2022-11-22 15:57:29 - [TEST_STEP][PASSED] - response2 = scoring.getResponseText(): null

2022-11-22 15:57:29 - [TEST_STEP][PASSED] - markPassed("result service data ke : " + no): result service data ke : 228

2022-11-22 15:57:29 - [MESSAGE][PASSED] - result service data ke : 228

2022-11-22 15:57:29 - [TEST_STEP][PASSED] - logInfo($response2): {"result_konsumen":"Reject","result_pasangan":"","Final_result":"Reject","errorMessage":"","status":"Done"}

2022-11-22 15:57:29 - [MESSAGE][INFO] - {"result_konsumen":"Reject","result_pasangan":"","Final_result":"Reject","errorMessage":"","status":"Done"}

2022-11-22 15:57:29 - [TEST_STEP][PASSED] - verifyElementPropertyValue(scoring, "Final_result", final_result): Verify element property value successfully

2022-11-22 15:57:29 - [MESSAGE][PASSED] - Verify element property value successfully]]></system-out>
         <system-err><![CDATA[]]></system-err>
      </testcase>
      <testcase name="Test Cases/Engine_Scoring/Engine Scoring" time="5.982" classname="Test Cases/Engine_Scoring/Engine Scoring" status="PASSED">
         <system-out><![CDATA[2022-11-22 15:57:29 - [TEST_CASE][PASSED] - Test Cases/Engine_Scoring/Engine Scoring: Test Cases/Engine_Scoring/Engine Scoring

2022-11-22 15:57:30 - [TEST_STEP][PASSED] - markPassed("Variasi data ke : " + no): Variasi data ke : 229

2022-11-22 15:57:30 - [MESSAGE][PASSED] - Variasi data ke : 229

2022-11-22 15:57:30 - [TEST_STEP][PASSED] - req_data = sendRequest(findTestObject("Search_ME", ["MID":MID, "source":source, "ip":ip, "userid":userid, "branch":branch, "tipekons":tipekons, "marital":marital, "penjamin":penjamin, ... ])): Send request successfully

2022-11-22 15:57:32 - [MESSAGE][INFO] - HAR: D:\DMS\Engine Scoring\Reports\20221122_153620\Exclude KKB - DS\Scoring Individu - Used\20221122_153620\requests\main\456.har

2022-11-22 15:57:32 - [MESSAGE][PASSED] - Send request successfully

2022-11-22 15:57:32 - [TEST_STEP][PASSED] - slurper = new groovy.json.JsonSlurper(): null

2022-11-22 15:57:32 - [TEST_STEP][PASSED] - result = slurper.parseText(req_data.getResponseBodyContent()): null

2022-11-22 15:57:32 - [TEST_STEP][PASSED] - reqid_kons = requestid1: null

2022-11-22 15:57:32 - [TEST_STEP][PASSED] - reqid_spouse = requestid2: null

2022-11-22 15:57:32 - [TEST_STEP][PASSED] - println("requestid kons : " + reqid_kons): null

2022-11-22 15:57:32 - [TEST_STEP][PASSED] - response_searchME_kons = reqid_kons: null

2022-11-22 15:57:32 - [TEST_STEP][PASSED] - response_searchME_spouse = reqid_spouse: null

2022-11-22 15:57:32 - [TEST_STEP][PASSED] - println("kons req id is :" + response_searchME_kons): null

2022-11-22 15:57:32 - [TEST_STEP][PASSED] - println("spouse req id is : " + response_searchME_spouse): null

2022-11-22 15:57:32 - [TEST_STEP][PASSED] - verifyResponseStatusCode(req_data, 200): Verify response status code successfully

2022-11-22 15:57:32 - [MESSAGE][PASSED] - Verify response status code successfully

2022-11-22 15:57:32 - [TEST_STEP][PASSED] - response = req_data.getResponseText(): null

2022-11-22 15:57:32 - [TEST_STEP][PASSED] - logInfo($response): {"status":"Done","data":{"requestid1":"242061","requestid2":""}}

2022-11-22 15:57:32 - [MESSAGE][INFO] - {"status":"Done","data":{"requestid1":"242061","requestid2":""}}

2022-11-22 15:57:32 - [TEST_STEP][PASSED] - delay(3): Delayed 3 second(s)

2022-11-22 15:57:35 - [MESSAGE][PASSED] - Delayed 3 second(s)

2022-11-22 15:57:35 - [TEST_STEP][PASSED] - scoring = sendRequest(findTestObject("EngineScore", ["response_searchME_kons":response_searchME_kons, "response_searchME_spouse":response_searchME_spouse])): Send request successfully

2022-11-22 15:57:35 - [MESSAGE][INFO] - HAR: D:\DMS\Engine Scoring\Reports\20221122_153620\Exclude KKB - DS\Scoring Individu - Used\20221122_153620\requests\main\457.har

2022-11-22 15:57:35 - [MESSAGE][PASSED] - Send request successfully

2022-11-22 15:57:35 - [TEST_STEP][PASSED] - verifyResponseStatusCode(scoring, 200): Verify response status code successfully

2022-11-22 15:57:35 - [MESSAGE][PASSED] - Verify response status code successfully

2022-11-22 15:57:35 - [TEST_STEP][PASSED] - response2 = scoring.getResponseText(): null

2022-11-22 15:57:35 - [TEST_STEP][PASSED] - markPassed("result service data ke : " + no): result service data ke : 229

2022-11-22 15:57:35 - [MESSAGE][PASSED] - result service data ke : 229

2022-11-22 15:57:35 - [TEST_STEP][PASSED] - logInfo($response2): {"result_konsumen":"Reject","result_pasangan":"","Final_result":"Reject","errorMessage":"","status":"Done"}

2022-11-22 15:57:35 - [MESSAGE][INFO] - {"result_konsumen":"Reject","result_pasangan":"","Final_result":"Reject","errorMessage":"","status":"Done"}

2022-11-22 15:57:35 - [TEST_STEP][PASSED] - verifyElementPropertyValue(scoring, "Final_result", final_result): Verify element property value successfully

2022-11-22 15:57:35 - [MESSAGE][PASSED] - Verify element property value successfully]]></system-out>
         <system-err><![CDATA[]]></system-err>
      </testcase>
      <testcase name="Test Cases/Engine_Scoring/Engine Scoring" time="6.051" classname="Test Cases/Engine_Scoring/Engine Scoring" status="PASSED">
         <system-out><![CDATA[2022-11-22 15:57:35 - [TEST_CASE][PASSED] - Test Cases/Engine_Scoring/Engine Scoring: Test Cases/Engine_Scoring/Engine Scoring

2022-11-22 15:57:37 - [TEST_STEP][PASSED] - markPassed("Variasi data ke : " + no): Variasi data ke : 230

2022-11-22 15:57:37 - [MESSAGE][PASSED] - Variasi data ke : 230

2022-11-22 15:57:37 - [TEST_STEP][PASSED] - req_data = sendRequest(findTestObject("Search_ME", ["MID":MID, "source":source, "ip":ip, "userid":userid, "branch":branch, "tipekons":tipekons, "marital":marital, "penjamin":penjamin, ... ])): Send request successfully

2022-11-22 15:57:38 - [MESSAGE][INFO] - HAR: D:\DMS\Engine Scoring\Reports\20221122_153620\Exclude KKB - DS\Scoring Individu - Used\20221122_153620\requests\main\458.har

2022-11-22 15:57:38 - [MESSAGE][PASSED] - Send request successfully

2022-11-22 15:57:38 - [TEST_STEP][PASSED] - slurper = new groovy.json.JsonSlurper(): null

2022-11-22 15:57:38 - [TEST_STEP][PASSED] - result = slurper.parseText(req_data.getResponseBodyContent()): null

2022-11-22 15:57:38 - [TEST_STEP][PASSED] - reqid_kons = requestid1: null

2022-11-22 15:57:38 - [TEST_STEP][PASSED] - reqid_spouse = requestid2: null

2022-11-22 15:57:38 - [TEST_STEP][PASSED] - println("requestid kons : " + reqid_kons): null

2022-11-22 15:57:38 - [TEST_STEP][PASSED] - response_searchME_kons = reqid_kons: null

2022-11-22 15:57:38 - [TEST_STEP][PASSED] - response_searchME_spouse = reqid_spouse: null

2022-11-22 15:57:38 - [TEST_STEP][PASSED] - println("kons req id is :" + response_searchME_kons): null

2022-11-22 15:57:38 - [TEST_STEP][PASSED] - println("spouse req id is : " + response_searchME_spouse): null

2022-11-22 15:57:38 - [TEST_STEP][PASSED] - verifyResponseStatusCode(req_data, 200): Verify response status code successfully

2022-11-22 15:57:38 - [MESSAGE][PASSED] - Verify response status code successfully

2022-11-22 15:57:38 - [TEST_STEP][PASSED] - response = req_data.getResponseText(): null

2022-11-22 15:57:38 - [TEST_STEP][PASSED] - logInfo($response): {"status":"Done","data":{"requestid1":"242062","requestid2":""}}

2022-11-22 15:57:38 - [MESSAGE][INFO] - {"status":"Done","data":{"requestid1":"242062","requestid2":""}}

2022-11-22 15:57:38 - [TEST_STEP][PASSED] - delay(3): Delayed 3 second(s)

2022-11-22 15:57:41 - [MESSAGE][PASSED] - Delayed 3 second(s)

2022-11-22 15:57:41 - [TEST_STEP][PASSED] - scoring = sendRequest(findTestObject("EngineScore", ["response_searchME_kons":response_searchME_kons, "response_searchME_spouse":response_searchME_spouse])): Send request successfully

2022-11-22 15:57:41 - [MESSAGE][INFO] - HAR: D:\DMS\Engine Scoring\Reports\20221122_153620\Exclude KKB - DS\Scoring Individu - Used\20221122_153620\requests\main\459.har

2022-11-22 15:57:41 - [MESSAGE][PASSED] - Send request successfully

2022-11-22 15:57:41 - [TEST_STEP][PASSED] - verifyResponseStatusCode(scoring, 200): Verify response status code successfully

2022-11-22 15:57:41 - [MESSAGE][PASSED] - Verify response status code successfully

2022-11-22 15:57:41 - [TEST_STEP][PASSED] - response2 = scoring.getResponseText(): null

2022-11-22 15:57:41 - [TEST_STEP][PASSED] - markPassed("result service data ke : " + no): result service data ke : 230

2022-11-22 15:57:41 - [MESSAGE][PASSED] - result service data ke : 230

2022-11-22 15:57:41 - [TEST_STEP][PASSED] - logInfo($response2): {"result_konsumen":"Reject","result_pasangan":"","Final_result":"Reject","errorMessage":"","status":"Done"}

2022-11-22 15:57:41 - [MESSAGE][INFO] - {"result_konsumen":"Reject","result_pasangan":"","Final_result":"Reject","errorMessage":"","status":"Done"}

2022-11-22 15:57:41 - [TEST_STEP][PASSED] - verifyElementPropertyValue(scoring, "Final_result", final_result): Verify element property value successfully

2022-11-22 15:57:41 - [MESSAGE][PASSED] - Verify element property value successfully]]></system-out>
         <system-err><![CDATA[]]></system-err>
      </testcase>
      <testcase name="Test Cases/Engine_Scoring/Engine Scoring" time="6.24" classname="Test Cases/Engine_Scoring/Engine Scoring" status="PASSED">
         <system-out><![CDATA[2022-11-22 15:57:41 - [TEST_CASE][PASSED] - Test Cases/Engine_Scoring/Engine Scoring: Test Cases/Engine_Scoring/Engine Scoring

2022-11-22 15:57:42 - [TEST_STEP][PASSED] - markPassed("Variasi data ke : " + no): Variasi data ke : 231

2022-11-22 15:57:42 - [MESSAGE][PASSED] - Variasi data ke : 231

2022-11-22 15:57:42 - [TEST_STEP][PASSED] - req_data = sendRequest(findTestObject("Search_ME", ["MID":MID, "source":source, "ip":ip, "userid":userid, "branch":branch, "tipekons":tipekons, "marital":marital, "penjamin":penjamin, ... ])): Send request successfully

2022-11-22 15:57:44 - [MESSAGE][INFO] - HAR: D:\DMS\Engine Scoring\Reports\20221122_153620\Exclude KKB - DS\Scoring Individu - Used\20221122_153620\requests\main\460.har

2022-11-22 15:57:44 - [MESSAGE][PASSED] - Send request successfully

2022-11-22 15:57:44 - [TEST_STEP][PASSED] - slurper = new groovy.json.JsonSlurper(): null

2022-11-22 15:57:44 - [TEST_STEP][PASSED] - result = slurper.parseText(req_data.getResponseBodyContent()): null

2022-11-22 15:57:44 - [TEST_STEP][PASSED] - reqid_kons = requestid1: null

2022-11-22 15:57:44 - [TEST_STEP][PASSED] - reqid_spouse = requestid2: null

2022-11-22 15:57:44 - [TEST_STEP][PASSED] - println("requestid kons : " + reqid_kons): null

2022-11-22 15:57:44 - [TEST_STEP][PASSED] - response_searchME_kons = reqid_kons: null

2022-11-22 15:57:44 - [TEST_STEP][PASSED] - response_searchME_spouse = reqid_spouse: null

2022-11-22 15:57:44 - [TEST_STEP][PASSED] - println("kons req id is :" + response_searchME_kons): null

2022-11-22 15:57:44 - [TEST_STEP][PASSED] - println("spouse req id is : " + response_searchME_spouse): null

2022-11-22 15:57:44 - [TEST_STEP][PASSED] - verifyResponseStatusCode(req_data, 200): Verify response status code successfully

2022-11-22 15:57:44 - [MESSAGE][PASSED] - Verify response status code successfully

2022-11-22 15:57:44 - [TEST_STEP][PASSED] - response = req_data.getResponseText(): null

2022-11-22 15:57:44 - [TEST_STEP][PASSED] - logInfo($response): {"status":"Done","data":{"requestid1":"242063","requestid2":""}}

2022-11-22 15:57:44 - [MESSAGE][INFO] - {"status":"Done","data":{"requestid1":"242063","requestid2":""}}

2022-11-22 15:57:44 - [TEST_STEP][PASSED] - delay(3): Delayed 3 second(s)

2022-11-22 15:57:47 - [MESSAGE][PASSED] - Delayed 3 second(s)

2022-11-22 15:57:47 - [TEST_STEP][PASSED] - scoring = sendRequest(findTestObject("EngineScore", ["response_searchME_kons":response_searchME_kons, "response_searchME_spouse":response_searchME_spouse])): Send request successfully

2022-11-22 15:57:47 - [MESSAGE][INFO] - HAR: D:\DMS\Engine Scoring\Reports\20221122_153620\Exclude KKB - DS\Scoring Individu - Used\20221122_153620\requests\main\461.har

2022-11-22 15:57:47 - [MESSAGE][PASSED] - Send request successfully

2022-11-22 15:57:47 - [TEST_STEP][PASSED] - verifyResponseStatusCode(scoring, 200): Verify response status code successfully

2022-11-22 15:57:47 - [MESSAGE][PASSED] - Verify response status code successfully

2022-11-22 15:57:47 - [TEST_STEP][PASSED] - response2 = scoring.getResponseText(): null

2022-11-22 15:57:47 - [TEST_STEP][PASSED] - markPassed("result service data ke : " + no): result service data ke : 231

2022-11-22 15:57:47 - [MESSAGE][PASSED] - result service data ke : 231

2022-11-22 15:57:47 - [TEST_STEP][PASSED] - logInfo($response2): {"result_konsumen":"Reject","result_pasangan":"","Final_result":"Reject","errorMessage":"","status":"Done"}

2022-11-22 15:57:47 - [MESSAGE][INFO] - {"result_konsumen":"Reject","result_pasangan":"","Final_result":"Reject","errorMessage":"","status":"Done"}

2022-11-22 15:57:47 - [TEST_STEP][PASSED] - verifyElementPropertyValue(scoring, "Final_result", final_result): Verify element property value successfully

2022-11-22 15:57:47 - [MESSAGE][PASSED] - Verify element property value successfully]]></system-out>
         <system-err><![CDATA[]]></system-err>
      </testcase>
      <testcase name="Test Cases/Engine_Scoring/Engine Scoring" time="6.189" classname="Test Cases/Engine_Scoring/Engine Scoring" status="PASSED">
         <system-out><![CDATA[2022-11-22 15:57:47 - [TEST_CASE][PASSED] - Test Cases/Engine_Scoring/Engine Scoring: Test Cases/Engine_Scoring/Engine Scoring

2022-11-22 15:57:49 - [TEST_STEP][PASSED] - markPassed("Variasi data ke : " + no): Variasi data ke : 232

2022-11-22 15:57:49 - [MESSAGE][PASSED] - Variasi data ke : 232

2022-11-22 15:57:49 - [TEST_STEP][PASSED] - req_data = sendRequest(findTestObject("Search_ME", ["MID":MID, "source":source, "ip":ip, "userid":userid, "branch":branch, "tipekons":tipekons, "marital":marital, "penjamin":penjamin, ... ])): Send request successfully

2022-11-22 15:57:50 - [MESSAGE][INFO] - HAR: D:\DMS\Engine Scoring\Reports\20221122_153620\Exclude KKB - DS\Scoring Individu - Used\20221122_153620\requests\main\462.har

2022-11-22 15:57:50 - [MESSAGE][PASSED] - Send request successfully

2022-11-22 15:57:50 - [TEST_STEP][PASSED] - slurper = new groovy.json.JsonSlurper(): null

2022-11-22 15:57:50 - [TEST_STEP][PASSED] - result = slurper.parseText(req_data.getResponseBodyContent()): null

2022-11-22 15:57:50 - [TEST_STEP][PASSED] - reqid_kons = requestid1: null

2022-11-22 15:57:50 - [TEST_STEP][PASSED] - reqid_spouse = requestid2: null

2022-11-22 15:57:50 - [TEST_STEP][PASSED] - println("requestid kons : " + reqid_kons): null

2022-11-22 15:57:50 - [TEST_STEP][PASSED] - response_searchME_kons = reqid_kons: null

2022-11-22 15:57:50 - [TEST_STEP][PASSED] - response_searchME_spouse = reqid_spouse: null

2022-11-22 15:57:50 - [TEST_STEP][PASSED] - println("kons req id is :" + response_searchME_kons): null

2022-11-22 15:57:50 - [TEST_STEP][PASSED] - println("spouse req id is : " + response_searchME_spouse): null

2022-11-22 15:57:50 - [TEST_STEP][PASSED] - verifyResponseStatusCode(req_data, 200): Verify response status code successfully

2022-11-22 15:57:50 - [MESSAGE][PASSED] - Verify response status code successfully

2022-11-22 15:57:50 - [TEST_STEP][PASSED] - response = req_data.getResponseText(): null

2022-11-22 15:57:50 - [TEST_STEP][PASSED] - logInfo($response): {"status":"Done","data":{"requestid1":"242064","requestid2":""}}

2022-11-22 15:57:50 - [MESSAGE][INFO] - {"status":"Done","data":{"requestid1":"242064","requestid2":""}}

2022-11-22 15:57:50 - [TEST_STEP][PASSED] - delay(3): Delayed 3 second(s)

2022-11-22 15:57:53 - [MESSAGE][PASSED] - Delayed 3 second(s)

2022-11-22 15:57:53 - [TEST_STEP][PASSED] - scoring = sendRequest(findTestObject("EngineScore", ["response_searchME_kons":response_searchME_kons, "response_searchME_spouse":response_searchME_spouse])): Send request successfully

2022-11-22 15:57:54 - [MESSAGE][INFO] - HAR: D:\DMS\Engine Scoring\Reports\20221122_153620\Exclude KKB - DS\Scoring Individu - Used\20221122_153620\requests\main\463.har

2022-11-22 15:57:54 - [MESSAGE][PASSED] - Send request successfully

2022-11-22 15:57:54 - [TEST_STEP][PASSED] - verifyResponseStatusCode(scoring, 200): Verify response status code successfully

2022-11-22 15:57:54 - [MESSAGE][PASSED] - Verify response status code successfully

2022-11-22 15:57:54 - [TEST_STEP][PASSED] - response2 = scoring.getResponseText(): null

2022-11-22 15:57:54 - [TEST_STEP][PASSED] - markPassed("result service data ke : " + no): result service data ke : 232

2022-11-22 15:57:54 - [MESSAGE][PASSED] - result service data ke : 232

2022-11-22 15:57:54 - [TEST_STEP][PASSED] - logInfo($response2): {"result_konsumen":"Reject","result_pasangan":"","Final_result":"Reject","errorMessage":"","status":"Done"}

2022-11-22 15:57:54 - [MESSAGE][INFO] - {"result_konsumen":"Reject","result_pasangan":"","Final_result":"Reject","errorMessage":"","status":"Done"}

2022-11-22 15:57:54 - [TEST_STEP][PASSED] - verifyElementPropertyValue(scoring, "Final_result", final_result): Verify element property value successfully

2022-11-22 15:57:54 - [MESSAGE][PASSED] - Verify element property value successfully]]></system-out>
         <system-err><![CDATA[]]></system-err>
      </testcase>
      <testcase name="Test Cases/Engine_Scoring/Engine Scoring" time="5.888" classname="Test Cases/Engine_Scoring/Engine Scoring" status="PASSED">
         <system-out><![CDATA[2022-11-22 15:57:54 - [TEST_CASE][PASSED] - Test Cases/Engine_Scoring/Engine Scoring: Test Cases/Engine_Scoring/Engine Scoring

2022-11-22 15:57:55 - [TEST_STEP][PASSED] - markPassed("Variasi data ke : " + no): Variasi data ke : 233

2022-11-22 15:57:55 - [MESSAGE][PASSED] - Variasi data ke : 233

2022-11-22 15:57:55 - [TEST_STEP][PASSED] - req_data = sendRequest(findTestObject("Search_ME", ["MID":MID, "source":source, "ip":ip, "userid":userid, "branch":branch, "tipekons":tipekons, "marital":marital, "penjamin":penjamin, ... ])): Send request successfully

2022-11-22 15:57:56 - [MESSAGE][INFO] - HAR: D:\DMS\Engine Scoring\Reports\20221122_153620\Exclude KKB - DS\Scoring Individu - Used\20221122_153620\requests\main\464.har

2022-11-22 15:57:56 - [MESSAGE][PASSED] - Send request successfully

2022-11-22 15:57:56 - [TEST_STEP][PASSED] - slurper = new groovy.json.JsonSlurper(): null

2022-11-22 15:57:56 - [TEST_STEP][PASSED] - result = slurper.parseText(req_data.getResponseBodyContent()): null

2022-11-22 15:57:56 - [TEST_STEP][PASSED] - reqid_kons = requestid1: null

2022-11-22 15:57:56 - [TEST_STEP][PASSED] - reqid_spouse = requestid2: null

2022-11-22 15:57:56 - [TEST_STEP][PASSED] - println("requestid kons : " + reqid_kons): null

2022-11-22 15:57:56 - [TEST_STEP][PASSED] - response_searchME_kons = reqid_kons: null

2022-11-22 15:57:56 - [TEST_STEP][PASSED] - response_searchME_spouse = reqid_spouse: null

2022-11-22 15:57:56 - [TEST_STEP][PASSED] - println("kons req id is :" + response_searchME_kons): null

2022-11-22 15:57:56 - [TEST_STEP][PASSED] - println("spouse req id is : " + response_searchME_spouse): null

2022-11-22 15:57:56 - [TEST_STEP][PASSED] - verifyResponseStatusCode(req_data, 200): Verify response status code successfully

2022-11-22 15:57:56 - [MESSAGE][PASSED] - Verify response status code successfully

2022-11-22 15:57:56 - [TEST_STEP][PASSED] - response = req_data.getResponseText(): null

2022-11-22 15:57:56 - [TEST_STEP][PASSED] - logInfo($response): {"status":"Done","data":{"requestid1":"242065","requestid2":""}}

2022-11-22 15:57:56 - [MESSAGE][INFO] - {"status":"Done","data":{"requestid1":"242065","requestid2":""}}

2022-11-22 15:57:56 - [TEST_STEP][PASSED] - delay(3): Delayed 3 second(s)

2022-11-22 15:57:59 - [MESSAGE][PASSED] - Delayed 3 second(s)

2022-11-22 15:57:59 - [TEST_STEP][PASSED] - scoring = sendRequest(findTestObject("EngineScore", ["response_searchME_kons":response_searchME_kons, "response_searchME_spouse":response_searchME_spouse])): Send request successfully

2022-11-22 15:57:59 - [MESSAGE][INFO] - HAR: D:\DMS\Engine Scoring\Reports\20221122_153620\Exclude KKB - DS\Scoring Individu - Used\20221122_153620\requests\main\465.har

2022-11-22 15:57:59 - [MESSAGE][PASSED] - Send request successfully

2022-11-22 15:57:59 - [TEST_STEP][PASSED] - verifyResponseStatusCode(scoring, 200): Verify response status code successfully

2022-11-22 15:57:59 - [MESSAGE][PASSED] - Verify response status code successfully

2022-11-22 15:57:59 - [TEST_STEP][PASSED] - response2 = scoring.getResponseText(): null

2022-11-22 15:57:59 - [TEST_STEP][PASSED] - markPassed("result service data ke : " + no): result service data ke : 233

2022-11-22 15:57:59 - [MESSAGE][PASSED] - result service data ke : 233

2022-11-22 15:57:59 - [TEST_STEP][PASSED] - logInfo($response2): {"result_konsumen":"Reject","result_pasangan":"","Final_result":"Reject","errorMessage":"","status":"Done"}

2022-11-22 15:57:59 - [MESSAGE][INFO] - {"result_konsumen":"Reject","result_pasangan":"","Final_result":"Reject","errorMessage":"","status":"Done"}

2022-11-22 15:57:59 - [TEST_STEP][PASSED] - verifyElementPropertyValue(scoring, "Final_result", final_result): Verify element property value successfully

2022-11-22 15:58:00 - [MESSAGE][PASSED] - Verify element property value successfully]]></system-out>
         <system-err><![CDATA[]]></system-err>
      </testcase>
      <testcase name="Test Cases/Engine_Scoring/Engine Scoring" time="5.852" classname="Test Cases/Engine_Scoring/Engine Scoring" status="PASSED">
         <system-out><![CDATA[2022-11-22 15:58:00 - [TEST_CASE][PASSED] - Test Cases/Engine_Scoring/Engine Scoring: Test Cases/Engine_Scoring/Engine Scoring

2022-11-22 15:58:01 - [TEST_STEP][PASSED] - markPassed("Variasi data ke : " + no): Variasi data ke : 234

2022-11-22 15:58:01 - [MESSAGE][PASSED] - Variasi data ke : 234

2022-11-22 15:58:01 - [TEST_STEP][PASSED] - req_data = sendRequest(findTestObject("Search_ME", ["MID":MID, "source":source, "ip":ip, "userid":userid, "branch":branch, "tipekons":tipekons, "marital":marital, "penjamin":penjamin, ... ])): Send request successfully

2022-11-22 15:58:02 - [MESSAGE][INFO] - HAR: D:\DMS\Engine Scoring\Reports\20221122_153620\Exclude KKB - DS\Scoring Individu - Used\20221122_153620\requests\main\466.har

2022-11-22 15:58:02 - [MESSAGE][PASSED] - Send request successfully

2022-11-22 15:58:02 - [TEST_STEP][PASSED] - slurper = new groovy.json.JsonSlurper(): null

2022-11-22 15:58:02 - [TEST_STEP][PASSED] - result = slurper.parseText(req_data.getResponseBodyContent()): null

2022-11-22 15:58:02 - [TEST_STEP][PASSED] - reqid_kons = requestid1: null

2022-11-22 15:58:02 - [TEST_STEP][PASSED] - reqid_spouse = requestid2: null

2022-11-22 15:58:02 - [TEST_STEP][PASSED] - println("requestid kons : " + reqid_kons): null

2022-11-22 15:58:02 - [TEST_STEP][PASSED] - response_searchME_kons = reqid_kons: null

2022-11-22 15:58:02 - [TEST_STEP][PASSED] - response_searchME_spouse = reqid_spouse: null

2022-11-22 15:58:02 - [TEST_STEP][PASSED] - println("kons req id is :" + response_searchME_kons): null

2022-11-22 15:58:02 - [TEST_STEP][PASSED] - println("spouse req id is : " + response_searchME_spouse): null

2022-11-22 15:58:02 - [TEST_STEP][PASSED] - verifyResponseStatusCode(req_data, 200): Verify response status code successfully

2022-11-22 15:58:02 - [MESSAGE][PASSED] - Verify response status code successfully

2022-11-22 15:58:02 - [TEST_STEP][PASSED] - response = req_data.getResponseText(): null

2022-11-22 15:58:02 - [TEST_STEP][PASSED] - logInfo($response): {"status":"Done","data":{"requestid1":"242066","requestid2":""}}

2022-11-22 15:58:02 - [MESSAGE][INFO] - {"status":"Done","data":{"requestid1":"242066","requestid2":""}}

2022-11-22 15:58:02 - [TEST_STEP][PASSED] - delay(3): Delayed 3 second(s)

2022-11-22 15:58:05 - [MESSAGE][PASSED] - Delayed 3 second(s)

2022-11-22 15:58:05 - [TEST_STEP][PASSED] - scoring = sendRequest(findTestObject("EngineScore", ["response_searchME_kons":response_searchME_kons, "response_searchME_spouse":response_searchME_spouse])): Send request successfully

2022-11-22 15:58:05 - [MESSAGE][INFO] - HAR: D:\DMS\Engine Scoring\Reports\20221122_153620\Exclude KKB - DS\Scoring Individu - Used\20221122_153620\requests\main\467.har

2022-11-22 15:58:05 - [MESSAGE][PASSED] - Send request successfully

2022-11-22 15:58:05 - [TEST_STEP][PASSED] - verifyResponseStatusCode(scoring, 200): Verify response status code successfully

2022-11-22 15:58:05 - [MESSAGE][PASSED] - Verify response status code successfully

2022-11-22 15:58:05 - [TEST_STEP][PASSED] - response2 = scoring.getResponseText(): null

2022-11-22 15:58:05 - [TEST_STEP][PASSED] - markPassed("result service data ke : " + no): result service data ke : 234

2022-11-22 15:58:05 - [MESSAGE][PASSED] - result service data ke : 234

2022-11-22 15:58:05 - [TEST_STEP][PASSED] - logInfo($response2): {"result_konsumen":"Reject","result_pasangan":"","Final_result":"Reject","errorMessage":"","status":"Done"}

2022-11-22 15:58:05 - [MESSAGE][INFO] - {"result_konsumen":"Reject","result_pasangan":"","Final_result":"Reject","errorMessage":"","status":"Done"}

2022-11-22 15:58:05 - [TEST_STEP][PASSED] - verifyElementPropertyValue(scoring, "Final_result", final_result): Verify element property value successfully

2022-11-22 15:58:05 - [MESSAGE][PASSED] - Verify element property value successfully]]></system-out>
         <system-err><![CDATA[]]></system-err>
      </testcase>
      <testcase name="Test Cases/Engine_Scoring/Engine Scoring" time="6.319" classname="Test Cases/Engine_Scoring/Engine Scoring" status="PASSED">
         <system-out><![CDATA[2022-11-22 15:58:06 - [TEST_CASE][PASSED] - Test Cases/Engine_Scoring/Engine Scoring: Test Cases/Engine_Scoring/Engine Scoring

2022-11-22 15:58:07 - [TEST_STEP][PASSED] - markPassed("Variasi data ke : " + no): Variasi data ke : 235

2022-11-22 15:58:07 - [MESSAGE][PASSED] - Variasi data ke : 235

2022-11-22 15:58:07 - [TEST_STEP][PASSED] - req_data = sendRequest(findTestObject("Search_ME", ["MID":MID, "source":source, "ip":ip, "userid":userid, "branch":branch, "tipekons":tipekons, "marital":marital, "penjamin":penjamin, ... ])): Send request successfully

2022-11-22 15:58:09 - [MESSAGE][INFO] - HAR: D:\DMS\Engine Scoring\Reports\20221122_153620\Exclude KKB - DS\Scoring Individu - Used\20221122_153620\requests\main\468.har

2022-11-22 15:58:09 - [MESSAGE][PASSED] - Send request successfully

2022-11-22 15:58:09 - [TEST_STEP][PASSED] - slurper = new groovy.json.JsonSlurper(): null

2022-11-22 15:58:09 - [TEST_STEP][PASSED] - result = slurper.parseText(req_data.getResponseBodyContent()): null

2022-11-22 15:58:09 - [TEST_STEP][PASSED] - reqid_kons = requestid1: null

2022-11-22 15:58:09 - [TEST_STEP][PASSED] - reqid_spouse = requestid2: null

2022-11-22 15:58:09 - [TEST_STEP][PASSED] - println("requestid kons : " + reqid_kons): null

2022-11-22 15:58:09 - [TEST_STEP][PASSED] - response_searchME_kons = reqid_kons: null

2022-11-22 15:58:09 - [TEST_STEP][PASSED] - response_searchME_spouse = reqid_spouse: null

2022-11-22 15:58:09 - [TEST_STEP][PASSED] - println("kons req id is :" + response_searchME_kons): null

2022-11-22 15:58:09 - [TEST_STEP][PASSED] - println("spouse req id is : " + response_searchME_spouse): null

2022-11-22 15:58:09 - [TEST_STEP][PASSED] - verifyResponseStatusCode(req_data, 200): Verify response status code successfully

2022-11-22 15:58:09 - [MESSAGE][PASSED] - Verify response status code successfully

2022-11-22 15:58:09 - [TEST_STEP][PASSED] - response = req_data.getResponseText(): null

2022-11-22 15:58:09 - [TEST_STEP][PASSED] - logInfo($response): {"status":"Done","data":{"requestid1":"242067","requestid2":""}}

2022-11-22 15:58:09 - [MESSAGE][INFO] - {"status":"Done","data":{"requestid1":"242067","requestid2":""}}

2022-11-22 15:58:09 - [TEST_STEP][PASSED] - delay(3): Delayed 3 second(s)

2022-11-22 15:58:12 - [MESSAGE][PASSED] - Delayed 3 second(s)

2022-11-22 15:58:12 - [TEST_STEP][PASSED] - scoring = sendRequest(findTestObject("EngineScore", ["response_searchME_kons":response_searchME_kons, "response_searchME_spouse":response_searchME_spouse])): Send request successfully

2022-11-22 15:58:12 - [MESSAGE][INFO] - HAR: D:\DMS\Engine Scoring\Reports\20221122_153620\Exclude KKB - DS\Scoring Individu - Used\20221122_153620\requests\main\469.har

2022-11-22 15:58:12 - [MESSAGE][PASSED] - Send request successfully

2022-11-22 15:58:12 - [TEST_STEP][PASSED] - verifyResponseStatusCode(scoring, 200): Verify response status code successfully

2022-11-22 15:58:12 - [MESSAGE][PASSED] - Verify response status code successfully

2022-11-22 15:58:12 - [TEST_STEP][PASSED] - response2 = scoring.getResponseText(): null

2022-11-22 15:58:12 - [TEST_STEP][PASSED] - markPassed("result service data ke : " + no): result service data ke : 235

2022-11-22 15:58:12 - [MESSAGE][PASSED] - result service data ke : 235

2022-11-22 15:58:12 - [TEST_STEP][PASSED] - logInfo($response2): {"result_konsumen":"Reject","result_pasangan":"","Final_result":"Reject","errorMessage":"","status":"Done"}

2022-11-22 15:58:12 - [MESSAGE][INFO] - {"result_konsumen":"Reject","result_pasangan":"","Final_result":"Reject","errorMessage":"","status":"Done"}

2022-11-22 15:58:12 - [TEST_STEP][PASSED] - verifyElementPropertyValue(scoring, "Final_result", final_result): Verify element property value successfully

2022-11-22 15:58:12 - [MESSAGE][PASSED] - Verify element property value successfully]]></system-out>
         <system-err><![CDATA[]]></system-err>
      </testcase>
      <testcase name="Test Cases/Engine_Scoring/Engine Scoring" time="6.044" classname="Test Cases/Engine_Scoring/Engine Scoring" status="PASSED">
         <system-out><![CDATA[2022-11-22 15:58:12 - [TEST_CASE][PASSED] - Test Cases/Engine_Scoring/Engine Scoring: Test Cases/Engine_Scoring/Engine Scoring

2022-11-22 15:58:13 - [TEST_STEP][PASSED] - markPassed("Variasi data ke : " + no): Variasi data ke : 236

2022-11-22 15:58:13 - [MESSAGE][PASSED] - Variasi data ke : 236

2022-11-22 15:58:13 - [TEST_STEP][PASSED] - req_data = sendRequest(findTestObject("Search_ME", ["MID":MID, "source":source, "ip":ip, "userid":userid, "branch":branch, "tipekons":tipekons, "marital":marital, "penjamin":penjamin, ... ])): Send request successfully

2022-11-22 15:58:15 - [MESSAGE][INFO] - HAR: D:\DMS\Engine Scoring\Reports\20221122_153620\Exclude KKB - DS\Scoring Individu - Used\20221122_153620\requests\main\470.har

2022-11-22 15:58:15 - [MESSAGE][PASSED] - Send request successfully

2022-11-22 15:58:15 - [TEST_STEP][PASSED] - slurper = new groovy.json.JsonSlurper(): null

2022-11-22 15:58:15 - [TEST_STEP][PASSED] - result = slurper.parseText(req_data.getResponseBodyContent()): null

2022-11-22 15:58:15 - [TEST_STEP][PASSED] - reqid_kons = requestid1: null

2022-11-22 15:58:15 - [TEST_STEP][PASSED] - reqid_spouse = requestid2: null

2022-11-22 15:58:15 - [TEST_STEP][PASSED] - println("requestid kons : " + reqid_kons): null

2022-11-22 15:58:15 - [TEST_STEP][PASSED] - response_searchME_kons = reqid_kons: null

2022-11-22 15:58:15 - [TEST_STEP][PASSED] - response_searchME_spouse = reqid_spouse: null

2022-11-22 15:58:15 - [TEST_STEP][PASSED] - println("kons req id is :" + response_searchME_kons): null

2022-11-22 15:58:15 - [TEST_STEP][PASSED] - println("spouse req id is : " + response_searchME_spouse): null

2022-11-22 15:58:15 - [TEST_STEP][PASSED] - verifyResponseStatusCode(req_data, 200): Verify response status code successfully

2022-11-22 15:58:15 - [MESSAGE][PASSED] - Verify response status code successfully

2022-11-22 15:58:15 - [TEST_STEP][PASSED] - response = req_data.getResponseText(): null

2022-11-22 15:58:15 - [TEST_STEP][PASSED] - logInfo($response): {"status":"Done","data":{"requestid1":"242068","requestid2":""}}

2022-11-22 15:58:15 - [MESSAGE][INFO] - {"status":"Done","data":{"requestid1":"242068","requestid2":""}}

2022-11-22 15:58:15 - [TEST_STEP][PASSED] - delay(3): Delayed 3 second(s)

2022-11-22 15:58:18 - [MESSAGE][PASSED] - Delayed 3 second(s)

2022-11-22 15:58:18 - [TEST_STEP][PASSED] - scoring = sendRequest(findTestObject("EngineScore", ["response_searchME_kons":response_searchME_kons, "response_searchME_spouse":response_searchME_spouse])): Send request successfully

2022-11-22 15:58:18 - [MESSAGE][INFO] - HAR: D:\DMS\Engine Scoring\Reports\20221122_153620\Exclude KKB - DS\Scoring Individu - Used\20221122_153620\requests\main\471.har

2022-11-22 15:58:18 - [MESSAGE][PASSED] - Send request successfully

2022-11-22 15:58:18 - [TEST_STEP][PASSED] - verifyResponseStatusCode(scoring, 200): Verify response status code successfully

2022-11-22 15:58:18 - [MESSAGE][PASSED] - Verify response status code successfully

2022-11-22 15:58:18 - [TEST_STEP][PASSED] - response2 = scoring.getResponseText(): null

2022-11-22 15:58:18 - [TEST_STEP][PASSED] - markPassed("result service data ke : " + no): result service data ke : 236

2022-11-22 15:58:18 - [MESSAGE][PASSED] - result service data ke : 236

2022-11-22 15:58:18 - [TEST_STEP][PASSED] - logInfo($response2): {"result_konsumen":"Reject","result_pasangan":"","Final_result":"Reject","errorMessage":"","status":"Done"}

2022-11-22 15:58:18 - [MESSAGE][INFO] - {"result_konsumen":"Reject","result_pasangan":"","Final_result":"Reject","errorMessage":"","status":"Done"}

2022-11-22 15:58:18 - [TEST_STEP][PASSED] - verifyElementPropertyValue(scoring, "Final_result", final_result): Verify element property value successfully

2022-11-22 15:58:18 - [MESSAGE][PASSED] - Verify element property value successfully]]></system-out>
         <system-err><![CDATA[]]></system-err>
      </testcase>
      <testcase name="Test Cases/Engine_Scoring/Engine Scoring" time="6.047" classname="Test Cases/Engine_Scoring/Engine Scoring" status="PASSED">
         <system-out><![CDATA[2022-11-22 15:58:18 - [TEST_CASE][PASSED] - Test Cases/Engine_Scoring/Engine Scoring: Test Cases/Engine_Scoring/Engine Scoring

2022-11-22 15:58:19 - [TEST_STEP][PASSED] - markPassed("Variasi data ke : " + no): Variasi data ke : 237

2022-11-22 15:58:19 - [MESSAGE][PASSED] - Variasi data ke : 237

2022-11-22 15:58:19 - [TEST_STEP][PASSED] - req_data = sendRequest(findTestObject("Search_ME", ["MID":MID, "source":source, "ip":ip, "userid":userid, "branch":branch, "tipekons":tipekons, "marital":marital, "penjamin":penjamin, ... ])): Send request successfully

2022-11-22 15:58:21 - [MESSAGE][INFO] - HAR: D:\DMS\Engine Scoring\Reports\20221122_153620\Exclude KKB - DS\Scoring Individu - Used\20221122_153620\requests\main\472.har

2022-11-22 15:58:21 - [MESSAGE][PASSED] - Send request successfully

2022-11-22 15:58:21 - [TEST_STEP][PASSED] - slurper = new groovy.json.JsonSlurper(): null

2022-11-22 15:58:21 - [TEST_STEP][PASSED] - result = slurper.parseText(req_data.getResponseBodyContent()): null

2022-11-22 15:58:21 - [TEST_STEP][PASSED] - reqid_kons = requestid1: null

2022-11-22 15:58:21 - [TEST_STEP][PASSED] - reqid_spouse = requestid2: null

2022-11-22 15:58:21 - [TEST_STEP][PASSED] - println("requestid kons : " + reqid_kons): null

2022-11-22 15:58:21 - [TEST_STEP][PASSED] - response_searchME_kons = reqid_kons: null

2022-11-22 15:58:21 - [TEST_STEP][PASSED] - response_searchME_spouse = reqid_spouse: null

2022-11-22 15:58:21 - [TEST_STEP][PASSED] - println("kons req id is :" + response_searchME_kons): null

2022-11-22 15:58:21 - [TEST_STEP][PASSED] - println("spouse req id is : " + response_searchME_spouse): null

2022-11-22 15:58:21 - [TEST_STEP][PASSED] - verifyResponseStatusCode(req_data, 200): Verify response status code successfully

2022-11-22 15:58:21 - [MESSAGE][PASSED] - Verify response status code successfully

2022-11-22 15:58:21 - [TEST_STEP][PASSED] - response = req_data.getResponseText(): null

2022-11-22 15:58:21 - [TEST_STEP][PASSED] - logInfo($response): {"status":"Done","data":{"requestid1":"242069","requestid2":""}}

2022-11-22 15:58:21 - [MESSAGE][INFO] - {"status":"Done","data":{"requestid1":"242069","requestid2":""}}

2022-11-22 15:58:21 - [TEST_STEP][PASSED] - delay(3): Delayed 3 second(s)

2022-11-22 15:58:24 - [MESSAGE][PASSED] - Delayed 3 second(s)

2022-11-22 15:58:24 - [TEST_STEP][PASSED] - scoring = sendRequest(findTestObject("EngineScore", ["response_searchME_kons":response_searchME_kons, "response_searchME_spouse":response_searchME_spouse])): Send request successfully

2022-11-22 15:58:24 - [MESSAGE][INFO] - HAR: D:\DMS\Engine Scoring\Reports\20221122_153620\Exclude KKB - DS\Scoring Individu - Used\20221122_153620\requests\main\473.har

2022-11-22 15:58:24 - [MESSAGE][PASSED] - Send request successfully

2022-11-22 15:58:24 - [TEST_STEP][PASSED] - verifyResponseStatusCode(scoring, 200): Verify response status code successfully

2022-11-22 15:58:24 - [MESSAGE][PASSED] - Verify response status code successfully

2022-11-22 15:58:24 - [TEST_STEP][PASSED] - response2 = scoring.getResponseText(): null

2022-11-22 15:58:24 - [TEST_STEP][PASSED] - markPassed("result service data ke : " + no): result service data ke : 237

2022-11-22 15:58:24 - [MESSAGE][PASSED] - result service data ke : 237

2022-11-22 15:58:24 - [TEST_STEP][PASSED] - logInfo($response2): {"result_konsumen":"Reject","result_pasangan":"","Final_result":"Reject","errorMessage":"","status":"Done"}

2022-11-22 15:58:24 - [MESSAGE][INFO] - {"result_konsumen":"Reject","result_pasangan":"","Final_result":"Reject","errorMessage":"","status":"Done"}

2022-11-22 15:58:24 - [TEST_STEP][PASSED] - verifyElementPropertyValue(scoring, "Final_result", final_result): Verify element property value successfully

2022-11-22 15:58:24 - [MESSAGE][PASSED] - Verify element property value successfully]]></system-out>
         <system-err><![CDATA[]]></system-err>
      </testcase>
      <testcase name="Test Cases/Engine_Scoring/Engine Scoring" time="6.058" classname="Test Cases/Engine_Scoring/Engine Scoring" status="PASSED">
         <system-out><![CDATA[2022-11-22 15:58:24 - [TEST_CASE][PASSED] - Test Cases/Engine_Scoring/Engine Scoring: Test Cases/Engine_Scoring/Engine Scoring

2022-11-22 15:58:25 - [TEST_STEP][PASSED] - markPassed("Variasi data ke : " + no): Variasi data ke : 238

2022-11-22 15:58:25 - [MESSAGE][PASSED] - Variasi data ke : 238

2022-11-22 15:58:25 - [TEST_STEP][PASSED] - req_data = sendRequest(findTestObject("Search_ME", ["MID":MID, "source":source, "ip":ip, "userid":userid, "branch":branch, "tipekons":tipekons, "marital":marital, "penjamin":penjamin, ... ])): Send request successfully

2022-11-22 15:58:27 - [MESSAGE][INFO] - HAR: D:\DMS\Engine Scoring\Reports\20221122_153620\Exclude KKB - DS\Scoring Individu - Used\20221122_153620\requests\main\474.har

2022-11-22 15:58:27 - [MESSAGE][PASSED] - Send request successfully

2022-11-22 15:58:27 - [TEST_STEP][PASSED] - slurper = new groovy.json.JsonSlurper(): null

2022-11-22 15:58:27 - [TEST_STEP][PASSED] - result = slurper.parseText(req_data.getResponseBodyContent()): null

2022-11-22 15:58:27 - [TEST_STEP][PASSED] - reqid_kons = requestid1: null

2022-11-22 15:58:27 - [TEST_STEP][PASSED] - reqid_spouse = requestid2: null

2022-11-22 15:58:27 - [TEST_STEP][PASSED] - println("requestid kons : " + reqid_kons): null

2022-11-22 15:58:27 - [TEST_STEP][PASSED] - response_searchME_kons = reqid_kons: null

2022-11-22 15:58:27 - [TEST_STEP][PASSED] - response_searchME_spouse = reqid_spouse: null

2022-11-22 15:58:27 - [TEST_STEP][PASSED] - println("kons req id is :" + response_searchME_kons): null

2022-11-22 15:58:27 - [TEST_STEP][PASSED] - println("spouse req id is : " + response_searchME_spouse): null

2022-11-22 15:58:27 - [TEST_STEP][PASSED] - verifyResponseStatusCode(req_data, 200): Verify response status code successfully

2022-11-22 15:58:27 - [MESSAGE][PASSED] - Verify response status code successfully

2022-11-22 15:58:27 - [TEST_STEP][PASSED] - response = req_data.getResponseText(): null

2022-11-22 15:58:27 - [TEST_STEP][PASSED] - logInfo($response): {"status":"Done","data":{"requestid1":"242070","requestid2":""}}

2022-11-22 15:58:27 - [MESSAGE][INFO] - {"status":"Done","data":{"requestid1":"242070","requestid2":""}}

2022-11-22 15:58:27 - [TEST_STEP][PASSED] - delay(3): Delayed 3 second(s)

2022-11-22 15:58:30 - [MESSAGE][PASSED] - Delayed 3 second(s)

2022-11-22 15:58:30 - [TEST_STEP][PASSED] - scoring = sendRequest(findTestObject("EngineScore", ["response_searchME_kons":response_searchME_kons, "response_searchME_spouse":response_searchME_spouse])): Send request successfully

2022-11-22 15:58:30 - [MESSAGE][INFO] - HAR: D:\DMS\Engine Scoring\Reports\20221122_153620\Exclude KKB - DS\Scoring Individu - Used\20221122_153620\requests\main\475.har

2022-11-22 15:58:30 - [MESSAGE][PASSED] - Send request successfully

2022-11-22 15:58:30 - [TEST_STEP][PASSED] - verifyResponseStatusCode(scoring, 200): Verify response status code successfully

2022-11-22 15:58:30 - [MESSAGE][PASSED] - Verify response status code successfully

2022-11-22 15:58:30 - [TEST_STEP][PASSED] - response2 = scoring.getResponseText(): null

2022-11-22 15:58:30 - [TEST_STEP][PASSED] - markPassed("result service data ke : " + no): result service data ke : 238

2022-11-22 15:58:30 - [MESSAGE][PASSED] - result service data ke : 238

2022-11-22 15:58:30 - [TEST_STEP][PASSED] - logInfo($response2): {"result_konsumen":"Reject","result_pasangan":"","Final_result":"Reject","errorMessage":"","status":"Done"}

2022-11-22 15:58:30 - [MESSAGE][INFO] - {"result_konsumen":"Reject","result_pasangan":"","Final_result":"Reject","errorMessage":"","status":"Done"}

2022-11-22 15:58:30 - [TEST_STEP][PASSED] - verifyElementPropertyValue(scoring, "Final_result", final_result): Verify element property value successfully

2022-11-22 15:58:30 - [MESSAGE][PASSED] - Verify element property value successfully]]></system-out>
         <system-err><![CDATA[]]></system-err>
      </testcase>
      <testcase name="Test Cases/Engine_Scoring/Engine Scoring" time="6.118" classname="Test Cases/Engine_Scoring/Engine Scoring" status="PASSED">
         <system-out><![CDATA[2022-11-22 15:58:30 - [TEST_CASE][PASSED] - Test Cases/Engine_Scoring/Engine Scoring: Test Cases/Engine_Scoring/Engine Scoring

2022-11-22 15:58:32 - [TEST_STEP][PASSED] - markPassed("Variasi data ke : " + no): Variasi data ke : 239

2022-11-22 15:58:32 - [MESSAGE][PASSED] - Variasi data ke : 239

2022-11-22 15:58:32 - [TEST_STEP][PASSED] - req_data = sendRequest(findTestObject("Search_ME", ["MID":MID, "source":source, "ip":ip, "userid":userid, "branch":branch, "tipekons":tipekons, "marital":marital, "penjamin":penjamin, ... ])): Send request successfully

2022-11-22 15:58:33 - [MESSAGE][INFO] - HAR: D:\DMS\Engine Scoring\Reports\20221122_153620\Exclude KKB - DS\Scoring Individu - Used\20221122_153620\requests\main\476.har

2022-11-22 15:58:33 - [MESSAGE][PASSED] - Send request successfully

2022-11-22 15:58:33 - [TEST_STEP][PASSED] - slurper = new groovy.json.JsonSlurper(): null

2022-11-22 15:58:33 - [TEST_STEP][PASSED] - result = slurper.parseText(req_data.getResponseBodyContent()): null

2022-11-22 15:58:33 - [TEST_STEP][PASSED] - reqid_kons = requestid1: null

2022-11-22 15:58:33 - [TEST_STEP][PASSED] - reqid_spouse = requestid2: null

2022-11-22 15:58:33 - [TEST_STEP][PASSED] - println("requestid kons : " + reqid_kons): null

2022-11-22 15:58:33 - [TEST_STEP][PASSED] - response_searchME_kons = reqid_kons: null

2022-11-22 15:58:33 - [TEST_STEP][PASSED] - response_searchME_spouse = reqid_spouse: null

2022-11-22 15:58:33 - [TEST_STEP][PASSED] - println("kons req id is :" + response_searchME_kons): null

2022-11-22 15:58:33 - [TEST_STEP][PASSED] - println("spouse req id is : " + response_searchME_spouse): null

2022-11-22 15:58:33 - [TEST_STEP][PASSED] - verifyResponseStatusCode(req_data, 200): Verify response status code successfully

2022-11-22 15:58:33 - [MESSAGE][PASSED] - Verify response status code successfully

2022-11-22 15:58:33 - [TEST_STEP][PASSED] - response = req_data.getResponseText(): null

2022-11-22 15:58:33 - [TEST_STEP][PASSED] - logInfo($response): {"status":"Done","data":{"requestid1":"242071","requestid2":""}}

2022-11-22 15:58:33 - [MESSAGE][INFO] - {"status":"Done","data":{"requestid1":"242071","requestid2":""}}

2022-11-22 15:58:33 - [TEST_STEP][PASSED] - delay(3): Delayed 3 second(s)

2022-11-22 15:58:36 - [MESSAGE][PASSED] - Delayed 3 second(s)

2022-11-22 15:58:36 - [TEST_STEP][PASSED] - scoring = sendRequest(findTestObject("EngineScore", ["response_searchME_kons":response_searchME_kons, "response_searchME_spouse":response_searchME_spouse])): Send request successfully

2022-11-22 15:58:36 - [MESSAGE][INFO] - HAR: D:\DMS\Engine Scoring\Reports\20221122_153620\Exclude KKB - DS\Scoring Individu - Used\20221122_153620\requests\main\477.har

2022-11-22 15:58:36 - [MESSAGE][PASSED] - Send request successfully

2022-11-22 15:58:36 - [TEST_STEP][PASSED] - verifyResponseStatusCode(scoring, 200): Verify response status code successfully

2022-11-22 15:58:36 - [MESSAGE][PASSED] - Verify response status code successfully

2022-11-22 15:58:36 - [TEST_STEP][PASSED] - response2 = scoring.getResponseText(): null

2022-11-22 15:58:36 - [TEST_STEP][PASSED] - markPassed("result service data ke : " + no): result service data ke : 239

2022-11-22 15:58:36 - [MESSAGE][PASSED] - result service data ke : 239

2022-11-22 15:58:36 - [TEST_STEP][PASSED] - logInfo($response2): {"result_konsumen":"Reject","result_pasangan":"","Final_result":"Reject","errorMessage":"","status":"Done"}

2022-11-22 15:58:36 - [MESSAGE][INFO] - {"result_konsumen":"Reject","result_pasangan":"","Final_result":"Reject","errorMessage":"","status":"Done"}

2022-11-22 15:58:36 - [TEST_STEP][PASSED] - verifyElementPropertyValue(scoring, "Final_result", final_result): Verify element property value successfully

2022-11-22 15:58:36 - [MESSAGE][PASSED] - Verify element property value successfully]]></system-out>
         <system-err><![CDATA[]]></system-err>
      </testcase>
      <testcase name="Test Cases/Engine_Scoring/Engine Scoring" time="6.071" classname="Test Cases/Engine_Scoring/Engine Scoring" status="PASSED">
         <system-out><![CDATA[2022-11-22 15:58:36 - [TEST_CASE][PASSED] - Test Cases/Engine_Scoring/Engine Scoring: Test Cases/Engine_Scoring/Engine Scoring

2022-11-22 15:58:38 - [TEST_STEP][PASSED] - markPassed("Variasi data ke : " + no): Variasi data ke : 240

2022-11-22 15:58:38 - [MESSAGE][PASSED] - Variasi data ke : 240

2022-11-22 15:58:38 - [TEST_STEP][PASSED] - req_data = sendRequest(findTestObject("Search_ME", ["MID":MID, "source":source, "ip":ip, "userid":userid, "branch":branch, "tipekons":tipekons, "marital":marital, "penjamin":penjamin, ... ])): Send request successfully

2022-11-22 15:58:39 - [MESSAGE][INFO] - HAR: D:\DMS\Engine Scoring\Reports\20221122_153620\Exclude KKB - DS\Scoring Individu - Used\20221122_153620\requests\main\478.har

2022-11-22 15:58:39 - [MESSAGE][PASSED] - Send request successfully

2022-11-22 15:58:39 - [TEST_STEP][PASSED] - slurper = new groovy.json.JsonSlurper(): null

2022-11-22 15:58:39 - [TEST_STEP][PASSED] - result = slurper.parseText(req_data.getResponseBodyContent()): null

2022-11-22 15:58:39 - [TEST_STEP][PASSED] - reqid_kons = requestid1: null

2022-11-22 15:58:39 - [TEST_STEP][PASSED] - reqid_spouse = requestid2: null

2022-11-22 15:58:39 - [TEST_STEP][PASSED] - println("requestid kons : " + reqid_kons): null

2022-11-22 15:58:39 - [TEST_STEP][PASSED] - response_searchME_kons = reqid_kons: null

2022-11-22 15:58:39 - [TEST_STEP][PASSED] - response_searchME_spouse = reqid_spouse: null

2022-11-22 15:58:39 - [TEST_STEP][PASSED] - println("kons req id is :" + response_searchME_kons): null

2022-11-22 15:58:39 - [TEST_STEP][PASSED] - println("spouse req id is : " + response_searchME_spouse): null

2022-11-22 15:58:39 - [TEST_STEP][PASSED] - verifyResponseStatusCode(req_data, 200): Verify response status code successfully

2022-11-22 15:58:39 - [MESSAGE][PASSED] - Verify response status code successfully

2022-11-22 15:58:39 - [TEST_STEP][PASSED] - response = req_data.getResponseText(): null

2022-11-22 15:58:39 - [TEST_STEP][PASSED] - logInfo($response): {"status":"Done","data":{"requestid1":"242072","requestid2":""}}

2022-11-22 15:58:39 - [MESSAGE][INFO] - {"status":"Done","data":{"requestid1":"242072","requestid2":""}}

2022-11-22 15:58:39 - [TEST_STEP][PASSED] - delay(3): Delayed 3 second(s)

2022-11-22 15:58:42 - [MESSAGE][PASSED] - Delayed 3 second(s)

2022-11-22 15:58:42 - [TEST_STEP][PASSED] - scoring = sendRequest(findTestObject("EngineScore", ["response_searchME_kons":response_searchME_kons, "response_searchME_spouse":response_searchME_spouse])): Send request successfully

2022-11-22 15:58:43 - [MESSAGE][INFO] - HAR: D:\DMS\Engine Scoring\Reports\20221122_153620\Exclude KKB - DS\Scoring Individu - Used\20221122_153620\requests\main\479.har

2022-11-22 15:58:43 - [MESSAGE][PASSED] - Send request successfully

2022-11-22 15:58:43 - [TEST_STEP][PASSED] - verifyResponseStatusCode(scoring, 200): Verify response status code successfully

2022-11-22 15:58:43 - [MESSAGE][PASSED] - Verify response status code successfully

2022-11-22 15:58:43 - [TEST_STEP][PASSED] - response2 = scoring.getResponseText(): null

2022-11-22 15:58:43 - [TEST_STEP][PASSED] - markPassed("result service data ke : " + no): result service data ke : 240

2022-11-22 15:58:43 - [MESSAGE][PASSED] - result service data ke : 240

2022-11-22 15:58:43 - [TEST_STEP][PASSED] - logInfo($response2): {"result_konsumen":"Reject","result_pasangan":"","Final_result":"Reject","errorMessage":"","status":"Done"}

2022-11-22 15:58:43 - [MESSAGE][INFO] - {"result_konsumen":"Reject","result_pasangan":"","Final_result":"Reject","errorMessage":"","status":"Done"}

2022-11-22 15:58:43 - [TEST_STEP][PASSED] - verifyElementPropertyValue(scoring, "Final_result", final_result): Verify element property value successfully

2022-11-22 15:58:43 - [MESSAGE][PASSED] - Verify element property value successfully]]></system-out>
         <system-err><![CDATA[]]></system-err>
      </testcase>
      <testcase name="Test Cases/Engine_Scoring/Engine Scoring" time="6.223" classname="Test Cases/Engine_Scoring/Engine Scoring" status="PASSED">
         <system-out><![CDATA[2022-11-22 15:58:43 - [TEST_CASE][PASSED] - Test Cases/Engine_Scoring/Engine Scoring: Test Cases/Engine_Scoring/Engine Scoring

2022-11-22 15:58:44 - [TEST_STEP][PASSED] - markPassed("Variasi data ke : " + no): Variasi data ke : 241

2022-11-22 15:58:44 - [MESSAGE][PASSED] - Variasi data ke : 241

2022-11-22 15:58:44 - [TEST_STEP][PASSED] - req_data = sendRequest(findTestObject("Search_ME", ["MID":MID, "source":source, "ip":ip, "userid":userid, "branch":branch, "tipekons":tipekons, "marital":marital, "penjamin":penjamin, ... ])): Send request successfully

2022-11-22 15:58:46 - [MESSAGE][INFO] - HAR: D:\DMS\Engine Scoring\Reports\20221122_153620\Exclude KKB - DS\Scoring Individu - Used\20221122_153620\requests\main\480.har

2022-11-22 15:58:46 - [MESSAGE][PASSED] - Send request successfully

2022-11-22 15:58:46 - [TEST_STEP][PASSED] - slurper = new groovy.json.JsonSlurper(): null

2022-11-22 15:58:46 - [TEST_STEP][PASSED] - result = slurper.parseText(req_data.getResponseBodyContent()): null

2022-11-22 15:58:46 - [TEST_STEP][PASSED] - reqid_kons = requestid1: null

2022-11-22 15:58:46 - [TEST_STEP][PASSED] - reqid_spouse = requestid2: null

2022-11-22 15:58:46 - [TEST_STEP][PASSED] - println("requestid kons : " + reqid_kons): null

2022-11-22 15:58:46 - [TEST_STEP][PASSED] - response_searchME_kons = reqid_kons: null

2022-11-22 15:58:46 - [TEST_STEP][PASSED] - response_searchME_spouse = reqid_spouse: null

2022-11-22 15:58:46 - [TEST_STEP][PASSED] - println("kons req id is :" + response_searchME_kons): null

2022-11-22 15:58:46 - [TEST_STEP][PASSED] - println("spouse req id is : " + response_searchME_spouse): null

2022-11-22 15:58:46 - [TEST_STEP][PASSED] - verifyResponseStatusCode(req_data, 200): Verify response status code successfully

2022-11-22 15:58:46 - [MESSAGE][PASSED] - Verify response status code successfully

2022-11-22 15:58:46 - [TEST_STEP][PASSED] - response = req_data.getResponseText(): null

2022-11-22 15:58:46 - [TEST_STEP][PASSED] - logInfo($response): {"status":"Done","data":{"requestid1":"242073","requestid2":""}}

2022-11-22 15:58:46 - [MESSAGE][INFO] - {"status":"Done","data":{"requestid1":"242073","requestid2":""}}

2022-11-22 15:58:46 - [TEST_STEP][PASSED] - delay(3): Delayed 3 second(s)

2022-11-22 15:58:49 - [MESSAGE][PASSED] - Delayed 3 second(s)

2022-11-22 15:58:49 - [TEST_STEP][PASSED] - scoring = sendRequest(findTestObject("EngineScore", ["response_searchME_kons":response_searchME_kons, "response_searchME_spouse":response_searchME_spouse])): Send request successfully

2022-11-22 15:58:49 - [MESSAGE][INFO] - HAR: D:\DMS\Engine Scoring\Reports\20221122_153620\Exclude KKB - DS\Scoring Individu - Used\20221122_153620\requests\main\481.har

2022-11-22 15:58:49 - [MESSAGE][PASSED] - Send request successfully

2022-11-22 15:58:49 - [TEST_STEP][PASSED] - verifyResponseStatusCode(scoring, 200): Verify response status code successfully

2022-11-22 15:58:49 - [MESSAGE][PASSED] - Verify response status code successfully

2022-11-22 15:58:49 - [TEST_STEP][PASSED] - response2 = scoring.getResponseText(): null

2022-11-22 15:58:49 - [TEST_STEP][PASSED] - markPassed("result service data ke : " + no): result service data ke : 241

2022-11-22 15:58:49 - [MESSAGE][PASSED] - result service data ke : 241

2022-11-22 15:58:49 - [TEST_STEP][PASSED] - logInfo($response2): {"result_konsumen":"Reject","result_pasangan":"","Final_result":"Reject","errorMessage":"","status":"Done"}

2022-11-22 15:58:49 - [MESSAGE][INFO] - {"result_konsumen":"Reject","result_pasangan":"","Final_result":"Reject","errorMessage":"","status":"Done"}

2022-11-22 15:58:49 - [TEST_STEP][PASSED] - verifyElementPropertyValue(scoring, "Final_result", final_result): Verify element property value successfully

2022-11-22 15:58:49 - [MESSAGE][PASSED] - Verify element property value successfully]]></system-out>
         <system-err><![CDATA[]]></system-err>
      </testcase>
      <testcase name="Test Cases/Engine_Scoring/Engine Scoring" time="6.05" classname="Test Cases/Engine_Scoring/Engine Scoring" status="PASSED">
         <system-out><![CDATA[2022-11-22 15:58:49 - [TEST_CASE][PASSED] - Test Cases/Engine_Scoring/Engine Scoring: Test Cases/Engine_Scoring/Engine Scoring

2022-11-22 15:58:50 - [TEST_STEP][PASSED] - markPassed("Variasi data ke : " + no): Variasi data ke : 242

2022-11-22 15:58:50 - [MESSAGE][PASSED] - Variasi data ke : 242

2022-11-22 15:58:50 - [TEST_STEP][PASSED] - req_data = sendRequest(findTestObject("Search_ME", ["MID":MID, "source":source, "ip":ip, "userid":userid, "branch":branch, "tipekons":tipekons, "marital":marital, "penjamin":penjamin, ... ])): Send request successfully

2022-11-22 15:58:52 - [MESSAGE][INFO] - HAR: D:\DMS\Engine Scoring\Reports\20221122_153620\Exclude KKB - DS\Scoring Individu - Used\20221122_153620\requests\main\482.har

2022-11-22 15:58:52 - [MESSAGE][PASSED] - Send request successfully

2022-11-22 15:58:52 - [TEST_STEP][PASSED] - slurper = new groovy.json.JsonSlurper(): null

2022-11-22 15:58:52 - [TEST_STEP][PASSED] - result = slurper.parseText(req_data.getResponseBodyContent()): null

2022-11-22 15:58:52 - [TEST_STEP][PASSED] - reqid_kons = requestid1: null

2022-11-22 15:58:52 - [TEST_STEP][PASSED] - reqid_spouse = requestid2: null

2022-11-22 15:58:52 - [TEST_STEP][PASSED] - println("requestid kons : " + reqid_kons): null

2022-11-22 15:58:52 - [TEST_STEP][PASSED] - response_searchME_kons = reqid_kons: null

2022-11-22 15:58:52 - [TEST_STEP][PASSED] - response_searchME_spouse = reqid_spouse: null

2022-11-22 15:58:52 - [TEST_STEP][PASSED] - println("kons req id is :" + response_searchME_kons): null

2022-11-22 15:58:52 - [TEST_STEP][PASSED] - println("spouse req id is : " + response_searchME_spouse): null

2022-11-22 15:58:52 - [TEST_STEP][PASSED] - verifyResponseStatusCode(req_data, 200): Verify response status code successfully

2022-11-22 15:58:52 - [MESSAGE][PASSED] - Verify response status code successfully

2022-11-22 15:58:52 - [TEST_STEP][PASSED] - response = req_data.getResponseText(): null

2022-11-22 15:58:52 - [TEST_STEP][PASSED] - logInfo($response): {"status":"Done","data":{"requestid1":"242074","requestid2":""}}

2022-11-22 15:58:52 - [MESSAGE][INFO] - {"status":"Done","data":{"requestid1":"242074","requestid2":""}}

2022-11-22 15:58:52 - [TEST_STEP][PASSED] - delay(3): Delayed 3 second(s)

2022-11-22 15:58:55 - [MESSAGE][PASSED] - Delayed 3 second(s)

2022-11-22 15:58:55 - [TEST_STEP][PASSED] - scoring = sendRequest(findTestObject("EngineScore", ["response_searchME_kons":response_searchME_kons, "response_searchME_spouse":response_searchME_spouse])): Send request successfully

2022-11-22 15:58:55 - [MESSAGE][INFO] - HAR: D:\DMS\Engine Scoring\Reports\20221122_153620\Exclude KKB - DS\Scoring Individu - Used\20221122_153620\requests\main\483.har

2022-11-22 15:58:55 - [MESSAGE][PASSED] - Send request successfully

2022-11-22 15:58:55 - [TEST_STEP][PASSED] - verifyResponseStatusCode(scoring, 200): Verify response status code successfully

2022-11-22 15:58:55 - [MESSAGE][PASSED] - Verify response status code successfully

2022-11-22 15:58:55 - [TEST_STEP][PASSED] - response2 = scoring.getResponseText(): null

2022-11-22 15:58:55 - [TEST_STEP][PASSED] - markPassed("result service data ke : " + no): result service data ke : 242

2022-11-22 15:58:55 - [MESSAGE][PASSED] - result service data ke : 242

2022-11-22 15:58:55 - [TEST_STEP][PASSED] - logInfo($response2): {"result_konsumen":"Reject","result_pasangan":"","Final_result":"Reject","errorMessage":"","status":"Done"}

2022-11-22 15:58:55 - [MESSAGE][INFO] - {"result_konsumen":"Reject","result_pasangan":"","Final_result":"Reject","errorMessage":"","status":"Done"}

2022-11-22 15:58:55 - [TEST_STEP][PASSED] - verifyElementPropertyValue(scoring, "Final_result", final_result): Verify element property value successfully

2022-11-22 15:58:55 - [MESSAGE][PASSED] - Verify element property value successfully]]></system-out>
         <system-err><![CDATA[]]></system-err>
      </testcase>
      <testcase name="Test Cases/Engine_Scoring/Engine Scoring" time="6.139" classname="Test Cases/Engine_Scoring/Engine Scoring" status="PASSED">
         <system-out><![CDATA[2022-11-22 15:58:55 - [TEST_CASE][PASSED] - Test Cases/Engine_Scoring/Engine Scoring: Test Cases/Engine_Scoring/Engine Scoring

2022-11-22 15:58:56 - [TEST_STEP][PASSED] - markPassed("Variasi data ke : " + no): Variasi data ke : 243

2022-11-22 15:58:56 - [MESSAGE][PASSED] - Variasi data ke : 243

2022-11-22 15:58:56 - [TEST_STEP][PASSED] - req_data = sendRequest(findTestObject("Search_ME", ["MID":MID, "source":source, "ip":ip, "userid":userid, "branch":branch, "tipekons":tipekons, "marital":marital, "penjamin":penjamin, ... ])): Send request successfully

2022-11-22 15:58:58 - [MESSAGE][INFO] - HAR: D:\DMS\Engine Scoring\Reports\20221122_153620\Exclude KKB - DS\Scoring Individu - Used\20221122_153620\requests\main\484.har

2022-11-22 15:58:58 - [MESSAGE][PASSED] - Send request successfully

2022-11-22 15:58:58 - [TEST_STEP][PASSED] - slurper = new groovy.json.JsonSlurper(): null

2022-11-22 15:58:58 - [TEST_STEP][PASSED] - result = slurper.parseText(req_data.getResponseBodyContent()): null

2022-11-22 15:58:58 - [TEST_STEP][PASSED] - reqid_kons = requestid1: null

2022-11-22 15:58:58 - [TEST_STEP][PASSED] - reqid_spouse = requestid2: null

2022-11-22 15:58:58 - [TEST_STEP][PASSED] - println("requestid kons : " + reqid_kons): null

2022-11-22 15:58:58 - [TEST_STEP][PASSED] - response_searchME_kons = reqid_kons: null

2022-11-22 15:58:58 - [TEST_STEP][PASSED] - response_searchME_spouse = reqid_spouse: null

2022-11-22 15:58:58 - [TEST_STEP][PASSED] - println("kons req id is :" + response_searchME_kons): null

2022-11-22 15:58:58 - [TEST_STEP][PASSED] - println("spouse req id is : " + response_searchME_spouse): null

2022-11-22 15:58:58 - [TEST_STEP][PASSED] - verifyResponseStatusCode(req_data, 200): Verify response status code successfully

2022-11-22 15:58:58 - [MESSAGE][PASSED] - Verify response status code successfully

2022-11-22 15:58:58 - [TEST_STEP][PASSED] - response = req_data.getResponseText(): null

2022-11-22 15:58:58 - [TEST_STEP][PASSED] - logInfo($response): {"status":"Done","data":{"requestid1":"242075","requestid2":""}}

2022-11-22 15:58:58 - [MESSAGE][INFO] - {"status":"Done","data":{"requestid1":"242075","requestid2":""}}

2022-11-22 15:58:58 - [TEST_STEP][PASSED] - delay(3): Delayed 3 second(s)

2022-11-22 15:59:01 - [MESSAGE][PASSED] - Delayed 3 second(s)

2022-11-22 15:59:01 - [TEST_STEP][PASSED] - scoring = sendRequest(findTestObject("EngineScore", ["response_searchME_kons":response_searchME_kons, "response_searchME_spouse":response_searchME_spouse])): Send request successfully

2022-11-22 15:59:01 - [MESSAGE][INFO] - HAR: D:\DMS\Engine Scoring\Reports\20221122_153620\Exclude KKB - DS\Scoring Individu - Used\20221122_153620\requests\main\485.har

2022-11-22 15:59:01 - [MESSAGE][PASSED] - Send request successfully

2022-11-22 15:59:01 - [TEST_STEP][PASSED] - verifyResponseStatusCode(scoring, 200): Verify response status code successfully

2022-11-22 15:59:01 - [MESSAGE][PASSED] - Verify response status code successfully

2022-11-22 15:59:01 - [TEST_STEP][PASSED] - response2 = scoring.getResponseText(): null

2022-11-22 15:59:01 - [TEST_STEP][PASSED] - markPassed("result service data ke : " + no): result service data ke : 243

2022-11-22 15:59:01 - [MESSAGE][PASSED] - result service data ke : 243

2022-11-22 15:59:01 - [TEST_STEP][PASSED] - logInfo($response2): {"result_konsumen":"Reject","result_pasangan":"","Final_result":"Reject","errorMessage":"","status":"Done"}

2022-11-22 15:59:01 - [MESSAGE][INFO] - {"result_konsumen":"Reject","result_pasangan":"","Final_result":"Reject","errorMessage":"","status":"Done"}

2022-11-22 15:59:01 - [TEST_STEP][PASSED] - verifyElementPropertyValue(scoring, "Final_result", final_result): Verify element property value successfully

2022-11-22 15:59:01 - [MESSAGE][PASSED] - Verify element property value successfully]]></system-out>
         <system-err><![CDATA[]]></system-err>
      </testcase>
      <testcase name="Test Cases/Engine_Scoring/Engine Scoring" time="6.155" classname="Test Cases/Engine_Scoring/Engine Scoring" status="PASSED">
         <system-out><![CDATA[2022-11-22 15:59:01 - [TEST_CASE][PASSED] - Test Cases/Engine_Scoring/Engine Scoring: Test Cases/Engine_Scoring/Engine Scoring

2022-11-22 15:59:03 - [TEST_STEP][PASSED] - markPassed("Variasi data ke : " + no): Variasi data ke : 244

2022-11-22 15:59:03 - [MESSAGE][PASSED] - Variasi data ke : 244

2022-11-22 15:59:03 - [TEST_STEP][PASSED] - req_data = sendRequest(findTestObject("Search_ME", ["MID":MID, "source":source, "ip":ip, "userid":userid, "branch":branch, "tipekons":tipekons, "marital":marital, "penjamin":penjamin, ... ])): Send request successfully

2022-11-22 15:59:04 - [MESSAGE][INFO] - HAR: D:\DMS\Engine Scoring\Reports\20221122_153620\Exclude KKB - DS\Scoring Individu - Used\20221122_153620\requests\main\486.har

2022-11-22 15:59:04 - [MESSAGE][PASSED] - Send request successfully

2022-11-22 15:59:04 - [TEST_STEP][PASSED] - slurper = new groovy.json.JsonSlurper(): null

2022-11-22 15:59:04 - [TEST_STEP][PASSED] - result = slurper.parseText(req_data.getResponseBodyContent()): null

2022-11-22 15:59:04 - [TEST_STEP][PASSED] - reqid_kons = requestid1: null

2022-11-22 15:59:04 - [TEST_STEP][PASSED] - reqid_spouse = requestid2: null

2022-11-22 15:59:04 - [TEST_STEP][PASSED] - println("requestid kons : " + reqid_kons): null

2022-11-22 15:59:04 - [TEST_STEP][PASSED] - response_searchME_kons = reqid_kons: null

2022-11-22 15:59:04 - [TEST_STEP][PASSED] - response_searchME_spouse = reqid_spouse: null

2022-11-22 15:59:04 - [TEST_STEP][PASSED] - println("kons req id is :" + response_searchME_kons): null

2022-11-22 15:59:04 - [TEST_STEP][PASSED] - println("spouse req id is : " + response_searchME_spouse): null

2022-11-22 15:59:04 - [TEST_STEP][PASSED] - verifyResponseStatusCode(req_data, 200): Verify response status code successfully

2022-11-22 15:59:04 - [MESSAGE][PASSED] - Verify response status code successfully

2022-11-22 15:59:04 - [TEST_STEP][PASSED] - response = req_data.getResponseText(): null

2022-11-22 15:59:04 - [TEST_STEP][PASSED] - logInfo($response): {"status":"Done","data":{"requestid1":"242076","requestid2":""}}

2022-11-22 15:59:04 - [MESSAGE][INFO] - {"status":"Done","data":{"requestid1":"242076","requestid2":""}}

2022-11-22 15:59:04 - [TEST_STEP][PASSED] - delay(3): Delayed 3 second(s)

2022-11-22 15:59:07 - [MESSAGE][PASSED] - Delayed 3 second(s)

2022-11-22 15:59:07 - [TEST_STEP][PASSED] - scoring = sendRequest(findTestObject("EngineScore", ["response_searchME_kons":response_searchME_kons, "response_searchME_spouse":response_searchME_spouse])): Send request successfully

2022-11-22 15:59:07 - [MESSAGE][INFO] - HAR: D:\DMS\Engine Scoring\Reports\20221122_153620\Exclude KKB - DS\Scoring Individu - Used\20221122_153620\requests\main\487.har

2022-11-22 15:59:07 - [MESSAGE][PASSED] - Send request successfully

2022-11-22 15:59:07 - [TEST_STEP][PASSED] - verifyResponseStatusCode(scoring, 200): Verify response status code successfully

2022-11-22 15:59:07 - [MESSAGE][PASSED] - Verify response status code successfully

2022-11-22 15:59:07 - [TEST_STEP][PASSED] - response2 = scoring.getResponseText(): null

2022-11-22 15:59:07 - [TEST_STEP][PASSED] - markPassed("result service data ke : " + no): result service data ke : 244

2022-11-22 15:59:07 - [MESSAGE][PASSED] - result service data ke : 244

2022-11-22 15:59:07 - [TEST_STEP][PASSED] - logInfo($response2): {"result_konsumen":"Reject","result_pasangan":"","Final_result":"Reject","errorMessage":"","status":"Done"}

2022-11-22 15:59:07 - [MESSAGE][INFO] - {"result_konsumen":"Reject","result_pasangan":"","Final_result":"Reject","errorMessage":"","status":"Done"}

2022-11-22 15:59:07 - [TEST_STEP][PASSED] - verifyElementPropertyValue(scoring, "Final_result", final_result): Verify element property value successfully

2022-11-22 15:59:07 - [MESSAGE][PASSED] - Verify element property value successfully]]></system-out>
         <system-err><![CDATA[]]></system-err>
      </testcase>
      <testcase name="Test Cases/Engine_Scoring/Engine Scoring" time="6.114" classname="Test Cases/Engine_Scoring/Engine Scoring" status="PASSED">
         <system-out><![CDATA[2022-11-22 15:59:07 - [TEST_CASE][PASSED] - Test Cases/Engine_Scoring/Engine Scoring: Test Cases/Engine_Scoring/Engine Scoring

2022-11-22 15:59:09 - [TEST_STEP][PASSED] - markPassed("Variasi data ke : " + no): Variasi data ke : 245

2022-11-22 15:59:09 - [MESSAGE][PASSED] - Variasi data ke : 245

2022-11-22 15:59:09 - [TEST_STEP][PASSED] - req_data = sendRequest(findTestObject("Search_ME", ["MID":MID, "source":source, "ip":ip, "userid":userid, "branch":branch, "tipekons":tipekons, "marital":marital, "penjamin":penjamin, ... ])): Send request successfully

2022-11-22 15:59:10 - [MESSAGE][INFO] - HAR: D:\DMS\Engine Scoring\Reports\20221122_153620\Exclude KKB - DS\Scoring Individu - Used\20221122_153620\requests\main\488.har

2022-11-22 15:59:10 - [MESSAGE][PASSED] - Send request successfully

2022-11-22 15:59:10 - [TEST_STEP][PASSED] - slurper = new groovy.json.JsonSlurper(): null

2022-11-22 15:59:10 - [TEST_STEP][PASSED] - result = slurper.parseText(req_data.getResponseBodyContent()): null

2022-11-22 15:59:10 - [TEST_STEP][PASSED] - reqid_kons = requestid1: null

2022-11-22 15:59:10 - [TEST_STEP][PASSED] - reqid_spouse = requestid2: null

2022-11-22 15:59:10 - [TEST_STEP][PASSED] - println("requestid kons : " + reqid_kons): null

2022-11-22 15:59:10 - [TEST_STEP][PASSED] - response_searchME_kons = reqid_kons: null

2022-11-22 15:59:10 - [TEST_STEP][PASSED] - response_searchME_spouse = reqid_spouse: null

2022-11-22 15:59:10 - [TEST_STEP][PASSED] - println("kons req id is :" + response_searchME_kons): null

2022-11-22 15:59:10 - [TEST_STEP][PASSED] - println("spouse req id is : " + response_searchME_spouse): null

2022-11-22 15:59:10 - [TEST_STEP][PASSED] - verifyResponseStatusCode(req_data, 200): Verify response status code successfully

2022-11-22 15:59:10 - [MESSAGE][PASSED] - Verify response status code successfully

2022-11-22 15:59:10 - [TEST_STEP][PASSED] - response = req_data.getResponseText(): null

2022-11-22 15:59:10 - [TEST_STEP][PASSED] - logInfo($response): {"status":"Done","data":{"requestid1":"242077","requestid2":""}}

2022-11-22 15:59:10 - [MESSAGE][INFO] - {"status":"Done","data":{"requestid1":"242077","requestid2":""}}

2022-11-22 15:59:10 - [TEST_STEP][PASSED] - delay(3): Delayed 3 second(s)

2022-11-22 15:59:13 - [MESSAGE][PASSED] - Delayed 3 second(s)

2022-11-22 15:59:13 - [TEST_STEP][PASSED] - scoring = sendRequest(findTestObject("EngineScore", ["response_searchME_kons":response_searchME_kons, "response_searchME_spouse":response_searchME_spouse])): Send request successfully

2022-11-22 15:59:14 - [MESSAGE][INFO] - HAR: D:\DMS\Engine Scoring\Reports\20221122_153620\Exclude KKB - DS\Scoring Individu - Used\20221122_153620\requests\main\489.har

2022-11-22 15:59:14 - [MESSAGE][PASSED] - Send request successfully

2022-11-22 15:59:14 - [TEST_STEP][PASSED] - verifyResponseStatusCode(scoring, 200): Verify response status code successfully

2022-11-22 15:59:14 - [MESSAGE][PASSED] - Verify response status code successfully

2022-11-22 15:59:14 - [TEST_STEP][PASSED] - response2 = scoring.getResponseText(): null

2022-11-22 15:59:14 - [TEST_STEP][PASSED] - markPassed("result service data ke : " + no): result service data ke : 245

2022-11-22 15:59:14 - [MESSAGE][PASSED] - result service data ke : 245

2022-11-22 15:59:14 - [TEST_STEP][PASSED] - logInfo($response2): {"result_konsumen":"Reject","result_pasangan":"","Final_result":"Reject","errorMessage":"","status":"Done"}

2022-11-22 15:59:14 - [MESSAGE][INFO] - {"result_konsumen":"Reject","result_pasangan":"","Final_result":"Reject","errorMessage":"","status":"Done"}

2022-11-22 15:59:14 - [TEST_STEP][PASSED] - verifyElementPropertyValue(scoring, "Final_result", final_result): Verify element property value successfully

2022-11-22 15:59:14 - [MESSAGE][PASSED] - Verify element property value successfully]]></system-out>
         <system-err><![CDATA[]]></system-err>
      </testcase>
      <testcase name="Test Cases/Engine_Scoring/Engine Scoring" time="6.094" classname="Test Cases/Engine_Scoring/Engine Scoring" status="PASSED">
         <system-out><![CDATA[2022-11-22 15:59:14 - [TEST_CASE][PASSED] - Test Cases/Engine_Scoring/Engine Scoring: Test Cases/Engine_Scoring/Engine Scoring

2022-11-22 15:59:15 - [TEST_STEP][PASSED] - markPassed("Variasi data ke : " + no): Variasi data ke : 246

2022-11-22 15:59:15 - [MESSAGE][PASSED] - Variasi data ke : 246

2022-11-22 15:59:15 - [TEST_STEP][PASSED] - req_data = sendRequest(findTestObject("Search_ME", ["MID":MID, "source":source, "ip":ip, "userid":userid, "branch":branch, "tipekons":tipekons, "marital":marital, "penjamin":penjamin, ... ])): Send request successfully

2022-11-22 15:59:17 - [MESSAGE][INFO] - HAR: D:\DMS\Engine Scoring\Reports\20221122_153620\Exclude KKB - DS\Scoring Individu - Used\20221122_153620\requests\main\490.har

2022-11-22 15:59:17 - [MESSAGE][PASSED] - Send request successfully

2022-11-22 15:59:17 - [TEST_STEP][PASSED] - slurper = new groovy.json.JsonSlurper(): null

2022-11-22 15:59:17 - [TEST_STEP][PASSED] - result = slurper.parseText(req_data.getResponseBodyContent()): null

2022-11-22 15:59:17 - [TEST_STEP][PASSED] - reqid_kons = requestid1: null

2022-11-22 15:59:17 - [TEST_STEP][PASSED] - reqid_spouse = requestid2: null

2022-11-22 15:59:17 - [TEST_STEP][PASSED] - println("requestid kons : " + reqid_kons): null

2022-11-22 15:59:17 - [TEST_STEP][PASSED] - response_searchME_kons = reqid_kons: null

2022-11-22 15:59:17 - [TEST_STEP][PASSED] - response_searchME_spouse = reqid_spouse: null

2022-11-22 15:59:17 - [TEST_STEP][PASSED] - println("kons req id is :" + response_searchME_kons): null

2022-11-22 15:59:17 - [TEST_STEP][PASSED] - println("spouse req id is : " + response_searchME_spouse): null

2022-11-22 15:59:17 - [TEST_STEP][PASSED] - verifyResponseStatusCode(req_data, 200): Verify response status code successfully

2022-11-22 15:59:17 - [MESSAGE][PASSED] - Verify response status code successfully

2022-11-22 15:59:17 - [TEST_STEP][PASSED] - response = req_data.getResponseText(): null

2022-11-22 15:59:17 - [TEST_STEP][PASSED] - logInfo($response): {"status":"Done","data":{"requestid1":"242078","requestid2":""}}

2022-11-22 15:59:17 - [MESSAGE][INFO] - {"status":"Done","data":{"requestid1":"242078","requestid2":""}}

2022-11-22 15:59:17 - [TEST_STEP][PASSED] - delay(3): Delayed 3 second(s)

2022-11-22 15:59:20 - [MESSAGE][PASSED] - Delayed 3 second(s)

2022-11-22 15:59:20 - [TEST_STEP][PASSED] - scoring = sendRequest(findTestObject("EngineScore", ["response_searchME_kons":response_searchME_kons, "response_searchME_spouse":response_searchME_spouse])): Send request successfully

2022-11-22 15:59:20 - [MESSAGE][INFO] - HAR: D:\DMS\Engine Scoring\Reports\20221122_153620\Exclude KKB - DS\Scoring Individu - Used\20221122_153620\requests\main\491.har

2022-11-22 15:59:20 - [MESSAGE][PASSED] - Send request successfully

2022-11-22 15:59:20 - [TEST_STEP][PASSED] - verifyResponseStatusCode(scoring, 200): Verify response status code successfully

2022-11-22 15:59:20 - [MESSAGE][PASSED] - Verify response status code successfully

2022-11-22 15:59:20 - [TEST_STEP][PASSED] - response2 = scoring.getResponseText(): null

2022-11-22 15:59:20 - [TEST_STEP][PASSED] - markPassed("result service data ke : " + no): result service data ke : 246

2022-11-22 15:59:20 - [MESSAGE][PASSED] - result service data ke : 246

2022-11-22 15:59:20 - [TEST_STEP][PASSED] - logInfo($response2): {"result_konsumen":"Reject","result_pasangan":"","Final_result":"Reject","errorMessage":"","status":"Done"}

2022-11-22 15:59:20 - [MESSAGE][INFO] - {"result_konsumen":"Reject","result_pasangan":"","Final_result":"Reject","errorMessage":"","status":"Done"}

2022-11-22 15:59:20 - [TEST_STEP][PASSED] - verifyElementPropertyValue(scoring, "Final_result", final_result): Verify element property value successfully

2022-11-22 15:59:20 - [MESSAGE][PASSED] - Verify element property value successfully]]></system-out>
         <system-err><![CDATA[]]></system-err>
      </testcase>
      <testcase name="Test Cases/Engine_Scoring/Engine Scoring" time="6.078" classname="Test Cases/Engine_Scoring/Engine Scoring" status="PASSED">
         <system-out><![CDATA[2022-11-22 15:59:20 - [TEST_CASE][PASSED] - Test Cases/Engine_Scoring/Engine Scoring: Test Cases/Engine_Scoring/Engine Scoring

2022-11-22 15:59:21 - [TEST_STEP][PASSED] - markPassed("Variasi data ke : " + no): Variasi data ke : 247

2022-11-22 15:59:21 - [MESSAGE][PASSED] - Variasi data ke : 247

2022-11-22 15:59:21 - [TEST_STEP][PASSED] - req_data = sendRequest(findTestObject("Search_ME", ["MID":MID, "source":source, "ip":ip, "userid":userid, "branch":branch, "tipekons":tipekons, "marital":marital, "penjamin":penjamin, ... ])): Send request successfully

2022-11-22 15:59:23 - [MESSAGE][INFO] - HAR: D:\DMS\Engine Scoring\Reports\20221122_153620\Exclude KKB - DS\Scoring Individu - Used\20221122_153620\requests\main\492.har

2022-11-22 15:59:23 - [MESSAGE][PASSED] - Send request successfully

2022-11-22 15:59:23 - [TEST_STEP][PASSED] - slurper = new groovy.json.JsonSlurper(): null

2022-11-22 15:59:23 - [TEST_STEP][PASSED] - result = slurper.parseText(req_data.getResponseBodyContent()): null

2022-11-22 15:59:23 - [TEST_STEP][PASSED] - reqid_kons = requestid1: null

2022-11-22 15:59:23 - [TEST_STEP][PASSED] - reqid_spouse = requestid2: null

2022-11-22 15:59:23 - [TEST_STEP][PASSED] - println("requestid kons : " + reqid_kons): null

2022-11-22 15:59:23 - [TEST_STEP][PASSED] - response_searchME_kons = reqid_kons: null

2022-11-22 15:59:23 - [TEST_STEP][PASSED] - response_searchME_spouse = reqid_spouse: null

2022-11-22 15:59:23 - [TEST_STEP][PASSED] - println("kons req id is :" + response_searchME_kons): null

2022-11-22 15:59:23 - [TEST_STEP][PASSED] - println("spouse req id is : " + response_searchME_spouse): null

2022-11-22 15:59:23 - [TEST_STEP][PASSED] - verifyResponseStatusCode(req_data, 200): Verify response status code successfully

2022-11-22 15:59:23 - [MESSAGE][PASSED] - Verify response status code successfully

2022-11-22 15:59:23 - [TEST_STEP][PASSED] - response = req_data.getResponseText(): null

2022-11-22 15:59:23 - [TEST_STEP][PASSED] - logInfo($response): {"status":"Done","data":{"requestid1":"242079","requestid2":""}}

2022-11-22 15:59:23 - [MESSAGE][INFO] - {"status":"Done","data":{"requestid1":"242079","requestid2":""}}

2022-11-22 15:59:23 - [TEST_STEP][PASSED] - delay(3): Delayed 3 second(s)

2022-11-22 15:59:26 - [MESSAGE][PASSED] - Delayed 3 second(s)

2022-11-22 15:59:26 - [TEST_STEP][PASSED] - scoring = sendRequest(findTestObject("EngineScore", ["response_searchME_kons":response_searchME_kons, "response_searchME_spouse":response_searchME_spouse])): Send request successfully

2022-11-22 15:59:26 - [MESSAGE][INFO] - HAR: D:\DMS\Engine Scoring\Reports\20221122_153620\Exclude KKB - DS\Scoring Individu - Used\20221122_153620\requests\main\493.har

2022-11-22 15:59:26 - [MESSAGE][PASSED] - Send request successfully

2022-11-22 15:59:26 - [TEST_STEP][PASSED] - verifyResponseStatusCode(scoring, 200): Verify response status code successfully

2022-11-22 15:59:26 - [MESSAGE][PASSED] - Verify response status code successfully

2022-11-22 15:59:26 - [TEST_STEP][PASSED] - response2 = scoring.getResponseText(): null

2022-11-22 15:59:26 - [TEST_STEP][PASSED] - markPassed("result service data ke : " + no): result service data ke : 247

2022-11-22 15:59:26 - [MESSAGE][PASSED] - result service data ke : 247

2022-11-22 15:59:26 - [TEST_STEP][PASSED] - logInfo($response2): {"result_konsumen":"Reject","result_pasangan":"","Final_result":"Reject","errorMessage":"","status":"Done"}

2022-11-22 15:59:26 - [MESSAGE][INFO] - {"result_konsumen":"Reject","result_pasangan":"","Final_result":"Reject","errorMessage":"","status":"Done"}

2022-11-22 15:59:26 - [TEST_STEP][PASSED] - verifyElementPropertyValue(scoring, "Final_result", final_result): Verify element property value successfully

2022-11-22 15:59:26 - [MESSAGE][PASSED] - Verify element property value successfully]]></system-out>
         <system-err><![CDATA[]]></system-err>
      </testcase>
      <testcase name="Test Cases/Engine_Scoring/Engine Scoring" time="6.162" classname="Test Cases/Engine_Scoring/Engine Scoring" status="PASSED">
         <system-out><![CDATA[2022-11-22 15:59:26 - [TEST_CASE][PASSED] - Test Cases/Engine_Scoring/Engine Scoring: Test Cases/Engine_Scoring/Engine Scoring

2022-11-22 15:59:28 - [TEST_STEP][PASSED] - markPassed("Variasi data ke : " + no): Variasi data ke : 248

2022-11-22 15:59:28 - [MESSAGE][PASSED] - Variasi data ke : 248

2022-11-22 15:59:28 - [TEST_STEP][PASSED] - req_data = sendRequest(findTestObject("Search_ME", ["MID":MID, "source":source, "ip":ip, "userid":userid, "branch":branch, "tipekons":tipekons, "marital":marital, "penjamin":penjamin, ... ])): Send request successfully

2022-11-22 15:59:29 - [MESSAGE][INFO] - HAR: D:\DMS\Engine Scoring\Reports\20221122_153620\Exclude KKB - DS\Scoring Individu - Used\20221122_153620\requests\main\494.har

2022-11-22 15:59:29 - [MESSAGE][PASSED] - Send request successfully

2022-11-22 15:59:29 - [TEST_STEP][PASSED] - slurper = new groovy.json.JsonSlurper(): null

2022-11-22 15:59:29 - [TEST_STEP][PASSED] - result = slurper.parseText(req_data.getResponseBodyContent()): null

2022-11-22 15:59:29 - [TEST_STEP][PASSED] - reqid_kons = requestid1: null

2022-11-22 15:59:29 - [TEST_STEP][PASSED] - reqid_spouse = requestid2: null

2022-11-22 15:59:29 - [TEST_STEP][PASSED] - println("requestid kons : " + reqid_kons): null

2022-11-22 15:59:29 - [TEST_STEP][PASSED] - response_searchME_kons = reqid_kons: null

2022-11-22 15:59:29 - [TEST_STEP][PASSED] - response_searchME_spouse = reqid_spouse: null

2022-11-22 15:59:29 - [TEST_STEP][PASSED] - println("kons req id is :" + response_searchME_kons): null

2022-11-22 15:59:29 - [TEST_STEP][PASSED] - println("spouse req id is : " + response_searchME_spouse): null

2022-11-22 15:59:29 - [TEST_STEP][PASSED] - verifyResponseStatusCode(req_data, 200): Verify response status code successfully

2022-11-22 15:59:29 - [MESSAGE][PASSED] - Verify response status code successfully

2022-11-22 15:59:29 - [TEST_STEP][PASSED] - response = req_data.getResponseText(): null

2022-11-22 15:59:29 - [TEST_STEP][PASSED] - logInfo($response): {"status":"Done","data":{"requestid1":"242080","requestid2":""}}

2022-11-22 15:59:29 - [MESSAGE][INFO] - {"status":"Done","data":{"requestid1":"242080","requestid2":""}}

2022-11-22 15:59:29 - [TEST_STEP][PASSED] - delay(3): Delayed 3 second(s)

2022-11-22 15:59:32 - [MESSAGE][PASSED] - Delayed 3 second(s)

2022-11-22 15:59:32 - [TEST_STEP][PASSED] - scoring = sendRequest(findTestObject("EngineScore", ["response_searchME_kons":response_searchME_kons, "response_searchME_spouse":response_searchME_spouse])): Send request successfully

2022-11-22 15:59:32 - [MESSAGE][INFO] - HAR: D:\DMS\Engine Scoring\Reports\20221122_153620\Exclude KKB - DS\Scoring Individu - Used\20221122_153620\requests\main\495.har

2022-11-22 15:59:32 - [MESSAGE][PASSED] - Send request successfully

2022-11-22 15:59:32 - [TEST_STEP][PASSED] - verifyResponseStatusCode(scoring, 200): Verify response status code successfully

2022-11-22 15:59:32 - [MESSAGE][PASSED] - Verify response status code successfully

2022-11-22 15:59:32 - [TEST_STEP][PASSED] - response2 = scoring.getResponseText(): null

2022-11-22 15:59:32 - [TEST_STEP][PASSED] - markPassed("result service data ke : " + no): result service data ke : 248

2022-11-22 15:59:32 - [MESSAGE][PASSED] - result service data ke : 248

2022-11-22 15:59:32 - [TEST_STEP][PASSED] - logInfo($response2): {"result_konsumen":"Reject","result_pasangan":"","Final_result":"Reject","errorMessage":"","status":"Done"}

2022-11-22 15:59:32 - [MESSAGE][INFO] - {"result_konsumen":"Reject","result_pasangan":"","Final_result":"Reject","errorMessage":"","status":"Done"}

2022-11-22 15:59:32 - [TEST_STEP][PASSED] - verifyElementPropertyValue(scoring, "Final_result", final_result): Verify element property value successfully

2022-11-22 15:59:32 - [MESSAGE][PASSED] - Verify element property value successfully]]></system-out>
         <system-err><![CDATA[]]></system-err>
      </testcase>
      <testcase name="Test Cases/Engine_Scoring/Engine Scoring" time="6.439" classname="Test Cases/Engine_Scoring/Engine Scoring" status="PASSED">
         <system-out><![CDATA[2022-11-22 15:59:32 - [TEST_CASE][PASSED] - Test Cases/Engine_Scoring/Engine Scoring: Test Cases/Engine_Scoring/Engine Scoring

2022-11-22 15:59:34 - [TEST_STEP][PASSED] - markPassed("Variasi data ke : " + no): Variasi data ke : 249

2022-11-22 15:59:34 - [MESSAGE][PASSED] - Variasi data ke : 249

2022-11-22 15:59:34 - [TEST_STEP][PASSED] - req_data = sendRequest(findTestObject("Search_ME", ["MID":MID, "source":source, "ip":ip, "userid":userid, "branch":branch, "tipekons":tipekons, "marital":marital, "penjamin":penjamin, ... ])): Send request successfully

2022-11-22 15:59:36 - [MESSAGE][INFO] - HAR: D:\DMS\Engine Scoring\Reports\20221122_153620\Exclude KKB - DS\Scoring Individu - Used\20221122_153620\requests\main\496.har

2022-11-22 15:59:36 - [MESSAGE][PASSED] - Send request successfully

2022-11-22 15:59:36 - [TEST_STEP][PASSED] - slurper = new groovy.json.JsonSlurper(): null

2022-11-22 15:59:36 - [TEST_STEP][PASSED] - result = slurper.parseText(req_data.getResponseBodyContent()): null

2022-11-22 15:59:36 - [TEST_STEP][PASSED] - reqid_kons = requestid1: null

2022-11-22 15:59:36 - [TEST_STEP][PASSED] - reqid_spouse = requestid2: null

2022-11-22 15:59:36 - [TEST_STEP][PASSED] - println("requestid kons : " + reqid_kons): null

2022-11-22 15:59:36 - [TEST_STEP][PASSED] - response_searchME_kons = reqid_kons: null

2022-11-22 15:59:36 - [TEST_STEP][PASSED] - response_searchME_spouse = reqid_spouse: null

2022-11-22 15:59:36 - [TEST_STEP][PASSED] - println("kons req id is :" + response_searchME_kons): null

2022-11-22 15:59:36 - [TEST_STEP][PASSED] - println("spouse req id is : " + response_searchME_spouse): null

2022-11-22 15:59:36 - [TEST_STEP][PASSED] - verifyResponseStatusCode(req_data, 200): Verify response status code successfully

2022-11-22 15:59:36 - [MESSAGE][PASSED] - Verify response status code successfully

2022-11-22 15:59:36 - [TEST_STEP][PASSED] - response = req_data.getResponseText(): null

2022-11-22 15:59:36 - [TEST_STEP][PASSED] - logInfo($response): {"status":"Done","data":{"requestid1":"242081","requestid2":""}}

2022-11-22 15:59:36 - [MESSAGE][INFO] - {"status":"Done","data":{"requestid1":"242081","requestid2":""}}

2022-11-22 15:59:36 - [TEST_STEP][PASSED] - delay(3): Delayed 3 second(s)

2022-11-22 15:59:39 - [MESSAGE][PASSED] - Delayed 3 second(s)

2022-11-22 15:59:39 - [TEST_STEP][PASSED] - scoring = sendRequest(findTestObject("EngineScore", ["response_searchME_kons":response_searchME_kons, "response_searchME_spouse":response_searchME_spouse])): Send request successfully

2022-11-22 15:59:39 - [MESSAGE][INFO] - HAR: D:\DMS\Engine Scoring\Reports\20221122_153620\Exclude KKB - DS\Scoring Individu - Used\20221122_153620\requests\main\497.har

2022-11-22 15:59:39 - [MESSAGE][PASSED] - Send request successfully

2022-11-22 15:59:39 - [TEST_STEP][PASSED] - verifyResponseStatusCode(scoring, 200): Verify response status code successfully

2022-11-22 15:59:39 - [MESSAGE][PASSED] - Verify response status code successfully

2022-11-22 15:59:39 - [TEST_STEP][PASSED] - response2 = scoring.getResponseText(): null

2022-11-22 15:59:39 - [TEST_STEP][PASSED] - markPassed("result service data ke : " + no): result service data ke : 249

2022-11-22 15:59:39 - [MESSAGE][PASSED] - result service data ke : 249

2022-11-22 15:59:39 - [TEST_STEP][PASSED] - logInfo($response2): {"result_konsumen":"Reject","result_pasangan":"","Final_result":"Reject","errorMessage":"","status":"Done"}

2022-11-22 15:59:39 - [MESSAGE][INFO] - {"result_konsumen":"Reject","result_pasangan":"","Final_result":"Reject","errorMessage":"","status":"Done"}

2022-11-22 15:59:39 - [TEST_STEP][PASSED] - verifyElementPropertyValue(scoring, "Final_result", final_result): Verify element property value successfully

2022-11-22 15:59:39 - [MESSAGE][PASSED] - Verify element property value successfully]]></system-out>
         <system-err><![CDATA[]]></system-err>
      </testcase>
      <testcase name="Test Cases/Engine_Scoring/Engine Scoring" time="9.795" classname="Test Cases/Engine_Scoring/Engine Scoring" status="PASSED">
         <system-out><![CDATA[2022-11-22 15:59:39 - [TEST_CASE][PASSED] - Test Cases/Engine_Scoring/Engine Scoring: Test Cases/Engine_Scoring/Engine Scoring

2022-11-22 15:59:40 - [TEST_STEP][PASSED] - markPassed("Variasi data ke : " + no): Variasi data ke : 250

2022-11-22 15:59:40 - [MESSAGE][PASSED] - Variasi data ke : 250

2022-11-22 15:59:40 - [TEST_STEP][PASSED] - req_data = sendRequest(findTestObject("Search_ME", ["MID":MID, "source":source, "ip":ip, "userid":userid, "branch":branch, "tipekons":tipekons, "marital":marital, "penjamin":penjamin, ... ])): Send request successfully

2022-11-22 15:59:46 - [MESSAGE][INFO] - HAR: D:\DMS\Engine Scoring\Reports\20221122_153620\Exclude KKB - DS\Scoring Individu - Used\20221122_153620\requests\main\498.har

2022-11-22 15:59:46 - [MESSAGE][PASSED] - Send request successfully

2022-11-22 15:59:46 - [TEST_STEP][PASSED] - slurper = new groovy.json.JsonSlurper(): null

2022-11-22 15:59:46 - [TEST_STEP][PASSED] - result = slurper.parseText(req_data.getResponseBodyContent()): null

2022-11-22 15:59:46 - [TEST_STEP][PASSED] - reqid_kons = requestid1: null

2022-11-22 15:59:46 - [TEST_STEP][PASSED] - reqid_spouse = requestid2: null

2022-11-22 15:59:46 - [TEST_STEP][PASSED] - println("requestid kons : " + reqid_kons): null

2022-11-22 15:59:46 - [TEST_STEP][PASSED] - response_searchME_kons = reqid_kons: null

2022-11-22 15:59:46 - [TEST_STEP][PASSED] - response_searchME_spouse = reqid_spouse: null

2022-11-22 15:59:46 - [TEST_STEP][PASSED] - println("kons req id is :" + response_searchME_kons): null

2022-11-22 15:59:46 - [TEST_STEP][PASSED] - println("spouse req id is : " + response_searchME_spouse): null

2022-11-22 15:59:46 - [TEST_STEP][PASSED] - verifyResponseStatusCode(req_data, 200): Verify response status code successfully

2022-11-22 15:59:46 - [MESSAGE][PASSED] - Verify response status code successfully

2022-11-22 15:59:46 - [TEST_STEP][PASSED] - response = req_data.getResponseText(): null

2022-11-22 15:59:46 - [TEST_STEP][PASSED] - logInfo($response): {"status":"Done","data":{"requestid1":"242082","requestid2":""}}

2022-11-22 15:59:46 - [MESSAGE][INFO] - {"status":"Done","data":{"requestid1":"242082","requestid2":""}}

2022-11-22 15:59:46 - [TEST_STEP][PASSED] - delay(3): Delayed 3 second(s)

2022-11-22 15:59:49 - [MESSAGE][PASSED] - Delayed 3 second(s)

2022-11-22 15:59:49 - [TEST_STEP][PASSED] - scoring = sendRequest(findTestObject("EngineScore", ["response_searchME_kons":response_searchME_kons, "response_searchME_spouse":response_searchME_spouse])): Send request successfully

2022-11-22 15:59:49 - [MESSAGE][INFO] - HAR: D:\DMS\Engine Scoring\Reports\20221122_153620\Exclude KKB - DS\Scoring Individu - Used\20221122_153620\requests\main\499.har

2022-11-22 15:59:49 - [MESSAGE][PASSED] - Send request successfully

2022-11-22 15:59:49 - [TEST_STEP][PASSED] - verifyResponseStatusCode(scoring, 200): Verify response status code successfully

2022-11-22 15:59:49 - [MESSAGE][PASSED] - Verify response status code successfully

2022-11-22 15:59:49 - [TEST_STEP][PASSED] - response2 = scoring.getResponseText(): null

2022-11-22 15:59:49 - [TEST_STEP][PASSED] - markPassed("result service data ke : " + no): result service data ke : 250

2022-11-22 15:59:49 - [MESSAGE][PASSED] - result service data ke : 250

2022-11-22 15:59:49 - [TEST_STEP][PASSED] - logInfo($response2): {"result_konsumen":"Reject","result_pasangan":"","Final_result":"Reject","errorMessage":"","status":"Done"}

2022-11-22 15:59:49 - [MESSAGE][INFO] - {"result_konsumen":"Reject","result_pasangan":"","Final_result":"Reject","errorMessage":"","status":"Done"}

2022-11-22 15:59:49 - [TEST_STEP][PASSED] - verifyElementPropertyValue(scoring, "Final_result", final_result): Verify element property value successfully

2022-11-22 15:59:49 - [MESSAGE][PASSED] - Verify element property value successfully]]></system-out>
         <system-err><![CDATA[]]></system-err>
      </testcase>
      <testcase name="Test Cases/Engine_Scoring/Engine Scoring" time="6.36" classname="Test Cases/Engine_Scoring/Engine Scoring" status="PASSED">
         <system-out><![CDATA[2022-11-22 15:59:49 - [TEST_CASE][PASSED] - Test Cases/Engine_Scoring/Engine Scoring: Test Cases/Engine_Scoring/Engine Scoring

2022-11-22 15:59:51 - [TEST_STEP][PASSED] - markPassed("Variasi data ke : " + no): Variasi data ke : 251

2022-11-22 15:59:51 - [MESSAGE][PASSED] - Variasi data ke : 251

2022-11-22 15:59:51 - [TEST_STEP][PASSED] - req_data = sendRequest(findTestObject("Search_ME", ["MID":MID, "source":source, "ip":ip, "userid":userid, "branch":branch, "tipekons":tipekons, "marital":marital, "penjamin":penjamin, ... ])): Send request successfully

2022-11-22 15:59:52 - [MESSAGE][INFO] - HAR: D:\DMS\Engine Scoring\Reports\20221122_153620\Exclude KKB - DS\Scoring Individu - Used\20221122_153620\requests\main\500.har

2022-11-22 15:59:52 - [MESSAGE][PASSED] - Send request successfully

2022-11-22 15:59:52 - [TEST_STEP][PASSED] - slurper = new groovy.json.JsonSlurper(): null

2022-11-22 15:59:52 - [TEST_STEP][PASSED] - result = slurper.parseText(req_data.getResponseBodyContent()): null

2022-11-22 15:59:52 - [TEST_STEP][PASSED] - reqid_kons = requestid1: null

2022-11-22 15:59:52 - [TEST_STEP][PASSED] - reqid_spouse = requestid2: null

2022-11-22 15:59:52 - [TEST_STEP][PASSED] - println("requestid kons : " + reqid_kons): null

2022-11-22 15:59:52 - [TEST_STEP][PASSED] - response_searchME_kons = reqid_kons: null

2022-11-22 15:59:52 - [TEST_STEP][PASSED] - response_searchME_spouse = reqid_spouse: null

2022-11-22 15:59:52 - [TEST_STEP][PASSED] - println("kons req id is :" + response_searchME_kons): null

2022-11-22 15:59:52 - [TEST_STEP][PASSED] - println("spouse req id is : " + response_searchME_spouse): null

2022-11-22 15:59:52 - [TEST_STEP][PASSED] - verifyResponseStatusCode(req_data, 200): Verify response status code successfully

2022-11-22 15:59:52 - [MESSAGE][PASSED] - Verify response status code successfully

2022-11-22 15:59:52 - [TEST_STEP][PASSED] - response = req_data.getResponseText(): null

2022-11-22 15:59:52 - [TEST_STEP][PASSED] - logInfo($response): {"status":"Done","data":{"requestid1":"242083","requestid2":""}}

2022-11-22 15:59:52 - [MESSAGE][INFO] - {"status":"Done","data":{"requestid1":"242083","requestid2":""}}

2022-11-22 15:59:52 - [TEST_STEP][PASSED] - delay(3): Delayed 3 second(s)

2022-11-22 15:59:55 - [MESSAGE][PASSED] - Delayed 3 second(s)

2022-11-22 15:59:55 - [TEST_STEP][PASSED] - scoring = sendRequest(findTestObject("EngineScore", ["response_searchME_kons":response_searchME_kons, "response_searchME_spouse":response_searchME_spouse])): Send request successfully

2022-11-22 15:59:55 - [MESSAGE][INFO] - HAR: D:\DMS\Engine Scoring\Reports\20221122_153620\Exclude KKB - DS\Scoring Individu - Used\20221122_153620\requests\main\501.har

2022-11-22 15:59:55 - [MESSAGE][PASSED] - Send request successfully

2022-11-22 15:59:55 - [TEST_STEP][PASSED] - verifyResponseStatusCode(scoring, 200): Verify response status code successfully

2022-11-22 15:59:55 - [MESSAGE][PASSED] - Verify response status code successfully

2022-11-22 15:59:55 - [TEST_STEP][PASSED] - response2 = scoring.getResponseText(): null

2022-11-22 15:59:55 - [TEST_STEP][PASSED] - markPassed("result service data ke : " + no): result service data ke : 251

2022-11-22 15:59:55 - [MESSAGE][PASSED] - result service data ke : 251

2022-11-22 15:59:55 - [TEST_STEP][PASSED] - logInfo($response2): {"result_konsumen":"Reject","result_pasangan":"","Final_result":"Reject","errorMessage":"","status":"Done"}

2022-11-22 15:59:55 - [MESSAGE][INFO] - {"result_konsumen":"Reject","result_pasangan":"","Final_result":"Reject","errorMessage":"","status":"Done"}

2022-11-22 15:59:55 - [TEST_STEP][PASSED] - verifyElementPropertyValue(scoring, "Final_result", final_result): Verify element property value successfully

2022-11-22 15:59:55 - [MESSAGE][PASSED] - Verify element property value successfully]]></system-out>
         <system-err><![CDATA[]]></system-err>
      </testcase>
      <testcase name="Test Cases/Engine_Scoring/Engine Scoring" time="6.2" classname="Test Cases/Engine_Scoring/Engine Scoring" status="PASSED">
         <system-out><![CDATA[2022-11-22 15:59:55 - [TEST_CASE][PASSED] - Test Cases/Engine_Scoring/Engine Scoring: Test Cases/Engine_Scoring/Engine Scoring

2022-11-22 15:59:57 - [TEST_STEP][PASSED] - markPassed("Variasi data ke : " + no): Variasi data ke : 252

2022-11-22 15:59:57 - [MESSAGE][PASSED] - Variasi data ke : 252

2022-11-22 15:59:57 - [TEST_STEP][PASSED] - req_data = sendRequest(findTestObject("Search_ME", ["MID":MID, "source":source, "ip":ip, "userid":userid, "branch":branch, "tipekons":tipekons, "marital":marital, "penjamin":penjamin, ... ])): Send request successfully

2022-11-22 15:59:58 - [MESSAGE][INFO] - HAR: D:\DMS\Engine Scoring\Reports\20221122_153620\Exclude KKB - DS\Scoring Individu - Used\20221122_153620\requests\main\502.har

2022-11-22 15:59:58 - [MESSAGE][PASSED] - Send request successfully

2022-11-22 15:59:58 - [TEST_STEP][PASSED] - slurper = new groovy.json.JsonSlurper(): null

2022-11-22 15:59:58 - [TEST_STEP][PASSED] - result = slurper.parseText(req_data.getResponseBodyContent()): null

2022-11-22 15:59:58 - [TEST_STEP][PASSED] - reqid_kons = requestid1: null

2022-11-22 15:59:58 - [TEST_STEP][PASSED] - reqid_spouse = requestid2: null

2022-11-22 15:59:58 - [TEST_STEP][PASSED] - println("requestid kons : " + reqid_kons): null

2022-11-22 15:59:58 - [TEST_STEP][PASSED] - response_searchME_kons = reqid_kons: null

2022-11-22 15:59:58 - [TEST_STEP][PASSED] - response_searchME_spouse = reqid_spouse: null

2022-11-22 15:59:58 - [TEST_STEP][PASSED] - println("kons req id is :" + response_searchME_kons): null

2022-11-22 15:59:58 - [TEST_STEP][PASSED] - println("spouse req id is : " + response_searchME_spouse): null

2022-11-22 15:59:58 - [TEST_STEP][PASSED] - verifyResponseStatusCode(req_data, 200): Verify response status code successfully

2022-11-22 15:59:58 - [MESSAGE][PASSED] - Verify response status code successfully

2022-11-22 15:59:58 - [TEST_STEP][PASSED] - response = req_data.getResponseText(): null

2022-11-22 15:59:58 - [TEST_STEP][PASSED] - logInfo($response): {"status":"Done","data":{"requestid1":"242084","requestid2":""}}

2022-11-22 15:59:58 - [MESSAGE][INFO] - {"status":"Done","data":{"requestid1":"242084","requestid2":""}}

2022-11-22 15:59:58 - [TEST_STEP][PASSED] - delay(3): Delayed 3 second(s)

2022-11-22 16:00:01 - [MESSAGE][PASSED] - Delayed 3 second(s)

2022-11-22 16:00:01 - [TEST_STEP][PASSED] - scoring = sendRequest(findTestObject("EngineScore", ["response_searchME_kons":response_searchME_kons, "response_searchME_spouse":response_searchME_spouse])): Send request successfully

2022-11-22 16:00:01 - [MESSAGE][INFO] - HAR: D:\DMS\Engine Scoring\Reports\20221122_153620\Exclude KKB - DS\Scoring Individu - Used\20221122_153620\requests\main\503.har

2022-11-22 16:00:01 - [MESSAGE][PASSED] - Send request successfully

2022-11-22 16:00:01 - [TEST_STEP][PASSED] - verifyResponseStatusCode(scoring, 200): Verify response status code successfully

2022-11-22 16:00:01 - [MESSAGE][PASSED] - Verify response status code successfully

2022-11-22 16:00:01 - [TEST_STEP][PASSED] - response2 = scoring.getResponseText(): null

2022-11-22 16:00:01 - [TEST_STEP][PASSED] - markPassed("result service data ke : " + no): result service data ke : 252

2022-11-22 16:00:01 - [MESSAGE][PASSED] - result service data ke : 252

2022-11-22 16:00:01 - [TEST_STEP][PASSED] - logInfo($response2): {"result_konsumen":"Reject","result_pasangan":"","Final_result":"Reject","errorMessage":"","status":"Done"}

2022-11-22 16:00:01 - [MESSAGE][INFO] - {"result_konsumen":"Reject","result_pasangan":"","Final_result":"Reject","errorMessage":"","status":"Done"}

2022-11-22 16:00:01 - [TEST_STEP][PASSED] - verifyElementPropertyValue(scoring, "Final_result", final_result): Verify element property value successfully

2022-11-22 16:00:01 - [MESSAGE][PASSED] - Verify element property value successfully]]></system-out>
         <system-err><![CDATA[]]></system-err>
      </testcase>
      <testcase name="Test Cases/Engine_Scoring/Engine Scoring" time="6.6" classname="Test Cases/Engine_Scoring/Engine Scoring" status="PASSED">
         <system-out><![CDATA[2022-11-22 16:00:02 - [TEST_CASE][PASSED] - Test Cases/Engine_Scoring/Engine Scoring: Test Cases/Engine_Scoring/Engine Scoring

2022-11-22 16:00:03 - [TEST_STEP][PASSED] - markPassed("Variasi data ke : " + no): Variasi data ke : 253

2022-11-22 16:00:03 - [MESSAGE][PASSED] - Variasi data ke : 253

2022-11-22 16:00:03 - [TEST_STEP][PASSED] - req_data = sendRequest(findTestObject("Search_ME", ["MID":MID, "source":source, "ip":ip, "userid":userid, "branch":branch, "tipekons":tipekons, "marital":marital, "penjamin":penjamin, ... ])): Send request successfully

2022-11-22 16:00:05 - [MESSAGE][INFO] - HAR: D:\DMS\Engine Scoring\Reports\20221122_153620\Exclude KKB - DS\Scoring Individu - Used\20221122_153620\requests\main\504.har

2022-11-22 16:00:05 - [MESSAGE][PASSED] - Send request successfully

2022-11-22 16:00:05 - [TEST_STEP][PASSED] - slurper = new groovy.json.JsonSlurper(): null

2022-11-22 16:00:05 - [TEST_STEP][PASSED] - result = slurper.parseText(req_data.getResponseBodyContent()): null

2022-11-22 16:00:05 - [TEST_STEP][PASSED] - reqid_kons = requestid1: null

2022-11-22 16:00:05 - [TEST_STEP][PASSED] - reqid_spouse = requestid2: null

2022-11-22 16:00:05 - [TEST_STEP][PASSED] - println("requestid kons : " + reqid_kons): null

2022-11-22 16:00:05 - [TEST_STEP][PASSED] - response_searchME_kons = reqid_kons: null

2022-11-22 16:00:05 - [TEST_STEP][PASSED] - response_searchME_spouse = reqid_spouse: null

2022-11-22 16:00:05 - [TEST_STEP][PASSED] - println("kons req id is :" + response_searchME_kons): null

2022-11-22 16:00:05 - [TEST_STEP][PASSED] - println("spouse req id is : " + response_searchME_spouse): null

2022-11-22 16:00:05 - [TEST_STEP][PASSED] - verifyResponseStatusCode(req_data, 200): Verify response status code successfully

2022-11-22 16:00:05 - [MESSAGE][PASSED] - Verify response status code successfully

2022-11-22 16:00:05 - [TEST_STEP][PASSED] - response = req_data.getResponseText(): null

2022-11-22 16:00:05 - [TEST_STEP][PASSED] - logInfo($response): {"status":"Done","data":{"requestid1":"242085","requestid2":""}}

2022-11-22 16:00:05 - [MESSAGE][INFO] - {"status":"Done","data":{"requestid1":"242085","requestid2":""}}

2022-11-22 16:00:05 - [TEST_STEP][PASSED] - delay(3): Delayed 3 second(s)

2022-11-22 16:00:08 - [MESSAGE][PASSED] - Delayed 3 second(s)

2022-11-22 16:00:08 - [TEST_STEP][PASSED] - scoring = sendRequest(findTestObject("EngineScore", ["response_searchME_kons":response_searchME_kons, "response_searchME_spouse":response_searchME_spouse])): Send request successfully

2022-11-22 16:00:08 - [MESSAGE][INFO] - HAR: D:\DMS\Engine Scoring\Reports\20221122_153620\Exclude KKB - DS\Scoring Individu - Used\20221122_153620\requests\main\505.har

2022-11-22 16:00:08 - [MESSAGE][PASSED] - Send request successfully

2022-11-22 16:00:08 - [TEST_STEP][PASSED] - verifyResponseStatusCode(scoring, 200): Verify response status code successfully

2022-11-22 16:00:08 - [MESSAGE][PASSED] - Verify response status code successfully

2022-11-22 16:00:08 - [TEST_STEP][PASSED] - response2 = scoring.getResponseText(): null

2022-11-22 16:00:08 - [TEST_STEP][PASSED] - markPassed("result service data ke : " + no): result service data ke : 253

2022-11-22 16:00:08 - [MESSAGE][PASSED] - result service data ke : 253

2022-11-22 16:00:08 - [TEST_STEP][PASSED] - logInfo($response2): {"result_konsumen":"Reject","result_pasangan":"","Final_result":"Reject","errorMessage":"","status":"Done"}

2022-11-22 16:00:08 - [MESSAGE][INFO] - {"result_konsumen":"Reject","result_pasangan":"","Final_result":"Reject","errorMessage":"","status":"Done"}

2022-11-22 16:00:08 - [TEST_STEP][PASSED] - verifyElementPropertyValue(scoring, "Final_result", final_result): Verify element property value successfully

2022-11-22 16:00:08 - [MESSAGE][PASSED] - Verify element property value successfully]]></system-out>
         <system-err><![CDATA[]]></system-err>
      </testcase>
      <testcase name="Test Cases/Engine_Scoring/Engine Scoring" time="6.243" classname="Test Cases/Engine_Scoring/Engine Scoring" status="PASSED">
         <system-out><![CDATA[2022-11-22 16:00:08 - [TEST_CASE][PASSED] - Test Cases/Engine_Scoring/Engine Scoring: Test Cases/Engine_Scoring/Engine Scoring

2022-11-22 16:00:10 - [TEST_STEP][PASSED] - markPassed("Variasi data ke : " + no): Variasi data ke : 254

2022-11-22 16:00:10 - [MESSAGE][PASSED] - Variasi data ke : 254

2022-11-22 16:00:10 - [TEST_STEP][PASSED] - req_data = sendRequest(findTestObject("Search_ME", ["MID":MID, "source":source, "ip":ip, "userid":userid, "branch":branch, "tipekons":tipekons, "marital":marital, "penjamin":penjamin, ... ])): Send request successfully

2022-11-22 16:00:11 - [MESSAGE][INFO] - HAR: D:\DMS\Engine Scoring\Reports\20221122_153620\Exclude KKB - DS\Scoring Individu - Used\20221122_153620\requests\main\506.har

2022-11-22 16:00:11 - [MESSAGE][PASSED] - Send request successfully

2022-11-22 16:00:11 - [TEST_STEP][PASSED] - slurper = new groovy.json.JsonSlurper(): null

2022-11-22 16:00:11 - [TEST_STEP][PASSED] - result = slurper.parseText(req_data.getResponseBodyContent()): null

2022-11-22 16:00:11 - [TEST_STEP][PASSED] - reqid_kons = requestid1: null

2022-11-22 16:00:11 - [TEST_STEP][PASSED] - reqid_spouse = requestid2: null

2022-11-22 16:00:11 - [TEST_STEP][PASSED] - println("requestid kons : " + reqid_kons): null

2022-11-22 16:00:11 - [TEST_STEP][PASSED] - response_searchME_kons = reqid_kons: null

2022-11-22 16:00:11 - [TEST_STEP][PASSED] - response_searchME_spouse = reqid_spouse: null

2022-11-22 16:00:11 - [TEST_STEP][PASSED] - println("kons req id is :" + response_searchME_kons): null

2022-11-22 16:00:11 - [TEST_STEP][PASSED] - println("spouse req id is : " + response_searchME_spouse): null

2022-11-22 16:00:11 - [TEST_STEP][PASSED] - verifyResponseStatusCode(req_data, 200): Verify response status code successfully

2022-11-22 16:00:11 - [MESSAGE][PASSED] - Verify response status code successfully

2022-11-22 16:00:11 - [TEST_STEP][PASSED] - response = req_data.getResponseText(): null

2022-11-22 16:00:11 - [TEST_STEP][PASSED] - logInfo($response): {"status":"Done","data":{"requestid1":"242086","requestid2":""}}

2022-11-22 16:00:11 - [MESSAGE][INFO] - {"status":"Done","data":{"requestid1":"242086","requestid2":""}}

2022-11-22 16:00:11 - [TEST_STEP][PASSED] - delay(3): Delayed 3 second(s)

2022-11-22 16:00:14 - [MESSAGE][PASSED] - Delayed 3 second(s)

2022-11-22 16:00:14 - [TEST_STEP][PASSED] - scoring = sendRequest(findTestObject("EngineScore", ["response_searchME_kons":response_searchME_kons, "response_searchME_spouse":response_searchME_spouse])): Send request successfully

2022-11-22 16:00:14 - [MESSAGE][INFO] - HAR: D:\DMS\Engine Scoring\Reports\20221122_153620\Exclude KKB - DS\Scoring Individu - Used\20221122_153620\requests\main\507.har

2022-11-22 16:00:14 - [MESSAGE][PASSED] - Send request successfully

2022-11-22 16:00:14 - [TEST_STEP][PASSED] - verifyResponseStatusCode(scoring, 200): Verify response status code successfully

2022-11-22 16:00:14 - [MESSAGE][PASSED] - Verify response status code successfully

2022-11-22 16:00:14 - [TEST_STEP][PASSED] - response2 = scoring.getResponseText(): null

2022-11-22 16:00:14 - [TEST_STEP][PASSED] - markPassed("result service data ke : " + no): result service data ke : 254

2022-11-22 16:00:14 - [MESSAGE][PASSED] - result service data ke : 254

2022-11-22 16:00:14 - [TEST_STEP][PASSED] - logInfo($response2): {"result_konsumen":"Reject","result_pasangan":"","Final_result":"Reject","errorMessage":"","status":"Done"}

2022-11-22 16:00:14 - [MESSAGE][INFO] - {"result_konsumen":"Reject","result_pasangan":"","Final_result":"Reject","errorMessage":"","status":"Done"}

2022-11-22 16:00:14 - [TEST_STEP][PASSED] - verifyElementPropertyValue(scoring, "Final_result", final_result): Verify element property value successfully

2022-11-22 16:00:14 - [MESSAGE][PASSED] - Verify element property value successfully]]></system-out>
         <system-err><![CDATA[]]></system-err>
      </testcase>
      <testcase name="Test Cases/Engine_Scoring/Engine Scoring" time="6.188" classname="Test Cases/Engine_Scoring/Engine Scoring" status="PASSED">
         <system-out><![CDATA[2022-11-22 16:00:15 - [TEST_CASE][PASSED] - Test Cases/Engine_Scoring/Engine Scoring: Test Cases/Engine_Scoring/Engine Scoring

2022-11-22 16:00:16 - [TEST_STEP][PASSED] - markPassed("Variasi data ke : " + no): Variasi data ke : 255

2022-11-22 16:00:16 - [MESSAGE][PASSED] - Variasi data ke : 255

2022-11-22 16:00:16 - [TEST_STEP][PASSED] - req_data = sendRequest(findTestObject("Search_ME", ["MID":MID, "source":source, "ip":ip, "userid":userid, "branch":branch, "tipekons":tipekons, "marital":marital, "penjamin":penjamin, ... ])): Send request successfully

2022-11-22 16:00:18 - [MESSAGE][INFO] - HAR: D:\DMS\Engine Scoring\Reports\20221122_153620\Exclude KKB - DS\Scoring Individu - Used\20221122_153620\requests\main\508.har

2022-11-22 16:00:18 - [MESSAGE][PASSED] - Send request successfully

2022-11-22 16:00:18 - [TEST_STEP][PASSED] - slurper = new groovy.json.JsonSlurper(): null

2022-11-22 16:00:18 - [TEST_STEP][PASSED] - result = slurper.parseText(req_data.getResponseBodyContent()): null

2022-11-22 16:00:18 - [TEST_STEP][PASSED] - reqid_kons = requestid1: null

2022-11-22 16:00:18 - [TEST_STEP][PASSED] - reqid_spouse = requestid2: null

2022-11-22 16:00:18 - [TEST_STEP][PASSED] - println("requestid kons : " + reqid_kons): null

2022-11-22 16:00:18 - [TEST_STEP][PASSED] - response_searchME_kons = reqid_kons: null

2022-11-22 16:00:18 - [TEST_STEP][PASSED] - response_searchME_spouse = reqid_spouse: null

2022-11-22 16:00:18 - [TEST_STEP][PASSED] - println("kons req id is :" + response_searchME_kons): null

2022-11-22 16:00:18 - [TEST_STEP][PASSED] - println("spouse req id is : " + response_searchME_spouse): null

2022-11-22 16:00:18 - [TEST_STEP][PASSED] - verifyResponseStatusCode(req_data, 200): Verify response status code successfully

2022-11-22 16:00:18 - [MESSAGE][PASSED] - Verify response status code successfully

2022-11-22 16:00:18 - [TEST_STEP][PASSED] - response = req_data.getResponseText(): null

2022-11-22 16:00:18 - [TEST_STEP][PASSED] - logInfo($response): {"status":"Done","data":{"requestid1":"242087","requestid2":""}}

2022-11-22 16:00:18 - [MESSAGE][INFO] - {"status":"Done","data":{"requestid1":"242087","requestid2":""}}

2022-11-22 16:00:18 - [TEST_STEP][PASSED] - delay(3): Delayed 3 second(s)

2022-11-22 16:00:21 - [MESSAGE][PASSED] - Delayed 3 second(s)

2022-11-22 16:00:21 - [TEST_STEP][PASSED] - scoring = sendRequest(findTestObject("EngineScore", ["response_searchME_kons":response_searchME_kons, "response_searchME_spouse":response_searchME_spouse])): Send request successfully

2022-11-22 16:00:21 - [MESSAGE][INFO] - HAR: D:\DMS\Engine Scoring\Reports\20221122_153620\Exclude KKB - DS\Scoring Individu - Used\20221122_153620\requests\main\509.har

2022-11-22 16:00:21 - [MESSAGE][PASSED] - Send request successfully

2022-11-22 16:00:21 - [TEST_STEP][PASSED] - verifyResponseStatusCode(scoring, 200): Verify response status code successfully

2022-11-22 16:00:21 - [MESSAGE][PASSED] - Verify response status code successfully

2022-11-22 16:00:21 - [TEST_STEP][PASSED] - response2 = scoring.getResponseText(): null

2022-11-22 16:00:21 - [TEST_STEP][PASSED] - markPassed("result service data ke : " + no): result service data ke : 255

2022-11-22 16:00:21 - [MESSAGE][PASSED] - result service data ke : 255

2022-11-22 16:00:21 - [TEST_STEP][PASSED] - logInfo($response2): {"result_konsumen":"Reject","result_pasangan":"","Final_result":"Reject","errorMessage":"","status":"Done"}

2022-11-22 16:00:21 - [MESSAGE][INFO] - {"result_konsumen":"Reject","result_pasangan":"","Final_result":"Reject","errorMessage":"","status":"Done"}

2022-11-22 16:00:21 - [TEST_STEP][PASSED] - verifyElementPropertyValue(scoring, "Final_result", final_result): Verify element property value successfully

2022-11-22 16:00:21 - [MESSAGE][PASSED] - Verify element property value successfully]]></system-out>
         <system-err><![CDATA[]]></system-err>
      </testcase>
      <testcase name="Test Cases/Engine_Scoring/Engine Scoring" time="6.34" classname="Test Cases/Engine_Scoring/Engine Scoring" status="PASSED">
         <system-out><![CDATA[2022-11-22 16:00:21 - [TEST_CASE][PASSED] - Test Cases/Engine_Scoring/Engine Scoring: Test Cases/Engine_Scoring/Engine Scoring

2022-11-22 16:00:22 - [TEST_STEP][PASSED] - markPassed("Variasi data ke : " + no): Variasi data ke : 256

2022-11-22 16:00:22 - [MESSAGE][PASSED] - Variasi data ke : 256

2022-11-22 16:00:22 - [TEST_STEP][PASSED] - req_data = sendRequest(findTestObject("Search_ME", ["MID":MID, "source":source, "ip":ip, "userid":userid, "branch":branch, "tipekons":tipekons, "marital":marital, "penjamin":penjamin, ... ])): Send request successfully

2022-11-22 16:00:24 - [MESSAGE][INFO] - HAR: D:\DMS\Engine Scoring\Reports\20221122_153620\Exclude KKB - DS\Scoring Individu - Used\20221122_153620\requests\main\510.har

2022-11-22 16:00:24 - [MESSAGE][PASSED] - Send request successfully

2022-11-22 16:00:24 - [TEST_STEP][PASSED] - slurper = new groovy.json.JsonSlurper(): null

2022-11-22 16:00:24 - [TEST_STEP][PASSED] - result = slurper.parseText(req_data.getResponseBodyContent()): null

2022-11-22 16:00:24 - [TEST_STEP][PASSED] - reqid_kons = requestid1: null

2022-11-22 16:00:24 - [TEST_STEP][PASSED] - reqid_spouse = requestid2: null

2022-11-22 16:00:24 - [TEST_STEP][PASSED] - println("requestid kons : " + reqid_kons): null

2022-11-22 16:00:24 - [TEST_STEP][PASSED] - response_searchME_kons = reqid_kons: null

2022-11-22 16:00:24 - [TEST_STEP][PASSED] - response_searchME_spouse = reqid_spouse: null

2022-11-22 16:00:24 - [TEST_STEP][PASSED] - println("kons req id is :" + response_searchME_kons): null

2022-11-22 16:00:24 - [TEST_STEP][PASSED] - println("spouse req id is : " + response_searchME_spouse): null

2022-11-22 16:00:24 - [TEST_STEP][PASSED] - verifyResponseStatusCode(req_data, 200): Verify response status code successfully

2022-11-22 16:00:24 - [MESSAGE][PASSED] - Verify response status code successfully

2022-11-22 16:00:24 - [TEST_STEP][PASSED] - response = req_data.getResponseText(): null

2022-11-22 16:00:24 - [TEST_STEP][PASSED] - logInfo($response): {"status":"Done","data":{"requestid1":"242088","requestid2":""}}

2022-11-22 16:00:24 - [MESSAGE][INFO] - {"status":"Done","data":{"requestid1":"242088","requestid2":""}}

2022-11-22 16:00:24 - [TEST_STEP][PASSED] - delay(3): Delayed 3 second(s)

2022-11-22 16:00:27 - [MESSAGE][PASSED] - Delayed 3 second(s)

2022-11-22 16:00:27 - [TEST_STEP][PASSED] - scoring = sendRequest(findTestObject("EngineScore", ["response_searchME_kons":response_searchME_kons, "response_searchME_spouse":response_searchME_spouse])): Send request successfully

2022-11-22 16:00:27 - [MESSAGE][INFO] - HAR: D:\DMS\Engine Scoring\Reports\20221122_153620\Exclude KKB - DS\Scoring Individu - Used\20221122_153620\requests\main\511.har

2022-11-22 16:00:27 - [MESSAGE][PASSED] - Send request successfully

2022-11-22 16:00:27 - [TEST_STEP][PASSED] - verifyResponseStatusCode(scoring, 200): Verify response status code successfully

2022-11-22 16:00:27 - [MESSAGE][PASSED] - Verify response status code successfully

2022-11-22 16:00:27 - [TEST_STEP][PASSED] - response2 = scoring.getResponseText(): null

2022-11-22 16:00:27 - [TEST_STEP][PASSED] - markPassed("result service data ke : " + no): result service data ke : 256

2022-11-22 16:00:27 - [MESSAGE][PASSED] - result service data ke : 256

2022-11-22 16:00:27 - [TEST_STEP][PASSED] - logInfo($response2): {"result_konsumen":"Reject","result_pasangan":"","Final_result":"Reject","errorMessage":"","status":"Done"}

2022-11-22 16:00:27 - [MESSAGE][INFO] - {"result_konsumen":"Reject","result_pasangan":"","Final_result":"Reject","errorMessage":"","status":"Done"}

2022-11-22 16:00:27 - [TEST_STEP][PASSED] - verifyElementPropertyValue(scoring, "Final_result", final_result): Verify element property value successfully

2022-11-22 16:00:27 - [MESSAGE][PASSED] - Verify element property value successfully]]></system-out>
         <system-err><![CDATA[]]></system-err>
      </testcase>
      <testcase name="Test Cases/Engine_Scoring/Engine Scoring" time="6.095" classname="Test Cases/Engine_Scoring/Engine Scoring" status="PASSED">
         <system-out><![CDATA[2022-11-22 16:00:27 - [TEST_CASE][PASSED] - Test Cases/Engine_Scoring/Engine Scoring: Test Cases/Engine_Scoring/Engine Scoring

2022-11-22 16:00:29 - [TEST_STEP][PASSED] - markPassed("Variasi data ke : " + no): Variasi data ke : 257

2022-11-22 16:00:29 - [MESSAGE][PASSED] - Variasi data ke : 257

2022-11-22 16:00:29 - [TEST_STEP][PASSED] - req_data = sendRequest(findTestObject("Search_ME", ["MID":MID, "source":source, "ip":ip, "userid":userid, "branch":branch, "tipekons":tipekons, "marital":marital, "penjamin":penjamin, ... ])): Send request successfully

2022-11-22 16:00:30 - [MESSAGE][INFO] - HAR: D:\DMS\Engine Scoring\Reports\20221122_153620\Exclude KKB - DS\Scoring Individu - Used\20221122_153620\requests\main\512.har

2022-11-22 16:00:30 - [MESSAGE][PASSED] - Send request successfully

2022-11-22 16:00:30 - [TEST_STEP][PASSED] - slurper = new groovy.json.JsonSlurper(): null

2022-11-22 16:00:30 - [TEST_STEP][PASSED] - result = slurper.parseText(req_data.getResponseBodyContent()): null

2022-11-22 16:00:30 - [TEST_STEP][PASSED] - reqid_kons = requestid1: null

2022-11-22 16:00:30 - [TEST_STEP][PASSED] - reqid_spouse = requestid2: null

2022-11-22 16:00:30 - [TEST_STEP][PASSED] - println("requestid kons : " + reqid_kons): null

2022-11-22 16:00:30 - [TEST_STEP][PASSED] - response_searchME_kons = reqid_kons: null

2022-11-22 16:00:30 - [TEST_STEP][PASSED] - response_searchME_spouse = reqid_spouse: null

2022-11-22 16:00:30 - [TEST_STEP][PASSED] - println("kons req id is :" + response_searchME_kons): null

2022-11-22 16:00:30 - [TEST_STEP][PASSED] - println("spouse req id is : " + response_searchME_spouse): null

2022-11-22 16:00:30 - [TEST_STEP][PASSED] - verifyResponseStatusCode(req_data, 200): Verify response status code successfully

2022-11-22 16:00:30 - [MESSAGE][PASSED] - Verify response status code successfully

2022-11-22 16:00:30 - [TEST_STEP][PASSED] - response = req_data.getResponseText(): null

2022-11-22 16:00:30 - [TEST_STEP][PASSED] - logInfo($response): {"status":"Done","data":{"requestid1":"242089","requestid2":""}}

2022-11-22 16:00:30 - [MESSAGE][INFO] - {"status":"Done","data":{"requestid1":"242089","requestid2":""}}

2022-11-22 16:00:30 - [TEST_STEP][PASSED] - delay(3): Delayed 3 second(s)

2022-11-22 16:00:33 - [MESSAGE][PASSED] - Delayed 3 second(s)

2022-11-22 16:00:33 - [TEST_STEP][PASSED] - scoring = sendRequest(findTestObject("EngineScore", ["response_searchME_kons":response_searchME_kons, "response_searchME_spouse":response_searchME_spouse])): Send request successfully

2022-11-22 16:00:33 - [MESSAGE][INFO] - HAR: D:\DMS\Engine Scoring\Reports\20221122_153620\Exclude KKB - DS\Scoring Individu - Used\20221122_153620\requests\main\513.har

2022-11-22 16:00:33 - [MESSAGE][PASSED] - Send request successfully

2022-11-22 16:00:33 - [TEST_STEP][PASSED] - verifyResponseStatusCode(scoring, 200): Verify response status code successfully

2022-11-22 16:00:33 - [MESSAGE][PASSED] - Verify response status code successfully

2022-11-22 16:00:33 - [TEST_STEP][PASSED] - response2 = scoring.getResponseText(): null

2022-11-22 16:00:33 - [TEST_STEP][PASSED] - markPassed("result service data ke : " + no): result service data ke : 257

2022-11-22 16:00:33 - [MESSAGE][PASSED] - result service data ke : 257

2022-11-22 16:00:33 - [TEST_STEP][PASSED] - logInfo($response2): {"result_konsumen":"Reject","result_pasangan":"","Final_result":"Reject","errorMessage":"","status":"Done"}

2022-11-22 16:00:33 - [MESSAGE][INFO] - {"result_konsumen":"Reject","result_pasangan":"","Final_result":"Reject","errorMessage":"","status":"Done"}

2022-11-22 16:00:33 - [TEST_STEP][PASSED] - verifyElementPropertyValue(scoring, "Final_result", final_result): Verify element property value successfully

2022-11-22 16:00:33 - [MESSAGE][PASSED] - Verify element property value successfully]]></system-out>
         <system-err><![CDATA[]]></system-err>
      </testcase>
      <testcase name="Test Cases/Engine_Scoring/Engine Scoring" time="6.104" classname="Test Cases/Engine_Scoring/Engine Scoring" status="PASSED">
         <system-out><![CDATA[2022-11-22 16:00:33 - [TEST_CASE][PASSED] - Test Cases/Engine_Scoring/Engine Scoring: Test Cases/Engine_Scoring/Engine Scoring

2022-11-22 16:00:35 - [TEST_STEP][PASSED] - markPassed("Variasi data ke : " + no): Variasi data ke : 258

2022-11-22 16:00:35 - [MESSAGE][PASSED] - Variasi data ke : 258

2022-11-22 16:00:35 - [TEST_STEP][PASSED] - req_data = sendRequest(findTestObject("Search_ME", ["MID":MID, "source":source, "ip":ip, "userid":userid, "branch":branch, "tipekons":tipekons, "marital":marital, "penjamin":penjamin, ... ])): Send request successfully

2022-11-22 16:00:36 - [MESSAGE][INFO] - HAR: D:\DMS\Engine Scoring\Reports\20221122_153620\Exclude KKB - DS\Scoring Individu - Used\20221122_153620\requests\main\514.har

2022-11-22 16:00:36 - [MESSAGE][PASSED] - Send request successfully

2022-11-22 16:00:36 - [TEST_STEP][PASSED] - slurper = new groovy.json.JsonSlurper(): null

2022-11-22 16:00:36 - [TEST_STEP][PASSED] - result = slurper.parseText(req_data.getResponseBodyContent()): null

2022-11-22 16:00:36 - [TEST_STEP][PASSED] - reqid_kons = requestid1: null

2022-11-22 16:00:36 - [TEST_STEP][PASSED] - reqid_spouse = requestid2: null

2022-11-22 16:00:36 - [TEST_STEP][PASSED] - println("requestid kons : " + reqid_kons): null

2022-11-22 16:00:36 - [TEST_STEP][PASSED] - response_searchME_kons = reqid_kons: null

2022-11-22 16:00:36 - [TEST_STEP][PASSED] - response_searchME_spouse = reqid_spouse: null

2022-11-22 16:00:36 - [TEST_STEP][PASSED] - println("kons req id is :" + response_searchME_kons): null

2022-11-22 16:00:36 - [TEST_STEP][PASSED] - println("spouse req id is : " + response_searchME_spouse): null

2022-11-22 16:00:36 - [TEST_STEP][PASSED] - verifyResponseStatusCode(req_data, 200): Verify response status code successfully

2022-11-22 16:00:36 - [MESSAGE][PASSED] - Verify response status code successfully

2022-11-22 16:00:36 - [TEST_STEP][PASSED] - response = req_data.getResponseText(): null

2022-11-22 16:00:36 - [TEST_STEP][PASSED] - logInfo($response): {"status":"Done","data":{"requestid1":"242090","requestid2":""}}

2022-11-22 16:00:36 - [MESSAGE][INFO] - {"status":"Done","data":{"requestid1":"242090","requestid2":""}}

2022-11-22 16:00:36 - [TEST_STEP][PASSED] - delay(3): Delayed 3 second(s)

2022-11-22 16:00:39 - [MESSAGE][PASSED] - Delayed 3 second(s)

2022-11-22 16:00:39 - [TEST_STEP][PASSED] - scoring = sendRequest(findTestObject("EngineScore", ["response_searchME_kons":response_searchME_kons, "response_searchME_spouse":response_searchME_spouse])): Send request successfully

2022-11-22 16:00:39 - [MESSAGE][INFO] - HAR: D:\DMS\Engine Scoring\Reports\20221122_153620\Exclude KKB - DS\Scoring Individu - Used\20221122_153620\requests\main\515.har

2022-11-22 16:00:40 - [MESSAGE][PASSED] - Send request successfully

2022-11-22 16:00:40 - [TEST_STEP][PASSED] - verifyResponseStatusCode(scoring, 200): Verify response status code successfully

2022-11-22 16:00:40 - [MESSAGE][PASSED] - Verify response status code successfully

2022-11-22 16:00:40 - [TEST_STEP][PASSED] - response2 = scoring.getResponseText(): null

2022-11-22 16:00:40 - [TEST_STEP][PASSED] - markPassed("result service data ke : " + no): result service data ke : 258

2022-11-22 16:00:40 - [MESSAGE][PASSED] - result service data ke : 258

2022-11-22 16:00:40 - [TEST_STEP][PASSED] - logInfo($response2): {"result_konsumen":"Reject","result_pasangan":"","Final_result":"Reject","errorMessage":"","status":"Done"}

2022-11-22 16:00:40 - [MESSAGE][INFO] - {"result_konsumen":"Reject","result_pasangan":"","Final_result":"Reject","errorMessage":"","status":"Done"}

2022-11-22 16:00:40 - [TEST_STEP][PASSED] - verifyElementPropertyValue(scoring, "Final_result", final_result): Verify element property value successfully

2022-11-22 16:00:40 - [MESSAGE][PASSED] - Verify element property value successfully]]></system-out>
         <system-err><![CDATA[]]></system-err>
      </testcase>
      <testcase name="Test Cases/Engine_Scoring/Engine Scoring" time="6.273" classname="Test Cases/Engine_Scoring/Engine Scoring" status="PASSED">
         <system-out><![CDATA[2022-11-22 16:00:40 - [TEST_CASE][PASSED] - Test Cases/Engine_Scoring/Engine Scoring: Test Cases/Engine_Scoring/Engine Scoring

2022-11-22 16:00:42 - [TEST_STEP][PASSED] - markPassed("Variasi data ke : " + no): Variasi data ke : 259

2022-11-22 16:00:42 - [MESSAGE][PASSED] - Variasi data ke : 259

2022-11-22 16:00:42 - [TEST_STEP][PASSED] - req_data = sendRequest(findTestObject("Search_ME", ["MID":MID, "source":source, "ip":ip, "userid":userid, "branch":branch, "tipekons":tipekons, "marital":marital, "penjamin":penjamin, ... ])): Send request successfully

2022-11-22 16:00:43 - [MESSAGE][INFO] - HAR: D:\DMS\Engine Scoring\Reports\20221122_153620\Exclude KKB - DS\Scoring Individu - Used\20221122_153620\requests\main\516.har

2022-11-22 16:00:43 - [MESSAGE][PASSED] - Send request successfully

2022-11-22 16:00:43 - [TEST_STEP][PASSED] - slurper = new groovy.json.JsonSlurper(): null

2022-11-22 16:00:43 - [TEST_STEP][PASSED] - result = slurper.parseText(req_data.getResponseBodyContent()): null

2022-11-22 16:00:43 - [TEST_STEP][PASSED] - reqid_kons = requestid1: null

2022-11-22 16:00:43 - [TEST_STEP][PASSED] - reqid_spouse = requestid2: null

2022-11-22 16:00:43 - [TEST_STEP][PASSED] - println("requestid kons : " + reqid_kons): null

2022-11-22 16:00:43 - [TEST_STEP][PASSED] - response_searchME_kons = reqid_kons: null

2022-11-22 16:00:43 - [TEST_STEP][PASSED] - response_searchME_spouse = reqid_spouse: null

2022-11-22 16:00:43 - [TEST_STEP][PASSED] - println("kons req id is :" + response_searchME_kons): null

2022-11-22 16:00:43 - [TEST_STEP][PASSED] - println("spouse req id is : " + response_searchME_spouse): null

2022-11-22 16:00:43 - [TEST_STEP][PASSED] - verifyResponseStatusCode(req_data, 200): Verify response status code successfully

2022-11-22 16:00:43 - [MESSAGE][PASSED] - Verify response status code successfully

2022-11-22 16:00:43 - [TEST_STEP][PASSED] - response = req_data.getResponseText(): null

2022-11-22 16:00:43 - [TEST_STEP][PASSED] - logInfo($response): {"status":"Done","data":{"requestid1":"242091","requestid2":""}}

2022-11-22 16:00:43 - [MESSAGE][INFO] - {"status":"Done","data":{"requestid1":"242091","requestid2":""}}

2022-11-22 16:00:43 - [TEST_STEP][PASSED] - delay(3): Delayed 3 second(s)

2022-11-22 16:00:46 - [MESSAGE][PASSED] - Delayed 3 second(s)

2022-11-22 16:00:46 - [TEST_STEP][PASSED] - scoring = sendRequest(findTestObject("EngineScore", ["response_searchME_kons":response_searchME_kons, "response_searchME_spouse":response_searchME_spouse])): Send request successfully

2022-11-22 16:00:46 - [MESSAGE][INFO] - HAR: D:\DMS\Engine Scoring\Reports\20221122_153620\Exclude KKB - DS\Scoring Individu - Used\20221122_153620\requests\main\517.har

2022-11-22 16:00:46 - [MESSAGE][PASSED] - Send request successfully

2022-11-22 16:00:46 - [TEST_STEP][PASSED] - verifyResponseStatusCode(scoring, 200): Verify response status code successfully

2022-11-22 16:00:46 - [MESSAGE][PASSED] - Verify response status code successfully

2022-11-22 16:00:46 - [TEST_STEP][PASSED] - response2 = scoring.getResponseText(): null

2022-11-22 16:00:46 - [TEST_STEP][PASSED] - markPassed("result service data ke : " + no): result service data ke : 259

2022-11-22 16:00:46 - [MESSAGE][PASSED] - result service data ke : 259

2022-11-22 16:00:46 - [TEST_STEP][PASSED] - logInfo($response2): {"result_konsumen":"Reject","result_pasangan":"","Final_result":"Reject","errorMessage":"","status":"Done"}

2022-11-22 16:00:46 - [MESSAGE][INFO] - {"result_konsumen":"Reject","result_pasangan":"","Final_result":"Reject","errorMessage":"","status":"Done"}

2022-11-22 16:00:46 - [TEST_STEP][PASSED] - verifyElementPropertyValue(scoring, "Final_result", final_result): Verify element property value successfully

2022-11-22 16:00:46 - [MESSAGE][PASSED] - Verify element property value successfully]]></system-out>
         <system-err><![CDATA[]]></system-err>
      </testcase>
      <testcase name="Test Cases/Engine_Scoring/Engine Scoring" time="6.056" classname="Test Cases/Engine_Scoring/Engine Scoring" status="PASSED">
         <system-out><![CDATA[2022-11-22 16:00:46 - [TEST_CASE][PASSED] - Test Cases/Engine_Scoring/Engine Scoring: Test Cases/Engine_Scoring/Engine Scoring

2022-11-22 16:00:48 - [TEST_STEP][PASSED] - markPassed("Variasi data ke : " + no): Variasi data ke : 260

2022-11-22 16:00:48 - [MESSAGE][PASSED] - Variasi data ke : 260

2022-11-22 16:00:48 - [TEST_STEP][PASSED] - req_data = sendRequest(findTestObject("Search_ME", ["MID":MID, "source":source, "ip":ip, "userid":userid, "branch":branch, "tipekons":tipekons, "marital":marital, "penjamin":penjamin, ... ])): Send request successfully

2022-11-22 16:00:49 - [MESSAGE][INFO] - HAR: D:\DMS\Engine Scoring\Reports\20221122_153620\Exclude KKB - DS\Scoring Individu - Used\20221122_153620\requests\main\518.har

2022-11-22 16:00:49 - [MESSAGE][PASSED] - Send request successfully

2022-11-22 16:00:49 - [TEST_STEP][PASSED] - slurper = new groovy.json.JsonSlurper(): null

2022-11-22 16:00:49 - [TEST_STEP][PASSED] - result = slurper.parseText(req_data.getResponseBodyContent()): null

2022-11-22 16:00:49 - [TEST_STEP][PASSED] - reqid_kons = requestid1: null

2022-11-22 16:00:49 - [TEST_STEP][PASSED] - reqid_spouse = requestid2: null

2022-11-22 16:00:49 - [TEST_STEP][PASSED] - println("requestid kons : " + reqid_kons): null

2022-11-22 16:00:49 - [TEST_STEP][PASSED] - response_searchME_kons = reqid_kons: null

2022-11-22 16:00:49 - [TEST_STEP][PASSED] - response_searchME_spouse = reqid_spouse: null

2022-11-22 16:00:49 - [TEST_STEP][PASSED] - println("kons req id is :" + response_searchME_kons): null

2022-11-22 16:00:49 - [TEST_STEP][PASSED] - println("spouse req id is : " + response_searchME_spouse): null

2022-11-22 16:00:49 - [TEST_STEP][PASSED] - verifyResponseStatusCode(req_data, 200): Verify response status code successfully

2022-11-22 16:00:49 - [MESSAGE][PASSED] - Verify response status code successfully

2022-11-22 16:00:49 - [TEST_STEP][PASSED] - response = req_data.getResponseText(): null

2022-11-22 16:00:49 - [TEST_STEP][PASSED] - logInfo($response): {"status":"Done","data":{"requestid1":"242092","requestid2":""}}

2022-11-22 16:00:49 - [MESSAGE][INFO] - {"status":"Done","data":{"requestid1":"242092","requestid2":""}}

2022-11-22 16:00:49 - [TEST_STEP][PASSED] - delay(3): Delayed 3 second(s)

2022-11-22 16:00:52 - [MESSAGE][PASSED] - Delayed 3 second(s)

2022-11-22 16:00:52 - [TEST_STEP][PASSED] - scoring = sendRequest(findTestObject("EngineScore", ["response_searchME_kons":response_searchME_kons, "response_searchME_spouse":response_searchME_spouse])): Send request successfully

2022-11-22 16:00:52 - [MESSAGE][INFO] - HAR: D:\DMS\Engine Scoring\Reports\20221122_153620\Exclude KKB - DS\Scoring Individu - Used\20221122_153620\requests\main\519.har

2022-11-22 16:00:52 - [MESSAGE][PASSED] - Send request successfully

2022-11-22 16:00:52 - [TEST_STEP][PASSED] - verifyResponseStatusCode(scoring, 200): Verify response status code successfully

2022-11-22 16:00:52 - [MESSAGE][PASSED] - Verify response status code successfully

2022-11-22 16:00:52 - [TEST_STEP][PASSED] - response2 = scoring.getResponseText(): null

2022-11-22 16:00:52 - [TEST_STEP][PASSED] - markPassed("result service data ke : " + no): result service data ke : 260

2022-11-22 16:00:52 - [MESSAGE][PASSED] - result service data ke : 260

2022-11-22 16:00:52 - [TEST_STEP][PASSED] - logInfo($response2): {"result_konsumen":"Reject","result_pasangan":"","Final_result":"Reject","errorMessage":"","status":"Done"}

2022-11-22 16:00:52 - [MESSAGE][INFO] - {"result_konsumen":"Reject","result_pasangan":"","Final_result":"Reject","errorMessage":"","status":"Done"}

2022-11-22 16:00:52 - [TEST_STEP][PASSED] - verifyElementPropertyValue(scoring, "Final_result", final_result): Verify element property value successfully

2022-11-22 16:00:52 - [MESSAGE][PASSED] - Verify element property value successfully]]></system-out>
         <system-err><![CDATA[]]></system-err>
      </testcase>
      <testcase name="Test Cases/Engine_Scoring/Engine Scoring" time="6.18" classname="Test Cases/Engine_Scoring/Engine Scoring" status="PASSED">
         <system-out><![CDATA[2022-11-22 16:00:52 - [TEST_CASE][PASSED] - Test Cases/Engine_Scoring/Engine Scoring: Test Cases/Engine_Scoring/Engine Scoring

2022-11-22 16:00:54 - [TEST_STEP][PASSED] - markPassed("Variasi data ke : " + no): Variasi data ke : 261

2022-11-22 16:00:54 - [MESSAGE][PASSED] - Variasi data ke : 261

2022-11-22 16:00:54 - [TEST_STEP][PASSED] - req_data = sendRequest(findTestObject("Search_ME", ["MID":MID, "source":source, "ip":ip, "userid":userid, "branch":branch, "tipekons":tipekons, "marital":marital, "penjamin":penjamin, ... ])): Send request successfully

2022-11-22 16:00:55 - [MESSAGE][INFO] - HAR: D:\DMS\Engine Scoring\Reports\20221122_153620\Exclude KKB - DS\Scoring Individu - Used\20221122_153620\requests\main\520.har

2022-11-22 16:00:55 - [MESSAGE][PASSED] - Send request successfully

2022-11-22 16:00:55 - [TEST_STEP][PASSED] - slurper = new groovy.json.JsonSlurper(): null

2022-11-22 16:00:55 - [TEST_STEP][PASSED] - result = slurper.parseText(req_data.getResponseBodyContent()): null

2022-11-22 16:00:55 - [TEST_STEP][PASSED] - reqid_kons = requestid1: null

2022-11-22 16:00:55 - [TEST_STEP][PASSED] - reqid_spouse = requestid2: null

2022-11-22 16:00:55 - [TEST_STEP][PASSED] - println("requestid kons : " + reqid_kons): null

2022-11-22 16:00:55 - [TEST_STEP][PASSED] - response_searchME_kons = reqid_kons: null

2022-11-22 16:00:55 - [TEST_STEP][PASSED] - response_searchME_spouse = reqid_spouse: null

2022-11-22 16:00:55 - [TEST_STEP][PASSED] - println("kons req id is :" + response_searchME_kons): null

2022-11-22 16:00:55 - [TEST_STEP][PASSED] - println("spouse req id is : " + response_searchME_spouse): null

2022-11-22 16:00:55 - [TEST_STEP][PASSED] - verifyResponseStatusCode(req_data, 200): Verify response status code successfully

2022-11-22 16:00:55 - [MESSAGE][PASSED] - Verify response status code successfully

2022-11-22 16:00:55 - [TEST_STEP][PASSED] - response = req_data.getResponseText(): null

2022-11-22 16:00:55 - [TEST_STEP][PASSED] - logInfo($response): {"status":"Done","data":{"requestid1":"242093","requestid2":""}}

2022-11-22 16:00:55 - [MESSAGE][INFO] - {"status":"Done","data":{"requestid1":"242093","requestid2":""}}

2022-11-22 16:00:55 - [TEST_STEP][PASSED] - delay(3): Delayed 3 second(s)

2022-11-22 16:00:58 - [MESSAGE][PASSED] - Delayed 3 second(s)

2022-11-22 16:00:58 - [TEST_STEP][PASSED] - scoring = sendRequest(findTestObject("EngineScore", ["response_searchME_kons":response_searchME_kons, "response_searchME_spouse":response_searchME_spouse])): Send request successfully

2022-11-22 16:00:59 - [MESSAGE][INFO] - HAR: D:\DMS\Engine Scoring\Reports\20221122_153620\Exclude KKB - DS\Scoring Individu - Used\20221122_153620\requests\main\521.har

2022-11-22 16:00:59 - [MESSAGE][PASSED] - Send request successfully

2022-11-22 16:00:59 - [TEST_STEP][PASSED] - verifyResponseStatusCode(scoring, 200): Verify response status code successfully

2022-11-22 16:00:59 - [MESSAGE][PASSED] - Verify response status code successfully

2022-11-22 16:00:59 - [TEST_STEP][PASSED] - response2 = scoring.getResponseText(): null

2022-11-22 16:00:59 - [TEST_STEP][PASSED] - markPassed("result service data ke : " + no): result service data ke : 261

2022-11-22 16:00:59 - [MESSAGE][PASSED] - result service data ke : 261

2022-11-22 16:00:59 - [TEST_STEP][PASSED] - logInfo($response2): {"result_konsumen":"Reject","result_pasangan":"","Final_result":"Reject","errorMessage":"","status":"Done"}

2022-11-22 16:00:59 - [MESSAGE][INFO] - {"result_konsumen":"Reject","result_pasangan":"","Final_result":"Reject","errorMessage":"","status":"Done"}

2022-11-22 16:00:59 - [TEST_STEP][PASSED] - verifyElementPropertyValue(scoring, "Final_result", final_result): Verify element property value successfully

2022-11-22 16:00:59 - [MESSAGE][PASSED] - Verify element property value successfully]]></system-out>
         <system-err><![CDATA[]]></system-err>
      </testcase>
      <testcase name="Test Cases/Engine_Scoring/Engine Scoring" time="6.302" classname="Test Cases/Engine_Scoring/Engine Scoring" status="PASSED">
         <system-out><![CDATA[2022-11-22 16:00:59 - [TEST_CASE][PASSED] - Test Cases/Engine_Scoring/Engine Scoring: Test Cases/Engine_Scoring/Engine Scoring

2022-11-22 16:01:00 - [TEST_STEP][PASSED] - markPassed("Variasi data ke : " + no): Variasi data ke : 262

2022-11-22 16:01:00 - [MESSAGE][PASSED] - Variasi data ke : 262

2022-11-22 16:01:00 - [TEST_STEP][PASSED] - req_data = sendRequest(findTestObject("Search_ME", ["MID":MID, "source":source, "ip":ip, "userid":userid, "branch":branch, "tipekons":tipekons, "marital":marital, "penjamin":penjamin, ... ])): Send request successfully

2022-11-22 16:01:02 - [MESSAGE][INFO] - HAR: D:\DMS\Engine Scoring\Reports\20221122_153620\Exclude KKB - DS\Scoring Individu - Used\20221122_153620\requests\main\522.har

2022-11-22 16:01:02 - [MESSAGE][PASSED] - Send request successfully

2022-11-22 16:01:02 - [TEST_STEP][PASSED] - slurper = new groovy.json.JsonSlurper(): null

2022-11-22 16:01:02 - [TEST_STEP][PASSED] - result = slurper.parseText(req_data.getResponseBodyContent()): null

2022-11-22 16:01:02 - [TEST_STEP][PASSED] - reqid_kons = requestid1: null

2022-11-22 16:01:02 - [TEST_STEP][PASSED] - reqid_spouse = requestid2: null

2022-11-22 16:01:02 - [TEST_STEP][PASSED] - println("requestid kons : " + reqid_kons): null

2022-11-22 16:01:02 - [TEST_STEP][PASSED] - response_searchME_kons = reqid_kons: null

2022-11-22 16:01:02 - [TEST_STEP][PASSED] - response_searchME_spouse = reqid_spouse: null

2022-11-22 16:01:02 - [TEST_STEP][PASSED] - println("kons req id is :" + response_searchME_kons): null

2022-11-22 16:01:02 - [TEST_STEP][PASSED] - println("spouse req id is : " + response_searchME_spouse): null

2022-11-22 16:01:02 - [TEST_STEP][PASSED] - verifyResponseStatusCode(req_data, 200): Verify response status code successfully

2022-11-22 16:01:02 - [MESSAGE][PASSED] - Verify response status code successfully

2022-11-22 16:01:02 - [TEST_STEP][PASSED] - response = req_data.getResponseText(): null

2022-11-22 16:01:02 - [TEST_STEP][PASSED] - logInfo($response): {"status":"Done","data":{"requestid1":"242094","requestid2":""}}

2022-11-22 16:01:02 - [MESSAGE][INFO] - {"status":"Done","data":{"requestid1":"242094","requestid2":""}}

2022-11-22 16:01:02 - [TEST_STEP][PASSED] - delay(3): Delayed 3 second(s)

2022-11-22 16:01:05 - [MESSAGE][PASSED] - Delayed 3 second(s)

2022-11-22 16:01:05 - [TEST_STEP][PASSED] - scoring = sendRequest(findTestObject("EngineScore", ["response_searchME_kons":response_searchME_kons, "response_searchME_spouse":response_searchME_spouse])): Send request successfully

2022-11-22 16:01:05 - [MESSAGE][INFO] - HAR: D:\DMS\Engine Scoring\Reports\20221122_153620\Exclude KKB - DS\Scoring Individu - Used\20221122_153620\requests\main\523.har

2022-11-22 16:01:05 - [MESSAGE][PASSED] - Send request successfully

2022-11-22 16:01:05 - [TEST_STEP][PASSED] - verifyResponseStatusCode(scoring, 200): Verify response status code successfully

2022-11-22 16:01:05 - [MESSAGE][PASSED] - Verify response status code successfully

2022-11-22 16:01:05 - [TEST_STEP][PASSED] - response2 = scoring.getResponseText(): null

2022-11-22 16:01:05 - [TEST_STEP][PASSED] - markPassed("result service data ke : " + no): result service data ke : 262

2022-11-22 16:01:05 - [MESSAGE][PASSED] - result service data ke : 262

2022-11-22 16:01:05 - [TEST_STEP][PASSED] - logInfo($response2): {"result_konsumen":"Reject","result_pasangan":"","Final_result":"Reject","errorMessage":"","status":"Done"}

2022-11-22 16:01:05 - [MESSAGE][INFO] - {"result_konsumen":"Reject","result_pasangan":"","Final_result":"Reject","errorMessage":"","status":"Done"}

2022-11-22 16:01:05 - [TEST_STEP][PASSED] - verifyElementPropertyValue(scoring, "Final_result", final_result): Verify element property value successfully

2022-11-22 16:01:05 - [MESSAGE][PASSED] - Verify element property value successfully]]></system-out>
         <system-err><![CDATA[]]></system-err>
      </testcase>
      <testcase name="Test Cases/Engine_Scoring/Engine Scoring" time="6.223" classname="Test Cases/Engine_Scoring/Engine Scoring" status="PASSED">
         <system-out><![CDATA[2022-11-22 16:01:05 - [TEST_CASE][PASSED] - Test Cases/Engine_Scoring/Engine Scoring: Test Cases/Engine_Scoring/Engine Scoring

2022-11-22 16:01:06 - [TEST_STEP][PASSED] - markPassed("Variasi data ke : " + no): Variasi data ke : 263

2022-11-22 16:01:06 - [MESSAGE][PASSED] - Variasi data ke : 263

2022-11-22 16:01:06 - [TEST_STEP][PASSED] - req_data = sendRequest(findTestObject("Search_ME", ["MID":MID, "source":source, "ip":ip, "userid":userid, "branch":branch, "tipekons":tipekons, "marital":marital, "penjamin":penjamin, ... ])): Send request successfully

2022-11-22 16:01:08 - [MESSAGE][INFO] - HAR: D:\DMS\Engine Scoring\Reports\20221122_153620\Exclude KKB - DS\Scoring Individu - Used\20221122_153620\requests\main\524.har

2022-11-22 16:01:08 - [MESSAGE][PASSED] - Send request successfully

2022-11-22 16:01:08 - [TEST_STEP][PASSED] - slurper = new groovy.json.JsonSlurper(): null

2022-11-22 16:01:08 - [TEST_STEP][PASSED] - result = slurper.parseText(req_data.getResponseBodyContent()): null

2022-11-22 16:01:08 - [TEST_STEP][PASSED] - reqid_kons = requestid1: null

2022-11-22 16:01:08 - [TEST_STEP][PASSED] - reqid_spouse = requestid2: null

2022-11-22 16:01:08 - [TEST_STEP][PASSED] - println("requestid kons : " + reqid_kons): null

2022-11-22 16:01:08 - [TEST_STEP][PASSED] - response_searchME_kons = reqid_kons: null

2022-11-22 16:01:08 - [TEST_STEP][PASSED] - response_searchME_spouse = reqid_spouse: null

2022-11-22 16:01:08 - [TEST_STEP][PASSED] - println("kons req id is :" + response_searchME_kons): null

2022-11-22 16:01:08 - [TEST_STEP][PASSED] - println("spouse req id is : " + response_searchME_spouse): null

2022-11-22 16:01:08 - [TEST_STEP][PASSED] - verifyResponseStatusCode(req_data, 200): Verify response status code successfully

2022-11-22 16:01:08 - [MESSAGE][PASSED] - Verify response status code successfully

2022-11-22 16:01:08 - [TEST_STEP][PASSED] - response = req_data.getResponseText(): null

2022-11-22 16:01:08 - [TEST_STEP][PASSED] - logInfo($response): {"status":"Done","data":{"requestid1":"242095","requestid2":""}}

2022-11-22 16:01:08 - [MESSAGE][INFO] - {"status":"Done","data":{"requestid1":"242095","requestid2":""}}

2022-11-22 16:01:08 - [TEST_STEP][PASSED] - delay(3): Delayed 3 second(s)

2022-11-22 16:01:11 - [MESSAGE][PASSED] - Delayed 3 second(s)

2022-11-22 16:01:11 - [TEST_STEP][PASSED] - scoring = sendRequest(findTestObject("EngineScore", ["response_searchME_kons":response_searchME_kons, "response_searchME_spouse":response_searchME_spouse])): Send request successfully

2022-11-22 16:01:11 - [MESSAGE][INFO] - HAR: D:\DMS\Engine Scoring\Reports\20221122_153620\Exclude KKB - DS\Scoring Individu - Used\20221122_153620\requests\main\525.har

2022-11-22 16:01:11 - [MESSAGE][PASSED] - Send request successfully

2022-11-22 16:01:11 - [TEST_STEP][PASSED] - verifyResponseStatusCode(scoring, 200): Verify response status code successfully

2022-11-22 16:01:11 - [MESSAGE][PASSED] - Verify response status code successfully

2022-11-22 16:01:11 - [TEST_STEP][PASSED] - response2 = scoring.getResponseText(): null

2022-11-22 16:01:11 - [TEST_STEP][PASSED] - markPassed("result service data ke : " + no): result service data ke : 263

2022-11-22 16:01:11 - [MESSAGE][PASSED] - result service data ke : 263

2022-11-22 16:01:11 - [TEST_STEP][PASSED] - logInfo($response2): {"result_konsumen":"Reject","result_pasangan":"","Final_result":"Reject","errorMessage":"","status":"Done"}

2022-11-22 16:01:11 - [MESSAGE][INFO] - {"result_konsumen":"Reject","result_pasangan":"","Final_result":"Reject","errorMessage":"","status":"Done"}

2022-11-22 16:01:11 - [TEST_STEP][PASSED] - verifyElementPropertyValue(scoring, "Final_result", final_result): Verify element property value successfully

2022-11-22 16:01:11 - [MESSAGE][PASSED] - Verify element property value successfully]]></system-out>
         <system-err><![CDATA[]]></system-err>
      </testcase>
      <testcase name="Test Cases/Engine_Scoring/Engine Scoring" time="6.07" classname="Test Cases/Engine_Scoring/Engine Scoring" status="PASSED">
         <system-out><![CDATA[2022-11-22 16:01:11 - [TEST_CASE][PASSED] - Test Cases/Engine_Scoring/Engine Scoring: Test Cases/Engine_Scoring/Engine Scoring

2022-11-22 16:01:13 - [TEST_STEP][PASSED] - markPassed("Variasi data ke : " + no): Variasi data ke : 264

2022-11-22 16:01:13 - [MESSAGE][PASSED] - Variasi data ke : 264

2022-11-22 16:01:13 - [TEST_STEP][PASSED] - req_data = sendRequest(findTestObject("Search_ME", ["MID":MID, "source":source, "ip":ip, "userid":userid, "branch":branch, "tipekons":tipekons, "marital":marital, "penjamin":penjamin, ... ])): Send request successfully

2022-11-22 16:01:14 - [MESSAGE][INFO] - HAR: D:\DMS\Engine Scoring\Reports\20221122_153620\Exclude KKB - DS\Scoring Individu - Used\20221122_153620\requests\main\526.har

2022-11-22 16:01:14 - [MESSAGE][PASSED] - Send request successfully

2022-11-22 16:01:14 - [TEST_STEP][PASSED] - slurper = new groovy.json.JsonSlurper(): null

2022-11-22 16:01:14 - [TEST_STEP][PASSED] - result = slurper.parseText(req_data.getResponseBodyContent()): null

2022-11-22 16:01:14 - [TEST_STEP][PASSED] - reqid_kons = requestid1: null

2022-11-22 16:01:14 - [TEST_STEP][PASSED] - reqid_spouse = requestid2: null

2022-11-22 16:01:14 - [TEST_STEP][PASSED] - println("requestid kons : " + reqid_kons): null

2022-11-22 16:01:14 - [TEST_STEP][PASSED] - response_searchME_kons = reqid_kons: null

2022-11-22 16:01:14 - [TEST_STEP][PASSED] - response_searchME_spouse = reqid_spouse: null

2022-11-22 16:01:14 - [TEST_STEP][PASSED] - println("kons req id is :" + response_searchME_kons): null

2022-11-22 16:01:14 - [TEST_STEP][PASSED] - println("spouse req id is : " + response_searchME_spouse): null

2022-11-22 16:01:14 - [TEST_STEP][PASSED] - verifyResponseStatusCode(req_data, 200): Verify response status code successfully

2022-11-22 16:01:14 - [MESSAGE][PASSED] - Verify response status code successfully

2022-11-22 16:01:14 - [TEST_STEP][PASSED] - response = req_data.getResponseText(): null

2022-11-22 16:01:14 - [TEST_STEP][PASSED] - logInfo($response): {"status":"Done","data":{"requestid1":"242096","requestid2":""}}

2022-11-22 16:01:14 - [MESSAGE][INFO] - {"status":"Done","data":{"requestid1":"242096","requestid2":""}}

2022-11-22 16:01:14 - [TEST_STEP][PASSED] - delay(3): Delayed 3 second(s)

2022-11-22 16:01:17 - [MESSAGE][PASSED] - Delayed 3 second(s)

2022-11-22 16:01:17 - [TEST_STEP][PASSED] - scoring = sendRequest(findTestObject("EngineScore", ["response_searchME_kons":response_searchME_kons, "response_searchME_spouse":response_searchME_spouse])): Send request successfully

2022-11-22 16:01:17 - [MESSAGE][INFO] - HAR: D:\DMS\Engine Scoring\Reports\20221122_153620\Exclude KKB - DS\Scoring Individu - Used\20221122_153620\requests\main\527.har

2022-11-22 16:01:17 - [MESSAGE][PASSED] - Send request successfully

2022-11-22 16:01:17 - [TEST_STEP][PASSED] - verifyResponseStatusCode(scoring, 200): Verify response status code successfully

2022-11-22 16:01:17 - [MESSAGE][PASSED] - Verify response status code successfully

2022-11-22 16:01:17 - [TEST_STEP][PASSED] - response2 = scoring.getResponseText(): null

2022-11-22 16:01:17 - [TEST_STEP][PASSED] - markPassed("result service data ke : " + no): result service data ke : 264

2022-11-22 16:01:17 - [MESSAGE][PASSED] - result service data ke : 264

2022-11-22 16:01:17 - [TEST_STEP][PASSED] - logInfo($response2): {"result_konsumen":"Reject","result_pasangan":"","Final_result":"Reject","errorMessage":"","status":"Done"}

2022-11-22 16:01:17 - [MESSAGE][INFO] - {"result_konsumen":"Reject","result_pasangan":"","Final_result":"Reject","errorMessage":"","status":"Done"}

2022-11-22 16:01:17 - [TEST_STEP][PASSED] - verifyElementPropertyValue(scoring, "Final_result", final_result): Verify element property value successfully

2022-11-22 16:01:17 - [MESSAGE][PASSED] - Verify element property value successfully]]></system-out>
         <system-err><![CDATA[]]></system-err>
      </testcase>
      <testcase name="Test Cases/Engine_Scoring/Engine Scoring" time="6.239" classname="Test Cases/Engine_Scoring/Engine Scoring" status="PASSED">
         <system-out><![CDATA[2022-11-22 16:01:17 - [TEST_CASE][PASSED] - Test Cases/Engine_Scoring/Engine Scoring: Test Cases/Engine_Scoring/Engine Scoring

2022-11-22 16:01:19 - [TEST_STEP][PASSED] - markPassed("Variasi data ke : " + no): Variasi data ke : 265

2022-11-22 16:01:19 - [MESSAGE][PASSED] - Variasi data ke : 265

2022-11-22 16:01:19 - [TEST_STEP][PASSED] - req_data = sendRequest(findTestObject("Search_ME", ["MID":MID, "source":source, "ip":ip, "userid":userid, "branch":branch, "tipekons":tipekons, "marital":marital, "penjamin":penjamin, ... ])): Send request successfully

2022-11-22 16:01:21 - [MESSAGE][INFO] - HAR: D:\DMS\Engine Scoring\Reports\20221122_153620\Exclude KKB - DS\Scoring Individu - Used\20221122_153620\requests\main\528.har

2022-11-22 16:01:21 - [MESSAGE][PASSED] - Send request successfully

2022-11-22 16:01:21 - [TEST_STEP][PASSED] - slurper = new groovy.json.JsonSlurper(): null

2022-11-22 16:01:21 - [TEST_STEP][PASSED] - result = slurper.parseText(req_data.getResponseBodyContent()): null

2022-11-22 16:01:21 - [TEST_STEP][PASSED] - reqid_kons = requestid1: null

2022-11-22 16:01:21 - [TEST_STEP][PASSED] - reqid_spouse = requestid2: null

2022-11-22 16:01:21 - [TEST_STEP][PASSED] - println("requestid kons : " + reqid_kons): null

2022-11-22 16:01:21 - [TEST_STEP][PASSED] - response_searchME_kons = reqid_kons: null

2022-11-22 16:01:21 - [TEST_STEP][PASSED] - response_searchME_spouse = reqid_spouse: null

2022-11-22 16:01:21 - [TEST_STEP][PASSED] - println("kons req id is :" + response_searchME_kons): null

2022-11-22 16:01:21 - [TEST_STEP][PASSED] - println("spouse req id is : " + response_searchME_spouse): null

2022-11-22 16:01:21 - [TEST_STEP][PASSED] - verifyResponseStatusCode(req_data, 200): Verify response status code successfully

2022-11-22 16:01:21 - [MESSAGE][PASSED] - Verify response status code successfully

2022-11-22 16:01:21 - [TEST_STEP][PASSED] - response = req_data.getResponseText(): null

2022-11-22 16:01:21 - [TEST_STEP][PASSED] - logInfo($response): {"status":"Done","data":{"requestid1":"242097","requestid2":""}}

2022-11-22 16:01:21 - [MESSAGE][INFO] - {"status":"Done","data":{"requestid1":"242097","requestid2":""}}

2022-11-22 16:01:21 - [TEST_STEP][PASSED] - delay(3): Delayed 3 second(s)

2022-11-22 16:01:24 - [MESSAGE][PASSED] - Delayed 3 second(s)

2022-11-22 16:01:24 - [TEST_STEP][PASSED] - scoring = sendRequest(findTestObject("EngineScore", ["response_searchME_kons":response_searchME_kons, "response_searchME_spouse":response_searchME_spouse])): Send request successfully

2022-11-22 16:01:24 - [MESSAGE][INFO] - HAR: D:\DMS\Engine Scoring\Reports\20221122_153620\Exclude KKB - DS\Scoring Individu - Used\20221122_153620\requests\main\529.har

2022-11-22 16:01:24 - [MESSAGE][PASSED] - Send request successfully

2022-11-22 16:01:24 - [TEST_STEP][PASSED] - verifyResponseStatusCode(scoring, 200): Verify response status code successfully

2022-11-22 16:01:24 - [MESSAGE][PASSED] - Verify response status code successfully

2022-11-22 16:01:24 - [TEST_STEP][PASSED] - response2 = scoring.getResponseText(): null

2022-11-22 16:01:24 - [TEST_STEP][PASSED] - markPassed("result service data ke : " + no): result service data ke : 265

2022-11-22 16:01:24 - [MESSAGE][PASSED] - result service data ke : 265

2022-11-22 16:01:24 - [TEST_STEP][PASSED] - logInfo($response2): {"result_konsumen":"Reject","result_pasangan":"","Final_result":"Reject","errorMessage":"","status":"Done"}

2022-11-22 16:01:24 - [MESSAGE][INFO] - {"result_konsumen":"Reject","result_pasangan":"","Final_result":"Reject","errorMessage":"","status":"Done"}

2022-11-22 16:01:24 - [TEST_STEP][PASSED] - verifyElementPropertyValue(scoring, "Final_result", final_result): Verify element property value successfully

2022-11-22 16:01:24 - [MESSAGE][PASSED] - Verify element property value successfully]]></system-out>
         <system-err><![CDATA[]]></system-err>
      </testcase>
      <testcase name="Test Cases/Engine_Scoring/Engine Scoring" time="6.25" classname="Test Cases/Engine_Scoring/Engine Scoring" status="PASSED">
         <system-out><![CDATA[2022-11-22 16:01:24 - [TEST_CASE][PASSED] - Test Cases/Engine_Scoring/Engine Scoring: Test Cases/Engine_Scoring/Engine Scoring

2022-11-22 16:01:25 - [TEST_STEP][PASSED] - markPassed("Variasi data ke : " + no): Variasi data ke : 266

2022-11-22 16:01:25 - [MESSAGE][PASSED] - Variasi data ke : 266

2022-11-22 16:01:25 - [TEST_STEP][PASSED] - req_data = sendRequest(findTestObject("Search_ME", ["MID":MID, "source":source, "ip":ip, "userid":userid, "branch":branch, "tipekons":tipekons, "marital":marital, "penjamin":penjamin, ... ])): Send request successfully

2022-11-22 16:01:27 - [MESSAGE][INFO] - HAR: D:\DMS\Engine Scoring\Reports\20221122_153620\Exclude KKB - DS\Scoring Individu - Used\20221122_153620\requests\main\530.har

2022-11-22 16:01:27 - [MESSAGE][PASSED] - Send request successfully

2022-11-22 16:01:27 - [TEST_STEP][PASSED] - slurper = new groovy.json.JsonSlurper(): null

2022-11-22 16:01:27 - [TEST_STEP][PASSED] - result = slurper.parseText(req_data.getResponseBodyContent()): null

2022-11-22 16:01:27 - [TEST_STEP][PASSED] - reqid_kons = requestid1: null

2022-11-22 16:01:27 - [TEST_STEP][PASSED] - reqid_spouse = requestid2: null

2022-11-22 16:01:27 - [TEST_STEP][PASSED] - println("requestid kons : " + reqid_kons): null

2022-11-22 16:01:27 - [TEST_STEP][PASSED] - response_searchME_kons = reqid_kons: null

2022-11-22 16:01:27 - [TEST_STEP][PASSED] - response_searchME_spouse = reqid_spouse: null

2022-11-22 16:01:27 - [TEST_STEP][PASSED] - println("kons req id is :" + response_searchME_kons): null

2022-11-22 16:01:27 - [TEST_STEP][PASSED] - println("spouse req id is : " + response_searchME_spouse): null

2022-11-22 16:01:27 - [TEST_STEP][PASSED] - verifyResponseStatusCode(req_data, 200): Verify response status code successfully

2022-11-22 16:01:27 - [MESSAGE][PASSED] - Verify response status code successfully

2022-11-22 16:01:27 - [TEST_STEP][PASSED] - response = req_data.getResponseText(): null

2022-11-22 16:01:27 - [TEST_STEP][PASSED] - logInfo($response): {"status":"Done","data":{"requestid1":"242098","requestid2":""}}

2022-11-22 16:01:27 - [MESSAGE][INFO] - {"status":"Done","data":{"requestid1":"242098","requestid2":""}}

2022-11-22 16:01:27 - [TEST_STEP][PASSED] - delay(3): Delayed 3 second(s)

2022-11-22 16:01:30 - [MESSAGE][PASSED] - Delayed 3 second(s)

2022-11-22 16:01:30 - [TEST_STEP][PASSED] - scoring = sendRequest(findTestObject("EngineScore", ["response_searchME_kons":response_searchME_kons, "response_searchME_spouse":response_searchME_spouse])): Send request successfully

2022-11-22 16:01:30 - [MESSAGE][INFO] - HAR: D:\DMS\Engine Scoring\Reports\20221122_153620\Exclude KKB - DS\Scoring Individu - Used\20221122_153620\requests\main\531.har

2022-11-22 16:01:30 - [MESSAGE][PASSED] - Send request successfully

2022-11-22 16:01:30 - [TEST_STEP][PASSED] - verifyResponseStatusCode(scoring, 200): Verify response status code successfully

2022-11-22 16:01:30 - [MESSAGE][PASSED] - Verify response status code successfully

2022-11-22 16:01:30 - [TEST_STEP][PASSED] - response2 = scoring.getResponseText(): null

2022-11-22 16:01:30 - [TEST_STEP][PASSED] - markPassed("result service data ke : " + no): result service data ke : 266

2022-11-22 16:01:30 - [MESSAGE][PASSED] - result service data ke : 266

2022-11-22 16:01:30 - [TEST_STEP][PASSED] - logInfo($response2): {"result_konsumen":"Reject","result_pasangan":"","Final_result":"Reject","errorMessage":"","status":"Done"}

2022-11-22 16:01:30 - [MESSAGE][INFO] - {"result_konsumen":"Reject","result_pasangan":"","Final_result":"Reject","errorMessage":"","status":"Done"}

2022-11-22 16:01:30 - [TEST_STEP][PASSED] - verifyElementPropertyValue(scoring, "Final_result", final_result): Verify element property value successfully

2022-11-22 16:01:30 - [MESSAGE][PASSED] - Verify element property value successfully]]></system-out>
         <system-err><![CDATA[]]></system-err>
      </testcase>
      <testcase name="Test Cases/Engine_Scoring/Engine Scoring" time="6.385" classname="Test Cases/Engine_Scoring/Engine Scoring" status="PASSED">
         <system-out><![CDATA[2022-11-22 16:01:30 - [TEST_CASE][PASSED] - Test Cases/Engine_Scoring/Engine Scoring: Test Cases/Engine_Scoring/Engine Scoring

2022-11-22 16:01:32 - [TEST_STEP][PASSED] - markPassed("Variasi data ke : " + no): Variasi data ke : 267

2022-11-22 16:01:32 - [MESSAGE][PASSED] - Variasi data ke : 267

2022-11-22 16:01:32 - [TEST_STEP][PASSED] - req_data = sendRequest(findTestObject("Search_ME", ["MID":MID, "source":source, "ip":ip, "userid":userid, "branch":branch, "tipekons":tipekons, "marital":marital, "penjamin":penjamin, ... ])): Send request successfully

2022-11-22 16:01:33 - [MESSAGE][INFO] - HAR: D:\DMS\Engine Scoring\Reports\20221122_153620\Exclude KKB - DS\Scoring Individu - Used\20221122_153620\requests\main\532.har

2022-11-22 16:01:33 - [MESSAGE][PASSED] - Send request successfully

2022-11-22 16:01:33 - [TEST_STEP][PASSED] - slurper = new groovy.json.JsonSlurper(): null

2022-11-22 16:01:33 - [TEST_STEP][PASSED] - result = slurper.parseText(req_data.getResponseBodyContent()): null

2022-11-22 16:01:33 - [TEST_STEP][PASSED] - reqid_kons = requestid1: null

2022-11-22 16:01:33 - [TEST_STEP][PASSED] - reqid_spouse = requestid2: null

2022-11-22 16:01:33 - [TEST_STEP][PASSED] - println("requestid kons : " + reqid_kons): null

2022-11-22 16:01:33 - [TEST_STEP][PASSED] - response_searchME_kons = reqid_kons: null

2022-11-22 16:01:33 - [TEST_STEP][PASSED] - response_searchME_spouse = reqid_spouse: null

2022-11-22 16:01:33 - [TEST_STEP][PASSED] - println("kons req id is :" + response_searchME_kons): null

2022-11-22 16:01:33 - [TEST_STEP][PASSED] - println("spouse req id is : " + response_searchME_spouse): null

2022-11-22 16:01:33 - [TEST_STEP][PASSED] - verifyResponseStatusCode(req_data, 200): Verify response status code successfully

2022-11-22 16:01:33 - [MESSAGE][PASSED] - Verify response status code successfully

2022-11-22 16:01:33 - [TEST_STEP][PASSED] - response = req_data.getResponseText(): null

2022-11-22 16:01:33 - [TEST_STEP][PASSED] - logInfo($response): {"status":"Done","data":{"requestid1":"242099","requestid2":""}}

2022-11-22 16:01:33 - [MESSAGE][INFO] - {"status":"Done","data":{"requestid1":"242099","requestid2":""}}

2022-11-22 16:01:33 - [TEST_STEP][PASSED] - delay(3): Delayed 3 second(s)

2022-11-22 16:01:36 - [MESSAGE][PASSED] - Delayed 3 second(s)

2022-11-22 16:01:36 - [TEST_STEP][PASSED] - scoring = sendRequest(findTestObject("EngineScore", ["response_searchME_kons":response_searchME_kons, "response_searchME_spouse":response_searchME_spouse])): Send request successfully

2022-11-22 16:01:36 - [MESSAGE][INFO] - HAR: D:\DMS\Engine Scoring\Reports\20221122_153620\Exclude KKB - DS\Scoring Individu - Used\20221122_153620\requests\main\533.har

2022-11-22 16:01:36 - [MESSAGE][PASSED] - Send request successfully

2022-11-22 16:01:36 - [TEST_STEP][PASSED] - verifyResponseStatusCode(scoring, 200): Verify response status code successfully

2022-11-22 16:01:36 - [MESSAGE][PASSED] - Verify response status code successfully

2022-11-22 16:01:36 - [TEST_STEP][PASSED] - response2 = scoring.getResponseText(): null

2022-11-22 16:01:36 - [TEST_STEP][PASSED] - markPassed("result service data ke : " + no): result service data ke : 267

2022-11-22 16:01:36 - [MESSAGE][PASSED] - result service data ke : 267

2022-11-22 16:01:36 - [TEST_STEP][PASSED] - logInfo($response2): {"result_konsumen":"Reject","result_pasangan":"","Final_result":"Reject","errorMessage":"","status":"Done"}

2022-11-22 16:01:36 - [MESSAGE][INFO] - {"result_konsumen":"Reject","result_pasangan":"","Final_result":"Reject","errorMessage":"","status":"Done"}

2022-11-22 16:01:36 - [TEST_STEP][PASSED] - verifyElementPropertyValue(scoring, "Final_result", final_result): Verify element property value successfully

2022-11-22 16:01:37 - [MESSAGE][PASSED] - Verify element property value successfully]]></system-out>
         <system-err><![CDATA[]]></system-err>
      </testcase>
      <testcase name="Test Cases/Engine_Scoring/Engine Scoring" time="6.42" classname="Test Cases/Engine_Scoring/Engine Scoring" status="PASSED">
         <system-out><![CDATA[2022-11-22 16:01:37 - [TEST_CASE][PASSED] - Test Cases/Engine_Scoring/Engine Scoring: Test Cases/Engine_Scoring/Engine Scoring

2022-11-22 16:01:38 - [TEST_STEP][PASSED] - markPassed("Variasi data ke : " + no): Variasi data ke : 268

2022-11-22 16:01:38 - [MESSAGE][PASSED] - Variasi data ke : 268

2022-11-22 16:01:38 - [TEST_STEP][PASSED] - req_data = sendRequest(findTestObject("Search_ME", ["MID":MID, "source":source, "ip":ip, "userid":userid, "branch":branch, "tipekons":tipekons, "marital":marital, "penjamin":penjamin, ... ])): Send request successfully

2022-11-22 16:01:40 - [MESSAGE][INFO] - HAR: D:\DMS\Engine Scoring\Reports\20221122_153620\Exclude KKB - DS\Scoring Individu - Used\20221122_153620\requests\main\534.har

2022-11-22 16:01:40 - [MESSAGE][PASSED] - Send request successfully

2022-11-22 16:01:40 - [TEST_STEP][PASSED] - slurper = new groovy.json.JsonSlurper(): null

2022-11-22 16:01:40 - [TEST_STEP][PASSED] - result = slurper.parseText(req_data.getResponseBodyContent()): null

2022-11-22 16:01:40 - [TEST_STEP][PASSED] - reqid_kons = requestid1: null

2022-11-22 16:01:40 - [TEST_STEP][PASSED] - reqid_spouse = requestid2: null

2022-11-22 16:01:40 - [TEST_STEP][PASSED] - println("requestid kons : " + reqid_kons): null

2022-11-22 16:01:40 - [TEST_STEP][PASSED] - response_searchME_kons = reqid_kons: null

2022-11-22 16:01:40 - [TEST_STEP][PASSED] - response_searchME_spouse = reqid_spouse: null

2022-11-22 16:01:40 - [TEST_STEP][PASSED] - println("kons req id is :" + response_searchME_kons): null

2022-11-22 16:01:40 - [TEST_STEP][PASSED] - println("spouse req id is : " + response_searchME_spouse): null

2022-11-22 16:01:40 - [TEST_STEP][PASSED] - verifyResponseStatusCode(req_data, 200): Verify response status code successfully

2022-11-22 16:01:40 - [MESSAGE][PASSED] - Verify response status code successfully

2022-11-22 16:01:40 - [TEST_STEP][PASSED] - response = req_data.getResponseText(): null

2022-11-22 16:01:40 - [TEST_STEP][PASSED] - logInfo($response): {"status":"Done","data":{"requestid1":"242100","requestid2":""}}

2022-11-22 16:01:40 - [MESSAGE][INFO] - {"status":"Done","data":{"requestid1":"242100","requestid2":""}}

2022-11-22 16:01:40 - [TEST_STEP][PASSED] - delay(3): Delayed 3 second(s)

2022-11-22 16:01:43 - [MESSAGE][PASSED] - Delayed 3 second(s)

2022-11-22 16:01:43 - [TEST_STEP][PASSED] - scoring = sendRequest(findTestObject("EngineScore", ["response_searchME_kons":response_searchME_kons, "response_searchME_spouse":response_searchME_spouse])): Send request successfully

2022-11-22 16:01:43 - [MESSAGE][INFO] - HAR: D:\DMS\Engine Scoring\Reports\20221122_153620\Exclude KKB - DS\Scoring Individu - Used\20221122_153620\requests\main\535.har

2022-11-22 16:01:43 - [MESSAGE][PASSED] - Send request successfully

2022-11-22 16:01:43 - [TEST_STEP][PASSED] - verifyResponseStatusCode(scoring, 200): Verify response status code successfully

2022-11-22 16:01:43 - [MESSAGE][PASSED] - Verify response status code successfully

2022-11-22 16:01:43 - [TEST_STEP][PASSED] - response2 = scoring.getResponseText(): null

2022-11-22 16:01:43 - [TEST_STEP][PASSED] - markPassed("result service data ke : " + no): result service data ke : 268

2022-11-22 16:01:43 - [MESSAGE][PASSED] - result service data ke : 268

2022-11-22 16:01:43 - [TEST_STEP][PASSED] - logInfo($response2): {"result_konsumen":"Reject","result_pasangan":"","Final_result":"Reject","errorMessage":"","status":"Done"}

2022-11-22 16:01:43 - [MESSAGE][INFO] - {"result_konsumen":"Reject","result_pasangan":"","Final_result":"Reject","errorMessage":"","status":"Done"}

2022-11-22 16:01:43 - [TEST_STEP][PASSED] - verifyElementPropertyValue(scoring, "Final_result", final_result): Verify element property value successfully

2022-11-22 16:01:43 - [MESSAGE][PASSED] - Verify element property value successfully]]></system-out>
         <system-err><![CDATA[]]></system-err>
      </testcase>
      <testcase name="Test Cases/Engine_Scoring/Engine Scoring" time="7.537" classname="Test Cases/Engine_Scoring/Engine Scoring" status="PASSED">
         <system-out><![CDATA[2022-11-22 16:01:43 - [TEST_CASE][PASSED] - Test Cases/Engine_Scoring/Engine Scoring: Test Cases/Engine_Scoring/Engine Scoring

2022-11-22 16:01:45 - [TEST_STEP][PASSED] - markPassed("Variasi data ke : " + no): Variasi data ke : 269

2022-11-22 16:01:45 - [MESSAGE][PASSED] - Variasi data ke : 269

2022-11-22 16:01:45 - [TEST_STEP][PASSED] - req_data = sendRequest(findTestObject("Search_ME", ["MID":MID, "source":source, "ip":ip, "userid":userid, "branch":branch, "tipekons":tipekons, "marital":marital, "penjamin":penjamin, ... ])): Send request successfully

2022-11-22 16:01:46 - [MESSAGE][INFO] - HAR: D:\DMS\Engine Scoring\Reports\20221122_153620\Exclude KKB - DS\Scoring Individu - Used\20221122_153620\requests\main\536.har

2022-11-22 16:01:46 - [MESSAGE][PASSED] - Send request successfully

2022-11-22 16:01:46 - [TEST_STEP][PASSED] - slurper = new groovy.json.JsonSlurper(): null

2022-11-22 16:01:46 - [TEST_STEP][PASSED] - result = slurper.parseText(req_data.getResponseBodyContent()): null

2022-11-22 16:01:46 - [TEST_STEP][PASSED] - reqid_kons = requestid1: null

2022-11-22 16:01:46 - [TEST_STEP][PASSED] - reqid_spouse = requestid2: null

2022-11-22 16:01:46 - [TEST_STEP][PASSED] - println("requestid kons : " + reqid_kons): null

2022-11-22 16:01:46 - [TEST_STEP][PASSED] - response_searchME_kons = reqid_kons: null

2022-11-22 16:01:46 - [TEST_STEP][PASSED] - response_searchME_spouse = reqid_spouse: null

2022-11-22 16:01:46 - [TEST_STEP][PASSED] - println("kons req id is :" + response_searchME_kons): null

2022-11-22 16:01:46 - [TEST_STEP][PASSED] - println("spouse req id is : " + response_searchME_spouse): null

2022-11-22 16:01:46 - [TEST_STEP][PASSED] - verifyResponseStatusCode(req_data, 200): Verify response status code successfully

2022-11-22 16:01:46 - [MESSAGE][PASSED] - Verify response status code successfully

2022-11-22 16:01:46 - [TEST_STEP][PASSED] - response = req_data.getResponseText(): null

2022-11-22 16:01:46 - [TEST_STEP][PASSED] - logInfo($response): {"status":"Done","data":{"requestid1":"242101","requestid2":""}}

2022-11-22 16:01:46 - [MESSAGE][INFO] - {"status":"Done","data":{"requestid1":"242101","requestid2":""}}

2022-11-22 16:01:46 - [TEST_STEP][PASSED] - delay(3): Delayed 3 second(s)

2022-11-22 16:01:49 - [MESSAGE][PASSED] - Delayed 3 second(s)

2022-11-22 16:01:49 - [TEST_STEP][PASSED] - scoring = sendRequest(findTestObject("EngineScore", ["response_searchME_kons":response_searchME_kons, "response_searchME_spouse":response_searchME_spouse])): Send request successfully

2022-11-22 16:01:51 - [MESSAGE][INFO] - HAR: D:\DMS\Engine Scoring\Reports\20221122_153620\Exclude KKB - DS\Scoring Individu - Used\20221122_153620\requests\main\537.har

2022-11-22 16:01:51 - [MESSAGE][PASSED] - Send request successfully

2022-11-22 16:01:51 - [TEST_STEP][PASSED] - verifyResponseStatusCode(scoring, 200): Verify response status code successfully

2022-11-22 16:01:51 - [MESSAGE][PASSED] - Verify response status code successfully

2022-11-22 16:01:51 - [TEST_STEP][PASSED] - response2 = scoring.getResponseText(): null

2022-11-22 16:01:51 - [TEST_STEP][PASSED] - markPassed("result service data ke : " + no): result service data ke : 269

2022-11-22 16:01:51 - [MESSAGE][PASSED] - result service data ke : 269

2022-11-22 16:01:51 - [TEST_STEP][PASSED] - logInfo($response2): {"result_konsumen":"Reject","result_pasangan":"","Final_result":"Reject","errorMessage":"","status":"Done"}

2022-11-22 16:01:51 - [MESSAGE][INFO] - {"result_konsumen":"Reject","result_pasangan":"","Final_result":"Reject","errorMessage":"","status":"Done"}

2022-11-22 16:01:51 - [TEST_STEP][PASSED] - verifyElementPropertyValue(scoring, "Final_result", final_result): Verify element property value successfully

2022-11-22 16:01:51 - [MESSAGE][PASSED] - Verify element property value successfully]]></system-out>
         <system-err><![CDATA[]]></system-err>
      </testcase>
      <testcase name="Test Cases/Engine_Scoring/Engine Scoring" time="6.217" classname="Test Cases/Engine_Scoring/Engine Scoring" status="PASSED">
         <system-out><![CDATA[2022-11-22 16:01:51 - [TEST_CASE][PASSED] - Test Cases/Engine_Scoring/Engine Scoring: Test Cases/Engine_Scoring/Engine Scoring

2022-11-22 16:01:52 - [TEST_STEP][PASSED] - markPassed("Variasi data ke : " + no): Variasi data ke : 270

2022-11-22 16:01:52 - [MESSAGE][PASSED] - Variasi data ke : 270

2022-11-22 16:01:52 - [TEST_STEP][PASSED] - req_data = sendRequest(findTestObject("Search_ME", ["MID":MID, "source":source, "ip":ip, "userid":userid, "branch":branch, "tipekons":tipekons, "marital":marital, "penjamin":penjamin, ... ])): Send request successfully

2022-11-22 16:01:54 - [MESSAGE][INFO] - HAR: D:\DMS\Engine Scoring\Reports\20221122_153620\Exclude KKB - DS\Scoring Individu - Used\20221122_153620\requests\main\538.har

2022-11-22 16:01:54 - [MESSAGE][PASSED] - Send request successfully

2022-11-22 16:01:54 - [TEST_STEP][PASSED] - slurper = new groovy.json.JsonSlurper(): null

2022-11-22 16:01:54 - [TEST_STEP][PASSED] - result = slurper.parseText(req_data.getResponseBodyContent()): null

2022-11-22 16:01:54 - [TEST_STEP][PASSED] - reqid_kons = requestid1: null

2022-11-22 16:01:54 - [TEST_STEP][PASSED] - reqid_spouse = requestid2: null

2022-11-22 16:01:54 - [TEST_STEP][PASSED] - println("requestid kons : " + reqid_kons): null

2022-11-22 16:01:54 - [TEST_STEP][PASSED] - response_searchME_kons = reqid_kons: null

2022-11-22 16:01:54 - [TEST_STEP][PASSED] - response_searchME_spouse = reqid_spouse: null

2022-11-22 16:01:54 - [TEST_STEP][PASSED] - println("kons req id is :" + response_searchME_kons): null

2022-11-22 16:01:54 - [TEST_STEP][PASSED] - println("spouse req id is : " + response_searchME_spouse): null

2022-11-22 16:01:54 - [TEST_STEP][PASSED] - verifyResponseStatusCode(req_data, 200): Verify response status code successfully

2022-11-22 16:01:54 - [MESSAGE][PASSED] - Verify response status code successfully

2022-11-22 16:01:54 - [TEST_STEP][PASSED] - response = req_data.getResponseText(): null

2022-11-22 16:01:54 - [TEST_STEP][PASSED] - logInfo($response): {"status":"Done","data":{"requestid1":"242102","requestid2":""}}

2022-11-22 16:01:54 - [MESSAGE][INFO] - {"status":"Done","data":{"requestid1":"242102","requestid2":""}}

2022-11-22 16:01:54 - [TEST_STEP][PASSED] - delay(3): Delayed 3 second(s)

2022-11-22 16:01:57 - [MESSAGE][PASSED] - Delayed 3 second(s)

2022-11-22 16:01:57 - [TEST_STEP][PASSED] - scoring = sendRequest(findTestObject("EngineScore", ["response_searchME_kons":response_searchME_kons, "response_searchME_spouse":response_searchME_spouse])): Send request successfully

2022-11-22 16:01:57 - [MESSAGE][INFO] - HAR: D:\DMS\Engine Scoring\Reports\20221122_153620\Exclude KKB - DS\Scoring Individu - Used\20221122_153620\requests\main\539.har

2022-11-22 16:01:57 - [MESSAGE][PASSED] - Send request successfully

2022-11-22 16:01:57 - [TEST_STEP][PASSED] - verifyResponseStatusCode(scoring, 200): Verify response status code successfully

2022-11-22 16:01:57 - [MESSAGE][PASSED] - Verify response status code successfully

2022-11-22 16:01:57 - [TEST_STEP][PASSED] - response2 = scoring.getResponseText(): null

2022-11-22 16:01:57 - [TEST_STEP][PASSED] - markPassed("result service data ke : " + no): result service data ke : 270

2022-11-22 16:01:57 - [MESSAGE][PASSED] - result service data ke : 270

2022-11-22 16:01:57 - [TEST_STEP][PASSED] - logInfo($response2): {"result_konsumen":"Reject","result_pasangan":"","Final_result":"Reject","errorMessage":"","status":"Done"}

2022-11-22 16:01:57 - [MESSAGE][INFO] - {"result_konsumen":"Reject","result_pasangan":"","Final_result":"Reject","errorMessage":"","status":"Done"}

2022-11-22 16:01:57 - [TEST_STEP][PASSED] - verifyElementPropertyValue(scoring, "Final_result", final_result): Verify element property value successfully

2022-11-22 16:01:57 - [MESSAGE][PASSED] - Verify element property value successfully]]></system-out>
         <system-err><![CDATA[]]></system-err>
      </testcase>
      <testcase name="Test Cases/Engine_Scoring/Engine Scoring" time="6.507" classname="Test Cases/Engine_Scoring/Engine Scoring" status="PASSED">
         <system-out><![CDATA[2022-11-22 16:01:57 - [TEST_CASE][PASSED] - Test Cases/Engine_Scoring/Engine Scoring: Test Cases/Engine_Scoring/Engine Scoring

2022-11-22 16:01:59 - [TEST_STEP][PASSED] - markPassed("Variasi data ke : " + no): Variasi data ke : 271

2022-11-22 16:01:59 - [MESSAGE][PASSED] - Variasi data ke : 271

2022-11-22 16:01:59 - [TEST_STEP][PASSED] - req_data = sendRequest(findTestObject("Search_ME", ["MID":MID, "source":source, "ip":ip, "userid":userid, "branch":branch, "tipekons":tipekons, "marital":marital, "penjamin":penjamin, ... ])): Send request successfully

2022-11-22 16:02:00 - [MESSAGE][INFO] - HAR: D:\DMS\Engine Scoring\Reports\20221122_153620\Exclude KKB - DS\Scoring Individu - Used\20221122_153620\requests\main\540.har

2022-11-22 16:02:00 - [MESSAGE][PASSED] - Send request successfully

2022-11-22 16:02:00 - [TEST_STEP][PASSED] - slurper = new groovy.json.JsonSlurper(): null

2022-11-22 16:02:00 - [TEST_STEP][PASSED] - result = slurper.parseText(req_data.getResponseBodyContent()): null

2022-11-22 16:02:00 - [TEST_STEP][PASSED] - reqid_kons = requestid1: null

2022-11-22 16:02:00 - [TEST_STEP][PASSED] - reqid_spouse = requestid2: null

2022-11-22 16:02:00 - [TEST_STEP][PASSED] - println("requestid kons : " + reqid_kons): null

2022-11-22 16:02:00 - [TEST_STEP][PASSED] - response_searchME_kons = reqid_kons: null

2022-11-22 16:02:00 - [TEST_STEP][PASSED] - response_searchME_spouse = reqid_spouse: null

2022-11-22 16:02:00 - [TEST_STEP][PASSED] - println("kons req id is :" + response_searchME_kons): null

2022-11-22 16:02:00 - [TEST_STEP][PASSED] - println("spouse req id is : " + response_searchME_spouse): null

2022-11-22 16:02:00 - [TEST_STEP][PASSED] - verifyResponseStatusCode(req_data, 200): Verify response status code successfully

2022-11-22 16:02:00 - [MESSAGE][PASSED] - Verify response status code successfully

2022-11-22 16:02:00 - [TEST_STEP][PASSED] - response = req_data.getResponseText(): null

2022-11-22 16:02:00 - [TEST_STEP][PASSED] - logInfo($response): {"status":"Done","data":{"requestid1":"242103","requestid2":""}}

2022-11-22 16:02:00 - [MESSAGE][INFO] - {"status":"Done","data":{"requestid1":"242103","requestid2":""}}

2022-11-22 16:02:00 - [TEST_STEP][PASSED] - delay(3): Delayed 3 second(s)

2022-11-22 16:02:03 - [MESSAGE][PASSED] - Delayed 3 second(s)

2022-11-22 16:02:03 - [TEST_STEP][PASSED] - scoring = sendRequest(findTestObject("EngineScore", ["response_searchME_kons":response_searchME_kons, "response_searchME_spouse":response_searchME_spouse])): Send request successfully

2022-11-22 16:02:04 - [MESSAGE][INFO] - HAR: D:\DMS\Engine Scoring\Reports\20221122_153620\Exclude KKB - DS\Scoring Individu - Used\20221122_153620\requests\main\541.har

2022-11-22 16:02:04 - [MESSAGE][PASSED] - Send request successfully

2022-11-22 16:02:04 - [TEST_STEP][PASSED] - verifyResponseStatusCode(scoring, 200): Verify response status code successfully

2022-11-22 16:02:04 - [MESSAGE][PASSED] - Verify response status code successfully

2022-11-22 16:02:04 - [TEST_STEP][PASSED] - response2 = scoring.getResponseText(): null

2022-11-22 16:02:04 - [TEST_STEP][PASSED] - markPassed("result service data ke : " + no): result service data ke : 271

2022-11-22 16:02:04 - [MESSAGE][PASSED] - result service data ke : 271

2022-11-22 16:02:04 - [TEST_STEP][PASSED] - logInfo($response2): {"result_konsumen":"Reject","result_pasangan":"","Final_result":"Reject","errorMessage":"","status":"Done"}

2022-11-22 16:02:04 - [MESSAGE][INFO] - {"result_konsumen":"Reject","result_pasangan":"","Final_result":"Reject","errorMessage":"","status":"Done"}

2022-11-22 16:02:04 - [TEST_STEP][PASSED] - verifyElementPropertyValue(scoring, "Final_result", final_result): Verify element property value successfully

2022-11-22 16:02:04 - [MESSAGE][PASSED] - Verify element property value successfully]]></system-out>
         <system-err><![CDATA[]]></system-err>
      </testcase>
      <testcase name="Test Cases/Engine_Scoring/Engine Scoring" time="6.466" classname="Test Cases/Engine_Scoring/Engine Scoring" status="PASSED">
         <system-out><![CDATA[2022-11-22 16:02:04 - [TEST_CASE][PASSED] - Test Cases/Engine_Scoring/Engine Scoring: Test Cases/Engine_Scoring/Engine Scoring

2022-11-22 16:02:05 - [TEST_STEP][PASSED] - markPassed("Variasi data ke : " + no): Variasi data ke : 272

2022-11-22 16:02:05 - [MESSAGE][PASSED] - Variasi data ke : 272

2022-11-22 16:02:05 - [TEST_STEP][PASSED] - req_data = sendRequest(findTestObject("Search_ME", ["MID":MID, "source":source, "ip":ip, "userid":userid, "branch":branch, "tipekons":tipekons, "marital":marital, "penjamin":penjamin, ... ])): Send request successfully

2022-11-22 16:02:07 - [MESSAGE][INFO] - HAR: D:\DMS\Engine Scoring\Reports\20221122_153620\Exclude KKB - DS\Scoring Individu - Used\20221122_153620\requests\main\542.har

2022-11-22 16:02:07 - [MESSAGE][PASSED] - Send request successfully

2022-11-22 16:02:07 - [TEST_STEP][PASSED] - slurper = new groovy.json.JsonSlurper(): null

2022-11-22 16:02:07 - [TEST_STEP][PASSED] - result = slurper.parseText(req_data.getResponseBodyContent()): null

2022-11-22 16:02:07 - [TEST_STEP][PASSED] - reqid_kons = requestid1: null

2022-11-22 16:02:07 - [TEST_STEP][PASSED] - reqid_spouse = requestid2: null

2022-11-22 16:02:07 - [TEST_STEP][PASSED] - println("requestid kons : " + reqid_kons): null

2022-11-22 16:02:07 - [TEST_STEP][PASSED] - response_searchME_kons = reqid_kons: null

2022-11-22 16:02:07 - [TEST_STEP][PASSED] - response_searchME_spouse = reqid_spouse: null

2022-11-22 16:02:07 - [TEST_STEP][PASSED] - println("kons req id is :" + response_searchME_kons): null

2022-11-22 16:02:07 - [TEST_STEP][PASSED] - println("spouse req id is : " + response_searchME_spouse): null

2022-11-22 16:02:07 - [TEST_STEP][PASSED] - verifyResponseStatusCode(req_data, 200): Verify response status code successfully

2022-11-22 16:02:07 - [MESSAGE][PASSED] - Verify response status code successfully

2022-11-22 16:02:07 - [TEST_STEP][PASSED] - response = req_data.getResponseText(): null

2022-11-22 16:02:07 - [TEST_STEP][PASSED] - logInfo($response): {"status":"Done","data":{"requestid1":"242104","requestid2":""}}

2022-11-22 16:02:07 - [MESSAGE][INFO] - {"status":"Done","data":{"requestid1":"242104","requestid2":""}}

2022-11-22 16:02:07 - [TEST_STEP][PASSED] - delay(3): Delayed 3 second(s)

2022-11-22 16:02:10 - [MESSAGE][PASSED] - Delayed 3 second(s)

2022-11-22 16:02:10 - [TEST_STEP][PASSED] - scoring = sendRequest(findTestObject("EngineScore", ["response_searchME_kons":response_searchME_kons, "response_searchME_spouse":response_searchME_spouse])): Send request successfully

2022-11-22 16:02:10 - [MESSAGE][INFO] - HAR: D:\DMS\Engine Scoring\Reports\20221122_153620\Exclude KKB - DS\Scoring Individu - Used\20221122_153620\requests\main\543.har

2022-11-22 16:02:10 - [MESSAGE][PASSED] - Send request successfully

2022-11-22 16:02:10 - [TEST_STEP][PASSED] - verifyResponseStatusCode(scoring, 200): Verify response status code successfully

2022-11-22 16:02:10 - [MESSAGE][PASSED] - Verify response status code successfully

2022-11-22 16:02:10 - [TEST_STEP][PASSED] - response2 = scoring.getResponseText(): null

2022-11-22 16:02:10 - [TEST_STEP][PASSED] - markPassed("result service data ke : " + no): result service data ke : 272

2022-11-22 16:02:10 - [MESSAGE][PASSED] - result service data ke : 272

2022-11-22 16:02:10 - [TEST_STEP][PASSED] - logInfo($response2): {"result_konsumen":"Reject","result_pasangan":"","Final_result":"Reject","errorMessage":"","status":"Done"}

2022-11-22 16:02:10 - [MESSAGE][INFO] - {"result_konsumen":"Reject","result_pasangan":"","Final_result":"Reject","errorMessage":"","status":"Done"}

2022-11-22 16:02:10 - [TEST_STEP][PASSED] - verifyElementPropertyValue(scoring, "Final_result", final_result): Verify element property value successfully

2022-11-22 16:02:10 - [MESSAGE][PASSED] - Verify element property value successfully]]></system-out>
         <system-err><![CDATA[]]></system-err>
      </testcase>
      <testcase name="Test Cases/Engine_Scoring/Engine Scoring" time="6.318" classname="Test Cases/Engine_Scoring/Engine Scoring" status="PASSED">
         <system-out><![CDATA[2022-11-22 16:02:10 - [TEST_CASE][PASSED] - Test Cases/Engine_Scoring/Engine Scoring: Test Cases/Engine_Scoring/Engine Scoring

2022-11-22 16:02:12 - [TEST_STEP][PASSED] - markPassed("Variasi data ke : " + no): Variasi data ke : 273

2022-11-22 16:02:12 - [MESSAGE][PASSED] - Variasi data ke : 273

2022-11-22 16:02:12 - [TEST_STEP][PASSED] - req_data = sendRequest(findTestObject("Search_ME", ["MID":MID, "source":source, "ip":ip, "userid":userid, "branch":branch, "tipekons":tipekons, "marital":marital, "penjamin":penjamin, ... ])): Send request successfully

2022-11-22 16:02:13 - [MESSAGE][INFO] - HAR: D:\DMS\Engine Scoring\Reports\20221122_153620\Exclude KKB - DS\Scoring Individu - Used\20221122_153620\requests\main\544.har

2022-11-22 16:02:13 - [MESSAGE][PASSED] - Send request successfully

2022-11-22 16:02:13 - [TEST_STEP][PASSED] - slurper = new groovy.json.JsonSlurper(): null

2022-11-22 16:02:13 - [TEST_STEP][PASSED] - result = slurper.parseText(req_data.getResponseBodyContent()): null

2022-11-22 16:02:13 - [TEST_STEP][PASSED] - reqid_kons = requestid1: null

2022-11-22 16:02:13 - [TEST_STEP][PASSED] - reqid_spouse = requestid2: null

2022-11-22 16:02:13 - [TEST_STEP][PASSED] - println("requestid kons : " + reqid_kons): null

2022-11-22 16:02:13 - [TEST_STEP][PASSED] - response_searchME_kons = reqid_kons: null

2022-11-22 16:02:13 - [TEST_STEP][PASSED] - response_searchME_spouse = reqid_spouse: null

2022-11-22 16:02:13 - [TEST_STEP][PASSED] - println("kons req id is :" + response_searchME_kons): null

2022-11-22 16:02:13 - [TEST_STEP][PASSED] - println("spouse req id is : " + response_searchME_spouse): null

2022-11-22 16:02:13 - [TEST_STEP][PASSED] - verifyResponseStatusCode(req_data, 200): Verify response status code successfully

2022-11-22 16:02:13 - [MESSAGE][PASSED] - Verify response status code successfully

2022-11-22 16:02:13 - [TEST_STEP][PASSED] - response = req_data.getResponseText(): null

2022-11-22 16:02:13 - [TEST_STEP][PASSED] - logInfo($response): {"status":"Done","data":{"requestid1":"242105","requestid2":""}}

2022-11-22 16:02:13 - [MESSAGE][INFO] - {"status":"Done","data":{"requestid1":"242105","requestid2":""}}

2022-11-22 16:02:13 - [TEST_STEP][PASSED] - delay(3): Delayed 3 second(s)

2022-11-22 16:02:16 - [MESSAGE][PASSED] - Delayed 3 second(s)

2022-11-22 16:02:16 - [TEST_STEP][PASSED] - scoring = sendRequest(findTestObject("EngineScore", ["response_searchME_kons":response_searchME_kons, "response_searchME_spouse":response_searchME_spouse])): Send request successfully

2022-11-22 16:02:17 - [MESSAGE][INFO] - HAR: D:\DMS\Engine Scoring\Reports\20221122_153620\Exclude KKB - DS\Scoring Individu - Used\20221122_153620\requests\main\545.har

2022-11-22 16:02:17 - [MESSAGE][PASSED] - Send request successfully

2022-11-22 16:02:17 - [TEST_STEP][PASSED] - verifyResponseStatusCode(scoring, 200): Verify response status code successfully

2022-11-22 16:02:17 - [MESSAGE][PASSED] - Verify response status code successfully

2022-11-22 16:02:17 - [TEST_STEP][PASSED] - response2 = scoring.getResponseText(): null

2022-11-22 16:02:17 - [TEST_STEP][PASSED] - markPassed("result service data ke : " + no): result service data ke : 273

2022-11-22 16:02:17 - [MESSAGE][PASSED] - result service data ke : 273

2022-11-22 16:02:17 - [TEST_STEP][PASSED] - logInfo($response2): {"result_konsumen":"Reject","result_pasangan":"","Final_result":"Reject","errorMessage":"","status":"Done"}

2022-11-22 16:02:17 - [MESSAGE][INFO] - {"result_konsumen":"Reject","result_pasangan":"","Final_result":"Reject","errorMessage":"","status":"Done"}

2022-11-22 16:02:17 - [TEST_STEP][PASSED] - verifyElementPropertyValue(scoring, "Final_result", final_result): Verify element property value successfully

2022-11-22 16:02:17 - [MESSAGE][PASSED] - Verify element property value successfully]]></system-out>
         <system-err><![CDATA[]]></system-err>
      </testcase>
      <testcase name="Test Cases/Engine_Scoring/Engine Scoring" time="6.576" classname="Test Cases/Engine_Scoring/Engine Scoring" status="PASSED">
         <system-out><![CDATA[2022-11-22 16:02:17 - [TEST_CASE][PASSED] - Test Cases/Engine_Scoring/Engine Scoring: Test Cases/Engine_Scoring/Engine Scoring

2022-11-22 16:02:18 - [TEST_STEP][PASSED] - markPassed("Variasi data ke : " + no): Variasi data ke : 274

2022-11-22 16:02:18 - [MESSAGE][PASSED] - Variasi data ke : 274

2022-11-22 16:02:18 - [TEST_STEP][PASSED] - req_data = sendRequest(findTestObject("Search_ME", ["MID":MID, "source":source, "ip":ip, "userid":userid, "branch":branch, "tipekons":tipekons, "marital":marital, "penjamin":penjamin, ... ])): Send request successfully

2022-11-22 16:02:20 - [MESSAGE][INFO] - HAR: D:\DMS\Engine Scoring\Reports\20221122_153620\Exclude KKB - DS\Scoring Individu - Used\20221122_153620\requests\main\546.har

2022-11-22 16:02:20 - [MESSAGE][PASSED] - Send request successfully

2022-11-22 16:02:20 - [TEST_STEP][PASSED] - slurper = new groovy.json.JsonSlurper(): null

2022-11-22 16:02:20 - [TEST_STEP][PASSED] - result = slurper.parseText(req_data.getResponseBodyContent()): null

2022-11-22 16:02:20 - [TEST_STEP][PASSED] - reqid_kons = requestid1: null

2022-11-22 16:02:20 - [TEST_STEP][PASSED] - reqid_spouse = requestid2: null

2022-11-22 16:02:20 - [TEST_STEP][PASSED] - println("requestid kons : " + reqid_kons): null

2022-11-22 16:02:20 - [TEST_STEP][PASSED] - response_searchME_kons = reqid_kons: null

2022-11-22 16:02:20 - [TEST_STEP][PASSED] - response_searchME_spouse = reqid_spouse: null

2022-11-22 16:02:20 - [TEST_STEP][PASSED] - println("kons req id is :" + response_searchME_kons): null

2022-11-22 16:02:20 - [TEST_STEP][PASSED] - println("spouse req id is : " + response_searchME_spouse): null

2022-11-22 16:02:20 - [TEST_STEP][PASSED] - verifyResponseStatusCode(req_data, 200): Verify response status code successfully

2022-11-22 16:02:20 - [MESSAGE][PASSED] - Verify response status code successfully

2022-11-22 16:02:20 - [TEST_STEP][PASSED] - response = req_data.getResponseText(): null

2022-11-22 16:02:20 - [TEST_STEP][PASSED] - logInfo($response): {"status":"Done","data":{"requestid1":"242106","requestid2":""}}

2022-11-22 16:02:20 - [MESSAGE][INFO] - {"status":"Done","data":{"requestid1":"242106","requestid2":""}}

2022-11-22 16:02:20 - [TEST_STEP][PASSED] - delay(3): Delayed 3 second(s)

2022-11-22 16:02:23 - [MESSAGE][PASSED] - Delayed 3 second(s)

2022-11-22 16:02:23 - [TEST_STEP][PASSED] - scoring = sendRequest(findTestObject("EngineScore", ["response_searchME_kons":response_searchME_kons, "response_searchME_spouse":response_searchME_spouse])): Send request successfully

2022-11-22 16:02:23 - [MESSAGE][INFO] - HAR: D:\DMS\Engine Scoring\Reports\20221122_153620\Exclude KKB - DS\Scoring Individu - Used\20221122_153620\requests\main\547.har

2022-11-22 16:02:23 - [MESSAGE][PASSED] - Send request successfully

2022-11-22 16:02:23 - [TEST_STEP][PASSED] - verifyResponseStatusCode(scoring, 200): Verify response status code successfully

2022-11-22 16:02:23 - [MESSAGE][PASSED] - Verify response status code successfully

2022-11-22 16:02:23 - [TEST_STEP][PASSED] - response2 = scoring.getResponseText(): null

2022-11-22 16:02:23 - [TEST_STEP][PASSED] - markPassed("result service data ke : " + no): result service data ke : 274

2022-11-22 16:02:23 - [MESSAGE][PASSED] - result service data ke : 274

2022-11-22 16:02:23 - [TEST_STEP][PASSED] - logInfo($response2): {"result_konsumen":"Reject","result_pasangan":"","Final_result":"Reject","errorMessage":"","status":"Done"}

2022-11-22 16:02:23 - [MESSAGE][INFO] - {"result_konsumen":"Reject","result_pasangan":"","Final_result":"Reject","errorMessage":"","status":"Done"}

2022-11-22 16:02:23 - [TEST_STEP][PASSED] - verifyElementPropertyValue(scoring, "Final_result", final_result): Verify element property value successfully

2022-11-22 16:02:23 - [MESSAGE][PASSED] - Verify element property value successfully]]></system-out>
         <system-err><![CDATA[]]></system-err>
      </testcase>
      <testcase name="Test Cases/Engine_Scoring/Engine Scoring" time="6.453" classname="Test Cases/Engine_Scoring/Engine Scoring" status="PASSED">
         <system-out><![CDATA[2022-11-22 16:02:23 - [TEST_CASE][PASSED] - Test Cases/Engine_Scoring/Engine Scoring: Test Cases/Engine_Scoring/Engine Scoring

2022-11-22 16:02:25 - [TEST_STEP][PASSED] - markPassed("Variasi data ke : " + no): Variasi data ke : 275

2022-11-22 16:02:25 - [MESSAGE][PASSED] - Variasi data ke : 275

2022-11-22 16:02:25 - [TEST_STEP][PASSED] - req_data = sendRequest(findTestObject("Search_ME", ["MID":MID, "source":source, "ip":ip, "userid":userid, "branch":branch, "tipekons":tipekons, "marital":marital, "penjamin":penjamin, ... ])): Send request successfully

2022-11-22 16:02:27 - [MESSAGE][INFO] - HAR: D:\DMS\Engine Scoring\Reports\20221122_153620\Exclude KKB - DS\Scoring Individu - Used\20221122_153620\requests\main\548.har

2022-11-22 16:02:27 - [MESSAGE][PASSED] - Send request successfully

2022-11-22 16:02:27 - [TEST_STEP][PASSED] - slurper = new groovy.json.JsonSlurper(): null

2022-11-22 16:02:27 - [TEST_STEP][PASSED] - result = slurper.parseText(req_data.getResponseBodyContent()): null

2022-11-22 16:02:27 - [TEST_STEP][PASSED] - reqid_kons = requestid1: null

2022-11-22 16:02:27 - [TEST_STEP][PASSED] - reqid_spouse = requestid2: null

2022-11-22 16:02:27 - [TEST_STEP][PASSED] - println("requestid kons : " + reqid_kons): null

2022-11-22 16:02:27 - [TEST_STEP][PASSED] - response_searchME_kons = reqid_kons: null

2022-11-22 16:02:27 - [TEST_STEP][PASSED] - response_searchME_spouse = reqid_spouse: null

2022-11-22 16:02:27 - [TEST_STEP][PASSED] - println("kons req id is :" + response_searchME_kons): null

2022-11-22 16:02:27 - [TEST_STEP][PASSED] - println("spouse req id is : " + response_searchME_spouse): null

2022-11-22 16:02:27 - [TEST_STEP][PASSED] - verifyResponseStatusCode(req_data, 200): Verify response status code successfully

2022-11-22 16:02:27 - [MESSAGE][PASSED] - Verify response status code successfully

2022-11-22 16:02:27 - [TEST_STEP][PASSED] - response = req_data.getResponseText(): null

2022-11-22 16:02:27 - [TEST_STEP][PASSED] - logInfo($response): {"status":"Done","data":{"requestid1":"242107","requestid2":""}}

2022-11-22 16:02:27 - [MESSAGE][INFO] - {"status":"Done","data":{"requestid1":"242107","requestid2":""}}

2022-11-22 16:02:27 - [TEST_STEP][PASSED] - delay(3): Delayed 3 second(s)

2022-11-22 16:02:30 - [MESSAGE][PASSED] - Delayed 3 second(s)

2022-11-22 16:02:30 - [TEST_STEP][PASSED] - scoring = sendRequest(findTestObject("EngineScore", ["response_searchME_kons":response_searchME_kons, "response_searchME_spouse":response_searchME_spouse])): Send request successfully

2022-11-22 16:02:30 - [MESSAGE][INFO] - HAR: D:\DMS\Engine Scoring\Reports\20221122_153620\Exclude KKB - DS\Scoring Individu - Used\20221122_153620\requests\main\549.har

2022-11-22 16:02:30 - [MESSAGE][PASSED] - Send request successfully

2022-11-22 16:02:30 - [TEST_STEP][PASSED] - verifyResponseStatusCode(scoring, 200): Verify response status code successfully

2022-11-22 16:02:30 - [MESSAGE][PASSED] - Verify response status code successfully

2022-11-22 16:02:30 - [TEST_STEP][PASSED] - response2 = scoring.getResponseText(): null

2022-11-22 16:02:30 - [TEST_STEP][PASSED] - markPassed("result service data ke : " + no): result service data ke : 275

2022-11-22 16:02:30 - [MESSAGE][PASSED] - result service data ke : 275

2022-11-22 16:02:30 - [TEST_STEP][PASSED] - logInfo($response2): {"result_konsumen":"Reject","result_pasangan":"","Final_result":"Reject","errorMessage":"","status":"Done"}

2022-11-22 16:02:30 - [MESSAGE][INFO] - {"result_konsumen":"Reject","result_pasangan":"","Final_result":"Reject","errorMessage":"","status":"Done"}

2022-11-22 16:02:30 - [TEST_STEP][PASSED] - verifyElementPropertyValue(scoring, "Final_result", final_result): Verify element property value successfully

2022-11-22 16:02:30 - [MESSAGE][PASSED] - Verify element property value successfully]]></system-out>
         <system-err><![CDATA[]]></system-err>
      </testcase>
      <testcase name="Test Cases/Engine_Scoring/Engine Scoring" time="6.307" classname="Test Cases/Engine_Scoring/Engine Scoring" status="PASSED">
         <system-out><![CDATA[2022-11-22 16:02:30 - [TEST_CASE][PASSED] - Test Cases/Engine_Scoring/Engine Scoring: Test Cases/Engine_Scoring/Engine Scoring

2022-11-22 16:02:31 - [TEST_STEP][PASSED] - markPassed("Variasi data ke : " + no): Variasi data ke : 276

2022-11-22 16:02:31 - [MESSAGE][PASSED] - Variasi data ke : 276

2022-11-22 16:02:31 - [TEST_STEP][PASSED] - req_data = sendRequest(findTestObject("Search_ME", ["MID":MID, "source":source, "ip":ip, "userid":userid, "branch":branch, "tipekons":tipekons, "marital":marital, "penjamin":penjamin, ... ])): Send request successfully

2022-11-22 16:02:33 - [MESSAGE][INFO] - HAR: D:\DMS\Engine Scoring\Reports\20221122_153620\Exclude KKB - DS\Scoring Individu - Used\20221122_153620\requests\main\550.har

2022-11-22 16:02:33 - [MESSAGE][PASSED] - Send request successfully

2022-11-22 16:02:33 - [TEST_STEP][PASSED] - slurper = new groovy.json.JsonSlurper(): null

2022-11-22 16:02:33 - [TEST_STEP][PASSED] - result = slurper.parseText(req_data.getResponseBodyContent()): null

2022-11-22 16:02:33 - [TEST_STEP][PASSED] - reqid_kons = requestid1: null

2022-11-22 16:02:33 - [TEST_STEP][PASSED] - reqid_spouse = requestid2: null

2022-11-22 16:02:33 - [TEST_STEP][PASSED] - println("requestid kons : " + reqid_kons): null

2022-11-22 16:02:33 - [TEST_STEP][PASSED] - response_searchME_kons = reqid_kons: null

2022-11-22 16:02:33 - [TEST_STEP][PASSED] - response_searchME_spouse = reqid_spouse: null

2022-11-22 16:02:33 - [TEST_STEP][PASSED] - println("kons req id is :" + response_searchME_kons): null

2022-11-22 16:02:33 - [TEST_STEP][PASSED] - println("spouse req id is : " + response_searchME_spouse): null

2022-11-22 16:02:33 - [TEST_STEP][PASSED] - verifyResponseStatusCode(req_data, 200): Verify response status code successfully

2022-11-22 16:02:33 - [MESSAGE][PASSED] - Verify response status code successfully

2022-11-22 16:02:33 - [TEST_STEP][PASSED] - response = req_data.getResponseText(): null

2022-11-22 16:02:33 - [TEST_STEP][PASSED] - logInfo($response): {"status":"Done","data":{"requestid1":"242108","requestid2":""}}

2022-11-22 16:02:33 - [MESSAGE][INFO] - {"status":"Done","data":{"requestid1":"242108","requestid2":""}}

2022-11-22 16:02:33 - [TEST_STEP][PASSED] - delay(3): Delayed 3 second(s)

2022-11-22 16:02:36 - [MESSAGE][PASSED] - Delayed 3 second(s)

2022-11-22 16:02:36 - [TEST_STEP][PASSED] - scoring = sendRequest(findTestObject("EngineScore", ["response_searchME_kons":response_searchME_kons, "response_searchME_spouse":response_searchME_spouse])): Send request successfully

2022-11-22 16:02:36 - [MESSAGE][INFO] - HAR: D:\DMS\Engine Scoring\Reports\20221122_153620\Exclude KKB - DS\Scoring Individu - Used\20221122_153620\requests\main\551.har

2022-11-22 16:02:36 - [MESSAGE][PASSED] - Send request successfully

2022-11-22 16:02:36 - [TEST_STEP][PASSED] - verifyResponseStatusCode(scoring, 200): Verify response status code successfully

2022-11-22 16:02:36 - [MESSAGE][PASSED] - Verify response status code successfully

2022-11-22 16:02:36 - [TEST_STEP][PASSED] - response2 = scoring.getResponseText(): null

2022-11-22 16:02:36 - [TEST_STEP][PASSED] - markPassed("result service data ke : " + no): result service data ke : 276

2022-11-22 16:02:36 - [MESSAGE][PASSED] - result service data ke : 276

2022-11-22 16:02:36 - [TEST_STEP][PASSED] - logInfo($response2): {"result_konsumen":"Reject","result_pasangan":"","Final_result":"Reject","errorMessage":"","status":"Done"}

2022-11-22 16:02:36 - [MESSAGE][INFO] - {"result_konsumen":"Reject","result_pasangan":"","Final_result":"Reject","errorMessage":"","status":"Done"}

2022-11-22 16:02:36 - [TEST_STEP][PASSED] - verifyElementPropertyValue(scoring, "Final_result", final_result): Verify element property value successfully

2022-11-22 16:02:36 - [MESSAGE][PASSED] - Verify element property value successfully]]></system-out>
         <system-err><![CDATA[]]></system-err>
      </testcase>
      <testcase name="Test Cases/Engine_Scoring/Engine Scoring" time="6.71" classname="Test Cases/Engine_Scoring/Engine Scoring" status="PASSED">
         <system-out><![CDATA[2022-11-22 16:02:36 - [TEST_CASE][PASSED] - Test Cases/Engine_Scoring/Engine Scoring: Test Cases/Engine_Scoring/Engine Scoring

2022-11-22 16:02:38 - [TEST_STEP][PASSED] - markPassed("Variasi data ke : " + no): Variasi data ke : 277

2022-11-22 16:02:38 - [MESSAGE][PASSED] - Variasi data ke : 277

2022-11-22 16:02:38 - [TEST_STEP][PASSED] - req_data = sendRequest(findTestObject("Search_ME", ["MID":MID, "source":source, "ip":ip, "userid":userid, "branch":branch, "tipekons":tipekons, "marital":marital, "penjamin":penjamin, ... ])): Send request successfully

2022-11-22 16:02:40 - [MESSAGE][INFO] - HAR: D:\DMS\Engine Scoring\Reports\20221122_153620\Exclude KKB - DS\Scoring Individu - Used\20221122_153620\requests\main\552.har

2022-11-22 16:02:40 - [MESSAGE][PASSED] - Send request successfully

2022-11-22 16:02:40 - [TEST_STEP][PASSED] - slurper = new groovy.json.JsonSlurper(): null

2022-11-22 16:02:40 - [TEST_STEP][PASSED] - result = slurper.parseText(req_data.getResponseBodyContent()): null

2022-11-22 16:02:40 - [TEST_STEP][PASSED] - reqid_kons = requestid1: null

2022-11-22 16:02:40 - [TEST_STEP][PASSED] - reqid_spouse = requestid2: null

2022-11-22 16:02:40 - [TEST_STEP][PASSED] - println("requestid kons : " + reqid_kons): null

2022-11-22 16:02:40 - [TEST_STEP][PASSED] - response_searchME_kons = reqid_kons: null

2022-11-22 16:02:40 - [TEST_STEP][PASSED] - response_searchME_spouse = reqid_spouse: null

2022-11-22 16:02:40 - [TEST_STEP][PASSED] - println("kons req id is :" + response_searchME_kons): null

2022-11-22 16:02:40 - [TEST_STEP][PASSED] - println("spouse req id is : " + response_searchME_spouse): null

2022-11-22 16:02:40 - [TEST_STEP][PASSED] - verifyResponseStatusCode(req_data, 200): Verify response status code successfully

2022-11-22 16:02:40 - [MESSAGE][PASSED] - Verify response status code successfully

2022-11-22 16:02:40 - [TEST_STEP][PASSED] - response = req_data.getResponseText(): null

2022-11-22 16:02:40 - [TEST_STEP][PASSED] - logInfo($response): {"status":"Done","data":{"requestid1":"242109","requestid2":""}}

2022-11-22 16:02:40 - [MESSAGE][INFO] - {"status":"Done","data":{"requestid1":"242109","requestid2":""}}

2022-11-22 16:02:40 - [TEST_STEP][PASSED] - delay(3): Delayed 3 second(s)

2022-11-22 16:02:43 - [MESSAGE][PASSED] - Delayed 3 second(s)

2022-11-22 16:02:43 - [TEST_STEP][PASSED] - scoring = sendRequest(findTestObject("EngineScore", ["response_searchME_kons":response_searchME_kons, "response_searchME_spouse":response_searchME_spouse])): Send request successfully

2022-11-22 16:02:43 - [MESSAGE][INFO] - HAR: D:\DMS\Engine Scoring\Reports\20221122_153620\Exclude KKB - DS\Scoring Individu - Used\20221122_153620\requests\main\553.har

2022-11-22 16:02:43 - [MESSAGE][PASSED] - Send request successfully

2022-11-22 16:02:43 - [TEST_STEP][PASSED] - verifyResponseStatusCode(scoring, 200): Verify response status code successfully

2022-11-22 16:02:43 - [MESSAGE][PASSED] - Verify response status code successfully

2022-11-22 16:02:43 - [TEST_STEP][PASSED] - response2 = scoring.getResponseText(): null

2022-11-22 16:02:43 - [TEST_STEP][PASSED] - markPassed("result service data ke : " + no): result service data ke : 277

2022-11-22 16:02:43 - [MESSAGE][PASSED] - result service data ke : 277

2022-11-22 16:02:43 - [TEST_STEP][PASSED] - logInfo($response2): {"result_konsumen":"Reject","result_pasangan":"","Final_result":"Reject","errorMessage":"","status":"Done"}

2022-11-22 16:02:43 - [MESSAGE][INFO] - {"result_konsumen":"Reject","result_pasangan":"","Final_result":"Reject","errorMessage":"","status":"Done"}

2022-11-22 16:02:43 - [TEST_STEP][PASSED] - verifyElementPropertyValue(scoring, "Final_result", final_result): Verify element property value successfully

2022-11-22 16:02:43 - [MESSAGE][PASSED] - Verify element property value successfully]]></system-out>
         <system-err><![CDATA[]]></system-err>
      </testcase>
      <testcase name="Test Cases/Engine_Scoring/Engine Scoring" time="6.42" classname="Test Cases/Engine_Scoring/Engine Scoring" status="PASSED">
         <system-out><![CDATA[2022-11-22 16:02:43 - [TEST_CASE][PASSED] - Test Cases/Engine_Scoring/Engine Scoring: Test Cases/Engine_Scoring/Engine Scoring

2022-11-22 16:02:45 - [TEST_STEP][PASSED] - markPassed("Variasi data ke : " + no): Variasi data ke : 278

2022-11-22 16:02:45 - [MESSAGE][PASSED] - Variasi data ke : 278

2022-11-22 16:02:45 - [TEST_STEP][PASSED] - req_data = sendRequest(findTestObject("Search_ME", ["MID":MID, "source":source, "ip":ip, "userid":userid, "branch":branch, "tipekons":tipekons, "marital":marital, "penjamin":penjamin, ... ])): Send request successfully

2022-11-22 16:02:46 - [MESSAGE][INFO] - HAR: D:\DMS\Engine Scoring\Reports\20221122_153620\Exclude KKB - DS\Scoring Individu - Used\20221122_153620\requests\main\554.har

2022-11-22 16:02:46 - [MESSAGE][PASSED] - Send request successfully

2022-11-22 16:02:46 - [TEST_STEP][PASSED] - slurper = new groovy.json.JsonSlurper(): null

2022-11-22 16:02:46 - [TEST_STEP][PASSED] - result = slurper.parseText(req_data.getResponseBodyContent()): null

2022-11-22 16:02:46 - [TEST_STEP][PASSED] - reqid_kons = requestid1: null

2022-11-22 16:02:46 - [TEST_STEP][PASSED] - reqid_spouse = requestid2: null

2022-11-22 16:02:46 - [TEST_STEP][PASSED] - println("requestid kons : " + reqid_kons): null

2022-11-22 16:02:46 - [TEST_STEP][PASSED] - response_searchME_kons = reqid_kons: null

2022-11-22 16:02:46 - [TEST_STEP][PASSED] - response_searchME_spouse = reqid_spouse: null

2022-11-22 16:02:46 - [TEST_STEP][PASSED] - println("kons req id is :" + response_searchME_kons): null

2022-11-22 16:02:46 - [TEST_STEP][PASSED] - println("spouse req id is : " + response_searchME_spouse): null

2022-11-22 16:02:46 - [TEST_STEP][PASSED] - verifyResponseStatusCode(req_data, 200): Verify response status code successfully

2022-11-22 16:02:46 - [MESSAGE][PASSED] - Verify response status code successfully

2022-11-22 16:02:46 - [TEST_STEP][PASSED] - response = req_data.getResponseText(): null

2022-11-22 16:02:46 - [TEST_STEP][PASSED] - logInfo($response): {"status":"Done","data":{"requestid1":"242110","requestid2":""}}

2022-11-22 16:02:46 - [MESSAGE][INFO] - {"status":"Done","data":{"requestid1":"242110","requestid2":""}}

2022-11-22 16:02:46 - [TEST_STEP][PASSED] - delay(3): Delayed 3 second(s)

2022-11-22 16:02:49 - [MESSAGE][PASSED] - Delayed 3 second(s)

2022-11-22 16:02:49 - [TEST_STEP][PASSED] - scoring = sendRequest(findTestObject("EngineScore", ["response_searchME_kons":response_searchME_kons, "response_searchME_spouse":response_searchME_spouse])): Send request successfully

2022-11-22 16:02:49 - [MESSAGE][INFO] - HAR: D:\DMS\Engine Scoring\Reports\20221122_153620\Exclude KKB - DS\Scoring Individu - Used\20221122_153620\requests\main\555.har

2022-11-22 16:02:49 - [MESSAGE][PASSED] - Send request successfully

2022-11-22 16:02:49 - [TEST_STEP][PASSED] - verifyResponseStatusCode(scoring, 200): Verify response status code successfully

2022-11-22 16:02:49 - [MESSAGE][PASSED] - Verify response status code successfully

2022-11-22 16:02:49 - [TEST_STEP][PASSED] - response2 = scoring.getResponseText(): null

2022-11-22 16:02:49 - [TEST_STEP][PASSED] - markPassed("result service data ke : " + no): result service data ke : 278

2022-11-22 16:02:49 - [MESSAGE][PASSED] - result service data ke : 278

2022-11-22 16:02:49 - [TEST_STEP][PASSED] - logInfo($response2): {"result_konsumen":"Reject","result_pasangan":"","Final_result":"Reject","errorMessage":"","status":"Done"}

2022-11-22 16:02:49 - [MESSAGE][INFO] - {"result_konsumen":"Reject","result_pasangan":"","Final_result":"Reject","errorMessage":"","status":"Done"}

2022-11-22 16:02:49 - [TEST_STEP][PASSED] - verifyElementPropertyValue(scoring, "Final_result", final_result): Verify element property value successfully

2022-11-22 16:02:49 - [MESSAGE][PASSED] - Verify element property value successfully]]></system-out>
         <system-err><![CDATA[]]></system-err>
      </testcase>
      <testcase name="Test Cases/Engine_Scoring/Engine Scoring" time="6.431" classname="Test Cases/Engine_Scoring/Engine Scoring" status="PASSED">
         <system-out><![CDATA[2022-11-22 16:02:50 - [TEST_CASE][PASSED] - Test Cases/Engine_Scoring/Engine Scoring: Test Cases/Engine_Scoring/Engine Scoring

2022-11-22 16:02:51 - [TEST_STEP][PASSED] - markPassed("Variasi data ke : " + no): Variasi data ke : 279

2022-11-22 16:02:51 - [MESSAGE][PASSED] - Variasi data ke : 279

2022-11-22 16:02:51 - [TEST_STEP][PASSED] - req_data = sendRequest(findTestObject("Search_ME", ["MID":MID, "source":source, "ip":ip, "userid":userid, "branch":branch, "tipekons":tipekons, "marital":marital, "penjamin":penjamin, ... ])): Send request successfully

2022-11-22 16:02:53 - [MESSAGE][INFO] - HAR: D:\DMS\Engine Scoring\Reports\20221122_153620\Exclude KKB - DS\Scoring Individu - Used\20221122_153620\requests\main\556.har

2022-11-22 16:02:53 - [MESSAGE][PASSED] - Send request successfully

2022-11-22 16:02:53 - [TEST_STEP][PASSED] - slurper = new groovy.json.JsonSlurper(): null

2022-11-22 16:02:53 - [TEST_STEP][PASSED] - result = slurper.parseText(req_data.getResponseBodyContent()): null

2022-11-22 16:02:53 - [TEST_STEP][PASSED] - reqid_kons = requestid1: null

2022-11-22 16:02:53 - [TEST_STEP][PASSED] - reqid_spouse = requestid2: null

2022-11-22 16:02:53 - [TEST_STEP][PASSED] - println("requestid kons : " + reqid_kons): null

2022-11-22 16:02:53 - [TEST_STEP][PASSED] - response_searchME_kons = reqid_kons: null

2022-11-22 16:02:53 - [TEST_STEP][PASSED] - response_searchME_spouse = reqid_spouse: null

2022-11-22 16:02:53 - [TEST_STEP][PASSED] - println("kons req id is :" + response_searchME_kons): null

2022-11-22 16:02:53 - [TEST_STEP][PASSED] - println("spouse req id is : " + response_searchME_spouse): null

2022-11-22 16:02:53 - [TEST_STEP][PASSED] - verifyResponseStatusCode(req_data, 200): Verify response status code successfully

2022-11-22 16:02:53 - [MESSAGE][PASSED] - Verify response status code successfully

2022-11-22 16:02:53 - [TEST_STEP][PASSED] - response = req_data.getResponseText(): null

2022-11-22 16:02:53 - [TEST_STEP][PASSED] - logInfo($response): {"status":"Done","data":{"requestid1":"242111","requestid2":""}}

2022-11-22 16:02:53 - [MESSAGE][INFO] - {"status":"Done","data":{"requestid1":"242111","requestid2":""}}

2022-11-22 16:02:53 - [TEST_STEP][PASSED] - delay(3): Delayed 3 second(s)

2022-11-22 16:02:56 - [MESSAGE][PASSED] - Delayed 3 second(s)

2022-11-22 16:02:56 - [TEST_STEP][PASSED] - scoring = sendRequest(findTestObject("EngineScore", ["response_searchME_kons":response_searchME_kons, "response_searchME_spouse":response_searchME_spouse])): Send request successfully

2022-11-22 16:02:56 - [MESSAGE][INFO] - HAR: D:\DMS\Engine Scoring\Reports\20221122_153620\Exclude KKB - DS\Scoring Individu - Used\20221122_153620\requests\main\557.har

2022-11-22 16:02:56 - [MESSAGE][PASSED] - Send request successfully

2022-11-22 16:02:56 - [TEST_STEP][PASSED] - verifyResponseStatusCode(scoring, 200): Verify response status code successfully

2022-11-22 16:02:56 - [MESSAGE][PASSED] - Verify response status code successfully

2022-11-22 16:02:56 - [TEST_STEP][PASSED] - response2 = scoring.getResponseText(): null

2022-11-22 16:02:56 - [TEST_STEP][PASSED] - markPassed("result service data ke : " + no): result service data ke : 279

2022-11-22 16:02:56 - [MESSAGE][PASSED] - result service data ke : 279

2022-11-22 16:02:56 - [TEST_STEP][PASSED] - logInfo($response2): {"result_konsumen":"Reject","result_pasangan":"","Final_result":"Reject","errorMessage":"","status":"Done"}

2022-11-22 16:02:56 - [MESSAGE][INFO] - {"result_konsumen":"Reject","result_pasangan":"","Final_result":"Reject","errorMessage":"","status":"Done"}

2022-11-22 16:02:56 - [TEST_STEP][PASSED] - verifyElementPropertyValue(scoring, "Final_result", final_result): Verify element property value successfully

2022-11-22 16:02:56 - [MESSAGE][PASSED] - Verify element property value successfully]]></system-out>
         <system-err><![CDATA[]]></system-err>
      </testcase>
      <testcase name="Test Cases/Engine_Scoring/Engine Scoring" time="6.578" classname="Test Cases/Engine_Scoring/Engine Scoring" status="PASSED">
         <system-out><![CDATA[2022-11-22 16:02:56 - [TEST_CASE][PASSED] - Test Cases/Engine_Scoring/Engine Scoring: Test Cases/Engine_Scoring/Engine Scoring

2022-11-22 16:02:58 - [TEST_STEP][PASSED] - markPassed("Variasi data ke : " + no): Variasi data ke : 280

2022-11-22 16:02:58 - [MESSAGE][PASSED] - Variasi data ke : 280

2022-11-22 16:02:58 - [TEST_STEP][PASSED] - req_data = sendRequest(findTestObject("Search_ME", ["MID":MID, "source":source, "ip":ip, "userid":userid, "branch":branch, "tipekons":tipekons, "marital":marital, "penjamin":penjamin, ... ])): Send request successfully

2022-11-22 16:02:59 - [MESSAGE][INFO] - HAR: D:\DMS\Engine Scoring\Reports\20221122_153620\Exclude KKB - DS\Scoring Individu - Used\20221122_153620\requests\main\558.har

2022-11-22 16:02:59 - [MESSAGE][PASSED] - Send request successfully

2022-11-22 16:02:59 - [TEST_STEP][PASSED] - slurper = new groovy.json.JsonSlurper(): null

2022-11-22 16:02:59 - [TEST_STEP][PASSED] - result = slurper.parseText(req_data.getResponseBodyContent()): null

2022-11-22 16:02:59 - [TEST_STEP][PASSED] - reqid_kons = requestid1: null

2022-11-22 16:02:59 - [TEST_STEP][PASSED] - reqid_spouse = requestid2: null

2022-11-22 16:02:59 - [TEST_STEP][PASSED] - println("requestid kons : " + reqid_kons): null

2022-11-22 16:02:59 - [TEST_STEP][PASSED] - response_searchME_kons = reqid_kons: null

2022-11-22 16:02:59 - [TEST_STEP][PASSED] - response_searchME_spouse = reqid_spouse: null

2022-11-22 16:02:59 - [TEST_STEP][PASSED] - println("kons req id is :" + response_searchME_kons): null

2022-11-22 16:02:59 - [TEST_STEP][PASSED] - println("spouse req id is : " + response_searchME_spouse): null

2022-11-22 16:02:59 - [TEST_STEP][PASSED] - verifyResponseStatusCode(req_data, 200): Verify response status code successfully

2022-11-22 16:02:59 - [MESSAGE][PASSED] - Verify response status code successfully

2022-11-22 16:02:59 - [TEST_STEP][PASSED] - response = req_data.getResponseText(): null

2022-11-22 16:02:59 - [TEST_STEP][PASSED] - logInfo($response): {"status":"Done","data":{"requestid1":"242112","requestid2":""}}

2022-11-22 16:02:59 - [MESSAGE][INFO] - {"status":"Done","data":{"requestid1":"242112","requestid2":""}}

2022-11-22 16:02:59 - [TEST_STEP][PASSED] - delay(3): Delayed 3 second(s)

2022-11-22 16:03:02 - [MESSAGE][PASSED] - Delayed 3 second(s)

2022-11-22 16:03:02 - [TEST_STEP][PASSED] - scoring = sendRequest(findTestObject("EngineScore", ["response_searchME_kons":response_searchME_kons, "response_searchME_spouse":response_searchME_spouse])): Send request successfully

2022-11-22 16:03:03 - [MESSAGE][INFO] - HAR: D:\DMS\Engine Scoring\Reports\20221122_153620\Exclude KKB - DS\Scoring Individu - Used\20221122_153620\requests\main\559.har

2022-11-22 16:03:03 - [MESSAGE][PASSED] - Send request successfully

2022-11-22 16:03:03 - [TEST_STEP][PASSED] - verifyResponseStatusCode(scoring, 200): Verify response status code successfully

2022-11-22 16:03:03 - [MESSAGE][PASSED] - Verify response status code successfully

2022-11-22 16:03:03 - [TEST_STEP][PASSED] - response2 = scoring.getResponseText(): null

2022-11-22 16:03:03 - [TEST_STEP][PASSED] - markPassed("result service data ke : " + no): result service data ke : 280

2022-11-22 16:03:03 - [MESSAGE][PASSED] - result service data ke : 280

2022-11-22 16:03:03 - [TEST_STEP][PASSED] - logInfo($response2): {"result_konsumen":"Reject","result_pasangan":"","Final_result":"Reject","errorMessage":"","status":"Done"}

2022-11-22 16:03:03 - [MESSAGE][INFO] - {"result_konsumen":"Reject","result_pasangan":"","Final_result":"Reject","errorMessage":"","status":"Done"}

2022-11-22 16:03:03 - [TEST_STEP][PASSED] - verifyElementPropertyValue(scoring, "Final_result", final_result): Verify element property value successfully

2022-11-22 16:03:03 - [MESSAGE][PASSED] - Verify element property value successfully]]></system-out>
         <system-err><![CDATA[]]></system-err>
      </testcase>
      <testcase name="Test Cases/Engine_Scoring/Engine Scoring" time="6.376" classname="Test Cases/Engine_Scoring/Engine Scoring" status="PASSED">
         <system-out><![CDATA[2022-11-22 16:03:03 - [TEST_CASE][PASSED] - Test Cases/Engine_Scoring/Engine Scoring: Test Cases/Engine_Scoring/Engine Scoring

2022-11-22 16:03:04 - [TEST_STEP][PASSED] - markPassed("Variasi data ke : " + no): Variasi data ke : 281

2022-11-22 16:03:04 - [MESSAGE][PASSED] - Variasi data ke : 281

2022-11-22 16:03:04 - [TEST_STEP][PASSED] - req_data = sendRequest(findTestObject("Search_ME", ["MID":MID, "source":source, "ip":ip, "userid":userid, "branch":branch, "tipekons":tipekons, "marital":marital, "penjamin":penjamin, ... ])): Send request successfully

2022-11-22 16:03:06 - [MESSAGE][INFO] - HAR: D:\DMS\Engine Scoring\Reports\20221122_153620\Exclude KKB - DS\Scoring Individu - Used\20221122_153620\requests\main\560.har

2022-11-22 16:03:06 - [MESSAGE][PASSED] - Send request successfully

2022-11-22 16:03:06 - [TEST_STEP][PASSED] - slurper = new groovy.json.JsonSlurper(): null

2022-11-22 16:03:06 - [TEST_STEP][PASSED] - result = slurper.parseText(req_data.getResponseBodyContent()): null

2022-11-22 16:03:06 - [TEST_STEP][PASSED] - reqid_kons = requestid1: null

2022-11-22 16:03:06 - [TEST_STEP][PASSED] - reqid_spouse = requestid2: null

2022-11-22 16:03:06 - [TEST_STEP][PASSED] - println("requestid kons : " + reqid_kons): null

2022-11-22 16:03:06 - [TEST_STEP][PASSED] - response_searchME_kons = reqid_kons: null

2022-11-22 16:03:06 - [TEST_STEP][PASSED] - response_searchME_spouse = reqid_spouse: null

2022-11-22 16:03:06 - [TEST_STEP][PASSED] - println("kons req id is :" + response_searchME_kons): null

2022-11-22 16:03:06 - [TEST_STEP][PASSED] - println("spouse req id is : " + response_searchME_spouse): null

2022-11-22 16:03:06 - [TEST_STEP][PASSED] - verifyResponseStatusCode(req_data, 200): Verify response status code successfully

2022-11-22 16:03:06 - [MESSAGE][PASSED] - Verify response status code successfully

2022-11-22 16:03:06 - [TEST_STEP][PASSED] - response = req_data.getResponseText(): null

2022-11-22 16:03:06 - [TEST_STEP][PASSED] - logInfo($response): {"status":"Done","data":{"requestid1":"242113","requestid2":""}}

2022-11-22 16:03:06 - [MESSAGE][INFO] - {"status":"Done","data":{"requestid1":"242113","requestid2":""}}

2022-11-22 16:03:06 - [TEST_STEP][PASSED] - delay(3): Delayed 3 second(s)

2022-11-22 16:03:09 - [MESSAGE][PASSED] - Delayed 3 second(s)

2022-11-22 16:03:09 - [TEST_STEP][PASSED] - scoring = sendRequest(findTestObject("EngineScore", ["response_searchME_kons":response_searchME_kons, "response_searchME_spouse":response_searchME_spouse])): Send request successfully

2022-11-22 16:03:09 - [MESSAGE][INFO] - HAR: D:\DMS\Engine Scoring\Reports\20221122_153620\Exclude KKB - DS\Scoring Individu - Used\20221122_153620\requests\main\561.har

2022-11-22 16:03:09 - [MESSAGE][PASSED] - Send request successfully

2022-11-22 16:03:09 - [TEST_STEP][PASSED] - verifyResponseStatusCode(scoring, 200): Verify response status code successfully

2022-11-22 16:03:09 - [MESSAGE][PASSED] - Verify response status code successfully

2022-11-22 16:03:09 - [TEST_STEP][PASSED] - response2 = scoring.getResponseText(): null

2022-11-22 16:03:09 - [TEST_STEP][PASSED] - markPassed("result service data ke : " + no): result service data ke : 281

2022-11-22 16:03:09 - [MESSAGE][PASSED] - result service data ke : 281

2022-11-22 16:03:09 - [TEST_STEP][PASSED] - logInfo($response2): {"result_konsumen":"Reject","result_pasangan":"","Final_result":"Reject","errorMessage":"","status":"Done"}

2022-11-22 16:03:09 - [MESSAGE][INFO] - {"result_konsumen":"Reject","result_pasangan":"","Final_result":"Reject","errorMessage":"","status":"Done"}

2022-11-22 16:03:09 - [TEST_STEP][PASSED] - verifyElementPropertyValue(scoring, "Final_result", final_result): Verify element property value successfully

2022-11-22 16:03:09 - [MESSAGE][PASSED] - Verify element property value successfully]]></system-out>
         <system-err><![CDATA[]]></system-err>
      </testcase>
      <testcase name="Test Cases/Engine_Scoring/Engine Scoring" time="6.307" classname="Test Cases/Engine_Scoring/Engine Scoring" status="PASSED">
         <system-out><![CDATA[2022-11-22 16:03:09 - [TEST_CASE][PASSED] - Test Cases/Engine_Scoring/Engine Scoring: Test Cases/Engine_Scoring/Engine Scoring

2022-11-22 16:03:11 - [TEST_STEP][PASSED] - markPassed("Variasi data ke : " + no): Variasi data ke : 282

2022-11-22 16:03:11 - [MESSAGE][PASSED] - Variasi data ke : 282

2022-11-22 16:03:11 - [TEST_STEP][PASSED] - req_data = sendRequest(findTestObject("Search_ME", ["MID":MID, "source":source, "ip":ip, "userid":userid, "branch":branch, "tipekons":tipekons, "marital":marital, "penjamin":penjamin, ... ])): Send request successfully

2022-11-22 16:03:12 - [MESSAGE][INFO] - HAR: D:\DMS\Engine Scoring\Reports\20221122_153620\Exclude KKB - DS\Scoring Individu - Used\20221122_153620\requests\main\562.har

2022-11-22 16:03:12 - [MESSAGE][PASSED] - Send request successfully

2022-11-22 16:03:12 - [TEST_STEP][PASSED] - slurper = new groovy.json.JsonSlurper(): null

2022-11-22 16:03:12 - [TEST_STEP][PASSED] - result = slurper.parseText(req_data.getResponseBodyContent()): null

2022-11-22 16:03:12 - [TEST_STEP][PASSED] - reqid_kons = requestid1: null

2022-11-22 16:03:12 - [TEST_STEP][PASSED] - reqid_spouse = requestid2: null

2022-11-22 16:03:12 - [TEST_STEP][PASSED] - println("requestid kons : " + reqid_kons): null

2022-11-22 16:03:12 - [TEST_STEP][PASSED] - response_searchME_kons = reqid_kons: null

2022-11-22 16:03:12 - [TEST_STEP][PASSED] - response_searchME_spouse = reqid_spouse: null

2022-11-22 16:03:12 - [TEST_STEP][PASSED] - println("kons req id is :" + response_searchME_kons): null

2022-11-22 16:03:12 - [TEST_STEP][PASSED] - println("spouse req id is : " + response_searchME_spouse): null

2022-11-22 16:03:12 - [TEST_STEP][PASSED] - verifyResponseStatusCode(req_data, 200): Verify response status code successfully

2022-11-22 16:03:12 - [MESSAGE][PASSED] - Verify response status code successfully

2022-11-22 16:03:12 - [TEST_STEP][PASSED] - response = req_data.getResponseText(): null

2022-11-22 16:03:12 - [TEST_STEP][PASSED] - logInfo($response): {"status":"Done","data":{"requestid1":"242114","requestid2":""}}

2022-11-22 16:03:12 - [MESSAGE][INFO] - {"status":"Done","data":{"requestid1":"242114","requestid2":""}}

2022-11-22 16:03:12 - [TEST_STEP][PASSED] - delay(3): Delayed 3 second(s)

2022-11-22 16:03:15 - [MESSAGE][PASSED] - Delayed 3 second(s)

2022-11-22 16:03:15 - [TEST_STEP][PASSED] - scoring = sendRequest(findTestObject("EngineScore", ["response_searchME_kons":response_searchME_kons, "response_searchME_spouse":response_searchME_spouse])): Send request successfully

2022-11-22 16:03:15 - [MESSAGE][INFO] - HAR: D:\DMS\Engine Scoring\Reports\20221122_153620\Exclude KKB - DS\Scoring Individu - Used\20221122_153620\requests\main\563.har

2022-11-22 16:03:15 - [MESSAGE][PASSED] - Send request successfully

2022-11-22 16:03:15 - [TEST_STEP][PASSED] - verifyResponseStatusCode(scoring, 200): Verify response status code successfully

2022-11-22 16:03:15 - [MESSAGE][PASSED] - Verify response status code successfully

2022-11-22 16:03:15 - [TEST_STEP][PASSED] - response2 = scoring.getResponseText(): null

2022-11-22 16:03:15 - [TEST_STEP][PASSED] - markPassed("result service data ke : " + no): result service data ke : 282

2022-11-22 16:03:15 - [MESSAGE][PASSED] - result service data ke : 282

2022-11-22 16:03:15 - [TEST_STEP][PASSED] - logInfo($response2): {"result_konsumen":"Reject","result_pasangan":"","Final_result":"Reject","errorMessage":"","status":"Done"}

2022-11-22 16:03:15 - [MESSAGE][INFO] - {"result_konsumen":"Reject","result_pasangan":"","Final_result":"Reject","errorMessage":"","status":"Done"}

2022-11-22 16:03:15 - [TEST_STEP][PASSED] - verifyElementPropertyValue(scoring, "Final_result", final_result): Verify element property value successfully

2022-11-22 16:03:15 - [MESSAGE][PASSED] - Verify element property value successfully]]></system-out>
         <system-err><![CDATA[]]></system-err>
      </testcase>
      <testcase name="Test Cases/Engine_Scoring/Engine Scoring" time="6.697" classname="Test Cases/Engine_Scoring/Engine Scoring" status="PASSED">
         <system-out><![CDATA[2022-11-22 16:03:16 - [TEST_CASE][PASSED] - Test Cases/Engine_Scoring/Engine Scoring: Test Cases/Engine_Scoring/Engine Scoring

2022-11-22 16:03:17 - [TEST_STEP][PASSED] - markPassed("Variasi data ke : " + no): Variasi data ke : 283

2022-11-22 16:03:17 - [MESSAGE][PASSED] - Variasi data ke : 283

2022-11-22 16:03:17 - [TEST_STEP][PASSED] - req_data = sendRequest(findTestObject("Search_ME", ["MID":MID, "source":source, "ip":ip, "userid":userid, "branch":branch, "tipekons":tipekons, "marital":marital, "penjamin":penjamin, ... ])): Send request successfully

2022-11-22 16:03:19 - [MESSAGE][INFO] - HAR: D:\DMS\Engine Scoring\Reports\20221122_153620\Exclude KKB - DS\Scoring Individu - Used\20221122_153620\requests\main\564.har

2022-11-22 16:03:19 - [MESSAGE][PASSED] - Send request successfully

2022-11-22 16:03:19 - [TEST_STEP][PASSED] - slurper = new groovy.json.JsonSlurper(): null

2022-11-22 16:03:19 - [TEST_STEP][PASSED] - result = slurper.parseText(req_data.getResponseBodyContent()): null

2022-11-22 16:03:19 - [TEST_STEP][PASSED] - reqid_kons = requestid1: null

2022-11-22 16:03:19 - [TEST_STEP][PASSED] - reqid_spouse = requestid2: null

2022-11-22 16:03:19 - [TEST_STEP][PASSED] - println("requestid kons : " + reqid_kons): null

2022-11-22 16:03:19 - [TEST_STEP][PASSED] - response_searchME_kons = reqid_kons: null

2022-11-22 16:03:19 - [TEST_STEP][PASSED] - response_searchME_spouse = reqid_spouse: null

2022-11-22 16:03:19 - [TEST_STEP][PASSED] - println("kons req id is :" + response_searchME_kons): null

2022-11-22 16:03:19 - [TEST_STEP][PASSED] - println("spouse req id is : " + response_searchME_spouse): null

2022-11-22 16:03:19 - [TEST_STEP][PASSED] - verifyResponseStatusCode(req_data, 200): Verify response status code successfully

2022-11-22 16:03:19 - [MESSAGE][PASSED] - Verify response status code successfully

2022-11-22 16:03:19 - [TEST_STEP][PASSED] - response = req_data.getResponseText(): null

2022-11-22 16:03:19 - [TEST_STEP][PASSED] - logInfo($response): {"status":"Done","data":{"requestid1":"242115","requestid2":""}}

2022-11-22 16:03:19 - [MESSAGE][INFO] - {"status":"Done","data":{"requestid1":"242115","requestid2":""}}

2022-11-22 16:03:19 - [TEST_STEP][PASSED] - delay(3): Delayed 3 second(s)

2022-11-22 16:03:22 - [MESSAGE][PASSED] - Delayed 3 second(s)

2022-11-22 16:03:22 - [TEST_STEP][PASSED] - scoring = sendRequest(findTestObject("EngineScore", ["response_searchME_kons":response_searchME_kons, "response_searchME_spouse":response_searchME_spouse])): Send request successfully

2022-11-22 16:03:22 - [MESSAGE][INFO] - HAR: D:\DMS\Engine Scoring\Reports\20221122_153620\Exclude KKB - DS\Scoring Individu - Used\20221122_153620\requests\main\565.har

2022-11-22 16:03:22 - [MESSAGE][PASSED] - Send request successfully

2022-11-22 16:03:22 - [TEST_STEP][PASSED] - verifyResponseStatusCode(scoring, 200): Verify response status code successfully

2022-11-22 16:03:22 - [MESSAGE][PASSED] - Verify response status code successfully

2022-11-22 16:03:22 - [TEST_STEP][PASSED] - response2 = scoring.getResponseText(): null

2022-11-22 16:03:22 - [TEST_STEP][PASSED] - markPassed("result service data ke : " + no): result service data ke : 283

2022-11-22 16:03:22 - [MESSAGE][PASSED] - result service data ke : 283

2022-11-22 16:03:22 - [TEST_STEP][PASSED] - logInfo($response2): {"result_konsumen":"Reject","result_pasangan":"","Final_result":"Reject","errorMessage":"","status":"Done"}

2022-11-22 16:03:22 - [MESSAGE][INFO] - {"result_konsumen":"Reject","result_pasangan":"","Final_result":"Reject","errorMessage":"","status":"Done"}

2022-11-22 16:03:22 - [TEST_STEP][PASSED] - verifyElementPropertyValue(scoring, "Final_result", final_result): Verify element property value successfully

2022-11-22 16:03:22 - [MESSAGE][PASSED] - Verify element property value successfully]]></system-out>
         <system-err><![CDATA[]]></system-err>
      </testcase>
      <testcase name="Test Cases/Engine_Scoring/Engine Scoring" time="6.326" classname="Test Cases/Engine_Scoring/Engine Scoring" status="PASSED">
         <system-out><![CDATA[2022-11-22 16:03:22 - [TEST_CASE][PASSED] - Test Cases/Engine_Scoring/Engine Scoring: Test Cases/Engine_Scoring/Engine Scoring

2022-11-22 16:03:24 - [TEST_STEP][PASSED] - markPassed("Variasi data ke : " + no): Variasi data ke : 284

2022-11-22 16:03:24 - [MESSAGE][PASSED] - Variasi data ke : 284

2022-11-22 16:03:24 - [TEST_STEP][PASSED] - req_data = sendRequest(findTestObject("Search_ME", ["MID":MID, "source":source, "ip":ip, "userid":userid, "branch":branch, "tipekons":tipekons, "marital":marital, "penjamin":penjamin, ... ])): Send request successfully

2022-11-22 16:03:25 - [MESSAGE][INFO] - HAR: D:\DMS\Engine Scoring\Reports\20221122_153620\Exclude KKB - DS\Scoring Individu - Used\20221122_153620\requests\main\566.har

2022-11-22 16:03:25 - [MESSAGE][PASSED] - Send request successfully

2022-11-22 16:03:25 - [TEST_STEP][PASSED] - slurper = new groovy.json.JsonSlurper(): null

2022-11-22 16:03:25 - [TEST_STEP][PASSED] - result = slurper.parseText(req_data.getResponseBodyContent()): null

2022-11-22 16:03:25 - [TEST_STEP][PASSED] - reqid_kons = requestid1: null

2022-11-22 16:03:25 - [TEST_STEP][PASSED] - reqid_spouse = requestid2: null

2022-11-22 16:03:25 - [TEST_STEP][PASSED] - println("requestid kons : " + reqid_kons): null

2022-11-22 16:03:25 - [TEST_STEP][PASSED] - response_searchME_kons = reqid_kons: null

2022-11-22 16:03:25 - [TEST_STEP][PASSED] - response_searchME_spouse = reqid_spouse: null

2022-11-22 16:03:25 - [TEST_STEP][PASSED] - println("kons req id is :" + response_searchME_kons): null

2022-11-22 16:03:25 - [TEST_STEP][PASSED] - println("spouse req id is : " + response_searchME_spouse): null

2022-11-22 16:03:25 - [TEST_STEP][PASSED] - verifyResponseStatusCode(req_data, 200): Verify response status code successfully

2022-11-22 16:03:25 - [MESSAGE][PASSED] - Verify response status code successfully

2022-11-22 16:03:25 - [TEST_STEP][PASSED] - response = req_data.getResponseText(): null

2022-11-22 16:03:25 - [TEST_STEP][PASSED] - logInfo($response): {"status":"Done","data":{"requestid1":"242116","requestid2":""}}

2022-11-22 16:03:25 - [MESSAGE][INFO] - {"status":"Done","data":{"requestid1":"242116","requestid2":""}}

2022-11-22 16:03:25 - [TEST_STEP][PASSED] - delay(3): Delayed 3 second(s)

2022-11-22 16:03:29 - [MESSAGE][PASSED] - Delayed 3 second(s)

2022-11-22 16:03:29 - [TEST_STEP][PASSED] - scoring = sendRequest(findTestObject("EngineScore", ["response_searchME_kons":response_searchME_kons, "response_searchME_spouse":response_searchME_spouse])): Send request successfully

2022-11-22 16:03:29 - [MESSAGE][INFO] - HAR: D:\DMS\Engine Scoring\Reports\20221122_153620\Exclude KKB - DS\Scoring Individu - Used\20221122_153620\requests\main\567.har

2022-11-22 16:03:29 - [MESSAGE][PASSED] - Send request successfully

2022-11-22 16:03:29 - [TEST_STEP][PASSED] - verifyResponseStatusCode(scoring, 200): Verify response status code successfully

2022-11-22 16:03:29 - [MESSAGE][PASSED] - Verify response status code successfully

2022-11-22 16:03:29 - [TEST_STEP][PASSED] - response2 = scoring.getResponseText(): null

2022-11-22 16:03:29 - [TEST_STEP][PASSED] - markPassed("result service data ke : " + no): result service data ke : 284

2022-11-22 16:03:29 - [MESSAGE][PASSED] - result service data ke : 284

2022-11-22 16:03:29 - [TEST_STEP][PASSED] - logInfo($response2): {"result_konsumen":"Reject","result_pasangan":"","Final_result":"Reject","errorMessage":"","status":"Done"}

2022-11-22 16:03:29 - [MESSAGE][INFO] - {"result_konsumen":"Reject","result_pasangan":"","Final_result":"Reject","errorMessage":"","status":"Done"}

2022-11-22 16:03:29 - [TEST_STEP][PASSED] - verifyElementPropertyValue(scoring, "Final_result", final_result): Verify element property value successfully

2022-11-22 16:03:29 - [MESSAGE][PASSED] - Verify element property value successfully]]></system-out>
         <system-err><![CDATA[]]></system-err>
      </testcase>
      <testcase name="Test Cases/Engine_Scoring/Engine Scoring" time="6.506" classname="Test Cases/Engine_Scoring/Engine Scoring" status="PASSED">
         <system-out><![CDATA[2022-11-22 16:03:29 - [TEST_CASE][PASSED] - Test Cases/Engine_Scoring/Engine Scoring: Test Cases/Engine_Scoring/Engine Scoring

2022-11-22 16:03:30 - [TEST_STEP][PASSED] - markPassed("Variasi data ke : " + no): Variasi data ke : 285

2022-11-22 16:03:30 - [MESSAGE][PASSED] - Variasi data ke : 285

2022-11-22 16:03:30 - [TEST_STEP][PASSED] - req_data = sendRequest(findTestObject("Search_ME", ["MID":MID, "source":source, "ip":ip, "userid":userid, "branch":branch, "tipekons":tipekons, "marital":marital, "penjamin":penjamin, ... ])): Send request successfully

2022-11-22 16:03:32 - [MESSAGE][INFO] - HAR: D:\DMS\Engine Scoring\Reports\20221122_153620\Exclude KKB - DS\Scoring Individu - Used\20221122_153620\requests\main\568.har

2022-11-22 16:03:32 - [MESSAGE][PASSED] - Send request successfully

2022-11-22 16:03:32 - [TEST_STEP][PASSED] - slurper = new groovy.json.JsonSlurper(): null

2022-11-22 16:03:32 - [TEST_STEP][PASSED] - result = slurper.parseText(req_data.getResponseBodyContent()): null

2022-11-22 16:03:32 - [TEST_STEP][PASSED] - reqid_kons = requestid1: null

2022-11-22 16:03:32 - [TEST_STEP][PASSED] - reqid_spouse = requestid2: null

2022-11-22 16:03:32 - [TEST_STEP][PASSED] - println("requestid kons : " + reqid_kons): null

2022-11-22 16:03:32 - [TEST_STEP][PASSED] - response_searchME_kons = reqid_kons: null

2022-11-22 16:03:32 - [TEST_STEP][PASSED] - response_searchME_spouse = reqid_spouse: null

2022-11-22 16:03:32 - [TEST_STEP][PASSED] - println("kons req id is :" + response_searchME_kons): null

2022-11-22 16:03:32 - [TEST_STEP][PASSED] - println("spouse req id is : " + response_searchME_spouse): null

2022-11-22 16:03:32 - [TEST_STEP][PASSED] - verifyResponseStatusCode(req_data, 200): Verify response status code successfully

2022-11-22 16:03:32 - [MESSAGE][PASSED] - Verify response status code successfully

2022-11-22 16:03:32 - [TEST_STEP][PASSED] - response = req_data.getResponseText(): null

2022-11-22 16:03:32 - [TEST_STEP][PASSED] - logInfo($response): {"status":"Done","data":{"requestid1":"242117","requestid2":""}}

2022-11-22 16:03:32 - [MESSAGE][INFO] - {"status":"Done","data":{"requestid1":"242117","requestid2":""}}

2022-11-22 16:03:32 - [TEST_STEP][PASSED] - delay(3): Delayed 3 second(s)

2022-11-22 16:03:35 - [MESSAGE][PASSED] - Delayed 3 second(s)

2022-11-22 16:03:35 - [TEST_STEP][PASSED] - scoring = sendRequest(findTestObject("EngineScore", ["response_searchME_kons":response_searchME_kons, "response_searchME_spouse":response_searchME_spouse])): Send request successfully

2022-11-22 16:03:35 - [MESSAGE][INFO] - HAR: D:\DMS\Engine Scoring\Reports\20221122_153620\Exclude KKB - DS\Scoring Individu - Used\20221122_153620\requests\main\569.har

2022-11-22 16:03:35 - [MESSAGE][PASSED] - Send request successfully

2022-11-22 16:03:35 - [TEST_STEP][PASSED] - verifyResponseStatusCode(scoring, 200): Verify response status code successfully

2022-11-22 16:03:35 - [MESSAGE][PASSED] - Verify response status code successfully

2022-11-22 16:03:35 - [TEST_STEP][PASSED] - response2 = scoring.getResponseText(): null

2022-11-22 16:03:35 - [TEST_STEP][PASSED] - markPassed("result service data ke : " + no): result service data ke : 285

2022-11-22 16:03:35 - [MESSAGE][PASSED] - result service data ke : 285

2022-11-22 16:03:35 - [TEST_STEP][PASSED] - logInfo($response2): {"result_konsumen":"Reject","result_pasangan":"","Final_result":"Reject","errorMessage":"","status":"Done"}

2022-11-22 16:03:35 - [MESSAGE][INFO] - {"result_konsumen":"Reject","result_pasangan":"","Final_result":"Reject","errorMessage":"","status":"Done"}

2022-11-22 16:03:35 - [TEST_STEP][PASSED] - verifyElementPropertyValue(scoring, "Final_result", final_result): Verify element property value successfully

2022-11-22 16:03:35 - [MESSAGE][PASSED] - Verify element property value successfully]]></system-out>
         <system-err><![CDATA[]]></system-err>
      </testcase>
      <testcase name="Test Cases/Engine_Scoring/Engine Scoring" time="6.372" classname="Test Cases/Engine_Scoring/Engine Scoring" status="PASSED">
         <system-out><![CDATA[2022-11-22 16:03:35 - [TEST_CASE][PASSED] - Test Cases/Engine_Scoring/Engine Scoring: Test Cases/Engine_Scoring/Engine Scoring

2022-11-22 16:03:37 - [TEST_STEP][PASSED] - markPassed("Variasi data ke : " + no): Variasi data ke : 286

2022-11-22 16:03:37 - [MESSAGE][PASSED] - Variasi data ke : 286

2022-11-22 16:03:37 - [TEST_STEP][PASSED] - req_data = sendRequest(findTestObject("Search_ME", ["MID":MID, "source":source, "ip":ip, "userid":userid, "branch":branch, "tipekons":tipekons, "marital":marital, "penjamin":penjamin, ... ])): Send request successfully

2022-11-22 16:03:39 - [MESSAGE][INFO] - HAR: D:\DMS\Engine Scoring\Reports\20221122_153620\Exclude KKB - DS\Scoring Individu - Used\20221122_153620\requests\main\570.har

2022-11-22 16:03:39 - [MESSAGE][PASSED] - Send request successfully

2022-11-22 16:03:39 - [TEST_STEP][PASSED] - slurper = new groovy.json.JsonSlurper(): null

2022-11-22 16:03:39 - [TEST_STEP][PASSED] - result = slurper.parseText(req_data.getResponseBodyContent()): null

2022-11-22 16:03:39 - [TEST_STEP][PASSED] - reqid_kons = requestid1: null

2022-11-22 16:03:39 - [TEST_STEP][PASSED] - reqid_spouse = requestid2: null

2022-11-22 16:03:39 - [TEST_STEP][PASSED] - println("requestid kons : " + reqid_kons): null

2022-11-22 16:03:39 - [TEST_STEP][PASSED] - response_searchME_kons = reqid_kons: null

2022-11-22 16:03:39 - [TEST_STEP][PASSED] - response_searchME_spouse = reqid_spouse: null

2022-11-22 16:03:39 - [TEST_STEP][PASSED] - println("kons req id is :" + response_searchME_kons): null

2022-11-22 16:03:39 - [TEST_STEP][PASSED] - println("spouse req id is : " + response_searchME_spouse): null

2022-11-22 16:03:39 - [TEST_STEP][PASSED] - verifyResponseStatusCode(req_data, 200): Verify response status code successfully

2022-11-22 16:03:39 - [MESSAGE][PASSED] - Verify response status code successfully

2022-11-22 16:03:39 - [TEST_STEP][PASSED] - response = req_data.getResponseText(): null

2022-11-22 16:03:39 - [TEST_STEP][PASSED] - logInfo($response): {"status":"Done","data":{"requestid1":"242118","requestid2":""}}

2022-11-22 16:03:39 - [MESSAGE][INFO] - {"status":"Done","data":{"requestid1":"242118","requestid2":""}}

2022-11-22 16:03:39 - [TEST_STEP][PASSED] - delay(3): Delayed 3 second(s)

2022-11-22 16:03:42 - [MESSAGE][PASSED] - Delayed 3 second(s)

2022-11-22 16:03:42 - [TEST_STEP][PASSED] - scoring = sendRequest(findTestObject("EngineScore", ["response_searchME_kons":response_searchME_kons, "response_searchME_spouse":response_searchME_spouse])): Send request successfully

2022-11-22 16:03:42 - [MESSAGE][INFO] - HAR: D:\DMS\Engine Scoring\Reports\20221122_153620\Exclude KKB - DS\Scoring Individu - Used\20221122_153620\requests\main\571.har

2022-11-22 16:03:42 - [MESSAGE][PASSED] - Send request successfully

2022-11-22 16:03:42 - [TEST_STEP][PASSED] - verifyResponseStatusCode(scoring, 200): Verify response status code successfully

2022-11-22 16:03:42 - [MESSAGE][PASSED] - Verify response status code successfully

2022-11-22 16:03:42 - [TEST_STEP][PASSED] - response2 = scoring.getResponseText(): null

2022-11-22 16:03:42 - [TEST_STEP][PASSED] - markPassed("result service data ke : " + no): result service data ke : 286

2022-11-22 16:03:42 - [MESSAGE][PASSED] - result service data ke : 286

2022-11-22 16:03:42 - [TEST_STEP][PASSED] - logInfo($response2): {"result_konsumen":"Reject","result_pasangan":"","Final_result":"Reject","errorMessage":"","status":"Done"}

2022-11-22 16:03:42 - [MESSAGE][INFO] - {"result_konsumen":"Reject","result_pasangan":"","Final_result":"Reject","errorMessage":"","status":"Done"}

2022-11-22 16:03:42 - [TEST_STEP][PASSED] - verifyElementPropertyValue(scoring, "Final_result", final_result): Verify element property value successfully

2022-11-22 16:03:42 - [MESSAGE][PASSED] - Verify element property value successfully]]></system-out>
         <system-err><![CDATA[]]></system-err>
      </testcase>
      <testcase name="Test Cases/Engine_Scoring/Engine Scoring" time="6.428" classname="Test Cases/Engine_Scoring/Engine Scoring" status="PASSED">
         <system-out><![CDATA[2022-11-22 16:03:42 - [TEST_CASE][PASSED] - Test Cases/Engine_Scoring/Engine Scoring: Test Cases/Engine_Scoring/Engine Scoring

2022-11-22 16:03:43 - [TEST_STEP][PASSED] - markPassed("Variasi data ke : " + no): Variasi data ke : 287

2022-11-22 16:03:43 - [MESSAGE][PASSED] - Variasi data ke : 287

2022-11-22 16:03:43 - [TEST_STEP][PASSED] - req_data = sendRequest(findTestObject("Search_ME", ["MID":MID, "source":source, "ip":ip, "userid":userid, "branch":branch, "tipekons":tipekons, "marital":marital, "penjamin":penjamin, ... ])): Send request successfully

2022-11-22 16:03:45 - [MESSAGE][INFO] - HAR: D:\DMS\Engine Scoring\Reports\20221122_153620\Exclude KKB - DS\Scoring Individu - Used\20221122_153620\requests\main\572.har

2022-11-22 16:03:45 - [MESSAGE][PASSED] - Send request successfully

2022-11-22 16:03:45 - [TEST_STEP][PASSED] - slurper = new groovy.json.JsonSlurper(): null

2022-11-22 16:03:45 - [TEST_STEP][PASSED] - result = slurper.parseText(req_data.getResponseBodyContent()): null

2022-11-22 16:03:45 - [TEST_STEP][PASSED] - reqid_kons = requestid1: null

2022-11-22 16:03:45 - [TEST_STEP][PASSED] - reqid_spouse = requestid2: null

2022-11-22 16:03:45 - [TEST_STEP][PASSED] - println("requestid kons : " + reqid_kons): null

2022-11-22 16:03:45 - [TEST_STEP][PASSED] - response_searchME_kons = reqid_kons: null

2022-11-22 16:03:45 - [TEST_STEP][PASSED] - response_searchME_spouse = reqid_spouse: null

2022-11-22 16:03:45 - [TEST_STEP][PASSED] - println("kons req id is :" + response_searchME_kons): null

2022-11-22 16:03:45 - [TEST_STEP][PASSED] - println("spouse req id is : " + response_searchME_spouse): null

2022-11-22 16:03:45 - [TEST_STEP][PASSED] - verifyResponseStatusCode(req_data, 200): Verify response status code successfully

2022-11-22 16:03:45 - [MESSAGE][PASSED] - Verify response status code successfully

2022-11-22 16:03:45 - [TEST_STEP][PASSED] - response = req_data.getResponseText(): null

2022-11-22 16:03:45 - [TEST_STEP][PASSED] - logInfo($response): {"status":"Done","data":{"requestid1":"242119","requestid2":""}}

2022-11-22 16:03:45 - [MESSAGE][INFO] - {"status":"Done","data":{"requestid1":"242119","requestid2":""}}

2022-11-22 16:03:45 - [TEST_STEP][PASSED] - delay(3): Delayed 3 second(s)

2022-11-22 16:03:48 - [MESSAGE][PASSED] - Delayed 3 second(s)

2022-11-22 16:03:48 - [TEST_STEP][PASSED] - scoring = sendRequest(findTestObject("EngineScore", ["response_searchME_kons":response_searchME_kons, "response_searchME_spouse":response_searchME_spouse])): Send request successfully

2022-11-22 16:03:48 - [MESSAGE][INFO] - HAR: D:\DMS\Engine Scoring\Reports\20221122_153620\Exclude KKB - DS\Scoring Individu - Used\20221122_153620\requests\main\573.har

2022-11-22 16:03:48 - [MESSAGE][PASSED] - Send request successfully

2022-11-22 16:03:48 - [TEST_STEP][PASSED] - verifyResponseStatusCode(scoring, 200): Verify response status code successfully

2022-11-22 16:03:48 - [MESSAGE][PASSED] - Verify response status code successfully

2022-11-22 16:03:48 - [TEST_STEP][PASSED] - response2 = scoring.getResponseText(): null

2022-11-22 16:03:48 - [TEST_STEP][PASSED] - markPassed("result service data ke : " + no): result service data ke : 287

2022-11-22 16:03:48 - [MESSAGE][PASSED] - result service data ke : 287

2022-11-22 16:03:48 - [TEST_STEP][PASSED] - logInfo($response2): {"result_konsumen":"Reject","result_pasangan":"","Final_result":"Reject","errorMessage":"","status":"Done"}

2022-11-22 16:03:48 - [MESSAGE][INFO] - {"result_konsumen":"Reject","result_pasangan":"","Final_result":"Reject","errorMessage":"","status":"Done"}

2022-11-22 16:03:48 - [TEST_STEP][PASSED] - verifyElementPropertyValue(scoring, "Final_result", final_result): Verify element property value successfully

2022-11-22 16:03:48 - [MESSAGE][PASSED] - Verify element property value successfully]]></system-out>
         <system-err><![CDATA[]]></system-err>
      </testcase>
      <testcase name="Test Cases/Engine_Scoring/Engine Scoring" time="6.737" classname="Test Cases/Engine_Scoring/Engine Scoring" status="PASSED">
         <system-out><![CDATA[2022-11-22 16:03:48 - [TEST_CASE][PASSED] - Test Cases/Engine_Scoring/Engine Scoring: Test Cases/Engine_Scoring/Engine Scoring

2022-11-22 16:03:50 - [TEST_STEP][PASSED] - markPassed("Variasi data ke : " + no): Variasi data ke : 288

2022-11-22 16:03:50 - [MESSAGE][PASSED] - Variasi data ke : 288

2022-11-22 16:03:50 - [TEST_STEP][PASSED] - req_data = sendRequest(findTestObject("Search_ME", ["MID":MID, "source":source, "ip":ip, "userid":userid, "branch":branch, "tipekons":tipekons, "marital":marital, "penjamin":penjamin, ... ])): Send request successfully

2022-11-22 16:03:52 - [MESSAGE][INFO] - HAR: D:\DMS\Engine Scoring\Reports\20221122_153620\Exclude KKB - DS\Scoring Individu - Used\20221122_153620\requests\main\574.har

2022-11-22 16:03:52 - [MESSAGE][PASSED] - Send request successfully

2022-11-22 16:03:52 - [TEST_STEP][PASSED] - slurper = new groovy.json.JsonSlurper(): null

2022-11-22 16:03:52 - [TEST_STEP][PASSED] - result = slurper.parseText(req_data.getResponseBodyContent()): null

2022-11-22 16:03:52 - [TEST_STEP][PASSED] - reqid_kons = requestid1: null

2022-11-22 16:03:52 - [TEST_STEP][PASSED] - reqid_spouse = requestid2: null

2022-11-22 16:03:52 - [TEST_STEP][PASSED] - println("requestid kons : " + reqid_kons): null

2022-11-22 16:03:52 - [TEST_STEP][PASSED] - response_searchME_kons = reqid_kons: null

2022-11-22 16:03:52 - [TEST_STEP][PASSED] - response_searchME_spouse = reqid_spouse: null

2022-11-22 16:03:52 - [TEST_STEP][PASSED] - println("kons req id is :" + response_searchME_kons): null

2022-11-22 16:03:52 - [TEST_STEP][PASSED] - println("spouse req id is : " + response_searchME_spouse): null

2022-11-22 16:03:52 - [TEST_STEP][PASSED] - verifyResponseStatusCode(req_data, 200): Verify response status code successfully

2022-11-22 16:03:52 - [MESSAGE][PASSED] - Verify response status code successfully

2022-11-22 16:03:52 - [TEST_STEP][PASSED] - response = req_data.getResponseText(): null

2022-11-22 16:03:52 - [TEST_STEP][PASSED] - logInfo($response): {"status":"Done","data":{"requestid1":"242120","requestid2":""}}

2022-11-22 16:03:52 - [MESSAGE][INFO] - {"status":"Done","data":{"requestid1":"242120","requestid2":""}}

2022-11-22 16:03:52 - [TEST_STEP][PASSED] - delay(3): Delayed 3 second(s)

2022-11-22 16:03:55 - [MESSAGE][PASSED] - Delayed 3 second(s)

2022-11-22 16:03:55 - [TEST_STEP][PASSED] - scoring = sendRequest(findTestObject("EngineScore", ["response_searchME_kons":response_searchME_kons, "response_searchME_spouse":response_searchME_spouse])): Send request successfully

2022-11-22 16:03:55 - [MESSAGE][INFO] - HAR: D:\DMS\Engine Scoring\Reports\20221122_153620\Exclude KKB - DS\Scoring Individu - Used\20221122_153620\requests\main\575.har

2022-11-22 16:03:55 - [MESSAGE][PASSED] - Send request successfully

2022-11-22 16:03:55 - [TEST_STEP][PASSED] - verifyResponseStatusCode(scoring, 200): Verify response status code successfully

2022-11-22 16:03:55 - [MESSAGE][PASSED] - Verify response status code successfully

2022-11-22 16:03:55 - [TEST_STEP][PASSED] - response2 = scoring.getResponseText(): null

2022-11-22 16:03:55 - [TEST_STEP][PASSED] - markPassed("result service data ke : " + no): result service data ke : 288

2022-11-22 16:03:55 - [MESSAGE][PASSED] - result service data ke : 288

2022-11-22 16:03:55 - [TEST_STEP][PASSED] - logInfo($response2): {"result_konsumen":"Reject","result_pasangan":"","Final_result":"Reject","errorMessage":"","status":"Done"}

2022-11-22 16:03:55 - [MESSAGE][INFO] - {"result_konsumen":"Reject","result_pasangan":"","Final_result":"Reject","errorMessage":"","status":"Done"}

2022-11-22 16:03:55 - [TEST_STEP][PASSED] - verifyElementPropertyValue(scoring, "Final_result", final_result): Verify element property value successfully

2022-11-22 16:03:55 - [MESSAGE][PASSED] - Verify element property value successfully]]></system-out>
         <system-err><![CDATA[]]></system-err>
      </testcase>
      <testcase name="Test Cases/Engine_Scoring/Engine Scoring" time="6.9" classname="Test Cases/Engine_Scoring/Engine Scoring" status="PASSED">
         <system-out><![CDATA[2022-11-22 16:03:55 - [TEST_CASE][PASSED] - Test Cases/Engine_Scoring/Engine Scoring: Test Cases/Engine_Scoring/Engine Scoring

2022-11-22 16:03:57 - [TEST_STEP][PASSED] - markPassed("Variasi data ke : " + no): Variasi data ke : 289

2022-11-22 16:03:57 - [MESSAGE][PASSED] - Variasi data ke : 289

2022-11-22 16:03:57 - [TEST_STEP][PASSED] - req_data = sendRequest(findTestObject("Search_ME", ["MID":MID, "source":source, "ip":ip, "userid":userid, "branch":branch, "tipekons":tipekons, "marital":marital, "penjamin":penjamin, ... ])): Send request successfully

2022-11-22 16:03:59 - [MESSAGE][INFO] - HAR: D:\DMS\Engine Scoring\Reports\20221122_153620\Exclude KKB - DS\Scoring Individu - Used\20221122_153620\requests\main\576.har

2022-11-22 16:03:59 - [MESSAGE][PASSED] - Send request successfully

2022-11-22 16:03:59 - [TEST_STEP][PASSED] - slurper = new groovy.json.JsonSlurper(): null

2022-11-22 16:03:59 - [TEST_STEP][PASSED] - result = slurper.parseText(req_data.getResponseBodyContent()): null

2022-11-22 16:03:59 - [TEST_STEP][PASSED] - reqid_kons = requestid1: null

2022-11-22 16:03:59 - [TEST_STEP][PASSED] - reqid_spouse = requestid2: null

2022-11-22 16:03:59 - [TEST_STEP][PASSED] - println("requestid kons : " + reqid_kons): null

2022-11-22 16:03:59 - [TEST_STEP][PASSED] - response_searchME_kons = reqid_kons: null

2022-11-22 16:03:59 - [TEST_STEP][PASSED] - response_searchME_spouse = reqid_spouse: null

2022-11-22 16:03:59 - [TEST_STEP][PASSED] - println("kons req id is :" + response_searchME_kons): null

2022-11-22 16:03:59 - [TEST_STEP][PASSED] - println("spouse req id is : " + response_searchME_spouse): null

2022-11-22 16:03:59 - [TEST_STEP][PASSED] - verifyResponseStatusCode(req_data, 200): Verify response status code successfully

2022-11-22 16:03:59 - [MESSAGE][PASSED] - Verify response status code successfully

2022-11-22 16:03:59 - [TEST_STEP][PASSED] - response = req_data.getResponseText(): null

2022-11-22 16:03:59 - [TEST_STEP][PASSED] - logInfo($response): {"status":"Done","data":{"requestid1":"242121","requestid2":""}}

2022-11-22 16:03:59 - [MESSAGE][INFO] - {"status":"Done","data":{"requestid1":"242121","requestid2":""}}

2022-11-22 16:03:59 - [TEST_STEP][PASSED] - delay(3): Delayed 3 second(s)

2022-11-22 16:04:02 - [MESSAGE][PASSED] - Delayed 3 second(s)

2022-11-22 16:04:02 - [TEST_STEP][PASSED] - scoring = sendRequest(findTestObject("EngineScore", ["response_searchME_kons":response_searchME_kons, "response_searchME_spouse":response_searchME_spouse])): Send request successfully

2022-11-22 16:04:02 - [MESSAGE][INFO] - HAR: D:\DMS\Engine Scoring\Reports\20221122_153620\Exclude KKB - DS\Scoring Individu - Used\20221122_153620\requests\main\577.har

2022-11-22 16:04:02 - [MESSAGE][PASSED] - Send request successfully

2022-11-22 16:04:02 - [TEST_STEP][PASSED] - verifyResponseStatusCode(scoring, 200): Verify response status code successfully

2022-11-22 16:04:02 - [MESSAGE][PASSED] - Verify response status code successfully

2022-11-22 16:04:02 - [TEST_STEP][PASSED] - response2 = scoring.getResponseText(): null

2022-11-22 16:04:02 - [TEST_STEP][PASSED] - markPassed("result service data ke : " + no): result service data ke : 289

2022-11-22 16:04:02 - [MESSAGE][PASSED] - result service data ke : 289

2022-11-22 16:04:02 - [TEST_STEP][PASSED] - logInfo($response2): {"result_konsumen":"Reject","result_pasangan":"","Final_result":"Reject","errorMessage":"","status":"Done"}

2022-11-22 16:04:02 - [MESSAGE][INFO] - {"result_konsumen":"Reject","result_pasangan":"","Final_result":"Reject","errorMessage":"","status":"Done"}

2022-11-22 16:04:02 - [TEST_STEP][PASSED] - verifyElementPropertyValue(scoring, "Final_result", final_result): Verify element property value successfully

2022-11-22 16:04:02 - [MESSAGE][PASSED] - Verify element property value successfully]]></system-out>
         <system-err><![CDATA[]]></system-err>
      </testcase>
      <testcase name="Test Cases/Engine_Scoring/Engine Scoring" time="6.323" classname="Test Cases/Engine_Scoring/Engine Scoring" status="PASSED">
         <system-out><![CDATA[2022-11-22 16:04:02 - [TEST_CASE][PASSED] - Test Cases/Engine_Scoring/Engine Scoring: Test Cases/Engine_Scoring/Engine Scoring

2022-11-22 16:04:04 - [TEST_STEP][PASSED] - markPassed("Variasi data ke : " + no): Variasi data ke : 290

2022-11-22 16:04:04 - [MESSAGE][PASSED] - Variasi data ke : 290

2022-11-22 16:04:04 - [TEST_STEP][PASSED] - req_data = sendRequest(findTestObject("Search_ME", ["MID":MID, "source":source, "ip":ip, "userid":userid, "branch":branch, "tipekons":tipekons, "marital":marital, "penjamin":penjamin, ... ])): Send request successfully

2022-11-22 16:04:05 - [MESSAGE][INFO] - HAR: D:\DMS\Engine Scoring\Reports\20221122_153620\Exclude KKB - DS\Scoring Individu - Used\20221122_153620\requests\main\578.har

2022-11-22 16:04:05 - [MESSAGE][PASSED] - Send request successfully

2022-11-22 16:04:05 - [TEST_STEP][PASSED] - slurper = new groovy.json.JsonSlurper(): null

2022-11-22 16:04:05 - [TEST_STEP][PASSED] - result = slurper.parseText(req_data.getResponseBodyContent()): null

2022-11-22 16:04:05 - [TEST_STEP][PASSED] - reqid_kons = requestid1: null

2022-11-22 16:04:05 - [TEST_STEP][PASSED] - reqid_spouse = requestid2: null

2022-11-22 16:04:05 - [TEST_STEP][PASSED] - println("requestid kons : " + reqid_kons): null

2022-11-22 16:04:05 - [TEST_STEP][PASSED] - response_searchME_kons = reqid_kons: null

2022-11-22 16:04:05 - [TEST_STEP][PASSED] - response_searchME_spouse = reqid_spouse: null

2022-11-22 16:04:05 - [TEST_STEP][PASSED] - println("kons req id is :" + response_searchME_kons): null

2022-11-22 16:04:05 - [TEST_STEP][PASSED] - println("spouse req id is : " + response_searchME_spouse): null

2022-11-22 16:04:05 - [TEST_STEP][PASSED] - verifyResponseStatusCode(req_data, 200): Verify response status code successfully

2022-11-22 16:04:05 - [MESSAGE][PASSED] - Verify response status code successfully

2022-11-22 16:04:05 - [TEST_STEP][PASSED] - response = req_data.getResponseText(): null

2022-11-22 16:04:05 - [TEST_STEP][PASSED] - logInfo($response): {"status":"Done","data":{"requestid1":"242122","requestid2":""}}

2022-11-22 16:04:05 - [MESSAGE][INFO] - {"status":"Done","data":{"requestid1":"242122","requestid2":""}}

2022-11-22 16:04:05 - [TEST_STEP][PASSED] - delay(3): Delayed 3 second(s)

2022-11-22 16:04:08 - [MESSAGE][PASSED] - Delayed 3 second(s)

2022-11-22 16:04:08 - [TEST_STEP][PASSED] - scoring = sendRequest(findTestObject("EngineScore", ["response_searchME_kons":response_searchME_kons, "response_searchME_spouse":response_searchME_spouse])): Send request successfully

2022-11-22 16:04:08 - [MESSAGE][INFO] - HAR: D:\DMS\Engine Scoring\Reports\20221122_153620\Exclude KKB - DS\Scoring Individu - Used\20221122_153620\requests\main\579.har

2022-11-22 16:04:08 - [MESSAGE][PASSED] - Send request successfully

2022-11-22 16:04:08 - [TEST_STEP][PASSED] - verifyResponseStatusCode(scoring, 200): Verify response status code successfully

2022-11-22 16:04:08 - [MESSAGE][PASSED] - Verify response status code successfully

2022-11-22 16:04:08 - [TEST_STEP][PASSED] - response2 = scoring.getResponseText(): null

2022-11-22 16:04:08 - [TEST_STEP][PASSED] - markPassed("result service data ke : " + no): result service data ke : 290

2022-11-22 16:04:08 - [MESSAGE][PASSED] - result service data ke : 290

2022-11-22 16:04:08 - [TEST_STEP][PASSED] - logInfo($response2): {"result_konsumen":"Reject","result_pasangan":"","Final_result":"Reject","errorMessage":"","status":"Done"}

2022-11-22 16:04:08 - [MESSAGE][INFO] - {"result_konsumen":"Reject","result_pasangan":"","Final_result":"Reject","errorMessage":"","status":"Done"}

2022-11-22 16:04:08 - [TEST_STEP][PASSED] - verifyElementPropertyValue(scoring, "Final_result", final_result): Verify element property value successfully

2022-11-22 16:04:09 - [MESSAGE][PASSED] - Verify element property value successfully]]></system-out>
         <system-err><![CDATA[]]></system-err>
      </testcase>
      <testcase name="Test Cases/Engine_Scoring/Engine Scoring" time="6.724" classname="Test Cases/Engine_Scoring/Engine Scoring" status="PASSED">
         <system-out><![CDATA[2022-11-22 16:04:09 - [TEST_CASE][PASSED] - Test Cases/Engine_Scoring/Engine Scoring: Test Cases/Engine_Scoring/Engine Scoring

2022-11-22 16:04:10 - [TEST_STEP][PASSED] - markPassed("Variasi data ke : " + no): Variasi data ke : 291

2022-11-22 16:04:10 - [MESSAGE][PASSED] - Variasi data ke : 291

2022-11-22 16:04:10 - [TEST_STEP][PASSED] - req_data = sendRequest(findTestObject("Search_ME", ["MID":MID, "source":source, "ip":ip, "userid":userid, "branch":branch, "tipekons":tipekons, "marital":marital, "penjamin":penjamin, ... ])): Send request successfully

2022-11-22 16:04:12 - [MESSAGE][INFO] - HAR: D:\DMS\Engine Scoring\Reports\20221122_153620\Exclude KKB - DS\Scoring Individu - Used\20221122_153620\requests\main\580.har

2022-11-22 16:04:12 - [MESSAGE][PASSED] - Send request successfully

2022-11-22 16:04:12 - [TEST_STEP][PASSED] - slurper = new groovy.json.JsonSlurper(): null

2022-11-22 16:04:12 - [TEST_STEP][PASSED] - result = slurper.parseText(req_data.getResponseBodyContent()): null

2022-11-22 16:04:12 - [TEST_STEP][PASSED] - reqid_kons = requestid1: null

2022-11-22 16:04:12 - [TEST_STEP][PASSED] - reqid_spouse = requestid2: null

2022-11-22 16:04:12 - [TEST_STEP][PASSED] - println("requestid kons : " + reqid_kons): null

2022-11-22 16:04:12 - [TEST_STEP][PASSED] - response_searchME_kons = reqid_kons: null

2022-11-22 16:04:12 - [TEST_STEP][PASSED] - response_searchME_spouse = reqid_spouse: null

2022-11-22 16:04:12 - [TEST_STEP][PASSED] - println("kons req id is :" + response_searchME_kons): null

2022-11-22 16:04:12 - [TEST_STEP][PASSED] - println("spouse req id is : " + response_searchME_spouse): null

2022-11-22 16:04:12 - [TEST_STEP][PASSED] - verifyResponseStatusCode(req_data, 200): Verify response status code successfully

2022-11-22 16:04:12 - [MESSAGE][PASSED] - Verify response status code successfully

2022-11-22 16:04:12 - [TEST_STEP][PASSED] - response = req_data.getResponseText(): null

2022-11-22 16:04:12 - [TEST_STEP][PASSED] - logInfo($response): {"status":"Done","data":{"requestid1":"242123","requestid2":""}}

2022-11-22 16:04:12 - [MESSAGE][INFO] - {"status":"Done","data":{"requestid1":"242123","requestid2":""}}

2022-11-22 16:04:12 - [TEST_STEP][PASSED] - delay(3): Delayed 3 second(s)

2022-11-22 16:04:15 - [MESSAGE][PASSED] - Delayed 3 second(s)

2022-11-22 16:04:15 - [TEST_STEP][PASSED] - scoring = sendRequest(findTestObject("EngineScore", ["response_searchME_kons":response_searchME_kons, "response_searchME_spouse":response_searchME_spouse])): Send request successfully

2022-11-22 16:04:15 - [MESSAGE][INFO] - HAR: D:\DMS\Engine Scoring\Reports\20221122_153620\Exclude KKB - DS\Scoring Individu - Used\20221122_153620\requests\main\581.har

2022-11-22 16:04:15 - [MESSAGE][PASSED] - Send request successfully

2022-11-22 16:04:15 - [TEST_STEP][PASSED] - verifyResponseStatusCode(scoring, 200): Verify response status code successfully

2022-11-22 16:04:15 - [MESSAGE][PASSED] - Verify response status code successfully

2022-11-22 16:04:15 - [TEST_STEP][PASSED] - response2 = scoring.getResponseText(): null

2022-11-22 16:04:15 - [TEST_STEP][PASSED] - markPassed("result service data ke : " + no): result service data ke : 291

2022-11-22 16:04:15 - [MESSAGE][PASSED] - result service data ke : 291

2022-11-22 16:04:15 - [TEST_STEP][PASSED] - logInfo($response2): {"result_konsumen":"Reject","result_pasangan":"","Final_result":"Reject","errorMessage":"","status":"Done"}

2022-11-22 16:04:15 - [MESSAGE][INFO] - {"result_konsumen":"Reject","result_pasangan":"","Final_result":"Reject","errorMessage":"","status":"Done"}

2022-11-22 16:04:15 - [TEST_STEP][PASSED] - verifyElementPropertyValue(scoring, "Final_result", final_result): Verify element property value successfully

2022-11-22 16:04:15 - [MESSAGE][PASSED] - Verify element property value successfully]]></system-out>
         <system-err><![CDATA[]]></system-err>
      </testcase>
      <system-out><![CDATA[2022-11-22 15:36:28 - [TEST_SUITE][PASSED] - Scoring Individu - Used: Test Cases/Engine_Scoring/Engine Scoring]]></system-out>
      <system-err><![CDATA[]]></system-err>
   </testsuite>
</testsuites>
