<?xml version="1.0" encoding="UTF-8"?>
<testsuites name="Scoring Individu - KKB" time="1653.459" tests="291" failures="0" errors="0">
   <testsuite name="Scoring Individu - KKB" tests="291" failures="0" errors="0" time="1653.459" skipped="0" timestamp="2022-11-22 16:20:19" hostname="bcafmaster - WPI20220318001.bcaf.co.id" id="Test Suites/Exclude KKB - DS/Scoring Individu - KKB">
      <properties>
         <property name="deviceName" value=""/>
         <property name="devicePlatform" value=""/>
         <property name="logFolder" value="D:\\DMS\\Engine Scoring\\Reports\\20221122_162012\\Exclude KKB - DS\\Scoring Individu - KKB\\20221122_162012"/>
         <property name="logFiles" value="D:\\DMS\\Engine Scoring\\Reports\\20221122_162012\\Exclude KKB - DS\\Scoring Individu - KKB\\20221122_162012\\execution0.log, D:\\DMS\\Engine Scoring\\Reports\\20221122_162012\\Exclude KKB - DS\\Scoring Individu - KKB\\20221122_162012\\execution1.log, D:\\DMS\\Engine Scoring\\Reports\\20221122_162012\\Exclude KKB - DS\\Scoring Individu - KKB\\20221122_162012\\execution2.log, D:\\DMS\\Engine Scoring\\Reports\\20221122_162012\\Exclude KKB - DS\\Scoring Individu - KKB\\20221122_162012\\execution3.log"/>
         <property name="attachments" value=""/>
         <property name="hostName" value="bcafmaster - WPI20220318001.bcaf.co.id"/>
         <property name="hostAddress" value="10.10.8.57"/>
         <property name="os" value="Windows 10 64bit"/>
         <property name="katalonVersion" value="8.2.5.208"/>
      </properties>
      <testcase name="Test Cases/Engine_Scoring/Engine Scoring" time="6.529" classname="Test Cases/Engine_Scoring/Engine Scoring" status="PASSED">
         <system-out><![CDATA[2022-11-22 16:20:19 - [TEST_CASE][PASSED] - Test Cases/Engine_Scoring/Engine Scoring: Test Cases/Engine_Scoring/Engine Scoring

2022-11-22 16:20:21 - [TEST_STEP][PASSED] - markPassed("Variasi data ke : " + no): Variasi data ke : 1

2022-11-22 16:20:21 - [MESSAGE][PASSED] - Variasi data ke : 1

2022-11-22 16:20:21 - [TEST_STEP][PASSED] - req_data = sendRequest(findTestObject("Search_ME", ["MID":MID, "source":source, "ip":ip, "userid":userid, "branch":branch, "tipekons":tipekons, "marital":marital, "penjamin":penjamin, ... ])): Send request successfully

2022-11-22 16:20:22 - [MESSAGE][INFO] - HAR: D:\DMS\Engine Scoring\Reports\20221122_162012\Exclude KKB - DS\Scoring Individu - KKB\20221122_162012\requests\main\0.har

2022-11-22 16:20:22 - [MESSAGE][PASSED] - Send request successfully

2022-11-22 16:20:22 - [TEST_STEP][PASSED] - slurper = new groovy.json.JsonSlurper(): null

2022-11-22 16:20:22 - [TEST_STEP][PASSED] - result = slurper.parseText(req_data.getResponseBodyContent()): null

2022-11-22 16:20:22 - [TEST_STEP][PASSED] - reqid_kons = requestid1: null

2022-11-22 16:20:22 - [TEST_STEP][PASSED] - reqid_spouse = requestid2: null

2022-11-22 16:20:22 - [TEST_STEP][PASSED] - println("requestid kons : " + reqid_kons): null

2022-11-22 16:20:22 - [TEST_STEP][PASSED] - response_searchME_kons = reqid_kons: null

2022-11-22 16:20:22 - [TEST_STEP][PASSED] - response_searchME_spouse = reqid_spouse: null

2022-11-22 16:20:22 - [TEST_STEP][PASSED] - println("kons req id is :" + response_searchME_kons): null

2022-11-22 16:20:22 - [TEST_STEP][PASSED] - println("spouse req id is : " + response_searchME_spouse): null

2022-11-22 16:20:22 - [TEST_STEP][PASSED] - verifyResponseStatusCode(req_data, 200): Verify response status code successfully

2022-11-22 16:20:22 - [MESSAGE][PASSED] - Verify response status code successfully

2022-11-22 16:20:22 - [TEST_STEP][PASSED] - response = req_data.getResponseText(): null

2022-11-22 16:20:22 - [TEST_STEP][PASSED] - logInfo($response): {"status":"Done","data":{"requestid1":"242124","requestid2":""}}

2022-11-22 16:20:22 - [MESSAGE][INFO] - {"status":"Done","data":{"requestid1":"242124","requestid2":""}}

2022-11-22 16:20:22 - [TEST_STEP][PASSED] - delay(3): Delayed 3 second(s)

2022-11-22 16:20:25 - [MESSAGE][PASSED] - Delayed 3 second(s)

2022-11-22 16:20:25 - [TEST_STEP][PASSED] - scoring = sendRequest(findTestObject("EngineScore", ["response_searchME_kons":response_searchME_kons, "response_searchME_spouse":response_searchME_spouse])): Send request successfully

2022-11-22 16:20:26 - [MESSAGE][INFO] - HAR: D:\DMS\Engine Scoring\Reports\20221122_162012\Exclude KKB - DS\Scoring Individu - KKB\20221122_162012\requests\main\1.har

2022-11-22 16:20:26 - [MESSAGE][PASSED] - Send request successfully

2022-11-22 16:20:26 - [TEST_STEP][PASSED] - verifyResponseStatusCode(scoring, 200): Verify response status code successfully

2022-11-22 16:20:26 - [MESSAGE][PASSED] - Verify response status code successfully

2022-11-22 16:20:26 - [TEST_STEP][PASSED] - response2 = scoring.getResponseText(): null

2022-11-22 16:20:26 - [TEST_STEP][PASSED] - markPassed("result service data ke : " + no): result service data ke : 1

2022-11-22 16:20:26 - [MESSAGE][PASSED] - result service data ke : 1

2022-11-22 16:20:26 - [TEST_STEP][PASSED] - logInfo($response2): {"result_konsumen":"Approve","result_pasangan":"","Final_result":"Approve","errorMessage":"","status":"Done"}

2022-11-22 16:20:26 - [MESSAGE][INFO] - {"result_konsumen":"Approve","result_pasangan":"","Final_result":"Approve","errorMessage":"","status":"Done"}

2022-11-22 16:20:26 - [TEST_STEP][PASSED] - verifyElementPropertyValue(scoring, "Final_result", final_result): Verify element property value successfully

2022-11-22 16:20:26 - [MESSAGE][PASSED] - Verify element property value successfully]]></system-out>
         <system-err><![CDATA[]]></system-err>
      </testcase>
      <testcase name="Test Cases/Engine_Scoring/Engine Scoring" time="4.927" classname="Test Cases/Engine_Scoring/Engine Scoring" status="PASSED">
         <system-out><![CDATA[2022-11-22 16:20:26 - [TEST_CASE][PASSED] - Test Cases/Engine_Scoring/Engine Scoring: Test Cases/Engine_Scoring/Engine Scoring

2022-11-22 16:20:27 - [TEST_STEP][PASSED] - markPassed("Variasi data ke : " + no): Variasi data ke : 2

2022-11-22 16:20:27 - [MESSAGE][PASSED] - Variasi data ke : 2

2022-11-22 16:20:27 - [TEST_STEP][PASSED] - req_data = sendRequest(findTestObject("Search_ME", ["MID":MID, "source":source, "ip":ip, "userid":userid, "branch":branch, "tipekons":tipekons, "marital":marital, "penjamin":penjamin, ... ])): Send request successfully

2022-11-22 16:20:27 - [MESSAGE][INFO] - HAR: D:\DMS\Engine Scoring\Reports\20221122_162012\Exclude KKB - DS\Scoring Individu - KKB\20221122_162012\requests\main\2.har

2022-11-22 16:20:27 - [MESSAGE][PASSED] - Send request successfully

2022-11-22 16:20:27 - [TEST_STEP][PASSED] - slurper = new groovy.json.JsonSlurper(): null

2022-11-22 16:20:27 - [TEST_STEP][PASSED] - result = slurper.parseText(req_data.getResponseBodyContent()): null

2022-11-22 16:20:27 - [TEST_STEP][PASSED] - reqid_kons = requestid1: null

2022-11-22 16:20:27 - [TEST_STEP][PASSED] - reqid_spouse = requestid2: null

2022-11-22 16:20:27 - [TEST_STEP][PASSED] - println("requestid kons : " + reqid_kons): null

2022-11-22 16:20:27 - [TEST_STEP][PASSED] - response_searchME_kons = reqid_kons: null

2022-11-22 16:20:27 - [TEST_STEP][PASSED] - response_searchME_spouse = reqid_spouse: null

2022-11-22 16:20:27 - [TEST_STEP][PASSED] - println("kons req id is :" + response_searchME_kons): null

2022-11-22 16:20:27 - [TEST_STEP][PASSED] - println("spouse req id is : " + response_searchME_spouse): null

2022-11-22 16:20:27 - [TEST_STEP][PASSED] - verifyResponseStatusCode(req_data, 200): Verify response status code successfully

2022-11-22 16:20:27 - [MESSAGE][PASSED] - Verify response status code successfully

2022-11-22 16:20:27 - [TEST_STEP][PASSED] - response = req_data.getResponseText(): null

2022-11-22 16:20:27 - [TEST_STEP][PASSED] - logInfo($response): {"status":"Done","data":{"requestid1":"242125","requestid2":""}}

2022-11-22 16:20:27 - [MESSAGE][INFO] - {"status":"Done","data":{"requestid1":"242125","requestid2":""}}

2022-11-22 16:20:27 - [TEST_STEP][PASSED] - delay(3): Delayed 3 second(s)

2022-11-22 16:20:30 - [MESSAGE][PASSED] - Delayed 3 second(s)

2022-11-22 16:20:30 - [TEST_STEP][PASSED] - scoring = sendRequest(findTestObject("EngineScore", ["response_searchME_kons":response_searchME_kons, "response_searchME_spouse":response_searchME_spouse])): Send request successfully

2022-11-22 16:20:31 - [MESSAGE][INFO] - HAR: D:\DMS\Engine Scoring\Reports\20221122_162012\Exclude KKB - DS\Scoring Individu - KKB\20221122_162012\requests\main\3.har

2022-11-22 16:20:31 - [MESSAGE][PASSED] - Send request successfully

2022-11-22 16:20:31 - [TEST_STEP][PASSED] - verifyResponseStatusCode(scoring, 200): Verify response status code successfully

2022-11-22 16:20:31 - [MESSAGE][PASSED] - Verify response status code successfully

2022-11-22 16:20:31 - [TEST_STEP][PASSED] - response2 = scoring.getResponseText(): null

2022-11-22 16:20:31 - [TEST_STEP][PASSED] - markPassed("result service data ke : " + no): result service data ke : 2

2022-11-22 16:20:31 - [MESSAGE][PASSED] - result service data ke : 2

2022-11-22 16:20:31 - [TEST_STEP][PASSED] - logInfo($response2): {"result_konsumen":"Approve","result_pasangan":"","Final_result":"Approve","errorMessage":"","status":"Done"}

2022-11-22 16:20:31 - [MESSAGE][INFO] - {"result_konsumen":"Approve","result_pasangan":"","Final_result":"Approve","errorMessage":"","status":"Done"}

2022-11-22 16:20:31 - [TEST_STEP][PASSED] - verifyElementPropertyValue(scoring, "Final_result", final_result): Verify element property value successfully

2022-11-22 16:20:31 - [MESSAGE][PASSED] - Verify element property value successfully]]></system-out>
         <system-err><![CDATA[]]></system-err>
      </testcase>
      <testcase name="Test Cases/Engine_Scoring/Engine Scoring" time="4.714" classname="Test Cases/Engine_Scoring/Engine Scoring" status="PASSED">
         <system-out><![CDATA[2022-11-22 16:20:31 - [TEST_CASE][PASSED] - Test Cases/Engine_Scoring/Engine Scoring: Test Cases/Engine_Scoring/Engine Scoring

2022-11-22 16:20:31 - [TEST_STEP][PASSED] - markPassed("Variasi data ke : " + no): Variasi data ke : 3

2022-11-22 16:20:31 - [MESSAGE][PASSED] - Variasi data ke : 3

2022-11-22 16:20:31 - [TEST_STEP][PASSED] - req_data = sendRequest(findTestObject("Search_ME", ["MID":MID, "source":source, "ip":ip, "userid":userid, "branch":branch, "tipekons":tipekons, "marital":marital, "penjamin":penjamin, ... ])): Send request successfully

2022-11-22 16:20:32 - [MESSAGE][INFO] - HAR: D:\DMS\Engine Scoring\Reports\20221122_162012\Exclude KKB - DS\Scoring Individu - KKB\20221122_162012\requests\main\4.har

2022-11-22 16:20:32 - [MESSAGE][PASSED] - Send request successfully

2022-11-22 16:20:32 - [TEST_STEP][PASSED] - slurper = new groovy.json.JsonSlurper(): null

2022-11-22 16:20:32 - [TEST_STEP][PASSED] - result = slurper.parseText(req_data.getResponseBodyContent()): null

2022-11-22 16:20:32 - [TEST_STEP][PASSED] - reqid_kons = requestid1: null

2022-11-22 16:20:32 - [TEST_STEP][PASSED] - reqid_spouse = requestid2: null

2022-11-22 16:20:32 - [TEST_STEP][PASSED] - println("requestid kons : " + reqid_kons): null

2022-11-22 16:20:32 - [TEST_STEP][PASSED] - response_searchME_kons = reqid_kons: null

2022-11-22 16:20:32 - [TEST_STEP][PASSED] - response_searchME_spouse = reqid_spouse: null

2022-11-22 16:20:32 - [TEST_STEP][PASSED] - println("kons req id is :" + response_searchME_kons): null

2022-11-22 16:20:32 - [TEST_STEP][PASSED] - println("spouse req id is : " + response_searchME_spouse): null

2022-11-22 16:20:32 - [TEST_STEP][PASSED] - verifyResponseStatusCode(req_data, 200): Verify response status code successfully

2022-11-22 16:20:32 - [MESSAGE][PASSED] - Verify response status code successfully

2022-11-22 16:20:32 - [TEST_STEP][PASSED] - response = req_data.getResponseText(): null

2022-11-22 16:20:32 - [TEST_STEP][PASSED] - logInfo($response): {"status":"Done","data":{"requestid1":"242126","requestid2":""}}

2022-11-22 16:20:32 - [MESSAGE][INFO] - {"status":"Done","data":{"requestid1":"242126","requestid2":""}}

2022-11-22 16:20:32 - [TEST_STEP][PASSED] - delay(3): Delayed 3 second(s)

2022-11-22 16:20:35 - [MESSAGE][PASSED] - Delayed 3 second(s)

2022-11-22 16:20:35 - [TEST_STEP][PASSED] - scoring = sendRequest(findTestObject("EngineScore", ["response_searchME_kons":response_searchME_kons, "response_searchME_spouse":response_searchME_spouse])): Send request successfully

2022-11-22 16:20:35 - [MESSAGE][INFO] - HAR: D:\DMS\Engine Scoring\Reports\20221122_162012\Exclude KKB - DS\Scoring Individu - KKB\20221122_162012\requests\main\5.har

2022-11-22 16:20:35 - [MESSAGE][PASSED] - Send request successfully

2022-11-22 16:20:35 - [TEST_STEP][PASSED] - verifyResponseStatusCode(scoring, 200): Verify response status code successfully

2022-11-22 16:20:35 - [MESSAGE][PASSED] - Verify response status code successfully

2022-11-22 16:20:35 - [TEST_STEP][PASSED] - response2 = scoring.getResponseText(): null

2022-11-22 16:20:35 - [TEST_STEP][PASSED] - markPassed("result service data ke : " + no): result service data ke : 3

2022-11-22 16:20:35 - [MESSAGE][PASSED] - result service data ke : 3

2022-11-22 16:20:35 - [TEST_STEP][PASSED] - logInfo($response2): {"result_konsumen":"Approve","result_pasangan":"","Final_result":"Approve","errorMessage":"","status":"Done"}

2022-11-22 16:20:35 - [MESSAGE][INFO] - {"result_konsumen":"Approve","result_pasangan":"","Final_result":"Approve","errorMessage":"","status":"Done"}

2022-11-22 16:20:35 - [TEST_STEP][PASSED] - verifyElementPropertyValue(scoring, "Final_result", final_result): Verify element property value successfully

2022-11-22 16:20:35 - [MESSAGE][PASSED] - Verify element property value successfully]]></system-out>
         <system-err><![CDATA[]]></system-err>
      </testcase>
      <testcase name="Test Cases/Engine_Scoring/Engine Scoring" time="4.696" classname="Test Cases/Engine_Scoring/Engine Scoring" status="PASSED">
         <system-out><![CDATA[2022-11-22 16:20:35 - [TEST_CASE][PASSED] - Test Cases/Engine_Scoring/Engine Scoring: Test Cases/Engine_Scoring/Engine Scoring

2022-11-22 16:20:36 - [TEST_STEP][PASSED] - markPassed("Variasi data ke : " + no): Variasi data ke : 4

2022-11-22 16:20:36 - [MESSAGE][PASSED] - Variasi data ke : 4

2022-11-22 16:20:36 - [TEST_STEP][PASSED] - req_data = sendRequest(findTestObject("Search_ME", ["MID":MID, "source":source, "ip":ip, "userid":userid, "branch":branch, "tipekons":tipekons, "marital":marital, "penjamin":penjamin, ... ])): Send request successfully

2022-11-22 16:20:37 - [MESSAGE][INFO] - HAR: D:\DMS\Engine Scoring\Reports\20221122_162012\Exclude KKB - DS\Scoring Individu - KKB\20221122_162012\requests\main\6.har

2022-11-22 16:20:37 - [MESSAGE][PASSED] - Send request successfully

2022-11-22 16:20:37 - [TEST_STEP][PASSED] - slurper = new groovy.json.JsonSlurper(): null

2022-11-22 16:20:37 - [TEST_STEP][PASSED] - result = slurper.parseText(req_data.getResponseBodyContent()): null

2022-11-22 16:20:37 - [TEST_STEP][PASSED] - reqid_kons = requestid1: null

2022-11-22 16:20:37 - [TEST_STEP][PASSED] - reqid_spouse = requestid2: null

2022-11-22 16:20:37 - [TEST_STEP][PASSED] - println("requestid kons : " + reqid_kons): null

2022-11-22 16:20:37 - [TEST_STEP][PASSED] - response_searchME_kons = reqid_kons: null

2022-11-22 16:20:37 - [TEST_STEP][PASSED] - response_searchME_spouse = reqid_spouse: null

2022-11-22 16:20:37 - [TEST_STEP][PASSED] - println("kons req id is :" + response_searchME_kons): null

2022-11-22 16:20:37 - [TEST_STEP][PASSED] - println("spouse req id is : " + response_searchME_spouse): null

2022-11-22 16:20:37 - [TEST_STEP][PASSED] - verifyResponseStatusCode(req_data, 200): Verify response status code successfully

2022-11-22 16:20:37 - [MESSAGE][PASSED] - Verify response status code successfully

2022-11-22 16:20:37 - [TEST_STEP][PASSED] - response = req_data.getResponseText(): null

2022-11-22 16:20:37 - [TEST_STEP][PASSED] - logInfo($response): {"status":"Done","data":{"requestid1":"242127","requestid2":""}}

2022-11-22 16:20:37 - [MESSAGE][INFO] - {"status":"Done","data":{"requestid1":"242127","requestid2":""}}

2022-11-22 16:20:37 - [TEST_STEP][PASSED] - delay(3): Delayed 3 second(s)

2022-11-22 16:20:40 - [MESSAGE][PASSED] - Delayed 3 second(s)

2022-11-22 16:20:40 - [TEST_STEP][PASSED] - scoring = sendRequest(findTestObject("EngineScore", ["response_searchME_kons":response_searchME_kons, "response_searchME_spouse":response_searchME_spouse])): Send request successfully

2022-11-22 16:20:40 - [MESSAGE][INFO] - HAR: D:\DMS\Engine Scoring\Reports\20221122_162012\Exclude KKB - DS\Scoring Individu - KKB\20221122_162012\requests\main\7.har

2022-11-22 16:20:40 - [MESSAGE][PASSED] - Send request successfully

2022-11-22 16:20:40 - [TEST_STEP][PASSED] - verifyResponseStatusCode(scoring, 200): Verify response status code successfully

2022-11-22 16:20:40 - [MESSAGE][PASSED] - Verify response status code successfully

2022-11-22 16:20:40 - [TEST_STEP][PASSED] - response2 = scoring.getResponseText(): null

2022-11-22 16:20:40 - [TEST_STEP][PASSED] - markPassed("result service data ke : " + no): result service data ke : 4

2022-11-22 16:20:40 - [MESSAGE][PASSED] - result service data ke : 4

2022-11-22 16:20:40 - [TEST_STEP][PASSED] - logInfo($response2): {"result_konsumen":"Approve","result_pasangan":"","Final_result":"Approve","errorMessage":"","status":"Done"}

2022-11-22 16:20:40 - [MESSAGE][INFO] - {"result_konsumen":"Approve","result_pasangan":"","Final_result":"Approve","errorMessage":"","status":"Done"}

2022-11-22 16:20:40 - [TEST_STEP][PASSED] - verifyElementPropertyValue(scoring, "Final_result", final_result): Verify element property value successfully

2022-11-22 16:20:40 - [MESSAGE][PASSED] - Verify element property value successfully]]></system-out>
         <system-err><![CDATA[]]></system-err>
      </testcase>
      <testcase name="Test Cases/Engine_Scoring/Engine Scoring" time="4.606" classname="Test Cases/Engine_Scoring/Engine Scoring" status="PASSED">
         <system-out><![CDATA[2022-11-22 16:20:40 - [TEST_CASE][PASSED] - Test Cases/Engine_Scoring/Engine Scoring: Test Cases/Engine_Scoring/Engine Scoring

2022-11-22 16:20:41 - [TEST_STEP][PASSED] - markPassed("Variasi data ke : " + no): Variasi data ke : 5

2022-11-22 16:20:41 - [MESSAGE][PASSED] - Variasi data ke : 5

2022-11-22 16:20:41 - [TEST_STEP][PASSED] - req_data = sendRequest(findTestObject("Search_ME", ["MID":MID, "source":source, "ip":ip, "userid":userid, "branch":branch, "tipekons":tipekons, "marital":marital, "penjamin":penjamin, ... ])): Send request successfully

2022-11-22 16:20:42 - [MESSAGE][INFO] - HAR: D:\DMS\Engine Scoring\Reports\20221122_162012\Exclude KKB - DS\Scoring Individu - KKB\20221122_162012\requests\main\8.har

2022-11-22 16:20:42 - [MESSAGE][PASSED] - Send request successfully

2022-11-22 16:20:42 - [TEST_STEP][PASSED] - slurper = new groovy.json.JsonSlurper(): null

2022-11-22 16:20:42 - [TEST_STEP][PASSED] - result = slurper.parseText(req_data.getResponseBodyContent()): null

2022-11-22 16:20:42 - [TEST_STEP][PASSED] - reqid_kons = requestid1: null

2022-11-22 16:20:42 - [TEST_STEP][PASSED] - reqid_spouse = requestid2: null

2022-11-22 16:20:42 - [TEST_STEP][PASSED] - println("requestid kons : " + reqid_kons): null

2022-11-22 16:20:42 - [TEST_STEP][PASSED] - response_searchME_kons = reqid_kons: null

2022-11-22 16:20:42 - [TEST_STEP][PASSED] - response_searchME_spouse = reqid_spouse: null

2022-11-22 16:20:42 - [TEST_STEP][PASSED] - println("kons req id is :" + response_searchME_kons): null

2022-11-22 16:20:42 - [TEST_STEP][PASSED] - println("spouse req id is : " + response_searchME_spouse): null

2022-11-22 16:20:42 - [TEST_STEP][PASSED] - verifyResponseStatusCode(req_data, 200): Verify response status code successfully

2022-11-22 16:20:42 - [MESSAGE][PASSED] - Verify response status code successfully

2022-11-22 16:20:42 - [TEST_STEP][PASSED] - response = req_data.getResponseText(): null

2022-11-22 16:20:42 - [TEST_STEP][PASSED] - logInfo($response): {"status":"Done","data":{"requestid1":"242128","requestid2":""}}

2022-11-22 16:20:42 - [MESSAGE][INFO] - {"status":"Done","data":{"requestid1":"242128","requestid2":""}}

2022-11-22 16:20:42 - [TEST_STEP][PASSED] - delay(3): Delayed 3 second(s)

2022-11-22 16:20:45 - [MESSAGE][PASSED] - Delayed 3 second(s)

2022-11-22 16:20:45 - [TEST_STEP][PASSED] - scoring = sendRequest(findTestObject("EngineScore", ["response_searchME_kons":response_searchME_kons, "response_searchME_spouse":response_searchME_spouse])): Send request successfully

2022-11-22 16:20:45 - [MESSAGE][INFO] - HAR: D:\DMS\Engine Scoring\Reports\20221122_162012\Exclude KKB - DS\Scoring Individu - KKB\20221122_162012\requests\main\9.har

2022-11-22 16:20:45 - [MESSAGE][PASSED] - Send request successfully

2022-11-22 16:20:45 - [TEST_STEP][PASSED] - verifyResponseStatusCode(scoring, 200): Verify response status code successfully

2022-11-22 16:20:45 - [MESSAGE][PASSED] - Verify response status code successfully

2022-11-22 16:20:45 - [TEST_STEP][PASSED] - response2 = scoring.getResponseText(): null

2022-11-22 16:20:45 - [TEST_STEP][PASSED] - markPassed("result service data ke : " + no): result service data ke : 5

2022-11-22 16:20:45 - [MESSAGE][PASSED] - result service data ke : 5

2022-11-22 16:20:45 - [TEST_STEP][PASSED] - logInfo($response2): {"result_konsumen":"Reject","result_pasangan":"","Final_result":"Reject","errorMessage":"","status":"Done"}

2022-11-22 16:20:45 - [MESSAGE][INFO] - {"result_konsumen":"Reject","result_pasangan":"","Final_result":"Reject","errorMessage":"","status":"Done"}

2022-11-22 16:20:45 - [TEST_STEP][PASSED] - verifyElementPropertyValue(scoring, "Final_result", final_result): Verify element property value successfully

2022-11-22 16:20:45 - [MESSAGE][PASSED] - Verify element property value successfully]]></system-out>
         <system-err><![CDATA[]]></system-err>
      </testcase>
      <testcase name="Test Cases/Engine_Scoring/Engine Scoring" time="4.663" classname="Test Cases/Engine_Scoring/Engine Scoring" status="PASSED">
         <system-out><![CDATA[2022-11-22 16:20:45 - [TEST_CASE][PASSED] - Test Cases/Engine_Scoring/Engine Scoring: Test Cases/Engine_Scoring/Engine Scoring

2022-11-22 16:20:46 - [TEST_STEP][PASSED] - markPassed("Variasi data ke : " + no): Variasi data ke : 6

2022-11-22 16:20:46 - [MESSAGE][PASSED] - Variasi data ke : 6

2022-11-22 16:20:46 - [TEST_STEP][PASSED] - req_data = sendRequest(findTestObject("Search_ME", ["MID":MID, "source":source, "ip":ip, "userid":userid, "branch":branch, "tipekons":tipekons, "marital":marital, "penjamin":penjamin, ... ])): Send request successfully

2022-11-22 16:20:46 - [MESSAGE][INFO] - HAR: D:\DMS\Engine Scoring\Reports\20221122_162012\Exclude KKB - DS\Scoring Individu - KKB\20221122_162012\requests\main\10.har

2022-11-22 16:20:46 - [MESSAGE][PASSED] - Send request successfully

2022-11-22 16:20:46 - [TEST_STEP][PASSED] - slurper = new groovy.json.JsonSlurper(): null

2022-11-22 16:20:46 - [TEST_STEP][PASSED] - result = slurper.parseText(req_data.getResponseBodyContent()): null

2022-11-22 16:20:46 - [TEST_STEP][PASSED] - reqid_kons = requestid1: null

2022-11-22 16:20:46 - [TEST_STEP][PASSED] - reqid_spouse = requestid2: null

2022-11-22 16:20:46 - [TEST_STEP][PASSED] - println("requestid kons : " + reqid_kons): null

2022-11-22 16:20:46 - [TEST_STEP][PASSED] - response_searchME_kons = reqid_kons: null

2022-11-22 16:20:46 - [TEST_STEP][PASSED] - response_searchME_spouse = reqid_spouse: null

2022-11-22 16:20:46 - [TEST_STEP][PASSED] - println("kons req id is :" + response_searchME_kons): null

2022-11-22 16:20:46 - [TEST_STEP][PASSED] - println("spouse req id is : " + response_searchME_spouse): null

2022-11-22 16:20:46 - [TEST_STEP][PASSED] - verifyResponseStatusCode(req_data, 200): Verify response status code successfully

2022-11-22 16:20:46 - [MESSAGE][PASSED] - Verify response status code successfully

2022-11-22 16:20:46 - [TEST_STEP][PASSED] - response = req_data.getResponseText(): null

2022-11-22 16:20:46 - [TEST_STEP][PASSED] - logInfo($response): {"status":"Done","data":{"requestid1":"242129","requestid2":""}}

2022-11-22 16:20:46 - [MESSAGE][INFO] - {"status":"Done","data":{"requestid1":"242129","requestid2":""}}

2022-11-22 16:20:46 - [TEST_STEP][PASSED] - delay(3): Delayed 3 second(s)

2022-11-22 16:20:49 - [MESSAGE][PASSED] - Delayed 3 second(s)

2022-11-22 16:20:49 - [TEST_STEP][PASSED] - scoring = sendRequest(findTestObject("EngineScore", ["response_searchME_kons":response_searchME_kons, "response_searchME_spouse":response_searchME_spouse])): Send request successfully

2022-11-22 16:20:49 - [MESSAGE][INFO] - HAR: D:\DMS\Engine Scoring\Reports\20221122_162012\Exclude KKB - DS\Scoring Individu - KKB\20221122_162012\requests\main\11.har

2022-11-22 16:20:49 - [MESSAGE][PASSED] - Send request successfully

2022-11-22 16:20:49 - [TEST_STEP][PASSED] - verifyResponseStatusCode(scoring, 200): Verify response status code successfully

2022-11-22 16:20:49 - [MESSAGE][PASSED] - Verify response status code successfully

2022-11-22 16:20:49 - [TEST_STEP][PASSED] - response2 = scoring.getResponseText(): null

2022-11-22 16:20:49 - [TEST_STEP][PASSED] - markPassed("result service data ke : " + no): result service data ke : 6

2022-11-22 16:20:49 - [MESSAGE][PASSED] - result service data ke : 6

2022-11-22 16:20:49 - [TEST_STEP][PASSED] - logInfo($response2): {"result_konsumen":"Reject","result_pasangan":"","Final_result":"Reject","errorMessage":"","status":"Done"}

2022-11-22 16:20:49 - [MESSAGE][INFO] - {"result_konsumen":"Reject","result_pasangan":"","Final_result":"Reject","errorMessage":"","status":"Done"}

2022-11-22 16:20:49 - [TEST_STEP][PASSED] - verifyElementPropertyValue(scoring, "Final_result", final_result): Verify element property value successfully

2022-11-22 16:20:49 - [MESSAGE][PASSED] - Verify element property value successfully]]></system-out>
         <system-err><![CDATA[]]></system-err>
      </testcase>
      <testcase name="Test Cases/Engine_Scoring/Engine Scoring" time="4.749" classname="Test Cases/Engine_Scoring/Engine Scoring" status="PASSED">
         <system-out><![CDATA[2022-11-22 16:20:49 - [TEST_CASE][PASSED] - Test Cases/Engine_Scoring/Engine Scoring: Test Cases/Engine_Scoring/Engine Scoring

2022-11-22 16:20:50 - [TEST_STEP][PASSED] - markPassed("Variasi data ke : " + no): Variasi data ke : 7

2022-11-22 16:20:50 - [MESSAGE][PASSED] - Variasi data ke : 7

2022-11-22 16:20:50 - [TEST_STEP][PASSED] - req_data = sendRequest(findTestObject("Search_ME", ["MID":MID, "source":source, "ip":ip, "userid":userid, "branch":branch, "tipekons":tipekons, "marital":marital, "penjamin":penjamin, ... ])): Send request successfully

2022-11-22 16:20:51 - [MESSAGE][INFO] - HAR: D:\DMS\Engine Scoring\Reports\20221122_162012\Exclude KKB - DS\Scoring Individu - KKB\20221122_162012\requests\main\12.har

2022-11-22 16:20:51 - [MESSAGE][PASSED] - Send request successfully

2022-11-22 16:20:51 - [TEST_STEP][PASSED] - slurper = new groovy.json.JsonSlurper(): null

2022-11-22 16:20:51 - [TEST_STEP][PASSED] - result = slurper.parseText(req_data.getResponseBodyContent()): null

2022-11-22 16:20:51 - [TEST_STEP][PASSED] - reqid_kons = requestid1: null

2022-11-22 16:20:51 - [TEST_STEP][PASSED] - reqid_spouse = requestid2: null

2022-11-22 16:20:51 - [TEST_STEP][PASSED] - println("requestid kons : " + reqid_kons): null

2022-11-22 16:20:51 - [TEST_STEP][PASSED] - response_searchME_kons = reqid_kons: null

2022-11-22 16:20:51 - [TEST_STEP][PASSED] - response_searchME_spouse = reqid_spouse: null

2022-11-22 16:20:51 - [TEST_STEP][PASSED] - println("kons req id is :" + response_searchME_kons): null

2022-11-22 16:20:51 - [TEST_STEP][PASSED] - println("spouse req id is : " + response_searchME_spouse): null

2022-11-22 16:20:51 - [TEST_STEP][PASSED] - verifyResponseStatusCode(req_data, 200): Verify response status code successfully

2022-11-22 16:20:51 - [MESSAGE][PASSED] - Verify response status code successfully

2022-11-22 16:20:51 - [TEST_STEP][PASSED] - response = req_data.getResponseText(): null

2022-11-22 16:20:51 - [TEST_STEP][PASSED] - logInfo($response): {"status":"Done","data":{"requestid1":"242130","requestid2":""}}

2022-11-22 16:20:51 - [MESSAGE][INFO] - {"status":"Done","data":{"requestid1":"242130","requestid2":""}}

2022-11-22 16:20:51 - [TEST_STEP][PASSED] - delay(3): Delayed 3 second(s)

2022-11-22 16:20:54 - [MESSAGE][PASSED] - Delayed 3 second(s)

2022-11-22 16:20:54 - [TEST_STEP][PASSED] - scoring = sendRequest(findTestObject("EngineScore", ["response_searchME_kons":response_searchME_kons, "response_searchME_spouse":response_searchME_spouse])): Send request successfully

2022-11-22 16:20:54 - [MESSAGE][INFO] - HAR: D:\DMS\Engine Scoring\Reports\20221122_162012\Exclude KKB - DS\Scoring Individu - KKB\20221122_162012\requests\main\13.har

2022-11-22 16:20:54 - [MESSAGE][PASSED] - Send request successfully

2022-11-22 16:20:54 - [TEST_STEP][PASSED] - verifyResponseStatusCode(scoring, 200): Verify response status code successfully

2022-11-22 16:20:54 - [MESSAGE][PASSED] - Verify response status code successfully

2022-11-22 16:20:54 - [TEST_STEP][PASSED] - response2 = scoring.getResponseText(): null

2022-11-22 16:20:54 - [TEST_STEP][PASSED] - markPassed("result service data ke : " + no): result service data ke : 7

2022-11-22 16:20:54 - [MESSAGE][PASSED] - result service data ke : 7

2022-11-22 16:20:54 - [TEST_STEP][PASSED] - logInfo($response2): {"result_konsumen":"Reguler","result_pasangan":"","Final_result":"Reguler","errorMessage":"","status":"Done"}

2022-11-22 16:20:54 - [MESSAGE][INFO] - {"result_konsumen":"Reguler","result_pasangan":"","Final_result":"Reguler","errorMessage":"","status":"Done"}

2022-11-22 16:20:54 - [TEST_STEP][PASSED] - verifyElementPropertyValue(scoring, "Final_result", final_result): Verify element property value successfully

2022-11-22 16:20:54 - [MESSAGE][PASSED] - Verify element property value successfully]]></system-out>
         <system-err><![CDATA[]]></system-err>
      </testcase>
      <testcase name="Test Cases/Engine_Scoring/Engine Scoring" time="4.623" classname="Test Cases/Engine_Scoring/Engine Scoring" status="PASSED">
         <system-out><![CDATA[2022-11-22 16:20:54 - [TEST_CASE][PASSED] - Test Cases/Engine_Scoring/Engine Scoring: Test Cases/Engine_Scoring/Engine Scoring

2022-11-22 16:20:55 - [TEST_STEP][PASSED] - markPassed("Variasi data ke : " + no): Variasi data ke : 8

2022-11-22 16:20:55 - [MESSAGE][PASSED] - Variasi data ke : 8

2022-11-22 16:20:55 - [TEST_STEP][PASSED] - req_data = sendRequest(findTestObject("Search_ME", ["MID":MID, "source":source, "ip":ip, "userid":userid, "branch":branch, "tipekons":tipekons, "marital":marital, "penjamin":penjamin, ... ])): Send request successfully

2022-11-22 16:20:56 - [MESSAGE][INFO] - HAR: D:\DMS\Engine Scoring\Reports\20221122_162012\Exclude KKB - DS\Scoring Individu - KKB\20221122_162012\requests\main\14.har

2022-11-22 16:20:56 - [MESSAGE][PASSED] - Send request successfully

2022-11-22 16:20:56 - [TEST_STEP][PASSED] - slurper = new groovy.json.JsonSlurper(): null

2022-11-22 16:20:56 - [TEST_STEP][PASSED] - result = slurper.parseText(req_data.getResponseBodyContent()): null

2022-11-22 16:20:56 - [TEST_STEP][PASSED] - reqid_kons = requestid1: null

2022-11-22 16:20:56 - [TEST_STEP][PASSED] - reqid_spouse = requestid2: null

2022-11-22 16:20:56 - [TEST_STEP][PASSED] - println("requestid kons : " + reqid_kons): null

2022-11-22 16:20:56 - [TEST_STEP][PASSED] - response_searchME_kons = reqid_kons: null

2022-11-22 16:20:56 - [TEST_STEP][PASSED] - response_searchME_spouse = reqid_spouse: null

2022-11-22 16:20:56 - [TEST_STEP][PASSED] - println("kons req id is :" + response_searchME_kons): null

2022-11-22 16:20:56 - [TEST_STEP][PASSED] - println("spouse req id is : " + response_searchME_spouse): null

2022-11-22 16:20:56 - [TEST_STEP][PASSED] - verifyResponseStatusCode(req_data, 200): Verify response status code successfully

2022-11-22 16:20:56 - [MESSAGE][PASSED] - Verify response status code successfully

2022-11-22 16:20:56 - [TEST_STEP][PASSED] - response = req_data.getResponseText(): null

2022-11-22 16:20:56 - [TEST_STEP][PASSED] - logInfo($response): {"status":"Done","data":{"requestid1":"242131","requestid2":""}}

2022-11-22 16:20:56 - [MESSAGE][INFO] - {"status":"Done","data":{"requestid1":"242131","requestid2":""}}

2022-11-22 16:20:56 - [TEST_STEP][PASSED] - delay(3): Delayed 3 second(s)

2022-11-22 16:20:59 - [MESSAGE][PASSED] - Delayed 3 second(s)

2022-11-22 16:20:59 - [TEST_STEP][PASSED] - scoring = sendRequest(findTestObject("EngineScore", ["response_searchME_kons":response_searchME_kons, "response_searchME_spouse":response_searchME_spouse])): Send request successfully

2022-11-22 16:20:59 - [MESSAGE][INFO] - HAR: D:\DMS\Engine Scoring\Reports\20221122_162012\Exclude KKB - DS\Scoring Individu - KKB\20221122_162012\requests\main\15.har

2022-11-22 16:20:59 - [MESSAGE][PASSED] - Send request successfully

2022-11-22 16:20:59 - [TEST_STEP][PASSED] - verifyResponseStatusCode(scoring, 200): Verify response status code successfully

2022-11-22 16:20:59 - [MESSAGE][PASSED] - Verify response status code successfully

2022-11-22 16:20:59 - [TEST_STEP][PASSED] - response2 = scoring.getResponseText(): null

2022-11-22 16:20:59 - [TEST_STEP][PASSED] - markPassed("result service data ke : " + no): result service data ke : 8

2022-11-22 16:20:59 - [MESSAGE][PASSED] - result service data ke : 8

2022-11-22 16:20:59 - [TEST_STEP][PASSED] - logInfo($response2): {"result_konsumen":"Reguler","result_pasangan":"","Final_result":"Reguler","errorMessage":"","status":"Done"}

2022-11-22 16:20:59 - [MESSAGE][INFO] - {"result_konsumen":"Reguler","result_pasangan":"","Final_result":"Reguler","errorMessage":"","status":"Done"}

2022-11-22 16:20:59 - [TEST_STEP][PASSED] - verifyElementPropertyValue(scoring, "Final_result", final_result): Verify element property value successfully

2022-11-22 16:20:59 - [MESSAGE][PASSED] - Verify element property value successfully]]></system-out>
         <system-err><![CDATA[]]></system-err>
      </testcase>
      <testcase name="Test Cases/Engine_Scoring/Engine Scoring" time="4.58" classname="Test Cases/Engine_Scoring/Engine Scoring" status="PASSED">
         <system-out><![CDATA[2022-11-22 16:20:59 - [TEST_CASE][PASSED] - Test Cases/Engine_Scoring/Engine Scoring: Test Cases/Engine_Scoring/Engine Scoring

2022-11-22 16:21:00 - [TEST_STEP][PASSED] - markPassed("Variasi data ke : " + no): Variasi data ke : 9

2022-11-22 16:21:00 - [MESSAGE][PASSED] - Variasi data ke : 9

2022-11-22 16:21:00 - [TEST_STEP][PASSED] - req_data = sendRequest(findTestObject("Search_ME", ["MID":MID, "source":source, "ip":ip, "userid":userid, "branch":branch, "tipekons":tipekons, "marital":marital, "penjamin":penjamin, ... ])): Send request successfully

2022-11-22 16:21:00 - [MESSAGE][INFO] - HAR: D:\DMS\Engine Scoring\Reports\20221122_162012\Exclude KKB - DS\Scoring Individu - KKB\20221122_162012\requests\main\16.har

2022-11-22 16:21:00 - [MESSAGE][PASSED] - Send request successfully

2022-11-22 16:21:00 - [TEST_STEP][PASSED] - slurper = new groovy.json.JsonSlurper(): null

2022-11-22 16:21:00 - [TEST_STEP][PASSED] - result = slurper.parseText(req_data.getResponseBodyContent()): null

2022-11-22 16:21:00 - [TEST_STEP][PASSED] - reqid_kons = requestid1: null

2022-11-22 16:21:00 - [TEST_STEP][PASSED] - reqid_spouse = requestid2: null

2022-11-22 16:21:00 - [TEST_STEP][PASSED] - println("requestid kons : " + reqid_kons): null

2022-11-22 16:21:00 - [TEST_STEP][PASSED] - response_searchME_kons = reqid_kons: null

2022-11-22 16:21:00 - [TEST_STEP][PASSED] - response_searchME_spouse = reqid_spouse: null

2022-11-22 16:21:00 - [TEST_STEP][PASSED] - println("kons req id is :" + response_searchME_kons): null

2022-11-22 16:21:00 - [TEST_STEP][PASSED] - println("spouse req id is : " + response_searchME_spouse): null

2022-11-22 16:21:00 - [TEST_STEP][PASSED] - verifyResponseStatusCode(req_data, 200): Verify response status code successfully

2022-11-22 16:21:00 - [MESSAGE][PASSED] - Verify response status code successfully

2022-11-22 16:21:00 - [TEST_STEP][PASSED] - response = req_data.getResponseText(): null

2022-11-22 16:21:00 - [TEST_STEP][PASSED] - logInfo($response): {"status":"Done","data":{"requestid1":"242132","requestid2":""}}

2022-11-22 16:21:00 - [MESSAGE][INFO] - {"status":"Done","data":{"requestid1":"242132","requestid2":""}}

2022-11-22 16:21:00 - [TEST_STEP][PASSED] - delay(3): Delayed 3 second(s)

2022-11-22 16:21:03 - [MESSAGE][PASSED] - Delayed 3 second(s)

2022-11-22 16:21:03 - [TEST_STEP][PASSED] - scoring = sendRequest(findTestObject("EngineScore", ["response_searchME_kons":response_searchME_kons, "response_searchME_spouse":response_searchME_spouse])): Send request successfully

2022-11-22 16:21:03 - [MESSAGE][INFO] - HAR: D:\DMS\Engine Scoring\Reports\20221122_162012\Exclude KKB - DS\Scoring Individu - KKB\20221122_162012\requests\main\17.har

2022-11-22 16:21:03 - [MESSAGE][PASSED] - Send request successfully

2022-11-22 16:21:03 - [TEST_STEP][PASSED] - verifyResponseStatusCode(scoring, 200): Verify response status code successfully

2022-11-22 16:21:03 - [MESSAGE][PASSED] - Verify response status code successfully

2022-11-22 16:21:03 - [TEST_STEP][PASSED] - response2 = scoring.getResponseText(): null

2022-11-22 16:21:03 - [TEST_STEP][PASSED] - markPassed("result service data ke : " + no): result service data ke : 9

2022-11-22 16:21:03 - [MESSAGE][PASSED] - result service data ke : 9

2022-11-22 16:21:03 - [TEST_STEP][PASSED] - logInfo($response2): {"result_konsumen":"Reguler","result_pasangan":"","Final_result":"Reguler","errorMessage":"","status":"Done"}

2022-11-22 16:21:03 - [MESSAGE][INFO] - {"result_konsumen":"Reguler","result_pasangan":"","Final_result":"Reguler","errorMessage":"","status":"Done"}

2022-11-22 16:21:03 - [TEST_STEP][PASSED] - verifyElementPropertyValue(scoring, "Final_result", final_result): Verify element property value successfully

2022-11-22 16:21:03 - [MESSAGE][PASSED] - Verify element property value successfully]]></system-out>
         <system-err><![CDATA[]]></system-err>
      </testcase>
      <testcase name="Test Cases/Engine_Scoring/Engine Scoring" time="4.649" classname="Test Cases/Engine_Scoring/Engine Scoring" status="PASSED">
         <system-out><![CDATA[2022-11-22 16:21:04 - [TEST_CASE][PASSED] - Test Cases/Engine_Scoring/Engine Scoring: Test Cases/Engine_Scoring/Engine Scoring

2022-11-22 16:21:04 - [TEST_STEP][PASSED] - markPassed("Variasi data ke : " + no): Variasi data ke : 10

2022-11-22 16:21:04 - [MESSAGE][PASSED] - Variasi data ke : 10

2022-11-22 16:21:04 - [TEST_STEP][PASSED] - req_data = sendRequest(findTestObject("Search_ME", ["MID":MID, "source":source, "ip":ip, "userid":userid, "branch":branch, "tipekons":tipekons, "marital":marital, "penjamin":penjamin, ... ])): Send request successfully

2022-11-22 16:21:05 - [MESSAGE][INFO] - HAR: D:\DMS\Engine Scoring\Reports\20221122_162012\Exclude KKB - DS\Scoring Individu - KKB\20221122_162012\requests\main\18.har

2022-11-22 16:21:05 - [MESSAGE][PASSED] - Send request successfully

2022-11-22 16:21:05 - [TEST_STEP][PASSED] - slurper = new groovy.json.JsonSlurper(): null

2022-11-22 16:21:05 - [TEST_STEP][PASSED] - result = slurper.parseText(req_data.getResponseBodyContent()): null

2022-11-22 16:21:05 - [TEST_STEP][PASSED] - reqid_kons = requestid1: null

2022-11-22 16:21:05 - [TEST_STEP][PASSED] - reqid_spouse = requestid2: null

2022-11-22 16:21:05 - [TEST_STEP][PASSED] - println("requestid kons : " + reqid_kons): null

2022-11-22 16:21:05 - [TEST_STEP][PASSED] - response_searchME_kons = reqid_kons: null

2022-11-22 16:21:05 - [TEST_STEP][PASSED] - response_searchME_spouse = reqid_spouse: null

2022-11-22 16:21:05 - [TEST_STEP][PASSED] - println("kons req id is :" + response_searchME_kons): null

2022-11-22 16:21:05 - [TEST_STEP][PASSED] - println("spouse req id is : " + response_searchME_spouse): null

2022-11-22 16:21:05 - [TEST_STEP][PASSED] - verifyResponseStatusCode(req_data, 200): Verify response status code successfully

2022-11-22 16:21:05 - [MESSAGE][PASSED] - Verify response status code successfully

2022-11-22 16:21:05 - [TEST_STEP][PASSED] - response = req_data.getResponseText(): null

2022-11-22 16:21:05 - [TEST_STEP][PASSED] - logInfo($response): {"status":"Done","data":{"requestid1":"242133","requestid2":""}}

2022-11-22 16:21:05 - [MESSAGE][INFO] - {"status":"Done","data":{"requestid1":"242133","requestid2":""}}

2022-11-22 16:21:05 - [TEST_STEP][PASSED] - delay(3): Delayed 3 second(s)

2022-11-22 16:21:08 - [MESSAGE][PASSED] - Delayed 3 second(s)

2022-11-22 16:21:08 - [TEST_STEP][PASSED] - scoring = sendRequest(findTestObject("EngineScore", ["response_searchME_kons":response_searchME_kons, "response_searchME_spouse":response_searchME_spouse])): Send request successfully

2022-11-22 16:21:08 - [MESSAGE][INFO] - HAR: D:\DMS\Engine Scoring\Reports\20221122_162012\Exclude KKB - DS\Scoring Individu - KKB\20221122_162012\requests\main\19.har

2022-11-22 16:21:08 - [MESSAGE][PASSED] - Send request successfully

2022-11-22 16:21:08 - [TEST_STEP][PASSED] - verifyResponseStatusCode(scoring, 200): Verify response status code successfully

2022-11-22 16:21:08 - [MESSAGE][PASSED] - Verify response status code successfully

2022-11-22 16:21:08 - [TEST_STEP][PASSED] - response2 = scoring.getResponseText(): null

2022-11-22 16:21:08 - [TEST_STEP][PASSED] - markPassed("result service data ke : " + no): result service data ke : 10

2022-11-22 16:21:08 - [MESSAGE][PASSED] - result service data ke : 10

2022-11-22 16:21:08 - [TEST_STEP][PASSED] - logInfo($response2): {"result_konsumen":"Reguler","result_pasangan":"","Final_result":"Reguler","errorMessage":"","status":"Done"}

2022-11-22 16:21:08 - [MESSAGE][INFO] - {"result_konsumen":"Reguler","result_pasangan":"","Final_result":"Reguler","errorMessage":"","status":"Done"}

2022-11-22 16:21:08 - [TEST_STEP][PASSED] - verifyElementPropertyValue(scoring, "Final_result", final_result): Verify element property value successfully

2022-11-22 16:21:08 - [MESSAGE][PASSED] - Verify element property value successfully]]></system-out>
         <system-err><![CDATA[]]></system-err>
      </testcase>
      <testcase name="Test Cases/Engine_Scoring/Engine Scoring" time="4.613" classname="Test Cases/Engine_Scoring/Engine Scoring" status="PASSED">
         <system-out><![CDATA[2022-11-22 16:21:08 - [TEST_CASE][PASSED] - Test Cases/Engine_Scoring/Engine Scoring: Test Cases/Engine_Scoring/Engine Scoring

2022-11-22 16:21:09 - [TEST_STEP][PASSED] - markPassed("Variasi data ke : " + no): Variasi data ke : 11

2022-11-22 16:21:09 - [MESSAGE][PASSED] - Variasi data ke : 11

2022-11-22 16:21:09 - [TEST_STEP][PASSED] - req_data = sendRequest(findTestObject("Search_ME", ["MID":MID, "source":source, "ip":ip, "userid":userid, "branch":branch, "tipekons":tipekons, "marital":marital, "penjamin":penjamin, ... ])): Send request successfully

2022-11-22 16:21:10 - [MESSAGE][INFO] - HAR: D:\DMS\Engine Scoring\Reports\20221122_162012\Exclude KKB - DS\Scoring Individu - KKB\20221122_162012\requests\main\20.har

2022-11-22 16:21:10 - [MESSAGE][PASSED] - Send request successfully

2022-11-22 16:21:10 - [TEST_STEP][PASSED] - slurper = new groovy.json.JsonSlurper(): null

2022-11-22 16:21:10 - [TEST_STEP][PASSED] - result = slurper.parseText(req_data.getResponseBodyContent()): null

2022-11-22 16:21:10 - [TEST_STEP][PASSED] - reqid_kons = requestid1: null

2022-11-22 16:21:10 - [TEST_STEP][PASSED] - reqid_spouse = requestid2: null

2022-11-22 16:21:10 - [TEST_STEP][PASSED] - println("requestid kons : " + reqid_kons): null

2022-11-22 16:21:10 - [TEST_STEP][PASSED] - response_searchME_kons = reqid_kons: null

2022-11-22 16:21:10 - [TEST_STEP][PASSED] - response_searchME_spouse = reqid_spouse: null

2022-11-22 16:21:10 - [TEST_STEP][PASSED] - println("kons req id is :" + response_searchME_kons): null

2022-11-22 16:21:10 - [TEST_STEP][PASSED] - println("spouse req id is : " + response_searchME_spouse): null

2022-11-22 16:21:10 - [TEST_STEP][PASSED] - verifyResponseStatusCode(req_data, 200): Verify response status code successfully

2022-11-22 16:21:10 - [MESSAGE][PASSED] - Verify response status code successfully

2022-11-22 16:21:10 - [TEST_STEP][PASSED] - response = req_data.getResponseText(): null

2022-11-22 16:21:10 - [TEST_STEP][PASSED] - logInfo($response): {"status":"Done","data":{"requestid1":"242134","requestid2":""}}

2022-11-22 16:21:10 - [MESSAGE][INFO] - {"status":"Done","data":{"requestid1":"242134","requestid2":""}}

2022-11-22 16:21:10 - [TEST_STEP][PASSED] - delay(3): Delayed 3 second(s)

2022-11-22 16:21:13 - [MESSAGE][PASSED] - Delayed 3 second(s)

2022-11-22 16:21:13 - [TEST_STEP][PASSED] - scoring = sendRequest(findTestObject("EngineScore", ["response_searchME_kons":response_searchME_kons, "response_searchME_spouse":response_searchME_spouse])): Send request successfully

2022-11-22 16:21:13 - [MESSAGE][INFO] - HAR: D:\DMS\Engine Scoring\Reports\20221122_162012\Exclude KKB - DS\Scoring Individu - KKB\20221122_162012\requests\main\21.har

2022-11-22 16:21:13 - [MESSAGE][PASSED] - Send request successfully

2022-11-22 16:21:13 - [TEST_STEP][PASSED] - verifyResponseStatusCode(scoring, 200): Verify response status code successfully

2022-11-22 16:21:13 - [MESSAGE][PASSED] - Verify response status code successfully

2022-11-22 16:21:13 - [TEST_STEP][PASSED] - response2 = scoring.getResponseText(): null

2022-11-22 16:21:13 - [TEST_STEP][PASSED] - markPassed("result service data ke : " + no): result service data ke : 11

2022-11-22 16:21:13 - [MESSAGE][PASSED] - result service data ke : 11

2022-11-22 16:21:13 - [TEST_STEP][PASSED] - logInfo($response2): {"result_konsumen":"Reguler","result_pasangan":"","Final_result":"Reguler","errorMessage":"","status":"Done"}

2022-11-22 16:21:13 - [MESSAGE][INFO] - {"result_konsumen":"Reguler","result_pasangan":"","Final_result":"Reguler","errorMessage":"","status":"Done"}

2022-11-22 16:21:13 - [TEST_STEP][PASSED] - verifyElementPropertyValue(scoring, "Final_result", final_result): Verify element property value successfully

2022-11-22 16:21:13 - [MESSAGE][PASSED] - Verify element property value successfully]]></system-out>
         <system-err><![CDATA[]]></system-err>
      </testcase>
      <testcase name="Test Cases/Engine_Scoring/Engine Scoring" time="5.03" classname="Test Cases/Engine_Scoring/Engine Scoring" status="PASSED">
         <system-out><![CDATA[2022-11-22 16:21:13 - [TEST_CASE][PASSED] - Test Cases/Engine_Scoring/Engine Scoring: Test Cases/Engine_Scoring/Engine Scoring

2022-11-22 16:21:14 - [TEST_STEP][PASSED] - markPassed("Variasi data ke : " + no): Variasi data ke : 12

2022-11-22 16:21:14 - [MESSAGE][PASSED] - Variasi data ke : 12

2022-11-22 16:21:14 - [TEST_STEP][PASSED] - req_data = sendRequest(findTestObject("Search_ME", ["MID":MID, "source":source, "ip":ip, "userid":userid, "branch":branch, "tipekons":tipekons, "marital":marital, "penjamin":penjamin, ... ])): Send request successfully

2022-11-22 16:21:15 - [MESSAGE][INFO] - HAR: D:\DMS\Engine Scoring\Reports\20221122_162012\Exclude KKB - DS\Scoring Individu - KKB\20221122_162012\requests\main\22.har

2022-11-22 16:21:15 - [MESSAGE][PASSED] - Send request successfully

2022-11-22 16:21:15 - [TEST_STEP][PASSED] - slurper = new groovy.json.JsonSlurper(): null

2022-11-22 16:21:15 - [TEST_STEP][PASSED] - result = slurper.parseText(req_data.getResponseBodyContent()): null

2022-11-22 16:21:15 - [TEST_STEP][PASSED] - reqid_kons = requestid1: null

2022-11-22 16:21:15 - [TEST_STEP][PASSED] - reqid_spouse = requestid2: null

2022-11-22 16:21:15 - [TEST_STEP][PASSED] - println("requestid kons : " + reqid_kons): null

2022-11-22 16:21:15 - [TEST_STEP][PASSED] - response_searchME_kons = reqid_kons: null

2022-11-22 16:21:15 - [TEST_STEP][PASSED] - response_searchME_spouse = reqid_spouse: null

2022-11-22 16:21:15 - [TEST_STEP][PASSED] - println("kons req id is :" + response_searchME_kons): null

2022-11-22 16:21:15 - [TEST_STEP][PASSED] - println("spouse req id is : " + response_searchME_spouse): null

2022-11-22 16:21:15 - [TEST_STEP][PASSED] - verifyResponseStatusCode(req_data, 200): Verify response status code successfully

2022-11-22 16:21:15 - [MESSAGE][PASSED] - Verify response status code successfully

2022-11-22 16:21:15 - [TEST_STEP][PASSED] - response = req_data.getResponseText(): null

2022-11-22 16:21:15 - [TEST_STEP][PASSED] - logInfo($response): {"status":"Done","data":{"requestid1":"242135","requestid2":""}}

2022-11-22 16:21:15 - [MESSAGE][INFO] - {"status":"Done","data":{"requestid1":"242135","requestid2":""}}

2022-11-22 16:21:15 - [TEST_STEP][PASSED] - delay(3): Delayed 3 second(s)

2022-11-22 16:21:18 - [MESSAGE][PASSED] - Delayed 3 second(s)

2022-11-22 16:21:18 - [TEST_STEP][PASSED] - scoring = sendRequest(findTestObject("EngineScore", ["response_searchME_kons":response_searchME_kons, "response_searchME_spouse":response_searchME_spouse])): Send request successfully

2022-11-22 16:21:18 - [MESSAGE][INFO] - HAR: D:\DMS\Engine Scoring\Reports\20221122_162012\Exclude KKB - DS\Scoring Individu - KKB\20221122_162012\requests\main\23.har

2022-11-22 16:21:18 - [MESSAGE][PASSED] - Send request successfully

2022-11-22 16:21:18 - [TEST_STEP][PASSED] - verifyResponseStatusCode(scoring, 200): Verify response status code successfully

2022-11-22 16:21:18 - [MESSAGE][PASSED] - Verify response status code successfully

2022-11-22 16:21:18 - [TEST_STEP][PASSED] - response2 = scoring.getResponseText(): null

2022-11-22 16:21:18 - [TEST_STEP][PASSED] - markPassed("result service data ke : " + no): result service data ke : 12

2022-11-22 16:21:18 - [MESSAGE][PASSED] - result service data ke : 12

2022-11-22 16:21:18 - [TEST_STEP][PASSED] - logInfo($response2): {"result_konsumen":"Reguler","result_pasangan":"","Final_result":"Reguler","errorMessage":"","status":"Done"}

2022-11-22 16:21:18 - [MESSAGE][INFO] - {"result_konsumen":"Reguler","result_pasangan":"","Final_result":"Reguler","errorMessage":"","status":"Done"}

2022-11-22 16:21:18 - [TEST_STEP][PASSED] - verifyElementPropertyValue(scoring, "Final_result", final_result): Verify element property value successfully

2022-11-22 16:21:18 - [MESSAGE][PASSED] - Verify element property value successfully]]></system-out>
         <system-err><![CDATA[]]></system-err>
      </testcase>
      <testcase name="Test Cases/Engine_Scoring/Engine Scoring" time="4.613" classname="Test Cases/Engine_Scoring/Engine Scoring" status="PASSED">
         <system-out><![CDATA[2022-11-22 16:21:18 - [TEST_CASE][PASSED] - Test Cases/Engine_Scoring/Engine Scoring: Test Cases/Engine_Scoring/Engine Scoring

2022-11-22 16:21:19 - [TEST_STEP][PASSED] - markPassed("Variasi data ke : " + no): Variasi data ke : 13

2022-11-22 16:21:19 - [MESSAGE][PASSED] - Variasi data ke : 13

2022-11-22 16:21:19 - [TEST_STEP][PASSED] - req_data = sendRequest(findTestObject("Search_ME", ["MID":MID, "source":source, "ip":ip, "userid":userid, "branch":branch, "tipekons":tipekons, "marital":marital, "penjamin":penjamin, ... ])): Send request successfully

2022-11-22 16:21:19 - [MESSAGE][INFO] - HAR: D:\DMS\Engine Scoring\Reports\20221122_162012\Exclude KKB - DS\Scoring Individu - KKB\20221122_162012\requests\main\24.har

2022-11-22 16:21:19 - [MESSAGE][PASSED] - Send request successfully

2022-11-22 16:21:19 - [TEST_STEP][PASSED] - slurper = new groovy.json.JsonSlurper(): null

2022-11-22 16:21:19 - [TEST_STEP][PASSED] - result = slurper.parseText(req_data.getResponseBodyContent()): null

2022-11-22 16:21:19 - [TEST_STEP][PASSED] - reqid_kons = requestid1: null

2022-11-22 16:21:19 - [TEST_STEP][PASSED] - reqid_spouse = requestid2: null

2022-11-22 16:21:19 - [TEST_STEP][PASSED] - println("requestid kons : " + reqid_kons): null

2022-11-22 16:21:19 - [TEST_STEP][PASSED] - response_searchME_kons = reqid_kons: null

2022-11-22 16:21:19 - [TEST_STEP][PASSED] - response_searchME_spouse = reqid_spouse: null

2022-11-22 16:21:19 - [TEST_STEP][PASSED] - println("kons req id is :" + response_searchME_kons): null

2022-11-22 16:21:19 - [TEST_STEP][PASSED] - println("spouse req id is : " + response_searchME_spouse): null

2022-11-22 16:21:19 - [TEST_STEP][PASSED] - verifyResponseStatusCode(req_data, 200): Verify response status code successfully

2022-11-22 16:21:19 - [MESSAGE][PASSED] - Verify response status code successfully

2022-11-22 16:21:19 - [TEST_STEP][PASSED] - response = req_data.getResponseText(): null

2022-11-22 16:21:19 - [TEST_STEP][PASSED] - logInfo($response): {"status":"Done","data":{"requestid1":"242136","requestid2":""}}

2022-11-22 16:21:19 - [MESSAGE][INFO] - {"status":"Done","data":{"requestid1":"242136","requestid2":""}}

2022-11-22 16:21:19 - [TEST_STEP][PASSED] - delay(3): Delayed 3 second(s)

2022-11-22 16:21:22 - [MESSAGE][PASSED] - Delayed 3 second(s)

2022-11-22 16:21:22 - [TEST_STEP][PASSED] - scoring = sendRequest(findTestObject("EngineScore", ["response_searchME_kons":response_searchME_kons, "response_searchME_spouse":response_searchME_spouse])): Send request successfully

2022-11-22 16:21:23 - [MESSAGE][INFO] - HAR: D:\DMS\Engine Scoring\Reports\20221122_162012\Exclude KKB - DS\Scoring Individu - KKB\20221122_162012\requests\main\25.har

2022-11-22 16:21:23 - [MESSAGE][PASSED] - Send request successfully

2022-11-22 16:21:23 - [TEST_STEP][PASSED] - verifyResponseStatusCode(scoring, 200): Verify response status code successfully

2022-11-22 16:21:23 - [MESSAGE][PASSED] - Verify response status code successfully

2022-11-22 16:21:23 - [TEST_STEP][PASSED] - response2 = scoring.getResponseText(): null

2022-11-22 16:21:23 - [TEST_STEP][PASSED] - markPassed("result service data ke : " + no): result service data ke : 13

2022-11-22 16:21:23 - [MESSAGE][PASSED] - result service data ke : 13

2022-11-22 16:21:23 - [TEST_STEP][PASSED] - logInfo($response2): {"result_konsumen":"Reguler","result_pasangan":"","Final_result":"Reguler","errorMessage":"","status":"Done"}

2022-11-22 16:21:23 - [MESSAGE][INFO] - {"result_konsumen":"Reguler","result_pasangan":"","Final_result":"Reguler","errorMessage":"","status":"Done"}

2022-11-22 16:21:23 - [TEST_STEP][PASSED] - verifyElementPropertyValue(scoring, "Final_result", final_result): Verify element property value successfully

2022-11-22 16:21:23 - [MESSAGE][PASSED] - Verify element property value successfully]]></system-out>
         <system-err><![CDATA[]]></system-err>
      </testcase>
      <testcase name="Test Cases/Engine_Scoring/Engine Scoring" time="4.669" classname="Test Cases/Engine_Scoring/Engine Scoring" status="PASSED">
         <system-out><![CDATA[2022-11-22 16:21:23 - [TEST_CASE][PASSED] - Test Cases/Engine_Scoring/Engine Scoring: Test Cases/Engine_Scoring/Engine Scoring

2022-11-22 16:21:23 - [TEST_STEP][PASSED] - markPassed("Variasi data ke : " + no): Variasi data ke : 14

2022-11-22 16:21:23 - [MESSAGE][PASSED] - Variasi data ke : 14

2022-11-22 16:21:23 - [TEST_STEP][PASSED] - req_data = sendRequest(findTestObject("Search_ME", ["MID":MID, "source":source, "ip":ip, "userid":userid, "branch":branch, "tipekons":tipekons, "marital":marital, "penjamin":penjamin, ... ])): Send request successfully

2022-11-22 16:21:24 - [MESSAGE][INFO] - HAR: D:\DMS\Engine Scoring\Reports\20221122_162012\Exclude KKB - DS\Scoring Individu - KKB\20221122_162012\requests\main\26.har

2022-11-22 16:21:24 - [MESSAGE][PASSED] - Send request successfully

2022-11-22 16:21:24 - [TEST_STEP][PASSED] - slurper = new groovy.json.JsonSlurper(): null

2022-11-22 16:21:24 - [TEST_STEP][PASSED] - result = slurper.parseText(req_data.getResponseBodyContent()): null

2022-11-22 16:21:24 - [TEST_STEP][PASSED] - reqid_kons = requestid1: null

2022-11-22 16:21:24 - [TEST_STEP][PASSED] - reqid_spouse = requestid2: null

2022-11-22 16:21:24 - [TEST_STEP][PASSED] - println("requestid kons : " + reqid_kons): null

2022-11-22 16:21:24 - [TEST_STEP][PASSED] - response_searchME_kons = reqid_kons: null

2022-11-22 16:21:24 - [TEST_STEP][PASSED] - response_searchME_spouse = reqid_spouse: null

2022-11-22 16:21:24 - [TEST_STEP][PASSED] - println("kons req id is :" + response_searchME_kons): null

2022-11-22 16:21:24 - [TEST_STEP][PASSED] - println("spouse req id is : " + response_searchME_spouse): null

2022-11-22 16:21:24 - [TEST_STEP][PASSED] - verifyResponseStatusCode(req_data, 200): Verify response status code successfully

2022-11-22 16:21:24 - [MESSAGE][PASSED] - Verify response status code successfully

2022-11-22 16:21:24 - [TEST_STEP][PASSED] - response = req_data.getResponseText(): null

2022-11-22 16:21:24 - [TEST_STEP][PASSED] - logInfo($response): {"status":"Done","data":{"requestid1":"242137","requestid2":""}}

2022-11-22 16:21:24 - [MESSAGE][INFO] - {"status":"Done","data":{"requestid1":"242137","requestid2":""}}

2022-11-22 16:21:24 - [TEST_STEP][PASSED] - delay(3): Delayed 3 second(s)

2022-11-22 16:21:27 - [MESSAGE][PASSED] - Delayed 3 second(s)

2022-11-22 16:21:27 - [TEST_STEP][PASSED] - scoring = sendRequest(findTestObject("EngineScore", ["response_searchME_kons":response_searchME_kons, "response_searchME_spouse":response_searchME_spouse])): Send request successfully

2022-11-22 16:21:27 - [MESSAGE][INFO] - HAR: D:\DMS\Engine Scoring\Reports\20221122_162012\Exclude KKB - DS\Scoring Individu - KKB\20221122_162012\requests\main\27.har

2022-11-22 16:21:27 - [MESSAGE][PASSED] - Send request successfully

2022-11-22 16:21:27 - [TEST_STEP][PASSED] - verifyResponseStatusCode(scoring, 200): Verify response status code successfully

2022-11-22 16:21:27 - [MESSAGE][PASSED] - Verify response status code successfully

2022-11-22 16:21:27 - [TEST_STEP][PASSED] - response2 = scoring.getResponseText(): null

2022-11-22 16:21:27 - [TEST_STEP][PASSED] - markPassed("result service data ke : " + no): result service data ke : 14

2022-11-22 16:21:27 - [MESSAGE][PASSED] - result service data ke : 14

2022-11-22 16:21:27 - [TEST_STEP][PASSED] - logInfo($response2): {"result_konsumen":"Reguler","result_pasangan":"","Final_result":"Reguler","errorMessage":"","status":"Done"}

2022-11-22 16:21:27 - [MESSAGE][INFO] - {"result_konsumen":"Reguler","result_pasangan":"","Final_result":"Reguler","errorMessage":"","status":"Done"}

2022-11-22 16:21:27 - [TEST_STEP][PASSED] - verifyElementPropertyValue(scoring, "Final_result", final_result): Verify element property value successfully

2022-11-22 16:21:27 - [MESSAGE][PASSED] - Verify element property value successfully]]></system-out>
         <system-err><![CDATA[]]></system-err>
      </testcase>
      <testcase name="Test Cases/Engine_Scoring/Engine Scoring" time="4.588" classname="Test Cases/Engine_Scoring/Engine Scoring" status="PASSED">
         <system-out><![CDATA[2022-11-22 16:21:27 - [TEST_CASE][PASSED] - Test Cases/Engine_Scoring/Engine Scoring: Test Cases/Engine_Scoring/Engine Scoring

2022-11-22 16:21:28 - [TEST_STEP][PASSED] - markPassed("Variasi data ke : " + no): Variasi data ke : 15

2022-11-22 16:21:28 - [MESSAGE][PASSED] - Variasi data ke : 15

2022-11-22 16:21:28 - [TEST_STEP][PASSED] - req_data = sendRequest(findTestObject("Search_ME", ["MID":MID, "source":source, "ip":ip, "userid":userid, "branch":branch, "tipekons":tipekons, "marital":marital, "penjamin":penjamin, ... ])): Send request successfully

2022-11-22 16:21:29 - [MESSAGE][INFO] - HAR: D:\DMS\Engine Scoring\Reports\20221122_162012\Exclude KKB - DS\Scoring Individu - KKB\20221122_162012\requests\main\28.har

2022-11-22 16:21:29 - [MESSAGE][PASSED] - Send request successfully

2022-11-22 16:21:29 - [TEST_STEP][PASSED] - slurper = new groovy.json.JsonSlurper(): null

2022-11-22 16:21:29 - [TEST_STEP][PASSED] - result = slurper.parseText(req_data.getResponseBodyContent()): null

2022-11-22 16:21:29 - [TEST_STEP][PASSED] - reqid_kons = requestid1: null

2022-11-22 16:21:29 - [TEST_STEP][PASSED] - reqid_spouse = requestid2: null

2022-11-22 16:21:29 - [TEST_STEP][PASSED] - println("requestid kons : " + reqid_kons): null

2022-11-22 16:21:29 - [TEST_STEP][PASSED] - response_searchME_kons = reqid_kons: null

2022-11-22 16:21:29 - [TEST_STEP][PASSED] - response_searchME_spouse = reqid_spouse: null

2022-11-22 16:21:29 - [TEST_STEP][PASSED] - println("kons req id is :" + response_searchME_kons): null

2022-11-22 16:21:29 - [TEST_STEP][PASSED] - println("spouse req id is : " + response_searchME_spouse): null

2022-11-22 16:21:29 - [TEST_STEP][PASSED] - verifyResponseStatusCode(req_data, 200): Verify response status code successfully

2022-11-22 16:21:29 - [MESSAGE][PASSED] - Verify response status code successfully

2022-11-22 16:21:29 - [TEST_STEP][PASSED] - response = req_data.getResponseText(): null

2022-11-22 16:21:29 - [TEST_STEP][PASSED] - logInfo($response): {"status":"Done","data":{"requestid1":"242138","requestid2":""}}

2022-11-22 16:21:29 - [MESSAGE][INFO] - {"status":"Done","data":{"requestid1":"242138","requestid2":""}}

2022-11-22 16:21:29 - [TEST_STEP][PASSED] - delay(3): Delayed 3 second(s)

2022-11-22 16:21:32 - [MESSAGE][PASSED] - Delayed 3 second(s)

2022-11-22 16:21:32 - [TEST_STEP][PASSED] - scoring = sendRequest(findTestObject("EngineScore", ["response_searchME_kons":response_searchME_kons, "response_searchME_spouse":response_searchME_spouse])): Send request successfully

2022-11-22 16:21:32 - [MESSAGE][INFO] - HAR: D:\DMS\Engine Scoring\Reports\20221122_162012\Exclude KKB - DS\Scoring Individu - KKB\20221122_162012\requests\main\29.har

2022-11-22 16:21:32 - [MESSAGE][PASSED] - Send request successfully

2022-11-22 16:21:32 - [TEST_STEP][PASSED] - verifyResponseStatusCode(scoring, 200): Verify response status code successfully

2022-11-22 16:21:32 - [MESSAGE][PASSED] - Verify response status code successfully

2022-11-22 16:21:32 - [TEST_STEP][PASSED] - response2 = scoring.getResponseText(): null

2022-11-22 16:21:32 - [TEST_STEP][PASSED] - markPassed("result service data ke : " + no): result service data ke : 15

2022-11-22 16:21:32 - [MESSAGE][PASSED] - result service data ke : 15

2022-11-22 16:21:32 - [TEST_STEP][PASSED] - logInfo($response2): {"result_konsumen":"Approve","result_pasangan":"","Final_result":"Approve","errorMessage":"","status":"Done"}

2022-11-22 16:21:32 - [MESSAGE][INFO] - {"result_konsumen":"Approve","result_pasangan":"","Final_result":"Approve","errorMessage":"","status":"Done"}

2022-11-22 16:21:32 - [TEST_STEP][PASSED] - verifyElementPropertyValue(scoring, "Final_result", final_result): Verify element property value successfully

2022-11-22 16:21:32 - [MESSAGE][PASSED] - Verify element property value successfully]]></system-out>
         <system-err><![CDATA[]]></system-err>
      </testcase>
      <testcase name="Test Cases/Engine_Scoring/Engine Scoring" time="4.541" classname="Test Cases/Engine_Scoring/Engine Scoring" status="PASSED">
         <system-out><![CDATA[2022-11-22 16:21:32 - [TEST_CASE][PASSED] - Test Cases/Engine_Scoring/Engine Scoring: Test Cases/Engine_Scoring/Engine Scoring

2022-11-22 16:21:33 - [TEST_STEP][PASSED] - markPassed("Variasi data ke : " + no): Variasi data ke : 16

2022-11-22 16:21:33 - [MESSAGE][PASSED] - Variasi data ke : 16

2022-11-22 16:21:33 - [TEST_STEP][PASSED] - req_data = sendRequest(findTestObject("Search_ME", ["MID":MID, "source":source, "ip":ip, "userid":userid, "branch":branch, "tipekons":tipekons, "marital":marital, "penjamin":penjamin, ... ])): Send request successfully

2022-11-22 16:21:33 - [MESSAGE][INFO] - HAR: D:\DMS\Engine Scoring\Reports\20221122_162012\Exclude KKB - DS\Scoring Individu - KKB\20221122_162012\requests\main\30.har

2022-11-22 16:21:33 - [MESSAGE][PASSED] - Send request successfully

2022-11-22 16:21:33 - [TEST_STEP][PASSED] - slurper = new groovy.json.JsonSlurper(): null

2022-11-22 16:21:33 - [TEST_STEP][PASSED] - result = slurper.parseText(req_data.getResponseBodyContent()): null

2022-11-22 16:21:33 - [TEST_STEP][PASSED] - reqid_kons = requestid1: null

2022-11-22 16:21:33 - [TEST_STEP][PASSED] - reqid_spouse = requestid2: null

2022-11-22 16:21:33 - [TEST_STEP][PASSED] - println("requestid kons : " + reqid_kons): null

2022-11-22 16:21:33 - [TEST_STEP][PASSED] - response_searchME_kons = reqid_kons: null

2022-11-22 16:21:33 - [TEST_STEP][PASSED] - response_searchME_spouse = reqid_spouse: null

2022-11-22 16:21:33 - [TEST_STEP][PASSED] - println("kons req id is :" + response_searchME_kons): null

2022-11-22 16:21:33 - [TEST_STEP][PASSED] - println("spouse req id is : " + response_searchME_spouse): null

2022-11-22 16:21:33 - [TEST_STEP][PASSED] - verifyResponseStatusCode(req_data, 200): Verify response status code successfully

2022-11-22 16:21:33 - [MESSAGE][PASSED] - Verify response status code successfully

2022-11-22 16:21:33 - [TEST_STEP][PASSED] - response = req_data.getResponseText(): null

2022-11-22 16:21:33 - [TEST_STEP][PASSED] - logInfo($response): {"status":"Done","data":{"requestid1":"242139","requestid2":""}}

2022-11-22 16:21:33 - [MESSAGE][INFO] - {"status":"Done","data":{"requestid1":"242139","requestid2":""}}

2022-11-22 16:21:33 - [TEST_STEP][PASSED] - delay(3): Delayed 3 second(s)

2022-11-22 16:21:36 - [MESSAGE][PASSED] - Delayed 3 second(s)

2022-11-22 16:21:36 - [TEST_STEP][PASSED] - scoring = sendRequest(findTestObject("EngineScore", ["response_searchME_kons":response_searchME_kons, "response_searchME_spouse":response_searchME_spouse])): Send request successfully

2022-11-22 16:21:36 - [MESSAGE][INFO] - HAR: D:\DMS\Engine Scoring\Reports\20221122_162012\Exclude KKB - DS\Scoring Individu - KKB\20221122_162012\requests\main\31.har

2022-11-22 16:21:36 - [MESSAGE][PASSED] - Send request successfully

2022-11-22 16:21:36 - [TEST_STEP][PASSED] - verifyResponseStatusCode(scoring, 200): Verify response status code successfully

2022-11-22 16:21:36 - [MESSAGE][PASSED] - Verify response status code successfully

2022-11-22 16:21:36 - [TEST_STEP][PASSED] - response2 = scoring.getResponseText(): null

2022-11-22 16:21:36 - [TEST_STEP][PASSED] - markPassed("result service data ke : " + no): result service data ke : 16

2022-11-22 16:21:36 - [MESSAGE][PASSED] - result service data ke : 16

2022-11-22 16:21:36 - [TEST_STEP][PASSED] - logInfo($response2): {"result_konsumen":"Approve","result_pasangan":"","Final_result":"Approve","errorMessage":"","status":"Done"}

2022-11-22 16:21:36 - [MESSAGE][INFO] - {"result_konsumen":"Approve","result_pasangan":"","Final_result":"Approve","errorMessage":"","status":"Done"}

2022-11-22 16:21:36 - [TEST_STEP][PASSED] - verifyElementPropertyValue(scoring, "Final_result", final_result): Verify element property value successfully

2022-11-22 16:21:36 - [MESSAGE][PASSED] - Verify element property value successfully]]></system-out>
         <system-err><![CDATA[]]></system-err>
      </testcase>
      <testcase name="Test Cases/Engine_Scoring/Engine Scoring" time="4.517" classname="Test Cases/Engine_Scoring/Engine Scoring" status="PASSED">
         <system-out><![CDATA[2022-11-22 16:21:37 - [TEST_CASE][PASSED] - Test Cases/Engine_Scoring/Engine Scoring: Test Cases/Engine_Scoring/Engine Scoring

2022-11-22 16:21:37 - [TEST_STEP][PASSED] - markPassed("Variasi data ke : " + no): Variasi data ke : 17

2022-11-22 16:21:37 - [MESSAGE][PASSED] - Variasi data ke : 17

2022-11-22 16:21:37 - [TEST_STEP][PASSED] - req_data = sendRequest(findTestObject("Search_ME", ["MID":MID, "source":source, "ip":ip, "userid":userid, "branch":branch, "tipekons":tipekons, "marital":marital, "penjamin":penjamin, ... ])): Send request successfully

2022-11-22 16:21:38 - [MESSAGE][INFO] - HAR: D:\DMS\Engine Scoring\Reports\20221122_162012\Exclude KKB - DS\Scoring Individu - KKB\20221122_162012\requests\main\32.har

2022-11-22 16:21:38 - [MESSAGE][PASSED] - Send request successfully

2022-11-22 16:21:38 - [TEST_STEP][PASSED] - slurper = new groovy.json.JsonSlurper(): null

2022-11-22 16:21:38 - [TEST_STEP][PASSED] - result = slurper.parseText(req_data.getResponseBodyContent()): null

2022-11-22 16:21:38 - [TEST_STEP][PASSED] - reqid_kons = requestid1: null

2022-11-22 16:21:38 - [TEST_STEP][PASSED] - reqid_spouse = requestid2: null

2022-11-22 16:21:38 - [TEST_STEP][PASSED] - println("requestid kons : " + reqid_kons): null

2022-11-22 16:21:38 - [TEST_STEP][PASSED] - response_searchME_kons = reqid_kons: null

2022-11-22 16:21:38 - [TEST_STEP][PASSED] - response_searchME_spouse = reqid_spouse: null

2022-11-22 16:21:38 - [TEST_STEP][PASSED] - println("kons req id is :" + response_searchME_kons): null

2022-11-22 16:21:38 - [TEST_STEP][PASSED] - println("spouse req id is : " + response_searchME_spouse): null

2022-11-22 16:21:38 - [TEST_STEP][PASSED] - verifyResponseStatusCode(req_data, 200): Verify response status code successfully

2022-11-22 16:21:38 - [MESSAGE][PASSED] - Verify response status code successfully

2022-11-22 16:21:38 - [TEST_STEP][PASSED] - response = req_data.getResponseText(): null

2022-11-22 16:21:38 - [TEST_STEP][PASSED] - logInfo($response): {"status":"Done","data":{"requestid1":"242140","requestid2":""}}

2022-11-22 16:21:38 - [MESSAGE][INFO] - {"status":"Done","data":{"requestid1":"242140","requestid2":""}}

2022-11-22 16:21:38 - [TEST_STEP][PASSED] - delay(3): Delayed 3 second(s)

2022-11-22 16:21:41 - [MESSAGE][PASSED] - Delayed 3 second(s)

2022-11-22 16:21:41 - [TEST_STEP][PASSED] - scoring = sendRequest(findTestObject("EngineScore", ["response_searchME_kons":response_searchME_kons, "response_searchME_spouse":response_searchME_spouse])): Send request successfully

2022-11-22 16:21:41 - [MESSAGE][INFO] - HAR: D:\DMS\Engine Scoring\Reports\20221122_162012\Exclude KKB - DS\Scoring Individu - KKB\20221122_162012\requests\main\33.har

2022-11-22 16:21:41 - [MESSAGE][PASSED] - Send request successfully

2022-11-22 16:21:41 - [TEST_STEP][PASSED] - verifyResponseStatusCode(scoring, 200): Verify response status code successfully

2022-11-22 16:21:41 - [MESSAGE][PASSED] - Verify response status code successfully

2022-11-22 16:21:41 - [TEST_STEP][PASSED] - response2 = scoring.getResponseText(): null

2022-11-22 16:21:41 - [TEST_STEP][PASSED] - markPassed("result service data ke : " + no): result service data ke : 17

2022-11-22 16:21:41 - [MESSAGE][PASSED] - result service data ke : 17

2022-11-22 16:21:41 - [TEST_STEP][PASSED] - logInfo($response2): {"result_konsumen":"Approve","result_pasangan":"","Final_result":"Approve","errorMessage":"","status":"Done"}

2022-11-22 16:21:41 - [MESSAGE][INFO] - {"result_konsumen":"Approve","result_pasangan":"","Final_result":"Approve","errorMessage":"","status":"Done"}

2022-11-22 16:21:41 - [TEST_STEP][PASSED] - verifyElementPropertyValue(scoring, "Final_result", final_result): Verify element property value successfully

2022-11-22 16:21:41 - [MESSAGE][PASSED] - Verify element property value successfully]]></system-out>
         <system-err><![CDATA[]]></system-err>
      </testcase>
      <testcase name="Test Cases/Engine_Scoring/Engine Scoring" time="4.614" classname="Test Cases/Engine_Scoring/Engine Scoring" status="PASSED">
         <system-out><![CDATA[2022-11-22 16:21:41 - [TEST_CASE][PASSED] - Test Cases/Engine_Scoring/Engine Scoring: Test Cases/Engine_Scoring/Engine Scoring

2022-11-22 16:21:42 - [TEST_STEP][PASSED] - markPassed("Variasi data ke : " + no): Variasi data ke : 18

2022-11-22 16:21:42 - [MESSAGE][PASSED] - Variasi data ke : 18

2022-11-22 16:21:42 - [TEST_STEP][PASSED] - req_data = sendRequest(findTestObject("Search_ME", ["MID":MID, "source":source, "ip":ip, "userid":userid, "branch":branch, "tipekons":tipekons, "marital":marital, "penjamin":penjamin, ... ])): Send request successfully

2022-11-22 16:21:43 - [MESSAGE][INFO] - HAR: D:\DMS\Engine Scoring\Reports\20221122_162012\Exclude KKB - DS\Scoring Individu - KKB\20221122_162012\requests\main\34.har

2022-11-22 16:21:43 - [MESSAGE][PASSED] - Send request successfully

2022-11-22 16:21:43 - [TEST_STEP][PASSED] - slurper = new groovy.json.JsonSlurper(): null

2022-11-22 16:21:43 - [TEST_STEP][PASSED] - result = slurper.parseText(req_data.getResponseBodyContent()): null

2022-11-22 16:21:43 - [TEST_STEP][PASSED] - reqid_kons = requestid1: null

2022-11-22 16:21:43 - [TEST_STEP][PASSED] - reqid_spouse = requestid2: null

2022-11-22 16:21:43 - [TEST_STEP][PASSED] - println("requestid kons : " + reqid_kons): null

2022-11-22 16:21:43 - [TEST_STEP][PASSED] - response_searchME_kons = reqid_kons: null

2022-11-22 16:21:43 - [TEST_STEP][PASSED] - response_searchME_spouse = reqid_spouse: null

2022-11-22 16:21:43 - [TEST_STEP][PASSED] - println("kons req id is :" + response_searchME_kons): null

2022-11-22 16:21:43 - [TEST_STEP][PASSED] - println("spouse req id is : " + response_searchME_spouse): null

2022-11-22 16:21:43 - [TEST_STEP][PASSED] - verifyResponseStatusCode(req_data, 200): Verify response status code successfully

2022-11-22 16:21:43 - [MESSAGE][PASSED] - Verify response status code successfully

2022-11-22 16:21:43 - [TEST_STEP][PASSED] - response = req_data.getResponseText(): null

2022-11-22 16:21:43 - [TEST_STEP][PASSED] - logInfo($response): {"status":"Done","data":{"requestid1":"242141","requestid2":""}}

2022-11-22 16:21:43 - [MESSAGE][INFO] - {"status":"Done","data":{"requestid1":"242141","requestid2":""}}

2022-11-22 16:21:43 - [TEST_STEP][PASSED] - delay(3): Delayed 3 second(s)

2022-11-22 16:21:46 - [MESSAGE][PASSED] - Delayed 3 second(s)

2022-11-22 16:21:46 - [TEST_STEP][PASSED] - scoring = sendRequest(findTestObject("EngineScore", ["response_searchME_kons":response_searchME_kons, "response_searchME_spouse":response_searchME_spouse])): Send request successfully

2022-11-22 16:21:46 - [MESSAGE][INFO] - HAR: D:\DMS\Engine Scoring\Reports\20221122_162012\Exclude KKB - DS\Scoring Individu - KKB\20221122_162012\requests\main\35.har

2022-11-22 16:21:46 - [MESSAGE][PASSED] - Send request successfully

2022-11-22 16:21:46 - [TEST_STEP][PASSED] - verifyResponseStatusCode(scoring, 200): Verify response status code successfully

2022-11-22 16:21:46 - [MESSAGE][PASSED] - Verify response status code successfully

2022-11-22 16:21:46 - [TEST_STEP][PASSED] - response2 = scoring.getResponseText(): null

2022-11-22 16:21:46 - [TEST_STEP][PASSED] - markPassed("result service data ke : " + no): result service data ke : 18

2022-11-22 16:21:46 - [MESSAGE][PASSED] - result service data ke : 18

2022-11-22 16:21:46 - [TEST_STEP][PASSED] - logInfo($response2): {"result_konsumen":"Approve","result_pasangan":"","Final_result":"Approve","errorMessage":"","status":"Done"}

2022-11-22 16:21:46 - [MESSAGE][INFO] - {"result_konsumen":"Approve","result_pasangan":"","Final_result":"Approve","errorMessage":"","status":"Done"}

2022-11-22 16:21:46 - [TEST_STEP][PASSED] - verifyElementPropertyValue(scoring, "Final_result", final_result): Verify element property value successfully

2022-11-22 16:21:46 - [MESSAGE][PASSED] - Verify element property value successfully]]></system-out>
         <system-err><![CDATA[]]></system-err>
      </testcase>
      <testcase name="Test Cases/Engine_Scoring/Engine Scoring" time="4.465" classname="Test Cases/Engine_Scoring/Engine Scoring" status="PASSED">
         <system-out><![CDATA[2022-11-22 16:21:46 - [TEST_CASE][PASSED] - Test Cases/Engine_Scoring/Engine Scoring: Test Cases/Engine_Scoring/Engine Scoring

2022-11-22 16:21:46 - [TEST_STEP][PASSED] - markPassed("Variasi data ke : " + no): Variasi data ke : 19

2022-11-22 16:21:46 - [MESSAGE][PASSED] - Variasi data ke : 19

2022-11-22 16:21:46 - [TEST_STEP][PASSED] - req_data = sendRequest(findTestObject("Search_ME", ["MID":MID, "source":source, "ip":ip, "userid":userid, "branch":branch, "tipekons":tipekons, "marital":marital, "penjamin":penjamin, ... ])): Send request successfully

2022-11-22 16:21:47 - [MESSAGE][INFO] - HAR: D:\DMS\Engine Scoring\Reports\20221122_162012\Exclude KKB - DS\Scoring Individu - KKB\20221122_162012\requests\main\36.har

2022-11-22 16:21:47 - [MESSAGE][PASSED] - Send request successfully

2022-11-22 16:21:47 - [TEST_STEP][PASSED] - slurper = new groovy.json.JsonSlurper(): null

2022-11-22 16:21:47 - [TEST_STEP][PASSED] - result = slurper.parseText(req_data.getResponseBodyContent()): null

2022-11-22 16:21:47 - [TEST_STEP][PASSED] - reqid_kons = requestid1: null

2022-11-22 16:21:47 - [TEST_STEP][PASSED] - reqid_spouse = requestid2: null

2022-11-22 16:21:47 - [TEST_STEP][PASSED] - println("requestid kons : " + reqid_kons): null

2022-11-22 16:21:47 - [TEST_STEP][PASSED] - response_searchME_kons = reqid_kons: null

2022-11-22 16:21:47 - [TEST_STEP][PASSED] - response_searchME_spouse = reqid_spouse: null

2022-11-22 16:21:47 - [TEST_STEP][PASSED] - println("kons req id is :" + response_searchME_kons): null

2022-11-22 16:21:47 - [TEST_STEP][PASSED] - println("spouse req id is : " + response_searchME_spouse): null

2022-11-22 16:21:47 - [TEST_STEP][PASSED] - verifyResponseStatusCode(req_data, 200): Verify response status code successfully

2022-11-22 16:21:47 - [MESSAGE][PASSED] - Verify response status code successfully

2022-11-22 16:21:47 - [TEST_STEP][PASSED] - response = req_data.getResponseText(): null

2022-11-22 16:21:47 - [TEST_STEP][PASSED] - logInfo($response): {"status":"Done","data":{"requestid1":"242142","requestid2":""}}

2022-11-22 16:21:47 - [MESSAGE][INFO] - {"status":"Done","data":{"requestid1":"242142","requestid2":""}}

2022-11-22 16:21:47 - [TEST_STEP][PASSED] - delay(3): Delayed 3 second(s)

2022-11-22 16:21:50 - [MESSAGE][PASSED] - Delayed 3 second(s)

2022-11-22 16:21:50 - [TEST_STEP][PASSED] - scoring = sendRequest(findTestObject("EngineScore", ["response_searchME_kons":response_searchME_kons, "response_searchME_spouse":response_searchME_spouse])): Send request successfully

2022-11-22 16:21:50 - [MESSAGE][INFO] - HAR: D:\DMS\Engine Scoring\Reports\20221122_162012\Exclude KKB - DS\Scoring Individu - KKB\20221122_162012\requests\main\37.har

2022-11-22 16:21:50 - [MESSAGE][PASSED] - Send request successfully

2022-11-22 16:21:50 - [TEST_STEP][PASSED] - verifyResponseStatusCode(scoring, 200): Verify response status code successfully

2022-11-22 16:21:50 - [MESSAGE][PASSED] - Verify response status code successfully

2022-11-22 16:21:50 - [TEST_STEP][PASSED] - response2 = scoring.getResponseText(): null

2022-11-22 16:21:50 - [TEST_STEP][PASSED] - markPassed("result service data ke : " + no): result service data ke : 19

2022-11-22 16:21:50 - [MESSAGE][PASSED] - result service data ke : 19

2022-11-22 16:21:50 - [TEST_STEP][PASSED] - logInfo($response2): {"result_konsumen":"Approve","result_pasangan":"","Final_result":"Approve","errorMessage":"","status":"Done"}

2022-11-22 16:21:50 - [MESSAGE][INFO] - {"result_konsumen":"Approve","result_pasangan":"","Final_result":"Approve","errorMessage":"","status":"Done"}

2022-11-22 16:21:50 - [TEST_STEP][PASSED] - verifyElementPropertyValue(scoring, "Final_result", final_result): Verify element property value successfully

2022-11-22 16:21:50 - [MESSAGE][PASSED] - Verify element property value successfully]]></system-out>
         <system-err><![CDATA[]]></system-err>
      </testcase>
      <testcase name="Test Cases/Engine_Scoring/Engine Scoring" time="4.629" classname="Test Cases/Engine_Scoring/Engine Scoring" status="PASSED">
         <system-out><![CDATA[2022-11-22 16:21:50 - [TEST_CASE][PASSED] - Test Cases/Engine_Scoring/Engine Scoring: Test Cases/Engine_Scoring/Engine Scoring

2022-11-22 16:21:51 - [TEST_STEP][PASSED] - markPassed("Variasi data ke : " + no): Variasi data ke : 20

2022-11-22 16:21:51 - [MESSAGE][PASSED] - Variasi data ke : 20

2022-11-22 16:21:51 - [TEST_STEP][PASSED] - req_data = sendRequest(findTestObject("Search_ME", ["MID":MID, "source":source, "ip":ip, "userid":userid, "branch":branch, "tipekons":tipekons, "marital":marital, "penjamin":penjamin, ... ])): Send request successfully

2022-11-22 16:21:52 - [MESSAGE][INFO] - HAR: D:\DMS\Engine Scoring\Reports\20221122_162012\Exclude KKB - DS\Scoring Individu - KKB\20221122_162012\requests\main\38.har

2022-11-22 16:21:52 - [MESSAGE][PASSED] - Send request successfully

2022-11-22 16:21:52 - [TEST_STEP][PASSED] - slurper = new groovy.json.JsonSlurper(): null

2022-11-22 16:21:52 - [TEST_STEP][PASSED] - result = slurper.parseText(req_data.getResponseBodyContent()): null

2022-11-22 16:21:52 - [TEST_STEP][PASSED] - reqid_kons = requestid1: null

2022-11-22 16:21:52 - [TEST_STEP][PASSED] - reqid_spouse = requestid2: null

2022-11-22 16:21:52 - [TEST_STEP][PASSED] - println("requestid kons : " + reqid_kons): null

2022-11-22 16:21:52 - [TEST_STEP][PASSED] - response_searchME_kons = reqid_kons: null

2022-11-22 16:21:52 - [TEST_STEP][PASSED] - response_searchME_spouse = reqid_spouse: null

2022-11-22 16:21:52 - [TEST_STEP][PASSED] - println("kons req id is :" + response_searchME_kons): null

2022-11-22 16:21:52 - [TEST_STEP][PASSED] - println("spouse req id is : " + response_searchME_spouse): null

2022-11-22 16:21:52 - [TEST_STEP][PASSED] - verifyResponseStatusCode(req_data, 200): Verify response status code successfully

2022-11-22 16:21:52 - [MESSAGE][PASSED] - Verify response status code successfully

2022-11-22 16:21:52 - [TEST_STEP][PASSED] - response = req_data.getResponseText(): null

2022-11-22 16:21:52 - [TEST_STEP][PASSED] - logInfo($response): {"status":"Done","data":{"requestid1":"242143","requestid2":""}}

2022-11-22 16:21:52 - [MESSAGE][INFO] - {"status":"Done","data":{"requestid1":"242143","requestid2":""}}

2022-11-22 16:21:52 - [TEST_STEP][PASSED] - delay(3): Delayed 3 second(s)

2022-11-22 16:21:55 - [MESSAGE][PASSED] - Delayed 3 second(s)

2022-11-22 16:21:55 - [TEST_STEP][PASSED] - scoring = sendRequest(findTestObject("EngineScore", ["response_searchME_kons":response_searchME_kons, "response_searchME_spouse":response_searchME_spouse])): Send request successfully

2022-11-22 16:21:55 - [MESSAGE][INFO] - HAR: D:\DMS\Engine Scoring\Reports\20221122_162012\Exclude KKB - DS\Scoring Individu - KKB\20221122_162012\requests\main\39.har

2022-11-22 16:21:55 - [MESSAGE][PASSED] - Send request successfully

2022-11-22 16:21:55 - [TEST_STEP][PASSED] - verifyResponseStatusCode(scoring, 200): Verify response status code successfully

2022-11-22 16:21:55 - [MESSAGE][PASSED] - Verify response status code successfully

2022-11-22 16:21:55 - [TEST_STEP][PASSED] - response2 = scoring.getResponseText(): null

2022-11-22 16:21:55 - [TEST_STEP][PASSED] - markPassed("result service data ke : " + no): result service data ke : 20

2022-11-22 16:21:55 - [MESSAGE][PASSED] - result service data ke : 20

2022-11-22 16:21:55 - [TEST_STEP][PASSED] - logInfo($response2): {"result_konsumen":"Approve","result_pasangan":"","Final_result":"Approve","errorMessage":"","status":"Done"}

2022-11-22 16:21:55 - [MESSAGE][INFO] - {"result_konsumen":"Approve","result_pasangan":"","Final_result":"Approve","errorMessage":"","status":"Done"}

2022-11-22 16:21:55 - [TEST_STEP][PASSED] - verifyElementPropertyValue(scoring, "Final_result", final_result): Verify element property value successfully

2022-11-22 16:21:55 - [MESSAGE][PASSED] - Verify element property value successfully]]></system-out>
         <system-err><![CDATA[]]></system-err>
      </testcase>
      <testcase name="Test Cases/Engine_Scoring/Engine Scoring" time="4.708" classname="Test Cases/Engine_Scoring/Engine Scoring" status="PASSED">
         <system-out><![CDATA[2022-11-22 16:21:55 - [TEST_CASE][PASSED] - Test Cases/Engine_Scoring/Engine Scoring: Test Cases/Engine_Scoring/Engine Scoring

2022-11-22 16:21:56 - [TEST_STEP][PASSED] - markPassed("Variasi data ke : " + no): Variasi data ke : 21

2022-11-22 16:21:56 - [MESSAGE][PASSED] - Variasi data ke : 21

2022-11-22 16:21:56 - [TEST_STEP][PASSED] - req_data = sendRequest(findTestObject("Search_ME", ["MID":MID, "source":source, "ip":ip, "userid":userid, "branch":branch, "tipekons":tipekons, "marital":marital, "penjamin":penjamin, ... ])): Send request successfully

2022-11-22 16:21:56 - [MESSAGE][INFO] - HAR: D:\DMS\Engine Scoring\Reports\20221122_162012\Exclude KKB - DS\Scoring Individu - KKB\20221122_162012\requests\main\40.har

2022-11-22 16:21:56 - [MESSAGE][PASSED] - Send request successfully

2022-11-22 16:21:56 - [TEST_STEP][PASSED] - slurper = new groovy.json.JsonSlurper(): null

2022-11-22 16:21:56 - [TEST_STEP][PASSED] - result = slurper.parseText(req_data.getResponseBodyContent()): null

2022-11-22 16:21:56 - [TEST_STEP][PASSED] - reqid_kons = requestid1: null

2022-11-22 16:21:56 - [TEST_STEP][PASSED] - reqid_spouse = requestid2: null

2022-11-22 16:21:56 - [TEST_STEP][PASSED] - println("requestid kons : " + reqid_kons): null

2022-11-22 16:21:56 - [TEST_STEP][PASSED] - response_searchME_kons = reqid_kons: null

2022-11-22 16:21:56 - [TEST_STEP][PASSED] - response_searchME_spouse = reqid_spouse: null

2022-11-22 16:21:56 - [TEST_STEP][PASSED] - println("kons req id is :" + response_searchME_kons): null

2022-11-22 16:21:56 - [TEST_STEP][PASSED] - println("spouse req id is : " + response_searchME_spouse): null

2022-11-22 16:21:56 - [TEST_STEP][PASSED] - verifyResponseStatusCode(req_data, 200): Verify response status code successfully

2022-11-22 16:21:56 - [MESSAGE][PASSED] - Verify response status code successfully

2022-11-22 16:21:56 - [TEST_STEP][PASSED] - response = req_data.getResponseText(): null

2022-11-22 16:21:56 - [TEST_STEP][PASSED] - logInfo($response): {"status":"Done","data":{"requestid1":"242144","requestid2":""}}

2022-11-22 16:21:56 - [MESSAGE][INFO] - {"status":"Done","data":{"requestid1":"242144","requestid2":""}}

2022-11-22 16:21:56 - [TEST_STEP][PASSED] - delay(3): Delayed 3 second(s)

2022-11-22 16:21:59 - [MESSAGE][PASSED] - Delayed 3 second(s)

2022-11-22 16:21:59 - [TEST_STEP][PASSED] - scoring = sendRequest(findTestObject("EngineScore", ["response_searchME_kons":response_searchME_kons, "response_searchME_spouse":response_searchME_spouse])): Send request successfully

2022-11-22 16:22:00 - [MESSAGE][INFO] - HAR: D:\DMS\Engine Scoring\Reports\20221122_162012\Exclude KKB - DS\Scoring Individu - KKB\20221122_162012\requests\main\41.har

2022-11-22 16:22:00 - [MESSAGE][PASSED] - Send request successfully

2022-11-22 16:22:00 - [TEST_STEP][PASSED] - verifyResponseStatusCode(scoring, 200): Verify response status code successfully

2022-11-22 16:22:00 - [MESSAGE][PASSED] - Verify response status code successfully

2022-11-22 16:22:00 - [TEST_STEP][PASSED] - response2 = scoring.getResponseText(): null

2022-11-22 16:22:00 - [TEST_STEP][PASSED] - markPassed("result service data ke : " + no): result service data ke : 21

2022-11-22 16:22:00 - [MESSAGE][PASSED] - result service data ke : 21

2022-11-22 16:22:00 - [TEST_STEP][PASSED] - logInfo($response2): {"result_konsumen":"Reject","result_pasangan":"","Final_result":"Reject","errorMessage":"","status":"Done"}

2022-11-22 16:22:00 - [MESSAGE][INFO] - {"result_konsumen":"Reject","result_pasangan":"","Final_result":"Reject","errorMessage":"","status":"Done"}

2022-11-22 16:22:00 - [TEST_STEP][PASSED] - verifyElementPropertyValue(scoring, "Final_result", final_result): Verify element property value successfully

2022-11-22 16:22:00 - [MESSAGE][PASSED] - Verify element property value successfully]]></system-out>
         <system-err><![CDATA[]]></system-err>
      </testcase>
      <testcase name="Test Cases/Engine_Scoring/Engine Scoring" time="4.517" classname="Test Cases/Engine_Scoring/Engine Scoring" status="PASSED">
         <system-out><![CDATA[2022-11-22 16:22:00 - [TEST_CASE][PASSED] - Test Cases/Engine_Scoring/Engine Scoring: Test Cases/Engine_Scoring/Engine Scoring

2022-11-22 16:22:00 - [TEST_STEP][PASSED] - markPassed("Variasi data ke : " + no): Variasi data ke : 22

2022-11-22 16:22:00 - [MESSAGE][PASSED] - Variasi data ke : 22

2022-11-22 16:22:00 - [TEST_STEP][PASSED] - req_data = sendRequest(findTestObject("Search_ME", ["MID":MID, "source":source, "ip":ip, "userid":userid, "branch":branch, "tipekons":tipekons, "marital":marital, "penjamin":penjamin, ... ])): Send request successfully

2022-11-22 16:22:01 - [MESSAGE][INFO] - HAR: D:\DMS\Engine Scoring\Reports\20221122_162012\Exclude KKB - DS\Scoring Individu - KKB\20221122_162012\requests\main\42.har

2022-11-22 16:22:01 - [MESSAGE][PASSED] - Send request successfully

2022-11-22 16:22:01 - [TEST_STEP][PASSED] - slurper = new groovy.json.JsonSlurper(): null

2022-11-22 16:22:01 - [TEST_STEP][PASSED] - result = slurper.parseText(req_data.getResponseBodyContent()): null

2022-11-22 16:22:01 - [TEST_STEP][PASSED] - reqid_kons = requestid1: null

2022-11-22 16:22:01 - [TEST_STEP][PASSED] - reqid_spouse = requestid2: null

2022-11-22 16:22:01 - [TEST_STEP][PASSED] - println("requestid kons : " + reqid_kons): null

2022-11-22 16:22:01 - [TEST_STEP][PASSED] - response_searchME_kons = reqid_kons: null

2022-11-22 16:22:01 - [TEST_STEP][PASSED] - response_searchME_spouse = reqid_spouse: null

2022-11-22 16:22:01 - [TEST_STEP][PASSED] - println("kons req id is :" + response_searchME_kons): null

2022-11-22 16:22:01 - [TEST_STEP][PASSED] - println("spouse req id is : " + response_searchME_spouse): null

2022-11-22 16:22:01 - [TEST_STEP][PASSED] - verifyResponseStatusCode(req_data, 200): Verify response status code successfully

2022-11-22 16:22:01 - [MESSAGE][PASSED] - Verify response status code successfully

2022-11-22 16:22:01 - [TEST_STEP][PASSED] - response = req_data.getResponseText(): null

2022-11-22 16:22:01 - [TEST_STEP][PASSED] - logInfo($response): {"status":"Done","data":{"requestid1":"242145","requestid2":""}}

2022-11-22 16:22:01 - [MESSAGE][INFO] - {"status":"Done","data":{"requestid1":"242145","requestid2":""}}

2022-11-22 16:22:01 - [TEST_STEP][PASSED] - delay(3): Delayed 3 second(s)

2022-11-22 16:22:04 - [MESSAGE][PASSED] - Delayed 3 second(s)

2022-11-22 16:22:04 - [TEST_STEP][PASSED] - scoring = sendRequest(findTestObject("EngineScore", ["response_searchME_kons":response_searchME_kons, "response_searchME_spouse":response_searchME_spouse])): Send request successfully

2022-11-22 16:22:04 - [MESSAGE][INFO] - HAR: D:\DMS\Engine Scoring\Reports\20221122_162012\Exclude KKB - DS\Scoring Individu - KKB\20221122_162012\requests\main\43.har

2022-11-22 16:22:04 - [MESSAGE][PASSED] - Send request successfully

2022-11-22 16:22:04 - [TEST_STEP][PASSED] - verifyResponseStatusCode(scoring, 200): Verify response status code successfully

2022-11-22 16:22:04 - [MESSAGE][PASSED] - Verify response status code successfully

2022-11-22 16:22:04 - [TEST_STEP][PASSED] - response2 = scoring.getResponseText(): null

2022-11-22 16:22:04 - [TEST_STEP][PASSED] - markPassed("result service data ke : " + no): result service data ke : 22

2022-11-22 16:22:04 - [MESSAGE][PASSED] - result service data ke : 22

2022-11-22 16:22:04 - [TEST_STEP][PASSED] - logInfo($response2): {"result_konsumen":"Reject","result_pasangan":"","Final_result":"Reject","errorMessage":"","status":"Done"}

2022-11-22 16:22:04 - [MESSAGE][INFO] - {"result_konsumen":"Reject","result_pasangan":"","Final_result":"Reject","errorMessage":"","status":"Done"}

2022-11-22 16:22:04 - [TEST_STEP][PASSED] - verifyElementPropertyValue(scoring, "Final_result", final_result): Verify element property value successfully

2022-11-22 16:22:04 - [MESSAGE][PASSED] - Verify element property value successfully]]></system-out>
         <system-err><![CDATA[]]></system-err>
      </testcase>
      <testcase name="Test Cases/Engine_Scoring/Engine Scoring" time="5.396" classname="Test Cases/Engine_Scoring/Engine Scoring" status="PASSED">
         <system-out><![CDATA[2022-11-22 16:22:04 - [TEST_CASE][PASSED] - Test Cases/Engine_Scoring/Engine Scoring: Test Cases/Engine_Scoring/Engine Scoring

2022-11-22 16:22:05 - [TEST_STEP][PASSED] - markPassed("Variasi data ke : " + no): Variasi data ke : 23

2022-11-22 16:22:05 - [MESSAGE][PASSED] - Variasi data ke : 23

2022-11-22 16:22:05 - [TEST_STEP][PASSED] - req_data = sendRequest(findTestObject("Search_ME", ["MID":MID, "source":source, "ip":ip, "userid":userid, "branch":branch, "tipekons":tipekons, "marital":marital, "penjamin":penjamin, ... ])): Send request successfully

2022-11-22 16:22:06 - [MESSAGE][INFO] - HAR: D:\DMS\Engine Scoring\Reports\20221122_162012\Exclude KKB - DS\Scoring Individu - KKB\20221122_162012\requests\main\44.har

2022-11-22 16:22:06 - [MESSAGE][PASSED] - Send request successfully

2022-11-22 16:22:06 - [TEST_STEP][PASSED] - slurper = new groovy.json.JsonSlurper(): null

2022-11-22 16:22:06 - [TEST_STEP][PASSED] - result = slurper.parseText(req_data.getResponseBodyContent()): null

2022-11-22 16:22:06 - [TEST_STEP][PASSED] - reqid_kons = requestid1: null

2022-11-22 16:22:06 - [TEST_STEP][PASSED] - reqid_spouse = requestid2: null

2022-11-22 16:22:06 - [TEST_STEP][PASSED] - println("requestid kons : " + reqid_kons): null

2022-11-22 16:22:06 - [TEST_STEP][PASSED] - response_searchME_kons = reqid_kons: null

2022-11-22 16:22:06 - [TEST_STEP][PASSED] - response_searchME_spouse = reqid_spouse: null

2022-11-22 16:22:06 - [TEST_STEP][PASSED] - println("kons req id is :" + response_searchME_kons): null

2022-11-22 16:22:06 - [TEST_STEP][PASSED] - println("spouse req id is : " + response_searchME_spouse): null

2022-11-22 16:22:06 - [TEST_STEP][PASSED] - verifyResponseStatusCode(req_data, 200): Verify response status code successfully

2022-11-22 16:22:06 - [MESSAGE][PASSED] - Verify response status code successfully

2022-11-22 16:22:06 - [TEST_STEP][PASSED] - response = req_data.getResponseText(): null

2022-11-22 16:22:06 - [TEST_STEP][PASSED] - logInfo($response): {"status":"Done","data":{"requestid1":"242146","requestid2":""}}

2022-11-22 16:22:06 - [MESSAGE][INFO] - {"status":"Done","data":{"requestid1":"242146","requestid2":""}}

2022-11-22 16:22:06 - [TEST_STEP][PASSED] - delay(3): Delayed 3 second(s)

2022-11-22 16:22:10 - [MESSAGE][PASSED] - Delayed 3 second(s)

2022-11-22 16:22:10 - [TEST_STEP][PASSED] - scoring = sendRequest(findTestObject("EngineScore", ["response_searchME_kons":response_searchME_kons, "response_searchME_spouse":response_searchME_spouse])): Send request successfully

2022-11-22 16:22:10 - [MESSAGE][INFO] - HAR: D:\DMS\Engine Scoring\Reports\20221122_162012\Exclude KKB - DS\Scoring Individu - KKB\20221122_162012\requests\main\45.har

2022-11-22 16:22:10 - [MESSAGE][PASSED] - Send request successfully

2022-11-22 16:22:10 - [TEST_STEP][PASSED] - verifyResponseStatusCode(scoring, 200): Verify response status code successfully

2022-11-22 16:22:10 - [MESSAGE][PASSED] - Verify response status code successfully

2022-11-22 16:22:10 - [TEST_STEP][PASSED] - response2 = scoring.getResponseText(): null

2022-11-22 16:22:10 - [TEST_STEP][PASSED] - markPassed("result service data ke : " + no): result service data ke : 23

2022-11-22 16:22:10 - [MESSAGE][PASSED] - result service data ke : 23

2022-11-22 16:22:10 - [TEST_STEP][PASSED] - logInfo($response2): {"result_konsumen":"Reject","result_pasangan":"","Final_result":"Reject","errorMessage":"","status":"Done"}

2022-11-22 16:22:10 - [MESSAGE][INFO] - {"result_konsumen":"Reject","result_pasangan":"","Final_result":"Reject","errorMessage":"","status":"Done"}

2022-11-22 16:22:10 - [TEST_STEP][PASSED] - verifyElementPropertyValue(scoring, "Final_result", final_result): Verify element property value successfully

2022-11-22 16:22:10 - [MESSAGE][PASSED] - Verify element property value successfully]]></system-out>
         <system-err><![CDATA[]]></system-err>
      </testcase>
      <testcase name="Test Cases/Engine_Scoring/Engine Scoring" time="4.53" classname="Test Cases/Engine_Scoring/Engine Scoring" status="PASSED">
         <system-out><![CDATA[2022-11-22 16:22:10 - [TEST_CASE][PASSED] - Test Cases/Engine_Scoring/Engine Scoring: Test Cases/Engine_Scoring/Engine Scoring

2022-11-22 16:22:10 - [TEST_STEP][PASSED] - markPassed("Variasi data ke : " + no): Variasi data ke : 24

2022-11-22 16:22:10 - [MESSAGE][PASSED] - Variasi data ke : 24

2022-11-22 16:22:10 - [TEST_STEP][PASSED] - req_data = sendRequest(findTestObject("Search_ME", ["MID":MID, "source":source, "ip":ip, "userid":userid, "branch":branch, "tipekons":tipekons, "marital":marital, "penjamin":penjamin, ... ])): Send request successfully

2022-11-22 16:22:11 - [MESSAGE][INFO] - HAR: D:\DMS\Engine Scoring\Reports\20221122_162012\Exclude KKB - DS\Scoring Individu - KKB\20221122_162012\requests\main\46.har

2022-11-22 16:22:11 - [MESSAGE][PASSED] - Send request successfully

2022-11-22 16:22:11 - [TEST_STEP][PASSED] - slurper = new groovy.json.JsonSlurper(): null

2022-11-22 16:22:11 - [TEST_STEP][PASSED] - result = slurper.parseText(req_data.getResponseBodyContent()): null

2022-11-22 16:22:11 - [TEST_STEP][PASSED] - reqid_kons = requestid1: null

2022-11-22 16:22:11 - [TEST_STEP][PASSED] - reqid_spouse = requestid2: null

2022-11-22 16:22:11 - [TEST_STEP][PASSED] - println("requestid kons : " + reqid_kons): null

2022-11-22 16:22:11 - [TEST_STEP][PASSED] - response_searchME_kons = reqid_kons: null

2022-11-22 16:22:11 - [TEST_STEP][PASSED] - response_searchME_spouse = reqid_spouse: null

2022-11-22 16:22:11 - [TEST_STEP][PASSED] - println("kons req id is :" + response_searchME_kons): null

2022-11-22 16:22:11 - [TEST_STEP][PASSED] - println("spouse req id is : " + response_searchME_spouse): null

2022-11-22 16:22:11 - [TEST_STEP][PASSED] - verifyResponseStatusCode(req_data, 200): Verify response status code successfully

2022-11-22 16:22:11 - [MESSAGE][PASSED] - Verify response status code successfully

2022-11-22 16:22:11 - [TEST_STEP][PASSED] - response = req_data.getResponseText(): null

2022-11-22 16:22:11 - [TEST_STEP][PASSED] - logInfo($response): {"status":"Done","data":{"requestid1":"242147","requestid2":""}}

2022-11-22 16:22:11 - [MESSAGE][INFO] - {"status":"Done","data":{"requestid1":"242147","requestid2":""}}

2022-11-22 16:22:11 - [TEST_STEP][PASSED] - delay(3): Delayed 3 second(s)

2022-11-22 16:22:14 - [MESSAGE][PASSED] - Delayed 3 second(s)

2022-11-22 16:22:14 - [TEST_STEP][PASSED] - scoring = sendRequest(findTestObject("EngineScore", ["response_searchME_kons":response_searchME_kons, "response_searchME_spouse":response_searchME_spouse])): Send request successfully

2022-11-22 16:22:14 - [MESSAGE][INFO] - HAR: D:\DMS\Engine Scoring\Reports\20221122_162012\Exclude KKB - DS\Scoring Individu - KKB\20221122_162012\requests\main\47.har

2022-11-22 16:22:14 - [MESSAGE][PASSED] - Send request successfully

2022-11-22 16:22:14 - [TEST_STEP][PASSED] - verifyResponseStatusCode(scoring, 200): Verify response status code successfully

2022-11-22 16:22:14 - [MESSAGE][PASSED] - Verify response status code successfully

2022-11-22 16:22:14 - [TEST_STEP][PASSED] - response2 = scoring.getResponseText(): null

2022-11-22 16:22:14 - [TEST_STEP][PASSED] - markPassed("result service data ke : " + no): result service data ke : 24

2022-11-22 16:22:14 - [MESSAGE][PASSED] - result service data ke : 24

2022-11-22 16:22:14 - [TEST_STEP][PASSED] - logInfo($response2): {"result_konsumen":"Reject","result_pasangan":"","Final_result":"Reject","errorMessage":"","status":"Done"}

2022-11-22 16:22:14 - [MESSAGE][INFO] - {"result_konsumen":"Reject","result_pasangan":"","Final_result":"Reject","errorMessage":"","status":"Done"}

2022-11-22 16:22:14 - [TEST_STEP][PASSED] - verifyElementPropertyValue(scoring, "Final_result", final_result): Verify element property value successfully

2022-11-22 16:22:14 - [MESSAGE][PASSED] - Verify element property value successfully]]></system-out>
         <system-err><![CDATA[]]></system-err>
      </testcase>
      <testcase name="Test Cases/Engine_Scoring/Engine Scoring" time="4.531" classname="Test Cases/Engine_Scoring/Engine Scoring" status="PASSED">
         <system-out><![CDATA[2022-11-22 16:22:14 - [TEST_CASE][PASSED] - Test Cases/Engine_Scoring/Engine Scoring: Test Cases/Engine_Scoring/Engine Scoring

2022-11-22 16:22:15 - [TEST_STEP][PASSED] - markPassed("Variasi data ke : " + no): Variasi data ke : 25

2022-11-22 16:22:15 - [MESSAGE][PASSED] - Variasi data ke : 25

2022-11-22 16:22:15 - [TEST_STEP][PASSED] - req_data = sendRequest(findTestObject("Search_ME", ["MID":MID, "source":source, "ip":ip, "userid":userid, "branch":branch, "tipekons":tipekons, "marital":marital, "penjamin":penjamin, ... ])): Send request successfully

2022-11-22 16:22:16 - [MESSAGE][INFO] - HAR: D:\DMS\Engine Scoring\Reports\20221122_162012\Exclude KKB - DS\Scoring Individu - KKB\20221122_162012\requests\main\48.har

2022-11-22 16:22:16 - [MESSAGE][PASSED] - Send request successfully

2022-11-22 16:22:16 - [TEST_STEP][PASSED] - slurper = new groovy.json.JsonSlurper(): null

2022-11-22 16:22:16 - [TEST_STEP][PASSED] - result = slurper.parseText(req_data.getResponseBodyContent()): null

2022-11-22 16:22:16 - [TEST_STEP][PASSED] - reqid_kons = requestid1: null

2022-11-22 16:22:16 - [TEST_STEP][PASSED] - reqid_spouse = requestid2: null

2022-11-22 16:22:16 - [TEST_STEP][PASSED] - println("requestid kons : " + reqid_kons): null

2022-11-22 16:22:16 - [TEST_STEP][PASSED] - response_searchME_kons = reqid_kons: null

2022-11-22 16:22:16 - [TEST_STEP][PASSED] - response_searchME_spouse = reqid_spouse: null

2022-11-22 16:22:16 - [TEST_STEP][PASSED] - println("kons req id is :" + response_searchME_kons): null

2022-11-22 16:22:16 - [TEST_STEP][PASSED] - println("spouse req id is : " + response_searchME_spouse): null

2022-11-22 16:22:16 - [TEST_STEP][PASSED] - verifyResponseStatusCode(req_data, 200): Verify response status code successfully

2022-11-22 16:22:16 - [MESSAGE][PASSED] - Verify response status code successfully

2022-11-22 16:22:16 - [TEST_STEP][PASSED] - response = req_data.getResponseText(): null

2022-11-22 16:22:16 - [TEST_STEP][PASSED] - logInfo($response): {"status":"Done","data":{"requestid1":"242148","requestid2":""}}

2022-11-22 16:22:16 - [MESSAGE][INFO] - {"status":"Done","data":{"requestid1":"242148","requestid2":""}}

2022-11-22 16:22:16 - [TEST_STEP][PASSED] - delay(3): Delayed 3 second(s)

2022-11-22 16:22:19 - [MESSAGE][PASSED] - Delayed 3 second(s)

2022-11-22 16:22:19 - [TEST_STEP][PASSED] - scoring = sendRequest(findTestObject("EngineScore", ["response_searchME_kons":response_searchME_kons, "response_searchME_spouse":response_searchME_spouse])): Send request successfully

2022-11-22 16:22:19 - [MESSAGE][INFO] - HAR: D:\DMS\Engine Scoring\Reports\20221122_162012\Exclude KKB - DS\Scoring Individu - KKB\20221122_162012\requests\main\49.har

2022-11-22 16:22:19 - [MESSAGE][PASSED] - Send request successfully

2022-11-22 16:22:19 - [TEST_STEP][PASSED] - verifyResponseStatusCode(scoring, 200): Verify response status code successfully

2022-11-22 16:22:19 - [MESSAGE][PASSED] - Verify response status code successfully

2022-11-22 16:22:19 - [TEST_STEP][PASSED] - response2 = scoring.getResponseText(): null

2022-11-22 16:22:19 - [TEST_STEP][PASSED] - markPassed("result service data ke : " + no): result service data ke : 25

2022-11-22 16:22:19 - [MESSAGE][PASSED] - result service data ke : 25

2022-11-22 16:22:19 - [TEST_STEP][PASSED] - logInfo($response2): {"result_konsumen":"Approve","result_pasangan":"","Final_result":"Approve","errorMessage":"","status":"Done"}

2022-11-22 16:22:19 - [MESSAGE][INFO] - {"result_konsumen":"Approve","result_pasangan":"","Final_result":"Approve","errorMessage":"","status":"Done"}

2022-11-22 16:22:19 - [TEST_STEP][PASSED] - verifyElementPropertyValue(scoring, "Final_result", final_result): Verify element property value successfully

2022-11-22 16:22:19 - [MESSAGE][PASSED] - Verify element property value successfully]]></system-out>
         <system-err><![CDATA[]]></system-err>
      </testcase>
      <testcase name="Test Cases/Engine_Scoring/Engine Scoring" time="4.621" classname="Test Cases/Engine_Scoring/Engine Scoring" status="PASSED">
         <system-out><![CDATA[2022-11-22 16:22:19 - [TEST_CASE][PASSED] - Test Cases/Engine_Scoring/Engine Scoring: Test Cases/Engine_Scoring/Engine Scoring

2022-11-22 16:22:20 - [TEST_STEP][PASSED] - markPassed("Variasi data ke : " + no): Variasi data ke : 26

2022-11-22 16:22:20 - [MESSAGE][PASSED] - Variasi data ke : 26

2022-11-22 16:22:20 - [TEST_STEP][PASSED] - req_data = sendRequest(findTestObject("Search_ME", ["MID":MID, "source":source, "ip":ip, "userid":userid, "branch":branch, "tipekons":tipekons, "marital":marital, "penjamin":penjamin, ... ])): Send request successfully

2022-11-22 16:22:20 - [MESSAGE][INFO] - HAR: D:\DMS\Engine Scoring\Reports\20221122_162012\Exclude KKB - DS\Scoring Individu - KKB\20221122_162012\requests\main\50.har

2022-11-22 16:22:20 - [MESSAGE][PASSED] - Send request successfully

2022-11-22 16:22:20 - [TEST_STEP][PASSED] - slurper = new groovy.json.JsonSlurper(): null

2022-11-22 16:22:20 - [TEST_STEP][PASSED] - result = slurper.parseText(req_data.getResponseBodyContent()): null

2022-11-22 16:22:20 - [TEST_STEP][PASSED] - reqid_kons = requestid1: null

2022-11-22 16:22:20 - [TEST_STEP][PASSED] - reqid_spouse = requestid2: null

2022-11-22 16:22:20 - [TEST_STEP][PASSED] - println("requestid kons : " + reqid_kons): null

2022-11-22 16:22:20 - [TEST_STEP][PASSED] - response_searchME_kons = reqid_kons: null

2022-11-22 16:22:20 - [TEST_STEP][PASSED] - response_searchME_spouse = reqid_spouse: null

2022-11-22 16:22:20 - [TEST_STEP][PASSED] - println("kons req id is :" + response_searchME_kons): null

2022-11-22 16:22:20 - [TEST_STEP][PASSED] - println("spouse req id is : " + response_searchME_spouse): null

2022-11-22 16:22:20 - [TEST_STEP][PASSED] - verifyResponseStatusCode(req_data, 200): Verify response status code successfully

2022-11-22 16:22:20 - [MESSAGE][PASSED] - Verify response status code successfully

2022-11-22 16:22:20 - [TEST_STEP][PASSED] - response = req_data.getResponseText(): null

2022-11-22 16:22:20 - [TEST_STEP][PASSED] - logInfo($response): {"status":"Done","data":{"requestid1":"242149","requestid2":""}}

2022-11-22 16:22:20 - [MESSAGE][INFO] - {"status":"Done","data":{"requestid1":"242149","requestid2":""}}

2022-11-22 16:22:20 - [TEST_STEP][PASSED] - delay(3): Delayed 3 second(s)

2022-11-22 16:22:23 - [MESSAGE][PASSED] - Delayed 3 second(s)

2022-11-22 16:22:23 - [TEST_STEP][PASSED] - scoring = sendRequest(findTestObject("EngineScore", ["response_searchME_kons":response_searchME_kons, "response_searchME_spouse":response_searchME_spouse])): Send request successfully

2022-11-22 16:22:23 - [MESSAGE][INFO] - HAR: D:\DMS\Engine Scoring\Reports\20221122_162012\Exclude KKB - DS\Scoring Individu - KKB\20221122_162012\requests\main\51.har

2022-11-22 16:22:23 - [MESSAGE][PASSED] - Send request successfully

2022-11-22 16:22:23 - [TEST_STEP][PASSED] - verifyResponseStatusCode(scoring, 200): Verify response status code successfully

2022-11-22 16:22:23 - [MESSAGE][PASSED] - Verify response status code successfully

2022-11-22 16:22:23 - [TEST_STEP][PASSED] - response2 = scoring.getResponseText(): null

2022-11-22 16:22:23 - [TEST_STEP][PASSED] - markPassed("result service data ke : " + no): result service data ke : 26

2022-11-22 16:22:23 - [MESSAGE][PASSED] - result service data ke : 26

2022-11-22 16:22:23 - [TEST_STEP][PASSED] - logInfo($response2): {"result_konsumen":"Approve","result_pasangan":"","Final_result":"Approve","errorMessage":"","status":"Done"}

2022-11-22 16:22:23 - [MESSAGE][INFO] - {"result_konsumen":"Approve","result_pasangan":"","Final_result":"Approve","errorMessage":"","status":"Done"}

2022-11-22 16:22:23 - [TEST_STEP][PASSED] - verifyElementPropertyValue(scoring, "Final_result", final_result): Verify element property value successfully

2022-11-22 16:22:23 - [MESSAGE][PASSED] - Verify element property value successfully]]></system-out>
         <system-err><![CDATA[]]></system-err>
      </testcase>
      <testcase name="Test Cases/Engine_Scoring/Engine Scoring" time="4.531" classname="Test Cases/Engine_Scoring/Engine Scoring" status="PASSED">
         <system-out><![CDATA[2022-11-22 16:22:23 - [TEST_CASE][PASSED] - Test Cases/Engine_Scoring/Engine Scoring: Test Cases/Engine_Scoring/Engine Scoring

2022-11-22 16:22:24 - [TEST_STEP][PASSED] - markPassed("Variasi data ke : " + no): Variasi data ke : 27

2022-11-22 16:22:24 - [MESSAGE][PASSED] - Variasi data ke : 27

2022-11-22 16:22:24 - [TEST_STEP][PASSED] - req_data = sendRequest(findTestObject("Search_ME", ["MID":MID, "source":source, "ip":ip, "userid":userid, "branch":branch, "tipekons":tipekons, "marital":marital, "penjamin":penjamin, ... ])): Send request successfully

2022-11-22 16:22:25 - [MESSAGE][INFO] - HAR: D:\DMS\Engine Scoring\Reports\20221122_162012\Exclude KKB - DS\Scoring Individu - KKB\20221122_162012\requests\main\52.har

2022-11-22 16:22:25 - [MESSAGE][PASSED] - Send request successfully

2022-11-22 16:22:25 - [TEST_STEP][PASSED] - slurper = new groovy.json.JsonSlurper(): null

2022-11-22 16:22:25 - [TEST_STEP][PASSED] - result = slurper.parseText(req_data.getResponseBodyContent()): null

2022-11-22 16:22:25 - [TEST_STEP][PASSED] - reqid_kons = requestid1: null

2022-11-22 16:22:25 - [TEST_STEP][PASSED] - reqid_spouse = requestid2: null

2022-11-22 16:22:25 - [TEST_STEP][PASSED] - println("requestid kons : " + reqid_kons): null

2022-11-22 16:22:25 - [TEST_STEP][PASSED] - response_searchME_kons = reqid_kons: null

2022-11-22 16:22:25 - [TEST_STEP][PASSED] - response_searchME_spouse = reqid_spouse: null

2022-11-22 16:22:25 - [TEST_STEP][PASSED] - println("kons req id is :" + response_searchME_kons): null

2022-11-22 16:22:25 - [TEST_STEP][PASSED] - println("spouse req id is : " + response_searchME_spouse): null

2022-11-22 16:22:25 - [TEST_STEP][PASSED] - verifyResponseStatusCode(req_data, 200): Verify response status code successfully

2022-11-22 16:22:25 - [MESSAGE][PASSED] - Verify response status code successfully

2022-11-22 16:22:25 - [TEST_STEP][PASSED] - response = req_data.getResponseText(): null

2022-11-22 16:22:25 - [TEST_STEP][PASSED] - logInfo($response): {"status":"Done","data":{"requestid1":"242150","requestid2":""}}

2022-11-22 16:22:25 - [MESSAGE][INFO] - {"status":"Done","data":{"requestid1":"242150","requestid2":""}}

2022-11-22 16:22:25 - [TEST_STEP][PASSED] - delay(3): Delayed 3 second(s)

2022-11-22 16:22:28 - [MESSAGE][PASSED] - Delayed 3 second(s)

2022-11-22 16:22:28 - [TEST_STEP][PASSED] - scoring = sendRequest(findTestObject("EngineScore", ["response_searchME_kons":response_searchME_kons, "response_searchME_spouse":response_searchME_spouse])): Send request successfully

2022-11-22 16:22:28 - [MESSAGE][INFO] - HAR: D:\DMS\Engine Scoring\Reports\20221122_162012\Exclude KKB - DS\Scoring Individu - KKB\20221122_162012\requests\main\53.har

2022-11-22 16:22:28 - [MESSAGE][PASSED] - Send request successfully

2022-11-22 16:22:28 - [TEST_STEP][PASSED] - verifyResponseStatusCode(scoring, 200): Verify response status code successfully

2022-11-22 16:22:28 - [MESSAGE][PASSED] - Verify response status code successfully

2022-11-22 16:22:28 - [TEST_STEP][PASSED] - response2 = scoring.getResponseText(): null

2022-11-22 16:22:28 - [TEST_STEP][PASSED] - markPassed("result service data ke : " + no): result service data ke : 27

2022-11-22 16:22:28 - [MESSAGE][PASSED] - result service data ke : 27

2022-11-22 16:22:28 - [TEST_STEP][PASSED] - logInfo($response2): {"result_konsumen":"Approve","result_pasangan":"","Final_result":"Approve","errorMessage":"","status":"Done"}

2022-11-22 16:22:28 - [MESSAGE][INFO] - {"result_konsumen":"Approve","result_pasangan":"","Final_result":"Approve","errorMessage":"","status":"Done"}

2022-11-22 16:22:28 - [TEST_STEP][PASSED] - verifyElementPropertyValue(scoring, "Final_result", final_result): Verify element property value successfully

2022-11-22 16:22:28 - [MESSAGE][PASSED] - Verify element property value successfully]]></system-out>
         <system-err><![CDATA[]]></system-err>
      </testcase>
      <testcase name="Test Cases/Engine_Scoring/Engine Scoring" time="4.628" classname="Test Cases/Engine_Scoring/Engine Scoring" status="PASSED">
         <system-out><![CDATA[2022-11-22 16:22:28 - [TEST_CASE][PASSED] - Test Cases/Engine_Scoring/Engine Scoring: Test Cases/Engine_Scoring/Engine Scoring

2022-11-22 16:22:29 - [TEST_STEP][PASSED] - markPassed("Variasi data ke : " + no): Variasi data ke : 28

2022-11-22 16:22:29 - [MESSAGE][PASSED] - Variasi data ke : 28

2022-11-22 16:22:29 - [TEST_STEP][PASSED] - req_data = sendRequest(findTestObject("Search_ME", ["MID":MID, "source":source, "ip":ip, "userid":userid, "branch":branch, "tipekons":tipekons, "marital":marital, "penjamin":penjamin, ... ])): Send request successfully

2022-11-22 16:22:30 - [MESSAGE][INFO] - HAR: D:\DMS\Engine Scoring\Reports\20221122_162012\Exclude KKB - DS\Scoring Individu - KKB\20221122_162012\requests\main\54.har

2022-11-22 16:22:30 - [MESSAGE][PASSED] - Send request successfully

2022-11-22 16:22:30 - [TEST_STEP][PASSED] - slurper = new groovy.json.JsonSlurper(): null

2022-11-22 16:22:30 - [TEST_STEP][PASSED] - result = slurper.parseText(req_data.getResponseBodyContent()): null

2022-11-22 16:22:30 - [TEST_STEP][PASSED] - reqid_kons = requestid1: null

2022-11-22 16:22:30 - [TEST_STEP][PASSED] - reqid_spouse = requestid2: null

2022-11-22 16:22:30 - [TEST_STEP][PASSED] - println("requestid kons : " + reqid_kons): null

2022-11-22 16:22:30 - [TEST_STEP][PASSED] - response_searchME_kons = reqid_kons: null

2022-11-22 16:22:30 - [TEST_STEP][PASSED] - response_searchME_spouse = reqid_spouse: null

2022-11-22 16:22:30 - [TEST_STEP][PASSED] - println("kons req id is :" + response_searchME_kons): null

2022-11-22 16:22:30 - [TEST_STEP][PASSED] - println("spouse req id is : " + response_searchME_spouse): null

2022-11-22 16:22:30 - [TEST_STEP][PASSED] - verifyResponseStatusCode(req_data, 200): Verify response status code successfully

2022-11-22 16:22:30 - [MESSAGE][PASSED] - Verify response status code successfully

2022-11-22 16:22:30 - [TEST_STEP][PASSED] - response = req_data.getResponseText(): null

2022-11-22 16:22:30 - [TEST_STEP][PASSED] - logInfo($response): {"status":"Done","data":{"requestid1":"242151","requestid2":""}}

2022-11-22 16:22:30 - [MESSAGE][INFO] - {"status":"Done","data":{"requestid1":"242151","requestid2":""}}

2022-11-22 16:22:30 - [TEST_STEP][PASSED] - delay(3): Delayed 3 second(s)

2022-11-22 16:22:33 - [MESSAGE][PASSED] - Delayed 3 second(s)

2022-11-22 16:22:33 - [TEST_STEP][PASSED] - scoring = sendRequest(findTestObject("EngineScore", ["response_searchME_kons":response_searchME_kons, "response_searchME_spouse":response_searchME_spouse])): Send request successfully

2022-11-22 16:22:33 - [MESSAGE][INFO] - HAR: D:\DMS\Engine Scoring\Reports\20221122_162012\Exclude KKB - DS\Scoring Individu - KKB\20221122_162012\requests\main\55.har

2022-11-22 16:22:33 - [MESSAGE][PASSED] - Send request successfully

2022-11-22 16:22:33 - [TEST_STEP][PASSED] - verifyResponseStatusCode(scoring, 200): Verify response status code successfully

2022-11-22 16:22:33 - [MESSAGE][PASSED] - Verify response status code successfully

2022-11-22 16:22:33 - [TEST_STEP][PASSED] - response2 = scoring.getResponseText(): null

2022-11-22 16:22:33 - [TEST_STEP][PASSED] - markPassed("result service data ke : " + no): result service data ke : 28

2022-11-22 16:22:33 - [MESSAGE][PASSED] - result service data ke : 28

2022-11-22 16:22:33 - [TEST_STEP][PASSED] - logInfo($response2): {"result_konsumen":"Approve","result_pasangan":"","Final_result":"Approve","errorMessage":"","status":"Done"}

2022-11-22 16:22:33 - [MESSAGE][INFO] - {"result_konsumen":"Approve","result_pasangan":"","Final_result":"Approve","errorMessage":"","status":"Done"}

2022-11-22 16:22:33 - [TEST_STEP][PASSED] - verifyElementPropertyValue(scoring, "Final_result", final_result): Verify element property value successfully

2022-11-22 16:22:33 - [MESSAGE][PASSED] - Verify element property value successfully]]></system-out>
         <system-err><![CDATA[]]></system-err>
      </testcase>
      <testcase name="Test Cases/Engine_Scoring/Engine Scoring" time="4.591" classname="Test Cases/Engine_Scoring/Engine Scoring" status="PASSED">
         <system-out><![CDATA[2022-11-22 16:22:33 - [TEST_CASE][PASSED] - Test Cases/Engine_Scoring/Engine Scoring: Test Cases/Engine_Scoring/Engine Scoring

2022-11-22 16:22:33 - [TEST_STEP][PASSED] - markPassed("Variasi data ke : " + no): Variasi data ke : 29

2022-11-22 16:22:33 - [MESSAGE][PASSED] - Variasi data ke : 29

2022-11-22 16:22:33 - [TEST_STEP][PASSED] - req_data = sendRequest(findTestObject("Search_ME", ["MID":MID, "source":source, "ip":ip, "userid":userid, "branch":branch, "tipekons":tipekons, "marital":marital, "penjamin":penjamin, ... ])): Send request successfully

2022-11-22 16:22:34 - [MESSAGE][INFO] - HAR: D:\DMS\Engine Scoring\Reports\20221122_162012\Exclude KKB - DS\Scoring Individu - KKB\20221122_162012\requests\main\56.har

2022-11-22 16:22:34 - [MESSAGE][PASSED] - Send request successfully

2022-11-22 16:22:34 - [TEST_STEP][PASSED] - slurper = new groovy.json.JsonSlurper(): null

2022-11-22 16:22:34 - [TEST_STEP][PASSED] - result = slurper.parseText(req_data.getResponseBodyContent()): null

2022-11-22 16:22:34 - [TEST_STEP][PASSED] - reqid_kons = requestid1: null

2022-11-22 16:22:34 - [TEST_STEP][PASSED] - reqid_spouse = requestid2: null

2022-11-22 16:22:34 - [TEST_STEP][PASSED] - println("requestid kons : " + reqid_kons): null

2022-11-22 16:22:34 - [TEST_STEP][PASSED] - response_searchME_kons = reqid_kons: null

2022-11-22 16:22:34 - [TEST_STEP][PASSED] - response_searchME_spouse = reqid_spouse: null

2022-11-22 16:22:34 - [TEST_STEP][PASSED] - println("kons req id is :" + response_searchME_kons): null

2022-11-22 16:22:34 - [TEST_STEP][PASSED] - println("spouse req id is : " + response_searchME_spouse): null

2022-11-22 16:22:34 - [TEST_STEP][PASSED] - verifyResponseStatusCode(req_data, 200): Verify response status code successfully

2022-11-22 16:22:34 - [MESSAGE][PASSED] - Verify response status code successfully

2022-11-22 16:22:34 - [TEST_STEP][PASSED] - response = req_data.getResponseText(): null

2022-11-22 16:22:34 - [TEST_STEP][PASSED] - logInfo($response): {"status":"Done","data":{"requestid1":"242152","requestid2":""}}

2022-11-22 16:22:34 - [MESSAGE][INFO] - {"status":"Done","data":{"requestid1":"242152","requestid2":""}}

2022-11-22 16:22:34 - [TEST_STEP][PASSED] - delay(3): Delayed 3 second(s)

2022-11-22 16:22:37 - [MESSAGE][PASSED] - Delayed 3 second(s)

2022-11-22 16:22:37 - [TEST_STEP][PASSED] - scoring = sendRequest(findTestObject("EngineScore", ["response_searchME_kons":response_searchME_kons, "response_searchME_spouse":response_searchME_spouse])): Send request successfully

2022-11-22 16:22:37 - [MESSAGE][INFO] - HAR: D:\DMS\Engine Scoring\Reports\20221122_162012\Exclude KKB - DS\Scoring Individu - KKB\20221122_162012\requests\main\57.har

2022-11-22 16:22:37 - [MESSAGE][PASSED] - Send request successfully

2022-11-22 16:22:37 - [TEST_STEP][PASSED] - verifyResponseStatusCode(scoring, 200): Verify response status code successfully

2022-11-22 16:22:37 - [MESSAGE][PASSED] - Verify response status code successfully

2022-11-22 16:22:37 - [TEST_STEP][PASSED] - response2 = scoring.getResponseText(): null

2022-11-22 16:22:37 - [TEST_STEP][PASSED] - markPassed("result service data ke : " + no): result service data ke : 29

2022-11-22 16:22:37 - [MESSAGE][PASSED] - result service data ke : 29

2022-11-22 16:22:37 - [TEST_STEP][PASSED] - logInfo($response2): {"result_konsumen":"Reject","result_pasangan":"","Final_result":"Reject","errorMessage":"","status":"Done"}

2022-11-22 16:22:37 - [MESSAGE][INFO] - {"result_konsumen":"Reject","result_pasangan":"","Final_result":"Reject","errorMessage":"","status":"Done"}

2022-11-22 16:22:37 - [TEST_STEP][PASSED] - verifyElementPropertyValue(scoring, "Final_result", final_result): Verify element property value successfully

2022-11-22 16:22:37 - [MESSAGE][PASSED] - Verify element property value successfully]]></system-out>
         <system-err><![CDATA[]]></system-err>
      </testcase>
      <testcase name="Test Cases/Engine_Scoring/Engine Scoring" time="4.737" classname="Test Cases/Engine_Scoring/Engine Scoring" status="PASSED">
         <system-out><![CDATA[2022-11-22 16:22:37 - [TEST_CASE][PASSED] - Test Cases/Engine_Scoring/Engine Scoring: Test Cases/Engine_Scoring/Engine Scoring

2022-11-22 16:22:38 - [TEST_STEP][PASSED] - markPassed("Variasi data ke : " + no): Variasi data ke : 30

2022-11-22 16:22:38 - [MESSAGE][PASSED] - Variasi data ke : 30

2022-11-22 16:22:38 - [TEST_STEP][PASSED] - req_data = sendRequest(findTestObject("Search_ME", ["MID":MID, "source":source, "ip":ip, "userid":userid, "branch":branch, "tipekons":tipekons, "marital":marital, "penjamin":penjamin, ... ])): Send request successfully

2022-11-22 16:22:39 - [MESSAGE][INFO] - HAR: D:\DMS\Engine Scoring\Reports\20221122_162012\Exclude KKB - DS\Scoring Individu - KKB\20221122_162012\requests\main\58.har

2022-11-22 16:22:39 - [MESSAGE][PASSED] - Send request successfully

2022-11-22 16:22:39 - [TEST_STEP][PASSED] - slurper = new groovy.json.JsonSlurper(): null

2022-11-22 16:22:39 - [TEST_STEP][PASSED] - result = slurper.parseText(req_data.getResponseBodyContent()): null

2022-11-22 16:22:39 - [TEST_STEP][PASSED] - reqid_kons = requestid1: null

2022-11-22 16:22:39 - [TEST_STEP][PASSED] - reqid_spouse = requestid2: null

2022-11-22 16:22:39 - [TEST_STEP][PASSED] - println("requestid kons : " + reqid_kons): null

2022-11-22 16:22:39 - [TEST_STEP][PASSED] - response_searchME_kons = reqid_kons: null

2022-11-22 16:22:39 - [TEST_STEP][PASSED] - response_searchME_spouse = reqid_spouse: null

2022-11-22 16:22:39 - [TEST_STEP][PASSED] - println("kons req id is :" + response_searchME_kons): null

2022-11-22 16:22:39 - [TEST_STEP][PASSED] - println("spouse req id is : " + response_searchME_spouse): null

2022-11-22 16:22:39 - [TEST_STEP][PASSED] - verifyResponseStatusCode(req_data, 200): Verify response status code successfully

2022-11-22 16:22:39 - [MESSAGE][PASSED] - Verify response status code successfully

2022-11-22 16:22:39 - [TEST_STEP][PASSED] - response = req_data.getResponseText(): null

2022-11-22 16:22:39 - [TEST_STEP][PASSED] - logInfo($response): {"status":"Done","data":{"requestid1":"242153","requestid2":""}}

2022-11-22 16:22:39 - [MESSAGE][INFO] - {"status":"Done","data":{"requestid1":"242153","requestid2":""}}

2022-11-22 16:22:39 - [TEST_STEP][PASSED] - delay(3): Delayed 3 second(s)

2022-11-22 16:22:42 - [MESSAGE][PASSED] - Delayed 3 second(s)

2022-11-22 16:22:42 - [TEST_STEP][PASSED] - scoring = sendRequest(findTestObject("EngineScore", ["response_searchME_kons":response_searchME_kons, "response_searchME_spouse":response_searchME_spouse])): Send request successfully

2022-11-22 16:22:42 - [MESSAGE][INFO] - HAR: D:\DMS\Engine Scoring\Reports\20221122_162012\Exclude KKB - DS\Scoring Individu - KKB\20221122_162012\requests\main\59.har

2022-11-22 16:22:42 - [MESSAGE][PASSED] - Send request successfully

2022-11-22 16:22:42 - [TEST_STEP][PASSED] - verifyResponseStatusCode(scoring, 200): Verify response status code successfully

2022-11-22 16:22:42 - [MESSAGE][PASSED] - Verify response status code successfully

2022-11-22 16:22:42 - [TEST_STEP][PASSED] - response2 = scoring.getResponseText(): null

2022-11-22 16:22:42 - [TEST_STEP][PASSED] - markPassed("result service data ke : " + no): result service data ke : 30

2022-11-22 16:22:42 - [MESSAGE][PASSED] - result service data ke : 30

2022-11-22 16:22:42 - [TEST_STEP][PASSED] - logInfo($response2): {"result_konsumen":"Reject","result_pasangan":"","Final_result":"Reject","errorMessage":"","status":"Done"}

2022-11-22 16:22:42 - [MESSAGE][INFO] - {"result_konsumen":"Reject","result_pasangan":"","Final_result":"Reject","errorMessage":"","status":"Done"}

2022-11-22 16:22:42 - [TEST_STEP][PASSED] - verifyElementPropertyValue(scoring, "Final_result", final_result): Verify element property value successfully

2022-11-22 16:22:42 - [MESSAGE][PASSED] - Verify element property value successfully]]></system-out>
         <system-err><![CDATA[]]></system-err>
      </testcase>
      <testcase name="Test Cases/Engine_Scoring/Engine Scoring" time="4.61" classname="Test Cases/Engine_Scoring/Engine Scoring" status="PASSED">
         <system-out><![CDATA[2022-11-22 16:22:42 - [TEST_CASE][PASSED] - Test Cases/Engine_Scoring/Engine Scoring: Test Cases/Engine_Scoring/Engine Scoring

2022-11-22 16:22:43 - [TEST_STEP][PASSED] - markPassed("Variasi data ke : " + no): Variasi data ke : 31

2022-11-22 16:22:43 - [MESSAGE][PASSED] - Variasi data ke : 31

2022-11-22 16:22:43 - [TEST_STEP][PASSED] - req_data = sendRequest(findTestObject("Search_ME", ["MID":MID, "source":source, "ip":ip, "userid":userid, "branch":branch, "tipekons":tipekons, "marital":marital, "penjamin":penjamin, ... ])): Send request successfully

2022-11-22 16:22:44 - [MESSAGE][INFO] - HAR: D:\DMS\Engine Scoring\Reports\20221122_162012\Exclude KKB - DS\Scoring Individu - KKB\20221122_162012\requests\main\60.har

2022-11-22 16:22:44 - [MESSAGE][PASSED] - Send request successfully

2022-11-22 16:22:44 - [TEST_STEP][PASSED] - slurper = new groovy.json.JsonSlurper(): null

2022-11-22 16:22:44 - [TEST_STEP][PASSED] - result = slurper.parseText(req_data.getResponseBodyContent()): null

2022-11-22 16:22:44 - [TEST_STEP][PASSED] - reqid_kons = requestid1: null

2022-11-22 16:22:44 - [TEST_STEP][PASSED] - reqid_spouse = requestid2: null

2022-11-22 16:22:44 - [TEST_STEP][PASSED] - println("requestid kons : " + reqid_kons): null

2022-11-22 16:22:44 - [TEST_STEP][PASSED] - response_searchME_kons = reqid_kons: null

2022-11-22 16:22:44 - [TEST_STEP][PASSED] - response_searchME_spouse = reqid_spouse: null

2022-11-22 16:22:44 - [TEST_STEP][PASSED] - println("kons req id is :" + response_searchME_kons): null

2022-11-22 16:22:44 - [TEST_STEP][PASSED] - println("spouse req id is : " + response_searchME_spouse): null

2022-11-22 16:22:44 - [TEST_STEP][PASSED] - verifyResponseStatusCode(req_data, 200): Verify response status code successfully

2022-11-22 16:22:44 - [MESSAGE][PASSED] - Verify response status code successfully

2022-11-22 16:22:44 - [TEST_STEP][PASSED] - response = req_data.getResponseText(): null

2022-11-22 16:22:44 - [TEST_STEP][PASSED] - logInfo($response): {"status":"Done","data":{"requestid1":"242154","requestid2":""}}

2022-11-22 16:22:44 - [MESSAGE][INFO] - {"status":"Done","data":{"requestid1":"242154","requestid2":""}}

2022-11-22 16:22:44 - [TEST_STEP][PASSED] - delay(3): Delayed 3 second(s)

2022-11-22 16:22:47 - [MESSAGE][PASSED] - Delayed 3 second(s)

2022-11-22 16:22:47 - [TEST_STEP][PASSED] - scoring = sendRequest(findTestObject("EngineScore", ["response_searchME_kons":response_searchME_kons, "response_searchME_spouse":response_searchME_spouse])): Send request successfully

2022-11-22 16:22:47 - [MESSAGE][INFO] - HAR: D:\DMS\Engine Scoring\Reports\20221122_162012\Exclude KKB - DS\Scoring Individu - KKB\20221122_162012\requests\main\61.har

2022-11-22 16:22:47 - [MESSAGE][PASSED] - Send request successfully

2022-11-22 16:22:47 - [TEST_STEP][PASSED] - verifyResponseStatusCode(scoring, 200): Verify response status code successfully

2022-11-22 16:22:47 - [MESSAGE][PASSED] - Verify response status code successfully

2022-11-22 16:22:47 - [TEST_STEP][PASSED] - response2 = scoring.getResponseText(): null

2022-11-22 16:22:47 - [TEST_STEP][PASSED] - markPassed("result service data ke : " + no): result service data ke : 31

2022-11-22 16:22:47 - [MESSAGE][PASSED] - result service data ke : 31

2022-11-22 16:22:47 - [TEST_STEP][PASSED] - logInfo($response2): {"result_konsumen":"Reguler","result_pasangan":"","Final_result":"Reguler","errorMessage":"","status":"Done"}

2022-11-22 16:22:47 - [MESSAGE][INFO] - {"result_konsumen":"Reguler","result_pasangan":"","Final_result":"Reguler","errorMessage":"","status":"Done"}

2022-11-22 16:22:47 - [TEST_STEP][PASSED] - verifyElementPropertyValue(scoring, "Final_result", final_result): Verify element property value successfully

2022-11-22 16:22:47 - [MESSAGE][PASSED] - Verify element property value successfully]]></system-out>
         <system-err><![CDATA[]]></system-err>
      </testcase>
      <testcase name="Test Cases/Engine_Scoring/Engine Scoring" time="4.645" classname="Test Cases/Engine_Scoring/Engine Scoring" status="PASSED">
         <system-out><![CDATA[2022-11-22 16:22:47 - [TEST_CASE][PASSED] - Test Cases/Engine_Scoring/Engine Scoring: Test Cases/Engine_Scoring/Engine Scoring

2022-11-22 16:22:47 - [TEST_STEP][PASSED] - markPassed("Variasi data ke : " + no): Variasi data ke : 32

2022-11-22 16:22:47 - [MESSAGE][PASSED] - Variasi data ke : 32

2022-11-22 16:22:47 - [TEST_STEP][PASSED] - req_data = sendRequest(findTestObject("Search_ME", ["MID":MID, "source":source, "ip":ip, "userid":userid, "branch":branch, "tipekons":tipekons, "marital":marital, "penjamin":penjamin, ... ])): Send request successfully

2022-11-22 16:22:48 - [MESSAGE][INFO] - HAR: D:\DMS\Engine Scoring\Reports\20221122_162012\Exclude KKB - DS\Scoring Individu - KKB\20221122_162012\requests\main\62.har

2022-11-22 16:22:48 - [MESSAGE][PASSED] - Send request successfully

2022-11-22 16:22:48 - [TEST_STEP][PASSED] - slurper = new groovy.json.JsonSlurper(): null

2022-11-22 16:22:48 - [TEST_STEP][PASSED] - result = slurper.parseText(req_data.getResponseBodyContent()): null

2022-11-22 16:22:48 - [TEST_STEP][PASSED] - reqid_kons = requestid1: null

2022-11-22 16:22:48 - [TEST_STEP][PASSED] - reqid_spouse = requestid2: null

2022-11-22 16:22:48 - [TEST_STEP][PASSED] - println("requestid kons : " + reqid_kons): null

2022-11-22 16:22:48 - [TEST_STEP][PASSED] - response_searchME_kons = reqid_kons: null

2022-11-22 16:22:48 - [TEST_STEP][PASSED] - response_searchME_spouse = reqid_spouse: null

2022-11-22 16:22:48 - [TEST_STEP][PASSED] - println("kons req id is :" + response_searchME_kons): null

2022-11-22 16:22:48 - [TEST_STEP][PASSED] - println("spouse req id is : " + response_searchME_spouse): null

2022-11-22 16:22:48 - [TEST_STEP][PASSED] - verifyResponseStatusCode(req_data, 200): Verify response status code successfully

2022-11-22 16:22:48 - [MESSAGE][PASSED] - Verify response status code successfully

2022-11-22 16:22:48 - [TEST_STEP][PASSED] - response = req_data.getResponseText(): null

2022-11-22 16:22:48 - [TEST_STEP][PASSED] - logInfo($response): {"status":"Done","data":{"requestid1":"242155","requestid2":""}}

2022-11-22 16:22:48 - [MESSAGE][INFO] - {"status":"Done","data":{"requestid1":"242155","requestid2":""}}

2022-11-22 16:22:48 - [TEST_STEP][PASSED] - delay(3): Delayed 3 second(s)

2022-11-22 16:22:51 - [MESSAGE][PASSED] - Delayed 3 second(s)

2022-11-22 16:22:51 - [TEST_STEP][PASSED] - scoring = sendRequest(findTestObject("EngineScore", ["response_searchME_kons":response_searchME_kons, "response_searchME_spouse":response_searchME_spouse])): Send request successfully

2022-11-22 16:22:51 - [MESSAGE][INFO] - HAR: D:\DMS\Engine Scoring\Reports\20221122_162012\Exclude KKB - DS\Scoring Individu - KKB\20221122_162012\requests\main\63.har

2022-11-22 16:22:51 - [MESSAGE][PASSED] - Send request successfully

2022-11-22 16:22:51 - [TEST_STEP][PASSED] - verifyResponseStatusCode(scoring, 200): Verify response status code successfully

2022-11-22 16:22:51 - [MESSAGE][PASSED] - Verify response status code successfully

2022-11-22 16:22:51 - [TEST_STEP][PASSED] - response2 = scoring.getResponseText(): null

2022-11-22 16:22:51 - [TEST_STEP][PASSED] - markPassed("result service data ke : " + no): result service data ke : 32

2022-11-22 16:22:51 - [MESSAGE][PASSED] - result service data ke : 32

2022-11-22 16:22:51 - [TEST_STEP][PASSED] - logInfo($response2): {"result_konsumen":"Reguler","result_pasangan":"","Final_result":"Reguler","errorMessage":"","status":"Done"}

2022-11-22 16:22:51 - [MESSAGE][INFO] - {"result_konsumen":"Reguler","result_pasangan":"","Final_result":"Reguler","errorMessage":"","status":"Done"}

2022-11-22 16:22:51 - [TEST_STEP][PASSED] - verifyElementPropertyValue(scoring, "Final_result", final_result): Verify element property value successfully

2022-11-22 16:22:51 - [MESSAGE][PASSED] - Verify element property value successfully]]></system-out>
         <system-err><![CDATA[]]></system-err>
      </testcase>
      <testcase name="Test Cases/Engine_Scoring/Engine Scoring" time="4.754" classname="Test Cases/Engine_Scoring/Engine Scoring" status="PASSED">
         <system-out><![CDATA[2022-11-22 16:22:51 - [TEST_CASE][PASSED] - Test Cases/Engine_Scoring/Engine Scoring: Test Cases/Engine_Scoring/Engine Scoring

2022-11-22 16:22:52 - [TEST_STEP][PASSED] - markPassed("Variasi data ke : " + no): Variasi data ke : 33

2022-11-22 16:22:52 - [MESSAGE][PASSED] - Variasi data ke : 33

2022-11-22 16:22:52 - [TEST_STEP][PASSED] - req_data = sendRequest(findTestObject("Search_ME", ["MID":MID, "source":source, "ip":ip, "userid":userid, "branch":branch, "tipekons":tipekons, "marital":marital, "penjamin":penjamin, ... ])): Send request successfully

2022-11-22 16:22:53 - [MESSAGE][INFO] - HAR: D:\DMS\Engine Scoring\Reports\20221122_162012\Exclude KKB - DS\Scoring Individu - KKB\20221122_162012\requests\main\64.har

2022-11-22 16:22:53 - [MESSAGE][PASSED] - Send request successfully

2022-11-22 16:22:53 - [TEST_STEP][PASSED] - slurper = new groovy.json.JsonSlurper(): null

2022-11-22 16:22:53 - [TEST_STEP][PASSED] - result = slurper.parseText(req_data.getResponseBodyContent()): null

2022-11-22 16:22:53 - [TEST_STEP][PASSED] - reqid_kons = requestid1: null

2022-11-22 16:22:53 - [TEST_STEP][PASSED] - reqid_spouse = requestid2: null

2022-11-22 16:22:53 - [TEST_STEP][PASSED] - println("requestid kons : " + reqid_kons): null

2022-11-22 16:22:53 - [TEST_STEP][PASSED] - response_searchME_kons = reqid_kons: null

2022-11-22 16:22:53 - [TEST_STEP][PASSED] - response_searchME_spouse = reqid_spouse: null

2022-11-22 16:22:53 - [TEST_STEP][PASSED] - println("kons req id is :" + response_searchME_kons): null

2022-11-22 16:22:53 - [TEST_STEP][PASSED] - println("spouse req id is : " + response_searchME_spouse): null

2022-11-22 16:22:53 - [TEST_STEP][PASSED] - verifyResponseStatusCode(req_data, 200): Verify response status code successfully

2022-11-22 16:22:53 - [MESSAGE][PASSED] - Verify response status code successfully

2022-11-22 16:22:53 - [TEST_STEP][PASSED] - response = req_data.getResponseText(): null

2022-11-22 16:22:53 - [TEST_STEP][PASSED] - logInfo($response): {"status":"Done","data":{"requestid1":"242156","requestid2":""}}

2022-11-22 16:22:53 - [MESSAGE][INFO] - {"status":"Done","data":{"requestid1":"242156","requestid2":""}}

2022-11-22 16:22:53 - [TEST_STEP][PASSED] - delay(3): Delayed 3 second(s)

2022-11-22 16:22:56 - [MESSAGE][PASSED] - Delayed 3 second(s)

2022-11-22 16:22:56 - [TEST_STEP][PASSED] - scoring = sendRequest(findTestObject("EngineScore", ["response_searchME_kons":response_searchME_kons, "response_searchME_spouse":response_searchME_spouse])): Send request successfully

2022-11-22 16:22:56 - [MESSAGE][INFO] - HAR: D:\DMS\Engine Scoring\Reports\20221122_162012\Exclude KKB - DS\Scoring Individu - KKB\20221122_162012\requests\main\65.har

2022-11-22 16:22:56 - [MESSAGE][PASSED] - Send request successfully

2022-11-22 16:22:56 - [TEST_STEP][PASSED] - verifyResponseStatusCode(scoring, 200): Verify response status code successfully

2022-11-22 16:22:56 - [MESSAGE][PASSED] - Verify response status code successfully

2022-11-22 16:22:56 - [TEST_STEP][PASSED] - response2 = scoring.getResponseText(): null

2022-11-22 16:22:56 - [TEST_STEP][PASSED] - markPassed("result service data ke : " + no): result service data ke : 33

2022-11-22 16:22:56 - [MESSAGE][PASSED] - result service data ke : 33

2022-11-22 16:22:56 - [TEST_STEP][PASSED] - logInfo($response2): {"result_konsumen":"Reguler","result_pasangan":"","Final_result":"Reguler","errorMessage":"","status":"Done"}

2022-11-22 16:22:56 - [MESSAGE][INFO] - {"result_konsumen":"Reguler","result_pasangan":"","Final_result":"Reguler","errorMessage":"","status":"Done"}

2022-11-22 16:22:56 - [TEST_STEP][PASSED] - verifyElementPropertyValue(scoring, "Final_result", final_result): Verify element property value successfully

2022-11-22 16:22:56 - [MESSAGE][PASSED] - Verify element property value successfully]]></system-out>
         <system-err><![CDATA[]]></system-err>
      </testcase>
      <testcase name="Test Cases/Engine_Scoring/Engine Scoring" time="4.743" classname="Test Cases/Engine_Scoring/Engine Scoring" status="PASSED">
         <system-out><![CDATA[2022-11-22 16:22:56 - [TEST_CASE][PASSED] - Test Cases/Engine_Scoring/Engine Scoring: Test Cases/Engine_Scoring/Engine Scoring

2022-11-22 16:22:57 - [TEST_STEP][PASSED] - markPassed("Variasi data ke : " + no): Variasi data ke : 34

2022-11-22 16:22:57 - [MESSAGE][PASSED] - Variasi data ke : 34

2022-11-22 16:22:57 - [TEST_STEP][PASSED] - req_data = sendRequest(findTestObject("Search_ME", ["MID":MID, "source":source, "ip":ip, "userid":userid, "branch":branch, "tipekons":tipekons, "marital":marital, "penjamin":penjamin, ... ])): Send request successfully

2022-11-22 16:22:58 - [MESSAGE][INFO] - HAR: D:\DMS\Engine Scoring\Reports\20221122_162012\Exclude KKB - DS\Scoring Individu - KKB\20221122_162012\requests\main\66.har

2022-11-22 16:22:58 - [MESSAGE][PASSED] - Send request successfully

2022-11-22 16:22:58 - [TEST_STEP][PASSED] - slurper = new groovy.json.JsonSlurper(): null

2022-11-22 16:22:58 - [TEST_STEP][PASSED] - result = slurper.parseText(req_data.getResponseBodyContent()): null

2022-11-22 16:22:58 - [TEST_STEP][PASSED] - reqid_kons = requestid1: null

2022-11-22 16:22:58 - [TEST_STEP][PASSED] - reqid_spouse = requestid2: null

2022-11-22 16:22:58 - [TEST_STEP][PASSED] - println("requestid kons : " + reqid_kons): null

2022-11-22 16:22:58 - [TEST_STEP][PASSED] - response_searchME_kons = reqid_kons: null

2022-11-22 16:22:58 - [TEST_STEP][PASSED] - response_searchME_spouse = reqid_spouse: null

2022-11-22 16:22:58 - [TEST_STEP][PASSED] - println("kons req id is :" + response_searchME_kons): null

2022-11-22 16:22:58 - [TEST_STEP][PASSED] - println("spouse req id is : " + response_searchME_spouse): null

2022-11-22 16:22:58 - [TEST_STEP][PASSED] - verifyResponseStatusCode(req_data, 200): Verify response status code successfully

2022-11-22 16:22:58 - [MESSAGE][PASSED] - Verify response status code successfully

2022-11-22 16:22:58 - [TEST_STEP][PASSED] - response = req_data.getResponseText(): null

2022-11-22 16:22:58 - [TEST_STEP][PASSED] - logInfo($response): {"status":"Done","data":{"requestid1":"242157","requestid2":""}}

2022-11-22 16:22:58 - [MESSAGE][INFO] - {"status":"Done","data":{"requestid1":"242157","requestid2":""}}

2022-11-22 16:22:58 - [TEST_STEP][PASSED] - delay(3): Delayed 3 second(s)

2022-11-22 16:23:01 - [MESSAGE][PASSED] - Delayed 3 second(s)

2022-11-22 16:23:01 - [TEST_STEP][PASSED] - scoring = sendRequest(findTestObject("EngineScore", ["response_searchME_kons":response_searchME_kons, "response_searchME_spouse":response_searchME_spouse])): Send request successfully

2022-11-22 16:23:01 - [MESSAGE][INFO] - HAR: D:\DMS\Engine Scoring\Reports\20221122_162012\Exclude KKB - DS\Scoring Individu - KKB\20221122_162012\requests\main\67.har

2022-11-22 16:23:01 - [MESSAGE][PASSED] - Send request successfully

2022-11-22 16:23:01 - [TEST_STEP][PASSED] - verifyResponseStatusCode(scoring, 200): Verify response status code successfully

2022-11-22 16:23:01 - [MESSAGE][PASSED] - Verify response status code successfully

2022-11-22 16:23:01 - [TEST_STEP][PASSED] - response2 = scoring.getResponseText(): null

2022-11-22 16:23:01 - [TEST_STEP][PASSED] - markPassed("result service data ke : " + no): result service data ke : 34

2022-11-22 16:23:01 - [MESSAGE][PASSED] - result service data ke : 34

2022-11-22 16:23:01 - [TEST_STEP][PASSED] - logInfo($response2): {"result_konsumen":"Reguler","result_pasangan":"","Final_result":"Reguler","errorMessage":"","status":"Done"}

2022-11-22 16:23:01 - [MESSAGE][INFO] - {"result_konsumen":"Reguler","result_pasangan":"","Final_result":"Reguler","errorMessage":"","status":"Done"}

2022-11-22 16:23:01 - [TEST_STEP][PASSED] - verifyElementPropertyValue(scoring, "Final_result", final_result): Verify element property value successfully

2022-11-22 16:23:01 - [MESSAGE][PASSED] - Verify element property value successfully]]></system-out>
         <system-err><![CDATA[]]></system-err>
      </testcase>
      <testcase name="Test Cases/Engine_Scoring/Engine Scoring" time="4.559" classname="Test Cases/Engine_Scoring/Engine Scoring" status="PASSED">
         <system-out><![CDATA[2022-11-22 16:23:01 - [TEST_CASE][PASSED] - Test Cases/Engine_Scoring/Engine Scoring: Test Cases/Engine_Scoring/Engine Scoring

2022-11-22 16:23:02 - [TEST_STEP][PASSED] - markPassed("Variasi data ke : " + no): Variasi data ke : 35

2022-11-22 16:23:02 - [MESSAGE][PASSED] - Variasi data ke : 35

2022-11-22 16:23:02 - [TEST_STEP][PASSED] - req_data = sendRequest(findTestObject("Search_ME", ["MID":MID, "source":source, "ip":ip, "userid":userid, "branch":branch, "tipekons":tipekons, "marital":marital, "penjamin":penjamin, ... ])): Send request successfully

2022-11-22 16:23:02 - [MESSAGE][INFO] - HAR: D:\DMS\Engine Scoring\Reports\20221122_162012\Exclude KKB - DS\Scoring Individu - KKB\20221122_162012\requests\main\68.har

2022-11-22 16:23:02 - [MESSAGE][PASSED] - Send request successfully

2022-11-22 16:23:02 - [TEST_STEP][PASSED] - slurper = new groovy.json.JsonSlurper(): null

2022-11-22 16:23:02 - [TEST_STEP][PASSED] - result = slurper.parseText(req_data.getResponseBodyContent()): null

2022-11-22 16:23:02 - [TEST_STEP][PASSED] - reqid_kons = requestid1: null

2022-11-22 16:23:02 - [TEST_STEP][PASSED] - reqid_spouse = requestid2: null

2022-11-22 16:23:02 - [TEST_STEP][PASSED] - println("requestid kons : " + reqid_kons): null

2022-11-22 16:23:02 - [TEST_STEP][PASSED] - response_searchME_kons = reqid_kons: null

2022-11-22 16:23:02 - [TEST_STEP][PASSED] - response_searchME_spouse = reqid_spouse: null

2022-11-22 16:23:02 - [TEST_STEP][PASSED] - println("kons req id is :" + response_searchME_kons): null

2022-11-22 16:23:02 - [TEST_STEP][PASSED] - println("spouse req id is : " + response_searchME_spouse): null

2022-11-22 16:23:02 - [TEST_STEP][PASSED] - verifyResponseStatusCode(req_data, 200): Verify response status code successfully

2022-11-22 16:23:02 - [MESSAGE][PASSED] - Verify response status code successfully

2022-11-22 16:23:02 - [TEST_STEP][PASSED] - response = req_data.getResponseText(): null

2022-11-22 16:23:02 - [TEST_STEP][PASSED] - logInfo($response): {"status":"Done","data":{"requestid1":"242158","requestid2":""}}

2022-11-22 16:23:02 - [MESSAGE][INFO] - {"status":"Done","data":{"requestid1":"242158","requestid2":""}}

2022-11-22 16:23:02 - [TEST_STEP][PASSED] - delay(3): Delayed 3 second(s)

2022-11-22 16:23:05 - [MESSAGE][PASSED] - Delayed 3 second(s)

2022-11-22 16:23:05 - [TEST_STEP][PASSED] - scoring = sendRequest(findTestObject("EngineScore", ["response_searchME_kons":response_searchME_kons, "response_searchME_spouse":response_searchME_spouse])): Send request successfully

2022-11-22 16:23:06 - [MESSAGE][INFO] - HAR: D:\DMS\Engine Scoring\Reports\20221122_162012\Exclude KKB - DS\Scoring Individu - KKB\20221122_162012\requests\main\69.har

2022-11-22 16:23:06 - [MESSAGE][PASSED] - Send request successfully

2022-11-22 16:23:06 - [TEST_STEP][PASSED] - verifyResponseStatusCode(scoring, 200): Verify response status code successfully

2022-11-22 16:23:06 - [MESSAGE][PASSED] - Verify response status code successfully

2022-11-22 16:23:06 - [TEST_STEP][PASSED] - response2 = scoring.getResponseText(): null

2022-11-22 16:23:06 - [TEST_STEP][PASSED] - markPassed("result service data ke : " + no): result service data ke : 35

2022-11-22 16:23:06 - [MESSAGE][PASSED] - result service data ke : 35

2022-11-22 16:23:06 - [TEST_STEP][PASSED] - logInfo($response2): {"result_konsumen":"Reguler","result_pasangan":"","Final_result":"Reguler","errorMessage":"","status":"Done"}

2022-11-22 16:23:06 - [MESSAGE][INFO] - {"result_konsumen":"Reguler","result_pasangan":"","Final_result":"Reguler","errorMessage":"","status":"Done"}

2022-11-22 16:23:06 - [TEST_STEP][PASSED] - verifyElementPropertyValue(scoring, "Final_result", final_result): Verify element property value successfully

2022-11-22 16:23:06 - [MESSAGE][PASSED] - Verify element property value successfully]]></system-out>
         <system-err><![CDATA[]]></system-err>
      </testcase>
      <testcase name="Test Cases/Engine_Scoring/Engine Scoring" time="4.561" classname="Test Cases/Engine_Scoring/Engine Scoring" status="PASSED">
         <system-out><![CDATA[2022-11-22 16:23:06 - [TEST_CASE][PASSED] - Test Cases/Engine_Scoring/Engine Scoring: Test Cases/Engine_Scoring/Engine Scoring

2022-11-22 16:23:06 - [TEST_STEP][PASSED] - markPassed("Variasi data ke : " + no): Variasi data ke : 36

2022-11-22 16:23:06 - [MESSAGE][PASSED] - Variasi data ke : 36

2022-11-22 16:23:06 - [TEST_STEP][PASSED] - req_data = sendRequest(findTestObject("Search_ME", ["MID":MID, "source":source, "ip":ip, "userid":userid, "branch":branch, "tipekons":tipekons, "marital":marital, "penjamin":penjamin, ... ])): Send request successfully

2022-11-22 16:23:07 - [MESSAGE][INFO] - HAR: D:\DMS\Engine Scoring\Reports\20221122_162012\Exclude KKB - DS\Scoring Individu - KKB\20221122_162012\requests\main\70.har

2022-11-22 16:23:07 - [MESSAGE][PASSED] - Send request successfully

2022-11-22 16:23:07 - [TEST_STEP][PASSED] - slurper = new groovy.json.JsonSlurper(): null

2022-11-22 16:23:07 - [TEST_STEP][PASSED] - result = slurper.parseText(req_data.getResponseBodyContent()): null

2022-11-22 16:23:07 - [TEST_STEP][PASSED] - reqid_kons = requestid1: null

2022-11-22 16:23:07 - [TEST_STEP][PASSED] - reqid_spouse = requestid2: null

2022-11-22 16:23:07 - [TEST_STEP][PASSED] - println("requestid kons : " + reqid_kons): null

2022-11-22 16:23:07 - [TEST_STEP][PASSED] - response_searchME_kons = reqid_kons: null

2022-11-22 16:23:07 - [TEST_STEP][PASSED] - response_searchME_spouse = reqid_spouse: null

2022-11-22 16:23:07 - [TEST_STEP][PASSED] - println("kons req id is :" + response_searchME_kons): null

2022-11-22 16:23:07 - [TEST_STEP][PASSED] - println("spouse req id is : " + response_searchME_spouse): null

2022-11-22 16:23:07 - [TEST_STEP][PASSED] - verifyResponseStatusCode(req_data, 200): Verify response status code successfully

2022-11-22 16:23:07 - [MESSAGE][PASSED] - Verify response status code successfully

2022-11-22 16:23:07 - [TEST_STEP][PASSED] - response = req_data.getResponseText(): null

2022-11-22 16:23:07 - [TEST_STEP][PASSED] - logInfo($response): {"status":"Done","data":{"requestid1":"242159","requestid2":""}}

2022-11-22 16:23:07 - [MESSAGE][INFO] - {"status":"Done","data":{"requestid1":"242159","requestid2":""}}

2022-11-22 16:23:07 - [TEST_STEP][PASSED] - delay(3): Delayed 3 second(s)

2022-11-22 16:23:10 - [MESSAGE][PASSED] - Delayed 3 second(s)

2022-11-22 16:23:10 - [TEST_STEP][PASSED] - scoring = sendRequest(findTestObject("EngineScore", ["response_searchME_kons":response_searchME_kons, "response_searchME_spouse":response_searchME_spouse])): Send request successfully

2022-11-22 16:23:10 - [MESSAGE][INFO] - HAR: D:\DMS\Engine Scoring\Reports\20221122_162012\Exclude KKB - DS\Scoring Individu - KKB\20221122_162012\requests\main\71.har

2022-11-22 16:23:10 - [MESSAGE][PASSED] - Send request successfully

2022-11-22 16:23:10 - [TEST_STEP][PASSED] - verifyResponseStatusCode(scoring, 200): Verify response status code successfully

2022-11-22 16:23:10 - [MESSAGE][PASSED] - Verify response status code successfully

2022-11-22 16:23:10 - [TEST_STEP][PASSED] - response2 = scoring.getResponseText(): null

2022-11-22 16:23:10 - [TEST_STEP][PASSED] - markPassed("result service data ke : " + no): result service data ke : 36

2022-11-22 16:23:10 - [MESSAGE][PASSED] - result service data ke : 36

2022-11-22 16:23:10 - [TEST_STEP][PASSED] - logInfo($response2): {"result_konsumen":"Reguler","result_pasangan":"","Final_result":"Reguler","errorMessage":"","status":"Done"}

2022-11-22 16:23:10 - [MESSAGE][INFO] - {"result_konsumen":"Reguler","result_pasangan":"","Final_result":"Reguler","errorMessage":"","status":"Done"}

2022-11-22 16:23:10 - [TEST_STEP][PASSED] - verifyElementPropertyValue(scoring, "Final_result", final_result): Verify element property value successfully

2022-11-22 16:23:10 - [MESSAGE][PASSED] - Verify element property value successfully]]></system-out>
         <system-err><![CDATA[]]></system-err>
      </testcase>
      <testcase name="Test Cases/Engine_Scoring/Engine Scoring" time="4.612" classname="Test Cases/Engine_Scoring/Engine Scoring" status="PASSED">
         <system-out><![CDATA[2022-11-22 16:23:10 - [TEST_CASE][PASSED] - Test Cases/Engine_Scoring/Engine Scoring: Test Cases/Engine_Scoring/Engine Scoring

2022-11-22 16:23:11 - [TEST_STEP][PASSED] - markPassed("Variasi data ke : " + no): Variasi data ke : 37

2022-11-22 16:23:11 - [MESSAGE][PASSED] - Variasi data ke : 37

2022-11-22 16:23:11 - [TEST_STEP][PASSED] - req_data = sendRequest(findTestObject("Search_ME", ["MID":MID, "source":source, "ip":ip, "userid":userid, "branch":branch, "tipekons":tipekons, "marital":marital, "penjamin":penjamin, ... ])): Send request successfully

2022-11-22 16:23:12 - [MESSAGE][INFO] - HAR: D:\DMS\Engine Scoring\Reports\20221122_162012\Exclude KKB - DS\Scoring Individu - KKB\20221122_162012\requests\main\72.har

2022-11-22 16:23:12 - [MESSAGE][PASSED] - Send request successfully

2022-11-22 16:23:12 - [TEST_STEP][PASSED] - slurper = new groovy.json.JsonSlurper(): null

2022-11-22 16:23:12 - [TEST_STEP][PASSED] - result = slurper.parseText(req_data.getResponseBodyContent()): null

2022-11-22 16:23:12 - [TEST_STEP][PASSED] - reqid_kons = requestid1: null

2022-11-22 16:23:12 - [TEST_STEP][PASSED] - reqid_spouse = requestid2: null

2022-11-22 16:23:12 - [TEST_STEP][PASSED] - println("requestid kons : " + reqid_kons): null

2022-11-22 16:23:12 - [TEST_STEP][PASSED] - response_searchME_kons = reqid_kons: null

2022-11-22 16:23:12 - [TEST_STEP][PASSED] - response_searchME_spouse = reqid_spouse: null

2022-11-22 16:23:12 - [TEST_STEP][PASSED] - println("kons req id is :" + response_searchME_kons): null

2022-11-22 16:23:12 - [TEST_STEP][PASSED] - println("spouse req id is : " + response_searchME_spouse): null

2022-11-22 16:23:12 - [TEST_STEP][PASSED] - verifyResponseStatusCode(req_data, 200): Verify response status code successfully

2022-11-22 16:23:12 - [MESSAGE][PASSED] - Verify response status code successfully

2022-11-22 16:23:12 - [TEST_STEP][PASSED] - response = req_data.getResponseText(): null

2022-11-22 16:23:12 - [TEST_STEP][PASSED] - logInfo($response): {"status":"Done","data":{"requestid1":"242160","requestid2":""}}

2022-11-22 16:23:12 - [MESSAGE][INFO] - {"status":"Done","data":{"requestid1":"242160","requestid2":""}}

2022-11-22 16:23:12 - [TEST_STEP][PASSED] - delay(3): Delayed 3 second(s)

2022-11-22 16:23:15 - [MESSAGE][PASSED] - Delayed 3 second(s)

2022-11-22 16:23:15 - [TEST_STEP][PASSED] - scoring = sendRequest(findTestObject("EngineScore", ["response_searchME_kons":response_searchME_kons, "response_searchME_spouse":response_searchME_spouse])): Send request successfully

2022-11-22 16:23:15 - [MESSAGE][INFO] - HAR: D:\DMS\Engine Scoring\Reports\20221122_162012\Exclude KKB - DS\Scoring Individu - KKB\20221122_162012\requests\main\73.har

2022-11-22 16:23:15 - [MESSAGE][PASSED] - Send request successfully

2022-11-22 16:23:15 - [TEST_STEP][PASSED] - verifyResponseStatusCode(scoring, 200): Verify response status code successfully

2022-11-22 16:23:15 - [MESSAGE][PASSED] - Verify response status code successfully

2022-11-22 16:23:15 - [TEST_STEP][PASSED] - response2 = scoring.getResponseText(): null

2022-11-22 16:23:15 - [TEST_STEP][PASSED] - markPassed("result service data ke : " + no): result service data ke : 37

2022-11-22 16:23:15 - [MESSAGE][PASSED] - result service data ke : 37

2022-11-22 16:23:15 - [TEST_STEP][PASSED] - logInfo($response2): {"result_konsumen":"Reguler","result_pasangan":"","Final_result":"Reguler","errorMessage":"","status":"Done"}

2022-11-22 16:23:15 - [MESSAGE][INFO] - {"result_konsumen":"Reguler","result_pasangan":"","Final_result":"Reguler","errorMessage":"","status":"Done"}

2022-11-22 16:23:15 - [TEST_STEP][PASSED] - verifyElementPropertyValue(scoring, "Final_result", final_result): Verify element property value successfully

2022-11-22 16:23:15 - [MESSAGE][PASSED] - Verify element property value successfully]]></system-out>
         <system-err><![CDATA[]]></system-err>
      </testcase>
      <testcase name="Test Cases/Engine_Scoring/Engine Scoring" time="4.603" classname="Test Cases/Engine_Scoring/Engine Scoring" status="PASSED">
         <system-out><![CDATA[2022-11-22 16:23:15 - [TEST_CASE][PASSED] - Test Cases/Engine_Scoring/Engine Scoring: Test Cases/Engine_Scoring/Engine Scoring

2022-11-22 16:23:16 - [TEST_STEP][PASSED] - markPassed("Variasi data ke : " + no): Variasi data ke : 38

2022-11-22 16:23:16 - [MESSAGE][PASSED] - Variasi data ke : 38

2022-11-22 16:23:16 - [TEST_STEP][PASSED] - req_data = sendRequest(findTestObject("Search_ME", ["MID":MID, "source":source, "ip":ip, "userid":userid, "branch":branch, "tipekons":tipekons, "marital":marital, "penjamin":penjamin, ... ])): Send request successfully

2022-11-22 16:23:16 - [MESSAGE][INFO] - HAR: D:\DMS\Engine Scoring\Reports\20221122_162012\Exclude KKB - DS\Scoring Individu - KKB\20221122_162012\requests\main\74.har

2022-11-22 16:23:16 - [MESSAGE][PASSED] - Send request successfully

2022-11-22 16:23:16 - [TEST_STEP][PASSED] - slurper = new groovy.json.JsonSlurper(): null

2022-11-22 16:23:16 - [TEST_STEP][PASSED] - result = slurper.parseText(req_data.getResponseBodyContent()): null

2022-11-22 16:23:16 - [TEST_STEP][PASSED] - reqid_kons = requestid1: null

2022-11-22 16:23:16 - [TEST_STEP][PASSED] - reqid_spouse = requestid2: null

2022-11-22 16:23:16 - [TEST_STEP][PASSED] - println("requestid kons : " + reqid_kons): null

2022-11-22 16:23:16 - [TEST_STEP][PASSED] - response_searchME_kons = reqid_kons: null

2022-11-22 16:23:16 - [TEST_STEP][PASSED] - response_searchME_spouse = reqid_spouse: null

2022-11-22 16:23:16 - [TEST_STEP][PASSED] - println("kons req id is :" + response_searchME_kons): null

2022-11-22 16:23:16 - [TEST_STEP][PASSED] - println("spouse req id is : " + response_searchME_spouse): null

2022-11-22 16:23:16 - [TEST_STEP][PASSED] - verifyResponseStatusCode(req_data, 200): Verify response status code successfully

2022-11-22 16:23:16 - [MESSAGE][PASSED] - Verify response status code successfully

2022-11-22 16:23:16 - [TEST_STEP][PASSED] - response = req_data.getResponseText(): null

2022-11-22 16:23:16 - [TEST_STEP][PASSED] - logInfo($response): {"status":"Done","data":{"requestid1":"242161","requestid2":""}}

2022-11-22 16:23:16 - [MESSAGE][INFO] - {"status":"Done","data":{"requestid1":"242161","requestid2":""}}

2022-11-22 16:23:16 - [TEST_STEP][PASSED] - delay(3): Delayed 3 second(s)

2022-11-22 16:23:19 - [MESSAGE][PASSED] - Delayed 3 second(s)

2022-11-22 16:23:19 - [TEST_STEP][PASSED] - scoring = sendRequest(findTestObject("EngineScore", ["response_searchME_kons":response_searchME_kons, "response_searchME_spouse":response_searchME_spouse])): Send request successfully

2022-11-22 16:23:19 - [MESSAGE][INFO] - HAR: D:\DMS\Engine Scoring\Reports\20221122_162012\Exclude KKB - DS\Scoring Individu - KKB\20221122_162012\requests\main\75.har

2022-11-22 16:23:19 - [MESSAGE][PASSED] - Send request successfully

2022-11-22 16:23:19 - [TEST_STEP][PASSED] - verifyResponseStatusCode(scoring, 200): Verify response status code successfully

2022-11-22 16:23:19 - [MESSAGE][PASSED] - Verify response status code successfully

2022-11-22 16:23:19 - [TEST_STEP][PASSED] - response2 = scoring.getResponseText(): null

2022-11-22 16:23:19 - [TEST_STEP][PASSED] - markPassed("result service data ke : " + no): result service data ke : 38

2022-11-22 16:23:19 - [MESSAGE][PASSED] - result service data ke : 38

2022-11-22 16:23:19 - [TEST_STEP][PASSED] - logInfo($response2): {"result_konsumen":"Reguler","result_pasangan":"","Final_result":"Reguler","errorMessage":"","status":"Done"}

2022-11-22 16:23:19 - [MESSAGE][INFO] - {"result_konsumen":"Reguler","result_pasangan":"","Final_result":"Reguler","errorMessage":"","status":"Done"}

2022-11-22 16:23:19 - [TEST_STEP][PASSED] - verifyElementPropertyValue(scoring, "Final_result", final_result): Verify element property value successfully

2022-11-22 16:23:19 - [MESSAGE][PASSED] - Verify element property value successfully]]></system-out>
         <system-err><![CDATA[]]></system-err>
      </testcase>
      <testcase name="Test Cases/Engine_Scoring/Engine Scoring" time="4.665" classname="Test Cases/Engine_Scoring/Engine Scoring" status="PASSED">
         <system-out><![CDATA[2022-11-22 16:23:19 - [TEST_CASE][PASSED] - Test Cases/Engine_Scoring/Engine Scoring: Test Cases/Engine_Scoring/Engine Scoring

2022-11-22 16:23:20 - [TEST_STEP][PASSED] - markPassed("Variasi data ke : " + no): Variasi data ke : 39

2022-11-22 16:23:20 - [MESSAGE][PASSED] - Variasi data ke : 39

2022-11-22 16:23:20 - [TEST_STEP][PASSED] - req_data = sendRequest(findTestObject("Search_ME", ["MID":MID, "source":source, "ip":ip, "userid":userid, "branch":branch, "tipekons":tipekons, "marital":marital, "penjamin":penjamin, ... ])): Send request successfully

2022-11-22 16:23:21 - [MESSAGE][INFO] - HAR: D:\DMS\Engine Scoring\Reports\20221122_162012\Exclude KKB - DS\Scoring Individu - KKB\20221122_162012\requests\main\76.har

2022-11-22 16:23:21 - [MESSAGE][PASSED] - Send request successfully

2022-11-22 16:23:21 - [TEST_STEP][PASSED] - slurper = new groovy.json.JsonSlurper(): null

2022-11-22 16:23:21 - [TEST_STEP][PASSED] - result = slurper.parseText(req_data.getResponseBodyContent()): null

2022-11-22 16:23:21 - [TEST_STEP][PASSED] - reqid_kons = requestid1: null

2022-11-22 16:23:21 - [TEST_STEP][PASSED] - reqid_spouse = requestid2: null

2022-11-22 16:23:21 - [TEST_STEP][PASSED] - println("requestid kons : " + reqid_kons): null

2022-11-22 16:23:21 - [TEST_STEP][PASSED] - response_searchME_kons = reqid_kons: null

2022-11-22 16:23:21 - [TEST_STEP][PASSED] - response_searchME_spouse = reqid_spouse: null

2022-11-22 16:23:21 - [TEST_STEP][PASSED] - println("kons req id is :" + response_searchME_kons): null

2022-11-22 16:23:21 - [TEST_STEP][PASSED] - println("spouse req id is : " + response_searchME_spouse): null

2022-11-22 16:23:21 - [TEST_STEP][PASSED] - verifyResponseStatusCode(req_data, 200): Verify response status code successfully

2022-11-22 16:23:21 - [MESSAGE][PASSED] - Verify response status code successfully

2022-11-22 16:23:21 - [TEST_STEP][PASSED] - response = req_data.getResponseText(): null

2022-11-22 16:23:21 - [TEST_STEP][PASSED] - logInfo($response): {"status":"Done","data":{"requestid1":"242162","requestid2":""}}

2022-11-22 16:23:21 - [MESSAGE][INFO] - {"status":"Done","data":{"requestid1":"242162","requestid2":""}}

2022-11-22 16:23:21 - [TEST_STEP][PASSED] - delay(3): Delayed 3 second(s)

2022-11-22 16:23:24 - [MESSAGE][PASSED] - Delayed 3 second(s)

2022-11-22 16:23:24 - [TEST_STEP][PASSED] - scoring = sendRequest(findTestObject("EngineScore", ["response_searchME_kons":response_searchME_kons, "response_searchME_spouse":response_searchME_spouse])): Send request successfully

2022-11-22 16:23:24 - [MESSAGE][INFO] - HAR: D:\DMS\Engine Scoring\Reports\20221122_162012\Exclude KKB - DS\Scoring Individu - KKB\20221122_162012\requests\main\77.har

2022-11-22 16:23:24 - [MESSAGE][PASSED] - Send request successfully

2022-11-22 16:23:24 - [TEST_STEP][PASSED] - verifyResponseStatusCode(scoring, 200): Verify response status code successfully

2022-11-22 16:23:24 - [MESSAGE][PASSED] - Verify response status code successfully

2022-11-22 16:23:24 - [TEST_STEP][PASSED] - response2 = scoring.getResponseText(): null

2022-11-22 16:23:24 - [TEST_STEP][PASSED] - markPassed("result service data ke : " + no): result service data ke : 39

2022-11-22 16:23:24 - [MESSAGE][PASSED] - result service data ke : 39

2022-11-22 16:23:24 - [TEST_STEP][PASSED] - logInfo($response2): {"result_konsumen":"Approve","result_pasangan":"","Final_result":"Approve","errorMessage":"","status":"Done"}

2022-11-22 16:23:24 - [MESSAGE][INFO] - {"result_konsumen":"Approve","result_pasangan":"","Final_result":"Approve","errorMessage":"","status":"Done"}

2022-11-22 16:23:24 - [TEST_STEP][PASSED] - verifyElementPropertyValue(scoring, "Final_result", final_result): Verify element property value successfully

2022-11-22 16:23:24 - [MESSAGE][PASSED] - Verify element property value successfully]]></system-out>
         <system-err><![CDATA[]]></system-err>
      </testcase>
      <testcase name="Test Cases/Engine_Scoring/Engine Scoring" time="4.735" classname="Test Cases/Engine_Scoring/Engine Scoring" status="PASSED">
         <system-out><![CDATA[2022-11-22 16:23:24 - [TEST_CASE][PASSED] - Test Cases/Engine_Scoring/Engine Scoring: Test Cases/Engine_Scoring/Engine Scoring

2022-11-22 16:23:25 - [TEST_STEP][PASSED] - markPassed("Variasi data ke : " + no): Variasi data ke : 40

2022-11-22 16:23:25 - [MESSAGE][PASSED] - Variasi data ke : 40

2022-11-22 16:23:25 - [TEST_STEP][PASSED] - req_data = sendRequest(findTestObject("Search_ME", ["MID":MID, "source":source, "ip":ip, "userid":userid, "branch":branch, "tipekons":tipekons, "marital":marital, "penjamin":penjamin, ... ])): Send request successfully

2022-11-22 16:23:26 - [MESSAGE][INFO] - HAR: D:\DMS\Engine Scoring\Reports\20221122_162012\Exclude KKB - DS\Scoring Individu - KKB\20221122_162012\requests\main\78.har

2022-11-22 16:23:26 - [MESSAGE][PASSED] - Send request successfully

2022-11-22 16:23:26 - [TEST_STEP][PASSED] - slurper = new groovy.json.JsonSlurper(): null

2022-11-22 16:23:26 - [TEST_STEP][PASSED] - result = slurper.parseText(req_data.getResponseBodyContent()): null

2022-11-22 16:23:26 - [TEST_STEP][PASSED] - reqid_kons = requestid1: null

2022-11-22 16:23:26 - [TEST_STEP][PASSED] - reqid_spouse = requestid2: null

2022-11-22 16:23:26 - [TEST_STEP][PASSED] - println("requestid kons : " + reqid_kons): null

2022-11-22 16:23:26 - [TEST_STEP][PASSED] - response_searchME_kons = reqid_kons: null

2022-11-22 16:23:26 - [TEST_STEP][PASSED] - response_searchME_spouse = reqid_spouse: null

2022-11-22 16:23:26 - [TEST_STEP][PASSED] - println("kons req id is :" + response_searchME_kons): null

2022-11-22 16:23:26 - [TEST_STEP][PASSED] - println("spouse req id is : " + response_searchME_spouse): null

2022-11-22 16:23:26 - [TEST_STEP][PASSED] - verifyResponseStatusCode(req_data, 200): Verify response status code successfully

2022-11-22 16:23:26 - [MESSAGE][PASSED] - Verify response status code successfully

2022-11-22 16:23:26 - [TEST_STEP][PASSED] - response = req_data.getResponseText(): null

2022-11-22 16:23:26 - [TEST_STEP][PASSED] - logInfo($response): {"status":"Done","data":{"requestid1":"242163","requestid2":""}}

2022-11-22 16:23:26 - [MESSAGE][INFO] - {"status":"Done","data":{"requestid1":"242163","requestid2":""}}

2022-11-22 16:23:26 - [TEST_STEP][PASSED] - delay(3): Delayed 3 second(s)

2022-11-22 16:23:29 - [MESSAGE][PASSED] - Delayed 3 second(s)

2022-11-22 16:23:29 - [TEST_STEP][PASSED] - scoring = sendRequest(findTestObject("EngineScore", ["response_searchME_kons":response_searchME_kons, "response_searchME_spouse":response_searchME_spouse])): Send request successfully

2022-11-22 16:23:29 - [MESSAGE][INFO] - HAR: D:\DMS\Engine Scoring\Reports\20221122_162012\Exclude KKB - DS\Scoring Individu - KKB\20221122_162012\requests\main\79.har

2022-11-22 16:23:29 - [MESSAGE][PASSED] - Send request successfully

2022-11-22 16:23:29 - [TEST_STEP][PASSED] - verifyResponseStatusCode(scoring, 200): Verify response status code successfully

2022-11-22 16:23:29 - [MESSAGE][PASSED] - Verify response status code successfully

2022-11-22 16:23:29 - [TEST_STEP][PASSED] - response2 = scoring.getResponseText(): null

2022-11-22 16:23:29 - [TEST_STEP][PASSED] - markPassed("result service data ke : " + no): result service data ke : 40

2022-11-22 16:23:29 - [MESSAGE][PASSED] - result service data ke : 40

2022-11-22 16:23:29 - [TEST_STEP][PASSED] - logInfo($response2): {"result_konsumen":"Approve","result_pasangan":"","Final_result":"Approve","errorMessage":"","status":"Done"}

2022-11-22 16:23:29 - [MESSAGE][INFO] - {"result_konsumen":"Approve","result_pasangan":"","Final_result":"Approve","errorMessage":"","status":"Done"}

2022-11-22 16:23:29 - [TEST_STEP][PASSED] - verifyElementPropertyValue(scoring, "Final_result", final_result): Verify element property value successfully

2022-11-22 16:23:29 - [MESSAGE][PASSED] - Verify element property value successfully]]></system-out>
         <system-err><![CDATA[]]></system-err>
      </testcase>
      <testcase name="Test Cases/Engine_Scoring/Engine Scoring" time="4.767" classname="Test Cases/Engine_Scoring/Engine Scoring" status="PASSED">
         <system-out><![CDATA[2022-11-22 16:23:29 - [TEST_CASE][PASSED] - Test Cases/Engine_Scoring/Engine Scoring: Test Cases/Engine_Scoring/Engine Scoring

2022-11-22 16:23:30 - [TEST_STEP][PASSED] - markPassed("Variasi data ke : " + no): Variasi data ke : 41

2022-11-22 16:23:30 - [MESSAGE][PASSED] - Variasi data ke : 41

2022-11-22 16:23:30 - [TEST_STEP][PASSED] - req_data = sendRequest(findTestObject("Search_ME", ["MID":MID, "source":source, "ip":ip, "userid":userid, "branch":branch, "tipekons":tipekons, "marital":marital, "penjamin":penjamin, ... ])): Send request successfully

2022-11-22 16:23:31 - [MESSAGE][INFO] - HAR: D:\DMS\Engine Scoring\Reports\20221122_162012\Exclude KKB - DS\Scoring Individu - KKB\20221122_162012\requests\main\80.har

2022-11-22 16:23:31 - [MESSAGE][PASSED] - Send request successfully

2022-11-22 16:23:31 - [TEST_STEP][PASSED] - slurper = new groovy.json.JsonSlurper(): null

2022-11-22 16:23:31 - [TEST_STEP][PASSED] - result = slurper.parseText(req_data.getResponseBodyContent()): null

2022-11-22 16:23:31 - [TEST_STEP][PASSED] - reqid_kons = requestid1: null

2022-11-22 16:23:31 - [TEST_STEP][PASSED] - reqid_spouse = requestid2: null

2022-11-22 16:23:31 - [TEST_STEP][PASSED] - println("requestid kons : " + reqid_kons): null

2022-11-22 16:23:31 - [TEST_STEP][PASSED] - response_searchME_kons = reqid_kons: null

2022-11-22 16:23:31 - [TEST_STEP][PASSED] - response_searchME_spouse = reqid_spouse: null

2022-11-22 16:23:31 - [TEST_STEP][PASSED] - println("kons req id is :" + response_searchME_kons): null

2022-11-22 16:23:31 - [TEST_STEP][PASSED] - println("spouse req id is : " + response_searchME_spouse): null

2022-11-22 16:23:31 - [TEST_STEP][PASSED] - verifyResponseStatusCode(req_data, 200): Verify response status code successfully

2022-11-22 16:23:31 - [MESSAGE][PASSED] - Verify response status code successfully

2022-11-22 16:23:31 - [TEST_STEP][PASSED] - response = req_data.getResponseText(): null

2022-11-22 16:23:31 - [TEST_STEP][PASSED] - logInfo($response): {"status":"Done","data":{"requestid1":"242164","requestid2":""}}

2022-11-22 16:23:31 - [MESSAGE][INFO] - {"status":"Done","data":{"requestid1":"242164","requestid2":""}}

2022-11-22 16:23:31 - [TEST_STEP][PASSED] - delay(3): Delayed 3 second(s)

2022-11-22 16:23:34 - [MESSAGE][PASSED] - Delayed 3 second(s)

2022-11-22 16:23:34 - [TEST_STEP][PASSED] - scoring = sendRequest(findTestObject("EngineScore", ["response_searchME_kons":response_searchME_kons, "response_searchME_spouse":response_searchME_spouse])): Send request successfully

2022-11-22 16:23:34 - [MESSAGE][INFO] - HAR: D:\DMS\Engine Scoring\Reports\20221122_162012\Exclude KKB - DS\Scoring Individu - KKB\20221122_162012\requests\main\81.har

2022-11-22 16:23:34 - [MESSAGE][PASSED] - Send request successfully

2022-11-22 16:23:34 - [TEST_STEP][PASSED] - verifyResponseStatusCode(scoring, 200): Verify response status code successfully

2022-11-22 16:23:34 - [MESSAGE][PASSED] - Verify response status code successfully

2022-11-22 16:23:34 - [TEST_STEP][PASSED] - response2 = scoring.getResponseText(): null

2022-11-22 16:23:34 - [TEST_STEP][PASSED] - markPassed("result service data ke : " + no): result service data ke : 41

2022-11-22 16:23:34 - [MESSAGE][PASSED] - result service data ke : 41

2022-11-22 16:23:34 - [TEST_STEP][PASSED] - logInfo($response2): {"result_konsumen":"Approve","result_pasangan":"","Final_result":"Approve","errorMessage":"","status":"Done"}

2022-11-22 16:23:34 - [MESSAGE][INFO] - {"result_konsumen":"Approve","result_pasangan":"","Final_result":"Approve","errorMessage":"","status":"Done"}

2022-11-22 16:23:34 - [TEST_STEP][PASSED] - verifyElementPropertyValue(scoring, "Final_result", final_result): Verify element property value successfully

2022-11-22 16:23:34 - [MESSAGE][PASSED] - Verify element property value successfully]]></system-out>
         <system-err><![CDATA[]]></system-err>
      </testcase>
      <testcase name="Test Cases/Engine_Scoring/Engine Scoring" time="4.769" classname="Test Cases/Engine_Scoring/Engine Scoring" status="PASSED">
         <system-out><![CDATA[2022-11-22 16:23:34 - [TEST_CASE][PASSED] - Test Cases/Engine_Scoring/Engine Scoring: Test Cases/Engine_Scoring/Engine Scoring

2022-11-22 16:23:35 - [TEST_STEP][PASSED] - markPassed("Variasi data ke : " + no): Variasi data ke : 42

2022-11-22 16:23:35 - [MESSAGE][PASSED] - Variasi data ke : 42

2022-11-22 16:23:35 - [TEST_STEP][PASSED] - req_data = sendRequest(findTestObject("Search_ME", ["MID":MID, "source":source, "ip":ip, "userid":userid, "branch":branch, "tipekons":tipekons, "marital":marital, "penjamin":penjamin, ... ])): Send request successfully

2022-11-22 16:23:35 - [MESSAGE][INFO] - HAR: D:\DMS\Engine Scoring\Reports\20221122_162012\Exclude KKB - DS\Scoring Individu - KKB\20221122_162012\requests\main\82.har

2022-11-22 16:23:35 - [MESSAGE][PASSED] - Send request successfully

2022-11-22 16:23:35 - [TEST_STEP][PASSED] - slurper = new groovy.json.JsonSlurper(): null

2022-11-22 16:23:35 - [TEST_STEP][PASSED] - result = slurper.parseText(req_data.getResponseBodyContent()): null

2022-11-22 16:23:35 - [TEST_STEP][PASSED] - reqid_kons = requestid1: null

2022-11-22 16:23:35 - [TEST_STEP][PASSED] - reqid_spouse = requestid2: null

2022-11-22 16:23:35 - [TEST_STEP][PASSED] - println("requestid kons : " + reqid_kons): null

2022-11-22 16:23:35 - [TEST_STEP][PASSED] - response_searchME_kons = reqid_kons: null

2022-11-22 16:23:35 - [TEST_STEP][PASSED] - response_searchME_spouse = reqid_spouse: null

2022-11-22 16:23:35 - [TEST_STEP][PASSED] - println("kons req id is :" + response_searchME_kons): null

2022-11-22 16:23:35 - [TEST_STEP][PASSED] - println("spouse req id is : " + response_searchME_spouse): null

2022-11-22 16:23:35 - [TEST_STEP][PASSED] - verifyResponseStatusCode(req_data, 200): Verify response status code successfully

2022-11-22 16:23:35 - [MESSAGE][PASSED] - Verify response status code successfully

2022-11-22 16:23:35 - [TEST_STEP][PASSED] - response = req_data.getResponseText(): null

2022-11-22 16:23:35 - [TEST_STEP][PASSED] - logInfo($response): {"status":"Done","data":{"requestid1":"242165","requestid2":""}}

2022-11-22 16:23:35 - [MESSAGE][INFO] - {"status":"Done","data":{"requestid1":"242165","requestid2":""}}

2022-11-22 16:23:35 - [TEST_STEP][PASSED] - delay(3): Delayed 3 second(s)

2022-11-22 16:23:38 - [MESSAGE][PASSED] - Delayed 3 second(s)

2022-11-22 16:23:38 - [TEST_STEP][PASSED] - scoring = sendRequest(findTestObject("EngineScore", ["response_searchME_kons":response_searchME_kons, "response_searchME_spouse":response_searchME_spouse])): Send request successfully

2022-11-22 16:23:39 - [MESSAGE][INFO] - HAR: D:\DMS\Engine Scoring\Reports\20221122_162012\Exclude KKB - DS\Scoring Individu - KKB\20221122_162012\requests\main\83.har

2022-11-22 16:23:39 - [MESSAGE][PASSED] - Send request successfully

2022-11-22 16:23:39 - [TEST_STEP][PASSED] - verifyResponseStatusCode(scoring, 200): Verify response status code successfully

2022-11-22 16:23:39 - [MESSAGE][PASSED] - Verify response status code successfully

2022-11-22 16:23:39 - [TEST_STEP][PASSED] - response2 = scoring.getResponseText(): null

2022-11-22 16:23:39 - [TEST_STEP][PASSED] - markPassed("result service data ke : " + no): result service data ke : 42

2022-11-22 16:23:39 - [MESSAGE][PASSED] - result service data ke : 42

2022-11-22 16:23:39 - [TEST_STEP][PASSED] - logInfo($response2): {"result_konsumen":"Approve","result_pasangan":"","Final_result":"Approve","errorMessage":"","status":"Done"}

2022-11-22 16:23:39 - [MESSAGE][INFO] - {"result_konsumen":"Approve","result_pasangan":"","Final_result":"Approve","errorMessage":"","status":"Done"}

2022-11-22 16:23:39 - [TEST_STEP][PASSED] - verifyElementPropertyValue(scoring, "Final_result", final_result): Verify element property value successfully

2022-11-22 16:23:39 - [MESSAGE][PASSED] - Verify element property value successfully]]></system-out>
         <system-err><![CDATA[]]></system-err>
      </testcase>
      <testcase name="Test Cases/Engine_Scoring/Engine Scoring" time="4.565" classname="Test Cases/Engine_Scoring/Engine Scoring" status="PASSED">
         <system-out><![CDATA[2022-11-22 16:23:39 - [TEST_CASE][PASSED] - Test Cases/Engine_Scoring/Engine Scoring: Test Cases/Engine_Scoring/Engine Scoring

2022-11-22 16:23:39 - [TEST_STEP][PASSED] - markPassed("Variasi data ke : " + no): Variasi data ke : 43

2022-11-22 16:23:39 - [MESSAGE][PASSED] - Variasi data ke : 43

2022-11-22 16:23:39 - [TEST_STEP][PASSED] - req_data = sendRequest(findTestObject("Search_ME", ["MID":MID, "source":source, "ip":ip, "userid":userid, "branch":branch, "tipekons":tipekons, "marital":marital, "penjamin":penjamin, ... ])): Send request successfully

2022-11-22 16:23:40 - [MESSAGE][INFO] - HAR: D:\DMS\Engine Scoring\Reports\20221122_162012\Exclude KKB - DS\Scoring Individu - KKB\20221122_162012\requests\main\84.har

2022-11-22 16:23:40 - [MESSAGE][PASSED] - Send request successfully

2022-11-22 16:23:40 - [TEST_STEP][PASSED] - slurper = new groovy.json.JsonSlurper(): null

2022-11-22 16:23:40 - [TEST_STEP][PASSED] - result = slurper.parseText(req_data.getResponseBodyContent()): null

2022-11-22 16:23:40 - [TEST_STEP][PASSED] - reqid_kons = requestid1: null

2022-11-22 16:23:40 - [TEST_STEP][PASSED] - reqid_spouse = requestid2: null

2022-11-22 16:23:40 - [TEST_STEP][PASSED] - println("requestid kons : " + reqid_kons): null

2022-11-22 16:23:40 - [TEST_STEP][PASSED] - response_searchME_kons = reqid_kons: null

2022-11-22 16:23:40 - [TEST_STEP][PASSED] - response_searchME_spouse = reqid_spouse: null

2022-11-22 16:23:40 - [TEST_STEP][PASSED] - println("kons req id is :" + response_searchME_kons): null

2022-11-22 16:23:40 - [TEST_STEP][PASSED] - println("spouse req id is : " + response_searchME_spouse): null

2022-11-22 16:23:40 - [TEST_STEP][PASSED] - verifyResponseStatusCode(req_data, 200): Verify response status code successfully

2022-11-22 16:23:40 - [MESSAGE][PASSED] - Verify response status code successfully

2022-11-22 16:23:40 - [TEST_STEP][PASSED] - response = req_data.getResponseText(): null

2022-11-22 16:23:40 - [TEST_STEP][PASSED] - logInfo($response): {"status":"Done","data":{"requestid1":"242166","requestid2":""}}

2022-11-22 16:23:40 - [MESSAGE][INFO] - {"status":"Done","data":{"requestid1":"242166","requestid2":""}}

2022-11-22 16:23:40 - [TEST_STEP][PASSED] - delay(3): Delayed 3 second(s)

2022-11-22 16:23:43 - [MESSAGE][PASSED] - Delayed 3 second(s)

2022-11-22 16:23:43 - [TEST_STEP][PASSED] - scoring = sendRequest(findTestObject("EngineScore", ["response_searchME_kons":response_searchME_kons, "response_searchME_spouse":response_searchME_spouse])): Send request successfully

2022-11-22 16:23:43 - [MESSAGE][INFO] - HAR: D:\DMS\Engine Scoring\Reports\20221122_162012\Exclude KKB - DS\Scoring Individu - KKB\20221122_162012\requests\main\85.har

2022-11-22 16:23:43 - [MESSAGE][PASSED] - Send request successfully

2022-11-22 16:23:43 - [TEST_STEP][PASSED] - verifyResponseStatusCode(scoring, 200): Verify response status code successfully

2022-11-22 16:23:43 - [MESSAGE][PASSED] - Verify response status code successfully

2022-11-22 16:23:43 - [TEST_STEP][PASSED] - response2 = scoring.getResponseText(): null

2022-11-22 16:23:43 - [TEST_STEP][PASSED] - markPassed("result service data ke : " + no): result service data ke : 43

2022-11-22 16:23:43 - [MESSAGE][PASSED] - result service data ke : 43

2022-11-22 16:23:43 - [TEST_STEP][PASSED] - logInfo($response2): {"result_konsumen":"Approve","result_pasangan":"","Final_result":"Approve","errorMessage":"","status":"Done"}

2022-11-22 16:23:43 - [MESSAGE][INFO] - {"result_konsumen":"Approve","result_pasangan":"","Final_result":"Approve","errorMessage":"","status":"Done"}

2022-11-22 16:23:43 - [TEST_STEP][PASSED] - verifyElementPropertyValue(scoring, "Final_result", final_result): Verify element property value successfully

2022-11-22 16:23:43 - [MESSAGE][PASSED] - Verify element property value successfully]]></system-out>
         <system-err><![CDATA[]]></system-err>
      </testcase>
      <testcase name="Test Cases/Engine_Scoring/Engine Scoring" time="4.6" classname="Test Cases/Engine_Scoring/Engine Scoring" status="PASSED">
         <system-out><![CDATA[2022-11-22 16:23:43 - [TEST_CASE][PASSED] - Test Cases/Engine_Scoring/Engine Scoring: Test Cases/Engine_Scoring/Engine Scoring

2022-11-22 16:23:44 - [TEST_STEP][PASSED] - markPassed("Variasi data ke : " + no): Variasi data ke : 44

2022-11-22 16:23:44 - [MESSAGE][PASSED] - Variasi data ke : 44

2022-11-22 16:23:44 - [TEST_STEP][PASSED] - req_data = sendRequest(findTestObject("Search_ME", ["MID":MID, "source":source, "ip":ip, "userid":userid, "branch":branch, "tipekons":tipekons, "marital":marital, "penjamin":penjamin, ... ])): Send request successfully

2022-11-22 16:23:45 - [MESSAGE][INFO] - HAR: D:\DMS\Engine Scoring\Reports\20221122_162012\Exclude KKB - DS\Scoring Individu - KKB\20221122_162012\requests\main\86.har

2022-11-22 16:23:45 - [MESSAGE][PASSED] - Send request successfully

2022-11-22 16:23:45 - [TEST_STEP][PASSED] - slurper = new groovy.json.JsonSlurper(): null

2022-11-22 16:23:45 - [TEST_STEP][PASSED] - result = slurper.parseText(req_data.getResponseBodyContent()): null

2022-11-22 16:23:45 - [TEST_STEP][PASSED] - reqid_kons = requestid1: null

2022-11-22 16:23:45 - [TEST_STEP][PASSED] - reqid_spouse = requestid2: null

2022-11-22 16:23:45 - [TEST_STEP][PASSED] - println("requestid kons : " + reqid_kons): null

2022-11-22 16:23:45 - [TEST_STEP][PASSED] - response_searchME_kons = reqid_kons: null

2022-11-22 16:23:45 - [TEST_STEP][PASSED] - response_searchME_spouse = reqid_spouse: null

2022-11-22 16:23:45 - [TEST_STEP][PASSED] - println("kons req id is :" + response_searchME_kons): null

2022-11-22 16:23:45 - [TEST_STEP][PASSED] - println("spouse req id is : " + response_searchME_spouse): null

2022-11-22 16:23:45 - [TEST_STEP][PASSED] - verifyResponseStatusCode(req_data, 200): Verify response status code successfully

2022-11-22 16:23:45 - [MESSAGE][PASSED] - Verify response status code successfully

2022-11-22 16:23:45 - [TEST_STEP][PASSED] - response = req_data.getResponseText(): null

2022-11-22 16:23:45 - [TEST_STEP][PASSED] - logInfo($response): {"status":"Done","data":{"requestid1":"242167","requestid2":""}}

2022-11-22 16:23:45 - [MESSAGE][INFO] - {"status":"Done","data":{"requestid1":"242167","requestid2":""}}

2022-11-22 16:23:45 - [TEST_STEP][PASSED] - delay(3): Delayed 3 second(s)

2022-11-22 16:23:48 - [MESSAGE][PASSED] - Delayed 3 second(s)

2022-11-22 16:23:48 - [TEST_STEP][PASSED] - scoring = sendRequest(findTestObject("EngineScore", ["response_searchME_kons":response_searchME_kons, "response_searchME_spouse":response_searchME_spouse])): Send request successfully

2022-11-22 16:23:48 - [MESSAGE][INFO] - HAR: D:\DMS\Engine Scoring\Reports\20221122_162012\Exclude KKB - DS\Scoring Individu - KKB\20221122_162012\requests\main\87.har

2022-11-22 16:23:48 - [MESSAGE][PASSED] - Send request successfully

2022-11-22 16:23:48 - [TEST_STEP][PASSED] - verifyResponseStatusCode(scoring, 200): Verify response status code successfully

2022-11-22 16:23:48 - [MESSAGE][PASSED] - Verify response status code successfully

2022-11-22 16:23:48 - [TEST_STEP][PASSED] - response2 = scoring.getResponseText(): null

2022-11-22 16:23:48 - [TEST_STEP][PASSED] - markPassed("result service data ke : " + no): result service data ke : 44

2022-11-22 16:23:48 - [MESSAGE][PASSED] - result service data ke : 44

2022-11-22 16:23:48 - [TEST_STEP][PASSED] - logInfo($response2): {"result_konsumen":"Approve","result_pasangan":"","Final_result":"Approve","errorMessage":"","status":"Done"}

2022-11-22 16:23:48 - [MESSAGE][INFO] - {"result_konsumen":"Approve","result_pasangan":"","Final_result":"Approve","errorMessage":"","status":"Done"}

2022-11-22 16:23:48 - [TEST_STEP][PASSED] - verifyElementPropertyValue(scoring, "Final_result", final_result): Verify element property value successfully

2022-11-22 16:23:48 - [MESSAGE][PASSED] - Verify element property value successfully]]></system-out>
         <system-err><![CDATA[]]></system-err>
      </testcase>
      <testcase name="Test Cases/Engine_Scoring/Engine Scoring" time="4.588" classname="Test Cases/Engine_Scoring/Engine Scoring" status="PASSED">
         <system-out><![CDATA[2022-11-22 16:23:48 - [TEST_CASE][PASSED] - Test Cases/Engine_Scoring/Engine Scoring: Test Cases/Engine_Scoring/Engine Scoring

2022-11-22 16:23:49 - [TEST_STEP][PASSED] - markPassed("Variasi data ke : " + no): Variasi data ke : 45

2022-11-22 16:23:49 - [MESSAGE][PASSED] - Variasi data ke : 45

2022-11-22 16:23:49 - [TEST_STEP][PASSED] - req_data = sendRequest(findTestObject("Search_ME", ["MID":MID, "source":source, "ip":ip, "userid":userid, "branch":branch, "tipekons":tipekons, "marital":marital, "penjamin":penjamin, ... ])): Send request successfully

2022-11-22 16:23:49 - [MESSAGE][INFO] - HAR: D:\DMS\Engine Scoring\Reports\20221122_162012\Exclude KKB - DS\Scoring Individu - KKB\20221122_162012\requests\main\88.har

2022-11-22 16:23:49 - [MESSAGE][PASSED] - Send request successfully

2022-11-22 16:23:49 - [TEST_STEP][PASSED] - slurper = new groovy.json.JsonSlurper(): null

2022-11-22 16:23:49 - [TEST_STEP][PASSED] - result = slurper.parseText(req_data.getResponseBodyContent()): null

2022-11-22 16:23:49 - [TEST_STEP][PASSED] - reqid_kons = requestid1: null

2022-11-22 16:23:49 - [TEST_STEP][PASSED] - reqid_spouse = requestid2: null

2022-11-22 16:23:49 - [TEST_STEP][PASSED] - println("requestid kons : " + reqid_kons): null

2022-11-22 16:23:49 - [TEST_STEP][PASSED] - response_searchME_kons = reqid_kons: null

2022-11-22 16:23:49 - [TEST_STEP][PASSED] - response_searchME_spouse = reqid_spouse: null

2022-11-22 16:23:49 - [TEST_STEP][PASSED] - println("kons req id is :" + response_searchME_kons): null

2022-11-22 16:23:49 - [TEST_STEP][PASSED] - println("spouse req id is : " + response_searchME_spouse): null

2022-11-22 16:23:49 - [TEST_STEP][PASSED] - verifyResponseStatusCode(req_data, 200): Verify response status code successfully

2022-11-22 16:23:49 - [MESSAGE][PASSED] - Verify response status code successfully

2022-11-22 16:23:49 - [TEST_STEP][PASSED] - response = req_data.getResponseText(): null

2022-11-22 16:23:49 - [TEST_STEP][PASSED] - logInfo($response): {"status":"Done","data":{"requestid1":"242168","requestid2":""}}

2022-11-22 16:23:49 - [MESSAGE][INFO] - {"status":"Done","data":{"requestid1":"242168","requestid2":""}}

2022-11-22 16:23:49 - [TEST_STEP][PASSED] - delay(3): Delayed 3 second(s)

2022-11-22 16:23:52 - [MESSAGE][PASSED] - Delayed 3 second(s)

2022-11-22 16:23:52 - [TEST_STEP][PASSED] - scoring = sendRequest(findTestObject("EngineScore", ["response_searchME_kons":response_searchME_kons, "response_searchME_spouse":response_searchME_spouse])): Send request successfully

2022-11-22 16:23:52 - [MESSAGE][INFO] - HAR: D:\DMS\Engine Scoring\Reports\20221122_162012\Exclude KKB - DS\Scoring Individu - KKB\20221122_162012\requests\main\89.har

2022-11-22 16:23:52 - [MESSAGE][PASSED] - Send request successfully

2022-11-22 16:23:52 - [TEST_STEP][PASSED] - verifyResponseStatusCode(scoring, 200): Verify response status code successfully

2022-11-22 16:23:52 - [MESSAGE][PASSED] - Verify response status code successfully

2022-11-22 16:23:52 - [TEST_STEP][PASSED] - response2 = scoring.getResponseText(): null

2022-11-22 16:23:52 - [TEST_STEP][PASSED] - markPassed("result service data ke : " + no): result service data ke : 45

2022-11-22 16:23:52 - [MESSAGE][PASSED] - result service data ke : 45

2022-11-22 16:23:52 - [TEST_STEP][PASSED] - logInfo($response2): {"result_konsumen":"Reject","result_pasangan":"","Final_result":"Reject","errorMessage":"","status":"Done"}

2022-11-22 16:23:52 - [MESSAGE][INFO] - {"result_konsumen":"Reject","result_pasangan":"","Final_result":"Reject","errorMessage":"","status":"Done"}

2022-11-22 16:23:52 - [TEST_STEP][PASSED] - verifyElementPropertyValue(scoring, "Final_result", final_result): Verify element property value successfully

2022-11-22 16:23:52 - [MESSAGE][PASSED] - Verify element property value successfully]]></system-out>
         <system-err><![CDATA[]]></system-err>
      </testcase>
      <testcase name="Test Cases/Engine_Scoring/Engine Scoring" time="4.916" classname="Test Cases/Engine_Scoring/Engine Scoring" status="PASSED">
         <system-out><![CDATA[2022-11-22 16:23:52 - [TEST_CASE][PASSED] - Test Cases/Engine_Scoring/Engine Scoring: Test Cases/Engine_Scoring/Engine Scoring

2022-11-22 16:23:53 - [TEST_STEP][PASSED] - markPassed("Variasi data ke : " + no): Variasi data ke : 46

2022-11-22 16:23:53 - [MESSAGE][PASSED] - Variasi data ke : 46

2022-11-22 16:23:53 - [TEST_STEP][PASSED] - req_data = sendRequest(findTestObject("Search_ME", ["MID":MID, "source":source, "ip":ip, "userid":userid, "branch":branch, "tipekons":tipekons, "marital":marital, "penjamin":penjamin, ... ])): Send request successfully

2022-11-22 16:23:54 - [MESSAGE][INFO] - HAR: D:\DMS\Engine Scoring\Reports\20221122_162012\Exclude KKB - DS\Scoring Individu - KKB\20221122_162012\requests\main\90.har

2022-11-22 16:23:54 - [MESSAGE][PASSED] - Send request successfully

2022-11-22 16:23:54 - [TEST_STEP][PASSED] - slurper = new groovy.json.JsonSlurper(): null

2022-11-22 16:23:54 - [TEST_STEP][PASSED] - result = slurper.parseText(req_data.getResponseBodyContent()): null

2022-11-22 16:23:54 - [TEST_STEP][PASSED] - reqid_kons = requestid1: null

2022-11-22 16:23:54 - [TEST_STEP][PASSED] - reqid_spouse = requestid2: null

2022-11-22 16:23:54 - [TEST_STEP][PASSED] - println("requestid kons : " + reqid_kons): null

2022-11-22 16:23:54 - [TEST_STEP][PASSED] - response_searchME_kons = reqid_kons: null

2022-11-22 16:23:54 - [TEST_STEP][PASSED] - response_searchME_spouse = reqid_spouse: null

2022-11-22 16:23:54 - [TEST_STEP][PASSED] - println("kons req id is :" + response_searchME_kons): null

2022-11-22 16:23:54 - [TEST_STEP][PASSED] - println("spouse req id is : " + response_searchME_spouse): null

2022-11-22 16:23:54 - [TEST_STEP][PASSED] - verifyResponseStatusCode(req_data, 200): Verify response status code successfully

2022-11-22 16:23:54 - [MESSAGE][PASSED] - Verify response status code successfully

2022-11-22 16:23:54 - [TEST_STEP][PASSED] - response = req_data.getResponseText(): null

2022-11-22 16:23:54 - [TEST_STEP][PASSED] - logInfo($response): {"status":"Done","data":{"requestid1":"242169","requestid2":""}}

2022-11-22 16:23:54 - [MESSAGE][INFO] - {"status":"Done","data":{"requestid1":"242169","requestid2":""}}

2022-11-22 16:23:54 - [TEST_STEP][PASSED] - delay(3): Delayed 3 second(s)

2022-11-22 16:23:57 - [MESSAGE][PASSED] - Delayed 3 second(s)

2022-11-22 16:23:57 - [TEST_STEP][PASSED] - scoring = sendRequest(findTestObject("EngineScore", ["response_searchME_kons":response_searchME_kons, "response_searchME_spouse":response_searchME_spouse])): Send request successfully

2022-11-22 16:23:57 - [MESSAGE][INFO] - HAR: D:\DMS\Engine Scoring\Reports\20221122_162012\Exclude KKB - DS\Scoring Individu - KKB\20221122_162012\requests\main\91.har

2022-11-22 16:23:57 - [MESSAGE][PASSED] - Send request successfully

2022-11-22 16:23:57 - [TEST_STEP][PASSED] - verifyResponseStatusCode(scoring, 200): Verify response status code successfully

2022-11-22 16:23:57 - [MESSAGE][PASSED] - Verify response status code successfully

2022-11-22 16:23:57 - [TEST_STEP][PASSED] - response2 = scoring.getResponseText(): null

2022-11-22 16:23:57 - [TEST_STEP][PASSED] - markPassed("result service data ke : " + no): result service data ke : 46

2022-11-22 16:23:57 - [MESSAGE][PASSED] - result service data ke : 46

2022-11-22 16:23:57 - [TEST_STEP][PASSED] - logInfo($response2): {"result_konsumen":"Reject","result_pasangan":"","Final_result":"Reject","errorMessage":"","status":"Done"}

2022-11-22 16:23:57 - [MESSAGE][INFO] - {"result_konsumen":"Reject","result_pasangan":"","Final_result":"Reject","errorMessage":"","status":"Done"}

2022-11-22 16:23:57 - [TEST_STEP][PASSED] - verifyElementPropertyValue(scoring, "Final_result", final_result): Verify element property value successfully

2022-11-22 16:23:57 - [MESSAGE][PASSED] - Verify element property value successfully]]></system-out>
         <system-err><![CDATA[]]></system-err>
      </testcase>
      <testcase name="Test Cases/Engine_Scoring/Engine Scoring" time="4.767" classname="Test Cases/Engine_Scoring/Engine Scoring" status="PASSED">
         <system-out><![CDATA[2022-11-22 16:23:57 - [TEST_CASE][PASSED] - Test Cases/Engine_Scoring/Engine Scoring: Test Cases/Engine_Scoring/Engine Scoring

2022-11-22 16:23:58 - [TEST_STEP][PASSED] - markPassed("Variasi data ke : " + no): Variasi data ke : 47

2022-11-22 16:23:58 - [MESSAGE][PASSED] - Variasi data ke : 47

2022-11-22 16:23:58 - [TEST_STEP][PASSED] - req_data = sendRequest(findTestObject("Search_ME", ["MID":MID, "source":source, "ip":ip, "userid":userid, "branch":branch, "tipekons":tipekons, "marital":marital, "penjamin":penjamin, ... ])): Send request successfully

2022-11-22 16:23:59 - [MESSAGE][INFO] - HAR: D:\DMS\Engine Scoring\Reports\20221122_162012\Exclude KKB - DS\Scoring Individu - KKB\20221122_162012\requests\main\92.har

2022-11-22 16:23:59 - [MESSAGE][PASSED] - Send request successfully

2022-11-22 16:23:59 - [TEST_STEP][PASSED] - slurper = new groovy.json.JsonSlurper(): null

2022-11-22 16:23:59 - [TEST_STEP][PASSED] - result = slurper.parseText(req_data.getResponseBodyContent()): null

2022-11-22 16:23:59 - [TEST_STEP][PASSED] - reqid_kons = requestid1: null

2022-11-22 16:23:59 - [TEST_STEP][PASSED] - reqid_spouse = requestid2: null

2022-11-22 16:23:59 - [TEST_STEP][PASSED] - println("requestid kons : " + reqid_kons): null

2022-11-22 16:23:59 - [TEST_STEP][PASSED] - response_searchME_kons = reqid_kons: null

2022-11-22 16:23:59 - [TEST_STEP][PASSED] - response_searchME_spouse = reqid_spouse: null

2022-11-22 16:23:59 - [TEST_STEP][PASSED] - println("kons req id is :" + response_searchME_kons): null

2022-11-22 16:23:59 - [TEST_STEP][PASSED] - println("spouse req id is : " + response_searchME_spouse): null

2022-11-22 16:23:59 - [TEST_STEP][PASSED] - verifyResponseStatusCode(req_data, 200): Verify response status code successfully

2022-11-22 16:23:59 - [MESSAGE][PASSED] - Verify response status code successfully

2022-11-22 16:23:59 - [TEST_STEP][PASSED] - response = req_data.getResponseText(): null

2022-11-22 16:23:59 - [TEST_STEP][PASSED] - logInfo($response): {"status":"Done","data":{"requestid1":"242170","requestid2":""}}

2022-11-22 16:23:59 - [MESSAGE][INFO] - {"status":"Done","data":{"requestid1":"242170","requestid2":""}}

2022-11-22 16:23:59 - [TEST_STEP][PASSED] - delay(3): Delayed 3 second(s)

2022-11-22 16:24:02 - [MESSAGE][PASSED] - Delayed 3 second(s)

2022-11-22 16:24:02 - [TEST_STEP][PASSED] - scoring = sendRequest(findTestObject("EngineScore", ["response_searchME_kons":response_searchME_kons, "response_searchME_spouse":response_searchME_spouse])): Send request successfully

2022-11-22 16:24:02 - [MESSAGE][INFO] - HAR: D:\DMS\Engine Scoring\Reports\20221122_162012\Exclude KKB - DS\Scoring Individu - KKB\20221122_162012\requests\main\93.har

2022-11-22 16:24:02 - [MESSAGE][PASSED] - Send request successfully

2022-11-22 16:24:02 - [TEST_STEP][PASSED] - verifyResponseStatusCode(scoring, 200): Verify response status code successfully

2022-11-22 16:24:02 - [MESSAGE][PASSED] - Verify response status code successfully

2022-11-22 16:24:02 - [TEST_STEP][PASSED] - response2 = scoring.getResponseText(): null

2022-11-22 16:24:02 - [TEST_STEP][PASSED] - markPassed("result service data ke : " + no): result service data ke : 47

2022-11-22 16:24:02 - [MESSAGE][PASSED] - result service data ke : 47

2022-11-22 16:24:02 - [TEST_STEP][PASSED] - logInfo($response2): {"result_konsumen":"Reject","result_pasangan":"","Final_result":"Reject","errorMessage":"","status":"Done"}

2022-11-22 16:24:02 - [MESSAGE][INFO] - {"result_konsumen":"Reject","result_pasangan":"","Final_result":"Reject","errorMessage":"","status":"Done"}

2022-11-22 16:24:02 - [TEST_STEP][PASSED] - verifyElementPropertyValue(scoring, "Final_result", final_result): Verify element property value successfully

2022-11-22 16:24:02 - [MESSAGE][PASSED] - Verify element property value successfully]]></system-out>
         <system-err><![CDATA[]]></system-err>
      </testcase>
      <testcase name="Test Cases/Engine_Scoring/Engine Scoring" time="6.48" classname="Test Cases/Engine_Scoring/Engine Scoring" status="PASSED">
         <system-out><![CDATA[2022-11-22 16:24:02 - [TEST_CASE][PASSED] - Test Cases/Engine_Scoring/Engine Scoring: Test Cases/Engine_Scoring/Engine Scoring

2022-11-22 16:24:03 - [TEST_STEP][PASSED] - markPassed("Variasi data ke : " + no): Variasi data ke : 48

2022-11-22 16:24:03 - [MESSAGE][PASSED] - Variasi data ke : 48

2022-11-22 16:24:03 - [TEST_STEP][PASSED] - req_data = sendRequest(findTestObject("Search_ME", ["MID":MID, "source":source, "ip":ip, "userid":userid, "branch":branch, "tipekons":tipekons, "marital":marital, "penjamin":penjamin, ... ])): Send request successfully

2022-11-22 16:24:04 - [MESSAGE][INFO] - HAR: D:\DMS\Engine Scoring\Reports\20221122_162012\Exclude KKB - DS\Scoring Individu - KKB\20221122_162012\requests\main\94.har

2022-11-22 16:24:04 - [MESSAGE][PASSED] - Send request successfully

2022-11-22 16:24:04 - [TEST_STEP][PASSED] - slurper = new groovy.json.JsonSlurper(): null

2022-11-22 16:24:04 - [TEST_STEP][PASSED] - result = slurper.parseText(req_data.getResponseBodyContent()): null

2022-11-22 16:24:04 - [TEST_STEP][PASSED] - reqid_kons = requestid1: null

2022-11-22 16:24:04 - [TEST_STEP][PASSED] - reqid_spouse = requestid2: null

2022-11-22 16:24:04 - [TEST_STEP][PASSED] - println("requestid kons : " + reqid_kons): null

2022-11-22 16:24:04 - [TEST_STEP][PASSED] - response_searchME_kons = reqid_kons: null

2022-11-22 16:24:04 - [TEST_STEP][PASSED] - response_searchME_spouse = reqid_spouse: null

2022-11-22 16:24:04 - [TEST_STEP][PASSED] - println("kons req id is :" + response_searchME_kons): null

2022-11-22 16:24:04 - [TEST_STEP][PASSED] - println("spouse req id is : " + response_searchME_spouse): null

2022-11-22 16:24:04 - [TEST_STEP][PASSED] - verifyResponseStatusCode(req_data, 200): Verify response status code successfully

2022-11-22 16:24:04 - [MESSAGE][PASSED] - Verify response status code successfully

2022-11-22 16:24:04 - [TEST_STEP][PASSED] - response = req_data.getResponseText(): null

2022-11-22 16:24:04 - [TEST_STEP][PASSED] - logInfo($response): {"status":"Done","data":{"requestid1":"242171","requestid2":""}}

2022-11-22 16:24:04 - [MESSAGE][INFO] - {"status":"Done","data":{"requestid1":"242171","requestid2":""}}

2022-11-22 16:24:04 - [TEST_STEP][PASSED] - delay(3): Delayed 3 second(s)

2022-11-22 16:24:07 - [MESSAGE][PASSED] - Delayed 3 second(s)

2022-11-22 16:24:07 - [TEST_STEP][PASSED] - scoring = sendRequest(findTestObject("EngineScore", ["response_searchME_kons":response_searchME_kons, "response_searchME_spouse":response_searchME_spouse])): Send request successfully

2022-11-22 16:24:09 - [MESSAGE][INFO] - HAR: D:\DMS\Engine Scoring\Reports\20221122_162012\Exclude KKB - DS\Scoring Individu - KKB\20221122_162012\requests\main\95.har

2022-11-22 16:24:09 - [MESSAGE][PASSED] - Send request successfully

2022-11-22 16:24:09 - [TEST_STEP][PASSED] - verifyResponseStatusCode(scoring, 200): Verify response status code successfully

2022-11-22 16:24:09 - [MESSAGE][PASSED] - Verify response status code successfully

2022-11-22 16:24:09 - [TEST_STEP][PASSED] - response2 = scoring.getResponseText(): null

2022-11-22 16:24:09 - [TEST_STEP][PASSED] - markPassed("result service data ke : " + no): result service data ke : 48

2022-11-22 16:24:09 - [MESSAGE][PASSED] - result service data ke : 48

2022-11-22 16:24:09 - [TEST_STEP][PASSED] - logInfo($response2): {"result_konsumen":"Reject","result_pasangan":"","Final_result":"Reject","errorMessage":"","status":"Done"}

2022-11-22 16:24:09 - [MESSAGE][INFO] - {"result_konsumen":"Reject","result_pasangan":"","Final_result":"Reject","errorMessage":"","status":"Done"}

2022-11-22 16:24:09 - [TEST_STEP][PASSED] - verifyElementPropertyValue(scoring, "Final_result", final_result): Verify element property value successfully

2022-11-22 16:24:09 - [MESSAGE][PASSED] - Verify element property value successfully]]></system-out>
         <system-err><![CDATA[]]></system-err>
      </testcase>
      <testcase name="Test Cases/Engine_Scoring/Engine Scoring" time="4.658" classname="Test Cases/Engine_Scoring/Engine Scoring" status="PASSED">
         <system-out><![CDATA[2022-11-22 16:24:09 - [TEST_CASE][PASSED] - Test Cases/Engine_Scoring/Engine Scoring: Test Cases/Engine_Scoring/Engine Scoring

2022-11-22 16:24:10 - [TEST_STEP][PASSED] - markPassed("Variasi data ke : " + no): Variasi data ke : 49

2022-11-22 16:24:10 - [MESSAGE][PASSED] - Variasi data ke : 49

2022-11-22 16:24:10 - [TEST_STEP][PASSED] - req_data = sendRequest(findTestObject("Search_ME", ["MID":MID, "source":source, "ip":ip, "userid":userid, "branch":branch, "tipekons":tipekons, "marital":marital, "penjamin":penjamin, ... ])): Send request successfully

2022-11-22 16:24:10 - [MESSAGE][INFO] - HAR: D:\DMS\Engine Scoring\Reports\20221122_162012\Exclude KKB - DS\Scoring Individu - KKB\20221122_162012\requests\main\96.har

2022-11-22 16:24:10 - [MESSAGE][PASSED] - Send request successfully

2022-11-22 16:24:10 - [TEST_STEP][PASSED] - slurper = new groovy.json.JsonSlurper(): null

2022-11-22 16:24:10 - [TEST_STEP][PASSED] - result = slurper.parseText(req_data.getResponseBodyContent()): null

2022-11-22 16:24:10 - [TEST_STEP][PASSED] - reqid_kons = requestid1: null

2022-11-22 16:24:10 - [TEST_STEP][PASSED] - reqid_spouse = requestid2: null

2022-11-22 16:24:10 - [TEST_STEP][PASSED] - println("requestid kons : " + reqid_kons): null

2022-11-22 16:24:10 - [TEST_STEP][PASSED] - response_searchME_kons = reqid_kons: null

2022-11-22 16:24:10 - [TEST_STEP][PASSED] - response_searchME_spouse = reqid_spouse: null

2022-11-22 16:24:10 - [TEST_STEP][PASSED] - println("kons req id is :" + response_searchME_kons): null

2022-11-22 16:24:10 - [TEST_STEP][PASSED] - println("spouse req id is : " + response_searchME_spouse): null

2022-11-22 16:24:10 - [TEST_STEP][PASSED] - verifyResponseStatusCode(req_data, 200): Verify response status code successfully

2022-11-22 16:24:10 - [MESSAGE][PASSED] - Verify response status code successfully

2022-11-22 16:24:10 - [TEST_STEP][PASSED] - response = req_data.getResponseText(): null

2022-11-22 16:24:10 - [TEST_STEP][PASSED] - logInfo($response): {"status":"Done","data":{"requestid1":"242172","requestid2":""}}

2022-11-22 16:24:10 - [MESSAGE][INFO] - {"status":"Done","data":{"requestid1":"242172","requestid2":""}}

2022-11-22 16:24:10 - [TEST_STEP][PASSED] - delay(3): Delayed 3 second(s)

2022-11-22 16:24:13 - [MESSAGE][PASSED] - Delayed 3 second(s)

2022-11-22 16:24:13 - [TEST_STEP][PASSED] - scoring = sendRequest(findTestObject("EngineScore", ["response_searchME_kons":response_searchME_kons, "response_searchME_spouse":response_searchME_spouse])): Send request successfully

2022-11-22 16:24:13 - [MESSAGE][INFO] - HAR: D:\DMS\Engine Scoring\Reports\20221122_162012\Exclude KKB - DS\Scoring Individu - KKB\20221122_162012\requests\main\97.har

2022-11-22 16:24:13 - [MESSAGE][PASSED] - Send request successfully

2022-11-22 16:24:13 - [TEST_STEP][PASSED] - verifyResponseStatusCode(scoring, 200): Verify response status code successfully

2022-11-22 16:24:13 - [MESSAGE][PASSED] - Verify response status code successfully

2022-11-22 16:24:13 - [TEST_STEP][PASSED] - response2 = scoring.getResponseText(): null

2022-11-22 16:24:13 - [TEST_STEP][PASSED] - markPassed("result service data ke : " + no): result service data ke : 49

2022-11-22 16:24:13 - [MESSAGE][PASSED] - result service data ke : 49

2022-11-22 16:24:13 - [TEST_STEP][PASSED] - logInfo($response2): {"result_konsumen":"Approve","result_pasangan":"","Final_result":"Approve","errorMessage":"","status":"Done"}

2022-11-22 16:24:13 - [MESSAGE][INFO] - {"result_konsumen":"Approve","result_pasangan":"","Final_result":"Approve","errorMessage":"","status":"Done"}

2022-11-22 16:24:13 - [TEST_STEP][PASSED] - verifyElementPropertyValue(scoring, "Final_result", final_result): Verify element property value successfully

2022-11-22 16:24:13 - [MESSAGE][PASSED] - Verify element property value successfully]]></system-out>
         <system-err><![CDATA[]]></system-err>
      </testcase>
      <testcase name="Test Cases/Engine_Scoring/Engine Scoring" time="4.788" classname="Test Cases/Engine_Scoring/Engine Scoring" status="PASSED">
         <system-out><![CDATA[2022-11-22 16:24:13 - [TEST_CASE][PASSED] - Test Cases/Engine_Scoring/Engine Scoring: Test Cases/Engine_Scoring/Engine Scoring

2022-11-22 16:24:14 - [TEST_STEP][PASSED] - markPassed("Variasi data ke : " + no): Variasi data ke : 50

2022-11-22 16:24:14 - [MESSAGE][PASSED] - Variasi data ke : 50

2022-11-22 16:24:14 - [TEST_STEP][PASSED] - req_data = sendRequest(findTestObject("Search_ME", ["MID":MID, "source":source, "ip":ip, "userid":userid, "branch":branch, "tipekons":tipekons, "marital":marital, "penjamin":penjamin, ... ])): Send request successfully

2022-11-22 16:24:15 - [MESSAGE][INFO] - HAR: D:\DMS\Engine Scoring\Reports\20221122_162012\Exclude KKB - DS\Scoring Individu - KKB\20221122_162012\requests\main\98.har

2022-11-22 16:24:15 - [MESSAGE][PASSED] - Send request successfully

2022-11-22 16:24:15 - [TEST_STEP][PASSED] - slurper = new groovy.json.JsonSlurper(): null

2022-11-22 16:24:15 - [TEST_STEP][PASSED] - result = slurper.parseText(req_data.getResponseBodyContent()): null

2022-11-22 16:24:15 - [TEST_STEP][PASSED] - reqid_kons = requestid1: null

2022-11-22 16:24:15 - [TEST_STEP][PASSED] - reqid_spouse = requestid2: null

2022-11-22 16:24:15 - [TEST_STEP][PASSED] - println("requestid kons : " + reqid_kons): null

2022-11-22 16:24:15 - [TEST_STEP][PASSED] - response_searchME_kons = reqid_kons: null

2022-11-22 16:24:15 - [TEST_STEP][PASSED] - response_searchME_spouse = reqid_spouse: null

2022-11-22 16:24:15 - [TEST_STEP][PASSED] - println("kons req id is :" + response_searchME_kons): null

2022-11-22 16:24:15 - [TEST_STEP][PASSED] - println("spouse req id is : " + response_searchME_spouse): null

2022-11-22 16:24:15 - [TEST_STEP][PASSED] - verifyResponseStatusCode(req_data, 200): Verify response status code successfully

2022-11-22 16:24:15 - [MESSAGE][PASSED] - Verify response status code successfully

2022-11-22 16:24:15 - [TEST_STEP][PASSED] - response = req_data.getResponseText(): null

2022-11-22 16:24:15 - [TEST_STEP][PASSED] - logInfo($response): {"status":"Done","data":{"requestid1":"242173","requestid2":""}}

2022-11-22 16:24:15 - [MESSAGE][INFO] - {"status":"Done","data":{"requestid1":"242173","requestid2":""}}

2022-11-22 16:24:15 - [TEST_STEP][PASSED] - delay(3): Delayed 3 second(s)

2022-11-22 16:24:18 - [MESSAGE][PASSED] - Delayed 3 second(s)

2022-11-22 16:24:18 - [TEST_STEP][PASSED] - scoring = sendRequest(findTestObject("EngineScore", ["response_searchME_kons":response_searchME_kons, "response_searchME_spouse":response_searchME_spouse])): Send request successfully

2022-11-22 16:24:18 - [MESSAGE][INFO] - HAR: D:\DMS\Engine Scoring\Reports\20221122_162012\Exclude KKB - DS\Scoring Individu - KKB\20221122_162012\requests\main\99.har

2022-11-22 16:24:18 - [MESSAGE][PASSED] - Send request successfully

2022-11-22 16:24:18 - [TEST_STEP][PASSED] - verifyResponseStatusCode(scoring, 200): Verify response status code successfully

2022-11-22 16:24:18 - [MESSAGE][PASSED] - Verify response status code successfully

2022-11-22 16:24:18 - [TEST_STEP][PASSED] - response2 = scoring.getResponseText(): null

2022-11-22 16:24:18 - [TEST_STEP][PASSED] - markPassed("result service data ke : " + no): result service data ke : 50

2022-11-22 16:24:18 - [MESSAGE][PASSED] - result service data ke : 50

2022-11-22 16:24:18 - [TEST_STEP][PASSED] - logInfo($response2): {"result_konsumen":"Approve","result_pasangan":"","Final_result":"Approve","errorMessage":"","status":"Done"}

2022-11-22 16:24:18 - [MESSAGE][INFO] - {"result_konsumen":"Approve","result_pasangan":"","Final_result":"Approve","errorMessage":"","status":"Done"}

2022-11-22 16:24:18 - [TEST_STEP][PASSED] - verifyElementPropertyValue(scoring, "Final_result", final_result): Verify element property value successfully

2022-11-22 16:24:18 - [MESSAGE][PASSED] - Verify element property value successfully]]></system-out>
         <system-err><![CDATA[]]></system-err>
      </testcase>
      <testcase name="Test Cases/Engine_Scoring/Engine Scoring" time="4.747" classname="Test Cases/Engine_Scoring/Engine Scoring" status="PASSED">
         <system-out><![CDATA[2022-11-22 16:24:18 - [TEST_CASE][PASSED] - Test Cases/Engine_Scoring/Engine Scoring: Test Cases/Engine_Scoring/Engine Scoring

2022-11-22 16:24:19 - [TEST_STEP][PASSED] - markPassed("Variasi data ke : " + no): Variasi data ke : 51

2022-11-22 16:24:19 - [MESSAGE][PASSED] - Variasi data ke : 51

2022-11-22 16:24:19 - [TEST_STEP][PASSED] - req_data = sendRequest(findTestObject("Search_ME", ["MID":MID, "source":source, "ip":ip, "userid":userid, "branch":branch, "tipekons":tipekons, "marital":marital, "penjamin":penjamin, ... ])): Send request successfully

2022-11-22 16:24:20 - [MESSAGE][INFO] - HAR: D:\DMS\Engine Scoring\Reports\20221122_162012\Exclude KKB - DS\Scoring Individu - KKB\20221122_162012\requests\main\100.har

2022-11-22 16:24:20 - [MESSAGE][PASSED] - Send request successfully

2022-11-22 16:24:20 - [TEST_STEP][PASSED] - slurper = new groovy.json.JsonSlurper(): null

2022-11-22 16:24:20 - [TEST_STEP][PASSED] - result = slurper.parseText(req_data.getResponseBodyContent()): null

2022-11-22 16:24:20 - [TEST_STEP][PASSED] - reqid_kons = requestid1: null

2022-11-22 16:24:20 - [TEST_STEP][PASSED] - reqid_spouse = requestid2: null

2022-11-22 16:24:20 - [TEST_STEP][PASSED] - println("requestid kons : " + reqid_kons): null

2022-11-22 16:24:20 - [TEST_STEP][PASSED] - response_searchME_kons = reqid_kons: null

2022-11-22 16:24:20 - [TEST_STEP][PASSED] - response_searchME_spouse = reqid_spouse: null

2022-11-22 16:24:20 - [TEST_STEP][PASSED] - println("kons req id is :" + response_searchME_kons): null

2022-11-22 16:24:20 - [TEST_STEP][PASSED] - println("spouse req id is : " + response_searchME_spouse): null

2022-11-22 16:24:20 - [TEST_STEP][PASSED] - verifyResponseStatusCode(req_data, 200): Verify response status code successfully

2022-11-22 16:24:20 - [MESSAGE][PASSED] - Verify response status code successfully

2022-11-22 16:24:20 - [TEST_STEP][PASSED] - response = req_data.getResponseText(): null

2022-11-22 16:24:20 - [TEST_STEP][PASSED] - logInfo($response): {"status":"Done","data":{"requestid1":"242174","requestid2":""}}

2022-11-22 16:24:20 - [MESSAGE][INFO] - {"status":"Done","data":{"requestid1":"242174","requestid2":""}}

2022-11-22 16:24:20 - [TEST_STEP][PASSED] - delay(3): Delayed 3 second(s)

2022-11-22 16:24:23 - [MESSAGE][PASSED] - Delayed 3 second(s)

2022-11-22 16:24:23 - [TEST_STEP][PASSED] - scoring = sendRequest(findTestObject("EngineScore", ["response_searchME_kons":response_searchME_kons, "response_searchME_spouse":response_searchME_spouse])): Send request successfully

2022-11-22 16:24:23 - [MESSAGE][INFO] - HAR: D:\DMS\Engine Scoring\Reports\20221122_162012\Exclude KKB - DS\Scoring Individu - KKB\20221122_162012\requests\main\101.har

2022-11-22 16:24:23 - [MESSAGE][PASSED] - Send request successfully

2022-11-22 16:24:23 - [TEST_STEP][PASSED] - verifyResponseStatusCode(scoring, 200): Verify response status code successfully

2022-11-22 16:24:23 - [MESSAGE][PASSED] - Verify response status code successfully

2022-11-22 16:24:23 - [TEST_STEP][PASSED] - response2 = scoring.getResponseText(): null

2022-11-22 16:24:23 - [TEST_STEP][PASSED] - markPassed("result service data ke : " + no): result service data ke : 51

2022-11-22 16:24:23 - [MESSAGE][PASSED] - result service data ke : 51

2022-11-22 16:24:23 - [TEST_STEP][PASSED] - logInfo($response2): {"result_konsumen":"Approve","result_pasangan":"","Final_result":"Approve","errorMessage":"","status":"Done"}

2022-11-22 16:24:23 - [MESSAGE][INFO] - {"result_konsumen":"Approve","result_pasangan":"","Final_result":"Approve","errorMessage":"","status":"Done"}

2022-11-22 16:24:23 - [TEST_STEP][PASSED] - verifyElementPropertyValue(scoring, "Final_result", final_result): Verify element property value successfully

2022-11-22 16:24:23 - [MESSAGE][PASSED] - Verify element property value successfully]]></system-out>
         <system-err><![CDATA[]]></system-err>
      </testcase>
      <testcase name="Test Cases/Engine_Scoring/Engine Scoring" time="4.904" classname="Test Cases/Engine_Scoring/Engine Scoring" status="PASSED">
         <system-out><![CDATA[2022-11-22 16:24:23 - [TEST_CASE][PASSED] - Test Cases/Engine_Scoring/Engine Scoring: Test Cases/Engine_Scoring/Engine Scoring

2022-11-22 16:24:24 - [TEST_STEP][PASSED] - markPassed("Variasi data ke : " + no): Variasi data ke : 52

2022-11-22 16:24:24 - [MESSAGE][PASSED] - Variasi data ke : 52

2022-11-22 16:24:24 - [TEST_STEP][PASSED] - req_data = sendRequest(findTestObject("Search_ME", ["MID":MID, "source":source, "ip":ip, "userid":userid, "branch":branch, "tipekons":tipekons, "marital":marital, "penjamin":penjamin, ... ])): Send request successfully

2022-11-22 16:24:25 - [MESSAGE][INFO] - HAR: D:\DMS\Engine Scoring\Reports\20221122_162012\Exclude KKB - DS\Scoring Individu - KKB\20221122_162012\requests\main\102.har

2022-11-22 16:24:25 - [MESSAGE][PASSED] - Send request successfully

2022-11-22 16:24:25 - [TEST_STEP][PASSED] - slurper = new groovy.json.JsonSlurper(): null

2022-11-22 16:24:25 - [TEST_STEP][PASSED] - result = slurper.parseText(req_data.getResponseBodyContent()): null

2022-11-22 16:24:25 - [TEST_STEP][PASSED] - reqid_kons = requestid1: null

2022-11-22 16:24:25 - [TEST_STEP][PASSED] - reqid_spouse = requestid2: null

2022-11-22 16:24:25 - [TEST_STEP][PASSED] - println("requestid kons : " + reqid_kons): null

2022-11-22 16:24:25 - [TEST_STEP][PASSED] - response_searchME_kons = reqid_kons: null

2022-11-22 16:24:25 - [TEST_STEP][PASSED] - response_searchME_spouse = reqid_spouse: null

2022-11-22 16:24:25 - [TEST_STEP][PASSED] - println("kons req id is :" + response_searchME_kons): null

2022-11-22 16:24:25 - [TEST_STEP][PASSED] - println("spouse req id is : " + response_searchME_spouse): null

2022-11-22 16:24:25 - [TEST_STEP][PASSED] - verifyResponseStatusCode(req_data, 200): Verify response status code successfully

2022-11-22 16:24:25 - [MESSAGE][PASSED] - Verify response status code successfully

2022-11-22 16:24:25 - [TEST_STEP][PASSED] - response = req_data.getResponseText(): null

2022-11-22 16:24:25 - [TEST_STEP][PASSED] - logInfo($response): {"status":"Done","data":{"requestid1":"242175","requestid2":""}}

2022-11-22 16:24:25 - [MESSAGE][INFO] - {"status":"Done","data":{"requestid1":"242175","requestid2":""}}

2022-11-22 16:24:25 - [TEST_STEP][PASSED] - delay(3): Delayed 3 second(s)

2022-11-22 16:24:28 - [MESSAGE][PASSED] - Delayed 3 second(s)

2022-11-22 16:24:28 - [TEST_STEP][PASSED] - scoring = sendRequest(findTestObject("EngineScore", ["response_searchME_kons":response_searchME_kons, "response_searchME_spouse":response_searchME_spouse])): Send request successfully

2022-11-22 16:24:28 - [MESSAGE][INFO] - HAR: D:\DMS\Engine Scoring\Reports\20221122_162012\Exclude KKB - DS\Scoring Individu - KKB\20221122_162012\requests\main\103.har

2022-11-22 16:24:28 - [MESSAGE][PASSED] - Send request successfully

2022-11-22 16:24:28 - [TEST_STEP][PASSED] - verifyResponseStatusCode(scoring, 200): Verify response status code successfully

2022-11-22 16:24:28 - [MESSAGE][PASSED] - Verify response status code successfully

2022-11-22 16:24:28 - [TEST_STEP][PASSED] - response2 = scoring.getResponseText(): null

2022-11-22 16:24:28 - [TEST_STEP][PASSED] - markPassed("result service data ke : " + no): result service data ke : 52

2022-11-22 16:24:28 - [MESSAGE][PASSED] - result service data ke : 52

2022-11-22 16:24:28 - [TEST_STEP][PASSED] - logInfo($response2): {"result_konsumen":"Approve","result_pasangan":"","Final_result":"Approve","errorMessage":"","status":"Done"}

2022-11-22 16:24:28 - [MESSAGE][INFO] - {"result_konsumen":"Approve","result_pasangan":"","Final_result":"Approve","errorMessage":"","status":"Done"}

2022-11-22 16:24:28 - [TEST_STEP][PASSED] - verifyElementPropertyValue(scoring, "Final_result", final_result): Verify element property value successfully

2022-11-22 16:24:28 - [MESSAGE][PASSED] - Verify element property value successfully]]></system-out>
         <system-err><![CDATA[]]></system-err>
      </testcase>
      <testcase name="Test Cases/Engine_Scoring/Engine Scoring" time="4.615" classname="Test Cases/Engine_Scoring/Engine Scoring" status="PASSED">
         <system-out><![CDATA[2022-11-22 16:24:28 - [TEST_CASE][PASSED] - Test Cases/Engine_Scoring/Engine Scoring: Test Cases/Engine_Scoring/Engine Scoring

2022-11-22 16:24:29 - [TEST_STEP][PASSED] - markPassed("Variasi data ke : " + no): Variasi data ke : 53

2022-11-22 16:24:29 - [MESSAGE][PASSED] - Variasi data ke : 53

2022-11-22 16:24:29 - [TEST_STEP][PASSED] - req_data = sendRequest(findTestObject("Search_ME", ["MID":MID, "source":source, "ip":ip, "userid":userid, "branch":branch, "tipekons":tipekons, "marital":marital, "penjamin":penjamin, ... ])): Send request successfully

2022-11-22 16:24:29 - [MESSAGE][INFO] - HAR: D:\DMS\Engine Scoring\Reports\20221122_162012\Exclude KKB - DS\Scoring Individu - KKB\20221122_162012\requests\main\104.har

2022-11-22 16:24:29 - [MESSAGE][PASSED] - Send request successfully

2022-11-22 16:24:29 - [TEST_STEP][PASSED] - slurper = new groovy.json.JsonSlurper(): null

2022-11-22 16:24:29 - [TEST_STEP][PASSED] - result = slurper.parseText(req_data.getResponseBodyContent()): null

2022-11-22 16:24:29 - [TEST_STEP][PASSED] - reqid_kons = requestid1: null

2022-11-22 16:24:29 - [TEST_STEP][PASSED] - reqid_spouse = requestid2: null

2022-11-22 16:24:29 - [TEST_STEP][PASSED] - println("requestid kons : " + reqid_kons): null

2022-11-22 16:24:29 - [TEST_STEP][PASSED] - response_searchME_kons = reqid_kons: null

2022-11-22 16:24:29 - [TEST_STEP][PASSED] - response_searchME_spouse = reqid_spouse: null

2022-11-22 16:24:29 - [TEST_STEP][PASSED] - println("kons req id is :" + response_searchME_kons): null

2022-11-22 16:24:29 - [TEST_STEP][PASSED] - println("spouse req id is : " + response_searchME_spouse): null

2022-11-22 16:24:29 - [TEST_STEP][PASSED] - verifyResponseStatusCode(req_data, 200): Verify response status code successfully

2022-11-22 16:24:29 - [MESSAGE][PASSED] - Verify response status code successfully

2022-11-22 16:24:29 - [TEST_STEP][PASSED] - response = req_data.getResponseText(): null

2022-11-22 16:24:29 - [TEST_STEP][PASSED] - logInfo($response): {"status":"Done","data":{"requestid1":"242176","requestid2":""}}

2022-11-22 16:24:29 - [MESSAGE][INFO] - {"status":"Done","data":{"requestid1":"242176","requestid2":""}}

2022-11-22 16:24:29 - [TEST_STEP][PASSED] - delay(3): Delayed 3 second(s)

2022-11-22 16:24:33 - [MESSAGE][PASSED] - Delayed 3 second(s)

2022-11-22 16:24:33 - [TEST_STEP][PASSED] - scoring = sendRequest(findTestObject("EngineScore", ["response_searchME_kons":response_searchME_kons, "response_searchME_spouse":response_searchME_spouse])): Send request successfully

2022-11-22 16:24:33 - [MESSAGE][INFO] - HAR: D:\DMS\Engine Scoring\Reports\20221122_162012\Exclude KKB - DS\Scoring Individu - KKB\20221122_162012\requests\main\105.har

2022-11-22 16:24:33 - [MESSAGE][PASSED] - Send request successfully

2022-11-22 16:24:33 - [TEST_STEP][PASSED] - verifyResponseStatusCode(scoring, 200): Verify response status code successfully

2022-11-22 16:24:33 - [MESSAGE][PASSED] - Verify response status code successfully

2022-11-22 16:24:33 - [TEST_STEP][PASSED] - response2 = scoring.getResponseText(): null

2022-11-22 16:24:33 - [TEST_STEP][PASSED] - markPassed("result service data ke : " + no): result service data ke : 53

2022-11-22 16:24:33 - [MESSAGE][PASSED] - result service data ke : 53

2022-11-22 16:24:33 - [TEST_STEP][PASSED] - logInfo($response2): {"result_konsumen":"Reject","result_pasangan":"","Final_result":"Reject","errorMessage":"","status":"Done"}

2022-11-22 16:24:33 - [MESSAGE][INFO] - {"result_konsumen":"Reject","result_pasangan":"","Final_result":"Reject","errorMessage":"","status":"Done"}

2022-11-22 16:24:33 - [TEST_STEP][PASSED] - verifyElementPropertyValue(scoring, "Final_result", final_result): Verify element property value successfully

2022-11-22 16:24:33 - [MESSAGE][PASSED] - Verify element property value successfully]]></system-out>
         <system-err><![CDATA[]]></system-err>
      </testcase>
      <testcase name="Test Cases/Engine_Scoring/Engine Scoring" time="4.692" classname="Test Cases/Engine_Scoring/Engine Scoring" status="PASSED">
         <system-out><![CDATA[2022-11-22 16:24:33 - [TEST_CASE][PASSED] - Test Cases/Engine_Scoring/Engine Scoring: Test Cases/Engine_Scoring/Engine Scoring

2022-11-22 16:24:33 - [TEST_STEP][PASSED] - markPassed("Variasi data ke : " + no): Variasi data ke : 54

2022-11-22 16:24:33 - [MESSAGE][PASSED] - Variasi data ke : 54

2022-11-22 16:24:33 - [TEST_STEP][PASSED] - req_data = sendRequest(findTestObject("Search_ME", ["MID":MID, "source":source, "ip":ip, "userid":userid, "branch":branch, "tipekons":tipekons, "marital":marital, "penjamin":penjamin, ... ])): Send request successfully

2022-11-22 16:24:34 - [MESSAGE][INFO] - HAR: D:\DMS\Engine Scoring\Reports\20221122_162012\Exclude KKB - DS\Scoring Individu - KKB\20221122_162012\requests\main\106.har

2022-11-22 16:24:34 - [MESSAGE][PASSED] - Send request successfully

2022-11-22 16:24:34 - [TEST_STEP][PASSED] - slurper = new groovy.json.JsonSlurper(): null

2022-11-22 16:24:34 - [TEST_STEP][PASSED] - result = slurper.parseText(req_data.getResponseBodyContent()): null

2022-11-22 16:24:34 - [TEST_STEP][PASSED] - reqid_kons = requestid1: null

2022-11-22 16:24:34 - [TEST_STEP][PASSED] - reqid_spouse = requestid2: null

2022-11-22 16:24:34 - [TEST_STEP][PASSED] - println("requestid kons : " + reqid_kons): null

2022-11-22 16:24:34 - [TEST_STEP][PASSED] - response_searchME_kons = reqid_kons: null

2022-11-22 16:24:34 - [TEST_STEP][PASSED] - response_searchME_spouse = reqid_spouse: null

2022-11-22 16:24:34 - [TEST_STEP][PASSED] - println("kons req id is :" + response_searchME_kons): null

2022-11-22 16:24:34 - [TEST_STEP][PASSED] - println("spouse req id is : " + response_searchME_spouse): null

2022-11-22 16:24:34 - [TEST_STEP][PASSED] - verifyResponseStatusCode(req_data, 200): Verify response status code successfully

2022-11-22 16:24:34 - [MESSAGE][PASSED] - Verify response status code successfully

2022-11-22 16:24:34 - [TEST_STEP][PASSED] - response = req_data.getResponseText(): null

2022-11-22 16:24:34 - [TEST_STEP][PASSED] - logInfo($response): {"status":"Done","data":{"requestid1":"242177","requestid2":""}}

2022-11-22 16:24:34 - [MESSAGE][INFO] - {"status":"Done","data":{"requestid1":"242177","requestid2":""}}

2022-11-22 16:24:34 - [TEST_STEP][PASSED] - delay(3): Delayed 3 second(s)

2022-11-22 16:24:37 - [MESSAGE][PASSED] - Delayed 3 second(s)

2022-11-22 16:24:37 - [TEST_STEP][PASSED] - scoring = sendRequest(findTestObject("EngineScore", ["response_searchME_kons":response_searchME_kons, "response_searchME_spouse":response_searchME_spouse])): Send request successfully

2022-11-22 16:24:37 - [MESSAGE][INFO] - HAR: D:\DMS\Engine Scoring\Reports\20221122_162012\Exclude KKB - DS\Scoring Individu - KKB\20221122_162012\requests\main\107.har

2022-11-22 16:24:37 - [MESSAGE][PASSED] - Send request successfully

2022-11-22 16:24:37 - [TEST_STEP][PASSED] - verifyResponseStatusCode(scoring, 200): Verify response status code successfully

2022-11-22 16:24:37 - [MESSAGE][PASSED] - Verify response status code successfully

2022-11-22 16:24:37 - [TEST_STEP][PASSED] - response2 = scoring.getResponseText(): null

2022-11-22 16:24:37 - [TEST_STEP][PASSED] - markPassed("result service data ke : " + no): result service data ke : 54

2022-11-22 16:24:37 - [MESSAGE][PASSED] - result service data ke : 54

2022-11-22 16:24:37 - [TEST_STEP][PASSED] - logInfo($response2): {"result_konsumen":"Reject","result_pasangan":"","Final_result":"Reject","errorMessage":"","status":"Done"}

2022-11-22 16:24:37 - [MESSAGE][INFO] - {"result_konsumen":"Reject","result_pasangan":"","Final_result":"Reject","errorMessage":"","status":"Done"}

2022-11-22 16:24:37 - [TEST_STEP][PASSED] - verifyElementPropertyValue(scoring, "Final_result", final_result): Verify element property value successfully

2022-11-22 16:24:37 - [MESSAGE][PASSED] - Verify element property value successfully]]></system-out>
         <system-err><![CDATA[]]></system-err>
      </testcase>
      <testcase name="Test Cases/Engine_Scoring/Engine Scoring" time="4.722" classname="Test Cases/Engine_Scoring/Engine Scoring" status="PASSED">
         <system-out><![CDATA[2022-11-22 16:24:37 - [TEST_CASE][PASSED] - Test Cases/Engine_Scoring/Engine Scoring: Test Cases/Engine_Scoring/Engine Scoring

2022-11-22 16:24:38 - [TEST_STEP][PASSED] - markPassed("Variasi data ke : " + no): Variasi data ke : 55

2022-11-22 16:24:38 - [MESSAGE][PASSED] - Variasi data ke : 55

2022-11-22 16:24:38 - [TEST_STEP][PASSED] - req_data = sendRequest(findTestObject("Search_ME", ["MID":MID, "source":source, "ip":ip, "userid":userid, "branch":branch, "tipekons":tipekons, "marital":marital, "penjamin":penjamin, ... ])): Send request successfully

2022-11-22 16:24:39 - [MESSAGE][INFO] - HAR: D:\DMS\Engine Scoring\Reports\20221122_162012\Exclude KKB - DS\Scoring Individu - KKB\20221122_162012\requests\main\108.har

2022-11-22 16:24:39 - [MESSAGE][PASSED] - Send request successfully

2022-11-22 16:24:39 - [TEST_STEP][PASSED] - slurper = new groovy.json.JsonSlurper(): null

2022-11-22 16:24:39 - [TEST_STEP][PASSED] - result = slurper.parseText(req_data.getResponseBodyContent()): null

2022-11-22 16:24:39 - [TEST_STEP][PASSED] - reqid_kons = requestid1: null

2022-11-22 16:24:39 - [TEST_STEP][PASSED] - reqid_spouse = requestid2: null

2022-11-22 16:24:39 - [TEST_STEP][PASSED] - println("requestid kons : " + reqid_kons): null

2022-11-22 16:24:39 - [TEST_STEP][PASSED] - response_searchME_kons = reqid_kons: null

2022-11-22 16:24:39 - [TEST_STEP][PASSED] - response_searchME_spouse = reqid_spouse: null

2022-11-22 16:24:39 - [TEST_STEP][PASSED] - println("kons req id is :" + response_searchME_kons): null

2022-11-22 16:24:39 - [TEST_STEP][PASSED] - println("spouse req id is : " + response_searchME_spouse): null

2022-11-22 16:24:39 - [TEST_STEP][PASSED] - verifyResponseStatusCode(req_data, 200): Verify response status code successfully

2022-11-22 16:24:39 - [MESSAGE][PASSED] - Verify response status code successfully

2022-11-22 16:24:39 - [TEST_STEP][PASSED] - response = req_data.getResponseText(): null

2022-11-22 16:24:39 - [TEST_STEP][PASSED] - logInfo($response): {"status":"Done","data":{"requestid1":"242178","requestid2":""}}

2022-11-22 16:24:39 - [MESSAGE][INFO] - {"status":"Done","data":{"requestid1":"242178","requestid2":""}}

2022-11-22 16:24:39 - [TEST_STEP][PASSED] - delay(3): Delayed 3 second(s)

2022-11-22 16:24:42 - [MESSAGE][PASSED] - Delayed 3 second(s)

2022-11-22 16:24:42 - [TEST_STEP][PASSED] - scoring = sendRequest(findTestObject("EngineScore", ["response_searchME_kons":response_searchME_kons, "response_searchME_spouse":response_searchME_spouse])): Send request successfully

2022-11-22 16:24:42 - [MESSAGE][INFO] - HAR: D:\DMS\Engine Scoring\Reports\20221122_162012\Exclude KKB - DS\Scoring Individu - KKB\20221122_162012\requests\main\109.har

2022-11-22 16:24:42 - [MESSAGE][PASSED] - Send request successfully

2022-11-22 16:24:42 - [TEST_STEP][PASSED] - verifyResponseStatusCode(scoring, 200): Verify response status code successfully

2022-11-22 16:24:42 - [MESSAGE][PASSED] - Verify response status code successfully

2022-11-22 16:24:42 - [TEST_STEP][PASSED] - response2 = scoring.getResponseText(): null

2022-11-22 16:24:42 - [TEST_STEP][PASSED] - markPassed("result service data ke : " + no): result service data ke : 55

2022-11-22 16:24:42 - [MESSAGE][PASSED] - result service data ke : 55

2022-11-22 16:24:42 - [TEST_STEP][PASSED] - logInfo($response2): {"result_konsumen":"Reguler","result_pasangan":"","Final_result":"Reguler","errorMessage":"","status":"Done"}

2022-11-22 16:24:42 - [MESSAGE][INFO] - {"result_konsumen":"Reguler","result_pasangan":"","Final_result":"Reguler","errorMessage":"","status":"Done"}

2022-11-22 16:24:42 - [TEST_STEP][PASSED] - verifyElementPropertyValue(scoring, "Final_result", final_result): Verify element property value successfully

2022-11-22 16:24:42 - [MESSAGE][PASSED] - Verify element property value successfully]]></system-out>
         <system-err><![CDATA[]]></system-err>
      </testcase>
      <testcase name="Test Cases/Engine_Scoring/Engine Scoring" time="4.867" classname="Test Cases/Engine_Scoring/Engine Scoring" status="PASSED">
         <system-out><![CDATA[2022-11-22 16:24:42 - [TEST_CASE][PASSED] - Test Cases/Engine_Scoring/Engine Scoring: Test Cases/Engine_Scoring/Engine Scoring

2022-11-22 16:24:43 - [TEST_STEP][PASSED] - markPassed("Variasi data ke : " + no): Variasi data ke : 56

2022-11-22 16:24:43 - [MESSAGE][PASSED] - Variasi data ke : 56

2022-11-22 16:24:43 - [TEST_STEP][PASSED] - req_data = sendRequest(findTestObject("Search_ME", ["MID":MID, "source":source, "ip":ip, "userid":userid, "branch":branch, "tipekons":tipekons, "marital":marital, "penjamin":penjamin, ... ])): Send request successfully

2022-11-22 16:24:44 - [MESSAGE][INFO] - HAR: D:\DMS\Engine Scoring\Reports\20221122_162012\Exclude KKB - DS\Scoring Individu - KKB\20221122_162012\requests\main\110.har

2022-11-22 16:24:44 - [MESSAGE][PASSED] - Send request successfully

2022-11-22 16:24:44 - [TEST_STEP][PASSED] - slurper = new groovy.json.JsonSlurper(): null

2022-11-22 16:24:44 - [TEST_STEP][PASSED] - result = slurper.parseText(req_data.getResponseBodyContent()): null

2022-11-22 16:24:44 - [TEST_STEP][PASSED] - reqid_kons = requestid1: null

2022-11-22 16:24:44 - [TEST_STEP][PASSED] - reqid_spouse = requestid2: null

2022-11-22 16:24:44 - [TEST_STEP][PASSED] - println("requestid kons : " + reqid_kons): null

2022-11-22 16:24:44 - [TEST_STEP][PASSED] - response_searchME_kons = reqid_kons: null

2022-11-22 16:24:44 - [TEST_STEP][PASSED] - response_searchME_spouse = reqid_spouse: null

2022-11-22 16:24:44 - [TEST_STEP][PASSED] - println("kons req id is :" + response_searchME_kons): null

2022-11-22 16:24:44 - [TEST_STEP][PASSED] - println("spouse req id is : " + response_searchME_spouse): null

2022-11-22 16:24:44 - [TEST_STEP][PASSED] - verifyResponseStatusCode(req_data, 200): Verify response status code successfully

2022-11-22 16:24:44 - [MESSAGE][PASSED] - Verify response status code successfully

2022-11-22 16:24:44 - [TEST_STEP][PASSED] - response = req_data.getResponseText(): null

2022-11-22 16:24:44 - [TEST_STEP][PASSED] - logInfo($response): {"status":"Done","data":{"requestid1":"242179","requestid2":""}}

2022-11-22 16:24:44 - [MESSAGE][INFO] - {"status":"Done","data":{"requestid1":"242179","requestid2":""}}

2022-11-22 16:24:44 - [TEST_STEP][PASSED] - delay(3): Delayed 3 second(s)

2022-11-22 16:24:47 - [MESSAGE][PASSED] - Delayed 3 second(s)

2022-11-22 16:24:47 - [TEST_STEP][PASSED] - scoring = sendRequest(findTestObject("EngineScore", ["response_searchME_kons":response_searchME_kons, "response_searchME_spouse":response_searchME_spouse])): Send request successfully

2022-11-22 16:24:47 - [MESSAGE][INFO] - HAR: D:\DMS\Engine Scoring\Reports\20221122_162012\Exclude KKB - DS\Scoring Individu - KKB\20221122_162012\requests\main\111.har

2022-11-22 16:24:47 - [MESSAGE][PASSED] - Send request successfully

2022-11-22 16:24:47 - [TEST_STEP][PASSED] - verifyResponseStatusCode(scoring, 200): Verify response status code successfully

2022-11-22 16:24:47 - [MESSAGE][PASSED] - Verify response status code successfully

2022-11-22 16:24:47 - [TEST_STEP][PASSED] - response2 = scoring.getResponseText(): null

2022-11-22 16:24:47 - [TEST_STEP][PASSED] - markPassed("result service data ke : " + no): result service data ke : 56

2022-11-22 16:24:47 - [MESSAGE][PASSED] - result service data ke : 56

2022-11-22 16:24:47 - [TEST_STEP][PASSED] - logInfo($response2): {"result_konsumen":"Reguler","result_pasangan":"","Final_result":"Reguler","errorMessage":"","status":"Done"}

2022-11-22 16:24:47 - [MESSAGE][INFO] - {"result_konsumen":"Reguler","result_pasangan":"","Final_result":"Reguler","errorMessage":"","status":"Done"}

2022-11-22 16:24:47 - [TEST_STEP][PASSED] - verifyElementPropertyValue(scoring, "Final_result", final_result): Verify element property value successfully

2022-11-22 16:24:47 - [MESSAGE][PASSED] - Verify element property value successfully]]></system-out>
         <system-err><![CDATA[]]></system-err>
      </testcase>
      <testcase name="Test Cases/Engine_Scoring/Engine Scoring" time="4.888" classname="Test Cases/Engine_Scoring/Engine Scoring" status="PASSED">
         <system-out><![CDATA[2022-11-22 16:24:47 - [TEST_CASE][PASSED] - Test Cases/Engine_Scoring/Engine Scoring: Test Cases/Engine_Scoring/Engine Scoring

2022-11-22 16:24:48 - [TEST_STEP][PASSED] - markPassed("Variasi data ke : " + no): Variasi data ke : 57

2022-11-22 16:24:48 - [MESSAGE][PASSED] - Variasi data ke : 57

2022-11-22 16:24:48 - [TEST_STEP][PASSED] - req_data = sendRequest(findTestObject("Search_ME", ["MID":MID, "source":source, "ip":ip, "userid":userid, "branch":branch, "tipekons":tipekons, "marital":marital, "penjamin":penjamin, ... ])): Send request successfully

2022-11-22 16:24:49 - [MESSAGE][INFO] - HAR: D:\DMS\Engine Scoring\Reports\20221122_162012\Exclude KKB - DS\Scoring Individu - KKB\20221122_162012\requests\main\112.har

2022-11-22 16:24:49 - [MESSAGE][PASSED] - Send request successfully

2022-11-22 16:24:49 - [TEST_STEP][PASSED] - slurper = new groovy.json.JsonSlurper(): null

2022-11-22 16:24:49 - [TEST_STEP][PASSED] - result = slurper.parseText(req_data.getResponseBodyContent()): null

2022-11-22 16:24:49 - [TEST_STEP][PASSED] - reqid_kons = requestid1: null

2022-11-22 16:24:49 - [TEST_STEP][PASSED] - reqid_spouse = requestid2: null

2022-11-22 16:24:49 - [TEST_STEP][PASSED] - println("requestid kons : " + reqid_kons): null

2022-11-22 16:24:49 - [TEST_STEP][PASSED] - response_searchME_kons = reqid_kons: null

2022-11-22 16:24:49 - [TEST_STEP][PASSED] - response_searchME_spouse = reqid_spouse: null

2022-11-22 16:24:49 - [TEST_STEP][PASSED] - println("kons req id is :" + response_searchME_kons): null

2022-11-22 16:24:49 - [TEST_STEP][PASSED] - println("spouse req id is : " + response_searchME_spouse): null

2022-11-22 16:24:49 - [TEST_STEP][PASSED] - verifyResponseStatusCode(req_data, 200): Verify response status code successfully

2022-11-22 16:24:49 - [MESSAGE][PASSED] - Verify response status code successfully

2022-11-22 16:24:49 - [TEST_STEP][PASSED] - response = req_data.getResponseText(): null

2022-11-22 16:24:49 - [TEST_STEP][PASSED] - logInfo($response): {"status":"Done","data":{"requestid1":"242180","requestid2":""}}

2022-11-22 16:24:49 - [MESSAGE][INFO] - {"status":"Done","data":{"requestid1":"242180","requestid2":""}}

2022-11-22 16:24:49 - [TEST_STEP][PASSED] - delay(3): Delayed 3 second(s)

2022-11-22 16:24:52 - [MESSAGE][PASSED] - Delayed 3 second(s)

2022-11-22 16:24:52 - [TEST_STEP][PASSED] - scoring = sendRequest(findTestObject("EngineScore", ["response_searchME_kons":response_searchME_kons, "response_searchME_spouse":response_searchME_spouse])): Send request successfully

2022-11-22 16:24:52 - [MESSAGE][INFO] - HAR: D:\DMS\Engine Scoring\Reports\20221122_162012\Exclude KKB - DS\Scoring Individu - KKB\20221122_162012\requests\main\113.har

2022-11-22 16:24:52 - [MESSAGE][PASSED] - Send request successfully

2022-11-22 16:24:52 - [TEST_STEP][PASSED] - verifyResponseStatusCode(scoring, 200): Verify response status code successfully

2022-11-22 16:24:52 - [MESSAGE][PASSED] - Verify response status code successfully

2022-11-22 16:24:52 - [TEST_STEP][PASSED] - response2 = scoring.getResponseText(): null

2022-11-22 16:24:52 - [TEST_STEP][PASSED] - markPassed("result service data ke : " + no): result service data ke : 57

2022-11-22 16:24:52 - [MESSAGE][PASSED] - result service data ke : 57

2022-11-22 16:24:52 - [TEST_STEP][PASSED] - logInfo($response2): {"result_konsumen":"Reguler","result_pasangan":"","Final_result":"Reguler","errorMessage":"","status":"Done"}

2022-11-22 16:24:52 - [MESSAGE][INFO] - {"result_konsumen":"Reguler","result_pasangan":"","Final_result":"Reguler","errorMessage":"","status":"Done"}

2022-11-22 16:24:52 - [TEST_STEP][PASSED] - verifyElementPropertyValue(scoring, "Final_result", final_result): Verify element property value successfully

2022-11-22 16:24:52 - [MESSAGE][PASSED] - Verify element property value successfully]]></system-out>
         <system-err><![CDATA[]]></system-err>
      </testcase>
      <testcase name="Test Cases/Engine_Scoring/Engine Scoring" time="4.737" classname="Test Cases/Engine_Scoring/Engine Scoring" status="PASSED">
         <system-out><![CDATA[2022-11-22 16:24:52 - [TEST_CASE][PASSED] - Test Cases/Engine_Scoring/Engine Scoring: Test Cases/Engine_Scoring/Engine Scoring

2022-11-22 16:24:53 - [TEST_STEP][PASSED] - markPassed("Variasi data ke : " + no): Variasi data ke : 58

2022-11-22 16:24:53 - [MESSAGE][PASSED] - Variasi data ke : 58

2022-11-22 16:24:53 - [TEST_STEP][PASSED] - req_data = sendRequest(findTestObject("Search_ME", ["MID":MID, "source":source, "ip":ip, "userid":userid, "branch":branch, "tipekons":tipekons, "marital":marital, "penjamin":penjamin, ... ])): Send request successfully

2022-11-22 16:24:54 - [MESSAGE][INFO] - HAR: D:\DMS\Engine Scoring\Reports\20221122_162012\Exclude KKB - DS\Scoring Individu - KKB\20221122_162012\requests\main\114.har

2022-11-22 16:24:54 - [MESSAGE][PASSED] - Send request successfully

2022-11-22 16:24:54 - [TEST_STEP][PASSED] - slurper = new groovy.json.JsonSlurper(): null

2022-11-22 16:24:54 - [TEST_STEP][PASSED] - result = slurper.parseText(req_data.getResponseBodyContent()): null

2022-11-22 16:24:54 - [TEST_STEP][PASSED] - reqid_kons = requestid1: null

2022-11-22 16:24:54 - [TEST_STEP][PASSED] - reqid_spouse = requestid2: null

2022-11-22 16:24:54 - [TEST_STEP][PASSED] - println("requestid kons : " + reqid_kons): null

2022-11-22 16:24:54 - [TEST_STEP][PASSED] - response_searchME_kons = reqid_kons: null

2022-11-22 16:24:54 - [TEST_STEP][PASSED] - response_searchME_spouse = reqid_spouse: null

2022-11-22 16:24:54 - [TEST_STEP][PASSED] - println("kons req id is :" + response_searchME_kons): null

2022-11-22 16:24:54 - [TEST_STEP][PASSED] - println("spouse req id is : " + response_searchME_spouse): null

2022-11-22 16:24:54 - [TEST_STEP][PASSED] - verifyResponseStatusCode(req_data, 200): Verify response status code successfully

2022-11-22 16:24:54 - [MESSAGE][PASSED] - Verify response status code successfully

2022-11-22 16:24:54 - [TEST_STEP][PASSED] - response = req_data.getResponseText(): null

2022-11-22 16:24:54 - [TEST_STEP][PASSED] - logInfo($response): {"status":"Done","data":{"requestid1":"242181","requestid2":""}}

2022-11-22 16:24:54 - [MESSAGE][INFO] - {"status":"Done","data":{"requestid1":"242181","requestid2":""}}

2022-11-22 16:24:54 - [TEST_STEP][PASSED] - delay(3): Delayed 3 second(s)

2022-11-22 16:24:57 - [MESSAGE][PASSED] - Delayed 3 second(s)

2022-11-22 16:24:57 - [TEST_STEP][PASSED] - scoring = sendRequest(findTestObject("EngineScore", ["response_searchME_kons":response_searchME_kons, "response_searchME_spouse":response_searchME_spouse])): Send request successfully

2022-11-22 16:24:57 - [MESSAGE][INFO] - HAR: D:\DMS\Engine Scoring\Reports\20221122_162012\Exclude KKB - DS\Scoring Individu - KKB\20221122_162012\requests\main\115.har

2022-11-22 16:24:57 - [MESSAGE][PASSED] - Send request successfully

2022-11-22 16:24:57 - [TEST_STEP][PASSED] - verifyResponseStatusCode(scoring, 200): Verify response status code successfully

2022-11-22 16:24:57 - [MESSAGE][PASSED] - Verify response status code successfully

2022-11-22 16:24:57 - [TEST_STEP][PASSED] - response2 = scoring.getResponseText(): null

2022-11-22 16:24:57 - [TEST_STEP][PASSED] - markPassed("result service data ke : " + no): result service data ke : 58

2022-11-22 16:24:57 - [MESSAGE][PASSED] - result service data ke : 58

2022-11-22 16:24:57 - [TEST_STEP][PASSED] - logInfo($response2): {"result_konsumen":"Reguler","result_pasangan":"","Final_result":"Reguler","errorMessage":"","status":"Done"}

2022-11-22 16:24:57 - [MESSAGE][INFO] - {"result_konsumen":"Reguler","result_pasangan":"","Final_result":"Reguler","errorMessage":"","status":"Done"}

2022-11-22 16:24:57 - [TEST_STEP][PASSED] - verifyElementPropertyValue(scoring, "Final_result", final_result): Verify element property value successfully

2022-11-22 16:24:57 - [MESSAGE][PASSED] - Verify element property value successfully]]></system-out>
         <system-err><![CDATA[]]></system-err>
      </testcase>
      <testcase name="Test Cases/Engine_Scoring/Engine Scoring" time="4.872" classname="Test Cases/Engine_Scoring/Engine Scoring" status="PASSED">
         <system-out><![CDATA[2022-11-22 16:24:57 - [TEST_CASE][PASSED] - Test Cases/Engine_Scoring/Engine Scoring: Test Cases/Engine_Scoring/Engine Scoring

2022-11-22 16:24:58 - [TEST_STEP][PASSED] - markPassed("Variasi data ke : " + no): Variasi data ke : 59

2022-11-22 16:24:58 - [MESSAGE][PASSED] - Variasi data ke : 59

2022-11-22 16:24:58 - [TEST_STEP][PASSED] - req_data = sendRequest(findTestObject("Search_ME", ["MID":MID, "source":source, "ip":ip, "userid":userid, "branch":branch, "tipekons":tipekons, "marital":marital, "penjamin":penjamin, ... ])): Send request successfully

2022-11-22 16:24:59 - [MESSAGE][INFO] - HAR: D:\DMS\Engine Scoring\Reports\20221122_162012\Exclude KKB - DS\Scoring Individu - KKB\20221122_162012\requests\main\116.har

2022-11-22 16:24:59 - [MESSAGE][PASSED] - Send request successfully

2022-11-22 16:24:59 - [TEST_STEP][PASSED] - slurper = new groovy.json.JsonSlurper(): null

2022-11-22 16:24:59 - [TEST_STEP][PASSED] - result = slurper.parseText(req_data.getResponseBodyContent()): null

2022-11-22 16:24:59 - [TEST_STEP][PASSED] - reqid_kons = requestid1: null

2022-11-22 16:24:59 - [TEST_STEP][PASSED] - reqid_spouse = requestid2: null

2022-11-22 16:24:59 - [TEST_STEP][PASSED] - println("requestid kons : " + reqid_kons): null

2022-11-22 16:24:59 - [TEST_STEP][PASSED] - response_searchME_kons = reqid_kons: null

2022-11-22 16:24:59 - [TEST_STEP][PASSED] - response_searchME_spouse = reqid_spouse: null

2022-11-22 16:24:59 - [TEST_STEP][PASSED] - println("kons req id is :" + response_searchME_kons): null

2022-11-22 16:24:59 - [TEST_STEP][PASSED] - println("spouse req id is : " + response_searchME_spouse): null

2022-11-22 16:24:59 - [TEST_STEP][PASSED] - verifyResponseStatusCode(req_data, 200): Verify response status code successfully

2022-11-22 16:24:59 - [MESSAGE][PASSED] - Verify response status code successfully

2022-11-22 16:24:59 - [TEST_STEP][PASSED] - response = req_data.getResponseText(): null

2022-11-22 16:24:59 - [TEST_STEP][PASSED] - logInfo($response): {"status":"Done","data":{"requestid1":"242182","requestid2":""}}

2022-11-22 16:24:59 - [MESSAGE][INFO] - {"status":"Done","data":{"requestid1":"242182","requestid2":""}}

2022-11-22 16:24:59 - [TEST_STEP][PASSED] - delay(3): Delayed 3 second(s)

2022-11-22 16:25:02 - [MESSAGE][PASSED] - Delayed 3 second(s)

2022-11-22 16:25:02 - [TEST_STEP][PASSED] - scoring = sendRequest(findTestObject("EngineScore", ["response_searchME_kons":response_searchME_kons, "response_searchME_spouse":response_searchME_spouse])): Send request successfully

2022-11-22 16:25:02 - [MESSAGE][INFO] - HAR: D:\DMS\Engine Scoring\Reports\20221122_162012\Exclude KKB - DS\Scoring Individu - KKB\20221122_162012\requests\main\117.har

2022-11-22 16:25:02 - [MESSAGE][PASSED] - Send request successfully

2022-11-22 16:25:02 - [TEST_STEP][PASSED] - verifyResponseStatusCode(scoring, 200): Verify response status code successfully

2022-11-22 16:25:02 - [MESSAGE][PASSED] - Verify response status code successfully

2022-11-22 16:25:02 - [TEST_STEP][PASSED] - response2 = scoring.getResponseText(): null

2022-11-22 16:25:02 - [TEST_STEP][PASSED] - markPassed("result service data ke : " + no): result service data ke : 59

2022-11-22 16:25:02 - [MESSAGE][PASSED] - result service data ke : 59

2022-11-22 16:25:02 - [TEST_STEP][PASSED] - logInfo($response2): {"result_konsumen":"Reguler","result_pasangan":"","Final_result":"Reguler","errorMessage":"","status":"Done"}

2022-11-22 16:25:02 - [MESSAGE][INFO] - {"result_konsumen":"Reguler","result_pasangan":"","Final_result":"Reguler","errorMessage":"","status":"Done"}

2022-11-22 16:25:02 - [TEST_STEP][PASSED] - verifyElementPropertyValue(scoring, "Final_result", final_result): Verify element property value successfully

2022-11-22 16:25:02 - [MESSAGE][PASSED] - Verify element property value successfully]]></system-out>
         <system-err><![CDATA[]]></system-err>
      </testcase>
      <testcase name="Test Cases/Engine_Scoring/Engine Scoring" time="4.659" classname="Test Cases/Engine_Scoring/Engine Scoring" status="PASSED">
         <system-out><![CDATA[2022-11-22 16:25:02 - [TEST_CASE][PASSED] - Test Cases/Engine_Scoring/Engine Scoring: Test Cases/Engine_Scoring/Engine Scoring

2022-11-22 16:25:02 - [TEST_STEP][PASSED] - markPassed("Variasi data ke : " + no): Variasi data ke : 60

2022-11-22 16:25:02 - [MESSAGE][PASSED] - Variasi data ke : 60

2022-11-22 16:25:02 - [TEST_STEP][PASSED] - req_data = sendRequest(findTestObject("Search_ME", ["MID":MID, "source":source, "ip":ip, "userid":userid, "branch":branch, "tipekons":tipekons, "marital":marital, "penjamin":penjamin, ... ])): Send request successfully

2022-11-22 16:25:03 - [MESSAGE][INFO] - HAR: D:\DMS\Engine Scoring\Reports\20221122_162012\Exclude KKB - DS\Scoring Individu - KKB\20221122_162012\requests\main\118.har

2022-11-22 16:25:03 - [MESSAGE][PASSED] - Send request successfully

2022-11-22 16:25:03 - [TEST_STEP][PASSED] - slurper = new groovy.json.JsonSlurper(): null

2022-11-22 16:25:03 - [TEST_STEP][PASSED] - result = slurper.parseText(req_data.getResponseBodyContent()): null

2022-11-22 16:25:03 - [TEST_STEP][PASSED] - reqid_kons = requestid1: null

2022-11-22 16:25:03 - [TEST_STEP][PASSED] - reqid_spouse = requestid2: null

2022-11-22 16:25:03 - [TEST_STEP][PASSED] - println("requestid kons : " + reqid_kons): null

2022-11-22 16:25:03 - [TEST_STEP][PASSED] - response_searchME_kons = reqid_kons: null

2022-11-22 16:25:03 - [TEST_STEP][PASSED] - response_searchME_spouse = reqid_spouse: null

2022-11-22 16:25:03 - [TEST_STEP][PASSED] - println("kons req id is :" + response_searchME_kons): null

2022-11-22 16:25:03 - [TEST_STEP][PASSED] - println("spouse req id is : " + response_searchME_spouse): null

2022-11-22 16:25:03 - [TEST_STEP][PASSED] - verifyResponseStatusCode(req_data, 200): Verify response status code successfully

2022-11-22 16:25:03 - [MESSAGE][PASSED] - Verify response status code successfully

2022-11-22 16:25:03 - [TEST_STEP][PASSED] - response = req_data.getResponseText(): null

2022-11-22 16:25:03 - [TEST_STEP][PASSED] - logInfo($response): {"status":"Done","data":{"requestid1":"242183","requestid2":""}}

2022-11-22 16:25:03 - [MESSAGE][INFO] - {"status":"Done","data":{"requestid1":"242183","requestid2":""}}

2022-11-22 16:25:03 - [TEST_STEP][PASSED] - delay(3): Delayed 3 second(s)

2022-11-22 16:25:06 - [MESSAGE][PASSED] - Delayed 3 second(s)

2022-11-22 16:25:06 - [TEST_STEP][PASSED] - scoring = sendRequest(findTestObject("EngineScore", ["response_searchME_kons":response_searchME_kons, "response_searchME_spouse":response_searchME_spouse])): Send request successfully

2022-11-22 16:25:06 - [MESSAGE][INFO] - HAR: D:\DMS\Engine Scoring\Reports\20221122_162012\Exclude KKB - DS\Scoring Individu - KKB\20221122_162012\requests\main\119.har

2022-11-22 16:25:06 - [MESSAGE][PASSED] - Send request successfully

2022-11-22 16:25:06 - [TEST_STEP][PASSED] - verifyResponseStatusCode(scoring, 200): Verify response status code successfully

2022-11-22 16:25:06 - [MESSAGE][PASSED] - Verify response status code successfully

2022-11-22 16:25:06 - [TEST_STEP][PASSED] - response2 = scoring.getResponseText(): null

2022-11-22 16:25:06 - [TEST_STEP][PASSED] - markPassed("result service data ke : " + no): result service data ke : 60

2022-11-22 16:25:06 - [MESSAGE][PASSED] - result service data ke : 60

2022-11-22 16:25:06 - [TEST_STEP][PASSED] - logInfo($response2): {"result_konsumen":"Reguler","result_pasangan":"","Final_result":"Reguler","errorMessage":"","status":"Done"}

2022-11-22 16:25:06 - [MESSAGE][INFO] - {"result_konsumen":"Reguler","result_pasangan":"","Final_result":"Reguler","errorMessage":"","status":"Done"}

2022-11-22 16:25:06 - [TEST_STEP][PASSED] - verifyElementPropertyValue(scoring, "Final_result", final_result): Verify element property value successfully

2022-11-22 16:25:06 - [MESSAGE][PASSED] - Verify element property value successfully]]></system-out>
         <system-err><![CDATA[]]></system-err>
      </testcase>
      <testcase name="Test Cases/Engine_Scoring/Engine Scoring" time="4.745" classname="Test Cases/Engine_Scoring/Engine Scoring" status="PASSED">
         <system-out><![CDATA[2022-11-22 16:25:06 - [TEST_CASE][PASSED] - Test Cases/Engine_Scoring/Engine Scoring: Test Cases/Engine_Scoring/Engine Scoring

2022-11-22 16:25:07 - [TEST_STEP][PASSED] - markPassed("Variasi data ke : " + no): Variasi data ke : 61

2022-11-22 16:25:07 - [MESSAGE][PASSED] - Variasi data ke : 61

2022-11-22 16:25:07 - [TEST_STEP][PASSED] - req_data = sendRequest(findTestObject("Search_ME", ["MID":MID, "source":source, "ip":ip, "userid":userid, "branch":branch, "tipekons":tipekons, "marital":marital, "penjamin":penjamin, ... ])): Send request successfully

2022-11-22 16:25:08 - [MESSAGE][INFO] - HAR: D:\DMS\Engine Scoring\Reports\20221122_162012\Exclude KKB - DS\Scoring Individu - KKB\20221122_162012\requests\main\120.har

2022-11-22 16:25:08 - [MESSAGE][PASSED] - Send request successfully

2022-11-22 16:25:08 - [TEST_STEP][PASSED] - slurper = new groovy.json.JsonSlurper(): null

2022-11-22 16:25:08 - [TEST_STEP][PASSED] - result = slurper.parseText(req_data.getResponseBodyContent()): null

2022-11-22 16:25:08 - [TEST_STEP][PASSED] - reqid_kons = requestid1: null

2022-11-22 16:25:08 - [TEST_STEP][PASSED] - reqid_spouse = requestid2: null

2022-11-22 16:25:08 - [TEST_STEP][PASSED] - println("requestid kons : " + reqid_kons): null

2022-11-22 16:25:08 - [TEST_STEP][PASSED] - response_searchME_kons = reqid_kons: null

2022-11-22 16:25:08 - [TEST_STEP][PASSED] - response_searchME_spouse = reqid_spouse: null

2022-11-22 16:25:08 - [TEST_STEP][PASSED] - println("kons req id is :" + response_searchME_kons): null

2022-11-22 16:25:08 - [TEST_STEP][PASSED] - println("spouse req id is : " + response_searchME_spouse): null

2022-11-22 16:25:08 - [TEST_STEP][PASSED] - verifyResponseStatusCode(req_data, 200): Verify response status code successfully

2022-11-22 16:25:08 - [MESSAGE][PASSED] - Verify response status code successfully

2022-11-22 16:25:08 - [TEST_STEP][PASSED] - response = req_data.getResponseText(): null

2022-11-22 16:25:08 - [TEST_STEP][PASSED] - logInfo($response): {"status":"Done","data":{"requestid1":"242184","requestid2":""}}

2022-11-22 16:25:08 - [MESSAGE][INFO] - {"status":"Done","data":{"requestid1":"242184","requestid2":""}}

2022-11-22 16:25:08 - [TEST_STEP][PASSED] - delay(3): Delayed 3 second(s)

2022-11-22 16:25:11 - [MESSAGE][PASSED] - Delayed 3 second(s)

2022-11-22 16:25:11 - [TEST_STEP][PASSED] - scoring = sendRequest(findTestObject("EngineScore", ["response_searchME_kons":response_searchME_kons, "response_searchME_spouse":response_searchME_spouse])): Send request successfully

2022-11-22 16:25:11 - [MESSAGE][INFO] - HAR: D:\DMS\Engine Scoring\Reports\20221122_162012\Exclude KKB - DS\Scoring Individu - KKB\20221122_162012\requests\main\121.har

2022-11-22 16:25:11 - [MESSAGE][PASSED] - Send request successfully

2022-11-22 16:25:11 - [TEST_STEP][PASSED] - verifyResponseStatusCode(scoring, 200): Verify response status code successfully

2022-11-22 16:25:11 - [MESSAGE][PASSED] - Verify response status code successfully

2022-11-22 16:25:11 - [TEST_STEP][PASSED] - response2 = scoring.getResponseText(): null

2022-11-22 16:25:11 - [TEST_STEP][PASSED] - markPassed("result service data ke : " + no): result service data ke : 61

2022-11-22 16:25:11 - [MESSAGE][PASSED] - result service data ke : 61

2022-11-22 16:25:11 - [TEST_STEP][PASSED] - logInfo($response2): {"result_konsumen":"Reguler","result_pasangan":"","Final_result":"Reguler","errorMessage":"","status":"Done"}

2022-11-22 16:25:11 - [MESSAGE][INFO] - {"result_konsumen":"Reguler","result_pasangan":"","Final_result":"Reguler","errorMessage":"","status":"Done"}

2022-11-22 16:25:11 - [TEST_STEP][PASSED] - verifyElementPropertyValue(scoring, "Final_result", final_result): Verify element property value successfully

2022-11-22 16:25:11 - [MESSAGE][PASSED] - Verify element property value successfully]]></system-out>
         <system-err><![CDATA[]]></system-err>
      </testcase>
      <testcase name="Test Cases/Engine_Scoring/Engine Scoring" time="4.923" classname="Test Cases/Engine_Scoring/Engine Scoring" status="PASSED">
         <system-out><![CDATA[2022-11-22 16:25:11 - [TEST_CASE][PASSED] - Test Cases/Engine_Scoring/Engine Scoring: Test Cases/Engine_Scoring/Engine Scoring

2022-11-22 16:25:12 - [TEST_STEP][PASSED] - markPassed("Variasi data ke : " + no): Variasi data ke : 62

2022-11-22 16:25:12 - [MESSAGE][PASSED] - Variasi data ke : 62

2022-11-22 16:25:12 - [TEST_STEP][PASSED] - req_data = sendRequest(findTestObject("Search_ME", ["MID":MID, "source":source, "ip":ip, "userid":userid, "branch":branch, "tipekons":tipekons, "marital":marital, "penjamin":penjamin, ... ])): Send request successfully

2022-11-22 16:25:13 - [MESSAGE][INFO] - HAR: D:\DMS\Engine Scoring\Reports\20221122_162012\Exclude KKB - DS\Scoring Individu - KKB\20221122_162012\requests\main\122.har

2022-11-22 16:25:13 - [MESSAGE][PASSED] - Send request successfully

2022-11-22 16:25:13 - [TEST_STEP][PASSED] - slurper = new groovy.json.JsonSlurper(): null

2022-11-22 16:25:13 - [TEST_STEP][PASSED] - result = slurper.parseText(req_data.getResponseBodyContent()): null

2022-11-22 16:25:13 - [TEST_STEP][PASSED] - reqid_kons = requestid1: null

2022-11-22 16:25:13 - [TEST_STEP][PASSED] - reqid_spouse = requestid2: null

2022-11-22 16:25:13 - [TEST_STEP][PASSED] - println("requestid kons : " + reqid_kons): null

2022-11-22 16:25:13 - [TEST_STEP][PASSED] - response_searchME_kons = reqid_kons: null

2022-11-22 16:25:13 - [TEST_STEP][PASSED] - response_searchME_spouse = reqid_spouse: null

2022-11-22 16:25:13 - [TEST_STEP][PASSED] - println("kons req id is :" + response_searchME_kons): null

2022-11-22 16:25:13 - [TEST_STEP][PASSED] - println("spouse req id is : " + response_searchME_spouse): null

2022-11-22 16:25:13 - [TEST_STEP][PASSED] - verifyResponseStatusCode(req_data, 200): Verify response status code successfully

2022-11-22 16:25:13 - [MESSAGE][PASSED] - Verify response status code successfully

2022-11-22 16:25:13 - [TEST_STEP][PASSED] - response = req_data.getResponseText(): null

2022-11-22 16:25:13 - [TEST_STEP][PASSED] - logInfo($response): {"status":"Done","data":{"requestid1":"242185","requestid2":""}}

2022-11-22 16:25:13 - [MESSAGE][INFO] - {"status":"Done","data":{"requestid1":"242185","requestid2":""}}

2022-11-22 16:25:13 - [TEST_STEP][PASSED] - delay(3): Delayed 3 second(s)

2022-11-22 16:25:16 - [MESSAGE][PASSED] - Delayed 3 second(s)

2022-11-22 16:25:16 - [TEST_STEP][PASSED] - scoring = sendRequest(findTestObject("EngineScore", ["response_searchME_kons":response_searchME_kons, "response_searchME_spouse":response_searchME_spouse])): Send request successfully

2022-11-22 16:25:16 - [MESSAGE][INFO] - HAR: D:\DMS\Engine Scoring\Reports\20221122_162012\Exclude KKB - DS\Scoring Individu - KKB\20221122_162012\requests\main\123.har

2022-11-22 16:25:16 - [MESSAGE][PASSED] - Send request successfully

2022-11-22 16:25:16 - [TEST_STEP][PASSED] - verifyResponseStatusCode(scoring, 200): Verify response status code successfully

2022-11-22 16:25:16 - [MESSAGE][PASSED] - Verify response status code successfully

2022-11-22 16:25:16 - [TEST_STEP][PASSED] - response2 = scoring.getResponseText(): null

2022-11-22 16:25:16 - [TEST_STEP][PASSED] - markPassed("result service data ke : " + no): result service data ke : 62

2022-11-22 16:25:16 - [MESSAGE][PASSED] - result service data ke : 62

2022-11-22 16:25:16 - [TEST_STEP][PASSED] - logInfo($response2): {"result_konsumen":"Reguler","result_pasangan":"","Final_result":"Reguler","errorMessage":"","status":"Done"}

2022-11-22 16:25:16 - [MESSAGE][INFO] - {"result_konsumen":"Reguler","result_pasangan":"","Final_result":"Reguler","errorMessage":"","status":"Done"}

2022-11-22 16:25:16 - [TEST_STEP][PASSED] - verifyElementPropertyValue(scoring, "Final_result", final_result): Verify element property value successfully

2022-11-22 16:25:16 - [MESSAGE][PASSED] - Verify element property value successfully]]></system-out>
         <system-err><![CDATA[]]></system-err>
      </testcase>
      <testcase name="Test Cases/Engine_Scoring/Engine Scoring" time="4.8" classname="Test Cases/Engine_Scoring/Engine Scoring" status="PASSED">
         <system-out><![CDATA[2022-11-22 16:25:16 - [TEST_CASE][PASSED] - Test Cases/Engine_Scoring/Engine Scoring: Test Cases/Engine_Scoring/Engine Scoring

2022-11-22 16:25:17 - [TEST_STEP][PASSED] - markPassed("Variasi data ke : " + no): Variasi data ke : 63

2022-11-22 16:25:17 - [MESSAGE][PASSED] - Variasi data ke : 63

2022-11-22 16:25:17 - [TEST_STEP][PASSED] - req_data = sendRequest(findTestObject("Search_ME", ["MID":MID, "source":source, "ip":ip, "userid":userid, "branch":branch, "tipekons":tipekons, "marital":marital, "penjamin":penjamin, ... ])): Send request successfully

2022-11-22 16:25:18 - [MESSAGE][INFO] - HAR: D:\DMS\Engine Scoring\Reports\20221122_162012\Exclude KKB - DS\Scoring Individu - KKB\20221122_162012\requests\main\124.har

2022-11-22 16:25:18 - [MESSAGE][PASSED] - Send request successfully

2022-11-22 16:25:18 - [TEST_STEP][PASSED] - slurper = new groovy.json.JsonSlurper(): null

2022-11-22 16:25:18 - [TEST_STEP][PASSED] - result = slurper.parseText(req_data.getResponseBodyContent()): null

2022-11-22 16:25:18 - [TEST_STEP][PASSED] - reqid_kons = requestid1: null

2022-11-22 16:25:18 - [TEST_STEP][PASSED] - reqid_spouse = requestid2: null

2022-11-22 16:25:18 - [TEST_STEP][PASSED] - println("requestid kons : " + reqid_kons): null

2022-11-22 16:25:18 - [TEST_STEP][PASSED] - response_searchME_kons = reqid_kons: null

2022-11-22 16:25:18 - [TEST_STEP][PASSED] - response_searchME_spouse = reqid_spouse: null

2022-11-22 16:25:18 - [TEST_STEP][PASSED] - println("kons req id is :" + response_searchME_kons): null

2022-11-22 16:25:18 - [TEST_STEP][PASSED] - println("spouse req id is : " + response_searchME_spouse): null

2022-11-22 16:25:18 - [TEST_STEP][PASSED] - verifyResponseStatusCode(req_data, 200): Verify response status code successfully

2022-11-22 16:25:18 - [MESSAGE][PASSED] - Verify response status code successfully

2022-11-22 16:25:18 - [TEST_STEP][PASSED] - response = req_data.getResponseText(): null

2022-11-22 16:25:18 - [TEST_STEP][PASSED] - logInfo($response): {"status":"Done","data":{"requestid1":"242186","requestid2":""}}

2022-11-22 16:25:18 - [MESSAGE][INFO] - {"status":"Done","data":{"requestid1":"242186","requestid2":""}}

2022-11-22 16:25:18 - [TEST_STEP][PASSED] - delay(3): Delayed 3 second(s)

2022-11-22 16:25:21 - [MESSAGE][PASSED] - Delayed 3 second(s)

2022-11-22 16:25:21 - [TEST_STEP][PASSED] - scoring = sendRequest(findTestObject("EngineScore", ["response_searchME_kons":response_searchME_kons, "response_searchME_spouse":response_searchME_spouse])): Send request successfully

2022-11-22 16:25:21 - [MESSAGE][INFO] - HAR: D:\DMS\Engine Scoring\Reports\20221122_162012\Exclude KKB - DS\Scoring Individu - KKB\20221122_162012\requests\main\125.har

2022-11-22 16:25:21 - [MESSAGE][PASSED] - Send request successfully

2022-11-22 16:25:21 - [TEST_STEP][PASSED] - verifyResponseStatusCode(scoring, 200): Verify response status code successfully

2022-11-22 16:25:21 - [MESSAGE][PASSED] - Verify response status code successfully

2022-11-22 16:25:21 - [TEST_STEP][PASSED] - response2 = scoring.getResponseText(): null

2022-11-22 16:25:21 - [TEST_STEP][PASSED] - markPassed("result service data ke : " + no): result service data ke : 63

2022-11-22 16:25:21 - [MESSAGE][PASSED] - result service data ke : 63

2022-11-22 16:25:21 - [TEST_STEP][PASSED] - logInfo($response2): {"result_konsumen":"Approve","result_pasangan":"","Final_result":"Approve","errorMessage":"","status":"Done"}

2022-11-22 16:25:21 - [MESSAGE][INFO] - {"result_konsumen":"Approve","result_pasangan":"","Final_result":"Approve","errorMessage":"","status":"Done"}

2022-11-22 16:25:21 - [TEST_STEP][PASSED] - verifyElementPropertyValue(scoring, "Final_result", final_result): Verify element property value successfully

2022-11-22 16:25:21 - [MESSAGE][PASSED] - Verify element property value successfully]]></system-out>
         <system-err><![CDATA[]]></system-err>
      </testcase>
      <testcase name="Test Cases/Engine_Scoring/Engine Scoring" time="4.829" classname="Test Cases/Engine_Scoring/Engine Scoring" status="PASSED">
         <system-out><![CDATA[2022-11-22 16:25:21 - [TEST_CASE][PASSED] - Test Cases/Engine_Scoring/Engine Scoring: Test Cases/Engine_Scoring/Engine Scoring

2022-11-22 16:25:22 - [TEST_STEP][PASSED] - markPassed("Variasi data ke : " + no): Variasi data ke : 64

2022-11-22 16:25:22 - [MESSAGE][PASSED] - Variasi data ke : 64

2022-11-22 16:25:22 - [TEST_STEP][PASSED] - req_data = sendRequest(findTestObject("Search_ME", ["MID":MID, "source":source, "ip":ip, "userid":userid, "branch":branch, "tipekons":tipekons, "marital":marital, "penjamin":penjamin, ... ])): Send request successfully

2022-11-22 16:25:23 - [MESSAGE][INFO] - HAR: D:\DMS\Engine Scoring\Reports\20221122_162012\Exclude KKB - DS\Scoring Individu - KKB\20221122_162012\requests\main\126.har

2022-11-22 16:25:23 - [MESSAGE][PASSED] - Send request successfully

2022-11-22 16:25:23 - [TEST_STEP][PASSED] - slurper = new groovy.json.JsonSlurper(): null

2022-11-22 16:25:23 - [TEST_STEP][PASSED] - result = slurper.parseText(req_data.getResponseBodyContent()): null

2022-11-22 16:25:23 - [TEST_STEP][PASSED] - reqid_kons = requestid1: null

2022-11-22 16:25:23 - [TEST_STEP][PASSED] - reqid_spouse = requestid2: null

2022-11-22 16:25:23 - [TEST_STEP][PASSED] - println("requestid kons : " + reqid_kons): null

2022-11-22 16:25:23 - [TEST_STEP][PASSED] - response_searchME_kons = reqid_kons: null

2022-11-22 16:25:23 - [TEST_STEP][PASSED] - response_searchME_spouse = reqid_spouse: null

2022-11-22 16:25:23 - [TEST_STEP][PASSED] - println("kons req id is :" + response_searchME_kons): null

2022-11-22 16:25:23 - [TEST_STEP][PASSED] - println("spouse req id is : " + response_searchME_spouse): null

2022-11-22 16:25:23 - [TEST_STEP][PASSED] - verifyResponseStatusCode(req_data, 200): Verify response status code successfully

2022-11-22 16:25:23 - [MESSAGE][PASSED] - Verify response status code successfully

2022-11-22 16:25:23 - [TEST_STEP][PASSED] - response = req_data.getResponseText(): null

2022-11-22 16:25:23 - [TEST_STEP][PASSED] - logInfo($response): {"status":"Done","data":{"requestid1":"242187","requestid2":""}}

2022-11-22 16:25:23 - [MESSAGE][INFO] - {"status":"Done","data":{"requestid1":"242187","requestid2":""}}

2022-11-22 16:25:23 - [TEST_STEP][PASSED] - delay(3): Delayed 3 second(s)

2022-11-22 16:25:26 - [MESSAGE][PASSED] - Delayed 3 second(s)

2022-11-22 16:25:26 - [TEST_STEP][PASSED] - scoring = sendRequest(findTestObject("EngineScore", ["response_searchME_kons":response_searchME_kons, "response_searchME_spouse":response_searchME_spouse])): Send request successfully

2022-11-22 16:25:26 - [MESSAGE][INFO] - HAR: D:\DMS\Engine Scoring\Reports\20221122_162012\Exclude KKB - DS\Scoring Individu - KKB\20221122_162012\requests\main\127.har

2022-11-22 16:25:26 - [MESSAGE][PASSED] - Send request successfully

2022-11-22 16:25:26 - [TEST_STEP][PASSED] - verifyResponseStatusCode(scoring, 200): Verify response status code successfully

2022-11-22 16:25:26 - [MESSAGE][PASSED] - Verify response status code successfully

2022-11-22 16:25:26 - [TEST_STEP][PASSED] - response2 = scoring.getResponseText(): null

2022-11-22 16:25:26 - [TEST_STEP][PASSED] - markPassed("result service data ke : " + no): result service data ke : 64

2022-11-22 16:25:26 - [MESSAGE][PASSED] - result service data ke : 64

2022-11-22 16:25:26 - [TEST_STEP][PASSED] - logInfo($response2): {"result_konsumen":"Approve","result_pasangan":"","Final_result":"Approve","errorMessage":"","status":"Done"}

2022-11-22 16:25:26 - [MESSAGE][INFO] - {"result_konsumen":"Approve","result_pasangan":"","Final_result":"Approve","errorMessage":"","status":"Done"}

2022-11-22 16:25:26 - [TEST_STEP][PASSED] - verifyElementPropertyValue(scoring, "Final_result", final_result): Verify element property value successfully

2022-11-22 16:25:26 - [MESSAGE][PASSED] - Verify element property value successfully]]></system-out>
         <system-err><![CDATA[]]></system-err>
      </testcase>
      <testcase name="Test Cases/Engine_Scoring/Engine Scoring" time="4.923" classname="Test Cases/Engine_Scoring/Engine Scoring" status="PASSED">
         <system-out><![CDATA[2022-11-22 16:25:26 - [TEST_CASE][PASSED] - Test Cases/Engine_Scoring/Engine Scoring: Test Cases/Engine_Scoring/Engine Scoring

2022-11-22 16:25:27 - [TEST_STEP][PASSED] - markPassed("Variasi data ke : " + no): Variasi data ke : 65

2022-11-22 16:25:27 - [MESSAGE][PASSED] - Variasi data ke : 65

2022-11-22 16:25:27 - [TEST_STEP][PASSED] - req_data = sendRequest(findTestObject("Search_ME", ["MID":MID, "source":source, "ip":ip, "userid":userid, "branch":branch, "tipekons":tipekons, "marital":marital, "penjamin":penjamin, ... ])): Send request successfully

2022-11-22 16:25:28 - [MESSAGE][INFO] - HAR: D:\DMS\Engine Scoring\Reports\20221122_162012\Exclude KKB - DS\Scoring Individu - KKB\20221122_162012\requests\main\128.har

2022-11-22 16:25:28 - [MESSAGE][PASSED] - Send request successfully

2022-11-22 16:25:28 - [TEST_STEP][PASSED] - slurper = new groovy.json.JsonSlurper(): null

2022-11-22 16:25:28 - [TEST_STEP][PASSED] - result = slurper.parseText(req_data.getResponseBodyContent()): null

2022-11-22 16:25:28 - [TEST_STEP][PASSED] - reqid_kons = requestid1: null

2022-11-22 16:25:28 - [TEST_STEP][PASSED] - reqid_spouse = requestid2: null

2022-11-22 16:25:28 - [TEST_STEP][PASSED] - println("requestid kons : " + reqid_kons): null

2022-11-22 16:25:28 - [TEST_STEP][PASSED] - response_searchME_kons = reqid_kons: null

2022-11-22 16:25:28 - [TEST_STEP][PASSED] - response_searchME_spouse = reqid_spouse: null

2022-11-22 16:25:28 - [TEST_STEP][PASSED] - println("kons req id is :" + response_searchME_kons): null

2022-11-22 16:25:28 - [TEST_STEP][PASSED] - println("spouse req id is : " + response_searchME_spouse): null

2022-11-22 16:25:28 - [TEST_STEP][PASSED] - verifyResponseStatusCode(req_data, 200): Verify response status code successfully

2022-11-22 16:25:28 - [MESSAGE][PASSED] - Verify response status code successfully

2022-11-22 16:25:28 - [TEST_STEP][PASSED] - response = req_data.getResponseText(): null

2022-11-22 16:25:28 - [TEST_STEP][PASSED] - logInfo($response): {"status":"Done","data":{"requestid1":"242188","requestid2":""}}

2022-11-22 16:25:28 - [MESSAGE][INFO] - {"status":"Done","data":{"requestid1":"242188","requestid2":""}}

2022-11-22 16:25:28 - [TEST_STEP][PASSED] - delay(3): Delayed 3 second(s)

2022-11-22 16:25:31 - [MESSAGE][PASSED] - Delayed 3 second(s)

2022-11-22 16:25:31 - [TEST_STEP][PASSED] - scoring = sendRequest(findTestObject("EngineScore", ["response_searchME_kons":response_searchME_kons, "response_searchME_spouse":response_searchME_spouse])): Send request successfully

2022-11-22 16:25:31 - [MESSAGE][INFO] - HAR: D:\DMS\Engine Scoring\Reports\20221122_162012\Exclude KKB - DS\Scoring Individu - KKB\20221122_162012\requests\main\129.har

2022-11-22 16:25:31 - [MESSAGE][PASSED] - Send request successfully

2022-11-22 16:25:31 - [TEST_STEP][PASSED] - verifyResponseStatusCode(scoring, 200): Verify response status code successfully

2022-11-22 16:25:31 - [MESSAGE][PASSED] - Verify response status code successfully

2022-11-22 16:25:31 - [TEST_STEP][PASSED] - response2 = scoring.getResponseText(): null

2022-11-22 16:25:31 - [TEST_STEP][PASSED] - markPassed("result service data ke : " + no): result service data ke : 65

2022-11-22 16:25:31 - [MESSAGE][PASSED] - result service data ke : 65

2022-11-22 16:25:31 - [TEST_STEP][PASSED] - logInfo($response2): {"result_konsumen":"Approve","result_pasangan":"","Final_result":"Approve","errorMessage":"","status":"Done"}

2022-11-22 16:25:31 - [MESSAGE][INFO] - {"result_konsumen":"Approve","result_pasangan":"","Final_result":"Approve","errorMessage":"","status":"Done"}

2022-11-22 16:25:31 - [TEST_STEP][PASSED] - verifyElementPropertyValue(scoring, "Final_result", final_result): Verify element property value successfully

2022-11-22 16:25:31 - [MESSAGE][PASSED] - Verify element property value successfully]]></system-out>
         <system-err><![CDATA[]]></system-err>
      </testcase>
      <testcase name="Test Cases/Engine_Scoring/Engine Scoring" time="4.878" classname="Test Cases/Engine_Scoring/Engine Scoring" status="PASSED">
         <system-out><![CDATA[2022-11-22 16:25:31 - [TEST_CASE][PASSED] - Test Cases/Engine_Scoring/Engine Scoring: Test Cases/Engine_Scoring/Engine Scoring

2022-11-22 16:25:32 - [TEST_STEP][PASSED] - markPassed("Variasi data ke : " + no): Variasi data ke : 66

2022-11-22 16:25:32 - [MESSAGE][PASSED] - Variasi data ke : 66

2022-11-22 16:25:32 - [TEST_STEP][PASSED] - req_data = sendRequest(findTestObject("Search_ME", ["MID":MID, "source":source, "ip":ip, "userid":userid, "branch":branch, "tipekons":tipekons, "marital":marital, "penjamin":penjamin, ... ])): Send request successfully

2022-11-22 16:25:33 - [MESSAGE][INFO] - HAR: D:\DMS\Engine Scoring\Reports\20221122_162012\Exclude KKB - DS\Scoring Individu - KKB\20221122_162012\requests\main\130.har

2022-11-22 16:25:33 - [MESSAGE][PASSED] - Send request successfully

2022-11-22 16:25:33 - [TEST_STEP][PASSED] - slurper = new groovy.json.JsonSlurper(): null

2022-11-22 16:25:33 - [TEST_STEP][PASSED] - result = slurper.parseText(req_data.getResponseBodyContent()): null

2022-11-22 16:25:33 - [TEST_STEP][PASSED] - reqid_kons = requestid1: null

2022-11-22 16:25:33 - [TEST_STEP][PASSED] - reqid_spouse = requestid2: null

2022-11-22 16:25:33 - [TEST_STEP][PASSED] - println("requestid kons : " + reqid_kons): null

2022-11-22 16:25:33 - [TEST_STEP][PASSED] - response_searchME_kons = reqid_kons: null

2022-11-22 16:25:33 - [TEST_STEP][PASSED] - response_searchME_spouse = reqid_spouse: null

2022-11-22 16:25:33 - [TEST_STEP][PASSED] - println("kons req id is :" + response_searchME_kons): null

2022-11-22 16:25:33 - [TEST_STEP][PASSED] - println("spouse req id is : " + response_searchME_spouse): null

2022-11-22 16:25:33 - [TEST_STEP][PASSED] - verifyResponseStatusCode(req_data, 200): Verify response status code successfully

2022-11-22 16:25:33 - [MESSAGE][PASSED] - Verify response status code successfully

2022-11-22 16:25:33 - [TEST_STEP][PASSED] - response = req_data.getResponseText(): null

2022-11-22 16:25:33 - [TEST_STEP][PASSED] - logInfo($response): {"status":"Done","data":{"requestid1":"242189","requestid2":""}}

2022-11-22 16:25:33 - [MESSAGE][INFO] - {"status":"Done","data":{"requestid1":"242189","requestid2":""}}

2022-11-22 16:25:33 - [TEST_STEP][PASSED] - delay(3): Delayed 3 second(s)

2022-11-22 16:25:36 - [MESSAGE][PASSED] - Delayed 3 second(s)

2022-11-22 16:25:36 - [TEST_STEP][PASSED] - scoring = sendRequest(findTestObject("EngineScore", ["response_searchME_kons":response_searchME_kons, "response_searchME_spouse":response_searchME_spouse])): Send request successfully

2022-11-22 16:25:36 - [MESSAGE][INFO] - HAR: D:\DMS\Engine Scoring\Reports\20221122_162012\Exclude KKB - DS\Scoring Individu - KKB\20221122_162012\requests\main\131.har

2022-11-22 16:25:36 - [MESSAGE][PASSED] - Send request successfully

2022-11-22 16:25:36 - [TEST_STEP][PASSED] - verifyResponseStatusCode(scoring, 200): Verify response status code successfully

2022-11-22 16:25:36 - [MESSAGE][PASSED] - Verify response status code successfully

2022-11-22 16:25:36 - [TEST_STEP][PASSED] - response2 = scoring.getResponseText(): null

2022-11-22 16:25:36 - [TEST_STEP][PASSED] - markPassed("result service data ke : " + no): result service data ke : 66

2022-11-22 16:25:36 - [MESSAGE][PASSED] - result service data ke : 66

2022-11-22 16:25:36 - [TEST_STEP][PASSED] - logInfo($response2): {"result_konsumen":"Approve","result_pasangan":"","Final_result":"Approve","errorMessage":"","status":"Done"}

2022-11-22 16:25:36 - [MESSAGE][INFO] - {"result_konsumen":"Approve","result_pasangan":"","Final_result":"Approve","errorMessage":"","status":"Done"}

2022-11-22 16:25:36 - [TEST_STEP][PASSED] - verifyElementPropertyValue(scoring, "Final_result", final_result): Verify element property value successfully

2022-11-22 16:25:36 - [MESSAGE][PASSED] - Verify element property value successfully]]></system-out>
         <system-err><![CDATA[]]></system-err>
      </testcase>
      <testcase name="Test Cases/Engine_Scoring/Engine Scoring" time="4.69" classname="Test Cases/Engine_Scoring/Engine Scoring" status="PASSED">
         <system-out><![CDATA[2022-11-22 16:25:36 - [TEST_CASE][PASSED] - Test Cases/Engine_Scoring/Engine Scoring: Test Cases/Engine_Scoring/Engine Scoring

2022-11-22 16:25:37 - [TEST_STEP][PASSED] - markPassed("Variasi data ke : " + no): Variasi data ke : 67

2022-11-22 16:25:37 - [MESSAGE][PASSED] - Variasi data ke : 67

2022-11-22 16:25:37 - [TEST_STEP][PASSED] - req_data = sendRequest(findTestObject("Search_ME", ["MID":MID, "source":source, "ip":ip, "userid":userid, "branch":branch, "tipekons":tipekons, "marital":marital, "penjamin":penjamin, ... ])): Send request successfully

2022-11-22 16:25:37 - [MESSAGE][INFO] - HAR: D:\DMS\Engine Scoring\Reports\20221122_162012\Exclude KKB - DS\Scoring Individu - KKB\20221122_162012\requests\main\132.har

2022-11-22 16:25:37 - [MESSAGE][PASSED] - Send request successfully

2022-11-22 16:25:37 - [TEST_STEP][PASSED] - slurper = new groovy.json.JsonSlurper(): null

2022-11-22 16:25:37 - [TEST_STEP][PASSED] - result = slurper.parseText(req_data.getResponseBodyContent()): null

2022-11-22 16:25:37 - [TEST_STEP][PASSED] - reqid_kons = requestid1: null

2022-11-22 16:25:37 - [TEST_STEP][PASSED] - reqid_spouse = requestid2: null

2022-11-22 16:25:37 - [TEST_STEP][PASSED] - println("requestid kons : " + reqid_kons): null

2022-11-22 16:25:37 - [TEST_STEP][PASSED] - response_searchME_kons = reqid_kons: null

2022-11-22 16:25:37 - [TEST_STEP][PASSED] - response_searchME_spouse = reqid_spouse: null

2022-11-22 16:25:37 - [TEST_STEP][PASSED] - println("kons req id is :" + response_searchME_kons): null

2022-11-22 16:25:37 - [TEST_STEP][PASSED] - println("spouse req id is : " + response_searchME_spouse): null

2022-11-22 16:25:37 - [TEST_STEP][PASSED] - verifyResponseStatusCode(req_data, 200): Verify response status code successfully

2022-11-22 16:25:37 - [MESSAGE][PASSED] - Verify response status code successfully

2022-11-22 16:25:37 - [TEST_STEP][PASSED] - response = req_data.getResponseText(): null

2022-11-22 16:25:37 - [TEST_STEP][PASSED] - logInfo($response): {"status":"Done","data":{"requestid1":"242190","requestid2":""}}

2022-11-22 16:25:37 - [MESSAGE][INFO] - {"status":"Done","data":{"requestid1":"242190","requestid2":""}}

2022-11-22 16:25:37 - [TEST_STEP][PASSED] - delay(3): Delayed 3 second(s)

2022-11-22 16:25:40 - [MESSAGE][PASSED] - Delayed 3 second(s)

2022-11-22 16:25:40 - [TEST_STEP][PASSED] - scoring = sendRequest(findTestObject("EngineScore", ["response_searchME_kons":response_searchME_kons, "response_searchME_spouse":response_searchME_spouse])): Send request successfully

2022-11-22 16:25:40 - [MESSAGE][INFO] - HAR: D:\DMS\Engine Scoring\Reports\20221122_162012\Exclude KKB - DS\Scoring Individu - KKB\20221122_162012\requests\main\133.har

2022-11-22 16:25:40 - [MESSAGE][PASSED] - Send request successfully

2022-11-22 16:25:40 - [TEST_STEP][PASSED] - verifyResponseStatusCode(scoring, 200): Verify response status code successfully

2022-11-22 16:25:40 - [MESSAGE][PASSED] - Verify response status code successfully

2022-11-22 16:25:40 - [TEST_STEP][PASSED] - response2 = scoring.getResponseText(): null

2022-11-22 16:25:40 - [TEST_STEP][PASSED] - markPassed("result service data ke : " + no): result service data ke : 67

2022-11-22 16:25:40 - [MESSAGE][PASSED] - result service data ke : 67

2022-11-22 16:25:40 - [TEST_STEP][PASSED] - logInfo($response2): {"result_konsumen":"Approve","result_pasangan":"","Final_result":"Approve","errorMessage":"","status":"Done"}

2022-11-22 16:25:40 - [MESSAGE][INFO] - {"result_konsumen":"Approve","result_pasangan":"","Final_result":"Approve","errorMessage":"","status":"Done"}

2022-11-22 16:25:40 - [TEST_STEP][PASSED] - verifyElementPropertyValue(scoring, "Final_result", final_result): Verify element property value successfully

2022-11-22 16:25:40 - [MESSAGE][PASSED] - Verify element property value successfully]]></system-out>
         <system-err><![CDATA[]]></system-err>
      </testcase>
      <testcase name="Test Cases/Engine_Scoring/Engine Scoring" time="4.731" classname="Test Cases/Engine_Scoring/Engine Scoring" status="PASSED">
         <system-out><![CDATA[2022-11-22 16:25:41 - [TEST_CASE][PASSED] - Test Cases/Engine_Scoring/Engine Scoring: Test Cases/Engine_Scoring/Engine Scoring

2022-11-22 16:25:41 - [TEST_STEP][PASSED] - markPassed("Variasi data ke : " + no): Variasi data ke : 68

2022-11-22 16:25:41 - [MESSAGE][PASSED] - Variasi data ke : 68

2022-11-22 16:25:41 - [TEST_STEP][PASSED] - req_data = sendRequest(findTestObject("Search_ME", ["MID":MID, "source":source, "ip":ip, "userid":userid, "branch":branch, "tipekons":tipekons, "marital":marital, "penjamin":penjamin, ... ])): Send request successfully

2022-11-22 16:25:42 - [MESSAGE][INFO] - HAR: D:\DMS\Engine Scoring\Reports\20221122_162012\Exclude KKB - DS\Scoring Individu - KKB\20221122_162012\requests\main\134.har

2022-11-22 16:25:42 - [MESSAGE][PASSED] - Send request successfully

2022-11-22 16:25:42 - [TEST_STEP][PASSED] - slurper = new groovy.json.JsonSlurper(): null

2022-11-22 16:25:42 - [TEST_STEP][PASSED] - result = slurper.parseText(req_data.getResponseBodyContent()): null

2022-11-22 16:25:42 - [TEST_STEP][PASSED] - reqid_kons = requestid1: null

2022-11-22 16:25:42 - [TEST_STEP][PASSED] - reqid_spouse = requestid2: null

2022-11-22 16:25:42 - [TEST_STEP][PASSED] - println("requestid kons : " + reqid_kons): null

2022-11-22 16:25:42 - [TEST_STEP][PASSED] - response_searchME_kons = reqid_kons: null

2022-11-22 16:25:42 - [TEST_STEP][PASSED] - response_searchME_spouse = reqid_spouse: null

2022-11-22 16:25:42 - [TEST_STEP][PASSED] - println("kons req id is :" + response_searchME_kons): null

2022-11-22 16:25:42 - [TEST_STEP][PASSED] - println("spouse req id is : " + response_searchME_spouse): null

2022-11-22 16:25:42 - [TEST_STEP][PASSED] - verifyResponseStatusCode(req_data, 200): Verify response status code successfully

2022-11-22 16:25:42 - [MESSAGE][PASSED] - Verify response status code successfully

2022-11-22 16:25:42 - [TEST_STEP][PASSED] - response = req_data.getResponseText(): null

2022-11-22 16:25:42 - [TEST_STEP][PASSED] - logInfo($response): {"status":"Done","data":{"requestid1":"242191","requestid2":""}}

2022-11-22 16:25:42 - [MESSAGE][INFO] - {"status":"Done","data":{"requestid1":"242191","requestid2":""}}

2022-11-22 16:25:42 - [TEST_STEP][PASSED] - delay(3): Delayed 3 second(s)

2022-11-22 16:25:45 - [MESSAGE][PASSED] - Delayed 3 second(s)

2022-11-22 16:25:45 - [TEST_STEP][PASSED] - scoring = sendRequest(findTestObject("EngineScore", ["response_searchME_kons":response_searchME_kons, "response_searchME_spouse":response_searchME_spouse])): Send request successfully

2022-11-22 16:25:45 - [MESSAGE][INFO] - HAR: D:\DMS\Engine Scoring\Reports\20221122_162012\Exclude KKB - DS\Scoring Individu - KKB\20221122_162012\requests\main\135.har

2022-11-22 16:25:45 - [MESSAGE][PASSED] - Send request successfully

2022-11-22 16:25:45 - [TEST_STEP][PASSED] - verifyResponseStatusCode(scoring, 200): Verify response status code successfully

2022-11-22 16:25:45 - [MESSAGE][PASSED] - Verify response status code successfully

2022-11-22 16:25:45 - [TEST_STEP][PASSED] - response2 = scoring.getResponseText(): null

2022-11-22 16:25:45 - [TEST_STEP][PASSED] - markPassed("result service data ke : " + no): result service data ke : 68

2022-11-22 16:25:45 - [MESSAGE][PASSED] - result service data ke : 68

2022-11-22 16:25:45 - [TEST_STEP][PASSED] - logInfo($response2): {"result_konsumen":"Approve","result_pasangan":"","Final_result":"Approve","errorMessage":"","status":"Done"}

2022-11-22 16:25:45 - [MESSAGE][INFO] - {"result_konsumen":"Approve","result_pasangan":"","Final_result":"Approve","errorMessage":"","status":"Done"}

2022-11-22 16:25:45 - [TEST_STEP][PASSED] - verifyElementPropertyValue(scoring, "Final_result", final_result): Verify element property value successfully

2022-11-22 16:25:45 - [MESSAGE][PASSED] - Verify element property value successfully]]></system-out>
         <system-err><![CDATA[]]></system-err>
      </testcase>
      <testcase name="Test Cases/Engine_Scoring/Engine Scoring" time="4.963" classname="Test Cases/Engine_Scoring/Engine Scoring" status="PASSED">
         <system-out><![CDATA[2022-11-22 16:25:45 - [TEST_CASE][PASSED] - Test Cases/Engine_Scoring/Engine Scoring: Test Cases/Engine_Scoring/Engine Scoring

2022-11-22 16:25:46 - [TEST_STEP][PASSED] - markPassed("Variasi data ke : " + no): Variasi data ke : 69

2022-11-22 16:25:46 - [MESSAGE][PASSED] - Variasi data ke : 69

2022-11-22 16:25:46 - [TEST_STEP][PASSED] - req_data = sendRequest(findTestObject("Search_ME", ["MID":MID, "source":source, "ip":ip, "userid":userid, "branch":branch, "tipekons":tipekons, "marital":marital, "penjamin":penjamin, ... ])): Send request successfully

2022-11-22 16:25:47 - [MESSAGE][INFO] - HAR: D:\DMS\Engine Scoring\Reports\20221122_162012\Exclude KKB - DS\Scoring Individu - KKB\20221122_162012\requests\main\136.har

2022-11-22 16:25:47 - [MESSAGE][PASSED] - Send request successfully

2022-11-22 16:25:47 - [TEST_STEP][PASSED] - slurper = new groovy.json.JsonSlurper(): null

2022-11-22 16:25:47 - [TEST_STEP][PASSED] - result = slurper.parseText(req_data.getResponseBodyContent()): null

2022-11-22 16:25:47 - [TEST_STEP][PASSED] - reqid_kons = requestid1: null

2022-11-22 16:25:47 - [TEST_STEP][PASSED] - reqid_spouse = requestid2: null

2022-11-22 16:25:47 - [TEST_STEP][PASSED] - println("requestid kons : " + reqid_kons): null

2022-11-22 16:25:47 - [TEST_STEP][PASSED] - response_searchME_kons = reqid_kons: null

2022-11-22 16:25:47 - [TEST_STEP][PASSED] - response_searchME_spouse = reqid_spouse: null

2022-11-22 16:25:47 - [TEST_STEP][PASSED] - println("kons req id is :" + response_searchME_kons): null

2022-11-22 16:25:47 - [TEST_STEP][PASSED] - println("spouse req id is : " + response_searchME_spouse): null

2022-11-22 16:25:47 - [TEST_STEP][PASSED] - verifyResponseStatusCode(req_data, 200): Verify response status code successfully

2022-11-22 16:25:47 - [MESSAGE][PASSED] - Verify response status code successfully

2022-11-22 16:25:47 - [TEST_STEP][PASSED] - response = req_data.getResponseText(): null

2022-11-22 16:25:47 - [TEST_STEP][PASSED] - logInfo($response): {"status":"Done","data":{"requestid1":"242192","requestid2":""}}

2022-11-22 16:25:47 - [MESSAGE][INFO] - {"status":"Done","data":{"requestid1":"242192","requestid2":""}}

2022-11-22 16:25:47 - [TEST_STEP][PASSED] - delay(3): Delayed 3 second(s)

2022-11-22 16:25:50 - [MESSAGE][PASSED] - Delayed 3 second(s)

2022-11-22 16:25:50 - [TEST_STEP][PASSED] - scoring = sendRequest(findTestObject("EngineScore", ["response_searchME_kons":response_searchME_kons, "response_searchME_spouse":response_searchME_spouse])): Send request successfully

2022-11-22 16:25:50 - [MESSAGE][INFO] - HAR: D:\DMS\Engine Scoring\Reports\20221122_162012\Exclude KKB - DS\Scoring Individu - KKB\20221122_162012\requests\main\137.har

2022-11-22 16:25:50 - [MESSAGE][PASSED] - Send request successfully

2022-11-22 16:25:50 - [TEST_STEP][PASSED] - verifyResponseStatusCode(scoring, 200): Verify response status code successfully

2022-11-22 16:25:50 - [MESSAGE][PASSED] - Verify response status code successfully

2022-11-22 16:25:50 - [TEST_STEP][PASSED] - response2 = scoring.getResponseText(): null

2022-11-22 16:25:50 - [TEST_STEP][PASSED] - markPassed("result service data ke : " + no): result service data ke : 69

2022-11-22 16:25:50 - [MESSAGE][PASSED] - result service data ke : 69

2022-11-22 16:25:50 - [TEST_STEP][PASSED] - logInfo($response2): {"result_konsumen":"Reject","result_pasangan":"","Final_result":"Reject","errorMessage":"","status":"Done"}

2022-11-22 16:25:50 - [MESSAGE][INFO] - {"result_konsumen":"Reject","result_pasangan":"","Final_result":"Reject","errorMessage":"","status":"Done"}

2022-11-22 16:25:50 - [TEST_STEP][PASSED] - verifyElementPropertyValue(scoring, "Final_result", final_result): Verify element property value successfully

2022-11-22 16:25:50 - [MESSAGE][PASSED] - Verify element property value successfully]]></system-out>
         <system-err><![CDATA[]]></system-err>
      </testcase>
      <testcase name="Test Cases/Engine_Scoring/Engine Scoring" time="4.951" classname="Test Cases/Engine_Scoring/Engine Scoring" status="PASSED">
         <system-out><![CDATA[2022-11-22 16:25:50 - [TEST_CASE][PASSED] - Test Cases/Engine_Scoring/Engine Scoring: Test Cases/Engine_Scoring/Engine Scoring

2022-11-22 16:25:51 - [TEST_STEP][PASSED] - markPassed("Variasi data ke : " + no): Variasi data ke : 70

2022-11-22 16:25:51 - [MESSAGE][PASSED] - Variasi data ke : 70

2022-11-22 16:25:51 - [TEST_STEP][PASSED] - req_data = sendRequest(findTestObject("Search_ME", ["MID":MID, "source":source, "ip":ip, "userid":userid, "branch":branch, "tipekons":tipekons, "marital":marital, "penjamin":penjamin, ... ])): Send request successfully

2022-11-22 16:25:52 - [MESSAGE][INFO] - HAR: D:\DMS\Engine Scoring\Reports\20221122_162012\Exclude KKB - DS\Scoring Individu - KKB\20221122_162012\requests\main\138.har

2022-11-22 16:25:52 - [MESSAGE][PASSED] - Send request successfully

2022-11-22 16:25:52 - [TEST_STEP][PASSED] - slurper = new groovy.json.JsonSlurper(): null

2022-11-22 16:25:52 - [TEST_STEP][PASSED] - result = slurper.parseText(req_data.getResponseBodyContent()): null

2022-11-22 16:25:52 - [TEST_STEP][PASSED] - reqid_kons = requestid1: null

2022-11-22 16:25:52 - [TEST_STEP][PASSED] - reqid_spouse = requestid2: null

2022-11-22 16:25:52 - [TEST_STEP][PASSED] - println("requestid kons : " + reqid_kons): null

2022-11-22 16:25:52 - [TEST_STEP][PASSED] - response_searchME_kons = reqid_kons: null

2022-11-22 16:25:52 - [TEST_STEP][PASSED] - response_searchME_spouse = reqid_spouse: null

2022-11-22 16:25:52 - [TEST_STEP][PASSED] - println("kons req id is :" + response_searchME_kons): null

2022-11-22 16:25:52 - [TEST_STEP][PASSED] - println("spouse req id is : " + response_searchME_spouse): null

2022-11-22 16:25:52 - [TEST_STEP][PASSED] - verifyResponseStatusCode(req_data, 200): Verify response status code successfully

2022-11-22 16:25:52 - [MESSAGE][PASSED] - Verify response status code successfully

2022-11-22 16:25:52 - [TEST_STEP][PASSED] - response = req_data.getResponseText(): null

2022-11-22 16:25:52 - [TEST_STEP][PASSED] - logInfo($response): {"status":"Done","data":{"requestid1":"242193","requestid2":""}}

2022-11-22 16:25:52 - [MESSAGE][INFO] - {"status":"Done","data":{"requestid1":"242193","requestid2":""}}

2022-11-22 16:25:52 - [TEST_STEP][PASSED] - delay(3): Delayed 3 second(s)

2022-11-22 16:25:55 - [MESSAGE][PASSED] - Delayed 3 second(s)

2022-11-22 16:25:55 - [TEST_STEP][PASSED] - scoring = sendRequest(findTestObject("EngineScore", ["response_searchME_kons":response_searchME_kons, "response_searchME_spouse":response_searchME_spouse])): Send request successfully

2022-11-22 16:25:55 - [MESSAGE][INFO] - HAR: D:\DMS\Engine Scoring\Reports\20221122_162012\Exclude KKB - DS\Scoring Individu - KKB\20221122_162012\requests\main\139.har

2022-11-22 16:25:55 - [MESSAGE][PASSED] - Send request successfully

2022-11-22 16:25:55 - [TEST_STEP][PASSED] - verifyResponseStatusCode(scoring, 200): Verify response status code successfully

2022-11-22 16:25:55 - [MESSAGE][PASSED] - Verify response status code successfully

2022-11-22 16:25:55 - [TEST_STEP][PASSED] - response2 = scoring.getResponseText(): null

2022-11-22 16:25:55 - [TEST_STEP][PASSED] - markPassed("result service data ke : " + no): result service data ke : 70

2022-11-22 16:25:55 - [MESSAGE][PASSED] - result service data ke : 70

2022-11-22 16:25:55 - [TEST_STEP][PASSED] - logInfo($response2): {"result_konsumen":"Reject","result_pasangan":"","Final_result":"Reject","errorMessage":"","status":"Done"}

2022-11-22 16:25:55 - [MESSAGE][INFO] - {"result_konsumen":"Reject","result_pasangan":"","Final_result":"Reject","errorMessage":"","status":"Done"}

2022-11-22 16:25:55 - [TEST_STEP][PASSED] - verifyElementPropertyValue(scoring, "Final_result", final_result): Verify element property value successfully

2022-11-22 16:25:55 - [MESSAGE][PASSED] - Verify element property value successfully]]></system-out>
         <system-err><![CDATA[]]></system-err>
      </testcase>
      <testcase name="Test Cases/Engine_Scoring/Engine Scoring" time="4.904" classname="Test Cases/Engine_Scoring/Engine Scoring" status="PASSED">
         <system-out><![CDATA[2022-11-22 16:25:55 - [TEST_CASE][PASSED] - Test Cases/Engine_Scoring/Engine Scoring: Test Cases/Engine_Scoring/Engine Scoring

2022-11-22 16:25:56 - [TEST_STEP][PASSED] - markPassed("Variasi data ke : " + no): Variasi data ke : 71

2022-11-22 16:25:56 - [MESSAGE][PASSED] - Variasi data ke : 71

2022-11-22 16:25:56 - [TEST_STEP][PASSED] - req_data = sendRequest(findTestObject("Search_ME", ["MID":MID, "source":source, "ip":ip, "userid":userid, "branch":branch, "tipekons":tipekons, "marital":marital, "penjamin":penjamin, ... ])): Send request successfully

2022-11-22 16:25:57 - [MESSAGE][INFO] - HAR: D:\DMS\Engine Scoring\Reports\20221122_162012\Exclude KKB - DS\Scoring Individu - KKB\20221122_162012\requests\main\140.har

2022-11-22 16:25:57 - [MESSAGE][PASSED] - Send request successfully

2022-11-22 16:25:57 - [TEST_STEP][PASSED] - slurper = new groovy.json.JsonSlurper(): null

2022-11-22 16:25:57 - [TEST_STEP][PASSED] - result = slurper.parseText(req_data.getResponseBodyContent()): null

2022-11-22 16:25:57 - [TEST_STEP][PASSED] - reqid_kons = requestid1: null

2022-11-22 16:25:57 - [TEST_STEP][PASSED] - reqid_spouse = requestid2: null

2022-11-22 16:25:57 - [TEST_STEP][PASSED] - println("requestid kons : " + reqid_kons): null

2022-11-22 16:25:57 - [TEST_STEP][PASSED] - response_searchME_kons = reqid_kons: null

2022-11-22 16:25:57 - [TEST_STEP][PASSED] - response_searchME_spouse = reqid_spouse: null

2022-11-22 16:25:57 - [TEST_STEP][PASSED] - println("kons req id is :" + response_searchME_kons): null

2022-11-22 16:25:57 - [TEST_STEP][PASSED] - println("spouse req id is : " + response_searchME_spouse): null

2022-11-22 16:25:57 - [TEST_STEP][PASSED] - verifyResponseStatusCode(req_data, 200): Verify response status code successfully

2022-11-22 16:25:57 - [MESSAGE][PASSED] - Verify response status code successfully

2022-11-22 16:25:57 - [TEST_STEP][PASSED] - response = req_data.getResponseText(): null

2022-11-22 16:25:57 - [TEST_STEP][PASSED] - logInfo($response): {"status":"Done","data":{"requestid1":"242194","requestid2":""}}

2022-11-22 16:25:57 - [MESSAGE][INFO] - {"status":"Done","data":{"requestid1":"242194","requestid2":""}}

2022-11-22 16:25:57 - [TEST_STEP][PASSED] - delay(3): Delayed 3 second(s)

2022-11-22 16:26:00 - [MESSAGE][PASSED] - Delayed 3 second(s)

2022-11-22 16:26:00 - [TEST_STEP][PASSED] - scoring = sendRequest(findTestObject("EngineScore", ["response_searchME_kons":response_searchME_kons, "response_searchME_spouse":response_searchME_spouse])): Send request successfully

2022-11-22 16:26:00 - [MESSAGE][INFO] - HAR: D:\DMS\Engine Scoring\Reports\20221122_162012\Exclude KKB - DS\Scoring Individu - KKB\20221122_162012\requests\main\141.har

2022-11-22 16:26:00 - [MESSAGE][PASSED] - Send request successfully

2022-11-22 16:26:00 - [TEST_STEP][PASSED] - verifyResponseStatusCode(scoring, 200): Verify response status code successfully

2022-11-22 16:26:00 - [MESSAGE][PASSED] - Verify response status code successfully

2022-11-22 16:26:00 - [TEST_STEP][PASSED] - response2 = scoring.getResponseText(): null

2022-11-22 16:26:00 - [TEST_STEP][PASSED] - markPassed("result service data ke : " + no): result service data ke : 71

2022-11-22 16:26:00 - [MESSAGE][PASSED] - result service data ke : 71

2022-11-22 16:26:00 - [TEST_STEP][PASSED] - logInfo($response2): {"result_konsumen":"Reject","result_pasangan":"","Final_result":"Reject","errorMessage":"","status":"Done"}

2022-11-22 16:26:00 - [MESSAGE][INFO] - {"result_konsumen":"Reject","result_pasangan":"","Final_result":"Reject","errorMessage":"","status":"Done"}

2022-11-22 16:26:00 - [TEST_STEP][PASSED] - verifyElementPropertyValue(scoring, "Final_result", final_result): Verify element property value successfully

2022-11-22 16:26:00 - [MESSAGE][PASSED] - Verify element property value successfully]]></system-out>
         <system-err><![CDATA[]]></system-err>
      </testcase>
      <testcase name="Test Cases/Engine_Scoring/Engine Scoring" time="4.815" classname="Test Cases/Engine_Scoring/Engine Scoring" status="PASSED">
         <system-out><![CDATA[2022-11-22 16:26:00 - [TEST_CASE][PASSED] - Test Cases/Engine_Scoring/Engine Scoring: Test Cases/Engine_Scoring/Engine Scoring

2022-11-22 16:26:01 - [TEST_STEP][PASSED] - markPassed("Variasi data ke : " + no): Variasi data ke : 72

2022-11-22 16:26:01 - [MESSAGE][PASSED] - Variasi data ke : 72

2022-11-22 16:26:01 - [TEST_STEP][PASSED] - req_data = sendRequest(findTestObject("Search_ME", ["MID":MID, "source":source, "ip":ip, "userid":userid, "branch":branch, "tipekons":tipekons, "marital":marital, "penjamin":penjamin, ... ])): Send request successfully

2022-11-22 16:26:02 - [MESSAGE][INFO] - HAR: D:\DMS\Engine Scoring\Reports\20221122_162012\Exclude KKB - DS\Scoring Individu - KKB\20221122_162012\requests\main\142.har

2022-11-22 16:26:02 - [MESSAGE][PASSED] - Send request successfully

2022-11-22 16:26:02 - [TEST_STEP][PASSED] - slurper = new groovy.json.JsonSlurper(): null

2022-11-22 16:26:02 - [TEST_STEP][PASSED] - result = slurper.parseText(req_data.getResponseBodyContent()): null

2022-11-22 16:26:02 - [TEST_STEP][PASSED] - reqid_kons = requestid1: null

2022-11-22 16:26:02 - [TEST_STEP][PASSED] - reqid_spouse = requestid2: null

2022-11-22 16:26:02 - [TEST_STEP][PASSED] - println("requestid kons : " + reqid_kons): null

2022-11-22 16:26:02 - [TEST_STEP][PASSED] - response_searchME_kons = reqid_kons: null

2022-11-22 16:26:02 - [TEST_STEP][PASSED] - response_searchME_spouse = reqid_spouse: null

2022-11-22 16:26:02 - [TEST_STEP][PASSED] - println("kons req id is :" + response_searchME_kons): null

2022-11-22 16:26:02 - [TEST_STEP][PASSED] - println("spouse req id is : " + response_searchME_spouse): null

2022-11-22 16:26:02 - [TEST_STEP][PASSED] - verifyResponseStatusCode(req_data, 200): Verify response status code successfully

2022-11-22 16:26:02 - [MESSAGE][PASSED] - Verify response status code successfully

2022-11-22 16:26:02 - [TEST_STEP][PASSED] - response = req_data.getResponseText(): null

2022-11-22 16:26:02 - [TEST_STEP][PASSED] - logInfo($response): {"status":"Done","data":{"requestid1":"242195","requestid2":""}}

2022-11-22 16:26:02 - [MESSAGE][INFO] - {"status":"Done","data":{"requestid1":"242195","requestid2":""}}

2022-11-22 16:26:02 - [TEST_STEP][PASSED] - delay(3): Delayed 3 second(s)

2022-11-22 16:26:05 - [MESSAGE][PASSED] - Delayed 3 second(s)

2022-11-22 16:26:05 - [TEST_STEP][PASSED] - scoring = sendRequest(findTestObject("EngineScore", ["response_searchME_kons":response_searchME_kons, "response_searchME_spouse":response_searchME_spouse])): Send request successfully

2022-11-22 16:26:05 - [MESSAGE][INFO] - HAR: D:\DMS\Engine Scoring\Reports\20221122_162012\Exclude KKB - DS\Scoring Individu - KKB\20221122_162012\requests\main\143.har

2022-11-22 16:26:05 - [MESSAGE][PASSED] - Send request successfully

2022-11-22 16:26:05 - [TEST_STEP][PASSED] - verifyResponseStatusCode(scoring, 200): Verify response status code successfully

2022-11-22 16:26:05 - [MESSAGE][PASSED] - Verify response status code successfully

2022-11-22 16:26:05 - [TEST_STEP][PASSED] - response2 = scoring.getResponseText(): null

2022-11-22 16:26:05 - [TEST_STEP][PASSED] - markPassed("result service data ke : " + no): result service data ke : 72

2022-11-22 16:26:05 - [MESSAGE][PASSED] - result service data ke : 72

2022-11-22 16:26:05 - [TEST_STEP][PASSED] - logInfo($response2): {"result_konsumen":"Reject","result_pasangan":"","Final_result":"Reject","errorMessage":"","status":"Done"}

2022-11-22 16:26:05 - [MESSAGE][INFO] - {"result_konsumen":"Reject","result_pasangan":"","Final_result":"Reject","errorMessage":"","status":"Done"}

2022-11-22 16:26:05 - [TEST_STEP][PASSED] - verifyElementPropertyValue(scoring, "Final_result", final_result): Verify element property value successfully

2022-11-22 16:26:05 - [MESSAGE][PASSED] - Verify element property value successfully]]></system-out>
         <system-err><![CDATA[]]></system-err>
      </testcase>
      <testcase name="Test Cases/Engine_Scoring/Engine Scoring" time="4.714" classname="Test Cases/Engine_Scoring/Engine Scoring" status="PASSED">
         <system-out><![CDATA[2022-11-22 16:26:05 - [TEST_CASE][PASSED] - Test Cases/Engine_Scoring/Engine Scoring: Test Cases/Engine_Scoring/Engine Scoring

2022-11-22 16:26:06 - [TEST_STEP][PASSED] - markPassed("Variasi data ke : " + no): Variasi data ke : 73

2022-11-22 16:26:06 - [MESSAGE][PASSED] - Variasi data ke : 73

2022-11-22 16:26:06 - [TEST_STEP][PASSED] - req_data = sendRequest(findTestObject("Search_ME", ["MID":MID, "source":source, "ip":ip, "userid":userid, "branch":branch, "tipekons":tipekons, "marital":marital, "penjamin":penjamin, ... ])): Send request successfully

2022-11-22 16:26:07 - [MESSAGE][INFO] - HAR: D:\DMS\Engine Scoring\Reports\20221122_162012\Exclude KKB - DS\Scoring Individu - KKB\20221122_162012\requests\main\144.har

2022-11-22 16:26:07 - [MESSAGE][PASSED] - Send request successfully

2022-11-22 16:26:07 - [TEST_STEP][PASSED] - slurper = new groovy.json.JsonSlurper(): null

2022-11-22 16:26:07 - [TEST_STEP][PASSED] - result = slurper.parseText(req_data.getResponseBodyContent()): null

2022-11-22 16:26:07 - [TEST_STEP][PASSED] - reqid_kons = requestid1: null

2022-11-22 16:26:07 - [TEST_STEP][PASSED] - reqid_spouse = requestid2: null

2022-11-22 16:26:07 - [TEST_STEP][PASSED] - println("requestid kons : " + reqid_kons): null

2022-11-22 16:26:07 - [TEST_STEP][PASSED] - response_searchME_kons = reqid_kons: null

2022-11-22 16:26:07 - [TEST_STEP][PASSED] - response_searchME_spouse = reqid_spouse: null

2022-11-22 16:26:07 - [TEST_STEP][PASSED] - println("kons req id is :" + response_searchME_kons): null

2022-11-22 16:26:07 - [TEST_STEP][PASSED] - println("spouse req id is : " + response_searchME_spouse): null

2022-11-22 16:26:07 - [TEST_STEP][PASSED] - verifyResponseStatusCode(req_data, 200): Verify response status code successfully

2022-11-22 16:26:07 - [MESSAGE][PASSED] - Verify response status code successfully

2022-11-22 16:26:07 - [TEST_STEP][PASSED] - response = req_data.getResponseText(): null

2022-11-22 16:26:07 - [TEST_STEP][PASSED] - logInfo($response): {"status":"Done","data":{"requestid1":"242196","requestid2":""}}

2022-11-22 16:26:07 - [MESSAGE][INFO] - {"status":"Done","data":{"requestid1":"242196","requestid2":""}}

2022-11-22 16:26:07 - [TEST_STEP][PASSED] - delay(3): Delayed 3 second(s)

2022-11-22 16:26:10 - [MESSAGE][PASSED] - Delayed 3 second(s)

2022-11-22 16:26:10 - [TEST_STEP][PASSED] - scoring = sendRequest(findTestObject("EngineScore", ["response_searchME_kons":response_searchME_kons, "response_searchME_spouse":response_searchME_spouse])): Send request successfully

2022-11-22 16:26:10 - [MESSAGE][INFO] - HAR: D:\DMS\Engine Scoring\Reports\20221122_162012\Exclude KKB - DS\Scoring Individu - KKB\20221122_162012\requests\main\145.har

2022-11-22 16:26:10 - [MESSAGE][PASSED] - Send request successfully

2022-11-22 16:26:10 - [TEST_STEP][PASSED] - verifyResponseStatusCode(scoring, 200): Verify response status code successfully

2022-11-22 16:26:10 - [MESSAGE][PASSED] - Verify response status code successfully

2022-11-22 16:26:10 - [TEST_STEP][PASSED] - response2 = scoring.getResponseText(): null

2022-11-22 16:26:10 - [TEST_STEP][PASSED] - markPassed("result service data ke : " + no): result service data ke : 73

2022-11-22 16:26:10 - [MESSAGE][PASSED] - result service data ke : 73

2022-11-22 16:26:10 - [TEST_STEP][PASSED] - logInfo($response2): {"result_konsumen":"Approve","result_pasangan":"","Final_result":"Approve","errorMessage":"","status":"Done"}

2022-11-22 16:26:10 - [MESSAGE][INFO] - {"result_konsumen":"Approve","result_pasangan":"","Final_result":"Approve","errorMessage":"","status":"Done"}

2022-11-22 16:26:10 - [TEST_STEP][PASSED] - verifyElementPropertyValue(scoring, "Final_result", final_result): Verify element property value successfully

2022-11-22 16:26:10 - [MESSAGE][PASSED] - Verify element property value successfully]]></system-out>
         <system-err><![CDATA[]]></system-err>
      </testcase>
      <testcase name="Test Cases/Engine_Scoring/Engine Scoring" time="4.836" classname="Test Cases/Engine_Scoring/Engine Scoring" status="PASSED">
         <system-out><![CDATA[2022-11-22 16:26:10 - [TEST_CASE][PASSED] - Test Cases/Engine_Scoring/Engine Scoring: Test Cases/Engine_Scoring/Engine Scoring

2022-11-22 16:26:11 - [TEST_STEP][PASSED] - markPassed("Variasi data ke : " + no): Variasi data ke : 74

2022-11-22 16:26:11 - [MESSAGE][PASSED] - Variasi data ke : 74

2022-11-22 16:26:11 - [TEST_STEP][PASSED] - req_data = sendRequest(findTestObject("Search_ME", ["MID":MID, "source":source, "ip":ip, "userid":userid, "branch":branch, "tipekons":tipekons, "marital":marital, "penjamin":penjamin, ... ])): Send request successfully

2022-11-22 16:26:12 - [MESSAGE][INFO] - HAR: D:\DMS\Engine Scoring\Reports\20221122_162012\Exclude KKB - DS\Scoring Individu - KKB\20221122_162012\requests\main\146.har

2022-11-22 16:26:12 - [MESSAGE][PASSED] - Send request successfully

2022-11-22 16:26:12 - [TEST_STEP][PASSED] - slurper = new groovy.json.JsonSlurper(): null

2022-11-22 16:26:12 - [TEST_STEP][PASSED] - result = slurper.parseText(req_data.getResponseBodyContent()): null

2022-11-22 16:26:12 - [TEST_STEP][PASSED] - reqid_kons = requestid1: null

2022-11-22 16:26:12 - [TEST_STEP][PASSED] - reqid_spouse = requestid2: null

2022-11-22 16:26:12 - [TEST_STEP][PASSED] - println("requestid kons : " + reqid_kons): null

2022-11-22 16:26:12 - [TEST_STEP][PASSED] - response_searchME_kons = reqid_kons: null

2022-11-22 16:26:12 - [TEST_STEP][PASSED] - response_searchME_spouse = reqid_spouse: null

2022-11-22 16:26:12 - [TEST_STEP][PASSED] - println("kons req id is :" + response_searchME_kons): null

2022-11-22 16:26:12 - [TEST_STEP][PASSED] - println("spouse req id is : " + response_searchME_spouse): null

2022-11-22 16:26:12 - [TEST_STEP][PASSED] - verifyResponseStatusCode(req_data, 200): Verify response status code successfully

2022-11-22 16:26:12 - [MESSAGE][PASSED] - Verify response status code successfully

2022-11-22 16:26:12 - [TEST_STEP][PASSED] - response = req_data.getResponseText(): null

2022-11-22 16:26:12 - [TEST_STEP][PASSED] - logInfo($response): {"status":"Done","data":{"requestid1":"242197","requestid2":""}}

2022-11-22 16:26:12 - [MESSAGE][INFO] - {"status":"Done","data":{"requestid1":"242197","requestid2":""}}

2022-11-22 16:26:12 - [TEST_STEP][PASSED] - delay(3): Delayed 3 second(s)

2022-11-22 16:26:15 - [MESSAGE][PASSED] - Delayed 3 second(s)

2022-11-22 16:26:15 - [TEST_STEP][PASSED] - scoring = sendRequest(findTestObject("EngineScore", ["response_searchME_kons":response_searchME_kons, "response_searchME_spouse":response_searchME_spouse])): Send request successfully

2022-11-22 16:26:15 - [MESSAGE][INFO] - HAR: D:\DMS\Engine Scoring\Reports\20221122_162012\Exclude KKB - DS\Scoring Individu - KKB\20221122_162012\requests\main\147.har

2022-11-22 16:26:15 - [MESSAGE][PASSED] - Send request successfully

2022-11-22 16:26:15 - [TEST_STEP][PASSED] - verifyResponseStatusCode(scoring, 200): Verify response status code successfully

2022-11-22 16:26:15 - [MESSAGE][PASSED] - Verify response status code successfully

2022-11-22 16:26:15 - [TEST_STEP][PASSED] - response2 = scoring.getResponseText(): null

2022-11-22 16:26:15 - [TEST_STEP][PASSED] - markPassed("result service data ke : " + no): result service data ke : 74

2022-11-22 16:26:15 - [MESSAGE][PASSED] - result service data ke : 74

2022-11-22 16:26:15 - [TEST_STEP][PASSED] - logInfo($response2): {"result_konsumen":"Approve","result_pasangan":"","Final_result":"Approve","errorMessage":"","status":"Done"}

2022-11-22 16:26:15 - [MESSAGE][INFO] - {"result_konsumen":"Approve","result_pasangan":"","Final_result":"Approve","errorMessage":"","status":"Done"}

2022-11-22 16:26:15 - [TEST_STEP][PASSED] - verifyElementPropertyValue(scoring, "Final_result", final_result): Verify element property value successfully

2022-11-22 16:26:15 - [MESSAGE][PASSED] - Verify element property value successfully]]></system-out>
         <system-err><![CDATA[]]></system-err>
      </testcase>
      <testcase name="Test Cases/Engine_Scoring/Engine Scoring" time="4.876" classname="Test Cases/Engine_Scoring/Engine Scoring" status="PASSED">
         <system-out><![CDATA[2022-11-22 16:26:15 - [TEST_CASE][PASSED] - Test Cases/Engine_Scoring/Engine Scoring: Test Cases/Engine_Scoring/Engine Scoring

2022-11-22 16:26:16 - [TEST_STEP][PASSED] - markPassed("Variasi data ke : " + no): Variasi data ke : 75

2022-11-22 16:26:16 - [MESSAGE][PASSED] - Variasi data ke : 75

2022-11-22 16:26:16 - [TEST_STEP][PASSED] - req_data = sendRequest(findTestObject("Search_ME", ["MID":MID, "source":source, "ip":ip, "userid":userid, "branch":branch, "tipekons":tipekons, "marital":marital, "penjamin":penjamin, ... ])): Send request successfully

2022-11-22 16:26:17 - [MESSAGE][INFO] - HAR: D:\DMS\Engine Scoring\Reports\20221122_162012\Exclude KKB - DS\Scoring Individu - KKB\20221122_162012\requests\main\148.har

2022-11-22 16:26:17 - [MESSAGE][PASSED] - Send request successfully

2022-11-22 16:26:17 - [TEST_STEP][PASSED] - slurper = new groovy.json.JsonSlurper(): null

2022-11-22 16:26:17 - [TEST_STEP][PASSED] - result = slurper.parseText(req_data.getResponseBodyContent()): null

2022-11-22 16:26:17 - [TEST_STEP][PASSED] - reqid_kons = requestid1: null

2022-11-22 16:26:17 - [TEST_STEP][PASSED] - reqid_spouse = requestid2: null

2022-11-22 16:26:17 - [TEST_STEP][PASSED] - println("requestid kons : " + reqid_kons): null

2022-11-22 16:26:17 - [TEST_STEP][PASSED] - response_searchME_kons = reqid_kons: null

2022-11-22 16:26:17 - [TEST_STEP][PASSED] - response_searchME_spouse = reqid_spouse: null

2022-11-22 16:26:17 - [TEST_STEP][PASSED] - println("kons req id is :" + response_searchME_kons): null

2022-11-22 16:26:17 - [TEST_STEP][PASSED] - println("spouse req id is : " + response_searchME_spouse): null

2022-11-22 16:26:17 - [TEST_STEP][PASSED] - verifyResponseStatusCode(req_data, 200): Verify response status code successfully

2022-11-22 16:26:17 - [MESSAGE][PASSED] - Verify response status code successfully

2022-11-22 16:26:17 - [TEST_STEP][PASSED] - response = req_data.getResponseText(): null

2022-11-22 16:26:17 - [TEST_STEP][PASSED] - logInfo($response): {"status":"Done","data":{"requestid1":"242198","requestid2":""}}

2022-11-22 16:26:17 - [MESSAGE][INFO] - {"status":"Done","data":{"requestid1":"242198","requestid2":""}}

2022-11-22 16:26:17 - [TEST_STEP][PASSED] - delay(3): Delayed 3 second(s)

2022-11-22 16:26:20 - [MESSAGE][PASSED] - Delayed 3 second(s)

2022-11-22 16:26:20 - [TEST_STEP][PASSED] - scoring = sendRequest(findTestObject("EngineScore", ["response_searchME_kons":response_searchME_kons, "response_searchME_spouse":response_searchME_spouse])): Send request successfully

2022-11-22 16:26:20 - [MESSAGE][INFO] - HAR: D:\DMS\Engine Scoring\Reports\20221122_162012\Exclude KKB - DS\Scoring Individu - KKB\20221122_162012\requests\main\149.har

2022-11-22 16:26:20 - [MESSAGE][PASSED] - Send request successfully

2022-11-22 16:26:20 - [TEST_STEP][PASSED] - verifyResponseStatusCode(scoring, 200): Verify response status code successfully

2022-11-22 16:26:20 - [MESSAGE][PASSED] - Verify response status code successfully

2022-11-22 16:26:20 - [TEST_STEP][PASSED] - response2 = scoring.getResponseText(): null

2022-11-22 16:26:20 - [TEST_STEP][PASSED] - markPassed("result service data ke : " + no): result service data ke : 75

2022-11-22 16:26:20 - [MESSAGE][PASSED] - result service data ke : 75

2022-11-22 16:26:20 - [TEST_STEP][PASSED] - logInfo($response2): {"result_konsumen":"Approve","result_pasangan":"","Final_result":"Approve","errorMessage":"","status":"Done"}

2022-11-22 16:26:20 - [MESSAGE][INFO] - {"result_konsumen":"Approve","result_pasangan":"","Final_result":"Approve","errorMessage":"","status":"Done"}

2022-11-22 16:26:20 - [TEST_STEP][PASSED] - verifyElementPropertyValue(scoring, "Final_result", final_result): Verify element property value successfully

2022-11-22 16:26:20 - [MESSAGE][PASSED] - Verify element property value successfully]]></system-out>
         <system-err><![CDATA[]]></system-err>
      </testcase>
      <testcase name="Test Cases/Engine_Scoring/Engine Scoring" time="4.92" classname="Test Cases/Engine_Scoring/Engine Scoring" status="PASSED">
         <system-out><![CDATA[2022-11-22 16:26:20 - [TEST_CASE][PASSED] - Test Cases/Engine_Scoring/Engine Scoring: Test Cases/Engine_Scoring/Engine Scoring

2022-11-22 16:26:21 - [TEST_STEP][PASSED] - markPassed("Variasi data ke : " + no): Variasi data ke : 76

2022-11-22 16:26:21 - [MESSAGE][PASSED] - Variasi data ke : 76

2022-11-22 16:26:21 - [TEST_STEP][PASSED] - req_data = sendRequest(findTestObject("Search_ME", ["MID":MID, "source":source, "ip":ip, "userid":userid, "branch":branch, "tipekons":tipekons, "marital":marital, "penjamin":penjamin, ... ])): Send request successfully

2022-11-22 16:26:22 - [MESSAGE][INFO] - HAR: D:\DMS\Engine Scoring\Reports\20221122_162012\Exclude KKB - DS\Scoring Individu - KKB\20221122_162012\requests\main\150.har

2022-11-22 16:26:22 - [MESSAGE][PASSED] - Send request successfully

2022-11-22 16:26:22 - [TEST_STEP][PASSED] - slurper = new groovy.json.JsonSlurper(): null

2022-11-22 16:26:22 - [TEST_STEP][PASSED] - result = slurper.parseText(req_data.getResponseBodyContent()): null

2022-11-22 16:26:22 - [TEST_STEP][PASSED] - reqid_kons = requestid1: null

2022-11-22 16:26:22 - [TEST_STEP][PASSED] - reqid_spouse = requestid2: null

2022-11-22 16:26:22 - [TEST_STEP][PASSED] - println("requestid kons : " + reqid_kons): null

2022-11-22 16:26:22 - [TEST_STEP][PASSED] - response_searchME_kons = reqid_kons: null

2022-11-22 16:26:22 - [TEST_STEP][PASSED] - response_searchME_spouse = reqid_spouse: null

2022-11-22 16:26:22 - [TEST_STEP][PASSED] - println("kons req id is :" + response_searchME_kons): null

2022-11-22 16:26:22 - [TEST_STEP][PASSED] - println("spouse req id is : " + response_searchME_spouse): null

2022-11-22 16:26:22 - [TEST_STEP][PASSED] - verifyResponseStatusCode(req_data, 200): Verify response status code successfully

2022-11-22 16:26:22 - [MESSAGE][PASSED] - Verify response status code successfully

2022-11-22 16:26:22 - [TEST_STEP][PASSED] - response = req_data.getResponseText(): null

2022-11-22 16:26:22 - [TEST_STEP][PASSED] - logInfo($response): {"status":"Done","data":{"requestid1":"242199","requestid2":""}}

2022-11-22 16:26:22 - [MESSAGE][INFO] - {"status":"Done","data":{"requestid1":"242199","requestid2":""}}

2022-11-22 16:26:22 - [TEST_STEP][PASSED] - delay(3): Delayed 3 second(s)

2022-11-22 16:26:25 - [MESSAGE][PASSED] - Delayed 3 second(s)

2022-11-22 16:26:25 - [TEST_STEP][PASSED] - scoring = sendRequest(findTestObject("EngineScore", ["response_searchME_kons":response_searchME_kons, "response_searchME_spouse":response_searchME_spouse])): Send request successfully

2022-11-22 16:26:25 - [MESSAGE][INFO] - HAR: D:\DMS\Engine Scoring\Reports\20221122_162012\Exclude KKB - DS\Scoring Individu - KKB\20221122_162012\requests\main\151.har

2022-11-22 16:26:25 - [MESSAGE][PASSED] - Send request successfully

2022-11-22 16:26:25 - [TEST_STEP][PASSED] - verifyResponseStatusCode(scoring, 200): Verify response status code successfully

2022-11-22 16:26:25 - [MESSAGE][PASSED] - Verify response status code successfully

2022-11-22 16:26:25 - [TEST_STEP][PASSED] - response2 = scoring.getResponseText(): null

2022-11-22 16:26:25 - [TEST_STEP][PASSED] - markPassed("result service data ke : " + no): result service data ke : 76

2022-11-22 16:26:25 - [MESSAGE][PASSED] - result service data ke : 76

2022-11-22 16:26:25 - [TEST_STEP][PASSED] - logInfo($response2): {"result_konsumen":"Approve","result_pasangan":"","Final_result":"Approve","errorMessage":"","status":"Done"}

2022-11-22 16:26:25 - [MESSAGE][INFO] - {"result_konsumen":"Approve","result_pasangan":"","Final_result":"Approve","errorMessage":"","status":"Done"}

2022-11-22 16:26:25 - [TEST_STEP][PASSED] - verifyElementPropertyValue(scoring, "Final_result", final_result): Verify element property value successfully

2022-11-22 16:26:25 - [MESSAGE][PASSED] - Verify element property value successfully]]></system-out>
         <system-err><![CDATA[]]></system-err>
      </testcase>
      <testcase name="Test Cases/Engine_Scoring/Engine Scoring" time="4.811" classname="Test Cases/Engine_Scoring/Engine Scoring" status="PASSED">
         <system-out><![CDATA[2022-11-22 16:26:25 - [TEST_CASE][PASSED] - Test Cases/Engine_Scoring/Engine Scoring: Test Cases/Engine_Scoring/Engine Scoring

2022-11-22 16:26:25 - [TEST_STEP][PASSED] - markPassed("Variasi data ke : " + no): Variasi data ke : 77

2022-11-22 16:26:25 - [MESSAGE][PASSED] - Variasi data ke : 77

2022-11-22 16:26:25 - [TEST_STEP][PASSED] - req_data = sendRequest(findTestObject("Search_ME", ["MID":MID, "source":source, "ip":ip, "userid":userid, "branch":branch, "tipekons":tipekons, "marital":marital, "penjamin":penjamin, ... ])): Send request successfully

2022-11-22 16:26:26 - [MESSAGE][INFO] - HAR: D:\DMS\Engine Scoring\Reports\20221122_162012\Exclude KKB - DS\Scoring Individu - KKB\20221122_162012\requests\main\152.har

2022-11-22 16:26:26 - [MESSAGE][PASSED] - Send request successfully

2022-11-22 16:26:26 - [TEST_STEP][PASSED] - slurper = new groovy.json.JsonSlurper(): null

2022-11-22 16:26:26 - [TEST_STEP][PASSED] - result = slurper.parseText(req_data.getResponseBodyContent()): null

2022-11-22 16:26:26 - [TEST_STEP][PASSED] - reqid_kons = requestid1: null

2022-11-22 16:26:26 - [TEST_STEP][PASSED] - reqid_spouse = requestid2: null

2022-11-22 16:26:26 - [TEST_STEP][PASSED] - println("requestid kons : " + reqid_kons): null

2022-11-22 16:26:26 - [TEST_STEP][PASSED] - response_searchME_kons = reqid_kons: null

2022-11-22 16:26:26 - [TEST_STEP][PASSED] - response_searchME_spouse = reqid_spouse: null

2022-11-22 16:26:26 - [TEST_STEP][PASSED] - println("kons req id is :" + response_searchME_kons): null

2022-11-22 16:26:26 - [TEST_STEP][PASSED] - println("spouse req id is : " + response_searchME_spouse): null

2022-11-22 16:26:26 - [TEST_STEP][PASSED] - verifyResponseStatusCode(req_data, 200): Verify response status code successfully

2022-11-22 16:26:26 - [MESSAGE][PASSED] - Verify response status code successfully

2022-11-22 16:26:26 - [TEST_STEP][PASSED] - response = req_data.getResponseText(): null

2022-11-22 16:26:26 - [TEST_STEP][PASSED] - logInfo($response): {"status":"Done","data":{"requestid1":"242200","requestid2":""}}

2022-11-22 16:26:26 - [MESSAGE][INFO] - {"status":"Done","data":{"requestid1":"242200","requestid2":""}}

2022-11-22 16:26:26 - [TEST_STEP][PASSED] - delay(3): Delayed 3 second(s)

2022-11-22 16:26:29 - [MESSAGE][PASSED] - Delayed 3 second(s)

2022-11-22 16:26:29 - [TEST_STEP][PASSED] - scoring = sendRequest(findTestObject("EngineScore", ["response_searchME_kons":response_searchME_kons, "response_searchME_spouse":response_searchME_spouse])): Send request successfully

2022-11-22 16:26:29 - [MESSAGE][INFO] - HAR: D:\DMS\Engine Scoring\Reports\20221122_162012\Exclude KKB - DS\Scoring Individu - KKB\20221122_162012\requests\main\153.har

2022-11-22 16:26:29 - [MESSAGE][PASSED] - Send request successfully

2022-11-22 16:26:29 - [TEST_STEP][PASSED] - verifyResponseStatusCode(scoring, 200): Verify response status code successfully

2022-11-22 16:26:29 - [MESSAGE][PASSED] - Verify response status code successfully

2022-11-22 16:26:29 - [TEST_STEP][PASSED] - response2 = scoring.getResponseText(): null

2022-11-22 16:26:29 - [TEST_STEP][PASSED] - markPassed("result service data ke : " + no): result service data ke : 77

2022-11-22 16:26:29 - [MESSAGE][PASSED] - result service data ke : 77

2022-11-22 16:26:29 - [TEST_STEP][PASSED] - logInfo($response2): {"result_konsumen":"Reject","result_pasangan":"","Final_result":"Reject","errorMessage":"","status":"Done"}

2022-11-22 16:26:29 - [MESSAGE][INFO] - {"result_konsumen":"Reject","result_pasangan":"","Final_result":"Reject","errorMessage":"","status":"Done"}

2022-11-22 16:26:29 - [TEST_STEP][PASSED] - verifyElementPropertyValue(scoring, "Final_result", final_result): Verify element property value successfully

2022-11-22 16:26:29 - [MESSAGE][PASSED] - Verify element property value successfully]]></system-out>
         <system-err><![CDATA[]]></system-err>
      </testcase>
      <testcase name="Test Cases/Engine_Scoring/Engine Scoring" time="9.036" classname="Test Cases/Engine_Scoring/Engine Scoring" status="PASSED">
         <system-out><![CDATA[2022-11-22 16:26:30 - [TEST_CASE][PASSED] - Test Cases/Engine_Scoring/Engine Scoring: Test Cases/Engine_Scoring/Engine Scoring

2022-11-22 16:26:30 - [TEST_STEP][PASSED] - markPassed("Variasi data ke : " + no): Variasi data ke : 78

2022-11-22 16:26:30 - [MESSAGE][PASSED] - Variasi data ke : 78

2022-11-22 16:26:30 - [TEST_STEP][PASSED] - req_data = sendRequest(findTestObject("Search_ME", ["MID":MID, "source":source, "ip":ip, "userid":userid, "branch":branch, "tipekons":tipekons, "marital":marital, "penjamin":penjamin, ... ])): Send request successfully

2022-11-22 16:26:35 - [MESSAGE][INFO] - HAR: D:\DMS\Engine Scoring\Reports\20221122_162012\Exclude KKB - DS\Scoring Individu - KKB\20221122_162012\requests\main\154.har

2022-11-22 16:26:35 - [MESSAGE][PASSED] - Send request successfully

2022-11-22 16:26:35 - [TEST_STEP][PASSED] - slurper = new groovy.json.JsonSlurper(): null

2022-11-22 16:26:35 - [TEST_STEP][PASSED] - result = slurper.parseText(req_data.getResponseBodyContent()): null

2022-11-22 16:26:35 - [TEST_STEP][PASSED] - reqid_kons = requestid1: null

2022-11-22 16:26:35 - [TEST_STEP][PASSED] - reqid_spouse = requestid2: null

2022-11-22 16:26:35 - [TEST_STEP][PASSED] - println("requestid kons : " + reqid_kons): null

2022-11-22 16:26:35 - [TEST_STEP][PASSED] - response_searchME_kons = reqid_kons: null

2022-11-22 16:26:35 - [TEST_STEP][PASSED] - response_searchME_spouse = reqid_spouse: null

2022-11-22 16:26:35 - [TEST_STEP][PASSED] - println("kons req id is :" + response_searchME_kons): null

2022-11-22 16:26:35 - [TEST_STEP][PASSED] - println("spouse req id is : " + response_searchME_spouse): null

2022-11-22 16:26:35 - [TEST_STEP][PASSED] - verifyResponseStatusCode(req_data, 200): Verify response status code successfully

2022-11-22 16:26:35 - [MESSAGE][PASSED] - Verify response status code successfully

2022-11-22 16:26:35 - [TEST_STEP][PASSED] - response = req_data.getResponseText(): null

2022-11-22 16:26:35 - [TEST_STEP][PASSED] - logInfo($response): {"status":"Done","data":{"requestid1":"242201","requestid2":""}}

2022-11-22 16:26:35 - [MESSAGE][INFO] - {"status":"Done","data":{"requestid1":"242201","requestid2":""}}

2022-11-22 16:26:35 - [TEST_STEP][PASSED] - delay(3): Delayed 3 second(s)

2022-11-22 16:26:38 - [MESSAGE][PASSED] - Delayed 3 second(s)

2022-11-22 16:26:38 - [TEST_STEP][PASSED] - scoring = sendRequest(findTestObject("EngineScore", ["response_searchME_kons":response_searchME_kons, "response_searchME_spouse":response_searchME_spouse])): Send request successfully

2022-11-22 16:26:39 - [MESSAGE][INFO] - HAR: D:\DMS\Engine Scoring\Reports\20221122_162012\Exclude KKB - DS\Scoring Individu - KKB\20221122_162012\requests\main\155.har

2022-11-22 16:26:39 - [MESSAGE][PASSED] - Send request successfully

2022-11-22 16:26:39 - [TEST_STEP][PASSED] - verifyResponseStatusCode(scoring, 200): Verify response status code successfully

2022-11-22 16:26:39 - [MESSAGE][PASSED] - Verify response status code successfully

2022-11-22 16:26:39 - [TEST_STEP][PASSED] - response2 = scoring.getResponseText(): null

2022-11-22 16:26:39 - [TEST_STEP][PASSED] - markPassed("result service data ke : " + no): result service data ke : 78

2022-11-22 16:26:39 - [MESSAGE][PASSED] - result service data ke : 78

2022-11-22 16:26:39 - [TEST_STEP][PASSED] - logInfo($response2): {"result_konsumen":"Reject","result_pasangan":"","Final_result":"Reject","errorMessage":"","status":"Done"}

2022-11-22 16:26:39 - [MESSAGE][INFO] - {"result_konsumen":"Reject","result_pasangan":"","Final_result":"Reject","errorMessage":"","status":"Done"}

2022-11-22 16:26:39 - [TEST_STEP][PASSED] - verifyElementPropertyValue(scoring, "Final_result", final_result): Verify element property value successfully

2022-11-22 16:26:39 - [MESSAGE][PASSED] - Verify element property value successfully]]></system-out>
         <system-err><![CDATA[]]></system-err>
      </testcase>
      <testcase name="Test Cases/Engine_Scoring/Engine Scoring" time="4.912" classname="Test Cases/Engine_Scoring/Engine Scoring" status="PASSED">
         <system-out><![CDATA[2022-11-22 16:26:39 - [TEST_CASE][PASSED] - Test Cases/Engine_Scoring/Engine Scoring: Test Cases/Engine_Scoring/Engine Scoring

2022-11-22 16:26:40 - [TEST_STEP][PASSED] - markPassed("Variasi data ke : " + no): Variasi data ke : 79

2022-11-22 16:26:40 - [MESSAGE][PASSED] - Variasi data ke : 79

2022-11-22 16:26:40 - [TEST_STEP][PASSED] - req_data = sendRequest(findTestObject("Search_ME", ["MID":MID, "source":source, "ip":ip, "userid":userid, "branch":branch, "tipekons":tipekons, "marital":marital, "penjamin":penjamin, ... ])): Send request successfully

2022-11-22 16:26:40 - [MESSAGE][INFO] - HAR: D:\DMS\Engine Scoring\Reports\20221122_162012\Exclude KKB - DS\Scoring Individu - KKB\20221122_162012\requests\main\156.har

2022-11-22 16:26:40 - [MESSAGE][PASSED] - Send request successfully

2022-11-22 16:26:40 - [TEST_STEP][PASSED] - slurper = new groovy.json.JsonSlurper(): null

2022-11-22 16:26:40 - [TEST_STEP][PASSED] - result = slurper.parseText(req_data.getResponseBodyContent()): null

2022-11-22 16:26:40 - [TEST_STEP][PASSED] - reqid_kons = requestid1: null

2022-11-22 16:26:40 - [TEST_STEP][PASSED] - reqid_spouse = requestid2: null

2022-11-22 16:26:40 - [TEST_STEP][PASSED] - println("requestid kons : " + reqid_kons): null

2022-11-22 16:26:40 - [TEST_STEP][PASSED] - response_searchME_kons = reqid_kons: null

2022-11-22 16:26:40 - [TEST_STEP][PASSED] - response_searchME_spouse = reqid_spouse: null

2022-11-22 16:26:40 - [TEST_STEP][PASSED] - println("kons req id is :" + response_searchME_kons): null

2022-11-22 16:26:40 - [TEST_STEP][PASSED] - println("spouse req id is : " + response_searchME_spouse): null

2022-11-22 16:26:40 - [TEST_STEP][PASSED] - verifyResponseStatusCode(req_data, 200): Verify response status code successfully

2022-11-22 16:26:40 - [MESSAGE][PASSED] - Verify response status code successfully

2022-11-22 16:26:40 - [TEST_STEP][PASSED] - response = req_data.getResponseText(): null

2022-11-22 16:26:40 - [TEST_STEP][PASSED] - logInfo($response): {"status":"Done","data":{"requestid1":"242202","requestid2":""}}

2022-11-22 16:26:40 - [MESSAGE][INFO] - {"status":"Done","data":{"requestid1":"242202","requestid2":""}}

2022-11-22 16:26:40 - [TEST_STEP][PASSED] - delay(3): Delayed 3 second(s)

2022-11-22 16:26:43 - [MESSAGE][PASSED] - Delayed 3 second(s)

2022-11-22 16:26:43 - [TEST_STEP][PASSED] - scoring = sendRequest(findTestObject("EngineScore", ["response_searchME_kons":response_searchME_kons, "response_searchME_spouse":response_searchME_spouse])): Send request successfully

2022-11-22 16:26:44 - [MESSAGE][INFO] - HAR: D:\DMS\Engine Scoring\Reports\20221122_162012\Exclude KKB - DS\Scoring Individu - KKB\20221122_162012\requests\main\157.har

2022-11-22 16:26:44 - [MESSAGE][PASSED] - Send request successfully

2022-11-22 16:26:44 - [TEST_STEP][PASSED] - verifyResponseStatusCode(scoring, 200): Verify response status code successfully

2022-11-22 16:26:44 - [MESSAGE][PASSED] - Verify response status code successfully

2022-11-22 16:26:44 - [TEST_STEP][PASSED] - response2 = scoring.getResponseText(): null

2022-11-22 16:26:44 - [TEST_STEP][PASSED] - markPassed("result service data ke : " + no): result service data ke : 79

2022-11-22 16:26:44 - [MESSAGE][PASSED] - result service data ke : 79

2022-11-22 16:26:44 - [TEST_STEP][PASSED] - logInfo($response2): {"result_konsumen":"Reguler","result_pasangan":"","Final_result":"Reguler","errorMessage":"","status":"Done"}

2022-11-22 16:26:44 - [MESSAGE][INFO] - {"result_konsumen":"Reguler","result_pasangan":"","Final_result":"Reguler","errorMessage":"","status":"Done"}

2022-11-22 16:26:44 - [TEST_STEP][PASSED] - verifyElementPropertyValue(scoring, "Final_result", final_result): Verify element property value successfully

2022-11-22 16:26:44 - [MESSAGE][PASSED] - Verify element property value successfully]]></system-out>
         <system-err><![CDATA[]]></system-err>
      </testcase>
      <testcase name="Test Cases/Engine_Scoring/Engine Scoring" time="4.989" classname="Test Cases/Engine_Scoring/Engine Scoring" status="PASSED">
         <system-out><![CDATA[2022-11-22 16:26:44 - [TEST_CASE][PASSED] - Test Cases/Engine_Scoring/Engine Scoring: Test Cases/Engine_Scoring/Engine Scoring

2022-11-22 16:26:45 - [TEST_STEP][PASSED] - markPassed("Variasi data ke : " + no): Variasi data ke : 80

2022-11-22 16:26:45 - [MESSAGE][PASSED] - Variasi data ke : 80

2022-11-22 16:26:45 - [TEST_STEP][PASSED] - req_data = sendRequest(findTestObject("Search_ME", ["MID":MID, "source":source, "ip":ip, "userid":userid, "branch":branch, "tipekons":tipekons, "marital":marital, "penjamin":penjamin, ... ])): Send request successfully

2022-11-22 16:26:45 - [MESSAGE][INFO] - HAR: D:\DMS\Engine Scoring\Reports\20221122_162012\Exclude KKB - DS\Scoring Individu - KKB\20221122_162012\requests\main\158.har

2022-11-22 16:26:45 - [MESSAGE][PASSED] - Send request successfully

2022-11-22 16:26:45 - [TEST_STEP][PASSED] - slurper = new groovy.json.JsonSlurper(): null

2022-11-22 16:26:45 - [TEST_STEP][PASSED] - result = slurper.parseText(req_data.getResponseBodyContent()): null

2022-11-22 16:26:45 - [TEST_STEP][PASSED] - reqid_kons = requestid1: null

2022-11-22 16:26:45 - [TEST_STEP][PASSED] - reqid_spouse = requestid2: null

2022-11-22 16:26:45 - [TEST_STEP][PASSED] - println("requestid kons : " + reqid_kons): null

2022-11-22 16:26:45 - [TEST_STEP][PASSED] - response_searchME_kons = reqid_kons: null

2022-11-22 16:26:45 - [TEST_STEP][PASSED] - response_searchME_spouse = reqid_spouse: null

2022-11-22 16:26:45 - [TEST_STEP][PASSED] - println("kons req id is :" + response_searchME_kons): null

2022-11-22 16:26:45 - [TEST_STEP][PASSED] - println("spouse req id is : " + response_searchME_spouse): null

2022-11-22 16:26:45 - [TEST_STEP][PASSED] - verifyResponseStatusCode(req_data, 200): Verify response status code successfully

2022-11-22 16:26:45 - [MESSAGE][PASSED] - Verify response status code successfully

2022-11-22 16:26:45 - [TEST_STEP][PASSED] - response = req_data.getResponseText(): null

2022-11-22 16:26:45 - [TEST_STEP][PASSED] - logInfo($response): {"status":"Done","data":{"requestid1":"242203","requestid2":""}}

2022-11-22 16:26:45 - [MESSAGE][INFO] - {"status":"Done","data":{"requestid1":"242203","requestid2":""}}

2022-11-22 16:26:45 - [TEST_STEP][PASSED] - delay(3): Delayed 3 second(s)

2022-11-22 16:26:48 - [MESSAGE][PASSED] - Delayed 3 second(s)

2022-11-22 16:26:48 - [TEST_STEP][PASSED] - scoring = sendRequest(findTestObject("EngineScore", ["response_searchME_kons":response_searchME_kons, "response_searchME_spouse":response_searchME_spouse])): Send request successfully

2022-11-22 16:26:49 - [MESSAGE][INFO] - HAR: D:\DMS\Engine Scoring\Reports\20221122_162012\Exclude KKB - DS\Scoring Individu - KKB\20221122_162012\requests\main\159.har

2022-11-22 16:26:49 - [MESSAGE][PASSED] - Send request successfully

2022-11-22 16:26:49 - [TEST_STEP][PASSED] - verifyResponseStatusCode(scoring, 200): Verify response status code successfully

2022-11-22 16:26:49 - [MESSAGE][PASSED] - Verify response status code successfully

2022-11-22 16:26:49 - [TEST_STEP][PASSED] - response2 = scoring.getResponseText(): null

2022-11-22 16:26:49 - [TEST_STEP][PASSED] - markPassed("result service data ke : " + no): result service data ke : 80

2022-11-22 16:26:49 - [MESSAGE][PASSED] - result service data ke : 80

2022-11-22 16:26:49 - [TEST_STEP][PASSED] - logInfo($response2): {"result_konsumen":"Reguler","result_pasangan":"","Final_result":"Reguler","errorMessage":"","status":"Done"}

2022-11-22 16:26:49 - [MESSAGE][INFO] - {"result_konsumen":"Reguler","result_pasangan":"","Final_result":"Reguler","errorMessage":"","status":"Done"}

2022-11-22 16:26:49 - [TEST_STEP][PASSED] - verifyElementPropertyValue(scoring, "Final_result", final_result): Verify element property value successfully

2022-11-22 16:26:49 - [MESSAGE][PASSED] - Verify element property value successfully]]></system-out>
         <system-err><![CDATA[]]></system-err>
      </testcase>
      <testcase name="Test Cases/Engine_Scoring/Engine Scoring" time="4.872" classname="Test Cases/Engine_Scoring/Engine Scoring" status="PASSED">
         <system-out><![CDATA[2022-11-22 16:26:49 - [TEST_CASE][PASSED] - Test Cases/Engine_Scoring/Engine Scoring: Test Cases/Engine_Scoring/Engine Scoring

2022-11-22 16:26:49 - [TEST_STEP][PASSED] - markPassed("Variasi data ke : " + no): Variasi data ke : 81

2022-11-22 16:26:49 - [MESSAGE][PASSED] - Variasi data ke : 81

2022-11-22 16:26:49 - [TEST_STEP][PASSED] - req_data = sendRequest(findTestObject("Search_ME", ["MID":MID, "source":source, "ip":ip, "userid":userid, "branch":branch, "tipekons":tipekons, "marital":marital, "penjamin":penjamin, ... ])): Send request successfully

2022-11-22 16:26:50 - [MESSAGE][INFO] - HAR: D:\DMS\Engine Scoring\Reports\20221122_162012\Exclude KKB - DS\Scoring Individu - KKB\20221122_162012\requests\main\160.har

2022-11-22 16:26:50 - [MESSAGE][PASSED] - Send request successfully

2022-11-22 16:26:50 - [TEST_STEP][PASSED] - slurper = new groovy.json.JsonSlurper(): null

2022-11-22 16:26:50 - [TEST_STEP][PASSED] - result = slurper.parseText(req_data.getResponseBodyContent()): null

2022-11-22 16:26:50 - [TEST_STEP][PASSED] - reqid_kons = requestid1: null

2022-11-22 16:26:50 - [TEST_STEP][PASSED] - reqid_spouse = requestid2: null

2022-11-22 16:26:50 - [TEST_STEP][PASSED] - println("requestid kons : " + reqid_kons): null

2022-11-22 16:26:50 - [TEST_STEP][PASSED] - response_searchME_kons = reqid_kons: null

2022-11-22 16:26:50 - [TEST_STEP][PASSED] - response_searchME_spouse = reqid_spouse: null

2022-11-22 16:26:50 - [TEST_STEP][PASSED] - println("kons req id is :" + response_searchME_kons): null

2022-11-22 16:26:50 - [TEST_STEP][PASSED] - println("spouse req id is : " + response_searchME_spouse): null

2022-11-22 16:26:50 - [TEST_STEP][PASSED] - verifyResponseStatusCode(req_data, 200): Verify response status code successfully

2022-11-22 16:26:50 - [MESSAGE][PASSED] - Verify response status code successfully

2022-11-22 16:26:50 - [TEST_STEP][PASSED] - response = req_data.getResponseText(): null

2022-11-22 16:26:50 - [TEST_STEP][PASSED] - logInfo($response): {"status":"Done","data":{"requestid1":"242204","requestid2":""}}

2022-11-22 16:26:50 - [MESSAGE][INFO] - {"status":"Done","data":{"requestid1":"242204","requestid2":""}}

2022-11-22 16:26:50 - [TEST_STEP][PASSED] - delay(3): Delayed 3 second(s)

2022-11-22 16:26:53 - [MESSAGE][PASSED] - Delayed 3 second(s)

2022-11-22 16:26:53 - [TEST_STEP][PASSED] - scoring = sendRequest(findTestObject("EngineScore", ["response_searchME_kons":response_searchME_kons, "response_searchME_spouse":response_searchME_spouse])): Send request successfully

2022-11-22 16:26:53 - [MESSAGE][INFO] - HAR: D:\DMS\Engine Scoring\Reports\20221122_162012\Exclude KKB - DS\Scoring Individu - KKB\20221122_162012\requests\main\161.har

2022-11-22 16:26:53 - [MESSAGE][PASSED] - Send request successfully

2022-11-22 16:26:53 - [TEST_STEP][PASSED] - verifyResponseStatusCode(scoring, 200): Verify response status code successfully

2022-11-22 16:26:53 - [MESSAGE][PASSED] - Verify response status code successfully

2022-11-22 16:26:53 - [TEST_STEP][PASSED] - response2 = scoring.getResponseText(): null

2022-11-22 16:26:53 - [TEST_STEP][PASSED] - markPassed("result service data ke : " + no): result service data ke : 81

2022-11-22 16:26:53 - [MESSAGE][PASSED] - result service data ke : 81

2022-11-22 16:26:53 - [TEST_STEP][PASSED] - logInfo($response2): {"result_konsumen":"Reguler","result_pasangan":"","Final_result":"Reguler","errorMessage":"","status":"Done"}

2022-11-22 16:26:53 - [MESSAGE][INFO] - {"result_konsumen":"Reguler","result_pasangan":"","Final_result":"Reguler","errorMessage":"","status":"Done"}

2022-11-22 16:26:53 - [TEST_STEP][PASSED] - verifyElementPropertyValue(scoring, "Final_result", final_result): Verify element property value successfully

2022-11-22 16:26:53 - [MESSAGE][PASSED] - Verify element property value successfully]]></system-out>
         <system-err><![CDATA[]]></system-err>
      </testcase>
      <testcase name="Test Cases/Engine_Scoring/Engine Scoring" time="4.881" classname="Test Cases/Engine_Scoring/Engine Scoring" status="PASSED">
         <system-out><![CDATA[2022-11-22 16:26:54 - [TEST_CASE][PASSED] - Test Cases/Engine_Scoring/Engine Scoring: Test Cases/Engine_Scoring/Engine Scoring

2022-11-22 16:26:54 - [TEST_STEP][PASSED] - markPassed("Variasi data ke : " + no): Variasi data ke : 82

2022-11-22 16:26:54 - [MESSAGE][PASSED] - Variasi data ke : 82

2022-11-22 16:26:54 - [TEST_STEP][PASSED] - req_data = sendRequest(findTestObject("Search_ME", ["MID":MID, "source":source, "ip":ip, "userid":userid, "branch":branch, "tipekons":tipekons, "marital":marital, "penjamin":penjamin, ... ])): Send request successfully

2022-11-22 16:26:55 - [MESSAGE][INFO] - HAR: D:\DMS\Engine Scoring\Reports\20221122_162012\Exclude KKB - DS\Scoring Individu - KKB\20221122_162012\requests\main\162.har

2022-11-22 16:26:55 - [MESSAGE][PASSED] - Send request successfully

2022-11-22 16:26:55 - [TEST_STEP][PASSED] - slurper = new groovy.json.JsonSlurper(): null

2022-11-22 16:26:55 - [TEST_STEP][PASSED] - result = slurper.parseText(req_data.getResponseBodyContent()): null

2022-11-22 16:26:55 - [TEST_STEP][PASSED] - reqid_kons = requestid1: null

2022-11-22 16:26:55 - [TEST_STEP][PASSED] - reqid_spouse = requestid2: null

2022-11-22 16:26:55 - [TEST_STEP][PASSED] - println("requestid kons : " + reqid_kons): null

2022-11-22 16:26:55 - [TEST_STEP][PASSED] - response_searchME_kons = reqid_kons: null

2022-11-22 16:26:55 - [TEST_STEP][PASSED] - response_searchME_spouse = reqid_spouse: null

2022-11-22 16:26:55 - [TEST_STEP][PASSED] - println("kons req id is :" + response_searchME_kons): null

2022-11-22 16:26:55 - [TEST_STEP][PASSED] - println("spouse req id is : " + response_searchME_spouse): null

2022-11-22 16:26:55 - [TEST_STEP][PASSED] - verifyResponseStatusCode(req_data, 200): Verify response status code successfully

2022-11-22 16:26:55 - [MESSAGE][PASSED] - Verify response status code successfully

2022-11-22 16:26:55 - [TEST_STEP][PASSED] - response = req_data.getResponseText(): null

2022-11-22 16:26:55 - [TEST_STEP][PASSED] - logInfo($response): {"status":"Done","data":{"requestid1":"242205","requestid2":""}}

2022-11-22 16:26:55 - [MESSAGE][INFO] - {"status":"Done","data":{"requestid1":"242205","requestid2":""}}

2022-11-22 16:26:55 - [TEST_STEP][PASSED] - delay(3): Delayed 3 second(s)

2022-11-22 16:26:58 - [MESSAGE][PASSED] - Delayed 3 second(s)

2022-11-22 16:26:58 - [TEST_STEP][PASSED] - scoring = sendRequest(findTestObject("EngineScore", ["response_searchME_kons":response_searchME_kons, "response_searchME_spouse":response_searchME_spouse])): Send request successfully

2022-11-22 16:26:58 - [MESSAGE][INFO] - HAR: D:\DMS\Engine Scoring\Reports\20221122_162012\Exclude KKB - DS\Scoring Individu - KKB\20221122_162012\requests\main\163.har

2022-11-22 16:26:58 - [MESSAGE][PASSED] - Send request successfully

2022-11-22 16:26:58 - [TEST_STEP][PASSED] - verifyResponseStatusCode(scoring, 200): Verify response status code successfully

2022-11-22 16:26:58 - [MESSAGE][PASSED] - Verify response status code successfully

2022-11-22 16:26:58 - [TEST_STEP][PASSED] - response2 = scoring.getResponseText(): null

2022-11-22 16:26:58 - [TEST_STEP][PASSED] - markPassed("result service data ke : " + no): result service data ke : 82

2022-11-22 16:26:58 - [MESSAGE][PASSED] - result service data ke : 82

2022-11-22 16:26:58 - [TEST_STEP][PASSED] - logInfo($response2): {"result_konsumen":"Reguler","result_pasangan":"","Final_result":"Reguler","errorMessage":"","status":"Done"}

2022-11-22 16:26:58 - [MESSAGE][INFO] - {"result_konsumen":"Reguler","result_pasangan":"","Final_result":"Reguler","errorMessage":"","status":"Done"}

2022-11-22 16:26:58 - [TEST_STEP][PASSED] - verifyElementPropertyValue(scoring, "Final_result", final_result): Verify element property value successfully

2022-11-22 16:26:58 - [MESSAGE][PASSED] - Verify element property value successfully]]></system-out>
         <system-err><![CDATA[]]></system-err>
      </testcase>
      <testcase name="Test Cases/Engine_Scoring/Engine Scoring" time="4.813" classname="Test Cases/Engine_Scoring/Engine Scoring" status="PASSED">
         <system-out><![CDATA[2022-11-22 16:26:58 - [TEST_CASE][PASSED] - Test Cases/Engine_Scoring/Engine Scoring: Test Cases/Engine_Scoring/Engine Scoring

2022-11-22 16:26:59 - [TEST_STEP][PASSED] - markPassed("Variasi data ke : " + no): Variasi data ke : 83

2022-11-22 16:26:59 - [MESSAGE][PASSED] - Variasi data ke : 83

2022-11-22 16:26:59 - [TEST_STEP][PASSED] - req_data = sendRequest(findTestObject("Search_ME", ["MID":MID, "source":source, "ip":ip, "userid":userid, "branch":branch, "tipekons":tipekons, "marital":marital, "penjamin":penjamin, ... ])): Send request successfully

2022-11-22 16:27:00 - [MESSAGE][INFO] - HAR: D:\DMS\Engine Scoring\Reports\20221122_162012\Exclude KKB - DS\Scoring Individu - KKB\20221122_162012\requests\main\164.har

2022-11-22 16:27:00 - [MESSAGE][PASSED] - Send request successfully

2022-11-22 16:27:00 - [TEST_STEP][PASSED] - slurper = new groovy.json.JsonSlurper(): null

2022-11-22 16:27:00 - [TEST_STEP][PASSED] - result = slurper.parseText(req_data.getResponseBodyContent()): null

2022-11-22 16:27:00 - [TEST_STEP][PASSED] - reqid_kons = requestid1: null

2022-11-22 16:27:00 - [TEST_STEP][PASSED] - reqid_spouse = requestid2: null

2022-11-22 16:27:00 - [TEST_STEP][PASSED] - println("requestid kons : " + reqid_kons): null

2022-11-22 16:27:00 - [TEST_STEP][PASSED] - response_searchME_kons = reqid_kons: null

2022-11-22 16:27:00 - [TEST_STEP][PASSED] - response_searchME_spouse = reqid_spouse: null

2022-11-22 16:27:00 - [TEST_STEP][PASSED] - println("kons req id is :" + response_searchME_kons): null

2022-11-22 16:27:00 - [TEST_STEP][PASSED] - println("spouse req id is : " + response_searchME_spouse): null

2022-11-22 16:27:00 - [TEST_STEP][PASSED] - verifyResponseStatusCode(req_data, 200): Verify response status code successfully

2022-11-22 16:27:00 - [MESSAGE][PASSED] - Verify response status code successfully

2022-11-22 16:27:00 - [TEST_STEP][PASSED] - response = req_data.getResponseText(): null

2022-11-22 16:27:00 - [TEST_STEP][PASSED] - logInfo($response): {"status":"Done","data":{"requestid1":"242206","requestid2":""}}

2022-11-22 16:27:00 - [MESSAGE][INFO] - {"status":"Done","data":{"requestid1":"242206","requestid2":""}}

2022-11-22 16:27:00 - [TEST_STEP][PASSED] - delay(3): Delayed 3 second(s)

2022-11-22 16:27:03 - [MESSAGE][PASSED] - Delayed 3 second(s)

2022-11-22 16:27:03 - [TEST_STEP][PASSED] - scoring = sendRequest(findTestObject("EngineScore", ["response_searchME_kons":response_searchME_kons, "response_searchME_spouse":response_searchME_spouse])): Send request successfully

2022-11-22 16:27:03 - [MESSAGE][INFO] - HAR: D:\DMS\Engine Scoring\Reports\20221122_162012\Exclude KKB - DS\Scoring Individu - KKB\20221122_162012\requests\main\165.har

2022-11-22 16:27:03 - [MESSAGE][PASSED] - Send request successfully

2022-11-22 16:27:03 - [TEST_STEP][PASSED] - verifyResponseStatusCode(scoring, 200): Verify response status code successfully

2022-11-22 16:27:03 - [MESSAGE][PASSED] - Verify response status code successfully

2022-11-22 16:27:03 - [TEST_STEP][PASSED] - response2 = scoring.getResponseText(): null

2022-11-22 16:27:03 - [TEST_STEP][PASSED] - markPassed("result service data ke : " + no): result service data ke : 83

2022-11-22 16:27:03 - [MESSAGE][PASSED] - result service data ke : 83

2022-11-22 16:27:03 - [TEST_STEP][PASSED] - logInfo($response2): {"result_konsumen":"Reguler","result_pasangan":"","Final_result":"Reguler","errorMessage":"","status":"Done"}

2022-11-22 16:27:03 - [MESSAGE][INFO] - {"result_konsumen":"Reguler","result_pasangan":"","Final_result":"Reguler","errorMessage":"","status":"Done"}

2022-11-22 16:27:03 - [TEST_STEP][PASSED] - verifyElementPropertyValue(scoring, "Final_result", final_result): Verify element property value successfully

2022-11-22 16:27:03 - [MESSAGE][PASSED] - Verify element property value successfully]]></system-out>
         <system-err><![CDATA[]]></system-err>
      </testcase>
      <testcase name="Test Cases/Engine_Scoring/Engine Scoring" time="5.071" classname="Test Cases/Engine_Scoring/Engine Scoring" status="PASSED">
         <system-out><![CDATA[2022-11-22 16:27:03 - [TEST_CASE][PASSED] - Test Cases/Engine_Scoring/Engine Scoring: Test Cases/Engine_Scoring/Engine Scoring

2022-11-22 16:27:04 - [TEST_STEP][PASSED] - markPassed("Variasi data ke : " + no): Variasi data ke : 84

2022-11-22 16:27:04 - [MESSAGE][PASSED] - Variasi data ke : 84

2022-11-22 16:27:04 - [TEST_STEP][PASSED] - req_data = sendRequest(findTestObject("Search_ME", ["MID":MID, "source":source, "ip":ip, "userid":userid, "branch":branch, "tipekons":tipekons, "marital":marital, "penjamin":penjamin, ... ])): Send request successfully

2022-11-22 16:27:05 - [MESSAGE][INFO] - HAR: D:\DMS\Engine Scoring\Reports\20221122_162012\Exclude KKB - DS\Scoring Individu - KKB\20221122_162012\requests\main\166.har

2022-11-22 16:27:05 - [MESSAGE][PASSED] - Send request successfully

2022-11-22 16:27:05 - [TEST_STEP][PASSED] - slurper = new groovy.json.JsonSlurper(): null

2022-11-22 16:27:05 - [TEST_STEP][PASSED] - result = slurper.parseText(req_data.getResponseBodyContent()): null

2022-11-22 16:27:05 - [TEST_STEP][PASSED] - reqid_kons = requestid1: null

2022-11-22 16:27:05 - [TEST_STEP][PASSED] - reqid_spouse = requestid2: null

2022-11-22 16:27:05 - [TEST_STEP][PASSED] - println("requestid kons : " + reqid_kons): null

2022-11-22 16:27:05 - [TEST_STEP][PASSED] - response_searchME_kons = reqid_kons: null

2022-11-22 16:27:05 - [TEST_STEP][PASSED] - response_searchME_spouse = reqid_spouse: null

2022-11-22 16:27:05 - [TEST_STEP][PASSED] - println("kons req id is :" + response_searchME_kons): null

2022-11-22 16:27:05 - [TEST_STEP][PASSED] - println("spouse req id is : " + response_searchME_spouse): null

2022-11-22 16:27:05 - [TEST_STEP][PASSED] - verifyResponseStatusCode(req_data, 200): Verify response status code successfully

2022-11-22 16:27:05 - [MESSAGE][PASSED] - Verify response status code successfully

2022-11-22 16:27:05 - [TEST_STEP][PASSED] - response = req_data.getResponseText(): null

2022-11-22 16:27:05 - [TEST_STEP][PASSED] - logInfo($response): {"status":"Done","data":{"requestid1":"242207","requestid2":""}}

2022-11-22 16:27:05 - [MESSAGE][INFO] - {"status":"Done","data":{"requestid1":"242207","requestid2":""}}

2022-11-22 16:27:05 - [TEST_STEP][PASSED] - delay(3): Delayed 3 second(s)

2022-11-22 16:27:08 - [MESSAGE][PASSED] - Delayed 3 second(s)

2022-11-22 16:27:08 - [TEST_STEP][PASSED] - scoring = sendRequest(findTestObject("EngineScore", ["response_searchME_kons":response_searchME_kons, "response_searchME_spouse":response_searchME_spouse])): Send request successfully

2022-11-22 16:27:08 - [MESSAGE][INFO] - HAR: D:\DMS\Engine Scoring\Reports\20221122_162012\Exclude KKB - DS\Scoring Individu - KKB\20221122_162012\requests\main\167.har

2022-11-22 16:27:08 - [MESSAGE][PASSED] - Send request successfully

2022-11-22 16:27:08 - [TEST_STEP][PASSED] - verifyResponseStatusCode(scoring, 200): Verify response status code successfully

2022-11-22 16:27:08 - [MESSAGE][PASSED] - Verify response status code successfully

2022-11-22 16:27:08 - [TEST_STEP][PASSED] - response2 = scoring.getResponseText(): null

2022-11-22 16:27:08 - [TEST_STEP][PASSED] - markPassed("result service data ke : " + no): result service data ke : 84

2022-11-22 16:27:08 - [MESSAGE][PASSED] - result service data ke : 84

2022-11-22 16:27:08 - [TEST_STEP][PASSED] - logInfo($response2): {"result_konsumen":"Reguler","result_pasangan":"","Final_result":"Reguler","errorMessage":"","status":"Done"}

2022-11-22 16:27:08 - [MESSAGE][INFO] - {"result_konsumen":"Reguler","result_pasangan":"","Final_result":"Reguler","errorMessage":"","status":"Done"}

2022-11-22 16:27:08 - [TEST_STEP][PASSED] - verifyElementPropertyValue(scoring, "Final_result", final_result): Verify element property value successfully

2022-11-22 16:27:08 - [MESSAGE][PASSED] - Verify element property value successfully]]></system-out>
         <system-err><![CDATA[]]></system-err>
      </testcase>
      <testcase name="Test Cases/Engine_Scoring/Engine Scoring" time="5.003" classname="Test Cases/Engine_Scoring/Engine Scoring" status="PASSED">
         <system-out><![CDATA[2022-11-22 16:27:08 - [TEST_CASE][PASSED] - Test Cases/Engine_Scoring/Engine Scoring: Test Cases/Engine_Scoring/Engine Scoring

2022-11-22 16:27:09 - [TEST_STEP][PASSED] - markPassed("Variasi data ke : " + no): Variasi data ke : 85

2022-11-22 16:27:09 - [MESSAGE][PASSED] - Variasi data ke : 85

2022-11-22 16:27:09 - [TEST_STEP][PASSED] - req_data = sendRequest(findTestObject("Search_ME", ["MID":MID, "source":source, "ip":ip, "userid":userid, "branch":branch, "tipekons":tipekons, "marital":marital, "penjamin":penjamin, ... ])): Send request successfully

2022-11-22 16:27:10 - [MESSAGE][INFO] - HAR: D:\DMS\Engine Scoring\Reports\20221122_162012\Exclude KKB - DS\Scoring Individu - KKB\20221122_162012\requests\main\168.har

2022-11-22 16:27:10 - [MESSAGE][PASSED] - Send request successfully

2022-11-22 16:27:10 - [TEST_STEP][PASSED] - slurper = new groovy.json.JsonSlurper(): null

2022-11-22 16:27:10 - [TEST_STEP][PASSED] - result = slurper.parseText(req_data.getResponseBodyContent()): null

2022-11-22 16:27:10 - [TEST_STEP][PASSED] - reqid_kons = requestid1: null

2022-11-22 16:27:10 - [TEST_STEP][PASSED] - reqid_spouse = requestid2: null

2022-11-22 16:27:10 - [TEST_STEP][PASSED] - println("requestid kons : " + reqid_kons): null

2022-11-22 16:27:10 - [TEST_STEP][PASSED] - response_searchME_kons = reqid_kons: null

2022-11-22 16:27:10 - [TEST_STEP][PASSED] - response_searchME_spouse = reqid_spouse: null

2022-11-22 16:27:10 - [TEST_STEP][PASSED] - println("kons req id is :" + response_searchME_kons): null

2022-11-22 16:27:10 - [TEST_STEP][PASSED] - println("spouse req id is : " + response_searchME_spouse): null

2022-11-22 16:27:10 - [TEST_STEP][PASSED] - verifyResponseStatusCode(req_data, 200): Verify response status code successfully

2022-11-22 16:27:10 - [MESSAGE][PASSED] - Verify response status code successfully

2022-11-22 16:27:10 - [TEST_STEP][PASSED] - response = req_data.getResponseText(): null

2022-11-22 16:27:10 - [TEST_STEP][PASSED] - logInfo($response): {"status":"Done","data":{"requestid1":"242208","requestid2":""}}

2022-11-22 16:27:10 - [MESSAGE][INFO] - {"status":"Done","data":{"requestid1":"242208","requestid2":""}}

2022-11-22 16:27:10 - [TEST_STEP][PASSED] - delay(3): Delayed 3 second(s)

2022-11-22 16:27:13 - [MESSAGE][PASSED] - Delayed 3 second(s)

2022-11-22 16:27:13 - [TEST_STEP][PASSED] - scoring = sendRequest(findTestObject("EngineScore", ["response_searchME_kons":response_searchME_kons, "response_searchME_spouse":response_searchME_spouse])): Send request successfully

2022-11-22 16:27:13 - [MESSAGE][INFO] - HAR: D:\DMS\Engine Scoring\Reports\20221122_162012\Exclude KKB - DS\Scoring Individu - KKB\20221122_162012\requests\main\169.har

2022-11-22 16:27:13 - [MESSAGE][PASSED] - Send request successfully

2022-11-22 16:27:13 - [TEST_STEP][PASSED] - verifyResponseStatusCode(scoring, 200): Verify response status code successfully

2022-11-22 16:27:13 - [MESSAGE][PASSED] - Verify response status code successfully

2022-11-22 16:27:13 - [TEST_STEP][PASSED] - response2 = scoring.getResponseText(): null

2022-11-22 16:27:13 - [TEST_STEP][PASSED] - markPassed("result service data ke : " + no): result service data ke : 85

2022-11-22 16:27:13 - [MESSAGE][PASSED] - result service data ke : 85

2022-11-22 16:27:13 - [TEST_STEP][PASSED] - logInfo($response2): {"result_konsumen":"Reguler","result_pasangan":"","Final_result":"Reguler","errorMessage":"","status":"Done"}

2022-11-22 16:27:13 - [MESSAGE][INFO] - {"result_konsumen":"Reguler","result_pasangan":"","Final_result":"Reguler","errorMessage":"","status":"Done"}

2022-11-22 16:27:13 - [TEST_STEP][PASSED] - verifyElementPropertyValue(scoring, "Final_result", final_result): Verify element property value successfully

2022-11-22 16:27:13 - [MESSAGE][PASSED] - Verify element property value successfully]]></system-out>
         <system-err><![CDATA[]]></system-err>
      </testcase>
      <testcase name="Test Cases/Engine_Scoring/Engine Scoring" time="4.937" classname="Test Cases/Engine_Scoring/Engine Scoring" status="PASSED">
         <system-out><![CDATA[2022-11-22 16:27:13 - [TEST_CASE][PASSED] - Test Cases/Engine_Scoring/Engine Scoring: Test Cases/Engine_Scoring/Engine Scoring

2022-11-22 16:27:14 - [TEST_STEP][PASSED] - markPassed("Variasi data ke : " + no): Variasi data ke : 86

2022-11-22 16:27:14 - [MESSAGE][PASSED] - Variasi data ke : 86

2022-11-22 16:27:14 - [TEST_STEP][PASSED] - req_data = sendRequest(findTestObject("Search_ME", ["MID":MID, "source":source, "ip":ip, "userid":userid, "branch":branch, "tipekons":tipekons, "marital":marital, "penjamin":penjamin, ... ])): Send request successfully

2022-11-22 16:27:15 - [MESSAGE][INFO] - HAR: D:\DMS\Engine Scoring\Reports\20221122_162012\Exclude KKB - DS\Scoring Individu - KKB\20221122_162012\requests\main\170.har

2022-11-22 16:27:15 - [MESSAGE][PASSED] - Send request successfully

2022-11-22 16:27:15 - [TEST_STEP][PASSED] - slurper = new groovy.json.JsonSlurper(): null

2022-11-22 16:27:15 - [TEST_STEP][PASSED] - result = slurper.parseText(req_data.getResponseBodyContent()): null

2022-11-22 16:27:15 - [TEST_STEP][PASSED] - reqid_kons = requestid1: null

2022-11-22 16:27:15 - [TEST_STEP][PASSED] - reqid_spouse = requestid2: null

2022-11-22 16:27:15 - [TEST_STEP][PASSED] - println("requestid kons : " + reqid_kons): null

2022-11-22 16:27:15 - [TEST_STEP][PASSED] - response_searchME_kons = reqid_kons: null

2022-11-22 16:27:15 - [TEST_STEP][PASSED] - response_searchME_spouse = reqid_spouse: null

2022-11-22 16:27:15 - [TEST_STEP][PASSED] - println("kons req id is :" + response_searchME_kons): null

2022-11-22 16:27:15 - [TEST_STEP][PASSED] - println("spouse req id is : " + response_searchME_spouse): null

2022-11-22 16:27:15 - [TEST_STEP][PASSED] - verifyResponseStatusCode(req_data, 200): Verify response status code successfully

2022-11-22 16:27:15 - [MESSAGE][PASSED] - Verify response status code successfully

2022-11-22 16:27:15 - [TEST_STEP][PASSED] - response = req_data.getResponseText(): null

2022-11-22 16:27:15 - [TEST_STEP][PASSED] - logInfo($response): {"status":"Done","data":{"requestid1":"242209","requestid2":""}}

2022-11-22 16:27:15 - [MESSAGE][INFO] - {"status":"Done","data":{"requestid1":"242209","requestid2":""}}

2022-11-22 16:27:15 - [TEST_STEP][PASSED] - delay(3): Delayed 3 second(s)

2022-11-22 16:27:18 - [MESSAGE][PASSED] - Delayed 3 second(s)

2022-11-22 16:27:18 - [TEST_STEP][PASSED] - scoring = sendRequest(findTestObject("EngineScore", ["response_searchME_kons":response_searchME_kons, "response_searchME_spouse":response_searchME_spouse])): Send request successfully

2022-11-22 16:27:18 - [MESSAGE][INFO] - HAR: D:\DMS\Engine Scoring\Reports\20221122_162012\Exclude KKB - DS\Scoring Individu - KKB\20221122_162012\requests\main\171.har

2022-11-22 16:27:18 - [MESSAGE][PASSED] - Send request successfully

2022-11-22 16:27:18 - [TEST_STEP][PASSED] - verifyResponseStatusCode(scoring, 200): Verify response status code successfully

2022-11-22 16:27:18 - [MESSAGE][PASSED] - Verify response status code successfully

2022-11-22 16:27:18 - [TEST_STEP][PASSED] - response2 = scoring.getResponseText(): null

2022-11-22 16:27:18 - [TEST_STEP][PASSED] - markPassed("result service data ke : " + no): result service data ke : 86

2022-11-22 16:27:18 - [MESSAGE][PASSED] - result service data ke : 86

2022-11-22 16:27:18 - [TEST_STEP][PASSED] - logInfo($response2): {"result_konsumen":"Reguler","result_pasangan":"","Final_result":"Reguler","errorMessage":"","status":"Done"}

2022-11-22 16:27:18 - [MESSAGE][INFO] - {"result_konsumen":"Reguler","result_pasangan":"","Final_result":"Reguler","errorMessage":"","status":"Done"}

2022-11-22 16:27:18 - [TEST_STEP][PASSED] - verifyElementPropertyValue(scoring, "Final_result", final_result): Verify element property value successfully

2022-11-22 16:27:18 - [MESSAGE][PASSED] - Verify element property value successfully]]></system-out>
         <system-err><![CDATA[]]></system-err>
      </testcase>
      <testcase name="Test Cases/Engine_Scoring/Engine Scoring" time="4.996" classname="Test Cases/Engine_Scoring/Engine Scoring" status="PASSED">
         <system-out><![CDATA[2022-11-22 16:27:19 - [TEST_CASE][PASSED] - Test Cases/Engine_Scoring/Engine Scoring: Test Cases/Engine_Scoring/Engine Scoring

2022-11-22 16:27:20 - [TEST_STEP][PASSED] - markPassed("Variasi data ke : " + no): Variasi data ke : 87

2022-11-22 16:27:20 - [MESSAGE][PASSED] - Variasi data ke : 87

2022-11-22 16:27:20 - [TEST_STEP][PASSED] - req_data = sendRequest(findTestObject("Search_ME", ["MID":MID, "source":source, "ip":ip, "userid":userid, "branch":branch, "tipekons":tipekons, "marital":marital, "penjamin":penjamin, ... ])): Send request successfully

2022-11-22 16:27:21 - [MESSAGE][INFO] - HAR: D:\DMS\Engine Scoring\Reports\20221122_162012\Exclude KKB - DS\Scoring Individu - KKB\20221122_162012\requests\main\172.har

2022-11-22 16:27:21 - [MESSAGE][PASSED] - Send request successfully

2022-11-22 16:27:21 - [TEST_STEP][PASSED] - slurper = new groovy.json.JsonSlurper(): null

2022-11-22 16:27:21 - [TEST_STEP][PASSED] - result = slurper.parseText(req_data.getResponseBodyContent()): null

2022-11-22 16:27:21 - [TEST_STEP][PASSED] - reqid_kons = requestid1: null

2022-11-22 16:27:21 - [TEST_STEP][PASSED] - reqid_spouse = requestid2: null

2022-11-22 16:27:21 - [TEST_STEP][PASSED] - println("requestid kons : " + reqid_kons): null

2022-11-22 16:27:21 - [TEST_STEP][PASSED] - response_searchME_kons = reqid_kons: null

2022-11-22 16:27:21 - [TEST_STEP][PASSED] - response_searchME_spouse = reqid_spouse: null

2022-11-22 16:27:21 - [TEST_STEP][PASSED] - println("kons req id is :" + response_searchME_kons): null

2022-11-22 16:27:21 - [TEST_STEP][PASSED] - println("spouse req id is : " + response_searchME_spouse): null

2022-11-22 16:27:21 - [TEST_STEP][PASSED] - verifyResponseStatusCode(req_data, 200): Verify response status code successfully

2022-11-22 16:27:21 - [MESSAGE][PASSED] - Verify response status code successfully

2022-11-22 16:27:21 - [TEST_STEP][PASSED] - response = req_data.getResponseText(): null

2022-11-22 16:27:21 - [TEST_STEP][PASSED] - logInfo($response): {"status":"Done","data":{"requestid1":"242210","requestid2":""}}

2022-11-22 16:27:21 - [MESSAGE][INFO] - {"status":"Done","data":{"requestid1":"242210","requestid2":""}}

2022-11-22 16:27:21 - [TEST_STEP][PASSED] - delay(3): Delayed 3 second(s)

2022-11-22 16:27:24 - [MESSAGE][PASSED] - Delayed 3 second(s)

2022-11-22 16:27:24 - [TEST_STEP][PASSED] - scoring = sendRequest(findTestObject("EngineScore", ["response_searchME_kons":response_searchME_kons, "response_searchME_spouse":response_searchME_spouse])): Send request successfully

2022-11-22 16:27:24 - [MESSAGE][INFO] - HAR: D:\DMS\Engine Scoring\Reports\20221122_162012\Exclude KKB - DS\Scoring Individu - KKB\20221122_162012\requests\main\173.har

2022-11-22 16:27:24 - [MESSAGE][PASSED] - Send request successfully

2022-11-22 16:27:24 - [TEST_STEP][PASSED] - verifyResponseStatusCode(scoring, 200): Verify response status code successfully

2022-11-22 16:27:24 - [MESSAGE][PASSED] - Verify response status code successfully

2022-11-22 16:27:24 - [TEST_STEP][PASSED] - response2 = scoring.getResponseText(): null

2022-11-22 16:27:24 - [TEST_STEP][PASSED] - markPassed("result service data ke : " + no): result service data ke : 87

2022-11-22 16:27:24 - [MESSAGE][PASSED] - result service data ke : 87

2022-11-22 16:27:24 - [TEST_STEP][PASSED] - logInfo($response2): {"result_konsumen":"Approve","result_pasangan":"","Final_result":"Approve","errorMessage":"","status":"Done"}

2022-11-22 16:27:24 - [MESSAGE][INFO] - {"result_konsumen":"Approve","result_pasangan":"","Final_result":"Approve","errorMessage":"","status":"Done"}

2022-11-22 16:27:24 - [TEST_STEP][PASSED] - verifyElementPropertyValue(scoring, "Final_result", final_result): Verify element property value successfully

2022-11-22 16:27:24 - [MESSAGE][PASSED] - Verify element property value successfully]]></system-out>
         <system-err><![CDATA[]]></system-err>
      </testcase>
      <testcase name="Test Cases/Engine_Scoring/Engine Scoring" time="4.833" classname="Test Cases/Engine_Scoring/Engine Scoring" status="PASSED">
         <system-out><![CDATA[2022-11-22 16:27:24 - [TEST_CASE][PASSED] - Test Cases/Engine_Scoring/Engine Scoring: Test Cases/Engine_Scoring/Engine Scoring

2022-11-22 16:27:25 - [TEST_STEP][PASSED] - markPassed("Variasi data ke : " + no): Variasi data ke : 88

2022-11-22 16:27:25 - [MESSAGE][PASSED] - Variasi data ke : 88

2022-11-22 16:27:25 - [TEST_STEP][PASSED] - req_data = sendRequest(findTestObject("Search_ME", ["MID":MID, "source":source, "ip":ip, "userid":userid, "branch":branch, "tipekons":tipekons, "marital":marital, "penjamin":penjamin, ... ])): Send request successfully

2022-11-22 16:27:25 - [MESSAGE][INFO] - HAR: D:\DMS\Engine Scoring\Reports\20221122_162012\Exclude KKB - DS\Scoring Individu - KKB\20221122_162012\requests\main\174.har

2022-11-22 16:27:25 - [MESSAGE][PASSED] - Send request successfully

2022-11-22 16:27:25 - [TEST_STEP][PASSED] - slurper = new groovy.json.JsonSlurper(): null

2022-11-22 16:27:25 - [TEST_STEP][PASSED] - result = slurper.parseText(req_data.getResponseBodyContent()): null

2022-11-22 16:27:25 - [TEST_STEP][PASSED] - reqid_kons = requestid1: null

2022-11-22 16:27:25 - [TEST_STEP][PASSED] - reqid_spouse = requestid2: null

2022-11-22 16:27:25 - [TEST_STEP][PASSED] - println("requestid kons : " + reqid_kons): null

2022-11-22 16:27:25 - [TEST_STEP][PASSED] - response_searchME_kons = reqid_kons: null

2022-11-22 16:27:25 - [TEST_STEP][PASSED] - response_searchME_spouse = reqid_spouse: null

2022-11-22 16:27:25 - [TEST_STEP][PASSED] - println("kons req id is :" + response_searchME_kons): null

2022-11-22 16:27:25 - [TEST_STEP][PASSED] - println("spouse req id is : " + response_searchME_spouse): null

2022-11-22 16:27:25 - [TEST_STEP][PASSED] - verifyResponseStatusCode(req_data, 200): Verify response status code successfully

2022-11-22 16:27:25 - [MESSAGE][PASSED] - Verify response status code successfully

2022-11-22 16:27:25 - [TEST_STEP][PASSED] - response = req_data.getResponseText(): null

2022-11-22 16:27:25 - [TEST_STEP][PASSED] - logInfo($response): {"status":"Done","data":{"requestid1":"242211","requestid2":""}}

2022-11-22 16:27:25 - [MESSAGE][INFO] - {"status":"Done","data":{"requestid1":"242211","requestid2":""}}

2022-11-22 16:27:25 - [TEST_STEP][PASSED] - delay(3): Delayed 3 second(s)

2022-11-22 16:27:28 - [MESSAGE][PASSED] - Delayed 3 second(s)

2022-11-22 16:27:28 - [TEST_STEP][PASSED] - scoring = sendRequest(findTestObject("EngineScore", ["response_searchME_kons":response_searchME_kons, "response_searchME_spouse":response_searchME_spouse])): Send request successfully

2022-11-22 16:27:29 - [MESSAGE][INFO] - HAR: D:\DMS\Engine Scoring\Reports\20221122_162012\Exclude KKB - DS\Scoring Individu - KKB\20221122_162012\requests\main\175.har

2022-11-22 16:27:29 - [MESSAGE][PASSED] - Send request successfully

2022-11-22 16:27:29 - [TEST_STEP][PASSED] - verifyResponseStatusCode(scoring, 200): Verify response status code successfully

2022-11-22 16:27:29 - [MESSAGE][PASSED] - Verify response status code successfully

2022-11-22 16:27:29 - [TEST_STEP][PASSED] - response2 = scoring.getResponseText(): null

2022-11-22 16:27:29 - [TEST_STEP][PASSED] - markPassed("result service data ke : " + no): result service data ke : 88

2022-11-22 16:27:29 - [MESSAGE][PASSED] - result service data ke : 88

2022-11-22 16:27:29 - [TEST_STEP][PASSED] - logInfo($response2): {"result_konsumen":"Approve","result_pasangan":"","Final_result":"Approve","errorMessage":"","status":"Done"}

2022-11-22 16:27:29 - [MESSAGE][INFO] - {"result_konsumen":"Approve","result_pasangan":"","Final_result":"Approve","errorMessage":"","status":"Done"}

2022-11-22 16:27:29 - [TEST_STEP][PASSED] - verifyElementPropertyValue(scoring, "Final_result", final_result): Verify element property value successfully

2022-11-22 16:27:29 - [MESSAGE][PASSED] - Verify element property value successfully]]></system-out>
         <system-err><![CDATA[]]></system-err>
      </testcase>
      <testcase name="Test Cases/Engine_Scoring/Engine Scoring" time="5.057" classname="Test Cases/Engine_Scoring/Engine Scoring" status="PASSED">
         <system-out><![CDATA[2022-11-22 16:27:29 - [TEST_CASE][PASSED] - Test Cases/Engine_Scoring/Engine Scoring: Test Cases/Engine_Scoring/Engine Scoring

2022-11-22 16:27:30 - [TEST_STEP][PASSED] - markPassed("Variasi data ke : " + no): Variasi data ke : 89

2022-11-22 16:27:30 - [MESSAGE][PASSED] - Variasi data ke : 89

2022-11-22 16:27:30 - [TEST_STEP][PASSED] - req_data = sendRequest(findTestObject("Search_ME", ["MID":MID, "source":source, "ip":ip, "userid":userid, "branch":branch, "tipekons":tipekons, "marital":marital, "penjamin":penjamin, ... ])): Send request successfully

2022-11-22 16:27:30 - [MESSAGE][INFO] - HAR: D:\DMS\Engine Scoring\Reports\20221122_162012\Exclude KKB - DS\Scoring Individu - KKB\20221122_162012\requests\main\176.har

2022-11-22 16:27:30 - [MESSAGE][PASSED] - Send request successfully

2022-11-22 16:27:30 - [TEST_STEP][PASSED] - slurper = new groovy.json.JsonSlurper(): null

2022-11-22 16:27:30 - [TEST_STEP][PASSED] - result = slurper.parseText(req_data.getResponseBodyContent()): null

2022-11-22 16:27:30 - [TEST_STEP][PASSED] - reqid_kons = requestid1: null

2022-11-22 16:27:30 - [TEST_STEP][PASSED] - reqid_spouse = requestid2: null

2022-11-22 16:27:30 - [TEST_STEP][PASSED] - println("requestid kons : " + reqid_kons): null

2022-11-22 16:27:30 - [TEST_STEP][PASSED] - response_searchME_kons = reqid_kons: null

2022-11-22 16:27:30 - [TEST_STEP][PASSED] - response_searchME_spouse = reqid_spouse: null

2022-11-22 16:27:30 - [TEST_STEP][PASSED] - println("kons req id is :" + response_searchME_kons): null

2022-11-22 16:27:30 - [TEST_STEP][PASSED] - println("spouse req id is : " + response_searchME_spouse): null

2022-11-22 16:27:30 - [TEST_STEP][PASSED] - verifyResponseStatusCode(req_data, 200): Verify response status code successfully

2022-11-22 16:27:30 - [MESSAGE][PASSED] - Verify response status code successfully

2022-11-22 16:27:30 - [TEST_STEP][PASSED] - response = req_data.getResponseText(): null

2022-11-22 16:27:30 - [TEST_STEP][PASSED] - logInfo($response): {"status":"Done","data":{"requestid1":"242212","requestid2":""}}

2022-11-22 16:27:30 - [MESSAGE][INFO] - {"status":"Done","data":{"requestid1":"242212","requestid2":""}}

2022-11-22 16:27:30 - [TEST_STEP][PASSED] - delay(3): Delayed 3 second(s)

2022-11-22 16:27:33 - [MESSAGE][PASSED] - Delayed 3 second(s)

2022-11-22 16:27:33 - [TEST_STEP][PASSED] - scoring = sendRequest(findTestObject("EngineScore", ["response_searchME_kons":response_searchME_kons, "response_searchME_spouse":response_searchME_spouse])): Send request successfully

2022-11-22 16:27:34 - [MESSAGE][INFO] - HAR: D:\DMS\Engine Scoring\Reports\20221122_162012\Exclude KKB - DS\Scoring Individu - KKB\20221122_162012\requests\main\177.har

2022-11-22 16:27:34 - [MESSAGE][PASSED] - Send request successfully

2022-11-22 16:27:34 - [TEST_STEP][PASSED] - verifyResponseStatusCode(scoring, 200): Verify response status code successfully

2022-11-22 16:27:34 - [MESSAGE][PASSED] - Verify response status code successfully

2022-11-22 16:27:34 - [TEST_STEP][PASSED] - response2 = scoring.getResponseText(): null

2022-11-22 16:27:34 - [TEST_STEP][PASSED] - markPassed("result service data ke : " + no): result service data ke : 89

2022-11-22 16:27:34 - [MESSAGE][PASSED] - result service data ke : 89

2022-11-22 16:27:34 - [TEST_STEP][PASSED] - logInfo($response2): {"result_konsumen":"Approve","result_pasangan":"","Final_result":"Approve","errorMessage":"","status":"Done"}

2022-11-22 16:27:34 - [MESSAGE][INFO] - {"result_konsumen":"Approve","result_pasangan":"","Final_result":"Approve","errorMessage":"","status":"Done"}

2022-11-22 16:27:34 - [TEST_STEP][PASSED] - verifyElementPropertyValue(scoring, "Final_result", final_result): Verify element property value successfully

2022-11-22 16:27:34 - [MESSAGE][PASSED] - Verify element property value successfully]]></system-out>
         <system-err><![CDATA[]]></system-err>
      </testcase>
      <testcase name="Test Cases/Engine_Scoring/Engine Scoring" time="5.125" classname="Test Cases/Engine_Scoring/Engine Scoring" status="PASSED">
         <system-out><![CDATA[2022-11-22 16:27:34 - [TEST_CASE][PASSED] - Test Cases/Engine_Scoring/Engine Scoring: Test Cases/Engine_Scoring/Engine Scoring

2022-11-22 16:27:35 - [TEST_STEP][PASSED] - markPassed("Variasi data ke : " + no): Variasi data ke : 90

2022-11-22 16:27:35 - [MESSAGE][PASSED] - Variasi data ke : 90

2022-11-22 16:27:35 - [TEST_STEP][PASSED] - req_data = sendRequest(findTestObject("Search_ME", ["MID":MID, "source":source, "ip":ip, "userid":userid, "branch":branch, "tipekons":tipekons, "marital":marital, "penjamin":penjamin, ... ])): Send request successfully

2022-11-22 16:27:36 - [MESSAGE][INFO] - HAR: D:\DMS\Engine Scoring\Reports\20221122_162012\Exclude KKB - DS\Scoring Individu - KKB\20221122_162012\requests\main\178.har

2022-11-22 16:27:36 - [MESSAGE][PASSED] - Send request successfully

2022-11-22 16:27:36 - [TEST_STEP][PASSED] - slurper = new groovy.json.JsonSlurper(): null

2022-11-22 16:27:36 - [TEST_STEP][PASSED] - result = slurper.parseText(req_data.getResponseBodyContent()): null

2022-11-22 16:27:36 - [TEST_STEP][PASSED] - reqid_kons = requestid1: null

2022-11-22 16:27:36 - [TEST_STEP][PASSED] - reqid_spouse = requestid2: null

2022-11-22 16:27:36 - [TEST_STEP][PASSED] - println("requestid kons : " + reqid_kons): null

2022-11-22 16:27:36 - [TEST_STEP][PASSED] - response_searchME_kons = reqid_kons: null

2022-11-22 16:27:36 - [TEST_STEP][PASSED] - response_searchME_spouse = reqid_spouse: null

2022-11-22 16:27:36 - [TEST_STEP][PASSED] - println("kons req id is :" + response_searchME_kons): null

2022-11-22 16:27:36 - [TEST_STEP][PASSED] - println("spouse req id is : " + response_searchME_spouse): null

2022-11-22 16:27:36 - [TEST_STEP][PASSED] - verifyResponseStatusCode(req_data, 200): Verify response status code successfully

2022-11-22 16:27:36 - [MESSAGE][PASSED] - Verify response status code successfully

2022-11-22 16:27:36 - [TEST_STEP][PASSED] - response = req_data.getResponseText(): null

2022-11-22 16:27:36 - [TEST_STEP][PASSED] - logInfo($response): {"status":"Done","data":{"requestid1":"242213","requestid2":""}}

2022-11-22 16:27:36 - [MESSAGE][INFO] - {"status":"Done","data":{"requestid1":"242213","requestid2":""}}

2022-11-22 16:27:36 - [TEST_STEP][PASSED] - delay(3): Delayed 3 second(s)

2022-11-22 16:27:39 - [MESSAGE][PASSED] - Delayed 3 second(s)

2022-11-22 16:27:39 - [TEST_STEP][PASSED] - scoring = sendRequest(findTestObject("EngineScore", ["response_searchME_kons":response_searchME_kons, "response_searchME_spouse":response_searchME_spouse])): Send request successfully

2022-11-22 16:27:39 - [MESSAGE][INFO] - HAR: D:\DMS\Engine Scoring\Reports\20221122_162012\Exclude KKB - DS\Scoring Individu - KKB\20221122_162012\requests\main\179.har

2022-11-22 16:27:39 - [MESSAGE][PASSED] - Send request successfully

2022-11-22 16:27:39 - [TEST_STEP][PASSED] - verifyResponseStatusCode(scoring, 200): Verify response status code successfully

2022-11-22 16:27:39 - [MESSAGE][PASSED] - Verify response status code successfully

2022-11-22 16:27:39 - [TEST_STEP][PASSED] - response2 = scoring.getResponseText(): null

2022-11-22 16:27:39 - [TEST_STEP][PASSED] - markPassed("result service data ke : " + no): result service data ke : 90

2022-11-22 16:27:39 - [MESSAGE][PASSED] - result service data ke : 90

2022-11-22 16:27:39 - [TEST_STEP][PASSED] - logInfo($response2): {"result_konsumen":"Approve","result_pasangan":"","Final_result":"Approve","errorMessage":"","status":"Done"}

2022-11-22 16:27:39 - [MESSAGE][INFO] - {"result_konsumen":"Approve","result_pasangan":"","Final_result":"Approve","errorMessage":"","status":"Done"}

2022-11-22 16:27:39 - [TEST_STEP][PASSED] - verifyElementPropertyValue(scoring, "Final_result", final_result): Verify element property value successfully

2022-11-22 16:27:39 - [MESSAGE][PASSED] - Verify element property value successfully]]></system-out>
         <system-err><![CDATA[]]></system-err>
      </testcase>
      <testcase name="Test Cases/Engine_Scoring/Engine Scoring" time="5.125" classname="Test Cases/Engine_Scoring/Engine Scoring" status="PASSED">
         <system-out><![CDATA[2022-11-22 16:27:39 - [TEST_CASE][PASSED] - Test Cases/Engine_Scoring/Engine Scoring: Test Cases/Engine_Scoring/Engine Scoring

2022-11-22 16:27:40 - [TEST_STEP][PASSED] - markPassed("Variasi data ke : " + no): Variasi data ke : 91

2022-11-22 16:27:40 - [MESSAGE][PASSED] - Variasi data ke : 91

2022-11-22 16:27:40 - [TEST_STEP][PASSED] - req_data = sendRequest(findTestObject("Search_ME", ["MID":MID, "source":source, "ip":ip, "userid":userid, "branch":branch, "tipekons":tipekons, "marital":marital, "penjamin":penjamin, ... ])): Send request successfully

2022-11-22 16:27:41 - [MESSAGE][INFO] - HAR: D:\DMS\Engine Scoring\Reports\20221122_162012\Exclude KKB - DS\Scoring Individu - KKB\20221122_162012\requests\main\180.har

2022-11-22 16:27:41 - [MESSAGE][PASSED] - Send request successfully

2022-11-22 16:27:41 - [TEST_STEP][PASSED] - slurper = new groovy.json.JsonSlurper(): null

2022-11-22 16:27:41 - [TEST_STEP][PASSED] - result = slurper.parseText(req_data.getResponseBodyContent()): null

2022-11-22 16:27:41 - [TEST_STEP][PASSED] - reqid_kons = requestid1: null

2022-11-22 16:27:41 - [TEST_STEP][PASSED] - reqid_spouse = requestid2: null

2022-11-22 16:27:41 - [TEST_STEP][PASSED] - println("requestid kons : " + reqid_kons): null

2022-11-22 16:27:41 - [TEST_STEP][PASSED] - response_searchME_kons = reqid_kons: null

2022-11-22 16:27:41 - [TEST_STEP][PASSED] - response_searchME_spouse = reqid_spouse: null

2022-11-22 16:27:41 - [TEST_STEP][PASSED] - println("kons req id is :" + response_searchME_kons): null

2022-11-22 16:27:41 - [TEST_STEP][PASSED] - println("spouse req id is : " + response_searchME_spouse): null

2022-11-22 16:27:41 - [TEST_STEP][PASSED] - verifyResponseStatusCode(req_data, 200): Verify response status code successfully

2022-11-22 16:27:41 - [MESSAGE][PASSED] - Verify response status code successfully

2022-11-22 16:27:41 - [TEST_STEP][PASSED] - response = req_data.getResponseText(): null

2022-11-22 16:27:41 - [TEST_STEP][PASSED] - logInfo($response): {"status":"Done","data":{"requestid1":"242214","requestid2":""}}

2022-11-22 16:27:41 - [MESSAGE][INFO] - {"status":"Done","data":{"requestid1":"242214","requestid2":""}}

2022-11-22 16:27:41 - [TEST_STEP][PASSED] - delay(3): Delayed 3 second(s)

2022-11-22 16:27:44 - [MESSAGE][PASSED] - Delayed 3 second(s)

2022-11-22 16:27:44 - [TEST_STEP][PASSED] - scoring = sendRequest(findTestObject("EngineScore", ["response_searchME_kons":response_searchME_kons, "response_searchME_spouse":response_searchME_spouse])): Send request successfully

2022-11-22 16:27:44 - [MESSAGE][INFO] - HAR: D:\DMS\Engine Scoring\Reports\20221122_162012\Exclude KKB - DS\Scoring Individu - KKB\20221122_162012\requests\main\181.har

2022-11-22 16:27:44 - [MESSAGE][PASSED] - Send request successfully

2022-11-22 16:27:44 - [TEST_STEP][PASSED] - verifyResponseStatusCode(scoring, 200): Verify response status code successfully

2022-11-22 16:27:44 - [MESSAGE][PASSED] - Verify response status code successfully

2022-11-22 16:27:44 - [TEST_STEP][PASSED] - response2 = scoring.getResponseText(): null

2022-11-22 16:27:44 - [TEST_STEP][PASSED] - markPassed("result service data ke : " + no): result service data ke : 91

2022-11-22 16:27:44 - [MESSAGE][PASSED] - result service data ke : 91

2022-11-22 16:27:44 - [TEST_STEP][PASSED] - logInfo($response2): {"result_konsumen":"Approve","result_pasangan":"","Final_result":"Approve","errorMessage":"","status":"Done"}

2022-11-22 16:27:44 - [MESSAGE][INFO] - {"result_konsumen":"Approve","result_pasangan":"","Final_result":"Approve","errorMessage":"","status":"Done"}

2022-11-22 16:27:44 - [TEST_STEP][PASSED] - verifyElementPropertyValue(scoring, "Final_result", final_result): Verify element property value successfully

2022-11-22 16:27:44 - [MESSAGE][PASSED] - Verify element property value successfully]]></system-out>
         <system-err><![CDATA[]]></system-err>
      </testcase>
      <testcase name="Test Cases/Engine_Scoring/Engine Scoring" time="6.821" classname="Test Cases/Engine_Scoring/Engine Scoring" status="PASSED">
         <system-out><![CDATA[2022-11-22 16:27:44 - [TEST_CASE][PASSED] - Test Cases/Engine_Scoring/Engine Scoring: Test Cases/Engine_Scoring/Engine Scoring

2022-11-22 16:27:45 - [TEST_STEP][PASSED] - markPassed("Variasi data ke : " + no): Variasi data ke : 92

2022-11-22 16:27:45 - [MESSAGE][PASSED] - Variasi data ke : 92

2022-11-22 16:27:45 - [TEST_STEP][PASSED] - req_data = sendRequest(findTestObject("Search_ME", ["MID":MID, "source":source, "ip":ip, "userid":userid, "branch":branch, "tipekons":tipekons, "marital":marital, "penjamin":penjamin, ... ])): Send request successfully

2022-11-22 16:27:48 - [MESSAGE][INFO] - HAR: D:\DMS\Engine Scoring\Reports\20221122_162012\Exclude KKB - DS\Scoring Individu - KKB\20221122_162012\requests\main\182.har

2022-11-22 16:27:48 - [MESSAGE][PASSED] - Send request successfully

2022-11-22 16:27:48 - [TEST_STEP][PASSED] - slurper = new groovy.json.JsonSlurper(): null

2022-11-22 16:27:48 - [TEST_STEP][PASSED] - result = slurper.parseText(req_data.getResponseBodyContent()): null

2022-11-22 16:27:48 - [TEST_STEP][PASSED] - reqid_kons = requestid1: null

2022-11-22 16:27:48 - [TEST_STEP][PASSED] - reqid_spouse = requestid2: null

2022-11-22 16:27:48 - [TEST_STEP][PASSED] - println("requestid kons : " + reqid_kons): null

2022-11-22 16:27:48 - [TEST_STEP][PASSED] - response_searchME_kons = reqid_kons: null

2022-11-22 16:27:48 - [TEST_STEP][PASSED] - response_searchME_spouse = reqid_spouse: null

2022-11-22 16:27:48 - [TEST_STEP][PASSED] - println("kons req id is :" + response_searchME_kons): null

2022-11-22 16:27:48 - [TEST_STEP][PASSED] - println("spouse req id is : " + response_searchME_spouse): null

2022-11-22 16:27:48 - [TEST_STEP][PASSED] - verifyResponseStatusCode(req_data, 200): Verify response status code successfully

2022-11-22 16:27:48 - [MESSAGE][PASSED] - Verify response status code successfully

2022-11-22 16:27:48 - [TEST_STEP][PASSED] - response = req_data.getResponseText(): null

2022-11-22 16:27:48 - [TEST_STEP][PASSED] - logInfo($response): {"status":"Done","data":{"requestid1":"242215","requestid2":""}}

2022-11-22 16:27:48 - [MESSAGE][INFO] - {"status":"Done","data":{"requestid1":"242215","requestid2":""}}

2022-11-22 16:27:48 - [TEST_STEP][PASSED] - delay(3): Delayed 3 second(s)

2022-11-22 16:27:51 - [MESSAGE][PASSED] - Delayed 3 second(s)

2022-11-22 16:27:51 - [TEST_STEP][PASSED] - scoring = sendRequest(findTestObject("EngineScore", ["response_searchME_kons":response_searchME_kons, "response_searchME_spouse":response_searchME_spouse])): Send request successfully

2022-11-22 16:27:51 - [MESSAGE][INFO] - HAR: D:\DMS\Engine Scoring\Reports\20221122_162012\Exclude KKB - DS\Scoring Individu - KKB\20221122_162012\requests\main\183.har

2022-11-22 16:27:51 - [MESSAGE][PASSED] - Send request successfully

2022-11-22 16:27:51 - [TEST_STEP][PASSED] - verifyResponseStatusCode(scoring, 200): Verify response status code successfully

2022-11-22 16:27:51 - [MESSAGE][PASSED] - Verify response status code successfully

2022-11-22 16:27:51 - [TEST_STEP][PASSED] - response2 = scoring.getResponseText(): null

2022-11-22 16:27:51 - [TEST_STEP][PASSED] - markPassed("result service data ke : " + no): result service data ke : 92

2022-11-22 16:27:51 - [MESSAGE][PASSED] - result service data ke : 92

2022-11-22 16:27:51 - [TEST_STEP][PASSED] - logInfo($response2): {"result_konsumen":"Approve","result_pasangan":"","Final_result":"Approve","errorMessage":"","status":"Done"}

2022-11-22 16:27:51 - [MESSAGE][INFO] - {"result_konsumen":"Approve","result_pasangan":"","Final_result":"Approve","errorMessage":"","status":"Done"}

2022-11-22 16:27:51 - [TEST_STEP][PASSED] - verifyElementPropertyValue(scoring, "Final_result", final_result): Verify element property value successfully

2022-11-22 16:27:51 - [MESSAGE][PASSED] - Verify element property value successfully]]></system-out>
         <system-err><![CDATA[]]></system-err>
      </testcase>
      <testcase name="Test Cases/Engine_Scoring/Engine Scoring" time="5.061" classname="Test Cases/Engine_Scoring/Engine Scoring" status="PASSED">
         <system-out><![CDATA[2022-11-22 16:27:51 - [TEST_CASE][PASSED] - Test Cases/Engine_Scoring/Engine Scoring: Test Cases/Engine_Scoring/Engine Scoring

2022-11-22 16:27:52 - [TEST_STEP][PASSED] - markPassed("Variasi data ke : " + no): Variasi data ke : 93

2022-11-22 16:27:52 - [MESSAGE][PASSED] - Variasi data ke : 93

2022-11-22 16:27:52 - [TEST_STEP][PASSED] - req_data = sendRequest(findTestObject("Search_ME", ["MID":MID, "source":source, "ip":ip, "userid":userid, "branch":branch, "tipekons":tipekons, "marital":marital, "penjamin":penjamin, ... ])): Send request successfully

2022-11-22 16:27:53 - [MESSAGE][INFO] - HAR: D:\DMS\Engine Scoring\Reports\20221122_162012\Exclude KKB - DS\Scoring Individu - KKB\20221122_162012\requests\main\184.har

2022-11-22 16:27:53 - [MESSAGE][PASSED] - Send request successfully

2022-11-22 16:27:53 - [TEST_STEP][PASSED] - slurper = new groovy.json.JsonSlurper(): null

2022-11-22 16:27:53 - [TEST_STEP][PASSED] - result = slurper.parseText(req_data.getResponseBodyContent()): null

2022-11-22 16:27:53 - [TEST_STEP][PASSED] - reqid_kons = requestid1: null

2022-11-22 16:27:53 - [TEST_STEP][PASSED] - reqid_spouse = requestid2: null

2022-11-22 16:27:53 - [TEST_STEP][PASSED] - println("requestid kons : " + reqid_kons): null

2022-11-22 16:27:53 - [TEST_STEP][PASSED] - response_searchME_kons = reqid_kons: null

2022-11-22 16:27:53 - [TEST_STEP][PASSED] - response_searchME_spouse = reqid_spouse: null

2022-11-22 16:27:53 - [TEST_STEP][PASSED] - println("kons req id is :" + response_searchME_kons): null

2022-11-22 16:27:53 - [TEST_STEP][PASSED] - println("spouse req id is : " + response_searchME_spouse): null

2022-11-22 16:27:53 - [TEST_STEP][PASSED] - verifyResponseStatusCode(req_data, 200): Verify response status code successfully

2022-11-22 16:27:53 - [MESSAGE][PASSED] - Verify response status code successfully

2022-11-22 16:27:53 - [TEST_STEP][PASSED] - response = req_data.getResponseText(): null

2022-11-22 16:27:53 - [TEST_STEP][PASSED] - logInfo($response): {"status":"Done","data":{"requestid1":"242216","requestid2":""}}

2022-11-22 16:27:53 - [MESSAGE][INFO] - {"status":"Done","data":{"requestid1":"242216","requestid2":""}}

2022-11-22 16:27:53 - [TEST_STEP][PASSED] - delay(3): Delayed 3 second(s)

2022-11-22 16:27:56 - [MESSAGE][PASSED] - Delayed 3 second(s)

2022-11-22 16:27:56 - [TEST_STEP][PASSED] - scoring = sendRequest(findTestObject("EngineScore", ["response_searchME_kons":response_searchME_kons, "response_searchME_spouse":response_searchME_spouse])): Send request successfully

2022-11-22 16:27:56 - [MESSAGE][INFO] - HAR: D:\DMS\Engine Scoring\Reports\20221122_162012\Exclude KKB - DS\Scoring Individu - KKB\20221122_162012\requests\main\185.har

2022-11-22 16:27:56 - [MESSAGE][PASSED] - Send request successfully

2022-11-22 16:27:56 - [TEST_STEP][PASSED] - verifyResponseStatusCode(scoring, 200): Verify response status code successfully

2022-11-22 16:27:56 - [MESSAGE][PASSED] - Verify response status code successfully

2022-11-22 16:27:56 - [TEST_STEP][PASSED] - response2 = scoring.getResponseText(): null

2022-11-22 16:27:56 - [TEST_STEP][PASSED] - markPassed("result service data ke : " + no): result service data ke : 93

2022-11-22 16:27:56 - [MESSAGE][PASSED] - result service data ke : 93

2022-11-22 16:27:56 - [TEST_STEP][PASSED] - logInfo($response2): {"result_konsumen":"Reject","result_pasangan":"","Final_result":"Reject","errorMessage":"","status":"Done"}

2022-11-22 16:27:56 - [MESSAGE][INFO] - {"result_konsumen":"Reject","result_pasangan":"","Final_result":"Reject","errorMessage":"","status":"Done"}

2022-11-22 16:27:56 - [TEST_STEP][PASSED] - verifyElementPropertyValue(scoring, "Final_result", final_result): Verify element property value successfully

2022-11-22 16:27:56 - [MESSAGE][PASSED] - Verify element property value successfully]]></system-out>
         <system-err><![CDATA[]]></system-err>
      </testcase>
      <testcase name="Test Cases/Engine_Scoring/Engine Scoring" time="4.963" classname="Test Cases/Engine_Scoring/Engine Scoring" status="PASSED">
         <system-out><![CDATA[2022-11-22 16:27:56 - [TEST_CASE][PASSED] - Test Cases/Engine_Scoring/Engine Scoring: Test Cases/Engine_Scoring/Engine Scoring

2022-11-22 16:27:57 - [TEST_STEP][PASSED] - markPassed("Variasi data ke : " + no): Variasi data ke : 94

2022-11-22 16:27:57 - [MESSAGE][PASSED] - Variasi data ke : 94

2022-11-22 16:27:57 - [TEST_STEP][PASSED] - req_data = sendRequest(findTestObject("Search_ME", ["MID":MID, "source":source, "ip":ip, "userid":userid, "branch":branch, "tipekons":tipekons, "marital":marital, "penjamin":penjamin, ... ])): Send request successfully

2022-11-22 16:27:58 - [MESSAGE][INFO] - HAR: D:\DMS\Engine Scoring\Reports\20221122_162012\Exclude KKB - DS\Scoring Individu - KKB\20221122_162012\requests\main\186.har

2022-11-22 16:27:58 - [MESSAGE][PASSED] - Send request successfully

2022-11-22 16:27:58 - [TEST_STEP][PASSED] - slurper = new groovy.json.JsonSlurper(): null

2022-11-22 16:27:58 - [TEST_STEP][PASSED] - result = slurper.parseText(req_data.getResponseBodyContent()): null

2022-11-22 16:27:58 - [TEST_STEP][PASSED] - reqid_kons = requestid1: null

2022-11-22 16:27:58 - [TEST_STEP][PASSED] - reqid_spouse = requestid2: null

2022-11-22 16:27:58 - [TEST_STEP][PASSED] - println("requestid kons : " + reqid_kons): null

2022-11-22 16:27:58 - [TEST_STEP][PASSED] - response_searchME_kons = reqid_kons: null

2022-11-22 16:27:58 - [TEST_STEP][PASSED] - response_searchME_spouse = reqid_spouse: null

2022-11-22 16:27:58 - [TEST_STEP][PASSED] - println("kons req id is :" + response_searchME_kons): null

2022-11-22 16:27:58 - [TEST_STEP][PASSED] - println("spouse req id is : " + response_searchME_spouse): null

2022-11-22 16:27:58 - [TEST_STEP][PASSED] - verifyResponseStatusCode(req_data, 200): Verify response status code successfully

2022-11-22 16:27:58 - [MESSAGE][PASSED] - Verify response status code successfully

2022-11-22 16:27:58 - [TEST_STEP][PASSED] - response = req_data.getResponseText(): null

2022-11-22 16:27:58 - [TEST_STEP][PASSED] - logInfo($response): {"status":"Done","data":{"requestid1":"242217","requestid2":""}}

2022-11-22 16:27:58 - [MESSAGE][INFO] - {"status":"Done","data":{"requestid1":"242217","requestid2":""}}

2022-11-22 16:27:58 - [TEST_STEP][PASSED] - delay(3): Delayed 3 second(s)

2022-11-22 16:28:01 - [MESSAGE][PASSED] - Delayed 3 second(s)

2022-11-22 16:28:01 - [TEST_STEP][PASSED] - scoring = sendRequest(findTestObject("EngineScore", ["response_searchME_kons":response_searchME_kons, "response_searchME_spouse":response_searchME_spouse])): Send request successfully

2022-11-22 16:28:01 - [MESSAGE][INFO] - HAR: D:\DMS\Engine Scoring\Reports\20221122_162012\Exclude KKB - DS\Scoring Individu - KKB\20221122_162012\requests\main\187.har

2022-11-22 16:28:01 - [MESSAGE][PASSED] - Send request successfully

2022-11-22 16:28:01 - [TEST_STEP][PASSED] - verifyResponseStatusCode(scoring, 200): Verify response status code successfully

2022-11-22 16:28:01 - [MESSAGE][PASSED] - Verify response status code successfully

2022-11-22 16:28:01 - [TEST_STEP][PASSED] - response2 = scoring.getResponseText(): null

2022-11-22 16:28:01 - [TEST_STEP][PASSED] - markPassed("result service data ke : " + no): result service data ke : 94

2022-11-22 16:28:01 - [MESSAGE][PASSED] - result service data ke : 94

2022-11-22 16:28:01 - [TEST_STEP][PASSED] - logInfo($response2): {"result_konsumen":"Reject","result_pasangan":"","Final_result":"Reject","errorMessage":"","status":"Done"}

2022-11-22 16:28:01 - [MESSAGE][INFO] - {"result_konsumen":"Reject","result_pasangan":"","Final_result":"Reject","errorMessage":"","status":"Done"}

2022-11-22 16:28:01 - [TEST_STEP][PASSED] - verifyElementPropertyValue(scoring, "Final_result", final_result): Verify element property value successfully

2022-11-22 16:28:01 - [MESSAGE][PASSED] - Verify element property value successfully]]></system-out>
         <system-err><![CDATA[]]></system-err>
      </testcase>
      <testcase name="Test Cases/Engine_Scoring/Engine Scoring" time="5.05" classname="Test Cases/Engine_Scoring/Engine Scoring" status="PASSED">
         <system-out><![CDATA[2022-11-22 16:28:01 - [TEST_CASE][PASSED] - Test Cases/Engine_Scoring/Engine Scoring: Test Cases/Engine_Scoring/Engine Scoring

2022-11-22 16:28:02 - [TEST_STEP][PASSED] - markPassed("Variasi data ke : " + no): Variasi data ke : 95

2022-11-22 16:28:02 - [MESSAGE][PASSED] - Variasi data ke : 95

2022-11-22 16:28:02 - [TEST_STEP][PASSED] - req_data = sendRequest(findTestObject("Search_ME", ["MID":MID, "source":source, "ip":ip, "userid":userid, "branch":branch, "tipekons":tipekons, "marital":marital, "penjamin":penjamin, ... ])): Send request successfully

2022-11-22 16:28:03 - [MESSAGE][INFO] - HAR: D:\DMS\Engine Scoring\Reports\20221122_162012\Exclude KKB - DS\Scoring Individu - KKB\20221122_162012\requests\main\188.har

2022-11-22 16:28:03 - [MESSAGE][PASSED] - Send request successfully

2022-11-22 16:28:03 - [TEST_STEP][PASSED] - slurper = new groovy.json.JsonSlurper(): null

2022-11-22 16:28:03 - [TEST_STEP][PASSED] - result = slurper.parseText(req_data.getResponseBodyContent()): null

2022-11-22 16:28:03 - [TEST_STEP][PASSED] - reqid_kons = requestid1: null

2022-11-22 16:28:03 - [TEST_STEP][PASSED] - reqid_spouse = requestid2: null

2022-11-22 16:28:03 - [TEST_STEP][PASSED] - println("requestid kons : " + reqid_kons): null

2022-11-22 16:28:03 - [TEST_STEP][PASSED] - response_searchME_kons = reqid_kons: null

2022-11-22 16:28:03 - [TEST_STEP][PASSED] - response_searchME_spouse = reqid_spouse: null

2022-11-22 16:28:03 - [TEST_STEP][PASSED] - println("kons req id is :" + response_searchME_kons): null

2022-11-22 16:28:03 - [TEST_STEP][PASSED] - println("spouse req id is : " + response_searchME_spouse): null

2022-11-22 16:28:03 - [TEST_STEP][PASSED] - verifyResponseStatusCode(req_data, 200): Verify response status code successfully

2022-11-22 16:28:03 - [MESSAGE][PASSED] - Verify response status code successfully

2022-11-22 16:28:03 - [TEST_STEP][PASSED] - response = req_data.getResponseText(): null

2022-11-22 16:28:03 - [TEST_STEP][PASSED] - logInfo($response): {"status":"Done","data":{"requestid1":"242218","requestid2":""}}

2022-11-22 16:28:03 - [MESSAGE][INFO] - {"status":"Done","data":{"requestid1":"242218","requestid2":""}}

2022-11-22 16:28:03 - [TEST_STEP][PASSED] - delay(3): Delayed 3 second(s)

2022-11-22 16:28:06 - [MESSAGE][PASSED] - Delayed 3 second(s)

2022-11-22 16:28:06 - [TEST_STEP][PASSED] - scoring = sendRequest(findTestObject("EngineScore", ["response_searchME_kons":response_searchME_kons, "response_searchME_spouse":response_searchME_spouse])): Send request successfully

2022-11-22 16:28:06 - [MESSAGE][INFO] - HAR: D:\DMS\Engine Scoring\Reports\20221122_162012\Exclude KKB - DS\Scoring Individu - KKB\20221122_162012\requests\main\189.har

2022-11-22 16:28:06 - [MESSAGE][PASSED] - Send request successfully

2022-11-22 16:28:06 - [TEST_STEP][PASSED] - verifyResponseStatusCode(scoring, 200): Verify response status code successfully

2022-11-22 16:28:06 - [MESSAGE][PASSED] - Verify response status code successfully

2022-11-22 16:28:06 - [TEST_STEP][PASSED] - response2 = scoring.getResponseText(): null

2022-11-22 16:28:06 - [TEST_STEP][PASSED] - markPassed("result service data ke : " + no): result service data ke : 95

2022-11-22 16:28:06 - [MESSAGE][PASSED] - result service data ke : 95

2022-11-22 16:28:06 - [TEST_STEP][PASSED] - logInfo($response2): {"result_konsumen":"Reject","result_pasangan":"","Final_result":"Reject","errorMessage":"","status":"Done"}

2022-11-22 16:28:06 - [MESSAGE][INFO] - {"result_konsumen":"Reject","result_pasangan":"","Final_result":"Reject","errorMessage":"","status":"Done"}

2022-11-22 16:28:06 - [TEST_STEP][PASSED] - verifyElementPropertyValue(scoring, "Final_result", final_result): Verify element property value successfully

2022-11-22 16:28:06 - [MESSAGE][PASSED] - Verify element property value successfully]]></system-out>
         <system-err><![CDATA[]]></system-err>
      </testcase>
      <testcase name="Test Cases/Engine_Scoring/Engine Scoring" time="5.025" classname="Test Cases/Engine_Scoring/Engine Scoring" status="PASSED">
         <system-out><![CDATA[2022-11-22 16:28:06 - [TEST_CASE][PASSED] - Test Cases/Engine_Scoring/Engine Scoring: Test Cases/Engine_Scoring/Engine Scoring

2022-11-22 16:28:07 - [TEST_STEP][PASSED] - markPassed("Variasi data ke : " + no): Variasi data ke : 96

2022-11-22 16:28:07 - [MESSAGE][PASSED] - Variasi data ke : 96

2022-11-22 16:28:07 - [TEST_STEP][PASSED] - req_data = sendRequest(findTestObject("Search_ME", ["MID":MID, "source":source, "ip":ip, "userid":userid, "branch":branch, "tipekons":tipekons, "marital":marital, "penjamin":penjamin, ... ])): Send request successfully

2022-11-22 16:28:08 - [MESSAGE][INFO] - HAR: D:\DMS\Engine Scoring\Reports\20221122_162012\Exclude KKB - DS\Scoring Individu - KKB\20221122_162012\requests\main\190.har

2022-11-22 16:28:08 - [MESSAGE][PASSED] - Send request successfully

2022-11-22 16:28:08 - [TEST_STEP][PASSED] - slurper = new groovy.json.JsonSlurper(): null

2022-11-22 16:28:08 - [TEST_STEP][PASSED] - result = slurper.parseText(req_data.getResponseBodyContent()): null

2022-11-22 16:28:08 - [TEST_STEP][PASSED] - reqid_kons = requestid1: null

2022-11-22 16:28:08 - [TEST_STEP][PASSED] - reqid_spouse = requestid2: null

2022-11-22 16:28:08 - [TEST_STEP][PASSED] - println("requestid kons : " + reqid_kons): null

2022-11-22 16:28:08 - [TEST_STEP][PASSED] - response_searchME_kons = reqid_kons: null

2022-11-22 16:28:08 - [TEST_STEP][PASSED] - response_searchME_spouse = reqid_spouse: null

2022-11-22 16:28:08 - [TEST_STEP][PASSED] - println("kons req id is :" + response_searchME_kons): null

2022-11-22 16:28:08 - [TEST_STEP][PASSED] - println("spouse req id is : " + response_searchME_spouse): null

2022-11-22 16:28:08 - [TEST_STEP][PASSED] - verifyResponseStatusCode(req_data, 200): Verify response status code successfully

2022-11-22 16:28:08 - [MESSAGE][PASSED] - Verify response status code successfully

2022-11-22 16:28:08 - [TEST_STEP][PASSED] - response = req_data.getResponseText(): null

2022-11-22 16:28:08 - [TEST_STEP][PASSED] - logInfo($response): {"status":"Done","data":{"requestid1":"242219","requestid2":""}}

2022-11-22 16:28:08 - [MESSAGE][INFO] - {"status":"Done","data":{"requestid1":"242219","requestid2":""}}

2022-11-22 16:28:08 - [TEST_STEP][PASSED] - delay(3): Delayed 3 second(s)

2022-11-22 16:28:11 - [MESSAGE][PASSED] - Delayed 3 second(s)

2022-11-22 16:28:11 - [TEST_STEP][PASSED] - scoring = sendRequest(findTestObject("EngineScore", ["response_searchME_kons":response_searchME_kons, "response_searchME_spouse":response_searchME_spouse])): Send request successfully

2022-11-22 16:28:11 - [MESSAGE][INFO] - HAR: D:\DMS\Engine Scoring\Reports\20221122_162012\Exclude KKB - DS\Scoring Individu - KKB\20221122_162012\requests\main\191.har

2022-11-22 16:28:11 - [MESSAGE][PASSED] - Send request successfully

2022-11-22 16:28:11 - [TEST_STEP][PASSED] - verifyResponseStatusCode(scoring, 200): Verify response status code successfully

2022-11-22 16:28:11 - [MESSAGE][PASSED] - Verify response status code successfully

2022-11-22 16:28:11 - [TEST_STEP][PASSED] - response2 = scoring.getResponseText(): null

2022-11-22 16:28:11 - [TEST_STEP][PASSED] - markPassed("result service data ke : " + no): result service data ke : 96

2022-11-22 16:28:11 - [MESSAGE][PASSED] - result service data ke : 96

2022-11-22 16:28:11 - [TEST_STEP][PASSED] - logInfo($response2): {"result_konsumen":"Reject","result_pasangan":"","Final_result":"Reject","errorMessage":"","status":"Done"}

2022-11-22 16:28:11 - [MESSAGE][INFO] - {"result_konsumen":"Reject","result_pasangan":"","Final_result":"Reject","errorMessage":"","status":"Done"}

2022-11-22 16:28:11 - [TEST_STEP][PASSED] - verifyElementPropertyValue(scoring, "Final_result", final_result): Verify element property value successfully

2022-11-22 16:28:11 - [MESSAGE][PASSED] - Verify element property value successfully]]></system-out>
         <system-err><![CDATA[]]></system-err>
      </testcase>
      <testcase name="Test Cases/Engine_Scoring/Engine Scoring" time="4.888" classname="Test Cases/Engine_Scoring/Engine Scoring" status="PASSED">
         <system-out><![CDATA[2022-11-22 16:28:11 - [TEST_CASE][PASSED] - Test Cases/Engine_Scoring/Engine Scoring: Test Cases/Engine_Scoring/Engine Scoring

2022-11-22 16:28:12 - [TEST_STEP][PASSED] - markPassed("Variasi data ke : " + no): Variasi data ke : 97

2022-11-22 16:28:12 - [MESSAGE][PASSED] - Variasi data ke : 97

2022-11-22 16:28:12 - [TEST_STEP][PASSED] - req_data = sendRequest(findTestObject("Search_ME", ["MID":MID, "source":source, "ip":ip, "userid":userid, "branch":branch, "tipekons":tipekons, "marital":marital, "penjamin":penjamin, ... ])): Send request successfully

2022-11-22 16:28:13 - [MESSAGE][INFO] - HAR: D:\DMS\Engine Scoring\Reports\20221122_162012\Exclude KKB - DS\Scoring Individu - KKB\20221122_162012\requests\main\192.har

2022-11-22 16:28:13 - [MESSAGE][PASSED] - Send request successfully

2022-11-22 16:28:13 - [TEST_STEP][PASSED] - slurper = new groovy.json.JsonSlurper(): null

2022-11-22 16:28:13 - [TEST_STEP][PASSED] - result = slurper.parseText(req_data.getResponseBodyContent()): null

2022-11-22 16:28:13 - [TEST_STEP][PASSED] - reqid_kons = requestid1: null

2022-11-22 16:28:13 - [TEST_STEP][PASSED] - reqid_spouse = requestid2: null

2022-11-22 16:28:13 - [TEST_STEP][PASSED] - println("requestid kons : " + reqid_kons): null

2022-11-22 16:28:13 - [TEST_STEP][PASSED] - response_searchME_kons = reqid_kons: null

2022-11-22 16:28:13 - [TEST_STEP][PASSED] - response_searchME_spouse = reqid_spouse: null

2022-11-22 16:28:13 - [TEST_STEP][PASSED] - println("kons req id is :" + response_searchME_kons): null

2022-11-22 16:28:13 - [TEST_STEP][PASSED] - println("spouse req id is : " + response_searchME_spouse): null

2022-11-22 16:28:13 - [TEST_STEP][PASSED] - verifyResponseStatusCode(req_data, 200): Verify response status code successfully

2022-11-22 16:28:13 - [MESSAGE][PASSED] - Verify response status code successfully

2022-11-22 16:28:13 - [TEST_STEP][PASSED] - response = req_data.getResponseText(): null

2022-11-22 16:28:13 - [TEST_STEP][PASSED] - logInfo($response): {"status":"Done","data":{"requestid1":"242220","requestid2":""}}

2022-11-22 16:28:13 - [MESSAGE][INFO] - {"status":"Done","data":{"requestid1":"242220","requestid2":""}}

2022-11-22 16:28:13 - [TEST_STEP][PASSED] - delay(3): Delayed 3 second(s)

2022-11-22 16:28:16 - [MESSAGE][PASSED] - Delayed 3 second(s)

2022-11-22 16:28:16 - [TEST_STEP][PASSED] - scoring = sendRequest(findTestObject("EngineScore", ["response_searchME_kons":response_searchME_kons, "response_searchME_spouse":response_searchME_spouse])): Send request successfully

2022-11-22 16:28:16 - [MESSAGE][INFO] - HAR: D:\DMS\Engine Scoring\Reports\20221122_162012\Exclude KKB - DS\Scoring Individu - KKB\20221122_162012\requests\main\193.har

2022-11-22 16:28:16 - [MESSAGE][PASSED] - Send request successfully

2022-11-22 16:28:16 - [TEST_STEP][PASSED] - verifyResponseStatusCode(scoring, 200): Verify response status code successfully

2022-11-22 16:28:16 - [MESSAGE][PASSED] - Verify response status code successfully

2022-11-22 16:28:16 - [TEST_STEP][PASSED] - response2 = scoring.getResponseText(): null

2022-11-22 16:28:16 - [TEST_STEP][PASSED] - markPassed("result service data ke : " + no): result service data ke : 97

2022-11-22 16:28:16 - [MESSAGE][PASSED] - result service data ke : 97

2022-11-22 16:28:16 - [TEST_STEP][PASSED] - logInfo($response2): {"result_konsumen":"Approve","result_pasangan":"","Final_result":"Approve","errorMessage":"","status":"Done"}

2022-11-22 16:28:16 - [MESSAGE][INFO] - {"result_konsumen":"Approve","result_pasangan":"","Final_result":"Approve","errorMessage":"","status":"Done"}

2022-11-22 16:28:16 - [TEST_STEP][PASSED] - verifyElementPropertyValue(scoring, "Final_result", final_result): Verify element property value successfully

2022-11-22 16:28:16 - [MESSAGE][PASSED] - Verify element property value successfully]]></system-out>
         <system-err><![CDATA[]]></system-err>
      </testcase>
      <testcase name="Test Cases/Engine_Scoring/Engine Scoring" time="5.008" classname="Test Cases/Engine_Scoring/Engine Scoring" status="PASSED">
         <system-out><![CDATA[2022-11-22 16:28:16 - [TEST_CASE][PASSED] - Test Cases/Engine_Scoring/Engine Scoring: Test Cases/Engine_Scoring/Engine Scoring

2022-11-22 16:28:17 - [TEST_STEP][PASSED] - markPassed("Variasi data ke : " + no): Variasi data ke : 98

2022-11-22 16:28:17 - [MESSAGE][PASSED] - Variasi data ke : 98

2022-11-22 16:28:17 - [TEST_STEP][PASSED] - req_data = sendRequest(findTestObject("Search_ME", ["MID":MID, "source":source, "ip":ip, "userid":userid, "branch":branch, "tipekons":tipekons, "marital":marital, "penjamin":penjamin, ... ])): Send request successfully

2022-11-22 16:28:18 - [MESSAGE][INFO] - HAR: D:\DMS\Engine Scoring\Reports\20221122_162012\Exclude KKB - DS\Scoring Individu - KKB\20221122_162012\requests\main\194.har

2022-11-22 16:28:18 - [MESSAGE][PASSED] - Send request successfully

2022-11-22 16:28:18 - [TEST_STEP][PASSED] - slurper = new groovy.json.JsonSlurper(): null

2022-11-22 16:28:18 - [TEST_STEP][PASSED] - result = slurper.parseText(req_data.getResponseBodyContent()): null

2022-11-22 16:28:18 - [TEST_STEP][PASSED] - reqid_kons = requestid1: null

2022-11-22 16:28:18 - [TEST_STEP][PASSED] - reqid_spouse = requestid2: null

2022-11-22 16:28:18 - [TEST_STEP][PASSED] - println("requestid kons : " + reqid_kons): null

2022-11-22 16:28:18 - [TEST_STEP][PASSED] - response_searchME_kons = reqid_kons: null

2022-11-22 16:28:18 - [TEST_STEP][PASSED] - response_searchME_spouse = reqid_spouse: null

2022-11-22 16:28:18 - [TEST_STEP][PASSED] - println("kons req id is :" + response_searchME_kons): null

2022-11-22 16:28:18 - [TEST_STEP][PASSED] - println("spouse req id is : " + response_searchME_spouse): null

2022-11-22 16:28:18 - [TEST_STEP][PASSED] - verifyResponseStatusCode(req_data, 200): Verify response status code successfully

2022-11-22 16:28:18 - [MESSAGE][PASSED] - Verify response status code successfully

2022-11-22 16:28:18 - [TEST_STEP][PASSED] - response = req_data.getResponseText(): null

2022-11-22 16:28:18 - [TEST_STEP][PASSED] - logInfo($response): {"status":"Done","data":{"requestid1":"242221","requestid2":""}}

2022-11-22 16:28:18 - [MESSAGE][INFO] - {"status":"Done","data":{"requestid1":"242221","requestid2":""}}

2022-11-22 16:28:18 - [TEST_STEP][PASSED] - delay(3): Delayed 3 second(s)

2022-11-22 16:28:21 - [MESSAGE][PASSED] - Delayed 3 second(s)

2022-11-22 16:28:21 - [TEST_STEP][PASSED] - scoring = sendRequest(findTestObject("EngineScore", ["response_searchME_kons":response_searchME_kons, "response_searchME_spouse":response_searchME_spouse])): Send request successfully

2022-11-22 16:28:21 - [MESSAGE][INFO] - HAR: D:\DMS\Engine Scoring\Reports\20221122_162012\Exclude KKB - DS\Scoring Individu - KKB\20221122_162012\requests\main\195.har

2022-11-22 16:28:21 - [MESSAGE][PASSED] - Send request successfully

2022-11-22 16:28:21 - [TEST_STEP][PASSED] - verifyResponseStatusCode(scoring, 200): Verify response status code successfully

2022-11-22 16:28:21 - [MESSAGE][PASSED] - Verify response status code successfully

2022-11-22 16:28:21 - [TEST_STEP][PASSED] - response2 = scoring.getResponseText(): null

2022-11-22 16:28:21 - [TEST_STEP][PASSED] - markPassed("result service data ke : " + no): result service data ke : 98

2022-11-22 16:28:21 - [MESSAGE][PASSED] - result service data ke : 98

2022-11-22 16:28:21 - [TEST_STEP][PASSED] - logInfo($response2): {"result_konsumen":"Approve","result_pasangan":"","Final_result":"Approve","errorMessage":"","status":"Done"}

2022-11-22 16:28:21 - [MESSAGE][INFO] - {"result_konsumen":"Approve","result_pasangan":"","Final_result":"Approve","errorMessage":"","status":"Done"}

2022-11-22 16:28:21 - [TEST_STEP][PASSED] - verifyElementPropertyValue(scoring, "Final_result", final_result): Verify element property value successfully

2022-11-22 16:28:21 - [MESSAGE][PASSED] - Verify element property value successfully]]></system-out>
         <system-err><![CDATA[]]></system-err>
      </testcase>
      <testcase name="Test Cases/Engine_Scoring/Engine Scoring" time="5.09" classname="Test Cases/Engine_Scoring/Engine Scoring" status="PASSED">
         <system-out><![CDATA[2022-11-22 16:28:21 - [TEST_CASE][PASSED] - Test Cases/Engine_Scoring/Engine Scoring: Test Cases/Engine_Scoring/Engine Scoring

2022-11-22 16:28:22 - [TEST_STEP][PASSED] - markPassed("Variasi data ke : " + no): Variasi data ke : 99

2022-11-22 16:28:22 - [MESSAGE][PASSED] - Variasi data ke : 99

2022-11-22 16:28:22 - [TEST_STEP][PASSED] - req_data = sendRequest(findTestObject("Search_ME", ["MID":MID, "source":source, "ip":ip, "userid":userid, "branch":branch, "tipekons":tipekons, "marital":marital, "penjamin":penjamin, ... ])): Send request successfully

2022-11-22 16:28:23 - [MESSAGE][INFO] - HAR: D:\DMS\Engine Scoring\Reports\20221122_162012\Exclude KKB - DS\Scoring Individu - KKB\20221122_162012\requests\main\196.har

2022-11-22 16:28:23 - [MESSAGE][PASSED] - Send request successfully

2022-11-22 16:28:23 - [TEST_STEP][PASSED] - slurper = new groovy.json.JsonSlurper(): null

2022-11-22 16:28:23 - [TEST_STEP][PASSED] - result = slurper.parseText(req_data.getResponseBodyContent()): null

2022-11-22 16:28:23 - [TEST_STEP][PASSED] - reqid_kons = requestid1: null

2022-11-22 16:28:23 - [TEST_STEP][PASSED] - reqid_spouse = requestid2: null

2022-11-22 16:28:23 - [TEST_STEP][PASSED] - println("requestid kons : " + reqid_kons): null

2022-11-22 16:28:23 - [TEST_STEP][PASSED] - response_searchME_kons = reqid_kons: null

2022-11-22 16:28:23 - [TEST_STEP][PASSED] - response_searchME_spouse = reqid_spouse: null

2022-11-22 16:28:23 - [TEST_STEP][PASSED] - println("kons req id is :" + response_searchME_kons): null

2022-11-22 16:28:23 - [TEST_STEP][PASSED] - println("spouse req id is : " + response_searchME_spouse): null

2022-11-22 16:28:23 - [TEST_STEP][PASSED] - verifyResponseStatusCode(req_data, 200): Verify response status code successfully

2022-11-22 16:28:23 - [MESSAGE][PASSED] - Verify response status code successfully

2022-11-22 16:28:23 - [TEST_STEP][PASSED] - response = req_data.getResponseText(): null

2022-11-22 16:28:23 - [TEST_STEP][PASSED] - logInfo($response): {"status":"Done","data":{"requestid1":"242222","requestid2":""}}

2022-11-22 16:28:23 - [MESSAGE][INFO] - {"status":"Done","data":{"requestid1":"242222","requestid2":""}}

2022-11-22 16:28:23 - [TEST_STEP][PASSED] - delay(3): Delayed 3 second(s)

2022-11-22 16:28:26 - [MESSAGE][PASSED] - Delayed 3 second(s)

2022-11-22 16:28:26 - [TEST_STEP][PASSED] - scoring = sendRequest(findTestObject("EngineScore", ["response_searchME_kons":response_searchME_kons, "response_searchME_spouse":response_searchME_spouse])): Send request successfully

2022-11-22 16:28:26 - [MESSAGE][INFO] - HAR: D:\DMS\Engine Scoring\Reports\20221122_162012\Exclude KKB - DS\Scoring Individu - KKB\20221122_162012\requests\main\197.har

2022-11-22 16:28:26 - [MESSAGE][PASSED] - Send request successfully

2022-11-22 16:28:26 - [TEST_STEP][PASSED] - verifyResponseStatusCode(scoring, 200): Verify response status code successfully

2022-11-22 16:28:26 - [MESSAGE][PASSED] - Verify response status code successfully

2022-11-22 16:28:26 - [TEST_STEP][PASSED] - response2 = scoring.getResponseText(): null

2022-11-22 16:28:26 - [TEST_STEP][PASSED] - markPassed("result service data ke : " + no): result service data ke : 99

2022-11-22 16:28:26 - [MESSAGE][PASSED] - result service data ke : 99

2022-11-22 16:28:26 - [TEST_STEP][PASSED] - logInfo($response2): {"result_konsumen":"Approve","result_pasangan":"","Final_result":"Approve","errorMessage":"","status":"Done"}

2022-11-22 16:28:26 - [MESSAGE][INFO] - {"result_konsumen":"Approve","result_pasangan":"","Final_result":"Approve","errorMessage":"","status":"Done"}

2022-11-22 16:28:26 - [TEST_STEP][PASSED] - verifyElementPropertyValue(scoring, "Final_result", final_result): Verify element property value successfully

2022-11-22 16:28:26 - [MESSAGE][PASSED] - Verify element property value successfully]]></system-out>
         <system-err><![CDATA[]]></system-err>
      </testcase>
      <testcase name="Test Cases/Engine_Scoring/Engine Scoring" time="5.023" classname="Test Cases/Engine_Scoring/Engine Scoring" status="PASSED">
         <system-out><![CDATA[2022-11-22 16:28:26 - [TEST_CASE][PASSED] - Test Cases/Engine_Scoring/Engine Scoring: Test Cases/Engine_Scoring/Engine Scoring

2022-11-22 16:28:27 - [TEST_STEP][PASSED] - markPassed("Variasi data ke : " + no): Variasi data ke : 100

2022-11-22 16:28:27 - [MESSAGE][PASSED] - Variasi data ke : 100

2022-11-22 16:28:27 - [TEST_STEP][PASSED] - req_data = sendRequest(findTestObject("Search_ME", ["MID":MID, "source":source, "ip":ip, "userid":userid, "branch":branch, "tipekons":tipekons, "marital":marital, "penjamin":penjamin, ... ])): Send request successfully

2022-11-22 16:28:28 - [MESSAGE][INFO] - HAR: D:\DMS\Engine Scoring\Reports\20221122_162012\Exclude KKB - DS\Scoring Individu - KKB\20221122_162012\requests\main\198.har

2022-11-22 16:28:28 - [MESSAGE][PASSED] - Send request successfully

2022-11-22 16:28:28 - [TEST_STEP][PASSED] - slurper = new groovy.json.JsonSlurper(): null

2022-11-22 16:28:28 - [TEST_STEP][PASSED] - result = slurper.parseText(req_data.getResponseBodyContent()): null

2022-11-22 16:28:28 - [TEST_STEP][PASSED] - reqid_kons = requestid1: null

2022-11-22 16:28:28 - [TEST_STEP][PASSED] - reqid_spouse = requestid2: null

2022-11-22 16:28:28 - [TEST_STEP][PASSED] - println("requestid kons : " + reqid_kons): null

2022-11-22 16:28:28 - [TEST_STEP][PASSED] - response_searchME_kons = reqid_kons: null

2022-11-22 16:28:28 - [TEST_STEP][PASSED] - response_searchME_spouse = reqid_spouse: null

2022-11-22 16:28:28 - [TEST_STEP][PASSED] - println("kons req id is :" + response_searchME_kons): null

2022-11-22 16:28:28 - [TEST_STEP][PASSED] - println("spouse req id is : " + response_searchME_spouse): null

2022-11-22 16:28:28 - [TEST_STEP][PASSED] - verifyResponseStatusCode(req_data, 200): Verify response status code successfully

2022-11-22 16:28:28 - [MESSAGE][PASSED] - Verify response status code successfully

2022-11-22 16:28:28 - [TEST_STEP][PASSED] - response = req_data.getResponseText(): null

2022-11-22 16:28:28 - [TEST_STEP][PASSED] - logInfo($response): {"status":"Done","data":{"requestid1":"242223","requestid2":""}}

2022-11-22 16:28:28 - [MESSAGE][INFO] - {"status":"Done","data":{"requestid1":"242223","requestid2":""}}

2022-11-22 16:28:28 - [TEST_STEP][PASSED] - delay(3): Delayed 3 second(s)

2022-11-22 16:28:31 - [MESSAGE][PASSED] - Delayed 3 second(s)

2022-11-22 16:28:31 - [TEST_STEP][PASSED] - scoring = sendRequest(findTestObject("EngineScore", ["response_searchME_kons":response_searchME_kons, "response_searchME_spouse":response_searchME_spouse])): Send request successfully

2022-11-22 16:28:31 - [MESSAGE][INFO] - HAR: D:\DMS\Engine Scoring\Reports\20221122_162012\Exclude KKB - DS\Scoring Individu - KKB\20221122_162012\requests\main\199.har

2022-11-22 16:28:31 - [MESSAGE][PASSED] - Send request successfully

2022-11-22 16:28:31 - [TEST_STEP][PASSED] - verifyResponseStatusCode(scoring, 200): Verify response status code successfully

2022-11-22 16:28:31 - [MESSAGE][PASSED] - Verify response status code successfully

2022-11-22 16:28:31 - [TEST_STEP][PASSED] - response2 = scoring.getResponseText(): null

2022-11-22 16:28:31 - [TEST_STEP][PASSED] - markPassed("result service data ke : " + no): result service data ke : 100

2022-11-22 16:28:31 - [MESSAGE][PASSED] - result service data ke : 100

2022-11-22 16:28:31 - [TEST_STEP][PASSED] - logInfo($response2): {"result_konsumen":"Approve","result_pasangan":"","Final_result":"Approve","errorMessage":"","status":"Done"}

2022-11-22 16:28:31 - [MESSAGE][INFO] - {"result_konsumen":"Approve","result_pasangan":"","Final_result":"Approve","errorMessage":"","status":"Done"}

2022-11-22 16:28:31 - [TEST_STEP][PASSED] - verifyElementPropertyValue(scoring, "Final_result", final_result): Verify element property value successfully

2022-11-22 16:28:31 - [MESSAGE][PASSED] - Verify element property value successfully]]></system-out>
         <system-err><![CDATA[]]></system-err>
      </testcase>
      <testcase name="Test Cases/Engine_Scoring/Engine Scoring" time="5.023" classname="Test Cases/Engine_Scoring/Engine Scoring" status="PASSED">
         <system-out><![CDATA[2022-11-22 16:28:31 - [TEST_CASE][PASSED] - Test Cases/Engine_Scoring/Engine Scoring: Test Cases/Engine_Scoring/Engine Scoring

2022-11-22 16:28:32 - [TEST_STEP][PASSED] - markPassed("Variasi data ke : " + no): Variasi data ke : 101

2022-11-22 16:28:32 - [MESSAGE][PASSED] - Variasi data ke : 101

2022-11-22 16:28:32 - [TEST_STEP][PASSED] - req_data = sendRequest(findTestObject("Search_ME", ["MID":MID, "source":source, "ip":ip, "userid":userid, "branch":branch, "tipekons":tipekons, "marital":marital, "penjamin":penjamin, ... ])): Send request successfully

2022-11-22 16:28:33 - [MESSAGE][INFO] - HAR: D:\DMS\Engine Scoring\Reports\20221122_162012\Exclude KKB - DS\Scoring Individu - KKB\20221122_162012\requests\main\200.har

2022-11-22 16:28:33 - [MESSAGE][PASSED] - Send request successfully

2022-11-22 16:28:33 - [TEST_STEP][PASSED] - slurper = new groovy.json.JsonSlurper(): null

2022-11-22 16:28:33 - [TEST_STEP][PASSED] - result = slurper.parseText(req_data.getResponseBodyContent()): null

2022-11-22 16:28:33 - [TEST_STEP][PASSED] - reqid_kons = requestid1: null

2022-11-22 16:28:33 - [TEST_STEP][PASSED] - reqid_spouse = requestid2: null

2022-11-22 16:28:33 - [TEST_STEP][PASSED] - println("requestid kons : " + reqid_kons): null

2022-11-22 16:28:33 - [TEST_STEP][PASSED] - response_searchME_kons = reqid_kons: null

2022-11-22 16:28:33 - [TEST_STEP][PASSED] - response_searchME_spouse = reqid_spouse: null

2022-11-22 16:28:33 - [TEST_STEP][PASSED] - println("kons req id is :" + response_searchME_kons): null

2022-11-22 16:28:33 - [TEST_STEP][PASSED] - println("spouse req id is : " + response_searchME_spouse): null

2022-11-22 16:28:33 - [TEST_STEP][PASSED] - verifyResponseStatusCode(req_data, 200): Verify response status code successfully

2022-11-22 16:28:33 - [MESSAGE][PASSED] - Verify response status code successfully

2022-11-22 16:28:33 - [TEST_STEP][PASSED] - response = req_data.getResponseText(): null

2022-11-22 16:28:33 - [TEST_STEP][PASSED] - logInfo($response): {"status":"Done","data":{"requestid1":"242224","requestid2":""}}

2022-11-22 16:28:33 - [MESSAGE][INFO] - {"status":"Done","data":{"requestid1":"242224","requestid2":""}}

2022-11-22 16:28:33 - [TEST_STEP][PASSED] - delay(3): Delayed 3 second(s)

2022-11-22 16:28:36 - [MESSAGE][PASSED] - Delayed 3 second(s)

2022-11-22 16:28:36 - [TEST_STEP][PASSED] - scoring = sendRequest(findTestObject("EngineScore", ["response_searchME_kons":response_searchME_kons, "response_searchME_spouse":response_searchME_spouse])): Send request successfully

2022-11-22 16:28:36 - [MESSAGE][INFO] - HAR: D:\DMS\Engine Scoring\Reports\20221122_162012\Exclude KKB - DS\Scoring Individu - KKB\20221122_162012\requests\main\201.har

2022-11-22 16:28:36 - [MESSAGE][PASSED] - Send request successfully

2022-11-22 16:28:36 - [TEST_STEP][PASSED] - verifyResponseStatusCode(scoring, 200): Verify response status code successfully

2022-11-22 16:28:36 - [MESSAGE][PASSED] - Verify response status code successfully

2022-11-22 16:28:36 - [TEST_STEP][PASSED] - response2 = scoring.getResponseText(): null

2022-11-22 16:28:36 - [TEST_STEP][PASSED] - markPassed("result service data ke : " + no): result service data ke : 101

2022-11-22 16:28:36 - [MESSAGE][PASSED] - result service data ke : 101

2022-11-22 16:28:36 - [TEST_STEP][PASSED] - logInfo($response2): {"result_konsumen":"Reject","result_pasangan":"","Final_result":"Reject","errorMessage":"","status":"Done"}

2022-11-22 16:28:36 - [MESSAGE][INFO] - {"result_konsumen":"Reject","result_pasangan":"","Final_result":"Reject","errorMessage":"","status":"Done"}

2022-11-22 16:28:36 - [TEST_STEP][PASSED] - verifyElementPropertyValue(scoring, "Final_result", final_result): Verify element property value successfully

2022-11-22 16:28:36 - [MESSAGE][PASSED] - Verify element property value successfully]]></system-out>
         <system-err><![CDATA[]]></system-err>
      </testcase>
      <testcase name="Test Cases/Engine_Scoring/Engine Scoring" time="4.88" classname="Test Cases/Engine_Scoring/Engine Scoring" status="PASSED">
         <system-out><![CDATA[2022-11-22 16:28:36 - [TEST_CASE][PASSED] - Test Cases/Engine_Scoring/Engine Scoring: Test Cases/Engine_Scoring/Engine Scoring

2022-11-22 16:28:37 - [TEST_STEP][PASSED] - markPassed("Variasi data ke : " + no): Variasi data ke : 102

2022-11-22 16:28:37 - [MESSAGE][PASSED] - Variasi data ke : 102

2022-11-22 16:28:37 - [TEST_STEP][PASSED] - req_data = sendRequest(findTestObject("Search_ME", ["MID":MID, "source":source, "ip":ip, "userid":userid, "branch":branch, "tipekons":tipekons, "marital":marital, "penjamin":penjamin, ... ])): Send request successfully

2022-11-22 16:28:38 - [MESSAGE][INFO] - HAR: D:\DMS\Engine Scoring\Reports\20221122_162012\Exclude KKB - DS\Scoring Individu - KKB\20221122_162012\requests\main\202.har

2022-11-22 16:28:38 - [MESSAGE][PASSED] - Send request successfully

2022-11-22 16:28:38 - [TEST_STEP][PASSED] - slurper = new groovy.json.JsonSlurper(): null

2022-11-22 16:28:38 - [TEST_STEP][PASSED] - result = slurper.parseText(req_data.getResponseBodyContent()): null

2022-11-22 16:28:38 - [TEST_STEP][PASSED] - reqid_kons = requestid1: null

2022-11-22 16:28:38 - [TEST_STEP][PASSED] - reqid_spouse = requestid2: null

2022-11-22 16:28:38 - [TEST_STEP][PASSED] - println("requestid kons : " + reqid_kons): null

2022-11-22 16:28:38 - [TEST_STEP][PASSED] - response_searchME_kons = reqid_kons: null

2022-11-22 16:28:38 - [TEST_STEP][PASSED] - response_searchME_spouse = reqid_spouse: null

2022-11-22 16:28:38 - [TEST_STEP][PASSED] - println("kons req id is :" + response_searchME_kons): null

2022-11-22 16:28:38 - [TEST_STEP][PASSED] - println("spouse req id is : " + response_searchME_spouse): null

2022-11-22 16:28:38 - [TEST_STEP][PASSED] - verifyResponseStatusCode(req_data, 200): Verify response status code successfully

2022-11-22 16:28:38 - [MESSAGE][PASSED] - Verify response status code successfully

2022-11-22 16:28:38 - [TEST_STEP][PASSED] - response = req_data.getResponseText(): null

2022-11-22 16:28:38 - [TEST_STEP][PASSED] - logInfo($response): {"status":"Done","data":{"requestid1":"242225","requestid2":""}}

2022-11-22 16:28:38 - [MESSAGE][INFO] - {"status":"Done","data":{"requestid1":"242225","requestid2":""}}

2022-11-22 16:28:38 - [TEST_STEP][PASSED] - delay(3): Delayed 3 second(s)

2022-11-22 16:28:41 - [MESSAGE][PASSED] - Delayed 3 second(s)

2022-11-22 16:28:41 - [TEST_STEP][PASSED] - scoring = sendRequest(findTestObject("EngineScore", ["response_searchME_kons":response_searchME_kons, "response_searchME_spouse":response_searchME_spouse])): Send request successfully

2022-11-22 16:28:41 - [MESSAGE][INFO] - HAR: D:\DMS\Engine Scoring\Reports\20221122_162012\Exclude KKB - DS\Scoring Individu - KKB\20221122_162012\requests\main\203.har

2022-11-22 16:28:41 - [MESSAGE][PASSED] - Send request successfully

2022-11-22 16:28:41 - [TEST_STEP][PASSED] - verifyResponseStatusCode(scoring, 200): Verify response status code successfully

2022-11-22 16:28:41 - [MESSAGE][PASSED] - Verify response status code successfully

2022-11-22 16:28:41 - [TEST_STEP][PASSED] - response2 = scoring.getResponseText(): null

2022-11-22 16:28:41 - [TEST_STEP][PASSED] - markPassed("result service data ke : " + no): result service data ke : 102

2022-11-22 16:28:41 - [MESSAGE][PASSED] - result service data ke : 102

2022-11-22 16:28:41 - [TEST_STEP][PASSED] - logInfo($response2): {"result_konsumen":"Reject","result_pasangan":"","Final_result":"Reject","errorMessage":"","status":"Done"}

2022-11-22 16:28:41 - [MESSAGE][INFO] - {"result_konsumen":"Reject","result_pasangan":"","Final_result":"Reject","errorMessage":"","status":"Done"}

2022-11-22 16:28:41 - [TEST_STEP][PASSED] - verifyElementPropertyValue(scoring, "Final_result", final_result): Verify element property value successfully

2022-11-22 16:28:41 - [MESSAGE][PASSED] - Verify element property value successfully]]></system-out>
         <system-err><![CDATA[]]></system-err>
      </testcase>
      <testcase name="Test Cases/Engine_Scoring/Engine Scoring" time="4.977" classname="Test Cases/Engine_Scoring/Engine Scoring" status="PASSED">
         <system-out><![CDATA[2022-11-22 16:28:41 - [TEST_CASE][PASSED] - Test Cases/Engine_Scoring/Engine Scoring: Test Cases/Engine_Scoring/Engine Scoring

2022-11-22 16:28:42 - [TEST_STEP][PASSED] - markPassed("Variasi data ke : " + no): Variasi data ke : 103

2022-11-22 16:28:42 - [MESSAGE][PASSED] - Variasi data ke : 103

2022-11-22 16:28:42 - [TEST_STEP][PASSED] - req_data = sendRequest(findTestObject("Search_ME", ["MID":MID, "source":source, "ip":ip, "userid":userid, "branch":branch, "tipekons":tipekons, "marital":marital, "penjamin":penjamin, ... ])): Send request successfully

2022-11-22 16:28:43 - [MESSAGE][INFO] - HAR: D:\DMS\Engine Scoring\Reports\20221122_162012\Exclude KKB - DS\Scoring Individu - KKB\20221122_162012\requests\main\204.har

2022-11-22 16:28:43 - [MESSAGE][PASSED] - Send request successfully

2022-11-22 16:28:43 - [TEST_STEP][PASSED] - slurper = new groovy.json.JsonSlurper(): null

2022-11-22 16:28:43 - [TEST_STEP][PASSED] - result = slurper.parseText(req_data.getResponseBodyContent()): null

2022-11-22 16:28:43 - [TEST_STEP][PASSED] - reqid_kons = requestid1: null

2022-11-22 16:28:43 - [TEST_STEP][PASSED] - reqid_spouse = requestid2: null

2022-11-22 16:28:43 - [TEST_STEP][PASSED] - println("requestid kons : " + reqid_kons): null

2022-11-22 16:28:43 - [TEST_STEP][PASSED] - response_searchME_kons = reqid_kons: null

2022-11-22 16:28:43 - [TEST_STEP][PASSED] - response_searchME_spouse = reqid_spouse: null

2022-11-22 16:28:43 - [TEST_STEP][PASSED] - println("kons req id is :" + response_searchME_kons): null

2022-11-22 16:28:43 - [TEST_STEP][PASSED] - println("spouse req id is : " + response_searchME_spouse): null

2022-11-22 16:28:43 - [TEST_STEP][PASSED] - verifyResponseStatusCode(req_data, 200): Verify response status code successfully

2022-11-22 16:28:43 - [MESSAGE][PASSED] - Verify response status code successfully

2022-11-22 16:28:43 - [TEST_STEP][PASSED] - response = req_data.getResponseText(): null

2022-11-22 16:28:43 - [TEST_STEP][PASSED] - logInfo($response): {"status":"Done","data":{"requestid1":"242226","requestid2":""}}

2022-11-22 16:28:43 - [MESSAGE][INFO] - {"status":"Done","data":{"requestid1":"242226","requestid2":""}}

2022-11-22 16:28:43 - [TEST_STEP][PASSED] - delay(3): Delayed 3 second(s)

2022-11-22 16:28:46 - [MESSAGE][PASSED] - Delayed 3 second(s)

2022-11-22 16:28:46 - [TEST_STEP][PASSED] - scoring = sendRequest(findTestObject("EngineScore", ["response_searchME_kons":response_searchME_kons, "response_searchME_spouse":response_searchME_spouse])): Send request successfully

2022-11-22 16:28:46 - [MESSAGE][INFO] - HAR: D:\DMS\Engine Scoring\Reports\20221122_162012\Exclude KKB - DS\Scoring Individu - KKB\20221122_162012\requests\main\205.har

2022-11-22 16:28:46 - [MESSAGE][PASSED] - Send request successfully

2022-11-22 16:28:46 - [TEST_STEP][PASSED] - verifyResponseStatusCode(scoring, 200): Verify response status code successfully

2022-11-22 16:28:46 - [MESSAGE][PASSED] - Verify response status code successfully

2022-11-22 16:28:46 - [TEST_STEP][PASSED] - response2 = scoring.getResponseText(): null

2022-11-22 16:28:46 - [TEST_STEP][PASSED] - markPassed("result service data ke : " + no): result service data ke : 103

2022-11-22 16:28:46 - [MESSAGE][PASSED] - result service data ke : 103

2022-11-22 16:28:46 - [TEST_STEP][PASSED] - logInfo($response2): {"result_konsumen":"Reguler","result_pasangan":"","Final_result":"Reguler","errorMessage":"","status":"Done"}

2022-11-22 16:28:46 - [MESSAGE][INFO] - {"result_konsumen":"Reguler","result_pasangan":"","Final_result":"Reguler","errorMessage":"","status":"Done"}

2022-11-22 16:28:46 - [TEST_STEP][PASSED] - verifyElementPropertyValue(scoring, "Final_result", final_result): Verify element property value successfully

2022-11-22 16:28:46 - [MESSAGE][PASSED] - Verify element property value successfully]]></system-out>
         <system-err><![CDATA[]]></system-err>
      </testcase>
      <testcase name="Test Cases/Engine_Scoring/Engine Scoring" time="5.182" classname="Test Cases/Engine_Scoring/Engine Scoring" status="PASSED">
         <system-out><![CDATA[2022-11-22 16:28:46 - [TEST_CASE][PASSED] - Test Cases/Engine_Scoring/Engine Scoring: Test Cases/Engine_Scoring/Engine Scoring

2022-11-22 16:28:47 - [TEST_STEP][PASSED] - markPassed("Variasi data ke : " + no): Variasi data ke : 104

2022-11-22 16:28:47 - [MESSAGE][PASSED] - Variasi data ke : 104

2022-11-22 16:28:47 - [TEST_STEP][PASSED] - req_data = sendRequest(findTestObject("Search_ME", ["MID":MID, "source":source, "ip":ip, "userid":userid, "branch":branch, "tipekons":tipekons, "marital":marital, "penjamin":penjamin, ... ])): Send request successfully

2022-11-22 16:28:48 - [MESSAGE][INFO] - HAR: D:\DMS\Engine Scoring\Reports\20221122_162012\Exclude KKB - DS\Scoring Individu - KKB\20221122_162012\requests\main\206.har

2022-11-22 16:28:48 - [MESSAGE][PASSED] - Send request successfully

2022-11-22 16:28:48 - [TEST_STEP][PASSED] - slurper = new groovy.json.JsonSlurper(): null

2022-11-22 16:28:48 - [TEST_STEP][PASSED] - result = slurper.parseText(req_data.getResponseBodyContent()): null

2022-11-22 16:28:48 - [TEST_STEP][PASSED] - reqid_kons = requestid1: null

2022-11-22 16:28:48 - [TEST_STEP][PASSED] - reqid_spouse = requestid2: null

2022-11-22 16:28:48 - [TEST_STEP][PASSED] - println("requestid kons : " + reqid_kons): null

2022-11-22 16:28:48 - [TEST_STEP][PASSED] - response_searchME_kons = reqid_kons: null

2022-11-22 16:28:48 - [TEST_STEP][PASSED] - response_searchME_spouse = reqid_spouse: null

2022-11-22 16:28:48 - [TEST_STEP][PASSED] - println("kons req id is :" + response_searchME_kons): null

2022-11-22 16:28:48 - [TEST_STEP][PASSED] - println("spouse req id is : " + response_searchME_spouse): null

2022-11-22 16:28:48 - [TEST_STEP][PASSED] - verifyResponseStatusCode(req_data, 200): Verify response status code successfully

2022-11-22 16:28:48 - [MESSAGE][PASSED] - Verify response status code successfully

2022-11-22 16:28:48 - [TEST_STEP][PASSED] - response = req_data.getResponseText(): null

2022-11-22 16:28:48 - [TEST_STEP][PASSED] - logInfo($response): {"status":"Done","data":{"requestid1":"242227","requestid2":""}}

2022-11-22 16:28:48 - [MESSAGE][INFO] - {"status":"Done","data":{"requestid1":"242227","requestid2":""}}

2022-11-22 16:28:48 - [TEST_STEP][PASSED] - delay(3): Delayed 3 second(s)

2022-11-22 16:28:51 - [MESSAGE][PASSED] - Delayed 3 second(s)

2022-11-22 16:28:51 - [TEST_STEP][PASSED] - scoring = sendRequest(findTestObject("EngineScore", ["response_searchME_kons":response_searchME_kons, "response_searchME_spouse":response_searchME_spouse])): Send request successfully

2022-11-22 16:28:52 - [MESSAGE][INFO] - HAR: D:\DMS\Engine Scoring\Reports\20221122_162012\Exclude KKB - DS\Scoring Individu - KKB\20221122_162012\requests\main\207.har

2022-11-22 16:28:52 - [MESSAGE][PASSED] - Send request successfully

2022-11-22 16:28:52 - [TEST_STEP][PASSED] - verifyResponseStatusCode(scoring, 200): Verify response status code successfully

2022-11-22 16:28:52 - [MESSAGE][PASSED] - Verify response status code successfully

2022-11-22 16:28:52 - [TEST_STEP][PASSED] - response2 = scoring.getResponseText(): null

2022-11-22 16:28:52 - [TEST_STEP][PASSED] - markPassed("result service data ke : " + no): result service data ke : 104

2022-11-22 16:28:52 - [MESSAGE][PASSED] - result service data ke : 104

2022-11-22 16:28:52 - [TEST_STEP][PASSED] - logInfo($response2): {"result_konsumen":"Reguler","result_pasangan":"","Final_result":"Reguler","errorMessage":"","status":"Done"}

2022-11-22 16:28:52 - [MESSAGE][INFO] - {"result_konsumen":"Reguler","result_pasangan":"","Final_result":"Reguler","errorMessage":"","status":"Done"}

2022-11-22 16:28:52 - [TEST_STEP][PASSED] - verifyElementPropertyValue(scoring, "Final_result", final_result): Verify element property value successfully

2022-11-22 16:28:52 - [MESSAGE][PASSED] - Verify element property value successfully]]></system-out>
         <system-err><![CDATA[]]></system-err>
      </testcase>
      <testcase name="Test Cases/Engine_Scoring/Engine Scoring" time="5.101" classname="Test Cases/Engine_Scoring/Engine Scoring" status="PASSED">
         <system-out><![CDATA[2022-11-22 16:28:52 - [TEST_CASE][PASSED] - Test Cases/Engine_Scoring/Engine Scoring: Test Cases/Engine_Scoring/Engine Scoring

2022-11-22 16:28:53 - [TEST_STEP][PASSED] - markPassed("Variasi data ke : " + no): Variasi data ke : 105

2022-11-22 16:28:53 - [MESSAGE][PASSED] - Variasi data ke : 105

2022-11-22 16:28:53 - [TEST_STEP][PASSED] - req_data = sendRequest(findTestObject("Search_ME", ["MID":MID, "source":source, "ip":ip, "userid":userid, "branch":branch, "tipekons":tipekons, "marital":marital, "penjamin":penjamin, ... ])): Send request successfully

2022-11-22 16:28:54 - [MESSAGE][INFO] - HAR: D:\DMS\Engine Scoring\Reports\20221122_162012\Exclude KKB - DS\Scoring Individu - KKB\20221122_162012\requests\main\208.har

2022-11-22 16:28:54 - [MESSAGE][PASSED] - Send request successfully

2022-11-22 16:28:54 - [TEST_STEP][PASSED] - slurper = new groovy.json.JsonSlurper(): null

2022-11-22 16:28:54 - [TEST_STEP][PASSED] - result = slurper.parseText(req_data.getResponseBodyContent()): null

2022-11-22 16:28:54 - [TEST_STEP][PASSED] - reqid_kons = requestid1: null

2022-11-22 16:28:54 - [TEST_STEP][PASSED] - reqid_spouse = requestid2: null

2022-11-22 16:28:54 - [TEST_STEP][PASSED] - println("requestid kons : " + reqid_kons): null

2022-11-22 16:28:54 - [TEST_STEP][PASSED] - response_searchME_kons = reqid_kons: null

2022-11-22 16:28:54 - [TEST_STEP][PASSED] - response_searchME_spouse = reqid_spouse: null

2022-11-22 16:28:54 - [TEST_STEP][PASSED] - println("kons req id is :" + response_searchME_kons): null

2022-11-22 16:28:54 - [TEST_STEP][PASSED] - println("spouse req id is : " + response_searchME_spouse): null

2022-11-22 16:28:54 - [TEST_STEP][PASSED] - verifyResponseStatusCode(req_data, 200): Verify response status code successfully

2022-11-22 16:28:54 - [MESSAGE][PASSED] - Verify response status code successfully

2022-11-22 16:28:54 - [TEST_STEP][PASSED] - response = req_data.getResponseText(): null

2022-11-22 16:28:54 - [TEST_STEP][PASSED] - logInfo($response): {"status":"Done","data":{"requestid1":"242228","requestid2":""}}

2022-11-22 16:28:54 - [MESSAGE][INFO] - {"status":"Done","data":{"requestid1":"242228","requestid2":""}}

2022-11-22 16:28:54 - [TEST_STEP][PASSED] - delay(3): Delayed 3 second(s)

2022-11-22 16:28:57 - [MESSAGE][PASSED] - Delayed 3 second(s)

2022-11-22 16:28:57 - [TEST_STEP][PASSED] - scoring = sendRequest(findTestObject("EngineScore", ["response_searchME_kons":response_searchME_kons, "response_searchME_spouse":response_searchME_spouse])): Send request successfully

2022-11-22 16:28:57 - [MESSAGE][INFO] - HAR: D:\DMS\Engine Scoring\Reports\20221122_162012\Exclude KKB - DS\Scoring Individu - KKB\20221122_162012\requests\main\209.har

2022-11-22 16:28:57 - [MESSAGE][PASSED] - Send request successfully

2022-11-22 16:28:57 - [TEST_STEP][PASSED] - verifyResponseStatusCode(scoring, 200): Verify response status code successfully

2022-11-22 16:28:57 - [MESSAGE][PASSED] - Verify response status code successfully

2022-11-22 16:28:57 - [TEST_STEP][PASSED] - response2 = scoring.getResponseText(): null

2022-11-22 16:28:57 - [TEST_STEP][PASSED] - markPassed("result service data ke : " + no): result service data ke : 105

2022-11-22 16:28:57 - [MESSAGE][PASSED] - result service data ke : 105

2022-11-22 16:28:57 - [TEST_STEP][PASSED] - logInfo($response2): {"result_konsumen":"Reguler","result_pasangan":"","Final_result":"Reguler","errorMessage":"","status":"Done"}

2022-11-22 16:28:57 - [MESSAGE][INFO] - {"result_konsumen":"Reguler","result_pasangan":"","Final_result":"Reguler","errorMessage":"","status":"Done"}

2022-11-22 16:28:57 - [TEST_STEP][PASSED] - verifyElementPropertyValue(scoring, "Final_result", final_result): Verify element property value successfully

2022-11-22 16:28:57 - [MESSAGE][PASSED] - Verify element property value successfully]]></system-out>
         <system-err><![CDATA[]]></system-err>
      </testcase>
      <testcase name="Test Cases/Engine_Scoring/Engine Scoring" time="5.23" classname="Test Cases/Engine_Scoring/Engine Scoring" status="PASSED">
         <system-out><![CDATA[2022-11-22 16:28:57 - [TEST_CASE][PASSED] - Test Cases/Engine_Scoring/Engine Scoring: Test Cases/Engine_Scoring/Engine Scoring

2022-11-22 16:28:58 - [TEST_STEP][PASSED] - markPassed("Variasi data ke : " + no): Variasi data ke : 106

2022-11-22 16:28:58 - [MESSAGE][PASSED] - Variasi data ke : 106

2022-11-22 16:28:58 - [TEST_STEP][PASSED] - req_data = sendRequest(findTestObject("Search_ME", ["MID":MID, "source":source, "ip":ip, "userid":userid, "branch":branch, "tipekons":tipekons, "marital":marital, "penjamin":penjamin, ... ])): Send request successfully

2022-11-22 16:28:59 - [MESSAGE][INFO] - HAR: D:\DMS\Engine Scoring\Reports\20221122_162012\Exclude KKB - DS\Scoring Individu - KKB\20221122_162012\requests\main\210.har

2022-11-22 16:28:59 - [MESSAGE][PASSED] - Send request successfully

2022-11-22 16:28:59 - [TEST_STEP][PASSED] - slurper = new groovy.json.JsonSlurper(): null

2022-11-22 16:28:59 - [TEST_STEP][PASSED] - result = slurper.parseText(req_data.getResponseBodyContent()): null

2022-11-22 16:28:59 - [TEST_STEP][PASSED] - reqid_kons = requestid1: null

2022-11-22 16:28:59 - [TEST_STEP][PASSED] - reqid_spouse = requestid2: null

2022-11-22 16:28:59 - [TEST_STEP][PASSED] - println("requestid kons : " + reqid_kons): null

2022-11-22 16:28:59 - [TEST_STEP][PASSED] - response_searchME_kons = reqid_kons: null

2022-11-22 16:28:59 - [TEST_STEP][PASSED] - response_searchME_spouse = reqid_spouse: null

2022-11-22 16:28:59 - [TEST_STEP][PASSED] - println("kons req id is :" + response_searchME_kons): null

2022-11-22 16:28:59 - [TEST_STEP][PASSED] - println("spouse req id is : " + response_searchME_spouse): null

2022-11-22 16:28:59 - [TEST_STEP][PASSED] - verifyResponseStatusCode(req_data, 200): Verify response status code successfully

2022-11-22 16:28:59 - [MESSAGE][PASSED] - Verify response status code successfully

2022-11-22 16:28:59 - [TEST_STEP][PASSED] - response = req_data.getResponseText(): null

2022-11-22 16:28:59 - [TEST_STEP][PASSED] - logInfo($response): {"status":"Done","data":{"requestid1":"242229","requestid2":""}}

2022-11-22 16:28:59 - [MESSAGE][INFO] - {"status":"Done","data":{"requestid1":"242229","requestid2":""}}

2022-11-22 16:28:59 - [TEST_STEP][PASSED] - delay(3): Delayed 3 second(s)

2022-11-22 16:29:02 - [MESSAGE][PASSED] - Delayed 3 second(s)

2022-11-22 16:29:02 - [TEST_STEP][PASSED] - scoring = sendRequest(findTestObject("EngineScore", ["response_searchME_kons":response_searchME_kons, "response_searchME_spouse":response_searchME_spouse])): Send request successfully

2022-11-22 16:29:02 - [MESSAGE][INFO] - HAR: D:\DMS\Engine Scoring\Reports\20221122_162012\Exclude KKB - DS\Scoring Individu - KKB\20221122_162012\requests\main\211.har

2022-11-22 16:29:02 - [MESSAGE][PASSED] - Send request successfully

2022-11-22 16:29:02 - [TEST_STEP][PASSED] - verifyResponseStatusCode(scoring, 200): Verify response status code successfully

2022-11-22 16:29:02 - [MESSAGE][PASSED] - Verify response status code successfully

2022-11-22 16:29:02 - [TEST_STEP][PASSED] - response2 = scoring.getResponseText(): null

2022-11-22 16:29:02 - [TEST_STEP][PASSED] - markPassed("result service data ke : " + no): result service data ke : 106

2022-11-22 16:29:02 - [MESSAGE][PASSED] - result service data ke : 106

2022-11-22 16:29:02 - [TEST_STEP][PASSED] - logInfo($response2): {"result_konsumen":"Reguler","result_pasangan":"","Final_result":"Reguler","errorMessage":"","status":"Done"}

2022-11-22 16:29:02 - [MESSAGE][INFO] - {"result_konsumen":"Reguler","result_pasangan":"","Final_result":"Reguler","errorMessage":"","status":"Done"}

2022-11-22 16:29:02 - [TEST_STEP][PASSED] - verifyElementPropertyValue(scoring, "Final_result", final_result): Verify element property value successfully

2022-11-22 16:29:02 - [MESSAGE][PASSED] - Verify element property value successfully]]></system-out>
         <system-err><![CDATA[]]></system-err>
      </testcase>
      <testcase name="Test Cases/Engine_Scoring/Engine Scoring" time="5.211" classname="Test Cases/Engine_Scoring/Engine Scoring" status="PASSED">
         <system-out><![CDATA[2022-11-22 16:29:02 - [TEST_CASE][PASSED] - Test Cases/Engine_Scoring/Engine Scoring: Test Cases/Engine_Scoring/Engine Scoring

2022-11-22 16:29:03 - [TEST_STEP][PASSED] - markPassed("Variasi data ke : " + no): Variasi data ke : 107

2022-11-22 16:29:03 - [MESSAGE][PASSED] - Variasi data ke : 107

2022-11-22 16:29:03 - [TEST_STEP][PASSED] - req_data = sendRequest(findTestObject("Search_ME", ["MID":MID, "source":source, "ip":ip, "userid":userid, "branch":branch, "tipekons":tipekons, "marital":marital, "penjamin":penjamin, ... ])): Send request successfully

2022-11-22 16:29:04 - [MESSAGE][INFO] - HAR: D:\DMS\Engine Scoring\Reports\20221122_162012\Exclude KKB - DS\Scoring Individu - KKB\20221122_162012\requests\main\212.har

2022-11-22 16:29:04 - [MESSAGE][PASSED] - Send request successfully

2022-11-22 16:29:04 - [TEST_STEP][PASSED] - slurper = new groovy.json.JsonSlurper(): null

2022-11-22 16:29:04 - [TEST_STEP][PASSED] - result = slurper.parseText(req_data.getResponseBodyContent()): null

2022-11-22 16:29:04 - [TEST_STEP][PASSED] - reqid_kons = requestid1: null

2022-11-22 16:29:04 - [TEST_STEP][PASSED] - reqid_spouse = requestid2: null

2022-11-22 16:29:04 - [TEST_STEP][PASSED] - println("requestid kons : " + reqid_kons): null

2022-11-22 16:29:04 - [TEST_STEP][PASSED] - response_searchME_kons = reqid_kons: null

2022-11-22 16:29:04 - [TEST_STEP][PASSED] - response_searchME_spouse = reqid_spouse: null

2022-11-22 16:29:04 - [TEST_STEP][PASSED] - println("kons req id is :" + response_searchME_kons): null

2022-11-22 16:29:04 - [TEST_STEP][PASSED] - println("spouse req id is : " + response_searchME_spouse): null

2022-11-22 16:29:04 - [TEST_STEP][PASSED] - verifyResponseStatusCode(req_data, 200): Verify response status code successfully

2022-11-22 16:29:04 - [MESSAGE][PASSED] - Verify response status code successfully

2022-11-22 16:29:04 - [TEST_STEP][PASSED] - response = req_data.getResponseText(): null

2022-11-22 16:29:04 - [TEST_STEP][PASSED] - logInfo($response): {"status":"Done","data":{"requestid1":"242230","requestid2":""}}

2022-11-22 16:29:04 - [MESSAGE][INFO] - {"status":"Done","data":{"requestid1":"242230","requestid2":""}}

2022-11-22 16:29:04 - [TEST_STEP][PASSED] - delay(3): Delayed 3 second(s)

2022-11-22 16:29:07 - [MESSAGE][PASSED] - Delayed 3 second(s)

2022-11-22 16:29:07 - [TEST_STEP][PASSED] - scoring = sendRequest(findTestObject("EngineScore", ["response_searchME_kons":response_searchME_kons, "response_searchME_spouse":response_searchME_spouse])): Send request successfully

2022-11-22 16:29:07 - [MESSAGE][INFO] - HAR: D:\DMS\Engine Scoring\Reports\20221122_162012\Exclude KKB - DS\Scoring Individu - KKB\20221122_162012\requests\main\213.har

2022-11-22 16:29:07 - [MESSAGE][PASSED] - Send request successfully

2022-11-22 16:29:07 - [TEST_STEP][PASSED] - verifyResponseStatusCode(scoring, 200): Verify response status code successfully

2022-11-22 16:29:07 - [MESSAGE][PASSED] - Verify response status code successfully

2022-11-22 16:29:07 - [TEST_STEP][PASSED] - response2 = scoring.getResponseText(): null

2022-11-22 16:29:07 - [TEST_STEP][PASSED] - markPassed("result service data ke : " + no): result service data ke : 107

2022-11-22 16:29:07 - [MESSAGE][PASSED] - result service data ke : 107

2022-11-22 16:29:07 - [TEST_STEP][PASSED] - logInfo($response2): {"result_konsumen":"Reguler","result_pasangan":"","Final_result":"Reguler","errorMessage":"","status":"Done"}

2022-11-22 16:29:07 - [MESSAGE][INFO] - {"result_konsumen":"Reguler","result_pasangan":"","Final_result":"Reguler","errorMessage":"","status":"Done"}

2022-11-22 16:29:07 - [TEST_STEP][PASSED] - verifyElementPropertyValue(scoring, "Final_result", final_result): Verify element property value successfully

2022-11-22 16:29:07 - [MESSAGE][PASSED] - Verify element property value successfully]]></system-out>
         <system-err><![CDATA[]]></system-err>
      </testcase>
      <testcase name="Test Cases/Engine_Scoring/Engine Scoring" time="5.041" classname="Test Cases/Engine_Scoring/Engine Scoring" status="PASSED">
         <system-out><![CDATA[2022-11-22 16:29:07 - [TEST_CASE][PASSED] - Test Cases/Engine_Scoring/Engine Scoring: Test Cases/Engine_Scoring/Engine Scoring

2022-11-22 16:29:08 - [TEST_STEP][PASSED] - markPassed("Variasi data ke : " + no): Variasi data ke : 108

2022-11-22 16:29:08 - [MESSAGE][PASSED] - Variasi data ke : 108

2022-11-22 16:29:08 - [TEST_STEP][PASSED] - req_data = sendRequest(findTestObject("Search_ME", ["MID":MID, "source":source, "ip":ip, "userid":userid, "branch":branch, "tipekons":tipekons, "marital":marital, "penjamin":penjamin, ... ])): Send request successfully

2022-11-22 16:29:09 - [MESSAGE][INFO] - HAR: D:\DMS\Engine Scoring\Reports\20221122_162012\Exclude KKB - DS\Scoring Individu - KKB\20221122_162012\requests\main\214.har

2022-11-22 16:29:09 - [MESSAGE][PASSED] - Send request successfully

2022-11-22 16:29:09 - [TEST_STEP][PASSED] - slurper = new groovy.json.JsonSlurper(): null

2022-11-22 16:29:09 - [TEST_STEP][PASSED] - result = slurper.parseText(req_data.getResponseBodyContent()): null

2022-11-22 16:29:09 - [TEST_STEP][PASSED] - reqid_kons = requestid1: null

2022-11-22 16:29:09 - [TEST_STEP][PASSED] - reqid_spouse = requestid2: null

2022-11-22 16:29:09 - [TEST_STEP][PASSED] - println("requestid kons : " + reqid_kons): null

2022-11-22 16:29:09 - [TEST_STEP][PASSED] - response_searchME_kons = reqid_kons: null

2022-11-22 16:29:09 - [TEST_STEP][PASSED] - response_searchME_spouse = reqid_spouse: null

2022-11-22 16:29:09 - [TEST_STEP][PASSED] - println("kons req id is :" + response_searchME_kons): null

2022-11-22 16:29:09 - [TEST_STEP][PASSED] - println("spouse req id is : " + response_searchME_spouse): null

2022-11-22 16:29:09 - [TEST_STEP][PASSED] - verifyResponseStatusCode(req_data, 200): Verify response status code successfully

2022-11-22 16:29:09 - [MESSAGE][PASSED] - Verify response status code successfully

2022-11-22 16:29:09 - [TEST_STEP][PASSED] - response = req_data.getResponseText(): null

2022-11-22 16:29:09 - [TEST_STEP][PASSED] - logInfo($response): {"status":"Done","data":{"requestid1":"242231","requestid2":""}}

2022-11-22 16:29:09 - [MESSAGE][INFO] - {"status":"Done","data":{"requestid1":"242231","requestid2":""}}

2022-11-22 16:29:09 - [TEST_STEP][PASSED] - delay(3): Delayed 3 second(s)

2022-11-22 16:29:12 - [MESSAGE][PASSED] - Delayed 3 second(s)

2022-11-22 16:29:12 - [TEST_STEP][PASSED] - scoring = sendRequest(findTestObject("EngineScore", ["response_searchME_kons":response_searchME_kons, "response_searchME_spouse":response_searchME_spouse])): Send request successfully

2022-11-22 16:29:12 - [MESSAGE][INFO] - HAR: D:\DMS\Engine Scoring\Reports\20221122_162012\Exclude KKB - DS\Scoring Individu - KKB\20221122_162012\requests\main\215.har

2022-11-22 16:29:12 - [MESSAGE][PASSED] - Send request successfully

2022-11-22 16:29:12 - [TEST_STEP][PASSED] - verifyResponseStatusCode(scoring, 200): Verify response status code successfully

2022-11-22 16:29:12 - [MESSAGE][PASSED] - Verify response status code successfully

2022-11-22 16:29:12 - [TEST_STEP][PASSED] - response2 = scoring.getResponseText(): null

2022-11-22 16:29:12 - [TEST_STEP][PASSED] - markPassed("result service data ke : " + no): result service data ke : 108

2022-11-22 16:29:12 - [MESSAGE][PASSED] - result service data ke : 108

2022-11-22 16:29:12 - [TEST_STEP][PASSED] - logInfo($response2): {"result_konsumen":"Reguler","result_pasangan":"","Final_result":"Reguler","errorMessage":"","status":"Done"}

2022-11-22 16:29:12 - [MESSAGE][INFO] - {"result_konsumen":"Reguler","result_pasangan":"","Final_result":"Reguler","errorMessage":"","status":"Done"}

2022-11-22 16:29:12 - [TEST_STEP][PASSED] - verifyElementPropertyValue(scoring, "Final_result", final_result): Verify element property value successfully

2022-11-22 16:29:12 - [MESSAGE][PASSED] - Verify element property value successfully]]></system-out>
         <system-err><![CDATA[]]></system-err>
      </testcase>
      <testcase name="Test Cases/Engine_Scoring/Engine Scoring" time="5.103" classname="Test Cases/Engine_Scoring/Engine Scoring" status="PASSED">
         <system-out><![CDATA[2022-11-22 16:29:12 - [TEST_CASE][PASSED] - Test Cases/Engine_Scoring/Engine Scoring: Test Cases/Engine_Scoring/Engine Scoring

2022-11-22 16:29:13 - [TEST_STEP][PASSED] - markPassed("Variasi data ke : " + no): Variasi data ke : 109

2022-11-22 16:29:13 - [MESSAGE][PASSED] - Variasi data ke : 109

2022-11-22 16:29:13 - [TEST_STEP][PASSED] - req_data = sendRequest(findTestObject("Search_ME", ["MID":MID, "source":source, "ip":ip, "userid":userid, "branch":branch, "tipekons":tipekons, "marital":marital, "penjamin":penjamin, ... ])): Send request successfully

2022-11-22 16:29:14 - [MESSAGE][INFO] - HAR: D:\DMS\Engine Scoring\Reports\20221122_162012\Exclude KKB - DS\Scoring Individu - KKB\20221122_162012\requests\main\216.har

2022-11-22 16:29:14 - [MESSAGE][PASSED] - Send request successfully

2022-11-22 16:29:14 - [TEST_STEP][PASSED] - slurper = new groovy.json.JsonSlurper(): null

2022-11-22 16:29:14 - [TEST_STEP][PASSED] - result = slurper.parseText(req_data.getResponseBodyContent()): null

2022-11-22 16:29:14 - [TEST_STEP][PASSED] - reqid_kons = requestid1: null

2022-11-22 16:29:14 - [TEST_STEP][PASSED] - reqid_spouse = requestid2: null

2022-11-22 16:29:14 - [TEST_STEP][PASSED] - println("requestid kons : " + reqid_kons): null

2022-11-22 16:29:14 - [TEST_STEP][PASSED] - response_searchME_kons = reqid_kons: null

2022-11-22 16:29:14 - [TEST_STEP][PASSED] - response_searchME_spouse = reqid_spouse: null

2022-11-22 16:29:14 - [TEST_STEP][PASSED] - println("kons req id is :" + response_searchME_kons): null

2022-11-22 16:29:14 - [TEST_STEP][PASSED] - println("spouse req id is : " + response_searchME_spouse): null

2022-11-22 16:29:14 - [TEST_STEP][PASSED] - verifyResponseStatusCode(req_data, 200): Verify response status code successfully

2022-11-22 16:29:14 - [MESSAGE][PASSED] - Verify response status code successfully

2022-11-22 16:29:14 - [TEST_STEP][PASSED] - response = req_data.getResponseText(): null

2022-11-22 16:29:14 - [TEST_STEP][PASSED] - logInfo($response): {"status":"Done","data":{"requestid1":"242232","requestid2":""}}

2022-11-22 16:29:14 - [MESSAGE][INFO] - {"status":"Done","data":{"requestid1":"242232","requestid2":""}}

2022-11-22 16:29:14 - [TEST_STEP][PASSED] - delay(3): Delayed 3 second(s)

2022-11-22 16:29:17 - [MESSAGE][PASSED] - Delayed 3 second(s)

2022-11-22 16:29:17 - [TEST_STEP][PASSED] - scoring = sendRequest(findTestObject("EngineScore", ["response_searchME_kons":response_searchME_kons, "response_searchME_spouse":response_searchME_spouse])): Send request successfully

2022-11-22 16:29:18 - [MESSAGE][INFO] - HAR: D:\DMS\Engine Scoring\Reports\20221122_162012\Exclude KKB - DS\Scoring Individu - KKB\20221122_162012\requests\main\217.har

2022-11-22 16:29:18 - [MESSAGE][PASSED] - Send request successfully

2022-11-22 16:29:18 - [TEST_STEP][PASSED] - verifyResponseStatusCode(scoring, 200): Verify response status code successfully

2022-11-22 16:29:18 - [MESSAGE][PASSED] - Verify response status code successfully

2022-11-22 16:29:18 - [TEST_STEP][PASSED] - response2 = scoring.getResponseText(): null

2022-11-22 16:29:18 - [TEST_STEP][PASSED] - markPassed("result service data ke : " + no): result service data ke : 109

2022-11-22 16:29:18 - [MESSAGE][PASSED] - result service data ke : 109

2022-11-22 16:29:18 - [TEST_STEP][PASSED] - logInfo($response2): {"result_konsumen":"Reguler","result_pasangan":"","Final_result":"Reguler","errorMessage":"","status":"Done"}

2022-11-22 16:29:18 - [MESSAGE][INFO] - {"result_konsumen":"Reguler","result_pasangan":"","Final_result":"Reguler","errorMessage":"","status":"Done"}

2022-11-22 16:29:18 - [TEST_STEP][PASSED] - verifyElementPropertyValue(scoring, "Final_result", final_result): Verify element property value successfully

2022-11-22 16:29:18 - [MESSAGE][PASSED] - Verify element property value successfully]]></system-out>
         <system-err><![CDATA[]]></system-err>
      </testcase>
      <testcase name="Test Cases/Engine_Scoring/Engine Scoring" time="4.935" classname="Test Cases/Engine_Scoring/Engine Scoring" status="PASSED">
         <system-out><![CDATA[2022-11-22 16:29:18 - [TEST_CASE][PASSED] - Test Cases/Engine_Scoring/Engine Scoring: Test Cases/Engine_Scoring/Engine Scoring

2022-11-22 16:29:18 - [TEST_STEP][PASSED] - markPassed("Variasi data ke : " + no): Variasi data ke : 110

2022-11-22 16:29:18 - [MESSAGE][PASSED] - Variasi data ke : 110

2022-11-22 16:29:18 - [TEST_STEP][PASSED] - req_data = sendRequest(findTestObject("Search_ME", ["MID":MID, "source":source, "ip":ip, "userid":userid, "branch":branch, "tipekons":tipekons, "marital":marital, "penjamin":penjamin, ... ])): Send request successfully

2022-11-22 16:29:19 - [MESSAGE][INFO] - HAR: D:\DMS\Engine Scoring\Reports\20221122_162012\Exclude KKB - DS\Scoring Individu - KKB\20221122_162012\requests\main\218.har

2022-11-22 16:29:19 - [MESSAGE][PASSED] - Send request successfully

2022-11-22 16:29:19 - [TEST_STEP][PASSED] - slurper = new groovy.json.JsonSlurper(): null

2022-11-22 16:29:19 - [TEST_STEP][PASSED] - result = slurper.parseText(req_data.getResponseBodyContent()): null

2022-11-22 16:29:19 - [TEST_STEP][PASSED] - reqid_kons = requestid1: null

2022-11-22 16:29:19 - [TEST_STEP][PASSED] - reqid_spouse = requestid2: null

2022-11-22 16:29:19 - [TEST_STEP][PASSED] - println("requestid kons : " + reqid_kons): null

2022-11-22 16:29:19 - [TEST_STEP][PASSED] - response_searchME_kons = reqid_kons: null

2022-11-22 16:29:19 - [TEST_STEP][PASSED] - response_searchME_spouse = reqid_spouse: null

2022-11-22 16:29:19 - [TEST_STEP][PASSED] - println("kons req id is :" + response_searchME_kons): null

2022-11-22 16:29:19 - [TEST_STEP][PASSED] - println("spouse req id is : " + response_searchME_spouse): null

2022-11-22 16:29:19 - [TEST_STEP][PASSED] - verifyResponseStatusCode(req_data, 200): Verify response status code successfully

2022-11-22 16:29:19 - [MESSAGE][PASSED] - Verify response status code successfully

2022-11-22 16:29:19 - [TEST_STEP][PASSED] - response = req_data.getResponseText(): null

2022-11-22 16:29:19 - [TEST_STEP][PASSED] - logInfo($response): {"status":"Done","data":{"requestid1":"242233","requestid2":""}}

2022-11-22 16:29:19 - [MESSAGE][INFO] - {"status":"Done","data":{"requestid1":"242233","requestid2":""}}

2022-11-22 16:29:19 - [TEST_STEP][PASSED] - delay(3): Delayed 3 second(s)

2022-11-22 16:29:22 - [MESSAGE][PASSED] - Delayed 3 second(s)

2022-11-22 16:29:22 - [TEST_STEP][PASSED] - scoring = sendRequest(findTestObject("EngineScore", ["response_searchME_kons":response_searchME_kons, "response_searchME_spouse":response_searchME_spouse])): Send request successfully

2022-11-22 16:29:23 - [MESSAGE][INFO] - HAR: D:\DMS\Engine Scoring\Reports\20221122_162012\Exclude KKB - DS\Scoring Individu - KKB\20221122_162012\requests\main\219.har

2022-11-22 16:29:23 - [MESSAGE][PASSED] - Send request successfully

2022-11-22 16:29:23 - [TEST_STEP][PASSED] - verifyResponseStatusCode(scoring, 200): Verify response status code successfully

2022-11-22 16:29:23 - [MESSAGE][PASSED] - Verify response status code successfully

2022-11-22 16:29:23 - [TEST_STEP][PASSED] - response2 = scoring.getResponseText(): null

2022-11-22 16:29:23 - [TEST_STEP][PASSED] - markPassed("result service data ke : " + no): result service data ke : 110

2022-11-22 16:29:23 - [MESSAGE][PASSED] - result service data ke : 110

2022-11-22 16:29:23 - [TEST_STEP][PASSED] - logInfo($response2): {"result_konsumen":"Reguler","result_pasangan":"","Final_result":"Reguler","errorMessage":"","status":"Done"}

2022-11-22 16:29:23 - [MESSAGE][INFO] - {"result_konsumen":"Reguler","result_pasangan":"","Final_result":"Reguler","errorMessage":"","status":"Done"}

2022-11-22 16:29:23 - [TEST_STEP][PASSED] - verifyElementPropertyValue(scoring, "Final_result", final_result): Verify element property value successfully

2022-11-22 16:29:23 - [MESSAGE][PASSED] - Verify element property value successfully]]></system-out>
         <system-err><![CDATA[]]></system-err>
      </testcase>
      <testcase name="Test Cases/Engine_Scoring/Engine Scoring" time="5.003" classname="Test Cases/Engine_Scoring/Engine Scoring" status="PASSED">
         <system-out><![CDATA[2022-11-22 16:29:23 - [TEST_CASE][PASSED] - Test Cases/Engine_Scoring/Engine Scoring: Test Cases/Engine_Scoring/Engine Scoring

2022-11-22 16:29:24 - [TEST_STEP][PASSED] - markPassed("Variasi data ke : " + no): Variasi data ke : 111

2022-11-22 16:29:24 - [MESSAGE][PASSED] - Variasi data ke : 111

2022-11-22 16:29:24 - [TEST_STEP][PASSED] - req_data = sendRequest(findTestObject("Search_ME", ["MID":MID, "source":source, "ip":ip, "userid":userid, "branch":branch, "tipekons":tipekons, "marital":marital, "penjamin":penjamin, ... ])): Send request successfully

2022-11-22 16:29:24 - [MESSAGE][INFO] - HAR: D:\DMS\Engine Scoring\Reports\20221122_162012\Exclude KKB - DS\Scoring Individu - KKB\20221122_162012\requests\main\220.har

2022-11-22 16:29:24 - [MESSAGE][PASSED] - Send request successfully

2022-11-22 16:29:24 - [TEST_STEP][PASSED] - slurper = new groovy.json.JsonSlurper(): null

2022-11-22 16:29:24 - [TEST_STEP][PASSED] - result = slurper.parseText(req_data.getResponseBodyContent()): null

2022-11-22 16:29:24 - [TEST_STEP][PASSED] - reqid_kons = requestid1: null

2022-11-22 16:29:24 - [TEST_STEP][PASSED] - reqid_spouse = requestid2: null

2022-11-22 16:29:24 - [TEST_STEP][PASSED] - println("requestid kons : " + reqid_kons): null

2022-11-22 16:29:24 - [TEST_STEP][PASSED] - response_searchME_kons = reqid_kons: null

2022-11-22 16:29:24 - [TEST_STEP][PASSED] - response_searchME_spouse = reqid_spouse: null

2022-11-22 16:29:24 - [TEST_STEP][PASSED] - println("kons req id is :" + response_searchME_kons): null

2022-11-22 16:29:24 - [TEST_STEP][PASSED] - println("spouse req id is : " + response_searchME_spouse): null

2022-11-22 16:29:24 - [TEST_STEP][PASSED] - verifyResponseStatusCode(req_data, 200): Verify response status code successfully

2022-11-22 16:29:24 - [MESSAGE][PASSED] - Verify response status code successfully

2022-11-22 16:29:24 - [TEST_STEP][PASSED] - response = req_data.getResponseText(): null

2022-11-22 16:29:24 - [TEST_STEP][PASSED] - logInfo($response): {"status":"Done","data":{"requestid1":"242234","requestid2":""}}

2022-11-22 16:29:24 - [MESSAGE][INFO] - {"status":"Done","data":{"requestid1":"242234","requestid2":""}}

2022-11-22 16:29:24 - [TEST_STEP][PASSED] - delay(3): Delayed 3 second(s)

2022-11-22 16:29:27 - [MESSAGE][PASSED] - Delayed 3 second(s)

2022-11-22 16:29:27 - [TEST_STEP][PASSED] - scoring = sendRequest(findTestObject("EngineScore", ["response_searchME_kons":response_searchME_kons, "response_searchME_spouse":response_searchME_spouse])): Send request successfully

2022-11-22 16:29:28 - [MESSAGE][INFO] - HAR: D:\DMS\Engine Scoring\Reports\20221122_162012\Exclude KKB - DS\Scoring Individu - KKB\20221122_162012\requests\main\221.har

2022-11-22 16:29:28 - [MESSAGE][PASSED] - Send request successfully

2022-11-22 16:29:28 - [TEST_STEP][PASSED] - verifyResponseStatusCode(scoring, 200): Verify response status code successfully

2022-11-22 16:29:28 - [MESSAGE][PASSED] - Verify response status code successfully

2022-11-22 16:29:28 - [TEST_STEP][PASSED] - response2 = scoring.getResponseText(): null

2022-11-22 16:29:28 - [TEST_STEP][PASSED] - markPassed("result service data ke : " + no): result service data ke : 111

2022-11-22 16:29:28 - [MESSAGE][PASSED] - result service data ke : 111

2022-11-22 16:29:28 - [TEST_STEP][PASSED] - logInfo($response2): {"result_konsumen":"Approve","result_pasangan":"","Final_result":"Approve","errorMessage":"","status":"Done"}

2022-11-22 16:29:28 - [MESSAGE][INFO] - {"result_konsumen":"Approve","result_pasangan":"","Final_result":"Approve","errorMessage":"","status":"Done"}

2022-11-22 16:29:28 - [TEST_STEP][PASSED] - verifyElementPropertyValue(scoring, "Final_result", final_result): Verify element property value successfully

2022-11-22 16:29:28 - [MESSAGE][PASSED] - Verify element property value successfully]]></system-out>
         <system-err><![CDATA[]]></system-err>
      </testcase>
      <testcase name="Test Cases/Engine_Scoring/Engine Scoring" time="5.255" classname="Test Cases/Engine_Scoring/Engine Scoring" status="PASSED">
         <system-out><![CDATA[2022-11-22 16:29:28 - [TEST_CASE][PASSED] - Test Cases/Engine_Scoring/Engine Scoring: Test Cases/Engine_Scoring/Engine Scoring

2022-11-22 16:29:29 - [TEST_STEP][PASSED] - markPassed("Variasi data ke : " + no): Variasi data ke : 112

2022-11-22 16:29:29 - [MESSAGE][PASSED] - Variasi data ke : 112

2022-11-22 16:29:29 - [TEST_STEP][PASSED] - req_data = sendRequest(findTestObject("Search_ME", ["MID":MID, "source":source, "ip":ip, "userid":userid, "branch":branch, "tipekons":tipekons, "marital":marital, "penjamin":penjamin, ... ])): Send request successfully

2022-11-22 16:29:30 - [MESSAGE][INFO] - HAR: D:\DMS\Engine Scoring\Reports\20221122_162012\Exclude KKB - DS\Scoring Individu - KKB\20221122_162012\requests\main\222.har

2022-11-22 16:29:30 - [MESSAGE][PASSED] - Send request successfully

2022-11-22 16:29:30 - [TEST_STEP][PASSED] - slurper = new groovy.json.JsonSlurper(): null

2022-11-22 16:29:30 - [TEST_STEP][PASSED] - result = slurper.parseText(req_data.getResponseBodyContent()): null

2022-11-22 16:29:30 - [TEST_STEP][PASSED] - reqid_kons = requestid1: null

2022-11-22 16:29:30 - [TEST_STEP][PASSED] - reqid_spouse = requestid2: null

2022-11-22 16:29:30 - [TEST_STEP][PASSED] - println("requestid kons : " + reqid_kons): null

2022-11-22 16:29:30 - [TEST_STEP][PASSED] - response_searchME_kons = reqid_kons: null

2022-11-22 16:29:30 - [TEST_STEP][PASSED] - response_searchME_spouse = reqid_spouse: null

2022-11-22 16:29:30 - [TEST_STEP][PASSED] - println("kons req id is :" + response_searchME_kons): null

2022-11-22 16:29:30 - [TEST_STEP][PASSED] - println("spouse req id is : " + response_searchME_spouse): null

2022-11-22 16:29:30 - [TEST_STEP][PASSED] - verifyResponseStatusCode(req_data, 200): Verify response status code successfully

2022-11-22 16:29:30 - [MESSAGE][PASSED] - Verify response status code successfully

2022-11-22 16:29:30 - [TEST_STEP][PASSED] - response = req_data.getResponseText(): null

2022-11-22 16:29:30 - [TEST_STEP][PASSED] - logInfo($response): {"status":"Done","data":{"requestid1":"242235","requestid2":""}}

2022-11-22 16:29:30 - [MESSAGE][INFO] - {"status":"Done","data":{"requestid1":"242235","requestid2":""}}

2022-11-22 16:29:30 - [TEST_STEP][PASSED] - delay(3): Delayed 3 second(s)

2022-11-22 16:29:33 - [MESSAGE][PASSED] - Delayed 3 second(s)

2022-11-22 16:29:33 - [TEST_STEP][PASSED] - scoring = sendRequest(findTestObject("EngineScore", ["response_searchME_kons":response_searchME_kons, "response_searchME_spouse":response_searchME_spouse])): Send request successfully

2022-11-22 16:29:33 - [MESSAGE][INFO] - HAR: D:\DMS\Engine Scoring\Reports\20221122_162012\Exclude KKB - DS\Scoring Individu - KKB\20221122_162012\requests\main\223.har

2022-11-22 16:29:33 - [MESSAGE][PASSED] - Send request successfully

2022-11-22 16:29:33 - [TEST_STEP][PASSED] - verifyResponseStatusCode(scoring, 200): Verify response status code successfully

2022-11-22 16:29:33 - [MESSAGE][PASSED] - Verify response status code successfully

2022-11-22 16:29:33 - [TEST_STEP][PASSED] - response2 = scoring.getResponseText(): null

2022-11-22 16:29:33 - [TEST_STEP][PASSED] - markPassed("result service data ke : " + no): result service data ke : 112

2022-11-22 16:29:33 - [MESSAGE][PASSED] - result service data ke : 112

2022-11-22 16:29:33 - [TEST_STEP][PASSED] - logInfo($response2): {"result_konsumen":"Approve","result_pasangan":"","Final_result":"Approve","errorMessage":"","status":"Done"}

2022-11-22 16:29:33 - [MESSAGE][INFO] - {"result_konsumen":"Approve","result_pasangan":"","Final_result":"Approve","errorMessage":"","status":"Done"}

2022-11-22 16:29:33 - [TEST_STEP][PASSED] - verifyElementPropertyValue(scoring, "Final_result", final_result): Verify element property value successfully

2022-11-22 16:29:33 - [MESSAGE][PASSED] - Verify element property value successfully]]></system-out>
         <system-err><![CDATA[]]></system-err>
      </testcase>
      <testcase name="Test Cases/Engine_Scoring/Engine Scoring" time="5.096" classname="Test Cases/Engine_Scoring/Engine Scoring" status="PASSED">
         <system-out><![CDATA[2022-11-22 16:29:33 - [TEST_CASE][PASSED] - Test Cases/Engine_Scoring/Engine Scoring: Test Cases/Engine_Scoring/Engine Scoring

2022-11-22 16:29:34 - [TEST_STEP][PASSED] - markPassed("Variasi data ke : " + no): Variasi data ke : 113

2022-11-22 16:29:34 - [MESSAGE][PASSED] - Variasi data ke : 113

2022-11-22 16:29:34 - [TEST_STEP][PASSED] - req_data = sendRequest(findTestObject("Search_ME", ["MID":MID, "source":source, "ip":ip, "userid":userid, "branch":branch, "tipekons":tipekons, "marital":marital, "penjamin":penjamin, ... ])): Send request successfully

2022-11-22 16:29:35 - [MESSAGE][INFO] - HAR: D:\DMS\Engine Scoring\Reports\20221122_162012\Exclude KKB - DS\Scoring Individu - KKB\20221122_162012\requests\main\224.har

2022-11-22 16:29:35 - [MESSAGE][PASSED] - Send request successfully

2022-11-22 16:29:35 - [TEST_STEP][PASSED] - slurper = new groovy.json.JsonSlurper(): null

2022-11-22 16:29:35 - [TEST_STEP][PASSED] - result = slurper.parseText(req_data.getResponseBodyContent()): null

2022-11-22 16:29:35 - [TEST_STEP][PASSED] - reqid_kons = requestid1: null

2022-11-22 16:29:35 - [TEST_STEP][PASSED] - reqid_spouse = requestid2: null

2022-11-22 16:29:35 - [TEST_STEP][PASSED] - println("requestid kons : " + reqid_kons): null

2022-11-22 16:29:35 - [TEST_STEP][PASSED] - response_searchME_kons = reqid_kons: null

2022-11-22 16:29:35 - [TEST_STEP][PASSED] - response_searchME_spouse = reqid_spouse: null

2022-11-22 16:29:35 - [TEST_STEP][PASSED] - println("kons req id is :" + response_searchME_kons): null

2022-11-22 16:29:35 - [TEST_STEP][PASSED] - println("spouse req id is : " + response_searchME_spouse): null

2022-11-22 16:29:35 - [TEST_STEP][PASSED] - verifyResponseStatusCode(req_data, 200): Verify response status code successfully

2022-11-22 16:29:35 - [MESSAGE][PASSED] - Verify response status code successfully

2022-11-22 16:29:35 - [TEST_STEP][PASSED] - response = req_data.getResponseText(): null

2022-11-22 16:29:35 - [TEST_STEP][PASSED] - logInfo($response): {"status":"Done","data":{"requestid1":"242236","requestid2":""}}

2022-11-22 16:29:35 - [MESSAGE][INFO] - {"status":"Done","data":{"requestid1":"242236","requestid2":""}}

2022-11-22 16:29:35 - [TEST_STEP][PASSED] - delay(3): Delayed 3 second(s)

2022-11-22 16:29:38 - [MESSAGE][PASSED] - Delayed 3 second(s)

2022-11-22 16:29:38 - [TEST_STEP][PASSED] - scoring = sendRequest(findTestObject("EngineScore", ["response_searchME_kons":response_searchME_kons, "response_searchME_spouse":response_searchME_spouse])): Send request successfully

2022-11-22 16:29:38 - [MESSAGE][INFO] - HAR: D:\DMS\Engine Scoring\Reports\20221122_162012\Exclude KKB - DS\Scoring Individu - KKB\20221122_162012\requests\main\225.har

2022-11-22 16:29:38 - [MESSAGE][PASSED] - Send request successfully

2022-11-22 16:29:38 - [TEST_STEP][PASSED] - verifyResponseStatusCode(scoring, 200): Verify response status code successfully

2022-11-22 16:29:38 - [MESSAGE][PASSED] - Verify response status code successfully

2022-11-22 16:29:38 - [TEST_STEP][PASSED] - response2 = scoring.getResponseText(): null

2022-11-22 16:29:38 - [TEST_STEP][PASSED] - markPassed("result service data ke : " + no): result service data ke : 113

2022-11-22 16:29:38 - [MESSAGE][PASSED] - result service data ke : 113

2022-11-22 16:29:38 - [TEST_STEP][PASSED] - logInfo($response2): {"result_konsumen":"Approve","result_pasangan":"","Final_result":"Approve","errorMessage":"","status":"Done"}

2022-11-22 16:29:38 - [MESSAGE][INFO] - {"result_konsumen":"Approve","result_pasangan":"","Final_result":"Approve","errorMessage":"","status":"Done"}

2022-11-22 16:29:38 - [TEST_STEP][PASSED] - verifyElementPropertyValue(scoring, "Final_result", final_result): Verify element property value successfully

2022-11-22 16:29:38 - [MESSAGE][PASSED] - Verify element property value successfully]]></system-out>
         <system-err><![CDATA[]]></system-err>
      </testcase>
      <testcase name="Test Cases/Engine_Scoring/Engine Scoring" time="5.127" classname="Test Cases/Engine_Scoring/Engine Scoring" status="PASSED">
         <system-out><![CDATA[2022-11-22 16:29:38 - [TEST_CASE][PASSED] - Test Cases/Engine_Scoring/Engine Scoring: Test Cases/Engine_Scoring/Engine Scoring

2022-11-22 16:29:39 - [TEST_STEP][PASSED] - markPassed("Variasi data ke : " + no): Variasi data ke : 114

2022-11-22 16:29:39 - [MESSAGE][PASSED] - Variasi data ke : 114

2022-11-22 16:29:39 - [TEST_STEP][PASSED] - req_data = sendRequest(findTestObject("Search_ME", ["MID":MID, "source":source, "ip":ip, "userid":userid, "branch":branch, "tipekons":tipekons, "marital":marital, "penjamin":penjamin, ... ])): Send request successfully

2022-11-22 16:29:40 - [MESSAGE][INFO] - HAR: D:\DMS\Engine Scoring\Reports\20221122_162012\Exclude KKB - DS\Scoring Individu - KKB\20221122_162012\requests\main\226.har

2022-11-22 16:29:40 - [MESSAGE][PASSED] - Send request successfully

2022-11-22 16:29:40 - [TEST_STEP][PASSED] - slurper = new groovy.json.JsonSlurper(): null

2022-11-22 16:29:40 - [TEST_STEP][PASSED] - result = slurper.parseText(req_data.getResponseBodyContent()): null

2022-11-22 16:29:40 - [TEST_STEP][PASSED] - reqid_kons = requestid1: null

2022-11-22 16:29:40 - [TEST_STEP][PASSED] - reqid_spouse = requestid2: null

2022-11-22 16:29:40 - [TEST_STEP][PASSED] - println("requestid kons : " + reqid_kons): null

2022-11-22 16:29:40 - [TEST_STEP][PASSED] - response_searchME_kons = reqid_kons: null

2022-11-22 16:29:40 - [TEST_STEP][PASSED] - response_searchME_spouse = reqid_spouse: null

2022-11-22 16:29:40 - [TEST_STEP][PASSED] - println("kons req id is :" + response_searchME_kons): null

2022-11-22 16:29:40 - [TEST_STEP][PASSED] - println("spouse req id is : " + response_searchME_spouse): null

2022-11-22 16:29:40 - [TEST_STEP][PASSED] - verifyResponseStatusCode(req_data, 200): Verify response status code successfully

2022-11-22 16:29:40 - [MESSAGE][PASSED] - Verify response status code successfully

2022-11-22 16:29:40 - [TEST_STEP][PASSED] - response = req_data.getResponseText(): null

2022-11-22 16:29:40 - [TEST_STEP][PASSED] - logInfo($response): {"status":"Done","data":{"requestid1":"242237","requestid2":""}}

2022-11-22 16:29:40 - [MESSAGE][INFO] - {"status":"Done","data":{"requestid1":"242237","requestid2":""}}

2022-11-22 16:29:40 - [TEST_STEP][PASSED] - delay(3): Delayed 3 second(s)

2022-11-22 16:29:43 - [MESSAGE][PASSED] - Delayed 3 second(s)

2022-11-22 16:29:43 - [TEST_STEP][PASSED] - scoring = sendRequest(findTestObject("EngineScore", ["response_searchME_kons":response_searchME_kons, "response_searchME_spouse":response_searchME_spouse])): Send request successfully

2022-11-22 16:29:43 - [MESSAGE][INFO] - HAR: D:\DMS\Engine Scoring\Reports\20221122_162012\Exclude KKB - DS\Scoring Individu - KKB\20221122_162012\requests\main\227.har

2022-11-22 16:29:43 - [MESSAGE][PASSED] - Send request successfully

2022-11-22 16:29:43 - [TEST_STEP][PASSED] - verifyResponseStatusCode(scoring, 200): Verify response status code successfully

2022-11-22 16:29:43 - [MESSAGE][PASSED] - Verify response status code successfully

2022-11-22 16:29:43 - [TEST_STEP][PASSED] - response2 = scoring.getResponseText(): null

2022-11-22 16:29:43 - [TEST_STEP][PASSED] - markPassed("result service data ke : " + no): result service data ke : 114

2022-11-22 16:29:43 - [MESSAGE][PASSED] - result service data ke : 114

2022-11-22 16:29:43 - [TEST_STEP][PASSED] - logInfo($response2): {"result_konsumen":"Approve","result_pasangan":"","Final_result":"Approve","errorMessage":"","status":"Done"}

2022-11-22 16:29:43 - [MESSAGE][INFO] - {"result_konsumen":"Approve","result_pasangan":"","Final_result":"Approve","errorMessage":"","status":"Done"}

2022-11-22 16:29:43 - [TEST_STEP][PASSED] - verifyElementPropertyValue(scoring, "Final_result", final_result): Verify element property value successfully

2022-11-22 16:29:43 - [MESSAGE][PASSED] - Verify element property value successfully]]></system-out>
         <system-err><![CDATA[]]></system-err>
      </testcase>
      <testcase name="Test Cases/Engine_Scoring/Engine Scoring" time="5.022" classname="Test Cases/Engine_Scoring/Engine Scoring" status="PASSED">
         <system-out><![CDATA[2022-11-22 16:29:43 - [TEST_CASE][PASSED] - Test Cases/Engine_Scoring/Engine Scoring: Test Cases/Engine_Scoring/Engine Scoring

2022-11-22 16:29:44 - [TEST_STEP][PASSED] - markPassed("Variasi data ke : " + no): Variasi data ke : 115

2022-11-22 16:29:44 - [MESSAGE][PASSED] - Variasi data ke : 115

2022-11-22 16:29:44 - [TEST_STEP][PASSED] - req_data = sendRequest(findTestObject("Search_ME", ["MID":MID, "source":source, "ip":ip, "userid":userid, "branch":branch, "tipekons":tipekons, "marital":marital, "penjamin":penjamin, ... ])): Send request successfully

2022-11-22 16:29:45 - [MESSAGE][INFO] - HAR: D:\DMS\Engine Scoring\Reports\20221122_162012\Exclude KKB - DS\Scoring Individu - KKB\20221122_162012\requests\main\228.har

2022-11-22 16:29:45 - [MESSAGE][PASSED] - Send request successfully

2022-11-22 16:29:45 - [TEST_STEP][PASSED] - slurper = new groovy.json.JsonSlurper(): null

2022-11-22 16:29:45 - [TEST_STEP][PASSED] - result = slurper.parseText(req_data.getResponseBodyContent()): null

2022-11-22 16:29:45 - [TEST_STEP][PASSED] - reqid_kons = requestid1: null

2022-11-22 16:29:45 - [TEST_STEP][PASSED] - reqid_spouse = requestid2: null

2022-11-22 16:29:45 - [TEST_STEP][PASSED] - println("requestid kons : " + reqid_kons): null

2022-11-22 16:29:45 - [TEST_STEP][PASSED] - response_searchME_kons = reqid_kons: null

2022-11-22 16:29:45 - [TEST_STEP][PASSED] - response_searchME_spouse = reqid_spouse: null

2022-11-22 16:29:45 - [TEST_STEP][PASSED] - println("kons req id is :" + response_searchME_kons): null

2022-11-22 16:29:45 - [TEST_STEP][PASSED] - println("spouse req id is : " + response_searchME_spouse): null

2022-11-22 16:29:45 - [TEST_STEP][PASSED] - verifyResponseStatusCode(req_data, 200): Verify response status code successfully

2022-11-22 16:29:45 - [MESSAGE][PASSED] - Verify response status code successfully

2022-11-22 16:29:45 - [TEST_STEP][PASSED] - response = req_data.getResponseText(): null

2022-11-22 16:29:45 - [TEST_STEP][PASSED] - logInfo($response): {"status":"Done","data":{"requestid1":"242238","requestid2":""}}

2022-11-22 16:29:45 - [MESSAGE][INFO] - {"status":"Done","data":{"requestid1":"242238","requestid2":""}}

2022-11-22 16:29:45 - [TEST_STEP][PASSED] - delay(3): Delayed 3 second(s)

2022-11-22 16:29:48 - [MESSAGE][PASSED] - Delayed 3 second(s)

2022-11-22 16:29:48 - [TEST_STEP][PASSED] - scoring = sendRequest(findTestObject("EngineScore", ["response_searchME_kons":response_searchME_kons, "response_searchME_spouse":response_searchME_spouse])): Send request successfully

2022-11-22 16:29:48 - [MESSAGE][INFO] - HAR: D:\DMS\Engine Scoring\Reports\20221122_162012\Exclude KKB - DS\Scoring Individu - KKB\20221122_162012\requests\main\229.har

2022-11-22 16:29:48 - [MESSAGE][PASSED] - Send request successfully

2022-11-22 16:29:48 - [TEST_STEP][PASSED] - verifyResponseStatusCode(scoring, 200): Verify response status code successfully

2022-11-22 16:29:48 - [MESSAGE][PASSED] - Verify response status code successfully

2022-11-22 16:29:48 - [TEST_STEP][PASSED] - response2 = scoring.getResponseText(): null

2022-11-22 16:29:48 - [TEST_STEP][PASSED] - markPassed("result service data ke : " + no): result service data ke : 115

2022-11-22 16:29:48 - [MESSAGE][PASSED] - result service data ke : 115

2022-11-22 16:29:48 - [TEST_STEP][PASSED] - logInfo($response2): {"result_konsumen":"Approve","result_pasangan":"","Final_result":"Approve","errorMessage":"","status":"Done"}

2022-11-22 16:29:48 - [MESSAGE][INFO] - {"result_konsumen":"Approve","result_pasangan":"","Final_result":"Approve","errorMessage":"","status":"Done"}

2022-11-22 16:29:48 - [TEST_STEP][PASSED] - verifyElementPropertyValue(scoring, "Final_result", final_result): Verify element property value successfully

2022-11-22 16:29:48 - [MESSAGE][PASSED] - Verify element property value successfully]]></system-out>
         <system-err><![CDATA[]]></system-err>
      </testcase>
      <testcase name="Test Cases/Engine_Scoring/Engine Scoring" time="5.045" classname="Test Cases/Engine_Scoring/Engine Scoring" status="PASSED">
         <system-out><![CDATA[2022-11-22 16:29:48 - [TEST_CASE][PASSED] - Test Cases/Engine_Scoring/Engine Scoring: Test Cases/Engine_Scoring/Engine Scoring

2022-11-22 16:29:49 - [TEST_STEP][PASSED] - markPassed("Variasi data ke : " + no): Variasi data ke : 116

2022-11-22 16:29:49 - [MESSAGE][PASSED] - Variasi data ke : 116

2022-11-22 16:29:49 - [TEST_STEP][PASSED] - req_data = sendRequest(findTestObject("Search_ME", ["MID":MID, "source":source, "ip":ip, "userid":userid, "branch":branch, "tipekons":tipekons, "marital":marital, "penjamin":penjamin, ... ])): Send request successfully

2022-11-22 16:29:50 - [MESSAGE][INFO] - HAR: D:\DMS\Engine Scoring\Reports\20221122_162012\Exclude KKB - DS\Scoring Individu - KKB\20221122_162012\requests\main\230.har

2022-11-22 16:29:50 - [MESSAGE][PASSED] - Send request successfully

2022-11-22 16:29:50 - [TEST_STEP][PASSED] - slurper = new groovy.json.JsonSlurper(): null

2022-11-22 16:29:50 - [TEST_STEP][PASSED] - result = slurper.parseText(req_data.getResponseBodyContent()): null

2022-11-22 16:29:50 - [TEST_STEP][PASSED] - reqid_kons = requestid1: null

2022-11-22 16:29:50 - [TEST_STEP][PASSED] - reqid_spouse = requestid2: null

2022-11-22 16:29:50 - [TEST_STEP][PASSED] - println("requestid kons : " + reqid_kons): null

2022-11-22 16:29:50 - [TEST_STEP][PASSED] - response_searchME_kons = reqid_kons: null

2022-11-22 16:29:50 - [TEST_STEP][PASSED] - response_searchME_spouse = reqid_spouse: null

2022-11-22 16:29:50 - [TEST_STEP][PASSED] - println("kons req id is :" + response_searchME_kons): null

2022-11-22 16:29:50 - [TEST_STEP][PASSED] - println("spouse req id is : " + response_searchME_spouse): null

2022-11-22 16:29:50 - [TEST_STEP][PASSED] - verifyResponseStatusCode(req_data, 200): Verify response status code successfully

2022-11-22 16:29:50 - [MESSAGE][PASSED] - Verify response status code successfully

2022-11-22 16:29:50 - [TEST_STEP][PASSED] - response = req_data.getResponseText(): null

2022-11-22 16:29:50 - [TEST_STEP][PASSED] - logInfo($response): {"status":"Done","data":{"requestid1":"242239","requestid2":""}}

2022-11-22 16:29:50 - [MESSAGE][INFO] - {"status":"Done","data":{"requestid1":"242239","requestid2":""}}

2022-11-22 16:29:50 - [TEST_STEP][PASSED] - delay(3): Delayed 3 second(s)

2022-11-22 16:29:53 - [MESSAGE][PASSED] - Delayed 3 second(s)

2022-11-22 16:29:53 - [TEST_STEP][PASSED] - scoring = sendRequest(findTestObject("EngineScore", ["response_searchME_kons":response_searchME_kons, "response_searchME_spouse":response_searchME_spouse])): Send request successfully

2022-11-22 16:29:53 - [MESSAGE][INFO] - HAR: D:\DMS\Engine Scoring\Reports\20221122_162012\Exclude KKB - DS\Scoring Individu - KKB\20221122_162012\requests\main\231.har

2022-11-22 16:29:53 - [MESSAGE][PASSED] - Send request successfully

2022-11-22 16:29:53 - [TEST_STEP][PASSED] - verifyResponseStatusCode(scoring, 200): Verify response status code successfully

2022-11-22 16:29:53 - [MESSAGE][PASSED] - Verify response status code successfully

2022-11-22 16:29:53 - [TEST_STEP][PASSED] - response2 = scoring.getResponseText(): null

2022-11-22 16:29:53 - [TEST_STEP][PASSED] - markPassed("result service data ke : " + no): result service data ke : 116

2022-11-22 16:29:53 - [MESSAGE][PASSED] - result service data ke : 116

2022-11-22 16:29:53 - [TEST_STEP][PASSED] - logInfo($response2): {"result_konsumen":"Approve","result_pasangan":"","Final_result":"Approve","errorMessage":"","status":"Done"}

2022-11-22 16:29:53 - [MESSAGE][INFO] - {"result_konsumen":"Approve","result_pasangan":"","Final_result":"Approve","errorMessage":"","status":"Done"}

2022-11-22 16:29:53 - [TEST_STEP][PASSED] - verifyElementPropertyValue(scoring, "Final_result", final_result): Verify element property value successfully

2022-11-22 16:29:53 - [MESSAGE][PASSED] - Verify element property value successfully]]></system-out>
         <system-err><![CDATA[]]></system-err>
      </testcase>
      <testcase name="Test Cases/Engine_Scoring/Engine Scoring" time="5.29" classname="Test Cases/Engine_Scoring/Engine Scoring" status="PASSED">
         <system-out><![CDATA[2022-11-22 16:29:53 - [TEST_CASE][PASSED] - Test Cases/Engine_Scoring/Engine Scoring: Test Cases/Engine_Scoring/Engine Scoring

2022-11-22 16:29:55 - [TEST_STEP][PASSED] - markPassed("Variasi data ke : " + no): Variasi data ke : 117

2022-11-22 16:29:55 - [MESSAGE][PASSED] - Variasi data ke : 117

2022-11-22 16:29:55 - [TEST_STEP][PASSED] - req_data = sendRequest(findTestObject("Search_ME", ["MID":MID, "source":source, "ip":ip, "userid":userid, "branch":branch, "tipekons":tipekons, "marital":marital, "penjamin":penjamin, ... ])): Send request successfully

2022-11-22 16:29:56 - [MESSAGE][INFO] - HAR: D:\DMS\Engine Scoring\Reports\20221122_162012\Exclude KKB - DS\Scoring Individu - KKB\20221122_162012\requests\main\232.har

2022-11-22 16:29:56 - [MESSAGE][PASSED] - Send request successfully

2022-11-22 16:29:56 - [TEST_STEP][PASSED] - slurper = new groovy.json.JsonSlurper(): null

2022-11-22 16:29:56 - [TEST_STEP][PASSED] - result = slurper.parseText(req_data.getResponseBodyContent()): null

2022-11-22 16:29:56 - [TEST_STEP][PASSED] - reqid_kons = requestid1: null

2022-11-22 16:29:56 - [TEST_STEP][PASSED] - reqid_spouse = requestid2: null

2022-11-22 16:29:56 - [TEST_STEP][PASSED] - println("requestid kons : " + reqid_kons): null

2022-11-22 16:29:56 - [TEST_STEP][PASSED] - response_searchME_kons = reqid_kons: null

2022-11-22 16:29:56 - [TEST_STEP][PASSED] - response_searchME_spouse = reqid_spouse: null

2022-11-22 16:29:56 - [TEST_STEP][PASSED] - println("kons req id is :" + response_searchME_kons): null

2022-11-22 16:29:56 - [TEST_STEP][PASSED] - println("spouse req id is : " + response_searchME_spouse): null

2022-11-22 16:29:56 - [TEST_STEP][PASSED] - verifyResponseStatusCode(req_data, 200): Verify response status code successfully

2022-11-22 16:29:56 - [MESSAGE][PASSED] - Verify response status code successfully

2022-11-22 16:29:56 - [TEST_STEP][PASSED] - response = req_data.getResponseText(): null

2022-11-22 16:29:56 - [TEST_STEP][PASSED] - logInfo($response): {"status":"Done","data":{"requestid1":"242240","requestid2":""}}

2022-11-22 16:29:56 - [MESSAGE][INFO] - {"status":"Done","data":{"requestid1":"242240","requestid2":""}}

2022-11-22 16:29:56 - [TEST_STEP][PASSED] - delay(3): Delayed 3 second(s)

2022-11-22 16:29:59 - [MESSAGE][PASSED] - Delayed 3 second(s)

2022-11-22 16:29:59 - [TEST_STEP][PASSED] - scoring = sendRequest(findTestObject("EngineScore", ["response_searchME_kons":response_searchME_kons, "response_searchME_spouse":response_searchME_spouse])): Send request successfully

2022-11-22 16:29:59 - [MESSAGE][INFO] - HAR: D:\DMS\Engine Scoring\Reports\20221122_162012\Exclude KKB - DS\Scoring Individu - KKB\20221122_162012\requests\main\233.har

2022-11-22 16:29:59 - [MESSAGE][PASSED] - Send request successfully

2022-11-22 16:29:59 - [TEST_STEP][PASSED] - verifyResponseStatusCode(scoring, 200): Verify response status code successfully

2022-11-22 16:29:59 - [MESSAGE][PASSED] - Verify response status code successfully

2022-11-22 16:29:59 - [TEST_STEP][PASSED] - response2 = scoring.getResponseText(): null

2022-11-22 16:29:59 - [TEST_STEP][PASSED] - markPassed("result service data ke : " + no): result service data ke : 117

2022-11-22 16:29:59 - [MESSAGE][PASSED] - result service data ke : 117

2022-11-22 16:29:59 - [TEST_STEP][PASSED] - logInfo($response2): {"result_konsumen":"Reject","result_pasangan":"","Final_result":"Reject","errorMessage":"","status":"Done"}

2022-11-22 16:29:59 - [MESSAGE][INFO] - {"result_konsumen":"Reject","result_pasangan":"","Final_result":"Reject","errorMessage":"","status":"Done"}

2022-11-22 16:29:59 - [TEST_STEP][PASSED] - verifyElementPropertyValue(scoring, "Final_result", final_result): Verify element property value successfully

2022-11-22 16:29:59 - [MESSAGE][PASSED] - Verify element property value successfully]]></system-out>
         <system-err><![CDATA[]]></system-err>
      </testcase>
      <testcase name="Test Cases/Engine_Scoring/Engine Scoring" time="5.462" classname="Test Cases/Engine_Scoring/Engine Scoring" status="PASSED">
         <system-out><![CDATA[2022-11-22 16:29:59 - [TEST_CASE][PASSED] - Test Cases/Engine_Scoring/Engine Scoring: Test Cases/Engine_Scoring/Engine Scoring

2022-11-22 16:30:00 - [TEST_STEP][PASSED] - markPassed("Variasi data ke : " + no): Variasi data ke : 118

2022-11-22 16:30:00 - [MESSAGE][PASSED] - Variasi data ke : 118

2022-11-22 16:30:00 - [TEST_STEP][PASSED] - req_data = sendRequest(findTestObject("Search_ME", ["MID":MID, "source":source, "ip":ip, "userid":userid, "branch":branch, "tipekons":tipekons, "marital":marital, "penjamin":penjamin, ... ])): Send request successfully

2022-11-22 16:30:01 - [MESSAGE][INFO] - HAR: D:\DMS\Engine Scoring\Reports\20221122_162012\Exclude KKB - DS\Scoring Individu - KKB\20221122_162012\requests\main\234.har

2022-11-22 16:30:01 - [MESSAGE][PASSED] - Send request successfully

2022-11-22 16:30:01 - [TEST_STEP][PASSED] - slurper = new groovy.json.JsonSlurper(): null

2022-11-22 16:30:01 - [TEST_STEP][PASSED] - result = slurper.parseText(req_data.getResponseBodyContent()): null

2022-11-22 16:30:01 - [TEST_STEP][PASSED] - reqid_kons = requestid1: null

2022-11-22 16:30:01 - [TEST_STEP][PASSED] - reqid_spouse = requestid2: null

2022-11-22 16:30:01 - [TEST_STEP][PASSED] - println("requestid kons : " + reqid_kons): null

2022-11-22 16:30:01 - [TEST_STEP][PASSED] - response_searchME_kons = reqid_kons: null

2022-11-22 16:30:01 - [TEST_STEP][PASSED] - response_searchME_spouse = reqid_spouse: null

2022-11-22 16:30:01 - [TEST_STEP][PASSED] - println("kons req id is :" + response_searchME_kons): null

2022-11-22 16:30:01 - [TEST_STEP][PASSED] - println("spouse req id is : " + response_searchME_spouse): null

2022-11-22 16:30:01 - [TEST_STEP][PASSED] - verifyResponseStatusCode(req_data, 200): Verify response status code successfully

2022-11-22 16:30:01 - [MESSAGE][PASSED] - Verify response status code successfully

2022-11-22 16:30:01 - [TEST_STEP][PASSED] - response = req_data.getResponseText(): null

2022-11-22 16:30:01 - [TEST_STEP][PASSED] - logInfo($response): {"status":"Done","data":{"requestid1":"242241","requestid2":""}}

2022-11-22 16:30:01 - [MESSAGE][INFO] - {"status":"Done","data":{"requestid1":"242241","requestid2":""}}

2022-11-22 16:30:01 - [TEST_STEP][PASSED] - delay(3): Delayed 3 second(s)

2022-11-22 16:30:04 - [MESSAGE][PASSED] - Delayed 3 second(s)

2022-11-22 16:30:04 - [TEST_STEP][PASSED] - scoring = sendRequest(findTestObject("EngineScore", ["response_searchME_kons":response_searchME_kons, "response_searchME_spouse":response_searchME_spouse])): Send request successfully

2022-11-22 16:30:04 - [MESSAGE][INFO] - HAR: D:\DMS\Engine Scoring\Reports\20221122_162012\Exclude KKB - DS\Scoring Individu - KKB\20221122_162012\requests\main\235.har

2022-11-22 16:30:04 - [MESSAGE][PASSED] - Send request successfully

2022-11-22 16:30:04 - [TEST_STEP][PASSED] - verifyResponseStatusCode(scoring, 200): Verify response status code successfully

2022-11-22 16:30:04 - [MESSAGE][PASSED] - Verify response status code successfully

2022-11-22 16:30:04 - [TEST_STEP][PASSED] - response2 = scoring.getResponseText(): null

2022-11-22 16:30:04 - [TEST_STEP][PASSED] - markPassed("result service data ke : " + no): result service data ke : 118

2022-11-22 16:30:04 - [MESSAGE][PASSED] - result service data ke : 118

2022-11-22 16:30:04 - [TEST_STEP][PASSED] - logInfo($response2): {"result_konsumen":"Reject","result_pasangan":"","Final_result":"Reject","errorMessage":"","status":"Done"}

2022-11-22 16:30:04 - [MESSAGE][INFO] - {"result_konsumen":"Reject","result_pasangan":"","Final_result":"Reject","errorMessage":"","status":"Done"}

2022-11-22 16:30:04 - [TEST_STEP][PASSED] - verifyElementPropertyValue(scoring, "Final_result", final_result): Verify element property value successfully

2022-11-22 16:30:04 - [MESSAGE][PASSED] - Verify element property value successfully]]></system-out>
         <system-err><![CDATA[]]></system-err>
      </testcase>
      <testcase name="Test Cases/Engine_Scoring/Engine Scoring" time="5.411" classname="Test Cases/Engine_Scoring/Engine Scoring" status="PASSED">
         <system-out><![CDATA[2022-11-22 16:30:04 - [TEST_CASE][PASSED] - Test Cases/Engine_Scoring/Engine Scoring: Test Cases/Engine_Scoring/Engine Scoring

2022-11-22 16:30:05 - [TEST_STEP][PASSED] - markPassed("Variasi data ke : " + no): Variasi data ke : 119

2022-11-22 16:30:05 - [MESSAGE][PASSED] - Variasi data ke : 119

2022-11-22 16:30:05 - [TEST_STEP][PASSED] - req_data = sendRequest(findTestObject("Search_ME", ["MID":MID, "source":source, "ip":ip, "userid":userid, "branch":branch, "tipekons":tipekons, "marital":marital, "penjamin":penjamin, ... ])): Send request successfully

2022-11-22 16:30:07 - [MESSAGE][INFO] - HAR: D:\DMS\Engine Scoring\Reports\20221122_162012\Exclude KKB - DS\Scoring Individu - KKB\20221122_162012\requests\main\236.har

2022-11-22 16:30:07 - [MESSAGE][PASSED] - Send request successfully

2022-11-22 16:30:07 - [TEST_STEP][PASSED] - slurper = new groovy.json.JsonSlurper(): null

2022-11-22 16:30:07 - [TEST_STEP][PASSED] - result = slurper.parseText(req_data.getResponseBodyContent()): null

2022-11-22 16:30:07 - [TEST_STEP][PASSED] - reqid_kons = requestid1: null

2022-11-22 16:30:07 - [TEST_STEP][PASSED] - reqid_spouse = requestid2: null

2022-11-22 16:30:07 - [TEST_STEP][PASSED] - println("requestid kons : " + reqid_kons): null

2022-11-22 16:30:07 - [TEST_STEP][PASSED] - response_searchME_kons = reqid_kons: null

2022-11-22 16:30:07 - [TEST_STEP][PASSED] - response_searchME_spouse = reqid_spouse: null

2022-11-22 16:30:07 - [TEST_STEP][PASSED] - println("kons req id is :" + response_searchME_kons): null

2022-11-22 16:30:07 - [TEST_STEP][PASSED] - println("spouse req id is : " + response_searchME_spouse): null

2022-11-22 16:30:07 - [TEST_STEP][PASSED] - verifyResponseStatusCode(req_data, 200): Verify response status code successfully

2022-11-22 16:30:07 - [MESSAGE][PASSED] - Verify response status code successfully

2022-11-22 16:30:07 - [TEST_STEP][PASSED] - response = req_data.getResponseText(): null

2022-11-22 16:30:07 - [TEST_STEP][PASSED] - logInfo($response): {"status":"Done","data":{"requestid1":"242242","requestid2":""}}

2022-11-22 16:30:07 - [MESSAGE][INFO] - {"status":"Done","data":{"requestid1":"242242","requestid2":""}}

2022-11-22 16:30:07 - [TEST_STEP][PASSED] - delay(3): Delayed 3 second(s)

2022-11-22 16:30:10 - [MESSAGE][PASSED] - Delayed 3 second(s)

2022-11-22 16:30:10 - [TEST_STEP][PASSED] - scoring = sendRequest(findTestObject("EngineScore", ["response_searchME_kons":response_searchME_kons, "response_searchME_spouse":response_searchME_spouse])): Send request successfully

2022-11-22 16:30:10 - [MESSAGE][INFO] - HAR: D:\DMS\Engine Scoring\Reports\20221122_162012\Exclude KKB - DS\Scoring Individu - KKB\20221122_162012\requests\main\237.har

2022-11-22 16:30:10 - [MESSAGE][PASSED] - Send request successfully

2022-11-22 16:30:10 - [TEST_STEP][PASSED] - verifyResponseStatusCode(scoring, 200): Verify response status code successfully

2022-11-22 16:30:10 - [MESSAGE][PASSED] - Verify response status code successfully

2022-11-22 16:30:10 - [TEST_STEP][PASSED] - response2 = scoring.getResponseText(): null

2022-11-22 16:30:10 - [TEST_STEP][PASSED] - markPassed("result service data ke : " + no): result service data ke : 119

2022-11-22 16:30:10 - [MESSAGE][PASSED] - result service data ke : 119

2022-11-22 16:30:10 - [TEST_STEP][PASSED] - logInfo($response2): {"result_konsumen":"Reject","result_pasangan":"","Final_result":"Reject","errorMessage":"","status":"Done"}

2022-11-22 16:30:10 - [MESSAGE][INFO] - {"result_konsumen":"Reject","result_pasangan":"","Final_result":"Reject","errorMessage":"","status":"Done"}

2022-11-22 16:30:10 - [TEST_STEP][PASSED] - verifyElementPropertyValue(scoring, "Final_result", final_result): Verify element property value successfully

2022-11-22 16:30:10 - [MESSAGE][PASSED] - Verify element property value successfully]]></system-out>
         <system-err><![CDATA[]]></system-err>
      </testcase>
      <testcase name="Test Cases/Engine_Scoring/Engine Scoring" time="5.176" classname="Test Cases/Engine_Scoring/Engine Scoring" status="PASSED">
         <system-out><![CDATA[2022-11-22 16:30:10 - [TEST_CASE][PASSED] - Test Cases/Engine_Scoring/Engine Scoring: Test Cases/Engine_Scoring/Engine Scoring

2022-11-22 16:30:11 - [TEST_STEP][PASSED] - markPassed("Variasi data ke : " + no): Variasi data ke : 120

2022-11-22 16:30:11 - [MESSAGE][PASSED] - Variasi data ke : 120

2022-11-22 16:30:11 - [TEST_STEP][PASSED] - req_data = sendRequest(findTestObject("Search_ME", ["MID":MID, "source":source, "ip":ip, "userid":userid, "branch":branch, "tipekons":tipekons, "marital":marital, "penjamin":penjamin, ... ])): Send request successfully

2022-11-22 16:30:12 - [MESSAGE][INFO] - HAR: D:\DMS\Engine Scoring\Reports\20221122_162012\Exclude KKB - DS\Scoring Individu - KKB\20221122_162012\requests\main\238.har

2022-11-22 16:30:12 - [MESSAGE][PASSED] - Send request successfully

2022-11-22 16:30:12 - [TEST_STEP][PASSED] - slurper = new groovy.json.JsonSlurper(): null

2022-11-22 16:30:12 - [TEST_STEP][PASSED] - result = slurper.parseText(req_data.getResponseBodyContent()): null

2022-11-22 16:30:12 - [TEST_STEP][PASSED] - reqid_kons = requestid1: null

2022-11-22 16:30:12 - [TEST_STEP][PASSED] - reqid_spouse = requestid2: null

2022-11-22 16:30:12 - [TEST_STEP][PASSED] - println("requestid kons : " + reqid_kons): null

2022-11-22 16:30:12 - [TEST_STEP][PASSED] - response_searchME_kons = reqid_kons: null

2022-11-22 16:30:12 - [TEST_STEP][PASSED] - response_searchME_spouse = reqid_spouse: null

2022-11-22 16:30:12 - [TEST_STEP][PASSED] - println("kons req id is :" + response_searchME_kons): null

2022-11-22 16:30:12 - [TEST_STEP][PASSED] - println("spouse req id is : " + response_searchME_spouse): null

2022-11-22 16:30:12 - [TEST_STEP][PASSED] - verifyResponseStatusCode(req_data, 200): Verify response status code successfully

2022-11-22 16:30:12 - [MESSAGE][PASSED] - Verify response status code successfully

2022-11-22 16:30:12 - [TEST_STEP][PASSED] - response = req_data.getResponseText(): null

2022-11-22 16:30:12 - [TEST_STEP][PASSED] - logInfo($response): {"status":"Done","data":{"requestid1":"242243","requestid2":""}}

2022-11-22 16:30:12 - [MESSAGE][INFO] - {"status":"Done","data":{"requestid1":"242243","requestid2":""}}

2022-11-22 16:30:12 - [TEST_STEP][PASSED] - delay(3): Delayed 3 second(s)

2022-11-22 16:30:15 - [MESSAGE][PASSED] - Delayed 3 second(s)

2022-11-22 16:30:15 - [TEST_STEP][PASSED] - scoring = sendRequest(findTestObject("EngineScore", ["response_searchME_kons":response_searchME_kons, "response_searchME_spouse":response_searchME_spouse])): Send request successfully

2022-11-22 16:30:15 - [MESSAGE][INFO] - HAR: D:\DMS\Engine Scoring\Reports\20221122_162012\Exclude KKB - DS\Scoring Individu - KKB\20221122_162012\requests\main\239.har

2022-11-22 16:30:15 - [MESSAGE][PASSED] - Send request successfully

2022-11-22 16:30:15 - [TEST_STEP][PASSED] - verifyResponseStatusCode(scoring, 200): Verify response status code successfully

2022-11-22 16:30:15 - [MESSAGE][PASSED] - Verify response status code successfully

2022-11-22 16:30:15 - [TEST_STEP][PASSED] - response2 = scoring.getResponseText(): null

2022-11-22 16:30:15 - [TEST_STEP][PASSED] - markPassed("result service data ke : " + no): result service data ke : 120

2022-11-22 16:30:15 - [MESSAGE][PASSED] - result service data ke : 120

2022-11-22 16:30:15 - [TEST_STEP][PASSED] - logInfo($response2): {"result_konsumen":"Reject","result_pasangan":"","Final_result":"Reject","errorMessage":"","status":"Done"}

2022-11-22 16:30:15 - [MESSAGE][INFO] - {"result_konsumen":"Reject","result_pasangan":"","Final_result":"Reject","errorMessage":"","status":"Done"}

2022-11-22 16:30:15 - [TEST_STEP][PASSED] - verifyElementPropertyValue(scoring, "Final_result", final_result): Verify element property value successfully

2022-11-22 16:30:15 - [MESSAGE][PASSED] - Verify element property value successfully]]></system-out>
         <system-err><![CDATA[]]></system-err>
      </testcase>
      <testcase name="Test Cases/Engine_Scoring/Engine Scoring" time="5.14" classname="Test Cases/Engine_Scoring/Engine Scoring" status="PASSED">
         <system-out><![CDATA[2022-11-22 16:30:15 - [TEST_CASE][PASSED] - Test Cases/Engine_Scoring/Engine Scoring: Test Cases/Engine_Scoring/Engine Scoring

2022-11-22 16:30:16 - [TEST_STEP][PASSED] - markPassed("Variasi data ke : " + no): Variasi data ke : 121

2022-11-22 16:30:16 - [MESSAGE][PASSED] - Variasi data ke : 121

2022-11-22 16:30:16 - [TEST_STEP][PASSED] - req_data = sendRequest(findTestObject("Search_ME", ["MID":MID, "source":source, "ip":ip, "userid":userid, "branch":branch, "tipekons":tipekons, "marital":marital, "penjamin":penjamin, ... ])): Send request successfully

2022-11-22 16:30:17 - [MESSAGE][INFO] - HAR: D:\DMS\Engine Scoring\Reports\20221122_162012\Exclude KKB - DS\Scoring Individu - KKB\20221122_162012\requests\main\240.har

2022-11-22 16:30:17 - [MESSAGE][PASSED] - Send request successfully

2022-11-22 16:30:17 - [TEST_STEP][PASSED] - slurper = new groovy.json.JsonSlurper(): null

2022-11-22 16:30:17 - [TEST_STEP][PASSED] - result = slurper.parseText(req_data.getResponseBodyContent()): null

2022-11-22 16:30:17 - [TEST_STEP][PASSED] - reqid_kons = requestid1: null

2022-11-22 16:30:17 - [TEST_STEP][PASSED] - reqid_spouse = requestid2: null

2022-11-22 16:30:17 - [TEST_STEP][PASSED] - println("requestid kons : " + reqid_kons): null

2022-11-22 16:30:17 - [TEST_STEP][PASSED] - response_searchME_kons = reqid_kons: null

2022-11-22 16:30:17 - [TEST_STEP][PASSED] - response_searchME_spouse = reqid_spouse: null

2022-11-22 16:30:17 - [TEST_STEP][PASSED] - println("kons req id is :" + response_searchME_kons): null

2022-11-22 16:30:17 - [TEST_STEP][PASSED] - println("spouse req id is : " + response_searchME_spouse): null

2022-11-22 16:30:17 - [TEST_STEP][PASSED] - verifyResponseStatusCode(req_data, 200): Verify response status code successfully

2022-11-22 16:30:17 - [MESSAGE][PASSED] - Verify response status code successfully

2022-11-22 16:30:17 - [TEST_STEP][PASSED] - response = req_data.getResponseText(): null

2022-11-22 16:30:17 - [TEST_STEP][PASSED] - logInfo($response): {"status":"Done","data":{"requestid1":"242244","requestid2":""}}

2022-11-22 16:30:17 - [MESSAGE][INFO] - {"status":"Done","data":{"requestid1":"242244","requestid2":""}}

2022-11-22 16:30:17 - [TEST_STEP][PASSED] - delay(3): Delayed 3 second(s)

2022-11-22 16:30:20 - [MESSAGE][PASSED] - Delayed 3 second(s)

2022-11-22 16:30:20 - [TEST_STEP][PASSED] - scoring = sendRequest(findTestObject("EngineScore", ["response_searchME_kons":response_searchME_kons, "response_searchME_spouse":response_searchME_spouse])): Send request successfully

2022-11-22 16:30:20 - [MESSAGE][INFO] - HAR: D:\DMS\Engine Scoring\Reports\20221122_162012\Exclude KKB - DS\Scoring Individu - KKB\20221122_162012\requests\main\241.har

2022-11-22 16:30:20 - [MESSAGE][PASSED] - Send request successfully

2022-11-22 16:30:20 - [TEST_STEP][PASSED] - verifyResponseStatusCode(scoring, 200): Verify response status code successfully

2022-11-22 16:30:20 - [MESSAGE][PASSED] - Verify response status code successfully

2022-11-22 16:30:20 - [TEST_STEP][PASSED] - response2 = scoring.getResponseText(): null

2022-11-22 16:30:20 - [TEST_STEP][PASSED] - markPassed("result service data ke : " + no): result service data ke : 121

2022-11-22 16:30:20 - [MESSAGE][PASSED] - result service data ke : 121

2022-11-22 16:30:20 - [TEST_STEP][PASSED] - logInfo($response2): {"result_konsumen":"Approve","result_pasangan":"","Final_result":"Approve","errorMessage":"","status":"Done"}

2022-11-22 16:30:20 - [MESSAGE][INFO] - {"result_konsumen":"Approve","result_pasangan":"","Final_result":"Approve","errorMessage":"","status":"Done"}

2022-11-22 16:30:20 - [TEST_STEP][PASSED] - verifyElementPropertyValue(scoring, "Final_result", final_result): Verify element property value successfully

2022-11-22 16:30:20 - [MESSAGE][PASSED] - Verify element property value successfully]]></system-out>
         <system-err><![CDATA[]]></system-err>
      </testcase>
      <testcase name="Test Cases/Engine_Scoring/Engine Scoring" time="5.084" classname="Test Cases/Engine_Scoring/Engine Scoring" status="PASSED">
         <system-out><![CDATA[2022-11-22 16:30:20 - [TEST_CASE][PASSED] - Test Cases/Engine_Scoring/Engine Scoring: Test Cases/Engine_Scoring/Engine Scoring

2022-11-22 16:30:21 - [TEST_STEP][PASSED] - markPassed("Variasi data ke : " + no): Variasi data ke : 122

2022-11-22 16:30:21 - [MESSAGE][PASSED] - Variasi data ke : 122

2022-11-22 16:30:21 - [TEST_STEP][PASSED] - req_data = sendRequest(findTestObject("Search_ME", ["MID":MID, "source":source, "ip":ip, "userid":userid, "branch":branch, "tipekons":tipekons, "marital":marital, "penjamin":penjamin, ... ])): Send request successfully

2022-11-22 16:30:22 - [MESSAGE][INFO] - HAR: D:\DMS\Engine Scoring\Reports\20221122_162012\Exclude KKB - DS\Scoring Individu - KKB\20221122_162012\requests\main\242.har

2022-11-22 16:30:22 - [MESSAGE][PASSED] - Send request successfully

2022-11-22 16:30:22 - [TEST_STEP][PASSED] - slurper = new groovy.json.JsonSlurper(): null

2022-11-22 16:30:22 - [TEST_STEP][PASSED] - result = slurper.parseText(req_data.getResponseBodyContent()): null

2022-11-22 16:30:22 - [TEST_STEP][PASSED] - reqid_kons = requestid1: null

2022-11-22 16:30:22 - [TEST_STEP][PASSED] - reqid_spouse = requestid2: null

2022-11-22 16:30:22 - [TEST_STEP][PASSED] - println("requestid kons : " + reqid_kons): null

2022-11-22 16:30:22 - [TEST_STEP][PASSED] - response_searchME_kons = reqid_kons: null

2022-11-22 16:30:22 - [TEST_STEP][PASSED] - response_searchME_spouse = reqid_spouse: null

2022-11-22 16:30:22 - [TEST_STEP][PASSED] - println("kons req id is :" + response_searchME_kons): null

2022-11-22 16:30:22 - [TEST_STEP][PASSED] - println("spouse req id is : " + response_searchME_spouse): null

2022-11-22 16:30:22 - [TEST_STEP][PASSED] - verifyResponseStatusCode(req_data, 200): Verify response status code successfully

2022-11-22 16:30:22 - [MESSAGE][PASSED] - Verify response status code successfully

2022-11-22 16:30:22 - [TEST_STEP][PASSED] - response = req_data.getResponseText(): null

2022-11-22 16:30:22 - [TEST_STEP][PASSED] - logInfo($response): {"status":"Done","data":{"requestid1":"242245","requestid2":""}}

2022-11-22 16:30:22 - [MESSAGE][INFO] - {"status":"Done","data":{"requestid1":"242245","requestid2":""}}

2022-11-22 16:30:22 - [TEST_STEP][PASSED] - delay(3): Delayed 3 second(s)

2022-11-22 16:30:25 - [MESSAGE][PASSED] - Delayed 3 second(s)

2022-11-22 16:30:25 - [TEST_STEP][PASSED] - scoring = sendRequest(findTestObject("EngineScore", ["response_searchME_kons":response_searchME_kons, "response_searchME_spouse":response_searchME_spouse])): Send request successfully

2022-11-22 16:30:25 - [MESSAGE][INFO] - HAR: D:\DMS\Engine Scoring\Reports\20221122_162012\Exclude KKB - DS\Scoring Individu - KKB\20221122_162012\requests\main\243.har

2022-11-22 16:30:25 - [MESSAGE][PASSED] - Send request successfully

2022-11-22 16:30:25 - [TEST_STEP][PASSED] - verifyResponseStatusCode(scoring, 200): Verify response status code successfully

2022-11-22 16:30:25 - [MESSAGE][PASSED] - Verify response status code successfully

2022-11-22 16:30:25 - [TEST_STEP][PASSED] - response2 = scoring.getResponseText(): null

2022-11-22 16:30:25 - [TEST_STEP][PASSED] - markPassed("result service data ke : " + no): result service data ke : 122

2022-11-22 16:30:25 - [MESSAGE][PASSED] - result service data ke : 122

2022-11-22 16:30:25 - [TEST_STEP][PASSED] - logInfo($response2): {"result_konsumen":"Approve","result_pasangan":"","Final_result":"Approve","errorMessage":"","status":"Done"}

2022-11-22 16:30:25 - [MESSAGE][INFO] - {"result_konsumen":"Approve","result_pasangan":"","Final_result":"Approve","errorMessage":"","status":"Done"}

2022-11-22 16:30:25 - [TEST_STEP][PASSED] - verifyElementPropertyValue(scoring, "Final_result", final_result): Verify element property value successfully

2022-11-22 16:30:25 - [MESSAGE][PASSED] - Verify element property value successfully]]></system-out>
         <system-err><![CDATA[]]></system-err>
      </testcase>
      <testcase name="Test Cases/Engine_Scoring/Engine Scoring" time="5.08" classname="Test Cases/Engine_Scoring/Engine Scoring" status="PASSED">
         <system-out><![CDATA[2022-11-22 16:30:25 - [TEST_CASE][PASSED] - Test Cases/Engine_Scoring/Engine Scoring: Test Cases/Engine_Scoring/Engine Scoring

2022-11-22 16:30:26 - [TEST_STEP][PASSED] - markPassed("Variasi data ke : " + no): Variasi data ke : 123

2022-11-22 16:30:26 - [MESSAGE][PASSED] - Variasi data ke : 123

2022-11-22 16:30:26 - [TEST_STEP][PASSED] - req_data = sendRequest(findTestObject("Search_ME", ["MID":MID, "source":source, "ip":ip, "userid":userid, "branch":branch, "tipekons":tipekons, "marital":marital, "penjamin":penjamin, ... ])): Send request successfully

2022-11-22 16:30:27 - [MESSAGE][INFO] - HAR: D:\DMS\Engine Scoring\Reports\20221122_162012\Exclude KKB - DS\Scoring Individu - KKB\20221122_162012\requests\main\244.har

2022-11-22 16:30:27 - [MESSAGE][PASSED] - Send request successfully

2022-11-22 16:30:27 - [TEST_STEP][PASSED] - slurper = new groovy.json.JsonSlurper(): null

2022-11-22 16:30:27 - [TEST_STEP][PASSED] - result = slurper.parseText(req_data.getResponseBodyContent()): null

2022-11-22 16:30:27 - [TEST_STEP][PASSED] - reqid_kons = requestid1: null

2022-11-22 16:30:27 - [TEST_STEP][PASSED] - reqid_spouse = requestid2: null

2022-11-22 16:30:27 - [TEST_STEP][PASSED] - println("requestid kons : " + reqid_kons): null

2022-11-22 16:30:27 - [TEST_STEP][PASSED] - response_searchME_kons = reqid_kons: null

2022-11-22 16:30:27 - [TEST_STEP][PASSED] - response_searchME_spouse = reqid_spouse: null

2022-11-22 16:30:27 - [TEST_STEP][PASSED] - println("kons req id is :" + response_searchME_kons): null

2022-11-22 16:30:27 - [TEST_STEP][PASSED] - println("spouse req id is : " + response_searchME_spouse): null

2022-11-22 16:30:27 - [TEST_STEP][PASSED] - verifyResponseStatusCode(req_data, 200): Verify response status code successfully

2022-11-22 16:30:27 - [MESSAGE][PASSED] - Verify response status code successfully

2022-11-22 16:30:27 - [TEST_STEP][PASSED] - response = req_data.getResponseText(): null

2022-11-22 16:30:27 - [TEST_STEP][PASSED] - logInfo($response): {"status":"Done","data":{"requestid1":"242246","requestid2":""}}

2022-11-22 16:30:27 - [MESSAGE][INFO] - {"status":"Done","data":{"requestid1":"242246","requestid2":""}}

2022-11-22 16:30:27 - [TEST_STEP][PASSED] - delay(3): Delayed 3 second(s)

2022-11-22 16:30:30 - [MESSAGE][PASSED] - Delayed 3 second(s)

2022-11-22 16:30:30 - [TEST_STEP][PASSED] - scoring = sendRequest(findTestObject("EngineScore", ["response_searchME_kons":response_searchME_kons, "response_searchME_spouse":response_searchME_spouse])): Send request successfully

2022-11-22 16:30:30 - [MESSAGE][INFO] - HAR: D:\DMS\Engine Scoring\Reports\20221122_162012\Exclude KKB - DS\Scoring Individu - KKB\20221122_162012\requests\main\245.har

2022-11-22 16:30:30 - [MESSAGE][PASSED] - Send request successfully

2022-11-22 16:30:30 - [TEST_STEP][PASSED] - verifyResponseStatusCode(scoring, 200): Verify response status code successfully

2022-11-22 16:30:31 - [MESSAGE][PASSED] - Verify response status code successfully

2022-11-22 16:30:31 - [TEST_STEP][PASSED] - response2 = scoring.getResponseText(): null

2022-11-22 16:30:31 - [TEST_STEP][PASSED] - markPassed("result service data ke : " + no): result service data ke : 123

2022-11-22 16:30:31 - [MESSAGE][PASSED] - result service data ke : 123

2022-11-22 16:30:31 - [TEST_STEP][PASSED] - logInfo($response2): {"result_konsumen":"Approve","result_pasangan":"","Final_result":"Approve","errorMessage":"","status":"Done"}

2022-11-22 16:30:31 - [MESSAGE][INFO] - {"result_konsumen":"Approve","result_pasangan":"","Final_result":"Approve","errorMessage":"","status":"Done"}

2022-11-22 16:30:31 - [TEST_STEP][PASSED] - verifyElementPropertyValue(scoring, "Final_result", final_result): Verify element property value successfully

2022-11-22 16:30:31 - [MESSAGE][PASSED] - Verify element property value successfully]]></system-out>
         <system-err><![CDATA[]]></system-err>
      </testcase>
      <testcase name="Test Cases/Engine_Scoring/Engine Scoring" time="5.269" classname="Test Cases/Engine_Scoring/Engine Scoring" status="PASSED">
         <system-out><![CDATA[2022-11-22 16:30:31 - [TEST_CASE][PASSED] - Test Cases/Engine_Scoring/Engine Scoring: Test Cases/Engine_Scoring/Engine Scoring

2022-11-22 16:30:32 - [TEST_STEP][PASSED] - markPassed("Variasi data ke : " + no): Variasi data ke : 124

2022-11-22 16:30:32 - [MESSAGE][PASSED] - Variasi data ke : 124

2022-11-22 16:30:32 - [TEST_STEP][PASSED] - req_data = sendRequest(findTestObject("Search_ME", ["MID":MID, "source":source, "ip":ip, "userid":userid, "branch":branch, "tipekons":tipekons, "marital":marital, "penjamin":penjamin, ... ])): Send request successfully

2022-11-22 16:30:33 - [MESSAGE][INFO] - HAR: D:\DMS\Engine Scoring\Reports\20221122_162012\Exclude KKB - DS\Scoring Individu - KKB\20221122_162012\requests\main\246.har

2022-11-22 16:30:33 - [MESSAGE][PASSED] - Send request successfully

2022-11-22 16:30:33 - [TEST_STEP][PASSED] - slurper = new groovy.json.JsonSlurper(): null

2022-11-22 16:30:33 - [TEST_STEP][PASSED] - result = slurper.parseText(req_data.getResponseBodyContent()): null

2022-11-22 16:30:33 - [TEST_STEP][PASSED] - reqid_kons = requestid1: null

2022-11-22 16:30:33 - [TEST_STEP][PASSED] - reqid_spouse = requestid2: null

2022-11-22 16:30:33 - [TEST_STEP][PASSED] - println("requestid kons : " + reqid_kons): null

2022-11-22 16:30:33 - [TEST_STEP][PASSED] - response_searchME_kons = reqid_kons: null

2022-11-22 16:30:33 - [TEST_STEP][PASSED] - response_searchME_spouse = reqid_spouse: null

2022-11-22 16:30:33 - [TEST_STEP][PASSED] - println("kons req id is :" + response_searchME_kons): null

2022-11-22 16:30:33 - [TEST_STEP][PASSED] - println("spouse req id is : " + response_searchME_spouse): null

2022-11-22 16:30:33 - [TEST_STEP][PASSED] - verifyResponseStatusCode(req_data, 200): Verify response status code successfully

2022-11-22 16:30:33 - [MESSAGE][PASSED] - Verify response status code successfully

2022-11-22 16:30:33 - [TEST_STEP][PASSED] - response = req_data.getResponseText(): null

2022-11-22 16:30:33 - [TEST_STEP][PASSED] - logInfo($response): {"status":"Done","data":{"requestid1":"242247","requestid2":""}}

2022-11-22 16:30:33 - [MESSAGE][INFO] - {"status":"Done","data":{"requestid1":"242247","requestid2":""}}

2022-11-22 16:30:33 - [TEST_STEP][PASSED] - delay(3): Delayed 3 second(s)

2022-11-22 16:30:36 - [MESSAGE][PASSED] - Delayed 3 second(s)

2022-11-22 16:30:36 - [TEST_STEP][PASSED] - scoring = sendRequest(findTestObject("EngineScore", ["response_searchME_kons":response_searchME_kons, "response_searchME_spouse":response_searchME_spouse])): Send request successfully

2022-11-22 16:30:36 - [MESSAGE][INFO] - HAR: D:\DMS\Engine Scoring\Reports\20221122_162012\Exclude KKB - DS\Scoring Individu - KKB\20221122_162012\requests\main\247.har

2022-11-22 16:30:36 - [MESSAGE][PASSED] - Send request successfully

2022-11-22 16:30:36 - [TEST_STEP][PASSED] - verifyResponseStatusCode(scoring, 200): Verify response status code successfully

2022-11-22 16:30:36 - [MESSAGE][PASSED] - Verify response status code successfully

2022-11-22 16:30:36 - [TEST_STEP][PASSED] - response2 = scoring.getResponseText(): null

2022-11-22 16:30:36 - [TEST_STEP][PASSED] - markPassed("result service data ke : " + no): result service data ke : 124

2022-11-22 16:30:36 - [MESSAGE][PASSED] - result service data ke : 124

2022-11-22 16:30:36 - [TEST_STEP][PASSED] - logInfo($response2): {"result_konsumen":"Approve","result_pasangan":"","Final_result":"Approve","errorMessage":"","status":"Done"}

2022-11-22 16:30:36 - [MESSAGE][INFO] - {"result_konsumen":"Approve","result_pasangan":"","Final_result":"Approve","errorMessage":"","status":"Done"}

2022-11-22 16:30:36 - [TEST_STEP][PASSED] - verifyElementPropertyValue(scoring, "Final_result", final_result): Verify element property value successfully

2022-11-22 16:30:36 - [MESSAGE][PASSED] - Verify element property value successfully]]></system-out>
         <system-err><![CDATA[]]></system-err>
      </testcase>
      <testcase name="Test Cases/Engine_Scoring/Engine Scoring" time="5.273" classname="Test Cases/Engine_Scoring/Engine Scoring" status="PASSED">
         <system-out><![CDATA[2022-11-22 16:30:36 - [TEST_CASE][PASSED] - Test Cases/Engine_Scoring/Engine Scoring: Test Cases/Engine_Scoring/Engine Scoring

2022-11-22 16:30:37 - [TEST_STEP][PASSED] - markPassed("Variasi data ke : " + no): Variasi data ke : 125

2022-11-22 16:30:37 - [MESSAGE][PASSED] - Variasi data ke : 125

2022-11-22 16:30:37 - [TEST_STEP][PASSED] - req_data = sendRequest(findTestObject("Search_ME", ["MID":MID, "source":source, "ip":ip, "userid":userid, "branch":branch, "tipekons":tipekons, "marital":marital, "penjamin":penjamin, ... ])): Send request successfully

2022-11-22 16:30:38 - [MESSAGE][INFO] - HAR: D:\DMS\Engine Scoring\Reports\20221122_162012\Exclude KKB - DS\Scoring Individu - KKB\20221122_162012\requests\main\248.har

2022-11-22 16:30:38 - [MESSAGE][PASSED] - Send request successfully

2022-11-22 16:30:38 - [TEST_STEP][PASSED] - slurper = new groovy.json.JsonSlurper(): null

2022-11-22 16:30:38 - [TEST_STEP][PASSED] - result = slurper.parseText(req_data.getResponseBodyContent()): null

2022-11-22 16:30:38 - [TEST_STEP][PASSED] - reqid_kons = requestid1: null

2022-11-22 16:30:38 - [TEST_STEP][PASSED] - reqid_spouse = requestid2: null

2022-11-22 16:30:38 - [TEST_STEP][PASSED] - println("requestid kons : " + reqid_kons): null

2022-11-22 16:30:38 - [TEST_STEP][PASSED] - response_searchME_kons = reqid_kons: null

2022-11-22 16:30:38 - [TEST_STEP][PASSED] - response_searchME_spouse = reqid_spouse: null

2022-11-22 16:30:38 - [TEST_STEP][PASSED] - println("kons req id is :" + response_searchME_kons): null

2022-11-22 16:30:38 - [TEST_STEP][PASSED] - println("spouse req id is : " + response_searchME_spouse): null

2022-11-22 16:30:38 - [TEST_STEP][PASSED] - verifyResponseStatusCode(req_data, 200): Verify response status code successfully

2022-11-22 16:30:38 - [MESSAGE][PASSED] - Verify response status code successfully

2022-11-22 16:30:38 - [TEST_STEP][PASSED] - response = req_data.getResponseText(): null

2022-11-22 16:30:38 - [TEST_STEP][PASSED] - logInfo($response): {"status":"Done","data":{"requestid1":"242248","requestid2":""}}

2022-11-22 16:30:38 - [MESSAGE][INFO] - {"status":"Done","data":{"requestid1":"242248","requestid2":""}}

2022-11-22 16:30:38 - [TEST_STEP][PASSED] - delay(3): Delayed 3 second(s)

2022-11-22 16:30:41 - [MESSAGE][PASSED] - Delayed 3 second(s)

2022-11-22 16:30:41 - [TEST_STEP][PASSED] - scoring = sendRequest(findTestObject("EngineScore", ["response_searchME_kons":response_searchME_kons, "response_searchME_spouse":response_searchME_spouse])): Send request successfully

2022-11-22 16:30:41 - [MESSAGE][INFO] - HAR: D:\DMS\Engine Scoring\Reports\20221122_162012\Exclude KKB - DS\Scoring Individu - KKB\20221122_162012\requests\main\249.har

2022-11-22 16:30:41 - [MESSAGE][PASSED] - Send request successfully

2022-11-22 16:30:41 - [TEST_STEP][PASSED] - verifyResponseStatusCode(scoring, 200): Verify response status code successfully

2022-11-22 16:30:41 - [MESSAGE][PASSED] - Verify response status code successfully

2022-11-22 16:30:41 - [TEST_STEP][PASSED] - response2 = scoring.getResponseText(): null

2022-11-22 16:30:41 - [TEST_STEP][PASSED] - markPassed("result service data ke : " + no): result service data ke : 125

2022-11-22 16:30:41 - [MESSAGE][PASSED] - result service data ke : 125

2022-11-22 16:30:41 - [TEST_STEP][PASSED] - logInfo($response2): {"result_konsumen":"Reject","result_pasangan":"","Final_result":"Reject","errorMessage":"","status":"Done"}

2022-11-22 16:30:41 - [MESSAGE][INFO] - {"result_konsumen":"Reject","result_pasangan":"","Final_result":"Reject","errorMessage":"","status":"Done"}

2022-11-22 16:30:41 - [TEST_STEP][PASSED] - verifyElementPropertyValue(scoring, "Final_result", final_result): Verify element property value successfully

2022-11-22 16:30:41 - [MESSAGE][PASSED] - Verify element property value successfully]]></system-out>
         <system-err><![CDATA[]]></system-err>
      </testcase>
      <testcase name="Test Cases/Engine_Scoring/Engine Scoring" time="5.332" classname="Test Cases/Engine_Scoring/Engine Scoring" status="PASSED">
         <system-out><![CDATA[2022-11-22 16:30:41 - [TEST_CASE][PASSED] - Test Cases/Engine_Scoring/Engine Scoring: Test Cases/Engine_Scoring/Engine Scoring

2022-11-22 16:30:42 - [TEST_STEP][PASSED] - markPassed("Variasi data ke : " + no): Variasi data ke : 126

2022-11-22 16:30:42 - [MESSAGE][PASSED] - Variasi data ke : 126

2022-11-22 16:30:42 - [TEST_STEP][PASSED] - req_data = sendRequest(findTestObject("Search_ME", ["MID":MID, "source":source, "ip":ip, "userid":userid, "branch":branch, "tipekons":tipekons, "marital":marital, "penjamin":penjamin, ... ])): Send request successfully

2022-11-22 16:30:43 - [MESSAGE][INFO] - HAR: D:\DMS\Engine Scoring\Reports\20221122_162012\Exclude KKB - DS\Scoring Individu - KKB\20221122_162012\requests\main\250.har

2022-11-22 16:30:43 - [MESSAGE][PASSED] - Send request successfully

2022-11-22 16:30:43 - [TEST_STEP][PASSED] - slurper = new groovy.json.JsonSlurper(): null

2022-11-22 16:30:43 - [TEST_STEP][PASSED] - result = slurper.parseText(req_data.getResponseBodyContent()): null

2022-11-22 16:30:43 - [TEST_STEP][PASSED] - reqid_kons = requestid1: null

2022-11-22 16:30:43 - [TEST_STEP][PASSED] - reqid_spouse = requestid2: null

2022-11-22 16:30:43 - [TEST_STEP][PASSED] - println("requestid kons : " + reqid_kons): null

2022-11-22 16:30:43 - [TEST_STEP][PASSED] - response_searchME_kons = reqid_kons: null

2022-11-22 16:30:43 - [TEST_STEP][PASSED] - response_searchME_spouse = reqid_spouse: null

2022-11-22 16:30:43 - [TEST_STEP][PASSED] - println("kons req id is :" + response_searchME_kons): null

2022-11-22 16:30:43 - [TEST_STEP][PASSED] - println("spouse req id is : " + response_searchME_spouse): null

2022-11-22 16:30:43 - [TEST_STEP][PASSED] - verifyResponseStatusCode(req_data, 200): Verify response status code successfully

2022-11-22 16:30:43 - [MESSAGE][PASSED] - Verify response status code successfully

2022-11-22 16:30:43 - [TEST_STEP][PASSED] - response = req_data.getResponseText(): null

2022-11-22 16:30:43 - [TEST_STEP][PASSED] - logInfo($response): {"status":"Done","data":{"requestid1":"242249","requestid2":""}}

2022-11-22 16:30:43 - [MESSAGE][INFO] - {"status":"Done","data":{"requestid1":"242249","requestid2":""}}

2022-11-22 16:30:43 - [TEST_STEP][PASSED] - delay(3): Delayed 3 second(s)

2022-11-22 16:30:46 - [MESSAGE][PASSED] - Delayed 3 second(s)

2022-11-22 16:30:46 - [TEST_STEP][PASSED] - scoring = sendRequest(findTestObject("EngineScore", ["response_searchME_kons":response_searchME_kons, "response_searchME_spouse":response_searchME_spouse])): Send request successfully

2022-11-22 16:30:47 - [MESSAGE][INFO] - HAR: D:\DMS\Engine Scoring\Reports\20221122_162012\Exclude KKB - DS\Scoring Individu - KKB\20221122_162012\requests\main\251.har

2022-11-22 16:30:47 - [MESSAGE][PASSED] - Send request successfully

2022-11-22 16:30:47 - [TEST_STEP][PASSED] - verifyResponseStatusCode(scoring, 200): Verify response status code successfully

2022-11-22 16:30:47 - [MESSAGE][PASSED] - Verify response status code successfully

2022-11-22 16:30:47 - [TEST_STEP][PASSED] - response2 = scoring.getResponseText(): null

2022-11-22 16:30:47 - [TEST_STEP][PASSED] - markPassed("result service data ke : " + no): result service data ke : 126

2022-11-22 16:30:47 - [MESSAGE][PASSED] - result service data ke : 126

2022-11-22 16:30:47 - [TEST_STEP][PASSED] - logInfo($response2): {"result_konsumen":"Reject","result_pasangan":"","Final_result":"Reject","errorMessage":"","status":"Done"}

2022-11-22 16:30:47 - [MESSAGE][INFO] - {"result_konsumen":"Reject","result_pasangan":"","Final_result":"Reject","errorMessage":"","status":"Done"}

2022-11-22 16:30:47 - [TEST_STEP][PASSED] - verifyElementPropertyValue(scoring, "Final_result", final_result): Verify element property value successfully

2022-11-22 16:30:47 - [MESSAGE][PASSED] - Verify element property value successfully]]></system-out>
         <system-err><![CDATA[]]></system-err>
      </testcase>
      <testcase name="Test Cases/Engine_Scoring/Engine Scoring" time="5.159" classname="Test Cases/Engine_Scoring/Engine Scoring" status="PASSED">
         <system-out><![CDATA[2022-11-22 16:30:47 - [TEST_CASE][PASSED] - Test Cases/Engine_Scoring/Engine Scoring: Test Cases/Engine_Scoring/Engine Scoring

2022-11-22 16:30:48 - [TEST_STEP][PASSED] - markPassed("Variasi data ke : " + no): Variasi data ke : 127

2022-11-22 16:30:48 - [MESSAGE][PASSED] - Variasi data ke : 127

2022-11-22 16:30:48 - [TEST_STEP][PASSED] - req_data = sendRequest(findTestObject("Search_ME", ["MID":MID, "source":source, "ip":ip, "userid":userid, "branch":branch, "tipekons":tipekons, "marital":marital, "penjamin":penjamin, ... ])): Send request successfully

2022-11-22 16:30:49 - [MESSAGE][INFO] - HAR: D:\DMS\Engine Scoring\Reports\20221122_162012\Exclude KKB - DS\Scoring Individu - KKB\20221122_162012\requests\main\252.har

2022-11-22 16:30:49 - [MESSAGE][PASSED] - Send request successfully

2022-11-22 16:30:49 - [TEST_STEP][PASSED] - slurper = new groovy.json.JsonSlurper(): null

2022-11-22 16:30:49 - [TEST_STEP][PASSED] - result = slurper.parseText(req_data.getResponseBodyContent()): null

2022-11-22 16:30:49 - [TEST_STEP][PASSED] - reqid_kons = requestid1: null

2022-11-22 16:30:49 - [TEST_STEP][PASSED] - reqid_spouse = requestid2: null

2022-11-22 16:30:49 - [TEST_STEP][PASSED] - println("requestid kons : " + reqid_kons): null

2022-11-22 16:30:49 - [TEST_STEP][PASSED] - response_searchME_kons = reqid_kons: null

2022-11-22 16:30:49 - [TEST_STEP][PASSED] - response_searchME_spouse = reqid_spouse: null

2022-11-22 16:30:49 - [TEST_STEP][PASSED] - println("kons req id is :" + response_searchME_kons): null

2022-11-22 16:30:49 - [TEST_STEP][PASSED] - println("spouse req id is : " + response_searchME_spouse): null

2022-11-22 16:30:49 - [TEST_STEP][PASSED] - verifyResponseStatusCode(req_data, 200): Verify response status code successfully

2022-11-22 16:30:49 - [MESSAGE][PASSED] - Verify response status code successfully

2022-11-22 16:30:49 - [TEST_STEP][PASSED] - response = req_data.getResponseText(): null

2022-11-22 16:30:49 - [TEST_STEP][PASSED] - logInfo($response): {"status":"Done","data":{"requestid1":"242250","requestid2":""}}

2022-11-22 16:30:49 - [MESSAGE][INFO] - {"status":"Done","data":{"requestid1":"242250","requestid2":""}}

2022-11-22 16:30:49 - [TEST_STEP][PASSED] - delay(3): Delayed 3 second(s)

2022-11-22 16:30:52 - [MESSAGE][PASSED] - Delayed 3 second(s)

2022-11-22 16:30:52 - [TEST_STEP][PASSED] - scoring = sendRequest(findTestObject("EngineScore", ["response_searchME_kons":response_searchME_kons, "response_searchME_spouse":response_searchME_spouse])): Send request successfully

2022-11-22 16:30:52 - [MESSAGE][INFO] - HAR: D:\DMS\Engine Scoring\Reports\20221122_162012\Exclude KKB - DS\Scoring Individu - KKB\20221122_162012\requests\main\253.har

2022-11-22 16:30:52 - [MESSAGE][PASSED] - Send request successfully

2022-11-22 16:30:52 - [TEST_STEP][PASSED] - verifyResponseStatusCode(scoring, 200): Verify response status code successfully

2022-11-22 16:30:52 - [MESSAGE][PASSED] - Verify response status code successfully

2022-11-22 16:30:52 - [TEST_STEP][PASSED] - response2 = scoring.getResponseText(): null

2022-11-22 16:30:52 - [TEST_STEP][PASSED] - markPassed("result service data ke : " + no): result service data ke : 127

2022-11-22 16:30:52 - [MESSAGE][PASSED] - result service data ke : 127

2022-11-22 16:30:52 - [TEST_STEP][PASSED] - logInfo($response2): {"result_konsumen":"Reguler","result_pasangan":"","Final_result":"Reguler","errorMessage":"","status":"Done"}

2022-11-22 16:30:52 - [MESSAGE][INFO] - {"result_konsumen":"Reguler","result_pasangan":"","Final_result":"Reguler","errorMessage":"","status":"Done"}

2022-11-22 16:30:52 - [TEST_STEP][PASSED] - verifyElementPropertyValue(scoring, "Final_result", final_result): Verify element property value successfully

2022-11-22 16:30:52 - [MESSAGE][PASSED] - Verify element property value successfully]]></system-out>
         <system-err><![CDATA[]]></system-err>
      </testcase>
      <testcase name="Test Cases/Engine_Scoring/Engine Scoring" time="5.286" classname="Test Cases/Engine_Scoring/Engine Scoring" status="PASSED">
         <system-out><![CDATA[2022-11-22 16:30:52 - [TEST_CASE][PASSED] - Test Cases/Engine_Scoring/Engine Scoring: Test Cases/Engine_Scoring/Engine Scoring

2022-11-22 16:30:53 - [TEST_STEP][PASSED] - markPassed("Variasi data ke : " + no): Variasi data ke : 128

2022-11-22 16:30:53 - [MESSAGE][PASSED] - Variasi data ke : 128

2022-11-22 16:30:53 - [TEST_STEP][PASSED] - req_data = sendRequest(findTestObject("Search_ME", ["MID":MID, "source":source, "ip":ip, "userid":userid, "branch":branch, "tipekons":tipekons, "marital":marital, "penjamin":penjamin, ... ])): Send request successfully

2022-11-22 16:30:54 - [MESSAGE][INFO] - HAR: D:\DMS\Engine Scoring\Reports\20221122_162012\Exclude KKB - DS\Scoring Individu - KKB\20221122_162012\requests\main\254.har

2022-11-22 16:30:54 - [MESSAGE][PASSED] - Send request successfully

2022-11-22 16:30:54 - [TEST_STEP][PASSED] - slurper = new groovy.json.JsonSlurper(): null

2022-11-22 16:30:54 - [TEST_STEP][PASSED] - result = slurper.parseText(req_data.getResponseBodyContent()): null

2022-11-22 16:30:54 - [TEST_STEP][PASSED] - reqid_kons = requestid1: null

2022-11-22 16:30:54 - [TEST_STEP][PASSED] - reqid_spouse = requestid2: null

2022-11-22 16:30:54 - [TEST_STEP][PASSED] - println("requestid kons : " + reqid_kons): null

2022-11-22 16:30:54 - [TEST_STEP][PASSED] - response_searchME_kons = reqid_kons: null

2022-11-22 16:30:54 - [TEST_STEP][PASSED] - response_searchME_spouse = reqid_spouse: null

2022-11-22 16:30:54 - [TEST_STEP][PASSED] - println("kons req id is :" + response_searchME_kons): null

2022-11-22 16:30:54 - [TEST_STEP][PASSED] - println("spouse req id is : " + response_searchME_spouse): null

2022-11-22 16:30:54 - [TEST_STEP][PASSED] - verifyResponseStatusCode(req_data, 200): Verify response status code successfully

2022-11-22 16:30:54 - [MESSAGE][PASSED] - Verify response status code successfully

2022-11-22 16:30:54 - [TEST_STEP][PASSED] - response = req_data.getResponseText(): null

2022-11-22 16:30:54 - [TEST_STEP][PASSED] - logInfo($response): {"status":"Done","data":{"requestid1":"242251","requestid2":""}}

2022-11-22 16:30:54 - [MESSAGE][INFO] - {"status":"Done","data":{"requestid1":"242251","requestid2":""}}

2022-11-22 16:30:54 - [TEST_STEP][PASSED] - delay(3): Delayed 3 second(s)

2022-11-22 16:30:57 - [MESSAGE][PASSED] - Delayed 3 second(s)

2022-11-22 16:30:57 - [TEST_STEP][PASSED] - scoring = sendRequest(findTestObject("EngineScore", ["response_searchME_kons":response_searchME_kons, "response_searchME_spouse":response_searchME_spouse])): Send request successfully

2022-11-22 16:30:57 - [MESSAGE][INFO] - HAR: D:\DMS\Engine Scoring\Reports\20221122_162012\Exclude KKB - DS\Scoring Individu - KKB\20221122_162012\requests\main\255.har

2022-11-22 16:30:57 - [MESSAGE][PASSED] - Send request successfully

2022-11-22 16:30:57 - [TEST_STEP][PASSED] - verifyResponseStatusCode(scoring, 200): Verify response status code successfully

2022-11-22 16:30:57 - [MESSAGE][PASSED] - Verify response status code successfully

2022-11-22 16:30:57 - [TEST_STEP][PASSED] - response2 = scoring.getResponseText(): null

2022-11-22 16:30:57 - [TEST_STEP][PASSED] - markPassed("result service data ke : " + no): result service data ke : 128

2022-11-22 16:30:57 - [MESSAGE][PASSED] - result service data ke : 128

2022-11-22 16:30:57 - [TEST_STEP][PASSED] - logInfo($response2): {"result_konsumen":"Reguler","result_pasangan":"","Final_result":"Reguler","errorMessage":"","status":"Done"}

2022-11-22 16:30:57 - [MESSAGE][INFO] - {"result_konsumen":"Reguler","result_pasangan":"","Final_result":"Reguler","errorMessage":"","status":"Done"}

2022-11-22 16:30:57 - [TEST_STEP][PASSED] - verifyElementPropertyValue(scoring, "Final_result", final_result): Verify element property value successfully

2022-11-22 16:30:57 - [MESSAGE][PASSED] - Verify element property value successfully]]></system-out>
         <system-err><![CDATA[]]></system-err>
      </testcase>
      <testcase name="Test Cases/Engine_Scoring/Engine Scoring" time="5.324" classname="Test Cases/Engine_Scoring/Engine Scoring" status="PASSED">
         <system-out><![CDATA[2022-11-22 16:30:57 - [TEST_CASE][PASSED] - Test Cases/Engine_Scoring/Engine Scoring: Test Cases/Engine_Scoring/Engine Scoring

2022-11-22 16:30:58 - [TEST_STEP][PASSED] - markPassed("Variasi data ke : " + no): Variasi data ke : 129

2022-11-22 16:30:58 - [MESSAGE][PASSED] - Variasi data ke : 129

2022-11-22 16:30:58 - [TEST_STEP][PASSED] - req_data = sendRequest(findTestObject("Search_ME", ["MID":MID, "source":source, "ip":ip, "userid":userid, "branch":branch, "tipekons":tipekons, "marital":marital, "penjamin":penjamin, ... ])): Send request successfully

2022-11-22 16:30:59 - [MESSAGE][INFO] - HAR: D:\DMS\Engine Scoring\Reports\20221122_162012\Exclude KKB - DS\Scoring Individu - KKB\20221122_162012\requests\main\256.har

2022-11-22 16:30:59 - [MESSAGE][PASSED] - Send request successfully

2022-11-22 16:30:59 - [TEST_STEP][PASSED] - slurper = new groovy.json.JsonSlurper(): null

2022-11-22 16:30:59 - [TEST_STEP][PASSED] - result = slurper.parseText(req_data.getResponseBodyContent()): null

2022-11-22 16:30:59 - [TEST_STEP][PASSED] - reqid_kons = requestid1: null

2022-11-22 16:30:59 - [TEST_STEP][PASSED] - reqid_spouse = requestid2: null

2022-11-22 16:30:59 - [TEST_STEP][PASSED] - println("requestid kons : " + reqid_kons): null

2022-11-22 16:30:59 - [TEST_STEP][PASSED] - response_searchME_kons = reqid_kons: null

2022-11-22 16:30:59 - [TEST_STEP][PASSED] - response_searchME_spouse = reqid_spouse: null

2022-11-22 16:30:59 - [TEST_STEP][PASSED] - println("kons req id is :" + response_searchME_kons): null

2022-11-22 16:30:59 - [TEST_STEP][PASSED] - println("spouse req id is : " + response_searchME_spouse): null

2022-11-22 16:30:59 - [TEST_STEP][PASSED] - verifyResponseStatusCode(req_data, 200): Verify response status code successfully

2022-11-22 16:30:59 - [MESSAGE][PASSED] - Verify response status code successfully

2022-11-22 16:30:59 - [TEST_STEP][PASSED] - response = req_data.getResponseText(): null

2022-11-22 16:30:59 - [TEST_STEP][PASSED] - logInfo($response): {"status":"Done","data":{"requestid1":"242252","requestid2":""}}

2022-11-22 16:30:59 - [MESSAGE][INFO] - {"status":"Done","data":{"requestid1":"242252","requestid2":""}}

2022-11-22 16:30:59 - [TEST_STEP][PASSED] - delay(3): Delayed 3 second(s)

2022-11-22 16:31:02 - [MESSAGE][PASSED] - Delayed 3 second(s)

2022-11-22 16:31:02 - [TEST_STEP][PASSED] - scoring = sendRequest(findTestObject("EngineScore", ["response_searchME_kons":response_searchME_kons, "response_searchME_spouse":response_searchME_spouse])): Send request successfully

2022-11-22 16:31:02 - [MESSAGE][INFO] - HAR: D:\DMS\Engine Scoring\Reports\20221122_162012\Exclude KKB - DS\Scoring Individu - KKB\20221122_162012\requests\main\257.har

2022-11-22 16:31:02 - [MESSAGE][PASSED] - Send request successfully

2022-11-22 16:31:02 - [TEST_STEP][PASSED] - verifyResponseStatusCode(scoring, 200): Verify response status code successfully

2022-11-22 16:31:02 - [MESSAGE][PASSED] - Verify response status code successfully

2022-11-22 16:31:02 - [TEST_STEP][PASSED] - response2 = scoring.getResponseText(): null

2022-11-22 16:31:02 - [TEST_STEP][PASSED] - markPassed("result service data ke : " + no): result service data ke : 129

2022-11-22 16:31:02 - [MESSAGE][PASSED] - result service data ke : 129

2022-11-22 16:31:02 - [TEST_STEP][PASSED] - logInfo($response2): {"result_konsumen":"Reguler","result_pasangan":"","Final_result":"Reguler","errorMessage":"","status":"Done"}

2022-11-22 16:31:02 - [MESSAGE][INFO] - {"result_konsumen":"Reguler","result_pasangan":"","Final_result":"Reguler","errorMessage":"","status":"Done"}

2022-11-22 16:31:02 - [TEST_STEP][PASSED] - verifyElementPropertyValue(scoring, "Final_result", final_result): Verify element property value successfully

2022-11-22 16:31:02 - [MESSAGE][PASSED] - Verify element property value successfully]]></system-out>
         <system-err><![CDATA[]]></system-err>
      </testcase>
      <testcase name="Test Cases/Engine_Scoring/Engine Scoring" time="5.245" classname="Test Cases/Engine_Scoring/Engine Scoring" status="PASSED">
         <system-out><![CDATA[2022-11-22 16:31:03 - [TEST_CASE][PASSED] - Test Cases/Engine_Scoring/Engine Scoring: Test Cases/Engine_Scoring/Engine Scoring

2022-11-22 16:31:04 - [TEST_STEP][PASSED] - markPassed("Variasi data ke : " + no): Variasi data ke : 130

2022-11-22 16:31:04 - [MESSAGE][PASSED] - Variasi data ke : 130

2022-11-22 16:31:04 - [TEST_STEP][PASSED] - req_data = sendRequest(findTestObject("Search_ME", ["MID":MID, "source":source, "ip":ip, "userid":userid, "branch":branch, "tipekons":tipekons, "marital":marital, "penjamin":penjamin, ... ])): Send request successfully

2022-11-22 16:31:05 - [MESSAGE][INFO] - HAR: D:\DMS\Engine Scoring\Reports\20221122_162012\Exclude KKB - DS\Scoring Individu - KKB\20221122_162012\requests\main\258.har

2022-11-22 16:31:05 - [MESSAGE][PASSED] - Send request successfully

2022-11-22 16:31:05 - [TEST_STEP][PASSED] - slurper = new groovy.json.JsonSlurper(): null

2022-11-22 16:31:05 - [TEST_STEP][PASSED] - result = slurper.parseText(req_data.getResponseBodyContent()): null

2022-11-22 16:31:05 - [TEST_STEP][PASSED] - reqid_kons = requestid1: null

2022-11-22 16:31:05 - [TEST_STEP][PASSED] - reqid_spouse = requestid2: null

2022-11-22 16:31:05 - [TEST_STEP][PASSED] - println("requestid kons : " + reqid_kons): null

2022-11-22 16:31:05 - [TEST_STEP][PASSED] - response_searchME_kons = reqid_kons: null

2022-11-22 16:31:05 - [TEST_STEP][PASSED] - response_searchME_spouse = reqid_spouse: null

2022-11-22 16:31:05 - [TEST_STEP][PASSED] - println("kons req id is :" + response_searchME_kons): null

2022-11-22 16:31:05 - [TEST_STEP][PASSED] - println("spouse req id is : " + response_searchME_spouse): null

2022-11-22 16:31:05 - [TEST_STEP][PASSED] - verifyResponseStatusCode(req_data, 200): Verify response status code successfully

2022-11-22 16:31:05 - [MESSAGE][PASSED] - Verify response status code successfully

2022-11-22 16:31:05 - [TEST_STEP][PASSED] - response = req_data.getResponseText(): null

2022-11-22 16:31:05 - [TEST_STEP][PASSED] - logInfo($response): {"status":"Done","data":{"requestid1":"242253","requestid2":""}}

2022-11-22 16:31:05 - [MESSAGE][INFO] - {"status":"Done","data":{"requestid1":"242253","requestid2":""}}

2022-11-22 16:31:05 - [TEST_STEP][PASSED] - delay(3): Delayed 3 second(s)

2022-11-22 16:31:08 - [MESSAGE][PASSED] - Delayed 3 second(s)

2022-11-22 16:31:08 - [TEST_STEP][PASSED] - scoring = sendRequest(findTestObject("EngineScore", ["response_searchME_kons":response_searchME_kons, "response_searchME_spouse":response_searchME_spouse])): Send request successfully

2022-11-22 16:31:08 - [MESSAGE][INFO] - HAR: D:\DMS\Engine Scoring\Reports\20221122_162012\Exclude KKB - DS\Scoring Individu - KKB\20221122_162012\requests\main\259.har

2022-11-22 16:31:08 - [MESSAGE][PASSED] - Send request successfully

2022-11-22 16:31:08 - [TEST_STEP][PASSED] - verifyResponseStatusCode(scoring, 200): Verify response status code successfully

2022-11-22 16:31:08 - [MESSAGE][PASSED] - Verify response status code successfully

2022-11-22 16:31:08 - [TEST_STEP][PASSED] - response2 = scoring.getResponseText(): null

2022-11-22 16:31:08 - [TEST_STEP][PASSED] - markPassed("result service data ke : " + no): result service data ke : 130

2022-11-22 16:31:08 - [MESSAGE][PASSED] - result service data ke : 130

2022-11-22 16:31:08 - [TEST_STEP][PASSED] - logInfo($response2): {"result_konsumen":"Reguler","result_pasangan":"","Final_result":"Reguler","errorMessage":"","status":"Done"}

2022-11-22 16:31:08 - [MESSAGE][INFO] - {"result_konsumen":"Reguler","result_pasangan":"","Final_result":"Reguler","errorMessage":"","status":"Done"}

2022-11-22 16:31:08 - [TEST_STEP][PASSED] - verifyElementPropertyValue(scoring, "Final_result", final_result): Verify element property value successfully

2022-11-22 16:31:08 - [MESSAGE][PASSED] - Verify element property value successfully]]></system-out>
         <system-err><![CDATA[]]></system-err>
      </testcase>
      <testcase name="Test Cases/Engine_Scoring/Engine Scoring" time="5.337" classname="Test Cases/Engine_Scoring/Engine Scoring" status="PASSED">
         <system-out><![CDATA[2022-11-22 16:31:08 - [TEST_CASE][PASSED] - Test Cases/Engine_Scoring/Engine Scoring: Test Cases/Engine_Scoring/Engine Scoring

2022-11-22 16:31:09 - [TEST_STEP][PASSED] - markPassed("Variasi data ke : " + no): Variasi data ke : 131

2022-11-22 16:31:09 - [MESSAGE][PASSED] - Variasi data ke : 131

2022-11-22 16:31:09 - [TEST_STEP][PASSED] - req_data = sendRequest(findTestObject("Search_ME", ["MID":MID, "source":source, "ip":ip, "userid":userid, "branch":branch, "tipekons":tipekons, "marital":marital, "penjamin":penjamin, ... ])): Send request successfully

2022-11-22 16:31:10 - [MESSAGE][INFO] - HAR: D:\DMS\Engine Scoring\Reports\20221122_162012\Exclude KKB - DS\Scoring Individu - KKB\20221122_162012\requests\main\260.har

2022-11-22 16:31:10 - [MESSAGE][PASSED] - Send request successfully

2022-11-22 16:31:10 - [TEST_STEP][PASSED] - slurper = new groovy.json.JsonSlurper(): null

2022-11-22 16:31:10 - [TEST_STEP][PASSED] - result = slurper.parseText(req_data.getResponseBodyContent()): null

2022-11-22 16:31:10 - [TEST_STEP][PASSED] - reqid_kons = requestid1: null

2022-11-22 16:31:10 - [TEST_STEP][PASSED] - reqid_spouse = requestid2: null

2022-11-22 16:31:10 - [TEST_STEP][PASSED] - println("requestid kons : " + reqid_kons): null

2022-11-22 16:31:10 - [TEST_STEP][PASSED] - response_searchME_kons = reqid_kons: null

2022-11-22 16:31:10 - [TEST_STEP][PASSED] - response_searchME_spouse = reqid_spouse: null

2022-11-22 16:31:10 - [TEST_STEP][PASSED] - println("kons req id is :" + response_searchME_kons): null

2022-11-22 16:31:10 - [TEST_STEP][PASSED] - println("spouse req id is : " + response_searchME_spouse): null

2022-11-22 16:31:10 - [TEST_STEP][PASSED] - verifyResponseStatusCode(req_data, 200): Verify response status code successfully

2022-11-22 16:31:10 - [MESSAGE][PASSED] - Verify response status code successfully

2022-11-22 16:31:10 - [TEST_STEP][PASSED] - response = req_data.getResponseText(): null

2022-11-22 16:31:10 - [TEST_STEP][PASSED] - logInfo($response): {"status":"Done","data":{"requestid1":"242254","requestid2":""}}

2022-11-22 16:31:10 - [MESSAGE][INFO] - {"status":"Done","data":{"requestid1":"242254","requestid2":""}}

2022-11-22 16:31:10 - [TEST_STEP][PASSED] - delay(3): Delayed 3 second(s)

2022-11-22 16:31:13 - [MESSAGE][PASSED] - Delayed 3 second(s)

2022-11-22 16:31:13 - [TEST_STEP][PASSED] - scoring = sendRequest(findTestObject("EngineScore", ["response_searchME_kons":response_searchME_kons, "response_searchME_spouse":response_searchME_spouse])): Send request successfully

2022-11-22 16:31:13 - [MESSAGE][INFO] - HAR: D:\DMS\Engine Scoring\Reports\20221122_162012\Exclude KKB - DS\Scoring Individu - KKB\20221122_162012\requests\main\261.har

2022-11-22 16:31:13 - [MESSAGE][PASSED] - Send request successfully

2022-11-22 16:31:13 - [TEST_STEP][PASSED] - verifyResponseStatusCode(scoring, 200): Verify response status code successfully

2022-11-22 16:31:13 - [MESSAGE][PASSED] - Verify response status code successfully

2022-11-22 16:31:13 - [TEST_STEP][PASSED] - response2 = scoring.getResponseText(): null

2022-11-22 16:31:13 - [TEST_STEP][PASSED] - markPassed("result service data ke : " + no): result service data ke : 131

2022-11-22 16:31:13 - [MESSAGE][PASSED] - result service data ke : 131

2022-11-22 16:31:13 - [TEST_STEP][PASSED] - logInfo($response2): {"result_konsumen":"Reguler","result_pasangan":"","Final_result":"Reguler","errorMessage":"","status":"Done"}

2022-11-22 16:31:13 - [MESSAGE][INFO] - {"result_konsumen":"Reguler","result_pasangan":"","Final_result":"Reguler","errorMessage":"","status":"Done"}

2022-11-22 16:31:13 - [TEST_STEP][PASSED] - verifyElementPropertyValue(scoring, "Final_result", final_result): Verify element property value successfully

2022-11-22 16:31:13 - [MESSAGE][PASSED] - Verify element property value successfully]]></system-out>
         <system-err><![CDATA[]]></system-err>
      </testcase>
      <testcase name="Test Cases/Engine_Scoring/Engine Scoring" time="5.097" classname="Test Cases/Engine_Scoring/Engine Scoring" status="PASSED">
         <system-out><![CDATA[2022-11-22 16:31:13 - [TEST_CASE][PASSED] - Test Cases/Engine_Scoring/Engine Scoring: Test Cases/Engine_Scoring/Engine Scoring

2022-11-22 16:31:14 - [TEST_STEP][PASSED] - markPassed("Variasi data ke : " + no): Variasi data ke : 132

2022-11-22 16:31:14 - [MESSAGE][PASSED] - Variasi data ke : 132

2022-11-22 16:31:14 - [TEST_STEP][PASSED] - req_data = sendRequest(findTestObject("Search_ME", ["MID":MID, "source":source, "ip":ip, "userid":userid, "branch":branch, "tipekons":tipekons, "marital":marital, "penjamin":penjamin, ... ])): Send request successfully

2022-11-22 16:31:15 - [MESSAGE][INFO] - HAR: D:\DMS\Engine Scoring\Reports\20221122_162012\Exclude KKB - DS\Scoring Individu - KKB\20221122_162012\requests\main\262.har

2022-11-22 16:31:15 - [MESSAGE][PASSED] - Send request successfully

2022-11-22 16:31:15 - [TEST_STEP][PASSED] - slurper = new groovy.json.JsonSlurper(): null

2022-11-22 16:31:15 - [TEST_STEP][PASSED] - result = slurper.parseText(req_data.getResponseBodyContent()): null

2022-11-22 16:31:15 - [TEST_STEP][PASSED] - reqid_kons = requestid1: null

2022-11-22 16:31:15 - [TEST_STEP][PASSED] - reqid_spouse = requestid2: null

2022-11-22 16:31:15 - [TEST_STEP][PASSED] - println("requestid kons : " + reqid_kons): null

2022-11-22 16:31:15 - [TEST_STEP][PASSED] - response_searchME_kons = reqid_kons: null

2022-11-22 16:31:15 - [TEST_STEP][PASSED] - response_searchME_spouse = reqid_spouse: null

2022-11-22 16:31:15 - [TEST_STEP][PASSED] - println("kons req id is :" + response_searchME_kons): null

2022-11-22 16:31:15 - [TEST_STEP][PASSED] - println("spouse req id is : " + response_searchME_spouse): null

2022-11-22 16:31:15 - [TEST_STEP][PASSED] - verifyResponseStatusCode(req_data, 200): Verify response status code successfully

2022-11-22 16:31:15 - [MESSAGE][PASSED] - Verify response status code successfully

2022-11-22 16:31:15 - [TEST_STEP][PASSED] - response = req_data.getResponseText(): null

2022-11-22 16:31:15 - [TEST_STEP][PASSED] - logInfo($response): {"status":"Done","data":{"requestid1":"242255","requestid2":""}}

2022-11-22 16:31:15 - [MESSAGE][INFO] - {"status":"Done","data":{"requestid1":"242255","requestid2":""}}

2022-11-22 16:31:15 - [TEST_STEP][PASSED] - delay(3): Delayed 3 second(s)

2022-11-22 16:31:18 - [MESSAGE][PASSED] - Delayed 3 second(s)

2022-11-22 16:31:18 - [TEST_STEP][PASSED] - scoring = sendRequest(findTestObject("EngineScore", ["response_searchME_kons":response_searchME_kons, "response_searchME_spouse":response_searchME_spouse])): Send request successfully

2022-11-22 16:31:18 - [MESSAGE][INFO] - HAR: D:\DMS\Engine Scoring\Reports\20221122_162012\Exclude KKB - DS\Scoring Individu - KKB\20221122_162012\requests\main\263.har

2022-11-22 16:31:18 - [MESSAGE][PASSED] - Send request successfully

2022-11-22 16:31:18 - [TEST_STEP][PASSED] - verifyResponseStatusCode(scoring, 200): Verify response status code successfully

2022-11-22 16:31:18 - [MESSAGE][PASSED] - Verify response status code successfully

2022-11-22 16:31:18 - [TEST_STEP][PASSED] - response2 = scoring.getResponseText(): null

2022-11-22 16:31:18 - [TEST_STEP][PASSED] - markPassed("result service data ke : " + no): result service data ke : 132

2022-11-22 16:31:18 - [MESSAGE][PASSED] - result service data ke : 132

2022-11-22 16:31:18 - [TEST_STEP][PASSED] - logInfo($response2): {"result_konsumen":"Reguler","result_pasangan":"","Final_result":"Reguler","errorMessage":"","status":"Done"}

2022-11-22 16:31:18 - [MESSAGE][INFO] - {"result_konsumen":"Reguler","result_pasangan":"","Final_result":"Reguler","errorMessage":"","status":"Done"}

2022-11-22 16:31:18 - [TEST_STEP][PASSED] - verifyElementPropertyValue(scoring, "Final_result", final_result): Verify element property value successfully

2022-11-22 16:31:18 - [MESSAGE][PASSED] - Verify element property value successfully]]></system-out>
         <system-err><![CDATA[]]></system-err>
      </testcase>
      <testcase name="Test Cases/Engine_Scoring/Engine Scoring" time="8.82" classname="Test Cases/Engine_Scoring/Engine Scoring" status="PASSED">
         <system-out><![CDATA[2022-11-22 16:31:18 - [TEST_CASE][PASSED] - Test Cases/Engine_Scoring/Engine Scoring: Test Cases/Engine_Scoring/Engine Scoring

2022-11-22 16:31:23 - [TEST_STEP][PASSED] - markPassed("Variasi data ke : " + no): Variasi data ke : 133

2022-11-22 16:31:23 - [MESSAGE][PASSED] - Variasi data ke : 133

2022-11-22 16:31:23 - [TEST_STEP][PASSED] - req_data = sendRequest(findTestObject("Search_ME", ["MID":MID, "source":source, "ip":ip, "userid":userid, "branch":branch, "tipekons":tipekons, "marital":marital, "penjamin":penjamin, ... ])): Send request successfully

2022-11-22 16:31:24 - [MESSAGE][INFO] - HAR: D:\DMS\Engine Scoring\Reports\20221122_162012\Exclude KKB - DS\Scoring Individu - KKB\20221122_162012\requests\main\264.har

2022-11-22 16:31:24 - [MESSAGE][PASSED] - Send request successfully

2022-11-22 16:31:24 - [TEST_STEP][PASSED] - slurper = new groovy.json.JsonSlurper(): null

2022-11-22 16:31:24 - [TEST_STEP][PASSED] - result = slurper.parseText(req_data.getResponseBodyContent()): null

2022-11-22 16:31:24 - [TEST_STEP][PASSED] - reqid_kons = requestid1: null

2022-11-22 16:31:24 - [TEST_STEP][PASSED] - reqid_spouse = requestid2: null

2022-11-22 16:31:24 - [TEST_STEP][PASSED] - println("requestid kons : " + reqid_kons): null

2022-11-22 16:31:24 - [TEST_STEP][PASSED] - response_searchME_kons = reqid_kons: null

2022-11-22 16:31:24 - [TEST_STEP][PASSED] - response_searchME_spouse = reqid_spouse: null

2022-11-22 16:31:24 - [TEST_STEP][PASSED] - println("kons req id is :" + response_searchME_kons): null

2022-11-22 16:31:24 - [TEST_STEP][PASSED] - println("spouse req id is : " + response_searchME_spouse): null

2022-11-22 16:31:24 - [TEST_STEP][PASSED] - verifyResponseStatusCode(req_data, 200): Verify response status code successfully

2022-11-22 16:31:24 - [MESSAGE][PASSED] - Verify response status code successfully

2022-11-22 16:31:24 - [TEST_STEP][PASSED] - response = req_data.getResponseText(): null

2022-11-22 16:31:24 - [TEST_STEP][PASSED] - logInfo($response): {"status":"Done","data":{"requestid1":"242256","requestid2":""}}

2022-11-22 16:31:24 - [MESSAGE][INFO] - {"status":"Done","data":{"requestid1":"242256","requestid2":""}}

2022-11-22 16:31:24 - [TEST_STEP][PASSED] - delay(3): Delayed 3 second(s)

2022-11-22 16:31:27 - [MESSAGE][PASSED] - Delayed 3 second(s)

2022-11-22 16:31:27 - [TEST_STEP][PASSED] - scoring = sendRequest(findTestObject("EngineScore", ["response_searchME_kons":response_searchME_kons, "response_searchME_spouse":response_searchME_spouse])): Send request successfully

2022-11-22 16:31:27 - [MESSAGE][INFO] - HAR: D:\DMS\Engine Scoring\Reports\20221122_162012\Exclude KKB - DS\Scoring Individu - KKB\20221122_162012\requests\main\265.har

2022-11-22 16:31:27 - [MESSAGE][PASSED] - Send request successfully

2022-11-22 16:31:27 - [TEST_STEP][PASSED] - verifyResponseStatusCode(scoring, 200): Verify response status code successfully

2022-11-22 16:31:27 - [MESSAGE][PASSED] - Verify response status code successfully

2022-11-22 16:31:27 - [TEST_STEP][PASSED] - response2 = scoring.getResponseText(): null

2022-11-22 16:31:27 - [TEST_STEP][PASSED] - markPassed("result service data ke : " + no): result service data ke : 133

2022-11-22 16:31:27 - [MESSAGE][PASSED] - result service data ke : 133

2022-11-22 16:31:27 - [TEST_STEP][PASSED] - logInfo($response2): {"result_konsumen":"Reguler","result_pasangan":"","Final_result":"Reguler","errorMessage":"","status":"Done"}

2022-11-22 16:31:27 - [MESSAGE][INFO] - {"result_konsumen":"Reguler","result_pasangan":"","Final_result":"Reguler","errorMessage":"","status":"Done"}

2022-11-22 16:31:27 - [TEST_STEP][PASSED] - verifyElementPropertyValue(scoring, "Final_result", final_result): Verify element property value successfully

2022-11-22 16:31:27 - [MESSAGE][PASSED] - Verify element property value successfully]]></system-out>
         <system-err><![CDATA[]]></system-err>
      </testcase>
      <testcase name="Test Cases/Engine_Scoring/Engine Scoring" time="5.301" classname="Test Cases/Engine_Scoring/Engine Scoring" status="PASSED">
         <system-out><![CDATA[2022-11-22 16:31:27 - [TEST_CASE][PASSED] - Test Cases/Engine_Scoring/Engine Scoring: Test Cases/Engine_Scoring/Engine Scoring

2022-11-22 16:31:28 - [TEST_STEP][PASSED] - markPassed("Variasi data ke : " + no): Variasi data ke : 134

2022-11-22 16:31:28 - [MESSAGE][PASSED] - Variasi data ke : 134

2022-11-22 16:31:28 - [TEST_STEP][PASSED] - req_data = sendRequest(findTestObject("Search_ME", ["MID":MID, "source":source, "ip":ip, "userid":userid, "branch":branch, "tipekons":tipekons, "marital":marital, "penjamin":penjamin, ... ])): Send request successfully

2022-11-22 16:31:29 - [MESSAGE][INFO] - HAR: D:\DMS\Engine Scoring\Reports\20221122_162012\Exclude KKB - DS\Scoring Individu - KKB\20221122_162012\requests\main\266.har

2022-11-22 16:31:29 - [MESSAGE][PASSED] - Send request successfully

2022-11-22 16:31:29 - [TEST_STEP][PASSED] - slurper = new groovy.json.JsonSlurper(): null

2022-11-22 16:31:29 - [TEST_STEP][PASSED] - result = slurper.parseText(req_data.getResponseBodyContent()): null

2022-11-22 16:31:29 - [TEST_STEP][PASSED] - reqid_kons = requestid1: null

2022-11-22 16:31:29 - [TEST_STEP][PASSED] - reqid_spouse = requestid2: null

2022-11-22 16:31:29 - [TEST_STEP][PASSED] - println("requestid kons : " + reqid_kons): null

2022-11-22 16:31:29 - [TEST_STEP][PASSED] - response_searchME_kons = reqid_kons: null

2022-11-22 16:31:29 - [TEST_STEP][PASSED] - response_searchME_spouse = reqid_spouse: null

2022-11-22 16:31:29 - [TEST_STEP][PASSED] - println("kons req id is :" + response_searchME_kons): null

2022-11-22 16:31:29 - [TEST_STEP][PASSED] - println("spouse req id is : " + response_searchME_spouse): null

2022-11-22 16:31:29 - [TEST_STEP][PASSED] - verifyResponseStatusCode(req_data, 200): Verify response status code successfully

2022-11-22 16:31:29 - [MESSAGE][PASSED] - Verify response status code successfully

2022-11-22 16:31:29 - [TEST_STEP][PASSED] - response = req_data.getResponseText(): null

2022-11-22 16:31:29 - [TEST_STEP][PASSED] - logInfo($response): {"status":"Done","data":{"requestid1":"242257","requestid2":""}}

2022-11-22 16:31:29 - [MESSAGE][INFO] - {"status":"Done","data":{"requestid1":"242257","requestid2":""}}

2022-11-22 16:31:29 - [TEST_STEP][PASSED] - delay(3): Delayed 3 second(s)

2022-11-22 16:31:32 - [MESSAGE][PASSED] - Delayed 3 second(s)

2022-11-22 16:31:32 - [TEST_STEP][PASSED] - scoring = sendRequest(findTestObject("EngineScore", ["response_searchME_kons":response_searchME_kons, "response_searchME_spouse":response_searchME_spouse])): Send request successfully

2022-11-22 16:31:33 - [MESSAGE][INFO] - HAR: D:\DMS\Engine Scoring\Reports\20221122_162012\Exclude KKB - DS\Scoring Individu - KKB\20221122_162012\requests\main\267.har

2022-11-22 16:31:33 - [MESSAGE][PASSED] - Send request successfully

2022-11-22 16:31:33 - [TEST_STEP][PASSED] - verifyResponseStatusCode(scoring, 200): Verify response status code successfully

2022-11-22 16:31:33 - [MESSAGE][PASSED] - Verify response status code successfully

2022-11-22 16:31:33 - [TEST_STEP][PASSED] - response2 = scoring.getResponseText(): null

2022-11-22 16:31:33 - [TEST_STEP][PASSED] - markPassed("result service data ke : " + no): result service data ke : 134

2022-11-22 16:31:33 - [MESSAGE][PASSED] - result service data ke : 134

2022-11-22 16:31:33 - [TEST_STEP][PASSED] - logInfo($response2): {"result_konsumen":"Reject","result_pasangan":"","Final_result":"Reject","errorMessage":"","status":"Done"}

2022-11-22 16:31:33 - [MESSAGE][INFO] - {"result_konsumen":"Reject","result_pasangan":"","Final_result":"Reject","errorMessage":"","status":"Done"}

2022-11-22 16:31:33 - [TEST_STEP][PASSED] - verifyElementPropertyValue(scoring, "Final_result", final_result): Verify element property value successfully

2022-11-22 16:31:33 - [MESSAGE][PASSED] - Verify element property value successfully]]></system-out>
         <system-err><![CDATA[]]></system-err>
      </testcase>
      <testcase name="Test Cases/Engine_Scoring/Engine Scoring" time="5.48" classname="Test Cases/Engine_Scoring/Engine Scoring" status="PASSED">
         <system-out><![CDATA[2022-11-22 16:31:33 - [TEST_CASE][PASSED] - Test Cases/Engine_Scoring/Engine Scoring: Test Cases/Engine_Scoring/Engine Scoring

2022-11-22 16:31:34 - [TEST_STEP][PASSED] - markPassed("Variasi data ke : " + no): Variasi data ke : 135

2022-11-22 16:31:34 - [MESSAGE][PASSED] - Variasi data ke : 135

2022-11-22 16:31:34 - [TEST_STEP][PASSED] - req_data = sendRequest(findTestObject("Search_ME", ["MID":MID, "source":source, "ip":ip, "userid":userid, "branch":branch, "tipekons":tipekons, "marital":marital, "penjamin":penjamin, ... ])): Send request successfully

2022-11-22 16:31:35 - [MESSAGE][INFO] - HAR: D:\DMS\Engine Scoring\Reports\20221122_162012\Exclude KKB - DS\Scoring Individu - KKB\20221122_162012\requests\main\268.har

2022-11-22 16:31:35 - [MESSAGE][PASSED] - Send request successfully

2022-11-22 16:31:35 - [TEST_STEP][PASSED] - slurper = new groovy.json.JsonSlurper(): null

2022-11-22 16:31:35 - [TEST_STEP][PASSED] - result = slurper.parseText(req_data.getResponseBodyContent()): null

2022-11-22 16:31:35 - [TEST_STEP][PASSED] - reqid_kons = requestid1: null

2022-11-22 16:31:35 - [TEST_STEP][PASSED] - reqid_spouse = requestid2: null

2022-11-22 16:31:35 - [TEST_STEP][PASSED] - println("requestid kons : " + reqid_kons): null

2022-11-22 16:31:35 - [TEST_STEP][PASSED] - response_searchME_kons = reqid_kons: null

2022-11-22 16:31:35 - [TEST_STEP][PASSED] - response_searchME_spouse = reqid_spouse: null

2022-11-22 16:31:35 - [TEST_STEP][PASSED] - println("kons req id is :" + response_searchME_kons): null

2022-11-22 16:31:35 - [TEST_STEP][PASSED] - println("spouse req id is : " + response_searchME_spouse): null

2022-11-22 16:31:35 - [TEST_STEP][PASSED] - verifyResponseStatusCode(req_data, 200): Verify response status code successfully

2022-11-22 16:31:35 - [MESSAGE][PASSED] - Verify response status code successfully

2022-11-22 16:31:35 - [TEST_STEP][PASSED] - response = req_data.getResponseText(): null

2022-11-22 16:31:35 - [TEST_STEP][PASSED] - logInfo($response): {"status":"Done","data":{"requestid1":"242258","requestid2":""}}

2022-11-22 16:31:35 - [MESSAGE][INFO] - {"status":"Done","data":{"requestid1":"242258","requestid2":""}}

2022-11-22 16:31:35 - [TEST_STEP][PASSED] - delay(3): Delayed 3 second(s)

2022-11-22 16:31:38 - [MESSAGE][PASSED] - Delayed 3 second(s)

2022-11-22 16:31:38 - [TEST_STEP][PASSED] - scoring = sendRequest(findTestObject("EngineScore", ["response_searchME_kons":response_searchME_kons, "response_searchME_spouse":response_searchME_spouse])): Send request successfully

2022-11-22 16:31:38 - [MESSAGE][INFO] - HAR: D:\DMS\Engine Scoring\Reports\20221122_162012\Exclude KKB - DS\Scoring Individu - KKB\20221122_162012\requests\main\269.har

2022-11-22 16:31:38 - [MESSAGE][PASSED] - Send request successfully

2022-11-22 16:31:38 - [TEST_STEP][PASSED] - verifyResponseStatusCode(scoring, 200): Verify response status code successfully

2022-11-22 16:31:38 - [MESSAGE][PASSED] - Verify response status code successfully

2022-11-22 16:31:38 - [TEST_STEP][PASSED] - response2 = scoring.getResponseText(): null

2022-11-22 16:31:38 - [TEST_STEP][PASSED] - markPassed("result service data ke : " + no): result service data ke : 135

2022-11-22 16:31:38 - [MESSAGE][PASSED] - result service data ke : 135

2022-11-22 16:31:38 - [TEST_STEP][PASSED] - logInfo($response2): {"result_konsumen":"Approve","result_pasangan":"","Final_result":"Approve","errorMessage":"","status":"Done"}

2022-11-22 16:31:38 - [MESSAGE][INFO] - {"result_konsumen":"Approve","result_pasangan":"","Final_result":"Approve","errorMessage":"","status":"Done"}

2022-11-22 16:31:38 - [TEST_STEP][PASSED] - verifyElementPropertyValue(scoring, "Final_result", final_result): Verify element property value successfully

2022-11-22 16:31:38 - [MESSAGE][PASSED] - Verify element property value successfully]]></system-out>
         <system-err><![CDATA[]]></system-err>
      </testcase>
      <testcase name="Test Cases/Engine_Scoring/Engine Scoring" time="5.324" classname="Test Cases/Engine_Scoring/Engine Scoring" status="PASSED">
         <system-out><![CDATA[2022-11-22 16:31:38 - [TEST_CASE][PASSED] - Test Cases/Engine_Scoring/Engine Scoring: Test Cases/Engine_Scoring/Engine Scoring

2022-11-22 16:31:39 - [TEST_STEP][PASSED] - markPassed("Variasi data ke : " + no): Variasi data ke : 136

2022-11-22 16:31:39 - [MESSAGE][PASSED] - Variasi data ke : 136

2022-11-22 16:31:39 - [TEST_STEP][PASSED] - req_data = sendRequest(findTestObject("Search_ME", ["MID":MID, "source":source, "ip":ip, "userid":userid, "branch":branch, "tipekons":tipekons, "marital":marital, "penjamin":penjamin, ... ])): Send request successfully

2022-11-22 16:31:40 - [MESSAGE][INFO] - HAR: D:\DMS\Engine Scoring\Reports\20221122_162012\Exclude KKB - DS\Scoring Individu - KKB\20221122_162012\requests\main\270.har

2022-11-22 16:31:40 - [MESSAGE][PASSED] - Send request successfully

2022-11-22 16:31:40 - [TEST_STEP][PASSED] - slurper = new groovy.json.JsonSlurper(): null

2022-11-22 16:31:40 - [TEST_STEP][PASSED] - result = slurper.parseText(req_data.getResponseBodyContent()): null

2022-11-22 16:31:40 - [TEST_STEP][PASSED] - reqid_kons = requestid1: null

2022-11-22 16:31:40 - [TEST_STEP][PASSED] - reqid_spouse = requestid2: null

2022-11-22 16:31:40 - [TEST_STEP][PASSED] - println("requestid kons : " + reqid_kons): null

2022-11-22 16:31:40 - [TEST_STEP][PASSED] - response_searchME_kons = reqid_kons: null

2022-11-22 16:31:40 - [TEST_STEP][PASSED] - response_searchME_spouse = reqid_spouse: null

2022-11-22 16:31:40 - [TEST_STEP][PASSED] - println("kons req id is :" + response_searchME_kons): null

2022-11-22 16:31:40 - [TEST_STEP][PASSED] - println("spouse req id is : " + response_searchME_spouse): null

2022-11-22 16:31:40 - [TEST_STEP][PASSED] - verifyResponseStatusCode(req_data, 200): Verify response status code successfully

2022-11-22 16:31:40 - [MESSAGE][PASSED] - Verify response status code successfully

2022-11-22 16:31:40 - [TEST_STEP][PASSED] - response = req_data.getResponseText(): null

2022-11-22 16:31:40 - [TEST_STEP][PASSED] - logInfo($response): {"status":"Done","data":{"requestid1":"242259","requestid2":""}}

2022-11-22 16:31:40 - [MESSAGE][INFO] - {"status":"Done","data":{"requestid1":"242259","requestid2":""}}

2022-11-22 16:31:40 - [TEST_STEP][PASSED] - delay(3): Delayed 3 second(s)

2022-11-22 16:31:43 - [MESSAGE][PASSED] - Delayed 3 second(s)

2022-11-22 16:31:43 - [TEST_STEP][PASSED] - scoring = sendRequest(findTestObject("EngineScore", ["response_searchME_kons":response_searchME_kons, "response_searchME_spouse":response_searchME_spouse])): Send request successfully

2022-11-22 16:31:43 - [MESSAGE][INFO] - HAR: D:\DMS\Engine Scoring\Reports\20221122_162012\Exclude KKB - DS\Scoring Individu - KKB\20221122_162012\requests\main\271.har

2022-11-22 16:31:43 - [MESSAGE][PASSED] - Send request successfully

2022-11-22 16:31:43 - [TEST_STEP][PASSED] - verifyResponseStatusCode(scoring, 200): Verify response status code successfully

2022-11-22 16:31:43 - [MESSAGE][PASSED] - Verify response status code successfully

2022-11-22 16:31:43 - [TEST_STEP][PASSED] - response2 = scoring.getResponseText(): null

2022-11-22 16:31:43 - [TEST_STEP][PASSED] - markPassed("result service data ke : " + no): result service data ke : 136

2022-11-22 16:31:43 - [MESSAGE][PASSED] - result service data ke : 136

2022-11-22 16:31:43 - [TEST_STEP][PASSED] - logInfo($response2): {"result_konsumen":"Approve","result_pasangan":"","Final_result":"Approve","errorMessage":"","status":"Done"}

2022-11-22 16:31:43 - [MESSAGE][INFO] - {"result_konsumen":"Approve","result_pasangan":"","Final_result":"Approve","errorMessage":"","status":"Done"}

2022-11-22 16:31:43 - [TEST_STEP][PASSED] - verifyElementPropertyValue(scoring, "Final_result", final_result): Verify element property value successfully

2022-11-22 16:31:44 - [MESSAGE][PASSED] - Verify element property value successfully]]></system-out>
         <system-err><![CDATA[]]></system-err>
      </testcase>
      <testcase name="Test Cases/Engine_Scoring/Engine Scoring" time="5.301" classname="Test Cases/Engine_Scoring/Engine Scoring" status="PASSED">
         <system-out><![CDATA[2022-11-22 16:31:44 - [TEST_CASE][PASSED] - Test Cases/Engine_Scoring/Engine Scoring: Test Cases/Engine_Scoring/Engine Scoring

2022-11-22 16:31:45 - [TEST_STEP][PASSED] - markPassed("Variasi data ke : " + no): Variasi data ke : 137

2022-11-22 16:31:45 - [MESSAGE][PASSED] - Variasi data ke : 137

2022-11-22 16:31:45 - [TEST_STEP][PASSED] - req_data = sendRequest(findTestObject("Search_ME", ["MID":MID, "source":source, "ip":ip, "userid":userid, "branch":branch, "tipekons":tipekons, "marital":marital, "penjamin":penjamin, ... ])): Send request successfully

2022-11-22 16:31:46 - [MESSAGE][INFO] - HAR: D:\DMS\Engine Scoring\Reports\20221122_162012\Exclude KKB - DS\Scoring Individu - KKB\20221122_162012\requests\main\272.har

2022-11-22 16:31:46 - [MESSAGE][PASSED] - Send request successfully

2022-11-22 16:31:46 - [TEST_STEP][PASSED] - slurper = new groovy.json.JsonSlurper(): null

2022-11-22 16:31:46 - [TEST_STEP][PASSED] - result = slurper.parseText(req_data.getResponseBodyContent()): null

2022-11-22 16:31:46 - [TEST_STEP][PASSED] - reqid_kons = requestid1: null

2022-11-22 16:31:46 - [TEST_STEP][PASSED] - reqid_spouse = requestid2: null

2022-11-22 16:31:46 - [TEST_STEP][PASSED] - println("requestid kons : " + reqid_kons): null

2022-11-22 16:31:46 - [TEST_STEP][PASSED] - response_searchME_kons = reqid_kons: null

2022-11-22 16:31:46 - [TEST_STEP][PASSED] - response_searchME_spouse = reqid_spouse: null

2022-11-22 16:31:46 - [TEST_STEP][PASSED] - println("kons req id is :" + response_searchME_kons): null

2022-11-22 16:31:46 - [TEST_STEP][PASSED] - println("spouse req id is : " + response_searchME_spouse): null

2022-11-22 16:31:46 - [TEST_STEP][PASSED] - verifyResponseStatusCode(req_data, 200): Verify response status code successfully

2022-11-22 16:31:46 - [MESSAGE][PASSED] - Verify response status code successfully

2022-11-22 16:31:46 - [TEST_STEP][PASSED] - response = req_data.getResponseText(): null

2022-11-22 16:31:46 - [TEST_STEP][PASSED] - logInfo($response): {"status":"Done","data":{"requestid1":"242260","requestid2":""}}

2022-11-22 16:31:46 - [MESSAGE][INFO] - {"status":"Done","data":{"requestid1":"242260","requestid2":""}}

2022-11-22 16:31:46 - [TEST_STEP][PASSED] - delay(3): Delayed 3 second(s)

2022-11-22 16:31:49 - [MESSAGE][PASSED] - Delayed 3 second(s)

2022-11-22 16:31:49 - [TEST_STEP][PASSED] - scoring = sendRequest(findTestObject("EngineScore", ["response_searchME_kons":response_searchME_kons, "response_searchME_spouse":response_searchME_spouse])): Send request successfully

2022-11-22 16:31:49 - [MESSAGE][INFO] - HAR: D:\DMS\Engine Scoring\Reports\20221122_162012\Exclude KKB - DS\Scoring Individu - KKB\20221122_162012\requests\main\273.har

2022-11-22 16:31:49 - [MESSAGE][PASSED] - Send request successfully

2022-11-22 16:31:49 - [TEST_STEP][PASSED] - verifyResponseStatusCode(scoring, 200): Verify response status code successfully

2022-11-22 16:31:49 - [MESSAGE][PASSED] - Verify response status code successfully

2022-11-22 16:31:49 - [TEST_STEP][PASSED] - response2 = scoring.getResponseText(): null

2022-11-22 16:31:49 - [TEST_STEP][PASSED] - markPassed("result service data ke : " + no): result service data ke : 137

2022-11-22 16:31:49 - [MESSAGE][PASSED] - result service data ke : 137

2022-11-22 16:31:49 - [TEST_STEP][PASSED] - logInfo($response2): {"result_konsumen":"Approve","result_pasangan":"","Final_result":"Approve","errorMessage":"","status":"Done"}

2022-11-22 16:31:49 - [MESSAGE][INFO] - {"result_konsumen":"Approve","result_pasangan":"","Final_result":"Approve","errorMessage":"","status":"Done"}

2022-11-22 16:31:49 - [TEST_STEP][PASSED] - verifyElementPropertyValue(scoring, "Final_result", final_result): Verify element property value successfully

2022-11-22 16:31:49 - [MESSAGE][PASSED] - Verify element property value successfully]]></system-out>
         <system-err><![CDATA[]]></system-err>
      </testcase>
      <testcase name="Test Cases/Engine_Scoring/Engine Scoring" time="5.224" classname="Test Cases/Engine_Scoring/Engine Scoring" status="PASSED">
         <system-out><![CDATA[2022-11-22 16:31:49 - [TEST_CASE][PASSED] - Test Cases/Engine_Scoring/Engine Scoring: Test Cases/Engine_Scoring/Engine Scoring

2022-11-22 16:31:50 - [TEST_STEP][PASSED] - markPassed("Variasi data ke : " + no): Variasi data ke : 138

2022-11-22 16:31:50 - [MESSAGE][PASSED] - Variasi data ke : 138

2022-11-22 16:31:50 - [TEST_STEP][PASSED] - req_data = sendRequest(findTestObject("Search_ME", ["MID":MID, "source":source, "ip":ip, "userid":userid, "branch":branch, "tipekons":tipekons, "marital":marital, "penjamin":penjamin, ... ])): Send request successfully

2022-11-22 16:31:51 - [MESSAGE][INFO] - HAR: D:\DMS\Engine Scoring\Reports\20221122_162012\Exclude KKB - DS\Scoring Individu - KKB\20221122_162012\requests\main\274.har

2022-11-22 16:31:51 - [MESSAGE][PASSED] - Send request successfully

2022-11-22 16:31:51 - [TEST_STEP][PASSED] - slurper = new groovy.json.JsonSlurper(): null

2022-11-22 16:31:51 - [TEST_STEP][PASSED] - result = slurper.parseText(req_data.getResponseBodyContent()): null

2022-11-22 16:31:51 - [TEST_STEP][PASSED] - reqid_kons = requestid1: null

2022-11-22 16:31:51 - [TEST_STEP][PASSED] - reqid_spouse = requestid2: null

2022-11-22 16:31:51 - [TEST_STEP][PASSED] - println("requestid kons : " + reqid_kons): null

2022-11-22 16:31:51 - [TEST_STEP][PASSED] - response_searchME_kons = reqid_kons: null

2022-11-22 16:31:51 - [TEST_STEP][PASSED] - response_searchME_spouse = reqid_spouse: null

2022-11-22 16:31:51 - [TEST_STEP][PASSED] - println("kons req id is :" + response_searchME_kons): null

2022-11-22 16:31:51 - [TEST_STEP][PASSED] - println("spouse req id is : " + response_searchME_spouse): null

2022-11-22 16:31:51 - [TEST_STEP][PASSED] - verifyResponseStatusCode(req_data, 200): Verify response status code successfully

2022-11-22 16:31:51 - [MESSAGE][PASSED] - Verify response status code successfully

2022-11-22 16:31:51 - [TEST_STEP][PASSED] - response = req_data.getResponseText(): null

2022-11-22 16:31:51 - [TEST_STEP][PASSED] - logInfo($response): {"status":"Done","data":{"requestid1":"242261","requestid2":""}}

2022-11-22 16:31:51 - [MESSAGE][INFO] - {"status":"Done","data":{"requestid1":"242261","requestid2":""}}

2022-11-22 16:31:51 - [TEST_STEP][PASSED] - delay(3): Delayed 3 second(s)

2022-11-22 16:31:54 - [MESSAGE][PASSED] - Delayed 3 second(s)

2022-11-22 16:31:54 - [TEST_STEP][PASSED] - scoring = sendRequest(findTestObject("EngineScore", ["response_searchME_kons":response_searchME_kons, "response_searchME_spouse":response_searchME_spouse])): Send request successfully

2022-11-22 16:31:54 - [MESSAGE][INFO] - HAR: D:\DMS\Engine Scoring\Reports\20221122_162012\Exclude KKB - DS\Scoring Individu - KKB\20221122_162012\requests\main\275.har

2022-11-22 16:31:54 - [MESSAGE][PASSED] - Send request successfully

2022-11-22 16:31:54 - [TEST_STEP][PASSED] - verifyResponseStatusCode(scoring, 200): Verify response status code successfully

2022-11-22 16:31:54 - [MESSAGE][PASSED] - Verify response status code successfully

2022-11-22 16:31:54 - [TEST_STEP][PASSED] - response2 = scoring.getResponseText(): null

2022-11-22 16:31:54 - [TEST_STEP][PASSED] - markPassed("result service data ke : " + no): result service data ke : 138

2022-11-22 16:31:54 - [MESSAGE][PASSED] - result service data ke : 138

2022-11-22 16:31:54 - [TEST_STEP][PASSED] - logInfo($response2): {"result_konsumen":"Approve","result_pasangan":"","Final_result":"Approve","errorMessage":"","status":"Done"}

2022-11-22 16:31:54 - [MESSAGE][INFO] - {"result_konsumen":"Approve","result_pasangan":"","Final_result":"Approve","errorMessage":"","status":"Done"}

2022-11-22 16:31:54 - [TEST_STEP][PASSED] - verifyElementPropertyValue(scoring, "Final_result", final_result): Verify element property value successfully

2022-11-22 16:31:54 - [MESSAGE][PASSED] - Verify element property value successfully]]></system-out>
         <system-err><![CDATA[]]></system-err>
      </testcase>
      <testcase name="Test Cases/Engine_Scoring/Engine Scoring" time="5.329" classname="Test Cases/Engine_Scoring/Engine Scoring" status="PASSED">
         <system-out><![CDATA[2022-11-22 16:31:54 - [TEST_CASE][PASSED] - Test Cases/Engine_Scoring/Engine Scoring: Test Cases/Engine_Scoring/Engine Scoring

2022-11-22 16:31:55 - [TEST_STEP][PASSED] - markPassed("Variasi data ke : " + no): Variasi data ke : 139

2022-11-22 16:31:55 - [MESSAGE][PASSED] - Variasi data ke : 139

2022-11-22 16:31:55 - [TEST_STEP][PASSED] - req_data = sendRequest(findTestObject("Search_ME", ["MID":MID, "source":source, "ip":ip, "userid":userid, "branch":branch, "tipekons":tipekons, "marital":marital, "penjamin":penjamin, ... ])): Send request successfully

2022-11-22 16:31:56 - [MESSAGE][INFO] - HAR: D:\DMS\Engine Scoring\Reports\20221122_162012\Exclude KKB - DS\Scoring Individu - KKB\20221122_162012\requests\main\276.har

2022-11-22 16:31:56 - [MESSAGE][PASSED] - Send request successfully

2022-11-22 16:31:56 - [TEST_STEP][PASSED] - slurper = new groovy.json.JsonSlurper(): null

2022-11-22 16:31:56 - [TEST_STEP][PASSED] - result = slurper.parseText(req_data.getResponseBodyContent()): null

2022-11-22 16:31:56 - [TEST_STEP][PASSED] - reqid_kons = requestid1: null

2022-11-22 16:31:56 - [TEST_STEP][PASSED] - reqid_spouse = requestid2: null

2022-11-22 16:31:56 - [TEST_STEP][PASSED] - println("requestid kons : " + reqid_kons): null

2022-11-22 16:31:56 - [TEST_STEP][PASSED] - response_searchME_kons = reqid_kons: null

2022-11-22 16:31:56 - [TEST_STEP][PASSED] - response_searchME_spouse = reqid_spouse: null

2022-11-22 16:31:56 - [TEST_STEP][PASSED] - println("kons req id is :" + response_searchME_kons): null

2022-11-22 16:31:56 - [TEST_STEP][PASSED] - println("spouse req id is : " + response_searchME_spouse): null

2022-11-22 16:31:56 - [TEST_STEP][PASSED] - verifyResponseStatusCode(req_data, 200): Verify response status code successfully

2022-11-22 16:31:56 - [MESSAGE][PASSED] - Verify response status code successfully

2022-11-22 16:31:56 - [TEST_STEP][PASSED] - response = req_data.getResponseText(): null

2022-11-22 16:31:56 - [TEST_STEP][PASSED] - logInfo($response): {"status":"Done","data":{"requestid1":"242262","requestid2":""}}

2022-11-22 16:31:56 - [MESSAGE][INFO] - {"status":"Done","data":{"requestid1":"242262","requestid2":""}}

2022-11-22 16:31:56 - [TEST_STEP][PASSED] - delay(3): Delayed 3 second(s)

2022-11-22 16:31:59 - [MESSAGE][PASSED] - Delayed 3 second(s)

2022-11-22 16:31:59 - [TEST_STEP][PASSED] - scoring = sendRequest(findTestObject("EngineScore", ["response_searchME_kons":response_searchME_kons, "response_searchME_spouse":response_searchME_spouse])): Send request successfully

2022-11-22 16:32:00 - [MESSAGE][INFO] - HAR: D:\DMS\Engine Scoring\Reports\20221122_162012\Exclude KKB - DS\Scoring Individu - KKB\20221122_162012\requests\main\277.har

2022-11-22 16:32:00 - [MESSAGE][PASSED] - Send request successfully

2022-11-22 16:32:00 - [TEST_STEP][PASSED] - verifyResponseStatusCode(scoring, 200): Verify response status code successfully

2022-11-22 16:32:00 - [MESSAGE][PASSED] - Verify response status code successfully

2022-11-22 16:32:00 - [TEST_STEP][PASSED] - response2 = scoring.getResponseText(): null

2022-11-22 16:32:00 - [TEST_STEP][PASSED] - markPassed("result service data ke : " + no): result service data ke : 139

2022-11-22 16:32:00 - [MESSAGE][PASSED] - result service data ke : 139

2022-11-22 16:32:00 - [TEST_STEP][PASSED] - logInfo($response2): {"result_konsumen":"Approve","result_pasangan":"","Final_result":"Approve","errorMessage":"","status":"Done"}

2022-11-22 16:32:00 - [MESSAGE][INFO] - {"result_konsumen":"Approve","result_pasangan":"","Final_result":"Approve","errorMessage":"","status":"Done"}

2022-11-22 16:32:00 - [TEST_STEP][PASSED] - verifyElementPropertyValue(scoring, "Final_result", final_result): Verify element property value successfully

2022-11-22 16:32:00 - [MESSAGE][PASSED] - Verify element property value successfully]]></system-out>
         <system-err><![CDATA[]]></system-err>
      </testcase>
      <testcase name="Test Cases/Engine_Scoring/Engine Scoring" time="5.343" classname="Test Cases/Engine_Scoring/Engine Scoring" status="PASSED">
         <system-out><![CDATA[2022-11-22 16:32:00 - [TEST_CASE][PASSED] - Test Cases/Engine_Scoring/Engine Scoring: Test Cases/Engine_Scoring/Engine Scoring

2022-11-22 16:32:01 - [TEST_STEP][PASSED] - markPassed("Variasi data ke : " + no): Variasi data ke : 140

2022-11-22 16:32:01 - [MESSAGE][PASSED] - Variasi data ke : 140

2022-11-22 16:32:01 - [TEST_STEP][PASSED] - req_data = sendRequest(findTestObject("Search_ME", ["MID":MID, "source":source, "ip":ip, "userid":userid, "branch":branch, "tipekons":tipekons, "marital":marital, "penjamin":penjamin, ... ])): Send request successfully

2022-11-22 16:32:02 - [MESSAGE][INFO] - HAR: D:\DMS\Engine Scoring\Reports\20221122_162012\Exclude KKB - DS\Scoring Individu - KKB\20221122_162012\requests\main\278.har

2022-11-22 16:32:02 - [MESSAGE][PASSED] - Send request successfully

2022-11-22 16:32:02 - [TEST_STEP][PASSED] - slurper = new groovy.json.JsonSlurper(): null

2022-11-22 16:32:02 - [TEST_STEP][PASSED] - result = slurper.parseText(req_data.getResponseBodyContent()): null

2022-11-22 16:32:02 - [TEST_STEP][PASSED] - reqid_kons = requestid1: null

2022-11-22 16:32:02 - [TEST_STEP][PASSED] - reqid_spouse = requestid2: null

2022-11-22 16:32:02 - [TEST_STEP][PASSED] - println("requestid kons : " + reqid_kons): null

2022-11-22 16:32:02 - [TEST_STEP][PASSED] - response_searchME_kons = reqid_kons: null

2022-11-22 16:32:02 - [TEST_STEP][PASSED] - response_searchME_spouse = reqid_spouse: null

2022-11-22 16:32:02 - [TEST_STEP][PASSED] - println("kons req id is :" + response_searchME_kons): null

2022-11-22 16:32:02 - [TEST_STEP][PASSED] - println("spouse req id is : " + response_searchME_spouse): null

2022-11-22 16:32:02 - [TEST_STEP][PASSED] - verifyResponseStatusCode(req_data, 200): Verify response status code successfully

2022-11-22 16:32:02 - [MESSAGE][PASSED] - Verify response status code successfully

2022-11-22 16:32:02 - [TEST_STEP][PASSED] - response = req_data.getResponseText(): null

2022-11-22 16:32:02 - [TEST_STEP][PASSED] - logInfo($response): {"status":"Done","data":{"requestid1":"242263","requestid2":""}}

2022-11-22 16:32:02 - [MESSAGE][INFO] - {"status":"Done","data":{"requestid1":"242263","requestid2":""}}

2022-11-22 16:32:02 - [TEST_STEP][PASSED] - delay(3): Delayed 3 second(s)

2022-11-22 16:32:05 - [MESSAGE][PASSED] - Delayed 3 second(s)

2022-11-22 16:32:05 - [TEST_STEP][PASSED] - scoring = sendRequest(findTestObject("EngineScore", ["response_searchME_kons":response_searchME_kons, "response_searchME_spouse":response_searchME_spouse])): Send request successfully

2022-11-22 16:32:05 - [MESSAGE][INFO] - HAR: D:\DMS\Engine Scoring\Reports\20221122_162012\Exclude KKB - DS\Scoring Individu - KKB\20221122_162012\requests\main\279.har

2022-11-22 16:32:05 - [MESSAGE][PASSED] - Send request successfully

2022-11-22 16:32:05 - [TEST_STEP][PASSED] - verifyResponseStatusCode(scoring, 200): Verify response status code successfully

2022-11-22 16:32:05 - [MESSAGE][PASSED] - Verify response status code successfully

2022-11-22 16:32:05 - [TEST_STEP][PASSED] - response2 = scoring.getResponseText(): null

2022-11-22 16:32:05 - [TEST_STEP][PASSED] - markPassed("result service data ke : " + no): result service data ke : 140

2022-11-22 16:32:05 - [MESSAGE][PASSED] - result service data ke : 140

2022-11-22 16:32:05 - [TEST_STEP][PASSED] - logInfo($response2): {"result_konsumen":"Approve","result_pasangan":"","Final_result":"Approve","errorMessage":"","status":"Done"}

2022-11-22 16:32:05 - [MESSAGE][INFO] - {"result_konsumen":"Approve","result_pasangan":"","Final_result":"Approve","errorMessage":"","status":"Done"}

2022-11-22 16:32:05 - [TEST_STEP][PASSED] - verifyElementPropertyValue(scoring, "Final_result", final_result): Verify element property value successfully

2022-11-22 16:32:05 - [MESSAGE][PASSED] - Verify element property value successfully]]></system-out>
         <system-err><![CDATA[]]></system-err>
      </testcase>
      <testcase name="Test Cases/Engine_Scoring/Engine Scoring" time="5.357" classname="Test Cases/Engine_Scoring/Engine Scoring" status="PASSED">
         <system-out><![CDATA[2022-11-22 16:32:05 - [TEST_CASE][PASSED] - Test Cases/Engine_Scoring/Engine Scoring: Test Cases/Engine_Scoring/Engine Scoring

2022-11-22 16:32:06 - [TEST_STEP][PASSED] - markPassed("Variasi data ke : " + no): Variasi data ke : 141

2022-11-22 16:32:06 - [MESSAGE][PASSED] - Variasi data ke : 141

2022-11-22 16:32:06 - [TEST_STEP][PASSED] - req_data = sendRequest(findTestObject("Search_ME", ["MID":MID, "source":source, "ip":ip, "userid":userid, "branch":branch, "tipekons":tipekons, "marital":marital, "penjamin":penjamin, ... ])): Send request successfully

2022-11-22 16:32:07 - [MESSAGE][INFO] - HAR: D:\DMS\Engine Scoring\Reports\20221122_162012\Exclude KKB - DS\Scoring Individu - KKB\20221122_162012\requests\main\280.har

2022-11-22 16:32:07 - [MESSAGE][PASSED] - Send request successfully

2022-11-22 16:32:07 - [TEST_STEP][PASSED] - slurper = new groovy.json.JsonSlurper(): null

2022-11-22 16:32:07 - [TEST_STEP][PASSED] - result = slurper.parseText(req_data.getResponseBodyContent()): null

2022-11-22 16:32:07 - [TEST_STEP][PASSED] - reqid_kons = requestid1: null

2022-11-22 16:32:07 - [TEST_STEP][PASSED] - reqid_spouse = requestid2: null

2022-11-22 16:32:07 - [TEST_STEP][PASSED] - println("requestid kons : " + reqid_kons): null

2022-11-22 16:32:07 - [TEST_STEP][PASSED] - response_searchME_kons = reqid_kons: null

2022-11-22 16:32:07 - [TEST_STEP][PASSED] - response_searchME_spouse = reqid_spouse: null

2022-11-22 16:32:07 - [TEST_STEP][PASSED] - println("kons req id is :" + response_searchME_kons): null

2022-11-22 16:32:07 - [TEST_STEP][PASSED] - println("spouse req id is : " + response_searchME_spouse): null

2022-11-22 16:32:07 - [TEST_STEP][PASSED] - verifyResponseStatusCode(req_data, 200): Verify response status code successfully

2022-11-22 16:32:07 - [MESSAGE][PASSED] - Verify response status code successfully

2022-11-22 16:32:07 - [TEST_STEP][PASSED] - response = req_data.getResponseText(): null

2022-11-22 16:32:07 - [TEST_STEP][PASSED] - logInfo($response): {"status":"Done","data":{"requestid1":"242264","requestid2":""}}

2022-11-22 16:32:07 - [MESSAGE][INFO] - {"status":"Done","data":{"requestid1":"242264","requestid2":""}}

2022-11-22 16:32:07 - [TEST_STEP][PASSED] - delay(3): Delayed 3 second(s)

2022-11-22 16:32:10 - [MESSAGE][PASSED] - Delayed 3 second(s)

2022-11-22 16:32:10 - [TEST_STEP][PASSED] - scoring = sendRequest(findTestObject("EngineScore", ["response_searchME_kons":response_searchME_kons, "response_searchME_spouse":response_searchME_spouse])): Send request successfully

2022-11-22 16:32:10 - [MESSAGE][INFO] - HAR: D:\DMS\Engine Scoring\Reports\20221122_162012\Exclude KKB - DS\Scoring Individu - KKB\20221122_162012\requests\main\281.har

2022-11-22 16:32:10 - [MESSAGE][PASSED] - Send request successfully

2022-11-22 16:32:10 - [TEST_STEP][PASSED] - verifyResponseStatusCode(scoring, 200): Verify response status code successfully

2022-11-22 16:32:10 - [MESSAGE][PASSED] - Verify response status code successfully

2022-11-22 16:32:10 - [TEST_STEP][PASSED] - response2 = scoring.getResponseText(): null

2022-11-22 16:32:10 - [TEST_STEP][PASSED] - markPassed("result service data ke : " + no): result service data ke : 141

2022-11-22 16:32:10 - [MESSAGE][PASSED] - result service data ke : 141

2022-11-22 16:32:10 - [TEST_STEP][PASSED] - logInfo($response2): {"result_konsumen":"Reject","result_pasangan":"","Final_result":"Reject","errorMessage":"","status":"Done"}

2022-11-22 16:32:10 - [MESSAGE][INFO] - {"result_konsumen":"Reject","result_pasangan":"","Final_result":"Reject","errorMessage":"","status":"Done"}

2022-11-22 16:32:10 - [TEST_STEP][PASSED] - verifyElementPropertyValue(scoring, "Final_result", final_result): Verify element property value successfully

2022-11-22 16:32:10 - [MESSAGE][PASSED] - Verify element property value successfully]]></system-out>
         <system-err><![CDATA[]]></system-err>
      </testcase>
      <testcase name="Test Cases/Engine_Scoring/Engine Scoring" time="5.332" classname="Test Cases/Engine_Scoring/Engine Scoring" status="PASSED">
         <system-out><![CDATA[2022-11-22 16:32:10 - [TEST_CASE][PASSED] - Test Cases/Engine_Scoring/Engine Scoring: Test Cases/Engine_Scoring/Engine Scoring

2022-11-22 16:32:12 - [TEST_STEP][PASSED] - markPassed("Variasi data ke : " + no): Variasi data ke : 142

2022-11-22 16:32:12 - [MESSAGE][PASSED] - Variasi data ke : 142

2022-11-22 16:32:12 - [TEST_STEP][PASSED] - req_data = sendRequest(findTestObject("Search_ME", ["MID":MID, "source":source, "ip":ip, "userid":userid, "branch":branch, "tipekons":tipekons, "marital":marital, "penjamin":penjamin, ... ])): Send request successfully

2022-11-22 16:32:13 - [MESSAGE][INFO] - HAR: D:\DMS\Engine Scoring\Reports\20221122_162012\Exclude KKB - DS\Scoring Individu - KKB\20221122_162012\requests\main\282.har

2022-11-22 16:32:13 - [MESSAGE][PASSED] - Send request successfully

2022-11-22 16:32:13 - [TEST_STEP][PASSED] - slurper = new groovy.json.JsonSlurper(): null

2022-11-22 16:32:13 - [TEST_STEP][PASSED] - result = slurper.parseText(req_data.getResponseBodyContent()): null

2022-11-22 16:32:13 - [TEST_STEP][PASSED] - reqid_kons = requestid1: null

2022-11-22 16:32:13 - [TEST_STEP][PASSED] - reqid_spouse = requestid2: null

2022-11-22 16:32:13 - [TEST_STEP][PASSED] - println("requestid kons : " + reqid_kons): null

2022-11-22 16:32:13 - [TEST_STEP][PASSED] - response_searchME_kons = reqid_kons: null

2022-11-22 16:32:13 - [TEST_STEP][PASSED] - response_searchME_spouse = reqid_spouse: null

2022-11-22 16:32:13 - [TEST_STEP][PASSED] - println("kons req id is :" + response_searchME_kons): null

2022-11-22 16:32:13 - [TEST_STEP][PASSED] - println("spouse req id is : " + response_searchME_spouse): null

2022-11-22 16:32:13 - [TEST_STEP][PASSED] - verifyResponseStatusCode(req_data, 200): Verify response status code successfully

2022-11-22 16:32:13 - [MESSAGE][PASSED] - Verify response status code successfully

2022-11-22 16:32:13 - [TEST_STEP][PASSED] - response = req_data.getResponseText(): null

2022-11-22 16:32:13 - [TEST_STEP][PASSED] - logInfo($response): {"status":"Done","data":{"requestid1":"242265","requestid2":""}}

2022-11-22 16:32:13 - [MESSAGE][INFO] - {"status":"Done","data":{"requestid1":"242265","requestid2":""}}

2022-11-22 16:32:13 - [TEST_STEP][PASSED] - delay(3): Delayed 3 second(s)

2022-11-22 16:32:16 - [MESSAGE][PASSED] - Delayed 3 second(s)

2022-11-22 16:32:16 - [TEST_STEP][PASSED] - scoring = sendRequest(findTestObject("EngineScore", ["response_searchME_kons":response_searchME_kons, "response_searchME_spouse":response_searchME_spouse])): Send request successfully

2022-11-22 16:32:16 - [MESSAGE][INFO] - HAR: D:\DMS\Engine Scoring\Reports\20221122_162012\Exclude KKB - DS\Scoring Individu - KKB\20221122_162012\requests\main\283.har

2022-11-22 16:32:16 - [MESSAGE][PASSED] - Send request successfully

2022-11-22 16:32:16 - [TEST_STEP][PASSED] - verifyResponseStatusCode(scoring, 200): Verify response status code successfully

2022-11-22 16:32:16 - [MESSAGE][PASSED] - Verify response status code successfully

2022-11-22 16:32:16 - [TEST_STEP][PASSED] - response2 = scoring.getResponseText(): null

2022-11-22 16:32:16 - [TEST_STEP][PASSED] - markPassed("result service data ke : " + no): result service data ke : 142

2022-11-22 16:32:16 - [MESSAGE][PASSED] - result service data ke : 142

2022-11-22 16:32:16 - [TEST_STEP][PASSED] - logInfo($response2): {"result_konsumen":"Reject","result_pasangan":"","Final_result":"Reject","errorMessage":"","status":"Done"}

2022-11-22 16:32:16 - [MESSAGE][INFO] - {"result_konsumen":"Reject","result_pasangan":"","Final_result":"Reject","errorMessage":"","status":"Done"}

2022-11-22 16:32:16 - [TEST_STEP][PASSED] - verifyElementPropertyValue(scoring, "Final_result", final_result): Verify element property value successfully

2022-11-22 16:32:16 - [MESSAGE][PASSED] - Verify element property value successfully]]></system-out>
         <system-err><![CDATA[]]></system-err>
      </testcase>
      <testcase name="Test Cases/Engine_Scoring/Engine Scoring" time="5.532" classname="Test Cases/Engine_Scoring/Engine Scoring" status="PASSED">
         <system-out><![CDATA[2022-11-22 16:32:16 - [TEST_CASE][PASSED] - Test Cases/Engine_Scoring/Engine Scoring: Test Cases/Engine_Scoring/Engine Scoring

2022-11-22 16:32:17 - [TEST_STEP][PASSED] - markPassed("Variasi data ke : " + no): Variasi data ke : 143

2022-11-22 16:32:17 - [MESSAGE][PASSED] - Variasi data ke : 143

2022-11-22 16:32:17 - [TEST_STEP][PASSED] - req_data = sendRequest(findTestObject("Search_ME", ["MID":MID, "source":source, "ip":ip, "userid":userid, "branch":branch, "tipekons":tipekons, "marital":marital, "penjamin":penjamin, ... ])): Send request successfully

2022-11-22 16:32:18 - [MESSAGE][INFO] - HAR: D:\DMS\Engine Scoring\Reports\20221122_162012\Exclude KKB - DS\Scoring Individu - KKB\20221122_162012\requests\main\284.har

2022-11-22 16:32:18 - [MESSAGE][PASSED] - Send request successfully

2022-11-22 16:32:18 - [TEST_STEP][PASSED] - slurper = new groovy.json.JsonSlurper(): null

2022-11-22 16:32:18 - [TEST_STEP][PASSED] - result = slurper.parseText(req_data.getResponseBodyContent()): null

2022-11-22 16:32:18 - [TEST_STEP][PASSED] - reqid_kons = requestid1: null

2022-11-22 16:32:18 - [TEST_STEP][PASSED] - reqid_spouse = requestid2: null

2022-11-22 16:32:18 - [TEST_STEP][PASSED] - println("requestid kons : " + reqid_kons): null

2022-11-22 16:32:18 - [TEST_STEP][PASSED] - response_searchME_kons = reqid_kons: null

2022-11-22 16:32:18 - [TEST_STEP][PASSED] - response_searchME_spouse = reqid_spouse: null

2022-11-22 16:32:18 - [TEST_STEP][PASSED] - println("kons req id is :" + response_searchME_kons): null

2022-11-22 16:32:18 - [TEST_STEP][PASSED] - println("spouse req id is : " + response_searchME_spouse): null

2022-11-22 16:32:18 - [TEST_STEP][PASSED] - verifyResponseStatusCode(req_data, 200): Verify response status code successfully

2022-11-22 16:32:18 - [MESSAGE][PASSED] - Verify response status code successfully

2022-11-22 16:32:18 - [TEST_STEP][PASSED] - response = req_data.getResponseText(): null

2022-11-22 16:32:18 - [TEST_STEP][PASSED] - logInfo($response): {"status":"Done","data":{"requestid1":"242266","requestid2":""}}

2022-11-22 16:32:18 - [MESSAGE][INFO] - {"status":"Done","data":{"requestid1":"242266","requestid2":""}}

2022-11-22 16:32:18 - [TEST_STEP][PASSED] - delay(3): Delayed 3 second(s)

2022-11-22 16:32:21 - [MESSAGE][PASSED] - Delayed 3 second(s)

2022-11-22 16:32:21 - [TEST_STEP][PASSED] - scoring = sendRequest(findTestObject("EngineScore", ["response_searchME_kons":response_searchME_kons, "response_searchME_spouse":response_searchME_spouse])): Send request successfully

2022-11-22 16:32:21 - [MESSAGE][INFO] - HAR: D:\DMS\Engine Scoring\Reports\20221122_162012\Exclude KKB - DS\Scoring Individu - KKB\20221122_162012\requests\main\285.har

2022-11-22 16:32:21 - [MESSAGE][PASSED] - Send request successfully

2022-11-22 16:32:21 - [TEST_STEP][PASSED] - verifyResponseStatusCode(scoring, 200): Verify response status code successfully

2022-11-22 16:32:21 - [MESSAGE][PASSED] - Verify response status code successfully

2022-11-22 16:32:21 - [TEST_STEP][PASSED] - response2 = scoring.getResponseText(): null

2022-11-22 16:32:21 - [TEST_STEP][PASSED] - markPassed("result service data ke : " + no): result service data ke : 143

2022-11-22 16:32:21 - [MESSAGE][PASSED] - result service data ke : 143

2022-11-22 16:32:21 - [TEST_STEP][PASSED] - logInfo($response2): {"result_konsumen":"Reject","result_pasangan":"","Final_result":"Reject","errorMessage":"","status":"Done"}

2022-11-22 16:32:21 - [MESSAGE][INFO] - {"result_konsumen":"Reject","result_pasangan":"","Final_result":"Reject","errorMessage":"","status":"Done"}

2022-11-22 16:32:21 - [TEST_STEP][PASSED] - verifyElementPropertyValue(scoring, "Final_result", final_result): Verify element property value successfully

2022-11-22 16:32:21 - [MESSAGE][PASSED] - Verify element property value successfully]]></system-out>
         <system-err><![CDATA[]]></system-err>
      </testcase>
      <testcase name="Test Cases/Engine_Scoring/Engine Scoring" time="5.54" classname="Test Cases/Engine_Scoring/Engine Scoring" status="PASSED">
         <system-out><![CDATA[2022-11-22 16:32:21 - [TEST_CASE][PASSED] - Test Cases/Engine_Scoring/Engine Scoring: Test Cases/Engine_Scoring/Engine Scoring

2022-11-22 16:32:23 - [TEST_STEP][PASSED] - markPassed("Variasi data ke : " + no): Variasi data ke : 144

2022-11-22 16:32:23 - [MESSAGE][PASSED] - Variasi data ke : 144

2022-11-22 16:32:23 - [TEST_STEP][PASSED] - req_data = sendRequest(findTestObject("Search_ME", ["MID":MID, "source":source, "ip":ip, "userid":userid, "branch":branch, "tipekons":tipekons, "marital":marital, "penjamin":penjamin, ... ])): Send request successfully

2022-11-22 16:32:24 - [MESSAGE][INFO] - HAR: D:\DMS\Engine Scoring\Reports\20221122_162012\Exclude KKB - DS\Scoring Individu - KKB\20221122_162012\requests\main\286.har

2022-11-22 16:32:24 - [MESSAGE][PASSED] - Send request successfully

2022-11-22 16:32:24 - [TEST_STEP][PASSED] - slurper = new groovy.json.JsonSlurper(): null

2022-11-22 16:32:24 - [TEST_STEP][PASSED] - result = slurper.parseText(req_data.getResponseBodyContent()): null

2022-11-22 16:32:24 - [TEST_STEP][PASSED] - reqid_kons = requestid1: null

2022-11-22 16:32:24 - [TEST_STEP][PASSED] - reqid_spouse = requestid2: null

2022-11-22 16:32:24 - [TEST_STEP][PASSED] - println("requestid kons : " + reqid_kons): null

2022-11-22 16:32:24 - [TEST_STEP][PASSED] - response_searchME_kons = reqid_kons: null

2022-11-22 16:32:24 - [TEST_STEP][PASSED] - response_searchME_spouse = reqid_spouse: null

2022-11-22 16:32:24 - [TEST_STEP][PASSED] - println("kons req id is :" + response_searchME_kons): null

2022-11-22 16:32:24 - [TEST_STEP][PASSED] - println("spouse req id is : " + response_searchME_spouse): null

2022-11-22 16:32:24 - [TEST_STEP][PASSED] - verifyResponseStatusCode(req_data, 200): Verify response status code successfully

2022-11-22 16:32:24 - [MESSAGE][PASSED] - Verify response status code successfully

2022-11-22 16:32:24 - [TEST_STEP][PASSED] - response = req_data.getResponseText(): null

2022-11-22 16:32:24 - [TEST_STEP][PASSED] - logInfo($response): {"status":"Done","data":{"requestid1":"242267","requestid2":""}}

2022-11-22 16:32:24 - [MESSAGE][INFO] - {"status":"Done","data":{"requestid1":"242267","requestid2":""}}

2022-11-22 16:32:24 - [TEST_STEP][PASSED] - delay(3): Delayed 3 second(s)

2022-11-22 16:32:27 - [MESSAGE][PASSED] - Delayed 3 second(s)

2022-11-22 16:32:27 - [TEST_STEP][PASSED] - scoring = sendRequest(findTestObject("EngineScore", ["response_searchME_kons":response_searchME_kons, "response_searchME_spouse":response_searchME_spouse])): Send request successfully

2022-11-22 16:32:27 - [MESSAGE][INFO] - HAR: D:\DMS\Engine Scoring\Reports\20221122_162012\Exclude KKB - DS\Scoring Individu - KKB\20221122_162012\requests\main\287.har

2022-11-22 16:32:27 - [MESSAGE][PASSED] - Send request successfully

2022-11-22 16:32:27 - [TEST_STEP][PASSED] - verifyResponseStatusCode(scoring, 200): Verify response status code successfully

2022-11-22 16:32:27 - [MESSAGE][PASSED] - Verify response status code successfully

2022-11-22 16:32:27 - [TEST_STEP][PASSED] - response2 = scoring.getResponseText(): null

2022-11-22 16:32:27 - [TEST_STEP][PASSED] - markPassed("result service data ke : " + no): result service data ke : 144

2022-11-22 16:32:27 - [MESSAGE][PASSED] - result service data ke : 144

2022-11-22 16:32:27 - [TEST_STEP][PASSED] - logInfo($response2): {"result_konsumen":"Reject","result_pasangan":"","Final_result":"Reject","errorMessage":"","status":"Done"}

2022-11-22 16:32:27 - [MESSAGE][INFO] - {"result_konsumen":"Reject","result_pasangan":"","Final_result":"Reject","errorMessage":"","status":"Done"}

2022-11-22 16:32:27 - [TEST_STEP][PASSED] - verifyElementPropertyValue(scoring, "Final_result", final_result): Verify element property value successfully

2022-11-22 16:32:27 - [MESSAGE][PASSED] - Verify element property value successfully]]></system-out>
         <system-err><![CDATA[]]></system-err>
      </testcase>
      <testcase name="Test Cases/Engine_Scoring/Engine Scoring" time="5.504" classname="Test Cases/Engine_Scoring/Engine Scoring" status="PASSED">
         <system-out><![CDATA[2022-11-22 16:32:27 - [TEST_CASE][PASSED] - Test Cases/Engine_Scoring/Engine Scoring: Test Cases/Engine_Scoring/Engine Scoring

2022-11-22 16:32:28 - [TEST_STEP][PASSED] - markPassed("Variasi data ke : " + no): Variasi data ke : 145

2022-11-22 16:32:28 - [MESSAGE][PASSED] - Variasi data ke : 145

2022-11-22 16:32:28 - [TEST_STEP][PASSED] - req_data = sendRequest(findTestObject("Search_ME", ["MID":MID, "source":source, "ip":ip, "userid":userid, "branch":branch, "tipekons":tipekons, "marital":marital, "penjamin":penjamin, ... ])): Send request successfully

2022-11-22 16:32:29 - [MESSAGE][INFO] - HAR: D:\DMS\Engine Scoring\Reports\20221122_162012\Exclude KKB - DS\Scoring Individu - KKB\20221122_162012\requests\main\288.har

2022-11-22 16:32:29 - [MESSAGE][PASSED] - Send request successfully

2022-11-22 16:32:29 - [TEST_STEP][PASSED] - slurper = new groovy.json.JsonSlurper(): null

2022-11-22 16:32:29 - [TEST_STEP][PASSED] - result = slurper.parseText(req_data.getResponseBodyContent()): null

2022-11-22 16:32:29 - [TEST_STEP][PASSED] - reqid_kons = requestid1: null

2022-11-22 16:32:29 - [TEST_STEP][PASSED] - reqid_spouse = requestid2: null

2022-11-22 16:32:29 - [TEST_STEP][PASSED] - println("requestid kons : " + reqid_kons): null

2022-11-22 16:32:29 - [TEST_STEP][PASSED] - response_searchME_kons = reqid_kons: null

2022-11-22 16:32:29 - [TEST_STEP][PASSED] - response_searchME_spouse = reqid_spouse: null

2022-11-22 16:32:29 - [TEST_STEP][PASSED] - println("kons req id is :" + response_searchME_kons): null

2022-11-22 16:32:29 - [TEST_STEP][PASSED] - println("spouse req id is : " + response_searchME_spouse): null

2022-11-22 16:32:29 - [TEST_STEP][PASSED] - verifyResponseStatusCode(req_data, 200): Verify response status code successfully

2022-11-22 16:32:29 - [MESSAGE][PASSED] - Verify response status code successfully

2022-11-22 16:32:29 - [TEST_STEP][PASSED] - response = req_data.getResponseText(): null

2022-11-22 16:32:29 - [TEST_STEP][PASSED] - logInfo($response): {"status":"Done","data":{"requestid1":"242268","requestid2":""}}

2022-11-22 16:32:29 - [MESSAGE][INFO] - {"status":"Done","data":{"requestid1":"242268","requestid2":""}}

2022-11-22 16:32:29 - [TEST_STEP][PASSED] - delay(3): Delayed 3 second(s)

2022-11-22 16:32:32 - [MESSAGE][PASSED] - Delayed 3 second(s)

2022-11-22 16:32:32 - [TEST_STEP][PASSED] - scoring = sendRequest(findTestObject("EngineScore", ["response_searchME_kons":response_searchME_kons, "response_searchME_spouse":response_searchME_spouse])): Send request successfully

2022-11-22 16:32:32 - [MESSAGE][INFO] - HAR: D:\DMS\Engine Scoring\Reports\20221122_162012\Exclude KKB - DS\Scoring Individu - KKB\20221122_162012\requests\main\289.har

2022-11-22 16:32:32 - [MESSAGE][PASSED] - Send request successfully

2022-11-22 16:32:32 - [TEST_STEP][PASSED] - verifyResponseStatusCode(scoring, 200): Verify response status code successfully

2022-11-22 16:32:32 - [MESSAGE][PASSED] - Verify response status code successfully

2022-11-22 16:32:32 - [TEST_STEP][PASSED] - response2 = scoring.getResponseText(): null

2022-11-22 16:32:32 - [TEST_STEP][PASSED] - markPassed("result service data ke : " + no): result service data ke : 145

2022-11-22 16:32:32 - [MESSAGE][PASSED] - result service data ke : 145

2022-11-22 16:32:32 - [TEST_STEP][PASSED] - logInfo($response2): {"result_konsumen":"Approve","result_pasangan":"","Final_result":"Approve","errorMessage":"","status":"Done"}

2022-11-22 16:32:32 - [MESSAGE][INFO] - {"result_konsumen":"Approve","result_pasangan":"","Final_result":"Approve","errorMessage":"","status":"Done"}

2022-11-22 16:32:32 - [TEST_STEP][PASSED] - verifyElementPropertyValue(scoring, "Final_result", final_result): Verify element property value successfully

2022-11-22 16:32:32 - [MESSAGE][PASSED] - Verify element property value successfully]]></system-out>
         <system-err><![CDATA[]]></system-err>
      </testcase>
      <testcase name="Test Cases/Engine_Scoring/Engine Scoring" time="5.33" classname="Test Cases/Engine_Scoring/Engine Scoring" status="PASSED">
         <system-out><![CDATA[2022-11-22 16:32:33 - [TEST_CASE][PASSED] - Test Cases/Engine_Scoring/Engine Scoring: Test Cases/Engine_Scoring/Engine Scoring

2022-11-22 16:32:34 - [TEST_STEP][PASSED] - markPassed("Variasi data ke : " + no): Variasi data ke : 146

2022-11-22 16:32:34 - [MESSAGE][PASSED] - Variasi data ke : 146

2022-11-22 16:32:34 - [TEST_STEP][PASSED] - req_data = sendRequest(findTestObject("Search_ME", ["MID":MID, "source":source, "ip":ip, "userid":userid, "branch":branch, "tipekons":tipekons, "marital":marital, "penjamin":penjamin, ... ])): Send request successfully

2022-11-22 16:32:35 - [MESSAGE][INFO] - HAR: D:\DMS\Engine Scoring\Reports\20221122_162012\Exclude KKB - DS\Scoring Individu - KKB\20221122_162012\requests\main\290.har

2022-11-22 16:32:35 - [MESSAGE][PASSED] - Send request successfully

2022-11-22 16:32:35 - [TEST_STEP][PASSED] - slurper = new groovy.json.JsonSlurper(): null

2022-11-22 16:32:35 - [TEST_STEP][PASSED] - result = slurper.parseText(req_data.getResponseBodyContent()): null

2022-11-22 16:32:35 - [TEST_STEP][PASSED] - reqid_kons = requestid1: null

2022-11-22 16:32:35 - [TEST_STEP][PASSED] - reqid_spouse = requestid2: null

2022-11-22 16:32:35 - [TEST_STEP][PASSED] - println("requestid kons : " + reqid_kons): null

2022-11-22 16:32:35 - [TEST_STEP][PASSED] - response_searchME_kons = reqid_kons: null

2022-11-22 16:32:35 - [TEST_STEP][PASSED] - response_searchME_spouse = reqid_spouse: null

2022-11-22 16:32:35 - [TEST_STEP][PASSED] - println("kons req id is :" + response_searchME_kons): null

2022-11-22 16:32:35 - [TEST_STEP][PASSED] - println("spouse req id is : " + response_searchME_spouse): null

2022-11-22 16:32:35 - [TEST_STEP][PASSED] - verifyResponseStatusCode(req_data, 200): Verify response status code successfully

2022-11-22 16:32:35 - [MESSAGE][PASSED] - Verify response status code successfully

2022-11-22 16:32:35 - [TEST_STEP][PASSED] - response = req_data.getResponseText(): null

2022-11-22 16:32:35 - [TEST_STEP][PASSED] - logInfo($response): {"status":"Done","data":{"requestid1":"242269","requestid2":""}}

2022-11-22 16:32:35 - [MESSAGE][INFO] - {"status":"Done","data":{"requestid1":"242269","requestid2":""}}

2022-11-22 16:32:35 - [TEST_STEP][PASSED] - delay(3): Delayed 3 second(s)

2022-11-22 16:32:38 - [MESSAGE][PASSED] - Delayed 3 second(s)

2022-11-22 16:32:38 - [TEST_STEP][PASSED] - scoring = sendRequest(findTestObject("EngineScore", ["response_searchME_kons":response_searchME_kons, "response_searchME_spouse":response_searchME_spouse])): Send request successfully

2022-11-22 16:32:38 - [MESSAGE][INFO] - HAR: D:\DMS\Engine Scoring\Reports\20221122_162012\Exclude KKB - DS\Scoring Individu - KKB\20221122_162012\requests\main\291.har

2022-11-22 16:32:38 - [MESSAGE][PASSED] - Send request successfully

2022-11-22 16:32:38 - [TEST_STEP][PASSED] - verifyResponseStatusCode(scoring, 200): Verify response status code successfully

2022-11-22 16:32:38 - [MESSAGE][PASSED] - Verify response status code successfully

2022-11-22 16:32:38 - [TEST_STEP][PASSED] - response2 = scoring.getResponseText(): null

2022-11-22 16:32:38 - [TEST_STEP][PASSED] - markPassed("result service data ke : " + no): result service data ke : 146

2022-11-22 16:32:38 - [MESSAGE][PASSED] - result service data ke : 146

2022-11-22 16:32:38 - [TEST_STEP][PASSED] - logInfo($response2): {"result_konsumen":"Approve","result_pasangan":"","Final_result":"Approve","errorMessage":"","status":"Done"}

2022-11-22 16:32:38 - [MESSAGE][INFO] - {"result_konsumen":"Approve","result_pasangan":"","Final_result":"Approve","errorMessage":"","status":"Done"}

2022-11-22 16:32:38 - [TEST_STEP][PASSED] - verifyElementPropertyValue(scoring, "Final_result", final_result): Verify element property value successfully

2022-11-22 16:32:38 - [MESSAGE][PASSED] - Verify element property value successfully]]></system-out>
         <system-err><![CDATA[]]></system-err>
      </testcase>
      <testcase name="Test Cases/Engine_Scoring/Engine Scoring" time="5.38" classname="Test Cases/Engine_Scoring/Engine Scoring" status="PASSED">
         <system-out><![CDATA[2022-11-22 16:32:38 - [TEST_CASE][PASSED] - Test Cases/Engine_Scoring/Engine Scoring: Test Cases/Engine_Scoring/Engine Scoring

2022-11-22 16:32:39 - [TEST_STEP][PASSED] - markPassed("Variasi data ke : " + no): Variasi data ke : 147

2022-11-22 16:32:39 - [MESSAGE][PASSED] - Variasi data ke : 147

2022-11-22 16:32:39 - [TEST_STEP][PASSED] - req_data = sendRequest(findTestObject("Search_ME", ["MID":MID, "source":source, "ip":ip, "userid":userid, "branch":branch, "tipekons":tipekons, "marital":marital, "penjamin":penjamin, ... ])): Send request successfully

2022-11-22 16:32:40 - [MESSAGE][INFO] - HAR: D:\DMS\Engine Scoring\Reports\20221122_162012\Exclude KKB - DS\Scoring Individu - KKB\20221122_162012\requests\main\292.har

2022-11-22 16:32:40 - [MESSAGE][PASSED] - Send request successfully

2022-11-22 16:32:40 - [TEST_STEP][PASSED] - slurper = new groovy.json.JsonSlurper(): null

2022-11-22 16:32:40 - [TEST_STEP][PASSED] - result = slurper.parseText(req_data.getResponseBodyContent()): null

2022-11-22 16:32:40 - [TEST_STEP][PASSED] - reqid_kons = requestid1: null

2022-11-22 16:32:40 - [TEST_STEP][PASSED] - reqid_spouse = requestid2: null

2022-11-22 16:32:40 - [TEST_STEP][PASSED] - println("requestid kons : " + reqid_kons): null

2022-11-22 16:32:40 - [TEST_STEP][PASSED] - response_searchME_kons = reqid_kons: null

2022-11-22 16:32:40 - [TEST_STEP][PASSED] - response_searchME_spouse = reqid_spouse: null

2022-11-22 16:32:40 - [TEST_STEP][PASSED] - println("kons req id is :" + response_searchME_kons): null

2022-11-22 16:32:40 - [TEST_STEP][PASSED] - println("spouse req id is : " + response_searchME_spouse): null

2022-11-22 16:32:40 - [TEST_STEP][PASSED] - verifyResponseStatusCode(req_data, 200): Verify response status code successfully

2022-11-22 16:32:40 - [MESSAGE][PASSED] - Verify response status code successfully

2022-11-22 16:32:40 - [TEST_STEP][PASSED] - response = req_data.getResponseText(): null

2022-11-22 16:32:40 - [TEST_STEP][PASSED] - logInfo($response): {"status":"Done","data":{"requestid1":"242270","requestid2":""}}

2022-11-22 16:32:40 - [MESSAGE][INFO] - {"status":"Done","data":{"requestid1":"242270","requestid2":""}}

2022-11-22 16:32:40 - [TEST_STEP][PASSED] - delay(3): Delayed 3 second(s)

2022-11-22 16:32:43 - [MESSAGE][PASSED] - Delayed 3 second(s)

2022-11-22 16:32:43 - [TEST_STEP][PASSED] - scoring = sendRequest(findTestObject("EngineScore", ["response_searchME_kons":response_searchME_kons, "response_searchME_spouse":response_searchME_spouse])): Send request successfully

2022-11-22 16:32:43 - [MESSAGE][INFO] - HAR: D:\DMS\Engine Scoring\Reports\20221122_162012\Exclude KKB - DS\Scoring Individu - KKB\20221122_162012\requests\main\293.har

2022-11-22 16:32:43 - [MESSAGE][PASSED] - Send request successfully

2022-11-22 16:32:43 - [TEST_STEP][PASSED] - verifyResponseStatusCode(scoring, 200): Verify response status code successfully

2022-11-22 16:32:43 - [MESSAGE][PASSED] - Verify response status code successfully

2022-11-22 16:32:43 - [TEST_STEP][PASSED] - response2 = scoring.getResponseText(): null

2022-11-22 16:32:43 - [TEST_STEP][PASSED] - markPassed("result service data ke : " + no): result service data ke : 147

2022-11-22 16:32:43 - [MESSAGE][PASSED] - result service data ke : 147

2022-11-22 16:32:43 - [TEST_STEP][PASSED] - logInfo($response2): {"result_konsumen":"Approve","result_pasangan":"","Final_result":"Approve","errorMessage":"","status":"Done"}

2022-11-22 16:32:43 - [MESSAGE][INFO] - {"result_konsumen":"Approve","result_pasangan":"","Final_result":"Approve","errorMessage":"","status":"Done"}

2022-11-22 16:32:43 - [TEST_STEP][PASSED] - verifyElementPropertyValue(scoring, "Final_result", final_result): Verify element property value successfully

2022-11-22 16:32:43 - [MESSAGE][PASSED] - Verify element property value successfully]]></system-out>
         <system-err><![CDATA[]]></system-err>
      </testcase>
      <testcase name="Test Cases/Engine_Scoring/Engine Scoring" time="5.38" classname="Test Cases/Engine_Scoring/Engine Scoring" status="PASSED">
         <system-out><![CDATA[2022-11-22 16:32:43 - [TEST_CASE][PASSED] - Test Cases/Engine_Scoring/Engine Scoring: Test Cases/Engine_Scoring/Engine Scoring

2022-11-22 16:32:45 - [TEST_STEP][PASSED] - markPassed("Variasi data ke : " + no): Variasi data ke : 148

2022-11-22 16:32:45 - [MESSAGE][PASSED] - Variasi data ke : 148

2022-11-22 16:32:45 - [TEST_STEP][PASSED] - req_data = sendRequest(findTestObject("Search_ME", ["MID":MID, "source":source, "ip":ip, "userid":userid, "branch":branch, "tipekons":tipekons, "marital":marital, "penjamin":penjamin, ... ])): Send request successfully

2022-11-22 16:32:46 - [MESSAGE][INFO] - HAR: D:\DMS\Engine Scoring\Reports\20221122_162012\Exclude KKB - DS\Scoring Individu - KKB\20221122_162012\requests\main\294.har

2022-11-22 16:32:46 - [MESSAGE][PASSED] - Send request successfully

2022-11-22 16:32:46 - [TEST_STEP][PASSED] - slurper = new groovy.json.JsonSlurper(): null

2022-11-22 16:32:46 - [TEST_STEP][PASSED] - result = slurper.parseText(req_data.getResponseBodyContent()): null

2022-11-22 16:32:46 - [TEST_STEP][PASSED] - reqid_kons = requestid1: null

2022-11-22 16:32:46 - [TEST_STEP][PASSED] - reqid_spouse = requestid2: null

2022-11-22 16:32:46 - [TEST_STEP][PASSED] - println("requestid kons : " + reqid_kons): null

2022-11-22 16:32:46 - [TEST_STEP][PASSED] - response_searchME_kons = reqid_kons: null

2022-11-22 16:32:46 - [TEST_STEP][PASSED] - response_searchME_spouse = reqid_spouse: null

2022-11-22 16:32:46 - [TEST_STEP][PASSED] - println("kons req id is :" + response_searchME_kons): null

2022-11-22 16:32:46 - [TEST_STEP][PASSED] - println("spouse req id is : " + response_searchME_spouse): null

2022-11-22 16:32:46 - [TEST_STEP][PASSED] - verifyResponseStatusCode(req_data, 200): Verify response status code successfully

2022-11-22 16:32:46 - [MESSAGE][PASSED] - Verify response status code successfully

2022-11-22 16:32:46 - [TEST_STEP][PASSED] - response = req_data.getResponseText(): null

2022-11-22 16:32:46 - [TEST_STEP][PASSED] - logInfo($response): {"status":"Done","data":{"requestid1":"242271","requestid2":""}}

2022-11-22 16:32:46 - [MESSAGE][INFO] - {"status":"Done","data":{"requestid1":"242271","requestid2":""}}

2022-11-22 16:32:46 - [TEST_STEP][PASSED] - delay(3): Delayed 3 second(s)

2022-11-22 16:32:49 - [MESSAGE][PASSED] - Delayed 3 second(s)

2022-11-22 16:32:49 - [TEST_STEP][PASSED] - scoring = sendRequest(findTestObject("EngineScore", ["response_searchME_kons":response_searchME_kons, "response_searchME_spouse":response_searchME_spouse])): Send request successfully

2022-11-22 16:32:49 - [MESSAGE][INFO] - HAR: D:\DMS\Engine Scoring\Reports\20221122_162012\Exclude KKB - DS\Scoring Individu - KKB\20221122_162012\requests\main\295.har

2022-11-22 16:32:49 - [MESSAGE][PASSED] - Send request successfully

2022-11-22 16:32:49 - [TEST_STEP][PASSED] - verifyResponseStatusCode(scoring, 200): Verify response status code successfully

2022-11-22 16:32:49 - [MESSAGE][PASSED] - Verify response status code successfully

2022-11-22 16:32:49 - [TEST_STEP][PASSED] - response2 = scoring.getResponseText(): null

2022-11-22 16:32:49 - [TEST_STEP][PASSED] - markPassed("result service data ke : " + no): result service data ke : 148

2022-11-22 16:32:49 - [MESSAGE][PASSED] - result service data ke : 148

2022-11-22 16:32:49 - [TEST_STEP][PASSED] - logInfo($response2): {"result_konsumen":"Approve","result_pasangan":"","Final_result":"Approve","errorMessage":"","status":"Done"}

2022-11-22 16:32:49 - [MESSAGE][INFO] - {"result_konsumen":"Approve","result_pasangan":"","Final_result":"Approve","errorMessage":"","status":"Done"}

2022-11-22 16:32:49 - [TEST_STEP][PASSED] - verifyElementPropertyValue(scoring, "Final_result", final_result): Verify element property value successfully

2022-11-22 16:32:49 - [MESSAGE][PASSED] - Verify element property value successfully]]></system-out>
         <system-err><![CDATA[]]></system-err>
      </testcase>
      <testcase name="Test Cases/Engine_Scoring/Engine Scoring" time="5.386" classname="Test Cases/Engine_Scoring/Engine Scoring" status="PASSED">
         <system-out><![CDATA[2022-11-22 16:32:49 - [TEST_CASE][PASSED] - Test Cases/Engine_Scoring/Engine Scoring: Test Cases/Engine_Scoring/Engine Scoring

2022-11-22 16:32:50 - [TEST_STEP][PASSED] - markPassed("Variasi data ke : " + no): Variasi data ke : 149

2022-11-22 16:32:50 - [MESSAGE][PASSED] - Variasi data ke : 149

2022-11-22 16:32:50 - [TEST_STEP][PASSED] - req_data = sendRequest(findTestObject("Search_ME", ["MID":MID, "source":source, "ip":ip, "userid":userid, "branch":branch, "tipekons":tipekons, "marital":marital, "penjamin":penjamin, ... ])): Send request successfully

2022-11-22 16:32:51 - [MESSAGE][INFO] - HAR: D:\DMS\Engine Scoring\Reports\20221122_162012\Exclude KKB - DS\Scoring Individu - KKB\20221122_162012\requests\main\296.har

2022-11-22 16:32:51 - [MESSAGE][PASSED] - Send request successfully

2022-11-22 16:32:51 - [TEST_STEP][PASSED] - slurper = new groovy.json.JsonSlurper(): null

2022-11-22 16:32:51 - [TEST_STEP][PASSED] - result = slurper.parseText(req_data.getResponseBodyContent()): null

2022-11-22 16:32:51 - [TEST_STEP][PASSED] - reqid_kons = requestid1: null

2022-11-22 16:32:51 - [TEST_STEP][PASSED] - reqid_spouse = requestid2: null

2022-11-22 16:32:51 - [TEST_STEP][PASSED] - println("requestid kons : " + reqid_kons): null

2022-11-22 16:32:51 - [TEST_STEP][PASSED] - response_searchME_kons = reqid_kons: null

2022-11-22 16:32:51 - [TEST_STEP][PASSED] - response_searchME_spouse = reqid_spouse: null

2022-11-22 16:32:51 - [TEST_STEP][PASSED] - println("kons req id is :" + response_searchME_kons): null

2022-11-22 16:32:51 - [TEST_STEP][PASSED] - println("spouse req id is : " + response_searchME_spouse): null

2022-11-22 16:32:51 - [TEST_STEP][PASSED] - verifyResponseStatusCode(req_data, 200): Verify response status code successfully

2022-11-22 16:32:51 - [MESSAGE][PASSED] - Verify response status code successfully

2022-11-22 16:32:51 - [TEST_STEP][PASSED] - response = req_data.getResponseText(): null

2022-11-22 16:32:51 - [TEST_STEP][PASSED] - logInfo($response): {"status":"Done","data":{"requestid1":"242272","requestid2":""}}

2022-11-22 16:32:51 - [MESSAGE][INFO] - {"status":"Done","data":{"requestid1":"242272","requestid2":""}}

2022-11-22 16:32:51 - [TEST_STEP][PASSED] - delay(3): Delayed 3 second(s)

2022-11-22 16:32:54 - [MESSAGE][PASSED] - Delayed 3 second(s)

2022-11-22 16:32:54 - [TEST_STEP][PASSED] - scoring = sendRequest(findTestObject("EngineScore", ["response_searchME_kons":response_searchME_kons, "response_searchME_spouse":response_searchME_spouse])): Send request successfully

2022-11-22 16:32:54 - [MESSAGE][INFO] - HAR: D:\DMS\Engine Scoring\Reports\20221122_162012\Exclude KKB - DS\Scoring Individu - KKB\20221122_162012\requests\main\297.har

2022-11-22 16:32:54 - [MESSAGE][PASSED] - Send request successfully

2022-11-22 16:32:54 - [TEST_STEP][PASSED] - verifyResponseStatusCode(scoring, 200): Verify response status code successfully

2022-11-22 16:32:54 - [MESSAGE][PASSED] - Verify response status code successfully

2022-11-22 16:32:54 - [TEST_STEP][PASSED] - response2 = scoring.getResponseText(): null

2022-11-22 16:32:54 - [TEST_STEP][PASSED] - markPassed("result service data ke : " + no): result service data ke : 149

2022-11-22 16:32:54 - [MESSAGE][PASSED] - result service data ke : 149

2022-11-22 16:32:54 - [TEST_STEP][PASSED] - logInfo($response2): {"result_konsumen":"Reject","result_pasangan":"","Final_result":"Reject","errorMessage":"","status":"Done"}

2022-11-22 16:32:54 - [MESSAGE][INFO] - {"result_konsumen":"Reject","result_pasangan":"","Final_result":"Reject","errorMessage":"","status":"Done"}

2022-11-22 16:32:54 - [TEST_STEP][PASSED] - verifyElementPropertyValue(scoring, "Final_result", final_result): Verify element property value successfully

2022-11-22 16:32:54 - [MESSAGE][PASSED] - Verify element property value successfully]]></system-out>
         <system-err><![CDATA[]]></system-err>
      </testcase>
      <testcase name="Test Cases/Engine_Scoring/Engine Scoring" time="5.76" classname="Test Cases/Engine_Scoring/Engine Scoring" status="PASSED">
         <system-out><![CDATA[2022-11-22 16:32:54 - [TEST_CASE][PASSED] - Test Cases/Engine_Scoring/Engine Scoring: Test Cases/Engine_Scoring/Engine Scoring

2022-11-22 16:32:55 - [TEST_STEP][PASSED] - markPassed("Variasi data ke : " + no): Variasi data ke : 150

2022-11-22 16:32:55 - [MESSAGE][PASSED] - Variasi data ke : 150

2022-11-22 16:32:55 - [TEST_STEP][PASSED] - req_data = sendRequest(findTestObject("Search_ME", ["MID":MID, "source":source, "ip":ip, "userid":userid, "branch":branch, "tipekons":tipekons, "marital":marital, "penjamin":penjamin, ... ])): Send request successfully

2022-11-22 16:32:57 - [MESSAGE][INFO] - HAR: D:\DMS\Engine Scoring\Reports\20221122_162012\Exclude KKB - DS\Scoring Individu - KKB\20221122_162012\requests\main\298.har

2022-11-22 16:32:57 - [MESSAGE][PASSED] - Send request successfully

2022-11-22 16:32:57 - [TEST_STEP][PASSED] - slurper = new groovy.json.JsonSlurper(): null

2022-11-22 16:32:57 - [TEST_STEP][PASSED] - result = slurper.parseText(req_data.getResponseBodyContent()): null

2022-11-22 16:32:57 - [TEST_STEP][PASSED] - reqid_kons = requestid1: null

2022-11-22 16:32:57 - [TEST_STEP][PASSED] - reqid_spouse = requestid2: null

2022-11-22 16:32:57 - [TEST_STEP][PASSED] - println("requestid kons : " + reqid_kons): null

2022-11-22 16:32:57 - [TEST_STEP][PASSED] - response_searchME_kons = reqid_kons: null

2022-11-22 16:32:57 - [TEST_STEP][PASSED] - response_searchME_spouse = reqid_spouse: null

2022-11-22 16:32:57 - [TEST_STEP][PASSED] - println("kons req id is :" + response_searchME_kons): null

2022-11-22 16:32:57 - [TEST_STEP][PASSED] - println("spouse req id is : " + response_searchME_spouse): null

2022-11-22 16:32:57 - [TEST_STEP][PASSED] - verifyResponseStatusCode(req_data, 200): Verify response status code successfully

2022-11-22 16:32:57 - [MESSAGE][PASSED] - Verify response status code successfully

2022-11-22 16:32:57 - [TEST_STEP][PASSED] - response = req_data.getResponseText(): null

2022-11-22 16:32:57 - [TEST_STEP][PASSED] - logInfo($response): {"status":"Done","data":{"requestid1":"242273","requestid2":""}}

2022-11-22 16:32:57 - [MESSAGE][INFO] - {"status":"Done","data":{"requestid1":"242273","requestid2":""}}

2022-11-22 16:32:57 - [TEST_STEP][PASSED] - delay(3): Delayed 3 second(s)

2022-11-22 16:33:00 - [MESSAGE][PASSED] - Delayed 3 second(s)

2022-11-22 16:33:00 - [TEST_STEP][PASSED] - scoring = sendRequest(findTestObject("EngineScore", ["response_searchME_kons":response_searchME_kons, "response_searchME_spouse":response_searchME_spouse])): Send request successfully

2022-11-22 16:33:00 - [MESSAGE][INFO] - HAR: D:\DMS\Engine Scoring\Reports\20221122_162012\Exclude KKB - DS\Scoring Individu - KKB\20221122_162012\requests\main\299.har

2022-11-22 16:33:00 - [MESSAGE][PASSED] - Send request successfully

2022-11-22 16:33:00 - [TEST_STEP][PASSED] - verifyResponseStatusCode(scoring, 200): Verify response status code successfully

2022-11-22 16:33:00 - [MESSAGE][PASSED] - Verify response status code successfully

2022-11-22 16:33:00 - [TEST_STEP][PASSED] - response2 = scoring.getResponseText(): null

2022-11-22 16:33:00 - [TEST_STEP][PASSED] - markPassed("result service data ke : " + no): result service data ke : 150

2022-11-22 16:33:00 - [MESSAGE][PASSED] - result service data ke : 150

2022-11-22 16:33:00 - [TEST_STEP][PASSED] - logInfo($response2): {"result_konsumen":"Reject","result_pasangan":"","Final_result":"Reject","errorMessage":"","status":"Done"}

2022-11-22 16:33:00 - [MESSAGE][INFO] - {"result_konsumen":"Reject","result_pasangan":"","Final_result":"Reject","errorMessage":"","status":"Done"}

2022-11-22 16:33:00 - [TEST_STEP][PASSED] - verifyElementPropertyValue(scoring, "Final_result", final_result): Verify element property value successfully

2022-11-22 16:33:00 - [MESSAGE][PASSED] - Verify element property value successfully]]></system-out>
         <system-err><![CDATA[]]></system-err>
      </testcase>
      <testcase name="Test Cases/Engine_Scoring/Engine Scoring" time="5.497" classname="Test Cases/Engine_Scoring/Engine Scoring" status="PASSED">
         <system-out><![CDATA[2022-11-22 16:33:00 - [TEST_CASE][PASSED] - Test Cases/Engine_Scoring/Engine Scoring: Test Cases/Engine_Scoring/Engine Scoring

2022-11-22 16:33:01 - [TEST_STEP][PASSED] - markPassed("Variasi data ke : " + no): Variasi data ke : 151

2022-11-22 16:33:01 - [MESSAGE][PASSED] - Variasi data ke : 151

2022-11-22 16:33:01 - [TEST_STEP][PASSED] - req_data = sendRequest(findTestObject("Search_ME", ["MID":MID, "source":source, "ip":ip, "userid":userid, "branch":branch, "tipekons":tipekons, "marital":marital, "penjamin":penjamin, ... ])): Send request successfully

2022-11-22 16:33:02 - [MESSAGE][INFO] - HAR: D:\DMS\Engine Scoring\Reports\20221122_162012\Exclude KKB - DS\Scoring Individu - KKB\20221122_162012\requests\main\300.har

2022-11-22 16:33:02 - [MESSAGE][PASSED] - Send request successfully

2022-11-22 16:33:02 - [TEST_STEP][PASSED] - slurper = new groovy.json.JsonSlurper(): null

2022-11-22 16:33:02 - [TEST_STEP][PASSED] - result = slurper.parseText(req_data.getResponseBodyContent()): null

2022-11-22 16:33:02 - [TEST_STEP][PASSED] - reqid_kons = requestid1: null

2022-11-22 16:33:02 - [TEST_STEP][PASSED] - reqid_spouse = requestid2: null

2022-11-22 16:33:02 - [TEST_STEP][PASSED] - println("requestid kons : " + reqid_kons): null

2022-11-22 16:33:02 - [TEST_STEP][PASSED] - response_searchME_kons = reqid_kons: null

2022-11-22 16:33:02 - [TEST_STEP][PASSED] - response_searchME_spouse = reqid_spouse: null

2022-11-22 16:33:02 - [TEST_STEP][PASSED] - println("kons req id is :" + response_searchME_kons): null

2022-11-22 16:33:02 - [TEST_STEP][PASSED] - println("spouse req id is : " + response_searchME_spouse): null

2022-11-22 16:33:02 - [TEST_STEP][PASSED] - verifyResponseStatusCode(req_data, 200): Verify response status code successfully

2022-11-22 16:33:02 - [MESSAGE][PASSED] - Verify response status code successfully

2022-11-22 16:33:02 - [TEST_STEP][PASSED] - response = req_data.getResponseText(): null

2022-11-22 16:33:02 - [TEST_STEP][PASSED] - logInfo($response): {"status":"Done","data":{"requestid1":"242274","requestid2":""}}

2022-11-22 16:33:02 - [MESSAGE][INFO] - {"status":"Done","data":{"requestid1":"242274","requestid2":""}}

2022-11-22 16:33:02 - [TEST_STEP][PASSED] - delay(3): Delayed 3 second(s)

2022-11-22 16:33:05 - [MESSAGE][PASSED] - Delayed 3 second(s)

2022-11-22 16:33:05 - [TEST_STEP][PASSED] - scoring = sendRequest(findTestObject("EngineScore", ["response_searchME_kons":response_searchME_kons, "response_searchME_spouse":response_searchME_spouse])): Send request successfully

2022-11-22 16:33:06 - [MESSAGE][INFO] - HAR: D:\DMS\Engine Scoring\Reports\20221122_162012\Exclude KKB - DS\Scoring Individu - KKB\20221122_162012\requests\main\301.har

2022-11-22 16:33:06 - [MESSAGE][PASSED] - Send request successfully

2022-11-22 16:33:06 - [TEST_STEP][PASSED] - verifyResponseStatusCode(scoring, 200): Verify response status code successfully

2022-11-22 16:33:06 - [MESSAGE][PASSED] - Verify response status code successfully

2022-11-22 16:33:06 - [TEST_STEP][PASSED] - response2 = scoring.getResponseText(): null

2022-11-22 16:33:06 - [TEST_STEP][PASSED] - markPassed("result service data ke : " + no): result service data ke : 151

2022-11-22 16:33:06 - [MESSAGE][PASSED] - result service data ke : 151

2022-11-22 16:33:06 - [TEST_STEP][PASSED] - logInfo($response2): {"result_konsumen":"Reguler","result_pasangan":"","Final_result":"Reguler","errorMessage":"","status":"Done"}

2022-11-22 16:33:06 - [MESSAGE][INFO] - {"result_konsumen":"Reguler","result_pasangan":"","Final_result":"Reguler","errorMessage":"","status":"Done"}

2022-11-22 16:33:06 - [TEST_STEP][PASSED] - verifyElementPropertyValue(scoring, "Final_result", final_result): Verify element property value successfully

2022-11-22 16:33:06 - [MESSAGE][PASSED] - Verify element property value successfully]]></system-out>
         <system-err><![CDATA[]]></system-err>
      </testcase>
      <testcase name="Test Cases/Engine_Scoring/Engine Scoring" time="5.43" classname="Test Cases/Engine_Scoring/Engine Scoring" status="PASSED">
         <system-out><![CDATA[2022-11-22 16:33:06 - [TEST_CASE][PASSED] - Test Cases/Engine_Scoring/Engine Scoring: Test Cases/Engine_Scoring/Engine Scoring

2022-11-22 16:33:07 - [TEST_STEP][PASSED] - markPassed("Variasi data ke : " + no): Variasi data ke : 152

2022-11-22 16:33:07 - [MESSAGE][PASSED] - Variasi data ke : 152

2022-11-22 16:33:07 - [TEST_STEP][PASSED] - req_data = sendRequest(findTestObject("Search_ME", ["MID":MID, "source":source, "ip":ip, "userid":userid, "branch":branch, "tipekons":tipekons, "marital":marital, "penjamin":penjamin, ... ])): Send request successfully

2022-11-22 16:33:08 - [MESSAGE][INFO] - HAR: D:\DMS\Engine Scoring\Reports\20221122_162012\Exclude KKB - DS\Scoring Individu - KKB\20221122_162012\requests\main\302.har

2022-11-22 16:33:08 - [MESSAGE][PASSED] - Send request successfully

2022-11-22 16:33:08 - [TEST_STEP][PASSED] - slurper = new groovy.json.JsonSlurper(): null

2022-11-22 16:33:08 - [TEST_STEP][PASSED] - result = slurper.parseText(req_data.getResponseBodyContent()): null

2022-11-22 16:33:08 - [TEST_STEP][PASSED] - reqid_kons = requestid1: null

2022-11-22 16:33:08 - [TEST_STEP][PASSED] - reqid_spouse = requestid2: null

2022-11-22 16:33:08 - [TEST_STEP][PASSED] - println("requestid kons : " + reqid_kons): null

2022-11-22 16:33:08 - [TEST_STEP][PASSED] - response_searchME_kons = reqid_kons: null

2022-11-22 16:33:08 - [TEST_STEP][PASSED] - response_searchME_spouse = reqid_spouse: null

2022-11-22 16:33:08 - [TEST_STEP][PASSED] - println("kons req id is :" + response_searchME_kons): null

2022-11-22 16:33:08 - [TEST_STEP][PASSED] - println("spouse req id is : " + response_searchME_spouse): null

2022-11-22 16:33:08 - [TEST_STEP][PASSED] - verifyResponseStatusCode(req_data, 200): Verify response status code successfully

2022-11-22 16:33:08 - [MESSAGE][PASSED] - Verify response status code successfully

2022-11-22 16:33:08 - [TEST_STEP][PASSED] - response = req_data.getResponseText(): null

2022-11-22 16:33:08 - [TEST_STEP][PASSED] - logInfo($response): {"status":"Done","data":{"requestid1":"242275","requestid2":""}}

2022-11-22 16:33:08 - [MESSAGE][INFO] - {"status":"Done","data":{"requestid1":"242275","requestid2":""}}

2022-11-22 16:33:08 - [TEST_STEP][PASSED] - delay(3): Delayed 3 second(s)

2022-11-22 16:33:11 - [MESSAGE][PASSED] - Delayed 3 second(s)

2022-11-22 16:33:11 - [TEST_STEP][PASSED] - scoring = sendRequest(findTestObject("EngineScore", ["response_searchME_kons":response_searchME_kons, "response_searchME_spouse":response_searchME_spouse])): Send request successfully

2022-11-22 16:33:11 - [MESSAGE][INFO] - HAR: D:\DMS\Engine Scoring\Reports\20221122_162012\Exclude KKB - DS\Scoring Individu - KKB\20221122_162012\requests\main\303.har

2022-11-22 16:33:11 - [MESSAGE][PASSED] - Send request successfully

2022-11-22 16:33:11 - [TEST_STEP][PASSED] - verifyResponseStatusCode(scoring, 200): Verify response status code successfully

2022-11-22 16:33:11 - [MESSAGE][PASSED] - Verify response status code successfully

2022-11-22 16:33:11 - [TEST_STEP][PASSED] - response2 = scoring.getResponseText(): null

2022-11-22 16:33:11 - [TEST_STEP][PASSED] - markPassed("result service data ke : " + no): result service data ke : 152

2022-11-22 16:33:11 - [MESSAGE][PASSED] - result service data ke : 152

2022-11-22 16:33:11 - [TEST_STEP][PASSED] - logInfo($response2): {"result_konsumen":"Reguler","result_pasangan":"","Final_result":"Reguler","errorMessage":"","status":"Done"}

2022-11-22 16:33:11 - [MESSAGE][INFO] - {"result_konsumen":"Reguler","result_pasangan":"","Final_result":"Reguler","errorMessage":"","status":"Done"}

2022-11-22 16:33:11 - [TEST_STEP][PASSED] - verifyElementPropertyValue(scoring, "Final_result", final_result): Verify element property value successfully

2022-11-22 16:33:11 - [MESSAGE][PASSED] - Verify element property value successfully]]></system-out>
         <system-err><![CDATA[]]></system-err>
      </testcase>
      <testcase name="Test Cases/Engine_Scoring/Engine Scoring" time="5.609" classname="Test Cases/Engine_Scoring/Engine Scoring" status="PASSED">
         <system-out><![CDATA[2022-11-22 16:33:11 - [TEST_CASE][PASSED] - Test Cases/Engine_Scoring/Engine Scoring: Test Cases/Engine_Scoring/Engine Scoring

2022-11-22 16:33:12 - [TEST_STEP][PASSED] - markPassed("Variasi data ke : " + no): Variasi data ke : 153

2022-11-22 16:33:12 - [MESSAGE][PASSED] - Variasi data ke : 153

2022-11-22 16:33:12 - [TEST_STEP][PASSED] - req_data = sendRequest(findTestObject("Search_ME", ["MID":MID, "source":source, "ip":ip, "userid":userid, "branch":branch, "tipekons":tipekons, "marital":marital, "penjamin":penjamin, ... ])): Send request successfully

2022-11-22 16:33:14 - [MESSAGE][INFO] - HAR: D:\DMS\Engine Scoring\Reports\20221122_162012\Exclude KKB - DS\Scoring Individu - KKB\20221122_162012\requests\main\304.har

2022-11-22 16:33:14 - [MESSAGE][PASSED] - Send request successfully

2022-11-22 16:33:14 - [TEST_STEP][PASSED] - slurper = new groovy.json.JsonSlurper(): null

2022-11-22 16:33:14 - [TEST_STEP][PASSED] - result = slurper.parseText(req_data.getResponseBodyContent()): null

2022-11-22 16:33:14 - [TEST_STEP][PASSED] - reqid_kons = requestid1: null

2022-11-22 16:33:14 - [TEST_STEP][PASSED] - reqid_spouse = requestid2: null

2022-11-22 16:33:14 - [TEST_STEP][PASSED] - println("requestid kons : " + reqid_kons): null

2022-11-22 16:33:14 - [TEST_STEP][PASSED] - response_searchME_kons = reqid_kons: null

2022-11-22 16:33:14 - [TEST_STEP][PASSED] - response_searchME_spouse = reqid_spouse: null

2022-11-22 16:33:14 - [TEST_STEP][PASSED] - println("kons req id is :" + response_searchME_kons): null

2022-11-22 16:33:14 - [TEST_STEP][PASSED] - println("spouse req id is : " + response_searchME_spouse): null

2022-11-22 16:33:14 - [TEST_STEP][PASSED] - verifyResponseStatusCode(req_data, 200): Verify response status code successfully

2022-11-22 16:33:14 - [MESSAGE][PASSED] - Verify response status code successfully

2022-11-22 16:33:14 - [TEST_STEP][PASSED] - response = req_data.getResponseText(): null

2022-11-22 16:33:14 - [TEST_STEP][PASSED] - logInfo($response): {"status":"Done","data":{"requestid1":"242276","requestid2":""}}

2022-11-22 16:33:14 - [MESSAGE][INFO] - {"status":"Done","data":{"requestid1":"242276","requestid2":""}}

2022-11-22 16:33:14 - [TEST_STEP][PASSED] - delay(3): Delayed 3 second(s)

2022-11-22 16:33:17 - [MESSAGE][PASSED] - Delayed 3 second(s)

2022-11-22 16:33:17 - [TEST_STEP][PASSED] - scoring = sendRequest(findTestObject("EngineScore", ["response_searchME_kons":response_searchME_kons, "response_searchME_spouse":response_searchME_spouse])): Send request successfully

2022-11-22 16:33:17 - [MESSAGE][INFO] - HAR: D:\DMS\Engine Scoring\Reports\20221122_162012\Exclude KKB - DS\Scoring Individu - KKB\20221122_162012\requests\main\305.har

2022-11-22 16:33:17 - [MESSAGE][PASSED] - Send request successfully

2022-11-22 16:33:17 - [TEST_STEP][PASSED] - verifyResponseStatusCode(scoring, 200): Verify response status code successfully

2022-11-22 16:33:17 - [MESSAGE][PASSED] - Verify response status code successfully

2022-11-22 16:33:17 - [TEST_STEP][PASSED] - response2 = scoring.getResponseText(): null

2022-11-22 16:33:17 - [TEST_STEP][PASSED] - markPassed("result service data ke : " + no): result service data ke : 153

2022-11-22 16:33:17 - [MESSAGE][PASSED] - result service data ke : 153

2022-11-22 16:33:17 - [TEST_STEP][PASSED] - logInfo($response2): {"result_konsumen":"Reguler","result_pasangan":"","Final_result":"Reguler","errorMessage":"","status":"Done"}

2022-11-22 16:33:17 - [MESSAGE][INFO] - {"result_konsumen":"Reguler","result_pasangan":"","Final_result":"Reguler","errorMessage":"","status":"Done"}

2022-11-22 16:33:17 - [TEST_STEP][PASSED] - verifyElementPropertyValue(scoring, "Final_result", final_result): Verify element property value successfully

2022-11-22 16:33:17 - [MESSAGE][PASSED] - Verify element property value successfully]]></system-out>
         <system-err><![CDATA[]]></system-err>
      </testcase>
      <testcase name="Test Cases/Engine_Scoring/Engine Scoring" time="5.679" classname="Test Cases/Engine_Scoring/Engine Scoring" status="PASSED">
         <system-out><![CDATA[2022-11-22 16:33:17 - [TEST_CASE][PASSED] - Test Cases/Engine_Scoring/Engine Scoring: Test Cases/Engine_Scoring/Engine Scoring

2022-11-22 16:33:18 - [TEST_STEP][PASSED] - markPassed("Variasi data ke : " + no): Variasi data ke : 154

2022-11-22 16:33:18 - [MESSAGE][PASSED] - Variasi data ke : 154

2022-11-22 16:33:18 - [TEST_STEP][PASSED] - req_data = sendRequest(findTestObject("Search_ME", ["MID":MID, "source":source, "ip":ip, "userid":userid, "branch":branch, "tipekons":tipekons, "marital":marital, "penjamin":penjamin, ... ])): Send request successfully

2022-11-22 16:33:19 - [MESSAGE][INFO] - HAR: D:\DMS\Engine Scoring\Reports\20221122_162012\Exclude KKB - DS\Scoring Individu - KKB\20221122_162012\requests\main\306.har

2022-11-22 16:33:19 - [MESSAGE][PASSED] - Send request successfully

2022-11-22 16:33:19 - [TEST_STEP][PASSED] - slurper = new groovy.json.JsonSlurper(): null

2022-11-22 16:33:19 - [TEST_STEP][PASSED] - result = slurper.parseText(req_data.getResponseBodyContent()): null

2022-11-22 16:33:19 - [TEST_STEP][PASSED] - reqid_kons = requestid1: null

2022-11-22 16:33:19 - [TEST_STEP][PASSED] - reqid_spouse = requestid2: null

2022-11-22 16:33:19 - [TEST_STEP][PASSED] - println("requestid kons : " + reqid_kons): null

2022-11-22 16:33:19 - [TEST_STEP][PASSED] - response_searchME_kons = reqid_kons: null

2022-11-22 16:33:19 - [TEST_STEP][PASSED] - response_searchME_spouse = reqid_spouse: null

2022-11-22 16:33:19 - [TEST_STEP][PASSED] - println("kons req id is :" + response_searchME_kons): null

2022-11-22 16:33:19 - [TEST_STEP][PASSED] - println("spouse req id is : " + response_searchME_spouse): null

2022-11-22 16:33:19 - [TEST_STEP][PASSED] - verifyResponseStatusCode(req_data, 200): Verify response status code successfully

2022-11-22 16:33:19 - [MESSAGE][PASSED] - Verify response status code successfully

2022-11-22 16:33:19 - [TEST_STEP][PASSED] - response = req_data.getResponseText(): null

2022-11-22 16:33:19 - [TEST_STEP][PASSED] - logInfo($response): {"status":"Done","data":{"requestid1":"242277","requestid2":""}}

2022-11-22 16:33:19 - [MESSAGE][INFO] - {"status":"Done","data":{"requestid1":"242277","requestid2":""}}

2022-11-22 16:33:19 - [TEST_STEP][PASSED] - delay(3): Delayed 3 second(s)

2022-11-22 16:33:22 - [MESSAGE][PASSED] - Delayed 3 second(s)

2022-11-22 16:33:22 - [TEST_STEP][PASSED] - scoring = sendRequest(findTestObject("EngineScore", ["response_searchME_kons":response_searchME_kons, "response_searchME_spouse":response_searchME_spouse])): Send request successfully

2022-11-22 16:33:22 - [MESSAGE][INFO] - HAR: D:\DMS\Engine Scoring\Reports\20221122_162012\Exclude KKB - DS\Scoring Individu - KKB\20221122_162012\requests\main\307.har

2022-11-22 16:33:22 - [MESSAGE][PASSED] - Send request successfully

2022-11-22 16:33:22 - [TEST_STEP][PASSED] - verifyResponseStatusCode(scoring, 200): Verify response status code successfully

2022-11-22 16:33:22 - [MESSAGE][PASSED] - Verify response status code successfully

2022-11-22 16:33:22 - [TEST_STEP][PASSED] - response2 = scoring.getResponseText(): null

2022-11-22 16:33:22 - [TEST_STEP][PASSED] - markPassed("result service data ke : " + no): result service data ke : 154

2022-11-22 16:33:22 - [MESSAGE][PASSED] - result service data ke : 154

2022-11-22 16:33:22 - [TEST_STEP][PASSED] - logInfo($response2): {"result_konsumen":"Reguler","result_pasangan":"","Final_result":"Reguler","errorMessage":"","status":"Done"}

2022-11-22 16:33:22 - [MESSAGE][INFO] - {"result_konsumen":"Reguler","result_pasangan":"","Final_result":"Reguler","errorMessage":"","status":"Done"}

2022-11-22 16:33:22 - [TEST_STEP][PASSED] - verifyElementPropertyValue(scoring, "Final_result", final_result): Verify element property value successfully

2022-11-22 16:33:22 - [MESSAGE][PASSED] - Verify element property value successfully]]></system-out>
         <system-err><![CDATA[]]></system-err>
      </testcase>
      <testcase name="Test Cases/Engine_Scoring/Engine Scoring" time="5.276" classname="Test Cases/Engine_Scoring/Engine Scoring" status="PASSED">
         <system-out><![CDATA[2022-11-22 16:33:23 - [TEST_CASE][PASSED] - Test Cases/Engine_Scoring/Engine Scoring: Test Cases/Engine_Scoring/Engine Scoring

2022-11-22 16:33:24 - [TEST_STEP][PASSED] - markPassed("Variasi data ke : " + no): Variasi data ke : 155

2022-11-22 16:33:24 - [MESSAGE][PASSED] - Variasi data ke : 155

2022-11-22 16:33:24 - [TEST_STEP][PASSED] - req_data = sendRequest(findTestObject("Search_ME", ["MID":MID, "source":source, "ip":ip, "userid":userid, "branch":branch, "tipekons":tipekons, "marital":marital, "penjamin":penjamin, ... ])): Send request successfully

2022-11-22 16:33:25 - [MESSAGE][INFO] - HAR: D:\DMS\Engine Scoring\Reports\20221122_162012\Exclude KKB - DS\Scoring Individu - KKB\20221122_162012\requests\main\308.har

2022-11-22 16:33:25 - [MESSAGE][PASSED] - Send request successfully

2022-11-22 16:33:25 - [TEST_STEP][PASSED] - slurper = new groovy.json.JsonSlurper(): null

2022-11-22 16:33:25 - [TEST_STEP][PASSED] - result = slurper.parseText(req_data.getResponseBodyContent()): null

2022-11-22 16:33:25 - [TEST_STEP][PASSED] - reqid_kons = requestid1: null

2022-11-22 16:33:25 - [TEST_STEP][PASSED] - reqid_spouse = requestid2: null

2022-11-22 16:33:25 - [TEST_STEP][PASSED] - println("requestid kons : " + reqid_kons): null

2022-11-22 16:33:25 - [TEST_STEP][PASSED] - response_searchME_kons = reqid_kons: null

2022-11-22 16:33:25 - [TEST_STEP][PASSED] - response_searchME_spouse = reqid_spouse: null

2022-11-22 16:33:25 - [TEST_STEP][PASSED] - println("kons req id is :" + response_searchME_kons): null

2022-11-22 16:33:25 - [TEST_STEP][PASSED] - println("spouse req id is : " + response_searchME_spouse): null

2022-11-22 16:33:25 - [TEST_STEP][PASSED] - verifyResponseStatusCode(req_data, 200): Verify response status code successfully

2022-11-22 16:33:25 - [MESSAGE][PASSED] - Verify response status code successfully

2022-11-22 16:33:25 - [TEST_STEP][PASSED] - response = req_data.getResponseText(): null

2022-11-22 16:33:25 - [TEST_STEP][PASSED] - logInfo($response): {"status":"Done","data":{"requestid1":"242278","requestid2":""}}

2022-11-22 16:33:25 - [MESSAGE][INFO] - {"status":"Done","data":{"requestid1":"242278","requestid2":""}}

2022-11-22 16:33:25 - [TEST_STEP][PASSED] - delay(3): Delayed 3 second(s)

2022-11-22 16:33:28 - [MESSAGE][PASSED] - Delayed 3 second(s)

2022-11-22 16:33:28 - [TEST_STEP][PASSED] - scoring = sendRequest(findTestObject("EngineScore", ["response_searchME_kons":response_searchME_kons, "response_searchME_spouse":response_searchME_spouse])): Send request successfully

2022-11-22 16:33:28 - [MESSAGE][INFO] - HAR: D:\DMS\Engine Scoring\Reports\20221122_162012\Exclude KKB - DS\Scoring Individu - KKB\20221122_162012\requests\main\309.har

2022-11-22 16:33:28 - [MESSAGE][PASSED] - Send request successfully

2022-11-22 16:33:28 - [TEST_STEP][PASSED] - verifyResponseStatusCode(scoring, 200): Verify response status code successfully

2022-11-22 16:33:28 - [MESSAGE][PASSED] - Verify response status code successfully

2022-11-22 16:33:28 - [TEST_STEP][PASSED] - response2 = scoring.getResponseText(): null

2022-11-22 16:33:28 - [TEST_STEP][PASSED] - markPassed("result service data ke : " + no): result service data ke : 155

2022-11-22 16:33:28 - [MESSAGE][PASSED] - result service data ke : 155

2022-11-22 16:33:28 - [TEST_STEP][PASSED] - logInfo($response2): {"result_konsumen":"Reguler","result_pasangan":"","Final_result":"Reguler","errorMessage":"","status":"Done"}

2022-11-22 16:33:28 - [MESSAGE][INFO] - {"result_konsumen":"Reguler","result_pasangan":"","Final_result":"Reguler","errorMessage":"","status":"Done"}

2022-11-22 16:33:28 - [TEST_STEP][PASSED] - verifyElementPropertyValue(scoring, "Final_result", final_result): Verify element property value successfully

2022-11-22 16:33:28 - [MESSAGE][PASSED] - Verify element property value successfully]]></system-out>
         <system-err><![CDATA[]]></system-err>
      </testcase>
      <testcase name="Test Cases/Engine_Scoring/Engine Scoring" time="5.602" classname="Test Cases/Engine_Scoring/Engine Scoring" status="PASSED">
         <system-out><![CDATA[2022-11-22 16:33:28 - [TEST_CASE][PASSED] - Test Cases/Engine_Scoring/Engine Scoring: Test Cases/Engine_Scoring/Engine Scoring

2022-11-22 16:33:29 - [TEST_STEP][PASSED] - markPassed("Variasi data ke : " + no): Variasi data ke : 156

2022-11-22 16:33:29 - [MESSAGE][PASSED] - Variasi data ke : 156

2022-11-22 16:33:29 - [TEST_STEP][PASSED] - req_data = sendRequest(findTestObject("Search_ME", ["MID":MID, "source":source, "ip":ip, "userid":userid, "branch":branch, "tipekons":tipekons, "marital":marital, "penjamin":penjamin, ... ])): Send request successfully

2022-11-22 16:33:30 - [MESSAGE][INFO] - HAR: D:\DMS\Engine Scoring\Reports\20221122_162012\Exclude KKB - DS\Scoring Individu - KKB\20221122_162012\requests\main\310.har

2022-11-22 16:33:30 - [MESSAGE][PASSED] - Send request successfully

2022-11-22 16:33:30 - [TEST_STEP][PASSED] - slurper = new groovy.json.JsonSlurper(): null

2022-11-22 16:33:30 - [TEST_STEP][PASSED] - result = slurper.parseText(req_data.getResponseBodyContent()): null

2022-11-22 16:33:30 - [TEST_STEP][PASSED] - reqid_kons = requestid1: null

2022-11-22 16:33:30 - [TEST_STEP][PASSED] - reqid_spouse = requestid2: null

2022-11-22 16:33:30 - [TEST_STEP][PASSED] - println("requestid kons : " + reqid_kons): null

2022-11-22 16:33:30 - [TEST_STEP][PASSED] - response_searchME_kons = reqid_kons: null

2022-11-22 16:33:30 - [TEST_STEP][PASSED] - response_searchME_spouse = reqid_spouse: null

2022-11-22 16:33:30 - [TEST_STEP][PASSED] - println("kons req id is :" + response_searchME_kons): null

2022-11-22 16:33:30 - [TEST_STEP][PASSED] - println("spouse req id is : " + response_searchME_spouse): null

2022-11-22 16:33:30 - [TEST_STEP][PASSED] - verifyResponseStatusCode(req_data, 200): Verify response status code successfully

2022-11-22 16:33:30 - [MESSAGE][PASSED] - Verify response status code successfully

2022-11-22 16:33:30 - [TEST_STEP][PASSED] - response = req_data.getResponseText(): null

2022-11-22 16:33:30 - [TEST_STEP][PASSED] - logInfo($response): {"status":"Done","data":{"requestid1":"242279","requestid2":""}}

2022-11-22 16:33:30 - [MESSAGE][INFO] - {"status":"Done","data":{"requestid1":"242279","requestid2":""}}

2022-11-22 16:33:30 - [TEST_STEP][PASSED] - delay(3): Delayed 3 second(s)

2022-11-22 16:33:33 - [MESSAGE][PASSED] - Delayed 3 second(s)

2022-11-22 16:33:33 - [TEST_STEP][PASSED] - scoring = sendRequest(findTestObject("EngineScore", ["response_searchME_kons":response_searchME_kons, "response_searchME_spouse":response_searchME_spouse])): Send request successfully

2022-11-22 16:33:33 - [MESSAGE][INFO] - HAR: D:\DMS\Engine Scoring\Reports\20221122_162012\Exclude KKB - DS\Scoring Individu - KKB\20221122_162012\requests\main\311.har

2022-11-22 16:33:33 - [MESSAGE][PASSED] - Send request successfully

2022-11-22 16:33:33 - [TEST_STEP][PASSED] - verifyResponseStatusCode(scoring, 200): Verify response status code successfully

2022-11-22 16:33:33 - [MESSAGE][PASSED] - Verify response status code successfully

2022-11-22 16:33:33 - [TEST_STEP][PASSED] - response2 = scoring.getResponseText(): null

2022-11-22 16:33:33 - [TEST_STEP][PASSED] - markPassed("result service data ke : " + no): result service data ke : 156

2022-11-22 16:33:33 - [MESSAGE][PASSED] - result service data ke : 156

2022-11-22 16:33:33 - [TEST_STEP][PASSED] - logInfo($response2): {"result_konsumen":"Reguler","result_pasangan":"","Final_result":"Reguler","errorMessage":"","status":"Done"}

2022-11-22 16:33:33 - [MESSAGE][INFO] - {"result_konsumen":"Reguler","result_pasangan":"","Final_result":"Reguler","errorMessage":"","status":"Done"}

2022-11-22 16:33:33 - [TEST_STEP][PASSED] - verifyElementPropertyValue(scoring, "Final_result", final_result): Verify element property value successfully

2022-11-22 16:33:33 - [MESSAGE][PASSED] - Verify element property value successfully]]></system-out>
         <system-err><![CDATA[]]></system-err>
      </testcase>
      <testcase name="Test Cases/Engine_Scoring/Engine Scoring" time="5.462" classname="Test Cases/Engine_Scoring/Engine Scoring" status="PASSED">
         <system-out><![CDATA[2022-11-22 16:33:34 - [TEST_CASE][PASSED] - Test Cases/Engine_Scoring/Engine Scoring: Test Cases/Engine_Scoring/Engine Scoring

2022-11-22 16:33:35 - [TEST_STEP][PASSED] - markPassed("Variasi data ke : " + no): Variasi data ke : 157

2022-11-22 16:33:35 - [MESSAGE][PASSED] - Variasi data ke : 157

2022-11-22 16:33:35 - [TEST_STEP][PASSED] - req_data = sendRequest(findTestObject("Search_ME", ["MID":MID, "source":source, "ip":ip, "userid":userid, "branch":branch, "tipekons":tipekons, "marital":marital, "penjamin":penjamin, ... ])): Send request successfully

2022-11-22 16:33:36 - [MESSAGE][INFO] - HAR: D:\DMS\Engine Scoring\Reports\20221122_162012\Exclude KKB - DS\Scoring Individu - KKB\20221122_162012\requests\main\312.har

2022-11-22 16:33:36 - [MESSAGE][PASSED] - Send request successfully

2022-11-22 16:33:36 - [TEST_STEP][PASSED] - slurper = new groovy.json.JsonSlurper(): null

2022-11-22 16:33:36 - [TEST_STEP][PASSED] - result = slurper.parseText(req_data.getResponseBodyContent()): null

2022-11-22 16:33:36 - [TEST_STEP][PASSED] - reqid_kons = requestid1: null

2022-11-22 16:33:36 - [TEST_STEP][PASSED] - reqid_spouse = requestid2: null

2022-11-22 16:33:36 - [TEST_STEP][PASSED] - println("requestid kons : " + reqid_kons): null

2022-11-22 16:33:36 - [TEST_STEP][PASSED] - response_searchME_kons = reqid_kons: null

2022-11-22 16:33:36 - [TEST_STEP][PASSED] - response_searchME_spouse = reqid_spouse: null

2022-11-22 16:33:36 - [TEST_STEP][PASSED] - println("kons req id is :" + response_searchME_kons): null

2022-11-22 16:33:36 - [TEST_STEP][PASSED] - println("spouse req id is : " + response_searchME_spouse): null

2022-11-22 16:33:36 - [TEST_STEP][PASSED] - verifyResponseStatusCode(req_data, 200): Verify response status code successfully

2022-11-22 16:33:36 - [MESSAGE][PASSED] - Verify response status code successfully

2022-11-22 16:33:36 - [TEST_STEP][PASSED] - response = req_data.getResponseText(): null

2022-11-22 16:33:36 - [TEST_STEP][PASSED] - logInfo($response): {"status":"Done","data":{"requestid1":"242280","requestid2":""}}

2022-11-22 16:33:36 - [MESSAGE][INFO] - {"status":"Done","data":{"requestid1":"242280","requestid2":""}}

2022-11-22 16:33:36 - [TEST_STEP][PASSED] - delay(3): Delayed 3 second(s)

2022-11-22 16:33:39 - [MESSAGE][PASSED] - Delayed 3 second(s)

2022-11-22 16:33:39 - [TEST_STEP][PASSED] - scoring = sendRequest(findTestObject("EngineScore", ["response_searchME_kons":response_searchME_kons, "response_searchME_spouse":response_searchME_spouse])): Send request successfully

2022-11-22 16:33:39 - [MESSAGE][INFO] - HAR: D:\DMS\Engine Scoring\Reports\20221122_162012\Exclude KKB - DS\Scoring Individu - KKB\20221122_162012\requests\main\313.har

2022-11-22 16:33:39 - [MESSAGE][PASSED] - Send request successfully

2022-11-22 16:33:39 - [TEST_STEP][PASSED] - verifyResponseStatusCode(scoring, 200): Verify response status code successfully

2022-11-22 16:33:39 - [MESSAGE][PASSED] - Verify response status code successfully

2022-11-22 16:33:39 - [TEST_STEP][PASSED] - response2 = scoring.getResponseText(): null

2022-11-22 16:33:39 - [TEST_STEP][PASSED] - markPassed("result service data ke : " + no): result service data ke : 157

2022-11-22 16:33:39 - [MESSAGE][PASSED] - result service data ke : 157

2022-11-22 16:33:39 - [TEST_STEP][PASSED] - logInfo($response2): {"result_konsumen":"Reguler","result_pasangan":"","Final_result":"Reguler","errorMessage":"","status":"Done"}

2022-11-22 16:33:39 - [MESSAGE][INFO] - {"result_konsumen":"Reguler","result_pasangan":"","Final_result":"Reguler","errorMessage":"","status":"Done"}

2022-11-22 16:33:39 - [TEST_STEP][PASSED] - verifyElementPropertyValue(scoring, "Final_result", final_result): Verify element property value successfully

2022-11-22 16:33:39 - [MESSAGE][PASSED] - Verify element property value successfully]]></system-out>
         <system-err><![CDATA[]]></system-err>
      </testcase>
      <testcase name="Test Cases/Engine_Scoring/Engine Scoring" time="5.525" classname="Test Cases/Engine_Scoring/Engine Scoring" status="PASSED">
         <system-out><![CDATA[2022-11-22 16:33:39 - [TEST_CASE][PASSED] - Test Cases/Engine_Scoring/Engine Scoring: Test Cases/Engine_Scoring/Engine Scoring

2022-11-22 16:33:40 - [TEST_STEP][PASSED] - markPassed("Variasi data ke : " + no): Variasi data ke : 158

2022-11-22 16:33:40 - [MESSAGE][PASSED] - Variasi data ke : 158

2022-11-22 16:33:40 - [TEST_STEP][PASSED] - req_data = sendRequest(findTestObject("Search_ME", ["MID":MID, "source":source, "ip":ip, "userid":userid, "branch":branch, "tipekons":tipekons, "marital":marital, "penjamin":penjamin, ... ])): Send request successfully

2022-11-22 16:33:41 - [MESSAGE][INFO] - HAR: D:\DMS\Engine Scoring\Reports\20221122_162012\Exclude KKB - DS\Scoring Individu - KKB\20221122_162012\requests\main\314.har

2022-11-22 16:33:41 - [MESSAGE][PASSED] - Send request successfully

2022-11-22 16:33:41 - [TEST_STEP][PASSED] - slurper = new groovy.json.JsonSlurper(): null

2022-11-22 16:33:41 - [TEST_STEP][PASSED] - result = slurper.parseText(req_data.getResponseBodyContent()): null

2022-11-22 16:33:41 - [TEST_STEP][PASSED] - reqid_kons = requestid1: null

2022-11-22 16:33:41 - [TEST_STEP][PASSED] - reqid_spouse = requestid2: null

2022-11-22 16:33:41 - [TEST_STEP][PASSED] - println("requestid kons : " + reqid_kons): null

2022-11-22 16:33:41 - [TEST_STEP][PASSED] - response_searchME_kons = reqid_kons: null

2022-11-22 16:33:41 - [TEST_STEP][PASSED] - response_searchME_spouse = reqid_spouse: null

2022-11-22 16:33:41 - [TEST_STEP][PASSED] - println("kons req id is :" + response_searchME_kons): null

2022-11-22 16:33:41 - [TEST_STEP][PASSED] - println("spouse req id is : " + response_searchME_spouse): null

2022-11-22 16:33:41 - [TEST_STEP][PASSED] - verifyResponseStatusCode(req_data, 200): Verify response status code successfully

2022-11-22 16:33:41 - [MESSAGE][PASSED] - Verify response status code successfully

2022-11-22 16:33:41 - [TEST_STEP][PASSED] - response = req_data.getResponseText(): null

2022-11-22 16:33:41 - [TEST_STEP][PASSED] - logInfo($response): {"status":"Done","data":{"requestid1":"242281","requestid2":""}}

2022-11-22 16:33:41 - [MESSAGE][INFO] - {"status":"Done","data":{"requestid1":"242281","requestid2":""}}

2022-11-22 16:33:41 - [TEST_STEP][PASSED] - delay(3): Delayed 3 second(s)

2022-11-22 16:33:44 - [MESSAGE][PASSED] - Delayed 3 second(s)

2022-11-22 16:33:44 - [TEST_STEP][PASSED] - scoring = sendRequest(findTestObject("EngineScore", ["response_searchME_kons":response_searchME_kons, "response_searchME_spouse":response_searchME_spouse])): Send request successfully

2022-11-22 16:33:45 - [MESSAGE][INFO] - HAR: D:\DMS\Engine Scoring\Reports\20221122_162012\Exclude KKB - DS\Scoring Individu - KKB\20221122_162012\requests\main\315.har

2022-11-22 16:33:45 - [MESSAGE][PASSED] - Send request successfully

2022-11-22 16:33:45 - [TEST_STEP][PASSED] - verifyResponseStatusCode(scoring, 200): Verify response status code successfully

2022-11-22 16:33:45 - [MESSAGE][PASSED] - Verify response status code successfully

2022-11-22 16:33:45 - [TEST_STEP][PASSED] - response2 = scoring.getResponseText(): null

2022-11-22 16:33:45 - [TEST_STEP][PASSED] - markPassed("result service data ke : " + no): result service data ke : 158

2022-11-22 16:33:45 - [MESSAGE][PASSED] - result service data ke : 158

2022-11-22 16:33:45 - [TEST_STEP][PASSED] - logInfo($response2): {"result_konsumen":"Reguler","result_pasangan":"","Final_result":"Reguler","errorMessage":"","status":"Done"}

2022-11-22 16:33:45 - [MESSAGE][INFO] - {"result_konsumen":"Reguler","result_pasangan":"","Final_result":"Reguler","errorMessage":"","status":"Done"}

2022-11-22 16:33:45 - [TEST_STEP][PASSED] - verifyElementPropertyValue(scoring, "Final_result", final_result): Verify element property value successfully

2022-11-22 16:33:45 - [MESSAGE][PASSED] - Verify element property value successfully]]></system-out>
         <system-err><![CDATA[]]></system-err>
      </testcase>
      <testcase name="Test Cases/Engine_Scoring/Engine Scoring" time="5.511" classname="Test Cases/Engine_Scoring/Engine Scoring" status="PASSED">
         <system-out><![CDATA[2022-11-22 16:33:45 - [TEST_CASE][PASSED] - Test Cases/Engine_Scoring/Engine Scoring: Test Cases/Engine_Scoring/Engine Scoring

2022-11-22 16:33:46 - [TEST_STEP][PASSED] - markPassed("Variasi data ke : " + no): Variasi data ke : 159

2022-11-22 16:33:46 - [MESSAGE][PASSED] - Variasi data ke : 159

2022-11-22 16:33:46 - [TEST_STEP][PASSED] - req_data = sendRequest(findTestObject("Search_ME", ["MID":MID, "source":source, "ip":ip, "userid":userid, "branch":branch, "tipekons":tipekons, "marital":marital, "penjamin":penjamin, ... ])): Send request successfully

2022-11-22 16:33:47 - [MESSAGE][INFO] - HAR: D:\DMS\Engine Scoring\Reports\20221122_162012\Exclude KKB - DS\Scoring Individu - KKB\20221122_162012\requests\main\316.har

2022-11-22 16:33:47 - [MESSAGE][PASSED] - Send request successfully

2022-11-22 16:33:47 - [TEST_STEP][PASSED] - slurper = new groovy.json.JsonSlurper(): null

2022-11-22 16:33:47 - [TEST_STEP][PASSED] - result = slurper.parseText(req_data.getResponseBodyContent()): null

2022-11-22 16:33:47 - [TEST_STEP][PASSED] - reqid_kons = requestid1: null

2022-11-22 16:33:47 - [TEST_STEP][PASSED] - reqid_spouse = requestid2: null

2022-11-22 16:33:47 - [TEST_STEP][PASSED] - println("requestid kons : " + reqid_kons): null

2022-11-22 16:33:47 - [TEST_STEP][PASSED] - response_searchME_kons = reqid_kons: null

2022-11-22 16:33:47 - [TEST_STEP][PASSED] - response_searchME_spouse = reqid_spouse: null

2022-11-22 16:33:47 - [TEST_STEP][PASSED] - println("kons req id is :" + response_searchME_kons): null

2022-11-22 16:33:47 - [TEST_STEP][PASSED] - println("spouse req id is : " + response_searchME_spouse): null

2022-11-22 16:33:47 - [TEST_STEP][PASSED] - verifyResponseStatusCode(req_data, 200): Verify response status code successfully

2022-11-22 16:33:47 - [MESSAGE][PASSED] - Verify response status code successfully

2022-11-22 16:33:47 - [TEST_STEP][PASSED] - response = req_data.getResponseText(): null

2022-11-22 16:33:47 - [TEST_STEP][PASSED] - logInfo($response): {"status":"Done","data":{"requestid1":"242282","requestid2":""}}

2022-11-22 16:33:47 - [MESSAGE][INFO] - {"status":"Done","data":{"requestid1":"242282","requestid2":""}}

2022-11-22 16:33:47 - [TEST_STEP][PASSED] - delay(3): Delayed 3 second(s)

2022-11-22 16:33:50 - [MESSAGE][PASSED] - Delayed 3 second(s)

2022-11-22 16:33:50 - [TEST_STEP][PASSED] - scoring = sendRequest(findTestObject("EngineScore", ["response_searchME_kons":response_searchME_kons, "response_searchME_spouse":response_searchME_spouse])): Send request successfully

2022-11-22 16:33:50 - [MESSAGE][INFO] - HAR: D:\DMS\Engine Scoring\Reports\20221122_162012\Exclude KKB - DS\Scoring Individu - KKB\20221122_162012\requests\main\317.har

2022-11-22 16:33:50 - [MESSAGE][PASSED] - Send request successfully

2022-11-22 16:33:50 - [TEST_STEP][PASSED] - verifyResponseStatusCode(scoring, 200): Verify response status code successfully

2022-11-22 16:33:50 - [MESSAGE][PASSED] - Verify response status code successfully

2022-11-22 16:33:50 - [TEST_STEP][PASSED] - response2 = scoring.getResponseText(): null

2022-11-22 16:33:50 - [TEST_STEP][PASSED] - markPassed("result service data ke : " + no): result service data ke : 159

2022-11-22 16:33:50 - [MESSAGE][PASSED] - result service data ke : 159

2022-11-22 16:33:50 - [TEST_STEP][PASSED] - logInfo($response2): {"result_konsumen":"Approve","result_pasangan":"","Final_result":"Approve","errorMessage":"","status":"Done"}

2022-11-22 16:33:50 - [MESSAGE][INFO] - {"result_konsumen":"Approve","result_pasangan":"","Final_result":"Approve","errorMessage":"","status":"Done"}

2022-11-22 16:33:50 - [TEST_STEP][PASSED] - verifyElementPropertyValue(scoring, "Final_result", final_result): Verify element property value successfully

2022-11-22 16:33:50 - [MESSAGE][PASSED] - Verify element property value successfully]]></system-out>
         <system-err><![CDATA[]]></system-err>
      </testcase>
      <testcase name="Test Cases/Engine_Scoring/Engine Scoring" time="5.379" classname="Test Cases/Engine_Scoring/Engine Scoring" status="PASSED">
         <system-out><![CDATA[2022-11-22 16:33:50 - [TEST_CASE][PASSED] - Test Cases/Engine_Scoring/Engine Scoring: Test Cases/Engine_Scoring/Engine Scoring

2022-11-22 16:33:51 - [TEST_STEP][PASSED] - markPassed("Variasi data ke : " + no): Variasi data ke : 160

2022-11-22 16:33:51 - [MESSAGE][PASSED] - Variasi data ke : 160

2022-11-22 16:33:51 - [TEST_STEP][PASSED] - req_data = sendRequest(findTestObject("Search_ME", ["MID":MID, "source":source, "ip":ip, "userid":userid, "branch":branch, "tipekons":tipekons, "marital":marital, "penjamin":penjamin, ... ])): Send request successfully

2022-11-22 16:33:52 - [MESSAGE][INFO] - HAR: D:\DMS\Engine Scoring\Reports\20221122_162012\Exclude KKB - DS\Scoring Individu - KKB\20221122_162012\requests\main\318.har

2022-11-22 16:33:52 - [MESSAGE][PASSED] - Send request successfully

2022-11-22 16:33:52 - [TEST_STEP][PASSED] - slurper = new groovy.json.JsonSlurper(): null

2022-11-22 16:33:52 - [TEST_STEP][PASSED] - result = slurper.parseText(req_data.getResponseBodyContent()): null

2022-11-22 16:33:52 - [TEST_STEP][PASSED] - reqid_kons = requestid1: null

2022-11-22 16:33:52 - [TEST_STEP][PASSED] - reqid_spouse = requestid2: null

2022-11-22 16:33:52 - [TEST_STEP][PASSED] - println("requestid kons : " + reqid_kons): null

2022-11-22 16:33:52 - [TEST_STEP][PASSED] - response_searchME_kons = reqid_kons: null

2022-11-22 16:33:52 - [TEST_STEP][PASSED] - response_searchME_spouse = reqid_spouse: null

2022-11-22 16:33:52 - [TEST_STEP][PASSED] - println("kons req id is :" + response_searchME_kons): null

2022-11-22 16:33:52 - [TEST_STEP][PASSED] - println("spouse req id is : " + response_searchME_spouse): null

2022-11-22 16:33:52 - [TEST_STEP][PASSED] - verifyResponseStatusCode(req_data, 200): Verify response status code successfully

2022-11-22 16:33:52 - [MESSAGE][PASSED] - Verify response status code successfully

2022-11-22 16:33:52 - [TEST_STEP][PASSED] - response = req_data.getResponseText(): null

2022-11-22 16:33:52 - [TEST_STEP][PASSED] - logInfo($response): {"status":"Done","data":{"requestid1":"242283","requestid2":""}}

2022-11-22 16:33:52 - [MESSAGE][INFO] - {"status":"Done","data":{"requestid1":"242283","requestid2":""}}

2022-11-22 16:33:52 - [TEST_STEP][PASSED] - delay(3): Delayed 3 second(s)

2022-11-22 16:33:55 - [MESSAGE][PASSED] - Delayed 3 second(s)

2022-11-22 16:33:55 - [TEST_STEP][PASSED] - scoring = sendRequest(findTestObject("EngineScore", ["response_searchME_kons":response_searchME_kons, "response_searchME_spouse":response_searchME_spouse])): Send request successfully

2022-11-22 16:33:56 - [MESSAGE][INFO] - HAR: D:\DMS\Engine Scoring\Reports\20221122_162012\Exclude KKB - DS\Scoring Individu - KKB\20221122_162012\requests\main\319.har

2022-11-22 16:33:56 - [MESSAGE][PASSED] - Send request successfully

2022-11-22 16:33:56 - [TEST_STEP][PASSED] - verifyResponseStatusCode(scoring, 200): Verify response status code successfully

2022-11-22 16:33:56 - [MESSAGE][PASSED] - Verify response status code successfully

2022-11-22 16:33:56 - [TEST_STEP][PASSED] - response2 = scoring.getResponseText(): null

2022-11-22 16:33:56 - [TEST_STEP][PASSED] - markPassed("result service data ke : " + no): result service data ke : 160

2022-11-22 16:33:56 - [MESSAGE][PASSED] - result service data ke : 160

2022-11-22 16:33:56 - [TEST_STEP][PASSED] - logInfo($response2): {"result_konsumen":"Approve","result_pasangan":"","Final_result":"Approve","errorMessage":"","status":"Done"}

2022-11-22 16:33:56 - [MESSAGE][INFO] - {"result_konsumen":"Approve","result_pasangan":"","Final_result":"Approve","errorMessage":"","status":"Done"}

2022-11-22 16:33:56 - [TEST_STEP][PASSED] - verifyElementPropertyValue(scoring, "Final_result", final_result): Verify element property value successfully

2022-11-22 16:33:56 - [MESSAGE][PASSED] - Verify element property value successfully]]></system-out>
         <system-err><![CDATA[]]></system-err>
      </testcase>
      <testcase name="Test Cases/Engine_Scoring/Engine Scoring" time="5.591" classname="Test Cases/Engine_Scoring/Engine Scoring" status="PASSED">
         <system-out><![CDATA[2022-11-22 16:33:56 - [TEST_CASE][PASSED] - Test Cases/Engine_Scoring/Engine Scoring: Test Cases/Engine_Scoring/Engine Scoring

2022-11-22 16:33:57 - [TEST_STEP][PASSED] - markPassed("Variasi data ke : " + no): Variasi data ke : 161

2022-11-22 16:33:57 - [MESSAGE][PASSED] - Variasi data ke : 161

2022-11-22 16:33:57 - [TEST_STEP][PASSED] - req_data = sendRequest(findTestObject("Search_ME", ["MID":MID, "source":source, "ip":ip, "userid":userid, "branch":branch, "tipekons":tipekons, "marital":marital, "penjamin":penjamin, ... ])): Send request successfully

2022-11-22 16:33:58 - [MESSAGE][INFO] - HAR: D:\DMS\Engine Scoring\Reports\20221122_162012\Exclude KKB - DS\Scoring Individu - KKB\20221122_162012\requests\main\320.har

2022-11-22 16:33:58 - [MESSAGE][PASSED] - Send request successfully

2022-11-22 16:33:58 - [TEST_STEP][PASSED] - slurper = new groovy.json.JsonSlurper(): null

2022-11-22 16:33:58 - [TEST_STEP][PASSED] - result = slurper.parseText(req_data.getResponseBodyContent()): null

2022-11-22 16:33:58 - [TEST_STEP][PASSED] - reqid_kons = requestid1: null

2022-11-22 16:33:58 - [TEST_STEP][PASSED] - reqid_spouse = requestid2: null

2022-11-22 16:33:58 - [TEST_STEP][PASSED] - println("requestid kons : " + reqid_kons): null

2022-11-22 16:33:58 - [TEST_STEP][PASSED] - response_searchME_kons = reqid_kons: null

2022-11-22 16:33:58 - [TEST_STEP][PASSED] - response_searchME_spouse = reqid_spouse: null

2022-11-22 16:33:58 - [TEST_STEP][PASSED] - println("kons req id is :" + response_searchME_kons): null

2022-11-22 16:33:58 - [TEST_STEP][PASSED] - println("spouse req id is : " + response_searchME_spouse): null

2022-11-22 16:33:58 - [TEST_STEP][PASSED] - verifyResponseStatusCode(req_data, 200): Verify response status code successfully

2022-11-22 16:33:58 - [MESSAGE][PASSED] - Verify response status code successfully

2022-11-22 16:33:58 - [TEST_STEP][PASSED] - response = req_data.getResponseText(): null

2022-11-22 16:33:58 - [TEST_STEP][PASSED] - logInfo($response): {"status":"Done","data":{"requestid1":"242284","requestid2":""}}

2022-11-22 16:33:58 - [MESSAGE][INFO] - {"status":"Done","data":{"requestid1":"242284","requestid2":""}}

2022-11-22 16:33:58 - [TEST_STEP][PASSED] - delay(3): Delayed 3 second(s)

2022-11-22 16:34:01 - [MESSAGE][PASSED] - Delayed 3 second(s)

2022-11-22 16:34:01 - [TEST_STEP][PASSED] - scoring = sendRequest(findTestObject("EngineScore", ["response_searchME_kons":response_searchME_kons, "response_searchME_spouse":response_searchME_spouse])): Send request successfully

2022-11-22 16:34:01 - [MESSAGE][INFO] - HAR: D:\DMS\Engine Scoring\Reports\20221122_162012\Exclude KKB - DS\Scoring Individu - KKB\20221122_162012\requests\main\321.har

2022-11-22 16:34:01 - [MESSAGE][PASSED] - Send request successfully

2022-11-22 16:34:01 - [TEST_STEP][PASSED] - verifyResponseStatusCode(scoring, 200): Verify response status code successfully

2022-11-22 16:34:01 - [MESSAGE][PASSED] - Verify response status code successfully

2022-11-22 16:34:01 - [TEST_STEP][PASSED] - response2 = scoring.getResponseText(): null

2022-11-22 16:34:01 - [TEST_STEP][PASSED] - markPassed("result service data ke : " + no): result service data ke : 161

2022-11-22 16:34:01 - [MESSAGE][PASSED] - result service data ke : 161

2022-11-22 16:34:01 - [TEST_STEP][PASSED] - logInfo($response2): {"result_konsumen":"Approve","result_pasangan":"","Final_result":"Approve","errorMessage":"","status":"Done"}

2022-11-22 16:34:01 - [MESSAGE][INFO] - {"result_konsumen":"Approve","result_pasangan":"","Final_result":"Approve","errorMessage":"","status":"Done"}

2022-11-22 16:34:01 - [TEST_STEP][PASSED] - verifyElementPropertyValue(scoring, "Final_result", final_result): Verify element property value successfully

2022-11-22 16:34:01 - [MESSAGE][PASSED] - Verify element property value successfully]]></system-out>
         <system-err><![CDATA[]]></system-err>
      </testcase>
      <testcase name="Test Cases/Engine_Scoring/Engine Scoring" time="5.653" classname="Test Cases/Engine_Scoring/Engine Scoring" status="PASSED">
         <system-out><![CDATA[2022-11-22 16:34:01 - [TEST_CASE][PASSED] - Test Cases/Engine_Scoring/Engine Scoring: Test Cases/Engine_Scoring/Engine Scoring

2022-11-22 16:34:03 - [TEST_STEP][PASSED] - markPassed("Variasi data ke : " + no): Variasi data ke : 162

2022-11-22 16:34:03 - [MESSAGE][PASSED] - Variasi data ke : 162

2022-11-22 16:34:03 - [TEST_STEP][PASSED] - req_data = sendRequest(findTestObject("Search_ME", ["MID":MID, "source":source, "ip":ip, "userid":userid, "branch":branch, "tipekons":tipekons, "marital":marital, "penjamin":penjamin, ... ])): Send request successfully

2022-11-22 16:34:04 - [MESSAGE][INFO] - HAR: D:\DMS\Engine Scoring\Reports\20221122_162012\Exclude KKB - DS\Scoring Individu - KKB\20221122_162012\requests\main\322.har

2022-11-22 16:34:04 - [MESSAGE][PASSED] - Send request successfully

2022-11-22 16:34:04 - [TEST_STEP][PASSED] - slurper = new groovy.json.JsonSlurper(): null

2022-11-22 16:34:04 - [TEST_STEP][PASSED] - result = slurper.parseText(req_data.getResponseBodyContent()): null

2022-11-22 16:34:04 - [TEST_STEP][PASSED] - reqid_kons = requestid1: null

2022-11-22 16:34:04 - [TEST_STEP][PASSED] - reqid_spouse = requestid2: null

2022-11-22 16:34:04 - [TEST_STEP][PASSED] - println("requestid kons : " + reqid_kons): null

2022-11-22 16:34:04 - [TEST_STEP][PASSED] - response_searchME_kons = reqid_kons: null

2022-11-22 16:34:04 - [TEST_STEP][PASSED] - response_searchME_spouse = reqid_spouse: null

2022-11-22 16:34:04 - [TEST_STEP][PASSED] - println("kons req id is :" + response_searchME_kons): null

2022-11-22 16:34:04 - [TEST_STEP][PASSED] - println("spouse req id is : " + response_searchME_spouse): null

2022-11-22 16:34:04 - [TEST_STEP][PASSED] - verifyResponseStatusCode(req_data, 200): Verify response status code successfully

2022-11-22 16:34:04 - [MESSAGE][PASSED] - Verify response status code successfully

2022-11-22 16:34:04 - [TEST_STEP][PASSED] - response = req_data.getResponseText(): null

2022-11-22 16:34:04 - [TEST_STEP][PASSED] - logInfo($response): {"status":"Done","data":{"requestid1":"242285","requestid2":""}}

2022-11-22 16:34:04 - [MESSAGE][INFO] - {"status":"Done","data":{"requestid1":"242285","requestid2":""}}

2022-11-22 16:34:04 - [TEST_STEP][PASSED] - delay(3): Delayed 3 second(s)

2022-11-22 16:34:07 - [MESSAGE][PASSED] - Delayed 3 second(s)

2022-11-22 16:34:07 - [TEST_STEP][PASSED] - scoring = sendRequest(findTestObject("EngineScore", ["response_searchME_kons":response_searchME_kons, "response_searchME_spouse":response_searchME_spouse])): Send request successfully

2022-11-22 16:34:07 - [MESSAGE][INFO] - HAR: D:\DMS\Engine Scoring\Reports\20221122_162012\Exclude KKB - DS\Scoring Individu - KKB\20221122_162012\requests\main\323.har

2022-11-22 16:34:07 - [MESSAGE][PASSED] - Send request successfully

2022-11-22 16:34:07 - [TEST_STEP][PASSED] - verifyResponseStatusCode(scoring, 200): Verify response status code successfully

2022-11-22 16:34:07 - [MESSAGE][PASSED] - Verify response status code successfully

2022-11-22 16:34:07 - [TEST_STEP][PASSED] - response2 = scoring.getResponseText(): null

2022-11-22 16:34:07 - [TEST_STEP][PASSED] - markPassed("result service data ke : " + no): result service data ke : 162

2022-11-22 16:34:07 - [MESSAGE][PASSED] - result service data ke : 162

2022-11-22 16:34:07 - [TEST_STEP][PASSED] - logInfo($response2): {"result_konsumen":"Approve","result_pasangan":"","Final_result":"Approve","errorMessage":"","status":"Done"}

2022-11-22 16:34:07 - [MESSAGE][INFO] - {"result_konsumen":"Approve","result_pasangan":"","Final_result":"Approve","errorMessage":"","status":"Done"}

2022-11-22 16:34:07 - [TEST_STEP][PASSED] - verifyElementPropertyValue(scoring, "Final_result", final_result): Verify element property value successfully

2022-11-22 16:34:07 - [MESSAGE][PASSED] - Verify element property value successfully]]></system-out>
         <system-err><![CDATA[]]></system-err>
      </testcase>
      <testcase name="Test Cases/Engine_Scoring/Engine Scoring" time="5.391" classname="Test Cases/Engine_Scoring/Engine Scoring" status="PASSED">
         <system-out><![CDATA[2022-11-22 16:34:07 - [TEST_CASE][PASSED] - Test Cases/Engine_Scoring/Engine Scoring: Test Cases/Engine_Scoring/Engine Scoring

2022-11-22 16:34:08 - [TEST_STEP][PASSED] - markPassed("Variasi data ke : " + no): Variasi data ke : 163

2022-11-22 16:34:08 - [MESSAGE][PASSED] - Variasi data ke : 163

2022-11-22 16:34:08 - [TEST_STEP][PASSED] - req_data = sendRequest(findTestObject("Search_ME", ["MID":MID, "source":source, "ip":ip, "userid":userid, "branch":branch, "tipekons":tipekons, "marital":marital, "penjamin":penjamin, ... ])): Send request successfully

2022-11-22 16:34:09 - [MESSAGE][INFO] - HAR: D:\DMS\Engine Scoring\Reports\20221122_162012\Exclude KKB - DS\Scoring Individu - KKB\20221122_162012\requests\main\324.har

2022-11-22 16:34:09 - [MESSAGE][PASSED] - Send request successfully

2022-11-22 16:34:09 - [TEST_STEP][PASSED] - slurper = new groovy.json.JsonSlurper(): null

2022-11-22 16:34:09 - [TEST_STEP][PASSED] - result = slurper.parseText(req_data.getResponseBodyContent()): null

2022-11-22 16:34:09 - [TEST_STEP][PASSED] - reqid_kons = requestid1: null

2022-11-22 16:34:09 - [TEST_STEP][PASSED] - reqid_spouse = requestid2: null

2022-11-22 16:34:09 - [TEST_STEP][PASSED] - println("requestid kons : " + reqid_kons): null

2022-11-22 16:34:09 - [TEST_STEP][PASSED] - response_searchME_kons = reqid_kons: null

2022-11-22 16:34:09 - [TEST_STEP][PASSED] - response_searchME_spouse = reqid_spouse: null

2022-11-22 16:34:09 - [TEST_STEP][PASSED] - println("kons req id is :" + response_searchME_kons): null

2022-11-22 16:34:09 - [TEST_STEP][PASSED] - println("spouse req id is : " + response_searchME_spouse): null

2022-11-22 16:34:09 - [TEST_STEP][PASSED] - verifyResponseStatusCode(req_data, 200): Verify response status code successfully

2022-11-22 16:34:09 - [MESSAGE][PASSED] - Verify response status code successfully

2022-11-22 16:34:09 - [TEST_STEP][PASSED] - response = req_data.getResponseText(): null

2022-11-22 16:34:09 - [TEST_STEP][PASSED] - logInfo($response): {"status":"Done","data":{"requestid1":"242286","requestid2":""}}

2022-11-22 16:34:09 - [MESSAGE][INFO] - {"status":"Done","data":{"requestid1":"242286","requestid2":""}}

2022-11-22 16:34:09 - [TEST_STEP][PASSED] - delay(3): Delayed 3 second(s)

2022-11-22 16:34:12 - [MESSAGE][PASSED] - Delayed 3 second(s)

2022-11-22 16:34:12 - [TEST_STEP][PASSED] - scoring = sendRequest(findTestObject("EngineScore", ["response_searchME_kons":response_searchME_kons, "response_searchME_spouse":response_searchME_spouse])): Send request successfully

2022-11-22 16:34:12 - [MESSAGE][INFO] - HAR: D:\DMS\Engine Scoring\Reports\20221122_162012\Exclude KKB - DS\Scoring Individu - KKB\20221122_162012\requests\main\325.har

2022-11-22 16:34:12 - [MESSAGE][PASSED] - Send request successfully

2022-11-22 16:34:12 - [TEST_STEP][PASSED] - verifyResponseStatusCode(scoring, 200): Verify response status code successfully

2022-11-22 16:34:12 - [MESSAGE][PASSED] - Verify response status code successfully

2022-11-22 16:34:12 - [TEST_STEP][PASSED] - response2 = scoring.getResponseText(): null

2022-11-22 16:34:12 - [TEST_STEP][PASSED] - markPassed("result service data ke : " + no): result service data ke : 163

2022-11-22 16:34:12 - [MESSAGE][PASSED] - result service data ke : 163

2022-11-22 16:34:12 - [TEST_STEP][PASSED] - logInfo($response2): {"result_konsumen":"Approve","result_pasangan":"","Final_result":"Approve","errorMessage":"","status":"Done"}

2022-11-22 16:34:12 - [MESSAGE][INFO] - {"result_konsumen":"Approve","result_pasangan":"","Final_result":"Approve","errorMessage":"","status":"Done"}

2022-11-22 16:34:12 - [TEST_STEP][PASSED] - verifyElementPropertyValue(scoring, "Final_result", final_result): Verify element property value successfully

2022-11-22 16:34:12 - [MESSAGE][PASSED] - Verify element property value successfully]]></system-out>
         <system-err><![CDATA[]]></system-err>
      </testcase>
      <testcase name="Test Cases/Engine_Scoring/Engine Scoring" time="5.555" classname="Test Cases/Engine_Scoring/Engine Scoring" status="PASSED">
         <system-out><![CDATA[2022-11-22 16:34:12 - [TEST_CASE][PASSED] - Test Cases/Engine_Scoring/Engine Scoring: Test Cases/Engine_Scoring/Engine Scoring

2022-11-22 16:34:14 - [TEST_STEP][PASSED] - markPassed("Variasi data ke : " + no): Variasi data ke : 164

2022-11-22 16:34:14 - [MESSAGE][PASSED] - Variasi data ke : 164

2022-11-22 16:34:14 - [TEST_STEP][PASSED] - req_data = sendRequest(findTestObject("Search_ME", ["MID":MID, "source":source, "ip":ip, "userid":userid, "branch":branch, "tipekons":tipekons, "marital":marital, "penjamin":penjamin, ... ])): Send request successfully

2022-11-22 16:34:15 - [MESSAGE][INFO] - HAR: D:\DMS\Engine Scoring\Reports\20221122_162012\Exclude KKB - DS\Scoring Individu - KKB\20221122_162012\requests\main\326.har

2022-11-22 16:34:15 - [MESSAGE][PASSED] - Send request successfully

2022-11-22 16:34:15 - [TEST_STEP][PASSED] - slurper = new groovy.json.JsonSlurper(): null

2022-11-22 16:34:15 - [TEST_STEP][PASSED] - result = slurper.parseText(req_data.getResponseBodyContent()): null

2022-11-22 16:34:15 - [TEST_STEP][PASSED] - reqid_kons = requestid1: null

2022-11-22 16:34:15 - [TEST_STEP][PASSED] - reqid_spouse = requestid2: null

2022-11-22 16:34:15 - [TEST_STEP][PASSED] - println("requestid kons : " + reqid_kons): null

2022-11-22 16:34:15 - [TEST_STEP][PASSED] - response_searchME_kons = reqid_kons: null

2022-11-22 16:34:15 - [TEST_STEP][PASSED] - response_searchME_spouse = reqid_spouse: null

2022-11-22 16:34:15 - [TEST_STEP][PASSED] - println("kons req id is :" + response_searchME_kons): null

2022-11-22 16:34:15 - [TEST_STEP][PASSED] - println("spouse req id is : " + response_searchME_spouse): null

2022-11-22 16:34:15 - [TEST_STEP][PASSED] - verifyResponseStatusCode(req_data, 200): Verify response status code successfully

2022-11-22 16:34:15 - [MESSAGE][PASSED] - Verify response status code successfully

2022-11-22 16:34:15 - [TEST_STEP][PASSED] - response = req_data.getResponseText(): null

2022-11-22 16:34:15 - [TEST_STEP][PASSED] - logInfo($response): {"status":"Done","data":{"requestid1":"242287","requestid2":""}}

2022-11-22 16:34:15 - [MESSAGE][INFO] - {"status":"Done","data":{"requestid1":"242287","requestid2":""}}

2022-11-22 16:34:15 - [TEST_STEP][PASSED] - delay(3): Delayed 3 second(s)

2022-11-22 16:34:18 - [MESSAGE][PASSED] - Delayed 3 second(s)

2022-11-22 16:34:18 - [TEST_STEP][PASSED] - scoring = sendRequest(findTestObject("EngineScore", ["response_searchME_kons":response_searchME_kons, "response_searchME_spouse":response_searchME_spouse])): Send request successfully

2022-11-22 16:34:18 - [MESSAGE][INFO] - HAR: D:\DMS\Engine Scoring\Reports\20221122_162012\Exclude KKB - DS\Scoring Individu - KKB\20221122_162012\requests\main\327.har

2022-11-22 16:34:18 - [MESSAGE][PASSED] - Send request successfully

2022-11-22 16:34:18 - [TEST_STEP][PASSED] - verifyResponseStatusCode(scoring, 200): Verify response status code successfully

2022-11-22 16:34:18 - [MESSAGE][PASSED] - Verify response status code successfully

2022-11-22 16:34:18 - [TEST_STEP][PASSED] - response2 = scoring.getResponseText(): null

2022-11-22 16:34:18 - [TEST_STEP][PASSED] - markPassed("result service data ke : " + no): result service data ke : 164

2022-11-22 16:34:18 - [MESSAGE][PASSED] - result service data ke : 164

2022-11-22 16:34:18 - [TEST_STEP][PASSED] - logInfo($response2): {"result_konsumen":"Approve","result_pasangan":"","Final_result":"Approve","errorMessage":"","status":"Done"}

2022-11-22 16:34:18 - [MESSAGE][INFO] - {"result_konsumen":"Approve","result_pasangan":"","Final_result":"Approve","errorMessage":"","status":"Done"}

2022-11-22 16:34:18 - [TEST_STEP][PASSED] - verifyElementPropertyValue(scoring, "Final_result", final_result): Verify element property value successfully

2022-11-22 16:34:18 - [MESSAGE][PASSED] - Verify element property value successfully]]></system-out>
         <system-err><![CDATA[]]></system-err>
      </testcase>
      <testcase name="Test Cases/Engine_Scoring/Engine Scoring" time="5.762" classname="Test Cases/Engine_Scoring/Engine Scoring" status="PASSED">
         <system-out><![CDATA[2022-11-22 16:34:18 - [TEST_CASE][PASSED] - Test Cases/Engine_Scoring/Engine Scoring: Test Cases/Engine_Scoring/Engine Scoring

2022-11-22 16:34:19 - [TEST_STEP][PASSED] - markPassed("Variasi data ke : " + no): Variasi data ke : 165

2022-11-22 16:34:19 - [MESSAGE][PASSED] - Variasi data ke : 165

2022-11-22 16:34:19 - [TEST_STEP][PASSED] - req_data = sendRequest(findTestObject("Search_ME", ["MID":MID, "source":source, "ip":ip, "userid":userid, "branch":branch, "tipekons":tipekons, "marital":marital, "penjamin":penjamin, ... ])): Send request successfully

2022-11-22 16:34:21 - [MESSAGE][INFO] - HAR: D:\DMS\Engine Scoring\Reports\20221122_162012\Exclude KKB - DS\Scoring Individu - KKB\20221122_162012\requests\main\328.har

2022-11-22 16:34:21 - [MESSAGE][PASSED] - Send request successfully

2022-11-22 16:34:21 - [TEST_STEP][PASSED] - slurper = new groovy.json.JsonSlurper(): null

2022-11-22 16:34:21 - [TEST_STEP][PASSED] - result = slurper.parseText(req_data.getResponseBodyContent()): null

2022-11-22 16:34:21 - [TEST_STEP][PASSED] - reqid_kons = requestid1: null

2022-11-22 16:34:21 - [TEST_STEP][PASSED] - reqid_spouse = requestid2: null

2022-11-22 16:34:21 - [TEST_STEP][PASSED] - println("requestid kons : " + reqid_kons): null

2022-11-22 16:34:21 - [TEST_STEP][PASSED] - response_searchME_kons = reqid_kons: null

2022-11-22 16:34:21 - [TEST_STEP][PASSED] - response_searchME_spouse = reqid_spouse: null

2022-11-22 16:34:21 - [TEST_STEP][PASSED] - println("kons req id is :" + response_searchME_kons): null

2022-11-22 16:34:21 - [TEST_STEP][PASSED] - println("spouse req id is : " + response_searchME_spouse): null

2022-11-22 16:34:21 - [TEST_STEP][PASSED] - verifyResponseStatusCode(req_data, 200): Verify response status code successfully

2022-11-22 16:34:21 - [MESSAGE][PASSED] - Verify response status code successfully

2022-11-22 16:34:21 - [TEST_STEP][PASSED] - response = req_data.getResponseText(): null

2022-11-22 16:34:21 - [TEST_STEP][PASSED] - logInfo($response): {"status":"Done","data":{"requestid1":"242288","requestid2":""}}

2022-11-22 16:34:21 - [MESSAGE][INFO] - {"status":"Done","data":{"requestid1":"242288","requestid2":""}}

2022-11-22 16:34:21 - [TEST_STEP][PASSED] - delay(3): Delayed 3 second(s)

2022-11-22 16:34:24 - [MESSAGE][PASSED] - Delayed 3 second(s)

2022-11-22 16:34:24 - [TEST_STEP][PASSED] - scoring = sendRequest(findTestObject("EngineScore", ["response_searchME_kons":response_searchME_kons, "response_searchME_spouse":response_searchME_spouse])): Send request successfully

2022-11-22 16:34:24 - [MESSAGE][INFO] - HAR: D:\DMS\Engine Scoring\Reports\20221122_162012\Exclude KKB - DS\Scoring Individu - KKB\20221122_162012\requests\main\329.har

2022-11-22 16:34:24 - [MESSAGE][PASSED] - Send request successfully

2022-11-22 16:34:24 - [TEST_STEP][PASSED] - verifyResponseStatusCode(scoring, 200): Verify response status code successfully

2022-11-22 16:34:24 - [MESSAGE][PASSED] - Verify response status code successfully

2022-11-22 16:34:24 - [TEST_STEP][PASSED] - response2 = scoring.getResponseText(): null

2022-11-22 16:34:24 - [TEST_STEP][PASSED] - markPassed("result service data ke : " + no): result service data ke : 165

2022-11-22 16:34:24 - [MESSAGE][PASSED] - result service data ke : 165

2022-11-22 16:34:24 - [TEST_STEP][PASSED] - logInfo($response2): {"result_konsumen":"Reject","result_pasangan":"","Final_result":"Reject","errorMessage":"","status":"Done"}

2022-11-22 16:34:24 - [MESSAGE][INFO] - {"result_konsumen":"Reject","result_pasangan":"","Final_result":"Reject","errorMessage":"","status":"Done"}

2022-11-22 16:34:24 - [TEST_STEP][PASSED] - verifyElementPropertyValue(scoring, "Final_result", final_result): Verify element property value successfully

2022-11-22 16:34:24 - [MESSAGE][PASSED] - Verify element property value successfully]]></system-out>
         <system-err><![CDATA[]]></system-err>
      </testcase>
      <testcase name="Test Cases/Engine_Scoring/Engine Scoring" time="20.684" classname="Test Cases/Engine_Scoring/Engine Scoring" status="PASSED">
         <system-out><![CDATA[2022-11-22 16:34:24 - [TEST_CASE][PASSED] - Test Cases/Engine_Scoring/Engine Scoring: Test Cases/Engine_Scoring/Engine Scoring

2022-11-22 16:34:40 - [TEST_STEP][PASSED] - markPassed("Variasi data ke : " + no): Variasi data ke : 166

2022-11-22 16:34:40 - [MESSAGE][PASSED] - Variasi data ke : 166

2022-11-22 16:34:40 - [TEST_STEP][PASSED] - req_data = sendRequest(findTestObject("Search_ME", ["MID":MID, "source":source, "ip":ip, "userid":userid, "branch":branch, "tipekons":tipekons, "marital":marital, "penjamin":penjamin, ... ])): Send request successfully

2022-11-22 16:34:41 - [MESSAGE][INFO] - HAR: D:\DMS\Engine Scoring\Reports\20221122_162012\Exclude KKB - DS\Scoring Individu - KKB\20221122_162012\requests\main\330.har

2022-11-22 16:34:41 - [MESSAGE][PASSED] - Send request successfully

2022-11-22 16:34:41 - [TEST_STEP][PASSED] - slurper = new groovy.json.JsonSlurper(): null

2022-11-22 16:34:41 - [TEST_STEP][PASSED] - result = slurper.parseText(req_data.getResponseBodyContent()): null

2022-11-22 16:34:41 - [TEST_STEP][PASSED] - reqid_kons = requestid1: null

2022-11-22 16:34:41 - [TEST_STEP][PASSED] - reqid_spouse = requestid2: null

2022-11-22 16:34:41 - [TEST_STEP][PASSED] - println("requestid kons : " + reqid_kons): null

2022-11-22 16:34:41 - [TEST_STEP][PASSED] - response_searchME_kons = reqid_kons: null

2022-11-22 16:34:41 - [TEST_STEP][PASSED] - response_searchME_spouse = reqid_spouse: null

2022-11-22 16:34:41 - [TEST_STEP][PASSED] - println("kons req id is :" + response_searchME_kons): null

2022-11-22 16:34:41 - [TEST_STEP][PASSED] - println("spouse req id is : " + response_searchME_spouse): null

2022-11-22 16:34:41 - [TEST_STEP][PASSED] - verifyResponseStatusCode(req_data, 200): Verify response status code successfully

2022-11-22 16:34:41 - [MESSAGE][PASSED] - Verify response status code successfully

2022-11-22 16:34:41 - [TEST_STEP][PASSED] - response = req_data.getResponseText(): null

2022-11-22 16:34:41 - [TEST_STEP][PASSED] - logInfo($response): {"status":"Done","data":{"requestid1":"242289","requestid2":""}}

2022-11-22 16:34:41 - [MESSAGE][INFO] - {"status":"Done","data":{"requestid1":"242289","requestid2":""}}

2022-11-22 16:34:41 - [TEST_STEP][PASSED] - delay(3): Delayed 3 second(s)

2022-11-22 16:34:44 - [MESSAGE][PASSED] - Delayed 3 second(s)

2022-11-22 16:34:44 - [TEST_STEP][PASSED] - scoring = sendRequest(findTestObject("EngineScore", ["response_searchME_kons":response_searchME_kons, "response_searchME_spouse":response_searchME_spouse])): Send request successfully

2022-11-22 16:34:45 - [MESSAGE][INFO] - HAR: D:\DMS\Engine Scoring\Reports\20221122_162012\Exclude KKB - DS\Scoring Individu - KKB\20221122_162012\requests\main\331.har

2022-11-22 16:34:45 - [MESSAGE][PASSED] - Send request successfully

2022-11-22 16:34:45 - [TEST_STEP][PASSED] - verifyResponseStatusCode(scoring, 200): Verify response status code successfully

2022-11-22 16:34:45 - [MESSAGE][PASSED] - Verify response status code successfully

2022-11-22 16:34:45 - [TEST_STEP][PASSED] - response2 = scoring.getResponseText(): null

2022-11-22 16:34:45 - [TEST_STEP][PASSED] - markPassed("result service data ke : " + no): result service data ke : 166

2022-11-22 16:34:45 - [MESSAGE][PASSED] - result service data ke : 166

2022-11-22 16:34:45 - [TEST_STEP][PASSED] - logInfo($response2): {"result_konsumen":"Reject","result_pasangan":"","Final_result":"Reject","errorMessage":"","status":"Done"}

2022-11-22 16:34:45 - [MESSAGE][INFO] - {"result_konsumen":"Reject","result_pasangan":"","Final_result":"Reject","errorMessage":"","status":"Done"}

2022-11-22 16:34:45 - [TEST_STEP][PASSED] - verifyElementPropertyValue(scoring, "Final_result", final_result): Verify element property value successfully

2022-11-22 16:34:45 - [MESSAGE][PASSED] - Verify element property value successfully]]></system-out>
         <system-err><![CDATA[]]></system-err>
      </testcase>
      <testcase name="Test Cases/Engine_Scoring/Engine Scoring" time="5.45" classname="Test Cases/Engine_Scoring/Engine Scoring" status="PASSED">
         <system-out><![CDATA[2022-11-22 16:34:45 - [TEST_CASE][PASSED] - Test Cases/Engine_Scoring/Engine Scoring: Test Cases/Engine_Scoring/Engine Scoring

2022-11-22 16:34:46 - [TEST_STEP][PASSED] - markPassed("Variasi data ke : " + no): Variasi data ke : 167

2022-11-22 16:34:46 - [MESSAGE][PASSED] - Variasi data ke : 167

2022-11-22 16:34:46 - [TEST_STEP][PASSED] - req_data = sendRequest(findTestObject("Search_ME", ["MID":MID, "source":source, "ip":ip, "userid":userid, "branch":branch, "tipekons":tipekons, "marital":marital, "penjamin":penjamin, ... ])): Send request successfully

2022-11-22 16:34:47 - [MESSAGE][INFO] - HAR: D:\DMS\Engine Scoring\Reports\20221122_162012\Exclude KKB - DS\Scoring Individu - KKB\20221122_162012\requests\main\332.har

2022-11-22 16:34:47 - [MESSAGE][PASSED] - Send request successfully

2022-11-22 16:34:47 - [TEST_STEP][PASSED] - slurper = new groovy.json.JsonSlurper(): null

2022-11-22 16:34:47 - [TEST_STEP][PASSED] - result = slurper.parseText(req_data.getResponseBodyContent()): null

2022-11-22 16:34:47 - [TEST_STEP][PASSED] - reqid_kons = requestid1: null

2022-11-22 16:34:47 - [TEST_STEP][PASSED] - reqid_spouse = requestid2: null

2022-11-22 16:34:47 - [TEST_STEP][PASSED] - println("requestid kons : " + reqid_kons): null

2022-11-22 16:34:47 - [TEST_STEP][PASSED] - response_searchME_kons = reqid_kons: null

2022-11-22 16:34:47 - [TEST_STEP][PASSED] - response_searchME_spouse = reqid_spouse: null

2022-11-22 16:34:47 - [TEST_STEP][PASSED] - println("kons req id is :" + response_searchME_kons): null

2022-11-22 16:34:47 - [TEST_STEP][PASSED] - println("spouse req id is : " + response_searchME_spouse): null

2022-11-22 16:34:47 - [TEST_STEP][PASSED] - verifyResponseStatusCode(req_data, 200): Verify response status code successfully

2022-11-22 16:34:47 - [MESSAGE][PASSED] - Verify response status code successfully

2022-11-22 16:34:47 - [TEST_STEP][PASSED] - response = req_data.getResponseText(): null

2022-11-22 16:34:47 - [TEST_STEP][PASSED] - logInfo($response): {"status":"Done","data":{"requestid1":"242290","requestid2":""}}

2022-11-22 16:34:47 - [MESSAGE][INFO] - {"status":"Done","data":{"requestid1":"242290","requestid2":""}}

2022-11-22 16:34:47 - [TEST_STEP][PASSED] - delay(3): Delayed 3 second(s)

2022-11-22 16:34:50 - [MESSAGE][PASSED] - Delayed 3 second(s)

2022-11-22 16:34:50 - [TEST_STEP][PASSED] - scoring = sendRequest(findTestObject("EngineScore", ["response_searchME_kons":response_searchME_kons, "response_searchME_spouse":response_searchME_spouse])): Send request successfully

2022-11-22 16:34:50 - [MESSAGE][INFO] - HAR: D:\DMS\Engine Scoring\Reports\20221122_162012\Exclude KKB - DS\Scoring Individu - KKB\20221122_162012\requests\main\333.har

2022-11-22 16:34:50 - [MESSAGE][PASSED] - Send request successfully

2022-11-22 16:34:50 - [TEST_STEP][PASSED] - verifyResponseStatusCode(scoring, 200): Verify response status code successfully

2022-11-22 16:34:50 - [MESSAGE][PASSED] - Verify response status code successfully

2022-11-22 16:34:50 - [TEST_STEP][PASSED] - response2 = scoring.getResponseText(): null

2022-11-22 16:34:50 - [TEST_STEP][PASSED] - markPassed("result service data ke : " + no): result service data ke : 167

2022-11-22 16:34:50 - [MESSAGE][PASSED] - result service data ke : 167

2022-11-22 16:34:50 - [TEST_STEP][PASSED] - logInfo($response2): {"result_konsumen":"Reject","result_pasangan":"","Final_result":"Reject","errorMessage":"","status":"Done"}

2022-11-22 16:34:50 - [MESSAGE][INFO] - {"result_konsumen":"Reject","result_pasangan":"","Final_result":"Reject","errorMessage":"","status":"Done"}

2022-11-22 16:34:50 - [TEST_STEP][PASSED] - verifyElementPropertyValue(scoring, "Final_result", final_result): Verify element property value successfully

2022-11-22 16:34:50 - [MESSAGE][PASSED] - Verify element property value successfully]]></system-out>
         <system-err><![CDATA[]]></system-err>
      </testcase>
      <testcase name="Test Cases/Engine_Scoring/Engine Scoring" time="5.748" classname="Test Cases/Engine_Scoring/Engine Scoring" status="PASSED">
         <system-out><![CDATA[2022-11-22 16:34:50 - [TEST_CASE][PASSED] - Test Cases/Engine_Scoring/Engine Scoring: Test Cases/Engine_Scoring/Engine Scoring

2022-11-22 16:34:52 - [TEST_STEP][PASSED] - markPassed("Variasi data ke : " + no): Variasi data ke : 168

2022-11-22 16:34:52 - [MESSAGE][PASSED] - Variasi data ke : 168

2022-11-22 16:34:52 - [TEST_STEP][PASSED] - req_data = sendRequest(findTestObject("Search_ME", ["MID":MID, "source":source, "ip":ip, "userid":userid, "branch":branch, "tipekons":tipekons, "marital":marital, "penjamin":penjamin, ... ])): Send request successfully

2022-11-22 16:34:53 - [MESSAGE][INFO] - HAR: D:\DMS\Engine Scoring\Reports\20221122_162012\Exclude KKB - DS\Scoring Individu - KKB\20221122_162012\requests\main\334.har

2022-11-22 16:34:53 - [MESSAGE][PASSED] - Send request successfully

2022-11-22 16:34:53 - [TEST_STEP][PASSED] - slurper = new groovy.json.JsonSlurper(): null

2022-11-22 16:34:53 - [TEST_STEP][PASSED] - result = slurper.parseText(req_data.getResponseBodyContent()): null

2022-11-22 16:34:53 - [TEST_STEP][PASSED] - reqid_kons = requestid1: null

2022-11-22 16:34:53 - [TEST_STEP][PASSED] - reqid_spouse = requestid2: null

2022-11-22 16:34:53 - [TEST_STEP][PASSED] - println("requestid kons : " + reqid_kons): null

2022-11-22 16:34:53 - [TEST_STEP][PASSED] - response_searchME_kons = reqid_kons: null

2022-11-22 16:34:53 - [TEST_STEP][PASSED] - response_searchME_spouse = reqid_spouse: null

2022-11-22 16:34:53 - [TEST_STEP][PASSED] - println("kons req id is :" + response_searchME_kons): null

2022-11-22 16:34:53 - [TEST_STEP][PASSED] - println("spouse req id is : " + response_searchME_spouse): null

2022-11-22 16:34:53 - [TEST_STEP][PASSED] - verifyResponseStatusCode(req_data, 200): Verify response status code successfully

2022-11-22 16:34:53 - [MESSAGE][PASSED] - Verify response status code successfully

2022-11-22 16:34:53 - [TEST_STEP][PASSED] - response = req_data.getResponseText(): null

2022-11-22 16:34:53 - [TEST_STEP][PASSED] - logInfo($response): {"status":"Done","data":{"requestid1":"242291","requestid2":""}}

2022-11-22 16:34:53 - [MESSAGE][INFO] - {"status":"Done","data":{"requestid1":"242291","requestid2":""}}

2022-11-22 16:34:53 - [TEST_STEP][PASSED] - delay(3): Delayed 3 second(s)

2022-11-22 16:34:56 - [MESSAGE][PASSED] - Delayed 3 second(s)

2022-11-22 16:34:56 - [TEST_STEP][PASSED] - scoring = sendRequest(findTestObject("EngineScore", ["response_searchME_kons":response_searchME_kons, "response_searchME_spouse":response_searchME_spouse])): Send request successfully

2022-11-22 16:34:56 - [MESSAGE][INFO] - HAR: D:\DMS\Engine Scoring\Reports\20221122_162012\Exclude KKB - DS\Scoring Individu - KKB\20221122_162012\requests\main\335.har

2022-11-22 16:34:56 - [MESSAGE][PASSED] - Send request successfully

2022-11-22 16:34:56 - [TEST_STEP][PASSED] - verifyResponseStatusCode(scoring, 200): Verify response status code successfully

2022-11-22 16:34:56 - [MESSAGE][PASSED] - Verify response status code successfully

2022-11-22 16:34:56 - [TEST_STEP][PASSED] - response2 = scoring.getResponseText(): null

2022-11-22 16:34:56 - [TEST_STEP][PASSED] - markPassed("result service data ke : " + no): result service data ke : 168

2022-11-22 16:34:56 - [MESSAGE][PASSED] - result service data ke : 168

2022-11-22 16:34:56 - [TEST_STEP][PASSED] - logInfo($response2): {"result_konsumen":"Reject","result_pasangan":"","Final_result":"Reject","errorMessage":"","status":"Done"}

2022-11-22 16:34:56 - [MESSAGE][INFO] - {"result_konsumen":"Reject","result_pasangan":"","Final_result":"Reject","errorMessage":"","status":"Done"}

2022-11-22 16:34:56 - [TEST_STEP][PASSED] - verifyElementPropertyValue(scoring, "Final_result", final_result): Verify element property value successfully

2022-11-22 16:34:56 - [MESSAGE][PASSED] - Verify element property value successfully]]></system-out>
         <system-err><![CDATA[]]></system-err>
      </testcase>
      <testcase name="Test Cases/Engine_Scoring/Engine Scoring" time="5.527" classname="Test Cases/Engine_Scoring/Engine Scoring" status="PASSED">
         <system-out><![CDATA[2022-11-22 16:34:56 - [TEST_CASE][PASSED] - Test Cases/Engine_Scoring/Engine Scoring: Test Cases/Engine_Scoring/Engine Scoring

2022-11-22 16:34:57 - [TEST_STEP][PASSED] - markPassed("Variasi data ke : " + no): Variasi data ke : 169

2022-11-22 16:34:57 - [MESSAGE][PASSED] - Variasi data ke : 169

2022-11-22 16:34:57 - [TEST_STEP][PASSED] - req_data = sendRequest(findTestObject("Search_ME", ["MID":MID, "source":source, "ip":ip, "userid":userid, "branch":branch, "tipekons":tipekons, "marital":marital, "penjamin":penjamin, ... ])): Send request successfully

2022-11-22 16:34:58 - [MESSAGE][INFO] - HAR: D:\DMS\Engine Scoring\Reports\20221122_162012\Exclude KKB - DS\Scoring Individu - KKB\20221122_162012\requests\main\336.har

2022-11-22 16:34:58 - [MESSAGE][PASSED] - Send request successfully

2022-11-22 16:34:58 - [TEST_STEP][PASSED] - slurper = new groovy.json.JsonSlurper(): null

2022-11-22 16:34:58 - [TEST_STEP][PASSED] - result = slurper.parseText(req_data.getResponseBodyContent()): null

2022-11-22 16:34:58 - [TEST_STEP][PASSED] - reqid_kons = requestid1: null

2022-11-22 16:34:58 - [TEST_STEP][PASSED] - reqid_spouse = requestid2: null

2022-11-22 16:34:58 - [TEST_STEP][PASSED] - println("requestid kons : " + reqid_kons): null

2022-11-22 16:34:58 - [TEST_STEP][PASSED] - response_searchME_kons = reqid_kons: null

2022-11-22 16:34:58 - [TEST_STEP][PASSED] - response_searchME_spouse = reqid_spouse: null

2022-11-22 16:34:58 - [TEST_STEP][PASSED] - println("kons req id is :" + response_searchME_kons): null

2022-11-22 16:34:58 - [TEST_STEP][PASSED] - println("spouse req id is : " + response_searchME_spouse): null

2022-11-22 16:34:58 - [TEST_STEP][PASSED] - verifyResponseStatusCode(req_data, 200): Verify response status code successfully

2022-11-22 16:34:58 - [MESSAGE][PASSED] - Verify response status code successfully

2022-11-22 16:34:58 - [TEST_STEP][PASSED] - response = req_data.getResponseText(): null

2022-11-22 16:34:58 - [TEST_STEP][PASSED] - logInfo($response): {"status":"Done","data":{"requestid1":"242292","requestid2":""}}

2022-11-22 16:34:58 - [MESSAGE][INFO] - {"status":"Done","data":{"requestid1":"242292","requestid2":""}}

2022-11-22 16:34:58 - [TEST_STEP][PASSED] - delay(3): Delayed 3 second(s)

2022-11-22 16:35:01 - [MESSAGE][PASSED] - Delayed 3 second(s)

2022-11-22 16:35:01 - [TEST_STEP][PASSED] - scoring = sendRequest(findTestObject("EngineScore", ["response_searchME_kons":response_searchME_kons, "response_searchME_spouse":response_searchME_spouse])): Send request successfully

2022-11-22 16:35:02 - [MESSAGE][INFO] - HAR: D:\DMS\Engine Scoring\Reports\20221122_162012\Exclude KKB - DS\Scoring Individu - KKB\20221122_162012\requests\main\337.har

2022-11-22 16:35:02 - [MESSAGE][PASSED] - Send request successfully

2022-11-22 16:35:02 - [TEST_STEP][PASSED] - verifyResponseStatusCode(scoring, 200): Verify response status code successfully

2022-11-22 16:35:02 - [MESSAGE][PASSED] - Verify response status code successfully

2022-11-22 16:35:02 - [TEST_STEP][PASSED] - response2 = scoring.getResponseText(): null

2022-11-22 16:35:02 - [TEST_STEP][PASSED] - markPassed("result service data ke : " + no): result service data ke : 169

2022-11-22 16:35:02 - [MESSAGE][PASSED] - result service data ke : 169

2022-11-22 16:35:02 - [TEST_STEP][PASSED] - logInfo($response2): {"result_konsumen":"Approve","result_pasangan":"","Final_result":"Approve","errorMessage":"","status":"Done"}

2022-11-22 16:35:02 - [MESSAGE][INFO] - {"result_konsumen":"Approve","result_pasangan":"","Final_result":"Approve","errorMessage":"","status":"Done"}

2022-11-22 16:35:02 - [TEST_STEP][PASSED] - verifyElementPropertyValue(scoring, "Final_result", final_result): Verify element property value successfully

2022-11-22 16:35:02 - [MESSAGE][PASSED] - Verify element property value successfully]]></system-out>
         <system-err><![CDATA[]]></system-err>
      </testcase>
      <testcase name="Test Cases/Engine_Scoring/Engine Scoring" time="5.627" classname="Test Cases/Engine_Scoring/Engine Scoring" status="PASSED">
         <system-out><![CDATA[2022-11-22 16:35:02 - [TEST_CASE][PASSED] - Test Cases/Engine_Scoring/Engine Scoring: Test Cases/Engine_Scoring/Engine Scoring

2022-11-22 16:35:03 - [TEST_STEP][PASSED] - markPassed("Variasi data ke : " + no): Variasi data ke : 170

2022-11-22 16:35:03 - [MESSAGE][PASSED] - Variasi data ke : 170

2022-11-22 16:35:03 - [TEST_STEP][PASSED] - req_data = sendRequest(findTestObject("Search_ME", ["MID":MID, "source":source, "ip":ip, "userid":userid, "branch":branch, "tipekons":tipekons, "marital":marital, "penjamin":penjamin, ... ])): Send request successfully

2022-11-22 16:35:04 - [MESSAGE][INFO] - HAR: D:\DMS\Engine Scoring\Reports\20221122_162012\Exclude KKB - DS\Scoring Individu - KKB\20221122_162012\requests\main\338.har

2022-11-22 16:35:04 - [MESSAGE][PASSED] - Send request successfully

2022-11-22 16:35:04 - [TEST_STEP][PASSED] - slurper = new groovy.json.JsonSlurper(): null

2022-11-22 16:35:04 - [TEST_STEP][PASSED] - result = slurper.parseText(req_data.getResponseBodyContent()): null

2022-11-22 16:35:04 - [TEST_STEP][PASSED] - reqid_kons = requestid1: null

2022-11-22 16:35:04 - [TEST_STEP][PASSED] - reqid_spouse = requestid2: null

2022-11-22 16:35:04 - [TEST_STEP][PASSED] - println("requestid kons : " + reqid_kons): null

2022-11-22 16:35:04 - [TEST_STEP][PASSED] - response_searchME_kons = reqid_kons: null

2022-11-22 16:35:04 - [TEST_STEP][PASSED] - response_searchME_spouse = reqid_spouse: null

2022-11-22 16:35:04 - [TEST_STEP][PASSED] - println("kons req id is :" + response_searchME_kons): null

2022-11-22 16:35:04 - [TEST_STEP][PASSED] - println("spouse req id is : " + response_searchME_spouse): null

2022-11-22 16:35:04 - [TEST_STEP][PASSED] - verifyResponseStatusCode(req_data, 200): Verify response status code successfully

2022-11-22 16:35:04 - [MESSAGE][PASSED] - Verify response status code successfully

2022-11-22 16:35:04 - [TEST_STEP][PASSED] - response = req_data.getResponseText(): null

2022-11-22 16:35:04 - [TEST_STEP][PASSED] - logInfo($response): {"status":"Done","data":{"requestid1":"242293","requestid2":""}}

2022-11-22 16:35:04 - [MESSAGE][INFO] - {"status":"Done","data":{"requestid1":"242293","requestid2":""}}

2022-11-22 16:35:04 - [TEST_STEP][PASSED] - delay(3): Delayed 3 second(s)

2022-11-22 16:35:07 - [MESSAGE][PASSED] - Delayed 3 second(s)

2022-11-22 16:35:07 - [TEST_STEP][PASSED] - scoring = sendRequest(findTestObject("EngineScore", ["response_searchME_kons":response_searchME_kons, "response_searchME_spouse":response_searchME_spouse])): Send request successfully

2022-11-22 16:35:07 - [MESSAGE][INFO] - HAR: D:\DMS\Engine Scoring\Reports\20221122_162012\Exclude KKB - DS\Scoring Individu - KKB\20221122_162012\requests\main\339.har

2022-11-22 16:35:07 - [MESSAGE][PASSED] - Send request successfully

2022-11-22 16:35:07 - [TEST_STEP][PASSED] - verifyResponseStatusCode(scoring, 200): Verify response status code successfully

2022-11-22 16:35:07 - [MESSAGE][PASSED] - Verify response status code successfully

2022-11-22 16:35:07 - [TEST_STEP][PASSED] - response2 = scoring.getResponseText(): null

2022-11-22 16:35:07 - [TEST_STEP][PASSED] - markPassed("result service data ke : " + no): result service data ke : 170

2022-11-22 16:35:07 - [MESSAGE][PASSED] - result service data ke : 170

2022-11-22 16:35:07 - [TEST_STEP][PASSED] - logInfo($response2): {"result_konsumen":"Approve","result_pasangan":"","Final_result":"Approve","errorMessage":"","status":"Done"}

2022-11-22 16:35:07 - [MESSAGE][INFO] - {"result_konsumen":"Approve","result_pasangan":"","Final_result":"Approve","errorMessage":"","status":"Done"}

2022-11-22 16:35:07 - [TEST_STEP][PASSED] - verifyElementPropertyValue(scoring, "Final_result", final_result): Verify element property value successfully

2022-11-22 16:35:07 - [MESSAGE][PASSED] - Verify element property value successfully]]></system-out>
         <system-err><![CDATA[]]></system-err>
      </testcase>
      <testcase name="Test Cases/Engine_Scoring/Engine Scoring" time="8.525" classname="Test Cases/Engine_Scoring/Engine Scoring" status="PASSED">
         <system-out><![CDATA[2022-11-22 16:35:07 - [TEST_CASE][PASSED] - Test Cases/Engine_Scoring/Engine Scoring: Test Cases/Engine_Scoring/Engine Scoring

2022-11-22 16:35:11 - [TEST_STEP][PASSED] - markPassed("Variasi data ke : " + no): Variasi data ke : 171

2022-11-22 16:35:11 - [MESSAGE][PASSED] - Variasi data ke : 171

2022-11-22 16:35:11 - [TEST_STEP][PASSED] - req_data = sendRequest(findTestObject("Search_ME", ["MID":MID, "source":source, "ip":ip, "userid":userid, "branch":branch, "tipekons":tipekons, "marital":marital, "penjamin":penjamin, ... ])): Send request successfully

2022-11-22 16:35:13 - [MESSAGE][INFO] - HAR: D:\DMS\Engine Scoring\Reports\20221122_162012\Exclude KKB - DS\Scoring Individu - KKB\20221122_162012\requests\main\340.har

2022-11-22 16:35:13 - [MESSAGE][PASSED] - Send request successfully

2022-11-22 16:35:13 - [TEST_STEP][PASSED] - slurper = new groovy.json.JsonSlurper(): null

2022-11-22 16:35:13 - [TEST_STEP][PASSED] - result = slurper.parseText(req_data.getResponseBodyContent()): null

2022-11-22 16:35:13 - [TEST_STEP][PASSED] - reqid_kons = requestid1: null

2022-11-22 16:35:13 - [TEST_STEP][PASSED] - reqid_spouse = requestid2: null

2022-11-22 16:35:13 - [TEST_STEP][PASSED] - println("requestid kons : " + reqid_kons): null

2022-11-22 16:35:13 - [TEST_STEP][PASSED] - response_searchME_kons = reqid_kons: null

2022-11-22 16:35:13 - [TEST_STEP][PASSED] - response_searchME_spouse = reqid_spouse: null

2022-11-22 16:35:13 - [TEST_STEP][PASSED] - println("kons req id is :" + response_searchME_kons): null

2022-11-22 16:35:13 - [TEST_STEP][PASSED] - println("spouse req id is : " + response_searchME_spouse): null

2022-11-22 16:35:13 - [TEST_STEP][PASSED] - verifyResponseStatusCode(req_data, 200): Verify response status code successfully

2022-11-22 16:35:13 - [MESSAGE][PASSED] - Verify response status code successfully

2022-11-22 16:35:13 - [TEST_STEP][PASSED] - response = req_data.getResponseText(): null

2022-11-22 16:35:13 - [TEST_STEP][PASSED] - logInfo($response): {"status":"Done","data":{"requestid1":"242294","requestid2":""}}

2022-11-22 16:35:13 - [MESSAGE][INFO] - {"status":"Done","data":{"requestid1":"242294","requestid2":""}}

2022-11-22 16:35:13 - [TEST_STEP][PASSED] - delay(3): Delayed 3 second(s)

2022-11-22 16:35:16 - [MESSAGE][PASSED] - Delayed 3 second(s)

2022-11-22 16:35:16 - [TEST_STEP][PASSED] - scoring = sendRequest(findTestObject("EngineScore", ["response_searchME_kons":response_searchME_kons, "response_searchME_spouse":response_searchME_spouse])): Send request successfully

2022-11-22 16:35:16 - [MESSAGE][INFO] - HAR: D:\DMS\Engine Scoring\Reports\20221122_162012\Exclude KKB - DS\Scoring Individu - KKB\20221122_162012\requests\main\341.har

2022-11-22 16:35:16 - [MESSAGE][PASSED] - Send request successfully

2022-11-22 16:35:16 - [TEST_STEP][PASSED] - verifyResponseStatusCode(scoring, 200): Verify response status code successfully

2022-11-22 16:35:16 - [MESSAGE][PASSED] - Verify response status code successfully

2022-11-22 16:35:16 - [TEST_STEP][PASSED] - response2 = scoring.getResponseText(): null

2022-11-22 16:35:16 - [TEST_STEP][PASSED] - markPassed("result service data ke : " + no): result service data ke : 171

2022-11-22 16:35:16 - [MESSAGE][PASSED] - result service data ke : 171

2022-11-22 16:35:16 - [TEST_STEP][PASSED] - logInfo($response2): {"result_konsumen":"Approve","result_pasangan":"","Final_result":"Approve","errorMessage":"","status":"Done"}

2022-11-22 16:35:16 - [MESSAGE][INFO] - {"result_konsumen":"Approve","result_pasangan":"","Final_result":"Approve","errorMessage":"","status":"Done"}

2022-11-22 16:35:16 - [TEST_STEP][PASSED] - verifyElementPropertyValue(scoring, "Final_result", final_result): Verify element property value successfully

2022-11-22 16:35:16 - [MESSAGE][PASSED] - Verify element property value successfully]]></system-out>
         <system-err><![CDATA[]]></system-err>
      </testcase>
      <testcase name="Test Cases/Engine_Scoring/Engine Scoring" time="5.71" classname="Test Cases/Engine_Scoring/Engine Scoring" status="PASSED">
         <system-out><![CDATA[2022-11-22 16:35:16 - [TEST_CASE][PASSED] - Test Cases/Engine_Scoring/Engine Scoring: Test Cases/Engine_Scoring/Engine Scoring

2022-11-22 16:35:17 - [TEST_STEP][PASSED] - markPassed("Variasi data ke : " + no): Variasi data ke : 172

2022-11-22 16:35:17 - [MESSAGE][PASSED] - Variasi data ke : 172

2022-11-22 16:35:17 - [TEST_STEP][PASSED] - req_data = sendRequest(findTestObject("Search_ME", ["MID":MID, "source":source, "ip":ip, "userid":userid, "branch":branch, "tipekons":tipekons, "marital":marital, "penjamin":penjamin, ... ])): Send request successfully

2022-11-22 16:35:18 - [MESSAGE][INFO] - HAR: D:\DMS\Engine Scoring\Reports\20221122_162012\Exclude KKB - DS\Scoring Individu - KKB\20221122_162012\requests\main\342.har

2022-11-22 16:35:18 - [MESSAGE][PASSED] - Send request successfully

2022-11-22 16:35:18 - [TEST_STEP][PASSED] - slurper = new groovy.json.JsonSlurper(): null

2022-11-22 16:35:18 - [TEST_STEP][PASSED] - result = slurper.parseText(req_data.getResponseBodyContent()): null

2022-11-22 16:35:18 - [TEST_STEP][PASSED] - reqid_kons = requestid1: null

2022-11-22 16:35:18 - [TEST_STEP][PASSED] - reqid_spouse = requestid2: null

2022-11-22 16:35:18 - [TEST_STEP][PASSED] - println("requestid kons : " + reqid_kons): null

2022-11-22 16:35:18 - [TEST_STEP][PASSED] - response_searchME_kons = reqid_kons: null

2022-11-22 16:35:18 - [TEST_STEP][PASSED] - response_searchME_spouse = reqid_spouse: null

2022-11-22 16:35:18 - [TEST_STEP][PASSED] - println("kons req id is :" + response_searchME_kons): null

2022-11-22 16:35:18 - [TEST_STEP][PASSED] - println("spouse req id is : " + response_searchME_spouse): null

2022-11-22 16:35:18 - [TEST_STEP][PASSED] - verifyResponseStatusCode(req_data, 200): Verify response status code successfully

2022-11-22 16:35:18 - [MESSAGE][PASSED] - Verify response status code successfully

2022-11-22 16:35:18 - [TEST_STEP][PASSED] - response = req_data.getResponseText(): null

2022-11-22 16:35:18 - [TEST_STEP][PASSED] - logInfo($response): {"status":"Done","data":{"requestid1":"242295","requestid2":""}}

2022-11-22 16:35:18 - [MESSAGE][INFO] - {"status":"Done","data":{"requestid1":"242295","requestid2":""}}

2022-11-22 16:35:18 - [TEST_STEP][PASSED] - delay(3): Delayed 3 second(s)

2022-11-22 16:35:21 - [MESSAGE][PASSED] - Delayed 3 second(s)

2022-11-22 16:35:21 - [TEST_STEP][PASSED] - scoring = sendRequest(findTestObject("EngineScore", ["response_searchME_kons":response_searchME_kons, "response_searchME_spouse":response_searchME_spouse])): Send request successfully

2022-11-22 16:35:22 - [MESSAGE][INFO] - HAR: D:\DMS\Engine Scoring\Reports\20221122_162012\Exclude KKB - DS\Scoring Individu - KKB\20221122_162012\requests\main\343.har

2022-11-22 16:35:22 - [MESSAGE][PASSED] - Send request successfully

2022-11-22 16:35:22 - [TEST_STEP][PASSED] - verifyResponseStatusCode(scoring, 200): Verify response status code successfully

2022-11-22 16:35:22 - [MESSAGE][PASSED] - Verify response status code successfully

2022-11-22 16:35:22 - [TEST_STEP][PASSED] - response2 = scoring.getResponseText(): null

2022-11-22 16:35:22 - [TEST_STEP][PASSED] - markPassed("result service data ke : " + no): result service data ke : 172

2022-11-22 16:35:22 - [MESSAGE][PASSED] - result service data ke : 172

2022-11-22 16:35:22 - [TEST_STEP][PASSED] - logInfo($response2): {"result_konsumen":"Approve","result_pasangan":"","Final_result":"Approve","errorMessage":"","status":"Done"}

2022-11-22 16:35:22 - [MESSAGE][INFO] - {"result_konsumen":"Approve","result_pasangan":"","Final_result":"Approve","errorMessage":"","status":"Done"}

2022-11-22 16:35:22 - [TEST_STEP][PASSED] - verifyElementPropertyValue(scoring, "Final_result", final_result): Verify element property value successfully

2022-11-22 16:35:22 - [MESSAGE][PASSED] - Verify element property value successfully]]></system-out>
         <system-err><![CDATA[]]></system-err>
      </testcase>
      <testcase name="Test Cases/Engine_Scoring/Engine Scoring" time="5.572" classname="Test Cases/Engine_Scoring/Engine Scoring" status="PASSED">
         <system-out><![CDATA[2022-11-22 16:35:22 - [TEST_CASE][PASSED] - Test Cases/Engine_Scoring/Engine Scoring: Test Cases/Engine_Scoring/Engine Scoring

2022-11-22 16:35:23 - [TEST_STEP][PASSED] - markPassed("Variasi data ke : " + no): Variasi data ke : 173

2022-11-22 16:35:23 - [MESSAGE][PASSED] - Variasi data ke : 173

2022-11-22 16:35:23 - [TEST_STEP][PASSED] - req_data = sendRequest(findTestObject("Search_ME", ["MID":MID, "source":source, "ip":ip, "userid":userid, "branch":branch, "tipekons":tipekons, "marital":marital, "penjamin":penjamin, ... ])): Send request successfully

2022-11-22 16:35:24 - [MESSAGE][INFO] - HAR: D:\DMS\Engine Scoring\Reports\20221122_162012\Exclude KKB - DS\Scoring Individu - KKB\20221122_162012\requests\main\344.har

2022-11-22 16:35:24 - [MESSAGE][PASSED] - Send request successfully

2022-11-22 16:35:24 - [TEST_STEP][PASSED] - slurper = new groovy.json.JsonSlurper(): null

2022-11-22 16:35:24 - [TEST_STEP][PASSED] - result = slurper.parseText(req_data.getResponseBodyContent()): null

2022-11-22 16:35:24 - [TEST_STEP][PASSED] - reqid_kons = requestid1: null

2022-11-22 16:35:24 - [TEST_STEP][PASSED] - reqid_spouse = requestid2: null

2022-11-22 16:35:24 - [TEST_STEP][PASSED] - println("requestid kons : " + reqid_kons): null

2022-11-22 16:35:24 - [TEST_STEP][PASSED] - response_searchME_kons = reqid_kons: null

2022-11-22 16:35:24 - [TEST_STEP][PASSED] - response_searchME_spouse = reqid_spouse: null

2022-11-22 16:35:24 - [TEST_STEP][PASSED] - println("kons req id is :" + response_searchME_kons): null

2022-11-22 16:35:24 - [TEST_STEP][PASSED] - println("spouse req id is : " + response_searchME_spouse): null

2022-11-22 16:35:24 - [TEST_STEP][PASSED] - verifyResponseStatusCode(req_data, 200): Verify response status code successfully

2022-11-22 16:35:24 - [MESSAGE][PASSED] - Verify response status code successfully

2022-11-22 16:35:24 - [TEST_STEP][PASSED] - response = req_data.getResponseText(): null

2022-11-22 16:35:24 - [TEST_STEP][PASSED] - logInfo($response): {"status":"Done","data":{"requestid1":"242296","requestid2":""}}

2022-11-22 16:35:24 - [MESSAGE][INFO] - {"status":"Done","data":{"requestid1":"242296","requestid2":""}}

2022-11-22 16:35:24 - [TEST_STEP][PASSED] - delay(3): Delayed 3 second(s)

2022-11-22 16:35:27 - [MESSAGE][PASSED] - Delayed 3 second(s)

2022-11-22 16:35:27 - [TEST_STEP][PASSED] - scoring = sendRequest(findTestObject("EngineScore", ["response_searchME_kons":response_searchME_kons, "response_searchME_spouse":response_searchME_spouse])): Send request successfully

2022-11-22 16:35:27 - [MESSAGE][INFO] - HAR: D:\DMS\Engine Scoring\Reports\20221122_162012\Exclude KKB - DS\Scoring Individu - KKB\20221122_162012\requests\main\345.har

2022-11-22 16:35:27 - [MESSAGE][PASSED] - Send request successfully

2022-11-22 16:35:27 - [TEST_STEP][PASSED] - verifyResponseStatusCode(scoring, 200): Verify response status code successfully

2022-11-22 16:35:27 - [MESSAGE][PASSED] - Verify response status code successfully

2022-11-22 16:35:27 - [TEST_STEP][PASSED] - response2 = scoring.getResponseText(): null

2022-11-22 16:35:27 - [TEST_STEP][PASSED] - markPassed("result service data ke : " + no): result service data ke : 173

2022-11-22 16:35:27 - [MESSAGE][PASSED] - result service data ke : 173

2022-11-22 16:35:27 - [TEST_STEP][PASSED] - logInfo($response2): {"result_konsumen":"Reject","result_pasangan":"","Final_result":"Reject","errorMessage":"","status":"Done"}

2022-11-22 16:35:27 - [MESSAGE][INFO] - {"result_konsumen":"Reject","result_pasangan":"","Final_result":"Reject","errorMessage":"","status":"Done"}

2022-11-22 16:35:27 - [TEST_STEP][PASSED] - verifyElementPropertyValue(scoring, "Final_result", final_result): Verify element property value successfully

2022-11-22 16:35:27 - [MESSAGE][PASSED] - Verify element property value successfully]]></system-out>
         <system-err><![CDATA[]]></system-err>
      </testcase>
      <testcase name="Test Cases/Engine_Scoring/Engine Scoring" time="5.69" classname="Test Cases/Engine_Scoring/Engine Scoring" status="PASSED">
         <system-out><![CDATA[2022-11-22 16:35:27 - [TEST_CASE][PASSED] - Test Cases/Engine_Scoring/Engine Scoring: Test Cases/Engine_Scoring/Engine Scoring

2022-11-22 16:35:29 - [TEST_STEP][PASSED] - markPassed("Variasi data ke : " + no): Variasi data ke : 174

2022-11-22 16:35:29 - [MESSAGE][PASSED] - Variasi data ke : 174

2022-11-22 16:35:29 - [TEST_STEP][PASSED] - req_data = sendRequest(findTestObject("Search_ME", ["MID":MID, "source":source, "ip":ip, "userid":userid, "branch":branch, "tipekons":tipekons, "marital":marital, "penjamin":penjamin, ... ])): Send request successfully

2022-11-22 16:35:30 - [MESSAGE][INFO] - HAR: D:\DMS\Engine Scoring\Reports\20221122_162012\Exclude KKB - DS\Scoring Individu - KKB\20221122_162012\requests\main\346.har

2022-11-22 16:35:30 - [MESSAGE][PASSED] - Send request successfully

2022-11-22 16:35:30 - [TEST_STEP][PASSED] - slurper = new groovy.json.JsonSlurper(): null

2022-11-22 16:35:30 - [TEST_STEP][PASSED] - result = slurper.parseText(req_data.getResponseBodyContent()): null

2022-11-22 16:35:30 - [TEST_STEP][PASSED] - reqid_kons = requestid1: null

2022-11-22 16:35:30 - [TEST_STEP][PASSED] - reqid_spouse = requestid2: null

2022-11-22 16:35:30 - [TEST_STEP][PASSED] - println("requestid kons : " + reqid_kons): null

2022-11-22 16:35:30 - [TEST_STEP][PASSED] - response_searchME_kons = reqid_kons: null

2022-11-22 16:35:30 - [TEST_STEP][PASSED] - response_searchME_spouse = reqid_spouse: null

2022-11-22 16:35:30 - [TEST_STEP][PASSED] - println("kons req id is :" + response_searchME_kons): null

2022-11-22 16:35:30 - [TEST_STEP][PASSED] - println("spouse req id is : " + response_searchME_spouse): null

2022-11-22 16:35:30 - [TEST_STEP][PASSED] - verifyResponseStatusCode(req_data, 200): Verify response status code successfully

2022-11-22 16:35:30 - [MESSAGE][PASSED] - Verify response status code successfully

2022-11-22 16:35:30 - [TEST_STEP][PASSED] - response = req_data.getResponseText(): null

2022-11-22 16:35:30 - [TEST_STEP][PASSED] - logInfo($response): {"status":"Done","data":{"requestid1":"242297","requestid2":""}}

2022-11-22 16:35:30 - [MESSAGE][INFO] - {"status":"Done","data":{"requestid1":"242297","requestid2":""}}

2022-11-22 16:35:30 - [TEST_STEP][PASSED] - delay(3): Delayed 3 second(s)

2022-11-22 16:35:33 - [MESSAGE][PASSED] - Delayed 3 second(s)

2022-11-22 16:35:33 - [TEST_STEP][PASSED] - scoring = sendRequest(findTestObject("EngineScore", ["response_searchME_kons":response_searchME_kons, "response_searchME_spouse":response_searchME_spouse])): Send request successfully

2022-11-22 16:35:33 - [MESSAGE][INFO] - HAR: D:\DMS\Engine Scoring\Reports\20221122_162012\Exclude KKB - DS\Scoring Individu - KKB\20221122_162012\requests\main\347.har

2022-11-22 16:35:33 - [MESSAGE][PASSED] - Send request successfully

2022-11-22 16:35:33 - [TEST_STEP][PASSED] - verifyResponseStatusCode(scoring, 200): Verify response status code successfully

2022-11-22 16:35:33 - [MESSAGE][PASSED] - Verify response status code successfully

2022-11-22 16:35:33 - [TEST_STEP][PASSED] - response2 = scoring.getResponseText(): null

2022-11-22 16:35:33 - [TEST_STEP][PASSED] - markPassed("result service data ke : " + no): result service data ke : 174

2022-11-22 16:35:33 - [MESSAGE][PASSED] - result service data ke : 174

2022-11-22 16:35:33 - [TEST_STEP][PASSED] - logInfo($response2): {"result_konsumen":"Reject","result_pasangan":"","Final_result":"Reject","errorMessage":"","status":"Done"}

2022-11-22 16:35:33 - [MESSAGE][INFO] - {"result_konsumen":"Reject","result_pasangan":"","Final_result":"Reject","errorMessage":"","status":"Done"}

2022-11-22 16:35:33 - [TEST_STEP][PASSED] - verifyElementPropertyValue(scoring, "Final_result", final_result): Verify element property value successfully

2022-11-22 16:35:33 - [MESSAGE][PASSED] - Verify element property value successfully]]></system-out>
         <system-err><![CDATA[]]></system-err>
      </testcase>
      <testcase name="Test Cases/Engine_Scoring/Engine Scoring" time="5.415" classname="Test Cases/Engine_Scoring/Engine Scoring" status="PASSED">
         <system-out><![CDATA[2022-11-22 16:35:33 - [TEST_CASE][PASSED] - Test Cases/Engine_Scoring/Engine Scoring: Test Cases/Engine_Scoring/Engine Scoring

2022-11-22 16:35:34 - [TEST_STEP][PASSED] - markPassed("Variasi data ke : " + no): Variasi data ke : 175

2022-11-22 16:35:34 - [MESSAGE][PASSED] - Variasi data ke : 175

2022-11-22 16:35:34 - [TEST_STEP][PASSED] - req_data = sendRequest(findTestObject("Search_ME", ["MID":MID, "source":source, "ip":ip, "userid":userid, "branch":branch, "tipekons":tipekons, "marital":marital, "penjamin":penjamin, ... ])): Send request successfully

2022-11-22 16:35:35 - [MESSAGE][INFO] - HAR: D:\DMS\Engine Scoring\Reports\20221122_162012\Exclude KKB - DS\Scoring Individu - KKB\20221122_162012\requests\main\348.har

2022-11-22 16:35:35 - [MESSAGE][PASSED] - Send request successfully

2022-11-22 16:35:35 - [TEST_STEP][PASSED] - slurper = new groovy.json.JsonSlurper(): null

2022-11-22 16:35:35 - [TEST_STEP][PASSED] - result = slurper.parseText(req_data.getResponseBodyContent()): null

2022-11-22 16:35:35 - [TEST_STEP][PASSED] - reqid_kons = requestid1: null

2022-11-22 16:35:35 - [TEST_STEP][PASSED] - reqid_spouse = requestid2: null

2022-11-22 16:35:35 - [TEST_STEP][PASSED] - println("requestid kons : " + reqid_kons): null

2022-11-22 16:35:35 - [TEST_STEP][PASSED] - response_searchME_kons = reqid_kons: null

2022-11-22 16:35:35 - [TEST_STEP][PASSED] - response_searchME_spouse = reqid_spouse: null

2022-11-22 16:35:35 - [TEST_STEP][PASSED] - println("kons req id is :" + response_searchME_kons): null

2022-11-22 16:35:35 - [TEST_STEP][PASSED] - println("spouse req id is : " + response_searchME_spouse): null

2022-11-22 16:35:35 - [TEST_STEP][PASSED] - verifyResponseStatusCode(req_data, 200): Verify response status code successfully

2022-11-22 16:35:35 - [MESSAGE][PASSED] - Verify response status code successfully

2022-11-22 16:35:35 - [TEST_STEP][PASSED] - response = req_data.getResponseText(): null

2022-11-22 16:35:35 - [TEST_STEP][PASSED] - logInfo($response): {"status":"Done","data":{"requestid1":"242298","requestid2":""}}

2022-11-22 16:35:35 - [MESSAGE][INFO] - {"status":"Done","data":{"requestid1":"242298","requestid2":""}}

2022-11-22 16:35:35 - [TEST_STEP][PASSED] - delay(3): Delayed 3 second(s)

2022-11-22 16:35:38 - [MESSAGE][PASSED] - Delayed 3 second(s)

2022-11-22 16:35:38 - [TEST_STEP][PASSED] - scoring = sendRequest(findTestObject("EngineScore", ["response_searchME_kons":response_searchME_kons, "response_searchME_spouse":response_searchME_spouse])): Send request successfully

2022-11-22 16:35:39 - [MESSAGE][INFO] - HAR: D:\DMS\Engine Scoring\Reports\20221122_162012\Exclude KKB - DS\Scoring Individu - KKB\20221122_162012\requests\main\349.har

2022-11-22 16:35:39 - [MESSAGE][PASSED] - Send request successfully

2022-11-22 16:35:39 - [TEST_STEP][PASSED] - verifyResponseStatusCode(scoring, 200): Verify response status code successfully

2022-11-22 16:35:39 - [MESSAGE][PASSED] - Verify response status code successfully

2022-11-22 16:35:39 - [TEST_STEP][PASSED] - response2 = scoring.getResponseText(): null

2022-11-22 16:35:39 - [TEST_STEP][PASSED] - markPassed("result service data ke : " + no): result service data ke : 175

2022-11-22 16:35:39 - [MESSAGE][PASSED] - result service data ke : 175

2022-11-22 16:35:39 - [TEST_STEP][PASSED] - logInfo($response2): {"result_konsumen":"Reguler","result_pasangan":"","Final_result":"Reguler","errorMessage":"","status":"Done"}

2022-11-22 16:35:39 - [MESSAGE][INFO] - {"result_konsumen":"Reguler","result_pasangan":"","Final_result":"Reguler","errorMessage":"","status":"Done"}

2022-11-22 16:35:39 - [TEST_STEP][PASSED] - verifyElementPropertyValue(scoring, "Final_result", final_result): Verify element property value successfully

2022-11-22 16:35:39 - [MESSAGE][PASSED] - Verify element property value successfully]]></system-out>
         <system-err><![CDATA[]]></system-err>
      </testcase>
      <testcase name="Test Cases/Engine_Scoring/Engine Scoring" time="5.63" classname="Test Cases/Engine_Scoring/Engine Scoring" status="PASSED">
         <system-out><![CDATA[2022-11-22 16:35:39 - [TEST_CASE][PASSED] - Test Cases/Engine_Scoring/Engine Scoring: Test Cases/Engine_Scoring/Engine Scoring

2022-11-22 16:35:40 - [TEST_STEP][PASSED] - markPassed("Variasi data ke : " + no): Variasi data ke : 176

2022-11-22 16:35:40 - [MESSAGE][PASSED] - Variasi data ke : 176

2022-11-22 16:35:40 - [TEST_STEP][PASSED] - req_data = sendRequest(findTestObject("Search_ME", ["MID":MID, "source":source, "ip":ip, "userid":userid, "branch":branch, "tipekons":tipekons, "marital":marital, "penjamin":penjamin, ... ])): Send request successfully

2022-11-22 16:35:41 - [MESSAGE][INFO] - HAR: D:\DMS\Engine Scoring\Reports\20221122_162012\Exclude KKB - DS\Scoring Individu - KKB\20221122_162012\requests\main\350.har

2022-11-22 16:35:41 - [MESSAGE][PASSED] - Send request successfully

2022-11-22 16:35:41 - [TEST_STEP][PASSED] - slurper = new groovy.json.JsonSlurper(): null

2022-11-22 16:35:41 - [TEST_STEP][PASSED] - result = slurper.parseText(req_data.getResponseBodyContent()): null

2022-11-22 16:35:41 - [TEST_STEP][PASSED] - reqid_kons = requestid1: null

2022-11-22 16:35:41 - [TEST_STEP][PASSED] - reqid_spouse = requestid2: null

2022-11-22 16:35:41 - [TEST_STEP][PASSED] - println("requestid kons : " + reqid_kons): null

2022-11-22 16:35:41 - [TEST_STEP][PASSED] - response_searchME_kons = reqid_kons: null

2022-11-22 16:35:41 - [TEST_STEP][PASSED] - response_searchME_spouse = reqid_spouse: null

2022-11-22 16:35:41 - [TEST_STEP][PASSED] - println("kons req id is :" + response_searchME_kons): null

2022-11-22 16:35:41 - [TEST_STEP][PASSED] - println("spouse req id is : " + response_searchME_spouse): null

2022-11-22 16:35:41 - [TEST_STEP][PASSED] - verifyResponseStatusCode(req_data, 200): Verify response status code successfully

2022-11-22 16:35:41 - [MESSAGE][PASSED] - Verify response status code successfully

2022-11-22 16:35:41 - [TEST_STEP][PASSED] - response = req_data.getResponseText(): null

2022-11-22 16:35:41 - [TEST_STEP][PASSED] - logInfo($response): {"status":"Done","data":{"requestid1":"242299","requestid2":""}}

2022-11-22 16:35:41 - [MESSAGE][INFO] - {"status":"Done","data":{"requestid1":"242299","requestid2":""}}

2022-11-22 16:35:41 - [TEST_STEP][PASSED] - delay(3): Delayed 3 second(s)

2022-11-22 16:35:44 - [MESSAGE][PASSED] - Delayed 3 second(s)

2022-11-22 16:35:44 - [TEST_STEP][PASSED] - scoring = sendRequest(findTestObject("EngineScore", ["response_searchME_kons":response_searchME_kons, "response_searchME_spouse":response_searchME_spouse])): Send request successfully

2022-11-22 16:35:44 - [MESSAGE][INFO] - HAR: D:\DMS\Engine Scoring\Reports\20221122_162012\Exclude KKB - DS\Scoring Individu - KKB\20221122_162012\requests\main\351.har

2022-11-22 16:35:44 - [MESSAGE][PASSED] - Send request successfully

2022-11-22 16:35:44 - [TEST_STEP][PASSED] - verifyResponseStatusCode(scoring, 200): Verify response status code successfully

2022-11-22 16:35:44 - [MESSAGE][PASSED] - Verify response status code successfully

2022-11-22 16:35:44 - [TEST_STEP][PASSED] - response2 = scoring.getResponseText(): null

2022-11-22 16:35:44 - [TEST_STEP][PASSED] - markPassed("result service data ke : " + no): result service data ke : 176

2022-11-22 16:35:44 - [MESSAGE][PASSED] - result service data ke : 176

2022-11-22 16:35:44 - [TEST_STEP][PASSED] - logInfo($response2): {"result_konsumen":"Reguler","result_pasangan":"","Final_result":"Reguler","errorMessage":"","status":"Done"}

2022-11-22 16:35:44 - [MESSAGE][INFO] - {"result_konsumen":"Reguler","result_pasangan":"","Final_result":"Reguler","errorMessage":"","status":"Done"}

2022-11-22 16:35:44 - [TEST_STEP][PASSED] - verifyElementPropertyValue(scoring, "Final_result", final_result): Verify element property value successfully

2022-11-22 16:35:44 - [MESSAGE][PASSED] - Verify element property value successfully]]></system-out>
         <system-err><![CDATA[]]></system-err>
      </testcase>
      <testcase name="Test Cases/Engine_Scoring/Engine Scoring" time="5.624" classname="Test Cases/Engine_Scoring/Engine Scoring" status="PASSED">
         <system-out><![CDATA[2022-11-22 16:35:44 - [TEST_CASE][PASSED] - Test Cases/Engine_Scoring/Engine Scoring: Test Cases/Engine_Scoring/Engine Scoring

2022-11-22 16:35:46 - [TEST_STEP][PASSED] - markPassed("Variasi data ke : " + no): Variasi data ke : 177

2022-11-22 16:35:46 - [MESSAGE][PASSED] - Variasi data ke : 177

2022-11-22 16:35:46 - [TEST_STEP][PASSED] - req_data = sendRequest(findTestObject("Search_ME", ["MID":MID, "source":source, "ip":ip, "userid":userid, "branch":branch, "tipekons":tipekons, "marital":marital, "penjamin":penjamin, ... ])): Send request successfully

2022-11-22 16:35:47 - [MESSAGE][INFO] - HAR: D:\DMS\Engine Scoring\Reports\20221122_162012\Exclude KKB - DS\Scoring Individu - KKB\20221122_162012\requests\main\352.har

2022-11-22 16:35:47 - [MESSAGE][PASSED] - Send request successfully

2022-11-22 16:35:47 - [TEST_STEP][PASSED] - slurper = new groovy.json.JsonSlurper(): null

2022-11-22 16:35:47 - [TEST_STEP][PASSED] - result = slurper.parseText(req_data.getResponseBodyContent()): null

2022-11-22 16:35:47 - [TEST_STEP][PASSED] - reqid_kons = requestid1: null

2022-11-22 16:35:47 - [TEST_STEP][PASSED] - reqid_spouse = requestid2: null

2022-11-22 16:35:47 - [TEST_STEP][PASSED] - println("requestid kons : " + reqid_kons): null

2022-11-22 16:35:47 - [TEST_STEP][PASSED] - response_searchME_kons = reqid_kons: null

2022-11-22 16:35:47 - [TEST_STEP][PASSED] - response_searchME_spouse = reqid_spouse: null

2022-11-22 16:35:47 - [TEST_STEP][PASSED] - println("kons req id is :" + response_searchME_kons): null

2022-11-22 16:35:47 - [TEST_STEP][PASSED] - println("spouse req id is : " + response_searchME_spouse): null

2022-11-22 16:35:47 - [TEST_STEP][PASSED] - verifyResponseStatusCode(req_data, 200): Verify response status code successfully

2022-11-22 16:35:47 - [MESSAGE][PASSED] - Verify response status code successfully

2022-11-22 16:35:47 - [TEST_STEP][PASSED] - response = req_data.getResponseText(): null

2022-11-22 16:35:47 - [TEST_STEP][PASSED] - logInfo($response): {"status":"Done","data":{"requestid1":"242300","requestid2":""}}

2022-11-22 16:35:47 - [MESSAGE][INFO] - {"status":"Done","data":{"requestid1":"242300","requestid2":""}}

2022-11-22 16:35:47 - [TEST_STEP][PASSED] - delay(3): Delayed 3 second(s)

2022-11-22 16:35:50 - [MESSAGE][PASSED] - Delayed 3 second(s)

2022-11-22 16:35:50 - [TEST_STEP][PASSED] - scoring = sendRequest(findTestObject("EngineScore", ["response_searchME_kons":response_searchME_kons, "response_searchME_spouse":response_searchME_spouse])): Send request successfully

2022-11-22 16:35:50 - [MESSAGE][INFO] - HAR: D:\DMS\Engine Scoring\Reports\20221122_162012\Exclude KKB - DS\Scoring Individu - KKB\20221122_162012\requests\main\353.har

2022-11-22 16:35:50 - [MESSAGE][PASSED] - Send request successfully

2022-11-22 16:35:50 - [TEST_STEP][PASSED] - verifyResponseStatusCode(scoring, 200): Verify response status code successfully

2022-11-22 16:35:50 - [MESSAGE][PASSED] - Verify response status code successfully

2022-11-22 16:35:50 - [TEST_STEP][PASSED] - response2 = scoring.getResponseText(): null

2022-11-22 16:35:50 - [TEST_STEP][PASSED] - markPassed("result service data ke : " + no): result service data ke : 177

2022-11-22 16:35:50 - [MESSAGE][PASSED] - result service data ke : 177

2022-11-22 16:35:50 - [TEST_STEP][PASSED] - logInfo($response2): {"result_konsumen":"Reguler","result_pasangan":"","Final_result":"Reguler","errorMessage":"","status":"Done"}

2022-11-22 16:35:50 - [MESSAGE][INFO] - {"result_konsumen":"Reguler","result_pasangan":"","Final_result":"Reguler","errorMessage":"","status":"Done"}

2022-11-22 16:35:50 - [TEST_STEP][PASSED] - verifyElementPropertyValue(scoring, "Final_result", final_result): Verify element property value successfully

2022-11-22 16:35:50 - [MESSAGE][PASSED] - Verify element property value successfully]]></system-out>
         <system-err><![CDATA[]]></system-err>
      </testcase>
      <testcase name="Test Cases/Engine_Scoring/Engine Scoring" time="5.753" classname="Test Cases/Engine_Scoring/Engine Scoring" status="PASSED">
         <system-out><![CDATA[2022-11-22 16:35:50 - [TEST_CASE][PASSED] - Test Cases/Engine_Scoring/Engine Scoring: Test Cases/Engine_Scoring/Engine Scoring

2022-11-22 16:35:51 - [TEST_STEP][PASSED] - markPassed("Variasi data ke : " + no): Variasi data ke : 178

2022-11-22 16:35:51 - [MESSAGE][PASSED] - Variasi data ke : 178

2022-11-22 16:35:51 - [TEST_STEP][PASSED] - req_data = sendRequest(findTestObject("Search_ME", ["MID":MID, "source":source, "ip":ip, "userid":userid, "branch":branch, "tipekons":tipekons, "marital":marital, "penjamin":penjamin, ... ])): Send request successfully

2022-11-22 16:35:53 - [MESSAGE][INFO] - HAR: D:\DMS\Engine Scoring\Reports\20221122_162012\Exclude KKB - DS\Scoring Individu - KKB\20221122_162012\requests\main\354.har

2022-11-22 16:35:53 - [MESSAGE][PASSED] - Send request successfully

2022-11-22 16:35:53 - [TEST_STEP][PASSED] - slurper = new groovy.json.JsonSlurper(): null

2022-11-22 16:35:53 - [TEST_STEP][PASSED] - result = slurper.parseText(req_data.getResponseBodyContent()): null

2022-11-22 16:35:53 - [TEST_STEP][PASSED] - reqid_kons = requestid1: null

2022-11-22 16:35:53 - [TEST_STEP][PASSED] - reqid_spouse = requestid2: null

2022-11-22 16:35:53 - [TEST_STEP][PASSED] - println("requestid kons : " + reqid_kons): null

2022-11-22 16:35:53 - [TEST_STEP][PASSED] - response_searchME_kons = reqid_kons: null

2022-11-22 16:35:53 - [TEST_STEP][PASSED] - response_searchME_spouse = reqid_spouse: null

2022-11-22 16:35:53 - [TEST_STEP][PASSED] - println("kons req id is :" + response_searchME_kons): null

2022-11-22 16:35:53 - [TEST_STEP][PASSED] - println("spouse req id is : " + response_searchME_spouse): null

2022-11-22 16:35:53 - [TEST_STEP][PASSED] - verifyResponseStatusCode(req_data, 200): Verify response status code successfully

2022-11-22 16:35:53 - [MESSAGE][PASSED] - Verify response status code successfully

2022-11-22 16:35:53 - [TEST_STEP][PASSED] - response = req_data.getResponseText(): null

2022-11-22 16:35:53 - [TEST_STEP][PASSED] - logInfo($response): {"status":"Done","data":{"requestid1":"242301","requestid2":""}}

2022-11-22 16:35:53 - [MESSAGE][INFO] - {"status":"Done","data":{"requestid1":"242301","requestid2":""}}

2022-11-22 16:35:53 - [TEST_STEP][PASSED] - delay(3): Delayed 3 second(s)

2022-11-22 16:35:56 - [MESSAGE][PASSED] - Delayed 3 second(s)

2022-11-22 16:35:56 - [TEST_STEP][PASSED] - scoring = sendRequest(findTestObject("EngineScore", ["response_searchME_kons":response_searchME_kons, "response_searchME_spouse":response_searchME_spouse])): Send request successfully

2022-11-22 16:35:56 - [MESSAGE][INFO] - HAR: D:\DMS\Engine Scoring\Reports\20221122_162012\Exclude KKB - DS\Scoring Individu - KKB\20221122_162012\requests\main\355.har

2022-11-22 16:35:56 - [MESSAGE][PASSED] - Send request successfully

2022-11-22 16:35:56 - [TEST_STEP][PASSED] - verifyResponseStatusCode(scoring, 200): Verify response status code successfully

2022-11-22 16:35:56 - [MESSAGE][PASSED] - Verify response status code successfully

2022-11-22 16:35:56 - [TEST_STEP][PASSED] - response2 = scoring.getResponseText(): null

2022-11-22 16:35:56 - [TEST_STEP][PASSED] - markPassed("result service data ke : " + no): result service data ke : 178

2022-11-22 16:35:56 - [MESSAGE][PASSED] - result service data ke : 178

2022-11-22 16:35:56 - [TEST_STEP][PASSED] - logInfo($response2): {"result_konsumen":"Reguler","result_pasangan":"","Final_result":"Reguler","errorMessage":"","status":"Done"}

2022-11-22 16:35:56 - [MESSAGE][INFO] - {"result_konsumen":"Reguler","result_pasangan":"","Final_result":"Reguler","errorMessage":"","status":"Done"}

2022-11-22 16:35:56 - [TEST_STEP][PASSED] - verifyElementPropertyValue(scoring, "Final_result", final_result): Verify element property value successfully

2022-11-22 16:35:56 - [MESSAGE][PASSED] - Verify element property value successfully]]></system-out>
         <system-err><![CDATA[]]></system-err>
      </testcase>
      <testcase name="Test Cases/Engine_Scoring/Engine Scoring" time="5.802" classname="Test Cases/Engine_Scoring/Engine Scoring" status="PASSED">
         <system-out><![CDATA[2022-11-22 16:35:56 - [TEST_CASE][PASSED] - Test Cases/Engine_Scoring/Engine Scoring: Test Cases/Engine_Scoring/Engine Scoring

2022-11-22 16:35:57 - [TEST_STEP][PASSED] - markPassed("Variasi data ke : " + no): Variasi data ke : 179

2022-11-22 16:35:57 - [MESSAGE][PASSED] - Variasi data ke : 179

2022-11-22 16:35:57 - [TEST_STEP][PASSED] - req_data = sendRequest(findTestObject("Search_ME", ["MID":MID, "source":source, "ip":ip, "userid":userid, "branch":branch, "tipekons":tipekons, "marital":marital, "penjamin":penjamin, ... ])): Send request successfully

2022-11-22 16:35:58 - [MESSAGE][INFO] - HAR: D:\DMS\Engine Scoring\Reports\20221122_162012\Exclude KKB - DS\Scoring Individu - KKB\20221122_162012\requests\main\356.har

2022-11-22 16:35:58 - [MESSAGE][PASSED] - Send request successfully

2022-11-22 16:35:58 - [TEST_STEP][PASSED] - slurper = new groovy.json.JsonSlurper(): null

2022-11-22 16:35:58 - [TEST_STEP][PASSED] - result = slurper.parseText(req_data.getResponseBodyContent()): null

2022-11-22 16:35:58 - [TEST_STEP][PASSED] - reqid_kons = requestid1: null

2022-11-22 16:35:58 - [TEST_STEP][PASSED] - reqid_spouse = requestid2: null

2022-11-22 16:35:58 - [TEST_STEP][PASSED] - println("requestid kons : " + reqid_kons): null

2022-11-22 16:35:58 - [TEST_STEP][PASSED] - response_searchME_kons = reqid_kons: null

2022-11-22 16:35:58 - [TEST_STEP][PASSED] - response_searchME_spouse = reqid_spouse: null

2022-11-22 16:35:58 - [TEST_STEP][PASSED] - println("kons req id is :" + response_searchME_kons): null

2022-11-22 16:35:58 - [TEST_STEP][PASSED] - println("spouse req id is : " + response_searchME_spouse): null

2022-11-22 16:35:58 - [TEST_STEP][PASSED] - verifyResponseStatusCode(req_data, 200): Verify response status code successfully

2022-11-22 16:35:58 - [MESSAGE][PASSED] - Verify response status code successfully

2022-11-22 16:35:58 - [TEST_STEP][PASSED] - response = req_data.getResponseText(): null

2022-11-22 16:35:58 - [TEST_STEP][PASSED] - logInfo($response): {"status":"Done","data":{"requestid1":"242302","requestid2":""}}

2022-11-22 16:35:58 - [MESSAGE][INFO] - {"status":"Done","data":{"requestid1":"242302","requestid2":""}}

2022-11-22 16:35:58 - [TEST_STEP][PASSED] - delay(3): Delayed 3 second(s)

2022-11-22 16:36:01 - [MESSAGE][PASSED] - Delayed 3 second(s)

2022-11-22 16:36:01 - [TEST_STEP][PASSED] - scoring = sendRequest(findTestObject("EngineScore", ["response_searchME_kons":response_searchME_kons, "response_searchME_spouse":response_searchME_spouse])): Send request successfully

2022-11-22 16:36:02 - [MESSAGE][INFO] - HAR: D:\DMS\Engine Scoring\Reports\20221122_162012\Exclude KKB - DS\Scoring Individu - KKB\20221122_162012\requests\main\357.har

2022-11-22 16:36:02 - [MESSAGE][PASSED] - Send request successfully

2022-11-22 16:36:02 - [TEST_STEP][PASSED] - verifyResponseStatusCode(scoring, 200): Verify response status code successfully

2022-11-22 16:36:02 - [MESSAGE][PASSED] - Verify response status code successfully

2022-11-22 16:36:02 - [TEST_STEP][PASSED] - response2 = scoring.getResponseText(): null

2022-11-22 16:36:02 - [TEST_STEP][PASSED] - markPassed("result service data ke : " + no): result service data ke : 179

2022-11-22 16:36:02 - [MESSAGE][PASSED] - result service data ke : 179

2022-11-22 16:36:02 - [TEST_STEP][PASSED] - logInfo($response2): {"result_konsumen":"Reguler","result_pasangan":"","Final_result":"Reguler","errorMessage":"","status":"Done"}

2022-11-22 16:36:02 - [MESSAGE][INFO] - {"result_konsumen":"Reguler","result_pasangan":"","Final_result":"Reguler","errorMessage":"","status":"Done"}

2022-11-22 16:36:02 - [TEST_STEP][PASSED] - verifyElementPropertyValue(scoring, "Final_result", final_result): Verify element property value successfully

2022-11-22 16:36:02 - [MESSAGE][PASSED] - Verify element property value successfully]]></system-out>
         <system-err><![CDATA[]]></system-err>
      </testcase>
      <testcase name="Test Cases/Engine_Scoring/Engine Scoring" time="5.739" classname="Test Cases/Engine_Scoring/Engine Scoring" status="PASSED">
         <system-out><![CDATA[2022-11-22 16:36:02 - [TEST_CASE][PASSED] - Test Cases/Engine_Scoring/Engine Scoring: Test Cases/Engine_Scoring/Engine Scoring

2022-11-22 16:36:03 - [TEST_STEP][PASSED] - markPassed("Variasi data ke : " + no): Variasi data ke : 180

2022-11-22 16:36:03 - [MESSAGE][PASSED] - Variasi data ke : 180

2022-11-22 16:36:03 - [TEST_STEP][PASSED] - req_data = sendRequest(findTestObject("Search_ME", ["MID":MID, "source":source, "ip":ip, "userid":userid, "branch":branch, "tipekons":tipekons, "marital":marital, "penjamin":penjamin, ... ])): Send request successfully

2022-11-22 16:36:04 - [MESSAGE][INFO] - HAR: D:\DMS\Engine Scoring\Reports\20221122_162012\Exclude KKB - DS\Scoring Individu - KKB\20221122_162012\requests\main\358.har

2022-11-22 16:36:04 - [MESSAGE][PASSED] - Send request successfully

2022-11-22 16:36:04 - [TEST_STEP][PASSED] - slurper = new groovy.json.JsonSlurper(): null

2022-11-22 16:36:04 - [TEST_STEP][PASSED] - result = slurper.parseText(req_data.getResponseBodyContent()): null

2022-11-22 16:36:04 - [TEST_STEP][PASSED] - reqid_kons = requestid1: null

2022-11-22 16:36:04 - [TEST_STEP][PASSED] - reqid_spouse = requestid2: null

2022-11-22 16:36:04 - [TEST_STEP][PASSED] - println("requestid kons : " + reqid_kons): null

2022-11-22 16:36:04 - [TEST_STEP][PASSED] - response_searchME_kons = reqid_kons: null

2022-11-22 16:36:04 - [TEST_STEP][PASSED] - response_searchME_spouse = reqid_spouse: null

2022-11-22 16:36:04 - [TEST_STEP][PASSED] - println("kons req id is :" + response_searchME_kons): null

2022-11-22 16:36:04 - [TEST_STEP][PASSED] - println("spouse req id is : " + response_searchME_spouse): null

2022-11-22 16:36:04 - [TEST_STEP][PASSED] - verifyResponseStatusCode(req_data, 200): Verify response status code successfully

2022-11-22 16:36:04 - [MESSAGE][PASSED] - Verify response status code successfully

2022-11-22 16:36:04 - [TEST_STEP][PASSED] - response = req_data.getResponseText(): null

2022-11-22 16:36:04 - [TEST_STEP][PASSED] - logInfo($response): {"status":"Done","data":{"requestid1":"242303","requestid2":""}}

2022-11-22 16:36:04 - [MESSAGE][INFO] - {"status":"Done","data":{"requestid1":"242303","requestid2":""}}

2022-11-22 16:36:04 - [TEST_STEP][PASSED] - delay(3): Delayed 3 second(s)

2022-11-22 16:36:07 - [MESSAGE][PASSED] - Delayed 3 second(s)

2022-11-22 16:36:07 - [TEST_STEP][PASSED] - scoring = sendRequest(findTestObject("EngineScore", ["response_searchME_kons":response_searchME_kons, "response_searchME_spouse":response_searchME_spouse])): Send request successfully

2022-11-22 16:36:07 - [MESSAGE][INFO] - HAR: D:\DMS\Engine Scoring\Reports\20221122_162012\Exclude KKB - DS\Scoring Individu - KKB\20221122_162012\requests\main\359.har

2022-11-22 16:36:07 - [MESSAGE][PASSED] - Send request successfully

2022-11-22 16:36:07 - [TEST_STEP][PASSED] - verifyResponseStatusCode(scoring, 200): Verify response status code successfully

2022-11-22 16:36:07 - [MESSAGE][PASSED] - Verify response status code successfully

2022-11-22 16:36:07 - [TEST_STEP][PASSED] - response2 = scoring.getResponseText(): null

2022-11-22 16:36:07 - [TEST_STEP][PASSED] - markPassed("result service data ke : " + no): result service data ke : 180

2022-11-22 16:36:07 - [MESSAGE][PASSED] - result service data ke : 180

2022-11-22 16:36:07 - [TEST_STEP][PASSED] - logInfo($response2): {"result_konsumen":"Reguler","result_pasangan":"","Final_result":"Reguler","errorMessage":"","status":"Done"}

2022-11-22 16:36:07 - [MESSAGE][INFO] - {"result_konsumen":"Reguler","result_pasangan":"","Final_result":"Reguler","errorMessage":"","status":"Done"}

2022-11-22 16:36:07 - [TEST_STEP][PASSED] - verifyElementPropertyValue(scoring, "Final_result", final_result): Verify element property value successfully

2022-11-22 16:36:07 - [MESSAGE][PASSED] - Verify element property value successfully]]></system-out>
         <system-err><![CDATA[]]></system-err>
      </testcase>
      <testcase name="Test Cases/Engine_Scoring/Engine Scoring" time="5.772" classname="Test Cases/Engine_Scoring/Engine Scoring" status="PASSED">
         <system-out><![CDATA[2022-11-22 16:36:07 - [TEST_CASE][PASSED] - Test Cases/Engine_Scoring/Engine Scoring: Test Cases/Engine_Scoring/Engine Scoring

2022-11-22 16:36:09 - [TEST_STEP][PASSED] - markPassed("Variasi data ke : " + no): Variasi data ke : 181

2022-11-22 16:36:09 - [MESSAGE][PASSED] - Variasi data ke : 181

2022-11-22 16:36:09 - [TEST_STEP][PASSED] - req_data = sendRequest(findTestObject("Search_ME", ["MID":MID, "source":source, "ip":ip, "userid":userid, "branch":branch, "tipekons":tipekons, "marital":marital, "penjamin":penjamin, ... ])): Send request successfully

2022-11-22 16:36:10 - [MESSAGE][INFO] - HAR: D:\DMS\Engine Scoring\Reports\20221122_162012\Exclude KKB - DS\Scoring Individu - KKB\20221122_162012\requests\main\360.har

2022-11-22 16:36:10 - [MESSAGE][PASSED] - Send request successfully

2022-11-22 16:36:10 - [TEST_STEP][PASSED] - slurper = new groovy.json.JsonSlurper(): null

2022-11-22 16:36:10 - [TEST_STEP][PASSED] - result = slurper.parseText(req_data.getResponseBodyContent()): null

2022-11-22 16:36:10 - [TEST_STEP][PASSED] - reqid_kons = requestid1: null

2022-11-22 16:36:10 - [TEST_STEP][PASSED] - reqid_spouse = requestid2: null

2022-11-22 16:36:10 - [TEST_STEP][PASSED] - println("requestid kons : " + reqid_kons): null

2022-11-22 16:36:10 - [TEST_STEP][PASSED] - response_searchME_kons = reqid_kons: null

2022-11-22 16:36:10 - [TEST_STEP][PASSED] - response_searchME_spouse = reqid_spouse: null

2022-11-22 16:36:10 - [TEST_STEP][PASSED] - println("kons req id is :" + response_searchME_kons): null

2022-11-22 16:36:10 - [TEST_STEP][PASSED] - println("spouse req id is : " + response_searchME_spouse): null

2022-11-22 16:36:10 - [TEST_STEP][PASSED] - verifyResponseStatusCode(req_data, 200): Verify response status code successfully

2022-11-22 16:36:10 - [MESSAGE][PASSED] - Verify response status code successfully

2022-11-22 16:36:10 - [TEST_STEP][PASSED] - response = req_data.getResponseText(): null

2022-11-22 16:36:10 - [TEST_STEP][PASSED] - logInfo($response): {"status":"Done","data":{"requestid1":"242304","requestid2":""}}

2022-11-22 16:36:10 - [MESSAGE][INFO] - {"status":"Done","data":{"requestid1":"242304","requestid2":""}}

2022-11-22 16:36:10 - [TEST_STEP][PASSED] - delay(3): Delayed 3 second(s)

2022-11-22 16:36:13 - [MESSAGE][PASSED] - Delayed 3 second(s)

2022-11-22 16:36:13 - [TEST_STEP][PASSED] - scoring = sendRequest(findTestObject("EngineScore", ["response_searchME_kons":response_searchME_kons, "response_searchME_spouse":response_searchME_spouse])): Send request successfully

2022-11-22 16:36:13 - [MESSAGE][INFO] - HAR: D:\DMS\Engine Scoring\Reports\20221122_162012\Exclude KKB - DS\Scoring Individu - KKB\20221122_162012\requests\main\361.har

2022-11-22 16:36:13 - [MESSAGE][PASSED] - Send request successfully

2022-11-22 16:36:13 - [TEST_STEP][PASSED] - verifyResponseStatusCode(scoring, 200): Verify response status code successfully

2022-11-22 16:36:13 - [MESSAGE][PASSED] - Verify response status code successfully

2022-11-22 16:36:13 - [TEST_STEP][PASSED] - response2 = scoring.getResponseText(): null

2022-11-22 16:36:13 - [TEST_STEP][PASSED] - markPassed("result service data ke : " + no): result service data ke : 181

2022-11-22 16:36:13 - [MESSAGE][PASSED] - result service data ke : 181

2022-11-22 16:36:13 - [TEST_STEP][PASSED] - logInfo($response2): {"result_konsumen":"Reguler","result_pasangan":"","Final_result":"Reguler","errorMessage":"","status":"Done"}

2022-11-22 16:36:13 - [MESSAGE][INFO] - {"result_konsumen":"Reguler","result_pasangan":"","Final_result":"Reguler","errorMessage":"","status":"Done"}

2022-11-22 16:36:13 - [TEST_STEP][PASSED] - verifyElementPropertyValue(scoring, "Final_result", final_result): Verify element property value successfully

2022-11-22 16:36:13 - [MESSAGE][PASSED] - Verify element property value successfully]]></system-out>
         <system-err><![CDATA[]]></system-err>
      </testcase>
      <testcase name="Test Cases/Engine_Scoring/Engine Scoring" time="6.018" classname="Test Cases/Engine_Scoring/Engine Scoring" status="PASSED">
         <system-out><![CDATA[2022-11-22 16:36:13 - [TEST_CASE][PASSED] - Test Cases/Engine_Scoring/Engine Scoring: Test Cases/Engine_Scoring/Engine Scoring

2022-11-22 16:36:15 - [TEST_STEP][PASSED] - markPassed("Variasi data ke : " + no): Variasi data ke : 182

2022-11-22 16:36:15 - [MESSAGE][PASSED] - Variasi data ke : 182

2022-11-22 16:36:15 - [TEST_STEP][PASSED] - req_data = sendRequest(findTestObject("Search_ME", ["MID":MID, "source":source, "ip":ip, "userid":userid, "branch":branch, "tipekons":tipekons, "marital":marital, "penjamin":penjamin, ... ])): Send request successfully

2022-11-22 16:36:16 - [MESSAGE][INFO] - HAR: D:\DMS\Engine Scoring\Reports\20221122_162012\Exclude KKB - DS\Scoring Individu - KKB\20221122_162012\requests\main\362.har

2022-11-22 16:36:16 - [MESSAGE][PASSED] - Send request successfully

2022-11-22 16:36:16 - [TEST_STEP][PASSED] - slurper = new groovy.json.JsonSlurper(): null

2022-11-22 16:36:16 - [TEST_STEP][PASSED] - result = slurper.parseText(req_data.getResponseBodyContent()): null

2022-11-22 16:36:16 - [TEST_STEP][PASSED] - reqid_kons = requestid1: null

2022-11-22 16:36:16 - [TEST_STEP][PASSED] - reqid_spouse = requestid2: null

2022-11-22 16:36:16 - [TEST_STEP][PASSED] - println("requestid kons : " + reqid_kons): null

2022-11-22 16:36:16 - [TEST_STEP][PASSED] - response_searchME_kons = reqid_kons: null

2022-11-22 16:36:16 - [TEST_STEP][PASSED] - response_searchME_spouse = reqid_spouse: null

2022-11-22 16:36:16 - [TEST_STEP][PASSED] - println("kons req id is :" + response_searchME_kons): null

2022-11-22 16:36:16 - [TEST_STEP][PASSED] - println("spouse req id is : " + response_searchME_spouse): null

2022-11-22 16:36:16 - [TEST_STEP][PASSED] - verifyResponseStatusCode(req_data, 200): Verify response status code successfully

2022-11-22 16:36:16 - [MESSAGE][PASSED] - Verify response status code successfully

2022-11-22 16:36:16 - [TEST_STEP][PASSED] - response = req_data.getResponseText(): null

2022-11-22 16:36:16 - [TEST_STEP][PASSED] - logInfo($response): {"status":"Done","data":{"requestid1":"242305","requestid2":""}}

2022-11-22 16:36:16 - [MESSAGE][INFO] - {"status":"Done","data":{"requestid1":"242305","requestid2":""}}

2022-11-22 16:36:16 - [TEST_STEP][PASSED] - delay(3): Delayed 3 second(s)

2022-11-22 16:36:19 - [MESSAGE][PASSED] - Delayed 3 second(s)

2022-11-22 16:36:19 - [TEST_STEP][PASSED] - scoring = sendRequest(findTestObject("EngineScore", ["response_searchME_kons":response_searchME_kons, "response_searchME_spouse":response_searchME_spouse])): Send request successfully

2022-11-22 16:36:19 - [MESSAGE][INFO] - HAR: D:\DMS\Engine Scoring\Reports\20221122_162012\Exclude KKB - DS\Scoring Individu - KKB\20221122_162012\requests\main\363.har

2022-11-22 16:36:19 - [MESSAGE][PASSED] - Send request successfully

2022-11-22 16:36:19 - [TEST_STEP][PASSED] - verifyResponseStatusCode(scoring, 200): Verify response status code successfully

2022-11-22 16:36:19 - [MESSAGE][PASSED] - Verify response status code successfully

2022-11-22 16:36:19 - [TEST_STEP][PASSED] - response2 = scoring.getResponseText(): null

2022-11-22 16:36:19 - [TEST_STEP][PASSED] - markPassed("result service data ke : " + no): result service data ke : 182

2022-11-22 16:36:19 - [MESSAGE][PASSED] - result service data ke : 182

2022-11-22 16:36:19 - [TEST_STEP][PASSED] - logInfo($response2): {"result_konsumen":"Reguler","result_pasangan":"","Final_result":"Reguler","errorMessage":"","status":"Done"}

2022-11-22 16:36:19 - [MESSAGE][INFO] - {"result_konsumen":"Reguler","result_pasangan":"","Final_result":"Reguler","errorMessage":"","status":"Done"}

2022-11-22 16:36:19 - [TEST_STEP][PASSED] - verifyElementPropertyValue(scoring, "Final_result", final_result): Verify element property value successfully

2022-11-22 16:36:19 - [MESSAGE][PASSED] - Verify element property value successfully]]></system-out>
         <system-err><![CDATA[]]></system-err>
      </testcase>
      <testcase name="Test Cases/Engine_Scoring/Engine Scoring" time="5.846" classname="Test Cases/Engine_Scoring/Engine Scoring" status="PASSED">
         <system-out><![CDATA[2022-11-22 16:36:19 - [TEST_CASE][PASSED] - Test Cases/Engine_Scoring/Engine Scoring: Test Cases/Engine_Scoring/Engine Scoring

2022-11-22 16:36:21 - [TEST_STEP][PASSED] - markPassed("Variasi data ke : " + no): Variasi data ke : 183

2022-11-22 16:36:21 - [MESSAGE][PASSED] - Variasi data ke : 183

2022-11-22 16:36:21 - [TEST_STEP][PASSED] - req_data = sendRequest(findTestObject("Search_ME", ["MID":MID, "source":source, "ip":ip, "userid":userid, "branch":branch, "tipekons":tipekons, "marital":marital, "penjamin":penjamin, ... ])): Send request successfully

2022-11-22 16:36:22 - [MESSAGE][INFO] - HAR: D:\DMS\Engine Scoring\Reports\20221122_162012\Exclude KKB - DS\Scoring Individu - KKB\20221122_162012\requests\main\364.har

2022-11-22 16:36:22 - [MESSAGE][PASSED] - Send request successfully

2022-11-22 16:36:22 - [TEST_STEP][PASSED] - slurper = new groovy.json.JsonSlurper(): null

2022-11-22 16:36:22 - [TEST_STEP][PASSED] - result = slurper.parseText(req_data.getResponseBodyContent()): null

2022-11-22 16:36:22 - [TEST_STEP][PASSED] - reqid_kons = requestid1: null

2022-11-22 16:36:22 - [TEST_STEP][PASSED] - reqid_spouse = requestid2: null

2022-11-22 16:36:22 - [TEST_STEP][PASSED] - println("requestid kons : " + reqid_kons): null

2022-11-22 16:36:22 - [TEST_STEP][PASSED] - response_searchME_kons = reqid_kons: null

2022-11-22 16:36:22 - [TEST_STEP][PASSED] - response_searchME_spouse = reqid_spouse: null

2022-11-22 16:36:22 - [TEST_STEP][PASSED] - println("kons req id is :" + response_searchME_kons): null

2022-11-22 16:36:22 - [TEST_STEP][PASSED] - println("spouse req id is : " + response_searchME_spouse): null

2022-11-22 16:36:22 - [TEST_STEP][PASSED] - verifyResponseStatusCode(req_data, 200): Verify response status code successfully

2022-11-22 16:36:22 - [MESSAGE][PASSED] - Verify response status code successfully

2022-11-22 16:36:22 - [TEST_STEP][PASSED] - response = req_data.getResponseText(): null

2022-11-22 16:36:22 - [TEST_STEP][PASSED] - logInfo($response): {"status":"Done","data":{"requestid1":"242306","requestid2":""}}

2022-11-22 16:36:22 - [MESSAGE][INFO] - {"status":"Done","data":{"requestid1":"242306","requestid2":""}}

2022-11-22 16:36:22 - [TEST_STEP][PASSED] - delay(3): Delayed 3 second(s)

2022-11-22 16:36:25 - [MESSAGE][PASSED] - Delayed 3 second(s)

2022-11-22 16:36:25 - [TEST_STEP][PASSED] - scoring = sendRequest(findTestObject("EngineScore", ["response_searchME_kons":response_searchME_kons, "response_searchME_spouse":response_searchME_spouse])): Send request successfully

2022-11-22 16:36:25 - [MESSAGE][INFO] - HAR: D:\DMS\Engine Scoring\Reports\20221122_162012\Exclude KKB - DS\Scoring Individu - KKB\20221122_162012\requests\main\365.har

2022-11-22 16:36:25 - [MESSAGE][PASSED] - Send request successfully

2022-11-22 16:36:25 - [TEST_STEP][PASSED] - verifyResponseStatusCode(scoring, 200): Verify response status code successfully

2022-11-22 16:36:25 - [MESSAGE][PASSED] - Verify response status code successfully

2022-11-22 16:36:25 - [TEST_STEP][PASSED] - response2 = scoring.getResponseText(): null

2022-11-22 16:36:25 - [TEST_STEP][PASSED] - markPassed("result service data ke : " + no): result service data ke : 183

2022-11-22 16:36:25 - [MESSAGE][PASSED] - result service data ke : 183

2022-11-22 16:36:25 - [TEST_STEP][PASSED] - logInfo($response2): {"result_konsumen":"Approve","result_pasangan":"","Final_result":"Approve","errorMessage":"","status":"Done"}

2022-11-22 16:36:25 - [MESSAGE][INFO] - {"result_konsumen":"Approve","result_pasangan":"","Final_result":"Approve","errorMessage":"","status":"Done"}

2022-11-22 16:36:25 - [TEST_STEP][PASSED] - verifyElementPropertyValue(scoring, "Final_result", final_result): Verify element property value successfully

2022-11-22 16:36:25 - [MESSAGE][PASSED] - Verify element property value successfully]]></system-out>
         <system-err><![CDATA[]]></system-err>
      </testcase>
      <testcase name="Test Cases/Engine_Scoring/Engine Scoring" time="5.791" classname="Test Cases/Engine_Scoring/Engine Scoring" status="PASSED">
         <system-out><![CDATA[2022-11-22 16:36:25 - [TEST_CASE][PASSED] - Test Cases/Engine_Scoring/Engine Scoring: Test Cases/Engine_Scoring/Engine Scoring

2022-11-22 16:36:27 - [TEST_STEP][PASSED] - markPassed("Variasi data ke : " + no): Variasi data ke : 184

2022-11-22 16:36:27 - [MESSAGE][PASSED] - Variasi data ke : 184

2022-11-22 16:36:27 - [TEST_STEP][PASSED] - req_data = sendRequest(findTestObject("Search_ME", ["MID":MID, "source":source, "ip":ip, "userid":userid, "branch":branch, "tipekons":tipekons, "marital":marital, "penjamin":penjamin, ... ])): Send request successfully

2022-11-22 16:36:28 - [MESSAGE][INFO] - HAR: D:\DMS\Engine Scoring\Reports\20221122_162012\Exclude KKB - DS\Scoring Individu - KKB\20221122_162012\requests\main\366.har

2022-11-22 16:36:28 - [MESSAGE][PASSED] - Send request successfully

2022-11-22 16:36:28 - [TEST_STEP][PASSED] - slurper = new groovy.json.JsonSlurper(): null

2022-11-22 16:36:28 - [TEST_STEP][PASSED] - result = slurper.parseText(req_data.getResponseBodyContent()): null

2022-11-22 16:36:28 - [TEST_STEP][PASSED] - reqid_kons = requestid1: null

2022-11-22 16:36:28 - [TEST_STEP][PASSED] - reqid_spouse = requestid2: null

2022-11-22 16:36:28 - [TEST_STEP][PASSED] - println("requestid kons : " + reqid_kons): null

2022-11-22 16:36:28 - [TEST_STEP][PASSED] - response_searchME_kons = reqid_kons: null

2022-11-22 16:36:28 - [TEST_STEP][PASSED] - response_searchME_spouse = reqid_spouse: null

2022-11-22 16:36:28 - [TEST_STEP][PASSED] - println("kons req id is :" + response_searchME_kons): null

2022-11-22 16:36:28 - [TEST_STEP][PASSED] - println("spouse req id is : " + response_searchME_spouse): null

2022-11-22 16:36:28 - [TEST_STEP][PASSED] - verifyResponseStatusCode(req_data, 200): Verify response status code successfully

2022-11-22 16:36:28 - [MESSAGE][PASSED] - Verify response status code successfully

2022-11-22 16:36:28 - [TEST_STEP][PASSED] - response = req_data.getResponseText(): null

2022-11-22 16:36:28 - [TEST_STEP][PASSED] - logInfo($response): {"status":"Done","data":{"requestid1":"242307","requestid2":""}}

2022-11-22 16:36:28 - [MESSAGE][INFO] - {"status":"Done","data":{"requestid1":"242307","requestid2":""}}

2022-11-22 16:36:28 - [TEST_STEP][PASSED] - delay(3): Delayed 3 second(s)

2022-11-22 16:36:31 - [MESSAGE][PASSED] - Delayed 3 second(s)

2022-11-22 16:36:31 - [TEST_STEP][PASSED] - scoring = sendRequest(findTestObject("EngineScore", ["response_searchME_kons":response_searchME_kons, "response_searchME_spouse":response_searchME_spouse])): Send request successfully

2022-11-22 16:36:31 - [MESSAGE][INFO] - HAR: D:\DMS\Engine Scoring\Reports\20221122_162012\Exclude KKB - DS\Scoring Individu - KKB\20221122_162012\requests\main\367.har

2022-11-22 16:36:31 - [MESSAGE][PASSED] - Send request successfully

2022-11-22 16:36:31 - [TEST_STEP][PASSED] - verifyResponseStatusCode(scoring, 200): Verify response status code successfully

2022-11-22 16:36:31 - [MESSAGE][PASSED] - Verify response status code successfully

2022-11-22 16:36:31 - [TEST_STEP][PASSED] - response2 = scoring.getResponseText(): null

2022-11-22 16:36:31 - [TEST_STEP][PASSED] - markPassed("result service data ke : " + no): result service data ke : 184

2022-11-22 16:36:31 - [MESSAGE][PASSED] - result service data ke : 184

2022-11-22 16:36:31 - [TEST_STEP][PASSED] - logInfo($response2): {"result_konsumen":"Approve","result_pasangan":"","Final_result":"Approve","errorMessage":"","status":"Done"}

2022-11-22 16:36:31 - [MESSAGE][INFO] - {"result_konsumen":"Approve","result_pasangan":"","Final_result":"Approve","errorMessage":"","status":"Done"}

2022-11-22 16:36:31 - [TEST_STEP][PASSED] - verifyElementPropertyValue(scoring, "Final_result", final_result): Verify element property value successfully

2022-11-22 16:36:31 - [MESSAGE][PASSED] - Verify element property value successfully]]></system-out>
         <system-err><![CDATA[]]></system-err>
      </testcase>
      <testcase name="Test Cases/Engine_Scoring/Engine Scoring" time="5.727" classname="Test Cases/Engine_Scoring/Engine Scoring" status="PASSED">
         <system-out><![CDATA[2022-11-22 16:36:31 - [TEST_CASE][PASSED] - Test Cases/Engine_Scoring/Engine Scoring: Test Cases/Engine_Scoring/Engine Scoring

2022-11-22 16:36:32 - [TEST_STEP][PASSED] - markPassed("Variasi data ke : " + no): Variasi data ke : 185

2022-11-22 16:36:32 - [MESSAGE][PASSED] - Variasi data ke : 185

2022-11-22 16:36:32 - [TEST_STEP][PASSED] - req_data = sendRequest(findTestObject("Search_ME", ["MID":MID, "source":source, "ip":ip, "userid":userid, "branch":branch, "tipekons":tipekons, "marital":marital, "penjamin":penjamin, ... ])): Send request successfully

2022-11-22 16:36:34 - [MESSAGE][INFO] - HAR: D:\DMS\Engine Scoring\Reports\20221122_162012\Exclude KKB - DS\Scoring Individu - KKB\20221122_162012\requests\main\368.har

2022-11-22 16:36:34 - [MESSAGE][PASSED] - Send request successfully

2022-11-22 16:36:34 - [TEST_STEP][PASSED] - slurper = new groovy.json.JsonSlurper(): null

2022-11-22 16:36:34 - [TEST_STEP][PASSED] - result = slurper.parseText(req_data.getResponseBodyContent()): null

2022-11-22 16:36:34 - [TEST_STEP][PASSED] - reqid_kons = requestid1: null

2022-11-22 16:36:34 - [TEST_STEP][PASSED] - reqid_spouse = requestid2: null

2022-11-22 16:36:34 - [TEST_STEP][PASSED] - println("requestid kons : " + reqid_kons): null

2022-11-22 16:36:34 - [TEST_STEP][PASSED] - response_searchME_kons = reqid_kons: null

2022-11-22 16:36:34 - [TEST_STEP][PASSED] - response_searchME_spouse = reqid_spouse: null

2022-11-22 16:36:34 - [TEST_STEP][PASSED] - println("kons req id is :" + response_searchME_kons): null

2022-11-22 16:36:34 - [TEST_STEP][PASSED] - println("spouse req id is : " + response_searchME_spouse): null

2022-11-22 16:36:34 - [TEST_STEP][PASSED] - verifyResponseStatusCode(req_data, 200): Verify response status code successfully

2022-11-22 16:36:34 - [MESSAGE][PASSED] - Verify response status code successfully

2022-11-22 16:36:34 - [TEST_STEP][PASSED] - response = req_data.getResponseText(): null

2022-11-22 16:36:34 - [TEST_STEP][PASSED] - logInfo($response): {"status":"Done","data":{"requestid1":"242308","requestid2":""}}

2022-11-22 16:36:34 - [MESSAGE][INFO] - {"status":"Done","data":{"requestid1":"242308","requestid2":""}}

2022-11-22 16:36:34 - [TEST_STEP][PASSED] - delay(3): Delayed 3 second(s)

2022-11-22 16:36:37 - [MESSAGE][PASSED] - Delayed 3 second(s)

2022-11-22 16:36:37 - [TEST_STEP][PASSED] - scoring = sendRequest(findTestObject("EngineScore", ["response_searchME_kons":response_searchME_kons, "response_searchME_spouse":response_searchME_spouse])): Send request successfully

2022-11-22 16:36:37 - [MESSAGE][INFO] - HAR: D:\DMS\Engine Scoring\Reports\20221122_162012\Exclude KKB - DS\Scoring Individu - KKB\20221122_162012\requests\main\369.har

2022-11-22 16:36:37 - [MESSAGE][PASSED] - Send request successfully

2022-11-22 16:36:37 - [TEST_STEP][PASSED] - verifyResponseStatusCode(scoring, 200): Verify response status code successfully

2022-11-22 16:36:37 - [MESSAGE][PASSED] - Verify response status code successfully

2022-11-22 16:36:37 - [TEST_STEP][PASSED] - response2 = scoring.getResponseText(): null

2022-11-22 16:36:37 - [TEST_STEP][PASSED] - markPassed("result service data ke : " + no): result service data ke : 185

2022-11-22 16:36:37 - [MESSAGE][PASSED] - result service data ke : 185

2022-11-22 16:36:37 - [TEST_STEP][PASSED] - logInfo($response2): {"result_konsumen":"Approve","result_pasangan":"","Final_result":"Approve","errorMessage":"","status":"Done"}

2022-11-22 16:36:37 - [MESSAGE][INFO] - {"result_konsumen":"Approve","result_pasangan":"","Final_result":"Approve","errorMessage":"","status":"Done"}

2022-11-22 16:36:37 - [TEST_STEP][PASSED] - verifyElementPropertyValue(scoring, "Final_result", final_result): Verify element property value successfully

2022-11-22 16:36:37 - [MESSAGE][PASSED] - Verify element property value successfully]]></system-out>
         <system-err><![CDATA[]]></system-err>
      </testcase>
      <testcase name="Test Cases/Engine_Scoring/Engine Scoring" time="5.683" classname="Test Cases/Engine_Scoring/Engine Scoring" status="PASSED">
         <system-out><![CDATA[2022-11-22 16:36:37 - [TEST_CASE][PASSED] - Test Cases/Engine_Scoring/Engine Scoring: Test Cases/Engine_Scoring/Engine Scoring

2022-11-22 16:36:38 - [TEST_STEP][PASSED] - markPassed("Variasi data ke : " + no): Variasi data ke : 186

2022-11-22 16:36:38 - [MESSAGE][PASSED] - Variasi data ke : 186

2022-11-22 16:36:38 - [TEST_STEP][PASSED] - req_data = sendRequest(findTestObject("Search_ME", ["MID":MID, "source":source, "ip":ip, "userid":userid, "branch":branch, "tipekons":tipekons, "marital":marital, "penjamin":penjamin, ... ])): Send request successfully

2022-11-22 16:36:39 - [MESSAGE][INFO] - HAR: D:\DMS\Engine Scoring\Reports\20221122_162012\Exclude KKB - DS\Scoring Individu - KKB\20221122_162012\requests\main\370.har

2022-11-22 16:36:39 - [MESSAGE][PASSED] - Send request successfully

2022-11-22 16:36:39 - [TEST_STEP][PASSED] - slurper = new groovy.json.JsonSlurper(): null

2022-11-22 16:36:39 - [TEST_STEP][PASSED] - result = slurper.parseText(req_data.getResponseBodyContent()): null

2022-11-22 16:36:39 - [TEST_STEP][PASSED] - reqid_kons = requestid1: null

2022-11-22 16:36:39 - [TEST_STEP][PASSED] - reqid_spouse = requestid2: null

2022-11-22 16:36:39 - [TEST_STEP][PASSED] - println("requestid kons : " + reqid_kons): null

2022-11-22 16:36:39 - [TEST_STEP][PASSED] - response_searchME_kons = reqid_kons: null

2022-11-22 16:36:39 - [TEST_STEP][PASSED] - response_searchME_spouse = reqid_spouse: null

2022-11-22 16:36:39 - [TEST_STEP][PASSED] - println("kons req id is :" + response_searchME_kons): null

2022-11-22 16:36:39 - [TEST_STEP][PASSED] - println("spouse req id is : " + response_searchME_spouse): null

2022-11-22 16:36:39 - [TEST_STEP][PASSED] - verifyResponseStatusCode(req_data, 200): Verify response status code successfully

2022-11-22 16:36:39 - [MESSAGE][PASSED] - Verify response status code successfully

2022-11-22 16:36:39 - [TEST_STEP][PASSED] - response = req_data.getResponseText(): null

2022-11-22 16:36:39 - [TEST_STEP][PASSED] - logInfo($response): {"status":"Done","data":{"requestid1":"242309","requestid2":""}}

2022-11-22 16:36:39 - [MESSAGE][INFO] - {"status":"Done","data":{"requestid1":"242309","requestid2":""}}

2022-11-22 16:36:39 - [TEST_STEP][PASSED] - delay(3): Delayed 3 second(s)

2022-11-22 16:36:43 - [MESSAGE][PASSED] - Delayed 3 second(s)

2022-11-22 16:36:43 - [TEST_STEP][PASSED] - scoring = sendRequest(findTestObject("EngineScore", ["response_searchME_kons":response_searchME_kons, "response_searchME_spouse":response_searchME_spouse])): Send request successfully

2022-11-22 16:36:43 - [MESSAGE][INFO] - HAR: D:\DMS\Engine Scoring\Reports\20221122_162012\Exclude KKB - DS\Scoring Individu - KKB\20221122_162012\requests\main\371.har

2022-11-22 16:36:43 - [MESSAGE][PASSED] - Send request successfully

2022-11-22 16:36:43 - [TEST_STEP][PASSED] - verifyResponseStatusCode(scoring, 200): Verify response status code successfully

2022-11-22 16:36:43 - [MESSAGE][PASSED] - Verify response status code successfully

2022-11-22 16:36:43 - [TEST_STEP][PASSED] - response2 = scoring.getResponseText(): null

2022-11-22 16:36:43 - [TEST_STEP][PASSED] - markPassed("result service data ke : " + no): result service data ke : 186

2022-11-22 16:36:43 - [MESSAGE][PASSED] - result service data ke : 186

2022-11-22 16:36:43 - [TEST_STEP][PASSED] - logInfo($response2): {"result_konsumen":"Approve","result_pasangan":"","Final_result":"Approve","errorMessage":"","status":"Done"}

2022-11-22 16:36:43 - [MESSAGE][INFO] - {"result_konsumen":"Approve","result_pasangan":"","Final_result":"Approve","errorMessage":"","status":"Done"}

2022-11-22 16:36:43 - [TEST_STEP][PASSED] - verifyElementPropertyValue(scoring, "Final_result", final_result): Verify element property value successfully

2022-11-22 16:36:43 - [MESSAGE][PASSED] - Verify element property value successfully]]></system-out>
         <system-err><![CDATA[]]></system-err>
      </testcase>
      <testcase name="Test Cases/Engine_Scoring/Engine Scoring" time="5.655" classname="Test Cases/Engine_Scoring/Engine Scoring" status="PASSED">
         <system-out><![CDATA[2022-11-22 16:36:43 - [TEST_CASE][PASSED] - Test Cases/Engine_Scoring/Engine Scoring: Test Cases/Engine_Scoring/Engine Scoring

2022-11-22 16:36:44 - [TEST_STEP][PASSED] - markPassed("Variasi data ke : " + no): Variasi data ke : 187

2022-11-22 16:36:44 - [MESSAGE][PASSED] - Variasi data ke : 187

2022-11-22 16:36:44 - [TEST_STEP][PASSED] - req_data = sendRequest(findTestObject("Search_ME", ["MID":MID, "source":source, "ip":ip, "userid":userid, "branch":branch, "tipekons":tipekons, "marital":marital, "penjamin":penjamin, ... ])): Send request successfully

2022-11-22 16:36:45 - [MESSAGE][INFO] - HAR: D:\DMS\Engine Scoring\Reports\20221122_162012\Exclude KKB - DS\Scoring Individu - KKB\20221122_162012\requests\main\372.har

2022-11-22 16:36:45 - [MESSAGE][PASSED] - Send request successfully

2022-11-22 16:36:45 - [TEST_STEP][PASSED] - slurper = new groovy.json.JsonSlurper(): null

2022-11-22 16:36:45 - [TEST_STEP][PASSED] - result = slurper.parseText(req_data.getResponseBodyContent()): null

2022-11-22 16:36:45 - [TEST_STEP][PASSED] - reqid_kons = requestid1: null

2022-11-22 16:36:45 - [TEST_STEP][PASSED] - reqid_spouse = requestid2: null

2022-11-22 16:36:45 - [TEST_STEP][PASSED] - println("requestid kons : " + reqid_kons): null

2022-11-22 16:36:45 - [TEST_STEP][PASSED] - response_searchME_kons = reqid_kons: null

2022-11-22 16:36:45 - [TEST_STEP][PASSED] - response_searchME_spouse = reqid_spouse: null

2022-11-22 16:36:45 - [TEST_STEP][PASSED] - println("kons req id is :" + response_searchME_kons): null

2022-11-22 16:36:45 - [TEST_STEP][PASSED] - println("spouse req id is : " + response_searchME_spouse): null

2022-11-22 16:36:45 - [TEST_STEP][PASSED] - verifyResponseStatusCode(req_data, 200): Verify response status code successfully

2022-11-22 16:36:45 - [MESSAGE][PASSED] - Verify response status code successfully

2022-11-22 16:36:45 - [TEST_STEP][PASSED] - response = req_data.getResponseText(): null

2022-11-22 16:36:45 - [TEST_STEP][PASSED] - logInfo($response): {"status":"Done","data":{"requestid1":"242310","requestid2":""}}

2022-11-22 16:36:45 - [MESSAGE][INFO] - {"status":"Done","data":{"requestid1":"242310","requestid2":""}}

2022-11-22 16:36:45 - [TEST_STEP][PASSED] - delay(3): Delayed 3 second(s)

2022-11-22 16:36:48 - [MESSAGE][PASSED] - Delayed 3 second(s)

2022-11-22 16:36:48 - [TEST_STEP][PASSED] - scoring = sendRequest(findTestObject("EngineScore", ["response_searchME_kons":response_searchME_kons, "response_searchME_spouse":response_searchME_spouse])): Send request successfully

2022-11-22 16:36:48 - [MESSAGE][INFO] - HAR: D:\DMS\Engine Scoring\Reports\20221122_162012\Exclude KKB - DS\Scoring Individu - KKB\20221122_162012\requests\main\373.har

2022-11-22 16:36:48 - [MESSAGE][PASSED] - Send request successfully

2022-11-22 16:36:48 - [TEST_STEP][PASSED] - verifyResponseStatusCode(scoring, 200): Verify response status code successfully

2022-11-22 16:36:48 - [MESSAGE][PASSED] - Verify response status code successfully

2022-11-22 16:36:48 - [TEST_STEP][PASSED] - response2 = scoring.getResponseText(): null

2022-11-22 16:36:48 - [TEST_STEP][PASSED] - markPassed("result service data ke : " + no): result service data ke : 187

2022-11-22 16:36:48 - [MESSAGE][PASSED] - result service data ke : 187

2022-11-22 16:36:48 - [TEST_STEP][PASSED] - logInfo($response2): {"result_konsumen":"Approve","result_pasangan":"","Final_result":"Approve","errorMessage":"","status":"Done"}

2022-11-22 16:36:48 - [MESSAGE][INFO] - {"result_konsumen":"Approve","result_pasangan":"","Final_result":"Approve","errorMessage":"","status":"Done"}

2022-11-22 16:36:48 - [TEST_STEP][PASSED] - verifyElementPropertyValue(scoring, "Final_result", final_result): Verify element property value successfully

2022-11-22 16:36:48 - [MESSAGE][PASSED] - Verify element property value successfully]]></system-out>
         <system-err><![CDATA[]]></system-err>
      </testcase>
      <testcase name="Test Cases/Engine_Scoring/Engine Scoring" time="5.958" classname="Test Cases/Engine_Scoring/Engine Scoring" status="PASSED">
         <system-out><![CDATA[2022-11-22 16:36:48 - [TEST_CASE][PASSED] - Test Cases/Engine_Scoring/Engine Scoring: Test Cases/Engine_Scoring/Engine Scoring

2022-11-22 16:36:50 - [TEST_STEP][PASSED] - markPassed("Variasi data ke : " + no): Variasi data ke : 188

2022-11-22 16:36:50 - [MESSAGE][PASSED] - Variasi data ke : 188

2022-11-22 16:36:50 - [TEST_STEP][PASSED] - req_data = sendRequest(findTestObject("Search_ME", ["MID":MID, "source":source, "ip":ip, "userid":userid, "branch":branch, "tipekons":tipekons, "marital":marital, "penjamin":penjamin, ... ])): Send request successfully

2022-11-22 16:36:51 - [MESSAGE][INFO] - HAR: D:\DMS\Engine Scoring\Reports\20221122_162012\Exclude KKB - DS\Scoring Individu - KKB\20221122_162012\requests\main\374.har

2022-11-22 16:36:51 - [MESSAGE][PASSED] - Send request successfully

2022-11-22 16:36:51 - [TEST_STEP][PASSED] - slurper = new groovy.json.JsonSlurper(): null

2022-11-22 16:36:51 - [TEST_STEP][PASSED] - result = slurper.parseText(req_data.getResponseBodyContent()): null

2022-11-22 16:36:51 - [TEST_STEP][PASSED] - reqid_kons = requestid1: null

2022-11-22 16:36:51 - [TEST_STEP][PASSED] - reqid_spouse = requestid2: null

2022-11-22 16:36:51 - [TEST_STEP][PASSED] - println("requestid kons : " + reqid_kons): null

2022-11-22 16:36:51 - [TEST_STEP][PASSED] - response_searchME_kons = reqid_kons: null

2022-11-22 16:36:51 - [TEST_STEP][PASSED] - response_searchME_spouse = reqid_spouse: null

2022-11-22 16:36:51 - [TEST_STEP][PASSED] - println("kons req id is :" + response_searchME_kons): null

2022-11-22 16:36:51 - [TEST_STEP][PASSED] - println("spouse req id is : " + response_searchME_spouse): null

2022-11-22 16:36:51 - [TEST_STEP][PASSED] - verifyResponseStatusCode(req_data, 200): Verify response status code successfully

2022-11-22 16:36:51 - [MESSAGE][PASSED] - Verify response status code successfully

2022-11-22 16:36:51 - [TEST_STEP][PASSED] - response = req_data.getResponseText(): null

2022-11-22 16:36:51 - [TEST_STEP][PASSED] - logInfo($response): {"status":"Done","data":{"requestid1":"242311","requestid2":""}}

2022-11-22 16:36:51 - [MESSAGE][INFO] - {"status":"Done","data":{"requestid1":"242311","requestid2":""}}

2022-11-22 16:36:51 - [TEST_STEP][PASSED] - delay(3): Delayed 3 second(s)

2022-11-22 16:36:54 - [MESSAGE][PASSED] - Delayed 3 second(s)

2022-11-22 16:36:54 - [TEST_STEP][PASSED] - scoring = sendRequest(findTestObject("EngineScore", ["response_searchME_kons":response_searchME_kons, "response_searchME_spouse":response_searchME_spouse])): Send request successfully

2022-11-22 16:36:54 - [MESSAGE][INFO] - HAR: D:\DMS\Engine Scoring\Reports\20221122_162012\Exclude KKB - DS\Scoring Individu - KKB\20221122_162012\requests\main\375.har

2022-11-22 16:36:54 - [MESSAGE][PASSED] - Send request successfully

2022-11-22 16:36:54 - [TEST_STEP][PASSED] - verifyResponseStatusCode(scoring, 200): Verify response status code successfully

2022-11-22 16:36:54 - [MESSAGE][PASSED] - Verify response status code successfully

2022-11-22 16:36:54 - [TEST_STEP][PASSED] - response2 = scoring.getResponseText(): null

2022-11-22 16:36:54 - [TEST_STEP][PASSED] - markPassed("result service data ke : " + no): result service data ke : 188

2022-11-22 16:36:54 - [MESSAGE][PASSED] - result service data ke : 188

2022-11-22 16:36:54 - [TEST_STEP][PASSED] - logInfo($response2): {"result_konsumen":"Approve","result_pasangan":"","Final_result":"Approve","errorMessage":"","status":"Done"}

2022-11-22 16:36:54 - [MESSAGE][INFO] - {"result_konsumen":"Approve","result_pasangan":"","Final_result":"Approve","errorMessage":"","status":"Done"}

2022-11-22 16:36:54 - [TEST_STEP][PASSED] - verifyElementPropertyValue(scoring, "Final_result", final_result): Verify element property value successfully

2022-11-22 16:36:54 - [MESSAGE][PASSED] - Verify element property value successfully]]></system-out>
         <system-err><![CDATA[]]></system-err>
      </testcase>
      <testcase name="Test Cases/Engine_Scoring/Engine Scoring" time="7.763" classname="Test Cases/Engine_Scoring/Engine Scoring" status="PASSED">
         <system-out><![CDATA[2022-11-22 16:36:54 - [TEST_CASE][PASSED] - Test Cases/Engine_Scoring/Engine Scoring: Test Cases/Engine_Scoring/Engine Scoring

2022-11-22 16:36:58 - [TEST_STEP][PASSED] - markPassed("Variasi data ke : " + no): Variasi data ke : 189

2022-11-22 16:36:58 - [MESSAGE][PASSED] - Variasi data ke : 189

2022-11-22 16:36:58 - [TEST_STEP][PASSED] - req_data = sendRequest(findTestObject("Search_ME", ["MID":MID, "source":source, "ip":ip, "userid":userid, "branch":branch, "tipekons":tipekons, "marital":marital, "penjamin":penjamin, ... ])): Send request successfully

2022-11-22 16:36:59 - [MESSAGE][INFO] - HAR: D:\DMS\Engine Scoring\Reports\20221122_162012\Exclude KKB - DS\Scoring Individu - KKB\20221122_162012\requests\main\376.har

2022-11-22 16:36:59 - [MESSAGE][PASSED] - Send request successfully

2022-11-22 16:36:59 - [TEST_STEP][PASSED] - slurper = new groovy.json.JsonSlurper(): null

2022-11-22 16:36:59 - [TEST_STEP][PASSED] - result = slurper.parseText(req_data.getResponseBodyContent()): null

2022-11-22 16:36:59 - [TEST_STEP][PASSED] - reqid_kons = requestid1: null

2022-11-22 16:36:59 - [TEST_STEP][PASSED] - reqid_spouse = requestid2: null

2022-11-22 16:36:59 - [TEST_STEP][PASSED] - println("requestid kons : " + reqid_kons): null

2022-11-22 16:36:59 - [TEST_STEP][PASSED] - response_searchME_kons = reqid_kons: null

2022-11-22 16:36:59 - [TEST_STEP][PASSED] - response_searchME_spouse = reqid_spouse: null

2022-11-22 16:36:59 - [TEST_STEP][PASSED] - println("kons req id is :" + response_searchME_kons): null

2022-11-22 16:36:59 - [TEST_STEP][PASSED] - println("spouse req id is : " + response_searchME_spouse): null

2022-11-22 16:36:59 - [TEST_STEP][PASSED] - verifyResponseStatusCode(req_data, 200): Verify response status code successfully

2022-11-22 16:36:59 - [MESSAGE][PASSED] - Verify response status code successfully

2022-11-22 16:36:59 - [TEST_STEP][PASSED] - response = req_data.getResponseText(): null

2022-11-22 16:36:59 - [TEST_STEP][PASSED] - logInfo($response): {"status":"Done","data":{"requestid1":"242312","requestid2":""}}

2022-11-22 16:36:59 - [MESSAGE][INFO] - {"status":"Done","data":{"requestid1":"242312","requestid2":""}}

2022-11-22 16:36:59 - [TEST_STEP][PASSED] - delay(3): Delayed 3 second(s)

2022-11-22 16:37:02 - [MESSAGE][PASSED] - Delayed 3 second(s)

2022-11-22 16:37:02 - [TEST_STEP][PASSED] - scoring = sendRequest(findTestObject("EngineScore", ["response_searchME_kons":response_searchME_kons, "response_searchME_spouse":response_searchME_spouse])): Send request successfully

2022-11-22 16:37:02 - [MESSAGE][INFO] - HAR: D:\DMS\Engine Scoring\Reports\20221122_162012\Exclude KKB - DS\Scoring Individu - KKB\20221122_162012\requests\main\377.har

2022-11-22 16:37:02 - [MESSAGE][PASSED] - Send request successfully

2022-11-22 16:37:02 - [TEST_STEP][PASSED] - verifyResponseStatusCode(scoring, 200): Verify response status code successfully

2022-11-22 16:37:02 - [MESSAGE][PASSED] - Verify response status code successfully

2022-11-22 16:37:02 - [TEST_STEP][PASSED] - response2 = scoring.getResponseText(): null

2022-11-22 16:37:02 - [TEST_STEP][PASSED] - markPassed("result service data ke : " + no): result service data ke : 189

2022-11-22 16:37:02 - [MESSAGE][PASSED] - result service data ke : 189

2022-11-22 16:37:02 - [TEST_STEP][PASSED] - logInfo($response2): {"result_konsumen":"Reject","result_pasangan":"","Final_result":"Reject","errorMessage":"","status":"Done"}

2022-11-22 16:37:02 - [MESSAGE][INFO] - {"result_konsumen":"Reject","result_pasangan":"","Final_result":"Reject","errorMessage":"","status":"Done"}

2022-11-22 16:37:02 - [TEST_STEP][PASSED] - verifyElementPropertyValue(scoring, "Final_result", final_result): Verify element property value successfully

2022-11-22 16:37:02 - [MESSAGE][PASSED] - Verify element property value successfully]]></system-out>
         <system-err><![CDATA[]]></system-err>
      </testcase>
      <testcase name="Test Cases/Engine_Scoring/Engine Scoring" time="5.639" classname="Test Cases/Engine_Scoring/Engine Scoring" status="PASSED">
         <system-out><![CDATA[2022-11-22 16:37:02 - [TEST_CASE][PASSED] - Test Cases/Engine_Scoring/Engine Scoring: Test Cases/Engine_Scoring/Engine Scoring

2022-11-22 16:37:03 - [TEST_STEP][PASSED] - markPassed("Variasi data ke : " + no): Variasi data ke : 190

2022-11-22 16:37:03 - [MESSAGE][PASSED] - Variasi data ke : 190

2022-11-22 16:37:03 - [TEST_STEP][PASSED] - req_data = sendRequest(findTestObject("Search_ME", ["MID":MID, "source":source, "ip":ip, "userid":userid, "branch":branch, "tipekons":tipekons, "marital":marital, "penjamin":penjamin, ... ])): Send request successfully

2022-11-22 16:37:05 - [MESSAGE][INFO] - HAR: D:\DMS\Engine Scoring\Reports\20221122_162012\Exclude KKB - DS\Scoring Individu - KKB\20221122_162012\requests\main\378.har

2022-11-22 16:37:05 - [MESSAGE][PASSED] - Send request successfully

2022-11-22 16:37:05 - [TEST_STEP][PASSED] - slurper = new groovy.json.JsonSlurper(): null

2022-11-22 16:37:05 - [TEST_STEP][PASSED] - result = slurper.parseText(req_data.getResponseBodyContent()): null

2022-11-22 16:37:05 - [TEST_STEP][PASSED] - reqid_kons = requestid1: null

2022-11-22 16:37:05 - [TEST_STEP][PASSED] - reqid_spouse = requestid2: null

2022-11-22 16:37:05 - [TEST_STEP][PASSED] - println("requestid kons : " + reqid_kons): null

2022-11-22 16:37:05 - [TEST_STEP][PASSED] - response_searchME_kons = reqid_kons: null

2022-11-22 16:37:05 - [TEST_STEP][PASSED] - response_searchME_spouse = reqid_spouse: null

2022-11-22 16:37:05 - [TEST_STEP][PASSED] - println("kons req id is :" + response_searchME_kons): null

2022-11-22 16:37:05 - [TEST_STEP][PASSED] - println("spouse req id is : " + response_searchME_spouse): null

2022-11-22 16:37:05 - [TEST_STEP][PASSED] - verifyResponseStatusCode(req_data, 200): Verify response status code successfully

2022-11-22 16:37:05 - [MESSAGE][PASSED] - Verify response status code successfully

2022-11-22 16:37:05 - [TEST_STEP][PASSED] - response = req_data.getResponseText(): null

2022-11-22 16:37:05 - [TEST_STEP][PASSED] - logInfo($response): {"status":"Done","data":{"requestid1":"242313","requestid2":""}}

2022-11-22 16:37:05 - [MESSAGE][INFO] - {"status":"Done","data":{"requestid1":"242313","requestid2":""}}

2022-11-22 16:37:05 - [TEST_STEP][PASSED] - delay(3): Delayed 3 second(s)

2022-11-22 16:37:08 - [MESSAGE][PASSED] - Delayed 3 second(s)

2022-11-22 16:37:08 - [TEST_STEP][PASSED] - scoring = sendRequest(findTestObject("EngineScore", ["response_searchME_kons":response_searchME_kons, "response_searchME_spouse":response_searchME_spouse])): Send request successfully

2022-11-22 16:37:08 - [MESSAGE][INFO] - HAR: D:\DMS\Engine Scoring\Reports\20221122_162012\Exclude KKB - DS\Scoring Individu - KKB\20221122_162012\requests\main\379.har

2022-11-22 16:37:08 - [MESSAGE][PASSED] - Send request successfully

2022-11-22 16:37:08 - [TEST_STEP][PASSED] - verifyResponseStatusCode(scoring, 200): Verify response status code successfully

2022-11-22 16:37:08 - [MESSAGE][PASSED] - Verify response status code successfully

2022-11-22 16:37:08 - [TEST_STEP][PASSED] - response2 = scoring.getResponseText(): null

2022-11-22 16:37:08 - [TEST_STEP][PASSED] - markPassed("result service data ke : " + no): result service data ke : 190

2022-11-22 16:37:08 - [MESSAGE][PASSED] - result service data ke : 190

2022-11-22 16:37:08 - [TEST_STEP][PASSED] - logInfo($response2): {"result_konsumen":"Reject","result_pasangan":"","Final_result":"Reject","errorMessage":"","status":"Done"}

2022-11-22 16:37:08 - [MESSAGE][INFO] - {"result_konsumen":"Reject","result_pasangan":"","Final_result":"Reject","errorMessage":"","status":"Done"}

2022-11-22 16:37:08 - [TEST_STEP][PASSED] - verifyElementPropertyValue(scoring, "Final_result", final_result): Verify element property value successfully

2022-11-22 16:37:08 - [MESSAGE][PASSED] - Verify element property value successfully]]></system-out>
         <system-err><![CDATA[]]></system-err>
      </testcase>
      <testcase name="Test Cases/Engine_Scoring/Engine Scoring" time="5.879" classname="Test Cases/Engine_Scoring/Engine Scoring" status="PASSED">
         <system-out><![CDATA[2022-11-22 16:37:08 - [TEST_CASE][PASSED] - Test Cases/Engine_Scoring/Engine Scoring: Test Cases/Engine_Scoring/Engine Scoring

2022-11-22 16:37:09 - [TEST_STEP][PASSED] - markPassed("Variasi data ke : " + no): Variasi data ke : 191

2022-11-22 16:37:09 - [MESSAGE][PASSED] - Variasi data ke : 191

2022-11-22 16:37:09 - [TEST_STEP][PASSED] - req_data = sendRequest(findTestObject("Search_ME", ["MID":MID, "source":source, "ip":ip, "userid":userid, "branch":branch, "tipekons":tipekons, "marital":marital, "penjamin":penjamin, ... ])): Send request successfully

2022-11-22 16:37:11 - [MESSAGE][INFO] - HAR: D:\DMS\Engine Scoring\Reports\20221122_162012\Exclude KKB - DS\Scoring Individu - KKB\20221122_162012\requests\main\380.har

2022-11-22 16:37:11 - [MESSAGE][PASSED] - Send request successfully

2022-11-22 16:37:11 - [TEST_STEP][PASSED] - slurper = new groovy.json.JsonSlurper(): null

2022-11-22 16:37:11 - [TEST_STEP][PASSED] - result = slurper.parseText(req_data.getResponseBodyContent()): null

2022-11-22 16:37:11 - [TEST_STEP][PASSED] - reqid_kons = requestid1: null

2022-11-22 16:37:11 - [TEST_STEP][PASSED] - reqid_spouse = requestid2: null

2022-11-22 16:37:11 - [TEST_STEP][PASSED] - println("requestid kons : " + reqid_kons): null

2022-11-22 16:37:11 - [TEST_STEP][PASSED] - response_searchME_kons = reqid_kons: null

2022-11-22 16:37:11 - [TEST_STEP][PASSED] - response_searchME_spouse = reqid_spouse: null

2022-11-22 16:37:11 - [TEST_STEP][PASSED] - println("kons req id is :" + response_searchME_kons): null

2022-11-22 16:37:11 - [TEST_STEP][PASSED] - println("spouse req id is : " + response_searchME_spouse): null

2022-11-22 16:37:11 - [TEST_STEP][PASSED] - verifyResponseStatusCode(req_data, 200): Verify response status code successfully

2022-11-22 16:37:11 - [MESSAGE][PASSED] - Verify response status code successfully

2022-11-22 16:37:11 - [TEST_STEP][PASSED] - response = req_data.getResponseText(): null

2022-11-22 16:37:11 - [TEST_STEP][PASSED] - logInfo($response): {"status":"Done","data":{"requestid1":"242314","requestid2":""}}

2022-11-22 16:37:11 - [MESSAGE][INFO] - {"status":"Done","data":{"requestid1":"242314","requestid2":""}}

2022-11-22 16:37:11 - [TEST_STEP][PASSED] - delay(3): Delayed 3 second(s)

2022-11-22 16:37:14 - [MESSAGE][PASSED] - Delayed 3 second(s)

2022-11-22 16:37:14 - [TEST_STEP][PASSED] - scoring = sendRequest(findTestObject("EngineScore", ["response_searchME_kons":response_searchME_kons, "response_searchME_spouse":response_searchME_spouse])): Send request successfully

2022-11-22 16:37:14 - [MESSAGE][INFO] - HAR: D:\DMS\Engine Scoring\Reports\20221122_162012\Exclude KKB - DS\Scoring Individu - KKB\20221122_162012\requests\main\381.har

2022-11-22 16:37:14 - [MESSAGE][PASSED] - Send request successfully

2022-11-22 16:37:14 - [TEST_STEP][PASSED] - verifyResponseStatusCode(scoring, 200): Verify response status code successfully

2022-11-22 16:37:14 - [MESSAGE][PASSED] - Verify response status code successfully

2022-11-22 16:37:14 - [TEST_STEP][PASSED] - response2 = scoring.getResponseText(): null

2022-11-22 16:37:14 - [TEST_STEP][PASSED] - markPassed("result service data ke : " + no): result service data ke : 191

2022-11-22 16:37:14 - [MESSAGE][PASSED] - result service data ke : 191

2022-11-22 16:37:14 - [TEST_STEP][PASSED] - logInfo($response2): {"result_konsumen":"Reject","result_pasangan":"","Final_result":"Reject","errorMessage":"","status":"Done"}

2022-11-22 16:37:14 - [MESSAGE][INFO] - {"result_konsumen":"Reject","result_pasangan":"","Final_result":"Reject","errorMessage":"","status":"Done"}

2022-11-22 16:37:14 - [TEST_STEP][PASSED] - verifyElementPropertyValue(scoring, "Final_result", final_result): Verify element property value successfully

2022-11-22 16:37:14 - [MESSAGE][PASSED] - Verify element property value successfully]]></system-out>
         <system-err><![CDATA[]]></system-err>
      </testcase>
      <testcase name="Test Cases/Engine_Scoring/Engine Scoring" time="5.768" classname="Test Cases/Engine_Scoring/Engine Scoring" status="PASSED">
         <system-out><![CDATA[2022-11-22 16:37:14 - [TEST_CASE][PASSED] - Test Cases/Engine_Scoring/Engine Scoring: Test Cases/Engine_Scoring/Engine Scoring

2022-11-22 16:37:15 - [TEST_STEP][PASSED] - markPassed("Variasi data ke : " + no): Variasi data ke : 192

2022-11-22 16:37:15 - [MESSAGE][PASSED] - Variasi data ke : 192

2022-11-22 16:37:15 - [TEST_STEP][PASSED] - req_data = sendRequest(findTestObject("Search_ME", ["MID":MID, "source":source, "ip":ip, "userid":userid, "branch":branch, "tipekons":tipekons, "marital":marital, "penjamin":penjamin, ... ])): Send request successfully

2022-11-22 16:37:17 - [MESSAGE][INFO] - HAR: D:\DMS\Engine Scoring\Reports\20221122_162012\Exclude KKB - DS\Scoring Individu - KKB\20221122_162012\requests\main\382.har

2022-11-22 16:37:17 - [MESSAGE][PASSED] - Send request successfully

2022-11-22 16:37:17 - [TEST_STEP][PASSED] - slurper = new groovy.json.JsonSlurper(): null

2022-11-22 16:37:17 - [TEST_STEP][PASSED] - result = slurper.parseText(req_data.getResponseBodyContent()): null

2022-11-22 16:37:17 - [TEST_STEP][PASSED] - reqid_kons = requestid1: null

2022-11-22 16:37:17 - [TEST_STEP][PASSED] - reqid_spouse = requestid2: null

2022-11-22 16:37:17 - [TEST_STEP][PASSED] - println("requestid kons : " + reqid_kons): null

2022-11-22 16:37:17 - [TEST_STEP][PASSED] - response_searchME_kons = reqid_kons: null

2022-11-22 16:37:17 - [TEST_STEP][PASSED] - response_searchME_spouse = reqid_spouse: null

2022-11-22 16:37:17 - [TEST_STEP][PASSED] - println("kons req id is :" + response_searchME_kons): null

2022-11-22 16:37:17 - [TEST_STEP][PASSED] - println("spouse req id is : " + response_searchME_spouse): null

2022-11-22 16:37:17 - [TEST_STEP][PASSED] - verifyResponseStatusCode(req_data, 200): Verify response status code successfully

2022-11-22 16:37:17 - [MESSAGE][PASSED] - Verify response status code successfully

2022-11-22 16:37:17 - [TEST_STEP][PASSED] - response = req_data.getResponseText(): null

2022-11-22 16:37:17 - [TEST_STEP][PASSED] - logInfo($response): {"status":"Done","data":{"requestid1":"242315","requestid2":""}}

2022-11-22 16:37:17 - [MESSAGE][INFO] - {"status":"Done","data":{"requestid1":"242315","requestid2":""}}

2022-11-22 16:37:17 - [TEST_STEP][PASSED] - delay(3): Delayed 3 second(s)

2022-11-22 16:37:20 - [MESSAGE][PASSED] - Delayed 3 second(s)

2022-11-22 16:37:20 - [TEST_STEP][PASSED] - scoring = sendRequest(findTestObject("EngineScore", ["response_searchME_kons":response_searchME_kons, "response_searchME_spouse":response_searchME_spouse])): Send request successfully

2022-11-22 16:37:20 - [MESSAGE][INFO] - HAR: D:\DMS\Engine Scoring\Reports\20221122_162012\Exclude KKB - DS\Scoring Individu - KKB\20221122_162012\requests\main\383.har

2022-11-22 16:37:20 - [MESSAGE][PASSED] - Send request successfully

2022-11-22 16:37:20 - [TEST_STEP][PASSED] - verifyResponseStatusCode(scoring, 200): Verify response status code successfully

2022-11-22 16:37:20 - [MESSAGE][PASSED] - Verify response status code successfully

2022-11-22 16:37:20 - [TEST_STEP][PASSED] - response2 = scoring.getResponseText(): null

2022-11-22 16:37:20 - [TEST_STEP][PASSED] - markPassed("result service data ke : " + no): result service data ke : 192

2022-11-22 16:37:20 - [MESSAGE][PASSED] - result service data ke : 192

2022-11-22 16:37:20 - [TEST_STEP][PASSED] - logInfo($response2): {"result_konsumen":"Reject","result_pasangan":"","Final_result":"Reject","errorMessage":"","status":"Done"}

2022-11-22 16:37:20 - [MESSAGE][INFO] - {"result_konsumen":"Reject","result_pasangan":"","Final_result":"Reject","errorMessage":"","status":"Done"}

2022-11-22 16:37:20 - [TEST_STEP][PASSED] - verifyElementPropertyValue(scoring, "Final_result", final_result): Verify element property value successfully

2022-11-22 16:37:20 - [MESSAGE][PASSED] - Verify element property value successfully]]></system-out>
         <system-err><![CDATA[]]></system-err>
      </testcase>
      <testcase name="Test Cases/Engine_Scoring/Engine Scoring" time="5.718" classname="Test Cases/Engine_Scoring/Engine Scoring" status="PASSED">
         <system-out><![CDATA[2022-11-22 16:37:20 - [TEST_CASE][PASSED] - Test Cases/Engine_Scoring/Engine Scoring: Test Cases/Engine_Scoring/Engine Scoring

2022-11-22 16:37:21 - [TEST_STEP][PASSED] - markPassed("Variasi data ke : " + no): Variasi data ke : 193

2022-11-22 16:37:21 - [MESSAGE][PASSED] - Variasi data ke : 193

2022-11-22 16:37:21 - [TEST_STEP][PASSED] - req_data = sendRequest(findTestObject("Search_ME", ["MID":MID, "source":source, "ip":ip, "userid":userid, "branch":branch, "tipekons":tipekons, "marital":marital, "penjamin":penjamin, ... ])): Send request successfully

2022-11-22 16:37:22 - [MESSAGE][INFO] - HAR: D:\DMS\Engine Scoring\Reports\20221122_162012\Exclude KKB - DS\Scoring Individu - KKB\20221122_162012\requests\main\384.har

2022-11-22 16:37:22 - [MESSAGE][PASSED] - Send request successfully

2022-11-22 16:37:22 - [TEST_STEP][PASSED] - slurper = new groovy.json.JsonSlurper(): null

2022-11-22 16:37:22 - [TEST_STEP][PASSED] - result = slurper.parseText(req_data.getResponseBodyContent()): null

2022-11-22 16:37:22 - [TEST_STEP][PASSED] - reqid_kons = requestid1: null

2022-11-22 16:37:22 - [TEST_STEP][PASSED] - reqid_spouse = requestid2: null

2022-11-22 16:37:22 - [TEST_STEP][PASSED] - println("requestid kons : " + reqid_kons): null

2022-11-22 16:37:22 - [TEST_STEP][PASSED] - response_searchME_kons = reqid_kons: null

2022-11-22 16:37:22 - [TEST_STEP][PASSED] - response_searchME_spouse = reqid_spouse: null

2022-11-22 16:37:22 - [TEST_STEP][PASSED] - println("kons req id is :" + response_searchME_kons): null

2022-11-22 16:37:22 - [TEST_STEP][PASSED] - println("spouse req id is : " + response_searchME_spouse): null

2022-11-22 16:37:22 - [TEST_STEP][PASSED] - verifyResponseStatusCode(req_data, 200): Verify response status code successfully

2022-11-22 16:37:22 - [MESSAGE][PASSED] - Verify response status code successfully

2022-11-22 16:37:22 - [TEST_STEP][PASSED] - response = req_data.getResponseText(): null

2022-11-22 16:37:22 - [TEST_STEP][PASSED] - logInfo($response): {"status":"Done","data":{"requestid1":"242316","requestid2":""}}

2022-11-22 16:37:22 - [MESSAGE][INFO] - {"status":"Done","data":{"requestid1":"242316","requestid2":""}}

2022-11-22 16:37:22 - [TEST_STEP][PASSED] - delay(3): Delayed 3 second(s)

2022-11-22 16:37:25 - [MESSAGE][PASSED] - Delayed 3 second(s)

2022-11-22 16:37:25 - [TEST_STEP][PASSED] - scoring = sendRequest(findTestObject("EngineScore", ["response_searchME_kons":response_searchME_kons, "response_searchME_spouse":response_searchME_spouse])): Send request successfully

2022-11-22 16:37:25 - [MESSAGE][INFO] - HAR: D:\DMS\Engine Scoring\Reports\20221122_162012\Exclude KKB - DS\Scoring Individu - KKB\20221122_162012\requests\main\385.har

2022-11-22 16:37:25 - [MESSAGE][PASSED] - Send request successfully

2022-11-22 16:37:25 - [TEST_STEP][PASSED] - verifyResponseStatusCode(scoring, 200): Verify response status code successfully

2022-11-22 16:37:25 - [MESSAGE][PASSED] - Verify response status code successfully

2022-11-22 16:37:25 - [TEST_STEP][PASSED] - response2 = scoring.getResponseText(): null

2022-11-22 16:37:25 - [TEST_STEP][PASSED] - markPassed("result service data ke : " + no): result service data ke : 193

2022-11-22 16:37:25 - [MESSAGE][PASSED] - result service data ke : 193

2022-11-22 16:37:25 - [TEST_STEP][PASSED] - logInfo($response2): {"result_konsumen":"Reguler","result_pasangan":"","Final_result":"Reguler","errorMessage":"","status":"Done"}

2022-11-22 16:37:25 - [MESSAGE][INFO] - {"result_konsumen":"Reguler","result_pasangan":"","Final_result":"Reguler","errorMessage":"","status":"Done"}

2022-11-22 16:37:25 - [TEST_STEP][PASSED] - verifyElementPropertyValue(scoring, "Final_result", final_result): Verify element property value successfully

2022-11-22 16:37:25 - [MESSAGE][PASSED] - Verify element property value successfully]]></system-out>
         <system-err><![CDATA[]]></system-err>
      </testcase>
      <testcase name="Test Cases/Engine_Scoring/Engine Scoring" time="5.839" classname="Test Cases/Engine_Scoring/Engine Scoring" status="PASSED">
         <system-out><![CDATA[2022-11-22 16:37:26 - [TEST_CASE][PASSED] - Test Cases/Engine_Scoring/Engine Scoring: Test Cases/Engine_Scoring/Engine Scoring

2022-11-22 16:37:27 - [TEST_STEP][PASSED] - markPassed("Variasi data ke : " + no): Variasi data ke : 194

2022-11-22 16:37:27 - [MESSAGE][PASSED] - Variasi data ke : 194

2022-11-22 16:37:27 - [TEST_STEP][PASSED] - req_data = sendRequest(findTestObject("Search_ME", ["MID":MID, "source":source, "ip":ip, "userid":userid, "branch":branch, "tipekons":tipekons, "marital":marital, "penjamin":penjamin, ... ])): Send request successfully

2022-11-22 16:37:28 - [MESSAGE][INFO] - HAR: D:\DMS\Engine Scoring\Reports\20221122_162012\Exclude KKB - DS\Scoring Individu - KKB\20221122_162012\requests\main\386.har

2022-11-22 16:37:28 - [MESSAGE][PASSED] - Send request successfully

2022-11-22 16:37:28 - [TEST_STEP][PASSED] - slurper = new groovy.json.JsonSlurper(): null

2022-11-22 16:37:28 - [TEST_STEP][PASSED] - result = slurper.parseText(req_data.getResponseBodyContent()): null

2022-11-22 16:37:28 - [TEST_STEP][PASSED] - reqid_kons = requestid1: null

2022-11-22 16:37:28 - [TEST_STEP][PASSED] - reqid_spouse = requestid2: null

2022-11-22 16:37:28 - [TEST_STEP][PASSED] - println("requestid kons : " + reqid_kons): null

2022-11-22 16:37:28 - [TEST_STEP][PASSED] - response_searchME_kons = reqid_kons: null

2022-11-22 16:37:28 - [TEST_STEP][PASSED] - response_searchME_spouse = reqid_spouse: null

2022-11-22 16:37:28 - [TEST_STEP][PASSED] - println("kons req id is :" + response_searchME_kons): null

2022-11-22 16:37:28 - [TEST_STEP][PASSED] - println("spouse req id is : " + response_searchME_spouse): null

2022-11-22 16:37:28 - [TEST_STEP][PASSED] - verifyResponseStatusCode(req_data, 200): Verify response status code successfully

2022-11-22 16:37:28 - [MESSAGE][PASSED] - Verify response status code successfully

2022-11-22 16:37:28 - [TEST_STEP][PASSED] - response = req_data.getResponseText(): null

2022-11-22 16:37:28 - [TEST_STEP][PASSED] - logInfo($response): {"status":"Done","data":{"requestid1":"242317","requestid2":""}}

2022-11-22 16:37:28 - [MESSAGE][INFO] - {"status":"Done","data":{"requestid1":"242317","requestid2":""}}

2022-11-22 16:37:28 - [TEST_STEP][PASSED] - delay(3): Delayed 3 second(s)

2022-11-22 16:37:31 - [MESSAGE][PASSED] - Delayed 3 second(s)

2022-11-22 16:37:31 - [TEST_STEP][PASSED] - scoring = sendRequest(findTestObject("EngineScore", ["response_searchME_kons":response_searchME_kons, "response_searchME_spouse":response_searchME_spouse])): Send request successfully

2022-11-22 16:37:31 - [MESSAGE][INFO] - HAR: D:\DMS\Engine Scoring\Reports\20221122_162012\Exclude KKB - DS\Scoring Individu - KKB\20221122_162012\requests\main\387.har

2022-11-22 16:37:31 - [MESSAGE][PASSED] - Send request successfully

2022-11-22 16:37:31 - [TEST_STEP][PASSED] - verifyResponseStatusCode(scoring, 200): Verify response status code successfully

2022-11-22 16:37:31 - [MESSAGE][PASSED] - Verify response status code successfully

2022-11-22 16:37:31 - [TEST_STEP][PASSED] - response2 = scoring.getResponseText(): null

2022-11-22 16:37:31 - [TEST_STEP][PASSED] - markPassed("result service data ke : " + no): result service data ke : 194

2022-11-22 16:37:31 - [MESSAGE][PASSED] - result service data ke : 194

2022-11-22 16:37:31 - [TEST_STEP][PASSED] - logInfo($response2): {"result_konsumen":"Reguler","result_pasangan":"","Final_result":"Reguler","errorMessage":"","status":"Done"}

2022-11-22 16:37:31 - [MESSAGE][INFO] - {"result_konsumen":"Reguler","result_pasangan":"","Final_result":"Reguler","errorMessage":"","status":"Done"}

2022-11-22 16:37:31 - [TEST_STEP][PASSED] - verifyElementPropertyValue(scoring, "Final_result", final_result): Verify element property value successfully

2022-11-22 16:37:31 - [MESSAGE][PASSED] - Verify element property value successfully]]></system-out>
         <system-err><![CDATA[]]></system-err>
      </testcase>
      <testcase name="Test Cases/Engine_Scoring/Engine Scoring" time="5.512" classname="Test Cases/Engine_Scoring/Engine Scoring" status="PASSED">
         <system-out><![CDATA[2022-11-22 16:37:31 - [TEST_CASE][PASSED] - Test Cases/Engine_Scoring/Engine Scoring: Test Cases/Engine_Scoring/Engine Scoring

2022-11-22 16:37:33 - [TEST_STEP][PASSED] - markPassed("Variasi data ke : " + no): Variasi data ke : 195

2022-11-22 16:37:33 - [MESSAGE][PASSED] - Variasi data ke : 195

2022-11-22 16:37:33 - [TEST_STEP][PASSED] - req_data = sendRequest(findTestObject("Search_ME", ["MID":MID, "source":source, "ip":ip, "userid":userid, "branch":branch, "tipekons":tipekons, "marital":marital, "penjamin":penjamin, ... ])): Send request successfully

2022-11-22 16:37:34 - [MESSAGE][INFO] - HAR: D:\DMS\Engine Scoring\Reports\20221122_162012\Exclude KKB - DS\Scoring Individu - KKB\20221122_162012\requests\main\388.har

2022-11-22 16:37:34 - [MESSAGE][PASSED] - Send request successfully

2022-11-22 16:37:34 - [TEST_STEP][PASSED] - slurper = new groovy.json.JsonSlurper(): null

2022-11-22 16:37:34 - [TEST_STEP][PASSED] - result = slurper.parseText(req_data.getResponseBodyContent()): null

2022-11-22 16:37:34 - [TEST_STEP][PASSED] - reqid_kons = requestid1: null

2022-11-22 16:37:34 - [TEST_STEP][PASSED] - reqid_spouse = requestid2: null

2022-11-22 16:37:34 - [TEST_STEP][PASSED] - println("requestid kons : " + reqid_kons): null

2022-11-22 16:37:34 - [TEST_STEP][PASSED] - response_searchME_kons = reqid_kons: null

2022-11-22 16:37:34 - [TEST_STEP][PASSED] - response_searchME_spouse = reqid_spouse: null

2022-11-22 16:37:34 - [TEST_STEP][PASSED] - println("kons req id is :" + response_searchME_kons): null

2022-11-22 16:37:34 - [TEST_STEP][PASSED] - println("spouse req id is : " + response_searchME_spouse): null

2022-11-22 16:37:34 - [TEST_STEP][PASSED] - verifyResponseStatusCode(req_data, 200): Verify response status code successfully

2022-11-22 16:37:34 - [MESSAGE][PASSED] - Verify response status code successfully

2022-11-22 16:37:34 - [TEST_STEP][PASSED] - response = req_data.getResponseText(): null

2022-11-22 16:37:34 - [TEST_STEP][PASSED] - logInfo($response): {"status":"Done","data":{"requestid1":"242318","requestid2":""}}

2022-11-22 16:37:34 - [MESSAGE][INFO] - {"status":"Done","data":{"requestid1":"242318","requestid2":""}}

2022-11-22 16:37:34 - [TEST_STEP][PASSED] - delay(3): Delayed 3 second(s)

2022-11-22 16:37:37 - [MESSAGE][PASSED] - Delayed 3 second(s)

2022-11-22 16:37:37 - [TEST_STEP][PASSED] - scoring = sendRequest(findTestObject("EngineScore", ["response_searchME_kons":response_searchME_kons, "response_searchME_spouse":response_searchME_spouse])): Send request successfully

2022-11-22 16:37:37 - [MESSAGE][INFO] - HAR: D:\DMS\Engine Scoring\Reports\20221122_162012\Exclude KKB - DS\Scoring Individu - KKB\20221122_162012\requests\main\389.har

2022-11-22 16:37:37 - [MESSAGE][PASSED] - Send request successfully

2022-11-22 16:37:37 - [TEST_STEP][PASSED] - verifyResponseStatusCode(scoring, 200): Verify response status code successfully

2022-11-22 16:37:37 - [MESSAGE][PASSED] - Verify response status code successfully

2022-11-22 16:37:37 - [TEST_STEP][PASSED] - response2 = scoring.getResponseText(): null

2022-11-22 16:37:37 - [TEST_STEP][PASSED] - markPassed("result service data ke : " + no): result service data ke : 195

2022-11-22 16:37:37 - [MESSAGE][PASSED] - result service data ke : 195

2022-11-22 16:37:37 - [TEST_STEP][PASSED] - logInfo($response2): {"result_konsumen":"Reguler","result_pasangan":"","Final_result":"Reguler","errorMessage":"","status":"Done"}

2022-11-22 16:37:37 - [MESSAGE][INFO] - {"result_konsumen":"Reguler","result_pasangan":"","Final_result":"Reguler","errorMessage":"","status":"Done"}

2022-11-22 16:37:37 - [TEST_STEP][PASSED] - verifyElementPropertyValue(scoring, "Final_result", final_result): Verify element property value successfully

2022-11-22 16:37:37 - [MESSAGE][PASSED] - Verify element property value successfully]]></system-out>
         <system-err><![CDATA[]]></system-err>
      </testcase>
      <testcase name="Test Cases/Engine_Scoring/Engine Scoring" time="5.589" classname="Test Cases/Engine_Scoring/Engine Scoring" status="PASSED">
         <system-out><![CDATA[2022-11-22 16:37:37 - [TEST_CASE][PASSED] - Test Cases/Engine_Scoring/Engine Scoring: Test Cases/Engine_Scoring/Engine Scoring

2022-11-22 16:37:38 - [TEST_STEP][PASSED] - markPassed("Variasi data ke : " + no): Variasi data ke : 196

2022-11-22 16:37:38 - [MESSAGE][PASSED] - Variasi data ke : 196

2022-11-22 16:37:38 - [TEST_STEP][PASSED] - req_data = sendRequest(findTestObject("Search_ME", ["MID":MID, "source":source, "ip":ip, "userid":userid, "branch":branch, "tipekons":tipekons, "marital":marital, "penjamin":penjamin, ... ])): Send request successfully

2022-11-22 16:37:39 - [MESSAGE][INFO] - HAR: D:\DMS\Engine Scoring\Reports\20221122_162012\Exclude KKB - DS\Scoring Individu - KKB\20221122_162012\requests\main\390.har

2022-11-22 16:37:39 - [MESSAGE][PASSED] - Send request successfully

2022-11-22 16:37:39 - [TEST_STEP][PASSED] - slurper = new groovy.json.JsonSlurper(): null

2022-11-22 16:37:39 - [TEST_STEP][PASSED] - result = slurper.parseText(req_data.getResponseBodyContent()): null

2022-11-22 16:37:39 - [TEST_STEP][PASSED] - reqid_kons = requestid1: null

2022-11-22 16:37:39 - [TEST_STEP][PASSED] - reqid_spouse = requestid2: null

2022-11-22 16:37:39 - [TEST_STEP][PASSED] - println("requestid kons : " + reqid_kons): null

2022-11-22 16:37:39 - [TEST_STEP][PASSED] - response_searchME_kons = reqid_kons: null

2022-11-22 16:37:39 - [TEST_STEP][PASSED] - response_searchME_spouse = reqid_spouse: null

2022-11-22 16:37:39 - [TEST_STEP][PASSED] - println("kons req id is :" + response_searchME_kons): null

2022-11-22 16:37:39 - [TEST_STEP][PASSED] - println("spouse req id is : " + response_searchME_spouse): null

2022-11-22 16:37:39 - [TEST_STEP][PASSED] - verifyResponseStatusCode(req_data, 200): Verify response status code successfully

2022-11-22 16:37:39 - [MESSAGE][PASSED] - Verify response status code successfully

2022-11-22 16:37:39 - [TEST_STEP][PASSED] - response = req_data.getResponseText(): null

2022-11-22 16:37:39 - [TEST_STEP][PASSED] - logInfo($response): {"status":"Done","data":{"requestid1":"242319","requestid2":""}}

2022-11-22 16:37:39 - [MESSAGE][INFO] - {"status":"Done","data":{"requestid1":"242319","requestid2":""}}

2022-11-22 16:37:39 - [TEST_STEP][PASSED] - delay(3): Delayed 3 second(s)

2022-11-22 16:37:42 - [MESSAGE][PASSED] - Delayed 3 second(s)

2022-11-22 16:37:42 - [TEST_STEP][PASSED] - scoring = sendRequest(findTestObject("EngineScore", ["response_searchME_kons":response_searchME_kons, "response_searchME_spouse":response_searchME_spouse])): Send request successfully

2022-11-22 16:37:43 - [MESSAGE][INFO] - HAR: D:\DMS\Engine Scoring\Reports\20221122_162012\Exclude KKB - DS\Scoring Individu - KKB\20221122_162012\requests\main\391.har

2022-11-22 16:37:43 - [MESSAGE][PASSED] - Send request successfully

2022-11-22 16:37:43 - [TEST_STEP][PASSED] - verifyResponseStatusCode(scoring, 200): Verify response status code successfully

2022-11-22 16:37:43 - [MESSAGE][PASSED] - Verify response status code successfully

2022-11-22 16:37:43 - [TEST_STEP][PASSED] - response2 = scoring.getResponseText(): null

2022-11-22 16:37:43 - [TEST_STEP][PASSED] - markPassed("result service data ke : " + no): result service data ke : 196

2022-11-22 16:37:43 - [MESSAGE][PASSED] - result service data ke : 196

2022-11-22 16:37:43 - [TEST_STEP][PASSED] - logInfo($response2): {"result_konsumen":"Reguler","result_pasangan":"","Final_result":"Reguler","errorMessage":"","status":"Done"}

2022-11-22 16:37:43 - [MESSAGE][INFO] - {"result_konsumen":"Reguler","result_pasangan":"","Final_result":"Reguler","errorMessage":"","status":"Done"}

2022-11-22 16:37:43 - [TEST_STEP][PASSED] - verifyElementPropertyValue(scoring, "Final_result", final_result): Verify element property value successfully

2022-11-22 16:37:43 - [MESSAGE][PASSED] - Verify element property value successfully]]></system-out>
         <system-err><![CDATA[]]></system-err>
      </testcase>
      <testcase name="Test Cases/Engine_Scoring/Engine Scoring" time="5.839" classname="Test Cases/Engine_Scoring/Engine Scoring" status="PASSED">
         <system-out><![CDATA[2022-11-22 16:37:43 - [TEST_CASE][PASSED] - Test Cases/Engine_Scoring/Engine Scoring: Test Cases/Engine_Scoring/Engine Scoring

2022-11-22 16:37:44 - [TEST_STEP][PASSED] - markPassed("Variasi data ke : " + no): Variasi data ke : 197

2022-11-22 16:37:44 - [MESSAGE][PASSED] - Variasi data ke : 197

2022-11-22 16:37:44 - [TEST_STEP][PASSED] - req_data = sendRequest(findTestObject("Search_ME", ["MID":MID, "source":source, "ip":ip, "userid":userid, "branch":branch, "tipekons":tipekons, "marital":marital, "penjamin":penjamin, ... ])): Send request successfully

2022-11-22 16:37:45 - [MESSAGE][INFO] - HAR: D:\DMS\Engine Scoring\Reports\20221122_162012\Exclude KKB - DS\Scoring Individu - KKB\20221122_162012\requests\main\392.har

2022-11-22 16:37:45 - [MESSAGE][PASSED] - Send request successfully

2022-11-22 16:37:45 - [TEST_STEP][PASSED] - slurper = new groovy.json.JsonSlurper(): null

2022-11-22 16:37:45 - [TEST_STEP][PASSED] - result = slurper.parseText(req_data.getResponseBodyContent()): null

2022-11-22 16:37:45 - [TEST_STEP][PASSED] - reqid_kons = requestid1: null

2022-11-22 16:37:45 - [TEST_STEP][PASSED] - reqid_spouse = requestid2: null

2022-11-22 16:37:45 - [TEST_STEP][PASSED] - println("requestid kons : " + reqid_kons): null

2022-11-22 16:37:45 - [TEST_STEP][PASSED] - response_searchME_kons = reqid_kons: null

2022-11-22 16:37:45 - [TEST_STEP][PASSED] - response_searchME_spouse = reqid_spouse: null

2022-11-22 16:37:45 - [TEST_STEP][PASSED] - println("kons req id is :" + response_searchME_kons): null

2022-11-22 16:37:45 - [TEST_STEP][PASSED] - println("spouse req id is : " + response_searchME_spouse): null

2022-11-22 16:37:45 - [TEST_STEP][PASSED] - verifyResponseStatusCode(req_data, 200): Verify response status code successfully

2022-11-22 16:37:45 - [MESSAGE][PASSED] - Verify response status code successfully

2022-11-22 16:37:45 - [TEST_STEP][PASSED] - response = req_data.getResponseText(): null

2022-11-22 16:37:45 - [TEST_STEP][PASSED] - logInfo($response): {"status":"Done","data":{"requestid1":"242320","requestid2":""}}

2022-11-22 16:37:45 - [MESSAGE][INFO] - {"status":"Done","data":{"requestid1":"242320","requestid2":""}}

2022-11-22 16:37:45 - [TEST_STEP][PASSED] - delay(3): Delayed 3 second(s)

2022-11-22 16:37:48 - [MESSAGE][PASSED] - Delayed 3 second(s)

2022-11-22 16:37:48 - [TEST_STEP][PASSED] - scoring = sendRequest(findTestObject("EngineScore", ["response_searchME_kons":response_searchME_kons, "response_searchME_spouse":response_searchME_spouse])): Send request successfully

2022-11-22 16:37:48 - [MESSAGE][INFO] - HAR: D:\DMS\Engine Scoring\Reports\20221122_162012\Exclude KKB - DS\Scoring Individu - KKB\20221122_162012\requests\main\393.har

2022-11-22 16:37:48 - [MESSAGE][PASSED] - Send request successfully

2022-11-22 16:37:48 - [TEST_STEP][PASSED] - verifyResponseStatusCode(scoring, 200): Verify response status code successfully

2022-11-22 16:37:48 - [MESSAGE][PASSED] - Verify response status code successfully

2022-11-22 16:37:48 - [TEST_STEP][PASSED] - response2 = scoring.getResponseText(): null

2022-11-22 16:37:48 - [TEST_STEP][PASSED] - markPassed("result service data ke : " + no): result service data ke : 197

2022-11-22 16:37:48 - [MESSAGE][PASSED] - result service data ke : 197

2022-11-22 16:37:48 - [TEST_STEP][PASSED] - logInfo($response2): {"result_konsumen":"Reject","result_pasangan":"","Final_result":"Reject","errorMessage":"","status":"Done"}

2022-11-22 16:37:48 - [MESSAGE][INFO] - {"result_konsumen":"Reject","result_pasangan":"","Final_result":"Reject","errorMessage":"","status":"Done"}

2022-11-22 16:37:48 - [TEST_STEP][PASSED] - verifyElementPropertyValue(scoring, "Final_result", final_result): Verify element property value successfully

2022-11-22 16:37:49 - [MESSAGE][PASSED] - Verify element property value successfully]]></system-out>
         <system-err><![CDATA[]]></system-err>
      </testcase>
      <testcase name="Test Cases/Engine_Scoring/Engine Scoring" time="5.905" classname="Test Cases/Engine_Scoring/Engine Scoring" status="PASSED">
         <system-out><![CDATA[2022-11-22 16:37:49 - [TEST_CASE][PASSED] - Test Cases/Engine_Scoring/Engine Scoring: Test Cases/Engine_Scoring/Engine Scoring

2022-11-22 16:37:50 - [TEST_STEP][PASSED] - markPassed("Variasi data ke : " + no): Variasi data ke : 198

2022-11-22 16:37:50 - [MESSAGE][PASSED] - Variasi data ke : 198

2022-11-22 16:37:50 - [TEST_STEP][PASSED] - req_data = sendRequest(findTestObject("Search_ME", ["MID":MID, "source":source, "ip":ip, "userid":userid, "branch":branch, "tipekons":tipekons, "marital":marital, "penjamin":penjamin, ... ])): Send request successfully

2022-11-22 16:37:51 - [MESSAGE][INFO] - HAR: D:\DMS\Engine Scoring\Reports\20221122_162012\Exclude KKB - DS\Scoring Individu - KKB\20221122_162012\requests\main\394.har

2022-11-22 16:37:51 - [MESSAGE][PASSED] - Send request successfully

2022-11-22 16:37:51 - [TEST_STEP][PASSED] - slurper = new groovy.json.JsonSlurper(): null

2022-11-22 16:37:51 - [TEST_STEP][PASSED] - result = slurper.parseText(req_data.getResponseBodyContent()): null

2022-11-22 16:37:51 - [TEST_STEP][PASSED] - reqid_kons = requestid1: null

2022-11-22 16:37:51 - [TEST_STEP][PASSED] - reqid_spouse = requestid2: null

2022-11-22 16:37:51 - [TEST_STEP][PASSED] - println("requestid kons : " + reqid_kons): null

2022-11-22 16:37:51 - [TEST_STEP][PASSED] - response_searchME_kons = reqid_kons: null

2022-11-22 16:37:51 - [TEST_STEP][PASSED] - response_searchME_spouse = reqid_spouse: null

2022-11-22 16:37:51 - [TEST_STEP][PASSED] - println("kons req id is :" + response_searchME_kons): null

2022-11-22 16:37:51 - [TEST_STEP][PASSED] - println("spouse req id is : " + response_searchME_spouse): null

2022-11-22 16:37:51 - [TEST_STEP][PASSED] - verifyResponseStatusCode(req_data, 200): Verify response status code successfully

2022-11-22 16:37:51 - [MESSAGE][PASSED] - Verify response status code successfully

2022-11-22 16:37:51 - [TEST_STEP][PASSED] - response = req_data.getResponseText(): null

2022-11-22 16:37:51 - [TEST_STEP][PASSED] - logInfo($response): {"status":"Done","data":{"requestid1":"242321","requestid2":""}}

2022-11-22 16:37:51 - [MESSAGE][INFO] - {"status":"Done","data":{"requestid1":"242321","requestid2":""}}

2022-11-22 16:37:51 - [TEST_STEP][PASSED] - delay(3): Delayed 3 second(s)

2022-11-22 16:37:54 - [MESSAGE][PASSED] - Delayed 3 second(s)

2022-11-22 16:37:54 - [TEST_STEP][PASSED] - scoring = sendRequest(findTestObject("EngineScore", ["response_searchME_kons":response_searchME_kons, "response_searchME_spouse":response_searchME_spouse])): Send request successfully

2022-11-22 16:37:54 - [MESSAGE][INFO] - HAR: D:\DMS\Engine Scoring\Reports\20221122_162012\Exclude KKB - DS\Scoring Individu - KKB\20221122_162012\requests\main\395.har

2022-11-22 16:37:54 - [MESSAGE][PASSED] - Send request successfully

2022-11-22 16:37:54 - [TEST_STEP][PASSED] - verifyResponseStatusCode(scoring, 200): Verify response status code successfully

2022-11-22 16:37:54 - [MESSAGE][PASSED] - Verify response status code successfully

2022-11-22 16:37:54 - [TEST_STEP][PASSED] - response2 = scoring.getResponseText(): null

2022-11-22 16:37:54 - [TEST_STEP][PASSED] - markPassed("result service data ke : " + no): result service data ke : 198

2022-11-22 16:37:54 - [MESSAGE][PASSED] - result service data ke : 198

2022-11-22 16:37:54 - [TEST_STEP][PASSED] - logInfo($response2): {"result_konsumen":"Reject","result_pasangan":"","Final_result":"Reject","errorMessage":"","status":"Done"}

2022-11-22 16:37:54 - [MESSAGE][INFO] - {"result_konsumen":"Reject","result_pasangan":"","Final_result":"Reject","errorMessage":"","status":"Done"}

2022-11-22 16:37:54 - [TEST_STEP][PASSED] - verifyElementPropertyValue(scoring, "Final_result", final_result): Verify element property value successfully

2022-11-22 16:37:54 - [MESSAGE][PASSED] - Verify element property value successfully]]></system-out>
         <system-err><![CDATA[]]></system-err>
      </testcase>
      <testcase name="Test Cases/Engine_Scoring/Engine Scoring" time="5.826" classname="Test Cases/Engine_Scoring/Engine Scoring" status="PASSED">
         <system-out><![CDATA[2022-11-22 16:37:55 - [TEST_CASE][PASSED] - Test Cases/Engine_Scoring/Engine Scoring: Test Cases/Engine_Scoring/Engine Scoring

2022-11-22 16:37:56 - [TEST_STEP][PASSED] - markPassed("Variasi data ke : " + no): Variasi data ke : 199

2022-11-22 16:37:56 - [MESSAGE][PASSED] - Variasi data ke : 199

2022-11-22 16:37:56 - [TEST_STEP][PASSED] - req_data = sendRequest(findTestObject("Search_ME", ["MID":MID, "source":source, "ip":ip, "userid":userid, "branch":branch, "tipekons":tipekons, "marital":marital, "penjamin":penjamin, ... ])): Send request successfully

2022-11-22 16:37:57 - [MESSAGE][INFO] - HAR: D:\DMS\Engine Scoring\Reports\20221122_162012\Exclude KKB - DS\Scoring Individu - KKB\20221122_162012\requests\main\396.har

2022-11-22 16:37:57 - [MESSAGE][PASSED] - Send request successfully

2022-11-22 16:37:57 - [TEST_STEP][PASSED] - slurper = new groovy.json.JsonSlurper(): null

2022-11-22 16:37:57 - [TEST_STEP][PASSED] - result = slurper.parseText(req_data.getResponseBodyContent()): null

2022-11-22 16:37:57 - [TEST_STEP][PASSED] - reqid_kons = requestid1: null

2022-11-22 16:37:57 - [TEST_STEP][PASSED] - reqid_spouse = requestid2: null

2022-11-22 16:37:57 - [TEST_STEP][PASSED] - println("requestid kons : " + reqid_kons): null

2022-11-22 16:37:57 - [TEST_STEP][PASSED] - response_searchME_kons = reqid_kons: null

2022-11-22 16:37:57 - [TEST_STEP][PASSED] - response_searchME_spouse = reqid_spouse: null

2022-11-22 16:37:57 - [TEST_STEP][PASSED] - println("kons req id is :" + response_searchME_kons): null

2022-11-22 16:37:57 - [TEST_STEP][PASSED] - println("spouse req id is : " + response_searchME_spouse): null

2022-11-22 16:37:57 - [TEST_STEP][PASSED] - verifyResponseStatusCode(req_data, 200): Verify response status code successfully

2022-11-22 16:37:57 - [MESSAGE][PASSED] - Verify response status code successfully

2022-11-22 16:37:57 - [TEST_STEP][PASSED] - response = req_data.getResponseText(): null

2022-11-22 16:37:57 - [TEST_STEP][PASSED] - logInfo($response): {"status":"Done","data":{"requestid1":"242322","requestid2":""}}

2022-11-22 16:37:57 - [MESSAGE][INFO] - {"status":"Done","data":{"requestid1":"242322","requestid2":""}}

2022-11-22 16:37:57 - [TEST_STEP][PASSED] - delay(3): Delayed 3 second(s)

2022-11-22 16:38:00 - [MESSAGE][PASSED] - Delayed 3 second(s)

2022-11-22 16:38:00 - [TEST_STEP][PASSED] - scoring = sendRequest(findTestObject("EngineScore", ["response_searchME_kons":response_searchME_kons, "response_searchME_spouse":response_searchME_spouse])): Send request successfully

2022-11-22 16:38:00 - [MESSAGE][INFO] - HAR: D:\DMS\Engine Scoring\Reports\20221122_162012\Exclude KKB - DS\Scoring Individu - KKB\20221122_162012\requests\main\397.har

2022-11-22 16:38:00 - [MESSAGE][PASSED] - Send request successfully

2022-11-22 16:38:00 - [TEST_STEP][PASSED] - verifyResponseStatusCode(scoring, 200): Verify response status code successfully

2022-11-22 16:38:00 - [MESSAGE][PASSED] - Verify response status code successfully

2022-11-22 16:38:00 - [TEST_STEP][PASSED] - response2 = scoring.getResponseText(): null

2022-11-22 16:38:00 - [TEST_STEP][PASSED] - markPassed("result service data ke : " + no): result service data ke : 199

2022-11-22 16:38:00 - [MESSAGE][PASSED] - result service data ke : 199

2022-11-22 16:38:00 - [TEST_STEP][PASSED] - logInfo($response2): {"result_konsumen":"Reguler","result_pasangan":"","Final_result":"Reguler","errorMessage":"","status":"Done"}

2022-11-22 16:38:00 - [MESSAGE][INFO] - {"result_konsumen":"Reguler","result_pasangan":"","Final_result":"Reguler","errorMessage":"","status":"Done"}

2022-11-22 16:38:00 - [TEST_STEP][PASSED] - verifyElementPropertyValue(scoring, "Final_result", final_result): Verify element property value successfully

2022-11-22 16:38:00 - [MESSAGE][PASSED] - Verify element property value successfully]]></system-out>
         <system-err><![CDATA[]]></system-err>
      </testcase>
      <testcase name="Test Cases/Engine_Scoring/Engine Scoring" time="5.605" classname="Test Cases/Engine_Scoring/Engine Scoring" status="PASSED">
         <system-out><![CDATA[2022-11-22 16:38:00 - [TEST_CASE][PASSED] - Test Cases/Engine_Scoring/Engine Scoring: Test Cases/Engine_Scoring/Engine Scoring

2022-11-22 16:38:02 - [TEST_STEP][PASSED] - markPassed("Variasi data ke : " + no): Variasi data ke : 200

2022-11-22 16:38:02 - [MESSAGE][PASSED] - Variasi data ke : 200

2022-11-22 16:38:02 - [TEST_STEP][PASSED] - req_data = sendRequest(findTestObject("Search_ME", ["MID":MID, "source":source, "ip":ip, "userid":userid, "branch":branch, "tipekons":tipekons, "marital":marital, "penjamin":penjamin, ... ])): Send request successfully

2022-11-22 16:38:03 - [MESSAGE][INFO] - HAR: D:\DMS\Engine Scoring\Reports\20221122_162012\Exclude KKB - DS\Scoring Individu - KKB\20221122_162012\requests\main\398.har

2022-11-22 16:38:03 - [MESSAGE][PASSED] - Send request successfully

2022-11-22 16:38:03 - [TEST_STEP][PASSED] - slurper = new groovy.json.JsonSlurper(): null

2022-11-22 16:38:03 - [TEST_STEP][PASSED] - result = slurper.parseText(req_data.getResponseBodyContent()): null

2022-11-22 16:38:03 - [TEST_STEP][PASSED] - reqid_kons = requestid1: null

2022-11-22 16:38:03 - [TEST_STEP][PASSED] - reqid_spouse = requestid2: null

2022-11-22 16:38:03 - [TEST_STEP][PASSED] - println("requestid kons : " + reqid_kons): null

2022-11-22 16:38:03 - [TEST_STEP][PASSED] - response_searchME_kons = reqid_kons: null

2022-11-22 16:38:03 - [TEST_STEP][PASSED] - response_searchME_spouse = reqid_spouse: null

2022-11-22 16:38:03 - [TEST_STEP][PASSED] - println("kons req id is :" + response_searchME_kons): null

2022-11-22 16:38:03 - [TEST_STEP][PASSED] - println("spouse req id is : " + response_searchME_spouse): null

2022-11-22 16:38:03 - [TEST_STEP][PASSED] - verifyResponseStatusCode(req_data, 200): Verify response status code successfully

2022-11-22 16:38:03 - [MESSAGE][PASSED] - Verify response status code successfully

2022-11-22 16:38:03 - [TEST_STEP][PASSED] - response = req_data.getResponseText(): null

2022-11-22 16:38:03 - [TEST_STEP][PASSED] - logInfo($response): {"status":"Done","data":{"requestid1":"242323","requestid2":""}}

2022-11-22 16:38:03 - [MESSAGE][INFO] - {"status":"Done","data":{"requestid1":"242323","requestid2":""}}

2022-11-22 16:38:03 - [TEST_STEP][PASSED] - delay(3): Delayed 3 second(s)

2022-11-22 16:38:06 - [MESSAGE][PASSED] - Delayed 3 second(s)

2022-11-22 16:38:06 - [TEST_STEP][PASSED] - scoring = sendRequest(findTestObject("EngineScore", ["response_searchME_kons":response_searchME_kons, "response_searchME_spouse":response_searchME_spouse])): Send request successfully

2022-11-22 16:38:06 - [MESSAGE][INFO] - HAR: D:\DMS\Engine Scoring\Reports\20221122_162012\Exclude KKB - DS\Scoring Individu - KKB\20221122_162012\requests\main\399.har

2022-11-22 16:38:06 - [MESSAGE][PASSED] - Send request successfully

2022-11-22 16:38:06 - [TEST_STEP][PASSED] - verifyResponseStatusCode(scoring, 200): Verify response status code successfully

2022-11-22 16:38:06 - [MESSAGE][PASSED] - Verify response status code successfully

2022-11-22 16:38:06 - [TEST_STEP][PASSED] - response2 = scoring.getResponseText(): null

2022-11-22 16:38:06 - [TEST_STEP][PASSED] - markPassed("result service data ke : " + no): result service data ke : 200

2022-11-22 16:38:06 - [MESSAGE][PASSED] - result service data ke : 200

2022-11-22 16:38:06 - [TEST_STEP][PASSED] - logInfo($response2): {"result_konsumen":"Reguler","result_pasangan":"","Final_result":"Reguler","errorMessage":"","status":"Done"}

2022-11-22 16:38:06 - [MESSAGE][INFO] - {"result_konsumen":"Reguler","result_pasangan":"","Final_result":"Reguler","errorMessage":"","status":"Done"}

2022-11-22 16:38:06 - [TEST_STEP][PASSED] - verifyElementPropertyValue(scoring, "Final_result", final_result): Verify element property value successfully

2022-11-22 16:38:06 - [MESSAGE][PASSED] - Verify element property value successfully]]></system-out>
         <system-err><![CDATA[]]></system-err>
      </testcase>
      <testcase name="Test Cases/Engine_Scoring/Engine Scoring" time="5.613" classname="Test Cases/Engine_Scoring/Engine Scoring" status="PASSED">
         <system-out><![CDATA[2022-11-22 16:38:06 - [TEST_CASE][PASSED] - Test Cases/Engine_Scoring/Engine Scoring: Test Cases/Engine_Scoring/Engine Scoring

2022-11-22 16:38:07 - [TEST_STEP][PASSED] - markPassed("Variasi data ke : " + no): Variasi data ke : 201

2022-11-22 16:38:07 - [MESSAGE][PASSED] - Variasi data ke : 201

2022-11-22 16:38:07 - [TEST_STEP][PASSED] - req_data = sendRequest(findTestObject("Search_ME", ["MID":MID, "source":source, "ip":ip, "userid":userid, "branch":branch, "tipekons":tipekons, "marital":marital, "penjamin":penjamin, ... ])): Send request successfully

2022-11-22 16:38:09 - [MESSAGE][INFO] - HAR: D:\DMS\Engine Scoring\Reports\20221122_162012\Exclude KKB - DS\Scoring Individu - KKB\20221122_162012\requests\main\400.har

2022-11-22 16:38:09 - [MESSAGE][PASSED] - Send request successfully

2022-11-22 16:38:09 - [TEST_STEP][PASSED] - slurper = new groovy.json.JsonSlurper(): null

2022-11-22 16:38:09 - [TEST_STEP][PASSED] - result = slurper.parseText(req_data.getResponseBodyContent()): null

2022-11-22 16:38:09 - [TEST_STEP][PASSED] - reqid_kons = requestid1: null

2022-11-22 16:38:09 - [TEST_STEP][PASSED] - reqid_spouse = requestid2: null

2022-11-22 16:38:09 - [TEST_STEP][PASSED] - println("requestid kons : " + reqid_kons): null

2022-11-22 16:38:09 - [TEST_STEP][PASSED] - response_searchME_kons = reqid_kons: null

2022-11-22 16:38:09 - [TEST_STEP][PASSED] - response_searchME_spouse = reqid_spouse: null

2022-11-22 16:38:09 - [TEST_STEP][PASSED] - println("kons req id is :" + response_searchME_kons): null

2022-11-22 16:38:09 - [TEST_STEP][PASSED] - println("spouse req id is : " + response_searchME_spouse): null

2022-11-22 16:38:09 - [TEST_STEP][PASSED] - verifyResponseStatusCode(req_data, 200): Verify response status code successfully

2022-11-22 16:38:09 - [MESSAGE][PASSED] - Verify response status code successfully

2022-11-22 16:38:09 - [TEST_STEP][PASSED] - response = req_data.getResponseText(): null

2022-11-22 16:38:09 - [TEST_STEP][PASSED] - logInfo($response): {"status":"Done","data":{"requestid1":"242324","requestid2":""}}

2022-11-22 16:38:09 - [MESSAGE][INFO] - {"status":"Done","data":{"requestid1":"242324","requestid2":""}}

2022-11-22 16:38:09 - [TEST_STEP][PASSED] - delay(3): Delayed 3 second(s)

2022-11-22 16:38:12 - [MESSAGE][PASSED] - Delayed 3 second(s)

2022-11-22 16:38:12 - [TEST_STEP][PASSED] - scoring = sendRequest(findTestObject("EngineScore", ["response_searchME_kons":response_searchME_kons, "response_searchME_spouse":response_searchME_spouse])): Send request successfully

2022-11-22 16:38:12 - [MESSAGE][INFO] - HAR: D:\DMS\Engine Scoring\Reports\20221122_162012\Exclude KKB - DS\Scoring Individu - KKB\20221122_162012\requests\main\401.har

2022-11-22 16:38:12 - [MESSAGE][PASSED] - Send request successfully

2022-11-22 16:38:12 - [TEST_STEP][PASSED] - verifyResponseStatusCode(scoring, 200): Verify response status code successfully

2022-11-22 16:38:12 - [MESSAGE][PASSED] - Verify response status code successfully

2022-11-22 16:38:12 - [TEST_STEP][PASSED] - response2 = scoring.getResponseText(): null

2022-11-22 16:38:12 - [TEST_STEP][PASSED] - markPassed("result service data ke : " + no): result service data ke : 201

2022-11-22 16:38:12 - [MESSAGE][PASSED] - result service data ke : 201

2022-11-22 16:38:12 - [TEST_STEP][PASSED] - logInfo($response2): {"result_konsumen":"Reguler","result_pasangan":"","Final_result":"Reguler","errorMessage":"","status":"Done"}

2022-11-22 16:38:12 - [MESSAGE][INFO] - {"result_konsumen":"Reguler","result_pasangan":"","Final_result":"Reguler","errorMessage":"","status":"Done"}

2022-11-22 16:38:12 - [TEST_STEP][PASSED] - verifyElementPropertyValue(scoring, "Final_result", final_result): Verify element property value successfully

2022-11-22 16:38:12 - [MESSAGE][PASSED] - Verify element property value successfully]]></system-out>
         <system-err><![CDATA[]]></system-err>
      </testcase>
      <testcase name="Test Cases/Engine_Scoring/Engine Scoring" time="6.111" classname="Test Cases/Engine_Scoring/Engine Scoring" status="PASSED">
         <system-out><![CDATA[2022-11-22 16:38:12 - [TEST_CASE][PASSED] - Test Cases/Engine_Scoring/Engine Scoring: Test Cases/Engine_Scoring/Engine Scoring

2022-11-22 16:38:13 - [TEST_STEP][PASSED] - markPassed("Variasi data ke : " + no): Variasi data ke : 202

2022-11-22 16:38:13 - [MESSAGE][PASSED] - Variasi data ke : 202

2022-11-22 16:38:13 - [TEST_STEP][PASSED] - req_data = sendRequest(findTestObject("Search_ME", ["MID":MID, "source":source, "ip":ip, "userid":userid, "branch":branch, "tipekons":tipekons, "marital":marital, "penjamin":penjamin, ... ])): Send request successfully

2022-11-22 16:38:15 - [MESSAGE][INFO] - HAR: D:\DMS\Engine Scoring\Reports\20221122_162012\Exclude KKB - DS\Scoring Individu - KKB\20221122_162012\requests\main\402.har

2022-11-22 16:38:15 - [MESSAGE][PASSED] - Send request successfully

2022-11-22 16:38:15 - [TEST_STEP][PASSED] - slurper = new groovy.json.JsonSlurper(): null

2022-11-22 16:38:15 - [TEST_STEP][PASSED] - result = slurper.parseText(req_data.getResponseBodyContent()): null

2022-11-22 16:38:15 - [TEST_STEP][PASSED] - reqid_kons = requestid1: null

2022-11-22 16:38:15 - [TEST_STEP][PASSED] - reqid_spouse = requestid2: null

2022-11-22 16:38:15 - [TEST_STEP][PASSED] - println("requestid kons : " + reqid_kons): null

2022-11-22 16:38:15 - [TEST_STEP][PASSED] - response_searchME_kons = reqid_kons: null

2022-11-22 16:38:15 - [TEST_STEP][PASSED] - response_searchME_spouse = reqid_spouse: null

2022-11-22 16:38:15 - [TEST_STEP][PASSED] - println("kons req id is :" + response_searchME_kons): null

2022-11-22 16:38:15 - [TEST_STEP][PASSED] - println("spouse req id is : " + response_searchME_spouse): null

2022-11-22 16:38:15 - [TEST_STEP][PASSED] - verifyResponseStatusCode(req_data, 200): Verify response status code successfully

2022-11-22 16:38:15 - [MESSAGE][PASSED] - Verify response status code successfully

2022-11-22 16:38:15 - [TEST_STEP][PASSED] - response = req_data.getResponseText(): null

2022-11-22 16:38:15 - [TEST_STEP][PASSED] - logInfo($response): {"status":"Done","data":{"requestid1":"242325","requestid2":""}}

2022-11-22 16:38:15 - [MESSAGE][INFO] - {"status":"Done","data":{"requestid1":"242325","requestid2":""}}

2022-11-22 16:38:15 - [TEST_STEP][PASSED] - delay(3): Delayed 3 second(s)

2022-11-22 16:38:18 - [MESSAGE][PASSED] - Delayed 3 second(s)

2022-11-22 16:38:18 - [TEST_STEP][PASSED] - scoring = sendRequest(findTestObject("EngineScore", ["response_searchME_kons":response_searchME_kons, "response_searchME_spouse":response_searchME_spouse])): Send request successfully

2022-11-22 16:38:18 - [MESSAGE][INFO] - HAR: D:\DMS\Engine Scoring\Reports\20221122_162012\Exclude KKB - DS\Scoring Individu - KKB\20221122_162012\requests\main\403.har

2022-11-22 16:38:18 - [MESSAGE][PASSED] - Send request successfully

2022-11-22 16:38:18 - [TEST_STEP][PASSED] - verifyResponseStatusCode(scoring, 200): Verify response status code successfully

2022-11-22 16:38:18 - [MESSAGE][PASSED] - Verify response status code successfully

2022-11-22 16:38:18 - [TEST_STEP][PASSED] - response2 = scoring.getResponseText(): null

2022-11-22 16:38:18 - [TEST_STEP][PASSED] - markPassed("result service data ke : " + no): result service data ke : 202

2022-11-22 16:38:18 - [MESSAGE][PASSED] - result service data ke : 202

2022-11-22 16:38:18 - [TEST_STEP][PASSED] - logInfo($response2): {"result_konsumen":"Reguler","result_pasangan":"","Final_result":"Reguler","errorMessage":"","status":"Done"}

2022-11-22 16:38:18 - [MESSAGE][INFO] - {"result_konsumen":"Reguler","result_pasangan":"","Final_result":"Reguler","errorMessage":"","status":"Done"}

2022-11-22 16:38:18 - [TEST_STEP][PASSED] - verifyElementPropertyValue(scoring, "Final_result", final_result): Verify element property value successfully

2022-11-22 16:38:18 - [MESSAGE][PASSED] - Verify element property value successfully]]></system-out>
         <system-err><![CDATA[]]></system-err>
      </testcase>
      <testcase name="Test Cases/Engine_Scoring/Engine Scoring" time="5.814" classname="Test Cases/Engine_Scoring/Engine Scoring" status="PASSED">
         <system-out><![CDATA[2022-11-22 16:38:18 - [TEST_CASE][PASSED] - Test Cases/Engine_Scoring/Engine Scoring: Test Cases/Engine_Scoring/Engine Scoring

2022-11-22 16:38:19 - [TEST_STEP][PASSED] - markPassed("Variasi data ke : " + no): Variasi data ke : 203

2022-11-22 16:38:19 - [MESSAGE][PASSED] - Variasi data ke : 203

2022-11-22 16:38:19 - [TEST_STEP][PASSED] - req_data = sendRequest(findTestObject("Search_ME", ["MID":MID, "source":source, "ip":ip, "userid":userid, "branch":branch, "tipekons":tipekons, "marital":marital, "penjamin":penjamin, ... ])): Send request successfully

2022-11-22 16:38:21 - [MESSAGE][INFO] - HAR: D:\DMS\Engine Scoring\Reports\20221122_162012\Exclude KKB - DS\Scoring Individu - KKB\20221122_162012\requests\main\404.har

2022-11-22 16:38:21 - [MESSAGE][PASSED] - Send request successfully

2022-11-22 16:38:21 - [TEST_STEP][PASSED] - slurper = new groovy.json.JsonSlurper(): null

2022-11-22 16:38:21 - [TEST_STEP][PASSED] - result = slurper.parseText(req_data.getResponseBodyContent()): null

2022-11-22 16:38:21 - [TEST_STEP][PASSED] - reqid_kons = requestid1: null

2022-11-22 16:38:21 - [TEST_STEP][PASSED] - reqid_spouse = requestid2: null

2022-11-22 16:38:21 - [TEST_STEP][PASSED] - println("requestid kons : " + reqid_kons): null

2022-11-22 16:38:21 - [TEST_STEP][PASSED] - response_searchME_kons = reqid_kons: null

2022-11-22 16:38:21 - [TEST_STEP][PASSED] - response_searchME_spouse = reqid_spouse: null

2022-11-22 16:38:21 - [TEST_STEP][PASSED] - println("kons req id is :" + response_searchME_kons): null

2022-11-22 16:38:21 - [TEST_STEP][PASSED] - println("spouse req id is : " + response_searchME_spouse): null

2022-11-22 16:38:21 - [TEST_STEP][PASSED] - verifyResponseStatusCode(req_data, 200): Verify response status code successfully

2022-11-22 16:38:21 - [MESSAGE][PASSED] - Verify response status code successfully

2022-11-22 16:38:21 - [TEST_STEP][PASSED] - response = req_data.getResponseText(): null

2022-11-22 16:38:21 - [TEST_STEP][PASSED] - logInfo($response): {"status":"Done","data":{"requestid1":"242326","requestid2":""}}

2022-11-22 16:38:21 - [MESSAGE][INFO] - {"status":"Done","data":{"requestid1":"242326","requestid2":""}}

2022-11-22 16:38:21 - [TEST_STEP][PASSED] - delay(3): Delayed 3 second(s)

2022-11-22 16:38:24 - [MESSAGE][PASSED] - Delayed 3 second(s)

2022-11-22 16:38:24 - [TEST_STEP][PASSED] - scoring = sendRequest(findTestObject("EngineScore", ["response_searchME_kons":response_searchME_kons, "response_searchME_spouse":response_searchME_spouse])): Send request successfully

2022-11-22 16:38:24 - [MESSAGE][INFO] - HAR: D:\DMS\Engine Scoring\Reports\20221122_162012\Exclude KKB - DS\Scoring Individu - KKB\20221122_162012\requests\main\405.har

2022-11-22 16:38:24 - [MESSAGE][PASSED] - Send request successfully

2022-11-22 16:38:24 - [TEST_STEP][PASSED] - verifyResponseStatusCode(scoring, 200): Verify response status code successfully

2022-11-22 16:38:24 - [MESSAGE][PASSED] - Verify response status code successfully

2022-11-22 16:38:24 - [TEST_STEP][PASSED] - response2 = scoring.getResponseText(): null

2022-11-22 16:38:24 - [TEST_STEP][PASSED] - markPassed("result service data ke : " + no): result service data ke : 203

2022-11-22 16:38:24 - [MESSAGE][PASSED] - result service data ke : 203

2022-11-22 16:38:24 - [TEST_STEP][PASSED] - logInfo($response2): {"result_konsumen":"Reguler","result_pasangan":"","Final_result":"Reguler","errorMessage":"","status":"Done"}

2022-11-22 16:38:24 - [MESSAGE][INFO] - {"result_konsumen":"Reguler","result_pasangan":"","Final_result":"Reguler","errorMessage":"","status":"Done"}

2022-11-22 16:38:24 - [TEST_STEP][PASSED] - verifyElementPropertyValue(scoring, "Final_result", final_result): Verify element property value successfully

2022-11-22 16:38:24 - [MESSAGE][PASSED] - Verify element property value successfully]]></system-out>
         <system-err><![CDATA[]]></system-err>
      </testcase>
      <testcase name="Test Cases/Engine_Scoring/Engine Scoring" time="5.955" classname="Test Cases/Engine_Scoring/Engine Scoring" status="PASSED">
         <system-out><![CDATA[2022-11-22 16:38:24 - [TEST_CASE][PASSED] - Test Cases/Engine_Scoring/Engine Scoring: Test Cases/Engine_Scoring/Engine Scoring

2022-11-22 16:38:25 - [TEST_STEP][PASSED] - markPassed("Variasi data ke : " + no): Variasi data ke : 204

2022-11-22 16:38:25 - [MESSAGE][PASSED] - Variasi data ke : 204

2022-11-22 16:38:25 - [TEST_STEP][PASSED] - req_data = sendRequest(findTestObject("Search_ME", ["MID":MID, "source":source, "ip":ip, "userid":userid, "branch":branch, "tipekons":tipekons, "marital":marital, "penjamin":penjamin, ... ])): Send request successfully

2022-11-22 16:38:27 - [MESSAGE][INFO] - HAR: D:\DMS\Engine Scoring\Reports\20221122_162012\Exclude KKB - DS\Scoring Individu - KKB\20221122_162012\requests\main\406.har

2022-11-22 16:38:27 - [MESSAGE][PASSED] - Send request successfully

2022-11-22 16:38:27 - [TEST_STEP][PASSED] - slurper = new groovy.json.JsonSlurper(): null

2022-11-22 16:38:27 - [TEST_STEP][PASSED] - result = slurper.parseText(req_data.getResponseBodyContent()): null

2022-11-22 16:38:27 - [TEST_STEP][PASSED] - reqid_kons = requestid1: null

2022-11-22 16:38:27 - [TEST_STEP][PASSED] - reqid_spouse = requestid2: null

2022-11-22 16:38:27 - [TEST_STEP][PASSED] - println("requestid kons : " + reqid_kons): null

2022-11-22 16:38:27 - [TEST_STEP][PASSED] - response_searchME_kons = reqid_kons: null

2022-11-22 16:38:27 - [TEST_STEP][PASSED] - response_searchME_spouse = reqid_spouse: null

2022-11-22 16:38:27 - [TEST_STEP][PASSED] - println("kons req id is :" + response_searchME_kons): null

2022-11-22 16:38:27 - [TEST_STEP][PASSED] - println("spouse req id is : " + response_searchME_spouse): null

2022-11-22 16:38:27 - [TEST_STEP][PASSED] - verifyResponseStatusCode(req_data, 200): Verify response status code successfully

2022-11-22 16:38:27 - [MESSAGE][PASSED] - Verify response status code successfully

2022-11-22 16:38:27 - [TEST_STEP][PASSED] - response = req_data.getResponseText(): null

2022-11-22 16:38:27 - [TEST_STEP][PASSED] - logInfo($response): {"status":"Done","data":{"requestid1":"242327","requestid2":""}}

2022-11-22 16:38:27 - [MESSAGE][INFO] - {"status":"Done","data":{"requestid1":"242327","requestid2":""}}

2022-11-22 16:38:27 - [TEST_STEP][PASSED] - delay(3): Delayed 3 second(s)

2022-11-22 16:38:30 - [MESSAGE][PASSED] - Delayed 3 second(s)

2022-11-22 16:38:30 - [TEST_STEP][PASSED] - scoring = sendRequest(findTestObject("EngineScore", ["response_searchME_kons":response_searchME_kons, "response_searchME_spouse":response_searchME_spouse])): Send request successfully

2022-11-22 16:38:30 - [MESSAGE][INFO] - HAR: D:\DMS\Engine Scoring\Reports\20221122_162012\Exclude KKB - DS\Scoring Individu - KKB\20221122_162012\requests\main\407.har

2022-11-22 16:38:30 - [MESSAGE][PASSED] - Send request successfully

2022-11-22 16:38:30 - [TEST_STEP][PASSED] - verifyResponseStatusCode(scoring, 200): Verify response status code successfully

2022-11-22 16:38:30 - [MESSAGE][PASSED] - Verify response status code successfully

2022-11-22 16:38:30 - [TEST_STEP][PASSED] - response2 = scoring.getResponseText(): null

2022-11-22 16:38:30 - [TEST_STEP][PASSED] - markPassed("result service data ke : " + no): result service data ke : 204

2022-11-22 16:38:30 - [MESSAGE][PASSED] - result service data ke : 204

2022-11-22 16:38:30 - [TEST_STEP][PASSED] - logInfo($response2): {"result_konsumen":"Reguler","result_pasangan":"","Final_result":"Reguler","errorMessage":"","status":"Done"}

2022-11-22 16:38:30 - [MESSAGE][INFO] - {"result_konsumen":"Reguler","result_pasangan":"","Final_result":"Reguler","errorMessage":"","status":"Done"}

2022-11-22 16:38:30 - [TEST_STEP][PASSED] - verifyElementPropertyValue(scoring, "Final_result", final_result): Verify element property value successfully

2022-11-22 16:38:30 - [MESSAGE][PASSED] - Verify element property value successfully]]></system-out>
         <system-err><![CDATA[]]></system-err>
      </testcase>
      <testcase name="Test Cases/Engine_Scoring/Engine Scoring" time="6.007" classname="Test Cases/Engine_Scoring/Engine Scoring" status="PASSED">
         <system-out><![CDATA[2022-11-22 16:38:30 - [TEST_CASE][PASSED] - Test Cases/Engine_Scoring/Engine Scoring: Test Cases/Engine_Scoring/Engine Scoring

2022-11-22 16:38:31 - [TEST_STEP][PASSED] - markPassed("Variasi data ke : " + no): Variasi data ke : 205

2022-11-22 16:38:31 - [MESSAGE][PASSED] - Variasi data ke : 205

2022-11-22 16:38:31 - [TEST_STEP][PASSED] - req_data = sendRequest(findTestObject("Search_ME", ["MID":MID, "source":source, "ip":ip, "userid":userid, "branch":branch, "tipekons":tipekons, "marital":marital, "penjamin":penjamin, ... ])): Send request successfully

2022-11-22 16:38:33 - [MESSAGE][INFO] - HAR: D:\DMS\Engine Scoring\Reports\20221122_162012\Exclude KKB - DS\Scoring Individu - KKB\20221122_162012\requests\main\408.har

2022-11-22 16:38:33 - [MESSAGE][PASSED] - Send request successfully

2022-11-22 16:38:33 - [TEST_STEP][PASSED] - slurper = new groovy.json.JsonSlurper(): null

2022-11-22 16:38:33 - [TEST_STEP][PASSED] - result = slurper.parseText(req_data.getResponseBodyContent()): null

2022-11-22 16:38:33 - [TEST_STEP][PASSED] - reqid_kons = requestid1: null

2022-11-22 16:38:33 - [TEST_STEP][PASSED] - reqid_spouse = requestid2: null

2022-11-22 16:38:33 - [TEST_STEP][PASSED] - println("requestid kons : " + reqid_kons): null

2022-11-22 16:38:33 - [TEST_STEP][PASSED] - response_searchME_kons = reqid_kons: null

2022-11-22 16:38:33 - [TEST_STEP][PASSED] - response_searchME_spouse = reqid_spouse: null

2022-11-22 16:38:33 - [TEST_STEP][PASSED] - println("kons req id is :" + response_searchME_kons): null

2022-11-22 16:38:33 - [TEST_STEP][PASSED] - println("spouse req id is : " + response_searchME_spouse): null

2022-11-22 16:38:33 - [TEST_STEP][PASSED] - verifyResponseStatusCode(req_data, 200): Verify response status code successfully

2022-11-22 16:38:33 - [MESSAGE][PASSED] - Verify response status code successfully

2022-11-22 16:38:33 - [TEST_STEP][PASSED] - response = req_data.getResponseText(): null

2022-11-22 16:38:33 - [TEST_STEP][PASSED] - logInfo($response): {"status":"Done","data":{"requestid1":"242328","requestid2":""}}

2022-11-22 16:38:33 - [MESSAGE][INFO] - {"status":"Done","data":{"requestid1":"242328","requestid2":""}}

2022-11-22 16:38:33 - [TEST_STEP][PASSED] - delay(3): Delayed 3 second(s)

2022-11-22 16:38:36 - [MESSAGE][PASSED] - Delayed 3 second(s)

2022-11-22 16:38:36 - [TEST_STEP][PASSED] - scoring = sendRequest(findTestObject("EngineScore", ["response_searchME_kons":response_searchME_kons, "response_searchME_spouse":response_searchME_spouse])): Send request successfully

2022-11-22 16:38:36 - [MESSAGE][INFO] - HAR: D:\DMS\Engine Scoring\Reports\20221122_162012\Exclude KKB - DS\Scoring Individu - KKB\20221122_162012\requests\main\409.har

2022-11-22 16:38:36 - [MESSAGE][PASSED] - Send request successfully

2022-11-22 16:38:36 - [TEST_STEP][PASSED] - verifyResponseStatusCode(scoring, 200): Verify response status code successfully

2022-11-22 16:38:36 - [MESSAGE][PASSED] - Verify response status code successfully

2022-11-22 16:38:36 - [TEST_STEP][PASSED] - response2 = scoring.getResponseText(): null

2022-11-22 16:38:36 - [TEST_STEP][PASSED] - markPassed("result service data ke : " + no): result service data ke : 205

2022-11-22 16:38:36 - [MESSAGE][PASSED] - result service data ke : 205

2022-11-22 16:38:36 - [TEST_STEP][PASSED] - logInfo($response2): {"result_konsumen":"Reguler","result_pasangan":"","Final_result":"Reguler","errorMessage":"","status":"Done"}

2022-11-22 16:38:36 - [MESSAGE][INFO] - {"result_konsumen":"Reguler","result_pasangan":"","Final_result":"Reguler","errorMessage":"","status":"Done"}

2022-11-22 16:38:36 - [TEST_STEP][PASSED] - verifyElementPropertyValue(scoring, "Final_result", final_result): Verify element property value successfully

2022-11-22 16:38:36 - [MESSAGE][PASSED] - Verify element property value successfully]]></system-out>
         <system-err><![CDATA[]]></system-err>
      </testcase>
      <testcase name="Test Cases/Engine_Scoring/Engine Scoring" time="5.808" classname="Test Cases/Engine_Scoring/Engine Scoring" status="PASSED">
         <system-out><![CDATA[2022-11-22 16:38:36 - [TEST_CASE][PASSED] - Test Cases/Engine_Scoring/Engine Scoring: Test Cases/Engine_Scoring/Engine Scoring

2022-11-22 16:38:37 - [TEST_STEP][PASSED] - markPassed("Variasi data ke : " + no): Variasi data ke : 206

2022-11-22 16:38:37 - [MESSAGE][PASSED] - Variasi data ke : 206

2022-11-22 16:38:37 - [TEST_STEP][PASSED] - req_data = sendRequest(findTestObject("Search_ME", ["MID":MID, "source":source, "ip":ip, "userid":userid, "branch":branch, "tipekons":tipekons, "marital":marital, "penjamin":penjamin, ... ])): Send request successfully

2022-11-22 16:38:39 - [MESSAGE][INFO] - HAR: D:\DMS\Engine Scoring\Reports\20221122_162012\Exclude KKB - DS\Scoring Individu - KKB\20221122_162012\requests\main\410.har

2022-11-22 16:38:39 - [MESSAGE][PASSED] - Send request successfully

2022-11-22 16:38:39 - [TEST_STEP][PASSED] - slurper = new groovy.json.JsonSlurper(): null

2022-11-22 16:38:39 - [TEST_STEP][PASSED] - result = slurper.parseText(req_data.getResponseBodyContent()): null

2022-11-22 16:38:39 - [TEST_STEP][PASSED] - reqid_kons = requestid1: null

2022-11-22 16:38:39 - [TEST_STEP][PASSED] - reqid_spouse = requestid2: null

2022-11-22 16:38:39 - [TEST_STEP][PASSED] - println("requestid kons : " + reqid_kons): null

2022-11-22 16:38:39 - [TEST_STEP][PASSED] - response_searchME_kons = reqid_kons: null

2022-11-22 16:38:39 - [TEST_STEP][PASSED] - response_searchME_spouse = reqid_spouse: null

2022-11-22 16:38:39 - [TEST_STEP][PASSED] - println("kons req id is :" + response_searchME_kons): null

2022-11-22 16:38:39 - [TEST_STEP][PASSED] - println("spouse req id is : " + response_searchME_spouse): null

2022-11-22 16:38:39 - [TEST_STEP][PASSED] - verifyResponseStatusCode(req_data, 200): Verify response status code successfully

2022-11-22 16:38:39 - [MESSAGE][PASSED] - Verify response status code successfully

2022-11-22 16:38:39 - [TEST_STEP][PASSED] - response = req_data.getResponseText(): null

2022-11-22 16:38:39 - [TEST_STEP][PASSED] - logInfo($response): {"status":"Done","data":{"requestid1":"242329","requestid2":""}}

2022-11-22 16:38:39 - [MESSAGE][INFO] - {"status":"Done","data":{"requestid1":"242329","requestid2":""}}

2022-11-22 16:38:39 - [TEST_STEP][PASSED] - delay(3): Delayed 3 second(s)

2022-11-22 16:38:42 - [MESSAGE][PASSED] - Delayed 3 second(s)

2022-11-22 16:38:42 - [TEST_STEP][PASSED] - scoring = sendRequest(findTestObject("EngineScore", ["response_searchME_kons":response_searchME_kons, "response_searchME_spouse":response_searchME_spouse])): Send request successfully

2022-11-22 16:38:42 - [MESSAGE][INFO] - HAR: D:\DMS\Engine Scoring\Reports\20221122_162012\Exclude KKB - DS\Scoring Individu - KKB\20221122_162012\requests\main\411.har

2022-11-22 16:38:42 - [MESSAGE][PASSED] - Send request successfully

2022-11-22 16:38:42 - [TEST_STEP][PASSED] - verifyResponseStatusCode(scoring, 200): Verify response status code successfully

2022-11-22 16:38:42 - [MESSAGE][PASSED] - Verify response status code successfully

2022-11-22 16:38:42 - [TEST_STEP][PASSED] - response2 = scoring.getResponseText(): null

2022-11-22 16:38:42 - [TEST_STEP][PASSED] - markPassed("result service data ke : " + no): result service data ke : 206

2022-11-22 16:38:42 - [MESSAGE][PASSED] - result service data ke : 206

2022-11-22 16:38:42 - [TEST_STEP][PASSED] - logInfo($response2): {"result_konsumen":"Reguler","result_pasangan":"","Final_result":"Reguler","errorMessage":"","status":"Done"}

2022-11-22 16:38:42 - [MESSAGE][INFO] - {"result_konsumen":"Reguler","result_pasangan":"","Final_result":"Reguler","errorMessage":"","status":"Done"}

2022-11-22 16:38:42 - [TEST_STEP][PASSED] - verifyElementPropertyValue(scoring, "Final_result", final_result): Verify element property value successfully

2022-11-22 16:38:42 - [MESSAGE][PASSED] - Verify element property value successfully]]></system-out>
         <system-err><![CDATA[]]></system-err>
      </testcase>
      <testcase name="Test Cases/Engine_Scoring/Engine Scoring" time="5.683" classname="Test Cases/Engine_Scoring/Engine Scoring" status="PASSED">
         <system-out><![CDATA[2022-11-22 16:38:42 - [TEST_CASE][PASSED] - Test Cases/Engine_Scoring/Engine Scoring: Test Cases/Engine_Scoring/Engine Scoring

2022-11-22 16:38:43 - [TEST_STEP][PASSED] - markPassed("Variasi data ke : " + no): Variasi data ke : 207

2022-11-22 16:38:43 - [MESSAGE][PASSED] - Variasi data ke : 207

2022-11-22 16:38:43 - [TEST_STEP][PASSED] - req_data = sendRequest(findTestObject("Search_ME", ["MID":MID, "source":source, "ip":ip, "userid":userid, "branch":branch, "tipekons":tipekons, "marital":marital, "penjamin":penjamin, ... ])): Send request successfully

2022-11-22 16:38:44 - [MESSAGE][INFO] - HAR: D:\DMS\Engine Scoring\Reports\20221122_162012\Exclude KKB - DS\Scoring Individu - KKB\20221122_162012\requests\main\412.har

2022-11-22 16:38:44 - [MESSAGE][PASSED] - Send request successfully

2022-11-22 16:38:44 - [TEST_STEP][PASSED] - slurper = new groovy.json.JsonSlurper(): null

2022-11-22 16:38:44 - [TEST_STEP][PASSED] - result = slurper.parseText(req_data.getResponseBodyContent()): null

2022-11-22 16:38:44 - [TEST_STEP][PASSED] - reqid_kons = requestid1: null

2022-11-22 16:38:44 - [TEST_STEP][PASSED] - reqid_spouse = requestid2: null

2022-11-22 16:38:44 - [TEST_STEP][PASSED] - println("requestid kons : " + reqid_kons): null

2022-11-22 16:38:44 - [TEST_STEP][PASSED] - response_searchME_kons = reqid_kons: null

2022-11-22 16:38:44 - [TEST_STEP][PASSED] - response_searchME_spouse = reqid_spouse: null

2022-11-22 16:38:44 - [TEST_STEP][PASSED] - println("kons req id is :" + response_searchME_kons): null

2022-11-22 16:38:44 - [TEST_STEP][PASSED] - println("spouse req id is : " + response_searchME_spouse): null

2022-11-22 16:38:44 - [TEST_STEP][PASSED] - verifyResponseStatusCode(req_data, 200): Verify response status code successfully

2022-11-22 16:38:44 - [MESSAGE][PASSED] - Verify response status code successfully

2022-11-22 16:38:44 - [TEST_STEP][PASSED] - response = req_data.getResponseText(): null

2022-11-22 16:38:44 - [TEST_STEP][PASSED] - logInfo($response): {"status":"Done","data":{"requestid1":"242330","requestid2":""}}

2022-11-22 16:38:44 - [MESSAGE][INFO] - {"status":"Done","data":{"requestid1":"242330","requestid2":""}}

2022-11-22 16:38:44 - [TEST_STEP][PASSED] - delay(3): Delayed 3 second(s)

2022-11-22 16:38:47 - [MESSAGE][PASSED] - Delayed 3 second(s)

2022-11-22 16:38:47 - [TEST_STEP][PASSED] - scoring = sendRequest(findTestObject("EngineScore", ["response_searchME_kons":response_searchME_kons, "response_searchME_spouse":response_searchME_spouse])): Send request successfully

2022-11-22 16:38:47 - [MESSAGE][INFO] - HAR: D:\DMS\Engine Scoring\Reports\20221122_162012\Exclude KKB - DS\Scoring Individu - KKB\20221122_162012\requests\main\413.har

2022-11-22 16:38:47 - [MESSAGE][PASSED] - Send request successfully

2022-11-22 16:38:47 - [TEST_STEP][PASSED] - verifyResponseStatusCode(scoring, 200): Verify response status code successfully

2022-11-22 16:38:47 - [MESSAGE][PASSED] - Verify response status code successfully

2022-11-22 16:38:47 - [TEST_STEP][PASSED] - response2 = scoring.getResponseText(): null

2022-11-22 16:38:47 - [TEST_STEP][PASSED] - markPassed("result service data ke : " + no): result service data ke : 207

2022-11-22 16:38:47 - [MESSAGE][PASSED] - result service data ke : 207

2022-11-22 16:38:47 - [TEST_STEP][PASSED] - logInfo($response2): {"result_konsumen":"Reguler","result_pasangan":"","Final_result":"Reguler","errorMessage":"","status":"Done"}

2022-11-22 16:38:47 - [MESSAGE][INFO] - {"result_konsumen":"Reguler","result_pasangan":"","Final_result":"Reguler","errorMessage":"","status":"Done"}

2022-11-22 16:38:47 - [TEST_STEP][PASSED] - verifyElementPropertyValue(scoring, "Final_result", final_result): Verify element property value successfully

2022-11-22 16:38:47 - [MESSAGE][PASSED] - Verify element property value successfully]]></system-out>
         <system-err><![CDATA[]]></system-err>
      </testcase>
      <testcase name="Test Cases/Engine_Scoring/Engine Scoring" time="5.938" classname="Test Cases/Engine_Scoring/Engine Scoring" status="PASSED">
         <system-out><![CDATA[2022-11-22 16:38:48 - [TEST_CASE][PASSED] - Test Cases/Engine_Scoring/Engine Scoring: Test Cases/Engine_Scoring/Engine Scoring

2022-11-22 16:38:49 - [TEST_STEP][PASSED] - markPassed("Variasi data ke : " + no): Variasi data ke : 208

2022-11-22 16:38:49 - [MESSAGE][PASSED] - Variasi data ke : 208

2022-11-22 16:38:49 - [TEST_STEP][PASSED] - req_data = sendRequest(findTestObject("Search_ME", ["MID":MID, "source":source, "ip":ip, "userid":userid, "branch":branch, "tipekons":tipekons, "marital":marital, "penjamin":penjamin, ... ])): Send request successfully

2022-11-22 16:38:50 - [MESSAGE][INFO] - HAR: D:\DMS\Engine Scoring\Reports\20221122_162012\Exclude KKB - DS\Scoring Individu - KKB\20221122_162012\requests\main\414.har

2022-11-22 16:38:50 - [MESSAGE][PASSED] - Send request successfully

2022-11-22 16:38:50 - [TEST_STEP][PASSED] - slurper = new groovy.json.JsonSlurper(): null

2022-11-22 16:38:50 - [TEST_STEP][PASSED] - result = slurper.parseText(req_data.getResponseBodyContent()): null

2022-11-22 16:38:50 - [TEST_STEP][PASSED] - reqid_kons = requestid1: null

2022-11-22 16:38:50 - [TEST_STEP][PASSED] - reqid_spouse = requestid2: null

2022-11-22 16:38:50 - [TEST_STEP][PASSED] - println("requestid kons : " + reqid_kons): null

2022-11-22 16:38:50 - [TEST_STEP][PASSED] - response_searchME_kons = reqid_kons: null

2022-11-22 16:38:50 - [TEST_STEP][PASSED] - response_searchME_spouse = reqid_spouse: null

2022-11-22 16:38:50 - [TEST_STEP][PASSED] - println("kons req id is :" + response_searchME_kons): null

2022-11-22 16:38:50 - [TEST_STEP][PASSED] - println("spouse req id is : " + response_searchME_spouse): null

2022-11-22 16:38:50 - [TEST_STEP][PASSED] - verifyResponseStatusCode(req_data, 200): Verify response status code successfully

2022-11-22 16:38:50 - [MESSAGE][PASSED] - Verify response status code successfully

2022-11-22 16:38:50 - [TEST_STEP][PASSED] - response = req_data.getResponseText(): null

2022-11-22 16:38:50 - [TEST_STEP][PASSED] - logInfo($response): {"status":"Done","data":{"requestid1":"242331","requestid2":""}}

2022-11-22 16:38:50 - [MESSAGE][INFO] - {"status":"Done","data":{"requestid1":"242331","requestid2":""}}

2022-11-22 16:38:50 - [TEST_STEP][PASSED] - delay(3): Delayed 3 second(s)

2022-11-22 16:38:53 - [MESSAGE][PASSED] - Delayed 3 second(s)

2022-11-22 16:38:53 - [TEST_STEP][PASSED] - scoring = sendRequest(findTestObject("EngineScore", ["response_searchME_kons":response_searchME_kons, "response_searchME_spouse":response_searchME_spouse])): Send request successfully

2022-11-22 16:38:53 - [MESSAGE][INFO] - HAR: D:\DMS\Engine Scoring\Reports\20221122_162012\Exclude KKB - DS\Scoring Individu - KKB\20221122_162012\requests\main\415.har

2022-11-22 16:38:53 - [MESSAGE][PASSED] - Send request successfully

2022-11-22 16:38:53 - [TEST_STEP][PASSED] - verifyResponseStatusCode(scoring, 200): Verify response status code successfully

2022-11-22 16:38:53 - [MESSAGE][PASSED] - Verify response status code successfully

2022-11-22 16:38:53 - [TEST_STEP][PASSED] - response2 = scoring.getResponseText(): null

2022-11-22 16:38:53 - [TEST_STEP][PASSED] - markPassed("result service data ke : " + no): result service data ke : 208

2022-11-22 16:38:53 - [MESSAGE][PASSED] - result service data ke : 208

2022-11-22 16:38:53 - [TEST_STEP][PASSED] - logInfo($response2): {"result_konsumen":"Reguler","result_pasangan":"","Final_result":"Reguler","errorMessage":"","status":"Done"}

2022-11-22 16:38:53 - [MESSAGE][INFO] - {"result_konsumen":"Reguler","result_pasangan":"","Final_result":"Reguler","errorMessage":"","status":"Done"}

2022-11-22 16:38:53 - [TEST_STEP][PASSED] - verifyElementPropertyValue(scoring, "Final_result", final_result): Verify element property value successfully

2022-11-22 16:38:54 - [MESSAGE][PASSED] - Verify element property value successfully]]></system-out>
         <system-err><![CDATA[]]></system-err>
      </testcase>
      <testcase name="Test Cases/Engine_Scoring/Engine Scoring" time="5.88" classname="Test Cases/Engine_Scoring/Engine Scoring" status="PASSED">
         <system-out><![CDATA[2022-11-22 16:38:54 - [TEST_CASE][PASSED] - Test Cases/Engine_Scoring/Engine Scoring: Test Cases/Engine_Scoring/Engine Scoring

2022-11-22 16:38:55 - [TEST_STEP][PASSED] - markPassed("Variasi data ke : " + no): Variasi data ke : 209

2022-11-22 16:38:55 - [MESSAGE][PASSED] - Variasi data ke : 209

2022-11-22 16:38:55 - [TEST_STEP][PASSED] - req_data = sendRequest(findTestObject("Search_ME", ["MID":MID, "source":source, "ip":ip, "userid":userid, "branch":branch, "tipekons":tipekons, "marital":marital, "penjamin":penjamin, ... ])): Send request successfully

2022-11-22 16:38:56 - [MESSAGE][INFO] - HAR: D:\DMS\Engine Scoring\Reports\20221122_162012\Exclude KKB - DS\Scoring Individu - KKB\20221122_162012\requests\main\416.har

2022-11-22 16:38:56 - [MESSAGE][PASSED] - Send request successfully

2022-11-22 16:38:56 - [TEST_STEP][PASSED] - slurper = new groovy.json.JsonSlurper(): null

2022-11-22 16:38:56 - [TEST_STEP][PASSED] - result = slurper.parseText(req_data.getResponseBodyContent()): null

2022-11-22 16:38:56 - [TEST_STEP][PASSED] - reqid_kons = requestid1: null

2022-11-22 16:38:56 - [TEST_STEP][PASSED] - reqid_spouse = requestid2: null

2022-11-22 16:38:56 - [TEST_STEP][PASSED] - println("requestid kons : " + reqid_kons): null

2022-11-22 16:38:56 - [TEST_STEP][PASSED] - response_searchME_kons = reqid_kons: null

2022-11-22 16:38:56 - [TEST_STEP][PASSED] - response_searchME_spouse = reqid_spouse: null

2022-11-22 16:38:56 - [TEST_STEP][PASSED] - println("kons req id is :" + response_searchME_kons): null

2022-11-22 16:38:56 - [TEST_STEP][PASSED] - println("spouse req id is : " + response_searchME_spouse): null

2022-11-22 16:38:56 - [TEST_STEP][PASSED] - verifyResponseStatusCode(req_data, 200): Verify response status code successfully

2022-11-22 16:38:56 - [MESSAGE][PASSED] - Verify response status code successfully

2022-11-22 16:38:56 - [TEST_STEP][PASSED] - response = req_data.getResponseText(): null

2022-11-22 16:38:56 - [TEST_STEP][PASSED] - logInfo($response): {"status":"Done","data":{"requestid1":"242332","requestid2":""}}

2022-11-22 16:38:56 - [MESSAGE][INFO] - {"status":"Done","data":{"requestid1":"242332","requestid2":""}}

2022-11-22 16:38:56 - [TEST_STEP][PASSED] - delay(3): Delayed 3 second(s)

2022-11-22 16:38:59 - [MESSAGE][PASSED] - Delayed 3 second(s)

2022-11-22 16:38:59 - [TEST_STEP][PASSED] - scoring = sendRequest(findTestObject("EngineScore", ["response_searchME_kons":response_searchME_kons, "response_searchME_spouse":response_searchME_spouse])): Send request successfully

2022-11-22 16:38:59 - [MESSAGE][INFO] - HAR: D:\DMS\Engine Scoring\Reports\20221122_162012\Exclude KKB - DS\Scoring Individu - KKB\20221122_162012\requests\main\417.har

2022-11-22 16:38:59 - [MESSAGE][PASSED] - Send request successfully

2022-11-22 16:38:59 - [TEST_STEP][PASSED] - verifyResponseStatusCode(scoring, 200): Verify response status code successfully

2022-11-22 16:38:59 - [MESSAGE][PASSED] - Verify response status code successfully

2022-11-22 16:38:59 - [TEST_STEP][PASSED] - response2 = scoring.getResponseText(): null

2022-11-22 16:38:59 - [TEST_STEP][PASSED] - markPassed("result service data ke : " + no): result service data ke : 209

2022-11-22 16:38:59 - [MESSAGE][PASSED] - result service data ke : 209

2022-11-22 16:38:59 - [TEST_STEP][PASSED] - logInfo($response2): {"result_konsumen":"Reguler","result_pasangan":"","Final_result":"Reguler","errorMessage":"","status":"Done"}

2022-11-22 16:38:59 - [MESSAGE][INFO] - {"result_konsumen":"Reguler","result_pasangan":"","Final_result":"Reguler","errorMessage":"","status":"Done"}

2022-11-22 16:38:59 - [TEST_STEP][PASSED] - verifyElementPropertyValue(scoring, "Final_result", final_result): Verify element property value successfully

2022-11-22 16:38:59 - [MESSAGE][PASSED] - Verify element property value successfully]]></system-out>
         <system-err><![CDATA[]]></system-err>
      </testcase>
      <testcase name="Test Cases/Engine_Scoring/Engine Scoring" time="12.325" classname="Test Cases/Engine_Scoring/Engine Scoring" status="PASSED">
         <system-out><![CDATA[2022-11-22 16:39:00 - [TEST_CASE][PASSED] - Test Cases/Engine_Scoring/Engine Scoring: Test Cases/Engine_Scoring/Engine Scoring

2022-11-22 16:39:01 - [TEST_STEP][PASSED] - markPassed("Variasi data ke : " + no): Variasi data ke : 210

2022-11-22 16:39:01 - [MESSAGE][PASSED] - Variasi data ke : 210

2022-11-22 16:39:01 - [TEST_STEP][PASSED] - req_data = sendRequest(findTestObject("Search_ME", ["MID":MID, "source":source, "ip":ip, "userid":userid, "branch":branch, "tipekons":tipekons, "marital":marital, "penjamin":penjamin, ... ])): Send request successfully

2022-11-22 16:39:09 - [MESSAGE][INFO] - HAR: D:\DMS\Engine Scoring\Reports\20221122_162012\Exclude KKB - DS\Scoring Individu - KKB\20221122_162012\requests\main\418.har

2022-11-22 16:39:09 - [MESSAGE][PASSED] - Send request successfully

2022-11-22 16:39:09 - [TEST_STEP][PASSED] - slurper = new groovy.json.JsonSlurper(): null

2022-11-22 16:39:09 - [TEST_STEP][PASSED] - result = slurper.parseText(req_data.getResponseBodyContent()): null

2022-11-22 16:39:09 - [TEST_STEP][PASSED] - reqid_kons = requestid1: null

2022-11-22 16:39:09 - [TEST_STEP][PASSED] - reqid_spouse = requestid2: null

2022-11-22 16:39:09 - [TEST_STEP][PASSED] - println("requestid kons : " + reqid_kons): null

2022-11-22 16:39:09 - [TEST_STEP][PASSED] - response_searchME_kons = reqid_kons: null

2022-11-22 16:39:09 - [TEST_STEP][PASSED] - response_searchME_spouse = reqid_spouse: null

2022-11-22 16:39:09 - [TEST_STEP][PASSED] - println("kons req id is :" + response_searchME_kons): null

2022-11-22 16:39:09 - [TEST_STEP][PASSED] - println("spouse req id is : " + response_searchME_spouse): null

2022-11-22 16:39:09 - [TEST_STEP][PASSED] - verifyResponseStatusCode(req_data, 200): Verify response status code successfully

2022-11-22 16:39:09 - [MESSAGE][PASSED] - Verify response status code successfully

2022-11-22 16:39:09 - [TEST_STEP][PASSED] - response = req_data.getResponseText(): null

2022-11-22 16:39:09 - [TEST_STEP][PASSED] - logInfo($response): {"status":"Done","data":{"requestid1":"242333","requestid2":""}}

2022-11-22 16:39:09 - [MESSAGE][INFO] - {"status":"Done","data":{"requestid1":"242333","requestid2":""}}

2022-11-22 16:39:09 - [TEST_STEP][PASSED] - delay(3): Delayed 3 second(s)

2022-11-22 16:39:12 - [MESSAGE][PASSED] - Delayed 3 second(s)

2022-11-22 16:39:12 - [TEST_STEP][PASSED] - scoring = sendRequest(findTestObject("EngineScore", ["response_searchME_kons":response_searchME_kons, "response_searchME_spouse":response_searchME_spouse])): Send request successfully

2022-11-22 16:39:12 - [MESSAGE][INFO] - HAR: D:\DMS\Engine Scoring\Reports\20221122_162012\Exclude KKB - DS\Scoring Individu - KKB\20221122_162012\requests\main\419.har

2022-11-22 16:39:12 - [MESSAGE][PASSED] - Send request successfully

2022-11-22 16:39:12 - [TEST_STEP][PASSED] - verifyResponseStatusCode(scoring, 200): Verify response status code successfully

2022-11-22 16:39:12 - [MESSAGE][PASSED] - Verify response status code successfully

2022-11-22 16:39:12 - [TEST_STEP][PASSED] - response2 = scoring.getResponseText(): null

2022-11-22 16:39:12 - [TEST_STEP][PASSED] - markPassed("result service data ke : " + no): result service data ke : 210

2022-11-22 16:39:12 - [MESSAGE][PASSED] - result service data ke : 210

2022-11-22 16:39:12 - [TEST_STEP][PASSED] - logInfo($response2): {"result_konsumen":"Reguler","result_pasangan":"","Final_result":"Reguler","errorMessage":"","status":"Done"}

2022-11-22 16:39:12 - [MESSAGE][INFO] - {"result_konsumen":"Reguler","result_pasangan":"","Final_result":"Reguler","errorMessage":"","status":"Done"}

2022-11-22 16:39:12 - [TEST_STEP][PASSED] - verifyElementPropertyValue(scoring, "Final_result", final_result): Verify element property value successfully

2022-11-22 16:39:12 - [MESSAGE][PASSED] - Verify element property value successfully]]></system-out>
         <system-err><![CDATA[]]></system-err>
      </testcase>
      <testcase name="Test Cases/Engine_Scoring/Engine Scoring" time="5.982" classname="Test Cases/Engine_Scoring/Engine Scoring" status="PASSED">
         <system-out><![CDATA[2022-11-22 16:39:12 - [TEST_CASE][PASSED] - Test Cases/Engine_Scoring/Engine Scoring: Test Cases/Engine_Scoring/Engine Scoring

2022-11-22 16:39:13 - [TEST_STEP][PASSED] - markPassed("Variasi data ke : " + no): Variasi data ke : 211

2022-11-22 16:39:13 - [MESSAGE][PASSED] - Variasi data ke : 211

2022-11-22 16:39:13 - [TEST_STEP][PASSED] - req_data = sendRequest(findTestObject("Search_ME", ["MID":MID, "source":source, "ip":ip, "userid":userid, "branch":branch, "tipekons":tipekons, "marital":marital, "penjamin":penjamin, ... ])): Send request successfully

2022-11-22 16:39:15 - [MESSAGE][INFO] - HAR: D:\DMS\Engine Scoring\Reports\20221122_162012\Exclude KKB - DS\Scoring Individu - KKB\20221122_162012\requests\main\420.har

2022-11-22 16:39:15 - [MESSAGE][PASSED] - Send request successfully

2022-11-22 16:39:15 - [TEST_STEP][PASSED] - slurper = new groovy.json.JsonSlurper(): null

2022-11-22 16:39:15 - [TEST_STEP][PASSED] - result = slurper.parseText(req_data.getResponseBodyContent()): null

2022-11-22 16:39:15 - [TEST_STEP][PASSED] - reqid_kons = requestid1: null

2022-11-22 16:39:15 - [TEST_STEP][PASSED] - reqid_spouse = requestid2: null

2022-11-22 16:39:15 - [TEST_STEP][PASSED] - println("requestid kons : " + reqid_kons): null

2022-11-22 16:39:15 - [TEST_STEP][PASSED] - response_searchME_kons = reqid_kons: null

2022-11-22 16:39:15 - [TEST_STEP][PASSED] - response_searchME_spouse = reqid_spouse: null

2022-11-22 16:39:15 - [TEST_STEP][PASSED] - println("kons req id is :" + response_searchME_kons): null

2022-11-22 16:39:15 - [TEST_STEP][PASSED] - println("spouse req id is : " + response_searchME_spouse): null

2022-11-22 16:39:15 - [TEST_STEP][PASSED] - verifyResponseStatusCode(req_data, 200): Verify response status code successfully

2022-11-22 16:39:15 - [MESSAGE][PASSED] - Verify response status code successfully

2022-11-22 16:39:15 - [TEST_STEP][PASSED] - response = req_data.getResponseText(): null

2022-11-22 16:39:15 - [TEST_STEP][PASSED] - logInfo($response): {"status":"Done","data":{"requestid1":"242334","requestid2":""}}

2022-11-22 16:39:15 - [MESSAGE][INFO] - {"status":"Done","data":{"requestid1":"242334","requestid2":""}}

2022-11-22 16:39:15 - [TEST_STEP][PASSED] - delay(3): Delayed 3 second(s)

2022-11-22 16:39:18 - [MESSAGE][PASSED] - Delayed 3 second(s)

2022-11-22 16:39:18 - [TEST_STEP][PASSED] - scoring = sendRequest(findTestObject("EngineScore", ["response_searchME_kons":response_searchME_kons, "response_searchME_spouse":response_searchME_spouse])): Send request successfully

2022-11-22 16:39:18 - [MESSAGE][INFO] - HAR: D:\DMS\Engine Scoring\Reports\20221122_162012\Exclude KKB - DS\Scoring Individu - KKB\20221122_162012\requests\main\421.har

2022-11-22 16:39:18 - [MESSAGE][PASSED] - Send request successfully

2022-11-22 16:39:18 - [TEST_STEP][PASSED] - verifyResponseStatusCode(scoring, 200): Verify response status code successfully

2022-11-22 16:39:18 - [MESSAGE][PASSED] - Verify response status code successfully

2022-11-22 16:39:18 - [TEST_STEP][PASSED] - response2 = scoring.getResponseText(): null

2022-11-22 16:39:18 - [TEST_STEP][PASSED] - markPassed("result service data ke : " + no): result service data ke : 211

2022-11-22 16:39:18 - [MESSAGE][PASSED] - result service data ke : 211

2022-11-22 16:39:18 - [TEST_STEP][PASSED] - logInfo($response2): {"result_konsumen":"Reguler","result_pasangan":"","Final_result":"Reguler","errorMessage":"","status":"Done"}

2022-11-22 16:39:18 - [MESSAGE][INFO] - {"result_konsumen":"Reguler","result_pasangan":"","Final_result":"Reguler","errorMessage":"","status":"Done"}

2022-11-22 16:39:18 - [TEST_STEP][PASSED] - verifyElementPropertyValue(scoring, "Final_result", final_result): Verify element property value successfully

2022-11-22 16:39:18 - [MESSAGE][PASSED] - Verify element property value successfully]]></system-out>
         <system-err><![CDATA[]]></system-err>
      </testcase>
      <testcase name="Test Cases/Engine_Scoring/Engine Scoring" time="12.723" classname="Test Cases/Engine_Scoring/Engine Scoring" status="PASSED">
         <system-out><![CDATA[2022-11-22 16:39:18 - [TEST_CASE][PASSED] - Test Cases/Engine_Scoring/Engine Scoring: Test Cases/Engine_Scoring/Engine Scoring

2022-11-22 16:39:19 - [TEST_STEP][PASSED] - markPassed("Variasi data ke : " + no): Variasi data ke : 212

2022-11-22 16:39:19 - [MESSAGE][PASSED] - Variasi data ke : 212

2022-11-22 16:39:19 - [TEST_STEP][PASSED] - req_data = sendRequest(findTestObject("Search_ME", ["MID":MID, "source":source, "ip":ip, "userid":userid, "branch":branch, "tipekons":tipekons, "marital":marital, "penjamin":penjamin, ... ])): Send request successfully

2022-11-22 16:39:20 - [MESSAGE][INFO] - HAR: D:\DMS\Engine Scoring\Reports\20221122_162012\Exclude KKB - DS\Scoring Individu - KKB\20221122_162012\requests\main\422.har

2022-11-22 16:39:20 - [MESSAGE][PASSED] - Send request successfully

2022-11-22 16:39:20 - [TEST_STEP][PASSED] - slurper = new groovy.json.JsonSlurper(): null

2022-11-22 16:39:20 - [TEST_STEP][PASSED] - result = slurper.parseText(req_data.getResponseBodyContent()): null

2022-11-22 16:39:20 - [TEST_STEP][PASSED] - reqid_kons = requestid1: null

2022-11-22 16:39:20 - [TEST_STEP][PASSED] - reqid_spouse = requestid2: null

2022-11-22 16:39:20 - [TEST_STEP][PASSED] - println("requestid kons : " + reqid_kons): null

2022-11-22 16:39:20 - [TEST_STEP][PASSED] - response_searchME_kons = reqid_kons: null

2022-11-22 16:39:20 - [TEST_STEP][PASSED] - response_searchME_spouse = reqid_spouse: null

2022-11-22 16:39:20 - [TEST_STEP][PASSED] - println("kons req id is :" + response_searchME_kons): null

2022-11-22 16:39:20 - [TEST_STEP][PASSED] - println("spouse req id is : " + response_searchME_spouse): null

2022-11-22 16:39:20 - [TEST_STEP][PASSED] - verifyResponseStatusCode(req_data, 200): Verify response status code successfully

2022-11-22 16:39:20 - [MESSAGE][PASSED] - Verify response status code successfully

2022-11-22 16:39:20 - [TEST_STEP][PASSED] - response = req_data.getResponseText(): null

2022-11-22 16:39:20 - [TEST_STEP][PASSED] - logInfo($response): {"status":"Done","data":{"requestid1":"242335","requestid2":""}}

2022-11-22 16:39:20 - [MESSAGE][INFO] - {"status":"Done","data":{"requestid1":"242335","requestid2":""}}

2022-11-22 16:39:20 - [TEST_STEP][PASSED] - delay(3): Delayed 3 second(s)

2022-11-22 16:39:23 - [MESSAGE][PASSED] - Delayed 3 second(s)

2022-11-22 16:39:23 - [TEST_STEP][PASSED] - scoring = sendRequest(findTestObject("EngineScore", ["response_searchME_kons":response_searchME_kons, "response_searchME_spouse":response_searchME_spouse])): Send request successfully

2022-11-22 16:39:24 - [MESSAGE][INFO] - HAR: D:\DMS\Engine Scoring\Reports\20221122_162012\Exclude KKB - DS\Scoring Individu - KKB\20221122_162012\requests\main\423.har

2022-11-22 16:39:24 - [MESSAGE][PASSED] - Send request successfully

2022-11-22 16:39:24 - [TEST_STEP][PASSED] - verifyResponseStatusCode(scoring, 200): Verify response status code successfully

2022-11-22 16:39:24 - [MESSAGE][PASSED] - Verify response status code successfully

2022-11-22 16:39:24 - [TEST_STEP][PASSED] - response2 = scoring.getResponseText(): null

2022-11-22 16:39:24 - [TEST_STEP][PASSED] - markPassed("result service data ke : " + no): result service data ke : 212

2022-11-22 16:39:31 - [MESSAGE][PASSED] - result service data ke : 212

2022-11-22 16:39:31 - [TEST_STEP][PASSED] - logInfo($response2): {"result_konsumen":"Reguler","result_pasangan":"","Final_result":"Reguler","errorMessage":"","status":"Done"}

2022-11-22 16:39:31 - [MESSAGE][INFO] - {"result_konsumen":"Reguler","result_pasangan":"","Final_result":"Reguler","errorMessage":"","status":"Done"}

2022-11-22 16:39:31 - [TEST_STEP][PASSED] - verifyElementPropertyValue(scoring, "Final_result", final_result): Verify element property value successfully

2022-11-22 16:39:31 - [MESSAGE][PASSED] - Verify element property value successfully]]></system-out>
         <system-err><![CDATA[]]></system-err>
      </testcase>
      <testcase name="Test Cases/Engine_Scoring/Engine Scoring" time="7.338" classname="Test Cases/Engine_Scoring/Engine Scoring" status="PASSED">
         <system-out><![CDATA[2022-11-22 16:39:31 - [TEST_CASE][PASSED] - Test Cases/Engine_Scoring/Engine Scoring: Test Cases/Engine_Scoring/Engine Scoring

2022-11-22 16:39:33 - [TEST_STEP][PASSED] - markPassed("Variasi data ke : " + no): Variasi data ke : 213

2022-11-22 16:39:33 - [MESSAGE][PASSED] - Variasi data ke : 213

2022-11-22 16:39:33 - [TEST_STEP][PASSED] - req_data = sendRequest(findTestObject("Search_ME", ["MID":MID, "source":source, "ip":ip, "userid":userid, "branch":branch, "tipekons":tipekons, "marital":marital, "penjamin":penjamin, ... ])): Send request successfully

2022-11-22 16:39:35 - [MESSAGE][INFO] - HAR: D:\DMS\Engine Scoring\Reports\20221122_162012\Exclude KKB - DS\Scoring Individu - KKB\20221122_162012\requests\main\424.har

2022-11-22 16:39:35 - [MESSAGE][PASSED] - Send request successfully

2022-11-22 16:39:35 - [TEST_STEP][PASSED] - slurper = new groovy.json.JsonSlurper(): null

2022-11-22 16:39:35 - [TEST_STEP][PASSED] - result = slurper.parseText(req_data.getResponseBodyContent()): null

2022-11-22 16:39:35 - [TEST_STEP][PASSED] - reqid_kons = requestid1: null

2022-11-22 16:39:35 - [TEST_STEP][PASSED] - reqid_spouse = requestid2: null

2022-11-22 16:39:35 - [TEST_STEP][PASSED] - println("requestid kons : " + reqid_kons): null

2022-11-22 16:39:35 - [TEST_STEP][PASSED] - response_searchME_kons = reqid_kons: null

2022-11-22 16:39:35 - [TEST_STEP][PASSED] - response_searchME_spouse = reqid_spouse: null

2022-11-22 16:39:35 - [TEST_STEP][PASSED] - println("kons req id is :" + response_searchME_kons): null

2022-11-22 16:39:35 - [TEST_STEP][PASSED] - println("spouse req id is : " + response_searchME_spouse): null

2022-11-22 16:39:35 - [TEST_STEP][PASSED] - verifyResponseStatusCode(req_data, 200): Verify response status code successfully

2022-11-22 16:39:35 - [MESSAGE][PASSED] - Verify response status code successfully

2022-11-22 16:39:35 - [TEST_STEP][PASSED] - response = req_data.getResponseText(): null

2022-11-22 16:39:35 - [TEST_STEP][PASSED] - logInfo($response): {"status":"Done","data":{"requestid1":"242336","requestid2":""}}

2022-11-22 16:39:35 - [MESSAGE][INFO] - {"status":"Done","data":{"requestid1":"242336","requestid2":""}}

2022-11-22 16:39:35 - [TEST_STEP][PASSED] - delay(3): Delayed 3 second(s)

2022-11-22 16:39:38 - [MESSAGE][PASSED] - Delayed 3 second(s)

2022-11-22 16:39:38 - [TEST_STEP][PASSED] - scoring = sendRequest(findTestObject("EngineScore", ["response_searchME_kons":response_searchME_kons, "response_searchME_spouse":response_searchME_spouse])): Send request successfully

2022-11-22 16:39:38 - [MESSAGE][INFO] - HAR: D:\DMS\Engine Scoring\Reports\20221122_162012\Exclude KKB - DS\Scoring Individu - KKB\20221122_162012\requests\main\425.har

2022-11-22 16:39:38 - [MESSAGE][PASSED] - Send request successfully

2022-11-22 16:39:38 - [TEST_STEP][PASSED] - verifyResponseStatusCode(scoring, 200): Verify response status code successfully

2022-11-22 16:39:38 - [MESSAGE][PASSED] - Verify response status code successfully

2022-11-22 16:39:38 - [TEST_STEP][PASSED] - response2 = scoring.getResponseText(): null

2022-11-22 16:39:38 - [TEST_STEP][PASSED] - markPassed("result service data ke : " + no): result service data ke : 213

2022-11-22 16:39:38 - [MESSAGE][PASSED] - result service data ke : 213

2022-11-22 16:39:38 - [TEST_STEP][PASSED] - logInfo($response2): {"result_konsumen":"Reject","result_pasangan":"","Final_result":"Reject","errorMessage":"","status":"Done"}

2022-11-22 16:39:38 - [MESSAGE][INFO] - {"result_konsumen":"Reject","result_pasangan":"","Final_result":"Reject","errorMessage":"","status":"Done"}

2022-11-22 16:39:38 - [TEST_STEP][PASSED] - verifyElementPropertyValue(scoring, "Final_result", final_result): Verify element property value successfully

2022-11-22 16:39:38 - [MESSAGE][PASSED] - Verify element property value successfully]]></system-out>
         <system-err><![CDATA[]]></system-err>
      </testcase>
      <testcase name="Test Cases/Engine_Scoring/Engine Scoring" time="5.805" classname="Test Cases/Engine_Scoring/Engine Scoring" status="PASSED">
         <system-out><![CDATA[2022-11-22 16:39:38 - [TEST_CASE][PASSED] - Test Cases/Engine_Scoring/Engine Scoring: Test Cases/Engine_Scoring/Engine Scoring

2022-11-22 16:39:39 - [TEST_STEP][PASSED] - markPassed("Variasi data ke : " + no): Variasi data ke : 214

2022-11-22 16:39:39 - [MESSAGE][PASSED] - Variasi data ke : 214

2022-11-22 16:39:39 - [TEST_STEP][PASSED] - req_data = sendRequest(findTestObject("Search_ME", ["MID":MID, "source":source, "ip":ip, "userid":userid, "branch":branch, "tipekons":tipekons, "marital":marital, "penjamin":penjamin, ... ])): Send request successfully

2022-11-22 16:39:41 - [MESSAGE][INFO] - HAR: D:\DMS\Engine Scoring\Reports\20221122_162012\Exclude KKB - DS\Scoring Individu - KKB\20221122_162012\requests\main\426.har

2022-11-22 16:39:41 - [MESSAGE][PASSED] - Send request successfully

2022-11-22 16:39:41 - [TEST_STEP][PASSED] - slurper = new groovy.json.JsonSlurper(): null

2022-11-22 16:39:41 - [TEST_STEP][PASSED] - result = slurper.parseText(req_data.getResponseBodyContent()): null

2022-11-22 16:39:41 - [TEST_STEP][PASSED] - reqid_kons = requestid1: null

2022-11-22 16:39:41 - [TEST_STEP][PASSED] - reqid_spouse = requestid2: null

2022-11-22 16:39:41 - [TEST_STEP][PASSED] - println("requestid kons : " + reqid_kons): null

2022-11-22 16:39:41 - [TEST_STEP][PASSED] - response_searchME_kons = reqid_kons: null

2022-11-22 16:39:41 - [TEST_STEP][PASSED] - response_searchME_spouse = reqid_spouse: null

2022-11-22 16:39:41 - [TEST_STEP][PASSED] - println("kons req id is :" + response_searchME_kons): null

2022-11-22 16:39:41 - [TEST_STEP][PASSED] - println("spouse req id is : " + response_searchME_spouse): null

2022-11-22 16:39:41 - [TEST_STEP][PASSED] - verifyResponseStatusCode(req_data, 200): Verify response status code successfully

2022-11-22 16:39:41 - [MESSAGE][PASSED] - Verify response status code successfully

2022-11-22 16:39:41 - [TEST_STEP][PASSED] - response = req_data.getResponseText(): null

2022-11-22 16:39:41 - [TEST_STEP][PASSED] - logInfo($response): {"status":"Done","data":{"requestid1":"242337","requestid2":""}}

2022-11-22 16:39:41 - [MESSAGE][INFO] - {"status":"Done","data":{"requestid1":"242337","requestid2":""}}

2022-11-22 16:39:41 - [TEST_STEP][PASSED] - delay(3): Delayed 3 second(s)

2022-11-22 16:39:44 - [MESSAGE][PASSED] - Delayed 3 second(s)

2022-11-22 16:39:44 - [TEST_STEP][PASSED] - scoring = sendRequest(findTestObject("EngineScore", ["response_searchME_kons":response_searchME_kons, "response_searchME_spouse":response_searchME_spouse])): Send request successfully

2022-11-22 16:39:44 - [MESSAGE][INFO] - HAR: D:\DMS\Engine Scoring\Reports\20221122_162012\Exclude KKB - DS\Scoring Individu - KKB\20221122_162012\requests\main\427.har

2022-11-22 16:39:44 - [MESSAGE][PASSED] - Send request successfully

2022-11-22 16:39:44 - [TEST_STEP][PASSED] - verifyResponseStatusCode(scoring, 200): Verify response status code successfully

2022-11-22 16:39:44 - [MESSAGE][PASSED] - Verify response status code successfully

2022-11-22 16:39:44 - [TEST_STEP][PASSED] - response2 = scoring.getResponseText(): null

2022-11-22 16:39:44 - [TEST_STEP][PASSED] - markPassed("result service data ke : " + no): result service data ke : 214

2022-11-22 16:39:44 - [MESSAGE][PASSED] - result service data ke : 214

2022-11-22 16:39:44 - [TEST_STEP][PASSED] - logInfo($response2): {"result_konsumen":"Reject","result_pasangan":"","Final_result":"Reject","errorMessage":"","status":"Done"}

2022-11-22 16:39:44 - [MESSAGE][INFO] - {"result_konsumen":"Reject","result_pasangan":"","Final_result":"Reject","errorMessage":"","status":"Done"}

2022-11-22 16:39:44 - [TEST_STEP][PASSED] - verifyElementPropertyValue(scoring, "Final_result", final_result): Verify element property value successfully

2022-11-22 16:39:44 - [MESSAGE][PASSED] - Verify element property value successfully]]></system-out>
         <system-err><![CDATA[]]></system-err>
      </testcase>
      <testcase name="Test Cases/Engine_Scoring/Engine Scoring" time="5.934" classname="Test Cases/Engine_Scoring/Engine Scoring" status="PASSED">
         <system-out><![CDATA[2022-11-22 16:39:44 - [TEST_CASE][PASSED] - Test Cases/Engine_Scoring/Engine Scoring: Test Cases/Engine_Scoring/Engine Scoring

2022-11-22 16:39:45 - [TEST_STEP][PASSED] - markPassed("Variasi data ke : " + no): Variasi data ke : 215

2022-11-22 16:39:45 - [MESSAGE][PASSED] - Variasi data ke : 215

2022-11-22 16:39:45 - [TEST_STEP][PASSED] - req_data = sendRequest(findTestObject("Search_ME", ["MID":MID, "source":source, "ip":ip, "userid":userid, "branch":branch, "tipekons":tipekons, "marital":marital, "penjamin":penjamin, ... ])): Send request successfully

2022-11-22 16:39:47 - [MESSAGE][INFO] - HAR: D:\DMS\Engine Scoring\Reports\20221122_162012\Exclude KKB - DS\Scoring Individu - KKB\20221122_162012\requests\main\428.har

2022-11-22 16:39:47 - [MESSAGE][PASSED] - Send request successfully

2022-11-22 16:39:47 - [TEST_STEP][PASSED] - slurper = new groovy.json.JsonSlurper(): null

2022-11-22 16:39:47 - [TEST_STEP][PASSED] - result = slurper.parseText(req_data.getResponseBodyContent()): null

2022-11-22 16:39:47 - [TEST_STEP][PASSED] - reqid_kons = requestid1: null

2022-11-22 16:39:47 - [TEST_STEP][PASSED] - reqid_spouse = requestid2: null

2022-11-22 16:39:47 - [TEST_STEP][PASSED] - println("requestid kons : " + reqid_kons): null

2022-11-22 16:39:47 - [TEST_STEP][PASSED] - response_searchME_kons = reqid_kons: null

2022-11-22 16:39:47 - [TEST_STEP][PASSED] - response_searchME_spouse = reqid_spouse: null

2022-11-22 16:39:47 - [TEST_STEP][PASSED] - println("kons req id is :" + response_searchME_kons): null

2022-11-22 16:39:47 - [TEST_STEP][PASSED] - println("spouse req id is : " + response_searchME_spouse): null

2022-11-22 16:39:47 - [TEST_STEP][PASSED] - verifyResponseStatusCode(req_data, 200): Verify response status code successfully

2022-11-22 16:39:47 - [MESSAGE][PASSED] - Verify response status code successfully

2022-11-22 16:39:47 - [TEST_STEP][PASSED] - response = req_data.getResponseText(): null

2022-11-22 16:39:47 - [TEST_STEP][PASSED] - logInfo($response): {"status":"Done","data":{"requestid1":"242338","requestid2":""}}

2022-11-22 16:39:47 - [MESSAGE][INFO] - {"status":"Done","data":{"requestid1":"242338","requestid2":""}}

2022-11-22 16:39:47 - [TEST_STEP][PASSED] - delay(3): Delayed 3 second(s)

2022-11-22 16:39:50 - [MESSAGE][PASSED] - Delayed 3 second(s)

2022-11-22 16:39:50 - [TEST_STEP][PASSED] - scoring = sendRequest(findTestObject("EngineScore", ["response_searchME_kons":response_searchME_kons, "response_searchME_spouse":response_searchME_spouse])): Send request successfully

2022-11-22 16:39:50 - [MESSAGE][INFO] - HAR: D:\DMS\Engine Scoring\Reports\20221122_162012\Exclude KKB - DS\Scoring Individu - KKB\20221122_162012\requests\main\429.har

2022-11-22 16:39:50 - [MESSAGE][PASSED] - Send request successfully

2022-11-22 16:39:50 - [TEST_STEP][PASSED] - verifyResponseStatusCode(scoring, 200): Verify response status code successfully

2022-11-22 16:39:50 - [MESSAGE][PASSED] - Verify response status code successfully

2022-11-22 16:39:50 - [TEST_STEP][PASSED] - response2 = scoring.getResponseText(): null

2022-11-22 16:39:50 - [TEST_STEP][PASSED] - markPassed("result service data ke : " + no): result service data ke : 215

2022-11-22 16:39:50 - [MESSAGE][PASSED] - result service data ke : 215

2022-11-22 16:39:50 - [TEST_STEP][PASSED] - logInfo($response2): {"result_konsumen":"Reject","result_pasangan":"","Final_result":"Reject","errorMessage":"","status":"Done"}

2022-11-22 16:39:50 - [MESSAGE][INFO] - {"result_konsumen":"Reject","result_pasangan":"","Final_result":"Reject","errorMessage":"","status":"Done"}

2022-11-22 16:39:50 - [TEST_STEP][PASSED] - verifyElementPropertyValue(scoring, "Final_result", final_result): Verify element property value successfully

2022-11-22 16:39:50 - [MESSAGE][PASSED] - Verify element property value successfully]]></system-out>
         <system-err><![CDATA[]]></system-err>
      </testcase>
      <testcase name="Test Cases/Engine_Scoring/Engine Scoring" time="6.039" classname="Test Cases/Engine_Scoring/Engine Scoring" status="PASSED">
         <system-out><![CDATA[2022-11-22 16:39:50 - [TEST_CASE][PASSED] - Test Cases/Engine_Scoring/Engine Scoring: Test Cases/Engine_Scoring/Engine Scoring

2022-11-22 16:39:52 - [TEST_STEP][PASSED] - markPassed("Variasi data ke : " + no): Variasi data ke : 216

2022-11-22 16:39:52 - [MESSAGE][PASSED] - Variasi data ke : 216

2022-11-22 16:39:52 - [TEST_STEP][PASSED] - req_data = sendRequest(findTestObject("Search_ME", ["MID":MID, "source":source, "ip":ip, "userid":userid, "branch":branch, "tipekons":tipekons, "marital":marital, "penjamin":penjamin, ... ])): Send request successfully

2022-11-22 16:39:53 - [MESSAGE][INFO] - HAR: D:\DMS\Engine Scoring\Reports\20221122_162012\Exclude KKB - DS\Scoring Individu - KKB\20221122_162012\requests\main\430.har

2022-11-22 16:39:53 - [MESSAGE][PASSED] - Send request successfully

2022-11-22 16:39:53 - [TEST_STEP][PASSED] - slurper = new groovy.json.JsonSlurper(): null

2022-11-22 16:39:53 - [TEST_STEP][PASSED] - result = slurper.parseText(req_data.getResponseBodyContent()): null

2022-11-22 16:39:53 - [TEST_STEP][PASSED] - reqid_kons = requestid1: null

2022-11-22 16:39:53 - [TEST_STEP][PASSED] - reqid_spouse = requestid2: null

2022-11-22 16:39:53 - [TEST_STEP][PASSED] - println("requestid kons : " + reqid_kons): null

2022-11-22 16:39:53 - [TEST_STEP][PASSED] - response_searchME_kons = reqid_kons: null

2022-11-22 16:39:53 - [TEST_STEP][PASSED] - response_searchME_spouse = reqid_spouse: null

2022-11-22 16:39:53 - [TEST_STEP][PASSED] - println("kons req id is :" + response_searchME_kons): null

2022-11-22 16:39:53 - [TEST_STEP][PASSED] - println("spouse req id is : " + response_searchME_spouse): null

2022-11-22 16:39:53 - [TEST_STEP][PASSED] - verifyResponseStatusCode(req_data, 200): Verify response status code successfully

2022-11-22 16:39:53 - [MESSAGE][PASSED] - Verify response status code successfully

2022-11-22 16:39:53 - [TEST_STEP][PASSED] - response = req_data.getResponseText(): null

2022-11-22 16:39:53 - [TEST_STEP][PASSED] - logInfo($response): {"status":"Done","data":{"requestid1":"242339","requestid2":""}}

2022-11-22 16:39:53 - [MESSAGE][INFO] - {"status":"Done","data":{"requestid1":"242339","requestid2":""}}

2022-11-22 16:39:53 - [TEST_STEP][PASSED] - delay(3): Delayed 3 second(s)

2022-11-22 16:39:56 - [MESSAGE][PASSED] - Delayed 3 second(s)

2022-11-22 16:39:56 - [TEST_STEP][PASSED] - scoring = sendRequest(findTestObject("EngineScore", ["response_searchME_kons":response_searchME_kons, "response_searchME_spouse":response_searchME_spouse])): Send request successfully

2022-11-22 16:39:56 - [MESSAGE][INFO] - HAR: D:\DMS\Engine Scoring\Reports\20221122_162012\Exclude KKB - DS\Scoring Individu - KKB\20221122_162012\requests\main\431.har

2022-11-22 16:39:56 - [MESSAGE][PASSED] - Send request successfully

2022-11-22 16:39:56 - [TEST_STEP][PASSED] - verifyResponseStatusCode(scoring, 200): Verify response status code successfully

2022-11-22 16:39:56 - [MESSAGE][PASSED] - Verify response status code successfully

2022-11-22 16:39:56 - [TEST_STEP][PASSED] - response2 = scoring.getResponseText(): null

2022-11-22 16:39:56 - [TEST_STEP][PASSED] - markPassed("result service data ke : " + no): result service data ke : 216

2022-11-22 16:39:56 - [MESSAGE][PASSED] - result service data ke : 216

2022-11-22 16:39:56 - [TEST_STEP][PASSED] - logInfo($response2): {"result_konsumen":"Reject","result_pasangan":"","Final_result":"Reject","errorMessage":"","status":"Done"}

2022-11-22 16:39:56 - [MESSAGE][INFO] - {"result_konsumen":"Reject","result_pasangan":"","Final_result":"Reject","errorMessage":"","status":"Done"}

2022-11-22 16:39:56 - [TEST_STEP][PASSED] - verifyElementPropertyValue(scoring, "Final_result", final_result): Verify element property value successfully

2022-11-22 16:39:56 - [MESSAGE][PASSED] - Verify element property value successfully]]></system-out>
         <system-err><![CDATA[]]></system-err>
      </testcase>
      <testcase name="Test Cases/Engine_Scoring/Engine Scoring" time="5.96" classname="Test Cases/Engine_Scoring/Engine Scoring" status="PASSED">
         <system-out><![CDATA[2022-11-22 16:39:56 - [TEST_CASE][PASSED] - Test Cases/Engine_Scoring/Engine Scoring: Test Cases/Engine_Scoring/Engine Scoring

2022-11-22 16:39:58 - [TEST_STEP][PASSED] - markPassed("Variasi data ke : " + no): Variasi data ke : 217

2022-11-22 16:39:58 - [MESSAGE][PASSED] - Variasi data ke : 217

2022-11-22 16:39:58 - [TEST_STEP][PASSED] - req_data = sendRequest(findTestObject("Search_ME", ["MID":MID, "source":source, "ip":ip, "userid":userid, "branch":branch, "tipekons":tipekons, "marital":marital, "penjamin":penjamin, ... ])): Send request successfully

2022-11-22 16:39:59 - [MESSAGE][INFO] - HAR: D:\DMS\Engine Scoring\Reports\20221122_162012\Exclude KKB - DS\Scoring Individu - KKB\20221122_162012\requests\main\432.har

2022-11-22 16:39:59 - [MESSAGE][PASSED] - Send request successfully

2022-11-22 16:39:59 - [TEST_STEP][PASSED] - slurper = new groovy.json.JsonSlurper(): null

2022-11-22 16:39:59 - [TEST_STEP][PASSED] - result = slurper.parseText(req_data.getResponseBodyContent()): null

2022-11-22 16:39:59 - [TEST_STEP][PASSED] - reqid_kons = requestid1: null

2022-11-22 16:39:59 - [TEST_STEP][PASSED] - reqid_spouse = requestid2: null

2022-11-22 16:39:59 - [TEST_STEP][PASSED] - println("requestid kons : " + reqid_kons): null

2022-11-22 16:39:59 - [TEST_STEP][PASSED] - response_searchME_kons = reqid_kons: null

2022-11-22 16:39:59 - [TEST_STEP][PASSED] - response_searchME_spouse = reqid_spouse: null

2022-11-22 16:39:59 - [TEST_STEP][PASSED] - println("kons req id is :" + response_searchME_kons): null

2022-11-22 16:39:59 - [TEST_STEP][PASSED] - println("spouse req id is : " + response_searchME_spouse): null

2022-11-22 16:39:59 - [TEST_STEP][PASSED] - verifyResponseStatusCode(req_data, 200): Verify response status code successfully

2022-11-22 16:39:59 - [MESSAGE][PASSED] - Verify response status code successfully

2022-11-22 16:39:59 - [TEST_STEP][PASSED] - response = req_data.getResponseText(): null

2022-11-22 16:39:59 - [TEST_STEP][PASSED] - logInfo($response): {"status":"Done","data":{"requestid1":"242340","requestid2":""}}

2022-11-22 16:39:59 - [MESSAGE][INFO] - {"status":"Done","data":{"requestid1":"242340","requestid2":""}}

2022-11-22 16:39:59 - [TEST_STEP][PASSED] - delay(3): Delayed 3 second(s)

2022-11-22 16:40:02 - [MESSAGE][PASSED] - Delayed 3 second(s)

2022-11-22 16:40:02 - [TEST_STEP][PASSED] - scoring = sendRequest(findTestObject("EngineScore", ["response_searchME_kons":response_searchME_kons, "response_searchME_spouse":response_searchME_spouse])): Send request successfully

2022-11-22 16:40:02 - [MESSAGE][INFO] - HAR: D:\DMS\Engine Scoring\Reports\20221122_162012\Exclude KKB - DS\Scoring Individu - KKB\20221122_162012\requests\main\433.har

2022-11-22 16:40:02 - [MESSAGE][PASSED] - Send request successfully

2022-11-22 16:40:02 - [TEST_STEP][PASSED] - verifyResponseStatusCode(scoring, 200): Verify response status code successfully

2022-11-22 16:40:02 - [MESSAGE][PASSED] - Verify response status code successfully

2022-11-22 16:40:02 - [TEST_STEP][PASSED] - response2 = scoring.getResponseText(): null

2022-11-22 16:40:02 - [TEST_STEP][PASSED] - markPassed("result service data ke : " + no): result service data ke : 217

2022-11-22 16:40:02 - [MESSAGE][PASSED] - result service data ke : 217

2022-11-22 16:40:02 - [TEST_STEP][PASSED] - logInfo($response2): {"result_konsumen":"Reject","result_pasangan":"","Final_result":"Reject","errorMessage":"","status":"Done"}

2022-11-22 16:40:02 - [MESSAGE][INFO] - {"result_konsumen":"Reject","result_pasangan":"","Final_result":"Reject","errorMessage":"","status":"Done"}

2022-11-22 16:40:02 - [TEST_STEP][PASSED] - verifyElementPropertyValue(scoring, "Final_result", final_result): Verify element property value successfully

2022-11-22 16:40:02 - [MESSAGE][PASSED] - Verify element property value successfully]]></system-out>
         <system-err><![CDATA[]]></system-err>
      </testcase>
      <testcase name="Test Cases/Engine_Scoring/Engine Scoring" time="6.03" classname="Test Cases/Engine_Scoring/Engine Scoring" status="PASSED">
         <system-out><![CDATA[2022-11-22 16:40:02 - [TEST_CASE][PASSED] - Test Cases/Engine_Scoring/Engine Scoring: Test Cases/Engine_Scoring/Engine Scoring

2022-11-22 16:40:04 - [TEST_STEP][PASSED] - markPassed("Variasi data ke : " + no): Variasi data ke : 218

2022-11-22 16:40:04 - [MESSAGE][PASSED] - Variasi data ke : 218

2022-11-22 16:40:04 - [TEST_STEP][PASSED] - req_data = sendRequest(findTestObject("Search_ME", ["MID":MID, "source":source, "ip":ip, "userid":userid, "branch":branch, "tipekons":tipekons, "marital":marital, "penjamin":penjamin, ... ])): Send request successfully

2022-11-22 16:40:05 - [MESSAGE][INFO] - HAR: D:\DMS\Engine Scoring\Reports\20221122_162012\Exclude KKB - DS\Scoring Individu - KKB\20221122_162012\requests\main\434.har

2022-11-22 16:40:05 - [MESSAGE][PASSED] - Send request successfully

2022-11-22 16:40:05 - [TEST_STEP][PASSED] - slurper = new groovy.json.JsonSlurper(): null

2022-11-22 16:40:05 - [TEST_STEP][PASSED] - result = slurper.parseText(req_data.getResponseBodyContent()): null

2022-11-22 16:40:05 - [TEST_STEP][PASSED] - reqid_kons = requestid1: null

2022-11-22 16:40:05 - [TEST_STEP][PASSED] - reqid_spouse = requestid2: null

2022-11-22 16:40:05 - [TEST_STEP][PASSED] - println("requestid kons : " + reqid_kons): null

2022-11-22 16:40:05 - [TEST_STEP][PASSED] - response_searchME_kons = reqid_kons: null

2022-11-22 16:40:05 - [TEST_STEP][PASSED] - response_searchME_spouse = reqid_spouse: null

2022-11-22 16:40:05 - [TEST_STEP][PASSED] - println("kons req id is :" + response_searchME_kons): null

2022-11-22 16:40:05 - [TEST_STEP][PASSED] - println("spouse req id is : " + response_searchME_spouse): null

2022-11-22 16:40:05 - [TEST_STEP][PASSED] - verifyResponseStatusCode(req_data, 200): Verify response status code successfully

2022-11-22 16:40:05 - [MESSAGE][PASSED] - Verify response status code successfully

2022-11-22 16:40:05 - [TEST_STEP][PASSED] - response = req_data.getResponseText(): null

2022-11-22 16:40:05 - [TEST_STEP][PASSED] - logInfo($response): {"status":"Done","data":{"requestid1":"242341","requestid2":""}}

2022-11-22 16:40:05 - [MESSAGE][INFO] - {"status":"Done","data":{"requestid1":"242341","requestid2":""}}

2022-11-22 16:40:05 - [TEST_STEP][PASSED] - delay(3): Delayed 3 second(s)

2022-11-22 16:40:08 - [MESSAGE][PASSED] - Delayed 3 second(s)

2022-11-22 16:40:08 - [TEST_STEP][PASSED] - scoring = sendRequest(findTestObject("EngineScore", ["response_searchME_kons":response_searchME_kons, "response_searchME_spouse":response_searchME_spouse])): Send request successfully

2022-11-22 16:40:08 - [MESSAGE][INFO] - HAR: D:\DMS\Engine Scoring\Reports\20221122_162012\Exclude KKB - DS\Scoring Individu - KKB\20221122_162012\requests\main\435.har

2022-11-22 16:40:08 - [MESSAGE][PASSED] - Send request successfully

2022-11-22 16:40:08 - [TEST_STEP][PASSED] - verifyResponseStatusCode(scoring, 200): Verify response status code successfully

2022-11-22 16:40:08 - [MESSAGE][PASSED] - Verify response status code successfully

2022-11-22 16:40:08 - [TEST_STEP][PASSED] - response2 = scoring.getResponseText(): null

2022-11-22 16:40:08 - [TEST_STEP][PASSED] - markPassed("result service data ke : " + no): result service data ke : 218

2022-11-22 16:40:08 - [MESSAGE][PASSED] - result service data ke : 218

2022-11-22 16:40:08 - [TEST_STEP][PASSED] - logInfo($response2): {"result_konsumen":"Reject","result_pasangan":"","Final_result":"Reject","errorMessage":"","status":"Done"}

2022-11-22 16:40:08 - [MESSAGE][INFO] - {"result_konsumen":"Reject","result_pasangan":"","Final_result":"Reject","errorMessage":"","status":"Done"}

2022-11-22 16:40:08 - [TEST_STEP][PASSED] - verifyElementPropertyValue(scoring, "Final_result", final_result): Verify element property value successfully

2022-11-22 16:40:08 - [MESSAGE][PASSED] - Verify element property value successfully]]></system-out>
         <system-err><![CDATA[]]></system-err>
      </testcase>
      <testcase name="Test Cases/Engine_Scoring/Engine Scoring" time="6.231" classname="Test Cases/Engine_Scoring/Engine Scoring" status="PASSED">
         <system-out><![CDATA[2022-11-22 16:40:08 - [TEST_CASE][PASSED] - Test Cases/Engine_Scoring/Engine Scoring: Test Cases/Engine_Scoring/Engine Scoring

2022-11-22 16:40:10 - [TEST_STEP][PASSED] - markPassed("Variasi data ke : " + no): Variasi data ke : 219

2022-11-22 16:40:10 - [MESSAGE][PASSED] - Variasi data ke : 219

2022-11-22 16:40:10 - [TEST_STEP][PASSED] - req_data = sendRequest(findTestObject("Search_ME", ["MID":MID, "source":source, "ip":ip, "userid":userid, "branch":branch, "tipekons":tipekons, "marital":marital, "penjamin":penjamin, ... ])): Send request successfully

2022-11-22 16:40:11 - [MESSAGE][INFO] - HAR: D:\DMS\Engine Scoring\Reports\20221122_162012\Exclude KKB - DS\Scoring Individu - KKB\20221122_162012\requests\main\436.har

2022-11-22 16:40:11 - [MESSAGE][PASSED] - Send request successfully

2022-11-22 16:40:11 - [TEST_STEP][PASSED] - slurper = new groovy.json.JsonSlurper(): null

2022-11-22 16:40:11 - [TEST_STEP][PASSED] - result = slurper.parseText(req_data.getResponseBodyContent()): null

2022-11-22 16:40:11 - [TEST_STEP][PASSED] - reqid_kons = requestid1: null

2022-11-22 16:40:11 - [TEST_STEP][PASSED] - reqid_spouse = requestid2: null

2022-11-22 16:40:11 - [TEST_STEP][PASSED] - println("requestid kons : " + reqid_kons): null

2022-11-22 16:40:11 - [TEST_STEP][PASSED] - response_searchME_kons = reqid_kons: null

2022-11-22 16:40:11 - [TEST_STEP][PASSED] - response_searchME_spouse = reqid_spouse: null

2022-11-22 16:40:11 - [TEST_STEP][PASSED] - println("kons req id is :" + response_searchME_kons): null

2022-11-22 16:40:11 - [TEST_STEP][PASSED] - println("spouse req id is : " + response_searchME_spouse): null

2022-11-22 16:40:11 - [TEST_STEP][PASSED] - verifyResponseStatusCode(req_data, 200): Verify response status code successfully

2022-11-22 16:40:11 - [MESSAGE][PASSED] - Verify response status code successfully

2022-11-22 16:40:11 - [TEST_STEP][PASSED] - response = req_data.getResponseText(): null

2022-11-22 16:40:11 - [TEST_STEP][PASSED] - logInfo($response): {"status":"Done","data":{"requestid1":"242342","requestid2":""}}

2022-11-22 16:40:11 - [MESSAGE][INFO] - {"status":"Done","data":{"requestid1":"242342","requestid2":""}}

2022-11-22 16:40:11 - [TEST_STEP][PASSED] - delay(3): Delayed 3 second(s)

2022-11-22 16:40:14 - [MESSAGE][PASSED] - Delayed 3 second(s)

2022-11-22 16:40:14 - [TEST_STEP][PASSED] - scoring = sendRequest(findTestObject("EngineScore", ["response_searchME_kons":response_searchME_kons, "response_searchME_spouse":response_searchME_spouse])): Send request successfully

2022-11-22 16:40:14 - [MESSAGE][INFO] - HAR: D:\DMS\Engine Scoring\Reports\20221122_162012\Exclude KKB - DS\Scoring Individu - KKB\20221122_162012\requests\main\437.har

2022-11-22 16:40:14 - [MESSAGE][PASSED] - Send request successfully

2022-11-22 16:40:14 - [TEST_STEP][PASSED] - verifyResponseStatusCode(scoring, 200): Verify response status code successfully

2022-11-22 16:40:14 - [MESSAGE][PASSED] - Verify response status code successfully

2022-11-22 16:40:14 - [TEST_STEP][PASSED] - response2 = scoring.getResponseText(): null

2022-11-22 16:40:14 - [TEST_STEP][PASSED] - markPassed("result service data ke : " + no): result service data ke : 219

2022-11-22 16:40:14 - [MESSAGE][PASSED] - result service data ke : 219

2022-11-22 16:40:14 - [TEST_STEP][PASSED] - logInfo($response2): {"result_konsumen":"Reject","result_pasangan":"","Final_result":"Reject","errorMessage":"","status":"Done"}

2022-11-22 16:40:14 - [MESSAGE][INFO] - {"result_konsumen":"Reject","result_pasangan":"","Final_result":"Reject","errorMessage":"","status":"Done"}

2022-11-22 16:40:14 - [TEST_STEP][PASSED] - verifyElementPropertyValue(scoring, "Final_result", final_result): Verify element property value successfully

2022-11-22 16:40:15 - [MESSAGE][PASSED] - Verify element property value successfully]]></system-out>
         <system-err><![CDATA[]]></system-err>
      </testcase>
      <testcase name="Test Cases/Engine_Scoring/Engine Scoring" time="5.93" classname="Test Cases/Engine_Scoring/Engine Scoring" status="PASSED">
         <system-out><![CDATA[2022-11-22 16:40:15 - [TEST_CASE][PASSED] - Test Cases/Engine_Scoring/Engine Scoring: Test Cases/Engine_Scoring/Engine Scoring

2022-11-22 16:40:16 - [TEST_STEP][PASSED] - markPassed("Variasi data ke : " + no): Variasi data ke : 220

2022-11-22 16:40:16 - [MESSAGE][PASSED] - Variasi data ke : 220

2022-11-22 16:40:16 - [TEST_STEP][PASSED] - req_data = sendRequest(findTestObject("Search_ME", ["MID":MID, "source":source, "ip":ip, "userid":userid, "branch":branch, "tipekons":tipekons, "marital":marital, "penjamin":penjamin, ... ])): Send request successfully

2022-11-22 16:40:17 - [MESSAGE][INFO] - HAR: D:\DMS\Engine Scoring\Reports\20221122_162012\Exclude KKB - DS\Scoring Individu - KKB\20221122_162012\requests\main\438.har

2022-11-22 16:40:17 - [MESSAGE][PASSED] - Send request successfully

2022-11-22 16:40:17 - [TEST_STEP][PASSED] - slurper = new groovy.json.JsonSlurper(): null

2022-11-22 16:40:17 - [TEST_STEP][PASSED] - result = slurper.parseText(req_data.getResponseBodyContent()): null

2022-11-22 16:40:17 - [TEST_STEP][PASSED] - reqid_kons = requestid1: null

2022-11-22 16:40:17 - [TEST_STEP][PASSED] - reqid_spouse = requestid2: null

2022-11-22 16:40:17 - [TEST_STEP][PASSED] - println("requestid kons : " + reqid_kons): null

2022-11-22 16:40:17 - [TEST_STEP][PASSED] - response_searchME_kons = reqid_kons: null

2022-11-22 16:40:17 - [TEST_STEP][PASSED] - response_searchME_spouse = reqid_spouse: null

2022-11-22 16:40:17 - [TEST_STEP][PASSED] - println("kons req id is :" + response_searchME_kons): null

2022-11-22 16:40:17 - [TEST_STEP][PASSED] - println("spouse req id is : " + response_searchME_spouse): null

2022-11-22 16:40:17 - [TEST_STEP][PASSED] - verifyResponseStatusCode(req_data, 200): Verify response status code successfully

2022-11-22 16:40:17 - [MESSAGE][PASSED] - Verify response status code successfully

2022-11-22 16:40:17 - [TEST_STEP][PASSED] - response = req_data.getResponseText(): null

2022-11-22 16:40:17 - [TEST_STEP][PASSED] - logInfo($response): {"status":"Done","data":{"requestid1":"242343","requestid2":""}}

2022-11-22 16:40:17 - [MESSAGE][INFO] - {"status":"Done","data":{"requestid1":"242343","requestid2":""}}

2022-11-22 16:40:17 - [TEST_STEP][PASSED] - delay(3): Delayed 3 second(s)

2022-11-22 16:40:20 - [MESSAGE][PASSED] - Delayed 3 second(s)

2022-11-22 16:40:20 - [TEST_STEP][PASSED] - scoring = sendRequest(findTestObject("EngineScore", ["response_searchME_kons":response_searchME_kons, "response_searchME_spouse":response_searchME_spouse])): Send request successfully

2022-11-22 16:40:20 - [MESSAGE][INFO] - HAR: D:\DMS\Engine Scoring\Reports\20221122_162012\Exclude KKB - DS\Scoring Individu - KKB\20221122_162012\requests\main\439.har

2022-11-22 16:40:20 - [MESSAGE][PASSED] - Send request successfully

2022-11-22 16:40:20 - [TEST_STEP][PASSED] - verifyResponseStatusCode(scoring, 200): Verify response status code successfully

2022-11-22 16:40:20 - [MESSAGE][PASSED] - Verify response status code successfully

2022-11-22 16:40:20 - [TEST_STEP][PASSED] - response2 = scoring.getResponseText(): null

2022-11-22 16:40:20 - [TEST_STEP][PASSED] - markPassed("result service data ke : " + no): result service data ke : 220

2022-11-22 16:40:20 - [MESSAGE][PASSED] - result service data ke : 220

2022-11-22 16:40:20 - [TEST_STEP][PASSED] - logInfo($response2): {"result_konsumen":"Reject","result_pasangan":"","Final_result":"Reject","errorMessage":"","status":"Done"}

2022-11-22 16:40:20 - [MESSAGE][INFO] - {"result_konsumen":"Reject","result_pasangan":"","Final_result":"Reject","errorMessage":"","status":"Done"}

2022-11-22 16:40:20 - [TEST_STEP][PASSED] - verifyElementPropertyValue(scoring, "Final_result", final_result): Verify element property value successfully

2022-11-22 16:40:21 - [MESSAGE][PASSED] - Verify element property value successfully]]></system-out>
         <system-err><![CDATA[]]></system-err>
      </testcase>
      <testcase name="Test Cases/Engine_Scoring/Engine Scoring" time="5.881" classname="Test Cases/Engine_Scoring/Engine Scoring" status="PASSED">
         <system-out><![CDATA[2022-11-22 16:40:21 - [TEST_CASE][PASSED] - Test Cases/Engine_Scoring/Engine Scoring: Test Cases/Engine_Scoring/Engine Scoring

2022-11-22 16:40:22 - [TEST_STEP][PASSED] - markPassed("Variasi data ke : " + no): Variasi data ke : 221

2022-11-22 16:40:22 - [MESSAGE][PASSED] - Variasi data ke : 221

2022-11-22 16:40:22 - [TEST_STEP][PASSED] - req_data = sendRequest(findTestObject("Search_ME", ["MID":MID, "source":source, "ip":ip, "userid":userid, "branch":branch, "tipekons":tipekons, "marital":marital, "penjamin":penjamin, ... ])): Send request successfully

2022-11-22 16:40:23 - [MESSAGE][INFO] - HAR: D:\DMS\Engine Scoring\Reports\20221122_162012\Exclude KKB - DS\Scoring Individu - KKB\20221122_162012\requests\main\440.har

2022-11-22 16:40:23 - [MESSAGE][PASSED] - Send request successfully

2022-11-22 16:40:23 - [TEST_STEP][PASSED] - slurper = new groovy.json.JsonSlurper(): null

2022-11-22 16:40:23 - [TEST_STEP][PASSED] - result = slurper.parseText(req_data.getResponseBodyContent()): null

2022-11-22 16:40:23 - [TEST_STEP][PASSED] - reqid_kons = requestid1: null

2022-11-22 16:40:23 - [TEST_STEP][PASSED] - reqid_spouse = requestid2: null

2022-11-22 16:40:23 - [TEST_STEP][PASSED] - println("requestid kons : " + reqid_kons): null

2022-11-22 16:40:23 - [TEST_STEP][PASSED] - response_searchME_kons = reqid_kons: null

2022-11-22 16:40:23 - [TEST_STEP][PASSED] - response_searchME_spouse = reqid_spouse: null

2022-11-22 16:40:23 - [TEST_STEP][PASSED] - println("kons req id is :" + response_searchME_kons): null

2022-11-22 16:40:23 - [TEST_STEP][PASSED] - println("spouse req id is : " + response_searchME_spouse): null

2022-11-22 16:40:23 - [TEST_STEP][PASSED] - verifyResponseStatusCode(req_data, 200): Verify response status code successfully

2022-11-22 16:40:23 - [MESSAGE][PASSED] - Verify response status code successfully

2022-11-22 16:40:23 - [TEST_STEP][PASSED] - response = req_data.getResponseText(): null

2022-11-22 16:40:23 - [TEST_STEP][PASSED] - logInfo($response): {"status":"Done","data":{"requestid1":"242344","requestid2":""}}

2022-11-22 16:40:23 - [MESSAGE][INFO] - {"status":"Done","data":{"requestid1":"242344","requestid2":""}}

2022-11-22 16:40:23 - [TEST_STEP][PASSED] - delay(3): Delayed 3 second(s)

2022-11-22 16:40:26 - [MESSAGE][PASSED] - Delayed 3 second(s)

2022-11-22 16:40:26 - [TEST_STEP][PASSED] - scoring = sendRequest(findTestObject("EngineScore", ["response_searchME_kons":response_searchME_kons, "response_searchME_spouse":response_searchME_spouse])): Send request successfully

2022-11-22 16:40:26 - [MESSAGE][INFO] - HAR: D:\DMS\Engine Scoring\Reports\20221122_162012\Exclude KKB - DS\Scoring Individu - KKB\20221122_162012\requests\main\441.har

2022-11-22 16:40:26 - [MESSAGE][PASSED] - Send request successfully

2022-11-22 16:40:26 - [TEST_STEP][PASSED] - verifyResponseStatusCode(scoring, 200): Verify response status code successfully

2022-11-22 16:40:26 - [MESSAGE][PASSED] - Verify response status code successfully

2022-11-22 16:40:26 - [TEST_STEP][PASSED] - response2 = scoring.getResponseText(): null

2022-11-22 16:40:26 - [TEST_STEP][PASSED] - markPassed("result service data ke : " + no): result service data ke : 221

2022-11-22 16:40:26 - [MESSAGE][PASSED] - result service data ke : 221

2022-11-22 16:40:26 - [TEST_STEP][PASSED] - logInfo($response2): {"result_konsumen":"Reject","result_pasangan":"","Final_result":"Reject","errorMessage":"","status":"Done"}

2022-11-22 16:40:26 - [MESSAGE][INFO] - {"result_konsumen":"Reject","result_pasangan":"","Final_result":"Reject","errorMessage":"","status":"Done"}

2022-11-22 16:40:26 - [TEST_STEP][PASSED] - verifyElementPropertyValue(scoring, "Final_result", final_result): Verify element property value successfully

2022-11-22 16:40:26 - [MESSAGE][PASSED] - Verify element property value successfully]]></system-out>
         <system-err><![CDATA[]]></system-err>
      </testcase>
      <testcase name="Test Cases/Engine_Scoring/Engine Scoring" time="5.777" classname="Test Cases/Engine_Scoring/Engine Scoring" status="PASSED">
         <system-out><![CDATA[2022-11-22 16:40:27 - [TEST_CASE][PASSED] - Test Cases/Engine_Scoring/Engine Scoring: Test Cases/Engine_Scoring/Engine Scoring

2022-11-22 16:40:28 - [TEST_STEP][PASSED] - markPassed("Variasi data ke : " + no): Variasi data ke : 222

2022-11-22 16:40:28 - [MESSAGE][PASSED] - Variasi data ke : 222

2022-11-22 16:40:28 - [TEST_STEP][PASSED] - req_data = sendRequest(findTestObject("Search_ME", ["MID":MID, "source":source, "ip":ip, "userid":userid, "branch":branch, "tipekons":tipekons, "marital":marital, "penjamin":penjamin, ... ])): Send request successfully

2022-11-22 16:40:29 - [MESSAGE][INFO] - HAR: D:\DMS\Engine Scoring\Reports\20221122_162012\Exclude KKB - DS\Scoring Individu - KKB\20221122_162012\requests\main\442.har

2022-11-22 16:40:29 - [MESSAGE][PASSED] - Send request successfully

2022-11-22 16:40:29 - [TEST_STEP][PASSED] - slurper = new groovy.json.JsonSlurper(): null

2022-11-22 16:40:29 - [TEST_STEP][PASSED] - result = slurper.parseText(req_data.getResponseBodyContent()): null

2022-11-22 16:40:29 - [TEST_STEP][PASSED] - reqid_kons = requestid1: null

2022-11-22 16:40:29 - [TEST_STEP][PASSED] - reqid_spouse = requestid2: null

2022-11-22 16:40:29 - [TEST_STEP][PASSED] - println("requestid kons : " + reqid_kons): null

2022-11-22 16:40:29 - [TEST_STEP][PASSED] - response_searchME_kons = reqid_kons: null

2022-11-22 16:40:29 - [TEST_STEP][PASSED] - response_searchME_spouse = reqid_spouse: null

2022-11-22 16:40:29 - [TEST_STEP][PASSED] - println("kons req id is :" + response_searchME_kons): null

2022-11-22 16:40:29 - [TEST_STEP][PASSED] - println("spouse req id is : " + response_searchME_spouse): null

2022-11-22 16:40:29 - [TEST_STEP][PASSED] - verifyResponseStatusCode(req_data, 200): Verify response status code successfully

2022-11-22 16:40:29 - [MESSAGE][PASSED] - Verify response status code successfully

2022-11-22 16:40:29 - [TEST_STEP][PASSED] - response = req_data.getResponseText(): null

2022-11-22 16:40:29 - [TEST_STEP][PASSED] - logInfo($response): {"status":"Done","data":{"requestid1":"242345","requestid2":""}}

2022-11-22 16:40:29 - [MESSAGE][INFO] - {"status":"Done","data":{"requestid1":"242345","requestid2":""}}

2022-11-22 16:40:29 - [TEST_STEP][PASSED] - delay(3): Delayed 3 second(s)

2022-11-22 16:40:32 - [MESSAGE][PASSED] - Delayed 3 second(s)

2022-11-22 16:40:32 - [TEST_STEP][PASSED] - scoring = sendRequest(findTestObject("EngineScore", ["response_searchME_kons":response_searchME_kons, "response_searchME_spouse":response_searchME_spouse])): Send request successfully

2022-11-22 16:40:32 - [MESSAGE][INFO] - HAR: D:\DMS\Engine Scoring\Reports\20221122_162012\Exclude KKB - DS\Scoring Individu - KKB\20221122_162012\requests\main\443.har

2022-11-22 16:40:32 - [MESSAGE][PASSED] - Send request successfully

2022-11-22 16:40:32 - [TEST_STEP][PASSED] - verifyResponseStatusCode(scoring, 200): Verify response status code successfully

2022-11-22 16:40:32 - [MESSAGE][PASSED] - Verify response status code successfully

2022-11-22 16:40:32 - [TEST_STEP][PASSED] - response2 = scoring.getResponseText(): null

2022-11-22 16:40:32 - [TEST_STEP][PASSED] - markPassed("result service data ke : " + no): result service data ke : 222

2022-11-22 16:40:32 - [MESSAGE][PASSED] - result service data ke : 222

2022-11-22 16:40:32 - [TEST_STEP][PASSED] - logInfo($response2): {"result_konsumen":"Reject","result_pasangan":"","Final_result":"Reject","errorMessage":"","status":"Done"}

2022-11-22 16:40:32 - [MESSAGE][INFO] - {"result_konsumen":"Reject","result_pasangan":"","Final_result":"Reject","errorMessage":"","status":"Done"}

2022-11-22 16:40:32 - [TEST_STEP][PASSED] - verifyElementPropertyValue(scoring, "Final_result", final_result): Verify element property value successfully

2022-11-22 16:40:32 - [MESSAGE][PASSED] - Verify element property value successfully]]></system-out>
         <system-err><![CDATA[]]></system-err>
      </testcase>
      <testcase name="Test Cases/Engine_Scoring/Engine Scoring" time="5.966" classname="Test Cases/Engine_Scoring/Engine Scoring" status="PASSED">
         <system-out><![CDATA[2022-11-22 16:40:32 - [TEST_CASE][PASSED] - Test Cases/Engine_Scoring/Engine Scoring: Test Cases/Engine_Scoring/Engine Scoring

2022-11-22 16:40:34 - [TEST_STEP][PASSED] - markPassed("Variasi data ke : " + no): Variasi data ke : 223

2022-11-22 16:40:34 - [MESSAGE][PASSED] - Variasi data ke : 223

2022-11-22 16:40:34 - [TEST_STEP][PASSED] - req_data = sendRequest(findTestObject("Search_ME", ["MID":MID, "source":source, "ip":ip, "userid":userid, "branch":branch, "tipekons":tipekons, "marital":marital, "penjamin":penjamin, ... ])): Send request successfully

2022-11-22 16:40:35 - [MESSAGE][INFO] - HAR: D:\DMS\Engine Scoring\Reports\20221122_162012\Exclude KKB - DS\Scoring Individu - KKB\20221122_162012\requests\main\444.har

2022-11-22 16:40:35 - [MESSAGE][PASSED] - Send request successfully

2022-11-22 16:40:35 - [TEST_STEP][PASSED] - slurper = new groovy.json.JsonSlurper(): null

2022-11-22 16:40:35 - [TEST_STEP][PASSED] - result = slurper.parseText(req_data.getResponseBodyContent()): null

2022-11-22 16:40:35 - [TEST_STEP][PASSED] - reqid_kons = requestid1: null

2022-11-22 16:40:35 - [TEST_STEP][PASSED] - reqid_spouse = requestid2: null

2022-11-22 16:40:35 - [TEST_STEP][PASSED] - println("requestid kons : " + reqid_kons): null

2022-11-22 16:40:35 - [TEST_STEP][PASSED] - response_searchME_kons = reqid_kons: null

2022-11-22 16:40:35 - [TEST_STEP][PASSED] - response_searchME_spouse = reqid_spouse: null

2022-11-22 16:40:35 - [TEST_STEP][PASSED] - println("kons req id is :" + response_searchME_kons): null

2022-11-22 16:40:35 - [TEST_STEP][PASSED] - println("spouse req id is : " + response_searchME_spouse): null

2022-11-22 16:40:35 - [TEST_STEP][PASSED] - verifyResponseStatusCode(req_data, 200): Verify response status code successfully

2022-11-22 16:40:35 - [MESSAGE][PASSED] - Verify response status code successfully

2022-11-22 16:40:35 - [TEST_STEP][PASSED] - response = req_data.getResponseText(): null

2022-11-22 16:40:35 - [TEST_STEP][PASSED] - logInfo($response): {"status":"Done","data":{"requestid1":"242346","requestid2":""}}

2022-11-22 16:40:35 - [MESSAGE][INFO] - {"status":"Done","data":{"requestid1":"242346","requestid2":""}}

2022-11-22 16:40:35 - [TEST_STEP][PASSED] - delay(3): Delayed 3 second(s)

2022-11-22 16:40:38 - [MESSAGE][PASSED] - Delayed 3 second(s)

2022-11-22 16:40:38 - [TEST_STEP][PASSED] - scoring = sendRequest(findTestObject("EngineScore", ["response_searchME_kons":response_searchME_kons, "response_searchME_spouse":response_searchME_spouse])): Send request successfully

2022-11-22 16:40:38 - [MESSAGE][INFO] - HAR: D:\DMS\Engine Scoring\Reports\20221122_162012\Exclude KKB - DS\Scoring Individu - KKB\20221122_162012\requests\main\445.har

2022-11-22 16:40:38 - [MESSAGE][PASSED] - Send request successfully

2022-11-22 16:40:38 - [TEST_STEP][PASSED] - verifyResponseStatusCode(scoring, 200): Verify response status code successfully

2022-11-22 16:40:38 - [MESSAGE][PASSED] - Verify response status code successfully

2022-11-22 16:40:38 - [TEST_STEP][PASSED] - response2 = scoring.getResponseText(): null

2022-11-22 16:40:38 - [TEST_STEP][PASSED] - markPassed("result service data ke : " + no): result service data ke : 223

2022-11-22 16:40:38 - [MESSAGE][PASSED] - result service data ke : 223

2022-11-22 16:40:38 - [TEST_STEP][PASSED] - logInfo($response2): {"result_konsumen":"Reject","result_pasangan":"","Final_result":"Reject","errorMessage":"","status":"Done"}

2022-11-22 16:40:38 - [MESSAGE][INFO] - {"result_konsumen":"Reject","result_pasangan":"","Final_result":"Reject","errorMessage":"","status":"Done"}

2022-11-22 16:40:38 - [TEST_STEP][PASSED] - verifyElementPropertyValue(scoring, "Final_result", final_result): Verify element property value successfully

2022-11-22 16:40:38 - [MESSAGE][PASSED] - Verify element property value successfully]]></system-out>
         <system-err><![CDATA[]]></system-err>
      </testcase>
      <testcase name="Test Cases/Engine_Scoring/Engine Scoring" time="6.221" classname="Test Cases/Engine_Scoring/Engine Scoring" status="PASSED">
         <system-out><![CDATA[2022-11-22 16:40:38 - [TEST_CASE][PASSED] - Test Cases/Engine_Scoring/Engine Scoring: Test Cases/Engine_Scoring/Engine Scoring

2022-11-22 16:40:40 - [TEST_STEP][PASSED] - markPassed("Variasi data ke : " + no): Variasi data ke : 224

2022-11-22 16:40:40 - [MESSAGE][PASSED] - Variasi data ke : 224

2022-11-22 16:40:40 - [TEST_STEP][PASSED] - req_data = sendRequest(findTestObject("Search_ME", ["MID":MID, "source":source, "ip":ip, "userid":userid, "branch":branch, "tipekons":tipekons, "marital":marital, "penjamin":penjamin, ... ])): Send request successfully

2022-11-22 16:40:41 - [MESSAGE][INFO] - HAR: D:\DMS\Engine Scoring\Reports\20221122_162012\Exclude KKB - DS\Scoring Individu - KKB\20221122_162012\requests\main\446.har

2022-11-22 16:40:41 - [MESSAGE][PASSED] - Send request successfully

2022-11-22 16:40:41 - [TEST_STEP][PASSED] - slurper = new groovy.json.JsonSlurper(): null

2022-11-22 16:40:41 - [TEST_STEP][PASSED] - result = slurper.parseText(req_data.getResponseBodyContent()): null

2022-11-22 16:40:41 - [TEST_STEP][PASSED] - reqid_kons = requestid1: null

2022-11-22 16:40:41 - [TEST_STEP][PASSED] - reqid_spouse = requestid2: null

2022-11-22 16:40:41 - [TEST_STEP][PASSED] - println("requestid kons : " + reqid_kons): null

2022-11-22 16:40:41 - [TEST_STEP][PASSED] - response_searchME_kons = reqid_kons: null

2022-11-22 16:40:41 - [TEST_STEP][PASSED] - response_searchME_spouse = reqid_spouse: null

2022-11-22 16:40:41 - [TEST_STEP][PASSED] - println("kons req id is :" + response_searchME_kons): null

2022-11-22 16:40:41 - [TEST_STEP][PASSED] - println("spouse req id is : " + response_searchME_spouse): null

2022-11-22 16:40:41 - [TEST_STEP][PASSED] - verifyResponseStatusCode(req_data, 200): Verify response status code successfully

2022-11-22 16:40:41 - [MESSAGE][PASSED] - Verify response status code successfully

2022-11-22 16:40:41 - [TEST_STEP][PASSED] - response = req_data.getResponseText(): null

2022-11-22 16:40:41 - [TEST_STEP][PASSED] - logInfo($response): {"status":"Done","data":{"requestid1":"242347","requestid2":""}}

2022-11-22 16:40:41 - [MESSAGE][INFO] - {"status":"Done","data":{"requestid1":"242347","requestid2":""}}

2022-11-22 16:40:41 - [TEST_STEP][PASSED] - delay(3): Delayed 3 second(s)

2022-11-22 16:40:45 - [MESSAGE][PASSED] - Delayed 3 second(s)

2022-11-22 16:40:45 - [TEST_STEP][PASSED] - scoring = sendRequest(findTestObject("EngineScore", ["response_searchME_kons":response_searchME_kons, "response_searchME_spouse":response_searchME_spouse])): Send request successfully

2022-11-22 16:40:45 - [MESSAGE][INFO] - HAR: D:\DMS\Engine Scoring\Reports\20221122_162012\Exclude KKB - DS\Scoring Individu - KKB\20221122_162012\requests\main\447.har

2022-11-22 16:40:45 - [MESSAGE][PASSED] - Send request successfully

2022-11-22 16:40:45 - [TEST_STEP][PASSED] - verifyResponseStatusCode(scoring, 200): Verify response status code successfully

2022-11-22 16:40:45 - [MESSAGE][PASSED] - Verify response status code successfully

2022-11-22 16:40:45 - [TEST_STEP][PASSED] - response2 = scoring.getResponseText(): null

2022-11-22 16:40:45 - [TEST_STEP][PASSED] - markPassed("result service data ke : " + no): result service data ke : 224

2022-11-22 16:40:45 - [MESSAGE][PASSED] - result service data ke : 224

2022-11-22 16:40:45 - [TEST_STEP][PASSED] - logInfo($response2): {"result_konsumen":"Reject","result_pasangan":"","Final_result":"Reject","errorMessage":"","status":"Done"}

2022-11-22 16:40:45 - [MESSAGE][INFO] - {"result_konsumen":"Reject","result_pasangan":"","Final_result":"Reject","errorMessage":"","status":"Done"}

2022-11-22 16:40:45 - [TEST_STEP][PASSED] - verifyElementPropertyValue(scoring, "Final_result", final_result): Verify element property value successfully

2022-11-22 16:40:45 - [MESSAGE][PASSED] - Verify element property value successfully]]></system-out>
         <system-err><![CDATA[]]></system-err>
      </testcase>
      <testcase name="Test Cases/Engine_Scoring/Engine Scoring" time="5.917" classname="Test Cases/Engine_Scoring/Engine Scoring" status="PASSED">
         <system-out><![CDATA[2022-11-22 16:40:45 - [TEST_CASE][PASSED] - Test Cases/Engine_Scoring/Engine Scoring: Test Cases/Engine_Scoring/Engine Scoring

2022-11-22 16:40:46 - [TEST_STEP][PASSED] - markPassed("Variasi data ke : " + no): Variasi data ke : 225

2022-11-22 16:40:46 - [MESSAGE][PASSED] - Variasi data ke : 225

2022-11-22 16:40:46 - [TEST_STEP][PASSED] - req_data = sendRequest(findTestObject("Search_ME", ["MID":MID, "source":source, "ip":ip, "userid":userid, "branch":branch, "tipekons":tipekons, "marital":marital, "penjamin":penjamin, ... ])): Send request successfully

2022-11-22 16:40:47 - [MESSAGE][INFO] - HAR: D:\DMS\Engine Scoring\Reports\20221122_162012\Exclude KKB - DS\Scoring Individu - KKB\20221122_162012\requests\main\448.har

2022-11-22 16:40:47 - [MESSAGE][PASSED] - Send request successfully

2022-11-22 16:40:47 - [TEST_STEP][PASSED] - slurper = new groovy.json.JsonSlurper(): null

2022-11-22 16:40:47 - [TEST_STEP][PASSED] - result = slurper.parseText(req_data.getResponseBodyContent()): null

2022-11-22 16:40:47 - [TEST_STEP][PASSED] - reqid_kons = requestid1: null

2022-11-22 16:40:47 - [TEST_STEP][PASSED] - reqid_spouse = requestid2: null

2022-11-22 16:40:47 - [TEST_STEP][PASSED] - println("requestid kons : " + reqid_kons): null

2022-11-22 16:40:47 - [TEST_STEP][PASSED] - response_searchME_kons = reqid_kons: null

2022-11-22 16:40:47 - [TEST_STEP][PASSED] - response_searchME_spouse = reqid_spouse: null

2022-11-22 16:40:47 - [TEST_STEP][PASSED] - println("kons req id is :" + response_searchME_kons): null

2022-11-22 16:40:47 - [TEST_STEP][PASSED] - println("spouse req id is : " + response_searchME_spouse): null

2022-11-22 16:40:47 - [TEST_STEP][PASSED] - verifyResponseStatusCode(req_data, 200): Verify response status code successfully

2022-11-22 16:40:47 - [MESSAGE][PASSED] - Verify response status code successfully

2022-11-22 16:40:47 - [TEST_STEP][PASSED] - response = req_data.getResponseText(): null

2022-11-22 16:40:47 - [TEST_STEP][PASSED] - logInfo($response): {"status":"Done","data":{"requestid1":"242348","requestid2":""}}

2022-11-22 16:40:47 - [MESSAGE][INFO] - {"status":"Done","data":{"requestid1":"242348","requestid2":""}}

2022-11-22 16:40:47 - [TEST_STEP][PASSED] - delay(3): Delayed 3 second(s)

2022-11-22 16:40:50 - [MESSAGE][PASSED] - Delayed 3 second(s)

2022-11-22 16:40:50 - [TEST_STEP][PASSED] - scoring = sendRequest(findTestObject("EngineScore", ["response_searchME_kons":response_searchME_kons, "response_searchME_spouse":response_searchME_spouse])): Send request successfully

2022-11-22 16:40:51 - [MESSAGE][INFO] - HAR: D:\DMS\Engine Scoring\Reports\20221122_162012\Exclude KKB - DS\Scoring Individu - KKB\20221122_162012\requests\main\449.har

2022-11-22 16:40:51 - [MESSAGE][PASSED] - Send request successfully

2022-11-22 16:40:51 - [TEST_STEP][PASSED] - verifyResponseStatusCode(scoring, 200): Verify response status code successfully

2022-11-22 16:40:51 - [MESSAGE][PASSED] - Verify response status code successfully

2022-11-22 16:40:51 - [TEST_STEP][PASSED] - response2 = scoring.getResponseText(): null

2022-11-22 16:40:51 - [TEST_STEP][PASSED] - markPassed("result service data ke : " + no): result service data ke : 225

2022-11-22 16:40:51 - [MESSAGE][PASSED] - result service data ke : 225

2022-11-22 16:40:51 - [TEST_STEP][PASSED] - logInfo($response2): {"result_konsumen":"Reject","result_pasangan":"","Final_result":"Reject","errorMessage":"","status":"Done"}

2022-11-22 16:40:51 - [MESSAGE][INFO] - {"result_konsumen":"Reject","result_pasangan":"","Final_result":"Reject","errorMessage":"","status":"Done"}

2022-11-22 16:40:51 - [TEST_STEP][PASSED] - verifyElementPropertyValue(scoring, "Final_result", final_result): Verify element property value successfully

2022-11-22 16:40:51 - [MESSAGE][PASSED] - Verify element property value successfully]]></system-out>
         <system-err><![CDATA[]]></system-err>
      </testcase>
      <testcase name="Test Cases/Engine_Scoring/Engine Scoring" time="5.917" classname="Test Cases/Engine_Scoring/Engine Scoring" status="PASSED">
         <system-out><![CDATA[2022-11-22 16:40:51 - [TEST_CASE][PASSED] - Test Cases/Engine_Scoring/Engine Scoring: Test Cases/Engine_Scoring/Engine Scoring

2022-11-22 16:40:52 - [TEST_STEP][PASSED] - markPassed("Variasi data ke : " + no): Variasi data ke : 226

2022-11-22 16:40:52 - [MESSAGE][PASSED] - Variasi data ke : 226

2022-11-22 16:40:52 - [TEST_STEP][PASSED] - req_data = sendRequest(findTestObject("Search_ME", ["MID":MID, "source":source, "ip":ip, "userid":userid, "branch":branch, "tipekons":tipekons, "marital":marital, "penjamin":penjamin, ... ])): Send request successfully

2022-11-22 16:40:53 - [MESSAGE][INFO] - HAR: D:\DMS\Engine Scoring\Reports\20221122_162012\Exclude KKB - DS\Scoring Individu - KKB\20221122_162012\requests\main\450.har

2022-11-22 16:40:53 - [MESSAGE][PASSED] - Send request successfully

2022-11-22 16:40:53 - [TEST_STEP][PASSED] - slurper = new groovy.json.JsonSlurper(): null

2022-11-22 16:40:53 - [TEST_STEP][PASSED] - result = slurper.parseText(req_data.getResponseBodyContent()): null

2022-11-22 16:40:53 - [TEST_STEP][PASSED] - reqid_kons = requestid1: null

2022-11-22 16:40:53 - [TEST_STEP][PASSED] - reqid_spouse = requestid2: null

2022-11-22 16:40:53 - [TEST_STEP][PASSED] - println("requestid kons : " + reqid_kons): null

2022-11-22 16:40:53 - [TEST_STEP][PASSED] - response_searchME_kons = reqid_kons: null

2022-11-22 16:40:53 - [TEST_STEP][PASSED] - response_searchME_spouse = reqid_spouse: null

2022-11-22 16:40:53 - [TEST_STEP][PASSED] - println("kons req id is :" + response_searchME_kons): null

2022-11-22 16:40:53 - [TEST_STEP][PASSED] - println("spouse req id is : " + response_searchME_spouse): null

2022-11-22 16:40:53 - [TEST_STEP][PASSED] - verifyResponseStatusCode(req_data, 200): Verify response status code successfully

2022-11-22 16:40:53 - [MESSAGE][PASSED] - Verify response status code successfully

2022-11-22 16:40:53 - [TEST_STEP][PASSED] - response = req_data.getResponseText(): null

2022-11-22 16:40:53 - [TEST_STEP][PASSED] - logInfo($response): {"status":"Done","data":{"requestid1":"242349","requestid2":""}}

2022-11-22 16:40:53 - [MESSAGE][INFO] - {"status":"Done","data":{"requestid1":"242349","requestid2":""}}

2022-11-22 16:40:53 - [TEST_STEP][PASSED] - delay(3): Delayed 3 second(s)

2022-11-22 16:40:56 - [MESSAGE][PASSED] - Delayed 3 second(s)

2022-11-22 16:40:56 - [TEST_STEP][PASSED] - scoring = sendRequest(findTestObject("EngineScore", ["response_searchME_kons":response_searchME_kons, "response_searchME_spouse":response_searchME_spouse])): Send request successfully

2022-11-22 16:40:57 - [MESSAGE][INFO] - HAR: D:\DMS\Engine Scoring\Reports\20221122_162012\Exclude KKB - DS\Scoring Individu - KKB\20221122_162012\requests\main\451.har

2022-11-22 16:40:57 - [MESSAGE][PASSED] - Send request successfully

2022-11-22 16:40:57 - [TEST_STEP][PASSED] - verifyResponseStatusCode(scoring, 200): Verify response status code successfully

2022-11-22 16:40:57 - [MESSAGE][PASSED] - Verify response status code successfully

2022-11-22 16:40:57 - [TEST_STEP][PASSED] - response2 = scoring.getResponseText(): null

2022-11-22 16:40:57 - [TEST_STEP][PASSED] - markPassed("result service data ke : " + no): result service data ke : 226

2022-11-22 16:40:57 - [MESSAGE][PASSED] - result service data ke : 226

2022-11-22 16:40:57 - [TEST_STEP][PASSED] - logInfo($response2): {"result_konsumen":"Reject","result_pasangan":"","Final_result":"Reject","errorMessage":"","status":"Done"}

2022-11-22 16:40:57 - [MESSAGE][INFO] - {"result_konsumen":"Reject","result_pasangan":"","Final_result":"Reject","errorMessage":"","status":"Done"}

2022-11-22 16:40:57 - [TEST_STEP][PASSED] - verifyElementPropertyValue(scoring, "Final_result", final_result): Verify element property value successfully

2022-11-22 16:40:57 - [MESSAGE][PASSED] - Verify element property value successfully]]></system-out>
         <system-err><![CDATA[]]></system-err>
      </testcase>
      <testcase name="Test Cases/Engine_Scoring/Engine Scoring" time="5.874" classname="Test Cases/Engine_Scoring/Engine Scoring" status="PASSED">
         <system-out><![CDATA[2022-11-22 16:40:57 - [TEST_CASE][PASSED] - Test Cases/Engine_Scoring/Engine Scoring: Test Cases/Engine_Scoring/Engine Scoring

2022-11-22 16:40:58 - [TEST_STEP][PASSED] - markPassed("Variasi data ke : " + no): Variasi data ke : 227

2022-11-22 16:40:58 - [MESSAGE][PASSED] - Variasi data ke : 227

2022-11-22 16:40:58 - [TEST_STEP][PASSED] - req_data = sendRequest(findTestObject("Search_ME", ["MID":MID, "source":source, "ip":ip, "userid":userid, "branch":branch, "tipekons":tipekons, "marital":marital, "penjamin":penjamin, ... ])): Send request successfully

2022-11-22 16:40:59 - [MESSAGE][INFO] - HAR: D:\DMS\Engine Scoring\Reports\20221122_162012\Exclude KKB - DS\Scoring Individu - KKB\20221122_162012\requests\main\452.har

2022-11-22 16:40:59 - [MESSAGE][PASSED] - Send request successfully

2022-11-22 16:40:59 - [TEST_STEP][PASSED] - slurper = new groovy.json.JsonSlurper(): null

2022-11-22 16:40:59 - [TEST_STEP][PASSED] - result = slurper.parseText(req_data.getResponseBodyContent()): null

2022-11-22 16:40:59 - [TEST_STEP][PASSED] - reqid_kons = requestid1: null

2022-11-22 16:40:59 - [TEST_STEP][PASSED] - reqid_spouse = requestid2: null

2022-11-22 16:40:59 - [TEST_STEP][PASSED] - println("requestid kons : " + reqid_kons): null

2022-11-22 16:40:59 - [TEST_STEP][PASSED] - response_searchME_kons = reqid_kons: null

2022-11-22 16:40:59 - [TEST_STEP][PASSED] - response_searchME_spouse = reqid_spouse: null

2022-11-22 16:40:59 - [TEST_STEP][PASSED] - println("kons req id is :" + response_searchME_kons): null

2022-11-22 16:40:59 - [TEST_STEP][PASSED] - println("spouse req id is : " + response_searchME_spouse): null

2022-11-22 16:40:59 - [TEST_STEP][PASSED] - verifyResponseStatusCode(req_data, 200): Verify response status code successfully

2022-11-22 16:40:59 - [MESSAGE][PASSED] - Verify response status code successfully

2022-11-22 16:40:59 - [TEST_STEP][PASSED] - response = req_data.getResponseText(): null

2022-11-22 16:40:59 - [TEST_STEP][PASSED] - logInfo($response): {"status":"Done","data":{"requestid1":"242350","requestid2":""}}

2022-11-22 16:40:59 - [MESSAGE][INFO] - {"status":"Done","data":{"requestid1":"242350","requestid2":""}}

2022-11-22 16:40:59 - [TEST_STEP][PASSED] - delay(3): Delayed 3 second(s)

2022-11-22 16:41:02 - [MESSAGE][PASSED] - Delayed 3 second(s)

2022-11-22 16:41:02 - [TEST_STEP][PASSED] - scoring = sendRequest(findTestObject("EngineScore", ["response_searchME_kons":response_searchME_kons, "response_searchME_spouse":response_searchME_spouse])): Send request successfully

2022-11-22 16:41:03 - [MESSAGE][INFO] - HAR: D:\DMS\Engine Scoring\Reports\20221122_162012\Exclude KKB - DS\Scoring Individu - KKB\20221122_162012\requests\main\453.har

2022-11-22 16:41:03 - [MESSAGE][PASSED] - Send request successfully

2022-11-22 16:41:03 - [TEST_STEP][PASSED] - verifyResponseStatusCode(scoring, 200): Verify response status code successfully

2022-11-22 16:41:03 - [MESSAGE][PASSED] - Verify response status code successfully

2022-11-22 16:41:03 - [TEST_STEP][PASSED] - response2 = scoring.getResponseText(): null

2022-11-22 16:41:03 - [TEST_STEP][PASSED] - markPassed("result service data ke : " + no): result service data ke : 227

2022-11-22 16:41:03 - [MESSAGE][PASSED] - result service data ke : 227

2022-11-22 16:41:03 - [TEST_STEP][PASSED] - logInfo($response2): {"result_konsumen":"Reject","result_pasangan":"","Final_result":"Reject","errorMessage":"","status":"Done"}

2022-11-22 16:41:03 - [MESSAGE][INFO] - {"result_konsumen":"Reject","result_pasangan":"","Final_result":"Reject","errorMessage":"","status":"Done"}

2022-11-22 16:41:03 - [TEST_STEP][PASSED] - verifyElementPropertyValue(scoring, "Final_result", final_result): Verify element property value successfully

2022-11-22 16:41:03 - [MESSAGE][PASSED] - Verify element property value successfully]]></system-out>
         <system-err><![CDATA[]]></system-err>
      </testcase>
      <testcase name="Test Cases/Engine_Scoring/Engine Scoring" time="5.824" classname="Test Cases/Engine_Scoring/Engine Scoring" status="PASSED">
         <system-out><![CDATA[2022-11-22 16:41:03 - [TEST_CASE][PASSED] - Test Cases/Engine_Scoring/Engine Scoring: Test Cases/Engine_Scoring/Engine Scoring

2022-11-22 16:41:04 - [TEST_STEP][PASSED] - markPassed("Variasi data ke : " + no): Variasi data ke : 228

2022-11-22 16:41:04 - [MESSAGE][PASSED] - Variasi data ke : 228

2022-11-22 16:41:04 - [TEST_STEP][PASSED] - req_data = sendRequest(findTestObject("Search_ME", ["MID":MID, "source":source, "ip":ip, "userid":userid, "branch":branch, "tipekons":tipekons, "marital":marital, "penjamin":penjamin, ... ])): Send request successfully

2022-11-22 16:41:05 - [MESSAGE][INFO] - HAR: D:\DMS\Engine Scoring\Reports\20221122_162012\Exclude KKB - DS\Scoring Individu - KKB\20221122_162012\requests\main\454.har

2022-11-22 16:41:05 - [MESSAGE][PASSED] - Send request successfully

2022-11-22 16:41:05 - [TEST_STEP][PASSED] - slurper = new groovy.json.JsonSlurper(): null

2022-11-22 16:41:05 - [TEST_STEP][PASSED] - result = slurper.parseText(req_data.getResponseBodyContent()): null

2022-11-22 16:41:05 - [TEST_STEP][PASSED] - reqid_kons = requestid1: null

2022-11-22 16:41:05 - [TEST_STEP][PASSED] - reqid_spouse = requestid2: null

2022-11-22 16:41:05 - [TEST_STEP][PASSED] - println("requestid kons : " + reqid_kons): null

2022-11-22 16:41:05 - [TEST_STEP][PASSED] - response_searchME_kons = reqid_kons: null

2022-11-22 16:41:05 - [TEST_STEP][PASSED] - response_searchME_spouse = reqid_spouse: null

2022-11-22 16:41:05 - [TEST_STEP][PASSED] - println("kons req id is :" + response_searchME_kons): null

2022-11-22 16:41:05 - [TEST_STEP][PASSED] - println("spouse req id is : " + response_searchME_spouse): null

2022-11-22 16:41:05 - [TEST_STEP][PASSED] - verifyResponseStatusCode(req_data, 200): Verify response status code successfully

2022-11-22 16:41:05 - [MESSAGE][PASSED] - Verify response status code successfully

2022-11-22 16:41:05 - [TEST_STEP][PASSED] - response = req_data.getResponseText(): null

2022-11-22 16:41:05 - [TEST_STEP][PASSED] - logInfo($response): {"status":"Done","data":{"requestid1":"242351","requestid2":""}}

2022-11-22 16:41:05 - [MESSAGE][INFO] - {"status":"Done","data":{"requestid1":"242351","requestid2":""}}

2022-11-22 16:41:05 - [TEST_STEP][PASSED] - delay(3): Delayed 3 second(s)

2022-11-22 16:41:08 - [MESSAGE][PASSED] - Delayed 3 second(s)

2022-11-22 16:41:08 - [TEST_STEP][PASSED] - scoring = sendRequest(findTestObject("EngineScore", ["response_searchME_kons":response_searchME_kons, "response_searchME_spouse":response_searchME_spouse])): Send request successfully

2022-11-22 16:41:08 - [MESSAGE][INFO] - HAR: D:\DMS\Engine Scoring\Reports\20221122_162012\Exclude KKB - DS\Scoring Individu - KKB\20221122_162012\requests\main\455.har

2022-11-22 16:41:08 - [MESSAGE][PASSED] - Send request successfully

2022-11-22 16:41:08 - [TEST_STEP][PASSED] - verifyResponseStatusCode(scoring, 200): Verify response status code successfully

2022-11-22 16:41:08 - [MESSAGE][PASSED] - Verify response status code successfully

2022-11-22 16:41:08 - [TEST_STEP][PASSED] - response2 = scoring.getResponseText(): null

2022-11-22 16:41:08 - [TEST_STEP][PASSED] - markPassed("result service data ke : " + no): result service data ke : 228

2022-11-22 16:41:08 - [MESSAGE][PASSED] - result service data ke : 228

2022-11-22 16:41:08 - [TEST_STEP][PASSED] - logInfo($response2): {"result_konsumen":"Reject","result_pasangan":"","Final_result":"Reject","errorMessage":"","status":"Done"}

2022-11-22 16:41:08 - [MESSAGE][INFO] - {"result_konsumen":"Reject","result_pasangan":"","Final_result":"Reject","errorMessage":"","status":"Done"}

2022-11-22 16:41:08 - [TEST_STEP][PASSED] - verifyElementPropertyValue(scoring, "Final_result", final_result): Verify element property value successfully

2022-11-22 16:41:08 - [MESSAGE][PASSED] - Verify element property value successfully]]></system-out>
         <system-err><![CDATA[]]></system-err>
      </testcase>
      <testcase name="Test Cases/Engine_Scoring/Engine Scoring" time="5.86" classname="Test Cases/Engine_Scoring/Engine Scoring" status="PASSED">
         <system-out><![CDATA[2022-11-22 16:41:09 - [TEST_CASE][PASSED] - Test Cases/Engine_Scoring/Engine Scoring: Test Cases/Engine_Scoring/Engine Scoring

2022-11-22 16:41:10 - [TEST_STEP][PASSED] - markPassed("Variasi data ke : " + no): Variasi data ke : 229

2022-11-22 16:41:10 - [MESSAGE][PASSED] - Variasi data ke : 229

2022-11-22 16:41:10 - [TEST_STEP][PASSED] - req_data = sendRequest(findTestObject("Search_ME", ["MID":MID, "source":source, "ip":ip, "userid":userid, "branch":branch, "tipekons":tipekons, "marital":marital, "penjamin":penjamin, ... ])): Send request successfully

2022-11-22 16:41:11 - [MESSAGE][INFO] - HAR: D:\DMS\Engine Scoring\Reports\20221122_162012\Exclude KKB - DS\Scoring Individu - KKB\20221122_162012\requests\main\456.har

2022-11-22 16:41:11 - [MESSAGE][PASSED] - Send request successfully

2022-11-22 16:41:11 - [TEST_STEP][PASSED] - slurper = new groovy.json.JsonSlurper(): null

2022-11-22 16:41:11 - [TEST_STEP][PASSED] - result = slurper.parseText(req_data.getResponseBodyContent()): null

2022-11-22 16:41:11 - [TEST_STEP][PASSED] - reqid_kons = requestid1: null

2022-11-22 16:41:11 - [TEST_STEP][PASSED] - reqid_spouse = requestid2: null

2022-11-22 16:41:11 - [TEST_STEP][PASSED] - println("requestid kons : " + reqid_kons): null

2022-11-22 16:41:11 - [TEST_STEP][PASSED] - response_searchME_kons = reqid_kons: null

2022-11-22 16:41:11 - [TEST_STEP][PASSED] - response_searchME_spouse = reqid_spouse: null

2022-11-22 16:41:11 - [TEST_STEP][PASSED] - println("kons req id is :" + response_searchME_kons): null

2022-11-22 16:41:11 - [TEST_STEP][PASSED] - println("spouse req id is : " + response_searchME_spouse): null

2022-11-22 16:41:11 - [TEST_STEP][PASSED] - verifyResponseStatusCode(req_data, 200): Verify response status code successfully

2022-11-22 16:41:11 - [MESSAGE][PASSED] - Verify response status code successfully

2022-11-22 16:41:11 - [TEST_STEP][PASSED] - response = req_data.getResponseText(): null

2022-11-22 16:41:11 - [TEST_STEP][PASSED] - logInfo($response): {"status":"Done","data":{"requestid1":"242352","requestid2":""}}

2022-11-22 16:41:11 - [MESSAGE][INFO] - {"status":"Done","data":{"requestid1":"242352","requestid2":""}}

2022-11-22 16:41:11 - [TEST_STEP][PASSED] - delay(3): Delayed 3 second(s)

2022-11-22 16:41:14 - [MESSAGE][PASSED] - Delayed 3 second(s)

2022-11-22 16:41:14 - [TEST_STEP][PASSED] - scoring = sendRequest(findTestObject("EngineScore", ["response_searchME_kons":response_searchME_kons, "response_searchME_spouse":response_searchME_spouse])): Send request successfully

2022-11-22 16:41:14 - [MESSAGE][INFO] - HAR: D:\DMS\Engine Scoring\Reports\20221122_162012\Exclude KKB - DS\Scoring Individu - KKB\20221122_162012\requests\main\457.har

2022-11-22 16:41:14 - [MESSAGE][PASSED] - Send request successfully

2022-11-22 16:41:14 - [TEST_STEP][PASSED] - verifyResponseStatusCode(scoring, 200): Verify response status code successfully

2022-11-22 16:41:14 - [MESSAGE][PASSED] - Verify response status code successfully

2022-11-22 16:41:14 - [TEST_STEP][PASSED] - response2 = scoring.getResponseText(): null

2022-11-22 16:41:14 - [TEST_STEP][PASSED] - markPassed("result service data ke : " + no): result service data ke : 229

2022-11-22 16:41:14 - [MESSAGE][PASSED] - result service data ke : 229

2022-11-22 16:41:14 - [TEST_STEP][PASSED] - logInfo($response2): {"result_konsumen":"Reject","result_pasangan":"","Final_result":"Reject","errorMessage":"","status":"Done"}

2022-11-22 16:41:14 - [MESSAGE][INFO] - {"result_konsumen":"Reject","result_pasangan":"","Final_result":"Reject","errorMessage":"","status":"Done"}

2022-11-22 16:41:14 - [TEST_STEP][PASSED] - verifyElementPropertyValue(scoring, "Final_result", final_result): Verify element property value successfully

2022-11-22 16:41:14 - [MESSAGE][PASSED] - Verify element property value successfully]]></system-out>
         <system-err><![CDATA[]]></system-err>
      </testcase>
      <testcase name="Test Cases/Engine_Scoring/Engine Scoring" time="6.222" classname="Test Cases/Engine_Scoring/Engine Scoring" status="PASSED">
         <system-out><![CDATA[2022-11-22 16:41:14 - [TEST_CASE][PASSED] - Test Cases/Engine_Scoring/Engine Scoring: Test Cases/Engine_Scoring/Engine Scoring

2022-11-22 16:41:16 - [TEST_STEP][PASSED] - markPassed("Variasi data ke : " + no): Variasi data ke : 230

2022-11-22 16:41:16 - [MESSAGE][PASSED] - Variasi data ke : 230

2022-11-22 16:41:16 - [TEST_STEP][PASSED] - req_data = sendRequest(findTestObject("Search_ME", ["MID":MID, "source":source, "ip":ip, "userid":userid, "branch":branch, "tipekons":tipekons, "marital":marital, "penjamin":penjamin, ... ])): Send request successfully

2022-11-22 16:41:18 - [MESSAGE][INFO] - HAR: D:\DMS\Engine Scoring\Reports\20221122_162012\Exclude KKB - DS\Scoring Individu - KKB\20221122_162012\requests\main\458.har

2022-11-22 16:41:18 - [MESSAGE][PASSED] - Send request successfully

2022-11-22 16:41:18 - [TEST_STEP][PASSED] - slurper = new groovy.json.JsonSlurper(): null

2022-11-22 16:41:18 - [TEST_STEP][PASSED] - result = slurper.parseText(req_data.getResponseBodyContent()): null

2022-11-22 16:41:18 - [TEST_STEP][PASSED] - reqid_kons = requestid1: null

2022-11-22 16:41:18 - [TEST_STEP][PASSED] - reqid_spouse = requestid2: null

2022-11-22 16:41:18 - [TEST_STEP][PASSED] - println("requestid kons : " + reqid_kons): null

2022-11-22 16:41:18 - [TEST_STEP][PASSED] - response_searchME_kons = reqid_kons: null

2022-11-22 16:41:18 - [TEST_STEP][PASSED] - response_searchME_spouse = reqid_spouse: null

2022-11-22 16:41:18 - [TEST_STEP][PASSED] - println("kons req id is :" + response_searchME_kons): null

2022-11-22 16:41:18 - [TEST_STEP][PASSED] - println("spouse req id is : " + response_searchME_spouse): null

2022-11-22 16:41:18 - [TEST_STEP][PASSED] - verifyResponseStatusCode(req_data, 200): Verify response status code successfully

2022-11-22 16:41:18 - [MESSAGE][PASSED] - Verify response status code successfully

2022-11-22 16:41:18 - [TEST_STEP][PASSED] - response = req_data.getResponseText(): null

2022-11-22 16:41:18 - [TEST_STEP][PASSED] - logInfo($response): {"status":"Done","data":{"requestid1":"242353","requestid2":""}}

2022-11-22 16:41:18 - [MESSAGE][INFO] - {"status":"Done","data":{"requestid1":"242353","requestid2":""}}

2022-11-22 16:41:18 - [TEST_STEP][PASSED] - delay(3): Delayed 3 second(s)

2022-11-22 16:41:21 - [MESSAGE][PASSED] - Delayed 3 second(s)

2022-11-22 16:41:21 - [TEST_STEP][PASSED] - scoring = sendRequest(findTestObject("EngineScore", ["response_searchME_kons":response_searchME_kons, "response_searchME_spouse":response_searchME_spouse])): Send request successfully

2022-11-22 16:41:21 - [MESSAGE][INFO] - HAR: D:\DMS\Engine Scoring\Reports\20221122_162012\Exclude KKB - DS\Scoring Individu - KKB\20221122_162012\requests\main\459.har

2022-11-22 16:41:21 - [MESSAGE][PASSED] - Send request successfully

2022-11-22 16:41:21 - [TEST_STEP][PASSED] - verifyResponseStatusCode(scoring, 200): Verify response status code successfully

2022-11-22 16:41:21 - [MESSAGE][PASSED] - Verify response status code successfully

2022-11-22 16:41:21 - [TEST_STEP][PASSED] - response2 = scoring.getResponseText(): null

2022-11-22 16:41:21 - [TEST_STEP][PASSED] - markPassed("result service data ke : " + no): result service data ke : 230

2022-11-22 16:41:21 - [MESSAGE][PASSED] - result service data ke : 230

2022-11-22 16:41:21 - [TEST_STEP][PASSED] - logInfo($response2): {"result_konsumen":"Reject","result_pasangan":"","Final_result":"Reject","errorMessage":"","status":"Done"}

2022-11-22 16:41:21 - [MESSAGE][INFO] - {"result_konsumen":"Reject","result_pasangan":"","Final_result":"Reject","errorMessage":"","status":"Done"}

2022-11-22 16:41:21 - [TEST_STEP][PASSED] - verifyElementPropertyValue(scoring, "Final_result", final_result): Verify element property value successfully

2022-11-22 16:41:21 - [MESSAGE][PASSED] - Verify element property value successfully]]></system-out>
         <system-err><![CDATA[]]></system-err>
      </testcase>
      <testcase name="Test Cases/Engine_Scoring/Engine Scoring" time="6.005" classname="Test Cases/Engine_Scoring/Engine Scoring" status="PASSED">
         <system-out><![CDATA[2022-11-22 16:41:21 - [TEST_CASE][PASSED] - Test Cases/Engine_Scoring/Engine Scoring: Test Cases/Engine_Scoring/Engine Scoring

2022-11-22 16:41:22 - [TEST_STEP][PASSED] - markPassed("Variasi data ke : " + no): Variasi data ke : 231

2022-11-22 16:41:22 - [MESSAGE][PASSED] - Variasi data ke : 231

2022-11-22 16:41:22 - [TEST_STEP][PASSED] - req_data = sendRequest(findTestObject("Search_ME", ["MID":MID, "source":source, "ip":ip, "userid":userid, "branch":branch, "tipekons":tipekons, "marital":marital, "penjamin":penjamin, ... ])): Send request successfully

2022-11-22 16:41:24 - [MESSAGE][INFO] - HAR: D:\DMS\Engine Scoring\Reports\20221122_162012\Exclude KKB - DS\Scoring Individu - KKB\20221122_162012\requests\main\460.har

2022-11-22 16:41:24 - [MESSAGE][PASSED] - Send request successfully

2022-11-22 16:41:24 - [TEST_STEP][PASSED] - slurper = new groovy.json.JsonSlurper(): null

2022-11-22 16:41:24 - [TEST_STEP][PASSED] - result = slurper.parseText(req_data.getResponseBodyContent()): null

2022-11-22 16:41:24 - [TEST_STEP][PASSED] - reqid_kons = requestid1: null

2022-11-22 16:41:24 - [TEST_STEP][PASSED] - reqid_spouse = requestid2: null

2022-11-22 16:41:24 - [TEST_STEP][PASSED] - println("requestid kons : " + reqid_kons): null

2022-11-22 16:41:24 - [TEST_STEP][PASSED] - response_searchME_kons = reqid_kons: null

2022-11-22 16:41:24 - [TEST_STEP][PASSED] - response_searchME_spouse = reqid_spouse: null

2022-11-22 16:41:24 - [TEST_STEP][PASSED] - println("kons req id is :" + response_searchME_kons): null

2022-11-22 16:41:24 - [TEST_STEP][PASSED] - println("spouse req id is : " + response_searchME_spouse): null

2022-11-22 16:41:24 - [TEST_STEP][PASSED] - verifyResponseStatusCode(req_data, 200): Verify response status code successfully

2022-11-22 16:41:24 - [MESSAGE][PASSED] - Verify response status code successfully

2022-11-22 16:41:24 - [TEST_STEP][PASSED] - response = req_data.getResponseText(): null

2022-11-22 16:41:24 - [TEST_STEP][PASSED] - logInfo($response): {"status":"Done","data":{"requestid1":"242354","requestid2":""}}

2022-11-22 16:41:24 - [MESSAGE][INFO] - {"status":"Done","data":{"requestid1":"242354","requestid2":""}}

2022-11-22 16:41:24 - [TEST_STEP][PASSED] - delay(3): Delayed 3 second(s)

2022-11-22 16:41:27 - [MESSAGE][PASSED] - Delayed 3 second(s)

2022-11-22 16:41:27 - [TEST_STEP][PASSED] - scoring = sendRequest(findTestObject("EngineScore", ["response_searchME_kons":response_searchME_kons, "response_searchME_spouse":response_searchME_spouse])): Send request successfully

2022-11-22 16:41:27 - [MESSAGE][INFO] - HAR: D:\DMS\Engine Scoring\Reports\20221122_162012\Exclude KKB - DS\Scoring Individu - KKB\20221122_162012\requests\main\461.har

2022-11-22 16:41:27 - [MESSAGE][PASSED] - Send request successfully

2022-11-22 16:41:27 - [TEST_STEP][PASSED] - verifyResponseStatusCode(scoring, 200): Verify response status code successfully

2022-11-22 16:41:27 - [MESSAGE][PASSED] - Verify response status code successfully

2022-11-22 16:41:27 - [TEST_STEP][PASSED] - response2 = scoring.getResponseText(): null

2022-11-22 16:41:27 - [TEST_STEP][PASSED] - markPassed("result service data ke : " + no): result service data ke : 231

2022-11-22 16:41:27 - [MESSAGE][PASSED] - result service data ke : 231

2022-11-22 16:41:27 - [TEST_STEP][PASSED] - logInfo($response2): {"result_konsumen":"Reject","result_pasangan":"","Final_result":"Reject","errorMessage":"","status":"Done"}

2022-11-22 16:41:27 - [MESSAGE][INFO] - {"result_konsumen":"Reject","result_pasangan":"","Final_result":"Reject","errorMessage":"","status":"Done"}

2022-11-22 16:41:27 - [TEST_STEP][PASSED] - verifyElementPropertyValue(scoring, "Final_result", final_result): Verify element property value successfully

2022-11-22 16:41:27 - [MESSAGE][PASSED] - Verify element property value successfully]]></system-out>
         <system-err><![CDATA[]]></system-err>
      </testcase>
      <testcase name="Test Cases/Engine_Scoring/Engine Scoring" time="5.809" classname="Test Cases/Engine_Scoring/Engine Scoring" status="PASSED">
         <system-out><![CDATA[2022-11-22 16:41:27 - [TEST_CASE][PASSED] - Test Cases/Engine_Scoring/Engine Scoring: Test Cases/Engine_Scoring/Engine Scoring

2022-11-22 16:41:28 - [TEST_STEP][PASSED] - markPassed("Variasi data ke : " + no): Variasi data ke : 232

2022-11-22 16:41:28 - [MESSAGE][PASSED] - Variasi data ke : 232

2022-11-22 16:41:28 - [TEST_STEP][PASSED] - req_data = sendRequest(findTestObject("Search_ME", ["MID":MID, "source":source, "ip":ip, "userid":userid, "branch":branch, "tipekons":tipekons, "marital":marital, "penjamin":penjamin, ... ])): Send request successfully

2022-11-22 16:41:29 - [MESSAGE][INFO] - HAR: D:\DMS\Engine Scoring\Reports\20221122_162012\Exclude KKB - DS\Scoring Individu - KKB\20221122_162012\requests\main\462.har

2022-11-22 16:41:29 - [MESSAGE][PASSED] - Send request successfully

2022-11-22 16:41:29 - [TEST_STEP][PASSED] - slurper = new groovy.json.JsonSlurper(): null

2022-11-22 16:41:29 - [TEST_STEP][PASSED] - result = slurper.parseText(req_data.getResponseBodyContent()): null

2022-11-22 16:41:29 - [TEST_STEP][PASSED] - reqid_kons = requestid1: null

2022-11-22 16:41:29 - [TEST_STEP][PASSED] - reqid_spouse = requestid2: null

2022-11-22 16:41:29 - [TEST_STEP][PASSED] - println("requestid kons : " + reqid_kons): null

2022-11-22 16:41:29 - [TEST_STEP][PASSED] - response_searchME_kons = reqid_kons: null

2022-11-22 16:41:29 - [TEST_STEP][PASSED] - response_searchME_spouse = reqid_spouse: null

2022-11-22 16:41:29 - [TEST_STEP][PASSED] - println("kons req id is :" + response_searchME_kons): null

2022-11-22 16:41:29 - [TEST_STEP][PASSED] - println("spouse req id is : " + response_searchME_spouse): null

2022-11-22 16:41:29 - [TEST_STEP][PASSED] - verifyResponseStatusCode(req_data, 200): Verify response status code successfully

2022-11-22 16:41:29 - [MESSAGE][PASSED] - Verify response status code successfully

2022-11-22 16:41:29 - [TEST_STEP][PASSED] - response = req_data.getResponseText(): null

2022-11-22 16:41:29 - [TEST_STEP][PASSED] - logInfo($response): {"status":"Done","data":{"requestid1":"242355","requestid2":""}}

2022-11-22 16:41:29 - [MESSAGE][INFO] - {"status":"Done","data":{"requestid1":"242355","requestid2":""}}

2022-11-22 16:41:29 - [TEST_STEP][PASSED] - delay(3): Delayed 3 second(s)

2022-11-22 16:41:32 - [MESSAGE][PASSED] - Delayed 3 second(s)

2022-11-22 16:41:32 - [TEST_STEP][PASSED] - scoring = sendRequest(findTestObject("EngineScore", ["response_searchME_kons":response_searchME_kons, "response_searchME_spouse":response_searchME_spouse])): Send request successfully

2022-11-22 16:41:33 - [MESSAGE][INFO] - HAR: D:\DMS\Engine Scoring\Reports\20221122_162012\Exclude KKB - DS\Scoring Individu - KKB\20221122_162012\requests\main\463.har

2022-11-22 16:41:33 - [MESSAGE][PASSED] - Send request successfully

2022-11-22 16:41:33 - [TEST_STEP][PASSED] - verifyResponseStatusCode(scoring, 200): Verify response status code successfully

2022-11-22 16:41:33 - [MESSAGE][PASSED] - Verify response status code successfully

2022-11-22 16:41:33 - [TEST_STEP][PASSED] - response2 = scoring.getResponseText(): null

2022-11-22 16:41:33 - [TEST_STEP][PASSED] - markPassed("result service data ke : " + no): result service data ke : 232

2022-11-22 16:41:33 - [MESSAGE][PASSED] - result service data ke : 232

2022-11-22 16:41:33 - [TEST_STEP][PASSED] - logInfo($response2): {"result_konsumen":"Reject","result_pasangan":"","Final_result":"Reject","errorMessage":"","status":"Done"}

2022-11-22 16:41:33 - [MESSAGE][INFO] - {"result_konsumen":"Reject","result_pasangan":"","Final_result":"Reject","errorMessage":"","status":"Done"}

2022-11-22 16:41:33 - [TEST_STEP][PASSED] - verifyElementPropertyValue(scoring, "Final_result", final_result): Verify element property value successfully

2022-11-22 16:41:33 - [MESSAGE][PASSED] - Verify element property value successfully]]></system-out>
         <system-err><![CDATA[]]></system-err>
      </testcase>
      <testcase name="Test Cases/Engine_Scoring/Engine Scoring" time="5.887" classname="Test Cases/Engine_Scoring/Engine Scoring" status="PASSED">
         <system-out><![CDATA[2022-11-22 16:41:33 - [TEST_CASE][PASSED] - Test Cases/Engine_Scoring/Engine Scoring: Test Cases/Engine_Scoring/Engine Scoring

2022-11-22 16:41:34 - [TEST_STEP][PASSED] - markPassed("Variasi data ke : " + no): Variasi data ke : 233

2022-11-22 16:41:34 - [MESSAGE][PASSED] - Variasi data ke : 233

2022-11-22 16:41:34 - [TEST_STEP][PASSED] - req_data = sendRequest(findTestObject("Search_ME", ["MID":MID, "source":source, "ip":ip, "userid":userid, "branch":branch, "tipekons":tipekons, "marital":marital, "penjamin":penjamin, ... ])): Send request successfully

2022-11-22 16:41:35 - [MESSAGE][INFO] - HAR: D:\DMS\Engine Scoring\Reports\20221122_162012\Exclude KKB - DS\Scoring Individu - KKB\20221122_162012\requests\main\464.har

2022-11-22 16:41:35 - [MESSAGE][PASSED] - Send request successfully

2022-11-22 16:41:35 - [TEST_STEP][PASSED] - slurper = new groovy.json.JsonSlurper(): null

2022-11-22 16:41:35 - [TEST_STEP][PASSED] - result = slurper.parseText(req_data.getResponseBodyContent()): null

2022-11-22 16:41:35 - [TEST_STEP][PASSED] - reqid_kons = requestid1: null

2022-11-22 16:41:35 - [TEST_STEP][PASSED] - reqid_spouse = requestid2: null

2022-11-22 16:41:35 - [TEST_STEP][PASSED] - println("requestid kons : " + reqid_kons): null

2022-11-22 16:41:35 - [TEST_STEP][PASSED] - response_searchME_kons = reqid_kons: null

2022-11-22 16:41:35 - [TEST_STEP][PASSED] - response_searchME_spouse = reqid_spouse: null

2022-11-22 16:41:35 - [TEST_STEP][PASSED] - println("kons req id is :" + response_searchME_kons): null

2022-11-22 16:41:35 - [TEST_STEP][PASSED] - println("spouse req id is : " + response_searchME_spouse): null

2022-11-22 16:41:35 - [TEST_STEP][PASSED] - verifyResponseStatusCode(req_data, 200): Verify response status code successfully

2022-11-22 16:41:35 - [MESSAGE][PASSED] - Verify response status code successfully

2022-11-22 16:41:35 - [TEST_STEP][PASSED] - response = req_data.getResponseText(): null

2022-11-22 16:41:35 - [TEST_STEP][PASSED] - logInfo($response): {"status":"Done","data":{"requestid1":"242356","requestid2":""}}

2022-11-22 16:41:35 - [MESSAGE][INFO] - {"status":"Done","data":{"requestid1":"242356","requestid2":""}}

2022-11-22 16:41:35 - [TEST_STEP][PASSED] - delay(3): Delayed 3 second(s)

2022-11-22 16:41:38 - [MESSAGE][PASSED] - Delayed 3 second(s)

2022-11-22 16:41:38 - [TEST_STEP][PASSED] - scoring = sendRequest(findTestObject("EngineScore", ["response_searchME_kons":response_searchME_kons, "response_searchME_spouse":response_searchME_spouse])): Send request successfully

2022-11-22 16:41:39 - [MESSAGE][INFO] - HAR: D:\DMS\Engine Scoring\Reports\20221122_162012\Exclude KKB - DS\Scoring Individu - KKB\20221122_162012\requests\main\465.har

2022-11-22 16:41:39 - [MESSAGE][PASSED] - Send request successfully

2022-11-22 16:41:39 - [TEST_STEP][PASSED] - verifyResponseStatusCode(scoring, 200): Verify response status code successfully

2022-11-22 16:41:39 - [MESSAGE][PASSED] - Verify response status code successfully

2022-11-22 16:41:39 - [TEST_STEP][PASSED] - response2 = scoring.getResponseText(): null

2022-11-22 16:41:39 - [TEST_STEP][PASSED] - markPassed("result service data ke : " + no): result service data ke : 233

2022-11-22 16:41:39 - [MESSAGE][PASSED] - result service data ke : 233

2022-11-22 16:41:39 - [TEST_STEP][PASSED] - logInfo($response2): {"result_konsumen":"Reject","result_pasangan":"","Final_result":"Reject","errorMessage":"","status":"Done"}

2022-11-22 16:41:39 - [MESSAGE][INFO] - {"result_konsumen":"Reject","result_pasangan":"","Final_result":"Reject","errorMessage":"","status":"Done"}

2022-11-22 16:41:39 - [TEST_STEP][PASSED] - verifyElementPropertyValue(scoring, "Final_result", final_result): Verify element property value successfully

2022-11-22 16:41:39 - [MESSAGE][PASSED] - Verify element property value successfully]]></system-out>
         <system-err><![CDATA[]]></system-err>
      </testcase>
      <testcase name="Test Cases/Engine_Scoring/Engine Scoring" time="7.763" classname="Test Cases/Engine_Scoring/Engine Scoring" status="PASSED">
         <system-out><![CDATA[2022-11-22 16:41:39 - [TEST_CASE][PASSED] - Test Cases/Engine_Scoring/Engine Scoring: Test Cases/Engine_Scoring/Engine Scoring

2022-11-22 16:41:40 - [TEST_STEP][PASSED] - markPassed("Variasi data ke : " + no): Variasi data ke : 234

2022-11-22 16:41:40 - [MESSAGE][PASSED] - Variasi data ke : 234

2022-11-22 16:41:40 - [TEST_STEP][PASSED] - req_data = sendRequest(findTestObject("Search_ME", ["MID":MID, "source":source, "ip":ip, "userid":userid, "branch":branch, "tipekons":tipekons, "marital":marital, "penjamin":penjamin, ... ])): Send request successfully

2022-11-22 16:41:43 - [MESSAGE][INFO] - HAR: D:\DMS\Engine Scoring\Reports\20221122_162012\Exclude KKB - DS\Scoring Individu - KKB\20221122_162012\requests\main\466.har

2022-11-22 16:41:43 - [MESSAGE][PASSED] - Send request successfully

2022-11-22 16:41:43 - [TEST_STEP][PASSED] - slurper = new groovy.json.JsonSlurper(): null

2022-11-22 16:41:43 - [TEST_STEP][PASSED] - result = slurper.parseText(req_data.getResponseBodyContent()): null

2022-11-22 16:41:43 - [TEST_STEP][PASSED] - reqid_kons = requestid1: null

2022-11-22 16:41:43 - [TEST_STEP][PASSED] - reqid_spouse = requestid2: null

2022-11-22 16:41:43 - [TEST_STEP][PASSED] - println("requestid kons : " + reqid_kons): null

2022-11-22 16:41:43 - [TEST_STEP][PASSED] - response_searchME_kons = reqid_kons: null

2022-11-22 16:41:43 - [TEST_STEP][PASSED] - response_searchME_spouse = reqid_spouse: null

2022-11-22 16:41:43 - [TEST_STEP][PASSED] - println("kons req id is :" + response_searchME_kons): null

2022-11-22 16:41:43 - [TEST_STEP][PASSED] - println("spouse req id is : " + response_searchME_spouse): null

2022-11-22 16:41:43 - [TEST_STEP][PASSED] - verifyResponseStatusCode(req_data, 200): Verify response status code successfully

2022-11-22 16:41:43 - [MESSAGE][PASSED] - Verify response status code successfully

2022-11-22 16:41:43 - [TEST_STEP][PASSED] - response = req_data.getResponseText(): null

2022-11-22 16:41:43 - [TEST_STEP][PASSED] - logInfo($response): {"status":"Done","data":{"requestid1":"242357","requestid2":""}}

2022-11-22 16:41:43 - [MESSAGE][INFO] - {"status":"Done","data":{"requestid1":"242357","requestid2":""}}

2022-11-22 16:41:43 - [TEST_STEP][PASSED] - delay(3): Delayed 3 second(s)

2022-11-22 16:41:46 - [MESSAGE][PASSED] - Delayed 3 second(s)

2022-11-22 16:41:46 - [TEST_STEP][PASSED] - scoring = sendRequest(findTestObject("EngineScore", ["response_searchME_kons":response_searchME_kons, "response_searchME_spouse":response_searchME_spouse])): Send request successfully

2022-11-22 16:41:46 - [MESSAGE][INFO] - HAR: D:\DMS\Engine Scoring\Reports\20221122_162012\Exclude KKB - DS\Scoring Individu - KKB\20221122_162012\requests\main\467.har

2022-11-22 16:41:46 - [MESSAGE][PASSED] - Send request successfully

2022-11-22 16:41:46 - [TEST_STEP][PASSED] - verifyResponseStatusCode(scoring, 200): Verify response status code successfully

2022-11-22 16:41:46 - [MESSAGE][PASSED] - Verify response status code successfully

2022-11-22 16:41:46 - [TEST_STEP][PASSED] - response2 = scoring.getResponseText(): null

2022-11-22 16:41:46 - [TEST_STEP][PASSED] - markPassed("result service data ke : " + no): result service data ke : 234

2022-11-22 16:41:46 - [MESSAGE][PASSED] - result service data ke : 234

2022-11-22 16:41:46 - [TEST_STEP][PASSED] - logInfo($response2): {"result_konsumen":"Reject","result_pasangan":"","Final_result":"Reject","errorMessage":"","status":"Done"}

2022-11-22 16:41:46 - [MESSAGE][INFO] - {"result_konsumen":"Reject","result_pasangan":"","Final_result":"Reject","errorMessage":"","status":"Done"}

2022-11-22 16:41:46 - [TEST_STEP][PASSED] - verifyElementPropertyValue(scoring, "Final_result", final_result): Verify element property value successfully

2022-11-22 16:41:46 - [MESSAGE][PASSED] - Verify element property value successfully]]></system-out>
         <system-err><![CDATA[]]></system-err>
      </testcase>
      <testcase name="Test Cases/Engine_Scoring/Engine Scoring" time="5.892" classname="Test Cases/Engine_Scoring/Engine Scoring" status="PASSED">
         <system-out><![CDATA[2022-11-22 16:41:47 - [TEST_CASE][PASSED] - Test Cases/Engine_Scoring/Engine Scoring: Test Cases/Engine_Scoring/Engine Scoring

2022-11-22 16:41:48 - [TEST_STEP][PASSED] - markPassed("Variasi data ke : " + no): Variasi data ke : 235

2022-11-22 16:41:48 - [MESSAGE][PASSED] - Variasi data ke : 235

2022-11-22 16:41:48 - [TEST_STEP][PASSED] - req_data = sendRequest(findTestObject("Search_ME", ["MID":MID, "source":source, "ip":ip, "userid":userid, "branch":branch, "tipekons":tipekons, "marital":marital, "penjamin":penjamin, ... ])): Send request successfully

2022-11-22 16:41:49 - [MESSAGE][INFO] - HAR: D:\DMS\Engine Scoring\Reports\20221122_162012\Exclude KKB - DS\Scoring Individu - KKB\20221122_162012\requests\main\468.har

2022-11-22 16:41:49 - [MESSAGE][PASSED] - Send request successfully

2022-11-22 16:41:49 - [TEST_STEP][PASSED] - slurper = new groovy.json.JsonSlurper(): null

2022-11-22 16:41:49 - [TEST_STEP][PASSED] - result = slurper.parseText(req_data.getResponseBodyContent()): null

2022-11-22 16:41:49 - [TEST_STEP][PASSED] - reqid_kons = requestid1: null

2022-11-22 16:41:49 - [TEST_STEP][PASSED] - reqid_spouse = requestid2: null

2022-11-22 16:41:49 - [TEST_STEP][PASSED] - println("requestid kons : " + reqid_kons): null

2022-11-22 16:41:49 - [TEST_STEP][PASSED] - response_searchME_kons = reqid_kons: null

2022-11-22 16:41:49 - [TEST_STEP][PASSED] - response_searchME_spouse = reqid_spouse: null

2022-11-22 16:41:49 - [TEST_STEP][PASSED] - println("kons req id is :" + response_searchME_kons): null

2022-11-22 16:41:49 - [TEST_STEP][PASSED] - println("spouse req id is : " + response_searchME_spouse): null

2022-11-22 16:41:49 - [TEST_STEP][PASSED] - verifyResponseStatusCode(req_data, 200): Verify response status code successfully

2022-11-22 16:41:49 - [MESSAGE][PASSED] - Verify response status code successfully

2022-11-22 16:41:49 - [TEST_STEP][PASSED] - response = req_data.getResponseText(): null

2022-11-22 16:41:49 - [TEST_STEP][PASSED] - logInfo($response): {"status":"Done","data":{"requestid1":"242358","requestid2":""}}

2022-11-22 16:41:49 - [MESSAGE][INFO] - {"status":"Done","data":{"requestid1":"242358","requestid2":""}}

2022-11-22 16:41:49 - [TEST_STEP][PASSED] - delay(3): Delayed 3 second(s)

2022-11-22 16:41:52 - [MESSAGE][PASSED] - Delayed 3 second(s)

2022-11-22 16:41:52 - [TEST_STEP][PASSED] - scoring = sendRequest(findTestObject("EngineScore", ["response_searchME_kons":response_searchME_kons, "response_searchME_spouse":response_searchME_spouse])): Send request successfully

2022-11-22 16:41:52 - [MESSAGE][INFO] - HAR: D:\DMS\Engine Scoring\Reports\20221122_162012\Exclude KKB - DS\Scoring Individu - KKB\20221122_162012\requests\main\469.har

2022-11-22 16:41:52 - [MESSAGE][PASSED] - Send request successfully

2022-11-22 16:41:52 - [TEST_STEP][PASSED] - verifyResponseStatusCode(scoring, 200): Verify response status code successfully

2022-11-22 16:41:52 - [MESSAGE][PASSED] - Verify response status code successfully

2022-11-22 16:41:52 - [TEST_STEP][PASSED] - response2 = scoring.getResponseText(): null

2022-11-22 16:41:52 - [TEST_STEP][PASSED] - markPassed("result service data ke : " + no): result service data ke : 235

2022-11-22 16:41:52 - [MESSAGE][PASSED] - result service data ke : 235

2022-11-22 16:41:52 - [TEST_STEP][PASSED] - logInfo($response2): {"result_konsumen":"Reject","result_pasangan":"","Final_result":"Reject","errorMessage":"","status":"Done"}

2022-11-22 16:41:52 - [MESSAGE][INFO] - {"result_konsumen":"Reject","result_pasangan":"","Final_result":"Reject","errorMessage":"","status":"Done"}

2022-11-22 16:41:52 - [TEST_STEP][PASSED] - verifyElementPropertyValue(scoring, "Final_result", final_result): Verify element property value successfully

2022-11-22 16:41:52 - [MESSAGE][PASSED] - Verify element property value successfully]]></system-out>
         <system-err><![CDATA[]]></system-err>
      </testcase>
      <testcase name="Test Cases/Engine_Scoring/Engine Scoring" time="6.293" classname="Test Cases/Engine_Scoring/Engine Scoring" status="PASSED">
         <system-out><![CDATA[2022-11-22 16:41:52 - [TEST_CASE][PASSED] - Test Cases/Engine_Scoring/Engine Scoring: Test Cases/Engine_Scoring/Engine Scoring

2022-11-22 16:41:54 - [TEST_STEP][PASSED] - markPassed("Variasi data ke : " + no): Variasi data ke : 236

2022-11-22 16:41:54 - [MESSAGE][PASSED] - Variasi data ke : 236

2022-11-22 16:41:54 - [TEST_STEP][PASSED] - req_data = sendRequest(findTestObject("Search_ME", ["MID":MID, "source":source, "ip":ip, "userid":userid, "branch":branch, "tipekons":tipekons, "marital":marital, "penjamin":penjamin, ... ])): Send request successfully

2022-11-22 16:41:56 - [MESSAGE][INFO] - HAR: D:\DMS\Engine Scoring\Reports\20221122_162012\Exclude KKB - DS\Scoring Individu - KKB\20221122_162012\requests\main\470.har

2022-11-22 16:41:56 - [MESSAGE][PASSED] - Send request successfully

2022-11-22 16:41:56 - [TEST_STEP][PASSED] - slurper = new groovy.json.JsonSlurper(): null

2022-11-22 16:41:56 - [TEST_STEP][PASSED] - result = slurper.parseText(req_data.getResponseBodyContent()): null

2022-11-22 16:41:56 - [TEST_STEP][PASSED] - reqid_kons = requestid1: null

2022-11-22 16:41:56 - [TEST_STEP][PASSED] - reqid_spouse = requestid2: null

2022-11-22 16:41:56 - [TEST_STEP][PASSED] - println("requestid kons : " + reqid_kons): null

2022-11-22 16:41:56 - [TEST_STEP][PASSED] - response_searchME_kons = reqid_kons: null

2022-11-22 16:41:56 - [TEST_STEP][PASSED] - response_searchME_spouse = reqid_spouse: null

2022-11-22 16:41:56 - [TEST_STEP][PASSED] - println("kons req id is :" + response_searchME_kons): null

2022-11-22 16:41:56 - [TEST_STEP][PASSED] - println("spouse req id is : " + response_searchME_spouse): null

2022-11-22 16:41:56 - [TEST_STEP][PASSED] - verifyResponseStatusCode(req_data, 200): Verify response status code successfully

2022-11-22 16:41:56 - [MESSAGE][PASSED] - Verify response status code successfully

2022-11-22 16:41:56 - [TEST_STEP][PASSED] - response = req_data.getResponseText(): null

2022-11-22 16:41:56 - [TEST_STEP][PASSED] - logInfo($response): {"status":"Done","data":{"requestid1":"242359","requestid2":""}}

2022-11-22 16:41:56 - [MESSAGE][INFO] - {"status":"Done","data":{"requestid1":"242359","requestid2":""}}

2022-11-22 16:41:56 - [TEST_STEP][PASSED] - delay(3): Delayed 3 second(s)

2022-11-22 16:41:59 - [MESSAGE][PASSED] - Delayed 3 second(s)

2022-11-22 16:41:59 - [TEST_STEP][PASSED] - scoring = sendRequest(findTestObject("EngineScore", ["response_searchME_kons":response_searchME_kons, "response_searchME_spouse":response_searchME_spouse])): Send request successfully

2022-11-22 16:41:59 - [MESSAGE][INFO] - HAR: D:\DMS\Engine Scoring\Reports\20221122_162012\Exclude KKB - DS\Scoring Individu - KKB\20221122_162012\requests\main\471.har

2022-11-22 16:41:59 - [MESSAGE][PASSED] - Send request successfully

2022-11-22 16:41:59 - [TEST_STEP][PASSED] - verifyResponseStatusCode(scoring, 200): Verify response status code successfully

2022-11-22 16:41:59 - [MESSAGE][PASSED] - Verify response status code successfully

2022-11-22 16:41:59 - [TEST_STEP][PASSED] - response2 = scoring.getResponseText(): null

2022-11-22 16:41:59 - [TEST_STEP][PASSED] - markPassed("result service data ke : " + no): result service data ke : 236

2022-11-22 16:41:59 - [MESSAGE][PASSED] - result service data ke : 236

2022-11-22 16:41:59 - [TEST_STEP][PASSED] - logInfo($response2): {"result_konsumen":"Reject","result_pasangan":"","Final_result":"Reject","errorMessage":"","status":"Done"}

2022-11-22 16:41:59 - [MESSAGE][INFO] - {"result_konsumen":"Reject","result_pasangan":"","Final_result":"Reject","errorMessage":"","status":"Done"}

2022-11-22 16:41:59 - [TEST_STEP][PASSED] - verifyElementPropertyValue(scoring, "Final_result", final_result): Verify element property value successfully

2022-11-22 16:41:59 - [MESSAGE][PASSED] - Verify element property value successfully]]></system-out>
         <system-err><![CDATA[]]></system-err>
      </testcase>
      <testcase name="Test Cases/Engine_Scoring/Engine Scoring" time="6.044" classname="Test Cases/Engine_Scoring/Engine Scoring" status="PASSED">
         <system-out><![CDATA[2022-11-22 16:41:59 - [TEST_CASE][PASSED] - Test Cases/Engine_Scoring/Engine Scoring: Test Cases/Engine_Scoring/Engine Scoring

2022-11-22 16:42:00 - [TEST_STEP][PASSED] - markPassed("Variasi data ke : " + no): Variasi data ke : 237

2022-11-22 16:42:00 - [MESSAGE][PASSED] - Variasi data ke : 237

2022-11-22 16:42:00 - [TEST_STEP][PASSED] - req_data = sendRequest(findTestObject("Search_ME", ["MID":MID, "source":source, "ip":ip, "userid":userid, "branch":branch, "tipekons":tipekons, "marital":marital, "penjamin":penjamin, ... ])): Send request successfully

2022-11-22 16:42:02 - [MESSAGE][INFO] - HAR: D:\DMS\Engine Scoring\Reports\20221122_162012\Exclude KKB - DS\Scoring Individu - KKB\20221122_162012\requests\main\472.har

2022-11-22 16:42:02 - [MESSAGE][PASSED] - Send request successfully

2022-11-22 16:42:02 - [TEST_STEP][PASSED] - slurper = new groovy.json.JsonSlurper(): null

2022-11-22 16:42:02 - [TEST_STEP][PASSED] - result = slurper.parseText(req_data.getResponseBodyContent()): null

2022-11-22 16:42:02 - [TEST_STEP][PASSED] - reqid_kons = requestid1: null

2022-11-22 16:42:02 - [TEST_STEP][PASSED] - reqid_spouse = requestid2: null

2022-11-22 16:42:02 - [TEST_STEP][PASSED] - println("requestid kons : " + reqid_kons): null

2022-11-22 16:42:02 - [TEST_STEP][PASSED] - response_searchME_kons = reqid_kons: null

2022-11-22 16:42:02 - [TEST_STEP][PASSED] - response_searchME_spouse = reqid_spouse: null

2022-11-22 16:42:02 - [TEST_STEP][PASSED] - println("kons req id is :" + response_searchME_kons): null

2022-11-22 16:42:02 - [TEST_STEP][PASSED] - println("spouse req id is : " + response_searchME_spouse): null

2022-11-22 16:42:02 - [TEST_STEP][PASSED] - verifyResponseStatusCode(req_data, 200): Verify response status code successfully

2022-11-22 16:42:02 - [MESSAGE][PASSED] - Verify response status code successfully

2022-11-22 16:42:02 - [TEST_STEP][PASSED] - response = req_data.getResponseText(): null

2022-11-22 16:42:02 - [TEST_STEP][PASSED] - logInfo($response): {"status":"Done","data":{"requestid1":"242360","requestid2":""}}

2022-11-22 16:42:02 - [MESSAGE][INFO] - {"status":"Done","data":{"requestid1":"242360","requestid2":""}}

2022-11-22 16:42:02 - [TEST_STEP][PASSED] - delay(3): Delayed 3 second(s)

2022-11-22 16:42:05 - [MESSAGE][PASSED] - Delayed 3 second(s)

2022-11-22 16:42:05 - [TEST_STEP][PASSED] - scoring = sendRequest(findTestObject("EngineScore", ["response_searchME_kons":response_searchME_kons, "response_searchME_spouse":response_searchME_spouse])): Send request successfully

2022-11-22 16:42:05 - [MESSAGE][INFO] - HAR: D:\DMS\Engine Scoring\Reports\20221122_162012\Exclude KKB - DS\Scoring Individu - KKB\20221122_162012\requests\main\473.har

2022-11-22 16:42:05 - [MESSAGE][PASSED] - Send request successfully

2022-11-22 16:42:05 - [TEST_STEP][PASSED] - verifyResponseStatusCode(scoring, 200): Verify response status code successfully

2022-11-22 16:42:05 - [MESSAGE][PASSED] - Verify response status code successfully

2022-11-22 16:42:05 - [TEST_STEP][PASSED] - response2 = scoring.getResponseText(): null

2022-11-22 16:42:05 - [TEST_STEP][PASSED] - markPassed("result service data ke : " + no): result service data ke : 237

2022-11-22 16:42:05 - [MESSAGE][PASSED] - result service data ke : 237

2022-11-22 16:42:05 - [TEST_STEP][PASSED] - logInfo($response2): {"result_konsumen":"Reject","result_pasangan":"","Final_result":"Reject","errorMessage":"","status":"Done"}

2022-11-22 16:42:05 - [MESSAGE][INFO] - {"result_konsumen":"Reject","result_pasangan":"","Final_result":"Reject","errorMessage":"","status":"Done"}

2022-11-22 16:42:05 - [TEST_STEP][PASSED] - verifyElementPropertyValue(scoring, "Final_result", final_result): Verify element property value successfully

2022-11-22 16:42:05 - [MESSAGE][PASSED] - Verify element property value successfully]]></system-out>
         <system-err><![CDATA[]]></system-err>
      </testcase>
      <testcase name="Test Cases/Engine_Scoring/Engine Scoring" time="6.005" classname="Test Cases/Engine_Scoring/Engine Scoring" status="PASSED">
         <system-out><![CDATA[2022-11-22 16:42:05 - [TEST_CASE][PASSED] - Test Cases/Engine_Scoring/Engine Scoring: Test Cases/Engine_Scoring/Engine Scoring

2022-11-22 16:42:06 - [TEST_STEP][PASSED] - markPassed("Variasi data ke : " + no): Variasi data ke : 238

2022-11-22 16:42:06 - [MESSAGE][PASSED] - Variasi data ke : 238

2022-11-22 16:42:06 - [TEST_STEP][PASSED] - req_data = sendRequest(findTestObject("Search_ME", ["MID":MID, "source":source, "ip":ip, "userid":userid, "branch":branch, "tipekons":tipekons, "marital":marital, "penjamin":penjamin, ... ])): Send request successfully

2022-11-22 16:42:08 - [MESSAGE][INFO] - HAR: D:\DMS\Engine Scoring\Reports\20221122_162012\Exclude KKB - DS\Scoring Individu - KKB\20221122_162012\requests\main\474.har

2022-11-22 16:42:08 - [MESSAGE][PASSED] - Send request successfully

2022-11-22 16:42:08 - [TEST_STEP][PASSED] - slurper = new groovy.json.JsonSlurper(): null

2022-11-22 16:42:08 - [TEST_STEP][PASSED] - result = slurper.parseText(req_data.getResponseBodyContent()): null

2022-11-22 16:42:08 - [TEST_STEP][PASSED] - reqid_kons = requestid1: null

2022-11-22 16:42:08 - [TEST_STEP][PASSED] - reqid_spouse = requestid2: null

2022-11-22 16:42:08 - [TEST_STEP][PASSED] - println("requestid kons : " + reqid_kons): null

2022-11-22 16:42:08 - [TEST_STEP][PASSED] - response_searchME_kons = reqid_kons: null

2022-11-22 16:42:08 - [TEST_STEP][PASSED] - response_searchME_spouse = reqid_spouse: null

2022-11-22 16:42:08 - [TEST_STEP][PASSED] - println("kons req id is :" + response_searchME_kons): null

2022-11-22 16:42:08 - [TEST_STEP][PASSED] - println("spouse req id is : " + response_searchME_spouse): null

2022-11-22 16:42:08 - [TEST_STEP][PASSED] - verifyResponseStatusCode(req_data, 200): Verify response status code successfully

2022-11-22 16:42:08 - [MESSAGE][PASSED] - Verify response status code successfully

2022-11-22 16:42:08 - [TEST_STEP][PASSED] - response = req_data.getResponseText(): null

2022-11-22 16:42:08 - [TEST_STEP][PASSED] - logInfo($response): {"status":"Done","data":{"requestid1":"242361","requestid2":""}}

2022-11-22 16:42:08 - [MESSAGE][INFO] - {"status":"Done","data":{"requestid1":"242361","requestid2":""}}

2022-11-22 16:42:08 - [TEST_STEP][PASSED] - delay(3): Delayed 3 second(s)

2022-11-22 16:42:11 - [MESSAGE][PASSED] - Delayed 3 second(s)

2022-11-22 16:42:11 - [TEST_STEP][PASSED] - scoring = sendRequest(findTestObject("EngineScore", ["response_searchME_kons":response_searchME_kons, "response_searchME_spouse":response_searchME_spouse])): Send request successfully

2022-11-22 16:42:11 - [MESSAGE][INFO] - HAR: D:\DMS\Engine Scoring\Reports\20221122_162012\Exclude KKB - DS\Scoring Individu - KKB\20221122_162012\requests\main\475.har

2022-11-22 16:42:11 - [MESSAGE][PASSED] - Send request successfully

2022-11-22 16:42:11 - [TEST_STEP][PASSED] - verifyResponseStatusCode(scoring, 200): Verify response status code successfully

2022-11-22 16:42:11 - [MESSAGE][PASSED] - Verify response status code successfully

2022-11-22 16:42:11 - [TEST_STEP][PASSED] - response2 = scoring.getResponseText(): null

2022-11-22 16:42:11 - [TEST_STEP][PASSED] - markPassed("result service data ke : " + no): result service data ke : 238

2022-11-22 16:42:11 - [MESSAGE][PASSED] - result service data ke : 238

2022-11-22 16:42:11 - [TEST_STEP][PASSED] - logInfo($response2): {"result_konsumen":"Reject","result_pasangan":"","Final_result":"Reject","errorMessage":"","status":"Done"}

2022-11-22 16:42:11 - [MESSAGE][INFO] - {"result_konsumen":"Reject","result_pasangan":"","Final_result":"Reject","errorMessage":"","status":"Done"}

2022-11-22 16:42:11 - [TEST_STEP][PASSED] - verifyElementPropertyValue(scoring, "Final_result", final_result): Verify element property value successfully

2022-11-22 16:42:11 - [MESSAGE][PASSED] - Verify element property value successfully]]></system-out>
         <system-err><![CDATA[]]></system-err>
      </testcase>
      <testcase name="Test Cases/Engine_Scoring/Engine Scoring" time="5.983" classname="Test Cases/Engine_Scoring/Engine Scoring" status="PASSED">
         <system-out><![CDATA[2022-11-22 16:42:11 - [TEST_CASE][PASSED] - Test Cases/Engine_Scoring/Engine Scoring: Test Cases/Engine_Scoring/Engine Scoring

2022-11-22 16:42:13 - [TEST_STEP][PASSED] - markPassed("Variasi data ke : " + no): Variasi data ke : 239

2022-11-22 16:42:13 - [MESSAGE][PASSED] - Variasi data ke : 239

2022-11-22 16:42:13 - [TEST_STEP][PASSED] - req_data = sendRequest(findTestObject("Search_ME", ["MID":MID, "source":source, "ip":ip, "userid":userid, "branch":branch, "tipekons":tipekons, "marital":marital, "penjamin":penjamin, ... ])): Send request successfully

2022-11-22 16:42:14 - [MESSAGE][INFO] - HAR: D:\DMS\Engine Scoring\Reports\20221122_162012\Exclude KKB - DS\Scoring Individu - KKB\20221122_162012\requests\main\476.har

2022-11-22 16:42:14 - [MESSAGE][PASSED] - Send request successfully

2022-11-22 16:42:14 - [TEST_STEP][PASSED] - slurper = new groovy.json.JsonSlurper(): null

2022-11-22 16:42:14 - [TEST_STEP][PASSED] - result = slurper.parseText(req_data.getResponseBodyContent()): null

2022-11-22 16:42:14 - [TEST_STEP][PASSED] - reqid_kons = requestid1: null

2022-11-22 16:42:14 - [TEST_STEP][PASSED] - reqid_spouse = requestid2: null

2022-11-22 16:42:14 - [TEST_STEP][PASSED] - println("requestid kons : " + reqid_kons): null

2022-11-22 16:42:14 - [TEST_STEP][PASSED] - response_searchME_kons = reqid_kons: null

2022-11-22 16:42:14 - [TEST_STEP][PASSED] - response_searchME_spouse = reqid_spouse: null

2022-11-22 16:42:14 - [TEST_STEP][PASSED] - println("kons req id is :" + response_searchME_kons): null

2022-11-22 16:42:14 - [TEST_STEP][PASSED] - println("spouse req id is : " + response_searchME_spouse): null

2022-11-22 16:42:14 - [TEST_STEP][PASSED] - verifyResponseStatusCode(req_data, 200): Verify response status code successfully

2022-11-22 16:42:14 - [MESSAGE][PASSED] - Verify response status code successfully

2022-11-22 16:42:14 - [TEST_STEP][PASSED] - response = req_data.getResponseText(): null

2022-11-22 16:42:14 - [TEST_STEP][PASSED] - logInfo($response): {"status":"Done","data":{"requestid1":"242362","requestid2":""}}

2022-11-22 16:42:14 - [MESSAGE][INFO] - {"status":"Done","data":{"requestid1":"242362","requestid2":""}}

2022-11-22 16:42:14 - [TEST_STEP][PASSED] - delay(3): Delayed 3 second(s)

2022-11-22 16:42:17 - [MESSAGE][PASSED] - Delayed 3 second(s)

2022-11-22 16:42:17 - [TEST_STEP][PASSED] - scoring = sendRequest(findTestObject("EngineScore", ["response_searchME_kons":response_searchME_kons, "response_searchME_spouse":response_searchME_spouse])): Send request successfully

2022-11-22 16:42:17 - [MESSAGE][INFO] - HAR: D:\DMS\Engine Scoring\Reports\20221122_162012\Exclude KKB - DS\Scoring Individu - KKB\20221122_162012\requests\main\477.har

2022-11-22 16:42:17 - [MESSAGE][PASSED] - Send request successfully

2022-11-22 16:42:17 - [TEST_STEP][PASSED] - verifyResponseStatusCode(scoring, 200): Verify response status code successfully

2022-11-22 16:42:17 - [MESSAGE][PASSED] - Verify response status code successfully

2022-11-22 16:42:17 - [TEST_STEP][PASSED] - response2 = scoring.getResponseText(): null

2022-11-22 16:42:17 - [TEST_STEP][PASSED] - markPassed("result service data ke : " + no): result service data ke : 239

2022-11-22 16:42:17 - [MESSAGE][PASSED] - result service data ke : 239

2022-11-22 16:42:17 - [TEST_STEP][PASSED] - logInfo($response2): {"result_konsumen":"Reject","result_pasangan":"","Final_result":"Reject","errorMessage":"","status":"Done"}

2022-11-22 16:42:17 - [MESSAGE][INFO] - {"result_konsumen":"Reject","result_pasangan":"","Final_result":"Reject","errorMessage":"","status":"Done"}

2022-11-22 16:42:17 - [TEST_STEP][PASSED] - verifyElementPropertyValue(scoring, "Final_result", final_result): Verify element property value successfully

2022-11-22 16:42:17 - [MESSAGE][PASSED] - Verify element property value successfully]]></system-out>
         <system-err><![CDATA[]]></system-err>
      </testcase>
      <testcase name="Test Cases/Engine_Scoring/Engine Scoring" time="5.962" classname="Test Cases/Engine_Scoring/Engine Scoring" status="PASSED">
         <system-out><![CDATA[2022-11-22 16:42:17 - [TEST_CASE][PASSED] - Test Cases/Engine_Scoring/Engine Scoring: Test Cases/Engine_Scoring/Engine Scoring

2022-11-22 16:42:19 - [TEST_STEP][PASSED] - markPassed("Variasi data ke : " + no): Variasi data ke : 240

2022-11-22 16:42:19 - [MESSAGE][PASSED] - Variasi data ke : 240

2022-11-22 16:42:19 - [TEST_STEP][PASSED] - req_data = sendRequest(findTestObject("Search_ME", ["MID":MID, "source":source, "ip":ip, "userid":userid, "branch":branch, "tipekons":tipekons, "marital":marital, "penjamin":penjamin, ... ])): Send request successfully

2022-11-22 16:42:20 - [MESSAGE][INFO] - HAR: D:\DMS\Engine Scoring\Reports\20221122_162012\Exclude KKB - DS\Scoring Individu - KKB\20221122_162012\requests\main\478.har

2022-11-22 16:42:20 - [MESSAGE][PASSED] - Send request successfully

2022-11-22 16:42:20 - [TEST_STEP][PASSED] - slurper = new groovy.json.JsonSlurper(): null

2022-11-22 16:42:20 - [TEST_STEP][PASSED] - result = slurper.parseText(req_data.getResponseBodyContent()): null

2022-11-22 16:42:20 - [TEST_STEP][PASSED] - reqid_kons = requestid1: null

2022-11-22 16:42:20 - [TEST_STEP][PASSED] - reqid_spouse = requestid2: null

2022-11-22 16:42:20 - [TEST_STEP][PASSED] - println("requestid kons : " + reqid_kons): null

2022-11-22 16:42:20 - [TEST_STEP][PASSED] - response_searchME_kons = reqid_kons: null

2022-11-22 16:42:20 - [TEST_STEP][PASSED] - response_searchME_spouse = reqid_spouse: null

2022-11-22 16:42:20 - [TEST_STEP][PASSED] - println("kons req id is :" + response_searchME_kons): null

2022-11-22 16:42:20 - [TEST_STEP][PASSED] - println("spouse req id is : " + response_searchME_spouse): null

2022-11-22 16:42:20 - [TEST_STEP][PASSED] - verifyResponseStatusCode(req_data, 200): Verify response status code successfully

2022-11-22 16:42:20 - [MESSAGE][PASSED] - Verify response status code successfully

2022-11-22 16:42:20 - [TEST_STEP][PASSED] - response = req_data.getResponseText(): null

2022-11-22 16:42:20 - [TEST_STEP][PASSED] - logInfo($response): {"status":"Done","data":{"requestid1":"242363","requestid2":""}}

2022-11-22 16:42:20 - [MESSAGE][INFO] - {"status":"Done","data":{"requestid1":"242363","requestid2":""}}

2022-11-22 16:42:20 - [TEST_STEP][PASSED] - delay(3): Delayed 3 second(s)

2022-11-22 16:42:23 - [MESSAGE][PASSED] - Delayed 3 second(s)

2022-11-22 16:42:23 - [TEST_STEP][PASSED] - scoring = sendRequest(findTestObject("EngineScore", ["response_searchME_kons":response_searchME_kons, "response_searchME_spouse":response_searchME_spouse])): Send request successfully

2022-11-22 16:42:23 - [MESSAGE][INFO] - HAR: D:\DMS\Engine Scoring\Reports\20221122_162012\Exclude KKB - DS\Scoring Individu - KKB\20221122_162012\requests\main\479.har

2022-11-22 16:42:23 - [MESSAGE][PASSED] - Send request successfully

2022-11-22 16:42:23 - [TEST_STEP][PASSED] - verifyResponseStatusCode(scoring, 200): Verify response status code successfully

2022-11-22 16:42:23 - [MESSAGE][PASSED] - Verify response status code successfully

2022-11-22 16:42:23 - [TEST_STEP][PASSED] - response2 = scoring.getResponseText(): null

2022-11-22 16:42:23 - [TEST_STEP][PASSED] - markPassed("result service data ke : " + no): result service data ke : 240

2022-11-22 16:42:23 - [MESSAGE][PASSED] - result service data ke : 240

2022-11-22 16:42:23 - [TEST_STEP][PASSED] - logInfo($response2): {"result_konsumen":"Reject","result_pasangan":"","Final_result":"Reject","errorMessage":"","status":"Done"}

2022-11-22 16:42:23 - [MESSAGE][INFO] - {"result_konsumen":"Reject","result_pasangan":"","Final_result":"Reject","errorMessage":"","status":"Done"}

2022-11-22 16:42:23 - [TEST_STEP][PASSED] - verifyElementPropertyValue(scoring, "Final_result", final_result): Verify element property value successfully

2022-11-22 16:42:23 - [MESSAGE][PASSED] - Verify element property value successfully]]></system-out>
         <system-err><![CDATA[]]></system-err>
      </testcase>
      <testcase name="Test Cases/Engine_Scoring/Engine Scoring" time="6.103" classname="Test Cases/Engine_Scoring/Engine Scoring" status="PASSED">
         <system-out><![CDATA[2022-11-22 16:42:23 - [TEST_CASE][PASSED] - Test Cases/Engine_Scoring/Engine Scoring: Test Cases/Engine_Scoring/Engine Scoring

2022-11-22 16:42:25 - [TEST_STEP][PASSED] - markPassed("Variasi data ke : " + no): Variasi data ke : 241

2022-11-22 16:42:25 - [MESSAGE][PASSED] - Variasi data ke : 241

2022-11-22 16:42:25 - [TEST_STEP][PASSED] - req_data = sendRequest(findTestObject("Search_ME", ["MID":MID, "source":source, "ip":ip, "userid":userid, "branch":branch, "tipekons":tipekons, "marital":marital, "penjamin":penjamin, ... ])): Send request successfully

2022-11-22 16:42:26 - [MESSAGE][INFO] - HAR: D:\DMS\Engine Scoring\Reports\20221122_162012\Exclude KKB - DS\Scoring Individu - KKB\20221122_162012\requests\main\480.har

2022-11-22 16:42:26 - [MESSAGE][PASSED] - Send request successfully

2022-11-22 16:42:26 - [TEST_STEP][PASSED] - slurper = new groovy.json.JsonSlurper(): null

2022-11-22 16:42:26 - [TEST_STEP][PASSED] - result = slurper.parseText(req_data.getResponseBodyContent()): null

2022-11-22 16:42:26 - [TEST_STEP][PASSED] - reqid_kons = requestid1: null

2022-11-22 16:42:26 - [TEST_STEP][PASSED] - reqid_spouse = requestid2: null

2022-11-22 16:42:26 - [TEST_STEP][PASSED] - println("requestid kons : " + reqid_kons): null

2022-11-22 16:42:26 - [TEST_STEP][PASSED] - response_searchME_kons = reqid_kons: null

2022-11-22 16:42:26 - [TEST_STEP][PASSED] - response_searchME_spouse = reqid_spouse: null

2022-11-22 16:42:26 - [TEST_STEP][PASSED] - println("kons req id is :" + response_searchME_kons): null

2022-11-22 16:42:26 - [TEST_STEP][PASSED] - println("spouse req id is : " + response_searchME_spouse): null

2022-11-22 16:42:26 - [TEST_STEP][PASSED] - verifyResponseStatusCode(req_data, 200): Verify response status code successfully

2022-11-22 16:42:26 - [MESSAGE][PASSED] - Verify response status code successfully

2022-11-22 16:42:26 - [TEST_STEP][PASSED] - response = req_data.getResponseText(): null

2022-11-22 16:42:26 - [TEST_STEP][PASSED] - logInfo($response): {"status":"Done","data":{"requestid1":"242364","requestid2":""}}

2022-11-22 16:42:26 - [MESSAGE][INFO] - {"status":"Done","data":{"requestid1":"242364","requestid2":""}}

2022-11-22 16:42:26 - [TEST_STEP][PASSED] - delay(3): Delayed 3 second(s)

2022-11-22 16:42:29 - [MESSAGE][PASSED] - Delayed 3 second(s)

2022-11-22 16:42:29 - [TEST_STEP][PASSED] - scoring = sendRequest(findTestObject("EngineScore", ["response_searchME_kons":response_searchME_kons, "response_searchME_spouse":response_searchME_spouse])): Send request successfully

2022-11-22 16:42:29 - [MESSAGE][INFO] - HAR: D:\DMS\Engine Scoring\Reports\20221122_162012\Exclude KKB - DS\Scoring Individu - KKB\20221122_162012\requests\main\481.har

2022-11-22 16:42:29 - [MESSAGE][PASSED] - Send request successfully

2022-11-22 16:42:29 - [TEST_STEP][PASSED] - verifyResponseStatusCode(scoring, 200): Verify response status code successfully

2022-11-22 16:42:29 - [MESSAGE][PASSED] - Verify response status code successfully

2022-11-22 16:42:29 - [TEST_STEP][PASSED] - response2 = scoring.getResponseText(): null

2022-11-22 16:42:29 - [TEST_STEP][PASSED] - markPassed("result service data ke : " + no): result service data ke : 241

2022-11-22 16:42:29 - [MESSAGE][PASSED] - result service data ke : 241

2022-11-22 16:42:29 - [TEST_STEP][PASSED] - logInfo($response2): {"result_konsumen":"Reject","result_pasangan":"","Final_result":"Reject","errorMessage":"","status":"Done"}

2022-11-22 16:42:29 - [MESSAGE][INFO] - {"result_konsumen":"Reject","result_pasangan":"","Final_result":"Reject","errorMessage":"","status":"Done"}

2022-11-22 16:42:29 - [TEST_STEP][PASSED] - verifyElementPropertyValue(scoring, "Final_result", final_result): Verify element property value successfully

2022-11-22 16:42:29 - [MESSAGE][PASSED] - Verify element property value successfully]]></system-out>
         <system-err><![CDATA[]]></system-err>
      </testcase>
      <testcase name="Test Cases/Engine_Scoring/Engine Scoring" time="6.122" classname="Test Cases/Engine_Scoring/Engine Scoring" status="PASSED">
         <system-out><![CDATA[2022-11-22 16:42:29 - [TEST_CASE][PASSED] - Test Cases/Engine_Scoring/Engine Scoring: Test Cases/Engine_Scoring/Engine Scoring

2022-11-22 16:42:31 - [TEST_STEP][PASSED] - markPassed("Variasi data ke : " + no): Variasi data ke : 242

2022-11-22 16:42:31 - [MESSAGE][PASSED] - Variasi data ke : 242

2022-11-22 16:42:31 - [TEST_STEP][PASSED] - req_data = sendRequest(findTestObject("Search_ME", ["MID":MID, "source":source, "ip":ip, "userid":userid, "branch":branch, "tipekons":tipekons, "marital":marital, "penjamin":penjamin, ... ])): Send request successfully

2022-11-22 16:42:32 - [MESSAGE][INFO] - HAR: D:\DMS\Engine Scoring\Reports\20221122_162012\Exclude KKB - DS\Scoring Individu - KKB\20221122_162012\requests\main\482.har

2022-11-22 16:42:32 - [MESSAGE][PASSED] - Send request successfully

2022-11-22 16:42:32 - [TEST_STEP][PASSED] - slurper = new groovy.json.JsonSlurper(): null

2022-11-22 16:42:32 - [TEST_STEP][PASSED] - result = slurper.parseText(req_data.getResponseBodyContent()): null

2022-11-22 16:42:32 - [TEST_STEP][PASSED] - reqid_kons = requestid1: null

2022-11-22 16:42:32 - [TEST_STEP][PASSED] - reqid_spouse = requestid2: null

2022-11-22 16:42:32 - [TEST_STEP][PASSED] - println("requestid kons : " + reqid_kons): null

2022-11-22 16:42:32 - [TEST_STEP][PASSED] - response_searchME_kons = reqid_kons: null

2022-11-22 16:42:32 - [TEST_STEP][PASSED] - response_searchME_spouse = reqid_spouse: null

2022-11-22 16:42:32 - [TEST_STEP][PASSED] - println("kons req id is :" + response_searchME_kons): null

2022-11-22 16:42:32 - [TEST_STEP][PASSED] - println("spouse req id is : " + response_searchME_spouse): null

2022-11-22 16:42:32 - [TEST_STEP][PASSED] - verifyResponseStatusCode(req_data, 200): Verify response status code successfully

2022-11-22 16:42:32 - [MESSAGE][PASSED] - Verify response status code successfully

2022-11-22 16:42:32 - [TEST_STEP][PASSED] - response = req_data.getResponseText(): null

2022-11-22 16:42:32 - [TEST_STEP][PASSED] - logInfo($response): {"status":"Done","data":{"requestid1":"242365","requestid2":""}}

2022-11-22 16:42:32 - [MESSAGE][INFO] - {"status":"Done","data":{"requestid1":"242365","requestid2":""}}

2022-11-22 16:42:32 - [TEST_STEP][PASSED] - delay(3): Delayed 3 second(s)

2022-11-22 16:42:35 - [MESSAGE][PASSED] - Delayed 3 second(s)

2022-11-22 16:42:35 - [TEST_STEP][PASSED] - scoring = sendRequest(findTestObject("EngineScore", ["response_searchME_kons":response_searchME_kons, "response_searchME_spouse":response_searchME_spouse])): Send request successfully

2022-11-22 16:42:36 - [MESSAGE][INFO] - HAR: D:\DMS\Engine Scoring\Reports\20221122_162012\Exclude KKB - DS\Scoring Individu - KKB\20221122_162012\requests\main\483.har

2022-11-22 16:42:36 - [MESSAGE][PASSED] - Send request successfully

2022-11-22 16:42:36 - [TEST_STEP][PASSED] - verifyResponseStatusCode(scoring, 200): Verify response status code successfully

2022-11-22 16:42:36 - [MESSAGE][PASSED] - Verify response status code successfully

2022-11-22 16:42:36 - [TEST_STEP][PASSED] - response2 = scoring.getResponseText(): null

2022-11-22 16:42:36 - [TEST_STEP][PASSED] - markPassed("result service data ke : " + no): result service data ke : 242

2022-11-22 16:42:36 - [MESSAGE][PASSED] - result service data ke : 242

2022-11-22 16:42:36 - [TEST_STEP][PASSED] - logInfo($response2): {"result_konsumen":"Reject","result_pasangan":"","Final_result":"Reject","errorMessage":"","status":"Done"}

2022-11-22 16:42:36 - [MESSAGE][INFO] - {"result_konsumen":"Reject","result_pasangan":"","Final_result":"Reject","errorMessage":"","status":"Done"}

2022-11-22 16:42:36 - [TEST_STEP][PASSED] - verifyElementPropertyValue(scoring, "Final_result", final_result): Verify element property value successfully

2022-11-22 16:42:36 - [MESSAGE][PASSED] - Verify element property value successfully]]></system-out>
         <system-err><![CDATA[]]></system-err>
      </testcase>
      <testcase name="Test Cases/Engine_Scoring/Engine Scoring" time="6.088" classname="Test Cases/Engine_Scoring/Engine Scoring" status="PASSED">
         <system-out><![CDATA[2022-11-22 16:42:36 - [TEST_CASE][PASSED] - Test Cases/Engine_Scoring/Engine Scoring: Test Cases/Engine_Scoring/Engine Scoring

2022-11-22 16:42:37 - [TEST_STEP][PASSED] - markPassed("Variasi data ke : " + no): Variasi data ke : 243

2022-11-22 16:42:37 - [MESSAGE][PASSED] - Variasi data ke : 243

2022-11-22 16:42:37 - [TEST_STEP][PASSED] - req_data = sendRequest(findTestObject("Search_ME", ["MID":MID, "source":source, "ip":ip, "userid":userid, "branch":branch, "tipekons":tipekons, "marital":marital, "penjamin":penjamin, ... ])): Send request successfully

2022-11-22 16:42:39 - [MESSAGE][INFO] - HAR: D:\DMS\Engine Scoring\Reports\20221122_162012\Exclude KKB - DS\Scoring Individu - KKB\20221122_162012\requests\main\484.har

2022-11-22 16:42:39 - [MESSAGE][PASSED] - Send request successfully

2022-11-22 16:42:39 - [TEST_STEP][PASSED] - slurper = new groovy.json.JsonSlurper(): null

2022-11-22 16:42:39 - [TEST_STEP][PASSED] - result = slurper.parseText(req_data.getResponseBodyContent()): null

2022-11-22 16:42:39 - [TEST_STEP][PASSED] - reqid_kons = requestid1: null

2022-11-22 16:42:39 - [TEST_STEP][PASSED] - reqid_spouse = requestid2: null

2022-11-22 16:42:39 - [TEST_STEP][PASSED] - println("requestid kons : " + reqid_kons): null

2022-11-22 16:42:39 - [TEST_STEP][PASSED] - response_searchME_kons = reqid_kons: null

2022-11-22 16:42:39 - [TEST_STEP][PASSED] - response_searchME_spouse = reqid_spouse: null

2022-11-22 16:42:39 - [TEST_STEP][PASSED] - println("kons req id is :" + response_searchME_kons): null

2022-11-22 16:42:39 - [TEST_STEP][PASSED] - println("spouse req id is : " + response_searchME_spouse): null

2022-11-22 16:42:39 - [TEST_STEP][PASSED] - verifyResponseStatusCode(req_data, 200): Verify response status code successfully

2022-11-22 16:42:39 - [MESSAGE][PASSED] - Verify response status code successfully

2022-11-22 16:42:39 - [TEST_STEP][PASSED] - response = req_data.getResponseText(): null

2022-11-22 16:42:39 - [TEST_STEP][PASSED] - logInfo($response): {"status":"Done","data":{"requestid1":"242366","requestid2":""}}

2022-11-22 16:42:39 - [MESSAGE][INFO] - {"status":"Done","data":{"requestid1":"242366","requestid2":""}}

2022-11-22 16:42:39 - [TEST_STEP][PASSED] - delay(3): Delayed 3 second(s)

2022-11-22 16:42:42 - [MESSAGE][PASSED] - Delayed 3 second(s)

2022-11-22 16:42:42 - [TEST_STEP][PASSED] - scoring = sendRequest(findTestObject("EngineScore", ["response_searchME_kons":response_searchME_kons, "response_searchME_spouse":response_searchME_spouse])): Send request successfully

2022-11-22 16:42:42 - [MESSAGE][INFO] - HAR: D:\DMS\Engine Scoring\Reports\20221122_162012\Exclude KKB - DS\Scoring Individu - KKB\20221122_162012\requests\main\485.har

2022-11-22 16:42:42 - [MESSAGE][PASSED] - Send request successfully

2022-11-22 16:42:42 - [TEST_STEP][PASSED] - verifyResponseStatusCode(scoring, 200): Verify response status code successfully

2022-11-22 16:42:42 - [MESSAGE][PASSED] - Verify response status code successfully

2022-11-22 16:42:42 - [TEST_STEP][PASSED] - response2 = scoring.getResponseText(): null

2022-11-22 16:42:42 - [TEST_STEP][PASSED] - markPassed("result service data ke : " + no): result service data ke : 243

2022-11-22 16:42:42 - [MESSAGE][PASSED] - result service data ke : 243

2022-11-22 16:42:42 - [TEST_STEP][PASSED] - logInfo($response2): {"result_konsumen":"Reject","result_pasangan":"","Final_result":"Reject","errorMessage":"","status":"Done"}

2022-11-22 16:42:42 - [MESSAGE][INFO] - {"result_konsumen":"Reject","result_pasangan":"","Final_result":"Reject","errorMessage":"","status":"Done"}

2022-11-22 16:42:42 - [TEST_STEP][PASSED] - verifyElementPropertyValue(scoring, "Final_result", final_result): Verify element property value successfully

2022-11-22 16:42:42 - [MESSAGE][PASSED] - Verify element property value successfully]]></system-out>
         <system-err><![CDATA[]]></system-err>
      </testcase>
      <testcase name="Test Cases/Engine_Scoring/Engine Scoring" time="6.336" classname="Test Cases/Engine_Scoring/Engine Scoring" status="PASSED">
         <system-out><![CDATA[2022-11-22 16:42:42 - [TEST_CASE][PASSED] - Test Cases/Engine_Scoring/Engine Scoring: Test Cases/Engine_Scoring/Engine Scoring

2022-11-22 16:42:43 - [TEST_STEP][PASSED] - markPassed("Variasi data ke : " + no): Variasi data ke : 244

2022-11-22 16:42:43 - [MESSAGE][PASSED] - Variasi data ke : 244

2022-11-22 16:42:43 - [TEST_STEP][PASSED] - req_data = sendRequest(findTestObject("Search_ME", ["MID":MID, "source":source, "ip":ip, "userid":userid, "branch":branch, "tipekons":tipekons, "marital":marital, "penjamin":penjamin, ... ])): Send request successfully

2022-11-22 16:42:45 - [MESSAGE][INFO] - HAR: D:\DMS\Engine Scoring\Reports\20221122_162012\Exclude KKB - DS\Scoring Individu - KKB\20221122_162012\requests\main\486.har

2022-11-22 16:42:45 - [MESSAGE][PASSED] - Send request successfully

2022-11-22 16:42:45 - [TEST_STEP][PASSED] - slurper = new groovy.json.JsonSlurper(): null

2022-11-22 16:42:45 - [TEST_STEP][PASSED] - result = slurper.parseText(req_data.getResponseBodyContent()): null

2022-11-22 16:42:45 - [TEST_STEP][PASSED] - reqid_kons = requestid1: null

2022-11-22 16:42:45 - [TEST_STEP][PASSED] - reqid_spouse = requestid2: null

2022-11-22 16:42:45 - [TEST_STEP][PASSED] - println("requestid kons : " + reqid_kons): null

2022-11-22 16:42:45 - [TEST_STEP][PASSED] - response_searchME_kons = reqid_kons: null

2022-11-22 16:42:45 - [TEST_STEP][PASSED] - response_searchME_spouse = reqid_spouse: null

2022-11-22 16:42:45 - [TEST_STEP][PASSED] - println("kons req id is :" + response_searchME_kons): null

2022-11-22 16:42:45 - [TEST_STEP][PASSED] - println("spouse req id is : " + response_searchME_spouse): null

2022-11-22 16:42:45 - [TEST_STEP][PASSED] - verifyResponseStatusCode(req_data, 200): Verify response status code successfully

2022-11-22 16:42:45 - [MESSAGE][PASSED] - Verify response status code successfully

2022-11-22 16:42:45 - [TEST_STEP][PASSED] - response = req_data.getResponseText(): null

2022-11-22 16:42:45 - [TEST_STEP][PASSED] - logInfo($response): {"status":"Done","data":{"requestid1":"242367","requestid2":""}}

2022-11-22 16:42:45 - [MESSAGE][INFO] - {"status":"Done","data":{"requestid1":"242367","requestid2":""}}

2022-11-22 16:42:45 - [TEST_STEP][PASSED] - delay(3): Delayed 3 second(s)

2022-11-22 16:42:48 - [MESSAGE][PASSED] - Delayed 3 second(s)

2022-11-22 16:42:48 - [TEST_STEP][PASSED] - scoring = sendRequest(findTestObject("EngineScore", ["response_searchME_kons":response_searchME_kons, "response_searchME_spouse":response_searchME_spouse])): Send request successfully

2022-11-22 16:42:48 - [MESSAGE][INFO] - HAR: D:\DMS\Engine Scoring\Reports\20221122_162012\Exclude KKB - DS\Scoring Individu - KKB\20221122_162012\requests\main\487.har

2022-11-22 16:42:48 - [MESSAGE][PASSED] - Send request successfully

2022-11-22 16:42:48 - [TEST_STEP][PASSED] - verifyResponseStatusCode(scoring, 200): Verify response status code successfully

2022-11-22 16:42:48 - [MESSAGE][PASSED] - Verify response status code successfully

2022-11-22 16:42:48 - [TEST_STEP][PASSED] - response2 = scoring.getResponseText(): null

2022-11-22 16:42:48 - [TEST_STEP][PASSED] - markPassed("result service data ke : " + no): result service data ke : 244

2022-11-22 16:42:48 - [MESSAGE][PASSED] - result service data ke : 244

2022-11-22 16:42:48 - [TEST_STEP][PASSED] - logInfo($response2): {"result_konsumen":"Reject","result_pasangan":"","Final_result":"Reject","errorMessage":"","status":"Done"}

2022-11-22 16:42:48 - [MESSAGE][INFO] - {"result_konsumen":"Reject","result_pasangan":"","Final_result":"Reject","errorMessage":"","status":"Done"}

2022-11-22 16:42:48 - [TEST_STEP][PASSED] - verifyElementPropertyValue(scoring, "Final_result", final_result): Verify element property value successfully

2022-11-22 16:42:48 - [MESSAGE][PASSED] - Verify element property value successfully]]></system-out>
         <system-err><![CDATA[]]></system-err>
      </testcase>
      <testcase name="Test Cases/Engine_Scoring/Engine Scoring" time="6.018" classname="Test Cases/Engine_Scoring/Engine Scoring" status="PASSED">
         <system-out><![CDATA[2022-11-22 16:42:48 - [TEST_CASE][PASSED] - Test Cases/Engine_Scoring/Engine Scoring: Test Cases/Engine_Scoring/Engine Scoring

2022-11-22 16:42:50 - [TEST_STEP][PASSED] - markPassed("Variasi data ke : " + no): Variasi data ke : 245

2022-11-22 16:42:50 - [MESSAGE][PASSED] - Variasi data ke : 245

2022-11-22 16:42:50 - [TEST_STEP][PASSED] - req_data = sendRequest(findTestObject("Search_ME", ["MID":MID, "source":source, "ip":ip, "userid":userid, "branch":branch, "tipekons":tipekons, "marital":marital, "penjamin":penjamin, ... ])): Send request successfully

2022-11-22 16:42:51 - [MESSAGE][INFO] - HAR: D:\DMS\Engine Scoring\Reports\20221122_162012\Exclude KKB - DS\Scoring Individu - KKB\20221122_162012\requests\main\488.har

2022-11-22 16:42:51 - [MESSAGE][PASSED] - Send request successfully

2022-11-22 16:42:51 - [TEST_STEP][PASSED] - slurper = new groovy.json.JsonSlurper(): null

2022-11-22 16:42:51 - [TEST_STEP][PASSED] - result = slurper.parseText(req_data.getResponseBodyContent()): null

2022-11-22 16:42:51 - [TEST_STEP][PASSED] - reqid_kons = requestid1: null

2022-11-22 16:42:51 - [TEST_STEP][PASSED] - reqid_spouse = requestid2: null

2022-11-22 16:42:51 - [TEST_STEP][PASSED] - println("requestid kons : " + reqid_kons): null

2022-11-22 16:42:51 - [TEST_STEP][PASSED] - response_searchME_kons = reqid_kons: null

2022-11-22 16:42:51 - [TEST_STEP][PASSED] - response_searchME_spouse = reqid_spouse: null

2022-11-22 16:42:51 - [TEST_STEP][PASSED] - println("kons req id is :" + response_searchME_kons): null

2022-11-22 16:42:51 - [TEST_STEP][PASSED] - println("spouse req id is : " + response_searchME_spouse): null

2022-11-22 16:42:51 - [TEST_STEP][PASSED] - verifyResponseStatusCode(req_data, 200): Verify response status code successfully

2022-11-22 16:42:51 - [MESSAGE][PASSED] - Verify response status code successfully

2022-11-22 16:42:51 - [TEST_STEP][PASSED] - response = req_data.getResponseText(): null

2022-11-22 16:42:51 - [TEST_STEP][PASSED] - logInfo($response): {"status":"Done","data":{"requestid1":"242368","requestid2":""}}

2022-11-22 16:42:51 - [MESSAGE][INFO] - {"status":"Done","data":{"requestid1":"242368","requestid2":""}}

2022-11-22 16:42:51 - [TEST_STEP][PASSED] - delay(3): Delayed 3 second(s)

2022-11-22 16:42:54 - [MESSAGE][PASSED] - Delayed 3 second(s)

2022-11-22 16:42:54 - [TEST_STEP][PASSED] - scoring = sendRequest(findTestObject("EngineScore", ["response_searchME_kons":response_searchME_kons, "response_searchME_spouse":response_searchME_spouse])): Send request successfully

2022-11-22 16:42:54 - [MESSAGE][INFO] - HAR: D:\DMS\Engine Scoring\Reports\20221122_162012\Exclude KKB - DS\Scoring Individu - KKB\20221122_162012\requests\main\489.har

2022-11-22 16:42:54 - [MESSAGE][PASSED] - Send request successfully

2022-11-22 16:42:54 - [TEST_STEP][PASSED] - verifyResponseStatusCode(scoring, 200): Verify response status code successfully

2022-11-22 16:42:54 - [MESSAGE][PASSED] - Verify response status code successfully

2022-11-22 16:42:54 - [TEST_STEP][PASSED] - response2 = scoring.getResponseText(): null

2022-11-22 16:42:54 - [TEST_STEP][PASSED] - markPassed("result service data ke : " + no): result service data ke : 245

2022-11-22 16:42:54 - [MESSAGE][PASSED] - result service data ke : 245

2022-11-22 16:42:54 - [TEST_STEP][PASSED] - logInfo($response2): {"result_konsumen":"Reject","result_pasangan":"","Final_result":"Reject","errorMessage":"","status":"Done"}

2022-11-22 16:42:54 - [MESSAGE][INFO] - {"result_konsumen":"Reject","result_pasangan":"","Final_result":"Reject","errorMessage":"","status":"Done"}

2022-11-22 16:42:54 - [TEST_STEP][PASSED] - verifyElementPropertyValue(scoring, "Final_result", final_result): Verify element property value successfully

2022-11-22 16:42:54 - [MESSAGE][PASSED] - Verify element property value successfully]]></system-out>
         <system-err><![CDATA[]]></system-err>
      </testcase>
      <testcase name="Test Cases/Engine_Scoring/Engine Scoring" time="5.873" classname="Test Cases/Engine_Scoring/Engine Scoring" status="PASSED">
         <system-out><![CDATA[2022-11-22 16:42:54 - [TEST_CASE][PASSED] - Test Cases/Engine_Scoring/Engine Scoring: Test Cases/Engine_Scoring/Engine Scoring

2022-11-22 16:42:56 - [TEST_STEP][PASSED] - markPassed("Variasi data ke : " + no): Variasi data ke : 246

2022-11-22 16:42:56 - [MESSAGE][PASSED] - Variasi data ke : 246

2022-11-22 16:42:56 - [TEST_STEP][PASSED] - req_data = sendRequest(findTestObject("Search_ME", ["MID":MID, "source":source, "ip":ip, "userid":userid, "branch":branch, "tipekons":tipekons, "marital":marital, "penjamin":penjamin, ... ])): Send request successfully

2022-11-22 16:42:57 - [MESSAGE][INFO] - HAR: D:\DMS\Engine Scoring\Reports\20221122_162012\Exclude KKB - DS\Scoring Individu - KKB\20221122_162012\requests\main\490.har

2022-11-22 16:42:57 - [MESSAGE][PASSED] - Send request successfully

2022-11-22 16:42:57 - [TEST_STEP][PASSED] - slurper = new groovy.json.JsonSlurper(): null

2022-11-22 16:42:57 - [TEST_STEP][PASSED] - result = slurper.parseText(req_data.getResponseBodyContent()): null

2022-11-22 16:42:57 - [TEST_STEP][PASSED] - reqid_kons = requestid1: null

2022-11-22 16:42:57 - [TEST_STEP][PASSED] - reqid_spouse = requestid2: null

2022-11-22 16:42:57 - [TEST_STEP][PASSED] - println("requestid kons : " + reqid_kons): null

2022-11-22 16:42:57 - [TEST_STEP][PASSED] - response_searchME_kons = reqid_kons: null

2022-11-22 16:42:57 - [TEST_STEP][PASSED] - response_searchME_spouse = reqid_spouse: null

2022-11-22 16:42:57 - [TEST_STEP][PASSED] - println("kons req id is :" + response_searchME_kons): null

2022-11-22 16:42:57 - [TEST_STEP][PASSED] - println("spouse req id is : " + response_searchME_spouse): null

2022-11-22 16:42:57 - [TEST_STEP][PASSED] - verifyResponseStatusCode(req_data, 200): Verify response status code successfully

2022-11-22 16:42:57 - [MESSAGE][PASSED] - Verify response status code successfully

2022-11-22 16:42:57 - [TEST_STEP][PASSED] - response = req_data.getResponseText(): null

2022-11-22 16:42:57 - [TEST_STEP][PASSED] - logInfo($response): {"status":"Done","data":{"requestid1":"242369","requestid2":""}}

2022-11-22 16:42:57 - [MESSAGE][INFO] - {"status":"Done","data":{"requestid1":"242369","requestid2":""}}

2022-11-22 16:42:57 - [TEST_STEP][PASSED] - delay(3): Delayed 3 second(s)

2022-11-22 16:43:00 - [MESSAGE][PASSED] - Delayed 3 second(s)

2022-11-22 16:43:00 - [TEST_STEP][PASSED] - scoring = sendRequest(findTestObject("EngineScore", ["response_searchME_kons":response_searchME_kons, "response_searchME_spouse":response_searchME_spouse])): Send request successfully

2022-11-22 16:43:00 - [MESSAGE][INFO] - HAR: D:\DMS\Engine Scoring\Reports\20221122_162012\Exclude KKB - DS\Scoring Individu - KKB\20221122_162012\requests\main\491.har

2022-11-22 16:43:00 - [MESSAGE][PASSED] - Send request successfully

2022-11-22 16:43:00 - [TEST_STEP][PASSED] - verifyResponseStatusCode(scoring, 200): Verify response status code successfully

2022-11-22 16:43:00 - [MESSAGE][PASSED] - Verify response status code successfully

2022-11-22 16:43:00 - [TEST_STEP][PASSED] - response2 = scoring.getResponseText(): null

2022-11-22 16:43:00 - [TEST_STEP][PASSED] - markPassed("result service data ke : " + no): result service data ke : 246

2022-11-22 16:43:00 - [MESSAGE][PASSED] - result service data ke : 246

2022-11-22 16:43:00 - [TEST_STEP][PASSED] - logInfo($response2): {"result_konsumen":"Reject","result_pasangan":"","Final_result":"Reject","errorMessage":"","status":"Done"}

2022-11-22 16:43:00 - [MESSAGE][INFO] - {"result_konsumen":"Reject","result_pasangan":"","Final_result":"Reject","errorMessage":"","status":"Done"}

2022-11-22 16:43:00 - [TEST_STEP][PASSED] - verifyElementPropertyValue(scoring, "Final_result", final_result): Verify element property value successfully

2022-11-22 16:43:00 - [MESSAGE][PASSED] - Verify element property value successfully]]></system-out>
         <system-err><![CDATA[]]></system-err>
      </testcase>
      <testcase name="Test Cases/Engine_Scoring/Engine Scoring" time="6.069" classname="Test Cases/Engine_Scoring/Engine Scoring" status="PASSED">
         <system-out><![CDATA[2022-11-22 16:43:00 - [TEST_CASE][PASSED] - Test Cases/Engine_Scoring/Engine Scoring: Test Cases/Engine_Scoring/Engine Scoring

2022-11-22 16:43:02 - [TEST_STEP][PASSED] - markPassed("Variasi data ke : " + no): Variasi data ke : 247

2022-11-22 16:43:02 - [MESSAGE][PASSED] - Variasi data ke : 247

2022-11-22 16:43:02 - [TEST_STEP][PASSED] - req_data = sendRequest(findTestObject("Search_ME", ["MID":MID, "source":source, "ip":ip, "userid":userid, "branch":branch, "tipekons":tipekons, "marital":marital, "penjamin":penjamin, ... ])): Send request successfully

2022-11-22 16:43:03 - [MESSAGE][INFO] - HAR: D:\DMS\Engine Scoring\Reports\20221122_162012\Exclude KKB - DS\Scoring Individu - KKB\20221122_162012\requests\main\492.har

2022-11-22 16:43:03 - [MESSAGE][PASSED] - Send request successfully

2022-11-22 16:43:03 - [TEST_STEP][PASSED] - slurper = new groovy.json.JsonSlurper(): null

2022-11-22 16:43:03 - [TEST_STEP][PASSED] - result = slurper.parseText(req_data.getResponseBodyContent()): null

2022-11-22 16:43:03 - [TEST_STEP][PASSED] - reqid_kons = requestid1: null

2022-11-22 16:43:03 - [TEST_STEP][PASSED] - reqid_spouse = requestid2: null

2022-11-22 16:43:03 - [TEST_STEP][PASSED] - println("requestid kons : " + reqid_kons): null

2022-11-22 16:43:03 - [TEST_STEP][PASSED] - response_searchME_kons = reqid_kons: null

2022-11-22 16:43:03 - [TEST_STEP][PASSED] - response_searchME_spouse = reqid_spouse: null

2022-11-22 16:43:03 - [TEST_STEP][PASSED] - println("kons req id is :" + response_searchME_kons): null

2022-11-22 16:43:03 - [TEST_STEP][PASSED] - println("spouse req id is : " + response_searchME_spouse): null

2022-11-22 16:43:03 - [TEST_STEP][PASSED] - verifyResponseStatusCode(req_data, 200): Verify response status code successfully

2022-11-22 16:43:03 - [MESSAGE][PASSED] - Verify response status code successfully

2022-11-22 16:43:03 - [TEST_STEP][PASSED] - response = req_data.getResponseText(): null

2022-11-22 16:43:03 - [TEST_STEP][PASSED] - logInfo($response): {"status":"Done","data":{"requestid1":"242370","requestid2":""}}

2022-11-22 16:43:03 - [MESSAGE][INFO] - {"status":"Done","data":{"requestid1":"242370","requestid2":""}}

2022-11-22 16:43:03 - [TEST_STEP][PASSED] - delay(3): Delayed 3 second(s)

2022-11-22 16:43:06 - [MESSAGE][PASSED] - Delayed 3 second(s)

2022-11-22 16:43:06 - [TEST_STEP][PASSED] - scoring = sendRequest(findTestObject("EngineScore", ["response_searchME_kons":response_searchME_kons, "response_searchME_spouse":response_searchME_spouse])): Send request successfully

2022-11-22 16:43:06 - [MESSAGE][INFO] - HAR: D:\DMS\Engine Scoring\Reports\20221122_162012\Exclude KKB - DS\Scoring Individu - KKB\20221122_162012\requests\main\493.har

2022-11-22 16:43:06 - [MESSAGE][PASSED] - Send request successfully

2022-11-22 16:43:06 - [TEST_STEP][PASSED] - verifyResponseStatusCode(scoring, 200): Verify response status code successfully

2022-11-22 16:43:06 - [MESSAGE][PASSED] - Verify response status code successfully

2022-11-22 16:43:06 - [TEST_STEP][PASSED] - response2 = scoring.getResponseText(): null

2022-11-22 16:43:06 - [TEST_STEP][PASSED] - markPassed("result service data ke : " + no): result service data ke : 247

2022-11-22 16:43:06 - [MESSAGE][PASSED] - result service data ke : 247

2022-11-22 16:43:06 - [TEST_STEP][PASSED] - logInfo($response2): {"result_konsumen":"Reject","result_pasangan":"","Final_result":"Reject","errorMessage":"","status":"Done"}

2022-11-22 16:43:06 - [MESSAGE][INFO] - {"result_konsumen":"Reject","result_pasangan":"","Final_result":"Reject","errorMessage":"","status":"Done"}

2022-11-22 16:43:06 - [TEST_STEP][PASSED] - verifyElementPropertyValue(scoring, "Final_result", final_result): Verify element property value successfully

2022-11-22 16:43:06 - [MESSAGE][PASSED] - Verify element property value successfully]]></system-out>
         <system-err><![CDATA[]]></system-err>
      </testcase>
      <testcase name="Test Cases/Engine_Scoring/Engine Scoring" time="6.18" classname="Test Cases/Engine_Scoring/Engine Scoring" status="PASSED">
         <system-out><![CDATA[2022-11-22 16:43:06 - [TEST_CASE][PASSED] - Test Cases/Engine_Scoring/Engine Scoring: Test Cases/Engine_Scoring/Engine Scoring

2022-11-22 16:43:08 - [TEST_STEP][PASSED] - markPassed("Variasi data ke : " + no): Variasi data ke : 248

2022-11-22 16:43:08 - [MESSAGE][PASSED] - Variasi data ke : 248

2022-11-22 16:43:08 - [TEST_STEP][PASSED] - req_data = sendRequest(findTestObject("Search_ME", ["MID":MID, "source":source, "ip":ip, "userid":userid, "branch":branch, "tipekons":tipekons, "marital":marital, "penjamin":penjamin, ... ])): Send request successfully

2022-11-22 16:43:09 - [MESSAGE][INFO] - HAR: D:\DMS\Engine Scoring\Reports\20221122_162012\Exclude KKB - DS\Scoring Individu - KKB\20221122_162012\requests\main\494.har

2022-11-22 16:43:09 - [MESSAGE][PASSED] - Send request successfully

2022-11-22 16:43:09 - [TEST_STEP][PASSED] - slurper = new groovy.json.JsonSlurper(): null

2022-11-22 16:43:09 - [TEST_STEP][PASSED] - result = slurper.parseText(req_data.getResponseBodyContent()): null

2022-11-22 16:43:09 - [TEST_STEP][PASSED] - reqid_kons = requestid1: null

2022-11-22 16:43:09 - [TEST_STEP][PASSED] - reqid_spouse = requestid2: null

2022-11-22 16:43:09 - [TEST_STEP][PASSED] - println("requestid kons : " + reqid_kons): null

2022-11-22 16:43:09 - [TEST_STEP][PASSED] - response_searchME_kons = reqid_kons: null

2022-11-22 16:43:09 - [TEST_STEP][PASSED] - response_searchME_spouse = reqid_spouse: null

2022-11-22 16:43:09 - [TEST_STEP][PASSED] - println("kons req id is :" + response_searchME_kons): null

2022-11-22 16:43:09 - [TEST_STEP][PASSED] - println("spouse req id is : " + response_searchME_spouse): null

2022-11-22 16:43:09 - [TEST_STEP][PASSED] - verifyResponseStatusCode(req_data, 200): Verify response status code successfully

2022-11-22 16:43:09 - [MESSAGE][PASSED] - Verify response status code successfully

2022-11-22 16:43:09 - [TEST_STEP][PASSED] - response = req_data.getResponseText(): null

2022-11-22 16:43:09 - [TEST_STEP][PASSED] - logInfo($response): {"status":"Done","data":{"requestid1":"242371","requestid2":""}}

2022-11-22 16:43:09 - [MESSAGE][INFO] - {"status":"Done","data":{"requestid1":"242371","requestid2":""}}

2022-11-22 16:43:09 - [TEST_STEP][PASSED] - delay(3): Delayed 3 second(s)

2022-11-22 16:43:12 - [MESSAGE][PASSED] - Delayed 3 second(s)

2022-11-22 16:43:12 - [TEST_STEP][PASSED] - scoring = sendRequest(findTestObject("EngineScore", ["response_searchME_kons":response_searchME_kons, "response_searchME_spouse":response_searchME_spouse])): Send request successfully

2022-11-22 16:43:13 - [MESSAGE][INFO] - HAR: D:\DMS\Engine Scoring\Reports\20221122_162012\Exclude KKB - DS\Scoring Individu - KKB\20221122_162012\requests\main\495.har

2022-11-22 16:43:13 - [MESSAGE][PASSED] - Send request successfully

2022-11-22 16:43:13 - [TEST_STEP][PASSED] - verifyResponseStatusCode(scoring, 200): Verify response status code successfully

2022-11-22 16:43:13 - [MESSAGE][PASSED] - Verify response status code successfully

2022-11-22 16:43:13 - [TEST_STEP][PASSED] - response2 = scoring.getResponseText(): null

2022-11-22 16:43:13 - [TEST_STEP][PASSED] - markPassed("result service data ke : " + no): result service data ke : 248

2022-11-22 16:43:13 - [MESSAGE][PASSED] - result service data ke : 248

2022-11-22 16:43:13 - [TEST_STEP][PASSED] - logInfo($response2): {"result_konsumen":"Reject","result_pasangan":"","Final_result":"Reject","errorMessage":"","status":"Done"}

2022-11-22 16:43:13 - [MESSAGE][INFO] - {"result_konsumen":"Reject","result_pasangan":"","Final_result":"Reject","errorMessage":"","status":"Done"}

2022-11-22 16:43:13 - [TEST_STEP][PASSED] - verifyElementPropertyValue(scoring, "Final_result", final_result): Verify element property value successfully

2022-11-22 16:43:13 - [MESSAGE][PASSED] - Verify element property value successfully]]></system-out>
         <system-err><![CDATA[]]></system-err>
      </testcase>
      <testcase name="Test Cases/Engine_Scoring/Engine Scoring" time="6.224" classname="Test Cases/Engine_Scoring/Engine Scoring" status="PASSED">
         <system-out><![CDATA[2022-11-22 16:43:13 - [TEST_CASE][PASSED] - Test Cases/Engine_Scoring/Engine Scoring: Test Cases/Engine_Scoring/Engine Scoring

2022-11-22 16:43:14 - [TEST_STEP][PASSED] - markPassed("Variasi data ke : " + no): Variasi data ke : 249

2022-11-22 16:43:14 - [MESSAGE][PASSED] - Variasi data ke : 249

2022-11-22 16:43:14 - [TEST_STEP][PASSED] - req_data = sendRequest(findTestObject("Search_ME", ["MID":MID, "source":source, "ip":ip, "userid":userid, "branch":branch, "tipekons":tipekons, "marital":marital, "penjamin":penjamin, ... ])): Send request successfully

2022-11-22 16:43:16 - [MESSAGE][INFO] - HAR: D:\DMS\Engine Scoring\Reports\20221122_162012\Exclude KKB - DS\Scoring Individu - KKB\20221122_162012\requests\main\496.har

2022-11-22 16:43:16 - [MESSAGE][PASSED] - Send request successfully

2022-11-22 16:43:16 - [TEST_STEP][PASSED] - slurper = new groovy.json.JsonSlurper(): null

2022-11-22 16:43:16 - [TEST_STEP][PASSED] - result = slurper.parseText(req_data.getResponseBodyContent()): null

2022-11-22 16:43:16 - [TEST_STEP][PASSED] - reqid_kons = requestid1: null

2022-11-22 16:43:16 - [TEST_STEP][PASSED] - reqid_spouse = requestid2: null

2022-11-22 16:43:16 - [TEST_STEP][PASSED] - println("requestid kons : " + reqid_kons): null

2022-11-22 16:43:16 - [TEST_STEP][PASSED] - response_searchME_kons = reqid_kons: null

2022-11-22 16:43:16 - [TEST_STEP][PASSED] - response_searchME_spouse = reqid_spouse: null

2022-11-22 16:43:16 - [TEST_STEP][PASSED] - println("kons req id is :" + response_searchME_kons): null

2022-11-22 16:43:16 - [TEST_STEP][PASSED] - println("spouse req id is : " + response_searchME_spouse): null

2022-11-22 16:43:16 - [TEST_STEP][PASSED] - verifyResponseStatusCode(req_data, 200): Verify response status code successfully

2022-11-22 16:43:16 - [MESSAGE][PASSED] - Verify response status code successfully

2022-11-22 16:43:16 - [TEST_STEP][PASSED] - response = req_data.getResponseText(): null

2022-11-22 16:43:16 - [TEST_STEP][PASSED] - logInfo($response): {"status":"Done","data":{"requestid1":"242372","requestid2":""}}

2022-11-22 16:43:16 - [MESSAGE][INFO] - {"status":"Done","data":{"requestid1":"242372","requestid2":""}}

2022-11-22 16:43:16 - [TEST_STEP][PASSED] - delay(3): Delayed 3 second(s)

2022-11-22 16:43:19 - [MESSAGE][PASSED] - Delayed 3 second(s)

2022-11-22 16:43:19 - [TEST_STEP][PASSED] - scoring = sendRequest(findTestObject("EngineScore", ["response_searchME_kons":response_searchME_kons, "response_searchME_spouse":response_searchME_spouse])): Send request successfully

2022-11-22 16:43:19 - [MESSAGE][INFO] - HAR: D:\DMS\Engine Scoring\Reports\20221122_162012\Exclude KKB - DS\Scoring Individu - KKB\20221122_162012\requests\main\497.har

2022-11-22 16:43:19 - [MESSAGE][PASSED] - Send request successfully

2022-11-22 16:43:19 - [TEST_STEP][PASSED] - verifyResponseStatusCode(scoring, 200): Verify response status code successfully

2022-11-22 16:43:19 - [MESSAGE][PASSED] - Verify response status code successfully

2022-11-22 16:43:19 - [TEST_STEP][PASSED] - response2 = scoring.getResponseText(): null

2022-11-22 16:43:19 - [TEST_STEP][PASSED] - markPassed("result service data ke : " + no): result service data ke : 249

2022-11-22 16:43:19 - [MESSAGE][PASSED] - result service data ke : 249

2022-11-22 16:43:19 - [TEST_STEP][PASSED] - logInfo($response2): {"result_konsumen":"Reject","result_pasangan":"","Final_result":"Reject","errorMessage":"","status":"Done"}

2022-11-22 16:43:19 - [MESSAGE][INFO] - {"result_konsumen":"Reject","result_pasangan":"","Final_result":"Reject","errorMessage":"","status":"Done"}

2022-11-22 16:43:19 - [TEST_STEP][PASSED] - verifyElementPropertyValue(scoring, "Final_result", final_result): Verify element property value successfully

2022-11-22 16:43:19 - [MESSAGE][PASSED] - Verify element property value successfully]]></system-out>
         <system-err><![CDATA[]]></system-err>
      </testcase>
      <testcase name="Test Cases/Engine_Scoring/Engine Scoring" time="6.357" classname="Test Cases/Engine_Scoring/Engine Scoring" status="PASSED">
         <system-out><![CDATA[2022-11-22 16:43:19 - [TEST_CASE][PASSED] - Test Cases/Engine_Scoring/Engine Scoring: Test Cases/Engine_Scoring/Engine Scoring

2022-11-22 16:43:21 - [TEST_STEP][PASSED] - markPassed("Variasi data ke : " + no): Variasi data ke : 250

2022-11-22 16:43:21 - [MESSAGE][PASSED] - Variasi data ke : 250

2022-11-22 16:43:21 - [TEST_STEP][PASSED] - req_data = sendRequest(findTestObject("Search_ME", ["MID":MID, "source":source, "ip":ip, "userid":userid, "branch":branch, "tipekons":tipekons, "marital":marital, "penjamin":penjamin, ... ])): Send request successfully

2022-11-22 16:43:22 - [MESSAGE][INFO] - HAR: D:\DMS\Engine Scoring\Reports\20221122_162012\Exclude KKB - DS\Scoring Individu - KKB\20221122_162012\requests\main\498.har

2022-11-22 16:43:22 - [MESSAGE][PASSED] - Send request successfully

2022-11-22 16:43:22 - [TEST_STEP][PASSED] - slurper = new groovy.json.JsonSlurper(): null

2022-11-22 16:43:22 - [TEST_STEP][PASSED] - result = slurper.parseText(req_data.getResponseBodyContent()): null

2022-11-22 16:43:22 - [TEST_STEP][PASSED] - reqid_kons = requestid1: null

2022-11-22 16:43:22 - [TEST_STEP][PASSED] - reqid_spouse = requestid2: null

2022-11-22 16:43:22 - [TEST_STEP][PASSED] - println("requestid kons : " + reqid_kons): null

2022-11-22 16:43:22 - [TEST_STEP][PASSED] - response_searchME_kons = reqid_kons: null

2022-11-22 16:43:22 - [TEST_STEP][PASSED] - response_searchME_spouse = reqid_spouse: null

2022-11-22 16:43:22 - [TEST_STEP][PASSED] - println("kons req id is :" + response_searchME_kons): null

2022-11-22 16:43:22 - [TEST_STEP][PASSED] - println("spouse req id is : " + response_searchME_spouse): null

2022-11-22 16:43:22 - [TEST_STEP][PASSED] - verifyResponseStatusCode(req_data, 200): Verify response status code successfully

2022-11-22 16:43:22 - [MESSAGE][PASSED] - Verify response status code successfully

2022-11-22 16:43:22 - [TEST_STEP][PASSED] - response = req_data.getResponseText(): null

2022-11-22 16:43:22 - [TEST_STEP][PASSED] - logInfo($response): {"status":"Done","data":{"requestid1":"242373","requestid2":""}}

2022-11-22 16:43:22 - [MESSAGE][INFO] - {"status":"Done","data":{"requestid1":"242373","requestid2":""}}

2022-11-22 16:43:22 - [TEST_STEP][PASSED] - delay(3): Delayed 3 second(s)

2022-11-22 16:43:25 - [MESSAGE][PASSED] - Delayed 3 second(s)

2022-11-22 16:43:25 - [TEST_STEP][PASSED] - scoring = sendRequest(findTestObject("EngineScore", ["response_searchME_kons":response_searchME_kons, "response_searchME_spouse":response_searchME_spouse])): Send request successfully

2022-11-22 16:43:25 - [MESSAGE][INFO] - HAR: D:\DMS\Engine Scoring\Reports\20221122_162012\Exclude KKB - DS\Scoring Individu - KKB\20221122_162012\requests\main\499.har

2022-11-22 16:43:25 - [MESSAGE][PASSED] - Send request successfully

2022-11-22 16:43:25 - [TEST_STEP][PASSED] - verifyResponseStatusCode(scoring, 200): Verify response status code successfully

2022-11-22 16:43:25 - [MESSAGE][PASSED] - Verify response status code successfully

2022-11-22 16:43:25 - [TEST_STEP][PASSED] - response2 = scoring.getResponseText(): null

2022-11-22 16:43:25 - [TEST_STEP][PASSED] - markPassed("result service data ke : " + no): result service data ke : 250

2022-11-22 16:43:25 - [MESSAGE][PASSED] - result service data ke : 250

2022-11-22 16:43:25 - [TEST_STEP][PASSED] - logInfo($response2): {"result_konsumen":"Reject","result_pasangan":"","Final_result":"Reject","errorMessage":"","status":"Done"}

2022-11-22 16:43:25 - [MESSAGE][INFO] - {"result_konsumen":"Reject","result_pasangan":"","Final_result":"Reject","errorMessage":"","status":"Done"}

2022-11-22 16:43:25 - [TEST_STEP][PASSED] - verifyElementPropertyValue(scoring, "Final_result", final_result): Verify element property value successfully

2022-11-22 16:43:25 - [MESSAGE][PASSED] - Verify element property value successfully]]></system-out>
         <system-err><![CDATA[]]></system-err>
      </testcase>
      <testcase name="Test Cases/Engine_Scoring/Engine Scoring" time="6.011" classname="Test Cases/Engine_Scoring/Engine Scoring" status="PASSED">
         <system-out><![CDATA[2022-11-22 16:43:25 - [TEST_CASE][PASSED] - Test Cases/Engine_Scoring/Engine Scoring: Test Cases/Engine_Scoring/Engine Scoring

2022-11-22 16:43:27 - [TEST_STEP][PASSED] - markPassed("Variasi data ke : " + no): Variasi data ke : 251

2022-11-22 16:43:27 - [MESSAGE][PASSED] - Variasi data ke : 251

2022-11-22 16:43:27 - [TEST_STEP][PASSED] - req_data = sendRequest(findTestObject("Search_ME", ["MID":MID, "source":source, "ip":ip, "userid":userid, "branch":branch, "tipekons":tipekons, "marital":marital, "penjamin":penjamin, ... ])): Send request successfully

2022-11-22 16:43:28 - [MESSAGE][INFO] - HAR: D:\DMS\Engine Scoring\Reports\20221122_162012\Exclude KKB - DS\Scoring Individu - KKB\20221122_162012\requests\main\500.har

2022-11-22 16:43:28 - [MESSAGE][PASSED] - Send request successfully

2022-11-22 16:43:28 - [TEST_STEP][PASSED] - slurper = new groovy.json.JsonSlurper(): null

2022-11-22 16:43:28 - [TEST_STEP][PASSED] - result = slurper.parseText(req_data.getResponseBodyContent()): null

2022-11-22 16:43:28 - [TEST_STEP][PASSED] - reqid_kons = requestid1: null

2022-11-22 16:43:28 - [TEST_STEP][PASSED] - reqid_spouse = requestid2: null

2022-11-22 16:43:28 - [TEST_STEP][PASSED] - println("requestid kons : " + reqid_kons): null

2022-11-22 16:43:28 - [TEST_STEP][PASSED] - response_searchME_kons = reqid_kons: null

2022-11-22 16:43:28 - [TEST_STEP][PASSED] - response_searchME_spouse = reqid_spouse: null

2022-11-22 16:43:28 - [TEST_STEP][PASSED] - println("kons req id is :" + response_searchME_kons): null

2022-11-22 16:43:28 - [TEST_STEP][PASSED] - println("spouse req id is : " + response_searchME_spouse): null

2022-11-22 16:43:28 - [TEST_STEP][PASSED] - verifyResponseStatusCode(req_data, 200): Verify response status code successfully

2022-11-22 16:43:28 - [MESSAGE][PASSED] - Verify response status code successfully

2022-11-22 16:43:28 - [TEST_STEP][PASSED] - response = req_data.getResponseText(): null

2022-11-22 16:43:28 - [TEST_STEP][PASSED] - logInfo($response): {"status":"Done","data":{"requestid1":"242374","requestid2":""}}

2022-11-22 16:43:28 - [MESSAGE][INFO] - {"status":"Done","data":{"requestid1":"242374","requestid2":""}}

2022-11-22 16:43:28 - [TEST_STEP][PASSED] - delay(3): Delayed 3 second(s)

2022-11-22 16:43:31 - [MESSAGE][PASSED] - Delayed 3 second(s)

2022-11-22 16:43:31 - [TEST_STEP][PASSED] - scoring = sendRequest(findTestObject("EngineScore", ["response_searchME_kons":response_searchME_kons, "response_searchME_spouse":response_searchME_spouse])): Send request successfully

2022-11-22 16:43:31 - [MESSAGE][INFO] - HAR: D:\DMS\Engine Scoring\Reports\20221122_162012\Exclude KKB - DS\Scoring Individu - KKB\20221122_162012\requests\main\501.har

2022-11-22 16:43:31 - [MESSAGE][PASSED] - Send request successfully

2022-11-22 16:43:31 - [TEST_STEP][PASSED] - verifyResponseStatusCode(scoring, 200): Verify response status code successfully

2022-11-22 16:43:31 - [MESSAGE][PASSED] - Verify response status code successfully

2022-11-22 16:43:31 - [TEST_STEP][PASSED] - response2 = scoring.getResponseText(): null

2022-11-22 16:43:31 - [TEST_STEP][PASSED] - markPassed("result service data ke : " + no): result service data ke : 251

2022-11-22 16:43:31 - [MESSAGE][PASSED] - result service data ke : 251

2022-11-22 16:43:31 - [TEST_STEP][PASSED] - logInfo($response2): {"result_konsumen":"Reject","result_pasangan":"","Final_result":"Reject","errorMessage":"","status":"Done"}

2022-11-22 16:43:31 - [MESSAGE][INFO] - {"result_konsumen":"Reject","result_pasangan":"","Final_result":"Reject","errorMessage":"","status":"Done"}

2022-11-22 16:43:31 - [TEST_STEP][PASSED] - verifyElementPropertyValue(scoring, "Final_result", final_result): Verify element property value successfully

2022-11-22 16:43:32 - [MESSAGE][PASSED] - Verify element property value successfully]]></system-out>
         <system-err><![CDATA[]]></system-err>
      </testcase>
      <testcase name="Test Cases/Engine_Scoring/Engine Scoring" time="6.121" classname="Test Cases/Engine_Scoring/Engine Scoring" status="PASSED">
         <system-out><![CDATA[2022-11-22 16:43:32 - [TEST_CASE][PASSED] - Test Cases/Engine_Scoring/Engine Scoring: Test Cases/Engine_Scoring/Engine Scoring

2022-11-22 16:43:33 - [TEST_STEP][PASSED] - markPassed("Variasi data ke : " + no): Variasi data ke : 252

2022-11-22 16:43:33 - [MESSAGE][PASSED] - Variasi data ke : 252

2022-11-22 16:43:33 - [TEST_STEP][PASSED] - req_data = sendRequest(findTestObject("Search_ME", ["MID":MID, "source":source, "ip":ip, "userid":userid, "branch":branch, "tipekons":tipekons, "marital":marital, "penjamin":penjamin, ... ])): Send request successfully

2022-11-22 16:43:34 - [MESSAGE][INFO] - HAR: D:\DMS\Engine Scoring\Reports\20221122_162012\Exclude KKB - DS\Scoring Individu - KKB\20221122_162012\requests\main\502.har

2022-11-22 16:43:34 - [MESSAGE][PASSED] - Send request successfully

2022-11-22 16:43:34 - [TEST_STEP][PASSED] - slurper = new groovy.json.JsonSlurper(): null

2022-11-22 16:43:34 - [TEST_STEP][PASSED] - result = slurper.parseText(req_data.getResponseBodyContent()): null

2022-11-22 16:43:34 - [TEST_STEP][PASSED] - reqid_kons = requestid1: null

2022-11-22 16:43:34 - [TEST_STEP][PASSED] - reqid_spouse = requestid2: null

2022-11-22 16:43:34 - [TEST_STEP][PASSED] - println("requestid kons : " + reqid_kons): null

2022-11-22 16:43:34 - [TEST_STEP][PASSED] - response_searchME_kons = reqid_kons: null

2022-11-22 16:43:34 - [TEST_STEP][PASSED] - response_searchME_spouse = reqid_spouse: null

2022-11-22 16:43:34 - [TEST_STEP][PASSED] - println("kons req id is :" + response_searchME_kons): null

2022-11-22 16:43:34 - [TEST_STEP][PASSED] - println("spouse req id is : " + response_searchME_spouse): null

2022-11-22 16:43:34 - [TEST_STEP][PASSED] - verifyResponseStatusCode(req_data, 200): Verify response status code successfully

2022-11-22 16:43:34 - [MESSAGE][PASSED] - Verify response status code successfully

2022-11-22 16:43:34 - [TEST_STEP][PASSED] - response = req_data.getResponseText(): null

2022-11-22 16:43:34 - [TEST_STEP][PASSED] - logInfo($response): {"status":"Done","data":{"requestid1":"242375","requestid2":""}}

2022-11-22 16:43:34 - [MESSAGE][INFO] - {"status":"Done","data":{"requestid1":"242375","requestid2":""}}

2022-11-22 16:43:34 - [TEST_STEP][PASSED] - delay(3): Delayed 3 second(s)

2022-11-22 16:43:37 - [MESSAGE][PASSED] - Delayed 3 second(s)

2022-11-22 16:43:37 - [TEST_STEP][PASSED] - scoring = sendRequest(findTestObject("EngineScore", ["response_searchME_kons":response_searchME_kons, "response_searchME_spouse":response_searchME_spouse])): Send request successfully

2022-11-22 16:43:38 - [MESSAGE][INFO] - HAR: D:\DMS\Engine Scoring\Reports\20221122_162012\Exclude KKB - DS\Scoring Individu - KKB\20221122_162012\requests\main\503.har

2022-11-22 16:43:38 - [MESSAGE][PASSED] - Send request successfully

2022-11-22 16:43:38 - [TEST_STEP][PASSED] - verifyResponseStatusCode(scoring, 200): Verify response status code successfully

2022-11-22 16:43:38 - [MESSAGE][PASSED] - Verify response status code successfully

2022-11-22 16:43:38 - [TEST_STEP][PASSED] - response2 = scoring.getResponseText(): null

2022-11-22 16:43:38 - [TEST_STEP][PASSED] - markPassed("result service data ke : " + no): result service data ke : 252

2022-11-22 16:43:38 - [MESSAGE][PASSED] - result service data ke : 252

2022-11-22 16:43:38 - [TEST_STEP][PASSED] - logInfo($response2): {"result_konsumen":"Reject","result_pasangan":"","Final_result":"Reject","errorMessage":"","status":"Done"}

2022-11-22 16:43:38 - [MESSAGE][INFO] - {"result_konsumen":"Reject","result_pasangan":"","Final_result":"Reject","errorMessage":"","status":"Done"}

2022-11-22 16:43:38 - [TEST_STEP][PASSED] - verifyElementPropertyValue(scoring, "Final_result", final_result): Verify element property value successfully

2022-11-22 16:43:38 - [MESSAGE][PASSED] - Verify element property value successfully]]></system-out>
         <system-err><![CDATA[]]></system-err>
      </testcase>
      <testcase name="Test Cases/Engine_Scoring/Engine Scoring" time="9.833" classname="Test Cases/Engine_Scoring/Engine Scoring" status="PASSED">
         <system-out><![CDATA[2022-11-22 16:43:38 - [TEST_CASE][PASSED] - Test Cases/Engine_Scoring/Engine Scoring: Test Cases/Engine_Scoring/Engine Scoring

2022-11-22 16:43:39 - [TEST_STEP][PASSED] - markPassed("Variasi data ke : " + no): Variasi data ke : 253

2022-11-22 16:43:39 - [MESSAGE][PASSED] - Variasi data ke : 253

2022-11-22 16:43:39 - [TEST_STEP][PASSED] - req_data = sendRequest(findTestObject("Search_ME", ["MID":MID, "source":source, "ip":ip, "userid":userid, "branch":branch, "tipekons":tipekons, "marital":marital, "penjamin":penjamin, ... ])): Send request successfully

2022-11-22 16:43:44 - [MESSAGE][INFO] - HAR: D:\DMS\Engine Scoring\Reports\20221122_162012\Exclude KKB - DS\Scoring Individu - KKB\20221122_162012\requests\main\504.har

2022-11-22 16:43:44 - [MESSAGE][PASSED] - Send request successfully

2022-11-22 16:43:44 - [TEST_STEP][PASSED] - slurper = new groovy.json.JsonSlurper(): null

2022-11-22 16:43:44 - [TEST_STEP][PASSED] - result = slurper.parseText(req_data.getResponseBodyContent()): null

2022-11-22 16:43:44 - [TEST_STEP][PASSED] - reqid_kons = requestid1: null

2022-11-22 16:43:44 - [TEST_STEP][PASSED] - reqid_spouse = requestid2: null

2022-11-22 16:43:44 - [TEST_STEP][PASSED] - println("requestid kons : " + reqid_kons): null

2022-11-22 16:43:44 - [TEST_STEP][PASSED] - response_searchME_kons = reqid_kons: null

2022-11-22 16:43:44 - [TEST_STEP][PASSED] - response_searchME_spouse = reqid_spouse: null

2022-11-22 16:43:44 - [TEST_STEP][PASSED] - println("kons req id is :" + response_searchME_kons): null

2022-11-22 16:43:44 - [TEST_STEP][PASSED] - println("spouse req id is : " + response_searchME_spouse): null

2022-11-22 16:43:44 - [TEST_STEP][PASSED] - verifyResponseStatusCode(req_data, 200): Verify response status code successfully

2022-11-22 16:43:44 - [MESSAGE][PASSED] - Verify response status code successfully

2022-11-22 16:43:44 - [TEST_STEP][PASSED] - response = req_data.getResponseText(): null

2022-11-22 16:43:44 - [TEST_STEP][PASSED] - logInfo($response): {"status":"Done","data":{"requestid1":"242376","requestid2":""}}

2022-11-22 16:43:44 - [MESSAGE][INFO] - {"status":"Done","data":{"requestid1":"242376","requestid2":""}}

2022-11-22 16:43:44 - [TEST_STEP][PASSED] - delay(3): Delayed 3 second(s)

2022-11-22 16:43:47 - [MESSAGE][PASSED] - Delayed 3 second(s)

2022-11-22 16:43:47 - [TEST_STEP][PASSED] - scoring = sendRequest(findTestObject("EngineScore", ["response_searchME_kons":response_searchME_kons, "response_searchME_spouse":response_searchME_spouse])): Send request successfully

2022-11-22 16:43:48 - [MESSAGE][INFO] - HAR: D:\DMS\Engine Scoring\Reports\20221122_162012\Exclude KKB - DS\Scoring Individu - KKB\20221122_162012\requests\main\505.har

2022-11-22 16:43:48 - [MESSAGE][PASSED] - Send request successfully

2022-11-22 16:43:48 - [TEST_STEP][PASSED] - verifyResponseStatusCode(scoring, 200): Verify response status code successfully

2022-11-22 16:43:48 - [MESSAGE][PASSED] - Verify response status code successfully

2022-11-22 16:43:48 - [TEST_STEP][PASSED] - response2 = scoring.getResponseText(): null

2022-11-22 16:43:48 - [TEST_STEP][PASSED] - markPassed("result service data ke : " + no): result service data ke : 253

2022-11-22 16:43:48 - [MESSAGE][PASSED] - result service data ke : 253

2022-11-22 16:43:48 - [TEST_STEP][PASSED] - logInfo($response2): {"result_konsumen":"Reject","result_pasangan":"","Final_result":"Reject","errorMessage":"","status":"Done"}

2022-11-22 16:43:48 - [MESSAGE][INFO] - {"result_konsumen":"Reject","result_pasangan":"","Final_result":"Reject","errorMessage":"","status":"Done"}

2022-11-22 16:43:48 - [TEST_STEP][PASSED] - verifyElementPropertyValue(scoring, "Final_result", final_result): Verify element property value successfully

2022-11-22 16:43:48 - [MESSAGE][PASSED] - Verify element property value successfully]]></system-out>
         <system-err><![CDATA[]]></system-err>
      </testcase>
      <testcase name="Test Cases/Engine_Scoring/Engine Scoring" time="5.992" classname="Test Cases/Engine_Scoring/Engine Scoring" status="PASSED">
         <system-out><![CDATA[2022-11-22 16:43:48 - [TEST_CASE][PASSED] - Test Cases/Engine_Scoring/Engine Scoring: Test Cases/Engine_Scoring/Engine Scoring

2022-11-22 16:43:49 - [TEST_STEP][PASSED] - markPassed("Variasi data ke : " + no): Variasi data ke : 254

2022-11-22 16:43:49 - [MESSAGE][PASSED] - Variasi data ke : 254

2022-11-22 16:43:49 - [TEST_STEP][PASSED] - req_data = sendRequest(findTestObject("Search_ME", ["MID":MID, "source":source, "ip":ip, "userid":userid, "branch":branch, "tipekons":tipekons, "marital":marital, "penjamin":penjamin, ... ])): Send request successfully

2022-11-22 16:43:51 - [MESSAGE][INFO] - HAR: D:\DMS\Engine Scoring\Reports\20221122_162012\Exclude KKB - DS\Scoring Individu - KKB\20221122_162012\requests\main\506.har

2022-11-22 16:43:51 - [MESSAGE][PASSED] - Send request successfully

2022-11-22 16:43:51 - [TEST_STEP][PASSED] - slurper = new groovy.json.JsonSlurper(): null

2022-11-22 16:43:51 - [TEST_STEP][PASSED] - result = slurper.parseText(req_data.getResponseBodyContent()): null

2022-11-22 16:43:51 - [TEST_STEP][PASSED] - reqid_kons = requestid1: null

2022-11-22 16:43:51 - [TEST_STEP][PASSED] - reqid_spouse = requestid2: null

2022-11-22 16:43:51 - [TEST_STEP][PASSED] - println("requestid kons : " + reqid_kons): null

2022-11-22 16:43:51 - [TEST_STEP][PASSED] - response_searchME_kons = reqid_kons: null

2022-11-22 16:43:51 - [TEST_STEP][PASSED] - response_searchME_spouse = reqid_spouse: null

2022-11-22 16:43:51 - [TEST_STEP][PASSED] - println("kons req id is :" + response_searchME_kons): null

2022-11-22 16:43:51 - [TEST_STEP][PASSED] - println("spouse req id is : " + response_searchME_spouse): null

2022-11-22 16:43:51 - [TEST_STEP][PASSED] - verifyResponseStatusCode(req_data, 200): Verify response status code successfully

2022-11-22 16:43:51 - [MESSAGE][PASSED] - Verify response status code successfully

2022-11-22 16:43:51 - [TEST_STEP][PASSED] - response = req_data.getResponseText(): null

2022-11-22 16:43:51 - [TEST_STEP][PASSED] - logInfo($response): {"status":"Done","data":{"requestid1":"242377","requestid2":""}}

2022-11-22 16:43:51 - [MESSAGE][INFO] - {"status":"Done","data":{"requestid1":"242377","requestid2":""}}

2022-11-22 16:43:51 - [TEST_STEP][PASSED] - delay(3): Delayed 3 second(s)

2022-11-22 16:43:54 - [MESSAGE][PASSED] - Delayed 3 second(s)

2022-11-22 16:43:54 - [TEST_STEP][PASSED] - scoring = sendRequest(findTestObject("EngineScore", ["response_searchME_kons":response_searchME_kons, "response_searchME_spouse":response_searchME_spouse])): Send request successfully

2022-11-22 16:43:54 - [MESSAGE][INFO] - HAR: D:\DMS\Engine Scoring\Reports\20221122_162012\Exclude KKB - DS\Scoring Individu - KKB\20221122_162012\requests\main\507.har

2022-11-22 16:43:54 - [MESSAGE][PASSED] - Send request successfully

2022-11-22 16:43:54 - [TEST_STEP][PASSED] - verifyResponseStatusCode(scoring, 200): Verify response status code successfully

2022-11-22 16:43:54 - [MESSAGE][PASSED] - Verify response status code successfully

2022-11-22 16:43:54 - [TEST_STEP][PASSED] - response2 = scoring.getResponseText(): null

2022-11-22 16:43:54 - [TEST_STEP][PASSED] - markPassed("result service data ke : " + no): result service data ke : 254

2022-11-22 16:43:54 - [MESSAGE][PASSED] - result service data ke : 254

2022-11-22 16:43:54 - [TEST_STEP][PASSED] - logInfo($response2): {"result_konsumen":"Reject","result_pasangan":"","Final_result":"Reject","errorMessage":"","status":"Done"}

2022-11-22 16:43:54 - [MESSAGE][INFO] - {"result_konsumen":"Reject","result_pasangan":"","Final_result":"Reject","errorMessage":"","status":"Done"}

2022-11-22 16:43:54 - [TEST_STEP][PASSED] - verifyElementPropertyValue(scoring, "Final_result", final_result): Verify element property value successfully

2022-11-22 16:43:54 - [MESSAGE][PASSED] - Verify element property value successfully]]></system-out>
         <system-err><![CDATA[]]></system-err>
      </testcase>
      <testcase name="Test Cases/Engine_Scoring/Engine Scoring" time="6.16" classname="Test Cases/Engine_Scoring/Engine Scoring" status="PASSED">
         <system-out><![CDATA[2022-11-22 16:43:54 - [TEST_CASE][PASSED] - Test Cases/Engine_Scoring/Engine Scoring: Test Cases/Engine_Scoring/Engine Scoring

2022-11-22 16:43:55 - [TEST_STEP][PASSED] - markPassed("Variasi data ke : " + no): Variasi data ke : 255

2022-11-22 16:43:55 - [MESSAGE][PASSED] - Variasi data ke : 255

2022-11-22 16:43:55 - [TEST_STEP][PASSED] - req_data = sendRequest(findTestObject("Search_ME", ["MID":MID, "source":source, "ip":ip, "userid":userid, "branch":branch, "tipekons":tipekons, "marital":marital, "penjamin":penjamin, ... ])): Send request successfully

2022-11-22 16:43:57 - [MESSAGE][INFO] - HAR: D:\DMS\Engine Scoring\Reports\20221122_162012\Exclude KKB - DS\Scoring Individu - KKB\20221122_162012\requests\main\508.har

2022-11-22 16:43:57 - [MESSAGE][PASSED] - Send request successfully

2022-11-22 16:43:57 - [TEST_STEP][PASSED] - slurper = new groovy.json.JsonSlurper(): null

2022-11-22 16:43:57 - [TEST_STEP][PASSED] - result = slurper.parseText(req_data.getResponseBodyContent()): null

2022-11-22 16:43:57 - [TEST_STEP][PASSED] - reqid_kons = requestid1: null

2022-11-22 16:43:57 - [TEST_STEP][PASSED] - reqid_spouse = requestid2: null

2022-11-22 16:43:57 - [TEST_STEP][PASSED] - println("requestid kons : " + reqid_kons): null

2022-11-22 16:43:57 - [TEST_STEP][PASSED] - response_searchME_kons = reqid_kons: null

2022-11-22 16:43:57 - [TEST_STEP][PASSED] - response_searchME_spouse = reqid_spouse: null

2022-11-22 16:43:57 - [TEST_STEP][PASSED] - println("kons req id is :" + response_searchME_kons): null

2022-11-22 16:43:57 - [TEST_STEP][PASSED] - println("spouse req id is : " + response_searchME_spouse): null

2022-11-22 16:43:57 - [TEST_STEP][PASSED] - verifyResponseStatusCode(req_data, 200): Verify response status code successfully

2022-11-22 16:43:57 - [MESSAGE][PASSED] - Verify response status code successfully

2022-11-22 16:43:57 - [TEST_STEP][PASSED] - response = req_data.getResponseText(): null

2022-11-22 16:43:57 - [TEST_STEP][PASSED] - logInfo($response): {"status":"Done","data":{"requestid1":"242378","requestid2":""}}

2022-11-22 16:43:57 - [MESSAGE][INFO] - {"status":"Done","data":{"requestid1":"242378","requestid2":""}}

2022-11-22 16:43:57 - [TEST_STEP][PASSED] - delay(3): Delayed 3 second(s)

2022-11-22 16:44:00 - [MESSAGE][PASSED] - Delayed 3 second(s)

2022-11-22 16:44:00 - [TEST_STEP][PASSED] - scoring = sendRequest(findTestObject("EngineScore", ["response_searchME_kons":response_searchME_kons, "response_searchME_spouse":response_searchME_spouse])): Send request successfully

2022-11-22 16:44:00 - [MESSAGE][INFO] - HAR: D:\DMS\Engine Scoring\Reports\20221122_162012\Exclude KKB - DS\Scoring Individu - KKB\20221122_162012\requests\main\509.har

2022-11-22 16:44:00 - [MESSAGE][PASSED] - Send request successfully

2022-11-22 16:44:00 - [TEST_STEP][PASSED] - verifyResponseStatusCode(scoring, 200): Verify response status code successfully

2022-11-22 16:44:00 - [MESSAGE][PASSED] - Verify response status code successfully

2022-11-22 16:44:00 - [TEST_STEP][PASSED] - response2 = scoring.getResponseText(): null

2022-11-22 16:44:00 - [TEST_STEP][PASSED] - markPassed("result service data ke : " + no): result service data ke : 255

2022-11-22 16:44:00 - [MESSAGE][PASSED] - result service data ke : 255

2022-11-22 16:44:00 - [TEST_STEP][PASSED] - logInfo($response2): {"result_konsumen":"Reject","result_pasangan":"","Final_result":"Reject","errorMessage":"","status":"Done"}

2022-11-22 16:44:00 - [MESSAGE][INFO] - {"result_konsumen":"Reject","result_pasangan":"","Final_result":"Reject","errorMessage":"","status":"Done"}

2022-11-22 16:44:00 - [TEST_STEP][PASSED] - verifyElementPropertyValue(scoring, "Final_result", final_result): Verify element property value successfully

2022-11-22 16:44:00 - [MESSAGE][PASSED] - Verify element property value successfully]]></system-out>
         <system-err><![CDATA[]]></system-err>
      </testcase>
      <testcase name="Test Cases/Engine_Scoring/Engine Scoring" time="6.34" classname="Test Cases/Engine_Scoring/Engine Scoring" status="PASSED">
         <system-out><![CDATA[2022-11-22 16:44:00 - [TEST_CASE][PASSED] - Test Cases/Engine_Scoring/Engine Scoring: Test Cases/Engine_Scoring/Engine Scoring

2022-11-22 16:44:01 - [TEST_STEP][PASSED] - markPassed("Variasi data ke : " + no): Variasi data ke : 256

2022-11-22 16:44:01 - [MESSAGE][PASSED] - Variasi data ke : 256

2022-11-22 16:44:01 - [TEST_STEP][PASSED] - req_data = sendRequest(findTestObject("Search_ME", ["MID":MID, "source":source, "ip":ip, "userid":userid, "branch":branch, "tipekons":tipekons, "marital":marital, "penjamin":penjamin, ... ])): Send request successfully

2022-11-22 16:44:03 - [MESSAGE][INFO] - HAR: D:\DMS\Engine Scoring\Reports\20221122_162012\Exclude KKB - DS\Scoring Individu - KKB\20221122_162012\requests\main\510.har

2022-11-22 16:44:03 - [MESSAGE][PASSED] - Send request successfully

2022-11-22 16:44:03 - [TEST_STEP][PASSED] - slurper = new groovy.json.JsonSlurper(): null

2022-11-22 16:44:03 - [TEST_STEP][PASSED] - result = slurper.parseText(req_data.getResponseBodyContent()): null

2022-11-22 16:44:03 - [TEST_STEP][PASSED] - reqid_kons = requestid1: null

2022-11-22 16:44:03 - [TEST_STEP][PASSED] - reqid_spouse = requestid2: null

2022-11-22 16:44:03 - [TEST_STEP][PASSED] - println("requestid kons : " + reqid_kons): null

2022-11-22 16:44:03 - [TEST_STEP][PASSED] - response_searchME_kons = reqid_kons: null

2022-11-22 16:44:03 - [TEST_STEP][PASSED] - response_searchME_spouse = reqid_spouse: null

2022-11-22 16:44:03 - [TEST_STEP][PASSED] - println("kons req id is :" + response_searchME_kons): null

2022-11-22 16:44:03 - [TEST_STEP][PASSED] - println("spouse req id is : " + response_searchME_spouse): null

2022-11-22 16:44:03 - [TEST_STEP][PASSED] - verifyResponseStatusCode(req_data, 200): Verify response status code successfully

2022-11-22 16:44:03 - [MESSAGE][PASSED] - Verify response status code successfully

2022-11-22 16:44:03 - [TEST_STEP][PASSED] - response = req_data.getResponseText(): null

2022-11-22 16:44:03 - [TEST_STEP][PASSED] - logInfo($response): {"status":"Done","data":{"requestid1":"242379","requestid2":""}}

2022-11-22 16:44:03 - [MESSAGE][INFO] - {"status":"Done","data":{"requestid1":"242379","requestid2":""}}

2022-11-22 16:44:03 - [TEST_STEP][PASSED] - delay(3): Delayed 3 second(s)

2022-11-22 16:44:06 - [MESSAGE][PASSED] - Delayed 3 second(s)

2022-11-22 16:44:06 - [TEST_STEP][PASSED] - scoring = sendRequest(findTestObject("EngineScore", ["response_searchME_kons":response_searchME_kons, "response_searchME_spouse":response_searchME_spouse])): Send request successfully

2022-11-22 16:44:06 - [MESSAGE][INFO] - HAR: D:\DMS\Engine Scoring\Reports\20221122_162012\Exclude KKB - DS\Scoring Individu - KKB\20221122_162012\requests\main\511.har

2022-11-22 16:44:06 - [MESSAGE][PASSED] - Send request successfully

2022-11-22 16:44:06 - [TEST_STEP][PASSED] - verifyResponseStatusCode(scoring, 200): Verify response status code successfully

2022-11-22 16:44:06 - [MESSAGE][PASSED] - Verify response status code successfully

2022-11-22 16:44:06 - [TEST_STEP][PASSED] - response2 = scoring.getResponseText(): null

2022-11-22 16:44:06 - [TEST_STEP][PASSED] - markPassed("result service data ke : " + no): result service data ke : 256

2022-11-22 16:44:06 - [MESSAGE][PASSED] - result service data ke : 256

2022-11-22 16:44:06 - [TEST_STEP][PASSED] - logInfo($response2): {"result_konsumen":"Reject","result_pasangan":"","Final_result":"Reject","errorMessage":"","status":"Done"}

2022-11-22 16:44:06 - [MESSAGE][INFO] - {"result_konsumen":"Reject","result_pasangan":"","Final_result":"Reject","errorMessage":"","status":"Done"}

2022-11-22 16:44:06 - [TEST_STEP][PASSED] - verifyElementPropertyValue(scoring, "Final_result", final_result): Verify element property value successfully

2022-11-22 16:44:06 - [MESSAGE][PASSED] - Verify element property value successfully]]></system-out>
         <system-err><![CDATA[]]></system-err>
      </testcase>
      <testcase name="Test Cases/Engine_Scoring/Engine Scoring" time="6.112" classname="Test Cases/Engine_Scoring/Engine Scoring" status="PASSED">
         <system-out><![CDATA[2022-11-22 16:44:06 - [TEST_CASE][PASSED] - Test Cases/Engine_Scoring/Engine Scoring: Test Cases/Engine_Scoring/Engine Scoring

2022-11-22 16:44:08 - [TEST_STEP][PASSED] - markPassed("Variasi data ke : " + no): Variasi data ke : 257

2022-11-22 16:44:08 - [MESSAGE][PASSED] - Variasi data ke : 257

2022-11-22 16:44:08 - [TEST_STEP][PASSED] - req_data = sendRequest(findTestObject("Search_ME", ["MID":MID, "source":source, "ip":ip, "userid":userid, "branch":branch, "tipekons":tipekons, "marital":marital, "penjamin":penjamin, ... ])): Send request successfully

2022-11-22 16:44:09 - [MESSAGE][INFO] - HAR: D:\DMS\Engine Scoring\Reports\20221122_162012\Exclude KKB - DS\Scoring Individu - KKB\20221122_162012\requests\main\512.har

2022-11-22 16:44:09 - [MESSAGE][PASSED] - Send request successfully

2022-11-22 16:44:09 - [TEST_STEP][PASSED] - slurper = new groovy.json.JsonSlurper(): null

2022-11-22 16:44:09 - [TEST_STEP][PASSED] - result = slurper.parseText(req_data.getResponseBodyContent()): null

2022-11-22 16:44:09 - [TEST_STEP][PASSED] - reqid_kons = requestid1: null

2022-11-22 16:44:09 - [TEST_STEP][PASSED] - reqid_spouse = requestid2: null

2022-11-22 16:44:09 - [TEST_STEP][PASSED] - println("requestid kons : " + reqid_kons): null

2022-11-22 16:44:09 - [TEST_STEP][PASSED] - response_searchME_kons = reqid_kons: null

2022-11-22 16:44:09 - [TEST_STEP][PASSED] - response_searchME_spouse = reqid_spouse: null

2022-11-22 16:44:09 - [TEST_STEP][PASSED] - println("kons req id is :" + response_searchME_kons): null

2022-11-22 16:44:09 - [TEST_STEP][PASSED] - println("spouse req id is : " + response_searchME_spouse): null

2022-11-22 16:44:09 - [TEST_STEP][PASSED] - verifyResponseStatusCode(req_data, 200): Verify response status code successfully

2022-11-22 16:44:09 - [MESSAGE][PASSED] - Verify response status code successfully

2022-11-22 16:44:09 - [TEST_STEP][PASSED] - response = req_data.getResponseText(): null

2022-11-22 16:44:09 - [TEST_STEP][PASSED] - logInfo($response): {"status":"Done","data":{"requestid1":"242380","requestid2":""}}

2022-11-22 16:44:09 - [MESSAGE][INFO] - {"status":"Done","data":{"requestid1":"242380","requestid2":""}}

2022-11-22 16:44:09 - [TEST_STEP][PASSED] - delay(3): Delayed 3 second(s)

2022-11-22 16:44:12 - [MESSAGE][PASSED] - Delayed 3 second(s)

2022-11-22 16:44:12 - [TEST_STEP][PASSED] - scoring = sendRequest(findTestObject("EngineScore", ["response_searchME_kons":response_searchME_kons, "response_searchME_spouse":response_searchME_spouse])): Send request successfully

2022-11-22 16:44:13 - [MESSAGE][INFO] - HAR: D:\DMS\Engine Scoring\Reports\20221122_162012\Exclude KKB - DS\Scoring Individu - KKB\20221122_162012\requests\main\513.har

2022-11-22 16:44:13 - [MESSAGE][PASSED] - Send request successfully

2022-11-22 16:44:13 - [TEST_STEP][PASSED] - verifyResponseStatusCode(scoring, 200): Verify response status code successfully

2022-11-22 16:44:13 - [MESSAGE][PASSED] - Verify response status code successfully

2022-11-22 16:44:13 - [TEST_STEP][PASSED] - response2 = scoring.getResponseText(): null

2022-11-22 16:44:13 - [TEST_STEP][PASSED] - markPassed("result service data ke : " + no): result service data ke : 257

2022-11-22 16:44:13 - [MESSAGE][PASSED] - result service data ke : 257

2022-11-22 16:44:13 - [TEST_STEP][PASSED] - logInfo($response2): {"result_konsumen":"Reject","result_pasangan":"","Final_result":"Reject","errorMessage":"","status":"Done"}

2022-11-22 16:44:13 - [MESSAGE][INFO] - {"result_konsumen":"Reject","result_pasangan":"","Final_result":"Reject","errorMessage":"","status":"Done"}

2022-11-22 16:44:13 - [TEST_STEP][PASSED] - verifyElementPropertyValue(scoring, "Final_result", final_result): Verify element property value successfully

2022-11-22 16:44:13 - [MESSAGE][PASSED] - Verify element property value successfully]]></system-out>
         <system-err><![CDATA[]]></system-err>
      </testcase>
      <testcase name="Test Cases/Engine_Scoring/Engine Scoring" time="6.185" classname="Test Cases/Engine_Scoring/Engine Scoring" status="PASSED">
         <system-out><![CDATA[2022-11-22 16:44:13 - [TEST_CASE][PASSED] - Test Cases/Engine_Scoring/Engine Scoring: Test Cases/Engine_Scoring/Engine Scoring

2022-11-22 16:44:14 - [TEST_STEP][PASSED] - markPassed("Variasi data ke : " + no): Variasi data ke : 258

2022-11-22 16:44:14 - [MESSAGE][PASSED] - Variasi data ke : 258

2022-11-22 16:44:14 - [TEST_STEP][PASSED] - req_data = sendRequest(findTestObject("Search_ME", ["MID":MID, "source":source, "ip":ip, "userid":userid, "branch":branch, "tipekons":tipekons, "marital":marital, "penjamin":penjamin, ... ])): Send request successfully

2022-11-22 16:44:16 - [MESSAGE][INFO] - HAR: D:\DMS\Engine Scoring\Reports\20221122_162012\Exclude KKB - DS\Scoring Individu - KKB\20221122_162012\requests\main\514.har

2022-11-22 16:44:16 - [MESSAGE][PASSED] - Send request successfully

2022-11-22 16:44:16 - [TEST_STEP][PASSED] - slurper = new groovy.json.JsonSlurper(): null

2022-11-22 16:44:16 - [TEST_STEP][PASSED] - result = slurper.parseText(req_data.getResponseBodyContent()): null

2022-11-22 16:44:16 - [TEST_STEP][PASSED] - reqid_kons = requestid1: null

2022-11-22 16:44:16 - [TEST_STEP][PASSED] - reqid_spouse = requestid2: null

2022-11-22 16:44:16 - [TEST_STEP][PASSED] - println("requestid kons : " + reqid_kons): null

2022-11-22 16:44:16 - [TEST_STEP][PASSED] - response_searchME_kons = reqid_kons: null

2022-11-22 16:44:16 - [TEST_STEP][PASSED] - response_searchME_spouse = reqid_spouse: null

2022-11-22 16:44:16 - [TEST_STEP][PASSED] - println("kons req id is :" + response_searchME_kons): null

2022-11-22 16:44:16 - [TEST_STEP][PASSED] - println("spouse req id is : " + response_searchME_spouse): null

2022-11-22 16:44:16 - [TEST_STEP][PASSED] - verifyResponseStatusCode(req_data, 200): Verify response status code successfully

2022-11-22 16:44:16 - [MESSAGE][PASSED] - Verify response status code successfully

2022-11-22 16:44:16 - [TEST_STEP][PASSED] - response = req_data.getResponseText(): null

2022-11-22 16:44:16 - [TEST_STEP][PASSED] - logInfo($response): {"status":"Done","data":{"requestid1":"242381","requestid2":""}}

2022-11-22 16:44:16 - [MESSAGE][INFO] - {"status":"Done","data":{"requestid1":"242381","requestid2":""}}

2022-11-22 16:44:16 - [TEST_STEP][PASSED] - delay(3): Delayed 3 second(s)

2022-11-22 16:44:19 - [MESSAGE][PASSED] - Delayed 3 second(s)

2022-11-22 16:44:19 - [TEST_STEP][PASSED] - scoring = sendRequest(findTestObject("EngineScore", ["response_searchME_kons":response_searchME_kons, "response_searchME_spouse":response_searchME_spouse])): Send request successfully

2022-11-22 16:44:19 - [MESSAGE][INFO] - HAR: D:\DMS\Engine Scoring\Reports\20221122_162012\Exclude KKB - DS\Scoring Individu - KKB\20221122_162012\requests\main\515.har

2022-11-22 16:44:19 - [MESSAGE][PASSED] - Send request successfully

2022-11-22 16:44:19 - [TEST_STEP][PASSED] - verifyResponseStatusCode(scoring, 200): Verify response status code successfully

2022-11-22 16:44:19 - [MESSAGE][PASSED] - Verify response status code successfully

2022-11-22 16:44:19 - [TEST_STEP][PASSED] - response2 = scoring.getResponseText(): null

2022-11-22 16:44:19 - [TEST_STEP][PASSED] - markPassed("result service data ke : " + no): result service data ke : 258

2022-11-22 16:44:19 - [MESSAGE][PASSED] - result service data ke : 258

2022-11-22 16:44:19 - [TEST_STEP][PASSED] - logInfo($response2): {"result_konsumen":"Reject","result_pasangan":"","Final_result":"Reject","errorMessage":"","status":"Done"}

2022-11-22 16:44:19 - [MESSAGE][INFO] - {"result_konsumen":"Reject","result_pasangan":"","Final_result":"Reject","errorMessage":"","status":"Done"}

2022-11-22 16:44:19 - [TEST_STEP][PASSED] - verifyElementPropertyValue(scoring, "Final_result", final_result): Verify element property value successfully

2022-11-22 16:44:19 - [MESSAGE][PASSED] - Verify element property value successfully]]></system-out>
         <system-err><![CDATA[]]></system-err>
      </testcase>
      <testcase name="Test Cases/Engine_Scoring/Engine Scoring" time="6.33" classname="Test Cases/Engine_Scoring/Engine Scoring" status="PASSED">
         <system-out><![CDATA[2022-11-22 16:44:19 - [TEST_CASE][PASSED] - Test Cases/Engine_Scoring/Engine Scoring: Test Cases/Engine_Scoring/Engine Scoring

2022-11-22 16:44:20 - [TEST_STEP][PASSED] - markPassed("Variasi data ke : " + no): Variasi data ke : 259

2022-11-22 16:44:20 - [MESSAGE][PASSED] - Variasi data ke : 259

2022-11-22 16:44:20 - [TEST_STEP][PASSED] - req_data = sendRequest(findTestObject("Search_ME", ["MID":MID, "source":source, "ip":ip, "userid":userid, "branch":branch, "tipekons":tipekons, "marital":marital, "penjamin":penjamin, ... ])): Send request successfully

2022-11-22 16:44:22 - [MESSAGE][INFO] - HAR: D:\DMS\Engine Scoring\Reports\20221122_162012\Exclude KKB - DS\Scoring Individu - KKB\20221122_162012\requests\main\516.har

2022-11-22 16:44:22 - [MESSAGE][PASSED] - Send request successfully

2022-11-22 16:44:22 - [TEST_STEP][PASSED] - slurper = new groovy.json.JsonSlurper(): null

2022-11-22 16:44:22 - [TEST_STEP][PASSED] - result = slurper.parseText(req_data.getResponseBodyContent()): null

2022-11-22 16:44:22 - [TEST_STEP][PASSED] - reqid_kons = requestid1: null

2022-11-22 16:44:22 - [TEST_STEP][PASSED] - reqid_spouse = requestid2: null

2022-11-22 16:44:22 - [TEST_STEP][PASSED] - println("requestid kons : " + reqid_kons): null

2022-11-22 16:44:22 - [TEST_STEP][PASSED] - response_searchME_kons = reqid_kons: null

2022-11-22 16:44:22 - [TEST_STEP][PASSED] - response_searchME_spouse = reqid_spouse: null

2022-11-22 16:44:22 - [TEST_STEP][PASSED] - println("kons req id is :" + response_searchME_kons): null

2022-11-22 16:44:22 - [TEST_STEP][PASSED] - println("spouse req id is : " + response_searchME_spouse): null

2022-11-22 16:44:22 - [TEST_STEP][PASSED] - verifyResponseStatusCode(req_data, 200): Verify response status code successfully

2022-11-22 16:44:22 - [MESSAGE][PASSED] - Verify response status code successfully

2022-11-22 16:44:22 - [TEST_STEP][PASSED] - response = req_data.getResponseText(): null

2022-11-22 16:44:22 - [TEST_STEP][PASSED] - logInfo($response): {"status":"Done","data":{"requestid1":"242382","requestid2":""}}

2022-11-22 16:44:22 - [MESSAGE][INFO] - {"status":"Done","data":{"requestid1":"242382","requestid2":""}}

2022-11-22 16:44:22 - [TEST_STEP][PASSED] - delay(3): Delayed 3 second(s)

2022-11-22 16:44:25 - [MESSAGE][PASSED] - Delayed 3 second(s)

2022-11-22 16:44:25 - [TEST_STEP][PASSED] - scoring = sendRequest(findTestObject("EngineScore", ["response_searchME_kons":response_searchME_kons, "response_searchME_spouse":response_searchME_spouse])): Send request successfully

2022-11-22 16:44:25 - [MESSAGE][INFO] - HAR: D:\DMS\Engine Scoring\Reports\20221122_162012\Exclude KKB - DS\Scoring Individu - KKB\20221122_162012\requests\main\517.har

2022-11-22 16:44:25 - [MESSAGE][PASSED] - Send request successfully

2022-11-22 16:44:25 - [TEST_STEP][PASSED] - verifyResponseStatusCode(scoring, 200): Verify response status code successfully

2022-11-22 16:44:25 - [MESSAGE][PASSED] - Verify response status code successfully

2022-11-22 16:44:25 - [TEST_STEP][PASSED] - response2 = scoring.getResponseText(): null

2022-11-22 16:44:25 - [TEST_STEP][PASSED] - markPassed("result service data ke : " + no): result service data ke : 259

2022-11-22 16:44:25 - [MESSAGE][PASSED] - result service data ke : 259

2022-11-22 16:44:25 - [TEST_STEP][PASSED] - logInfo($response2): {"result_konsumen":"Reject","result_pasangan":"","Final_result":"Reject","errorMessage":"","status":"Done"}

2022-11-22 16:44:25 - [MESSAGE][INFO] - {"result_konsumen":"Reject","result_pasangan":"","Final_result":"Reject","errorMessage":"","status":"Done"}

2022-11-22 16:44:25 - [TEST_STEP][PASSED] - verifyElementPropertyValue(scoring, "Final_result", final_result): Verify element property value successfully

2022-11-22 16:44:25 - [MESSAGE][PASSED] - Verify element property value successfully]]></system-out>
         <system-err><![CDATA[]]></system-err>
      </testcase>
      <testcase name="Test Cases/Engine_Scoring/Engine Scoring" time="6.248" classname="Test Cases/Engine_Scoring/Engine Scoring" status="PASSED">
         <system-out><![CDATA[2022-11-22 16:44:25 - [TEST_CASE][PASSED] - Test Cases/Engine_Scoring/Engine Scoring: Test Cases/Engine_Scoring/Engine Scoring

2022-11-22 16:44:27 - [TEST_STEP][PASSED] - markPassed("Variasi data ke : " + no): Variasi data ke : 260

2022-11-22 16:44:27 - [MESSAGE][PASSED] - Variasi data ke : 260

2022-11-22 16:44:27 - [TEST_STEP][PASSED] - req_data = sendRequest(findTestObject("Search_ME", ["MID":MID, "source":source, "ip":ip, "userid":userid, "branch":branch, "tipekons":tipekons, "marital":marital, "penjamin":penjamin, ... ])): Send request successfully

2022-11-22 16:44:28 - [MESSAGE][INFO] - HAR: D:\DMS\Engine Scoring\Reports\20221122_162012\Exclude KKB - DS\Scoring Individu - KKB\20221122_162012\requests\main\518.har

2022-11-22 16:44:28 - [MESSAGE][PASSED] - Send request successfully

2022-11-22 16:44:28 - [TEST_STEP][PASSED] - slurper = new groovy.json.JsonSlurper(): null

2022-11-22 16:44:28 - [TEST_STEP][PASSED] - result = slurper.parseText(req_data.getResponseBodyContent()): null

2022-11-22 16:44:28 - [TEST_STEP][PASSED] - reqid_kons = requestid1: null

2022-11-22 16:44:28 - [TEST_STEP][PASSED] - reqid_spouse = requestid2: null

2022-11-22 16:44:28 - [TEST_STEP][PASSED] - println("requestid kons : " + reqid_kons): null

2022-11-22 16:44:28 - [TEST_STEP][PASSED] - response_searchME_kons = reqid_kons: null

2022-11-22 16:44:28 - [TEST_STEP][PASSED] - response_searchME_spouse = reqid_spouse: null

2022-11-22 16:44:28 - [TEST_STEP][PASSED] - println("kons req id is :" + response_searchME_kons): null

2022-11-22 16:44:28 - [TEST_STEP][PASSED] - println("spouse req id is : " + response_searchME_spouse): null

2022-11-22 16:44:28 - [TEST_STEP][PASSED] - verifyResponseStatusCode(req_data, 200): Verify response status code successfully

2022-11-22 16:44:28 - [MESSAGE][PASSED] - Verify response status code successfully

2022-11-22 16:44:28 - [TEST_STEP][PASSED] - response = req_data.getResponseText(): null

2022-11-22 16:44:28 - [TEST_STEP][PASSED] - logInfo($response): {"status":"Done","data":{"requestid1":"242383","requestid2":""}}

2022-11-22 16:44:28 - [MESSAGE][INFO] - {"status":"Done","data":{"requestid1":"242383","requestid2":""}}

2022-11-22 16:44:28 - [TEST_STEP][PASSED] - delay(3): Delayed 3 second(s)

2022-11-22 16:44:31 - [MESSAGE][PASSED] - Delayed 3 second(s)

2022-11-22 16:44:31 - [TEST_STEP][PASSED] - scoring = sendRequest(findTestObject("EngineScore", ["response_searchME_kons":response_searchME_kons, "response_searchME_spouse":response_searchME_spouse])): Send request successfully

2022-11-22 16:44:32 - [MESSAGE][INFO] - HAR: D:\DMS\Engine Scoring\Reports\20221122_162012\Exclude KKB - DS\Scoring Individu - KKB\20221122_162012\requests\main\519.har

2022-11-22 16:44:32 - [MESSAGE][PASSED] - Send request successfully

2022-11-22 16:44:32 - [TEST_STEP][PASSED] - verifyResponseStatusCode(scoring, 200): Verify response status code successfully

2022-11-22 16:44:32 - [MESSAGE][PASSED] - Verify response status code successfully

2022-11-22 16:44:32 - [TEST_STEP][PASSED] - response2 = scoring.getResponseText(): null

2022-11-22 16:44:32 - [TEST_STEP][PASSED] - markPassed("result service data ke : " + no): result service data ke : 260

2022-11-22 16:44:32 - [MESSAGE][PASSED] - result service data ke : 260

2022-11-22 16:44:32 - [TEST_STEP][PASSED] - logInfo($response2): {"result_konsumen":"Reject","result_pasangan":"","Final_result":"Reject","errorMessage":"","status":"Done"}

2022-11-22 16:44:32 - [MESSAGE][INFO] - {"result_konsumen":"Reject","result_pasangan":"","Final_result":"Reject","errorMessage":"","status":"Done"}

2022-11-22 16:44:32 - [TEST_STEP][PASSED] - verifyElementPropertyValue(scoring, "Final_result", final_result): Verify element property value successfully

2022-11-22 16:44:32 - [MESSAGE][PASSED] - Verify element property value successfully]]></system-out>
         <system-err><![CDATA[]]></system-err>
      </testcase>
      <testcase name="Test Cases/Engine_Scoring/Engine Scoring" time="6.228" classname="Test Cases/Engine_Scoring/Engine Scoring" status="PASSED">
         <system-out><![CDATA[2022-11-22 16:44:32 - [TEST_CASE][PASSED] - Test Cases/Engine_Scoring/Engine Scoring: Test Cases/Engine_Scoring/Engine Scoring

2022-11-22 16:44:33 - [TEST_STEP][PASSED] - markPassed("Variasi data ke : " + no): Variasi data ke : 261

2022-11-22 16:44:33 - [MESSAGE][PASSED] - Variasi data ke : 261

2022-11-22 16:44:33 - [TEST_STEP][PASSED] - req_data = sendRequest(findTestObject("Search_ME", ["MID":MID, "source":source, "ip":ip, "userid":userid, "branch":branch, "tipekons":tipekons, "marital":marital, "penjamin":penjamin, ... ])): Send request successfully

2022-11-22 16:44:35 - [MESSAGE][INFO] - HAR: D:\DMS\Engine Scoring\Reports\20221122_162012\Exclude KKB - DS\Scoring Individu - KKB\20221122_162012\requests\main\520.har

2022-11-22 16:44:35 - [MESSAGE][PASSED] - Send request successfully

2022-11-22 16:44:35 - [TEST_STEP][PASSED] - slurper = new groovy.json.JsonSlurper(): null

2022-11-22 16:44:35 - [TEST_STEP][PASSED] - result = slurper.parseText(req_data.getResponseBodyContent()): null

2022-11-22 16:44:35 - [TEST_STEP][PASSED] - reqid_kons = requestid1: null

2022-11-22 16:44:35 - [TEST_STEP][PASSED] - reqid_spouse = requestid2: null

2022-11-22 16:44:35 - [TEST_STEP][PASSED] - println("requestid kons : " + reqid_kons): null

2022-11-22 16:44:35 - [TEST_STEP][PASSED] - response_searchME_kons = reqid_kons: null

2022-11-22 16:44:35 - [TEST_STEP][PASSED] - response_searchME_spouse = reqid_spouse: null

2022-11-22 16:44:35 - [TEST_STEP][PASSED] - println("kons req id is :" + response_searchME_kons): null

2022-11-22 16:44:35 - [TEST_STEP][PASSED] - println("spouse req id is : " + response_searchME_spouse): null

2022-11-22 16:44:35 - [TEST_STEP][PASSED] - verifyResponseStatusCode(req_data, 200): Verify response status code successfully

2022-11-22 16:44:35 - [MESSAGE][PASSED] - Verify response status code successfully

2022-11-22 16:44:35 - [TEST_STEP][PASSED] - response = req_data.getResponseText(): null

2022-11-22 16:44:35 - [TEST_STEP][PASSED] - logInfo($response): {"status":"Done","data":{"requestid1":"242384","requestid2":""}}

2022-11-22 16:44:35 - [MESSAGE][INFO] - {"status":"Done","data":{"requestid1":"242384","requestid2":""}}

2022-11-22 16:44:35 - [TEST_STEP][PASSED] - delay(3): Delayed 3 second(s)

2022-11-22 16:44:38 - [MESSAGE][PASSED] - Delayed 3 second(s)

2022-11-22 16:44:38 - [TEST_STEP][PASSED] - scoring = sendRequest(findTestObject("EngineScore", ["response_searchME_kons":response_searchME_kons, "response_searchME_spouse":response_searchME_spouse])): Send request successfully

2022-11-22 16:44:38 - [MESSAGE][INFO] - HAR: D:\DMS\Engine Scoring\Reports\20221122_162012\Exclude KKB - DS\Scoring Individu - KKB\20221122_162012\requests\main\521.har

2022-11-22 16:44:38 - [MESSAGE][PASSED] - Send request successfully

2022-11-22 16:44:38 - [TEST_STEP][PASSED] - verifyResponseStatusCode(scoring, 200): Verify response status code successfully

2022-11-22 16:44:38 - [MESSAGE][PASSED] - Verify response status code successfully

2022-11-22 16:44:38 - [TEST_STEP][PASSED] - response2 = scoring.getResponseText(): null

2022-11-22 16:44:38 - [TEST_STEP][PASSED] - markPassed("result service data ke : " + no): result service data ke : 261

2022-11-22 16:44:38 - [MESSAGE][PASSED] - result service data ke : 261

2022-11-22 16:44:38 - [TEST_STEP][PASSED] - logInfo($response2): {"result_konsumen":"Reject","result_pasangan":"","Final_result":"Reject","errorMessage":"","status":"Done"}

2022-11-22 16:44:38 - [MESSAGE][INFO] - {"result_konsumen":"Reject","result_pasangan":"","Final_result":"Reject","errorMessage":"","status":"Done"}

2022-11-22 16:44:38 - [TEST_STEP][PASSED] - verifyElementPropertyValue(scoring, "Final_result", final_result): Verify element property value successfully

2022-11-22 16:44:38 - [MESSAGE][PASSED] - Verify element property value successfully]]></system-out>
         <system-err><![CDATA[]]></system-err>
      </testcase>
      <testcase name="Test Cases/Engine_Scoring/Engine Scoring" time="6.487" classname="Test Cases/Engine_Scoring/Engine Scoring" status="PASSED">
         <system-out><![CDATA[2022-11-22 16:44:38 - [TEST_CASE][PASSED] - Test Cases/Engine_Scoring/Engine Scoring: Test Cases/Engine_Scoring/Engine Scoring

2022-11-22 16:44:39 - [TEST_STEP][PASSED] - markPassed("Variasi data ke : " + no): Variasi data ke : 262

2022-11-22 16:44:39 - [MESSAGE][PASSED] - Variasi data ke : 262

2022-11-22 16:44:39 - [TEST_STEP][PASSED] - req_data = sendRequest(findTestObject("Search_ME", ["MID":MID, "source":source, "ip":ip, "userid":userid, "branch":branch, "tipekons":tipekons, "marital":marital, "penjamin":penjamin, ... ])): Send request successfully

2022-11-22 16:44:41 - [MESSAGE][INFO] - HAR: D:\DMS\Engine Scoring\Reports\20221122_162012\Exclude KKB - DS\Scoring Individu - KKB\20221122_162012\requests\main\522.har

2022-11-22 16:44:41 - [MESSAGE][PASSED] - Send request successfully

2022-11-22 16:44:41 - [TEST_STEP][PASSED] - slurper = new groovy.json.JsonSlurper(): null

2022-11-22 16:44:41 - [TEST_STEP][PASSED] - result = slurper.parseText(req_data.getResponseBodyContent()): null

2022-11-22 16:44:41 - [TEST_STEP][PASSED] - reqid_kons = requestid1: null

2022-11-22 16:44:41 - [TEST_STEP][PASSED] - reqid_spouse = requestid2: null

2022-11-22 16:44:41 - [TEST_STEP][PASSED] - println("requestid kons : " + reqid_kons): null

2022-11-22 16:44:41 - [TEST_STEP][PASSED] - response_searchME_kons = reqid_kons: null

2022-11-22 16:44:41 - [TEST_STEP][PASSED] - response_searchME_spouse = reqid_spouse: null

2022-11-22 16:44:41 - [TEST_STEP][PASSED] - println("kons req id is :" + response_searchME_kons): null

2022-11-22 16:44:41 - [TEST_STEP][PASSED] - println("spouse req id is : " + response_searchME_spouse): null

2022-11-22 16:44:41 - [TEST_STEP][PASSED] - verifyResponseStatusCode(req_data, 200): Verify response status code successfully

2022-11-22 16:44:41 - [MESSAGE][PASSED] - Verify response status code successfully

2022-11-22 16:44:41 - [TEST_STEP][PASSED] - response = req_data.getResponseText(): null

2022-11-22 16:44:41 - [TEST_STEP][PASSED] - logInfo($response): {"status":"Done","data":{"requestid1":"242385","requestid2":""}}

2022-11-22 16:44:41 - [MESSAGE][INFO] - {"status":"Done","data":{"requestid1":"242385","requestid2":""}}

2022-11-22 16:44:41 - [TEST_STEP][PASSED] - delay(3): Delayed 3 second(s)

2022-11-22 16:44:44 - [MESSAGE][PASSED] - Delayed 3 second(s)

2022-11-22 16:44:44 - [TEST_STEP][PASSED] - scoring = sendRequest(findTestObject("EngineScore", ["response_searchME_kons":response_searchME_kons, "response_searchME_spouse":response_searchME_spouse])): Send request successfully

2022-11-22 16:44:44 - [MESSAGE][INFO] - HAR: D:\DMS\Engine Scoring\Reports\20221122_162012\Exclude KKB - DS\Scoring Individu - KKB\20221122_162012\requests\main\523.har

2022-11-22 16:44:44 - [MESSAGE][PASSED] - Send request successfully

2022-11-22 16:44:44 - [TEST_STEP][PASSED] - verifyResponseStatusCode(scoring, 200): Verify response status code successfully

2022-11-22 16:44:44 - [MESSAGE][PASSED] - Verify response status code successfully

2022-11-22 16:44:44 - [TEST_STEP][PASSED] - response2 = scoring.getResponseText(): null

2022-11-22 16:44:44 - [TEST_STEP][PASSED] - markPassed("result service data ke : " + no): result service data ke : 262

2022-11-22 16:44:44 - [MESSAGE][PASSED] - result service data ke : 262

2022-11-22 16:44:44 - [TEST_STEP][PASSED] - logInfo($response2): {"result_konsumen":"Reject","result_pasangan":"","Final_result":"Reject","errorMessage":"","status":"Done"}

2022-11-22 16:44:44 - [MESSAGE][INFO] - {"result_konsumen":"Reject","result_pasangan":"","Final_result":"Reject","errorMessage":"","status":"Done"}

2022-11-22 16:44:44 - [TEST_STEP][PASSED] - verifyElementPropertyValue(scoring, "Final_result", final_result): Verify element property value successfully

2022-11-22 16:44:44 - [MESSAGE][PASSED] - Verify element property value successfully]]></system-out>
         <system-err><![CDATA[]]></system-err>
      </testcase>
      <testcase name="Test Cases/Engine_Scoring/Engine Scoring" time="6.151" classname="Test Cases/Engine_Scoring/Engine Scoring" status="PASSED">
         <system-out><![CDATA[2022-11-22 16:44:45 - [TEST_CASE][PASSED] - Test Cases/Engine_Scoring/Engine Scoring: Test Cases/Engine_Scoring/Engine Scoring

2022-11-22 16:44:46 - [TEST_STEP][PASSED] - markPassed("Variasi data ke : " + no): Variasi data ke : 263

2022-11-22 16:44:46 - [MESSAGE][PASSED] - Variasi data ke : 263

2022-11-22 16:44:46 - [TEST_STEP][PASSED] - req_data = sendRequest(findTestObject("Search_ME", ["MID":MID, "source":source, "ip":ip, "userid":userid, "branch":branch, "tipekons":tipekons, "marital":marital, "penjamin":penjamin, ... ])): Send request successfully

2022-11-22 16:44:47 - [MESSAGE][INFO] - HAR: D:\DMS\Engine Scoring\Reports\20221122_162012\Exclude KKB - DS\Scoring Individu - KKB\20221122_162012\requests\main\524.har

2022-11-22 16:44:47 - [MESSAGE][PASSED] - Send request successfully

2022-11-22 16:44:47 - [TEST_STEP][PASSED] - slurper = new groovy.json.JsonSlurper(): null

2022-11-22 16:44:47 - [TEST_STEP][PASSED] - result = slurper.parseText(req_data.getResponseBodyContent()): null

2022-11-22 16:44:47 - [TEST_STEP][PASSED] - reqid_kons = requestid1: null

2022-11-22 16:44:47 - [TEST_STEP][PASSED] - reqid_spouse = requestid2: null

2022-11-22 16:44:47 - [TEST_STEP][PASSED] - println("requestid kons : " + reqid_kons): null

2022-11-22 16:44:47 - [TEST_STEP][PASSED] - response_searchME_kons = reqid_kons: null

2022-11-22 16:44:47 - [TEST_STEP][PASSED] - response_searchME_spouse = reqid_spouse: null

2022-11-22 16:44:47 - [TEST_STEP][PASSED] - println("kons req id is :" + response_searchME_kons): null

2022-11-22 16:44:47 - [TEST_STEP][PASSED] - println("spouse req id is : " + response_searchME_spouse): null

2022-11-22 16:44:47 - [TEST_STEP][PASSED] - verifyResponseStatusCode(req_data, 200): Verify response status code successfully

2022-11-22 16:44:47 - [MESSAGE][PASSED] - Verify response status code successfully

2022-11-22 16:44:47 - [TEST_STEP][PASSED] - response = req_data.getResponseText(): null

2022-11-22 16:44:47 - [TEST_STEP][PASSED] - logInfo($response): {"status":"Done","data":{"requestid1":"242386","requestid2":""}}

2022-11-22 16:44:47 - [MESSAGE][INFO] - {"status":"Done","data":{"requestid1":"242386","requestid2":""}}

2022-11-22 16:44:47 - [TEST_STEP][PASSED] - delay(3): Delayed 3 second(s)

2022-11-22 16:44:51 - [MESSAGE][PASSED] - Delayed 3 second(s)

2022-11-22 16:44:51 - [TEST_STEP][PASSED] - scoring = sendRequest(findTestObject("EngineScore", ["response_searchME_kons":response_searchME_kons, "response_searchME_spouse":response_searchME_spouse])): Send request successfully

2022-11-22 16:44:51 - [MESSAGE][INFO] - HAR: D:\DMS\Engine Scoring\Reports\20221122_162012\Exclude KKB - DS\Scoring Individu - KKB\20221122_162012\requests\main\525.har

2022-11-22 16:44:51 - [MESSAGE][PASSED] - Send request successfully

2022-11-22 16:44:51 - [TEST_STEP][PASSED] - verifyResponseStatusCode(scoring, 200): Verify response status code successfully

2022-11-22 16:44:51 - [MESSAGE][PASSED] - Verify response status code successfully

2022-11-22 16:44:51 - [TEST_STEP][PASSED] - response2 = scoring.getResponseText(): null

2022-11-22 16:44:51 - [TEST_STEP][PASSED] - markPassed("result service data ke : " + no): result service data ke : 263

2022-11-22 16:44:51 - [MESSAGE][PASSED] - result service data ke : 263

2022-11-22 16:44:51 - [TEST_STEP][PASSED] - logInfo($response2): {"result_konsumen":"Reject","result_pasangan":"","Final_result":"Reject","errorMessage":"","status":"Done"}

2022-11-22 16:44:51 - [MESSAGE][INFO] - {"result_konsumen":"Reject","result_pasangan":"","Final_result":"Reject","errorMessage":"","status":"Done"}

2022-11-22 16:44:51 - [TEST_STEP][PASSED] - verifyElementPropertyValue(scoring, "Final_result", final_result): Verify element property value successfully

2022-11-22 16:44:51 - [MESSAGE][PASSED] - Verify element property value successfully]]></system-out>
         <system-err><![CDATA[]]></system-err>
      </testcase>
      <testcase name="Test Cases/Engine_Scoring/Engine Scoring" time="6.089" classname="Test Cases/Engine_Scoring/Engine Scoring" status="PASSED">
         <system-out><![CDATA[2022-11-22 16:44:51 - [TEST_CASE][PASSED] - Test Cases/Engine_Scoring/Engine Scoring: Test Cases/Engine_Scoring/Engine Scoring

2022-11-22 16:44:52 - [TEST_STEP][PASSED] - markPassed("Variasi data ke : " + no): Variasi data ke : 264

2022-11-22 16:44:52 - [MESSAGE][PASSED] - Variasi data ke : 264

2022-11-22 16:44:52 - [TEST_STEP][PASSED] - req_data = sendRequest(findTestObject("Search_ME", ["MID":MID, "source":source, "ip":ip, "userid":userid, "branch":branch, "tipekons":tipekons, "marital":marital, "penjamin":penjamin, ... ])): Send request successfully

2022-11-22 16:44:54 - [MESSAGE][INFO] - HAR: D:\DMS\Engine Scoring\Reports\20221122_162012\Exclude KKB - DS\Scoring Individu - KKB\20221122_162012\requests\main\526.har

2022-11-22 16:44:54 - [MESSAGE][PASSED] - Send request successfully

2022-11-22 16:44:54 - [TEST_STEP][PASSED] - slurper = new groovy.json.JsonSlurper(): null

2022-11-22 16:44:54 - [TEST_STEP][PASSED] - result = slurper.parseText(req_data.getResponseBodyContent()): null

2022-11-22 16:44:54 - [TEST_STEP][PASSED] - reqid_kons = requestid1: null

2022-11-22 16:44:54 - [TEST_STEP][PASSED] - reqid_spouse = requestid2: null

2022-11-22 16:44:54 - [TEST_STEP][PASSED] - println("requestid kons : " + reqid_kons): null

2022-11-22 16:44:54 - [TEST_STEP][PASSED] - response_searchME_kons = reqid_kons: null

2022-11-22 16:44:54 - [TEST_STEP][PASSED] - response_searchME_spouse = reqid_spouse: null

2022-11-22 16:44:54 - [TEST_STEP][PASSED] - println("kons req id is :" + response_searchME_kons): null

2022-11-22 16:44:54 - [TEST_STEP][PASSED] - println("spouse req id is : " + response_searchME_spouse): null

2022-11-22 16:44:54 - [TEST_STEP][PASSED] - verifyResponseStatusCode(req_data, 200): Verify response status code successfully

2022-11-22 16:44:54 - [MESSAGE][PASSED] - Verify response status code successfully

2022-11-22 16:44:54 - [TEST_STEP][PASSED] - response = req_data.getResponseText(): null

2022-11-22 16:44:54 - [TEST_STEP][PASSED] - logInfo($response): {"status":"Done","data":{"requestid1":"242387","requestid2":""}}

2022-11-22 16:44:54 - [MESSAGE][INFO] - {"status":"Done","data":{"requestid1":"242387","requestid2":""}}

2022-11-22 16:44:54 - [TEST_STEP][PASSED] - delay(3): Delayed 3 second(s)

2022-11-22 16:44:57 - [MESSAGE][PASSED] - Delayed 3 second(s)

2022-11-22 16:44:57 - [TEST_STEP][PASSED] - scoring = sendRequest(findTestObject("EngineScore", ["response_searchME_kons":response_searchME_kons, "response_searchME_spouse":response_searchME_spouse])): Send request successfully

2022-11-22 16:44:57 - [MESSAGE][INFO] - HAR: D:\DMS\Engine Scoring\Reports\20221122_162012\Exclude KKB - DS\Scoring Individu - KKB\20221122_162012\requests\main\527.har

2022-11-22 16:44:57 - [MESSAGE][PASSED] - Send request successfully

2022-11-22 16:44:57 - [TEST_STEP][PASSED] - verifyResponseStatusCode(scoring, 200): Verify response status code successfully

2022-11-22 16:44:57 - [MESSAGE][PASSED] - Verify response status code successfully

2022-11-22 16:44:57 - [TEST_STEP][PASSED] - response2 = scoring.getResponseText(): null

2022-11-22 16:44:57 - [TEST_STEP][PASSED] - markPassed("result service data ke : " + no): result service data ke : 264

2022-11-22 16:44:57 - [MESSAGE][PASSED] - result service data ke : 264

2022-11-22 16:44:57 - [TEST_STEP][PASSED] - logInfo($response2): {"result_konsumen":"Reject","result_pasangan":"","Final_result":"Reject","errorMessage":"","status":"Done"}

2022-11-22 16:44:57 - [MESSAGE][INFO] - {"result_konsumen":"Reject","result_pasangan":"","Final_result":"Reject","errorMessage":"","status":"Done"}

2022-11-22 16:44:57 - [TEST_STEP][PASSED] - verifyElementPropertyValue(scoring, "Final_result", final_result): Verify element property value successfully

2022-11-22 16:44:57 - [MESSAGE][PASSED] - Verify element property value successfully]]></system-out>
         <system-err><![CDATA[]]></system-err>
      </testcase>
      <testcase name="Test Cases/Engine_Scoring/Engine Scoring" time="6.368" classname="Test Cases/Engine_Scoring/Engine Scoring" status="PASSED">
         <system-out><![CDATA[2022-11-22 16:44:57 - [TEST_CASE][PASSED] - Test Cases/Engine_Scoring/Engine Scoring: Test Cases/Engine_Scoring/Engine Scoring

2022-11-22 16:44:58 - [TEST_STEP][PASSED] - markPassed("Variasi data ke : " + no): Variasi data ke : 265

2022-11-22 16:44:58 - [MESSAGE][PASSED] - Variasi data ke : 265

2022-11-22 16:44:58 - [TEST_STEP][PASSED] - req_data = sendRequest(findTestObject("Search_ME", ["MID":MID, "source":source, "ip":ip, "userid":userid, "branch":branch, "tipekons":tipekons, "marital":marital, "penjamin":penjamin, ... ])): Send request successfully

2022-11-22 16:45:00 - [MESSAGE][INFO] - HAR: D:\DMS\Engine Scoring\Reports\20221122_162012\Exclude KKB - DS\Scoring Individu - KKB\20221122_162012\requests\main\528.har

2022-11-22 16:45:00 - [MESSAGE][PASSED] - Send request successfully

2022-11-22 16:45:00 - [TEST_STEP][PASSED] - slurper = new groovy.json.JsonSlurper(): null

2022-11-22 16:45:00 - [TEST_STEP][PASSED] - result = slurper.parseText(req_data.getResponseBodyContent()): null

2022-11-22 16:45:00 - [TEST_STEP][PASSED] - reqid_kons = requestid1: null

2022-11-22 16:45:00 - [TEST_STEP][PASSED] - reqid_spouse = requestid2: null

2022-11-22 16:45:00 - [TEST_STEP][PASSED] - println("requestid kons : " + reqid_kons): null

2022-11-22 16:45:00 - [TEST_STEP][PASSED] - response_searchME_kons = reqid_kons: null

2022-11-22 16:45:00 - [TEST_STEP][PASSED] - response_searchME_spouse = reqid_spouse: null

2022-11-22 16:45:00 - [TEST_STEP][PASSED] - println("kons req id is :" + response_searchME_kons): null

2022-11-22 16:45:00 - [TEST_STEP][PASSED] - println("spouse req id is : " + response_searchME_spouse): null

2022-11-22 16:45:00 - [TEST_STEP][PASSED] - verifyResponseStatusCode(req_data, 200): Verify response status code successfully

2022-11-22 16:45:00 - [MESSAGE][PASSED] - Verify response status code successfully

2022-11-22 16:45:00 - [TEST_STEP][PASSED] - response = req_data.getResponseText(): null

2022-11-22 16:45:00 - [TEST_STEP][PASSED] - logInfo($response): {"status":"Done","data":{"requestid1":"242388","requestid2":""}}

2022-11-22 16:45:00 - [MESSAGE][INFO] - {"status":"Done","data":{"requestid1":"242388","requestid2":""}}

2022-11-22 16:45:00 - [TEST_STEP][PASSED] - delay(3): Delayed 3 second(s)

2022-11-22 16:45:03 - [MESSAGE][PASSED] - Delayed 3 second(s)

2022-11-22 16:45:03 - [TEST_STEP][PASSED] - scoring = sendRequest(findTestObject("EngineScore", ["response_searchME_kons":response_searchME_kons, "response_searchME_spouse":response_searchME_spouse])): Send request successfully

2022-11-22 16:45:03 - [MESSAGE][INFO] - HAR: D:\DMS\Engine Scoring\Reports\20221122_162012\Exclude KKB - DS\Scoring Individu - KKB\20221122_162012\requests\main\529.har

2022-11-22 16:45:03 - [MESSAGE][PASSED] - Send request successfully

2022-11-22 16:45:03 - [TEST_STEP][PASSED] - verifyResponseStatusCode(scoring, 200): Verify response status code successfully

2022-11-22 16:45:03 - [MESSAGE][PASSED] - Verify response status code successfully

2022-11-22 16:45:03 - [TEST_STEP][PASSED] - response2 = scoring.getResponseText(): null

2022-11-22 16:45:03 - [TEST_STEP][PASSED] - markPassed("result service data ke : " + no): result service data ke : 265

2022-11-22 16:45:03 - [MESSAGE][PASSED] - result service data ke : 265

2022-11-22 16:45:03 - [TEST_STEP][PASSED] - logInfo($response2): {"result_konsumen":"Reject","result_pasangan":"","Final_result":"Reject","errorMessage":"","status":"Done"}

2022-11-22 16:45:03 - [MESSAGE][INFO] - {"result_konsumen":"Reject","result_pasangan":"","Final_result":"Reject","errorMessage":"","status":"Done"}

2022-11-22 16:45:03 - [TEST_STEP][PASSED] - verifyElementPropertyValue(scoring, "Final_result", final_result): Verify element property value successfully

2022-11-22 16:45:03 - [MESSAGE][PASSED] - Verify element property value successfully]]></system-out>
         <system-err><![CDATA[]]></system-err>
      </testcase>
      <testcase name="Test Cases/Engine_Scoring/Engine Scoring" time="6.257" classname="Test Cases/Engine_Scoring/Engine Scoring" status="PASSED">
         <system-out><![CDATA[2022-11-22 16:45:03 - [TEST_CASE][PASSED] - Test Cases/Engine_Scoring/Engine Scoring: Test Cases/Engine_Scoring/Engine Scoring

2022-11-22 16:45:05 - [TEST_STEP][PASSED] - markPassed("Variasi data ke : " + no): Variasi data ke : 266

2022-11-22 16:45:05 - [MESSAGE][PASSED] - Variasi data ke : 266

2022-11-22 16:45:05 - [TEST_STEP][PASSED] - req_data = sendRequest(findTestObject("Search_ME", ["MID":MID, "source":source, "ip":ip, "userid":userid, "branch":branch, "tipekons":tipekons, "marital":marital, "penjamin":penjamin, ... ])): Send request successfully

2022-11-22 16:45:06 - [MESSAGE][INFO] - HAR: D:\DMS\Engine Scoring\Reports\20221122_162012\Exclude KKB - DS\Scoring Individu - KKB\20221122_162012\requests\main\530.har

2022-11-22 16:45:06 - [MESSAGE][PASSED] - Send request successfully

2022-11-22 16:45:06 - [TEST_STEP][PASSED] - slurper = new groovy.json.JsonSlurper(): null

2022-11-22 16:45:06 - [TEST_STEP][PASSED] - result = slurper.parseText(req_data.getResponseBodyContent()): null

2022-11-22 16:45:06 - [TEST_STEP][PASSED] - reqid_kons = requestid1: null

2022-11-22 16:45:06 - [TEST_STEP][PASSED] - reqid_spouse = requestid2: null

2022-11-22 16:45:06 - [TEST_STEP][PASSED] - println("requestid kons : " + reqid_kons): null

2022-11-22 16:45:06 - [TEST_STEP][PASSED] - response_searchME_kons = reqid_kons: null

2022-11-22 16:45:06 - [TEST_STEP][PASSED] - response_searchME_spouse = reqid_spouse: null

2022-11-22 16:45:06 - [TEST_STEP][PASSED] - println("kons req id is :" + response_searchME_kons): null

2022-11-22 16:45:06 - [TEST_STEP][PASSED] - println("spouse req id is : " + response_searchME_spouse): null

2022-11-22 16:45:06 - [TEST_STEP][PASSED] - verifyResponseStatusCode(req_data, 200): Verify response status code successfully

2022-11-22 16:45:06 - [MESSAGE][PASSED] - Verify response status code successfully

2022-11-22 16:45:06 - [TEST_STEP][PASSED] - response = req_data.getResponseText(): null

2022-11-22 16:45:06 - [TEST_STEP][PASSED] - logInfo($response): {"status":"Done","data":{"requestid1":"242389","requestid2":""}}

2022-11-22 16:45:06 - [MESSAGE][INFO] - {"status":"Done","data":{"requestid1":"242389","requestid2":""}}

2022-11-22 16:45:06 - [TEST_STEP][PASSED] - delay(3): Delayed 3 second(s)

2022-11-22 16:45:09 - [MESSAGE][PASSED] - Delayed 3 second(s)

2022-11-22 16:45:09 - [TEST_STEP][PASSED] - scoring = sendRequest(findTestObject("EngineScore", ["response_searchME_kons":response_searchME_kons, "response_searchME_spouse":response_searchME_spouse])): Send request successfully

2022-11-22 16:45:10 - [MESSAGE][INFO] - HAR: D:\DMS\Engine Scoring\Reports\20221122_162012\Exclude KKB - DS\Scoring Individu - KKB\20221122_162012\requests\main\531.har

2022-11-22 16:45:10 - [MESSAGE][PASSED] - Send request successfully

2022-11-22 16:45:10 - [TEST_STEP][PASSED] - verifyResponseStatusCode(scoring, 200): Verify response status code successfully

2022-11-22 16:45:10 - [MESSAGE][PASSED] - Verify response status code successfully

2022-11-22 16:45:10 - [TEST_STEP][PASSED] - response2 = scoring.getResponseText(): null

2022-11-22 16:45:10 - [TEST_STEP][PASSED] - markPassed("result service data ke : " + no): result service data ke : 266

2022-11-22 16:45:10 - [MESSAGE][PASSED] - result service data ke : 266

2022-11-22 16:45:10 - [TEST_STEP][PASSED] - logInfo($response2): {"result_konsumen":"Reject","result_pasangan":"","Final_result":"Reject","errorMessage":"","status":"Done"}

2022-11-22 16:45:10 - [MESSAGE][INFO] - {"result_konsumen":"Reject","result_pasangan":"","Final_result":"Reject","errorMessage":"","status":"Done"}

2022-11-22 16:45:10 - [TEST_STEP][PASSED] - verifyElementPropertyValue(scoring, "Final_result", final_result): Verify element property value successfully

2022-11-22 16:45:10 - [MESSAGE][PASSED] - Verify element property value successfully]]></system-out>
         <system-err><![CDATA[]]></system-err>
      </testcase>
      <testcase name="Test Cases/Engine_Scoring/Engine Scoring" time="6.372" classname="Test Cases/Engine_Scoring/Engine Scoring" status="PASSED">
         <system-out><![CDATA[2022-11-22 16:45:10 - [TEST_CASE][PASSED] - Test Cases/Engine_Scoring/Engine Scoring: Test Cases/Engine_Scoring/Engine Scoring

2022-11-22 16:45:11 - [TEST_STEP][PASSED] - markPassed("Variasi data ke : " + no): Variasi data ke : 267

2022-11-22 16:45:11 - [MESSAGE][PASSED] - Variasi data ke : 267

2022-11-22 16:45:11 - [TEST_STEP][PASSED] - req_data = sendRequest(findTestObject("Search_ME", ["MID":MID, "source":source, "ip":ip, "userid":userid, "branch":branch, "tipekons":tipekons, "marital":marital, "penjamin":penjamin, ... ])): Send request successfully

2022-11-22 16:45:13 - [MESSAGE][INFO] - HAR: D:\DMS\Engine Scoring\Reports\20221122_162012\Exclude KKB - DS\Scoring Individu - KKB\20221122_162012\requests\main\532.har

2022-11-22 16:45:13 - [MESSAGE][PASSED] - Send request successfully

2022-11-22 16:45:13 - [TEST_STEP][PASSED] - slurper = new groovy.json.JsonSlurper(): null

2022-11-22 16:45:13 - [TEST_STEP][PASSED] - result = slurper.parseText(req_data.getResponseBodyContent()): null

2022-11-22 16:45:13 - [TEST_STEP][PASSED] - reqid_kons = requestid1: null

2022-11-22 16:45:13 - [TEST_STEP][PASSED] - reqid_spouse = requestid2: null

2022-11-22 16:45:13 - [TEST_STEP][PASSED] - println("requestid kons : " + reqid_kons): null

2022-11-22 16:45:13 - [TEST_STEP][PASSED] - response_searchME_kons = reqid_kons: null

2022-11-22 16:45:13 - [TEST_STEP][PASSED] - response_searchME_spouse = reqid_spouse: null

2022-11-22 16:45:13 - [TEST_STEP][PASSED] - println("kons req id is :" + response_searchME_kons): null

2022-11-22 16:45:13 - [TEST_STEP][PASSED] - println("spouse req id is : " + response_searchME_spouse): null

2022-11-22 16:45:13 - [TEST_STEP][PASSED] - verifyResponseStatusCode(req_data, 200): Verify response status code successfully

2022-11-22 16:45:13 - [MESSAGE][PASSED] - Verify response status code successfully

2022-11-22 16:45:13 - [TEST_STEP][PASSED] - response = req_data.getResponseText(): null

2022-11-22 16:45:13 - [TEST_STEP][PASSED] - logInfo($response): {"status":"Done","data":{"requestid1":"242390","requestid2":""}}

2022-11-22 16:45:13 - [MESSAGE][INFO] - {"status":"Done","data":{"requestid1":"242390","requestid2":""}}

2022-11-22 16:45:13 - [TEST_STEP][PASSED] - delay(3): Delayed 3 second(s)

2022-11-22 16:45:16 - [MESSAGE][PASSED] - Delayed 3 second(s)

2022-11-22 16:45:16 - [TEST_STEP][PASSED] - scoring = sendRequest(findTestObject("EngineScore", ["response_searchME_kons":response_searchME_kons, "response_searchME_spouse":response_searchME_spouse])): Send request successfully

2022-11-22 16:45:16 - [MESSAGE][INFO] - HAR: D:\DMS\Engine Scoring\Reports\20221122_162012\Exclude KKB - DS\Scoring Individu - KKB\20221122_162012\requests\main\533.har

2022-11-22 16:45:16 - [MESSAGE][PASSED] - Send request successfully

2022-11-22 16:45:16 - [TEST_STEP][PASSED] - verifyResponseStatusCode(scoring, 200): Verify response status code successfully

2022-11-22 16:45:16 - [MESSAGE][PASSED] - Verify response status code successfully

2022-11-22 16:45:16 - [TEST_STEP][PASSED] - response2 = scoring.getResponseText(): null

2022-11-22 16:45:16 - [TEST_STEP][PASSED] - markPassed("result service data ke : " + no): result service data ke : 267

2022-11-22 16:45:16 - [MESSAGE][PASSED] - result service data ke : 267

2022-11-22 16:45:16 - [TEST_STEP][PASSED] - logInfo($response2): {"result_konsumen":"Reject","result_pasangan":"","Final_result":"Reject","errorMessage":"","status":"Done"}

2022-11-22 16:45:16 - [MESSAGE][INFO] - {"result_konsumen":"Reject","result_pasangan":"","Final_result":"Reject","errorMessage":"","status":"Done"}

2022-11-22 16:45:16 - [TEST_STEP][PASSED] - verifyElementPropertyValue(scoring, "Final_result", final_result): Verify element property value successfully

2022-11-22 16:45:16 - [MESSAGE][PASSED] - Verify element property value successfully]]></system-out>
         <system-err><![CDATA[]]></system-err>
      </testcase>
      <testcase name="Test Cases/Engine_Scoring/Engine Scoring" time="6.529" classname="Test Cases/Engine_Scoring/Engine Scoring" status="PASSED">
         <system-out><![CDATA[2022-11-22 16:45:16 - [TEST_CASE][PASSED] - Test Cases/Engine_Scoring/Engine Scoring: Test Cases/Engine_Scoring/Engine Scoring

2022-11-22 16:45:18 - [TEST_STEP][PASSED] - markPassed("Variasi data ke : " + no): Variasi data ke : 268

2022-11-22 16:45:18 - [MESSAGE][PASSED] - Variasi data ke : 268

2022-11-22 16:45:18 - [TEST_STEP][PASSED] - req_data = sendRequest(findTestObject("Search_ME", ["MID":MID, "source":source, "ip":ip, "userid":userid, "branch":branch, "tipekons":tipekons, "marital":marital, "penjamin":penjamin, ... ])): Send request successfully

2022-11-22 16:45:19 - [MESSAGE][INFO] - HAR: D:\DMS\Engine Scoring\Reports\20221122_162012\Exclude KKB - DS\Scoring Individu - KKB\20221122_162012\requests\main\534.har

2022-11-22 16:45:19 - [MESSAGE][PASSED] - Send request successfully

2022-11-22 16:45:19 - [TEST_STEP][PASSED] - slurper = new groovy.json.JsonSlurper(): null

2022-11-22 16:45:19 - [TEST_STEP][PASSED] - result = slurper.parseText(req_data.getResponseBodyContent()): null

2022-11-22 16:45:19 - [TEST_STEP][PASSED] - reqid_kons = requestid1: null

2022-11-22 16:45:19 - [TEST_STEP][PASSED] - reqid_spouse = requestid2: null

2022-11-22 16:45:19 - [TEST_STEP][PASSED] - println("requestid kons : " + reqid_kons): null

2022-11-22 16:45:19 - [TEST_STEP][PASSED] - response_searchME_kons = reqid_kons: null

2022-11-22 16:45:19 - [TEST_STEP][PASSED] - response_searchME_spouse = reqid_spouse: null

2022-11-22 16:45:19 - [TEST_STEP][PASSED] - println("kons req id is :" + response_searchME_kons): null

2022-11-22 16:45:19 - [TEST_STEP][PASSED] - println("spouse req id is : " + response_searchME_spouse): null

2022-11-22 16:45:19 - [TEST_STEP][PASSED] - verifyResponseStatusCode(req_data, 200): Verify response status code successfully

2022-11-22 16:45:19 - [MESSAGE][PASSED] - Verify response status code successfully

2022-11-22 16:45:19 - [TEST_STEP][PASSED] - response = req_data.getResponseText(): null

2022-11-22 16:45:19 - [TEST_STEP][PASSED] - logInfo($response): {"status":"Done","data":{"requestid1":"242391","requestid2":""}}

2022-11-22 16:45:19 - [MESSAGE][INFO] - {"status":"Done","data":{"requestid1":"242391","requestid2":""}}

2022-11-22 16:45:19 - [TEST_STEP][PASSED] - delay(3): Delayed 3 second(s)

2022-11-22 16:45:22 - [MESSAGE][PASSED] - Delayed 3 second(s)

2022-11-22 16:45:22 - [TEST_STEP][PASSED] - scoring = sendRequest(findTestObject("EngineScore", ["response_searchME_kons":response_searchME_kons, "response_searchME_spouse":response_searchME_spouse])): Send request successfully

2022-11-22 16:45:23 - [MESSAGE][INFO] - HAR: D:\DMS\Engine Scoring\Reports\20221122_162012\Exclude KKB - DS\Scoring Individu - KKB\20221122_162012\requests\main\535.har

2022-11-22 16:45:23 - [MESSAGE][PASSED] - Send request successfully

2022-11-22 16:45:23 - [TEST_STEP][PASSED] - verifyResponseStatusCode(scoring, 200): Verify response status code successfully

2022-11-22 16:45:23 - [MESSAGE][PASSED] - Verify response status code successfully

2022-11-22 16:45:23 - [TEST_STEP][PASSED] - response2 = scoring.getResponseText(): null

2022-11-22 16:45:23 - [TEST_STEP][PASSED] - markPassed("result service data ke : " + no): result service data ke : 268

2022-11-22 16:45:23 - [MESSAGE][PASSED] - result service data ke : 268

2022-11-22 16:45:23 - [TEST_STEP][PASSED] - logInfo($response2): {"result_konsumen":"Reject","result_pasangan":"","Final_result":"Reject","errorMessage":"","status":"Done"}

2022-11-22 16:45:23 - [MESSAGE][INFO] - {"result_konsumen":"Reject","result_pasangan":"","Final_result":"Reject","errorMessage":"","status":"Done"}

2022-11-22 16:45:23 - [TEST_STEP][PASSED] - verifyElementPropertyValue(scoring, "Final_result", final_result): Verify element property value successfully

2022-11-22 16:45:23 - [MESSAGE][PASSED] - Verify element property value successfully]]></system-out>
         <system-err><![CDATA[]]></system-err>
      </testcase>
      <testcase name="Test Cases/Engine_Scoring/Engine Scoring" time="6.231" classname="Test Cases/Engine_Scoring/Engine Scoring" status="PASSED">
         <system-out><![CDATA[2022-11-22 16:45:23 - [TEST_CASE][PASSED] - Test Cases/Engine_Scoring/Engine Scoring: Test Cases/Engine_Scoring/Engine Scoring

2022-11-22 16:45:24 - [TEST_STEP][PASSED] - markPassed("Variasi data ke : " + no): Variasi data ke : 269

2022-11-22 16:45:24 - [MESSAGE][PASSED] - Variasi data ke : 269

2022-11-22 16:45:24 - [TEST_STEP][PASSED] - req_data = sendRequest(findTestObject("Search_ME", ["MID":MID, "source":source, "ip":ip, "userid":userid, "branch":branch, "tipekons":tipekons, "marital":marital, "penjamin":penjamin, ... ])): Send request successfully

2022-11-22 16:45:26 - [MESSAGE][INFO] - HAR: D:\DMS\Engine Scoring\Reports\20221122_162012\Exclude KKB - DS\Scoring Individu - KKB\20221122_162012\requests\main\536.har

2022-11-22 16:45:26 - [MESSAGE][PASSED] - Send request successfully

2022-11-22 16:45:26 - [TEST_STEP][PASSED] - slurper = new groovy.json.JsonSlurper(): null

2022-11-22 16:45:26 - [TEST_STEP][PASSED] - result = slurper.parseText(req_data.getResponseBodyContent()): null

2022-11-22 16:45:26 - [TEST_STEP][PASSED] - reqid_kons = requestid1: null

2022-11-22 16:45:26 - [TEST_STEP][PASSED] - reqid_spouse = requestid2: null

2022-11-22 16:45:26 - [TEST_STEP][PASSED] - println("requestid kons : " + reqid_kons): null

2022-11-22 16:45:26 - [TEST_STEP][PASSED] - response_searchME_kons = reqid_kons: null

2022-11-22 16:45:26 - [TEST_STEP][PASSED] - response_searchME_spouse = reqid_spouse: null

2022-11-22 16:45:26 - [TEST_STEP][PASSED] - println("kons req id is :" + response_searchME_kons): null

2022-11-22 16:45:26 - [TEST_STEP][PASSED] - println("spouse req id is : " + response_searchME_spouse): null

2022-11-22 16:45:26 - [TEST_STEP][PASSED] - verifyResponseStatusCode(req_data, 200): Verify response status code successfully

2022-11-22 16:45:26 - [MESSAGE][PASSED] - Verify response status code successfully

2022-11-22 16:45:26 - [TEST_STEP][PASSED] - response = req_data.getResponseText(): null

2022-11-22 16:45:26 - [TEST_STEP][PASSED] - logInfo($response): {"status":"Done","data":{"requestid1":"242392","requestid2":""}}

2022-11-22 16:45:26 - [MESSAGE][INFO] - {"status":"Done","data":{"requestid1":"242392","requestid2":""}}

2022-11-22 16:45:26 - [TEST_STEP][PASSED] - delay(3): Delayed 3 second(s)

2022-11-22 16:45:29 - [MESSAGE][PASSED] - Delayed 3 second(s)

2022-11-22 16:45:29 - [TEST_STEP][PASSED] - scoring = sendRequest(findTestObject("EngineScore", ["response_searchME_kons":response_searchME_kons, "response_searchME_spouse":response_searchME_spouse])): Send request successfully

2022-11-22 16:45:29 - [MESSAGE][INFO] - HAR: D:\DMS\Engine Scoring\Reports\20221122_162012\Exclude KKB - DS\Scoring Individu - KKB\20221122_162012\requests\main\537.har

2022-11-22 16:45:29 - [MESSAGE][PASSED] - Send request successfully

2022-11-22 16:45:29 - [TEST_STEP][PASSED] - verifyResponseStatusCode(scoring, 200): Verify response status code successfully

2022-11-22 16:45:29 - [MESSAGE][PASSED] - Verify response status code successfully

2022-11-22 16:45:29 - [TEST_STEP][PASSED] - response2 = scoring.getResponseText(): null

2022-11-22 16:45:29 - [TEST_STEP][PASSED] - markPassed("result service data ke : " + no): result service data ke : 269

2022-11-22 16:45:29 - [MESSAGE][PASSED] - result service data ke : 269

2022-11-22 16:45:29 - [TEST_STEP][PASSED] - logInfo($response2): {"result_konsumen":"Reject","result_pasangan":"","Final_result":"Reject","errorMessage":"","status":"Done"}

2022-11-22 16:45:29 - [MESSAGE][INFO] - {"result_konsumen":"Reject","result_pasangan":"","Final_result":"Reject","errorMessage":"","status":"Done"}

2022-11-22 16:45:29 - [TEST_STEP][PASSED] - verifyElementPropertyValue(scoring, "Final_result", final_result): Verify element property value successfully

2022-11-22 16:45:29 - [MESSAGE][PASSED] - Verify element property value successfully]]></system-out>
         <system-err><![CDATA[]]></system-err>
      </testcase>
      <testcase name="Test Cases/Engine_Scoring/Engine Scoring" time="6.307" classname="Test Cases/Engine_Scoring/Engine Scoring" status="PASSED">
         <system-out><![CDATA[2022-11-22 16:45:29 - [TEST_CASE][PASSED] - Test Cases/Engine_Scoring/Engine Scoring: Test Cases/Engine_Scoring/Engine Scoring

2022-11-22 16:45:31 - [TEST_STEP][PASSED] - markPassed("Variasi data ke : " + no): Variasi data ke : 270

2022-11-22 16:45:31 - [MESSAGE][PASSED] - Variasi data ke : 270

2022-11-22 16:45:31 - [TEST_STEP][PASSED] - req_data = sendRequest(findTestObject("Search_ME", ["MID":MID, "source":source, "ip":ip, "userid":userid, "branch":branch, "tipekons":tipekons, "marital":marital, "penjamin":penjamin, ... ])): Send request successfully

2022-11-22 16:45:32 - [MESSAGE][INFO] - HAR: D:\DMS\Engine Scoring\Reports\20221122_162012\Exclude KKB - DS\Scoring Individu - KKB\20221122_162012\requests\main\538.har

2022-11-22 16:45:32 - [MESSAGE][PASSED] - Send request successfully

2022-11-22 16:45:32 - [TEST_STEP][PASSED] - slurper = new groovy.json.JsonSlurper(): null

2022-11-22 16:45:32 - [TEST_STEP][PASSED] - result = slurper.parseText(req_data.getResponseBodyContent()): null

2022-11-22 16:45:32 - [TEST_STEP][PASSED] - reqid_kons = requestid1: null

2022-11-22 16:45:32 - [TEST_STEP][PASSED] - reqid_spouse = requestid2: null

2022-11-22 16:45:32 - [TEST_STEP][PASSED] - println("requestid kons : " + reqid_kons): null

2022-11-22 16:45:32 - [TEST_STEP][PASSED] - response_searchME_kons = reqid_kons: null

2022-11-22 16:45:32 - [TEST_STEP][PASSED] - response_searchME_spouse = reqid_spouse: null

2022-11-22 16:45:32 - [TEST_STEP][PASSED] - println("kons req id is :" + response_searchME_kons): null

2022-11-22 16:45:32 - [TEST_STEP][PASSED] - println("spouse req id is : " + response_searchME_spouse): null

2022-11-22 16:45:32 - [TEST_STEP][PASSED] - verifyResponseStatusCode(req_data, 200): Verify response status code successfully

2022-11-22 16:45:32 - [MESSAGE][PASSED] - Verify response status code successfully

2022-11-22 16:45:32 - [TEST_STEP][PASSED] - response = req_data.getResponseText(): null

2022-11-22 16:45:32 - [TEST_STEP][PASSED] - logInfo($response): {"status":"Done","data":{"requestid1":"242393","requestid2":""}}

2022-11-22 16:45:32 - [MESSAGE][INFO] - {"status":"Done","data":{"requestid1":"242393","requestid2":""}}

2022-11-22 16:45:32 - [TEST_STEP][PASSED] - delay(3): Delayed 3 second(s)

2022-11-22 16:45:35 - [MESSAGE][PASSED] - Delayed 3 second(s)

2022-11-22 16:45:35 - [TEST_STEP][PASSED] - scoring = sendRequest(findTestObject("EngineScore", ["response_searchME_kons":response_searchME_kons, "response_searchME_spouse":response_searchME_spouse])): Send request successfully

2022-11-22 16:45:35 - [MESSAGE][INFO] - HAR: D:\DMS\Engine Scoring\Reports\20221122_162012\Exclude KKB - DS\Scoring Individu - KKB\20221122_162012\requests\main\539.har

2022-11-22 16:45:35 - [MESSAGE][PASSED] - Send request successfully

2022-11-22 16:45:35 - [TEST_STEP][PASSED] - verifyResponseStatusCode(scoring, 200): Verify response status code successfully

2022-11-22 16:45:35 - [MESSAGE][PASSED] - Verify response status code successfully

2022-11-22 16:45:35 - [TEST_STEP][PASSED] - response2 = scoring.getResponseText(): null

2022-11-22 16:45:35 - [TEST_STEP][PASSED] - markPassed("result service data ke : " + no): result service data ke : 270

2022-11-22 16:45:35 - [MESSAGE][PASSED] - result service data ke : 270

2022-11-22 16:45:35 - [TEST_STEP][PASSED] - logInfo($response2): {"result_konsumen":"Reject","result_pasangan":"","Final_result":"Reject","errorMessage":"","status":"Done"}

2022-11-22 16:45:35 - [MESSAGE][INFO] - {"result_konsumen":"Reject","result_pasangan":"","Final_result":"Reject","errorMessage":"","status":"Done"}

2022-11-22 16:45:35 - [TEST_STEP][PASSED] - verifyElementPropertyValue(scoring, "Final_result", final_result): Verify element property value successfully

2022-11-22 16:45:35 - [MESSAGE][PASSED] - Verify element property value successfully]]></system-out>
         <system-err><![CDATA[]]></system-err>
      </testcase>
      <testcase name="Test Cases/Engine_Scoring/Engine Scoring" time="6.352" classname="Test Cases/Engine_Scoring/Engine Scoring" status="PASSED">
         <system-out><![CDATA[2022-11-22 16:45:35 - [TEST_CASE][PASSED] - Test Cases/Engine_Scoring/Engine Scoring: Test Cases/Engine_Scoring/Engine Scoring

2022-11-22 16:45:37 - [TEST_STEP][PASSED] - markPassed("Variasi data ke : " + no): Variasi data ke : 271

2022-11-22 16:45:37 - [MESSAGE][PASSED] - Variasi data ke : 271

2022-11-22 16:45:37 - [TEST_STEP][PASSED] - req_data = sendRequest(findTestObject("Search_ME", ["MID":MID, "source":source, "ip":ip, "userid":userid, "branch":branch, "tipekons":tipekons, "marital":marital, "penjamin":penjamin, ... ])): Send request successfully

2022-11-22 16:45:39 - [MESSAGE][INFO] - HAR: D:\DMS\Engine Scoring\Reports\20221122_162012\Exclude KKB - DS\Scoring Individu - KKB\20221122_162012\requests\main\540.har

2022-11-22 16:45:39 - [MESSAGE][PASSED] - Send request successfully

2022-11-22 16:45:39 - [TEST_STEP][PASSED] - slurper = new groovy.json.JsonSlurper(): null

2022-11-22 16:45:39 - [TEST_STEP][PASSED] - result = slurper.parseText(req_data.getResponseBodyContent()): null

2022-11-22 16:45:39 - [TEST_STEP][PASSED] - reqid_kons = requestid1: null

2022-11-22 16:45:39 - [TEST_STEP][PASSED] - reqid_spouse = requestid2: null

2022-11-22 16:45:39 - [TEST_STEP][PASSED] - println("requestid kons : " + reqid_kons): null

2022-11-22 16:45:39 - [TEST_STEP][PASSED] - response_searchME_kons = reqid_kons: null

2022-11-22 16:45:39 - [TEST_STEP][PASSED] - response_searchME_spouse = reqid_spouse: null

2022-11-22 16:45:39 - [TEST_STEP][PASSED] - println("kons req id is :" + response_searchME_kons): null

2022-11-22 16:45:39 - [TEST_STEP][PASSED] - println("spouse req id is : " + response_searchME_spouse): null

2022-11-22 16:45:39 - [TEST_STEP][PASSED] - verifyResponseStatusCode(req_data, 200): Verify response status code successfully

2022-11-22 16:45:39 - [MESSAGE][PASSED] - Verify response status code successfully

2022-11-22 16:45:39 - [TEST_STEP][PASSED] - response = req_data.getResponseText(): null

2022-11-22 16:45:39 - [TEST_STEP][PASSED] - logInfo($response): {"status":"Done","data":{"requestid1":"242394","requestid2":""}}

2022-11-22 16:45:39 - [MESSAGE][INFO] - {"status":"Done","data":{"requestid1":"242394","requestid2":""}}

2022-11-22 16:45:39 - [TEST_STEP][PASSED] - delay(3): Delayed 3 second(s)

2022-11-22 16:45:42 - [MESSAGE][PASSED] - Delayed 3 second(s)

2022-11-22 16:45:42 - [TEST_STEP][PASSED] - scoring = sendRequest(findTestObject("EngineScore", ["response_searchME_kons":response_searchME_kons, "response_searchME_spouse":response_searchME_spouse])): Send request successfully

2022-11-22 16:45:42 - [MESSAGE][INFO] - HAR: D:\DMS\Engine Scoring\Reports\20221122_162012\Exclude KKB - DS\Scoring Individu - KKB\20221122_162012\requests\main\541.har

2022-11-22 16:45:42 - [MESSAGE][PASSED] - Send request successfully

2022-11-22 16:45:42 - [TEST_STEP][PASSED] - verifyResponseStatusCode(scoring, 200): Verify response status code successfully

2022-11-22 16:45:42 - [MESSAGE][PASSED] - Verify response status code successfully

2022-11-22 16:45:42 - [TEST_STEP][PASSED] - response2 = scoring.getResponseText(): null

2022-11-22 16:45:42 - [TEST_STEP][PASSED] - markPassed("result service data ke : " + no): result service data ke : 271

2022-11-22 16:45:42 - [MESSAGE][PASSED] - result service data ke : 271

2022-11-22 16:45:42 - [TEST_STEP][PASSED] - logInfo($response2): {"result_konsumen":"Reject","result_pasangan":"","Final_result":"Reject","errorMessage":"","status":"Done"}

2022-11-22 16:45:42 - [MESSAGE][INFO] - {"result_konsumen":"Reject","result_pasangan":"","Final_result":"Reject","errorMessage":"","status":"Done"}

2022-11-22 16:45:42 - [TEST_STEP][PASSED] - verifyElementPropertyValue(scoring, "Final_result", final_result): Verify element property value successfully

2022-11-22 16:45:42 - [MESSAGE][PASSED] - Verify element property value successfully]]></system-out>
         <system-err><![CDATA[]]></system-err>
      </testcase>
      <testcase name="Test Cases/Engine_Scoring/Engine Scoring" time="6.272" classname="Test Cases/Engine_Scoring/Engine Scoring" status="PASSED">
         <system-out><![CDATA[2022-11-22 16:45:42 - [TEST_CASE][PASSED] - Test Cases/Engine_Scoring/Engine Scoring: Test Cases/Engine_Scoring/Engine Scoring

2022-11-22 16:45:43 - [TEST_STEP][PASSED] - markPassed("Variasi data ke : " + no): Variasi data ke : 272

2022-11-22 16:45:43 - [MESSAGE][PASSED] - Variasi data ke : 272

2022-11-22 16:45:43 - [TEST_STEP][PASSED] - req_data = sendRequest(findTestObject("Search_ME", ["MID":MID, "source":source, "ip":ip, "userid":userid, "branch":branch, "tipekons":tipekons, "marital":marital, "penjamin":penjamin, ... ])): Send request successfully

2022-11-22 16:45:45 - [MESSAGE][INFO] - HAR: D:\DMS\Engine Scoring\Reports\20221122_162012\Exclude KKB - DS\Scoring Individu - KKB\20221122_162012\requests\main\542.har

2022-11-22 16:45:45 - [MESSAGE][PASSED] - Send request successfully

2022-11-22 16:45:45 - [TEST_STEP][PASSED] - slurper = new groovy.json.JsonSlurper(): null

2022-11-22 16:45:45 - [TEST_STEP][PASSED] - result = slurper.parseText(req_data.getResponseBodyContent()): null

2022-11-22 16:45:45 - [TEST_STEP][PASSED] - reqid_kons = requestid1: null

2022-11-22 16:45:45 - [TEST_STEP][PASSED] - reqid_spouse = requestid2: null

2022-11-22 16:45:45 - [TEST_STEP][PASSED] - println("requestid kons : " + reqid_kons): null

2022-11-22 16:45:45 - [TEST_STEP][PASSED] - response_searchME_kons = reqid_kons: null

2022-11-22 16:45:45 - [TEST_STEP][PASSED] - response_searchME_spouse = reqid_spouse: null

2022-11-22 16:45:45 - [TEST_STEP][PASSED] - println("kons req id is :" + response_searchME_kons): null

2022-11-22 16:45:45 - [TEST_STEP][PASSED] - println("spouse req id is : " + response_searchME_spouse): null

2022-11-22 16:45:45 - [TEST_STEP][PASSED] - verifyResponseStatusCode(req_data, 200): Verify response status code successfully

2022-11-22 16:45:45 - [MESSAGE][PASSED] - Verify response status code successfully

2022-11-22 16:45:45 - [TEST_STEP][PASSED] - response = req_data.getResponseText(): null

2022-11-22 16:45:45 - [TEST_STEP][PASSED] - logInfo($response): {"status":"Done","data":{"requestid1":"242395","requestid2":""}}

2022-11-22 16:45:45 - [MESSAGE][INFO] - {"status":"Done","data":{"requestid1":"242395","requestid2":""}}

2022-11-22 16:45:45 - [TEST_STEP][PASSED] - delay(3): Delayed 3 second(s)

2022-11-22 16:45:48 - [MESSAGE][PASSED] - Delayed 3 second(s)

2022-11-22 16:45:48 - [TEST_STEP][PASSED] - scoring = sendRequest(findTestObject("EngineScore", ["response_searchME_kons":response_searchME_kons, "response_searchME_spouse":response_searchME_spouse])): Send request successfully

2022-11-22 16:45:48 - [MESSAGE][INFO] - HAR: D:\DMS\Engine Scoring\Reports\20221122_162012\Exclude KKB - DS\Scoring Individu - KKB\20221122_162012\requests\main\543.har

2022-11-22 16:45:48 - [MESSAGE][PASSED] - Send request successfully

2022-11-22 16:45:48 - [TEST_STEP][PASSED] - verifyResponseStatusCode(scoring, 200): Verify response status code successfully

2022-11-22 16:45:48 - [MESSAGE][PASSED] - Verify response status code successfully

2022-11-22 16:45:48 - [TEST_STEP][PASSED] - response2 = scoring.getResponseText(): null

2022-11-22 16:45:48 - [TEST_STEP][PASSED] - markPassed("result service data ke : " + no): result service data ke : 272

2022-11-22 16:45:48 - [MESSAGE][PASSED] - result service data ke : 272

2022-11-22 16:45:48 - [TEST_STEP][PASSED] - logInfo($response2): {"result_konsumen":"Reject","result_pasangan":"","Final_result":"Reject","errorMessage":"","status":"Done"}

2022-11-22 16:45:48 - [MESSAGE][INFO] - {"result_konsumen":"Reject","result_pasangan":"","Final_result":"Reject","errorMessage":"","status":"Done"}

2022-11-22 16:45:48 - [TEST_STEP][PASSED] - verifyElementPropertyValue(scoring, "Final_result", final_result): Verify element property value successfully

2022-11-22 16:45:48 - [MESSAGE][PASSED] - Verify element property value successfully]]></system-out>
         <system-err><![CDATA[]]></system-err>
      </testcase>
      <testcase name="Test Cases/Engine_Scoring/Engine Scoring" time="6.438" classname="Test Cases/Engine_Scoring/Engine Scoring" status="PASSED">
         <system-out><![CDATA[2022-11-22 16:45:48 - [TEST_CASE][PASSED] - Test Cases/Engine_Scoring/Engine Scoring: Test Cases/Engine_Scoring/Engine Scoring

2022-11-22 16:45:50 - [TEST_STEP][PASSED] - markPassed("Variasi data ke : " + no): Variasi data ke : 273

2022-11-22 16:45:50 - [MESSAGE][PASSED] - Variasi data ke : 273

2022-11-22 16:45:50 - [TEST_STEP][PASSED] - req_data = sendRequest(findTestObject("Search_ME", ["MID":MID, "source":source, "ip":ip, "userid":userid, "branch":branch, "tipekons":tipekons, "marital":marital, "penjamin":penjamin, ... ])): Send request successfully

2022-11-22 16:45:51 - [MESSAGE][INFO] - HAR: D:\DMS\Engine Scoring\Reports\20221122_162012\Exclude KKB - DS\Scoring Individu - KKB\20221122_162012\requests\main\544.har

2022-11-22 16:45:51 - [MESSAGE][PASSED] - Send request successfully

2022-11-22 16:45:51 - [TEST_STEP][PASSED] - slurper = new groovy.json.JsonSlurper(): null

2022-11-22 16:45:51 - [TEST_STEP][PASSED] - result = slurper.parseText(req_data.getResponseBodyContent()): null

2022-11-22 16:45:51 - [TEST_STEP][PASSED] - reqid_kons = requestid1: null

2022-11-22 16:45:51 - [TEST_STEP][PASSED] - reqid_spouse = requestid2: null

2022-11-22 16:45:51 - [TEST_STEP][PASSED] - println("requestid kons : " + reqid_kons): null

2022-11-22 16:45:51 - [TEST_STEP][PASSED] - response_searchME_kons = reqid_kons: null

2022-11-22 16:45:51 - [TEST_STEP][PASSED] - response_searchME_spouse = reqid_spouse: null

2022-11-22 16:45:51 - [TEST_STEP][PASSED] - println("kons req id is :" + response_searchME_kons): null

2022-11-22 16:45:51 - [TEST_STEP][PASSED] - println("spouse req id is : " + response_searchME_spouse): null

2022-11-22 16:45:51 - [TEST_STEP][PASSED] - verifyResponseStatusCode(req_data, 200): Verify response status code successfully

2022-11-22 16:45:51 - [MESSAGE][PASSED] - Verify response status code successfully

2022-11-22 16:45:51 - [TEST_STEP][PASSED] - response = req_data.getResponseText(): null

2022-11-22 16:45:51 - [TEST_STEP][PASSED] - logInfo($response): {"status":"Done","data":{"requestid1":"242396","requestid2":""}}

2022-11-22 16:45:51 - [MESSAGE][INFO] - {"status":"Done","data":{"requestid1":"242396","requestid2":""}}

2022-11-22 16:45:51 - [TEST_STEP][PASSED] - delay(3): Delayed 3 second(s)

2022-11-22 16:45:54 - [MESSAGE][PASSED] - Delayed 3 second(s)

2022-11-22 16:45:54 - [TEST_STEP][PASSED] - scoring = sendRequest(findTestObject("EngineScore", ["response_searchME_kons":response_searchME_kons, "response_searchME_spouse":response_searchME_spouse])): Send request successfully

2022-11-22 16:45:55 - [MESSAGE][INFO] - HAR: D:\DMS\Engine Scoring\Reports\20221122_162012\Exclude KKB - DS\Scoring Individu - KKB\20221122_162012\requests\main\545.har

2022-11-22 16:45:55 - [MESSAGE][PASSED] - Send request successfully

2022-11-22 16:45:55 - [TEST_STEP][PASSED] - verifyResponseStatusCode(scoring, 200): Verify response status code successfully

2022-11-22 16:45:55 - [MESSAGE][PASSED] - Verify response status code successfully

2022-11-22 16:45:55 - [TEST_STEP][PASSED] - response2 = scoring.getResponseText(): null

2022-11-22 16:45:55 - [TEST_STEP][PASSED] - markPassed("result service data ke : " + no): result service data ke : 273

2022-11-22 16:45:55 - [MESSAGE][PASSED] - result service data ke : 273

2022-11-22 16:45:55 - [TEST_STEP][PASSED] - logInfo($response2): {"result_konsumen":"Reject","result_pasangan":"","Final_result":"Reject","errorMessage":"","status":"Done"}

2022-11-22 16:45:55 - [MESSAGE][INFO] - {"result_konsumen":"Reject","result_pasangan":"","Final_result":"Reject","errorMessage":"","status":"Done"}

2022-11-22 16:45:55 - [TEST_STEP][PASSED] - verifyElementPropertyValue(scoring, "Final_result", final_result): Verify element property value successfully

2022-11-22 16:45:55 - [MESSAGE][PASSED] - Verify element property value successfully]]></system-out>
         <system-err><![CDATA[]]></system-err>
      </testcase>
      <testcase name="Test Cases/Engine_Scoring/Engine Scoring" time="6.516" classname="Test Cases/Engine_Scoring/Engine Scoring" status="PASSED">
         <system-out><![CDATA[2022-11-22 16:45:55 - [TEST_CASE][PASSED] - Test Cases/Engine_Scoring/Engine Scoring: Test Cases/Engine_Scoring/Engine Scoring

2022-11-22 16:45:56 - [TEST_STEP][PASSED] - markPassed("Variasi data ke : " + no): Variasi data ke : 274

2022-11-22 16:45:56 - [MESSAGE][PASSED] - Variasi data ke : 274

2022-11-22 16:45:56 - [TEST_STEP][PASSED] - req_data = sendRequest(findTestObject("Search_ME", ["MID":MID, "source":source, "ip":ip, "userid":userid, "branch":branch, "tipekons":tipekons, "marital":marital, "penjamin":penjamin, ... ])): Send request successfully

2022-11-22 16:45:58 - [MESSAGE][INFO] - HAR: D:\DMS\Engine Scoring\Reports\20221122_162012\Exclude KKB - DS\Scoring Individu - KKB\20221122_162012\requests\main\546.har

2022-11-22 16:45:58 - [MESSAGE][PASSED] - Send request successfully

2022-11-22 16:45:58 - [TEST_STEP][PASSED] - slurper = new groovy.json.JsonSlurper(): null

2022-11-22 16:45:58 - [TEST_STEP][PASSED] - result = slurper.parseText(req_data.getResponseBodyContent()): null

2022-11-22 16:45:58 - [TEST_STEP][PASSED] - reqid_kons = requestid1: null

2022-11-22 16:45:58 - [TEST_STEP][PASSED] - reqid_spouse = requestid2: null

2022-11-22 16:45:58 - [TEST_STEP][PASSED] - println("requestid kons : " + reqid_kons): null

2022-11-22 16:45:58 - [TEST_STEP][PASSED] - response_searchME_kons = reqid_kons: null

2022-11-22 16:45:58 - [TEST_STEP][PASSED] - response_searchME_spouse = reqid_spouse: null

2022-11-22 16:45:58 - [TEST_STEP][PASSED] - println("kons req id is :" + response_searchME_kons): null

2022-11-22 16:45:58 - [TEST_STEP][PASSED] - println("spouse req id is : " + response_searchME_spouse): null

2022-11-22 16:45:58 - [TEST_STEP][PASSED] - verifyResponseStatusCode(req_data, 200): Verify response status code successfully

2022-11-22 16:45:58 - [MESSAGE][PASSED] - Verify response status code successfully

2022-11-22 16:45:58 - [TEST_STEP][PASSED] - response = req_data.getResponseText(): null

2022-11-22 16:45:58 - [TEST_STEP][PASSED] - logInfo($response): {"status":"Done","data":{"requestid1":"242397","requestid2":""}}

2022-11-22 16:45:58 - [MESSAGE][INFO] - {"status":"Done","data":{"requestid1":"242397","requestid2":""}}

2022-11-22 16:45:58 - [TEST_STEP][PASSED] - delay(3): Delayed 3 second(s)

2022-11-22 16:46:01 - [MESSAGE][PASSED] - Delayed 3 second(s)

2022-11-22 16:46:01 - [TEST_STEP][PASSED] - scoring = sendRequest(findTestObject("EngineScore", ["response_searchME_kons":response_searchME_kons, "response_searchME_spouse":response_searchME_spouse])): Send request successfully

2022-11-22 16:46:01 - [MESSAGE][INFO] - HAR: D:\DMS\Engine Scoring\Reports\20221122_162012\Exclude KKB - DS\Scoring Individu - KKB\20221122_162012\requests\main\547.har

2022-11-22 16:46:01 - [MESSAGE][PASSED] - Send request successfully

2022-11-22 16:46:01 - [TEST_STEP][PASSED] - verifyResponseStatusCode(scoring, 200): Verify response status code successfully

2022-11-22 16:46:01 - [MESSAGE][PASSED] - Verify response status code successfully

2022-11-22 16:46:01 - [TEST_STEP][PASSED] - response2 = scoring.getResponseText(): null

2022-11-22 16:46:01 - [TEST_STEP][PASSED] - markPassed("result service data ke : " + no): result service data ke : 274

2022-11-22 16:46:01 - [MESSAGE][PASSED] - result service data ke : 274

2022-11-22 16:46:01 - [TEST_STEP][PASSED] - logInfo($response2): {"result_konsumen":"Reject","result_pasangan":"","Final_result":"Reject","errorMessage":"","status":"Done"}

2022-11-22 16:46:01 - [MESSAGE][INFO] - {"result_konsumen":"Reject","result_pasangan":"","Final_result":"Reject","errorMessage":"","status":"Done"}

2022-11-22 16:46:01 - [TEST_STEP][PASSED] - verifyElementPropertyValue(scoring, "Final_result", final_result): Verify element property value successfully

2022-11-22 16:46:01 - [MESSAGE][PASSED] - Verify element property value successfully]]></system-out>
         <system-err><![CDATA[]]></system-err>
      </testcase>
      <testcase name="Test Cases/Engine_Scoring/Engine Scoring" time="6.266" classname="Test Cases/Engine_Scoring/Engine Scoring" status="PASSED">
         <system-out><![CDATA[2022-11-22 16:46:01 - [TEST_CASE][PASSED] - Test Cases/Engine_Scoring/Engine Scoring: Test Cases/Engine_Scoring/Engine Scoring

2022-11-22 16:46:03 - [TEST_STEP][PASSED] - markPassed("Variasi data ke : " + no): Variasi data ke : 275

2022-11-22 16:46:03 - [MESSAGE][PASSED] - Variasi data ke : 275

2022-11-22 16:46:03 - [TEST_STEP][PASSED] - req_data = sendRequest(findTestObject("Search_ME", ["MID":MID, "source":source, "ip":ip, "userid":userid, "branch":branch, "tipekons":tipekons, "marital":marital, "penjamin":penjamin, ... ])): Send request successfully

2022-11-22 16:46:04 - [MESSAGE][INFO] - HAR: D:\DMS\Engine Scoring\Reports\20221122_162012\Exclude KKB - DS\Scoring Individu - KKB\20221122_162012\requests\main\548.har

2022-11-22 16:46:04 - [MESSAGE][PASSED] - Send request successfully

2022-11-22 16:46:04 - [TEST_STEP][PASSED] - slurper = new groovy.json.JsonSlurper(): null

2022-11-22 16:46:04 - [TEST_STEP][PASSED] - result = slurper.parseText(req_data.getResponseBodyContent()): null

2022-11-22 16:46:04 - [TEST_STEP][PASSED] - reqid_kons = requestid1: null

2022-11-22 16:46:04 - [TEST_STEP][PASSED] - reqid_spouse = requestid2: null

2022-11-22 16:46:04 - [TEST_STEP][PASSED] - println("requestid kons : " + reqid_kons): null

2022-11-22 16:46:04 - [TEST_STEP][PASSED] - response_searchME_kons = reqid_kons: null

2022-11-22 16:46:04 - [TEST_STEP][PASSED] - response_searchME_spouse = reqid_spouse: null

2022-11-22 16:46:04 - [TEST_STEP][PASSED] - println("kons req id is :" + response_searchME_kons): null

2022-11-22 16:46:04 - [TEST_STEP][PASSED] - println("spouse req id is : " + response_searchME_spouse): null

2022-11-22 16:46:04 - [TEST_STEP][PASSED] - verifyResponseStatusCode(req_data, 200): Verify response status code successfully

2022-11-22 16:46:04 - [MESSAGE][PASSED] - Verify response status code successfully

2022-11-22 16:46:04 - [TEST_STEP][PASSED] - response = req_data.getResponseText(): null

2022-11-22 16:46:04 - [TEST_STEP][PASSED] - logInfo($response): {"status":"Done","data":{"requestid1":"242398","requestid2":""}}

2022-11-22 16:46:04 - [MESSAGE][INFO] - {"status":"Done","data":{"requestid1":"242398","requestid2":""}}

2022-11-22 16:46:04 - [TEST_STEP][PASSED] - delay(3): Delayed 3 second(s)

2022-11-22 16:46:07 - [MESSAGE][PASSED] - Delayed 3 second(s)

2022-11-22 16:46:07 - [TEST_STEP][PASSED] - scoring = sendRequest(findTestObject("EngineScore", ["response_searchME_kons":response_searchME_kons, "response_searchME_spouse":response_searchME_spouse])): Send request successfully

2022-11-22 16:46:08 - [MESSAGE][INFO] - HAR: D:\DMS\Engine Scoring\Reports\20221122_162012\Exclude KKB - DS\Scoring Individu - KKB\20221122_162012\requests\main\549.har

2022-11-22 16:46:08 - [MESSAGE][PASSED] - Send request successfully

2022-11-22 16:46:08 - [TEST_STEP][PASSED] - verifyResponseStatusCode(scoring, 200): Verify response status code successfully

2022-11-22 16:46:08 - [MESSAGE][PASSED] - Verify response status code successfully

2022-11-22 16:46:08 - [TEST_STEP][PASSED] - response2 = scoring.getResponseText(): null

2022-11-22 16:46:08 - [TEST_STEP][PASSED] - markPassed("result service data ke : " + no): result service data ke : 275

2022-11-22 16:46:08 - [MESSAGE][PASSED] - result service data ke : 275

2022-11-22 16:46:08 - [TEST_STEP][PASSED] - logInfo($response2): {"result_konsumen":"Reject","result_pasangan":"","Final_result":"Reject","errorMessage":"","status":"Done"}

2022-11-22 16:46:08 - [MESSAGE][INFO] - {"result_konsumen":"Reject","result_pasangan":"","Final_result":"Reject","errorMessage":"","status":"Done"}

2022-11-22 16:46:08 - [TEST_STEP][PASSED] - verifyElementPropertyValue(scoring, "Final_result", final_result): Verify element property value successfully

2022-11-22 16:46:08 - [MESSAGE][PASSED] - Verify element property value successfully]]></system-out>
         <system-err><![CDATA[]]></system-err>
      </testcase>
      <testcase name="Test Cases/Engine_Scoring/Engine Scoring" time="6.207" classname="Test Cases/Engine_Scoring/Engine Scoring" status="PASSED">
         <system-out><![CDATA[2022-11-22 16:46:08 - [TEST_CASE][PASSED] - Test Cases/Engine_Scoring/Engine Scoring: Test Cases/Engine_Scoring/Engine Scoring

2022-11-22 16:46:09 - [TEST_STEP][PASSED] - markPassed("Variasi data ke : " + no): Variasi data ke : 276

2022-11-22 16:46:09 - [MESSAGE][PASSED] - Variasi data ke : 276

2022-11-22 16:46:09 - [TEST_STEP][PASSED] - req_data = sendRequest(findTestObject("Search_ME", ["MID":MID, "source":source, "ip":ip, "userid":userid, "branch":branch, "tipekons":tipekons, "marital":marital, "penjamin":penjamin, ... ])): Send request successfully

2022-11-22 16:46:11 - [MESSAGE][INFO] - HAR: D:\DMS\Engine Scoring\Reports\20221122_162012\Exclude KKB - DS\Scoring Individu - KKB\20221122_162012\requests\main\550.har

2022-11-22 16:46:11 - [MESSAGE][PASSED] - Send request successfully

2022-11-22 16:46:11 - [TEST_STEP][PASSED] - slurper = new groovy.json.JsonSlurper(): null

2022-11-22 16:46:11 - [TEST_STEP][PASSED] - result = slurper.parseText(req_data.getResponseBodyContent()): null

2022-11-22 16:46:11 - [TEST_STEP][PASSED] - reqid_kons = requestid1: null

2022-11-22 16:46:11 - [TEST_STEP][PASSED] - reqid_spouse = requestid2: null

2022-11-22 16:46:11 - [TEST_STEP][PASSED] - println("requestid kons : " + reqid_kons): null

2022-11-22 16:46:11 - [TEST_STEP][PASSED] - response_searchME_kons = reqid_kons: null

2022-11-22 16:46:11 - [TEST_STEP][PASSED] - response_searchME_spouse = reqid_spouse: null

2022-11-22 16:46:11 - [TEST_STEP][PASSED] - println("kons req id is :" + response_searchME_kons): null

2022-11-22 16:46:11 - [TEST_STEP][PASSED] - println("spouse req id is : " + response_searchME_spouse): null

2022-11-22 16:46:11 - [TEST_STEP][PASSED] - verifyResponseStatusCode(req_data, 200): Verify response status code successfully

2022-11-22 16:46:11 - [MESSAGE][PASSED] - Verify response status code successfully

2022-11-22 16:46:11 - [TEST_STEP][PASSED] - response = req_data.getResponseText(): null

2022-11-22 16:46:11 - [TEST_STEP][PASSED] - logInfo($response): {"status":"Done","data":{"requestid1":"242399","requestid2":""}}

2022-11-22 16:46:11 - [MESSAGE][INFO] - {"status":"Done","data":{"requestid1":"242399","requestid2":""}}

2022-11-22 16:46:11 - [TEST_STEP][PASSED] - delay(3): Delayed 3 second(s)

2022-11-22 16:46:14 - [MESSAGE][PASSED] - Delayed 3 second(s)

2022-11-22 16:46:14 - [TEST_STEP][PASSED] - scoring = sendRequest(findTestObject("EngineScore", ["response_searchME_kons":response_searchME_kons, "response_searchME_spouse":response_searchME_spouse])): Send request successfully

2022-11-22 16:46:14 - [MESSAGE][INFO] - HAR: D:\DMS\Engine Scoring\Reports\20221122_162012\Exclude KKB - DS\Scoring Individu - KKB\20221122_162012\requests\main\551.har

2022-11-22 16:46:14 - [MESSAGE][PASSED] - Send request successfully

2022-11-22 16:46:14 - [TEST_STEP][PASSED] - verifyResponseStatusCode(scoring, 200): Verify response status code successfully

2022-11-22 16:46:14 - [MESSAGE][PASSED] - Verify response status code successfully

2022-11-22 16:46:14 - [TEST_STEP][PASSED] - response2 = scoring.getResponseText(): null

2022-11-22 16:46:14 - [TEST_STEP][PASSED] - markPassed("result service data ke : " + no): result service data ke : 276

2022-11-22 16:46:14 - [MESSAGE][PASSED] - result service data ke : 276

2022-11-22 16:46:14 - [TEST_STEP][PASSED] - logInfo($response2): {"result_konsumen":"Reject","result_pasangan":"","Final_result":"Reject","errorMessage":"","status":"Done"}

2022-11-22 16:46:14 - [MESSAGE][INFO] - {"result_konsumen":"Reject","result_pasangan":"","Final_result":"Reject","errorMessage":"","status":"Done"}

2022-11-22 16:46:14 - [TEST_STEP][PASSED] - verifyElementPropertyValue(scoring, "Final_result", final_result): Verify element property value successfully

2022-11-22 16:46:14 - [MESSAGE][PASSED] - Verify element property value successfully]]></system-out>
         <system-err><![CDATA[]]></system-err>
      </testcase>
      <testcase name="Test Cases/Engine_Scoring/Engine Scoring" time="6.462" classname="Test Cases/Engine_Scoring/Engine Scoring" status="PASSED">
         <system-out><![CDATA[2022-11-22 16:46:14 - [TEST_CASE][PASSED] - Test Cases/Engine_Scoring/Engine Scoring: Test Cases/Engine_Scoring/Engine Scoring

2022-11-22 16:46:16 - [TEST_STEP][PASSED] - markPassed("Variasi data ke : " + no): Variasi data ke : 277

2022-11-22 16:46:16 - [MESSAGE][PASSED] - Variasi data ke : 277

2022-11-22 16:46:16 - [TEST_STEP][PASSED] - req_data = sendRequest(findTestObject("Search_ME", ["MID":MID, "source":source, "ip":ip, "userid":userid, "branch":branch, "tipekons":tipekons, "marital":marital, "penjamin":penjamin, ... ])): Send request successfully

2022-11-22 16:46:17 - [MESSAGE][INFO] - HAR: D:\DMS\Engine Scoring\Reports\20221122_162012\Exclude KKB - DS\Scoring Individu - KKB\20221122_162012\requests\main\552.har

2022-11-22 16:46:17 - [MESSAGE][PASSED] - Send request successfully

2022-11-22 16:46:17 - [TEST_STEP][PASSED] - slurper = new groovy.json.JsonSlurper(): null

2022-11-22 16:46:17 - [TEST_STEP][PASSED] - result = slurper.parseText(req_data.getResponseBodyContent()): null

2022-11-22 16:46:17 - [TEST_STEP][PASSED] - reqid_kons = requestid1: null

2022-11-22 16:46:17 - [TEST_STEP][PASSED] - reqid_spouse = requestid2: null

2022-11-22 16:46:17 - [TEST_STEP][PASSED] - println("requestid kons : " + reqid_kons): null

2022-11-22 16:46:17 - [TEST_STEP][PASSED] - response_searchME_kons = reqid_kons: null

2022-11-22 16:46:17 - [TEST_STEP][PASSED] - response_searchME_spouse = reqid_spouse: null

2022-11-22 16:46:17 - [TEST_STEP][PASSED] - println("kons req id is :" + response_searchME_kons): null

2022-11-22 16:46:17 - [TEST_STEP][PASSED] - println("spouse req id is : " + response_searchME_spouse): null

2022-11-22 16:46:17 - [TEST_STEP][PASSED] - verifyResponseStatusCode(req_data, 200): Verify response status code successfully

2022-11-22 16:46:17 - [MESSAGE][PASSED] - Verify response status code successfully

2022-11-22 16:46:17 - [TEST_STEP][PASSED] - response = req_data.getResponseText(): null

2022-11-22 16:46:17 - [TEST_STEP][PASSED] - logInfo($response): {"status":"Done","data":{"requestid1":"242400","requestid2":""}}

2022-11-22 16:46:17 - [MESSAGE][INFO] - {"status":"Done","data":{"requestid1":"242400","requestid2":""}}

2022-11-22 16:46:17 - [TEST_STEP][PASSED] - delay(3): Delayed 3 second(s)

2022-11-22 16:46:20 - [MESSAGE][PASSED] - Delayed 3 second(s)

2022-11-22 16:46:20 - [TEST_STEP][PASSED] - scoring = sendRequest(findTestObject("EngineScore", ["response_searchME_kons":response_searchME_kons, "response_searchME_spouse":response_searchME_spouse])): Send request successfully

2022-11-22 16:46:20 - [MESSAGE][INFO] - HAR: D:\DMS\Engine Scoring\Reports\20221122_162012\Exclude KKB - DS\Scoring Individu - KKB\20221122_162012\requests\main\553.har

2022-11-22 16:46:20 - [MESSAGE][PASSED] - Send request successfully

2022-11-22 16:46:20 - [TEST_STEP][PASSED] - verifyResponseStatusCode(scoring, 200): Verify response status code successfully

2022-11-22 16:46:20 - [MESSAGE][PASSED] - Verify response status code successfully

2022-11-22 16:46:20 - [TEST_STEP][PASSED] - response2 = scoring.getResponseText(): null

2022-11-22 16:46:20 - [TEST_STEP][PASSED] - markPassed("result service data ke : " + no): result service data ke : 277

2022-11-22 16:46:20 - [MESSAGE][PASSED] - result service data ke : 277

2022-11-22 16:46:20 - [TEST_STEP][PASSED] - logInfo($response2): {"result_konsumen":"Reject","result_pasangan":"","Final_result":"Reject","errorMessage":"","status":"Done"}

2022-11-22 16:46:20 - [MESSAGE][INFO] - {"result_konsumen":"Reject","result_pasangan":"","Final_result":"Reject","errorMessage":"","status":"Done"}

2022-11-22 16:46:20 - [TEST_STEP][PASSED] - verifyElementPropertyValue(scoring, "Final_result", final_result): Verify element property value successfully

2022-11-22 16:46:20 - [MESSAGE][PASSED] - Verify element property value successfully]]></system-out>
         <system-err><![CDATA[]]></system-err>
      </testcase>
      <testcase name="Test Cases/Engine_Scoring/Engine Scoring" time="6.3" classname="Test Cases/Engine_Scoring/Engine Scoring" status="PASSED">
         <system-out><![CDATA[2022-11-22 16:46:21 - [TEST_CASE][PASSED] - Test Cases/Engine_Scoring/Engine Scoring: Test Cases/Engine_Scoring/Engine Scoring

2022-11-22 16:46:22 - [TEST_STEP][PASSED] - markPassed("Variasi data ke : " + no): Variasi data ke : 278

2022-11-22 16:46:22 - [MESSAGE][PASSED] - Variasi data ke : 278

2022-11-22 16:46:22 - [TEST_STEP][PASSED] - req_data = sendRequest(findTestObject("Search_ME", ["MID":MID, "source":source, "ip":ip, "userid":userid, "branch":branch, "tipekons":tipekons, "marital":marital, "penjamin":penjamin, ... ])): Send request successfully

2022-11-22 16:46:24 - [MESSAGE][INFO] - HAR: D:\DMS\Engine Scoring\Reports\20221122_162012\Exclude KKB - DS\Scoring Individu - KKB\20221122_162012\requests\main\554.har

2022-11-22 16:46:24 - [MESSAGE][PASSED] - Send request successfully

2022-11-22 16:46:24 - [TEST_STEP][PASSED] - slurper = new groovy.json.JsonSlurper(): null

2022-11-22 16:46:24 - [TEST_STEP][PASSED] - result = slurper.parseText(req_data.getResponseBodyContent()): null

2022-11-22 16:46:24 - [TEST_STEP][PASSED] - reqid_kons = requestid1: null

2022-11-22 16:46:24 - [TEST_STEP][PASSED] - reqid_spouse = requestid2: null

2022-11-22 16:46:24 - [TEST_STEP][PASSED] - println("requestid kons : " + reqid_kons): null

2022-11-22 16:46:24 - [TEST_STEP][PASSED] - response_searchME_kons = reqid_kons: null

2022-11-22 16:46:24 - [TEST_STEP][PASSED] - response_searchME_spouse = reqid_spouse: null

2022-11-22 16:46:24 - [TEST_STEP][PASSED] - println("kons req id is :" + response_searchME_kons): null

2022-11-22 16:46:24 - [TEST_STEP][PASSED] - println("spouse req id is : " + response_searchME_spouse): null

2022-11-22 16:46:24 - [TEST_STEP][PASSED] - verifyResponseStatusCode(req_data, 200): Verify response status code successfully

2022-11-22 16:46:24 - [MESSAGE][PASSED] - Verify response status code successfully

2022-11-22 16:46:24 - [TEST_STEP][PASSED] - response = req_data.getResponseText(): null

2022-11-22 16:46:24 - [TEST_STEP][PASSED] - logInfo($response): {"status":"Done","data":{"requestid1":"242401","requestid2":""}}

2022-11-22 16:46:24 - [MESSAGE][INFO] - {"status":"Done","data":{"requestid1":"242401","requestid2":""}}

2022-11-22 16:46:24 - [TEST_STEP][PASSED] - delay(3): Delayed 3 second(s)

2022-11-22 16:46:27 - [MESSAGE][PASSED] - Delayed 3 second(s)

2022-11-22 16:46:27 - [TEST_STEP][PASSED] - scoring = sendRequest(findTestObject("EngineScore", ["response_searchME_kons":response_searchME_kons, "response_searchME_spouse":response_searchME_spouse])): Send request successfully

2022-11-22 16:46:27 - [MESSAGE][INFO] - HAR: D:\DMS\Engine Scoring\Reports\20221122_162012\Exclude KKB - DS\Scoring Individu - KKB\20221122_162012\requests\main\555.har

2022-11-22 16:46:27 - [MESSAGE][PASSED] - Send request successfully

2022-11-22 16:46:27 - [TEST_STEP][PASSED] - verifyResponseStatusCode(scoring, 200): Verify response status code successfully

2022-11-22 16:46:27 - [MESSAGE][PASSED] - Verify response status code successfully

2022-11-22 16:46:27 - [TEST_STEP][PASSED] - response2 = scoring.getResponseText(): null

2022-11-22 16:46:27 - [TEST_STEP][PASSED] - markPassed("result service data ke : " + no): result service data ke : 278

2022-11-22 16:46:27 - [MESSAGE][PASSED] - result service data ke : 278

2022-11-22 16:46:27 - [TEST_STEP][PASSED] - logInfo($response2): {"result_konsumen":"Reject","result_pasangan":"","Final_result":"Reject","errorMessage":"","status":"Done"}

2022-11-22 16:46:27 - [MESSAGE][INFO] - {"result_konsumen":"Reject","result_pasangan":"","Final_result":"Reject","errorMessage":"","status":"Done"}

2022-11-22 16:46:27 - [TEST_STEP][PASSED] - verifyElementPropertyValue(scoring, "Final_result", final_result): Verify element property value successfully

2022-11-22 16:46:27 - [MESSAGE][PASSED] - Verify element property value successfully]]></system-out>
         <system-err><![CDATA[]]></system-err>
      </testcase>
      <testcase name="Test Cases/Engine_Scoring/Engine Scoring" time="6.559" classname="Test Cases/Engine_Scoring/Engine Scoring" status="PASSED">
         <system-out><![CDATA[2022-11-22 16:46:27 - [TEST_CASE][PASSED] - Test Cases/Engine_Scoring/Engine Scoring: Test Cases/Engine_Scoring/Engine Scoring

2022-11-22 16:46:29 - [TEST_STEP][PASSED] - markPassed("Variasi data ke : " + no): Variasi data ke : 279

2022-11-22 16:46:29 - [MESSAGE][PASSED] - Variasi data ke : 279

2022-11-22 16:46:29 - [TEST_STEP][PASSED] - req_data = sendRequest(findTestObject("Search_ME", ["MID":MID, "source":source, "ip":ip, "userid":userid, "branch":branch, "tipekons":tipekons, "marital":marital, "penjamin":penjamin, ... ])): Send request successfully

2022-11-22 16:46:30 - [MESSAGE][INFO] - HAR: D:\DMS\Engine Scoring\Reports\20221122_162012\Exclude KKB - DS\Scoring Individu - KKB\20221122_162012\requests\main\556.har

2022-11-22 16:46:30 - [MESSAGE][PASSED] - Send request successfully

2022-11-22 16:46:30 - [TEST_STEP][PASSED] - slurper = new groovy.json.JsonSlurper(): null

2022-11-22 16:46:30 - [TEST_STEP][PASSED] - result = slurper.parseText(req_data.getResponseBodyContent()): null

2022-11-22 16:46:30 - [TEST_STEP][PASSED] - reqid_kons = requestid1: null

2022-11-22 16:46:30 - [TEST_STEP][PASSED] - reqid_spouse = requestid2: null

2022-11-22 16:46:30 - [TEST_STEP][PASSED] - println("requestid kons : " + reqid_kons): null

2022-11-22 16:46:30 - [TEST_STEP][PASSED] - response_searchME_kons = reqid_kons: null

2022-11-22 16:46:30 - [TEST_STEP][PASSED] - response_searchME_spouse = reqid_spouse: null

2022-11-22 16:46:30 - [TEST_STEP][PASSED] - println("kons req id is :" + response_searchME_kons): null

2022-11-22 16:46:30 - [TEST_STEP][PASSED] - println("spouse req id is : " + response_searchME_spouse): null

2022-11-22 16:46:30 - [TEST_STEP][PASSED] - verifyResponseStatusCode(req_data, 200): Verify response status code successfully

2022-11-22 16:46:30 - [MESSAGE][PASSED] - Verify response status code successfully

2022-11-22 16:46:30 - [TEST_STEP][PASSED] - response = req_data.getResponseText(): null

2022-11-22 16:46:30 - [TEST_STEP][PASSED] - logInfo($response): {"status":"Done","data":{"requestid1":"242402","requestid2":""}}

2022-11-22 16:46:30 - [MESSAGE][INFO] - {"status":"Done","data":{"requestid1":"242402","requestid2":""}}

2022-11-22 16:46:30 - [TEST_STEP][PASSED] - delay(3): Delayed 3 second(s)

2022-11-22 16:46:33 - [MESSAGE][PASSED] - Delayed 3 second(s)

2022-11-22 16:46:33 - [TEST_STEP][PASSED] - scoring = sendRequest(findTestObject("EngineScore", ["response_searchME_kons":response_searchME_kons, "response_searchME_spouse":response_searchME_spouse])): Send request successfully

2022-11-22 16:46:33 - [MESSAGE][INFO] - HAR: D:\DMS\Engine Scoring\Reports\20221122_162012\Exclude KKB - DS\Scoring Individu - KKB\20221122_162012\requests\main\557.har

2022-11-22 16:46:33 - [MESSAGE][PASSED] - Send request successfully

2022-11-22 16:46:33 - [TEST_STEP][PASSED] - verifyResponseStatusCode(scoring, 200): Verify response status code successfully

2022-11-22 16:46:33 - [MESSAGE][PASSED] - Verify response status code successfully

2022-11-22 16:46:33 - [TEST_STEP][PASSED] - response2 = scoring.getResponseText(): null

2022-11-22 16:46:33 - [TEST_STEP][PASSED] - markPassed("result service data ke : " + no): result service data ke : 279

2022-11-22 16:46:33 - [MESSAGE][PASSED] - result service data ke : 279

2022-11-22 16:46:33 - [TEST_STEP][PASSED] - logInfo($response2): {"result_konsumen":"Reject","result_pasangan":"","Final_result":"Reject","errorMessage":"","status":"Done"}

2022-11-22 16:46:33 - [MESSAGE][INFO] - {"result_konsumen":"Reject","result_pasangan":"","Final_result":"Reject","errorMessage":"","status":"Done"}

2022-11-22 16:46:33 - [TEST_STEP][PASSED] - verifyElementPropertyValue(scoring, "Final_result", final_result): Verify element property value successfully

2022-11-22 16:46:33 - [MESSAGE][PASSED] - Verify element property value successfully]]></system-out>
         <system-err><![CDATA[]]></system-err>
      </testcase>
      <testcase name="Test Cases/Engine_Scoring/Engine Scoring" time="6.685" classname="Test Cases/Engine_Scoring/Engine Scoring" status="PASSED">
         <system-out><![CDATA[2022-11-22 16:46:34 - [TEST_CASE][PASSED] - Test Cases/Engine_Scoring/Engine Scoring: Test Cases/Engine_Scoring/Engine Scoring

2022-11-22 16:46:35 - [TEST_STEP][PASSED] - markPassed("Variasi data ke : " + no): Variasi data ke : 280

2022-11-22 16:46:35 - [MESSAGE][PASSED] - Variasi data ke : 280

2022-11-22 16:46:35 - [TEST_STEP][PASSED] - req_data = sendRequest(findTestObject("Search_ME", ["MID":MID, "source":source, "ip":ip, "userid":userid, "branch":branch, "tipekons":tipekons, "marital":marital, "penjamin":penjamin, ... ])): Send request successfully

2022-11-22 16:46:37 - [MESSAGE][INFO] - HAR: D:\DMS\Engine Scoring\Reports\20221122_162012\Exclude KKB - DS\Scoring Individu - KKB\20221122_162012\requests\main\558.har

2022-11-22 16:46:37 - [MESSAGE][PASSED] - Send request successfully

2022-11-22 16:46:37 - [TEST_STEP][PASSED] - slurper = new groovy.json.JsonSlurper(): null

2022-11-22 16:46:37 - [TEST_STEP][PASSED] - result = slurper.parseText(req_data.getResponseBodyContent()): null

2022-11-22 16:46:37 - [TEST_STEP][PASSED] - reqid_kons = requestid1: null

2022-11-22 16:46:37 - [TEST_STEP][PASSED] - reqid_spouse = requestid2: null

2022-11-22 16:46:37 - [TEST_STEP][PASSED] - println("requestid kons : " + reqid_kons): null

2022-11-22 16:46:37 - [TEST_STEP][PASSED] - response_searchME_kons = reqid_kons: null

2022-11-22 16:46:37 - [TEST_STEP][PASSED] - response_searchME_spouse = reqid_spouse: null

2022-11-22 16:46:37 - [TEST_STEP][PASSED] - println("kons req id is :" + response_searchME_kons): null

2022-11-22 16:46:37 - [TEST_STEP][PASSED] - println("spouse req id is : " + response_searchME_spouse): null

2022-11-22 16:46:37 - [TEST_STEP][PASSED] - verifyResponseStatusCode(req_data, 200): Verify response status code successfully

2022-11-22 16:46:37 - [MESSAGE][PASSED] - Verify response status code successfully

2022-11-22 16:46:37 - [TEST_STEP][PASSED] - response = req_data.getResponseText(): null

2022-11-22 16:46:37 - [TEST_STEP][PASSED] - logInfo($response): {"status":"Done","data":{"requestid1":"242403","requestid2":""}}

2022-11-22 16:46:37 - [MESSAGE][INFO] - {"status":"Done","data":{"requestid1":"242403","requestid2":""}}

2022-11-22 16:46:37 - [TEST_STEP][PASSED] - delay(3): Delayed 3 second(s)

2022-11-22 16:46:40 - [MESSAGE][PASSED] - Delayed 3 second(s)

2022-11-22 16:46:40 - [TEST_STEP][PASSED] - scoring = sendRequest(findTestObject("EngineScore", ["response_searchME_kons":response_searchME_kons, "response_searchME_spouse":response_searchME_spouse])): Send request successfully

2022-11-22 16:46:40 - [MESSAGE][INFO] - HAR: D:\DMS\Engine Scoring\Reports\20221122_162012\Exclude KKB - DS\Scoring Individu - KKB\20221122_162012\requests\main\559.har

2022-11-22 16:46:40 - [MESSAGE][PASSED] - Send request successfully

2022-11-22 16:46:40 - [TEST_STEP][PASSED] - verifyResponseStatusCode(scoring, 200): Verify response status code successfully

2022-11-22 16:46:40 - [MESSAGE][PASSED] - Verify response status code successfully

2022-11-22 16:46:40 - [TEST_STEP][PASSED] - response2 = scoring.getResponseText(): null

2022-11-22 16:46:40 - [TEST_STEP][PASSED] - markPassed("result service data ke : " + no): result service data ke : 280

2022-11-22 16:46:40 - [MESSAGE][PASSED] - result service data ke : 280

2022-11-22 16:46:40 - [TEST_STEP][PASSED] - logInfo($response2): {"result_konsumen":"Reject","result_pasangan":"","Final_result":"Reject","errorMessage":"","status":"Done"}

2022-11-22 16:46:40 - [MESSAGE][INFO] - {"result_konsumen":"Reject","result_pasangan":"","Final_result":"Reject","errorMessage":"","status":"Done"}

2022-11-22 16:46:40 - [TEST_STEP][PASSED] - verifyElementPropertyValue(scoring, "Final_result", final_result): Verify element property value successfully

2022-11-22 16:46:40 - [MESSAGE][PASSED] - Verify element property value successfully]]></system-out>
         <system-err><![CDATA[]]></system-err>
      </testcase>
      <testcase name="Test Cases/Engine_Scoring/Engine Scoring" time="6.411" classname="Test Cases/Engine_Scoring/Engine Scoring" status="PASSED">
         <system-out><![CDATA[2022-11-22 16:46:40 - [TEST_CASE][PASSED] - Test Cases/Engine_Scoring/Engine Scoring: Test Cases/Engine_Scoring/Engine Scoring

2022-11-22 16:46:42 - [TEST_STEP][PASSED] - markPassed("Variasi data ke : " + no): Variasi data ke : 281

2022-11-22 16:46:42 - [MESSAGE][PASSED] - Variasi data ke : 281

2022-11-22 16:46:42 - [TEST_STEP][PASSED] - req_data = sendRequest(findTestObject("Search_ME", ["MID":MID, "source":source, "ip":ip, "userid":userid, "branch":branch, "tipekons":tipekons, "marital":marital, "penjamin":penjamin, ... ])): Send request successfully

2022-11-22 16:46:44 - [MESSAGE][INFO] - HAR: D:\DMS\Engine Scoring\Reports\20221122_162012\Exclude KKB - DS\Scoring Individu - KKB\20221122_162012\requests\main\560.har

2022-11-22 16:46:44 - [MESSAGE][PASSED] - Send request successfully

2022-11-22 16:46:44 - [TEST_STEP][PASSED] - slurper = new groovy.json.JsonSlurper(): null

2022-11-22 16:46:44 - [TEST_STEP][PASSED] - result = slurper.parseText(req_data.getResponseBodyContent()): null

2022-11-22 16:46:44 - [TEST_STEP][PASSED] - reqid_kons = requestid1: null

2022-11-22 16:46:44 - [TEST_STEP][PASSED] - reqid_spouse = requestid2: null

2022-11-22 16:46:44 - [TEST_STEP][PASSED] - println("requestid kons : " + reqid_kons): null

2022-11-22 16:46:44 - [TEST_STEP][PASSED] - response_searchME_kons = reqid_kons: null

2022-11-22 16:46:44 - [TEST_STEP][PASSED] - response_searchME_spouse = reqid_spouse: null

2022-11-22 16:46:44 - [TEST_STEP][PASSED] - println("kons req id is :" + response_searchME_kons): null

2022-11-22 16:46:44 - [TEST_STEP][PASSED] - println("spouse req id is : " + response_searchME_spouse): null

2022-11-22 16:46:44 - [TEST_STEP][PASSED] - verifyResponseStatusCode(req_data, 200): Verify response status code successfully

2022-11-22 16:46:44 - [MESSAGE][PASSED] - Verify response status code successfully

2022-11-22 16:46:44 - [TEST_STEP][PASSED] - response = req_data.getResponseText(): null

2022-11-22 16:46:44 - [TEST_STEP][PASSED] - logInfo($response): {"status":"Done","data":{"requestid1":"242404","requestid2":""}}

2022-11-22 16:46:44 - [MESSAGE][INFO] - {"status":"Done","data":{"requestid1":"242404","requestid2":""}}

2022-11-22 16:46:44 - [TEST_STEP][PASSED] - delay(3): Delayed 3 second(s)

2022-11-22 16:46:47 - [MESSAGE][PASSED] - Delayed 3 second(s)

2022-11-22 16:46:47 - [TEST_STEP][PASSED] - scoring = sendRequest(findTestObject("EngineScore", ["response_searchME_kons":response_searchME_kons, "response_searchME_spouse":response_searchME_spouse])): Send request successfully

2022-11-22 16:46:47 - [MESSAGE][INFO] - HAR: D:\DMS\Engine Scoring\Reports\20221122_162012\Exclude KKB - DS\Scoring Individu - KKB\20221122_162012\requests\main\561.har

2022-11-22 16:46:47 - [MESSAGE][PASSED] - Send request successfully

2022-11-22 16:46:47 - [TEST_STEP][PASSED] - verifyResponseStatusCode(scoring, 200): Verify response status code successfully

2022-11-22 16:46:47 - [MESSAGE][PASSED] - Verify response status code successfully

2022-11-22 16:46:47 - [TEST_STEP][PASSED] - response2 = scoring.getResponseText(): null

2022-11-22 16:46:47 - [TEST_STEP][PASSED] - markPassed("result service data ke : " + no): result service data ke : 281

2022-11-22 16:46:47 - [MESSAGE][PASSED] - result service data ke : 281

2022-11-22 16:46:47 - [TEST_STEP][PASSED] - logInfo($response2): {"result_konsumen":"Reject","result_pasangan":"","Final_result":"Reject","errorMessage":"","status":"Done"}

2022-11-22 16:46:47 - [MESSAGE][INFO] - {"result_konsumen":"Reject","result_pasangan":"","Final_result":"Reject","errorMessage":"","status":"Done"}

2022-11-22 16:46:47 - [TEST_STEP][PASSED] - verifyElementPropertyValue(scoring, "Final_result", final_result): Verify element property value successfully

2022-11-22 16:46:47 - [MESSAGE][PASSED] - Verify element property value successfully]]></system-out>
         <system-err><![CDATA[]]></system-err>
      </testcase>
      <testcase name="Test Cases/Engine_Scoring/Engine Scoring" time="6.372" classname="Test Cases/Engine_Scoring/Engine Scoring" status="PASSED">
         <system-out><![CDATA[2022-11-22 16:46:47 - [TEST_CASE][PASSED] - Test Cases/Engine_Scoring/Engine Scoring: Test Cases/Engine_Scoring/Engine Scoring

2022-11-22 16:46:48 - [TEST_STEP][PASSED] - markPassed("Variasi data ke : " + no): Variasi data ke : 282

2022-11-22 16:46:48 - [MESSAGE][PASSED] - Variasi data ke : 282

2022-11-22 16:46:48 - [TEST_STEP][PASSED] - req_data = sendRequest(findTestObject("Search_ME", ["MID":MID, "source":source, "ip":ip, "userid":userid, "branch":branch, "tipekons":tipekons, "marital":marital, "penjamin":penjamin, ... ])): Send request successfully

2022-11-22 16:46:50 - [MESSAGE][INFO] - HAR: D:\DMS\Engine Scoring\Reports\20221122_162012\Exclude KKB - DS\Scoring Individu - KKB\20221122_162012\requests\main\562.har

2022-11-22 16:46:50 - [MESSAGE][PASSED] - Send request successfully

2022-11-22 16:46:50 - [TEST_STEP][PASSED] - slurper = new groovy.json.JsonSlurper(): null

2022-11-22 16:46:50 - [TEST_STEP][PASSED] - result = slurper.parseText(req_data.getResponseBodyContent()): null

2022-11-22 16:46:50 - [TEST_STEP][PASSED] - reqid_kons = requestid1: null

2022-11-22 16:46:50 - [TEST_STEP][PASSED] - reqid_spouse = requestid2: null

2022-11-22 16:46:50 - [TEST_STEP][PASSED] - println("requestid kons : " + reqid_kons): null

2022-11-22 16:46:50 - [TEST_STEP][PASSED] - response_searchME_kons = reqid_kons: null

2022-11-22 16:46:50 - [TEST_STEP][PASSED] - response_searchME_spouse = reqid_spouse: null

2022-11-22 16:46:50 - [TEST_STEP][PASSED] - println("kons req id is :" + response_searchME_kons): null

2022-11-22 16:46:50 - [TEST_STEP][PASSED] - println("spouse req id is : " + response_searchME_spouse): null

2022-11-22 16:46:50 - [TEST_STEP][PASSED] - verifyResponseStatusCode(req_data, 200): Verify response status code successfully

2022-11-22 16:46:50 - [MESSAGE][PASSED] - Verify response status code successfully

2022-11-22 16:46:50 - [TEST_STEP][PASSED] - response = req_data.getResponseText(): null

2022-11-22 16:46:50 - [TEST_STEP][PASSED] - logInfo($response): {"status":"Done","data":{"requestid1":"242405","requestid2":""}}

2022-11-22 16:46:50 - [MESSAGE][INFO] - {"status":"Done","data":{"requestid1":"242405","requestid2":""}}

2022-11-22 16:46:50 - [TEST_STEP][PASSED] - delay(3): Delayed 3 second(s)

2022-11-22 16:46:53 - [MESSAGE][PASSED] - Delayed 3 second(s)

2022-11-22 16:46:53 - [TEST_STEP][PASSED] - scoring = sendRequest(findTestObject("EngineScore", ["response_searchME_kons":response_searchME_kons, "response_searchME_spouse":response_searchME_spouse])): Send request successfully

2022-11-22 16:46:53 - [MESSAGE][INFO] - HAR: D:\DMS\Engine Scoring\Reports\20221122_162012\Exclude KKB - DS\Scoring Individu - KKB\20221122_162012\requests\main\563.har

2022-11-22 16:46:53 - [MESSAGE][PASSED] - Send request successfully

2022-11-22 16:46:53 - [TEST_STEP][PASSED] - verifyResponseStatusCode(scoring, 200): Verify response status code successfully

2022-11-22 16:46:53 - [MESSAGE][PASSED] - Verify response status code successfully

2022-11-22 16:46:53 - [TEST_STEP][PASSED] - response2 = scoring.getResponseText(): null

2022-11-22 16:46:53 - [TEST_STEP][PASSED] - markPassed("result service data ke : " + no): result service data ke : 282

2022-11-22 16:46:53 - [MESSAGE][PASSED] - result service data ke : 282

2022-11-22 16:46:53 - [TEST_STEP][PASSED] - logInfo($response2): {"result_konsumen":"Reject","result_pasangan":"","Final_result":"Reject","errorMessage":"","status":"Done"}

2022-11-22 16:46:53 - [MESSAGE][INFO] - {"result_konsumen":"Reject","result_pasangan":"","Final_result":"Reject","errorMessage":"","status":"Done"}

2022-11-22 16:46:53 - [TEST_STEP][PASSED] - verifyElementPropertyValue(scoring, "Final_result", final_result): Verify element property value successfully

2022-11-22 16:46:53 - [MESSAGE][PASSED] - Verify element property value successfully]]></system-out>
         <system-err><![CDATA[]]></system-err>
      </testcase>
      <testcase name="Test Cases/Engine_Scoring/Engine Scoring" time="6.496" classname="Test Cases/Engine_Scoring/Engine Scoring" status="PASSED">
         <system-out><![CDATA[2022-11-22 16:46:53 - [TEST_CASE][PASSED] - Test Cases/Engine_Scoring/Engine Scoring: Test Cases/Engine_Scoring/Engine Scoring

2022-11-22 16:46:55 - [TEST_STEP][PASSED] - markPassed("Variasi data ke : " + no): Variasi data ke : 283

2022-11-22 16:46:55 - [MESSAGE][PASSED] - Variasi data ke : 283

2022-11-22 16:46:55 - [TEST_STEP][PASSED] - req_data = sendRequest(findTestObject("Search_ME", ["MID":MID, "source":source, "ip":ip, "userid":userid, "branch":branch, "tipekons":tipekons, "marital":marital, "penjamin":penjamin, ... ])): Send request successfully

2022-11-22 16:46:57 - [MESSAGE][INFO] - HAR: D:\DMS\Engine Scoring\Reports\20221122_162012\Exclude KKB - DS\Scoring Individu - KKB\20221122_162012\requests\main\564.har

2022-11-22 16:46:57 - [MESSAGE][PASSED] - Send request successfully

2022-11-22 16:46:57 - [TEST_STEP][PASSED] - slurper = new groovy.json.JsonSlurper(): null

2022-11-22 16:46:57 - [TEST_STEP][PASSED] - result = slurper.parseText(req_data.getResponseBodyContent()): null

2022-11-22 16:46:57 - [TEST_STEP][PASSED] - reqid_kons = requestid1: null

2022-11-22 16:46:57 - [TEST_STEP][PASSED] - reqid_spouse = requestid2: null

2022-11-22 16:46:57 - [TEST_STEP][PASSED] - println("requestid kons : " + reqid_kons): null

2022-11-22 16:46:57 - [TEST_STEP][PASSED] - response_searchME_kons = reqid_kons: null

2022-11-22 16:46:57 - [TEST_STEP][PASSED] - response_searchME_spouse = reqid_spouse: null

2022-11-22 16:46:57 - [TEST_STEP][PASSED] - println("kons req id is :" + response_searchME_kons): null

2022-11-22 16:46:57 - [TEST_STEP][PASSED] - println("spouse req id is : " + response_searchME_spouse): null

2022-11-22 16:46:57 - [TEST_STEP][PASSED] - verifyResponseStatusCode(req_data, 200): Verify response status code successfully

2022-11-22 16:46:57 - [MESSAGE][PASSED] - Verify response status code successfully

2022-11-22 16:46:57 - [TEST_STEP][PASSED] - response = req_data.getResponseText(): null

2022-11-22 16:46:57 - [TEST_STEP][PASSED] - logInfo($response): {"status":"Done","data":{"requestid1":"242406","requestid2":""}}

2022-11-22 16:46:57 - [MESSAGE][INFO] - {"status":"Done","data":{"requestid1":"242406","requestid2":""}}

2022-11-22 16:46:57 - [TEST_STEP][PASSED] - delay(3): Delayed 3 second(s)

2022-11-22 16:47:00 - [MESSAGE][PASSED] - Delayed 3 second(s)

2022-11-22 16:47:00 - [TEST_STEP][PASSED] - scoring = sendRequest(findTestObject("EngineScore", ["response_searchME_kons":response_searchME_kons, "response_searchME_spouse":response_searchME_spouse])): Send request successfully

2022-11-22 16:47:00 - [MESSAGE][INFO] - HAR: D:\DMS\Engine Scoring\Reports\20221122_162012\Exclude KKB - DS\Scoring Individu - KKB\20221122_162012\requests\main\565.har

2022-11-22 16:47:00 - [MESSAGE][PASSED] - Send request successfully

2022-11-22 16:47:00 - [TEST_STEP][PASSED] - verifyResponseStatusCode(scoring, 200): Verify response status code successfully

2022-11-22 16:47:00 - [MESSAGE][PASSED] - Verify response status code successfully

2022-11-22 16:47:00 - [TEST_STEP][PASSED] - response2 = scoring.getResponseText(): null

2022-11-22 16:47:00 - [TEST_STEP][PASSED] - markPassed("result service data ke : " + no): result service data ke : 283

2022-11-22 16:47:00 - [MESSAGE][PASSED] - result service data ke : 283

2022-11-22 16:47:00 - [TEST_STEP][PASSED] - logInfo($response2): {"result_konsumen":"Reject","result_pasangan":"","Final_result":"Reject","errorMessage":"","status":"Done"}

2022-11-22 16:47:00 - [MESSAGE][INFO] - {"result_konsumen":"Reject","result_pasangan":"","Final_result":"Reject","errorMessage":"","status":"Done"}

2022-11-22 16:47:00 - [TEST_STEP][PASSED] - verifyElementPropertyValue(scoring, "Final_result", final_result): Verify element property value successfully

2022-11-22 16:47:00 - [MESSAGE][PASSED] - Verify element property value successfully]]></system-out>
         <system-err><![CDATA[]]></system-err>
      </testcase>
      <testcase name="Test Cases/Engine_Scoring/Engine Scoring" time="6.271" classname="Test Cases/Engine_Scoring/Engine Scoring" status="PASSED">
         <system-out><![CDATA[2022-11-22 16:47:00 - [TEST_CASE][PASSED] - Test Cases/Engine_Scoring/Engine Scoring: Test Cases/Engine_Scoring/Engine Scoring

2022-11-22 16:47:01 - [TEST_STEP][PASSED] - markPassed("Variasi data ke : " + no): Variasi data ke : 284

2022-11-22 16:47:01 - [MESSAGE][PASSED] - Variasi data ke : 284

2022-11-22 16:47:01 - [TEST_STEP][PASSED] - req_data = sendRequest(findTestObject("Search_ME", ["MID":MID, "source":source, "ip":ip, "userid":userid, "branch":branch, "tipekons":tipekons, "marital":marital, "penjamin":penjamin, ... ])): Send request successfully

2022-11-22 16:47:03 - [MESSAGE][INFO] - HAR: D:\DMS\Engine Scoring\Reports\20221122_162012\Exclude KKB - DS\Scoring Individu - KKB\20221122_162012\requests\main\566.har

2022-11-22 16:47:03 - [MESSAGE][PASSED] - Send request successfully

2022-11-22 16:47:03 - [TEST_STEP][PASSED] - slurper = new groovy.json.JsonSlurper(): null

2022-11-22 16:47:03 - [TEST_STEP][PASSED] - result = slurper.parseText(req_data.getResponseBodyContent()): null

2022-11-22 16:47:03 - [TEST_STEP][PASSED] - reqid_kons = requestid1: null

2022-11-22 16:47:03 - [TEST_STEP][PASSED] - reqid_spouse = requestid2: null

2022-11-22 16:47:03 - [TEST_STEP][PASSED] - println("requestid kons : " + reqid_kons): null

2022-11-22 16:47:03 - [TEST_STEP][PASSED] - response_searchME_kons = reqid_kons: null

2022-11-22 16:47:03 - [TEST_STEP][PASSED] - response_searchME_spouse = reqid_spouse: null

2022-11-22 16:47:03 - [TEST_STEP][PASSED] - println("kons req id is :" + response_searchME_kons): null

2022-11-22 16:47:03 - [TEST_STEP][PASSED] - println("spouse req id is : " + response_searchME_spouse): null

2022-11-22 16:47:03 - [TEST_STEP][PASSED] - verifyResponseStatusCode(req_data, 200): Verify response status code successfully

2022-11-22 16:47:03 - [MESSAGE][PASSED] - Verify response status code successfully

2022-11-22 16:47:03 - [TEST_STEP][PASSED] - response = req_data.getResponseText(): null

2022-11-22 16:47:03 - [TEST_STEP][PASSED] - logInfo($response): {"status":"Done","data":{"requestid1":"242407","requestid2":""}}

2022-11-22 16:47:03 - [MESSAGE][INFO] - {"status":"Done","data":{"requestid1":"242407","requestid2":""}}

2022-11-22 16:47:03 - [TEST_STEP][PASSED] - delay(3): Delayed 3 second(s)

2022-11-22 16:47:06 - [MESSAGE][PASSED] - Delayed 3 second(s)

2022-11-22 16:47:06 - [TEST_STEP][PASSED] - scoring = sendRequest(findTestObject("EngineScore", ["response_searchME_kons":response_searchME_kons, "response_searchME_spouse":response_searchME_spouse])): Send request successfully

2022-11-22 16:47:06 - [MESSAGE][INFO] - HAR: D:\DMS\Engine Scoring\Reports\20221122_162012\Exclude KKB - DS\Scoring Individu - KKB\20221122_162012\requests\main\567.har

2022-11-22 16:47:06 - [MESSAGE][PASSED] - Send request successfully

2022-11-22 16:47:06 - [TEST_STEP][PASSED] - verifyResponseStatusCode(scoring, 200): Verify response status code successfully

2022-11-22 16:47:06 - [MESSAGE][PASSED] - Verify response status code successfully

2022-11-22 16:47:06 - [TEST_STEP][PASSED] - response2 = scoring.getResponseText(): null

2022-11-22 16:47:06 - [TEST_STEP][PASSED] - markPassed("result service data ke : " + no): result service data ke : 284

2022-11-22 16:47:06 - [MESSAGE][PASSED] - result service data ke : 284

2022-11-22 16:47:06 - [TEST_STEP][PASSED] - logInfo($response2): {"result_konsumen":"Reject","result_pasangan":"","Final_result":"Reject","errorMessage":"","status":"Done"}

2022-11-22 16:47:06 - [MESSAGE][INFO] - {"result_konsumen":"Reject","result_pasangan":"","Final_result":"Reject","errorMessage":"","status":"Done"}

2022-11-22 16:47:06 - [TEST_STEP][PASSED] - verifyElementPropertyValue(scoring, "Final_result", final_result): Verify element property value successfully

2022-11-22 16:47:06 - [MESSAGE][PASSED] - Verify element property value successfully]]></system-out>
         <system-err><![CDATA[]]></system-err>
      </testcase>
      <testcase name="Test Cases/Engine_Scoring/Engine Scoring" time="6.378" classname="Test Cases/Engine_Scoring/Engine Scoring" status="PASSED">
         <system-out><![CDATA[2022-11-22 16:47:06 - [TEST_CASE][PASSED] - Test Cases/Engine_Scoring/Engine Scoring: Test Cases/Engine_Scoring/Engine Scoring

2022-11-22 16:47:08 - [TEST_STEP][PASSED] - markPassed("Variasi data ke : " + no): Variasi data ke : 285

2022-11-22 16:47:08 - [MESSAGE][PASSED] - Variasi data ke : 285

2022-11-22 16:47:08 - [TEST_STEP][PASSED] - req_data = sendRequest(findTestObject("Search_ME", ["MID":MID, "source":source, "ip":ip, "userid":userid, "branch":branch, "tipekons":tipekons, "marital":marital, "penjamin":penjamin, ... ])): Send request successfully

2022-11-22 16:47:09 - [MESSAGE][INFO] - HAR: D:\DMS\Engine Scoring\Reports\20221122_162012\Exclude KKB - DS\Scoring Individu - KKB\20221122_162012\requests\main\568.har

2022-11-22 16:47:09 - [MESSAGE][PASSED] - Send request successfully

2022-11-22 16:47:09 - [TEST_STEP][PASSED] - slurper = new groovy.json.JsonSlurper(): null

2022-11-22 16:47:09 - [TEST_STEP][PASSED] - result = slurper.parseText(req_data.getResponseBodyContent()): null

2022-11-22 16:47:09 - [TEST_STEP][PASSED] - reqid_kons = requestid1: null

2022-11-22 16:47:09 - [TEST_STEP][PASSED] - reqid_spouse = requestid2: null

2022-11-22 16:47:09 - [TEST_STEP][PASSED] - println("requestid kons : " + reqid_kons): null

2022-11-22 16:47:09 - [TEST_STEP][PASSED] - response_searchME_kons = reqid_kons: null

2022-11-22 16:47:09 - [TEST_STEP][PASSED] - response_searchME_spouse = reqid_spouse: null

2022-11-22 16:47:09 - [TEST_STEP][PASSED] - println("kons req id is :" + response_searchME_kons): null

2022-11-22 16:47:09 - [TEST_STEP][PASSED] - println("spouse req id is : " + response_searchME_spouse): null

2022-11-22 16:47:09 - [TEST_STEP][PASSED] - verifyResponseStatusCode(req_data, 200): Verify response status code successfully

2022-11-22 16:47:09 - [MESSAGE][PASSED] - Verify response status code successfully

2022-11-22 16:47:09 - [TEST_STEP][PASSED] - response = req_data.getResponseText(): null

2022-11-22 16:47:09 - [TEST_STEP][PASSED] - logInfo($response): {"status":"Done","data":{"requestid1":"242408","requestid2":""}}

2022-11-22 16:47:09 - [MESSAGE][INFO] - {"status":"Done","data":{"requestid1":"242408","requestid2":""}}

2022-11-22 16:47:09 - [TEST_STEP][PASSED] - delay(3): Delayed 3 second(s)

2022-11-22 16:47:12 - [MESSAGE][PASSED] - Delayed 3 second(s)

2022-11-22 16:47:12 - [TEST_STEP][PASSED] - scoring = sendRequest(findTestObject("EngineScore", ["response_searchME_kons":response_searchME_kons, "response_searchME_spouse":response_searchME_spouse])): Send request successfully

2022-11-22 16:47:13 - [MESSAGE][INFO] - HAR: D:\DMS\Engine Scoring\Reports\20221122_162012\Exclude KKB - DS\Scoring Individu - KKB\20221122_162012\requests\main\569.har

2022-11-22 16:47:13 - [MESSAGE][PASSED] - Send request successfully

2022-11-22 16:47:13 - [TEST_STEP][PASSED] - verifyResponseStatusCode(scoring, 200): Verify response status code successfully

2022-11-22 16:47:13 - [MESSAGE][PASSED] - Verify response status code successfully

2022-11-22 16:47:13 - [TEST_STEP][PASSED] - response2 = scoring.getResponseText(): null

2022-11-22 16:47:13 - [TEST_STEP][PASSED] - markPassed("result service data ke : " + no): result service data ke : 285

2022-11-22 16:47:13 - [MESSAGE][PASSED] - result service data ke : 285

2022-11-22 16:47:13 - [TEST_STEP][PASSED] - logInfo($response2): {"result_konsumen":"Reject","result_pasangan":"","Final_result":"Reject","errorMessage":"","status":"Done"}

2022-11-22 16:47:13 - [MESSAGE][INFO] - {"result_konsumen":"Reject","result_pasangan":"","Final_result":"Reject","errorMessage":"","status":"Done"}

2022-11-22 16:47:13 - [TEST_STEP][PASSED] - verifyElementPropertyValue(scoring, "Final_result", final_result): Verify element property value successfully

2022-11-22 16:47:13 - [MESSAGE][PASSED] - Verify element property value successfully]]></system-out>
         <system-err><![CDATA[]]></system-err>
      </testcase>
      <testcase name="Test Cases/Engine_Scoring/Engine Scoring" time="6.603" classname="Test Cases/Engine_Scoring/Engine Scoring" status="PASSED">
         <system-out><![CDATA[2022-11-22 16:47:13 - [TEST_CASE][PASSED] - Test Cases/Engine_Scoring/Engine Scoring: Test Cases/Engine_Scoring/Engine Scoring

2022-11-22 16:47:14 - [TEST_STEP][PASSED] - markPassed("Variasi data ke : " + no): Variasi data ke : 286

2022-11-22 16:47:14 - [MESSAGE][PASSED] - Variasi data ke : 286

2022-11-22 16:47:14 - [TEST_STEP][PASSED] - req_data = sendRequest(findTestObject("Search_ME", ["MID":MID, "source":source, "ip":ip, "userid":userid, "branch":branch, "tipekons":tipekons, "marital":marital, "penjamin":penjamin, ... ])): Send request successfully

2022-11-22 16:47:16 - [MESSAGE][INFO] - HAR: D:\DMS\Engine Scoring\Reports\20221122_162012\Exclude KKB - DS\Scoring Individu - KKB\20221122_162012\requests\main\570.har

2022-11-22 16:47:16 - [MESSAGE][PASSED] - Send request successfully

2022-11-22 16:47:16 - [TEST_STEP][PASSED] - slurper = new groovy.json.JsonSlurper(): null

2022-11-22 16:47:16 - [TEST_STEP][PASSED] - result = slurper.parseText(req_data.getResponseBodyContent()): null

2022-11-22 16:47:16 - [TEST_STEP][PASSED] - reqid_kons = requestid1: null

2022-11-22 16:47:16 - [TEST_STEP][PASSED] - reqid_spouse = requestid2: null

2022-11-22 16:47:16 - [TEST_STEP][PASSED] - println("requestid kons : " + reqid_kons): null

2022-11-22 16:47:16 - [TEST_STEP][PASSED] - response_searchME_kons = reqid_kons: null

2022-11-22 16:47:16 - [TEST_STEP][PASSED] - response_searchME_spouse = reqid_spouse: null

2022-11-22 16:47:16 - [TEST_STEP][PASSED] - println("kons req id is :" + response_searchME_kons): null

2022-11-22 16:47:16 - [TEST_STEP][PASSED] - println("spouse req id is : " + response_searchME_spouse): null

2022-11-22 16:47:16 - [TEST_STEP][PASSED] - verifyResponseStatusCode(req_data, 200): Verify response status code successfully

2022-11-22 16:47:16 - [MESSAGE][PASSED] - Verify response status code successfully

2022-11-22 16:47:16 - [TEST_STEP][PASSED] - response = req_data.getResponseText(): null

2022-11-22 16:47:16 - [TEST_STEP][PASSED] - logInfo($response): {"status":"Done","data":{"requestid1":"242409","requestid2":""}}

2022-11-22 16:47:16 - [MESSAGE][INFO] - {"status":"Done","data":{"requestid1":"242409","requestid2":""}}

2022-11-22 16:47:16 - [TEST_STEP][PASSED] - delay(3): Delayed 3 second(s)

2022-11-22 16:47:19 - [MESSAGE][PASSED] - Delayed 3 second(s)

2022-11-22 16:47:19 - [TEST_STEP][PASSED] - scoring = sendRequest(findTestObject("EngineScore", ["response_searchME_kons":response_searchME_kons, "response_searchME_spouse":response_searchME_spouse])): Send request successfully

2022-11-22 16:47:19 - [MESSAGE][INFO] - HAR: D:\DMS\Engine Scoring\Reports\20221122_162012\Exclude KKB - DS\Scoring Individu - KKB\20221122_162012\requests\main\571.har

2022-11-22 16:47:19 - [MESSAGE][PASSED] - Send request successfully

2022-11-22 16:47:19 - [TEST_STEP][PASSED] - verifyResponseStatusCode(scoring, 200): Verify response status code successfully

2022-11-22 16:47:19 - [MESSAGE][PASSED] - Verify response status code successfully

2022-11-22 16:47:19 - [TEST_STEP][PASSED] - response2 = scoring.getResponseText(): null

2022-11-22 16:47:19 - [TEST_STEP][PASSED] - markPassed("result service data ke : " + no): result service data ke : 286

2022-11-22 16:47:19 - [MESSAGE][PASSED] - result service data ke : 286

2022-11-22 16:47:19 - [TEST_STEP][PASSED] - logInfo($response2): {"result_konsumen":"Reject","result_pasangan":"","Final_result":"Reject","errorMessage":"","status":"Done"}

2022-11-22 16:47:19 - [MESSAGE][INFO] - {"result_konsumen":"Reject","result_pasangan":"","Final_result":"Reject","errorMessage":"","status":"Done"}

2022-11-22 16:47:19 - [TEST_STEP][PASSED] - verifyElementPropertyValue(scoring, "Final_result", final_result): Verify element property value successfully

2022-11-22 16:47:19 - [MESSAGE][PASSED] - Verify element property value successfully]]></system-out>
         <system-err><![CDATA[]]></system-err>
      </testcase>
      <testcase name="Test Cases/Engine_Scoring/Engine Scoring" time="6.628" classname="Test Cases/Engine_Scoring/Engine Scoring" status="PASSED">
         <system-out><![CDATA[2022-11-22 16:47:19 - [TEST_CASE][PASSED] - Test Cases/Engine_Scoring/Engine Scoring: Test Cases/Engine_Scoring/Engine Scoring

2022-11-22 16:47:21 - [TEST_STEP][PASSED] - markPassed("Variasi data ke : " + no): Variasi data ke : 287

2022-11-22 16:47:21 - [MESSAGE][PASSED] - Variasi data ke : 287

2022-11-22 16:47:21 - [TEST_STEP][PASSED] - req_data = sendRequest(findTestObject("Search_ME", ["MID":MID, "source":source, "ip":ip, "userid":userid, "branch":branch, "tipekons":tipekons, "marital":marital, "penjamin":penjamin, ... ])): Send request successfully

2022-11-22 16:47:23 - [MESSAGE][INFO] - HAR: D:\DMS\Engine Scoring\Reports\20221122_162012\Exclude KKB - DS\Scoring Individu - KKB\20221122_162012\requests\main\572.har

2022-11-22 16:47:23 - [MESSAGE][PASSED] - Send request successfully

2022-11-22 16:47:23 - [TEST_STEP][PASSED] - slurper = new groovy.json.JsonSlurper(): null

2022-11-22 16:47:23 - [TEST_STEP][PASSED] - result = slurper.parseText(req_data.getResponseBodyContent()): null

2022-11-22 16:47:23 - [TEST_STEP][PASSED] - reqid_kons = requestid1: null

2022-11-22 16:47:23 - [TEST_STEP][PASSED] - reqid_spouse = requestid2: null

2022-11-22 16:47:23 - [TEST_STEP][PASSED] - println("requestid kons : " + reqid_kons): null

2022-11-22 16:47:23 - [TEST_STEP][PASSED] - response_searchME_kons = reqid_kons: null

2022-11-22 16:47:23 - [TEST_STEP][PASSED] - response_searchME_spouse = reqid_spouse: null

2022-11-22 16:47:23 - [TEST_STEP][PASSED] - println("kons req id is :" + response_searchME_kons): null

2022-11-22 16:47:23 - [TEST_STEP][PASSED] - println("spouse req id is : " + response_searchME_spouse): null

2022-11-22 16:47:23 - [TEST_STEP][PASSED] - verifyResponseStatusCode(req_data, 200): Verify response status code successfully

2022-11-22 16:47:23 - [MESSAGE][PASSED] - Verify response status code successfully

2022-11-22 16:47:23 - [TEST_STEP][PASSED] - response = req_data.getResponseText(): null

2022-11-22 16:47:23 - [TEST_STEP][PASSED] - logInfo($response): {"status":"Done","data":{"requestid1":"242410","requestid2":""}}

2022-11-22 16:47:23 - [MESSAGE][INFO] - {"status":"Done","data":{"requestid1":"242410","requestid2":""}}

2022-11-22 16:47:23 - [TEST_STEP][PASSED] - delay(3): Delayed 3 second(s)

2022-11-22 16:47:26 - [MESSAGE][PASSED] - Delayed 3 second(s)

2022-11-22 16:47:26 - [TEST_STEP][PASSED] - scoring = sendRequest(findTestObject("EngineScore", ["response_searchME_kons":response_searchME_kons, "response_searchME_spouse":response_searchME_spouse])): Send request successfully

2022-11-22 16:47:26 - [MESSAGE][INFO] - HAR: D:\DMS\Engine Scoring\Reports\20221122_162012\Exclude KKB - DS\Scoring Individu - KKB\20221122_162012\requests\main\573.har

2022-11-22 16:47:26 - [MESSAGE][PASSED] - Send request successfully

2022-11-22 16:47:26 - [TEST_STEP][PASSED] - verifyResponseStatusCode(scoring, 200): Verify response status code successfully

2022-11-22 16:47:26 - [MESSAGE][PASSED] - Verify response status code successfully

2022-11-22 16:47:26 - [TEST_STEP][PASSED] - response2 = scoring.getResponseText(): null

2022-11-22 16:47:26 - [TEST_STEP][PASSED] - markPassed("result service data ke : " + no): result service data ke : 287

2022-11-22 16:47:26 - [MESSAGE][PASSED] - result service data ke : 287

2022-11-22 16:47:26 - [TEST_STEP][PASSED] - logInfo($response2): {"result_konsumen":"Reject","result_pasangan":"","Final_result":"Reject","errorMessage":"","status":"Done"}

2022-11-22 16:47:26 - [MESSAGE][INFO] - {"result_konsumen":"Reject","result_pasangan":"","Final_result":"Reject","errorMessage":"","status":"Done"}

2022-11-22 16:47:26 - [TEST_STEP][PASSED] - verifyElementPropertyValue(scoring, "Final_result", final_result): Verify element property value successfully

2022-11-22 16:47:26 - [MESSAGE][PASSED] - Verify element property value successfully]]></system-out>
         <system-err><![CDATA[]]></system-err>
      </testcase>
      <testcase name="Test Cases/Engine_Scoring/Engine Scoring" time="6.544" classname="Test Cases/Engine_Scoring/Engine Scoring" status="PASSED">
         <system-out><![CDATA[2022-11-22 16:47:26 - [TEST_CASE][PASSED] - Test Cases/Engine_Scoring/Engine Scoring: Test Cases/Engine_Scoring/Engine Scoring

2022-11-22 16:47:28 - [TEST_STEP][PASSED] - markPassed("Variasi data ke : " + no): Variasi data ke : 288

2022-11-22 16:47:28 - [MESSAGE][PASSED] - Variasi data ke : 288

2022-11-22 16:47:28 - [TEST_STEP][PASSED] - req_data = sendRequest(findTestObject("Search_ME", ["MID":MID, "source":source, "ip":ip, "userid":userid, "branch":branch, "tipekons":tipekons, "marital":marital, "penjamin":penjamin, ... ])): Send request successfully

2022-11-22 16:47:29 - [MESSAGE][INFO] - HAR: D:\DMS\Engine Scoring\Reports\20221122_162012\Exclude KKB - DS\Scoring Individu - KKB\20221122_162012\requests\main\574.har

2022-11-22 16:47:29 - [MESSAGE][PASSED] - Send request successfully

2022-11-22 16:47:29 - [TEST_STEP][PASSED] - slurper = new groovy.json.JsonSlurper(): null

2022-11-22 16:47:29 - [TEST_STEP][PASSED] - result = slurper.parseText(req_data.getResponseBodyContent()): null

2022-11-22 16:47:29 - [TEST_STEP][PASSED] - reqid_kons = requestid1: null

2022-11-22 16:47:29 - [TEST_STEP][PASSED] - reqid_spouse = requestid2: null

2022-11-22 16:47:29 - [TEST_STEP][PASSED] - println("requestid kons : " + reqid_kons): null

2022-11-22 16:47:29 - [TEST_STEP][PASSED] - response_searchME_kons = reqid_kons: null

2022-11-22 16:47:29 - [TEST_STEP][PASSED] - response_searchME_spouse = reqid_spouse: null

2022-11-22 16:47:29 - [TEST_STEP][PASSED] - println("kons req id is :" + response_searchME_kons): null

2022-11-22 16:47:29 - [TEST_STEP][PASSED] - println("spouse req id is : " + response_searchME_spouse): null

2022-11-22 16:47:29 - [TEST_STEP][PASSED] - verifyResponseStatusCode(req_data, 200): Verify response status code successfully

2022-11-22 16:47:29 - [MESSAGE][PASSED] - Verify response status code successfully

2022-11-22 16:47:29 - [TEST_STEP][PASSED] - response = req_data.getResponseText(): null

2022-11-22 16:47:29 - [TEST_STEP][PASSED] - logInfo($response): {"status":"Done","data":{"requestid1":"242411","requestid2":""}}

2022-11-22 16:47:29 - [MESSAGE][INFO] - {"status":"Done","data":{"requestid1":"242411","requestid2":""}}

2022-11-22 16:47:29 - [TEST_STEP][PASSED] - delay(3): Delayed 3 second(s)

2022-11-22 16:47:32 - [MESSAGE][PASSED] - Delayed 3 second(s)

2022-11-22 16:47:32 - [TEST_STEP][PASSED] - scoring = sendRequest(findTestObject("EngineScore", ["response_searchME_kons":response_searchME_kons, "response_searchME_spouse":response_searchME_spouse])): Send request successfully

2022-11-22 16:47:33 - [MESSAGE][INFO] - HAR: D:\DMS\Engine Scoring\Reports\20221122_162012\Exclude KKB - DS\Scoring Individu - KKB\20221122_162012\requests\main\575.har

2022-11-22 16:47:33 - [MESSAGE][PASSED] - Send request successfully

2022-11-22 16:47:33 - [TEST_STEP][PASSED] - verifyResponseStatusCode(scoring, 200): Verify response status code successfully

2022-11-22 16:47:33 - [MESSAGE][PASSED] - Verify response status code successfully

2022-11-22 16:47:33 - [TEST_STEP][PASSED] - response2 = scoring.getResponseText(): null

2022-11-22 16:47:33 - [TEST_STEP][PASSED] - markPassed("result service data ke : " + no): result service data ke : 288

2022-11-22 16:47:33 - [MESSAGE][PASSED] - result service data ke : 288

2022-11-22 16:47:33 - [TEST_STEP][PASSED] - logInfo($response2): {"result_konsumen":"Reject","result_pasangan":"","Final_result":"Reject","errorMessage":"","status":"Done"}

2022-11-22 16:47:33 - [MESSAGE][INFO] - {"result_konsumen":"Reject","result_pasangan":"","Final_result":"Reject","errorMessage":"","status":"Done"}

2022-11-22 16:47:33 - [TEST_STEP][PASSED] - verifyElementPropertyValue(scoring, "Final_result", final_result): Verify element property value successfully

2022-11-22 16:47:33 - [MESSAGE][PASSED] - Verify element property value successfully]]></system-out>
         <system-err><![CDATA[]]></system-err>
      </testcase>
      <testcase name="Test Cases/Engine_Scoring/Engine Scoring" time="6.729" classname="Test Cases/Engine_Scoring/Engine Scoring" status="PASSED">
         <system-out><![CDATA[2022-11-22 16:47:33 - [TEST_CASE][PASSED] - Test Cases/Engine_Scoring/Engine Scoring: Test Cases/Engine_Scoring/Engine Scoring

2022-11-22 16:47:34 - [TEST_STEP][PASSED] - markPassed("Variasi data ke : " + no): Variasi data ke : 289

2022-11-22 16:47:34 - [MESSAGE][PASSED] - Variasi data ke : 289

2022-11-22 16:47:34 - [TEST_STEP][PASSED] - req_data = sendRequest(findTestObject("Search_ME", ["MID":MID, "source":source, "ip":ip, "userid":userid, "branch":branch, "tipekons":tipekons, "marital":marital, "penjamin":penjamin, ... ])): Send request successfully

2022-11-22 16:47:36 - [MESSAGE][INFO] - HAR: D:\DMS\Engine Scoring\Reports\20221122_162012\Exclude KKB - DS\Scoring Individu - KKB\20221122_162012\requests\main\576.har

2022-11-22 16:47:36 - [MESSAGE][PASSED] - Send request successfully

2022-11-22 16:47:36 - [TEST_STEP][PASSED] - slurper = new groovy.json.JsonSlurper(): null

2022-11-22 16:47:36 - [TEST_STEP][PASSED] - result = slurper.parseText(req_data.getResponseBodyContent()): null

2022-11-22 16:47:36 - [TEST_STEP][PASSED] - reqid_kons = requestid1: null

2022-11-22 16:47:36 - [TEST_STEP][PASSED] - reqid_spouse = requestid2: null

2022-11-22 16:47:36 - [TEST_STEP][PASSED] - println("requestid kons : " + reqid_kons): null

2022-11-22 16:47:36 - [TEST_STEP][PASSED] - response_searchME_kons = reqid_kons: null

2022-11-22 16:47:36 - [TEST_STEP][PASSED] - response_searchME_spouse = reqid_spouse: null

2022-11-22 16:47:36 - [TEST_STEP][PASSED] - println("kons req id is :" + response_searchME_kons): null

2022-11-22 16:47:36 - [TEST_STEP][PASSED] - println("spouse req id is : " + response_searchME_spouse): null

2022-11-22 16:47:36 - [TEST_STEP][PASSED] - verifyResponseStatusCode(req_data, 200): Verify response status code successfully

2022-11-22 16:47:36 - [MESSAGE][PASSED] - Verify response status code successfully

2022-11-22 16:47:36 - [TEST_STEP][PASSED] - response = req_data.getResponseText(): null

2022-11-22 16:47:36 - [TEST_STEP][PASSED] - logInfo($response): {"status":"Done","data":{"requestid1":"242412","requestid2":""}}

2022-11-22 16:47:36 - [MESSAGE][INFO] - {"status":"Done","data":{"requestid1":"242412","requestid2":""}}

2022-11-22 16:47:36 - [TEST_STEP][PASSED] - delay(3): Delayed 3 second(s)

2022-11-22 16:47:39 - [MESSAGE][PASSED] - Delayed 3 second(s)

2022-11-22 16:47:39 - [TEST_STEP][PASSED] - scoring = sendRequest(findTestObject("EngineScore", ["response_searchME_kons":response_searchME_kons, "response_searchME_spouse":response_searchME_spouse])): Send request successfully

2022-11-22 16:47:39 - [MESSAGE][INFO] - HAR: D:\DMS\Engine Scoring\Reports\20221122_162012\Exclude KKB - DS\Scoring Individu - KKB\20221122_162012\requests\main\577.har

2022-11-22 16:47:39 - [MESSAGE][PASSED] - Send request successfully

2022-11-22 16:47:39 - [TEST_STEP][PASSED] - verifyResponseStatusCode(scoring, 200): Verify response status code successfully

2022-11-22 16:47:39 - [MESSAGE][PASSED] - Verify response status code successfully

2022-11-22 16:47:39 - [TEST_STEP][PASSED] - response2 = scoring.getResponseText(): null

2022-11-22 16:47:39 - [TEST_STEP][PASSED] - markPassed("result service data ke : " + no): result service data ke : 289

2022-11-22 16:47:39 - [MESSAGE][PASSED] - result service data ke : 289

2022-11-22 16:47:39 - [TEST_STEP][PASSED] - logInfo($response2): {"result_konsumen":"Reject","result_pasangan":"","Final_result":"Reject","errorMessage":"","status":"Done"}

2022-11-22 16:47:39 - [MESSAGE][INFO] - {"result_konsumen":"Reject","result_pasangan":"","Final_result":"Reject","errorMessage":"","status":"Done"}

2022-11-22 16:47:39 - [TEST_STEP][PASSED] - verifyElementPropertyValue(scoring, "Final_result", final_result): Verify element property value successfully

2022-11-22 16:47:39 - [MESSAGE][PASSED] - Verify element property value successfully]]></system-out>
         <system-err><![CDATA[]]></system-err>
      </testcase>
      <testcase name="Test Cases/Engine_Scoring/Engine Scoring" time="6.366" classname="Test Cases/Engine_Scoring/Engine Scoring" status="PASSED">
         <system-out><![CDATA[2022-11-22 16:47:40 - [TEST_CASE][PASSED] - Test Cases/Engine_Scoring/Engine Scoring: Test Cases/Engine_Scoring/Engine Scoring

2022-11-22 16:47:41 - [TEST_STEP][PASSED] - markPassed("Variasi data ke : " + no): Variasi data ke : 290

2022-11-22 16:47:41 - [MESSAGE][PASSED] - Variasi data ke : 290

2022-11-22 16:47:41 - [TEST_STEP][PASSED] - req_data = sendRequest(findTestObject("Search_ME", ["MID":MID, "source":source, "ip":ip, "userid":userid, "branch":branch, "tipekons":tipekons, "marital":marital, "penjamin":penjamin, ... ])): Send request successfully

2022-11-22 16:47:43 - [MESSAGE][INFO] - HAR: D:\DMS\Engine Scoring\Reports\20221122_162012\Exclude KKB - DS\Scoring Individu - KKB\20221122_162012\requests\main\578.har

2022-11-22 16:47:43 - [MESSAGE][PASSED] - Send request successfully

2022-11-22 16:47:43 - [TEST_STEP][PASSED] - slurper = new groovy.json.JsonSlurper(): null

2022-11-22 16:47:43 - [TEST_STEP][PASSED] - result = slurper.parseText(req_data.getResponseBodyContent()): null

2022-11-22 16:47:43 - [TEST_STEP][PASSED] - reqid_kons = requestid1: null

2022-11-22 16:47:43 - [TEST_STEP][PASSED] - reqid_spouse = requestid2: null

2022-11-22 16:47:43 - [TEST_STEP][PASSED] - println("requestid kons : " + reqid_kons): null

2022-11-22 16:47:43 - [TEST_STEP][PASSED] - response_searchME_kons = reqid_kons: null

2022-11-22 16:47:43 - [TEST_STEP][PASSED] - response_searchME_spouse = reqid_spouse: null

2022-11-22 16:47:43 - [TEST_STEP][PASSED] - println("kons req id is :" + response_searchME_kons): null

2022-11-22 16:47:43 - [TEST_STEP][PASSED] - println("spouse req id is : " + response_searchME_spouse): null

2022-11-22 16:47:43 - [TEST_STEP][PASSED] - verifyResponseStatusCode(req_data, 200): Verify response status code successfully

2022-11-22 16:47:43 - [MESSAGE][PASSED] - Verify response status code successfully

2022-11-22 16:47:43 - [TEST_STEP][PASSED] - response = req_data.getResponseText(): null

2022-11-22 16:47:43 - [TEST_STEP][PASSED] - logInfo($response): {"status":"Done","data":{"requestid1":"242413","requestid2":""}}

2022-11-22 16:47:43 - [MESSAGE][INFO] - {"status":"Done","data":{"requestid1":"242413","requestid2":""}}

2022-11-22 16:47:43 - [TEST_STEP][PASSED] - delay(3): Delayed 3 second(s)

2022-11-22 16:47:46 - [MESSAGE][PASSED] - Delayed 3 second(s)

2022-11-22 16:47:46 - [TEST_STEP][PASSED] - scoring = sendRequest(findTestObject("EngineScore", ["response_searchME_kons":response_searchME_kons, "response_searchME_spouse":response_searchME_spouse])): Send request successfully

2022-11-22 16:47:46 - [MESSAGE][INFO] - HAR: D:\DMS\Engine Scoring\Reports\20221122_162012\Exclude KKB - DS\Scoring Individu - KKB\20221122_162012\requests\main\579.har

2022-11-22 16:47:46 - [MESSAGE][PASSED] - Send request successfully

2022-11-22 16:47:46 - [TEST_STEP][PASSED] - verifyResponseStatusCode(scoring, 200): Verify response status code successfully

2022-11-22 16:47:46 - [MESSAGE][PASSED] - Verify response status code successfully

2022-11-22 16:47:46 - [TEST_STEP][PASSED] - response2 = scoring.getResponseText(): null

2022-11-22 16:47:46 - [TEST_STEP][PASSED] - markPassed("result service data ke : " + no): result service data ke : 290

2022-11-22 16:47:46 - [MESSAGE][PASSED] - result service data ke : 290

2022-11-22 16:47:46 - [TEST_STEP][PASSED] - logInfo($response2): {"result_konsumen":"Reject","result_pasangan":"","Final_result":"Reject","errorMessage":"","status":"Done"}

2022-11-22 16:47:46 - [MESSAGE][INFO] - {"result_konsumen":"Reject","result_pasangan":"","Final_result":"Reject","errorMessage":"","status":"Done"}

2022-11-22 16:47:46 - [TEST_STEP][PASSED] - verifyElementPropertyValue(scoring, "Final_result", final_result): Verify element property value successfully

2022-11-22 16:47:46 - [MESSAGE][PASSED] - Verify element property value successfully]]></system-out>
         <system-err><![CDATA[]]></system-err>
      </testcase>
      <testcase name="Test Cases/Engine_Scoring/Engine Scoring" time="6.271" classname="Test Cases/Engine_Scoring/Engine Scoring" status="PASSED">
         <system-out><![CDATA[2022-11-22 16:47:46 - [TEST_CASE][PASSED] - Test Cases/Engine_Scoring/Engine Scoring: Test Cases/Engine_Scoring/Engine Scoring

2022-11-22 16:47:47 - [TEST_STEP][PASSED] - markPassed("Variasi data ke : " + no): Variasi data ke : 291

2022-11-22 16:47:47 - [MESSAGE][PASSED] - Variasi data ke : 291

2022-11-22 16:47:47 - [TEST_STEP][PASSED] - req_data = sendRequest(findTestObject("Search_ME", ["MID":MID, "source":source, "ip":ip, "userid":userid, "branch":branch, "tipekons":tipekons, "marital":marital, "penjamin":penjamin, ... ])): Send request successfully

2022-11-22 16:47:49 - [MESSAGE][INFO] - HAR: D:\DMS\Engine Scoring\Reports\20221122_162012\Exclude KKB - DS\Scoring Individu - KKB\20221122_162012\requests\main\580.har

2022-11-22 16:47:49 - [MESSAGE][PASSED] - Send request successfully

2022-11-22 16:47:49 - [TEST_STEP][PASSED] - slurper = new groovy.json.JsonSlurper(): null

2022-11-22 16:47:49 - [TEST_STEP][PASSED] - result = slurper.parseText(req_data.getResponseBodyContent()): null

2022-11-22 16:47:49 - [TEST_STEP][PASSED] - reqid_kons = requestid1: null

2022-11-22 16:47:49 - [TEST_STEP][PASSED] - reqid_spouse = requestid2: null

2022-11-22 16:47:49 - [TEST_STEP][PASSED] - println("requestid kons : " + reqid_kons): null

2022-11-22 16:47:49 - [TEST_STEP][PASSED] - response_searchME_kons = reqid_kons: null

2022-11-22 16:47:49 - [TEST_STEP][PASSED] - response_searchME_spouse = reqid_spouse: null

2022-11-22 16:47:49 - [TEST_STEP][PASSED] - println("kons req id is :" + response_searchME_kons): null

2022-11-22 16:47:49 - [TEST_STEP][PASSED] - println("spouse req id is : " + response_searchME_spouse): null

2022-11-22 16:47:49 - [TEST_STEP][PASSED] - verifyResponseStatusCode(req_data, 200): Verify response status code successfully

2022-11-22 16:47:49 - [MESSAGE][PASSED] - Verify response status code successfully

2022-11-22 16:47:49 - [TEST_STEP][PASSED] - response = req_data.getResponseText(): null

2022-11-22 16:47:49 - [TEST_STEP][PASSED] - logInfo($response): {"status":"Done","data":{"requestid1":"242414","requestid2":""}}

2022-11-22 16:47:49 - [MESSAGE][INFO] - {"status":"Done","data":{"requestid1":"242414","requestid2":""}}

2022-11-22 16:47:49 - [TEST_STEP][PASSED] - delay(3): Delayed 3 second(s)

2022-11-22 16:47:52 - [MESSAGE][PASSED] - Delayed 3 second(s)

2022-11-22 16:47:52 - [TEST_STEP][PASSED] - scoring = sendRequest(findTestObject("EngineScore", ["response_searchME_kons":response_searchME_kons, "response_searchME_spouse":response_searchME_spouse])): Send request successfully

2022-11-22 16:47:52 - [MESSAGE][INFO] - HAR: D:\DMS\Engine Scoring\Reports\20221122_162012\Exclude KKB - DS\Scoring Individu - KKB\20221122_162012\requests\main\581.har

2022-11-22 16:47:52 - [MESSAGE][PASSED] - Send request successfully

2022-11-22 16:47:52 - [TEST_STEP][PASSED] - verifyResponseStatusCode(scoring, 200): Verify response status code successfully

2022-11-22 16:47:52 - [MESSAGE][PASSED] - Verify response status code successfully

2022-11-22 16:47:52 - [TEST_STEP][PASSED] - response2 = scoring.getResponseText(): null

2022-11-22 16:47:52 - [TEST_STEP][PASSED] - markPassed("result service data ke : " + no): result service data ke : 291

2022-11-22 16:47:52 - [MESSAGE][PASSED] - result service data ke : 291

2022-11-22 16:47:52 - [TEST_STEP][PASSED] - logInfo($response2): {"result_konsumen":"Reject","result_pasangan":"","Final_result":"Reject","errorMessage":"","status":"Done"}

2022-11-22 16:47:52 - [MESSAGE][INFO] - {"result_konsumen":"Reject","result_pasangan":"","Final_result":"Reject","errorMessage":"","status":"Done"}

2022-11-22 16:47:52 - [TEST_STEP][PASSED] - verifyElementPropertyValue(scoring, "Final_result", final_result): Verify element property value successfully

2022-11-22 16:47:52 - [MESSAGE][PASSED] - Verify element property value successfully]]></system-out>
         <system-err><![CDATA[]]></system-err>
      </testcase>
      <system-out><![CDATA[2022-11-22 16:20:19 - [TEST_SUITE][PASSED] - Scoring Individu - KKB: Test Cases/Engine_Scoring/Engine Scoring]]></system-out>
      <system-err><![CDATA[]]></system-err>
   </testsuite>
</testsuites>
