<?xml version="1.0" encoding="UTF-8"?>
<testsuites name="Scoring Married - DS" time="821.911" tests="100" failures="0" errors="0">
   <testsuite name="Scoring Married - DS" tests="100" failures="0" errors="0" time="821.911" skipped="0" timestamp="2022-11-25 09:44:08" hostname="bcafmaster - WPI20220318001.bcaf.co.id" id="Test Suites/Exclude KKB - DS - Married/Scoring Married - DS">
      <properties>
         <property name="deviceName" value=""/>
         <property name="devicePlatform" value=""/>
         <property name="logFolder" value="D:\\DMS\\Engine Scoring\\Reports\\20221125_094400\\Exclude KKB - DS - Married\\Scoring Married - DS\\20221125_094402"/>
         <property name="logFiles" value="D:\\DMS\\Engine Scoring\\Reports\\20221125_094400\\Exclude KKB - DS - Married\\Scoring Married - DS\\20221125_094402\\execution0.log, D:\\DMS\\Engine Scoring\\Reports\\20221125_094400\\Exclude KKB - DS - Married\\Scoring Married - DS\\20221125_094402\\execution1.log"/>
         <property name="attachments" value=""/>
         <property name="hostName" value="bcafmaster - WPI20220318001.bcaf.co.id"/>
         <property name="hostAddress" value="10.10.8.57"/>
         <property name="os" value="Windows 10 64bit"/>
         <property name="katalonVersion" value="8.2.5.208"/>
      </properties>
      <testcase name="Test Cases/Engine_Scoring/Engine Scoring" time="12.367" classname="Test Cases/Engine_Scoring/Engine Scoring" status="PASSED">
         <system-out><![CDATA[2022-11-25 09:44:08 - [TEST_CASE][PASSED] - Test Cases/Engine_Scoring/Engine Scoring: Test Cases/Engine_Scoring/Engine Scoring

2022-11-25 09:44:09 - [TEST_STEP][PASSED] - markPassed("Variasi data ke : " + no): Variasi data ke : 1

2022-11-25 09:44:09 - [MESSAGE][PASSED] - Variasi data ke : 1

2022-11-25 09:44:09 - [TEST_STEP][PASSED] - req_data = sendRequest(findTestObject("Search_ME", ["MID":MID, "source":source, "ip":ip, "userid":userid, "branch":branch, "tipekons":tipekons, "marital":marital, "penjamin":penjamin, ... ])): Send request successfully

2022-11-25 09:44:14 - [MESSAGE][INFO] - HAR: D:\DMS\Engine Scoring\Reports\20221125_094400\Exclude KKB - DS - Married\Scoring Married - DS\20221125_094402\requests\main\0.har

2022-11-25 09:44:14 - [MESSAGE][PASSED] - Send request successfully

2022-11-25 09:44:14 - [TEST_STEP][PASSED] - slurper = new groovy.json.JsonSlurper(): null

2022-11-25 09:44:14 - [TEST_STEP][PASSED] - result = slurper.parseText(req_data.getResponseBodyContent()): null

2022-11-25 09:44:14 - [TEST_STEP][PASSED] - reqid_kons = requestid1: null

2022-11-25 09:44:14 - [TEST_STEP][PASSED] - reqid_spouse = requestid2: null

2022-11-25 09:44:14 - [TEST_STEP][PASSED] - println("requestid kons : " + reqid_kons): null

2022-11-25 09:44:14 - [TEST_STEP][PASSED] - response_searchME_kons = reqid_kons: null

2022-11-25 09:44:14 - [TEST_STEP][PASSED] - response_searchME_spouse = reqid_spouse: null

2022-11-25 09:44:14 - [TEST_STEP][PASSED] - println("kons req id is :" + response_searchME_kons): null

2022-11-25 09:44:14 - [TEST_STEP][PASSED] - println("spouse req id is : " + response_searchME_spouse): null

2022-11-25 09:44:14 - [TEST_STEP][PASSED] - verifyResponseStatusCode(req_data, 200): Verify response status code successfully

2022-11-25 09:44:14 - [MESSAGE][PASSED] - Verify response status code successfully

2022-11-25 09:44:14 - [TEST_STEP][PASSED] - response = req_data.getResponseText(): null

2022-11-25 09:44:14 - [TEST_STEP][PASSED] - logInfo($response): {"status":"Done","data":{"requestid1":"255147","requestid2":"255148"}}

2022-11-25 09:44:14 - [MESSAGE][INFO] - {"status":"Done","data":{"requestid1":"255147","requestid2":"255148"}}

2022-11-25 09:44:14 - [TEST_STEP][PASSED] - delay(5): Delayed 5 second(s)

2022-11-25 09:44:19 - [MESSAGE][PASSED] - Delayed 5 second(s)

2022-11-25 09:44:19 - [TEST_STEP][PASSED] - scoring = sendRequest(findTestObject("EngineScore", ["response_searchME_kons":response_searchME_kons, "response_searchME_spouse":response_searchME_spouse])): Send request successfully

2022-11-25 09:44:20 - [MESSAGE][INFO] - HAR: D:\DMS\Engine Scoring\Reports\20221125_094400\Exclude KKB - DS - Married\Scoring Married - DS\20221125_094402\requests\main\1.har

2022-11-25 09:44:20 - [MESSAGE][PASSED] - Send request successfully

2022-11-25 09:44:20 - [TEST_STEP][PASSED] - verifyResponseStatusCode(scoring, 200): Verify response status code successfully

2022-11-25 09:44:20 - [MESSAGE][PASSED] - Verify response status code successfully

2022-11-25 09:44:20 - [TEST_STEP][PASSED] - response2 = scoring.getResponseText(): null

2022-11-25 09:44:20 - [TEST_STEP][PASSED] - markPassed("result service data ke : " + no): result service data ke : 1

2022-11-25 09:44:20 - [MESSAGE][PASSED] - result service data ke : 1

2022-11-25 09:44:20 - [TEST_STEP][PASSED] - logInfo($response2): {"result_konsumen":"Reguler","result_pasangan":"Reguler","Final_result":"Reguler","errorMessage":"","status":"Done"}

2022-11-25 09:44:20 - [MESSAGE][INFO] - {"result_konsumen":"Reguler","result_pasangan":"Reguler","Final_result":"Reguler","errorMessage":"","status":"Done"}

2022-11-25 09:44:20 - [TEST_STEP][PASSED] - verifyElementPropertyValue(scoring, "Final_result", final_result): Verify element property value successfully

2022-11-25 09:44:20 - [MESSAGE][PASSED] - Verify element property value successfully]]></system-out>
         <system-err><![CDATA[]]></system-err>
      </testcase>
      <testcase name="Test Cases/Engine_Scoring/Engine Scoring" time="6.9" classname="Test Cases/Engine_Scoring/Engine Scoring" status="PASSED">
         <system-out><![CDATA[2022-11-25 09:44:21 - [TEST_CASE][PASSED] - Test Cases/Engine_Scoring/Engine Scoring: Test Cases/Engine_Scoring/Engine Scoring

2022-11-25 09:44:21 - [TEST_STEP][PASSED] - markPassed("Variasi data ke : " + no): Variasi data ke : 2

2022-11-25 09:44:21 - [MESSAGE][PASSED] - Variasi data ke : 2

2022-11-25 09:44:21 - [TEST_STEP][PASSED] - req_data = sendRequest(findTestObject("Search_ME", ["MID":MID, "source":source, "ip":ip, "userid":userid, "branch":branch, "tipekons":tipekons, "marital":marital, "penjamin":penjamin, ... ])): Send request successfully

2022-11-25 09:44:22 - [MESSAGE][INFO] - HAR: D:\DMS\Engine Scoring\Reports\20221125_094400\Exclude KKB - DS - Married\Scoring Married - DS\20221125_094402\requests\main\2.har

2022-11-25 09:44:22 - [MESSAGE][PASSED] - Send request successfully

2022-11-25 09:44:22 - [TEST_STEP][PASSED] - slurper = new groovy.json.JsonSlurper(): null

2022-11-25 09:44:22 - [TEST_STEP][PASSED] - result = slurper.parseText(req_data.getResponseBodyContent()): null

2022-11-25 09:44:22 - [TEST_STEP][PASSED] - reqid_kons = requestid1: null

2022-11-25 09:44:22 - [TEST_STEP][PASSED] - reqid_spouse = requestid2: null

2022-11-25 09:44:22 - [TEST_STEP][PASSED] - println("requestid kons : " + reqid_kons): null

2022-11-25 09:44:22 - [TEST_STEP][PASSED] - response_searchME_kons = reqid_kons: null

2022-11-25 09:44:22 - [TEST_STEP][PASSED] - response_searchME_spouse = reqid_spouse: null

2022-11-25 09:44:22 - [TEST_STEP][PASSED] - println("kons req id is :" + response_searchME_kons): null

2022-11-25 09:44:22 - [TEST_STEP][PASSED] - println("spouse req id is : " + response_searchME_spouse): null

2022-11-25 09:44:22 - [TEST_STEP][PASSED] - verifyResponseStatusCode(req_data, 200): Verify response status code successfully

2022-11-25 09:44:22 - [MESSAGE][PASSED] - Verify response status code successfully

2022-11-25 09:44:22 - [TEST_STEP][PASSED] - response = req_data.getResponseText(): null

2022-11-25 09:44:22 - [TEST_STEP][PASSED] - logInfo($response): {"status":"Done","data":{"requestid1":"255149","requestid2":"255151"}}

2022-11-25 09:44:22 - [MESSAGE][INFO] - {"status":"Done","data":{"requestid1":"255149","requestid2":"255151"}}

2022-11-25 09:44:22 - [TEST_STEP][PASSED] - delay(5): Delayed 5 second(s)

2022-11-25 09:44:27 - [MESSAGE][PASSED] - Delayed 5 second(s)

2022-11-25 09:44:27 - [TEST_STEP][PASSED] - scoring = sendRequest(findTestObject("EngineScore", ["response_searchME_kons":response_searchME_kons, "response_searchME_spouse":response_searchME_spouse])): Send request successfully

2022-11-25 09:44:27 - [MESSAGE][INFO] - HAR: D:\DMS\Engine Scoring\Reports\20221125_094400\Exclude KKB - DS - Married\Scoring Married - DS\20221125_094402\requests\main\3.har

2022-11-25 09:44:27 - [MESSAGE][PASSED] - Send request successfully

2022-11-25 09:44:27 - [TEST_STEP][PASSED] - verifyResponseStatusCode(scoring, 200): Verify response status code successfully

2022-11-25 09:44:27 - [MESSAGE][PASSED] - Verify response status code successfully

2022-11-25 09:44:27 - [TEST_STEP][PASSED] - response2 = scoring.getResponseText(): null

2022-11-25 09:44:27 - [TEST_STEP][PASSED] - markPassed("result service data ke : " + no): result service data ke : 2

2022-11-25 09:44:27 - [MESSAGE][PASSED] - result service data ke : 2

2022-11-25 09:44:27 - [TEST_STEP][PASSED] - logInfo($response2): {"result_konsumen":"Reguler","result_pasangan":"Reguler","Final_result":"Reguler","errorMessage":"","status":"Done"}

2022-11-25 09:44:27 - [MESSAGE][INFO] - {"result_konsumen":"Reguler","result_pasangan":"Reguler","Final_result":"Reguler","errorMessage":"","status":"Done"}

2022-11-25 09:44:27 - [TEST_STEP][PASSED] - verifyElementPropertyValue(scoring, "Final_result", final_result): Verify element property value successfully

2022-11-25 09:44:27 - [MESSAGE][PASSED] - Verify element property value successfully]]></system-out>
         <system-err><![CDATA[]]></system-err>
      </testcase>
      <testcase name="Test Cases/Engine_Scoring/Engine Scoring" time="7.546" classname="Test Cases/Engine_Scoring/Engine Scoring" status="PASSED">
         <system-out><![CDATA[2022-11-25 09:44:27 - [TEST_CASE][PASSED] - Test Cases/Engine_Scoring/Engine Scoring: Test Cases/Engine_Scoring/Engine Scoring

2022-11-25 09:44:28 - [TEST_STEP][PASSED] - markPassed("Variasi data ke : " + no): Variasi data ke : 3

2022-11-25 09:44:28 - [MESSAGE][PASSED] - Variasi data ke : 3

2022-11-25 09:44:28 - [TEST_STEP][PASSED] - req_data = sendRequest(findTestObject("Search_ME", ["MID":MID, "source":source, "ip":ip, "userid":userid, "branch":branch, "tipekons":tipekons, "marital":marital, "penjamin":penjamin, ... ])): Send request successfully

2022-11-25 09:44:29 - [MESSAGE][INFO] - HAR: D:\DMS\Engine Scoring\Reports\20221125_094400\Exclude KKB - DS - Married\Scoring Married - DS\20221125_094402\requests\main\4.har

2022-11-25 09:44:29 - [MESSAGE][PASSED] - Send request successfully

2022-11-25 09:44:29 - [TEST_STEP][PASSED] - slurper = new groovy.json.JsonSlurper(): null

2022-11-25 09:44:29 - [TEST_STEP][PASSED] - result = slurper.parseText(req_data.getResponseBodyContent()): null

2022-11-25 09:44:29 - [TEST_STEP][PASSED] - reqid_kons = requestid1: null

2022-11-25 09:44:29 - [TEST_STEP][PASSED] - reqid_spouse = requestid2: null

2022-11-25 09:44:29 - [TEST_STEP][PASSED] - println("requestid kons : " + reqid_kons): null

2022-11-25 09:44:29 - [TEST_STEP][PASSED] - response_searchME_kons = reqid_kons: null

2022-11-25 09:44:29 - [TEST_STEP][PASSED] - response_searchME_spouse = reqid_spouse: null

2022-11-25 09:44:29 - [TEST_STEP][PASSED] - println("kons req id is :" + response_searchME_kons): null

2022-11-25 09:44:29 - [TEST_STEP][PASSED] - println("spouse req id is : " + response_searchME_spouse): null

2022-11-25 09:44:29 - [TEST_STEP][PASSED] - verifyResponseStatusCode(req_data, 200): Verify response status code successfully

2022-11-25 09:44:29 - [MESSAGE][PASSED] - Verify response status code successfully

2022-11-25 09:44:29 - [TEST_STEP][PASSED] - response = req_data.getResponseText(): null

2022-11-25 09:44:29 - [TEST_STEP][PASSED] - logInfo($response): {"status":"Done","data":{"requestid1":"255153","requestid2":"255154"}}

2022-11-25 09:44:29 - [MESSAGE][INFO] - {"status":"Done","data":{"requestid1":"255153","requestid2":"255154"}}

2022-11-25 09:44:29 - [TEST_STEP][PASSED] - delay(5): Delayed 5 second(s)

2022-11-25 09:44:34 - [MESSAGE][PASSED] - Delayed 5 second(s)

2022-11-25 09:44:34 - [TEST_STEP][PASSED] - scoring = sendRequest(findTestObject("EngineScore", ["response_searchME_kons":response_searchME_kons, "response_searchME_spouse":response_searchME_spouse])): Send request successfully

2022-11-25 09:44:35 - [MESSAGE][INFO] - HAR: D:\DMS\Engine Scoring\Reports\20221125_094400\Exclude KKB - DS - Married\Scoring Married - DS\20221125_094402\requests\main\5.har

2022-11-25 09:44:35 - [MESSAGE][PASSED] - Send request successfully

2022-11-25 09:44:35 - [TEST_STEP][PASSED] - verifyResponseStatusCode(scoring, 200): Verify response status code successfully

2022-11-25 09:44:35 - [MESSAGE][PASSED] - Verify response status code successfully

2022-11-25 09:44:35 - [TEST_STEP][PASSED] - response2 = scoring.getResponseText(): null

2022-11-25 09:44:35 - [TEST_STEP][PASSED] - markPassed("result service data ke : " + no): result service data ke : 3

2022-11-25 09:44:35 - [MESSAGE][PASSED] - result service data ke : 3

2022-11-25 09:44:35 - [TEST_STEP][PASSED] - logInfo($response2): {"result_konsumen":"Reguler","result_pasangan":"Reguler","Final_result":"Reguler","errorMessage":"","status":"Done"}

2022-11-25 09:44:35 - [MESSAGE][INFO] - {"result_konsumen":"Reguler","result_pasangan":"Reguler","Final_result":"Reguler","errorMessage":"","status":"Done"}

2022-11-25 09:44:35 - [TEST_STEP][PASSED] - verifyElementPropertyValue(scoring, "Final_result", final_result): Verify element property value successfully

2022-11-25 09:44:35 - [MESSAGE][PASSED] - Verify element property value successfully]]></system-out>
         <system-err><![CDATA[]]></system-err>
      </testcase>
      <testcase name="Test Cases/Engine_Scoring/Engine Scoring" time="7.469" classname="Test Cases/Engine_Scoring/Engine Scoring" status="PASSED">
         <system-out><![CDATA[2022-11-25 09:44:35 - [TEST_CASE][PASSED] - Test Cases/Engine_Scoring/Engine Scoring: Test Cases/Engine_Scoring/Engine Scoring

2022-11-25 09:44:36 - [TEST_STEP][PASSED] - markPassed("Variasi data ke : " + no): Variasi data ke : 4

2022-11-25 09:44:36 - [MESSAGE][PASSED] - Variasi data ke : 4

2022-11-25 09:44:36 - [TEST_STEP][PASSED] - req_data = sendRequest(findTestObject("Search_ME", ["MID":MID, "source":source, "ip":ip, "userid":userid, "branch":branch, "tipekons":tipekons, "marital":marital, "penjamin":penjamin, ... ])): Send request successfully

2022-11-25 09:44:37 - [MESSAGE][INFO] - HAR: D:\DMS\Engine Scoring\Reports\20221125_094400\Exclude KKB - DS - Married\Scoring Married - DS\20221125_094402\requests\main\6.har

2022-11-25 09:44:37 - [MESSAGE][PASSED] - Send request successfully

2022-11-25 09:44:37 - [TEST_STEP][PASSED] - slurper = new groovy.json.JsonSlurper(): null

2022-11-25 09:44:37 - [TEST_STEP][PASSED] - result = slurper.parseText(req_data.getResponseBodyContent()): null

2022-11-25 09:44:37 - [TEST_STEP][PASSED] - reqid_kons = requestid1: null

2022-11-25 09:44:37 - [TEST_STEP][PASSED] - reqid_spouse = requestid2: null

2022-11-25 09:44:37 - [TEST_STEP][PASSED] - println("requestid kons : " + reqid_kons): null

2022-11-25 09:44:37 - [TEST_STEP][PASSED] - response_searchME_kons = reqid_kons: null

2022-11-25 09:44:37 - [TEST_STEP][PASSED] - response_searchME_spouse = reqid_spouse: null

2022-11-25 09:44:37 - [TEST_STEP][PASSED] - println("kons req id is :" + response_searchME_kons): null

2022-11-25 09:44:37 - [TEST_STEP][PASSED] - println("spouse req id is : " + response_searchME_spouse): null

2022-11-25 09:44:37 - [TEST_STEP][PASSED] - verifyResponseStatusCode(req_data, 200): Verify response status code successfully

2022-11-25 09:44:37 - [MESSAGE][PASSED] - Verify response status code successfully

2022-11-25 09:44:37 - [TEST_STEP][PASSED] - response = req_data.getResponseText(): null

2022-11-25 09:44:37 - [TEST_STEP][PASSED] - logInfo($response): {"status":"Done","data":{"requestid1":"255156","requestid2":"255157"}}

2022-11-25 09:44:37 - [MESSAGE][INFO] - {"status":"Done","data":{"requestid1":"255156","requestid2":"255157"}}

2022-11-25 09:44:37 - [TEST_STEP][PASSED] - delay(5): Delayed 5 second(s)

2022-11-25 09:44:42 - [MESSAGE][PASSED] - Delayed 5 second(s)

2022-11-25 09:44:42 - [TEST_STEP][PASSED] - scoring = sendRequest(findTestObject("EngineScore", ["response_searchME_kons":response_searchME_kons, "response_searchME_spouse":response_searchME_spouse])): Send request successfully

2022-11-25 09:44:43 - [MESSAGE][INFO] - HAR: D:\DMS\Engine Scoring\Reports\20221125_094400\Exclude KKB - DS - Married\Scoring Married - DS\20221125_094402\requests\main\7.har

2022-11-25 09:44:43 - [MESSAGE][PASSED] - Send request successfully

2022-11-25 09:44:43 - [TEST_STEP][PASSED] - verifyResponseStatusCode(scoring, 200): Verify response status code successfully

2022-11-25 09:44:43 - [MESSAGE][PASSED] - Verify response status code successfully

2022-11-25 09:44:43 - [TEST_STEP][PASSED] - response2 = scoring.getResponseText(): null

2022-11-25 09:44:43 - [TEST_STEP][PASSED] - markPassed("result service data ke : " + no): result service data ke : 4

2022-11-25 09:44:43 - [MESSAGE][PASSED] - result service data ke : 4

2022-11-25 09:44:43 - [TEST_STEP][PASSED] - logInfo($response2): {"result_konsumen":"Reguler","result_pasangan":"Reguler","Final_result":"Reguler","errorMessage":"","status":"Done"}

2022-11-25 09:44:43 - [MESSAGE][INFO] - {"result_konsumen":"Reguler","result_pasangan":"Reguler","Final_result":"Reguler","errorMessage":"","status":"Done"}

2022-11-25 09:44:43 - [TEST_STEP][PASSED] - verifyElementPropertyValue(scoring, "Final_result", final_result): Verify element property value successfully

2022-11-25 09:44:43 - [MESSAGE][PASSED] - Verify element property value successfully]]></system-out>
         <system-err><![CDATA[]]></system-err>
      </testcase>
      <testcase name="Test Cases/Engine_Scoring/Engine Scoring" time="8.879" classname="Test Cases/Engine_Scoring/Engine Scoring" status="PASSED">
         <system-out><![CDATA[2022-11-25 09:44:43 - [TEST_CASE][PASSED] - Test Cases/Engine_Scoring/Engine Scoring: Test Cases/Engine_Scoring/Engine Scoring

2022-11-25 09:44:43 - [TEST_STEP][PASSED] - markPassed("Variasi data ke : " + no): Variasi data ke : 5

2022-11-25 09:44:43 - [MESSAGE][PASSED] - Variasi data ke : 5

2022-11-25 09:44:43 - [TEST_STEP][PASSED] - req_data = sendRequest(findTestObject("Search_ME", ["MID":MID, "source":source, "ip":ip, "userid":userid, "branch":branch, "tipekons":tipekons, "marital":marital, "penjamin":penjamin, ... ])): Send request successfully

2022-11-25 09:44:46 - [MESSAGE][INFO] - HAR: D:\DMS\Engine Scoring\Reports\20221125_094400\Exclude KKB - DS - Married\Scoring Married - DS\20221125_094402\requests\main\8.har

2022-11-25 09:44:46 - [MESSAGE][PASSED] - Send request successfully

2022-11-25 09:44:46 - [TEST_STEP][PASSED] - slurper = new groovy.json.JsonSlurper(): null

2022-11-25 09:44:46 - [TEST_STEP][PASSED] - result = slurper.parseText(req_data.getResponseBodyContent()): null

2022-11-25 09:44:46 - [TEST_STEP][PASSED] - reqid_kons = requestid1: null

2022-11-25 09:44:46 - [TEST_STEP][PASSED] - reqid_spouse = requestid2: null

2022-11-25 09:44:46 - [TEST_STEP][PASSED] - println("requestid kons : " + reqid_kons): null

2022-11-25 09:44:46 - [TEST_STEP][PASSED] - response_searchME_kons = reqid_kons: null

2022-11-25 09:44:46 - [TEST_STEP][PASSED] - response_searchME_spouse = reqid_spouse: null

2022-11-25 09:44:46 - [TEST_STEP][PASSED] - println("kons req id is :" + response_searchME_kons): null

2022-11-25 09:44:46 - [TEST_STEP][PASSED] - println("spouse req id is : " + response_searchME_spouse): null

2022-11-25 09:44:46 - [TEST_STEP][PASSED] - verifyResponseStatusCode(req_data, 200): Verify response status code successfully

2022-11-25 09:44:46 - [MESSAGE][PASSED] - Verify response status code successfully

2022-11-25 09:44:46 - [TEST_STEP][PASSED] - response = req_data.getResponseText(): null

2022-11-25 09:44:46 - [TEST_STEP][PASSED] - logInfo($response): {"status":"Done","data":{"requestid1":"255158","requestid2":"255159"}}

2022-11-25 09:44:46 - [MESSAGE][INFO] - {"status":"Done","data":{"requestid1":"255158","requestid2":"255159"}}

2022-11-25 09:44:46 - [TEST_STEP][PASSED] - delay(5): Delayed 5 second(s)

2022-11-25 09:44:51 - [MESSAGE][PASSED] - Delayed 5 second(s)

2022-11-25 09:44:51 - [TEST_STEP][PASSED] - scoring = sendRequest(findTestObject("EngineScore", ["response_searchME_kons":response_searchME_kons, "response_searchME_spouse":response_searchME_spouse])): Send request successfully

2022-11-25 09:44:52 - [MESSAGE][INFO] - HAR: D:\DMS\Engine Scoring\Reports\20221125_094400\Exclude KKB - DS - Married\Scoring Married - DS\20221125_094402\requests\main\9.har

2022-11-25 09:44:52 - [MESSAGE][PASSED] - Send request successfully

2022-11-25 09:44:52 - [TEST_STEP][PASSED] - verifyResponseStatusCode(scoring, 200): Verify response status code successfully

2022-11-25 09:44:52 - [MESSAGE][PASSED] - Verify response status code successfully

2022-11-25 09:44:52 - [TEST_STEP][PASSED] - response2 = scoring.getResponseText(): null

2022-11-25 09:44:52 - [TEST_STEP][PASSED] - markPassed("result service data ke : " + no): result service data ke : 5

2022-11-25 09:44:52 - [MESSAGE][PASSED] - result service data ke : 5

2022-11-25 09:44:52 - [TEST_STEP][PASSED] - logInfo($response2): {"result_konsumen":"Reguler","result_pasangan":"Reguler","Final_result":"Reguler","errorMessage":"","status":"Done"}

2022-11-25 09:44:52 - [MESSAGE][INFO] - {"result_konsumen":"Reguler","result_pasangan":"Reguler","Final_result":"Reguler","errorMessage":"","status":"Done"}

2022-11-25 09:44:52 - [TEST_STEP][PASSED] - verifyElementPropertyValue(scoring, "Final_result", final_result): Verify element property value successfully

2022-11-25 09:44:52 - [MESSAGE][PASSED] - Verify element property value successfully]]></system-out>
         <system-err><![CDATA[]]></system-err>
      </testcase>
      <testcase name="Test Cases/Engine_Scoring/Engine Scoring" time="6.71" classname="Test Cases/Engine_Scoring/Engine Scoring" status="PASSED">
         <system-out><![CDATA[2022-11-25 09:44:52 - [TEST_CASE][PASSED] - Test Cases/Engine_Scoring/Engine Scoring: Test Cases/Engine_Scoring/Engine Scoring

2022-11-25 09:44:52 - [TEST_STEP][PASSED] - markPassed("Variasi data ke : " + no): Variasi data ke : 6

2022-11-25 09:44:52 - [MESSAGE][PASSED] - Variasi data ke : 6

2022-11-25 09:44:52 - [TEST_STEP][PASSED] - req_data = sendRequest(findTestObject("Search_ME", ["MID":MID, "source":source, "ip":ip, "userid":userid, "branch":branch, "tipekons":tipekons, "marital":marital, "penjamin":penjamin, ... ])): Send request successfully

2022-11-25 09:44:53 - [MESSAGE][INFO] - HAR: D:\DMS\Engine Scoring\Reports\20221125_094400\Exclude KKB - DS - Married\Scoring Married - DS\20221125_094402\requests\main\10.har

2022-11-25 09:44:53 - [MESSAGE][PASSED] - Send request successfully

2022-11-25 09:44:53 - [TEST_STEP][PASSED] - slurper = new groovy.json.JsonSlurper(): null

2022-11-25 09:44:53 - [TEST_STEP][PASSED] - result = slurper.parseText(req_data.getResponseBodyContent()): null

2022-11-25 09:44:53 - [TEST_STEP][PASSED] - reqid_kons = requestid1: null

2022-11-25 09:44:53 - [TEST_STEP][PASSED] - reqid_spouse = requestid2: null

2022-11-25 09:44:53 - [TEST_STEP][PASSED] - println("requestid kons : " + reqid_kons): null

2022-11-25 09:44:53 - [TEST_STEP][PASSED] - response_searchME_kons = reqid_kons: null

2022-11-25 09:44:53 - [TEST_STEP][PASSED] - response_searchME_spouse = reqid_spouse: null

2022-11-25 09:44:53 - [TEST_STEP][PASSED] - println("kons req id is :" + response_searchME_kons): null

2022-11-25 09:44:53 - [TEST_STEP][PASSED] - println("spouse req id is : " + response_searchME_spouse): null

2022-11-25 09:44:53 - [TEST_STEP][PASSED] - verifyResponseStatusCode(req_data, 200): Verify response status code successfully

2022-11-25 09:44:53 - [MESSAGE][PASSED] - Verify response status code successfully

2022-11-25 09:44:53 - [TEST_STEP][PASSED] - response = req_data.getResponseText(): null

2022-11-25 09:44:53 - [TEST_STEP][PASSED] - logInfo($response): {"status":"Done","data":{"requestid1":"255161","requestid2":"255162"}}

2022-11-25 09:44:53 - [MESSAGE][INFO] - {"status":"Done","data":{"requestid1":"255161","requestid2":"255162"}}

2022-11-25 09:44:53 - [TEST_STEP][PASSED] - delay(5): Delayed 5 second(s)

2022-11-25 09:44:58 - [MESSAGE][PASSED] - Delayed 5 second(s)

2022-11-25 09:44:58 - [TEST_STEP][PASSED] - scoring = sendRequest(findTestObject("EngineScore", ["response_searchME_kons":response_searchME_kons, "response_searchME_spouse":response_searchME_spouse])): Send request successfully

2022-11-25 09:44:58 - [MESSAGE][INFO] - HAR: D:\DMS\Engine Scoring\Reports\20221125_094400\Exclude KKB - DS - Married\Scoring Married - DS\20221125_094402\requests\main\11.har

2022-11-25 09:44:58 - [MESSAGE][PASSED] - Send request successfully

2022-11-25 09:44:58 - [TEST_STEP][PASSED] - verifyResponseStatusCode(scoring, 200): Verify response status code successfully

2022-11-25 09:44:58 - [MESSAGE][PASSED] - Verify response status code successfully

2022-11-25 09:44:58 - [TEST_STEP][PASSED] - response2 = scoring.getResponseText(): null

2022-11-25 09:44:58 - [TEST_STEP][PASSED] - markPassed("result service data ke : " + no): result service data ke : 6

2022-11-25 09:44:58 - [MESSAGE][PASSED] - result service data ke : 6

2022-11-25 09:44:58 - [TEST_STEP][PASSED] - logInfo($response2): {"result_konsumen":"Reguler","result_pasangan":"Reguler","Final_result":"Reguler","errorMessage":"","status":"Done"}

2022-11-25 09:44:58 - [MESSAGE][INFO] - {"result_konsumen":"Reguler","result_pasangan":"Reguler","Final_result":"Reguler","errorMessage":"","status":"Done"}

2022-11-25 09:44:58 - [TEST_STEP][PASSED] - verifyElementPropertyValue(scoring, "Final_result", final_result): Verify element property value successfully

2022-11-25 09:44:58 - [MESSAGE][PASSED] - Verify element property value successfully]]></system-out>
         <system-err><![CDATA[]]></system-err>
      </testcase>
      <testcase name="Test Cases/Engine_Scoring/Engine Scoring" time="6.813" classname="Test Cases/Engine_Scoring/Engine Scoring" status="PASSED">
         <system-out><![CDATA[2022-11-25 09:44:58 - [TEST_CASE][PASSED] - Test Cases/Engine_Scoring/Engine Scoring: Test Cases/Engine_Scoring/Engine Scoring

2022-11-25 09:44:59 - [TEST_STEP][PASSED] - markPassed("Variasi data ke : " + no): Variasi data ke : 7

2022-11-25 09:44:59 - [MESSAGE][PASSED] - Variasi data ke : 7

2022-11-25 09:44:59 - [TEST_STEP][PASSED] - req_data = sendRequest(findTestObject("Search_ME", ["MID":MID, "source":source, "ip":ip, "userid":userid, "branch":branch, "tipekons":tipekons, "marital":marital, "penjamin":penjamin, ... ])): Send request successfully

2022-11-25 09:45:00 - [MESSAGE][INFO] - HAR: D:\DMS\Engine Scoring\Reports\20221125_094400\Exclude KKB - DS - Married\Scoring Married - DS\20221125_094402\requests\main\12.har

2022-11-25 09:45:00 - [MESSAGE][PASSED] - Send request successfully

2022-11-25 09:45:00 - [TEST_STEP][PASSED] - slurper = new groovy.json.JsonSlurper(): null

2022-11-25 09:45:00 - [TEST_STEP][PASSED] - result = slurper.parseText(req_data.getResponseBodyContent()): null

2022-11-25 09:45:00 - [TEST_STEP][PASSED] - reqid_kons = requestid1: null

2022-11-25 09:45:00 - [TEST_STEP][PASSED] - reqid_spouse = requestid2: null

2022-11-25 09:45:00 - [TEST_STEP][PASSED] - println("requestid kons : " + reqid_kons): null

2022-11-25 09:45:00 - [TEST_STEP][PASSED] - response_searchME_kons = reqid_kons: null

2022-11-25 09:45:00 - [TEST_STEP][PASSED] - response_searchME_spouse = reqid_spouse: null

2022-11-25 09:45:00 - [TEST_STEP][PASSED] - println("kons req id is :" + response_searchME_kons): null

2022-11-25 09:45:00 - [TEST_STEP][PASSED] - println("spouse req id is : " + response_searchME_spouse): null

2022-11-25 09:45:00 - [TEST_STEP][PASSED] - verifyResponseStatusCode(req_data, 200): Verify response status code successfully

2022-11-25 09:45:00 - [MESSAGE][PASSED] - Verify response status code successfully

2022-11-25 09:45:00 - [TEST_STEP][PASSED] - response = req_data.getResponseText(): null

2022-11-25 09:45:00 - [TEST_STEP][PASSED] - logInfo($response): {"status":"Done","data":{"requestid1":"255164","requestid2":"255165"}}

2022-11-25 09:45:00 - [MESSAGE][INFO] - {"status":"Done","data":{"requestid1":"255164","requestid2":"255165"}}

2022-11-25 09:45:00 - [TEST_STEP][PASSED] - delay(5): Delayed 5 second(s)

2022-11-25 09:45:05 - [MESSAGE][PASSED] - Delayed 5 second(s)

2022-11-25 09:45:05 - [TEST_STEP][PASSED] - scoring = sendRequest(findTestObject("EngineScore", ["response_searchME_kons":response_searchME_kons, "response_searchME_spouse":response_searchME_spouse])): Send request successfully

2022-11-25 09:45:05 - [MESSAGE][INFO] - HAR: D:\DMS\Engine Scoring\Reports\20221125_094400\Exclude KKB - DS - Married\Scoring Married - DS\20221125_094402\requests\main\13.har

2022-11-25 09:45:05 - [MESSAGE][PASSED] - Send request successfully

2022-11-25 09:45:05 - [TEST_STEP][PASSED] - verifyResponseStatusCode(scoring, 200): Verify response status code successfully

2022-11-25 09:45:05 - [MESSAGE][PASSED] - Verify response status code successfully

2022-11-25 09:45:05 - [TEST_STEP][PASSED] - response2 = scoring.getResponseText(): null

2022-11-25 09:45:05 - [TEST_STEP][PASSED] - markPassed("result service data ke : " + no): result service data ke : 7

2022-11-25 09:45:05 - [MESSAGE][PASSED] - result service data ke : 7

2022-11-25 09:45:05 - [TEST_STEP][PASSED] - logInfo($response2): {"result_konsumen":"Reguler","result_pasangan":"Reguler","Final_result":"Reguler","errorMessage":"","status":"Done"}

2022-11-25 09:45:05 - [MESSAGE][INFO] - {"result_konsumen":"Reguler","result_pasangan":"Reguler","Final_result":"Reguler","errorMessage":"","status":"Done"}

2022-11-25 09:45:05 - [TEST_STEP][PASSED] - verifyElementPropertyValue(scoring, "Final_result", final_result): Verify element property value successfully

2022-11-25 09:45:05 - [MESSAGE][PASSED] - Verify element property value successfully]]></system-out>
         <system-err><![CDATA[]]></system-err>
      </testcase>
      <testcase name="Test Cases/Engine_Scoring/Engine Scoring" time="6.671" classname="Test Cases/Engine_Scoring/Engine Scoring" status="PASSED">
         <system-out><![CDATA[2022-11-25 09:45:05 - [TEST_CASE][PASSED] - Test Cases/Engine_Scoring/Engine Scoring: Test Cases/Engine_Scoring/Engine Scoring

2022-11-25 09:45:06 - [TEST_STEP][PASSED] - markPassed("Variasi data ke : " + no): Variasi data ke : 8

2022-11-25 09:45:06 - [MESSAGE][PASSED] - Variasi data ke : 8

2022-11-25 09:45:06 - [TEST_STEP][PASSED] - req_data = sendRequest(findTestObject("Search_ME", ["MID":MID, "source":source, "ip":ip, "userid":userid, "branch":branch, "tipekons":tipekons, "marital":marital, "penjamin":penjamin, ... ])): Send request successfully

2022-11-25 09:45:07 - [MESSAGE][INFO] - HAR: D:\DMS\Engine Scoring\Reports\20221125_094400\Exclude KKB - DS - Married\Scoring Married - DS\20221125_094402\requests\main\14.har

2022-11-25 09:45:07 - [MESSAGE][PASSED] - Send request successfully

2022-11-25 09:45:07 - [TEST_STEP][PASSED] - slurper = new groovy.json.JsonSlurper(): null

2022-11-25 09:45:07 - [TEST_STEP][PASSED] - result = slurper.parseText(req_data.getResponseBodyContent()): null

2022-11-25 09:45:07 - [TEST_STEP][PASSED] - reqid_kons = requestid1: null

2022-11-25 09:45:07 - [TEST_STEP][PASSED] - reqid_spouse = requestid2: null

2022-11-25 09:45:07 - [TEST_STEP][PASSED] - println("requestid kons : " + reqid_kons): null

2022-11-25 09:45:07 - [TEST_STEP][PASSED] - response_searchME_kons = reqid_kons: null

2022-11-25 09:45:07 - [TEST_STEP][PASSED] - response_searchME_spouse = reqid_spouse: null

2022-11-25 09:45:07 - [TEST_STEP][PASSED] - println("kons req id is :" + response_searchME_kons): null

2022-11-25 09:45:07 - [TEST_STEP][PASSED] - println("spouse req id is : " + response_searchME_spouse): null

2022-11-25 09:45:07 - [TEST_STEP][PASSED] - verifyResponseStatusCode(req_data, 200): Verify response status code successfully

2022-11-25 09:45:07 - [MESSAGE][PASSED] - Verify response status code successfully

2022-11-25 09:45:07 - [TEST_STEP][PASSED] - response = req_data.getResponseText(): null

2022-11-25 09:45:07 - [TEST_STEP][PASSED] - logInfo($response): {"status":"Done","data":{"requestid1":"255167","requestid2":"255168"}}

2022-11-25 09:45:07 - [MESSAGE][INFO] - {"status":"Done","data":{"requestid1":"255167","requestid2":"255168"}}

2022-11-25 09:45:07 - [TEST_STEP][PASSED] - delay(5): Delayed 5 second(s)

2022-11-25 09:45:12 - [MESSAGE][PASSED] - Delayed 5 second(s)

2022-11-25 09:45:12 - [TEST_STEP][PASSED] - scoring = sendRequest(findTestObject("EngineScore", ["response_searchME_kons":response_searchME_kons, "response_searchME_spouse":response_searchME_spouse])): Send request successfully

2022-11-25 09:45:12 - [MESSAGE][INFO] - HAR: D:\DMS\Engine Scoring\Reports\20221125_094400\Exclude KKB - DS - Married\Scoring Married - DS\20221125_094402\requests\main\15.har

2022-11-25 09:45:12 - [MESSAGE][PASSED] - Send request successfully

2022-11-25 09:45:12 - [TEST_STEP][PASSED] - verifyResponseStatusCode(scoring, 200): Verify response status code successfully

2022-11-25 09:45:12 - [MESSAGE][PASSED] - Verify response status code successfully

2022-11-25 09:45:12 - [TEST_STEP][PASSED] - response2 = scoring.getResponseText(): null

2022-11-25 09:45:12 - [TEST_STEP][PASSED] - markPassed("result service data ke : " + no): result service data ke : 8

2022-11-25 09:45:12 - [MESSAGE][PASSED] - result service data ke : 8

2022-11-25 09:45:12 - [TEST_STEP][PASSED] - logInfo($response2): {"result_konsumen":"Reguler","result_pasangan":"Reguler","Final_result":"Reguler","errorMessage":"","status":"Done"}

2022-11-25 09:45:12 - [MESSAGE][INFO] - {"result_konsumen":"Reguler","result_pasangan":"Reguler","Final_result":"Reguler","errorMessage":"","status":"Done"}

2022-11-25 09:45:12 - [TEST_STEP][PASSED] - verifyElementPropertyValue(scoring, "Final_result", final_result): Verify element property value successfully

2022-11-25 09:45:12 - [MESSAGE][PASSED] - Verify element property value successfully]]></system-out>
         <system-err><![CDATA[]]></system-err>
      </testcase>
      <testcase name="Test Cases/Engine_Scoring/Engine Scoring" time="7.544" classname="Test Cases/Engine_Scoring/Engine Scoring" status="PASSED">
         <system-out><![CDATA[2022-11-25 09:45:12 - [TEST_CASE][PASSED] - Test Cases/Engine_Scoring/Engine Scoring: Test Cases/Engine_Scoring/Engine Scoring

2022-11-25 09:45:13 - [TEST_STEP][PASSED] - markPassed("Variasi data ke : " + no): Variasi data ke : 9

2022-11-25 09:45:13 - [MESSAGE][PASSED] - Variasi data ke : 9

2022-11-25 09:45:13 - [TEST_STEP][PASSED] - req_data = sendRequest(findTestObject("Search_ME", ["MID":MID, "source":source, "ip":ip, "userid":userid, "branch":branch, "tipekons":tipekons, "marital":marital, "penjamin":penjamin, ... ])): Send request successfully

2022-11-25 09:45:14 - [MESSAGE][INFO] - HAR: D:\DMS\Engine Scoring\Reports\20221125_094400\Exclude KKB - DS - Married\Scoring Married - DS\20221125_094402\requests\main\16.har

2022-11-25 09:45:14 - [MESSAGE][PASSED] - Send request successfully

2022-11-25 09:45:14 - [TEST_STEP][PASSED] - slurper = new groovy.json.JsonSlurper(): null

2022-11-25 09:45:14 - [TEST_STEP][PASSED] - result = slurper.parseText(req_data.getResponseBodyContent()): null

2022-11-25 09:45:14 - [TEST_STEP][PASSED] - reqid_kons = requestid1: null

2022-11-25 09:45:14 - [TEST_STEP][PASSED] - reqid_spouse = requestid2: null

2022-11-25 09:45:14 - [TEST_STEP][PASSED] - println("requestid kons : " + reqid_kons): null

2022-11-25 09:45:14 - [TEST_STEP][PASSED] - response_searchME_kons = reqid_kons: null

2022-11-25 09:45:14 - [TEST_STEP][PASSED] - response_searchME_spouse = reqid_spouse: null

2022-11-25 09:45:14 - [TEST_STEP][PASSED] - println("kons req id is :" + response_searchME_kons): null

2022-11-25 09:45:14 - [TEST_STEP][PASSED] - println("spouse req id is : " + response_searchME_spouse): null

2022-11-25 09:45:14 - [TEST_STEP][PASSED] - verifyResponseStatusCode(req_data, 200): Verify response status code successfully

2022-11-25 09:45:14 - [MESSAGE][PASSED] - Verify response status code successfully

2022-11-25 09:45:14 - [TEST_STEP][PASSED] - response = req_data.getResponseText(): null

2022-11-25 09:45:14 - [TEST_STEP][PASSED] - logInfo($response): {"status":"Done","data":{"requestid1":"255170","requestid2":"255171"}}

2022-11-25 09:45:14 - [MESSAGE][INFO] - {"status":"Done","data":{"requestid1":"255170","requestid2":"255171"}}

2022-11-25 09:45:14 - [TEST_STEP][PASSED] - delay(5): Delayed 5 second(s)

2022-11-25 09:45:19 - [MESSAGE][PASSED] - Delayed 5 second(s)

2022-11-25 09:45:19 - [TEST_STEP][PASSED] - scoring = sendRequest(findTestObject("EngineScore", ["response_searchME_kons":response_searchME_kons, "response_searchME_spouse":response_searchME_spouse])): Send request successfully

2022-11-25 09:45:19 - [MESSAGE][INFO] - HAR: D:\DMS\Engine Scoring\Reports\20221125_094400\Exclude KKB - DS - Married\Scoring Married - DS\20221125_094402\requests\main\17.har

2022-11-25 09:45:19 - [MESSAGE][PASSED] - Send request successfully

2022-11-25 09:45:19 - [TEST_STEP][PASSED] - verifyResponseStatusCode(scoring, 200): Verify response status code successfully

2022-11-25 09:45:19 - [MESSAGE][PASSED] - Verify response status code successfully

2022-11-25 09:45:19 - [TEST_STEP][PASSED] - response2 = scoring.getResponseText(): null

2022-11-25 09:45:19 - [TEST_STEP][PASSED] - markPassed("result service data ke : " + no): result service data ke : 9

2022-11-25 09:45:19 - [MESSAGE][PASSED] - result service data ke : 9

2022-11-25 09:45:19 - [TEST_STEP][PASSED] - logInfo($response2): {"result_konsumen":"Reguler","result_pasangan":"Reguler","Final_result":"Reguler","errorMessage":"","status":"Done"}

2022-11-25 09:45:19 - [MESSAGE][INFO] - {"result_konsumen":"Reguler","result_pasangan":"Reguler","Final_result":"Reguler","errorMessage":"","status":"Done"}

2022-11-25 09:45:19 - [TEST_STEP][PASSED] - verifyElementPropertyValue(scoring, "Final_result", final_result): Verify element property value successfully

2022-11-25 09:45:20 - [MESSAGE][PASSED] - Verify element property value successfully]]></system-out>
         <system-err><![CDATA[]]></system-err>
      </testcase>
      <testcase name="Test Cases/Engine_Scoring/Engine Scoring" time="7.161" classname="Test Cases/Engine_Scoring/Engine Scoring" status="PASSED">
         <system-out><![CDATA[2022-11-25 09:45:20 - [TEST_CASE][PASSED] - Test Cases/Engine_Scoring/Engine Scoring: Test Cases/Engine_Scoring/Engine Scoring

2022-11-25 09:45:21 - [TEST_STEP][PASSED] - markPassed("Variasi data ke : " + no): Variasi data ke : 10

2022-11-25 09:45:21 - [MESSAGE][PASSED] - Variasi data ke : 10

2022-11-25 09:45:21 - [TEST_STEP][PASSED] - req_data = sendRequest(findTestObject("Search_ME", ["MID":MID, "source":source, "ip":ip, "userid":userid, "branch":branch, "tipekons":tipekons, "marital":marital, "penjamin":penjamin, ... ])): Send request successfully

2022-11-25 09:45:21 - [MESSAGE][INFO] - HAR: D:\DMS\Engine Scoring\Reports\20221125_094400\Exclude KKB - DS - Married\Scoring Married - DS\20221125_094402\requests\main\18.har

2022-11-25 09:45:21 - [MESSAGE][PASSED] - Send request successfully

2022-11-25 09:45:21 - [TEST_STEP][PASSED] - slurper = new groovy.json.JsonSlurper(): null

2022-11-25 09:45:21 - [TEST_STEP][PASSED] - result = slurper.parseText(req_data.getResponseBodyContent()): null

2022-11-25 09:45:21 - [TEST_STEP][PASSED] - reqid_kons = requestid1: null

2022-11-25 09:45:21 - [TEST_STEP][PASSED] - reqid_spouse = requestid2: null

2022-11-25 09:45:21 - [TEST_STEP][PASSED] - println("requestid kons : " + reqid_kons): null

2022-11-25 09:45:21 - [TEST_STEP][PASSED] - response_searchME_kons = reqid_kons: null

2022-11-25 09:45:21 - [TEST_STEP][PASSED] - response_searchME_spouse = reqid_spouse: null

2022-11-25 09:45:21 - [TEST_STEP][PASSED] - println("kons req id is :" + response_searchME_kons): null

2022-11-25 09:45:21 - [TEST_STEP][PASSED] - println("spouse req id is : " + response_searchME_spouse): null

2022-11-25 09:45:21 - [TEST_STEP][PASSED] - verifyResponseStatusCode(req_data, 200): Verify response status code successfully

2022-11-25 09:45:21 - [MESSAGE][PASSED] - Verify response status code successfully

2022-11-25 09:45:21 - [TEST_STEP][PASSED] - response = req_data.getResponseText(): null

2022-11-25 09:45:21 - [TEST_STEP][PASSED] - logInfo($response): {"status":"Done","data":{"requestid1":"255173","requestid2":"255174"}}

2022-11-25 09:45:21 - [MESSAGE][INFO] - {"status":"Done","data":{"requestid1":"255173","requestid2":"255174"}}

2022-11-25 09:45:21 - [TEST_STEP][PASSED] - delay(5): Delayed 5 second(s)

2022-11-25 09:45:26 - [MESSAGE][PASSED] - Delayed 5 second(s)

2022-11-25 09:45:26 - [TEST_STEP][PASSED] - scoring = sendRequest(findTestObject("EngineScore", ["response_searchME_kons":response_searchME_kons, "response_searchME_spouse":response_searchME_spouse])): Send request successfully

2022-11-25 09:45:27 - [MESSAGE][INFO] - HAR: D:\DMS\Engine Scoring\Reports\20221125_094400\Exclude KKB - DS - Married\Scoring Married - DS\20221125_094402\requests\main\19.har

2022-11-25 09:45:27 - [MESSAGE][PASSED] - Send request successfully

2022-11-25 09:45:27 - [TEST_STEP][PASSED] - verifyResponseStatusCode(scoring, 200): Verify response status code successfully

2022-11-25 09:45:27 - [MESSAGE][PASSED] - Verify response status code successfully

2022-11-25 09:45:27 - [TEST_STEP][PASSED] - response2 = scoring.getResponseText(): null

2022-11-25 09:45:27 - [TEST_STEP][PASSED] - markPassed("result service data ke : " + no): result service data ke : 10

2022-11-25 09:45:27 - [MESSAGE][PASSED] - result service data ke : 10

2022-11-25 09:45:27 - [TEST_STEP][PASSED] - logInfo($response2): {"result_konsumen":"Reguler","result_pasangan":"Approve","Final_result":"Reguler","errorMessage":"","status":"Done"}

2022-11-25 09:45:27 - [MESSAGE][INFO] - {"result_konsumen":"Reguler","result_pasangan":"Approve","Final_result":"Reguler","errorMessage":"","status":"Done"}

2022-11-25 09:45:27 - [TEST_STEP][PASSED] - verifyElementPropertyValue(scoring, "Final_result", final_result): Verify element property value successfully

2022-11-25 09:45:27 - [MESSAGE][PASSED] - Verify element property value successfully]]></system-out>
         <system-err><![CDATA[]]></system-err>
      </testcase>
      <testcase name="Test Cases/Engine_Scoring/Engine Scoring" time="7.764" classname="Test Cases/Engine_Scoring/Engine Scoring" status="PASSED">
         <system-out><![CDATA[2022-11-25 09:45:27 - [TEST_CASE][PASSED] - Test Cases/Engine_Scoring/Engine Scoring: Test Cases/Engine_Scoring/Engine Scoring

2022-11-25 09:45:28 - [TEST_STEP][PASSED] - markPassed("Variasi data ke : " + no): Variasi data ke : 11

2022-11-25 09:45:28 - [MESSAGE][PASSED] - Variasi data ke : 11

2022-11-25 09:45:28 - [TEST_STEP][PASSED] - req_data = sendRequest(findTestObject("Search_ME", ["MID":MID, "source":source, "ip":ip, "userid":userid, "branch":branch, "tipekons":tipekons, "marital":marital, "penjamin":penjamin, ... ])): Send request successfully

2022-11-25 09:45:29 - [MESSAGE][INFO] - HAR: D:\DMS\Engine Scoring\Reports\20221125_094400\Exclude KKB - DS - Married\Scoring Married - DS\20221125_094402\requests\main\20.har

2022-11-25 09:45:29 - [MESSAGE][PASSED] - Send request successfully

2022-11-25 09:45:29 - [TEST_STEP][PASSED] - slurper = new groovy.json.JsonSlurper(): null

2022-11-25 09:45:29 - [TEST_STEP][PASSED] - result = slurper.parseText(req_data.getResponseBodyContent()): null

2022-11-25 09:45:29 - [TEST_STEP][PASSED] - reqid_kons = requestid1: null

2022-11-25 09:45:29 - [TEST_STEP][PASSED] - reqid_spouse = requestid2: null

2022-11-25 09:45:29 - [TEST_STEP][PASSED] - println("requestid kons : " + reqid_kons): null

2022-11-25 09:45:29 - [TEST_STEP][PASSED] - response_searchME_kons = reqid_kons: null

2022-11-25 09:45:29 - [TEST_STEP][PASSED] - response_searchME_spouse = reqid_spouse: null

2022-11-25 09:45:29 - [TEST_STEP][PASSED] - println("kons req id is :" + response_searchME_kons): null

2022-11-25 09:45:29 - [TEST_STEP][PASSED] - println("spouse req id is : " + response_searchME_spouse): null

2022-11-25 09:45:29 - [TEST_STEP][PASSED] - verifyResponseStatusCode(req_data, 200): Verify response status code successfully

2022-11-25 09:45:29 - [MESSAGE][PASSED] - Verify response status code successfully

2022-11-25 09:45:29 - [TEST_STEP][PASSED] - response = req_data.getResponseText(): null

2022-11-25 09:45:29 - [TEST_STEP][PASSED] - logInfo($response): {"status":"Done","data":{"requestid1":"255176","requestid2":"255177"}}

2022-11-25 09:45:29 - [MESSAGE][INFO] - {"status":"Done","data":{"requestid1":"255176","requestid2":"255177"}}

2022-11-25 09:45:29 - [TEST_STEP][PASSED] - delay(5): Delayed 5 second(s)

2022-11-25 09:45:34 - [MESSAGE][PASSED] - Delayed 5 second(s)

2022-11-25 09:45:34 - [TEST_STEP][PASSED] - scoring = sendRequest(findTestObject("EngineScore", ["response_searchME_kons":response_searchME_kons, "response_searchME_spouse":response_searchME_spouse])): Send request successfully

2022-11-25 09:45:35 - [MESSAGE][INFO] - HAR: D:\DMS\Engine Scoring\Reports\20221125_094400\Exclude KKB - DS - Married\Scoring Married - DS\20221125_094402\requests\main\21.har

2022-11-25 09:45:35 - [MESSAGE][PASSED] - Send request successfully

2022-11-25 09:45:35 - [TEST_STEP][PASSED] - verifyResponseStatusCode(scoring, 200): Verify response status code successfully

2022-11-25 09:45:35 - [MESSAGE][PASSED] - Verify response status code successfully

2022-11-25 09:45:35 - [TEST_STEP][PASSED] - response2 = scoring.getResponseText(): null

2022-11-25 09:45:35 - [TEST_STEP][PASSED] - markPassed("result service data ke : " + no): result service data ke : 11

2022-11-25 09:45:35 - [MESSAGE][PASSED] - result service data ke : 11

2022-11-25 09:45:35 - [TEST_STEP][PASSED] - logInfo($response2): {"result_konsumen":"Reguler","result_pasangan":"Approve","Final_result":"Reguler","errorMessage":"","status":"Done"}

2022-11-25 09:45:35 - [MESSAGE][INFO] - {"result_konsumen":"Reguler","result_pasangan":"Approve","Final_result":"Reguler","errorMessage":"","status":"Done"}

2022-11-25 09:45:35 - [TEST_STEP][PASSED] - verifyElementPropertyValue(scoring, "Final_result", final_result): Verify element property value successfully

2022-11-25 09:45:35 - [MESSAGE][PASSED] - Verify element property value successfully]]></system-out>
         <system-err><![CDATA[]]></system-err>
      </testcase>
      <testcase name="Test Cases/Engine_Scoring/Engine Scoring" time="6.831" classname="Test Cases/Engine_Scoring/Engine Scoring" status="PASSED">
         <system-out><![CDATA[2022-11-25 09:45:36 - [TEST_CASE][PASSED] - Test Cases/Engine_Scoring/Engine Scoring: Test Cases/Engine_Scoring/Engine Scoring

2022-11-25 09:45:37 - [TEST_STEP][PASSED] - markPassed("Variasi data ke : " + no): Variasi data ke : 12

2022-11-25 09:45:37 - [MESSAGE][PASSED] - Variasi data ke : 12

2022-11-25 09:45:37 - [TEST_STEP][PASSED] - req_data = sendRequest(findTestObject("Search_ME", ["MID":MID, "source":source, "ip":ip, "userid":userid, "branch":branch, "tipekons":tipekons, "marital":marital, "penjamin":penjamin, ... ])): Send request successfully

2022-11-25 09:45:38 - [MESSAGE][INFO] - HAR: D:\DMS\Engine Scoring\Reports\20221125_094400\Exclude KKB - DS - Married\Scoring Married - DS\20221125_094402\requests\main\22.har

2022-11-25 09:45:38 - [MESSAGE][PASSED] - Send request successfully

2022-11-25 09:45:38 - [TEST_STEP][PASSED] - slurper = new groovy.json.JsonSlurper(): null

2022-11-25 09:45:38 - [TEST_STEP][PASSED] - result = slurper.parseText(req_data.getResponseBodyContent()): null

2022-11-25 09:45:38 - [TEST_STEP][PASSED] - reqid_kons = requestid1: null

2022-11-25 09:45:38 - [TEST_STEP][PASSED] - reqid_spouse = requestid2: null

2022-11-25 09:45:38 - [TEST_STEP][PASSED] - println("requestid kons : " + reqid_kons): null

2022-11-25 09:45:38 - [TEST_STEP][PASSED] - response_searchME_kons = reqid_kons: null

2022-11-25 09:45:38 - [TEST_STEP][PASSED] - response_searchME_spouse = reqid_spouse: null

2022-11-25 09:45:38 - [TEST_STEP][PASSED] - println("kons req id is :" + response_searchME_kons): null

2022-11-25 09:45:38 - [TEST_STEP][PASSED] - println("spouse req id is : " + response_searchME_spouse): null

2022-11-25 09:45:38 - [TEST_STEP][PASSED] - verifyResponseStatusCode(req_data, 200): Verify response status code successfully

2022-11-25 09:45:38 - [MESSAGE][PASSED] - Verify response status code successfully

2022-11-25 09:45:38 - [TEST_STEP][PASSED] - response = req_data.getResponseText(): null

2022-11-25 09:45:38 - [TEST_STEP][PASSED] - logInfo($response): {"status":"Done","data":{"requestid1":"255179","requestid2":"255180"}}

2022-11-25 09:45:38 - [MESSAGE][INFO] - {"status":"Done","data":{"requestid1":"255179","requestid2":"255180"}}

2022-11-25 09:45:38 - [TEST_STEP][PASSED] - delay(5): Delayed 5 second(s)

2022-11-25 09:45:43 - [MESSAGE][PASSED] - Delayed 5 second(s)

2022-11-25 09:45:43 - [TEST_STEP][PASSED] - scoring = sendRequest(findTestObject("EngineScore", ["response_searchME_kons":response_searchME_kons, "response_searchME_spouse":response_searchME_spouse])): Send request successfully

2022-11-25 09:45:43 - [MESSAGE][INFO] - HAR: D:\DMS\Engine Scoring\Reports\20221125_094400\Exclude KKB - DS - Married\Scoring Married - DS\20221125_094402\requests\main\23.har

2022-11-25 09:45:43 - [MESSAGE][PASSED] - Send request successfully

2022-11-25 09:45:43 - [TEST_STEP][PASSED] - verifyResponseStatusCode(scoring, 200): Verify response status code successfully

2022-11-25 09:45:43 - [MESSAGE][PASSED] - Verify response status code successfully

2022-11-25 09:45:43 - [TEST_STEP][PASSED] - response2 = scoring.getResponseText(): null

2022-11-25 09:45:43 - [TEST_STEP][PASSED] - markPassed("result service data ke : " + no): result service data ke : 12

2022-11-25 09:45:43 - [MESSAGE][PASSED] - result service data ke : 12

2022-11-25 09:45:43 - [TEST_STEP][PASSED] - logInfo($response2): {"result_konsumen":"Reguler","result_pasangan":"Approve","Final_result":"Reguler","errorMessage":"","status":"Done"}

2022-11-25 09:45:43 - [MESSAGE][INFO] - {"result_konsumen":"Reguler","result_pasangan":"Approve","Final_result":"Reguler","errorMessage":"","status":"Done"}

2022-11-25 09:45:43 - [TEST_STEP][PASSED] - verifyElementPropertyValue(scoring, "Final_result", final_result): Verify element property value successfully

2022-11-25 09:45:43 - [MESSAGE][PASSED] - Verify element property value successfully]]></system-out>
         <system-err><![CDATA[]]></system-err>
      </testcase>
      <testcase name="Test Cases/Engine_Scoring/Engine Scoring" time="6.834" classname="Test Cases/Engine_Scoring/Engine Scoring" status="PASSED">
         <system-out><![CDATA[2022-11-25 09:45:43 - [TEST_CASE][PASSED] - Test Cases/Engine_Scoring/Engine Scoring: Test Cases/Engine_Scoring/Engine Scoring

2022-11-25 09:45:44 - [TEST_STEP][PASSED] - markPassed("Variasi data ke : " + no): Variasi data ke : 13

2022-11-25 09:45:44 - [MESSAGE][PASSED] - Variasi data ke : 13

2022-11-25 09:45:44 - [TEST_STEP][PASSED] - req_data = sendRequest(findTestObject("Search_ME", ["MID":MID, "source":source, "ip":ip, "userid":userid, "branch":branch, "tipekons":tipekons, "marital":marital, "penjamin":penjamin, ... ])): Send request successfully

2022-11-25 09:45:45 - [MESSAGE][INFO] - HAR: D:\DMS\Engine Scoring\Reports\20221125_094400\Exclude KKB - DS - Married\Scoring Married - DS\20221125_094402\requests\main\24.har

2022-11-25 09:45:45 - [MESSAGE][PASSED] - Send request successfully

2022-11-25 09:45:45 - [TEST_STEP][PASSED] - slurper = new groovy.json.JsonSlurper(): null

2022-11-25 09:45:45 - [TEST_STEP][PASSED] - result = slurper.parseText(req_data.getResponseBodyContent()): null

2022-11-25 09:45:45 - [TEST_STEP][PASSED] - reqid_kons = requestid1: null

2022-11-25 09:45:45 - [TEST_STEP][PASSED] - reqid_spouse = requestid2: null

2022-11-25 09:45:45 - [TEST_STEP][PASSED] - println("requestid kons : " + reqid_kons): null

2022-11-25 09:45:45 - [TEST_STEP][PASSED] - response_searchME_kons = reqid_kons: null

2022-11-25 09:45:45 - [TEST_STEP][PASSED] - response_searchME_spouse = reqid_spouse: null

2022-11-25 09:45:45 - [TEST_STEP][PASSED] - println("kons req id is :" + response_searchME_kons): null

2022-11-25 09:45:45 - [TEST_STEP][PASSED] - println("spouse req id is : " + response_searchME_spouse): null

2022-11-25 09:45:45 - [TEST_STEP][PASSED] - verifyResponseStatusCode(req_data, 200): Verify response status code successfully

2022-11-25 09:45:45 - [MESSAGE][PASSED] - Verify response status code successfully

2022-11-25 09:45:45 - [TEST_STEP][PASSED] - response = req_data.getResponseText(): null

2022-11-25 09:45:45 - [TEST_STEP][PASSED] - logInfo($response): {"status":"Done","data":{"requestid1":"255181","requestid2":"255182"}}

2022-11-25 09:45:45 - [MESSAGE][INFO] - {"status":"Done","data":{"requestid1":"255181","requestid2":"255182"}}

2022-11-25 09:45:45 - [TEST_STEP][PASSED] - delay(5): Delayed 5 second(s)

2022-11-25 09:45:50 - [MESSAGE][PASSED] - Delayed 5 second(s)

2022-11-25 09:45:50 - [TEST_STEP][PASSED] - scoring = sendRequest(findTestObject("EngineScore", ["response_searchME_kons":response_searchME_kons, "response_searchME_spouse":response_searchME_spouse])): Send request successfully

2022-11-25 09:45:50 - [MESSAGE][INFO] - HAR: D:\DMS\Engine Scoring\Reports\20221125_094400\Exclude KKB - DS - Married\Scoring Married - DS\20221125_094402\requests\main\25.har

2022-11-25 09:45:50 - [MESSAGE][PASSED] - Send request successfully

2022-11-25 09:45:50 - [TEST_STEP][PASSED] - verifyResponseStatusCode(scoring, 200): Verify response status code successfully

2022-11-25 09:45:50 - [MESSAGE][PASSED] - Verify response status code successfully

2022-11-25 09:45:50 - [TEST_STEP][PASSED] - response2 = scoring.getResponseText(): null

2022-11-25 09:45:50 - [TEST_STEP][PASSED] - markPassed("result service data ke : " + no): result service data ke : 13

2022-11-25 09:45:50 - [MESSAGE][PASSED] - result service data ke : 13

2022-11-25 09:45:50 - [TEST_STEP][PASSED] - logInfo($response2): {"result_konsumen":"Reguler","result_pasangan":"Approve","Final_result":"Reguler","errorMessage":"","status":"Done"}

2022-11-25 09:45:50 - [MESSAGE][INFO] - {"result_konsumen":"Reguler","result_pasangan":"Approve","Final_result":"Reguler","errorMessage":"","status":"Done"}

2022-11-25 09:45:50 - [TEST_STEP][PASSED] - verifyElementPropertyValue(scoring, "Final_result", final_result): Verify element property value successfully

2022-11-25 09:45:50 - [MESSAGE][PASSED] - Verify element property value successfully]]></system-out>
         <system-err><![CDATA[]]></system-err>
      </testcase>
      <testcase name="Test Cases/Engine_Scoring/Engine Scoring" time="8.011" classname="Test Cases/Engine_Scoring/Engine Scoring" status="PASSED">
         <system-out><![CDATA[2022-11-25 09:45:50 - [TEST_CASE][PASSED] - Test Cases/Engine_Scoring/Engine Scoring: Test Cases/Engine_Scoring/Engine Scoring

2022-11-25 09:45:51 - [TEST_STEP][PASSED] - markPassed("Variasi data ke : " + no): Variasi data ke : 14

2022-11-25 09:45:51 - [MESSAGE][PASSED] - Variasi data ke : 14

2022-11-25 09:45:51 - [TEST_STEP][PASSED] - req_data = sendRequest(findTestObject("Search_ME", ["MID":MID, "source":source, "ip":ip, "userid":userid, "branch":branch, "tipekons":tipekons, "marital":marital, "penjamin":penjamin, ... ])): Send request successfully

2022-11-25 09:45:53 - [MESSAGE][INFO] - HAR: D:\DMS\Engine Scoring\Reports\20221125_094400\Exclude KKB - DS - Married\Scoring Married - DS\20221125_094402\requests\main\26.har

2022-11-25 09:45:53 - [MESSAGE][PASSED] - Send request successfully

2022-11-25 09:45:53 - [TEST_STEP][PASSED] - slurper = new groovy.json.JsonSlurper(): null

2022-11-25 09:45:53 - [TEST_STEP][PASSED] - result = slurper.parseText(req_data.getResponseBodyContent()): null

2022-11-25 09:45:53 - [TEST_STEP][PASSED] - reqid_kons = requestid1: null

2022-11-25 09:45:53 - [TEST_STEP][PASSED] - reqid_spouse = requestid2: null

2022-11-25 09:45:53 - [TEST_STEP][PASSED] - println("requestid kons : " + reqid_kons): null

2022-11-25 09:45:53 - [TEST_STEP][PASSED] - response_searchME_kons = reqid_kons: null

2022-11-25 09:45:53 - [TEST_STEP][PASSED] - response_searchME_spouse = reqid_spouse: null

2022-11-25 09:45:53 - [TEST_STEP][PASSED] - println("kons req id is :" + response_searchME_kons): null

2022-11-25 09:45:53 - [TEST_STEP][PASSED] - println("spouse req id is : " + response_searchME_spouse): null

2022-11-25 09:45:53 - [TEST_STEP][PASSED] - verifyResponseStatusCode(req_data, 200): Verify response status code successfully

2022-11-25 09:45:53 - [MESSAGE][PASSED] - Verify response status code successfully

2022-11-25 09:45:53 - [TEST_STEP][PASSED] - response = req_data.getResponseText(): null

2022-11-25 09:45:53 - [TEST_STEP][PASSED] - logInfo($response): {"status":"Done","data":{"requestid1":"255184","requestid2":"255185"}}

2022-11-25 09:45:53 - [MESSAGE][INFO] - {"status":"Done","data":{"requestid1":"255184","requestid2":"255185"}}

2022-11-25 09:45:53 - [TEST_STEP][PASSED] - delay(5): Delayed 5 second(s)

2022-11-25 09:45:58 - [MESSAGE][PASSED] - Delayed 5 second(s)

2022-11-25 09:45:58 - [TEST_STEP][PASSED] - scoring = sendRequest(findTestObject("EngineScore", ["response_searchME_kons":response_searchME_kons, "response_searchME_spouse":response_searchME_spouse])): Send request successfully

2022-11-25 09:45:58 - [MESSAGE][INFO] - HAR: D:\DMS\Engine Scoring\Reports\20221125_094400\Exclude KKB - DS - Married\Scoring Married - DS\20221125_094402\requests\main\27.har

2022-11-25 09:45:58 - [MESSAGE][PASSED] - Send request successfully

2022-11-25 09:45:58 - [TEST_STEP][PASSED] - verifyResponseStatusCode(scoring, 200): Verify response status code successfully

2022-11-25 09:45:58 - [MESSAGE][PASSED] - Verify response status code successfully

2022-11-25 09:45:58 - [TEST_STEP][PASSED] - response2 = scoring.getResponseText(): null

2022-11-25 09:45:58 - [TEST_STEP][PASSED] - markPassed("result service data ke : " + no): result service data ke : 14

2022-11-25 09:45:58 - [MESSAGE][PASSED] - result service data ke : 14

2022-11-25 09:45:58 - [TEST_STEP][PASSED] - logInfo($response2): {"result_konsumen":"Reguler","result_pasangan":"Reject","Final_result":"Reject","errorMessage":"","status":"Done"}

2022-11-25 09:45:58 - [MESSAGE][INFO] - {"result_konsumen":"Reguler","result_pasangan":"Reject","Final_result":"Reject","errorMessage":"","status":"Done"}

2022-11-25 09:45:58 - [TEST_STEP][PASSED] - verifyElementPropertyValue(scoring, "Final_result", final_result): Verify element property value successfully

2022-11-25 09:45:58 - [MESSAGE][PASSED] - Verify element property value successfully]]></system-out>
         <system-err><![CDATA[]]></system-err>
      </testcase>
      <testcase name="Test Cases/Engine_Scoring/Engine Scoring" time="7.715" classname="Test Cases/Engine_Scoring/Engine Scoring" status="PASSED">
         <system-out><![CDATA[2022-11-25 09:45:58 - [TEST_CASE][PASSED] - Test Cases/Engine_Scoring/Engine Scoring: Test Cases/Engine_Scoring/Engine Scoring

2022-11-25 09:45:59 - [TEST_STEP][PASSED] - markPassed("Variasi data ke : " + no): Variasi data ke : 15

2022-11-25 09:45:59 - [MESSAGE][PASSED] - Variasi data ke : 15

2022-11-25 09:45:59 - [TEST_STEP][PASSED] - req_data = sendRequest(findTestObject("Search_ME", ["MID":MID, "source":source, "ip":ip, "userid":userid, "branch":branch, "tipekons":tipekons, "marital":marital, "penjamin":penjamin, ... ])): Send request successfully

2022-11-25 09:46:01 - [MESSAGE][INFO] - HAR: D:\DMS\Engine Scoring\Reports\20221125_094400\Exclude KKB - DS - Married\Scoring Married - DS\20221125_094402\requests\main\28.har

2022-11-25 09:46:01 - [MESSAGE][PASSED] - Send request successfully

2022-11-25 09:46:01 - [TEST_STEP][PASSED] - slurper = new groovy.json.JsonSlurper(): null

2022-11-25 09:46:01 - [TEST_STEP][PASSED] - result = slurper.parseText(req_data.getResponseBodyContent()): null

2022-11-25 09:46:01 - [TEST_STEP][PASSED] - reqid_kons = requestid1: null

2022-11-25 09:46:01 - [TEST_STEP][PASSED] - reqid_spouse = requestid2: null

2022-11-25 09:46:01 - [TEST_STEP][PASSED] - println("requestid kons : " + reqid_kons): null

2022-11-25 09:46:01 - [TEST_STEP][PASSED] - response_searchME_kons = reqid_kons: null

2022-11-25 09:46:01 - [TEST_STEP][PASSED] - response_searchME_spouse = reqid_spouse: null

2022-11-25 09:46:01 - [TEST_STEP][PASSED] - println("kons req id is :" + response_searchME_kons): null

2022-11-25 09:46:01 - [TEST_STEP][PASSED] - println("spouse req id is : " + response_searchME_spouse): null

2022-11-25 09:46:01 - [TEST_STEP][PASSED] - verifyResponseStatusCode(req_data, 200): Verify response status code successfully

2022-11-25 09:46:01 - [MESSAGE][PASSED] - Verify response status code successfully

2022-11-25 09:46:01 - [TEST_STEP][PASSED] - response = req_data.getResponseText(): null

2022-11-25 09:46:01 - [TEST_STEP][PASSED] - logInfo($response): {"status":"Done","data":{"requestid1":"255187","requestid2":"255188"}}

2022-11-25 09:46:01 - [MESSAGE][INFO] - {"status":"Done","data":{"requestid1":"255187","requestid2":"255188"}}

2022-11-25 09:46:01 - [TEST_STEP][PASSED] - delay(5): Delayed 5 second(s)

2022-11-25 09:46:06 - [MESSAGE][PASSED] - Delayed 5 second(s)

2022-11-25 09:46:06 - [TEST_STEP][PASSED] - scoring = sendRequest(findTestObject("EngineScore", ["response_searchME_kons":response_searchME_kons, "response_searchME_spouse":response_searchME_spouse])): Send request successfully

2022-11-25 09:46:06 - [MESSAGE][INFO] - HAR: D:\DMS\Engine Scoring\Reports\20221125_094400\Exclude KKB - DS - Married\Scoring Married - DS\20221125_094402\requests\main\29.har

2022-11-25 09:46:06 - [MESSAGE][PASSED] - Send request successfully

2022-11-25 09:46:06 - [TEST_STEP][PASSED] - verifyResponseStatusCode(scoring, 200): Verify response status code successfully

2022-11-25 09:46:06 - [MESSAGE][PASSED] - Verify response status code successfully

2022-11-25 09:46:06 - [TEST_STEP][PASSED] - response2 = scoring.getResponseText(): null

2022-11-25 09:46:06 - [TEST_STEP][PASSED] - markPassed("result service data ke : " + no): result service data ke : 15

2022-11-25 09:46:06 - [MESSAGE][PASSED] - result service data ke : 15

2022-11-25 09:46:06 - [TEST_STEP][PASSED] - logInfo($response2): {"result_konsumen":"Reguler","result_pasangan":"Reject","Final_result":"Reject","errorMessage":"","status":"Done"}

2022-11-25 09:46:06 - [MESSAGE][INFO] - {"result_konsumen":"Reguler","result_pasangan":"Reject","Final_result":"Reject","errorMessage":"","status":"Done"}

2022-11-25 09:46:06 - [TEST_STEP][PASSED] - verifyElementPropertyValue(scoring, "Final_result", final_result): Verify element property value successfully

2022-11-25 09:46:06 - [MESSAGE][PASSED] - Verify element property value successfully]]></system-out>
         <system-err><![CDATA[]]></system-err>
      </testcase>
      <testcase name="Test Cases/Engine_Scoring/Engine Scoring" time="6.709" classname="Test Cases/Engine_Scoring/Engine Scoring" status="PASSED">
         <system-out><![CDATA[2022-11-25 09:46:06 - [TEST_CASE][PASSED] - Test Cases/Engine_Scoring/Engine Scoring: Test Cases/Engine_Scoring/Engine Scoring

2022-11-25 09:46:07 - [TEST_STEP][PASSED] - markPassed("Variasi data ke : " + no): Variasi data ke : 16

2022-11-25 09:46:07 - [MESSAGE][PASSED] - Variasi data ke : 16

2022-11-25 09:46:07 - [TEST_STEP][PASSED] - req_data = sendRequest(findTestObject("Search_ME", ["MID":MID, "source":source, "ip":ip, "userid":userid, "branch":branch, "tipekons":tipekons, "marital":marital, "penjamin":penjamin, ... ])): Send request successfully

2022-11-25 09:46:08 - [MESSAGE][INFO] - HAR: D:\DMS\Engine Scoring\Reports\20221125_094400\Exclude KKB - DS - Married\Scoring Married - DS\20221125_094402\requests\main\30.har

2022-11-25 09:46:08 - [MESSAGE][PASSED] - Send request successfully

2022-11-25 09:46:08 - [TEST_STEP][PASSED] - slurper = new groovy.json.JsonSlurper(): null

2022-11-25 09:46:08 - [TEST_STEP][PASSED] - result = slurper.parseText(req_data.getResponseBodyContent()): null

2022-11-25 09:46:08 - [TEST_STEP][PASSED] - reqid_kons = requestid1: null

2022-11-25 09:46:08 - [TEST_STEP][PASSED] - reqid_spouse = requestid2: null

2022-11-25 09:46:08 - [TEST_STEP][PASSED] - println("requestid kons : " + reqid_kons): null

2022-11-25 09:46:08 - [TEST_STEP][PASSED] - response_searchME_kons = reqid_kons: null

2022-11-25 09:46:08 - [TEST_STEP][PASSED] - response_searchME_spouse = reqid_spouse: null

2022-11-25 09:46:08 - [TEST_STEP][PASSED] - println("kons req id is :" + response_searchME_kons): null

2022-11-25 09:46:08 - [TEST_STEP][PASSED] - println("spouse req id is : " + response_searchME_spouse): null

2022-11-25 09:46:08 - [TEST_STEP][PASSED] - verifyResponseStatusCode(req_data, 200): Verify response status code successfully

2022-11-25 09:46:08 - [MESSAGE][PASSED] - Verify response status code successfully

2022-11-25 09:46:08 - [TEST_STEP][PASSED] - response = req_data.getResponseText(): null

2022-11-25 09:46:08 - [TEST_STEP][PASSED] - logInfo($response): {"status":"Done","data":{"requestid1":"255190","requestid2":"255191"}}

2022-11-25 09:46:08 - [MESSAGE][INFO] - {"status":"Done","data":{"requestid1":"255190","requestid2":"255191"}}

2022-11-25 09:46:08 - [TEST_STEP][PASSED] - delay(5): Delayed 5 second(s)

2022-11-25 09:46:13 - [MESSAGE][PASSED] - Delayed 5 second(s)

2022-11-25 09:46:13 - [TEST_STEP][PASSED] - scoring = sendRequest(findTestObject("EngineScore", ["response_searchME_kons":response_searchME_kons, "response_searchME_spouse":response_searchME_spouse])): Send request successfully

2022-11-25 09:46:13 - [MESSAGE][INFO] - HAR: D:\DMS\Engine Scoring\Reports\20221125_094400\Exclude KKB - DS - Married\Scoring Married - DS\20221125_094402\requests\main\31.har

2022-11-25 09:46:13 - [MESSAGE][PASSED] - Send request successfully

2022-11-25 09:46:13 - [TEST_STEP][PASSED] - verifyResponseStatusCode(scoring, 200): Verify response status code successfully

2022-11-25 09:46:13 - [MESSAGE][PASSED] - Verify response status code successfully

2022-11-25 09:46:13 - [TEST_STEP][PASSED] - response2 = scoring.getResponseText(): null

2022-11-25 09:46:13 - [TEST_STEP][PASSED] - markPassed("result service data ke : " + no): result service data ke : 16

2022-11-25 09:46:13 - [MESSAGE][PASSED] - result service data ke : 16

2022-11-25 09:46:13 - [TEST_STEP][PASSED] - logInfo($response2): {"result_konsumen":"Reguler","result_pasangan":"Reguler","Final_result":"Reguler","errorMessage":"","status":"Done"}

2022-11-25 09:46:13 - [MESSAGE][INFO] - {"result_konsumen":"Reguler","result_pasangan":"Reguler","Final_result":"Reguler","errorMessage":"","status":"Done"}

2022-11-25 09:46:13 - [TEST_STEP][PASSED] - verifyElementPropertyValue(scoring, "Final_result", final_result): Verify element property value successfully

2022-11-25 09:46:13 - [MESSAGE][PASSED] - Verify element property value successfully]]></system-out>
         <system-err><![CDATA[]]></system-err>
      </testcase>
      <testcase name="Test Cases/Engine_Scoring/Engine Scoring" time="6.847" classname="Test Cases/Engine_Scoring/Engine Scoring" status="PASSED">
         <system-out><![CDATA[2022-11-25 09:46:13 - [TEST_CASE][PASSED] - Test Cases/Engine_Scoring/Engine Scoring: Test Cases/Engine_Scoring/Engine Scoring

2022-11-25 09:46:13 - [TEST_STEP][PASSED] - markPassed("Variasi data ke : " + no): Variasi data ke : 17

2022-11-25 09:46:13 - [MESSAGE][PASSED] - Variasi data ke : 17

2022-11-25 09:46:13 - [TEST_STEP][PASSED] - req_data = sendRequest(findTestObject("Search_ME", ["MID":MID, "source":source, "ip":ip, "userid":userid, "branch":branch, "tipekons":tipekons, "marital":marital, "penjamin":penjamin, ... ])): Send request successfully

2022-11-25 09:46:14 - [MESSAGE][INFO] - HAR: D:\DMS\Engine Scoring\Reports\20221125_094400\Exclude KKB - DS - Married\Scoring Married - DS\20221125_094402\requests\main\32.har

2022-11-25 09:46:14 - [MESSAGE][PASSED] - Send request successfully

2022-11-25 09:46:14 - [TEST_STEP][PASSED] - slurper = new groovy.json.JsonSlurper(): null

2022-11-25 09:46:14 - [TEST_STEP][PASSED] - result = slurper.parseText(req_data.getResponseBodyContent()): null

2022-11-25 09:46:14 - [TEST_STEP][PASSED] - reqid_kons = requestid1: null

2022-11-25 09:46:14 - [TEST_STEP][PASSED] - reqid_spouse = requestid2: null

2022-11-25 09:46:14 - [TEST_STEP][PASSED] - println("requestid kons : " + reqid_kons): null

2022-11-25 09:46:14 - [TEST_STEP][PASSED] - response_searchME_kons = reqid_kons: null

2022-11-25 09:46:14 - [TEST_STEP][PASSED] - response_searchME_spouse = reqid_spouse: null

2022-11-25 09:46:14 - [TEST_STEP][PASSED] - println("kons req id is :" + response_searchME_kons): null

2022-11-25 09:46:14 - [TEST_STEP][PASSED] - println("spouse req id is : " + response_searchME_spouse): null

2022-11-25 09:46:14 - [TEST_STEP][PASSED] - verifyResponseStatusCode(req_data, 200): Verify response status code successfully

2022-11-25 09:46:14 - [MESSAGE][PASSED] - Verify response status code successfully

2022-11-25 09:46:14 - [TEST_STEP][PASSED] - response = req_data.getResponseText(): null

2022-11-25 09:46:14 - [TEST_STEP][PASSED] - logInfo($response): {"status":"Done","data":{"requestid1":"255193","requestid2":"255194"}}

2022-11-25 09:46:14 - [MESSAGE][INFO] - {"status":"Done","data":{"requestid1":"255193","requestid2":"255194"}}

2022-11-25 09:46:14 - [TEST_STEP][PASSED] - delay(5): Delayed 5 second(s)

2022-11-25 09:46:19 - [MESSAGE][PASSED] - Delayed 5 second(s)

2022-11-25 09:46:19 - [TEST_STEP][PASSED] - scoring = sendRequest(findTestObject("EngineScore", ["response_searchME_kons":response_searchME_kons, "response_searchME_spouse":response_searchME_spouse])): Send request successfully

2022-11-25 09:46:20 - [MESSAGE][INFO] - HAR: D:\DMS\Engine Scoring\Reports\20221125_094400\Exclude KKB - DS - Married\Scoring Married - DS\20221125_094402\requests\main\33.har

2022-11-25 09:46:20 - [MESSAGE][PASSED] - Send request successfully

2022-11-25 09:46:20 - [TEST_STEP][PASSED] - verifyResponseStatusCode(scoring, 200): Verify response status code successfully

2022-11-25 09:46:20 - [MESSAGE][PASSED] - Verify response status code successfully

2022-11-25 09:46:20 - [TEST_STEP][PASSED] - response2 = scoring.getResponseText(): null

2022-11-25 09:46:20 - [TEST_STEP][PASSED] - markPassed("result service data ke : " + no): result service data ke : 17

2022-11-25 09:46:20 - [MESSAGE][PASSED] - result service data ke : 17

2022-11-25 09:46:20 - [TEST_STEP][PASSED] - logInfo($response2): {"result_konsumen":"Reguler","result_pasangan":"Reguler","Final_result":"Reguler","errorMessage":"","status":"Done"}

2022-11-25 09:46:20 - [MESSAGE][INFO] - {"result_konsumen":"Reguler","result_pasangan":"Reguler","Final_result":"Reguler","errorMessage":"","status":"Done"}

2022-11-25 09:46:20 - [TEST_STEP][PASSED] - verifyElementPropertyValue(scoring, "Final_result", final_result): Verify element property value successfully

2022-11-25 09:46:20 - [MESSAGE][PASSED] - Verify element property value successfully]]></system-out>
         <system-err><![CDATA[]]></system-err>
      </testcase>
      <testcase name="Test Cases/Engine_Scoring/Engine Scoring" time="6.867" classname="Test Cases/Engine_Scoring/Engine Scoring" status="PASSED">
         <system-out><![CDATA[2022-11-25 09:46:20 - [TEST_CASE][PASSED] - Test Cases/Engine_Scoring/Engine Scoring: Test Cases/Engine_Scoring/Engine Scoring

2022-11-25 09:46:20 - [TEST_STEP][PASSED] - markPassed("Variasi data ke : " + no): Variasi data ke : 18

2022-11-25 09:46:20 - [MESSAGE][PASSED] - Variasi data ke : 18

2022-11-25 09:46:20 - [TEST_STEP][PASSED] - req_data = sendRequest(findTestObject("Search_ME", ["MID":MID, "source":source, "ip":ip, "userid":userid, "branch":branch, "tipekons":tipekons, "marital":marital, "penjamin":penjamin, ... ])): Send request successfully

2022-11-25 09:46:21 - [MESSAGE][INFO] - HAR: D:\DMS\Engine Scoring\Reports\20221125_094400\Exclude KKB - DS - Married\Scoring Married - DS\20221125_094402\requests\main\34.har

2022-11-25 09:46:21 - [MESSAGE][PASSED] - Send request successfully

2022-11-25 09:46:21 - [TEST_STEP][PASSED] - slurper = new groovy.json.JsonSlurper(): null

2022-11-25 09:46:21 - [TEST_STEP][PASSED] - result = slurper.parseText(req_data.getResponseBodyContent()): null

2022-11-25 09:46:21 - [TEST_STEP][PASSED] - reqid_kons = requestid1: null

2022-11-25 09:46:21 - [TEST_STEP][PASSED] - reqid_spouse = requestid2: null

2022-11-25 09:46:21 - [TEST_STEP][PASSED] - println("requestid kons : " + reqid_kons): null

2022-11-25 09:46:21 - [TEST_STEP][PASSED] - response_searchME_kons = reqid_kons: null

2022-11-25 09:46:21 - [TEST_STEP][PASSED] - response_searchME_spouse = reqid_spouse: null

2022-11-25 09:46:21 - [TEST_STEP][PASSED] - println("kons req id is :" + response_searchME_kons): null

2022-11-25 09:46:21 - [TEST_STEP][PASSED] - println("spouse req id is : " + response_searchME_spouse): null

2022-11-25 09:46:21 - [TEST_STEP][PASSED] - verifyResponseStatusCode(req_data, 200): Verify response status code successfully

2022-11-25 09:46:21 - [MESSAGE][PASSED] - Verify response status code successfully

2022-11-25 09:46:21 - [TEST_STEP][PASSED] - response = req_data.getResponseText(): null

2022-11-25 09:46:21 - [TEST_STEP][PASSED] - logInfo($response): {"status":"Done","data":{"requestid1":"255196","requestid2":"255197"}}

2022-11-25 09:46:21 - [MESSAGE][INFO] - {"status":"Done","data":{"requestid1":"255196","requestid2":"255197"}}

2022-11-25 09:46:21 - [TEST_STEP][PASSED] - delay(5): Delayed 5 second(s)

2022-11-25 09:46:26 - [MESSAGE][PASSED] - Delayed 5 second(s)

2022-11-25 09:46:26 - [TEST_STEP][PASSED] - scoring = sendRequest(findTestObject("EngineScore", ["response_searchME_kons":response_searchME_kons, "response_searchME_spouse":response_searchME_spouse])): Send request successfully

2022-11-25 09:46:26 - [MESSAGE][INFO] - HAR: D:\DMS\Engine Scoring\Reports\20221125_094400\Exclude KKB - DS - Married\Scoring Married - DS\20221125_094402\requests\main\35.har

2022-11-25 09:46:26 - [MESSAGE][PASSED] - Send request successfully

2022-11-25 09:46:26 - [TEST_STEP][PASSED] - verifyResponseStatusCode(scoring, 200): Verify response status code successfully

2022-11-25 09:46:26 - [MESSAGE][PASSED] - Verify response status code successfully

2022-11-25 09:46:26 - [TEST_STEP][PASSED] - response2 = scoring.getResponseText(): null

2022-11-25 09:46:26 - [TEST_STEP][PASSED] - markPassed("result service data ke : " + no): result service data ke : 18

2022-11-25 09:46:26 - [MESSAGE][PASSED] - result service data ke : 18

2022-11-25 09:46:26 - [TEST_STEP][PASSED] - logInfo($response2): {"result_konsumen":"Reguler","result_pasangan":"Reguler","Final_result":"Reguler","errorMessage":"","status":"Done"}

2022-11-25 09:46:26 - [MESSAGE][INFO] - {"result_konsumen":"Reguler","result_pasangan":"Reguler","Final_result":"Reguler","errorMessage":"","status":"Done"}

2022-11-25 09:46:26 - [TEST_STEP][PASSED] - verifyElementPropertyValue(scoring, "Final_result", final_result): Verify element property value successfully

2022-11-25 09:46:26 - [MESSAGE][PASSED] - Verify element property value successfully]]></system-out>
         <system-err><![CDATA[]]></system-err>
      </testcase>
      <testcase name="Test Cases/Engine_Scoring/Engine Scoring" time="6.901" classname="Test Cases/Engine_Scoring/Engine Scoring" status="PASSED">
         <system-out><![CDATA[2022-11-25 09:46:27 - [TEST_CASE][PASSED] - Test Cases/Engine_Scoring/Engine Scoring: Test Cases/Engine_Scoring/Engine Scoring

2022-11-25 09:46:27 - [TEST_STEP][PASSED] - markPassed("Variasi data ke : " + no): Variasi data ke : 19

2022-11-25 09:46:27 - [MESSAGE][PASSED] - Variasi data ke : 19

2022-11-25 09:46:27 - [TEST_STEP][PASSED] - req_data = sendRequest(findTestObject("Search_ME", ["MID":MID, "source":source, "ip":ip, "userid":userid, "branch":branch, "tipekons":tipekons, "marital":marital, "penjamin":penjamin, ... ])): Send request successfully

2022-11-25 09:46:28 - [MESSAGE][INFO] - HAR: D:\DMS\Engine Scoring\Reports\20221125_094400\Exclude KKB - DS - Married\Scoring Married - DS\20221125_094402\requests\main\36.har

2022-11-25 09:46:28 - [MESSAGE][PASSED] - Send request successfully

2022-11-25 09:46:28 - [TEST_STEP][PASSED] - slurper = new groovy.json.JsonSlurper(): null

2022-11-25 09:46:28 - [TEST_STEP][PASSED] - result = slurper.parseText(req_data.getResponseBodyContent()): null

2022-11-25 09:46:28 - [TEST_STEP][PASSED] - reqid_kons = requestid1: null

2022-11-25 09:46:28 - [TEST_STEP][PASSED] - reqid_spouse = requestid2: null

2022-11-25 09:46:28 - [TEST_STEP][PASSED] - println("requestid kons : " + reqid_kons): null

2022-11-25 09:46:28 - [TEST_STEP][PASSED] - response_searchME_kons = reqid_kons: null

2022-11-25 09:46:28 - [TEST_STEP][PASSED] - response_searchME_spouse = reqid_spouse: null

2022-11-25 09:46:28 - [TEST_STEP][PASSED] - println("kons req id is :" + response_searchME_kons): null

2022-11-25 09:46:28 - [TEST_STEP][PASSED] - println("spouse req id is : " + response_searchME_spouse): null

2022-11-25 09:46:28 - [TEST_STEP][PASSED] - verifyResponseStatusCode(req_data, 200): Verify response status code successfully

2022-11-25 09:46:28 - [MESSAGE][PASSED] - Verify response status code successfully

2022-11-25 09:46:28 - [TEST_STEP][PASSED] - response = req_data.getResponseText(): null

2022-11-25 09:46:28 - [TEST_STEP][PASSED] - logInfo($response): {"status":"Done","data":{"requestid1":"255199","requestid2":"255200"}}

2022-11-25 09:46:28 - [MESSAGE][INFO] - {"status":"Done","data":{"requestid1":"255199","requestid2":"255200"}}

2022-11-25 09:46:28 - [TEST_STEP][PASSED] - delay(5): Delayed 5 second(s)

2022-11-25 09:46:33 - [MESSAGE][PASSED] - Delayed 5 second(s)

2022-11-25 09:46:33 - [TEST_STEP][PASSED] - scoring = sendRequest(findTestObject("EngineScore", ["response_searchME_kons":response_searchME_kons, "response_searchME_spouse":response_searchME_spouse])): Send request successfully

2022-11-25 09:46:33 - [MESSAGE][INFO] - HAR: D:\DMS\Engine Scoring\Reports\20221125_094400\Exclude KKB - DS - Married\Scoring Married - DS\20221125_094402\requests\main\37.har

2022-11-25 09:46:33 - [MESSAGE][PASSED] - Send request successfully

2022-11-25 09:46:33 - [TEST_STEP][PASSED] - verifyResponseStatusCode(scoring, 200): Verify response status code successfully

2022-11-25 09:46:33 - [MESSAGE][PASSED] - Verify response status code successfully

2022-11-25 09:46:33 - [TEST_STEP][PASSED] - response2 = scoring.getResponseText(): null

2022-11-25 09:46:33 - [TEST_STEP][PASSED] - markPassed("result service data ke : " + no): result service data ke : 19

2022-11-25 09:46:33 - [MESSAGE][PASSED] - result service data ke : 19

2022-11-25 09:46:33 - [TEST_STEP][PASSED] - logInfo($response2): {"result_konsumen":"Reject","result_pasangan":"Reguler","Final_result":"Reject","errorMessage":"","status":"Done"}

2022-11-25 09:46:33 - [MESSAGE][INFO] - {"result_konsumen":"Reject","result_pasangan":"Reguler","Final_result":"Reject","errorMessage":"","status":"Done"}

2022-11-25 09:46:33 - [TEST_STEP][PASSED] - verifyElementPropertyValue(scoring, "Final_result", final_result): Verify element property value successfully

2022-11-25 09:46:33 - [MESSAGE][PASSED] - Verify element property value successfully]]></system-out>
         <system-err><![CDATA[]]></system-err>
      </testcase>
      <testcase name="Test Cases/Engine_Scoring/Engine Scoring" time="7.525" classname="Test Cases/Engine_Scoring/Engine Scoring" status="PASSED">
         <system-out><![CDATA[2022-11-25 09:46:34 - [TEST_CASE][PASSED] - Test Cases/Engine_Scoring/Engine Scoring: Test Cases/Engine_Scoring/Engine Scoring

2022-11-25 09:46:34 - [TEST_STEP][PASSED] - markPassed("Variasi data ke : " + no): Variasi data ke : 20

2022-11-25 09:46:34 - [MESSAGE][PASSED] - Variasi data ke : 20

2022-11-25 09:46:34 - [TEST_STEP][PASSED] - req_data = sendRequest(findTestObject("Search_ME", ["MID":MID, "source":source, "ip":ip, "userid":userid, "branch":branch, "tipekons":tipekons, "marital":marital, "penjamin":penjamin, ... ])): Send request successfully

2022-11-25 09:46:36 - [MESSAGE][INFO] - HAR: D:\DMS\Engine Scoring\Reports\20221125_094400\Exclude KKB - DS - Married\Scoring Married - DS\20221125_094402\requests\main\38.har

2022-11-25 09:46:36 - [MESSAGE][PASSED] - Send request successfully

2022-11-25 09:46:36 - [TEST_STEP][PASSED] - slurper = new groovy.json.JsonSlurper(): null

2022-11-25 09:46:36 - [TEST_STEP][PASSED] - result = slurper.parseText(req_data.getResponseBodyContent()): null

2022-11-25 09:46:36 - [TEST_STEP][PASSED] - reqid_kons = requestid1: null

2022-11-25 09:46:36 - [TEST_STEP][PASSED] - reqid_spouse = requestid2: null

2022-11-25 09:46:36 - [TEST_STEP][PASSED] - println("requestid kons : " + reqid_kons): null

2022-11-25 09:46:36 - [TEST_STEP][PASSED] - response_searchME_kons = reqid_kons: null

2022-11-25 09:46:36 - [TEST_STEP][PASSED] - response_searchME_spouse = reqid_spouse: null

2022-11-25 09:46:36 - [TEST_STEP][PASSED] - println("kons req id is :" + response_searchME_kons): null

2022-11-25 09:46:36 - [TEST_STEP][PASSED] - println("spouse req id is : " + response_searchME_spouse): null

2022-11-25 09:46:36 - [TEST_STEP][PASSED] - verifyResponseStatusCode(req_data, 200): Verify response status code successfully

2022-11-25 09:46:36 - [MESSAGE][PASSED] - Verify response status code successfully

2022-11-25 09:46:36 - [TEST_STEP][PASSED] - response = req_data.getResponseText(): null

2022-11-25 09:46:36 - [TEST_STEP][PASSED] - logInfo($response): {"status":"Done","data":{"requestid1":"255201","requestid2":"255202"}}

2022-11-25 09:46:36 - [MESSAGE][INFO] - {"status":"Done","data":{"requestid1":"255201","requestid2":"255202"}}

2022-11-25 09:46:36 - [TEST_STEP][PASSED] - delay(5): Delayed 5 second(s)

2022-11-25 09:46:41 - [MESSAGE][PASSED] - Delayed 5 second(s)

2022-11-25 09:46:41 - [TEST_STEP][PASSED] - scoring = sendRequest(findTestObject("EngineScore", ["response_searchME_kons":response_searchME_kons, "response_searchME_spouse":response_searchME_spouse])): Send request successfully

2022-11-25 09:46:41 - [MESSAGE][INFO] - HAR: D:\DMS\Engine Scoring\Reports\20221125_094400\Exclude KKB - DS - Married\Scoring Married - DS\20221125_094402\requests\main\39.har

2022-11-25 09:46:41 - [MESSAGE][PASSED] - Send request successfully

2022-11-25 09:46:41 - [TEST_STEP][PASSED] - verifyResponseStatusCode(scoring, 200): Verify response status code successfully

2022-11-25 09:46:41 - [MESSAGE][PASSED] - Verify response status code successfully

2022-11-25 09:46:41 - [TEST_STEP][PASSED] - response2 = scoring.getResponseText(): null

2022-11-25 09:46:41 - [TEST_STEP][PASSED] - markPassed("result service data ke : " + no): result service data ke : 20

2022-11-25 09:46:41 - [MESSAGE][PASSED] - result service data ke : 20

2022-11-25 09:46:41 - [TEST_STEP][PASSED] - logInfo($response2): {"result_konsumen":"Reject","result_pasangan":"Reguler","Final_result":"Reject","errorMessage":"","status":"Done"}

2022-11-25 09:46:41 - [MESSAGE][INFO] - {"result_konsumen":"Reject","result_pasangan":"Reguler","Final_result":"Reject","errorMessage":"","status":"Done"}

2022-11-25 09:46:41 - [TEST_STEP][PASSED] - verifyElementPropertyValue(scoring, "Final_result", final_result): Verify element property value successfully

2022-11-25 09:46:41 - [MESSAGE][PASSED] - Verify element property value successfully]]></system-out>
         <system-err><![CDATA[]]></system-err>
      </testcase>
      <testcase name="Test Cases/Engine_Scoring/Engine Scoring" time="6.646" classname="Test Cases/Engine_Scoring/Engine Scoring" status="PASSED">
         <system-out><![CDATA[2022-11-25 09:46:41 - [TEST_CASE][PASSED] - Test Cases/Engine_Scoring/Engine Scoring: Test Cases/Engine_Scoring/Engine Scoring

2022-11-25 09:46:42 - [TEST_STEP][PASSED] - markPassed("Variasi data ke : " + no): Variasi data ke : 21

2022-11-25 09:46:42 - [MESSAGE][PASSED] - Variasi data ke : 21

2022-11-25 09:46:42 - [TEST_STEP][PASSED] - req_data = sendRequest(findTestObject("Search_ME", ["MID":MID, "source":source, "ip":ip, "userid":userid, "branch":branch, "tipekons":tipekons, "marital":marital, "penjamin":penjamin, ... ])): Send request successfully

2022-11-25 09:46:43 - [MESSAGE][INFO] - HAR: D:\DMS\Engine Scoring\Reports\20221125_094400\Exclude KKB - DS - Married\Scoring Married - DS\20221125_094402\requests\main\40.har

2022-11-25 09:46:43 - [MESSAGE][PASSED] - Send request successfully

2022-11-25 09:46:43 - [TEST_STEP][PASSED] - slurper = new groovy.json.JsonSlurper(): null

2022-11-25 09:46:43 - [TEST_STEP][PASSED] - result = slurper.parseText(req_data.getResponseBodyContent()): null

2022-11-25 09:46:43 - [TEST_STEP][PASSED] - reqid_kons = requestid1: null

2022-11-25 09:46:43 - [TEST_STEP][PASSED] - reqid_spouse = requestid2: null

2022-11-25 09:46:43 - [TEST_STEP][PASSED] - println("requestid kons : " + reqid_kons): null

2022-11-25 09:46:43 - [TEST_STEP][PASSED] - response_searchME_kons = reqid_kons: null

2022-11-25 09:46:43 - [TEST_STEP][PASSED] - response_searchME_spouse = reqid_spouse: null

2022-11-25 09:46:43 - [TEST_STEP][PASSED] - println("kons req id is :" + response_searchME_kons): null

2022-11-25 09:46:43 - [TEST_STEP][PASSED] - println("spouse req id is : " + response_searchME_spouse): null

2022-11-25 09:46:43 - [TEST_STEP][PASSED] - verifyResponseStatusCode(req_data, 200): Verify response status code successfully

2022-11-25 09:46:43 - [MESSAGE][PASSED] - Verify response status code successfully

2022-11-25 09:46:43 - [TEST_STEP][PASSED] - response = req_data.getResponseText(): null

2022-11-25 09:46:43 - [TEST_STEP][PASSED] - logInfo($response): {"status":"Done","data":{"requestid1":"255204","requestid2":"255205"}}

2022-11-25 09:46:43 - [MESSAGE][INFO] - {"status":"Done","data":{"requestid1":"255204","requestid2":"255205"}}

2022-11-25 09:46:43 - [TEST_STEP][PASSED] - delay(5): Delayed 5 second(s)

2022-11-25 09:46:48 - [MESSAGE][PASSED] - Delayed 5 second(s)

2022-11-25 09:46:48 - [TEST_STEP][PASSED] - scoring = sendRequest(findTestObject("EngineScore", ["response_searchME_kons":response_searchME_kons, "response_searchME_spouse":response_searchME_spouse])): Send request successfully

2022-11-25 09:46:48 - [MESSAGE][INFO] - HAR: D:\DMS\Engine Scoring\Reports\20221125_094400\Exclude KKB - DS - Married\Scoring Married - DS\20221125_094402\requests\main\41.har

2022-11-25 09:46:48 - [MESSAGE][PASSED] - Send request successfully

2022-11-25 09:46:48 - [TEST_STEP][PASSED] - verifyResponseStatusCode(scoring, 200): Verify response status code successfully

2022-11-25 09:46:48 - [MESSAGE][PASSED] - Verify response status code successfully

2022-11-25 09:46:48 - [TEST_STEP][PASSED] - response2 = scoring.getResponseText(): null

2022-11-25 09:46:48 - [TEST_STEP][PASSED] - markPassed("result service data ke : " + no): result service data ke : 21

2022-11-25 09:46:48 - [MESSAGE][PASSED] - result service data ke : 21

2022-11-25 09:46:48 - [TEST_STEP][PASSED] - logInfo($response2): {"result_konsumen":"Reject","result_pasangan":"Reguler","Final_result":"Reject","errorMessage":"","status":"Done"}

2022-11-25 09:46:48 - [MESSAGE][INFO] - {"result_konsumen":"Reject","result_pasangan":"Reguler","Final_result":"Reject","errorMessage":"","status":"Done"}

2022-11-25 09:46:48 - [TEST_STEP][PASSED] - verifyElementPropertyValue(scoring, "Final_result", final_result): Verify element property value successfully

2022-11-25 09:46:48 - [MESSAGE][PASSED] - Verify element property value successfully]]></system-out>
         <system-err><![CDATA[]]></system-err>
      </testcase>
      <testcase name="Test Cases/Engine_Scoring/Engine Scoring" time="6.643" classname="Test Cases/Engine_Scoring/Engine Scoring" status="PASSED">
         <system-out><![CDATA[2022-11-25 09:46:48 - [TEST_CASE][PASSED] - Test Cases/Engine_Scoring/Engine Scoring: Test Cases/Engine_Scoring/Engine Scoring

2022-11-25 09:46:49 - [TEST_STEP][PASSED] - markPassed("Variasi data ke : " + no): Variasi data ke : 22

2022-11-25 09:46:49 - [MESSAGE][PASSED] - Variasi data ke : 22

2022-11-25 09:46:49 - [TEST_STEP][PASSED] - req_data = sendRequest(findTestObject("Search_ME", ["MID":MID, "source":source, "ip":ip, "userid":userid, "branch":branch, "tipekons":tipekons, "marital":marital, "penjamin":penjamin, ... ])): Send request successfully

2022-11-25 09:46:49 - [MESSAGE][INFO] - HAR: D:\DMS\Engine Scoring\Reports\20221125_094400\Exclude KKB - DS - Married\Scoring Married - DS\20221125_094402\requests\main\42.har

2022-11-25 09:46:49 - [MESSAGE][PASSED] - Send request successfully

2022-11-25 09:46:49 - [TEST_STEP][PASSED] - slurper = new groovy.json.JsonSlurper(): null

2022-11-25 09:46:49 - [TEST_STEP][PASSED] - result = slurper.parseText(req_data.getResponseBodyContent()): null

2022-11-25 09:46:49 - [TEST_STEP][PASSED] - reqid_kons = requestid1: null

2022-11-25 09:46:49 - [TEST_STEP][PASSED] - reqid_spouse = requestid2: null

2022-11-25 09:46:49 - [TEST_STEP][PASSED] - println("requestid kons : " + reqid_kons): null

2022-11-25 09:46:49 - [TEST_STEP][PASSED] - response_searchME_kons = reqid_kons: null

2022-11-25 09:46:49 - [TEST_STEP][PASSED] - response_searchME_spouse = reqid_spouse: null

2022-11-25 09:46:49 - [TEST_STEP][PASSED] - println("kons req id is :" + response_searchME_kons): null

2022-11-25 09:46:49 - [TEST_STEP][PASSED] - println("spouse req id is : " + response_searchME_spouse): null

2022-11-25 09:46:49 - [TEST_STEP][PASSED] - verifyResponseStatusCode(req_data, 200): Verify response status code successfully

2022-11-25 09:46:49 - [MESSAGE][PASSED] - Verify response status code successfully

2022-11-25 09:46:49 - [TEST_STEP][PASSED] - response = req_data.getResponseText(): null

2022-11-25 09:46:49 - [TEST_STEP][PASSED] - logInfo($response): {"status":"Done","data":{"requestid1":"255207","requestid2":"255208"}}

2022-11-25 09:46:49 - [MESSAGE][INFO] - {"status":"Done","data":{"requestid1":"255207","requestid2":"255208"}}

2022-11-25 09:46:49 - [TEST_STEP][PASSED] - delay(5): Delayed 5 second(s)

2022-11-25 09:46:54 - [MESSAGE][PASSED] - Delayed 5 second(s)

2022-11-25 09:46:54 - [TEST_STEP][PASSED] - scoring = sendRequest(findTestObject("EngineScore", ["response_searchME_kons":response_searchME_kons, "response_searchME_spouse":response_searchME_spouse])): Send request successfully

2022-11-25 09:46:54 - [MESSAGE][INFO] - HAR: D:\DMS\Engine Scoring\Reports\20221125_094400\Exclude KKB - DS - Married\Scoring Married - DS\20221125_094402\requests\main\43.har

2022-11-25 09:46:54 - [MESSAGE][PASSED] - Send request successfully

2022-11-25 09:46:54 - [TEST_STEP][PASSED] - verifyResponseStatusCode(scoring, 200): Verify response status code successfully

2022-11-25 09:46:54 - [MESSAGE][PASSED] - Verify response status code successfully

2022-11-25 09:46:54 - [TEST_STEP][PASSED] - response2 = scoring.getResponseText(): null

2022-11-25 09:46:54 - [TEST_STEP][PASSED] - markPassed("result service data ke : " + no): result service data ke : 22

2022-11-25 09:46:54 - [MESSAGE][PASSED] - result service data ke : 22

2022-11-25 09:46:54 - [TEST_STEP][PASSED] - logInfo($response2): {"result_konsumen":"Reject","result_pasangan":"Reguler","Final_result":"Reject","errorMessage":"","status":"Done"}

2022-11-25 09:46:54 - [MESSAGE][INFO] - {"result_konsumen":"Reject","result_pasangan":"Reguler","Final_result":"Reject","errorMessage":"","status":"Done"}

2022-11-25 09:46:54 - [TEST_STEP][PASSED] - verifyElementPropertyValue(scoring, "Final_result", final_result): Verify element property value successfully

2022-11-25 09:46:54 - [MESSAGE][PASSED] - Verify element property value successfully]]></system-out>
         <system-err><![CDATA[]]></system-err>
      </testcase>
      <testcase name="Test Cases/Engine_Scoring/Engine Scoring" time="6.572" classname="Test Cases/Engine_Scoring/Engine Scoring" status="PASSED">
         <system-out><![CDATA[2022-11-25 09:46:55 - [TEST_CASE][PASSED] - Test Cases/Engine_Scoring/Engine Scoring: Test Cases/Engine_Scoring/Engine Scoring

2022-11-25 09:46:55 - [TEST_STEP][PASSED] - markPassed("Variasi data ke : " + no): Variasi data ke : 23

2022-11-25 09:46:55 - [MESSAGE][PASSED] - Variasi data ke : 23

2022-11-25 09:46:55 - [TEST_STEP][PASSED] - req_data = sendRequest(findTestObject("Search_ME", ["MID":MID, "source":source, "ip":ip, "userid":userid, "branch":branch, "tipekons":tipekons, "marital":marital, "penjamin":penjamin, ... ])): Send request successfully

2022-11-25 09:46:56 - [MESSAGE][INFO] - HAR: D:\DMS\Engine Scoring\Reports\20221125_094400\Exclude KKB - DS - Married\Scoring Married - DS\20221125_094402\requests\main\44.har

2022-11-25 09:46:56 - [MESSAGE][PASSED] - Send request successfully

2022-11-25 09:46:56 - [TEST_STEP][PASSED] - slurper = new groovy.json.JsonSlurper(): null

2022-11-25 09:46:56 - [TEST_STEP][PASSED] - result = slurper.parseText(req_data.getResponseBodyContent()): null

2022-11-25 09:46:56 - [TEST_STEP][PASSED] - reqid_kons = requestid1: null

2022-11-25 09:46:56 - [TEST_STEP][PASSED] - reqid_spouse = requestid2: null

2022-11-25 09:46:56 - [TEST_STEP][PASSED] - println("requestid kons : " + reqid_kons): null

2022-11-25 09:46:56 - [TEST_STEP][PASSED] - response_searchME_kons = reqid_kons: null

2022-11-25 09:46:56 - [TEST_STEP][PASSED] - response_searchME_spouse = reqid_spouse: null

2022-11-25 09:46:56 - [TEST_STEP][PASSED] - println("kons req id is :" + response_searchME_kons): null

2022-11-25 09:46:56 - [TEST_STEP][PASSED] - println("spouse req id is : " + response_searchME_spouse): null

2022-11-25 09:46:56 - [TEST_STEP][PASSED] - verifyResponseStatusCode(req_data, 200): Verify response status code successfully

2022-11-25 09:46:56 - [MESSAGE][PASSED] - Verify response status code successfully

2022-11-25 09:46:56 - [TEST_STEP][PASSED] - response = req_data.getResponseText(): null

2022-11-25 09:46:56 - [TEST_STEP][PASSED] - logInfo($response): {"status":"Done","data":{"requestid1":"255210","requestid2":"255211"}}

2022-11-25 09:46:56 - [MESSAGE][INFO] - {"status":"Done","data":{"requestid1":"255210","requestid2":"255211"}}

2022-11-25 09:46:56 - [TEST_STEP][PASSED] - delay(5): Delayed 5 second(s)

2022-11-25 09:47:01 - [MESSAGE][PASSED] - Delayed 5 second(s)

2022-11-25 09:47:01 - [TEST_STEP][PASSED] - scoring = sendRequest(findTestObject("EngineScore", ["response_searchME_kons":response_searchME_kons, "response_searchME_spouse":response_searchME_spouse])): Send request successfully

2022-11-25 09:47:01 - [MESSAGE][INFO] - HAR: D:\DMS\Engine Scoring\Reports\20221125_094400\Exclude KKB - DS - Married\Scoring Married - DS\20221125_094402\requests\main\45.har

2022-11-25 09:47:01 - [MESSAGE][PASSED] - Send request successfully

2022-11-25 09:47:01 - [TEST_STEP][PASSED] - verifyResponseStatusCode(scoring, 200): Verify response status code successfully

2022-11-25 09:47:01 - [MESSAGE][PASSED] - Verify response status code successfully

2022-11-25 09:47:01 - [TEST_STEP][PASSED] - response2 = scoring.getResponseText(): null

2022-11-25 09:47:01 - [TEST_STEP][PASSED] - markPassed("result service data ke : " + no): result service data ke : 23

2022-11-25 09:47:01 - [MESSAGE][PASSED] - result service data ke : 23

2022-11-25 09:47:01 - [TEST_STEP][PASSED] - logInfo($response2): {"result_konsumen":"Reject","result_pasangan":"Reject","Final_result":"Reject","errorMessage":"","status":"Done"}

2022-11-25 09:47:01 - [MESSAGE][INFO] - {"result_konsumen":"Reject","result_pasangan":"Reject","Final_result":"Reject","errorMessage":"","status":"Done"}

2022-11-25 09:47:01 - [TEST_STEP][PASSED] - verifyElementPropertyValue(scoring, "Final_result", final_result): Verify element property value successfully

2022-11-25 09:47:01 - [MESSAGE][PASSED] - Verify element property value successfully]]></system-out>
         <system-err><![CDATA[]]></system-err>
      </testcase>
      <testcase name="Test Cases/Engine_Scoring/Engine Scoring" time="6.912" classname="Test Cases/Engine_Scoring/Engine Scoring" status="PASSED">
         <system-out><![CDATA[2022-11-25 09:47:01 - [TEST_CASE][PASSED] - Test Cases/Engine_Scoring/Engine Scoring: Test Cases/Engine_Scoring/Engine Scoring

2022-11-25 09:47:02 - [TEST_STEP][PASSED] - markPassed("Variasi data ke : " + no): Variasi data ke : 24

2022-11-25 09:47:02 - [MESSAGE][PASSED] - Variasi data ke : 24

2022-11-25 09:47:02 - [TEST_STEP][PASSED] - req_data = sendRequest(findTestObject("Search_ME", ["MID":MID, "source":source, "ip":ip, "userid":userid, "branch":branch, "tipekons":tipekons, "marital":marital, "penjamin":penjamin, ... ])): Send request successfully

2022-11-25 09:47:03 - [MESSAGE][INFO] - HAR: D:\DMS\Engine Scoring\Reports\20221125_094400\Exclude KKB - DS - Married\Scoring Married - DS\20221125_094402\requests\main\46.har

2022-11-25 09:47:03 - [MESSAGE][PASSED] - Send request successfully

2022-11-25 09:47:03 - [TEST_STEP][PASSED] - slurper = new groovy.json.JsonSlurper(): null

2022-11-25 09:47:03 - [TEST_STEP][PASSED] - result = slurper.parseText(req_data.getResponseBodyContent()): null

2022-11-25 09:47:03 - [TEST_STEP][PASSED] - reqid_kons = requestid1: null

2022-11-25 09:47:03 - [TEST_STEP][PASSED] - reqid_spouse = requestid2: null

2022-11-25 09:47:03 - [TEST_STEP][PASSED] - println("requestid kons : " + reqid_kons): null

2022-11-25 09:47:03 - [TEST_STEP][PASSED] - response_searchME_kons = reqid_kons: null

2022-11-25 09:47:03 - [TEST_STEP][PASSED] - response_searchME_spouse = reqid_spouse: null

2022-11-25 09:47:03 - [TEST_STEP][PASSED] - println("kons req id is :" + response_searchME_kons): null

2022-11-25 09:47:03 - [TEST_STEP][PASSED] - println("spouse req id is : " + response_searchME_spouse): null

2022-11-25 09:47:03 - [TEST_STEP][PASSED] - verifyResponseStatusCode(req_data, 200): Verify response status code successfully

2022-11-25 09:47:03 - [MESSAGE][PASSED] - Verify response status code successfully

2022-11-25 09:47:03 - [TEST_STEP][PASSED] - response = req_data.getResponseText(): null

2022-11-25 09:47:03 - [TEST_STEP][PASSED] - logInfo($response): {"status":"Done","data":{"requestid1":"255213","requestid2":"255214"}}

2022-11-25 09:47:03 - [MESSAGE][INFO] - {"status":"Done","data":{"requestid1":"255213","requestid2":"255214"}}

2022-11-25 09:47:03 - [TEST_STEP][PASSED] - delay(5): Delayed 5 second(s)

2022-11-25 09:47:08 - [MESSAGE][PASSED] - Delayed 5 second(s)

2022-11-25 09:47:08 - [TEST_STEP][PASSED] - scoring = sendRequest(findTestObject("EngineScore", ["response_searchME_kons":response_searchME_kons, "response_searchME_spouse":response_searchME_spouse])): Send request successfully

2022-11-25 09:47:08 - [MESSAGE][INFO] - HAR: D:\DMS\Engine Scoring\Reports\20221125_094400\Exclude KKB - DS - Married\Scoring Married - DS\20221125_094402\requests\main\47.har

2022-11-25 09:47:08 - [MESSAGE][PASSED] - Send request successfully

2022-11-25 09:47:08 - [TEST_STEP][PASSED] - verifyResponseStatusCode(scoring, 200): Verify response status code successfully

2022-11-25 09:47:08 - [MESSAGE][PASSED] - Verify response status code successfully

2022-11-25 09:47:08 - [TEST_STEP][PASSED] - response2 = scoring.getResponseText(): null

2022-11-25 09:47:08 - [TEST_STEP][PASSED] - markPassed("result service data ke : " + no): result service data ke : 24

2022-11-25 09:47:08 - [MESSAGE][PASSED] - result service data ke : 24

2022-11-25 09:47:08 - [TEST_STEP][PASSED] - logInfo($response2): {"result_konsumen":"Reject","result_pasangan":"Reject","Final_result":"Reject","errorMessage":"","status":"Done"}

2022-11-25 09:47:08 - [MESSAGE][INFO] - {"result_konsumen":"Reject","result_pasangan":"Reject","Final_result":"Reject","errorMessage":"","status":"Done"}

2022-11-25 09:47:08 - [TEST_STEP][PASSED] - verifyElementPropertyValue(scoring, "Final_result", final_result): Verify element property value successfully

2022-11-25 09:47:08 - [MESSAGE][PASSED] - Verify element property value successfully]]></system-out>
         <system-err><![CDATA[]]></system-err>
      </testcase>
      <testcase name="Test Cases/Engine_Scoring/Engine Scoring" time="6.645" classname="Test Cases/Engine_Scoring/Engine Scoring" status="PASSED">
         <system-out><![CDATA[2022-11-25 09:47:08 - [TEST_CASE][PASSED] - Test Cases/Engine_Scoring/Engine Scoring: Test Cases/Engine_Scoring/Engine Scoring

2022-11-25 09:47:09 - [TEST_STEP][PASSED] - markPassed("Variasi data ke : " + no): Variasi data ke : 25

2022-11-25 09:47:09 - [MESSAGE][PASSED] - Variasi data ke : 25

2022-11-25 09:47:09 - [TEST_STEP][PASSED] - req_data = sendRequest(findTestObject("Search_ME", ["MID":MID, "source":source, "ip":ip, "userid":userid, "branch":branch, "tipekons":tipekons, "marital":marital, "penjamin":penjamin, ... ])): Send request successfully

2022-11-25 09:47:10 - [MESSAGE][INFO] - HAR: D:\DMS\Engine Scoring\Reports\20221125_094400\Exclude KKB - DS - Married\Scoring Married - DS\20221125_094402\requests\main\48.har

2022-11-25 09:47:10 - [MESSAGE][PASSED] - Send request successfully

2022-11-25 09:47:10 - [TEST_STEP][PASSED] - slurper = new groovy.json.JsonSlurper(): null

2022-11-25 09:47:10 - [TEST_STEP][PASSED] - result = slurper.parseText(req_data.getResponseBodyContent()): null

2022-11-25 09:47:10 - [TEST_STEP][PASSED] - reqid_kons = requestid1: null

2022-11-25 09:47:10 - [TEST_STEP][PASSED] - reqid_spouse = requestid2: null

2022-11-25 09:47:10 - [TEST_STEP][PASSED] - println("requestid kons : " + reqid_kons): null

2022-11-25 09:47:10 - [TEST_STEP][PASSED] - response_searchME_kons = reqid_kons: null

2022-11-25 09:47:10 - [TEST_STEP][PASSED] - response_searchME_spouse = reqid_spouse: null

2022-11-25 09:47:10 - [TEST_STEP][PASSED] - println("kons req id is :" + response_searchME_kons): null

2022-11-25 09:47:10 - [TEST_STEP][PASSED] - println("spouse req id is : " + response_searchME_spouse): null

2022-11-25 09:47:10 - [TEST_STEP][PASSED] - verifyResponseStatusCode(req_data, 200): Verify response status code successfully

2022-11-25 09:47:10 - [MESSAGE][PASSED] - Verify response status code successfully

2022-11-25 09:47:10 - [TEST_STEP][PASSED] - response = req_data.getResponseText(): null

2022-11-25 09:47:10 - [TEST_STEP][PASSED] - logInfo($response): {"status":"Done","data":{"requestid1":"255216","requestid2":"255217"}}

2022-11-25 09:47:10 - [MESSAGE][INFO] - {"status":"Done","data":{"requestid1":"255216","requestid2":"255217"}}

2022-11-25 09:47:10 - [TEST_STEP][PASSED] - delay(5): Delayed 5 second(s)

2022-11-25 09:47:15 - [MESSAGE][PASSED] - Delayed 5 second(s)

2022-11-25 09:47:15 - [TEST_STEP][PASSED] - scoring = sendRequest(findTestObject("EngineScore", ["response_searchME_kons":response_searchME_kons, "response_searchME_spouse":response_searchME_spouse])): Send request successfully

2022-11-25 09:47:15 - [MESSAGE][INFO] - HAR: D:\DMS\Engine Scoring\Reports\20221125_094400\Exclude KKB - DS - Married\Scoring Married - DS\20221125_094402\requests\main\49.har

2022-11-25 09:47:15 - [MESSAGE][PASSED] - Send request successfully

2022-11-25 09:47:15 - [TEST_STEP][PASSED] - verifyResponseStatusCode(scoring, 200): Verify response status code successfully

2022-11-25 09:47:15 - [MESSAGE][PASSED] - Verify response status code successfully

2022-11-25 09:47:15 - [TEST_STEP][PASSED] - response2 = scoring.getResponseText(): null

2022-11-25 09:47:15 - [TEST_STEP][PASSED] - markPassed("result service data ke : " + no): result service data ke : 25

2022-11-25 09:47:15 - [MESSAGE][PASSED] - result service data ke : 25

2022-11-25 09:47:15 - [TEST_STEP][PASSED] - logInfo($response2): {"result_konsumen":"Reject","result_pasangan":"Reguler","Final_result":"Reject","errorMessage":"","status":"Done"}

2022-11-25 09:47:15 - [MESSAGE][INFO] - {"result_konsumen":"Reject","result_pasangan":"Reguler","Final_result":"Reject","errorMessage":"","status":"Done"}

2022-11-25 09:47:15 - [TEST_STEP][PASSED] - verifyElementPropertyValue(scoring, "Final_result", final_result): Verify element property value successfully

2022-11-25 09:47:15 - [MESSAGE][PASSED] - Verify element property value successfully]]></system-out>
         <system-err><![CDATA[]]></system-err>
      </testcase>
      <testcase name="Test Cases/Engine_Scoring/Engine Scoring" time="6.768" classname="Test Cases/Engine_Scoring/Engine Scoring" status="PASSED">
         <system-out><![CDATA[2022-11-25 09:47:15 - [TEST_CASE][PASSED] - Test Cases/Engine_Scoring/Engine Scoring: Test Cases/Engine_Scoring/Engine Scoring

2022-11-25 09:47:16 - [TEST_STEP][PASSED] - markPassed("Variasi data ke : " + no): Variasi data ke : 26

2022-11-25 09:47:16 - [MESSAGE][PASSED] - Variasi data ke : 26

2022-11-25 09:47:16 - [TEST_STEP][PASSED] - req_data = sendRequest(findTestObject("Search_ME", ["MID":MID, "source":source, "ip":ip, "userid":userid, "branch":branch, "tipekons":tipekons, "marital":marital, "penjamin":penjamin, ... ])): Send request successfully

2022-11-25 09:47:16 - [MESSAGE][INFO] - HAR: D:\DMS\Engine Scoring\Reports\20221125_094400\Exclude KKB - DS - Married\Scoring Married - DS\20221125_094402\requests\main\50.har

2022-11-25 09:47:16 - [MESSAGE][PASSED] - Send request successfully

2022-11-25 09:47:16 - [TEST_STEP][PASSED] - slurper = new groovy.json.JsonSlurper(): null

2022-11-25 09:47:16 - [TEST_STEP][PASSED] - result = slurper.parseText(req_data.getResponseBodyContent()): null

2022-11-25 09:47:16 - [TEST_STEP][PASSED] - reqid_kons = requestid1: null

2022-11-25 09:47:16 - [TEST_STEP][PASSED] - reqid_spouse = requestid2: null

2022-11-25 09:47:16 - [TEST_STEP][PASSED] - println("requestid kons : " + reqid_kons): null

2022-11-25 09:47:16 - [TEST_STEP][PASSED] - response_searchME_kons = reqid_kons: null

2022-11-25 09:47:16 - [TEST_STEP][PASSED] - response_searchME_spouse = reqid_spouse: null

2022-11-25 09:47:16 - [TEST_STEP][PASSED] - println("kons req id is :" + response_searchME_kons): null

2022-11-25 09:47:16 - [TEST_STEP][PASSED] - println("spouse req id is : " + response_searchME_spouse): null

2022-11-25 09:47:16 - [TEST_STEP][PASSED] - verifyResponseStatusCode(req_data, 200): Verify response status code successfully

2022-11-25 09:47:16 - [MESSAGE][PASSED] - Verify response status code successfully

2022-11-25 09:47:16 - [TEST_STEP][PASSED] - response = req_data.getResponseText(): null

2022-11-25 09:47:16 - [TEST_STEP][PASSED] - logInfo($response): {"status":"Done","data":{"requestid1":"255219","requestid2":"255220"}}

2022-11-25 09:47:16 - [MESSAGE][INFO] - {"status":"Done","data":{"requestid1":"255219","requestid2":"255220"}}

2022-11-25 09:47:16 - [TEST_STEP][PASSED] - delay(5): Delayed 5 second(s)

2022-11-25 09:47:21 - [MESSAGE][PASSED] - Delayed 5 second(s)

2022-11-25 09:47:21 - [TEST_STEP][PASSED] - scoring = sendRequest(findTestObject("EngineScore", ["response_searchME_kons":response_searchME_kons, "response_searchME_spouse":response_searchME_spouse])): Send request successfully

2022-11-25 09:47:22 - [MESSAGE][INFO] - HAR: D:\DMS\Engine Scoring\Reports\20221125_094400\Exclude KKB - DS - Married\Scoring Married - DS\20221125_094402\requests\main\51.har

2022-11-25 09:47:22 - [MESSAGE][PASSED] - Send request successfully

2022-11-25 09:47:22 - [TEST_STEP][PASSED] - verifyResponseStatusCode(scoring, 200): Verify response status code successfully

2022-11-25 09:47:22 - [MESSAGE][PASSED] - Verify response status code successfully

2022-11-25 09:47:22 - [TEST_STEP][PASSED] - response2 = scoring.getResponseText(): null

2022-11-25 09:47:22 - [TEST_STEP][PASSED] - markPassed("result service data ke : " + no): result service data ke : 26

2022-11-25 09:47:22 - [MESSAGE][PASSED] - result service data ke : 26

2022-11-25 09:47:22 - [TEST_STEP][PASSED] - logInfo($response2): {"result_konsumen":"Reject","result_pasangan":"Reguler","Final_result":"Reject","errorMessage":"","status":"Done"}

2022-11-25 09:47:22 - [MESSAGE][INFO] - {"result_konsumen":"Reject","result_pasangan":"Reguler","Final_result":"Reject","errorMessage":"","status":"Done"}

2022-11-25 09:47:22 - [TEST_STEP][PASSED] - verifyElementPropertyValue(scoring, "Final_result", final_result): Verify element property value successfully

2022-11-25 09:47:22 - [MESSAGE][PASSED] - Verify element property value successfully]]></system-out>
         <system-err><![CDATA[]]></system-err>
      </testcase>
      <testcase name="Test Cases/Engine_Scoring/Engine Scoring" time="9.093" classname="Test Cases/Engine_Scoring/Engine Scoring" status="PASSED">
         <system-out><![CDATA[2022-11-25 09:47:22 - [TEST_CASE][PASSED] - Test Cases/Engine_Scoring/Engine Scoring: Test Cases/Engine_Scoring/Engine Scoring

2022-11-25 09:47:23 - [TEST_STEP][PASSED] - markPassed("Variasi data ke : " + no): Variasi data ke : 27

2022-11-25 09:47:23 - [MESSAGE][PASSED] - Variasi data ke : 27

2022-11-25 09:47:23 - [TEST_STEP][PASSED] - req_data = sendRequest(findTestObject("Search_ME", ["MID":MID, "source":source, "ip":ip, "userid":userid, "branch":branch, "tipekons":tipekons, "marital":marital, "penjamin":penjamin, ... ])): Send request successfully

2022-11-25 09:47:26 - [MESSAGE][INFO] - HAR: D:\DMS\Engine Scoring\Reports\20221125_094400\Exclude KKB - DS - Married\Scoring Married - DS\20221125_094402\requests\main\52.har

2022-11-25 09:47:26 - [MESSAGE][PASSED] - Send request successfully

2022-11-25 09:47:26 - [TEST_STEP][PASSED] - slurper = new groovy.json.JsonSlurper(): null

2022-11-25 09:47:26 - [TEST_STEP][PASSED] - result = slurper.parseText(req_data.getResponseBodyContent()): null

2022-11-25 09:47:26 - [TEST_STEP][PASSED] - reqid_kons = requestid1: null

2022-11-25 09:47:26 - [TEST_STEP][PASSED] - reqid_spouse = requestid2: null

2022-11-25 09:47:26 - [TEST_STEP][PASSED] - println("requestid kons : " + reqid_kons): null

2022-11-25 09:47:26 - [TEST_STEP][PASSED] - response_searchME_kons = reqid_kons: null

2022-11-25 09:47:26 - [TEST_STEP][PASSED] - response_searchME_spouse = reqid_spouse: null

2022-11-25 09:47:26 - [TEST_STEP][PASSED] - println("kons req id is :" + response_searchME_kons): null

2022-11-25 09:47:26 - [TEST_STEP][PASSED] - println("spouse req id is : " + response_searchME_spouse): null

2022-11-25 09:47:26 - [TEST_STEP][PASSED] - verifyResponseStatusCode(req_data, 200): Verify response status code successfully

2022-11-25 09:47:26 - [MESSAGE][PASSED] - Verify response status code successfully

2022-11-25 09:47:26 - [TEST_STEP][PASSED] - response = req_data.getResponseText(): null

2022-11-25 09:47:26 - [TEST_STEP][PASSED] - logInfo($response): {"status":"Done","data":{"requestid1":"255222","requestid2":"255223"}}

2022-11-25 09:47:26 - [MESSAGE][INFO] - {"status":"Done","data":{"requestid1":"255222","requestid2":"255223"}}

2022-11-25 09:47:26 - [TEST_STEP][PASSED] - delay(5): Delayed 5 second(s)

2022-11-25 09:47:31 - [MESSAGE][PASSED] - Delayed 5 second(s)

2022-11-25 09:47:31 - [TEST_STEP][PASSED] - scoring = sendRequest(findTestObject("EngineScore", ["response_searchME_kons":response_searchME_kons, "response_searchME_spouse":response_searchME_spouse])): Send request successfully

2022-11-25 09:47:31 - [MESSAGE][INFO] - HAR: D:\DMS\Engine Scoring\Reports\20221125_094400\Exclude KKB - DS - Married\Scoring Married - DS\20221125_094402\requests\main\53.har

2022-11-25 09:47:31 - [MESSAGE][PASSED] - Send request successfully

2022-11-25 09:47:31 - [TEST_STEP][PASSED] - verifyResponseStatusCode(scoring, 200): Verify response status code successfully

2022-11-25 09:47:31 - [MESSAGE][PASSED] - Verify response status code successfully

2022-11-25 09:47:31 - [TEST_STEP][PASSED] - response2 = scoring.getResponseText(): null

2022-11-25 09:47:31 - [TEST_STEP][PASSED] - markPassed("result service data ke : " + no): result service data ke : 27

2022-11-25 09:47:31 - [MESSAGE][PASSED] - result service data ke : 27

2022-11-25 09:47:31 - [TEST_STEP][PASSED] - logInfo($response2): {"result_konsumen":"Reject","result_pasangan":"Reguler","Final_result":"Reject","errorMessage":"","status":"Done"}

2022-11-25 09:47:31 - [MESSAGE][INFO] - {"result_konsumen":"Reject","result_pasangan":"Reguler","Final_result":"Reject","errorMessage":"","status":"Done"}

2022-11-25 09:47:31 - [TEST_STEP][PASSED] - verifyElementPropertyValue(scoring, "Final_result", final_result): Verify element property value successfully

2022-11-25 09:47:31 - [MESSAGE][PASSED] - Verify element property value successfully]]></system-out>
         <system-err><![CDATA[]]></system-err>
      </testcase>
      <testcase name="Test Cases/Engine_Scoring/Engine Scoring" time="6.972" classname="Test Cases/Engine_Scoring/Engine Scoring" status="PASSED">
         <system-out><![CDATA[2022-11-25 09:47:31 - [TEST_CASE][PASSED] - Test Cases/Engine_Scoring/Engine Scoring: Test Cases/Engine_Scoring/Engine Scoring

2022-11-25 09:47:32 - [TEST_STEP][PASSED] - markPassed("Variasi data ke : " + no): Variasi data ke : 28

2022-11-25 09:47:32 - [MESSAGE][PASSED] - Variasi data ke : 28

2022-11-25 09:47:32 - [TEST_STEP][PASSED] - req_data = sendRequest(findTestObject("Search_ME", ["MID":MID, "source":source, "ip":ip, "userid":userid, "branch":branch, "tipekons":tipekons, "marital":marital, "penjamin":penjamin, ... ])): Send request successfully

2022-11-25 09:47:33 - [MESSAGE][INFO] - HAR: D:\DMS\Engine Scoring\Reports\20221125_094400\Exclude KKB - DS - Married\Scoring Married - DS\20221125_094402\requests\main\54.har

2022-11-25 09:47:33 - [MESSAGE][PASSED] - Send request successfully

2022-11-25 09:47:33 - [TEST_STEP][PASSED] - slurper = new groovy.json.JsonSlurper(): null

2022-11-25 09:47:33 - [TEST_STEP][PASSED] - result = slurper.parseText(req_data.getResponseBodyContent()): null

2022-11-25 09:47:33 - [TEST_STEP][PASSED] - reqid_kons = requestid1: null

2022-11-25 09:47:33 - [TEST_STEP][PASSED] - reqid_spouse = requestid2: null

2022-11-25 09:47:33 - [TEST_STEP][PASSED] - println("requestid kons : " + reqid_kons): null

2022-11-25 09:47:33 - [TEST_STEP][PASSED] - response_searchME_kons = reqid_kons: null

2022-11-25 09:47:33 - [TEST_STEP][PASSED] - response_searchME_spouse = reqid_spouse: null

2022-11-25 09:47:33 - [TEST_STEP][PASSED] - println("kons req id is :" + response_searchME_kons): null

2022-11-25 09:47:33 - [TEST_STEP][PASSED] - println("spouse req id is : " + response_searchME_spouse): null

2022-11-25 09:47:33 - [TEST_STEP][PASSED] - verifyResponseStatusCode(req_data, 200): Verify response status code successfully

2022-11-25 09:47:33 - [MESSAGE][PASSED] - Verify response status code successfully

2022-11-25 09:47:33 - [TEST_STEP][PASSED] - response = req_data.getResponseText(): null

2022-11-25 09:47:33 - [TEST_STEP][PASSED] - logInfo($response): {"status":"Done","data":{"requestid1":"255225","requestid2":"255226"}}

2022-11-25 09:47:33 - [MESSAGE][INFO] - {"status":"Done","data":{"requestid1":"255225","requestid2":"255226"}}

2022-11-25 09:47:33 - [TEST_STEP][PASSED] - delay(5): Delayed 5 second(s)

2022-11-25 09:47:38 - [MESSAGE][PASSED] - Delayed 5 second(s)

2022-11-25 09:47:38 - [TEST_STEP][PASSED] - scoring = sendRequest(findTestObject("EngineScore", ["response_searchME_kons":response_searchME_kons, "response_searchME_spouse":response_searchME_spouse])): Send request successfully

2022-11-25 09:47:38 - [MESSAGE][INFO] - HAR: D:\DMS\Engine Scoring\Reports\20221125_094400\Exclude KKB - DS - Married\Scoring Married - DS\20221125_094402\requests\main\55.har

2022-11-25 09:47:38 - [MESSAGE][PASSED] - Send request successfully

2022-11-25 09:47:38 - [TEST_STEP][PASSED] - verifyResponseStatusCode(scoring, 200): Verify response status code successfully

2022-11-25 09:47:38 - [MESSAGE][PASSED] - Verify response status code successfully

2022-11-25 09:47:38 - [TEST_STEP][PASSED] - response2 = scoring.getResponseText(): null

2022-11-25 09:47:38 - [TEST_STEP][PASSED] - markPassed("result service data ke : " + no): result service data ke : 28

2022-11-25 09:47:38 - [MESSAGE][PASSED] - result service data ke : 28

2022-11-25 09:47:38 - [TEST_STEP][PASSED] - logInfo($response2): {"result_konsumen":"Reject","result_pasangan":"Approve","Final_result":"Reject","errorMessage":"","status":"Done"}

2022-11-25 09:47:38 - [MESSAGE][INFO] - {"result_konsumen":"Reject","result_pasangan":"Approve","Final_result":"Reject","errorMessage":"","status":"Done"}

2022-11-25 09:47:38 - [TEST_STEP][PASSED] - verifyElementPropertyValue(scoring, "Final_result", final_result): Verify element property value successfully

2022-11-25 09:47:38 - [MESSAGE][PASSED] - Verify element property value successfully]]></system-out>
         <system-err><![CDATA[]]></system-err>
      </testcase>
      <testcase name="Test Cases/Engine_Scoring/Engine Scoring" time="6.846" classname="Test Cases/Engine_Scoring/Engine Scoring" status="PASSED">
         <system-out><![CDATA[2022-11-25 09:47:38 - [TEST_CASE][PASSED] - Test Cases/Engine_Scoring/Engine Scoring: Test Cases/Engine_Scoring/Engine Scoring

2022-11-25 09:47:39 - [TEST_STEP][PASSED] - markPassed("Variasi data ke : " + no): Variasi data ke : 29

2022-11-25 09:47:39 - [MESSAGE][PASSED] - Variasi data ke : 29

2022-11-25 09:47:39 - [TEST_STEP][PASSED] - req_data = sendRequest(findTestObject("Search_ME", ["MID":MID, "source":source, "ip":ip, "userid":userid, "branch":branch, "tipekons":tipekons, "marital":marital, "penjamin":penjamin, ... ])): Send request successfully

2022-11-25 09:47:40 - [MESSAGE][INFO] - HAR: D:\DMS\Engine Scoring\Reports\20221125_094400\Exclude KKB - DS - Married\Scoring Married - DS\20221125_094402\requests\main\56.har

2022-11-25 09:47:40 - [MESSAGE][PASSED] - Send request successfully

2022-11-25 09:47:40 - [TEST_STEP][PASSED] - slurper = new groovy.json.JsonSlurper(): null

2022-11-25 09:47:40 - [TEST_STEP][PASSED] - result = slurper.parseText(req_data.getResponseBodyContent()): null

2022-11-25 09:47:40 - [TEST_STEP][PASSED] - reqid_kons = requestid1: null

2022-11-25 09:47:40 - [TEST_STEP][PASSED] - reqid_spouse = requestid2: null

2022-11-25 09:47:40 - [TEST_STEP][PASSED] - println("requestid kons : " + reqid_kons): null

2022-11-25 09:47:40 - [TEST_STEP][PASSED] - response_searchME_kons = reqid_kons: null

2022-11-25 09:47:40 - [TEST_STEP][PASSED] - response_searchME_spouse = reqid_spouse: null

2022-11-25 09:47:40 - [TEST_STEP][PASSED] - println("kons req id is :" + response_searchME_kons): null

2022-11-25 09:47:40 - [TEST_STEP][PASSED] - println("spouse req id is : " + response_searchME_spouse): null

2022-11-25 09:47:40 - [TEST_STEP][PASSED] - verifyResponseStatusCode(req_data, 200): Verify response status code successfully

2022-11-25 09:47:40 - [MESSAGE][PASSED] - Verify response status code successfully

2022-11-25 09:47:40 - [TEST_STEP][PASSED] - response = req_data.getResponseText(): null

2022-11-25 09:47:40 - [TEST_STEP][PASSED] - logInfo($response): {"status":"Done","data":{"requestid1":"255227","requestid2":"255228"}}

2022-11-25 09:47:40 - [MESSAGE][INFO] - {"status":"Done","data":{"requestid1":"255227","requestid2":"255228"}}

2022-11-25 09:47:40 - [TEST_STEP][PASSED] - delay(5): Delayed 5 second(s)

2022-11-25 09:47:45 - [MESSAGE][PASSED] - Delayed 5 second(s)

2022-11-25 09:47:45 - [TEST_STEP][PASSED] - scoring = sendRequest(findTestObject("EngineScore", ["response_searchME_kons":response_searchME_kons, "response_searchME_spouse":response_searchME_spouse])): Send request successfully

2022-11-25 09:47:45 - [MESSAGE][INFO] - HAR: D:\DMS\Engine Scoring\Reports\20221125_094400\Exclude KKB - DS - Married\Scoring Married - DS\20221125_094402\requests\main\57.har

2022-11-25 09:47:45 - [MESSAGE][PASSED] - Send request successfully

2022-11-25 09:47:45 - [TEST_STEP][PASSED] - verifyResponseStatusCode(scoring, 200): Verify response status code successfully

2022-11-25 09:47:45 - [MESSAGE][PASSED] - Verify response status code successfully

2022-11-25 09:47:45 - [TEST_STEP][PASSED] - response2 = scoring.getResponseText(): null

2022-11-25 09:47:45 - [TEST_STEP][PASSED] - markPassed("result service data ke : " + no): result service data ke : 29

2022-11-25 09:47:45 - [MESSAGE][PASSED] - result service data ke : 29

2022-11-25 09:47:45 - [TEST_STEP][PASSED] - logInfo($response2): {"result_konsumen":"Reject","result_pasangan":"Approve","Final_result":"Reject","errorMessage":"","status":"Done"}

2022-11-25 09:47:45 - [MESSAGE][INFO] - {"result_konsumen":"Reject","result_pasangan":"Approve","Final_result":"Reject","errorMessage":"","status":"Done"}

2022-11-25 09:47:45 - [TEST_STEP][PASSED] - verifyElementPropertyValue(scoring, "Final_result", final_result): Verify element property value successfully

2022-11-25 09:47:45 - [MESSAGE][PASSED] - Verify element property value successfully]]></system-out>
         <system-err><![CDATA[]]></system-err>
      </testcase>
      <testcase name="Test Cases/Engine_Scoring/Engine Scoring" time="6.888" classname="Test Cases/Engine_Scoring/Engine Scoring" status="PASSED">
         <system-out><![CDATA[2022-11-25 09:47:45 - [TEST_CASE][PASSED] - Test Cases/Engine_Scoring/Engine Scoring: Test Cases/Engine_Scoring/Engine Scoring

2022-11-25 09:47:46 - [TEST_STEP][PASSED] - markPassed("Variasi data ke : " + no): Variasi data ke : 30

2022-11-25 09:47:46 - [MESSAGE][PASSED] - Variasi data ke : 30

2022-11-25 09:47:46 - [TEST_STEP][PASSED] - req_data = sendRequest(findTestObject("Search_ME", ["MID":MID, "source":source, "ip":ip, "userid":userid, "branch":branch, "tipekons":tipekons, "marital":marital, "penjamin":penjamin, ... ])): Send request successfully

2022-11-25 09:47:47 - [MESSAGE][INFO] - HAR: D:\DMS\Engine Scoring\Reports\20221125_094400\Exclude KKB - DS - Married\Scoring Married - DS\20221125_094402\requests\main\58.har

2022-11-25 09:47:47 - [MESSAGE][PASSED] - Send request successfully

2022-11-25 09:47:47 - [TEST_STEP][PASSED] - slurper = new groovy.json.JsonSlurper(): null

2022-11-25 09:47:47 - [TEST_STEP][PASSED] - result = slurper.parseText(req_data.getResponseBodyContent()): null

2022-11-25 09:47:47 - [TEST_STEP][PASSED] - reqid_kons = requestid1: null

2022-11-25 09:47:47 - [TEST_STEP][PASSED] - reqid_spouse = requestid2: null

2022-11-25 09:47:47 - [TEST_STEP][PASSED] - println("requestid kons : " + reqid_kons): null

2022-11-25 09:47:47 - [TEST_STEP][PASSED] - response_searchME_kons = reqid_kons: null

2022-11-25 09:47:47 - [TEST_STEP][PASSED] - response_searchME_spouse = reqid_spouse: null

2022-11-25 09:47:47 - [TEST_STEP][PASSED] - println("kons req id is :" + response_searchME_kons): null

2022-11-25 09:47:47 - [TEST_STEP][PASSED] - println("spouse req id is : " + response_searchME_spouse): null

2022-11-25 09:47:47 - [TEST_STEP][PASSED] - verifyResponseStatusCode(req_data, 200): Verify response status code successfully

2022-11-25 09:47:47 - [MESSAGE][PASSED] - Verify response status code successfully

2022-11-25 09:47:47 - [TEST_STEP][PASSED] - response = req_data.getResponseText(): null

2022-11-25 09:47:47 - [TEST_STEP][PASSED] - logInfo($response): {"status":"Done","data":{"requestid1":"255230","requestid2":"255231"}}

2022-11-25 09:47:47 - [MESSAGE][INFO] - {"status":"Done","data":{"requestid1":"255230","requestid2":"255231"}}

2022-11-25 09:47:47 - [TEST_STEP][PASSED] - delay(5): Delayed 5 second(s)

2022-11-25 09:47:52 - [MESSAGE][PASSED] - Delayed 5 second(s)

2022-11-25 09:47:52 - [TEST_STEP][PASSED] - scoring = sendRequest(findTestObject("EngineScore", ["response_searchME_kons":response_searchME_kons, "response_searchME_spouse":response_searchME_spouse])): Send request successfully

2022-11-25 09:47:52 - [MESSAGE][INFO] - HAR: D:\DMS\Engine Scoring\Reports\20221125_094400\Exclude KKB - DS - Married\Scoring Married - DS\20221125_094402\requests\main\59.har

2022-11-25 09:47:52 - [MESSAGE][PASSED] - Send request successfully

2022-11-25 09:47:52 - [TEST_STEP][PASSED] - verifyResponseStatusCode(scoring, 200): Verify response status code successfully

2022-11-25 09:47:52 - [MESSAGE][PASSED] - Verify response status code successfully

2022-11-25 09:47:52 - [TEST_STEP][PASSED] - response2 = scoring.getResponseText(): null

2022-11-25 09:47:52 - [TEST_STEP][PASSED] - markPassed("result service data ke : " + no): result service data ke : 30

2022-11-25 09:47:52 - [MESSAGE][PASSED] - result service data ke : 30

2022-11-25 09:47:52 - [TEST_STEP][PASSED] - logInfo($response2): {"result_konsumen":"Reject","result_pasangan":"Approve","Final_result":"Reject","errorMessage":"","status":"Done"}

2022-11-25 09:47:52 - [MESSAGE][INFO] - {"result_konsumen":"Reject","result_pasangan":"Approve","Final_result":"Reject","errorMessage":"","status":"Done"}

2022-11-25 09:47:52 - [TEST_STEP][PASSED] - verifyElementPropertyValue(scoring, "Final_result", final_result): Verify element property value successfully

2022-11-25 09:47:52 - [MESSAGE][PASSED] - Verify element property value successfully]]></system-out>
         <system-err><![CDATA[]]></system-err>
      </testcase>
      <testcase name="Test Cases/Engine_Scoring/Engine Scoring" time="6.759" classname="Test Cases/Engine_Scoring/Engine Scoring" status="PASSED">
         <system-out><![CDATA[2022-11-25 09:47:52 - [TEST_CASE][PASSED] - Test Cases/Engine_Scoring/Engine Scoring: Test Cases/Engine_Scoring/Engine Scoring

2022-11-25 09:47:53 - [TEST_STEP][PASSED] - markPassed("Variasi data ke : " + no): Variasi data ke : 31

2022-11-25 09:47:53 - [MESSAGE][PASSED] - Variasi data ke : 31

2022-11-25 09:47:53 - [TEST_STEP][PASSED] - req_data = sendRequest(findTestObject("Search_ME", ["MID":MID, "source":source, "ip":ip, "userid":userid, "branch":branch, "tipekons":tipekons, "marital":marital, "penjamin":penjamin, ... ])): Send request successfully

2022-11-25 09:47:53 - [MESSAGE][INFO] - HAR: D:\DMS\Engine Scoring\Reports\20221125_094400\Exclude KKB - DS - Married\Scoring Married - DS\20221125_094402\requests\main\60.har

2022-11-25 09:47:53 - [MESSAGE][PASSED] - Send request successfully

2022-11-25 09:47:53 - [TEST_STEP][PASSED] - slurper = new groovy.json.JsonSlurper(): null

2022-11-25 09:47:53 - [TEST_STEP][PASSED] - result = slurper.parseText(req_data.getResponseBodyContent()): null

2022-11-25 09:47:53 - [TEST_STEP][PASSED] - reqid_kons = requestid1: null

2022-11-25 09:47:53 - [TEST_STEP][PASSED] - reqid_spouse = requestid2: null

2022-11-25 09:47:53 - [TEST_STEP][PASSED] - println("requestid kons : " + reqid_kons): null

2022-11-25 09:47:53 - [TEST_STEP][PASSED] - response_searchME_kons = reqid_kons: null

2022-11-25 09:47:53 - [TEST_STEP][PASSED] - response_searchME_spouse = reqid_spouse: null

2022-11-25 09:47:53 - [TEST_STEP][PASSED] - println("kons req id is :" + response_searchME_kons): null

2022-11-25 09:47:53 - [TEST_STEP][PASSED] - println("spouse req id is : " + response_searchME_spouse): null

2022-11-25 09:47:53 - [TEST_STEP][PASSED] - verifyResponseStatusCode(req_data, 200): Verify response status code successfully

2022-11-25 09:47:53 - [MESSAGE][PASSED] - Verify response status code successfully

2022-11-25 09:47:53 - [TEST_STEP][PASSED] - response = req_data.getResponseText(): null

2022-11-25 09:47:53 - [TEST_STEP][PASSED] - logInfo($response): {"status":"Done","data":{"requestid1":"255233","requestid2":"255234"}}

2022-11-25 09:47:53 - [MESSAGE][INFO] - {"status":"Done","data":{"requestid1":"255233","requestid2":"255234"}}

2022-11-25 09:47:53 - [TEST_STEP][PASSED] - delay(5): Delayed 5 second(s)

2022-11-25 09:47:58 - [MESSAGE][PASSED] - Delayed 5 second(s)

2022-11-25 09:47:58 - [TEST_STEP][PASSED] - scoring = sendRequest(findTestObject("EngineScore", ["response_searchME_kons":response_searchME_kons, "response_searchME_spouse":response_searchME_spouse])): Send request successfully

2022-11-25 09:47:59 - [MESSAGE][INFO] - HAR: D:\DMS\Engine Scoring\Reports\20221125_094400\Exclude KKB - DS - Married\Scoring Married - DS\20221125_094402\requests\main\61.har

2022-11-25 09:47:59 - [MESSAGE][PASSED] - Send request successfully

2022-11-25 09:47:59 - [TEST_STEP][PASSED] - verifyResponseStatusCode(scoring, 200): Verify response status code successfully

2022-11-25 09:47:59 - [MESSAGE][PASSED] - Verify response status code successfully

2022-11-25 09:47:59 - [TEST_STEP][PASSED] - response2 = scoring.getResponseText(): null

2022-11-25 09:47:59 - [TEST_STEP][PASSED] - markPassed("result service data ke : " + no): result service data ke : 31

2022-11-25 09:47:59 - [MESSAGE][PASSED] - result service data ke : 31

2022-11-25 09:47:59 - [TEST_STEP][PASSED] - logInfo($response2): {"result_konsumen":"Reject","result_pasangan":"Approve","Final_result":"Reject","errorMessage":"","status":"Done"}

2022-11-25 09:47:59 - [MESSAGE][INFO] - {"result_konsumen":"Reject","result_pasangan":"Approve","Final_result":"Reject","errorMessage":"","status":"Done"}

2022-11-25 09:47:59 - [TEST_STEP][PASSED] - verifyElementPropertyValue(scoring, "Final_result", final_result): Verify element property value successfully

2022-11-25 09:47:59 - [MESSAGE][PASSED] - Verify element property value successfully]]></system-out>
         <system-err><![CDATA[]]></system-err>
      </testcase>
      <testcase name="Test Cases/Engine_Scoring/Engine Scoring" time="6.878" classname="Test Cases/Engine_Scoring/Engine Scoring" status="PASSED">
         <system-out><![CDATA[2022-11-25 09:47:59 - [TEST_CASE][PASSED] - Test Cases/Engine_Scoring/Engine Scoring: Test Cases/Engine_Scoring/Engine Scoring

2022-11-25 09:47:59 - [TEST_STEP][PASSED] - markPassed("Variasi data ke : " + no): Variasi data ke : 32

2022-11-25 09:47:59 - [MESSAGE][PASSED] - Variasi data ke : 32

2022-11-25 09:47:59 - [TEST_STEP][PASSED] - req_data = sendRequest(findTestObject("Search_ME", ["MID":MID, "source":source, "ip":ip, "userid":userid, "branch":branch, "tipekons":tipekons, "marital":marital, "penjamin":penjamin, ... ])): Send request successfully

2022-11-25 09:48:00 - [MESSAGE][INFO] - HAR: D:\DMS\Engine Scoring\Reports\20221125_094400\Exclude KKB - DS - Married\Scoring Married - DS\20221125_094402\requests\main\62.har

2022-11-25 09:48:00 - [MESSAGE][PASSED] - Send request successfully

2022-11-25 09:48:00 - [TEST_STEP][PASSED] - slurper = new groovy.json.JsonSlurper(): null

2022-11-25 09:48:00 - [TEST_STEP][PASSED] - result = slurper.parseText(req_data.getResponseBodyContent()): null

2022-11-25 09:48:00 - [TEST_STEP][PASSED] - reqid_kons = requestid1: null

2022-11-25 09:48:00 - [TEST_STEP][PASSED] - reqid_spouse = requestid2: null

2022-11-25 09:48:00 - [TEST_STEP][PASSED] - println("requestid kons : " + reqid_kons): null

2022-11-25 09:48:00 - [TEST_STEP][PASSED] - response_searchME_kons = reqid_kons: null

2022-11-25 09:48:00 - [TEST_STEP][PASSED] - response_searchME_spouse = reqid_spouse: null

2022-11-25 09:48:00 - [TEST_STEP][PASSED] - println("kons req id is :" + response_searchME_kons): null

2022-11-25 09:48:00 - [TEST_STEP][PASSED] - println("spouse req id is : " + response_searchME_spouse): null

2022-11-25 09:48:00 - [TEST_STEP][PASSED] - verifyResponseStatusCode(req_data, 200): Verify response status code successfully

2022-11-25 09:48:00 - [MESSAGE][PASSED] - Verify response status code successfully

2022-11-25 09:48:00 - [TEST_STEP][PASSED] - response = req_data.getResponseText(): null

2022-11-25 09:48:00 - [TEST_STEP][PASSED] - logInfo($response): {"status":"Done","data":{"requestid1":"255236","requestid2":"255237"}}

2022-11-25 09:48:00 - [MESSAGE][INFO] - {"status":"Done","data":{"requestid1":"255236","requestid2":"255237"}}

2022-11-25 09:48:00 - [TEST_STEP][PASSED] - delay(5): Delayed 5 second(s)

2022-11-25 09:48:05 - [MESSAGE][PASSED] - Delayed 5 second(s)

2022-11-25 09:48:05 - [TEST_STEP][PASSED] - scoring = sendRequest(findTestObject("EngineScore", ["response_searchME_kons":response_searchME_kons, "response_searchME_spouse":response_searchME_spouse])): Send request successfully

2022-11-25 09:48:05 - [MESSAGE][INFO] - HAR: D:\DMS\Engine Scoring\Reports\20221125_094400\Exclude KKB - DS - Married\Scoring Married - DS\20221125_094402\requests\main\63.har

2022-11-25 09:48:05 - [MESSAGE][PASSED] - Send request successfully

2022-11-25 09:48:05 - [TEST_STEP][PASSED] - verifyResponseStatusCode(scoring, 200): Verify response status code successfully

2022-11-25 09:48:05 - [MESSAGE][PASSED] - Verify response status code successfully

2022-11-25 09:48:05 - [TEST_STEP][PASSED] - response2 = scoring.getResponseText(): null

2022-11-25 09:48:05 - [TEST_STEP][PASSED] - markPassed("result service data ke : " + no): result service data ke : 32

2022-11-25 09:48:05 - [MESSAGE][PASSED] - result service data ke : 32

2022-11-25 09:48:05 - [TEST_STEP][PASSED] - logInfo($response2): {"result_konsumen":"Reject","result_pasangan":"Reject","Final_result":"Reject","errorMessage":"","status":"Done"}

2022-11-25 09:48:05 - [MESSAGE][INFO] - {"result_konsumen":"Reject","result_pasangan":"Reject","Final_result":"Reject","errorMessage":"","status":"Done"}

2022-11-25 09:48:05 - [TEST_STEP][PASSED] - verifyElementPropertyValue(scoring, "Final_result", final_result): Verify element property value successfully

2022-11-25 09:48:05 - [MESSAGE][PASSED] - Verify element property value successfully]]></system-out>
         <system-err><![CDATA[]]></system-err>
      </testcase>
      <testcase name="Test Cases/Engine_Scoring/Engine Scoring" time="6.73" classname="Test Cases/Engine_Scoring/Engine Scoring" status="PASSED">
         <system-out><![CDATA[2022-11-25 09:48:06 - [TEST_CASE][PASSED] - Test Cases/Engine_Scoring/Engine Scoring: Test Cases/Engine_Scoring/Engine Scoring

2022-11-25 09:48:06 - [TEST_STEP][PASSED] - markPassed("Variasi data ke : " + no): Variasi data ke : 33

2022-11-25 09:48:06 - [MESSAGE][PASSED] - Variasi data ke : 33

2022-11-25 09:48:06 - [TEST_STEP][PASSED] - req_data = sendRequest(findTestObject("Search_ME", ["MID":MID, "source":source, "ip":ip, "userid":userid, "branch":branch, "tipekons":tipekons, "marital":marital, "penjamin":penjamin, ... ])): Send request successfully

2022-11-25 09:48:07 - [MESSAGE][INFO] - HAR: D:\DMS\Engine Scoring\Reports\20221125_094400\Exclude KKB - DS - Married\Scoring Married - DS\20221125_094402\requests\main\64.har

2022-11-25 09:48:07 - [MESSAGE][PASSED] - Send request successfully

2022-11-25 09:48:07 - [TEST_STEP][PASSED] - slurper = new groovy.json.JsonSlurper(): null

2022-11-25 09:48:07 - [TEST_STEP][PASSED] - result = slurper.parseText(req_data.getResponseBodyContent()): null

2022-11-25 09:48:07 - [TEST_STEP][PASSED] - reqid_kons = requestid1: null

2022-11-25 09:48:07 - [TEST_STEP][PASSED] - reqid_spouse = requestid2: null

2022-11-25 09:48:07 - [TEST_STEP][PASSED] - println("requestid kons : " + reqid_kons): null

2022-11-25 09:48:07 - [TEST_STEP][PASSED] - response_searchME_kons = reqid_kons: null

2022-11-25 09:48:07 - [TEST_STEP][PASSED] - response_searchME_spouse = reqid_spouse: null

2022-11-25 09:48:07 - [TEST_STEP][PASSED] - println("kons req id is :" + response_searchME_kons): null

2022-11-25 09:48:07 - [TEST_STEP][PASSED] - println("spouse req id is : " + response_searchME_spouse): null

2022-11-25 09:48:07 - [TEST_STEP][PASSED] - verifyResponseStatusCode(req_data, 200): Verify response status code successfully

2022-11-25 09:48:07 - [MESSAGE][PASSED] - Verify response status code successfully

2022-11-25 09:48:07 - [TEST_STEP][PASSED] - response = req_data.getResponseText(): null

2022-11-25 09:48:07 - [TEST_STEP][PASSED] - logInfo($response): {"status":"Done","data":{"requestid1":"255239","requestid2":"255240"}}

2022-11-25 09:48:07 - [MESSAGE][INFO] - {"status":"Done","data":{"requestid1":"255239","requestid2":"255240"}}

2022-11-25 09:48:07 - [TEST_STEP][PASSED] - delay(5): Delayed 5 second(s)

2022-11-25 09:48:12 - [MESSAGE][PASSED] - Delayed 5 second(s)

2022-11-25 09:48:12 - [TEST_STEP][PASSED] - scoring = sendRequest(findTestObject("EngineScore", ["response_searchME_kons":response_searchME_kons, "response_searchME_spouse":response_searchME_spouse])): Send request successfully

2022-11-25 09:48:12 - [MESSAGE][INFO] - HAR: D:\DMS\Engine Scoring\Reports\20221125_094400\Exclude KKB - DS - Married\Scoring Married - DS\20221125_094402\requests\main\65.har

2022-11-25 09:48:12 - [MESSAGE][PASSED] - Send request successfully

2022-11-25 09:48:12 - [TEST_STEP][PASSED] - verifyResponseStatusCode(scoring, 200): Verify response status code successfully

2022-11-25 09:48:12 - [MESSAGE][PASSED] - Verify response status code successfully

2022-11-25 09:48:12 - [TEST_STEP][PASSED] - response2 = scoring.getResponseText(): null

2022-11-25 09:48:12 - [TEST_STEP][PASSED] - markPassed("result service data ke : " + no): result service data ke : 33

2022-11-25 09:48:12 - [MESSAGE][PASSED] - result service data ke : 33

2022-11-25 09:48:12 - [TEST_STEP][PASSED] - logInfo($response2): {"result_konsumen":"Reject","result_pasangan":"Reject","Final_result":"Reject","errorMessage":"","status":"Done"}

2022-11-25 09:48:12 - [MESSAGE][INFO] - {"result_konsumen":"Reject","result_pasangan":"Reject","Final_result":"Reject","errorMessage":"","status":"Done"}

2022-11-25 09:48:12 - [TEST_STEP][PASSED] - verifyElementPropertyValue(scoring, "Final_result", final_result): Verify element property value successfully

2022-11-25 09:48:12 - [MESSAGE][PASSED] - Verify element property value successfully]]></system-out>
         <system-err><![CDATA[]]></system-err>
      </testcase>
      <testcase name="Test Cases/Engine_Scoring/Engine Scoring" time="6.748" classname="Test Cases/Engine_Scoring/Engine Scoring" status="PASSED">
         <system-out><![CDATA[2022-11-25 09:48:12 - [TEST_CASE][PASSED] - Test Cases/Engine_Scoring/Engine Scoring: Test Cases/Engine_Scoring/Engine Scoring

2022-11-25 09:48:13 - [TEST_STEP][PASSED] - markPassed("Variasi data ke : " + no): Variasi data ke : 34

2022-11-25 09:48:13 - [MESSAGE][PASSED] - Variasi data ke : 34

2022-11-25 09:48:13 - [TEST_STEP][PASSED] - req_data = sendRequest(findTestObject("Search_ME", ["MID":MID, "source":source, "ip":ip, "userid":userid, "branch":branch, "tipekons":tipekons, "marital":marital, "penjamin":penjamin, ... ])): Send request successfully

2022-11-25 09:48:14 - [MESSAGE][INFO] - HAR: D:\DMS\Engine Scoring\Reports\20221125_094400\Exclude KKB - DS - Married\Scoring Married - DS\20221125_094402\requests\main\66.har

2022-11-25 09:48:14 - [MESSAGE][PASSED] - Send request successfully

2022-11-25 09:48:14 - [TEST_STEP][PASSED] - slurper = new groovy.json.JsonSlurper(): null

2022-11-25 09:48:14 - [TEST_STEP][PASSED] - result = slurper.parseText(req_data.getResponseBodyContent()): null

2022-11-25 09:48:14 - [TEST_STEP][PASSED] - reqid_kons = requestid1: null

2022-11-25 09:48:14 - [TEST_STEP][PASSED] - reqid_spouse = requestid2: null

2022-11-25 09:48:14 - [TEST_STEP][PASSED] - println("requestid kons : " + reqid_kons): null

2022-11-25 09:48:14 - [TEST_STEP][PASSED] - response_searchME_kons = reqid_kons: null

2022-11-25 09:48:14 - [TEST_STEP][PASSED] - response_searchME_spouse = reqid_spouse: null

2022-11-25 09:48:14 - [TEST_STEP][PASSED] - println("kons req id is :" + response_searchME_kons): null

2022-11-25 09:48:14 - [TEST_STEP][PASSED] - println("spouse req id is : " + response_searchME_spouse): null

2022-11-25 09:48:14 - [TEST_STEP][PASSED] - verifyResponseStatusCode(req_data, 200): Verify response status code successfully

2022-11-25 09:48:14 - [MESSAGE][PASSED] - Verify response status code successfully

2022-11-25 09:48:14 - [TEST_STEP][PASSED] - response = req_data.getResponseText(): null

2022-11-25 09:48:14 - [TEST_STEP][PASSED] - logInfo($response): {"status":"Done","data":{"requestid1":"255242","requestid2":"255243"}}

2022-11-25 09:48:14 - [MESSAGE][INFO] - {"status":"Done","data":{"requestid1":"255242","requestid2":"255243"}}

2022-11-25 09:48:14 - [TEST_STEP][PASSED] - delay(5): Delayed 5 second(s)

2022-11-25 09:48:19 - [MESSAGE][PASSED] - Delayed 5 second(s)

2022-11-25 09:48:19 - [TEST_STEP][PASSED] - scoring = sendRequest(findTestObject("EngineScore", ["response_searchME_kons":response_searchME_kons, "response_searchME_spouse":response_searchME_spouse])): Send request successfully

2022-11-25 09:48:19 - [MESSAGE][INFO] - HAR: D:\DMS\Engine Scoring\Reports\20221125_094400\Exclude KKB - DS - Married\Scoring Married - DS\20221125_094402\requests\main\67.har

2022-11-25 09:48:19 - [MESSAGE][PASSED] - Send request successfully

2022-11-25 09:48:19 - [TEST_STEP][PASSED] - verifyResponseStatusCode(scoring, 200): Verify response status code successfully

2022-11-25 09:48:19 - [MESSAGE][PASSED] - Verify response status code successfully

2022-11-25 09:48:19 - [TEST_STEP][PASSED] - response2 = scoring.getResponseText(): null

2022-11-25 09:48:19 - [TEST_STEP][PASSED] - markPassed("result service data ke : " + no): result service data ke : 34

2022-11-25 09:48:19 - [MESSAGE][PASSED] - result service data ke : 34

2022-11-25 09:48:19 - [TEST_STEP][PASSED] - logInfo($response2): {"result_konsumen":"Reject","result_pasangan":"Reguler","Final_result":"Reject","errorMessage":"","status":"Done"}

2022-11-25 09:48:19 - [MESSAGE][INFO] - {"result_konsumen":"Reject","result_pasangan":"Reguler","Final_result":"Reject","errorMessage":"","status":"Done"}

2022-11-25 09:48:19 - [TEST_STEP][PASSED] - verifyElementPropertyValue(scoring, "Final_result", final_result): Verify element property value successfully

2022-11-25 09:48:19 - [MESSAGE][PASSED] - Verify element property value successfully]]></system-out>
         <system-err><![CDATA[]]></system-err>
      </testcase>
      <testcase name="Test Cases/Engine_Scoring/Engine Scoring" time="6.745" classname="Test Cases/Engine_Scoring/Engine Scoring" status="PASSED">
         <system-out><![CDATA[2022-11-25 09:48:19 - [TEST_CASE][PASSED] - Test Cases/Engine_Scoring/Engine Scoring: Test Cases/Engine_Scoring/Engine Scoring

2022-11-25 09:48:20 - [TEST_STEP][PASSED] - markPassed("Variasi data ke : " + no): Variasi data ke : 35

2022-11-25 09:48:20 - [MESSAGE][PASSED] - Variasi data ke : 35

2022-11-25 09:48:20 - [TEST_STEP][PASSED] - req_data = sendRequest(findTestObject("Search_ME", ["MID":MID, "source":source, "ip":ip, "userid":userid, "branch":branch, "tipekons":tipekons, "marital":marital, "penjamin":penjamin, ... ])): Send request successfully

2022-11-25 09:48:21 - [MESSAGE][INFO] - HAR: D:\DMS\Engine Scoring\Reports\20221125_094400\Exclude KKB - DS - Married\Scoring Married - DS\20221125_094402\requests\main\68.har

2022-11-25 09:48:21 - [MESSAGE][PASSED] - Send request successfully

2022-11-25 09:48:21 - [TEST_STEP][PASSED] - slurper = new groovy.json.JsonSlurper(): null

2022-11-25 09:48:21 - [TEST_STEP][PASSED] - result = slurper.parseText(req_data.getResponseBodyContent()): null

2022-11-25 09:48:21 - [TEST_STEP][PASSED] - reqid_kons = requestid1: null

2022-11-25 09:48:21 - [TEST_STEP][PASSED] - reqid_spouse = requestid2: null

2022-11-25 09:48:21 - [TEST_STEP][PASSED] - println("requestid kons : " + reqid_kons): null

2022-11-25 09:48:21 - [TEST_STEP][PASSED] - response_searchME_kons = reqid_kons: null

2022-11-25 09:48:21 - [TEST_STEP][PASSED] - response_searchME_spouse = reqid_spouse: null

2022-11-25 09:48:21 - [TEST_STEP][PASSED] - println("kons req id is :" + response_searchME_kons): null

2022-11-25 09:48:21 - [TEST_STEP][PASSED] - println("spouse req id is : " + response_searchME_spouse): null

2022-11-25 09:48:21 - [TEST_STEP][PASSED] - verifyResponseStatusCode(req_data, 200): Verify response status code successfully

2022-11-25 09:48:21 - [MESSAGE][PASSED] - Verify response status code successfully

2022-11-25 09:48:21 - [TEST_STEP][PASSED] - response = req_data.getResponseText(): null

2022-11-25 09:48:21 - [TEST_STEP][PASSED] - logInfo($response): {"status":"Done","data":{"requestid1":"255245","requestid2":"255246"}}

2022-11-25 09:48:21 - [MESSAGE][INFO] - {"status":"Done","data":{"requestid1":"255245","requestid2":"255246"}}

2022-11-25 09:48:21 - [TEST_STEP][PASSED] - delay(5): Delayed 5 second(s)

2022-11-25 09:48:26 - [MESSAGE][PASSED] - Delayed 5 second(s)

2022-11-25 09:48:26 - [TEST_STEP][PASSED] - scoring = sendRequest(findTestObject("EngineScore", ["response_searchME_kons":response_searchME_kons, "response_searchME_spouse":response_searchME_spouse])): Send request successfully

2022-11-25 09:48:26 - [MESSAGE][INFO] - HAR: D:\DMS\Engine Scoring\Reports\20221125_094400\Exclude KKB - DS - Married\Scoring Married - DS\20221125_094402\requests\main\69.har

2022-11-25 09:48:26 - [MESSAGE][PASSED] - Send request successfully

2022-11-25 09:48:26 - [TEST_STEP][PASSED] - verifyResponseStatusCode(scoring, 200): Verify response status code successfully

2022-11-25 09:48:26 - [MESSAGE][PASSED] - Verify response status code successfully

2022-11-25 09:48:26 - [TEST_STEP][PASSED] - response2 = scoring.getResponseText(): null

2022-11-25 09:48:26 - [TEST_STEP][PASSED] - markPassed("result service data ke : " + no): result service data ke : 35

2022-11-25 09:48:26 - [MESSAGE][PASSED] - result service data ke : 35

2022-11-25 09:48:26 - [TEST_STEP][PASSED] - logInfo($response2): {"result_konsumen":"Reject","result_pasangan":"Reguler","Final_result":"Reject","errorMessage":"","status":"Done"}

2022-11-25 09:48:26 - [MESSAGE][INFO] - {"result_konsumen":"Reject","result_pasangan":"Reguler","Final_result":"Reject","errorMessage":"","status":"Done"}

2022-11-25 09:48:26 - [TEST_STEP][PASSED] - verifyElementPropertyValue(scoring, "Final_result", final_result): Verify element property value successfully

2022-11-25 09:48:26 - [MESSAGE][PASSED] - Verify element property value successfully]]></system-out>
         <system-err><![CDATA[]]></system-err>
      </testcase>
      <testcase name="Test Cases/Engine_Scoring/Engine Scoring" time="6.681" classname="Test Cases/Engine_Scoring/Engine Scoring" status="PASSED">
         <system-out><![CDATA[2022-11-25 09:48:26 - [TEST_CASE][PASSED] - Test Cases/Engine_Scoring/Engine Scoring: Test Cases/Engine_Scoring/Engine Scoring

2022-11-25 09:48:27 - [TEST_STEP][PASSED] - markPassed("Variasi data ke : " + no): Variasi data ke : 36

2022-11-25 09:48:27 - [MESSAGE][PASSED] - Variasi data ke : 36

2022-11-25 09:48:27 - [TEST_STEP][PASSED] - req_data = sendRequest(findTestObject("Search_ME", ["MID":MID, "source":source, "ip":ip, "userid":userid, "branch":branch, "tipekons":tipekons, "marital":marital, "penjamin":penjamin, ... ])): Send request successfully

2022-11-25 09:48:27 - [MESSAGE][INFO] - HAR: D:\DMS\Engine Scoring\Reports\20221125_094400\Exclude KKB - DS - Married\Scoring Married - DS\20221125_094402\requests\main\70.har

2022-11-25 09:48:27 - [MESSAGE][PASSED] - Send request successfully

2022-11-25 09:48:27 - [TEST_STEP][PASSED] - slurper = new groovy.json.JsonSlurper(): null

2022-11-25 09:48:27 - [TEST_STEP][PASSED] - result = slurper.parseText(req_data.getResponseBodyContent()): null

2022-11-25 09:48:27 - [TEST_STEP][PASSED] - reqid_kons = requestid1: null

2022-11-25 09:48:27 - [TEST_STEP][PASSED] - reqid_spouse = requestid2: null

2022-11-25 09:48:27 - [TEST_STEP][PASSED] - println("requestid kons : " + reqid_kons): null

2022-11-25 09:48:27 - [TEST_STEP][PASSED] - response_searchME_kons = reqid_kons: null

2022-11-25 09:48:27 - [TEST_STEP][PASSED] - response_searchME_spouse = reqid_spouse: null

2022-11-25 09:48:27 - [TEST_STEP][PASSED] - println("kons req id is :" + response_searchME_kons): null

2022-11-25 09:48:27 - [TEST_STEP][PASSED] - println("spouse req id is : " + response_searchME_spouse): null

2022-11-25 09:48:27 - [TEST_STEP][PASSED] - verifyResponseStatusCode(req_data, 200): Verify response status code successfully

2022-11-25 09:48:27 - [MESSAGE][PASSED] - Verify response status code successfully

2022-11-25 09:48:27 - [TEST_STEP][PASSED] - response = req_data.getResponseText(): null

2022-11-25 09:48:27 - [TEST_STEP][PASSED] - logInfo($response): {"status":"Done","data":{"requestid1":"255248","requestid2":"255249"}}

2022-11-25 09:48:27 - [MESSAGE][INFO] - {"status":"Done","data":{"requestid1":"255248","requestid2":"255249"}}

2022-11-25 09:48:27 - [TEST_STEP][PASSED] - delay(5): Delayed 5 second(s)

2022-11-25 09:48:32 - [MESSAGE][PASSED] - Delayed 5 second(s)

2022-11-25 09:48:32 - [TEST_STEP][PASSED] - scoring = sendRequest(findTestObject("EngineScore", ["response_searchME_kons":response_searchME_kons, "response_searchME_spouse":response_searchME_spouse])): Send request successfully

2022-11-25 09:48:33 - [MESSAGE][INFO] - HAR: D:\DMS\Engine Scoring\Reports\20221125_094400\Exclude KKB - DS - Married\Scoring Married - DS\20221125_094402\requests\main\71.har

2022-11-25 09:48:33 - [MESSAGE][PASSED] - Send request successfully

2022-11-25 09:48:33 - [TEST_STEP][PASSED] - verifyResponseStatusCode(scoring, 200): Verify response status code successfully

2022-11-25 09:48:33 - [MESSAGE][PASSED] - Verify response status code successfully

2022-11-25 09:48:33 - [TEST_STEP][PASSED] - response2 = scoring.getResponseText(): null

2022-11-25 09:48:33 - [TEST_STEP][PASSED] - markPassed("result service data ke : " + no): result service data ke : 36

2022-11-25 09:48:33 - [MESSAGE][PASSED] - result service data ke : 36

2022-11-25 09:48:33 - [TEST_STEP][PASSED] - logInfo($response2): {"result_konsumen":"Reject","result_pasangan":"Reguler","Final_result":"Reject","errorMessage":"","status":"Done"}

2022-11-25 09:48:33 - [MESSAGE][INFO] - {"result_konsumen":"Reject","result_pasangan":"Reguler","Final_result":"Reject","errorMessage":"","status":"Done"}

2022-11-25 09:48:33 - [TEST_STEP][PASSED] - verifyElementPropertyValue(scoring, "Final_result", final_result): Verify element property value successfully

2022-11-25 09:48:33 - [MESSAGE][PASSED] - Verify element property value successfully]]></system-out>
         <system-err><![CDATA[]]></system-err>
      </testcase>
      <testcase name="Test Cases/Engine_Scoring/Engine Scoring" time="6.663" classname="Test Cases/Engine_Scoring/Engine Scoring" status="PASSED">
         <system-out><![CDATA[2022-11-25 09:48:33 - [TEST_CASE][PASSED] - Test Cases/Engine_Scoring/Engine Scoring: Test Cases/Engine_Scoring/Engine Scoring

2022-11-25 09:48:33 - [TEST_STEP][PASSED] - markPassed("Variasi data ke : " + no): Variasi data ke : 37

2022-11-25 09:48:33 - [MESSAGE][PASSED] - Variasi data ke : 37

2022-11-25 09:48:33 - [TEST_STEP][PASSED] - req_data = sendRequest(findTestObject("Search_ME", ["MID":MID, "source":source, "ip":ip, "userid":userid, "branch":branch, "tipekons":tipekons, "marital":marital, "penjamin":penjamin, ... ])): Send request successfully

2022-11-25 09:48:34 - [MESSAGE][INFO] - HAR: D:\DMS\Engine Scoring\Reports\20221125_094400\Exclude KKB - DS - Married\Scoring Married - DS\20221125_094402\requests\main\72.har

2022-11-25 09:48:34 - [MESSAGE][PASSED] - Send request successfully

2022-11-25 09:48:34 - [TEST_STEP][PASSED] - slurper = new groovy.json.JsonSlurper(): null

2022-11-25 09:48:34 - [TEST_STEP][PASSED] - result = slurper.parseText(req_data.getResponseBodyContent()): null

2022-11-25 09:48:34 - [TEST_STEP][PASSED] - reqid_kons = requestid1: null

2022-11-25 09:48:34 - [TEST_STEP][PASSED] - reqid_spouse = requestid2: null

2022-11-25 09:48:34 - [TEST_STEP][PASSED] - println("requestid kons : " + reqid_kons): null

2022-11-25 09:48:34 - [TEST_STEP][PASSED] - response_searchME_kons = reqid_kons: null

2022-11-25 09:48:34 - [TEST_STEP][PASSED] - response_searchME_spouse = reqid_spouse: null

2022-11-25 09:48:34 - [TEST_STEP][PASSED] - println("kons req id is :" + response_searchME_kons): null

2022-11-25 09:48:34 - [TEST_STEP][PASSED] - println("spouse req id is : " + response_searchME_spouse): null

2022-11-25 09:48:34 - [TEST_STEP][PASSED] - verifyResponseStatusCode(req_data, 200): Verify response status code successfully

2022-11-25 09:48:34 - [MESSAGE][PASSED] - Verify response status code successfully

2022-11-25 09:48:34 - [TEST_STEP][PASSED] - response = req_data.getResponseText(): null

2022-11-25 09:48:34 - [TEST_STEP][PASSED] - logInfo($response): {"status":"Done","data":{"requestid1":"255251","requestid2":"255252"}}

2022-11-25 09:48:34 - [MESSAGE][INFO] - {"status":"Done","data":{"requestid1":"255251","requestid2":"255252"}}

2022-11-25 09:48:34 - [TEST_STEP][PASSED] - delay(5): Delayed 5 second(s)

2022-11-25 09:48:39 - [MESSAGE][PASSED] - Delayed 5 second(s)

2022-11-25 09:48:39 - [TEST_STEP][PASSED] - scoring = sendRequest(findTestObject("EngineScore", ["response_searchME_kons":response_searchME_kons, "response_searchME_spouse":response_searchME_spouse])): Send request successfully

2022-11-25 09:48:39 - [MESSAGE][INFO] - HAR: D:\DMS\Engine Scoring\Reports\20221125_094400\Exclude KKB - DS - Married\Scoring Married - DS\20221125_094402\requests\main\73.har

2022-11-25 09:48:39 - [MESSAGE][PASSED] - Send request successfully

2022-11-25 09:48:39 - [TEST_STEP][PASSED] - verifyResponseStatusCode(scoring, 200): Verify response status code successfully

2022-11-25 09:48:39 - [MESSAGE][PASSED] - Verify response status code successfully

2022-11-25 09:48:39 - [TEST_STEP][PASSED] - response2 = scoring.getResponseText(): null

2022-11-25 09:48:39 - [TEST_STEP][PASSED] - markPassed("result service data ke : " + no): result service data ke : 37

2022-11-25 09:48:39 - [MESSAGE][PASSED] - result service data ke : 37

2022-11-25 09:48:39 - [TEST_STEP][PASSED] - logInfo($response2): {"result_konsumen":"Reject","result_pasangan":"Approve","Final_result":"Reject","errorMessage":"","status":"Done"}

2022-11-25 09:48:39 - [MESSAGE][INFO] - {"result_konsumen":"Reject","result_pasangan":"Approve","Final_result":"Reject","errorMessage":"","status":"Done"}

2022-11-25 09:48:39 - [TEST_STEP][PASSED] - verifyElementPropertyValue(scoring, "Final_result", final_result): Verify element property value successfully

2022-11-25 09:48:39 - [MESSAGE][PASSED] - Verify element property value successfully]]></system-out>
         <system-err><![CDATA[]]></system-err>
      </testcase>
      <testcase name="Test Cases/Engine_Scoring/Engine Scoring" time="6.544" classname="Test Cases/Engine_Scoring/Engine Scoring" status="PASSED">
         <system-out><![CDATA[2022-11-25 09:48:39 - [TEST_CASE][PASSED] - Test Cases/Engine_Scoring/Engine Scoring: Test Cases/Engine_Scoring/Engine Scoring

2022-11-25 09:48:40 - [TEST_STEP][PASSED] - markPassed("Variasi data ke : " + no): Variasi data ke : 38

2022-11-25 09:48:40 - [MESSAGE][PASSED] - Variasi data ke : 38

2022-11-25 09:48:40 - [TEST_STEP][PASSED] - req_data = sendRequest(findTestObject("Search_ME", ["MID":MID, "source":source, "ip":ip, "userid":userid, "branch":branch, "tipekons":tipekons, "marital":marital, "penjamin":penjamin, ... ])): Send request successfully

2022-11-25 09:48:41 - [MESSAGE][INFO] - HAR: D:\DMS\Engine Scoring\Reports\20221125_094400\Exclude KKB - DS - Married\Scoring Married - DS\20221125_094402\requests\main\74.har

2022-11-25 09:48:41 - [MESSAGE][PASSED] - Send request successfully

2022-11-25 09:48:41 - [TEST_STEP][PASSED] - slurper = new groovy.json.JsonSlurper(): null

2022-11-25 09:48:41 - [TEST_STEP][PASSED] - result = slurper.parseText(req_data.getResponseBodyContent()): null

2022-11-25 09:48:41 - [TEST_STEP][PASSED] - reqid_kons = requestid1: null

2022-11-25 09:48:41 - [TEST_STEP][PASSED] - reqid_spouse = requestid2: null

2022-11-25 09:48:41 - [TEST_STEP][PASSED] - println("requestid kons : " + reqid_kons): null

2022-11-25 09:48:41 - [TEST_STEP][PASSED] - response_searchME_kons = reqid_kons: null

2022-11-25 09:48:41 - [TEST_STEP][PASSED] - response_searchME_spouse = reqid_spouse: null

2022-11-25 09:48:41 - [TEST_STEP][PASSED] - println("kons req id is :" + response_searchME_kons): null

2022-11-25 09:48:41 - [TEST_STEP][PASSED] - println("spouse req id is : " + response_searchME_spouse): null

2022-11-25 09:48:41 - [TEST_STEP][PASSED] - verifyResponseStatusCode(req_data, 200): Verify response status code successfully

2022-11-25 09:48:41 - [MESSAGE][PASSED] - Verify response status code successfully

2022-11-25 09:48:41 - [TEST_STEP][PASSED] - response = req_data.getResponseText(): null

2022-11-25 09:48:41 - [TEST_STEP][PASSED] - logInfo($response): {"status":"Done","data":{"requestid1":"255254","requestid2":"255255"}}

2022-11-25 09:48:41 - [MESSAGE][INFO] - {"status":"Done","data":{"requestid1":"255254","requestid2":"255255"}}

2022-11-25 09:48:41 - [TEST_STEP][PASSED] - delay(5): Delayed 5 second(s)

2022-11-25 09:48:46 - [MESSAGE][PASSED] - Delayed 5 second(s)

2022-11-25 09:48:46 - [TEST_STEP][PASSED] - scoring = sendRequest(findTestObject("EngineScore", ["response_searchME_kons":response_searchME_kons, "response_searchME_spouse":response_searchME_spouse])): Send request successfully

2022-11-25 09:48:46 - [MESSAGE][INFO] - HAR: D:\DMS\Engine Scoring\Reports\20221125_094400\Exclude KKB - DS - Married\Scoring Married - DS\20221125_094402\requests\main\75.har

2022-11-25 09:48:46 - [MESSAGE][PASSED] - Send request successfully

2022-11-25 09:48:46 - [TEST_STEP][PASSED] - verifyResponseStatusCode(scoring, 200): Verify response status code successfully

2022-11-25 09:48:46 - [MESSAGE][PASSED] - Verify response status code successfully

2022-11-25 09:48:46 - [TEST_STEP][PASSED] - response2 = scoring.getResponseText(): null

2022-11-25 09:48:46 - [TEST_STEP][PASSED] - markPassed("result service data ke : " + no): result service data ke : 38

2022-11-25 09:48:46 - [MESSAGE][PASSED] - result service data ke : 38

2022-11-25 09:48:46 - [TEST_STEP][PASSED] - logInfo($response2): {"result_konsumen":"Reject","result_pasangan":"Approve","Final_result":"Reject","errorMessage":"","status":"Done"}

2022-11-25 09:48:46 - [MESSAGE][INFO] - {"result_konsumen":"Reject","result_pasangan":"Approve","Final_result":"Reject","errorMessage":"","status":"Done"}

2022-11-25 09:48:46 - [TEST_STEP][PASSED] - verifyElementPropertyValue(scoring, "Final_result", final_result): Verify element property value successfully

2022-11-25 09:48:46 - [MESSAGE][PASSED] - Verify element property value successfully]]></system-out>
         <system-err><![CDATA[]]></system-err>
      </testcase>
      <testcase name="Test Cases/Engine_Scoring/Engine Scoring" time="6.724" classname="Test Cases/Engine_Scoring/Engine Scoring" status="PASSED">
         <system-out><![CDATA[2022-11-25 09:48:46 - [TEST_CASE][PASSED] - Test Cases/Engine_Scoring/Engine Scoring: Test Cases/Engine_Scoring/Engine Scoring

2022-11-25 09:48:47 - [TEST_STEP][PASSED] - markPassed("Variasi data ke : " + no): Variasi data ke : 39

2022-11-25 09:48:47 - [MESSAGE][PASSED] - Variasi data ke : 39

2022-11-25 09:48:47 - [TEST_STEP][PASSED] - req_data = sendRequest(findTestObject("Search_ME", ["MID":MID, "source":source, "ip":ip, "userid":userid, "branch":branch, "tipekons":tipekons, "marital":marital, "penjamin":penjamin, ... ])): Send request successfully

2022-11-25 09:48:48 - [MESSAGE][INFO] - HAR: D:\DMS\Engine Scoring\Reports\20221125_094400\Exclude KKB - DS - Married\Scoring Married - DS\20221125_094402\requests\main\76.har

2022-11-25 09:48:48 - [MESSAGE][PASSED] - Send request successfully

2022-11-25 09:48:48 - [TEST_STEP][PASSED] - slurper = new groovy.json.JsonSlurper(): null

2022-11-25 09:48:48 - [TEST_STEP][PASSED] - result = slurper.parseText(req_data.getResponseBodyContent()): null

2022-11-25 09:48:48 - [TEST_STEP][PASSED] - reqid_kons = requestid1: null

2022-11-25 09:48:48 - [TEST_STEP][PASSED] - reqid_spouse = requestid2: null

2022-11-25 09:48:48 - [TEST_STEP][PASSED] - println("requestid kons : " + reqid_kons): null

2022-11-25 09:48:48 - [TEST_STEP][PASSED] - response_searchME_kons = reqid_kons: null

2022-11-25 09:48:48 - [TEST_STEP][PASSED] - response_searchME_spouse = reqid_spouse: null

2022-11-25 09:48:48 - [TEST_STEP][PASSED] - println("kons req id is :" + response_searchME_kons): null

2022-11-25 09:48:48 - [TEST_STEP][PASSED] - println("spouse req id is : " + response_searchME_spouse): null

2022-11-25 09:48:48 - [TEST_STEP][PASSED] - verifyResponseStatusCode(req_data, 200): Verify response status code successfully

2022-11-25 09:48:48 - [MESSAGE][PASSED] - Verify response status code successfully

2022-11-25 09:48:48 - [TEST_STEP][PASSED] - response = req_data.getResponseText(): null

2022-11-25 09:48:48 - [TEST_STEP][PASSED] - logInfo($response): {"status":"Done","data":{"requestid1":"255257","requestid2":"255258"}}

2022-11-25 09:48:48 - [MESSAGE][INFO] - {"status":"Done","data":{"requestid1":"255257","requestid2":"255258"}}

2022-11-25 09:48:48 - [TEST_STEP][PASSED] - delay(5): Delayed 5 second(s)

2022-11-25 09:48:53 - [MESSAGE][PASSED] - Delayed 5 second(s)

2022-11-25 09:48:53 - [TEST_STEP][PASSED] - scoring = sendRequest(findTestObject("EngineScore", ["response_searchME_kons":response_searchME_kons, "response_searchME_spouse":response_searchME_spouse])): Send request successfully

2022-11-25 09:48:53 - [MESSAGE][INFO] - HAR: D:\DMS\Engine Scoring\Reports\20221125_094400\Exclude KKB - DS - Married\Scoring Married - DS\20221125_094402\requests\main\77.har

2022-11-25 09:48:53 - [MESSAGE][PASSED] - Send request successfully

2022-11-25 09:48:53 - [TEST_STEP][PASSED] - verifyResponseStatusCode(scoring, 200): Verify response status code successfully

2022-11-25 09:48:53 - [MESSAGE][PASSED] - Verify response status code successfully

2022-11-25 09:48:53 - [TEST_STEP][PASSED] - response2 = scoring.getResponseText(): null

2022-11-25 09:48:53 - [TEST_STEP][PASSED] - markPassed("result service data ke : " + no): result service data ke : 39

2022-11-25 09:48:53 - [MESSAGE][PASSED] - result service data ke : 39

2022-11-25 09:48:53 - [TEST_STEP][PASSED] - logInfo($response2): {"result_konsumen":"Reject","result_pasangan":"Approve","Final_result":"Reject","errorMessage":"","status":"Done"}

2022-11-25 09:48:53 - [MESSAGE][INFO] - {"result_konsumen":"Reject","result_pasangan":"Approve","Final_result":"Reject","errorMessage":"","status":"Done"}

2022-11-25 09:48:53 - [TEST_STEP][PASSED] - verifyElementPropertyValue(scoring, "Final_result", final_result): Verify element property value successfully

2022-11-25 09:48:53 - [MESSAGE][PASSED] - Verify element property value successfully]]></system-out>
         <system-err><![CDATA[]]></system-err>
      </testcase>
      <testcase name="Test Cases/Engine_Scoring/Engine Scoring" time="6.797" classname="Test Cases/Engine_Scoring/Engine Scoring" status="PASSED">
         <system-out><![CDATA[2022-11-25 09:48:53 - [TEST_CASE][PASSED] - Test Cases/Engine_Scoring/Engine Scoring: Test Cases/Engine_Scoring/Engine Scoring

2022-11-25 09:48:54 - [TEST_STEP][PASSED] - markPassed("Variasi data ke : " + no): Variasi data ke : 40

2022-11-25 09:48:54 - [MESSAGE][PASSED] - Variasi data ke : 40

2022-11-25 09:48:54 - [TEST_STEP][PASSED] - req_data = sendRequest(findTestObject("Search_ME", ["MID":MID, "source":source, "ip":ip, "userid":userid, "branch":branch, "tipekons":tipekons, "marital":marital, "penjamin":penjamin, ... ])): Send request successfully

2022-11-25 09:48:54 - [MESSAGE][INFO] - HAR: D:\DMS\Engine Scoring\Reports\20221125_094400\Exclude KKB - DS - Married\Scoring Married - DS\20221125_094402\requests\main\78.har

2022-11-25 09:48:54 - [MESSAGE][PASSED] - Send request successfully

2022-11-25 09:48:54 - [TEST_STEP][PASSED] - slurper = new groovy.json.JsonSlurper(): null

2022-11-25 09:48:54 - [TEST_STEP][PASSED] - result = slurper.parseText(req_data.getResponseBodyContent()): null

2022-11-25 09:48:54 - [TEST_STEP][PASSED] - reqid_kons = requestid1: null

2022-11-25 09:48:54 - [TEST_STEP][PASSED] - reqid_spouse = requestid2: null

2022-11-25 09:48:54 - [TEST_STEP][PASSED] - println("requestid kons : " + reqid_kons): null

2022-11-25 09:48:54 - [TEST_STEP][PASSED] - response_searchME_kons = reqid_kons: null

2022-11-25 09:48:54 - [TEST_STEP][PASSED] - response_searchME_spouse = reqid_spouse: null

2022-11-25 09:48:54 - [TEST_STEP][PASSED] - println("kons req id is :" + response_searchME_kons): null

2022-11-25 09:48:54 - [TEST_STEP][PASSED] - println("spouse req id is : " + response_searchME_spouse): null

2022-11-25 09:48:54 - [TEST_STEP][PASSED] - verifyResponseStatusCode(req_data, 200): Verify response status code successfully

2022-11-25 09:48:54 - [MESSAGE][PASSED] - Verify response status code successfully

2022-11-25 09:48:54 - [TEST_STEP][PASSED] - response = req_data.getResponseText(): null

2022-11-25 09:48:54 - [TEST_STEP][PASSED] - logInfo($response): {"status":"Done","data":{"requestid1":"255260","requestid2":"255261"}}

2022-11-25 09:48:54 - [MESSAGE][INFO] - {"status":"Done","data":{"requestid1":"255260","requestid2":"255261"}}

2022-11-25 09:48:54 - [TEST_STEP][PASSED] - delay(5): Delayed 5 second(s)

2022-11-25 09:48:59 - [MESSAGE][PASSED] - Delayed 5 second(s)

2022-11-25 09:48:59 - [TEST_STEP][PASSED] - scoring = sendRequest(findTestObject("EngineScore", ["response_searchME_kons":response_searchME_kons, "response_searchME_spouse":response_searchME_spouse])): Send request successfully

2022-11-25 09:49:00 - [MESSAGE][INFO] - HAR: D:\DMS\Engine Scoring\Reports\20221125_094400\Exclude KKB - DS - Married\Scoring Married - DS\20221125_094402\requests\main\79.har

2022-11-25 09:49:00 - [MESSAGE][PASSED] - Send request successfully

2022-11-25 09:49:00 - [TEST_STEP][PASSED] - verifyResponseStatusCode(scoring, 200): Verify response status code successfully

2022-11-25 09:49:00 - [MESSAGE][PASSED] - Verify response status code successfully

2022-11-25 09:49:00 - [TEST_STEP][PASSED] - response2 = scoring.getResponseText(): null

2022-11-25 09:49:00 - [TEST_STEP][PASSED] - markPassed("result service data ke : " + no): result service data ke : 40

2022-11-25 09:49:00 - [MESSAGE][PASSED] - result service data ke : 40

2022-11-25 09:49:00 - [TEST_STEP][PASSED] - logInfo($response2): {"result_konsumen":"Reject","result_pasangan":"Approve","Final_result":"Reject","errorMessage":"","status":"Done"}

2022-11-25 09:49:00 - [MESSAGE][INFO] - {"result_konsumen":"Reject","result_pasangan":"Approve","Final_result":"Reject","errorMessage":"","status":"Done"}

2022-11-25 09:49:00 - [TEST_STEP][PASSED] - verifyElementPropertyValue(scoring, "Final_result", final_result): Verify element property value successfully

2022-11-25 09:49:00 - [MESSAGE][PASSED] - Verify element property value successfully]]></system-out>
         <system-err><![CDATA[]]></system-err>
      </testcase>
      <testcase name="Test Cases/Engine_Scoring/Engine Scoring" time="6.694" classname="Test Cases/Engine_Scoring/Engine Scoring" status="PASSED">
         <system-out><![CDATA[2022-11-25 09:49:00 - [TEST_CASE][PASSED] - Test Cases/Engine_Scoring/Engine Scoring: Test Cases/Engine_Scoring/Engine Scoring

2022-11-25 09:49:00 - [TEST_STEP][PASSED] - markPassed("Variasi data ke : " + no): Variasi data ke : 41

2022-11-25 09:49:00 - [MESSAGE][PASSED] - Variasi data ke : 41

2022-11-25 09:49:00 - [TEST_STEP][PASSED] - req_data = sendRequest(findTestObject("Search_ME", ["MID":MID, "source":source, "ip":ip, "userid":userid, "branch":branch, "tipekons":tipekons, "marital":marital, "penjamin":penjamin, ... ])): Send request successfully

2022-11-25 09:49:01 - [MESSAGE][INFO] - HAR: D:\DMS\Engine Scoring\Reports\20221125_094400\Exclude KKB - DS - Married\Scoring Married - DS\20221125_094402\requests\main\80.har

2022-11-25 09:49:01 - [MESSAGE][PASSED] - Send request successfully

2022-11-25 09:49:01 - [TEST_STEP][PASSED] - slurper = new groovy.json.JsonSlurper(): null

2022-11-25 09:49:01 - [TEST_STEP][PASSED] - result = slurper.parseText(req_data.getResponseBodyContent()): null

2022-11-25 09:49:01 - [TEST_STEP][PASSED] - reqid_kons = requestid1: null

2022-11-25 09:49:01 - [TEST_STEP][PASSED] - reqid_spouse = requestid2: null

2022-11-25 09:49:01 - [TEST_STEP][PASSED] - println("requestid kons : " + reqid_kons): null

2022-11-25 09:49:01 - [TEST_STEP][PASSED] - response_searchME_kons = reqid_kons: null

2022-11-25 09:49:01 - [TEST_STEP][PASSED] - response_searchME_spouse = reqid_spouse: null

2022-11-25 09:49:01 - [TEST_STEP][PASSED] - println("kons req id is :" + response_searchME_kons): null

2022-11-25 09:49:01 - [TEST_STEP][PASSED] - println("spouse req id is : " + response_searchME_spouse): null

2022-11-25 09:49:01 - [TEST_STEP][PASSED] - verifyResponseStatusCode(req_data, 200): Verify response status code successfully

2022-11-25 09:49:01 - [MESSAGE][PASSED] - Verify response status code successfully

2022-11-25 09:49:01 - [TEST_STEP][PASSED] - response = req_data.getResponseText(): null

2022-11-25 09:49:01 - [TEST_STEP][PASSED] - logInfo($response): {"status":"Done","data":{"requestid1":"255263","requestid2":"255264"}}

2022-11-25 09:49:01 - [MESSAGE][INFO] - {"status":"Done","data":{"requestid1":"255263","requestid2":"255264"}}

2022-11-25 09:49:01 - [TEST_STEP][PASSED] - delay(5): Delayed 5 second(s)

2022-11-25 09:49:06 - [MESSAGE][PASSED] - Delayed 5 second(s)

2022-11-25 09:49:06 - [TEST_STEP][PASSED] - scoring = sendRequest(findTestObject("EngineScore", ["response_searchME_kons":response_searchME_kons, "response_searchME_spouse":response_searchME_spouse])): Send request successfully

2022-11-25 09:49:06 - [MESSAGE][INFO] - HAR: D:\DMS\Engine Scoring\Reports\20221125_094400\Exclude KKB - DS - Married\Scoring Married - DS\20221125_094402\requests\main\81.har

2022-11-25 09:49:06 - [MESSAGE][PASSED] - Send request successfully

2022-11-25 09:49:06 - [TEST_STEP][PASSED] - verifyResponseStatusCode(scoring, 200): Verify response status code successfully

2022-11-25 09:49:06 - [MESSAGE][PASSED] - Verify response status code successfully

2022-11-25 09:49:06 - [TEST_STEP][PASSED] - response2 = scoring.getResponseText(): null

2022-11-25 09:49:06 - [TEST_STEP][PASSED] - markPassed("result service data ke : " + no): result service data ke : 41

2022-11-25 09:49:06 - [MESSAGE][PASSED] - result service data ke : 41

2022-11-25 09:49:06 - [TEST_STEP][PASSED] - logInfo($response2): {"result_konsumen":"Reject","result_pasangan":"Reject","Final_result":"Reject","errorMessage":"","status":"Done"}

2022-11-25 09:49:06 - [MESSAGE][INFO] - {"result_konsumen":"Reject","result_pasangan":"Reject","Final_result":"Reject","errorMessage":"","status":"Done"}

2022-11-25 09:49:06 - [TEST_STEP][PASSED] - verifyElementPropertyValue(scoring, "Final_result", final_result): Verify element property value successfully

2022-11-25 09:49:06 - [MESSAGE][PASSED] - Verify element property value successfully]]></system-out>
         <system-err><![CDATA[]]></system-err>
      </testcase>
      <testcase name="Test Cases/Engine_Scoring/Engine Scoring" time="6.844" classname="Test Cases/Engine_Scoring/Engine Scoring" status="PASSED">
         <system-out><![CDATA[2022-11-25 09:49:06 - [TEST_CASE][PASSED] - Test Cases/Engine_Scoring/Engine Scoring: Test Cases/Engine_Scoring/Engine Scoring

2022-11-25 09:49:07 - [TEST_STEP][PASSED] - markPassed("Variasi data ke : " + no): Variasi data ke : 42

2022-11-25 09:49:07 - [MESSAGE][PASSED] - Variasi data ke : 42

2022-11-25 09:49:07 - [TEST_STEP][PASSED] - req_data = sendRequest(findTestObject("Search_ME", ["MID":MID, "source":source, "ip":ip, "userid":userid, "branch":branch, "tipekons":tipekons, "marital":marital, "penjamin":penjamin, ... ])): Send request successfully

2022-11-25 09:49:08 - [MESSAGE][INFO] - HAR: D:\DMS\Engine Scoring\Reports\20221125_094400\Exclude KKB - DS - Married\Scoring Married - DS\20221125_094402\requests\main\82.har

2022-11-25 09:49:08 - [MESSAGE][PASSED] - Send request successfully

2022-11-25 09:49:08 - [TEST_STEP][PASSED] - slurper = new groovy.json.JsonSlurper(): null

2022-11-25 09:49:08 - [TEST_STEP][PASSED] - result = slurper.parseText(req_data.getResponseBodyContent()): null

2022-11-25 09:49:08 - [TEST_STEP][PASSED] - reqid_kons = requestid1: null

2022-11-25 09:49:08 - [TEST_STEP][PASSED] - reqid_spouse = requestid2: null

2022-11-25 09:49:08 - [TEST_STEP][PASSED] - println("requestid kons : " + reqid_kons): null

2022-11-25 09:49:08 - [TEST_STEP][PASSED] - response_searchME_kons = reqid_kons: null

2022-11-25 09:49:08 - [TEST_STEP][PASSED] - response_searchME_spouse = reqid_spouse: null

2022-11-25 09:49:08 - [TEST_STEP][PASSED] - println("kons req id is :" + response_searchME_kons): null

2022-11-25 09:49:08 - [TEST_STEP][PASSED] - println("spouse req id is : " + response_searchME_spouse): null

2022-11-25 09:49:08 - [TEST_STEP][PASSED] - verifyResponseStatusCode(req_data, 200): Verify response status code successfully

2022-11-25 09:49:08 - [MESSAGE][PASSED] - Verify response status code successfully

2022-11-25 09:49:08 - [TEST_STEP][PASSED] - response = req_data.getResponseText(): null

2022-11-25 09:49:08 - [TEST_STEP][PASSED] - logInfo($response): {"status":"Done","data":{"requestid1":"255266","requestid2":"255267"}}

2022-11-25 09:49:08 - [MESSAGE][INFO] - {"status":"Done","data":{"requestid1":"255266","requestid2":"255267"}}

2022-11-25 09:49:08 - [TEST_STEP][PASSED] - delay(5): Delayed 5 second(s)

2022-11-25 09:49:13 - [MESSAGE][PASSED] - Delayed 5 second(s)

2022-11-25 09:49:13 - [TEST_STEP][PASSED] - scoring = sendRequest(findTestObject("EngineScore", ["response_searchME_kons":response_searchME_kons, "response_searchME_spouse":response_searchME_spouse])): Send request successfully

2022-11-25 09:49:13 - [MESSAGE][INFO] - HAR: D:\DMS\Engine Scoring\Reports\20221125_094400\Exclude KKB - DS - Married\Scoring Married - DS\20221125_094402\requests\main\83.har

2022-11-25 09:49:13 - [MESSAGE][PASSED] - Send request successfully

2022-11-25 09:49:13 - [TEST_STEP][PASSED] - verifyResponseStatusCode(scoring, 200): Verify response status code successfully

2022-11-25 09:49:13 - [MESSAGE][PASSED] - Verify response status code successfully

2022-11-25 09:49:13 - [TEST_STEP][PASSED] - response2 = scoring.getResponseText(): null

2022-11-25 09:49:13 - [TEST_STEP][PASSED] - markPassed("result service data ke : " + no): result service data ke : 42

2022-11-25 09:49:13 - [MESSAGE][PASSED] - result service data ke : 42

2022-11-25 09:49:13 - [TEST_STEP][PASSED] - logInfo($response2): {"result_konsumen":"Reject","result_pasangan":"Reject","Final_result":"Reject","errorMessage":"","status":"Done"}

2022-11-25 09:49:13 - [MESSAGE][INFO] - {"result_konsumen":"Reject","result_pasangan":"Reject","Final_result":"Reject","errorMessage":"","status":"Done"}

2022-11-25 09:49:13 - [TEST_STEP][PASSED] - verifyElementPropertyValue(scoring, "Final_result", final_result): Verify element property value successfully

2022-11-25 09:49:13 - [MESSAGE][PASSED] - Verify element property value successfully]]></system-out>
         <system-err><![CDATA[]]></system-err>
      </testcase>
      <testcase name="Test Cases/Engine_Scoring/Engine Scoring" time="6.837" classname="Test Cases/Engine_Scoring/Engine Scoring" status="PASSED">
         <system-out><![CDATA[2022-11-25 09:49:13 - [TEST_CASE][PASSED] - Test Cases/Engine_Scoring/Engine Scoring: Test Cases/Engine_Scoring/Engine Scoring

2022-11-25 09:49:14 - [TEST_STEP][PASSED] - markPassed("Variasi data ke : " + no): Variasi data ke : 43

2022-11-25 09:49:14 - [MESSAGE][PASSED] - Variasi data ke : 43

2022-11-25 09:49:14 - [TEST_STEP][PASSED] - req_data = sendRequest(findTestObject("Search_ME", ["MID":MID, "source":source, "ip":ip, "userid":userid, "branch":branch, "tipekons":tipekons, "marital":marital, "penjamin":penjamin, ... ])): Send request successfully

2022-11-25 09:49:15 - [MESSAGE][INFO] - HAR: D:\DMS\Engine Scoring\Reports\20221125_094400\Exclude KKB - DS - Married\Scoring Married - DS\20221125_094402\requests\main\84.har

2022-11-25 09:49:15 - [MESSAGE][PASSED] - Send request successfully

2022-11-25 09:49:15 - [TEST_STEP][PASSED] - slurper = new groovy.json.JsonSlurper(): null

2022-11-25 09:49:15 - [TEST_STEP][PASSED] - result = slurper.parseText(req_data.getResponseBodyContent()): null

2022-11-25 09:49:15 - [TEST_STEP][PASSED] - reqid_kons = requestid1: null

2022-11-25 09:49:15 - [TEST_STEP][PASSED] - reqid_spouse = requestid2: null

2022-11-25 09:49:15 - [TEST_STEP][PASSED] - println("requestid kons : " + reqid_kons): null

2022-11-25 09:49:15 - [TEST_STEP][PASSED] - response_searchME_kons = reqid_kons: null

2022-11-25 09:49:15 - [TEST_STEP][PASSED] - response_searchME_spouse = reqid_spouse: null

2022-11-25 09:49:15 - [TEST_STEP][PASSED] - println("kons req id is :" + response_searchME_kons): null

2022-11-25 09:49:15 - [TEST_STEP][PASSED] - println("spouse req id is : " + response_searchME_spouse): null

2022-11-25 09:49:15 - [TEST_STEP][PASSED] - verifyResponseStatusCode(req_data, 200): Verify response status code successfully

2022-11-25 09:49:15 - [MESSAGE][PASSED] - Verify response status code successfully

2022-11-25 09:49:15 - [TEST_STEP][PASSED] - response = req_data.getResponseText(): null

2022-11-25 09:49:15 - [TEST_STEP][PASSED] - logInfo($response): {"status":"Done","data":{"requestid1":"255269","requestid2":"255270"}}

2022-11-25 09:49:15 - [MESSAGE][INFO] - {"status":"Done","data":{"requestid1":"255269","requestid2":"255270"}}

2022-11-25 09:49:15 - [TEST_STEP][PASSED] - delay(5): Delayed 5 second(s)

2022-11-25 09:49:20 - [MESSAGE][PASSED] - Delayed 5 second(s)

2022-11-25 09:49:20 - [TEST_STEP][PASSED] - scoring = sendRequest(findTestObject("EngineScore", ["response_searchME_kons":response_searchME_kons, "response_searchME_spouse":response_searchME_spouse])): Send request successfully

2022-11-25 09:49:20 - [MESSAGE][INFO] - HAR: D:\DMS\Engine Scoring\Reports\20221125_094400\Exclude KKB - DS - Married\Scoring Married - DS\20221125_094402\requests\main\85.har

2022-11-25 09:49:20 - [MESSAGE][PASSED] - Send request successfully

2022-11-25 09:49:20 - [TEST_STEP][PASSED] - verifyResponseStatusCode(scoring, 200): Verify response status code successfully

2022-11-25 09:49:20 - [MESSAGE][PASSED] - Verify response status code successfully

2022-11-25 09:49:20 - [TEST_STEP][PASSED] - response2 = scoring.getResponseText(): null

2022-11-25 09:49:20 - [TEST_STEP][PASSED] - markPassed("result service data ke : " + no): result service data ke : 43

2022-11-25 09:49:20 - [MESSAGE][PASSED] - result service data ke : 43

2022-11-25 09:49:20 - [TEST_STEP][PASSED] - logInfo($response2): {"result_konsumen":"Reject","result_pasangan":"Reguler","Final_result":"Reject","errorMessage":"","status":"Done"}

2022-11-25 09:49:20 - [MESSAGE][INFO] - {"result_konsumen":"Reject","result_pasangan":"Reguler","Final_result":"Reject","errorMessage":"","status":"Done"}

2022-11-25 09:49:20 - [TEST_STEP][PASSED] - verifyElementPropertyValue(scoring, "Final_result", final_result): Verify element property value successfully

2022-11-25 09:49:20 - [MESSAGE][PASSED] - Verify element property value successfully]]></system-out>
         <system-err><![CDATA[]]></system-err>
      </testcase>
      <testcase name="Test Cases/Engine_Scoring/Engine Scoring" time="6.796" classname="Test Cases/Engine_Scoring/Engine Scoring" status="PASSED">
         <system-out><![CDATA[2022-11-25 09:49:20 - [TEST_CASE][PASSED] - Test Cases/Engine_Scoring/Engine Scoring: Test Cases/Engine_Scoring/Engine Scoring

2022-11-25 09:49:21 - [TEST_STEP][PASSED] - markPassed("Variasi data ke : " + no): Variasi data ke : 44

2022-11-25 09:49:21 - [MESSAGE][PASSED] - Variasi data ke : 44

2022-11-25 09:49:21 - [TEST_STEP][PASSED] - req_data = sendRequest(findTestObject("Search_ME", ["MID":MID, "source":source, "ip":ip, "userid":userid, "branch":branch, "tipekons":tipekons, "marital":marital, "penjamin":penjamin, ... ])): Send request successfully

2022-11-25 09:49:22 - [MESSAGE][INFO] - HAR: D:\DMS\Engine Scoring\Reports\20221125_094400\Exclude KKB - DS - Married\Scoring Married - DS\20221125_094402\requests\main\86.har

2022-11-25 09:49:22 - [MESSAGE][PASSED] - Send request successfully

2022-11-25 09:49:22 - [TEST_STEP][PASSED] - slurper = new groovy.json.JsonSlurper(): null

2022-11-25 09:49:22 - [TEST_STEP][PASSED] - result = slurper.parseText(req_data.getResponseBodyContent()): null

2022-11-25 09:49:22 - [TEST_STEP][PASSED] - reqid_kons = requestid1: null

2022-11-25 09:49:22 - [TEST_STEP][PASSED] - reqid_spouse = requestid2: null

2022-11-25 09:49:22 - [TEST_STEP][PASSED] - println("requestid kons : " + reqid_kons): null

2022-11-25 09:49:22 - [TEST_STEP][PASSED] - response_searchME_kons = reqid_kons: null

2022-11-25 09:49:22 - [TEST_STEP][PASSED] - response_searchME_spouse = reqid_spouse: null

2022-11-25 09:49:22 - [TEST_STEP][PASSED] - println("kons req id is :" + response_searchME_kons): null

2022-11-25 09:49:22 - [TEST_STEP][PASSED] - println("spouse req id is : " + response_searchME_spouse): null

2022-11-25 09:49:22 - [TEST_STEP][PASSED] - verifyResponseStatusCode(req_data, 200): Verify response status code successfully

2022-11-25 09:49:22 - [MESSAGE][PASSED] - Verify response status code successfully

2022-11-25 09:49:22 - [TEST_STEP][PASSED] - response = req_data.getResponseText(): null

2022-11-25 09:49:22 - [TEST_STEP][PASSED] - logInfo($response): {"status":"Done","data":{"requestid1":"255272","requestid2":"255273"}}

2022-11-25 09:49:22 - [MESSAGE][INFO] - {"status":"Done","data":{"requestid1":"255272","requestid2":"255273"}}

2022-11-25 09:49:22 - [TEST_STEP][PASSED] - delay(5): Delayed 5 second(s)

2022-11-25 09:49:27 - [MESSAGE][PASSED] - Delayed 5 second(s)

2022-11-25 09:49:27 - [TEST_STEP][PASSED] - scoring = sendRequest(findTestObject("EngineScore", ["response_searchME_kons":response_searchME_kons, "response_searchME_spouse":response_searchME_spouse])): Send request successfully

2022-11-25 09:49:27 - [MESSAGE][INFO] - HAR: D:\DMS\Engine Scoring\Reports\20221125_094400\Exclude KKB - DS - Married\Scoring Married - DS\20221125_094402\requests\main\87.har

2022-11-25 09:49:27 - [MESSAGE][PASSED] - Send request successfully

2022-11-25 09:49:27 - [TEST_STEP][PASSED] - verifyResponseStatusCode(scoring, 200): Verify response status code successfully

2022-11-25 09:49:27 - [MESSAGE][PASSED] - Verify response status code successfully

2022-11-25 09:49:27 - [TEST_STEP][PASSED] - response2 = scoring.getResponseText(): null

2022-11-25 09:49:27 - [TEST_STEP][PASSED] - markPassed("result service data ke : " + no): result service data ke : 44

2022-11-25 09:49:27 - [MESSAGE][PASSED] - result service data ke : 44

2022-11-25 09:49:27 - [TEST_STEP][PASSED] - logInfo($response2): {"result_konsumen":"Reject","result_pasangan":"Reguler","Final_result":"Reject","errorMessage":"","status":"Done"}

2022-11-25 09:49:27 - [MESSAGE][INFO] - {"result_konsumen":"Reject","result_pasangan":"Reguler","Final_result":"Reject","errorMessage":"","status":"Done"}

2022-11-25 09:49:27 - [TEST_STEP][PASSED] - verifyElementPropertyValue(scoring, "Final_result", final_result): Verify element property value successfully

2022-11-25 09:49:27 - [MESSAGE][PASSED] - Verify element property value successfully]]></system-out>
         <system-err><![CDATA[]]></system-err>
      </testcase>
      <testcase name="Test Cases/Engine_Scoring/Engine Scoring" time="7.032" classname="Test Cases/Engine_Scoring/Engine Scoring" status="PASSED">
         <system-out><![CDATA[2022-11-25 09:49:27 - [TEST_CASE][PASSED] - Test Cases/Engine_Scoring/Engine Scoring: Test Cases/Engine_Scoring/Engine Scoring

2022-11-25 09:49:28 - [TEST_STEP][PASSED] - markPassed("Variasi data ke : " + no): Variasi data ke : 45

2022-11-25 09:49:28 - [MESSAGE][PASSED] - Variasi data ke : 45

2022-11-25 09:49:28 - [TEST_STEP][PASSED] - req_data = sendRequest(findTestObject("Search_ME", ["MID":MID, "source":source, "ip":ip, "userid":userid, "branch":branch, "tipekons":tipekons, "marital":marital, "penjamin":penjamin, ... ])): Send request successfully

2022-11-25 09:49:29 - [MESSAGE][INFO] - HAR: D:\DMS\Engine Scoring\Reports\20221125_094400\Exclude KKB - DS - Married\Scoring Married - DS\20221125_094402\requests\main\88.har

2022-11-25 09:49:29 - [MESSAGE][PASSED] - Send request successfully

2022-11-25 09:49:29 - [TEST_STEP][PASSED] - slurper = new groovy.json.JsonSlurper(): null

2022-11-25 09:49:29 - [TEST_STEP][PASSED] - result = slurper.parseText(req_data.getResponseBodyContent()): null

2022-11-25 09:49:29 - [TEST_STEP][PASSED] - reqid_kons = requestid1: null

2022-11-25 09:49:29 - [TEST_STEP][PASSED] - reqid_spouse = requestid2: null

2022-11-25 09:49:29 - [TEST_STEP][PASSED] - println("requestid kons : " + reqid_kons): null

2022-11-25 09:49:29 - [TEST_STEP][PASSED] - response_searchME_kons = reqid_kons: null

2022-11-25 09:49:29 - [TEST_STEP][PASSED] - response_searchME_spouse = reqid_spouse: null

2022-11-25 09:49:29 - [TEST_STEP][PASSED] - println("kons req id is :" + response_searchME_kons): null

2022-11-25 09:49:29 - [TEST_STEP][PASSED] - println("spouse req id is : " + response_searchME_spouse): null

2022-11-25 09:49:29 - [TEST_STEP][PASSED] - verifyResponseStatusCode(req_data, 200): Verify response status code successfully

2022-11-25 09:49:29 - [MESSAGE][PASSED] - Verify response status code successfully

2022-11-25 09:49:29 - [TEST_STEP][PASSED] - response = req_data.getResponseText(): null

2022-11-25 09:49:29 - [TEST_STEP][PASSED] - logInfo($response): {"status":"Done","data":{"requestid1":"255275","requestid2":"255276"}}

2022-11-25 09:49:29 - [MESSAGE][INFO] - {"status":"Done","data":{"requestid1":"255275","requestid2":"255276"}}

2022-11-25 09:49:29 - [TEST_STEP][PASSED] - delay(5): Delayed 5 second(s)

2022-11-25 09:49:34 - [MESSAGE][PASSED] - Delayed 5 second(s)

2022-11-25 09:49:34 - [TEST_STEP][PASSED] - scoring = sendRequest(findTestObject("EngineScore", ["response_searchME_kons":response_searchME_kons, "response_searchME_spouse":response_searchME_spouse])): Send request successfully

2022-11-25 09:49:34 - [MESSAGE][INFO] - HAR: D:\DMS\Engine Scoring\Reports\20221125_094400\Exclude KKB - DS - Married\Scoring Married - DS\20221125_094402\requests\main\89.har

2022-11-25 09:49:34 - [MESSAGE][PASSED] - Send request successfully

2022-11-25 09:49:34 - [TEST_STEP][PASSED] - verifyResponseStatusCode(scoring, 200): Verify response status code successfully

2022-11-25 09:49:34 - [MESSAGE][PASSED] - Verify response status code successfully

2022-11-25 09:49:34 - [TEST_STEP][PASSED] - response2 = scoring.getResponseText(): null

2022-11-25 09:49:34 - [TEST_STEP][PASSED] - markPassed("result service data ke : " + no): result service data ke : 45

2022-11-25 09:49:34 - [MESSAGE][PASSED] - result service data ke : 45

2022-11-25 09:49:34 - [TEST_STEP][PASSED] - logInfo($response2): {"result_konsumen":"Reject","result_pasangan":"Reguler","Final_result":"Reject","errorMessage":"","status":"Done"}

2022-11-25 09:49:34 - [MESSAGE][INFO] - {"result_konsumen":"Reject","result_pasangan":"Reguler","Final_result":"Reject","errorMessage":"","status":"Done"}

2022-11-25 09:49:34 - [TEST_STEP][PASSED] - verifyElementPropertyValue(scoring, "Final_result", final_result): Verify element property value successfully

2022-11-25 09:49:34 - [MESSAGE][PASSED] - Verify element property value successfully]]></system-out>
         <system-err><![CDATA[]]></system-err>
      </testcase>
      <testcase name="Test Cases/Engine_Scoring/Engine Scoring" time="6.851" classname="Test Cases/Engine_Scoring/Engine Scoring" status="PASSED">
         <system-out><![CDATA[2022-11-25 09:49:34 - [TEST_CASE][PASSED] - Test Cases/Engine_Scoring/Engine Scoring: Test Cases/Engine_Scoring/Engine Scoring

2022-11-25 09:49:35 - [TEST_STEP][PASSED] - markPassed("Variasi data ke : " + no): Variasi data ke : 46

2022-11-25 09:49:35 - [MESSAGE][PASSED] - Variasi data ke : 46

2022-11-25 09:49:35 - [TEST_STEP][PASSED] - req_data = sendRequest(findTestObject("Search_ME", ["MID":MID, "source":source, "ip":ip, "userid":userid, "branch":branch, "tipekons":tipekons, "marital":marital, "penjamin":penjamin, ... ])): Send request successfully

2022-11-25 09:49:36 - [MESSAGE][INFO] - HAR: D:\DMS\Engine Scoring\Reports\20221125_094400\Exclude KKB - DS - Married\Scoring Married - DS\20221125_094402\requests\main\90.har

2022-11-25 09:49:36 - [MESSAGE][PASSED] - Send request successfully

2022-11-25 09:49:36 - [TEST_STEP][PASSED] - slurper = new groovy.json.JsonSlurper(): null

2022-11-25 09:49:36 - [TEST_STEP][PASSED] - result = slurper.parseText(req_data.getResponseBodyContent()): null

2022-11-25 09:49:36 - [TEST_STEP][PASSED] - reqid_kons = requestid1: null

2022-11-25 09:49:36 - [TEST_STEP][PASSED] - reqid_spouse = requestid2: null

2022-11-25 09:49:36 - [TEST_STEP][PASSED] - println("requestid kons : " + reqid_kons): null

2022-11-25 09:49:36 - [TEST_STEP][PASSED] - response_searchME_kons = reqid_kons: null

2022-11-25 09:49:36 - [TEST_STEP][PASSED] - response_searchME_spouse = reqid_spouse: null

2022-11-25 09:49:36 - [TEST_STEP][PASSED] - println("kons req id is :" + response_searchME_kons): null

2022-11-25 09:49:36 - [TEST_STEP][PASSED] - println("spouse req id is : " + response_searchME_spouse): null

2022-11-25 09:49:36 - [TEST_STEP][PASSED] - verifyResponseStatusCode(req_data, 200): Verify response status code successfully

2022-11-25 09:49:36 - [MESSAGE][PASSED] - Verify response status code successfully

2022-11-25 09:49:36 - [TEST_STEP][PASSED] - response = req_data.getResponseText(): null

2022-11-25 09:49:36 - [TEST_STEP][PASSED] - logInfo($response): {"status":"Done","data":{"requestid1":"255278","requestid2":"255279"}}

2022-11-25 09:49:36 - [MESSAGE][INFO] - {"status":"Done","data":{"requestid1":"255278","requestid2":"255279"}}

2022-11-25 09:49:36 - [TEST_STEP][PASSED] - delay(5): Delayed 5 second(s)

2022-11-25 09:49:41 - [MESSAGE][PASSED] - Delayed 5 second(s)

2022-11-25 09:49:41 - [TEST_STEP][PASSED] - scoring = sendRequest(findTestObject("EngineScore", ["response_searchME_kons":response_searchME_kons, "response_searchME_spouse":response_searchME_spouse])): Send request successfully

2022-11-25 09:49:41 - [MESSAGE][INFO] - HAR: D:\DMS\Engine Scoring\Reports\20221125_094400\Exclude KKB - DS - Married\Scoring Married - DS\20221125_094402\requests\main\91.har

2022-11-25 09:49:41 - [MESSAGE][PASSED] - Send request successfully

2022-11-25 09:49:41 - [TEST_STEP][PASSED] - verifyResponseStatusCode(scoring, 200): Verify response status code successfully

2022-11-25 09:49:41 - [MESSAGE][PASSED] - Verify response status code successfully

2022-11-25 09:49:41 - [TEST_STEP][PASSED] - response2 = scoring.getResponseText(): null

2022-11-25 09:49:41 - [TEST_STEP][PASSED] - markPassed("result service data ke : " + no): result service data ke : 46

2022-11-25 09:49:41 - [MESSAGE][PASSED] - result service data ke : 46

2022-11-25 09:49:41 - [TEST_STEP][PASSED] - logInfo($response2): {"result_konsumen":"Reject","result_pasangan":"Reject","Final_result":"Reject","errorMessage":"","status":"Done"}

2022-11-25 09:49:41 - [MESSAGE][INFO] - {"result_konsumen":"Reject","result_pasangan":"Reject","Final_result":"Reject","errorMessage":"","status":"Done"}

2022-11-25 09:49:41 - [TEST_STEP][PASSED] - verifyElementPropertyValue(scoring, "Final_result", final_result): Verify element property value successfully

2022-11-25 09:49:41 - [MESSAGE][PASSED] - Verify element property value successfully]]></system-out>
         <system-err><![CDATA[]]></system-err>
      </testcase>
      <testcase name="Test Cases/Engine_Scoring/Engine Scoring" time="7.757" classname="Test Cases/Engine_Scoring/Engine Scoring" status="PASSED">
         <system-out><![CDATA[2022-11-25 09:49:41 - [TEST_CASE][PASSED] - Test Cases/Engine_Scoring/Engine Scoring: Test Cases/Engine_Scoring/Engine Scoring

2022-11-25 09:49:43 - [TEST_STEP][PASSED] - markPassed("Variasi data ke : " + no): Variasi data ke : 47

2022-11-25 09:49:43 - [MESSAGE][PASSED] - Variasi data ke : 47

2022-11-25 09:49:43 - [TEST_STEP][PASSED] - req_data = sendRequest(findTestObject("Search_ME", ["MID":MID, "source":source, "ip":ip, "userid":userid, "branch":branch, "tipekons":tipekons, "marital":marital, "penjamin":penjamin, ... ])): Send request successfully

2022-11-25 09:49:44 - [MESSAGE][INFO] - HAR: D:\DMS\Engine Scoring\Reports\20221125_094400\Exclude KKB - DS - Married\Scoring Married - DS\20221125_094402\requests\main\92.har

2022-11-25 09:49:44 - [MESSAGE][PASSED] - Send request successfully

2022-11-25 09:49:44 - [TEST_STEP][PASSED] - slurper = new groovy.json.JsonSlurper(): null

2022-11-25 09:49:44 - [TEST_STEP][PASSED] - result = slurper.parseText(req_data.getResponseBodyContent()): null

2022-11-25 09:49:44 - [TEST_STEP][PASSED] - reqid_kons = requestid1: null

2022-11-25 09:49:44 - [TEST_STEP][PASSED] - reqid_spouse = requestid2: null

2022-11-25 09:49:44 - [TEST_STEP][PASSED] - println("requestid kons : " + reqid_kons): null

2022-11-25 09:49:44 - [TEST_STEP][PASSED] - response_searchME_kons = reqid_kons: null

2022-11-25 09:49:44 - [TEST_STEP][PASSED] - response_searchME_spouse = reqid_spouse: null

2022-11-25 09:49:44 - [TEST_STEP][PASSED] - println("kons req id is :" + response_searchME_kons): null

2022-11-25 09:49:44 - [TEST_STEP][PASSED] - println("spouse req id is : " + response_searchME_spouse): null

2022-11-25 09:49:44 - [TEST_STEP][PASSED] - verifyResponseStatusCode(req_data, 200): Verify response status code successfully

2022-11-25 09:49:44 - [MESSAGE][PASSED] - Verify response status code successfully

2022-11-25 09:49:44 - [TEST_STEP][PASSED] - response = req_data.getResponseText(): null

2022-11-25 09:49:44 - [TEST_STEP][PASSED] - logInfo($response): {"status":"Done","data":{"requestid1":"255281","requestid2":"255282"}}

2022-11-25 09:49:44 - [MESSAGE][INFO] - {"status":"Done","data":{"requestid1":"255281","requestid2":"255282"}}

2022-11-25 09:49:44 - [TEST_STEP][PASSED] - delay(5): Delayed 5 second(s)

2022-11-25 09:49:49 - [MESSAGE][PASSED] - Delayed 5 second(s)

2022-11-25 09:49:49 - [TEST_STEP][PASSED] - scoring = sendRequest(findTestObject("EngineScore", ["response_searchME_kons":response_searchME_kons, "response_searchME_spouse":response_searchME_spouse])): Send request successfully

2022-11-25 09:49:49 - [MESSAGE][INFO] - HAR: D:\DMS\Engine Scoring\Reports\20221125_094400\Exclude KKB - DS - Married\Scoring Married - DS\20221125_094402\requests\main\93.har

2022-11-25 09:49:49 - [MESSAGE][PASSED] - Send request successfully

2022-11-25 09:49:49 - [TEST_STEP][PASSED] - verifyResponseStatusCode(scoring, 200): Verify response status code successfully

2022-11-25 09:49:49 - [MESSAGE][PASSED] - Verify response status code successfully

2022-11-25 09:49:49 - [TEST_STEP][PASSED] - response2 = scoring.getResponseText(): null

2022-11-25 09:49:49 - [TEST_STEP][PASSED] - markPassed("result service data ke : " + no): result service data ke : 47

2022-11-25 09:49:49 - [MESSAGE][PASSED] - result service data ke : 47

2022-11-25 09:49:49 - [TEST_STEP][PASSED] - logInfo($response2): {"result_konsumen":"Reject","result_pasangan":"Reject","Final_result":"Reject","errorMessage":"","status":"Done"}

2022-11-25 09:49:49 - [MESSAGE][INFO] - {"result_konsumen":"Reject","result_pasangan":"Reject","Final_result":"Reject","errorMessage":"","status":"Done"}

2022-11-25 09:49:49 - [TEST_STEP][PASSED] - verifyElementPropertyValue(scoring, "Final_result", final_result): Verify element property value successfully

2022-11-25 09:49:49 - [MESSAGE][PASSED] - Verify element property value successfully]]></system-out>
         <system-err><![CDATA[]]></system-err>
      </testcase>
      <testcase name="Test Cases/Engine_Scoring/Engine Scoring" time="6.74" classname="Test Cases/Engine_Scoring/Engine Scoring" status="PASSED">
         <system-out><![CDATA[2022-11-25 09:49:49 - [TEST_CASE][PASSED] - Test Cases/Engine_Scoring/Engine Scoring: Test Cases/Engine_Scoring/Engine Scoring

2022-11-25 09:49:50 - [TEST_STEP][PASSED] - markPassed("Variasi data ke : " + no): Variasi data ke : 48

2022-11-25 09:49:50 - [MESSAGE][PASSED] - Variasi data ke : 48

2022-11-25 09:49:50 - [TEST_STEP][PASSED] - req_data = sendRequest(findTestObject("Search_ME", ["MID":MID, "source":source, "ip":ip, "userid":userid, "branch":branch, "tipekons":tipekons, "marital":marital, "penjamin":penjamin, ... ])): Send request successfully

2022-11-25 09:49:50 - [MESSAGE][INFO] - HAR: D:\DMS\Engine Scoring\Reports\20221125_094400\Exclude KKB - DS - Married\Scoring Married - DS\20221125_094402\requests\main\94.har

2022-11-25 09:49:50 - [MESSAGE][PASSED] - Send request successfully

2022-11-25 09:49:50 - [TEST_STEP][PASSED] - slurper = new groovy.json.JsonSlurper(): null

2022-11-25 09:49:50 - [TEST_STEP][PASSED] - result = slurper.parseText(req_data.getResponseBodyContent()): null

2022-11-25 09:49:50 - [TEST_STEP][PASSED] - reqid_kons = requestid1: null

2022-11-25 09:49:50 - [TEST_STEP][PASSED] - reqid_spouse = requestid2: null

2022-11-25 09:49:50 - [TEST_STEP][PASSED] - println("requestid kons : " + reqid_kons): null

2022-11-25 09:49:50 - [TEST_STEP][PASSED] - response_searchME_kons = reqid_kons: null

2022-11-25 09:49:50 - [TEST_STEP][PASSED] - response_searchME_spouse = reqid_spouse: null

2022-11-25 09:49:50 - [TEST_STEP][PASSED] - println("kons req id is :" + response_searchME_kons): null

2022-11-25 09:49:50 - [TEST_STEP][PASSED] - println("spouse req id is : " + response_searchME_spouse): null

2022-11-25 09:49:50 - [TEST_STEP][PASSED] - verifyResponseStatusCode(req_data, 200): Verify response status code successfully

2022-11-25 09:49:50 - [MESSAGE][PASSED] - Verify response status code successfully

2022-11-25 09:49:50 - [TEST_STEP][PASSED] - response = req_data.getResponseText(): null

2022-11-25 09:49:50 - [TEST_STEP][PASSED] - logInfo($response): {"status":"Done","data":{"requestid1":"255284","requestid2":"255285"}}

2022-11-25 09:49:50 - [MESSAGE][INFO] - {"status":"Done","data":{"requestid1":"255284","requestid2":"255285"}}

2022-11-25 09:49:50 - [TEST_STEP][PASSED] - delay(5): Delayed 5 second(s)

2022-11-25 09:49:55 - [MESSAGE][PASSED] - Delayed 5 second(s)

2022-11-25 09:49:55 - [TEST_STEP][PASSED] - scoring = sendRequest(findTestObject("EngineScore", ["response_searchME_kons":response_searchME_kons, "response_searchME_spouse":response_searchME_spouse])): Send request successfully

2022-11-25 09:49:56 - [MESSAGE][INFO] - HAR: D:\DMS\Engine Scoring\Reports\20221125_094400\Exclude KKB - DS - Married\Scoring Married - DS\20221125_094402\requests\main\95.har

2022-11-25 09:49:56 - [MESSAGE][PASSED] - Send request successfully

2022-11-25 09:49:56 - [TEST_STEP][PASSED] - verifyResponseStatusCode(scoring, 200): Verify response status code successfully

2022-11-25 09:49:56 - [MESSAGE][PASSED] - Verify response status code successfully

2022-11-25 09:49:56 - [TEST_STEP][PASSED] - response2 = scoring.getResponseText(): null

2022-11-25 09:49:56 - [TEST_STEP][PASSED] - markPassed("result service data ke : " + no): result service data ke : 48

2022-11-25 09:49:56 - [MESSAGE][PASSED] - result service data ke : 48

2022-11-25 09:49:56 - [TEST_STEP][PASSED] - logInfo($response2): {"result_konsumen":"Reject","result_pasangan":"Reject","Final_result":"Reject","errorMessage":"","status":"Done"}

2022-11-25 09:49:56 - [MESSAGE][INFO] - {"result_konsumen":"Reject","result_pasangan":"Reject","Final_result":"Reject","errorMessage":"","status":"Done"}

2022-11-25 09:49:56 - [TEST_STEP][PASSED] - verifyElementPropertyValue(scoring, "Final_result", final_result): Verify element property value successfully

2022-11-25 09:49:56 - [MESSAGE][PASSED] - Verify element property value successfully]]></system-out>
         <system-err><![CDATA[]]></system-err>
      </testcase>
      <testcase name="Test Cases/Engine_Scoring/Engine Scoring" time="6.82" classname="Test Cases/Engine_Scoring/Engine Scoring" status="PASSED">
         <system-out><![CDATA[2022-11-25 09:49:56 - [TEST_CASE][PASSED] - Test Cases/Engine_Scoring/Engine Scoring: Test Cases/Engine_Scoring/Engine Scoring

2022-11-25 09:49:56 - [TEST_STEP][PASSED] - markPassed("Variasi data ke : " + no): Variasi data ke : 49

2022-11-25 09:49:56 - [MESSAGE][PASSED] - Variasi data ke : 49

2022-11-25 09:49:56 - [TEST_STEP][PASSED] - req_data = sendRequest(findTestObject("Search_ME", ["MID":MID, "source":source, "ip":ip, "userid":userid, "branch":branch, "tipekons":tipekons, "marital":marital, "penjamin":penjamin, ... ])): Send request successfully

2022-11-25 09:49:57 - [MESSAGE][INFO] - HAR: D:\DMS\Engine Scoring\Reports\20221125_094400\Exclude KKB - DS - Married\Scoring Married - DS\20221125_094402\requests\main\96.har

2022-11-25 09:49:57 - [MESSAGE][PASSED] - Send request successfully

2022-11-25 09:49:57 - [TEST_STEP][PASSED] - slurper = new groovy.json.JsonSlurper(): null

2022-11-25 09:49:57 - [TEST_STEP][PASSED] - result = slurper.parseText(req_data.getResponseBodyContent()): null

2022-11-25 09:49:57 - [TEST_STEP][PASSED] - reqid_kons = requestid1: null

2022-11-25 09:49:57 - [TEST_STEP][PASSED] - reqid_spouse = requestid2: null

2022-11-25 09:49:57 - [TEST_STEP][PASSED] - println("requestid kons : " + reqid_kons): null

2022-11-25 09:49:57 - [TEST_STEP][PASSED] - response_searchME_kons = reqid_kons: null

2022-11-25 09:49:57 - [TEST_STEP][PASSED] - response_searchME_spouse = reqid_spouse: null

2022-11-25 09:49:57 - [TEST_STEP][PASSED] - println("kons req id is :" + response_searchME_kons): null

2022-11-25 09:49:57 - [TEST_STEP][PASSED] - println("spouse req id is : " + response_searchME_spouse): null

2022-11-25 09:49:57 - [TEST_STEP][PASSED] - verifyResponseStatusCode(req_data, 200): Verify response status code successfully

2022-11-25 09:49:57 - [MESSAGE][PASSED] - Verify response status code successfully

2022-11-25 09:49:57 - [TEST_STEP][PASSED] - response = req_data.getResponseText(): null

2022-11-25 09:49:57 - [TEST_STEP][PASSED] - logInfo($response): {"status":"Done","data":{"requestid1":"255287","requestid2":"255288"}}

2022-11-25 09:49:57 - [MESSAGE][INFO] - {"status":"Done","data":{"requestid1":"255287","requestid2":"255288"}}

2022-11-25 09:49:57 - [TEST_STEP][PASSED] - delay(5): Delayed 5 second(s)

2022-11-25 09:50:02 - [MESSAGE][PASSED] - Delayed 5 second(s)

2022-11-25 09:50:02 - [TEST_STEP][PASSED] - scoring = sendRequest(findTestObject("EngineScore", ["response_searchME_kons":response_searchME_kons, "response_searchME_spouse":response_searchME_spouse])): Send request successfully

2022-11-25 09:50:02 - [MESSAGE][INFO] - HAR: D:\DMS\Engine Scoring\Reports\20221125_094400\Exclude KKB - DS - Married\Scoring Married - DS\20221125_094402\requests\main\97.har

2022-11-25 09:50:02 - [MESSAGE][PASSED] - Send request successfully

2022-11-25 09:50:02 - [TEST_STEP][PASSED] - verifyResponseStatusCode(scoring, 200): Verify response status code successfully

2022-11-25 09:50:02 - [MESSAGE][PASSED] - Verify response status code successfully

2022-11-25 09:50:02 - [TEST_STEP][PASSED] - response2 = scoring.getResponseText(): null

2022-11-25 09:50:02 - [TEST_STEP][PASSED] - markPassed("result service data ke : " + no): result service data ke : 49

2022-11-25 09:50:02 - [MESSAGE][PASSED] - result service data ke : 49

2022-11-25 09:50:02 - [TEST_STEP][PASSED] - logInfo($response2): {"result_konsumen":"Reject","result_pasangan":"Reject","Final_result":"Reject","errorMessage":"","status":"Done"}

2022-11-25 09:50:02 - [MESSAGE][INFO] - {"result_konsumen":"Reject","result_pasangan":"Reject","Final_result":"Reject","errorMessage":"","status":"Done"}

2022-11-25 09:50:02 - [TEST_STEP][PASSED] - verifyElementPropertyValue(scoring, "Final_result", final_result): Verify element property value successfully

2022-11-25 09:50:02 - [MESSAGE][PASSED] - Verify element property value successfully]]></system-out>
         <system-err><![CDATA[]]></system-err>
      </testcase>
      <testcase name="Test Cases/Engine_Scoring/Engine Scoring" time="6.723" classname="Test Cases/Engine_Scoring/Engine Scoring" status="PASSED">
         <system-out><![CDATA[2022-11-25 09:50:03 - [TEST_CASE][PASSED] - Test Cases/Engine_Scoring/Engine Scoring: Test Cases/Engine_Scoring/Engine Scoring

2022-11-25 09:50:03 - [TEST_STEP][PASSED] - markPassed("Variasi data ke : " + no): Variasi data ke : 50

2022-11-25 09:50:03 - [MESSAGE][PASSED] - Variasi data ke : 50

2022-11-25 09:50:03 - [TEST_STEP][PASSED] - req_data = sendRequest(findTestObject("Search_ME", ["MID":MID, "source":source, "ip":ip, "userid":userid, "branch":branch, "tipekons":tipekons, "marital":marital, "penjamin":penjamin, ... ])): Send request successfully

2022-11-25 09:50:04 - [MESSAGE][INFO] - HAR: D:\DMS\Engine Scoring\Reports\20221125_094400\Exclude KKB - DS - Married\Scoring Married - DS\20221125_094402\requests\main\98.har

2022-11-25 09:50:04 - [MESSAGE][PASSED] - Send request successfully

2022-11-25 09:50:04 - [TEST_STEP][PASSED] - slurper = new groovy.json.JsonSlurper(): null

2022-11-25 09:50:04 - [TEST_STEP][PASSED] - result = slurper.parseText(req_data.getResponseBodyContent()): null

2022-11-25 09:50:04 - [TEST_STEP][PASSED] - reqid_kons = requestid1: null

2022-11-25 09:50:04 - [TEST_STEP][PASSED] - reqid_spouse = requestid2: null

2022-11-25 09:50:04 - [TEST_STEP][PASSED] - println("requestid kons : " + reqid_kons): null

2022-11-25 09:50:04 - [TEST_STEP][PASSED] - response_searchME_kons = reqid_kons: null

2022-11-25 09:50:04 - [TEST_STEP][PASSED] - response_searchME_spouse = reqid_spouse: null

2022-11-25 09:50:04 - [TEST_STEP][PASSED] - println("kons req id is :" + response_searchME_kons): null

2022-11-25 09:50:04 - [TEST_STEP][PASSED] - println("spouse req id is : " + response_searchME_spouse): null

2022-11-25 09:50:04 - [TEST_STEP][PASSED] - verifyResponseStatusCode(req_data, 200): Verify response status code successfully

2022-11-25 09:50:04 - [MESSAGE][PASSED] - Verify response status code successfully

2022-11-25 09:50:04 - [TEST_STEP][PASSED] - response = req_data.getResponseText(): null

2022-11-25 09:50:04 - [TEST_STEP][PASSED] - logInfo($response): {"status":"Done","data":{"requestid1":"255290","requestid2":"255291"}}

2022-11-25 09:50:04 - [MESSAGE][INFO] - {"status":"Done","data":{"requestid1":"255290","requestid2":"255291"}}

2022-11-25 09:50:04 - [TEST_STEP][PASSED] - delay(5): Delayed 5 second(s)

2022-11-25 09:50:09 - [MESSAGE][PASSED] - Delayed 5 second(s)

2022-11-25 09:50:09 - [TEST_STEP][PASSED] - scoring = sendRequest(findTestObject("EngineScore", ["response_searchME_kons":response_searchME_kons, "response_searchME_spouse":response_searchME_spouse])): Send request successfully

2022-11-25 09:50:09 - [MESSAGE][INFO] - HAR: D:\DMS\Engine Scoring\Reports\20221125_094400\Exclude KKB - DS - Married\Scoring Married - DS\20221125_094402\requests\main\99.har

2022-11-25 09:50:09 - [MESSAGE][PASSED] - Send request successfully

2022-11-25 09:50:09 - [TEST_STEP][PASSED] - verifyResponseStatusCode(scoring, 200): Verify response status code successfully

2022-11-25 09:50:09 - [MESSAGE][PASSED] - Verify response status code successfully

2022-11-25 09:50:09 - [TEST_STEP][PASSED] - response2 = scoring.getResponseText(): null

2022-11-25 09:50:09 - [TEST_STEP][PASSED] - markPassed("result service data ke : " + no): result service data ke : 50

2022-11-25 09:50:09 - [MESSAGE][PASSED] - result service data ke : 50

2022-11-25 09:50:09 - [TEST_STEP][PASSED] - logInfo($response2): {"result_konsumen":"Reject","result_pasangan":"Reject","Final_result":"Reject","errorMessage":"","status":"Done"}

2022-11-25 09:50:09 - [MESSAGE][INFO] - {"result_konsumen":"Reject","result_pasangan":"Reject","Final_result":"Reject","errorMessage":"","status":"Done"}

2022-11-25 09:50:09 - [TEST_STEP][PASSED] - verifyElementPropertyValue(scoring, "Final_result", final_result): Verify element property value successfully

2022-11-25 09:50:09 - [MESSAGE][PASSED] - Verify element property value successfully]]></system-out>
         <system-err><![CDATA[]]></system-err>
      </testcase>
      <testcase name="Test Cases/Engine_Scoring/Engine Scoring" time="7.148" classname="Test Cases/Engine_Scoring/Engine Scoring" status="PASSED">
         <system-out><![CDATA[2022-11-25 09:50:09 - [TEST_CASE][PASSED] - Test Cases/Engine_Scoring/Engine Scoring: Test Cases/Engine_Scoring/Engine Scoring

2022-11-25 09:50:10 - [TEST_STEP][PASSED] - markPassed("Variasi data ke : " + no): Variasi data ke : 51

2022-11-25 09:50:10 - [MESSAGE][PASSED] - Variasi data ke : 51

2022-11-25 09:50:10 - [TEST_STEP][PASSED] - req_data = sendRequest(findTestObject("Search_ME", ["MID":MID, "source":source, "ip":ip, "userid":userid, "branch":branch, "tipekons":tipekons, "marital":marital, "penjamin":penjamin, ... ])): Send request successfully

2022-11-25 09:50:11 - [MESSAGE][INFO] - HAR: D:\DMS\Engine Scoring\Reports\20221125_094400\Exclude KKB - DS - Married\Scoring Married - DS\20221125_094402\requests\main\100.har

2022-11-25 09:50:11 - [MESSAGE][PASSED] - Send request successfully

2022-11-25 09:50:11 - [TEST_STEP][PASSED] - slurper = new groovy.json.JsonSlurper(): null

2022-11-25 09:50:11 - [TEST_STEP][PASSED] - result = slurper.parseText(req_data.getResponseBodyContent()): null

2022-11-25 09:50:11 - [TEST_STEP][PASSED] - reqid_kons = requestid1: null

2022-11-25 09:50:11 - [TEST_STEP][PASSED] - reqid_spouse = requestid2: null

2022-11-25 09:50:11 - [TEST_STEP][PASSED] - println("requestid kons : " + reqid_kons): null

2022-11-25 09:50:11 - [TEST_STEP][PASSED] - response_searchME_kons = reqid_kons: null

2022-11-25 09:50:11 - [TEST_STEP][PASSED] - response_searchME_spouse = reqid_spouse: null

2022-11-25 09:50:11 - [TEST_STEP][PASSED] - println("kons req id is :" + response_searchME_kons): null

2022-11-25 09:50:11 - [TEST_STEP][PASSED] - println("spouse req id is : " + response_searchME_spouse): null

2022-11-25 09:50:11 - [TEST_STEP][PASSED] - verifyResponseStatusCode(req_data, 200): Verify response status code successfully

2022-11-25 09:50:11 - [MESSAGE][PASSED] - Verify response status code successfully

2022-11-25 09:50:11 - [TEST_STEP][PASSED] - response = req_data.getResponseText(): null

2022-11-25 09:50:11 - [TEST_STEP][PASSED] - logInfo($response): {"status":"Done","data":{"requestid1":"255293","requestid2":"255294"}}

2022-11-25 09:50:11 - [MESSAGE][INFO] - {"status":"Done","data":{"requestid1":"255293","requestid2":"255294"}}

2022-11-25 09:50:11 - [TEST_STEP][PASSED] - delay(5): Delayed 5 second(s)

2022-11-25 09:50:16 - [MESSAGE][PASSED] - Delayed 5 second(s)

2022-11-25 09:50:16 - [TEST_STEP][PASSED] - scoring = sendRequest(findTestObject("EngineScore", ["response_searchME_kons":response_searchME_kons, "response_searchME_spouse":response_searchME_spouse])): Send request successfully

2022-11-25 09:50:16 - [MESSAGE][INFO] - HAR: D:\DMS\Engine Scoring\Reports\20221125_094400\Exclude KKB - DS - Married\Scoring Married - DS\20221125_094402\requests\main\101.har

2022-11-25 09:50:16 - [MESSAGE][PASSED] - Send request successfully

2022-11-25 09:50:16 - [TEST_STEP][PASSED] - verifyResponseStatusCode(scoring, 200): Verify response status code successfully

2022-11-25 09:50:16 - [MESSAGE][PASSED] - Verify response status code successfully

2022-11-25 09:50:16 - [TEST_STEP][PASSED] - response2 = scoring.getResponseText(): null

2022-11-25 09:50:16 - [TEST_STEP][PASSED] - markPassed("result service data ke : " + no): result service data ke : 51

2022-11-25 09:50:16 - [MESSAGE][PASSED] - result service data ke : 51

2022-11-25 09:50:16 - [TEST_STEP][PASSED] - logInfo($response2): {"result_konsumen":"Reject","result_pasangan":"Reject","Final_result":"Reject","errorMessage":"","status":"Done"}

2022-11-25 09:50:16 - [MESSAGE][INFO] - {"result_konsumen":"Reject","result_pasangan":"Reject","Final_result":"Reject","errorMessage":"","status":"Done"}

2022-11-25 09:50:16 - [TEST_STEP][PASSED] - verifyElementPropertyValue(scoring, "Final_result", final_result): Verify element property value successfully

2022-11-25 09:50:16 - [MESSAGE][PASSED] - Verify element property value successfully]]></system-out>
         <system-err><![CDATA[]]></system-err>
      </testcase>
      <testcase name="Test Cases/Engine_Scoring/Engine Scoring" time="6.892" classname="Test Cases/Engine_Scoring/Engine Scoring" status="PASSED">
         <system-out><![CDATA[2022-11-25 09:50:17 - [TEST_CASE][PASSED] - Test Cases/Engine_Scoring/Engine Scoring: Test Cases/Engine_Scoring/Engine Scoring

2022-11-25 09:50:17 - [TEST_STEP][PASSED] - markPassed("Variasi data ke : " + no): Variasi data ke : 52

2022-11-25 09:50:17 - [MESSAGE][PASSED] - Variasi data ke : 52

2022-11-25 09:50:17 - [TEST_STEP][PASSED] - req_data = sendRequest(findTestObject("Search_ME", ["MID":MID, "source":source, "ip":ip, "userid":userid, "branch":branch, "tipekons":tipekons, "marital":marital, "penjamin":penjamin, ... ])): Send request successfully

2022-11-25 09:50:18 - [MESSAGE][INFO] - HAR: D:\DMS\Engine Scoring\Reports\20221125_094400\Exclude KKB - DS - Married\Scoring Married - DS\20221125_094402\requests\main\102.har

2022-11-25 09:50:18 - [MESSAGE][PASSED] - Send request successfully

2022-11-25 09:50:18 - [TEST_STEP][PASSED] - slurper = new groovy.json.JsonSlurper(): null

2022-11-25 09:50:18 - [TEST_STEP][PASSED] - result = slurper.parseText(req_data.getResponseBodyContent()): null

2022-11-25 09:50:18 - [TEST_STEP][PASSED] - reqid_kons = requestid1: null

2022-11-25 09:50:18 - [TEST_STEP][PASSED] - reqid_spouse = requestid2: null

2022-11-25 09:50:18 - [TEST_STEP][PASSED] - println("requestid kons : " + reqid_kons): null

2022-11-25 09:50:18 - [TEST_STEP][PASSED] - response_searchME_kons = reqid_kons: null

2022-11-25 09:50:18 - [TEST_STEP][PASSED] - response_searchME_spouse = reqid_spouse: null

2022-11-25 09:50:18 - [TEST_STEP][PASSED] - println("kons req id is :" + response_searchME_kons): null

2022-11-25 09:50:18 - [TEST_STEP][PASSED] - println("spouse req id is : " + response_searchME_spouse): null

2022-11-25 09:50:18 - [TEST_STEP][PASSED] - verifyResponseStatusCode(req_data, 200): Verify response status code successfully

2022-11-25 09:50:18 - [MESSAGE][PASSED] - Verify response status code successfully

2022-11-25 09:50:18 - [TEST_STEP][PASSED] - response = req_data.getResponseText(): null

2022-11-25 09:50:18 - [TEST_STEP][PASSED] - logInfo($response): {"status":"Done","data":{"requestid1":"255296","requestid2":"255297"}}

2022-11-25 09:50:18 - [MESSAGE][INFO] - {"status":"Done","data":{"requestid1":"255296","requestid2":"255297"}}

2022-11-25 09:50:18 - [TEST_STEP][PASSED] - delay(5): Delayed 5 second(s)

2022-11-25 09:50:23 - [MESSAGE][PASSED] - Delayed 5 second(s)

2022-11-25 09:50:23 - [TEST_STEP][PASSED] - scoring = sendRequest(findTestObject("EngineScore", ["response_searchME_kons":response_searchME_kons, "response_searchME_spouse":response_searchME_spouse])): Send request successfully

2022-11-25 09:50:23 - [MESSAGE][INFO] - HAR: D:\DMS\Engine Scoring\Reports\20221125_094400\Exclude KKB - DS - Married\Scoring Married - DS\20221125_094402\requests\main\103.har

2022-11-25 09:50:23 - [MESSAGE][PASSED] - Send request successfully

2022-11-25 09:50:23 - [TEST_STEP][PASSED] - verifyResponseStatusCode(scoring, 200): Verify response status code successfully

2022-11-25 09:50:23 - [MESSAGE][PASSED] - Verify response status code successfully

2022-11-25 09:50:23 - [TEST_STEP][PASSED] - response2 = scoring.getResponseText(): null

2022-11-25 09:50:23 - [TEST_STEP][PASSED] - markPassed("result service data ke : " + no): result service data ke : 52

2022-11-25 09:50:23 - [MESSAGE][PASSED] - result service data ke : 52

2022-11-25 09:50:23 - [TEST_STEP][PASSED] - logInfo($response2): {"result_konsumen":"Reject","result_pasangan":"Reject","Final_result":"Reject","errorMessage":"","status":"Done"}

2022-11-25 09:50:23 - [MESSAGE][INFO] - {"result_konsumen":"Reject","result_pasangan":"Reject","Final_result":"Reject","errorMessage":"","status":"Done"}

2022-11-25 09:50:23 - [TEST_STEP][PASSED] - verifyElementPropertyValue(scoring, "Final_result", final_result): Verify element property value successfully

2022-11-25 09:50:23 - [MESSAGE][PASSED] - Verify element property value successfully]]></system-out>
         <system-err><![CDATA[]]></system-err>
      </testcase>
      <testcase name="Test Cases/Engine_Scoring/Engine Scoring" time="6.819" classname="Test Cases/Engine_Scoring/Engine Scoring" status="PASSED">
         <system-out><![CDATA[2022-11-25 09:50:23 - [TEST_CASE][PASSED] - Test Cases/Engine_Scoring/Engine Scoring: Test Cases/Engine_Scoring/Engine Scoring

2022-11-25 09:50:24 - [TEST_STEP][PASSED] - markPassed("Variasi data ke : " + no): Variasi data ke : 53

2022-11-25 09:50:24 - [MESSAGE][PASSED] - Variasi data ke : 53

2022-11-25 09:50:24 - [TEST_STEP][PASSED] - req_data = sendRequest(findTestObject("Search_ME", ["MID":MID, "source":source, "ip":ip, "userid":userid, "branch":branch, "tipekons":tipekons, "marital":marital, "penjamin":penjamin, ... ])): Send request successfully

2022-11-25 09:50:25 - [MESSAGE][INFO] - HAR: D:\DMS\Engine Scoring\Reports\20221125_094400\Exclude KKB - DS - Married\Scoring Married - DS\20221125_094402\requests\main\104.har

2022-11-25 09:50:25 - [MESSAGE][PASSED] - Send request successfully

2022-11-25 09:50:25 - [TEST_STEP][PASSED] - slurper = new groovy.json.JsonSlurper(): null

2022-11-25 09:50:25 - [TEST_STEP][PASSED] - result = slurper.parseText(req_data.getResponseBodyContent()): null

2022-11-25 09:50:25 - [TEST_STEP][PASSED] - reqid_kons = requestid1: null

2022-11-25 09:50:25 - [TEST_STEP][PASSED] - reqid_spouse = requestid2: null

2022-11-25 09:50:25 - [TEST_STEP][PASSED] - println("requestid kons : " + reqid_kons): null

2022-11-25 09:50:25 - [TEST_STEP][PASSED] - response_searchME_kons = reqid_kons: null

2022-11-25 09:50:25 - [TEST_STEP][PASSED] - response_searchME_spouse = reqid_spouse: null

2022-11-25 09:50:25 - [TEST_STEP][PASSED] - println("kons req id is :" + response_searchME_kons): null

2022-11-25 09:50:25 - [TEST_STEP][PASSED] - println("spouse req id is : " + response_searchME_spouse): null

2022-11-25 09:50:25 - [TEST_STEP][PASSED] - verifyResponseStatusCode(req_data, 200): Verify response status code successfully

2022-11-25 09:50:25 - [MESSAGE][PASSED] - Verify response status code successfully

2022-11-25 09:50:25 - [TEST_STEP][PASSED] - response = req_data.getResponseText(): null

2022-11-25 09:50:25 - [TEST_STEP][PASSED] - logInfo($response): {"status":"Done","data":{"requestid1":"255299","requestid2":"255300"}}

2022-11-25 09:50:25 - [MESSAGE][INFO] - {"status":"Done","data":{"requestid1":"255299","requestid2":"255300"}}

2022-11-25 09:50:25 - [TEST_STEP][PASSED] - delay(5): Delayed 5 second(s)

2022-11-25 09:50:30 - [MESSAGE][PASSED] - Delayed 5 second(s)

2022-11-25 09:50:30 - [TEST_STEP][PASSED] - scoring = sendRequest(findTestObject("EngineScore", ["response_searchME_kons":response_searchME_kons, "response_searchME_spouse":response_searchME_spouse])): Send request successfully

2022-11-25 09:50:30 - [MESSAGE][INFO] - HAR: D:\DMS\Engine Scoring\Reports\20221125_094400\Exclude KKB - DS - Married\Scoring Married - DS\20221125_094402\requests\main\105.har

2022-11-25 09:50:30 - [MESSAGE][PASSED] - Send request successfully

2022-11-25 09:50:30 - [TEST_STEP][PASSED] - verifyResponseStatusCode(scoring, 200): Verify response status code successfully

2022-11-25 09:50:30 - [MESSAGE][PASSED] - Verify response status code successfully

2022-11-25 09:50:30 - [TEST_STEP][PASSED] - response2 = scoring.getResponseText(): null

2022-11-25 09:50:30 - [TEST_STEP][PASSED] - markPassed("result service data ke : " + no): result service data ke : 53

2022-11-25 09:50:30 - [MESSAGE][PASSED] - result service data ke : 53

2022-11-25 09:50:30 - [TEST_STEP][PASSED] - logInfo($response2): {"result_konsumen":"Reject","result_pasangan":"Reject","Final_result":"Reject","errorMessage":"","status":"Done"}

2022-11-25 09:50:30 - [MESSAGE][INFO] - {"result_konsumen":"Reject","result_pasangan":"Reject","Final_result":"Reject","errorMessage":"","status":"Done"}

2022-11-25 09:50:30 - [TEST_STEP][PASSED] - verifyElementPropertyValue(scoring, "Final_result", final_result): Verify element property value successfully

2022-11-25 09:50:30 - [MESSAGE][PASSED] - Verify element property value successfully]]></system-out>
         <system-err><![CDATA[]]></system-err>
      </testcase>
      <testcase name="Test Cases/Engine_Scoring/Engine Scoring" time="6.816" classname="Test Cases/Engine_Scoring/Engine Scoring" status="PASSED">
         <system-out><![CDATA[2022-11-25 09:50:30 - [TEST_CASE][PASSED] - Test Cases/Engine_Scoring/Engine Scoring: Test Cases/Engine_Scoring/Engine Scoring

2022-11-25 09:50:31 - [TEST_STEP][PASSED] - markPassed("Variasi data ke : " + no): Variasi data ke : 54

2022-11-25 09:50:31 - [MESSAGE][PASSED] - Variasi data ke : 54

2022-11-25 09:50:31 - [TEST_STEP][PASSED] - req_data = sendRequest(findTestObject("Search_ME", ["MID":MID, "source":source, "ip":ip, "userid":userid, "branch":branch, "tipekons":tipekons, "marital":marital, "penjamin":penjamin, ... ])): Send request successfully

2022-11-25 09:50:32 - [MESSAGE][INFO] - HAR: D:\DMS\Engine Scoring\Reports\20221125_094400\Exclude KKB - DS - Married\Scoring Married - DS\20221125_094402\requests\main\106.har

2022-11-25 09:50:32 - [MESSAGE][PASSED] - Send request successfully

2022-11-25 09:50:32 - [TEST_STEP][PASSED] - slurper = new groovy.json.JsonSlurper(): null

2022-11-25 09:50:32 - [TEST_STEP][PASSED] - result = slurper.parseText(req_data.getResponseBodyContent()): null

2022-11-25 09:50:32 - [TEST_STEP][PASSED] - reqid_kons = requestid1: null

2022-11-25 09:50:32 - [TEST_STEP][PASSED] - reqid_spouse = requestid2: null

2022-11-25 09:50:32 - [TEST_STEP][PASSED] - println("requestid kons : " + reqid_kons): null

2022-11-25 09:50:32 - [TEST_STEP][PASSED] - response_searchME_kons = reqid_kons: null

2022-11-25 09:50:32 - [TEST_STEP][PASSED] - response_searchME_spouse = reqid_spouse: null

2022-11-25 09:50:32 - [TEST_STEP][PASSED] - println("kons req id is :" + response_searchME_kons): null

2022-11-25 09:50:32 - [TEST_STEP][PASSED] - println("spouse req id is : " + response_searchME_spouse): null

2022-11-25 09:50:32 - [TEST_STEP][PASSED] - verifyResponseStatusCode(req_data, 200): Verify response status code successfully

2022-11-25 09:50:32 - [MESSAGE][PASSED] - Verify response status code successfully

2022-11-25 09:50:32 - [TEST_STEP][PASSED] - response = req_data.getResponseText(): null

2022-11-25 09:50:32 - [TEST_STEP][PASSED] - logInfo($response): {"status":"Done","data":{"requestid1":"255302","requestid2":"255303"}}

2022-11-25 09:50:32 - [MESSAGE][INFO] - {"status":"Done","data":{"requestid1":"255302","requestid2":"255303"}}

2022-11-25 09:50:32 - [TEST_STEP][PASSED] - delay(5): Delayed 5 second(s)

2022-11-25 09:50:37 - [MESSAGE][PASSED] - Delayed 5 second(s)

2022-11-25 09:50:37 - [TEST_STEP][PASSED] - scoring = sendRequest(findTestObject("EngineScore", ["response_searchME_kons":response_searchME_kons, "response_searchME_spouse":response_searchME_spouse])): Send request successfully

2022-11-25 09:50:37 - [MESSAGE][INFO] - HAR: D:\DMS\Engine Scoring\Reports\20221125_094400\Exclude KKB - DS - Married\Scoring Married - DS\20221125_094402\requests\main\107.har

2022-11-25 09:50:37 - [MESSAGE][PASSED] - Send request successfully

2022-11-25 09:50:37 - [TEST_STEP][PASSED] - verifyResponseStatusCode(scoring, 200): Verify response status code successfully

2022-11-25 09:50:37 - [MESSAGE][PASSED] - Verify response status code successfully

2022-11-25 09:50:37 - [TEST_STEP][PASSED] - response2 = scoring.getResponseText(): null

2022-11-25 09:50:37 - [TEST_STEP][PASSED] - markPassed("result service data ke : " + no): result service data ke : 54

2022-11-25 09:50:37 - [MESSAGE][PASSED] - result service data ke : 54

2022-11-25 09:50:37 - [TEST_STEP][PASSED] - logInfo($response2): {"result_konsumen":"Reject","result_pasangan":"Reject","Final_result":"Reject","errorMessage":"","status":"Done"}

2022-11-25 09:50:37 - [MESSAGE][INFO] - {"result_konsumen":"Reject","result_pasangan":"Reject","Final_result":"Reject","errorMessage":"","status":"Done"}

2022-11-25 09:50:37 - [TEST_STEP][PASSED] - verifyElementPropertyValue(scoring, "Final_result", final_result): Verify element property value successfully

2022-11-25 09:50:37 - [MESSAGE][PASSED] - Verify element property value successfully]]></system-out>
         <system-err><![CDATA[]]></system-err>
      </testcase>
      <testcase name="Test Cases/Engine_Scoring/Engine Scoring" time="6.737" classname="Test Cases/Engine_Scoring/Engine Scoring" status="PASSED">
         <system-out><![CDATA[2022-11-25 09:50:37 - [TEST_CASE][PASSED] - Test Cases/Engine_Scoring/Engine Scoring: Test Cases/Engine_Scoring/Engine Scoring

2022-11-25 09:50:38 - [TEST_STEP][PASSED] - markPassed("Variasi data ke : " + no): Variasi data ke : 55

2022-11-25 09:50:38 - [MESSAGE][PASSED] - Variasi data ke : 55

2022-11-25 09:50:38 - [TEST_STEP][PASSED] - req_data = sendRequest(findTestObject("Search_ME", ["MID":MID, "source":source, "ip":ip, "userid":userid, "branch":branch, "tipekons":tipekons, "marital":marital, "penjamin":penjamin, ... ])): Send request successfully

2022-11-25 09:50:39 - [MESSAGE][INFO] - HAR: D:\DMS\Engine Scoring\Reports\20221125_094400\Exclude KKB - DS - Married\Scoring Married - DS\20221125_094402\requests\main\108.har

2022-11-25 09:50:39 - [MESSAGE][PASSED] - Send request successfully

2022-11-25 09:50:39 - [TEST_STEP][PASSED] - slurper = new groovy.json.JsonSlurper(): null

2022-11-25 09:50:39 - [TEST_STEP][PASSED] - result = slurper.parseText(req_data.getResponseBodyContent()): null

2022-11-25 09:50:39 - [TEST_STEP][PASSED] - reqid_kons = requestid1: null

2022-11-25 09:50:39 - [TEST_STEP][PASSED] - reqid_spouse = requestid2: null

2022-11-25 09:50:39 - [TEST_STEP][PASSED] - println("requestid kons : " + reqid_kons): null

2022-11-25 09:50:39 - [TEST_STEP][PASSED] - response_searchME_kons = reqid_kons: null

2022-11-25 09:50:39 - [TEST_STEP][PASSED] - response_searchME_spouse = reqid_spouse: null

2022-11-25 09:50:39 - [TEST_STEP][PASSED] - println("kons req id is :" + response_searchME_kons): null

2022-11-25 09:50:39 - [TEST_STEP][PASSED] - println("spouse req id is : " + response_searchME_spouse): null

2022-11-25 09:50:39 - [TEST_STEP][PASSED] - verifyResponseStatusCode(req_data, 200): Verify response status code successfully

2022-11-25 09:50:39 - [MESSAGE][PASSED] - Verify response status code successfully

2022-11-25 09:50:39 - [TEST_STEP][PASSED] - response = req_data.getResponseText(): null

2022-11-25 09:50:39 - [TEST_STEP][PASSED] - logInfo($response): {"status":"Done","data":{"requestid1":"255305","requestid2":"255306"}}

2022-11-25 09:50:39 - [MESSAGE][INFO] - {"status":"Done","data":{"requestid1":"255305","requestid2":"255306"}}

2022-11-25 09:50:39 - [TEST_STEP][PASSED] - delay(5): Delayed 5 second(s)

2022-11-25 09:50:44 - [MESSAGE][PASSED] - Delayed 5 second(s)

2022-11-25 09:50:44 - [TEST_STEP][PASSED] - scoring = sendRequest(findTestObject("EngineScore", ["response_searchME_kons":response_searchME_kons, "response_searchME_spouse":response_searchME_spouse])): Send request successfully

2022-11-25 09:50:44 - [MESSAGE][INFO] - HAR: D:\DMS\Engine Scoring\Reports\20221125_094400\Exclude KKB - DS - Married\Scoring Married - DS\20221125_094402\requests\main\109.har

2022-11-25 09:50:44 - [MESSAGE][PASSED] - Send request successfully

2022-11-25 09:50:44 - [TEST_STEP][PASSED] - verifyResponseStatusCode(scoring, 200): Verify response status code successfully

2022-11-25 09:50:44 - [MESSAGE][PASSED] - Verify response status code successfully

2022-11-25 09:50:44 - [TEST_STEP][PASSED] - response2 = scoring.getResponseText(): null

2022-11-25 09:50:44 - [TEST_STEP][PASSED] - markPassed("result service data ke : " + no): result service data ke : 55

2022-11-25 09:50:44 - [MESSAGE][PASSED] - result service data ke : 55

2022-11-25 09:50:44 - [TEST_STEP][PASSED] - logInfo($response2): {"result_konsumen":"Approve","result_pasangan":"Reguler","Final_result":"Approve","errorMessage":"","status":"Done"}

2022-11-25 09:50:44 - [MESSAGE][INFO] - {"result_konsumen":"Approve","result_pasangan":"Reguler","Final_result":"Approve","errorMessage":"","status":"Done"}

2022-11-25 09:50:44 - [TEST_STEP][PASSED] - verifyElementPropertyValue(scoring, "Final_result", final_result): Verify element property value successfully

2022-11-25 09:50:44 - [MESSAGE][PASSED] - Verify element property value successfully]]></system-out>
         <system-err><![CDATA[]]></system-err>
      </testcase>
      <testcase name="Test Cases/Engine_Scoring/Engine Scoring" time="6.637" classname="Test Cases/Engine_Scoring/Engine Scoring" status="PASSED">
         <system-out><![CDATA[2022-11-25 09:50:44 - [TEST_CASE][PASSED] - Test Cases/Engine_Scoring/Engine Scoring: Test Cases/Engine_Scoring/Engine Scoring

2022-11-25 09:50:45 - [TEST_STEP][PASSED] - markPassed("Variasi data ke : " + no): Variasi data ke : 56

2022-11-25 09:50:45 - [MESSAGE][PASSED] - Variasi data ke : 56

2022-11-25 09:50:45 - [TEST_STEP][PASSED] - req_data = sendRequest(findTestObject("Search_ME", ["MID":MID, "source":source, "ip":ip, "userid":userid, "branch":branch, "tipekons":tipekons, "marital":marital, "penjamin":penjamin, ... ])): Send request successfully

2022-11-25 09:50:46 - [MESSAGE][INFO] - HAR: D:\DMS\Engine Scoring\Reports\20221125_094400\Exclude KKB - DS - Married\Scoring Married - DS\20221125_094402\requests\main\110.har

2022-11-25 09:50:46 - [MESSAGE][PASSED] - Send request successfully

2022-11-25 09:50:46 - [TEST_STEP][PASSED] - slurper = new groovy.json.JsonSlurper(): null

2022-11-25 09:50:46 - [TEST_STEP][PASSED] - result = slurper.parseText(req_data.getResponseBodyContent()): null

2022-11-25 09:50:46 - [TEST_STEP][PASSED] - reqid_kons = requestid1: null

2022-11-25 09:50:46 - [TEST_STEP][PASSED] - reqid_spouse = requestid2: null

2022-11-25 09:50:46 - [TEST_STEP][PASSED] - println("requestid kons : " + reqid_kons): null

2022-11-25 09:50:46 - [TEST_STEP][PASSED] - response_searchME_kons = reqid_kons: null

2022-11-25 09:50:46 - [TEST_STEP][PASSED] - response_searchME_spouse = reqid_spouse: null

2022-11-25 09:50:46 - [TEST_STEP][PASSED] - println("kons req id is :" + response_searchME_kons): null

2022-11-25 09:50:46 - [TEST_STEP][PASSED] - println("spouse req id is : " + response_searchME_spouse): null

2022-11-25 09:50:46 - [TEST_STEP][PASSED] - verifyResponseStatusCode(req_data, 200): Verify response status code successfully

2022-11-25 09:50:46 - [MESSAGE][PASSED] - Verify response status code successfully

2022-11-25 09:50:46 - [TEST_STEP][PASSED] - response = req_data.getResponseText(): null

2022-11-25 09:50:46 - [TEST_STEP][PASSED] - logInfo($response): {"status":"Done","data":{"requestid1":"255308","requestid2":"255309"}}

2022-11-25 09:50:46 - [MESSAGE][INFO] - {"status":"Done","data":{"requestid1":"255308","requestid2":"255309"}}

2022-11-25 09:50:46 - [TEST_STEP][PASSED] - delay(5): Delayed 5 second(s)

2022-11-25 09:50:51 - [MESSAGE][PASSED] - Delayed 5 second(s)

2022-11-25 09:50:51 - [TEST_STEP][PASSED] - scoring = sendRequest(findTestObject("EngineScore", ["response_searchME_kons":response_searchME_kons, "response_searchME_spouse":response_searchME_spouse])): Send request successfully

2022-11-25 09:50:51 - [MESSAGE][INFO] - HAR: D:\DMS\Engine Scoring\Reports\20221125_094400\Exclude KKB - DS - Married\Scoring Married - DS\20221125_094402\requests\main\111.har

2022-11-25 09:50:51 - [MESSAGE][PASSED] - Send request successfully

2022-11-25 09:50:51 - [TEST_STEP][PASSED] - verifyResponseStatusCode(scoring, 200): Verify response status code successfully

2022-11-25 09:50:51 - [MESSAGE][PASSED] - Verify response status code successfully

2022-11-25 09:50:51 - [TEST_STEP][PASSED] - response2 = scoring.getResponseText(): null

2022-11-25 09:50:51 - [TEST_STEP][PASSED] - markPassed("result service data ke : " + no): result service data ke : 56

2022-11-25 09:50:51 - [MESSAGE][PASSED] - result service data ke : 56

2022-11-25 09:50:51 - [TEST_STEP][PASSED] - logInfo($response2): {"result_konsumen":"Approve","result_pasangan":"Reguler","Final_result":"Approve","errorMessage":"","status":"Done"}

2022-11-25 09:50:51 - [MESSAGE][INFO] - {"result_konsumen":"Approve","result_pasangan":"Reguler","Final_result":"Approve","errorMessage":"","status":"Done"}

2022-11-25 09:50:51 - [TEST_STEP][PASSED] - verifyElementPropertyValue(scoring, "Final_result", final_result): Verify element property value successfully

2022-11-25 09:50:51 - [MESSAGE][PASSED] - Verify element property value successfully]]></system-out>
         <system-err><![CDATA[]]></system-err>
      </testcase>
      <testcase name="Test Cases/Engine_Scoring/Engine Scoring" time="6.827" classname="Test Cases/Engine_Scoring/Engine Scoring" status="PASSED">
         <system-out><![CDATA[2022-11-25 09:50:51 - [TEST_CASE][PASSED] - Test Cases/Engine_Scoring/Engine Scoring: Test Cases/Engine_Scoring/Engine Scoring

2022-11-25 09:50:52 - [TEST_STEP][PASSED] - markPassed("Variasi data ke : " + no): Variasi data ke : 57

2022-11-25 09:50:52 - [MESSAGE][PASSED] - Variasi data ke : 57

2022-11-25 09:50:52 - [TEST_STEP][PASSED] - req_data = sendRequest(findTestObject("Search_ME", ["MID":MID, "source":source, "ip":ip, "userid":userid, "branch":branch, "tipekons":tipekons, "marital":marital, "penjamin":penjamin, ... ])): Send request successfully

2022-11-25 09:50:52 - [MESSAGE][INFO] - HAR: D:\DMS\Engine Scoring\Reports\20221125_094400\Exclude KKB - DS - Married\Scoring Married - DS\20221125_094402\requests\main\112.har

2022-11-25 09:50:52 - [MESSAGE][PASSED] - Send request successfully

2022-11-25 09:50:52 - [TEST_STEP][PASSED] - slurper = new groovy.json.JsonSlurper(): null

2022-11-25 09:50:52 - [TEST_STEP][PASSED] - result = slurper.parseText(req_data.getResponseBodyContent()): null

2022-11-25 09:50:52 - [TEST_STEP][PASSED] - reqid_kons = requestid1: null

2022-11-25 09:50:52 - [TEST_STEP][PASSED] - reqid_spouse = requestid2: null

2022-11-25 09:50:52 - [TEST_STEP][PASSED] - println("requestid kons : " + reqid_kons): null

2022-11-25 09:50:52 - [TEST_STEP][PASSED] - response_searchME_kons = reqid_kons: null

2022-11-25 09:50:52 - [TEST_STEP][PASSED] - response_searchME_spouse = reqid_spouse: null

2022-11-25 09:50:52 - [TEST_STEP][PASSED] - println("kons req id is :" + response_searchME_kons): null

2022-11-25 09:50:52 - [TEST_STEP][PASSED] - println("spouse req id is : " + response_searchME_spouse): null

2022-11-25 09:50:52 - [TEST_STEP][PASSED] - verifyResponseStatusCode(req_data, 200): Verify response status code successfully

2022-11-25 09:50:52 - [MESSAGE][PASSED] - Verify response status code successfully

2022-11-25 09:50:52 - [TEST_STEP][PASSED] - response = req_data.getResponseText(): null

2022-11-25 09:50:52 - [TEST_STEP][PASSED] - logInfo($response): {"status":"Done","data":{"requestid1":"255311","requestid2":"255312"}}

2022-11-25 09:50:52 - [MESSAGE][INFO] - {"status":"Done","data":{"requestid1":"255311","requestid2":"255312"}}

2022-11-25 09:50:52 - [TEST_STEP][PASSED] - delay(5): Delayed 5 second(s)

2022-11-25 09:50:57 - [MESSAGE][PASSED] - Delayed 5 second(s)

2022-11-25 09:50:57 - [TEST_STEP][PASSED] - scoring = sendRequest(findTestObject("EngineScore", ["response_searchME_kons":response_searchME_kons, "response_searchME_spouse":response_searchME_spouse])): Send request successfully

2022-11-25 09:50:58 - [MESSAGE][INFO] - HAR: D:\DMS\Engine Scoring\Reports\20221125_094400\Exclude KKB - DS - Married\Scoring Married - DS\20221125_094402\requests\main\113.har

2022-11-25 09:50:58 - [MESSAGE][PASSED] - Send request successfully

2022-11-25 09:50:58 - [TEST_STEP][PASSED] - verifyResponseStatusCode(scoring, 200): Verify response status code successfully

2022-11-25 09:50:58 - [MESSAGE][PASSED] - Verify response status code successfully

2022-11-25 09:50:58 - [TEST_STEP][PASSED] - response2 = scoring.getResponseText(): null

2022-11-25 09:50:58 - [TEST_STEP][PASSED] - markPassed("result service data ke : " + no): result service data ke : 57

2022-11-25 09:50:58 - [MESSAGE][PASSED] - result service data ke : 57

2022-11-25 09:50:58 - [TEST_STEP][PASSED] - logInfo($response2): {"result_konsumen":"Approve","result_pasangan":"Reguler","Final_result":"Approve","errorMessage":"","status":"Done"}

2022-11-25 09:50:58 - [MESSAGE][INFO] - {"result_konsumen":"Approve","result_pasangan":"Reguler","Final_result":"Approve","errorMessage":"","status":"Done"}

2022-11-25 09:50:58 - [TEST_STEP][PASSED] - verifyElementPropertyValue(scoring, "Final_result", final_result): Verify element property value successfully

2022-11-25 09:50:58 - [MESSAGE][PASSED] - Verify element property value successfully]]></system-out>
         <system-err><![CDATA[]]></system-err>
      </testcase>
      <testcase name="Test Cases/Engine_Scoring/Engine Scoring" time="6.895" classname="Test Cases/Engine_Scoring/Engine Scoring" status="PASSED">
         <system-out><![CDATA[2022-11-25 09:50:58 - [TEST_CASE][PASSED] - Test Cases/Engine_Scoring/Engine Scoring: Test Cases/Engine_Scoring/Engine Scoring

2022-11-25 09:50:58 - [TEST_STEP][PASSED] - markPassed("Variasi data ke : " + no): Variasi data ke : 58

2022-11-25 09:50:58 - [MESSAGE][PASSED] - Variasi data ke : 58

2022-11-25 09:50:58 - [TEST_STEP][PASSED] - req_data = sendRequest(findTestObject("Search_ME", ["MID":MID, "source":source, "ip":ip, "userid":userid, "branch":branch, "tipekons":tipekons, "marital":marital, "penjamin":penjamin, ... ])): Send request successfully

2022-11-25 09:50:59 - [MESSAGE][INFO] - HAR: D:\DMS\Engine Scoring\Reports\20221125_094400\Exclude KKB - DS - Married\Scoring Married - DS\20221125_094402\requests\main\114.har

2022-11-25 09:50:59 - [MESSAGE][PASSED] - Send request successfully

2022-11-25 09:50:59 - [TEST_STEP][PASSED] - slurper = new groovy.json.JsonSlurper(): null

2022-11-25 09:50:59 - [TEST_STEP][PASSED] - result = slurper.parseText(req_data.getResponseBodyContent()): null

2022-11-25 09:50:59 - [TEST_STEP][PASSED] - reqid_kons = requestid1: null

2022-11-25 09:50:59 - [TEST_STEP][PASSED] - reqid_spouse = requestid2: null

2022-11-25 09:50:59 - [TEST_STEP][PASSED] - println("requestid kons : " + reqid_kons): null

2022-11-25 09:50:59 - [TEST_STEP][PASSED] - response_searchME_kons = reqid_kons: null

2022-11-25 09:50:59 - [TEST_STEP][PASSED] - response_searchME_spouse = reqid_spouse: null

2022-11-25 09:50:59 - [TEST_STEP][PASSED] - println("kons req id is :" + response_searchME_kons): null

2022-11-25 09:50:59 - [TEST_STEP][PASSED] - println("spouse req id is : " + response_searchME_spouse): null

2022-11-25 09:50:59 - [TEST_STEP][PASSED] - verifyResponseStatusCode(req_data, 200): Verify response status code successfully

2022-11-25 09:50:59 - [MESSAGE][PASSED] - Verify response status code successfully

2022-11-25 09:50:59 - [TEST_STEP][PASSED] - response = req_data.getResponseText(): null

2022-11-25 09:50:59 - [TEST_STEP][PASSED] - logInfo($response): {"status":"Done","data":{"requestid1":"255314","requestid2":"255315"}}

2022-11-25 09:50:59 - [MESSAGE][INFO] - {"status":"Done","data":{"requestid1":"255314","requestid2":"255315"}}

2022-11-25 09:50:59 - [TEST_STEP][PASSED] - delay(5): Delayed 5 second(s)

2022-11-25 09:51:04 - [MESSAGE][PASSED] - Delayed 5 second(s)

2022-11-25 09:51:04 - [TEST_STEP][PASSED] - scoring = sendRequest(findTestObject("EngineScore", ["response_searchME_kons":response_searchME_kons, "response_searchME_spouse":response_searchME_spouse])): Send request successfully

2022-11-25 09:51:05 - [MESSAGE][INFO] - HAR: D:\DMS\Engine Scoring\Reports\20221125_094400\Exclude KKB - DS - Married\Scoring Married - DS\20221125_094402\requests\main\115.har

2022-11-25 09:51:05 - [MESSAGE][PASSED] - Send request successfully

2022-11-25 09:51:05 - [TEST_STEP][PASSED] - verifyResponseStatusCode(scoring, 200): Verify response status code successfully

2022-11-25 09:51:05 - [MESSAGE][PASSED] - Verify response status code successfully

2022-11-25 09:51:05 - [TEST_STEP][PASSED] - response2 = scoring.getResponseText(): null

2022-11-25 09:51:05 - [TEST_STEP][PASSED] - markPassed("result service data ke : " + no): result service data ke : 58

2022-11-25 09:51:05 - [MESSAGE][PASSED] - result service data ke : 58

2022-11-25 09:51:05 - [TEST_STEP][PASSED] - logInfo($response2): {"result_konsumen":"Approve","result_pasangan":"Reguler","Final_result":"Approve","errorMessage":"","status":"Done"}

2022-11-25 09:51:05 - [MESSAGE][INFO] - {"result_konsumen":"Approve","result_pasangan":"Reguler","Final_result":"Approve","errorMessage":"","status":"Done"}

2022-11-25 09:51:05 - [TEST_STEP][PASSED] - verifyElementPropertyValue(scoring, "Final_result", final_result): Verify element property value successfully

2022-11-25 09:51:05 - [MESSAGE][PASSED] - Verify element property value successfully]]></system-out>
         <system-err><![CDATA[]]></system-err>
      </testcase>
      <testcase name="Test Cases/Engine_Scoring/Engine Scoring" time="6.793" classname="Test Cases/Engine_Scoring/Engine Scoring" status="PASSED">
         <system-out><![CDATA[2022-11-25 09:51:05 - [TEST_CASE][PASSED] - Test Cases/Engine_Scoring/Engine Scoring: Test Cases/Engine_Scoring/Engine Scoring

2022-11-25 09:51:05 - [TEST_STEP][PASSED] - markPassed("Variasi data ke : " + no): Variasi data ke : 59

2022-11-25 09:51:05 - [MESSAGE][PASSED] - Variasi data ke : 59

2022-11-25 09:51:05 - [TEST_STEP][PASSED] - req_data = sendRequest(findTestObject("Search_ME", ["MID":MID, "source":source, "ip":ip, "userid":userid, "branch":branch, "tipekons":tipekons, "marital":marital, "penjamin":penjamin, ... ])): Send request successfully

2022-11-25 09:51:06 - [MESSAGE][INFO] - HAR: D:\DMS\Engine Scoring\Reports\20221125_094400\Exclude KKB - DS - Married\Scoring Married - DS\20221125_094402\requests\main\116.har

2022-11-25 09:51:06 - [MESSAGE][PASSED] - Send request successfully

2022-11-25 09:51:06 - [TEST_STEP][PASSED] - slurper = new groovy.json.JsonSlurper(): null

2022-11-25 09:51:06 - [TEST_STEP][PASSED] - result = slurper.parseText(req_data.getResponseBodyContent()): null

2022-11-25 09:51:06 - [TEST_STEP][PASSED] - reqid_kons = requestid1: null

2022-11-25 09:51:06 - [TEST_STEP][PASSED] - reqid_spouse = requestid2: null

2022-11-25 09:51:06 - [TEST_STEP][PASSED] - println("requestid kons : " + reqid_kons): null

2022-11-25 09:51:06 - [TEST_STEP][PASSED] - response_searchME_kons = reqid_kons: null

2022-11-25 09:51:06 - [TEST_STEP][PASSED] - response_searchME_spouse = reqid_spouse: null

2022-11-25 09:51:06 - [TEST_STEP][PASSED] - println("kons req id is :" + response_searchME_kons): null

2022-11-25 09:51:06 - [TEST_STEP][PASSED] - println("spouse req id is : " + response_searchME_spouse): null

2022-11-25 09:51:06 - [TEST_STEP][PASSED] - verifyResponseStatusCode(req_data, 200): Verify response status code successfully

2022-11-25 09:51:06 - [MESSAGE][PASSED] - Verify response status code successfully

2022-11-25 09:51:06 - [TEST_STEP][PASSED] - response = req_data.getResponseText(): null

2022-11-25 09:51:06 - [TEST_STEP][PASSED] - logInfo($response): {"status":"Done","data":{"requestid1":"255317","requestid2":"255318"}}

2022-11-25 09:51:06 - [MESSAGE][INFO] - {"status":"Done","data":{"requestid1":"255317","requestid2":"255318"}}

2022-11-25 09:51:06 - [TEST_STEP][PASSED] - delay(5): Delayed 5 second(s)

2022-11-25 09:51:11 - [MESSAGE][PASSED] - Delayed 5 second(s)

2022-11-25 09:51:11 - [TEST_STEP][PASSED] - scoring = sendRequest(findTestObject("EngineScore", ["response_searchME_kons":response_searchME_kons, "response_searchME_spouse":response_searchME_spouse])): Send request successfully

2022-11-25 09:51:11 - [MESSAGE][INFO] - HAR: D:\DMS\Engine Scoring\Reports\20221125_094400\Exclude KKB - DS - Married\Scoring Married - DS\20221125_094402\requests\main\117.har

2022-11-25 09:51:11 - [MESSAGE][PASSED] - Send request successfully

2022-11-25 09:51:11 - [TEST_STEP][PASSED] - verifyResponseStatusCode(scoring, 200): Verify response status code successfully

2022-11-25 09:51:11 - [MESSAGE][PASSED] - Verify response status code successfully

2022-11-25 09:51:11 - [TEST_STEP][PASSED] - response2 = scoring.getResponseText(): null

2022-11-25 09:51:11 - [TEST_STEP][PASSED] - markPassed("result service data ke : " + no): result service data ke : 59

2022-11-25 09:51:11 - [MESSAGE][PASSED] - result service data ke : 59

2022-11-25 09:51:11 - [TEST_STEP][PASSED] - logInfo($response2): {"result_konsumen":"Approve","result_pasangan":"Reject","Final_result":"Reject","errorMessage":"","status":"Done"}

2022-11-25 09:51:11 - [MESSAGE][INFO] - {"result_konsumen":"Approve","result_pasangan":"Reject","Final_result":"Reject","errorMessage":"","status":"Done"}

2022-11-25 09:51:11 - [TEST_STEP][PASSED] - verifyElementPropertyValue(scoring, "Final_result", final_result): Verify element property value successfully

2022-11-25 09:51:11 - [MESSAGE][PASSED] - Verify element property value successfully]]></system-out>
         <system-err><![CDATA[]]></system-err>
      </testcase>
      <testcase name="Test Cases/Engine_Scoring/Engine Scoring" time="6.689" classname="Test Cases/Engine_Scoring/Engine Scoring" status="PASSED">
         <system-out><![CDATA[2022-11-25 09:51:11 - [TEST_CASE][PASSED] - Test Cases/Engine_Scoring/Engine Scoring: Test Cases/Engine_Scoring/Engine Scoring

2022-11-25 09:51:12 - [TEST_STEP][PASSED] - markPassed("Variasi data ke : " + no): Variasi data ke : 60

2022-11-25 09:51:12 - [MESSAGE][PASSED] - Variasi data ke : 60

2022-11-25 09:51:12 - [TEST_STEP][PASSED] - req_data = sendRequest(findTestObject("Search_ME", ["MID":MID, "source":source, "ip":ip, "userid":userid, "branch":branch, "tipekons":tipekons, "marital":marital, "penjamin":penjamin, ... ])): Send request successfully

2022-11-25 09:51:13 - [MESSAGE][INFO] - HAR: D:\DMS\Engine Scoring\Reports\20221125_094400\Exclude KKB - DS - Married\Scoring Married - DS\20221125_094402\requests\main\118.har

2022-11-25 09:51:13 - [MESSAGE][PASSED] - Send request successfully

2022-11-25 09:51:13 - [TEST_STEP][PASSED] - slurper = new groovy.json.JsonSlurper(): null

2022-11-25 09:51:13 - [TEST_STEP][PASSED] - result = slurper.parseText(req_data.getResponseBodyContent()): null

2022-11-25 09:51:13 - [TEST_STEP][PASSED] - reqid_kons = requestid1: null

2022-11-25 09:51:13 - [TEST_STEP][PASSED] - reqid_spouse = requestid2: null

2022-11-25 09:51:13 - [TEST_STEP][PASSED] - println("requestid kons : " + reqid_kons): null

2022-11-25 09:51:13 - [TEST_STEP][PASSED] - response_searchME_kons = reqid_kons: null

2022-11-25 09:51:13 - [TEST_STEP][PASSED] - response_searchME_spouse = reqid_spouse: null

2022-11-25 09:51:13 - [TEST_STEP][PASSED] - println("kons req id is :" + response_searchME_kons): null

2022-11-25 09:51:13 - [TEST_STEP][PASSED] - println("spouse req id is : " + response_searchME_spouse): null

2022-11-25 09:51:13 - [TEST_STEP][PASSED] - verifyResponseStatusCode(req_data, 200): Verify response status code successfully

2022-11-25 09:51:13 - [MESSAGE][PASSED] - Verify response status code successfully

2022-11-25 09:51:13 - [TEST_STEP][PASSED] - response = req_data.getResponseText(): null

2022-11-25 09:51:13 - [TEST_STEP][PASSED] - logInfo($response): {"status":"Done","data":{"requestid1":"255320","requestid2":"255321"}}

2022-11-25 09:51:13 - [MESSAGE][INFO] - {"status":"Done","data":{"requestid1":"255320","requestid2":"255321"}}

2022-11-25 09:51:13 - [TEST_STEP][PASSED] - delay(5): Delayed 5 second(s)

2022-11-25 09:51:18 - [MESSAGE][PASSED] - Delayed 5 second(s)

2022-11-25 09:51:18 - [TEST_STEP][PASSED] - scoring = sendRequest(findTestObject("EngineScore", ["response_searchME_kons":response_searchME_kons, "response_searchME_spouse":response_searchME_spouse])): Send request successfully

2022-11-25 09:51:18 - [MESSAGE][INFO] - HAR: D:\DMS\Engine Scoring\Reports\20221125_094400\Exclude KKB - DS - Married\Scoring Married - DS\20221125_094402\requests\main\119.har

2022-11-25 09:51:18 - [MESSAGE][PASSED] - Send request successfully

2022-11-25 09:51:18 - [TEST_STEP][PASSED] - verifyResponseStatusCode(scoring, 200): Verify response status code successfully

2022-11-25 09:51:18 - [MESSAGE][PASSED] - Verify response status code successfully

2022-11-25 09:51:18 - [TEST_STEP][PASSED] - response2 = scoring.getResponseText(): null

2022-11-25 09:51:18 - [TEST_STEP][PASSED] - markPassed("result service data ke : " + no): result service data ke : 60

2022-11-25 09:51:18 - [MESSAGE][PASSED] - result service data ke : 60

2022-11-25 09:51:18 - [TEST_STEP][PASSED] - logInfo($response2): {"result_konsumen":"Approve","result_pasangan":"Reject","Final_result":"Reject","errorMessage":"","status":"Done"}

2022-11-25 09:51:18 - [MESSAGE][INFO] - {"result_konsumen":"Approve","result_pasangan":"Reject","Final_result":"Reject","errorMessage":"","status":"Done"}

2022-11-25 09:51:18 - [TEST_STEP][PASSED] - verifyElementPropertyValue(scoring, "Final_result", final_result): Verify element property value successfully

2022-11-25 09:51:18 - [MESSAGE][PASSED] - Verify element property value successfully]]></system-out>
         <system-err><![CDATA[]]></system-err>
      </testcase>
      <testcase name="Test Cases/Engine_Scoring/Engine Scoring" time="6.724" classname="Test Cases/Engine_Scoring/Engine Scoring" status="PASSED">
         <system-out><![CDATA[2022-11-25 09:51:18 - [TEST_CASE][PASSED] - Test Cases/Engine_Scoring/Engine Scoring: Test Cases/Engine_Scoring/Engine Scoring

2022-11-25 09:51:19 - [TEST_STEP][PASSED] - markPassed("Variasi data ke : " + no): Variasi data ke : 61

2022-11-25 09:51:19 - [MESSAGE][PASSED] - Variasi data ke : 61

2022-11-25 09:51:19 - [TEST_STEP][PASSED] - req_data = sendRequest(findTestObject("Search_ME", ["MID":MID, "source":source, "ip":ip, "userid":userid, "branch":branch, "tipekons":tipekons, "marital":marital, "penjamin":penjamin, ... ])): Send request successfully

2022-11-25 09:51:20 - [MESSAGE][INFO] - HAR: D:\DMS\Engine Scoring\Reports\20221125_094400\Exclude KKB - DS - Married\Scoring Married - DS\20221125_094402\requests\main\120.har

2022-11-25 09:51:20 - [MESSAGE][PASSED] - Send request successfully

2022-11-25 09:51:20 - [TEST_STEP][PASSED] - slurper = new groovy.json.JsonSlurper(): null

2022-11-25 09:51:20 - [TEST_STEP][PASSED] - result = slurper.parseText(req_data.getResponseBodyContent()): null

2022-11-25 09:51:20 - [TEST_STEP][PASSED] - reqid_kons = requestid1: null

2022-11-25 09:51:20 - [TEST_STEP][PASSED] - reqid_spouse = requestid2: null

2022-11-25 09:51:20 - [TEST_STEP][PASSED] - println("requestid kons : " + reqid_kons): null

2022-11-25 09:51:20 - [TEST_STEP][PASSED] - response_searchME_kons = reqid_kons: null

2022-11-25 09:51:20 - [TEST_STEP][PASSED] - response_searchME_spouse = reqid_spouse: null

2022-11-25 09:51:20 - [TEST_STEP][PASSED] - println("kons req id is :" + response_searchME_kons): null

2022-11-25 09:51:20 - [TEST_STEP][PASSED] - println("spouse req id is : " + response_searchME_spouse): null

2022-11-25 09:51:20 - [TEST_STEP][PASSED] - verifyResponseStatusCode(req_data, 200): Verify response status code successfully

2022-11-25 09:51:20 - [MESSAGE][PASSED] - Verify response status code successfully

2022-11-25 09:51:20 - [TEST_STEP][PASSED] - response = req_data.getResponseText(): null

2022-11-25 09:51:20 - [TEST_STEP][PASSED] - logInfo($response): {"status":"Done","data":{"requestid1":"255323","requestid2":"255324"}}

2022-11-25 09:51:20 - [MESSAGE][INFO] - {"status":"Done","data":{"requestid1":"255323","requestid2":"255324"}}

2022-11-25 09:51:20 - [TEST_STEP][PASSED] - delay(5): Delayed 5 second(s)

2022-11-25 09:51:25 - [MESSAGE][PASSED] - Delayed 5 second(s)

2022-11-25 09:51:25 - [TEST_STEP][PASSED] - scoring = sendRequest(findTestObject("EngineScore", ["response_searchME_kons":response_searchME_kons, "response_searchME_spouse":response_searchME_spouse])): Send request successfully

2022-11-25 09:51:25 - [MESSAGE][INFO] - HAR: D:\DMS\Engine Scoring\Reports\20221125_094400\Exclude KKB - DS - Married\Scoring Married - DS\20221125_094402\requests\main\121.har

2022-11-25 09:51:25 - [MESSAGE][PASSED] - Send request successfully

2022-11-25 09:51:25 - [TEST_STEP][PASSED] - verifyResponseStatusCode(scoring, 200): Verify response status code successfully

2022-11-25 09:51:25 - [MESSAGE][PASSED] - Verify response status code successfully

2022-11-25 09:51:25 - [TEST_STEP][PASSED] - response2 = scoring.getResponseText(): null

2022-11-25 09:51:25 - [TEST_STEP][PASSED] - markPassed("result service data ke : " + no): result service data ke : 61

2022-11-25 09:51:25 - [MESSAGE][PASSED] - result service data ke : 61

2022-11-25 09:51:25 - [TEST_STEP][PASSED] - logInfo($response2): {"result_konsumen":"Approve","result_pasangan":"Reguler","Final_result":"Approve","errorMessage":"","status":"Done"}

2022-11-25 09:51:25 - [MESSAGE][INFO] - {"result_konsumen":"Approve","result_pasangan":"Reguler","Final_result":"Approve","errorMessage":"","status":"Done"}

2022-11-25 09:51:25 - [TEST_STEP][PASSED] - verifyElementPropertyValue(scoring, "Final_result", final_result): Verify element property value successfully

2022-11-25 09:51:25 - [MESSAGE][PASSED] - Verify element property value successfully]]></system-out>
         <system-err><![CDATA[]]></system-err>
      </testcase>
      <testcase name="Test Cases/Engine_Scoring/Engine Scoring" time="6.823" classname="Test Cases/Engine_Scoring/Engine Scoring" status="PASSED">
         <system-out><![CDATA[2022-11-25 09:51:25 - [TEST_CASE][PASSED] - Test Cases/Engine_Scoring/Engine Scoring: Test Cases/Engine_Scoring/Engine Scoring

2022-11-25 09:51:26 - [TEST_STEP][PASSED] - markPassed("Variasi data ke : " + no): Variasi data ke : 62

2022-11-25 09:51:26 - [MESSAGE][PASSED] - Variasi data ke : 62

2022-11-25 09:51:26 - [TEST_STEP][PASSED] - req_data = sendRequest(findTestObject("Search_ME", ["MID":MID, "source":source, "ip":ip, "userid":userid, "branch":branch, "tipekons":tipekons, "marital":marital, "penjamin":penjamin, ... ])): Send request successfully

2022-11-25 09:51:27 - [MESSAGE][INFO] - HAR: D:\DMS\Engine Scoring\Reports\20221125_094400\Exclude KKB - DS - Married\Scoring Married - DS\20221125_094402\requests\main\122.har

2022-11-25 09:51:27 - [MESSAGE][PASSED] - Send request successfully

2022-11-25 09:51:27 - [TEST_STEP][PASSED] - slurper = new groovy.json.JsonSlurper(): null

2022-11-25 09:51:27 - [TEST_STEP][PASSED] - result = slurper.parseText(req_data.getResponseBodyContent()): null

2022-11-25 09:51:27 - [TEST_STEP][PASSED] - reqid_kons = requestid1: null

2022-11-25 09:51:27 - [TEST_STEP][PASSED] - reqid_spouse = requestid2: null

2022-11-25 09:51:27 - [TEST_STEP][PASSED] - println("requestid kons : " + reqid_kons): null

2022-11-25 09:51:27 - [TEST_STEP][PASSED] - response_searchME_kons = reqid_kons: null

2022-11-25 09:51:27 - [TEST_STEP][PASSED] - response_searchME_spouse = reqid_spouse: null

2022-11-25 09:51:27 - [TEST_STEP][PASSED] - println("kons req id is :" + response_searchME_kons): null

2022-11-25 09:51:27 - [TEST_STEP][PASSED] - println("spouse req id is : " + response_searchME_spouse): null

2022-11-25 09:51:27 - [TEST_STEP][PASSED] - verifyResponseStatusCode(req_data, 200): Verify response status code successfully

2022-11-25 09:51:27 - [MESSAGE][PASSED] - Verify response status code successfully

2022-11-25 09:51:27 - [TEST_STEP][PASSED] - response = req_data.getResponseText(): null

2022-11-25 09:51:27 - [TEST_STEP][PASSED] - logInfo($response): {"status":"Done","data":{"requestid1":"255326","requestid2":"255327"}}

2022-11-25 09:51:27 - [MESSAGE][INFO] - {"status":"Done","data":{"requestid1":"255326","requestid2":"255327"}}

2022-11-25 09:51:27 - [TEST_STEP][PASSED] - delay(5): Delayed 5 second(s)

2022-11-25 09:51:32 - [MESSAGE][PASSED] - Delayed 5 second(s)

2022-11-25 09:51:32 - [TEST_STEP][PASSED] - scoring = sendRequest(findTestObject("EngineScore", ["response_searchME_kons":response_searchME_kons, "response_searchME_spouse":response_searchME_spouse])): Send request successfully

2022-11-25 09:51:32 - [MESSAGE][INFO] - HAR: D:\DMS\Engine Scoring\Reports\20221125_094400\Exclude KKB - DS - Married\Scoring Married - DS\20221125_094402\requests\main\123.har

2022-11-25 09:51:32 - [MESSAGE][PASSED] - Send request successfully

2022-11-25 09:51:32 - [TEST_STEP][PASSED] - verifyResponseStatusCode(scoring, 200): Verify response status code successfully

2022-11-25 09:51:32 - [MESSAGE][PASSED] - Verify response status code successfully

2022-11-25 09:51:32 - [TEST_STEP][PASSED] - response2 = scoring.getResponseText(): null

2022-11-25 09:51:32 - [TEST_STEP][PASSED] - markPassed("result service data ke : " + no): result service data ke : 62

2022-11-25 09:51:32 - [MESSAGE][PASSED] - result service data ke : 62

2022-11-25 09:51:32 - [TEST_STEP][PASSED] - logInfo($response2): {"result_konsumen":"Approve","result_pasangan":"Reguler","Final_result":"Approve","errorMessage":"","status":"Done"}

2022-11-25 09:51:32 - [MESSAGE][INFO] - {"result_konsumen":"Approve","result_pasangan":"Reguler","Final_result":"Approve","errorMessage":"","status":"Done"}

2022-11-25 09:51:32 - [TEST_STEP][PASSED] - verifyElementPropertyValue(scoring, "Final_result", final_result): Verify element property value successfully

2022-11-25 09:51:32 - [MESSAGE][PASSED] - Verify element property value successfully]]></system-out>
         <system-err><![CDATA[]]></system-err>
      </testcase>
      <testcase name="Test Cases/Engine_Scoring/Engine Scoring" time="6.981" classname="Test Cases/Engine_Scoring/Engine Scoring" status="PASSED">
         <system-out><![CDATA[2022-11-25 09:51:32 - [TEST_CASE][PASSED] - Test Cases/Engine_Scoring/Engine Scoring: Test Cases/Engine_Scoring/Engine Scoring

2022-11-25 09:51:33 - [TEST_STEP][PASSED] - markPassed("Variasi data ke : " + no): Variasi data ke : 63

2022-11-25 09:51:33 - [MESSAGE][PASSED] - Variasi data ke : 63

2022-11-25 09:51:33 - [TEST_STEP][PASSED] - req_data = sendRequest(findTestObject("Search_ME", ["MID":MID, "source":source, "ip":ip, "userid":userid, "branch":branch, "tipekons":tipekons, "marital":marital, "penjamin":penjamin, ... ])): Send request successfully

2022-11-25 09:51:34 - [MESSAGE][INFO] - HAR: D:\DMS\Engine Scoring\Reports\20221125_094400\Exclude KKB - DS - Married\Scoring Married - DS\20221125_094402\requests\main\124.har

2022-11-25 09:51:34 - [MESSAGE][PASSED] - Send request successfully

2022-11-25 09:51:34 - [TEST_STEP][PASSED] - slurper = new groovy.json.JsonSlurper(): null

2022-11-25 09:51:34 - [TEST_STEP][PASSED] - result = slurper.parseText(req_data.getResponseBodyContent()): null

2022-11-25 09:51:34 - [TEST_STEP][PASSED] - reqid_kons = requestid1: null

2022-11-25 09:51:34 - [TEST_STEP][PASSED] - reqid_spouse = requestid2: null

2022-11-25 09:51:34 - [TEST_STEP][PASSED] - println("requestid kons : " + reqid_kons): null

2022-11-25 09:51:34 - [TEST_STEP][PASSED] - response_searchME_kons = reqid_kons: null

2022-11-25 09:51:34 - [TEST_STEP][PASSED] - response_searchME_spouse = reqid_spouse: null

2022-11-25 09:51:34 - [TEST_STEP][PASSED] - println("kons req id is :" + response_searchME_kons): null

2022-11-25 09:51:34 - [TEST_STEP][PASSED] - println("spouse req id is : " + response_searchME_spouse): null

2022-11-25 09:51:34 - [TEST_STEP][PASSED] - verifyResponseStatusCode(req_data, 200): Verify response status code successfully

2022-11-25 09:51:34 - [MESSAGE][PASSED] - Verify response status code successfully

2022-11-25 09:51:34 - [TEST_STEP][PASSED] - response = req_data.getResponseText(): null

2022-11-25 09:51:34 - [TEST_STEP][PASSED] - logInfo($response): {"status":"Done","data":{"requestid1":"255329","requestid2":"255330"}}

2022-11-25 09:51:34 - [MESSAGE][INFO] - {"status":"Done","data":{"requestid1":"255329","requestid2":"255330"}}

2022-11-25 09:51:34 - [TEST_STEP][PASSED] - delay(5): Delayed 5 second(s)

2022-11-25 09:51:39 - [MESSAGE][PASSED] - Delayed 5 second(s)

2022-11-25 09:51:39 - [TEST_STEP][PASSED] - scoring = sendRequest(findTestObject("EngineScore", ["response_searchME_kons":response_searchME_kons, "response_searchME_spouse":response_searchME_spouse])): Send request successfully

2022-11-25 09:51:39 - [MESSAGE][INFO] - HAR: D:\DMS\Engine Scoring\Reports\20221125_094400\Exclude KKB - DS - Married\Scoring Married - DS\20221125_094402\requests\main\125.har

2022-11-25 09:51:39 - [MESSAGE][PASSED] - Send request successfully

2022-11-25 09:51:39 - [TEST_STEP][PASSED] - verifyResponseStatusCode(scoring, 200): Verify response status code successfully

2022-11-25 09:51:39 - [MESSAGE][PASSED] - Verify response status code successfully

2022-11-25 09:51:39 - [TEST_STEP][PASSED] - response2 = scoring.getResponseText(): null

2022-11-25 09:51:39 - [TEST_STEP][PASSED] - markPassed("result service data ke : " + no): result service data ke : 63

2022-11-25 09:51:39 - [MESSAGE][PASSED] - result service data ke : 63

2022-11-25 09:51:39 - [TEST_STEP][PASSED] - logInfo($response2): {"result_konsumen":"Approve","result_pasangan":"Reguler","Final_result":"Approve","errorMessage":"","status":"Done"}

2022-11-25 09:51:39 - [MESSAGE][INFO] - {"result_konsumen":"Approve","result_pasangan":"Reguler","Final_result":"Approve","errorMessage":"","status":"Done"}

2022-11-25 09:51:39 - [TEST_STEP][PASSED] - verifyElementPropertyValue(scoring, "Final_result", final_result): Verify element property value successfully

2022-11-25 09:51:39 - [MESSAGE][PASSED] - Verify element property value successfully]]></system-out>
         <system-err><![CDATA[]]></system-err>
      </testcase>
      <testcase name="Test Cases/Engine_Scoring/Engine Scoring" time="6.999" classname="Test Cases/Engine_Scoring/Engine Scoring" status="PASSED">
         <system-out><![CDATA[2022-11-25 09:51:39 - [TEST_CASE][PASSED] - Test Cases/Engine_Scoring/Engine Scoring: Test Cases/Engine_Scoring/Engine Scoring

2022-11-25 09:51:40 - [TEST_STEP][PASSED] - markPassed("Variasi data ke : " + no): Variasi data ke : 64

2022-11-25 09:51:40 - [MESSAGE][PASSED] - Variasi data ke : 64

2022-11-25 09:51:40 - [TEST_STEP][PASSED] - req_data = sendRequest(findTestObject("Search_ME", ["MID":MID, "source":source, "ip":ip, "userid":userid, "branch":branch, "tipekons":tipekons, "marital":marital, "penjamin":penjamin, ... ])): Send request successfully

2022-11-25 09:51:41 - [MESSAGE][INFO] - HAR: D:\DMS\Engine Scoring\Reports\20221125_094400\Exclude KKB - DS - Married\Scoring Married - DS\20221125_094402\requests\main\126.har

2022-11-25 09:51:41 - [MESSAGE][PASSED] - Send request successfully

2022-11-25 09:51:41 - [TEST_STEP][PASSED] - slurper = new groovy.json.JsonSlurper(): null

2022-11-25 09:51:41 - [TEST_STEP][PASSED] - result = slurper.parseText(req_data.getResponseBodyContent()): null

2022-11-25 09:51:41 - [TEST_STEP][PASSED] - reqid_kons = requestid1: null

2022-11-25 09:51:41 - [TEST_STEP][PASSED] - reqid_spouse = requestid2: null

2022-11-25 09:51:41 - [TEST_STEP][PASSED] - println("requestid kons : " + reqid_kons): null

2022-11-25 09:51:41 - [TEST_STEP][PASSED] - response_searchME_kons = reqid_kons: null

2022-11-25 09:51:41 - [TEST_STEP][PASSED] - response_searchME_spouse = reqid_spouse: null

2022-11-25 09:51:41 - [TEST_STEP][PASSED] - println("kons req id is :" + response_searchME_kons): null

2022-11-25 09:51:41 - [TEST_STEP][PASSED] - println("spouse req id is : " + response_searchME_spouse): null

2022-11-25 09:51:41 - [TEST_STEP][PASSED] - verifyResponseStatusCode(req_data, 200): Verify response status code successfully

2022-11-25 09:51:41 - [MESSAGE][PASSED] - Verify response status code successfully

2022-11-25 09:51:41 - [TEST_STEP][PASSED] - response = req_data.getResponseText(): null

2022-11-25 09:51:41 - [TEST_STEP][PASSED] - logInfo($response): {"status":"Done","data":{"requestid1":"255332","requestid2":"255333"}}

2022-11-25 09:51:41 - [MESSAGE][INFO] - {"status":"Done","data":{"requestid1":"255332","requestid2":"255333"}}

2022-11-25 09:51:41 - [TEST_STEP][PASSED] - delay(5): Delayed 5 second(s)

2022-11-25 09:51:46 - [MESSAGE][PASSED] - Delayed 5 second(s)

2022-11-25 09:51:46 - [TEST_STEP][PASSED] - scoring = sendRequest(findTestObject("EngineScore", ["response_searchME_kons":response_searchME_kons, "response_searchME_spouse":response_searchME_spouse])): Send request successfully

2022-11-25 09:51:46 - [MESSAGE][INFO] - HAR: D:\DMS\Engine Scoring\Reports\20221125_094400\Exclude KKB - DS - Married\Scoring Married - DS\20221125_094402\requests\main\127.har

2022-11-25 09:51:46 - [MESSAGE][PASSED] - Send request successfully

2022-11-25 09:51:46 - [TEST_STEP][PASSED] - verifyResponseStatusCode(scoring, 200): Verify response status code successfully

2022-11-25 09:51:46 - [MESSAGE][PASSED] - Verify response status code successfully

2022-11-25 09:51:46 - [TEST_STEP][PASSED] - response2 = scoring.getResponseText(): null

2022-11-25 09:51:46 - [TEST_STEP][PASSED] - markPassed("result service data ke : " + no): result service data ke : 64

2022-11-25 09:51:46 - [MESSAGE][PASSED] - result service data ke : 64

2022-11-25 09:51:46 - [TEST_STEP][PASSED] - logInfo($response2): {"result_konsumen":"Approve","result_pasangan":"Approve","Final_result":"Approve","errorMessage":"","status":"Done"}

2022-11-25 09:51:46 - [MESSAGE][INFO] - {"result_konsumen":"Approve","result_pasangan":"Approve","Final_result":"Approve","errorMessage":"","status":"Done"}

2022-11-25 09:51:46 - [TEST_STEP][PASSED] - verifyElementPropertyValue(scoring, "Final_result", final_result): Verify element property value successfully

2022-11-25 09:51:46 - [MESSAGE][PASSED] - Verify element property value successfully]]></system-out>
         <system-err><![CDATA[]]></system-err>
      </testcase>
      <testcase name="Test Cases/Engine_Scoring/Engine Scoring" time="6.89" classname="Test Cases/Engine_Scoring/Engine Scoring" status="PASSED">
         <system-out><![CDATA[2022-11-25 09:51:46 - [TEST_CASE][PASSED] - Test Cases/Engine_Scoring/Engine Scoring: Test Cases/Engine_Scoring/Engine Scoring

2022-11-25 09:51:47 - [TEST_STEP][PASSED] - markPassed("Variasi data ke : " + no): Variasi data ke : 65

2022-11-25 09:51:47 - [MESSAGE][PASSED] - Variasi data ke : 65

2022-11-25 09:51:47 - [TEST_STEP][PASSED] - req_data = sendRequest(findTestObject("Search_ME", ["MID":MID, "source":source, "ip":ip, "userid":userid, "branch":branch, "tipekons":tipekons, "marital":marital, "penjamin":penjamin, ... ])): Send request successfully

2022-11-25 09:51:48 - [MESSAGE][INFO] - HAR: D:\DMS\Engine Scoring\Reports\20221125_094400\Exclude KKB - DS - Married\Scoring Married - DS\20221125_094402\requests\main\128.har

2022-11-25 09:51:48 - [MESSAGE][PASSED] - Send request successfully

2022-11-25 09:51:48 - [TEST_STEP][PASSED] - slurper = new groovy.json.JsonSlurper(): null

2022-11-25 09:51:48 - [TEST_STEP][PASSED] - result = slurper.parseText(req_data.getResponseBodyContent()): null

2022-11-25 09:51:48 - [TEST_STEP][PASSED] - reqid_kons = requestid1: null

2022-11-25 09:51:48 - [TEST_STEP][PASSED] - reqid_spouse = requestid2: null

2022-11-25 09:51:48 - [TEST_STEP][PASSED] - println("requestid kons : " + reqid_kons): null

2022-11-25 09:51:48 - [TEST_STEP][PASSED] - response_searchME_kons = reqid_kons: null

2022-11-25 09:51:48 - [TEST_STEP][PASSED] - response_searchME_spouse = reqid_spouse: null

2022-11-25 09:51:48 - [TEST_STEP][PASSED] - println("kons req id is :" + response_searchME_kons): null

2022-11-25 09:51:48 - [TEST_STEP][PASSED] - println("spouse req id is : " + response_searchME_spouse): null

2022-11-25 09:51:48 - [TEST_STEP][PASSED] - verifyResponseStatusCode(req_data, 200): Verify response status code successfully

2022-11-25 09:51:48 - [MESSAGE][PASSED] - Verify response status code successfully

2022-11-25 09:51:48 - [TEST_STEP][PASSED] - response = req_data.getResponseText(): null

2022-11-25 09:51:48 - [TEST_STEP][PASSED] - logInfo($response): {"status":"Done","data":{"requestid1":"255335","requestid2":"255336"}}

2022-11-25 09:51:48 - [MESSAGE][INFO] - {"status":"Done","data":{"requestid1":"255335","requestid2":"255336"}}

2022-11-25 09:51:48 - [TEST_STEP][PASSED] - delay(5): Delayed 5 second(s)

2022-11-25 09:51:53 - [MESSAGE][PASSED] - Delayed 5 second(s)

2022-11-25 09:51:53 - [TEST_STEP][PASSED] - scoring = sendRequest(findTestObject("EngineScore", ["response_searchME_kons":response_searchME_kons, "response_searchME_spouse":response_searchME_spouse])): Send request successfully

2022-11-25 09:51:53 - [MESSAGE][INFO] - HAR: D:\DMS\Engine Scoring\Reports\20221125_094400\Exclude KKB - DS - Married\Scoring Married - DS\20221125_094402\requests\main\129.har

2022-11-25 09:51:53 - [MESSAGE][PASSED] - Send request successfully

2022-11-25 09:51:53 - [TEST_STEP][PASSED] - verifyResponseStatusCode(scoring, 200): Verify response status code successfully

2022-11-25 09:51:53 - [MESSAGE][PASSED] - Verify response status code successfully

2022-11-25 09:51:53 - [TEST_STEP][PASSED] - response2 = scoring.getResponseText(): null

2022-11-25 09:51:53 - [TEST_STEP][PASSED] - markPassed("result service data ke : " + no): result service data ke : 65

2022-11-25 09:51:53 - [MESSAGE][PASSED] - result service data ke : 65

2022-11-25 09:51:53 - [TEST_STEP][PASSED] - logInfo($response2): {"result_konsumen":"Approve","result_pasangan":"Approve","Final_result":"Approve","errorMessage":"","status":"Done"}

2022-11-25 09:51:53 - [MESSAGE][INFO] - {"result_konsumen":"Approve","result_pasangan":"Approve","Final_result":"Approve","errorMessage":"","status":"Done"}

2022-11-25 09:51:53 - [TEST_STEP][PASSED] - verifyElementPropertyValue(scoring, "Final_result", final_result): Verify element property value successfully

2022-11-25 09:51:53 - [MESSAGE][PASSED] - Verify element property value successfully]]></system-out>
         <system-err><![CDATA[]]></system-err>
      </testcase>
      <testcase name="Test Cases/Engine_Scoring/Engine Scoring" time="6.907" classname="Test Cases/Engine_Scoring/Engine Scoring" status="PASSED">
         <system-out><![CDATA[2022-11-25 09:51:53 - [TEST_CASE][PASSED] - Test Cases/Engine_Scoring/Engine Scoring: Test Cases/Engine_Scoring/Engine Scoring

2022-11-25 09:51:54 - [TEST_STEP][PASSED] - markPassed("Variasi data ke : " + no): Variasi data ke : 66

2022-11-25 09:51:54 - [MESSAGE][PASSED] - Variasi data ke : 66

2022-11-25 09:51:54 - [TEST_STEP][PASSED] - req_data = sendRequest(findTestObject("Search_ME", ["MID":MID, "source":source, "ip":ip, "userid":userid, "branch":branch, "tipekons":tipekons, "marital":marital, "penjamin":penjamin, ... ])): Send request successfully

2022-11-25 09:51:55 - [MESSAGE][INFO] - HAR: D:\DMS\Engine Scoring\Reports\20221125_094400\Exclude KKB - DS - Married\Scoring Married - DS\20221125_094402\requests\main\130.har

2022-11-25 09:51:55 - [MESSAGE][PASSED] - Send request successfully

2022-11-25 09:51:55 - [TEST_STEP][PASSED] - slurper = new groovy.json.JsonSlurper(): null

2022-11-25 09:51:55 - [TEST_STEP][PASSED] - result = slurper.parseText(req_data.getResponseBodyContent()): null

2022-11-25 09:51:55 - [TEST_STEP][PASSED] - reqid_kons = requestid1: null

2022-11-25 09:51:55 - [TEST_STEP][PASSED] - reqid_spouse = requestid2: null

2022-11-25 09:51:55 - [TEST_STEP][PASSED] - println("requestid kons : " + reqid_kons): null

2022-11-25 09:51:55 - [TEST_STEP][PASSED] - response_searchME_kons = reqid_kons: null

2022-11-25 09:51:55 - [TEST_STEP][PASSED] - response_searchME_spouse = reqid_spouse: null

2022-11-25 09:51:55 - [TEST_STEP][PASSED] - println("kons req id is :" + response_searchME_kons): null

2022-11-25 09:51:55 - [TEST_STEP][PASSED] - println("spouse req id is : " + response_searchME_spouse): null

2022-11-25 09:51:55 - [TEST_STEP][PASSED] - verifyResponseStatusCode(req_data, 200): Verify response status code successfully

2022-11-25 09:51:55 - [MESSAGE][PASSED] - Verify response status code successfully

2022-11-25 09:51:55 - [TEST_STEP][PASSED] - response = req_data.getResponseText(): null

2022-11-25 09:51:55 - [TEST_STEP][PASSED] - logInfo($response): {"status":"Done","data":{"requestid1":"255338","requestid2":"255339"}}

2022-11-25 09:51:55 - [MESSAGE][INFO] - {"status":"Done","data":{"requestid1":"255338","requestid2":"255339"}}

2022-11-25 09:51:55 - [TEST_STEP][PASSED] - delay(5): Delayed 5 second(s)

2022-11-25 09:52:00 - [MESSAGE][PASSED] - Delayed 5 second(s)

2022-11-25 09:52:00 - [TEST_STEP][PASSED] - scoring = sendRequest(findTestObject("EngineScore", ["response_searchME_kons":response_searchME_kons, "response_searchME_spouse":response_searchME_spouse])): Send request successfully

2022-11-25 09:52:00 - [MESSAGE][INFO] - HAR: D:\DMS\Engine Scoring\Reports\20221125_094400\Exclude KKB - DS - Married\Scoring Married - DS\20221125_094402\requests\main\131.har

2022-11-25 09:52:00 - [MESSAGE][PASSED] - Send request successfully

2022-11-25 09:52:00 - [TEST_STEP][PASSED] - verifyResponseStatusCode(scoring, 200): Verify response status code successfully

2022-11-25 09:52:00 - [MESSAGE][PASSED] - Verify response status code successfully

2022-11-25 09:52:00 - [TEST_STEP][PASSED] - response2 = scoring.getResponseText(): null

2022-11-25 09:52:00 - [TEST_STEP][PASSED] - markPassed("result service data ke : " + no): result service data ke : 66

2022-11-25 09:52:00 - [MESSAGE][PASSED] - result service data ke : 66

2022-11-25 09:52:00 - [TEST_STEP][PASSED] - logInfo($response2): {"result_konsumen":"Approve","result_pasangan":"Approve","Final_result":"Approve","errorMessage":"","status":"Done"}

2022-11-25 09:52:00 - [MESSAGE][INFO] - {"result_konsumen":"Approve","result_pasangan":"Approve","Final_result":"Approve","errorMessage":"","status":"Done"}

2022-11-25 09:52:00 - [TEST_STEP][PASSED] - verifyElementPropertyValue(scoring, "Final_result", final_result): Verify element property value successfully

2022-11-25 09:52:00 - [MESSAGE][PASSED] - Verify element property value successfully]]></system-out>
         <system-err><![CDATA[]]></system-err>
      </testcase>
      <testcase name="Test Cases/Engine_Scoring/Engine Scoring" time="7.02" classname="Test Cases/Engine_Scoring/Engine Scoring" status="PASSED">
         <system-out><![CDATA[2022-11-25 09:52:00 - [TEST_CASE][PASSED] - Test Cases/Engine_Scoring/Engine Scoring: Test Cases/Engine_Scoring/Engine Scoring

2022-11-25 09:52:01 - [TEST_STEP][PASSED] - markPassed("Variasi data ke : " + no): Variasi data ke : 67

2022-11-25 09:52:01 - [MESSAGE][PASSED] - Variasi data ke : 67

2022-11-25 09:52:01 - [TEST_STEP][PASSED] - req_data = sendRequest(findTestObject("Search_ME", ["MID":MID, "source":source, "ip":ip, "userid":userid, "branch":branch, "tipekons":tipekons, "marital":marital, "penjamin":penjamin, ... ])): Send request successfully

2022-11-25 09:52:02 - [MESSAGE][INFO] - HAR: D:\DMS\Engine Scoring\Reports\20221125_094400\Exclude KKB - DS - Married\Scoring Married - DS\20221125_094402\requests\main\132.har

2022-11-25 09:52:02 - [MESSAGE][PASSED] - Send request successfully

2022-11-25 09:52:02 - [TEST_STEP][PASSED] - slurper = new groovy.json.JsonSlurper(): null

2022-11-25 09:52:02 - [TEST_STEP][PASSED] - result = slurper.parseText(req_data.getResponseBodyContent()): null

2022-11-25 09:52:02 - [TEST_STEP][PASSED] - reqid_kons = requestid1: null

2022-11-25 09:52:02 - [TEST_STEP][PASSED] - reqid_spouse = requestid2: null

2022-11-25 09:52:02 - [TEST_STEP][PASSED] - println("requestid kons : " + reqid_kons): null

2022-11-25 09:52:02 - [TEST_STEP][PASSED] - response_searchME_kons = reqid_kons: null

2022-11-25 09:52:02 - [TEST_STEP][PASSED] - response_searchME_spouse = reqid_spouse: null

2022-11-25 09:52:02 - [TEST_STEP][PASSED] - println("kons req id is :" + response_searchME_kons): null

2022-11-25 09:52:02 - [TEST_STEP][PASSED] - println("spouse req id is : " + response_searchME_spouse): null

2022-11-25 09:52:02 - [TEST_STEP][PASSED] - verifyResponseStatusCode(req_data, 200): Verify response status code successfully

2022-11-25 09:52:02 - [MESSAGE][PASSED] - Verify response status code successfully

2022-11-25 09:52:02 - [TEST_STEP][PASSED] - response = req_data.getResponseText(): null

2022-11-25 09:52:02 - [TEST_STEP][PASSED] - logInfo($response): {"status":"Done","data":{"requestid1":"255341","requestid2":"255342"}}

2022-11-25 09:52:02 - [MESSAGE][INFO] - {"status":"Done","data":{"requestid1":"255341","requestid2":"255342"}}

2022-11-25 09:52:02 - [TEST_STEP][PASSED] - delay(5): Delayed 5 second(s)

2022-11-25 09:52:07 - [MESSAGE][PASSED] - Delayed 5 second(s)

2022-11-25 09:52:07 - [TEST_STEP][PASSED] - scoring = sendRequest(findTestObject("EngineScore", ["response_searchME_kons":response_searchME_kons, "response_searchME_spouse":response_searchME_spouse])): Send request successfully

2022-11-25 09:52:07 - [MESSAGE][INFO] - HAR: D:\DMS\Engine Scoring\Reports\20221125_094400\Exclude KKB - DS - Married\Scoring Married - DS\20221125_094402\requests\main\133.har

2022-11-25 09:52:07 - [MESSAGE][PASSED] - Send request successfully

2022-11-25 09:52:07 - [TEST_STEP][PASSED] - verifyResponseStatusCode(scoring, 200): Verify response status code successfully

2022-11-25 09:52:07 - [MESSAGE][PASSED] - Verify response status code successfully

2022-11-25 09:52:07 - [TEST_STEP][PASSED] - response2 = scoring.getResponseText(): null

2022-11-25 09:52:07 - [TEST_STEP][PASSED] - markPassed("result service data ke : " + no): result service data ke : 67

2022-11-25 09:52:07 - [MESSAGE][PASSED] - result service data ke : 67

2022-11-25 09:52:07 - [TEST_STEP][PASSED] - logInfo($response2): {"result_konsumen":"Approve","result_pasangan":"Approve","Final_result":"Approve","errorMessage":"","status":"Done"}

2022-11-25 09:52:07 - [MESSAGE][INFO] - {"result_konsumen":"Approve","result_pasangan":"Approve","Final_result":"Approve","errorMessage":"","status":"Done"}

2022-11-25 09:52:07 - [TEST_STEP][PASSED] - verifyElementPropertyValue(scoring, "Final_result", final_result): Verify element property value successfully

2022-11-25 09:52:07 - [MESSAGE][PASSED] - Verify element property value successfully]]></system-out>
         <system-err><![CDATA[]]></system-err>
      </testcase>
      <testcase name="Test Cases/Engine_Scoring/Engine Scoring" time="7.025" classname="Test Cases/Engine_Scoring/Engine Scoring" status="PASSED">
         <system-out><![CDATA[2022-11-25 09:52:07 - [TEST_CASE][PASSED] - Test Cases/Engine_Scoring/Engine Scoring: Test Cases/Engine_Scoring/Engine Scoring

2022-11-25 09:52:08 - [TEST_STEP][PASSED] - markPassed("Variasi data ke : " + no): Variasi data ke : 68

2022-11-25 09:52:08 - [MESSAGE][PASSED] - Variasi data ke : 68

2022-11-25 09:52:08 - [TEST_STEP][PASSED] - req_data = sendRequest(findTestObject("Search_ME", ["MID":MID, "source":source, "ip":ip, "userid":userid, "branch":branch, "tipekons":tipekons, "marital":marital, "penjamin":penjamin, ... ])): Send request successfully

2022-11-25 09:52:09 - [MESSAGE][INFO] - HAR: D:\DMS\Engine Scoring\Reports\20221125_094400\Exclude KKB - DS - Married\Scoring Married - DS\20221125_094402\requests\main\134.har

2022-11-25 09:52:09 - [MESSAGE][PASSED] - Send request successfully

2022-11-25 09:52:09 - [TEST_STEP][PASSED] - slurper = new groovy.json.JsonSlurper(): null

2022-11-25 09:52:09 - [TEST_STEP][PASSED] - result = slurper.parseText(req_data.getResponseBodyContent()): null

2022-11-25 09:52:09 - [TEST_STEP][PASSED] - reqid_kons = requestid1: null

2022-11-25 09:52:09 - [TEST_STEP][PASSED] - reqid_spouse = requestid2: null

2022-11-25 09:52:09 - [TEST_STEP][PASSED] - println("requestid kons : " + reqid_kons): null

2022-11-25 09:52:09 - [TEST_STEP][PASSED] - response_searchME_kons = reqid_kons: null

2022-11-25 09:52:09 - [TEST_STEP][PASSED] - response_searchME_spouse = reqid_spouse: null

2022-11-25 09:52:09 - [TEST_STEP][PASSED] - println("kons req id is :" + response_searchME_kons): null

2022-11-25 09:52:09 - [TEST_STEP][PASSED] - println("spouse req id is : " + response_searchME_spouse): null

2022-11-25 09:52:09 - [TEST_STEP][PASSED] - verifyResponseStatusCode(req_data, 200): Verify response status code successfully

2022-11-25 09:52:09 - [MESSAGE][PASSED] - Verify response status code successfully

2022-11-25 09:52:09 - [TEST_STEP][PASSED] - response = req_data.getResponseText(): null

2022-11-25 09:52:09 - [TEST_STEP][PASSED] - logInfo($response): {"status":"Done","data":{"requestid1":"255344","requestid2":"255345"}}

2022-11-25 09:52:09 - [MESSAGE][INFO] - {"status":"Done","data":{"requestid1":"255344","requestid2":"255345"}}

2022-11-25 09:52:09 - [TEST_STEP][PASSED] - delay(5): Delayed 5 second(s)

2022-11-25 09:52:14 - [MESSAGE][PASSED] - Delayed 5 second(s)

2022-11-25 09:52:14 - [TEST_STEP][PASSED] - scoring = sendRequest(findTestObject("EngineScore", ["response_searchME_kons":response_searchME_kons, "response_searchME_spouse":response_searchME_spouse])): Send request successfully

2022-11-25 09:52:14 - [MESSAGE][INFO] - HAR: D:\DMS\Engine Scoring\Reports\20221125_094400\Exclude KKB - DS - Married\Scoring Married - DS\20221125_094402\requests\main\135.har

2022-11-25 09:52:14 - [MESSAGE][PASSED] - Send request successfully

2022-11-25 09:52:14 - [TEST_STEP][PASSED] - verifyResponseStatusCode(scoring, 200): Verify response status code successfully

2022-11-25 09:52:14 - [MESSAGE][PASSED] - Verify response status code successfully

2022-11-25 09:52:14 - [TEST_STEP][PASSED] - response2 = scoring.getResponseText(): null

2022-11-25 09:52:14 - [TEST_STEP][PASSED] - markPassed("result service data ke : " + no): result service data ke : 68

2022-11-25 09:52:14 - [MESSAGE][PASSED] - result service data ke : 68

2022-11-25 09:52:14 - [TEST_STEP][PASSED] - logInfo($response2): {"result_konsumen":"Approve","result_pasangan":"Reject","Final_result":"Reject","errorMessage":"","status":"Done"}

2022-11-25 09:52:14 - [MESSAGE][INFO] - {"result_konsumen":"Approve","result_pasangan":"Reject","Final_result":"Reject","errorMessage":"","status":"Done"}

2022-11-25 09:52:14 - [TEST_STEP][PASSED] - verifyElementPropertyValue(scoring, "Final_result", final_result): Verify element property value successfully

2022-11-25 09:52:14 - [MESSAGE][PASSED] - Verify element property value successfully]]></system-out>
         <system-err><![CDATA[]]></system-err>
      </testcase>
      <testcase name="Test Cases/Engine_Scoring/Engine Scoring" time="101.323" classname="Test Cases/Engine_Scoring/Engine Scoring" status="PASSED">
         <system-out><![CDATA[2022-11-25 09:52:14 - [TEST_CASE][PASSED] - Test Cases/Engine_Scoring/Engine Scoring: Test Cases/Engine_Scoring/Engine Scoring

2022-11-25 09:52:16 - [TEST_STEP][PASSED] - markPassed("Variasi data ke : " + no): Variasi data ke : 69

2022-11-25 09:52:16 - [MESSAGE][PASSED] - Variasi data ke : 69

2022-11-25 09:52:16 - [TEST_STEP][PASSED] - req_data = sendRequest(findTestObject("Search_ME", ["MID":MID, "source":source, "ip":ip, "userid":userid, "branch":branch, "tipekons":tipekons, "marital":marital, "penjamin":penjamin, ... ])): Send request successfully

2022-11-25 09:52:18 - [MESSAGE][INFO] - HAR: D:\DMS\Engine Scoring\Reports\20221125_094400\Exclude KKB - DS - Married\Scoring Married - DS\20221125_094402\requests\main\136.har

2022-11-25 09:52:18 - [MESSAGE][PASSED] - Send request successfully

2022-11-25 09:52:18 - [TEST_STEP][PASSED] - slurper = new groovy.json.JsonSlurper(): null

2022-11-25 09:52:18 - [TEST_STEP][PASSED] - result = slurper.parseText(req_data.getResponseBodyContent()): null

2022-11-25 09:52:18 - [TEST_STEP][PASSED] - reqid_kons = requestid1: null

2022-11-25 09:52:18 - [TEST_STEP][PASSED] - reqid_spouse = requestid2: null

2022-11-25 09:52:18 - [TEST_STEP][PASSED] - println("requestid kons : " + reqid_kons): null

2022-11-25 09:52:18 - [TEST_STEP][PASSED] - response_searchME_kons = reqid_kons: null

2022-11-25 09:52:18 - [TEST_STEP][PASSED] - response_searchME_spouse = reqid_spouse: null

2022-11-25 09:52:18 - [TEST_STEP][PASSED] - println("kons req id is :" + response_searchME_kons): null

2022-11-25 09:52:18 - [TEST_STEP][PASSED] - println("spouse req id is : " + response_searchME_spouse): null

2022-11-25 09:52:18 - [TEST_STEP][PASSED] - verifyResponseStatusCode(req_data, 200): Verify response status code successfully

2022-11-25 09:52:18 - [MESSAGE][PASSED] - Verify response status code successfully

2022-11-25 09:52:18 - [TEST_STEP][PASSED] - response = req_data.getResponseText(): null

2022-11-25 09:52:18 - [TEST_STEP][PASSED] - logInfo($response): {"status":"Done","data":{"requestid1":"255347","requestid2":"255348"}}

2022-11-25 09:52:18 - [MESSAGE][INFO] - {"status":"Done","data":{"requestid1":"255347","requestid2":"255348"}}

2022-11-25 09:52:18 - [TEST_STEP][PASSED] - delay(5): Delayed 5 second(s)

2022-11-25 09:53:08 - [MESSAGE][PASSED] - Delayed 5 second(s)

2022-11-25 09:53:13 - [TEST_STEP][PASSED] - scoring = sendRequest(findTestObject("EngineScore", ["response_searchME_kons":response_searchME_kons, "response_searchME_spouse":response_searchME_spouse])): Send request successfully

2022-11-25 09:53:54 - [MESSAGE][INFO] - HAR: D:\DMS\Engine Scoring\Reports\20221125_094400\Exclude KKB - DS - Married\Scoring Married - DS\20221125_094402\requests\main\137.har

2022-11-25 09:53:54 - [MESSAGE][PASSED] - Send request successfully

2022-11-25 09:53:54 - [TEST_STEP][PASSED] - verifyResponseStatusCode(scoring, 200): Verify response status code successfully

2022-11-25 09:53:55 - [MESSAGE][PASSED] - Verify response status code successfully

2022-11-25 09:53:55 - [TEST_STEP][PASSED] - response2 = scoring.getResponseText(): null

2022-11-25 09:53:55 - [TEST_STEP][PASSED] - markPassed("result service data ke : " + no): result service data ke : 69

2022-11-25 09:53:55 - [MESSAGE][PASSED] - result service data ke : 69

2022-11-25 09:53:55 - [TEST_STEP][PASSED] - logInfo($response2): {"result_konsumen":"Approve","result_pasangan":"Reject","Final_result":"Reject","errorMessage":"","status":"Done"}

2022-11-25 09:53:55 - [MESSAGE][INFO] - {"result_konsumen":"Approve","result_pasangan":"Reject","Final_result":"Reject","errorMessage":"","status":"Done"}

2022-11-25 09:53:55 - [TEST_STEP][PASSED] - verifyElementPropertyValue(scoring, "Final_result", final_result): Verify element property value successfully

2022-11-25 09:53:55 - [MESSAGE][PASSED] - Verify element property value successfully]]></system-out>
         <system-err><![CDATA[]]></system-err>
      </testcase>
      <testcase name="Test Cases/Engine_Scoring/Engine Scoring" time="9.564" classname="Test Cases/Engine_Scoring/Engine Scoring" status="PASSED">
         <system-out><![CDATA[2022-11-25 09:53:56 - [TEST_CASE][PASSED] - Test Cases/Engine_Scoring/Engine Scoring: Test Cases/Engine_Scoring/Engine Scoring

2022-11-25 09:53:57 - [TEST_STEP][PASSED] - markPassed("Variasi data ke : " + no): Variasi data ke : 70

2022-11-25 09:53:57 - [MESSAGE][PASSED] - Variasi data ke : 70

2022-11-25 09:53:57 - [TEST_STEP][PASSED] - req_data = sendRequest(findTestObject("Search_ME", ["MID":MID, "source":source, "ip":ip, "userid":userid, "branch":branch, "tipekons":tipekons, "marital":marital, "penjamin":penjamin, ... ])): Send request successfully

2022-11-25 09:53:58 - [MESSAGE][INFO] - HAR: D:\DMS\Engine Scoring\Reports\20221125_094400\Exclude KKB - DS - Married\Scoring Married - DS\20221125_094402\requests\main\138.har

2022-11-25 09:53:58 - [MESSAGE][PASSED] - Send request successfully

2022-11-25 09:53:58 - [TEST_STEP][PASSED] - slurper = new groovy.json.JsonSlurper(): null

2022-11-25 09:53:58 - [TEST_STEP][PASSED] - result = slurper.parseText(req_data.getResponseBodyContent()): null

2022-11-25 09:53:58 - [TEST_STEP][PASSED] - reqid_kons = requestid1: null

2022-11-25 09:53:58 - [TEST_STEP][PASSED] - reqid_spouse = requestid2: null

2022-11-25 09:53:58 - [TEST_STEP][PASSED] - println("requestid kons : " + reqid_kons): null

2022-11-25 09:53:58 - [TEST_STEP][PASSED] - response_searchME_kons = reqid_kons: null

2022-11-25 09:53:58 - [TEST_STEP][PASSED] - response_searchME_spouse = reqid_spouse: null

2022-11-25 09:53:58 - [TEST_STEP][PASSED] - println("kons req id is :" + response_searchME_kons): null

2022-11-25 09:53:58 - [TEST_STEP][PASSED] - println("spouse req id is : " + response_searchME_spouse): null

2022-11-25 09:53:58 - [TEST_STEP][PASSED] - verifyResponseStatusCode(req_data, 200): Verify response status code successfully

2022-11-25 09:53:58 - [MESSAGE][PASSED] - Verify response status code successfully

2022-11-25 09:53:58 - [TEST_STEP][PASSED] - response = req_data.getResponseText(): null

2022-11-25 09:53:58 - [TEST_STEP][PASSED] - logInfo($response): {"status":"Done","data":{"requestid1":"255349","requestid2":"255350"}}

2022-11-25 09:53:58 - [MESSAGE][INFO] - {"status":"Done","data":{"requestid1":"255349","requestid2":"255350"}}

2022-11-25 09:53:58 - [TEST_STEP][PASSED] - delay(5): Delayed 5 second(s)

2022-11-25 09:54:04 - [MESSAGE][PASSED] - Delayed 5 second(s)

2022-11-25 09:54:04 - [TEST_STEP][PASSED] - scoring = sendRequest(findTestObject("EngineScore", ["response_searchME_kons":response_searchME_kons, "response_searchME_spouse":response_searchME_spouse])): Send request successfully

2022-11-25 09:54:05 - [MESSAGE][INFO] - HAR: D:\DMS\Engine Scoring\Reports\20221125_094400\Exclude KKB - DS - Married\Scoring Married - DS\20221125_094402\requests\main\139.har

2022-11-25 09:54:05 - [MESSAGE][PASSED] - Send request successfully

2022-11-25 09:54:05 - [TEST_STEP][PASSED] - verifyResponseStatusCode(scoring, 200): Verify response status code successfully

2022-11-25 09:54:05 - [MESSAGE][PASSED] - Verify response status code successfully

2022-11-25 09:54:05 - [TEST_STEP][PASSED] - response2 = scoring.getResponseText(): null

2022-11-25 09:54:05 - [TEST_STEP][PASSED] - markPassed("result service data ke : " + no): result service data ke : 70

2022-11-25 09:54:05 - [MESSAGE][PASSED] - result service data ke : 70

2022-11-25 09:54:05 - [TEST_STEP][PASSED] - logInfo($response2): {"result_konsumen":"Approve","result_pasangan":"Reguler","Final_result":"Approve","errorMessage":"","status":"Done"}

2022-11-25 09:54:05 - [MESSAGE][INFO] - {"result_konsumen":"Approve","result_pasangan":"Reguler","Final_result":"Approve","errorMessage":"","status":"Done"}

2022-11-25 09:54:05 - [TEST_STEP][PASSED] - verifyElementPropertyValue(scoring, "Final_result", final_result): Verify element property value successfully

2022-11-25 09:54:05 - [MESSAGE][PASSED] - Verify element property value successfully]]></system-out>
         <system-err><![CDATA[]]></system-err>
      </testcase>
      <testcase name="Test Cases/Engine_Scoring/Engine Scoring" time="7.789" classname="Test Cases/Engine_Scoring/Engine Scoring" status="PASSED">
         <system-out><![CDATA[2022-11-25 09:54:05 - [TEST_CASE][PASSED] - Test Cases/Engine_Scoring/Engine Scoring: Test Cases/Engine_Scoring/Engine Scoring

2022-11-25 09:54:06 - [TEST_STEP][PASSED] - markPassed("Variasi data ke : " + no): Variasi data ke : 71

2022-11-25 09:54:06 - [MESSAGE][PASSED] - Variasi data ke : 71

2022-11-25 09:54:06 - [TEST_STEP][PASSED] - req_data = sendRequest(findTestObject("Search_ME", ["MID":MID, "source":source, "ip":ip, "userid":userid, "branch":branch, "tipekons":tipekons, "marital":marital, "penjamin":penjamin, ... ])): Send request successfully

2022-11-25 09:54:08 - [MESSAGE][INFO] - HAR: D:\DMS\Engine Scoring\Reports\20221125_094400\Exclude KKB - DS - Married\Scoring Married - DS\20221125_094402\requests\main\140.har

2022-11-25 09:54:08 - [MESSAGE][PASSED] - Send request successfully

2022-11-25 09:54:08 - [TEST_STEP][PASSED] - slurper = new groovy.json.JsonSlurper(): null

2022-11-25 09:54:08 - [TEST_STEP][PASSED] - result = slurper.parseText(req_data.getResponseBodyContent()): null

2022-11-25 09:54:08 - [TEST_STEP][PASSED] - reqid_kons = requestid1: null

2022-11-25 09:54:08 - [TEST_STEP][PASSED] - reqid_spouse = requestid2: null

2022-11-25 09:54:08 - [TEST_STEP][PASSED] - println("requestid kons : " + reqid_kons): null

2022-11-25 09:54:08 - [TEST_STEP][PASSED] - response_searchME_kons = reqid_kons: null

2022-11-25 09:54:08 - [TEST_STEP][PASSED] - response_searchME_spouse = reqid_spouse: null

2022-11-25 09:54:08 - [TEST_STEP][PASSED] - println("kons req id is :" + response_searchME_kons): null

2022-11-25 09:54:08 - [TEST_STEP][PASSED] - println("spouse req id is : " + response_searchME_spouse): null

2022-11-25 09:54:08 - [TEST_STEP][PASSED] - verifyResponseStatusCode(req_data, 200): Verify response status code successfully

2022-11-25 09:54:08 - [MESSAGE][PASSED] - Verify response status code successfully

2022-11-25 09:54:08 - [TEST_STEP][PASSED] - response = req_data.getResponseText(): null

2022-11-25 09:54:08 - [TEST_STEP][PASSED] - logInfo($response): {"status":"Done","data":{"requestid1":"255353","requestid2":"255354"}}

2022-11-25 09:54:08 - [MESSAGE][INFO] - {"status":"Done","data":{"requestid1":"255353","requestid2":"255354"}}

2022-11-25 09:54:08 - [TEST_STEP][PASSED] - delay(5): Delayed 5 second(s)

2022-11-25 09:54:13 - [MESSAGE][PASSED] - Delayed 5 second(s)

2022-11-25 09:54:13 - [TEST_STEP][PASSED] - scoring = sendRequest(findTestObject("EngineScore", ["response_searchME_kons":response_searchME_kons, "response_searchME_spouse":response_searchME_spouse])): Send request successfully

2022-11-25 09:54:13 - [MESSAGE][INFO] - HAR: D:\DMS\Engine Scoring\Reports\20221125_094400\Exclude KKB - DS - Married\Scoring Married - DS\20221125_094402\requests\main\141.har

2022-11-25 09:54:13 - [MESSAGE][PASSED] - Send request successfully

2022-11-25 09:54:13 - [TEST_STEP][PASSED] - verifyResponseStatusCode(scoring, 200): Verify response status code successfully

2022-11-25 09:54:13 - [MESSAGE][PASSED] - Verify response status code successfully

2022-11-25 09:54:13 - [TEST_STEP][PASSED] - response2 = scoring.getResponseText(): null

2022-11-25 09:54:13 - [TEST_STEP][PASSED] - markPassed("result service data ke : " + no): result service data ke : 71

2022-11-25 09:54:13 - [MESSAGE][PASSED] - result service data ke : 71

2022-11-25 09:54:13 - [TEST_STEP][PASSED] - logInfo($response2): {"result_konsumen":"Approve","result_pasangan":"Reguler","Final_result":"Approve","errorMessage":"","status":"Done"}

2022-11-25 09:54:13 - [MESSAGE][INFO] - {"result_konsumen":"Approve","result_pasangan":"Reguler","Final_result":"Approve","errorMessage":"","status":"Done"}

2022-11-25 09:54:13 - [TEST_STEP][PASSED] - verifyElementPropertyValue(scoring, "Final_result", final_result): Verify element property value successfully

2022-11-25 09:54:13 - [MESSAGE][PASSED] - Verify element property value successfully]]></system-out>
         <system-err><![CDATA[]]></system-err>
      </testcase>
      <testcase name="Test Cases/Engine_Scoring/Engine Scoring" time="7.499" classname="Test Cases/Engine_Scoring/Engine Scoring" status="PASSED">
         <system-out><![CDATA[2022-11-25 09:54:13 - [TEST_CASE][PASSED] - Test Cases/Engine_Scoring/Engine Scoring: Test Cases/Engine_Scoring/Engine Scoring

2022-11-25 09:54:15 - [TEST_STEP][PASSED] - markPassed("Variasi data ke : " + no): Variasi data ke : 72

2022-11-25 09:54:15 - [MESSAGE][PASSED] - Variasi data ke : 72

2022-11-25 09:54:15 - [TEST_STEP][PASSED] - req_data = sendRequest(findTestObject("Search_ME", ["MID":MID, "source":source, "ip":ip, "userid":userid, "branch":branch, "tipekons":tipekons, "marital":marital, "penjamin":penjamin, ... ])): Send request successfully

2022-11-25 09:54:16 - [MESSAGE][INFO] - HAR: D:\DMS\Engine Scoring\Reports\20221125_094400\Exclude KKB - DS - Married\Scoring Married - DS\20221125_094402\requests\main\142.har

2022-11-25 09:54:16 - [MESSAGE][PASSED] - Send request successfully

2022-11-25 09:54:16 - [TEST_STEP][PASSED] - slurper = new groovy.json.JsonSlurper(): null

2022-11-25 09:54:16 - [TEST_STEP][PASSED] - result = slurper.parseText(req_data.getResponseBodyContent()): null

2022-11-25 09:54:16 - [TEST_STEP][PASSED] - reqid_kons = requestid1: null

2022-11-25 09:54:16 - [TEST_STEP][PASSED] - reqid_spouse = requestid2: null

2022-11-25 09:54:16 - [TEST_STEP][PASSED] - println("requestid kons : " + reqid_kons): null

2022-11-25 09:54:16 - [TEST_STEP][PASSED] - response_searchME_kons = reqid_kons: null

2022-11-25 09:54:16 - [TEST_STEP][PASSED] - response_searchME_spouse = reqid_spouse: null

2022-11-25 09:54:16 - [TEST_STEP][PASSED] - println("kons req id is :" + response_searchME_kons): null

2022-11-25 09:54:16 - [TEST_STEP][PASSED] - println("spouse req id is : " + response_searchME_spouse): null

2022-11-25 09:54:16 - [TEST_STEP][PASSED] - verifyResponseStatusCode(req_data, 200): Verify response status code successfully

2022-11-25 09:54:16 - [MESSAGE][PASSED] - Verify response status code successfully

2022-11-25 09:54:16 - [TEST_STEP][PASSED] - response = req_data.getResponseText(): null

2022-11-25 09:54:16 - [TEST_STEP][PASSED] - logInfo($response): {"status":"Done","data":{"requestid1":"255355","requestid2":"255356"}}

2022-11-25 09:54:16 - [MESSAGE][INFO] - {"status":"Done","data":{"requestid1":"255355","requestid2":"255356"}}

2022-11-25 09:54:16 - [TEST_STEP][PASSED] - delay(5): Delayed 5 second(s)

2022-11-25 09:54:21 - [MESSAGE][PASSED] - Delayed 5 second(s)

2022-11-25 09:54:21 - [TEST_STEP][PASSED] - scoring = sendRequest(findTestObject("EngineScore", ["response_searchME_kons":response_searchME_kons, "response_searchME_spouse":response_searchME_spouse])): Send request successfully

2022-11-25 09:54:21 - [MESSAGE][INFO] - HAR: D:\DMS\Engine Scoring\Reports\20221125_094400\Exclude KKB - DS - Married\Scoring Married - DS\20221125_094402\requests\main\143.har

2022-11-25 09:54:21 - [MESSAGE][PASSED] - Send request successfully

2022-11-25 09:54:21 - [TEST_STEP][PASSED] - verifyResponseStatusCode(scoring, 200): Verify response status code successfully

2022-11-25 09:54:21 - [MESSAGE][PASSED] - Verify response status code successfully

2022-11-25 09:54:21 - [TEST_STEP][PASSED] - response2 = scoring.getResponseText(): null

2022-11-25 09:54:21 - [TEST_STEP][PASSED] - markPassed("result service data ke : " + no): result service data ke : 72

2022-11-25 09:54:21 - [MESSAGE][PASSED] - result service data ke : 72

2022-11-25 09:54:21 - [TEST_STEP][PASSED] - logInfo($response2): {"result_konsumen":"Approve","result_pasangan":"Reguler","Final_result":"Approve","errorMessage":"","status":"Done"}

2022-11-25 09:54:21 - [MESSAGE][INFO] - {"result_konsumen":"Approve","result_pasangan":"Reguler","Final_result":"Approve","errorMessage":"","status":"Done"}

2022-11-25 09:54:21 - [TEST_STEP][PASSED] - verifyElementPropertyValue(scoring, "Final_result", final_result): Verify element property value successfully

2022-11-25 09:54:21 - [MESSAGE][PASSED] - Verify element property value successfully]]></system-out>
         <system-err><![CDATA[]]></system-err>
      </testcase>
      <testcase name="Test Cases/Engine_Scoring/Engine Scoring" time="7.444" classname="Test Cases/Engine_Scoring/Engine Scoring" status="PASSED">
         <system-out><![CDATA[2022-11-25 09:54:21 - [TEST_CASE][PASSED] - Test Cases/Engine_Scoring/Engine Scoring: Test Cases/Engine_Scoring/Engine Scoring

2022-11-25 09:54:22 - [TEST_STEP][PASSED] - markPassed("Variasi data ke : " + no): Variasi data ke : 73

2022-11-25 09:54:22 - [MESSAGE][PASSED] - Variasi data ke : 73

2022-11-25 09:54:22 - [TEST_STEP][PASSED] - req_data = sendRequest(findTestObject("Search_ME", ["MID":MID, "source":source, "ip":ip, "userid":userid, "branch":branch, "tipekons":tipekons, "marital":marital, "penjamin":penjamin, ... ])): Send request successfully

2022-11-25 09:54:23 - [MESSAGE][INFO] - HAR: D:\DMS\Engine Scoring\Reports\20221125_094400\Exclude KKB - DS - Married\Scoring Married - DS\20221125_094402\requests\main\144.har

2022-11-25 09:54:23 - [MESSAGE][PASSED] - Send request successfully

2022-11-25 09:54:23 - [TEST_STEP][PASSED] - slurper = new groovy.json.JsonSlurper(): null

2022-11-25 09:54:23 - [TEST_STEP][PASSED] - result = slurper.parseText(req_data.getResponseBodyContent()): null

2022-11-25 09:54:23 - [TEST_STEP][PASSED] - reqid_kons = requestid1: null

2022-11-25 09:54:23 - [TEST_STEP][PASSED] - reqid_spouse = requestid2: null

2022-11-25 09:54:23 - [TEST_STEP][PASSED] - println("requestid kons : " + reqid_kons): null

2022-11-25 09:54:23 - [TEST_STEP][PASSED] - response_searchME_kons = reqid_kons: null

2022-11-25 09:54:23 - [TEST_STEP][PASSED] - response_searchME_spouse = reqid_spouse: null

2022-11-25 09:54:23 - [TEST_STEP][PASSED] - println("kons req id is :" + response_searchME_kons): null

2022-11-25 09:54:23 - [TEST_STEP][PASSED] - println("spouse req id is : " + response_searchME_spouse): null

2022-11-25 09:54:23 - [TEST_STEP][PASSED] - verifyResponseStatusCode(req_data, 200): Verify response status code successfully

2022-11-25 09:54:23 - [MESSAGE][PASSED] - Verify response status code successfully

2022-11-25 09:54:23 - [TEST_STEP][PASSED] - response = req_data.getResponseText(): null

2022-11-25 09:54:23 - [TEST_STEP][PASSED] - logInfo($response): {"status":"Done","data":{"requestid1":"255358","requestid2":"255359"}}

2022-11-25 09:54:23 - [MESSAGE][INFO] - {"status":"Done","data":{"requestid1":"255358","requestid2":"255359"}}

2022-11-25 09:54:23 - [TEST_STEP][PASSED] - delay(5): Delayed 5 second(s)

2022-11-25 09:54:28 - [MESSAGE][PASSED] - Delayed 5 second(s)

2022-11-25 09:54:28 - [TEST_STEP][PASSED] - scoring = sendRequest(findTestObject("EngineScore", ["response_searchME_kons":response_searchME_kons, "response_searchME_spouse":response_searchME_spouse])): Send request successfully

2022-11-25 09:54:28 - [MESSAGE][INFO] - HAR: D:\DMS\Engine Scoring\Reports\20221125_094400\Exclude KKB - DS - Married\Scoring Married - DS\20221125_094402\requests\main\145.har

2022-11-25 09:54:28 - [MESSAGE][PASSED] - Send request successfully

2022-11-25 09:54:28 - [TEST_STEP][PASSED] - verifyResponseStatusCode(scoring, 200): Verify response status code successfully

2022-11-25 09:54:28 - [MESSAGE][PASSED] - Verify response status code successfully

2022-11-25 09:54:28 - [TEST_STEP][PASSED] - response2 = scoring.getResponseText(): null

2022-11-25 09:54:28 - [TEST_STEP][PASSED] - markPassed("result service data ke : " + no): result service data ke : 73

2022-11-25 09:54:28 - [MESSAGE][PASSED] - result service data ke : 73

2022-11-25 09:54:28 - [TEST_STEP][PASSED] - logInfo($response2): {"result_konsumen":"Approve","result_pasangan":"Reject","Final_result":"Reject","errorMessage":"","status":"Done"}

2022-11-25 09:54:28 - [MESSAGE][INFO] - {"result_konsumen":"Approve","result_pasangan":"Reject","Final_result":"Reject","errorMessage":"","status":"Done"}

2022-11-25 09:54:28 - [TEST_STEP][PASSED] - verifyElementPropertyValue(scoring, "Final_result", final_result): Verify element property value successfully

2022-11-25 09:54:28 - [MESSAGE][PASSED] - Verify element property value successfully]]></system-out>
         <system-err><![CDATA[]]></system-err>
      </testcase>
      <testcase name="Test Cases/Engine_Scoring/Engine Scoring" time="7.202" classname="Test Cases/Engine_Scoring/Engine Scoring" status="PASSED">
         <system-out><![CDATA[2022-11-25 09:54:29 - [TEST_CASE][PASSED] - Test Cases/Engine_Scoring/Engine Scoring: Test Cases/Engine_Scoring/Engine Scoring

2022-11-25 09:54:30 - [TEST_STEP][PASSED] - markPassed("Variasi data ke : " + no): Variasi data ke : 74

2022-11-25 09:54:30 - [MESSAGE][PASSED] - Variasi data ke : 74

2022-11-25 09:54:30 - [TEST_STEP][PASSED] - req_data = sendRequest(findTestObject("Search_ME", ["MID":MID, "source":source, "ip":ip, "userid":userid, "branch":branch, "tipekons":tipekons, "marital":marital, "penjamin":penjamin, ... ])): Send request successfully

2022-11-25 09:54:31 - [MESSAGE][INFO] - HAR: D:\DMS\Engine Scoring\Reports\20221125_094400\Exclude KKB - DS - Married\Scoring Married - DS\20221125_094402\requests\main\146.har

2022-11-25 09:54:31 - [MESSAGE][PASSED] - Send request successfully

2022-11-25 09:54:31 - [TEST_STEP][PASSED] - slurper = new groovy.json.JsonSlurper(): null

2022-11-25 09:54:31 - [TEST_STEP][PASSED] - result = slurper.parseText(req_data.getResponseBodyContent()): null

2022-11-25 09:54:31 - [TEST_STEP][PASSED] - reqid_kons = requestid1: null

2022-11-25 09:54:31 - [TEST_STEP][PASSED] - reqid_spouse = requestid2: null

2022-11-25 09:54:31 - [TEST_STEP][PASSED] - println("requestid kons : " + reqid_kons): null

2022-11-25 09:54:31 - [TEST_STEP][PASSED] - response_searchME_kons = reqid_kons: null

2022-11-25 09:54:31 - [TEST_STEP][PASSED] - response_searchME_spouse = reqid_spouse: null

2022-11-25 09:54:31 - [TEST_STEP][PASSED] - println("kons req id is :" + response_searchME_kons): null

2022-11-25 09:54:31 - [TEST_STEP][PASSED] - println("spouse req id is : " + response_searchME_spouse): null

2022-11-25 09:54:31 - [TEST_STEP][PASSED] - verifyResponseStatusCode(req_data, 200): Verify response status code successfully

2022-11-25 09:54:31 - [MESSAGE][PASSED] - Verify response status code successfully

2022-11-25 09:54:31 - [TEST_STEP][PASSED] - response = req_data.getResponseText(): null

2022-11-25 09:54:31 - [TEST_STEP][PASSED] - logInfo($response): {"status":"Done","data":{"requestid1":"255361","requestid2":"255362"}}

2022-11-25 09:54:31 - [MESSAGE][INFO] - {"status":"Done","data":{"requestid1":"255361","requestid2":"255362"}}

2022-11-25 09:54:31 - [TEST_STEP][PASSED] - delay(5): Delayed 5 second(s)

2022-11-25 09:54:36 - [MESSAGE][PASSED] - Delayed 5 second(s)

2022-11-25 09:54:36 - [TEST_STEP][PASSED] - scoring = sendRequest(findTestObject("EngineScore", ["response_searchME_kons":response_searchME_kons, "response_searchME_spouse":response_searchME_spouse])): Send request successfully

2022-11-25 09:54:36 - [MESSAGE][INFO] - HAR: D:\DMS\Engine Scoring\Reports\20221125_094400\Exclude KKB - DS - Married\Scoring Married - DS\20221125_094402\requests\main\147.har

2022-11-25 09:54:36 - [MESSAGE][PASSED] - Send request successfully

2022-11-25 09:54:36 - [TEST_STEP][PASSED] - verifyResponseStatusCode(scoring, 200): Verify response status code successfully

2022-11-25 09:54:36 - [MESSAGE][PASSED] - Verify response status code successfully

2022-11-25 09:54:36 - [TEST_STEP][PASSED] - response2 = scoring.getResponseText(): null

2022-11-25 09:54:36 - [TEST_STEP][PASSED] - markPassed("result service data ke : " + no): result service data ke : 74

2022-11-25 09:54:36 - [MESSAGE][PASSED] - result service data ke : 74

2022-11-25 09:54:36 - [TEST_STEP][PASSED] - logInfo($response2): {"result_konsumen":"Approve","result_pasangan":"Reject","Final_result":"Reject","errorMessage":"","status":"Done"}

2022-11-25 09:54:36 - [MESSAGE][INFO] - {"result_konsumen":"Approve","result_pasangan":"Reject","Final_result":"Reject","errorMessage":"","status":"Done"}

2022-11-25 09:54:36 - [TEST_STEP][PASSED] - verifyElementPropertyValue(scoring, "Final_result", final_result): Verify element property value successfully

2022-11-25 09:54:36 - [MESSAGE][PASSED] - Verify element property value successfully]]></system-out>
         <system-err><![CDATA[]]></system-err>
      </testcase>
      <testcase name="Test Cases/Engine_Scoring/Engine Scoring" time="7.533" classname="Test Cases/Engine_Scoring/Engine Scoring" status="PASSED">
         <system-out><![CDATA[2022-11-25 09:54:36 - [TEST_CASE][PASSED] - Test Cases/Engine_Scoring/Engine Scoring: Test Cases/Engine_Scoring/Engine Scoring

2022-11-25 09:54:37 - [TEST_STEP][PASSED] - markPassed("Variasi data ke : " + no): Variasi data ke : 75

2022-11-25 09:54:37 - [MESSAGE][PASSED] - Variasi data ke : 75

2022-11-25 09:54:37 - [TEST_STEP][PASSED] - req_data = sendRequest(findTestObject("Search_ME", ["MID":MID, "source":source, "ip":ip, "userid":userid, "branch":branch, "tipekons":tipekons, "marital":marital, "penjamin":penjamin, ... ])): Send request successfully

2022-11-25 09:54:38 - [MESSAGE][INFO] - HAR: D:\DMS\Engine Scoring\Reports\20221125_094400\Exclude KKB - DS - Married\Scoring Married - DS\20221125_094402\requests\main\148.har

2022-11-25 09:54:38 - [MESSAGE][PASSED] - Send request successfully

2022-11-25 09:54:38 - [TEST_STEP][PASSED] - slurper = new groovy.json.JsonSlurper(): null

2022-11-25 09:54:38 - [TEST_STEP][PASSED] - result = slurper.parseText(req_data.getResponseBodyContent()): null

2022-11-25 09:54:38 - [TEST_STEP][PASSED] - reqid_kons = requestid1: null

2022-11-25 09:54:38 - [TEST_STEP][PASSED] - reqid_spouse = requestid2: null

2022-11-25 09:54:38 - [TEST_STEP][PASSED] - println("requestid kons : " + reqid_kons): null

2022-11-25 09:54:38 - [TEST_STEP][PASSED] - response_searchME_kons = reqid_kons: null

2022-11-25 09:54:38 - [TEST_STEP][PASSED] - response_searchME_spouse = reqid_spouse: null

2022-11-25 09:54:38 - [TEST_STEP][PASSED] - println("kons req id is :" + response_searchME_kons): null

2022-11-25 09:54:38 - [TEST_STEP][PASSED] - println("spouse req id is : " + response_searchME_spouse): null

2022-11-25 09:54:38 - [TEST_STEP][PASSED] - verifyResponseStatusCode(req_data, 200): Verify response status code successfully

2022-11-25 09:54:38 - [MESSAGE][PASSED] - Verify response status code successfully

2022-11-25 09:54:38 - [TEST_STEP][PASSED] - response = req_data.getResponseText(): null

2022-11-25 09:54:38 - [TEST_STEP][PASSED] - logInfo($response): {"status":"Done","data":{"requestid1":"255364","requestid2":"255365"}}

2022-11-25 09:54:38 - [MESSAGE][INFO] - {"status":"Done","data":{"requestid1":"255364","requestid2":"255365"}}

2022-11-25 09:54:38 - [TEST_STEP][PASSED] - delay(5): Delayed 5 second(s)

2022-11-25 09:54:43 - [MESSAGE][PASSED] - Delayed 5 second(s)

2022-11-25 09:54:43 - [TEST_STEP][PASSED] - scoring = sendRequest(findTestObject("EngineScore", ["response_searchME_kons":response_searchME_kons, "response_searchME_spouse":response_searchME_spouse])): Send request successfully

2022-11-25 09:54:43 - [MESSAGE][INFO] - HAR: D:\DMS\Engine Scoring\Reports\20221125_094400\Exclude KKB - DS - Married\Scoring Married - DS\20221125_094402\requests\main\149.har

2022-11-25 09:54:43 - [MESSAGE][PASSED] - Send request successfully

2022-11-25 09:54:43 - [TEST_STEP][PASSED] - verifyResponseStatusCode(scoring, 200): Verify response status code successfully

2022-11-25 09:54:43 - [MESSAGE][PASSED] - Verify response status code successfully

2022-11-25 09:54:43 - [TEST_STEP][PASSED] - response2 = scoring.getResponseText(): null

2022-11-25 09:54:43 - [TEST_STEP][PASSED] - markPassed("result service data ke : " + no): result service data ke : 75

2022-11-25 09:54:43 - [MESSAGE][PASSED] - result service data ke : 75

2022-11-25 09:54:43 - [TEST_STEP][PASSED] - logInfo($response2): {"result_konsumen":"Approve","result_pasangan":"Reject","Final_result":"Reject","errorMessage":"","status":"Done"}

2022-11-25 09:54:43 - [MESSAGE][INFO] - {"result_konsumen":"Approve","result_pasangan":"Reject","Final_result":"Reject","errorMessage":"","status":"Done"}

2022-11-25 09:54:43 - [TEST_STEP][PASSED] - verifyElementPropertyValue(scoring, "Final_result", final_result): Verify element property value successfully

2022-11-25 09:54:43 - [MESSAGE][PASSED] - Verify element property value successfully]]></system-out>
         <system-err><![CDATA[]]></system-err>
      </testcase>
      <testcase name="Test Cases/Engine_Scoring/Engine Scoring" time="7.071" classname="Test Cases/Engine_Scoring/Engine Scoring" status="PASSED">
         <system-out><![CDATA[2022-11-25 09:54:44 - [TEST_CASE][PASSED] - Test Cases/Engine_Scoring/Engine Scoring: Test Cases/Engine_Scoring/Engine Scoring

2022-11-25 09:54:44 - [TEST_STEP][PASSED] - markPassed("Variasi data ke : " + no): Variasi data ke : 76

2022-11-25 09:54:44 - [MESSAGE][PASSED] - Variasi data ke : 76

2022-11-25 09:54:44 - [TEST_STEP][PASSED] - req_data = sendRequest(findTestObject("Search_ME", ["MID":MID, "source":source, "ip":ip, "userid":userid, "branch":branch, "tipekons":tipekons, "marital":marital, "penjamin":penjamin, ... ])): Send request successfully

2022-11-25 09:54:45 - [MESSAGE][INFO] - HAR: D:\DMS\Engine Scoring\Reports\20221125_094400\Exclude KKB - DS - Married\Scoring Married - DS\20221125_094402\requests\main\150.har

2022-11-25 09:54:45 - [MESSAGE][PASSED] - Send request successfully

2022-11-25 09:54:45 - [TEST_STEP][PASSED] - slurper = new groovy.json.JsonSlurper(): null

2022-11-25 09:54:45 - [TEST_STEP][PASSED] - result = slurper.parseText(req_data.getResponseBodyContent()): null

2022-11-25 09:54:45 - [TEST_STEP][PASSED] - reqid_kons = requestid1: null

2022-11-25 09:54:45 - [TEST_STEP][PASSED] - reqid_spouse = requestid2: null

2022-11-25 09:54:45 - [TEST_STEP][PASSED] - println("requestid kons : " + reqid_kons): null

2022-11-25 09:54:45 - [TEST_STEP][PASSED] - response_searchME_kons = reqid_kons: null

2022-11-25 09:54:45 - [TEST_STEP][PASSED] - response_searchME_spouse = reqid_spouse: null

2022-11-25 09:54:45 - [TEST_STEP][PASSED] - println("kons req id is :" + response_searchME_kons): null

2022-11-25 09:54:45 - [TEST_STEP][PASSED] - println("spouse req id is : " + response_searchME_spouse): null

2022-11-25 09:54:45 - [TEST_STEP][PASSED] - verifyResponseStatusCode(req_data, 200): Verify response status code successfully

2022-11-25 09:54:45 - [MESSAGE][PASSED] - Verify response status code successfully

2022-11-25 09:54:45 - [TEST_STEP][PASSED] - response = req_data.getResponseText(): null

2022-11-25 09:54:45 - [TEST_STEP][PASSED] - logInfo($response): {"status":"Done","data":{"requestid1":"255367","requestid2":"255368"}}

2022-11-25 09:54:45 - [MESSAGE][INFO] - {"status":"Done","data":{"requestid1":"255367","requestid2":"255368"}}

2022-11-25 09:54:45 - [TEST_STEP][PASSED] - delay(5): Delayed 5 second(s)

2022-11-25 09:54:50 - [MESSAGE][PASSED] - Delayed 5 second(s)

2022-11-25 09:54:50 - [TEST_STEP][PASSED] - scoring = sendRequest(findTestObject("EngineScore", ["response_searchME_kons":response_searchME_kons, "response_searchME_spouse":response_searchME_spouse])): Send request successfully

2022-11-25 09:54:51 - [MESSAGE][INFO] - HAR: D:\DMS\Engine Scoring\Reports\20221125_094400\Exclude KKB - DS - Married\Scoring Married - DS\20221125_094402\requests\main\151.har

2022-11-25 09:54:51 - [MESSAGE][PASSED] - Send request successfully

2022-11-25 09:54:51 - [TEST_STEP][PASSED] - verifyResponseStatusCode(scoring, 200): Verify response status code successfully

2022-11-25 09:54:51 - [MESSAGE][PASSED] - Verify response status code successfully

2022-11-25 09:54:51 - [TEST_STEP][PASSED] - response2 = scoring.getResponseText(): null

2022-11-25 09:54:51 - [TEST_STEP][PASSED] - markPassed("result service data ke : " + no): result service data ke : 76

2022-11-25 09:54:51 - [MESSAGE][PASSED] - result service data ke : 76

2022-11-25 09:54:51 - [TEST_STEP][PASSED] - logInfo($response2): {"result_konsumen":"Approve","result_pasangan":"Reject","Final_result":"Reject","errorMessage":"","status":"Done"}

2022-11-25 09:54:51 - [MESSAGE][INFO] - {"result_konsumen":"Approve","result_pasangan":"Reject","Final_result":"Reject","errorMessage":"","status":"Done"}

2022-11-25 09:54:51 - [TEST_STEP][PASSED] - verifyElementPropertyValue(scoring, "Final_result", final_result): Verify element property value successfully

2022-11-25 09:54:51 - [MESSAGE][PASSED] - Verify element property value successfully]]></system-out>
         <system-err><![CDATA[]]></system-err>
      </testcase>
      <testcase name="Test Cases/Engine_Scoring/Engine Scoring" time="7.087" classname="Test Cases/Engine_Scoring/Engine Scoring" status="PASSED">
         <system-out><![CDATA[2022-11-25 09:54:51 - [TEST_CASE][PASSED] - Test Cases/Engine_Scoring/Engine Scoring: Test Cases/Engine_Scoring/Engine Scoring

2022-11-25 09:54:52 - [TEST_STEP][PASSED] - markPassed("Variasi data ke : " + no): Variasi data ke : 77

2022-11-25 09:54:52 - [MESSAGE][PASSED] - Variasi data ke : 77

2022-11-25 09:54:52 - [TEST_STEP][PASSED] - req_data = sendRequest(findTestObject("Search_ME", ["MID":MID, "source":source, "ip":ip, "userid":userid, "branch":branch, "tipekons":tipekons, "marital":marital, "penjamin":penjamin, ... ])): Send request successfully

2022-11-25 09:54:53 - [MESSAGE][INFO] - HAR: D:\DMS\Engine Scoring\Reports\20221125_094400\Exclude KKB - DS - Married\Scoring Married - DS\20221125_094402\requests\main\152.har

2022-11-25 09:54:53 - [MESSAGE][PASSED] - Send request successfully

2022-11-25 09:54:53 - [TEST_STEP][PASSED] - slurper = new groovy.json.JsonSlurper(): null

2022-11-25 09:54:53 - [TEST_STEP][PASSED] - result = slurper.parseText(req_data.getResponseBodyContent()): null

2022-11-25 09:54:53 - [TEST_STEP][PASSED] - reqid_kons = requestid1: null

2022-11-25 09:54:53 - [TEST_STEP][PASSED] - reqid_spouse = requestid2: null

2022-11-25 09:54:53 - [TEST_STEP][PASSED] - println("requestid kons : " + reqid_kons): null

2022-11-25 09:54:53 - [TEST_STEP][PASSED] - response_searchME_kons = reqid_kons: null

2022-11-25 09:54:53 - [TEST_STEP][PASSED] - response_searchME_spouse = reqid_spouse: null

2022-11-25 09:54:53 - [TEST_STEP][PASSED] - println("kons req id is :" + response_searchME_kons): null

2022-11-25 09:54:53 - [TEST_STEP][PASSED] - println("spouse req id is : " + response_searchME_spouse): null

2022-11-25 09:54:53 - [TEST_STEP][PASSED] - verifyResponseStatusCode(req_data, 200): Verify response status code successfully

2022-11-25 09:54:53 - [MESSAGE][PASSED] - Verify response status code successfully

2022-11-25 09:54:53 - [TEST_STEP][PASSED] - response = req_data.getResponseText(): null

2022-11-25 09:54:53 - [TEST_STEP][PASSED] - logInfo($response): {"status":"Done","data":{"requestid1":"255370","requestid2":"255371"}}

2022-11-25 09:54:53 - [MESSAGE][INFO] - {"status":"Done","data":{"requestid1":"255370","requestid2":"255371"}}

2022-11-25 09:54:53 - [TEST_STEP][PASSED] - delay(5): Delayed 5 second(s)

2022-11-25 09:54:58 - [MESSAGE][PASSED] - Delayed 5 second(s)

2022-11-25 09:54:58 - [TEST_STEP][PASSED] - scoring = sendRequest(findTestObject("EngineScore", ["response_searchME_kons":response_searchME_kons, "response_searchME_spouse":response_searchME_spouse])): Send request successfully

2022-11-25 09:54:58 - [MESSAGE][INFO] - HAR: D:\DMS\Engine Scoring\Reports\20221125_094400\Exclude KKB - DS - Married\Scoring Married - DS\20221125_094402\requests\main\153.har

2022-11-25 09:54:58 - [MESSAGE][PASSED] - Send request successfully

2022-11-25 09:54:58 - [TEST_STEP][PASSED] - verifyResponseStatusCode(scoring, 200): Verify response status code successfully

2022-11-25 09:54:58 - [MESSAGE][PASSED] - Verify response status code successfully

2022-11-25 09:54:58 - [TEST_STEP][PASSED] - response2 = scoring.getResponseText(): null

2022-11-25 09:54:58 - [TEST_STEP][PASSED] - markPassed("result service data ke : " + no): result service data ke : 77

2022-11-25 09:54:58 - [MESSAGE][PASSED] - result service data ke : 77

2022-11-25 09:54:58 - [TEST_STEP][PASSED] - logInfo($response2): {"result_konsumen":"Approve","result_pasangan":"Reject","Final_result":"Reject","errorMessage":"","status":"Done"}

2022-11-25 09:54:58 - [MESSAGE][INFO] - {"result_konsumen":"Approve","result_pasangan":"Reject","Final_result":"Reject","errorMessage":"","status":"Done"}

2022-11-25 09:54:58 - [TEST_STEP][PASSED] - verifyElementPropertyValue(scoring, "Final_result", final_result): Verify element property value successfully

2022-11-25 09:54:58 - [MESSAGE][PASSED] - Verify element property value successfully]]></system-out>
         <system-err><![CDATA[]]></system-err>
      </testcase>
      <testcase name="Test Cases/Engine_Scoring/Engine Scoring" time="7.112" classname="Test Cases/Engine_Scoring/Engine Scoring" status="PASSED">
         <system-out><![CDATA[2022-11-25 09:54:58 - [TEST_CASE][PASSED] - Test Cases/Engine_Scoring/Engine Scoring: Test Cases/Engine_Scoring/Engine Scoring

2022-11-25 09:54:59 - [TEST_STEP][PASSED] - markPassed("Variasi data ke : " + no): Variasi data ke : 78

2022-11-25 09:54:59 - [MESSAGE][PASSED] - Variasi data ke : 78

2022-11-25 09:54:59 - [TEST_STEP][PASSED] - req_data = sendRequest(findTestObject("Search_ME", ["MID":MID, "source":source, "ip":ip, "userid":userid, "branch":branch, "tipekons":tipekons, "marital":marital, "penjamin":penjamin, ... ])): Send request successfully

2022-11-25 09:55:00 - [MESSAGE][INFO] - HAR: D:\DMS\Engine Scoring\Reports\20221125_094400\Exclude KKB - DS - Married\Scoring Married - DS\20221125_094402\requests\main\154.har

2022-11-25 09:55:00 - [MESSAGE][PASSED] - Send request successfully

2022-11-25 09:55:00 - [TEST_STEP][PASSED] - slurper = new groovy.json.JsonSlurper(): null

2022-11-25 09:55:00 - [TEST_STEP][PASSED] - result = slurper.parseText(req_data.getResponseBodyContent()): null

2022-11-25 09:55:00 - [TEST_STEP][PASSED] - reqid_kons = requestid1: null

2022-11-25 09:55:00 - [TEST_STEP][PASSED] - reqid_spouse = requestid2: null

2022-11-25 09:55:00 - [TEST_STEP][PASSED] - println("requestid kons : " + reqid_kons): null

2022-11-25 09:55:00 - [TEST_STEP][PASSED] - response_searchME_kons = reqid_kons: null

2022-11-25 09:55:00 - [TEST_STEP][PASSED] - response_searchME_spouse = reqid_spouse: null

2022-11-25 09:55:00 - [TEST_STEP][PASSED] - println("kons req id is :" + response_searchME_kons): null

2022-11-25 09:55:00 - [TEST_STEP][PASSED] - println("spouse req id is : " + response_searchME_spouse): null

2022-11-25 09:55:00 - [TEST_STEP][PASSED] - verifyResponseStatusCode(req_data, 200): Verify response status code successfully

2022-11-25 09:55:00 - [MESSAGE][PASSED] - Verify response status code successfully

2022-11-25 09:55:00 - [TEST_STEP][PASSED] - response = req_data.getResponseText(): null

2022-11-25 09:55:00 - [TEST_STEP][PASSED] - logInfo($response): {"status":"Done","data":{"requestid1":"255373","requestid2":"255374"}}

2022-11-25 09:55:00 - [MESSAGE][INFO] - {"status":"Done","data":{"requestid1":"255373","requestid2":"255374"}}

2022-11-25 09:55:00 - [TEST_STEP][PASSED] - delay(5): Delayed 5 second(s)

2022-11-25 09:55:05 - [MESSAGE][PASSED] - Delayed 5 second(s)

2022-11-25 09:55:05 - [TEST_STEP][PASSED] - scoring = sendRequest(findTestObject("EngineScore", ["response_searchME_kons":response_searchME_kons, "response_searchME_spouse":response_searchME_spouse])): Send request successfully

2022-11-25 09:55:05 - [MESSAGE][INFO] - HAR: D:\DMS\Engine Scoring\Reports\20221125_094400\Exclude KKB - DS - Married\Scoring Married - DS\20221125_094402\requests\main\155.har

2022-11-25 09:55:05 - [MESSAGE][PASSED] - Send request successfully

2022-11-25 09:55:05 - [TEST_STEP][PASSED] - verifyResponseStatusCode(scoring, 200): Verify response status code successfully

2022-11-25 09:55:05 - [MESSAGE][PASSED] - Verify response status code successfully

2022-11-25 09:55:05 - [TEST_STEP][PASSED] - response2 = scoring.getResponseText(): null

2022-11-25 09:55:05 - [TEST_STEP][PASSED] - markPassed("result service data ke : " + no): result service data ke : 78

2022-11-25 09:55:05 - [MESSAGE][PASSED] - result service data ke : 78

2022-11-25 09:55:05 - [TEST_STEP][PASSED] - logInfo($response2): {"result_konsumen":"Approve","result_pasangan":"Reject","Final_result":"Reject","errorMessage":"","status":"Done"}

2022-11-25 09:55:05 - [MESSAGE][INFO] - {"result_konsumen":"Approve","result_pasangan":"Reject","Final_result":"Reject","errorMessage":"","status":"Done"}

2022-11-25 09:55:05 - [TEST_STEP][PASSED] - verifyElementPropertyValue(scoring, "Final_result", final_result): Verify element property value successfully

2022-11-25 09:55:05 - [MESSAGE][PASSED] - Verify element property value successfully]]></system-out>
         <system-err><![CDATA[]]></system-err>
      </testcase>
      <testcase name="Test Cases/Engine_Scoring/Engine Scoring" time="7.355" classname="Test Cases/Engine_Scoring/Engine Scoring" status="PASSED">
         <system-out><![CDATA[2022-11-25 09:55:05 - [TEST_CASE][PASSED] - Test Cases/Engine_Scoring/Engine Scoring: Test Cases/Engine_Scoring/Engine Scoring

2022-11-25 09:55:06 - [TEST_STEP][PASSED] - markPassed("Variasi data ke : " + no): Variasi data ke : 79

2022-11-25 09:55:06 - [MESSAGE][PASSED] - Variasi data ke : 79

2022-11-25 09:55:06 - [TEST_STEP][PASSED] - req_data = sendRequest(findTestObject("Search_ME", ["MID":MID, "source":source, "ip":ip, "userid":userid, "branch":branch, "tipekons":tipekons, "marital":marital, "penjamin":penjamin, ... ])): Send request successfully

2022-11-25 09:55:07 - [MESSAGE][INFO] - HAR: D:\DMS\Engine Scoring\Reports\20221125_094400\Exclude KKB - DS - Married\Scoring Married - DS\20221125_094402\requests\main\156.har

2022-11-25 09:55:07 - [MESSAGE][PASSED] - Send request successfully

2022-11-25 09:55:07 - [TEST_STEP][PASSED] - slurper = new groovy.json.JsonSlurper(): null

2022-11-25 09:55:07 - [TEST_STEP][PASSED] - result = slurper.parseText(req_data.getResponseBodyContent()): null

2022-11-25 09:55:07 - [TEST_STEP][PASSED] - reqid_kons = requestid1: null

2022-11-25 09:55:07 - [TEST_STEP][PASSED] - reqid_spouse = requestid2: null

2022-11-25 09:55:07 - [TEST_STEP][PASSED] - println("requestid kons : " + reqid_kons): null

2022-11-25 09:55:07 - [TEST_STEP][PASSED] - response_searchME_kons = reqid_kons: null

2022-11-25 09:55:07 - [TEST_STEP][PASSED] - response_searchME_spouse = reqid_spouse: null

2022-11-25 09:55:07 - [TEST_STEP][PASSED] - println("kons req id is :" + response_searchME_kons): null

2022-11-25 09:55:07 - [TEST_STEP][PASSED] - println("spouse req id is : " + response_searchME_spouse): null

2022-11-25 09:55:07 - [TEST_STEP][PASSED] - verifyResponseStatusCode(req_data, 200): Verify response status code successfully

2022-11-25 09:55:07 - [MESSAGE][PASSED] - Verify response status code successfully

2022-11-25 09:55:07 - [TEST_STEP][PASSED] - response = req_data.getResponseText(): null

2022-11-25 09:55:07 - [TEST_STEP][PASSED] - logInfo($response): {"status":"Done","data":{"requestid1":"255376","requestid2":"255377"}}

2022-11-25 09:55:07 - [MESSAGE][INFO] - {"status":"Done","data":{"requestid1":"255376","requestid2":"255377"}}

2022-11-25 09:55:07 - [TEST_STEP][PASSED] - delay(5): Delayed 5 second(s)

2022-11-25 09:55:12 - [MESSAGE][PASSED] - Delayed 5 second(s)

2022-11-25 09:55:12 - [TEST_STEP][PASSED] - scoring = sendRequest(findTestObject("EngineScore", ["response_searchME_kons":response_searchME_kons, "response_searchME_spouse":response_searchME_spouse])): Send request successfully

2022-11-25 09:55:12 - [MESSAGE][INFO] - HAR: D:\DMS\Engine Scoring\Reports\20221125_094400\Exclude KKB - DS - Married\Scoring Married - DS\20221125_094402\requests\main\157.har

2022-11-25 09:55:12 - [MESSAGE][PASSED] - Send request successfully

2022-11-25 09:55:12 - [TEST_STEP][PASSED] - verifyResponseStatusCode(scoring, 200): Verify response status code successfully

2022-11-25 09:55:12 - [MESSAGE][PASSED] - Verify response status code successfully

2022-11-25 09:55:12 - [TEST_STEP][PASSED] - response2 = scoring.getResponseText(): null

2022-11-25 09:55:12 - [TEST_STEP][PASSED] - markPassed("result service data ke : " + no): result service data ke : 79

2022-11-25 09:55:12 - [MESSAGE][PASSED] - result service data ke : 79

2022-11-25 09:55:12 - [TEST_STEP][PASSED] - logInfo($response2): {"result_konsumen":"Approve","result_pasangan":"Reject","Final_result":"Reject","errorMessage":"","status":"Done"}

2022-11-25 09:55:12 - [MESSAGE][INFO] - {"result_konsumen":"Approve","result_pasangan":"Reject","Final_result":"Reject","errorMessage":"","status":"Done"}

2022-11-25 09:55:12 - [TEST_STEP][PASSED] - verifyElementPropertyValue(scoring, "Final_result", final_result): Verify element property value successfully

2022-11-25 09:55:12 - [MESSAGE][PASSED] - Verify element property value successfully]]></system-out>
         <system-err><![CDATA[]]></system-err>
      </testcase>
      <testcase name="Test Cases/Engine_Scoring/Engine Scoring" time="7.153" classname="Test Cases/Engine_Scoring/Engine Scoring" status="PASSED">
         <system-out><![CDATA[2022-11-25 09:55:12 - [TEST_CASE][PASSED] - Test Cases/Engine_Scoring/Engine Scoring: Test Cases/Engine_Scoring/Engine Scoring

2022-11-25 09:55:13 - [TEST_STEP][PASSED] - markPassed("Variasi data ke : " + no): Variasi data ke : 80

2022-11-25 09:55:13 - [MESSAGE][PASSED] - Variasi data ke : 80

2022-11-25 09:55:13 - [TEST_STEP][PASSED] - req_data = sendRequest(findTestObject("Search_ME", ["MID":MID, "source":source, "ip":ip, "userid":userid, "branch":branch, "tipekons":tipekons, "marital":marital, "penjamin":penjamin, ... ])): Send request successfully

2022-11-25 09:55:14 - [MESSAGE][INFO] - HAR: D:\DMS\Engine Scoring\Reports\20221125_094400\Exclude KKB - DS - Married\Scoring Married - DS\20221125_094402\requests\main\158.har

2022-11-25 09:55:14 - [MESSAGE][PASSED] - Send request successfully

2022-11-25 09:55:14 - [TEST_STEP][PASSED] - slurper = new groovy.json.JsonSlurper(): null

2022-11-25 09:55:14 - [TEST_STEP][PASSED] - result = slurper.parseText(req_data.getResponseBodyContent()): null

2022-11-25 09:55:14 - [TEST_STEP][PASSED] - reqid_kons = requestid1: null

2022-11-25 09:55:14 - [TEST_STEP][PASSED] - reqid_spouse = requestid2: null

2022-11-25 09:55:14 - [TEST_STEP][PASSED] - println("requestid kons : " + reqid_kons): null

2022-11-25 09:55:14 - [TEST_STEP][PASSED] - response_searchME_kons = reqid_kons: null

2022-11-25 09:55:14 - [TEST_STEP][PASSED] - response_searchME_spouse = reqid_spouse: null

2022-11-25 09:55:14 - [TEST_STEP][PASSED] - println("kons req id is :" + response_searchME_kons): null

2022-11-25 09:55:14 - [TEST_STEP][PASSED] - println("spouse req id is : " + response_searchME_spouse): null

2022-11-25 09:55:14 - [TEST_STEP][PASSED] - verifyResponseStatusCode(req_data, 200): Verify response status code successfully

2022-11-25 09:55:14 - [MESSAGE][PASSED] - Verify response status code successfully

2022-11-25 09:55:14 - [TEST_STEP][PASSED] - response = req_data.getResponseText(): null

2022-11-25 09:55:14 - [TEST_STEP][PASSED] - logInfo($response): {"status":"Done","data":{"requestid1":"255379","requestid2":"255380"}}

2022-11-25 09:55:14 - [MESSAGE][INFO] - {"status":"Done","data":{"requestid1":"255379","requestid2":"255380"}}

2022-11-25 09:55:14 - [TEST_STEP][PASSED] - delay(5): Delayed 5 second(s)

2022-11-25 09:55:19 - [MESSAGE][PASSED] - Delayed 5 second(s)

2022-11-25 09:55:19 - [TEST_STEP][PASSED] - scoring = sendRequest(findTestObject("EngineScore", ["response_searchME_kons":response_searchME_kons, "response_searchME_spouse":response_searchME_spouse])): Send request successfully

2022-11-25 09:55:20 - [MESSAGE][INFO] - HAR: D:\DMS\Engine Scoring\Reports\20221125_094400\Exclude KKB - DS - Married\Scoring Married - DS\20221125_094402\requests\main\159.har

2022-11-25 09:55:20 - [MESSAGE][PASSED] - Send request successfully

2022-11-25 09:55:20 - [TEST_STEP][PASSED] - verifyResponseStatusCode(scoring, 200): Verify response status code successfully

2022-11-25 09:55:20 - [MESSAGE][PASSED] - Verify response status code successfully

2022-11-25 09:55:20 - [TEST_STEP][PASSED] - response2 = scoring.getResponseText(): null

2022-11-25 09:55:20 - [TEST_STEP][PASSED] - markPassed("result service data ke : " + no): result service data ke : 80

2022-11-25 09:55:20 - [MESSAGE][PASSED] - result service data ke : 80

2022-11-25 09:55:20 - [TEST_STEP][PASSED] - logInfo($response2): {"result_konsumen":"Approve","result_pasangan":"Reject","Final_result":"Reject","errorMessage":"","status":"Done"}

2022-11-25 09:55:20 - [MESSAGE][INFO] - {"result_konsumen":"Approve","result_pasangan":"Reject","Final_result":"Reject","errorMessage":"","status":"Done"}

2022-11-25 09:55:20 - [TEST_STEP][PASSED] - verifyElementPropertyValue(scoring, "Final_result", final_result): Verify element property value successfully

2022-11-25 09:55:20 - [MESSAGE][PASSED] - Verify element property value successfully]]></system-out>
         <system-err><![CDATA[]]></system-err>
      </testcase>
      <testcase name="Test Cases/Engine_Scoring/Engine Scoring" time="7.295" classname="Test Cases/Engine_Scoring/Engine Scoring" status="PASSED">
         <system-out><![CDATA[2022-11-25 09:55:20 - [TEST_CASE][PASSED] - Test Cases/Engine_Scoring/Engine Scoring: Test Cases/Engine_Scoring/Engine Scoring

2022-11-25 09:55:21 - [TEST_STEP][PASSED] - markPassed("Variasi data ke : " + no): Variasi data ke : 81

2022-11-25 09:55:21 - [MESSAGE][PASSED] - Variasi data ke : 81

2022-11-25 09:55:21 - [TEST_STEP][PASSED] - req_data = sendRequest(findTestObject("Search_ME", ["MID":MID, "source":source, "ip":ip, "userid":userid, "branch":branch, "tipekons":tipekons, "marital":marital, "penjamin":penjamin, ... ])): Send request successfully

2022-11-25 09:55:22 - [MESSAGE][INFO] - HAR: D:\DMS\Engine Scoring\Reports\20221125_094400\Exclude KKB - DS - Married\Scoring Married - DS\20221125_094402\requests\main\160.har

2022-11-25 09:55:22 - [MESSAGE][PASSED] - Send request successfully

2022-11-25 09:55:22 - [TEST_STEP][PASSED] - slurper = new groovy.json.JsonSlurper(): null

2022-11-25 09:55:22 - [TEST_STEP][PASSED] - result = slurper.parseText(req_data.getResponseBodyContent()): null

2022-11-25 09:55:22 - [TEST_STEP][PASSED] - reqid_kons = requestid1: null

2022-11-25 09:55:22 - [TEST_STEP][PASSED] - reqid_spouse = requestid2: null

2022-11-25 09:55:22 - [TEST_STEP][PASSED] - println("requestid kons : " + reqid_kons): null

2022-11-25 09:55:22 - [TEST_STEP][PASSED] - response_searchME_kons = reqid_kons: null

2022-11-25 09:55:22 - [TEST_STEP][PASSED] - response_searchME_spouse = reqid_spouse: null

2022-11-25 09:55:22 - [TEST_STEP][PASSED] - println("kons req id is :" + response_searchME_kons): null

2022-11-25 09:55:22 - [TEST_STEP][PASSED] - println("spouse req id is : " + response_searchME_spouse): null

2022-11-25 09:55:22 - [TEST_STEP][PASSED] - verifyResponseStatusCode(req_data, 200): Verify response status code successfully

2022-11-25 09:55:22 - [MESSAGE][PASSED] - Verify response status code successfully

2022-11-25 09:55:22 - [TEST_STEP][PASSED] - response = req_data.getResponseText(): null

2022-11-25 09:55:22 - [TEST_STEP][PASSED] - logInfo($response): {"status":"Done","data":{"requestid1":"255382","requestid2":"255383"}}

2022-11-25 09:55:22 - [MESSAGE][INFO] - {"status":"Done","data":{"requestid1":"255382","requestid2":"255383"}}

2022-11-25 09:55:22 - [TEST_STEP][PASSED] - delay(5): Delayed 5 second(s)

2022-11-25 09:55:27 - [MESSAGE][PASSED] - Delayed 5 second(s)

2022-11-25 09:55:27 - [TEST_STEP][PASSED] - scoring = sendRequest(findTestObject("EngineScore", ["response_searchME_kons":response_searchME_kons, "response_searchME_spouse":response_searchME_spouse])): Send request successfully

2022-11-25 09:55:27 - [MESSAGE][INFO] - HAR: D:\DMS\Engine Scoring\Reports\20221125_094400\Exclude KKB - DS - Married\Scoring Married - DS\20221125_094402\requests\main\161.har

2022-11-25 09:55:27 - [MESSAGE][PASSED] - Send request successfully

2022-11-25 09:55:27 - [TEST_STEP][PASSED] - verifyResponseStatusCode(scoring, 200): Verify response status code successfully

2022-11-25 09:55:27 - [MESSAGE][PASSED] - Verify response status code successfully

2022-11-25 09:55:27 - [TEST_STEP][PASSED] - response2 = scoring.getResponseText(): null

2022-11-25 09:55:27 - [TEST_STEP][PASSED] - markPassed("result service data ke : " + no): result service data ke : 81

2022-11-25 09:55:27 - [MESSAGE][PASSED] - result service data ke : 81

2022-11-25 09:55:27 - [TEST_STEP][PASSED] - logInfo($response2): {"result_konsumen":"Approve","result_pasangan":"Reject","Final_result":"Reject","errorMessage":"","status":"Done"}

2022-11-25 09:55:27 - [MESSAGE][INFO] - {"result_konsumen":"Approve","result_pasangan":"Reject","Final_result":"Reject","errorMessage":"","status":"Done"}

2022-11-25 09:55:27 - [TEST_STEP][PASSED] - verifyElementPropertyValue(scoring, "Final_result", final_result): Verify element property value successfully

2022-11-25 09:55:27 - [MESSAGE][PASSED] - Verify element property value successfully]]></system-out>
         <system-err><![CDATA[]]></system-err>
      </testcase>
      <testcase name="Test Cases/Engine_Scoring/Engine Scoring" time="7.29" classname="Test Cases/Engine_Scoring/Engine Scoring" status="PASSED">
         <system-out><![CDATA[2022-11-25 09:55:27 - [TEST_CASE][PASSED] - Test Cases/Engine_Scoring/Engine Scoring: Test Cases/Engine_Scoring/Engine Scoring

2022-11-25 09:55:28 - [TEST_STEP][PASSED] - markPassed("Variasi data ke : " + no): Variasi data ke : 82

2022-11-25 09:55:28 - [MESSAGE][PASSED] - Variasi data ke : 82

2022-11-25 09:55:28 - [TEST_STEP][PASSED] - req_data = sendRequest(findTestObject("Search_ME", ["MID":MID, "source":source, "ip":ip, "userid":userid, "branch":branch, "tipekons":tipekons, "marital":marital, "penjamin":penjamin, ... ])): Send request successfully

2022-11-25 09:55:29 - [MESSAGE][INFO] - HAR: D:\DMS\Engine Scoring\Reports\20221125_094400\Exclude KKB - DS - Married\Scoring Married - DS\20221125_094402\requests\main\162.har

2022-11-25 09:55:29 - [MESSAGE][PASSED] - Send request successfully

2022-11-25 09:55:29 - [TEST_STEP][PASSED] - slurper = new groovy.json.JsonSlurper(): null

2022-11-25 09:55:29 - [TEST_STEP][PASSED] - result = slurper.parseText(req_data.getResponseBodyContent()): null

2022-11-25 09:55:29 - [TEST_STEP][PASSED] - reqid_kons = requestid1: null

2022-11-25 09:55:29 - [TEST_STEP][PASSED] - reqid_spouse = requestid2: null

2022-11-25 09:55:29 - [TEST_STEP][PASSED] - println("requestid kons : " + reqid_kons): null

2022-11-25 09:55:29 - [TEST_STEP][PASSED] - response_searchME_kons = reqid_kons: null

2022-11-25 09:55:29 - [TEST_STEP][PASSED] - response_searchME_spouse = reqid_spouse: null

2022-11-25 09:55:29 - [TEST_STEP][PASSED] - println("kons req id is :" + response_searchME_kons): null

2022-11-25 09:55:29 - [TEST_STEP][PASSED] - println("spouse req id is : " + response_searchME_spouse): null

2022-11-25 09:55:29 - [TEST_STEP][PASSED] - verifyResponseStatusCode(req_data, 200): Verify response status code successfully

2022-11-25 09:55:29 - [MESSAGE][PASSED] - Verify response status code successfully

2022-11-25 09:55:29 - [TEST_STEP][PASSED] - response = req_data.getResponseText(): null

2022-11-25 09:55:29 - [TEST_STEP][PASSED] - logInfo($response): {"status":"Done","data":{"requestid1":"255385","requestid2":"255386"}}

2022-11-25 09:55:29 - [MESSAGE][INFO] - {"status":"Done","data":{"requestid1":"255385","requestid2":"255386"}}

2022-11-25 09:55:29 - [TEST_STEP][PASSED] - delay(5): Delayed 5 second(s)

2022-11-25 09:55:34 - [MESSAGE][PASSED] - Delayed 5 second(s)

2022-11-25 09:55:34 - [TEST_STEP][PASSED] - scoring = sendRequest(findTestObject("EngineScore", ["response_searchME_kons":response_searchME_kons, "response_searchME_spouse":response_searchME_spouse])): Send request successfully

2022-11-25 09:55:34 - [MESSAGE][INFO] - HAR: D:\DMS\Engine Scoring\Reports\20221125_094400\Exclude KKB - DS - Married\Scoring Married - DS\20221125_094402\requests\main\163.har

2022-11-25 09:55:34 - [MESSAGE][PASSED] - Send request successfully

2022-11-25 09:55:34 - [TEST_STEP][PASSED] - verifyResponseStatusCode(scoring, 200): Verify response status code successfully

2022-11-25 09:55:34 - [MESSAGE][PASSED] - Verify response status code successfully

2022-11-25 09:55:34 - [TEST_STEP][PASSED] - response2 = scoring.getResponseText(): null

2022-11-25 09:55:34 - [TEST_STEP][PASSED] - markPassed("result service data ke : " + no): result service data ke : 82

2022-11-25 09:55:34 - [MESSAGE][PASSED] - result service data ke : 82

2022-11-25 09:55:34 - [TEST_STEP][PASSED] - logInfo($response2): {"result_konsumen":"Reject","result_pasangan":"Reguler","Final_result":"Reject","errorMessage":"","status":"Done"}

2022-11-25 09:55:34 - [MESSAGE][INFO] - {"result_konsumen":"Reject","result_pasangan":"Reguler","Final_result":"Reject","errorMessage":"","status":"Done"}

2022-11-25 09:55:34 - [TEST_STEP][PASSED] - verifyElementPropertyValue(scoring, "Final_result", final_result): Verify element property value successfully

2022-11-25 09:55:34 - [MESSAGE][PASSED] - Verify element property value successfully]]></system-out>
         <system-err><![CDATA[]]></system-err>
      </testcase>
      <testcase name="Test Cases/Engine_Scoring/Engine Scoring" time="7.459" classname="Test Cases/Engine_Scoring/Engine Scoring" status="PASSED">
         <system-out><![CDATA[2022-11-25 09:55:34 - [TEST_CASE][PASSED] - Test Cases/Engine_Scoring/Engine Scoring: Test Cases/Engine_Scoring/Engine Scoring

2022-11-25 09:55:36 - [TEST_STEP][PASSED] - markPassed("Variasi data ke : " + no): Variasi data ke : 83

2022-11-25 09:55:36 - [MESSAGE][PASSED] - Variasi data ke : 83

2022-11-25 09:55:36 - [TEST_STEP][PASSED] - req_data = sendRequest(findTestObject("Search_ME", ["MID":MID, "source":source, "ip":ip, "userid":userid, "branch":branch, "tipekons":tipekons, "marital":marital, "penjamin":penjamin, ... ])): Send request successfully

2022-11-25 09:55:37 - [MESSAGE][INFO] - HAR: D:\DMS\Engine Scoring\Reports\20221125_094400\Exclude KKB - DS - Married\Scoring Married - DS\20221125_094402\requests\main\164.har

2022-11-25 09:55:37 - [MESSAGE][PASSED] - Send request successfully

2022-11-25 09:55:37 - [TEST_STEP][PASSED] - slurper = new groovy.json.JsonSlurper(): null

2022-11-25 09:55:37 - [TEST_STEP][PASSED] - result = slurper.parseText(req_data.getResponseBodyContent()): null

2022-11-25 09:55:37 - [TEST_STEP][PASSED] - reqid_kons = requestid1: null

2022-11-25 09:55:37 - [TEST_STEP][PASSED] - reqid_spouse = requestid2: null

2022-11-25 09:55:37 - [TEST_STEP][PASSED] - println("requestid kons : " + reqid_kons): null

2022-11-25 09:55:37 - [TEST_STEP][PASSED] - response_searchME_kons = reqid_kons: null

2022-11-25 09:55:37 - [TEST_STEP][PASSED] - response_searchME_spouse = reqid_spouse: null

2022-11-25 09:55:37 - [TEST_STEP][PASSED] - println("kons req id is :" + response_searchME_kons): null

2022-11-25 09:55:37 - [TEST_STEP][PASSED] - println("spouse req id is : " + response_searchME_spouse): null

2022-11-25 09:55:37 - [TEST_STEP][PASSED] - verifyResponseStatusCode(req_data, 200): Verify response status code successfully

2022-11-25 09:55:37 - [MESSAGE][PASSED] - Verify response status code successfully

2022-11-25 09:55:37 - [TEST_STEP][PASSED] - response = req_data.getResponseText(): null

2022-11-25 09:55:37 - [TEST_STEP][PASSED] - logInfo($response): {"status":"Done","data":{"requestid1":"255388","requestid2":"255389"}}

2022-11-25 09:55:37 - [MESSAGE][INFO] - {"status":"Done","data":{"requestid1":"255388","requestid2":"255389"}}

2022-11-25 09:55:37 - [TEST_STEP][PASSED] - delay(5): Delayed 5 second(s)

2022-11-25 09:55:42 - [MESSAGE][PASSED] - Delayed 5 second(s)

2022-11-25 09:55:42 - [TEST_STEP][PASSED] - scoring = sendRequest(findTestObject("EngineScore", ["response_searchME_kons":response_searchME_kons, "response_searchME_spouse":response_searchME_spouse])): Send request successfully

2022-11-25 09:55:42 - [MESSAGE][INFO] - HAR: D:\DMS\Engine Scoring\Reports\20221125_094400\Exclude KKB - DS - Married\Scoring Married - DS\20221125_094402\requests\main\165.har

2022-11-25 09:55:42 - [MESSAGE][PASSED] - Send request successfully

2022-11-25 09:55:42 - [TEST_STEP][PASSED] - verifyResponseStatusCode(scoring, 200): Verify response status code successfully

2022-11-25 09:55:42 - [MESSAGE][PASSED] - Verify response status code successfully

2022-11-25 09:55:42 - [TEST_STEP][PASSED] - response2 = scoring.getResponseText(): null

2022-11-25 09:55:42 - [TEST_STEP][PASSED] - markPassed("result service data ke : " + no): result service data ke : 83

2022-11-25 09:55:42 - [MESSAGE][PASSED] - result service data ke : 83

2022-11-25 09:55:42 - [TEST_STEP][PASSED] - logInfo($response2): {"result_konsumen":"Reject","result_pasangan":"Reguler","Final_result":"Reject","errorMessage":"","status":"Done"}

2022-11-25 09:55:42 - [MESSAGE][INFO] - {"result_konsumen":"Reject","result_pasangan":"Reguler","Final_result":"Reject","errorMessage":"","status":"Done"}

2022-11-25 09:55:42 - [TEST_STEP][PASSED] - verifyElementPropertyValue(scoring, "Final_result", final_result): Verify element property value successfully

2022-11-25 09:55:42 - [MESSAGE][PASSED] - Verify element property value successfully]]></system-out>
         <system-err><![CDATA[]]></system-err>
      </testcase>
      <testcase name="Test Cases/Engine_Scoring/Engine Scoring" time="7.089" classname="Test Cases/Engine_Scoring/Engine Scoring" status="PASSED">
         <system-out><![CDATA[2022-11-25 09:55:42 - [TEST_CASE][PASSED] - Test Cases/Engine_Scoring/Engine Scoring: Test Cases/Engine_Scoring/Engine Scoring

2022-11-25 09:55:43 - [TEST_STEP][PASSED] - markPassed("Variasi data ke : " + no): Variasi data ke : 84

2022-11-25 09:55:43 - [MESSAGE][PASSED] - Variasi data ke : 84

2022-11-25 09:55:43 - [TEST_STEP][PASSED] - req_data = sendRequest(findTestObject("Search_ME", ["MID":MID, "source":source, "ip":ip, "userid":userid, "branch":branch, "tipekons":tipekons, "marital":marital, "penjamin":penjamin, ... ])): Send request successfully

2022-11-25 09:55:44 - [MESSAGE][INFO] - HAR: D:\DMS\Engine Scoring\Reports\20221125_094400\Exclude KKB - DS - Married\Scoring Married - DS\20221125_094402\requests\main\166.har

2022-11-25 09:55:44 - [MESSAGE][PASSED] - Send request successfully

2022-11-25 09:55:44 - [TEST_STEP][PASSED] - slurper = new groovy.json.JsonSlurper(): null

2022-11-25 09:55:44 - [TEST_STEP][PASSED] - result = slurper.parseText(req_data.getResponseBodyContent()): null

2022-11-25 09:55:44 - [TEST_STEP][PASSED] - reqid_kons = requestid1: null

2022-11-25 09:55:44 - [TEST_STEP][PASSED] - reqid_spouse = requestid2: null

2022-11-25 09:55:44 - [TEST_STEP][PASSED] - println("requestid kons : " + reqid_kons): null

2022-11-25 09:55:44 - [TEST_STEP][PASSED] - response_searchME_kons = reqid_kons: null

2022-11-25 09:55:44 - [TEST_STEP][PASSED] - response_searchME_spouse = reqid_spouse: null

2022-11-25 09:55:44 - [TEST_STEP][PASSED] - println("kons req id is :" + response_searchME_kons): null

2022-11-25 09:55:44 - [TEST_STEP][PASSED] - println("spouse req id is : " + response_searchME_spouse): null

2022-11-25 09:55:44 - [TEST_STEP][PASSED] - verifyResponseStatusCode(req_data, 200): Verify response status code successfully

2022-11-25 09:55:44 - [MESSAGE][PASSED] - Verify response status code successfully

2022-11-25 09:55:44 - [TEST_STEP][PASSED] - response = req_data.getResponseText(): null

2022-11-25 09:55:44 - [TEST_STEP][PASSED] - logInfo($response): {"status":"Done","data":{"requestid1":"255391","requestid2":"255392"}}

2022-11-25 09:55:44 - [MESSAGE][INFO] - {"status":"Done","data":{"requestid1":"255391","requestid2":"255392"}}

2022-11-25 09:55:44 - [TEST_STEP][PASSED] - delay(5): Delayed 5 second(s)

2022-11-25 09:55:49 - [MESSAGE][PASSED] - Delayed 5 second(s)

2022-11-25 09:55:49 - [TEST_STEP][PASSED] - scoring = sendRequest(findTestObject("EngineScore", ["response_searchME_kons":response_searchME_kons, "response_searchME_spouse":response_searchME_spouse])): Send request successfully

2022-11-25 09:55:49 - [MESSAGE][INFO] - HAR: D:\DMS\Engine Scoring\Reports\20221125_094400\Exclude KKB - DS - Married\Scoring Married - DS\20221125_094402\requests\main\167.har

2022-11-25 09:55:49 - [MESSAGE][PASSED] - Send request successfully

2022-11-25 09:55:49 - [TEST_STEP][PASSED] - verifyResponseStatusCode(scoring, 200): Verify response status code successfully

2022-11-25 09:55:49 - [MESSAGE][PASSED] - Verify response status code successfully

2022-11-25 09:55:49 - [TEST_STEP][PASSED] - response2 = scoring.getResponseText(): null

2022-11-25 09:55:49 - [TEST_STEP][PASSED] - markPassed("result service data ke : " + no): result service data ke : 84

2022-11-25 09:55:49 - [MESSAGE][PASSED] - result service data ke : 84

2022-11-25 09:55:49 - [TEST_STEP][PASSED] - logInfo($response2): {"result_konsumen":"Reject","result_pasangan":"Reguler","Final_result":"Reject","errorMessage":"","status":"Done"}

2022-11-25 09:55:49 - [MESSAGE][INFO] - {"result_konsumen":"Reject","result_pasangan":"Reguler","Final_result":"Reject","errorMessage":"","status":"Done"}

2022-11-25 09:55:49 - [TEST_STEP][PASSED] - verifyElementPropertyValue(scoring, "Final_result", final_result): Verify element property value successfully

2022-11-25 09:55:49 - [MESSAGE][PASSED] - Verify element property value successfully]]></system-out>
         <system-err><![CDATA[]]></system-err>
      </testcase>
      <testcase name="Test Cases/Engine_Scoring/Engine Scoring" time="7.075" classname="Test Cases/Engine_Scoring/Engine Scoring" status="PASSED">
         <system-out><![CDATA[2022-11-25 09:55:49 - [TEST_CASE][PASSED] - Test Cases/Engine_Scoring/Engine Scoring: Test Cases/Engine_Scoring/Engine Scoring

2022-11-25 09:55:50 - [TEST_STEP][PASSED] - markPassed("Variasi data ke : " + no): Variasi data ke : 85

2022-11-25 09:55:50 - [MESSAGE][PASSED] - Variasi data ke : 85

2022-11-25 09:55:50 - [TEST_STEP][PASSED] - req_data = sendRequest(findTestObject("Search_ME", ["MID":MID, "source":source, "ip":ip, "userid":userid, "branch":branch, "tipekons":tipekons, "marital":marital, "penjamin":penjamin, ... ])): Send request successfully

2022-11-25 09:55:51 - [MESSAGE][INFO] - HAR: D:\DMS\Engine Scoring\Reports\20221125_094400\Exclude KKB - DS - Married\Scoring Married - DS\20221125_094402\requests\main\168.har

2022-11-25 09:55:51 - [MESSAGE][PASSED] - Send request successfully

2022-11-25 09:55:51 - [TEST_STEP][PASSED] - slurper = new groovy.json.JsonSlurper(): null

2022-11-25 09:55:51 - [TEST_STEP][PASSED] - result = slurper.parseText(req_data.getResponseBodyContent()): null

2022-11-25 09:55:51 - [TEST_STEP][PASSED] - reqid_kons = requestid1: null

2022-11-25 09:55:51 - [TEST_STEP][PASSED] - reqid_spouse = requestid2: null

2022-11-25 09:55:51 - [TEST_STEP][PASSED] - println("requestid kons : " + reqid_kons): null

2022-11-25 09:55:51 - [TEST_STEP][PASSED] - response_searchME_kons = reqid_kons: null

2022-11-25 09:55:51 - [TEST_STEP][PASSED] - response_searchME_spouse = reqid_spouse: null

2022-11-25 09:55:51 - [TEST_STEP][PASSED] - println("kons req id is :" + response_searchME_kons): null

2022-11-25 09:55:51 - [TEST_STEP][PASSED] - println("spouse req id is : " + response_searchME_spouse): null

2022-11-25 09:55:51 - [TEST_STEP][PASSED] - verifyResponseStatusCode(req_data, 200): Verify response status code successfully

2022-11-25 09:55:51 - [MESSAGE][PASSED] - Verify response status code successfully

2022-11-25 09:55:51 - [TEST_STEP][PASSED] - response = req_data.getResponseText(): null

2022-11-25 09:55:51 - [TEST_STEP][PASSED] - logInfo($response): {"status":"Done","data":{"requestid1":"255394","requestid2":"255395"}}

2022-11-25 09:55:51 - [MESSAGE][INFO] - {"status":"Done","data":{"requestid1":"255394","requestid2":"255395"}}

2022-11-25 09:55:51 - [TEST_STEP][PASSED] - delay(5): Delayed 5 second(s)

2022-11-25 09:55:56 - [MESSAGE][PASSED] - Delayed 5 second(s)

2022-11-25 09:55:56 - [TEST_STEP][PASSED] - scoring = sendRequest(findTestObject("EngineScore", ["response_searchME_kons":response_searchME_kons, "response_searchME_spouse":response_searchME_spouse])): Send request successfully

2022-11-25 09:55:56 - [MESSAGE][INFO] - HAR: D:\DMS\Engine Scoring\Reports\20221125_094400\Exclude KKB - DS - Married\Scoring Married - DS\20221125_094402\requests\main\169.har

2022-11-25 09:55:56 - [MESSAGE][PASSED] - Send request successfully

2022-11-25 09:55:56 - [TEST_STEP][PASSED] - verifyResponseStatusCode(scoring, 200): Verify response status code successfully

2022-11-25 09:55:56 - [MESSAGE][PASSED] - Verify response status code successfully

2022-11-25 09:55:56 - [TEST_STEP][PASSED] - response2 = scoring.getResponseText(): null

2022-11-25 09:55:56 - [TEST_STEP][PASSED] - markPassed("result service data ke : " + no): result service data ke : 85

2022-11-25 09:55:56 - [MESSAGE][PASSED] - result service data ke : 85

2022-11-25 09:55:56 - [TEST_STEP][PASSED] - logInfo($response2): {"result_konsumen":"Reject","result_pasangan":"Reguler","Final_result":"Reject","errorMessage":"","status":"Done"}

2022-11-25 09:55:56 - [MESSAGE][INFO] - {"result_konsumen":"Reject","result_pasangan":"Reguler","Final_result":"Reject","errorMessage":"","status":"Done"}

2022-11-25 09:55:56 - [TEST_STEP][PASSED] - verifyElementPropertyValue(scoring, "Final_result", final_result): Verify element property value successfully

2022-11-25 09:55:56 - [MESSAGE][PASSED] - Verify element property value successfully]]></system-out>
         <system-err><![CDATA[]]></system-err>
      </testcase>
      <testcase name="Test Cases/Engine_Scoring/Engine Scoring" time="7.17" classname="Test Cases/Engine_Scoring/Engine Scoring" status="PASSED">
         <system-out><![CDATA[2022-11-25 09:55:56 - [TEST_CASE][PASSED] - Test Cases/Engine_Scoring/Engine Scoring: Test Cases/Engine_Scoring/Engine Scoring

2022-11-25 09:55:57 - [TEST_STEP][PASSED] - markPassed("Variasi data ke : " + no): Variasi data ke : 86

2022-11-25 09:55:57 - [MESSAGE][PASSED] - Variasi data ke : 86

2022-11-25 09:55:57 - [TEST_STEP][PASSED] - req_data = sendRequest(findTestObject("Search_ME", ["MID":MID, "source":source, "ip":ip, "userid":userid, "branch":branch, "tipekons":tipekons, "marital":marital, "penjamin":penjamin, ... ])): Send request successfully

2022-11-25 09:55:58 - [MESSAGE][INFO] - HAR: D:\DMS\Engine Scoring\Reports\20221125_094400\Exclude KKB - DS - Married\Scoring Married - DS\20221125_094402\requests\main\170.har

2022-11-25 09:55:58 - [MESSAGE][PASSED] - Send request successfully

2022-11-25 09:55:58 - [TEST_STEP][PASSED] - slurper = new groovy.json.JsonSlurper(): null

2022-11-25 09:55:58 - [TEST_STEP][PASSED] - result = slurper.parseText(req_data.getResponseBodyContent()): null

2022-11-25 09:55:58 - [TEST_STEP][PASSED] - reqid_kons = requestid1: null

2022-11-25 09:55:58 - [TEST_STEP][PASSED] - reqid_spouse = requestid2: null

2022-11-25 09:55:58 - [TEST_STEP][PASSED] - println("requestid kons : " + reqid_kons): null

2022-11-25 09:55:58 - [TEST_STEP][PASSED] - response_searchME_kons = reqid_kons: null

2022-11-25 09:55:58 - [TEST_STEP][PASSED] - response_searchME_spouse = reqid_spouse: null

2022-11-25 09:55:58 - [TEST_STEP][PASSED] - println("kons req id is :" + response_searchME_kons): null

2022-11-25 09:55:58 - [TEST_STEP][PASSED] - println("spouse req id is : " + response_searchME_spouse): null

2022-11-25 09:55:58 - [TEST_STEP][PASSED] - verifyResponseStatusCode(req_data, 200): Verify response status code successfully

2022-11-25 09:55:58 - [MESSAGE][PASSED] - Verify response status code successfully

2022-11-25 09:55:58 - [TEST_STEP][PASSED] - response = req_data.getResponseText(): null

2022-11-25 09:55:58 - [TEST_STEP][PASSED] - logInfo($response): {"status":"Done","data":{"requestid1":"255397","requestid2":"255398"}}

2022-11-25 09:55:58 - [MESSAGE][INFO] - {"status":"Done","data":{"requestid1":"255397","requestid2":"255398"}}

2022-11-25 09:55:58 - [TEST_STEP][PASSED] - delay(5): Delayed 5 second(s)

2022-11-25 09:56:03 - [MESSAGE][PASSED] - Delayed 5 second(s)

2022-11-25 09:56:03 - [TEST_STEP][PASSED] - scoring = sendRequest(findTestObject("EngineScore", ["response_searchME_kons":response_searchME_kons, "response_searchME_spouse":response_searchME_spouse])): Send request successfully

2022-11-25 09:56:04 - [MESSAGE][INFO] - HAR: D:\DMS\Engine Scoring\Reports\20221125_094400\Exclude KKB - DS - Married\Scoring Married - DS\20221125_094402\requests\main\171.har

2022-11-25 09:56:04 - [MESSAGE][PASSED] - Send request successfully

2022-11-25 09:56:04 - [TEST_STEP][PASSED] - verifyResponseStatusCode(scoring, 200): Verify response status code successfully

2022-11-25 09:56:04 - [MESSAGE][PASSED] - Verify response status code successfully

2022-11-25 09:56:04 - [TEST_STEP][PASSED] - response2 = scoring.getResponseText(): null

2022-11-25 09:56:04 - [TEST_STEP][PASSED] - markPassed("result service data ke : " + no): result service data ke : 86

2022-11-25 09:56:04 - [MESSAGE][PASSED] - result service data ke : 86

2022-11-25 09:56:04 - [TEST_STEP][PASSED] - logInfo($response2): {"result_konsumen":"Reject","result_pasangan":"Reject","Final_result":"Reject","errorMessage":"","status":"Done"}

2022-11-25 09:56:04 - [MESSAGE][INFO] - {"result_konsumen":"Reject","result_pasangan":"Reject","Final_result":"Reject","errorMessage":"","status":"Done"}

2022-11-25 09:56:04 - [TEST_STEP][PASSED] - verifyElementPropertyValue(scoring, "Final_result", final_result): Verify element property value successfully

2022-11-25 09:56:04 - [MESSAGE][PASSED] - Verify element property value successfully]]></system-out>
         <system-err><![CDATA[]]></system-err>
      </testcase>
      <testcase name="Test Cases/Engine_Scoring/Engine Scoring" time="6.963" classname="Test Cases/Engine_Scoring/Engine Scoring" status="PASSED">
         <system-out><![CDATA[2022-11-25 09:56:04 - [TEST_CASE][PASSED] - Test Cases/Engine_Scoring/Engine Scoring: Test Cases/Engine_Scoring/Engine Scoring

2022-11-25 09:56:05 - [TEST_STEP][PASSED] - markPassed("Variasi data ke : " + no): Variasi data ke : 87

2022-11-25 09:56:05 - [MESSAGE][PASSED] - Variasi data ke : 87

2022-11-25 09:56:05 - [TEST_STEP][PASSED] - req_data = sendRequest(findTestObject("Search_ME", ["MID":MID, "source":source, "ip":ip, "userid":userid, "branch":branch, "tipekons":tipekons, "marital":marital, "penjamin":penjamin, ... ])): Send request successfully

2022-11-25 09:56:06 - [MESSAGE][INFO] - HAR: D:\DMS\Engine Scoring\Reports\20221125_094400\Exclude KKB - DS - Married\Scoring Married - DS\20221125_094402\requests\main\172.har

2022-11-25 09:56:06 - [MESSAGE][PASSED] - Send request successfully

2022-11-25 09:56:06 - [TEST_STEP][PASSED] - slurper = new groovy.json.JsonSlurper(): null

2022-11-25 09:56:06 - [TEST_STEP][PASSED] - result = slurper.parseText(req_data.getResponseBodyContent()): null

2022-11-25 09:56:06 - [TEST_STEP][PASSED] - reqid_kons = requestid1: null

2022-11-25 09:56:06 - [TEST_STEP][PASSED] - reqid_spouse = requestid2: null

2022-11-25 09:56:06 - [TEST_STEP][PASSED] - println("requestid kons : " + reqid_kons): null

2022-11-25 09:56:06 - [TEST_STEP][PASSED] - response_searchME_kons = reqid_kons: null

2022-11-25 09:56:06 - [TEST_STEP][PASSED] - response_searchME_spouse = reqid_spouse: null

2022-11-25 09:56:06 - [TEST_STEP][PASSED] - println("kons req id is :" + response_searchME_kons): null

2022-11-25 09:56:06 - [TEST_STEP][PASSED] - println("spouse req id is : " + response_searchME_spouse): null

2022-11-25 09:56:06 - [TEST_STEP][PASSED] - verifyResponseStatusCode(req_data, 200): Verify response status code successfully

2022-11-25 09:56:06 - [MESSAGE][PASSED] - Verify response status code successfully

2022-11-25 09:56:06 - [TEST_STEP][PASSED] - response = req_data.getResponseText(): null

2022-11-25 09:56:06 - [TEST_STEP][PASSED] - logInfo($response): {"status":"Done","data":{"requestid1":"255400","requestid2":"255401"}}

2022-11-25 09:56:06 - [MESSAGE][INFO] - {"status":"Done","data":{"requestid1":"255400","requestid2":"255401"}}

2022-11-25 09:56:06 - [TEST_STEP][PASSED] - delay(5): Delayed 5 second(s)

2022-11-25 09:56:11 - [MESSAGE][PASSED] - Delayed 5 second(s)

2022-11-25 09:56:11 - [TEST_STEP][PASSED] - scoring = sendRequest(findTestObject("EngineScore", ["response_searchME_kons":response_searchME_kons, "response_searchME_spouse":response_searchME_spouse])): Send request successfully

2022-11-25 09:56:11 - [MESSAGE][INFO] - HAR: D:\DMS\Engine Scoring\Reports\20221125_094400\Exclude KKB - DS - Married\Scoring Married - DS\20221125_094402\requests\main\173.har

2022-11-25 09:56:11 - [MESSAGE][PASSED] - Send request successfully

2022-11-25 09:56:11 - [TEST_STEP][PASSED] - verifyResponseStatusCode(scoring, 200): Verify response status code successfully

2022-11-25 09:56:11 - [MESSAGE][PASSED] - Verify response status code successfully

2022-11-25 09:56:11 - [TEST_STEP][PASSED] - response2 = scoring.getResponseText(): null

2022-11-25 09:56:11 - [TEST_STEP][PASSED] - markPassed("result service data ke : " + no): result service data ke : 87

2022-11-25 09:56:11 - [MESSAGE][PASSED] - result service data ke : 87

2022-11-25 09:56:11 - [TEST_STEP][PASSED] - logInfo($response2): {"result_konsumen":"Reject","result_pasangan":"Reject","Final_result":"Reject","errorMessage":"","status":"Done"}

2022-11-25 09:56:11 - [MESSAGE][INFO] - {"result_konsumen":"Reject","result_pasangan":"Reject","Final_result":"Reject","errorMessage":"","status":"Done"}

2022-11-25 09:56:11 - [TEST_STEP][PASSED] - verifyElementPropertyValue(scoring, "Final_result", final_result): Verify element property value successfully

2022-11-25 09:56:11 - [MESSAGE][PASSED] - Verify element property value successfully]]></system-out>
         <system-err><![CDATA[]]></system-err>
      </testcase>
      <testcase name="Test Cases/Engine_Scoring/Engine Scoring" time="7.138" classname="Test Cases/Engine_Scoring/Engine Scoring" status="PASSED">
         <system-out><![CDATA[2022-11-25 09:56:11 - [TEST_CASE][PASSED] - Test Cases/Engine_Scoring/Engine Scoring: Test Cases/Engine_Scoring/Engine Scoring

2022-11-25 09:56:12 - [TEST_STEP][PASSED] - markPassed("Variasi data ke : " + no): Variasi data ke : 88

2022-11-25 09:56:12 - [MESSAGE][PASSED] - Variasi data ke : 88

2022-11-25 09:56:12 - [TEST_STEP][PASSED] - req_data = sendRequest(findTestObject("Search_ME", ["MID":MID, "source":source, "ip":ip, "userid":userid, "branch":branch, "tipekons":tipekons, "marital":marital, "penjamin":penjamin, ... ])): Send request successfully

2022-11-25 09:56:13 - [MESSAGE][INFO] - HAR: D:\DMS\Engine Scoring\Reports\20221125_094400\Exclude KKB - DS - Married\Scoring Married - DS\20221125_094402\requests\main\174.har

2022-11-25 09:56:13 - [MESSAGE][PASSED] - Send request successfully

2022-11-25 09:56:13 - [TEST_STEP][PASSED] - slurper = new groovy.json.JsonSlurper(): null

2022-11-25 09:56:13 - [TEST_STEP][PASSED] - result = slurper.parseText(req_data.getResponseBodyContent()): null

2022-11-25 09:56:13 - [TEST_STEP][PASSED] - reqid_kons = requestid1: null

2022-11-25 09:56:13 - [TEST_STEP][PASSED] - reqid_spouse = requestid2: null

2022-11-25 09:56:13 - [TEST_STEP][PASSED] - println("requestid kons : " + reqid_kons): null

2022-11-25 09:56:13 - [TEST_STEP][PASSED] - response_searchME_kons = reqid_kons: null

2022-11-25 09:56:13 - [TEST_STEP][PASSED] - response_searchME_spouse = reqid_spouse: null

2022-11-25 09:56:13 - [TEST_STEP][PASSED] - println("kons req id is :" + response_searchME_kons): null

2022-11-25 09:56:13 - [TEST_STEP][PASSED] - println("spouse req id is : " + response_searchME_spouse): null

2022-11-25 09:56:13 - [TEST_STEP][PASSED] - verifyResponseStatusCode(req_data, 200): Verify response status code successfully

2022-11-25 09:56:13 - [MESSAGE][PASSED] - Verify response status code successfully

2022-11-25 09:56:13 - [TEST_STEP][PASSED] - response = req_data.getResponseText(): null

2022-11-25 09:56:13 - [TEST_STEP][PASSED] - logInfo($response): {"status":"Done","data":{"requestid1":"255403","requestid2":"255404"}}

2022-11-25 09:56:13 - [MESSAGE][INFO] - {"status":"Done","data":{"requestid1":"255403","requestid2":"255404"}}

2022-11-25 09:56:13 - [TEST_STEP][PASSED] - delay(5): Delayed 5 second(s)

2022-11-25 09:56:18 - [MESSAGE][PASSED] - Delayed 5 second(s)

2022-11-25 09:56:18 - [TEST_STEP][PASSED] - scoring = sendRequest(findTestObject("EngineScore", ["response_searchME_kons":response_searchME_kons, "response_searchME_spouse":response_searchME_spouse])): Send request successfully

2022-11-25 09:56:18 - [MESSAGE][INFO] - HAR: D:\DMS\Engine Scoring\Reports\20221125_094400\Exclude KKB - DS - Married\Scoring Married - DS\20221125_094402\requests\main\175.har

2022-11-25 09:56:18 - [MESSAGE][PASSED] - Send request successfully

2022-11-25 09:56:18 - [TEST_STEP][PASSED] - verifyResponseStatusCode(scoring, 200): Verify response status code successfully

2022-11-25 09:56:18 - [MESSAGE][PASSED] - Verify response status code successfully

2022-11-25 09:56:18 - [TEST_STEP][PASSED] - response2 = scoring.getResponseText(): null

2022-11-25 09:56:18 - [TEST_STEP][PASSED] - markPassed("result service data ke : " + no): result service data ke : 88

2022-11-25 09:56:18 - [MESSAGE][PASSED] - result service data ke : 88

2022-11-25 09:56:18 - [TEST_STEP][PASSED] - logInfo($response2): {"result_konsumen":"Reject","result_pasangan":"Reguler","Final_result":"Reject","errorMessage":"","status":"Done"}

2022-11-25 09:56:18 - [MESSAGE][INFO] - {"result_konsumen":"Reject","result_pasangan":"Reguler","Final_result":"Reject","errorMessage":"","status":"Done"}

2022-11-25 09:56:18 - [TEST_STEP][PASSED] - verifyElementPropertyValue(scoring, "Final_result", final_result): Verify element property value successfully

2022-11-25 09:56:18 - [MESSAGE][PASSED] - Verify element property value successfully]]></system-out>
         <system-err><![CDATA[]]></system-err>
      </testcase>
      <testcase name="Test Cases/Engine_Scoring/Engine Scoring" time="10.841" classname="Test Cases/Engine_Scoring/Engine Scoring" status="PASSED">
         <system-out><![CDATA[2022-11-25 09:56:18 - [TEST_CASE][PASSED] - Test Cases/Engine_Scoring/Engine Scoring: Test Cases/Engine_Scoring/Engine Scoring

2022-11-25 09:56:19 - [TEST_STEP][PASSED] - markPassed("Variasi data ke : " + no): Variasi data ke : 89

2022-11-25 09:56:19 - [MESSAGE][PASSED] - Variasi data ke : 89

2022-11-25 09:56:19 - [TEST_STEP][PASSED] - req_data = sendRequest(findTestObject("Search_ME", ["MID":MID, "source":source, "ip":ip, "userid":userid, "branch":branch, "tipekons":tipekons, "marital":marital, "penjamin":penjamin, ... ])): Send request successfully

2022-11-25 09:56:24 - [MESSAGE][INFO] - HAR: D:\DMS\Engine Scoring\Reports\20221125_094400\Exclude KKB - DS - Married\Scoring Married - DS\20221125_094402\requests\main\176.har

2022-11-25 09:56:24 - [MESSAGE][PASSED] - Send request successfully

2022-11-25 09:56:24 - [TEST_STEP][PASSED] - slurper = new groovy.json.JsonSlurper(): null

2022-11-25 09:56:24 - [TEST_STEP][PASSED] - result = slurper.parseText(req_data.getResponseBodyContent()): null

2022-11-25 09:56:24 - [TEST_STEP][PASSED] - reqid_kons = requestid1: null

2022-11-25 09:56:24 - [TEST_STEP][PASSED] - reqid_spouse = requestid2: null

2022-11-25 09:56:24 - [TEST_STEP][PASSED] - println("requestid kons : " + reqid_kons): null

2022-11-25 09:56:24 - [TEST_STEP][PASSED] - response_searchME_kons = reqid_kons: null

2022-11-25 09:56:24 - [TEST_STEP][PASSED] - response_searchME_spouse = reqid_spouse: null

2022-11-25 09:56:24 - [TEST_STEP][PASSED] - println("kons req id is :" + response_searchME_kons): null

2022-11-25 09:56:24 - [TEST_STEP][PASSED] - println("spouse req id is : " + response_searchME_spouse): null

2022-11-25 09:56:24 - [TEST_STEP][PASSED] - verifyResponseStatusCode(req_data, 200): Verify response status code successfully

2022-11-25 09:56:24 - [MESSAGE][PASSED] - Verify response status code successfully

2022-11-25 09:56:24 - [TEST_STEP][PASSED] - response = req_data.getResponseText(): null

2022-11-25 09:56:24 - [TEST_STEP][PASSED] - logInfo($response): {"status":"Done","data":{"requestid1":"255407","requestid2":"255408"}}

2022-11-25 09:56:24 - [MESSAGE][INFO] - {"status":"Done","data":{"requestid1":"255407","requestid2":"255408"}}

2022-11-25 09:56:24 - [TEST_STEP][PASSED] - delay(5): Delayed 5 second(s)

2022-11-25 09:56:29 - [MESSAGE][PASSED] - Delayed 5 second(s)

2022-11-25 09:56:29 - [TEST_STEP][PASSED] - scoring = sendRequest(findTestObject("EngineScore", ["response_searchME_kons":response_searchME_kons, "response_searchME_spouse":response_searchME_spouse])): Send request successfully

2022-11-25 09:56:29 - [MESSAGE][INFO] - HAR: D:\DMS\Engine Scoring\Reports\20221125_094400\Exclude KKB - DS - Married\Scoring Married - DS\20221125_094402\requests\main\177.har

2022-11-25 09:56:29 - [MESSAGE][PASSED] - Send request successfully

2022-11-25 09:56:29 - [TEST_STEP][PASSED] - verifyResponseStatusCode(scoring, 200): Verify response status code successfully

2022-11-25 09:56:29 - [MESSAGE][PASSED] - Verify response status code successfully

2022-11-25 09:56:29 - [TEST_STEP][PASSED] - response2 = scoring.getResponseText(): null

2022-11-25 09:56:29 - [TEST_STEP][PASSED] - markPassed("result service data ke : " + no): result service data ke : 89

2022-11-25 09:56:29 - [MESSAGE][PASSED] - result service data ke : 89

2022-11-25 09:56:29 - [TEST_STEP][PASSED] - logInfo($response2): {"result_konsumen":"Reject","result_pasangan":"Reguler","Final_result":"Reject","errorMessage":"","status":"Done"}

2022-11-25 09:56:29 - [MESSAGE][INFO] - {"result_konsumen":"Reject","result_pasangan":"Reguler","Final_result":"Reject","errorMessage":"","status":"Done"}

2022-11-25 09:56:29 - [TEST_STEP][PASSED] - verifyElementPropertyValue(scoring, "Final_result", final_result): Verify element property value successfully

2022-11-25 09:56:29 - [MESSAGE][PASSED] - Verify element property value successfully]]></system-out>
         <system-err><![CDATA[]]></system-err>
      </testcase>
      <testcase name="Test Cases/Engine_Scoring/Engine Scoring" time="6.926" classname="Test Cases/Engine_Scoring/Engine Scoring" status="PASSED">
         <system-out><![CDATA[2022-11-25 09:56:29 - [TEST_CASE][PASSED] - Test Cases/Engine_Scoring/Engine Scoring: Test Cases/Engine_Scoring/Engine Scoring

2022-11-25 09:56:30 - [TEST_STEP][PASSED] - markPassed("Variasi data ke : " + no): Variasi data ke : 90

2022-11-25 09:56:30 - [MESSAGE][PASSED] - Variasi data ke : 90

2022-11-25 09:56:30 - [TEST_STEP][PASSED] - req_data = sendRequest(findTestObject("Search_ME", ["MID":MID, "source":source, "ip":ip, "userid":userid, "branch":branch, "tipekons":tipekons, "marital":marital, "penjamin":penjamin, ... ])): Send request successfully

2022-11-25 09:56:31 - [MESSAGE][INFO] - HAR: D:\DMS\Engine Scoring\Reports\20221125_094400\Exclude KKB - DS - Married\Scoring Married - DS\20221125_094402\requests\main\178.har

2022-11-25 09:56:31 - [MESSAGE][PASSED] - Send request successfully

2022-11-25 09:56:31 - [TEST_STEP][PASSED] - slurper = new groovy.json.JsonSlurper(): null

2022-11-25 09:56:31 - [TEST_STEP][PASSED] - result = slurper.parseText(req_data.getResponseBodyContent()): null

2022-11-25 09:56:31 - [TEST_STEP][PASSED] - reqid_kons = requestid1: null

2022-11-25 09:56:31 - [TEST_STEP][PASSED] - reqid_spouse = requestid2: null

2022-11-25 09:56:31 - [TEST_STEP][PASSED] - println("requestid kons : " + reqid_kons): null

2022-11-25 09:56:31 - [TEST_STEP][PASSED] - response_searchME_kons = reqid_kons: null

2022-11-25 09:56:31 - [TEST_STEP][PASSED] - response_searchME_spouse = reqid_spouse: null

2022-11-25 09:56:31 - [TEST_STEP][PASSED] - println("kons req id is :" + response_searchME_kons): null

2022-11-25 09:56:31 - [TEST_STEP][PASSED] - println("spouse req id is : " + response_searchME_spouse): null

2022-11-25 09:56:31 - [TEST_STEP][PASSED] - verifyResponseStatusCode(req_data, 200): Verify response status code successfully

2022-11-25 09:56:31 - [MESSAGE][PASSED] - Verify response status code successfully

2022-11-25 09:56:31 - [TEST_STEP][PASSED] - response = req_data.getResponseText(): null

2022-11-25 09:56:31 - [TEST_STEP][PASSED] - logInfo($response): {"status":"Done","data":{"requestid1":"255410","requestid2":"255411"}}

2022-11-25 09:56:31 - [MESSAGE][INFO] - {"status":"Done","data":{"requestid1":"255410","requestid2":"255411"}}

2022-11-25 09:56:31 - [TEST_STEP][PASSED] - delay(5): Delayed 5 second(s)

2022-11-25 09:56:36 - [MESSAGE][PASSED] - Delayed 5 second(s)

2022-11-25 09:56:36 - [TEST_STEP][PASSED] - scoring = sendRequest(findTestObject("EngineScore", ["response_searchME_kons":response_searchME_kons, "response_searchME_spouse":response_searchME_spouse])): Send request successfully

2022-11-25 09:56:36 - [MESSAGE][INFO] - HAR: D:\DMS\Engine Scoring\Reports\20221125_094400\Exclude KKB - DS - Married\Scoring Married - DS\20221125_094402\requests\main\179.har

2022-11-25 09:56:36 - [MESSAGE][PASSED] - Send request successfully

2022-11-25 09:56:36 - [TEST_STEP][PASSED] - verifyResponseStatusCode(scoring, 200): Verify response status code successfully

2022-11-25 09:56:36 - [MESSAGE][PASSED] - Verify response status code successfully

2022-11-25 09:56:36 - [TEST_STEP][PASSED] - response2 = scoring.getResponseText(): null

2022-11-25 09:56:36 - [TEST_STEP][PASSED] - markPassed("result service data ke : " + no): result service data ke : 90

2022-11-25 09:56:36 - [MESSAGE][PASSED] - result service data ke : 90

2022-11-25 09:56:36 - [TEST_STEP][PASSED] - logInfo($response2): {"result_konsumen":"Reject","result_pasangan":"Reguler","Final_result":"Reject","errorMessage":"","status":"Done"}

2022-11-25 09:56:36 - [MESSAGE][INFO] - {"result_konsumen":"Reject","result_pasangan":"Reguler","Final_result":"Reject","errorMessage":"","status":"Done"}

2022-11-25 09:56:36 - [TEST_STEP][PASSED] - verifyElementPropertyValue(scoring, "Final_result", final_result): Verify element property value successfully

2022-11-25 09:56:36 - [MESSAGE][PASSED] - Verify element property value successfully]]></system-out>
         <system-err><![CDATA[]]></system-err>
      </testcase>
      <testcase name="Test Cases/Engine_Scoring/Engine Scoring" time="7.16" classname="Test Cases/Engine_Scoring/Engine Scoring" status="PASSED">
         <system-out><![CDATA[2022-11-25 09:56:36 - [TEST_CASE][PASSED] - Test Cases/Engine_Scoring/Engine Scoring: Test Cases/Engine_Scoring/Engine Scoring

2022-11-25 09:56:37 - [TEST_STEP][PASSED] - markPassed("Variasi data ke : " + no): Variasi data ke : 91

2022-11-25 09:56:37 - [MESSAGE][PASSED] - Variasi data ke : 91

2022-11-25 09:56:37 - [TEST_STEP][PASSED] - req_data = sendRequest(findTestObject("Search_ME", ["MID":MID, "source":source, "ip":ip, "userid":userid, "branch":branch, "tipekons":tipekons, "marital":marital, "penjamin":penjamin, ... ])): Send request successfully

2022-11-25 09:56:38 - [MESSAGE][INFO] - HAR: D:\DMS\Engine Scoring\Reports\20221125_094400\Exclude KKB - DS - Married\Scoring Married - DS\20221125_094402\requests\main\180.har

2022-11-25 09:56:38 - [MESSAGE][PASSED] - Send request successfully

2022-11-25 09:56:38 - [TEST_STEP][PASSED] - slurper = new groovy.json.JsonSlurper(): null

2022-11-25 09:56:38 - [TEST_STEP][PASSED] - result = slurper.parseText(req_data.getResponseBodyContent()): null

2022-11-25 09:56:38 - [TEST_STEP][PASSED] - reqid_kons = requestid1: null

2022-11-25 09:56:38 - [TEST_STEP][PASSED] - reqid_spouse = requestid2: null

2022-11-25 09:56:38 - [TEST_STEP][PASSED] - println("requestid kons : " + reqid_kons): null

2022-11-25 09:56:38 - [TEST_STEP][PASSED] - response_searchME_kons = reqid_kons: null

2022-11-25 09:56:38 - [TEST_STEP][PASSED] - response_searchME_spouse = reqid_spouse: null

2022-11-25 09:56:38 - [TEST_STEP][PASSED] - println("kons req id is :" + response_searchME_kons): null

2022-11-25 09:56:38 - [TEST_STEP][PASSED] - println("spouse req id is : " + response_searchME_spouse): null

2022-11-25 09:56:38 - [TEST_STEP][PASSED] - verifyResponseStatusCode(req_data, 200): Verify response status code successfully

2022-11-25 09:56:38 - [MESSAGE][PASSED] - Verify response status code successfully

2022-11-25 09:56:38 - [TEST_STEP][PASSED] - response = req_data.getResponseText(): null

2022-11-25 09:56:38 - [TEST_STEP][PASSED] - logInfo($response): {"status":"Done","data":{"requestid1":"255413","requestid2":"255414"}}

2022-11-25 09:56:38 - [MESSAGE][INFO] - {"status":"Done","data":{"requestid1":"255413","requestid2":"255414"}}

2022-11-25 09:56:38 - [TEST_STEP][PASSED] - delay(5): Delayed 5 second(s)

2022-11-25 09:56:43 - [MESSAGE][PASSED] - Delayed 5 second(s)

2022-11-25 09:56:43 - [TEST_STEP][PASSED] - scoring = sendRequest(findTestObject("EngineScore", ["response_searchME_kons":response_searchME_kons, "response_searchME_spouse":response_searchME_spouse])): Send request successfully

2022-11-25 09:56:43 - [MESSAGE][INFO] - HAR: D:\DMS\Engine Scoring\Reports\20221125_094400\Exclude KKB - DS - Married\Scoring Married - DS\20221125_094402\requests\main\181.har

2022-11-25 09:56:43 - [MESSAGE][PASSED] - Send request successfully

2022-11-25 09:56:43 - [TEST_STEP][PASSED] - verifyResponseStatusCode(scoring, 200): Verify response status code successfully

2022-11-25 09:56:43 - [MESSAGE][PASSED] - Verify response status code successfully

2022-11-25 09:56:43 - [TEST_STEP][PASSED] - response2 = scoring.getResponseText(): null

2022-11-25 09:56:43 - [TEST_STEP][PASSED] - markPassed("result service data ke : " + no): result service data ke : 91

2022-11-25 09:56:43 - [MESSAGE][PASSED] - result service data ke : 91

2022-11-25 09:56:43 - [TEST_STEP][PASSED] - logInfo($response2): {"result_konsumen":"Reguler","result_pasangan":"Approve","Final_result":"Reguler","errorMessage":"","status":"Done"}

2022-11-25 09:56:43 - [MESSAGE][INFO] - {"result_konsumen":"Reguler","result_pasangan":"Approve","Final_result":"Reguler","errorMessage":"","status":"Done"}

2022-11-25 09:56:43 - [TEST_STEP][PASSED] - verifyElementPropertyValue(scoring, "Final_result", final_result): Verify element property value successfully

2022-11-25 09:56:43 - [MESSAGE][PASSED] - Verify element property value successfully]]></system-out>
         <system-err><![CDATA[]]></system-err>
      </testcase>
      <testcase name="Test Cases/Engine_Scoring/Engine Scoring" time="7.124" classname="Test Cases/Engine_Scoring/Engine Scoring" status="PASSED">
         <system-out><![CDATA[2022-11-25 09:56:43 - [TEST_CASE][PASSED] - Test Cases/Engine_Scoring/Engine Scoring: Test Cases/Engine_Scoring/Engine Scoring

2022-11-25 09:56:44 - [TEST_STEP][PASSED] - markPassed("Variasi data ke : " + no): Variasi data ke : 92

2022-11-25 09:56:44 - [MESSAGE][PASSED] - Variasi data ke : 92

2022-11-25 09:56:44 - [TEST_STEP][PASSED] - req_data = sendRequest(findTestObject("Search_ME", ["MID":MID, "source":source, "ip":ip, "userid":userid, "branch":branch, "tipekons":tipekons, "marital":marital, "penjamin":penjamin, ... ])): Send request successfully

2022-11-25 09:56:45 - [MESSAGE][INFO] - HAR: D:\DMS\Engine Scoring\Reports\20221125_094400\Exclude KKB - DS - Married\Scoring Married - DS\20221125_094402\requests\main\182.har

2022-11-25 09:56:45 - [MESSAGE][PASSED] - Send request successfully

2022-11-25 09:56:45 - [TEST_STEP][PASSED] - slurper = new groovy.json.JsonSlurper(): null

2022-11-25 09:56:45 - [TEST_STEP][PASSED] - result = slurper.parseText(req_data.getResponseBodyContent()): null

2022-11-25 09:56:45 - [TEST_STEP][PASSED] - reqid_kons = requestid1: null

2022-11-25 09:56:45 - [TEST_STEP][PASSED] - reqid_spouse = requestid2: null

2022-11-25 09:56:45 - [TEST_STEP][PASSED] - println("requestid kons : " + reqid_kons): null

2022-11-25 09:56:45 - [TEST_STEP][PASSED] - response_searchME_kons = reqid_kons: null

2022-11-25 09:56:45 - [TEST_STEP][PASSED] - response_searchME_spouse = reqid_spouse: null

2022-11-25 09:56:45 - [TEST_STEP][PASSED] - println("kons req id is :" + response_searchME_kons): null

2022-11-25 09:56:45 - [TEST_STEP][PASSED] - println("spouse req id is : " + response_searchME_spouse): null

2022-11-25 09:56:45 - [TEST_STEP][PASSED] - verifyResponseStatusCode(req_data, 200): Verify response status code successfully

2022-11-25 09:56:45 - [MESSAGE][PASSED] - Verify response status code successfully

2022-11-25 09:56:45 - [TEST_STEP][PASSED] - response = req_data.getResponseText(): null

2022-11-25 09:56:45 - [TEST_STEP][PASSED] - logInfo($response): {"status":"Done","data":{"requestid1":"255416","requestid2":"255417"}}

2022-11-25 09:56:45 - [MESSAGE][INFO] - {"status":"Done","data":{"requestid1":"255416","requestid2":"255417"}}

2022-11-25 09:56:45 - [TEST_STEP][PASSED] - delay(5): Delayed 5 second(s)

2022-11-25 09:56:50 - [MESSAGE][PASSED] - Delayed 5 second(s)

2022-11-25 09:56:50 - [TEST_STEP][PASSED] - scoring = sendRequest(findTestObject("EngineScore", ["response_searchME_kons":response_searchME_kons, "response_searchME_spouse":response_searchME_spouse])): Send request successfully

2022-11-25 09:56:50 - [MESSAGE][INFO] - HAR: D:\DMS\Engine Scoring\Reports\20221125_094400\Exclude KKB - DS - Married\Scoring Married - DS\20221125_094402\requests\main\183.har

2022-11-25 09:56:50 - [MESSAGE][PASSED] - Send request successfully

2022-11-25 09:56:50 - [TEST_STEP][PASSED] - verifyResponseStatusCode(scoring, 200): Verify response status code successfully

2022-11-25 09:56:50 - [MESSAGE][PASSED] - Verify response status code successfully

2022-11-25 09:56:50 - [TEST_STEP][PASSED] - response2 = scoring.getResponseText(): null

2022-11-25 09:56:50 - [TEST_STEP][PASSED] - markPassed("result service data ke : " + no): result service data ke : 92

2022-11-25 09:56:50 - [MESSAGE][PASSED] - result service data ke : 92

2022-11-25 09:56:50 - [TEST_STEP][PASSED] - logInfo($response2): {"result_konsumen":"Reguler","result_pasangan":"Approve","Final_result":"Reguler","errorMessage":"","status":"Done"}

2022-11-25 09:56:50 - [MESSAGE][INFO] - {"result_konsumen":"Reguler","result_pasangan":"Approve","Final_result":"Reguler","errorMessage":"","status":"Done"}

2022-11-25 09:56:50 - [TEST_STEP][PASSED] - verifyElementPropertyValue(scoring, "Final_result", final_result): Verify element property value successfully

2022-11-25 09:56:50 - [MESSAGE][PASSED] - Verify element property value successfully]]></system-out>
         <system-err><![CDATA[]]></system-err>
      </testcase>
      <testcase name="Test Cases/Engine_Scoring/Engine Scoring" time="7.536" classname="Test Cases/Engine_Scoring/Engine Scoring" status="PASSED">
         <system-out><![CDATA[2022-11-25 09:56:51 - [TEST_CASE][PASSED] - Test Cases/Engine_Scoring/Engine Scoring: Test Cases/Engine_Scoring/Engine Scoring

2022-11-25 09:56:52 - [TEST_STEP][PASSED] - markPassed("Variasi data ke : " + no): Variasi data ke : 93

2022-11-25 09:56:52 - [MESSAGE][PASSED] - Variasi data ke : 93

2022-11-25 09:56:52 - [TEST_STEP][PASSED] - req_data = sendRequest(findTestObject("Search_ME", ["MID":MID, "source":source, "ip":ip, "userid":userid, "branch":branch, "tipekons":tipekons, "marital":marital, "penjamin":penjamin, ... ])): Send request successfully

2022-11-25 09:56:53 - [MESSAGE][INFO] - HAR: D:\DMS\Engine Scoring\Reports\20221125_094400\Exclude KKB - DS - Married\Scoring Married - DS\20221125_094402\requests\main\184.har

2022-11-25 09:56:53 - [MESSAGE][PASSED] - Send request successfully

2022-11-25 09:56:53 - [TEST_STEP][PASSED] - slurper = new groovy.json.JsonSlurper(): null

2022-11-25 09:56:53 - [TEST_STEP][PASSED] - result = slurper.parseText(req_data.getResponseBodyContent()): null

2022-11-25 09:56:53 - [TEST_STEP][PASSED] - reqid_kons = requestid1: null

2022-11-25 09:56:53 - [TEST_STEP][PASSED] - reqid_spouse = requestid2: null

2022-11-25 09:56:53 - [TEST_STEP][PASSED] - println("requestid kons : " + reqid_kons): null

2022-11-25 09:56:53 - [TEST_STEP][PASSED] - response_searchME_kons = reqid_kons: null

2022-11-25 09:56:53 - [TEST_STEP][PASSED] - response_searchME_spouse = reqid_spouse: null

2022-11-25 09:56:53 - [TEST_STEP][PASSED] - println("kons req id is :" + response_searchME_kons): null

2022-11-25 09:56:53 - [TEST_STEP][PASSED] - println("spouse req id is : " + response_searchME_spouse): null

2022-11-25 09:56:53 - [TEST_STEP][PASSED] - verifyResponseStatusCode(req_data, 200): Verify response status code successfully

2022-11-25 09:56:53 - [MESSAGE][PASSED] - Verify response status code successfully

2022-11-25 09:56:53 - [TEST_STEP][PASSED] - response = req_data.getResponseText(): null

2022-11-25 09:56:53 - [TEST_STEP][PASSED] - logInfo($response): {"status":"Done","data":{"requestid1":"255419","requestid2":"255420"}}

2022-11-25 09:56:53 - [MESSAGE][INFO] - {"status":"Done","data":{"requestid1":"255419","requestid2":"255420"}}

2022-11-25 09:56:53 - [TEST_STEP][PASSED] - delay(5): Delayed 5 second(s)

2022-11-25 09:56:58 - [MESSAGE][PASSED] - Delayed 5 second(s)

2022-11-25 09:56:58 - [TEST_STEP][PASSED] - scoring = sendRequest(findTestObject("EngineScore", ["response_searchME_kons":response_searchME_kons, "response_searchME_spouse":response_searchME_spouse])): Send request successfully

2022-11-25 09:56:58 - [MESSAGE][INFO] - HAR: D:\DMS\Engine Scoring\Reports\20221125_094400\Exclude KKB - DS - Married\Scoring Married - DS\20221125_094402\requests\main\185.har

2022-11-25 09:56:58 - [MESSAGE][PASSED] - Send request successfully

2022-11-25 09:56:58 - [TEST_STEP][PASSED] - verifyResponseStatusCode(scoring, 200): Verify response status code successfully

2022-11-25 09:56:58 - [MESSAGE][PASSED] - Verify response status code successfully

2022-11-25 09:56:58 - [TEST_STEP][PASSED] - response2 = scoring.getResponseText(): null

2022-11-25 09:56:58 - [TEST_STEP][PASSED] - markPassed("result service data ke : " + no): result service data ke : 93

2022-11-25 09:56:58 - [MESSAGE][PASSED] - result service data ke : 93

2022-11-25 09:56:58 - [TEST_STEP][PASSED] - logInfo($response2): {"result_konsumen":"Reguler","result_pasangan":"Approve","Final_result":"Reguler","errorMessage":"","status":"Done"}

2022-11-25 09:56:58 - [MESSAGE][INFO] - {"result_konsumen":"Reguler","result_pasangan":"Approve","Final_result":"Reguler","errorMessage":"","status":"Done"}

2022-11-25 09:56:58 - [TEST_STEP][PASSED] - verifyElementPropertyValue(scoring, "Final_result", final_result): Verify element property value successfully

2022-11-25 09:56:58 - [MESSAGE][PASSED] - Verify element property value successfully]]></system-out>
         <system-err><![CDATA[]]></system-err>
      </testcase>
      <testcase name="Test Cases/Engine_Scoring/Engine Scoring" time="7.273" classname="Test Cases/Engine_Scoring/Engine Scoring" status="PASSED">
         <system-out><![CDATA[2022-11-25 09:56:58 - [TEST_CASE][PASSED] - Test Cases/Engine_Scoring/Engine Scoring: Test Cases/Engine_Scoring/Engine Scoring

2022-11-25 09:56:59 - [TEST_STEP][PASSED] - markPassed("Variasi data ke : " + no): Variasi data ke : 94

2022-11-25 09:56:59 - [MESSAGE][PASSED] - Variasi data ke : 94

2022-11-25 09:56:59 - [TEST_STEP][PASSED] - req_data = sendRequest(findTestObject("Search_ME", ["MID":MID, "source":source, "ip":ip, "userid":userid, "branch":branch, "tipekons":tipekons, "marital":marital, "penjamin":penjamin, ... ])): Send request successfully

2022-11-25 09:57:00 - [MESSAGE][INFO] - HAR: D:\DMS\Engine Scoring\Reports\20221125_094400\Exclude KKB - DS - Married\Scoring Married - DS\20221125_094402\requests\main\186.har

2022-11-25 09:57:00 - [MESSAGE][PASSED] - Send request successfully

2022-11-25 09:57:00 - [TEST_STEP][PASSED] - slurper = new groovy.json.JsonSlurper(): null

2022-11-25 09:57:00 - [TEST_STEP][PASSED] - result = slurper.parseText(req_data.getResponseBodyContent()): null

2022-11-25 09:57:00 - [TEST_STEP][PASSED] - reqid_kons = requestid1: null

2022-11-25 09:57:00 - [TEST_STEP][PASSED] - reqid_spouse = requestid2: null

2022-11-25 09:57:00 - [TEST_STEP][PASSED] - println("requestid kons : " + reqid_kons): null

2022-11-25 09:57:00 - [TEST_STEP][PASSED] - response_searchME_kons = reqid_kons: null

2022-11-25 09:57:00 - [TEST_STEP][PASSED] - response_searchME_spouse = reqid_spouse: null

2022-11-25 09:57:00 - [TEST_STEP][PASSED] - println("kons req id is :" + response_searchME_kons): null

2022-11-25 09:57:00 - [TEST_STEP][PASSED] - println("spouse req id is : " + response_searchME_spouse): null

2022-11-25 09:57:00 - [TEST_STEP][PASSED] - verifyResponseStatusCode(req_data, 200): Verify response status code successfully

2022-11-25 09:57:00 - [MESSAGE][PASSED] - Verify response status code successfully

2022-11-25 09:57:00 - [TEST_STEP][PASSED] - response = req_data.getResponseText(): null

2022-11-25 09:57:00 - [TEST_STEP][PASSED] - logInfo($response): {"status":"Done","data":{"requestid1":"255422","requestid2":"255423"}}

2022-11-25 09:57:00 - [MESSAGE][INFO] - {"status":"Done","data":{"requestid1":"255422","requestid2":"255423"}}

2022-11-25 09:57:00 - [TEST_STEP][PASSED] - delay(5): Delayed 5 second(s)

2022-11-25 09:57:05 - [MESSAGE][PASSED] - Delayed 5 second(s)

2022-11-25 09:57:05 - [TEST_STEP][PASSED] - scoring = sendRequest(findTestObject("EngineScore", ["response_searchME_kons":response_searchME_kons, "response_searchME_spouse":response_searchME_spouse])): Send request successfully

2022-11-25 09:57:05 - [MESSAGE][INFO] - HAR: D:\DMS\Engine Scoring\Reports\20221125_094400\Exclude KKB - DS - Married\Scoring Married - DS\20221125_094402\requests\main\187.har

2022-11-25 09:57:05 - [MESSAGE][PASSED] - Send request successfully

2022-11-25 09:57:05 - [TEST_STEP][PASSED] - verifyResponseStatusCode(scoring, 200): Verify response status code successfully

2022-11-25 09:57:05 - [MESSAGE][PASSED] - Verify response status code successfully

2022-11-25 09:57:05 - [TEST_STEP][PASSED] - response2 = scoring.getResponseText(): null

2022-11-25 09:57:05 - [TEST_STEP][PASSED] - markPassed("result service data ke : " + no): result service data ke : 94

2022-11-25 09:57:05 - [MESSAGE][PASSED] - result service data ke : 94

2022-11-25 09:57:05 - [TEST_STEP][PASSED] - logInfo($response2): {"result_konsumen":"Reguler","result_pasangan":"Approve","Final_result":"Reguler","errorMessage":"","status":"Done"}

2022-11-25 09:57:05 - [MESSAGE][INFO] - {"result_konsumen":"Reguler","result_pasangan":"Approve","Final_result":"Reguler","errorMessage":"","status":"Done"}

2022-11-25 09:57:05 - [TEST_STEP][PASSED] - verifyElementPropertyValue(scoring, "Final_result", final_result): Verify element property value successfully

2022-11-25 09:57:05 - [MESSAGE][PASSED] - Verify element property value successfully]]></system-out>
         <system-err><![CDATA[]]></system-err>
      </testcase>
      <testcase name="Test Cases/Engine_Scoring/Engine Scoring" time="7.328" classname="Test Cases/Engine_Scoring/Engine Scoring" status="PASSED">
         <system-out><![CDATA[2022-11-25 09:57:06 - [TEST_CASE][PASSED] - Test Cases/Engine_Scoring/Engine Scoring: Test Cases/Engine_Scoring/Engine Scoring

2022-11-25 09:57:07 - [TEST_STEP][PASSED] - markPassed("Variasi data ke : " + no): Variasi data ke : 95

2022-11-25 09:57:07 - [MESSAGE][PASSED] - Variasi data ke : 95

2022-11-25 09:57:07 - [TEST_STEP][PASSED] - req_data = sendRequest(findTestObject("Search_ME", ["MID":MID, "source":source, "ip":ip, "userid":userid, "branch":branch, "tipekons":tipekons, "marital":marital, "penjamin":penjamin, ... ])): Send request successfully

2022-11-25 09:57:08 - [MESSAGE][INFO] - HAR: D:\DMS\Engine Scoring\Reports\20221125_094400\Exclude KKB - DS - Married\Scoring Married - DS\20221125_094402\requests\main\188.har

2022-11-25 09:57:08 - [MESSAGE][PASSED] - Send request successfully

2022-11-25 09:57:08 - [TEST_STEP][PASSED] - slurper = new groovy.json.JsonSlurper(): null

2022-11-25 09:57:08 - [TEST_STEP][PASSED] - result = slurper.parseText(req_data.getResponseBodyContent()): null

2022-11-25 09:57:08 - [TEST_STEP][PASSED] - reqid_kons = requestid1: null

2022-11-25 09:57:08 - [TEST_STEP][PASSED] - reqid_spouse = requestid2: null

2022-11-25 09:57:08 - [TEST_STEP][PASSED] - println("requestid kons : " + reqid_kons): null

2022-11-25 09:57:08 - [TEST_STEP][PASSED] - response_searchME_kons = reqid_kons: null

2022-11-25 09:57:08 - [TEST_STEP][PASSED] - response_searchME_spouse = reqid_spouse: null

2022-11-25 09:57:08 - [TEST_STEP][PASSED] - println("kons req id is :" + response_searchME_kons): null

2022-11-25 09:57:08 - [TEST_STEP][PASSED] - println("spouse req id is : " + response_searchME_spouse): null

2022-11-25 09:57:08 - [TEST_STEP][PASSED] - verifyResponseStatusCode(req_data, 200): Verify response status code successfully

2022-11-25 09:57:08 - [MESSAGE][PASSED] - Verify response status code successfully

2022-11-25 09:57:08 - [TEST_STEP][PASSED] - response = req_data.getResponseText(): null

2022-11-25 09:57:08 - [TEST_STEP][PASSED] - logInfo($response): {"status":"Done","data":{"requestid1":"255425","requestid2":"255426"}}

2022-11-25 09:57:08 - [MESSAGE][INFO] - {"status":"Done","data":{"requestid1":"255425","requestid2":"255426"}}

2022-11-25 09:57:08 - [TEST_STEP][PASSED] - delay(5): Delayed 5 second(s)

2022-11-25 09:57:13 - [MESSAGE][PASSED] - Delayed 5 second(s)

2022-11-25 09:57:13 - [TEST_STEP][PASSED] - scoring = sendRequest(findTestObject("EngineScore", ["response_searchME_kons":response_searchME_kons, "response_searchME_spouse":response_searchME_spouse])): Send request successfully

2022-11-25 09:57:13 - [MESSAGE][INFO] - HAR: D:\DMS\Engine Scoring\Reports\20221125_094400\Exclude KKB - DS - Married\Scoring Married - DS\20221125_094402\requests\main\189.har

2022-11-25 09:57:13 - [MESSAGE][PASSED] - Send request successfully

2022-11-25 09:57:13 - [TEST_STEP][PASSED] - verifyResponseStatusCode(scoring, 200): Verify response status code successfully

2022-11-25 09:57:13 - [MESSAGE][PASSED] - Verify response status code successfully

2022-11-25 09:57:13 - [TEST_STEP][PASSED] - response2 = scoring.getResponseText(): null

2022-11-25 09:57:13 - [TEST_STEP][PASSED] - markPassed("result service data ke : " + no): result service data ke : 95

2022-11-25 09:57:13 - [MESSAGE][PASSED] - result service data ke : 95

2022-11-25 09:57:13 - [TEST_STEP][PASSED] - logInfo($response2): {"result_konsumen":"Reguler","result_pasangan":"Reject","Final_result":"Reject","errorMessage":"","status":"Done"}

2022-11-25 09:57:13 - [MESSAGE][INFO] - {"result_konsumen":"Reguler","result_pasangan":"Reject","Final_result":"Reject","errorMessage":"","status":"Done"}

2022-11-25 09:57:13 - [TEST_STEP][PASSED] - verifyElementPropertyValue(scoring, "Final_result", final_result): Verify element property value successfully

2022-11-25 09:57:13 - [MESSAGE][PASSED] - Verify element property value successfully]]></system-out>
         <system-err><![CDATA[]]></system-err>
      </testcase>
      <testcase name="Test Cases/Engine_Scoring/Engine Scoring" time="7.534" classname="Test Cases/Engine_Scoring/Engine Scoring" status="PASSED">
         <system-out><![CDATA[2022-11-25 09:57:13 - [TEST_CASE][PASSED] - Test Cases/Engine_Scoring/Engine Scoring: Test Cases/Engine_Scoring/Engine Scoring

2022-11-25 09:57:14 - [TEST_STEP][PASSED] - markPassed("Variasi data ke : " + no): Variasi data ke : 96

2022-11-25 09:57:14 - [MESSAGE][PASSED] - Variasi data ke : 96

2022-11-25 09:57:14 - [TEST_STEP][PASSED] - req_data = sendRequest(findTestObject("Search_ME", ["MID":MID, "source":source, "ip":ip, "userid":userid, "branch":branch, "tipekons":tipekons, "marital":marital, "penjamin":penjamin, ... ])): Send request successfully

2022-11-25 09:57:15 - [MESSAGE][INFO] - HAR: D:\DMS\Engine Scoring\Reports\20221125_094400\Exclude KKB - DS - Married\Scoring Married - DS\20221125_094402\requests\main\190.har

2022-11-25 09:57:15 - [MESSAGE][PASSED] - Send request successfully

2022-11-25 09:57:15 - [TEST_STEP][PASSED] - slurper = new groovy.json.JsonSlurper(): null

2022-11-25 09:57:15 - [TEST_STEP][PASSED] - result = slurper.parseText(req_data.getResponseBodyContent()): null

2022-11-25 09:57:15 - [TEST_STEP][PASSED] - reqid_kons = requestid1: null

2022-11-25 09:57:15 - [TEST_STEP][PASSED] - reqid_spouse = requestid2: null

2022-11-25 09:57:15 - [TEST_STEP][PASSED] - println("requestid kons : " + reqid_kons): null

2022-11-25 09:57:15 - [TEST_STEP][PASSED] - response_searchME_kons = reqid_kons: null

2022-11-25 09:57:15 - [TEST_STEP][PASSED] - response_searchME_spouse = reqid_spouse: null

2022-11-25 09:57:15 - [TEST_STEP][PASSED] - println("kons req id is :" + response_searchME_kons): null

2022-11-25 09:57:15 - [TEST_STEP][PASSED] - println("spouse req id is : " + response_searchME_spouse): null

2022-11-25 09:57:15 - [TEST_STEP][PASSED] - verifyResponseStatusCode(req_data, 200): Verify response status code successfully

2022-11-25 09:57:15 - [MESSAGE][PASSED] - Verify response status code successfully

2022-11-25 09:57:15 - [TEST_STEP][PASSED] - response = req_data.getResponseText(): null

2022-11-25 09:57:15 - [TEST_STEP][PASSED] - logInfo($response): {"status":"Done","data":{"requestid1":"255428","requestid2":"255429"}}

2022-11-25 09:57:15 - [MESSAGE][INFO] - {"status":"Done","data":{"requestid1":"255428","requestid2":"255429"}}

2022-11-25 09:57:15 - [TEST_STEP][PASSED] - delay(5): Delayed 5 second(s)

2022-11-25 09:57:20 - [MESSAGE][PASSED] - Delayed 5 second(s)

2022-11-25 09:57:20 - [TEST_STEP][PASSED] - scoring = sendRequest(findTestObject("EngineScore", ["response_searchME_kons":response_searchME_kons, "response_searchME_spouse":response_searchME_spouse])): Send request successfully

2022-11-25 09:57:20 - [MESSAGE][INFO] - HAR: D:\DMS\Engine Scoring\Reports\20221125_094400\Exclude KKB - DS - Married\Scoring Married - DS\20221125_094402\requests\main\191.har

2022-11-25 09:57:20 - [MESSAGE][PASSED] - Send request successfully

2022-11-25 09:57:20 - [TEST_STEP][PASSED] - verifyResponseStatusCode(scoring, 200): Verify response status code successfully

2022-11-25 09:57:20 - [MESSAGE][PASSED] - Verify response status code successfully

2022-11-25 09:57:20 - [TEST_STEP][PASSED] - response2 = scoring.getResponseText(): null

2022-11-25 09:57:20 - [TEST_STEP][PASSED] - markPassed("result service data ke : " + no): result service data ke : 96

2022-11-25 09:57:20 - [MESSAGE][PASSED] - result service data ke : 96

2022-11-25 09:57:20 - [TEST_STEP][PASSED] - logInfo($response2): {"result_konsumen":"Reguler","result_pasangan":"Reject","Final_result":"Reject","errorMessage":"","status":"Done"}

2022-11-25 09:57:20 - [MESSAGE][INFO] - {"result_konsumen":"Reguler","result_pasangan":"Reject","Final_result":"Reject","errorMessage":"","status":"Done"}

2022-11-25 09:57:20 - [TEST_STEP][PASSED] - verifyElementPropertyValue(scoring, "Final_result", final_result): Verify element property value successfully

2022-11-25 09:57:21 - [MESSAGE][PASSED] - Verify element property value successfully]]></system-out>
         <system-err><![CDATA[]]></system-err>
      </testcase>
      <testcase name="Test Cases/Engine_Scoring/Engine Scoring" time="7.182" classname="Test Cases/Engine_Scoring/Engine Scoring" status="PASSED">
         <system-out><![CDATA[2022-11-25 09:57:21 - [TEST_CASE][PASSED] - Test Cases/Engine_Scoring/Engine Scoring: Test Cases/Engine_Scoring/Engine Scoring

2022-11-25 09:57:22 - [TEST_STEP][PASSED] - markPassed("Variasi data ke : " + no): Variasi data ke : 97

2022-11-25 09:57:22 - [MESSAGE][PASSED] - Variasi data ke : 97

2022-11-25 09:57:22 - [TEST_STEP][PASSED] - req_data = sendRequest(findTestObject("Search_ME", ["MID":MID, "source":source, "ip":ip, "userid":userid, "branch":branch, "tipekons":tipekons, "marital":marital, "penjamin":penjamin, ... ])): Send request successfully

2022-11-25 09:57:23 - [MESSAGE][INFO] - HAR: D:\DMS\Engine Scoring\Reports\20221125_094400\Exclude KKB - DS - Married\Scoring Married - DS\20221125_094402\requests\main\192.har

2022-11-25 09:57:23 - [MESSAGE][PASSED] - Send request successfully

2022-11-25 09:57:23 - [TEST_STEP][PASSED] - slurper = new groovy.json.JsonSlurper(): null

2022-11-25 09:57:23 - [TEST_STEP][PASSED] - result = slurper.parseText(req_data.getResponseBodyContent()): null

2022-11-25 09:57:23 - [TEST_STEP][PASSED] - reqid_kons = requestid1: null

2022-11-25 09:57:23 - [TEST_STEP][PASSED] - reqid_spouse = requestid2: null

2022-11-25 09:57:23 - [TEST_STEP][PASSED] - println("requestid kons : " + reqid_kons): null

2022-11-25 09:57:23 - [TEST_STEP][PASSED] - response_searchME_kons = reqid_kons: null

2022-11-25 09:57:23 - [TEST_STEP][PASSED] - response_searchME_spouse = reqid_spouse: null

2022-11-25 09:57:23 - [TEST_STEP][PASSED] - println("kons req id is :" + response_searchME_kons): null

2022-11-25 09:57:23 - [TEST_STEP][PASSED] - println("spouse req id is : " + response_searchME_spouse): null

2022-11-25 09:57:23 - [TEST_STEP][PASSED] - verifyResponseStatusCode(req_data, 200): Verify response status code successfully

2022-11-25 09:57:23 - [MESSAGE][PASSED] - Verify response status code successfully

2022-11-25 09:57:23 - [TEST_STEP][PASSED] - response = req_data.getResponseText(): null

2022-11-25 09:57:23 - [TEST_STEP][PASSED] - logInfo($response): {"status":"Done","data":{"requestid1":"255431","requestid2":"255432"}}

2022-11-25 09:57:23 - [MESSAGE][INFO] - {"status":"Done","data":{"requestid1":"255431","requestid2":"255432"}}

2022-11-25 09:57:23 - [TEST_STEP][PASSED] - delay(5): Delayed 5 second(s)

2022-11-25 09:57:28 - [MESSAGE][PASSED] - Delayed 5 second(s)

2022-11-25 09:57:28 - [TEST_STEP][PASSED] - scoring = sendRequest(findTestObject("EngineScore", ["response_searchME_kons":response_searchME_kons, "response_searchME_spouse":response_searchME_spouse])): Send request successfully

2022-11-25 09:57:28 - [MESSAGE][INFO] - HAR: D:\DMS\Engine Scoring\Reports\20221125_094400\Exclude KKB - DS - Married\Scoring Married - DS\20221125_094402\requests\main\193.har

2022-11-25 09:57:28 - [MESSAGE][PASSED] - Send request successfully

2022-11-25 09:57:28 - [TEST_STEP][PASSED] - verifyResponseStatusCode(scoring, 200): Verify response status code successfully

2022-11-25 09:57:28 - [MESSAGE][PASSED] - Verify response status code successfully

2022-11-25 09:57:28 - [TEST_STEP][PASSED] - response2 = scoring.getResponseText(): null

2022-11-25 09:57:28 - [TEST_STEP][PASSED] - markPassed("result service data ke : " + no): result service data ke : 97

2022-11-25 09:57:28 - [MESSAGE][PASSED] - result service data ke : 97

2022-11-25 09:57:28 - [TEST_STEP][PASSED] - logInfo($response2): {"result_konsumen":"Reguler","result_pasangan":"Reguler","Final_result":"Reguler","errorMessage":"","status":"Done"}

2022-11-25 09:57:28 - [MESSAGE][INFO] - {"result_konsumen":"Reguler","result_pasangan":"Reguler","Final_result":"Reguler","errorMessage":"","status":"Done"}

2022-11-25 09:57:28 - [TEST_STEP][PASSED] - verifyElementPropertyValue(scoring, "Final_result", final_result): Verify element property value successfully

2022-11-25 09:57:28 - [MESSAGE][PASSED] - Verify element property value successfully]]></system-out>
         <system-err><![CDATA[]]></system-err>
      </testcase>
      <testcase name="Test Cases/Engine_Scoring/Engine Scoring" time="7.242" classname="Test Cases/Engine_Scoring/Engine Scoring" status="PASSED">
         <system-out><![CDATA[2022-11-25 09:57:28 - [TEST_CASE][PASSED] - Test Cases/Engine_Scoring/Engine Scoring: Test Cases/Engine_Scoring/Engine Scoring

2022-11-25 09:57:29 - [TEST_STEP][PASSED] - markPassed("Variasi data ke : " + no): Variasi data ke : 98

2022-11-25 09:57:29 - [MESSAGE][PASSED] - Variasi data ke : 98

2022-11-25 09:57:29 - [TEST_STEP][PASSED] - req_data = sendRequest(findTestObject("Search_ME", ["MID":MID, "source":source, "ip":ip, "userid":userid, "branch":branch, "tipekons":tipekons, "marital":marital, "penjamin":penjamin, ... ])): Send request successfully

2022-11-25 09:57:30 - [MESSAGE][INFO] - HAR: D:\DMS\Engine Scoring\Reports\20221125_094400\Exclude KKB - DS - Married\Scoring Married - DS\20221125_094402\requests\main\194.har

2022-11-25 09:57:30 - [MESSAGE][PASSED] - Send request successfully

2022-11-25 09:57:30 - [TEST_STEP][PASSED] - slurper = new groovy.json.JsonSlurper(): null

2022-11-25 09:57:30 - [TEST_STEP][PASSED] - result = slurper.parseText(req_data.getResponseBodyContent()): null

2022-11-25 09:57:30 - [TEST_STEP][PASSED] - reqid_kons = requestid1: null

2022-11-25 09:57:30 - [TEST_STEP][PASSED] - reqid_spouse = requestid2: null

2022-11-25 09:57:30 - [TEST_STEP][PASSED] - println("requestid kons : " + reqid_kons): null

2022-11-25 09:57:30 - [TEST_STEP][PASSED] - response_searchME_kons = reqid_kons: null

2022-11-25 09:57:30 - [TEST_STEP][PASSED] - response_searchME_spouse = reqid_spouse: null

2022-11-25 09:57:30 - [TEST_STEP][PASSED] - println("kons req id is :" + response_searchME_kons): null

2022-11-25 09:57:30 - [TEST_STEP][PASSED] - println("spouse req id is : " + response_searchME_spouse): null

2022-11-25 09:57:30 - [TEST_STEP][PASSED] - verifyResponseStatusCode(req_data, 200): Verify response status code successfully

2022-11-25 09:57:30 - [MESSAGE][PASSED] - Verify response status code successfully

2022-11-25 09:57:30 - [TEST_STEP][PASSED] - response = req_data.getResponseText(): null

2022-11-25 09:57:30 - [TEST_STEP][PASSED] - logInfo($response): {"status":"Done","data":{"requestid1":"255434","requestid2":"255435"}}

2022-11-25 09:57:30 - [MESSAGE][INFO] - {"status":"Done","data":{"requestid1":"255434","requestid2":"255435"}}

2022-11-25 09:57:30 - [TEST_STEP][PASSED] - delay(5): Delayed 5 second(s)

2022-11-25 09:57:35 - [MESSAGE][PASSED] - Delayed 5 second(s)

2022-11-25 09:57:35 - [TEST_STEP][PASSED] - scoring = sendRequest(findTestObject("EngineScore", ["response_searchME_kons":response_searchME_kons, "response_searchME_spouse":response_searchME_spouse])): Send request successfully

2022-11-25 09:57:35 - [MESSAGE][INFO] - HAR: D:\DMS\Engine Scoring\Reports\20221125_094400\Exclude KKB - DS - Married\Scoring Married - DS\20221125_094402\requests\main\195.har

2022-11-25 09:57:35 - [MESSAGE][PASSED] - Send request successfully

2022-11-25 09:57:35 - [TEST_STEP][PASSED] - verifyResponseStatusCode(scoring, 200): Verify response status code successfully

2022-11-25 09:57:35 - [MESSAGE][PASSED] - Verify response status code successfully

2022-11-25 09:57:35 - [TEST_STEP][PASSED] - response2 = scoring.getResponseText(): null

2022-11-25 09:57:35 - [TEST_STEP][PASSED] - markPassed("result service data ke : " + no): result service data ke : 98

2022-11-25 09:57:35 - [MESSAGE][PASSED] - result service data ke : 98

2022-11-25 09:57:35 - [TEST_STEP][PASSED] - logInfo($response2): {"result_konsumen":"Reguler","result_pasangan":"Reguler","Final_result":"Reguler","errorMessage":"","status":"Done"}

2022-11-25 09:57:35 - [MESSAGE][INFO] - {"result_konsumen":"Reguler","result_pasangan":"Reguler","Final_result":"Reguler","errorMessage":"","status":"Done"}

2022-11-25 09:57:35 - [TEST_STEP][PASSED] - verifyElementPropertyValue(scoring, "Final_result", final_result): Verify element property value successfully

2022-11-25 09:57:35 - [MESSAGE][PASSED] - Verify element property value successfully]]></system-out>
         <system-err><![CDATA[]]></system-err>
      </testcase>
      <testcase name="Test Cases/Engine_Scoring/Engine Scoring" time="7.26" classname="Test Cases/Engine_Scoring/Engine Scoring" status="PASSED">
         <system-out><![CDATA[2022-11-25 09:57:35 - [TEST_CASE][PASSED] - Test Cases/Engine_Scoring/Engine Scoring: Test Cases/Engine_Scoring/Engine Scoring

2022-11-25 09:57:36 - [TEST_STEP][PASSED] - markPassed("Variasi data ke : " + no): Variasi data ke : 99

2022-11-25 09:57:36 - [MESSAGE][PASSED] - Variasi data ke : 99

2022-11-25 09:57:36 - [TEST_STEP][PASSED] - req_data = sendRequest(findTestObject("Search_ME", ["MID":MID, "source":source, "ip":ip, "userid":userid, "branch":branch, "tipekons":tipekons, "marital":marital, "penjamin":penjamin, ... ])): Send request successfully

2022-11-25 09:57:37 - [MESSAGE][INFO] - HAR: D:\DMS\Engine Scoring\Reports\20221125_094400\Exclude KKB - DS - Married\Scoring Married - DS\20221125_094402\requests\main\196.har

2022-11-25 09:57:37 - [MESSAGE][PASSED] - Send request successfully

2022-11-25 09:57:37 - [TEST_STEP][PASSED] - slurper = new groovy.json.JsonSlurper(): null

2022-11-25 09:57:37 - [TEST_STEP][PASSED] - result = slurper.parseText(req_data.getResponseBodyContent()): null

2022-11-25 09:57:37 - [TEST_STEP][PASSED] - reqid_kons = requestid1: null

2022-11-25 09:57:37 - [TEST_STEP][PASSED] - reqid_spouse = requestid2: null

2022-11-25 09:57:37 - [TEST_STEP][PASSED] - println("requestid kons : " + reqid_kons): null

2022-11-25 09:57:37 - [TEST_STEP][PASSED] - response_searchME_kons = reqid_kons: null

2022-11-25 09:57:37 - [TEST_STEP][PASSED] - response_searchME_spouse = reqid_spouse: null

2022-11-25 09:57:37 - [TEST_STEP][PASSED] - println("kons req id is :" + response_searchME_kons): null

2022-11-25 09:57:37 - [TEST_STEP][PASSED] - println("spouse req id is : " + response_searchME_spouse): null

2022-11-25 09:57:37 - [TEST_STEP][PASSED] - verifyResponseStatusCode(req_data, 200): Verify response status code successfully

2022-11-25 09:57:37 - [MESSAGE][PASSED] - Verify response status code successfully

2022-11-25 09:57:37 - [TEST_STEP][PASSED] - response = req_data.getResponseText(): null

2022-11-25 09:57:37 - [TEST_STEP][PASSED] - logInfo($response): {"status":"Done","data":{"requestid1":"255437","requestid2":"255438"}}

2022-11-25 09:57:37 - [MESSAGE][INFO] - {"status":"Done","data":{"requestid1":"255437","requestid2":"255438"}}

2022-11-25 09:57:37 - [TEST_STEP][PASSED] - delay(5): Delayed 5 second(s)

2022-11-25 09:57:42 - [MESSAGE][PASSED] - Delayed 5 second(s)

2022-11-25 09:57:42 - [TEST_STEP][PASSED] - scoring = sendRequest(findTestObject("EngineScore", ["response_searchME_kons":response_searchME_kons, "response_searchME_spouse":response_searchME_spouse])): Send request successfully

2022-11-25 09:57:42 - [MESSAGE][INFO] - HAR: D:\DMS\Engine Scoring\Reports\20221125_094400\Exclude KKB - DS - Married\Scoring Married - DS\20221125_094402\requests\main\197.har

2022-11-25 09:57:42 - [MESSAGE][PASSED] - Send request successfully

2022-11-25 09:57:42 - [TEST_STEP][PASSED] - verifyResponseStatusCode(scoring, 200): Verify response status code successfully

2022-11-25 09:57:42 - [MESSAGE][PASSED] - Verify response status code successfully

2022-11-25 09:57:42 - [TEST_STEP][PASSED] - response2 = scoring.getResponseText(): null

2022-11-25 09:57:42 - [TEST_STEP][PASSED] - markPassed("result service data ke : " + no): result service data ke : 99

2022-11-25 09:57:42 - [MESSAGE][PASSED] - result service data ke : 99

2022-11-25 09:57:42 - [TEST_STEP][PASSED] - logInfo($response2): {"result_konsumen":"Reguler","result_pasangan":"Reguler","Final_result":"Reguler","errorMessage":"","status":"Done"}

2022-11-25 09:57:42 - [MESSAGE][INFO] - {"result_konsumen":"Reguler","result_pasangan":"Reguler","Final_result":"Reguler","errorMessage":"","status":"Done"}

2022-11-25 09:57:42 - [TEST_STEP][PASSED] - verifyElementPropertyValue(scoring, "Final_result", final_result): Verify element property value successfully

2022-11-25 09:57:42 - [MESSAGE][PASSED] - Verify element property value successfully]]></system-out>
         <system-err><![CDATA[]]></system-err>
      </testcase>
      <testcase name="Test Cases/Engine_Scoring/Engine Scoring" time="7.163" classname="Test Cases/Engine_Scoring/Engine Scoring" status="PASSED">
         <system-out><![CDATA[2022-11-25 09:57:43 - [TEST_CASE][PASSED] - Test Cases/Engine_Scoring/Engine Scoring: Test Cases/Engine_Scoring/Engine Scoring

2022-11-25 09:57:43 - [TEST_STEP][PASSED] - markPassed("Variasi data ke : " + no): Variasi data ke : 100

2022-11-25 09:57:43 - [MESSAGE][PASSED] - Variasi data ke : 100

2022-11-25 09:57:43 - [TEST_STEP][PASSED] - req_data = sendRequest(findTestObject("Search_ME", ["MID":MID, "source":source, "ip":ip, "userid":userid, "branch":branch, "tipekons":tipekons, "marital":marital, "penjamin":penjamin, ... ])): Send request successfully

2022-11-25 09:57:45 - [MESSAGE][INFO] - HAR: D:\DMS\Engine Scoring\Reports\20221125_094400\Exclude KKB - DS - Married\Scoring Married - DS\20221125_094402\requests\main\198.har

2022-11-25 09:57:45 - [MESSAGE][PASSED] - Send request successfully

2022-11-25 09:57:45 - [TEST_STEP][PASSED] - slurper = new groovy.json.JsonSlurper(): null

2022-11-25 09:57:45 - [TEST_STEP][PASSED] - result = slurper.parseText(req_data.getResponseBodyContent()): null

2022-11-25 09:57:45 - [TEST_STEP][PASSED] - reqid_kons = requestid1: null

2022-11-25 09:57:45 - [TEST_STEP][PASSED] - reqid_spouse = requestid2: null

2022-11-25 09:57:45 - [TEST_STEP][PASSED] - println("requestid kons : " + reqid_kons): null

2022-11-25 09:57:45 - [TEST_STEP][PASSED] - response_searchME_kons = reqid_kons: null

2022-11-25 09:57:45 - [TEST_STEP][PASSED] - response_searchME_spouse = reqid_spouse: null

2022-11-25 09:57:45 - [TEST_STEP][PASSED] - println("kons req id is :" + response_searchME_kons): null

2022-11-25 09:57:45 - [TEST_STEP][PASSED] - println("spouse req id is : " + response_searchME_spouse): null

2022-11-25 09:57:45 - [TEST_STEP][PASSED] - verifyResponseStatusCode(req_data, 200): Verify response status code successfully

2022-11-25 09:57:45 - [MESSAGE][PASSED] - Verify response status code successfully

2022-11-25 09:57:45 - [TEST_STEP][PASSED] - response = req_data.getResponseText(): null

2022-11-25 09:57:45 - [TEST_STEP][PASSED] - logInfo($response): {"status":"Done","data":{"requestid1":"255439","requestid2":"255440"}}

2022-11-25 09:57:45 - [MESSAGE][INFO] - {"status":"Done","data":{"requestid1":"255439","requestid2":"255440"}}

2022-11-25 09:57:45 - [TEST_STEP][PASSED] - delay(5): Delayed 5 second(s)

2022-11-25 09:57:50 - [MESSAGE][PASSED] - Delayed 5 second(s)

2022-11-25 09:57:50 - [TEST_STEP][PASSED] - scoring = sendRequest(findTestObject("EngineScore", ["response_searchME_kons":response_searchME_kons, "response_searchME_spouse":response_searchME_spouse])): Send request successfully

2022-11-25 09:57:50 - [MESSAGE][INFO] - HAR: D:\DMS\Engine Scoring\Reports\20221125_094400\Exclude KKB - DS - Married\Scoring Married - DS\20221125_094402\requests\main\199.har

2022-11-25 09:57:50 - [MESSAGE][PASSED] - Send request successfully

2022-11-25 09:57:50 - [TEST_STEP][PASSED] - verifyResponseStatusCode(scoring, 200): Verify response status code successfully

2022-11-25 09:57:50 - [MESSAGE][PASSED] - Verify response status code successfully

2022-11-25 09:57:50 - [TEST_STEP][PASSED] - response2 = scoring.getResponseText(): null

2022-11-25 09:57:50 - [TEST_STEP][PASSED] - markPassed("result service data ke : " + no): result service data ke : 100

2022-11-25 09:57:50 - [MESSAGE][PASSED] - result service data ke : 100

2022-11-25 09:57:50 - [TEST_STEP][PASSED] - logInfo($response2): {"result_konsumen":"Reguler","result_pasangan":"Reject","Final_result":"Reject","errorMessage":"","status":"Done"}

2022-11-25 09:57:50 - [MESSAGE][INFO] - {"result_konsumen":"Reguler","result_pasangan":"Reject","Final_result":"Reject","errorMessage":"","status":"Done"}

2022-11-25 09:57:50 - [TEST_STEP][PASSED] - verifyElementPropertyValue(scoring, "Final_result", final_result): Verify element property value successfully

2022-11-25 09:57:50 - [MESSAGE][PASSED] - Verify element property value successfully]]></system-out>
         <system-err><![CDATA[]]></system-err>
      </testcase>
      <system-out><![CDATA[2022-11-25 09:44:08 - [TEST_SUITE][PASSED] - Scoring Married - DS: Test Cases/Engine_Scoring/Engine Scoring]]></system-out>
      <system-err><![CDATA[]]></system-err>
   </testsuite>
</testsuites>
