<?xml version="1.0" encoding="UTF-8"?>
<testsuites name="Scoring Married - CS New" time="873.222" tests="126" failures="0" errors="0">
   <testsuite name="Scoring Married - CS New" tests="126" failures="0" errors="0" time="873.222" skipped="0" timestamp="2022-11-25 11:12:39" hostname="bcafmaster - WPI20220318001.bcaf.co.id" id="Test Suites/Exclude KKB - DS - Married/Scoring Married - CS New">
      <properties>
         <property name="deviceName" value=""/>
         <property name="devicePlatform" value=""/>
         <property name="logFolder" value="D:\\DMS\\Engine Scoring\\Reports\\20221125_111232\\Exclude KKB - DS - Married\\Scoring Married - CS New\\20221125_111233"/>
         <property name="logFiles" value="D:\\DMS\\Engine Scoring\\Reports\\20221125_111232\\Exclude KKB - DS - Married\\Scoring Married - CS New\\20221125_111233\\execution0.log, D:\\DMS\\Engine Scoring\\Reports\\20221125_111232\\Exclude KKB - DS - Married\\Scoring Married - CS New\\20221125_111233\\execution1.log"/>
         <property name="attachments" value=""/>
         <property name="hostName" value="bcafmaster - WPI20220318001.bcaf.co.id"/>
         <property name="hostAddress" value="10.10.8.57"/>
         <property name="os" value="Windows 10 64bit"/>
         <property name="katalonVersion" value="8.2.5.208"/>
      </properties>
      <testcase name="Test Cases/Engine_Scoring/Engine Scoring" time="8.079" classname="Test Cases/Engine_Scoring/Engine Scoring" status="PASSED">
         <system-out><![CDATA[2022-11-25 11:12:40 - [TEST_CASE][PASSED] - Test Cases/Engine_Scoring/Engine Scoring: Test Cases/Engine_Scoring/Engine Scoring

2022-11-25 11:12:41 - [TEST_STEP][PASSED] - markPassed("Variasi data ke : " + no): Variasi data ke : 1

2022-11-25 11:12:41 - [MESSAGE][PASSED] - Variasi data ke : 1

2022-11-25 11:12:41 - [TEST_STEP][PASSED] - req_data = sendRequest(findTestObject("Search_ME", ["MID":MID, "source":source, "ip":ip, "userid":userid, "branch":branch, "tipekons":tipekons, "marital":marital, "penjamin":penjamin, ... ])): Send request successfully

2022-11-25 11:12:42 - [MESSAGE][INFO] - HAR: D:\DMS\Engine Scoring\Reports\20221125_111232\Exclude KKB - DS - Married\Scoring Married - CS New\20221125_111233\requests\main\0.har

2022-11-25 11:12:43 - [MESSAGE][PASSED] - Send request successfully

2022-11-25 11:12:43 - [TEST_STEP][PASSED] - slurper = new groovy.json.JsonSlurper(): null

2022-11-25 11:12:43 - [TEST_STEP][PASSED] - result = slurper.parseText(req_data.getResponseBodyContent()): null

2022-11-25 11:12:43 - [TEST_STEP][PASSED] - reqid_kons = requestid1: null

2022-11-25 11:12:43 - [TEST_STEP][PASSED] - reqid_spouse = requestid2: null

2022-11-25 11:12:43 - [TEST_STEP][PASSED] - println("requestid kons : " + reqid_kons): null

2022-11-25 11:12:43 - [TEST_STEP][PASSED] - response_searchME_kons = reqid_kons: null

2022-11-25 11:12:43 - [TEST_STEP][PASSED] - response_searchME_spouse = reqid_spouse: null

2022-11-25 11:12:43 - [TEST_STEP][PASSED] - println("kons req id is :" + response_searchME_kons): null

2022-11-25 11:12:43 - [TEST_STEP][PASSED] - println("spouse req id is : " + response_searchME_spouse): null

2022-11-25 11:12:43 - [TEST_STEP][PASSED] - verifyResponseStatusCode(req_data, 200): Verify response status code successfully

2022-11-25 11:12:43 - [MESSAGE][PASSED] - Verify response status code successfully

2022-11-25 11:12:43 - [TEST_STEP][PASSED] - response = req_data.getResponseText(): null

2022-11-25 11:12:43 - [TEST_STEP][PASSED] - logInfo($response): {"status":"Done","data":{"requestid1":"255759","requestid2":"255760"}}

2022-11-25 11:12:43 - [MESSAGE][INFO] - {"status":"Done","data":{"requestid1":"255759","requestid2":"255760"}}

2022-11-25 11:12:43 - [TEST_STEP][PASSED] - delay(5): Delayed 5 second(s)

2022-11-25 11:12:48 - [MESSAGE][PASSED] - Delayed 5 second(s)

2022-11-25 11:12:48 - [TEST_STEP][PASSED] - scoring = sendRequest(findTestObject("EngineScore", ["response_searchME_kons":response_searchME_kons, "response_searchME_spouse":response_searchME_spouse])): Send request successfully

2022-11-25 11:12:48 - [MESSAGE][INFO] - HAR: D:\DMS\Engine Scoring\Reports\20221125_111232\Exclude KKB - DS - Married\Scoring Married - CS New\20221125_111233\requests\main\1.har

2022-11-25 11:12:48 - [MESSAGE][PASSED] - Send request successfully

2022-11-25 11:12:48 - [TEST_STEP][PASSED] - verifyResponseStatusCode(scoring, 200): Verify response status code successfully

2022-11-25 11:12:48 - [MESSAGE][PASSED] - Verify response status code successfully

2022-11-25 11:12:48 - [TEST_STEP][PASSED] - response2 = scoring.getResponseText(): null

2022-11-25 11:12:48 - [TEST_STEP][PASSED] - markPassed("result service data ke : " + no): result service data ke : 1

2022-11-25 11:12:48 - [MESSAGE][PASSED] - result service data ke : 1

2022-11-25 11:12:48 - [TEST_STEP][PASSED] - logInfo($response2): {"result_konsumen":"Reguler","result_pasangan":"Reguler","Final_result":"Reguler","errorMessage":"","status":"Done"}

2022-11-25 11:12:48 - [MESSAGE][INFO] - {"result_konsumen":"Reguler","result_pasangan":"Reguler","Final_result":"Reguler","errorMessage":"","status":"Done"}

2022-11-25 11:12:48 - [TEST_STEP][PASSED] - verifyElementPropertyValue(scoring, "Final_result", final_result): Verify element property value successfully

2022-11-25 11:12:48 - [MESSAGE][PASSED] - Verify element property value successfully]]></system-out>
         <system-err><![CDATA[]]></system-err>
      </testcase>
      <testcase name="Test Cases/Engine_Scoring/Engine Scoring" time="6.875" classname="Test Cases/Engine_Scoring/Engine Scoring" status="PASSED">
         <system-out><![CDATA[2022-11-25 11:12:48 - [TEST_CASE][PASSED] - Test Cases/Engine_Scoring/Engine Scoring: Test Cases/Engine_Scoring/Engine Scoring

2022-11-25 11:12:49 - [TEST_STEP][PASSED] - markPassed("Variasi data ke : " + no): Variasi data ke : 2

2022-11-25 11:12:49 - [MESSAGE][PASSED] - Variasi data ke : 2

2022-11-25 11:12:49 - [TEST_STEP][PASSED] - req_data = sendRequest(findTestObject("Search_ME", ["MID":MID, "source":source, "ip":ip, "userid":userid, "branch":branch, "tipekons":tipekons, "marital":marital, "penjamin":penjamin, ... ])): Send request successfully

2022-11-25 11:12:50 - [MESSAGE][INFO] - HAR: D:\DMS\Engine Scoring\Reports\20221125_111232\Exclude KKB - DS - Married\Scoring Married - CS New\20221125_111233\requests\main\2.har

2022-11-25 11:12:50 - [MESSAGE][PASSED] - Send request successfully

2022-11-25 11:12:50 - [TEST_STEP][PASSED] - slurper = new groovy.json.JsonSlurper(): null

2022-11-25 11:12:50 - [TEST_STEP][PASSED] - result = slurper.parseText(req_data.getResponseBodyContent()): null

2022-11-25 11:12:50 - [TEST_STEP][PASSED] - reqid_kons = requestid1: null

2022-11-25 11:12:50 - [TEST_STEP][PASSED] - reqid_spouse = requestid2: null

2022-11-25 11:12:50 - [TEST_STEP][PASSED] - println("requestid kons : " + reqid_kons): null

2022-11-25 11:12:50 - [TEST_STEP][PASSED] - response_searchME_kons = reqid_kons: null

2022-11-25 11:12:50 - [TEST_STEP][PASSED] - response_searchME_spouse = reqid_spouse: null

2022-11-25 11:12:50 - [TEST_STEP][PASSED] - println("kons req id is :" + response_searchME_kons): null

2022-11-25 11:12:50 - [TEST_STEP][PASSED] - println("spouse req id is : " + response_searchME_spouse): null

2022-11-25 11:12:50 - [TEST_STEP][PASSED] - verifyResponseStatusCode(req_data, 200): Verify response status code successfully

2022-11-25 11:12:50 - [MESSAGE][PASSED] - Verify response status code successfully

2022-11-25 11:12:50 - [TEST_STEP][PASSED] - response = req_data.getResponseText(): null

2022-11-25 11:12:50 - [TEST_STEP][PASSED] - logInfo($response): {"status":"Done","data":{"requestid1":"255761","requestid2":"255762"}}

2022-11-25 11:12:50 - [MESSAGE][INFO] - {"status":"Done","data":{"requestid1":"255761","requestid2":"255762"}}

2022-11-25 11:12:50 - [TEST_STEP][PASSED] - delay(5): Delayed 5 second(s)

2022-11-25 11:12:55 - [MESSAGE][PASSED] - Delayed 5 second(s)

2022-11-25 11:12:55 - [TEST_STEP][PASSED] - scoring = sendRequest(findTestObject("EngineScore", ["response_searchME_kons":response_searchME_kons, "response_searchME_spouse":response_searchME_spouse])): Send request successfully

2022-11-25 11:12:55 - [MESSAGE][INFO] - HAR: D:\DMS\Engine Scoring\Reports\20221125_111232\Exclude KKB - DS - Married\Scoring Married - CS New\20221125_111233\requests\main\3.har

2022-11-25 11:12:55 - [MESSAGE][PASSED] - Send request successfully

2022-11-25 11:12:55 - [TEST_STEP][PASSED] - verifyResponseStatusCode(scoring, 200): Verify response status code successfully

2022-11-25 11:12:55 - [MESSAGE][PASSED] - Verify response status code successfully

2022-11-25 11:12:55 - [TEST_STEP][PASSED] - response2 = scoring.getResponseText(): null

2022-11-25 11:12:55 - [TEST_STEP][PASSED] - markPassed("result service data ke : " + no): result service data ke : 2

2022-11-25 11:12:55 - [MESSAGE][PASSED] - result service data ke : 2

2022-11-25 11:12:55 - [TEST_STEP][PASSED] - logInfo($response2): {"result_konsumen":"Reguler","result_pasangan":"Reguler","Final_result":"Reguler","errorMessage":"","status":"Done"}

2022-11-25 11:12:55 - [MESSAGE][INFO] - {"result_konsumen":"Reguler","result_pasangan":"Reguler","Final_result":"Reguler","errorMessage":"","status":"Done"}

2022-11-25 11:12:55 - [TEST_STEP][PASSED] - verifyElementPropertyValue(scoring, "Final_result", final_result): Verify element property value successfully

2022-11-25 11:12:55 - [MESSAGE][PASSED] - Verify element property value successfully]]></system-out>
         <system-err><![CDATA[]]></system-err>
      </testcase>
      <testcase name="Test Cases/Engine_Scoring/Engine Scoring" time="6.656" classname="Test Cases/Engine_Scoring/Engine Scoring" status="PASSED">
         <system-out><![CDATA[2022-11-25 11:12:55 - [TEST_CASE][PASSED] - Test Cases/Engine_Scoring/Engine Scoring: Test Cases/Engine_Scoring/Engine Scoring

2022-11-25 11:12:55 - [TEST_STEP][PASSED] - markPassed("Variasi data ke : " + no): Variasi data ke : 3

2022-11-25 11:12:55 - [MESSAGE][PASSED] - Variasi data ke : 3

2022-11-25 11:12:55 - [TEST_STEP][PASSED] - req_data = sendRequest(findTestObject("Search_ME", ["MID":MID, "source":source, "ip":ip, "userid":userid, "branch":branch, "tipekons":tipekons, "marital":marital, "penjamin":penjamin, ... ])): Send request successfully

2022-11-25 11:12:56 - [MESSAGE][INFO] - HAR: D:\DMS\Engine Scoring\Reports\20221125_111232\Exclude KKB - DS - Married\Scoring Married - CS New\20221125_111233\requests\main\4.har

2022-11-25 11:12:56 - [MESSAGE][PASSED] - Send request successfully

2022-11-25 11:12:56 - [TEST_STEP][PASSED] - slurper = new groovy.json.JsonSlurper(): null

2022-11-25 11:12:56 - [TEST_STEP][PASSED] - result = slurper.parseText(req_data.getResponseBodyContent()): null

2022-11-25 11:12:56 - [TEST_STEP][PASSED] - reqid_kons = requestid1: null

2022-11-25 11:12:56 - [TEST_STEP][PASSED] - reqid_spouse = requestid2: null

2022-11-25 11:12:56 - [TEST_STEP][PASSED] - println("requestid kons : " + reqid_kons): null

2022-11-25 11:12:56 - [TEST_STEP][PASSED] - response_searchME_kons = reqid_kons: null

2022-11-25 11:12:56 - [TEST_STEP][PASSED] - response_searchME_spouse = reqid_spouse: null

2022-11-25 11:12:56 - [TEST_STEP][PASSED] - println("kons req id is :" + response_searchME_kons): null

2022-11-25 11:12:56 - [TEST_STEP][PASSED] - println("spouse req id is : " + response_searchME_spouse): null

2022-11-25 11:12:56 - [TEST_STEP][PASSED] - verifyResponseStatusCode(req_data, 200): Verify response status code successfully

2022-11-25 11:12:56 - [MESSAGE][PASSED] - Verify response status code successfully

2022-11-25 11:12:56 - [TEST_STEP][PASSED] - response = req_data.getResponseText(): null

2022-11-25 11:12:56 - [TEST_STEP][PASSED] - logInfo($response): {"status":"Done","data":{"requestid1":"255763","requestid2":"255764"}}

2022-11-25 11:12:56 - [MESSAGE][INFO] - {"status":"Done","data":{"requestid1":"255763","requestid2":"255764"}}

2022-11-25 11:12:56 - [TEST_STEP][PASSED] - delay(5): Delayed 5 second(s)

2022-11-25 11:13:01 - [MESSAGE][PASSED] - Delayed 5 second(s)

2022-11-25 11:13:01 - [TEST_STEP][PASSED] - scoring = sendRequest(findTestObject("EngineScore", ["response_searchME_kons":response_searchME_kons, "response_searchME_spouse":response_searchME_spouse])): Send request successfully

2022-11-25 11:13:01 - [MESSAGE][INFO] - HAR: D:\DMS\Engine Scoring\Reports\20221125_111232\Exclude KKB - DS - Married\Scoring Married - CS New\20221125_111233\requests\main\5.har

2022-11-25 11:13:01 - [MESSAGE][PASSED] - Send request successfully

2022-11-25 11:13:01 - [TEST_STEP][PASSED] - verifyResponseStatusCode(scoring, 200): Verify response status code successfully

2022-11-25 11:13:01 - [MESSAGE][PASSED] - Verify response status code successfully

2022-11-25 11:13:01 - [TEST_STEP][PASSED] - response2 = scoring.getResponseText(): null

2022-11-25 11:13:01 - [TEST_STEP][PASSED] - markPassed("result service data ke : " + no): result service data ke : 3

2022-11-25 11:13:01 - [MESSAGE][PASSED] - result service data ke : 3

2022-11-25 11:13:01 - [TEST_STEP][PASSED] - logInfo($response2): {"result_konsumen":"Reguler","result_pasangan":"Reguler","Final_result":"Reguler","errorMessage":"","status":"Done"}

2022-11-25 11:13:01 - [MESSAGE][INFO] - {"result_konsumen":"Reguler","result_pasangan":"Reguler","Final_result":"Reguler","errorMessage":"","status":"Done"}

2022-11-25 11:13:01 - [TEST_STEP][PASSED] - verifyElementPropertyValue(scoring, "Final_result", final_result): Verify element property value successfully

2022-11-25 11:13:01 - [MESSAGE][PASSED] - Verify element property value successfully]]></system-out>
         <system-err><![CDATA[]]></system-err>
      </testcase>
      <testcase name="Test Cases/Engine_Scoring/Engine Scoring" time="6.608" classname="Test Cases/Engine_Scoring/Engine Scoring" status="PASSED">
         <system-out><![CDATA[2022-11-25 11:13:01 - [TEST_CASE][PASSED] - Test Cases/Engine_Scoring/Engine Scoring: Test Cases/Engine_Scoring/Engine Scoring

2022-11-25 11:13:02 - [TEST_STEP][PASSED] - markPassed("Variasi data ke : " + no): Variasi data ke : 4

2022-11-25 11:13:02 - [MESSAGE][PASSED] - Variasi data ke : 4

2022-11-25 11:13:02 - [TEST_STEP][PASSED] - req_data = sendRequest(findTestObject("Search_ME", ["MID":MID, "source":source, "ip":ip, "userid":userid, "branch":branch, "tipekons":tipekons, "marital":marital, "penjamin":penjamin, ... ])): Send request successfully

2022-11-25 11:13:03 - [MESSAGE][INFO] - HAR: D:\DMS\Engine Scoring\Reports\20221125_111232\Exclude KKB - DS - Married\Scoring Married - CS New\20221125_111233\requests\main\6.har

2022-11-25 11:13:03 - [MESSAGE][PASSED] - Send request successfully

2022-11-25 11:13:03 - [TEST_STEP][PASSED] - slurper = new groovy.json.JsonSlurper(): null

2022-11-25 11:13:03 - [TEST_STEP][PASSED] - result = slurper.parseText(req_data.getResponseBodyContent()): null

2022-11-25 11:13:03 - [TEST_STEP][PASSED] - reqid_kons = requestid1: null

2022-11-25 11:13:03 - [TEST_STEP][PASSED] - reqid_spouse = requestid2: null

2022-11-25 11:13:03 - [TEST_STEP][PASSED] - println("requestid kons : " + reqid_kons): null

2022-11-25 11:13:03 - [TEST_STEP][PASSED] - response_searchME_kons = reqid_kons: null

2022-11-25 11:13:03 - [TEST_STEP][PASSED] - response_searchME_spouse = reqid_spouse: null

2022-11-25 11:13:03 - [TEST_STEP][PASSED] - println("kons req id is :" + response_searchME_kons): null

2022-11-25 11:13:03 - [TEST_STEP][PASSED] - println("spouse req id is : " + response_searchME_spouse): null

2022-11-25 11:13:03 - [TEST_STEP][PASSED] - verifyResponseStatusCode(req_data, 200): Verify response status code successfully

2022-11-25 11:13:03 - [MESSAGE][PASSED] - Verify response status code successfully

2022-11-25 11:13:03 - [TEST_STEP][PASSED] - response = req_data.getResponseText(): null

2022-11-25 11:13:03 - [TEST_STEP][PASSED] - logInfo($response): {"status":"Done","data":{"requestid1":"255765","requestid2":"255766"}}

2022-11-25 11:13:03 - [MESSAGE][INFO] - {"status":"Done","data":{"requestid1":"255765","requestid2":"255766"}}

2022-11-25 11:13:03 - [TEST_STEP][PASSED] - delay(5): Delayed 5 second(s)

2022-11-25 11:13:08 - [MESSAGE][PASSED] - Delayed 5 second(s)

2022-11-25 11:13:08 - [TEST_STEP][PASSED] - scoring = sendRequest(findTestObject("EngineScore", ["response_searchME_kons":response_searchME_kons, "response_searchME_spouse":response_searchME_spouse])): Send request successfully

2022-11-25 11:13:08 - [MESSAGE][INFO] - HAR: D:\DMS\Engine Scoring\Reports\20221125_111232\Exclude KKB - DS - Married\Scoring Married - CS New\20221125_111233\requests\main\7.har

2022-11-25 11:13:08 - [MESSAGE][PASSED] - Send request successfully

2022-11-25 11:13:08 - [TEST_STEP][PASSED] - verifyResponseStatusCode(scoring, 200): Verify response status code successfully

2022-11-25 11:13:08 - [MESSAGE][PASSED] - Verify response status code successfully

2022-11-25 11:13:08 - [TEST_STEP][PASSED] - response2 = scoring.getResponseText(): null

2022-11-25 11:13:08 - [TEST_STEP][PASSED] - markPassed("result service data ke : " + no): result service data ke : 4

2022-11-25 11:13:08 - [MESSAGE][PASSED] - result service data ke : 4

2022-11-25 11:13:08 - [TEST_STEP][PASSED] - logInfo($response2): {"result_konsumen":"Reguler","result_pasangan":"Reguler","Final_result":"Reguler","errorMessage":"","status":"Done"}

2022-11-25 11:13:08 - [MESSAGE][INFO] - {"result_konsumen":"Reguler","result_pasangan":"Reguler","Final_result":"Reguler","errorMessage":"","status":"Done"}

2022-11-25 11:13:08 - [TEST_STEP][PASSED] - verifyElementPropertyValue(scoring, "Final_result", final_result): Verify element property value successfully

2022-11-25 11:13:08 - [MESSAGE][PASSED] - Verify element property value successfully]]></system-out>
         <system-err><![CDATA[]]></system-err>
      </testcase>
      <testcase name="Test Cases/Engine_Scoring/Engine Scoring" time="6.659" classname="Test Cases/Engine_Scoring/Engine Scoring" status="PASSED">
         <system-out><![CDATA[2022-11-25 11:13:08 - [TEST_CASE][PASSED] - Test Cases/Engine_Scoring/Engine Scoring: Test Cases/Engine_Scoring/Engine Scoring

2022-11-25 11:13:09 - [TEST_STEP][PASSED] - markPassed("Variasi data ke : " + no): Variasi data ke : 5

2022-11-25 11:13:09 - [MESSAGE][PASSED] - Variasi data ke : 5

2022-11-25 11:13:09 - [TEST_STEP][PASSED] - req_data = sendRequest(findTestObject("Search_ME", ["MID":MID, "source":source, "ip":ip, "userid":userid, "branch":branch, "tipekons":tipekons, "marital":marital, "penjamin":penjamin, ... ])): Send request successfully

2022-11-25 11:13:10 - [MESSAGE][INFO] - HAR: D:\DMS\Engine Scoring\Reports\20221125_111232\Exclude KKB - DS - Married\Scoring Married - CS New\20221125_111233\requests\main\8.har

2022-11-25 11:13:10 - [MESSAGE][PASSED] - Send request successfully

2022-11-25 11:13:10 - [TEST_STEP][PASSED] - slurper = new groovy.json.JsonSlurper(): null

2022-11-25 11:13:10 - [TEST_STEP][PASSED] - result = slurper.parseText(req_data.getResponseBodyContent()): null

2022-11-25 11:13:10 - [TEST_STEP][PASSED] - reqid_kons = requestid1: null

2022-11-25 11:13:10 - [TEST_STEP][PASSED] - reqid_spouse = requestid2: null

2022-11-25 11:13:10 - [TEST_STEP][PASSED] - println("requestid kons : " + reqid_kons): null

2022-11-25 11:13:10 - [TEST_STEP][PASSED] - response_searchME_kons = reqid_kons: null

2022-11-25 11:13:10 - [TEST_STEP][PASSED] - response_searchME_spouse = reqid_spouse: null

2022-11-25 11:13:10 - [TEST_STEP][PASSED] - println("kons req id is :" + response_searchME_kons): null

2022-11-25 11:13:10 - [TEST_STEP][PASSED] - println("spouse req id is : " + response_searchME_spouse): null

2022-11-25 11:13:10 - [TEST_STEP][PASSED] - verifyResponseStatusCode(req_data, 200): Verify response status code successfully

2022-11-25 11:13:10 - [MESSAGE][PASSED] - Verify response status code successfully

2022-11-25 11:13:10 - [TEST_STEP][PASSED] - response = req_data.getResponseText(): null

2022-11-25 11:13:10 - [TEST_STEP][PASSED] - logInfo($response): {"status":"Done","data":{"requestid1":"255767","requestid2":"255768"}}

2022-11-25 11:13:10 - [MESSAGE][INFO] - {"status":"Done","data":{"requestid1":"255767","requestid2":"255768"}}

2022-11-25 11:13:10 - [TEST_STEP][PASSED] - delay(5): Delayed 5 second(s)

2022-11-25 11:13:15 - [MESSAGE][PASSED] - Delayed 5 second(s)

2022-11-25 11:13:15 - [TEST_STEP][PASSED] - scoring = sendRequest(findTestObject("EngineScore", ["response_searchME_kons":response_searchME_kons, "response_searchME_spouse":response_searchME_spouse])): Send request successfully

2022-11-25 11:13:15 - [MESSAGE][INFO] - HAR: D:\DMS\Engine Scoring\Reports\20221125_111232\Exclude KKB - DS - Married\Scoring Married - CS New\20221125_111233\requests\main\9.har

2022-11-25 11:13:15 - [MESSAGE][PASSED] - Send request successfully

2022-11-25 11:13:15 - [TEST_STEP][PASSED] - verifyResponseStatusCode(scoring, 200): Verify response status code successfully

2022-11-25 11:13:15 - [MESSAGE][PASSED] - Verify response status code successfully

2022-11-25 11:13:15 - [TEST_STEP][PASSED] - response2 = scoring.getResponseText(): null

2022-11-25 11:13:15 - [TEST_STEP][PASSED] - markPassed("result service data ke : " + no): result service data ke : 5

2022-11-25 11:13:15 - [MESSAGE][PASSED] - result service data ke : 5

2022-11-25 11:13:15 - [TEST_STEP][PASSED] - logInfo($response2): {"result_konsumen":"Reguler","result_pasangan":"Reject","Final_result":"Reject","errorMessage":"","status":"Done"}

2022-11-25 11:13:15 - [MESSAGE][INFO] - {"result_konsumen":"Reguler","result_pasangan":"Reject","Final_result":"Reject","errorMessage":"","status":"Done"}

2022-11-25 11:13:15 - [TEST_STEP][PASSED] - verifyElementPropertyValue(scoring, "Final_result", final_result): Verify element property value successfully

2022-11-25 11:13:15 - [MESSAGE][PASSED] - Verify element property value successfully]]></system-out>
         <system-err><![CDATA[]]></system-err>
      </testcase>
      <testcase name="Test Cases/Engine_Scoring/Engine Scoring" time="6.564" classname="Test Cases/Engine_Scoring/Engine Scoring" status="PASSED">
         <system-out><![CDATA[2022-11-25 11:13:15 - [TEST_CASE][PASSED] - Test Cases/Engine_Scoring/Engine Scoring: Test Cases/Engine_Scoring/Engine Scoring

2022-11-25 11:13:16 - [TEST_STEP][PASSED] - markPassed("Variasi data ke : " + no): Variasi data ke : 6

2022-11-25 11:13:16 - [MESSAGE][PASSED] - Variasi data ke : 6

2022-11-25 11:13:16 - [TEST_STEP][PASSED] - req_data = sendRequest(findTestObject("Search_ME", ["MID":MID, "source":source, "ip":ip, "userid":userid, "branch":branch, "tipekons":tipekons, "marital":marital, "penjamin":penjamin, ... ])): Send request successfully

2022-11-25 11:13:16 - [MESSAGE][INFO] - HAR: D:\DMS\Engine Scoring\Reports\20221125_111232\Exclude KKB - DS - Married\Scoring Married - CS New\20221125_111233\requests\main\10.har

2022-11-25 11:13:16 - [MESSAGE][PASSED] - Send request successfully

2022-11-25 11:13:16 - [TEST_STEP][PASSED] - slurper = new groovy.json.JsonSlurper(): null

2022-11-25 11:13:16 - [TEST_STEP][PASSED] - result = slurper.parseText(req_data.getResponseBodyContent()): null

2022-11-25 11:13:16 - [TEST_STEP][PASSED] - reqid_kons = requestid1: null

2022-11-25 11:13:16 - [TEST_STEP][PASSED] - reqid_spouse = requestid2: null

2022-11-25 11:13:16 - [TEST_STEP][PASSED] - println("requestid kons : " + reqid_kons): null

2022-11-25 11:13:16 - [TEST_STEP][PASSED] - response_searchME_kons = reqid_kons: null

2022-11-25 11:13:16 - [TEST_STEP][PASSED] - response_searchME_spouse = reqid_spouse: null

2022-11-25 11:13:16 - [TEST_STEP][PASSED] - println("kons req id is :" + response_searchME_kons): null

2022-11-25 11:13:16 - [TEST_STEP][PASSED] - println("spouse req id is : " + response_searchME_spouse): null

2022-11-25 11:13:16 - [TEST_STEP][PASSED] - verifyResponseStatusCode(req_data, 200): Verify response status code successfully

2022-11-25 11:13:16 - [MESSAGE][PASSED] - Verify response status code successfully

2022-11-25 11:13:16 - [TEST_STEP][PASSED] - response = req_data.getResponseText(): null

2022-11-25 11:13:16 - [TEST_STEP][PASSED] - logInfo($response): {"status":"Done","data":{"requestid1":"255769","requestid2":"255770"}}

2022-11-25 11:13:16 - [MESSAGE][INFO] - {"status":"Done","data":{"requestid1":"255769","requestid2":"255770"}}

2022-11-25 11:13:16 - [TEST_STEP][PASSED] - delay(5): Delayed 5 second(s)

2022-11-25 11:13:21 - [MESSAGE][PASSED] - Delayed 5 second(s)

2022-11-25 11:13:21 - [TEST_STEP][PASSED] - scoring = sendRequest(findTestObject("EngineScore", ["response_searchME_kons":response_searchME_kons, "response_searchME_spouse":response_searchME_spouse])): Send request successfully

2022-11-25 11:13:21 - [MESSAGE][INFO] - HAR: D:\DMS\Engine Scoring\Reports\20221125_111232\Exclude KKB - DS - Married\Scoring Married - CS New\20221125_111233\requests\main\11.har

2022-11-25 11:13:21 - [MESSAGE][PASSED] - Send request successfully

2022-11-25 11:13:21 - [TEST_STEP][PASSED] - verifyResponseStatusCode(scoring, 200): Verify response status code successfully

2022-11-25 11:13:21 - [MESSAGE][PASSED] - Verify response status code successfully

2022-11-25 11:13:21 - [TEST_STEP][PASSED] - response2 = scoring.getResponseText(): null

2022-11-25 11:13:21 - [TEST_STEP][PASSED] - markPassed("result service data ke : " + no): result service data ke : 6

2022-11-25 11:13:21 - [MESSAGE][PASSED] - result service data ke : 6

2022-11-25 11:13:21 - [TEST_STEP][PASSED] - logInfo($response2): {"result_konsumen":"Reguler","result_pasangan":"Reject","Final_result":"Reject","errorMessage":"","status":"Done"}

2022-11-25 11:13:21 - [MESSAGE][INFO] - {"result_konsumen":"Reguler","result_pasangan":"Reject","Final_result":"Reject","errorMessage":"","status":"Done"}

2022-11-25 11:13:21 - [TEST_STEP][PASSED] - verifyElementPropertyValue(scoring, "Final_result", final_result): Verify element property value successfully

2022-11-25 11:13:21 - [MESSAGE][PASSED] - Verify element property value successfully]]></system-out>
         <system-err><![CDATA[]]></system-err>
      </testcase>
      <testcase name="Test Cases/Engine_Scoring/Engine Scoring" time="6.591" classname="Test Cases/Engine_Scoring/Engine Scoring" status="PASSED">
         <system-out><![CDATA[2022-11-25 11:13:21 - [TEST_CASE][PASSED] - Test Cases/Engine_Scoring/Engine Scoring: Test Cases/Engine_Scoring/Engine Scoring

2022-11-25 11:13:22 - [TEST_STEP][PASSED] - markPassed("Variasi data ke : " + no): Variasi data ke : 7

2022-11-25 11:13:22 - [MESSAGE][PASSED] - Variasi data ke : 7

2022-11-25 11:13:22 - [TEST_STEP][PASSED] - req_data = sendRequest(findTestObject("Search_ME", ["MID":MID, "source":source, "ip":ip, "userid":userid, "branch":branch, "tipekons":tipekons, "marital":marital, "penjamin":penjamin, ... ])): Send request successfully

2022-11-25 11:13:23 - [MESSAGE][INFO] - HAR: D:\DMS\Engine Scoring\Reports\20221125_111232\Exclude KKB - DS - Married\Scoring Married - CS New\20221125_111233\requests\main\12.har

2022-11-25 11:13:23 - [MESSAGE][PASSED] - Send request successfully

2022-11-25 11:13:23 - [TEST_STEP][PASSED] - slurper = new groovy.json.JsonSlurper(): null

2022-11-25 11:13:23 - [TEST_STEP][PASSED] - result = slurper.parseText(req_data.getResponseBodyContent()): null

2022-11-25 11:13:23 - [TEST_STEP][PASSED] - reqid_kons = requestid1: null

2022-11-25 11:13:23 - [TEST_STEP][PASSED] - reqid_spouse = requestid2: null

2022-11-25 11:13:23 - [TEST_STEP][PASSED] - println("requestid kons : " + reqid_kons): null

2022-11-25 11:13:23 - [TEST_STEP][PASSED] - response_searchME_kons = reqid_kons: null

2022-11-25 11:13:23 - [TEST_STEP][PASSED] - response_searchME_spouse = reqid_spouse: null

2022-11-25 11:13:23 - [TEST_STEP][PASSED] - println("kons req id is :" + response_searchME_kons): null

2022-11-25 11:13:23 - [TEST_STEP][PASSED] - println("spouse req id is : " + response_searchME_spouse): null

2022-11-25 11:13:23 - [TEST_STEP][PASSED] - verifyResponseStatusCode(req_data, 200): Verify response status code successfully

2022-11-25 11:13:23 - [MESSAGE][PASSED] - Verify response status code successfully

2022-11-25 11:13:23 - [TEST_STEP][PASSED] - response = req_data.getResponseText(): null

2022-11-25 11:13:23 - [TEST_STEP][PASSED] - logInfo($response): {"status":"Done","data":{"requestid1":"255771","requestid2":"255772"}}

2022-11-25 11:13:23 - [MESSAGE][INFO] - {"status":"Done","data":{"requestid1":"255771","requestid2":"255772"}}

2022-11-25 11:13:23 - [TEST_STEP][PASSED] - delay(5): Delayed 5 second(s)

2022-11-25 11:13:28 - [MESSAGE][PASSED] - Delayed 5 second(s)

2022-11-25 11:13:28 - [TEST_STEP][PASSED] - scoring = sendRequest(findTestObject("EngineScore", ["response_searchME_kons":response_searchME_kons, "response_searchME_spouse":response_searchME_spouse])): Send request successfully

2022-11-25 11:13:28 - [MESSAGE][INFO] - HAR: D:\DMS\Engine Scoring\Reports\20221125_111232\Exclude KKB - DS - Married\Scoring Married - CS New\20221125_111233\requests\main\13.har

2022-11-25 11:13:28 - [MESSAGE][PASSED] - Send request successfully

2022-11-25 11:13:28 - [TEST_STEP][PASSED] - verifyResponseStatusCode(scoring, 200): Verify response status code successfully

2022-11-25 11:13:28 - [MESSAGE][PASSED] - Verify response status code successfully

2022-11-25 11:13:28 - [TEST_STEP][PASSED] - response2 = scoring.getResponseText(): null

2022-11-25 11:13:28 - [TEST_STEP][PASSED] - markPassed("result service data ke : " + no): result service data ke : 7

2022-11-25 11:13:28 - [MESSAGE][PASSED] - result service data ke : 7

2022-11-25 11:13:28 - [TEST_STEP][PASSED] - logInfo($response2): {"result_konsumen":"Reguler","result_pasangan":"Reject","Final_result":"Reject","errorMessage":"","status":"Done"}

2022-11-25 11:13:28 - [MESSAGE][INFO] - {"result_konsumen":"Reguler","result_pasangan":"Reject","Final_result":"Reject","errorMessage":"","status":"Done"}

2022-11-25 11:13:28 - [TEST_STEP][PASSED] - verifyElementPropertyValue(scoring, "Final_result", final_result): Verify element property value successfully

2022-11-25 11:13:28 - [MESSAGE][PASSED] - Verify element property value successfully]]></system-out>
         <system-err><![CDATA[]]></system-err>
      </testcase>
      <testcase name="Test Cases/Engine_Scoring/Engine Scoring" time="6.538" classname="Test Cases/Engine_Scoring/Engine Scoring" status="PASSED">
         <system-out><![CDATA[2022-11-25 11:13:28 - [TEST_CASE][PASSED] - Test Cases/Engine_Scoring/Engine Scoring: Test Cases/Engine_Scoring/Engine Scoring

2022-11-25 11:13:29 - [TEST_STEP][PASSED] - markPassed("Variasi data ke : " + no): Variasi data ke : 8

2022-11-25 11:13:29 - [MESSAGE][PASSED] - Variasi data ke : 8

2022-11-25 11:13:29 - [TEST_STEP][PASSED] - req_data = sendRequest(findTestObject("Search_ME", ["MID":MID, "source":source, "ip":ip, "userid":userid, "branch":branch, "tipekons":tipekons, "marital":marital, "penjamin":penjamin, ... ])): Send request successfully

2022-11-25 11:13:29 - [MESSAGE][INFO] - HAR: D:\DMS\Engine Scoring\Reports\20221125_111232\Exclude KKB - DS - Married\Scoring Married - CS New\20221125_111233\requests\main\14.har

2022-11-25 11:13:30 - [MESSAGE][PASSED] - Send request successfully

2022-11-25 11:13:30 - [TEST_STEP][PASSED] - slurper = new groovy.json.JsonSlurper(): null

2022-11-25 11:13:30 - [TEST_STEP][PASSED] - result = slurper.parseText(req_data.getResponseBodyContent()): null

2022-11-25 11:13:30 - [TEST_STEP][PASSED] - reqid_kons = requestid1: null

2022-11-25 11:13:30 - [TEST_STEP][PASSED] - reqid_spouse = requestid2: null

2022-11-25 11:13:30 - [TEST_STEP][PASSED] - println("requestid kons : " + reqid_kons): null

2022-11-25 11:13:30 - [TEST_STEP][PASSED] - response_searchME_kons = reqid_kons: null

2022-11-25 11:13:30 - [TEST_STEP][PASSED] - response_searchME_spouse = reqid_spouse: null

2022-11-25 11:13:30 - [TEST_STEP][PASSED] - println("kons req id is :" + response_searchME_kons): null

2022-11-25 11:13:30 - [TEST_STEP][PASSED] - println("spouse req id is : " + response_searchME_spouse): null

2022-11-25 11:13:30 - [TEST_STEP][PASSED] - verifyResponseStatusCode(req_data, 200): Verify response status code successfully

2022-11-25 11:13:30 - [MESSAGE][PASSED] - Verify response status code successfully

2022-11-25 11:13:30 - [TEST_STEP][PASSED] - response = req_data.getResponseText(): null

2022-11-25 11:13:30 - [TEST_STEP][PASSED] - logInfo($response): {"status":"Done","data":{"requestid1":"255773","requestid2":"255774"}}

2022-11-25 11:13:30 - [MESSAGE][INFO] - {"status":"Done","data":{"requestid1":"255773","requestid2":"255774"}}

2022-11-25 11:13:30 - [TEST_STEP][PASSED] - delay(5): Delayed 5 second(s)

2022-11-25 11:13:35 - [MESSAGE][PASSED] - Delayed 5 second(s)

2022-11-25 11:13:35 - [TEST_STEP][PASSED] - scoring = sendRequest(findTestObject("EngineScore", ["response_searchME_kons":response_searchME_kons, "response_searchME_spouse":response_searchME_spouse])): Send request successfully

2022-11-25 11:13:35 - [MESSAGE][INFO] - HAR: D:\DMS\Engine Scoring\Reports\20221125_111232\Exclude KKB - DS - Married\Scoring Married - CS New\20221125_111233\requests\main\15.har

2022-11-25 11:13:35 - [MESSAGE][PASSED] - Send request successfully

2022-11-25 11:13:35 - [TEST_STEP][PASSED] - verifyResponseStatusCode(scoring, 200): Verify response status code successfully

2022-11-25 11:13:35 - [MESSAGE][PASSED] - Verify response status code successfully

2022-11-25 11:13:35 - [TEST_STEP][PASSED] - response2 = scoring.getResponseText(): null

2022-11-25 11:13:35 - [TEST_STEP][PASSED] - markPassed("result service data ke : " + no): result service data ke : 8

2022-11-25 11:13:35 - [MESSAGE][PASSED] - result service data ke : 8

2022-11-25 11:13:35 - [TEST_STEP][PASSED] - logInfo($response2): {"result_konsumen":"Reguler","result_pasangan":"Reguler","Final_result":"Reguler","errorMessage":"","status":"Done"}

2022-11-25 11:13:35 - [MESSAGE][INFO] - {"result_konsumen":"Reguler","result_pasangan":"Reguler","Final_result":"Reguler","errorMessage":"","status":"Done"}

2022-11-25 11:13:35 - [TEST_STEP][PASSED] - verifyElementPropertyValue(scoring, "Final_result", final_result): Verify element property value successfully

2022-11-25 11:13:35 - [MESSAGE][PASSED] - Verify element property value successfully]]></system-out>
         <system-err><![CDATA[]]></system-err>
      </testcase>
      <testcase name="Test Cases/Engine_Scoring/Engine Scoring" time="6.88" classname="Test Cases/Engine_Scoring/Engine Scoring" status="PASSED">
         <system-out><![CDATA[2022-11-25 11:13:35 - [TEST_CASE][PASSED] - Test Cases/Engine_Scoring/Engine Scoring: Test Cases/Engine_Scoring/Engine Scoring

2022-11-25 11:13:35 - [TEST_STEP][PASSED] - markPassed("Variasi data ke : " + no): Variasi data ke : 9

2022-11-25 11:13:35 - [MESSAGE][PASSED] - Variasi data ke : 9

2022-11-25 11:13:35 - [TEST_STEP][PASSED] - req_data = sendRequest(findTestObject("Search_ME", ["MID":MID, "source":source, "ip":ip, "userid":userid, "branch":branch, "tipekons":tipekons, "marital":marital, "penjamin":penjamin, ... ])): Send request successfully

2022-11-25 11:13:36 - [MESSAGE][INFO] - HAR: D:\DMS\Engine Scoring\Reports\20221125_111232\Exclude KKB - DS - Married\Scoring Married - CS New\20221125_111233\requests\main\16.har

2022-11-25 11:13:36 - [MESSAGE][PASSED] - Send request successfully

2022-11-25 11:13:36 - [TEST_STEP][PASSED] - slurper = new groovy.json.JsonSlurper(): null

2022-11-25 11:13:36 - [TEST_STEP][PASSED] - result = slurper.parseText(req_data.getResponseBodyContent()): null

2022-11-25 11:13:36 - [TEST_STEP][PASSED] - reqid_kons = requestid1: null

2022-11-25 11:13:36 - [TEST_STEP][PASSED] - reqid_spouse = requestid2: null

2022-11-25 11:13:36 - [TEST_STEP][PASSED] - println("requestid kons : " + reqid_kons): null

2022-11-25 11:13:36 - [TEST_STEP][PASSED] - response_searchME_kons = reqid_kons: null

2022-11-25 11:13:36 - [TEST_STEP][PASSED] - response_searchME_spouse = reqid_spouse: null

2022-11-25 11:13:36 - [TEST_STEP][PASSED] - println("kons req id is :" + response_searchME_kons): null

2022-11-25 11:13:36 - [TEST_STEP][PASSED] - println("spouse req id is : " + response_searchME_spouse): null

2022-11-25 11:13:36 - [TEST_STEP][PASSED] - verifyResponseStatusCode(req_data, 200): Verify response status code successfully

2022-11-25 11:13:36 - [MESSAGE][PASSED] - Verify response status code successfully

2022-11-25 11:13:36 - [TEST_STEP][PASSED] - response = req_data.getResponseText(): null

2022-11-25 11:13:36 - [TEST_STEP][PASSED] - logInfo($response): {"status":"Done","data":{"requestid1":"255775","requestid2":"255776"}}

2022-11-25 11:13:36 - [MESSAGE][INFO] - {"status":"Done","data":{"requestid1":"255775","requestid2":"255776"}}

2022-11-25 11:13:36 - [TEST_STEP][PASSED] - delay(5): Delayed 5 second(s)

2022-11-25 11:13:41 - [MESSAGE][PASSED] - Delayed 5 second(s)

2022-11-25 11:13:41 - [TEST_STEP][PASSED] - scoring = sendRequest(findTestObject("EngineScore", ["response_searchME_kons":response_searchME_kons, "response_searchME_spouse":response_searchME_spouse])): Send request successfully

2022-11-25 11:13:42 - [MESSAGE][INFO] - HAR: D:\DMS\Engine Scoring\Reports\20221125_111232\Exclude KKB - DS - Married\Scoring Married - CS New\20221125_111233\requests\main\17.har

2022-11-25 11:13:42 - [MESSAGE][PASSED] - Send request successfully

2022-11-25 11:13:42 - [TEST_STEP][PASSED] - verifyResponseStatusCode(scoring, 200): Verify response status code successfully

2022-11-25 11:13:42 - [MESSAGE][PASSED] - Verify response status code successfully

2022-11-25 11:13:42 - [TEST_STEP][PASSED] - response2 = scoring.getResponseText(): null

2022-11-25 11:13:42 - [TEST_STEP][PASSED] - markPassed("result service data ke : " + no): result service data ke : 9

2022-11-25 11:13:42 - [MESSAGE][PASSED] - result service data ke : 9

2022-11-25 11:13:42 - [TEST_STEP][PASSED] - logInfo($response2): {"result_konsumen":"Reguler","result_pasangan":"Reguler","Final_result":"Reguler","errorMessage":"","status":"Done"}

2022-11-25 11:13:42 - [MESSAGE][INFO] - {"result_konsumen":"Reguler","result_pasangan":"Reguler","Final_result":"Reguler","errorMessage":"","status":"Done"}

2022-11-25 11:13:42 - [TEST_STEP][PASSED] - verifyElementPropertyValue(scoring, "Final_result", final_result): Verify element property value successfully

2022-11-25 11:13:42 - [MESSAGE][PASSED] - Verify element property value successfully]]></system-out>
         <system-err><![CDATA[]]></system-err>
      </testcase>
      <testcase name="Test Cases/Engine_Scoring/Engine Scoring" time="6.488" classname="Test Cases/Engine_Scoring/Engine Scoring" status="PASSED">
         <system-out><![CDATA[2022-11-25 11:13:42 - [TEST_CASE][PASSED] - Test Cases/Engine_Scoring/Engine Scoring: Test Cases/Engine_Scoring/Engine Scoring

2022-11-25 11:13:42 - [TEST_STEP][PASSED] - markPassed("Variasi data ke : " + no): Variasi data ke : 10

2022-11-25 11:13:42 - [MESSAGE][PASSED] - Variasi data ke : 10

2022-11-25 11:13:42 - [TEST_STEP][PASSED] - req_data = sendRequest(findTestObject("Search_ME", ["MID":MID, "source":source, "ip":ip, "userid":userid, "branch":branch, "tipekons":tipekons, "marital":marital, "penjamin":penjamin, ... ])): Send request successfully

2022-11-25 11:13:43 - [MESSAGE][INFO] - HAR: D:\DMS\Engine Scoring\Reports\20221125_111232\Exclude KKB - DS - Married\Scoring Married - CS New\20221125_111233\requests\main\18.har

2022-11-25 11:13:43 - [MESSAGE][PASSED] - Send request successfully

2022-11-25 11:13:43 - [TEST_STEP][PASSED] - slurper = new groovy.json.JsonSlurper(): null

2022-11-25 11:13:43 - [TEST_STEP][PASSED] - result = slurper.parseText(req_data.getResponseBodyContent()): null

2022-11-25 11:13:43 - [TEST_STEP][PASSED] - reqid_kons = requestid1: null

2022-11-25 11:13:43 - [TEST_STEP][PASSED] - reqid_spouse = requestid2: null

2022-11-25 11:13:43 - [TEST_STEP][PASSED] - println("requestid kons : " + reqid_kons): null

2022-11-25 11:13:43 - [TEST_STEP][PASSED] - response_searchME_kons = reqid_kons: null

2022-11-25 11:13:43 - [TEST_STEP][PASSED] - response_searchME_spouse = reqid_spouse: null

2022-11-25 11:13:43 - [TEST_STEP][PASSED] - println("kons req id is :" + response_searchME_kons): null

2022-11-25 11:13:43 - [TEST_STEP][PASSED] - println("spouse req id is : " + response_searchME_spouse): null

2022-11-25 11:13:43 - [TEST_STEP][PASSED] - verifyResponseStatusCode(req_data, 200): Verify response status code successfully

2022-11-25 11:13:43 - [MESSAGE][PASSED] - Verify response status code successfully

2022-11-25 11:13:43 - [TEST_STEP][PASSED] - response = req_data.getResponseText(): null

2022-11-25 11:13:43 - [TEST_STEP][PASSED] - logInfo($response): {"status":"Done","data":{"requestid1":"255777","requestid2":"255778"}}

2022-11-25 11:13:43 - [MESSAGE][INFO] - {"status":"Done","data":{"requestid1":"255777","requestid2":"255778"}}

2022-11-25 11:13:43 - [TEST_STEP][PASSED] - delay(5): Delayed 5 second(s)

2022-11-25 11:13:48 - [MESSAGE][PASSED] - Delayed 5 second(s)

2022-11-25 11:13:48 - [TEST_STEP][PASSED] - scoring = sendRequest(findTestObject("EngineScore", ["response_searchME_kons":response_searchME_kons, "response_searchME_spouse":response_searchME_spouse])): Send request successfully

2022-11-25 11:13:48 - [MESSAGE][INFO] - HAR: D:\DMS\Engine Scoring\Reports\20221125_111232\Exclude KKB - DS - Married\Scoring Married - CS New\20221125_111233\requests\main\19.har

2022-11-25 11:13:48 - [MESSAGE][PASSED] - Send request successfully

2022-11-25 11:13:48 - [TEST_STEP][PASSED] - verifyResponseStatusCode(scoring, 200): Verify response status code successfully

2022-11-25 11:13:48 - [MESSAGE][PASSED] - Verify response status code successfully

2022-11-25 11:13:48 - [TEST_STEP][PASSED] - response2 = scoring.getResponseText(): null

2022-11-25 11:13:48 - [TEST_STEP][PASSED] - markPassed("result service data ke : " + no): result service data ke : 10

2022-11-25 11:13:48 - [MESSAGE][PASSED] - result service data ke : 10

2022-11-25 11:13:48 - [TEST_STEP][PASSED] - logInfo($response2): {"result_konsumen":"Reguler","result_pasangan":"Approve","Final_result":"Reguler","errorMessage":"","status":"Done"}

2022-11-25 11:13:48 - [MESSAGE][INFO] - {"result_konsumen":"Reguler","result_pasangan":"Approve","Final_result":"Reguler","errorMessage":"","status":"Done"}

2022-11-25 11:13:48 - [TEST_STEP][PASSED] - verifyElementPropertyValue(scoring, "Final_result", final_result): Verify element property value successfully

2022-11-25 11:13:48 - [MESSAGE][PASSED] - Verify element property value successfully]]></system-out>
         <system-err><![CDATA[]]></system-err>
      </testcase>
      <testcase name="Test Cases/Engine_Scoring/Engine Scoring" time="7.46" classname="Test Cases/Engine_Scoring/Engine Scoring" status="PASSED">
         <system-out><![CDATA[2022-11-25 11:13:48 - [TEST_CASE][PASSED] - Test Cases/Engine_Scoring/Engine Scoring: Test Cases/Engine_Scoring/Engine Scoring

2022-11-25 11:13:49 - [TEST_STEP][PASSED] - markPassed("Variasi data ke : " + no): Variasi data ke : 11

2022-11-25 11:13:49 - [MESSAGE][PASSED] - Variasi data ke : 11

2022-11-25 11:13:49 - [TEST_STEP][PASSED] - req_data = sendRequest(findTestObject("Search_ME", ["MID":MID, "source":source, "ip":ip, "userid":userid, "branch":branch, "tipekons":tipekons, "marital":marital, "penjamin":penjamin, ... ])): Send request successfully

2022-11-25 11:13:50 - [MESSAGE][INFO] - HAR: D:\DMS\Engine Scoring\Reports\20221125_111232\Exclude KKB - DS - Married\Scoring Married - CS New\20221125_111233\requests\main\20.har

2022-11-25 11:13:50 - [MESSAGE][PASSED] - Send request successfully

2022-11-25 11:13:50 - [TEST_STEP][PASSED] - slurper = new groovy.json.JsonSlurper(): null

2022-11-25 11:13:50 - [TEST_STEP][PASSED] - result = slurper.parseText(req_data.getResponseBodyContent()): null

2022-11-25 11:13:50 - [TEST_STEP][PASSED] - reqid_kons = requestid1: null

2022-11-25 11:13:50 - [TEST_STEP][PASSED] - reqid_spouse = requestid2: null

2022-11-25 11:13:50 - [TEST_STEP][PASSED] - println("requestid kons : " + reqid_kons): null

2022-11-25 11:13:50 - [TEST_STEP][PASSED] - response_searchME_kons = reqid_kons: null

2022-11-25 11:13:50 - [TEST_STEP][PASSED] - response_searchME_spouse = reqid_spouse: null

2022-11-25 11:13:50 - [TEST_STEP][PASSED] - println("kons req id is :" + response_searchME_kons): null

2022-11-25 11:13:50 - [TEST_STEP][PASSED] - println("spouse req id is : " + response_searchME_spouse): null

2022-11-25 11:13:50 - [TEST_STEP][PASSED] - verifyResponseStatusCode(req_data, 200): Verify response status code successfully

2022-11-25 11:13:50 - [MESSAGE][PASSED] - Verify response status code successfully

2022-11-25 11:13:50 - [TEST_STEP][PASSED] - response = req_data.getResponseText(): null

2022-11-25 11:13:50 - [TEST_STEP][PASSED] - logInfo($response): {"status":"Done","data":{"requestid1":"255779","requestid2":"255780"}}

2022-11-25 11:13:50 - [MESSAGE][INFO] - {"status":"Done","data":{"requestid1":"255779","requestid2":"255780"}}

2022-11-25 11:13:50 - [TEST_STEP][PASSED] - delay(5): Delayed 5 second(s)

2022-11-25 11:13:55 - [MESSAGE][PASSED] - Delayed 5 second(s)

2022-11-25 11:13:55 - [TEST_STEP][PASSED] - scoring = sendRequest(findTestObject("EngineScore", ["response_searchME_kons":response_searchME_kons, "response_searchME_spouse":response_searchME_spouse])): Send request successfully

2022-11-25 11:13:56 - [MESSAGE][INFO] - HAR: D:\DMS\Engine Scoring\Reports\20221125_111232\Exclude KKB - DS - Married\Scoring Married - CS New\20221125_111233\requests\main\21.har

2022-11-25 11:13:56 - [MESSAGE][PASSED] - Send request successfully

2022-11-25 11:13:56 - [TEST_STEP][PASSED] - verifyResponseStatusCode(scoring, 200): Verify response status code successfully

2022-11-25 11:13:56 - [MESSAGE][PASSED] - Verify response status code successfully

2022-11-25 11:13:56 - [TEST_STEP][PASSED] - response2 = scoring.getResponseText(): null

2022-11-25 11:13:56 - [TEST_STEP][PASSED] - markPassed("result service data ke : " + no): result service data ke : 11

2022-11-25 11:13:56 - [MESSAGE][PASSED] - result service data ke : 11

2022-11-25 11:13:56 - [TEST_STEP][PASSED] - logInfo($response2): {"result_konsumen":"Reguler","result_pasangan":"Approve","Final_result":"Reguler","errorMessage":"","status":"Done"}

2022-11-25 11:13:56 - [MESSAGE][INFO] - {"result_konsumen":"Reguler","result_pasangan":"Approve","Final_result":"Reguler","errorMessage":"","status":"Done"}

2022-11-25 11:13:56 - [TEST_STEP][PASSED] - verifyElementPropertyValue(scoring, "Final_result", final_result): Verify element property value successfully

2022-11-25 11:13:56 - [MESSAGE][PASSED] - Verify element property value successfully]]></system-out>
         <system-err><![CDATA[]]></system-err>
      </testcase>
      <testcase name="Test Cases/Engine_Scoring/Engine Scoring" time="6.581" classname="Test Cases/Engine_Scoring/Engine Scoring" status="PASSED">
         <system-out><![CDATA[2022-11-25 11:13:56 - [TEST_CASE][PASSED] - Test Cases/Engine_Scoring/Engine Scoring: Test Cases/Engine_Scoring/Engine Scoring

2022-11-25 11:13:56 - [TEST_STEP][PASSED] - markPassed("Variasi data ke : " + no): Variasi data ke : 12

2022-11-25 11:13:56 - [MESSAGE][PASSED] - Variasi data ke : 12

2022-11-25 11:13:56 - [TEST_STEP][PASSED] - req_data = sendRequest(findTestObject("Search_ME", ["MID":MID, "source":source, "ip":ip, "userid":userid, "branch":branch, "tipekons":tipekons, "marital":marital, "penjamin":penjamin, ... ])): Send request successfully

2022-11-25 11:13:57 - [MESSAGE][INFO] - HAR: D:\DMS\Engine Scoring\Reports\20221125_111232\Exclude KKB - DS - Married\Scoring Married - CS New\20221125_111233\requests\main\22.har

2022-11-25 11:13:57 - [MESSAGE][PASSED] - Send request successfully

2022-11-25 11:13:57 - [TEST_STEP][PASSED] - slurper = new groovy.json.JsonSlurper(): null

2022-11-25 11:13:57 - [TEST_STEP][PASSED] - result = slurper.parseText(req_data.getResponseBodyContent()): null

2022-11-25 11:13:57 - [TEST_STEP][PASSED] - reqid_kons = requestid1: null

2022-11-25 11:13:57 - [TEST_STEP][PASSED] - reqid_spouse = requestid2: null

2022-11-25 11:13:57 - [TEST_STEP][PASSED] - println("requestid kons : " + reqid_kons): null

2022-11-25 11:13:57 - [TEST_STEP][PASSED] - response_searchME_kons = reqid_kons: null

2022-11-25 11:13:57 - [TEST_STEP][PASSED] - response_searchME_spouse = reqid_spouse: null

2022-11-25 11:13:57 - [TEST_STEP][PASSED] - println("kons req id is :" + response_searchME_kons): null

2022-11-25 11:13:57 - [TEST_STEP][PASSED] - println("spouse req id is : " + response_searchME_spouse): null

2022-11-25 11:13:57 - [TEST_STEP][PASSED] - verifyResponseStatusCode(req_data, 200): Verify response status code successfully

2022-11-25 11:13:57 - [MESSAGE][PASSED] - Verify response status code successfully

2022-11-25 11:13:57 - [TEST_STEP][PASSED] - response = req_data.getResponseText(): null

2022-11-25 11:13:57 - [TEST_STEP][PASSED] - logInfo($response): {"status":"Done","data":{"requestid1":"255781","requestid2":"255782"}}

2022-11-25 11:13:57 - [MESSAGE][INFO] - {"status":"Done","data":{"requestid1":"255781","requestid2":"255782"}}

2022-11-25 11:13:57 - [TEST_STEP][PASSED] - delay(5): Delayed 5 second(s)

2022-11-25 11:14:02 - [MESSAGE][PASSED] - Delayed 5 second(s)

2022-11-25 11:14:02 - [TEST_STEP][PASSED] - scoring = sendRequest(findTestObject("EngineScore", ["response_searchME_kons":response_searchME_kons, "response_searchME_spouse":response_searchME_spouse])): Send request successfully

2022-11-25 11:14:02 - [MESSAGE][INFO] - HAR: D:\DMS\Engine Scoring\Reports\20221125_111232\Exclude KKB - DS - Married\Scoring Married - CS New\20221125_111233\requests\main\23.har

2022-11-25 11:14:02 - [MESSAGE][PASSED] - Send request successfully

2022-11-25 11:14:02 - [TEST_STEP][PASSED] - verifyResponseStatusCode(scoring, 200): Verify response status code successfully

2022-11-25 11:14:02 - [MESSAGE][PASSED] - Verify response status code successfully

2022-11-25 11:14:02 - [TEST_STEP][PASSED] - response2 = scoring.getResponseText(): null

2022-11-25 11:14:02 - [TEST_STEP][PASSED] - markPassed("result service data ke : " + no): result service data ke : 12

2022-11-25 11:14:02 - [MESSAGE][PASSED] - result service data ke : 12

2022-11-25 11:14:02 - [TEST_STEP][PASSED] - logInfo($response2): {"result_konsumen":"Reguler","result_pasangan":"Approve","Final_result":"Reguler","errorMessage":"","status":"Done"}

2022-11-25 11:14:02 - [MESSAGE][INFO] - {"result_konsumen":"Reguler","result_pasangan":"Approve","Final_result":"Reguler","errorMessage":"","status":"Done"}

2022-11-25 11:14:02 - [TEST_STEP][PASSED] - verifyElementPropertyValue(scoring, "Final_result", final_result): Verify element property value successfully

2022-11-25 11:14:02 - [MESSAGE][PASSED] - Verify element property value successfully]]></system-out>
         <system-err><![CDATA[]]></system-err>
      </testcase>
      <testcase name="Test Cases/Engine_Scoring/Engine Scoring" time="6.647" classname="Test Cases/Engine_Scoring/Engine Scoring" status="PASSED">
         <system-out><![CDATA[2022-11-25 11:14:02 - [TEST_CASE][PASSED] - Test Cases/Engine_Scoring/Engine Scoring: Test Cases/Engine_Scoring/Engine Scoring

2022-11-25 11:14:03 - [TEST_STEP][PASSED] - markPassed("Variasi data ke : " + no): Variasi data ke : 13

2022-11-25 11:14:03 - [MESSAGE][PASSED] - Variasi data ke : 13

2022-11-25 11:14:03 - [TEST_STEP][PASSED] - req_data = sendRequest(findTestObject("Search_ME", ["MID":MID, "source":source, "ip":ip, "userid":userid, "branch":branch, "tipekons":tipekons, "marital":marital, "penjamin":penjamin, ... ])): Send request successfully

2022-11-25 11:14:04 - [MESSAGE][INFO] - HAR: D:\DMS\Engine Scoring\Reports\20221125_111232\Exclude KKB - DS - Married\Scoring Married - CS New\20221125_111233\requests\main\24.har

2022-11-25 11:14:04 - [MESSAGE][PASSED] - Send request successfully

2022-11-25 11:14:04 - [TEST_STEP][PASSED] - slurper = new groovy.json.JsonSlurper(): null

2022-11-25 11:14:04 - [TEST_STEP][PASSED] - result = slurper.parseText(req_data.getResponseBodyContent()): null

2022-11-25 11:14:04 - [TEST_STEP][PASSED] - reqid_kons = requestid1: null

2022-11-25 11:14:04 - [TEST_STEP][PASSED] - reqid_spouse = requestid2: null

2022-11-25 11:14:04 - [TEST_STEP][PASSED] - println("requestid kons : " + reqid_kons): null

2022-11-25 11:14:04 - [TEST_STEP][PASSED] - response_searchME_kons = reqid_kons: null

2022-11-25 11:14:04 - [TEST_STEP][PASSED] - response_searchME_spouse = reqid_spouse: null

2022-11-25 11:14:04 - [TEST_STEP][PASSED] - println("kons req id is :" + response_searchME_kons): null

2022-11-25 11:14:04 - [TEST_STEP][PASSED] - println("spouse req id is : " + response_searchME_spouse): null

2022-11-25 11:14:04 - [TEST_STEP][PASSED] - verifyResponseStatusCode(req_data, 200): Verify response status code successfully

2022-11-25 11:14:04 - [MESSAGE][PASSED] - Verify response status code successfully

2022-11-25 11:14:04 - [TEST_STEP][PASSED] - response = req_data.getResponseText(): null

2022-11-25 11:14:04 - [TEST_STEP][PASSED] - logInfo($response): {"status":"Done","data":{"requestid1":"255783","requestid2":"255784"}}

2022-11-25 11:14:04 - [MESSAGE][INFO] - {"status":"Done","data":{"requestid1":"255783","requestid2":"255784"}}

2022-11-25 11:14:04 - [TEST_STEP][PASSED] - delay(5): Delayed 5 second(s)

2022-11-25 11:14:09 - [MESSAGE][PASSED] - Delayed 5 second(s)

2022-11-25 11:14:09 - [TEST_STEP][PASSED] - scoring = sendRequest(findTestObject("EngineScore", ["response_searchME_kons":response_searchME_kons, "response_searchME_spouse":response_searchME_spouse])): Send request successfully

2022-11-25 11:14:09 - [MESSAGE][INFO] - HAR: D:\DMS\Engine Scoring\Reports\20221125_111232\Exclude KKB - DS - Married\Scoring Married - CS New\20221125_111233\requests\main\25.har

2022-11-25 11:14:09 - [MESSAGE][PASSED] - Send request successfully

2022-11-25 11:14:09 - [TEST_STEP][PASSED] - verifyResponseStatusCode(scoring, 200): Verify response status code successfully

2022-11-25 11:14:09 - [MESSAGE][PASSED] - Verify response status code successfully

2022-11-25 11:14:09 - [TEST_STEP][PASSED] - response2 = scoring.getResponseText(): null

2022-11-25 11:14:09 - [TEST_STEP][PASSED] - markPassed("result service data ke : " + no): result service data ke : 13

2022-11-25 11:14:09 - [MESSAGE][PASSED] - result service data ke : 13

2022-11-25 11:14:09 - [TEST_STEP][PASSED] - logInfo($response2): {"result_konsumen":"Reguler","result_pasangan":"Approve","Final_result":"Reguler","errorMessage":"","status":"Done"}

2022-11-25 11:14:09 - [MESSAGE][INFO] - {"result_konsumen":"Reguler","result_pasangan":"Approve","Final_result":"Reguler","errorMessage":"","status":"Done"}

2022-11-25 11:14:09 - [TEST_STEP][PASSED] - verifyElementPropertyValue(scoring, "Final_result", final_result): Verify element property value successfully

2022-11-25 11:14:09 - [MESSAGE][PASSED] - Verify element property value successfully]]></system-out>
         <system-err><![CDATA[]]></system-err>
      </testcase>
      <testcase name="Test Cases/Engine_Scoring/Engine Scoring" time="6.677" classname="Test Cases/Engine_Scoring/Engine Scoring" status="PASSED">
         <system-out><![CDATA[2022-11-25 11:14:09 - [TEST_CASE][PASSED] - Test Cases/Engine_Scoring/Engine Scoring: Test Cases/Engine_Scoring/Engine Scoring

2022-11-25 11:14:10 - [TEST_STEP][PASSED] - markPassed("Variasi data ke : " + no): Variasi data ke : 14

2022-11-25 11:14:10 - [MESSAGE][PASSED] - Variasi data ke : 14

2022-11-25 11:14:10 - [TEST_STEP][PASSED] - req_data = sendRequest(findTestObject("Search_ME", ["MID":MID, "source":source, "ip":ip, "userid":userid, "branch":branch, "tipekons":tipekons, "marital":marital, "penjamin":penjamin, ... ])): Send request successfully

2022-11-25 11:14:11 - [MESSAGE][INFO] - HAR: D:\DMS\Engine Scoring\Reports\20221125_111232\Exclude KKB - DS - Married\Scoring Married - CS New\20221125_111233\requests\main\26.har

2022-11-25 11:14:11 - [MESSAGE][PASSED] - Send request successfully

2022-11-25 11:14:11 - [TEST_STEP][PASSED] - slurper = new groovy.json.JsonSlurper(): null

2022-11-25 11:14:11 - [TEST_STEP][PASSED] - result = slurper.parseText(req_data.getResponseBodyContent()): null

2022-11-25 11:14:11 - [TEST_STEP][PASSED] - reqid_kons = requestid1: null

2022-11-25 11:14:11 - [TEST_STEP][PASSED] - reqid_spouse = requestid2: null

2022-11-25 11:14:11 - [TEST_STEP][PASSED] - println("requestid kons : " + reqid_kons): null

2022-11-25 11:14:11 - [TEST_STEP][PASSED] - response_searchME_kons = reqid_kons: null

2022-11-25 11:14:11 - [TEST_STEP][PASSED] - response_searchME_spouse = reqid_spouse: null

2022-11-25 11:14:11 - [TEST_STEP][PASSED] - println("kons req id is :" + response_searchME_kons): null

2022-11-25 11:14:11 - [TEST_STEP][PASSED] - println("spouse req id is : " + response_searchME_spouse): null

2022-11-25 11:14:11 - [TEST_STEP][PASSED] - verifyResponseStatusCode(req_data, 200): Verify response status code successfully

2022-11-25 11:14:11 - [MESSAGE][PASSED] - Verify response status code successfully

2022-11-25 11:14:11 - [TEST_STEP][PASSED] - response = req_data.getResponseText(): null

2022-11-25 11:14:11 - [TEST_STEP][PASSED] - logInfo($response): {"status":"Done","data":{"requestid1":"255785","requestid2":"255786"}}

2022-11-25 11:14:11 - [MESSAGE][INFO] - {"status":"Done","data":{"requestid1":"255785","requestid2":"255786"}}

2022-11-25 11:14:11 - [TEST_STEP][PASSED] - delay(5): Delayed 5 second(s)

2022-11-25 11:14:16 - [MESSAGE][PASSED] - Delayed 5 second(s)

2022-11-25 11:14:16 - [TEST_STEP][PASSED] - scoring = sendRequest(findTestObject("EngineScore", ["response_searchME_kons":response_searchME_kons, "response_searchME_spouse":response_searchME_spouse])): Send request successfully

2022-11-25 11:14:16 - [MESSAGE][INFO] - HAR: D:\DMS\Engine Scoring\Reports\20221125_111232\Exclude KKB - DS - Married\Scoring Married - CS New\20221125_111233\requests\main\27.har

2022-11-25 11:14:16 - [MESSAGE][PASSED] - Send request successfully

2022-11-25 11:14:16 - [TEST_STEP][PASSED] - verifyResponseStatusCode(scoring, 200): Verify response status code successfully

2022-11-25 11:14:16 - [MESSAGE][PASSED] - Verify response status code successfully

2022-11-25 11:14:16 - [TEST_STEP][PASSED] - response2 = scoring.getResponseText(): null

2022-11-25 11:14:16 - [TEST_STEP][PASSED] - markPassed("result service data ke : " + no): result service data ke : 14

2022-11-25 11:14:16 - [MESSAGE][PASSED] - result service data ke : 14

2022-11-25 11:14:16 - [TEST_STEP][PASSED] - logInfo($response2): {"result_konsumen":"Reguler","result_pasangan":"Reject","Final_result":"Reject","errorMessage":"","status":"Done"}

2022-11-25 11:14:16 - [MESSAGE][INFO] - {"result_konsumen":"Reguler","result_pasangan":"Reject","Final_result":"Reject","errorMessage":"","status":"Done"}

2022-11-25 11:14:16 - [TEST_STEP][PASSED] - verifyElementPropertyValue(scoring, "Final_result", final_result): Verify element property value successfully

2022-11-25 11:14:16 - [MESSAGE][PASSED] - Verify element property value successfully]]></system-out>
         <system-err><![CDATA[]]></system-err>
      </testcase>
      <testcase name="Test Cases/Engine_Scoring/Engine Scoring" time="6.534" classname="Test Cases/Engine_Scoring/Engine Scoring" status="PASSED">
         <system-out><![CDATA[2022-11-25 11:14:16 - [TEST_CASE][PASSED] - Test Cases/Engine_Scoring/Engine Scoring: Test Cases/Engine_Scoring/Engine Scoring

2022-11-25 11:14:16 - [TEST_STEP][PASSED] - markPassed("Variasi data ke : " + no): Variasi data ke : 15

2022-11-25 11:14:16 - [MESSAGE][PASSED] - Variasi data ke : 15

2022-11-25 11:14:16 - [TEST_STEP][PASSED] - req_data = sendRequest(findTestObject("Search_ME", ["MID":MID, "source":source, "ip":ip, "userid":userid, "branch":branch, "tipekons":tipekons, "marital":marital, "penjamin":penjamin, ... ])): Send request successfully

2022-11-25 11:14:17 - [MESSAGE][INFO] - HAR: D:\DMS\Engine Scoring\Reports\20221125_111232\Exclude KKB - DS - Married\Scoring Married - CS New\20221125_111233\requests\main\28.har

2022-11-25 11:14:17 - [MESSAGE][PASSED] - Send request successfully

2022-11-25 11:14:17 - [TEST_STEP][PASSED] - slurper = new groovy.json.JsonSlurper(): null

2022-11-25 11:14:17 - [TEST_STEP][PASSED] - result = slurper.parseText(req_data.getResponseBodyContent()): null

2022-11-25 11:14:17 - [TEST_STEP][PASSED] - reqid_kons = requestid1: null

2022-11-25 11:14:17 - [TEST_STEP][PASSED] - reqid_spouse = requestid2: null

2022-11-25 11:14:17 - [TEST_STEP][PASSED] - println("requestid kons : " + reqid_kons): null

2022-11-25 11:14:17 - [TEST_STEP][PASSED] - response_searchME_kons = reqid_kons: null

2022-11-25 11:14:17 - [TEST_STEP][PASSED] - response_searchME_spouse = reqid_spouse: null

2022-11-25 11:14:17 - [TEST_STEP][PASSED] - println("kons req id is :" + response_searchME_kons): null

2022-11-25 11:14:17 - [TEST_STEP][PASSED] - println("spouse req id is : " + response_searchME_spouse): null

2022-11-25 11:14:17 - [TEST_STEP][PASSED] - verifyResponseStatusCode(req_data, 200): Verify response status code successfully

2022-11-25 11:14:17 - [MESSAGE][PASSED] - Verify response status code successfully

2022-11-25 11:14:17 - [TEST_STEP][PASSED] - response = req_data.getResponseText(): null

2022-11-25 11:14:17 - [TEST_STEP][PASSED] - logInfo($response): {"status":"Done","data":{"requestid1":"255787","requestid2":"255788"}}

2022-11-25 11:14:17 - [MESSAGE][INFO] - {"status":"Done","data":{"requestid1":"255787","requestid2":"255788"}}

2022-11-25 11:14:17 - [TEST_STEP][PASSED] - delay(5): Delayed 5 second(s)

2022-11-25 11:14:22 - [MESSAGE][PASSED] - Delayed 5 second(s)

2022-11-25 11:14:22 - [TEST_STEP][PASSED] - scoring = sendRequest(findTestObject("EngineScore", ["response_searchME_kons":response_searchME_kons, "response_searchME_spouse":response_searchME_spouse])): Send request successfully

2022-11-25 11:14:22 - [MESSAGE][INFO] - HAR: D:\DMS\Engine Scoring\Reports\20221125_111232\Exclude KKB - DS - Married\Scoring Married - CS New\20221125_111233\requests\main\29.har

2022-11-25 11:14:22 - [MESSAGE][PASSED] - Send request successfully

2022-11-25 11:14:22 - [TEST_STEP][PASSED] - verifyResponseStatusCode(scoring, 200): Verify response status code successfully

2022-11-25 11:14:22 - [MESSAGE][PASSED] - Verify response status code successfully

2022-11-25 11:14:22 - [TEST_STEP][PASSED] - response2 = scoring.getResponseText(): null

2022-11-25 11:14:22 - [TEST_STEP][PASSED] - markPassed("result service data ke : " + no): result service data ke : 15

2022-11-25 11:14:22 - [MESSAGE][PASSED] - result service data ke : 15

2022-11-25 11:14:22 - [TEST_STEP][PASSED] - logInfo($response2): {"result_konsumen":"Reguler","result_pasangan":"Reject","Final_result":"Reject","errorMessage":"","status":"Done"}

2022-11-25 11:14:22 - [MESSAGE][INFO] - {"result_konsumen":"Reguler","result_pasangan":"Reject","Final_result":"Reject","errorMessage":"","status":"Done"}

2022-11-25 11:14:22 - [TEST_STEP][PASSED] - verifyElementPropertyValue(scoring, "Final_result", final_result): Verify element property value successfully

2022-11-25 11:14:22 - [MESSAGE][PASSED] - Verify element property value successfully]]></system-out>
         <system-err><![CDATA[]]></system-err>
      </testcase>
      <testcase name="Test Cases/Engine_Scoring/Engine Scoring" time="6.531" classname="Test Cases/Engine_Scoring/Engine Scoring" status="PASSED">
         <system-out><![CDATA[2022-11-25 11:14:22 - [TEST_CASE][PASSED] - Test Cases/Engine_Scoring/Engine Scoring: Test Cases/Engine_Scoring/Engine Scoring

2022-11-25 11:14:23 - [TEST_STEP][PASSED] - markPassed("Variasi data ke : " + no): Variasi data ke : 16

2022-11-25 11:14:23 - [MESSAGE][PASSED] - Variasi data ke : 16

2022-11-25 11:14:23 - [TEST_STEP][PASSED] - req_data = sendRequest(findTestObject("Search_ME", ["MID":MID, "source":source, "ip":ip, "userid":userid, "branch":branch, "tipekons":tipekons, "marital":marital, "penjamin":penjamin, ... ])): Send request successfully

2022-11-25 11:14:24 - [MESSAGE][INFO] - HAR: D:\DMS\Engine Scoring\Reports\20221125_111232\Exclude KKB - DS - Married\Scoring Married - CS New\20221125_111233\requests\main\30.har

2022-11-25 11:14:24 - [MESSAGE][PASSED] - Send request successfully

2022-11-25 11:14:24 - [TEST_STEP][PASSED] - slurper = new groovy.json.JsonSlurper(): null

2022-11-25 11:14:24 - [TEST_STEP][PASSED] - result = slurper.parseText(req_data.getResponseBodyContent()): null

2022-11-25 11:14:24 - [TEST_STEP][PASSED] - reqid_kons = requestid1: null

2022-11-25 11:14:24 - [TEST_STEP][PASSED] - reqid_spouse = requestid2: null

2022-11-25 11:14:24 - [TEST_STEP][PASSED] - println("requestid kons : " + reqid_kons): null

2022-11-25 11:14:24 - [TEST_STEP][PASSED] - response_searchME_kons = reqid_kons: null

2022-11-25 11:14:24 - [TEST_STEP][PASSED] - response_searchME_spouse = reqid_spouse: null

2022-11-25 11:14:24 - [TEST_STEP][PASSED] - println("kons req id is :" + response_searchME_kons): null

2022-11-25 11:14:24 - [TEST_STEP][PASSED] - println("spouse req id is : " + response_searchME_spouse): null

2022-11-25 11:14:24 - [TEST_STEP][PASSED] - verifyResponseStatusCode(req_data, 200): Verify response status code successfully

2022-11-25 11:14:24 - [MESSAGE][PASSED] - Verify response status code successfully

2022-11-25 11:14:24 - [TEST_STEP][PASSED] - response = req_data.getResponseText(): null

2022-11-25 11:14:24 - [TEST_STEP][PASSED] - logInfo($response): {"status":"Done","data":{"requestid1":"255789","requestid2":"255790"}}

2022-11-25 11:14:24 - [MESSAGE][INFO] - {"status":"Done","data":{"requestid1":"255789","requestid2":"255790"}}

2022-11-25 11:14:24 - [TEST_STEP][PASSED] - delay(5): Delayed 5 second(s)

2022-11-25 11:14:29 - [MESSAGE][PASSED] - Delayed 5 second(s)

2022-11-25 11:14:29 - [TEST_STEP][PASSED] - scoring = sendRequest(findTestObject("EngineScore", ["response_searchME_kons":response_searchME_kons, "response_searchME_spouse":response_searchME_spouse])): Send request successfully

2022-11-25 11:14:29 - [MESSAGE][INFO] - HAR: D:\DMS\Engine Scoring\Reports\20221125_111232\Exclude KKB - DS - Married\Scoring Married - CS New\20221125_111233\requests\main\31.har

2022-11-25 11:14:29 - [MESSAGE][PASSED] - Send request successfully

2022-11-25 11:14:29 - [TEST_STEP][PASSED] - verifyResponseStatusCode(scoring, 200): Verify response status code successfully

2022-11-25 11:14:29 - [MESSAGE][PASSED] - Verify response status code successfully

2022-11-25 11:14:29 - [TEST_STEP][PASSED] - response2 = scoring.getResponseText(): null

2022-11-25 11:14:29 - [TEST_STEP][PASSED] - markPassed("result service data ke : " + no): result service data ke : 16

2022-11-25 11:14:29 - [MESSAGE][PASSED] - result service data ke : 16

2022-11-25 11:14:29 - [TEST_STEP][PASSED] - logInfo($response2): {"result_konsumen":"Reguler","result_pasangan":"Reject","Final_result":"Reject","errorMessage":"","status":"Done"}

2022-11-25 11:14:29 - [MESSAGE][INFO] - {"result_konsumen":"Reguler","result_pasangan":"Reject","Final_result":"Reject","errorMessage":"","status":"Done"}

2022-11-25 11:14:29 - [TEST_STEP][PASSED] - verifyElementPropertyValue(scoring, "Final_result", final_result): Verify element property value successfully

2022-11-25 11:14:29 - [MESSAGE][PASSED] - Verify element property value successfully]]></system-out>
         <system-err><![CDATA[]]></system-err>
      </testcase>
      <testcase name="Test Cases/Engine_Scoring/Engine Scoring" time="6.568" classname="Test Cases/Engine_Scoring/Engine Scoring" status="PASSED">
         <system-out><![CDATA[2022-11-25 11:14:29 - [TEST_CASE][PASSED] - Test Cases/Engine_Scoring/Engine Scoring: Test Cases/Engine_Scoring/Engine Scoring

2022-11-25 11:14:30 - [TEST_STEP][PASSED] - markPassed("Variasi data ke : " + no): Variasi data ke : 17

2022-11-25 11:14:30 - [MESSAGE][PASSED] - Variasi data ke : 17

2022-11-25 11:14:30 - [TEST_STEP][PASSED] - req_data = sendRequest(findTestObject("Search_ME", ["MID":MID, "source":source, "ip":ip, "userid":userid, "branch":branch, "tipekons":tipekons, "marital":marital, "penjamin":penjamin, ... ])): Send request successfully

2022-11-25 11:14:30 - [MESSAGE][INFO] - HAR: D:\DMS\Engine Scoring\Reports\20221125_111232\Exclude KKB - DS - Married\Scoring Married - CS New\20221125_111233\requests\main\32.har

2022-11-25 11:14:30 - [MESSAGE][PASSED] - Send request successfully

2022-11-25 11:14:30 - [TEST_STEP][PASSED] - slurper = new groovy.json.JsonSlurper(): null

2022-11-25 11:14:30 - [TEST_STEP][PASSED] - result = slurper.parseText(req_data.getResponseBodyContent()): null

2022-11-25 11:14:30 - [TEST_STEP][PASSED] - reqid_kons = requestid1: null

2022-11-25 11:14:30 - [TEST_STEP][PASSED] - reqid_spouse = requestid2: null

2022-11-25 11:14:30 - [TEST_STEP][PASSED] - println("requestid kons : " + reqid_kons): null

2022-11-25 11:14:30 - [TEST_STEP][PASSED] - response_searchME_kons = reqid_kons: null

2022-11-25 11:14:30 - [TEST_STEP][PASSED] - response_searchME_spouse = reqid_spouse: null

2022-11-25 11:14:30 - [TEST_STEP][PASSED] - println("kons req id is :" + response_searchME_kons): null

2022-11-25 11:14:30 - [TEST_STEP][PASSED] - println("spouse req id is : " + response_searchME_spouse): null

2022-11-25 11:14:30 - [TEST_STEP][PASSED] - verifyResponseStatusCode(req_data, 200): Verify response status code successfully

2022-11-25 11:14:30 - [MESSAGE][PASSED] - Verify response status code successfully

2022-11-25 11:14:30 - [TEST_STEP][PASSED] - response = req_data.getResponseText(): null

2022-11-25 11:14:30 - [TEST_STEP][PASSED] - logInfo($response): {"status":"Done","data":{"requestid1":"255791","requestid2":"255792"}}

2022-11-25 11:14:30 - [MESSAGE][INFO] - {"status":"Done","data":{"requestid1":"255791","requestid2":"255792"}}

2022-11-25 11:14:30 - [TEST_STEP][PASSED] - delay(5): Delayed 5 second(s)

2022-11-25 11:14:35 - [MESSAGE][PASSED] - Delayed 5 second(s)

2022-11-25 11:14:35 - [TEST_STEP][PASSED] - scoring = sendRequest(findTestObject("EngineScore", ["response_searchME_kons":response_searchME_kons, "response_searchME_spouse":response_searchME_spouse])): Send request successfully

2022-11-25 11:14:35 - [MESSAGE][INFO] - HAR: D:\DMS\Engine Scoring\Reports\20221125_111232\Exclude KKB - DS - Married\Scoring Married - CS New\20221125_111233\requests\main\33.har

2022-11-25 11:14:35 - [MESSAGE][PASSED] - Send request successfully

2022-11-25 11:14:35 - [TEST_STEP][PASSED] - verifyResponseStatusCode(scoring, 200): Verify response status code successfully

2022-11-25 11:14:35 - [MESSAGE][PASSED] - Verify response status code successfully

2022-11-25 11:14:35 - [TEST_STEP][PASSED] - response2 = scoring.getResponseText(): null

2022-11-25 11:14:35 - [TEST_STEP][PASSED] - markPassed("result service data ke : " + no): result service data ke : 17

2022-11-25 11:14:35 - [MESSAGE][PASSED] - result service data ke : 17

2022-11-25 11:14:35 - [TEST_STEP][PASSED] - logInfo($response2): {"result_konsumen":"Reguler","result_pasangan":"Reguler","Final_result":"Reguler","errorMessage":"","status":"Done"}

2022-11-25 11:14:35 - [MESSAGE][INFO] - {"result_konsumen":"Reguler","result_pasangan":"Reguler","Final_result":"Reguler","errorMessage":"","status":"Done"}

2022-11-25 11:14:35 - [TEST_STEP][PASSED] - verifyElementPropertyValue(scoring, "Final_result", final_result): Verify element property value successfully

2022-11-25 11:14:35 - [MESSAGE][PASSED] - Verify element property value successfully]]></system-out>
         <system-err><![CDATA[]]></system-err>
      </testcase>
      <testcase name="Test Cases/Engine_Scoring/Engine Scoring" time="6.539" classname="Test Cases/Engine_Scoring/Engine Scoring" status="PASSED">
         <system-out><![CDATA[2022-11-25 11:14:36 - [TEST_CASE][PASSED] - Test Cases/Engine_Scoring/Engine Scoring: Test Cases/Engine_Scoring/Engine Scoring

2022-11-25 11:14:36 - [TEST_STEP][PASSED] - markPassed("Variasi data ke : " + no): Variasi data ke : 18

2022-11-25 11:14:36 - [MESSAGE][PASSED] - Variasi data ke : 18

2022-11-25 11:14:36 - [TEST_STEP][PASSED] - req_data = sendRequest(findTestObject("Search_ME", ["MID":MID, "source":source, "ip":ip, "userid":userid, "branch":branch, "tipekons":tipekons, "marital":marital, "penjamin":penjamin, ... ])): Send request successfully

2022-11-25 11:14:37 - [MESSAGE][INFO] - HAR: D:\DMS\Engine Scoring\Reports\20221125_111232\Exclude KKB - DS - Married\Scoring Married - CS New\20221125_111233\requests\main\34.har

2022-11-25 11:14:37 - [MESSAGE][PASSED] - Send request successfully

2022-11-25 11:14:37 - [TEST_STEP][PASSED] - slurper = new groovy.json.JsonSlurper(): null

2022-11-25 11:14:37 - [TEST_STEP][PASSED] - result = slurper.parseText(req_data.getResponseBodyContent()): null

2022-11-25 11:14:37 - [TEST_STEP][PASSED] - reqid_kons = requestid1: null

2022-11-25 11:14:37 - [TEST_STEP][PASSED] - reqid_spouse = requestid2: null

2022-11-25 11:14:37 - [TEST_STEP][PASSED] - println("requestid kons : " + reqid_kons): null

2022-11-25 11:14:37 - [TEST_STEP][PASSED] - response_searchME_kons = reqid_kons: null

2022-11-25 11:14:37 - [TEST_STEP][PASSED] - response_searchME_spouse = reqid_spouse: null

2022-11-25 11:14:37 - [TEST_STEP][PASSED] - println("kons req id is :" + response_searchME_kons): null

2022-11-25 11:14:37 - [TEST_STEP][PASSED] - println("spouse req id is : " + response_searchME_spouse): null

2022-11-25 11:14:37 - [TEST_STEP][PASSED] - verifyResponseStatusCode(req_data, 200): Verify response status code successfully

2022-11-25 11:14:37 - [MESSAGE][PASSED] - Verify response status code successfully

2022-11-25 11:14:37 - [TEST_STEP][PASSED] - response = req_data.getResponseText(): null

2022-11-25 11:14:37 - [TEST_STEP][PASSED] - logInfo($response): {"status":"Done","data":{"requestid1":"255793","requestid2":"255794"}}

2022-11-25 11:14:37 - [MESSAGE][INFO] - {"status":"Done","data":{"requestid1":"255793","requestid2":"255794"}}

2022-11-25 11:14:37 - [TEST_STEP][PASSED] - delay(5): Delayed 5 second(s)

2022-11-25 11:14:42 - [MESSAGE][PASSED] - Delayed 5 second(s)

2022-11-25 11:14:42 - [TEST_STEP][PASSED] - scoring = sendRequest(findTestObject("EngineScore", ["response_searchME_kons":response_searchME_kons, "response_searchME_spouse":response_searchME_spouse])): Send request successfully

2022-11-25 11:14:42 - [MESSAGE][INFO] - HAR: D:\DMS\Engine Scoring\Reports\20221125_111232\Exclude KKB - DS - Married\Scoring Married - CS New\20221125_111233\requests\main\35.har

2022-11-25 11:14:42 - [MESSAGE][PASSED] - Send request successfully

2022-11-25 11:14:42 - [TEST_STEP][PASSED] - verifyResponseStatusCode(scoring, 200): Verify response status code successfully

2022-11-25 11:14:42 - [MESSAGE][PASSED] - Verify response status code successfully

2022-11-25 11:14:42 - [TEST_STEP][PASSED] - response2 = scoring.getResponseText(): null

2022-11-25 11:14:42 - [TEST_STEP][PASSED] - markPassed("result service data ke : " + no): result service data ke : 18

2022-11-25 11:14:42 - [MESSAGE][PASSED] - result service data ke : 18

2022-11-25 11:14:42 - [TEST_STEP][PASSED] - logInfo($response2): {"result_konsumen":"Reguler","result_pasangan":"Approve","Final_result":"Reguler","errorMessage":"","status":"Done"}

2022-11-25 11:14:42 - [MESSAGE][INFO] - {"result_konsumen":"Reguler","result_pasangan":"Approve","Final_result":"Reguler","errorMessage":"","status":"Done"}

2022-11-25 11:14:42 - [TEST_STEP][PASSED] - verifyElementPropertyValue(scoring, "Final_result", final_result): Verify element property value successfully

2022-11-25 11:14:42 - [MESSAGE][PASSED] - Verify element property value successfully]]></system-out>
         <system-err><![CDATA[]]></system-err>
      </testcase>
      <testcase name="Test Cases/Engine_Scoring/Engine Scoring" time="6.575" classname="Test Cases/Engine_Scoring/Engine Scoring" status="PASSED">
         <system-out><![CDATA[2022-11-25 11:14:42 - [TEST_CASE][PASSED] - Test Cases/Engine_Scoring/Engine Scoring: Test Cases/Engine_Scoring/Engine Scoring

2022-11-25 11:14:43 - [TEST_STEP][PASSED] - markPassed("Variasi data ke : " + no): Variasi data ke : 19

2022-11-25 11:14:43 - [MESSAGE][PASSED] - Variasi data ke : 19

2022-11-25 11:14:43 - [TEST_STEP][PASSED] - req_data = sendRequest(findTestObject("Search_ME", ["MID":MID, "source":source, "ip":ip, "userid":userid, "branch":branch, "tipekons":tipekons, "marital":marital, "penjamin":penjamin, ... ])): Send request successfully

2022-11-25 11:14:44 - [MESSAGE][INFO] - HAR: D:\DMS\Engine Scoring\Reports\20221125_111232\Exclude KKB - DS - Married\Scoring Married - CS New\20221125_111233\requests\main\36.har

2022-11-25 11:14:44 - [MESSAGE][PASSED] - Send request successfully

2022-11-25 11:14:44 - [TEST_STEP][PASSED] - slurper = new groovy.json.JsonSlurper(): null

2022-11-25 11:14:44 - [TEST_STEP][PASSED] - result = slurper.parseText(req_data.getResponseBodyContent()): null

2022-11-25 11:14:44 - [TEST_STEP][PASSED] - reqid_kons = requestid1: null

2022-11-25 11:14:44 - [TEST_STEP][PASSED] - reqid_spouse = requestid2: null

2022-11-25 11:14:44 - [TEST_STEP][PASSED] - println("requestid kons : " + reqid_kons): null

2022-11-25 11:14:44 - [TEST_STEP][PASSED] - response_searchME_kons = reqid_kons: null

2022-11-25 11:14:44 - [TEST_STEP][PASSED] - response_searchME_spouse = reqid_spouse: null

2022-11-25 11:14:44 - [TEST_STEP][PASSED] - println("kons req id is :" + response_searchME_kons): null

2022-11-25 11:14:44 - [TEST_STEP][PASSED] - println("spouse req id is : " + response_searchME_spouse): null

2022-11-25 11:14:44 - [TEST_STEP][PASSED] - verifyResponseStatusCode(req_data, 200): Verify response status code successfully

2022-11-25 11:14:44 - [MESSAGE][PASSED] - Verify response status code successfully

2022-11-25 11:14:44 - [TEST_STEP][PASSED] - response = req_data.getResponseText(): null

2022-11-25 11:14:44 - [TEST_STEP][PASSED] - logInfo($response): {"status":"Done","data":{"requestid1":"255795","requestid2":"255796"}}

2022-11-25 11:14:44 - [MESSAGE][INFO] - {"status":"Done","data":{"requestid1":"255795","requestid2":"255796"}}

2022-11-25 11:14:44 - [TEST_STEP][PASSED] - delay(5): Delayed 5 second(s)

2022-11-25 11:14:49 - [MESSAGE][PASSED] - Delayed 5 second(s)

2022-11-25 11:14:49 - [TEST_STEP][PASSED] - scoring = sendRequest(findTestObject("EngineScore", ["response_searchME_kons":response_searchME_kons, "response_searchME_spouse":response_searchME_spouse])): Send request successfully

2022-11-25 11:14:49 - [MESSAGE][INFO] - HAR: D:\DMS\Engine Scoring\Reports\20221125_111232\Exclude KKB - DS - Married\Scoring Married - CS New\20221125_111233\requests\main\37.har

2022-11-25 11:14:49 - [MESSAGE][PASSED] - Send request successfully

2022-11-25 11:14:49 - [TEST_STEP][PASSED] - verifyResponseStatusCode(scoring, 200): Verify response status code successfully

2022-11-25 11:14:49 - [MESSAGE][PASSED] - Verify response status code successfully

2022-11-25 11:14:49 - [TEST_STEP][PASSED] - response2 = scoring.getResponseText(): null

2022-11-25 11:14:49 - [TEST_STEP][PASSED] - markPassed("result service data ke : " + no): result service data ke : 19

2022-11-25 11:14:49 - [MESSAGE][PASSED] - result service data ke : 19

2022-11-25 11:14:49 - [TEST_STEP][PASSED] - logInfo($response2): {"result_konsumen":"Reject","result_pasangan":"Reguler","Final_result":"Reject","errorMessage":"","status":"Done"}

2022-11-25 11:14:49 - [MESSAGE][INFO] - {"result_konsumen":"Reject","result_pasangan":"Reguler","Final_result":"Reject","errorMessage":"","status":"Done"}

2022-11-25 11:14:49 - [TEST_STEP][PASSED] - verifyElementPropertyValue(scoring, "Final_result", final_result): Verify element property value successfully

2022-11-25 11:14:49 - [MESSAGE][PASSED] - Verify element property value successfully]]></system-out>
         <system-err><![CDATA[]]></system-err>
      </testcase>
      <testcase name="Test Cases/Engine_Scoring/Engine Scoring" time="6.934" classname="Test Cases/Engine_Scoring/Engine Scoring" status="PASSED">
         <system-out><![CDATA[2022-11-25 11:14:49 - [TEST_CASE][PASSED] - Test Cases/Engine_Scoring/Engine Scoring: Test Cases/Engine_Scoring/Engine Scoring

2022-11-25 11:14:49 - [TEST_STEP][PASSED] - markPassed("Variasi data ke : " + no): Variasi data ke : 20

2022-11-25 11:14:49 - [MESSAGE][PASSED] - Variasi data ke : 20

2022-11-25 11:14:49 - [TEST_STEP][PASSED] - req_data = sendRequest(findTestObject("Search_ME", ["MID":MID, "source":source, "ip":ip, "userid":userid, "branch":branch, "tipekons":tipekons, "marital":marital, "penjamin":penjamin, ... ])): Send request successfully

2022-11-25 11:14:51 - [MESSAGE][INFO] - HAR: D:\DMS\Engine Scoring\Reports\20221125_111232\Exclude KKB - DS - Married\Scoring Married - CS New\20221125_111233\requests\main\38.har

2022-11-25 11:14:51 - [MESSAGE][PASSED] - Send request successfully

2022-11-25 11:14:51 - [TEST_STEP][PASSED] - slurper = new groovy.json.JsonSlurper(): null

2022-11-25 11:14:51 - [TEST_STEP][PASSED] - result = slurper.parseText(req_data.getResponseBodyContent()): null

2022-11-25 11:14:51 - [TEST_STEP][PASSED] - reqid_kons = requestid1: null

2022-11-25 11:14:51 - [TEST_STEP][PASSED] - reqid_spouse = requestid2: null

2022-11-25 11:14:51 - [TEST_STEP][PASSED] - println("requestid kons : " + reqid_kons): null

2022-11-25 11:14:51 - [TEST_STEP][PASSED] - response_searchME_kons = reqid_kons: null

2022-11-25 11:14:51 - [TEST_STEP][PASSED] - response_searchME_spouse = reqid_spouse: null

2022-11-25 11:14:51 - [TEST_STEP][PASSED] - println("kons req id is :" + response_searchME_kons): null

2022-11-25 11:14:51 - [TEST_STEP][PASSED] - println("spouse req id is : " + response_searchME_spouse): null

2022-11-25 11:14:51 - [TEST_STEP][PASSED] - verifyResponseStatusCode(req_data, 200): Verify response status code successfully

2022-11-25 11:14:51 - [MESSAGE][PASSED] - Verify response status code successfully

2022-11-25 11:14:51 - [TEST_STEP][PASSED] - response = req_data.getResponseText(): null

2022-11-25 11:14:51 - [TEST_STEP][PASSED] - logInfo($response): {"status":"Done","data":{"requestid1":"255797","requestid2":"255798"}}

2022-11-25 11:14:51 - [MESSAGE][INFO] - {"status":"Done","data":{"requestid1":"255797","requestid2":"255798"}}

2022-11-25 11:14:51 - [TEST_STEP][PASSED] - delay(5): Delayed 5 second(s)

2022-11-25 11:14:56 - [MESSAGE][PASSED] - Delayed 5 second(s)

2022-11-25 11:14:56 - [TEST_STEP][PASSED] - scoring = sendRequest(findTestObject("EngineScore", ["response_searchME_kons":response_searchME_kons, "response_searchME_spouse":response_searchME_spouse])): Send request successfully

2022-11-25 11:14:56 - [MESSAGE][INFO] - HAR: D:\DMS\Engine Scoring\Reports\20221125_111232\Exclude KKB - DS - Married\Scoring Married - CS New\20221125_111233\requests\main\39.har

2022-11-25 11:14:56 - [MESSAGE][PASSED] - Send request successfully

2022-11-25 11:14:56 - [TEST_STEP][PASSED] - verifyResponseStatusCode(scoring, 200): Verify response status code successfully

2022-11-25 11:14:56 - [MESSAGE][PASSED] - Verify response status code successfully

2022-11-25 11:14:56 - [TEST_STEP][PASSED] - response2 = scoring.getResponseText(): null

2022-11-25 11:14:56 - [TEST_STEP][PASSED] - markPassed("result service data ke : " + no): result service data ke : 20

2022-11-25 11:14:56 - [MESSAGE][PASSED] - result service data ke : 20

2022-11-25 11:14:56 - [TEST_STEP][PASSED] - logInfo($response2): {"result_konsumen":"Reject","result_pasangan":"Reguler","Final_result":"Reject","errorMessage":"","status":"Done"}

2022-11-25 11:14:56 - [MESSAGE][INFO] - {"result_konsumen":"Reject","result_pasangan":"Reguler","Final_result":"Reject","errorMessage":"","status":"Done"}

2022-11-25 11:14:56 - [TEST_STEP][PASSED] - verifyElementPropertyValue(scoring, "Final_result", final_result): Verify element property value successfully

2022-11-25 11:14:56 - [MESSAGE][PASSED] - Verify element property value successfully]]></system-out>
         <system-err><![CDATA[]]></system-err>
      </testcase>
      <testcase name="Test Cases/Engine_Scoring/Engine Scoring" time="6.517" classname="Test Cases/Engine_Scoring/Engine Scoring" status="PASSED">
         <system-out><![CDATA[2022-11-25 11:14:56 - [TEST_CASE][PASSED] - Test Cases/Engine_Scoring/Engine Scoring: Test Cases/Engine_Scoring/Engine Scoring

2022-11-25 11:14:56 - [TEST_STEP][PASSED] - markPassed("Variasi data ke : " + no): Variasi data ke : 21

2022-11-25 11:14:56 - [MESSAGE][PASSED] - Variasi data ke : 21

2022-11-25 11:14:56 - [TEST_STEP][PASSED] - req_data = sendRequest(findTestObject("Search_ME", ["MID":MID, "source":source, "ip":ip, "userid":userid, "branch":branch, "tipekons":tipekons, "marital":marital, "penjamin":penjamin, ... ])): Send request successfully

2022-11-25 11:14:57 - [MESSAGE][INFO] - HAR: D:\DMS\Engine Scoring\Reports\20221125_111232\Exclude KKB - DS - Married\Scoring Married - CS New\20221125_111233\requests\main\40.har

2022-11-25 11:14:57 - [MESSAGE][PASSED] - Send request successfully

2022-11-25 11:14:57 - [TEST_STEP][PASSED] - slurper = new groovy.json.JsonSlurper(): null

2022-11-25 11:14:57 - [TEST_STEP][PASSED] - result = slurper.parseText(req_data.getResponseBodyContent()): null

2022-11-25 11:14:57 - [TEST_STEP][PASSED] - reqid_kons = requestid1: null

2022-11-25 11:14:57 - [TEST_STEP][PASSED] - reqid_spouse = requestid2: null

2022-11-25 11:14:57 - [TEST_STEP][PASSED] - println("requestid kons : " + reqid_kons): null

2022-11-25 11:14:57 - [TEST_STEP][PASSED] - response_searchME_kons = reqid_kons: null

2022-11-25 11:14:57 - [TEST_STEP][PASSED] - response_searchME_spouse = reqid_spouse: null

2022-11-25 11:14:57 - [TEST_STEP][PASSED] - println("kons req id is :" + response_searchME_kons): null

2022-11-25 11:14:57 - [TEST_STEP][PASSED] - println("spouse req id is : " + response_searchME_spouse): null

2022-11-25 11:14:57 - [TEST_STEP][PASSED] - verifyResponseStatusCode(req_data, 200): Verify response status code successfully

2022-11-25 11:14:57 - [MESSAGE][PASSED] - Verify response status code successfully

2022-11-25 11:14:57 - [TEST_STEP][PASSED] - response = req_data.getResponseText(): null

2022-11-25 11:14:57 - [TEST_STEP][PASSED] - logInfo($response): {"status":"Done","data":{"requestid1":"255799","requestid2":"255800"}}

2022-11-25 11:14:57 - [MESSAGE][INFO] - {"status":"Done","data":{"requestid1":"255799","requestid2":"255800"}}

2022-11-25 11:14:57 - [TEST_STEP][PASSED] - delay(5): Delayed 5 second(s)

2022-11-25 11:15:02 - [MESSAGE][PASSED] - Delayed 5 second(s)

2022-11-25 11:15:02 - [TEST_STEP][PASSED] - scoring = sendRequest(findTestObject("EngineScore", ["response_searchME_kons":response_searchME_kons, "response_searchME_spouse":response_searchME_spouse])): Send request successfully

2022-11-25 11:15:02 - [MESSAGE][INFO] - HAR: D:\DMS\Engine Scoring\Reports\20221125_111232\Exclude KKB - DS - Married\Scoring Married - CS New\20221125_111233\requests\main\41.har

2022-11-25 11:15:02 - [MESSAGE][PASSED] - Send request successfully

2022-11-25 11:15:02 - [TEST_STEP][PASSED] - verifyResponseStatusCode(scoring, 200): Verify response status code successfully

2022-11-25 11:15:02 - [MESSAGE][PASSED] - Verify response status code successfully

2022-11-25 11:15:02 - [TEST_STEP][PASSED] - response2 = scoring.getResponseText(): null

2022-11-25 11:15:02 - [TEST_STEP][PASSED] - markPassed("result service data ke : " + no): result service data ke : 21

2022-11-25 11:15:02 - [MESSAGE][PASSED] - result service data ke : 21

2022-11-25 11:15:02 - [TEST_STEP][PASSED] - logInfo($response2): {"result_konsumen":"Reject","result_pasangan":"Reguler","Final_result":"Reject","errorMessage":"","status":"Done"}

2022-11-25 11:15:02 - [MESSAGE][INFO] - {"result_konsumen":"Reject","result_pasangan":"Reguler","Final_result":"Reject","errorMessage":"","status":"Done"}

2022-11-25 11:15:02 - [TEST_STEP][PASSED] - verifyElementPropertyValue(scoring, "Final_result", final_result): Verify element property value successfully

2022-11-25 11:15:02 - [MESSAGE][PASSED] - Verify element property value successfully]]></system-out>
         <system-err><![CDATA[]]></system-err>
      </testcase>
      <testcase name="Test Cases/Engine_Scoring/Engine Scoring" time="6.789" classname="Test Cases/Engine_Scoring/Engine Scoring" status="PASSED">
         <system-out><![CDATA[2022-11-25 11:15:02 - [TEST_CASE][PASSED] - Test Cases/Engine_Scoring/Engine Scoring: Test Cases/Engine_Scoring/Engine Scoring

2022-11-25 11:15:03 - [TEST_STEP][PASSED] - markPassed("Variasi data ke : " + no): Variasi data ke : 22

2022-11-25 11:15:03 - [MESSAGE][PASSED] - Variasi data ke : 22

2022-11-25 11:15:03 - [TEST_STEP][PASSED] - req_data = sendRequest(findTestObject("Search_ME", ["MID":MID, "source":source, "ip":ip, "userid":userid, "branch":branch, "tipekons":tipekons, "marital":marital, "penjamin":penjamin, ... ])): Send request successfully

2022-11-25 11:15:04 - [MESSAGE][INFO] - HAR: D:\DMS\Engine Scoring\Reports\20221125_111232\Exclude KKB - DS - Married\Scoring Married - CS New\20221125_111233\requests\main\42.har

2022-11-25 11:15:04 - [MESSAGE][PASSED] - Send request successfully

2022-11-25 11:15:04 - [TEST_STEP][PASSED] - slurper = new groovy.json.JsonSlurper(): null

2022-11-25 11:15:04 - [TEST_STEP][PASSED] - result = slurper.parseText(req_data.getResponseBodyContent()): null

2022-11-25 11:15:04 - [TEST_STEP][PASSED] - reqid_kons = requestid1: null

2022-11-25 11:15:04 - [TEST_STEP][PASSED] - reqid_spouse = requestid2: null

2022-11-25 11:15:04 - [TEST_STEP][PASSED] - println("requestid kons : " + reqid_kons): null

2022-11-25 11:15:04 - [TEST_STEP][PASSED] - response_searchME_kons = reqid_kons: null

2022-11-25 11:15:04 - [TEST_STEP][PASSED] - response_searchME_spouse = reqid_spouse: null

2022-11-25 11:15:04 - [TEST_STEP][PASSED] - println("kons req id is :" + response_searchME_kons): null

2022-11-25 11:15:04 - [TEST_STEP][PASSED] - println("spouse req id is : " + response_searchME_spouse): null

2022-11-25 11:15:04 - [TEST_STEP][PASSED] - verifyResponseStatusCode(req_data, 200): Verify response status code successfully

2022-11-25 11:15:04 - [MESSAGE][PASSED] - Verify response status code successfully

2022-11-25 11:15:04 - [TEST_STEP][PASSED] - response = req_data.getResponseText(): null

2022-11-25 11:15:04 - [TEST_STEP][PASSED] - logInfo($response): {"status":"Done","data":{"requestid1":"255801","requestid2":"255802"}}

2022-11-25 11:15:04 - [MESSAGE][INFO] - {"status":"Done","data":{"requestid1":"255801","requestid2":"255802"}}

2022-11-25 11:15:04 - [TEST_STEP][PASSED] - delay(5): Delayed 5 second(s)

2022-11-25 11:15:09 - [MESSAGE][PASSED] - Delayed 5 second(s)

2022-11-25 11:15:09 - [TEST_STEP][PASSED] - scoring = sendRequest(findTestObject("EngineScore", ["response_searchME_kons":response_searchME_kons, "response_searchME_spouse":response_searchME_spouse])): Send request successfully

2022-11-25 11:15:09 - [MESSAGE][INFO] - HAR: D:\DMS\Engine Scoring\Reports\20221125_111232\Exclude KKB - DS - Married\Scoring Married - CS New\20221125_111233\requests\main\43.har

2022-11-25 11:15:09 - [MESSAGE][PASSED] - Send request successfully

2022-11-25 11:15:09 - [TEST_STEP][PASSED] - verifyResponseStatusCode(scoring, 200): Verify response status code successfully

2022-11-25 11:15:09 - [MESSAGE][PASSED] - Verify response status code successfully

2022-11-25 11:15:09 - [TEST_STEP][PASSED] - response2 = scoring.getResponseText(): null

2022-11-25 11:15:09 - [TEST_STEP][PASSED] - markPassed("result service data ke : " + no): result service data ke : 22

2022-11-25 11:15:09 - [MESSAGE][PASSED] - result service data ke : 22

2022-11-25 11:15:09 - [TEST_STEP][PASSED] - logInfo($response2): {"result_konsumen":"Reject","result_pasangan":"Reguler","Final_result":"Reject","errorMessage":"","status":"Done"}

2022-11-25 11:15:09 - [MESSAGE][INFO] - {"result_konsumen":"Reject","result_pasangan":"Reguler","Final_result":"Reject","errorMessage":"","status":"Done"}

2022-11-25 11:15:09 - [TEST_STEP][PASSED] - verifyElementPropertyValue(scoring, "Final_result", final_result): Verify element property value successfully

2022-11-25 11:15:09 - [MESSAGE][PASSED] - Verify element property value successfully]]></system-out>
         <system-err><![CDATA[]]></system-err>
      </testcase>
      <testcase name="Test Cases/Engine_Scoring/Engine Scoring" time="6.521" classname="Test Cases/Engine_Scoring/Engine Scoring" status="PASSED">
         <system-out><![CDATA[2022-11-25 11:15:09 - [TEST_CASE][PASSED] - Test Cases/Engine_Scoring/Engine Scoring: Test Cases/Engine_Scoring/Engine Scoring

2022-11-25 11:15:10 - [TEST_STEP][PASSED] - markPassed("Variasi data ke : " + no): Variasi data ke : 23

2022-11-25 11:15:10 - [MESSAGE][PASSED] - Variasi data ke : 23

2022-11-25 11:15:10 - [TEST_STEP][PASSED] - req_data = sendRequest(findTestObject("Search_ME", ["MID":MID, "source":source, "ip":ip, "userid":userid, "branch":branch, "tipekons":tipekons, "marital":marital, "penjamin":penjamin, ... ])): Send request successfully

2022-11-25 11:15:11 - [MESSAGE][INFO] - HAR: D:\DMS\Engine Scoring\Reports\20221125_111232\Exclude KKB - DS - Married\Scoring Married - CS New\20221125_111233\requests\main\44.har

2022-11-25 11:15:11 - [MESSAGE][PASSED] - Send request successfully

2022-11-25 11:15:11 - [TEST_STEP][PASSED] - slurper = new groovy.json.JsonSlurper(): null

2022-11-25 11:15:11 - [TEST_STEP][PASSED] - result = slurper.parseText(req_data.getResponseBodyContent()): null

2022-11-25 11:15:11 - [TEST_STEP][PASSED] - reqid_kons = requestid1: null

2022-11-25 11:15:11 - [TEST_STEP][PASSED] - reqid_spouse = requestid2: null

2022-11-25 11:15:11 - [TEST_STEP][PASSED] - println("requestid kons : " + reqid_kons): null

2022-11-25 11:15:11 - [TEST_STEP][PASSED] - response_searchME_kons = reqid_kons: null

2022-11-25 11:15:11 - [TEST_STEP][PASSED] - response_searchME_spouse = reqid_spouse: null

2022-11-25 11:15:11 - [TEST_STEP][PASSED] - println("kons req id is :" + response_searchME_kons): null

2022-11-25 11:15:11 - [TEST_STEP][PASSED] - println("spouse req id is : " + response_searchME_spouse): null

2022-11-25 11:15:11 - [TEST_STEP][PASSED] - verifyResponseStatusCode(req_data, 200): Verify response status code successfully

2022-11-25 11:15:11 - [MESSAGE][PASSED] - Verify response status code successfully

2022-11-25 11:15:11 - [TEST_STEP][PASSED] - response = req_data.getResponseText(): null

2022-11-25 11:15:11 - [TEST_STEP][PASSED] - logInfo($response): {"status":"Done","data":{"requestid1":"255803","requestid2":"255804"}}

2022-11-25 11:15:11 - [MESSAGE][INFO] - {"status":"Done","data":{"requestid1":"255803","requestid2":"255804"}}

2022-11-25 11:15:11 - [TEST_STEP][PASSED] - delay(5): Delayed 5 second(s)

2022-11-25 11:15:16 - [MESSAGE][PASSED] - Delayed 5 second(s)

2022-11-25 11:15:16 - [TEST_STEP][PASSED] - scoring = sendRequest(findTestObject("EngineScore", ["response_searchME_kons":response_searchME_kons, "response_searchME_spouse":response_searchME_spouse])): Send request successfully

2022-11-25 11:15:16 - [MESSAGE][INFO] - HAR: D:\DMS\Engine Scoring\Reports\20221125_111232\Exclude KKB - DS - Married\Scoring Married - CS New\20221125_111233\requests\main\45.har

2022-11-25 11:15:16 - [MESSAGE][PASSED] - Send request successfully

2022-11-25 11:15:16 - [TEST_STEP][PASSED] - verifyResponseStatusCode(scoring, 200): Verify response status code successfully

2022-11-25 11:15:16 - [MESSAGE][PASSED] - Verify response status code successfully

2022-11-25 11:15:16 - [TEST_STEP][PASSED] - response2 = scoring.getResponseText(): null

2022-11-25 11:15:16 - [TEST_STEP][PASSED] - markPassed("result service data ke : " + no): result service data ke : 23

2022-11-25 11:15:16 - [MESSAGE][PASSED] - result service data ke : 23

2022-11-25 11:15:16 - [TEST_STEP][PASSED] - logInfo($response2): {"result_konsumen":"Reject","result_pasangan":"Reject","Final_result":"Reject","errorMessage":"","status":"Done"}

2022-11-25 11:15:16 - [MESSAGE][INFO] - {"result_konsumen":"Reject","result_pasangan":"Reject","Final_result":"Reject","errorMessage":"","status":"Done"}

2022-11-25 11:15:16 - [TEST_STEP][PASSED] - verifyElementPropertyValue(scoring, "Final_result", final_result): Verify element property value successfully

2022-11-25 11:15:16 - [MESSAGE][PASSED] - Verify element property value successfully]]></system-out>
         <system-err><![CDATA[]]></system-err>
      </testcase>
      <testcase name="Test Cases/Engine_Scoring/Engine Scoring" time="6.485" classname="Test Cases/Engine_Scoring/Engine Scoring" status="PASSED">
         <system-out><![CDATA[2022-11-25 11:15:16 - [TEST_CASE][PASSED] - Test Cases/Engine_Scoring/Engine Scoring: Test Cases/Engine_Scoring/Engine Scoring

2022-11-25 11:15:16 - [TEST_STEP][PASSED] - markPassed("Variasi data ke : " + no): Variasi data ke : 24

2022-11-25 11:15:16 - [MESSAGE][PASSED] - Variasi data ke : 24

2022-11-25 11:15:16 - [TEST_STEP][PASSED] - req_data = sendRequest(findTestObject("Search_ME", ["MID":MID, "source":source, "ip":ip, "userid":userid, "branch":branch, "tipekons":tipekons, "marital":marital, "penjamin":penjamin, ... ])): Send request successfully

2022-11-25 11:15:17 - [MESSAGE][INFO] - HAR: D:\DMS\Engine Scoring\Reports\20221125_111232\Exclude KKB - DS - Married\Scoring Married - CS New\20221125_111233\requests\main\46.har

2022-11-25 11:15:17 - [MESSAGE][PASSED] - Send request successfully

2022-11-25 11:15:17 - [TEST_STEP][PASSED] - slurper = new groovy.json.JsonSlurper(): null

2022-11-25 11:15:17 - [TEST_STEP][PASSED] - result = slurper.parseText(req_data.getResponseBodyContent()): null

2022-11-25 11:15:17 - [TEST_STEP][PASSED] - reqid_kons = requestid1: null

2022-11-25 11:15:17 - [TEST_STEP][PASSED] - reqid_spouse = requestid2: null

2022-11-25 11:15:17 - [TEST_STEP][PASSED] - println("requestid kons : " + reqid_kons): null

2022-11-25 11:15:17 - [TEST_STEP][PASSED] - response_searchME_kons = reqid_kons: null

2022-11-25 11:15:17 - [TEST_STEP][PASSED] - response_searchME_spouse = reqid_spouse: null

2022-11-25 11:15:17 - [TEST_STEP][PASSED] - println("kons req id is :" + response_searchME_kons): null

2022-11-25 11:15:17 - [TEST_STEP][PASSED] - println("spouse req id is : " + response_searchME_spouse): null

2022-11-25 11:15:17 - [TEST_STEP][PASSED] - verifyResponseStatusCode(req_data, 200): Verify response status code successfully

2022-11-25 11:15:17 - [MESSAGE][PASSED] - Verify response status code successfully

2022-11-25 11:15:17 - [TEST_STEP][PASSED] - response = req_data.getResponseText(): null

2022-11-25 11:15:17 - [TEST_STEP][PASSED] - logInfo($response): {"status":"Done","data":{"requestid1":"255805","requestid2":"255806"}}

2022-11-25 11:15:17 - [MESSAGE][INFO] - {"status":"Done","data":{"requestid1":"255805","requestid2":"255806"}}

2022-11-25 11:15:17 - [TEST_STEP][PASSED] - delay(5): Delayed 5 second(s)

2022-11-25 11:15:22 - [MESSAGE][PASSED] - Delayed 5 second(s)

2022-11-25 11:15:22 - [TEST_STEP][PASSED] - scoring = sendRequest(findTestObject("EngineScore", ["response_searchME_kons":response_searchME_kons, "response_searchME_spouse":response_searchME_spouse])): Send request successfully

2022-11-25 11:15:22 - [MESSAGE][INFO] - HAR: D:\DMS\Engine Scoring\Reports\20221125_111232\Exclude KKB - DS - Married\Scoring Married - CS New\20221125_111233\requests\main\47.har

2022-11-25 11:15:22 - [MESSAGE][PASSED] - Send request successfully

2022-11-25 11:15:22 - [TEST_STEP][PASSED] - verifyResponseStatusCode(scoring, 200): Verify response status code successfully

2022-11-25 11:15:22 - [MESSAGE][PASSED] - Verify response status code successfully

2022-11-25 11:15:22 - [TEST_STEP][PASSED] - response2 = scoring.getResponseText(): null

2022-11-25 11:15:22 - [TEST_STEP][PASSED] - markPassed("result service data ke : " + no): result service data ke : 24

2022-11-25 11:15:22 - [MESSAGE][PASSED] - result service data ke : 24

2022-11-25 11:15:22 - [TEST_STEP][PASSED] - logInfo($response2): {"result_konsumen":"Reject","result_pasangan":"Reject","Final_result":"Reject","errorMessage":"","status":"Done"}

2022-11-25 11:15:22 - [MESSAGE][INFO] - {"result_konsumen":"Reject","result_pasangan":"Reject","Final_result":"Reject","errorMessage":"","status":"Done"}

2022-11-25 11:15:22 - [TEST_STEP][PASSED] - verifyElementPropertyValue(scoring, "Final_result", final_result): Verify element property value successfully

2022-11-25 11:15:22 - [MESSAGE][PASSED] - Verify element property value successfully]]></system-out>
         <system-err><![CDATA[]]></system-err>
      </testcase>
      <testcase name="Test Cases/Engine_Scoring/Engine Scoring" time="6.573" classname="Test Cases/Engine_Scoring/Engine Scoring" status="PASSED">
         <system-out><![CDATA[2022-11-25 11:15:22 - [TEST_CASE][PASSED] - Test Cases/Engine_Scoring/Engine Scoring: Test Cases/Engine_Scoring/Engine Scoring

2022-11-25 11:15:23 - [TEST_STEP][PASSED] - markPassed("Variasi data ke : " + no): Variasi data ke : 25

2022-11-25 11:15:23 - [MESSAGE][PASSED] - Variasi data ke : 25

2022-11-25 11:15:23 - [TEST_STEP][PASSED] - req_data = sendRequest(findTestObject("Search_ME", ["MID":MID, "source":source, "ip":ip, "userid":userid, "branch":branch, "tipekons":tipekons, "marital":marital, "penjamin":penjamin, ... ])): Send request successfully

2022-11-25 11:15:24 - [MESSAGE][INFO] - HAR: D:\DMS\Engine Scoring\Reports\20221125_111232\Exclude KKB - DS - Married\Scoring Married - CS New\20221125_111233\requests\main\48.har

2022-11-25 11:15:24 - [MESSAGE][PASSED] - Send request successfully

2022-11-25 11:15:24 - [TEST_STEP][PASSED] - slurper = new groovy.json.JsonSlurper(): null

2022-11-25 11:15:24 - [TEST_STEP][PASSED] - result = slurper.parseText(req_data.getResponseBodyContent()): null

2022-11-25 11:15:24 - [TEST_STEP][PASSED] - reqid_kons = requestid1: null

2022-11-25 11:15:24 - [TEST_STEP][PASSED] - reqid_spouse = requestid2: null

2022-11-25 11:15:24 - [TEST_STEP][PASSED] - println("requestid kons : " + reqid_kons): null

2022-11-25 11:15:24 - [TEST_STEP][PASSED] - response_searchME_kons = reqid_kons: null

2022-11-25 11:15:24 - [TEST_STEP][PASSED] - response_searchME_spouse = reqid_spouse: null

2022-11-25 11:15:24 - [TEST_STEP][PASSED] - println("kons req id is :" + response_searchME_kons): null

2022-11-25 11:15:24 - [TEST_STEP][PASSED] - println("spouse req id is : " + response_searchME_spouse): null

2022-11-25 11:15:24 - [TEST_STEP][PASSED] - verifyResponseStatusCode(req_data, 200): Verify response status code successfully

2022-11-25 11:15:24 - [MESSAGE][PASSED] - Verify response status code successfully

2022-11-25 11:15:24 - [TEST_STEP][PASSED] - response = req_data.getResponseText(): null

2022-11-25 11:15:24 - [TEST_STEP][PASSED] - logInfo($response): {"status":"Done","data":{"requestid1":"255807","requestid2":"255808"}}

2022-11-25 11:15:24 - [MESSAGE][INFO] - {"status":"Done","data":{"requestid1":"255807","requestid2":"255808"}}

2022-11-25 11:15:24 - [TEST_STEP][PASSED] - delay(5): Delayed 5 second(s)

2022-11-25 11:15:29 - [MESSAGE][PASSED] - Delayed 5 second(s)

2022-11-25 11:15:29 - [TEST_STEP][PASSED] - scoring = sendRequest(findTestObject("EngineScore", ["response_searchME_kons":response_searchME_kons, "response_searchME_spouse":response_searchME_spouse])): Send request successfully

2022-11-25 11:15:29 - [MESSAGE][INFO] - HAR: D:\DMS\Engine Scoring\Reports\20221125_111232\Exclude KKB - DS - Married\Scoring Married - CS New\20221125_111233\requests\main\49.har

2022-11-25 11:15:29 - [MESSAGE][PASSED] - Send request successfully

2022-11-25 11:15:29 - [TEST_STEP][PASSED] - verifyResponseStatusCode(scoring, 200): Verify response status code successfully

2022-11-25 11:15:29 - [MESSAGE][PASSED] - Verify response status code successfully

2022-11-25 11:15:29 - [TEST_STEP][PASSED] - response2 = scoring.getResponseText(): null

2022-11-25 11:15:29 - [TEST_STEP][PASSED] - markPassed("result service data ke : " + no): result service data ke : 25

2022-11-25 11:15:29 - [MESSAGE][PASSED] - result service data ke : 25

2022-11-25 11:15:29 - [TEST_STEP][PASSED] - logInfo($response2): {"result_konsumen":"Reject","result_pasangan":"Reject","Final_result":"Reject","errorMessage":"","status":"Done"}

2022-11-25 11:15:29 - [MESSAGE][INFO] - {"result_konsumen":"Reject","result_pasangan":"Reject","Final_result":"Reject","errorMessage":"","status":"Done"}

2022-11-25 11:15:29 - [TEST_STEP][PASSED] - verifyElementPropertyValue(scoring, "Final_result", final_result): Verify element property value successfully

2022-11-25 11:15:29 - [MESSAGE][PASSED] - Verify element property value successfully]]></system-out>
         <system-err><![CDATA[]]></system-err>
      </testcase>
      <testcase name="Test Cases/Engine_Scoring/Engine Scoring" time="6.536" classname="Test Cases/Engine_Scoring/Engine Scoring" status="PASSED">
         <system-out><![CDATA[2022-11-25 11:15:29 - [TEST_CASE][PASSED] - Test Cases/Engine_Scoring/Engine Scoring: Test Cases/Engine_Scoring/Engine Scoring

2022-11-25 11:15:30 - [TEST_STEP][PASSED] - markPassed("Variasi data ke : " + no): Variasi data ke : 26

2022-11-25 11:15:30 - [MESSAGE][PASSED] - Variasi data ke : 26

2022-11-25 11:15:30 - [TEST_STEP][PASSED] - req_data = sendRequest(findTestObject("Search_ME", ["MID":MID, "source":source, "ip":ip, "userid":userid, "branch":branch, "tipekons":tipekons, "marital":marital, "penjamin":penjamin, ... ])): Send request successfully

2022-11-25 11:15:30 - [MESSAGE][INFO] - HAR: D:\DMS\Engine Scoring\Reports\20221125_111232\Exclude KKB - DS - Married\Scoring Married - CS New\20221125_111233\requests\main\50.har

2022-11-25 11:15:30 - [MESSAGE][PASSED] - Send request successfully

2022-11-25 11:15:30 - [TEST_STEP][PASSED] - slurper = new groovy.json.JsonSlurper(): null

2022-11-25 11:15:30 - [TEST_STEP][PASSED] - result = slurper.parseText(req_data.getResponseBodyContent()): null

2022-11-25 11:15:30 - [TEST_STEP][PASSED] - reqid_kons = requestid1: null

2022-11-25 11:15:30 - [TEST_STEP][PASSED] - reqid_spouse = requestid2: null

2022-11-25 11:15:30 - [TEST_STEP][PASSED] - println("requestid kons : " + reqid_kons): null

2022-11-25 11:15:30 - [TEST_STEP][PASSED] - response_searchME_kons = reqid_kons: null

2022-11-25 11:15:30 - [TEST_STEP][PASSED] - response_searchME_spouse = reqid_spouse: null

2022-11-25 11:15:30 - [TEST_STEP][PASSED] - println("kons req id is :" + response_searchME_kons): null

2022-11-25 11:15:30 - [TEST_STEP][PASSED] - println("spouse req id is : " + response_searchME_spouse): null

2022-11-25 11:15:30 - [TEST_STEP][PASSED] - verifyResponseStatusCode(req_data, 200): Verify response status code successfully

2022-11-25 11:15:30 - [MESSAGE][PASSED] - Verify response status code successfully

2022-11-25 11:15:30 - [TEST_STEP][PASSED] - response = req_data.getResponseText(): null

2022-11-25 11:15:30 - [TEST_STEP][PASSED] - logInfo($response): {"status":"Done","data":{"requestid1":"255809","requestid2":"255810"}}

2022-11-25 11:15:30 - [MESSAGE][INFO] - {"status":"Done","data":{"requestid1":"255809","requestid2":"255810"}}

2022-11-25 11:15:30 - [TEST_STEP][PASSED] - delay(5): Delayed 5 second(s)

2022-11-25 11:15:35 - [MESSAGE][PASSED] - Delayed 5 second(s)

2022-11-25 11:15:35 - [TEST_STEP][PASSED] - scoring = sendRequest(findTestObject("EngineScore", ["response_searchME_kons":response_searchME_kons, "response_searchME_spouse":response_searchME_spouse])): Send request successfully

2022-11-25 11:15:35 - [MESSAGE][INFO] - HAR: D:\DMS\Engine Scoring\Reports\20221125_111232\Exclude KKB - DS - Married\Scoring Married - CS New\20221125_111233\requests\main\51.har

2022-11-25 11:15:35 - [MESSAGE][PASSED] - Send request successfully

2022-11-25 11:15:35 - [TEST_STEP][PASSED] - verifyResponseStatusCode(scoring, 200): Verify response status code successfully

2022-11-25 11:15:35 - [MESSAGE][PASSED] - Verify response status code successfully

2022-11-25 11:15:35 - [TEST_STEP][PASSED] - response2 = scoring.getResponseText(): null

2022-11-25 11:15:35 - [TEST_STEP][PASSED] - markPassed("result service data ke : " + no): result service data ke : 26

2022-11-25 11:15:35 - [MESSAGE][PASSED] - result service data ke : 26

2022-11-25 11:15:35 - [TEST_STEP][PASSED] - logInfo($response2): {"result_konsumen":"Reject","result_pasangan":"Reguler","Final_result":"Reject","errorMessage":"","status":"Done"}

2022-11-25 11:15:35 - [MESSAGE][INFO] - {"result_konsumen":"Reject","result_pasangan":"Reguler","Final_result":"Reject","errorMessage":"","status":"Done"}

2022-11-25 11:15:35 - [TEST_STEP][PASSED] - verifyElementPropertyValue(scoring, "Final_result", final_result): Verify element property value successfully

2022-11-25 11:15:35 - [MESSAGE][PASSED] - Verify element property value successfully]]></system-out>
         <system-err><![CDATA[]]></system-err>
      </testcase>
      <testcase name="Test Cases/Engine_Scoring/Engine Scoring" time="6.519" classname="Test Cases/Engine_Scoring/Engine Scoring" status="PASSED">
         <system-out><![CDATA[2022-11-25 11:15:36 - [TEST_CASE][PASSED] - Test Cases/Engine_Scoring/Engine Scoring: Test Cases/Engine_Scoring/Engine Scoring

2022-11-25 11:15:36 - [TEST_STEP][PASSED] - markPassed("Variasi data ke : " + no): Variasi data ke : 27

2022-11-25 11:15:36 - [MESSAGE][PASSED] - Variasi data ke : 27

2022-11-25 11:15:36 - [TEST_STEP][PASSED] - req_data = sendRequest(findTestObject("Search_ME", ["MID":MID, "source":source, "ip":ip, "userid":userid, "branch":branch, "tipekons":tipekons, "marital":marital, "penjamin":penjamin, ... ])): Send request successfully

2022-11-25 11:15:37 - [MESSAGE][INFO] - HAR: D:\DMS\Engine Scoring\Reports\20221125_111232\Exclude KKB - DS - Married\Scoring Married - CS New\20221125_111233\requests\main\52.har

2022-11-25 11:15:37 - [MESSAGE][PASSED] - Send request successfully

2022-11-25 11:15:37 - [TEST_STEP][PASSED] - slurper = new groovy.json.JsonSlurper(): null

2022-11-25 11:15:37 - [TEST_STEP][PASSED] - result = slurper.parseText(req_data.getResponseBodyContent()): null

2022-11-25 11:15:37 - [TEST_STEP][PASSED] - reqid_kons = requestid1: null

2022-11-25 11:15:37 - [TEST_STEP][PASSED] - reqid_spouse = requestid2: null

2022-11-25 11:15:37 - [TEST_STEP][PASSED] - println("requestid kons : " + reqid_kons): null

2022-11-25 11:15:37 - [TEST_STEP][PASSED] - response_searchME_kons = reqid_kons: null

2022-11-25 11:15:37 - [TEST_STEP][PASSED] - response_searchME_spouse = reqid_spouse: null

2022-11-25 11:15:37 - [TEST_STEP][PASSED] - println("kons req id is :" + response_searchME_kons): null

2022-11-25 11:15:37 - [TEST_STEP][PASSED] - println("spouse req id is : " + response_searchME_spouse): null

2022-11-25 11:15:37 - [TEST_STEP][PASSED] - verifyResponseStatusCode(req_data, 200): Verify response status code successfully

2022-11-25 11:15:37 - [MESSAGE][PASSED] - Verify response status code successfully

2022-11-25 11:15:37 - [TEST_STEP][PASSED] - response = req_data.getResponseText(): null

2022-11-25 11:15:37 - [TEST_STEP][PASSED] - logInfo($response): {"status":"Done","data":{"requestid1":"255811","requestid2":"255812"}}

2022-11-25 11:15:37 - [MESSAGE][INFO] - {"status":"Done","data":{"requestid1":"255811","requestid2":"255812"}}

2022-11-25 11:15:37 - [TEST_STEP][PASSED] - delay(5): Delayed 5 second(s)

2022-11-25 11:15:42 - [MESSAGE][PASSED] - Delayed 5 second(s)

2022-11-25 11:15:42 - [TEST_STEP][PASSED] - scoring = sendRequest(findTestObject("EngineScore", ["response_searchME_kons":response_searchME_kons, "response_searchME_spouse":response_searchME_spouse])): Send request successfully

2022-11-25 11:15:42 - [MESSAGE][INFO] - HAR: D:\DMS\Engine Scoring\Reports\20221125_111232\Exclude KKB - DS - Married\Scoring Married - CS New\20221125_111233\requests\main\53.har

2022-11-25 11:15:42 - [MESSAGE][PASSED] - Send request successfully

2022-11-25 11:15:42 - [TEST_STEP][PASSED] - verifyResponseStatusCode(scoring, 200): Verify response status code successfully

2022-11-25 11:15:42 - [MESSAGE][PASSED] - Verify response status code successfully

2022-11-25 11:15:42 - [TEST_STEP][PASSED] - response2 = scoring.getResponseText(): null

2022-11-25 11:15:42 - [TEST_STEP][PASSED] - markPassed("result service data ke : " + no): result service data ke : 27

2022-11-25 11:15:42 - [MESSAGE][PASSED] - result service data ke : 27

2022-11-25 11:15:42 - [TEST_STEP][PASSED] - logInfo($response2): {"result_konsumen":"Reject","result_pasangan":"Reguler","Final_result":"Reject","errorMessage":"","status":"Done"}

2022-11-25 11:15:42 - [MESSAGE][INFO] - {"result_konsumen":"Reject","result_pasangan":"Reguler","Final_result":"Reject","errorMessage":"","status":"Done"}

2022-11-25 11:15:42 - [TEST_STEP][PASSED] - verifyElementPropertyValue(scoring, "Final_result", final_result): Verify element property value successfully

2022-11-25 11:15:42 - [MESSAGE][PASSED] - Verify element property value successfully]]></system-out>
         <system-err><![CDATA[]]></system-err>
      </testcase>
      <testcase name="Test Cases/Engine_Scoring/Engine Scoring" time="6.475" classname="Test Cases/Engine_Scoring/Engine Scoring" status="PASSED">
         <system-out><![CDATA[2022-11-25 11:15:42 - [TEST_CASE][PASSED] - Test Cases/Engine_Scoring/Engine Scoring: Test Cases/Engine_Scoring/Engine Scoring

2022-11-25 11:15:43 - [TEST_STEP][PASSED] - markPassed("Variasi data ke : " + no): Variasi data ke : 28

2022-11-25 11:15:43 - [MESSAGE][PASSED] - Variasi data ke : 28

2022-11-25 11:15:43 - [TEST_STEP][PASSED] - req_data = sendRequest(findTestObject("Search_ME", ["MID":MID, "source":source, "ip":ip, "userid":userid, "branch":branch, "tipekons":tipekons, "marital":marital, "penjamin":penjamin, ... ])): Send request successfully

2022-11-25 11:15:43 - [MESSAGE][INFO] - HAR: D:\DMS\Engine Scoring\Reports\20221125_111232\Exclude KKB - DS - Married\Scoring Married - CS New\20221125_111233\requests\main\54.har

2022-11-25 11:15:43 - [MESSAGE][PASSED] - Send request successfully

2022-11-25 11:15:43 - [TEST_STEP][PASSED] - slurper = new groovy.json.JsonSlurper(): null

2022-11-25 11:15:43 - [TEST_STEP][PASSED] - result = slurper.parseText(req_data.getResponseBodyContent()): null

2022-11-25 11:15:43 - [TEST_STEP][PASSED] - reqid_kons = requestid1: null

2022-11-25 11:15:43 - [TEST_STEP][PASSED] - reqid_spouse = requestid2: null

2022-11-25 11:15:43 - [TEST_STEP][PASSED] - println("requestid kons : " + reqid_kons): null

2022-11-25 11:15:43 - [TEST_STEP][PASSED] - response_searchME_kons = reqid_kons: null

2022-11-25 11:15:43 - [TEST_STEP][PASSED] - response_searchME_spouse = reqid_spouse: null

2022-11-25 11:15:43 - [TEST_STEP][PASSED] - println("kons req id is :" + response_searchME_kons): null

2022-11-25 11:15:43 - [TEST_STEP][PASSED] - println("spouse req id is : " + response_searchME_spouse): null

2022-11-25 11:15:43 - [TEST_STEP][PASSED] - verifyResponseStatusCode(req_data, 200): Verify response status code successfully

2022-11-25 11:15:43 - [MESSAGE][PASSED] - Verify response status code successfully

2022-11-25 11:15:43 - [TEST_STEP][PASSED] - response = req_data.getResponseText(): null

2022-11-25 11:15:43 - [TEST_STEP][PASSED] - logInfo($response): {"status":"Done","data":{"requestid1":"255813","requestid2":"255814"}}

2022-11-25 11:15:43 - [MESSAGE][INFO] - {"status":"Done","data":{"requestid1":"255813","requestid2":"255814"}}

2022-11-25 11:15:43 - [TEST_STEP][PASSED] - delay(5): Delayed 5 second(s)

2022-11-25 11:15:48 - [MESSAGE][PASSED] - Delayed 5 second(s)

2022-11-25 11:15:48 - [TEST_STEP][PASSED] - scoring = sendRequest(findTestObject("EngineScore", ["response_searchME_kons":response_searchME_kons, "response_searchME_spouse":response_searchME_spouse])): Send request successfully

2022-11-25 11:15:49 - [MESSAGE][INFO] - HAR: D:\DMS\Engine Scoring\Reports\20221125_111232\Exclude KKB - DS - Married\Scoring Married - CS New\20221125_111233\requests\main\55.har

2022-11-25 11:15:49 - [MESSAGE][PASSED] - Send request successfully

2022-11-25 11:15:49 - [TEST_STEP][PASSED] - verifyResponseStatusCode(scoring, 200): Verify response status code successfully

2022-11-25 11:15:49 - [MESSAGE][PASSED] - Verify response status code successfully

2022-11-25 11:15:49 - [TEST_STEP][PASSED] - response2 = scoring.getResponseText(): null

2022-11-25 11:15:49 - [TEST_STEP][PASSED] - markPassed("result service data ke : " + no): result service data ke : 28

2022-11-25 11:15:49 - [MESSAGE][PASSED] - result service data ke : 28

2022-11-25 11:15:49 - [TEST_STEP][PASSED] - logInfo($response2): {"result_konsumen":"Reguler","result_pasangan":"Reguler","Final_result":"Reguler","errorMessage":"","status":"Done"}

2022-11-25 11:15:49 - [MESSAGE][INFO] - {"result_konsumen":"Reguler","result_pasangan":"Reguler","Final_result":"Reguler","errorMessage":"","status":"Done"}

2022-11-25 11:15:49 - [TEST_STEP][PASSED] - verifyElementPropertyValue(scoring, "Final_result", final_result): Verify element property value successfully

2022-11-25 11:15:49 - [MESSAGE][PASSED] - Verify element property value successfully]]></system-out>
         <system-err><![CDATA[]]></system-err>
      </testcase>
      <testcase name="Test Cases/Engine_Scoring/Engine Scoring" time="6.529" classname="Test Cases/Engine_Scoring/Engine Scoring" status="PASSED">
         <system-out><![CDATA[2022-11-25 11:15:49 - [TEST_CASE][PASSED] - Test Cases/Engine_Scoring/Engine Scoring: Test Cases/Engine_Scoring/Engine Scoring

2022-11-25 11:15:49 - [TEST_STEP][PASSED] - markPassed("Variasi data ke : " + no): Variasi data ke : 29

2022-11-25 11:15:49 - [MESSAGE][PASSED] - Variasi data ke : 29

2022-11-25 11:15:49 - [TEST_STEP][PASSED] - req_data = sendRequest(findTestObject("Search_ME", ["MID":MID, "source":source, "ip":ip, "userid":userid, "branch":branch, "tipekons":tipekons, "marital":marital, "penjamin":penjamin, ... ])): Send request successfully

2022-11-25 11:15:50 - [MESSAGE][INFO] - HAR: D:\DMS\Engine Scoring\Reports\20221125_111232\Exclude KKB - DS - Married\Scoring Married - CS New\20221125_111233\requests\main\56.har

2022-11-25 11:15:50 - [MESSAGE][PASSED] - Send request successfully

2022-11-25 11:15:50 - [TEST_STEP][PASSED] - slurper = new groovy.json.JsonSlurper(): null

2022-11-25 11:15:50 - [TEST_STEP][PASSED] - result = slurper.parseText(req_data.getResponseBodyContent()): null

2022-11-25 11:15:50 - [TEST_STEP][PASSED] - reqid_kons = requestid1: null

2022-11-25 11:15:50 - [TEST_STEP][PASSED] - reqid_spouse = requestid2: null

2022-11-25 11:15:50 - [TEST_STEP][PASSED] - println("requestid kons : " + reqid_kons): null

2022-11-25 11:15:50 - [TEST_STEP][PASSED] - response_searchME_kons = reqid_kons: null

2022-11-25 11:15:50 - [TEST_STEP][PASSED] - response_searchME_spouse = reqid_spouse: null

2022-11-25 11:15:50 - [TEST_STEP][PASSED] - println("kons req id is :" + response_searchME_kons): null

2022-11-25 11:15:50 - [TEST_STEP][PASSED] - println("spouse req id is : " + response_searchME_spouse): null

2022-11-25 11:15:50 - [TEST_STEP][PASSED] - verifyResponseStatusCode(req_data, 200): Verify response status code successfully

2022-11-25 11:15:50 - [MESSAGE][PASSED] - Verify response status code successfully

2022-11-25 11:15:50 - [TEST_STEP][PASSED] - response = req_data.getResponseText(): null

2022-11-25 11:15:50 - [TEST_STEP][PASSED] - logInfo($response): {"status":"Done","data":{"requestid1":"255815","requestid2":"255816"}}

2022-11-25 11:15:50 - [MESSAGE][INFO] - {"status":"Done","data":{"requestid1":"255815","requestid2":"255816"}}

2022-11-25 11:15:50 - [TEST_STEP][PASSED] - delay(5): Delayed 5 second(s)

2022-11-25 11:15:55 - [MESSAGE][PASSED] - Delayed 5 second(s)

2022-11-25 11:15:55 - [TEST_STEP][PASSED] - scoring = sendRequest(findTestObject("EngineScore", ["response_searchME_kons":response_searchME_kons, "response_searchME_spouse":response_searchME_spouse])): Send request successfully

2022-11-25 11:15:55 - [MESSAGE][INFO] - HAR: D:\DMS\Engine Scoring\Reports\20221125_111232\Exclude KKB - DS - Married\Scoring Married - CS New\20221125_111233\requests\main\57.har

2022-11-25 11:15:55 - [MESSAGE][PASSED] - Send request successfully

2022-11-25 11:15:55 - [TEST_STEP][PASSED] - verifyResponseStatusCode(scoring, 200): Verify response status code successfully

2022-11-25 11:15:55 - [MESSAGE][PASSED] - Verify response status code successfully

2022-11-25 11:15:55 - [TEST_STEP][PASSED] - response2 = scoring.getResponseText(): null

2022-11-25 11:15:55 - [TEST_STEP][PASSED] - markPassed("result service data ke : " + no): result service data ke : 29

2022-11-25 11:15:55 - [MESSAGE][PASSED] - result service data ke : 29

2022-11-25 11:15:55 - [TEST_STEP][PASSED] - logInfo($response2): {"result_konsumen":"Reguler","result_pasangan":"Reguler","Final_result":"Reguler","errorMessage":"","status":"Done"}

2022-11-25 11:15:55 - [MESSAGE][INFO] - {"result_konsumen":"Reguler","result_pasangan":"Reguler","Final_result":"Reguler","errorMessage":"","status":"Done"}

2022-11-25 11:15:55 - [TEST_STEP][PASSED] - verifyElementPropertyValue(scoring, "Final_result", final_result): Verify element property value successfully

2022-11-25 11:15:55 - [MESSAGE][PASSED] - Verify element property value successfully]]></system-out>
         <system-err><![CDATA[]]></system-err>
      </testcase>
      <testcase name="Test Cases/Engine_Scoring/Engine Scoring" time="6.529" classname="Test Cases/Engine_Scoring/Engine Scoring" status="PASSED">
         <system-out><![CDATA[2022-11-25 11:15:55 - [TEST_CASE][PASSED] - Test Cases/Engine_Scoring/Engine Scoring: Test Cases/Engine_Scoring/Engine Scoring

2022-11-25 11:15:56 - [TEST_STEP][PASSED] - markPassed("Variasi data ke : " + no): Variasi data ke : 30

2022-11-25 11:15:56 - [MESSAGE][PASSED] - Variasi data ke : 30

2022-11-25 11:15:56 - [TEST_STEP][PASSED] - req_data = sendRequest(findTestObject("Search_ME", ["MID":MID, "source":source, "ip":ip, "userid":userid, "branch":branch, "tipekons":tipekons, "marital":marital, "penjamin":penjamin, ... ])): Send request successfully

2022-11-25 11:15:57 - [MESSAGE][INFO] - HAR: D:\DMS\Engine Scoring\Reports\20221125_111232\Exclude KKB - DS - Married\Scoring Married - CS New\20221125_111233\requests\main\58.har

2022-11-25 11:15:57 - [MESSAGE][PASSED] - Send request successfully

2022-11-25 11:15:57 - [TEST_STEP][PASSED] - slurper = new groovy.json.JsonSlurper(): null

2022-11-25 11:15:57 - [TEST_STEP][PASSED] - result = slurper.parseText(req_data.getResponseBodyContent()): null

2022-11-25 11:15:57 - [TEST_STEP][PASSED] - reqid_kons = requestid1: null

2022-11-25 11:15:57 - [TEST_STEP][PASSED] - reqid_spouse = requestid2: null

2022-11-25 11:15:57 - [TEST_STEP][PASSED] - println("requestid kons : " + reqid_kons): null

2022-11-25 11:15:57 - [TEST_STEP][PASSED] - response_searchME_kons = reqid_kons: null

2022-11-25 11:15:57 - [TEST_STEP][PASSED] - response_searchME_spouse = reqid_spouse: null

2022-11-25 11:15:57 - [TEST_STEP][PASSED] - println("kons req id is :" + response_searchME_kons): null

2022-11-25 11:15:57 - [TEST_STEP][PASSED] - println("spouse req id is : " + response_searchME_spouse): null

2022-11-25 11:15:57 - [TEST_STEP][PASSED] - verifyResponseStatusCode(req_data, 200): Verify response status code successfully

2022-11-25 11:15:57 - [MESSAGE][PASSED] - Verify response status code successfully

2022-11-25 11:15:57 - [TEST_STEP][PASSED] - response = req_data.getResponseText(): null

2022-11-25 11:15:57 - [TEST_STEP][PASSED] - logInfo($response): {"status":"Done","data":{"requestid1":"255817","requestid2":"255818"}}

2022-11-25 11:15:57 - [MESSAGE][INFO] - {"status":"Done","data":{"requestid1":"255817","requestid2":"255818"}}

2022-11-25 11:15:57 - [TEST_STEP][PASSED] - delay(5): Delayed 5 second(s)

2022-11-25 11:16:02 - [MESSAGE][PASSED] - Delayed 5 second(s)

2022-11-25 11:16:02 - [TEST_STEP][PASSED] - scoring = sendRequest(findTestObject("EngineScore", ["response_searchME_kons":response_searchME_kons, "response_searchME_spouse":response_searchME_spouse])): Send request successfully

2022-11-25 11:16:02 - [MESSAGE][INFO] - HAR: D:\DMS\Engine Scoring\Reports\20221125_111232\Exclude KKB - DS - Married\Scoring Married - CS New\20221125_111233\requests\main\59.har

2022-11-25 11:16:02 - [MESSAGE][PASSED] - Send request successfully

2022-11-25 11:16:02 - [TEST_STEP][PASSED] - verifyResponseStatusCode(scoring, 200): Verify response status code successfully

2022-11-25 11:16:02 - [MESSAGE][PASSED] - Verify response status code successfully

2022-11-25 11:16:02 - [TEST_STEP][PASSED] - response2 = scoring.getResponseText(): null

2022-11-25 11:16:02 - [TEST_STEP][PASSED] - markPassed("result service data ke : " + no): result service data ke : 30

2022-11-25 11:16:02 - [MESSAGE][PASSED] - result service data ke : 30

2022-11-25 11:16:02 - [TEST_STEP][PASSED] - logInfo($response2): {"result_konsumen":"Reguler","result_pasangan":"Reguler","Final_result":"Reguler","errorMessage":"","status":"Done"}

2022-11-25 11:16:02 - [MESSAGE][INFO] - {"result_konsumen":"Reguler","result_pasangan":"Reguler","Final_result":"Reguler","errorMessage":"","status":"Done"}

2022-11-25 11:16:02 - [TEST_STEP][PASSED] - verifyElementPropertyValue(scoring, "Final_result", final_result): Verify element property value successfully

2022-11-25 11:16:02 - [MESSAGE][PASSED] - Verify element property value successfully]]></system-out>
         <system-err><![CDATA[]]></system-err>
      </testcase>
      <testcase name="Test Cases/Engine_Scoring/Engine Scoring" time="6.537" classname="Test Cases/Engine_Scoring/Engine Scoring" status="PASSED">
         <system-out><![CDATA[2022-11-25 11:16:02 - [TEST_CASE][PASSED] - Test Cases/Engine_Scoring/Engine Scoring: Test Cases/Engine_Scoring/Engine Scoring

2022-11-25 11:16:02 - [TEST_STEP][PASSED] - markPassed("Variasi data ke : " + no): Variasi data ke : 31

2022-11-25 11:16:02 - [MESSAGE][PASSED] - Variasi data ke : 31

2022-11-25 11:16:02 - [TEST_STEP][PASSED] - req_data = sendRequest(findTestObject("Search_ME", ["MID":MID, "source":source, "ip":ip, "userid":userid, "branch":branch, "tipekons":tipekons, "marital":marital, "penjamin":penjamin, ... ])): Send request successfully

2022-11-25 11:16:03 - [MESSAGE][INFO] - HAR: D:\DMS\Engine Scoring\Reports\20221125_111232\Exclude KKB - DS - Married\Scoring Married - CS New\20221125_111233\requests\main\60.har

2022-11-25 11:16:03 - [MESSAGE][PASSED] - Send request successfully

2022-11-25 11:16:03 - [TEST_STEP][PASSED] - slurper = new groovy.json.JsonSlurper(): null

2022-11-25 11:16:03 - [TEST_STEP][PASSED] - result = slurper.parseText(req_data.getResponseBodyContent()): null

2022-11-25 11:16:03 - [TEST_STEP][PASSED] - reqid_kons = requestid1: null

2022-11-25 11:16:03 - [TEST_STEP][PASSED] - reqid_spouse = requestid2: null

2022-11-25 11:16:03 - [TEST_STEP][PASSED] - println("requestid kons : " + reqid_kons): null

2022-11-25 11:16:03 - [TEST_STEP][PASSED] - response_searchME_kons = reqid_kons: null

2022-11-25 11:16:03 - [TEST_STEP][PASSED] - response_searchME_spouse = reqid_spouse: null

2022-11-25 11:16:03 - [TEST_STEP][PASSED] - println("kons req id is :" + response_searchME_kons): null

2022-11-25 11:16:03 - [TEST_STEP][PASSED] - println("spouse req id is : " + response_searchME_spouse): null

2022-11-25 11:16:03 - [TEST_STEP][PASSED] - verifyResponseStatusCode(req_data, 200): Verify response status code successfully

2022-11-25 11:16:03 - [MESSAGE][PASSED] - Verify response status code successfully

2022-11-25 11:16:03 - [TEST_STEP][PASSED] - response = req_data.getResponseText(): null

2022-11-25 11:16:03 - [TEST_STEP][PASSED] - logInfo($response): {"status":"Done","data":{"requestid1":"255819","requestid2":"255820"}}

2022-11-25 11:16:03 - [MESSAGE][INFO] - {"status":"Done","data":{"requestid1":"255819","requestid2":"255820"}}

2022-11-25 11:16:03 - [TEST_STEP][PASSED] - delay(5): Delayed 5 second(s)

2022-11-25 11:16:08 - [MESSAGE][PASSED] - Delayed 5 second(s)

2022-11-25 11:16:08 - [TEST_STEP][PASSED] - scoring = sendRequest(findTestObject("EngineScore", ["response_searchME_kons":response_searchME_kons, "response_searchME_spouse":response_searchME_spouse])): Send request successfully

2022-11-25 11:16:08 - [MESSAGE][INFO] - HAR: D:\DMS\Engine Scoring\Reports\20221125_111232\Exclude KKB - DS - Married\Scoring Married - CS New\20221125_111233\requests\main\61.har

2022-11-25 11:16:08 - [MESSAGE][PASSED] - Send request successfully

2022-11-25 11:16:08 - [TEST_STEP][PASSED] - verifyResponseStatusCode(scoring, 200): Verify response status code successfully

2022-11-25 11:16:08 - [MESSAGE][PASSED] - Verify response status code successfully

2022-11-25 11:16:08 - [TEST_STEP][PASSED] - response2 = scoring.getResponseText(): null

2022-11-25 11:16:08 - [TEST_STEP][PASSED] - markPassed("result service data ke : " + no): result service data ke : 31

2022-11-25 11:16:08 - [MESSAGE][PASSED] - result service data ke : 31

2022-11-25 11:16:08 - [TEST_STEP][PASSED] - logInfo($response2): {"result_konsumen":"Reguler","result_pasangan":"Reguler","Final_result":"Reguler","errorMessage":"","status":"Done"}

2022-11-25 11:16:08 - [MESSAGE][INFO] - {"result_konsumen":"Reguler","result_pasangan":"Reguler","Final_result":"Reguler","errorMessage":"","status":"Done"}

2022-11-25 11:16:08 - [TEST_STEP][PASSED] - verifyElementPropertyValue(scoring, "Final_result", final_result): Verify element property value successfully

2022-11-25 11:16:08 - [MESSAGE][PASSED] - Verify element property value successfully]]></system-out>
         <system-err><![CDATA[]]></system-err>
      </testcase>
      <testcase name="Test Cases/Engine_Scoring/Engine Scoring" time="6.616" classname="Test Cases/Engine_Scoring/Engine Scoring" status="PASSED">
         <system-out><![CDATA[2022-11-25 11:16:08 - [TEST_CASE][PASSED] - Test Cases/Engine_Scoring/Engine Scoring: Test Cases/Engine_Scoring/Engine Scoring

2022-11-25 11:16:09 - [TEST_STEP][PASSED] - markPassed("Variasi data ke : " + no): Variasi data ke : 32

2022-11-25 11:16:09 - [MESSAGE][PASSED] - Variasi data ke : 32

2022-11-25 11:16:09 - [TEST_STEP][PASSED] - req_data = sendRequest(findTestObject("Search_ME", ["MID":MID, "source":source, "ip":ip, "userid":userid, "branch":branch, "tipekons":tipekons, "marital":marital, "penjamin":penjamin, ... ])): Send request successfully

2022-11-25 11:16:10 - [MESSAGE][INFO] - HAR: D:\DMS\Engine Scoring\Reports\20221125_111232\Exclude KKB - DS - Married\Scoring Married - CS New\20221125_111233\requests\main\62.har

2022-11-25 11:16:10 - [MESSAGE][PASSED] - Send request successfully

2022-11-25 11:16:10 - [TEST_STEP][PASSED] - slurper = new groovy.json.JsonSlurper(): null

2022-11-25 11:16:10 - [TEST_STEP][PASSED] - result = slurper.parseText(req_data.getResponseBodyContent()): null

2022-11-25 11:16:10 - [TEST_STEP][PASSED] - reqid_kons = requestid1: null

2022-11-25 11:16:10 - [TEST_STEP][PASSED] - reqid_spouse = requestid2: null

2022-11-25 11:16:10 - [TEST_STEP][PASSED] - println("requestid kons : " + reqid_kons): null

2022-11-25 11:16:10 - [TEST_STEP][PASSED] - response_searchME_kons = reqid_kons: null

2022-11-25 11:16:10 - [TEST_STEP][PASSED] - response_searchME_spouse = reqid_spouse: null

2022-11-25 11:16:10 - [TEST_STEP][PASSED] - println("kons req id is :" + response_searchME_kons): null

2022-11-25 11:16:10 - [TEST_STEP][PASSED] - println("spouse req id is : " + response_searchME_spouse): null

2022-11-25 11:16:10 - [TEST_STEP][PASSED] - verifyResponseStatusCode(req_data, 200): Verify response status code successfully

2022-11-25 11:16:10 - [MESSAGE][PASSED] - Verify response status code successfully

2022-11-25 11:16:10 - [TEST_STEP][PASSED] - response = req_data.getResponseText(): null

2022-11-25 11:16:10 - [TEST_STEP][PASSED] - logInfo($response): {"status":"Done","data":{"requestid1":"255821","requestid2":"255822"}}

2022-11-25 11:16:10 - [MESSAGE][INFO] - {"status":"Done","data":{"requestid1":"255821","requestid2":"255822"}}

2022-11-25 11:16:10 - [TEST_STEP][PASSED] - delay(5): Delayed 5 second(s)

2022-11-25 11:16:15 - [MESSAGE][PASSED] - Delayed 5 second(s)

2022-11-25 11:16:15 - [TEST_STEP][PASSED] - scoring = sendRequest(findTestObject("EngineScore", ["response_searchME_kons":response_searchME_kons, "response_searchME_spouse":response_searchME_spouse])): Send request successfully

2022-11-25 11:16:15 - [MESSAGE][INFO] - HAR: D:\DMS\Engine Scoring\Reports\20221125_111232\Exclude KKB - DS - Married\Scoring Married - CS New\20221125_111233\requests\main\63.har

2022-11-25 11:16:15 - [MESSAGE][PASSED] - Send request successfully

2022-11-25 11:16:15 - [TEST_STEP][PASSED] - verifyResponseStatusCode(scoring, 200): Verify response status code successfully

2022-11-25 11:16:15 - [MESSAGE][PASSED] - Verify response status code successfully

2022-11-25 11:16:15 - [TEST_STEP][PASSED] - response2 = scoring.getResponseText(): null

2022-11-25 11:16:15 - [TEST_STEP][PASSED] - markPassed("result service data ke : " + no): result service data ke : 32

2022-11-25 11:16:15 - [MESSAGE][PASSED] - result service data ke : 32

2022-11-25 11:16:15 - [TEST_STEP][PASSED] - logInfo($response2): {"result_konsumen":"Reguler","result_pasangan":"Reject","Final_result":"Reject","errorMessage":"","status":"Done"}

2022-11-25 11:16:15 - [MESSAGE][INFO] - {"result_konsumen":"Reguler","result_pasangan":"Reject","Final_result":"Reject","errorMessage":"","status":"Done"}

2022-11-25 11:16:15 - [TEST_STEP][PASSED] - verifyElementPropertyValue(scoring, "Final_result", final_result): Verify element property value successfully

2022-11-25 11:16:15 - [MESSAGE][PASSED] - Verify element property value successfully]]></system-out>
         <system-err><![CDATA[]]></system-err>
      </testcase>
      <testcase name="Test Cases/Engine_Scoring/Engine Scoring" time="6.545" classname="Test Cases/Engine_Scoring/Engine Scoring" status="PASSED">
         <system-out><![CDATA[2022-11-25 11:16:15 - [TEST_CASE][PASSED] - Test Cases/Engine_Scoring/Engine Scoring: Test Cases/Engine_Scoring/Engine Scoring

2022-11-25 11:16:16 - [TEST_STEP][PASSED] - markPassed("Variasi data ke : " + no): Variasi data ke : 33

2022-11-25 11:16:16 - [MESSAGE][PASSED] - Variasi data ke : 33

2022-11-25 11:16:16 - [TEST_STEP][PASSED] - req_data = sendRequest(findTestObject("Search_ME", ["MID":MID, "source":source, "ip":ip, "userid":userid, "branch":branch, "tipekons":tipekons, "marital":marital, "penjamin":penjamin, ... ])): Send request successfully

2022-11-25 11:16:16 - [MESSAGE][INFO] - HAR: D:\DMS\Engine Scoring\Reports\20221125_111232\Exclude KKB - DS - Married\Scoring Married - CS New\20221125_111233\requests\main\64.har

2022-11-25 11:16:16 - [MESSAGE][PASSED] - Send request successfully

2022-11-25 11:16:16 - [TEST_STEP][PASSED] - slurper = new groovy.json.JsonSlurper(): null

2022-11-25 11:16:16 - [TEST_STEP][PASSED] - result = slurper.parseText(req_data.getResponseBodyContent()): null

2022-11-25 11:16:16 - [TEST_STEP][PASSED] - reqid_kons = requestid1: null

2022-11-25 11:16:16 - [TEST_STEP][PASSED] - reqid_spouse = requestid2: null

2022-11-25 11:16:16 - [TEST_STEP][PASSED] - println("requestid kons : " + reqid_kons): null

2022-11-25 11:16:16 - [TEST_STEP][PASSED] - response_searchME_kons = reqid_kons: null

2022-11-25 11:16:16 - [TEST_STEP][PASSED] - response_searchME_spouse = reqid_spouse: null

2022-11-25 11:16:16 - [TEST_STEP][PASSED] - println("kons req id is :" + response_searchME_kons): null

2022-11-25 11:16:16 - [TEST_STEP][PASSED] - println("spouse req id is : " + response_searchME_spouse): null

2022-11-25 11:16:16 - [TEST_STEP][PASSED] - verifyResponseStatusCode(req_data, 200): Verify response status code successfully

2022-11-25 11:16:16 - [MESSAGE][PASSED] - Verify response status code successfully

2022-11-25 11:16:16 - [TEST_STEP][PASSED] - response = req_data.getResponseText(): null

2022-11-25 11:16:16 - [TEST_STEP][PASSED] - logInfo($response): {"status":"Done","data":{"requestid1":"255823","requestid2":"255824"}}

2022-11-25 11:16:16 - [MESSAGE][INFO] - {"status":"Done","data":{"requestid1":"255823","requestid2":"255824"}}

2022-11-25 11:16:16 - [TEST_STEP][PASSED] - delay(5): Delayed 5 second(s)

2022-11-25 11:16:21 - [MESSAGE][PASSED] - Delayed 5 second(s)

2022-11-25 11:16:21 - [TEST_STEP][PASSED] - scoring = sendRequest(findTestObject("EngineScore", ["response_searchME_kons":response_searchME_kons, "response_searchME_spouse":response_searchME_spouse])): Send request successfully

2022-11-25 11:16:22 - [MESSAGE][INFO] - HAR: D:\DMS\Engine Scoring\Reports\20221125_111232\Exclude KKB - DS - Married\Scoring Married - CS New\20221125_111233\requests\main\65.har

2022-11-25 11:16:22 - [MESSAGE][PASSED] - Send request successfully

2022-11-25 11:16:22 - [TEST_STEP][PASSED] - verifyResponseStatusCode(scoring, 200): Verify response status code successfully

2022-11-25 11:16:22 - [MESSAGE][PASSED] - Verify response status code successfully

2022-11-25 11:16:22 - [TEST_STEP][PASSED] - response2 = scoring.getResponseText(): null

2022-11-25 11:16:22 - [TEST_STEP][PASSED] - markPassed("result service data ke : " + no): result service data ke : 33

2022-11-25 11:16:22 - [MESSAGE][PASSED] - result service data ke : 33

2022-11-25 11:16:22 - [TEST_STEP][PASSED] - logInfo($response2): {"result_konsumen":"Reguler","result_pasangan":"Reject","Final_result":"Reject","errorMessage":"","status":"Done"}

2022-11-25 11:16:22 - [MESSAGE][INFO] - {"result_konsumen":"Reguler","result_pasangan":"Reject","Final_result":"Reject","errorMessage":"","status":"Done"}

2022-11-25 11:16:22 - [TEST_STEP][PASSED] - verifyElementPropertyValue(scoring, "Final_result", final_result): Verify element property value successfully

2022-11-25 11:16:22 - [MESSAGE][PASSED] - Verify element property value successfully]]></system-out>
         <system-err><![CDATA[]]></system-err>
      </testcase>
      <testcase name="Test Cases/Engine_Scoring/Engine Scoring" time="6.62" classname="Test Cases/Engine_Scoring/Engine Scoring" status="PASSED">
         <system-out><![CDATA[2022-11-25 11:16:22 - [TEST_CASE][PASSED] - Test Cases/Engine_Scoring/Engine Scoring: Test Cases/Engine_Scoring/Engine Scoring

2022-11-25 11:16:22 - [TEST_STEP][PASSED] - markPassed("Variasi data ke : " + no): Variasi data ke : 34

2022-11-25 11:16:22 - [MESSAGE][PASSED] - Variasi data ke : 34

2022-11-25 11:16:22 - [TEST_STEP][PASSED] - req_data = sendRequest(findTestObject("Search_ME", ["MID":MID, "source":source, "ip":ip, "userid":userid, "branch":branch, "tipekons":tipekons, "marital":marital, "penjamin":penjamin, ... ])): Send request successfully

2022-11-25 11:16:23 - [MESSAGE][INFO] - HAR: D:\DMS\Engine Scoring\Reports\20221125_111232\Exclude KKB - DS - Married\Scoring Married - CS New\20221125_111233\requests\main\66.har

2022-11-25 11:16:23 - [MESSAGE][PASSED] - Send request successfully

2022-11-25 11:16:23 - [TEST_STEP][PASSED] - slurper = new groovy.json.JsonSlurper(): null

2022-11-25 11:16:23 - [TEST_STEP][PASSED] - result = slurper.parseText(req_data.getResponseBodyContent()): null

2022-11-25 11:16:23 - [TEST_STEP][PASSED] - reqid_kons = requestid1: null

2022-11-25 11:16:23 - [TEST_STEP][PASSED] - reqid_spouse = requestid2: null

2022-11-25 11:16:23 - [TEST_STEP][PASSED] - println("requestid kons : " + reqid_kons): null

2022-11-25 11:16:23 - [TEST_STEP][PASSED] - response_searchME_kons = reqid_kons: null

2022-11-25 11:16:23 - [TEST_STEP][PASSED] - response_searchME_spouse = reqid_spouse: null

2022-11-25 11:16:23 - [TEST_STEP][PASSED] - println("kons req id is :" + response_searchME_kons): null

2022-11-25 11:16:23 - [TEST_STEP][PASSED] - println("spouse req id is : " + response_searchME_spouse): null

2022-11-25 11:16:23 - [TEST_STEP][PASSED] - verifyResponseStatusCode(req_data, 200): Verify response status code successfully

2022-11-25 11:16:23 - [MESSAGE][PASSED] - Verify response status code successfully

2022-11-25 11:16:23 - [TEST_STEP][PASSED] - response = req_data.getResponseText(): null

2022-11-25 11:16:23 - [TEST_STEP][PASSED] - logInfo($response): {"status":"Done","data":{"requestid1":"255825","requestid2":"255826"}}

2022-11-25 11:16:23 - [MESSAGE][INFO] - {"status":"Done","data":{"requestid1":"255825","requestid2":"255826"}}

2022-11-25 11:16:23 - [TEST_STEP][PASSED] - delay(5): Delayed 5 second(s)

2022-11-25 11:16:28 - [MESSAGE][PASSED] - Delayed 5 second(s)

2022-11-25 11:16:28 - [TEST_STEP][PASSED] - scoring = sendRequest(findTestObject("EngineScore", ["response_searchME_kons":response_searchME_kons, "response_searchME_spouse":response_searchME_spouse])): Send request successfully

2022-11-25 11:16:28 - [MESSAGE][INFO] - HAR: D:\DMS\Engine Scoring\Reports\20221125_111232\Exclude KKB - DS - Married\Scoring Married - CS New\20221125_111233\requests\main\67.har

2022-11-25 11:16:28 - [MESSAGE][PASSED] - Send request successfully

2022-11-25 11:16:28 - [TEST_STEP][PASSED] - verifyResponseStatusCode(scoring, 200): Verify response status code successfully

2022-11-25 11:16:28 - [MESSAGE][PASSED] - Verify response status code successfully

2022-11-25 11:16:28 - [TEST_STEP][PASSED] - response2 = scoring.getResponseText(): null

2022-11-25 11:16:28 - [TEST_STEP][PASSED] - markPassed("result service data ke : " + no): result service data ke : 34

2022-11-25 11:16:28 - [MESSAGE][PASSED] - result service data ke : 34

2022-11-25 11:16:28 - [TEST_STEP][PASSED] - logInfo($response2): {"result_konsumen":"Reguler","result_pasangan":"Reject","Final_result":"Reject","errorMessage":"","status":"Done"}

2022-11-25 11:16:28 - [MESSAGE][INFO] - {"result_konsumen":"Reguler","result_pasangan":"Reject","Final_result":"Reject","errorMessage":"","status":"Done"}

2022-11-25 11:16:28 - [TEST_STEP][PASSED] - verifyElementPropertyValue(scoring, "Final_result", final_result): Verify element property value successfully

2022-11-25 11:16:28 - [MESSAGE][PASSED] - Verify element property value successfully]]></system-out>
         <system-err><![CDATA[]]></system-err>
      </testcase>
      <testcase name="Test Cases/Engine_Scoring/Engine Scoring" time="6.555" classname="Test Cases/Engine_Scoring/Engine Scoring" status="PASSED">
         <system-out><![CDATA[2022-11-25 11:16:28 - [TEST_CASE][PASSED] - Test Cases/Engine_Scoring/Engine Scoring: Test Cases/Engine_Scoring/Engine Scoring

2022-11-25 11:16:29 - [TEST_STEP][PASSED] - markPassed("Variasi data ke : " + no): Variasi data ke : 35

2022-11-25 11:16:29 - [MESSAGE][PASSED] - Variasi data ke : 35

2022-11-25 11:16:29 - [TEST_STEP][PASSED] - req_data = sendRequest(findTestObject("Search_ME", ["MID":MID, "source":source, "ip":ip, "userid":userid, "branch":branch, "tipekons":tipekons, "marital":marital, "penjamin":penjamin, ... ])): Send request successfully

2022-11-25 11:16:30 - [MESSAGE][INFO] - HAR: D:\DMS\Engine Scoring\Reports\20221125_111232\Exclude KKB - DS - Married\Scoring Married - CS New\20221125_111233\requests\main\68.har

2022-11-25 11:16:30 - [MESSAGE][PASSED] - Send request successfully

2022-11-25 11:16:30 - [TEST_STEP][PASSED] - slurper = new groovy.json.JsonSlurper(): null

2022-11-25 11:16:30 - [TEST_STEP][PASSED] - result = slurper.parseText(req_data.getResponseBodyContent()): null

2022-11-25 11:16:30 - [TEST_STEP][PASSED] - reqid_kons = requestid1: null

2022-11-25 11:16:30 - [TEST_STEP][PASSED] - reqid_spouse = requestid2: null

2022-11-25 11:16:30 - [TEST_STEP][PASSED] - println("requestid kons : " + reqid_kons): null

2022-11-25 11:16:30 - [TEST_STEP][PASSED] - response_searchME_kons = reqid_kons: null

2022-11-25 11:16:30 - [TEST_STEP][PASSED] - response_searchME_spouse = reqid_spouse: null

2022-11-25 11:16:30 - [TEST_STEP][PASSED] - println("kons req id is :" + response_searchME_kons): null

2022-11-25 11:16:30 - [TEST_STEP][PASSED] - println("spouse req id is : " + response_searchME_spouse): null

2022-11-25 11:16:30 - [TEST_STEP][PASSED] - verifyResponseStatusCode(req_data, 200): Verify response status code successfully

2022-11-25 11:16:30 - [MESSAGE][PASSED] - Verify response status code successfully

2022-11-25 11:16:30 - [TEST_STEP][PASSED] - response = req_data.getResponseText(): null

2022-11-25 11:16:30 - [TEST_STEP][PASSED] - logInfo($response): {"status":"Done","data":{"requestid1":"255827","requestid2":"255828"}}

2022-11-25 11:16:30 - [MESSAGE][INFO] - {"status":"Done","data":{"requestid1":"255827","requestid2":"255828"}}

2022-11-25 11:16:30 - [TEST_STEP][PASSED] - delay(5): Delayed 5 second(s)

2022-11-25 11:16:35 - [MESSAGE][PASSED] - Delayed 5 second(s)

2022-11-25 11:16:35 - [TEST_STEP][PASSED] - scoring = sendRequest(findTestObject("EngineScore", ["response_searchME_kons":response_searchME_kons, "response_searchME_spouse":response_searchME_spouse])): Send request successfully

2022-11-25 11:16:35 - [MESSAGE][INFO] - HAR: D:\DMS\Engine Scoring\Reports\20221125_111232\Exclude KKB - DS - Married\Scoring Married - CS New\20221125_111233\requests\main\69.har

2022-11-25 11:16:35 - [MESSAGE][PASSED] - Send request successfully

2022-11-25 11:16:35 - [TEST_STEP][PASSED] - verifyResponseStatusCode(scoring, 200): Verify response status code successfully

2022-11-25 11:16:35 - [MESSAGE][PASSED] - Verify response status code successfully

2022-11-25 11:16:35 - [TEST_STEP][PASSED] - response2 = scoring.getResponseText(): null

2022-11-25 11:16:35 - [TEST_STEP][PASSED] - markPassed("result service data ke : " + no): result service data ke : 35

2022-11-25 11:16:35 - [MESSAGE][PASSED] - result service data ke : 35

2022-11-25 11:16:35 - [TEST_STEP][PASSED] - logInfo($response2): {"result_konsumen":"Reguler","result_pasangan":"Reguler","Final_result":"Reguler","errorMessage":"","status":"Done"}

2022-11-25 11:16:35 - [MESSAGE][INFO] - {"result_konsumen":"Reguler","result_pasangan":"Reguler","Final_result":"Reguler","errorMessage":"","status":"Done"}

2022-11-25 11:16:35 - [TEST_STEP][PASSED] - verifyElementPropertyValue(scoring, "Final_result", final_result): Verify element property value successfully

2022-11-25 11:16:35 - [MESSAGE][PASSED] - Verify element property value successfully]]></system-out>
         <system-err><![CDATA[]]></system-err>
      </testcase>
      <testcase name="Test Cases/Engine_Scoring/Engine Scoring" time="6.611" classname="Test Cases/Engine_Scoring/Engine Scoring" status="PASSED">
         <system-out><![CDATA[2022-11-25 11:16:35 - [TEST_CASE][PASSED] - Test Cases/Engine_Scoring/Engine Scoring: Test Cases/Engine_Scoring/Engine Scoring

2022-11-25 11:16:36 - [TEST_STEP][PASSED] - markPassed("Variasi data ke : " + no): Variasi data ke : 36

2022-11-25 11:16:36 - [MESSAGE][PASSED] - Variasi data ke : 36

2022-11-25 11:16:36 - [TEST_STEP][PASSED] - req_data = sendRequest(findTestObject("Search_ME", ["MID":MID, "source":source, "ip":ip, "userid":userid, "branch":branch, "tipekons":tipekons, "marital":marital, "penjamin":penjamin, ... ])): Send request successfully

2022-11-25 11:16:36 - [MESSAGE][INFO] - HAR: D:\DMS\Engine Scoring\Reports\20221125_111232\Exclude KKB - DS - Married\Scoring Married - CS New\20221125_111233\requests\main\70.har

2022-11-25 11:16:36 - [MESSAGE][PASSED] - Send request successfully

2022-11-25 11:16:36 - [TEST_STEP][PASSED] - slurper = new groovy.json.JsonSlurper(): null

2022-11-25 11:16:36 - [TEST_STEP][PASSED] - result = slurper.parseText(req_data.getResponseBodyContent()): null

2022-11-25 11:16:36 - [TEST_STEP][PASSED] - reqid_kons = requestid1: null

2022-11-25 11:16:36 - [TEST_STEP][PASSED] - reqid_spouse = requestid2: null

2022-11-25 11:16:36 - [TEST_STEP][PASSED] - println("requestid kons : " + reqid_kons): null

2022-11-25 11:16:36 - [TEST_STEP][PASSED] - response_searchME_kons = reqid_kons: null

2022-11-25 11:16:36 - [TEST_STEP][PASSED] - response_searchME_spouse = reqid_spouse: null

2022-11-25 11:16:36 - [TEST_STEP][PASSED] - println("kons req id is :" + response_searchME_kons): null

2022-11-25 11:16:36 - [TEST_STEP][PASSED] - println("spouse req id is : " + response_searchME_spouse): null

2022-11-25 11:16:36 - [TEST_STEP][PASSED] - verifyResponseStatusCode(req_data, 200): Verify response status code successfully

2022-11-25 11:16:36 - [MESSAGE][PASSED] - Verify response status code successfully

2022-11-25 11:16:36 - [TEST_STEP][PASSED] - response = req_data.getResponseText(): null

2022-11-25 11:16:36 - [TEST_STEP][PASSED] - logInfo($response): {"status":"Done","data":{"requestid1":"255829","requestid2":"255830"}}

2022-11-25 11:16:36 - [MESSAGE][INFO] - {"status":"Done","data":{"requestid1":"255829","requestid2":"255830"}}

2022-11-25 11:16:36 - [TEST_STEP][PASSED] - delay(5): Delayed 5 second(s)

2022-11-25 11:16:41 - [MESSAGE][PASSED] - Delayed 5 second(s)

2022-11-25 11:16:41 - [TEST_STEP][PASSED] - scoring = sendRequest(findTestObject("EngineScore", ["response_searchME_kons":response_searchME_kons, "response_searchME_spouse":response_searchME_spouse])): Send request successfully

2022-11-25 11:16:42 - [MESSAGE][INFO] - HAR: D:\DMS\Engine Scoring\Reports\20221125_111232\Exclude KKB - DS - Married\Scoring Married - CS New\20221125_111233\requests\main\71.har

2022-11-25 11:16:42 - [MESSAGE][PASSED] - Send request successfully

2022-11-25 11:16:42 - [TEST_STEP][PASSED] - verifyResponseStatusCode(scoring, 200): Verify response status code successfully

2022-11-25 11:16:42 - [MESSAGE][PASSED] - Verify response status code successfully

2022-11-25 11:16:42 - [TEST_STEP][PASSED] - response2 = scoring.getResponseText(): null

2022-11-25 11:16:42 - [TEST_STEP][PASSED] - markPassed("result service data ke : " + no): result service data ke : 36

2022-11-25 11:16:42 - [MESSAGE][PASSED] - result service data ke : 36

2022-11-25 11:16:42 - [TEST_STEP][PASSED] - logInfo($response2): {"result_konsumen":"Reguler","result_pasangan":"Reguler","Final_result":"Reguler","errorMessage":"","status":"Done"}

2022-11-25 11:16:42 - [MESSAGE][INFO] - {"result_konsumen":"Reguler","result_pasangan":"Reguler","Final_result":"Reguler","errorMessage":"","status":"Done"}

2022-11-25 11:16:42 - [TEST_STEP][PASSED] - verifyElementPropertyValue(scoring, "Final_result", final_result): Verify element property value successfully

2022-11-25 11:16:42 - [MESSAGE][PASSED] - Verify element property value successfully]]></system-out>
         <system-err><![CDATA[]]></system-err>
      </testcase>
      <testcase name="Test Cases/Engine_Scoring/Engine Scoring" time="6.566" classname="Test Cases/Engine_Scoring/Engine Scoring" status="PASSED">
         <system-out><![CDATA[2022-11-25 11:16:42 - [TEST_CASE][PASSED] - Test Cases/Engine_Scoring/Engine Scoring: Test Cases/Engine_Scoring/Engine Scoring

2022-11-25 11:16:42 - [TEST_STEP][PASSED] - markPassed("Variasi data ke : " + no): Variasi data ke : 37

2022-11-25 11:16:42 - [MESSAGE][PASSED] - Variasi data ke : 37

2022-11-25 11:16:42 - [TEST_STEP][PASSED] - req_data = sendRequest(findTestObject("Search_ME", ["MID":MID, "source":source, "ip":ip, "userid":userid, "branch":branch, "tipekons":tipekons, "marital":marital, "penjamin":penjamin, ... ])): Send request successfully

2022-11-25 11:16:43 - [MESSAGE][INFO] - HAR: D:\DMS\Engine Scoring\Reports\20221125_111232\Exclude KKB - DS - Married\Scoring Married - CS New\20221125_111233\requests\main\72.har

2022-11-25 11:16:43 - [MESSAGE][PASSED] - Send request successfully

2022-11-25 11:16:43 - [TEST_STEP][PASSED] - slurper = new groovy.json.JsonSlurper(): null

2022-11-25 11:16:43 - [TEST_STEP][PASSED] - result = slurper.parseText(req_data.getResponseBodyContent()): null

2022-11-25 11:16:43 - [TEST_STEP][PASSED] - reqid_kons = requestid1: null

2022-11-25 11:16:43 - [TEST_STEP][PASSED] - reqid_spouse = requestid2: null

2022-11-25 11:16:43 - [TEST_STEP][PASSED] - println("requestid kons : " + reqid_kons): null

2022-11-25 11:16:43 - [TEST_STEP][PASSED] - response_searchME_kons = reqid_kons: null

2022-11-25 11:16:43 - [TEST_STEP][PASSED] - response_searchME_spouse = reqid_spouse: null

2022-11-25 11:16:43 - [TEST_STEP][PASSED] - println("kons req id is :" + response_searchME_kons): null

2022-11-25 11:16:43 - [TEST_STEP][PASSED] - println("spouse req id is : " + response_searchME_spouse): null

2022-11-25 11:16:43 - [TEST_STEP][PASSED] - verifyResponseStatusCode(req_data, 200): Verify response status code successfully

2022-11-25 11:16:43 - [MESSAGE][PASSED] - Verify response status code successfully

2022-11-25 11:16:43 - [TEST_STEP][PASSED] - response = req_data.getResponseText(): null

2022-11-25 11:16:43 - [TEST_STEP][PASSED] - logInfo($response): {"status":"Done","data":{"requestid1":"255831","requestid2":"255832"}}

2022-11-25 11:16:43 - [MESSAGE][INFO] - {"status":"Done","data":{"requestid1":"255831","requestid2":"255832"}}

2022-11-25 11:16:43 - [TEST_STEP][PASSED] - delay(5): Delayed 5 second(s)

2022-11-25 11:16:48 - [MESSAGE][PASSED] - Delayed 5 second(s)

2022-11-25 11:16:48 - [TEST_STEP][PASSED] - scoring = sendRequest(findTestObject("EngineScore", ["response_searchME_kons":response_searchME_kons, "response_searchME_spouse":response_searchME_spouse])): Send request successfully

2022-11-25 11:16:48 - [MESSAGE][INFO] - HAR: D:\DMS\Engine Scoring\Reports\20221125_111232\Exclude KKB - DS - Married\Scoring Married - CS New\20221125_111233\requests\main\73.har

2022-11-25 11:16:48 - [MESSAGE][PASSED] - Send request successfully

2022-11-25 11:16:48 - [TEST_STEP][PASSED] - verifyResponseStatusCode(scoring, 200): Verify response status code successfully

2022-11-25 11:16:48 - [MESSAGE][PASSED] - Verify response status code successfully

2022-11-25 11:16:48 - [TEST_STEP][PASSED] - response2 = scoring.getResponseText(): null

2022-11-25 11:16:48 - [TEST_STEP][PASSED] - markPassed("result service data ke : " + no): result service data ke : 37

2022-11-25 11:16:48 - [MESSAGE][PASSED] - result service data ke : 37

2022-11-25 11:16:48 - [TEST_STEP][PASSED] - logInfo($response2): {"result_konsumen":"Reject","result_pasangan":"Reguler","Final_result":"Reject","errorMessage":"","status":"Done"}

2022-11-25 11:16:48 - [MESSAGE][INFO] - {"result_konsumen":"Reject","result_pasangan":"Reguler","Final_result":"Reject","errorMessage":"","status":"Done"}

2022-11-25 11:16:48 - [TEST_STEP][PASSED] - verifyElementPropertyValue(scoring, "Final_result", final_result): Verify element property value successfully

2022-11-25 11:16:48 - [MESSAGE][PASSED] - Verify element property value successfully]]></system-out>
         <system-err><![CDATA[]]></system-err>
      </testcase>
      <testcase name="Test Cases/Engine_Scoring/Engine Scoring" time="6.754" classname="Test Cases/Engine_Scoring/Engine Scoring" status="PASSED">
         <system-out><![CDATA[2022-11-25 11:16:48 - [TEST_CASE][PASSED] - Test Cases/Engine_Scoring/Engine Scoring: Test Cases/Engine_Scoring/Engine Scoring

2022-11-25 11:16:49 - [TEST_STEP][PASSED] - markPassed("Variasi data ke : " + no): Variasi data ke : 38

2022-11-25 11:16:49 - [MESSAGE][PASSED] - Variasi data ke : 38

2022-11-25 11:16:49 - [TEST_STEP][PASSED] - req_data = sendRequest(findTestObject("Search_ME", ["MID":MID, "source":source, "ip":ip, "userid":userid, "branch":branch, "tipekons":tipekons, "marital":marital, "penjamin":penjamin, ... ])): Send request successfully

2022-11-25 11:16:50 - [MESSAGE][INFO] - HAR: D:\DMS\Engine Scoring\Reports\20221125_111232\Exclude KKB - DS - Married\Scoring Married - CS New\20221125_111233\requests\main\74.har

2022-11-25 11:16:50 - [MESSAGE][PASSED] - Send request successfully

2022-11-25 11:16:50 - [TEST_STEP][PASSED] - slurper = new groovy.json.JsonSlurper(): null

2022-11-25 11:16:50 - [TEST_STEP][PASSED] - result = slurper.parseText(req_data.getResponseBodyContent()): null

2022-11-25 11:16:50 - [TEST_STEP][PASSED] - reqid_kons = requestid1: null

2022-11-25 11:16:50 - [TEST_STEP][PASSED] - reqid_spouse = requestid2: null

2022-11-25 11:16:50 - [TEST_STEP][PASSED] - println("requestid kons : " + reqid_kons): null

2022-11-25 11:16:50 - [TEST_STEP][PASSED] - response_searchME_kons = reqid_kons: null

2022-11-25 11:16:50 - [TEST_STEP][PASSED] - response_searchME_spouse = reqid_spouse: null

2022-11-25 11:16:50 - [TEST_STEP][PASSED] - println("kons req id is :" + response_searchME_kons): null

2022-11-25 11:16:50 - [TEST_STEP][PASSED] - println("spouse req id is : " + response_searchME_spouse): null

2022-11-25 11:16:50 - [TEST_STEP][PASSED] - verifyResponseStatusCode(req_data, 200): Verify response status code successfully

2022-11-25 11:16:50 - [MESSAGE][PASSED] - Verify response status code successfully

2022-11-25 11:16:50 - [TEST_STEP][PASSED] - response = req_data.getResponseText(): null

2022-11-25 11:16:50 - [TEST_STEP][PASSED] - logInfo($response): {"status":"Done","data":{"requestid1":"255833","requestid2":"255834"}}

2022-11-25 11:16:50 - [MESSAGE][INFO] - {"status":"Done","data":{"requestid1":"255833","requestid2":"255834"}}

2022-11-25 11:16:50 - [TEST_STEP][PASSED] - delay(5): Delayed 5 second(s)

2022-11-25 11:16:55 - [MESSAGE][PASSED] - Delayed 5 second(s)

2022-11-25 11:16:55 - [TEST_STEP][PASSED] - scoring = sendRequest(findTestObject("EngineScore", ["response_searchME_kons":response_searchME_kons, "response_searchME_spouse":response_searchME_spouse])): Send request successfully

2022-11-25 11:16:55 - [MESSAGE][INFO] - HAR: D:\DMS\Engine Scoring\Reports\20221125_111232\Exclude KKB - DS - Married\Scoring Married - CS New\20221125_111233\requests\main\75.har

2022-11-25 11:16:55 - [MESSAGE][PASSED] - Send request successfully

2022-11-25 11:16:55 - [TEST_STEP][PASSED] - verifyResponseStatusCode(scoring, 200): Verify response status code successfully

2022-11-25 11:16:55 - [MESSAGE][PASSED] - Verify response status code successfully

2022-11-25 11:16:55 - [TEST_STEP][PASSED] - response2 = scoring.getResponseText(): null

2022-11-25 11:16:55 - [TEST_STEP][PASSED] - markPassed("result service data ke : " + no): result service data ke : 38

2022-11-25 11:16:55 - [MESSAGE][PASSED] - result service data ke : 38

2022-11-25 11:16:55 - [TEST_STEP][PASSED] - logInfo($response2): {"result_konsumen":"Reject","result_pasangan":"Reguler","Final_result":"Reject","errorMessage":"","status":"Done"}

2022-11-25 11:16:55 - [MESSAGE][INFO] - {"result_konsumen":"Reject","result_pasangan":"Reguler","Final_result":"Reject","errorMessage":"","status":"Done"}

2022-11-25 11:16:55 - [TEST_STEP][PASSED] - verifyElementPropertyValue(scoring, "Final_result", final_result): Verify element property value successfully

2022-11-25 11:16:55 - [MESSAGE][PASSED] - Verify element property value successfully]]></system-out>
         <system-err><![CDATA[]]></system-err>
      </testcase>
      <testcase name="Test Cases/Engine_Scoring/Engine Scoring" time="6.66" classname="Test Cases/Engine_Scoring/Engine Scoring" status="PASSED">
         <system-out><![CDATA[2022-11-25 11:16:55 - [TEST_CASE][PASSED] - Test Cases/Engine_Scoring/Engine Scoring: Test Cases/Engine_Scoring/Engine Scoring

2022-11-25 11:16:56 - [TEST_STEP][PASSED] - markPassed("Variasi data ke : " + no): Variasi data ke : 39

2022-11-25 11:16:56 - [MESSAGE][PASSED] - Variasi data ke : 39

2022-11-25 11:16:56 - [TEST_STEP][PASSED] - req_data = sendRequest(findTestObject("Search_ME", ["MID":MID, "source":source, "ip":ip, "userid":userid, "branch":branch, "tipekons":tipekons, "marital":marital, "penjamin":penjamin, ... ])): Send request successfully

2022-11-25 11:16:57 - [MESSAGE][INFO] - HAR: D:\DMS\Engine Scoring\Reports\20221125_111232\Exclude KKB - DS - Married\Scoring Married - CS New\20221125_111233\requests\main\76.har

2022-11-25 11:16:57 - [MESSAGE][PASSED] - Send request successfully

2022-11-25 11:16:57 - [TEST_STEP][PASSED] - slurper = new groovy.json.JsonSlurper(): null

2022-11-25 11:16:57 - [TEST_STEP][PASSED] - result = slurper.parseText(req_data.getResponseBodyContent()): null

2022-11-25 11:16:57 - [TEST_STEP][PASSED] - reqid_kons = requestid1: null

2022-11-25 11:16:57 - [TEST_STEP][PASSED] - reqid_spouse = requestid2: null

2022-11-25 11:16:57 - [TEST_STEP][PASSED] - println("requestid kons : " + reqid_kons): null

2022-11-25 11:16:57 - [TEST_STEP][PASSED] - response_searchME_kons = reqid_kons: null

2022-11-25 11:16:57 - [TEST_STEP][PASSED] - response_searchME_spouse = reqid_spouse: null

2022-11-25 11:16:57 - [TEST_STEP][PASSED] - println("kons req id is :" + response_searchME_kons): null

2022-11-25 11:16:57 - [TEST_STEP][PASSED] - println("spouse req id is : " + response_searchME_spouse): null

2022-11-25 11:16:57 - [TEST_STEP][PASSED] - verifyResponseStatusCode(req_data, 200): Verify response status code successfully

2022-11-25 11:16:57 - [MESSAGE][PASSED] - Verify response status code successfully

2022-11-25 11:16:57 - [TEST_STEP][PASSED] - response = req_data.getResponseText(): null

2022-11-25 11:16:57 - [TEST_STEP][PASSED] - logInfo($response): {"status":"Done","data":{"requestid1":"255835","requestid2":"255836"}}

2022-11-25 11:16:57 - [MESSAGE][INFO] - {"status":"Done","data":{"requestid1":"255835","requestid2":"255836"}}

2022-11-25 11:16:57 - [TEST_STEP][PASSED] - delay(5): Delayed 5 second(s)

2022-11-25 11:17:02 - [MESSAGE][PASSED] - Delayed 5 second(s)

2022-11-25 11:17:02 - [TEST_STEP][PASSED] - scoring = sendRequest(findTestObject("EngineScore", ["response_searchME_kons":response_searchME_kons, "response_searchME_spouse":response_searchME_spouse])): Send request successfully

2022-11-25 11:17:02 - [MESSAGE][INFO] - HAR: D:\DMS\Engine Scoring\Reports\20221125_111232\Exclude KKB - DS - Married\Scoring Married - CS New\20221125_111233\requests\main\77.har

2022-11-25 11:17:02 - [MESSAGE][PASSED] - Send request successfully

2022-11-25 11:17:02 - [TEST_STEP][PASSED] - verifyResponseStatusCode(scoring, 200): Verify response status code successfully

2022-11-25 11:17:02 - [MESSAGE][PASSED] - Verify response status code successfully

2022-11-25 11:17:02 - [TEST_STEP][PASSED] - response2 = scoring.getResponseText(): null

2022-11-25 11:17:02 - [TEST_STEP][PASSED] - markPassed("result service data ke : " + no): result service data ke : 39

2022-11-25 11:17:02 - [MESSAGE][PASSED] - result service data ke : 39

2022-11-25 11:17:02 - [TEST_STEP][PASSED] - logInfo($response2): {"result_konsumen":"Reject","result_pasangan":"Reguler","Final_result":"Reject","errorMessage":"","status":"Done"}

2022-11-25 11:17:02 - [MESSAGE][INFO] - {"result_konsumen":"Reject","result_pasangan":"Reguler","Final_result":"Reject","errorMessage":"","status":"Done"}

2022-11-25 11:17:02 - [TEST_STEP][PASSED] - verifyElementPropertyValue(scoring, "Final_result", final_result): Verify element property value successfully

2022-11-25 11:17:02 - [MESSAGE][PASSED] - Verify element property value successfully]]></system-out>
         <system-err><![CDATA[]]></system-err>
      </testcase>
      <testcase name="Test Cases/Engine_Scoring/Engine Scoring" time="6.629" classname="Test Cases/Engine_Scoring/Engine Scoring" status="PASSED">
         <system-out><![CDATA[2022-11-25 11:17:02 - [TEST_CASE][PASSED] - Test Cases/Engine_Scoring/Engine Scoring: Test Cases/Engine_Scoring/Engine Scoring

2022-11-25 11:17:03 - [TEST_STEP][PASSED] - markPassed("Variasi data ke : " + no): Variasi data ke : 40

2022-11-25 11:17:03 - [MESSAGE][PASSED] - Variasi data ke : 40

2022-11-25 11:17:03 - [TEST_STEP][PASSED] - req_data = sendRequest(findTestObject("Search_ME", ["MID":MID, "source":source, "ip":ip, "userid":userid, "branch":branch, "tipekons":tipekons, "marital":marital, "penjamin":penjamin, ... ])): Send request successfully

2022-11-25 11:17:03 - [MESSAGE][INFO] - HAR: D:\DMS\Engine Scoring\Reports\20221125_111232\Exclude KKB - DS - Married\Scoring Married - CS New\20221125_111233\requests\main\78.har

2022-11-25 11:17:03 - [MESSAGE][PASSED] - Send request successfully

2022-11-25 11:17:03 - [TEST_STEP][PASSED] - slurper = new groovy.json.JsonSlurper(): null

2022-11-25 11:17:03 - [TEST_STEP][PASSED] - result = slurper.parseText(req_data.getResponseBodyContent()): null

2022-11-25 11:17:03 - [TEST_STEP][PASSED] - reqid_kons = requestid1: null

2022-11-25 11:17:03 - [TEST_STEP][PASSED] - reqid_spouse = requestid2: null

2022-11-25 11:17:03 - [TEST_STEP][PASSED] - println("requestid kons : " + reqid_kons): null

2022-11-25 11:17:03 - [TEST_STEP][PASSED] - response_searchME_kons = reqid_kons: null

2022-11-25 11:17:03 - [TEST_STEP][PASSED] - response_searchME_spouse = reqid_spouse: null

2022-11-25 11:17:03 - [TEST_STEP][PASSED] - println("kons req id is :" + response_searchME_kons): null

2022-11-25 11:17:03 - [TEST_STEP][PASSED] - println("spouse req id is : " + response_searchME_spouse): null

2022-11-25 11:17:03 - [TEST_STEP][PASSED] - verifyResponseStatusCode(req_data, 200): Verify response status code successfully

2022-11-25 11:17:03 - [MESSAGE][PASSED] - Verify response status code successfully

2022-11-25 11:17:03 - [TEST_STEP][PASSED] - response = req_data.getResponseText(): null

2022-11-25 11:17:03 - [TEST_STEP][PASSED] - logInfo($response): {"status":"Done","data":{"requestid1":"255837","requestid2":"255838"}}

2022-11-25 11:17:03 - [MESSAGE][INFO] - {"status":"Done","data":{"requestid1":"255837","requestid2":"255838"}}

2022-11-25 11:17:03 - [TEST_STEP][PASSED] - delay(5): Delayed 5 second(s)

2022-11-25 11:17:08 - [MESSAGE][PASSED] - Delayed 5 second(s)

2022-11-25 11:17:08 - [TEST_STEP][PASSED] - scoring = sendRequest(findTestObject("EngineScore", ["response_searchME_kons":response_searchME_kons, "response_searchME_spouse":response_searchME_spouse])): Send request successfully

2022-11-25 11:17:08 - [MESSAGE][INFO] - HAR: D:\DMS\Engine Scoring\Reports\20221125_111232\Exclude KKB - DS - Married\Scoring Married - CS New\20221125_111233\requests\main\79.har

2022-11-25 11:17:08 - [MESSAGE][PASSED] - Send request successfully

2022-11-25 11:17:08 - [TEST_STEP][PASSED] - verifyResponseStatusCode(scoring, 200): Verify response status code successfully

2022-11-25 11:17:08 - [MESSAGE][PASSED] - Verify response status code successfully

2022-11-25 11:17:08 - [TEST_STEP][PASSED] - response2 = scoring.getResponseText(): null

2022-11-25 11:17:08 - [TEST_STEP][PASSED] - markPassed("result service data ke : " + no): result service data ke : 40

2022-11-25 11:17:08 - [MESSAGE][PASSED] - result service data ke : 40

2022-11-25 11:17:08 - [TEST_STEP][PASSED] - logInfo($response2): {"result_konsumen":"Reject","result_pasangan":"Reguler","Final_result":"Reject","errorMessage":"","status":"Done"}

2022-11-25 11:17:08 - [MESSAGE][INFO] - {"result_konsumen":"Reject","result_pasangan":"Reguler","Final_result":"Reject","errorMessage":"","status":"Done"}

2022-11-25 11:17:08 - [TEST_STEP][PASSED] - verifyElementPropertyValue(scoring, "Final_result", final_result): Verify element property value successfully

2022-11-25 11:17:08 - [MESSAGE][PASSED] - Verify element property value successfully]]></system-out>
         <system-err><![CDATA[]]></system-err>
      </testcase>
      <testcase name="Test Cases/Engine_Scoring/Engine Scoring" time="6.57" classname="Test Cases/Engine_Scoring/Engine Scoring" status="PASSED">
         <system-out><![CDATA[2022-11-25 11:17:08 - [TEST_CASE][PASSED] - Test Cases/Engine_Scoring/Engine Scoring: Test Cases/Engine_Scoring/Engine Scoring

2022-11-25 11:17:09 - [TEST_STEP][PASSED] - markPassed("Variasi data ke : " + no): Variasi data ke : 41

2022-11-25 11:17:09 - [MESSAGE][PASSED] - Variasi data ke : 41

2022-11-25 11:17:09 - [TEST_STEP][PASSED] - req_data = sendRequest(findTestObject("Search_ME", ["MID":MID, "source":source, "ip":ip, "userid":userid, "branch":branch, "tipekons":tipekons, "marital":marital, "penjamin":penjamin, ... ])): Send request successfully

2022-11-25 11:17:10 - [MESSAGE][INFO] - HAR: D:\DMS\Engine Scoring\Reports\20221125_111232\Exclude KKB - DS - Married\Scoring Married - CS New\20221125_111233\requests\main\80.har

2022-11-25 11:17:10 - [MESSAGE][PASSED] - Send request successfully

2022-11-25 11:17:10 - [TEST_STEP][PASSED] - slurper = new groovy.json.JsonSlurper(): null

2022-11-25 11:17:10 - [TEST_STEP][PASSED] - result = slurper.parseText(req_data.getResponseBodyContent()): null

2022-11-25 11:17:10 - [TEST_STEP][PASSED] - reqid_kons = requestid1: null

2022-11-25 11:17:10 - [TEST_STEP][PASSED] - reqid_spouse = requestid2: null

2022-11-25 11:17:10 - [TEST_STEP][PASSED] - println("requestid kons : " + reqid_kons): null

2022-11-25 11:17:10 - [TEST_STEP][PASSED] - response_searchME_kons = reqid_kons: null

2022-11-25 11:17:10 - [TEST_STEP][PASSED] - response_searchME_spouse = reqid_spouse: null

2022-11-25 11:17:10 - [TEST_STEP][PASSED] - println("kons req id is :" + response_searchME_kons): null

2022-11-25 11:17:10 - [TEST_STEP][PASSED] - println("spouse req id is : " + response_searchME_spouse): null

2022-11-25 11:17:10 - [TEST_STEP][PASSED] - verifyResponseStatusCode(req_data, 200): Verify response status code successfully

2022-11-25 11:17:10 - [MESSAGE][PASSED] - Verify response status code successfully

2022-11-25 11:17:10 - [TEST_STEP][PASSED] - response = req_data.getResponseText(): null

2022-11-25 11:17:10 - [TEST_STEP][PASSED] - logInfo($response): {"status":"Done","data":{"requestid1":"255839","requestid2":"255840"}}

2022-11-25 11:17:10 - [MESSAGE][INFO] - {"status":"Done","data":{"requestid1":"255839","requestid2":"255840"}}

2022-11-25 11:17:10 - [TEST_STEP][PASSED] - delay(5): Delayed 5 second(s)

2022-11-25 11:17:15 - [MESSAGE][PASSED] - Delayed 5 second(s)

2022-11-25 11:17:15 - [TEST_STEP][PASSED] - scoring = sendRequest(findTestObject("EngineScore", ["response_searchME_kons":response_searchME_kons, "response_searchME_spouse":response_searchME_spouse])): Send request successfully

2022-11-25 11:17:15 - [MESSAGE][INFO] - HAR: D:\DMS\Engine Scoring\Reports\20221125_111232\Exclude KKB - DS - Married\Scoring Married - CS New\20221125_111233\requests\main\81.har

2022-11-25 11:17:15 - [MESSAGE][PASSED] - Send request successfully

2022-11-25 11:17:15 - [TEST_STEP][PASSED] - verifyResponseStatusCode(scoring, 200): Verify response status code successfully

2022-11-25 11:17:15 - [MESSAGE][PASSED] - Verify response status code successfully

2022-11-25 11:17:15 - [TEST_STEP][PASSED] - response2 = scoring.getResponseText(): null

2022-11-25 11:17:15 - [TEST_STEP][PASSED] - markPassed("result service data ke : " + no): result service data ke : 41

2022-11-25 11:17:15 - [MESSAGE][PASSED] - result service data ke : 41

2022-11-25 11:17:15 - [TEST_STEP][PASSED] - logInfo($response2): {"result_konsumen":"Reject","result_pasangan":"Reject","Final_result":"Reject","errorMessage":"","status":"Done"}

2022-11-25 11:17:15 - [MESSAGE][INFO] - {"result_konsumen":"Reject","result_pasangan":"Reject","Final_result":"Reject","errorMessage":"","status":"Done"}

2022-11-25 11:17:15 - [TEST_STEP][PASSED] - verifyElementPropertyValue(scoring, "Final_result", final_result): Verify element property value successfully

2022-11-25 11:17:15 - [MESSAGE][PASSED] - Verify element property value successfully]]></system-out>
         <system-err><![CDATA[]]></system-err>
      </testcase>
      <testcase name="Test Cases/Engine_Scoring/Engine Scoring" time="6.582" classname="Test Cases/Engine_Scoring/Engine Scoring" status="PASSED">
         <system-out><![CDATA[2022-11-25 11:17:15 - [TEST_CASE][PASSED] - Test Cases/Engine_Scoring/Engine Scoring: Test Cases/Engine_Scoring/Engine Scoring

2022-11-25 11:17:16 - [TEST_STEP][PASSED] - markPassed("Variasi data ke : " + no): Variasi data ke : 42

2022-11-25 11:17:16 - [MESSAGE][PASSED] - Variasi data ke : 42

2022-11-25 11:17:16 - [TEST_STEP][PASSED] - req_data = sendRequest(findTestObject("Search_ME", ["MID":MID, "source":source, "ip":ip, "userid":userid, "branch":branch, "tipekons":tipekons, "marital":marital, "penjamin":penjamin, ... ])): Send request successfully

2022-11-25 11:17:17 - [MESSAGE][INFO] - HAR: D:\DMS\Engine Scoring\Reports\20221125_111232\Exclude KKB - DS - Married\Scoring Married - CS New\20221125_111233\requests\main\82.har

2022-11-25 11:17:17 - [MESSAGE][PASSED] - Send request successfully

2022-11-25 11:17:17 - [TEST_STEP][PASSED] - slurper = new groovy.json.JsonSlurper(): null

2022-11-25 11:17:17 - [TEST_STEP][PASSED] - result = slurper.parseText(req_data.getResponseBodyContent()): null

2022-11-25 11:17:17 - [TEST_STEP][PASSED] - reqid_kons = requestid1: null

2022-11-25 11:17:17 - [TEST_STEP][PASSED] - reqid_spouse = requestid2: null

2022-11-25 11:17:17 - [TEST_STEP][PASSED] - println("requestid kons : " + reqid_kons): null

2022-11-25 11:17:17 - [TEST_STEP][PASSED] - response_searchME_kons = reqid_kons: null

2022-11-25 11:17:17 - [TEST_STEP][PASSED] - response_searchME_spouse = reqid_spouse: null

2022-11-25 11:17:17 - [TEST_STEP][PASSED] - println("kons req id is :" + response_searchME_kons): null

2022-11-25 11:17:17 - [TEST_STEP][PASSED] - println("spouse req id is : " + response_searchME_spouse): null

2022-11-25 11:17:17 - [TEST_STEP][PASSED] - verifyResponseStatusCode(req_data, 200): Verify response status code successfully

2022-11-25 11:17:17 - [MESSAGE][PASSED] - Verify response status code successfully

2022-11-25 11:17:17 - [TEST_STEP][PASSED] - response = req_data.getResponseText(): null

2022-11-25 11:17:17 - [TEST_STEP][PASSED] - logInfo($response): {"status":"Done","data":{"requestid1":"255841","requestid2":"255842"}}

2022-11-25 11:17:17 - [MESSAGE][INFO] - {"status":"Done","data":{"requestid1":"255841","requestid2":"255842"}}

2022-11-25 11:17:17 - [TEST_STEP][PASSED] - delay(5): Delayed 5 second(s)

2022-11-25 11:17:22 - [MESSAGE][PASSED] - Delayed 5 second(s)

2022-11-25 11:17:22 - [TEST_STEP][PASSED] - scoring = sendRequest(findTestObject("EngineScore", ["response_searchME_kons":response_searchME_kons, "response_searchME_spouse":response_searchME_spouse])): Send request successfully

2022-11-25 11:17:22 - [MESSAGE][INFO] - HAR: D:\DMS\Engine Scoring\Reports\20221125_111232\Exclude KKB - DS - Married\Scoring Married - CS New\20221125_111233\requests\main\83.har

2022-11-25 11:17:22 - [MESSAGE][PASSED] - Send request successfully

2022-11-25 11:17:22 - [TEST_STEP][PASSED] - verifyResponseStatusCode(scoring, 200): Verify response status code successfully

2022-11-25 11:17:22 - [MESSAGE][PASSED] - Verify response status code successfully

2022-11-25 11:17:22 - [TEST_STEP][PASSED] - response2 = scoring.getResponseText(): null

2022-11-25 11:17:22 - [TEST_STEP][PASSED] - markPassed("result service data ke : " + no): result service data ke : 42

2022-11-25 11:17:22 - [MESSAGE][PASSED] - result service data ke : 42

2022-11-25 11:17:22 - [TEST_STEP][PASSED] - logInfo($response2): {"result_konsumen":"Reject","result_pasangan":"Reject","Final_result":"Reject","errorMessage":"","status":"Done"}

2022-11-25 11:17:22 - [MESSAGE][INFO] - {"result_konsumen":"Reject","result_pasangan":"Reject","Final_result":"Reject","errorMessage":"","status":"Done"}

2022-11-25 11:17:22 - [TEST_STEP][PASSED] - verifyElementPropertyValue(scoring, "Final_result", final_result): Verify element property value successfully

2022-11-25 11:17:22 - [MESSAGE][PASSED] - Verify element property value successfully]]></system-out>
         <system-err><![CDATA[]]></system-err>
      </testcase>
      <testcase name="Test Cases/Engine_Scoring/Engine Scoring" time="6.878" classname="Test Cases/Engine_Scoring/Engine Scoring" status="PASSED">
         <system-out><![CDATA[2022-11-25 11:17:22 - [TEST_CASE][PASSED] - Test Cases/Engine_Scoring/Engine Scoring: Test Cases/Engine_Scoring/Engine Scoring

2022-11-25 11:17:23 - [TEST_STEP][PASSED] - markPassed("Variasi data ke : " + no): Variasi data ke : 43

2022-11-25 11:17:23 - [MESSAGE][PASSED] - Variasi data ke : 43

2022-11-25 11:17:23 - [TEST_STEP][PASSED] - req_data = sendRequest(findTestObject("Search_ME", ["MID":MID, "source":source, "ip":ip, "userid":userid, "branch":branch, "tipekons":tipekons, "marital":marital, "penjamin":penjamin, ... ])): Send request successfully

2022-11-25 11:17:23 - [MESSAGE][INFO] - HAR: D:\DMS\Engine Scoring\Reports\20221125_111232\Exclude KKB - DS - Married\Scoring Married - CS New\20221125_111233\requests\main\84.har

2022-11-25 11:17:23 - [MESSAGE][PASSED] - Send request successfully

2022-11-25 11:17:23 - [TEST_STEP][PASSED] - slurper = new groovy.json.JsonSlurper(): null

2022-11-25 11:17:23 - [TEST_STEP][PASSED] - result = slurper.parseText(req_data.getResponseBodyContent()): null

2022-11-25 11:17:23 - [TEST_STEP][PASSED] - reqid_kons = requestid1: null

2022-11-25 11:17:23 - [TEST_STEP][PASSED] - reqid_spouse = requestid2: null

2022-11-25 11:17:23 - [TEST_STEP][PASSED] - println("requestid kons : " + reqid_kons): null

2022-11-25 11:17:23 - [TEST_STEP][PASSED] - response_searchME_kons = reqid_kons: null

2022-11-25 11:17:23 - [TEST_STEP][PASSED] - response_searchME_spouse = reqid_spouse: null

2022-11-25 11:17:23 - [TEST_STEP][PASSED] - println("kons req id is :" + response_searchME_kons): null

2022-11-25 11:17:23 - [TEST_STEP][PASSED] - println("spouse req id is : " + response_searchME_spouse): null

2022-11-25 11:17:23 - [TEST_STEP][PASSED] - verifyResponseStatusCode(req_data, 200): Verify response status code successfully

2022-11-25 11:17:23 - [MESSAGE][PASSED] - Verify response status code successfully

2022-11-25 11:17:23 - [TEST_STEP][PASSED] - response = req_data.getResponseText(): null

2022-11-25 11:17:23 - [TEST_STEP][PASSED] - logInfo($response): {"status":"Done","data":{"requestid1":"255843","requestid2":"255844"}}

2022-11-25 11:17:23 - [MESSAGE][INFO] - {"status":"Done","data":{"requestid1":"255843","requestid2":"255844"}}

2022-11-25 11:17:23 - [TEST_STEP][PASSED] - delay(5): Delayed 5 second(s)

2022-11-25 11:17:28 - [MESSAGE][PASSED] - Delayed 5 second(s)

2022-11-25 11:17:28 - [TEST_STEP][PASSED] - scoring = sendRequest(findTestObject("EngineScore", ["response_searchME_kons":response_searchME_kons, "response_searchME_spouse":response_searchME_spouse])): Send request successfully

2022-11-25 11:17:29 - [MESSAGE][INFO] - HAR: D:\DMS\Engine Scoring\Reports\20221125_111232\Exclude KKB - DS - Married\Scoring Married - CS New\20221125_111233\requests\main\85.har

2022-11-25 11:17:29 - [MESSAGE][PASSED] - Send request successfully

2022-11-25 11:17:29 - [TEST_STEP][PASSED] - verifyResponseStatusCode(scoring, 200): Verify response status code successfully

2022-11-25 11:17:29 - [MESSAGE][PASSED] - Verify response status code successfully

2022-11-25 11:17:29 - [TEST_STEP][PASSED] - response2 = scoring.getResponseText(): null

2022-11-25 11:17:29 - [TEST_STEP][PASSED] - markPassed("result service data ke : " + no): result service data ke : 43

2022-11-25 11:17:29 - [MESSAGE][PASSED] - result service data ke : 43

2022-11-25 11:17:29 - [TEST_STEP][PASSED] - logInfo($response2): {"result_konsumen":"Reject","result_pasangan":"Reject","Final_result":"Reject","errorMessage":"","status":"Done"}

2022-11-25 11:17:29 - [MESSAGE][INFO] - {"result_konsumen":"Reject","result_pasangan":"Reject","Final_result":"Reject","errorMessage":"","status":"Done"}

2022-11-25 11:17:29 - [TEST_STEP][PASSED] - verifyElementPropertyValue(scoring, "Final_result", final_result): Verify element property value successfully

2022-11-25 11:17:29 - [MESSAGE][PASSED] - Verify element property value successfully]]></system-out>
         <system-err><![CDATA[]]></system-err>
      </testcase>
      <testcase name="Test Cases/Engine_Scoring/Engine Scoring" time="6.701" classname="Test Cases/Engine_Scoring/Engine Scoring" status="PASSED">
         <system-out><![CDATA[2022-11-25 11:17:29 - [TEST_CASE][PASSED] - Test Cases/Engine_Scoring/Engine Scoring: Test Cases/Engine_Scoring/Engine Scoring

2022-11-25 11:17:29 - [TEST_STEP][PASSED] - markPassed("Variasi data ke : " + no): Variasi data ke : 44

2022-11-25 11:17:29 - [MESSAGE][PASSED] - Variasi data ke : 44

2022-11-25 11:17:29 - [TEST_STEP][PASSED] - req_data = sendRequest(findTestObject("Search_ME", ["MID":MID, "source":source, "ip":ip, "userid":userid, "branch":branch, "tipekons":tipekons, "marital":marital, "penjamin":penjamin, ... ])): Send request successfully

2022-11-25 11:17:30 - [MESSAGE][INFO] - HAR: D:\DMS\Engine Scoring\Reports\20221125_111232\Exclude KKB - DS - Married\Scoring Married - CS New\20221125_111233\requests\main\86.har

2022-11-25 11:17:30 - [MESSAGE][PASSED] - Send request successfully

2022-11-25 11:17:30 - [TEST_STEP][PASSED] - slurper = new groovy.json.JsonSlurper(): null

2022-11-25 11:17:30 - [TEST_STEP][PASSED] - result = slurper.parseText(req_data.getResponseBodyContent()): null

2022-11-25 11:17:30 - [TEST_STEP][PASSED] - reqid_kons = requestid1: null

2022-11-25 11:17:30 - [TEST_STEP][PASSED] - reqid_spouse = requestid2: null

2022-11-25 11:17:30 - [TEST_STEP][PASSED] - println("requestid kons : " + reqid_kons): null

2022-11-25 11:17:30 - [TEST_STEP][PASSED] - response_searchME_kons = reqid_kons: null

2022-11-25 11:17:30 - [TEST_STEP][PASSED] - response_searchME_spouse = reqid_spouse: null

2022-11-25 11:17:30 - [TEST_STEP][PASSED] - println("kons req id is :" + response_searchME_kons): null

2022-11-25 11:17:30 - [TEST_STEP][PASSED] - println("spouse req id is : " + response_searchME_spouse): null

2022-11-25 11:17:30 - [TEST_STEP][PASSED] - verifyResponseStatusCode(req_data, 200): Verify response status code successfully

2022-11-25 11:17:30 - [MESSAGE][PASSED] - Verify response status code successfully

2022-11-25 11:17:30 - [TEST_STEP][PASSED] - response = req_data.getResponseText(): null

2022-11-25 11:17:30 - [TEST_STEP][PASSED] - logInfo($response): {"status":"Done","data":{"requestid1":"255845","requestid2":"255846"}}

2022-11-25 11:17:30 - [MESSAGE][INFO] - {"status":"Done","data":{"requestid1":"255845","requestid2":"255846"}}

2022-11-25 11:17:30 - [TEST_STEP][PASSED] - delay(5): Delayed 5 second(s)

2022-11-25 11:17:35 - [MESSAGE][PASSED] - Delayed 5 second(s)

2022-11-25 11:17:35 - [TEST_STEP][PASSED] - scoring = sendRequest(findTestObject("EngineScore", ["response_searchME_kons":response_searchME_kons, "response_searchME_spouse":response_searchME_spouse])): Send request successfully

2022-11-25 11:17:35 - [MESSAGE][INFO] - HAR: D:\DMS\Engine Scoring\Reports\20221125_111232\Exclude KKB - DS - Married\Scoring Married - CS New\20221125_111233\requests\main\87.har

2022-11-25 11:17:35 - [MESSAGE][PASSED] - Send request successfully

2022-11-25 11:17:35 - [TEST_STEP][PASSED] - verifyResponseStatusCode(scoring, 200): Verify response status code successfully

2022-11-25 11:17:35 - [MESSAGE][PASSED] - Verify response status code successfully

2022-11-25 11:17:35 - [TEST_STEP][PASSED] - response2 = scoring.getResponseText(): null

2022-11-25 11:17:35 - [TEST_STEP][PASSED] - markPassed("result service data ke : " + no): result service data ke : 44

2022-11-25 11:17:35 - [MESSAGE][PASSED] - result service data ke : 44

2022-11-25 11:17:35 - [TEST_STEP][PASSED] - logInfo($response2): {"result_konsumen":"Reject","result_pasangan":"Reguler","Final_result":"Reject","errorMessage":"","status":"Done"}

2022-11-25 11:17:35 - [MESSAGE][INFO] - {"result_konsumen":"Reject","result_pasangan":"Reguler","Final_result":"Reject","errorMessage":"","status":"Done"}

2022-11-25 11:17:35 - [TEST_STEP][PASSED] - verifyElementPropertyValue(scoring, "Final_result", final_result): Verify element property value successfully

2022-11-25 11:17:35 - [MESSAGE][PASSED] - Verify element property value successfully]]></system-out>
         <system-err><![CDATA[]]></system-err>
      </testcase>
      <testcase name="Test Cases/Engine_Scoring/Engine Scoring" time="6.596" classname="Test Cases/Engine_Scoring/Engine Scoring" status="PASSED">
         <system-out><![CDATA[2022-11-25 11:17:35 - [TEST_CASE][PASSED] - Test Cases/Engine_Scoring/Engine Scoring: Test Cases/Engine_Scoring/Engine Scoring

2022-11-25 11:17:36 - [TEST_STEP][PASSED] - markPassed("Variasi data ke : " + no): Variasi data ke : 45

2022-11-25 11:17:36 - [MESSAGE][PASSED] - Variasi data ke : 45

2022-11-25 11:17:36 - [TEST_STEP][PASSED] - req_data = sendRequest(findTestObject("Search_ME", ["MID":MID, "source":source, "ip":ip, "userid":userid, "branch":branch, "tipekons":tipekons, "marital":marital, "penjamin":penjamin, ... ])): Send request successfully

2022-11-25 11:17:37 - [MESSAGE][INFO] - HAR: D:\DMS\Engine Scoring\Reports\20221125_111232\Exclude KKB - DS - Married\Scoring Married - CS New\20221125_111233\requests\main\88.har

2022-11-25 11:17:37 - [MESSAGE][PASSED] - Send request successfully

2022-11-25 11:17:37 - [TEST_STEP][PASSED] - slurper = new groovy.json.JsonSlurper(): null

2022-11-25 11:17:37 - [TEST_STEP][PASSED] - result = slurper.parseText(req_data.getResponseBodyContent()): null

2022-11-25 11:17:37 - [TEST_STEP][PASSED] - reqid_kons = requestid1: null

2022-11-25 11:17:37 - [TEST_STEP][PASSED] - reqid_spouse = requestid2: null

2022-11-25 11:17:37 - [TEST_STEP][PASSED] - println("requestid kons : " + reqid_kons): null

2022-11-25 11:17:37 - [TEST_STEP][PASSED] - response_searchME_kons = reqid_kons: null

2022-11-25 11:17:37 - [TEST_STEP][PASSED] - response_searchME_spouse = reqid_spouse: null

2022-11-25 11:17:37 - [TEST_STEP][PASSED] - println("kons req id is :" + response_searchME_kons): null

2022-11-25 11:17:37 - [TEST_STEP][PASSED] - println("spouse req id is : " + response_searchME_spouse): null

2022-11-25 11:17:37 - [TEST_STEP][PASSED] - verifyResponseStatusCode(req_data, 200): Verify response status code successfully

2022-11-25 11:17:37 - [MESSAGE][PASSED] - Verify response status code successfully

2022-11-25 11:17:37 - [TEST_STEP][PASSED] - response = req_data.getResponseText(): null

2022-11-25 11:17:37 - [TEST_STEP][PASSED] - logInfo($response): {"status":"Done","data":{"requestid1":"255847","requestid2":"255848"}}

2022-11-25 11:17:37 - [MESSAGE][INFO] - {"status":"Done","data":{"requestid1":"255847","requestid2":"255848"}}

2022-11-25 11:17:37 - [TEST_STEP][PASSED] - delay(5): Delayed 5 second(s)

2022-11-25 11:17:42 - [MESSAGE][PASSED] - Delayed 5 second(s)

2022-11-25 11:17:42 - [TEST_STEP][PASSED] - scoring = sendRequest(findTestObject("EngineScore", ["response_searchME_kons":response_searchME_kons, "response_searchME_spouse":response_searchME_spouse])): Send request successfully

2022-11-25 11:17:42 - [MESSAGE][INFO] - HAR: D:\DMS\Engine Scoring\Reports\20221125_111232\Exclude KKB - DS - Married\Scoring Married - CS New\20221125_111233\requests\main\89.har

2022-11-25 11:17:42 - [MESSAGE][PASSED] - Send request successfully

2022-11-25 11:17:42 - [TEST_STEP][PASSED] - verifyResponseStatusCode(scoring, 200): Verify response status code successfully

2022-11-25 11:17:42 - [MESSAGE][PASSED] - Verify response status code successfully

2022-11-25 11:17:42 - [TEST_STEP][PASSED] - response2 = scoring.getResponseText(): null

2022-11-25 11:17:42 - [TEST_STEP][PASSED] - markPassed("result service data ke : " + no): result service data ke : 45

2022-11-25 11:17:42 - [MESSAGE][PASSED] - result service data ke : 45

2022-11-25 11:17:42 - [TEST_STEP][PASSED] - logInfo($response2): {"result_konsumen":"Reject","result_pasangan":"Reguler","Final_result":"Reject","errorMessage":"","status":"Done"}

2022-11-25 11:17:42 - [MESSAGE][INFO] - {"result_konsumen":"Reject","result_pasangan":"Reguler","Final_result":"Reject","errorMessage":"","status":"Done"}

2022-11-25 11:17:42 - [TEST_STEP][PASSED] - verifyElementPropertyValue(scoring, "Final_result", final_result): Verify element property value successfully

2022-11-25 11:17:42 - [MESSAGE][PASSED] - Verify element property value successfully]]></system-out>
         <system-err><![CDATA[]]></system-err>
      </testcase>
      <testcase name="Test Cases/Engine_Scoring/Engine Scoring" time="6.637" classname="Test Cases/Engine_Scoring/Engine Scoring" status="PASSED">
         <system-out><![CDATA[2022-11-25 11:17:42 - [TEST_CASE][PASSED] - Test Cases/Engine_Scoring/Engine Scoring: Test Cases/Engine_Scoring/Engine Scoring

2022-11-25 11:17:43 - [TEST_STEP][PASSED] - markPassed("Variasi data ke : " + no): Variasi data ke : 46

2022-11-25 11:17:43 - [MESSAGE][PASSED] - Variasi data ke : 46

2022-11-25 11:17:43 - [TEST_STEP][PASSED] - req_data = sendRequest(findTestObject("Search_ME", ["MID":MID, "source":source, "ip":ip, "userid":userid, "branch":branch, "tipekons":tipekons, "marital":marital, "penjamin":penjamin, ... ])): Send request successfully

2022-11-25 11:17:44 - [MESSAGE][INFO] - HAR: D:\DMS\Engine Scoring\Reports\20221125_111232\Exclude KKB - DS - Married\Scoring Married - CS New\20221125_111233\requests\main\90.har

2022-11-25 11:17:44 - [MESSAGE][PASSED] - Send request successfully

2022-11-25 11:17:44 - [TEST_STEP][PASSED] - slurper = new groovy.json.JsonSlurper(): null

2022-11-25 11:17:44 - [TEST_STEP][PASSED] - result = slurper.parseText(req_data.getResponseBodyContent()): null

2022-11-25 11:17:44 - [TEST_STEP][PASSED] - reqid_kons = requestid1: null

2022-11-25 11:17:44 - [TEST_STEP][PASSED] - reqid_spouse = requestid2: null

2022-11-25 11:17:44 - [TEST_STEP][PASSED] - println("requestid kons : " + reqid_kons): null

2022-11-25 11:17:44 - [TEST_STEP][PASSED] - response_searchME_kons = reqid_kons: null

2022-11-25 11:17:44 - [TEST_STEP][PASSED] - response_searchME_spouse = reqid_spouse: null

2022-11-25 11:17:44 - [TEST_STEP][PASSED] - println("kons req id is :" + response_searchME_kons): null

2022-11-25 11:17:44 - [TEST_STEP][PASSED] - println("spouse req id is : " + response_searchME_spouse): null

2022-11-25 11:17:44 - [TEST_STEP][PASSED] - verifyResponseStatusCode(req_data, 200): Verify response status code successfully

2022-11-25 11:17:44 - [MESSAGE][PASSED] - Verify response status code successfully

2022-11-25 11:17:44 - [TEST_STEP][PASSED] - response = req_data.getResponseText(): null

2022-11-25 11:17:44 - [TEST_STEP][PASSED] - logInfo($response): {"status":"Done","data":{"requestid1":"255849","requestid2":"255850"}}

2022-11-25 11:17:44 - [MESSAGE][INFO] - {"status":"Done","data":{"requestid1":"255849","requestid2":"255850"}}

2022-11-25 11:17:44 - [TEST_STEP][PASSED] - delay(5): Delayed 5 second(s)

2022-11-25 11:17:49 - [MESSAGE][PASSED] - Delayed 5 second(s)

2022-11-25 11:17:49 - [TEST_STEP][PASSED] - scoring = sendRequest(findTestObject("EngineScore", ["response_searchME_kons":response_searchME_kons, "response_searchME_spouse":response_searchME_spouse])): Send request successfully

2022-11-25 11:17:49 - [MESSAGE][INFO] - HAR: D:\DMS\Engine Scoring\Reports\20221125_111232\Exclude KKB - DS - Married\Scoring Married - CS New\20221125_111233\requests\main\91.har

2022-11-25 11:17:49 - [MESSAGE][PASSED] - Send request successfully

2022-11-25 11:17:49 - [TEST_STEP][PASSED] - verifyResponseStatusCode(scoring, 200): Verify response status code successfully

2022-11-25 11:17:49 - [MESSAGE][PASSED] - Verify response status code successfully

2022-11-25 11:17:49 - [TEST_STEP][PASSED] - response2 = scoring.getResponseText(): null

2022-11-25 11:17:49 - [TEST_STEP][PASSED] - markPassed("result service data ke : " + no): result service data ke : 46

2022-11-25 11:17:49 - [MESSAGE][PASSED] - result service data ke : 46

2022-11-25 11:17:49 - [TEST_STEP][PASSED] - logInfo($response2): {"result_konsumen":"Approve","result_pasangan":"Reguler","Final_result":"Approve","errorMessage":"","status":"Done"}

2022-11-25 11:17:49 - [MESSAGE][INFO] - {"result_konsumen":"Approve","result_pasangan":"Reguler","Final_result":"Approve","errorMessage":"","status":"Done"}

2022-11-25 11:17:49 - [TEST_STEP][PASSED] - verifyElementPropertyValue(scoring, "Final_result", final_result): Verify element property value successfully

2022-11-25 11:17:49 - [MESSAGE][PASSED] - Verify element property value successfully]]></system-out>
         <system-err><![CDATA[]]></system-err>
      </testcase>
      <testcase name="Test Cases/Engine_Scoring/Engine Scoring" time="8.484" classname="Test Cases/Engine_Scoring/Engine Scoring" status="PASSED">
         <system-out><![CDATA[2022-11-25 11:17:49 - [TEST_CASE][PASSED] - Test Cases/Engine_Scoring/Engine Scoring: Test Cases/Engine_Scoring/Engine Scoring

2022-11-25 11:17:50 - [TEST_STEP][PASSED] - markPassed("Variasi data ke : " + no): Variasi data ke : 47

2022-11-25 11:17:50 - [MESSAGE][PASSED] - Variasi data ke : 47

2022-11-25 11:17:50 - [TEST_STEP][PASSED] - req_data = sendRequest(findTestObject("Search_ME", ["MID":MID, "source":source, "ip":ip, "userid":userid, "branch":branch, "tipekons":tipekons, "marital":marital, "penjamin":penjamin, ... ])): Send request successfully

2022-11-25 11:17:52 - [MESSAGE][INFO] - HAR: D:\DMS\Engine Scoring\Reports\20221125_111232\Exclude KKB - DS - Married\Scoring Married - CS New\20221125_111233\requests\main\92.har

2022-11-25 11:17:52 - [MESSAGE][PASSED] - Send request successfully

2022-11-25 11:17:52 - [TEST_STEP][PASSED] - slurper = new groovy.json.JsonSlurper(): null

2022-11-25 11:17:52 - [TEST_STEP][PASSED] - result = slurper.parseText(req_data.getResponseBodyContent()): null

2022-11-25 11:17:52 - [TEST_STEP][PASSED] - reqid_kons = requestid1: null

2022-11-25 11:17:52 - [TEST_STEP][PASSED] - reqid_spouse = requestid2: null

2022-11-25 11:17:52 - [TEST_STEP][PASSED] - println("requestid kons : " + reqid_kons): null

2022-11-25 11:17:52 - [TEST_STEP][PASSED] - response_searchME_kons = reqid_kons: null

2022-11-25 11:17:52 - [TEST_STEP][PASSED] - response_searchME_spouse = reqid_spouse: null

2022-11-25 11:17:52 - [TEST_STEP][PASSED] - println("kons req id is :" + response_searchME_kons): null

2022-11-25 11:17:52 - [TEST_STEP][PASSED] - println("spouse req id is : " + response_searchME_spouse): null

2022-11-25 11:17:52 - [TEST_STEP][PASSED] - verifyResponseStatusCode(req_data, 200): Verify response status code successfully

2022-11-25 11:17:52 - [MESSAGE][PASSED] - Verify response status code successfully

2022-11-25 11:17:52 - [TEST_STEP][PASSED] - response = req_data.getResponseText(): null

2022-11-25 11:17:52 - [TEST_STEP][PASSED] - logInfo($response): {"status":"Done","data":{"requestid1":"255851","requestid2":"255852"}}

2022-11-25 11:17:52 - [MESSAGE][INFO] - {"status":"Done","data":{"requestid1":"255851","requestid2":"255852"}}

2022-11-25 11:17:52 - [TEST_STEP][PASSED] - delay(5): Delayed 5 second(s)

2022-11-25 11:17:57 - [MESSAGE][PASSED] - Delayed 5 second(s)

2022-11-25 11:17:57 - [TEST_STEP][PASSED] - scoring = sendRequest(findTestObject("EngineScore", ["response_searchME_kons":response_searchME_kons, "response_searchME_spouse":response_searchME_spouse])): Send request successfully

2022-11-25 11:17:57 - [MESSAGE][INFO] - HAR: D:\DMS\Engine Scoring\Reports\20221125_111232\Exclude KKB - DS - Married\Scoring Married - CS New\20221125_111233\requests\main\93.har

2022-11-25 11:17:57 - [MESSAGE][PASSED] - Send request successfully

2022-11-25 11:17:57 - [TEST_STEP][PASSED] - verifyResponseStatusCode(scoring, 200): Verify response status code successfully

2022-11-25 11:17:57 - [MESSAGE][PASSED] - Verify response status code successfully

2022-11-25 11:17:57 - [TEST_STEP][PASSED] - response2 = scoring.getResponseText(): null

2022-11-25 11:17:57 - [TEST_STEP][PASSED] - markPassed("result service data ke : " + no): result service data ke : 47

2022-11-25 11:17:57 - [MESSAGE][PASSED] - result service data ke : 47

2022-11-25 11:17:57 - [TEST_STEP][PASSED] - logInfo($response2): {"result_konsumen":"Approve","result_pasangan":"Reguler","Final_result":"Approve","errorMessage":"","status":"Done"}

2022-11-25 11:17:57 - [MESSAGE][INFO] - {"result_konsumen":"Approve","result_pasangan":"Reguler","Final_result":"Approve","errorMessage":"","status":"Done"}

2022-11-25 11:17:57 - [TEST_STEP][PASSED] - verifyElementPropertyValue(scoring, "Final_result", final_result): Verify element property value successfully

2022-11-25 11:17:57 - [MESSAGE][PASSED] - Verify element property value successfully]]></system-out>
         <system-err><![CDATA[]]></system-err>
      </testcase>
      <testcase name="Test Cases/Engine_Scoring/Engine Scoring" time="6.639" classname="Test Cases/Engine_Scoring/Engine Scoring" status="PASSED">
         <system-out><![CDATA[2022-11-25 11:17:57 - [TEST_CASE][PASSED] - Test Cases/Engine_Scoring/Engine Scoring: Test Cases/Engine_Scoring/Engine Scoring

2022-11-25 11:17:58 - [TEST_STEP][PASSED] - markPassed("Variasi data ke : " + no): Variasi data ke : 48

2022-11-25 11:17:58 - [MESSAGE][PASSED] - Variasi data ke : 48

2022-11-25 11:17:58 - [TEST_STEP][PASSED] - req_data = sendRequest(findTestObject("Search_ME", ["MID":MID, "source":source, "ip":ip, "userid":userid, "branch":branch, "tipekons":tipekons, "marital":marital, "penjamin":penjamin, ... ])): Send request successfully

2022-11-25 11:17:59 - [MESSAGE][INFO] - HAR: D:\DMS\Engine Scoring\Reports\20221125_111232\Exclude KKB - DS - Married\Scoring Married - CS New\20221125_111233\requests\main\94.har

2022-11-25 11:17:59 - [MESSAGE][PASSED] - Send request successfully

2022-11-25 11:17:59 - [TEST_STEP][PASSED] - slurper = new groovy.json.JsonSlurper(): null

2022-11-25 11:17:59 - [TEST_STEP][PASSED] - result = slurper.parseText(req_data.getResponseBodyContent()): null

2022-11-25 11:17:59 - [TEST_STEP][PASSED] - reqid_kons = requestid1: null

2022-11-25 11:17:59 - [TEST_STEP][PASSED] - reqid_spouse = requestid2: null

2022-11-25 11:17:59 - [TEST_STEP][PASSED] - println("requestid kons : " + reqid_kons): null

2022-11-25 11:17:59 - [TEST_STEP][PASSED] - response_searchME_kons = reqid_kons: null

2022-11-25 11:17:59 - [TEST_STEP][PASSED] - response_searchME_spouse = reqid_spouse: null

2022-11-25 11:17:59 - [TEST_STEP][PASSED] - println("kons req id is :" + response_searchME_kons): null

2022-11-25 11:17:59 - [TEST_STEP][PASSED] - println("spouse req id is : " + response_searchME_spouse): null

2022-11-25 11:17:59 - [TEST_STEP][PASSED] - verifyResponseStatusCode(req_data, 200): Verify response status code successfully

2022-11-25 11:17:59 - [MESSAGE][PASSED] - Verify response status code successfully

2022-11-25 11:17:59 - [TEST_STEP][PASSED] - response = req_data.getResponseText(): null

2022-11-25 11:17:59 - [TEST_STEP][PASSED] - logInfo($response): {"status":"Done","data":{"requestid1":"255853","requestid2":"255854"}}

2022-11-25 11:17:59 - [MESSAGE][INFO] - {"status":"Done","data":{"requestid1":"255853","requestid2":"255854"}}

2022-11-25 11:17:59 - [TEST_STEP][PASSED] - delay(5): Delayed 5 second(s)

2022-11-25 11:18:04 - [MESSAGE][PASSED] - Delayed 5 second(s)

2022-11-25 11:18:04 - [TEST_STEP][PASSED] - scoring = sendRequest(findTestObject("EngineScore", ["response_searchME_kons":response_searchME_kons, "response_searchME_spouse":response_searchME_spouse])): Send request successfully

2022-11-25 11:18:04 - [MESSAGE][INFO] - HAR: D:\DMS\Engine Scoring\Reports\20221125_111232\Exclude KKB - DS - Married\Scoring Married - CS New\20221125_111233\requests\main\95.har

2022-11-25 11:18:04 - [MESSAGE][PASSED] - Send request successfully

2022-11-25 11:18:04 - [TEST_STEP][PASSED] - verifyResponseStatusCode(scoring, 200): Verify response status code successfully

2022-11-25 11:18:04 - [MESSAGE][PASSED] - Verify response status code successfully

2022-11-25 11:18:04 - [TEST_STEP][PASSED] - response2 = scoring.getResponseText(): null

2022-11-25 11:18:04 - [TEST_STEP][PASSED] - markPassed("result service data ke : " + no): result service data ke : 48

2022-11-25 11:18:04 - [MESSAGE][PASSED] - result service data ke : 48

2022-11-25 11:18:04 - [TEST_STEP][PASSED] - logInfo($response2): {"result_konsumen":"Approve","result_pasangan":"Reguler","Final_result":"Approve","errorMessage":"","status":"Done"}

2022-11-25 11:18:04 - [MESSAGE][INFO] - {"result_konsumen":"Approve","result_pasangan":"Reguler","Final_result":"Approve","errorMessage":"","status":"Done"}

2022-11-25 11:18:04 - [TEST_STEP][PASSED] - verifyElementPropertyValue(scoring, "Final_result", final_result): Verify element property value successfully

2022-11-25 11:18:04 - [MESSAGE][PASSED] - Verify element property value successfully]]></system-out>
         <system-err><![CDATA[]]></system-err>
      </testcase>
      <testcase name="Test Cases/Engine_Scoring/Engine Scoring" time="6.659" classname="Test Cases/Engine_Scoring/Engine Scoring" status="PASSED">
         <system-out><![CDATA[2022-11-25 11:18:04 - [TEST_CASE][PASSED] - Test Cases/Engine_Scoring/Engine Scoring: Test Cases/Engine_Scoring/Engine Scoring

2022-11-25 11:18:05 - [TEST_STEP][PASSED] - markPassed("Variasi data ke : " + no): Variasi data ke : 49

2022-11-25 11:18:05 - [MESSAGE][PASSED] - Variasi data ke : 49

2022-11-25 11:18:05 - [TEST_STEP][PASSED] - req_data = sendRequest(findTestObject("Search_ME", ["MID":MID, "source":source, "ip":ip, "userid":userid, "branch":branch, "tipekons":tipekons, "marital":marital, "penjamin":penjamin, ... ])): Send request successfully

2022-11-25 11:18:06 - [MESSAGE][INFO] - HAR: D:\DMS\Engine Scoring\Reports\20221125_111232\Exclude KKB - DS - Married\Scoring Married - CS New\20221125_111233\requests\main\96.har

2022-11-25 11:18:06 - [MESSAGE][PASSED] - Send request successfully

2022-11-25 11:18:06 - [TEST_STEP][PASSED] - slurper = new groovy.json.JsonSlurper(): null

2022-11-25 11:18:06 - [TEST_STEP][PASSED] - result = slurper.parseText(req_data.getResponseBodyContent()): null

2022-11-25 11:18:06 - [TEST_STEP][PASSED] - reqid_kons = requestid1: null

2022-11-25 11:18:06 - [TEST_STEP][PASSED] - reqid_spouse = requestid2: null

2022-11-25 11:18:06 - [TEST_STEP][PASSED] - println("requestid kons : " + reqid_kons): null

2022-11-25 11:18:06 - [TEST_STEP][PASSED] - response_searchME_kons = reqid_kons: null

2022-11-25 11:18:06 - [TEST_STEP][PASSED] - response_searchME_spouse = reqid_spouse: null

2022-11-25 11:18:06 - [TEST_STEP][PASSED] - println("kons req id is :" + response_searchME_kons): null

2022-11-25 11:18:06 - [TEST_STEP][PASSED] - println("spouse req id is : " + response_searchME_spouse): null

2022-11-25 11:18:06 - [TEST_STEP][PASSED] - verifyResponseStatusCode(req_data, 200): Verify response status code successfully

2022-11-25 11:18:06 - [MESSAGE][PASSED] - Verify response status code successfully

2022-11-25 11:18:06 - [TEST_STEP][PASSED] - response = req_data.getResponseText(): null

2022-11-25 11:18:06 - [TEST_STEP][PASSED] - logInfo($response): {"status":"Done","data":{"requestid1":"255855","requestid2":"255856"}}

2022-11-25 11:18:06 - [MESSAGE][INFO] - {"status":"Done","data":{"requestid1":"255855","requestid2":"255856"}}

2022-11-25 11:18:06 - [TEST_STEP][PASSED] - delay(5): Delayed 5 second(s)

2022-11-25 11:18:11 - [MESSAGE][PASSED] - Delayed 5 second(s)

2022-11-25 11:18:11 - [TEST_STEP][PASSED] - scoring = sendRequest(findTestObject("EngineScore", ["response_searchME_kons":response_searchME_kons, "response_searchME_spouse":response_searchME_spouse])): Send request successfully

2022-11-25 11:18:11 - [MESSAGE][INFO] - HAR: D:\DMS\Engine Scoring\Reports\20221125_111232\Exclude KKB - DS - Married\Scoring Married - CS New\20221125_111233\requests\main\97.har

2022-11-25 11:18:11 - [MESSAGE][PASSED] - Send request successfully

2022-11-25 11:18:11 - [TEST_STEP][PASSED] - verifyResponseStatusCode(scoring, 200): Verify response status code successfully

2022-11-25 11:18:11 - [MESSAGE][PASSED] - Verify response status code successfully

2022-11-25 11:18:11 - [TEST_STEP][PASSED] - response2 = scoring.getResponseText(): null

2022-11-25 11:18:11 - [TEST_STEP][PASSED] - markPassed("result service data ke : " + no): result service data ke : 49

2022-11-25 11:18:11 - [MESSAGE][PASSED] - result service data ke : 49

2022-11-25 11:18:11 - [TEST_STEP][PASSED] - logInfo($response2): {"result_konsumen":"Approve","result_pasangan":"Reguler","Final_result":"Approve","errorMessage":"","status":"Done"}

2022-11-25 11:18:11 - [MESSAGE][INFO] - {"result_konsumen":"Approve","result_pasangan":"Reguler","Final_result":"Approve","errorMessage":"","status":"Done"}

2022-11-25 11:18:11 - [TEST_STEP][PASSED] - verifyElementPropertyValue(scoring, "Final_result", final_result): Verify element property value successfully

2022-11-25 11:18:11 - [MESSAGE][PASSED] - Verify element property value successfully]]></system-out>
         <system-err><![CDATA[]]></system-err>
      </testcase>
      <testcase name="Test Cases/Engine_Scoring/Engine Scoring" time="6.625" classname="Test Cases/Engine_Scoring/Engine Scoring" status="PASSED">
         <system-out><![CDATA[2022-11-25 11:18:11 - [TEST_CASE][PASSED] - Test Cases/Engine_Scoring/Engine Scoring: Test Cases/Engine_Scoring/Engine Scoring

2022-11-25 11:18:11 - [TEST_STEP][PASSED] - markPassed("Variasi data ke : " + no): Variasi data ke : 50

2022-11-25 11:18:11 - [MESSAGE][PASSED] - Variasi data ke : 50

2022-11-25 11:18:11 - [TEST_STEP][PASSED] - req_data = sendRequest(findTestObject("Search_ME", ["MID":MID, "source":source, "ip":ip, "userid":userid, "branch":branch, "tipekons":tipekons, "marital":marital, "penjamin":penjamin, ... ])): Send request successfully

2022-11-25 11:18:12 - [MESSAGE][INFO] - HAR: D:\DMS\Engine Scoring\Reports\20221125_111232\Exclude KKB - DS - Married\Scoring Married - CS New\20221125_111233\requests\main\98.har

2022-11-25 11:18:12 - [MESSAGE][PASSED] - Send request successfully

2022-11-25 11:18:12 - [TEST_STEP][PASSED] - slurper = new groovy.json.JsonSlurper(): null

2022-11-25 11:18:12 - [TEST_STEP][PASSED] - result = slurper.parseText(req_data.getResponseBodyContent()): null

2022-11-25 11:18:12 - [TEST_STEP][PASSED] - reqid_kons = requestid1: null

2022-11-25 11:18:12 - [TEST_STEP][PASSED] - reqid_spouse = requestid2: null

2022-11-25 11:18:12 - [TEST_STEP][PASSED] - println("requestid kons : " + reqid_kons): null

2022-11-25 11:18:12 - [TEST_STEP][PASSED] - response_searchME_kons = reqid_kons: null

2022-11-25 11:18:12 - [TEST_STEP][PASSED] - response_searchME_spouse = reqid_spouse: null

2022-11-25 11:18:12 - [TEST_STEP][PASSED] - println("kons req id is :" + response_searchME_kons): null

2022-11-25 11:18:12 - [TEST_STEP][PASSED] - println("spouse req id is : " + response_searchME_spouse): null

2022-11-25 11:18:12 - [TEST_STEP][PASSED] - verifyResponseStatusCode(req_data, 200): Verify response status code successfully

2022-11-25 11:18:12 - [MESSAGE][PASSED] - Verify response status code successfully

2022-11-25 11:18:12 - [TEST_STEP][PASSED] - response = req_data.getResponseText(): null

2022-11-25 11:18:12 - [TEST_STEP][PASSED] - logInfo($response): {"status":"Done","data":{"requestid1":"255857","requestid2":"255858"}}

2022-11-25 11:18:12 - [MESSAGE][INFO] - {"status":"Done","data":{"requestid1":"255857","requestid2":"255858"}}

2022-11-25 11:18:12 - [TEST_STEP][PASSED] - delay(5): Delayed 5 second(s)

2022-11-25 11:18:17 - [MESSAGE][PASSED] - Delayed 5 second(s)

2022-11-25 11:18:17 - [TEST_STEP][PASSED] - scoring = sendRequest(findTestObject("EngineScore", ["response_searchME_kons":response_searchME_kons, "response_searchME_spouse":response_searchME_spouse])): Send request successfully

2022-11-25 11:18:17 - [MESSAGE][INFO] - HAR: D:\DMS\Engine Scoring\Reports\20221125_111232\Exclude KKB - DS - Married\Scoring Married - CS New\20221125_111233\requests\main\99.har

2022-11-25 11:18:17 - [MESSAGE][PASSED] - Send request successfully

2022-11-25 11:18:17 - [TEST_STEP][PASSED] - verifyResponseStatusCode(scoring, 200): Verify response status code successfully

2022-11-25 11:18:17 - [MESSAGE][PASSED] - Verify response status code successfully

2022-11-25 11:18:17 - [TEST_STEP][PASSED] - response2 = scoring.getResponseText(): null

2022-11-25 11:18:17 - [TEST_STEP][PASSED] - markPassed("result service data ke : " + no): result service data ke : 50

2022-11-25 11:18:17 - [MESSAGE][PASSED] - result service data ke : 50

2022-11-25 11:18:17 - [TEST_STEP][PASSED] - logInfo($response2): {"result_konsumen":"Approve","result_pasangan":"Reject","Final_result":"Reject","errorMessage":"","status":"Done"}

2022-11-25 11:18:17 - [MESSAGE][INFO] - {"result_konsumen":"Approve","result_pasangan":"Reject","Final_result":"Reject","errorMessage":"","status":"Done"}

2022-11-25 11:18:17 - [TEST_STEP][PASSED] - verifyElementPropertyValue(scoring, "Final_result", final_result): Verify element property value successfully

2022-11-25 11:18:17 - [MESSAGE][PASSED] - Verify element property value successfully]]></system-out>
         <system-err><![CDATA[]]></system-err>
      </testcase>
      <testcase name="Test Cases/Engine_Scoring/Engine Scoring" time="6.791" classname="Test Cases/Engine_Scoring/Engine Scoring" status="PASSED">
         <system-out><![CDATA[2022-11-25 11:18:17 - [TEST_CASE][PASSED] - Test Cases/Engine_Scoring/Engine Scoring: Test Cases/Engine_Scoring/Engine Scoring

2022-11-25 11:18:18 - [TEST_STEP][PASSED] - markPassed("Variasi data ke : " + no): Variasi data ke : 51

2022-11-25 11:18:18 - [MESSAGE][PASSED] - Variasi data ke : 51

2022-11-25 11:18:18 - [TEST_STEP][PASSED] - req_data = sendRequest(findTestObject("Search_ME", ["MID":MID, "source":source, "ip":ip, "userid":userid, "branch":branch, "tipekons":tipekons, "marital":marital, "penjamin":penjamin, ... ])): Send request successfully

2022-11-25 11:18:19 - [MESSAGE][INFO] - HAR: D:\DMS\Engine Scoring\Reports\20221125_111232\Exclude KKB - DS - Married\Scoring Married - CS New\20221125_111233\requests\main\100.har

2022-11-25 11:18:19 - [MESSAGE][PASSED] - Send request successfully

2022-11-25 11:18:19 - [TEST_STEP][PASSED] - slurper = new groovy.json.JsonSlurper(): null

2022-11-25 11:18:19 - [TEST_STEP][PASSED] - result = slurper.parseText(req_data.getResponseBodyContent()): null

2022-11-25 11:18:19 - [TEST_STEP][PASSED] - reqid_kons = requestid1: null

2022-11-25 11:18:19 - [TEST_STEP][PASSED] - reqid_spouse = requestid2: null

2022-11-25 11:18:19 - [TEST_STEP][PASSED] - println("requestid kons : " + reqid_kons): null

2022-11-25 11:18:19 - [TEST_STEP][PASSED] - response_searchME_kons = reqid_kons: null

2022-11-25 11:18:19 - [TEST_STEP][PASSED] - response_searchME_spouse = reqid_spouse: null

2022-11-25 11:18:19 - [TEST_STEP][PASSED] - println("kons req id is :" + response_searchME_kons): null

2022-11-25 11:18:19 - [TEST_STEP][PASSED] - println("spouse req id is : " + response_searchME_spouse): null

2022-11-25 11:18:19 - [TEST_STEP][PASSED] - verifyResponseStatusCode(req_data, 200): Verify response status code successfully

2022-11-25 11:18:19 - [MESSAGE][PASSED] - Verify response status code successfully

2022-11-25 11:18:19 - [TEST_STEP][PASSED] - response = req_data.getResponseText(): null

2022-11-25 11:18:19 - [TEST_STEP][PASSED] - logInfo($response): {"status":"Done","data":{"requestid1":"255859","requestid2":"255860"}}

2022-11-25 11:18:19 - [MESSAGE][INFO] - {"status":"Done","data":{"requestid1":"255859","requestid2":"255860"}}

2022-11-25 11:18:19 - [TEST_STEP][PASSED] - delay(5): Delayed 5 second(s)

2022-11-25 11:18:24 - [MESSAGE][PASSED] - Delayed 5 second(s)

2022-11-25 11:18:24 - [TEST_STEP][PASSED] - scoring = sendRequest(findTestObject("EngineScore", ["response_searchME_kons":response_searchME_kons, "response_searchME_spouse":response_searchME_spouse])): Send request successfully

2022-11-25 11:18:24 - [MESSAGE][INFO] - HAR: D:\DMS\Engine Scoring\Reports\20221125_111232\Exclude KKB - DS - Married\Scoring Married - CS New\20221125_111233\requests\main\101.har

2022-11-25 11:18:24 - [MESSAGE][PASSED] - Send request successfully

2022-11-25 11:18:24 - [TEST_STEP][PASSED] - verifyResponseStatusCode(scoring, 200): Verify response status code successfully

2022-11-25 11:18:24 - [MESSAGE][PASSED] - Verify response status code successfully

2022-11-25 11:18:24 - [TEST_STEP][PASSED] - response2 = scoring.getResponseText(): null

2022-11-25 11:18:24 - [TEST_STEP][PASSED] - markPassed("result service data ke : " + no): result service data ke : 51

2022-11-25 11:18:24 - [MESSAGE][PASSED] - result service data ke : 51

2022-11-25 11:18:24 - [TEST_STEP][PASSED] - logInfo($response2): {"result_konsumen":"Approve","result_pasangan":"Reject","Final_result":"Reject","errorMessage":"","status":"Done"}

2022-11-25 11:18:24 - [MESSAGE][INFO] - {"result_konsumen":"Approve","result_pasangan":"Reject","Final_result":"Reject","errorMessage":"","status":"Done"}

2022-11-25 11:18:24 - [TEST_STEP][PASSED] - verifyElementPropertyValue(scoring, "Final_result", final_result): Verify element property value successfully

2022-11-25 11:18:24 - [MESSAGE][PASSED] - Verify element property value successfully]]></system-out>
         <system-err><![CDATA[]]></system-err>
      </testcase>
      <testcase name="Test Cases/Engine_Scoring/Engine Scoring" time="6.619" classname="Test Cases/Engine_Scoring/Engine Scoring" status="PASSED">
         <system-out><![CDATA[2022-11-25 11:18:24 - [TEST_CASE][PASSED] - Test Cases/Engine_Scoring/Engine Scoring: Test Cases/Engine_Scoring/Engine Scoring

2022-11-25 11:18:25 - [TEST_STEP][PASSED] - markPassed("Variasi data ke : " + no): Variasi data ke : 52

2022-11-25 11:18:25 - [MESSAGE][PASSED] - Variasi data ke : 52

2022-11-25 11:18:25 - [TEST_STEP][PASSED] - req_data = sendRequest(findTestObject("Search_ME", ["MID":MID, "source":source, "ip":ip, "userid":userid, "branch":branch, "tipekons":tipekons, "marital":marital, "penjamin":penjamin, ... ])): Send request successfully

2022-11-25 11:18:26 - [MESSAGE][INFO] - HAR: D:\DMS\Engine Scoring\Reports\20221125_111232\Exclude KKB - DS - Married\Scoring Married - CS New\20221125_111233\requests\main\102.har

2022-11-25 11:18:26 - [MESSAGE][PASSED] - Send request successfully

2022-11-25 11:18:26 - [TEST_STEP][PASSED] - slurper = new groovy.json.JsonSlurper(): null

2022-11-25 11:18:26 - [TEST_STEP][PASSED] - result = slurper.parseText(req_data.getResponseBodyContent()): null

2022-11-25 11:18:26 - [TEST_STEP][PASSED] - reqid_kons = requestid1: null

2022-11-25 11:18:26 - [TEST_STEP][PASSED] - reqid_spouse = requestid2: null

2022-11-25 11:18:26 - [TEST_STEP][PASSED] - println("requestid kons : " + reqid_kons): null

2022-11-25 11:18:26 - [TEST_STEP][PASSED] - response_searchME_kons = reqid_kons: null

2022-11-25 11:18:26 - [TEST_STEP][PASSED] - response_searchME_spouse = reqid_spouse: null

2022-11-25 11:18:26 - [TEST_STEP][PASSED] - println("kons req id is :" + response_searchME_kons): null

2022-11-25 11:18:26 - [TEST_STEP][PASSED] - println("spouse req id is : " + response_searchME_spouse): null

2022-11-25 11:18:26 - [TEST_STEP][PASSED] - verifyResponseStatusCode(req_data, 200): Verify response status code successfully

2022-11-25 11:18:26 - [MESSAGE][PASSED] - Verify response status code successfully

2022-11-25 11:18:26 - [TEST_STEP][PASSED] - response = req_data.getResponseText(): null

2022-11-25 11:18:26 - [TEST_STEP][PASSED] - logInfo($response): {"status":"Done","data":{"requestid1":"255861","requestid2":"255862"}}

2022-11-25 11:18:26 - [MESSAGE][INFO] - {"status":"Done","data":{"requestid1":"255861","requestid2":"255862"}}

2022-11-25 11:18:26 - [TEST_STEP][PASSED] - delay(5): Delayed 5 second(s)

2022-11-25 11:18:31 - [MESSAGE][PASSED] - Delayed 5 second(s)

2022-11-25 11:18:31 - [TEST_STEP][PASSED] - scoring = sendRequest(findTestObject("EngineScore", ["response_searchME_kons":response_searchME_kons, "response_searchME_spouse":response_searchME_spouse])): Send request successfully

2022-11-25 11:18:31 - [MESSAGE][INFO] - HAR: D:\DMS\Engine Scoring\Reports\20221125_111232\Exclude KKB - DS - Married\Scoring Married - CS New\20221125_111233\requests\main\103.har

2022-11-25 11:18:31 - [MESSAGE][PASSED] - Send request successfully

2022-11-25 11:18:31 - [TEST_STEP][PASSED] - verifyResponseStatusCode(scoring, 200): Verify response status code successfully

2022-11-25 11:18:31 - [MESSAGE][PASSED] - Verify response status code successfully

2022-11-25 11:18:31 - [TEST_STEP][PASSED] - response2 = scoring.getResponseText(): null

2022-11-25 11:18:31 - [TEST_STEP][PASSED] - markPassed("result service data ke : " + no): result service data ke : 52

2022-11-25 11:18:31 - [MESSAGE][PASSED] - result service data ke : 52

2022-11-25 11:18:31 - [TEST_STEP][PASSED] - logInfo($response2): {"result_konsumen":"Approve","result_pasangan":"Reject","Final_result":"Reject","errorMessage":"","status":"Done"}

2022-11-25 11:18:31 - [MESSAGE][INFO] - {"result_konsumen":"Approve","result_pasangan":"Reject","Final_result":"Reject","errorMessage":"","status":"Done"}

2022-11-25 11:18:31 - [TEST_STEP][PASSED] - verifyElementPropertyValue(scoring, "Final_result", final_result): Verify element property value successfully

2022-11-25 11:18:31 - [MESSAGE][PASSED] - Verify element property value successfully]]></system-out>
         <system-err><![CDATA[]]></system-err>
      </testcase>
      <testcase name="Test Cases/Engine_Scoring/Engine Scoring" time="6.675" classname="Test Cases/Engine_Scoring/Engine Scoring" status="PASSED">
         <system-out><![CDATA[2022-11-25 11:18:31 - [TEST_CASE][PASSED] - Test Cases/Engine_Scoring/Engine Scoring: Test Cases/Engine_Scoring/Engine Scoring

2022-11-25 11:18:32 - [TEST_STEP][PASSED] - markPassed("Variasi data ke : " + no): Variasi data ke : 53

2022-11-25 11:18:32 - [MESSAGE][PASSED] - Variasi data ke : 53

2022-11-25 11:18:32 - [TEST_STEP][PASSED] - req_data = sendRequest(findTestObject("Search_ME", ["MID":MID, "source":source, "ip":ip, "userid":userid, "branch":branch, "tipekons":tipekons, "marital":marital, "penjamin":penjamin, ... ])): Send request successfully

2022-11-25 11:18:32 - [MESSAGE][INFO] - HAR: D:\DMS\Engine Scoring\Reports\20221125_111232\Exclude KKB - DS - Married\Scoring Married - CS New\20221125_111233\requests\main\104.har

2022-11-25 11:18:32 - [MESSAGE][PASSED] - Send request successfully

2022-11-25 11:18:32 - [TEST_STEP][PASSED] - slurper = new groovy.json.JsonSlurper(): null

2022-11-25 11:18:32 - [TEST_STEP][PASSED] - result = slurper.parseText(req_data.getResponseBodyContent()): null

2022-11-25 11:18:32 - [TEST_STEP][PASSED] - reqid_kons = requestid1: null

2022-11-25 11:18:32 - [TEST_STEP][PASSED] - reqid_spouse = requestid2: null

2022-11-25 11:18:32 - [TEST_STEP][PASSED] - println("requestid kons : " + reqid_kons): null

2022-11-25 11:18:32 - [TEST_STEP][PASSED] - response_searchME_kons = reqid_kons: null

2022-11-25 11:18:32 - [TEST_STEP][PASSED] - response_searchME_spouse = reqid_spouse: null

2022-11-25 11:18:32 - [TEST_STEP][PASSED] - println("kons req id is :" + response_searchME_kons): null

2022-11-25 11:18:32 - [TEST_STEP][PASSED] - println("spouse req id is : " + response_searchME_spouse): null

2022-11-25 11:18:32 - [TEST_STEP][PASSED] - verifyResponseStatusCode(req_data, 200): Verify response status code successfully

2022-11-25 11:18:32 - [MESSAGE][PASSED] - Verify response status code successfully

2022-11-25 11:18:32 - [TEST_STEP][PASSED] - response = req_data.getResponseText(): null

2022-11-25 11:18:32 - [TEST_STEP][PASSED] - logInfo($response): {"status":"Done","data":{"requestid1":"255863","requestid2":"255864"}}

2022-11-25 11:18:32 - [MESSAGE][INFO] - {"status":"Done","data":{"requestid1":"255863","requestid2":"255864"}}

2022-11-25 11:18:32 - [TEST_STEP][PASSED] - delay(5): Delayed 5 second(s)

2022-11-25 11:18:38 - [MESSAGE][PASSED] - Delayed 5 second(s)

2022-11-25 11:18:38 - [TEST_STEP][PASSED] - scoring = sendRequest(findTestObject("EngineScore", ["response_searchME_kons":response_searchME_kons, "response_searchME_spouse":response_searchME_spouse])): Send request successfully

2022-11-25 11:18:38 - [MESSAGE][INFO] - HAR: D:\DMS\Engine Scoring\Reports\20221125_111232\Exclude KKB - DS - Married\Scoring Married - CS New\20221125_111233\requests\main\105.har

2022-11-25 11:18:38 - [MESSAGE][PASSED] - Send request successfully

2022-11-25 11:18:38 - [TEST_STEP][PASSED] - verifyResponseStatusCode(scoring, 200): Verify response status code successfully

2022-11-25 11:18:38 - [MESSAGE][PASSED] - Verify response status code successfully

2022-11-25 11:18:38 - [TEST_STEP][PASSED] - response2 = scoring.getResponseText(): null

2022-11-25 11:18:38 - [TEST_STEP][PASSED] - markPassed("result service data ke : " + no): result service data ke : 53

2022-11-25 11:18:38 - [MESSAGE][PASSED] - result service data ke : 53

2022-11-25 11:18:38 - [TEST_STEP][PASSED] - logInfo($response2): {"result_konsumen":"Approve","result_pasangan":"Reguler","Final_result":"Approve","errorMessage":"","status":"Done"}

2022-11-25 11:18:38 - [MESSAGE][INFO] - {"result_konsumen":"Approve","result_pasangan":"Reguler","Final_result":"Approve","errorMessage":"","status":"Done"}

2022-11-25 11:18:38 - [TEST_STEP][PASSED] - verifyElementPropertyValue(scoring, "Final_result", final_result): Verify element property value successfully

2022-11-25 11:18:38 - [MESSAGE][PASSED] - Verify element property value successfully]]></system-out>
         <system-err><![CDATA[]]></system-err>
      </testcase>
      <testcase name="Test Cases/Engine_Scoring/Engine Scoring" time="6.629" classname="Test Cases/Engine_Scoring/Engine Scoring" status="PASSED">
         <system-out><![CDATA[2022-11-25 11:18:38 - [TEST_CASE][PASSED] - Test Cases/Engine_Scoring/Engine Scoring: Test Cases/Engine_Scoring/Engine Scoring

2022-11-25 11:18:38 - [TEST_STEP][PASSED] - markPassed("Variasi data ke : " + no): Variasi data ke : 54

2022-11-25 11:18:38 - [MESSAGE][PASSED] - Variasi data ke : 54

2022-11-25 11:18:38 - [TEST_STEP][PASSED] - req_data = sendRequest(findTestObject("Search_ME", ["MID":MID, "source":source, "ip":ip, "userid":userid, "branch":branch, "tipekons":tipekons, "marital":marital, "penjamin":penjamin, ... ])): Send request successfully

2022-11-25 11:18:39 - [MESSAGE][INFO] - HAR: D:\DMS\Engine Scoring\Reports\20221125_111232\Exclude KKB - DS - Married\Scoring Married - CS New\20221125_111233\requests\main\106.har

2022-11-25 11:18:39 - [MESSAGE][PASSED] - Send request successfully

2022-11-25 11:18:39 - [TEST_STEP][PASSED] - slurper = new groovy.json.JsonSlurper(): null

2022-11-25 11:18:39 - [TEST_STEP][PASSED] - result = slurper.parseText(req_data.getResponseBodyContent()): null

2022-11-25 11:18:39 - [TEST_STEP][PASSED] - reqid_kons = requestid1: null

2022-11-25 11:18:39 - [TEST_STEP][PASSED] - reqid_spouse = requestid2: null

2022-11-25 11:18:39 - [TEST_STEP][PASSED] - println("requestid kons : " + reqid_kons): null

2022-11-25 11:18:39 - [TEST_STEP][PASSED] - response_searchME_kons = reqid_kons: null

2022-11-25 11:18:39 - [TEST_STEP][PASSED] - response_searchME_spouse = reqid_spouse: null

2022-11-25 11:18:39 - [TEST_STEP][PASSED] - println("kons req id is :" + response_searchME_kons): null

2022-11-25 11:18:39 - [TEST_STEP][PASSED] - println("spouse req id is : " + response_searchME_spouse): null

2022-11-25 11:18:39 - [TEST_STEP][PASSED] - verifyResponseStatusCode(req_data, 200): Verify response status code successfully

2022-11-25 11:18:39 - [MESSAGE][PASSED] - Verify response status code successfully

2022-11-25 11:18:39 - [TEST_STEP][PASSED] - response = req_data.getResponseText(): null

2022-11-25 11:18:39 - [TEST_STEP][PASSED] - logInfo($response): {"status":"Done","data":{"requestid1":"255865","requestid2":"255866"}}

2022-11-25 11:18:39 - [MESSAGE][INFO] - {"status":"Done","data":{"requestid1":"255865","requestid2":"255866"}}

2022-11-25 11:18:39 - [TEST_STEP][PASSED] - delay(5): Delayed 5 second(s)

2022-11-25 11:18:44 - [MESSAGE][PASSED] - Delayed 5 second(s)

2022-11-25 11:18:44 - [TEST_STEP][PASSED] - scoring = sendRequest(findTestObject("EngineScore", ["response_searchME_kons":response_searchME_kons, "response_searchME_spouse":response_searchME_spouse])): Send request successfully

2022-11-25 11:18:44 - [MESSAGE][INFO] - HAR: D:\DMS\Engine Scoring\Reports\20221125_111232\Exclude KKB - DS - Married\Scoring Married - CS New\20221125_111233\requests\main\107.har

2022-11-25 11:18:44 - [MESSAGE][PASSED] - Send request successfully

2022-11-25 11:18:44 - [TEST_STEP][PASSED] - verifyResponseStatusCode(scoring, 200): Verify response status code successfully

2022-11-25 11:18:44 - [MESSAGE][PASSED] - Verify response status code successfully

2022-11-25 11:18:44 - [TEST_STEP][PASSED] - response2 = scoring.getResponseText(): null

2022-11-25 11:18:44 - [TEST_STEP][PASSED] - markPassed("result service data ke : " + no): result service data ke : 54

2022-11-25 11:18:44 - [MESSAGE][PASSED] - result service data ke : 54

2022-11-25 11:18:44 - [TEST_STEP][PASSED] - logInfo($response2): {"result_konsumen":"Approve","result_pasangan":"Reguler","Final_result":"Approve","errorMessage":"","status":"Done"}

2022-11-25 11:18:44 - [MESSAGE][INFO] - {"result_konsumen":"Approve","result_pasangan":"Reguler","Final_result":"Approve","errorMessage":"","status":"Done"}

2022-11-25 11:18:44 - [TEST_STEP][PASSED] - verifyElementPropertyValue(scoring, "Final_result", final_result): Verify element property value successfully

2022-11-25 11:18:44 - [MESSAGE][PASSED] - Verify element property value successfully]]></system-out>
         <system-err><![CDATA[]]></system-err>
      </testcase>
      <testcase name="Test Cases/Engine_Scoring/Engine Scoring" time="6.735" classname="Test Cases/Engine_Scoring/Engine Scoring" status="PASSED">
         <system-out><![CDATA[2022-11-25 11:18:44 - [TEST_CASE][PASSED] - Test Cases/Engine_Scoring/Engine Scoring: Test Cases/Engine_Scoring/Engine Scoring

2022-11-25 11:18:45 - [TEST_STEP][PASSED] - markPassed("Variasi data ke : " + no): Variasi data ke : 55

2022-11-25 11:18:45 - [MESSAGE][PASSED] - Variasi data ke : 55

2022-11-25 11:18:45 - [TEST_STEP][PASSED] - req_data = sendRequest(findTestObject("Search_ME", ["MID":MID, "source":source, "ip":ip, "userid":userid, "branch":branch, "tipekons":tipekons, "marital":marital, "penjamin":penjamin, ... ])): Send request successfully

2022-11-25 11:18:46 - [MESSAGE][INFO] - HAR: D:\DMS\Engine Scoring\Reports\20221125_111232\Exclude KKB - DS - Married\Scoring Married - CS New\20221125_111233\requests\main\108.har

2022-11-25 11:18:46 - [MESSAGE][PASSED] - Send request successfully

2022-11-25 11:18:46 - [TEST_STEP][PASSED] - slurper = new groovy.json.JsonSlurper(): null

2022-11-25 11:18:46 - [TEST_STEP][PASSED] - result = slurper.parseText(req_data.getResponseBodyContent()): null

2022-11-25 11:18:46 - [TEST_STEP][PASSED] - reqid_kons = requestid1: null

2022-11-25 11:18:46 - [TEST_STEP][PASSED] - reqid_spouse = requestid2: null

2022-11-25 11:18:46 - [TEST_STEP][PASSED] - println("requestid kons : " + reqid_kons): null

2022-11-25 11:18:46 - [TEST_STEP][PASSED] - response_searchME_kons = reqid_kons: null

2022-11-25 11:18:46 - [TEST_STEP][PASSED] - response_searchME_spouse = reqid_spouse: null

2022-11-25 11:18:46 - [TEST_STEP][PASSED] - println("kons req id is :" + response_searchME_kons): null

2022-11-25 11:18:46 - [TEST_STEP][PASSED] - println("spouse req id is : " + response_searchME_spouse): null

2022-11-25 11:18:46 - [TEST_STEP][PASSED] - verifyResponseStatusCode(req_data, 200): Verify response status code successfully

2022-11-25 11:18:46 - [MESSAGE][PASSED] - Verify response status code successfully

2022-11-25 11:18:46 - [TEST_STEP][PASSED] - response = req_data.getResponseText(): null

2022-11-25 11:18:46 - [TEST_STEP][PASSED] - logInfo($response): {"status":"Done","data":{"requestid1":"255867","requestid2":"255868"}}

2022-11-25 11:18:46 - [MESSAGE][INFO] - {"status":"Done","data":{"requestid1":"255867","requestid2":"255868"}}

2022-11-25 11:18:46 - [TEST_STEP][PASSED] - delay(5): Delayed 5 second(s)

2022-11-25 11:18:51 - [MESSAGE][PASSED] - Delayed 5 second(s)

2022-11-25 11:18:51 - [TEST_STEP][PASSED] - scoring = sendRequest(findTestObject("EngineScore", ["response_searchME_kons":response_searchME_kons, "response_searchME_spouse":response_searchME_spouse])): Send request successfully

2022-11-25 11:18:51 - [MESSAGE][INFO] - HAR: D:\DMS\Engine Scoring\Reports\20221125_111232\Exclude KKB - DS - Married\Scoring Married - CS New\20221125_111233\requests\main\109.har

2022-11-25 11:18:51 - [MESSAGE][PASSED] - Send request successfully

2022-11-25 11:18:51 - [TEST_STEP][PASSED] - verifyResponseStatusCode(scoring, 200): Verify response status code successfully

2022-11-25 11:18:51 - [MESSAGE][PASSED] - Verify response status code successfully

2022-11-25 11:18:51 - [TEST_STEP][PASSED] - response2 = scoring.getResponseText(): null

2022-11-25 11:18:51 - [TEST_STEP][PASSED] - markPassed("result service data ke : " + no): result service data ke : 55

2022-11-25 11:18:51 - [MESSAGE][PASSED] - result service data ke : 55

2022-11-25 11:18:51 - [TEST_STEP][PASSED] - logInfo($response2): {"result_konsumen":"Reject","result_pasangan":"Reguler","Final_result":"Reject","errorMessage":"","status":"Done"}

2022-11-25 11:18:51 - [MESSAGE][INFO] - {"result_konsumen":"Reject","result_pasangan":"Reguler","Final_result":"Reject","errorMessage":"","status":"Done"}

2022-11-25 11:18:51 - [TEST_STEP][PASSED] - verifyElementPropertyValue(scoring, "Final_result", final_result): Verify element property value successfully

2022-11-25 11:18:51 - [MESSAGE][PASSED] - Verify element property value successfully]]></system-out>
         <system-err><![CDATA[]]></system-err>
      </testcase>
      <testcase name="Test Cases/Engine_Scoring/Engine Scoring" time="6.644" classname="Test Cases/Engine_Scoring/Engine Scoring" status="PASSED">
         <system-out><![CDATA[2022-11-25 11:18:51 - [TEST_CASE][PASSED] - Test Cases/Engine_Scoring/Engine Scoring: Test Cases/Engine_Scoring/Engine Scoring

2022-11-25 11:18:52 - [TEST_STEP][PASSED] - markPassed("Variasi data ke : " + no): Variasi data ke : 56

2022-11-25 11:18:52 - [MESSAGE][PASSED] - Variasi data ke : 56

2022-11-25 11:18:52 - [TEST_STEP][PASSED] - req_data = sendRequest(findTestObject("Search_ME", ["MID":MID, "source":source, "ip":ip, "userid":userid, "branch":branch, "tipekons":tipekons, "marital":marital, "penjamin":penjamin, ... ])): Send request successfully

2022-11-25 11:18:53 - [MESSAGE][INFO] - HAR: D:\DMS\Engine Scoring\Reports\20221125_111232\Exclude KKB - DS - Married\Scoring Married - CS New\20221125_111233\requests\main\110.har

2022-11-25 11:18:53 - [MESSAGE][PASSED] - Send request successfully

2022-11-25 11:18:53 - [TEST_STEP][PASSED] - slurper = new groovy.json.JsonSlurper(): null

2022-11-25 11:18:53 - [TEST_STEP][PASSED] - result = slurper.parseText(req_data.getResponseBodyContent()): null

2022-11-25 11:18:53 - [TEST_STEP][PASSED] - reqid_kons = requestid1: null

2022-11-25 11:18:53 - [TEST_STEP][PASSED] - reqid_spouse = requestid2: null

2022-11-25 11:18:53 - [TEST_STEP][PASSED] - println("requestid kons : " + reqid_kons): null

2022-11-25 11:18:53 - [TEST_STEP][PASSED] - response_searchME_kons = reqid_kons: null

2022-11-25 11:18:53 - [TEST_STEP][PASSED] - response_searchME_spouse = reqid_spouse: null

2022-11-25 11:18:53 - [TEST_STEP][PASSED] - println("kons req id is :" + response_searchME_kons): null

2022-11-25 11:18:53 - [TEST_STEP][PASSED] - println("spouse req id is : " + response_searchME_spouse): null

2022-11-25 11:18:53 - [TEST_STEP][PASSED] - verifyResponseStatusCode(req_data, 200): Verify response status code successfully

2022-11-25 11:18:53 - [MESSAGE][PASSED] - Verify response status code successfully

2022-11-25 11:18:53 - [TEST_STEP][PASSED] - response = req_data.getResponseText(): null

2022-11-25 11:18:53 - [TEST_STEP][PASSED] - logInfo($response): {"status":"Done","data":{"requestid1":"255869","requestid2":"255870"}}

2022-11-25 11:18:53 - [MESSAGE][INFO] - {"status":"Done","data":{"requestid1":"255869","requestid2":"255870"}}

2022-11-25 11:18:53 - [TEST_STEP][PASSED] - delay(5): Delayed 5 second(s)

2022-11-25 11:18:58 - [MESSAGE][PASSED] - Delayed 5 second(s)

2022-11-25 11:18:58 - [TEST_STEP][PASSED] - scoring = sendRequest(findTestObject("EngineScore", ["response_searchME_kons":response_searchME_kons, "response_searchME_spouse":response_searchME_spouse])): Send request successfully

2022-11-25 11:18:58 - [MESSAGE][INFO] - HAR: D:\DMS\Engine Scoring\Reports\20221125_111232\Exclude KKB - DS - Married\Scoring Married - CS New\20221125_111233\requests\main\111.har

2022-11-25 11:18:58 - [MESSAGE][PASSED] - Send request successfully

2022-11-25 11:18:58 - [TEST_STEP][PASSED] - verifyResponseStatusCode(scoring, 200): Verify response status code successfully

2022-11-25 11:18:58 - [MESSAGE][PASSED] - Verify response status code successfully

2022-11-25 11:18:58 - [TEST_STEP][PASSED] - response2 = scoring.getResponseText(): null

2022-11-25 11:18:58 - [TEST_STEP][PASSED] - markPassed("result service data ke : " + no): result service data ke : 56

2022-11-25 11:18:58 - [MESSAGE][PASSED] - result service data ke : 56

2022-11-25 11:18:58 - [TEST_STEP][PASSED] - logInfo($response2): {"result_konsumen":"Reject","result_pasangan":"Reguler","Final_result":"Reject","errorMessage":"","status":"Done"}

2022-11-25 11:18:58 - [MESSAGE][INFO] - {"result_konsumen":"Reject","result_pasangan":"Reguler","Final_result":"Reject","errorMessage":"","status":"Done"}

2022-11-25 11:18:58 - [TEST_STEP][PASSED] - verifyElementPropertyValue(scoring, "Final_result", final_result): Verify element property value successfully

2022-11-25 11:18:58 - [MESSAGE][PASSED] - Verify element property value successfully]]></system-out>
         <system-err><![CDATA[]]></system-err>
      </testcase>
      <testcase name="Test Cases/Engine_Scoring/Engine Scoring" time="6.664" classname="Test Cases/Engine_Scoring/Engine Scoring" status="PASSED">
         <system-out><![CDATA[2022-11-25 11:18:58 - [TEST_CASE][PASSED] - Test Cases/Engine_Scoring/Engine Scoring: Test Cases/Engine_Scoring/Engine Scoring

2022-11-25 11:18:59 - [TEST_STEP][PASSED] - markPassed("Variasi data ke : " + no): Variasi data ke : 57

2022-11-25 11:18:59 - [MESSAGE][PASSED] - Variasi data ke : 57

2022-11-25 11:18:59 - [TEST_STEP][PASSED] - req_data = sendRequest(findTestObject("Search_ME", ["MID":MID, "source":source, "ip":ip, "userid":userid, "branch":branch, "tipekons":tipekons, "marital":marital, "penjamin":penjamin, ... ])): Send request successfully

2022-11-25 11:18:59 - [MESSAGE][INFO] - HAR: D:\DMS\Engine Scoring\Reports\20221125_111232\Exclude KKB - DS - Married\Scoring Married - CS New\20221125_111233\requests\main\112.har

2022-11-25 11:18:59 - [MESSAGE][PASSED] - Send request successfully

2022-11-25 11:18:59 - [TEST_STEP][PASSED] - slurper = new groovy.json.JsonSlurper(): null

2022-11-25 11:18:59 - [TEST_STEP][PASSED] - result = slurper.parseText(req_data.getResponseBodyContent()): null

2022-11-25 11:18:59 - [TEST_STEP][PASSED] - reqid_kons = requestid1: null

2022-11-25 11:18:59 - [TEST_STEP][PASSED] - reqid_spouse = requestid2: null

2022-11-25 11:18:59 - [TEST_STEP][PASSED] - println("requestid kons : " + reqid_kons): null

2022-11-25 11:18:59 - [TEST_STEP][PASSED] - response_searchME_kons = reqid_kons: null

2022-11-25 11:18:59 - [TEST_STEP][PASSED] - response_searchME_spouse = reqid_spouse: null

2022-11-25 11:18:59 - [TEST_STEP][PASSED] - println("kons req id is :" + response_searchME_kons): null

2022-11-25 11:18:59 - [TEST_STEP][PASSED] - println("spouse req id is : " + response_searchME_spouse): null

2022-11-25 11:18:59 - [TEST_STEP][PASSED] - verifyResponseStatusCode(req_data, 200): Verify response status code successfully

2022-11-25 11:18:59 - [MESSAGE][PASSED] - Verify response status code successfully

2022-11-25 11:18:59 - [TEST_STEP][PASSED] - response = req_data.getResponseText(): null

2022-11-25 11:18:59 - [TEST_STEP][PASSED] - logInfo($response): {"status":"Done","data":{"requestid1":"255871","requestid2":"255872"}}

2022-11-25 11:18:59 - [MESSAGE][INFO] - {"status":"Done","data":{"requestid1":"255871","requestid2":"255872"}}

2022-11-25 11:18:59 - [TEST_STEP][PASSED] - delay(5): Delayed 5 second(s)

2022-11-25 11:19:04 - [MESSAGE][PASSED] - Delayed 5 second(s)

2022-11-25 11:19:04 - [TEST_STEP][PASSED] - scoring = sendRequest(findTestObject("EngineScore", ["response_searchME_kons":response_searchME_kons, "response_searchME_spouse":response_searchME_spouse])): Send request successfully

2022-11-25 11:19:05 - [MESSAGE][INFO] - HAR: D:\DMS\Engine Scoring\Reports\20221125_111232\Exclude KKB - DS - Married\Scoring Married - CS New\20221125_111233\requests\main\113.har

2022-11-25 11:19:05 - [MESSAGE][PASSED] - Send request successfully

2022-11-25 11:19:05 - [TEST_STEP][PASSED] - verifyResponseStatusCode(scoring, 200): Verify response status code successfully

2022-11-25 11:19:05 - [MESSAGE][PASSED] - Verify response status code successfully

2022-11-25 11:19:05 - [TEST_STEP][PASSED] - response2 = scoring.getResponseText(): null

2022-11-25 11:19:05 - [TEST_STEP][PASSED] - markPassed("result service data ke : " + no): result service data ke : 57

2022-11-25 11:19:05 - [MESSAGE][PASSED] - result service data ke : 57

2022-11-25 11:19:05 - [TEST_STEP][PASSED] - logInfo($response2): {"result_konsumen":"Reject","result_pasangan":"Reguler","Final_result":"Reject","errorMessage":"","status":"Done"}

2022-11-25 11:19:05 - [MESSAGE][INFO] - {"result_konsumen":"Reject","result_pasangan":"Reguler","Final_result":"Reject","errorMessage":"","status":"Done"}

2022-11-25 11:19:05 - [TEST_STEP][PASSED] - verifyElementPropertyValue(scoring, "Final_result", final_result): Verify element property value successfully

2022-11-25 11:19:05 - [MESSAGE][PASSED] - Verify element property value successfully]]></system-out>
         <system-err><![CDATA[]]></system-err>
      </testcase>
      <testcase name="Test Cases/Engine_Scoring/Engine Scoring" time="6.65" classname="Test Cases/Engine_Scoring/Engine Scoring" status="PASSED">
         <system-out><![CDATA[2022-11-25 11:19:05 - [TEST_CASE][PASSED] - Test Cases/Engine_Scoring/Engine Scoring: Test Cases/Engine_Scoring/Engine Scoring

2022-11-25 11:19:05 - [TEST_STEP][PASSED] - markPassed("Variasi data ke : " + no): Variasi data ke : 58

2022-11-25 11:19:05 - [MESSAGE][PASSED] - Variasi data ke : 58

2022-11-25 11:19:05 - [TEST_STEP][PASSED] - req_data = sendRequest(findTestObject("Search_ME", ["MID":MID, "source":source, "ip":ip, "userid":userid, "branch":branch, "tipekons":tipekons, "marital":marital, "penjamin":penjamin, ... ])): Send request successfully

2022-11-25 11:19:06 - [MESSAGE][INFO] - HAR: D:\DMS\Engine Scoring\Reports\20221125_111232\Exclude KKB - DS - Married\Scoring Married - CS New\20221125_111233\requests\main\114.har

2022-11-25 11:19:06 - [MESSAGE][PASSED] - Send request successfully

2022-11-25 11:19:06 - [TEST_STEP][PASSED] - slurper = new groovy.json.JsonSlurper(): null

2022-11-25 11:19:06 - [TEST_STEP][PASSED] - result = slurper.parseText(req_data.getResponseBodyContent()): null

2022-11-25 11:19:06 - [TEST_STEP][PASSED] - reqid_kons = requestid1: null

2022-11-25 11:19:06 - [TEST_STEP][PASSED] - reqid_spouse = requestid2: null

2022-11-25 11:19:06 - [TEST_STEP][PASSED] - println("requestid kons : " + reqid_kons): null

2022-11-25 11:19:06 - [TEST_STEP][PASSED] - response_searchME_kons = reqid_kons: null

2022-11-25 11:19:06 - [TEST_STEP][PASSED] - response_searchME_spouse = reqid_spouse: null

2022-11-25 11:19:06 - [TEST_STEP][PASSED] - println("kons req id is :" + response_searchME_kons): null

2022-11-25 11:19:06 - [TEST_STEP][PASSED] - println("spouse req id is : " + response_searchME_spouse): null

2022-11-25 11:19:06 - [TEST_STEP][PASSED] - verifyResponseStatusCode(req_data, 200): Verify response status code successfully

2022-11-25 11:19:06 - [MESSAGE][PASSED] - Verify response status code successfully

2022-11-25 11:19:06 - [TEST_STEP][PASSED] - response = req_data.getResponseText(): null

2022-11-25 11:19:06 - [TEST_STEP][PASSED] - logInfo($response): {"status":"Done","data":{"requestid1":"255873","requestid2":"255874"}}

2022-11-25 11:19:06 - [MESSAGE][INFO] - {"status":"Done","data":{"requestid1":"255873","requestid2":"255874"}}

2022-11-25 11:19:06 - [TEST_STEP][PASSED] - delay(5): Delayed 5 second(s)

2022-11-25 11:19:11 - [MESSAGE][PASSED] - Delayed 5 second(s)

2022-11-25 11:19:11 - [TEST_STEP][PASSED] - scoring = sendRequest(findTestObject("EngineScore", ["response_searchME_kons":response_searchME_kons, "response_searchME_spouse":response_searchME_spouse])): Send request successfully

2022-11-25 11:19:11 - [MESSAGE][INFO] - HAR: D:\DMS\Engine Scoring\Reports\20221125_111232\Exclude KKB - DS - Married\Scoring Married - CS New\20221125_111233\requests\main\115.har

2022-11-25 11:19:11 - [MESSAGE][PASSED] - Send request successfully

2022-11-25 11:19:11 - [TEST_STEP][PASSED] - verifyResponseStatusCode(scoring, 200): Verify response status code successfully

2022-11-25 11:19:11 - [MESSAGE][PASSED] - Verify response status code successfully

2022-11-25 11:19:11 - [TEST_STEP][PASSED] - response2 = scoring.getResponseText(): null

2022-11-25 11:19:11 - [TEST_STEP][PASSED] - markPassed("result service data ke : " + no): result service data ke : 58

2022-11-25 11:19:11 - [MESSAGE][PASSED] - result service data ke : 58

2022-11-25 11:19:11 - [TEST_STEP][PASSED] - logInfo($response2): {"result_konsumen":"Reject","result_pasangan":"Reguler","Final_result":"Reject","errorMessage":"","status":"Done"}

2022-11-25 11:19:11 - [MESSAGE][INFO] - {"result_konsumen":"Reject","result_pasangan":"Reguler","Final_result":"Reject","errorMessage":"","status":"Done"}

2022-11-25 11:19:11 - [TEST_STEP][PASSED] - verifyElementPropertyValue(scoring, "Final_result", final_result): Verify element property value successfully

2022-11-25 11:19:11 - [MESSAGE][PASSED] - Verify element property value successfully]]></system-out>
         <system-err><![CDATA[]]></system-err>
      </testcase>
      <testcase name="Test Cases/Engine_Scoring/Engine Scoring" time="6.726" classname="Test Cases/Engine_Scoring/Engine Scoring" status="PASSED">
         <system-out><![CDATA[2022-11-25 11:19:11 - [TEST_CASE][PASSED] - Test Cases/Engine_Scoring/Engine Scoring: Test Cases/Engine_Scoring/Engine Scoring

2022-11-25 11:19:12 - [TEST_STEP][PASSED] - markPassed("Variasi data ke : " + no): Variasi data ke : 59

2022-11-25 11:19:12 - [MESSAGE][PASSED] - Variasi data ke : 59

2022-11-25 11:19:12 - [TEST_STEP][PASSED] - req_data = sendRequest(findTestObject("Search_ME", ["MID":MID, "source":source, "ip":ip, "userid":userid, "branch":branch, "tipekons":tipekons, "marital":marital, "penjamin":penjamin, ... ])): Send request successfully

2022-11-25 11:19:13 - [MESSAGE][INFO] - HAR: D:\DMS\Engine Scoring\Reports\20221125_111232\Exclude KKB - DS - Married\Scoring Married - CS New\20221125_111233\requests\main\116.har

2022-11-25 11:19:13 - [MESSAGE][PASSED] - Send request successfully

2022-11-25 11:19:13 - [TEST_STEP][PASSED] - slurper = new groovy.json.JsonSlurper(): null

2022-11-25 11:19:13 - [TEST_STEP][PASSED] - result = slurper.parseText(req_data.getResponseBodyContent()): null

2022-11-25 11:19:13 - [TEST_STEP][PASSED] - reqid_kons = requestid1: null

2022-11-25 11:19:13 - [TEST_STEP][PASSED] - reqid_spouse = requestid2: null

2022-11-25 11:19:13 - [TEST_STEP][PASSED] - println("requestid kons : " + reqid_kons): null

2022-11-25 11:19:13 - [TEST_STEP][PASSED] - response_searchME_kons = reqid_kons: null

2022-11-25 11:19:13 - [TEST_STEP][PASSED] - response_searchME_spouse = reqid_spouse: null

2022-11-25 11:19:13 - [TEST_STEP][PASSED] - println("kons req id is :" + response_searchME_kons): null

2022-11-25 11:19:13 - [TEST_STEP][PASSED] - println("spouse req id is : " + response_searchME_spouse): null

2022-11-25 11:19:13 - [TEST_STEP][PASSED] - verifyResponseStatusCode(req_data, 200): Verify response status code successfully

2022-11-25 11:19:13 - [MESSAGE][PASSED] - Verify response status code successfully

2022-11-25 11:19:13 - [TEST_STEP][PASSED] - response = req_data.getResponseText(): null

2022-11-25 11:19:13 - [TEST_STEP][PASSED] - logInfo($response): {"status":"Done","data":{"requestid1":"255875","requestid2":"255876"}}

2022-11-25 11:19:13 - [MESSAGE][INFO] - {"status":"Done","data":{"requestid1":"255875","requestid2":"255876"}}

2022-11-25 11:19:13 - [TEST_STEP][PASSED] - delay(5): Delayed 5 second(s)

2022-11-25 11:19:18 - [MESSAGE][PASSED] - Delayed 5 second(s)

2022-11-25 11:19:18 - [TEST_STEP][PASSED] - scoring = sendRequest(findTestObject("EngineScore", ["response_searchME_kons":response_searchME_kons, "response_searchME_spouse":response_searchME_spouse])): Send request successfully

2022-11-25 11:19:18 - [MESSAGE][INFO] - HAR: D:\DMS\Engine Scoring\Reports\20221125_111232\Exclude KKB - DS - Married\Scoring Married - CS New\20221125_111233\requests\main\117.har

2022-11-25 11:19:18 - [MESSAGE][PASSED] - Send request successfully

2022-11-25 11:19:18 - [TEST_STEP][PASSED] - verifyResponseStatusCode(scoring, 200): Verify response status code successfully

2022-11-25 11:19:18 - [MESSAGE][PASSED] - Verify response status code successfully

2022-11-25 11:19:18 - [TEST_STEP][PASSED] - response2 = scoring.getResponseText(): null

2022-11-25 11:19:18 - [TEST_STEP][PASSED] - markPassed("result service data ke : " + no): result service data ke : 59

2022-11-25 11:19:18 - [MESSAGE][PASSED] - result service data ke : 59

2022-11-25 11:19:18 - [TEST_STEP][PASSED] - logInfo($response2): {"result_konsumen":"Reject","result_pasangan":"Reject","Final_result":"Reject","errorMessage":"","status":"Done"}

2022-11-25 11:19:18 - [MESSAGE][INFO] - {"result_konsumen":"Reject","result_pasangan":"Reject","Final_result":"Reject","errorMessage":"","status":"Done"}

2022-11-25 11:19:18 - [TEST_STEP][PASSED] - verifyElementPropertyValue(scoring, "Final_result", final_result): Verify element property value successfully

2022-11-25 11:19:18 - [MESSAGE][PASSED] - Verify element property value successfully]]></system-out>
         <system-err><![CDATA[]]></system-err>
      </testcase>
      <testcase name="Test Cases/Engine_Scoring/Engine Scoring" time="6.708" classname="Test Cases/Engine_Scoring/Engine Scoring" status="PASSED">
         <system-out><![CDATA[2022-11-25 11:19:18 - [TEST_CASE][PASSED] - Test Cases/Engine_Scoring/Engine Scoring: Test Cases/Engine_Scoring/Engine Scoring

2022-11-25 11:19:19 - [TEST_STEP][PASSED] - markPassed("Variasi data ke : " + no): Variasi data ke : 60

2022-11-25 11:19:19 - [MESSAGE][PASSED] - Variasi data ke : 60

2022-11-25 11:19:19 - [TEST_STEP][PASSED] - req_data = sendRequest(findTestObject("Search_ME", ["MID":MID, "source":source, "ip":ip, "userid":userid, "branch":branch, "tipekons":tipekons, "marital":marital, "penjamin":penjamin, ... ])): Send request successfully

2022-11-25 11:19:20 - [MESSAGE][INFO] - HAR: D:\DMS\Engine Scoring\Reports\20221125_111232\Exclude KKB - DS - Married\Scoring Married - CS New\20221125_111233\requests\main\118.har

2022-11-25 11:19:20 - [MESSAGE][PASSED] - Send request successfully

2022-11-25 11:19:20 - [TEST_STEP][PASSED] - slurper = new groovy.json.JsonSlurper(): null

2022-11-25 11:19:20 - [TEST_STEP][PASSED] - result = slurper.parseText(req_data.getResponseBodyContent()): null

2022-11-25 11:19:20 - [TEST_STEP][PASSED] - reqid_kons = requestid1: null

2022-11-25 11:19:20 - [TEST_STEP][PASSED] - reqid_spouse = requestid2: null

2022-11-25 11:19:20 - [TEST_STEP][PASSED] - println("requestid kons : " + reqid_kons): null

2022-11-25 11:19:20 - [TEST_STEP][PASSED] - response_searchME_kons = reqid_kons: null

2022-11-25 11:19:20 - [TEST_STEP][PASSED] - response_searchME_spouse = reqid_spouse: null

2022-11-25 11:19:20 - [TEST_STEP][PASSED] - println("kons req id is :" + response_searchME_kons): null

2022-11-25 11:19:20 - [TEST_STEP][PASSED] - println("spouse req id is : " + response_searchME_spouse): null

2022-11-25 11:19:20 - [TEST_STEP][PASSED] - verifyResponseStatusCode(req_data, 200): Verify response status code successfully

2022-11-25 11:19:20 - [MESSAGE][PASSED] - Verify response status code successfully

2022-11-25 11:19:20 - [TEST_STEP][PASSED] - response = req_data.getResponseText(): null

2022-11-25 11:19:20 - [TEST_STEP][PASSED] - logInfo($response): {"status":"Done","data":{"requestid1":"255877","requestid2":"255878"}}

2022-11-25 11:19:20 - [MESSAGE][INFO] - {"status":"Done","data":{"requestid1":"255877","requestid2":"255878"}}

2022-11-25 11:19:20 - [TEST_STEP][PASSED] - delay(5): Delayed 5 second(s)

2022-11-25 11:19:25 - [MESSAGE][PASSED] - Delayed 5 second(s)

2022-11-25 11:19:25 - [TEST_STEP][PASSED] - scoring = sendRequest(findTestObject("EngineScore", ["response_searchME_kons":response_searchME_kons, "response_searchME_spouse":response_searchME_spouse])): Send request successfully

2022-11-25 11:19:25 - [MESSAGE][INFO] - HAR: D:\DMS\Engine Scoring\Reports\20221125_111232\Exclude KKB - DS - Married\Scoring Married - CS New\20221125_111233\requests\main\119.har

2022-11-25 11:19:25 - [MESSAGE][PASSED] - Send request successfully

2022-11-25 11:19:25 - [TEST_STEP][PASSED] - verifyResponseStatusCode(scoring, 200): Verify response status code successfully

2022-11-25 11:19:25 - [MESSAGE][PASSED] - Verify response status code successfully

2022-11-25 11:19:25 - [TEST_STEP][PASSED] - response2 = scoring.getResponseText(): null

2022-11-25 11:19:25 - [TEST_STEP][PASSED] - markPassed("result service data ke : " + no): result service data ke : 60

2022-11-25 11:19:25 - [MESSAGE][PASSED] - result service data ke : 60

2022-11-25 11:19:25 - [TEST_STEP][PASSED] - logInfo($response2): {"result_konsumen":"Reject","result_pasangan":"Reject","Final_result":"Reject","errorMessage":"","status":"Done"}

2022-11-25 11:19:25 - [MESSAGE][INFO] - {"result_konsumen":"Reject","result_pasangan":"Reject","Final_result":"Reject","errorMessage":"","status":"Done"}

2022-11-25 11:19:25 - [TEST_STEP][PASSED] - verifyElementPropertyValue(scoring, "Final_result", final_result): Verify element property value successfully

2022-11-25 11:19:25 - [MESSAGE][PASSED] - Verify element property value successfully]]></system-out>
         <system-err><![CDATA[]]></system-err>
      </testcase>
      <testcase name="Test Cases/Engine_Scoring/Engine Scoring" time="6.803" classname="Test Cases/Engine_Scoring/Engine Scoring" status="PASSED">
         <system-out><![CDATA[2022-11-25 11:19:25 - [TEST_CASE][PASSED] - Test Cases/Engine_Scoring/Engine Scoring: Test Cases/Engine_Scoring/Engine Scoring

2022-11-25 11:19:26 - [TEST_STEP][PASSED] - markPassed("Variasi data ke : " + no): Variasi data ke : 61

2022-11-25 11:19:26 - [MESSAGE][PASSED] - Variasi data ke : 61

2022-11-25 11:19:26 - [TEST_STEP][PASSED] - req_data = sendRequest(findTestObject("Search_ME", ["MID":MID, "source":source, "ip":ip, "userid":userid, "branch":branch, "tipekons":tipekons, "marital":marital, "penjamin":penjamin, ... ])): Send request successfully

2022-11-25 11:19:27 - [MESSAGE][INFO] - HAR: D:\DMS\Engine Scoring\Reports\20221125_111232\Exclude KKB - DS - Married\Scoring Married - CS New\20221125_111233\requests\main\120.har

2022-11-25 11:19:27 - [MESSAGE][PASSED] - Send request successfully

2022-11-25 11:19:27 - [TEST_STEP][PASSED] - slurper = new groovy.json.JsonSlurper(): null

2022-11-25 11:19:27 - [TEST_STEP][PASSED] - result = slurper.parseText(req_data.getResponseBodyContent()): null

2022-11-25 11:19:27 - [TEST_STEP][PASSED] - reqid_kons = requestid1: null

2022-11-25 11:19:27 - [TEST_STEP][PASSED] - reqid_spouse = requestid2: null

2022-11-25 11:19:27 - [TEST_STEP][PASSED] - println("requestid kons : " + reqid_kons): null

2022-11-25 11:19:27 - [TEST_STEP][PASSED] - response_searchME_kons = reqid_kons: null

2022-11-25 11:19:27 - [TEST_STEP][PASSED] - response_searchME_spouse = reqid_spouse: null

2022-11-25 11:19:27 - [TEST_STEP][PASSED] - println("kons req id is :" + response_searchME_kons): null

2022-11-25 11:19:27 - [TEST_STEP][PASSED] - println("spouse req id is : " + response_searchME_spouse): null

2022-11-25 11:19:27 - [TEST_STEP][PASSED] - verifyResponseStatusCode(req_data, 200): Verify response status code successfully

2022-11-25 11:19:27 - [MESSAGE][PASSED] - Verify response status code successfully

2022-11-25 11:19:27 - [TEST_STEP][PASSED] - response = req_data.getResponseText(): null

2022-11-25 11:19:27 - [TEST_STEP][PASSED] - logInfo($response): {"status":"Done","data":{"requestid1":"255879","requestid2":"255880"}}

2022-11-25 11:19:27 - [MESSAGE][INFO] - {"status":"Done","data":{"requestid1":"255879","requestid2":"255880"}}

2022-11-25 11:19:27 - [TEST_STEP][PASSED] - delay(5): Delayed 5 second(s)

2022-11-25 11:19:32 - [MESSAGE][PASSED] - Delayed 5 second(s)

2022-11-25 11:19:32 - [TEST_STEP][PASSED] - scoring = sendRequest(findTestObject("EngineScore", ["response_searchME_kons":response_searchME_kons, "response_searchME_spouse":response_searchME_spouse])): Send request successfully

2022-11-25 11:19:32 - [MESSAGE][INFO] - HAR: D:\DMS\Engine Scoring\Reports\20221125_111232\Exclude KKB - DS - Married\Scoring Married - CS New\20221125_111233\requests\main\121.har

2022-11-25 11:19:32 - [MESSAGE][PASSED] - Send request successfully

2022-11-25 11:19:32 - [TEST_STEP][PASSED] - verifyResponseStatusCode(scoring, 200): Verify response status code successfully

2022-11-25 11:19:32 - [MESSAGE][PASSED] - Verify response status code successfully

2022-11-25 11:19:32 - [TEST_STEP][PASSED] - response2 = scoring.getResponseText(): null

2022-11-25 11:19:32 - [TEST_STEP][PASSED] - markPassed("result service data ke : " + no): result service data ke : 61

2022-11-25 11:19:32 - [MESSAGE][PASSED] - result service data ke : 61

2022-11-25 11:19:32 - [TEST_STEP][PASSED] - logInfo($response2): {"result_konsumen":"Reject","result_pasangan":"Reject","Final_result":"Reject","errorMessage":"","status":"Done"}

2022-11-25 11:19:32 - [MESSAGE][INFO] - {"result_konsumen":"Reject","result_pasangan":"Reject","Final_result":"Reject","errorMessage":"","status":"Done"}

2022-11-25 11:19:32 - [TEST_STEP][PASSED] - verifyElementPropertyValue(scoring, "Final_result", final_result): Verify element property value successfully

2022-11-25 11:19:32 - [MESSAGE][PASSED] - Verify element property value successfully]]></system-out>
         <system-err><![CDATA[]]></system-err>
      </testcase>
      <testcase name="Test Cases/Engine_Scoring/Engine Scoring" time="6.692" classname="Test Cases/Engine_Scoring/Engine Scoring" status="PASSED">
         <system-out><![CDATA[2022-11-25 11:19:32 - [TEST_CASE][PASSED] - Test Cases/Engine_Scoring/Engine Scoring: Test Cases/Engine_Scoring/Engine Scoring

2022-11-25 11:19:33 - [TEST_STEP][PASSED] - markPassed("Variasi data ke : " + no): Variasi data ke : 62

2022-11-25 11:19:33 - [MESSAGE][PASSED] - Variasi data ke : 62

2022-11-25 11:19:33 - [TEST_STEP][PASSED] - req_data = sendRequest(findTestObject("Search_ME", ["MID":MID, "source":source, "ip":ip, "userid":userid, "branch":branch, "tipekons":tipekons, "marital":marital, "penjamin":penjamin, ... ])): Send request successfully

2022-11-25 11:19:33 - [MESSAGE][INFO] - HAR: D:\DMS\Engine Scoring\Reports\20221125_111232\Exclude KKB - DS - Married\Scoring Married - CS New\20221125_111233\requests\main\122.har

2022-11-25 11:19:33 - [MESSAGE][PASSED] - Send request successfully

2022-11-25 11:19:33 - [TEST_STEP][PASSED] - slurper = new groovy.json.JsonSlurper(): null

2022-11-25 11:19:33 - [TEST_STEP][PASSED] - result = slurper.parseText(req_data.getResponseBodyContent()): null

2022-11-25 11:19:33 - [TEST_STEP][PASSED] - reqid_kons = requestid1: null

2022-11-25 11:19:33 - [TEST_STEP][PASSED] - reqid_spouse = requestid2: null

2022-11-25 11:19:33 - [TEST_STEP][PASSED] - println("requestid kons : " + reqid_kons): null

2022-11-25 11:19:33 - [TEST_STEP][PASSED] - response_searchME_kons = reqid_kons: null

2022-11-25 11:19:33 - [TEST_STEP][PASSED] - response_searchME_spouse = reqid_spouse: null

2022-11-25 11:19:33 - [TEST_STEP][PASSED] - println("kons req id is :" + response_searchME_kons): null

2022-11-25 11:19:33 - [TEST_STEP][PASSED] - println("spouse req id is : " + response_searchME_spouse): null

2022-11-25 11:19:33 - [TEST_STEP][PASSED] - verifyResponseStatusCode(req_data, 200): Verify response status code successfully

2022-11-25 11:19:33 - [MESSAGE][PASSED] - Verify response status code successfully

2022-11-25 11:19:33 - [TEST_STEP][PASSED] - response = req_data.getResponseText(): null

2022-11-25 11:19:33 - [TEST_STEP][PASSED] - logInfo($response): {"status":"Done","data":{"requestid1":"255881","requestid2":"255882"}}

2022-11-25 11:19:33 - [MESSAGE][INFO] - {"status":"Done","data":{"requestid1":"255881","requestid2":"255882"}}

2022-11-25 11:19:33 - [TEST_STEP][PASSED] - delay(5): Delayed 5 second(s)

2022-11-25 11:19:38 - [MESSAGE][PASSED] - Delayed 5 second(s)

2022-11-25 11:19:38 - [TEST_STEP][PASSED] - scoring = sendRequest(findTestObject("EngineScore", ["response_searchME_kons":response_searchME_kons, "response_searchME_spouse":response_searchME_spouse])): Send request successfully

2022-11-25 11:19:38 - [MESSAGE][INFO] - HAR: D:\DMS\Engine Scoring\Reports\20221125_111232\Exclude KKB - DS - Married\Scoring Married - CS New\20221125_111233\requests\main\123.har

2022-11-25 11:19:38 - [MESSAGE][PASSED] - Send request successfully

2022-11-25 11:19:38 - [TEST_STEP][PASSED] - verifyResponseStatusCode(scoring, 200): Verify response status code successfully

2022-11-25 11:19:38 - [MESSAGE][PASSED] - Verify response status code successfully

2022-11-25 11:19:38 - [TEST_STEP][PASSED] - response2 = scoring.getResponseText(): null

2022-11-25 11:19:38 - [TEST_STEP][PASSED] - markPassed("result service data ke : " + no): result service data ke : 62

2022-11-25 11:19:38 - [MESSAGE][PASSED] - result service data ke : 62

2022-11-25 11:19:38 - [TEST_STEP][PASSED] - logInfo($response2): {"result_konsumen":"Reject","result_pasangan":"Reguler","Final_result":"Reject","errorMessage":"","status":"Done"}

2022-11-25 11:19:38 - [MESSAGE][INFO] - {"result_konsumen":"Reject","result_pasangan":"Reguler","Final_result":"Reject","errorMessage":"","status":"Done"}

2022-11-25 11:19:38 - [TEST_STEP][PASSED] - verifyElementPropertyValue(scoring, "Final_result", final_result): Verify element property value successfully

2022-11-25 11:19:38 - [MESSAGE][PASSED] - Verify element property value successfully]]></system-out>
         <system-err><![CDATA[]]></system-err>
      </testcase>
      <testcase name="Test Cases/Engine_Scoring/Engine Scoring" time="6.736" classname="Test Cases/Engine_Scoring/Engine Scoring" status="PASSED">
         <system-out><![CDATA[2022-11-25 11:19:39 - [TEST_CASE][PASSED] - Test Cases/Engine_Scoring/Engine Scoring: Test Cases/Engine_Scoring/Engine Scoring

2022-11-25 11:19:39 - [TEST_STEP][PASSED] - markPassed("Variasi data ke : " + no): Variasi data ke : 63

2022-11-25 11:19:39 - [MESSAGE][PASSED] - Variasi data ke : 63

2022-11-25 11:19:39 - [TEST_STEP][PASSED] - req_data = sendRequest(findTestObject("Search_ME", ["MID":MID, "source":source, "ip":ip, "userid":userid, "branch":branch, "tipekons":tipekons, "marital":marital, "penjamin":penjamin, ... ])): Send request successfully

2022-11-25 11:19:40 - [MESSAGE][INFO] - HAR: D:\DMS\Engine Scoring\Reports\20221125_111232\Exclude KKB - DS - Married\Scoring Married - CS New\20221125_111233\requests\main\124.har

2022-11-25 11:19:40 - [MESSAGE][PASSED] - Send request successfully

2022-11-25 11:19:40 - [TEST_STEP][PASSED] - slurper = new groovy.json.JsonSlurper(): null

2022-11-25 11:19:40 - [TEST_STEP][PASSED] - result = slurper.parseText(req_data.getResponseBodyContent()): null

2022-11-25 11:19:40 - [TEST_STEP][PASSED] - reqid_kons = requestid1: null

2022-11-25 11:19:40 - [TEST_STEP][PASSED] - reqid_spouse = requestid2: null

2022-11-25 11:19:40 - [TEST_STEP][PASSED] - println("requestid kons : " + reqid_kons): null

2022-11-25 11:19:40 - [TEST_STEP][PASSED] - response_searchME_kons = reqid_kons: null

2022-11-25 11:19:40 - [TEST_STEP][PASSED] - response_searchME_spouse = reqid_spouse: null

2022-11-25 11:19:40 - [TEST_STEP][PASSED] - println("kons req id is :" + response_searchME_kons): null

2022-11-25 11:19:40 - [TEST_STEP][PASSED] - println("spouse req id is : " + response_searchME_spouse): null

2022-11-25 11:19:40 - [TEST_STEP][PASSED] - verifyResponseStatusCode(req_data, 200): Verify response status code successfully

2022-11-25 11:19:40 - [MESSAGE][PASSED] - Verify response status code successfully

2022-11-25 11:19:40 - [TEST_STEP][PASSED] - response = req_data.getResponseText(): null

2022-11-25 11:19:40 - [TEST_STEP][PASSED] - logInfo($response): {"status":"Done","data":{"requestid1":"255883","requestid2":"255884"}}

2022-11-25 11:19:40 - [MESSAGE][INFO] - {"status":"Done","data":{"requestid1":"255883","requestid2":"255884"}}

2022-11-25 11:19:40 - [TEST_STEP][PASSED] - delay(5): Delayed 5 second(s)

2022-11-25 11:19:45 - [MESSAGE][PASSED] - Delayed 5 second(s)

2022-11-25 11:19:45 - [TEST_STEP][PASSED] - scoring = sendRequest(findTestObject("EngineScore", ["response_searchME_kons":response_searchME_kons, "response_searchME_spouse":response_searchME_spouse])): Send request successfully

2022-11-25 11:19:45 - [MESSAGE][INFO] - HAR: D:\DMS\Engine Scoring\Reports\20221125_111232\Exclude KKB - DS - Married\Scoring Married - CS New\20221125_111233\requests\main\125.har

2022-11-25 11:19:45 - [MESSAGE][PASSED] - Send request successfully

2022-11-25 11:19:45 - [TEST_STEP][PASSED] - verifyResponseStatusCode(scoring, 200): Verify response status code successfully

2022-11-25 11:19:45 - [MESSAGE][PASSED] - Verify response status code successfully

2022-11-25 11:19:45 - [TEST_STEP][PASSED] - response2 = scoring.getResponseText(): null

2022-11-25 11:19:45 - [TEST_STEP][PASSED] - markPassed("result service data ke : " + no): result service data ke : 63

2022-11-25 11:19:45 - [MESSAGE][PASSED] - result service data ke : 63

2022-11-25 11:19:45 - [TEST_STEP][PASSED] - logInfo($response2): {"result_konsumen":"Reject","result_pasangan":"Reguler","Final_result":"Reject","errorMessage":"","status":"Done"}

2022-11-25 11:19:45 - [MESSAGE][INFO] - {"result_konsumen":"Reject","result_pasangan":"Reguler","Final_result":"Reject","errorMessage":"","status":"Done"}

2022-11-25 11:19:45 - [TEST_STEP][PASSED] - verifyElementPropertyValue(scoring, "Final_result", final_result): Verify element property value successfully

2022-11-25 11:19:45 - [MESSAGE][PASSED] - Verify element property value successfully]]></system-out>
         <system-err><![CDATA[]]></system-err>
      </testcase>
      <testcase name="Test Cases/Engine_Scoring/Engine Scoring" time="6.705" classname="Test Cases/Engine_Scoring/Engine Scoring" status="PASSED">
         <system-out><![CDATA[2022-11-25 11:19:45 - [TEST_CASE][PASSED] - Test Cases/Engine_Scoring/Engine Scoring: Test Cases/Engine_Scoring/Engine Scoring

2022-11-25 11:19:46 - [TEST_STEP][PASSED] - markPassed("Variasi data ke : " + no): Variasi data ke : 64

2022-11-25 11:19:46 - [MESSAGE][PASSED] - Variasi data ke : 64

2022-11-25 11:19:46 - [TEST_STEP][PASSED] - req_data = sendRequest(findTestObject("Search_ME", ["MID":MID, "source":source, "ip":ip, "userid":userid, "branch":branch, "tipekons":tipekons, "marital":marital, "penjamin":penjamin, ... ])): Send request successfully

2022-11-25 11:19:47 - [MESSAGE][INFO] - HAR: D:\DMS\Engine Scoring\Reports\20221125_111232\Exclude KKB - DS - Married\Scoring Married - CS New\20221125_111233\requests\main\126.har

2022-11-25 11:19:47 - [MESSAGE][PASSED] - Send request successfully

2022-11-25 11:19:47 - [TEST_STEP][PASSED] - slurper = new groovy.json.JsonSlurper(): null

2022-11-25 11:19:47 - [TEST_STEP][PASSED] - result = slurper.parseText(req_data.getResponseBodyContent()): null

2022-11-25 11:19:47 - [TEST_STEP][PASSED] - reqid_kons = requestid1: null

2022-11-25 11:19:47 - [TEST_STEP][PASSED] - reqid_spouse = requestid2: null

2022-11-25 11:19:47 - [TEST_STEP][PASSED] - println("requestid kons : " + reqid_kons): null

2022-11-25 11:19:47 - [TEST_STEP][PASSED] - response_searchME_kons = reqid_kons: null

2022-11-25 11:19:47 - [TEST_STEP][PASSED] - response_searchME_spouse = reqid_spouse: null

2022-11-25 11:19:47 - [TEST_STEP][PASSED] - println("kons req id is :" + response_searchME_kons): null

2022-11-25 11:19:47 - [TEST_STEP][PASSED] - println("spouse req id is : " + response_searchME_spouse): null

2022-11-25 11:19:47 - [TEST_STEP][PASSED] - verifyResponseStatusCode(req_data, 200): Verify response status code successfully

2022-11-25 11:19:47 - [MESSAGE][PASSED] - Verify response status code successfully

2022-11-25 11:19:47 - [TEST_STEP][PASSED] - response = req_data.getResponseText(): null

2022-11-25 11:19:47 - [TEST_STEP][PASSED] - logInfo($response): {"status":"Done","data":{"requestid1":"255885","requestid2":"255886"}}

2022-11-25 11:19:47 - [MESSAGE][INFO] - {"status":"Done","data":{"requestid1":"255885","requestid2":"255886"}}

2022-11-25 11:19:47 - [TEST_STEP][PASSED] - delay(5): Delayed 5 second(s)

2022-11-25 11:19:52 - [MESSAGE][PASSED] - Delayed 5 second(s)

2022-11-25 11:19:52 - [TEST_STEP][PASSED] - scoring = sendRequest(findTestObject("EngineScore", ["response_searchME_kons":response_searchME_kons, "response_searchME_spouse":response_searchME_spouse])): Send request successfully

2022-11-25 11:19:52 - [MESSAGE][INFO] - HAR: D:\DMS\Engine Scoring\Reports\20221125_111232\Exclude KKB - DS - Married\Scoring Married - CS New\20221125_111233\requests\main\127.har

2022-11-25 11:19:52 - [MESSAGE][PASSED] - Send request successfully

2022-11-25 11:19:52 - [TEST_STEP][PASSED] - verifyResponseStatusCode(scoring, 200): Verify response status code successfully

2022-11-25 11:19:52 - [MESSAGE][PASSED] - Verify response status code successfully

2022-11-25 11:19:52 - [TEST_STEP][PASSED] - response2 = scoring.getResponseText(): null

2022-11-25 11:19:52 - [TEST_STEP][PASSED] - markPassed("result service data ke : " + no): result service data ke : 64

2022-11-25 11:19:52 - [MESSAGE][PASSED] - result service data ke : 64

2022-11-25 11:19:52 - [TEST_STEP][PASSED] - logInfo($response2): {"result_konsumen":"Reject","result_pasangan":"Reguler","Final_result":"Reject","errorMessage":"","status":"Done"}

2022-11-25 11:19:52 - [MESSAGE][INFO] - {"result_konsumen":"Reject","result_pasangan":"Reguler","Final_result":"Reject","errorMessage":"","status":"Done"}

2022-11-25 11:19:52 - [TEST_STEP][PASSED] - verifyElementPropertyValue(scoring, "Final_result", final_result): Verify element property value successfully

2022-11-25 11:19:52 - [MESSAGE][PASSED] - Verify element property value successfully]]></system-out>
         <system-err><![CDATA[]]></system-err>
      </testcase>
      <testcase name="Test Cases/Engine_Scoring/Engine Scoring" time="6.724" classname="Test Cases/Engine_Scoring/Engine Scoring" status="PASSED">
         <system-out><![CDATA[2022-11-25 11:19:52 - [TEST_CASE][PASSED] - Test Cases/Engine_Scoring/Engine Scoring: Test Cases/Engine_Scoring/Engine Scoring

2022-11-25 11:19:53 - [TEST_STEP][PASSED] - markPassed("Variasi data ke : " + no): Variasi data ke : 65

2022-11-25 11:19:53 - [MESSAGE][PASSED] - Variasi data ke : 65

2022-11-25 11:19:53 - [TEST_STEP][PASSED] - req_data = sendRequest(findTestObject("Search_ME", ["MID":MID, "source":source, "ip":ip, "userid":userid, "branch":branch, "tipekons":tipekons, "marital":marital, "penjamin":penjamin, ... ])): Send request successfully

2022-11-25 11:19:54 - [MESSAGE][INFO] - HAR: D:\DMS\Engine Scoring\Reports\20221125_111232\Exclude KKB - DS - Married\Scoring Married - CS New\20221125_111233\requests\main\128.har

2022-11-25 11:19:54 - [MESSAGE][PASSED] - Send request successfully

2022-11-25 11:19:54 - [TEST_STEP][PASSED] - slurper = new groovy.json.JsonSlurper(): null

2022-11-25 11:19:54 - [TEST_STEP][PASSED] - result = slurper.parseText(req_data.getResponseBodyContent()): null

2022-11-25 11:19:54 - [TEST_STEP][PASSED] - reqid_kons = requestid1: null

2022-11-25 11:19:54 - [TEST_STEP][PASSED] - reqid_spouse = requestid2: null

2022-11-25 11:19:54 - [TEST_STEP][PASSED] - println("requestid kons : " + reqid_kons): null

2022-11-25 11:19:54 - [TEST_STEP][PASSED] - response_searchME_kons = reqid_kons: null

2022-11-25 11:19:54 - [TEST_STEP][PASSED] - response_searchME_spouse = reqid_spouse: null

2022-11-25 11:19:54 - [TEST_STEP][PASSED] - println("kons req id is :" + response_searchME_kons): null

2022-11-25 11:19:54 - [TEST_STEP][PASSED] - println("spouse req id is : " + response_searchME_spouse): null

2022-11-25 11:19:54 - [TEST_STEP][PASSED] - verifyResponseStatusCode(req_data, 200): Verify response status code successfully

2022-11-25 11:19:54 - [MESSAGE][PASSED] - Verify response status code successfully

2022-11-25 11:19:54 - [TEST_STEP][PASSED] - response = req_data.getResponseText(): null

2022-11-25 11:19:54 - [TEST_STEP][PASSED] - logInfo($response): {"status":"Done","data":{"requestid1":"255887","requestid2":"255888"}}

2022-11-25 11:19:54 - [MESSAGE][INFO] - {"status":"Done","data":{"requestid1":"255887","requestid2":"255888"}}

2022-11-25 11:19:54 - [TEST_STEP][PASSED] - delay(5): Delayed 5 second(s)

2022-11-25 11:19:59 - [MESSAGE][PASSED] - Delayed 5 second(s)

2022-11-25 11:19:59 - [TEST_STEP][PASSED] - scoring = sendRequest(findTestObject("EngineScore", ["response_searchME_kons":response_searchME_kons, "response_searchME_spouse":response_searchME_spouse])): Send request successfully

2022-11-25 11:19:59 - [MESSAGE][INFO] - HAR: D:\DMS\Engine Scoring\Reports\20221125_111232\Exclude KKB - DS - Married\Scoring Married - CS New\20221125_111233\requests\main\129.har

2022-11-25 11:19:59 - [MESSAGE][PASSED] - Send request successfully

2022-11-25 11:19:59 - [TEST_STEP][PASSED] - verifyResponseStatusCode(scoring, 200): Verify response status code successfully

2022-11-25 11:19:59 - [MESSAGE][PASSED] - Verify response status code successfully

2022-11-25 11:19:59 - [TEST_STEP][PASSED] - response2 = scoring.getResponseText(): null

2022-11-25 11:19:59 - [TEST_STEP][PASSED] - markPassed("result service data ke : " + no): result service data ke : 65

2022-11-25 11:19:59 - [MESSAGE][PASSED] - result service data ke : 65

2022-11-25 11:19:59 - [TEST_STEP][PASSED] - logInfo($response2): {"result_konsumen":"Reject","result_pasangan":"Reguler","Final_result":"Reject","errorMessage":"","status":"Done"}

2022-11-25 11:19:59 - [MESSAGE][INFO] - {"result_konsumen":"Reject","result_pasangan":"Reguler","Final_result":"Reject","errorMessage":"","status":"Done"}

2022-11-25 11:19:59 - [TEST_STEP][PASSED] - verifyElementPropertyValue(scoring, "Final_result", final_result): Verify element property value successfully

2022-11-25 11:19:59 - [MESSAGE][PASSED] - Verify element property value successfully]]></system-out>
         <system-err><![CDATA[]]></system-err>
      </testcase>
      <testcase name="Test Cases/Engine_Scoring/Engine Scoring" time="6.763" classname="Test Cases/Engine_Scoring/Engine Scoring" status="PASSED">
         <system-out><![CDATA[2022-11-25 11:19:59 - [TEST_CASE][PASSED] - Test Cases/Engine_Scoring/Engine Scoring: Test Cases/Engine_Scoring/Engine Scoring

2022-11-25 11:20:00 - [TEST_STEP][PASSED] - markPassed("Variasi data ke : " + no): Variasi data ke : 66

2022-11-25 11:20:00 - [MESSAGE][PASSED] - Variasi data ke : 66

2022-11-25 11:20:00 - [TEST_STEP][PASSED] - req_data = sendRequest(findTestObject("Search_ME", ["MID":MID, "source":source, "ip":ip, "userid":userid, "branch":branch, "tipekons":tipekons, "marital":marital, "penjamin":penjamin, ... ])): Send request successfully

2022-11-25 11:20:01 - [MESSAGE][INFO] - HAR: D:\DMS\Engine Scoring\Reports\20221125_111232\Exclude KKB - DS - Married\Scoring Married - CS New\20221125_111233\requests\main\130.har

2022-11-25 11:20:01 - [MESSAGE][PASSED] - Send request successfully

2022-11-25 11:20:01 - [TEST_STEP][PASSED] - slurper = new groovy.json.JsonSlurper(): null

2022-11-25 11:20:01 - [TEST_STEP][PASSED] - result = slurper.parseText(req_data.getResponseBodyContent()): null

2022-11-25 11:20:01 - [TEST_STEP][PASSED] - reqid_kons = requestid1: null

2022-11-25 11:20:01 - [TEST_STEP][PASSED] - reqid_spouse = requestid2: null

2022-11-25 11:20:01 - [TEST_STEP][PASSED] - println("requestid kons : " + reqid_kons): null

2022-11-25 11:20:01 - [TEST_STEP][PASSED] - response_searchME_kons = reqid_kons: null

2022-11-25 11:20:01 - [TEST_STEP][PASSED] - response_searchME_spouse = reqid_spouse: null

2022-11-25 11:20:01 - [TEST_STEP][PASSED] - println("kons req id is :" + response_searchME_kons): null

2022-11-25 11:20:01 - [TEST_STEP][PASSED] - println("spouse req id is : " + response_searchME_spouse): null

2022-11-25 11:20:01 - [TEST_STEP][PASSED] - verifyResponseStatusCode(req_data, 200): Verify response status code successfully

2022-11-25 11:20:01 - [MESSAGE][PASSED] - Verify response status code successfully

2022-11-25 11:20:01 - [TEST_STEP][PASSED] - response = req_data.getResponseText(): null

2022-11-25 11:20:01 - [TEST_STEP][PASSED] - logInfo($response): {"status":"Done","data":{"requestid1":"255889","requestid2":"255890"}}

2022-11-25 11:20:01 - [MESSAGE][INFO] - {"status":"Done","data":{"requestid1":"255889","requestid2":"255890"}}

2022-11-25 11:20:01 - [TEST_STEP][PASSED] - delay(5): Delayed 5 second(s)

2022-11-25 11:20:06 - [MESSAGE][PASSED] - Delayed 5 second(s)

2022-11-25 11:20:06 - [TEST_STEP][PASSED] - scoring = sendRequest(findTestObject("EngineScore", ["response_searchME_kons":response_searchME_kons, "response_searchME_spouse":response_searchME_spouse])): Send request successfully

2022-11-25 11:20:06 - [MESSAGE][INFO] - HAR: D:\DMS\Engine Scoring\Reports\20221125_111232\Exclude KKB - DS - Married\Scoring Married - CS New\20221125_111233\requests\main\131.har

2022-11-25 11:20:06 - [MESSAGE][PASSED] - Send request successfully

2022-11-25 11:20:06 - [TEST_STEP][PASSED] - verifyResponseStatusCode(scoring, 200): Verify response status code successfully

2022-11-25 11:20:06 - [MESSAGE][PASSED] - Verify response status code successfully

2022-11-25 11:20:06 - [TEST_STEP][PASSED] - response2 = scoring.getResponseText(): null

2022-11-25 11:20:06 - [TEST_STEP][PASSED] - markPassed("result service data ke : " + no): result service data ke : 66

2022-11-25 11:20:06 - [MESSAGE][PASSED] - result service data ke : 66

2022-11-25 11:20:06 - [TEST_STEP][PASSED] - logInfo($response2): {"result_konsumen":"Reject","result_pasangan":"Reguler","Final_result":"Reject","errorMessage":"","status":"Done"}

2022-11-25 11:20:06 - [MESSAGE][INFO] - {"result_konsumen":"Reject","result_pasangan":"Reguler","Final_result":"Reject","errorMessage":"","status":"Done"}

2022-11-25 11:20:06 - [TEST_STEP][PASSED] - verifyElementPropertyValue(scoring, "Final_result", final_result): Verify element property value successfully

2022-11-25 11:20:06 - [MESSAGE][PASSED] - Verify element property value successfully]]></system-out>
         <system-err><![CDATA[]]></system-err>
      </testcase>
      <testcase name="Test Cases/Engine_Scoring/Engine Scoring" time="6.817" classname="Test Cases/Engine_Scoring/Engine Scoring" status="PASSED">
         <system-out><![CDATA[2022-11-25 11:20:06 - [TEST_CASE][PASSED] - Test Cases/Engine_Scoring/Engine Scoring: Test Cases/Engine_Scoring/Engine Scoring

2022-11-25 11:20:07 - [TEST_STEP][PASSED] - markPassed("Variasi data ke : " + no): Variasi data ke : 67

2022-11-25 11:20:07 - [MESSAGE][PASSED] - Variasi data ke : 67

2022-11-25 11:20:07 - [TEST_STEP][PASSED] - req_data = sendRequest(findTestObject("Search_ME", ["MID":MID, "source":source, "ip":ip, "userid":userid, "branch":branch, "tipekons":tipekons, "marital":marital, "penjamin":penjamin, ... ])): Send request successfully

2022-11-25 11:20:07 - [MESSAGE][INFO] - HAR: D:\DMS\Engine Scoring\Reports\20221125_111232\Exclude KKB - DS - Married\Scoring Married - CS New\20221125_111233\requests\main\132.har

2022-11-25 11:20:07 - [MESSAGE][PASSED] - Send request successfully

2022-11-25 11:20:07 - [TEST_STEP][PASSED] - slurper = new groovy.json.JsonSlurper(): null

2022-11-25 11:20:07 - [TEST_STEP][PASSED] - result = slurper.parseText(req_data.getResponseBodyContent()): null

2022-11-25 11:20:07 - [TEST_STEP][PASSED] - reqid_kons = requestid1: null

2022-11-25 11:20:07 - [TEST_STEP][PASSED] - reqid_spouse = requestid2: null

2022-11-25 11:20:07 - [TEST_STEP][PASSED] - println("requestid kons : " + reqid_kons): null

2022-11-25 11:20:07 - [TEST_STEP][PASSED] - response_searchME_kons = reqid_kons: null

2022-11-25 11:20:07 - [TEST_STEP][PASSED] - response_searchME_spouse = reqid_spouse: null

2022-11-25 11:20:07 - [TEST_STEP][PASSED] - println("kons req id is :" + response_searchME_kons): null

2022-11-25 11:20:07 - [TEST_STEP][PASSED] - println("spouse req id is : " + response_searchME_spouse): null

2022-11-25 11:20:07 - [TEST_STEP][PASSED] - verifyResponseStatusCode(req_data, 200): Verify response status code successfully

2022-11-25 11:20:07 - [MESSAGE][PASSED] - Verify response status code successfully

2022-11-25 11:20:07 - [TEST_STEP][PASSED] - response = req_data.getResponseText(): null

2022-11-25 11:20:07 - [TEST_STEP][PASSED] - logInfo($response): {"status":"Done","data":{"requestid1":"255891","requestid2":"255892"}}

2022-11-25 11:20:07 - [MESSAGE][INFO] - {"status":"Done","data":{"requestid1":"255891","requestid2":"255892"}}

2022-11-25 11:20:07 - [TEST_STEP][PASSED] - delay(5): Delayed 5 second(s)

2022-11-25 11:20:12 - [MESSAGE][PASSED] - Delayed 5 second(s)

2022-11-25 11:20:12 - [TEST_STEP][PASSED] - scoring = sendRequest(findTestObject("EngineScore", ["response_searchME_kons":response_searchME_kons, "response_searchME_spouse":response_searchME_spouse])): Send request successfully

2022-11-25 11:20:13 - [MESSAGE][INFO] - HAR: D:\DMS\Engine Scoring\Reports\20221125_111232\Exclude KKB - DS - Married\Scoring Married - CS New\20221125_111233\requests\main\133.har

2022-11-25 11:20:13 - [MESSAGE][PASSED] - Send request successfully

2022-11-25 11:20:13 - [TEST_STEP][PASSED] - verifyResponseStatusCode(scoring, 200): Verify response status code successfully

2022-11-25 11:20:13 - [MESSAGE][PASSED] - Verify response status code successfully

2022-11-25 11:20:13 - [TEST_STEP][PASSED] - response2 = scoring.getResponseText(): null

2022-11-25 11:20:13 - [TEST_STEP][PASSED] - markPassed("result service data ke : " + no): result service data ke : 67

2022-11-25 11:20:13 - [MESSAGE][PASSED] - result service data ke : 67

2022-11-25 11:20:13 - [TEST_STEP][PASSED] - logInfo($response2): {"result_konsumen":"Reject","result_pasangan":"Reguler","Final_result":"Reject","errorMessage":"","status":"Done"}

2022-11-25 11:20:13 - [MESSAGE][INFO] - {"result_konsumen":"Reject","result_pasangan":"Reguler","Final_result":"Reject","errorMessage":"","status":"Done"}

2022-11-25 11:20:13 - [TEST_STEP][PASSED] - verifyElementPropertyValue(scoring, "Final_result", final_result): Verify element property value successfully

2022-11-25 11:20:13 - [MESSAGE][PASSED] - Verify element property value successfully]]></system-out>
         <system-err><![CDATA[]]></system-err>
      </testcase>
      <testcase name="Test Cases/Engine_Scoring/Engine Scoring" time="6.735" classname="Test Cases/Engine_Scoring/Engine Scoring" status="PASSED">
         <system-out><![CDATA[2022-11-25 11:20:13 - [TEST_CASE][PASSED] - Test Cases/Engine_Scoring/Engine Scoring: Test Cases/Engine_Scoring/Engine Scoring

2022-11-25 11:20:13 - [TEST_STEP][PASSED] - markPassed("Variasi data ke : " + no): Variasi data ke : 68

2022-11-25 11:20:13 - [MESSAGE][PASSED] - Variasi data ke : 68

2022-11-25 11:20:13 - [TEST_STEP][PASSED] - req_data = sendRequest(findTestObject("Search_ME", ["MID":MID, "source":source, "ip":ip, "userid":userid, "branch":branch, "tipekons":tipekons, "marital":marital, "penjamin":penjamin, ... ])): Send request successfully

2022-11-25 11:20:14 - [MESSAGE][INFO] - HAR: D:\DMS\Engine Scoring\Reports\20221125_111232\Exclude KKB - DS - Married\Scoring Married - CS New\20221125_111233\requests\main\134.har

2022-11-25 11:20:14 - [MESSAGE][PASSED] - Send request successfully

2022-11-25 11:20:14 - [TEST_STEP][PASSED] - slurper = new groovy.json.JsonSlurper(): null

2022-11-25 11:20:14 - [TEST_STEP][PASSED] - result = slurper.parseText(req_data.getResponseBodyContent()): null

2022-11-25 11:20:14 - [TEST_STEP][PASSED] - reqid_kons = requestid1: null

2022-11-25 11:20:14 - [TEST_STEP][PASSED] - reqid_spouse = requestid2: null

2022-11-25 11:20:14 - [TEST_STEP][PASSED] - println("requestid kons : " + reqid_kons): null

2022-11-25 11:20:14 - [TEST_STEP][PASSED] - response_searchME_kons = reqid_kons: null

2022-11-25 11:20:14 - [TEST_STEP][PASSED] - response_searchME_spouse = reqid_spouse: null

2022-11-25 11:20:14 - [TEST_STEP][PASSED] - println("kons req id is :" + response_searchME_kons): null

2022-11-25 11:20:14 - [TEST_STEP][PASSED] - println("spouse req id is : " + response_searchME_spouse): null

2022-11-25 11:20:14 - [TEST_STEP][PASSED] - verifyResponseStatusCode(req_data, 200): Verify response status code successfully

2022-11-25 11:20:14 - [MESSAGE][PASSED] - Verify response status code successfully

2022-11-25 11:20:14 - [TEST_STEP][PASSED] - response = req_data.getResponseText(): null

2022-11-25 11:20:14 - [TEST_STEP][PASSED] - logInfo($response): {"status":"Done","data":{"requestid1":"255893","requestid2":"255894"}}

2022-11-25 11:20:14 - [MESSAGE][INFO] - {"status":"Done","data":{"requestid1":"255893","requestid2":"255894"}}

2022-11-25 11:20:14 - [TEST_STEP][PASSED] - delay(5): Delayed 5 second(s)

2022-11-25 11:20:19 - [MESSAGE][PASSED] - Delayed 5 second(s)

2022-11-25 11:20:19 - [TEST_STEP][PASSED] - scoring = sendRequest(findTestObject("EngineScore", ["response_searchME_kons":response_searchME_kons, "response_searchME_spouse":response_searchME_spouse])): Send request successfully

2022-11-25 11:20:19 - [MESSAGE][INFO] - HAR: D:\DMS\Engine Scoring\Reports\20221125_111232\Exclude KKB - DS - Married\Scoring Married - CS New\20221125_111233\requests\main\135.har

2022-11-25 11:20:19 - [MESSAGE][PASSED] - Send request successfully

2022-11-25 11:20:19 - [TEST_STEP][PASSED] - verifyResponseStatusCode(scoring, 200): Verify response status code successfully

2022-11-25 11:20:19 - [MESSAGE][PASSED] - Verify response status code successfully

2022-11-25 11:20:19 - [TEST_STEP][PASSED] - response2 = scoring.getResponseText(): null

2022-11-25 11:20:19 - [TEST_STEP][PASSED] - markPassed("result service data ke : " + no): result service data ke : 68

2022-11-25 11:20:19 - [MESSAGE][PASSED] - result service data ke : 68

2022-11-25 11:20:19 - [TEST_STEP][PASSED] - logInfo($response2): {"result_konsumen":"Reject","result_pasangan":"Reject","Final_result":"Reject","errorMessage":"","status":"Done"}

2022-11-25 11:20:19 - [MESSAGE][INFO] - {"result_konsumen":"Reject","result_pasangan":"Reject","Final_result":"Reject","errorMessage":"","status":"Done"}

2022-11-25 11:20:19 - [TEST_STEP][PASSED] - verifyElementPropertyValue(scoring, "Final_result", final_result): Verify element property value successfully

2022-11-25 11:20:19 - [MESSAGE][PASSED] - Verify element property value successfully]]></system-out>
         <system-err><![CDATA[]]></system-err>
      </testcase>
      <testcase name="Test Cases/Engine_Scoring/Engine Scoring" time="6.699" classname="Test Cases/Engine_Scoring/Engine Scoring" status="PASSED">
         <system-out><![CDATA[2022-11-25 11:20:19 - [TEST_CASE][PASSED] - Test Cases/Engine_Scoring/Engine Scoring: Test Cases/Engine_Scoring/Engine Scoring

2022-11-25 11:20:20 - [TEST_STEP][PASSED] - markPassed("Variasi data ke : " + no): Variasi data ke : 69

2022-11-25 11:20:20 - [MESSAGE][PASSED] - Variasi data ke : 69

2022-11-25 11:20:20 - [TEST_STEP][PASSED] - req_data = sendRequest(findTestObject("Search_ME", ["MID":MID, "source":source, "ip":ip, "userid":userid, "branch":branch, "tipekons":tipekons, "marital":marital, "penjamin":penjamin, ... ])): Send request successfully

2022-11-25 11:20:21 - [MESSAGE][INFO] - HAR: D:\DMS\Engine Scoring\Reports\20221125_111232\Exclude KKB - DS - Married\Scoring Married - CS New\20221125_111233\requests\main\136.har

2022-11-25 11:20:21 - [MESSAGE][PASSED] - Send request successfully

2022-11-25 11:20:21 - [TEST_STEP][PASSED] - slurper = new groovy.json.JsonSlurper(): null

2022-11-25 11:20:21 - [TEST_STEP][PASSED] - result = slurper.parseText(req_data.getResponseBodyContent()): null

2022-11-25 11:20:21 - [TEST_STEP][PASSED] - reqid_kons = requestid1: null

2022-11-25 11:20:21 - [TEST_STEP][PASSED] - reqid_spouse = requestid2: null

2022-11-25 11:20:21 - [TEST_STEP][PASSED] - println("requestid kons : " + reqid_kons): null

2022-11-25 11:20:21 - [TEST_STEP][PASSED] - response_searchME_kons = reqid_kons: null

2022-11-25 11:20:21 - [TEST_STEP][PASSED] - response_searchME_spouse = reqid_spouse: null

2022-11-25 11:20:21 - [TEST_STEP][PASSED] - println("kons req id is :" + response_searchME_kons): null

2022-11-25 11:20:21 - [TEST_STEP][PASSED] - println("spouse req id is : " + response_searchME_spouse): null

2022-11-25 11:20:21 - [TEST_STEP][PASSED] - verifyResponseStatusCode(req_data, 200): Verify response status code successfully

2022-11-25 11:20:21 - [MESSAGE][PASSED] - Verify response status code successfully

2022-11-25 11:20:21 - [TEST_STEP][PASSED] - response = req_data.getResponseText(): null

2022-11-25 11:20:21 - [TEST_STEP][PASSED] - logInfo($response): {"status":"Done","data":{"requestid1":"255895","requestid2":"255896"}}

2022-11-25 11:20:21 - [MESSAGE][INFO] - {"status":"Done","data":{"requestid1":"255895","requestid2":"255896"}}

2022-11-25 11:20:21 - [TEST_STEP][PASSED] - delay(5): Delayed 5 second(s)

2022-11-25 11:20:26 - [MESSAGE][PASSED] - Delayed 5 second(s)

2022-11-25 11:20:26 - [TEST_STEP][PASSED] - scoring = sendRequest(findTestObject("EngineScore", ["response_searchME_kons":response_searchME_kons, "response_searchME_spouse":response_searchME_spouse])): Send request successfully

2022-11-25 11:20:26 - [MESSAGE][INFO] - HAR: D:\DMS\Engine Scoring\Reports\20221125_111232\Exclude KKB - DS - Married\Scoring Married - CS New\20221125_111233\requests\main\137.har

2022-11-25 11:20:26 - [MESSAGE][PASSED] - Send request successfully

2022-11-25 11:20:26 - [TEST_STEP][PASSED] - verifyResponseStatusCode(scoring, 200): Verify response status code successfully

2022-11-25 11:20:26 - [MESSAGE][PASSED] - Verify response status code successfully

2022-11-25 11:20:26 - [TEST_STEP][PASSED] - response2 = scoring.getResponseText(): null

2022-11-25 11:20:26 - [TEST_STEP][PASSED] - markPassed("result service data ke : " + no): result service data ke : 69

2022-11-25 11:20:26 - [MESSAGE][PASSED] - result service data ke : 69

2022-11-25 11:20:26 - [TEST_STEP][PASSED] - logInfo($response2): {"result_konsumen":"Reject","result_pasangan":"Reject","Final_result":"Reject","errorMessage":"","status":"Done"}

2022-11-25 11:20:26 - [MESSAGE][INFO] - {"result_konsumen":"Reject","result_pasangan":"Reject","Final_result":"Reject","errorMessage":"","status":"Done"}

2022-11-25 11:20:26 - [TEST_STEP][PASSED] - verifyElementPropertyValue(scoring, "Final_result", final_result): Verify element property value successfully

2022-11-25 11:20:26 - [MESSAGE][PASSED] - Verify element property value successfully]]></system-out>
         <system-err><![CDATA[]]></system-err>
      </testcase>
      <testcase name="Test Cases/Engine_Scoring/Engine Scoring" time="6.717" classname="Test Cases/Engine_Scoring/Engine Scoring" status="PASSED">
         <system-out><![CDATA[2022-11-25 11:20:26 - [TEST_CASE][PASSED] - Test Cases/Engine_Scoring/Engine Scoring: Test Cases/Engine_Scoring/Engine Scoring

2022-11-25 11:20:27 - [TEST_STEP][PASSED] - markPassed("Variasi data ke : " + no): Variasi data ke : 70

2022-11-25 11:20:27 - [MESSAGE][PASSED] - Variasi data ke : 70

2022-11-25 11:20:27 - [TEST_STEP][PASSED] - req_data = sendRequest(findTestObject("Search_ME", ["MID":MID, "source":source, "ip":ip, "userid":userid, "branch":branch, "tipekons":tipekons, "marital":marital, "penjamin":penjamin, ... ])): Send request successfully

2022-11-25 11:20:28 - [MESSAGE][INFO] - HAR: D:\DMS\Engine Scoring\Reports\20221125_111232\Exclude KKB - DS - Married\Scoring Married - CS New\20221125_111233\requests\main\138.har

2022-11-25 11:20:28 - [MESSAGE][PASSED] - Send request successfully

2022-11-25 11:20:28 - [TEST_STEP][PASSED] - slurper = new groovy.json.JsonSlurper(): null

2022-11-25 11:20:28 - [TEST_STEP][PASSED] - result = slurper.parseText(req_data.getResponseBodyContent()): null

2022-11-25 11:20:28 - [TEST_STEP][PASSED] - reqid_kons = requestid1: null

2022-11-25 11:20:28 - [TEST_STEP][PASSED] - reqid_spouse = requestid2: null

2022-11-25 11:20:28 - [TEST_STEP][PASSED] - println("requestid kons : " + reqid_kons): null

2022-11-25 11:20:28 - [TEST_STEP][PASSED] - response_searchME_kons = reqid_kons: null

2022-11-25 11:20:28 - [TEST_STEP][PASSED] - response_searchME_spouse = reqid_spouse: null

2022-11-25 11:20:28 - [TEST_STEP][PASSED] - println("kons req id is :" + response_searchME_kons): null

2022-11-25 11:20:28 - [TEST_STEP][PASSED] - println("spouse req id is : " + response_searchME_spouse): null

2022-11-25 11:20:28 - [TEST_STEP][PASSED] - verifyResponseStatusCode(req_data, 200): Verify response status code successfully

2022-11-25 11:20:28 - [MESSAGE][PASSED] - Verify response status code successfully

2022-11-25 11:20:28 - [TEST_STEP][PASSED] - response = req_data.getResponseText(): null

2022-11-25 11:20:28 - [TEST_STEP][PASSED] - logInfo($response): {"status":"Done","data":{"requestid1":"255897","requestid2":"255898"}}

2022-11-25 11:20:28 - [MESSAGE][INFO] - {"status":"Done","data":{"requestid1":"255897","requestid2":"255898"}}

2022-11-25 11:20:28 - [TEST_STEP][PASSED] - delay(5): Delayed 5 second(s)

2022-11-25 11:20:33 - [MESSAGE][PASSED] - Delayed 5 second(s)

2022-11-25 11:20:33 - [TEST_STEP][PASSED] - scoring = sendRequest(findTestObject("EngineScore", ["response_searchME_kons":response_searchME_kons, "response_searchME_spouse":response_searchME_spouse])): Send request successfully

2022-11-25 11:20:33 - [MESSAGE][INFO] - HAR: D:\DMS\Engine Scoring\Reports\20221125_111232\Exclude KKB - DS - Married\Scoring Married - CS New\20221125_111233\requests\main\139.har

2022-11-25 11:20:33 - [MESSAGE][PASSED] - Send request successfully

2022-11-25 11:20:33 - [TEST_STEP][PASSED] - verifyResponseStatusCode(scoring, 200): Verify response status code successfully

2022-11-25 11:20:33 - [MESSAGE][PASSED] - Verify response status code successfully

2022-11-25 11:20:33 - [TEST_STEP][PASSED] - response2 = scoring.getResponseText(): null

2022-11-25 11:20:33 - [TEST_STEP][PASSED] - markPassed("result service data ke : " + no): result service data ke : 70

2022-11-25 11:20:33 - [MESSAGE][PASSED] - result service data ke : 70

2022-11-25 11:20:33 - [TEST_STEP][PASSED] - logInfo($response2): {"result_konsumen":"Reject","result_pasangan":"Reject","Final_result":"Reject","errorMessage":"","status":"Done"}

2022-11-25 11:20:33 - [MESSAGE][INFO] - {"result_konsumen":"Reject","result_pasangan":"Reject","Final_result":"Reject","errorMessage":"","status":"Done"}

2022-11-25 11:20:33 - [TEST_STEP][PASSED] - verifyElementPropertyValue(scoring, "Final_result", final_result): Verify element property value successfully

2022-11-25 11:20:33 - [MESSAGE][PASSED] - Verify element property value successfully]]></system-out>
         <system-err><![CDATA[]]></system-err>
      </testcase>
      <testcase name="Test Cases/Engine_Scoring/Engine Scoring" time="6.915" classname="Test Cases/Engine_Scoring/Engine Scoring" status="PASSED">
         <system-out><![CDATA[2022-11-25 11:20:33 - [TEST_CASE][PASSED] - Test Cases/Engine_Scoring/Engine Scoring: Test Cases/Engine_Scoring/Engine Scoring

2022-11-25 11:20:34 - [TEST_STEP][PASSED] - markPassed("Variasi data ke : " + no): Variasi data ke : 71

2022-11-25 11:20:34 - [MESSAGE][PASSED] - Variasi data ke : 71

2022-11-25 11:20:34 - [TEST_STEP][PASSED] - req_data = sendRequest(findTestObject("Search_ME", ["MID":MID, "source":source, "ip":ip, "userid":userid, "branch":branch, "tipekons":tipekons, "marital":marital, "penjamin":penjamin, ... ])): Send request successfully

2022-11-25 11:20:35 - [MESSAGE][INFO] - HAR: D:\DMS\Engine Scoring\Reports\20221125_111232\Exclude KKB - DS - Married\Scoring Married - CS New\20221125_111233\requests\main\140.har

2022-11-25 11:20:35 - [MESSAGE][PASSED] - Send request successfully

2022-11-25 11:20:35 - [TEST_STEP][PASSED] - slurper = new groovy.json.JsonSlurper(): null

2022-11-25 11:20:35 - [TEST_STEP][PASSED] - result = slurper.parseText(req_data.getResponseBodyContent()): null

2022-11-25 11:20:35 - [TEST_STEP][PASSED] - reqid_kons = requestid1: null

2022-11-25 11:20:35 - [TEST_STEP][PASSED] - reqid_spouse = requestid2: null

2022-11-25 11:20:35 - [TEST_STEP][PASSED] - println("requestid kons : " + reqid_kons): null

2022-11-25 11:20:35 - [TEST_STEP][PASSED] - response_searchME_kons = reqid_kons: null

2022-11-25 11:20:35 - [TEST_STEP][PASSED] - response_searchME_spouse = reqid_spouse: null

2022-11-25 11:20:35 - [TEST_STEP][PASSED] - println("kons req id is :" + response_searchME_kons): null

2022-11-25 11:20:35 - [TEST_STEP][PASSED] - println("spouse req id is : " + response_searchME_spouse): null

2022-11-25 11:20:35 - [TEST_STEP][PASSED] - verifyResponseStatusCode(req_data, 200): Verify response status code successfully

2022-11-25 11:20:35 - [MESSAGE][PASSED] - Verify response status code successfully

2022-11-25 11:20:35 - [TEST_STEP][PASSED] - response = req_data.getResponseText(): null

2022-11-25 11:20:35 - [TEST_STEP][PASSED] - logInfo($response): {"status":"Done","data":{"requestid1":"255899","requestid2":"255900"}}

2022-11-25 11:20:35 - [MESSAGE][INFO] - {"status":"Done","data":{"requestid1":"255899","requestid2":"255900"}}

2022-11-25 11:20:35 - [TEST_STEP][PASSED] - delay(5): Delayed 5 second(s)

2022-11-25 11:20:40 - [MESSAGE][PASSED] - Delayed 5 second(s)

2022-11-25 11:20:40 - [TEST_STEP][PASSED] - scoring = sendRequest(findTestObject("EngineScore", ["response_searchME_kons":response_searchME_kons, "response_searchME_spouse":response_searchME_spouse])): Send request successfully

2022-11-25 11:20:40 - [MESSAGE][INFO] - HAR: D:\DMS\Engine Scoring\Reports\20221125_111232\Exclude KKB - DS - Married\Scoring Married - CS New\20221125_111233\requests\main\141.har

2022-11-25 11:20:40 - [MESSAGE][PASSED] - Send request successfully

2022-11-25 11:20:40 - [TEST_STEP][PASSED] - verifyResponseStatusCode(scoring, 200): Verify response status code successfully

2022-11-25 11:20:40 - [MESSAGE][PASSED] - Verify response status code successfully

2022-11-25 11:20:40 - [TEST_STEP][PASSED] - response2 = scoring.getResponseText(): null

2022-11-25 11:20:40 - [TEST_STEP][PASSED] - markPassed("result service data ke : " + no): result service data ke : 71

2022-11-25 11:20:40 - [MESSAGE][PASSED] - result service data ke : 71

2022-11-25 11:20:40 - [TEST_STEP][PASSED] - logInfo($response2): {"result_konsumen":"Reject","result_pasangan":"Reguler","Final_result":"Reject","errorMessage":"","status":"Done"}

2022-11-25 11:20:40 - [MESSAGE][INFO] - {"result_konsumen":"Reject","result_pasangan":"Reguler","Final_result":"Reject","errorMessage":"","status":"Done"}

2022-11-25 11:20:40 - [TEST_STEP][PASSED] - verifyElementPropertyValue(scoring, "Final_result", final_result): Verify element property value successfully

2022-11-25 11:20:40 - [MESSAGE][PASSED] - Verify element property value successfully]]></system-out>
         <system-err><![CDATA[]]></system-err>
      </testcase>
      <testcase name="Test Cases/Engine_Scoring/Engine Scoring" time="6.715" classname="Test Cases/Engine_Scoring/Engine Scoring" status="PASSED">
         <system-out><![CDATA[2022-11-25 11:20:40 - [TEST_CASE][PASSED] - Test Cases/Engine_Scoring/Engine Scoring: Test Cases/Engine_Scoring/Engine Scoring

2022-11-25 11:20:41 - [TEST_STEP][PASSED] - markPassed("Variasi data ke : " + no): Variasi data ke : 72

2022-11-25 11:20:41 - [MESSAGE][PASSED] - Variasi data ke : 72

2022-11-25 11:20:41 - [TEST_STEP][PASSED] - req_data = sendRequest(findTestObject("Search_ME", ["MID":MID, "source":source, "ip":ip, "userid":userid, "branch":branch, "tipekons":tipekons, "marital":marital, "penjamin":penjamin, ... ])): Send request successfully

2022-11-25 11:20:42 - [MESSAGE][INFO] - HAR: D:\DMS\Engine Scoring\Reports\20221125_111232\Exclude KKB - DS - Married\Scoring Married - CS New\20221125_111233\requests\main\142.har

2022-11-25 11:20:42 - [MESSAGE][PASSED] - Send request successfully

2022-11-25 11:20:42 - [TEST_STEP][PASSED] - slurper = new groovy.json.JsonSlurper(): null

2022-11-25 11:20:42 - [TEST_STEP][PASSED] - result = slurper.parseText(req_data.getResponseBodyContent()): null

2022-11-25 11:20:42 - [TEST_STEP][PASSED] - reqid_kons = requestid1: null

2022-11-25 11:20:42 - [TEST_STEP][PASSED] - reqid_spouse = requestid2: null

2022-11-25 11:20:42 - [TEST_STEP][PASSED] - println("requestid kons : " + reqid_kons): null

2022-11-25 11:20:42 - [TEST_STEP][PASSED] - response_searchME_kons = reqid_kons: null

2022-11-25 11:20:42 - [TEST_STEP][PASSED] - response_searchME_spouse = reqid_spouse: null

2022-11-25 11:20:42 - [TEST_STEP][PASSED] - println("kons req id is :" + response_searchME_kons): null

2022-11-25 11:20:42 - [TEST_STEP][PASSED] - println("spouse req id is : " + response_searchME_spouse): null

2022-11-25 11:20:42 - [TEST_STEP][PASSED] - verifyResponseStatusCode(req_data, 200): Verify response status code successfully

2022-11-25 11:20:42 - [MESSAGE][PASSED] - Verify response status code successfully

2022-11-25 11:20:42 - [TEST_STEP][PASSED] - response = req_data.getResponseText(): null

2022-11-25 11:20:42 - [TEST_STEP][PASSED] - logInfo($response): {"status":"Done","data":{"requestid1":"255901","requestid2":"255902"}}

2022-11-25 11:20:42 - [MESSAGE][INFO] - {"status":"Done","data":{"requestid1":"255901","requestid2":"255902"}}

2022-11-25 11:20:42 - [TEST_STEP][PASSED] - delay(5): Delayed 5 second(s)

2022-11-25 11:20:47 - [MESSAGE][PASSED] - Delayed 5 second(s)

2022-11-25 11:20:47 - [TEST_STEP][PASSED] - scoring = sendRequest(findTestObject("EngineScore", ["response_searchME_kons":response_searchME_kons, "response_searchME_spouse":response_searchME_spouse])): Send request successfully

2022-11-25 11:20:47 - [MESSAGE][INFO] - HAR: D:\DMS\Engine Scoring\Reports\20221125_111232\Exclude KKB - DS - Married\Scoring Married - CS New\20221125_111233\requests\main\143.har

2022-11-25 11:20:47 - [MESSAGE][PASSED] - Send request successfully

2022-11-25 11:20:47 - [TEST_STEP][PASSED] - verifyResponseStatusCode(scoring, 200): Verify response status code successfully

2022-11-25 11:20:47 - [MESSAGE][PASSED] - Verify response status code successfully

2022-11-25 11:20:47 - [TEST_STEP][PASSED] - response2 = scoring.getResponseText(): null

2022-11-25 11:20:47 - [TEST_STEP][PASSED] - markPassed("result service data ke : " + no): result service data ke : 72

2022-11-25 11:20:47 - [MESSAGE][PASSED] - result service data ke : 72

2022-11-25 11:20:47 - [TEST_STEP][PASSED] - logInfo($response2): {"result_konsumen":"Reject","result_pasangan":"Reguler","Final_result":"Reject","errorMessage":"","status":"Done"}

2022-11-25 11:20:47 - [MESSAGE][INFO] - {"result_konsumen":"Reject","result_pasangan":"Reguler","Final_result":"Reject","errorMessage":"","status":"Done"}

2022-11-25 11:20:47 - [TEST_STEP][PASSED] - verifyElementPropertyValue(scoring, "Final_result", final_result): Verify element property value successfully

2022-11-25 11:20:47 - [MESSAGE][PASSED] - Verify element property value successfully]]></system-out>
         <system-err><![CDATA[]]></system-err>
      </testcase>
      <testcase name="Test Cases/Engine_Scoring/Engine Scoring" time="6.74" classname="Test Cases/Engine_Scoring/Engine Scoring" status="PASSED">
         <system-out><![CDATA[2022-11-25 11:20:47 - [TEST_CASE][PASSED] - Test Cases/Engine_Scoring/Engine Scoring: Test Cases/Engine_Scoring/Engine Scoring

2022-11-25 11:20:48 - [TEST_STEP][PASSED] - markPassed("Variasi data ke : " + no): Variasi data ke : 73

2022-11-25 11:20:48 - [MESSAGE][PASSED] - Variasi data ke : 73

2022-11-25 11:20:48 - [TEST_STEP][PASSED] - req_data = sendRequest(findTestObject("Search_ME", ["MID":MID, "source":source, "ip":ip, "userid":userid, "branch":branch, "tipekons":tipekons, "marital":marital, "penjamin":penjamin, ... ])): Send request successfully

2022-11-25 11:20:48 - [MESSAGE][INFO] - HAR: D:\DMS\Engine Scoring\Reports\20221125_111232\Exclude KKB - DS - Married\Scoring Married - CS New\20221125_111233\requests\main\144.har

2022-11-25 11:20:48 - [MESSAGE][PASSED] - Send request successfully

2022-11-25 11:20:48 - [TEST_STEP][PASSED] - slurper = new groovy.json.JsonSlurper(): null

2022-11-25 11:20:48 - [TEST_STEP][PASSED] - result = slurper.parseText(req_data.getResponseBodyContent()): null

2022-11-25 11:20:48 - [TEST_STEP][PASSED] - reqid_kons = requestid1: null

2022-11-25 11:20:48 - [TEST_STEP][PASSED] - reqid_spouse = requestid2: null

2022-11-25 11:20:48 - [TEST_STEP][PASSED] - println("requestid kons : " + reqid_kons): null

2022-11-25 11:20:48 - [TEST_STEP][PASSED] - response_searchME_kons = reqid_kons: null

2022-11-25 11:20:48 - [TEST_STEP][PASSED] - response_searchME_spouse = reqid_spouse: null

2022-11-25 11:20:48 - [TEST_STEP][PASSED] - println("kons req id is :" + response_searchME_kons): null

2022-11-25 11:20:48 - [TEST_STEP][PASSED] - println("spouse req id is : " + response_searchME_spouse): null

2022-11-25 11:20:48 - [TEST_STEP][PASSED] - verifyResponseStatusCode(req_data, 200): Verify response status code successfully

2022-11-25 11:20:48 - [MESSAGE][PASSED] - Verify response status code successfully

2022-11-25 11:20:48 - [TEST_STEP][PASSED] - response = req_data.getResponseText(): null

2022-11-25 11:20:48 - [TEST_STEP][PASSED] - logInfo($response): {"status":"Done","data":{"requestid1":"255903","requestid2":"255904"}}

2022-11-25 11:20:48 - [MESSAGE][INFO] - {"status":"Done","data":{"requestid1":"255903","requestid2":"255904"}}

2022-11-25 11:20:48 - [TEST_STEP][PASSED] - delay(5): Delayed 5 second(s)

2022-11-25 11:20:53 - [MESSAGE][PASSED] - Delayed 5 second(s)

2022-11-25 11:20:53 - [TEST_STEP][PASSED] - scoring = sendRequest(findTestObject("EngineScore", ["response_searchME_kons":response_searchME_kons, "response_searchME_spouse":response_searchME_spouse])): Send request successfully

2022-11-25 11:20:53 - [MESSAGE][INFO] - HAR: D:\DMS\Engine Scoring\Reports\20221125_111232\Exclude KKB - DS - Married\Scoring Married - CS New\20221125_111233\requests\main\145.har

2022-11-25 11:20:53 - [MESSAGE][PASSED] - Send request successfully

2022-11-25 11:20:53 - [TEST_STEP][PASSED] - verifyResponseStatusCode(scoring, 200): Verify response status code successfully

2022-11-25 11:20:53 - [MESSAGE][PASSED] - Verify response status code successfully

2022-11-25 11:20:53 - [TEST_STEP][PASSED] - response2 = scoring.getResponseText(): null

2022-11-25 11:20:53 - [TEST_STEP][PASSED] - markPassed("result service data ke : " + no): result service data ke : 73

2022-11-25 11:20:53 - [MESSAGE][PASSED] - result service data ke : 73

2022-11-25 11:20:53 - [TEST_STEP][PASSED] - logInfo($response2): {"result_konsumen":"Approve","result_pasangan":"Reguler","Final_result":"Approve","errorMessage":"","status":"Done"}

2022-11-25 11:20:53 - [MESSAGE][INFO] - {"result_konsumen":"Approve","result_pasangan":"Reguler","Final_result":"Approve","errorMessage":"","status":"Done"}

2022-11-25 11:20:53 - [TEST_STEP][PASSED] - verifyElementPropertyValue(scoring, "Final_result", final_result): Verify element property value successfully

2022-11-25 11:20:53 - [MESSAGE][PASSED] - Verify element property value successfully]]></system-out>
         <system-err><![CDATA[]]></system-err>
      </testcase>
      <testcase name="Test Cases/Engine_Scoring/Engine Scoring" time="6.738" classname="Test Cases/Engine_Scoring/Engine Scoring" status="PASSED">
         <system-out><![CDATA[2022-11-25 11:20:54 - [TEST_CASE][PASSED] - Test Cases/Engine_Scoring/Engine Scoring: Test Cases/Engine_Scoring/Engine Scoring

2022-11-25 11:20:54 - [TEST_STEP][PASSED] - markPassed("Variasi data ke : " + no): Variasi data ke : 74

2022-11-25 11:20:54 - [MESSAGE][PASSED] - Variasi data ke : 74

2022-11-25 11:20:54 - [TEST_STEP][PASSED] - req_data = sendRequest(findTestObject("Search_ME", ["MID":MID, "source":source, "ip":ip, "userid":userid, "branch":branch, "tipekons":tipekons, "marital":marital, "penjamin":penjamin, ... ])): Send request successfully

2022-11-25 11:20:55 - [MESSAGE][INFO] - HAR: D:\DMS\Engine Scoring\Reports\20221125_111232\Exclude KKB - DS - Married\Scoring Married - CS New\20221125_111233\requests\main\146.har

2022-11-25 11:20:55 - [MESSAGE][PASSED] - Send request successfully

2022-11-25 11:20:55 - [TEST_STEP][PASSED] - slurper = new groovy.json.JsonSlurper(): null

2022-11-25 11:20:55 - [TEST_STEP][PASSED] - result = slurper.parseText(req_data.getResponseBodyContent()): null

2022-11-25 11:20:55 - [TEST_STEP][PASSED] - reqid_kons = requestid1: null

2022-11-25 11:20:55 - [TEST_STEP][PASSED] - reqid_spouse = requestid2: null

2022-11-25 11:20:55 - [TEST_STEP][PASSED] - println("requestid kons : " + reqid_kons): null

2022-11-25 11:20:55 - [TEST_STEP][PASSED] - response_searchME_kons = reqid_kons: null

2022-11-25 11:20:55 - [TEST_STEP][PASSED] - response_searchME_spouse = reqid_spouse: null

2022-11-25 11:20:55 - [TEST_STEP][PASSED] - println("kons req id is :" + response_searchME_kons): null

2022-11-25 11:20:55 - [TEST_STEP][PASSED] - println("spouse req id is : " + response_searchME_spouse): null

2022-11-25 11:20:55 - [TEST_STEP][PASSED] - verifyResponseStatusCode(req_data, 200): Verify response status code successfully

2022-11-25 11:20:55 - [MESSAGE][PASSED] - Verify response status code successfully

2022-11-25 11:20:55 - [TEST_STEP][PASSED] - response = req_data.getResponseText(): null

2022-11-25 11:20:55 - [TEST_STEP][PASSED] - logInfo($response): {"status":"Done","data":{"requestid1":"255905","requestid2":"255906"}}

2022-11-25 11:20:55 - [MESSAGE][INFO] - {"status":"Done","data":{"requestid1":"255905","requestid2":"255906"}}

2022-11-25 11:20:55 - [TEST_STEP][PASSED] - delay(5): Delayed 5 second(s)

2022-11-25 11:21:00 - [MESSAGE][PASSED] - Delayed 5 second(s)

2022-11-25 11:21:00 - [TEST_STEP][PASSED] - scoring = sendRequest(findTestObject("EngineScore", ["response_searchME_kons":response_searchME_kons, "response_searchME_spouse":response_searchME_spouse])): Send request successfully

2022-11-25 11:21:00 - [MESSAGE][INFO] - HAR: D:\DMS\Engine Scoring\Reports\20221125_111232\Exclude KKB - DS - Married\Scoring Married - CS New\20221125_111233\requests\main\147.har

2022-11-25 11:21:00 - [MESSAGE][PASSED] - Send request successfully

2022-11-25 11:21:00 - [TEST_STEP][PASSED] - verifyResponseStatusCode(scoring, 200): Verify response status code successfully

2022-11-25 11:21:00 - [MESSAGE][PASSED] - Verify response status code successfully

2022-11-25 11:21:00 - [TEST_STEP][PASSED] - response2 = scoring.getResponseText(): null

2022-11-25 11:21:00 - [TEST_STEP][PASSED] - markPassed("result service data ke : " + no): result service data ke : 74

2022-11-25 11:21:00 - [MESSAGE][PASSED] - result service data ke : 74

2022-11-25 11:21:00 - [TEST_STEP][PASSED] - logInfo($response2): {"result_konsumen":"Approve","result_pasangan":"Reguler","Final_result":"Approve","errorMessage":"","status":"Done"}

2022-11-25 11:21:00 - [MESSAGE][INFO] - {"result_konsumen":"Approve","result_pasangan":"Reguler","Final_result":"Approve","errorMessage":"","status":"Done"}

2022-11-25 11:21:00 - [TEST_STEP][PASSED] - verifyElementPropertyValue(scoring, "Final_result", final_result): Verify element property value successfully

2022-11-25 11:21:00 - [MESSAGE][PASSED] - Verify element property value successfully]]></system-out>
         <system-err><![CDATA[]]></system-err>
      </testcase>
      <testcase name="Test Cases/Engine_Scoring/Engine Scoring" time="6.853" classname="Test Cases/Engine_Scoring/Engine Scoring" status="PASSED">
         <system-out><![CDATA[2022-11-25 11:21:00 - [TEST_CASE][PASSED] - Test Cases/Engine_Scoring/Engine Scoring: Test Cases/Engine_Scoring/Engine Scoring

2022-11-25 11:21:01 - [TEST_STEP][PASSED] - markPassed("Variasi data ke : " + no): Variasi data ke : 75

2022-11-25 11:21:01 - [MESSAGE][PASSED] - Variasi data ke : 75

2022-11-25 11:21:01 - [TEST_STEP][PASSED] - req_data = sendRequest(findTestObject("Search_ME", ["MID":MID, "source":source, "ip":ip, "userid":userid, "branch":branch, "tipekons":tipekons, "marital":marital, "penjamin":penjamin, ... ])): Send request successfully

2022-11-25 11:21:02 - [MESSAGE][INFO] - HAR: D:\DMS\Engine Scoring\Reports\20221125_111232\Exclude KKB - DS - Married\Scoring Married - CS New\20221125_111233\requests\main\148.har

2022-11-25 11:21:02 - [MESSAGE][PASSED] - Send request successfully

2022-11-25 11:21:02 - [TEST_STEP][PASSED] - slurper = new groovy.json.JsonSlurper(): null

2022-11-25 11:21:02 - [TEST_STEP][PASSED] - result = slurper.parseText(req_data.getResponseBodyContent()): null

2022-11-25 11:21:02 - [TEST_STEP][PASSED] - reqid_kons = requestid1: null

2022-11-25 11:21:02 - [TEST_STEP][PASSED] - reqid_spouse = requestid2: null

2022-11-25 11:21:02 - [TEST_STEP][PASSED] - println("requestid kons : " + reqid_kons): null

2022-11-25 11:21:02 - [TEST_STEP][PASSED] - response_searchME_kons = reqid_kons: null

2022-11-25 11:21:02 - [TEST_STEP][PASSED] - response_searchME_spouse = reqid_spouse: null

2022-11-25 11:21:02 - [TEST_STEP][PASSED] - println("kons req id is :" + response_searchME_kons): null

2022-11-25 11:21:02 - [TEST_STEP][PASSED] - println("spouse req id is : " + response_searchME_spouse): null

2022-11-25 11:21:02 - [TEST_STEP][PASSED] - verifyResponseStatusCode(req_data, 200): Verify response status code successfully

2022-11-25 11:21:02 - [MESSAGE][PASSED] - Verify response status code successfully

2022-11-25 11:21:02 - [TEST_STEP][PASSED] - response = req_data.getResponseText(): null

2022-11-25 11:21:02 - [TEST_STEP][PASSED] - logInfo($response): {"status":"Done","data":{"requestid1":"255907","requestid2":"255908"}}

2022-11-25 11:21:02 - [MESSAGE][INFO] - {"status":"Done","data":{"requestid1":"255907","requestid2":"255908"}}

2022-11-25 11:21:02 - [TEST_STEP][PASSED] - delay(5): Delayed 5 second(s)

2022-11-25 11:21:07 - [MESSAGE][PASSED] - Delayed 5 second(s)

2022-11-25 11:21:07 - [TEST_STEP][PASSED] - scoring = sendRequest(findTestObject("EngineScore", ["response_searchME_kons":response_searchME_kons, "response_searchME_spouse":response_searchME_spouse])): Send request successfully

2022-11-25 11:21:07 - [MESSAGE][INFO] - HAR: D:\DMS\Engine Scoring\Reports\20221125_111232\Exclude KKB - DS - Married\Scoring Married - CS New\20221125_111233\requests\main\149.har

2022-11-25 11:21:07 - [MESSAGE][PASSED] - Send request successfully

2022-11-25 11:21:07 - [TEST_STEP][PASSED] - verifyResponseStatusCode(scoring, 200): Verify response status code successfully

2022-11-25 11:21:07 - [MESSAGE][PASSED] - Verify response status code successfully

2022-11-25 11:21:07 - [TEST_STEP][PASSED] - response2 = scoring.getResponseText(): null

2022-11-25 11:21:07 - [TEST_STEP][PASSED] - markPassed("result service data ke : " + no): result service data ke : 75

2022-11-25 11:21:07 - [MESSAGE][PASSED] - result service data ke : 75

2022-11-25 11:21:07 - [TEST_STEP][PASSED] - logInfo($response2): {"result_konsumen":"Approve","result_pasangan":"Reguler","Final_result":"Approve","errorMessage":"","status":"Done"}

2022-11-25 11:21:07 - [MESSAGE][INFO] - {"result_konsumen":"Approve","result_pasangan":"Reguler","Final_result":"Approve","errorMessage":"","status":"Done"}

2022-11-25 11:21:07 - [TEST_STEP][PASSED] - verifyElementPropertyValue(scoring, "Final_result", final_result): Verify element property value successfully

2022-11-25 11:21:07 - [MESSAGE][PASSED] - Verify element property value successfully]]></system-out>
         <system-err><![CDATA[]]></system-err>
      </testcase>
      <testcase name="Test Cases/Engine_Scoring/Engine Scoring" time="6.784" classname="Test Cases/Engine_Scoring/Engine Scoring" status="PASSED">
         <system-out><![CDATA[2022-11-25 11:21:07 - [TEST_CASE][PASSED] - Test Cases/Engine_Scoring/Engine Scoring: Test Cases/Engine_Scoring/Engine Scoring

2022-11-25 11:21:08 - [TEST_STEP][PASSED] - markPassed("Variasi data ke : " + no): Variasi data ke : 76

2022-11-25 11:21:08 - [MESSAGE][PASSED] - Variasi data ke : 76

2022-11-25 11:21:08 - [TEST_STEP][PASSED] - req_data = sendRequest(findTestObject("Search_ME", ["MID":MID, "source":source, "ip":ip, "userid":userid, "branch":branch, "tipekons":tipekons, "marital":marital, "penjamin":penjamin, ... ])): Send request successfully

2022-11-25 11:21:09 - [MESSAGE][INFO] - HAR: D:\DMS\Engine Scoring\Reports\20221125_111232\Exclude KKB - DS - Married\Scoring Married - CS New\20221125_111233\requests\main\150.har

2022-11-25 11:21:09 - [MESSAGE][PASSED] - Send request successfully

2022-11-25 11:21:09 - [TEST_STEP][PASSED] - slurper = new groovy.json.JsonSlurper(): null

2022-11-25 11:21:09 - [TEST_STEP][PASSED] - result = slurper.parseText(req_data.getResponseBodyContent()): null

2022-11-25 11:21:09 - [TEST_STEP][PASSED] - reqid_kons = requestid1: null

2022-11-25 11:21:09 - [TEST_STEP][PASSED] - reqid_spouse = requestid2: null

2022-11-25 11:21:09 - [TEST_STEP][PASSED] - println("requestid kons : " + reqid_kons): null

2022-11-25 11:21:09 - [TEST_STEP][PASSED] - response_searchME_kons = reqid_kons: null

2022-11-25 11:21:09 - [TEST_STEP][PASSED] - response_searchME_spouse = reqid_spouse: null

2022-11-25 11:21:09 - [TEST_STEP][PASSED] - println("kons req id is :" + response_searchME_kons): null

2022-11-25 11:21:09 - [TEST_STEP][PASSED] - println("spouse req id is : " + response_searchME_spouse): null

2022-11-25 11:21:09 - [TEST_STEP][PASSED] - verifyResponseStatusCode(req_data, 200): Verify response status code successfully

2022-11-25 11:21:09 - [MESSAGE][PASSED] - Verify response status code successfully

2022-11-25 11:21:09 - [TEST_STEP][PASSED] - response = req_data.getResponseText(): null

2022-11-25 11:21:09 - [TEST_STEP][PASSED] - logInfo($response): {"status":"Done","data":{"requestid1":"255909","requestid2":"255910"}}

2022-11-25 11:21:09 - [MESSAGE][INFO] - {"status":"Done","data":{"requestid1":"255909","requestid2":"255910"}}

2022-11-25 11:21:09 - [TEST_STEP][PASSED] - delay(5): Delayed 5 second(s)

2022-11-25 11:21:14 - [MESSAGE][PASSED] - Delayed 5 second(s)

2022-11-25 11:21:14 - [TEST_STEP][PASSED] - scoring = sendRequest(findTestObject("EngineScore", ["response_searchME_kons":response_searchME_kons, "response_searchME_spouse":response_searchME_spouse])): Send request successfully

2022-11-25 11:21:14 - [MESSAGE][INFO] - HAR: D:\DMS\Engine Scoring\Reports\20221125_111232\Exclude KKB - DS - Married\Scoring Married - CS New\20221125_111233\requests\main\151.har

2022-11-25 11:21:14 - [MESSAGE][PASSED] - Send request successfully

2022-11-25 11:21:14 - [TEST_STEP][PASSED] - verifyResponseStatusCode(scoring, 200): Verify response status code successfully

2022-11-25 11:21:14 - [MESSAGE][PASSED] - Verify response status code successfully

2022-11-25 11:21:14 - [TEST_STEP][PASSED] - response2 = scoring.getResponseText(): null

2022-11-25 11:21:14 - [TEST_STEP][PASSED] - markPassed("result service data ke : " + no): result service data ke : 76

2022-11-25 11:21:14 - [MESSAGE][PASSED] - result service data ke : 76

2022-11-25 11:21:14 - [TEST_STEP][PASSED] - logInfo($response2): {"result_konsumen":"Approve","result_pasangan":"Reguler","Final_result":"Approve","errorMessage":"","status":"Done"}

2022-11-25 11:21:14 - [MESSAGE][INFO] - {"result_konsumen":"Approve","result_pasangan":"Reguler","Final_result":"Approve","errorMessage":"","status":"Done"}

2022-11-25 11:21:14 - [TEST_STEP][PASSED] - verifyElementPropertyValue(scoring, "Final_result", final_result): Verify element property value successfully

2022-11-25 11:21:14 - [MESSAGE][PASSED] - Verify element property value successfully]]></system-out>
         <system-err><![CDATA[]]></system-err>
      </testcase>
      <testcase name="Test Cases/Engine_Scoring/Engine Scoring" time="6.789" classname="Test Cases/Engine_Scoring/Engine Scoring" status="PASSED">
         <system-out><![CDATA[2022-11-25 11:21:14 - [TEST_CASE][PASSED] - Test Cases/Engine_Scoring/Engine Scoring: Test Cases/Engine_Scoring/Engine Scoring

2022-11-25 11:21:15 - [TEST_STEP][PASSED] - markPassed("Variasi data ke : " + no): Variasi data ke : 77

2022-11-25 11:21:15 - [MESSAGE][PASSED] - Variasi data ke : 77

2022-11-25 11:21:15 - [TEST_STEP][PASSED] - req_data = sendRequest(findTestObject("Search_ME", ["MID":MID, "source":source, "ip":ip, "userid":userid, "branch":branch, "tipekons":tipekons, "marital":marital, "penjamin":penjamin, ... ])): Send request successfully

2022-11-25 11:21:16 - [MESSAGE][INFO] - HAR: D:\DMS\Engine Scoring\Reports\20221125_111232\Exclude KKB - DS - Married\Scoring Married - CS New\20221125_111233\requests\main\152.har

2022-11-25 11:21:16 - [MESSAGE][PASSED] - Send request successfully

2022-11-25 11:21:16 - [TEST_STEP][PASSED] - slurper = new groovy.json.JsonSlurper(): null

2022-11-25 11:21:16 - [TEST_STEP][PASSED] - result = slurper.parseText(req_data.getResponseBodyContent()): null

2022-11-25 11:21:16 - [TEST_STEP][PASSED] - reqid_kons = requestid1: null

2022-11-25 11:21:16 - [TEST_STEP][PASSED] - reqid_spouse = requestid2: null

2022-11-25 11:21:16 - [TEST_STEP][PASSED] - println("requestid kons : " + reqid_kons): null

2022-11-25 11:21:16 - [TEST_STEP][PASSED] - response_searchME_kons = reqid_kons: null

2022-11-25 11:21:16 - [TEST_STEP][PASSED] - response_searchME_spouse = reqid_spouse: null

2022-11-25 11:21:16 - [TEST_STEP][PASSED] - println("kons req id is :" + response_searchME_kons): null

2022-11-25 11:21:16 - [TEST_STEP][PASSED] - println("spouse req id is : " + response_searchME_spouse): null

2022-11-25 11:21:16 - [TEST_STEP][PASSED] - verifyResponseStatusCode(req_data, 200): Verify response status code successfully

2022-11-25 11:21:16 - [MESSAGE][PASSED] - Verify response status code successfully

2022-11-25 11:21:16 - [TEST_STEP][PASSED] - response = req_data.getResponseText(): null

2022-11-25 11:21:16 - [TEST_STEP][PASSED] - logInfo($response): {"status":"Done","data":{"requestid1":"255911","requestid2":"255912"}}

2022-11-25 11:21:16 - [MESSAGE][INFO] - {"status":"Done","data":{"requestid1":"255911","requestid2":"255912"}}

2022-11-25 11:21:16 - [TEST_STEP][PASSED] - delay(5): Delayed 5 second(s)

2022-11-25 11:21:21 - [MESSAGE][PASSED] - Delayed 5 second(s)

2022-11-25 11:21:21 - [TEST_STEP][PASSED] - scoring = sendRequest(findTestObject("EngineScore", ["response_searchME_kons":response_searchME_kons, "response_searchME_spouse":response_searchME_spouse])): Send request successfully

2022-11-25 11:21:21 - [MESSAGE][INFO] - HAR: D:\DMS\Engine Scoring\Reports\20221125_111232\Exclude KKB - DS - Married\Scoring Married - CS New\20221125_111233\requests\main\153.har

2022-11-25 11:21:21 - [MESSAGE][PASSED] - Send request successfully

2022-11-25 11:21:21 - [TEST_STEP][PASSED] - verifyResponseStatusCode(scoring, 200): Verify response status code successfully

2022-11-25 11:21:21 - [MESSAGE][PASSED] - Verify response status code successfully

2022-11-25 11:21:21 - [TEST_STEP][PASSED] - response2 = scoring.getResponseText(): null

2022-11-25 11:21:21 - [TEST_STEP][PASSED] - markPassed("result service data ke : " + no): result service data ke : 77

2022-11-25 11:21:21 - [MESSAGE][PASSED] - result service data ke : 77

2022-11-25 11:21:21 - [TEST_STEP][PASSED] - logInfo($response2): {"result_konsumen":"Approve","result_pasangan":"Reject","Final_result":"Reject","errorMessage":"","status":"Done"}

2022-11-25 11:21:21 - [MESSAGE][INFO] - {"result_konsumen":"Approve","result_pasangan":"Reject","Final_result":"Reject","errorMessage":"","status":"Done"}

2022-11-25 11:21:21 - [TEST_STEP][PASSED] - verifyElementPropertyValue(scoring, "Final_result", final_result): Verify element property value successfully

2022-11-25 11:21:21 - [MESSAGE][PASSED] - Verify element property value successfully]]></system-out>
         <system-err><![CDATA[]]></system-err>
      </testcase>
      <testcase name="Test Cases/Engine_Scoring/Engine Scoring" time="6.885" classname="Test Cases/Engine_Scoring/Engine Scoring" status="PASSED">
         <system-out><![CDATA[2022-11-25 11:21:21 - [TEST_CASE][PASSED] - Test Cases/Engine_Scoring/Engine Scoring: Test Cases/Engine_Scoring/Engine Scoring

2022-11-25 11:21:22 - [TEST_STEP][PASSED] - markPassed("Variasi data ke : " + no): Variasi data ke : 78

2022-11-25 11:21:22 - [MESSAGE][PASSED] - Variasi data ke : 78

2022-11-25 11:21:22 - [TEST_STEP][PASSED] - req_data = sendRequest(findTestObject("Search_ME", ["MID":MID, "source":source, "ip":ip, "userid":userid, "branch":branch, "tipekons":tipekons, "marital":marital, "penjamin":penjamin, ... ])): Send request successfully

2022-11-25 11:21:23 - [MESSAGE][INFO] - HAR: D:\DMS\Engine Scoring\Reports\20221125_111232\Exclude KKB - DS - Married\Scoring Married - CS New\20221125_111233\requests\main\154.har

2022-11-25 11:21:23 - [MESSAGE][PASSED] - Send request successfully

2022-11-25 11:21:23 - [TEST_STEP][PASSED] - slurper = new groovy.json.JsonSlurper(): null

2022-11-25 11:21:23 - [TEST_STEP][PASSED] - result = slurper.parseText(req_data.getResponseBodyContent()): null

2022-11-25 11:21:23 - [TEST_STEP][PASSED] - reqid_kons = requestid1: null

2022-11-25 11:21:23 - [TEST_STEP][PASSED] - reqid_spouse = requestid2: null

2022-11-25 11:21:23 - [TEST_STEP][PASSED] - println("requestid kons : " + reqid_kons): null

2022-11-25 11:21:23 - [TEST_STEP][PASSED] - response_searchME_kons = reqid_kons: null

2022-11-25 11:21:23 - [TEST_STEP][PASSED] - response_searchME_spouse = reqid_spouse: null

2022-11-25 11:21:23 - [TEST_STEP][PASSED] - println("kons req id is :" + response_searchME_kons): null

2022-11-25 11:21:23 - [TEST_STEP][PASSED] - println("spouse req id is : " + response_searchME_spouse): null

2022-11-25 11:21:23 - [TEST_STEP][PASSED] - verifyResponseStatusCode(req_data, 200): Verify response status code successfully

2022-11-25 11:21:23 - [MESSAGE][PASSED] - Verify response status code successfully

2022-11-25 11:21:23 - [TEST_STEP][PASSED] - response = req_data.getResponseText(): null

2022-11-25 11:21:23 - [TEST_STEP][PASSED] - logInfo($response): {"status":"Done","data":{"requestid1":"255913","requestid2":"255914"}}

2022-11-25 11:21:23 - [MESSAGE][INFO] - {"status":"Done","data":{"requestid1":"255913","requestid2":"255914"}}

2022-11-25 11:21:23 - [TEST_STEP][PASSED] - delay(5): Delayed 5 second(s)

2022-11-25 11:21:28 - [MESSAGE][PASSED] - Delayed 5 second(s)

2022-11-25 11:21:28 - [TEST_STEP][PASSED] - scoring = sendRequest(findTestObject("EngineScore", ["response_searchME_kons":response_searchME_kons, "response_searchME_spouse":response_searchME_spouse])): Send request successfully

2022-11-25 11:21:28 - [MESSAGE][INFO] - HAR: D:\DMS\Engine Scoring\Reports\20221125_111232\Exclude KKB - DS - Married\Scoring Married - CS New\20221125_111233\requests\main\155.har

2022-11-25 11:21:28 - [MESSAGE][PASSED] - Send request successfully

2022-11-25 11:21:28 - [TEST_STEP][PASSED] - verifyResponseStatusCode(scoring, 200): Verify response status code successfully

2022-11-25 11:21:28 - [MESSAGE][PASSED] - Verify response status code successfully

2022-11-25 11:21:28 - [TEST_STEP][PASSED] - response2 = scoring.getResponseText(): null

2022-11-25 11:21:28 - [TEST_STEP][PASSED] - markPassed("result service data ke : " + no): result service data ke : 78

2022-11-25 11:21:28 - [MESSAGE][PASSED] - result service data ke : 78

2022-11-25 11:21:28 - [TEST_STEP][PASSED] - logInfo($response2): {"result_konsumen":"Approve","result_pasangan":"Reject","Final_result":"Reject","errorMessage":"","status":"Done"}

2022-11-25 11:21:28 - [MESSAGE][INFO] - {"result_konsumen":"Approve","result_pasangan":"Reject","Final_result":"Reject","errorMessage":"","status":"Done"}

2022-11-25 11:21:28 - [TEST_STEP][PASSED] - verifyElementPropertyValue(scoring, "Final_result", final_result): Verify element property value successfully

2022-11-25 11:21:28 - [MESSAGE][PASSED] - Verify element property value successfully]]></system-out>
         <system-err><![CDATA[]]></system-err>
      </testcase>
      <testcase name="Test Cases/Engine_Scoring/Engine Scoring" time="6.808" classname="Test Cases/Engine_Scoring/Engine Scoring" status="PASSED">
         <system-out><![CDATA[2022-11-25 11:21:28 - [TEST_CASE][PASSED] - Test Cases/Engine_Scoring/Engine Scoring: Test Cases/Engine_Scoring/Engine Scoring

2022-11-25 11:21:29 - [TEST_STEP][PASSED] - markPassed("Variasi data ke : " + no): Variasi data ke : 79

2022-11-25 11:21:29 - [MESSAGE][PASSED] - Variasi data ke : 79

2022-11-25 11:21:29 - [TEST_STEP][PASSED] - req_data = sendRequest(findTestObject("Search_ME", ["MID":MID, "source":source, "ip":ip, "userid":userid, "branch":branch, "tipekons":tipekons, "marital":marital, "penjamin":penjamin, ... ])): Send request successfully

2022-11-25 11:21:30 - [MESSAGE][INFO] - HAR: D:\DMS\Engine Scoring\Reports\20221125_111232\Exclude KKB - DS - Married\Scoring Married - CS New\20221125_111233\requests\main\156.har

2022-11-25 11:21:30 - [MESSAGE][PASSED] - Send request successfully

2022-11-25 11:21:30 - [TEST_STEP][PASSED] - slurper = new groovy.json.JsonSlurper(): null

2022-11-25 11:21:30 - [TEST_STEP][PASSED] - result = slurper.parseText(req_data.getResponseBodyContent()): null

2022-11-25 11:21:30 - [TEST_STEP][PASSED] - reqid_kons = requestid1: null

2022-11-25 11:21:30 - [TEST_STEP][PASSED] - reqid_spouse = requestid2: null

2022-11-25 11:21:30 - [TEST_STEP][PASSED] - println("requestid kons : " + reqid_kons): null

2022-11-25 11:21:30 - [TEST_STEP][PASSED] - response_searchME_kons = reqid_kons: null

2022-11-25 11:21:30 - [TEST_STEP][PASSED] - response_searchME_spouse = reqid_spouse: null

2022-11-25 11:21:30 - [TEST_STEP][PASSED] - println("kons req id is :" + response_searchME_kons): null

2022-11-25 11:21:30 - [TEST_STEP][PASSED] - println("spouse req id is : " + response_searchME_spouse): null

2022-11-25 11:21:30 - [TEST_STEP][PASSED] - verifyResponseStatusCode(req_data, 200): Verify response status code successfully

2022-11-25 11:21:30 - [MESSAGE][PASSED] - Verify response status code successfully

2022-11-25 11:21:30 - [TEST_STEP][PASSED] - response = req_data.getResponseText(): null

2022-11-25 11:21:30 - [TEST_STEP][PASSED] - logInfo($response): {"status":"Done","data":{"requestid1":"255915","requestid2":"255916"}}

2022-11-25 11:21:30 - [MESSAGE][INFO] - {"status":"Done","data":{"requestid1":"255915","requestid2":"255916"}}

2022-11-25 11:21:30 - [TEST_STEP][PASSED] - delay(5): Delayed 5 second(s)

2022-11-25 11:21:35 - [MESSAGE][PASSED] - Delayed 5 second(s)

2022-11-25 11:21:35 - [TEST_STEP][PASSED] - scoring = sendRequest(findTestObject("EngineScore", ["response_searchME_kons":response_searchME_kons, "response_searchME_spouse":response_searchME_spouse])): Send request successfully

2022-11-25 11:21:35 - [MESSAGE][INFO] - HAR: D:\DMS\Engine Scoring\Reports\20221125_111232\Exclude KKB - DS - Married\Scoring Married - CS New\20221125_111233\requests\main\157.har

2022-11-25 11:21:35 - [MESSAGE][PASSED] - Send request successfully

2022-11-25 11:21:35 - [TEST_STEP][PASSED] - verifyResponseStatusCode(scoring, 200): Verify response status code successfully

2022-11-25 11:21:35 - [MESSAGE][PASSED] - Verify response status code successfully

2022-11-25 11:21:35 - [TEST_STEP][PASSED] - response2 = scoring.getResponseText(): null

2022-11-25 11:21:35 - [TEST_STEP][PASSED] - markPassed("result service data ke : " + no): result service data ke : 79

2022-11-25 11:21:35 - [MESSAGE][PASSED] - result service data ke : 79

2022-11-25 11:21:35 - [TEST_STEP][PASSED] - logInfo($response2): {"result_konsumen":"Approve","result_pasangan":"Reguler","Final_result":"Approve","errorMessage":"","status":"Done"}

2022-11-25 11:21:35 - [MESSAGE][INFO] - {"result_konsumen":"Approve","result_pasangan":"Reguler","Final_result":"Approve","errorMessage":"","status":"Done"}

2022-11-25 11:21:35 - [TEST_STEP][PASSED] - verifyElementPropertyValue(scoring, "Final_result", final_result): Verify element property value successfully

2022-11-25 11:21:35 - [MESSAGE][PASSED] - Verify element property value successfully]]></system-out>
         <system-err><![CDATA[]]></system-err>
      </testcase>
      <testcase name="Test Cases/Engine_Scoring/Engine Scoring" time="7.212" classname="Test Cases/Engine_Scoring/Engine Scoring" status="PASSED">
         <system-out><![CDATA[2022-11-25 11:21:35 - [TEST_CASE][PASSED] - Test Cases/Engine_Scoring/Engine Scoring: Test Cases/Engine_Scoring/Engine Scoring

2022-11-25 11:21:36 - [TEST_STEP][PASSED] - markPassed("Variasi data ke : " + no): Variasi data ke : 80

2022-11-25 11:21:36 - [MESSAGE][PASSED] - Variasi data ke : 80

2022-11-25 11:21:36 - [TEST_STEP][PASSED] - req_data = sendRequest(findTestObject("Search_ME", ["MID":MID, "source":source, "ip":ip, "userid":userid, "branch":branch, "tipekons":tipekons, "marital":marital, "penjamin":penjamin, ... ])): Send request successfully

2022-11-25 11:21:37 - [MESSAGE][INFO] - HAR: D:\DMS\Engine Scoring\Reports\20221125_111232\Exclude KKB - DS - Married\Scoring Married - CS New\20221125_111233\requests\main\158.har

2022-11-25 11:21:37 - [MESSAGE][PASSED] - Send request successfully

2022-11-25 11:21:37 - [TEST_STEP][PASSED] - slurper = new groovy.json.JsonSlurper(): null

2022-11-25 11:21:37 - [TEST_STEP][PASSED] - result = slurper.parseText(req_data.getResponseBodyContent()): null

2022-11-25 11:21:37 - [TEST_STEP][PASSED] - reqid_kons = requestid1: null

2022-11-25 11:21:37 - [TEST_STEP][PASSED] - reqid_spouse = requestid2: null

2022-11-25 11:21:37 - [TEST_STEP][PASSED] - println("requestid kons : " + reqid_kons): null

2022-11-25 11:21:37 - [TEST_STEP][PASSED] - response_searchME_kons = reqid_kons: null

2022-11-25 11:21:37 - [TEST_STEP][PASSED] - response_searchME_spouse = reqid_spouse: null

2022-11-25 11:21:37 - [TEST_STEP][PASSED] - println("kons req id is :" + response_searchME_kons): null

2022-11-25 11:21:37 - [TEST_STEP][PASSED] - println("spouse req id is : " + response_searchME_spouse): null

2022-11-25 11:21:37 - [TEST_STEP][PASSED] - verifyResponseStatusCode(req_data, 200): Verify response status code successfully

2022-11-25 11:21:37 - [MESSAGE][PASSED] - Verify response status code successfully

2022-11-25 11:21:37 - [TEST_STEP][PASSED] - response = req_data.getResponseText(): null

2022-11-25 11:21:37 - [TEST_STEP][PASSED] - logInfo($response): {"status":"Done","data":{"requestid1":"255917","requestid2":"255918"}}

2022-11-25 11:21:37 - [MESSAGE][INFO] - {"status":"Done","data":{"requestid1":"255917","requestid2":"255918"}}

2022-11-25 11:21:37 - [TEST_STEP][PASSED] - delay(5): Delayed 5 second(s)

2022-11-25 11:21:42 - [MESSAGE][PASSED] - Delayed 5 second(s)

2022-11-25 11:21:42 - [TEST_STEP][PASSED] - scoring = sendRequest(findTestObject("EngineScore", ["response_searchME_kons":response_searchME_kons, "response_searchME_spouse":response_searchME_spouse])): Send request successfully

2022-11-25 11:21:42 - [MESSAGE][INFO] - HAR: D:\DMS\Engine Scoring\Reports\20221125_111232\Exclude KKB - DS - Married\Scoring Married - CS New\20221125_111233\requests\main\159.har

2022-11-25 11:21:42 - [MESSAGE][PASSED] - Send request successfully

2022-11-25 11:21:42 - [TEST_STEP][PASSED] - verifyResponseStatusCode(scoring, 200): Verify response status code successfully

2022-11-25 11:21:42 - [MESSAGE][PASSED] - Verify response status code successfully

2022-11-25 11:21:42 - [TEST_STEP][PASSED] - response2 = scoring.getResponseText(): null

2022-11-25 11:21:42 - [TEST_STEP][PASSED] - markPassed("result service data ke : " + no): result service data ke : 80

2022-11-25 11:21:42 - [MESSAGE][PASSED] - result service data ke : 80

2022-11-25 11:21:42 - [TEST_STEP][PASSED] - logInfo($response2): {"result_konsumen":"Approve","result_pasangan":"Reguler","Final_result":"Approve","errorMessage":"","status":"Done"}

2022-11-25 11:21:42 - [MESSAGE][INFO] - {"result_konsumen":"Approve","result_pasangan":"Reguler","Final_result":"Approve","errorMessage":"","status":"Done"}

2022-11-25 11:21:42 - [TEST_STEP][PASSED] - verifyElementPropertyValue(scoring, "Final_result", final_result): Verify element property value successfully

2022-11-25 11:21:42 - [MESSAGE][PASSED] - Verify element property value successfully]]></system-out>
         <system-err><![CDATA[]]></system-err>
      </testcase>
      <testcase name="Test Cases/Engine_Scoring/Engine Scoring" time="6.833" classname="Test Cases/Engine_Scoring/Engine Scoring" status="PASSED">
         <system-out><![CDATA[2022-11-25 11:21:42 - [TEST_CASE][PASSED] - Test Cases/Engine_Scoring/Engine Scoring: Test Cases/Engine_Scoring/Engine Scoring

2022-11-25 11:21:43 - [TEST_STEP][PASSED] - markPassed("Variasi data ke : " + no): Variasi data ke : 81

2022-11-25 11:21:43 - [MESSAGE][PASSED] - Variasi data ke : 81

2022-11-25 11:21:43 - [TEST_STEP][PASSED] - req_data = sendRequest(findTestObject("Search_ME", ["MID":MID, "source":source, "ip":ip, "userid":userid, "branch":branch, "tipekons":tipekons, "marital":marital, "penjamin":penjamin, ... ])): Send request successfully

2022-11-25 11:21:44 - [MESSAGE][INFO] - HAR: D:\DMS\Engine Scoring\Reports\20221125_111232\Exclude KKB - DS - Married\Scoring Married - CS New\20221125_111233\requests\main\160.har

2022-11-25 11:21:44 - [MESSAGE][PASSED] - Send request successfully

2022-11-25 11:21:44 - [TEST_STEP][PASSED] - slurper = new groovy.json.JsonSlurper(): null

2022-11-25 11:21:44 - [TEST_STEP][PASSED] - result = slurper.parseText(req_data.getResponseBodyContent()): null

2022-11-25 11:21:44 - [TEST_STEP][PASSED] - reqid_kons = requestid1: null

2022-11-25 11:21:44 - [TEST_STEP][PASSED] - reqid_spouse = requestid2: null

2022-11-25 11:21:44 - [TEST_STEP][PASSED] - println("requestid kons : " + reqid_kons): null

2022-11-25 11:21:44 - [TEST_STEP][PASSED] - response_searchME_kons = reqid_kons: null

2022-11-25 11:21:44 - [TEST_STEP][PASSED] - response_searchME_spouse = reqid_spouse: null

2022-11-25 11:21:44 - [TEST_STEP][PASSED] - println("kons req id is :" + response_searchME_kons): null

2022-11-25 11:21:44 - [TEST_STEP][PASSED] - println("spouse req id is : " + response_searchME_spouse): null

2022-11-25 11:21:44 - [TEST_STEP][PASSED] - verifyResponseStatusCode(req_data, 200): Verify response status code successfully

2022-11-25 11:21:44 - [MESSAGE][PASSED] - Verify response status code successfully

2022-11-25 11:21:44 - [TEST_STEP][PASSED] - response = req_data.getResponseText(): null

2022-11-25 11:21:44 - [TEST_STEP][PASSED] - logInfo($response): {"status":"Done","data":{"requestid1":"255919","requestid2":"255920"}}

2022-11-25 11:21:44 - [MESSAGE][INFO] - {"status":"Done","data":{"requestid1":"255919","requestid2":"255920"}}

2022-11-25 11:21:44 - [TEST_STEP][PASSED] - delay(5): Delayed 5 second(s)

2022-11-25 11:21:49 - [MESSAGE][PASSED] - Delayed 5 second(s)

2022-11-25 11:21:49 - [TEST_STEP][PASSED] - scoring = sendRequest(findTestObject("EngineScore", ["response_searchME_kons":response_searchME_kons, "response_searchME_spouse":response_searchME_spouse])): Send request successfully

2022-11-25 11:21:49 - [MESSAGE][INFO] - HAR: D:\DMS\Engine Scoring\Reports\20221125_111232\Exclude KKB - DS - Married\Scoring Married - CS New\20221125_111233\requests\main\161.har

2022-11-25 11:21:49 - [MESSAGE][PASSED] - Send request successfully

2022-11-25 11:21:49 - [TEST_STEP][PASSED] - verifyResponseStatusCode(scoring, 200): Verify response status code successfully

2022-11-25 11:21:49 - [MESSAGE][PASSED] - Verify response status code successfully

2022-11-25 11:21:49 - [TEST_STEP][PASSED] - response2 = scoring.getResponseText(): null

2022-11-25 11:21:49 - [TEST_STEP][PASSED] - markPassed("result service data ke : " + no): result service data ke : 81

2022-11-25 11:21:49 - [MESSAGE][PASSED] - result service data ke : 81

2022-11-25 11:21:49 - [TEST_STEP][PASSED] - logInfo($response2): {"result_konsumen":"Approve","result_pasangan":"Reguler","Final_result":"Approve","errorMessage":"","status":"Done"}

2022-11-25 11:21:49 - [MESSAGE][INFO] - {"result_konsumen":"Approve","result_pasangan":"Reguler","Final_result":"Approve","errorMessage":"","status":"Done"}

2022-11-25 11:21:49 - [TEST_STEP][PASSED] - verifyElementPropertyValue(scoring, "Final_result", final_result): Verify element property value successfully

2022-11-25 11:21:49 - [MESSAGE][PASSED] - Verify element property value successfully]]></system-out>
         <system-err><![CDATA[]]></system-err>
      </testcase>
      <testcase name="Test Cases/Engine_Scoring/Engine Scoring" time="6.986" classname="Test Cases/Engine_Scoring/Engine Scoring" status="PASSED">
         <system-out><![CDATA[2022-11-25 11:21:49 - [TEST_CASE][PASSED] - Test Cases/Engine_Scoring/Engine Scoring: Test Cases/Engine_Scoring/Engine Scoring

2022-11-25 11:21:50 - [TEST_STEP][PASSED] - markPassed("Variasi data ke : " + no): Variasi data ke : 82

2022-11-25 11:21:50 - [MESSAGE][PASSED] - Variasi data ke : 82

2022-11-25 11:21:50 - [TEST_STEP][PASSED] - req_data = sendRequest(findTestObject("Search_ME", ["MID":MID, "source":source, "ip":ip, "userid":userid, "branch":branch, "tipekons":tipekons, "marital":marital, "penjamin":penjamin, ... ])): Send request successfully

2022-11-25 11:21:51 - [MESSAGE][INFO] - HAR: D:\DMS\Engine Scoring\Reports\20221125_111232\Exclude KKB - DS - Married\Scoring Married - CS New\20221125_111233\requests\main\162.har

2022-11-25 11:21:51 - [MESSAGE][PASSED] - Send request successfully

2022-11-25 11:21:51 - [TEST_STEP][PASSED] - slurper = new groovy.json.JsonSlurper(): null

2022-11-25 11:21:51 - [TEST_STEP][PASSED] - result = slurper.parseText(req_data.getResponseBodyContent()): null

2022-11-25 11:21:51 - [TEST_STEP][PASSED] - reqid_kons = requestid1: null

2022-11-25 11:21:51 - [TEST_STEP][PASSED] - reqid_spouse = requestid2: null

2022-11-25 11:21:51 - [TEST_STEP][PASSED] - println("requestid kons : " + reqid_kons): null

2022-11-25 11:21:51 - [TEST_STEP][PASSED] - response_searchME_kons = reqid_kons: null

2022-11-25 11:21:51 - [TEST_STEP][PASSED] - response_searchME_spouse = reqid_spouse: null

2022-11-25 11:21:51 - [TEST_STEP][PASSED] - println("kons req id is :" + response_searchME_kons): null

2022-11-25 11:21:51 - [TEST_STEP][PASSED] - println("spouse req id is : " + response_searchME_spouse): null

2022-11-25 11:21:51 - [TEST_STEP][PASSED] - verifyResponseStatusCode(req_data, 200): Verify response status code successfully

2022-11-25 11:21:51 - [MESSAGE][PASSED] - Verify response status code successfully

2022-11-25 11:21:51 - [TEST_STEP][PASSED] - response = req_data.getResponseText(): null

2022-11-25 11:21:51 - [TEST_STEP][PASSED] - logInfo($response): {"status":"Done","data":{"requestid1":"255921","requestid2":"255922"}}

2022-11-25 11:21:51 - [MESSAGE][INFO] - {"status":"Done","data":{"requestid1":"255921","requestid2":"255922"}}

2022-11-25 11:21:51 - [TEST_STEP][PASSED] - delay(5): Delayed 5 second(s)

2022-11-25 11:21:56 - [MESSAGE][PASSED] - Delayed 5 second(s)

2022-11-25 11:21:56 - [TEST_STEP][PASSED] - scoring = sendRequest(findTestObject("EngineScore", ["response_searchME_kons":response_searchME_kons, "response_searchME_spouse":response_searchME_spouse])): Send request successfully

2022-11-25 11:21:56 - [MESSAGE][INFO] - HAR: D:\DMS\Engine Scoring\Reports\20221125_111232\Exclude KKB - DS - Married\Scoring Married - CS New\20221125_111233\requests\main\163.har

2022-11-25 11:21:56 - [MESSAGE][PASSED] - Send request successfully

2022-11-25 11:21:56 - [TEST_STEP][PASSED] - verifyResponseStatusCode(scoring, 200): Verify response status code successfully

2022-11-25 11:21:56 - [MESSAGE][PASSED] - Verify response status code successfully

2022-11-25 11:21:56 - [TEST_STEP][PASSED] - response2 = scoring.getResponseText(): null

2022-11-25 11:21:56 - [TEST_STEP][PASSED] - markPassed("result service data ke : " + no): result service data ke : 82

2022-11-25 11:21:56 - [MESSAGE][PASSED] - result service data ke : 82

2022-11-25 11:21:56 - [TEST_STEP][PASSED] - logInfo($response2): {"result_konsumen":"Approve","result_pasangan":"Reguler","Final_result":"Approve","errorMessage":"","status":"Done"}

2022-11-25 11:21:56 - [MESSAGE][INFO] - {"result_konsumen":"Approve","result_pasangan":"Reguler","Final_result":"Approve","errorMessage":"","status":"Done"}

2022-11-25 11:21:56 - [TEST_STEP][PASSED] - verifyElementPropertyValue(scoring, "Final_result", final_result): Verify element property value successfully

2022-11-25 11:21:56 - [MESSAGE][PASSED] - Verify element property value successfully]]></system-out>
         <system-err><![CDATA[]]></system-err>
      </testcase>
      <testcase name="Test Cases/Engine_Scoring/Engine Scoring" time="6.901" classname="Test Cases/Engine_Scoring/Engine Scoring" status="PASSED">
         <system-out><![CDATA[2022-11-25 11:21:56 - [TEST_CASE][PASSED] - Test Cases/Engine_Scoring/Engine Scoring: Test Cases/Engine_Scoring/Engine Scoring

2022-11-25 11:21:57 - [TEST_STEP][PASSED] - markPassed("Variasi data ke : " + no): Variasi data ke : 83

2022-11-25 11:21:57 - [MESSAGE][PASSED] - Variasi data ke : 83

2022-11-25 11:21:57 - [TEST_STEP][PASSED] - req_data = sendRequest(findTestObject("Search_ME", ["MID":MID, "source":source, "ip":ip, "userid":userid, "branch":branch, "tipekons":tipekons, "marital":marital, "penjamin":penjamin, ... ])): Send request successfully

2022-11-25 11:21:58 - [MESSAGE][INFO] - HAR: D:\DMS\Engine Scoring\Reports\20221125_111232\Exclude KKB - DS - Married\Scoring Married - CS New\20221125_111233\requests\main\164.har

2022-11-25 11:21:58 - [MESSAGE][PASSED] - Send request successfully

2022-11-25 11:21:58 - [TEST_STEP][PASSED] - slurper = new groovy.json.JsonSlurper(): null

2022-11-25 11:21:58 - [TEST_STEP][PASSED] - result = slurper.parseText(req_data.getResponseBodyContent()): null

2022-11-25 11:21:58 - [TEST_STEP][PASSED] - reqid_kons = requestid1: null

2022-11-25 11:21:58 - [TEST_STEP][PASSED] - reqid_spouse = requestid2: null

2022-11-25 11:21:58 - [TEST_STEP][PASSED] - println("requestid kons : " + reqid_kons): null

2022-11-25 11:21:58 - [TEST_STEP][PASSED] - response_searchME_kons = reqid_kons: null

2022-11-25 11:21:58 - [TEST_STEP][PASSED] - response_searchME_spouse = reqid_spouse: null

2022-11-25 11:21:58 - [TEST_STEP][PASSED] - println("kons req id is :" + response_searchME_kons): null

2022-11-25 11:21:58 - [TEST_STEP][PASSED] - println("spouse req id is : " + response_searchME_spouse): null

2022-11-25 11:21:58 - [TEST_STEP][PASSED] - verifyResponseStatusCode(req_data, 200): Verify response status code successfully

2022-11-25 11:21:58 - [MESSAGE][PASSED] - Verify response status code successfully

2022-11-25 11:21:58 - [TEST_STEP][PASSED] - response = req_data.getResponseText(): null

2022-11-25 11:21:58 - [TEST_STEP][PASSED] - logInfo($response): {"status":"Done","data":{"requestid1":"255923","requestid2":"255924"}}

2022-11-25 11:21:58 - [MESSAGE][INFO] - {"status":"Done","data":{"requestid1":"255923","requestid2":"255924"}}

2022-11-25 11:21:58 - [TEST_STEP][PASSED] - delay(5): Delayed 5 second(s)

2022-11-25 11:22:03 - [MESSAGE][PASSED] - Delayed 5 second(s)

2022-11-25 11:22:03 - [TEST_STEP][PASSED] - scoring = sendRequest(findTestObject("EngineScore", ["response_searchME_kons":response_searchME_kons, "response_searchME_spouse":response_searchME_spouse])): Send request successfully

2022-11-25 11:22:03 - [MESSAGE][INFO] - HAR: D:\DMS\Engine Scoring\Reports\20221125_111232\Exclude KKB - DS - Married\Scoring Married - CS New\20221125_111233\requests\main\165.har

2022-11-25 11:22:03 - [MESSAGE][PASSED] - Send request successfully

2022-11-25 11:22:03 - [TEST_STEP][PASSED] - verifyResponseStatusCode(scoring, 200): Verify response status code successfully

2022-11-25 11:22:03 - [MESSAGE][PASSED] - Verify response status code successfully

2022-11-25 11:22:03 - [TEST_STEP][PASSED] - response2 = scoring.getResponseText(): null

2022-11-25 11:22:03 - [TEST_STEP][PASSED] - markPassed("result service data ke : " + no): result service data ke : 83

2022-11-25 11:22:03 - [MESSAGE][PASSED] - result service data ke : 83

2022-11-25 11:22:03 - [TEST_STEP][PASSED] - logInfo($response2): {"result_konsumen":"Approve","result_pasangan":"Reguler","Final_result":"Approve","errorMessage":"","status":"Done"}

2022-11-25 11:22:03 - [MESSAGE][INFO] - {"result_konsumen":"Approve","result_pasangan":"Reguler","Final_result":"Approve","errorMessage":"","status":"Done"}

2022-11-25 11:22:03 - [TEST_STEP][PASSED] - verifyElementPropertyValue(scoring, "Final_result", final_result): Verify element property value successfully

2022-11-25 11:22:03 - [MESSAGE][PASSED] - Verify element property value successfully]]></system-out>
         <system-err><![CDATA[]]></system-err>
      </testcase>
      <testcase name="Test Cases/Engine_Scoring/Engine Scoring" time="6.912" classname="Test Cases/Engine_Scoring/Engine Scoring" status="PASSED">
         <system-out><![CDATA[2022-11-25 11:22:03 - [TEST_CASE][PASSED] - Test Cases/Engine_Scoring/Engine Scoring: Test Cases/Engine_Scoring/Engine Scoring

2022-11-25 11:22:04 - [TEST_STEP][PASSED] - markPassed("Variasi data ke : " + no): Variasi data ke : 84

2022-11-25 11:22:04 - [MESSAGE][PASSED] - Variasi data ke : 84

2022-11-25 11:22:04 - [TEST_STEP][PASSED] - req_data = sendRequest(findTestObject("Search_ME", ["MID":MID, "source":source, "ip":ip, "userid":userid, "branch":branch, "tipekons":tipekons, "marital":marital, "penjamin":penjamin, ... ])): Send request successfully

2022-11-25 11:22:05 - [MESSAGE][INFO] - HAR: D:\DMS\Engine Scoring\Reports\20221125_111232\Exclude KKB - DS - Married\Scoring Married - CS New\20221125_111233\requests\main\166.har

2022-11-25 11:22:05 - [MESSAGE][PASSED] - Send request successfully

2022-11-25 11:22:05 - [TEST_STEP][PASSED] - slurper = new groovy.json.JsonSlurper(): null

2022-11-25 11:22:05 - [TEST_STEP][PASSED] - result = slurper.parseText(req_data.getResponseBodyContent()): null

2022-11-25 11:22:05 - [TEST_STEP][PASSED] - reqid_kons = requestid1: null

2022-11-25 11:22:05 - [TEST_STEP][PASSED] - reqid_spouse = requestid2: null

2022-11-25 11:22:05 - [TEST_STEP][PASSED] - println("requestid kons : " + reqid_kons): null

2022-11-25 11:22:05 - [TEST_STEP][PASSED] - response_searchME_kons = reqid_kons: null

2022-11-25 11:22:05 - [TEST_STEP][PASSED] - response_searchME_spouse = reqid_spouse: null

2022-11-25 11:22:05 - [TEST_STEP][PASSED] - println("kons req id is :" + response_searchME_kons): null

2022-11-25 11:22:05 - [TEST_STEP][PASSED] - println("spouse req id is : " + response_searchME_spouse): null

2022-11-25 11:22:05 - [TEST_STEP][PASSED] - verifyResponseStatusCode(req_data, 200): Verify response status code successfully

2022-11-25 11:22:05 - [MESSAGE][PASSED] - Verify response status code successfully

2022-11-25 11:22:05 - [TEST_STEP][PASSED] - response = req_data.getResponseText(): null

2022-11-25 11:22:05 - [TEST_STEP][PASSED] - logInfo($response): {"status":"Done","data":{"requestid1":"255925","requestid2":"255926"}}

2022-11-25 11:22:05 - [MESSAGE][INFO] - {"status":"Done","data":{"requestid1":"255925","requestid2":"255926"}}

2022-11-25 11:22:05 - [TEST_STEP][PASSED] - delay(5): Delayed 5 second(s)

2022-11-25 11:22:10 - [MESSAGE][PASSED] - Delayed 5 second(s)

2022-11-25 11:22:10 - [TEST_STEP][PASSED] - scoring = sendRequest(findTestObject("EngineScore", ["response_searchME_kons":response_searchME_kons, "response_searchME_spouse":response_searchME_spouse])): Send request successfully

2022-11-25 11:22:10 - [MESSAGE][INFO] - HAR: D:\DMS\Engine Scoring\Reports\20221125_111232\Exclude KKB - DS - Married\Scoring Married - CS New\20221125_111233\requests\main\167.har

2022-11-25 11:22:10 - [MESSAGE][PASSED] - Send request successfully

2022-11-25 11:22:10 - [TEST_STEP][PASSED] - verifyResponseStatusCode(scoring, 200): Verify response status code successfully

2022-11-25 11:22:10 - [MESSAGE][PASSED] - Verify response status code successfully

2022-11-25 11:22:10 - [TEST_STEP][PASSED] - response2 = scoring.getResponseText(): null

2022-11-25 11:22:10 - [TEST_STEP][PASSED] - markPassed("result service data ke : " + no): result service data ke : 84

2022-11-25 11:22:10 - [MESSAGE][PASSED] - result service data ke : 84

2022-11-25 11:22:10 - [TEST_STEP][PASSED] - logInfo($response2): {"result_konsumen":"Approve","result_pasangan":"Reguler","Final_result":"Approve","errorMessage":"","status":"Done"}

2022-11-25 11:22:10 - [MESSAGE][INFO] - {"result_konsumen":"Approve","result_pasangan":"Reguler","Final_result":"Approve","errorMessage":"","status":"Done"}

2022-11-25 11:22:10 - [TEST_STEP][PASSED] - verifyElementPropertyValue(scoring, "Final_result", final_result): Verify element property value successfully

2022-11-25 11:22:10 - [MESSAGE][PASSED] - Verify element property value successfully]]></system-out>
         <system-err><![CDATA[]]></system-err>
      </testcase>
      <testcase name="Test Cases/Engine_Scoring/Engine Scoring" time="6.881" classname="Test Cases/Engine_Scoring/Engine Scoring" status="PASSED">
         <system-out><![CDATA[2022-11-25 11:22:10 - [TEST_CASE][PASSED] - Test Cases/Engine_Scoring/Engine Scoring: Test Cases/Engine_Scoring/Engine Scoring

2022-11-25 11:22:11 - [TEST_STEP][PASSED] - markPassed("Variasi data ke : " + no): Variasi data ke : 85

2022-11-25 11:22:11 - [MESSAGE][PASSED] - Variasi data ke : 85

2022-11-25 11:22:11 - [TEST_STEP][PASSED] - req_data = sendRequest(findTestObject("Search_ME", ["MID":MID, "source":source, "ip":ip, "userid":userid, "branch":branch, "tipekons":tipekons, "marital":marital, "penjamin":penjamin, ... ])): Send request successfully

2022-11-25 11:22:12 - [MESSAGE][INFO] - HAR: D:\DMS\Engine Scoring\Reports\20221125_111232\Exclude KKB - DS - Married\Scoring Married - CS New\20221125_111233\requests\main\168.har

2022-11-25 11:22:12 - [MESSAGE][PASSED] - Send request successfully

2022-11-25 11:22:12 - [TEST_STEP][PASSED] - slurper = new groovy.json.JsonSlurper(): null

2022-11-25 11:22:12 - [TEST_STEP][PASSED] - result = slurper.parseText(req_data.getResponseBodyContent()): null

2022-11-25 11:22:12 - [TEST_STEP][PASSED] - reqid_kons = requestid1: null

2022-11-25 11:22:12 - [TEST_STEP][PASSED] - reqid_spouse = requestid2: null

2022-11-25 11:22:12 - [TEST_STEP][PASSED] - println("requestid kons : " + reqid_kons): null

2022-11-25 11:22:12 - [TEST_STEP][PASSED] - response_searchME_kons = reqid_kons: null

2022-11-25 11:22:12 - [TEST_STEP][PASSED] - response_searchME_spouse = reqid_spouse: null

2022-11-25 11:22:12 - [TEST_STEP][PASSED] - println("kons req id is :" + response_searchME_kons): null

2022-11-25 11:22:12 - [TEST_STEP][PASSED] - println("spouse req id is : " + response_searchME_spouse): null

2022-11-25 11:22:12 - [TEST_STEP][PASSED] - verifyResponseStatusCode(req_data, 200): Verify response status code successfully

2022-11-25 11:22:12 - [MESSAGE][PASSED] - Verify response status code successfully

2022-11-25 11:22:12 - [TEST_STEP][PASSED] - response = req_data.getResponseText(): null

2022-11-25 11:22:12 - [TEST_STEP][PASSED] - logInfo($response): {"status":"Done","data":{"requestid1":"255927","requestid2":"255928"}}

2022-11-25 11:22:12 - [MESSAGE][INFO] - {"status":"Done","data":{"requestid1":"255927","requestid2":"255928"}}

2022-11-25 11:22:12 - [TEST_STEP][PASSED] - delay(5): Delayed 5 second(s)

2022-11-25 11:22:17 - [MESSAGE][PASSED] - Delayed 5 second(s)

2022-11-25 11:22:17 - [TEST_STEP][PASSED] - scoring = sendRequest(findTestObject("EngineScore", ["response_searchME_kons":response_searchME_kons, "response_searchME_spouse":response_searchME_spouse])): Send request successfully

2022-11-25 11:22:17 - [MESSAGE][INFO] - HAR: D:\DMS\Engine Scoring\Reports\20221125_111232\Exclude KKB - DS - Married\Scoring Married - CS New\20221125_111233\requests\main\169.har

2022-11-25 11:22:17 - [MESSAGE][PASSED] - Send request successfully

2022-11-25 11:22:17 - [TEST_STEP][PASSED] - verifyResponseStatusCode(scoring, 200): Verify response status code successfully

2022-11-25 11:22:17 - [MESSAGE][PASSED] - Verify response status code successfully

2022-11-25 11:22:17 - [TEST_STEP][PASSED] - response2 = scoring.getResponseText(): null

2022-11-25 11:22:17 - [TEST_STEP][PASSED] - markPassed("result service data ke : " + no): result service data ke : 85

2022-11-25 11:22:17 - [MESSAGE][PASSED] - result service data ke : 85

2022-11-25 11:22:17 - [TEST_STEP][PASSED] - logInfo($response2): {"result_konsumen":"Approve","result_pasangan":"Reguler","Final_result":"Approve","errorMessage":"","status":"Done"}

2022-11-25 11:22:17 - [MESSAGE][INFO] - {"result_konsumen":"Approve","result_pasangan":"Reguler","Final_result":"Approve","errorMessage":"","status":"Done"}

2022-11-25 11:22:17 - [TEST_STEP][PASSED] - verifyElementPropertyValue(scoring, "Final_result", final_result): Verify element property value successfully

2022-11-25 11:22:17 - [MESSAGE][PASSED] - Verify element property value successfully]]></system-out>
         <system-err><![CDATA[]]></system-err>
      </testcase>
      <testcase name="Test Cases/Engine_Scoring/Engine Scoring" time="6.944" classname="Test Cases/Engine_Scoring/Engine Scoring" status="PASSED">
         <system-out><![CDATA[2022-11-25 11:22:17 - [TEST_CASE][PASSED] - Test Cases/Engine_Scoring/Engine Scoring: Test Cases/Engine_Scoring/Engine Scoring

2022-11-25 11:22:18 - [TEST_STEP][PASSED] - markPassed("Variasi data ke : " + no): Variasi data ke : 86

2022-11-25 11:22:18 - [MESSAGE][PASSED] - Variasi data ke : 86

2022-11-25 11:22:18 - [TEST_STEP][PASSED] - req_data = sendRequest(findTestObject("Search_ME", ["MID":MID, "source":source, "ip":ip, "userid":userid, "branch":branch, "tipekons":tipekons, "marital":marital, "penjamin":penjamin, ... ])): Send request successfully

2022-11-25 11:22:19 - [MESSAGE][INFO] - HAR: D:\DMS\Engine Scoring\Reports\20221125_111232\Exclude KKB - DS - Married\Scoring Married - CS New\20221125_111233\requests\main\170.har

2022-11-25 11:22:19 - [MESSAGE][PASSED] - Send request successfully

2022-11-25 11:22:19 - [TEST_STEP][PASSED] - slurper = new groovy.json.JsonSlurper(): null

2022-11-25 11:22:19 - [TEST_STEP][PASSED] - result = slurper.parseText(req_data.getResponseBodyContent()): null

2022-11-25 11:22:19 - [TEST_STEP][PASSED] - reqid_kons = requestid1: null

2022-11-25 11:22:19 - [TEST_STEP][PASSED] - reqid_spouse = requestid2: null

2022-11-25 11:22:19 - [TEST_STEP][PASSED] - println("requestid kons : " + reqid_kons): null

2022-11-25 11:22:19 - [TEST_STEP][PASSED] - response_searchME_kons = reqid_kons: null

2022-11-25 11:22:19 - [TEST_STEP][PASSED] - response_searchME_spouse = reqid_spouse: null

2022-11-25 11:22:19 - [TEST_STEP][PASSED] - println("kons req id is :" + response_searchME_kons): null

2022-11-25 11:22:19 - [TEST_STEP][PASSED] - println("spouse req id is : " + response_searchME_spouse): null

2022-11-25 11:22:19 - [TEST_STEP][PASSED] - verifyResponseStatusCode(req_data, 200): Verify response status code successfully

2022-11-25 11:22:19 - [MESSAGE][PASSED] - Verify response status code successfully

2022-11-25 11:22:19 - [TEST_STEP][PASSED] - response = req_data.getResponseText(): null

2022-11-25 11:22:19 - [TEST_STEP][PASSED] - logInfo($response): {"status":"Done","data":{"requestid1":"255929","requestid2":"255930"}}

2022-11-25 11:22:19 - [MESSAGE][INFO] - {"status":"Done","data":{"requestid1":"255929","requestid2":"255930"}}

2022-11-25 11:22:19 - [TEST_STEP][PASSED] - delay(5): Delayed 5 second(s)

2022-11-25 11:22:24 - [MESSAGE][PASSED] - Delayed 5 second(s)

2022-11-25 11:22:24 - [TEST_STEP][PASSED] - scoring = sendRequest(findTestObject("EngineScore", ["response_searchME_kons":response_searchME_kons, "response_searchME_spouse":response_searchME_spouse])): Send request successfully

2022-11-25 11:22:24 - [MESSAGE][INFO] - HAR: D:\DMS\Engine Scoring\Reports\20221125_111232\Exclude KKB - DS - Married\Scoring Married - CS New\20221125_111233\requests\main\171.har

2022-11-25 11:22:24 - [MESSAGE][PASSED] - Send request successfully

2022-11-25 11:22:24 - [TEST_STEP][PASSED] - verifyResponseStatusCode(scoring, 200): Verify response status code successfully

2022-11-25 11:22:24 - [MESSAGE][PASSED] - Verify response status code successfully

2022-11-25 11:22:24 - [TEST_STEP][PASSED] - response2 = scoring.getResponseText(): null

2022-11-25 11:22:24 - [TEST_STEP][PASSED] - markPassed("result service data ke : " + no): result service data ke : 86

2022-11-25 11:22:24 - [MESSAGE][PASSED] - result service data ke : 86

2022-11-25 11:22:24 - [TEST_STEP][PASSED] - logInfo($response2): {"result_konsumen":"Approve","result_pasangan":"Reject","Final_result":"Reject","errorMessage":"","status":"Done"}

2022-11-25 11:22:24 - [MESSAGE][INFO] - {"result_konsumen":"Approve","result_pasangan":"Reject","Final_result":"Reject","errorMessage":"","status":"Done"}

2022-11-25 11:22:24 - [TEST_STEP][PASSED] - verifyElementPropertyValue(scoring, "Final_result", final_result): Verify element property value successfully

2022-11-25 11:22:24 - [MESSAGE][PASSED] - Verify element property value successfully]]></system-out>
         <system-err><![CDATA[]]></system-err>
      </testcase>
      <testcase name="Test Cases/Engine_Scoring/Engine Scoring" time="6.825" classname="Test Cases/Engine_Scoring/Engine Scoring" status="PASSED">
         <system-out><![CDATA[2022-11-25 11:22:24 - [TEST_CASE][PASSED] - Test Cases/Engine_Scoring/Engine Scoring: Test Cases/Engine_Scoring/Engine Scoring

2022-11-25 11:22:25 - [TEST_STEP][PASSED] - markPassed("Variasi data ke : " + no): Variasi data ke : 87

2022-11-25 11:22:25 - [MESSAGE][PASSED] - Variasi data ke : 87

2022-11-25 11:22:25 - [TEST_STEP][PASSED] - req_data = sendRequest(findTestObject("Search_ME", ["MID":MID, "source":source, "ip":ip, "userid":userid, "branch":branch, "tipekons":tipekons, "marital":marital, "penjamin":penjamin, ... ])): Send request successfully

2022-11-25 11:22:26 - [MESSAGE][INFO] - HAR: D:\DMS\Engine Scoring\Reports\20221125_111232\Exclude KKB - DS - Married\Scoring Married - CS New\20221125_111233\requests\main\172.har

2022-11-25 11:22:26 - [MESSAGE][PASSED] - Send request successfully

2022-11-25 11:22:26 - [TEST_STEP][PASSED] - slurper = new groovy.json.JsonSlurper(): null

2022-11-25 11:22:26 - [TEST_STEP][PASSED] - result = slurper.parseText(req_data.getResponseBodyContent()): null

2022-11-25 11:22:26 - [TEST_STEP][PASSED] - reqid_kons = requestid1: null

2022-11-25 11:22:26 - [TEST_STEP][PASSED] - reqid_spouse = requestid2: null

2022-11-25 11:22:26 - [TEST_STEP][PASSED] - println("requestid kons : " + reqid_kons): null

2022-11-25 11:22:26 - [TEST_STEP][PASSED] - response_searchME_kons = reqid_kons: null

2022-11-25 11:22:26 - [TEST_STEP][PASSED] - response_searchME_spouse = reqid_spouse: null

2022-11-25 11:22:26 - [TEST_STEP][PASSED] - println("kons req id is :" + response_searchME_kons): null

2022-11-25 11:22:26 - [TEST_STEP][PASSED] - println("spouse req id is : " + response_searchME_spouse): null

2022-11-25 11:22:26 - [TEST_STEP][PASSED] - verifyResponseStatusCode(req_data, 200): Verify response status code successfully

2022-11-25 11:22:26 - [MESSAGE][PASSED] - Verify response status code successfully

2022-11-25 11:22:26 - [TEST_STEP][PASSED] - response = req_data.getResponseText(): null

2022-11-25 11:22:26 - [TEST_STEP][PASSED] - logInfo($response): {"status":"Done","data":{"requestid1":"255931","requestid2":"255932"}}

2022-11-25 11:22:26 - [MESSAGE][INFO] - {"status":"Done","data":{"requestid1":"255931","requestid2":"255932"}}

2022-11-25 11:22:26 - [TEST_STEP][PASSED] - delay(5): Delayed 5 second(s)

2022-11-25 11:22:31 - [MESSAGE][PASSED] - Delayed 5 second(s)

2022-11-25 11:22:31 - [TEST_STEP][PASSED] - scoring = sendRequest(findTestObject("EngineScore", ["response_searchME_kons":response_searchME_kons, "response_searchME_spouse":response_searchME_spouse])): Send request successfully

2022-11-25 11:22:31 - [MESSAGE][INFO] - HAR: D:\DMS\Engine Scoring\Reports\20221125_111232\Exclude KKB - DS - Married\Scoring Married - CS New\20221125_111233\requests\main\173.har

2022-11-25 11:22:31 - [MESSAGE][PASSED] - Send request successfully

2022-11-25 11:22:31 - [TEST_STEP][PASSED] - verifyResponseStatusCode(scoring, 200): Verify response status code successfully

2022-11-25 11:22:31 - [MESSAGE][PASSED] - Verify response status code successfully

2022-11-25 11:22:31 - [TEST_STEP][PASSED] - response2 = scoring.getResponseText(): null

2022-11-25 11:22:31 - [TEST_STEP][PASSED] - markPassed("result service data ke : " + no): result service data ke : 87

2022-11-25 11:22:31 - [MESSAGE][PASSED] - result service data ke : 87

2022-11-25 11:22:31 - [TEST_STEP][PASSED] - logInfo($response2): {"result_konsumen":"Approve","result_pasangan":"Reject","Final_result":"Reject","errorMessage":"","status":"Done"}

2022-11-25 11:22:31 - [MESSAGE][INFO] - {"result_konsumen":"Approve","result_pasangan":"Reject","Final_result":"Reject","errorMessage":"","status":"Done"}

2022-11-25 11:22:31 - [TEST_STEP][PASSED] - verifyElementPropertyValue(scoring, "Final_result", final_result): Verify element property value successfully

2022-11-25 11:22:31 - [MESSAGE][PASSED] - Verify element property value successfully]]></system-out>
         <system-err><![CDATA[]]></system-err>
      </testcase>
      <testcase name="Test Cases/Engine_Scoring/Engine Scoring" time="6.947" classname="Test Cases/Engine_Scoring/Engine Scoring" status="PASSED">
         <system-out><![CDATA[2022-11-25 11:22:31 - [TEST_CASE][PASSED] - Test Cases/Engine_Scoring/Engine Scoring: Test Cases/Engine_Scoring/Engine Scoring

2022-11-25 11:22:32 - [TEST_STEP][PASSED] - markPassed("Variasi data ke : " + no): Variasi data ke : 88

2022-11-25 11:22:32 - [MESSAGE][PASSED] - Variasi data ke : 88

2022-11-25 11:22:32 - [TEST_STEP][PASSED] - req_data = sendRequest(findTestObject("Search_ME", ["MID":MID, "source":source, "ip":ip, "userid":userid, "branch":branch, "tipekons":tipekons, "marital":marital, "penjamin":penjamin, ... ])): Send request successfully

2022-11-25 11:22:33 - [MESSAGE][INFO] - HAR: D:\DMS\Engine Scoring\Reports\20221125_111232\Exclude KKB - DS - Married\Scoring Married - CS New\20221125_111233\requests\main\174.har

2022-11-25 11:22:33 - [MESSAGE][PASSED] - Send request successfully

2022-11-25 11:22:33 - [TEST_STEP][PASSED] - slurper = new groovy.json.JsonSlurper(): null

2022-11-25 11:22:33 - [TEST_STEP][PASSED] - result = slurper.parseText(req_data.getResponseBodyContent()): null

2022-11-25 11:22:33 - [TEST_STEP][PASSED] - reqid_kons = requestid1: null

2022-11-25 11:22:33 - [TEST_STEP][PASSED] - reqid_spouse = requestid2: null

2022-11-25 11:22:33 - [TEST_STEP][PASSED] - println("requestid kons : " + reqid_kons): null

2022-11-25 11:22:33 - [TEST_STEP][PASSED] - response_searchME_kons = reqid_kons: null

2022-11-25 11:22:33 - [TEST_STEP][PASSED] - response_searchME_spouse = reqid_spouse: null

2022-11-25 11:22:33 - [TEST_STEP][PASSED] - println("kons req id is :" + response_searchME_kons): null

2022-11-25 11:22:33 - [TEST_STEP][PASSED] - println("spouse req id is : " + response_searchME_spouse): null

2022-11-25 11:22:33 - [TEST_STEP][PASSED] - verifyResponseStatusCode(req_data, 200): Verify response status code successfully

2022-11-25 11:22:33 - [MESSAGE][PASSED] - Verify response status code successfully

2022-11-25 11:22:33 - [TEST_STEP][PASSED] - response = req_data.getResponseText(): null

2022-11-25 11:22:33 - [TEST_STEP][PASSED] - logInfo($response): {"status":"Done","data":{"requestid1":"255933","requestid2":"255934"}}

2022-11-25 11:22:33 - [MESSAGE][INFO] - {"status":"Done","data":{"requestid1":"255933","requestid2":"255934"}}

2022-11-25 11:22:33 - [TEST_STEP][PASSED] - delay(5): Delayed 5 second(s)

2022-11-25 11:22:38 - [MESSAGE][PASSED] - Delayed 5 second(s)

2022-11-25 11:22:38 - [TEST_STEP][PASSED] - scoring = sendRequest(findTestObject("EngineScore", ["response_searchME_kons":response_searchME_kons, "response_searchME_spouse":response_searchME_spouse])): Send request successfully

2022-11-25 11:22:38 - [MESSAGE][INFO] - HAR: D:\DMS\Engine Scoring\Reports\20221125_111232\Exclude KKB - DS - Married\Scoring Married - CS New\20221125_111233\requests\main\175.har

2022-11-25 11:22:38 - [MESSAGE][PASSED] - Send request successfully

2022-11-25 11:22:38 - [TEST_STEP][PASSED] - verifyResponseStatusCode(scoring, 200): Verify response status code successfully

2022-11-25 11:22:38 - [MESSAGE][PASSED] - Verify response status code successfully

2022-11-25 11:22:38 - [TEST_STEP][PASSED] - response2 = scoring.getResponseText(): null

2022-11-25 11:22:38 - [TEST_STEP][PASSED] - markPassed("result service data ke : " + no): result service data ke : 88

2022-11-25 11:22:38 - [MESSAGE][PASSED] - result service data ke : 88

2022-11-25 11:22:38 - [TEST_STEP][PASSED] - logInfo($response2): {"result_konsumen":"Approve","result_pasangan":"Reject","Final_result":"Reject","errorMessage":"","status":"Done"}

2022-11-25 11:22:38 - [MESSAGE][INFO] - {"result_konsumen":"Approve","result_pasangan":"Reject","Final_result":"Reject","errorMessage":"","status":"Done"}

2022-11-25 11:22:38 - [TEST_STEP][PASSED] - verifyElementPropertyValue(scoring, "Final_result", final_result): Verify element property value successfully

2022-11-25 11:22:38 - [MESSAGE][PASSED] - Verify element property value successfully]]></system-out>
         <system-err><![CDATA[]]></system-err>
      </testcase>
      <testcase name="Test Cases/Engine_Scoring/Engine Scoring" time="7.072" classname="Test Cases/Engine_Scoring/Engine Scoring" status="PASSED">
         <system-out><![CDATA[2022-11-25 11:22:38 - [TEST_CASE][PASSED] - Test Cases/Engine_Scoring/Engine Scoring: Test Cases/Engine_Scoring/Engine Scoring

2022-11-25 11:22:39 - [TEST_STEP][PASSED] - markPassed("Variasi data ke : " + no): Variasi data ke : 89

2022-11-25 11:22:39 - [MESSAGE][PASSED] - Variasi data ke : 89

2022-11-25 11:22:39 - [TEST_STEP][PASSED] - req_data = sendRequest(findTestObject("Search_ME", ["MID":MID, "source":source, "ip":ip, "userid":userid, "branch":branch, "tipekons":tipekons, "marital":marital, "penjamin":penjamin, ... ])): Send request successfully

2022-11-25 11:22:40 - [MESSAGE][INFO] - HAR: D:\DMS\Engine Scoring\Reports\20221125_111232\Exclude KKB - DS - Married\Scoring Married - CS New\20221125_111233\requests\main\176.har

2022-11-25 11:22:40 - [MESSAGE][PASSED] - Send request successfully

2022-11-25 11:22:40 - [TEST_STEP][PASSED] - slurper = new groovy.json.JsonSlurper(): null

2022-11-25 11:22:40 - [TEST_STEP][PASSED] - result = slurper.parseText(req_data.getResponseBodyContent()): null

2022-11-25 11:22:40 - [TEST_STEP][PASSED] - reqid_kons = requestid1: null

2022-11-25 11:22:40 - [TEST_STEP][PASSED] - reqid_spouse = requestid2: null

2022-11-25 11:22:40 - [TEST_STEP][PASSED] - println("requestid kons : " + reqid_kons): null

2022-11-25 11:22:40 - [TEST_STEP][PASSED] - response_searchME_kons = reqid_kons: null

2022-11-25 11:22:40 - [TEST_STEP][PASSED] - response_searchME_spouse = reqid_spouse: null

2022-11-25 11:22:40 - [TEST_STEP][PASSED] - println("kons req id is :" + response_searchME_kons): null

2022-11-25 11:22:40 - [TEST_STEP][PASSED] - println("spouse req id is : " + response_searchME_spouse): null

2022-11-25 11:22:40 - [TEST_STEP][PASSED] - verifyResponseStatusCode(req_data, 200): Verify response status code successfully

2022-11-25 11:22:40 - [MESSAGE][PASSED] - Verify response status code successfully

2022-11-25 11:22:40 - [TEST_STEP][PASSED] - response = req_data.getResponseText(): null

2022-11-25 11:22:40 - [TEST_STEP][PASSED] - logInfo($response): {"status":"Done","data":{"requestid1":"255935","requestid2":"255936"}}

2022-11-25 11:22:40 - [MESSAGE][INFO] - {"status":"Done","data":{"requestid1":"255935","requestid2":"255936"}}

2022-11-25 11:22:40 - [TEST_STEP][PASSED] - delay(5): Delayed 5 second(s)

2022-11-25 11:22:45 - [MESSAGE][PASSED] - Delayed 5 second(s)

2022-11-25 11:22:45 - [TEST_STEP][PASSED] - scoring = sendRequest(findTestObject("EngineScore", ["response_searchME_kons":response_searchME_kons, "response_searchME_spouse":response_searchME_spouse])): Send request successfully

2022-11-25 11:22:45 - [MESSAGE][INFO] - HAR: D:\DMS\Engine Scoring\Reports\20221125_111232\Exclude KKB - DS - Married\Scoring Married - CS New\20221125_111233\requests\main\177.har

2022-11-25 11:22:45 - [MESSAGE][PASSED] - Send request successfully

2022-11-25 11:22:45 - [TEST_STEP][PASSED] - verifyResponseStatusCode(scoring, 200): Verify response status code successfully

2022-11-25 11:22:45 - [MESSAGE][PASSED] - Verify response status code successfully

2022-11-25 11:22:45 - [TEST_STEP][PASSED] - response2 = scoring.getResponseText(): null

2022-11-25 11:22:45 - [TEST_STEP][PASSED] - markPassed("result service data ke : " + no): result service data ke : 89

2022-11-25 11:22:45 - [MESSAGE][PASSED] - result service data ke : 89

2022-11-25 11:22:45 - [TEST_STEP][PASSED] - logInfo($response2): {"result_konsumen":"Approve","result_pasangan":"Reguler","Final_result":"Approve","errorMessage":"","status":"Done"}

2022-11-25 11:22:45 - [MESSAGE][INFO] - {"result_konsumen":"Approve","result_pasangan":"Reguler","Final_result":"Approve","errorMessage":"","status":"Done"}

2022-11-25 11:22:45 - [TEST_STEP][PASSED] - verifyElementPropertyValue(scoring, "Final_result", final_result): Verify element property value successfully

2022-11-25 11:22:45 - [MESSAGE][PASSED] - Verify element property value successfully]]></system-out>
         <system-err><![CDATA[]]></system-err>
      </testcase>
      <testcase name="Test Cases/Engine_Scoring/Engine Scoring" time="9.726" classname="Test Cases/Engine_Scoring/Engine Scoring" status="PASSED">
         <system-out><![CDATA[2022-11-25 11:22:45 - [TEST_CASE][PASSED] - Test Cases/Engine_Scoring/Engine Scoring: Test Cases/Engine_Scoring/Engine Scoring

2022-11-25 11:22:49 - [TEST_STEP][PASSED] - markPassed("Variasi data ke : " + no): Variasi data ke : 90

2022-11-25 11:22:49 - [MESSAGE][PASSED] - Variasi data ke : 90

2022-11-25 11:22:49 - [TEST_STEP][PASSED] - req_data = sendRequest(findTestObject("Search_ME", ["MID":MID, "source":source, "ip":ip, "userid":userid, "branch":branch, "tipekons":tipekons, "marital":marital, "penjamin":penjamin, ... ])): Send request successfully

2022-11-25 11:22:50 - [MESSAGE][INFO] - HAR: D:\DMS\Engine Scoring\Reports\20221125_111232\Exclude KKB - DS - Married\Scoring Married - CS New\20221125_111233\requests\main\178.har

2022-11-25 11:22:50 - [MESSAGE][PASSED] - Send request successfully

2022-11-25 11:22:50 - [TEST_STEP][PASSED] - slurper = new groovy.json.JsonSlurper(): null

2022-11-25 11:22:50 - [TEST_STEP][PASSED] - result = slurper.parseText(req_data.getResponseBodyContent()): null

2022-11-25 11:22:50 - [TEST_STEP][PASSED] - reqid_kons = requestid1: null

2022-11-25 11:22:50 - [TEST_STEP][PASSED] - reqid_spouse = requestid2: null

2022-11-25 11:22:50 - [TEST_STEP][PASSED] - println("requestid kons : " + reqid_kons): null

2022-11-25 11:22:50 - [TEST_STEP][PASSED] - response_searchME_kons = reqid_kons: null

2022-11-25 11:22:50 - [TEST_STEP][PASSED] - response_searchME_spouse = reqid_spouse: null

2022-11-25 11:22:50 - [TEST_STEP][PASSED] - println("kons req id is :" + response_searchME_kons): null

2022-11-25 11:22:50 - [TEST_STEP][PASSED] - println("spouse req id is : " + response_searchME_spouse): null

2022-11-25 11:22:50 - [TEST_STEP][PASSED] - verifyResponseStatusCode(req_data, 200): Verify response status code successfully

2022-11-25 11:22:50 - [MESSAGE][PASSED] - Verify response status code successfully

2022-11-25 11:22:50 - [TEST_STEP][PASSED] - response = req_data.getResponseText(): null

2022-11-25 11:22:50 - [TEST_STEP][PASSED] - logInfo($response): {"status":"Done","data":{"requestid1":"255937","requestid2":"255938"}}

2022-11-25 11:22:50 - [MESSAGE][INFO] - {"status":"Done","data":{"requestid1":"255937","requestid2":"255938"}}

2022-11-25 11:22:50 - [TEST_STEP][PASSED] - delay(5): Delayed 5 second(s)

2022-11-25 11:22:55 - [MESSAGE][PASSED] - Delayed 5 second(s)

2022-11-25 11:22:55 - [TEST_STEP][PASSED] - scoring = sendRequest(findTestObject("EngineScore", ["response_searchME_kons":response_searchME_kons, "response_searchME_spouse":response_searchME_spouse])): Send request successfully

2022-11-25 11:22:55 - [MESSAGE][INFO] - HAR: D:\DMS\Engine Scoring\Reports\20221125_111232\Exclude KKB - DS - Married\Scoring Married - CS New\20221125_111233\requests\main\179.har

2022-11-25 11:22:55 - [MESSAGE][PASSED] - Send request successfully

2022-11-25 11:22:55 - [TEST_STEP][PASSED] - verifyResponseStatusCode(scoring, 200): Verify response status code successfully

2022-11-25 11:22:55 - [MESSAGE][PASSED] - Verify response status code successfully

2022-11-25 11:22:55 - [TEST_STEP][PASSED] - response2 = scoring.getResponseText(): null

2022-11-25 11:22:55 - [TEST_STEP][PASSED] - markPassed("result service data ke : " + no): result service data ke : 90

2022-11-25 11:22:55 - [MESSAGE][PASSED] - result service data ke : 90

2022-11-25 11:22:55 - [TEST_STEP][PASSED] - logInfo($response2): {"result_konsumen":"Approve","result_pasangan":"Reguler","Final_result":"Approve","errorMessage":"","status":"Done"}

2022-11-25 11:22:55 - [MESSAGE][INFO] - {"result_konsumen":"Approve","result_pasangan":"Reguler","Final_result":"Approve","errorMessage":"","status":"Done"}

2022-11-25 11:22:55 - [TEST_STEP][PASSED] - verifyElementPropertyValue(scoring, "Final_result", final_result): Verify element property value successfully

2022-11-25 11:22:55 - [MESSAGE][PASSED] - Verify element property value successfully]]></system-out>
         <system-err><![CDATA[]]></system-err>
      </testcase>
      <testcase name="Test Cases/Engine_Scoring/Engine Scoring" time="6.897" classname="Test Cases/Engine_Scoring/Engine Scoring" status="PASSED">
         <system-out><![CDATA[2022-11-25 11:22:55 - [TEST_CASE][PASSED] - Test Cases/Engine_Scoring/Engine Scoring: Test Cases/Engine_Scoring/Engine Scoring

2022-11-25 11:22:56 - [TEST_STEP][PASSED] - markPassed("Variasi data ke : " + no): Variasi data ke : 91

2022-11-25 11:22:56 - [MESSAGE][PASSED] - Variasi data ke : 91

2022-11-25 11:22:56 - [TEST_STEP][PASSED] - req_data = sendRequest(findTestObject("Search_ME", ["MID":MID, "source":source, "ip":ip, "userid":userid, "branch":branch, "tipekons":tipekons, "marital":marital, "penjamin":penjamin, ... ])): Send request successfully

2022-11-25 11:22:57 - [MESSAGE][INFO] - HAR: D:\DMS\Engine Scoring\Reports\20221125_111232\Exclude KKB - DS - Married\Scoring Married - CS New\20221125_111233\requests\main\180.har

2022-11-25 11:22:57 - [MESSAGE][PASSED] - Send request successfully

2022-11-25 11:22:57 - [TEST_STEP][PASSED] - slurper = new groovy.json.JsonSlurper(): null

2022-11-25 11:22:57 - [TEST_STEP][PASSED] - result = slurper.parseText(req_data.getResponseBodyContent()): null

2022-11-25 11:22:57 - [TEST_STEP][PASSED] - reqid_kons = requestid1: null

2022-11-25 11:22:57 - [TEST_STEP][PASSED] - reqid_spouse = requestid2: null

2022-11-25 11:22:57 - [TEST_STEP][PASSED] - println("requestid kons : " + reqid_kons): null

2022-11-25 11:22:57 - [TEST_STEP][PASSED] - response_searchME_kons = reqid_kons: null

2022-11-25 11:22:57 - [TEST_STEP][PASSED] - response_searchME_spouse = reqid_spouse: null

2022-11-25 11:22:57 - [TEST_STEP][PASSED] - println("kons req id is :" + response_searchME_kons): null

2022-11-25 11:22:57 - [TEST_STEP][PASSED] - println("spouse req id is : " + response_searchME_spouse): null

2022-11-25 11:22:57 - [TEST_STEP][PASSED] - verifyResponseStatusCode(req_data, 200): Verify response status code successfully

2022-11-25 11:22:57 - [MESSAGE][PASSED] - Verify response status code successfully

2022-11-25 11:22:57 - [TEST_STEP][PASSED] - response = req_data.getResponseText(): null

2022-11-25 11:22:57 - [TEST_STEP][PASSED] - logInfo($response): {"status":"Done","data":{"requestid1":"255939","requestid2":"255940"}}

2022-11-25 11:22:57 - [MESSAGE][INFO] - {"status":"Done","data":{"requestid1":"255939","requestid2":"255940"}}

2022-11-25 11:22:57 - [TEST_STEP][PASSED] - delay(5): Delayed 5 second(s)

2022-11-25 11:23:02 - [MESSAGE][PASSED] - Delayed 5 second(s)

2022-11-25 11:23:02 - [TEST_STEP][PASSED] - scoring = sendRequest(findTestObject("EngineScore", ["response_searchME_kons":response_searchME_kons, "response_searchME_spouse":response_searchME_spouse])): Send request successfully

2022-11-25 11:23:02 - [MESSAGE][INFO] - HAR: D:\DMS\Engine Scoring\Reports\20221125_111232\Exclude KKB - DS - Married\Scoring Married - CS New\20221125_111233\requests\main\181.har

2022-11-25 11:23:02 - [MESSAGE][PASSED] - Send request successfully

2022-11-25 11:23:02 - [TEST_STEP][PASSED] - verifyResponseStatusCode(scoring, 200): Verify response status code successfully

2022-11-25 11:23:02 - [MESSAGE][PASSED] - Verify response status code successfully

2022-11-25 11:23:02 - [TEST_STEP][PASSED] - response2 = scoring.getResponseText(): null

2022-11-25 11:23:02 - [TEST_STEP][PASSED] - markPassed("result service data ke : " + no): result service data ke : 91

2022-11-25 11:23:02 - [MESSAGE][PASSED] - result service data ke : 91

2022-11-25 11:23:02 - [TEST_STEP][PASSED] - logInfo($response2): {"result_konsumen":"Approve","result_pasangan":"Approve","Final_result":"Approve","errorMessage":"","status":"Done"}

2022-11-25 11:23:02 - [MESSAGE][INFO] - {"result_konsumen":"Approve","result_pasangan":"Approve","Final_result":"Approve","errorMessage":"","status":"Done"}

2022-11-25 11:23:02 - [TEST_STEP][PASSED] - verifyElementPropertyValue(scoring, "Final_result", final_result): Verify element property value successfully

2022-11-25 11:23:02 - [MESSAGE][PASSED] - Verify element property value successfully]]></system-out>
         <system-err><![CDATA[]]></system-err>
      </testcase>
      <testcase name="Test Cases/Engine_Scoring/Engine Scoring" time="6.973" classname="Test Cases/Engine_Scoring/Engine Scoring" status="PASSED">
         <system-out><![CDATA[2022-11-25 11:23:02 - [TEST_CASE][PASSED] - Test Cases/Engine_Scoring/Engine Scoring: Test Cases/Engine_Scoring/Engine Scoring

2022-11-25 11:23:03 - [TEST_STEP][PASSED] - markPassed("Variasi data ke : " + no): Variasi data ke : 92

2022-11-25 11:23:03 - [MESSAGE][PASSED] - Variasi data ke : 92

2022-11-25 11:23:03 - [TEST_STEP][PASSED] - req_data = sendRequest(findTestObject("Search_ME", ["MID":MID, "source":source, "ip":ip, "userid":userid, "branch":branch, "tipekons":tipekons, "marital":marital, "penjamin":penjamin, ... ])): Send request successfully

2022-11-25 11:23:04 - [MESSAGE][INFO] - HAR: D:\DMS\Engine Scoring\Reports\20221125_111232\Exclude KKB - DS - Married\Scoring Married - CS New\20221125_111233\requests\main\182.har

2022-11-25 11:23:04 - [MESSAGE][PASSED] - Send request successfully

2022-11-25 11:23:04 - [TEST_STEP][PASSED] - slurper = new groovy.json.JsonSlurper(): null

2022-11-25 11:23:04 - [TEST_STEP][PASSED] - result = slurper.parseText(req_data.getResponseBodyContent()): null

2022-11-25 11:23:04 - [TEST_STEP][PASSED] - reqid_kons = requestid1: null

2022-11-25 11:23:04 - [TEST_STEP][PASSED] - reqid_spouse = requestid2: null

2022-11-25 11:23:04 - [TEST_STEP][PASSED] - println("requestid kons : " + reqid_kons): null

2022-11-25 11:23:04 - [TEST_STEP][PASSED] - response_searchME_kons = reqid_kons: null

2022-11-25 11:23:04 - [TEST_STEP][PASSED] - response_searchME_spouse = reqid_spouse: null

2022-11-25 11:23:04 - [TEST_STEP][PASSED] - println("kons req id is :" + response_searchME_kons): null

2022-11-25 11:23:04 - [TEST_STEP][PASSED] - println("spouse req id is : " + response_searchME_spouse): null

2022-11-25 11:23:04 - [TEST_STEP][PASSED] - verifyResponseStatusCode(req_data, 200): Verify response status code successfully

2022-11-25 11:23:04 - [MESSAGE][PASSED] - Verify response status code successfully

2022-11-25 11:23:04 - [TEST_STEP][PASSED] - response = req_data.getResponseText(): null

2022-11-25 11:23:04 - [TEST_STEP][PASSED] - logInfo($response): {"status":"Done","data":{"requestid1":"255941","requestid2":"255942"}}

2022-11-25 11:23:04 - [MESSAGE][INFO] - {"status":"Done","data":{"requestid1":"255941","requestid2":"255942"}}

2022-11-25 11:23:04 - [TEST_STEP][PASSED] - delay(5): Delayed 5 second(s)

2022-11-25 11:23:09 - [MESSAGE][PASSED] - Delayed 5 second(s)

2022-11-25 11:23:09 - [TEST_STEP][PASSED] - scoring = sendRequest(findTestObject("EngineScore", ["response_searchME_kons":response_searchME_kons, "response_searchME_spouse":response_searchME_spouse])): Send request successfully

2022-11-25 11:23:09 - [MESSAGE][INFO] - HAR: D:\DMS\Engine Scoring\Reports\20221125_111232\Exclude KKB - DS - Married\Scoring Married - CS New\20221125_111233\requests\main\183.har

2022-11-25 11:23:09 - [MESSAGE][PASSED] - Send request successfully

2022-11-25 11:23:09 - [TEST_STEP][PASSED] - verifyResponseStatusCode(scoring, 200): Verify response status code successfully

2022-11-25 11:23:09 - [MESSAGE][PASSED] - Verify response status code successfully

2022-11-25 11:23:09 - [TEST_STEP][PASSED] - response2 = scoring.getResponseText(): null

2022-11-25 11:23:09 - [TEST_STEP][PASSED] - markPassed("result service data ke : " + no): result service data ke : 92

2022-11-25 11:23:09 - [MESSAGE][PASSED] - result service data ke : 92

2022-11-25 11:23:09 - [TEST_STEP][PASSED] - logInfo($response2): {"result_konsumen":"Approve","result_pasangan":"Approve","Final_result":"Approve","errorMessage":"","status":"Done"}

2022-11-25 11:23:09 - [MESSAGE][INFO] - {"result_konsumen":"Approve","result_pasangan":"Approve","Final_result":"Approve","errorMessage":"","status":"Done"}

2022-11-25 11:23:09 - [TEST_STEP][PASSED] - verifyElementPropertyValue(scoring, "Final_result", final_result): Verify element property value successfully

2022-11-25 11:23:09 - [MESSAGE][PASSED] - Verify element property value successfully]]></system-out>
         <system-err><![CDATA[]]></system-err>
      </testcase>
      <testcase name="Test Cases/Engine_Scoring/Engine Scoring" time="7.092" classname="Test Cases/Engine_Scoring/Engine Scoring" status="PASSED">
         <system-out><![CDATA[2022-11-25 11:23:09 - [TEST_CASE][PASSED] - Test Cases/Engine_Scoring/Engine Scoring: Test Cases/Engine_Scoring/Engine Scoring

2022-11-25 11:23:10 - [TEST_STEP][PASSED] - markPassed("Variasi data ke : " + no): Variasi data ke : 93

2022-11-25 11:23:10 - [MESSAGE][PASSED] - Variasi data ke : 93

2022-11-25 11:23:10 - [TEST_STEP][PASSED] - req_data = sendRequest(findTestObject("Search_ME", ["MID":MID, "source":source, "ip":ip, "userid":userid, "branch":branch, "tipekons":tipekons, "marital":marital, "penjamin":penjamin, ... ])): Send request successfully

2022-11-25 11:23:11 - [MESSAGE][INFO] - HAR: D:\DMS\Engine Scoring\Reports\20221125_111232\Exclude KKB - DS - Married\Scoring Married - CS New\20221125_111233\requests\main\184.har

2022-11-25 11:23:11 - [MESSAGE][PASSED] - Send request successfully

2022-11-25 11:23:11 - [TEST_STEP][PASSED] - slurper = new groovy.json.JsonSlurper(): null

2022-11-25 11:23:11 - [TEST_STEP][PASSED] - result = slurper.parseText(req_data.getResponseBodyContent()): null

2022-11-25 11:23:11 - [TEST_STEP][PASSED] - reqid_kons = requestid1: null

2022-11-25 11:23:11 - [TEST_STEP][PASSED] - reqid_spouse = requestid2: null

2022-11-25 11:23:11 - [TEST_STEP][PASSED] - println("requestid kons : " + reqid_kons): null

2022-11-25 11:23:11 - [TEST_STEP][PASSED] - response_searchME_kons = reqid_kons: null

2022-11-25 11:23:11 - [TEST_STEP][PASSED] - response_searchME_spouse = reqid_spouse: null

2022-11-25 11:23:11 - [TEST_STEP][PASSED] - println("kons req id is :" + response_searchME_kons): null

2022-11-25 11:23:11 - [TEST_STEP][PASSED] - println("spouse req id is : " + response_searchME_spouse): null

2022-11-25 11:23:11 - [TEST_STEP][PASSED] - verifyResponseStatusCode(req_data, 200): Verify response status code successfully

2022-11-25 11:23:11 - [MESSAGE][PASSED] - Verify response status code successfully

2022-11-25 11:23:11 - [TEST_STEP][PASSED] - response = req_data.getResponseText(): null

2022-11-25 11:23:11 - [TEST_STEP][PASSED] - logInfo($response): {"status":"Done","data":{"requestid1":"255943","requestid2":"255944"}}

2022-11-25 11:23:11 - [MESSAGE][INFO] - {"status":"Done","data":{"requestid1":"255943","requestid2":"255944"}}

2022-11-25 11:23:11 - [TEST_STEP][PASSED] - delay(5): Delayed 5 second(s)

2022-11-25 11:23:16 - [MESSAGE][PASSED] - Delayed 5 second(s)

2022-11-25 11:23:16 - [TEST_STEP][PASSED] - scoring = sendRequest(findTestObject("EngineScore", ["response_searchME_kons":response_searchME_kons, "response_searchME_spouse":response_searchME_spouse])): Send request successfully

2022-11-25 11:23:16 - [MESSAGE][INFO] - HAR: D:\DMS\Engine Scoring\Reports\20221125_111232\Exclude KKB - DS - Married\Scoring Married - CS New\20221125_111233\requests\main\185.har

2022-11-25 11:23:16 - [MESSAGE][PASSED] - Send request successfully

2022-11-25 11:23:16 - [TEST_STEP][PASSED] - verifyResponseStatusCode(scoring, 200): Verify response status code successfully

2022-11-25 11:23:16 - [MESSAGE][PASSED] - Verify response status code successfully

2022-11-25 11:23:16 - [TEST_STEP][PASSED] - response2 = scoring.getResponseText(): null

2022-11-25 11:23:16 - [TEST_STEP][PASSED] - markPassed("result service data ke : " + no): result service data ke : 93

2022-11-25 11:23:16 - [MESSAGE][PASSED] - result service data ke : 93

2022-11-25 11:23:16 - [TEST_STEP][PASSED] - logInfo($response2): {"result_konsumen":"Approve","result_pasangan":"Approve","Final_result":"Approve","errorMessage":"","status":"Done"}

2022-11-25 11:23:16 - [MESSAGE][INFO] - {"result_konsumen":"Approve","result_pasangan":"Approve","Final_result":"Approve","errorMessage":"","status":"Done"}

2022-11-25 11:23:16 - [TEST_STEP][PASSED] - verifyElementPropertyValue(scoring, "Final_result", final_result): Verify element property value successfully

2022-11-25 11:23:16 - [MESSAGE][PASSED] - Verify element property value successfully]]></system-out>
         <system-err><![CDATA[]]></system-err>
      </testcase>
      <testcase name="Test Cases/Engine_Scoring/Engine Scoring" time="6.875" classname="Test Cases/Engine_Scoring/Engine Scoring" status="PASSED">
         <system-out><![CDATA[2022-11-25 11:23:16 - [TEST_CASE][PASSED] - Test Cases/Engine_Scoring/Engine Scoring: Test Cases/Engine_Scoring/Engine Scoring

2022-11-25 11:23:17 - [TEST_STEP][PASSED] - markPassed("Variasi data ke : " + no): Variasi data ke : 94

2022-11-25 11:23:17 - [MESSAGE][PASSED] - Variasi data ke : 94

2022-11-25 11:23:17 - [TEST_STEP][PASSED] - req_data = sendRequest(findTestObject("Search_ME", ["MID":MID, "source":source, "ip":ip, "userid":userid, "branch":branch, "tipekons":tipekons, "marital":marital, "penjamin":penjamin, ... ])): Send request successfully

2022-11-25 11:23:18 - [MESSAGE][INFO] - HAR: D:\DMS\Engine Scoring\Reports\20221125_111232\Exclude KKB - DS - Married\Scoring Married - CS New\20221125_111233\requests\main\186.har

2022-11-25 11:23:18 - [MESSAGE][PASSED] - Send request successfully

2022-11-25 11:23:18 - [TEST_STEP][PASSED] - slurper = new groovy.json.JsonSlurper(): null

2022-11-25 11:23:18 - [TEST_STEP][PASSED] - result = slurper.parseText(req_data.getResponseBodyContent()): null

2022-11-25 11:23:18 - [TEST_STEP][PASSED] - reqid_kons = requestid1: null

2022-11-25 11:23:18 - [TEST_STEP][PASSED] - reqid_spouse = requestid2: null

2022-11-25 11:23:18 - [TEST_STEP][PASSED] - println("requestid kons : " + reqid_kons): null

2022-11-25 11:23:18 - [TEST_STEP][PASSED] - response_searchME_kons = reqid_kons: null

2022-11-25 11:23:18 - [TEST_STEP][PASSED] - response_searchME_spouse = reqid_spouse: null

2022-11-25 11:23:18 - [TEST_STEP][PASSED] - println("kons req id is :" + response_searchME_kons): null

2022-11-25 11:23:18 - [TEST_STEP][PASSED] - println("spouse req id is : " + response_searchME_spouse): null

2022-11-25 11:23:18 - [TEST_STEP][PASSED] - verifyResponseStatusCode(req_data, 200): Verify response status code successfully

2022-11-25 11:23:18 - [MESSAGE][PASSED] - Verify response status code successfully

2022-11-25 11:23:18 - [TEST_STEP][PASSED] - response = req_data.getResponseText(): null

2022-11-25 11:23:18 - [TEST_STEP][PASSED] - logInfo($response): {"status":"Done","data":{"requestid1":"255945","requestid2":"255946"}}

2022-11-25 11:23:18 - [MESSAGE][INFO] - {"status":"Done","data":{"requestid1":"255945","requestid2":"255946"}}

2022-11-25 11:23:18 - [TEST_STEP][PASSED] - delay(5): Delayed 5 second(s)

2022-11-25 11:23:23 - [MESSAGE][PASSED] - Delayed 5 second(s)

2022-11-25 11:23:23 - [TEST_STEP][PASSED] - scoring = sendRequest(findTestObject("EngineScore", ["response_searchME_kons":response_searchME_kons, "response_searchME_spouse":response_searchME_spouse])): Send request successfully

2022-11-25 11:23:23 - [MESSAGE][INFO] - HAR: D:\DMS\Engine Scoring\Reports\20221125_111232\Exclude KKB - DS - Married\Scoring Married - CS New\20221125_111233\requests\main\187.har

2022-11-25 11:23:23 - [MESSAGE][PASSED] - Send request successfully

2022-11-25 11:23:23 - [TEST_STEP][PASSED] - verifyResponseStatusCode(scoring, 200): Verify response status code successfully

2022-11-25 11:23:23 - [MESSAGE][PASSED] - Verify response status code successfully

2022-11-25 11:23:23 - [TEST_STEP][PASSED] - response2 = scoring.getResponseText(): null

2022-11-25 11:23:23 - [TEST_STEP][PASSED] - markPassed("result service data ke : " + no): result service data ke : 94

2022-11-25 11:23:23 - [MESSAGE][PASSED] - result service data ke : 94

2022-11-25 11:23:23 - [TEST_STEP][PASSED] - logInfo($response2): {"result_konsumen":"Approve","result_pasangan":"Approve","Final_result":"Approve","errorMessage":"","status":"Done"}

2022-11-25 11:23:23 - [MESSAGE][INFO] - {"result_konsumen":"Approve","result_pasangan":"Approve","Final_result":"Approve","errorMessage":"","status":"Done"}

2022-11-25 11:23:23 - [TEST_STEP][PASSED] - verifyElementPropertyValue(scoring, "Final_result", final_result): Verify element property value successfully

2022-11-25 11:23:23 - [MESSAGE][PASSED] - Verify element property value successfully]]></system-out>
         <system-err><![CDATA[]]></system-err>
      </testcase>
      <testcase name="Test Cases/Engine_Scoring/Engine Scoring" time="7.0" classname="Test Cases/Engine_Scoring/Engine Scoring" status="PASSED">
         <system-out><![CDATA[2022-11-25 11:23:23 - [TEST_CASE][PASSED] - Test Cases/Engine_Scoring/Engine Scoring: Test Cases/Engine_Scoring/Engine Scoring

2022-11-25 11:23:24 - [TEST_STEP][PASSED] - markPassed("Variasi data ke : " + no): Variasi data ke : 95

2022-11-25 11:23:24 - [MESSAGE][PASSED] - Variasi data ke : 95

2022-11-25 11:23:24 - [TEST_STEP][PASSED] - req_data = sendRequest(findTestObject("Search_ME", ["MID":MID, "source":source, "ip":ip, "userid":userid, "branch":branch, "tipekons":tipekons, "marital":marital, "penjamin":penjamin, ... ])): Send request successfully

2022-11-25 11:23:25 - [MESSAGE][INFO] - HAR: D:\DMS\Engine Scoring\Reports\20221125_111232\Exclude KKB - DS - Married\Scoring Married - CS New\20221125_111233\requests\main\188.har

2022-11-25 11:23:25 - [MESSAGE][PASSED] - Send request successfully

2022-11-25 11:23:25 - [TEST_STEP][PASSED] - slurper = new groovy.json.JsonSlurper(): null

2022-11-25 11:23:25 - [TEST_STEP][PASSED] - result = slurper.parseText(req_data.getResponseBodyContent()): null

2022-11-25 11:23:25 - [TEST_STEP][PASSED] - reqid_kons = requestid1: null

2022-11-25 11:23:25 - [TEST_STEP][PASSED] - reqid_spouse = requestid2: null

2022-11-25 11:23:25 - [TEST_STEP][PASSED] - println("requestid kons : " + reqid_kons): null

2022-11-25 11:23:25 - [TEST_STEP][PASSED] - response_searchME_kons = reqid_kons: null

2022-11-25 11:23:25 - [TEST_STEP][PASSED] - response_searchME_spouse = reqid_spouse: null

2022-11-25 11:23:25 - [TEST_STEP][PASSED] - println("kons req id is :" + response_searchME_kons): null

2022-11-25 11:23:25 - [TEST_STEP][PASSED] - println("spouse req id is : " + response_searchME_spouse): null

2022-11-25 11:23:25 - [TEST_STEP][PASSED] - verifyResponseStatusCode(req_data, 200): Verify response status code successfully

2022-11-25 11:23:25 - [MESSAGE][PASSED] - Verify response status code successfully

2022-11-25 11:23:25 - [TEST_STEP][PASSED] - response = req_data.getResponseText(): null

2022-11-25 11:23:25 - [TEST_STEP][PASSED] - logInfo($response): {"status":"Done","data":{"requestid1":"255947","requestid2":"255948"}}

2022-11-25 11:23:25 - [MESSAGE][INFO] - {"status":"Done","data":{"requestid1":"255947","requestid2":"255948"}}

2022-11-25 11:23:25 - [TEST_STEP][PASSED] - delay(5): Delayed 5 second(s)

2022-11-25 11:23:30 - [MESSAGE][PASSED] - Delayed 5 second(s)

2022-11-25 11:23:30 - [TEST_STEP][PASSED] - scoring = sendRequest(findTestObject("EngineScore", ["response_searchME_kons":response_searchME_kons, "response_searchME_spouse":response_searchME_spouse])): Send request successfully

2022-11-25 11:23:30 - [MESSAGE][INFO] - HAR: D:\DMS\Engine Scoring\Reports\20221125_111232\Exclude KKB - DS - Married\Scoring Married - CS New\20221125_111233\requests\main\189.har

2022-11-25 11:23:30 - [MESSAGE][PASSED] - Send request successfully

2022-11-25 11:23:30 - [TEST_STEP][PASSED] - verifyResponseStatusCode(scoring, 200): Verify response status code successfully

2022-11-25 11:23:30 - [MESSAGE][PASSED] - Verify response status code successfully

2022-11-25 11:23:30 - [TEST_STEP][PASSED] - response2 = scoring.getResponseText(): null

2022-11-25 11:23:30 - [TEST_STEP][PASSED] - markPassed("result service data ke : " + no): result service data ke : 95

2022-11-25 11:23:30 - [MESSAGE][PASSED] - result service data ke : 95

2022-11-25 11:23:30 - [TEST_STEP][PASSED] - logInfo($response2): {"result_konsumen":"Approve","result_pasangan":"Reject","Final_result":"Reject","errorMessage":"","status":"Done"}

2022-11-25 11:23:30 - [MESSAGE][INFO] - {"result_konsumen":"Approve","result_pasangan":"Reject","Final_result":"Reject","errorMessage":"","status":"Done"}

2022-11-25 11:23:30 - [TEST_STEP][PASSED] - verifyElementPropertyValue(scoring, "Final_result", final_result): Verify element property value successfully

2022-11-25 11:23:30 - [MESSAGE][PASSED] - Verify element property value successfully]]></system-out>
         <system-err><![CDATA[]]></system-err>
      </testcase>
      <testcase name="Test Cases/Engine_Scoring/Engine Scoring" time="7.048" classname="Test Cases/Engine_Scoring/Engine Scoring" status="PASSED">
         <system-out><![CDATA[2022-11-25 11:23:30 - [TEST_CASE][PASSED] - Test Cases/Engine_Scoring/Engine Scoring: Test Cases/Engine_Scoring/Engine Scoring

2022-11-25 11:23:31 - [TEST_STEP][PASSED] - markPassed("Variasi data ke : " + no): Variasi data ke : 96

2022-11-25 11:23:31 - [MESSAGE][PASSED] - Variasi data ke : 96

2022-11-25 11:23:31 - [TEST_STEP][PASSED] - req_data = sendRequest(findTestObject("Search_ME", ["MID":MID, "source":source, "ip":ip, "userid":userid, "branch":branch, "tipekons":tipekons, "marital":marital, "penjamin":penjamin, ... ])): Send request successfully

2022-11-25 11:23:32 - [MESSAGE][INFO] - HAR: D:\DMS\Engine Scoring\Reports\20221125_111232\Exclude KKB - DS - Married\Scoring Married - CS New\20221125_111233\requests\main\190.har

2022-11-25 11:23:32 - [MESSAGE][PASSED] - Send request successfully

2022-11-25 11:23:32 - [TEST_STEP][PASSED] - slurper = new groovy.json.JsonSlurper(): null

2022-11-25 11:23:32 - [TEST_STEP][PASSED] - result = slurper.parseText(req_data.getResponseBodyContent()): null

2022-11-25 11:23:32 - [TEST_STEP][PASSED] - reqid_kons = requestid1: null

2022-11-25 11:23:32 - [TEST_STEP][PASSED] - reqid_spouse = requestid2: null

2022-11-25 11:23:32 - [TEST_STEP][PASSED] - println("requestid kons : " + reqid_kons): null

2022-11-25 11:23:32 - [TEST_STEP][PASSED] - response_searchME_kons = reqid_kons: null

2022-11-25 11:23:32 - [TEST_STEP][PASSED] - response_searchME_spouse = reqid_spouse: null

2022-11-25 11:23:32 - [TEST_STEP][PASSED] - println("kons req id is :" + response_searchME_kons): null

2022-11-25 11:23:32 - [TEST_STEP][PASSED] - println("spouse req id is : " + response_searchME_spouse): null

2022-11-25 11:23:32 - [TEST_STEP][PASSED] - verifyResponseStatusCode(req_data, 200): Verify response status code successfully

2022-11-25 11:23:32 - [MESSAGE][PASSED] - Verify response status code successfully

2022-11-25 11:23:32 - [TEST_STEP][PASSED] - response = req_data.getResponseText(): null

2022-11-25 11:23:32 - [TEST_STEP][PASSED] - logInfo($response): {"status":"Done","data":{"requestid1":"255949","requestid2":"255950"}}

2022-11-25 11:23:32 - [MESSAGE][INFO] - {"status":"Done","data":{"requestid1":"255949","requestid2":"255950"}}

2022-11-25 11:23:32 - [TEST_STEP][PASSED] - delay(5): Delayed 5 second(s)

2022-11-25 11:23:37 - [MESSAGE][PASSED] - Delayed 5 second(s)

2022-11-25 11:23:37 - [TEST_STEP][PASSED] - scoring = sendRequest(findTestObject("EngineScore", ["response_searchME_kons":response_searchME_kons, "response_searchME_spouse":response_searchME_spouse])): Send request successfully

2022-11-25 11:23:37 - [MESSAGE][INFO] - HAR: D:\DMS\Engine Scoring\Reports\20221125_111232\Exclude KKB - DS - Married\Scoring Married - CS New\20221125_111233\requests\main\191.har

2022-11-25 11:23:37 - [MESSAGE][PASSED] - Send request successfully

2022-11-25 11:23:37 - [TEST_STEP][PASSED] - verifyResponseStatusCode(scoring, 200): Verify response status code successfully

2022-11-25 11:23:37 - [MESSAGE][PASSED] - Verify response status code successfully

2022-11-25 11:23:37 - [TEST_STEP][PASSED] - response2 = scoring.getResponseText(): null

2022-11-25 11:23:37 - [TEST_STEP][PASSED] - markPassed("result service data ke : " + no): result service data ke : 96

2022-11-25 11:23:37 - [MESSAGE][PASSED] - result service data ke : 96

2022-11-25 11:23:37 - [TEST_STEP][PASSED] - logInfo($response2): {"result_konsumen":"Approve","result_pasangan":"Reject","Final_result":"Reject","errorMessage":"","status":"Done"}

2022-11-25 11:23:37 - [MESSAGE][INFO] - {"result_konsumen":"Approve","result_pasangan":"Reject","Final_result":"Reject","errorMessage":"","status":"Done"}

2022-11-25 11:23:37 - [TEST_STEP][PASSED] - verifyElementPropertyValue(scoring, "Final_result", final_result): Verify element property value successfully

2022-11-25 11:23:37 - [MESSAGE][PASSED] - Verify element property value successfully]]></system-out>
         <system-err><![CDATA[]]></system-err>
      </testcase>
      <testcase name="Test Cases/Engine_Scoring/Engine Scoring" time="6.933" classname="Test Cases/Engine_Scoring/Engine Scoring" status="PASSED">
         <system-out><![CDATA[2022-11-25 11:23:37 - [TEST_CASE][PASSED] - Test Cases/Engine_Scoring/Engine Scoring: Test Cases/Engine_Scoring/Engine Scoring

2022-11-25 11:23:38 - [TEST_STEP][PASSED] - markPassed("Variasi data ke : " + no): Variasi data ke : 97

2022-11-25 11:23:38 - [MESSAGE][PASSED] - Variasi data ke : 97

2022-11-25 11:23:38 - [TEST_STEP][PASSED] - req_data = sendRequest(findTestObject("Search_ME", ["MID":MID, "source":source, "ip":ip, "userid":userid, "branch":branch, "tipekons":tipekons, "marital":marital, "penjamin":penjamin, ... ])): Send request successfully

2022-11-25 11:23:39 - [MESSAGE][INFO] - HAR: D:\DMS\Engine Scoring\Reports\20221125_111232\Exclude KKB - DS - Married\Scoring Married - CS New\20221125_111233\requests\main\192.har

2022-11-25 11:23:39 - [MESSAGE][PASSED] - Send request successfully

2022-11-25 11:23:39 - [TEST_STEP][PASSED] - slurper = new groovy.json.JsonSlurper(): null

2022-11-25 11:23:39 - [TEST_STEP][PASSED] - result = slurper.parseText(req_data.getResponseBodyContent()): null

2022-11-25 11:23:39 - [TEST_STEP][PASSED] - reqid_kons = requestid1: null

2022-11-25 11:23:39 - [TEST_STEP][PASSED] - reqid_spouse = requestid2: null

2022-11-25 11:23:39 - [TEST_STEP][PASSED] - println("requestid kons : " + reqid_kons): null

2022-11-25 11:23:39 - [TEST_STEP][PASSED] - response_searchME_kons = reqid_kons: null

2022-11-25 11:23:39 - [TEST_STEP][PASSED] - response_searchME_spouse = reqid_spouse: null

2022-11-25 11:23:39 - [TEST_STEP][PASSED] - println("kons req id is :" + response_searchME_kons): null

2022-11-25 11:23:39 - [TEST_STEP][PASSED] - println("spouse req id is : " + response_searchME_spouse): null

2022-11-25 11:23:39 - [TEST_STEP][PASSED] - verifyResponseStatusCode(req_data, 200): Verify response status code successfully

2022-11-25 11:23:39 - [MESSAGE][PASSED] - Verify response status code successfully

2022-11-25 11:23:39 - [TEST_STEP][PASSED] - response = req_data.getResponseText(): null

2022-11-25 11:23:39 - [TEST_STEP][PASSED] - logInfo($response): {"status":"Done","data":{"requestid1":"255951","requestid2":"255952"}}

2022-11-25 11:23:39 - [MESSAGE][INFO] - {"status":"Done","data":{"requestid1":"255951","requestid2":"255952"}}

2022-11-25 11:23:39 - [TEST_STEP][PASSED] - delay(5): Delayed 5 second(s)

2022-11-25 11:23:44 - [MESSAGE][PASSED] - Delayed 5 second(s)

2022-11-25 11:23:44 - [TEST_STEP][PASSED] - scoring = sendRequest(findTestObject("EngineScore", ["response_searchME_kons":response_searchME_kons, "response_searchME_spouse":response_searchME_spouse])): Send request successfully

2022-11-25 11:23:44 - [MESSAGE][INFO] - HAR: D:\DMS\Engine Scoring\Reports\20221125_111232\Exclude KKB - DS - Married\Scoring Married - CS New\20221125_111233\requests\main\193.har

2022-11-25 11:23:44 - [MESSAGE][PASSED] - Send request successfully

2022-11-25 11:23:44 - [TEST_STEP][PASSED] - verifyResponseStatusCode(scoring, 200): Verify response status code successfully

2022-11-25 11:23:44 - [MESSAGE][PASSED] - Verify response status code successfully

2022-11-25 11:23:44 - [TEST_STEP][PASSED] - response2 = scoring.getResponseText(): null

2022-11-25 11:23:44 - [TEST_STEP][PASSED] - markPassed("result service data ke : " + no): result service data ke : 97

2022-11-25 11:23:44 - [MESSAGE][PASSED] - result service data ke : 97

2022-11-25 11:23:44 - [TEST_STEP][PASSED] - logInfo($response2): {"result_konsumen":"Approve","result_pasangan":"Reject","Final_result":"Reject","errorMessage":"","status":"Done"}

2022-11-25 11:23:44 - [MESSAGE][INFO] - {"result_konsumen":"Approve","result_pasangan":"Reject","Final_result":"Reject","errorMessage":"","status":"Done"}

2022-11-25 11:23:44 - [TEST_STEP][PASSED] - verifyElementPropertyValue(scoring, "Final_result", final_result): Verify element property value successfully

2022-11-25 11:23:44 - [MESSAGE][PASSED] - Verify element property value successfully]]></system-out>
         <system-err><![CDATA[]]></system-err>
      </testcase>
      <testcase name="Test Cases/Engine_Scoring/Engine Scoring" time="6.934" classname="Test Cases/Engine_Scoring/Engine Scoring" status="PASSED">
         <system-out><![CDATA[2022-11-25 11:23:44 - [TEST_CASE][PASSED] - Test Cases/Engine_Scoring/Engine Scoring: Test Cases/Engine_Scoring/Engine Scoring

2022-11-25 11:23:45 - [TEST_STEP][PASSED] - markPassed("Variasi data ke : " + no): Variasi data ke : 98

2022-11-25 11:23:45 - [MESSAGE][PASSED] - Variasi data ke : 98

2022-11-25 11:23:45 - [TEST_STEP][PASSED] - req_data = sendRequest(findTestObject("Search_ME", ["MID":MID, "source":source, "ip":ip, "userid":userid, "branch":branch, "tipekons":tipekons, "marital":marital, "penjamin":penjamin, ... ])): Send request successfully

2022-11-25 11:23:46 - [MESSAGE][INFO] - HAR: D:\DMS\Engine Scoring\Reports\20221125_111232\Exclude KKB - DS - Married\Scoring Married - CS New\20221125_111233\requests\main\194.har

2022-11-25 11:23:46 - [MESSAGE][PASSED] - Send request successfully

2022-11-25 11:23:46 - [TEST_STEP][PASSED] - slurper = new groovy.json.JsonSlurper(): null

2022-11-25 11:23:46 - [TEST_STEP][PASSED] - result = slurper.parseText(req_data.getResponseBodyContent()): null

2022-11-25 11:23:46 - [TEST_STEP][PASSED] - reqid_kons = requestid1: null

2022-11-25 11:23:46 - [TEST_STEP][PASSED] - reqid_spouse = requestid2: null

2022-11-25 11:23:46 - [TEST_STEP][PASSED] - println("requestid kons : " + reqid_kons): null

2022-11-25 11:23:46 - [TEST_STEP][PASSED] - response_searchME_kons = reqid_kons: null

2022-11-25 11:23:46 - [TEST_STEP][PASSED] - response_searchME_spouse = reqid_spouse: null

2022-11-25 11:23:46 - [TEST_STEP][PASSED] - println("kons req id is :" + response_searchME_kons): null

2022-11-25 11:23:46 - [TEST_STEP][PASSED] - println("spouse req id is : " + response_searchME_spouse): null

2022-11-25 11:23:46 - [TEST_STEP][PASSED] - verifyResponseStatusCode(req_data, 200): Verify response status code successfully

2022-11-25 11:23:46 - [MESSAGE][PASSED] - Verify response status code successfully

2022-11-25 11:23:46 - [TEST_STEP][PASSED] - response = req_data.getResponseText(): null

2022-11-25 11:23:46 - [TEST_STEP][PASSED] - logInfo($response): {"status":"Done","data":{"requestid1":"255953","requestid2":"255954"}}

2022-11-25 11:23:46 - [MESSAGE][INFO] - {"status":"Done","data":{"requestid1":"255953","requestid2":"255954"}}

2022-11-25 11:23:46 - [TEST_STEP][PASSED] - delay(5): Delayed 5 second(s)

2022-11-25 11:23:51 - [MESSAGE][PASSED] - Delayed 5 second(s)

2022-11-25 11:23:51 - [TEST_STEP][PASSED] - scoring = sendRequest(findTestObject("EngineScore", ["response_searchME_kons":response_searchME_kons, "response_searchME_spouse":response_searchME_spouse])): Send request successfully

2022-11-25 11:23:51 - [MESSAGE][INFO] - HAR: D:\DMS\Engine Scoring\Reports\20221125_111232\Exclude KKB - DS - Married\Scoring Married - CS New\20221125_111233\requests\main\195.har

2022-11-25 11:23:51 - [MESSAGE][PASSED] - Send request successfully

2022-11-25 11:23:51 - [TEST_STEP][PASSED] - verifyResponseStatusCode(scoring, 200): Verify response status code successfully

2022-11-25 11:23:51 - [MESSAGE][PASSED] - Verify response status code successfully

2022-11-25 11:23:51 - [TEST_STEP][PASSED] - response2 = scoring.getResponseText(): null

2022-11-25 11:23:51 - [TEST_STEP][PASSED] - markPassed("result service data ke : " + no): result service data ke : 98

2022-11-25 11:23:51 - [MESSAGE][PASSED] - result service data ke : 98

2022-11-25 11:23:51 - [TEST_STEP][PASSED] - logInfo($response2): {"result_konsumen":"Approve","result_pasangan":"Reguler","Final_result":"Approve","errorMessage":"","status":"Done"}

2022-11-25 11:23:51 - [MESSAGE][INFO] - {"result_konsumen":"Approve","result_pasangan":"Reguler","Final_result":"Approve","errorMessage":"","status":"Done"}

2022-11-25 11:23:51 - [TEST_STEP][PASSED] - verifyElementPropertyValue(scoring, "Final_result", final_result): Verify element property value successfully

2022-11-25 11:23:51 - [MESSAGE][PASSED] - Verify element property value successfully]]></system-out>
         <system-err><![CDATA[]]></system-err>
      </testcase>
      <testcase name="Test Cases/Engine_Scoring/Engine Scoring" time="7.022" classname="Test Cases/Engine_Scoring/Engine Scoring" status="PASSED">
         <system-out><![CDATA[2022-11-25 11:23:51 - [TEST_CASE][PASSED] - Test Cases/Engine_Scoring/Engine Scoring: Test Cases/Engine_Scoring/Engine Scoring

2022-11-25 11:23:52 - [TEST_STEP][PASSED] - markPassed("Variasi data ke : " + no): Variasi data ke : 99

2022-11-25 11:23:52 - [MESSAGE][PASSED] - Variasi data ke : 99

2022-11-25 11:23:52 - [TEST_STEP][PASSED] - req_data = sendRequest(findTestObject("Search_ME", ["MID":MID, "source":source, "ip":ip, "userid":userid, "branch":branch, "tipekons":tipekons, "marital":marital, "penjamin":penjamin, ... ])): Send request successfully

2022-11-25 11:23:53 - [MESSAGE][INFO] - HAR: D:\DMS\Engine Scoring\Reports\20221125_111232\Exclude KKB - DS - Married\Scoring Married - CS New\20221125_111233\requests\main\196.har

2022-11-25 11:23:53 - [MESSAGE][PASSED] - Send request successfully

2022-11-25 11:23:53 - [TEST_STEP][PASSED] - slurper = new groovy.json.JsonSlurper(): null

2022-11-25 11:23:53 - [TEST_STEP][PASSED] - result = slurper.parseText(req_data.getResponseBodyContent()): null

2022-11-25 11:23:53 - [TEST_STEP][PASSED] - reqid_kons = requestid1: null

2022-11-25 11:23:53 - [TEST_STEP][PASSED] - reqid_spouse = requestid2: null

2022-11-25 11:23:53 - [TEST_STEP][PASSED] - println("requestid kons : " + reqid_kons): null

2022-11-25 11:23:53 - [TEST_STEP][PASSED] - response_searchME_kons = reqid_kons: null

2022-11-25 11:23:53 - [TEST_STEP][PASSED] - response_searchME_spouse = reqid_spouse: null

2022-11-25 11:23:53 - [TEST_STEP][PASSED] - println("kons req id is :" + response_searchME_kons): null

2022-11-25 11:23:53 - [TEST_STEP][PASSED] - println("spouse req id is : " + response_searchME_spouse): null

2022-11-25 11:23:53 - [TEST_STEP][PASSED] - verifyResponseStatusCode(req_data, 200): Verify response status code successfully

2022-11-25 11:23:53 - [MESSAGE][PASSED] - Verify response status code successfully

2022-11-25 11:23:53 - [TEST_STEP][PASSED] - response = req_data.getResponseText(): null

2022-11-25 11:23:53 - [TEST_STEP][PASSED] - logInfo($response): {"status":"Done","data":{"requestid1":"255955","requestid2":"255956"}}

2022-11-25 11:23:53 - [MESSAGE][INFO] - {"status":"Done","data":{"requestid1":"255955","requestid2":"255956"}}

2022-11-25 11:23:53 - [TEST_STEP][PASSED] - delay(5): Delayed 5 second(s)

2022-11-25 11:23:58 - [MESSAGE][PASSED] - Delayed 5 second(s)

2022-11-25 11:23:58 - [TEST_STEP][PASSED] - scoring = sendRequest(findTestObject("EngineScore", ["response_searchME_kons":response_searchME_kons, "response_searchME_spouse":response_searchME_spouse])): Send request successfully

2022-11-25 11:23:58 - [MESSAGE][INFO] - HAR: D:\DMS\Engine Scoring\Reports\20221125_111232\Exclude KKB - DS - Married\Scoring Married - CS New\20221125_111233\requests\main\197.har

2022-11-25 11:23:58 - [MESSAGE][PASSED] - Send request successfully

2022-11-25 11:23:58 - [TEST_STEP][PASSED] - verifyResponseStatusCode(scoring, 200): Verify response status code successfully

2022-11-25 11:23:58 - [MESSAGE][PASSED] - Verify response status code successfully

2022-11-25 11:23:58 - [TEST_STEP][PASSED] - response2 = scoring.getResponseText(): null

2022-11-25 11:23:58 - [TEST_STEP][PASSED] - markPassed("result service data ke : " + no): result service data ke : 99

2022-11-25 11:23:58 - [MESSAGE][PASSED] - result service data ke : 99

2022-11-25 11:23:58 - [TEST_STEP][PASSED] - logInfo($response2): {"result_konsumen":"Approve","result_pasangan":"Approve","Final_result":"Approve","errorMessage":"","status":"Done"}

2022-11-25 11:23:58 - [MESSAGE][INFO] - {"result_konsumen":"Approve","result_pasangan":"Approve","Final_result":"Approve","errorMessage":"","status":"Done"}

2022-11-25 11:23:58 - [TEST_STEP][PASSED] - verifyElementPropertyValue(scoring, "Final_result", final_result): Verify element property value successfully

2022-11-25 11:23:58 - [MESSAGE][PASSED] - Verify element property value successfully]]></system-out>
         <system-err><![CDATA[]]></system-err>
      </testcase>
      <testcase name="Test Cases/Engine_Scoring/Engine Scoring" time="6.954" classname="Test Cases/Engine_Scoring/Engine Scoring" status="PASSED">
         <system-out><![CDATA[2022-11-25 11:23:58 - [TEST_CASE][PASSED] - Test Cases/Engine_Scoring/Engine Scoring: Test Cases/Engine_Scoring/Engine Scoring

2022-11-25 11:23:59 - [TEST_STEP][PASSED] - markPassed("Variasi data ke : " + no): Variasi data ke : 100

2022-11-25 11:23:59 - [MESSAGE][PASSED] - Variasi data ke : 100

2022-11-25 11:23:59 - [TEST_STEP][PASSED] - req_data = sendRequest(findTestObject("Search_ME", ["MID":MID, "source":source, "ip":ip, "userid":userid, "branch":branch, "tipekons":tipekons, "marital":marital, "penjamin":penjamin, ... ])): Send request successfully

2022-11-25 11:24:00 - [MESSAGE][INFO] - HAR: D:\DMS\Engine Scoring\Reports\20221125_111232\Exclude KKB - DS - Married\Scoring Married - CS New\20221125_111233\requests\main\198.har

2022-11-25 11:24:00 - [MESSAGE][PASSED] - Send request successfully

2022-11-25 11:24:00 - [TEST_STEP][PASSED] - slurper = new groovy.json.JsonSlurper(): null

2022-11-25 11:24:00 - [TEST_STEP][PASSED] - result = slurper.parseText(req_data.getResponseBodyContent()): null

2022-11-25 11:24:00 - [TEST_STEP][PASSED] - reqid_kons = requestid1: null

2022-11-25 11:24:00 - [TEST_STEP][PASSED] - reqid_spouse = requestid2: null

2022-11-25 11:24:00 - [TEST_STEP][PASSED] - println("requestid kons : " + reqid_kons): null

2022-11-25 11:24:00 - [TEST_STEP][PASSED] - response_searchME_kons = reqid_kons: null

2022-11-25 11:24:00 - [TEST_STEP][PASSED] - response_searchME_spouse = reqid_spouse: null

2022-11-25 11:24:00 - [TEST_STEP][PASSED] - println("kons req id is :" + response_searchME_kons): null

2022-11-25 11:24:00 - [TEST_STEP][PASSED] - println("spouse req id is : " + response_searchME_spouse): null

2022-11-25 11:24:00 - [TEST_STEP][PASSED] - verifyResponseStatusCode(req_data, 200): Verify response status code successfully

2022-11-25 11:24:00 - [MESSAGE][PASSED] - Verify response status code successfully

2022-11-25 11:24:00 - [TEST_STEP][PASSED] - response = req_data.getResponseText(): null

2022-11-25 11:24:00 - [TEST_STEP][PASSED] - logInfo($response): {"status":"Done","data":{"requestid1":"255957","requestid2":"255958"}}

2022-11-25 11:24:00 - [MESSAGE][INFO] - {"status":"Done","data":{"requestid1":"255957","requestid2":"255958"}}

2022-11-25 11:24:00 - [TEST_STEP][PASSED] - delay(5): Delayed 5 second(s)

2022-11-25 11:24:05 - [MESSAGE][PASSED] - Delayed 5 second(s)

2022-11-25 11:24:05 - [TEST_STEP][PASSED] - scoring = sendRequest(findTestObject("EngineScore", ["response_searchME_kons":response_searchME_kons, "response_searchME_spouse":response_searchME_spouse])): Send request successfully

2022-11-25 11:24:05 - [MESSAGE][INFO] - HAR: D:\DMS\Engine Scoring\Reports\20221125_111232\Exclude KKB - DS - Married\Scoring Married - CS New\20221125_111233\requests\main\199.har

2022-11-25 11:24:05 - [MESSAGE][PASSED] - Send request successfully

2022-11-25 11:24:05 - [TEST_STEP][PASSED] - verifyResponseStatusCode(scoring, 200): Verify response status code successfully

2022-11-25 11:24:05 - [MESSAGE][PASSED] - Verify response status code successfully

2022-11-25 11:24:05 - [TEST_STEP][PASSED] - response2 = scoring.getResponseText(): null

2022-11-25 11:24:05 - [TEST_STEP][PASSED] - markPassed("result service data ke : " + no): result service data ke : 100

2022-11-25 11:24:05 - [MESSAGE][PASSED] - result service data ke : 100

2022-11-25 11:24:05 - [TEST_STEP][PASSED] - logInfo($response2): {"result_konsumen":"Reject","result_pasangan":"Approve","Final_result":"Reject","errorMessage":"","status":"Done"}

2022-11-25 11:24:05 - [MESSAGE][INFO] - {"result_konsumen":"Reject","result_pasangan":"Approve","Final_result":"Reject","errorMessage":"","status":"Done"}

2022-11-25 11:24:05 - [TEST_STEP][PASSED] - verifyElementPropertyValue(scoring, "Final_result", final_result): Verify element property value successfully

2022-11-25 11:24:05 - [MESSAGE][PASSED] - Verify element property value successfully]]></system-out>
         <system-err><![CDATA[]]></system-err>
      </testcase>
      <testcase name="Test Cases/Engine_Scoring/Engine Scoring" time="6.928" classname="Test Cases/Engine_Scoring/Engine Scoring" status="PASSED">
         <system-out><![CDATA[2022-11-25 11:24:06 - [TEST_CASE][PASSED] - Test Cases/Engine_Scoring/Engine Scoring: Test Cases/Engine_Scoring/Engine Scoring

2022-11-25 11:24:06 - [TEST_STEP][PASSED] - markPassed("Variasi data ke : " + no): Variasi data ke : 101

2022-11-25 11:24:06 - [MESSAGE][PASSED] - Variasi data ke : 101

2022-11-25 11:24:06 - [TEST_STEP][PASSED] - req_data = sendRequest(findTestObject("Search_ME", ["MID":MID, "source":source, "ip":ip, "userid":userid, "branch":branch, "tipekons":tipekons, "marital":marital, "penjamin":penjamin, ... ])): Send request successfully

2022-11-25 11:24:07 - [MESSAGE][INFO] - HAR: D:\DMS\Engine Scoring\Reports\20221125_111232\Exclude KKB - DS - Married\Scoring Married - CS New\20221125_111233\requests\main\200.har

2022-11-25 11:24:07 - [MESSAGE][PASSED] - Send request successfully

2022-11-25 11:24:07 - [TEST_STEP][PASSED] - slurper = new groovy.json.JsonSlurper(): null

2022-11-25 11:24:07 - [TEST_STEP][PASSED] - result = slurper.parseText(req_data.getResponseBodyContent()): null

2022-11-25 11:24:07 - [TEST_STEP][PASSED] - reqid_kons = requestid1: null

2022-11-25 11:24:07 - [TEST_STEP][PASSED] - reqid_spouse = requestid2: null

2022-11-25 11:24:07 - [TEST_STEP][PASSED] - println("requestid kons : " + reqid_kons): null

2022-11-25 11:24:07 - [TEST_STEP][PASSED] - response_searchME_kons = reqid_kons: null

2022-11-25 11:24:07 - [TEST_STEP][PASSED] - response_searchME_spouse = reqid_spouse: null

2022-11-25 11:24:07 - [TEST_STEP][PASSED] - println("kons req id is :" + response_searchME_kons): null

2022-11-25 11:24:07 - [TEST_STEP][PASSED] - println("spouse req id is : " + response_searchME_spouse): null

2022-11-25 11:24:07 - [TEST_STEP][PASSED] - verifyResponseStatusCode(req_data, 200): Verify response status code successfully

2022-11-25 11:24:07 - [MESSAGE][PASSED] - Verify response status code successfully

2022-11-25 11:24:07 - [TEST_STEP][PASSED] - response = req_data.getResponseText(): null

2022-11-25 11:24:07 - [TEST_STEP][PASSED] - logInfo($response): {"status":"Done","data":{"requestid1":"255959","requestid2":"255960"}}

2022-11-25 11:24:07 - [MESSAGE][INFO] - {"status":"Done","data":{"requestid1":"255959","requestid2":"255960"}}

2022-11-25 11:24:07 - [TEST_STEP][PASSED] - delay(5): Delayed 5 second(s)

2022-11-25 11:24:12 - [MESSAGE][PASSED] - Delayed 5 second(s)

2022-11-25 11:24:12 - [TEST_STEP][PASSED] - scoring = sendRequest(findTestObject("EngineScore", ["response_searchME_kons":response_searchME_kons, "response_searchME_spouse":response_searchME_spouse])): Send request successfully

2022-11-25 11:24:12 - [MESSAGE][INFO] - HAR: D:\DMS\Engine Scoring\Reports\20221125_111232\Exclude KKB - DS - Married\Scoring Married - CS New\20221125_111233\requests\main\201.har

2022-11-25 11:24:12 - [MESSAGE][PASSED] - Send request successfully

2022-11-25 11:24:12 - [TEST_STEP][PASSED] - verifyResponseStatusCode(scoring, 200): Verify response status code successfully

2022-11-25 11:24:12 - [MESSAGE][PASSED] - Verify response status code successfully

2022-11-25 11:24:12 - [TEST_STEP][PASSED] - response2 = scoring.getResponseText(): null

2022-11-25 11:24:12 - [TEST_STEP][PASSED] - markPassed("result service data ke : " + no): result service data ke : 101

2022-11-25 11:24:12 - [MESSAGE][PASSED] - result service data ke : 101

2022-11-25 11:24:12 - [TEST_STEP][PASSED] - logInfo($response2): {"result_konsumen":"Reject","result_pasangan":"Approve","Final_result":"Reject","errorMessage":"","status":"Done"}

2022-11-25 11:24:12 - [MESSAGE][INFO] - {"result_konsumen":"Reject","result_pasangan":"Approve","Final_result":"Reject","errorMessage":"","status":"Done"}

2022-11-25 11:24:12 - [TEST_STEP][PASSED] - verifyElementPropertyValue(scoring, "Final_result", final_result): Verify element property value successfully

2022-11-25 11:24:12 - [MESSAGE][PASSED] - Verify element property value successfully]]></system-out>
         <system-err><![CDATA[]]></system-err>
      </testcase>
      <testcase name="Test Cases/Engine_Scoring/Engine Scoring" time="7.09" classname="Test Cases/Engine_Scoring/Engine Scoring" status="PASSED">
         <system-out><![CDATA[2022-11-25 11:24:13 - [TEST_CASE][PASSED] - Test Cases/Engine_Scoring/Engine Scoring: Test Cases/Engine_Scoring/Engine Scoring

2022-11-25 11:24:14 - [TEST_STEP][PASSED] - markPassed("Variasi data ke : " + no): Variasi data ke : 102

2022-11-25 11:24:14 - [MESSAGE][PASSED] - Variasi data ke : 102

2022-11-25 11:24:14 - [TEST_STEP][PASSED] - req_data = sendRequest(findTestObject("Search_ME", ["MID":MID, "source":source, "ip":ip, "userid":userid, "branch":branch, "tipekons":tipekons, "marital":marital, "penjamin":penjamin, ... ])): Send request successfully

2022-11-25 11:24:14 - [MESSAGE][INFO] - HAR: D:\DMS\Engine Scoring\Reports\20221125_111232\Exclude KKB - DS - Married\Scoring Married - CS New\20221125_111233\requests\main\202.har

2022-11-25 11:24:14 - [MESSAGE][PASSED] - Send request successfully

2022-11-25 11:24:14 - [TEST_STEP][PASSED] - slurper = new groovy.json.JsonSlurper(): null

2022-11-25 11:24:14 - [TEST_STEP][PASSED] - result = slurper.parseText(req_data.getResponseBodyContent()): null

2022-11-25 11:24:14 - [TEST_STEP][PASSED] - reqid_kons = requestid1: null

2022-11-25 11:24:14 - [TEST_STEP][PASSED] - reqid_spouse = requestid2: null

2022-11-25 11:24:14 - [TEST_STEP][PASSED] - println("requestid kons : " + reqid_kons): null

2022-11-25 11:24:14 - [TEST_STEP][PASSED] - response_searchME_kons = reqid_kons: null

2022-11-25 11:24:14 - [TEST_STEP][PASSED] - response_searchME_spouse = reqid_spouse: null

2022-11-25 11:24:14 - [TEST_STEP][PASSED] - println("kons req id is :" + response_searchME_kons): null

2022-11-25 11:24:14 - [TEST_STEP][PASSED] - println("spouse req id is : " + response_searchME_spouse): null

2022-11-25 11:24:14 - [TEST_STEP][PASSED] - verifyResponseStatusCode(req_data, 200): Verify response status code successfully

2022-11-25 11:24:14 - [MESSAGE][PASSED] - Verify response status code successfully

2022-11-25 11:24:14 - [TEST_STEP][PASSED] - response = req_data.getResponseText(): null

2022-11-25 11:24:14 - [TEST_STEP][PASSED] - logInfo($response): {"status":"Done","data":{"requestid1":"255961","requestid2":"255962"}}

2022-11-25 11:24:14 - [MESSAGE][INFO] - {"status":"Done","data":{"requestid1":"255961","requestid2":"255962"}}

2022-11-25 11:24:14 - [TEST_STEP][PASSED] - delay(5): Delayed 5 second(s)

2022-11-25 11:24:19 - [MESSAGE][PASSED] - Delayed 5 second(s)

2022-11-25 11:24:19 - [TEST_STEP][PASSED] - scoring = sendRequest(findTestObject("EngineScore", ["response_searchME_kons":response_searchME_kons, "response_searchME_spouse":response_searchME_spouse])): Send request successfully

2022-11-25 11:24:20 - [MESSAGE][INFO] - HAR: D:\DMS\Engine Scoring\Reports\20221125_111232\Exclude KKB - DS - Married\Scoring Married - CS New\20221125_111233\requests\main\203.har

2022-11-25 11:24:20 - [MESSAGE][PASSED] - Send request successfully

2022-11-25 11:24:20 - [TEST_STEP][PASSED] - verifyResponseStatusCode(scoring, 200): Verify response status code successfully

2022-11-25 11:24:20 - [MESSAGE][PASSED] - Verify response status code successfully

2022-11-25 11:24:20 - [TEST_STEP][PASSED] - response2 = scoring.getResponseText(): null

2022-11-25 11:24:20 - [TEST_STEP][PASSED] - markPassed("result service data ke : " + no): result service data ke : 102

2022-11-25 11:24:20 - [MESSAGE][PASSED] - result service data ke : 102

2022-11-25 11:24:20 - [TEST_STEP][PASSED] - logInfo($response2): {"result_konsumen":"Reject","result_pasangan":"Approve","Final_result":"Reject","errorMessage":"","status":"Done"}

2022-11-25 11:24:20 - [MESSAGE][INFO] - {"result_konsumen":"Reject","result_pasangan":"Approve","Final_result":"Reject","errorMessage":"","status":"Done"}

2022-11-25 11:24:20 - [TEST_STEP][PASSED] - verifyElementPropertyValue(scoring, "Final_result", final_result): Verify element property value successfully

2022-11-25 11:24:20 - [MESSAGE][PASSED] - Verify element property value successfully]]></system-out>
         <system-err><![CDATA[]]></system-err>
      </testcase>
      <testcase name="Test Cases/Engine_Scoring/Engine Scoring" time="6.911" classname="Test Cases/Engine_Scoring/Engine Scoring" status="PASSED">
         <system-out><![CDATA[2022-11-25 11:24:20 - [TEST_CASE][PASSED] - Test Cases/Engine_Scoring/Engine Scoring: Test Cases/Engine_Scoring/Engine Scoring

2022-11-25 11:24:21 - [TEST_STEP][PASSED] - markPassed("Variasi data ke : " + no): Variasi data ke : 103

2022-11-25 11:24:21 - [MESSAGE][PASSED] - Variasi data ke : 103

2022-11-25 11:24:21 - [TEST_STEP][PASSED] - req_data = sendRequest(findTestObject("Search_ME", ["MID":MID, "source":source, "ip":ip, "userid":userid, "branch":branch, "tipekons":tipekons, "marital":marital, "penjamin":penjamin, ... ])): Send request successfully

2022-11-25 11:24:21 - [MESSAGE][INFO] - HAR: D:\DMS\Engine Scoring\Reports\20221125_111232\Exclude KKB - DS - Married\Scoring Married - CS New\20221125_111233\requests\main\204.har

2022-11-25 11:24:21 - [MESSAGE][PASSED] - Send request successfully

2022-11-25 11:24:21 - [TEST_STEP][PASSED] - slurper = new groovy.json.JsonSlurper(): null

2022-11-25 11:24:21 - [TEST_STEP][PASSED] - result = slurper.parseText(req_data.getResponseBodyContent()): null

2022-11-25 11:24:21 - [TEST_STEP][PASSED] - reqid_kons = requestid1: null

2022-11-25 11:24:21 - [TEST_STEP][PASSED] - reqid_spouse = requestid2: null

2022-11-25 11:24:21 - [TEST_STEP][PASSED] - println("requestid kons : " + reqid_kons): null

2022-11-25 11:24:21 - [TEST_STEP][PASSED] - response_searchME_kons = reqid_kons: null

2022-11-25 11:24:21 - [TEST_STEP][PASSED] - response_searchME_spouse = reqid_spouse: null

2022-11-25 11:24:21 - [TEST_STEP][PASSED] - println("kons req id is :" + response_searchME_kons): null

2022-11-25 11:24:21 - [TEST_STEP][PASSED] - println("spouse req id is : " + response_searchME_spouse): null

2022-11-25 11:24:21 - [TEST_STEP][PASSED] - verifyResponseStatusCode(req_data, 200): Verify response status code successfully

2022-11-25 11:24:21 - [MESSAGE][PASSED] - Verify response status code successfully

2022-11-25 11:24:21 - [TEST_STEP][PASSED] - response = req_data.getResponseText(): null

2022-11-25 11:24:21 - [TEST_STEP][PASSED] - logInfo($response): {"status":"Done","data":{"requestid1":"255963","requestid2":"255964"}}

2022-11-25 11:24:21 - [MESSAGE][INFO] - {"status":"Done","data":{"requestid1":"255963","requestid2":"255964"}}

2022-11-25 11:24:21 - [TEST_STEP][PASSED] - delay(5): Delayed 5 second(s)

2022-11-25 11:24:26 - [MESSAGE][PASSED] - Delayed 5 second(s)

2022-11-25 11:24:26 - [TEST_STEP][PASSED] - scoring = sendRequest(findTestObject("EngineScore", ["response_searchME_kons":response_searchME_kons, "response_searchME_spouse":response_searchME_spouse])): Send request successfully

2022-11-25 11:24:27 - [MESSAGE][INFO] - HAR: D:\DMS\Engine Scoring\Reports\20221125_111232\Exclude KKB - DS - Married\Scoring Married - CS New\20221125_111233\requests\main\205.har

2022-11-25 11:24:27 - [MESSAGE][PASSED] - Send request successfully

2022-11-25 11:24:27 - [TEST_STEP][PASSED] - verifyResponseStatusCode(scoring, 200): Verify response status code successfully

2022-11-25 11:24:27 - [MESSAGE][PASSED] - Verify response status code successfully

2022-11-25 11:24:27 - [TEST_STEP][PASSED] - response2 = scoring.getResponseText(): null

2022-11-25 11:24:27 - [TEST_STEP][PASSED] - markPassed("result service data ke : " + no): result service data ke : 103

2022-11-25 11:24:27 - [MESSAGE][PASSED] - result service data ke : 103

2022-11-25 11:24:27 - [TEST_STEP][PASSED] - logInfo($response2): {"result_konsumen":"Reject","result_pasangan":"Approve","Final_result":"Reject","errorMessage":"","status":"Done"}

2022-11-25 11:24:27 - [MESSAGE][INFO] - {"result_konsumen":"Reject","result_pasangan":"Approve","Final_result":"Reject","errorMessage":"","status":"Done"}

2022-11-25 11:24:27 - [TEST_STEP][PASSED] - verifyElementPropertyValue(scoring, "Final_result", final_result): Verify element property value successfully

2022-11-25 11:24:27 - [MESSAGE][PASSED] - Verify element property value successfully]]></system-out>
         <system-err><![CDATA[]]></system-err>
      </testcase>
      <testcase name="Test Cases/Engine_Scoring/Engine Scoring" time="6.898" classname="Test Cases/Engine_Scoring/Engine Scoring" status="PASSED">
         <system-out><![CDATA[2022-11-25 11:24:27 - [TEST_CASE][PASSED] - Test Cases/Engine_Scoring/Engine Scoring: Test Cases/Engine_Scoring/Engine Scoring

2022-11-25 11:24:27 - [TEST_STEP][PASSED] - markPassed("Variasi data ke : " + no): Variasi data ke : 104

2022-11-25 11:24:27 - [MESSAGE][PASSED] - Variasi data ke : 104

2022-11-25 11:24:27 - [TEST_STEP][PASSED] - req_data = sendRequest(findTestObject("Search_ME", ["MID":MID, "source":source, "ip":ip, "userid":userid, "branch":branch, "tipekons":tipekons, "marital":marital, "penjamin":penjamin, ... ])): Send request successfully

2022-11-25 11:24:28 - [MESSAGE][INFO] - HAR: D:\DMS\Engine Scoring\Reports\20221125_111232\Exclude KKB - DS - Married\Scoring Married - CS New\20221125_111233\requests\main\206.har

2022-11-25 11:24:28 - [MESSAGE][PASSED] - Send request successfully

2022-11-25 11:24:28 - [TEST_STEP][PASSED] - slurper = new groovy.json.JsonSlurper(): null

2022-11-25 11:24:28 - [TEST_STEP][PASSED] - result = slurper.parseText(req_data.getResponseBodyContent()): null

2022-11-25 11:24:28 - [TEST_STEP][PASSED] - reqid_kons = requestid1: null

2022-11-25 11:24:28 - [TEST_STEP][PASSED] - reqid_spouse = requestid2: null

2022-11-25 11:24:28 - [TEST_STEP][PASSED] - println("requestid kons : " + reqid_kons): null

2022-11-25 11:24:28 - [TEST_STEP][PASSED] - response_searchME_kons = reqid_kons: null

2022-11-25 11:24:28 - [TEST_STEP][PASSED] - response_searchME_spouse = reqid_spouse: null

2022-11-25 11:24:28 - [TEST_STEP][PASSED] - println("kons req id is :" + response_searchME_kons): null

2022-11-25 11:24:28 - [TEST_STEP][PASSED] - println("spouse req id is : " + response_searchME_spouse): null

2022-11-25 11:24:28 - [TEST_STEP][PASSED] - verifyResponseStatusCode(req_data, 200): Verify response status code successfully

2022-11-25 11:24:28 - [MESSAGE][PASSED] - Verify response status code successfully

2022-11-25 11:24:28 - [TEST_STEP][PASSED] - response = req_data.getResponseText(): null

2022-11-25 11:24:28 - [TEST_STEP][PASSED] - logInfo($response): {"status":"Done","data":{"requestid1":"255965","requestid2":"255966"}}

2022-11-25 11:24:28 - [MESSAGE][INFO] - {"status":"Done","data":{"requestid1":"255965","requestid2":"255966"}}

2022-11-25 11:24:28 - [TEST_STEP][PASSED] - delay(5): Delayed 5 second(s)

2022-11-25 11:24:33 - [MESSAGE][PASSED] - Delayed 5 second(s)

2022-11-25 11:24:33 - [TEST_STEP][PASSED] - scoring = sendRequest(findTestObject("EngineScore", ["response_searchME_kons":response_searchME_kons, "response_searchME_spouse":response_searchME_spouse])): Send request successfully

2022-11-25 11:24:34 - [MESSAGE][INFO] - HAR: D:\DMS\Engine Scoring\Reports\20221125_111232\Exclude KKB - DS - Married\Scoring Married - CS New\20221125_111233\requests\main\207.har

2022-11-25 11:24:34 - [MESSAGE][PASSED] - Send request successfully

2022-11-25 11:24:34 - [TEST_STEP][PASSED] - verifyResponseStatusCode(scoring, 200): Verify response status code successfully

2022-11-25 11:24:34 - [MESSAGE][PASSED] - Verify response status code successfully

2022-11-25 11:24:34 - [TEST_STEP][PASSED] - response2 = scoring.getResponseText(): null

2022-11-25 11:24:34 - [TEST_STEP][PASSED] - markPassed("result service data ke : " + no): result service data ke : 104

2022-11-25 11:24:34 - [MESSAGE][PASSED] - result service data ke : 104

2022-11-25 11:24:34 - [TEST_STEP][PASSED] - logInfo($response2): {"result_konsumen":"Reject","result_pasangan":"Reject","Final_result":"Reject","errorMessage":"","status":"Done"}

2022-11-25 11:24:34 - [MESSAGE][INFO] - {"result_konsumen":"Reject","result_pasangan":"Reject","Final_result":"Reject","errorMessage":"","status":"Done"}

2022-11-25 11:24:34 - [TEST_STEP][PASSED] - verifyElementPropertyValue(scoring, "Final_result", final_result): Verify element property value successfully

2022-11-25 11:24:34 - [MESSAGE][PASSED] - Verify element property value successfully]]></system-out>
         <system-err><![CDATA[]]></system-err>
      </testcase>
      <testcase name="Test Cases/Engine_Scoring/Engine Scoring" time="7.385" classname="Test Cases/Engine_Scoring/Engine Scoring" status="PASSED">
         <system-out><![CDATA[2022-11-25 11:24:34 - [TEST_CASE][PASSED] - Test Cases/Engine_Scoring/Engine Scoring: Test Cases/Engine_Scoring/Engine Scoring

2022-11-25 11:24:35 - [TEST_STEP][PASSED] - markPassed("Variasi data ke : " + no): Variasi data ke : 105

2022-11-25 11:24:35 - [MESSAGE][PASSED] - Variasi data ke : 105

2022-11-25 11:24:35 - [TEST_STEP][PASSED] - req_data = sendRequest(findTestObject("Search_ME", ["MID":MID, "source":source, "ip":ip, "userid":userid, "branch":branch, "tipekons":tipekons, "marital":marital, "penjamin":penjamin, ... ])): Send request successfully

2022-11-25 11:24:36 - [MESSAGE][INFO] - HAR: D:\DMS\Engine Scoring\Reports\20221125_111232\Exclude KKB - DS - Married\Scoring Married - CS New\20221125_111233\requests\main\208.har

2022-11-25 11:24:36 - [MESSAGE][PASSED] - Send request successfully

2022-11-25 11:24:36 - [TEST_STEP][PASSED] - slurper = new groovy.json.JsonSlurper(): null

2022-11-25 11:24:36 - [TEST_STEP][PASSED] - result = slurper.parseText(req_data.getResponseBodyContent()): null

2022-11-25 11:24:36 - [TEST_STEP][PASSED] - reqid_kons = requestid1: null

2022-11-25 11:24:36 - [TEST_STEP][PASSED] - reqid_spouse = requestid2: null

2022-11-25 11:24:36 - [TEST_STEP][PASSED] - println("requestid kons : " + reqid_kons): null

2022-11-25 11:24:36 - [TEST_STEP][PASSED] - response_searchME_kons = reqid_kons: null

2022-11-25 11:24:36 - [TEST_STEP][PASSED] - response_searchME_spouse = reqid_spouse: null

2022-11-25 11:24:36 - [TEST_STEP][PASSED] - println("kons req id is :" + response_searchME_kons): null

2022-11-25 11:24:36 - [TEST_STEP][PASSED] - println("spouse req id is : " + response_searchME_spouse): null

2022-11-25 11:24:36 - [TEST_STEP][PASSED] - verifyResponseStatusCode(req_data, 200): Verify response status code successfully

2022-11-25 11:24:36 - [MESSAGE][PASSED] - Verify response status code successfully

2022-11-25 11:24:36 - [TEST_STEP][PASSED] - response = req_data.getResponseText(): null

2022-11-25 11:24:36 - [TEST_STEP][PASSED] - logInfo($response): {"status":"Done","data":{"requestid1":"255967","requestid2":"255968"}}

2022-11-25 11:24:36 - [MESSAGE][INFO] - {"status":"Done","data":{"requestid1":"255967","requestid2":"255968"}}

2022-11-25 11:24:36 - [TEST_STEP][PASSED] - delay(5): Delayed 5 second(s)

2022-11-25 11:24:41 - [MESSAGE][PASSED] - Delayed 5 second(s)

2022-11-25 11:24:41 - [TEST_STEP][PASSED] - scoring = sendRequest(findTestObject("EngineScore", ["response_searchME_kons":response_searchME_kons, "response_searchME_spouse":response_searchME_spouse])): Send request successfully

2022-11-25 11:24:41 - [MESSAGE][INFO] - HAR: D:\DMS\Engine Scoring\Reports\20221125_111232\Exclude KKB - DS - Married\Scoring Married - CS New\20221125_111233\requests\main\209.har

2022-11-25 11:24:41 - [MESSAGE][PASSED] - Send request successfully

2022-11-25 11:24:41 - [TEST_STEP][PASSED] - verifyResponseStatusCode(scoring, 200): Verify response status code successfully

2022-11-25 11:24:41 - [MESSAGE][PASSED] - Verify response status code successfully

2022-11-25 11:24:41 - [TEST_STEP][PASSED] - response2 = scoring.getResponseText(): null

2022-11-25 11:24:41 - [TEST_STEP][PASSED] - markPassed("result service data ke : " + no): result service data ke : 105

2022-11-25 11:24:41 - [MESSAGE][PASSED] - result service data ke : 105

2022-11-25 11:24:41 - [TEST_STEP][PASSED] - logInfo($response2): {"result_konsumen":"Reject","result_pasangan":"Reject","Final_result":"Reject","errorMessage":"","status":"Done"}

2022-11-25 11:24:41 - [MESSAGE][INFO] - {"result_konsumen":"Reject","result_pasangan":"Reject","Final_result":"Reject","errorMessage":"","status":"Done"}

2022-11-25 11:24:41 - [TEST_STEP][PASSED] - verifyElementPropertyValue(scoring, "Final_result", final_result): Verify element property value successfully

2022-11-25 11:24:41 - [MESSAGE][PASSED] - Verify element property value successfully]]></system-out>
         <system-err><![CDATA[]]></system-err>
      </testcase>
      <testcase name="Test Cases/Engine_Scoring/Engine Scoring" time="7.135" classname="Test Cases/Engine_Scoring/Engine Scoring" status="PASSED">
         <system-out><![CDATA[2022-11-25 11:24:41 - [TEST_CASE][PASSED] - Test Cases/Engine_Scoring/Engine Scoring: Test Cases/Engine_Scoring/Engine Scoring

2022-11-25 11:24:42 - [TEST_STEP][PASSED] - markPassed("Variasi data ke : " + no): Variasi data ke : 106

2022-11-25 11:24:42 - [MESSAGE][PASSED] - Variasi data ke : 106

2022-11-25 11:24:42 - [TEST_STEP][PASSED] - req_data = sendRequest(findTestObject("Search_ME", ["MID":MID, "source":source, "ip":ip, "userid":userid, "branch":branch, "tipekons":tipekons, "marital":marital, "penjamin":penjamin, ... ])): Send request successfully

2022-11-25 11:24:43 - [MESSAGE][INFO] - HAR: D:\DMS\Engine Scoring\Reports\20221125_111232\Exclude KKB - DS - Married\Scoring Married - CS New\20221125_111233\requests\main\210.har

2022-11-25 11:24:43 - [MESSAGE][PASSED] - Send request successfully

2022-11-25 11:24:43 - [TEST_STEP][PASSED] - slurper = new groovy.json.JsonSlurper(): null

2022-11-25 11:24:43 - [TEST_STEP][PASSED] - result = slurper.parseText(req_data.getResponseBodyContent()): null

2022-11-25 11:24:43 - [TEST_STEP][PASSED] - reqid_kons = requestid1: null

2022-11-25 11:24:43 - [TEST_STEP][PASSED] - reqid_spouse = requestid2: null

2022-11-25 11:24:43 - [TEST_STEP][PASSED] - println("requestid kons : " + reqid_kons): null

2022-11-25 11:24:43 - [TEST_STEP][PASSED] - response_searchME_kons = reqid_kons: null

2022-11-25 11:24:43 - [TEST_STEP][PASSED] - response_searchME_spouse = reqid_spouse: null

2022-11-25 11:24:43 - [TEST_STEP][PASSED] - println("kons req id is :" + response_searchME_kons): null

2022-11-25 11:24:43 - [TEST_STEP][PASSED] - println("spouse req id is : " + response_searchME_spouse): null

2022-11-25 11:24:43 - [TEST_STEP][PASSED] - verifyResponseStatusCode(req_data, 200): Verify response status code successfully

2022-11-25 11:24:43 - [MESSAGE][PASSED] - Verify response status code successfully

2022-11-25 11:24:43 - [TEST_STEP][PASSED] - response = req_data.getResponseText(): null

2022-11-25 11:24:43 - [TEST_STEP][PASSED] - logInfo($response): {"status":"Done","data":{"requestid1":"255969","requestid2":"255970"}}

2022-11-25 11:24:43 - [MESSAGE][INFO] - {"status":"Done","data":{"requestid1":"255969","requestid2":"255970"}}

2022-11-25 11:24:43 - [TEST_STEP][PASSED] - delay(5): Delayed 5 second(s)

2022-11-25 11:24:48 - [MESSAGE][PASSED] - Delayed 5 second(s)

2022-11-25 11:24:48 - [TEST_STEP][PASSED] - scoring = sendRequest(findTestObject("EngineScore", ["response_searchME_kons":response_searchME_kons, "response_searchME_spouse":response_searchME_spouse])): Send request successfully

2022-11-25 11:24:48 - [MESSAGE][INFO] - HAR: D:\DMS\Engine Scoring\Reports\20221125_111232\Exclude KKB - DS - Married\Scoring Married - CS New\20221125_111233\requests\main\211.har

2022-11-25 11:24:48 - [MESSAGE][PASSED] - Send request successfully

2022-11-25 11:24:48 - [TEST_STEP][PASSED] - verifyResponseStatusCode(scoring, 200): Verify response status code successfully

2022-11-25 11:24:48 - [MESSAGE][PASSED] - Verify response status code successfully

2022-11-25 11:24:48 - [TEST_STEP][PASSED] - response2 = scoring.getResponseText(): null

2022-11-25 11:24:48 - [TEST_STEP][PASSED] - markPassed("result service data ke : " + no): result service data ke : 106

2022-11-25 11:24:48 - [MESSAGE][PASSED] - result service data ke : 106

2022-11-25 11:24:48 - [TEST_STEP][PASSED] - logInfo($response2): {"result_konsumen":"Reject","result_pasangan":"Reject","Final_result":"Reject","errorMessage":"","status":"Done"}

2022-11-25 11:24:48 - [MESSAGE][INFO] - {"result_konsumen":"Reject","result_pasangan":"Reject","Final_result":"Reject","errorMessage":"","status":"Done"}

2022-11-25 11:24:48 - [TEST_STEP][PASSED] - verifyElementPropertyValue(scoring, "Final_result", final_result): Verify element property value successfully

2022-11-25 11:24:48 - [MESSAGE][PASSED] - Verify element property value successfully]]></system-out>
         <system-err><![CDATA[]]></system-err>
      </testcase>
      <testcase name="Test Cases/Engine_Scoring/Engine Scoring" time="7.009" classname="Test Cases/Engine_Scoring/Engine Scoring" status="PASSED">
         <system-out><![CDATA[2022-11-25 11:24:48 - [TEST_CASE][PASSED] - Test Cases/Engine_Scoring/Engine Scoring: Test Cases/Engine_Scoring/Engine Scoring

2022-11-25 11:24:49 - [TEST_STEP][PASSED] - markPassed("Variasi data ke : " + no): Variasi data ke : 107

2022-11-25 11:24:49 - [MESSAGE][PASSED] - Variasi data ke : 107

2022-11-25 11:24:49 - [TEST_STEP][PASSED] - req_data = sendRequest(findTestObject("Search_ME", ["MID":MID, "source":source, "ip":ip, "userid":userid, "branch":branch, "tipekons":tipekons, "marital":marital, "penjamin":penjamin, ... ])): Send request successfully

2022-11-25 11:24:50 - [MESSAGE][INFO] - HAR: D:\DMS\Engine Scoring\Reports\20221125_111232\Exclude KKB - DS - Married\Scoring Married - CS New\20221125_111233\requests\main\212.har

2022-11-25 11:24:50 - [MESSAGE][PASSED] - Send request successfully

2022-11-25 11:24:50 - [TEST_STEP][PASSED] - slurper = new groovy.json.JsonSlurper(): null

2022-11-25 11:24:50 - [TEST_STEP][PASSED] - result = slurper.parseText(req_data.getResponseBodyContent()): null

2022-11-25 11:24:50 - [TEST_STEP][PASSED] - reqid_kons = requestid1: null

2022-11-25 11:24:50 - [TEST_STEP][PASSED] - reqid_spouse = requestid2: null

2022-11-25 11:24:50 - [TEST_STEP][PASSED] - println("requestid kons : " + reqid_kons): null

2022-11-25 11:24:50 - [TEST_STEP][PASSED] - response_searchME_kons = reqid_kons: null

2022-11-25 11:24:50 - [TEST_STEP][PASSED] - response_searchME_spouse = reqid_spouse: null

2022-11-25 11:24:50 - [TEST_STEP][PASSED] - println("kons req id is :" + response_searchME_kons): null

2022-11-25 11:24:50 - [TEST_STEP][PASSED] - println("spouse req id is : " + response_searchME_spouse): null

2022-11-25 11:24:50 - [TEST_STEP][PASSED] - verifyResponseStatusCode(req_data, 200): Verify response status code successfully

2022-11-25 11:24:50 - [MESSAGE][PASSED] - Verify response status code successfully

2022-11-25 11:24:50 - [TEST_STEP][PASSED] - response = req_data.getResponseText(): null

2022-11-25 11:24:50 - [TEST_STEP][PASSED] - logInfo($response): {"status":"Done","data":{"requestid1":"255971","requestid2":"255972"}}

2022-11-25 11:24:50 - [MESSAGE][INFO] - {"status":"Done","data":{"requestid1":"255971","requestid2":"255972"}}

2022-11-25 11:24:50 - [TEST_STEP][PASSED] - delay(5): Delayed 5 second(s)

2022-11-25 11:24:55 - [MESSAGE][PASSED] - Delayed 5 second(s)

2022-11-25 11:24:55 - [TEST_STEP][PASSED] - scoring = sendRequest(findTestObject("EngineScore", ["response_searchME_kons":response_searchME_kons, "response_searchME_spouse":response_searchME_spouse])): Send request successfully

2022-11-25 11:24:55 - [MESSAGE][INFO] - HAR: D:\DMS\Engine Scoring\Reports\20221125_111232\Exclude KKB - DS - Married\Scoring Married - CS New\20221125_111233\requests\main\213.har

2022-11-25 11:24:55 - [MESSAGE][PASSED] - Send request successfully

2022-11-25 11:24:55 - [TEST_STEP][PASSED] - verifyResponseStatusCode(scoring, 200): Verify response status code successfully

2022-11-25 11:24:55 - [MESSAGE][PASSED] - Verify response status code successfully

2022-11-25 11:24:55 - [TEST_STEP][PASSED] - response2 = scoring.getResponseText(): null

2022-11-25 11:24:55 - [TEST_STEP][PASSED] - markPassed("result service data ke : " + no): result service data ke : 107

2022-11-25 11:24:55 - [MESSAGE][PASSED] - result service data ke : 107

2022-11-25 11:24:55 - [TEST_STEP][PASSED] - logInfo($response2): {"result_konsumen":"Reject","result_pasangan":"Reguler","Final_result":"Reject","errorMessage":"","status":"Done"}

2022-11-25 11:24:55 - [MESSAGE][INFO] - {"result_konsumen":"Reject","result_pasangan":"Reguler","Final_result":"Reject","errorMessage":"","status":"Done"}

2022-11-25 11:24:55 - [TEST_STEP][PASSED] - verifyElementPropertyValue(scoring, "Final_result", final_result): Verify element property value successfully

2022-11-25 11:24:55 - [MESSAGE][PASSED] - Verify element property value successfully]]></system-out>
         <system-err><![CDATA[]]></system-err>
      </testcase>
      <testcase name="Test Cases/Engine_Scoring/Engine Scoring" time="7.955" classname="Test Cases/Engine_Scoring/Engine Scoring" status="PASSED">
         <system-out><![CDATA[2022-11-25 11:24:55 - [TEST_CASE][PASSED] - Test Cases/Engine_Scoring/Engine Scoring: Test Cases/Engine_Scoring/Engine Scoring

2022-11-25 11:24:56 - [TEST_STEP][PASSED] - markPassed("Variasi data ke : " + no): Variasi data ke : 108

2022-11-25 11:24:56 - [MESSAGE][PASSED] - Variasi data ke : 108

2022-11-25 11:24:56 - [TEST_STEP][PASSED] - req_data = sendRequest(findTestObject("Search_ME", ["MID":MID, "source":source, "ip":ip, "userid":userid, "branch":branch, "tipekons":tipekons, "marital":marital, "penjamin":penjamin, ... ])): Send request successfully

2022-11-25 11:24:58 - [MESSAGE][INFO] - HAR: D:\DMS\Engine Scoring\Reports\20221125_111232\Exclude KKB - DS - Married\Scoring Married - CS New\20221125_111233\requests\main\214.har

2022-11-25 11:24:58 - [MESSAGE][PASSED] - Send request successfully

2022-11-25 11:24:58 - [TEST_STEP][PASSED] - slurper = new groovy.json.JsonSlurper(): null

2022-11-25 11:24:58 - [TEST_STEP][PASSED] - result = slurper.parseText(req_data.getResponseBodyContent()): null

2022-11-25 11:24:58 - [TEST_STEP][PASSED] - reqid_kons = requestid1: null

2022-11-25 11:24:58 - [TEST_STEP][PASSED] - reqid_spouse = requestid2: null

2022-11-25 11:24:58 - [TEST_STEP][PASSED] - println("requestid kons : " + reqid_kons): null

2022-11-25 11:24:58 - [TEST_STEP][PASSED] - response_searchME_kons = reqid_kons: null

2022-11-25 11:24:58 - [TEST_STEP][PASSED] - response_searchME_spouse = reqid_spouse: null

2022-11-25 11:24:58 - [TEST_STEP][PASSED] - println("kons req id is :" + response_searchME_kons): null

2022-11-25 11:24:58 - [TEST_STEP][PASSED] - println("spouse req id is : " + response_searchME_spouse): null

2022-11-25 11:24:58 - [TEST_STEP][PASSED] - verifyResponseStatusCode(req_data, 200): Verify response status code successfully

2022-11-25 11:24:58 - [MESSAGE][PASSED] - Verify response status code successfully

2022-11-25 11:24:58 - [TEST_STEP][PASSED] - response = req_data.getResponseText(): null

2022-11-25 11:24:58 - [TEST_STEP][PASSED] - logInfo($response): {"status":"Done","data":{"requestid1":"255973","requestid2":"255974"}}

2022-11-25 11:24:58 - [MESSAGE][INFO] - {"status":"Done","data":{"requestid1":"255973","requestid2":"255974"}}

2022-11-25 11:24:58 - [TEST_STEP][PASSED] - delay(5): Delayed 5 second(s)

2022-11-25 11:25:03 - [MESSAGE][PASSED] - Delayed 5 second(s)

2022-11-25 11:25:03 - [TEST_STEP][PASSED] - scoring = sendRequest(findTestObject("EngineScore", ["response_searchME_kons":response_searchME_kons, "response_searchME_spouse":response_searchME_spouse])): Send request successfully

2022-11-25 11:25:03 - [MESSAGE][INFO] - HAR: D:\DMS\Engine Scoring\Reports\20221125_111232\Exclude KKB - DS - Married\Scoring Married - CS New\20221125_111233\requests\main\215.har

2022-11-25 11:25:03 - [MESSAGE][PASSED] - Send request successfully

2022-11-25 11:25:03 - [TEST_STEP][PASSED] - verifyResponseStatusCode(scoring, 200): Verify response status code successfully

2022-11-25 11:25:03 - [MESSAGE][PASSED] - Verify response status code successfully

2022-11-25 11:25:03 - [TEST_STEP][PASSED] - response2 = scoring.getResponseText(): null

2022-11-25 11:25:03 - [TEST_STEP][PASSED] - markPassed("result service data ke : " + no): result service data ke : 108

2022-11-25 11:25:03 - [MESSAGE][PASSED] - result service data ke : 108

2022-11-25 11:25:03 - [TEST_STEP][PASSED] - logInfo($response2): {"result_konsumen":"Reject","result_pasangan":"Approve","Final_result":"Reject","errorMessage":"","status":"Done"}

2022-11-25 11:25:03 - [MESSAGE][INFO] - {"result_konsumen":"Reject","result_pasangan":"Approve","Final_result":"Reject","errorMessage":"","status":"Done"}

2022-11-25 11:25:03 - [TEST_STEP][PASSED] - verifyElementPropertyValue(scoring, "Final_result", final_result): Verify element property value successfully

2022-11-25 11:25:03 - [MESSAGE][PASSED] - Verify element property value successfully]]></system-out>
         <system-err><![CDATA[]]></system-err>
      </testcase>
      <testcase name="Test Cases/Engine_Scoring/Engine Scoring" time="7.332" classname="Test Cases/Engine_Scoring/Engine Scoring" status="PASSED">
         <system-out><![CDATA[2022-11-25 11:25:03 - [TEST_CASE][PASSED] - Test Cases/Engine_Scoring/Engine Scoring: Test Cases/Engine_Scoring/Engine Scoring

2022-11-25 11:25:04 - [TEST_STEP][PASSED] - markPassed("Variasi data ke : " + no): Variasi data ke : 109

2022-11-25 11:25:04 - [MESSAGE][PASSED] - Variasi data ke : 109

2022-11-25 11:25:04 - [TEST_STEP][PASSED] - req_data = sendRequest(findTestObject("Search_ME", ["MID":MID, "source":source, "ip":ip, "userid":userid, "branch":branch, "tipekons":tipekons, "marital":marital, "penjamin":penjamin, ... ])): Send request successfully

2022-11-25 11:25:06 - [MESSAGE][INFO] - HAR: D:\DMS\Engine Scoring\Reports\20221125_111232\Exclude KKB - DS - Married\Scoring Married - CS New\20221125_111233\requests\main\216.har

2022-11-25 11:25:06 - [MESSAGE][PASSED] - Send request successfully

2022-11-25 11:25:06 - [TEST_STEP][PASSED] - slurper = new groovy.json.JsonSlurper(): null

2022-11-25 11:25:06 - [TEST_STEP][PASSED] - result = slurper.parseText(req_data.getResponseBodyContent()): null

2022-11-25 11:25:06 - [TEST_STEP][PASSED] - reqid_kons = requestid1: null

2022-11-25 11:25:06 - [TEST_STEP][PASSED] - reqid_spouse = requestid2: null

2022-11-25 11:25:06 - [TEST_STEP][PASSED] - println("requestid kons : " + reqid_kons): null

2022-11-25 11:25:06 - [TEST_STEP][PASSED] - response_searchME_kons = reqid_kons: null

2022-11-25 11:25:06 - [TEST_STEP][PASSED] - response_searchME_spouse = reqid_spouse: null

2022-11-25 11:25:06 - [TEST_STEP][PASSED] - println("kons req id is :" + response_searchME_kons): null

2022-11-25 11:25:06 - [TEST_STEP][PASSED] - println("spouse req id is : " + response_searchME_spouse): null

2022-11-25 11:25:06 - [TEST_STEP][PASSED] - verifyResponseStatusCode(req_data, 200): Verify response status code successfully

2022-11-25 11:25:06 - [MESSAGE][PASSED] - Verify response status code successfully

2022-11-25 11:25:06 - [TEST_STEP][PASSED] - response = req_data.getResponseText(): null

2022-11-25 11:25:06 - [TEST_STEP][PASSED] - logInfo($response): {"status":"Done","data":{"requestid1":"255975","requestid2":"255976"}}

2022-11-25 11:25:06 - [MESSAGE][INFO] - {"status":"Done","data":{"requestid1":"255975","requestid2":"255976"}}

2022-11-25 11:25:06 - [TEST_STEP][PASSED] - delay(5): Delayed 5 second(s)

2022-11-25 11:25:11 - [MESSAGE][PASSED] - Delayed 5 second(s)

2022-11-25 11:25:11 - [TEST_STEP][PASSED] - scoring = sendRequest(findTestObject("EngineScore", ["response_searchME_kons":response_searchME_kons, "response_searchME_spouse":response_searchME_spouse])): Send request successfully

2022-11-25 11:25:11 - [MESSAGE][INFO] - HAR: D:\DMS\Engine Scoring\Reports\20221125_111232\Exclude KKB - DS - Married\Scoring Married - CS New\20221125_111233\requests\main\217.har

2022-11-25 11:25:11 - [MESSAGE][PASSED] - Send request successfully

2022-11-25 11:25:11 - [TEST_STEP][PASSED] - verifyResponseStatusCode(scoring, 200): Verify response status code successfully

2022-11-25 11:25:11 - [MESSAGE][PASSED] - Verify response status code successfully

2022-11-25 11:25:11 - [TEST_STEP][PASSED] - response2 = scoring.getResponseText(): null

2022-11-25 11:25:11 - [TEST_STEP][PASSED] - markPassed("result service data ke : " + no): result service data ke : 109

2022-11-25 11:25:11 - [MESSAGE][PASSED] - result service data ke : 109

2022-11-25 11:25:11 - [TEST_STEP][PASSED] - logInfo($response2): {"result_konsumen":"Approve","result_pasangan":"Reguler","Final_result":"Approve","errorMessage":"","status":"Done"}

2022-11-25 11:25:11 - [MESSAGE][INFO] - {"result_konsumen":"Approve","result_pasangan":"Reguler","Final_result":"Approve","errorMessage":"","status":"Done"}

2022-11-25 11:25:11 - [TEST_STEP][PASSED] - verifyElementPropertyValue(scoring, "Final_result", final_result): Verify element property value successfully

2022-11-25 11:25:11 - [MESSAGE][PASSED] - Verify element property value successfully]]></system-out>
         <system-err><![CDATA[]]></system-err>
      </testcase>
      <testcase name="Test Cases/Engine_Scoring/Engine Scoring" time="7.086" classname="Test Cases/Engine_Scoring/Engine Scoring" status="PASSED">
         <system-out><![CDATA[2022-11-25 11:25:11 - [TEST_CASE][PASSED] - Test Cases/Engine_Scoring/Engine Scoring: Test Cases/Engine_Scoring/Engine Scoring

2022-11-25 11:25:12 - [TEST_STEP][PASSED] - markPassed("Variasi data ke : " + no): Variasi data ke : 110

2022-11-25 11:25:12 - [MESSAGE][PASSED] - Variasi data ke : 110

2022-11-25 11:25:12 - [TEST_STEP][PASSED] - req_data = sendRequest(findTestObject("Search_ME", ["MID":MID, "source":source, "ip":ip, "userid":userid, "branch":branch, "tipekons":tipekons, "marital":marital, "penjamin":penjamin, ... ])): Send request successfully

2022-11-25 11:25:13 - [MESSAGE][INFO] - HAR: D:\DMS\Engine Scoring\Reports\20221125_111232\Exclude KKB - DS - Married\Scoring Married - CS New\20221125_111233\requests\main\218.har

2022-11-25 11:25:13 - [MESSAGE][PASSED] - Send request successfully

2022-11-25 11:25:13 - [TEST_STEP][PASSED] - slurper = new groovy.json.JsonSlurper(): null

2022-11-25 11:25:13 - [TEST_STEP][PASSED] - result = slurper.parseText(req_data.getResponseBodyContent()): null

2022-11-25 11:25:13 - [TEST_STEP][PASSED] - reqid_kons = requestid1: null

2022-11-25 11:25:13 - [TEST_STEP][PASSED] - reqid_spouse = requestid2: null

2022-11-25 11:25:13 - [TEST_STEP][PASSED] - println("requestid kons : " + reqid_kons): null

2022-11-25 11:25:13 - [TEST_STEP][PASSED] - response_searchME_kons = reqid_kons: null

2022-11-25 11:25:13 - [TEST_STEP][PASSED] - response_searchME_spouse = reqid_spouse: null

2022-11-25 11:25:13 - [TEST_STEP][PASSED] - println("kons req id is :" + response_searchME_kons): null

2022-11-25 11:25:13 - [TEST_STEP][PASSED] - println("spouse req id is : " + response_searchME_spouse): null

2022-11-25 11:25:13 - [TEST_STEP][PASSED] - verifyResponseStatusCode(req_data, 200): Verify response status code successfully

2022-11-25 11:25:13 - [MESSAGE][PASSED] - Verify response status code successfully

2022-11-25 11:25:13 - [TEST_STEP][PASSED] - response = req_data.getResponseText(): null

2022-11-25 11:25:13 - [TEST_STEP][PASSED] - logInfo($response): {"status":"Done","data":{"requestid1":"255977","requestid2":"255978"}}

2022-11-25 11:25:13 - [MESSAGE][INFO] - {"status":"Done","data":{"requestid1":"255977","requestid2":"255978"}}

2022-11-25 11:25:13 - [TEST_STEP][PASSED] - delay(5): Delayed 5 second(s)

2022-11-25 11:25:18 - [MESSAGE][PASSED] - Delayed 5 second(s)

2022-11-25 11:25:18 - [TEST_STEP][PASSED] - scoring = sendRequest(findTestObject("EngineScore", ["response_searchME_kons":response_searchME_kons, "response_searchME_spouse":response_searchME_spouse])): Send request successfully

2022-11-25 11:25:18 - [MESSAGE][INFO] - HAR: D:\DMS\Engine Scoring\Reports\20221125_111232\Exclude KKB - DS - Married\Scoring Married - CS New\20221125_111233\requests\main\219.har

2022-11-25 11:25:18 - [MESSAGE][PASSED] - Send request successfully

2022-11-25 11:25:18 - [TEST_STEP][PASSED] - verifyResponseStatusCode(scoring, 200): Verify response status code successfully

2022-11-25 11:25:18 - [MESSAGE][PASSED] - Verify response status code successfully

2022-11-25 11:25:18 - [TEST_STEP][PASSED] - response2 = scoring.getResponseText(): null

2022-11-25 11:25:18 - [TEST_STEP][PASSED] - markPassed("result service data ke : " + no): result service data ke : 110

2022-11-25 11:25:18 - [MESSAGE][PASSED] - result service data ke : 110

2022-11-25 11:25:18 - [TEST_STEP][PASSED] - logInfo($response2): {"result_konsumen":"Approve","result_pasangan":"Reguler","Final_result":"Approve","errorMessage":"","status":"Done"}

2022-11-25 11:25:18 - [MESSAGE][INFO] - {"result_konsumen":"Approve","result_pasangan":"Reguler","Final_result":"Approve","errorMessage":"","status":"Done"}

2022-11-25 11:25:18 - [TEST_STEP][PASSED] - verifyElementPropertyValue(scoring, "Final_result", final_result): Verify element property value successfully

2022-11-25 11:25:18 - [MESSAGE][PASSED] - Verify element property value successfully]]></system-out>
         <system-err><![CDATA[]]></system-err>
      </testcase>
      <testcase name="Test Cases/Engine_Scoring/Engine Scoring" time="6.986" classname="Test Cases/Engine_Scoring/Engine Scoring" status="PASSED">
         <system-out><![CDATA[2022-11-25 11:25:18 - [TEST_CASE][PASSED] - Test Cases/Engine_Scoring/Engine Scoring: Test Cases/Engine_Scoring/Engine Scoring

2022-11-25 11:25:19 - [TEST_STEP][PASSED] - markPassed("Variasi data ke : " + no): Variasi data ke : 111

2022-11-25 11:25:19 - [MESSAGE][PASSED] - Variasi data ke : 111

2022-11-25 11:25:19 - [TEST_STEP][PASSED] - req_data = sendRequest(findTestObject("Search_ME", ["MID":MID, "source":source, "ip":ip, "userid":userid, "branch":branch, "tipekons":tipekons, "marital":marital, "penjamin":penjamin, ... ])): Send request successfully

2022-11-25 11:25:20 - [MESSAGE][INFO] - HAR: D:\DMS\Engine Scoring\Reports\20221125_111232\Exclude KKB - DS - Married\Scoring Married - CS New\20221125_111233\requests\main\220.har

2022-11-25 11:25:20 - [MESSAGE][PASSED] - Send request successfully

2022-11-25 11:25:20 - [TEST_STEP][PASSED] - slurper = new groovy.json.JsonSlurper(): null

2022-11-25 11:25:20 - [TEST_STEP][PASSED] - result = slurper.parseText(req_data.getResponseBodyContent()): null

2022-11-25 11:25:20 - [TEST_STEP][PASSED] - reqid_kons = requestid1: null

2022-11-25 11:25:20 - [TEST_STEP][PASSED] - reqid_spouse = requestid2: null

2022-11-25 11:25:20 - [TEST_STEP][PASSED] - println("requestid kons : " + reqid_kons): null

2022-11-25 11:25:20 - [TEST_STEP][PASSED] - response_searchME_kons = reqid_kons: null

2022-11-25 11:25:20 - [TEST_STEP][PASSED] - response_searchME_spouse = reqid_spouse: null

2022-11-25 11:25:20 - [TEST_STEP][PASSED] - println("kons req id is :" + response_searchME_kons): null

2022-11-25 11:25:20 - [TEST_STEP][PASSED] - println("spouse req id is : " + response_searchME_spouse): null

2022-11-25 11:25:20 - [TEST_STEP][PASSED] - verifyResponseStatusCode(req_data, 200): Verify response status code successfully

2022-11-25 11:25:20 - [MESSAGE][PASSED] - Verify response status code successfully

2022-11-25 11:25:20 - [TEST_STEP][PASSED] - response = req_data.getResponseText(): null

2022-11-25 11:25:20 - [TEST_STEP][PASSED] - logInfo($response): {"status":"Done","data":{"requestid1":"255979","requestid2":"255980"}}

2022-11-25 11:25:20 - [MESSAGE][INFO] - {"status":"Done","data":{"requestid1":"255979","requestid2":"255980"}}

2022-11-25 11:25:20 - [TEST_STEP][PASSED] - delay(5): Delayed 5 second(s)

2022-11-25 11:25:25 - [MESSAGE][PASSED] - Delayed 5 second(s)

2022-11-25 11:25:25 - [TEST_STEP][PASSED] - scoring = sendRequest(findTestObject("EngineScore", ["response_searchME_kons":response_searchME_kons, "response_searchME_spouse":response_searchME_spouse])): Send request successfully

2022-11-25 11:25:25 - [MESSAGE][INFO] - HAR: D:\DMS\Engine Scoring\Reports\20221125_111232\Exclude KKB - DS - Married\Scoring Married - CS New\20221125_111233\requests\main\221.har

2022-11-25 11:25:25 - [MESSAGE][PASSED] - Send request successfully

2022-11-25 11:25:25 - [TEST_STEP][PASSED] - verifyResponseStatusCode(scoring, 200): Verify response status code successfully

2022-11-25 11:25:25 - [MESSAGE][PASSED] - Verify response status code successfully

2022-11-25 11:25:25 - [TEST_STEP][PASSED] - response2 = scoring.getResponseText(): null

2022-11-25 11:25:25 - [TEST_STEP][PASSED] - markPassed("result service data ke : " + no): result service data ke : 111

2022-11-25 11:25:25 - [MESSAGE][PASSED] - result service data ke : 111

2022-11-25 11:25:25 - [TEST_STEP][PASSED] - logInfo($response2): {"result_konsumen":"Approve","result_pasangan":"Reguler","Final_result":"Approve","errorMessage":"","status":"Done"}

2022-11-25 11:25:25 - [MESSAGE][INFO] - {"result_konsumen":"Approve","result_pasangan":"Reguler","Final_result":"Approve","errorMessage":"","status":"Done"}

2022-11-25 11:25:25 - [TEST_STEP][PASSED] - verifyElementPropertyValue(scoring, "Final_result", final_result): Verify element property value successfully

2022-11-25 11:25:25 - [MESSAGE][PASSED] - Verify element property value successfully]]></system-out>
         <system-err><![CDATA[]]></system-err>
      </testcase>
      <testcase name="Test Cases/Engine_Scoring/Engine Scoring" time="6.981" classname="Test Cases/Engine_Scoring/Engine Scoring" status="PASSED">
         <system-out><![CDATA[2022-11-25 11:25:25 - [TEST_CASE][PASSED] - Test Cases/Engine_Scoring/Engine Scoring: Test Cases/Engine_Scoring/Engine Scoring

2022-11-25 11:25:26 - [TEST_STEP][PASSED] - markPassed("Variasi data ke : " + no): Variasi data ke : 112

2022-11-25 11:25:26 - [MESSAGE][PASSED] - Variasi data ke : 112

2022-11-25 11:25:26 - [TEST_STEP][PASSED] - req_data = sendRequest(findTestObject("Search_ME", ["MID":MID, "source":source, "ip":ip, "userid":userid, "branch":branch, "tipekons":tipekons, "marital":marital, "penjamin":penjamin, ... ])): Send request successfully

2022-11-25 11:25:27 - [MESSAGE][INFO] - HAR: D:\DMS\Engine Scoring\Reports\20221125_111232\Exclude KKB - DS - Married\Scoring Married - CS New\20221125_111233\requests\main\222.har

2022-11-25 11:25:27 - [MESSAGE][PASSED] - Send request successfully

2022-11-25 11:25:27 - [TEST_STEP][PASSED] - slurper = new groovy.json.JsonSlurper(): null

2022-11-25 11:25:27 - [TEST_STEP][PASSED] - result = slurper.parseText(req_data.getResponseBodyContent()): null

2022-11-25 11:25:27 - [TEST_STEP][PASSED] - reqid_kons = requestid1: null

2022-11-25 11:25:27 - [TEST_STEP][PASSED] - reqid_spouse = requestid2: null

2022-11-25 11:25:27 - [TEST_STEP][PASSED] - println("requestid kons : " + reqid_kons): null

2022-11-25 11:25:27 - [TEST_STEP][PASSED] - response_searchME_kons = reqid_kons: null

2022-11-25 11:25:27 - [TEST_STEP][PASSED] - response_searchME_spouse = reqid_spouse: null

2022-11-25 11:25:27 - [TEST_STEP][PASSED] - println("kons req id is :" + response_searchME_kons): null

2022-11-25 11:25:27 - [TEST_STEP][PASSED] - println("spouse req id is : " + response_searchME_spouse): null

2022-11-25 11:25:27 - [TEST_STEP][PASSED] - verifyResponseStatusCode(req_data, 200): Verify response status code successfully

2022-11-25 11:25:27 - [MESSAGE][PASSED] - Verify response status code successfully

2022-11-25 11:25:27 - [TEST_STEP][PASSED] - response = req_data.getResponseText(): null

2022-11-25 11:25:27 - [TEST_STEP][PASSED] - logInfo($response): {"status":"Done","data":{"requestid1":"255981","requestid2":"255982"}}

2022-11-25 11:25:27 - [MESSAGE][INFO] - {"status":"Done","data":{"requestid1":"255981","requestid2":"255982"}}

2022-11-25 11:25:27 - [TEST_STEP][PASSED] - delay(5): Delayed 5 second(s)

2022-11-25 11:25:32 - [MESSAGE][PASSED] - Delayed 5 second(s)

2022-11-25 11:25:32 - [TEST_STEP][PASSED] - scoring = sendRequest(findTestObject("EngineScore", ["response_searchME_kons":response_searchME_kons, "response_searchME_spouse":response_searchME_spouse])): Send request successfully

2022-11-25 11:25:32 - [MESSAGE][INFO] - HAR: D:\DMS\Engine Scoring\Reports\20221125_111232\Exclude KKB - DS - Married\Scoring Married - CS New\20221125_111233\requests\main\223.har

2022-11-25 11:25:32 - [MESSAGE][PASSED] - Send request successfully

2022-11-25 11:25:32 - [TEST_STEP][PASSED] - verifyResponseStatusCode(scoring, 200): Verify response status code successfully

2022-11-25 11:25:32 - [MESSAGE][PASSED] - Verify response status code successfully

2022-11-25 11:25:32 - [TEST_STEP][PASSED] - response2 = scoring.getResponseText(): null

2022-11-25 11:25:32 - [TEST_STEP][PASSED] - markPassed("result service data ke : " + no): result service data ke : 112

2022-11-25 11:25:32 - [MESSAGE][PASSED] - result service data ke : 112

2022-11-25 11:25:32 - [TEST_STEP][PASSED] - logInfo($response2): {"result_konsumen":"Approve","result_pasangan":"Reguler","Final_result":"Approve","errorMessage":"","status":"Done"}

2022-11-25 11:25:32 - [MESSAGE][INFO] - {"result_konsumen":"Approve","result_pasangan":"Reguler","Final_result":"Approve","errorMessage":"","status":"Done"}

2022-11-25 11:25:32 - [TEST_STEP][PASSED] - verifyElementPropertyValue(scoring, "Final_result", final_result): Verify element property value successfully

2022-11-25 11:25:32 - [MESSAGE][PASSED] - Verify element property value successfully]]></system-out>
         <system-err><![CDATA[]]></system-err>
      </testcase>
      <testcase name="Test Cases/Engine_Scoring/Engine Scoring" time="7.167" classname="Test Cases/Engine_Scoring/Engine Scoring" status="PASSED">
         <system-out><![CDATA[2022-11-25 11:25:32 - [TEST_CASE][PASSED] - Test Cases/Engine_Scoring/Engine Scoring: Test Cases/Engine_Scoring/Engine Scoring

2022-11-25 11:25:33 - [TEST_STEP][PASSED] - markPassed("Variasi data ke : " + no): Variasi data ke : 113

2022-11-25 11:25:33 - [MESSAGE][PASSED] - Variasi data ke : 113

2022-11-25 11:25:33 - [TEST_STEP][PASSED] - req_data = sendRequest(findTestObject("Search_ME", ["MID":MID, "source":source, "ip":ip, "userid":userid, "branch":branch, "tipekons":tipekons, "marital":marital, "penjamin":penjamin, ... ])): Send request successfully

2022-11-25 11:25:34 - [MESSAGE][INFO] - HAR: D:\DMS\Engine Scoring\Reports\20221125_111232\Exclude KKB - DS - Married\Scoring Married - CS New\20221125_111233\requests\main\224.har

2022-11-25 11:25:34 - [MESSAGE][PASSED] - Send request successfully

2022-11-25 11:25:34 - [TEST_STEP][PASSED] - slurper = new groovy.json.JsonSlurper(): null

2022-11-25 11:25:34 - [TEST_STEP][PASSED] - result = slurper.parseText(req_data.getResponseBodyContent()): null

2022-11-25 11:25:34 - [TEST_STEP][PASSED] - reqid_kons = requestid1: null

2022-11-25 11:25:34 - [TEST_STEP][PASSED] - reqid_spouse = requestid2: null

2022-11-25 11:25:34 - [TEST_STEP][PASSED] - println("requestid kons : " + reqid_kons): null

2022-11-25 11:25:34 - [TEST_STEP][PASSED] - response_searchME_kons = reqid_kons: null

2022-11-25 11:25:34 - [TEST_STEP][PASSED] - response_searchME_spouse = reqid_spouse: null

2022-11-25 11:25:34 - [TEST_STEP][PASSED] - println("kons req id is :" + response_searchME_kons): null

2022-11-25 11:25:34 - [TEST_STEP][PASSED] - println("spouse req id is : " + response_searchME_spouse): null

2022-11-25 11:25:34 - [TEST_STEP][PASSED] - verifyResponseStatusCode(req_data, 200): Verify response status code successfully

2022-11-25 11:25:34 - [MESSAGE][PASSED] - Verify response status code successfully

2022-11-25 11:25:34 - [TEST_STEP][PASSED] - response = req_data.getResponseText(): null

2022-11-25 11:25:34 - [TEST_STEP][PASSED] - logInfo($response): {"status":"Done","data":{"requestid1":"255983","requestid2":"255984"}}

2022-11-25 11:25:34 - [MESSAGE][INFO] - {"status":"Done","data":{"requestid1":"255983","requestid2":"255984"}}

2022-11-25 11:25:34 - [TEST_STEP][PASSED] - delay(5): Delayed 5 second(s)

2022-11-25 11:25:39 - [MESSAGE][PASSED] - Delayed 5 second(s)

2022-11-25 11:25:39 - [TEST_STEP][PASSED] - scoring = sendRequest(findTestObject("EngineScore", ["response_searchME_kons":response_searchME_kons, "response_searchME_spouse":response_searchME_spouse])): Send request successfully

2022-11-25 11:25:39 - [MESSAGE][INFO] - HAR: D:\DMS\Engine Scoring\Reports\20221125_111232\Exclude KKB - DS - Married\Scoring Married - CS New\20221125_111233\requests\main\225.har

2022-11-25 11:25:39 - [MESSAGE][PASSED] - Send request successfully

2022-11-25 11:25:39 - [TEST_STEP][PASSED] - verifyResponseStatusCode(scoring, 200): Verify response status code successfully

2022-11-25 11:25:39 - [MESSAGE][PASSED] - Verify response status code successfully

2022-11-25 11:25:39 - [TEST_STEP][PASSED] - response2 = scoring.getResponseText(): null

2022-11-25 11:25:39 - [TEST_STEP][PASSED] - markPassed("result service data ke : " + no): result service data ke : 113

2022-11-25 11:25:39 - [MESSAGE][PASSED] - result service data ke : 113

2022-11-25 11:25:39 - [TEST_STEP][PASSED] - logInfo($response2): {"result_konsumen":"Approve","result_pasangan":"Reject","Final_result":"Reject","errorMessage":"","status":"Done"}

2022-11-25 11:25:39 - [MESSAGE][INFO] - {"result_konsumen":"Approve","result_pasangan":"Reject","Final_result":"Reject","errorMessage":"","status":"Done"}

2022-11-25 11:25:39 - [TEST_STEP][PASSED] - verifyElementPropertyValue(scoring, "Final_result", final_result): Verify element property value successfully

2022-11-25 11:25:39 - [MESSAGE][PASSED] - Verify element property value successfully]]></system-out>
         <system-err><![CDATA[]]></system-err>
      </testcase>
      <testcase name="Test Cases/Engine_Scoring/Engine Scoring" time="7.105" classname="Test Cases/Engine_Scoring/Engine Scoring" status="PASSED">
         <system-out><![CDATA[2022-11-25 11:25:39 - [TEST_CASE][PASSED] - Test Cases/Engine_Scoring/Engine Scoring: Test Cases/Engine_Scoring/Engine Scoring

2022-11-25 11:25:40 - [TEST_STEP][PASSED] - markPassed("Variasi data ke : " + no): Variasi data ke : 114

2022-11-25 11:25:40 - [MESSAGE][PASSED] - Variasi data ke : 114

2022-11-25 11:25:40 - [TEST_STEP][PASSED] - req_data = sendRequest(findTestObject("Search_ME", ["MID":MID, "source":source, "ip":ip, "userid":userid, "branch":branch, "tipekons":tipekons, "marital":marital, "penjamin":penjamin, ... ])): Send request successfully

2022-11-25 11:25:41 - [MESSAGE][INFO] - HAR: D:\DMS\Engine Scoring\Reports\20221125_111232\Exclude KKB - DS - Married\Scoring Married - CS New\20221125_111233\requests\main\226.har

2022-11-25 11:25:41 - [MESSAGE][PASSED] - Send request successfully

2022-11-25 11:25:41 - [TEST_STEP][PASSED] - slurper = new groovy.json.JsonSlurper(): null

2022-11-25 11:25:41 - [TEST_STEP][PASSED] - result = slurper.parseText(req_data.getResponseBodyContent()): null

2022-11-25 11:25:41 - [TEST_STEP][PASSED] - reqid_kons = requestid1: null

2022-11-25 11:25:41 - [TEST_STEP][PASSED] - reqid_spouse = requestid2: null

2022-11-25 11:25:41 - [TEST_STEP][PASSED] - println("requestid kons : " + reqid_kons): null

2022-11-25 11:25:41 - [TEST_STEP][PASSED] - response_searchME_kons = reqid_kons: null

2022-11-25 11:25:41 - [TEST_STEP][PASSED] - response_searchME_spouse = reqid_spouse: null

2022-11-25 11:25:41 - [TEST_STEP][PASSED] - println("kons req id is :" + response_searchME_kons): null

2022-11-25 11:25:41 - [TEST_STEP][PASSED] - println("spouse req id is : " + response_searchME_spouse): null

2022-11-25 11:25:41 - [TEST_STEP][PASSED] - verifyResponseStatusCode(req_data, 200): Verify response status code successfully

2022-11-25 11:25:41 - [MESSAGE][PASSED] - Verify response status code successfully

2022-11-25 11:25:41 - [TEST_STEP][PASSED] - response = req_data.getResponseText(): null

2022-11-25 11:25:41 - [TEST_STEP][PASSED] - logInfo($response): {"status":"Done","data":{"requestid1":"255985","requestid2":"255986"}}

2022-11-25 11:25:41 - [MESSAGE][INFO] - {"status":"Done","data":{"requestid1":"255985","requestid2":"255986"}}

2022-11-25 11:25:41 - [TEST_STEP][PASSED] - delay(5): Delayed 5 second(s)

2022-11-25 11:25:46 - [MESSAGE][PASSED] - Delayed 5 second(s)

2022-11-25 11:25:46 - [TEST_STEP][PASSED] - scoring = sendRequest(findTestObject("EngineScore", ["response_searchME_kons":response_searchME_kons, "response_searchME_spouse":response_searchME_spouse])): Send request successfully

2022-11-25 11:25:46 - [MESSAGE][INFO] - HAR: D:\DMS\Engine Scoring\Reports\20221125_111232\Exclude KKB - DS - Married\Scoring Married - CS New\20221125_111233\requests\main\227.har

2022-11-25 11:25:46 - [MESSAGE][PASSED] - Send request successfully

2022-11-25 11:25:46 - [TEST_STEP][PASSED] - verifyResponseStatusCode(scoring, 200): Verify response status code successfully

2022-11-25 11:25:46 - [MESSAGE][PASSED] - Verify response status code successfully

2022-11-25 11:25:46 - [TEST_STEP][PASSED] - response2 = scoring.getResponseText(): null

2022-11-25 11:25:46 - [TEST_STEP][PASSED] - markPassed("result service data ke : " + no): result service data ke : 114

2022-11-25 11:25:46 - [MESSAGE][PASSED] - result service data ke : 114

2022-11-25 11:25:46 - [TEST_STEP][PASSED] - logInfo($response2): {"result_konsumen":"Approve","result_pasangan":"Reject","Final_result":"Reject","errorMessage":"","status":"Done"}

2022-11-25 11:25:46 - [MESSAGE][INFO] - {"result_konsumen":"Approve","result_pasangan":"Reject","Final_result":"Reject","errorMessage":"","status":"Done"}

2022-11-25 11:25:46 - [TEST_STEP][PASSED] - verifyElementPropertyValue(scoring, "Final_result", final_result): Verify element property value successfully

2022-11-25 11:25:46 - [MESSAGE][PASSED] - Verify element property value successfully]]></system-out>
         <system-err><![CDATA[]]></system-err>
      </testcase>
      <testcase name="Test Cases/Engine_Scoring/Engine Scoring" time="7.113" classname="Test Cases/Engine_Scoring/Engine Scoring" status="PASSED">
         <system-out><![CDATA[2022-11-25 11:25:46 - [TEST_CASE][PASSED] - Test Cases/Engine_Scoring/Engine Scoring: Test Cases/Engine_Scoring/Engine Scoring

2022-11-25 11:25:47 - [TEST_STEP][PASSED] - markPassed("Variasi data ke : " + no): Variasi data ke : 115

2022-11-25 11:25:47 - [MESSAGE][PASSED] - Variasi data ke : 115

2022-11-25 11:25:47 - [TEST_STEP][PASSED] - req_data = sendRequest(findTestObject("Search_ME", ["MID":MID, "source":source, "ip":ip, "userid":userid, "branch":branch, "tipekons":tipekons, "marital":marital, "penjamin":penjamin, ... ])): Send request successfully

2022-11-25 11:25:48 - [MESSAGE][INFO] - HAR: D:\DMS\Engine Scoring\Reports\20221125_111232\Exclude KKB - DS - Married\Scoring Married - CS New\20221125_111233\requests\main\228.har

2022-11-25 11:25:48 - [MESSAGE][PASSED] - Send request successfully

2022-11-25 11:25:48 - [TEST_STEP][PASSED] - slurper = new groovy.json.JsonSlurper(): null

2022-11-25 11:25:48 - [TEST_STEP][PASSED] - result = slurper.parseText(req_data.getResponseBodyContent()): null

2022-11-25 11:25:48 - [TEST_STEP][PASSED] - reqid_kons = requestid1: null

2022-11-25 11:25:48 - [TEST_STEP][PASSED] - reqid_spouse = requestid2: null

2022-11-25 11:25:48 - [TEST_STEP][PASSED] - println("requestid kons : " + reqid_kons): null

2022-11-25 11:25:48 - [TEST_STEP][PASSED] - response_searchME_kons = reqid_kons: null

2022-11-25 11:25:48 - [TEST_STEP][PASSED] - response_searchME_spouse = reqid_spouse: null

2022-11-25 11:25:48 - [TEST_STEP][PASSED] - println("kons req id is :" + response_searchME_kons): null

2022-11-25 11:25:48 - [TEST_STEP][PASSED] - println("spouse req id is : " + response_searchME_spouse): null

2022-11-25 11:25:48 - [TEST_STEP][PASSED] - verifyResponseStatusCode(req_data, 200): Verify response status code successfully

2022-11-25 11:25:48 - [MESSAGE][PASSED] - Verify response status code successfully

2022-11-25 11:25:48 - [TEST_STEP][PASSED] - response = req_data.getResponseText(): null

2022-11-25 11:25:48 - [TEST_STEP][PASSED] - logInfo($response): {"status":"Done","data":{"requestid1":"255987","requestid2":"255988"}}

2022-11-25 11:25:48 - [MESSAGE][INFO] - {"status":"Done","data":{"requestid1":"255987","requestid2":"255988"}}

2022-11-25 11:25:48 - [TEST_STEP][PASSED] - delay(5): Delayed 5 second(s)

2022-11-25 11:25:53 - [MESSAGE][PASSED] - Delayed 5 second(s)

2022-11-25 11:25:53 - [TEST_STEP][PASSED] - scoring = sendRequest(findTestObject("EngineScore", ["response_searchME_kons":response_searchME_kons, "response_searchME_spouse":response_searchME_spouse])): Send request successfully

2022-11-25 11:25:54 - [MESSAGE][INFO] - HAR: D:\DMS\Engine Scoring\Reports\20221125_111232\Exclude KKB - DS - Married\Scoring Married - CS New\20221125_111233\requests\main\229.har

2022-11-25 11:25:54 - [MESSAGE][PASSED] - Send request successfully

2022-11-25 11:25:54 - [TEST_STEP][PASSED] - verifyResponseStatusCode(scoring, 200): Verify response status code successfully

2022-11-25 11:25:54 - [MESSAGE][PASSED] - Verify response status code successfully

2022-11-25 11:25:54 - [TEST_STEP][PASSED] - response2 = scoring.getResponseText(): null

2022-11-25 11:25:54 - [TEST_STEP][PASSED] - markPassed("result service data ke : " + no): result service data ke : 115

2022-11-25 11:25:54 - [MESSAGE][PASSED] - result service data ke : 115

2022-11-25 11:25:54 - [TEST_STEP][PASSED] - logInfo($response2): {"result_konsumen":"Approve","result_pasangan":"Reject","Final_result":"Reject","errorMessage":"","status":"Done"}

2022-11-25 11:25:54 - [MESSAGE][INFO] - {"result_konsumen":"Approve","result_pasangan":"Reject","Final_result":"Reject","errorMessage":"","status":"Done"}

2022-11-25 11:25:54 - [TEST_STEP][PASSED] - verifyElementPropertyValue(scoring, "Final_result", final_result): Verify element property value successfully

2022-11-25 11:25:54 - [MESSAGE][PASSED] - Verify element property value successfully]]></system-out>
         <system-err><![CDATA[]]></system-err>
      </testcase>
      <testcase name="Test Cases/Engine_Scoring/Engine Scoring" time="6.987" classname="Test Cases/Engine_Scoring/Engine Scoring" status="PASSED">
         <system-out><![CDATA[2022-11-25 11:25:54 - [TEST_CASE][PASSED] - Test Cases/Engine_Scoring/Engine Scoring: Test Cases/Engine_Scoring/Engine Scoring

2022-11-25 11:25:55 - [TEST_STEP][PASSED] - markPassed("Variasi data ke : " + no): Variasi data ke : 116

2022-11-25 11:25:55 - [MESSAGE][PASSED] - Variasi data ke : 116

2022-11-25 11:25:55 - [TEST_STEP][PASSED] - req_data = sendRequest(findTestObject("Search_ME", ["MID":MID, "source":source, "ip":ip, "userid":userid, "branch":branch, "tipekons":tipekons, "marital":marital, "penjamin":penjamin, ... ])): Send request successfully

2022-11-25 11:25:56 - [MESSAGE][INFO] - HAR: D:\DMS\Engine Scoring\Reports\20221125_111232\Exclude KKB - DS - Married\Scoring Married - CS New\20221125_111233\requests\main\230.har

2022-11-25 11:25:56 - [MESSAGE][PASSED] - Send request successfully

2022-11-25 11:25:56 - [TEST_STEP][PASSED] - slurper = new groovy.json.JsonSlurper(): null

2022-11-25 11:25:56 - [TEST_STEP][PASSED] - result = slurper.parseText(req_data.getResponseBodyContent()): null

2022-11-25 11:25:56 - [TEST_STEP][PASSED] - reqid_kons = requestid1: null

2022-11-25 11:25:56 - [TEST_STEP][PASSED] - reqid_spouse = requestid2: null

2022-11-25 11:25:56 - [TEST_STEP][PASSED] - println("requestid kons : " + reqid_kons): null

2022-11-25 11:25:56 - [TEST_STEP][PASSED] - response_searchME_kons = reqid_kons: null

2022-11-25 11:25:56 - [TEST_STEP][PASSED] - response_searchME_spouse = reqid_spouse: null

2022-11-25 11:25:56 - [TEST_STEP][PASSED] - println("kons req id is :" + response_searchME_kons): null

2022-11-25 11:25:56 - [TEST_STEP][PASSED] - println("spouse req id is : " + response_searchME_spouse): null

2022-11-25 11:25:56 - [TEST_STEP][PASSED] - verifyResponseStatusCode(req_data, 200): Verify response status code successfully

2022-11-25 11:25:56 - [MESSAGE][PASSED] - Verify response status code successfully

2022-11-25 11:25:56 - [TEST_STEP][PASSED] - response = req_data.getResponseText(): null

2022-11-25 11:25:56 - [TEST_STEP][PASSED] - logInfo($response): {"status":"Done","data":{"requestid1":"255989","requestid2":"255990"}}

2022-11-25 11:25:56 - [MESSAGE][INFO] - {"status":"Done","data":{"requestid1":"255989","requestid2":"255990"}}

2022-11-25 11:25:56 - [TEST_STEP][PASSED] - delay(5): Delayed 5 second(s)

2022-11-25 11:26:01 - [MESSAGE][PASSED] - Delayed 5 second(s)

2022-11-25 11:26:01 - [TEST_STEP][PASSED] - scoring = sendRequest(findTestObject("EngineScore", ["response_searchME_kons":response_searchME_kons, "response_searchME_spouse":response_searchME_spouse])): Send request successfully

2022-11-25 11:26:01 - [MESSAGE][INFO] - HAR: D:\DMS\Engine Scoring\Reports\20221125_111232\Exclude KKB - DS - Married\Scoring Married - CS New\20221125_111233\requests\main\231.har

2022-11-25 11:26:01 - [MESSAGE][PASSED] - Send request successfully

2022-11-25 11:26:01 - [TEST_STEP][PASSED] - verifyResponseStatusCode(scoring, 200): Verify response status code successfully

2022-11-25 11:26:01 - [MESSAGE][PASSED] - Verify response status code successfully

2022-11-25 11:26:01 - [TEST_STEP][PASSED] - response2 = scoring.getResponseText(): null

2022-11-25 11:26:01 - [TEST_STEP][PASSED] - markPassed("result service data ke : " + no): result service data ke : 116

2022-11-25 11:26:01 - [MESSAGE][PASSED] - result service data ke : 116

2022-11-25 11:26:01 - [TEST_STEP][PASSED] - logInfo($response2): {"result_konsumen":"Approve","result_pasangan":"Reguler","Final_result":"Approve","errorMessage":"","status":"Done"}

2022-11-25 11:26:01 - [MESSAGE][INFO] - {"result_konsumen":"Approve","result_pasangan":"Reguler","Final_result":"Approve","errorMessage":"","status":"Done"}

2022-11-25 11:26:01 - [TEST_STEP][PASSED] - verifyElementPropertyValue(scoring, "Final_result", final_result): Verify element property value successfully

2022-11-25 11:26:01 - [MESSAGE][PASSED] - Verify element property value successfully]]></system-out>
         <system-err><![CDATA[]]></system-err>
      </testcase>
      <testcase name="Test Cases/Engine_Scoring/Engine Scoring" time="6.988" classname="Test Cases/Engine_Scoring/Engine Scoring" status="PASSED">
         <system-out><![CDATA[2022-11-25 11:26:01 - [TEST_CASE][PASSED] - Test Cases/Engine_Scoring/Engine Scoring: Test Cases/Engine_Scoring/Engine Scoring

2022-11-25 11:26:02 - [TEST_STEP][PASSED] - markPassed("Variasi data ke : " + no): Variasi data ke : 117

2022-11-25 11:26:02 - [MESSAGE][PASSED] - Variasi data ke : 117

2022-11-25 11:26:02 - [TEST_STEP][PASSED] - req_data = sendRequest(findTestObject("Search_ME", ["MID":MID, "source":source, "ip":ip, "userid":userid, "branch":branch, "tipekons":tipekons, "marital":marital, "penjamin":penjamin, ... ])): Send request successfully

2022-11-25 11:26:03 - [MESSAGE][INFO] - HAR: D:\DMS\Engine Scoring\Reports\20221125_111232\Exclude KKB - DS - Married\Scoring Married - CS New\20221125_111233\requests\main\232.har

2022-11-25 11:26:03 - [MESSAGE][PASSED] - Send request successfully

2022-11-25 11:26:03 - [TEST_STEP][PASSED] - slurper = new groovy.json.JsonSlurper(): null

2022-11-25 11:26:03 - [TEST_STEP][PASSED] - result = slurper.parseText(req_data.getResponseBodyContent()): null

2022-11-25 11:26:03 - [TEST_STEP][PASSED] - reqid_kons = requestid1: null

2022-11-25 11:26:03 - [TEST_STEP][PASSED] - reqid_spouse = requestid2: null

2022-11-25 11:26:03 - [TEST_STEP][PASSED] - println("requestid kons : " + reqid_kons): null

2022-11-25 11:26:03 - [TEST_STEP][PASSED] - response_searchME_kons = reqid_kons: null

2022-11-25 11:26:03 - [TEST_STEP][PASSED] - response_searchME_spouse = reqid_spouse: null

2022-11-25 11:26:03 - [TEST_STEP][PASSED] - println("kons req id is :" + response_searchME_kons): null

2022-11-25 11:26:03 - [TEST_STEP][PASSED] - println("spouse req id is : " + response_searchME_spouse): null

2022-11-25 11:26:03 - [TEST_STEP][PASSED] - verifyResponseStatusCode(req_data, 200): Verify response status code successfully

2022-11-25 11:26:03 - [MESSAGE][PASSED] - Verify response status code successfully

2022-11-25 11:26:03 - [TEST_STEP][PASSED] - response = req_data.getResponseText(): null

2022-11-25 11:26:03 - [TEST_STEP][PASSED] - logInfo($response): {"status":"Done","data":{"requestid1":"255991","requestid2":"255992"}}

2022-11-25 11:26:03 - [MESSAGE][INFO] - {"status":"Done","data":{"requestid1":"255991","requestid2":"255992"}}

2022-11-25 11:26:03 - [TEST_STEP][PASSED] - delay(5): Delayed 5 second(s)

2022-11-25 11:26:08 - [MESSAGE][PASSED] - Delayed 5 second(s)

2022-11-25 11:26:08 - [TEST_STEP][PASSED] - scoring = sendRequest(findTestObject("EngineScore", ["response_searchME_kons":response_searchME_kons, "response_searchME_spouse":response_searchME_spouse])): Send request successfully

2022-11-25 11:26:08 - [MESSAGE][INFO] - HAR: D:\DMS\Engine Scoring\Reports\20221125_111232\Exclude KKB - DS - Married\Scoring Married - CS New\20221125_111233\requests\main\233.har

2022-11-25 11:26:08 - [MESSAGE][PASSED] - Send request successfully

2022-11-25 11:26:08 - [TEST_STEP][PASSED] - verifyResponseStatusCode(scoring, 200): Verify response status code successfully

2022-11-25 11:26:08 - [MESSAGE][PASSED] - Verify response status code successfully

2022-11-25 11:26:08 - [TEST_STEP][PASSED] - response2 = scoring.getResponseText(): null

2022-11-25 11:26:08 - [TEST_STEP][PASSED] - markPassed("result service data ke : " + no): result service data ke : 117

2022-11-25 11:26:08 - [MESSAGE][PASSED] - result service data ke : 117

2022-11-25 11:26:08 - [TEST_STEP][PASSED] - logInfo($response2): {"result_konsumen":"Approve","result_pasangan":"Reguler","Final_result":"Approve","errorMessage":"","status":"Done"}

2022-11-25 11:26:08 - [MESSAGE][INFO] - {"result_konsumen":"Approve","result_pasangan":"Reguler","Final_result":"Approve","errorMessage":"","status":"Done"}

2022-11-25 11:26:08 - [TEST_STEP][PASSED] - verifyElementPropertyValue(scoring, "Final_result", final_result): Verify element property value successfully

2022-11-25 11:26:08 - [MESSAGE][PASSED] - Verify element property value successfully]]></system-out>
         <system-err><![CDATA[]]></system-err>
      </testcase>
      <testcase name="Test Cases/Engine_Scoring/Engine Scoring" time="7.195" classname="Test Cases/Engine_Scoring/Engine Scoring" status="PASSED">
         <system-out><![CDATA[2022-11-25 11:26:08 - [TEST_CASE][PASSED] - Test Cases/Engine_Scoring/Engine Scoring: Test Cases/Engine_Scoring/Engine Scoring

2022-11-25 11:26:09 - [TEST_STEP][PASSED] - markPassed("Variasi data ke : " + no): Variasi data ke : 118

2022-11-25 11:26:09 - [MESSAGE][PASSED] - Variasi data ke : 118

2022-11-25 11:26:09 - [TEST_STEP][PASSED] - req_data = sendRequest(findTestObject("Search_ME", ["MID":MID, "source":source, "ip":ip, "userid":userid, "branch":branch, "tipekons":tipekons, "marital":marital, "penjamin":penjamin, ... ])): Send request successfully

2022-11-25 11:26:10 - [MESSAGE][INFO] - HAR: D:\DMS\Engine Scoring\Reports\20221125_111232\Exclude KKB - DS - Married\Scoring Married - CS New\20221125_111233\requests\main\234.har

2022-11-25 11:26:10 - [MESSAGE][PASSED] - Send request successfully

2022-11-25 11:26:10 - [TEST_STEP][PASSED] - slurper = new groovy.json.JsonSlurper(): null

2022-11-25 11:26:10 - [TEST_STEP][PASSED] - result = slurper.parseText(req_data.getResponseBodyContent()): null

2022-11-25 11:26:10 - [TEST_STEP][PASSED] - reqid_kons = requestid1: null

2022-11-25 11:26:10 - [TEST_STEP][PASSED] - reqid_spouse = requestid2: null

2022-11-25 11:26:10 - [TEST_STEP][PASSED] - println("requestid kons : " + reqid_kons): null

2022-11-25 11:26:10 - [TEST_STEP][PASSED] - response_searchME_kons = reqid_kons: null

2022-11-25 11:26:10 - [TEST_STEP][PASSED] - response_searchME_spouse = reqid_spouse: null

2022-11-25 11:26:10 - [TEST_STEP][PASSED] - println("kons req id is :" + response_searchME_kons): null

2022-11-25 11:26:10 - [TEST_STEP][PASSED] - println("spouse req id is : " + response_searchME_spouse): null

2022-11-25 11:26:10 - [TEST_STEP][PASSED] - verifyResponseStatusCode(req_data, 200): Verify response status code successfully

2022-11-25 11:26:10 - [MESSAGE][PASSED] - Verify response status code successfully

2022-11-25 11:26:10 - [TEST_STEP][PASSED] - response = req_data.getResponseText(): null

2022-11-25 11:26:10 - [TEST_STEP][PASSED] - logInfo($response): {"status":"Done","data":{"requestid1":"255993","requestid2":"255994"}}

2022-11-25 11:26:10 - [MESSAGE][INFO] - {"status":"Done","data":{"requestid1":"255993","requestid2":"255994"}}

2022-11-25 11:26:10 - [TEST_STEP][PASSED] - delay(5): Delayed 5 second(s)

2022-11-25 11:26:15 - [MESSAGE][PASSED] - Delayed 5 second(s)

2022-11-25 11:26:15 - [TEST_STEP][PASSED] - scoring = sendRequest(findTestObject("EngineScore", ["response_searchME_kons":response_searchME_kons, "response_searchME_spouse":response_searchME_spouse])): Send request successfully

2022-11-25 11:26:15 - [MESSAGE][INFO] - HAR: D:\DMS\Engine Scoring\Reports\20221125_111232\Exclude KKB - DS - Married\Scoring Married - CS New\20221125_111233\requests\main\235.har

2022-11-25 11:26:15 - [MESSAGE][PASSED] - Send request successfully

2022-11-25 11:26:15 - [TEST_STEP][PASSED] - verifyResponseStatusCode(scoring, 200): Verify response status code successfully

2022-11-25 11:26:15 - [MESSAGE][PASSED] - Verify response status code successfully

2022-11-25 11:26:15 - [TEST_STEP][PASSED] - response2 = scoring.getResponseText(): null

2022-11-25 11:26:15 - [TEST_STEP][PASSED] - markPassed("result service data ke : " + no): result service data ke : 118

2022-11-25 11:26:15 - [MESSAGE][PASSED] - result service data ke : 118

2022-11-25 11:26:15 - [TEST_STEP][PASSED] - logInfo($response2): {"result_konsumen":"Reject","result_pasangan":"Approve","Final_result":"Reject","errorMessage":"","status":"Done"}

2022-11-25 11:26:15 - [MESSAGE][INFO] - {"result_konsumen":"Reject","result_pasangan":"Approve","Final_result":"Reject","errorMessage":"","status":"Done"}

2022-11-25 11:26:15 - [TEST_STEP][PASSED] - verifyElementPropertyValue(scoring, "Final_result", final_result): Verify element property value successfully

2022-11-25 11:26:15 - [MESSAGE][PASSED] - Verify element property value successfully]]></system-out>
         <system-err><![CDATA[]]></system-err>
      </testcase>
      <testcase name="Test Cases/Engine_Scoring/Engine Scoring" time="7.091" classname="Test Cases/Engine_Scoring/Engine Scoring" status="PASSED">
         <system-out><![CDATA[2022-11-25 11:26:15 - [TEST_CASE][PASSED] - Test Cases/Engine_Scoring/Engine Scoring: Test Cases/Engine_Scoring/Engine Scoring

2022-11-25 11:26:16 - [TEST_STEP][PASSED] - markPassed("Variasi data ke : " + no): Variasi data ke : 119

2022-11-25 11:26:16 - [MESSAGE][PASSED] - Variasi data ke : 119

2022-11-25 11:26:16 - [TEST_STEP][PASSED] - req_data = sendRequest(findTestObject("Search_ME", ["MID":MID, "source":source, "ip":ip, "userid":userid, "branch":branch, "tipekons":tipekons, "marital":marital, "penjamin":penjamin, ... ])): Send request successfully

2022-11-25 11:26:17 - [MESSAGE][INFO] - HAR: D:\DMS\Engine Scoring\Reports\20221125_111232\Exclude KKB - DS - Married\Scoring Married - CS New\20221125_111233\requests\main\236.har

2022-11-25 11:26:17 - [MESSAGE][PASSED] - Send request successfully

2022-11-25 11:26:17 - [TEST_STEP][PASSED] - slurper = new groovy.json.JsonSlurper(): null

2022-11-25 11:26:17 - [TEST_STEP][PASSED] - result = slurper.parseText(req_data.getResponseBodyContent()): null

2022-11-25 11:26:17 - [TEST_STEP][PASSED] - reqid_kons = requestid1: null

2022-11-25 11:26:17 - [TEST_STEP][PASSED] - reqid_spouse = requestid2: null

2022-11-25 11:26:17 - [TEST_STEP][PASSED] - println("requestid kons : " + reqid_kons): null

2022-11-25 11:26:17 - [TEST_STEP][PASSED] - response_searchME_kons = reqid_kons: null

2022-11-25 11:26:17 - [TEST_STEP][PASSED] - response_searchME_spouse = reqid_spouse: null

2022-11-25 11:26:17 - [TEST_STEP][PASSED] - println("kons req id is :" + response_searchME_kons): null

2022-11-25 11:26:17 - [TEST_STEP][PASSED] - println("spouse req id is : " + response_searchME_spouse): null

2022-11-25 11:26:17 - [TEST_STEP][PASSED] - verifyResponseStatusCode(req_data, 200): Verify response status code successfully

2022-11-25 11:26:17 - [MESSAGE][PASSED] - Verify response status code successfully

2022-11-25 11:26:17 - [TEST_STEP][PASSED] - response = req_data.getResponseText(): null

2022-11-25 11:26:17 - [TEST_STEP][PASSED] - logInfo($response): {"status":"Done","data":{"requestid1":"255995","requestid2":"255996"}}

2022-11-25 11:26:17 - [MESSAGE][INFO] - {"status":"Done","data":{"requestid1":"255995","requestid2":"255996"}}

2022-11-25 11:26:17 - [TEST_STEP][PASSED] - delay(5): Delayed 5 second(s)

2022-11-25 11:26:22 - [MESSAGE][PASSED] - Delayed 5 second(s)

2022-11-25 11:26:22 - [TEST_STEP][PASSED] - scoring = sendRequest(findTestObject("EngineScore", ["response_searchME_kons":response_searchME_kons, "response_searchME_spouse":response_searchME_spouse])): Send request successfully

2022-11-25 11:26:22 - [MESSAGE][INFO] - HAR: D:\DMS\Engine Scoring\Reports\20221125_111232\Exclude KKB - DS - Married\Scoring Married - CS New\20221125_111233\requests\main\237.har

2022-11-25 11:26:22 - [MESSAGE][PASSED] - Send request successfully

2022-11-25 11:26:22 - [TEST_STEP][PASSED] - verifyResponseStatusCode(scoring, 200): Verify response status code successfully

2022-11-25 11:26:22 - [MESSAGE][PASSED] - Verify response status code successfully

2022-11-25 11:26:22 - [TEST_STEP][PASSED] - response2 = scoring.getResponseText(): null

2022-11-25 11:26:22 - [TEST_STEP][PASSED] - markPassed("result service data ke : " + no): result service data ke : 119

2022-11-25 11:26:22 - [MESSAGE][PASSED] - result service data ke : 119

2022-11-25 11:26:22 - [TEST_STEP][PASSED] - logInfo($response2): {"result_konsumen":"Reject","result_pasangan":"Approve","Final_result":"Reject","errorMessage":"","status":"Done"}

2022-11-25 11:26:22 - [MESSAGE][INFO] - {"result_konsumen":"Reject","result_pasangan":"Approve","Final_result":"Reject","errorMessage":"","status":"Done"}

2022-11-25 11:26:22 - [TEST_STEP][PASSED] - verifyElementPropertyValue(scoring, "Final_result", final_result): Verify element property value successfully

2022-11-25 11:26:22 - [MESSAGE][PASSED] - Verify element property value successfully]]></system-out>
         <system-err><![CDATA[]]></system-err>
      </testcase>
      <testcase name="Test Cases/Engine_Scoring/Engine Scoring" time="7.201" classname="Test Cases/Engine_Scoring/Engine Scoring" status="PASSED">
         <system-out><![CDATA[2022-11-25 11:26:22 - [TEST_CASE][PASSED] - Test Cases/Engine_Scoring/Engine Scoring: Test Cases/Engine_Scoring/Engine Scoring

2022-11-25 11:26:23 - [TEST_STEP][PASSED] - markPassed("Variasi data ke : " + no): Variasi data ke : 120

2022-11-25 11:26:23 - [MESSAGE][PASSED] - Variasi data ke : 120

2022-11-25 11:26:23 - [TEST_STEP][PASSED] - req_data = sendRequest(findTestObject("Search_ME", ["MID":MID, "source":source, "ip":ip, "userid":userid, "branch":branch, "tipekons":tipekons, "marital":marital, "penjamin":penjamin, ... ])): Send request successfully

2022-11-25 11:26:24 - [MESSAGE][INFO] - HAR: D:\DMS\Engine Scoring\Reports\20221125_111232\Exclude KKB - DS - Married\Scoring Married - CS New\20221125_111233\requests\main\238.har

2022-11-25 11:26:24 - [MESSAGE][PASSED] - Send request successfully

2022-11-25 11:26:24 - [TEST_STEP][PASSED] - slurper = new groovy.json.JsonSlurper(): null

2022-11-25 11:26:24 - [TEST_STEP][PASSED] - result = slurper.parseText(req_data.getResponseBodyContent()): null

2022-11-25 11:26:24 - [TEST_STEP][PASSED] - reqid_kons = requestid1: null

2022-11-25 11:26:24 - [TEST_STEP][PASSED] - reqid_spouse = requestid2: null

2022-11-25 11:26:24 - [TEST_STEP][PASSED] - println("requestid kons : " + reqid_kons): null

2022-11-25 11:26:24 - [TEST_STEP][PASSED] - response_searchME_kons = reqid_kons: null

2022-11-25 11:26:24 - [TEST_STEP][PASSED] - response_searchME_spouse = reqid_spouse: null

2022-11-25 11:26:24 - [TEST_STEP][PASSED] - println("kons req id is :" + response_searchME_kons): null

2022-11-25 11:26:24 - [TEST_STEP][PASSED] - println("spouse req id is : " + response_searchME_spouse): null

2022-11-25 11:26:24 - [TEST_STEP][PASSED] - verifyResponseStatusCode(req_data, 200): Verify response status code successfully

2022-11-25 11:26:24 - [MESSAGE][PASSED] - Verify response status code successfully

2022-11-25 11:26:24 - [TEST_STEP][PASSED] - response = req_data.getResponseText(): null

2022-11-25 11:26:24 - [TEST_STEP][PASSED] - logInfo($response): {"status":"Done","data":{"requestid1":"255997","requestid2":"255998"}}

2022-11-25 11:26:24 - [MESSAGE][INFO] - {"status":"Done","data":{"requestid1":"255997","requestid2":"255998"}}

2022-11-25 11:26:24 - [TEST_STEP][PASSED] - delay(5): Delayed 5 second(s)

2022-11-25 11:26:29 - [MESSAGE][PASSED] - Delayed 5 second(s)

2022-11-25 11:26:29 - [TEST_STEP][PASSED] - scoring = sendRequest(findTestObject("EngineScore", ["response_searchME_kons":response_searchME_kons, "response_searchME_spouse":response_searchME_spouse])): Send request successfully

2022-11-25 11:26:29 - [MESSAGE][INFO] - HAR: D:\DMS\Engine Scoring\Reports\20221125_111232\Exclude KKB - DS - Married\Scoring Married - CS New\20221125_111233\requests\main\239.har

2022-11-25 11:26:29 - [MESSAGE][PASSED] - Send request successfully

2022-11-25 11:26:29 - [TEST_STEP][PASSED] - verifyResponseStatusCode(scoring, 200): Verify response status code successfully

2022-11-25 11:26:29 - [MESSAGE][PASSED] - Verify response status code successfully

2022-11-25 11:26:29 - [TEST_STEP][PASSED] - response2 = scoring.getResponseText(): null

2022-11-25 11:26:29 - [TEST_STEP][PASSED] - markPassed("result service data ke : " + no): result service data ke : 120

2022-11-25 11:26:29 - [MESSAGE][PASSED] - result service data ke : 120

2022-11-25 11:26:29 - [TEST_STEP][PASSED] - logInfo($response2): {"result_konsumen":"Reject","result_pasangan":"Approve","Final_result":"Reject","errorMessage":"","status":"Done"}

2022-11-25 11:26:29 - [MESSAGE][INFO] - {"result_konsumen":"Reject","result_pasangan":"Approve","Final_result":"Reject","errorMessage":"","status":"Done"}

2022-11-25 11:26:29 - [TEST_STEP][PASSED] - verifyElementPropertyValue(scoring, "Final_result", final_result): Verify element property value successfully

2022-11-25 11:26:29 - [MESSAGE][PASSED] - Verify element property value successfully]]></system-out>
         <system-err><![CDATA[]]></system-err>
      </testcase>
      <testcase name="Test Cases/Engine_Scoring/Engine Scoring" time="7.057" classname="Test Cases/Engine_Scoring/Engine Scoring" status="PASSED">
         <system-out><![CDATA[2022-11-25 11:26:30 - [TEST_CASE][PASSED] - Test Cases/Engine_Scoring/Engine Scoring: Test Cases/Engine_Scoring/Engine Scoring

2022-11-25 11:26:30 - [TEST_STEP][PASSED] - markPassed("Variasi data ke : " + no): Variasi data ke : 121

2022-11-25 11:26:30 - [MESSAGE][PASSED] - Variasi data ke : 121

2022-11-25 11:26:30 - [TEST_STEP][PASSED] - req_data = sendRequest(findTestObject("Search_ME", ["MID":MID, "source":source, "ip":ip, "userid":userid, "branch":branch, "tipekons":tipekons, "marital":marital, "penjamin":penjamin, ... ])): Send request successfully

2022-11-25 11:26:31 - [MESSAGE][INFO] - HAR: D:\DMS\Engine Scoring\Reports\20221125_111232\Exclude KKB - DS - Married\Scoring Married - CS New\20221125_111233\requests\main\240.har

2022-11-25 11:26:31 - [MESSAGE][PASSED] - Send request successfully

2022-11-25 11:26:31 - [TEST_STEP][PASSED] - slurper = new groovy.json.JsonSlurper(): null

2022-11-25 11:26:31 - [TEST_STEP][PASSED] - result = slurper.parseText(req_data.getResponseBodyContent()): null

2022-11-25 11:26:31 - [TEST_STEP][PASSED] - reqid_kons = requestid1: null

2022-11-25 11:26:31 - [TEST_STEP][PASSED] - reqid_spouse = requestid2: null

2022-11-25 11:26:31 - [TEST_STEP][PASSED] - println("requestid kons : " + reqid_kons): null

2022-11-25 11:26:31 - [TEST_STEP][PASSED] - response_searchME_kons = reqid_kons: null

2022-11-25 11:26:31 - [TEST_STEP][PASSED] - response_searchME_spouse = reqid_spouse: null

2022-11-25 11:26:31 - [TEST_STEP][PASSED] - println("kons req id is :" + response_searchME_kons): null

2022-11-25 11:26:31 - [TEST_STEP][PASSED] - println("spouse req id is : " + response_searchME_spouse): null

2022-11-25 11:26:31 - [TEST_STEP][PASSED] - verifyResponseStatusCode(req_data, 200): Verify response status code successfully

2022-11-25 11:26:31 - [MESSAGE][PASSED] - Verify response status code successfully

2022-11-25 11:26:31 - [TEST_STEP][PASSED] - response = req_data.getResponseText(): null

2022-11-25 11:26:31 - [TEST_STEP][PASSED] - logInfo($response): {"status":"Done","data":{"requestid1":"255999","requestid2":"256000"}}

2022-11-25 11:26:31 - [MESSAGE][INFO] - {"status":"Done","data":{"requestid1":"255999","requestid2":"256000"}}

2022-11-25 11:26:31 - [TEST_STEP][PASSED] - delay(5): Delayed 5 second(s)

2022-11-25 11:26:36 - [MESSAGE][PASSED] - Delayed 5 second(s)

2022-11-25 11:26:36 - [TEST_STEP][PASSED] - scoring = sendRequest(findTestObject("EngineScore", ["response_searchME_kons":response_searchME_kons, "response_searchME_spouse":response_searchME_spouse])): Send request successfully

2022-11-25 11:26:37 - [MESSAGE][INFO] - HAR: D:\DMS\Engine Scoring\Reports\20221125_111232\Exclude KKB - DS - Married\Scoring Married - CS New\20221125_111233\requests\main\241.har

2022-11-25 11:26:37 - [MESSAGE][PASSED] - Send request successfully

2022-11-25 11:26:37 - [TEST_STEP][PASSED] - verifyResponseStatusCode(scoring, 200): Verify response status code successfully

2022-11-25 11:26:37 - [MESSAGE][PASSED] - Verify response status code successfully

2022-11-25 11:26:37 - [TEST_STEP][PASSED] - response2 = scoring.getResponseText(): null

2022-11-25 11:26:37 - [TEST_STEP][PASSED] - markPassed("result service data ke : " + no): result service data ke : 121

2022-11-25 11:26:37 - [MESSAGE][PASSED] - result service data ke : 121

2022-11-25 11:26:37 - [TEST_STEP][PASSED] - logInfo($response2): {"result_konsumen":"Reject","result_pasangan":"Approve","Final_result":"Reject","errorMessage":"","status":"Done"}

2022-11-25 11:26:37 - [MESSAGE][INFO] - {"result_konsumen":"Reject","result_pasangan":"Approve","Final_result":"Reject","errorMessage":"","status":"Done"}

2022-11-25 11:26:37 - [TEST_STEP][PASSED] - verifyElementPropertyValue(scoring, "Final_result", final_result): Verify element property value successfully

2022-11-25 11:26:37 - [MESSAGE][PASSED] - Verify element property value successfully]]></system-out>
         <system-err><![CDATA[]]></system-err>
      </testcase>
      <testcase name="Test Cases/Engine_Scoring/Engine Scoring" time="7.189" classname="Test Cases/Engine_Scoring/Engine Scoring" status="PASSED">
         <system-out><![CDATA[2022-11-25 11:26:37 - [TEST_CASE][PASSED] - Test Cases/Engine_Scoring/Engine Scoring: Test Cases/Engine_Scoring/Engine Scoring

2022-11-25 11:26:38 - [TEST_STEP][PASSED] - markPassed("Variasi data ke : " + no): Variasi data ke : 122

2022-11-25 11:26:38 - [MESSAGE][PASSED] - Variasi data ke : 122

2022-11-25 11:26:38 - [TEST_STEP][PASSED] - req_data = sendRequest(findTestObject("Search_ME", ["MID":MID, "source":source, "ip":ip, "userid":userid, "branch":branch, "tipekons":tipekons, "marital":marital, "penjamin":penjamin, ... ])): Send request successfully

2022-11-25 11:26:39 - [MESSAGE][INFO] - HAR: D:\DMS\Engine Scoring\Reports\20221125_111232\Exclude KKB - DS - Married\Scoring Married - CS New\20221125_111233\requests\main\242.har

2022-11-25 11:26:39 - [MESSAGE][PASSED] - Send request successfully

2022-11-25 11:26:39 - [TEST_STEP][PASSED] - slurper = new groovy.json.JsonSlurper(): null

2022-11-25 11:26:39 - [TEST_STEP][PASSED] - result = slurper.parseText(req_data.getResponseBodyContent()): null

2022-11-25 11:26:39 - [TEST_STEP][PASSED] - reqid_kons = requestid1: null

2022-11-25 11:26:39 - [TEST_STEP][PASSED] - reqid_spouse = requestid2: null

2022-11-25 11:26:39 - [TEST_STEP][PASSED] - println("requestid kons : " + reqid_kons): null

2022-11-25 11:26:39 - [TEST_STEP][PASSED] - response_searchME_kons = reqid_kons: null

2022-11-25 11:26:39 - [TEST_STEP][PASSED] - response_searchME_spouse = reqid_spouse: null

2022-11-25 11:26:39 - [TEST_STEP][PASSED] - println("kons req id is :" + response_searchME_kons): null

2022-11-25 11:26:39 - [TEST_STEP][PASSED] - println("spouse req id is : " + response_searchME_spouse): null

2022-11-25 11:26:39 - [TEST_STEP][PASSED] - verifyResponseStatusCode(req_data, 200): Verify response status code successfully

2022-11-25 11:26:39 - [MESSAGE][PASSED] - Verify response status code successfully

2022-11-25 11:26:39 - [TEST_STEP][PASSED] - response = req_data.getResponseText(): null

2022-11-25 11:26:39 - [TEST_STEP][PASSED] - logInfo($response): {"status":"Done","data":{"requestid1":"256001","requestid2":"256002"}}

2022-11-25 11:26:39 - [MESSAGE][INFO] - {"status":"Done","data":{"requestid1":"256001","requestid2":"256002"}}

2022-11-25 11:26:39 - [TEST_STEP][PASSED] - delay(5): Delayed 5 second(s)

2022-11-25 11:26:44 - [MESSAGE][PASSED] - Delayed 5 second(s)

2022-11-25 11:26:44 - [TEST_STEP][PASSED] - scoring = sendRequest(findTestObject("EngineScore", ["response_searchME_kons":response_searchME_kons, "response_searchME_spouse":response_searchME_spouse])): Send request successfully

2022-11-25 11:26:44 - [MESSAGE][INFO] - HAR: D:\DMS\Engine Scoring\Reports\20221125_111232\Exclude KKB - DS - Married\Scoring Married - CS New\20221125_111233\requests\main\243.har

2022-11-25 11:26:44 - [MESSAGE][PASSED] - Send request successfully

2022-11-25 11:26:44 - [TEST_STEP][PASSED] - verifyResponseStatusCode(scoring, 200): Verify response status code successfully

2022-11-25 11:26:44 - [MESSAGE][PASSED] - Verify response status code successfully

2022-11-25 11:26:44 - [TEST_STEP][PASSED] - response2 = scoring.getResponseText(): null

2022-11-25 11:26:44 - [TEST_STEP][PASSED] - markPassed("result service data ke : " + no): result service data ke : 122

2022-11-25 11:26:44 - [MESSAGE][PASSED] - result service data ke : 122

2022-11-25 11:26:44 - [TEST_STEP][PASSED] - logInfo($response2): {"result_konsumen":"Reject","result_pasangan":"Reject","Final_result":"Reject","errorMessage":"","status":"Done"}

2022-11-25 11:26:44 - [MESSAGE][INFO] - {"result_konsumen":"Reject","result_pasangan":"Reject","Final_result":"Reject","errorMessage":"","status":"Done"}

2022-11-25 11:26:44 - [TEST_STEP][PASSED] - verifyElementPropertyValue(scoring, "Final_result", final_result): Verify element property value successfully

2022-11-25 11:26:44 - [MESSAGE][PASSED] - Verify element property value successfully]]></system-out>
         <system-err><![CDATA[]]></system-err>
      </testcase>
      <testcase name="Test Cases/Engine_Scoring/Engine Scoring" time="7.043" classname="Test Cases/Engine_Scoring/Engine Scoring" status="PASSED">
         <system-out><![CDATA[2022-11-25 11:26:44 - [TEST_CASE][PASSED] - Test Cases/Engine_Scoring/Engine Scoring: Test Cases/Engine_Scoring/Engine Scoring

2022-11-25 11:26:45 - [TEST_STEP][PASSED] - markPassed("Variasi data ke : " + no): Variasi data ke : 123

2022-11-25 11:26:45 - [MESSAGE][PASSED] - Variasi data ke : 123

2022-11-25 11:26:45 - [TEST_STEP][PASSED] - req_data = sendRequest(findTestObject("Search_ME", ["MID":MID, "source":source, "ip":ip, "userid":userid, "branch":branch, "tipekons":tipekons, "marital":marital, "penjamin":penjamin, ... ])): Send request successfully

2022-11-25 11:26:46 - [MESSAGE][INFO] - HAR: D:\DMS\Engine Scoring\Reports\20221125_111232\Exclude KKB - DS - Married\Scoring Married - CS New\20221125_111233\requests\main\244.har

2022-11-25 11:26:46 - [MESSAGE][PASSED] - Send request successfully

2022-11-25 11:26:46 - [TEST_STEP][PASSED] - slurper = new groovy.json.JsonSlurper(): null

2022-11-25 11:26:46 - [TEST_STEP][PASSED] - result = slurper.parseText(req_data.getResponseBodyContent()): null

2022-11-25 11:26:46 - [TEST_STEP][PASSED] - reqid_kons = requestid1: null

2022-11-25 11:26:46 - [TEST_STEP][PASSED] - reqid_spouse = requestid2: null

2022-11-25 11:26:46 - [TEST_STEP][PASSED] - println("requestid kons : " + reqid_kons): null

2022-11-25 11:26:46 - [TEST_STEP][PASSED] - response_searchME_kons = reqid_kons: null

2022-11-25 11:26:46 - [TEST_STEP][PASSED] - response_searchME_spouse = reqid_spouse: null

2022-11-25 11:26:46 - [TEST_STEP][PASSED] - println("kons req id is :" + response_searchME_kons): null

2022-11-25 11:26:46 - [TEST_STEP][PASSED] - println("spouse req id is : " + response_searchME_spouse): null

2022-11-25 11:26:46 - [TEST_STEP][PASSED] - verifyResponseStatusCode(req_data, 200): Verify response status code successfully

2022-11-25 11:26:46 - [MESSAGE][PASSED] - Verify response status code successfully

2022-11-25 11:26:46 - [TEST_STEP][PASSED] - response = req_data.getResponseText(): null

2022-11-25 11:26:46 - [TEST_STEP][PASSED] - logInfo($response): {"status":"Done","data":{"requestid1":"256003","requestid2":"256004"}}

2022-11-25 11:26:46 - [MESSAGE][INFO] - {"status":"Done","data":{"requestid1":"256003","requestid2":"256004"}}

2022-11-25 11:26:46 - [TEST_STEP][PASSED] - delay(5): Delayed 5 second(s)

2022-11-25 11:26:51 - [MESSAGE][PASSED] - Delayed 5 second(s)

2022-11-25 11:26:51 - [TEST_STEP][PASSED] - scoring = sendRequest(findTestObject("EngineScore", ["response_searchME_kons":response_searchME_kons, "response_searchME_spouse":response_searchME_spouse])): Send request successfully

2022-11-25 11:26:51 - [MESSAGE][INFO] - HAR: D:\DMS\Engine Scoring\Reports\20221125_111232\Exclude KKB - DS - Married\Scoring Married - CS New\20221125_111233\requests\main\245.har

2022-11-25 11:26:51 - [MESSAGE][PASSED] - Send request successfully

2022-11-25 11:26:51 - [TEST_STEP][PASSED] - verifyResponseStatusCode(scoring, 200): Verify response status code successfully

2022-11-25 11:26:51 - [MESSAGE][PASSED] - Verify response status code successfully

2022-11-25 11:26:51 - [TEST_STEP][PASSED] - response2 = scoring.getResponseText(): null

2022-11-25 11:26:51 - [TEST_STEP][PASSED] - markPassed("result service data ke : " + no): result service data ke : 123

2022-11-25 11:26:51 - [MESSAGE][PASSED] - result service data ke : 123

2022-11-25 11:26:51 - [TEST_STEP][PASSED] - logInfo($response2): {"result_konsumen":"Reject","result_pasangan":"Reject","Final_result":"Reject","errorMessage":"","status":"Done"}

2022-11-25 11:26:51 - [MESSAGE][INFO] - {"result_konsumen":"Reject","result_pasangan":"Reject","Final_result":"Reject","errorMessage":"","status":"Done"}

2022-11-25 11:26:51 - [TEST_STEP][PASSED] - verifyElementPropertyValue(scoring, "Final_result", final_result): Verify element property value successfully

2022-11-25 11:26:51 - [MESSAGE][PASSED] - Verify element property value successfully]]></system-out>
         <system-err><![CDATA[]]></system-err>
      </testcase>
      <testcase name="Test Cases/Engine_Scoring/Engine Scoring" time="7.086" classname="Test Cases/Engine_Scoring/Engine Scoring" status="PASSED">
         <system-out><![CDATA[2022-11-25 11:26:51 - [TEST_CASE][PASSED] - Test Cases/Engine_Scoring/Engine Scoring: Test Cases/Engine_Scoring/Engine Scoring

2022-11-25 11:26:52 - [TEST_STEP][PASSED] - markPassed("Variasi data ke : " + no): Variasi data ke : 124

2022-11-25 11:26:52 - [MESSAGE][PASSED] - Variasi data ke : 124

2022-11-25 11:26:52 - [TEST_STEP][PASSED] - req_data = sendRequest(findTestObject("Search_ME", ["MID":MID, "source":source, "ip":ip, "userid":userid, "branch":branch, "tipekons":tipekons, "marital":marital, "penjamin":penjamin, ... ])): Send request successfully

2022-11-25 11:26:53 - [MESSAGE][INFO] - HAR: D:\DMS\Engine Scoring\Reports\20221125_111232\Exclude KKB - DS - Married\Scoring Married - CS New\20221125_111233\requests\main\246.har

2022-11-25 11:26:53 - [MESSAGE][PASSED] - Send request successfully

2022-11-25 11:26:53 - [TEST_STEP][PASSED] - slurper = new groovy.json.JsonSlurper(): null

2022-11-25 11:26:53 - [TEST_STEP][PASSED] - result = slurper.parseText(req_data.getResponseBodyContent()): null

2022-11-25 11:26:53 - [TEST_STEP][PASSED] - reqid_kons = requestid1: null

2022-11-25 11:26:53 - [TEST_STEP][PASSED] - reqid_spouse = requestid2: null

2022-11-25 11:26:53 - [TEST_STEP][PASSED] - println("requestid kons : " + reqid_kons): null

2022-11-25 11:26:53 - [TEST_STEP][PASSED] - response_searchME_kons = reqid_kons: null

2022-11-25 11:26:53 - [TEST_STEP][PASSED] - response_searchME_spouse = reqid_spouse: null

2022-11-25 11:26:53 - [TEST_STEP][PASSED] - println("kons req id is :" + response_searchME_kons): null

2022-11-25 11:26:53 - [TEST_STEP][PASSED] - println("spouse req id is : " + response_searchME_spouse): null

2022-11-25 11:26:53 - [TEST_STEP][PASSED] - verifyResponseStatusCode(req_data, 200): Verify response status code successfully

2022-11-25 11:26:53 - [MESSAGE][PASSED] - Verify response status code successfully

2022-11-25 11:26:53 - [TEST_STEP][PASSED] - response = req_data.getResponseText(): null

2022-11-25 11:26:53 - [TEST_STEP][PASSED] - logInfo($response): {"status":"Done","data":{"requestid1":"256005","requestid2":"256006"}}

2022-11-25 11:26:53 - [MESSAGE][INFO] - {"status":"Done","data":{"requestid1":"256005","requestid2":"256006"}}

2022-11-25 11:26:53 - [TEST_STEP][PASSED] - delay(5): Delayed 5 second(s)

2022-11-25 11:26:58 - [MESSAGE][PASSED] - Delayed 5 second(s)

2022-11-25 11:26:58 - [TEST_STEP][PASSED] - scoring = sendRequest(findTestObject("EngineScore", ["response_searchME_kons":response_searchME_kons, "response_searchME_spouse":response_searchME_spouse])): Send request successfully

2022-11-25 11:26:58 - [MESSAGE][INFO] - HAR: D:\DMS\Engine Scoring\Reports\20221125_111232\Exclude KKB - DS - Married\Scoring Married - CS New\20221125_111233\requests\main\247.har

2022-11-25 11:26:58 - [MESSAGE][PASSED] - Send request successfully

2022-11-25 11:26:58 - [TEST_STEP][PASSED] - verifyResponseStatusCode(scoring, 200): Verify response status code successfully

2022-11-25 11:26:58 - [MESSAGE][PASSED] - Verify response status code successfully

2022-11-25 11:26:58 - [TEST_STEP][PASSED] - response2 = scoring.getResponseText(): null

2022-11-25 11:26:58 - [TEST_STEP][PASSED] - markPassed("result service data ke : " + no): result service data ke : 124

2022-11-25 11:26:58 - [MESSAGE][PASSED] - result service data ke : 124

2022-11-25 11:26:58 - [TEST_STEP][PASSED] - logInfo($response2): {"result_konsumen":"Reject","result_pasangan":"Reject","Final_result":"Reject","errorMessage":"","status":"Done"}

2022-11-25 11:26:58 - [MESSAGE][INFO] - {"result_konsumen":"Reject","result_pasangan":"Reject","Final_result":"Reject","errorMessage":"","status":"Done"}

2022-11-25 11:26:58 - [TEST_STEP][PASSED] - verifyElementPropertyValue(scoring, "Final_result", final_result): Verify element property value successfully

2022-11-25 11:26:58 - [MESSAGE][PASSED] - Verify element property value successfully]]></system-out>
         <system-err><![CDATA[]]></system-err>
      </testcase>
      <testcase name="Test Cases/Engine_Scoring/Engine Scoring" time="7.185" classname="Test Cases/Engine_Scoring/Engine Scoring" status="PASSED">
         <system-out><![CDATA[2022-11-25 11:26:58 - [TEST_CASE][PASSED] - Test Cases/Engine_Scoring/Engine Scoring: Test Cases/Engine_Scoring/Engine Scoring

2022-11-25 11:26:59 - [TEST_STEP][PASSED] - markPassed("Variasi data ke : " + no): Variasi data ke : 125

2022-11-25 11:26:59 - [MESSAGE][PASSED] - Variasi data ke : 125

2022-11-25 11:26:59 - [TEST_STEP][PASSED] - req_data = sendRequest(findTestObject("Search_ME", ["MID":MID, "source":source, "ip":ip, "userid":userid, "branch":branch, "tipekons":tipekons, "marital":marital, "penjamin":penjamin, ... ])): Send request successfully

2022-11-25 11:27:00 - [MESSAGE][INFO] - HAR: D:\DMS\Engine Scoring\Reports\20221125_111232\Exclude KKB - DS - Married\Scoring Married - CS New\20221125_111233\requests\main\248.har

2022-11-25 11:27:00 - [MESSAGE][PASSED] - Send request successfully

2022-11-25 11:27:00 - [TEST_STEP][PASSED] - slurper = new groovy.json.JsonSlurper(): null

2022-11-25 11:27:00 - [TEST_STEP][PASSED] - result = slurper.parseText(req_data.getResponseBodyContent()): null

2022-11-25 11:27:00 - [TEST_STEP][PASSED] - reqid_kons = requestid1: null

2022-11-25 11:27:00 - [TEST_STEP][PASSED] - reqid_spouse = requestid2: null

2022-11-25 11:27:00 - [TEST_STEP][PASSED] - println("requestid kons : " + reqid_kons): null

2022-11-25 11:27:00 - [TEST_STEP][PASSED] - response_searchME_kons = reqid_kons: null

2022-11-25 11:27:00 - [TEST_STEP][PASSED] - response_searchME_spouse = reqid_spouse: null

2022-11-25 11:27:00 - [TEST_STEP][PASSED] - println("kons req id is :" + response_searchME_kons): null

2022-11-25 11:27:00 - [TEST_STEP][PASSED] - println("spouse req id is : " + response_searchME_spouse): null

2022-11-25 11:27:00 - [TEST_STEP][PASSED] - verifyResponseStatusCode(req_data, 200): Verify response status code successfully

2022-11-25 11:27:00 - [MESSAGE][PASSED] - Verify response status code successfully

2022-11-25 11:27:00 - [TEST_STEP][PASSED] - response = req_data.getResponseText(): null

2022-11-25 11:27:00 - [TEST_STEP][PASSED] - logInfo($response): {"status":"Done","data":{"requestid1":"256007","requestid2":"256008"}}

2022-11-25 11:27:00 - [MESSAGE][INFO] - {"status":"Done","data":{"requestid1":"256007","requestid2":"256008"}}

2022-11-25 11:27:00 - [TEST_STEP][PASSED] - delay(5): Delayed 5 second(s)

2022-11-25 11:27:05 - [MESSAGE][PASSED] - Delayed 5 second(s)

2022-11-25 11:27:05 - [TEST_STEP][PASSED] - scoring = sendRequest(findTestObject("EngineScore", ["response_searchME_kons":response_searchME_kons, "response_searchME_spouse":response_searchME_spouse])): Send request successfully

2022-11-25 11:27:05 - [MESSAGE][INFO] - HAR: D:\DMS\Engine Scoring\Reports\20221125_111232\Exclude KKB - DS - Married\Scoring Married - CS New\20221125_111233\requests\main\249.har

2022-11-25 11:27:05 - [MESSAGE][PASSED] - Send request successfully

2022-11-25 11:27:05 - [TEST_STEP][PASSED] - verifyResponseStatusCode(scoring, 200): Verify response status code successfully

2022-11-25 11:27:05 - [MESSAGE][PASSED] - Verify response status code successfully

2022-11-25 11:27:05 - [TEST_STEP][PASSED] - response2 = scoring.getResponseText(): null

2022-11-25 11:27:05 - [TEST_STEP][PASSED] - markPassed("result service data ke : " + no): result service data ke : 125

2022-11-25 11:27:05 - [MESSAGE][PASSED] - result service data ke : 125

2022-11-25 11:27:05 - [TEST_STEP][PASSED] - logInfo($response2): {"result_konsumen":"Reject","result_pasangan":"Reguler","Final_result":"Reject","errorMessage":"","status":"Done"}

2022-11-25 11:27:05 - [MESSAGE][INFO] - {"result_konsumen":"Reject","result_pasangan":"Reguler","Final_result":"Reject","errorMessage":"","status":"Done"}

2022-11-25 11:27:05 - [TEST_STEP][PASSED] - verifyElementPropertyValue(scoring, "Final_result", final_result): Verify element property value successfully

2022-11-25 11:27:05 - [MESSAGE][PASSED] - Verify element property value successfully]]></system-out>
         <system-err><![CDATA[]]></system-err>
      </testcase>
      <testcase name="Test Cases/Engine_Scoring/Engine Scoring" time="7.134" classname="Test Cases/Engine_Scoring/Engine Scoring" status="PASSED">
         <system-out><![CDATA[2022-11-25 11:27:05 - [TEST_CASE][PASSED] - Test Cases/Engine_Scoring/Engine Scoring: Test Cases/Engine_Scoring/Engine Scoring

2022-11-25 11:27:06 - [TEST_STEP][PASSED] - markPassed("Variasi data ke : " + no): Variasi data ke : 126

2022-11-25 11:27:06 - [MESSAGE][PASSED] - Variasi data ke : 126

2022-11-25 11:27:06 - [TEST_STEP][PASSED] - req_data = sendRequest(findTestObject("Search_ME", ["MID":MID, "source":source, "ip":ip, "userid":userid, "branch":branch, "tipekons":tipekons, "marital":marital, "penjamin":penjamin, ... ])): Send request successfully

2022-11-25 11:27:07 - [MESSAGE][INFO] - HAR: D:\DMS\Engine Scoring\Reports\20221125_111232\Exclude KKB - DS - Married\Scoring Married - CS New\20221125_111233\requests\main\250.har

2022-11-25 11:27:07 - [MESSAGE][PASSED] - Send request successfully

2022-11-25 11:27:07 - [TEST_STEP][PASSED] - slurper = new groovy.json.JsonSlurper(): null

2022-11-25 11:27:07 - [TEST_STEP][PASSED] - result = slurper.parseText(req_data.getResponseBodyContent()): null

2022-11-25 11:27:07 - [TEST_STEP][PASSED] - reqid_kons = requestid1: null

2022-11-25 11:27:07 - [TEST_STEP][PASSED] - reqid_spouse = requestid2: null

2022-11-25 11:27:07 - [TEST_STEP][PASSED] - println("requestid kons : " + reqid_kons): null

2022-11-25 11:27:07 - [TEST_STEP][PASSED] - response_searchME_kons = reqid_kons: null

2022-11-25 11:27:07 - [TEST_STEP][PASSED] - response_searchME_spouse = reqid_spouse: null

2022-11-25 11:27:07 - [TEST_STEP][PASSED] - println("kons req id is :" + response_searchME_kons): null

2022-11-25 11:27:07 - [TEST_STEP][PASSED] - println("spouse req id is : " + response_searchME_spouse): null

2022-11-25 11:27:07 - [TEST_STEP][PASSED] - verifyResponseStatusCode(req_data, 200): Verify response status code successfully

2022-11-25 11:27:07 - [MESSAGE][PASSED] - Verify response status code successfully

2022-11-25 11:27:07 - [TEST_STEP][PASSED] - response = req_data.getResponseText(): null

2022-11-25 11:27:07 - [TEST_STEP][PASSED] - logInfo($response): {"status":"Done","data":{"requestid1":"256009","requestid2":"256010"}}

2022-11-25 11:27:07 - [MESSAGE][INFO] - {"status":"Done","data":{"requestid1":"256009","requestid2":"256010"}}

2022-11-25 11:27:07 - [TEST_STEP][PASSED] - delay(5): Delayed 5 second(s)

2022-11-25 11:27:12 - [MESSAGE][PASSED] - Delayed 5 second(s)

2022-11-25 11:27:12 - [TEST_STEP][PASSED] - scoring = sendRequest(findTestObject("EngineScore", ["response_searchME_kons":response_searchME_kons, "response_searchME_spouse":response_searchME_spouse])): Send request successfully

2022-11-25 11:27:13 - [MESSAGE][INFO] - HAR: D:\DMS\Engine Scoring\Reports\20221125_111232\Exclude KKB - DS - Married\Scoring Married - CS New\20221125_111233\requests\main\251.har

2022-11-25 11:27:13 - [MESSAGE][PASSED] - Send request successfully

2022-11-25 11:27:13 - [TEST_STEP][PASSED] - verifyResponseStatusCode(scoring, 200): Verify response status code successfully

2022-11-25 11:27:13 - [MESSAGE][PASSED] - Verify response status code successfully

2022-11-25 11:27:13 - [TEST_STEP][PASSED] - response2 = scoring.getResponseText(): null

2022-11-25 11:27:13 - [TEST_STEP][PASSED] - markPassed("result service data ke : " + no): result service data ke : 126

2022-11-25 11:27:13 - [MESSAGE][PASSED] - result service data ke : 126

2022-11-25 11:27:13 - [TEST_STEP][PASSED] - logInfo($response2): {"result_konsumen":"Reject","result_pasangan":"Approve","Final_result":"Reject","errorMessage":"","status":"Done"}

2022-11-25 11:27:13 - [MESSAGE][INFO] - {"result_konsumen":"Reject","result_pasangan":"Approve","Final_result":"Reject","errorMessage":"","status":"Done"}

2022-11-25 11:27:13 - [TEST_STEP][PASSED] - verifyElementPropertyValue(scoring, "Final_result", final_result): Verify element property value successfully

2022-11-25 11:27:13 - [MESSAGE][PASSED] - Verify element property value successfully]]></system-out>
         <system-err><![CDATA[]]></system-err>
      </testcase>
      <system-out><![CDATA[2022-11-25 11:12:39 - [TEST_SUITE][PASSED] - Scoring Married - CS New: Test Cases/Engine_Scoring/Engine Scoring]]></system-out>
      <system-err><![CDATA[]]></system-err>
   </testsuite>
</testsuites>
