<?xml version="1.0" encoding="UTF-8"?>
<testsuites name="Scoring Married - CS New" time="242.89" tests="36" failures="0" errors="0">
   <testsuite name="Scoring Married - CS New" tests="36" failures="0" errors="0" time="242.89" skipped="0" timestamp="2022-11-28 15:34:11" hostname="bcafmaster - WPI20220318001.bcaf.co.id" id="Test Suites/Exclude KKB - DS - Married/Scoring Married - CS New">
      <properties>
         <property name="deviceName" value=""/>
         <property name="devicePlatform" value=""/>
         <property name="logFolder" value="D:\\DMS\\Engine Scoring\\Reports\\20221128_153400\\Exclude KKB - DS - Married\\Scoring Married - CS New\\20221128_153401"/>
         <property name="logFiles" value="D:\\DMS\\Engine Scoring\\Reports\\20221128_153400\\Exclude KKB - DS - Married\\Scoring Married - CS New\\20221128_153401\\execution0.log"/>
         <property name="attachments" value=""/>
         <property name="hostName" value="bcafmaster - WPI20220318001.bcaf.co.id"/>
         <property name="hostAddress" value="10.10.8.57"/>
         <property name="os" value="Windows 10 64bit"/>
         <property name="katalonVersion" value="8.2.5.208"/>
      </properties>
      <testcase name="Test Cases/Engine_Scoring/Engine Scoring" time="8.163" classname="Test Cases/Engine_Scoring/Engine Scoring" status="PASSED">
         <system-out><![CDATA[2022-11-28 15:34:11 - [TEST_CASE][PASSED] - Test Cases/Engine_Scoring/Engine Scoring: Test Cases/Engine_Scoring/Engine Scoring

2022-11-28 15:34:12 - [TEST_STEP][PASSED] - markPassed("Variasi data ke : " + no): Variasi data ke : 1

2022-11-28 15:34:12 - [MESSAGE][PASSED] - Variasi data ke : 1

2022-11-28 15:34:12 - [TEST_STEP][PASSED] - req_data = sendRequest(findTestObject("Search_ME", ["MID":MID, "source":source, "ip":ip, "userid":userid, "branch":branch, "tipekons":tipekons, "marital":marital, "penjamin":penjamin, ... ])): Send request successfully

2022-11-28 15:34:14 - [MESSAGE][INFO] - HAR: D:\DMS\Engine Scoring\Reports\20221128_153400\Exclude KKB - DS - Married\Scoring Married - CS New\20221128_153401\requests\main\0.har

2022-11-28 15:34:14 - [MESSAGE][PASSED] - Send request successfully

2022-11-28 15:34:14 - [TEST_STEP][PASSED] - slurper = new groovy.json.JsonSlurper(): null

2022-11-28 15:34:14 - [TEST_STEP][PASSED] - result = slurper.parseText(req_data.getResponseBodyContent()): null

2022-11-28 15:34:14 - [TEST_STEP][PASSED] - reqid_kons = requestid1: null

2022-11-28 15:34:14 - [TEST_STEP][PASSED] - reqid_spouse = requestid2: null

2022-11-28 15:34:14 - [TEST_STEP][PASSED] - println("requestid kons : " + reqid_kons): null

2022-11-28 15:34:14 - [TEST_STEP][PASSED] - response_searchME_kons = reqid_kons: null

2022-11-28 15:34:14 - [TEST_STEP][PASSED] - response_searchME_spouse = reqid_spouse: null

2022-11-28 15:34:14 - [TEST_STEP][PASSED] - println("kons req id is :" + response_searchME_kons): null

2022-11-28 15:34:14 - [TEST_STEP][PASSED] - println("spouse req id is : " + response_searchME_spouse): null

2022-11-28 15:34:14 - [TEST_STEP][PASSED] - verifyResponseStatusCode(req_data, 200): Verify response status code successfully

2022-11-28 15:34:14 - [MESSAGE][PASSED] - Verify response status code successfully

2022-11-28 15:34:14 - [TEST_STEP][PASSED] - response = req_data.getResponseText(): null

2022-11-28 15:34:14 - [TEST_STEP][PASSED] - logInfo($response): {"status":"Done","data":{"requestid1":"256400","requestid2":"256401"}}

2022-11-28 15:34:14 - [MESSAGE][INFO] - {"status":"Done","data":{"requestid1":"256400","requestid2":"256401"}}

2022-11-28 15:34:14 - [TEST_STEP][PASSED] - delay(5): Delayed 5 second(s)

2022-11-28 15:34:19 - [MESSAGE][PASSED] - Delayed 5 second(s)

2022-11-28 15:34:19 - [TEST_STEP][PASSED] - scoring = sendRequest(findTestObject("EngineScore", ["response_searchME_kons":response_searchME_kons, "response_searchME_spouse":response_searchME_spouse])): Send request successfully

2022-11-28 15:34:19 - [MESSAGE][INFO] - HAR: D:\DMS\Engine Scoring\Reports\20221128_153400\Exclude KKB - DS - Married\Scoring Married - CS New\20221128_153401\requests\main\1.har

2022-11-28 15:34:19 - [MESSAGE][PASSED] - Send request successfully

2022-11-28 15:34:19 - [TEST_STEP][PASSED] - verifyResponseStatusCode(scoring, 200): Verify response status code successfully

2022-11-28 15:34:19 - [MESSAGE][PASSED] - Verify response status code successfully

2022-11-28 15:34:19 - [TEST_STEP][PASSED] - response2 = scoring.getResponseText(): null

2022-11-28 15:34:19 - [TEST_STEP][PASSED] - markPassed("result service data ke : " + no): result service data ke : 1

2022-11-28 15:34:19 - [MESSAGE][PASSED] - result service data ke : 1

2022-11-28 15:34:19 - [TEST_STEP][PASSED] - logInfo($response2): {"result_konsumen":"Reguler","result_pasangan":"Approve","Final_result":"Reguler","errorMessage":"","status":"Done"}

2022-11-28 15:34:19 - [MESSAGE][INFO] - {"result_konsumen":"Reguler","result_pasangan":"Approve","Final_result":"Reguler","errorMessage":"","status":"Done"}

2022-11-28 15:34:19 - [TEST_STEP][PASSED] - verifyElementPropertyValue(scoring, "Final_result", final_result): Verify element property value successfully

2022-11-28 15:34:19 - [MESSAGE][PASSED] - Verify element property value successfully]]></system-out>
         <system-err><![CDATA[]]></system-err>
      </testcase>
      <testcase name="Test Cases/Engine_Scoring/Engine Scoring" time="6.852" classname="Test Cases/Engine_Scoring/Engine Scoring" status="PASSED">
         <system-out><![CDATA[2022-11-28 15:34:19 - [TEST_CASE][PASSED] - Test Cases/Engine_Scoring/Engine Scoring: Test Cases/Engine_Scoring/Engine Scoring

2022-11-28 15:34:20 - [TEST_STEP][PASSED] - markPassed("Variasi data ke : " + no): Variasi data ke : 2

2022-11-28 15:34:20 - [MESSAGE][PASSED] - Variasi data ke : 2

2022-11-28 15:34:20 - [TEST_STEP][PASSED] - req_data = sendRequest(findTestObject("Search_ME", ["MID":MID, "source":source, "ip":ip, "userid":userid, "branch":branch, "tipekons":tipekons, "marital":marital, "penjamin":penjamin, ... ])): Send request successfully

2022-11-28 15:34:21 - [MESSAGE][INFO] - HAR: D:\DMS\Engine Scoring\Reports\20221128_153400\Exclude KKB - DS - Married\Scoring Married - CS New\20221128_153401\requests\main\2.har

2022-11-28 15:34:21 - [MESSAGE][PASSED] - Send request successfully

2022-11-28 15:34:21 - [TEST_STEP][PASSED] - slurper = new groovy.json.JsonSlurper(): null

2022-11-28 15:34:21 - [TEST_STEP][PASSED] - result = slurper.parseText(req_data.getResponseBodyContent()): null

2022-11-28 15:34:21 - [TEST_STEP][PASSED] - reqid_kons = requestid1: null

2022-11-28 15:34:21 - [TEST_STEP][PASSED] - reqid_spouse = requestid2: null

2022-11-28 15:34:21 - [TEST_STEP][PASSED] - println("requestid kons : " + reqid_kons): null

2022-11-28 15:34:21 - [TEST_STEP][PASSED] - response_searchME_kons = reqid_kons: null

2022-11-28 15:34:21 - [TEST_STEP][PASSED] - response_searchME_spouse = reqid_spouse: null

2022-11-28 15:34:21 - [TEST_STEP][PASSED] - println("kons req id is :" + response_searchME_kons): null

2022-11-28 15:34:21 - [TEST_STEP][PASSED] - println("spouse req id is : " + response_searchME_spouse): null

2022-11-28 15:34:21 - [TEST_STEP][PASSED] - verifyResponseStatusCode(req_data, 200): Verify response status code successfully

2022-11-28 15:34:21 - [MESSAGE][PASSED] - Verify response status code successfully

2022-11-28 15:34:21 - [TEST_STEP][PASSED] - response = req_data.getResponseText(): null

2022-11-28 15:34:21 - [TEST_STEP][PASSED] - logInfo($response): {"status":"Done","data":{"requestid1":"256402","requestid2":"256403"}}

2022-11-28 15:34:21 - [MESSAGE][INFO] - {"status":"Done","data":{"requestid1":"256402","requestid2":"256403"}}

2022-11-28 15:34:21 - [TEST_STEP][PASSED] - delay(5): Delayed 5 second(s)

2022-11-28 15:34:26 - [MESSAGE][PASSED] - Delayed 5 second(s)

2022-11-28 15:34:26 - [TEST_STEP][PASSED] - scoring = sendRequest(findTestObject("EngineScore", ["response_searchME_kons":response_searchME_kons, "response_searchME_spouse":response_searchME_spouse])): Send request successfully

2022-11-28 15:34:26 - [MESSAGE][INFO] - HAR: D:\DMS\Engine Scoring\Reports\20221128_153400\Exclude KKB - DS - Married\Scoring Married - CS New\20221128_153401\requests\main\3.har

2022-11-28 15:34:26 - [MESSAGE][PASSED] - Send request successfully

2022-11-28 15:34:26 - [TEST_STEP][PASSED] - verifyResponseStatusCode(scoring, 200): Verify response status code successfully

2022-11-28 15:34:26 - [MESSAGE][PASSED] - Verify response status code successfully

2022-11-28 15:34:26 - [TEST_STEP][PASSED] - response2 = scoring.getResponseText(): null

2022-11-28 15:34:26 - [TEST_STEP][PASSED] - markPassed("result service data ke : " + no): result service data ke : 2

2022-11-28 15:34:26 - [MESSAGE][PASSED] - result service data ke : 2

2022-11-28 15:34:26 - [TEST_STEP][PASSED] - logInfo($response2): {"result_konsumen":"Reguler","result_pasangan":"Approve","Final_result":"Reguler","errorMessage":"","status":"Done"}

2022-11-28 15:34:26 - [MESSAGE][INFO] - {"result_konsumen":"Reguler","result_pasangan":"Approve","Final_result":"Reguler","errorMessage":"","status":"Done"}

2022-11-28 15:34:26 - [TEST_STEP][PASSED] - verifyElementPropertyValue(scoring, "Final_result", final_result): Verify element property value successfully

2022-11-28 15:34:26 - [MESSAGE][PASSED] - Verify element property value successfully]]></system-out>
         <system-err><![CDATA[]]></system-err>
      </testcase>
      <testcase name="Test Cases/Engine_Scoring/Engine Scoring" time="6.743" classname="Test Cases/Engine_Scoring/Engine Scoring" status="PASSED">
         <system-out><![CDATA[2022-11-28 15:34:26 - [TEST_CASE][PASSED] - Test Cases/Engine_Scoring/Engine Scoring: Test Cases/Engine_Scoring/Engine Scoring

2022-11-28 15:34:27 - [TEST_STEP][PASSED] - markPassed("Variasi data ke : " + no): Variasi data ke : 3

2022-11-28 15:34:27 - [MESSAGE][PASSED] - Variasi data ke : 3

2022-11-28 15:34:27 - [TEST_STEP][PASSED] - req_data = sendRequest(findTestObject("Search_ME", ["MID":MID, "source":source, "ip":ip, "userid":userid, "branch":branch, "tipekons":tipekons, "marital":marital, "penjamin":penjamin, ... ])): Send request successfully

2022-11-28 15:34:28 - [MESSAGE][INFO] - HAR: D:\DMS\Engine Scoring\Reports\20221128_153400\Exclude KKB - DS - Married\Scoring Married - CS New\20221128_153401\requests\main\4.har

2022-11-28 15:34:28 - [MESSAGE][PASSED] - Send request successfully

2022-11-28 15:34:28 - [TEST_STEP][PASSED] - slurper = new groovy.json.JsonSlurper(): null

2022-11-28 15:34:28 - [TEST_STEP][PASSED] - result = slurper.parseText(req_data.getResponseBodyContent()): null

2022-11-28 15:34:28 - [TEST_STEP][PASSED] - reqid_kons = requestid1: null

2022-11-28 15:34:28 - [TEST_STEP][PASSED] - reqid_spouse = requestid2: null

2022-11-28 15:34:28 - [TEST_STEP][PASSED] - println("requestid kons : " + reqid_kons): null

2022-11-28 15:34:28 - [TEST_STEP][PASSED] - response_searchME_kons = reqid_kons: null

2022-11-28 15:34:28 - [TEST_STEP][PASSED] - response_searchME_spouse = reqid_spouse: null

2022-11-28 15:34:28 - [TEST_STEP][PASSED] - println("kons req id is :" + response_searchME_kons): null

2022-11-28 15:34:28 - [TEST_STEP][PASSED] - println("spouse req id is : " + response_searchME_spouse): null

2022-11-28 15:34:28 - [TEST_STEP][PASSED] - verifyResponseStatusCode(req_data, 200): Verify response status code successfully

2022-11-28 15:34:28 - [MESSAGE][PASSED] - Verify response status code successfully

2022-11-28 15:34:28 - [TEST_STEP][PASSED] - response = req_data.getResponseText(): null

2022-11-28 15:34:28 - [TEST_STEP][PASSED] - logInfo($response): {"status":"Done","data":{"requestid1":"256404","requestid2":"256405"}}

2022-11-28 15:34:28 - [MESSAGE][INFO] - {"status":"Done","data":{"requestid1":"256404","requestid2":"256405"}}

2022-11-28 15:34:28 - [TEST_STEP][PASSED] - delay(5): Delayed 5 second(s)

2022-11-28 15:34:33 - [MESSAGE][PASSED] - Delayed 5 second(s)

2022-11-28 15:34:33 - [TEST_STEP][PASSED] - scoring = sendRequest(findTestObject("EngineScore", ["response_searchME_kons":response_searchME_kons, "response_searchME_spouse":response_searchME_spouse])): Send request successfully

2022-11-28 15:34:33 - [MESSAGE][INFO] - HAR: D:\DMS\Engine Scoring\Reports\20221128_153400\Exclude KKB - DS - Married\Scoring Married - CS New\20221128_153401\requests\main\5.har

2022-11-28 15:34:33 - [MESSAGE][PASSED] - Send request successfully

2022-11-28 15:34:33 - [TEST_STEP][PASSED] - verifyResponseStatusCode(scoring, 200): Verify response status code successfully

2022-11-28 15:34:33 - [MESSAGE][PASSED] - Verify response status code successfully

2022-11-28 15:34:33 - [TEST_STEP][PASSED] - response2 = scoring.getResponseText(): null

2022-11-28 15:34:33 - [TEST_STEP][PASSED] - markPassed("result service data ke : " + no): result service data ke : 3

2022-11-28 15:34:33 - [MESSAGE][PASSED] - result service data ke : 3

2022-11-28 15:34:33 - [TEST_STEP][PASSED] - logInfo($response2): {"result_konsumen":"Reguler","result_pasangan":"Approve","Final_result":"Reguler","errorMessage":"","status":"Done"}

2022-11-28 15:34:33 - [MESSAGE][INFO] - {"result_konsumen":"Reguler","result_pasangan":"Approve","Final_result":"Reguler","errorMessage":"","status":"Done"}

2022-11-28 15:34:33 - [TEST_STEP][PASSED] - verifyElementPropertyValue(scoring, "Final_result", final_result): Verify element property value successfully

2022-11-28 15:34:33 - [MESSAGE][PASSED] - Verify element property value successfully]]></system-out>
         <system-err><![CDATA[]]></system-err>
      </testcase>
      <testcase name="Test Cases/Engine_Scoring/Engine Scoring" time="6.583" classname="Test Cases/Engine_Scoring/Engine Scoring" status="PASSED">
         <system-out><![CDATA[2022-11-28 15:34:33 - [TEST_CASE][PASSED] - Test Cases/Engine_Scoring/Engine Scoring: Test Cases/Engine_Scoring/Engine Scoring

2022-11-28 15:34:34 - [TEST_STEP][PASSED] - markPassed("Variasi data ke : " + no): Variasi data ke : 4

2022-11-28 15:34:34 - [MESSAGE][PASSED] - Variasi data ke : 4

2022-11-28 15:34:34 - [TEST_STEP][PASSED] - req_data = sendRequest(findTestObject("Search_ME", ["MID":MID, "source":source, "ip":ip, "userid":userid, "branch":branch, "tipekons":tipekons, "marital":marital, "penjamin":penjamin, ... ])): Send request successfully

2022-11-28 15:34:35 - [MESSAGE][INFO] - HAR: D:\DMS\Engine Scoring\Reports\20221128_153400\Exclude KKB - DS - Married\Scoring Married - CS New\20221128_153401\requests\main\6.har

2022-11-28 15:34:35 - [MESSAGE][PASSED] - Send request successfully

2022-11-28 15:34:35 - [TEST_STEP][PASSED] - slurper = new groovy.json.JsonSlurper(): null

2022-11-28 15:34:35 - [TEST_STEP][PASSED] - result = slurper.parseText(req_data.getResponseBodyContent()): null

2022-11-28 15:34:35 - [TEST_STEP][PASSED] - reqid_kons = requestid1: null

2022-11-28 15:34:35 - [TEST_STEP][PASSED] - reqid_spouse = requestid2: null

2022-11-28 15:34:35 - [TEST_STEP][PASSED] - println("requestid kons : " + reqid_kons): null

2022-11-28 15:34:35 - [TEST_STEP][PASSED] - response_searchME_kons = reqid_kons: null

2022-11-28 15:34:35 - [TEST_STEP][PASSED] - response_searchME_spouse = reqid_spouse: null

2022-11-28 15:34:35 - [TEST_STEP][PASSED] - println("kons req id is :" + response_searchME_kons): null

2022-11-28 15:34:35 - [TEST_STEP][PASSED] - println("spouse req id is : " + response_searchME_spouse): null

2022-11-28 15:34:35 - [TEST_STEP][PASSED] - verifyResponseStatusCode(req_data, 200): Verify response status code successfully

2022-11-28 15:34:35 - [MESSAGE][PASSED] - Verify response status code successfully

2022-11-28 15:34:35 - [TEST_STEP][PASSED] - response = req_data.getResponseText(): null

2022-11-28 15:34:35 - [TEST_STEP][PASSED] - logInfo($response): {"status":"Done","data":{"requestid1":"256406","requestid2":"256407"}}

2022-11-28 15:34:35 - [MESSAGE][INFO] - {"status":"Done","data":{"requestid1":"256406","requestid2":"256407"}}

2022-11-28 15:34:35 - [TEST_STEP][PASSED] - delay(5): Delayed 5 second(s)

2022-11-28 15:34:40 - [MESSAGE][PASSED] - Delayed 5 second(s)

2022-11-28 15:34:40 - [TEST_STEP][PASSED] - scoring = sendRequest(findTestObject("EngineScore", ["response_searchME_kons":response_searchME_kons, "response_searchME_spouse":response_searchME_spouse])): Send request successfully

2022-11-28 15:34:40 - [MESSAGE][INFO] - HAR: D:\DMS\Engine Scoring\Reports\20221128_153400\Exclude KKB - DS - Married\Scoring Married - CS New\20221128_153401\requests\main\7.har

2022-11-28 15:34:40 - [MESSAGE][PASSED] - Send request successfully

2022-11-28 15:34:40 - [TEST_STEP][PASSED] - verifyResponseStatusCode(scoring, 200): Verify response status code successfully

2022-11-28 15:34:40 - [MESSAGE][PASSED] - Verify response status code successfully

2022-11-28 15:34:40 - [TEST_STEP][PASSED] - response2 = scoring.getResponseText(): null

2022-11-28 15:34:40 - [TEST_STEP][PASSED] - markPassed("result service data ke : " + no): result service data ke : 4

2022-11-28 15:34:40 - [MESSAGE][PASSED] - result service data ke : 4

2022-11-28 15:34:40 - [TEST_STEP][PASSED] - logInfo($response2): {"result_konsumen":"Reguler","result_pasangan":"Approve","Final_result":"Reguler","errorMessage":"","status":"Done"}

2022-11-28 15:34:40 - [MESSAGE][INFO] - {"result_konsumen":"Reguler","result_pasangan":"Approve","Final_result":"Reguler","errorMessage":"","status":"Done"}

2022-11-28 15:34:40 - [TEST_STEP][PASSED] - verifyElementPropertyValue(scoring, "Final_result", final_result): Verify element property value successfully

2022-11-28 15:34:40 - [MESSAGE][PASSED] - Verify element property value successfully]]></system-out>
         <system-err><![CDATA[]]></system-err>
      </testcase>
      <testcase name="Test Cases/Engine_Scoring/Engine Scoring" time="6.602" classname="Test Cases/Engine_Scoring/Engine Scoring" status="PASSED">
         <system-out><![CDATA[2022-11-28 15:34:40 - [TEST_CASE][PASSED] - Test Cases/Engine_Scoring/Engine Scoring: Test Cases/Engine_Scoring/Engine Scoring

2022-11-28 15:34:40 - [TEST_STEP][PASSED] - markPassed("Variasi data ke : " + no): Variasi data ke : 5

2022-11-28 15:34:40 - [MESSAGE][PASSED] - Variasi data ke : 5

2022-11-28 15:34:40 - [TEST_STEP][PASSED] - req_data = sendRequest(findTestObject("Search_ME", ["MID":MID, "source":source, "ip":ip, "userid":userid, "branch":branch, "tipekons":tipekons, "marital":marital, "penjamin":penjamin, ... ])): Send request successfully

2022-11-28 15:34:41 - [MESSAGE][INFO] - HAR: D:\DMS\Engine Scoring\Reports\20221128_153400\Exclude KKB - DS - Married\Scoring Married - CS New\20221128_153401\requests\main\8.har

2022-11-28 15:34:41 - [MESSAGE][PASSED] - Send request successfully

2022-11-28 15:34:41 - [TEST_STEP][PASSED] - slurper = new groovy.json.JsonSlurper(): null

2022-11-28 15:34:41 - [TEST_STEP][PASSED] - result = slurper.parseText(req_data.getResponseBodyContent()): null

2022-11-28 15:34:41 - [TEST_STEP][PASSED] - reqid_kons = requestid1: null

2022-11-28 15:34:41 - [TEST_STEP][PASSED] - reqid_spouse = requestid2: null

2022-11-28 15:34:41 - [TEST_STEP][PASSED] - println("requestid kons : " + reqid_kons): null

2022-11-28 15:34:41 - [TEST_STEP][PASSED] - response_searchME_kons = reqid_kons: null

2022-11-28 15:34:41 - [TEST_STEP][PASSED] - response_searchME_spouse = reqid_spouse: null

2022-11-28 15:34:41 - [TEST_STEP][PASSED] - println("kons req id is :" + response_searchME_kons): null

2022-11-28 15:34:41 - [TEST_STEP][PASSED] - println("spouse req id is : " + response_searchME_spouse): null

2022-11-28 15:34:41 - [TEST_STEP][PASSED] - verifyResponseStatusCode(req_data, 200): Verify response status code successfully

2022-11-28 15:34:41 - [MESSAGE][PASSED] - Verify response status code successfully

2022-11-28 15:34:41 - [TEST_STEP][PASSED] - response = req_data.getResponseText(): null

2022-11-28 15:34:41 - [TEST_STEP][PASSED] - logInfo($response): {"status":"Done","data":{"requestid1":"256408","requestid2":"256409"}}

2022-11-28 15:34:41 - [MESSAGE][INFO] - {"status":"Done","data":{"requestid1":"256408","requestid2":"256409"}}

2022-11-28 15:34:41 - [TEST_STEP][PASSED] - delay(5): Delayed 5 second(s)

2022-11-28 15:34:46 - [MESSAGE][PASSED] - Delayed 5 second(s)

2022-11-28 15:34:46 - [TEST_STEP][PASSED] - scoring = sendRequest(findTestObject("EngineScore", ["response_searchME_kons":response_searchME_kons, "response_searchME_spouse":response_searchME_spouse])): Send request successfully

2022-11-28 15:34:46 - [MESSAGE][INFO] - HAR: D:\DMS\Engine Scoring\Reports\20221128_153400\Exclude KKB - DS - Married\Scoring Married - CS New\20221128_153401\requests\main\9.har

2022-11-28 15:34:46 - [MESSAGE][PASSED] - Send request successfully

2022-11-28 15:34:46 - [TEST_STEP][PASSED] - verifyResponseStatusCode(scoring, 200): Verify response status code successfully

2022-11-28 15:34:46 - [MESSAGE][PASSED] - Verify response status code successfully

2022-11-28 15:34:46 - [TEST_STEP][PASSED] - response2 = scoring.getResponseText(): null

2022-11-28 15:34:46 - [TEST_STEP][PASSED] - markPassed("result service data ke : " + no): result service data ke : 5

2022-11-28 15:34:46 - [MESSAGE][PASSED] - result service data ke : 5

2022-11-28 15:34:46 - [TEST_STEP][PASSED] - logInfo($response2): {"result_konsumen":"Reguler","result_pasangan":"Reject","Final_result":"Reject","errorMessage":"","status":"Done"}

2022-11-28 15:34:46 - [MESSAGE][INFO] - {"result_konsumen":"Reguler","result_pasangan":"Reject","Final_result":"Reject","errorMessage":"","status":"Done"}

2022-11-28 15:34:46 - [TEST_STEP][PASSED] - verifyElementPropertyValue(scoring, "Final_result", final_result): Verify element property value successfully

2022-11-28 15:34:46 - [MESSAGE][PASSED] - Verify element property value successfully]]></system-out>
         <system-err><![CDATA[]]></system-err>
      </testcase>
      <testcase name="Test Cases/Engine_Scoring/Engine Scoring" time="6.487" classname="Test Cases/Engine_Scoring/Engine Scoring" status="PASSED">
         <system-out><![CDATA[2022-11-28 15:34:46 - [TEST_CASE][PASSED] - Test Cases/Engine_Scoring/Engine Scoring: Test Cases/Engine_Scoring/Engine Scoring

2022-11-28 15:34:47 - [TEST_STEP][PASSED] - markPassed("Variasi data ke : " + no): Variasi data ke : 6

2022-11-28 15:34:47 - [MESSAGE][PASSED] - Variasi data ke : 6

2022-11-28 15:34:47 - [TEST_STEP][PASSED] - req_data = sendRequest(findTestObject("Search_ME", ["MID":MID, "source":source, "ip":ip, "userid":userid, "branch":branch, "tipekons":tipekons, "marital":marital, "penjamin":penjamin, ... ])): Send request successfully

2022-11-28 15:34:48 - [MESSAGE][INFO] - HAR: D:\DMS\Engine Scoring\Reports\20221128_153400\Exclude KKB - DS - Married\Scoring Married - CS New\20221128_153401\requests\main\10.har

2022-11-28 15:34:48 - [MESSAGE][PASSED] - Send request successfully

2022-11-28 15:34:48 - [TEST_STEP][PASSED] - slurper = new groovy.json.JsonSlurper(): null

2022-11-28 15:34:48 - [TEST_STEP][PASSED] - result = slurper.parseText(req_data.getResponseBodyContent()): null

2022-11-28 15:34:48 - [TEST_STEP][PASSED] - reqid_kons = requestid1: null

2022-11-28 15:34:48 - [TEST_STEP][PASSED] - reqid_spouse = requestid2: null

2022-11-28 15:34:48 - [TEST_STEP][PASSED] - println("requestid kons : " + reqid_kons): null

2022-11-28 15:34:48 - [TEST_STEP][PASSED] - response_searchME_kons = reqid_kons: null

2022-11-28 15:34:48 - [TEST_STEP][PASSED] - response_searchME_spouse = reqid_spouse: null

2022-11-28 15:34:48 - [TEST_STEP][PASSED] - println("kons req id is :" + response_searchME_kons): null

2022-11-28 15:34:48 - [TEST_STEP][PASSED] - println("spouse req id is : " + response_searchME_spouse): null

2022-11-28 15:34:48 - [TEST_STEP][PASSED] - verifyResponseStatusCode(req_data, 200): Verify response status code successfully

2022-11-28 15:34:48 - [MESSAGE][PASSED] - Verify response status code successfully

2022-11-28 15:34:48 - [TEST_STEP][PASSED] - response = req_data.getResponseText(): null

2022-11-28 15:34:48 - [TEST_STEP][PASSED] - logInfo($response): {"status":"Done","data":{"requestid1":"256410","requestid2":"256411"}}

2022-11-28 15:34:48 - [MESSAGE][INFO] - {"status":"Done","data":{"requestid1":"256410","requestid2":"256411"}}

2022-11-28 15:34:48 - [TEST_STEP][PASSED] - delay(5): Delayed 5 second(s)

2022-11-28 15:34:53 - [MESSAGE][PASSED] - Delayed 5 second(s)

2022-11-28 15:34:53 - [TEST_STEP][PASSED] - scoring = sendRequest(findTestObject("EngineScore", ["response_searchME_kons":response_searchME_kons, "response_searchME_spouse":response_searchME_spouse])): Send request successfully

2022-11-28 15:34:53 - [MESSAGE][INFO] - HAR: D:\DMS\Engine Scoring\Reports\20221128_153400\Exclude KKB - DS - Married\Scoring Married - CS New\20221128_153401\requests\main\11.har

2022-11-28 15:34:53 - [MESSAGE][PASSED] - Send request successfully

2022-11-28 15:34:53 - [TEST_STEP][PASSED] - verifyResponseStatusCode(scoring, 200): Verify response status code successfully

2022-11-28 15:34:53 - [MESSAGE][PASSED] - Verify response status code successfully

2022-11-28 15:34:53 - [TEST_STEP][PASSED] - response2 = scoring.getResponseText(): null

2022-11-28 15:34:53 - [TEST_STEP][PASSED] - markPassed("result service data ke : " + no): result service data ke : 6

2022-11-28 15:34:53 - [MESSAGE][PASSED] - result service data ke : 6

2022-11-28 15:34:53 - [TEST_STEP][PASSED] - logInfo($response2): {"result_konsumen":"Reguler","result_pasangan":"Reject","Final_result":"Reject","errorMessage":"","status":"Done"}

2022-11-28 15:34:53 - [MESSAGE][INFO] - {"result_konsumen":"Reguler","result_pasangan":"Reject","Final_result":"Reject","errorMessage":"","status":"Done"}

2022-11-28 15:34:53 - [TEST_STEP][PASSED] - verifyElementPropertyValue(scoring, "Final_result", final_result): Verify element property value successfully

2022-11-28 15:34:53 - [MESSAGE][PASSED] - Verify element property value successfully]]></system-out>
         <system-err><![CDATA[]]></system-err>
      </testcase>
      <testcase name="Test Cases/Engine_Scoring/Engine Scoring" time="6.52" classname="Test Cases/Engine_Scoring/Engine Scoring" status="PASSED">
         <system-out><![CDATA[2022-11-28 15:34:53 - [TEST_CASE][PASSED] - Test Cases/Engine_Scoring/Engine Scoring: Test Cases/Engine_Scoring/Engine Scoring

2022-11-28 15:34:54 - [TEST_STEP][PASSED] - markPassed("Variasi data ke : " + no): Variasi data ke : 7

2022-11-28 15:34:54 - [MESSAGE][PASSED] - Variasi data ke : 7

2022-11-28 15:34:54 - [TEST_STEP][PASSED] - req_data = sendRequest(findTestObject("Search_ME", ["MID":MID, "source":source, "ip":ip, "userid":userid, "branch":branch, "tipekons":tipekons, "marital":marital, "penjamin":penjamin, ... ])): Send request successfully

2022-11-28 15:34:54 - [MESSAGE][INFO] - HAR: D:\DMS\Engine Scoring\Reports\20221128_153400\Exclude KKB - DS - Married\Scoring Married - CS New\20221128_153401\requests\main\12.har

2022-11-28 15:34:54 - [MESSAGE][PASSED] - Send request successfully

2022-11-28 15:34:54 - [TEST_STEP][PASSED] - slurper = new groovy.json.JsonSlurper(): null

2022-11-28 15:34:54 - [TEST_STEP][PASSED] - result = slurper.parseText(req_data.getResponseBodyContent()): null

2022-11-28 15:34:54 - [TEST_STEP][PASSED] - reqid_kons = requestid1: null

2022-11-28 15:34:54 - [TEST_STEP][PASSED] - reqid_spouse = requestid2: null

2022-11-28 15:34:54 - [TEST_STEP][PASSED] - println("requestid kons : " + reqid_kons): null

2022-11-28 15:34:54 - [TEST_STEP][PASSED] - response_searchME_kons = reqid_kons: null

2022-11-28 15:34:54 - [TEST_STEP][PASSED] - response_searchME_spouse = reqid_spouse: null

2022-11-28 15:34:54 - [TEST_STEP][PASSED] - println("kons req id is :" + response_searchME_kons): null

2022-11-28 15:34:54 - [TEST_STEP][PASSED] - println("spouse req id is : " + response_searchME_spouse): null

2022-11-28 15:34:54 - [TEST_STEP][PASSED] - verifyResponseStatusCode(req_data, 200): Verify response status code successfully

2022-11-28 15:34:54 - [MESSAGE][PASSED] - Verify response status code successfully

2022-11-28 15:34:54 - [TEST_STEP][PASSED] - response = req_data.getResponseText(): null

2022-11-28 15:34:54 - [TEST_STEP][PASSED] - logInfo($response): {"status":"Done","data":{"requestid1":"256412","requestid2":"256413"}}

2022-11-28 15:34:54 - [MESSAGE][INFO] - {"status":"Done","data":{"requestid1":"256412","requestid2":"256413"}}

2022-11-28 15:34:54 - [TEST_STEP][PASSED] - delay(5): Delayed 5 second(s)

2022-11-28 15:34:59 - [MESSAGE][PASSED] - Delayed 5 second(s)

2022-11-28 15:34:59 - [TEST_STEP][PASSED] - scoring = sendRequest(findTestObject("EngineScore", ["response_searchME_kons":response_searchME_kons, "response_searchME_spouse":response_searchME_spouse])): Send request successfully

2022-11-28 15:34:59 - [MESSAGE][INFO] - HAR: D:\DMS\Engine Scoring\Reports\20221128_153400\Exclude KKB - DS - Married\Scoring Married - CS New\20221128_153401\requests\main\13.har

2022-11-28 15:34:59 - [MESSAGE][PASSED] - Send request successfully

2022-11-28 15:34:59 - [TEST_STEP][PASSED] - verifyResponseStatusCode(scoring, 200): Verify response status code successfully

2022-11-28 15:34:59 - [MESSAGE][PASSED] - Verify response status code successfully

2022-11-28 15:34:59 - [TEST_STEP][PASSED] - response2 = scoring.getResponseText(): null

2022-11-28 15:34:59 - [TEST_STEP][PASSED] - markPassed("result service data ke : " + no): result service data ke : 7

2022-11-28 15:34:59 - [MESSAGE][PASSED] - result service data ke : 7

2022-11-28 15:34:59 - [TEST_STEP][PASSED] - logInfo($response2): {"result_konsumen":"Reguler","result_pasangan":"Reject","Final_result":"Reject","errorMessage":"","status":"Done"}

2022-11-28 15:34:59 - [MESSAGE][INFO] - {"result_konsumen":"Reguler","result_pasangan":"Reject","Final_result":"Reject","errorMessage":"","status":"Done"}

2022-11-28 15:34:59 - [TEST_STEP][PASSED] - verifyElementPropertyValue(scoring, "Final_result", final_result): Verify element property value successfully

2022-11-28 15:34:59 - [MESSAGE][PASSED] - Verify element property value successfully]]></system-out>
         <system-err><![CDATA[]]></system-err>
      </testcase>
      <testcase name="Test Cases/Engine_Scoring/Engine Scoring" time="6.592" classname="Test Cases/Engine_Scoring/Engine Scoring" status="PASSED">
         <system-out><![CDATA[2022-11-28 15:34:59 - [TEST_CASE][PASSED] - Test Cases/Engine_Scoring/Engine Scoring: Test Cases/Engine_Scoring/Engine Scoring

2022-11-28 15:35:00 - [TEST_STEP][PASSED] - markPassed("Variasi data ke : " + no): Variasi data ke : 8

2022-11-28 15:35:00 - [MESSAGE][PASSED] - Variasi data ke : 8

2022-11-28 15:35:00 - [TEST_STEP][PASSED] - req_data = sendRequest(findTestObject("Search_ME", ["MID":MID, "source":source, "ip":ip, "userid":userid, "branch":branch, "tipekons":tipekons, "marital":marital, "penjamin":penjamin, ... ])): Send request successfully

2022-11-28 15:35:01 - [MESSAGE][INFO] - HAR: D:\DMS\Engine Scoring\Reports\20221128_153400\Exclude KKB - DS - Married\Scoring Married - CS New\20221128_153401\requests\main\14.har

2022-11-28 15:35:01 - [MESSAGE][PASSED] - Send request successfully

2022-11-28 15:35:01 - [TEST_STEP][PASSED] - slurper = new groovy.json.JsonSlurper(): null

2022-11-28 15:35:01 - [TEST_STEP][PASSED] - result = slurper.parseText(req_data.getResponseBodyContent()): null

2022-11-28 15:35:01 - [TEST_STEP][PASSED] - reqid_kons = requestid1: null

2022-11-28 15:35:01 - [TEST_STEP][PASSED] - reqid_spouse = requestid2: null

2022-11-28 15:35:01 - [TEST_STEP][PASSED] - println("requestid kons : " + reqid_kons): null

2022-11-28 15:35:01 - [TEST_STEP][PASSED] - response_searchME_kons = reqid_kons: null

2022-11-28 15:35:01 - [TEST_STEP][PASSED] - response_searchME_spouse = reqid_spouse: null

2022-11-28 15:35:01 - [TEST_STEP][PASSED] - println("kons req id is :" + response_searchME_kons): null

2022-11-28 15:35:01 - [TEST_STEP][PASSED] - println("spouse req id is : " + response_searchME_spouse): null

2022-11-28 15:35:01 - [TEST_STEP][PASSED] - verifyResponseStatusCode(req_data, 200): Verify response status code successfully

2022-11-28 15:35:01 - [MESSAGE][PASSED] - Verify response status code successfully

2022-11-28 15:35:01 - [TEST_STEP][PASSED] - response = req_data.getResponseText(): null

2022-11-28 15:35:01 - [TEST_STEP][PASSED] - logInfo($response): {"status":"Done","data":{"requestid1":"256414","requestid2":"256415"}}

2022-11-28 15:35:01 - [MESSAGE][INFO] - {"status":"Done","data":{"requestid1":"256414","requestid2":"256415"}}

2022-11-28 15:35:01 - [TEST_STEP][PASSED] - delay(5): Delayed 5 second(s)

2022-11-28 15:35:06 - [MESSAGE][PASSED] - Delayed 5 second(s)

2022-11-28 15:35:06 - [TEST_STEP][PASSED] - scoring = sendRequest(findTestObject("EngineScore", ["response_searchME_kons":response_searchME_kons, "response_searchME_spouse":response_searchME_spouse])): Send request successfully

2022-11-28 15:35:06 - [MESSAGE][INFO] - HAR: D:\DMS\Engine Scoring\Reports\20221128_153400\Exclude KKB - DS - Married\Scoring Married - CS New\20221128_153401\requests\main\15.har

2022-11-28 15:35:06 - [MESSAGE][PASSED] - Send request successfully

2022-11-28 15:35:06 - [TEST_STEP][PASSED] - verifyResponseStatusCode(scoring, 200): Verify response status code successfully

2022-11-28 15:35:06 - [MESSAGE][PASSED] - Verify response status code successfully

2022-11-28 15:35:06 - [TEST_STEP][PASSED] - response2 = scoring.getResponseText(): null

2022-11-28 15:35:06 - [TEST_STEP][PASSED] - markPassed("result service data ke : " + no): result service data ke : 8

2022-11-28 15:35:06 - [MESSAGE][PASSED] - result service data ke : 8

2022-11-28 15:35:06 - [TEST_STEP][PASSED] - logInfo($response2): {"result_konsumen":"Reguler","result_pasangan":"Reguler","Final_result":"Reguler","errorMessage":"","status":"Done"}

2022-11-28 15:35:06 - [MESSAGE][INFO] - {"result_konsumen":"Reguler","result_pasangan":"Reguler","Final_result":"Reguler","errorMessage":"","status":"Done"}

2022-11-28 15:35:06 - [TEST_STEP][PASSED] - verifyElementPropertyValue(scoring, "Final_result", final_result): Verify element property value successfully

2022-11-28 15:35:06 - [MESSAGE][PASSED] - Verify element property value successfully]]></system-out>
         <system-err><![CDATA[]]></system-err>
      </testcase>
      <testcase name="Test Cases/Engine_Scoring/Engine Scoring" time="6.676" classname="Test Cases/Engine_Scoring/Engine Scoring" status="PASSED">
         <system-out><![CDATA[2022-11-28 15:35:06 - [TEST_CASE][PASSED] - Test Cases/Engine_Scoring/Engine Scoring: Test Cases/Engine_Scoring/Engine Scoring

2022-11-28 15:35:07 - [TEST_STEP][PASSED] - markPassed("Variasi data ke : " + no): Variasi data ke : 9

2022-11-28 15:35:07 - [MESSAGE][PASSED] - Variasi data ke : 9

2022-11-28 15:35:07 - [TEST_STEP][PASSED] - req_data = sendRequest(findTestObject("Search_ME", ["MID":MID, "source":source, "ip":ip, "userid":userid, "branch":branch, "tipekons":tipekons, "marital":marital, "penjamin":penjamin, ... ])): Send request successfully

2022-11-28 15:35:08 - [MESSAGE][INFO] - HAR: D:\DMS\Engine Scoring\Reports\20221128_153400\Exclude KKB - DS - Married\Scoring Married - CS New\20221128_153401\requests\main\16.har

2022-11-28 15:35:08 - [MESSAGE][PASSED] - Send request successfully

2022-11-28 15:35:08 - [TEST_STEP][PASSED] - slurper = new groovy.json.JsonSlurper(): null

2022-11-28 15:35:08 - [TEST_STEP][PASSED] - result = slurper.parseText(req_data.getResponseBodyContent()): null

2022-11-28 15:35:08 - [TEST_STEP][PASSED] - reqid_kons = requestid1: null

2022-11-28 15:35:08 - [TEST_STEP][PASSED] - reqid_spouse = requestid2: null

2022-11-28 15:35:08 - [TEST_STEP][PASSED] - println("requestid kons : " + reqid_kons): null

2022-11-28 15:35:08 - [TEST_STEP][PASSED] - response_searchME_kons = reqid_kons: null

2022-11-28 15:35:08 - [TEST_STEP][PASSED] - response_searchME_spouse = reqid_spouse: null

2022-11-28 15:35:08 - [TEST_STEP][PASSED] - println("kons req id is :" + response_searchME_kons): null

2022-11-28 15:35:08 - [TEST_STEP][PASSED] - println("spouse req id is : " + response_searchME_spouse): null

2022-11-28 15:35:08 - [TEST_STEP][PASSED] - verifyResponseStatusCode(req_data, 200): Verify response status code successfully

2022-11-28 15:35:08 - [MESSAGE][PASSED] - Verify response status code successfully

2022-11-28 15:35:08 - [TEST_STEP][PASSED] - response = req_data.getResponseText(): null

2022-11-28 15:35:08 - [TEST_STEP][PASSED] - logInfo($response): {"status":"Done","data":{"requestid1":"256416","requestid2":"256417"}}

2022-11-28 15:35:08 - [MESSAGE][INFO] - {"status":"Done","data":{"requestid1":"256416","requestid2":"256417"}}

2022-11-28 15:35:08 - [TEST_STEP][PASSED] - delay(5): Delayed 5 second(s)

2022-11-28 15:35:13 - [MESSAGE][PASSED] - Delayed 5 second(s)

2022-11-28 15:35:13 - [TEST_STEP][PASSED] - scoring = sendRequest(findTestObject("EngineScore", ["response_searchME_kons":response_searchME_kons, "response_searchME_spouse":response_searchME_spouse])): Send request successfully

2022-11-28 15:35:13 - [MESSAGE][INFO] - HAR: D:\DMS\Engine Scoring\Reports\20221128_153400\Exclude KKB - DS - Married\Scoring Married - CS New\20221128_153401\requests\main\17.har

2022-11-28 15:35:13 - [MESSAGE][PASSED] - Send request successfully

2022-11-28 15:35:13 - [TEST_STEP][PASSED] - verifyResponseStatusCode(scoring, 200): Verify response status code successfully

2022-11-28 15:35:13 - [MESSAGE][PASSED] - Verify response status code successfully

2022-11-28 15:35:13 - [TEST_STEP][PASSED] - response2 = scoring.getResponseText(): null

2022-11-28 15:35:13 - [TEST_STEP][PASSED] - markPassed("result service data ke : " + no): result service data ke : 9

2022-11-28 15:35:13 - [MESSAGE][PASSED] - result service data ke : 9

2022-11-28 15:35:13 - [TEST_STEP][PASSED] - logInfo($response2): {"result_konsumen":"Reguler","result_pasangan":"Approve","Final_result":"Reguler","errorMessage":"","status":"Done"}

2022-11-28 15:35:13 - [MESSAGE][INFO] - {"result_konsumen":"Reguler","result_pasangan":"Approve","Final_result":"Reguler","errorMessage":"","status":"Done"}

2022-11-28 15:35:13 - [TEST_STEP][PASSED] - verifyElementPropertyValue(scoring, "Final_result", final_result): Verify element property value successfully

2022-11-28 15:35:13 - [MESSAGE][PASSED] - Verify element property value successfully]]></system-out>
         <system-err><![CDATA[]]></system-err>
      </testcase>
      <testcase name="Test Cases/Engine_Scoring/Engine Scoring" time="6.47" classname="Test Cases/Engine_Scoring/Engine Scoring" status="PASSED">
         <system-out><![CDATA[2022-11-28 15:35:13 - [TEST_CASE][PASSED] - Test Cases/Engine_Scoring/Engine Scoring: Test Cases/Engine_Scoring/Engine Scoring

2022-11-28 15:35:14 - [TEST_STEP][PASSED] - markPassed("Variasi data ke : " + no): Variasi data ke : 10

2022-11-28 15:35:14 - [MESSAGE][PASSED] - Variasi data ke : 10

2022-11-28 15:35:14 - [TEST_STEP][PASSED] - req_data = sendRequest(findTestObject("Search_ME", ["MID":MID, "source":source, "ip":ip, "userid":userid, "branch":branch, "tipekons":tipekons, "marital":marital, "penjamin":penjamin, ... ])): Send request successfully

2022-11-28 15:35:14 - [MESSAGE][INFO] - HAR: D:\DMS\Engine Scoring\Reports\20221128_153400\Exclude KKB - DS - Married\Scoring Married - CS New\20221128_153401\requests\main\18.har

2022-11-28 15:35:14 - [MESSAGE][PASSED] - Send request successfully

2022-11-28 15:35:14 - [TEST_STEP][PASSED] - slurper = new groovy.json.JsonSlurper(): null

2022-11-28 15:35:14 - [TEST_STEP][PASSED] - result = slurper.parseText(req_data.getResponseBodyContent()): null

2022-11-28 15:35:14 - [TEST_STEP][PASSED] - reqid_kons = requestid1: null

2022-11-28 15:35:14 - [TEST_STEP][PASSED] - reqid_spouse = requestid2: null

2022-11-28 15:35:14 - [TEST_STEP][PASSED] - println("requestid kons : " + reqid_kons): null

2022-11-28 15:35:14 - [TEST_STEP][PASSED] - response_searchME_kons = reqid_kons: null

2022-11-28 15:35:14 - [TEST_STEP][PASSED] - response_searchME_spouse = reqid_spouse: null

2022-11-28 15:35:14 - [TEST_STEP][PASSED] - println("kons req id is :" + response_searchME_kons): null

2022-11-28 15:35:14 - [TEST_STEP][PASSED] - println("spouse req id is : " + response_searchME_spouse): null

2022-11-28 15:35:14 - [TEST_STEP][PASSED] - verifyResponseStatusCode(req_data, 200): Verify response status code successfully

2022-11-28 15:35:14 - [MESSAGE][PASSED] - Verify response status code successfully

2022-11-28 15:35:14 - [TEST_STEP][PASSED] - response = req_data.getResponseText(): null

2022-11-28 15:35:14 - [TEST_STEP][PASSED] - logInfo($response): {"status":"Done","data":{"requestid1":"256418","requestid2":"256419"}}

2022-11-28 15:35:14 - [MESSAGE][INFO] - {"status":"Done","data":{"requestid1":"256418","requestid2":"256419"}}

2022-11-28 15:35:14 - [TEST_STEP][PASSED] - delay(5): Delayed 5 second(s)

2022-11-28 15:35:19 - [MESSAGE][PASSED] - Delayed 5 second(s)

2022-11-28 15:35:19 - [TEST_STEP][PASSED] - scoring = sendRequest(findTestObject("EngineScore", ["response_searchME_kons":response_searchME_kons, "response_searchME_spouse":response_searchME_spouse])): Send request successfully

2022-11-28 15:35:19 - [MESSAGE][INFO] - HAR: D:\DMS\Engine Scoring\Reports\20221128_153400\Exclude KKB - DS - Married\Scoring Married - CS New\20221128_153401\requests\main\19.har

2022-11-28 15:35:19 - [MESSAGE][PASSED] - Send request successfully

2022-11-28 15:35:19 - [TEST_STEP][PASSED] - verifyResponseStatusCode(scoring, 200): Verify response status code successfully

2022-11-28 15:35:19 - [MESSAGE][PASSED] - Verify response status code successfully

2022-11-28 15:35:19 - [TEST_STEP][PASSED] - response2 = scoring.getResponseText(): null

2022-11-28 15:35:19 - [TEST_STEP][PASSED] - markPassed("result service data ke : " + no): result service data ke : 10

2022-11-28 15:35:19 - [MESSAGE][PASSED] - result service data ke : 10

2022-11-28 15:35:19 - [TEST_STEP][PASSED] - logInfo($response2): {"result_konsumen":"Approve","result_pasangan":"Approve","Final_result":"Approve","errorMessage":"","status":"Done"}

2022-11-28 15:35:19 - [MESSAGE][INFO] - {"result_konsumen":"Approve","result_pasangan":"Approve","Final_result":"Approve","errorMessage":"","status":"Done"}

2022-11-28 15:35:19 - [TEST_STEP][PASSED] - verifyElementPropertyValue(scoring, "Final_result", final_result): Verify element property value successfully

2022-11-28 15:35:19 - [MESSAGE][PASSED] - Verify element property value successfully]]></system-out>
         <system-err><![CDATA[]]></system-err>
      </testcase>
      <testcase name="Test Cases/Engine_Scoring/Engine Scoring" time="7.265" classname="Test Cases/Engine_Scoring/Engine Scoring" status="PASSED">
         <system-out><![CDATA[2022-11-28 15:35:19 - [TEST_CASE][PASSED] - Test Cases/Engine_Scoring/Engine Scoring: Test Cases/Engine_Scoring/Engine Scoring

2022-11-28 15:35:21 - [TEST_STEP][PASSED] - markPassed("Variasi data ke : " + no): Variasi data ke : 11

2022-11-28 15:35:21 - [MESSAGE][PASSED] - Variasi data ke : 11

2022-11-28 15:35:21 - [TEST_STEP][PASSED] - req_data = sendRequest(findTestObject("Search_ME", ["MID":MID, "source":source, "ip":ip, "userid":userid, "branch":branch, "tipekons":tipekons, "marital":marital, "penjamin":penjamin, ... ])): Send request successfully

2022-11-28 15:35:22 - [MESSAGE][INFO] - HAR: D:\DMS\Engine Scoring\Reports\20221128_153400\Exclude KKB - DS - Married\Scoring Married - CS New\20221128_153401\requests\main\20.har

2022-11-28 15:35:22 - [MESSAGE][PASSED] - Send request successfully

2022-11-28 15:35:22 - [TEST_STEP][PASSED] - slurper = new groovy.json.JsonSlurper(): null

2022-11-28 15:35:22 - [TEST_STEP][PASSED] - result = slurper.parseText(req_data.getResponseBodyContent()): null

2022-11-28 15:35:22 - [TEST_STEP][PASSED] - reqid_kons = requestid1: null

2022-11-28 15:35:22 - [TEST_STEP][PASSED] - reqid_spouse = requestid2: null

2022-11-28 15:35:22 - [TEST_STEP][PASSED] - println("requestid kons : " + reqid_kons): null

2022-11-28 15:35:22 - [TEST_STEP][PASSED] - response_searchME_kons = reqid_kons: null

2022-11-28 15:35:22 - [TEST_STEP][PASSED] - response_searchME_spouse = reqid_spouse: null

2022-11-28 15:35:22 - [TEST_STEP][PASSED] - println("kons req id is :" + response_searchME_kons): null

2022-11-28 15:35:22 - [TEST_STEP][PASSED] - println("spouse req id is : " + response_searchME_spouse): null

2022-11-28 15:35:22 - [TEST_STEP][PASSED] - verifyResponseStatusCode(req_data, 200): Verify response status code successfully

2022-11-28 15:35:22 - [MESSAGE][PASSED] - Verify response status code successfully

2022-11-28 15:35:22 - [TEST_STEP][PASSED] - response = req_data.getResponseText(): null

2022-11-28 15:35:22 - [TEST_STEP][PASSED] - logInfo($response): {"status":"Done","data":{"requestid1":"256420","requestid2":"256421"}}

2022-11-28 15:35:22 - [MESSAGE][INFO] - {"status":"Done","data":{"requestid1":"256420","requestid2":"256421"}}

2022-11-28 15:35:22 - [TEST_STEP][PASSED] - delay(5): Delayed 5 second(s)

2022-11-28 15:35:27 - [MESSAGE][PASSED] - Delayed 5 second(s)

2022-11-28 15:35:27 - [TEST_STEP][PASSED] - scoring = sendRequest(findTestObject("EngineScore", ["response_searchME_kons":response_searchME_kons, "response_searchME_spouse":response_searchME_spouse])): Send request successfully

2022-11-28 15:35:27 - [MESSAGE][INFO] - HAR: D:\DMS\Engine Scoring\Reports\20221128_153400\Exclude KKB - DS - Married\Scoring Married - CS New\20221128_153401\requests\main\21.har

2022-11-28 15:35:27 - [MESSAGE][PASSED] - Send request successfully

2022-11-28 15:35:27 - [TEST_STEP][PASSED] - verifyResponseStatusCode(scoring, 200): Verify response status code successfully

2022-11-28 15:35:27 - [MESSAGE][PASSED] - Verify response status code successfully

2022-11-28 15:35:27 - [TEST_STEP][PASSED] - response2 = scoring.getResponseText(): null

2022-11-28 15:35:27 - [TEST_STEP][PASSED] - markPassed("result service data ke : " + no): result service data ke : 11

2022-11-28 15:35:27 - [MESSAGE][PASSED] - result service data ke : 11

2022-11-28 15:35:27 - [TEST_STEP][PASSED] - logInfo($response2): {"result_konsumen":"Approve","result_pasangan":"Approve","Final_result":"Approve","errorMessage":"","status":"Done"}

2022-11-28 15:35:27 - [MESSAGE][INFO] - {"result_konsumen":"Approve","result_pasangan":"Approve","Final_result":"Approve","errorMessage":"","status":"Done"}

2022-11-28 15:35:27 - [TEST_STEP][PASSED] - verifyElementPropertyValue(scoring, "Final_result", final_result): Verify element property value successfully

2022-11-28 15:35:27 - [MESSAGE][PASSED] - Verify element property value successfully]]></system-out>
         <system-err><![CDATA[]]></system-err>
      </testcase>
      <testcase name="Test Cases/Engine_Scoring/Engine Scoring" time="6.53" classname="Test Cases/Engine_Scoring/Engine Scoring" status="PASSED">
         <system-out><![CDATA[2022-11-28 15:35:27 - [TEST_CASE][PASSED] - Test Cases/Engine_Scoring/Engine Scoring: Test Cases/Engine_Scoring/Engine Scoring

2022-11-28 15:35:27 - [TEST_STEP][PASSED] - markPassed("Variasi data ke : " + no): Variasi data ke : 12

2022-11-28 15:35:27 - [MESSAGE][PASSED] - Variasi data ke : 12

2022-11-28 15:35:27 - [TEST_STEP][PASSED] - req_data = sendRequest(findTestObject("Search_ME", ["MID":MID, "source":source, "ip":ip, "userid":userid, "branch":branch, "tipekons":tipekons, "marital":marital, "penjamin":penjamin, ... ])): Send request successfully

2022-11-28 15:35:28 - [MESSAGE][INFO] - HAR: D:\DMS\Engine Scoring\Reports\20221128_153400\Exclude KKB - DS - Married\Scoring Married - CS New\20221128_153401\requests\main\22.har

2022-11-28 15:35:28 - [MESSAGE][PASSED] - Send request successfully

2022-11-28 15:35:28 - [TEST_STEP][PASSED] - slurper = new groovy.json.JsonSlurper(): null

2022-11-28 15:35:28 - [TEST_STEP][PASSED] - result = slurper.parseText(req_data.getResponseBodyContent()): null

2022-11-28 15:35:28 - [TEST_STEP][PASSED] - reqid_kons = requestid1: null

2022-11-28 15:35:28 - [TEST_STEP][PASSED] - reqid_spouse = requestid2: null

2022-11-28 15:35:28 - [TEST_STEP][PASSED] - println("requestid kons : " + reqid_kons): null

2022-11-28 15:35:28 - [TEST_STEP][PASSED] - response_searchME_kons = reqid_kons: null

2022-11-28 15:35:28 - [TEST_STEP][PASSED] - response_searchME_spouse = reqid_spouse: null

2022-11-28 15:35:28 - [TEST_STEP][PASSED] - println("kons req id is :" + response_searchME_kons): null

2022-11-28 15:35:28 - [TEST_STEP][PASSED] - println("spouse req id is : " + response_searchME_spouse): null

2022-11-28 15:35:28 - [TEST_STEP][PASSED] - verifyResponseStatusCode(req_data, 200): Verify response status code successfully

2022-11-28 15:35:28 - [MESSAGE][PASSED] - Verify response status code successfully

2022-11-28 15:35:28 - [TEST_STEP][PASSED] - response = req_data.getResponseText(): null

2022-11-28 15:35:28 - [TEST_STEP][PASSED] - logInfo($response): {"status":"Done","data":{"requestid1":"256422","requestid2":"256423"}}

2022-11-28 15:35:28 - [MESSAGE][INFO] - {"status":"Done","data":{"requestid1":"256422","requestid2":"256423"}}

2022-11-28 15:35:28 - [TEST_STEP][PASSED] - delay(5): Delayed 5 second(s)

2022-11-28 15:35:33 - [MESSAGE][PASSED] - Delayed 5 second(s)

2022-11-28 15:35:33 - [TEST_STEP][PASSED] - scoring = sendRequest(findTestObject("EngineScore", ["response_searchME_kons":response_searchME_kons, "response_searchME_spouse":response_searchME_spouse])): Send request successfully

2022-11-28 15:35:33 - [MESSAGE][INFO] - HAR: D:\DMS\Engine Scoring\Reports\20221128_153400\Exclude KKB - DS - Married\Scoring Married - CS New\20221128_153401\requests\main\23.har

2022-11-28 15:35:33 - [MESSAGE][PASSED] - Send request successfully

2022-11-28 15:35:33 - [TEST_STEP][PASSED] - verifyResponseStatusCode(scoring, 200): Verify response status code successfully

2022-11-28 15:35:33 - [MESSAGE][PASSED] - Verify response status code successfully

2022-11-28 15:35:33 - [TEST_STEP][PASSED] - response2 = scoring.getResponseText(): null

2022-11-28 15:35:33 - [TEST_STEP][PASSED] - markPassed("result service data ke : " + no): result service data ke : 12

2022-11-28 15:35:33 - [MESSAGE][PASSED] - result service data ke : 12

2022-11-28 15:35:33 - [TEST_STEP][PASSED] - logInfo($response2): {"result_konsumen":"Approve","result_pasangan":"Approve","Final_result":"Approve","errorMessage":"","status":"Done"}

2022-11-28 15:35:33 - [MESSAGE][INFO] - {"result_konsumen":"Approve","result_pasangan":"Approve","Final_result":"Approve","errorMessage":"","status":"Done"}

2022-11-28 15:35:33 - [TEST_STEP][PASSED] - verifyElementPropertyValue(scoring, "Final_result", final_result): Verify element property value successfully

2022-11-28 15:35:33 - [MESSAGE][PASSED] - Verify element property value successfully]]></system-out>
         <system-err><![CDATA[]]></system-err>
      </testcase>
      <testcase name="Test Cases/Engine_Scoring/Engine Scoring" time="6.654" classname="Test Cases/Engine_Scoring/Engine Scoring" status="PASSED">
         <system-out><![CDATA[2022-11-28 15:35:33 - [TEST_CASE][PASSED] - Test Cases/Engine_Scoring/Engine Scoring: Test Cases/Engine_Scoring/Engine Scoring

2022-11-28 15:35:34 - [TEST_STEP][PASSED] - markPassed("Variasi data ke : " + no): Variasi data ke : 13

2022-11-28 15:35:34 - [MESSAGE][PASSED] - Variasi data ke : 13

2022-11-28 15:35:34 - [TEST_STEP][PASSED] - req_data = sendRequest(findTestObject("Search_ME", ["MID":MID, "source":source, "ip":ip, "userid":userid, "branch":branch, "tipekons":tipekons, "marital":marital, "penjamin":penjamin, ... ])): Send request successfully

2022-11-28 15:35:35 - [MESSAGE][INFO] - HAR: D:\DMS\Engine Scoring\Reports\20221128_153400\Exclude KKB - DS - Married\Scoring Married - CS New\20221128_153401\requests\main\24.har

2022-11-28 15:35:35 - [MESSAGE][PASSED] - Send request successfully

2022-11-28 15:35:35 - [TEST_STEP][PASSED] - slurper = new groovy.json.JsonSlurper(): null

2022-11-28 15:35:35 - [TEST_STEP][PASSED] - result = slurper.parseText(req_data.getResponseBodyContent()): null

2022-11-28 15:35:35 - [TEST_STEP][PASSED] - reqid_kons = requestid1: null

2022-11-28 15:35:35 - [TEST_STEP][PASSED] - reqid_spouse = requestid2: null

2022-11-28 15:35:35 - [TEST_STEP][PASSED] - println("requestid kons : " + reqid_kons): null

2022-11-28 15:35:35 - [TEST_STEP][PASSED] - response_searchME_kons = reqid_kons: null

2022-11-28 15:35:35 - [TEST_STEP][PASSED] - response_searchME_spouse = reqid_spouse: null

2022-11-28 15:35:35 - [TEST_STEP][PASSED] - println("kons req id is :" + response_searchME_kons): null

2022-11-28 15:35:35 - [TEST_STEP][PASSED] - println("spouse req id is : " + response_searchME_spouse): null

2022-11-28 15:35:35 - [TEST_STEP][PASSED] - verifyResponseStatusCode(req_data, 200): Verify response status code successfully

2022-11-28 15:35:35 - [MESSAGE][PASSED] - Verify response status code successfully

2022-11-28 15:35:35 - [TEST_STEP][PASSED] - response = req_data.getResponseText(): null

2022-11-28 15:35:35 - [TEST_STEP][PASSED] - logInfo($response): {"status":"Done","data":{"requestid1":"256424","requestid2":"256425"}}

2022-11-28 15:35:35 - [MESSAGE][INFO] - {"status":"Done","data":{"requestid1":"256424","requestid2":"256425"}}

2022-11-28 15:35:35 - [TEST_STEP][PASSED] - delay(5): Delayed 5 second(s)

2022-11-28 15:35:40 - [MESSAGE][PASSED] - Delayed 5 second(s)

2022-11-28 15:35:40 - [TEST_STEP][PASSED] - scoring = sendRequest(findTestObject("EngineScore", ["response_searchME_kons":response_searchME_kons, "response_searchME_spouse":response_searchME_spouse])): Send request successfully

2022-11-28 15:35:40 - [MESSAGE][INFO] - HAR: D:\DMS\Engine Scoring\Reports\20221128_153400\Exclude KKB - DS - Married\Scoring Married - CS New\20221128_153401\requests\main\25.har

2022-11-28 15:35:40 - [MESSAGE][PASSED] - Send request successfully

2022-11-28 15:35:40 - [TEST_STEP][PASSED] - verifyResponseStatusCode(scoring, 200): Verify response status code successfully

2022-11-28 15:35:40 - [MESSAGE][PASSED] - Verify response status code successfully

2022-11-28 15:35:40 - [TEST_STEP][PASSED] - response2 = scoring.getResponseText(): null

2022-11-28 15:35:40 - [TEST_STEP][PASSED] - markPassed("result service data ke : " + no): result service data ke : 13

2022-11-28 15:35:40 - [MESSAGE][PASSED] - result service data ke : 13

2022-11-28 15:35:40 - [TEST_STEP][PASSED] - logInfo($response2): {"result_konsumen":"Approve","result_pasangan":"Approve","Final_result":"Approve","errorMessage":"","status":"Done"}

2022-11-28 15:35:40 - [MESSAGE][INFO] - {"result_konsumen":"Approve","result_pasangan":"Approve","Final_result":"Approve","errorMessage":"","status":"Done"}

2022-11-28 15:35:40 - [TEST_STEP][PASSED] - verifyElementPropertyValue(scoring, "Final_result", final_result): Verify element property value successfully

2022-11-28 15:35:40 - [MESSAGE][PASSED] - Verify element property value successfully]]></system-out>
         <system-err><![CDATA[]]></system-err>
      </testcase>
      <testcase name="Test Cases/Engine_Scoring/Engine Scoring" time="6.562" classname="Test Cases/Engine_Scoring/Engine Scoring" status="PASSED">
         <system-out><![CDATA[2022-11-28 15:35:40 - [TEST_CASE][PASSED] - Test Cases/Engine_Scoring/Engine Scoring: Test Cases/Engine_Scoring/Engine Scoring

2022-11-28 15:35:41 - [TEST_STEP][PASSED] - markPassed("Variasi data ke : " + no): Variasi data ke : 14

2022-11-28 15:35:41 - [MESSAGE][PASSED] - Variasi data ke : 14

2022-11-28 15:35:41 - [TEST_STEP][PASSED] - req_data = sendRequest(findTestObject("Search_ME", ["MID":MID, "source":source, "ip":ip, "userid":userid, "branch":branch, "tipekons":tipekons, "marital":marital, "penjamin":penjamin, ... ])): Send request successfully

2022-11-28 15:35:41 - [MESSAGE][INFO] - HAR: D:\DMS\Engine Scoring\Reports\20221128_153400\Exclude KKB - DS - Married\Scoring Married - CS New\20221128_153401\requests\main\26.har

2022-11-28 15:35:41 - [MESSAGE][PASSED] - Send request successfully

2022-11-28 15:35:41 - [TEST_STEP][PASSED] - slurper = new groovy.json.JsonSlurper(): null

2022-11-28 15:35:41 - [TEST_STEP][PASSED] - result = slurper.parseText(req_data.getResponseBodyContent()): null

2022-11-28 15:35:41 - [TEST_STEP][PASSED] - reqid_kons = requestid1: null

2022-11-28 15:35:41 - [TEST_STEP][PASSED] - reqid_spouse = requestid2: null

2022-11-28 15:35:41 - [TEST_STEP][PASSED] - println("requestid kons : " + reqid_kons): null

2022-11-28 15:35:41 - [TEST_STEP][PASSED] - response_searchME_kons = reqid_kons: null

2022-11-28 15:35:41 - [TEST_STEP][PASSED] - response_searchME_spouse = reqid_spouse: null

2022-11-28 15:35:41 - [TEST_STEP][PASSED] - println("kons req id is :" + response_searchME_kons): null

2022-11-28 15:35:41 - [TEST_STEP][PASSED] - println("spouse req id is : " + response_searchME_spouse): null

2022-11-28 15:35:41 - [TEST_STEP][PASSED] - verifyResponseStatusCode(req_data, 200): Verify response status code successfully

2022-11-28 15:35:41 - [MESSAGE][PASSED] - Verify response status code successfully

2022-11-28 15:35:41 - [TEST_STEP][PASSED] - response = req_data.getResponseText(): null

2022-11-28 15:35:41 - [TEST_STEP][PASSED] - logInfo($response): {"status":"Done","data":{"requestid1":"256426","requestid2":"256427"}}

2022-11-28 15:35:41 - [MESSAGE][INFO] - {"status":"Done","data":{"requestid1":"256426","requestid2":"256427"}}

2022-11-28 15:35:41 - [TEST_STEP][PASSED] - delay(5): Delayed 5 second(s)

2022-11-28 15:35:46 - [MESSAGE][PASSED] - Delayed 5 second(s)

2022-11-28 15:35:46 - [TEST_STEP][PASSED] - scoring = sendRequest(findTestObject("EngineScore", ["response_searchME_kons":response_searchME_kons, "response_searchME_spouse":response_searchME_spouse])): Send request successfully

2022-11-28 15:35:47 - [MESSAGE][INFO] - HAR: D:\DMS\Engine Scoring\Reports\20221128_153400\Exclude KKB - DS - Married\Scoring Married - CS New\20221128_153401\requests\main\27.har

2022-11-28 15:35:47 - [MESSAGE][PASSED] - Send request successfully

2022-11-28 15:35:47 - [TEST_STEP][PASSED] - verifyResponseStatusCode(scoring, 200): Verify response status code successfully

2022-11-28 15:35:47 - [MESSAGE][PASSED] - Verify response status code successfully

2022-11-28 15:35:47 - [TEST_STEP][PASSED] - response2 = scoring.getResponseText(): null

2022-11-28 15:35:47 - [TEST_STEP][PASSED] - markPassed("result service data ke : " + no): result service data ke : 14

2022-11-28 15:35:47 - [MESSAGE][PASSED] - result service data ke : 14

2022-11-28 15:35:47 - [TEST_STEP][PASSED] - logInfo($response2): {"result_konsumen":"Approve","result_pasangan":"Reject","Final_result":"Reject","errorMessage":"","status":"Done"}

2022-11-28 15:35:47 - [MESSAGE][INFO] - {"result_konsumen":"Approve","result_pasangan":"Reject","Final_result":"Reject","errorMessage":"","status":"Done"}

2022-11-28 15:35:47 - [TEST_STEP][PASSED] - verifyElementPropertyValue(scoring, "Final_result", final_result): Verify element property value successfully

2022-11-28 15:35:47 - [MESSAGE][PASSED] - Verify element property value successfully]]></system-out>
         <system-err><![CDATA[]]></system-err>
      </testcase>
      <testcase name="Test Cases/Engine_Scoring/Engine Scoring" time="6.491" classname="Test Cases/Engine_Scoring/Engine Scoring" status="PASSED">
         <system-out><![CDATA[2022-11-28 15:35:47 - [TEST_CASE][PASSED] - Test Cases/Engine_Scoring/Engine Scoring: Test Cases/Engine_Scoring/Engine Scoring

2022-11-28 15:35:47 - [TEST_STEP][PASSED] - markPassed("Variasi data ke : " + no): Variasi data ke : 15

2022-11-28 15:35:47 - [MESSAGE][PASSED] - Variasi data ke : 15

2022-11-28 15:35:47 - [TEST_STEP][PASSED] - req_data = sendRequest(findTestObject("Search_ME", ["MID":MID, "source":source, "ip":ip, "userid":userid, "branch":branch, "tipekons":tipekons, "marital":marital, "penjamin":penjamin, ... ])): Send request successfully

2022-11-28 15:35:48 - [MESSAGE][INFO] - HAR: D:\DMS\Engine Scoring\Reports\20221128_153400\Exclude KKB - DS - Married\Scoring Married - CS New\20221128_153401\requests\main\28.har

2022-11-28 15:35:48 - [MESSAGE][PASSED] - Send request successfully

2022-11-28 15:35:48 - [TEST_STEP][PASSED] - slurper = new groovy.json.JsonSlurper(): null

2022-11-28 15:35:48 - [TEST_STEP][PASSED] - result = slurper.parseText(req_data.getResponseBodyContent()): null

2022-11-28 15:35:48 - [TEST_STEP][PASSED] - reqid_kons = requestid1: null

2022-11-28 15:35:48 - [TEST_STEP][PASSED] - reqid_spouse = requestid2: null

2022-11-28 15:35:48 - [TEST_STEP][PASSED] - println("requestid kons : " + reqid_kons): null

2022-11-28 15:35:48 - [TEST_STEP][PASSED] - response_searchME_kons = reqid_kons: null

2022-11-28 15:35:48 - [TEST_STEP][PASSED] - response_searchME_spouse = reqid_spouse: null

2022-11-28 15:35:48 - [TEST_STEP][PASSED] - println("kons req id is :" + response_searchME_kons): null

2022-11-28 15:35:48 - [TEST_STEP][PASSED] - println("spouse req id is : " + response_searchME_spouse): null

2022-11-28 15:35:48 - [TEST_STEP][PASSED] - verifyResponseStatusCode(req_data, 200): Verify response status code successfully

2022-11-28 15:35:48 - [MESSAGE][PASSED] - Verify response status code successfully

2022-11-28 15:35:48 - [TEST_STEP][PASSED] - response = req_data.getResponseText(): null

2022-11-28 15:35:48 - [TEST_STEP][PASSED] - logInfo($response): {"status":"Done","data":{"requestid1":"256428","requestid2":"256429"}}

2022-11-28 15:35:48 - [MESSAGE][INFO] - {"status":"Done","data":{"requestid1":"256428","requestid2":"256429"}}

2022-11-28 15:35:48 - [TEST_STEP][PASSED] - delay(5): Delayed 5 second(s)

2022-11-28 15:35:53 - [MESSAGE][PASSED] - Delayed 5 second(s)

2022-11-28 15:35:53 - [TEST_STEP][PASSED] - scoring = sendRequest(findTestObject("EngineScore", ["response_searchME_kons":response_searchME_kons, "response_searchME_spouse":response_searchME_spouse])): Send request successfully

2022-11-28 15:35:53 - [MESSAGE][INFO] - HAR: D:\DMS\Engine Scoring\Reports\20221128_153400\Exclude KKB - DS - Married\Scoring Married - CS New\20221128_153401\requests\main\29.har

2022-11-28 15:35:53 - [MESSAGE][PASSED] - Send request successfully

2022-11-28 15:35:53 - [TEST_STEP][PASSED] - verifyResponseStatusCode(scoring, 200): Verify response status code successfully

2022-11-28 15:35:53 - [MESSAGE][PASSED] - Verify response status code successfully

2022-11-28 15:35:53 - [TEST_STEP][PASSED] - response2 = scoring.getResponseText(): null

2022-11-28 15:35:53 - [TEST_STEP][PASSED] - markPassed("result service data ke : " + no): result service data ke : 15

2022-11-28 15:35:53 - [MESSAGE][PASSED] - result service data ke : 15

2022-11-28 15:35:53 - [TEST_STEP][PASSED] - logInfo($response2): {"result_konsumen":"Approve","result_pasangan":"Reject","Final_result":"Reject","errorMessage":"","status":"Done"}

2022-11-28 15:35:53 - [MESSAGE][INFO] - {"result_konsumen":"Approve","result_pasangan":"Reject","Final_result":"Reject","errorMessage":"","status":"Done"}

2022-11-28 15:35:53 - [TEST_STEP][PASSED] - verifyElementPropertyValue(scoring, "Final_result", final_result): Verify element property value successfully

2022-11-28 15:35:53 - [MESSAGE][PASSED] - Verify element property value successfully]]></system-out>
         <system-err><![CDATA[]]></system-err>
      </testcase>
      <testcase name="Test Cases/Engine_Scoring/Engine Scoring" time="6.546" classname="Test Cases/Engine_Scoring/Engine Scoring" status="PASSED">
         <system-out><![CDATA[2022-11-28 15:35:53 - [TEST_CASE][PASSED] - Test Cases/Engine_Scoring/Engine Scoring: Test Cases/Engine_Scoring/Engine Scoring

2022-11-28 15:35:54 - [TEST_STEP][PASSED] - markPassed("Variasi data ke : " + no): Variasi data ke : 16

2022-11-28 15:35:54 - [MESSAGE][PASSED] - Variasi data ke : 16

2022-11-28 15:35:54 - [TEST_STEP][PASSED] - req_data = sendRequest(findTestObject("Search_ME", ["MID":MID, "source":source, "ip":ip, "userid":userid, "branch":branch, "tipekons":tipekons, "marital":marital, "penjamin":penjamin, ... ])): Send request successfully

2022-11-28 15:35:55 - [MESSAGE][INFO] - HAR: D:\DMS\Engine Scoring\Reports\20221128_153400\Exclude KKB - DS - Married\Scoring Married - CS New\20221128_153401\requests\main\30.har

2022-11-28 15:35:55 - [MESSAGE][PASSED] - Send request successfully

2022-11-28 15:35:55 - [TEST_STEP][PASSED] - slurper = new groovy.json.JsonSlurper(): null

2022-11-28 15:35:55 - [TEST_STEP][PASSED] - result = slurper.parseText(req_data.getResponseBodyContent()): null

2022-11-28 15:35:55 - [TEST_STEP][PASSED] - reqid_kons = requestid1: null

2022-11-28 15:35:55 - [TEST_STEP][PASSED] - reqid_spouse = requestid2: null

2022-11-28 15:35:55 - [TEST_STEP][PASSED] - println("requestid kons : " + reqid_kons): null

2022-11-28 15:35:55 - [TEST_STEP][PASSED] - response_searchME_kons = reqid_kons: null

2022-11-28 15:35:55 - [TEST_STEP][PASSED] - response_searchME_spouse = reqid_spouse: null

2022-11-28 15:35:55 - [TEST_STEP][PASSED] - println("kons req id is :" + response_searchME_kons): null

2022-11-28 15:35:55 - [TEST_STEP][PASSED] - println("spouse req id is : " + response_searchME_spouse): null

2022-11-28 15:35:55 - [TEST_STEP][PASSED] - verifyResponseStatusCode(req_data, 200): Verify response status code successfully

2022-11-28 15:35:55 - [MESSAGE][PASSED] - Verify response status code successfully

2022-11-28 15:35:55 - [TEST_STEP][PASSED] - response = req_data.getResponseText(): null

2022-11-28 15:35:55 - [TEST_STEP][PASSED] - logInfo($response): {"status":"Done","data":{"requestid1":"256430","requestid2":"256431"}}

2022-11-28 15:35:55 - [MESSAGE][INFO] - {"status":"Done","data":{"requestid1":"256430","requestid2":"256431"}}

2022-11-28 15:35:55 - [TEST_STEP][PASSED] - delay(5): Delayed 5 second(s)

2022-11-28 15:36:00 - [MESSAGE][PASSED] - Delayed 5 second(s)

2022-11-28 15:36:00 - [TEST_STEP][PASSED] - scoring = sendRequest(findTestObject("EngineScore", ["response_searchME_kons":response_searchME_kons, "response_searchME_spouse":response_searchME_spouse])): Send request successfully

2022-11-28 15:36:00 - [MESSAGE][INFO] - HAR: D:\DMS\Engine Scoring\Reports\20221128_153400\Exclude KKB - DS - Married\Scoring Married - CS New\20221128_153401\requests\main\31.har

2022-11-28 15:36:00 - [MESSAGE][PASSED] - Send request successfully

2022-11-28 15:36:00 - [TEST_STEP][PASSED] - verifyResponseStatusCode(scoring, 200): Verify response status code successfully

2022-11-28 15:36:00 - [MESSAGE][PASSED] - Verify response status code successfully

2022-11-28 15:36:00 - [TEST_STEP][PASSED] - response2 = scoring.getResponseText(): null

2022-11-28 15:36:00 - [TEST_STEP][PASSED] - markPassed("result service data ke : " + no): result service data ke : 16

2022-11-28 15:36:00 - [MESSAGE][PASSED] - result service data ke : 16

2022-11-28 15:36:00 - [TEST_STEP][PASSED] - logInfo($response2): {"result_konsumen":"Approve","result_pasangan":"Reject","Final_result":"Reject","errorMessage":"","status":"Done"}

2022-11-28 15:36:00 - [MESSAGE][INFO] - {"result_konsumen":"Approve","result_pasangan":"Reject","Final_result":"Reject","errorMessage":"","status":"Done"}

2022-11-28 15:36:00 - [TEST_STEP][PASSED] - verifyElementPropertyValue(scoring, "Final_result", final_result): Verify element property value successfully

2022-11-28 15:36:00 - [MESSAGE][PASSED] - Verify element property value successfully]]></system-out>
         <system-err><![CDATA[]]></system-err>
      </testcase>
      <testcase name="Test Cases/Engine_Scoring/Engine Scoring" time="6.51" classname="Test Cases/Engine_Scoring/Engine Scoring" status="PASSED">
         <system-out><![CDATA[2022-11-28 15:36:00 - [TEST_CASE][PASSED] - Test Cases/Engine_Scoring/Engine Scoring: Test Cases/Engine_Scoring/Engine Scoring

2022-11-28 15:36:00 - [TEST_STEP][PASSED] - markPassed("Variasi data ke : " + no): Variasi data ke : 17

2022-11-28 15:36:00 - [MESSAGE][PASSED] - Variasi data ke : 17

2022-11-28 15:36:00 - [TEST_STEP][PASSED] - req_data = sendRequest(findTestObject("Search_ME", ["MID":MID, "source":source, "ip":ip, "userid":userid, "branch":branch, "tipekons":tipekons, "marital":marital, "penjamin":penjamin, ... ])): Send request successfully

2022-11-28 15:36:01 - [MESSAGE][INFO] - HAR: D:\DMS\Engine Scoring\Reports\20221128_153400\Exclude KKB - DS - Married\Scoring Married - CS New\20221128_153401\requests\main\32.har

2022-11-28 15:36:01 - [MESSAGE][PASSED] - Send request successfully

2022-11-28 15:36:01 - [TEST_STEP][PASSED] - slurper = new groovy.json.JsonSlurper(): null

2022-11-28 15:36:01 - [TEST_STEP][PASSED] - result = slurper.parseText(req_data.getResponseBodyContent()): null

2022-11-28 15:36:01 - [TEST_STEP][PASSED] - reqid_kons = requestid1: null

2022-11-28 15:36:01 - [TEST_STEP][PASSED] - reqid_spouse = requestid2: null

2022-11-28 15:36:01 - [TEST_STEP][PASSED] - println("requestid kons : " + reqid_kons): null

2022-11-28 15:36:01 - [TEST_STEP][PASSED] - response_searchME_kons = reqid_kons: null

2022-11-28 15:36:01 - [TEST_STEP][PASSED] - response_searchME_spouse = reqid_spouse: null

2022-11-28 15:36:01 - [TEST_STEP][PASSED] - println("kons req id is :" + response_searchME_kons): null

2022-11-28 15:36:01 - [TEST_STEP][PASSED] - println("spouse req id is : " + response_searchME_spouse): null

2022-11-28 15:36:01 - [TEST_STEP][PASSED] - verifyResponseStatusCode(req_data, 200): Verify response status code successfully

2022-11-28 15:36:01 - [MESSAGE][PASSED] - Verify response status code successfully

2022-11-28 15:36:01 - [TEST_STEP][PASSED] - response = req_data.getResponseText(): null

2022-11-28 15:36:01 - [TEST_STEP][PASSED] - logInfo($response): {"status":"Done","data":{"requestid1":"256432","requestid2":"256433"}}

2022-11-28 15:36:01 - [MESSAGE][INFO] - {"status":"Done","data":{"requestid1":"256432","requestid2":"256433"}}

2022-11-28 15:36:01 - [TEST_STEP][PASSED] - delay(5): Delayed 5 second(s)

2022-11-28 15:36:06 - [MESSAGE][PASSED] - Delayed 5 second(s)

2022-11-28 15:36:06 - [TEST_STEP][PASSED] - scoring = sendRequest(findTestObject("EngineScore", ["response_searchME_kons":response_searchME_kons, "response_searchME_spouse":response_searchME_spouse])): Send request successfully

2022-11-28 15:36:06 - [MESSAGE][INFO] - HAR: D:\DMS\Engine Scoring\Reports\20221128_153400\Exclude KKB - DS - Married\Scoring Married - CS New\20221128_153401\requests\main\33.har

2022-11-28 15:36:06 - [MESSAGE][PASSED] - Send request successfully

2022-11-28 15:36:06 - [TEST_STEP][PASSED] - verifyResponseStatusCode(scoring, 200): Verify response status code successfully

2022-11-28 15:36:06 - [MESSAGE][PASSED] - Verify response status code successfully

2022-11-28 15:36:06 - [TEST_STEP][PASSED] - response2 = scoring.getResponseText(): null

2022-11-28 15:36:06 - [TEST_STEP][PASSED] - markPassed("result service data ke : " + no): result service data ke : 17

2022-11-28 15:36:06 - [MESSAGE][PASSED] - result service data ke : 17

2022-11-28 15:36:06 - [TEST_STEP][PASSED] - logInfo($response2): {"result_konsumen":"Approve","result_pasangan":"Reguler","Final_result":"Approve","errorMessage":"","status":"Done"}

2022-11-28 15:36:06 - [MESSAGE][INFO] - {"result_konsumen":"Approve","result_pasangan":"Reguler","Final_result":"Approve","errorMessage":"","status":"Done"}

2022-11-28 15:36:06 - [TEST_STEP][PASSED] - verifyElementPropertyValue(scoring, "Final_result", final_result): Verify element property value successfully

2022-11-28 15:36:06 - [MESSAGE][PASSED] - Verify element property value successfully]]></system-out>
         <system-err><![CDATA[]]></system-err>
      </testcase>
      <testcase name="Test Cases/Engine_Scoring/Engine Scoring" time="6.468" classname="Test Cases/Engine_Scoring/Engine Scoring" status="PASSED">
         <system-out><![CDATA[2022-11-28 15:36:06 - [TEST_CASE][PASSED] - Test Cases/Engine_Scoring/Engine Scoring: Test Cases/Engine_Scoring/Engine Scoring

2022-11-28 15:36:07 - [TEST_STEP][PASSED] - markPassed("Variasi data ke : " + no): Variasi data ke : 18

2022-11-28 15:36:07 - [MESSAGE][PASSED] - Variasi data ke : 18

2022-11-28 15:36:07 - [TEST_STEP][PASSED] - req_data = sendRequest(findTestObject("Search_ME", ["MID":MID, "source":source, "ip":ip, "userid":userid, "branch":branch, "tipekons":tipekons, "marital":marital, "penjamin":penjamin, ... ])): Send request successfully

2022-11-28 15:36:08 - [MESSAGE][INFO] - HAR: D:\DMS\Engine Scoring\Reports\20221128_153400\Exclude KKB - DS - Married\Scoring Married - CS New\20221128_153401\requests\main\34.har

2022-11-28 15:36:08 - [MESSAGE][PASSED] - Send request successfully

2022-11-28 15:36:08 - [TEST_STEP][PASSED] - slurper = new groovy.json.JsonSlurper(): null

2022-11-28 15:36:08 - [TEST_STEP][PASSED] - result = slurper.parseText(req_data.getResponseBodyContent()): null

2022-11-28 15:36:08 - [TEST_STEP][PASSED] - reqid_kons = requestid1: null

2022-11-28 15:36:08 - [TEST_STEP][PASSED] - reqid_spouse = requestid2: null

2022-11-28 15:36:08 - [TEST_STEP][PASSED] - println("requestid kons : " + reqid_kons): null

2022-11-28 15:36:08 - [TEST_STEP][PASSED] - response_searchME_kons = reqid_kons: null

2022-11-28 15:36:08 - [TEST_STEP][PASSED] - response_searchME_spouse = reqid_spouse: null

2022-11-28 15:36:08 - [TEST_STEP][PASSED] - println("kons req id is :" + response_searchME_kons): null

2022-11-28 15:36:08 - [TEST_STEP][PASSED] - println("spouse req id is : " + response_searchME_spouse): null

2022-11-28 15:36:08 - [TEST_STEP][PASSED] - verifyResponseStatusCode(req_data, 200): Verify response status code successfully

2022-11-28 15:36:08 - [MESSAGE][PASSED] - Verify response status code successfully

2022-11-28 15:36:08 - [TEST_STEP][PASSED] - response = req_data.getResponseText(): null

2022-11-28 15:36:08 - [TEST_STEP][PASSED] - logInfo($response): {"status":"Done","data":{"requestid1":"256434","requestid2":"256435"}}

2022-11-28 15:36:08 - [MESSAGE][INFO] - {"status":"Done","data":{"requestid1":"256434","requestid2":"256435"}}

2022-11-28 15:36:08 - [TEST_STEP][PASSED] - delay(5): Delayed 5 second(s)

2022-11-28 15:36:13 - [MESSAGE][PASSED] - Delayed 5 second(s)

2022-11-28 15:36:13 - [TEST_STEP][PASSED] - scoring = sendRequest(findTestObject("EngineScore", ["response_searchME_kons":response_searchME_kons, "response_searchME_spouse":response_searchME_spouse])): Send request successfully

2022-11-28 15:36:13 - [MESSAGE][INFO] - HAR: D:\DMS\Engine Scoring\Reports\20221128_153400\Exclude KKB - DS - Married\Scoring Married - CS New\20221128_153401\requests\main\35.har

2022-11-28 15:36:13 - [MESSAGE][PASSED] - Send request successfully

2022-11-28 15:36:13 - [TEST_STEP][PASSED] - verifyResponseStatusCode(scoring, 200): Verify response status code successfully

2022-11-28 15:36:13 - [MESSAGE][PASSED] - Verify response status code successfully

2022-11-28 15:36:13 - [TEST_STEP][PASSED] - response2 = scoring.getResponseText(): null

2022-11-28 15:36:13 - [TEST_STEP][PASSED] - markPassed("result service data ke : " + no): result service data ke : 18

2022-11-28 15:36:13 - [MESSAGE][PASSED] - result service data ke : 18

2022-11-28 15:36:13 - [TEST_STEP][PASSED] - logInfo($response2): {"result_konsumen":"Approve","result_pasangan":"Approve","Final_result":"Approve","errorMessage":"","status":"Done"}

2022-11-28 15:36:13 - [MESSAGE][INFO] - {"result_konsumen":"Approve","result_pasangan":"Approve","Final_result":"Approve","errorMessage":"","status":"Done"}

2022-11-28 15:36:13 - [TEST_STEP][PASSED] - verifyElementPropertyValue(scoring, "Final_result", final_result): Verify element property value successfully

2022-11-28 15:36:13 - [MESSAGE][PASSED] - Verify element property value successfully]]></system-out>
         <system-err><![CDATA[]]></system-err>
      </testcase>
      <testcase name="Test Cases/Engine_Scoring/Engine Scoring" time="6.561" classname="Test Cases/Engine_Scoring/Engine Scoring" status="PASSED">
         <system-out><![CDATA[2022-11-28 15:36:13 - [TEST_CASE][PASSED] - Test Cases/Engine_Scoring/Engine Scoring: Test Cases/Engine_Scoring/Engine Scoring

2022-11-28 15:36:14 - [TEST_STEP][PASSED] - markPassed("Variasi data ke : " + no): Variasi data ke : 19

2022-11-28 15:36:14 - [MESSAGE][PASSED] - Variasi data ke : 19

2022-11-28 15:36:14 - [TEST_STEP][PASSED] - req_data = sendRequest(findTestObject("Search_ME", ["MID":MID, "source":source, "ip":ip, "userid":userid, "branch":branch, "tipekons":tipekons, "marital":marital, "penjamin":penjamin, ... ])): Send request successfully

2022-11-28 15:36:14 - [MESSAGE][INFO] - HAR: D:\DMS\Engine Scoring\Reports\20221128_153400\Exclude KKB - DS - Married\Scoring Married - CS New\20221128_153401\requests\main\36.har

2022-11-28 15:36:14 - [MESSAGE][PASSED] - Send request successfully

2022-11-28 15:36:14 - [TEST_STEP][PASSED] - slurper = new groovy.json.JsonSlurper(): null

2022-11-28 15:36:14 - [TEST_STEP][PASSED] - result = slurper.parseText(req_data.getResponseBodyContent()): null

2022-11-28 15:36:14 - [TEST_STEP][PASSED] - reqid_kons = requestid1: null

2022-11-28 15:36:14 - [TEST_STEP][PASSED] - reqid_spouse = requestid2: null

2022-11-28 15:36:14 - [TEST_STEP][PASSED] - println("requestid kons : " + reqid_kons): null

2022-11-28 15:36:14 - [TEST_STEP][PASSED] - response_searchME_kons = reqid_kons: null

2022-11-28 15:36:14 - [TEST_STEP][PASSED] - response_searchME_spouse = reqid_spouse: null

2022-11-28 15:36:14 - [TEST_STEP][PASSED] - println("kons req id is :" + response_searchME_kons): null

2022-11-28 15:36:14 - [TEST_STEP][PASSED] - println("spouse req id is : " + response_searchME_spouse): null

2022-11-28 15:36:14 - [TEST_STEP][PASSED] - verifyResponseStatusCode(req_data, 200): Verify response status code successfully

2022-11-28 15:36:14 - [MESSAGE][PASSED] - Verify response status code successfully

2022-11-28 15:36:14 - [TEST_STEP][PASSED] - response = req_data.getResponseText(): null

2022-11-28 15:36:14 - [TEST_STEP][PASSED] - logInfo($response): {"status":"Done","data":{"requestid1":"256436","requestid2":"256437"}}

2022-11-28 15:36:14 - [MESSAGE][INFO] - {"status":"Done","data":{"requestid1":"256436","requestid2":"256437"}}

2022-11-28 15:36:14 - [TEST_STEP][PASSED] - delay(5): Delayed 5 second(s)

2022-11-28 15:36:19 - [MESSAGE][PASSED] - Delayed 5 second(s)

2022-11-28 15:36:19 - [TEST_STEP][PASSED] - scoring = sendRequest(findTestObject("EngineScore", ["response_searchME_kons":response_searchME_kons, "response_searchME_spouse":response_searchME_spouse])): Send request successfully

2022-11-28 15:36:19 - [MESSAGE][INFO] - HAR: D:\DMS\Engine Scoring\Reports\20221128_153400\Exclude KKB - DS - Married\Scoring Married - CS New\20221128_153401\requests\main\37.har

2022-11-28 15:36:19 - [MESSAGE][PASSED] - Send request successfully

2022-11-28 15:36:19 - [TEST_STEP][PASSED] - verifyResponseStatusCode(scoring, 200): Verify response status code successfully

2022-11-28 15:36:19 - [MESSAGE][PASSED] - Verify response status code successfully

2022-11-28 15:36:19 - [TEST_STEP][PASSED] - response2 = scoring.getResponseText(): null

2022-11-28 15:36:19 - [TEST_STEP][PASSED] - markPassed("result service data ke : " + no): result service data ke : 19

2022-11-28 15:36:19 - [MESSAGE][PASSED] - result service data ke : 19

2022-11-28 15:36:19 - [TEST_STEP][PASSED] - logInfo($response2): {"result_konsumen":"Reject","result_pasangan":"Approve","Final_result":"Reject","errorMessage":"","status":"Done"}

2022-11-28 15:36:19 - [MESSAGE][INFO] - {"result_konsumen":"Reject","result_pasangan":"Approve","Final_result":"Reject","errorMessage":"","status":"Done"}

2022-11-28 15:36:19 - [TEST_STEP][PASSED] - verifyElementPropertyValue(scoring, "Final_result", final_result): Verify element property value successfully

2022-11-28 15:36:19 - [MESSAGE][PASSED] - Verify element property value successfully]]></system-out>
         <system-err><![CDATA[]]></system-err>
      </testcase>
      <testcase name="Test Cases/Engine_Scoring/Engine Scoring" time="6.547" classname="Test Cases/Engine_Scoring/Engine Scoring" status="PASSED">
         <system-out><![CDATA[2022-11-28 15:36:19 - [TEST_CASE][PASSED] - Test Cases/Engine_Scoring/Engine Scoring: Test Cases/Engine_Scoring/Engine Scoring

2022-11-28 15:36:20 - [TEST_STEP][PASSED] - markPassed("Variasi data ke : " + no): Variasi data ke : 20

2022-11-28 15:36:20 - [MESSAGE][PASSED] - Variasi data ke : 20

2022-11-28 15:36:20 - [TEST_STEP][PASSED] - req_data = sendRequest(findTestObject("Search_ME", ["MID":MID, "source":source, "ip":ip, "userid":userid, "branch":branch, "tipekons":tipekons, "marital":marital, "penjamin":penjamin, ... ])): Send request successfully

2022-11-28 15:36:21 - [MESSAGE][INFO] - HAR: D:\DMS\Engine Scoring\Reports\20221128_153400\Exclude KKB - DS - Married\Scoring Married - CS New\20221128_153401\requests\main\38.har

2022-11-28 15:36:21 - [MESSAGE][PASSED] - Send request successfully

2022-11-28 15:36:21 - [TEST_STEP][PASSED] - slurper = new groovy.json.JsonSlurper(): null

2022-11-28 15:36:21 - [TEST_STEP][PASSED] - result = slurper.parseText(req_data.getResponseBodyContent()): null

2022-11-28 15:36:21 - [TEST_STEP][PASSED] - reqid_kons = requestid1: null

2022-11-28 15:36:21 - [TEST_STEP][PASSED] - reqid_spouse = requestid2: null

2022-11-28 15:36:21 - [TEST_STEP][PASSED] - println("requestid kons : " + reqid_kons): null

2022-11-28 15:36:21 - [TEST_STEP][PASSED] - response_searchME_kons = reqid_kons: null

2022-11-28 15:36:21 - [TEST_STEP][PASSED] - response_searchME_spouse = reqid_spouse: null

2022-11-28 15:36:21 - [TEST_STEP][PASSED] - println("kons req id is :" + response_searchME_kons): null

2022-11-28 15:36:21 - [TEST_STEP][PASSED] - println("spouse req id is : " + response_searchME_spouse): null

2022-11-28 15:36:21 - [TEST_STEP][PASSED] - verifyResponseStatusCode(req_data, 200): Verify response status code successfully

2022-11-28 15:36:21 - [MESSAGE][PASSED] - Verify response status code successfully

2022-11-28 15:36:21 - [TEST_STEP][PASSED] - response = req_data.getResponseText(): null

2022-11-28 15:36:21 - [TEST_STEP][PASSED] - logInfo($response): {"status":"Done","data":{"requestid1":"256438","requestid2":"256439"}}

2022-11-28 15:36:21 - [MESSAGE][INFO] - {"status":"Done","data":{"requestid1":"256438","requestid2":"256439"}}

2022-11-28 15:36:21 - [TEST_STEP][PASSED] - delay(5): Delayed 5 second(s)

2022-11-28 15:36:26 - [MESSAGE][PASSED] - Delayed 5 second(s)

2022-11-28 15:36:26 - [TEST_STEP][PASSED] - scoring = sendRequest(findTestObject("EngineScore", ["response_searchME_kons":response_searchME_kons, "response_searchME_spouse":response_searchME_spouse])): Send request successfully

2022-11-28 15:36:26 - [MESSAGE][INFO] - HAR: D:\DMS\Engine Scoring\Reports\20221128_153400\Exclude KKB - DS - Married\Scoring Married - CS New\20221128_153401\requests\main\39.har

2022-11-28 15:36:26 - [MESSAGE][PASSED] - Send request successfully

2022-11-28 15:36:26 - [TEST_STEP][PASSED] - verifyResponseStatusCode(scoring, 200): Verify response status code successfully

2022-11-28 15:36:26 - [MESSAGE][PASSED] - Verify response status code successfully

2022-11-28 15:36:26 - [TEST_STEP][PASSED] - response2 = scoring.getResponseText(): null

2022-11-28 15:36:26 - [TEST_STEP][PASSED] - markPassed("result service data ke : " + no): result service data ke : 20

2022-11-28 15:36:26 - [MESSAGE][PASSED] - result service data ke : 20

2022-11-28 15:36:26 - [TEST_STEP][PASSED] - logInfo($response2): {"result_konsumen":"Reject","result_pasangan":"Approve","Final_result":"Reject","errorMessage":"","status":"Done"}

2022-11-28 15:36:26 - [MESSAGE][INFO] - {"result_konsumen":"Reject","result_pasangan":"Approve","Final_result":"Reject","errorMessage":"","status":"Done"}

2022-11-28 15:36:26 - [TEST_STEP][PASSED] - verifyElementPropertyValue(scoring, "Final_result", final_result): Verify element property value successfully

2022-11-28 15:36:26 - [MESSAGE][PASSED] - Verify element property value successfully]]></system-out>
         <system-err><![CDATA[]]></system-err>
      </testcase>
      <testcase name="Test Cases/Engine_Scoring/Engine Scoring" time="6.522" classname="Test Cases/Engine_Scoring/Engine Scoring" status="PASSED">
         <system-out><![CDATA[2022-11-28 15:36:26 - [TEST_CASE][PASSED] - Test Cases/Engine_Scoring/Engine Scoring: Test Cases/Engine_Scoring/Engine Scoring

2022-11-28 15:36:27 - [TEST_STEP][PASSED] - markPassed("Variasi data ke : " + no): Variasi data ke : 21

2022-11-28 15:36:27 - [MESSAGE][PASSED] - Variasi data ke : 21

2022-11-28 15:36:27 - [TEST_STEP][PASSED] - req_data = sendRequest(findTestObject("Search_ME", ["MID":MID, "source":source, "ip":ip, "userid":userid, "branch":branch, "tipekons":tipekons, "marital":marital, "penjamin":penjamin, ... ])): Send request successfully

2022-11-28 15:36:27 - [MESSAGE][INFO] - HAR: D:\DMS\Engine Scoring\Reports\20221128_153400\Exclude KKB - DS - Married\Scoring Married - CS New\20221128_153401\requests\main\40.har

2022-11-28 15:36:27 - [MESSAGE][PASSED] - Send request successfully

2022-11-28 15:36:27 - [TEST_STEP][PASSED] - slurper = new groovy.json.JsonSlurper(): null

2022-11-28 15:36:27 - [TEST_STEP][PASSED] - result = slurper.parseText(req_data.getResponseBodyContent()): null

2022-11-28 15:36:27 - [TEST_STEP][PASSED] - reqid_kons = requestid1: null

2022-11-28 15:36:27 - [TEST_STEP][PASSED] - reqid_spouse = requestid2: null

2022-11-28 15:36:27 - [TEST_STEP][PASSED] - println("requestid kons : " + reqid_kons): null

2022-11-28 15:36:27 - [TEST_STEP][PASSED] - response_searchME_kons = reqid_kons: null

2022-11-28 15:36:27 - [TEST_STEP][PASSED] - response_searchME_spouse = reqid_spouse: null

2022-11-28 15:36:27 - [TEST_STEP][PASSED] - println("kons req id is :" + response_searchME_kons): null

2022-11-28 15:36:27 - [TEST_STEP][PASSED] - println("spouse req id is : " + response_searchME_spouse): null

2022-11-28 15:36:27 - [TEST_STEP][PASSED] - verifyResponseStatusCode(req_data, 200): Verify response status code successfully

2022-11-28 15:36:27 - [MESSAGE][PASSED] - Verify response status code successfully

2022-11-28 15:36:27 - [TEST_STEP][PASSED] - response = req_data.getResponseText(): null

2022-11-28 15:36:27 - [TEST_STEP][PASSED] - logInfo($response): {"status":"Done","data":{"requestid1":"256440","requestid2":"256441"}}

2022-11-28 15:36:27 - [MESSAGE][INFO] - {"status":"Done","data":{"requestid1":"256440","requestid2":"256441"}}

2022-11-28 15:36:27 - [TEST_STEP][PASSED] - delay(5): Delayed 5 second(s)

2022-11-28 15:36:32 - [MESSAGE][PASSED] - Delayed 5 second(s)

2022-11-28 15:36:32 - [TEST_STEP][PASSED] - scoring = sendRequest(findTestObject("EngineScore", ["response_searchME_kons":response_searchME_kons, "response_searchME_spouse":response_searchME_spouse])): Send request successfully

2022-11-28 15:36:33 - [MESSAGE][INFO] - HAR: D:\DMS\Engine Scoring\Reports\20221128_153400\Exclude KKB - DS - Married\Scoring Married - CS New\20221128_153401\requests\main\41.har

2022-11-28 15:36:33 - [MESSAGE][PASSED] - Send request successfully

2022-11-28 15:36:33 - [TEST_STEP][PASSED] - verifyResponseStatusCode(scoring, 200): Verify response status code successfully

2022-11-28 15:36:33 - [MESSAGE][PASSED] - Verify response status code successfully

2022-11-28 15:36:33 - [TEST_STEP][PASSED] - response2 = scoring.getResponseText(): null

2022-11-28 15:36:33 - [TEST_STEP][PASSED] - markPassed("result service data ke : " + no): result service data ke : 21

2022-11-28 15:36:33 - [MESSAGE][PASSED] - result service data ke : 21

2022-11-28 15:36:33 - [TEST_STEP][PASSED] - logInfo($response2): {"result_konsumen":"Reject","result_pasangan":"Approve","Final_result":"Reject","errorMessage":"","status":"Done"}

2022-11-28 15:36:33 - [MESSAGE][INFO] - {"result_konsumen":"Reject","result_pasangan":"Approve","Final_result":"Reject","errorMessage":"","status":"Done"}

2022-11-28 15:36:33 - [TEST_STEP][PASSED] - verifyElementPropertyValue(scoring, "Final_result", final_result): Verify element property value successfully

2022-11-28 15:36:33 - [MESSAGE][PASSED] - Verify element property value successfully]]></system-out>
         <system-err><![CDATA[]]></system-err>
      </testcase>
      <testcase name="Test Cases/Engine_Scoring/Engine Scoring" time="6.625" classname="Test Cases/Engine_Scoring/Engine Scoring" status="PASSED">
         <system-out><![CDATA[2022-11-28 15:36:33 - [TEST_CASE][PASSED] - Test Cases/Engine_Scoring/Engine Scoring: Test Cases/Engine_Scoring/Engine Scoring

2022-11-28 15:36:33 - [TEST_STEP][PASSED] - markPassed("Variasi data ke : " + no): Variasi data ke : 22

2022-11-28 15:36:33 - [MESSAGE][PASSED] - Variasi data ke : 22

2022-11-28 15:36:33 - [TEST_STEP][PASSED] - req_data = sendRequest(findTestObject("Search_ME", ["MID":MID, "source":source, "ip":ip, "userid":userid, "branch":branch, "tipekons":tipekons, "marital":marital, "penjamin":penjamin, ... ])): Send request successfully

2022-11-28 15:36:34 - [MESSAGE][INFO] - HAR: D:\DMS\Engine Scoring\Reports\20221128_153400\Exclude KKB - DS - Married\Scoring Married - CS New\20221128_153401\requests\main\42.har

2022-11-28 15:36:34 - [MESSAGE][PASSED] - Send request successfully

2022-11-28 15:36:34 - [TEST_STEP][PASSED] - slurper = new groovy.json.JsonSlurper(): null

2022-11-28 15:36:34 - [TEST_STEP][PASSED] - result = slurper.parseText(req_data.getResponseBodyContent()): null

2022-11-28 15:36:34 - [TEST_STEP][PASSED] - reqid_kons = requestid1: null

2022-11-28 15:36:34 - [TEST_STEP][PASSED] - reqid_spouse = requestid2: null

2022-11-28 15:36:34 - [TEST_STEP][PASSED] - println("requestid kons : " + reqid_kons): null

2022-11-28 15:36:34 - [TEST_STEP][PASSED] - response_searchME_kons = reqid_kons: null

2022-11-28 15:36:34 - [TEST_STEP][PASSED] - response_searchME_spouse = reqid_spouse: null

2022-11-28 15:36:34 - [TEST_STEP][PASSED] - println("kons req id is :" + response_searchME_kons): null

2022-11-28 15:36:34 - [TEST_STEP][PASSED] - println("spouse req id is : " + response_searchME_spouse): null

2022-11-28 15:36:34 - [TEST_STEP][PASSED] - verifyResponseStatusCode(req_data, 200): Verify response status code successfully

2022-11-28 15:36:34 - [MESSAGE][PASSED] - Verify response status code successfully

2022-11-28 15:36:34 - [TEST_STEP][PASSED] - response = req_data.getResponseText(): null

2022-11-28 15:36:34 - [TEST_STEP][PASSED] - logInfo($response): {"status":"Done","data":{"requestid1":"256442","requestid2":"256443"}}

2022-11-28 15:36:34 - [MESSAGE][INFO] - {"status":"Done","data":{"requestid1":"256442","requestid2":"256443"}}

2022-11-28 15:36:34 - [TEST_STEP][PASSED] - delay(5): Delayed 5 second(s)

2022-11-28 15:36:39 - [MESSAGE][PASSED] - Delayed 5 second(s)

2022-11-28 15:36:39 - [TEST_STEP][PASSED] - scoring = sendRequest(findTestObject("EngineScore", ["response_searchME_kons":response_searchME_kons, "response_searchME_spouse":response_searchME_spouse])): Send request successfully

2022-11-28 15:36:39 - [MESSAGE][INFO] - HAR: D:\DMS\Engine Scoring\Reports\20221128_153400\Exclude KKB - DS - Married\Scoring Married - CS New\20221128_153401\requests\main\43.har

2022-11-28 15:36:39 - [MESSAGE][PASSED] - Send request successfully

2022-11-28 15:36:39 - [TEST_STEP][PASSED] - verifyResponseStatusCode(scoring, 200): Verify response status code successfully

2022-11-28 15:36:39 - [MESSAGE][PASSED] - Verify response status code successfully

2022-11-28 15:36:39 - [TEST_STEP][PASSED] - response2 = scoring.getResponseText(): null

2022-11-28 15:36:39 - [TEST_STEP][PASSED] - markPassed("result service data ke : " + no): result service data ke : 22

2022-11-28 15:36:39 - [MESSAGE][PASSED] - result service data ke : 22

2022-11-28 15:36:39 - [TEST_STEP][PASSED] - logInfo($response2): {"result_konsumen":"Reject","result_pasangan":"Approve","Final_result":"Reject","errorMessage":"","status":"Done"}

2022-11-28 15:36:39 - [MESSAGE][INFO] - {"result_konsumen":"Reject","result_pasangan":"Approve","Final_result":"Reject","errorMessage":"","status":"Done"}

2022-11-28 15:36:39 - [TEST_STEP][PASSED] - verifyElementPropertyValue(scoring, "Final_result", final_result): Verify element property value successfully

2022-11-28 15:36:39 - [MESSAGE][PASSED] - Verify element property value successfully]]></system-out>
         <system-err><![CDATA[]]></system-err>
      </testcase>
      <testcase name="Test Cases/Engine_Scoring/Engine Scoring" time="6.497" classname="Test Cases/Engine_Scoring/Engine Scoring" status="PASSED">
         <system-out><![CDATA[2022-11-28 15:36:39 - [TEST_CASE][PASSED] - Test Cases/Engine_Scoring/Engine Scoring: Test Cases/Engine_Scoring/Engine Scoring

2022-11-28 15:36:40 - [TEST_STEP][PASSED] - markPassed("Variasi data ke : " + no): Variasi data ke : 23

2022-11-28 15:36:40 - [MESSAGE][PASSED] - Variasi data ke : 23

2022-11-28 15:36:40 - [TEST_STEP][PASSED] - req_data = sendRequest(findTestObject("Search_ME", ["MID":MID, "source":source, "ip":ip, "userid":userid, "branch":branch, "tipekons":tipekons, "marital":marital, "penjamin":penjamin, ... ])): Send request successfully

2022-11-28 15:36:41 - [MESSAGE][INFO] - HAR: D:\DMS\Engine Scoring\Reports\20221128_153400\Exclude KKB - DS - Married\Scoring Married - CS New\20221128_153401\requests\main\44.har

2022-11-28 15:36:41 - [MESSAGE][PASSED] - Send request successfully

2022-11-28 15:36:41 - [TEST_STEP][PASSED] - slurper = new groovy.json.JsonSlurper(): null

2022-11-28 15:36:41 - [TEST_STEP][PASSED] - result = slurper.parseText(req_data.getResponseBodyContent()): null

2022-11-28 15:36:41 - [TEST_STEP][PASSED] - reqid_kons = requestid1: null

2022-11-28 15:36:41 - [TEST_STEP][PASSED] - reqid_spouse = requestid2: null

2022-11-28 15:36:41 - [TEST_STEP][PASSED] - println("requestid kons : " + reqid_kons): null

2022-11-28 15:36:41 - [TEST_STEP][PASSED] - response_searchME_kons = reqid_kons: null

2022-11-28 15:36:41 - [TEST_STEP][PASSED] - response_searchME_spouse = reqid_spouse: null

2022-11-28 15:36:41 - [TEST_STEP][PASSED] - println("kons req id is :" + response_searchME_kons): null

2022-11-28 15:36:41 - [TEST_STEP][PASSED] - println("spouse req id is : " + response_searchME_spouse): null

2022-11-28 15:36:41 - [TEST_STEP][PASSED] - verifyResponseStatusCode(req_data, 200): Verify response status code successfully

2022-11-28 15:36:41 - [MESSAGE][PASSED] - Verify response status code successfully

2022-11-28 15:36:41 - [TEST_STEP][PASSED] - response = req_data.getResponseText(): null

2022-11-28 15:36:41 - [TEST_STEP][PASSED] - logInfo($response): {"status":"Done","data":{"requestid1":"256444","requestid2":"256445"}}

2022-11-28 15:36:41 - [MESSAGE][INFO] - {"status":"Done","data":{"requestid1":"256444","requestid2":"256445"}}

2022-11-28 15:36:41 - [TEST_STEP][PASSED] - delay(5): Delayed 5 second(s)

2022-11-28 15:36:46 - [MESSAGE][PASSED] - Delayed 5 second(s)

2022-11-28 15:36:46 - [TEST_STEP][PASSED] - scoring = sendRequest(findTestObject("EngineScore", ["response_searchME_kons":response_searchME_kons, "response_searchME_spouse":response_searchME_spouse])): Send request successfully

2022-11-28 15:36:46 - [MESSAGE][INFO] - HAR: D:\DMS\Engine Scoring\Reports\20221128_153400\Exclude KKB - DS - Married\Scoring Married - CS New\20221128_153401\requests\main\45.har

2022-11-28 15:36:46 - [MESSAGE][PASSED] - Send request successfully

2022-11-28 15:36:46 - [TEST_STEP][PASSED] - verifyResponseStatusCode(scoring, 200): Verify response status code successfully

2022-11-28 15:36:46 - [MESSAGE][PASSED] - Verify response status code successfully

2022-11-28 15:36:46 - [TEST_STEP][PASSED] - response2 = scoring.getResponseText(): null

2022-11-28 15:36:46 - [TEST_STEP][PASSED] - markPassed("result service data ke : " + no): result service data ke : 23

2022-11-28 15:36:46 - [MESSAGE][PASSED] - result service data ke : 23

2022-11-28 15:36:46 - [TEST_STEP][PASSED] - logInfo($response2): {"result_konsumen":"Reject","result_pasangan":"Reject","Final_result":"Reject","errorMessage":"","status":"Done"}

2022-11-28 15:36:46 - [MESSAGE][INFO] - {"result_konsumen":"Reject","result_pasangan":"Reject","Final_result":"Reject","errorMessage":"","status":"Done"}

2022-11-28 15:36:46 - [TEST_STEP][PASSED] - verifyElementPropertyValue(scoring, "Final_result", final_result): Verify element property value successfully

2022-11-28 15:36:46 - [MESSAGE][PASSED] - Verify element property value successfully]]></system-out>
         <system-err><![CDATA[]]></system-err>
      </testcase>
      <testcase name="Test Cases/Engine_Scoring/Engine Scoring" time="6.52" classname="Test Cases/Engine_Scoring/Engine Scoring" status="PASSED">
         <system-out><![CDATA[2022-11-28 15:36:46 - [TEST_CASE][PASSED] - Test Cases/Engine_Scoring/Engine Scoring: Test Cases/Engine_Scoring/Engine Scoring

2022-11-28 15:36:47 - [TEST_STEP][PASSED] - markPassed("Variasi data ke : " + no): Variasi data ke : 24

2022-11-28 15:36:47 - [MESSAGE][PASSED] - Variasi data ke : 24

2022-11-28 15:36:47 - [TEST_STEP][PASSED] - req_data = sendRequest(findTestObject("Search_ME", ["MID":MID, "source":source, "ip":ip, "userid":userid, "branch":branch, "tipekons":tipekons, "marital":marital, "penjamin":penjamin, ... ])): Send request successfully

2022-11-28 15:36:47 - [MESSAGE][INFO] - HAR: D:\DMS\Engine Scoring\Reports\20221128_153400\Exclude KKB - DS - Married\Scoring Married - CS New\20221128_153401\requests\main\46.har

2022-11-28 15:36:47 - [MESSAGE][PASSED] - Send request successfully

2022-11-28 15:36:47 - [TEST_STEP][PASSED] - slurper = new groovy.json.JsonSlurper(): null

2022-11-28 15:36:47 - [TEST_STEP][PASSED] - result = slurper.parseText(req_data.getResponseBodyContent()): null

2022-11-28 15:36:47 - [TEST_STEP][PASSED] - reqid_kons = requestid1: null

2022-11-28 15:36:47 - [TEST_STEP][PASSED] - reqid_spouse = requestid2: null

2022-11-28 15:36:47 - [TEST_STEP][PASSED] - println("requestid kons : " + reqid_kons): null

2022-11-28 15:36:47 - [TEST_STEP][PASSED] - response_searchME_kons = reqid_kons: null

2022-11-28 15:36:47 - [TEST_STEP][PASSED] - response_searchME_spouse = reqid_spouse: null

2022-11-28 15:36:47 - [TEST_STEP][PASSED] - println("kons req id is :" + response_searchME_kons): null

2022-11-28 15:36:47 - [TEST_STEP][PASSED] - println("spouse req id is : " + response_searchME_spouse): null

2022-11-28 15:36:47 - [TEST_STEP][PASSED] - verifyResponseStatusCode(req_data, 200): Verify response status code successfully

2022-11-28 15:36:47 - [MESSAGE][PASSED] - Verify response status code successfully

2022-11-28 15:36:47 - [TEST_STEP][PASSED] - response = req_data.getResponseText(): null

2022-11-28 15:36:47 - [TEST_STEP][PASSED] - logInfo($response): {"status":"Done","data":{"requestid1":"256446","requestid2":"256447"}}

2022-11-28 15:36:47 - [MESSAGE][INFO] - {"status":"Done","data":{"requestid1":"256446","requestid2":"256447"}}

2022-11-28 15:36:47 - [TEST_STEP][PASSED] - delay(5): Delayed 5 second(s)

2022-11-28 15:36:52 - [MESSAGE][PASSED] - Delayed 5 second(s)

2022-11-28 15:36:52 - [TEST_STEP][PASSED] - scoring = sendRequest(findTestObject("EngineScore", ["response_searchME_kons":response_searchME_kons, "response_searchME_spouse":response_searchME_spouse])): Send request successfully

2022-11-28 15:36:52 - [MESSAGE][INFO] - HAR: D:\DMS\Engine Scoring\Reports\20221128_153400\Exclude KKB - DS - Married\Scoring Married - CS New\20221128_153401\requests\main\47.har

2022-11-28 15:36:52 - [MESSAGE][PASSED] - Send request successfully

2022-11-28 15:36:52 - [TEST_STEP][PASSED] - verifyResponseStatusCode(scoring, 200): Verify response status code successfully

2022-11-28 15:36:52 - [MESSAGE][PASSED] - Verify response status code successfully

2022-11-28 15:36:52 - [TEST_STEP][PASSED] - response2 = scoring.getResponseText(): null

2022-11-28 15:36:52 - [TEST_STEP][PASSED] - markPassed("result service data ke : " + no): result service data ke : 24

2022-11-28 15:36:52 - [MESSAGE][PASSED] - result service data ke : 24

2022-11-28 15:36:52 - [TEST_STEP][PASSED] - logInfo($response2): {"result_konsumen":"Reject","result_pasangan":"Reject","Final_result":"Reject","errorMessage":"","status":"Done"}

2022-11-28 15:36:52 - [MESSAGE][INFO] - {"result_konsumen":"Reject","result_pasangan":"Reject","Final_result":"Reject","errorMessage":"","status":"Done"}

2022-11-28 15:36:52 - [TEST_STEP][PASSED] - verifyElementPropertyValue(scoring, "Final_result", final_result): Verify element property value successfully

2022-11-28 15:36:52 - [MESSAGE][PASSED] - Verify element property value successfully]]></system-out>
         <system-err><![CDATA[]]></system-err>
      </testcase>
      <testcase name="Test Cases/Engine_Scoring/Engine Scoring" time="7.562" classname="Test Cases/Engine_Scoring/Engine Scoring" status="PASSED">
         <system-out><![CDATA[2022-11-28 15:36:52 - [TEST_CASE][PASSED] - Test Cases/Engine_Scoring/Engine Scoring: Test Cases/Engine_Scoring/Engine Scoring

2022-11-28 15:36:54 - [TEST_STEP][PASSED] - markPassed("Variasi data ke : " + no): Variasi data ke : 25

2022-11-28 15:36:54 - [MESSAGE][PASSED] - Variasi data ke : 25

2022-11-28 15:36:54 - [TEST_STEP][PASSED] - req_data = sendRequest(findTestObject("Search_ME", ["MID":MID, "source":source, "ip":ip, "userid":userid, "branch":branch, "tipekons":tipekons, "marital":marital, "penjamin":penjamin, ... ])): Send request successfully

2022-11-28 15:36:55 - [MESSAGE][INFO] - HAR: D:\DMS\Engine Scoring\Reports\20221128_153400\Exclude KKB - DS - Married\Scoring Married - CS New\20221128_153401\requests\main\48.har

2022-11-28 15:36:55 - [MESSAGE][PASSED] - Send request successfully

2022-11-28 15:36:55 - [TEST_STEP][PASSED] - slurper = new groovy.json.JsonSlurper(): null

2022-11-28 15:36:55 - [TEST_STEP][PASSED] - result = slurper.parseText(req_data.getResponseBodyContent()): null

2022-11-28 15:36:55 - [TEST_STEP][PASSED] - reqid_kons = requestid1: null

2022-11-28 15:36:55 - [TEST_STEP][PASSED] - reqid_spouse = requestid2: null

2022-11-28 15:36:55 - [TEST_STEP][PASSED] - println("requestid kons : " + reqid_kons): null

2022-11-28 15:36:55 - [TEST_STEP][PASSED] - response_searchME_kons = reqid_kons: null

2022-11-28 15:36:55 - [TEST_STEP][PASSED] - response_searchME_spouse = reqid_spouse: null

2022-11-28 15:36:55 - [TEST_STEP][PASSED] - println("kons req id is :" + response_searchME_kons): null

2022-11-28 15:36:55 - [TEST_STEP][PASSED] - println("spouse req id is : " + response_searchME_spouse): null

2022-11-28 15:36:55 - [TEST_STEP][PASSED] - verifyResponseStatusCode(req_data, 200): Verify response status code successfully

2022-11-28 15:36:55 - [MESSAGE][PASSED] - Verify response status code successfully

2022-11-28 15:36:55 - [TEST_STEP][PASSED] - response = req_data.getResponseText(): null

2022-11-28 15:36:55 - [TEST_STEP][PASSED] - logInfo($response): {"status":"Done","data":{"requestid1":"256448","requestid2":"256449"}}

2022-11-28 15:36:55 - [MESSAGE][INFO] - {"status":"Done","data":{"requestid1":"256448","requestid2":"256449"}}

2022-11-28 15:36:55 - [TEST_STEP][PASSED] - delay(5): Delayed 5 second(s)

2022-11-28 15:37:00 - [MESSAGE][PASSED] - Delayed 5 second(s)

2022-11-28 15:37:00 - [TEST_STEP][PASSED] - scoring = sendRequest(findTestObject("EngineScore", ["response_searchME_kons":response_searchME_kons, "response_searchME_spouse":response_searchME_spouse])): Send request successfully

2022-11-28 15:37:00 - [MESSAGE][INFO] - HAR: D:\DMS\Engine Scoring\Reports\20221128_153400\Exclude KKB - DS - Married\Scoring Married - CS New\20221128_153401\requests\main\49.har

2022-11-28 15:37:00 - [MESSAGE][PASSED] - Send request successfully

2022-11-28 15:37:00 - [TEST_STEP][PASSED] - verifyResponseStatusCode(scoring, 200): Verify response status code successfully

2022-11-28 15:37:00 - [MESSAGE][PASSED] - Verify response status code successfully

2022-11-28 15:37:00 - [TEST_STEP][PASSED] - response2 = scoring.getResponseText(): null

2022-11-28 15:37:00 - [TEST_STEP][PASSED] - markPassed("result service data ke : " + no): result service data ke : 25

2022-11-28 15:37:00 - [MESSAGE][PASSED] - result service data ke : 25

2022-11-28 15:37:00 - [TEST_STEP][PASSED] - logInfo($response2): {"result_konsumen":"Reject","result_pasangan":"Reject","Final_result":"Reject","errorMessage":"","status":"Done"}

2022-11-28 15:37:00 - [MESSAGE][INFO] - {"result_konsumen":"Reject","result_pasangan":"Reject","Final_result":"Reject","errorMessage":"","status":"Done"}

2022-11-28 15:37:00 - [TEST_STEP][PASSED] - verifyElementPropertyValue(scoring, "Final_result", final_result): Verify element property value successfully

2022-11-28 15:37:00 - [MESSAGE][PASSED] - Verify element property value successfully]]></system-out>
         <system-err><![CDATA[]]></system-err>
      </testcase>
      <testcase name="Test Cases/Engine_Scoring/Engine Scoring" time="6.477" classname="Test Cases/Engine_Scoring/Engine Scoring" status="PASSED">
         <system-out><![CDATA[2022-11-28 15:37:00 - [TEST_CASE][PASSED] - Test Cases/Engine_Scoring/Engine Scoring: Test Cases/Engine_Scoring/Engine Scoring

2022-11-28 15:37:01 - [TEST_STEP][PASSED] - markPassed("Variasi data ke : " + no): Variasi data ke : 26

2022-11-28 15:37:01 - [MESSAGE][PASSED] - Variasi data ke : 26

2022-11-28 15:37:01 - [TEST_STEP][PASSED] - req_data = sendRequest(findTestObject("Search_ME", ["MID":MID, "source":source, "ip":ip, "userid":userid, "branch":branch, "tipekons":tipekons, "marital":marital, "penjamin":penjamin, ... ])): Send request successfully

2022-11-28 15:37:01 - [MESSAGE][INFO] - HAR: D:\DMS\Engine Scoring\Reports\20221128_153400\Exclude KKB - DS - Married\Scoring Married - CS New\20221128_153401\requests\main\50.har

2022-11-28 15:37:01 - [MESSAGE][PASSED] - Send request successfully

2022-11-28 15:37:01 - [TEST_STEP][PASSED] - slurper = new groovy.json.JsonSlurper(): null

2022-11-28 15:37:01 - [TEST_STEP][PASSED] - result = slurper.parseText(req_data.getResponseBodyContent()): null

2022-11-28 15:37:01 - [TEST_STEP][PASSED] - reqid_kons = requestid1: null

2022-11-28 15:37:01 - [TEST_STEP][PASSED] - reqid_spouse = requestid2: null

2022-11-28 15:37:01 - [TEST_STEP][PASSED] - println("requestid kons : " + reqid_kons): null

2022-11-28 15:37:01 - [TEST_STEP][PASSED] - response_searchME_kons = reqid_kons: null

2022-11-28 15:37:01 - [TEST_STEP][PASSED] - response_searchME_spouse = reqid_spouse: null

2022-11-28 15:37:01 - [TEST_STEP][PASSED] - println("kons req id is :" + response_searchME_kons): null

2022-11-28 15:37:01 - [TEST_STEP][PASSED] - println("spouse req id is : " + response_searchME_spouse): null

2022-11-28 15:37:01 - [TEST_STEP][PASSED] - verifyResponseStatusCode(req_data, 200): Verify response status code successfully

2022-11-28 15:37:01 - [MESSAGE][PASSED] - Verify response status code successfully

2022-11-28 15:37:01 - [TEST_STEP][PASSED] - response = req_data.getResponseText(): null

2022-11-28 15:37:01 - [TEST_STEP][PASSED] - logInfo($response): {"status":"Done","data":{"requestid1":"256450","requestid2":"256451"}}

2022-11-28 15:37:01 - [MESSAGE][INFO] - {"status":"Done","data":{"requestid1":"256450","requestid2":"256451"}}

2022-11-28 15:37:01 - [TEST_STEP][PASSED] - delay(5): Delayed 5 second(s)

2022-11-28 15:37:06 - [MESSAGE][PASSED] - Delayed 5 second(s)

2022-11-28 15:37:06 - [TEST_STEP][PASSED] - scoring = sendRequest(findTestObject("EngineScore", ["response_searchME_kons":response_searchME_kons, "response_searchME_spouse":response_searchME_spouse])): Send request successfully

2022-11-28 15:37:07 - [MESSAGE][INFO] - HAR: D:\DMS\Engine Scoring\Reports\20221128_153400\Exclude KKB - DS - Married\Scoring Married - CS New\20221128_153401\requests\main\51.har

2022-11-28 15:37:07 - [MESSAGE][PASSED] - Send request successfully

2022-11-28 15:37:07 - [TEST_STEP][PASSED] - verifyResponseStatusCode(scoring, 200): Verify response status code successfully

2022-11-28 15:37:07 - [MESSAGE][PASSED] - Verify response status code successfully

2022-11-28 15:37:07 - [TEST_STEP][PASSED] - response2 = scoring.getResponseText(): null

2022-11-28 15:37:07 - [TEST_STEP][PASSED] - markPassed("result service data ke : " + no): result service data ke : 26

2022-11-28 15:37:07 - [MESSAGE][PASSED] - result service data ke : 26

2022-11-28 15:37:07 - [TEST_STEP][PASSED] - logInfo($response2): {"result_konsumen":"Reject","result_pasangan":"Reguler","Final_result":"Reject","errorMessage":"","status":"Done"}

2022-11-28 15:37:07 - [MESSAGE][INFO] - {"result_konsumen":"Reject","result_pasangan":"Reguler","Final_result":"Reject","errorMessage":"","status":"Done"}

2022-11-28 15:37:07 - [TEST_STEP][PASSED] - verifyElementPropertyValue(scoring, "Final_result", final_result): Verify element property value successfully

2022-11-28 15:37:07 - [MESSAGE][PASSED] - Verify element property value successfully]]></system-out>
         <system-err><![CDATA[]]></system-err>
      </testcase>
      <testcase name="Test Cases/Engine_Scoring/Engine Scoring" time="6.457" classname="Test Cases/Engine_Scoring/Engine Scoring" status="PASSED">
         <system-out><![CDATA[2022-11-28 15:37:07 - [TEST_CASE][PASSED] - Test Cases/Engine_Scoring/Engine Scoring: Test Cases/Engine_Scoring/Engine Scoring

2022-11-28 15:37:07 - [TEST_STEP][PASSED] - markPassed("Variasi data ke : " + no): Variasi data ke : 27

2022-11-28 15:37:07 - [MESSAGE][PASSED] - Variasi data ke : 27

2022-11-28 15:37:07 - [TEST_STEP][PASSED] - req_data = sendRequest(findTestObject("Search_ME", ["MID":MID, "source":source, "ip":ip, "userid":userid, "branch":branch, "tipekons":tipekons, "marital":marital, "penjamin":penjamin, ... ])): Send request successfully

2022-11-28 15:37:08 - [MESSAGE][INFO] - HAR: D:\DMS\Engine Scoring\Reports\20221128_153400\Exclude KKB - DS - Married\Scoring Married - CS New\20221128_153401\requests\main\52.har

2022-11-28 15:37:08 - [MESSAGE][PASSED] - Send request successfully

2022-11-28 15:37:08 - [TEST_STEP][PASSED] - slurper = new groovy.json.JsonSlurper(): null

2022-11-28 15:37:08 - [TEST_STEP][PASSED] - result = slurper.parseText(req_data.getResponseBodyContent()): null

2022-11-28 15:37:08 - [TEST_STEP][PASSED] - reqid_kons = requestid1: null

2022-11-28 15:37:08 - [TEST_STEP][PASSED] - reqid_spouse = requestid2: null

2022-11-28 15:37:08 - [TEST_STEP][PASSED] - println("requestid kons : " + reqid_kons): null

2022-11-28 15:37:08 - [TEST_STEP][PASSED] - response_searchME_kons = reqid_kons: null

2022-11-28 15:37:08 - [TEST_STEP][PASSED] - response_searchME_spouse = reqid_spouse: null

2022-11-28 15:37:08 - [TEST_STEP][PASSED] - println("kons req id is :" + response_searchME_kons): null

2022-11-28 15:37:08 - [TEST_STEP][PASSED] - println("spouse req id is : " + response_searchME_spouse): null

2022-11-28 15:37:08 - [TEST_STEP][PASSED] - verifyResponseStatusCode(req_data, 200): Verify response status code successfully

2022-11-28 15:37:08 - [MESSAGE][PASSED] - Verify response status code successfully

2022-11-28 15:37:08 - [TEST_STEP][PASSED] - response = req_data.getResponseText(): null

2022-11-28 15:37:08 - [TEST_STEP][PASSED] - logInfo($response): {"status":"Done","data":{"requestid1":"256452","requestid2":"256453"}}

2022-11-28 15:37:08 - [MESSAGE][INFO] - {"status":"Done","data":{"requestid1":"256452","requestid2":"256453"}}

2022-11-28 15:37:08 - [TEST_STEP][PASSED] - delay(5): Delayed 5 second(s)

2022-11-28 15:37:13 - [MESSAGE][PASSED] - Delayed 5 second(s)

2022-11-28 15:37:13 - [TEST_STEP][PASSED] - scoring = sendRequest(findTestObject("EngineScore", ["response_searchME_kons":response_searchME_kons, "response_searchME_spouse":response_searchME_spouse])): Send request successfully

2022-11-28 15:37:13 - [MESSAGE][INFO] - HAR: D:\DMS\Engine Scoring\Reports\20221128_153400\Exclude KKB - DS - Married\Scoring Married - CS New\20221128_153401\requests\main\53.har

2022-11-28 15:37:13 - [MESSAGE][PASSED] - Send request successfully

2022-11-28 15:37:13 - [TEST_STEP][PASSED] - verifyResponseStatusCode(scoring, 200): Verify response status code successfully

2022-11-28 15:37:13 - [MESSAGE][PASSED] - Verify response status code successfully

2022-11-28 15:37:13 - [TEST_STEP][PASSED] - response2 = scoring.getResponseText(): null

2022-11-28 15:37:13 - [TEST_STEP][PASSED] - markPassed("result service data ke : " + no): result service data ke : 27

2022-11-28 15:37:13 - [MESSAGE][PASSED] - result service data ke : 27

2022-11-28 15:37:13 - [TEST_STEP][PASSED] - logInfo($response2): {"result_konsumen":"Reject","result_pasangan":"Approve","Final_result":"Reject","errorMessage":"","status":"Done"}

2022-11-28 15:37:13 - [MESSAGE][INFO] - {"result_konsumen":"Reject","result_pasangan":"Approve","Final_result":"Reject","errorMessage":"","status":"Done"}

2022-11-28 15:37:13 - [TEST_STEP][PASSED] - verifyElementPropertyValue(scoring, "Final_result", final_result): Verify element property value successfully

2022-11-28 15:37:13 - [MESSAGE][PASSED] - Verify element property value successfully]]></system-out>
         <system-err><![CDATA[]]></system-err>
      </testcase>
      <testcase name="Test Cases/Engine_Scoring/Engine Scoring" time="6.568" classname="Test Cases/Engine_Scoring/Engine Scoring" status="PASSED">
         <system-out><![CDATA[2022-11-28 15:37:13 - [TEST_CASE][PASSED] - Test Cases/Engine_Scoring/Engine Scoring: Test Cases/Engine_Scoring/Engine Scoring

2022-11-28 15:37:14 - [TEST_STEP][PASSED] - markPassed("Variasi data ke : " + no): Variasi data ke : 28

2022-11-28 15:37:14 - [MESSAGE][PASSED] - Variasi data ke : 28

2022-11-28 15:37:14 - [TEST_STEP][PASSED] - req_data = sendRequest(findTestObject("Search_ME", ["MID":MID, "source":source, "ip":ip, "userid":userid, "branch":branch, "tipekons":tipekons, "marital":marital, "penjamin":penjamin, ... ])): Send request successfully

2022-11-28 15:37:15 - [MESSAGE][INFO] - HAR: D:\DMS\Engine Scoring\Reports\20221128_153400\Exclude KKB - DS - Married\Scoring Married - CS New\20221128_153401\requests\main\54.har

2022-11-28 15:37:15 - [MESSAGE][PASSED] - Send request successfully

2022-11-28 15:37:15 - [TEST_STEP][PASSED] - slurper = new groovy.json.JsonSlurper(): null

2022-11-28 15:37:15 - [TEST_STEP][PASSED] - result = slurper.parseText(req_data.getResponseBodyContent()): null

2022-11-28 15:37:15 - [TEST_STEP][PASSED] - reqid_kons = requestid1: null

2022-11-28 15:37:15 - [TEST_STEP][PASSED] - reqid_spouse = requestid2: null

2022-11-28 15:37:15 - [TEST_STEP][PASSED] - println("requestid kons : " + reqid_kons): null

2022-11-28 15:37:15 - [TEST_STEP][PASSED] - response_searchME_kons = reqid_kons: null

2022-11-28 15:37:15 - [TEST_STEP][PASSED] - response_searchME_spouse = reqid_spouse: null

2022-11-28 15:37:15 - [TEST_STEP][PASSED] - println("kons req id is :" + response_searchME_kons): null

2022-11-28 15:37:15 - [TEST_STEP][PASSED] - println("spouse req id is : " + response_searchME_spouse): null

2022-11-28 15:37:15 - [TEST_STEP][PASSED] - verifyResponseStatusCode(req_data, 200): Verify response status code successfully

2022-11-28 15:37:15 - [MESSAGE][PASSED] - Verify response status code successfully

2022-11-28 15:37:15 - [TEST_STEP][PASSED] - response = req_data.getResponseText(): null

2022-11-28 15:37:15 - [TEST_STEP][PASSED] - logInfo($response): {"status":"Done","data":{"requestid1":"256454","requestid2":"256455"}}

2022-11-28 15:37:15 - [MESSAGE][INFO] - {"status":"Done","data":{"requestid1":"256454","requestid2":"256455"}}

2022-11-28 15:37:15 - [TEST_STEP][PASSED] - delay(5): Delayed 5 second(s)

2022-11-28 15:37:20 - [MESSAGE][PASSED] - Delayed 5 second(s)

2022-11-28 15:37:20 - [TEST_STEP][PASSED] - scoring = sendRequest(findTestObject("EngineScore", ["response_searchME_kons":response_searchME_kons, "response_searchME_spouse":response_searchME_spouse])): Send request successfully

2022-11-28 15:37:20 - [MESSAGE][INFO] - HAR: D:\DMS\Engine Scoring\Reports\20221128_153400\Exclude KKB - DS - Married\Scoring Married - CS New\20221128_153401\requests\main\55.har

2022-11-28 15:37:20 - [MESSAGE][PASSED] - Send request successfully

2022-11-28 15:37:20 - [TEST_STEP][PASSED] - verifyResponseStatusCode(scoring, 200): Verify response status code successfully

2022-11-28 15:37:20 - [MESSAGE][PASSED] - Verify response status code successfully

2022-11-28 15:37:20 - [TEST_STEP][PASSED] - response2 = scoring.getResponseText(): null

2022-11-28 15:37:20 - [TEST_STEP][PASSED] - markPassed("result service data ke : " + no): result service data ke : 28

2022-11-28 15:37:20 - [MESSAGE][PASSED] - result service data ke : 28

2022-11-28 15:37:20 - [TEST_STEP][PASSED] - logInfo($response2): {"result_konsumen":"Reject","result_pasangan":"Reject","Final_result":"Reject","errorMessage":"","status":"Done"}

2022-11-28 15:37:20 - [MESSAGE][INFO] - {"result_konsumen":"Reject","result_pasangan":"Reject","Final_result":"Reject","errorMessage":"","status":"Done"}

2022-11-28 15:37:20 - [TEST_STEP][PASSED] - verifyElementPropertyValue(scoring, "Final_result", final_result): Verify element property value successfully

2022-11-28 15:37:20 - [MESSAGE][PASSED] - Verify element property value successfully]]></system-out>
         <system-err><![CDATA[]]></system-err>
      </testcase>
      <testcase name="Test Cases/Engine_Scoring/Engine Scoring" time="6.508" classname="Test Cases/Engine_Scoring/Engine Scoring" status="PASSED">
         <system-out><![CDATA[2022-11-28 15:37:20 - [TEST_CASE][PASSED] - Test Cases/Engine_Scoring/Engine Scoring: Test Cases/Engine_Scoring/Engine Scoring

2022-11-28 15:37:20 - [TEST_STEP][PASSED] - markPassed("Variasi data ke : " + no): Variasi data ke : 29

2022-11-28 15:37:20 - [MESSAGE][PASSED] - Variasi data ke : 29

2022-11-28 15:37:20 - [TEST_STEP][PASSED] - req_data = sendRequest(findTestObject("Search_ME", ["MID":MID, "source":source, "ip":ip, "userid":userid, "branch":branch, "tipekons":tipekons, "marital":marital, "penjamin":penjamin, ... ])): Send request successfully

2022-11-28 15:37:21 - [MESSAGE][INFO] - HAR: D:\DMS\Engine Scoring\Reports\20221128_153400\Exclude KKB - DS - Married\Scoring Married - CS New\20221128_153401\requests\main\56.har

2022-11-28 15:37:21 - [MESSAGE][PASSED] - Send request successfully

2022-11-28 15:37:21 - [TEST_STEP][PASSED] - slurper = new groovy.json.JsonSlurper(): null

2022-11-28 15:37:21 - [TEST_STEP][PASSED] - result = slurper.parseText(req_data.getResponseBodyContent()): null

2022-11-28 15:37:21 - [TEST_STEP][PASSED] - reqid_kons = requestid1: null

2022-11-28 15:37:21 - [TEST_STEP][PASSED] - reqid_spouse = requestid2: null

2022-11-28 15:37:21 - [TEST_STEP][PASSED] - println("requestid kons : " + reqid_kons): null

2022-11-28 15:37:21 - [TEST_STEP][PASSED] - response_searchME_kons = reqid_kons: null

2022-11-28 15:37:21 - [TEST_STEP][PASSED] - response_searchME_spouse = reqid_spouse: null

2022-11-28 15:37:21 - [TEST_STEP][PASSED] - println("kons req id is :" + response_searchME_kons): null

2022-11-28 15:37:21 - [TEST_STEP][PASSED] - println("spouse req id is : " + response_searchME_spouse): null

2022-11-28 15:37:21 - [TEST_STEP][PASSED] - verifyResponseStatusCode(req_data, 200): Verify response status code successfully

2022-11-28 15:37:21 - [MESSAGE][PASSED] - Verify response status code successfully

2022-11-28 15:37:21 - [TEST_STEP][PASSED] - response = req_data.getResponseText(): null

2022-11-28 15:37:21 - [TEST_STEP][PASSED] - logInfo($response): {"status":"Done","data":{"requestid1":"256456","requestid2":"256457"}}

2022-11-28 15:37:21 - [MESSAGE][INFO] - {"status":"Done","data":{"requestid1":"256456","requestid2":"256457"}}

2022-11-28 15:37:21 - [TEST_STEP][PASSED] - delay(5): Delayed 5 second(s)

2022-11-28 15:37:26 - [MESSAGE][PASSED] - Delayed 5 second(s)

2022-11-28 15:37:26 - [TEST_STEP][PASSED] - scoring = sendRequest(findTestObject("EngineScore", ["response_searchME_kons":response_searchME_kons, "response_searchME_spouse":response_searchME_spouse])): Send request successfully

2022-11-28 15:37:26 - [MESSAGE][INFO] - HAR: D:\DMS\Engine Scoring\Reports\20221128_153400\Exclude KKB - DS - Married\Scoring Married - CS New\20221128_153401\requests\main\57.har

2022-11-28 15:37:26 - [MESSAGE][PASSED] - Send request successfully

2022-11-28 15:37:26 - [TEST_STEP][PASSED] - verifyResponseStatusCode(scoring, 200): Verify response status code successfully

2022-11-28 15:37:26 - [MESSAGE][PASSED] - Verify response status code successfully

2022-11-28 15:37:26 - [TEST_STEP][PASSED] - response2 = scoring.getResponseText(): null

2022-11-28 15:37:26 - [TEST_STEP][PASSED] - markPassed("result service data ke : " + no): result service data ke : 29

2022-11-28 15:37:26 - [MESSAGE][PASSED] - result service data ke : 29

2022-11-28 15:37:26 - [TEST_STEP][PASSED] - logInfo($response2): {"result_konsumen":"Reject","result_pasangan":"Reject","Final_result":"Reject","errorMessage":"","status":"Done"}

2022-11-28 15:37:26 - [MESSAGE][INFO] - {"result_konsumen":"Reject","result_pasangan":"Reject","Final_result":"Reject","errorMessage":"","status":"Done"}

2022-11-28 15:37:26 - [TEST_STEP][PASSED] - verifyElementPropertyValue(scoring, "Final_result", final_result): Verify element property value successfully

2022-11-28 15:37:26 - [MESSAGE][PASSED] - Verify element property value successfully]]></system-out>
         <system-err><![CDATA[]]></system-err>
      </testcase>
      <testcase name="Test Cases/Engine_Scoring/Engine Scoring" time="6.595" classname="Test Cases/Engine_Scoring/Engine Scoring" status="PASSED">
         <system-out><![CDATA[2022-11-28 15:37:26 - [TEST_CASE][PASSED] - Test Cases/Engine_Scoring/Engine Scoring: Test Cases/Engine_Scoring/Engine Scoring

2022-11-28 15:37:27 - [TEST_STEP][PASSED] - markPassed("Variasi data ke : " + no): Variasi data ke : 30

2022-11-28 15:37:27 - [MESSAGE][PASSED] - Variasi data ke : 30

2022-11-28 15:37:27 - [TEST_STEP][PASSED] - req_data = sendRequest(findTestObject("Search_ME", ["MID":MID, "source":source, "ip":ip, "userid":userid, "branch":branch, "tipekons":tipekons, "marital":marital, "penjamin":penjamin, ... ])): Send request successfully

2022-11-28 15:37:28 - [MESSAGE][INFO] - HAR: D:\DMS\Engine Scoring\Reports\20221128_153400\Exclude KKB - DS - Married\Scoring Married - CS New\20221128_153401\requests\main\58.har

2022-11-28 15:37:28 - [MESSAGE][PASSED] - Send request successfully

2022-11-28 15:37:28 - [TEST_STEP][PASSED] - slurper = new groovy.json.JsonSlurper(): null

2022-11-28 15:37:28 - [TEST_STEP][PASSED] - result = slurper.parseText(req_data.getResponseBodyContent()): null

2022-11-28 15:37:28 - [TEST_STEP][PASSED] - reqid_kons = requestid1: null

2022-11-28 15:37:28 - [TEST_STEP][PASSED] - reqid_spouse = requestid2: null

2022-11-28 15:37:28 - [TEST_STEP][PASSED] - println("requestid kons : " + reqid_kons): null

2022-11-28 15:37:28 - [TEST_STEP][PASSED] - response_searchME_kons = reqid_kons: null

2022-11-28 15:37:28 - [TEST_STEP][PASSED] - response_searchME_spouse = reqid_spouse: null

2022-11-28 15:37:28 - [TEST_STEP][PASSED] - println("kons req id is :" + response_searchME_kons): null

2022-11-28 15:37:28 - [TEST_STEP][PASSED] - println("spouse req id is : " + response_searchME_spouse): null

2022-11-28 15:37:28 - [TEST_STEP][PASSED] - verifyResponseStatusCode(req_data, 200): Verify response status code successfully

2022-11-28 15:37:28 - [MESSAGE][PASSED] - Verify response status code successfully

2022-11-28 15:37:28 - [TEST_STEP][PASSED] - response = req_data.getResponseText(): null

2022-11-28 15:37:28 - [TEST_STEP][PASSED] - logInfo($response): {"status":"Done","data":{"requestid1":"256458","requestid2":"256459"}}

2022-11-28 15:37:28 - [MESSAGE][INFO] - {"status":"Done","data":{"requestid1":"256458","requestid2":"256459"}}

2022-11-28 15:37:28 - [TEST_STEP][PASSED] - delay(5): Delayed 5 second(s)

2022-11-28 15:37:33 - [MESSAGE][PASSED] - Delayed 5 second(s)

2022-11-28 15:37:33 - [TEST_STEP][PASSED] - scoring = sendRequest(findTestObject("EngineScore", ["response_searchME_kons":response_searchME_kons, "response_searchME_spouse":response_searchME_spouse])): Send request successfully

2022-11-28 15:37:33 - [MESSAGE][INFO] - HAR: D:\DMS\Engine Scoring\Reports\20221128_153400\Exclude KKB - DS - Married\Scoring Married - CS New\20221128_153401\requests\main\59.har

2022-11-28 15:37:33 - [MESSAGE][PASSED] - Send request successfully

2022-11-28 15:37:33 - [TEST_STEP][PASSED] - verifyResponseStatusCode(scoring, 200): Verify response status code successfully

2022-11-28 15:37:33 - [MESSAGE][PASSED] - Verify response status code successfully

2022-11-28 15:37:33 - [TEST_STEP][PASSED] - response2 = scoring.getResponseText(): null

2022-11-28 15:37:33 - [TEST_STEP][PASSED] - markPassed("result service data ke : " + no): result service data ke : 30

2022-11-28 15:37:33 - [MESSAGE][PASSED] - result service data ke : 30

2022-11-28 15:37:33 - [TEST_STEP][PASSED] - logInfo($response2): {"result_konsumen":"Reject","result_pasangan":"Reject","Final_result":"Reject","errorMessage":"","status":"Done"}

2022-11-28 15:37:33 - [MESSAGE][INFO] - {"result_konsumen":"Reject","result_pasangan":"Reject","Final_result":"Reject","errorMessage":"","status":"Done"}

2022-11-28 15:37:33 - [TEST_STEP][PASSED] - verifyElementPropertyValue(scoring, "Final_result", final_result): Verify element property value successfully

2022-11-28 15:37:33 - [MESSAGE][PASSED] - Verify element property value successfully]]></system-out>
         <system-err><![CDATA[]]></system-err>
      </testcase>
      <testcase name="Test Cases/Engine_Scoring/Engine Scoring" time="6.532" classname="Test Cases/Engine_Scoring/Engine Scoring" status="PASSED">
         <system-out><![CDATA[2022-11-28 15:37:33 - [TEST_CASE][PASSED] - Test Cases/Engine_Scoring/Engine Scoring: Test Cases/Engine_Scoring/Engine Scoring

2022-11-28 15:37:34 - [TEST_STEP][PASSED] - markPassed("Variasi data ke : " + no): Variasi data ke : 31

2022-11-28 15:37:34 - [MESSAGE][PASSED] - Variasi data ke : 31

2022-11-28 15:37:34 - [TEST_STEP][PASSED] - req_data = sendRequest(findTestObject("Search_ME", ["MID":MID, "source":source, "ip":ip, "userid":userid, "branch":branch, "tipekons":tipekons, "marital":marital, "penjamin":penjamin, ... ])): Send request successfully

2022-11-28 15:37:34 - [MESSAGE][INFO] - HAR: D:\DMS\Engine Scoring\Reports\20221128_153400\Exclude KKB - DS - Married\Scoring Married - CS New\20221128_153401\requests\main\60.har

2022-11-28 15:37:34 - [MESSAGE][PASSED] - Send request successfully

2022-11-28 15:37:34 - [TEST_STEP][PASSED] - slurper = new groovy.json.JsonSlurper(): null

2022-11-28 15:37:34 - [TEST_STEP][PASSED] - result = slurper.parseText(req_data.getResponseBodyContent()): null

2022-11-28 15:37:34 - [TEST_STEP][PASSED] - reqid_kons = requestid1: null

2022-11-28 15:37:34 - [TEST_STEP][PASSED] - reqid_spouse = requestid2: null

2022-11-28 15:37:34 - [TEST_STEP][PASSED] - println("requestid kons : " + reqid_kons): null

2022-11-28 15:37:34 - [TEST_STEP][PASSED] - response_searchME_kons = reqid_kons: null

2022-11-28 15:37:34 - [TEST_STEP][PASSED] - response_searchME_spouse = reqid_spouse: null

2022-11-28 15:37:34 - [TEST_STEP][PASSED] - println("kons req id is :" + response_searchME_kons): null

2022-11-28 15:37:34 - [TEST_STEP][PASSED] - println("spouse req id is : " + response_searchME_spouse): null

2022-11-28 15:37:34 - [TEST_STEP][PASSED] - verifyResponseStatusCode(req_data, 200): Verify response status code successfully

2022-11-28 15:37:34 - [MESSAGE][PASSED] - Verify response status code successfully

2022-11-28 15:37:34 - [TEST_STEP][PASSED] - response = req_data.getResponseText(): null

2022-11-28 15:37:34 - [TEST_STEP][PASSED] - logInfo($response): {"status":"Done","data":{"requestid1":"256460","requestid2":"256461"}}

2022-11-28 15:37:34 - [MESSAGE][INFO] - {"status":"Done","data":{"requestid1":"256460","requestid2":"256461"}}

2022-11-28 15:37:34 - [TEST_STEP][PASSED] - delay(5): Delayed 5 second(s)

2022-11-28 15:37:39 - [MESSAGE][PASSED] - Delayed 5 second(s)

2022-11-28 15:37:39 - [TEST_STEP][PASSED] - scoring = sendRequest(findTestObject("EngineScore", ["response_searchME_kons":response_searchME_kons, "response_searchME_spouse":response_searchME_spouse])): Send request successfully

2022-11-28 15:37:39 - [MESSAGE][INFO] - HAR: D:\DMS\Engine Scoring\Reports\20221128_153400\Exclude KKB - DS - Married\Scoring Married - CS New\20221128_153401\requests\main\61.har

2022-11-28 15:37:39 - [MESSAGE][PASSED] - Send request successfully

2022-11-28 15:37:39 - [TEST_STEP][PASSED] - verifyResponseStatusCode(scoring, 200): Verify response status code successfully

2022-11-28 15:37:39 - [MESSAGE][PASSED] - Verify response status code successfully

2022-11-28 15:37:39 - [TEST_STEP][PASSED] - response2 = scoring.getResponseText(): null

2022-11-28 15:37:39 - [TEST_STEP][PASSED] - markPassed("result service data ke : " + no): result service data ke : 31

2022-11-28 15:37:39 - [MESSAGE][PASSED] - result service data ke : 31

2022-11-28 15:37:39 - [TEST_STEP][PASSED] - logInfo($response2): {"result_konsumen":"Reject","result_pasangan":"Reject","Final_result":"Reject","errorMessage":"","status":"Done"}

2022-11-28 15:37:39 - [MESSAGE][INFO] - {"result_konsumen":"Reject","result_pasangan":"Reject","Final_result":"Reject","errorMessage":"","status":"Done"}

2022-11-28 15:37:39 - [TEST_STEP][PASSED] - verifyElementPropertyValue(scoring, "Final_result", final_result): Verify element property value successfully

2022-11-28 15:37:39 - [MESSAGE][PASSED] - Verify element property value successfully]]></system-out>
         <system-err><![CDATA[]]></system-err>
      </testcase>
      <testcase name="Test Cases/Engine_Scoring/Engine Scoring" time="7.608" classname="Test Cases/Engine_Scoring/Engine Scoring" status="PASSED">
         <system-out><![CDATA[2022-11-28 15:37:40 - [TEST_CASE][PASSED] - Test Cases/Engine_Scoring/Engine Scoring: Test Cases/Engine_Scoring/Engine Scoring

2022-11-28 15:37:40 - [TEST_STEP][PASSED] - markPassed("Variasi data ke : " + no): Variasi data ke : 32

2022-11-28 15:37:40 - [MESSAGE][PASSED] - Variasi data ke : 32

2022-11-28 15:37:40 - [TEST_STEP][PASSED] - req_data = sendRequest(findTestObject("Search_ME", ["MID":MID, "source":source, "ip":ip, "userid":userid, "branch":branch, "tipekons":tipekons, "marital":marital, "penjamin":penjamin, ... ])): Send request successfully

2022-11-28 15:37:42 - [MESSAGE][INFO] - HAR: D:\DMS\Engine Scoring\Reports\20221128_153400\Exclude KKB - DS - Married\Scoring Married - CS New\20221128_153401\requests\main\62.har

2022-11-28 15:37:42 - [MESSAGE][PASSED] - Send request successfully

2022-11-28 15:37:42 - [TEST_STEP][PASSED] - slurper = new groovy.json.JsonSlurper(): null

2022-11-28 15:37:42 - [TEST_STEP][PASSED] - result = slurper.parseText(req_data.getResponseBodyContent()): null

2022-11-28 15:37:42 - [TEST_STEP][PASSED] - reqid_kons = requestid1: null

2022-11-28 15:37:42 - [TEST_STEP][PASSED] - reqid_spouse = requestid2: null

2022-11-28 15:37:42 - [TEST_STEP][PASSED] - println("requestid kons : " + reqid_kons): null

2022-11-28 15:37:42 - [TEST_STEP][PASSED] - response_searchME_kons = reqid_kons: null

2022-11-28 15:37:42 - [TEST_STEP][PASSED] - response_searchME_spouse = reqid_spouse: null

2022-11-28 15:37:42 - [TEST_STEP][PASSED] - println("kons req id is :" + response_searchME_kons): null

2022-11-28 15:37:42 - [TEST_STEP][PASSED] - println("spouse req id is : " + response_searchME_spouse): null

2022-11-28 15:37:42 - [TEST_STEP][PASSED] - verifyResponseStatusCode(req_data, 200): Verify response status code successfully

2022-11-28 15:37:42 - [MESSAGE][PASSED] - Verify response status code successfully

2022-11-28 15:37:42 - [TEST_STEP][PASSED] - response = req_data.getResponseText(): null

2022-11-28 15:37:42 - [TEST_STEP][PASSED] - logInfo($response): {"status":"Done","data":{"requestid1":"256462","requestid2":"256463"}}

2022-11-28 15:37:42 - [MESSAGE][INFO] - {"status":"Done","data":{"requestid1":"256462","requestid2":"256463"}}

2022-11-28 15:37:42 - [TEST_STEP][PASSED] - delay(5): Delayed 5 second(s)

2022-11-28 15:37:47 - [MESSAGE][PASSED] - Delayed 5 second(s)

2022-11-28 15:37:47 - [TEST_STEP][PASSED] - scoring = sendRequest(findTestObject("EngineScore", ["response_searchME_kons":response_searchME_kons, "response_searchME_spouse":response_searchME_spouse])): Send request successfully

2022-11-28 15:37:47 - [MESSAGE][INFO] - HAR: D:\DMS\Engine Scoring\Reports\20221128_153400\Exclude KKB - DS - Married\Scoring Married - CS New\20221128_153401\requests\main\63.har

2022-11-28 15:37:47 - [MESSAGE][PASSED] - Send request successfully

2022-11-28 15:37:47 - [TEST_STEP][PASSED] - verifyResponseStatusCode(scoring, 200): Verify response status code successfully

2022-11-28 15:37:47 - [MESSAGE][PASSED] - Verify response status code successfully

2022-11-28 15:37:47 - [TEST_STEP][PASSED] - response2 = scoring.getResponseText(): null

2022-11-28 15:37:47 - [TEST_STEP][PASSED] - markPassed("result service data ke : " + no): result service data ke : 32

2022-11-28 15:37:47 - [MESSAGE][PASSED] - result service data ke : 32

2022-11-28 15:37:47 - [TEST_STEP][PASSED] - logInfo($response2): {"result_konsumen":"Reject","result_pasangan":"Reject","Final_result":"Reject","errorMessage":"","status":"Done"}

2022-11-28 15:37:47 - [MESSAGE][INFO] - {"result_konsumen":"Reject","result_pasangan":"Reject","Final_result":"Reject","errorMessage":"","status":"Done"}

2022-11-28 15:37:47 - [TEST_STEP][PASSED] - verifyElementPropertyValue(scoring, "Final_result", final_result): Verify element property value successfully

2022-11-28 15:37:47 - [MESSAGE][PASSED] - Verify element property value successfully]]></system-out>
         <system-err><![CDATA[]]></system-err>
      </testcase>
      <testcase name="Test Cases/Engine_Scoring/Engine Scoring" time="6.526" classname="Test Cases/Engine_Scoring/Engine Scoring" status="PASSED">
         <system-out><![CDATA[2022-11-28 15:37:47 - [TEST_CASE][PASSED] - Test Cases/Engine_Scoring/Engine Scoring: Test Cases/Engine_Scoring/Engine Scoring

2022-11-28 15:37:48 - [TEST_STEP][PASSED] - markPassed("Variasi data ke : " + no): Variasi data ke : 33

2022-11-28 15:37:48 - [MESSAGE][PASSED] - Variasi data ke : 33

2022-11-28 15:37:48 - [TEST_STEP][PASSED] - req_data = sendRequest(findTestObject("Search_ME", ["MID":MID, "source":source, "ip":ip, "userid":userid, "branch":branch, "tipekons":tipekons, "marital":marital, "penjamin":penjamin, ... ])): Send request successfully

2022-11-28 15:37:49 - [MESSAGE][INFO] - HAR: D:\DMS\Engine Scoring\Reports\20221128_153400\Exclude KKB - DS - Married\Scoring Married - CS New\20221128_153401\requests\main\64.har

2022-11-28 15:37:49 - [MESSAGE][PASSED] - Send request successfully

2022-11-28 15:37:49 - [TEST_STEP][PASSED] - slurper = new groovy.json.JsonSlurper(): null

2022-11-28 15:37:49 - [TEST_STEP][PASSED] - result = slurper.parseText(req_data.getResponseBodyContent()): null

2022-11-28 15:37:49 - [TEST_STEP][PASSED] - reqid_kons = requestid1: null

2022-11-28 15:37:49 - [TEST_STEP][PASSED] - reqid_spouse = requestid2: null

2022-11-28 15:37:49 - [TEST_STEP][PASSED] - println("requestid kons : " + reqid_kons): null

2022-11-28 15:37:49 - [TEST_STEP][PASSED] - response_searchME_kons = reqid_kons: null

2022-11-28 15:37:49 - [TEST_STEP][PASSED] - response_searchME_spouse = reqid_spouse: null

2022-11-28 15:37:49 - [TEST_STEP][PASSED] - println("kons req id is :" + response_searchME_kons): null

2022-11-28 15:37:49 - [TEST_STEP][PASSED] - println("spouse req id is : " + response_searchME_spouse): null

2022-11-28 15:37:49 - [TEST_STEP][PASSED] - verifyResponseStatusCode(req_data, 200): Verify response status code successfully

2022-11-28 15:37:49 - [MESSAGE][PASSED] - Verify response status code successfully

2022-11-28 15:37:49 - [TEST_STEP][PASSED] - response = req_data.getResponseText(): null

2022-11-28 15:37:49 - [TEST_STEP][PASSED] - logInfo($response): {"status":"Done","data":{"requestid1":"256464","requestid2":"256465"}}

2022-11-28 15:37:49 - [MESSAGE][INFO] - {"status":"Done","data":{"requestid1":"256464","requestid2":"256465"}}

2022-11-28 15:37:49 - [TEST_STEP][PASSED] - delay(5): Delayed 5 second(s)

2022-11-28 15:37:54 - [MESSAGE][PASSED] - Delayed 5 second(s)

2022-11-28 15:37:54 - [TEST_STEP][PASSED] - scoring = sendRequest(findTestObject("EngineScore", ["response_searchME_kons":response_searchME_kons, "response_searchME_spouse":response_searchME_spouse])): Send request successfully

2022-11-28 15:37:54 - [MESSAGE][INFO] - HAR: D:\DMS\Engine Scoring\Reports\20221128_153400\Exclude KKB - DS - Married\Scoring Married - CS New\20221128_153401\requests\main\65.har

2022-11-28 15:37:54 - [MESSAGE][PASSED] - Send request successfully

2022-11-28 15:37:54 - [TEST_STEP][PASSED] - verifyResponseStatusCode(scoring, 200): Verify response status code successfully

2022-11-28 15:37:54 - [MESSAGE][PASSED] - Verify response status code successfully

2022-11-28 15:37:54 - [TEST_STEP][PASSED] - response2 = scoring.getResponseText(): null

2022-11-28 15:37:54 - [TEST_STEP][PASSED] - markPassed("result service data ke : " + no): result service data ke : 33

2022-11-28 15:37:54 - [MESSAGE][PASSED] - result service data ke : 33

2022-11-28 15:37:54 - [TEST_STEP][PASSED] - logInfo($response2): {"result_konsumen":"Reject","result_pasangan":"Reject","Final_result":"Reject","errorMessage":"","status":"Done"}

2022-11-28 15:37:54 - [MESSAGE][INFO] - {"result_konsumen":"Reject","result_pasangan":"Reject","Final_result":"Reject","errorMessage":"","status":"Done"}

2022-11-28 15:37:54 - [TEST_STEP][PASSED] - verifyElementPropertyValue(scoring, "Final_result", final_result): Verify element property value successfully

2022-11-28 15:37:54 - [MESSAGE][PASSED] - Verify element property value successfully]]></system-out>
         <system-err><![CDATA[]]></system-err>
      </testcase>
      <testcase name="Test Cases/Engine_Scoring/Engine Scoring" time="6.586" classname="Test Cases/Engine_Scoring/Engine Scoring" status="PASSED">
         <system-out><![CDATA[2022-11-28 15:37:54 - [TEST_CASE][PASSED] - Test Cases/Engine_Scoring/Engine Scoring: Test Cases/Engine_Scoring/Engine Scoring

2022-11-28 15:37:55 - [TEST_STEP][PASSED] - markPassed("Variasi data ke : " + no): Variasi data ke : 34

2022-11-28 15:37:55 - [MESSAGE][PASSED] - Variasi data ke : 34

2022-11-28 15:37:55 - [TEST_STEP][PASSED] - req_data = sendRequest(findTestObject("Search_ME", ["MID":MID, "source":source, "ip":ip, "userid":userid, "branch":branch, "tipekons":tipekons, "marital":marital, "penjamin":penjamin, ... ])): Send request successfully

2022-11-28 15:37:55 - [MESSAGE][INFO] - HAR: D:\DMS\Engine Scoring\Reports\20221128_153400\Exclude KKB - DS - Married\Scoring Married - CS New\20221128_153401\requests\main\66.har

2022-11-28 15:37:55 - [MESSAGE][PASSED] - Send request successfully

2022-11-28 15:37:55 - [TEST_STEP][PASSED] - slurper = new groovy.json.JsonSlurper(): null

2022-11-28 15:37:55 - [TEST_STEP][PASSED] - result = slurper.parseText(req_data.getResponseBodyContent()): null

2022-11-28 15:37:55 - [TEST_STEP][PASSED] - reqid_kons = requestid1: null

2022-11-28 15:37:55 - [TEST_STEP][PASSED] - reqid_spouse = requestid2: null

2022-11-28 15:37:55 - [TEST_STEP][PASSED] - println("requestid kons : " + reqid_kons): null

2022-11-28 15:37:55 - [TEST_STEP][PASSED] - response_searchME_kons = reqid_kons: null

2022-11-28 15:37:55 - [TEST_STEP][PASSED] - response_searchME_spouse = reqid_spouse: null

2022-11-28 15:37:55 - [TEST_STEP][PASSED] - println("kons req id is :" + response_searchME_kons): null

2022-11-28 15:37:55 - [TEST_STEP][PASSED] - println("spouse req id is : " + response_searchME_spouse): null

2022-11-28 15:37:55 - [TEST_STEP][PASSED] - verifyResponseStatusCode(req_data, 200): Verify response status code successfully

2022-11-28 15:37:55 - [MESSAGE][PASSED] - Verify response status code successfully

2022-11-28 15:37:55 - [TEST_STEP][PASSED] - response = req_data.getResponseText(): null

2022-11-28 15:37:55 - [TEST_STEP][PASSED] - logInfo($response): {"status":"Done","data":{"requestid1":"256466","requestid2":"256467"}}

2022-11-28 15:37:55 - [MESSAGE][INFO] - {"status":"Done","data":{"requestid1":"256466","requestid2":"256467"}}

2022-11-28 15:37:55 - [TEST_STEP][PASSED] - delay(5): Delayed 5 second(s)

2022-11-28 15:38:00 - [MESSAGE][PASSED] - Delayed 5 second(s)

2022-11-28 15:38:00 - [TEST_STEP][PASSED] - scoring = sendRequest(findTestObject("EngineScore", ["response_searchME_kons":response_searchME_kons, "response_searchME_spouse":response_searchME_spouse])): Send request successfully

2022-11-28 15:38:00 - [MESSAGE][INFO] - HAR: D:\DMS\Engine Scoring\Reports\20221128_153400\Exclude KKB - DS - Married\Scoring Married - CS New\20221128_153401\requests\main\67.har

2022-11-28 15:38:00 - [MESSAGE][PASSED] - Send request successfully

2022-11-28 15:38:00 - [TEST_STEP][PASSED] - verifyResponseStatusCode(scoring, 200): Verify response status code successfully

2022-11-28 15:38:00 - [MESSAGE][PASSED] - Verify response status code successfully

2022-11-28 15:38:00 - [TEST_STEP][PASSED] - response2 = scoring.getResponseText(): null

2022-11-28 15:38:00 - [TEST_STEP][PASSED] - markPassed("result service data ke : " + no): result service data ke : 34

2022-11-28 15:38:00 - [MESSAGE][PASSED] - result service data ke : 34

2022-11-28 15:38:00 - [TEST_STEP][PASSED] - logInfo($response2): {"result_konsumen":"Reject","result_pasangan":"Reject","Final_result":"Reject","errorMessage":"","status":"Done"}

2022-11-28 15:38:00 - [MESSAGE][INFO] - {"result_konsumen":"Reject","result_pasangan":"Reject","Final_result":"Reject","errorMessage":"","status":"Done"}

2022-11-28 15:38:00 - [TEST_STEP][PASSED] - verifyElementPropertyValue(scoring, "Final_result", final_result): Verify element property value successfully

2022-11-28 15:38:00 - [MESSAGE][PASSED] - Verify element property value successfully]]></system-out>
         <system-err><![CDATA[]]></system-err>
      </testcase>
      <testcase name="Test Cases/Engine_Scoring/Engine Scoring" time="6.652" classname="Test Cases/Engine_Scoring/Engine Scoring" status="PASSED">
         <system-out><![CDATA[2022-11-28 15:38:00 - [TEST_CASE][PASSED] - Test Cases/Engine_Scoring/Engine Scoring: Test Cases/Engine_Scoring/Engine Scoring

2022-11-28 15:38:01 - [TEST_STEP][PASSED] - markPassed("Variasi data ke : " + no): Variasi data ke : 35

2022-11-28 15:38:01 - [MESSAGE][PASSED] - Variasi data ke : 35

2022-11-28 15:38:01 - [TEST_STEP][PASSED] - req_data = sendRequest(findTestObject("Search_ME", ["MID":MID, "source":source, "ip":ip, "userid":userid, "branch":branch, "tipekons":tipekons, "marital":marital, "penjamin":penjamin, ... ])): Send request successfully

2022-11-28 15:38:02 - [MESSAGE][INFO] - HAR: D:\DMS\Engine Scoring\Reports\20221128_153400\Exclude KKB - DS - Married\Scoring Married - CS New\20221128_153401\requests\main\68.har

2022-11-28 15:38:02 - [MESSAGE][PASSED] - Send request successfully

2022-11-28 15:38:02 - [TEST_STEP][PASSED] - slurper = new groovy.json.JsonSlurper(): null

2022-11-28 15:38:02 - [TEST_STEP][PASSED] - result = slurper.parseText(req_data.getResponseBodyContent()): null

2022-11-28 15:38:02 - [TEST_STEP][PASSED] - reqid_kons = requestid1: null

2022-11-28 15:38:02 - [TEST_STEP][PASSED] - reqid_spouse = requestid2: null

2022-11-28 15:38:02 - [TEST_STEP][PASSED] - println("requestid kons : " + reqid_kons): null

2022-11-28 15:38:02 - [TEST_STEP][PASSED] - response_searchME_kons = reqid_kons: null

2022-11-28 15:38:02 - [TEST_STEP][PASSED] - response_searchME_spouse = reqid_spouse: null

2022-11-28 15:38:02 - [TEST_STEP][PASSED] - println("kons req id is :" + response_searchME_kons): null

2022-11-28 15:38:02 - [TEST_STEP][PASSED] - println("spouse req id is : " + response_searchME_spouse): null

2022-11-28 15:38:02 - [TEST_STEP][PASSED] - verifyResponseStatusCode(req_data, 200): Verify response status code successfully

2022-11-28 15:38:02 - [MESSAGE][PASSED] - Verify response status code successfully

2022-11-28 15:38:02 - [TEST_STEP][PASSED] - response = req_data.getResponseText(): null

2022-11-28 15:38:02 - [TEST_STEP][PASSED] - logInfo($response): {"status":"Done","data":{"requestid1":"256468","requestid2":"256469"}}

2022-11-28 15:38:02 - [MESSAGE][INFO] - {"status":"Done","data":{"requestid1":"256468","requestid2":"256469"}}

2022-11-28 15:38:02 - [TEST_STEP][PASSED] - delay(5): Delayed 5 second(s)

2022-11-28 15:38:07 - [MESSAGE][PASSED] - Delayed 5 second(s)

2022-11-28 15:38:07 - [TEST_STEP][PASSED] - scoring = sendRequest(findTestObject("EngineScore", ["response_searchME_kons":response_searchME_kons, "response_searchME_spouse":response_searchME_spouse])): Send request successfully

2022-11-28 15:38:07 - [MESSAGE][INFO] - HAR: D:\DMS\Engine Scoring\Reports\20221128_153400\Exclude KKB - DS - Married\Scoring Married - CS New\20221128_153401\requests\main\69.har

2022-11-28 15:38:07 - [MESSAGE][PASSED] - Send request successfully

2022-11-28 15:38:07 - [TEST_STEP][PASSED] - verifyResponseStatusCode(scoring, 200): Verify response status code successfully

2022-11-28 15:38:07 - [MESSAGE][PASSED] - Verify response status code successfully

2022-11-28 15:38:07 - [TEST_STEP][PASSED] - response2 = scoring.getResponseText(): null

2022-11-28 15:38:07 - [TEST_STEP][PASSED] - markPassed("result service data ke : " + no): result service data ke : 35

2022-11-28 15:38:07 - [MESSAGE][PASSED] - result service data ke : 35

2022-11-28 15:38:07 - [TEST_STEP][PASSED] - logInfo($response2): {"result_konsumen":"Reject","result_pasangan":"Reject","Final_result":"Reject","errorMessage":"","status":"Done"}

2022-11-28 15:38:07 - [MESSAGE][INFO] - {"result_konsumen":"Reject","result_pasangan":"Reject","Final_result":"Reject","errorMessage":"","status":"Done"}

2022-11-28 15:38:07 - [TEST_STEP][PASSED] - verifyElementPropertyValue(scoring, "Final_result", final_result): Verify element property value successfully

2022-11-28 15:38:07 - [MESSAGE][PASSED] - Verify element property value successfully]]></system-out>
         <system-err><![CDATA[]]></system-err>
      </testcase>
      <testcase name="Test Cases/Engine_Scoring/Engine Scoring" time="6.562" classname="Test Cases/Engine_Scoring/Engine Scoring" status="PASSED">
         <system-out><![CDATA[2022-11-28 15:38:07 - [TEST_CASE][PASSED] - Test Cases/Engine_Scoring/Engine Scoring: Test Cases/Engine_Scoring/Engine Scoring

2022-11-28 15:38:08 - [TEST_STEP][PASSED] - markPassed("Variasi data ke : " + no): Variasi data ke : 36

2022-11-28 15:38:08 - [MESSAGE][PASSED] - Variasi data ke : 36

2022-11-28 15:38:08 - [TEST_STEP][PASSED] - req_data = sendRequest(findTestObject("Search_ME", ["MID":MID, "source":source, "ip":ip, "userid":userid, "branch":branch, "tipekons":tipekons, "marital":marital, "penjamin":penjamin, ... ])): Send request successfully

2022-11-28 15:38:09 - [MESSAGE][INFO] - HAR: D:\DMS\Engine Scoring\Reports\20221128_153400\Exclude KKB - DS - Married\Scoring Married - CS New\20221128_153401\requests\main\70.har

2022-11-28 15:38:09 - [MESSAGE][PASSED] - Send request successfully

2022-11-28 15:38:09 - [TEST_STEP][PASSED] - slurper = new groovy.json.JsonSlurper(): null

2022-11-28 15:38:09 - [TEST_STEP][PASSED] - result = slurper.parseText(req_data.getResponseBodyContent()): null

2022-11-28 15:38:09 - [TEST_STEP][PASSED] - reqid_kons = requestid1: null

2022-11-28 15:38:09 - [TEST_STEP][PASSED] - reqid_spouse = requestid2: null

2022-11-28 15:38:09 - [TEST_STEP][PASSED] - println("requestid kons : " + reqid_kons): null

2022-11-28 15:38:09 - [TEST_STEP][PASSED] - response_searchME_kons = reqid_kons: null

2022-11-28 15:38:09 - [TEST_STEP][PASSED] - response_searchME_spouse = reqid_spouse: null

2022-11-28 15:38:09 - [TEST_STEP][PASSED] - println("kons req id is :" + response_searchME_kons): null

2022-11-28 15:38:09 - [TEST_STEP][PASSED] - println("spouse req id is : " + response_searchME_spouse): null

2022-11-28 15:38:09 - [TEST_STEP][PASSED] - verifyResponseStatusCode(req_data, 200): Verify response status code successfully

2022-11-28 15:38:09 - [MESSAGE][PASSED] - Verify response status code successfully

2022-11-28 15:38:09 - [TEST_STEP][PASSED] - response = req_data.getResponseText(): null

2022-11-28 15:38:09 - [TEST_STEP][PASSED] - logInfo($response): {"status":"Done","data":{"requestid1":"256470","requestid2":"256471"}}

2022-11-28 15:38:09 - [MESSAGE][INFO] - {"status":"Done","data":{"requestid1":"256470","requestid2":"256471"}}

2022-11-28 15:38:09 - [TEST_STEP][PASSED] - delay(5): Delayed 5 second(s)

2022-11-28 15:38:14 - [MESSAGE][PASSED] - Delayed 5 second(s)

2022-11-28 15:38:14 - [TEST_STEP][PASSED] - scoring = sendRequest(findTestObject("EngineScore", ["response_searchME_kons":response_searchME_kons, "response_searchME_spouse":response_searchME_spouse])): Send request successfully

2022-11-28 15:38:14 - [MESSAGE][INFO] - HAR: D:\DMS\Engine Scoring\Reports\20221128_153400\Exclude KKB - DS - Married\Scoring Married - CS New\20221128_153401\requests\main\71.har

2022-11-28 15:38:14 - [MESSAGE][PASSED] - Send request successfully

2022-11-28 15:38:14 - [TEST_STEP][PASSED] - verifyResponseStatusCode(scoring, 200): Verify response status code successfully

2022-11-28 15:38:14 - [MESSAGE][PASSED] - Verify response status code successfully

2022-11-28 15:38:14 - [TEST_STEP][PASSED] - response2 = scoring.getResponseText(): null

2022-11-28 15:38:14 - [TEST_STEP][PASSED] - markPassed("result service data ke : " + no): result service data ke : 36

2022-11-28 15:38:14 - [MESSAGE][PASSED] - result service data ke : 36

2022-11-28 15:38:14 - [TEST_STEP][PASSED] - logInfo($response2): {"result_konsumen":"Reject","result_pasangan":"Reject","Final_result":"Reject","errorMessage":"","status":"Done"}

2022-11-28 15:38:14 - [MESSAGE][INFO] - {"result_konsumen":"Reject","result_pasangan":"Reject","Final_result":"Reject","errorMessage":"","status":"Done"}

2022-11-28 15:38:14 - [TEST_STEP][PASSED] - verifyElementPropertyValue(scoring, "Final_result", final_result): Verify element property value successfully

2022-11-28 15:38:14 - [MESSAGE][PASSED] - Verify element property value successfully]]></system-out>
         <system-err><![CDATA[]]></system-err>
      </testcase>
      <system-out><![CDATA[2022-11-28 15:34:11 - [TEST_SUITE][PASSED] - Scoring Married - CS New: Test Cases/Engine_Scoring/Engine Scoring]]></system-out>
      <system-err><![CDATA[]]></system-err>
   </testsuite>
</testsuites>
