<?xml version="1.0" encoding="UTF-8"?>
<testsuites name="Scoring Individu - CS" time="23.191" tests="3" failures="0" errors="0">
   <testsuite name="Scoring Individu - CS" tests="3" failures="0" errors="0" time="23.191" skipped="0" timestamp="2022-12-01 09:53:43" hostname="bcafmaster - WPI20220318001.bcaf.co.id" id="Test Suites/Exclude KKB - DS - Single/Scoring Individu - CS">
      <properties>
         <property name="deviceName" value=""/>
         <property name="devicePlatform" value=""/>
         <property name="logFolder" value="D:\\DMS\\Engine Scoring\\Reports\\20221201_095259\\Exclude KKB - DS - Single\\Scoring Individu - CS\\20221201_095259"/>
         <property name="logFiles" value="D:\\DMS\\Engine Scoring\\Reports\\20221201_095259\\Exclude KKB - DS - Single\\Scoring Individu - CS\\20221201_095259\\execution0.log"/>
         <property name="attachments" value=""/>
         <property name="hostName" value="bcafmaster - WPI20220318001.bcaf.co.id"/>
         <property name="hostAddress" value="10.10.8.57"/>
         <property name="os" value="Windows 10 64bit"/>
         <property name="katalonVersion" value="8.2.5.208"/>
      </properties>
      <testcase name="Test Cases/Engine_Scoring/Engine Scoring" time="8.749" classname="Test Cases/Engine_Scoring/Engine Scoring" status="PASSED">
         <system-out><![CDATA[2022-12-01 09:53:44 - [TEST_CASE][PASSED] - Test Cases/Engine_Scoring/Engine Scoring: Test Cases/Engine_Scoring/Engine Scoring

2022-12-01 09:53:45 - [TEST_STEP][PASSED] - markPassed("Variasi data ke : " + no): Variasi data ke : 1

2022-12-01 09:53:45 - [MESSAGE][PASSED] - Variasi data ke : 1

2022-12-01 09:53:45 - [TEST_STEP][PASSED] - req_data = sendRequest(findTestObject("Search_ME", ["MID":MID, "source":source, "ip":ip, "userid":userid, "branch":branch, "tipekons":tipekons, "marital":marital, "penjamin":penjamin, ... ])): Send request successfully

2022-12-01 09:53:47 - [MESSAGE][INFO] - HAR: D:\DMS\Engine Scoring\Reports\20221201_095259\Exclude KKB - DS - Single\Scoring Individu - CS\20221201_095259\requests\main\0.har

2022-12-01 09:53:47 - [MESSAGE][PASSED] - Send request successfully

2022-12-01 09:53:47 - [TEST_STEP][PASSED] - slurper = new groovy.json.JsonSlurper(): null

2022-12-01 09:53:47 - [TEST_STEP][PASSED] - result = slurper.parseText(req_data.getResponseBodyContent()): null

2022-12-01 09:53:47 - [TEST_STEP][PASSED] - reqid_kons = requestid1: null

2022-12-01 09:53:47 - [TEST_STEP][PASSED] - reqid_spouse = requestid2: null

2022-12-01 09:53:47 - [TEST_STEP][PASSED] - println("requestid kons : " + reqid_kons): null

2022-12-01 09:53:47 - [TEST_STEP][PASSED] - response_searchME_kons = reqid_kons: null

2022-12-01 09:53:47 - [TEST_STEP][PASSED] - response_searchME_spouse = reqid_spouse: null

2022-12-01 09:53:47 - [TEST_STEP][PASSED] - println("kons req id is :" + response_searchME_kons): null

2022-12-01 09:53:47 - [TEST_STEP][PASSED] - println("spouse req id is : " + response_searchME_spouse): null

2022-12-01 09:53:47 - [TEST_STEP][PASSED] - verifyResponseStatusCode(req_data, 200): Verify response status code successfully

2022-12-01 09:53:47 - [MESSAGE][PASSED] - Verify response status code successfully

2022-12-01 09:53:47 - [TEST_STEP][PASSED] - response = req_data.getResponseText(): null

2022-12-01 09:53:47 - [TEST_STEP][PASSED] - logInfo($response): {"status":"Done","data":{"requestid1":"24","requestid2":""}}

2022-12-01 09:53:47 - [MESSAGE][INFO] - {"status":"Done","data":{"requestid1":"24","requestid2":""}}

2022-12-01 09:53:47 - [TEST_STEP][PASSED] - delay(5): Delayed 5 second(s)

2022-12-01 09:53:52 - [MESSAGE][PASSED] - Delayed 5 second(s)

2022-12-01 09:53:52 - [TEST_STEP][PASSED] - scoring = sendRequest(findTestObject("EngineScore", ["response_searchME_kons":response_searchME_kons, "response_searchME_spouse":response_searchME_spouse])): Send request successfully

2022-12-01 09:53:52 - [MESSAGE][INFO] - HAR: D:\DMS\Engine Scoring\Reports\20221201_095259\Exclude KKB - DS - Single\Scoring Individu - CS\20221201_095259\requests\main\1.har

2022-12-01 09:53:52 - [MESSAGE][PASSED] - Send request successfully

2022-12-01 09:53:52 - [TEST_STEP][PASSED] - verifyResponseStatusCode(scoring, 200): Verify response status code successfully

2022-12-01 09:53:52 - [MESSAGE][PASSED] - Verify response status code successfully

2022-12-01 09:53:52 - [TEST_STEP][PASSED] - response2 = scoring.getResponseText(): null

2022-12-01 09:53:52 - [TEST_STEP][PASSED] - markPassed("result service data ke : " + no): result service data ke : 1

2022-12-01 09:53:52 - [MESSAGE][PASSED] - result service data ke : 1

2022-12-01 09:53:52 - [TEST_STEP][PASSED] - logInfo($response2): {"result_konsumen":"Approve","result_pasangan":"","Final_result":"Approve","errorMessage":"","status":"Done"}

2022-12-01 09:53:52 - [MESSAGE][INFO] - {"result_konsumen":"Approve","result_pasangan":"","Final_result":"Approve","errorMessage":"","status":"Done"}

2022-12-01 09:53:52 - [TEST_STEP][PASSED] - verifyElementPropertyValue(scoring, "Final_result", final_result): Verify element property value successfully

2022-12-01 09:53:52 - [MESSAGE][PASSED] - Verify element property value successfully]]></system-out>
         <system-err><![CDATA[]]></system-err>
      </testcase>
      <testcase name="Test Cases/Engine_Scoring/Engine Scoring" time="7.371" classname="Test Cases/Engine_Scoring/Engine Scoring" status="PASSED">
         <system-out><![CDATA[2022-12-01 09:53:52 - [TEST_CASE][PASSED] - Test Cases/Engine_Scoring/Engine Scoring: Test Cases/Engine_Scoring/Engine Scoring

2022-12-01 09:53:54 - [TEST_STEP][PASSED] - markPassed("Variasi data ke : " + no): Variasi data ke : 2

2022-12-01 09:53:54 - [MESSAGE][PASSED] - Variasi data ke : 2

2022-12-01 09:53:54 - [TEST_STEP][PASSED] - req_data = sendRequest(findTestObject("Search_ME", ["MID":MID, "source":source, "ip":ip, "userid":userid, "branch":branch, "tipekons":tipekons, "marital":marital, "penjamin":penjamin, ... ])): Send request successfully

2022-12-01 09:53:55 - [MESSAGE][INFO] - HAR: D:\DMS\Engine Scoring\Reports\20221201_095259\Exclude KKB - DS - Single\Scoring Individu - CS\20221201_095259\requests\main\2.har

2022-12-01 09:53:55 - [MESSAGE][PASSED] - Send request successfully

2022-12-01 09:53:55 - [TEST_STEP][PASSED] - slurper = new groovy.json.JsonSlurper(): null

2022-12-01 09:53:55 - [TEST_STEP][PASSED] - result = slurper.parseText(req_data.getResponseBodyContent()): null

2022-12-01 09:53:55 - [TEST_STEP][PASSED] - reqid_kons = requestid1: null

2022-12-01 09:53:55 - [TEST_STEP][PASSED] - reqid_spouse = requestid2: null

2022-12-01 09:53:55 - [TEST_STEP][PASSED] - println("requestid kons : " + reqid_kons): null

2022-12-01 09:53:55 - [TEST_STEP][PASSED] - response_searchME_kons = reqid_kons: null

2022-12-01 09:53:55 - [TEST_STEP][PASSED] - response_searchME_spouse = reqid_spouse: null

2022-12-01 09:53:55 - [TEST_STEP][PASSED] - println("kons req id is :" + response_searchME_kons): null

2022-12-01 09:53:55 - [TEST_STEP][PASSED] - println("spouse req id is : " + response_searchME_spouse): null

2022-12-01 09:53:55 - [TEST_STEP][PASSED] - verifyResponseStatusCode(req_data, 200): Verify response status code successfully

2022-12-01 09:53:55 - [MESSAGE][PASSED] - Verify response status code successfully

2022-12-01 09:53:55 - [TEST_STEP][PASSED] - response = req_data.getResponseText(): null

2022-12-01 09:53:55 - [TEST_STEP][PASSED] - logInfo($response): {"status":"Done","data":{"requestid1":"25","requestid2":""}}

2022-12-01 09:53:55 - [MESSAGE][INFO] - {"status":"Done","data":{"requestid1":"25","requestid2":""}}

2022-12-01 09:53:55 - [TEST_STEP][PASSED] - delay(5): Delayed 5 second(s)

2022-12-01 09:54:00 - [MESSAGE][PASSED] - Delayed 5 second(s)

2022-12-01 09:54:00 - [TEST_STEP][PASSED] - scoring = sendRequest(findTestObject("EngineScore", ["response_searchME_kons":response_searchME_kons, "response_searchME_spouse":response_searchME_spouse])): Send request successfully

2022-12-01 09:54:00 - [MESSAGE][INFO] - HAR: D:\DMS\Engine Scoring\Reports\20221201_095259\Exclude KKB - DS - Single\Scoring Individu - CS\20221201_095259\requests\main\3.har

2022-12-01 09:54:00 - [MESSAGE][PASSED] - Send request successfully

2022-12-01 09:54:00 - [TEST_STEP][PASSED] - verifyResponseStatusCode(scoring, 200): Verify response status code successfully

2022-12-01 09:54:00 - [MESSAGE][PASSED] - Verify response status code successfully

2022-12-01 09:54:00 - [TEST_STEP][PASSED] - response2 = scoring.getResponseText(): null

2022-12-01 09:54:00 - [TEST_STEP][PASSED] - markPassed("result service data ke : " + no): result service data ke : 2

2022-12-01 09:54:00 - [MESSAGE][PASSED] - result service data ke : 2

2022-12-01 09:54:00 - [TEST_STEP][PASSED] - logInfo($response2): {"result_konsumen":"Approve","result_pasangan":"","Final_result":"Approve","errorMessage":"","status":"Done"}

2022-12-01 09:54:00 - [MESSAGE][INFO] - {"result_konsumen":"Approve","result_pasangan":"","Final_result":"Approve","errorMessage":"","status":"Done"}

2022-12-01 09:54:00 - [TEST_STEP][PASSED] - verifyElementPropertyValue(scoring, "Final_result", final_result): Verify element property value successfully

2022-12-01 09:54:00 - [MESSAGE][PASSED] - Verify element property value successfully]]></system-out>
         <system-err><![CDATA[]]></system-err>
      </testcase>
      <testcase name="Test Cases/Engine_Scoring/Engine Scoring" time="6.697" classname="Test Cases/Engine_Scoring/Engine Scoring" status="PASSED">
         <system-out><![CDATA[2022-12-01 09:54:00 - [TEST_CASE][PASSED] - Test Cases/Engine_Scoring/Engine Scoring: Test Cases/Engine_Scoring/Engine Scoring

2022-12-01 09:54:01 - [TEST_STEP][PASSED] - markPassed("Variasi data ke : " + no): Variasi data ke : 3

2022-12-01 09:54:01 - [MESSAGE][PASSED] - Variasi data ke : 3

2022-12-01 09:54:01 - [TEST_STEP][PASSED] - req_data = sendRequest(findTestObject("Search_ME", ["MID":MID, "source":source, "ip":ip, "userid":userid, "branch":branch, "tipekons":tipekons, "marital":marital, "penjamin":penjamin, ... ])): Send request successfully

2022-12-01 09:54:01 - [MESSAGE][INFO] - HAR: D:\DMS\Engine Scoring\Reports\20221201_095259\Exclude KKB - DS - Single\Scoring Individu - CS\20221201_095259\requests\main\4.har

2022-12-01 09:54:01 - [MESSAGE][PASSED] - Send request successfully

2022-12-01 09:54:01 - [TEST_STEP][PASSED] - slurper = new groovy.json.JsonSlurper(): null

2022-12-01 09:54:01 - [TEST_STEP][PASSED] - result = slurper.parseText(req_data.getResponseBodyContent()): null

2022-12-01 09:54:01 - [TEST_STEP][PASSED] - reqid_kons = requestid1: null

2022-12-01 09:54:01 - [TEST_STEP][PASSED] - reqid_spouse = requestid2: null

2022-12-01 09:54:01 - [TEST_STEP][PASSED] - println("requestid kons : " + reqid_kons): null

2022-12-01 09:54:01 - [TEST_STEP][PASSED] - response_searchME_kons = reqid_kons: null

2022-12-01 09:54:01 - [TEST_STEP][PASSED] - response_searchME_spouse = reqid_spouse: null

2022-12-01 09:54:01 - [TEST_STEP][PASSED] - println("kons req id is :" + response_searchME_kons): null

2022-12-01 09:54:01 - [TEST_STEP][PASSED] - println("spouse req id is : " + response_searchME_spouse): null

2022-12-01 09:54:01 - [TEST_STEP][PASSED] - verifyResponseStatusCode(req_data, 200): Verify response status code successfully

2022-12-01 09:54:01 - [MESSAGE][PASSED] - Verify response status code successfully

2022-12-01 09:54:01 - [TEST_STEP][PASSED] - response = req_data.getResponseText(): null

2022-12-01 09:54:01 - [TEST_STEP][PASSED] - logInfo($response): {"status":"Done","data":{"requestid1":"26","requestid2":""}}

2022-12-01 09:54:01 - [MESSAGE][INFO] - {"status":"Done","data":{"requestid1":"26","requestid2":""}}

2022-12-01 09:54:01 - [TEST_STEP][PASSED] - delay(5): Delayed 5 second(s)

2022-12-01 09:54:06 - [MESSAGE][PASSED] - Delayed 5 second(s)

2022-12-01 09:54:06 - [TEST_STEP][PASSED] - scoring = sendRequest(findTestObject("EngineScore", ["response_searchME_kons":response_searchME_kons, "response_searchME_spouse":response_searchME_spouse])): Send request successfully

2022-12-01 09:54:07 - [MESSAGE][INFO] - HAR: D:\DMS\Engine Scoring\Reports\20221201_095259\Exclude KKB - DS - Single\Scoring Individu - CS\20221201_095259\requests\main\5.har

2022-12-01 09:54:07 - [MESSAGE][PASSED] - Send request successfully

2022-12-01 09:54:07 - [TEST_STEP][PASSED] - verifyResponseStatusCode(scoring, 200): Verify response status code successfully

2022-12-01 09:54:07 - [MESSAGE][PASSED] - Verify response status code successfully

2022-12-01 09:54:07 - [TEST_STEP][PASSED] - response2 = scoring.getResponseText(): null

2022-12-01 09:54:07 - [TEST_STEP][PASSED] - markPassed("result service data ke : " + no): result service data ke : 3

2022-12-01 09:54:07 - [MESSAGE][PASSED] - result service data ke : 3

2022-12-01 09:54:07 - [TEST_STEP][PASSED] - logInfo($response2): {"result_konsumen":"Approve","result_pasangan":"","Final_result":"Approve","errorMessage":"","status":"Done"}

2022-12-01 09:54:07 - [MESSAGE][INFO] - {"result_konsumen":"Approve","result_pasangan":"","Final_result":"Approve","errorMessage":"","status":"Done"}

2022-12-01 09:54:07 - [TEST_STEP][PASSED] - verifyElementPropertyValue(scoring, "Final_result", final_result): Verify element property value successfully

2022-12-01 09:54:07 - [MESSAGE][PASSED] - Verify element property value successfully]]></system-out>
         <system-err><![CDATA[]]></system-err>
      </testcase>
      <system-out><![CDATA[2022-12-01 09:53:43 - [TEST_SUITE][PASSED] - Scoring Individu - CS: Test Cases/Engine_Scoring/Engine Scoring]]></system-out>
      <system-err><![CDATA[]]></system-err>
   </testsuite>
</testsuites>
