<?xml version="1.0" encoding="UTF-8"?>
<testsuites name="Scoring Married - CS New" time="878.637" tests="126" failures="7" errors="0">
   <testsuite name="Scoring Married - CS New" tests="126" failures="7" errors="0" time="878.637" skipped="0" timestamp="2022-11-25 10:00:45" hostname="bcafmaster - WPI20220318001.bcaf.co.id" id="Test Suites/Exclude KKB - DS - Married/Scoring Married - CS New">
      <properties>
         <property name="deviceName" value=""/>
         <property name="devicePlatform" value=""/>
         <property name="logFolder" value="D:\\DMS\\Engine Scoring\\Reports\\20221125_100036\\Exclude KKB - DS - Married\\Scoring Married - CS New\\20221125_100036"/>
         <property name="logFiles" value="D:\\DMS\\Engine Scoring\\Reports\\20221125_100036\\Exclude KKB - DS - Married\\Scoring Married - CS New\\20221125_100036\\execution0.log, D:\\DMS\\Engine Scoring\\Reports\\20221125_100036\\Exclude KKB - DS - Married\\Scoring Married - CS New\\20221125_100036\\execution1.log"/>
         <property name="attachments" value=""/>
         <property name="hostName" value="bcafmaster - WPI20220318001.bcaf.co.id"/>
         <property name="hostAddress" value="10.10.8.57"/>
         <property name="os" value="Windows 10 64bit"/>
         <property name="katalonVersion" value="8.2.5.208"/>
      </properties>
      <testcase name="Test Cases/Engine_Scoring/Engine Scoring" time="8.322" classname="Test Cases/Engine_Scoring/Engine Scoring" status="PASSED">
         <system-out><![CDATA[2022-11-25 10:00:46 - [TEST_CASE][PASSED] - Test Cases/Engine_Scoring/Engine Scoring: Test Cases/Engine_Scoring/Engine Scoring

2022-11-25 10:00:47 - [TEST_STEP][PASSED] - markPassed("Variasi data ke : " + no): Variasi data ke : 1

2022-11-25 10:00:47 - [MESSAGE][PASSED] - Variasi data ke : 1

2022-11-25 10:00:47 - [TEST_STEP][PASSED] - req_data = sendRequest(findTestObject("Search_ME", ["MID":MID, "source":source, "ip":ip, "userid":userid, "branch":branch, "tipekons":tipekons, "marital":marital, "penjamin":penjamin, ... ])): Send request successfully

2022-11-25 10:00:49 - [MESSAGE][INFO] - HAR: D:\DMS\Engine Scoring\Reports\20221125_100036\Exclude KKB - DS - Married\Scoring Married - CS New\20221125_100036\requests\main\0.har

2022-11-25 10:00:49 - [MESSAGE][PASSED] - Send request successfully

2022-11-25 10:00:49 - [TEST_STEP][PASSED] - slurper = new groovy.json.JsonSlurper(): null

2022-11-25 10:00:49 - [TEST_STEP][PASSED] - result = slurper.parseText(req_data.getResponseBodyContent()): null

2022-11-25 10:00:49 - [TEST_STEP][PASSED] - reqid_kons = requestid1: null

2022-11-25 10:00:49 - [TEST_STEP][PASSED] - reqid_spouse = requestid2: null

2022-11-25 10:00:49 - [TEST_STEP][PASSED] - println("requestid kons : " + reqid_kons): null

2022-11-25 10:00:49 - [TEST_STEP][PASSED] - response_searchME_kons = reqid_kons: null

2022-11-25 10:00:49 - [TEST_STEP][PASSED] - response_searchME_spouse = reqid_spouse: null

2022-11-25 10:00:49 - [TEST_STEP][PASSED] - println("kons req id is :" + response_searchME_kons): null

2022-11-25 10:00:49 - [TEST_STEP][PASSED] - println("spouse req id is : " + response_searchME_spouse): null

2022-11-25 10:00:49 - [TEST_STEP][PASSED] - verifyResponseStatusCode(req_data, 200): Verify response status code successfully

2022-11-25 10:00:49 - [MESSAGE][PASSED] - Verify response status code successfully

2022-11-25 10:00:49 - [TEST_STEP][PASSED] - response = req_data.getResponseText(): null

2022-11-25 10:00:49 - [TEST_STEP][PASSED] - logInfo($response): {"status":"Done","data":{"requestid1":"255441","requestid2":"255442"}}

2022-11-25 10:00:49 - [MESSAGE][INFO] - {"status":"Done","data":{"requestid1":"255441","requestid2":"255442"}}

2022-11-25 10:00:49 - [TEST_STEP][PASSED] - delay(5): Delayed 5 second(s)

2022-11-25 10:00:54 - [MESSAGE][PASSED] - Delayed 5 second(s)

2022-11-25 10:00:54 - [TEST_STEP][PASSED] - scoring = sendRequest(findTestObject("EngineScore", ["response_searchME_kons":response_searchME_kons, "response_searchME_spouse":response_searchME_spouse])): Send request successfully

2022-11-25 10:00:54 - [MESSAGE][INFO] - HAR: D:\DMS\Engine Scoring\Reports\20221125_100036\Exclude KKB - DS - Married\Scoring Married - CS New\20221125_100036\requests\main\1.har

2022-11-25 10:00:54 - [MESSAGE][PASSED] - Send request successfully

2022-11-25 10:00:54 - [TEST_STEP][PASSED] - verifyResponseStatusCode(scoring, 200): Verify response status code successfully

2022-11-25 10:00:54 - [MESSAGE][PASSED] - Verify response status code successfully

2022-11-25 10:00:54 - [TEST_STEP][PASSED] - response2 = scoring.getResponseText(): null

2022-11-25 10:00:54 - [TEST_STEP][PASSED] - markPassed("result service data ke : " + no): result service data ke : 1

2022-11-25 10:00:54 - [MESSAGE][PASSED] - result service data ke : 1

2022-11-25 10:00:54 - [TEST_STEP][PASSED] - logInfo($response2): {"result_konsumen":"Reguler","result_pasangan":"Reguler","Final_result":"Reguler","errorMessage":"","status":"Done"}

2022-11-25 10:00:54 - [MESSAGE][INFO] - {"result_konsumen":"Reguler","result_pasangan":"Reguler","Final_result":"Reguler","errorMessage":"","status":"Done"}

2022-11-25 10:00:54 - [TEST_STEP][PASSED] - verifyElementPropertyValue(scoring, "Final_result", final_result): Verify element property value successfully

2022-11-25 10:00:54 - [MESSAGE][PASSED] - Verify element property value successfully]]></system-out>
         <system-err><![CDATA[]]></system-err>
      </testcase>
      <testcase name="Test Cases/Engine_Scoring/Engine Scoring" time="6.86" classname="Test Cases/Engine_Scoring/Engine Scoring" status="PASSED">
         <system-out><![CDATA[2022-11-25 10:00:54 - [TEST_CASE][PASSED] - Test Cases/Engine_Scoring/Engine Scoring: Test Cases/Engine_Scoring/Engine Scoring

2022-11-25 10:00:55 - [TEST_STEP][PASSED] - markPassed("Variasi data ke : " + no): Variasi data ke : 2

2022-11-25 10:00:55 - [MESSAGE][PASSED] - Variasi data ke : 2

2022-11-25 10:00:55 - [TEST_STEP][PASSED] - req_data = sendRequest(findTestObject("Search_ME", ["MID":MID, "source":source, "ip":ip, "userid":userid, "branch":branch, "tipekons":tipekons, "marital":marital, "penjamin":penjamin, ... ])): Send request successfully

2022-11-25 10:00:56 - [MESSAGE][INFO] - HAR: D:\DMS\Engine Scoring\Reports\20221125_100036\Exclude KKB - DS - Married\Scoring Married - CS New\20221125_100036\requests\main\2.har

2022-11-25 10:00:56 - [MESSAGE][PASSED] - Send request successfully

2022-11-25 10:00:56 - [TEST_STEP][PASSED] - slurper = new groovy.json.JsonSlurper(): null

2022-11-25 10:00:56 - [TEST_STEP][PASSED] - result = slurper.parseText(req_data.getResponseBodyContent()): null

2022-11-25 10:00:56 - [TEST_STEP][PASSED] - reqid_kons = requestid1: null

2022-11-25 10:00:56 - [TEST_STEP][PASSED] - reqid_spouse = requestid2: null

2022-11-25 10:00:56 - [TEST_STEP][PASSED] - println("requestid kons : " + reqid_kons): null

2022-11-25 10:00:56 - [TEST_STEP][PASSED] - response_searchME_kons = reqid_kons: null

2022-11-25 10:00:56 - [TEST_STEP][PASSED] - response_searchME_spouse = reqid_spouse: null

2022-11-25 10:00:56 - [TEST_STEP][PASSED] - println("kons req id is :" + response_searchME_kons): null

2022-11-25 10:00:56 - [TEST_STEP][PASSED] - println("spouse req id is : " + response_searchME_spouse): null

2022-11-25 10:00:56 - [TEST_STEP][PASSED] - verifyResponseStatusCode(req_data, 200): Verify response status code successfully

2022-11-25 10:00:56 - [MESSAGE][PASSED] - Verify response status code successfully

2022-11-25 10:00:56 - [TEST_STEP][PASSED] - response = req_data.getResponseText(): null

2022-11-25 10:00:56 - [TEST_STEP][PASSED] - logInfo($response): {"status":"Done","data":{"requestid1":"255443","requestid2":"255444"}}

2022-11-25 10:00:56 - [MESSAGE][INFO] - {"status":"Done","data":{"requestid1":"255443","requestid2":"255444"}}

2022-11-25 10:00:56 - [TEST_STEP][PASSED] - delay(5): Delayed 5 second(s)

2022-11-25 10:01:01 - [MESSAGE][PASSED] - Delayed 5 second(s)

2022-11-25 10:01:01 - [TEST_STEP][PASSED] - scoring = sendRequest(findTestObject("EngineScore", ["response_searchME_kons":response_searchME_kons, "response_searchME_spouse":response_searchME_spouse])): Send request successfully

2022-11-25 10:01:01 - [MESSAGE][INFO] - HAR: D:\DMS\Engine Scoring\Reports\20221125_100036\Exclude KKB - DS - Married\Scoring Married - CS New\20221125_100036\requests\main\3.har

2022-11-25 10:01:01 - [MESSAGE][PASSED] - Send request successfully

2022-11-25 10:01:01 - [TEST_STEP][PASSED] - verifyResponseStatusCode(scoring, 200): Verify response status code successfully

2022-11-25 10:01:01 - [MESSAGE][PASSED] - Verify response status code successfully

2022-11-25 10:01:01 - [TEST_STEP][PASSED] - response2 = scoring.getResponseText(): null

2022-11-25 10:01:01 - [TEST_STEP][PASSED] - markPassed("result service data ke : " + no): result service data ke : 2

2022-11-25 10:01:01 - [MESSAGE][PASSED] - result service data ke : 2

2022-11-25 10:01:01 - [TEST_STEP][PASSED] - logInfo($response2): {"result_konsumen":"Reguler","result_pasangan":"Reguler","Final_result":"Reguler","errorMessage":"","status":"Done"}

2022-11-25 10:01:01 - [MESSAGE][INFO] - {"result_konsumen":"Reguler","result_pasangan":"Reguler","Final_result":"Reguler","errorMessage":"","status":"Done"}

2022-11-25 10:01:01 - [TEST_STEP][PASSED] - verifyElementPropertyValue(scoring, "Final_result", final_result): Verify element property value successfully

2022-11-25 10:01:01 - [MESSAGE][PASSED] - Verify element property value successfully]]></system-out>
         <system-err><![CDATA[]]></system-err>
      </testcase>
      <testcase name="Test Cases/Engine_Scoring/Engine Scoring" time="6.708" classname="Test Cases/Engine_Scoring/Engine Scoring" status="PASSED">
         <system-out><![CDATA[2022-11-25 10:01:01 - [TEST_CASE][PASSED] - Test Cases/Engine_Scoring/Engine Scoring: Test Cases/Engine_Scoring/Engine Scoring

2022-11-25 10:01:02 - [TEST_STEP][PASSED] - markPassed("Variasi data ke : " + no): Variasi data ke : 3

2022-11-25 10:01:02 - [MESSAGE][PASSED] - Variasi data ke : 3

2022-11-25 10:01:02 - [TEST_STEP][PASSED] - req_data = sendRequest(findTestObject("Search_ME", ["MID":MID, "source":source, "ip":ip, "userid":userid, "branch":branch, "tipekons":tipekons, "marital":marital, "penjamin":penjamin, ... ])): Send request successfully

2022-11-25 10:01:03 - [MESSAGE][INFO] - HAR: D:\DMS\Engine Scoring\Reports\20221125_100036\Exclude KKB - DS - Married\Scoring Married - CS New\20221125_100036\requests\main\4.har

2022-11-25 10:01:03 - [MESSAGE][PASSED] - Send request successfully

2022-11-25 10:01:03 - [TEST_STEP][PASSED] - slurper = new groovy.json.JsonSlurper(): null

2022-11-25 10:01:03 - [TEST_STEP][PASSED] - result = slurper.parseText(req_data.getResponseBodyContent()): null

2022-11-25 10:01:03 - [TEST_STEP][PASSED] - reqid_kons = requestid1: null

2022-11-25 10:01:03 - [TEST_STEP][PASSED] - reqid_spouse = requestid2: null

2022-11-25 10:01:03 - [TEST_STEP][PASSED] - println("requestid kons : " + reqid_kons): null

2022-11-25 10:01:03 - [TEST_STEP][PASSED] - response_searchME_kons = reqid_kons: null

2022-11-25 10:01:03 - [TEST_STEP][PASSED] - response_searchME_spouse = reqid_spouse: null

2022-11-25 10:01:03 - [TEST_STEP][PASSED] - println("kons req id is :" + response_searchME_kons): null

2022-11-25 10:01:03 - [TEST_STEP][PASSED] - println("spouse req id is : " + response_searchME_spouse): null

2022-11-25 10:01:03 - [TEST_STEP][PASSED] - verifyResponseStatusCode(req_data, 200): Verify response status code successfully

2022-11-25 10:01:03 - [MESSAGE][PASSED] - Verify response status code successfully

2022-11-25 10:01:03 - [TEST_STEP][PASSED] - response = req_data.getResponseText(): null

2022-11-25 10:01:03 - [TEST_STEP][PASSED] - logInfo($response): {"status":"Done","data":{"requestid1":"255445","requestid2":"255446"}}

2022-11-25 10:01:03 - [MESSAGE][INFO] - {"status":"Done","data":{"requestid1":"255445","requestid2":"255446"}}

2022-11-25 10:01:03 - [TEST_STEP][PASSED] - delay(5): Delayed 5 second(s)

2022-11-25 10:01:08 - [MESSAGE][PASSED] - Delayed 5 second(s)

2022-11-25 10:01:08 - [TEST_STEP][PASSED] - scoring = sendRequest(findTestObject("EngineScore", ["response_searchME_kons":response_searchME_kons, "response_searchME_spouse":response_searchME_spouse])): Send request successfully

2022-11-25 10:01:08 - [MESSAGE][INFO] - HAR: D:\DMS\Engine Scoring\Reports\20221125_100036\Exclude KKB - DS - Married\Scoring Married - CS New\20221125_100036\requests\main\5.har

2022-11-25 10:01:08 - [MESSAGE][PASSED] - Send request successfully

2022-11-25 10:01:08 - [TEST_STEP][PASSED] - verifyResponseStatusCode(scoring, 200): Verify response status code successfully

2022-11-25 10:01:08 - [MESSAGE][PASSED] - Verify response status code successfully

2022-11-25 10:01:08 - [TEST_STEP][PASSED] - response2 = scoring.getResponseText(): null

2022-11-25 10:01:08 - [TEST_STEP][PASSED] - markPassed("result service data ke : " + no): result service data ke : 3

2022-11-25 10:01:08 - [MESSAGE][PASSED] - result service data ke : 3

2022-11-25 10:01:08 - [TEST_STEP][PASSED] - logInfo($response2): {"result_konsumen":"Reguler","result_pasangan":"Reguler","Final_result":"Reguler","errorMessage":"","status":"Done"}

2022-11-25 10:01:08 - [MESSAGE][INFO] - {"result_konsumen":"Reguler","result_pasangan":"Reguler","Final_result":"Reguler","errorMessage":"","status":"Done"}

2022-11-25 10:01:08 - [TEST_STEP][PASSED] - verifyElementPropertyValue(scoring, "Final_result", final_result): Verify element property value successfully

2022-11-25 10:01:08 - [MESSAGE][PASSED] - Verify element property value successfully]]></system-out>
         <system-err><![CDATA[]]></system-err>
      </testcase>
      <testcase name="Test Cases/Engine_Scoring/Engine Scoring" time="6.722" classname="Test Cases/Engine_Scoring/Engine Scoring" status="PASSED">
         <system-out><![CDATA[2022-11-25 10:01:08 - [TEST_CASE][PASSED] - Test Cases/Engine_Scoring/Engine Scoring: Test Cases/Engine_Scoring/Engine Scoring

2022-11-25 10:01:08 - [TEST_STEP][PASSED] - markPassed("Variasi data ke : " + no): Variasi data ke : 4

2022-11-25 10:01:08 - [MESSAGE][PASSED] - Variasi data ke : 4

2022-11-25 10:01:08 - [TEST_STEP][PASSED] - req_data = sendRequest(findTestObject("Search_ME", ["MID":MID, "source":source, "ip":ip, "userid":userid, "branch":branch, "tipekons":tipekons, "marital":marital, "penjamin":penjamin, ... ])): Send request successfully

2022-11-25 10:01:09 - [MESSAGE][INFO] - HAR: D:\DMS\Engine Scoring\Reports\20221125_100036\Exclude KKB - DS - Married\Scoring Married - CS New\20221125_100036\requests\main\6.har

2022-11-25 10:01:09 - [MESSAGE][PASSED] - Send request successfully

2022-11-25 10:01:09 - [TEST_STEP][PASSED] - slurper = new groovy.json.JsonSlurper(): null

2022-11-25 10:01:09 - [TEST_STEP][PASSED] - result = slurper.parseText(req_data.getResponseBodyContent()): null

2022-11-25 10:01:09 - [TEST_STEP][PASSED] - reqid_kons = requestid1: null

2022-11-25 10:01:09 - [TEST_STEP][PASSED] - reqid_spouse = requestid2: null

2022-11-25 10:01:09 - [TEST_STEP][PASSED] - println("requestid kons : " + reqid_kons): null

2022-11-25 10:01:09 - [TEST_STEP][PASSED] - response_searchME_kons = reqid_kons: null

2022-11-25 10:01:09 - [TEST_STEP][PASSED] - response_searchME_spouse = reqid_spouse: null

2022-11-25 10:01:09 - [TEST_STEP][PASSED] - println("kons req id is :" + response_searchME_kons): null

2022-11-25 10:01:09 - [TEST_STEP][PASSED] - println("spouse req id is : " + response_searchME_spouse): null

2022-11-25 10:01:09 - [TEST_STEP][PASSED] - verifyResponseStatusCode(req_data, 200): Verify response status code successfully

2022-11-25 10:01:09 - [MESSAGE][PASSED] - Verify response status code successfully

2022-11-25 10:01:09 - [TEST_STEP][PASSED] - response = req_data.getResponseText(): null

2022-11-25 10:01:09 - [TEST_STEP][PASSED] - logInfo($response): {"status":"Done","data":{"requestid1":"255447","requestid2":"255448"}}

2022-11-25 10:01:09 - [MESSAGE][INFO] - {"status":"Done","data":{"requestid1":"255447","requestid2":"255448"}}

2022-11-25 10:01:09 - [TEST_STEP][PASSED] - delay(5): Delayed 5 second(s)

2022-11-25 10:01:14 - [MESSAGE][PASSED] - Delayed 5 second(s)

2022-11-25 10:01:14 - [TEST_STEP][PASSED] - scoring = sendRequest(findTestObject("EngineScore", ["response_searchME_kons":response_searchME_kons, "response_searchME_spouse":response_searchME_spouse])): Send request successfully

2022-11-25 10:01:14 - [MESSAGE][INFO] - HAR: D:\DMS\Engine Scoring\Reports\20221125_100036\Exclude KKB - DS - Married\Scoring Married - CS New\20221125_100036\requests\main\7.har

2022-11-25 10:01:14 - [MESSAGE][PASSED] - Send request successfully

2022-11-25 10:01:14 - [TEST_STEP][PASSED] - verifyResponseStatusCode(scoring, 200): Verify response status code successfully

2022-11-25 10:01:14 - [MESSAGE][PASSED] - Verify response status code successfully

2022-11-25 10:01:14 - [TEST_STEP][PASSED] - response2 = scoring.getResponseText(): null

2022-11-25 10:01:14 - [TEST_STEP][PASSED] - markPassed("result service data ke : " + no): result service data ke : 4

2022-11-25 10:01:14 - [MESSAGE][PASSED] - result service data ke : 4

2022-11-25 10:01:14 - [TEST_STEP][PASSED] - logInfo($response2): {"result_konsumen":"Reguler","result_pasangan":"Reguler","Final_result":"Reguler","errorMessage":"","status":"Done"}

2022-11-25 10:01:14 - [MESSAGE][INFO] - {"result_konsumen":"Reguler","result_pasangan":"Reguler","Final_result":"Reguler","errorMessage":"","status":"Done"}

2022-11-25 10:01:14 - [TEST_STEP][PASSED] - verifyElementPropertyValue(scoring, "Final_result", final_result): Verify element property value successfully

2022-11-25 10:01:14 - [MESSAGE][PASSED] - Verify element property value successfully]]></system-out>
         <system-err><![CDATA[]]></system-err>
      </testcase>
      <testcase name="Test Cases/Engine_Scoring/Engine Scoring" time="6.626" classname="Test Cases/Engine_Scoring/Engine Scoring" status="PASSED">
         <system-out><![CDATA[2022-11-25 10:01:14 - [TEST_CASE][PASSED] - Test Cases/Engine_Scoring/Engine Scoring: Test Cases/Engine_Scoring/Engine Scoring

2022-11-25 10:01:15 - [TEST_STEP][PASSED] - markPassed("Variasi data ke : " + no): Variasi data ke : 5

2022-11-25 10:01:15 - [MESSAGE][PASSED] - Variasi data ke : 5

2022-11-25 10:01:15 - [TEST_STEP][PASSED] - req_data = sendRequest(findTestObject("Search_ME", ["MID":MID, "source":source, "ip":ip, "userid":userid, "branch":branch, "tipekons":tipekons, "marital":marital, "penjamin":penjamin, ... ])): Send request successfully

2022-11-25 10:01:16 - [MESSAGE][INFO] - HAR: D:\DMS\Engine Scoring\Reports\20221125_100036\Exclude KKB - DS - Married\Scoring Married - CS New\20221125_100036\requests\main\8.har

2022-11-25 10:01:16 - [MESSAGE][PASSED] - Send request successfully

2022-11-25 10:01:16 - [TEST_STEP][PASSED] - slurper = new groovy.json.JsonSlurper(): null

2022-11-25 10:01:16 - [TEST_STEP][PASSED] - result = slurper.parseText(req_data.getResponseBodyContent()): null

2022-11-25 10:01:16 - [TEST_STEP][PASSED] - reqid_kons = requestid1: null

2022-11-25 10:01:16 - [TEST_STEP][PASSED] - reqid_spouse = requestid2: null

2022-11-25 10:01:16 - [TEST_STEP][PASSED] - println("requestid kons : " + reqid_kons): null

2022-11-25 10:01:16 - [TEST_STEP][PASSED] - response_searchME_kons = reqid_kons: null

2022-11-25 10:01:16 - [TEST_STEP][PASSED] - response_searchME_spouse = reqid_spouse: null

2022-11-25 10:01:16 - [TEST_STEP][PASSED] - println("kons req id is :" + response_searchME_kons): null

2022-11-25 10:01:16 - [TEST_STEP][PASSED] - println("spouse req id is : " + response_searchME_spouse): null

2022-11-25 10:01:16 - [TEST_STEP][PASSED] - verifyResponseStatusCode(req_data, 200): Verify response status code successfully

2022-11-25 10:01:16 - [MESSAGE][PASSED] - Verify response status code successfully

2022-11-25 10:01:16 - [TEST_STEP][PASSED] - response = req_data.getResponseText(): null

2022-11-25 10:01:16 - [TEST_STEP][PASSED] - logInfo($response): {"status":"Done","data":{"requestid1":"255449","requestid2":"255450"}}

2022-11-25 10:01:16 - [MESSAGE][INFO] - {"status":"Done","data":{"requestid1":"255449","requestid2":"255450"}}

2022-11-25 10:01:16 - [TEST_STEP][PASSED] - delay(5): Delayed 5 second(s)

2022-11-25 10:01:21 - [MESSAGE][PASSED] - Delayed 5 second(s)

2022-11-25 10:01:21 - [TEST_STEP][PASSED] - scoring = sendRequest(findTestObject("EngineScore", ["response_searchME_kons":response_searchME_kons, "response_searchME_spouse":response_searchME_spouse])): Send request successfully

2022-11-25 10:01:21 - [MESSAGE][INFO] - HAR: D:\DMS\Engine Scoring\Reports\20221125_100036\Exclude KKB - DS - Married\Scoring Married - CS New\20221125_100036\requests\main\9.har

2022-11-25 10:01:21 - [MESSAGE][PASSED] - Send request successfully

2022-11-25 10:01:21 - [TEST_STEP][PASSED] - verifyResponseStatusCode(scoring, 200): Verify response status code successfully

2022-11-25 10:01:21 - [MESSAGE][PASSED] - Verify response status code successfully

2022-11-25 10:01:21 - [TEST_STEP][PASSED] - response2 = scoring.getResponseText(): null

2022-11-25 10:01:21 - [TEST_STEP][PASSED] - markPassed("result service data ke : " + no): result service data ke : 5

2022-11-25 10:01:21 - [MESSAGE][PASSED] - result service data ke : 5

2022-11-25 10:01:21 - [TEST_STEP][PASSED] - logInfo($response2): {"result_konsumen":"Reguler","result_pasangan":"Reject","Final_result":"Reject","errorMessage":"","status":"Done"}

2022-11-25 10:01:21 - [MESSAGE][INFO] - {"result_konsumen":"Reguler","result_pasangan":"Reject","Final_result":"Reject","errorMessage":"","status":"Done"}

2022-11-25 10:01:21 - [TEST_STEP][PASSED] - verifyElementPropertyValue(scoring, "Final_result", final_result): Verify element property value successfully

2022-11-25 10:01:21 - [MESSAGE][PASSED] - Verify element property value successfully]]></system-out>
         <system-err><![CDATA[]]></system-err>
      </testcase>
      <testcase name="Test Cases/Engine_Scoring/Engine Scoring" time="6.544" classname="Test Cases/Engine_Scoring/Engine Scoring" status="PASSED">
         <system-out><![CDATA[2022-11-25 10:01:21 - [TEST_CASE][PASSED] - Test Cases/Engine_Scoring/Engine Scoring: Test Cases/Engine_Scoring/Engine Scoring

2022-11-25 10:01:22 - [TEST_STEP][PASSED] - markPassed("Variasi data ke : " + no): Variasi data ke : 6

2022-11-25 10:01:22 - [MESSAGE][PASSED] - Variasi data ke : 6

2022-11-25 10:01:22 - [TEST_STEP][PASSED] - req_data = sendRequest(findTestObject("Search_ME", ["MID":MID, "source":source, "ip":ip, "userid":userid, "branch":branch, "tipekons":tipekons, "marital":marital, "penjamin":penjamin, ... ])): Send request successfully

2022-11-25 10:01:23 - [MESSAGE][INFO] - HAR: D:\DMS\Engine Scoring\Reports\20221125_100036\Exclude KKB - DS - Married\Scoring Married - CS New\20221125_100036\requests\main\10.har

2022-11-25 10:01:23 - [MESSAGE][PASSED] - Send request successfully

2022-11-25 10:01:23 - [TEST_STEP][PASSED] - slurper = new groovy.json.JsonSlurper(): null

2022-11-25 10:01:23 - [TEST_STEP][PASSED] - result = slurper.parseText(req_data.getResponseBodyContent()): null

2022-11-25 10:01:23 - [TEST_STEP][PASSED] - reqid_kons = requestid1: null

2022-11-25 10:01:23 - [TEST_STEP][PASSED] - reqid_spouse = requestid2: null

2022-11-25 10:01:23 - [TEST_STEP][PASSED] - println("requestid kons : " + reqid_kons): null

2022-11-25 10:01:23 - [TEST_STEP][PASSED] - response_searchME_kons = reqid_kons: null

2022-11-25 10:01:23 - [TEST_STEP][PASSED] - response_searchME_spouse = reqid_spouse: null

2022-11-25 10:01:23 - [TEST_STEP][PASSED] - println("kons req id is :" + response_searchME_kons): null

2022-11-25 10:01:23 - [TEST_STEP][PASSED] - println("spouse req id is : " + response_searchME_spouse): null

2022-11-25 10:01:23 - [TEST_STEP][PASSED] - verifyResponseStatusCode(req_data, 200): Verify response status code successfully

2022-11-25 10:01:23 - [MESSAGE][PASSED] - Verify response status code successfully

2022-11-25 10:01:23 - [TEST_STEP][PASSED] - response = req_data.getResponseText(): null

2022-11-25 10:01:23 - [TEST_STEP][PASSED] - logInfo($response): {"status":"Done","data":{"requestid1":"255451","requestid2":"255452"}}

2022-11-25 10:01:23 - [MESSAGE][INFO] - {"status":"Done","data":{"requestid1":"255451","requestid2":"255452"}}

2022-11-25 10:01:23 - [TEST_STEP][PASSED] - delay(5): Delayed 5 second(s)

2022-11-25 10:01:28 - [MESSAGE][PASSED] - Delayed 5 second(s)

2022-11-25 10:01:28 - [TEST_STEP][PASSED] - scoring = sendRequest(findTestObject("EngineScore", ["response_searchME_kons":response_searchME_kons, "response_searchME_spouse":response_searchME_spouse])): Send request successfully

2022-11-25 10:01:28 - [MESSAGE][INFO] - HAR: D:\DMS\Engine Scoring\Reports\20221125_100036\Exclude KKB - DS - Married\Scoring Married - CS New\20221125_100036\requests\main\11.har

2022-11-25 10:01:28 - [MESSAGE][PASSED] - Send request successfully

2022-11-25 10:01:28 - [TEST_STEP][PASSED] - verifyResponseStatusCode(scoring, 200): Verify response status code successfully

2022-11-25 10:01:28 - [MESSAGE][PASSED] - Verify response status code successfully

2022-11-25 10:01:28 - [TEST_STEP][PASSED] - response2 = scoring.getResponseText(): null

2022-11-25 10:01:28 - [TEST_STEP][PASSED] - markPassed("result service data ke : " + no): result service data ke : 6

2022-11-25 10:01:28 - [MESSAGE][PASSED] - result service data ke : 6

2022-11-25 10:01:28 - [TEST_STEP][PASSED] - logInfo($response2): {"result_konsumen":"Reguler","result_pasangan":"Reject","Final_result":"Reject","errorMessage":"","status":"Done"}

2022-11-25 10:01:28 - [MESSAGE][INFO] - {"result_konsumen":"Reguler","result_pasangan":"Reject","Final_result":"Reject","errorMessage":"","status":"Done"}

2022-11-25 10:01:28 - [TEST_STEP][PASSED] - verifyElementPropertyValue(scoring, "Final_result", final_result): Verify element property value successfully

2022-11-25 10:01:28 - [MESSAGE][PASSED] - Verify element property value successfully]]></system-out>
         <system-err><![CDATA[]]></system-err>
      </testcase>
      <testcase name="Test Cases/Engine_Scoring/Engine Scoring" time="6.658" classname="Test Cases/Engine_Scoring/Engine Scoring" status="PASSED">
         <system-out><![CDATA[2022-11-25 10:01:28 - [TEST_CASE][PASSED] - Test Cases/Engine_Scoring/Engine Scoring: Test Cases/Engine_Scoring/Engine Scoring

2022-11-25 10:01:28 - [TEST_STEP][PASSED] - markPassed("Variasi data ke : " + no): Variasi data ke : 7

2022-11-25 10:01:28 - [MESSAGE][PASSED] - Variasi data ke : 7

2022-11-25 10:01:28 - [TEST_STEP][PASSED] - req_data = sendRequest(findTestObject("Search_ME", ["MID":MID, "source":source, "ip":ip, "userid":userid, "branch":branch, "tipekons":tipekons, "marital":marital, "penjamin":penjamin, ... ])): Send request successfully

2022-11-25 10:01:29 - [MESSAGE][INFO] - HAR: D:\DMS\Engine Scoring\Reports\20221125_100036\Exclude KKB - DS - Married\Scoring Married - CS New\20221125_100036\requests\main\12.har

2022-11-25 10:01:29 - [MESSAGE][PASSED] - Send request successfully

2022-11-25 10:01:29 - [TEST_STEP][PASSED] - slurper = new groovy.json.JsonSlurper(): null

2022-11-25 10:01:29 - [TEST_STEP][PASSED] - result = slurper.parseText(req_data.getResponseBodyContent()): null

2022-11-25 10:01:29 - [TEST_STEP][PASSED] - reqid_kons = requestid1: null

2022-11-25 10:01:29 - [TEST_STEP][PASSED] - reqid_spouse = requestid2: null

2022-11-25 10:01:29 - [TEST_STEP][PASSED] - println("requestid kons : " + reqid_kons): null

2022-11-25 10:01:29 - [TEST_STEP][PASSED] - response_searchME_kons = reqid_kons: null

2022-11-25 10:01:29 - [TEST_STEP][PASSED] - response_searchME_spouse = reqid_spouse: null

2022-11-25 10:01:29 - [TEST_STEP][PASSED] - println("kons req id is :" + response_searchME_kons): null

2022-11-25 10:01:29 - [TEST_STEP][PASSED] - println("spouse req id is : " + response_searchME_spouse): null

2022-11-25 10:01:29 - [TEST_STEP][PASSED] - verifyResponseStatusCode(req_data, 200): Verify response status code successfully

2022-11-25 10:01:29 - [MESSAGE][PASSED] - Verify response status code successfully

2022-11-25 10:01:29 - [TEST_STEP][PASSED] - response = req_data.getResponseText(): null

2022-11-25 10:01:29 - [TEST_STEP][PASSED] - logInfo($response): {"status":"Done","data":{"requestid1":"255453","requestid2":"255454"}}

2022-11-25 10:01:29 - [MESSAGE][INFO] - {"status":"Done","data":{"requestid1":"255453","requestid2":"255454"}}

2022-11-25 10:01:29 - [TEST_STEP][PASSED] - delay(5): Delayed 5 second(s)

2022-11-25 10:01:34 - [MESSAGE][PASSED] - Delayed 5 second(s)

2022-11-25 10:01:34 - [TEST_STEP][PASSED] - scoring = sendRequest(findTestObject("EngineScore", ["response_searchME_kons":response_searchME_kons, "response_searchME_spouse":response_searchME_spouse])): Send request successfully

2022-11-25 10:01:34 - [MESSAGE][INFO] - HAR: D:\DMS\Engine Scoring\Reports\20221125_100036\Exclude KKB - DS - Married\Scoring Married - CS New\20221125_100036\requests\main\13.har

2022-11-25 10:01:34 - [MESSAGE][PASSED] - Send request successfully

2022-11-25 10:01:34 - [TEST_STEP][PASSED] - verifyResponseStatusCode(scoring, 200): Verify response status code successfully

2022-11-25 10:01:34 - [MESSAGE][PASSED] - Verify response status code successfully

2022-11-25 10:01:34 - [TEST_STEP][PASSED] - response2 = scoring.getResponseText(): null

2022-11-25 10:01:34 - [TEST_STEP][PASSED] - markPassed("result service data ke : " + no): result service data ke : 7

2022-11-25 10:01:34 - [MESSAGE][PASSED] - result service data ke : 7

2022-11-25 10:01:34 - [TEST_STEP][PASSED] - logInfo($response2): {"result_konsumen":"Reguler","result_pasangan":"Reject","Final_result":"Reject","errorMessage":"","status":"Done"}

2022-11-25 10:01:34 - [MESSAGE][INFO] - {"result_konsumen":"Reguler","result_pasangan":"Reject","Final_result":"Reject","errorMessage":"","status":"Done"}

2022-11-25 10:01:34 - [TEST_STEP][PASSED] - verifyElementPropertyValue(scoring, "Final_result", final_result): Verify element property value successfully

2022-11-25 10:01:34 - [MESSAGE][PASSED] - Verify element property value successfully]]></system-out>
         <system-err><![CDATA[]]></system-err>
      </testcase>
      <testcase name="Test Cases/Engine_Scoring/Engine Scoring" time="6.54" classname="Test Cases/Engine_Scoring/Engine Scoring" status="PASSED">
         <system-out><![CDATA[2022-11-25 10:01:34 - [TEST_CASE][PASSED] - Test Cases/Engine_Scoring/Engine Scoring: Test Cases/Engine_Scoring/Engine Scoring

2022-11-25 10:01:35 - [TEST_STEP][PASSED] - markPassed("Variasi data ke : " + no): Variasi data ke : 8

2022-11-25 10:01:35 - [MESSAGE][PASSED] - Variasi data ke : 8

2022-11-25 10:01:35 - [TEST_STEP][PASSED] - req_data = sendRequest(findTestObject("Search_ME", ["MID":MID, "source":source, "ip":ip, "userid":userid, "branch":branch, "tipekons":tipekons, "marital":marital, "penjamin":penjamin, ... ])): Send request successfully

2022-11-25 10:01:36 - [MESSAGE][INFO] - HAR: D:\DMS\Engine Scoring\Reports\20221125_100036\Exclude KKB - DS - Married\Scoring Married - CS New\20221125_100036\requests\main\14.har

2022-11-25 10:01:36 - [MESSAGE][PASSED] - Send request successfully

2022-11-25 10:01:36 - [TEST_STEP][PASSED] - slurper = new groovy.json.JsonSlurper(): null

2022-11-25 10:01:36 - [TEST_STEP][PASSED] - result = slurper.parseText(req_data.getResponseBodyContent()): null

2022-11-25 10:01:36 - [TEST_STEP][PASSED] - reqid_kons = requestid1: null

2022-11-25 10:01:36 - [TEST_STEP][PASSED] - reqid_spouse = requestid2: null

2022-11-25 10:01:36 - [TEST_STEP][PASSED] - println("requestid kons : " + reqid_kons): null

2022-11-25 10:01:36 - [TEST_STEP][PASSED] - response_searchME_kons = reqid_kons: null

2022-11-25 10:01:36 - [TEST_STEP][PASSED] - response_searchME_spouse = reqid_spouse: null

2022-11-25 10:01:36 - [TEST_STEP][PASSED] - println("kons req id is :" + response_searchME_kons): null

2022-11-25 10:01:36 - [TEST_STEP][PASSED] - println("spouse req id is : " + response_searchME_spouse): null

2022-11-25 10:01:36 - [TEST_STEP][PASSED] - verifyResponseStatusCode(req_data, 200): Verify response status code successfully

2022-11-25 10:01:36 - [MESSAGE][PASSED] - Verify response status code successfully

2022-11-25 10:01:36 - [TEST_STEP][PASSED] - response = req_data.getResponseText(): null

2022-11-25 10:01:36 - [TEST_STEP][PASSED] - logInfo($response): {"status":"Done","data":{"requestid1":"255455","requestid2":"255456"}}

2022-11-25 10:01:36 - [MESSAGE][INFO] - {"status":"Done","data":{"requestid1":"255455","requestid2":"255456"}}

2022-11-25 10:01:36 - [TEST_STEP][PASSED] - delay(5): Delayed 5 second(s)

2022-11-25 10:01:41 - [MESSAGE][PASSED] - Delayed 5 second(s)

2022-11-25 10:01:41 - [TEST_STEP][PASSED] - scoring = sendRequest(findTestObject("EngineScore", ["response_searchME_kons":response_searchME_kons, "response_searchME_spouse":response_searchME_spouse])): Send request successfully

2022-11-25 10:01:41 - [MESSAGE][INFO] - HAR: D:\DMS\Engine Scoring\Reports\20221125_100036\Exclude KKB - DS - Married\Scoring Married - CS New\20221125_100036\requests\main\15.har

2022-11-25 10:01:41 - [MESSAGE][PASSED] - Send request successfully

2022-11-25 10:01:41 - [TEST_STEP][PASSED] - verifyResponseStatusCode(scoring, 200): Verify response status code successfully

2022-11-25 10:01:41 - [MESSAGE][PASSED] - Verify response status code successfully

2022-11-25 10:01:41 - [TEST_STEP][PASSED] - response2 = scoring.getResponseText(): null

2022-11-25 10:01:41 - [TEST_STEP][PASSED] - markPassed("result service data ke : " + no): result service data ke : 8

2022-11-25 10:01:41 - [MESSAGE][PASSED] - result service data ke : 8

2022-11-25 10:01:41 - [TEST_STEP][PASSED] - logInfo($response2): {"result_konsumen":"Reguler","result_pasangan":"Reguler","Final_result":"Reguler","errorMessage":"","status":"Done"}

2022-11-25 10:01:41 - [MESSAGE][INFO] - {"result_konsumen":"Reguler","result_pasangan":"Reguler","Final_result":"Reguler","errorMessage":"","status":"Done"}

2022-11-25 10:01:41 - [TEST_STEP][PASSED] - verifyElementPropertyValue(scoring, "Final_result", final_result): Verify element property value successfully

2022-11-25 10:01:41 - [MESSAGE][PASSED] - Verify element property value successfully]]></system-out>
         <system-err><![CDATA[]]></system-err>
      </testcase>
      <testcase name="Test Cases/Engine_Scoring/Engine Scoring" time="6.722" classname="Test Cases/Engine_Scoring/Engine Scoring" status="PASSED">
         <system-out><![CDATA[2022-11-25 10:01:41 - [TEST_CASE][PASSED] - Test Cases/Engine_Scoring/Engine Scoring: Test Cases/Engine_Scoring/Engine Scoring

2022-11-25 10:01:42 - [TEST_STEP][PASSED] - markPassed("Variasi data ke : " + no): Variasi data ke : 9

2022-11-25 10:01:42 - [MESSAGE][PASSED] - Variasi data ke : 9

2022-11-25 10:01:42 - [TEST_STEP][PASSED] - req_data = sendRequest(findTestObject("Search_ME", ["MID":MID, "source":source, "ip":ip, "userid":userid, "branch":branch, "tipekons":tipekons, "marital":marital, "penjamin":penjamin, ... ])): Send request successfully

2022-11-25 10:01:43 - [MESSAGE][INFO] - HAR: D:\DMS\Engine Scoring\Reports\20221125_100036\Exclude KKB - DS - Married\Scoring Married - CS New\20221125_100036\requests\main\16.har

2022-11-25 10:01:43 - [MESSAGE][PASSED] - Send request successfully

2022-11-25 10:01:43 - [TEST_STEP][PASSED] - slurper = new groovy.json.JsonSlurper(): null

2022-11-25 10:01:43 - [TEST_STEP][PASSED] - result = slurper.parseText(req_data.getResponseBodyContent()): null

2022-11-25 10:01:43 - [TEST_STEP][PASSED] - reqid_kons = requestid1: null

2022-11-25 10:01:43 - [TEST_STEP][PASSED] - reqid_spouse = requestid2: null

2022-11-25 10:01:43 - [TEST_STEP][PASSED] - println("requestid kons : " + reqid_kons): null

2022-11-25 10:01:43 - [TEST_STEP][PASSED] - response_searchME_kons = reqid_kons: null

2022-11-25 10:01:43 - [TEST_STEP][PASSED] - response_searchME_spouse = reqid_spouse: null

2022-11-25 10:01:43 - [TEST_STEP][PASSED] - println("kons req id is :" + response_searchME_kons): null

2022-11-25 10:01:43 - [TEST_STEP][PASSED] - println("spouse req id is : " + response_searchME_spouse): null

2022-11-25 10:01:43 - [TEST_STEP][PASSED] - verifyResponseStatusCode(req_data, 200): Verify response status code successfully

2022-11-25 10:01:43 - [MESSAGE][PASSED] - Verify response status code successfully

2022-11-25 10:01:43 - [TEST_STEP][PASSED] - response = req_data.getResponseText(): null

2022-11-25 10:01:43 - [TEST_STEP][PASSED] - logInfo($response): {"status":"Done","data":{"requestid1":"255457","requestid2":"255458"}}

2022-11-25 10:01:43 - [MESSAGE][INFO] - {"status":"Done","data":{"requestid1":"255457","requestid2":"255458"}}

2022-11-25 10:01:43 - [TEST_STEP][PASSED] - delay(5): Delayed 5 second(s)

2022-11-25 10:01:48 - [MESSAGE][PASSED] - Delayed 5 second(s)

2022-11-25 10:01:48 - [TEST_STEP][PASSED] - scoring = sendRequest(findTestObject("EngineScore", ["response_searchME_kons":response_searchME_kons, "response_searchME_spouse":response_searchME_spouse])): Send request successfully

2022-11-25 10:01:48 - [MESSAGE][INFO] - HAR: D:\DMS\Engine Scoring\Reports\20221125_100036\Exclude KKB - DS - Married\Scoring Married - CS New\20221125_100036\requests\main\17.har

2022-11-25 10:01:48 - [MESSAGE][PASSED] - Send request successfully

2022-11-25 10:01:48 - [TEST_STEP][PASSED] - verifyResponseStatusCode(scoring, 200): Verify response status code successfully

2022-11-25 10:01:48 - [MESSAGE][PASSED] - Verify response status code successfully

2022-11-25 10:01:48 - [TEST_STEP][PASSED] - response2 = scoring.getResponseText(): null

2022-11-25 10:01:48 - [TEST_STEP][PASSED] - markPassed("result service data ke : " + no): result service data ke : 9

2022-11-25 10:01:48 - [MESSAGE][PASSED] - result service data ke : 9

2022-11-25 10:01:48 - [TEST_STEP][PASSED] - logInfo($response2): {"result_konsumen":"Reguler","result_pasangan":"Reguler","Final_result":"Reguler","errorMessage":"","status":"Done"}

2022-11-25 10:01:48 - [MESSAGE][INFO] - {"result_konsumen":"Reguler","result_pasangan":"Reguler","Final_result":"Reguler","errorMessage":"","status":"Done"}

2022-11-25 10:01:48 - [TEST_STEP][PASSED] - verifyElementPropertyValue(scoring, "Final_result", final_result): Verify element property value successfully

2022-11-25 10:01:48 - [MESSAGE][PASSED] - Verify element property value successfully]]></system-out>
         <system-err><![CDATA[]]></system-err>
      </testcase>
      <testcase name="Test Cases/Engine_Scoring/Engine Scoring" time="6.54" classname="Test Cases/Engine_Scoring/Engine Scoring" status="PASSED">
         <system-out><![CDATA[2022-11-25 10:01:48 - [TEST_CASE][PASSED] - Test Cases/Engine_Scoring/Engine Scoring: Test Cases/Engine_Scoring/Engine Scoring

2022-11-25 10:01:49 - [TEST_STEP][PASSED] - markPassed("Variasi data ke : " + no): Variasi data ke : 10

2022-11-25 10:01:49 - [MESSAGE][PASSED] - Variasi data ke : 10

2022-11-25 10:01:49 - [TEST_STEP][PASSED] - req_data = sendRequest(findTestObject("Search_ME", ["MID":MID, "source":source, "ip":ip, "userid":userid, "branch":branch, "tipekons":tipekons, "marital":marital, "penjamin":penjamin, ... ])): Send request successfully

2022-11-25 10:01:49 - [MESSAGE][INFO] - HAR: D:\DMS\Engine Scoring\Reports\20221125_100036\Exclude KKB - DS - Married\Scoring Married - CS New\20221125_100036\requests\main\18.har

2022-11-25 10:01:49 - [MESSAGE][PASSED] - Send request successfully

2022-11-25 10:01:49 - [TEST_STEP][PASSED] - slurper = new groovy.json.JsonSlurper(): null

2022-11-25 10:01:49 - [TEST_STEP][PASSED] - result = slurper.parseText(req_data.getResponseBodyContent()): null

2022-11-25 10:01:49 - [TEST_STEP][PASSED] - reqid_kons = requestid1: null

2022-11-25 10:01:49 - [TEST_STEP][PASSED] - reqid_spouse = requestid2: null

2022-11-25 10:01:49 - [TEST_STEP][PASSED] - println("requestid kons : " + reqid_kons): null

2022-11-25 10:01:49 - [TEST_STEP][PASSED] - response_searchME_kons = reqid_kons: null

2022-11-25 10:01:49 - [TEST_STEP][PASSED] - response_searchME_spouse = reqid_spouse: null

2022-11-25 10:01:49 - [TEST_STEP][PASSED] - println("kons req id is :" + response_searchME_kons): null

2022-11-25 10:01:49 - [TEST_STEP][PASSED] - println("spouse req id is : " + response_searchME_spouse): null

2022-11-25 10:01:49 - [TEST_STEP][PASSED] - verifyResponseStatusCode(req_data, 200): Verify response status code successfully

2022-11-25 10:01:49 - [MESSAGE][PASSED] - Verify response status code successfully

2022-11-25 10:01:49 - [TEST_STEP][PASSED] - response = req_data.getResponseText(): null

2022-11-25 10:01:49 - [TEST_STEP][PASSED] - logInfo($response): {"status":"Done","data":{"requestid1":"255459","requestid2":"255460"}}

2022-11-25 10:01:49 - [MESSAGE][INFO] - {"status":"Done","data":{"requestid1":"255459","requestid2":"255460"}}

2022-11-25 10:01:49 - [TEST_STEP][PASSED] - delay(5): Delayed 5 second(s)

2022-11-25 10:01:54 - [MESSAGE][PASSED] - Delayed 5 second(s)

2022-11-25 10:01:54 - [TEST_STEP][PASSED] - scoring = sendRequest(findTestObject("EngineScore", ["response_searchME_kons":response_searchME_kons, "response_searchME_spouse":response_searchME_spouse])): Send request successfully

2022-11-25 10:01:54 - [MESSAGE][INFO] - HAR: D:\DMS\Engine Scoring\Reports\20221125_100036\Exclude KKB - DS - Married\Scoring Married - CS New\20221125_100036\requests\main\19.har

2022-11-25 10:01:54 - [MESSAGE][PASSED] - Send request successfully

2022-11-25 10:01:54 - [TEST_STEP][PASSED] - verifyResponseStatusCode(scoring, 200): Verify response status code successfully

2022-11-25 10:01:54 - [MESSAGE][PASSED] - Verify response status code successfully

2022-11-25 10:01:54 - [TEST_STEP][PASSED] - response2 = scoring.getResponseText(): null

2022-11-25 10:01:54 - [TEST_STEP][PASSED] - markPassed("result service data ke : " + no): result service data ke : 10

2022-11-25 10:01:54 - [MESSAGE][PASSED] - result service data ke : 10

2022-11-25 10:01:54 - [TEST_STEP][PASSED] - logInfo($response2): {"result_konsumen":"Reguler","result_pasangan":"Approve","Final_result":"Reguler","errorMessage":"","status":"Done"}

2022-11-25 10:01:54 - [MESSAGE][INFO] - {"result_konsumen":"Reguler","result_pasangan":"Approve","Final_result":"Reguler","errorMessage":"","status":"Done"}

2022-11-25 10:01:54 - [TEST_STEP][PASSED] - verifyElementPropertyValue(scoring, "Final_result", final_result): Verify element property value successfully

2022-11-25 10:01:54 - [MESSAGE][PASSED] - Verify element property value successfully]]></system-out>
         <system-err><![CDATA[]]></system-err>
      </testcase>
      <testcase name="Test Cases/Engine_Scoring/Engine Scoring" time="7.193" classname="Test Cases/Engine_Scoring/Engine Scoring" status="PASSED">
         <system-out><![CDATA[2022-11-25 10:01:54 - [TEST_CASE][PASSED] - Test Cases/Engine_Scoring/Engine Scoring: Test Cases/Engine_Scoring/Engine Scoring

2022-11-25 10:01:55 - [TEST_STEP][PASSED] - markPassed("Variasi data ke : " + no): Variasi data ke : 11

2022-11-25 10:01:55 - [MESSAGE][PASSED] - Variasi data ke : 11

2022-11-25 10:01:55 - [TEST_STEP][PASSED] - req_data = sendRequest(findTestObject("Search_ME", ["MID":MID, "source":source, "ip":ip, "userid":userid, "branch":branch, "tipekons":tipekons, "marital":marital, "penjamin":penjamin, ... ])): Send request successfully

2022-11-25 10:01:57 - [MESSAGE][INFO] - HAR: D:\DMS\Engine Scoring\Reports\20221125_100036\Exclude KKB - DS - Married\Scoring Married - CS New\20221125_100036\requests\main\20.har

2022-11-25 10:01:57 - [MESSAGE][PASSED] - Send request successfully

2022-11-25 10:01:57 - [TEST_STEP][PASSED] - slurper = new groovy.json.JsonSlurper(): null

2022-11-25 10:01:57 - [TEST_STEP][PASSED] - result = slurper.parseText(req_data.getResponseBodyContent()): null

2022-11-25 10:01:57 - [TEST_STEP][PASSED] - reqid_kons = requestid1: null

2022-11-25 10:01:57 - [TEST_STEP][PASSED] - reqid_spouse = requestid2: null

2022-11-25 10:01:57 - [TEST_STEP][PASSED] - println("requestid kons : " + reqid_kons): null

2022-11-25 10:01:57 - [TEST_STEP][PASSED] - response_searchME_kons = reqid_kons: null

2022-11-25 10:01:57 - [TEST_STEP][PASSED] - response_searchME_spouse = reqid_spouse: null

2022-11-25 10:01:57 - [TEST_STEP][PASSED] - println("kons req id is :" + response_searchME_kons): null

2022-11-25 10:01:57 - [TEST_STEP][PASSED] - println("spouse req id is : " + response_searchME_spouse): null

2022-11-25 10:01:57 - [TEST_STEP][PASSED] - verifyResponseStatusCode(req_data, 200): Verify response status code successfully

2022-11-25 10:01:57 - [MESSAGE][PASSED] - Verify response status code successfully

2022-11-25 10:01:57 - [TEST_STEP][PASSED] - response = req_data.getResponseText(): null

2022-11-25 10:01:57 - [TEST_STEP][PASSED] - logInfo($response): {"status":"Done","data":{"requestid1":"255461","requestid2":"255462"}}

2022-11-25 10:01:57 - [MESSAGE][INFO] - {"status":"Done","data":{"requestid1":"255461","requestid2":"255462"}}

2022-11-25 10:01:57 - [TEST_STEP][PASSED] - delay(5): Delayed 5 second(s)

2022-11-25 10:02:02 - [MESSAGE][PASSED] - Delayed 5 second(s)

2022-11-25 10:02:02 - [TEST_STEP][PASSED] - scoring = sendRequest(findTestObject("EngineScore", ["response_searchME_kons":response_searchME_kons, "response_searchME_spouse":response_searchME_spouse])): Send request successfully

2022-11-25 10:02:02 - [MESSAGE][INFO] - HAR: D:\DMS\Engine Scoring\Reports\20221125_100036\Exclude KKB - DS - Married\Scoring Married - CS New\20221125_100036\requests\main\21.har

2022-11-25 10:02:02 - [MESSAGE][PASSED] - Send request successfully

2022-11-25 10:02:02 - [TEST_STEP][PASSED] - verifyResponseStatusCode(scoring, 200): Verify response status code successfully

2022-11-25 10:02:02 - [MESSAGE][PASSED] - Verify response status code successfully

2022-11-25 10:02:02 - [TEST_STEP][PASSED] - response2 = scoring.getResponseText(): null

2022-11-25 10:02:02 - [TEST_STEP][PASSED] - markPassed("result service data ke : " + no): result service data ke : 11

2022-11-25 10:02:02 - [MESSAGE][PASSED] - result service data ke : 11

2022-11-25 10:02:02 - [TEST_STEP][PASSED] - logInfo($response2): {"result_konsumen":"Reguler","result_pasangan":"Approve","Final_result":"Reguler","errorMessage":"","status":"Done"}

2022-11-25 10:02:02 - [MESSAGE][INFO] - {"result_konsumen":"Reguler","result_pasangan":"Approve","Final_result":"Reguler","errorMessage":"","status":"Done"}

2022-11-25 10:02:02 - [TEST_STEP][PASSED] - verifyElementPropertyValue(scoring, "Final_result", final_result): Verify element property value successfully

2022-11-25 10:02:02 - [MESSAGE][PASSED] - Verify element property value successfully]]></system-out>
         <system-err><![CDATA[]]></system-err>
      </testcase>
      <testcase name="Test Cases/Engine_Scoring/Engine Scoring" time="6.502" classname="Test Cases/Engine_Scoring/Engine Scoring" status="PASSED">
         <system-out><![CDATA[2022-11-25 10:02:02 - [TEST_CASE][PASSED] - Test Cases/Engine_Scoring/Engine Scoring: Test Cases/Engine_Scoring/Engine Scoring

2022-11-25 10:02:02 - [TEST_STEP][PASSED] - markPassed("Variasi data ke : " + no): Variasi data ke : 12

2022-11-25 10:02:02 - [MESSAGE][PASSED] - Variasi data ke : 12

2022-11-25 10:02:02 - [TEST_STEP][PASSED] - req_data = sendRequest(findTestObject("Search_ME", ["MID":MID, "source":source, "ip":ip, "userid":userid, "branch":branch, "tipekons":tipekons, "marital":marital, "penjamin":penjamin, ... ])): Send request successfully

2022-11-25 10:02:03 - [MESSAGE][INFO] - HAR: D:\DMS\Engine Scoring\Reports\20221125_100036\Exclude KKB - DS - Married\Scoring Married - CS New\20221125_100036\requests\main\22.har

2022-11-25 10:02:03 - [MESSAGE][PASSED] - Send request successfully

2022-11-25 10:02:03 - [TEST_STEP][PASSED] - slurper = new groovy.json.JsonSlurper(): null

2022-11-25 10:02:03 - [TEST_STEP][PASSED] - result = slurper.parseText(req_data.getResponseBodyContent()): null

2022-11-25 10:02:03 - [TEST_STEP][PASSED] - reqid_kons = requestid1: null

2022-11-25 10:02:03 - [TEST_STEP][PASSED] - reqid_spouse = requestid2: null

2022-11-25 10:02:03 - [TEST_STEP][PASSED] - println("requestid kons : " + reqid_kons): null

2022-11-25 10:02:03 - [TEST_STEP][PASSED] - response_searchME_kons = reqid_kons: null

2022-11-25 10:02:03 - [TEST_STEP][PASSED] - response_searchME_spouse = reqid_spouse: null

2022-11-25 10:02:03 - [TEST_STEP][PASSED] - println("kons req id is :" + response_searchME_kons): null

2022-11-25 10:02:03 - [TEST_STEP][PASSED] - println("spouse req id is : " + response_searchME_spouse): null

2022-11-25 10:02:03 - [TEST_STEP][PASSED] - verifyResponseStatusCode(req_data, 200): Verify response status code successfully

2022-11-25 10:02:03 - [MESSAGE][PASSED] - Verify response status code successfully

2022-11-25 10:02:03 - [TEST_STEP][PASSED] - response = req_data.getResponseText(): null

2022-11-25 10:02:03 - [TEST_STEP][PASSED] - logInfo($response): {"status":"Done","data":{"requestid1":"255463","requestid2":"255464"}}

2022-11-25 10:02:03 - [MESSAGE][INFO] - {"status":"Done","data":{"requestid1":"255463","requestid2":"255464"}}

2022-11-25 10:02:03 - [TEST_STEP][PASSED] - delay(5): Delayed 5 second(s)

2022-11-25 10:02:08 - [MESSAGE][PASSED] - Delayed 5 second(s)

2022-11-25 10:02:08 - [TEST_STEP][PASSED] - scoring = sendRequest(findTestObject("EngineScore", ["response_searchME_kons":response_searchME_kons, "response_searchME_spouse":response_searchME_spouse])): Send request successfully

2022-11-25 10:02:08 - [MESSAGE][INFO] - HAR: D:\DMS\Engine Scoring\Reports\20221125_100036\Exclude KKB - DS - Married\Scoring Married - CS New\20221125_100036\requests\main\23.har

2022-11-25 10:02:08 - [MESSAGE][PASSED] - Send request successfully

2022-11-25 10:02:08 - [TEST_STEP][PASSED] - verifyResponseStatusCode(scoring, 200): Verify response status code successfully

2022-11-25 10:02:08 - [MESSAGE][PASSED] - Verify response status code successfully

2022-11-25 10:02:08 - [TEST_STEP][PASSED] - response2 = scoring.getResponseText(): null

2022-11-25 10:02:08 - [TEST_STEP][PASSED] - markPassed("result service data ke : " + no): result service data ke : 12

2022-11-25 10:02:08 - [MESSAGE][PASSED] - result service data ke : 12

2022-11-25 10:02:08 - [TEST_STEP][PASSED] - logInfo($response2): {"result_konsumen":"Reguler","result_pasangan":"Approve","Final_result":"Reguler","errorMessage":"","status":"Done"}

2022-11-25 10:02:08 - [MESSAGE][INFO] - {"result_konsumen":"Reguler","result_pasangan":"Approve","Final_result":"Reguler","errorMessage":"","status":"Done"}

2022-11-25 10:02:08 - [TEST_STEP][PASSED] - verifyElementPropertyValue(scoring, "Final_result", final_result): Verify element property value successfully

2022-11-25 10:02:08 - [MESSAGE][PASSED] - Verify element property value successfully]]></system-out>
         <system-err><![CDATA[]]></system-err>
      </testcase>
      <testcase name="Test Cases/Engine_Scoring/Engine Scoring" time="6.584" classname="Test Cases/Engine_Scoring/Engine Scoring" status="PASSED">
         <system-out><![CDATA[2022-11-25 10:02:08 - [TEST_CASE][PASSED] - Test Cases/Engine_Scoring/Engine Scoring: Test Cases/Engine_Scoring/Engine Scoring

2022-11-25 10:02:09 - [TEST_STEP][PASSED] - markPassed("Variasi data ke : " + no): Variasi data ke : 13

2022-11-25 10:02:09 - [MESSAGE][PASSED] - Variasi data ke : 13

2022-11-25 10:02:09 - [TEST_STEP][PASSED] - req_data = sendRequest(findTestObject("Search_ME", ["MID":MID, "source":source, "ip":ip, "userid":userid, "branch":branch, "tipekons":tipekons, "marital":marital, "penjamin":penjamin, ... ])): Send request successfully

2022-11-25 10:02:10 - [MESSAGE][INFO] - HAR: D:\DMS\Engine Scoring\Reports\20221125_100036\Exclude KKB - DS - Married\Scoring Married - CS New\20221125_100036\requests\main\24.har

2022-11-25 10:02:10 - [MESSAGE][PASSED] - Send request successfully

2022-11-25 10:02:10 - [TEST_STEP][PASSED] - slurper = new groovy.json.JsonSlurper(): null

2022-11-25 10:02:10 - [TEST_STEP][PASSED] - result = slurper.parseText(req_data.getResponseBodyContent()): null

2022-11-25 10:02:10 - [TEST_STEP][PASSED] - reqid_kons = requestid1: null

2022-11-25 10:02:10 - [TEST_STEP][PASSED] - reqid_spouse = requestid2: null

2022-11-25 10:02:10 - [TEST_STEP][PASSED] - println("requestid kons : " + reqid_kons): null

2022-11-25 10:02:10 - [TEST_STEP][PASSED] - response_searchME_kons = reqid_kons: null

2022-11-25 10:02:10 - [TEST_STEP][PASSED] - response_searchME_spouse = reqid_spouse: null

2022-11-25 10:02:10 - [TEST_STEP][PASSED] - println("kons req id is :" + response_searchME_kons): null

2022-11-25 10:02:10 - [TEST_STEP][PASSED] - println("spouse req id is : " + response_searchME_spouse): null

2022-11-25 10:02:10 - [TEST_STEP][PASSED] - verifyResponseStatusCode(req_data, 200): Verify response status code successfully

2022-11-25 10:02:10 - [MESSAGE][PASSED] - Verify response status code successfully

2022-11-25 10:02:10 - [TEST_STEP][PASSED] - response = req_data.getResponseText(): null

2022-11-25 10:02:10 - [TEST_STEP][PASSED] - logInfo($response): {"status":"Done","data":{"requestid1":"255465","requestid2":"255466"}}

2022-11-25 10:02:10 - [MESSAGE][INFO] - {"status":"Done","data":{"requestid1":"255465","requestid2":"255466"}}

2022-11-25 10:02:10 - [TEST_STEP][PASSED] - delay(5): Delayed 5 second(s)

2022-11-25 10:02:15 - [MESSAGE][PASSED] - Delayed 5 second(s)

2022-11-25 10:02:15 - [TEST_STEP][PASSED] - scoring = sendRequest(findTestObject("EngineScore", ["response_searchME_kons":response_searchME_kons, "response_searchME_spouse":response_searchME_spouse])): Send request successfully

2022-11-25 10:02:15 - [MESSAGE][INFO] - HAR: D:\DMS\Engine Scoring\Reports\20221125_100036\Exclude KKB - DS - Married\Scoring Married - CS New\20221125_100036\requests\main\25.har

2022-11-25 10:02:15 - [MESSAGE][PASSED] - Send request successfully

2022-11-25 10:02:15 - [TEST_STEP][PASSED] - verifyResponseStatusCode(scoring, 200): Verify response status code successfully

2022-11-25 10:02:15 - [MESSAGE][PASSED] - Verify response status code successfully

2022-11-25 10:02:15 - [TEST_STEP][PASSED] - response2 = scoring.getResponseText(): null

2022-11-25 10:02:15 - [TEST_STEP][PASSED] - markPassed("result service data ke : " + no): result service data ke : 13

2022-11-25 10:02:15 - [MESSAGE][PASSED] - result service data ke : 13

2022-11-25 10:02:15 - [TEST_STEP][PASSED] - logInfo($response2): {"result_konsumen":"Reguler","result_pasangan":"Approve","Final_result":"Reguler","errorMessage":"","status":"Done"}

2022-11-25 10:02:15 - [MESSAGE][INFO] - {"result_konsumen":"Reguler","result_pasangan":"Approve","Final_result":"Reguler","errorMessage":"","status":"Done"}

2022-11-25 10:02:15 - [TEST_STEP][PASSED] - verifyElementPropertyValue(scoring, "Final_result", final_result): Verify element property value successfully

2022-11-25 10:02:15 - [MESSAGE][PASSED] - Verify element property value successfully]]></system-out>
         <system-err><![CDATA[]]></system-err>
      </testcase>
      <testcase name="Test Cases/Engine_Scoring/Engine Scoring" time="6.676" classname="Test Cases/Engine_Scoring/Engine Scoring" status="PASSED">
         <system-out><![CDATA[2022-11-25 10:02:15 - [TEST_CASE][PASSED] - Test Cases/Engine_Scoring/Engine Scoring: Test Cases/Engine_Scoring/Engine Scoring

2022-11-25 10:02:16 - [TEST_STEP][PASSED] - markPassed("Variasi data ke : " + no): Variasi data ke : 14

2022-11-25 10:02:16 - [MESSAGE][PASSED] - Variasi data ke : 14

2022-11-25 10:02:16 - [TEST_STEP][PASSED] - req_data = sendRequest(findTestObject("Search_ME", ["MID":MID, "source":source, "ip":ip, "userid":userid, "branch":branch, "tipekons":tipekons, "marital":marital, "penjamin":penjamin, ... ])): Send request successfully

2022-11-25 10:02:16 - [MESSAGE][INFO] - HAR: D:\DMS\Engine Scoring\Reports\20221125_100036\Exclude KKB - DS - Married\Scoring Married - CS New\20221125_100036\requests\main\26.har

2022-11-25 10:02:16 - [MESSAGE][PASSED] - Send request successfully

2022-11-25 10:02:16 - [TEST_STEP][PASSED] - slurper = new groovy.json.JsonSlurper(): null

2022-11-25 10:02:16 - [TEST_STEP][PASSED] - result = slurper.parseText(req_data.getResponseBodyContent()): null

2022-11-25 10:02:16 - [TEST_STEP][PASSED] - reqid_kons = requestid1: null

2022-11-25 10:02:16 - [TEST_STEP][PASSED] - reqid_spouse = requestid2: null

2022-11-25 10:02:16 - [TEST_STEP][PASSED] - println("requestid kons : " + reqid_kons): null

2022-11-25 10:02:16 - [TEST_STEP][PASSED] - response_searchME_kons = reqid_kons: null

2022-11-25 10:02:16 - [TEST_STEP][PASSED] - response_searchME_spouse = reqid_spouse: null

2022-11-25 10:02:16 - [TEST_STEP][PASSED] - println("kons req id is :" + response_searchME_kons): null

2022-11-25 10:02:16 - [TEST_STEP][PASSED] - println("spouse req id is : " + response_searchME_spouse): null

2022-11-25 10:02:16 - [TEST_STEP][PASSED] - verifyResponseStatusCode(req_data, 200): Verify response status code successfully

2022-11-25 10:02:16 - [MESSAGE][PASSED] - Verify response status code successfully

2022-11-25 10:02:16 - [TEST_STEP][PASSED] - response = req_data.getResponseText(): null

2022-11-25 10:02:16 - [TEST_STEP][PASSED] - logInfo($response): {"status":"Done","data":{"requestid1":"255467","requestid2":"255468"}}

2022-11-25 10:02:16 - [MESSAGE][INFO] - {"status":"Done","data":{"requestid1":"255467","requestid2":"255468"}}

2022-11-25 10:02:16 - [TEST_STEP][PASSED] - delay(5): Delayed 5 second(s)

2022-11-25 10:02:21 - [MESSAGE][PASSED] - Delayed 5 second(s)

2022-11-25 10:02:21 - [TEST_STEP][PASSED] - scoring = sendRequest(findTestObject("EngineScore", ["response_searchME_kons":response_searchME_kons, "response_searchME_spouse":response_searchME_spouse])): Send request successfully

2022-11-25 10:02:22 - [MESSAGE][INFO] - HAR: D:\DMS\Engine Scoring\Reports\20221125_100036\Exclude KKB - DS - Married\Scoring Married - CS New\20221125_100036\requests\main\27.har

2022-11-25 10:02:22 - [MESSAGE][PASSED] - Send request successfully

2022-11-25 10:02:22 - [TEST_STEP][PASSED] - verifyResponseStatusCode(scoring, 200): Verify response status code successfully

2022-11-25 10:02:22 - [MESSAGE][PASSED] - Verify response status code successfully

2022-11-25 10:02:22 - [TEST_STEP][PASSED] - response2 = scoring.getResponseText(): null

2022-11-25 10:02:22 - [TEST_STEP][PASSED] - markPassed("result service data ke : " + no): result service data ke : 14

2022-11-25 10:02:22 - [MESSAGE][PASSED] - result service data ke : 14

2022-11-25 10:02:22 - [TEST_STEP][PASSED] - logInfo($response2): {"result_konsumen":"Reguler","result_pasangan":"Reject","Final_result":"Reject","errorMessage":"","status":"Done"}

2022-11-25 10:02:22 - [MESSAGE][INFO] - {"result_konsumen":"Reguler","result_pasangan":"Reject","Final_result":"Reject","errorMessage":"","status":"Done"}

2022-11-25 10:02:22 - [TEST_STEP][PASSED] - verifyElementPropertyValue(scoring, "Final_result", final_result): Verify element property value successfully

2022-11-25 10:02:22 - [MESSAGE][PASSED] - Verify element property value successfully]]></system-out>
         <system-err><![CDATA[]]></system-err>
      </testcase>
      <testcase name="Test Cases/Engine_Scoring/Engine Scoring" time="6.555" classname="Test Cases/Engine_Scoring/Engine Scoring" status="PASSED">
         <system-out><![CDATA[2022-11-25 10:02:22 - [TEST_CASE][PASSED] - Test Cases/Engine_Scoring/Engine Scoring: Test Cases/Engine_Scoring/Engine Scoring

2022-11-25 10:02:22 - [TEST_STEP][PASSED] - markPassed("Variasi data ke : " + no): Variasi data ke : 15

2022-11-25 10:02:22 - [MESSAGE][PASSED] - Variasi data ke : 15

2022-11-25 10:02:22 - [TEST_STEP][PASSED] - req_data = sendRequest(findTestObject("Search_ME", ["MID":MID, "source":source, "ip":ip, "userid":userid, "branch":branch, "tipekons":tipekons, "marital":marital, "penjamin":penjamin, ... ])): Send request successfully

2022-11-25 10:02:23 - [MESSAGE][INFO] - HAR: D:\DMS\Engine Scoring\Reports\20221125_100036\Exclude KKB - DS - Married\Scoring Married - CS New\20221125_100036\requests\main\28.har

2022-11-25 10:02:23 - [MESSAGE][PASSED] - Send request successfully

2022-11-25 10:02:23 - [TEST_STEP][PASSED] - slurper = new groovy.json.JsonSlurper(): null

2022-11-25 10:02:23 - [TEST_STEP][PASSED] - result = slurper.parseText(req_data.getResponseBodyContent()): null

2022-11-25 10:02:23 - [TEST_STEP][PASSED] - reqid_kons = requestid1: null

2022-11-25 10:02:23 - [TEST_STEP][PASSED] - reqid_spouse = requestid2: null

2022-11-25 10:02:23 - [TEST_STEP][PASSED] - println("requestid kons : " + reqid_kons): null

2022-11-25 10:02:23 - [TEST_STEP][PASSED] - response_searchME_kons = reqid_kons: null

2022-11-25 10:02:23 - [TEST_STEP][PASSED] - response_searchME_spouse = reqid_spouse: null

2022-11-25 10:02:23 - [TEST_STEP][PASSED] - println("kons req id is :" + response_searchME_kons): null

2022-11-25 10:02:23 - [TEST_STEP][PASSED] - println("spouse req id is : " + response_searchME_spouse): null

2022-11-25 10:02:23 - [TEST_STEP][PASSED] - verifyResponseStatusCode(req_data, 200): Verify response status code successfully

2022-11-25 10:02:23 - [MESSAGE][PASSED] - Verify response status code successfully

2022-11-25 10:02:23 - [TEST_STEP][PASSED] - response = req_data.getResponseText(): null

2022-11-25 10:02:23 - [TEST_STEP][PASSED] - logInfo($response): {"status":"Done","data":{"requestid1":"255469","requestid2":"255470"}}

2022-11-25 10:02:23 - [MESSAGE][INFO] - {"status":"Done","data":{"requestid1":"255469","requestid2":"255470"}}

2022-11-25 10:02:23 - [TEST_STEP][PASSED] - delay(5): Delayed 5 second(s)

2022-11-25 10:02:28 - [MESSAGE][PASSED] - Delayed 5 second(s)

2022-11-25 10:02:28 - [TEST_STEP][PASSED] - scoring = sendRequest(findTestObject("EngineScore", ["response_searchME_kons":response_searchME_kons, "response_searchME_spouse":response_searchME_spouse])): Send request successfully

2022-11-25 10:02:28 - [MESSAGE][INFO] - HAR: D:\DMS\Engine Scoring\Reports\20221125_100036\Exclude KKB - DS - Married\Scoring Married - CS New\20221125_100036\requests\main\29.har

2022-11-25 10:02:28 - [MESSAGE][PASSED] - Send request successfully

2022-11-25 10:02:28 - [TEST_STEP][PASSED] - verifyResponseStatusCode(scoring, 200): Verify response status code successfully

2022-11-25 10:02:28 - [MESSAGE][PASSED] - Verify response status code successfully

2022-11-25 10:02:28 - [TEST_STEP][PASSED] - response2 = scoring.getResponseText(): null

2022-11-25 10:02:28 - [TEST_STEP][PASSED] - markPassed("result service data ke : " + no): result service data ke : 15

2022-11-25 10:02:28 - [MESSAGE][PASSED] - result service data ke : 15

2022-11-25 10:02:28 - [TEST_STEP][PASSED] - logInfo($response2): {"result_konsumen":"Reguler","result_pasangan":"Reject","Final_result":"Reject","errorMessage":"","status":"Done"}

2022-11-25 10:02:28 - [MESSAGE][INFO] - {"result_konsumen":"Reguler","result_pasangan":"Reject","Final_result":"Reject","errorMessage":"","status":"Done"}

2022-11-25 10:02:28 - [TEST_STEP][PASSED] - verifyElementPropertyValue(scoring, "Final_result", final_result): Verify element property value successfully

2022-11-25 10:02:28 - [MESSAGE][PASSED] - Verify element property value successfully]]></system-out>
         <system-err><![CDATA[]]></system-err>
      </testcase>
      <testcase name="Test Cases/Engine_Scoring/Engine Scoring" time="6.681" classname="Test Cases/Engine_Scoring/Engine Scoring" status="PASSED">
         <system-out><![CDATA[2022-11-25 10:02:28 - [TEST_CASE][PASSED] - Test Cases/Engine_Scoring/Engine Scoring: Test Cases/Engine_Scoring/Engine Scoring

2022-11-25 10:02:29 - [TEST_STEP][PASSED] - markPassed("Variasi data ke : " + no): Variasi data ke : 16

2022-11-25 10:02:29 - [MESSAGE][PASSED] - Variasi data ke : 16

2022-11-25 10:02:29 - [TEST_STEP][PASSED] - req_data = sendRequest(findTestObject("Search_ME", ["MID":MID, "source":source, "ip":ip, "userid":userid, "branch":branch, "tipekons":tipekons, "marital":marital, "penjamin":penjamin, ... ])): Send request successfully

2022-11-25 10:02:30 - [MESSAGE][INFO] - HAR: D:\DMS\Engine Scoring\Reports\20221125_100036\Exclude KKB - DS - Married\Scoring Married - CS New\20221125_100036\requests\main\30.har

2022-11-25 10:02:30 - [MESSAGE][PASSED] - Send request successfully

2022-11-25 10:02:30 - [TEST_STEP][PASSED] - slurper = new groovy.json.JsonSlurper(): null

2022-11-25 10:02:30 - [TEST_STEP][PASSED] - result = slurper.parseText(req_data.getResponseBodyContent()): null

2022-11-25 10:02:30 - [TEST_STEP][PASSED] - reqid_kons = requestid1: null

2022-11-25 10:02:30 - [TEST_STEP][PASSED] - reqid_spouse = requestid2: null

2022-11-25 10:02:30 - [TEST_STEP][PASSED] - println("requestid kons : " + reqid_kons): null

2022-11-25 10:02:30 - [TEST_STEP][PASSED] - response_searchME_kons = reqid_kons: null

2022-11-25 10:02:30 - [TEST_STEP][PASSED] - response_searchME_spouse = reqid_spouse: null

2022-11-25 10:02:30 - [TEST_STEP][PASSED] - println("kons req id is :" + response_searchME_kons): null

2022-11-25 10:02:30 - [TEST_STEP][PASSED] - println("spouse req id is : " + response_searchME_spouse): null

2022-11-25 10:02:30 - [TEST_STEP][PASSED] - verifyResponseStatusCode(req_data, 200): Verify response status code successfully

2022-11-25 10:02:30 - [MESSAGE][PASSED] - Verify response status code successfully

2022-11-25 10:02:30 - [TEST_STEP][PASSED] - response = req_data.getResponseText(): null

2022-11-25 10:02:30 - [TEST_STEP][PASSED] - logInfo($response): {"status":"Done","data":{"requestid1":"255471","requestid2":"255472"}}

2022-11-25 10:02:30 - [MESSAGE][INFO] - {"status":"Done","data":{"requestid1":"255471","requestid2":"255472"}}

2022-11-25 10:02:30 - [TEST_STEP][PASSED] - delay(5): Delayed 5 second(s)

2022-11-25 10:02:35 - [MESSAGE][PASSED] - Delayed 5 second(s)

2022-11-25 10:02:35 - [TEST_STEP][PASSED] - scoring = sendRequest(findTestObject("EngineScore", ["response_searchME_kons":response_searchME_kons, "response_searchME_spouse":response_searchME_spouse])): Send request successfully

2022-11-25 10:02:35 - [MESSAGE][INFO] - HAR: D:\DMS\Engine Scoring\Reports\20221125_100036\Exclude KKB - DS - Married\Scoring Married - CS New\20221125_100036\requests\main\31.har

2022-11-25 10:02:35 - [MESSAGE][PASSED] - Send request successfully

2022-11-25 10:02:35 - [TEST_STEP][PASSED] - verifyResponseStatusCode(scoring, 200): Verify response status code successfully

2022-11-25 10:02:35 - [MESSAGE][PASSED] - Verify response status code successfully

2022-11-25 10:02:35 - [TEST_STEP][PASSED] - response2 = scoring.getResponseText(): null

2022-11-25 10:02:35 - [TEST_STEP][PASSED] - markPassed("result service data ke : " + no): result service data ke : 16

2022-11-25 10:02:35 - [MESSAGE][PASSED] - result service data ke : 16

2022-11-25 10:02:35 - [TEST_STEP][PASSED] - logInfo($response2): {"result_konsumen":"Reguler","result_pasangan":"Reject","Final_result":"Reject","errorMessage":"","status":"Done"}

2022-11-25 10:02:35 - [MESSAGE][INFO] - {"result_konsumen":"Reguler","result_pasangan":"Reject","Final_result":"Reject","errorMessage":"","status":"Done"}

2022-11-25 10:02:35 - [TEST_STEP][PASSED] - verifyElementPropertyValue(scoring, "Final_result", final_result): Verify element property value successfully

2022-11-25 10:02:35 - [MESSAGE][PASSED] - Verify element property value successfully]]></system-out>
         <system-err><![CDATA[]]></system-err>
      </testcase>
      <testcase name="Test Cases/Engine_Scoring/Engine Scoring" time="6.654" classname="Test Cases/Engine_Scoring/Engine Scoring" status="PASSED">
         <system-out><![CDATA[2022-11-25 10:02:35 - [TEST_CASE][PASSED] - Test Cases/Engine_Scoring/Engine Scoring: Test Cases/Engine_Scoring/Engine Scoring

2022-11-25 10:02:36 - [TEST_STEP][PASSED] - markPassed("Variasi data ke : " + no): Variasi data ke : 17

2022-11-25 10:02:36 - [MESSAGE][PASSED] - Variasi data ke : 17

2022-11-25 10:02:36 - [TEST_STEP][PASSED] - req_data = sendRequest(findTestObject("Search_ME", ["MID":MID, "source":source, "ip":ip, "userid":userid, "branch":branch, "tipekons":tipekons, "marital":marital, "penjamin":penjamin, ... ])): Send request successfully

2022-11-25 10:02:37 - [MESSAGE][INFO] - HAR: D:\DMS\Engine Scoring\Reports\20221125_100036\Exclude KKB - DS - Married\Scoring Married - CS New\20221125_100036\requests\main\32.har

2022-11-25 10:02:37 - [MESSAGE][PASSED] - Send request successfully

2022-11-25 10:02:37 - [TEST_STEP][PASSED] - slurper = new groovy.json.JsonSlurper(): null

2022-11-25 10:02:37 - [TEST_STEP][PASSED] - result = slurper.parseText(req_data.getResponseBodyContent()): null

2022-11-25 10:02:37 - [TEST_STEP][PASSED] - reqid_kons = requestid1: null

2022-11-25 10:02:37 - [TEST_STEP][PASSED] - reqid_spouse = requestid2: null

2022-11-25 10:02:37 - [TEST_STEP][PASSED] - println("requestid kons : " + reqid_kons): null

2022-11-25 10:02:37 - [TEST_STEP][PASSED] - response_searchME_kons = reqid_kons: null

2022-11-25 10:02:37 - [TEST_STEP][PASSED] - response_searchME_spouse = reqid_spouse: null

2022-11-25 10:02:37 - [TEST_STEP][PASSED] - println("kons req id is :" + response_searchME_kons): null

2022-11-25 10:02:37 - [TEST_STEP][PASSED] - println("spouse req id is : " + response_searchME_spouse): null

2022-11-25 10:02:37 - [TEST_STEP][PASSED] - verifyResponseStatusCode(req_data, 200): Verify response status code successfully

2022-11-25 10:02:37 - [MESSAGE][PASSED] - Verify response status code successfully

2022-11-25 10:02:37 - [TEST_STEP][PASSED] - response = req_data.getResponseText(): null

2022-11-25 10:02:37 - [TEST_STEP][PASSED] - logInfo($response): {"status":"Done","data":{"requestid1":"255473","requestid2":"255474"}}

2022-11-25 10:02:37 - [MESSAGE][INFO] - {"status":"Done","data":{"requestid1":"255473","requestid2":"255474"}}

2022-11-25 10:02:37 - [TEST_STEP][PASSED] - delay(5): Delayed 5 second(s)

2022-11-25 10:02:42 - [MESSAGE][PASSED] - Delayed 5 second(s)

2022-11-25 10:02:42 - [TEST_STEP][PASSED] - scoring = sendRequest(findTestObject("EngineScore", ["response_searchME_kons":response_searchME_kons, "response_searchME_spouse":response_searchME_spouse])): Send request successfully

2022-11-25 10:02:42 - [MESSAGE][INFO] - HAR: D:\DMS\Engine Scoring\Reports\20221125_100036\Exclude KKB - DS - Married\Scoring Married - CS New\20221125_100036\requests\main\33.har

2022-11-25 10:02:42 - [MESSAGE][PASSED] - Send request successfully

2022-11-25 10:02:42 - [TEST_STEP][PASSED] - verifyResponseStatusCode(scoring, 200): Verify response status code successfully

2022-11-25 10:02:42 - [MESSAGE][PASSED] - Verify response status code successfully

2022-11-25 10:02:42 - [TEST_STEP][PASSED] - response2 = scoring.getResponseText(): null

2022-11-25 10:02:42 - [TEST_STEP][PASSED] - markPassed("result service data ke : " + no): result service data ke : 17

2022-11-25 10:02:42 - [MESSAGE][PASSED] - result service data ke : 17

2022-11-25 10:02:42 - [TEST_STEP][PASSED] - logInfo($response2): {"result_konsumen":"Reguler","result_pasangan":"Reguler","Final_result":"Reguler","errorMessage":"","status":"Done"}

2022-11-25 10:02:42 - [MESSAGE][INFO] - {"result_konsumen":"Reguler","result_pasangan":"Reguler","Final_result":"Reguler","errorMessage":"","status":"Done"}

2022-11-25 10:02:42 - [TEST_STEP][PASSED] - verifyElementPropertyValue(scoring, "Final_result", final_result): Verify element property value successfully

2022-11-25 10:02:42 - [MESSAGE][PASSED] - Verify element property value successfully]]></system-out>
         <system-err><![CDATA[]]></system-err>
      </testcase>
      <testcase name="Test Cases/Engine_Scoring/Engine Scoring" time="6.542" classname="Test Cases/Engine_Scoring/Engine Scoring" status="PASSED">
         <system-out><![CDATA[2022-11-25 10:02:42 - [TEST_CASE][PASSED] - Test Cases/Engine_Scoring/Engine Scoring: Test Cases/Engine_Scoring/Engine Scoring

2022-11-25 10:02:42 - [TEST_STEP][PASSED] - markPassed("Variasi data ke : " + no): Variasi data ke : 18

2022-11-25 10:02:42 - [MESSAGE][PASSED] - Variasi data ke : 18

2022-11-25 10:02:42 - [TEST_STEP][PASSED] - req_data = sendRequest(findTestObject("Search_ME", ["MID":MID, "source":source, "ip":ip, "userid":userid, "branch":branch, "tipekons":tipekons, "marital":marital, "penjamin":penjamin, ... ])): Send request successfully

2022-11-25 10:02:43 - [MESSAGE][INFO] - HAR: D:\DMS\Engine Scoring\Reports\20221125_100036\Exclude KKB - DS - Married\Scoring Married - CS New\20221125_100036\requests\main\34.har

2022-11-25 10:02:43 - [MESSAGE][PASSED] - Send request successfully

2022-11-25 10:02:43 - [TEST_STEP][PASSED] - slurper = new groovy.json.JsonSlurper(): null

2022-11-25 10:02:43 - [TEST_STEP][PASSED] - result = slurper.parseText(req_data.getResponseBodyContent()): null

2022-11-25 10:02:43 - [TEST_STEP][PASSED] - reqid_kons = requestid1: null

2022-11-25 10:02:43 - [TEST_STEP][PASSED] - reqid_spouse = requestid2: null

2022-11-25 10:02:43 - [TEST_STEP][PASSED] - println("requestid kons : " + reqid_kons): null

2022-11-25 10:02:43 - [TEST_STEP][PASSED] - response_searchME_kons = reqid_kons: null

2022-11-25 10:02:43 - [TEST_STEP][PASSED] - response_searchME_spouse = reqid_spouse: null

2022-11-25 10:02:43 - [TEST_STEP][PASSED] - println("kons req id is :" + response_searchME_kons): null

2022-11-25 10:02:43 - [TEST_STEP][PASSED] - println("spouse req id is : " + response_searchME_spouse): null

2022-11-25 10:02:43 - [TEST_STEP][PASSED] - verifyResponseStatusCode(req_data, 200): Verify response status code successfully

2022-11-25 10:02:43 - [MESSAGE][PASSED] - Verify response status code successfully

2022-11-25 10:02:43 - [TEST_STEP][PASSED] - response = req_data.getResponseText(): null

2022-11-25 10:02:43 - [TEST_STEP][PASSED] - logInfo($response): {"status":"Done","data":{"requestid1":"255475","requestid2":"255476"}}

2022-11-25 10:02:43 - [MESSAGE][INFO] - {"status":"Done","data":{"requestid1":"255475","requestid2":"255476"}}

2022-11-25 10:02:43 - [TEST_STEP][PASSED] - delay(5): Delayed 5 second(s)

2022-11-25 10:02:48 - [MESSAGE][PASSED] - Delayed 5 second(s)

2022-11-25 10:02:48 - [TEST_STEP][PASSED] - scoring = sendRequest(findTestObject("EngineScore", ["response_searchME_kons":response_searchME_kons, "response_searchME_spouse":response_searchME_spouse])): Send request successfully

2022-11-25 10:02:48 - [MESSAGE][INFO] - HAR: D:\DMS\Engine Scoring\Reports\20221125_100036\Exclude KKB - DS - Married\Scoring Married - CS New\20221125_100036\requests\main\35.har

2022-11-25 10:02:48 - [MESSAGE][PASSED] - Send request successfully

2022-11-25 10:02:48 - [TEST_STEP][PASSED] - verifyResponseStatusCode(scoring, 200): Verify response status code successfully

2022-11-25 10:02:48 - [MESSAGE][PASSED] - Verify response status code successfully

2022-11-25 10:02:48 - [TEST_STEP][PASSED] - response2 = scoring.getResponseText(): null

2022-11-25 10:02:48 - [TEST_STEP][PASSED] - markPassed("result service data ke : " + no): result service data ke : 18

2022-11-25 10:02:48 - [MESSAGE][PASSED] - result service data ke : 18

2022-11-25 10:02:48 - [TEST_STEP][PASSED] - logInfo($response2): {"result_konsumen":"Reguler","result_pasangan":"Approve","Final_result":"Reguler","errorMessage":"","status":"Done"}

2022-11-25 10:02:48 - [MESSAGE][INFO] - {"result_konsumen":"Reguler","result_pasangan":"Approve","Final_result":"Reguler","errorMessage":"","status":"Done"}

2022-11-25 10:02:48 - [TEST_STEP][PASSED] - verifyElementPropertyValue(scoring, "Final_result", final_result): Verify element property value successfully

2022-11-25 10:02:48 - [MESSAGE][PASSED] - Verify element property value successfully]]></system-out>
         <system-err><![CDATA[]]></system-err>
      </testcase>
      <testcase name="Test Cases/Engine_Scoring/Engine Scoring" time="6.626" classname="Test Cases/Engine_Scoring/Engine Scoring" status="PASSED">
         <system-out><![CDATA[2022-11-25 10:02:48 - [TEST_CASE][PASSED] - Test Cases/Engine_Scoring/Engine Scoring: Test Cases/Engine_Scoring/Engine Scoring

2022-11-25 10:02:49 - [TEST_STEP][PASSED] - markPassed("Variasi data ke : " + no): Variasi data ke : 19

2022-11-25 10:02:49 - [MESSAGE][PASSED] - Variasi data ke : 19

2022-11-25 10:02:49 - [TEST_STEP][PASSED] - req_data = sendRequest(findTestObject("Search_ME", ["MID":MID, "source":source, "ip":ip, "userid":userid, "branch":branch, "tipekons":tipekons, "marital":marital, "penjamin":penjamin, ... ])): Send request successfully

2022-11-25 10:02:50 - [MESSAGE][INFO] - HAR: D:\DMS\Engine Scoring\Reports\20221125_100036\Exclude KKB - DS - Married\Scoring Married - CS New\20221125_100036\requests\main\36.har

2022-11-25 10:02:50 - [MESSAGE][PASSED] - Send request successfully

2022-11-25 10:02:50 - [TEST_STEP][PASSED] - slurper = new groovy.json.JsonSlurper(): null

2022-11-25 10:02:50 - [TEST_STEP][PASSED] - result = slurper.parseText(req_data.getResponseBodyContent()): null

2022-11-25 10:02:50 - [TEST_STEP][PASSED] - reqid_kons = requestid1: null

2022-11-25 10:02:50 - [TEST_STEP][PASSED] - reqid_spouse = requestid2: null

2022-11-25 10:02:50 - [TEST_STEP][PASSED] - println("requestid kons : " + reqid_kons): null

2022-11-25 10:02:50 - [TEST_STEP][PASSED] - response_searchME_kons = reqid_kons: null

2022-11-25 10:02:50 - [TEST_STEP][PASSED] - response_searchME_spouse = reqid_spouse: null

2022-11-25 10:02:50 - [TEST_STEP][PASSED] - println("kons req id is :" + response_searchME_kons): null

2022-11-25 10:02:50 - [TEST_STEP][PASSED] - println("spouse req id is : " + response_searchME_spouse): null

2022-11-25 10:02:50 - [TEST_STEP][PASSED] - verifyResponseStatusCode(req_data, 200): Verify response status code successfully

2022-11-25 10:02:50 - [MESSAGE][PASSED] - Verify response status code successfully

2022-11-25 10:02:50 - [TEST_STEP][PASSED] - response = req_data.getResponseText(): null

2022-11-25 10:02:50 - [TEST_STEP][PASSED] - logInfo($response): {"status":"Done","data":{"requestid1":"255477","requestid2":"255478"}}

2022-11-25 10:02:50 - [MESSAGE][INFO] - {"status":"Done","data":{"requestid1":"255477","requestid2":"255478"}}

2022-11-25 10:02:50 - [TEST_STEP][PASSED] - delay(5): Delayed 5 second(s)

2022-11-25 10:02:55 - [MESSAGE][PASSED] - Delayed 5 second(s)

2022-11-25 10:02:55 - [TEST_STEP][PASSED] - scoring = sendRequest(findTestObject("EngineScore", ["response_searchME_kons":response_searchME_kons, "response_searchME_spouse":response_searchME_spouse])): Send request successfully

2022-11-25 10:02:55 - [MESSAGE][INFO] - HAR: D:\DMS\Engine Scoring\Reports\20221125_100036\Exclude KKB - DS - Married\Scoring Married - CS New\20221125_100036\requests\main\37.har

2022-11-25 10:02:55 - [MESSAGE][PASSED] - Send request successfully

2022-11-25 10:02:55 - [TEST_STEP][PASSED] - verifyResponseStatusCode(scoring, 200): Verify response status code successfully

2022-11-25 10:02:55 - [MESSAGE][PASSED] - Verify response status code successfully

2022-11-25 10:02:55 - [TEST_STEP][PASSED] - response2 = scoring.getResponseText(): null

2022-11-25 10:02:55 - [TEST_STEP][PASSED] - markPassed("result service data ke : " + no): result service data ke : 19

2022-11-25 10:02:55 - [MESSAGE][PASSED] - result service data ke : 19

2022-11-25 10:02:55 - [TEST_STEP][PASSED] - logInfo($response2): {"result_konsumen":"Reject","result_pasangan":"Reguler","Final_result":"Reject","errorMessage":"","status":"Done"}

2022-11-25 10:02:55 - [MESSAGE][INFO] - {"result_konsumen":"Reject","result_pasangan":"Reguler","Final_result":"Reject","errorMessage":"","status":"Done"}

2022-11-25 10:02:55 - [TEST_STEP][PASSED] - verifyElementPropertyValue(scoring, "Final_result", final_result): Verify element property value successfully

2022-11-25 10:02:55 - [MESSAGE][PASSED] - Verify element property value successfully]]></system-out>
         <system-err><![CDATA[]]></system-err>
      </testcase>
      <testcase name="Test Cases/Engine_Scoring/Engine Scoring" time="6.554" classname="Test Cases/Engine_Scoring/Engine Scoring" status="PASSED">
         <system-out><![CDATA[2022-11-25 10:02:55 - [TEST_CASE][PASSED] - Test Cases/Engine_Scoring/Engine Scoring: Test Cases/Engine_Scoring/Engine Scoring

2022-11-25 10:02:56 - [TEST_STEP][PASSED] - markPassed("Variasi data ke : " + no): Variasi data ke : 20

2022-11-25 10:02:56 - [MESSAGE][PASSED] - Variasi data ke : 20

2022-11-25 10:02:56 - [TEST_STEP][PASSED] - req_data = sendRequest(findTestObject("Search_ME", ["MID":MID, "source":source, "ip":ip, "userid":userid, "branch":branch, "tipekons":tipekons, "marital":marital, "penjamin":penjamin, ... ])): Send request successfully

2022-11-25 10:02:56 - [MESSAGE][INFO] - HAR: D:\DMS\Engine Scoring\Reports\20221125_100036\Exclude KKB - DS - Married\Scoring Married - CS New\20221125_100036\requests\main\38.har

2022-11-25 10:02:56 - [MESSAGE][PASSED] - Send request successfully

2022-11-25 10:02:56 - [TEST_STEP][PASSED] - slurper = new groovy.json.JsonSlurper(): null

2022-11-25 10:02:56 - [TEST_STEP][PASSED] - result = slurper.parseText(req_data.getResponseBodyContent()): null

2022-11-25 10:02:56 - [TEST_STEP][PASSED] - reqid_kons = requestid1: null

2022-11-25 10:02:56 - [TEST_STEP][PASSED] - reqid_spouse = requestid2: null

2022-11-25 10:02:56 - [TEST_STEP][PASSED] - println("requestid kons : " + reqid_kons): null

2022-11-25 10:02:56 - [TEST_STEP][PASSED] - response_searchME_kons = reqid_kons: null

2022-11-25 10:02:56 - [TEST_STEP][PASSED] - response_searchME_spouse = reqid_spouse: null

2022-11-25 10:02:56 - [TEST_STEP][PASSED] - println("kons req id is :" + response_searchME_kons): null

2022-11-25 10:02:56 - [TEST_STEP][PASSED] - println("spouse req id is : " + response_searchME_spouse): null

2022-11-25 10:02:56 - [TEST_STEP][PASSED] - verifyResponseStatusCode(req_data, 200): Verify response status code successfully

2022-11-25 10:02:56 - [MESSAGE][PASSED] - Verify response status code successfully

2022-11-25 10:02:56 - [TEST_STEP][PASSED] - response = req_data.getResponseText(): null

2022-11-25 10:02:56 - [TEST_STEP][PASSED] - logInfo($response): {"status":"Done","data":{"requestid1":"255479","requestid2":"255480"}}

2022-11-25 10:02:56 - [MESSAGE][INFO] - {"status":"Done","data":{"requestid1":"255479","requestid2":"255480"}}

2022-11-25 10:02:56 - [TEST_STEP][PASSED] - delay(5): Delayed 5 second(s)

2022-11-25 10:03:01 - [MESSAGE][PASSED] - Delayed 5 second(s)

2022-11-25 10:03:01 - [TEST_STEP][PASSED] - scoring = sendRequest(findTestObject("EngineScore", ["response_searchME_kons":response_searchME_kons, "response_searchME_spouse":response_searchME_spouse])): Send request successfully

2022-11-25 10:03:02 - [MESSAGE][INFO] - HAR: D:\DMS\Engine Scoring\Reports\20221125_100036\Exclude KKB - DS - Married\Scoring Married - CS New\20221125_100036\requests\main\39.har

2022-11-25 10:03:02 - [MESSAGE][PASSED] - Send request successfully

2022-11-25 10:03:02 - [TEST_STEP][PASSED] - verifyResponseStatusCode(scoring, 200): Verify response status code successfully

2022-11-25 10:03:02 - [MESSAGE][PASSED] - Verify response status code successfully

2022-11-25 10:03:02 - [TEST_STEP][PASSED] - response2 = scoring.getResponseText(): null

2022-11-25 10:03:02 - [TEST_STEP][PASSED] - markPassed("result service data ke : " + no): result service data ke : 20

2022-11-25 10:03:02 - [MESSAGE][PASSED] - result service data ke : 20

2022-11-25 10:03:02 - [TEST_STEP][PASSED] - logInfo($response2): {"result_konsumen":"Reject","result_pasangan":"Reguler","Final_result":"Reject","errorMessage":"","status":"Done"}

2022-11-25 10:03:02 - [MESSAGE][INFO] - {"result_konsumen":"Reject","result_pasangan":"Reguler","Final_result":"Reject","errorMessage":"","status":"Done"}

2022-11-25 10:03:02 - [TEST_STEP][PASSED] - verifyElementPropertyValue(scoring, "Final_result", final_result): Verify element property value successfully

2022-11-25 10:03:02 - [MESSAGE][PASSED] - Verify element property value successfully]]></system-out>
         <system-err><![CDATA[]]></system-err>
      </testcase>
      <testcase name="Test Cases/Engine_Scoring/Engine Scoring" time="6.548" classname="Test Cases/Engine_Scoring/Engine Scoring" status="PASSED">
         <system-out><![CDATA[2022-11-25 10:03:02 - [TEST_CASE][PASSED] - Test Cases/Engine_Scoring/Engine Scoring: Test Cases/Engine_Scoring/Engine Scoring

2022-11-25 10:03:02 - [TEST_STEP][PASSED] - markPassed("Variasi data ke : " + no): Variasi data ke : 21

2022-11-25 10:03:02 - [MESSAGE][PASSED] - Variasi data ke : 21

2022-11-25 10:03:02 - [TEST_STEP][PASSED] - req_data = sendRequest(findTestObject("Search_ME", ["MID":MID, "source":source, "ip":ip, "userid":userid, "branch":branch, "tipekons":tipekons, "marital":marital, "penjamin":penjamin, ... ])): Send request successfully

2022-11-25 10:03:03 - [MESSAGE][INFO] - HAR: D:\DMS\Engine Scoring\Reports\20221125_100036\Exclude KKB - DS - Married\Scoring Married - CS New\20221125_100036\requests\main\40.har

2022-11-25 10:03:03 - [MESSAGE][PASSED] - Send request successfully

2022-11-25 10:03:03 - [TEST_STEP][PASSED] - slurper = new groovy.json.JsonSlurper(): null

2022-11-25 10:03:03 - [TEST_STEP][PASSED] - result = slurper.parseText(req_data.getResponseBodyContent()): null

2022-11-25 10:03:03 - [TEST_STEP][PASSED] - reqid_kons = requestid1: null

2022-11-25 10:03:03 - [TEST_STEP][PASSED] - reqid_spouse = requestid2: null

2022-11-25 10:03:03 - [TEST_STEP][PASSED] - println("requestid kons : " + reqid_kons): null

2022-11-25 10:03:03 - [TEST_STEP][PASSED] - response_searchME_kons = reqid_kons: null

2022-11-25 10:03:03 - [TEST_STEP][PASSED] - response_searchME_spouse = reqid_spouse: null

2022-11-25 10:03:03 - [TEST_STEP][PASSED] - println("kons req id is :" + response_searchME_kons): null

2022-11-25 10:03:03 - [TEST_STEP][PASSED] - println("spouse req id is : " + response_searchME_spouse): null

2022-11-25 10:03:03 - [TEST_STEP][PASSED] - verifyResponseStatusCode(req_data, 200): Verify response status code successfully

2022-11-25 10:03:03 - [MESSAGE][PASSED] - Verify response status code successfully

2022-11-25 10:03:03 - [TEST_STEP][PASSED] - response = req_data.getResponseText(): null

2022-11-25 10:03:03 - [TEST_STEP][PASSED] - logInfo($response): {"status":"Done","data":{"requestid1":"255481","requestid2":"255482"}}

2022-11-25 10:03:03 - [MESSAGE][INFO] - {"status":"Done","data":{"requestid1":"255481","requestid2":"255482"}}

2022-11-25 10:03:03 - [TEST_STEP][PASSED] - delay(5): Delayed 5 second(s)

2022-11-25 10:03:08 - [MESSAGE][PASSED] - Delayed 5 second(s)

2022-11-25 10:03:08 - [TEST_STEP][PASSED] - scoring = sendRequest(findTestObject("EngineScore", ["response_searchME_kons":response_searchME_kons, "response_searchME_spouse":response_searchME_spouse])): Send request successfully

2022-11-25 10:03:08 - [MESSAGE][INFO] - HAR: D:\DMS\Engine Scoring\Reports\20221125_100036\Exclude KKB - DS - Married\Scoring Married - CS New\20221125_100036\requests\main\41.har

2022-11-25 10:03:08 - [MESSAGE][PASSED] - Send request successfully

2022-11-25 10:03:08 - [TEST_STEP][PASSED] - verifyResponseStatusCode(scoring, 200): Verify response status code successfully

2022-11-25 10:03:08 - [MESSAGE][PASSED] - Verify response status code successfully

2022-11-25 10:03:08 - [TEST_STEP][PASSED] - response2 = scoring.getResponseText(): null

2022-11-25 10:03:08 - [TEST_STEP][PASSED] - markPassed("result service data ke : " + no): result service data ke : 21

2022-11-25 10:03:08 - [MESSAGE][PASSED] - result service data ke : 21

2022-11-25 10:03:08 - [TEST_STEP][PASSED] - logInfo($response2): {"result_konsumen":"Reject","result_pasangan":"Reguler","Final_result":"Reject","errorMessage":"","status":"Done"}

2022-11-25 10:03:08 - [MESSAGE][INFO] - {"result_konsumen":"Reject","result_pasangan":"Reguler","Final_result":"Reject","errorMessage":"","status":"Done"}

2022-11-25 10:03:08 - [TEST_STEP][PASSED] - verifyElementPropertyValue(scoring, "Final_result", final_result): Verify element property value successfully

2022-11-25 10:03:08 - [MESSAGE][PASSED] - Verify element property value successfully]]></system-out>
         <system-err><![CDATA[]]></system-err>
      </testcase>
      <testcase name="Test Cases/Engine_Scoring/Engine Scoring" time="6.554" classname="Test Cases/Engine_Scoring/Engine Scoring" status="PASSED">
         <system-out><![CDATA[2022-11-25 10:03:08 - [TEST_CASE][PASSED] - Test Cases/Engine_Scoring/Engine Scoring: Test Cases/Engine_Scoring/Engine Scoring

2022-11-25 10:03:09 - [TEST_STEP][PASSED] - markPassed("Variasi data ke : " + no): Variasi data ke : 22

2022-11-25 10:03:09 - [MESSAGE][PASSED] - Variasi data ke : 22

2022-11-25 10:03:09 - [TEST_STEP][PASSED] - req_data = sendRequest(findTestObject("Search_ME", ["MID":MID, "source":source, "ip":ip, "userid":userid, "branch":branch, "tipekons":tipekons, "marital":marital, "penjamin":penjamin, ... ])): Send request successfully

2022-11-25 10:03:10 - [MESSAGE][INFO] - HAR: D:\DMS\Engine Scoring\Reports\20221125_100036\Exclude KKB - DS - Married\Scoring Married - CS New\20221125_100036\requests\main\42.har

2022-11-25 10:03:10 - [MESSAGE][PASSED] - Send request successfully

2022-11-25 10:03:10 - [TEST_STEP][PASSED] - slurper = new groovy.json.JsonSlurper(): null

2022-11-25 10:03:10 - [TEST_STEP][PASSED] - result = slurper.parseText(req_data.getResponseBodyContent()): null

2022-11-25 10:03:10 - [TEST_STEP][PASSED] - reqid_kons = requestid1: null

2022-11-25 10:03:10 - [TEST_STEP][PASSED] - reqid_spouse = requestid2: null

2022-11-25 10:03:10 - [TEST_STEP][PASSED] - println("requestid kons : " + reqid_kons): null

2022-11-25 10:03:10 - [TEST_STEP][PASSED] - response_searchME_kons = reqid_kons: null

2022-11-25 10:03:10 - [TEST_STEP][PASSED] - response_searchME_spouse = reqid_spouse: null

2022-11-25 10:03:10 - [TEST_STEP][PASSED] - println("kons req id is :" + response_searchME_kons): null

2022-11-25 10:03:10 - [TEST_STEP][PASSED] - println("spouse req id is : " + response_searchME_spouse): null

2022-11-25 10:03:10 - [TEST_STEP][PASSED] - verifyResponseStatusCode(req_data, 200): Verify response status code successfully

2022-11-25 10:03:10 - [MESSAGE][PASSED] - Verify response status code successfully

2022-11-25 10:03:10 - [TEST_STEP][PASSED] - response = req_data.getResponseText(): null

2022-11-25 10:03:10 - [TEST_STEP][PASSED] - logInfo($response): {"status":"Done","data":{"requestid1":"255483","requestid2":"255484"}}

2022-11-25 10:03:10 - [MESSAGE][INFO] - {"status":"Done","data":{"requestid1":"255483","requestid2":"255484"}}

2022-11-25 10:03:10 - [TEST_STEP][PASSED] - delay(5): Delayed 5 second(s)

2022-11-25 10:03:15 - [MESSAGE][PASSED] - Delayed 5 second(s)

2022-11-25 10:03:15 - [TEST_STEP][PASSED] - scoring = sendRequest(findTestObject("EngineScore", ["response_searchME_kons":response_searchME_kons, "response_searchME_spouse":response_searchME_spouse])): Send request successfully

2022-11-25 10:03:15 - [MESSAGE][INFO] - HAR: D:\DMS\Engine Scoring\Reports\20221125_100036\Exclude KKB - DS - Married\Scoring Married - CS New\20221125_100036\requests\main\43.har

2022-11-25 10:03:15 - [MESSAGE][PASSED] - Send request successfully

2022-11-25 10:03:15 - [TEST_STEP][PASSED] - verifyResponseStatusCode(scoring, 200): Verify response status code successfully

2022-11-25 10:03:15 - [MESSAGE][PASSED] - Verify response status code successfully

2022-11-25 10:03:15 - [TEST_STEP][PASSED] - response2 = scoring.getResponseText(): null

2022-11-25 10:03:15 - [TEST_STEP][PASSED] - markPassed("result service data ke : " + no): result service data ke : 22

2022-11-25 10:03:15 - [MESSAGE][PASSED] - result service data ke : 22

2022-11-25 10:03:15 - [TEST_STEP][PASSED] - logInfo($response2): {"result_konsumen":"Reject","result_pasangan":"Reguler","Final_result":"Reject","errorMessage":"","status":"Done"}

2022-11-25 10:03:15 - [MESSAGE][INFO] - {"result_konsumen":"Reject","result_pasangan":"Reguler","Final_result":"Reject","errorMessage":"","status":"Done"}

2022-11-25 10:03:15 - [TEST_STEP][PASSED] - verifyElementPropertyValue(scoring, "Final_result", final_result): Verify element property value successfully

2022-11-25 10:03:15 - [MESSAGE][PASSED] - Verify element property value successfully]]></system-out>
         <system-err><![CDATA[]]></system-err>
      </testcase>
      <testcase name="Test Cases/Engine_Scoring/Engine Scoring" time="6.549" classname="Test Cases/Engine_Scoring/Engine Scoring" status="PASSED">
         <system-out><![CDATA[2022-11-25 10:03:15 - [TEST_CASE][PASSED] - Test Cases/Engine_Scoring/Engine Scoring: Test Cases/Engine_Scoring/Engine Scoring

2022-11-25 10:03:16 - [TEST_STEP][PASSED] - markPassed("Variasi data ke : " + no): Variasi data ke : 23

2022-11-25 10:03:16 - [MESSAGE][PASSED] - Variasi data ke : 23

2022-11-25 10:03:16 - [TEST_STEP][PASSED] - req_data = sendRequest(findTestObject("Search_ME", ["MID":MID, "source":source, "ip":ip, "userid":userid, "branch":branch, "tipekons":tipekons, "marital":marital, "penjamin":penjamin, ... ])): Send request successfully

2022-11-25 10:03:16 - [MESSAGE][INFO] - HAR: D:\DMS\Engine Scoring\Reports\20221125_100036\Exclude KKB - DS - Married\Scoring Married - CS New\20221125_100036\requests\main\44.har

2022-11-25 10:03:16 - [MESSAGE][PASSED] - Send request successfully

2022-11-25 10:03:16 - [TEST_STEP][PASSED] - slurper = new groovy.json.JsonSlurper(): null

2022-11-25 10:03:16 - [TEST_STEP][PASSED] - result = slurper.parseText(req_data.getResponseBodyContent()): null

2022-11-25 10:03:16 - [TEST_STEP][PASSED] - reqid_kons = requestid1: null

2022-11-25 10:03:16 - [TEST_STEP][PASSED] - reqid_spouse = requestid2: null

2022-11-25 10:03:16 - [TEST_STEP][PASSED] - println("requestid kons : " + reqid_kons): null

2022-11-25 10:03:16 - [TEST_STEP][PASSED] - response_searchME_kons = reqid_kons: null

2022-11-25 10:03:16 - [TEST_STEP][PASSED] - response_searchME_spouse = reqid_spouse: null

2022-11-25 10:03:16 - [TEST_STEP][PASSED] - println("kons req id is :" + response_searchME_kons): null

2022-11-25 10:03:16 - [TEST_STEP][PASSED] - println("spouse req id is : " + response_searchME_spouse): null

2022-11-25 10:03:16 - [TEST_STEP][PASSED] - verifyResponseStatusCode(req_data, 200): Verify response status code successfully

2022-11-25 10:03:16 - [MESSAGE][PASSED] - Verify response status code successfully

2022-11-25 10:03:16 - [TEST_STEP][PASSED] - response = req_data.getResponseText(): null

2022-11-25 10:03:16 - [TEST_STEP][PASSED] - logInfo($response): {"status":"Done","data":{"requestid1":"255485","requestid2":"255486"}}

2022-11-25 10:03:16 - [MESSAGE][INFO] - {"status":"Done","data":{"requestid1":"255485","requestid2":"255486"}}

2022-11-25 10:03:16 - [TEST_STEP][PASSED] - delay(5): Delayed 5 second(s)

2022-11-25 10:03:21 - [MESSAGE][PASSED] - Delayed 5 second(s)

2022-11-25 10:03:21 - [TEST_STEP][PASSED] - scoring = sendRequest(findTestObject("EngineScore", ["response_searchME_kons":response_searchME_kons, "response_searchME_spouse":response_searchME_spouse])): Send request successfully

2022-11-25 10:03:21 - [MESSAGE][INFO] - HAR: D:\DMS\Engine Scoring\Reports\20221125_100036\Exclude KKB - DS - Married\Scoring Married - CS New\20221125_100036\requests\main\45.har

2022-11-25 10:03:21 - [MESSAGE][PASSED] - Send request successfully

2022-11-25 10:03:21 - [TEST_STEP][PASSED] - verifyResponseStatusCode(scoring, 200): Verify response status code successfully

2022-11-25 10:03:21 - [MESSAGE][PASSED] - Verify response status code successfully

2022-11-25 10:03:21 - [TEST_STEP][PASSED] - response2 = scoring.getResponseText(): null

2022-11-25 10:03:21 - [TEST_STEP][PASSED] - markPassed("result service data ke : " + no): result service data ke : 23

2022-11-25 10:03:21 - [MESSAGE][PASSED] - result service data ke : 23

2022-11-25 10:03:21 - [TEST_STEP][PASSED] - logInfo($response2): {"result_konsumen":"Reject","result_pasangan":"Reject","Final_result":"Reject","errorMessage":"","status":"Done"}

2022-11-25 10:03:21 - [MESSAGE][INFO] - {"result_konsumen":"Reject","result_pasangan":"Reject","Final_result":"Reject","errorMessage":"","status":"Done"}

2022-11-25 10:03:21 - [TEST_STEP][PASSED] - verifyElementPropertyValue(scoring, "Final_result", final_result): Verify element property value successfully

2022-11-25 10:03:21 - [MESSAGE][PASSED] - Verify element property value successfully]]></system-out>
         <system-err><![CDATA[]]></system-err>
      </testcase>
      <testcase name="Test Cases/Engine_Scoring/Engine Scoring" time="6.551" classname="Test Cases/Engine_Scoring/Engine Scoring" status="PASSED">
         <system-out><![CDATA[2022-11-25 10:03:21 - [TEST_CASE][PASSED] - Test Cases/Engine_Scoring/Engine Scoring: Test Cases/Engine_Scoring/Engine Scoring

2022-11-25 10:03:22 - [TEST_STEP][PASSED] - markPassed("Variasi data ke : " + no): Variasi data ke : 24

2022-11-25 10:03:22 - [MESSAGE][PASSED] - Variasi data ke : 24

2022-11-25 10:03:22 - [TEST_STEP][PASSED] - req_data = sendRequest(findTestObject("Search_ME", ["MID":MID, "source":source, "ip":ip, "userid":userid, "branch":branch, "tipekons":tipekons, "marital":marital, "penjamin":penjamin, ... ])): Send request successfully

2022-11-25 10:03:23 - [MESSAGE][INFO] - HAR: D:\DMS\Engine Scoring\Reports\20221125_100036\Exclude KKB - DS - Married\Scoring Married - CS New\20221125_100036\requests\main\46.har

2022-11-25 10:03:23 - [MESSAGE][PASSED] - Send request successfully

2022-11-25 10:03:23 - [TEST_STEP][PASSED] - slurper = new groovy.json.JsonSlurper(): null

2022-11-25 10:03:23 - [TEST_STEP][PASSED] - result = slurper.parseText(req_data.getResponseBodyContent()): null

2022-11-25 10:03:23 - [TEST_STEP][PASSED] - reqid_kons = requestid1: null

2022-11-25 10:03:23 - [TEST_STEP][PASSED] - reqid_spouse = requestid2: null

2022-11-25 10:03:23 - [TEST_STEP][PASSED] - println("requestid kons : " + reqid_kons): null

2022-11-25 10:03:23 - [TEST_STEP][PASSED] - response_searchME_kons = reqid_kons: null

2022-11-25 10:03:23 - [TEST_STEP][PASSED] - response_searchME_spouse = reqid_spouse: null

2022-11-25 10:03:23 - [TEST_STEP][PASSED] - println("kons req id is :" + response_searchME_kons): null

2022-11-25 10:03:23 - [TEST_STEP][PASSED] - println("spouse req id is : " + response_searchME_spouse): null

2022-11-25 10:03:23 - [TEST_STEP][PASSED] - verifyResponseStatusCode(req_data, 200): Verify response status code successfully

2022-11-25 10:03:23 - [MESSAGE][PASSED] - Verify response status code successfully

2022-11-25 10:03:23 - [TEST_STEP][PASSED] - response = req_data.getResponseText(): null

2022-11-25 10:03:23 - [TEST_STEP][PASSED] - logInfo($response): {"status":"Done","data":{"requestid1":"255487","requestid2":"255488"}}

2022-11-25 10:03:23 - [MESSAGE][INFO] - {"status":"Done","data":{"requestid1":"255487","requestid2":"255488"}}

2022-11-25 10:03:23 - [TEST_STEP][PASSED] - delay(5): Delayed 5 second(s)

2022-11-25 10:03:28 - [MESSAGE][PASSED] - Delayed 5 second(s)

2022-11-25 10:03:28 - [TEST_STEP][PASSED] - scoring = sendRequest(findTestObject("EngineScore", ["response_searchME_kons":response_searchME_kons, "response_searchME_spouse":response_searchME_spouse])): Send request successfully

2022-11-25 10:03:28 - [MESSAGE][INFO] - HAR: D:\DMS\Engine Scoring\Reports\20221125_100036\Exclude KKB - DS - Married\Scoring Married - CS New\20221125_100036\requests\main\47.har

2022-11-25 10:03:28 - [MESSAGE][PASSED] - Send request successfully

2022-11-25 10:03:28 - [TEST_STEP][PASSED] - verifyResponseStatusCode(scoring, 200): Verify response status code successfully

2022-11-25 10:03:28 - [MESSAGE][PASSED] - Verify response status code successfully

2022-11-25 10:03:28 - [TEST_STEP][PASSED] - response2 = scoring.getResponseText(): null

2022-11-25 10:03:28 - [TEST_STEP][PASSED] - markPassed("result service data ke : " + no): result service data ke : 24

2022-11-25 10:03:28 - [MESSAGE][PASSED] - result service data ke : 24

2022-11-25 10:03:28 - [TEST_STEP][PASSED] - logInfo($response2): {"result_konsumen":"Reject","result_pasangan":"Reject","Final_result":"Reject","errorMessage":"","status":"Done"}

2022-11-25 10:03:28 - [MESSAGE][INFO] - {"result_konsumen":"Reject","result_pasangan":"Reject","Final_result":"Reject","errorMessage":"","status":"Done"}

2022-11-25 10:03:28 - [TEST_STEP][PASSED] - verifyElementPropertyValue(scoring, "Final_result", final_result): Verify element property value successfully

2022-11-25 10:03:28 - [MESSAGE][PASSED] - Verify element property value successfully]]></system-out>
         <system-err><![CDATA[]]></system-err>
      </testcase>
      <testcase name="Test Cases/Engine_Scoring/Engine Scoring" time="7.657" classname="Test Cases/Engine_Scoring/Engine Scoring" status="PASSED">
         <system-out><![CDATA[2022-11-25 10:03:28 - [TEST_CASE][PASSED] - Test Cases/Engine_Scoring/Engine Scoring: Test Cases/Engine_Scoring/Engine Scoring

2022-11-25 10:03:30 - [TEST_STEP][PASSED] - markPassed("Variasi data ke : " + no): Variasi data ke : 25

2022-11-25 10:03:30 - [MESSAGE][PASSED] - Variasi data ke : 25

2022-11-25 10:03:30 - [TEST_STEP][PASSED] - req_data = sendRequest(findTestObject("Search_ME", ["MID":MID, "source":source, "ip":ip, "userid":userid, "branch":branch, "tipekons":tipekons, "marital":marital, "penjamin":penjamin, ... ])): Send request successfully

2022-11-25 10:03:30 - [MESSAGE][INFO] - HAR: D:\DMS\Engine Scoring\Reports\20221125_100036\Exclude KKB - DS - Married\Scoring Married - CS New\20221125_100036\requests\main\48.har

2022-11-25 10:03:30 - [MESSAGE][PASSED] - Send request successfully

2022-11-25 10:03:30 - [TEST_STEP][PASSED] - slurper = new groovy.json.JsonSlurper(): null

2022-11-25 10:03:30 - [TEST_STEP][PASSED] - result = slurper.parseText(req_data.getResponseBodyContent()): null

2022-11-25 10:03:30 - [TEST_STEP][PASSED] - reqid_kons = requestid1: null

2022-11-25 10:03:30 - [TEST_STEP][PASSED] - reqid_spouse = requestid2: null

2022-11-25 10:03:30 - [TEST_STEP][PASSED] - println("requestid kons : " + reqid_kons): null

2022-11-25 10:03:30 - [TEST_STEP][PASSED] - response_searchME_kons = reqid_kons: null

2022-11-25 10:03:30 - [TEST_STEP][PASSED] - response_searchME_spouse = reqid_spouse: null

2022-11-25 10:03:30 - [TEST_STEP][PASSED] - println("kons req id is :" + response_searchME_kons): null

2022-11-25 10:03:30 - [TEST_STEP][PASSED] - println("spouse req id is : " + response_searchME_spouse): null

2022-11-25 10:03:30 - [TEST_STEP][PASSED] - verifyResponseStatusCode(req_data, 200): Verify response status code successfully

2022-11-25 10:03:31 - [MESSAGE][PASSED] - Verify response status code successfully

2022-11-25 10:03:31 - [TEST_STEP][PASSED] - response = req_data.getResponseText(): null

2022-11-25 10:03:31 - [TEST_STEP][PASSED] - logInfo($response): {"status":"Done","data":{"requestid1":"255489","requestid2":"255490"}}

2022-11-25 10:03:31 - [MESSAGE][INFO] - {"status":"Done","data":{"requestid1":"255489","requestid2":"255490"}}

2022-11-25 10:03:31 - [TEST_STEP][PASSED] - delay(5): Delayed 5 second(s)

2022-11-25 10:03:36 - [MESSAGE][PASSED] - Delayed 5 second(s)

2022-11-25 10:03:36 - [TEST_STEP][PASSED] - scoring = sendRequest(findTestObject("EngineScore", ["response_searchME_kons":response_searchME_kons, "response_searchME_spouse":response_searchME_spouse])): Send request successfully

2022-11-25 10:03:36 - [MESSAGE][INFO] - HAR: D:\DMS\Engine Scoring\Reports\20221125_100036\Exclude KKB - DS - Married\Scoring Married - CS New\20221125_100036\requests\main\49.har

2022-11-25 10:03:36 - [MESSAGE][PASSED] - Send request successfully

2022-11-25 10:03:36 - [TEST_STEP][PASSED] - verifyResponseStatusCode(scoring, 200): Verify response status code successfully

2022-11-25 10:03:36 - [MESSAGE][PASSED] - Verify response status code successfully

2022-11-25 10:03:36 - [TEST_STEP][PASSED] - response2 = scoring.getResponseText(): null

2022-11-25 10:03:36 - [TEST_STEP][PASSED] - markPassed("result service data ke : " + no): result service data ke : 25

2022-11-25 10:03:36 - [MESSAGE][PASSED] - result service data ke : 25

2022-11-25 10:03:36 - [TEST_STEP][PASSED] - logInfo($response2): {"result_konsumen":"Reject","result_pasangan":"Reject","Final_result":"Reject","errorMessage":"","status":"Done"}

2022-11-25 10:03:36 - [MESSAGE][INFO] - {"result_konsumen":"Reject","result_pasangan":"Reject","Final_result":"Reject","errorMessage":"","status":"Done"}

2022-11-25 10:03:36 - [TEST_STEP][PASSED] - verifyElementPropertyValue(scoring, "Final_result", final_result): Verify element property value successfully

2022-11-25 10:03:36 - [MESSAGE][PASSED] - Verify element property value successfully]]></system-out>
         <system-err><![CDATA[]]></system-err>
      </testcase>
      <testcase name="Test Cases/Engine_Scoring/Engine Scoring" time="6.566" classname="Test Cases/Engine_Scoring/Engine Scoring" status="PASSED">
         <system-out><![CDATA[2022-11-25 10:03:36 - [TEST_CASE][PASSED] - Test Cases/Engine_Scoring/Engine Scoring: Test Cases/Engine_Scoring/Engine Scoring

2022-11-25 10:03:36 - [TEST_STEP][PASSED] - markPassed("Variasi data ke : " + no): Variasi data ke : 26

2022-11-25 10:03:36 - [MESSAGE][PASSED] - Variasi data ke : 26

2022-11-25 10:03:36 - [TEST_STEP][PASSED] - req_data = sendRequest(findTestObject("Search_ME", ["MID":MID, "source":source, "ip":ip, "userid":userid, "branch":branch, "tipekons":tipekons, "marital":marital, "penjamin":penjamin, ... ])): Send request successfully

2022-11-25 10:03:37 - [MESSAGE][INFO] - HAR: D:\DMS\Engine Scoring\Reports\20221125_100036\Exclude KKB - DS - Married\Scoring Married - CS New\20221125_100036\requests\main\50.har

2022-11-25 10:03:37 - [MESSAGE][PASSED] - Send request successfully

2022-11-25 10:03:37 - [TEST_STEP][PASSED] - slurper = new groovy.json.JsonSlurper(): null

2022-11-25 10:03:37 - [TEST_STEP][PASSED] - result = slurper.parseText(req_data.getResponseBodyContent()): null

2022-11-25 10:03:37 - [TEST_STEP][PASSED] - reqid_kons = requestid1: null

2022-11-25 10:03:37 - [TEST_STEP][PASSED] - reqid_spouse = requestid2: null

2022-11-25 10:03:37 - [TEST_STEP][PASSED] - println("requestid kons : " + reqid_kons): null

2022-11-25 10:03:37 - [TEST_STEP][PASSED] - response_searchME_kons = reqid_kons: null

2022-11-25 10:03:37 - [TEST_STEP][PASSED] - response_searchME_spouse = reqid_spouse: null

2022-11-25 10:03:37 - [TEST_STEP][PASSED] - println("kons req id is :" + response_searchME_kons): null

2022-11-25 10:03:37 - [TEST_STEP][PASSED] - println("spouse req id is : " + response_searchME_spouse): null

2022-11-25 10:03:37 - [TEST_STEP][PASSED] - verifyResponseStatusCode(req_data, 200): Verify response status code successfully

2022-11-25 10:03:37 - [MESSAGE][PASSED] - Verify response status code successfully

2022-11-25 10:03:37 - [TEST_STEP][PASSED] - response = req_data.getResponseText(): null

2022-11-25 10:03:37 - [TEST_STEP][PASSED] - logInfo($response): {"status":"Done","data":{"requestid1":"255491","requestid2":"255492"}}

2022-11-25 10:03:37 - [MESSAGE][INFO] - {"status":"Done","data":{"requestid1":"255491","requestid2":"255492"}}

2022-11-25 10:03:37 - [TEST_STEP][PASSED] - delay(5): Delayed 5 second(s)

2022-11-25 10:03:42 - [MESSAGE][PASSED] - Delayed 5 second(s)

2022-11-25 10:03:42 - [TEST_STEP][PASSED] - scoring = sendRequest(findTestObject("EngineScore", ["response_searchME_kons":response_searchME_kons, "response_searchME_spouse":response_searchME_spouse])): Send request successfully

2022-11-25 10:03:42 - [MESSAGE][INFO] - HAR: D:\DMS\Engine Scoring\Reports\20221125_100036\Exclude KKB - DS - Married\Scoring Married - CS New\20221125_100036\requests\main\51.har

2022-11-25 10:03:42 - [MESSAGE][PASSED] - Send request successfully

2022-11-25 10:03:42 - [TEST_STEP][PASSED] - verifyResponseStatusCode(scoring, 200): Verify response status code successfully

2022-11-25 10:03:42 - [MESSAGE][PASSED] - Verify response status code successfully

2022-11-25 10:03:42 - [TEST_STEP][PASSED] - response2 = scoring.getResponseText(): null

2022-11-25 10:03:42 - [TEST_STEP][PASSED] - markPassed("result service data ke : " + no): result service data ke : 26

2022-11-25 10:03:42 - [MESSAGE][PASSED] - result service data ke : 26

2022-11-25 10:03:42 - [TEST_STEP][PASSED] - logInfo($response2): {"result_konsumen":"Reject","result_pasangan":"Reguler","Final_result":"Reject","errorMessage":"","status":"Done"}

2022-11-25 10:03:42 - [MESSAGE][INFO] - {"result_konsumen":"Reject","result_pasangan":"Reguler","Final_result":"Reject","errorMessage":"","status":"Done"}

2022-11-25 10:03:42 - [TEST_STEP][PASSED] - verifyElementPropertyValue(scoring, "Final_result", final_result): Verify element property value successfully

2022-11-25 10:03:42 - [MESSAGE][PASSED] - Verify element property value successfully]]></system-out>
         <system-err><![CDATA[]]></system-err>
      </testcase>
      <testcase name="Test Cases/Engine_Scoring/Engine Scoring" time="6.599" classname="Test Cases/Engine_Scoring/Engine Scoring" status="PASSED">
         <system-out><![CDATA[2022-11-25 10:03:42 - [TEST_CASE][PASSED] - Test Cases/Engine_Scoring/Engine Scoring: Test Cases/Engine_Scoring/Engine Scoring

2022-11-25 10:03:43 - [TEST_STEP][PASSED] - markPassed("Variasi data ke : " + no): Variasi data ke : 27

2022-11-25 10:03:43 - [MESSAGE][PASSED] - Variasi data ke : 27

2022-11-25 10:03:43 - [TEST_STEP][PASSED] - req_data = sendRequest(findTestObject("Search_ME", ["MID":MID, "source":source, "ip":ip, "userid":userid, "branch":branch, "tipekons":tipekons, "marital":marital, "penjamin":penjamin, ... ])): Send request successfully

2022-11-25 10:03:44 - [MESSAGE][INFO] - HAR: D:\DMS\Engine Scoring\Reports\20221125_100036\Exclude KKB - DS - Married\Scoring Married - CS New\20221125_100036\requests\main\52.har

2022-11-25 10:03:44 - [MESSAGE][PASSED] - Send request successfully

2022-11-25 10:03:44 - [TEST_STEP][PASSED] - slurper = new groovy.json.JsonSlurper(): null

2022-11-25 10:03:44 - [TEST_STEP][PASSED] - result = slurper.parseText(req_data.getResponseBodyContent()): null

2022-11-25 10:03:44 - [TEST_STEP][PASSED] - reqid_kons = requestid1: null

2022-11-25 10:03:44 - [TEST_STEP][PASSED] - reqid_spouse = requestid2: null

2022-11-25 10:03:44 - [TEST_STEP][PASSED] - println("requestid kons : " + reqid_kons): null

2022-11-25 10:03:44 - [TEST_STEP][PASSED] - response_searchME_kons = reqid_kons: null

2022-11-25 10:03:44 - [TEST_STEP][PASSED] - response_searchME_spouse = reqid_spouse: null

2022-11-25 10:03:44 - [TEST_STEP][PASSED] - println("kons req id is :" + response_searchME_kons): null

2022-11-25 10:03:44 - [TEST_STEP][PASSED] - println("spouse req id is : " + response_searchME_spouse): null

2022-11-25 10:03:44 - [TEST_STEP][PASSED] - verifyResponseStatusCode(req_data, 200): Verify response status code successfully

2022-11-25 10:03:44 - [MESSAGE][PASSED] - Verify response status code successfully

2022-11-25 10:03:44 - [TEST_STEP][PASSED] - response = req_data.getResponseText(): null

2022-11-25 10:03:44 - [TEST_STEP][PASSED] - logInfo($response): {"status":"Done","data":{"requestid1":"255493","requestid2":"255494"}}

2022-11-25 10:03:44 - [MESSAGE][INFO] - {"status":"Done","data":{"requestid1":"255493","requestid2":"255494"}}

2022-11-25 10:03:44 - [TEST_STEP][PASSED] - delay(5): Delayed 5 second(s)

2022-11-25 10:03:49 - [MESSAGE][PASSED] - Delayed 5 second(s)

2022-11-25 10:03:49 - [TEST_STEP][PASSED] - scoring = sendRequest(findTestObject("EngineScore", ["response_searchME_kons":response_searchME_kons, "response_searchME_spouse":response_searchME_spouse])): Send request successfully

2022-11-25 10:03:49 - [MESSAGE][INFO] - HAR: D:\DMS\Engine Scoring\Reports\20221125_100036\Exclude KKB - DS - Married\Scoring Married - CS New\20221125_100036\requests\main\53.har

2022-11-25 10:03:49 - [MESSAGE][PASSED] - Send request successfully

2022-11-25 10:03:49 - [TEST_STEP][PASSED] - verifyResponseStatusCode(scoring, 200): Verify response status code successfully

2022-11-25 10:03:49 - [MESSAGE][PASSED] - Verify response status code successfully

2022-11-25 10:03:49 - [TEST_STEP][PASSED] - response2 = scoring.getResponseText(): null

2022-11-25 10:03:49 - [TEST_STEP][PASSED] - markPassed("result service data ke : " + no): result service data ke : 27

2022-11-25 10:03:49 - [MESSAGE][PASSED] - result service data ke : 27

2022-11-25 10:03:49 - [TEST_STEP][PASSED] - logInfo($response2): {"result_konsumen":"Reject","result_pasangan":"Reguler","Final_result":"Reject","errorMessage":"","status":"Done"}

2022-11-25 10:03:49 - [MESSAGE][INFO] - {"result_konsumen":"Reject","result_pasangan":"Reguler","Final_result":"Reject","errorMessage":"","status":"Done"}

2022-11-25 10:03:49 - [TEST_STEP][PASSED] - verifyElementPropertyValue(scoring, "Final_result", final_result): Verify element property value successfully

2022-11-25 10:03:49 - [MESSAGE][PASSED] - Verify element property value successfully]]></system-out>
         <system-err><![CDATA[]]></system-err>
      </testcase>
      <testcase name="Test Cases/Engine_Scoring/Engine Scoring" time="6.631" classname="Test Cases/Engine_Scoring/Engine Scoring" status="PASSED">
         <system-out><![CDATA[2022-11-25 10:03:49 - [TEST_CASE][PASSED] - Test Cases/Engine_Scoring/Engine Scoring: Test Cases/Engine_Scoring/Engine Scoring

2022-11-25 10:03:50 - [TEST_STEP][PASSED] - markPassed("Variasi data ke : " + no): Variasi data ke : 28

2022-11-25 10:03:50 - [MESSAGE][PASSED] - Variasi data ke : 28

2022-11-25 10:03:50 - [TEST_STEP][PASSED] - req_data = sendRequest(findTestObject("Search_ME", ["MID":MID, "source":source, "ip":ip, "userid":userid, "branch":branch, "tipekons":tipekons, "marital":marital, "penjamin":penjamin, ... ])): Send request successfully

2022-11-25 10:03:50 - [MESSAGE][INFO] - HAR: D:\DMS\Engine Scoring\Reports\20221125_100036\Exclude KKB - DS - Married\Scoring Married - CS New\20221125_100036\requests\main\54.har

2022-11-25 10:03:50 - [MESSAGE][PASSED] - Send request successfully

2022-11-25 10:03:50 - [TEST_STEP][PASSED] - slurper = new groovy.json.JsonSlurper(): null

2022-11-25 10:03:50 - [TEST_STEP][PASSED] - result = slurper.parseText(req_data.getResponseBodyContent()): null

2022-11-25 10:03:50 - [TEST_STEP][PASSED] - reqid_kons = requestid1: null

2022-11-25 10:03:50 - [TEST_STEP][PASSED] - reqid_spouse = requestid2: null

2022-11-25 10:03:50 - [TEST_STEP][PASSED] - println("requestid kons : " + reqid_kons): null

2022-11-25 10:03:50 - [TEST_STEP][PASSED] - response_searchME_kons = reqid_kons: null

2022-11-25 10:03:50 - [TEST_STEP][PASSED] - response_searchME_spouse = reqid_spouse: null

2022-11-25 10:03:50 - [TEST_STEP][PASSED] - println("kons req id is :" + response_searchME_kons): null

2022-11-25 10:03:50 - [TEST_STEP][PASSED] - println("spouse req id is : " + response_searchME_spouse): null

2022-11-25 10:03:50 - [TEST_STEP][PASSED] - verifyResponseStatusCode(req_data, 200): Verify response status code successfully

2022-11-25 10:03:50 - [MESSAGE][PASSED] - Verify response status code successfully

2022-11-25 10:03:50 - [TEST_STEP][PASSED] - response = req_data.getResponseText(): null

2022-11-25 10:03:50 - [TEST_STEP][PASSED] - logInfo($response): {"status":"Done","data":{"requestid1":"255495","requestid2":"255496"}}

2022-11-25 10:03:50 - [MESSAGE][INFO] - {"status":"Done","data":{"requestid1":"255495","requestid2":"255496"}}

2022-11-25 10:03:50 - [TEST_STEP][PASSED] - delay(5): Delayed 5 second(s)

2022-11-25 10:03:55 - [MESSAGE][PASSED] - Delayed 5 second(s)

2022-11-25 10:03:55 - [TEST_STEP][PASSED] - scoring = sendRequest(findTestObject("EngineScore", ["response_searchME_kons":response_searchME_kons, "response_searchME_spouse":response_searchME_spouse])): Send request successfully

2022-11-25 10:03:56 - [MESSAGE][INFO] - HAR: D:\DMS\Engine Scoring\Reports\20221125_100036\Exclude KKB - DS - Married\Scoring Married - CS New\20221125_100036\requests\main\55.har

2022-11-25 10:03:56 - [MESSAGE][PASSED] - Send request successfully

2022-11-25 10:03:56 - [TEST_STEP][PASSED] - verifyResponseStatusCode(scoring, 200): Verify response status code successfully

2022-11-25 10:03:56 - [MESSAGE][PASSED] - Verify response status code successfully

2022-11-25 10:03:56 - [TEST_STEP][PASSED] - response2 = scoring.getResponseText(): null

2022-11-25 10:03:56 - [TEST_STEP][PASSED] - markPassed("result service data ke : " + no): result service data ke : 28

2022-11-25 10:03:56 - [MESSAGE][PASSED] - result service data ke : 28

2022-11-25 10:03:56 - [TEST_STEP][PASSED] - logInfo($response2): {"result_konsumen":"Reguler","result_pasangan":"Reguler","Final_result":"Reguler","errorMessage":"","status":"Done"}

2022-11-25 10:03:56 - [MESSAGE][INFO] - {"result_konsumen":"Reguler","result_pasangan":"Reguler","Final_result":"Reguler","errorMessage":"","status":"Done"}

2022-11-25 10:03:56 - [TEST_STEP][PASSED] - verifyElementPropertyValue(scoring, "Final_result", final_result): Verify element property value successfully

2022-11-25 10:03:56 - [MESSAGE][PASSED] - Verify element property value successfully]]></system-out>
         <system-err><![CDATA[]]></system-err>
      </testcase>
      <testcase name="Test Cases/Engine_Scoring/Engine Scoring" time="6.581" classname="Test Cases/Engine_Scoring/Engine Scoring" status="PASSED">
         <system-out><![CDATA[2022-11-25 10:03:56 - [TEST_CASE][PASSED] - Test Cases/Engine_Scoring/Engine Scoring: Test Cases/Engine_Scoring/Engine Scoring

2022-11-25 10:03:56 - [TEST_STEP][PASSED] - markPassed("Variasi data ke : " + no): Variasi data ke : 29

2022-11-25 10:03:56 - [MESSAGE][PASSED] - Variasi data ke : 29

2022-11-25 10:03:56 - [TEST_STEP][PASSED] - req_data = sendRequest(findTestObject("Search_ME", ["MID":MID, "source":source, "ip":ip, "userid":userid, "branch":branch, "tipekons":tipekons, "marital":marital, "penjamin":penjamin, ... ])): Send request successfully

2022-11-25 10:03:57 - [MESSAGE][INFO] - HAR: D:\DMS\Engine Scoring\Reports\20221125_100036\Exclude KKB - DS - Married\Scoring Married - CS New\20221125_100036\requests\main\56.har

2022-11-25 10:03:57 - [MESSAGE][PASSED] - Send request successfully

2022-11-25 10:03:57 - [TEST_STEP][PASSED] - slurper = new groovy.json.JsonSlurper(): null

2022-11-25 10:03:57 - [TEST_STEP][PASSED] - result = slurper.parseText(req_data.getResponseBodyContent()): null

2022-11-25 10:03:57 - [TEST_STEP][PASSED] - reqid_kons = requestid1: null

2022-11-25 10:03:57 - [TEST_STEP][PASSED] - reqid_spouse = requestid2: null

2022-11-25 10:03:57 - [TEST_STEP][PASSED] - println("requestid kons : " + reqid_kons): null

2022-11-25 10:03:57 - [TEST_STEP][PASSED] - response_searchME_kons = reqid_kons: null

2022-11-25 10:03:57 - [TEST_STEP][PASSED] - response_searchME_spouse = reqid_spouse: null

2022-11-25 10:03:57 - [TEST_STEP][PASSED] - println("kons req id is :" + response_searchME_kons): null

2022-11-25 10:03:57 - [TEST_STEP][PASSED] - println("spouse req id is : " + response_searchME_spouse): null

2022-11-25 10:03:57 - [TEST_STEP][PASSED] - verifyResponseStatusCode(req_data, 200): Verify response status code successfully

2022-11-25 10:03:57 - [MESSAGE][PASSED] - Verify response status code successfully

2022-11-25 10:03:57 - [TEST_STEP][PASSED] - response = req_data.getResponseText(): null

2022-11-25 10:03:57 - [TEST_STEP][PASSED] - logInfo($response): {"status":"Done","data":{"requestid1":"255497","requestid2":"255498"}}

2022-11-25 10:03:57 - [MESSAGE][INFO] - {"status":"Done","data":{"requestid1":"255497","requestid2":"255498"}}

2022-11-25 10:03:57 - [TEST_STEP][PASSED] - delay(5): Delayed 5 second(s)

2022-11-25 10:04:02 - [MESSAGE][PASSED] - Delayed 5 second(s)

2022-11-25 10:04:02 - [TEST_STEP][PASSED] - scoring = sendRequest(findTestObject("EngineScore", ["response_searchME_kons":response_searchME_kons, "response_searchME_spouse":response_searchME_spouse])): Send request successfully

2022-11-25 10:04:02 - [MESSAGE][INFO] - HAR: D:\DMS\Engine Scoring\Reports\20221125_100036\Exclude KKB - DS - Married\Scoring Married - CS New\20221125_100036\requests\main\57.har

2022-11-25 10:04:02 - [MESSAGE][PASSED] - Send request successfully

2022-11-25 10:04:02 - [TEST_STEP][PASSED] - verifyResponseStatusCode(scoring, 200): Verify response status code successfully

2022-11-25 10:04:02 - [MESSAGE][PASSED] - Verify response status code successfully

2022-11-25 10:04:02 - [TEST_STEP][PASSED] - response2 = scoring.getResponseText(): null

2022-11-25 10:04:02 - [TEST_STEP][PASSED] - markPassed("result service data ke : " + no): result service data ke : 29

2022-11-25 10:04:02 - [MESSAGE][PASSED] - result service data ke : 29

2022-11-25 10:04:02 - [TEST_STEP][PASSED] - logInfo($response2): {"result_konsumen":"Reguler","result_pasangan":"Reguler","Final_result":"Reguler","errorMessage":"","status":"Done"}

2022-11-25 10:04:02 - [MESSAGE][INFO] - {"result_konsumen":"Reguler","result_pasangan":"Reguler","Final_result":"Reguler","errorMessage":"","status":"Done"}

2022-11-25 10:04:02 - [TEST_STEP][PASSED] - verifyElementPropertyValue(scoring, "Final_result", final_result): Verify element property value successfully

2022-11-25 10:04:02 - [MESSAGE][PASSED] - Verify element property value successfully]]></system-out>
         <system-err><![CDATA[]]></system-err>
      </testcase>
      <testcase name="Test Cases/Engine_Scoring/Engine Scoring" time="6.519" classname="Test Cases/Engine_Scoring/Engine Scoring" status="PASSED">
         <system-out><![CDATA[2022-11-25 10:04:02 - [TEST_CASE][PASSED] - Test Cases/Engine_Scoring/Engine Scoring: Test Cases/Engine_Scoring/Engine Scoring

2022-11-25 10:04:03 - [TEST_STEP][PASSED] - markPassed("Variasi data ke : " + no): Variasi data ke : 30

2022-11-25 10:04:03 - [MESSAGE][PASSED] - Variasi data ke : 30

2022-11-25 10:04:03 - [TEST_STEP][PASSED] - req_data = sendRequest(findTestObject("Search_ME", ["MID":MID, "source":source, "ip":ip, "userid":userid, "branch":branch, "tipekons":tipekons, "marital":marital, "penjamin":penjamin, ... ])): Send request successfully

2022-11-25 10:04:04 - [MESSAGE][INFO] - HAR: D:\DMS\Engine Scoring\Reports\20221125_100036\Exclude KKB - DS - Married\Scoring Married - CS New\20221125_100036\requests\main\58.har

2022-11-25 10:04:04 - [MESSAGE][PASSED] - Send request successfully

2022-11-25 10:04:04 - [TEST_STEP][PASSED] - slurper = new groovy.json.JsonSlurper(): null

2022-11-25 10:04:04 - [TEST_STEP][PASSED] - result = slurper.parseText(req_data.getResponseBodyContent()): null

2022-11-25 10:04:04 - [TEST_STEP][PASSED] - reqid_kons = requestid1: null

2022-11-25 10:04:04 - [TEST_STEP][PASSED] - reqid_spouse = requestid2: null

2022-11-25 10:04:04 - [TEST_STEP][PASSED] - println("requestid kons : " + reqid_kons): null

2022-11-25 10:04:04 - [TEST_STEP][PASSED] - response_searchME_kons = reqid_kons: null

2022-11-25 10:04:04 - [TEST_STEP][PASSED] - response_searchME_spouse = reqid_spouse: null

2022-11-25 10:04:04 - [TEST_STEP][PASSED] - println("kons req id is :" + response_searchME_kons): null

2022-11-25 10:04:04 - [TEST_STEP][PASSED] - println("spouse req id is : " + response_searchME_spouse): null

2022-11-25 10:04:04 - [TEST_STEP][PASSED] - verifyResponseStatusCode(req_data, 200): Verify response status code successfully

2022-11-25 10:04:04 - [MESSAGE][PASSED] - Verify response status code successfully

2022-11-25 10:04:04 - [TEST_STEP][PASSED] - response = req_data.getResponseText(): null

2022-11-25 10:04:04 - [TEST_STEP][PASSED] - logInfo($response): {"status":"Done","data":{"requestid1":"255499","requestid2":"255500"}}

2022-11-25 10:04:04 - [MESSAGE][INFO] - {"status":"Done","data":{"requestid1":"255499","requestid2":"255500"}}

2022-11-25 10:04:04 - [TEST_STEP][PASSED] - delay(5): Delayed 5 second(s)

2022-11-25 10:04:09 - [MESSAGE][PASSED] - Delayed 5 second(s)

2022-11-25 10:04:09 - [TEST_STEP][PASSED] - scoring = sendRequest(findTestObject("EngineScore", ["response_searchME_kons":response_searchME_kons, "response_searchME_spouse":response_searchME_spouse])): Send request successfully

2022-11-25 10:04:09 - [MESSAGE][INFO] - HAR: D:\DMS\Engine Scoring\Reports\20221125_100036\Exclude KKB - DS - Married\Scoring Married - CS New\20221125_100036\requests\main\59.har

2022-11-25 10:04:09 - [MESSAGE][PASSED] - Send request successfully

2022-11-25 10:04:09 - [TEST_STEP][PASSED] - verifyResponseStatusCode(scoring, 200): Verify response status code successfully

2022-11-25 10:04:09 - [MESSAGE][PASSED] - Verify response status code successfully

2022-11-25 10:04:09 - [TEST_STEP][PASSED] - response2 = scoring.getResponseText(): null

2022-11-25 10:04:09 - [TEST_STEP][PASSED] - markPassed("result service data ke : " + no): result service data ke : 30

2022-11-25 10:04:09 - [MESSAGE][PASSED] - result service data ke : 30

2022-11-25 10:04:09 - [TEST_STEP][PASSED] - logInfo($response2): {"result_konsumen":"Reguler","result_pasangan":"Reguler","Final_result":"Reguler","errorMessage":"","status":"Done"}

2022-11-25 10:04:09 - [MESSAGE][INFO] - {"result_konsumen":"Reguler","result_pasangan":"Reguler","Final_result":"Reguler","errorMessage":"","status":"Done"}

2022-11-25 10:04:09 - [TEST_STEP][PASSED] - verifyElementPropertyValue(scoring, "Final_result", final_result): Verify element property value successfully

2022-11-25 10:04:09 - [MESSAGE][PASSED] - Verify element property value successfully]]></system-out>
         <system-err><![CDATA[]]></system-err>
      </testcase>
      <testcase name="Test Cases/Engine_Scoring/Engine Scoring" time="6.6" classname="Test Cases/Engine_Scoring/Engine Scoring" status="PASSED">
         <system-out><![CDATA[2022-11-25 10:04:09 - [TEST_CASE][PASSED] - Test Cases/Engine_Scoring/Engine Scoring: Test Cases/Engine_Scoring/Engine Scoring

2022-11-25 10:04:10 - [TEST_STEP][PASSED] - markPassed("Variasi data ke : " + no): Variasi data ke : 31

2022-11-25 10:04:10 - [MESSAGE][PASSED] - Variasi data ke : 31

2022-11-25 10:04:10 - [TEST_STEP][PASSED] - req_data = sendRequest(findTestObject("Search_ME", ["MID":MID, "source":source, "ip":ip, "userid":userid, "branch":branch, "tipekons":tipekons, "marital":marital, "penjamin":penjamin, ... ])): Send request successfully

2022-11-25 10:04:10 - [MESSAGE][INFO] - HAR: D:\DMS\Engine Scoring\Reports\20221125_100036\Exclude KKB - DS - Married\Scoring Married - CS New\20221125_100036\requests\main\60.har

2022-11-25 10:04:10 - [MESSAGE][PASSED] - Send request successfully

2022-11-25 10:04:10 - [TEST_STEP][PASSED] - slurper = new groovy.json.JsonSlurper(): null

2022-11-25 10:04:10 - [TEST_STEP][PASSED] - result = slurper.parseText(req_data.getResponseBodyContent()): null

2022-11-25 10:04:10 - [TEST_STEP][PASSED] - reqid_kons = requestid1: null

2022-11-25 10:04:10 - [TEST_STEP][PASSED] - reqid_spouse = requestid2: null

2022-11-25 10:04:10 - [TEST_STEP][PASSED] - println("requestid kons : " + reqid_kons): null

2022-11-25 10:04:10 - [TEST_STEP][PASSED] - response_searchME_kons = reqid_kons: null

2022-11-25 10:04:10 - [TEST_STEP][PASSED] - response_searchME_spouse = reqid_spouse: null

2022-11-25 10:04:10 - [TEST_STEP][PASSED] - println("kons req id is :" + response_searchME_kons): null

2022-11-25 10:04:10 - [TEST_STEP][PASSED] - println("spouse req id is : " + response_searchME_spouse): null

2022-11-25 10:04:10 - [TEST_STEP][PASSED] - verifyResponseStatusCode(req_data, 200): Verify response status code successfully

2022-11-25 10:04:10 - [MESSAGE][PASSED] - Verify response status code successfully

2022-11-25 10:04:10 - [TEST_STEP][PASSED] - response = req_data.getResponseText(): null

2022-11-25 10:04:10 - [TEST_STEP][PASSED] - logInfo($response): {"status":"Done","data":{"requestid1":"255501","requestid2":"255502"}}

2022-11-25 10:04:10 - [MESSAGE][INFO] - {"status":"Done","data":{"requestid1":"255501","requestid2":"255502"}}

2022-11-25 10:04:10 - [TEST_STEP][PASSED] - delay(5): Delayed 5 second(s)

2022-11-25 10:04:15 - [MESSAGE][PASSED] - Delayed 5 second(s)

2022-11-25 10:04:15 - [TEST_STEP][PASSED] - scoring = sendRequest(findTestObject("EngineScore", ["response_searchME_kons":response_searchME_kons, "response_searchME_spouse":response_searchME_spouse])): Send request successfully

2022-11-25 10:04:16 - [MESSAGE][INFO] - HAR: D:\DMS\Engine Scoring\Reports\20221125_100036\Exclude KKB - DS - Married\Scoring Married - CS New\20221125_100036\requests\main\61.har

2022-11-25 10:04:16 - [MESSAGE][PASSED] - Send request successfully

2022-11-25 10:04:16 - [TEST_STEP][PASSED] - verifyResponseStatusCode(scoring, 200): Verify response status code successfully

2022-11-25 10:04:16 - [MESSAGE][PASSED] - Verify response status code successfully

2022-11-25 10:04:16 - [TEST_STEP][PASSED] - response2 = scoring.getResponseText(): null

2022-11-25 10:04:16 - [TEST_STEP][PASSED] - markPassed("result service data ke : " + no): result service data ke : 31

2022-11-25 10:04:16 - [MESSAGE][PASSED] - result service data ke : 31

2022-11-25 10:04:16 - [TEST_STEP][PASSED] - logInfo($response2): {"result_konsumen":"Reguler","result_pasangan":"Reguler","Final_result":"Reguler","errorMessage":"","status":"Done"}

2022-11-25 10:04:16 - [MESSAGE][INFO] - {"result_konsumen":"Reguler","result_pasangan":"Reguler","Final_result":"Reguler","errorMessage":"","status":"Done"}

2022-11-25 10:04:16 - [TEST_STEP][PASSED] - verifyElementPropertyValue(scoring, "Final_result", final_result): Verify element property value successfully

2022-11-25 10:04:16 - [MESSAGE][PASSED] - Verify element property value successfully]]></system-out>
         <system-err><![CDATA[]]></system-err>
      </testcase>
      <testcase name="Test Cases/Engine_Scoring/Engine Scoring" time="6.501" classname="Test Cases/Engine_Scoring/Engine Scoring" status="PASSED">
         <system-out><![CDATA[2022-11-25 10:04:16 - [TEST_CASE][PASSED] - Test Cases/Engine_Scoring/Engine Scoring: Test Cases/Engine_Scoring/Engine Scoring

2022-11-25 10:04:16 - [TEST_STEP][PASSED] - markPassed("Variasi data ke : " + no): Variasi data ke : 32

2022-11-25 10:04:16 - [MESSAGE][PASSED] - Variasi data ke : 32

2022-11-25 10:04:16 - [TEST_STEP][PASSED] - req_data = sendRequest(findTestObject("Search_ME", ["MID":MID, "source":source, "ip":ip, "userid":userid, "branch":branch, "tipekons":tipekons, "marital":marital, "penjamin":penjamin, ... ])): Send request successfully

2022-11-25 10:04:17 - [MESSAGE][INFO] - HAR: D:\DMS\Engine Scoring\Reports\20221125_100036\Exclude KKB - DS - Married\Scoring Married - CS New\20221125_100036\requests\main\62.har

2022-11-25 10:04:17 - [MESSAGE][PASSED] - Send request successfully

2022-11-25 10:04:17 - [TEST_STEP][PASSED] - slurper = new groovy.json.JsonSlurper(): null

2022-11-25 10:04:17 - [TEST_STEP][PASSED] - result = slurper.parseText(req_data.getResponseBodyContent()): null

2022-11-25 10:04:17 - [TEST_STEP][PASSED] - reqid_kons = requestid1: null

2022-11-25 10:04:17 - [TEST_STEP][PASSED] - reqid_spouse = requestid2: null

2022-11-25 10:04:17 - [TEST_STEP][PASSED] - println("requestid kons : " + reqid_kons): null

2022-11-25 10:04:17 - [TEST_STEP][PASSED] - response_searchME_kons = reqid_kons: null

2022-11-25 10:04:17 - [TEST_STEP][PASSED] - response_searchME_spouse = reqid_spouse: null

2022-11-25 10:04:17 - [TEST_STEP][PASSED] - println("kons req id is :" + response_searchME_kons): null

2022-11-25 10:04:17 - [TEST_STEP][PASSED] - println("spouse req id is : " + response_searchME_spouse): null

2022-11-25 10:04:17 - [TEST_STEP][PASSED] - verifyResponseStatusCode(req_data, 200): Verify response status code successfully

2022-11-25 10:04:17 - [MESSAGE][PASSED] - Verify response status code successfully

2022-11-25 10:04:17 - [TEST_STEP][PASSED] - response = req_data.getResponseText(): null

2022-11-25 10:04:17 - [TEST_STEP][PASSED] - logInfo($response): {"status":"Done","data":{"requestid1":"255503","requestid2":"255504"}}

2022-11-25 10:04:17 - [MESSAGE][INFO] - {"status":"Done","data":{"requestid1":"255503","requestid2":"255504"}}

2022-11-25 10:04:17 - [TEST_STEP][PASSED] - delay(5): Delayed 5 second(s)

2022-11-25 10:04:22 - [MESSAGE][PASSED] - Delayed 5 second(s)

2022-11-25 10:04:22 - [TEST_STEP][PASSED] - scoring = sendRequest(findTestObject("EngineScore", ["response_searchME_kons":response_searchME_kons, "response_searchME_spouse":response_searchME_spouse])): Send request successfully

2022-11-25 10:04:22 - [MESSAGE][INFO] - HAR: D:\DMS\Engine Scoring\Reports\20221125_100036\Exclude KKB - DS - Married\Scoring Married - CS New\20221125_100036\requests\main\63.har

2022-11-25 10:04:22 - [MESSAGE][PASSED] - Send request successfully

2022-11-25 10:04:22 - [TEST_STEP][PASSED] - verifyResponseStatusCode(scoring, 200): Verify response status code successfully

2022-11-25 10:04:22 - [MESSAGE][PASSED] - Verify response status code successfully

2022-11-25 10:04:22 - [TEST_STEP][PASSED] - response2 = scoring.getResponseText(): null

2022-11-25 10:04:22 - [TEST_STEP][PASSED] - markPassed("result service data ke : " + no): result service data ke : 32

2022-11-25 10:04:22 - [MESSAGE][PASSED] - result service data ke : 32

2022-11-25 10:04:22 - [TEST_STEP][PASSED] - logInfo($response2): {"result_konsumen":"Reguler","result_pasangan":"Reject","Final_result":"Reject","errorMessage":"","status":"Done"}

2022-11-25 10:04:22 - [MESSAGE][INFO] - {"result_konsumen":"Reguler","result_pasangan":"Reject","Final_result":"Reject","errorMessage":"","status":"Done"}

2022-11-25 10:04:22 - [TEST_STEP][PASSED] - verifyElementPropertyValue(scoring, "Final_result", final_result): Verify element property value successfully

2022-11-25 10:04:22 - [MESSAGE][PASSED] - Verify element property value successfully]]></system-out>
         <system-err><![CDATA[]]></system-err>
      </testcase>
      <testcase name="Test Cases/Engine_Scoring/Engine Scoring" time="6.494" classname="Test Cases/Engine_Scoring/Engine Scoring" status="PASSED">
         <system-out><![CDATA[2022-11-25 10:04:22 - [TEST_CASE][PASSED] - Test Cases/Engine_Scoring/Engine Scoring: Test Cases/Engine_Scoring/Engine Scoring

2022-11-25 10:04:23 - [TEST_STEP][PASSED] - markPassed("Variasi data ke : " + no): Variasi data ke : 33

2022-11-25 10:04:23 - [MESSAGE][PASSED] - Variasi data ke : 33

2022-11-25 10:04:23 - [TEST_STEP][PASSED] - req_data = sendRequest(findTestObject("Search_ME", ["MID":MID, "source":source, "ip":ip, "userid":userid, "branch":branch, "tipekons":tipekons, "marital":marital, "penjamin":penjamin, ... ])): Send request successfully

2022-11-25 10:04:24 - [MESSAGE][INFO] - HAR: D:\DMS\Engine Scoring\Reports\20221125_100036\Exclude KKB - DS - Married\Scoring Married - CS New\20221125_100036\requests\main\64.har

2022-11-25 10:04:24 - [MESSAGE][PASSED] - Send request successfully

2022-11-25 10:04:24 - [TEST_STEP][PASSED] - slurper = new groovy.json.JsonSlurper(): null

2022-11-25 10:04:24 - [TEST_STEP][PASSED] - result = slurper.parseText(req_data.getResponseBodyContent()): null

2022-11-25 10:04:24 - [TEST_STEP][PASSED] - reqid_kons = requestid1: null

2022-11-25 10:04:24 - [TEST_STEP][PASSED] - reqid_spouse = requestid2: null

2022-11-25 10:04:24 - [TEST_STEP][PASSED] - println("requestid kons : " + reqid_kons): null

2022-11-25 10:04:24 - [TEST_STEP][PASSED] - response_searchME_kons = reqid_kons: null

2022-11-25 10:04:24 - [TEST_STEP][PASSED] - response_searchME_spouse = reqid_spouse: null

2022-11-25 10:04:24 - [TEST_STEP][PASSED] - println("kons req id is :" + response_searchME_kons): null

2022-11-25 10:04:24 - [TEST_STEP][PASSED] - println("spouse req id is : " + response_searchME_spouse): null

2022-11-25 10:04:24 - [TEST_STEP][PASSED] - verifyResponseStatusCode(req_data, 200): Verify response status code successfully

2022-11-25 10:04:24 - [MESSAGE][PASSED] - Verify response status code successfully

2022-11-25 10:04:24 - [TEST_STEP][PASSED] - response = req_data.getResponseText(): null

2022-11-25 10:04:24 - [TEST_STEP][PASSED] - logInfo($response): {"status":"Done","data":{"requestid1":"255505","requestid2":"255506"}}

2022-11-25 10:04:24 - [MESSAGE][INFO] - {"status":"Done","data":{"requestid1":"255505","requestid2":"255506"}}

2022-11-25 10:04:24 - [TEST_STEP][PASSED] - delay(5): Delayed 5 second(s)

2022-11-25 10:04:29 - [MESSAGE][PASSED] - Delayed 5 second(s)

2022-11-25 10:04:29 - [TEST_STEP][PASSED] - scoring = sendRequest(findTestObject("EngineScore", ["response_searchME_kons":response_searchME_kons, "response_searchME_spouse":response_searchME_spouse])): Send request successfully

2022-11-25 10:04:29 - [MESSAGE][INFO] - HAR: D:\DMS\Engine Scoring\Reports\20221125_100036\Exclude KKB - DS - Married\Scoring Married - CS New\20221125_100036\requests\main\65.har

2022-11-25 10:04:29 - [MESSAGE][PASSED] - Send request successfully

2022-11-25 10:04:29 - [TEST_STEP][PASSED] - verifyResponseStatusCode(scoring, 200): Verify response status code successfully

2022-11-25 10:04:29 - [MESSAGE][PASSED] - Verify response status code successfully

2022-11-25 10:04:29 - [TEST_STEP][PASSED] - response2 = scoring.getResponseText(): null

2022-11-25 10:04:29 - [TEST_STEP][PASSED] - markPassed("result service data ke : " + no): result service data ke : 33

2022-11-25 10:04:29 - [MESSAGE][PASSED] - result service data ke : 33

2022-11-25 10:04:29 - [TEST_STEP][PASSED] - logInfo($response2): {"result_konsumen":"Reguler","result_pasangan":"Reject","Final_result":"Reject","errorMessage":"","status":"Done"}

2022-11-25 10:04:29 - [MESSAGE][INFO] - {"result_konsumen":"Reguler","result_pasangan":"Reject","Final_result":"Reject","errorMessage":"","status":"Done"}

2022-11-25 10:04:29 - [TEST_STEP][PASSED] - verifyElementPropertyValue(scoring, "Final_result", final_result): Verify element property value successfully

2022-11-25 10:04:29 - [MESSAGE][PASSED] - Verify element property value successfully]]></system-out>
         <system-err><![CDATA[]]></system-err>
      </testcase>
      <testcase name="Test Cases/Engine_Scoring/Engine Scoring" time="6.522" classname="Test Cases/Engine_Scoring/Engine Scoring" status="PASSED">
         <system-out><![CDATA[2022-11-25 10:04:29 - [TEST_CASE][PASSED] - Test Cases/Engine_Scoring/Engine Scoring: Test Cases/Engine_Scoring/Engine Scoring

2022-11-25 10:04:29 - [TEST_STEP][PASSED] - markPassed("Variasi data ke : " + no): Variasi data ke : 34

2022-11-25 10:04:29 - [MESSAGE][PASSED] - Variasi data ke : 34

2022-11-25 10:04:29 - [TEST_STEP][PASSED] - req_data = sendRequest(findTestObject("Search_ME", ["MID":MID, "source":source, "ip":ip, "userid":userid, "branch":branch, "tipekons":tipekons, "marital":marital, "penjamin":penjamin, ... ])): Send request successfully

2022-11-25 10:04:30 - [MESSAGE][INFO] - HAR: D:\DMS\Engine Scoring\Reports\20221125_100036\Exclude KKB - DS - Married\Scoring Married - CS New\20221125_100036\requests\main\66.har

2022-11-25 10:04:30 - [MESSAGE][PASSED] - Send request successfully

2022-11-25 10:04:30 - [TEST_STEP][PASSED] - slurper = new groovy.json.JsonSlurper(): null

2022-11-25 10:04:30 - [TEST_STEP][PASSED] - result = slurper.parseText(req_data.getResponseBodyContent()): null

2022-11-25 10:04:30 - [TEST_STEP][PASSED] - reqid_kons = requestid1: null

2022-11-25 10:04:30 - [TEST_STEP][PASSED] - reqid_spouse = requestid2: null

2022-11-25 10:04:30 - [TEST_STEP][PASSED] - println("requestid kons : " + reqid_kons): null

2022-11-25 10:04:30 - [TEST_STEP][PASSED] - response_searchME_kons = reqid_kons: null

2022-11-25 10:04:30 - [TEST_STEP][PASSED] - response_searchME_spouse = reqid_spouse: null

2022-11-25 10:04:30 - [TEST_STEP][PASSED] - println("kons req id is :" + response_searchME_kons): null

2022-11-25 10:04:30 - [TEST_STEP][PASSED] - println("spouse req id is : " + response_searchME_spouse): null

2022-11-25 10:04:30 - [TEST_STEP][PASSED] - verifyResponseStatusCode(req_data, 200): Verify response status code successfully

2022-11-25 10:04:30 - [MESSAGE][PASSED] - Verify response status code successfully

2022-11-25 10:04:30 - [TEST_STEP][PASSED] - response = req_data.getResponseText(): null

2022-11-25 10:04:30 - [TEST_STEP][PASSED] - logInfo($response): {"status":"Done","data":{"requestid1":"255507","requestid2":"255508"}}

2022-11-25 10:04:30 - [MESSAGE][INFO] - {"status":"Done","data":{"requestid1":"255507","requestid2":"255508"}}

2022-11-25 10:04:30 - [TEST_STEP][PASSED] - delay(5): Delayed 5 second(s)

2022-11-25 10:04:35 - [MESSAGE][PASSED] - Delayed 5 second(s)

2022-11-25 10:04:35 - [TEST_STEP][PASSED] - scoring = sendRequest(findTestObject("EngineScore", ["response_searchME_kons":response_searchME_kons, "response_searchME_spouse":response_searchME_spouse])): Send request successfully

2022-11-25 10:04:35 - [MESSAGE][INFO] - HAR: D:\DMS\Engine Scoring\Reports\20221125_100036\Exclude KKB - DS - Married\Scoring Married - CS New\20221125_100036\requests\main\67.har

2022-11-25 10:04:35 - [MESSAGE][PASSED] - Send request successfully

2022-11-25 10:04:35 - [TEST_STEP][PASSED] - verifyResponseStatusCode(scoring, 200): Verify response status code successfully

2022-11-25 10:04:35 - [MESSAGE][PASSED] - Verify response status code successfully

2022-11-25 10:04:35 - [TEST_STEP][PASSED] - response2 = scoring.getResponseText(): null

2022-11-25 10:04:35 - [TEST_STEP][PASSED] - markPassed("result service data ke : " + no): result service data ke : 34

2022-11-25 10:04:35 - [MESSAGE][PASSED] - result service data ke : 34

2022-11-25 10:04:35 - [TEST_STEP][PASSED] - logInfo($response2): {"result_konsumen":"Reguler","result_pasangan":"Reject","Final_result":"Reject","errorMessage":"","status":"Done"}

2022-11-25 10:04:35 - [MESSAGE][INFO] - {"result_konsumen":"Reguler","result_pasangan":"Reject","Final_result":"Reject","errorMessage":"","status":"Done"}

2022-11-25 10:04:35 - [TEST_STEP][PASSED] - verifyElementPropertyValue(scoring, "Final_result", final_result): Verify element property value successfully

2022-11-25 10:04:35 - [MESSAGE][PASSED] - Verify element property value successfully]]></system-out>
         <system-err><![CDATA[]]></system-err>
      </testcase>
      <testcase name="Test Cases/Engine_Scoring/Engine Scoring" time="6.672" classname="Test Cases/Engine_Scoring/Engine Scoring" status="PASSED">
         <system-out><![CDATA[2022-11-25 10:04:35 - [TEST_CASE][PASSED] - Test Cases/Engine_Scoring/Engine Scoring: Test Cases/Engine_Scoring/Engine Scoring

2022-11-25 10:04:36 - [TEST_STEP][PASSED] - markPassed("Variasi data ke : " + no): Variasi data ke : 35

2022-11-25 10:04:36 - [MESSAGE][PASSED] - Variasi data ke : 35

2022-11-25 10:04:36 - [TEST_STEP][PASSED] - req_data = sendRequest(findTestObject("Search_ME", ["MID":MID, "source":source, "ip":ip, "userid":userid, "branch":branch, "tipekons":tipekons, "marital":marital, "penjamin":penjamin, ... ])): Send request successfully

2022-11-25 10:04:37 - [MESSAGE][INFO] - HAR: D:\DMS\Engine Scoring\Reports\20221125_100036\Exclude KKB - DS - Married\Scoring Married - CS New\20221125_100036\requests\main\68.har

2022-11-25 10:04:37 - [MESSAGE][PASSED] - Send request successfully

2022-11-25 10:04:37 - [TEST_STEP][PASSED] - slurper = new groovy.json.JsonSlurper(): null

2022-11-25 10:04:37 - [TEST_STEP][PASSED] - result = slurper.parseText(req_data.getResponseBodyContent()): null

2022-11-25 10:04:37 - [TEST_STEP][PASSED] - reqid_kons = requestid1: null

2022-11-25 10:04:37 - [TEST_STEP][PASSED] - reqid_spouse = requestid2: null

2022-11-25 10:04:37 - [TEST_STEP][PASSED] - println("requestid kons : " + reqid_kons): null

2022-11-25 10:04:37 - [TEST_STEP][PASSED] - response_searchME_kons = reqid_kons: null

2022-11-25 10:04:37 - [TEST_STEP][PASSED] - response_searchME_spouse = reqid_spouse: null

2022-11-25 10:04:37 - [TEST_STEP][PASSED] - println("kons req id is :" + response_searchME_kons): null

2022-11-25 10:04:37 - [TEST_STEP][PASSED] - println("spouse req id is : " + response_searchME_spouse): null

2022-11-25 10:04:37 - [TEST_STEP][PASSED] - verifyResponseStatusCode(req_data, 200): Verify response status code successfully

2022-11-25 10:04:37 - [MESSAGE][PASSED] - Verify response status code successfully

2022-11-25 10:04:37 - [TEST_STEP][PASSED] - response = req_data.getResponseText(): null

2022-11-25 10:04:37 - [TEST_STEP][PASSED] - logInfo($response): {"status":"Done","data":{"requestid1":"255509","requestid2":"255510"}}

2022-11-25 10:04:37 - [MESSAGE][INFO] - {"status":"Done","data":{"requestid1":"255509","requestid2":"255510"}}

2022-11-25 10:04:37 - [TEST_STEP][PASSED] - delay(5): Delayed 5 second(s)

2022-11-25 10:04:42 - [MESSAGE][PASSED] - Delayed 5 second(s)

2022-11-25 10:04:42 - [TEST_STEP][PASSED] - scoring = sendRequest(findTestObject("EngineScore", ["response_searchME_kons":response_searchME_kons, "response_searchME_spouse":response_searchME_spouse])): Send request successfully

2022-11-25 10:04:42 - [MESSAGE][INFO] - HAR: D:\DMS\Engine Scoring\Reports\20221125_100036\Exclude KKB - DS - Married\Scoring Married - CS New\20221125_100036\requests\main\69.har

2022-11-25 10:04:42 - [MESSAGE][PASSED] - Send request successfully

2022-11-25 10:04:42 - [TEST_STEP][PASSED] - verifyResponseStatusCode(scoring, 200): Verify response status code successfully

2022-11-25 10:04:42 - [MESSAGE][PASSED] - Verify response status code successfully

2022-11-25 10:04:42 - [TEST_STEP][PASSED] - response2 = scoring.getResponseText(): null

2022-11-25 10:04:42 - [TEST_STEP][PASSED] - markPassed("result service data ke : " + no): result service data ke : 35

2022-11-25 10:04:42 - [MESSAGE][PASSED] - result service data ke : 35

2022-11-25 10:04:42 - [TEST_STEP][PASSED] - logInfo($response2): {"result_konsumen":"Reguler","result_pasangan":"Reguler","Final_result":"Reguler","errorMessage":"","status":"Done"}

2022-11-25 10:04:42 - [MESSAGE][INFO] - {"result_konsumen":"Reguler","result_pasangan":"Reguler","Final_result":"Reguler","errorMessage":"","status":"Done"}

2022-11-25 10:04:42 - [TEST_STEP][PASSED] - verifyElementPropertyValue(scoring, "Final_result", final_result): Verify element property value successfully

2022-11-25 10:04:42 - [MESSAGE][PASSED] - Verify element property value successfully]]></system-out>
         <system-err><![CDATA[]]></system-err>
      </testcase>
      <testcase name="Test Cases/Engine_Scoring/Engine Scoring" time="6.723" classname="Test Cases/Engine_Scoring/Engine Scoring" status="PASSED">
         <system-out><![CDATA[2022-11-25 10:04:42 - [TEST_CASE][PASSED] - Test Cases/Engine_Scoring/Engine Scoring: Test Cases/Engine_Scoring/Engine Scoring

2022-11-25 10:04:43 - [TEST_STEP][PASSED] - markPassed("Variasi data ke : " + no): Variasi data ke : 36

2022-11-25 10:04:43 - [MESSAGE][PASSED] - Variasi data ke : 36

2022-11-25 10:04:43 - [TEST_STEP][PASSED] - req_data = sendRequest(findTestObject("Search_ME", ["MID":MID, "source":source, "ip":ip, "userid":userid, "branch":branch, "tipekons":tipekons, "marital":marital, "penjamin":penjamin, ... ])): Send request successfully

2022-11-25 10:04:44 - [MESSAGE][INFO] - HAR: D:\DMS\Engine Scoring\Reports\20221125_100036\Exclude KKB - DS - Married\Scoring Married - CS New\20221125_100036\requests\main\70.har

2022-11-25 10:04:44 - [MESSAGE][PASSED] - Send request successfully

2022-11-25 10:04:44 - [TEST_STEP][PASSED] - slurper = new groovy.json.JsonSlurper(): null

2022-11-25 10:04:44 - [TEST_STEP][PASSED] - result = slurper.parseText(req_data.getResponseBodyContent()): null

2022-11-25 10:04:44 - [TEST_STEP][PASSED] - reqid_kons = requestid1: null

2022-11-25 10:04:44 - [TEST_STEP][PASSED] - reqid_spouse = requestid2: null

2022-11-25 10:04:44 - [TEST_STEP][PASSED] - println("requestid kons : " + reqid_kons): null

2022-11-25 10:04:44 - [TEST_STEP][PASSED] - response_searchME_kons = reqid_kons: null

2022-11-25 10:04:44 - [TEST_STEP][PASSED] - response_searchME_spouse = reqid_spouse: null

2022-11-25 10:04:44 - [TEST_STEP][PASSED] - println("kons req id is :" + response_searchME_kons): null

2022-11-25 10:04:44 - [TEST_STEP][PASSED] - println("spouse req id is : " + response_searchME_spouse): null

2022-11-25 10:04:44 - [TEST_STEP][PASSED] - verifyResponseStatusCode(req_data, 200): Verify response status code successfully

2022-11-25 10:04:44 - [MESSAGE][PASSED] - Verify response status code successfully

2022-11-25 10:04:44 - [TEST_STEP][PASSED] - response = req_data.getResponseText(): null

2022-11-25 10:04:44 - [TEST_STEP][PASSED] - logInfo($response): {"status":"Done","data":{"requestid1":"255511","requestid2":"255512"}}

2022-11-25 10:04:44 - [MESSAGE][INFO] - {"status":"Done","data":{"requestid1":"255511","requestid2":"255512"}}

2022-11-25 10:04:44 - [TEST_STEP][PASSED] - delay(5): Delayed 5 second(s)

2022-11-25 10:04:49 - [MESSAGE][PASSED] - Delayed 5 second(s)

2022-11-25 10:04:49 - [TEST_STEP][PASSED] - scoring = sendRequest(findTestObject("EngineScore", ["response_searchME_kons":response_searchME_kons, "response_searchME_spouse":response_searchME_spouse])): Send request successfully

2022-11-25 10:04:49 - [MESSAGE][INFO] - HAR: D:\DMS\Engine Scoring\Reports\20221125_100036\Exclude KKB - DS - Married\Scoring Married - CS New\20221125_100036\requests\main\71.har

2022-11-25 10:04:49 - [MESSAGE][PASSED] - Send request successfully

2022-11-25 10:04:49 - [TEST_STEP][PASSED] - verifyResponseStatusCode(scoring, 200): Verify response status code successfully

2022-11-25 10:04:49 - [MESSAGE][PASSED] - Verify response status code successfully

2022-11-25 10:04:49 - [TEST_STEP][PASSED] - response2 = scoring.getResponseText(): null

2022-11-25 10:04:49 - [TEST_STEP][PASSED] - markPassed("result service data ke : " + no): result service data ke : 36

2022-11-25 10:04:49 - [MESSAGE][PASSED] - result service data ke : 36

2022-11-25 10:04:49 - [TEST_STEP][PASSED] - logInfo($response2): {"result_konsumen":"Reguler","result_pasangan":"Reguler","Final_result":"Reguler","errorMessage":"","status":"Done"}

2022-11-25 10:04:49 - [MESSAGE][INFO] - {"result_konsumen":"Reguler","result_pasangan":"Reguler","Final_result":"Reguler","errorMessage":"","status":"Done"}

2022-11-25 10:04:49 - [TEST_STEP][PASSED] - verifyElementPropertyValue(scoring, "Final_result", final_result): Verify element property value successfully

2022-11-25 10:04:49 - [MESSAGE][PASSED] - Verify element property value successfully]]></system-out>
         <system-err><![CDATA[]]></system-err>
      </testcase>
      <testcase name="Test Cases/Engine_Scoring/Engine Scoring" time="6.706" classname="Test Cases/Engine_Scoring/Engine Scoring" status="PASSED">
         <system-out><![CDATA[2022-11-25 10:04:49 - [TEST_CASE][PASSED] - Test Cases/Engine_Scoring/Engine Scoring: Test Cases/Engine_Scoring/Engine Scoring

2022-11-25 10:04:50 - [TEST_STEP][PASSED] - markPassed("Variasi data ke : " + no): Variasi data ke : 37

2022-11-25 10:04:50 - [MESSAGE][PASSED] - Variasi data ke : 37

2022-11-25 10:04:50 - [TEST_STEP][PASSED] - req_data = sendRequest(findTestObject("Search_ME", ["MID":MID, "source":source, "ip":ip, "userid":userid, "branch":branch, "tipekons":tipekons, "marital":marital, "penjamin":penjamin, ... ])): Send request successfully

2022-11-25 10:04:50 - [MESSAGE][INFO] - HAR: D:\DMS\Engine Scoring\Reports\20221125_100036\Exclude KKB - DS - Married\Scoring Married - CS New\20221125_100036\requests\main\72.har

2022-11-25 10:04:50 - [MESSAGE][PASSED] - Send request successfully

2022-11-25 10:04:50 - [TEST_STEP][PASSED] - slurper = new groovy.json.JsonSlurper(): null

2022-11-25 10:04:50 - [TEST_STEP][PASSED] - result = slurper.parseText(req_data.getResponseBodyContent()): null

2022-11-25 10:04:50 - [TEST_STEP][PASSED] - reqid_kons = requestid1: null

2022-11-25 10:04:50 - [TEST_STEP][PASSED] - reqid_spouse = requestid2: null

2022-11-25 10:04:50 - [TEST_STEP][PASSED] - println("requestid kons : " + reqid_kons): null

2022-11-25 10:04:50 - [TEST_STEP][PASSED] - response_searchME_kons = reqid_kons: null

2022-11-25 10:04:50 - [TEST_STEP][PASSED] - response_searchME_spouse = reqid_spouse: null

2022-11-25 10:04:50 - [TEST_STEP][PASSED] - println("kons req id is :" + response_searchME_kons): null

2022-11-25 10:04:50 - [TEST_STEP][PASSED] - println("spouse req id is : " + response_searchME_spouse): null

2022-11-25 10:04:50 - [TEST_STEP][PASSED] - verifyResponseStatusCode(req_data, 200): Verify response status code successfully

2022-11-25 10:04:50 - [MESSAGE][PASSED] - Verify response status code successfully

2022-11-25 10:04:50 - [TEST_STEP][PASSED] - response = req_data.getResponseText(): null

2022-11-25 10:04:50 - [TEST_STEP][PASSED] - logInfo($response): {"status":"Done","data":{"requestid1":"255513","requestid2":"255514"}}

2022-11-25 10:04:50 - [MESSAGE][INFO] - {"status":"Done","data":{"requestid1":"255513","requestid2":"255514"}}

2022-11-25 10:04:50 - [TEST_STEP][PASSED] - delay(5): Delayed 5 second(s)

2022-11-25 10:04:55 - [MESSAGE][PASSED] - Delayed 5 second(s)

2022-11-25 10:04:55 - [TEST_STEP][PASSED] - scoring = sendRequest(findTestObject("EngineScore", ["response_searchME_kons":response_searchME_kons, "response_searchME_spouse":response_searchME_spouse])): Send request successfully

2022-11-25 10:04:55 - [MESSAGE][INFO] - HAR: D:\DMS\Engine Scoring\Reports\20221125_100036\Exclude KKB - DS - Married\Scoring Married - CS New\20221125_100036\requests\main\73.har

2022-11-25 10:04:55 - [MESSAGE][PASSED] - Send request successfully

2022-11-25 10:04:55 - [TEST_STEP][PASSED] - verifyResponseStatusCode(scoring, 200): Verify response status code successfully

2022-11-25 10:04:55 - [MESSAGE][PASSED] - Verify response status code successfully

2022-11-25 10:04:55 - [TEST_STEP][PASSED] - response2 = scoring.getResponseText(): null

2022-11-25 10:04:55 - [TEST_STEP][PASSED] - markPassed("result service data ke : " + no): result service data ke : 37

2022-11-25 10:04:55 - [MESSAGE][PASSED] - result service data ke : 37

2022-11-25 10:04:55 - [TEST_STEP][PASSED] - logInfo($response2): {"result_konsumen":"Reject","result_pasangan":"Reguler","Final_result":"Reject","errorMessage":"","status":"Done"}

2022-11-25 10:04:55 - [MESSAGE][INFO] - {"result_konsumen":"Reject","result_pasangan":"Reguler","Final_result":"Reject","errorMessage":"","status":"Done"}

2022-11-25 10:04:55 - [TEST_STEP][PASSED] - verifyElementPropertyValue(scoring, "Final_result", final_result): Verify element property value successfully

2022-11-25 10:04:55 - [MESSAGE][PASSED] - Verify element property value successfully]]></system-out>
         <system-err><![CDATA[]]></system-err>
      </testcase>
      <testcase name="Test Cases/Engine_Scoring/Engine Scoring" time="6.683" classname="Test Cases/Engine_Scoring/Engine Scoring" status="PASSED">
         <system-out><![CDATA[2022-11-25 10:04:56 - [TEST_CASE][PASSED] - Test Cases/Engine_Scoring/Engine Scoring: Test Cases/Engine_Scoring/Engine Scoring

2022-11-25 10:04:56 - [TEST_STEP][PASSED] - markPassed("Variasi data ke : " + no): Variasi data ke : 38

2022-11-25 10:04:56 - [MESSAGE][PASSED] - Variasi data ke : 38

2022-11-25 10:04:56 - [TEST_STEP][PASSED] - req_data = sendRequest(findTestObject("Search_ME", ["MID":MID, "source":source, "ip":ip, "userid":userid, "branch":branch, "tipekons":tipekons, "marital":marital, "penjamin":penjamin, ... ])): Send request successfully

2022-11-25 10:04:57 - [MESSAGE][INFO] - HAR: D:\DMS\Engine Scoring\Reports\20221125_100036\Exclude KKB - DS - Married\Scoring Married - CS New\20221125_100036\requests\main\74.har

2022-11-25 10:04:57 - [MESSAGE][PASSED] - Send request successfully

2022-11-25 10:04:57 - [TEST_STEP][PASSED] - slurper = new groovy.json.JsonSlurper(): null

2022-11-25 10:04:57 - [TEST_STEP][PASSED] - result = slurper.parseText(req_data.getResponseBodyContent()): null

2022-11-25 10:04:57 - [TEST_STEP][PASSED] - reqid_kons = requestid1: null

2022-11-25 10:04:57 - [TEST_STEP][PASSED] - reqid_spouse = requestid2: null

2022-11-25 10:04:57 - [TEST_STEP][PASSED] - println("requestid kons : " + reqid_kons): null

2022-11-25 10:04:57 - [TEST_STEP][PASSED] - response_searchME_kons = reqid_kons: null

2022-11-25 10:04:57 - [TEST_STEP][PASSED] - response_searchME_spouse = reqid_spouse: null

2022-11-25 10:04:57 - [TEST_STEP][PASSED] - println("kons req id is :" + response_searchME_kons): null

2022-11-25 10:04:57 - [TEST_STEP][PASSED] - println("spouse req id is : " + response_searchME_spouse): null

2022-11-25 10:04:57 - [TEST_STEP][PASSED] - verifyResponseStatusCode(req_data, 200): Verify response status code successfully

2022-11-25 10:04:57 - [MESSAGE][PASSED] - Verify response status code successfully

2022-11-25 10:04:57 - [TEST_STEP][PASSED] - response = req_data.getResponseText(): null

2022-11-25 10:04:57 - [TEST_STEP][PASSED] - logInfo($response): {"status":"Done","data":{"requestid1":"255515","requestid2":"255516"}}

2022-11-25 10:04:57 - [MESSAGE][INFO] - {"status":"Done","data":{"requestid1":"255515","requestid2":"255516"}}

2022-11-25 10:04:57 - [TEST_STEP][PASSED] - delay(5): Delayed 5 second(s)

2022-11-25 10:05:02 - [MESSAGE][PASSED] - Delayed 5 second(s)

2022-11-25 10:05:02 - [TEST_STEP][PASSED] - scoring = sendRequest(findTestObject("EngineScore", ["response_searchME_kons":response_searchME_kons, "response_searchME_spouse":response_searchME_spouse])): Send request successfully

2022-11-25 10:05:02 - [MESSAGE][INFO] - HAR: D:\DMS\Engine Scoring\Reports\20221125_100036\Exclude KKB - DS - Married\Scoring Married - CS New\20221125_100036\requests\main\75.har

2022-11-25 10:05:02 - [MESSAGE][PASSED] - Send request successfully

2022-11-25 10:05:02 - [TEST_STEP][PASSED] - verifyResponseStatusCode(scoring, 200): Verify response status code successfully

2022-11-25 10:05:02 - [MESSAGE][PASSED] - Verify response status code successfully

2022-11-25 10:05:02 - [TEST_STEP][PASSED] - response2 = scoring.getResponseText(): null

2022-11-25 10:05:02 - [TEST_STEP][PASSED] - markPassed("result service data ke : " + no): result service data ke : 38

2022-11-25 10:05:02 - [MESSAGE][PASSED] - result service data ke : 38

2022-11-25 10:05:02 - [TEST_STEP][PASSED] - logInfo($response2): {"result_konsumen":"Reject","result_pasangan":"Reguler","Final_result":"Reject","errorMessage":"","status":"Done"}

2022-11-25 10:05:02 - [MESSAGE][INFO] - {"result_konsumen":"Reject","result_pasangan":"Reguler","Final_result":"Reject","errorMessage":"","status":"Done"}

2022-11-25 10:05:02 - [TEST_STEP][PASSED] - verifyElementPropertyValue(scoring, "Final_result", final_result): Verify element property value successfully

2022-11-25 10:05:02 - [MESSAGE][PASSED] - Verify element property value successfully]]></system-out>
         <system-err><![CDATA[]]></system-err>
      </testcase>
      <testcase name="Test Cases/Engine_Scoring/Engine Scoring" time="6.721" classname="Test Cases/Engine_Scoring/Engine Scoring" status="PASSED">
         <system-out><![CDATA[2022-11-25 10:05:02 - [TEST_CASE][PASSED] - Test Cases/Engine_Scoring/Engine Scoring: Test Cases/Engine_Scoring/Engine Scoring

2022-11-25 10:05:03 - [TEST_STEP][PASSED] - markPassed("Variasi data ke : " + no): Variasi data ke : 39

2022-11-25 10:05:03 - [MESSAGE][PASSED] - Variasi data ke : 39

2022-11-25 10:05:03 - [TEST_STEP][PASSED] - req_data = sendRequest(findTestObject("Search_ME", ["MID":MID, "source":source, "ip":ip, "userid":userid, "branch":branch, "tipekons":tipekons, "marital":marital, "penjamin":penjamin, ... ])): Send request successfully

2022-11-25 10:05:04 - [MESSAGE][INFO] - HAR: D:\DMS\Engine Scoring\Reports\20221125_100036\Exclude KKB - DS - Married\Scoring Married - CS New\20221125_100036\requests\main\76.har

2022-11-25 10:05:04 - [MESSAGE][PASSED] - Send request successfully

2022-11-25 10:05:04 - [TEST_STEP][PASSED] - slurper = new groovy.json.JsonSlurper(): null

2022-11-25 10:05:04 - [TEST_STEP][PASSED] - result = slurper.parseText(req_data.getResponseBodyContent()): null

2022-11-25 10:05:04 - [TEST_STEP][PASSED] - reqid_kons = requestid1: null

2022-11-25 10:05:04 - [TEST_STEP][PASSED] - reqid_spouse = requestid2: null

2022-11-25 10:05:04 - [TEST_STEP][PASSED] - println("requestid kons : " + reqid_kons): null

2022-11-25 10:05:04 - [TEST_STEP][PASSED] - response_searchME_kons = reqid_kons: null

2022-11-25 10:05:04 - [TEST_STEP][PASSED] - response_searchME_spouse = reqid_spouse: null

2022-11-25 10:05:04 - [TEST_STEP][PASSED] - println("kons req id is :" + response_searchME_kons): null

2022-11-25 10:05:04 - [TEST_STEP][PASSED] - println("spouse req id is : " + response_searchME_spouse): null

2022-11-25 10:05:04 - [TEST_STEP][PASSED] - verifyResponseStatusCode(req_data, 200): Verify response status code successfully

2022-11-25 10:05:04 - [MESSAGE][PASSED] - Verify response status code successfully

2022-11-25 10:05:04 - [TEST_STEP][PASSED] - response = req_data.getResponseText(): null

2022-11-25 10:05:04 - [TEST_STEP][PASSED] - logInfo($response): {"status":"Done","data":{"requestid1":"255517","requestid2":"255518"}}

2022-11-25 10:05:04 - [MESSAGE][INFO] - {"status":"Done","data":{"requestid1":"255517","requestid2":"255518"}}

2022-11-25 10:05:04 - [TEST_STEP][PASSED] - delay(5): Delayed 5 second(s)

2022-11-25 10:05:09 - [MESSAGE][PASSED] - Delayed 5 second(s)

2022-11-25 10:05:09 - [TEST_STEP][PASSED] - scoring = sendRequest(findTestObject("EngineScore", ["response_searchME_kons":response_searchME_kons, "response_searchME_spouse":response_searchME_spouse])): Send request successfully

2022-11-25 10:05:09 - [MESSAGE][INFO] - HAR: D:\DMS\Engine Scoring\Reports\20221125_100036\Exclude KKB - DS - Married\Scoring Married - CS New\20221125_100036\requests\main\77.har

2022-11-25 10:05:09 - [MESSAGE][PASSED] - Send request successfully

2022-11-25 10:05:09 - [TEST_STEP][PASSED] - verifyResponseStatusCode(scoring, 200): Verify response status code successfully

2022-11-25 10:05:09 - [MESSAGE][PASSED] - Verify response status code successfully

2022-11-25 10:05:09 - [TEST_STEP][PASSED] - response2 = scoring.getResponseText(): null

2022-11-25 10:05:09 - [TEST_STEP][PASSED] - markPassed("result service data ke : " + no): result service data ke : 39

2022-11-25 10:05:09 - [MESSAGE][PASSED] - result service data ke : 39

2022-11-25 10:05:09 - [TEST_STEP][PASSED] - logInfo($response2): {"result_konsumen":"Reject","result_pasangan":"Reguler","Final_result":"Reject","errorMessage":"","status":"Done"}

2022-11-25 10:05:09 - [MESSAGE][INFO] - {"result_konsumen":"Reject","result_pasangan":"Reguler","Final_result":"Reject","errorMessage":"","status":"Done"}

2022-11-25 10:05:09 - [TEST_STEP][PASSED] - verifyElementPropertyValue(scoring, "Final_result", final_result): Verify element property value successfully

2022-11-25 10:05:09 - [MESSAGE][PASSED] - Verify element property value successfully]]></system-out>
         <system-err><![CDATA[]]></system-err>
      </testcase>
      <testcase name="Test Cases/Engine_Scoring/Engine Scoring" time="6.634" classname="Test Cases/Engine_Scoring/Engine Scoring" status="PASSED">
         <system-out><![CDATA[2022-11-25 10:05:09 - [TEST_CASE][PASSED] - Test Cases/Engine_Scoring/Engine Scoring: Test Cases/Engine_Scoring/Engine Scoring

2022-11-25 10:05:10 - [TEST_STEP][PASSED] - markPassed("Variasi data ke : " + no): Variasi data ke : 40

2022-11-25 10:05:10 - [MESSAGE][PASSED] - Variasi data ke : 40

2022-11-25 10:05:10 - [TEST_STEP][PASSED] - req_data = sendRequest(findTestObject("Search_ME", ["MID":MID, "source":source, "ip":ip, "userid":userid, "branch":branch, "tipekons":tipekons, "marital":marital, "penjamin":penjamin, ... ])): Send request successfully

2022-11-25 10:05:11 - [MESSAGE][INFO] - HAR: D:\DMS\Engine Scoring\Reports\20221125_100036\Exclude KKB - DS - Married\Scoring Married - CS New\20221125_100036\requests\main\78.har

2022-11-25 10:05:11 - [MESSAGE][PASSED] - Send request successfully

2022-11-25 10:05:11 - [TEST_STEP][PASSED] - slurper = new groovy.json.JsonSlurper(): null

2022-11-25 10:05:11 - [TEST_STEP][PASSED] - result = slurper.parseText(req_data.getResponseBodyContent()): null

2022-11-25 10:05:11 - [TEST_STEP][PASSED] - reqid_kons = requestid1: null

2022-11-25 10:05:11 - [TEST_STEP][PASSED] - reqid_spouse = requestid2: null

2022-11-25 10:05:11 - [TEST_STEP][PASSED] - println("requestid kons : " + reqid_kons): null

2022-11-25 10:05:11 - [TEST_STEP][PASSED] - response_searchME_kons = reqid_kons: null

2022-11-25 10:05:11 - [TEST_STEP][PASSED] - response_searchME_spouse = reqid_spouse: null

2022-11-25 10:05:11 - [TEST_STEP][PASSED] - println("kons req id is :" + response_searchME_kons): null

2022-11-25 10:05:11 - [TEST_STEP][PASSED] - println("spouse req id is : " + response_searchME_spouse): null

2022-11-25 10:05:11 - [TEST_STEP][PASSED] - verifyResponseStatusCode(req_data, 200): Verify response status code successfully

2022-11-25 10:05:11 - [MESSAGE][PASSED] - Verify response status code successfully

2022-11-25 10:05:11 - [TEST_STEP][PASSED] - response = req_data.getResponseText(): null

2022-11-25 10:05:11 - [TEST_STEP][PASSED] - logInfo($response): {"status":"Done","data":{"requestid1":"255519","requestid2":"255520"}}

2022-11-25 10:05:11 - [MESSAGE][INFO] - {"status":"Done","data":{"requestid1":"255519","requestid2":"255520"}}

2022-11-25 10:05:11 - [TEST_STEP][PASSED] - delay(5): Delayed 5 second(s)

2022-11-25 10:05:16 - [MESSAGE][PASSED] - Delayed 5 second(s)

2022-11-25 10:05:16 - [TEST_STEP][PASSED] - scoring = sendRequest(findTestObject("EngineScore", ["response_searchME_kons":response_searchME_kons, "response_searchME_spouse":response_searchME_spouse])): Send request successfully

2022-11-25 10:05:16 - [MESSAGE][INFO] - HAR: D:\DMS\Engine Scoring\Reports\20221125_100036\Exclude KKB - DS - Married\Scoring Married - CS New\20221125_100036\requests\main\79.har

2022-11-25 10:05:16 - [MESSAGE][PASSED] - Send request successfully

2022-11-25 10:05:16 - [TEST_STEP][PASSED] - verifyResponseStatusCode(scoring, 200): Verify response status code successfully

2022-11-25 10:05:16 - [MESSAGE][PASSED] - Verify response status code successfully

2022-11-25 10:05:16 - [TEST_STEP][PASSED] - response2 = scoring.getResponseText(): null

2022-11-25 10:05:16 - [TEST_STEP][PASSED] - markPassed("result service data ke : " + no): result service data ke : 40

2022-11-25 10:05:16 - [MESSAGE][PASSED] - result service data ke : 40

2022-11-25 10:05:16 - [TEST_STEP][PASSED] - logInfo($response2): {"result_konsumen":"Reject","result_pasangan":"Reguler","Final_result":"Reject","errorMessage":"","status":"Done"}

2022-11-25 10:05:16 - [MESSAGE][INFO] - {"result_konsumen":"Reject","result_pasangan":"Reguler","Final_result":"Reject","errorMessage":"","status":"Done"}

2022-11-25 10:05:16 - [TEST_STEP][PASSED] - verifyElementPropertyValue(scoring, "Final_result", final_result): Verify element property value successfully

2022-11-25 10:05:16 - [MESSAGE][PASSED] - Verify element property value successfully]]></system-out>
         <system-err><![CDATA[]]></system-err>
      </testcase>
      <testcase name="Test Cases/Engine_Scoring/Engine Scoring" time="6.722" classname="Test Cases/Engine_Scoring/Engine Scoring" status="PASSED">
         <system-out><![CDATA[2022-11-25 10:05:16 - [TEST_CASE][PASSED] - Test Cases/Engine_Scoring/Engine Scoring: Test Cases/Engine_Scoring/Engine Scoring

2022-11-25 10:05:17 - [TEST_STEP][PASSED] - markPassed("Variasi data ke : " + no): Variasi data ke : 41

2022-11-25 10:05:17 - [MESSAGE][PASSED] - Variasi data ke : 41

2022-11-25 10:05:17 - [TEST_STEP][PASSED] - req_data = sendRequest(findTestObject("Search_ME", ["MID":MID, "source":source, "ip":ip, "userid":userid, "branch":branch, "tipekons":tipekons, "marital":marital, "penjamin":penjamin, ... ])): Send request successfully

2022-11-25 10:05:17 - [MESSAGE][INFO] - HAR: D:\DMS\Engine Scoring\Reports\20221125_100036\Exclude KKB - DS - Married\Scoring Married - CS New\20221125_100036\requests\main\80.har

2022-11-25 10:05:17 - [MESSAGE][PASSED] - Send request successfully

2022-11-25 10:05:17 - [TEST_STEP][PASSED] - slurper = new groovy.json.JsonSlurper(): null

2022-11-25 10:05:17 - [TEST_STEP][PASSED] - result = slurper.parseText(req_data.getResponseBodyContent()): null

2022-11-25 10:05:17 - [TEST_STEP][PASSED] - reqid_kons = requestid1: null

2022-11-25 10:05:17 - [TEST_STEP][PASSED] - reqid_spouse = requestid2: null

2022-11-25 10:05:17 - [TEST_STEP][PASSED] - println("requestid kons : " + reqid_kons): null

2022-11-25 10:05:17 - [TEST_STEP][PASSED] - response_searchME_kons = reqid_kons: null

2022-11-25 10:05:17 - [TEST_STEP][PASSED] - response_searchME_spouse = reqid_spouse: null

2022-11-25 10:05:17 - [TEST_STEP][PASSED] - println("kons req id is :" + response_searchME_kons): null

2022-11-25 10:05:17 - [TEST_STEP][PASSED] - println("spouse req id is : " + response_searchME_spouse): null

2022-11-25 10:05:17 - [TEST_STEP][PASSED] - verifyResponseStatusCode(req_data, 200): Verify response status code successfully

2022-11-25 10:05:17 - [MESSAGE][PASSED] - Verify response status code successfully

2022-11-25 10:05:17 - [TEST_STEP][PASSED] - response = req_data.getResponseText(): null

2022-11-25 10:05:17 - [TEST_STEP][PASSED] - logInfo($response): {"status":"Done","data":{"requestid1":"255521","requestid2":"255522"}}

2022-11-25 10:05:17 - [MESSAGE][INFO] - {"status":"Done","data":{"requestid1":"255521","requestid2":"255522"}}

2022-11-25 10:05:17 - [TEST_STEP][PASSED] - delay(5): Delayed 5 second(s)

2022-11-25 10:05:22 - [MESSAGE][PASSED] - Delayed 5 second(s)

2022-11-25 10:05:22 - [TEST_STEP][PASSED] - scoring = sendRequest(findTestObject("EngineScore", ["response_searchME_kons":response_searchME_kons, "response_searchME_spouse":response_searchME_spouse])): Send request successfully

2022-11-25 10:05:22 - [MESSAGE][INFO] - HAR: D:\DMS\Engine Scoring\Reports\20221125_100036\Exclude KKB - DS - Married\Scoring Married - CS New\20221125_100036\requests\main\81.har

2022-11-25 10:05:22 - [MESSAGE][PASSED] - Send request successfully

2022-11-25 10:05:22 - [TEST_STEP][PASSED] - verifyResponseStatusCode(scoring, 200): Verify response status code successfully

2022-11-25 10:05:22 - [MESSAGE][PASSED] - Verify response status code successfully

2022-11-25 10:05:22 - [TEST_STEP][PASSED] - response2 = scoring.getResponseText(): null

2022-11-25 10:05:22 - [TEST_STEP][PASSED] - markPassed("result service data ke : " + no): result service data ke : 41

2022-11-25 10:05:22 - [MESSAGE][PASSED] - result service data ke : 41

2022-11-25 10:05:22 - [TEST_STEP][PASSED] - logInfo($response2): {"result_konsumen":"Reject","result_pasangan":"Reject","Final_result":"Reject","errorMessage":"","status":"Done"}

2022-11-25 10:05:22 - [MESSAGE][INFO] - {"result_konsumen":"Reject","result_pasangan":"Reject","Final_result":"Reject","errorMessage":"","status":"Done"}

2022-11-25 10:05:22 - [TEST_STEP][PASSED] - verifyElementPropertyValue(scoring, "Final_result", final_result): Verify element property value successfully

2022-11-25 10:05:22 - [MESSAGE][PASSED] - Verify element property value successfully]]></system-out>
         <system-err><![CDATA[]]></system-err>
      </testcase>
      <testcase name="Test Cases/Engine_Scoring/Engine Scoring" time="7.046" classname="Test Cases/Engine_Scoring/Engine Scoring" status="PASSED">
         <system-out><![CDATA[2022-11-25 10:05:23 - [TEST_CASE][PASSED] - Test Cases/Engine_Scoring/Engine Scoring: Test Cases/Engine_Scoring/Engine Scoring

2022-11-25 10:05:24 - [TEST_STEP][PASSED] - markPassed("Variasi data ke : " + no): Variasi data ke : 42

2022-11-25 10:05:24 - [MESSAGE][PASSED] - Variasi data ke : 42

2022-11-25 10:05:24 - [TEST_STEP][PASSED] - req_data = sendRequest(findTestObject("Search_ME", ["MID":MID, "source":source, "ip":ip, "userid":userid, "branch":branch, "tipekons":tipekons, "marital":marital, "penjamin":penjamin, ... ])): Send request successfully

2022-11-25 10:05:24 - [MESSAGE][INFO] - HAR: D:\DMS\Engine Scoring\Reports\20221125_100036\Exclude KKB - DS - Married\Scoring Married - CS New\20221125_100036\requests\main\82.har

2022-11-25 10:05:24 - [MESSAGE][PASSED] - Send request successfully

2022-11-25 10:05:24 - [TEST_STEP][PASSED] - slurper = new groovy.json.JsonSlurper(): null

2022-11-25 10:05:24 - [TEST_STEP][PASSED] - result = slurper.parseText(req_data.getResponseBodyContent()): null

2022-11-25 10:05:24 - [TEST_STEP][PASSED] - reqid_kons = requestid1: null

2022-11-25 10:05:24 - [TEST_STEP][PASSED] - reqid_spouse = requestid2: null

2022-11-25 10:05:24 - [TEST_STEP][PASSED] - println("requestid kons : " + reqid_kons): null

2022-11-25 10:05:24 - [TEST_STEP][PASSED] - response_searchME_kons = reqid_kons: null

2022-11-25 10:05:24 - [TEST_STEP][PASSED] - response_searchME_spouse = reqid_spouse: null

2022-11-25 10:05:24 - [TEST_STEP][PASSED] - println("kons req id is :" + response_searchME_kons): null

2022-11-25 10:05:24 - [TEST_STEP][PASSED] - println("spouse req id is : " + response_searchME_spouse): null

2022-11-25 10:05:24 - [TEST_STEP][PASSED] - verifyResponseStatusCode(req_data, 200): Verify response status code successfully

2022-11-25 10:05:24 - [MESSAGE][PASSED] - Verify response status code successfully

2022-11-25 10:05:24 - [TEST_STEP][PASSED] - response = req_data.getResponseText(): null

2022-11-25 10:05:24 - [TEST_STEP][PASSED] - logInfo($response): {"status":"Done","data":{"requestid1":"255523","requestid2":"255524"}}

2022-11-25 10:05:24 - [MESSAGE][INFO] - {"status":"Done","data":{"requestid1":"255523","requestid2":"255524"}}

2022-11-25 10:05:24 - [TEST_STEP][PASSED] - delay(5): Delayed 5 second(s)

2022-11-25 10:05:29 - [MESSAGE][PASSED] - Delayed 5 second(s)

2022-11-25 10:05:29 - [TEST_STEP][PASSED] - scoring = sendRequest(findTestObject("EngineScore", ["response_searchME_kons":response_searchME_kons, "response_searchME_spouse":response_searchME_spouse])): Send request successfully

2022-11-25 10:05:30 - [MESSAGE][INFO] - HAR: D:\DMS\Engine Scoring\Reports\20221125_100036\Exclude KKB - DS - Married\Scoring Married - CS New\20221125_100036\requests\main\83.har

2022-11-25 10:05:30 - [MESSAGE][PASSED] - Send request successfully

2022-11-25 10:05:30 - [TEST_STEP][PASSED] - verifyResponseStatusCode(scoring, 200): Verify response status code successfully

2022-11-25 10:05:30 - [MESSAGE][PASSED] - Verify response status code successfully

2022-11-25 10:05:30 - [TEST_STEP][PASSED] - response2 = scoring.getResponseText(): null

2022-11-25 10:05:30 - [TEST_STEP][PASSED] - markPassed("result service data ke : " + no): result service data ke : 42

2022-11-25 10:05:30 - [MESSAGE][PASSED] - result service data ke : 42

2022-11-25 10:05:30 - [TEST_STEP][PASSED] - logInfo($response2): {"result_konsumen":"Reject","result_pasangan":"Reject","Final_result":"Reject","errorMessage":"","status":"Done"}

2022-11-25 10:05:30 - [MESSAGE][INFO] - {"result_konsumen":"Reject","result_pasangan":"Reject","Final_result":"Reject","errorMessage":"","status":"Done"}

2022-11-25 10:05:30 - [TEST_STEP][PASSED] - verifyElementPropertyValue(scoring, "Final_result", final_result): Verify element property value successfully

2022-11-25 10:05:30 - [MESSAGE][PASSED] - Verify element property value successfully]]></system-out>
         <system-err><![CDATA[]]></system-err>
      </testcase>
      <testcase name="Test Cases/Engine_Scoring/Engine Scoring" time="6.763" classname="Test Cases/Engine_Scoring/Engine Scoring" status="PASSED">
         <system-out><![CDATA[2022-11-25 10:05:30 - [TEST_CASE][PASSED] - Test Cases/Engine_Scoring/Engine Scoring: Test Cases/Engine_Scoring/Engine Scoring

2022-11-25 10:05:30 - [TEST_STEP][PASSED] - markPassed("Variasi data ke : " + no): Variasi data ke : 43

2022-11-25 10:05:30 - [MESSAGE][PASSED] - Variasi data ke : 43

2022-11-25 10:05:30 - [TEST_STEP][PASSED] - req_data = sendRequest(findTestObject("Search_ME", ["MID":MID, "source":source, "ip":ip, "userid":userid, "branch":branch, "tipekons":tipekons, "marital":marital, "penjamin":penjamin, ... ])): Send request successfully

2022-11-25 10:05:31 - [MESSAGE][INFO] - HAR: D:\DMS\Engine Scoring\Reports\20221125_100036\Exclude KKB - DS - Married\Scoring Married - CS New\20221125_100036\requests\main\84.har

2022-11-25 10:05:31 - [MESSAGE][PASSED] - Send request successfully

2022-11-25 10:05:31 - [TEST_STEP][PASSED] - slurper = new groovy.json.JsonSlurper(): null

2022-11-25 10:05:31 - [TEST_STEP][PASSED] - result = slurper.parseText(req_data.getResponseBodyContent()): null

2022-11-25 10:05:31 - [TEST_STEP][PASSED] - reqid_kons = requestid1: null

2022-11-25 10:05:31 - [TEST_STEP][PASSED] - reqid_spouse = requestid2: null

2022-11-25 10:05:31 - [TEST_STEP][PASSED] - println("requestid kons : " + reqid_kons): null

2022-11-25 10:05:31 - [TEST_STEP][PASSED] - response_searchME_kons = reqid_kons: null

2022-11-25 10:05:31 - [TEST_STEP][PASSED] - response_searchME_spouse = reqid_spouse: null

2022-11-25 10:05:31 - [TEST_STEP][PASSED] - println("kons req id is :" + response_searchME_kons): null

2022-11-25 10:05:31 - [TEST_STEP][PASSED] - println("spouse req id is : " + response_searchME_spouse): null

2022-11-25 10:05:31 - [TEST_STEP][PASSED] - verifyResponseStatusCode(req_data, 200): Verify response status code successfully

2022-11-25 10:05:31 - [MESSAGE][PASSED] - Verify response status code successfully

2022-11-25 10:05:31 - [TEST_STEP][PASSED] - response = req_data.getResponseText(): null

2022-11-25 10:05:31 - [TEST_STEP][PASSED] - logInfo($response): {"status":"Done","data":{"requestid1":"255525","requestid2":"255526"}}

2022-11-25 10:05:31 - [MESSAGE][INFO] - {"status":"Done","data":{"requestid1":"255525","requestid2":"255526"}}

2022-11-25 10:05:31 - [TEST_STEP][PASSED] - delay(5): Delayed 5 second(s)

2022-11-25 10:05:36 - [MESSAGE][PASSED] - Delayed 5 second(s)

2022-11-25 10:05:36 - [TEST_STEP][PASSED] - scoring = sendRequest(findTestObject("EngineScore", ["response_searchME_kons":response_searchME_kons, "response_searchME_spouse":response_searchME_spouse])): Send request successfully

2022-11-25 10:05:36 - [MESSAGE][INFO] - HAR: D:\DMS\Engine Scoring\Reports\20221125_100036\Exclude KKB - DS - Married\Scoring Married - CS New\20221125_100036\requests\main\85.har

2022-11-25 10:05:36 - [MESSAGE][PASSED] - Send request successfully

2022-11-25 10:05:36 - [TEST_STEP][PASSED] - verifyResponseStatusCode(scoring, 200): Verify response status code successfully

2022-11-25 10:05:36 - [MESSAGE][PASSED] - Verify response status code successfully

2022-11-25 10:05:36 - [TEST_STEP][PASSED] - response2 = scoring.getResponseText(): null

2022-11-25 10:05:36 - [TEST_STEP][PASSED] - markPassed("result service data ke : " + no): result service data ke : 43

2022-11-25 10:05:36 - [MESSAGE][PASSED] - result service data ke : 43

2022-11-25 10:05:36 - [TEST_STEP][PASSED] - logInfo($response2): {"result_konsumen":"Reject","result_pasangan":"Reject","Final_result":"Reject","errorMessage":"","status":"Done"}

2022-11-25 10:05:36 - [MESSAGE][INFO] - {"result_konsumen":"Reject","result_pasangan":"Reject","Final_result":"Reject","errorMessage":"","status":"Done"}

2022-11-25 10:05:36 - [TEST_STEP][PASSED] - verifyElementPropertyValue(scoring, "Final_result", final_result): Verify element property value successfully

2022-11-25 10:05:36 - [MESSAGE][PASSED] - Verify element property value successfully]]></system-out>
         <system-err><![CDATA[]]></system-err>
      </testcase>
      <testcase name="Test Cases/Engine_Scoring/Engine Scoring" time="6.718" classname="Test Cases/Engine_Scoring/Engine Scoring" status="PASSED">
         <system-out><![CDATA[2022-11-25 10:05:36 - [TEST_CASE][PASSED] - Test Cases/Engine_Scoring/Engine Scoring: Test Cases/Engine_Scoring/Engine Scoring

2022-11-25 10:05:37 - [TEST_STEP][PASSED] - markPassed("Variasi data ke : " + no): Variasi data ke : 44

2022-11-25 10:05:37 - [MESSAGE][PASSED] - Variasi data ke : 44

2022-11-25 10:05:37 - [TEST_STEP][PASSED] - req_data = sendRequest(findTestObject("Search_ME", ["MID":MID, "source":source, "ip":ip, "userid":userid, "branch":branch, "tipekons":tipekons, "marital":marital, "penjamin":penjamin, ... ])): Send request successfully

2022-11-25 10:05:38 - [MESSAGE][INFO] - HAR: D:\DMS\Engine Scoring\Reports\20221125_100036\Exclude KKB - DS - Married\Scoring Married - CS New\20221125_100036\requests\main\86.har

2022-11-25 10:05:38 - [MESSAGE][PASSED] - Send request successfully

2022-11-25 10:05:38 - [TEST_STEP][PASSED] - slurper = new groovy.json.JsonSlurper(): null

2022-11-25 10:05:38 - [TEST_STEP][PASSED] - result = slurper.parseText(req_data.getResponseBodyContent()): null

2022-11-25 10:05:38 - [TEST_STEP][PASSED] - reqid_kons = requestid1: null

2022-11-25 10:05:38 - [TEST_STEP][PASSED] - reqid_spouse = requestid2: null

2022-11-25 10:05:38 - [TEST_STEP][PASSED] - println("requestid kons : " + reqid_kons): null

2022-11-25 10:05:38 - [TEST_STEP][PASSED] - response_searchME_kons = reqid_kons: null

2022-11-25 10:05:38 - [TEST_STEP][PASSED] - response_searchME_spouse = reqid_spouse: null

2022-11-25 10:05:38 - [TEST_STEP][PASSED] - println("kons req id is :" + response_searchME_kons): null

2022-11-25 10:05:38 - [TEST_STEP][PASSED] - println("spouse req id is : " + response_searchME_spouse): null

2022-11-25 10:05:38 - [TEST_STEP][PASSED] - verifyResponseStatusCode(req_data, 200): Verify response status code successfully

2022-11-25 10:05:38 - [MESSAGE][PASSED] - Verify response status code successfully

2022-11-25 10:05:38 - [TEST_STEP][PASSED] - response = req_data.getResponseText(): null

2022-11-25 10:05:38 - [TEST_STEP][PASSED] - logInfo($response): {"status":"Done","data":{"requestid1":"255527","requestid2":"255528"}}

2022-11-25 10:05:38 - [MESSAGE][INFO] - {"status":"Done","data":{"requestid1":"255527","requestid2":"255528"}}

2022-11-25 10:05:38 - [TEST_STEP][PASSED] - delay(5): Delayed 5 second(s)

2022-11-25 10:05:43 - [MESSAGE][PASSED] - Delayed 5 second(s)

2022-11-25 10:05:43 - [TEST_STEP][PASSED] - scoring = sendRequest(findTestObject("EngineScore", ["response_searchME_kons":response_searchME_kons, "response_searchME_spouse":response_searchME_spouse])): Send request successfully

2022-11-25 10:05:43 - [MESSAGE][INFO] - HAR: D:\DMS\Engine Scoring\Reports\20221125_100036\Exclude KKB - DS - Married\Scoring Married - CS New\20221125_100036\requests\main\87.har

2022-11-25 10:05:43 - [MESSAGE][PASSED] - Send request successfully

2022-11-25 10:05:43 - [TEST_STEP][PASSED] - verifyResponseStatusCode(scoring, 200): Verify response status code successfully

2022-11-25 10:05:43 - [MESSAGE][PASSED] - Verify response status code successfully

2022-11-25 10:05:43 - [TEST_STEP][PASSED] - response2 = scoring.getResponseText(): null

2022-11-25 10:05:43 - [TEST_STEP][PASSED] - markPassed("result service data ke : " + no): result service data ke : 44

2022-11-25 10:05:43 - [MESSAGE][PASSED] - result service data ke : 44

2022-11-25 10:05:43 - [TEST_STEP][PASSED] - logInfo($response2): {"result_konsumen":"Reject","result_pasangan":"Reguler","Final_result":"Reject","errorMessage":"","status":"Done"}

2022-11-25 10:05:43 - [MESSAGE][INFO] - {"result_konsumen":"Reject","result_pasangan":"Reguler","Final_result":"Reject","errorMessage":"","status":"Done"}

2022-11-25 10:05:43 - [TEST_STEP][PASSED] - verifyElementPropertyValue(scoring, "Final_result", final_result): Verify element property value successfully

2022-11-25 10:05:43 - [MESSAGE][PASSED] - Verify element property value successfully]]></system-out>
         <system-err><![CDATA[]]></system-err>
      </testcase>
      <testcase name="Test Cases/Engine_Scoring/Engine Scoring" time="6.744" classname="Test Cases/Engine_Scoring/Engine Scoring" status="PASSED">
         <system-out><![CDATA[2022-11-25 10:05:43 - [TEST_CASE][PASSED] - Test Cases/Engine_Scoring/Engine Scoring: Test Cases/Engine_Scoring/Engine Scoring

2022-11-25 10:05:44 - [TEST_STEP][PASSED] - markPassed("Variasi data ke : " + no): Variasi data ke : 45

2022-11-25 10:05:44 - [MESSAGE][PASSED] - Variasi data ke : 45

2022-11-25 10:05:44 - [TEST_STEP][PASSED] - req_data = sendRequest(findTestObject("Search_ME", ["MID":MID, "source":source, "ip":ip, "userid":userid, "branch":branch, "tipekons":tipekons, "marital":marital, "penjamin":penjamin, ... ])): Send request successfully

2022-11-25 10:05:45 - [MESSAGE][INFO] - HAR: D:\DMS\Engine Scoring\Reports\20221125_100036\Exclude KKB - DS - Married\Scoring Married - CS New\20221125_100036\requests\main\88.har

2022-11-25 10:05:45 - [MESSAGE][PASSED] - Send request successfully

2022-11-25 10:05:45 - [TEST_STEP][PASSED] - slurper = new groovy.json.JsonSlurper(): null

2022-11-25 10:05:45 - [TEST_STEP][PASSED] - result = slurper.parseText(req_data.getResponseBodyContent()): null

2022-11-25 10:05:45 - [TEST_STEP][PASSED] - reqid_kons = requestid1: null

2022-11-25 10:05:45 - [TEST_STEP][PASSED] - reqid_spouse = requestid2: null

2022-11-25 10:05:45 - [TEST_STEP][PASSED] - println("requestid kons : " + reqid_kons): null

2022-11-25 10:05:45 - [TEST_STEP][PASSED] - response_searchME_kons = reqid_kons: null

2022-11-25 10:05:45 - [TEST_STEP][PASSED] - response_searchME_spouse = reqid_spouse: null

2022-11-25 10:05:45 - [TEST_STEP][PASSED] - println("kons req id is :" + response_searchME_kons): null

2022-11-25 10:05:45 - [TEST_STEP][PASSED] - println("spouse req id is : " + response_searchME_spouse): null

2022-11-25 10:05:45 - [TEST_STEP][PASSED] - verifyResponseStatusCode(req_data, 200): Verify response status code successfully

2022-11-25 10:05:45 - [MESSAGE][PASSED] - Verify response status code successfully

2022-11-25 10:05:45 - [TEST_STEP][PASSED] - response = req_data.getResponseText(): null

2022-11-25 10:05:45 - [TEST_STEP][PASSED] - logInfo($response): {"status":"Done","data":{"requestid1":"255529","requestid2":"255530"}}

2022-11-25 10:05:45 - [MESSAGE][INFO] - {"status":"Done","data":{"requestid1":"255529","requestid2":"255530"}}

2022-11-25 10:05:45 - [TEST_STEP][PASSED] - delay(5): Delayed 5 second(s)

2022-11-25 10:05:50 - [MESSAGE][PASSED] - Delayed 5 second(s)

2022-11-25 10:05:50 - [TEST_STEP][PASSED] - scoring = sendRequest(findTestObject("EngineScore", ["response_searchME_kons":response_searchME_kons, "response_searchME_spouse":response_searchME_spouse])): Send request successfully

2022-11-25 10:05:50 - [MESSAGE][INFO] - HAR: D:\DMS\Engine Scoring\Reports\20221125_100036\Exclude KKB - DS - Married\Scoring Married - CS New\20221125_100036\requests\main\89.har

2022-11-25 10:05:50 - [MESSAGE][PASSED] - Send request successfully

2022-11-25 10:05:50 - [TEST_STEP][PASSED] - verifyResponseStatusCode(scoring, 200): Verify response status code successfully

2022-11-25 10:05:50 - [MESSAGE][PASSED] - Verify response status code successfully

2022-11-25 10:05:50 - [TEST_STEP][PASSED] - response2 = scoring.getResponseText(): null

2022-11-25 10:05:50 - [TEST_STEP][PASSED] - markPassed("result service data ke : " + no): result service data ke : 45

2022-11-25 10:05:50 - [MESSAGE][PASSED] - result service data ke : 45

2022-11-25 10:05:50 - [TEST_STEP][PASSED] - logInfo($response2): {"result_konsumen":"Reject","result_pasangan":"Reguler","Final_result":"Reject","errorMessage":"","status":"Done"}

2022-11-25 10:05:50 - [MESSAGE][INFO] - {"result_konsumen":"Reject","result_pasangan":"Reguler","Final_result":"Reject","errorMessage":"","status":"Done"}

2022-11-25 10:05:50 - [TEST_STEP][PASSED] - verifyElementPropertyValue(scoring, "Final_result", final_result): Verify element property value successfully

2022-11-25 10:05:50 - [MESSAGE][PASSED] - Verify element property value successfully]]></system-out>
         <system-err><![CDATA[]]></system-err>
      </testcase>
      <testcase name="Test Cases/Engine_Scoring/Engine Scoring" time="6.678" classname="Test Cases/Engine_Scoring/Engine Scoring" status="PASSED">
         <system-out><![CDATA[2022-11-25 10:05:50 - [TEST_CASE][PASSED] - Test Cases/Engine_Scoring/Engine Scoring: Test Cases/Engine_Scoring/Engine Scoring

2022-11-25 10:05:51 - [TEST_STEP][PASSED] - markPassed("Variasi data ke : " + no): Variasi data ke : 46

2022-11-25 10:05:51 - [MESSAGE][PASSED] - Variasi data ke : 46

2022-11-25 10:05:51 - [TEST_STEP][PASSED] - req_data = sendRequest(findTestObject("Search_ME", ["MID":MID, "source":source, "ip":ip, "userid":userid, "branch":branch, "tipekons":tipekons, "marital":marital, "penjamin":penjamin, ... ])): Send request successfully

2022-11-25 10:05:52 - [MESSAGE][INFO] - HAR: D:\DMS\Engine Scoring\Reports\20221125_100036\Exclude KKB - DS - Married\Scoring Married - CS New\20221125_100036\requests\main\90.har

2022-11-25 10:05:52 - [MESSAGE][PASSED] - Send request successfully

2022-11-25 10:05:52 - [TEST_STEP][PASSED] - slurper = new groovy.json.JsonSlurper(): null

2022-11-25 10:05:52 - [TEST_STEP][PASSED] - result = slurper.parseText(req_data.getResponseBodyContent()): null

2022-11-25 10:05:52 - [TEST_STEP][PASSED] - reqid_kons = requestid1: null

2022-11-25 10:05:52 - [TEST_STEP][PASSED] - reqid_spouse = requestid2: null

2022-11-25 10:05:52 - [TEST_STEP][PASSED] - println("requestid kons : " + reqid_kons): null

2022-11-25 10:05:52 - [TEST_STEP][PASSED] - response_searchME_kons = reqid_kons: null

2022-11-25 10:05:52 - [TEST_STEP][PASSED] - response_searchME_spouse = reqid_spouse: null

2022-11-25 10:05:52 - [TEST_STEP][PASSED] - println("kons req id is :" + response_searchME_kons): null

2022-11-25 10:05:52 - [TEST_STEP][PASSED] - println("spouse req id is : " + response_searchME_spouse): null

2022-11-25 10:05:52 - [TEST_STEP][PASSED] - verifyResponseStatusCode(req_data, 200): Verify response status code successfully

2022-11-25 10:05:52 - [MESSAGE][PASSED] - Verify response status code successfully

2022-11-25 10:05:52 - [TEST_STEP][PASSED] - response = req_data.getResponseText(): null

2022-11-25 10:05:52 - [TEST_STEP][PASSED] - logInfo($response): {"status":"Done","data":{"requestid1":"255531","requestid2":"255532"}}

2022-11-25 10:05:52 - [MESSAGE][INFO] - {"status":"Done","data":{"requestid1":"255531","requestid2":"255532"}}

2022-11-25 10:05:52 - [TEST_STEP][PASSED] - delay(5): Delayed 5 second(s)

2022-11-25 10:05:57 - [MESSAGE][PASSED] - Delayed 5 second(s)

2022-11-25 10:05:57 - [TEST_STEP][PASSED] - scoring = sendRequest(findTestObject("EngineScore", ["response_searchME_kons":response_searchME_kons, "response_searchME_spouse":response_searchME_spouse])): Send request successfully

2022-11-25 10:05:57 - [MESSAGE][INFO] - HAR: D:\DMS\Engine Scoring\Reports\20221125_100036\Exclude KKB - DS - Married\Scoring Married - CS New\20221125_100036\requests\main\91.har

2022-11-25 10:05:57 - [MESSAGE][PASSED] - Send request successfully

2022-11-25 10:05:57 - [TEST_STEP][PASSED] - verifyResponseStatusCode(scoring, 200): Verify response status code successfully

2022-11-25 10:05:57 - [MESSAGE][PASSED] - Verify response status code successfully

2022-11-25 10:05:57 - [TEST_STEP][PASSED] - response2 = scoring.getResponseText(): null

2022-11-25 10:05:57 - [TEST_STEP][PASSED] - markPassed("result service data ke : " + no): result service data ke : 46

2022-11-25 10:05:57 - [MESSAGE][PASSED] - result service data ke : 46

2022-11-25 10:05:57 - [TEST_STEP][PASSED] - logInfo($response2): {"result_konsumen":"Approve","result_pasangan":"Reguler","Final_result":"Approve","errorMessage":"","status":"Done"}

2022-11-25 10:05:57 - [MESSAGE][INFO] - {"result_konsumen":"Approve","result_pasangan":"Reguler","Final_result":"Approve","errorMessage":"","status":"Done"}

2022-11-25 10:05:57 - [TEST_STEP][PASSED] - verifyElementPropertyValue(scoring, "Final_result", final_result): Verify element property value successfully

2022-11-25 10:05:57 - [MESSAGE][PASSED] - Verify element property value successfully]]></system-out>
         <system-err><![CDATA[]]></system-err>
      </testcase>
      <testcase name="Test Cases/Engine_Scoring/Engine Scoring" time="6.615" classname="Test Cases/Engine_Scoring/Engine Scoring" status="PASSED">
         <system-out><![CDATA[2022-11-25 10:05:57 - [TEST_CASE][PASSED] - Test Cases/Engine_Scoring/Engine Scoring: Test Cases/Engine_Scoring/Engine Scoring

2022-11-25 10:05:58 - [TEST_STEP][PASSED] - markPassed("Variasi data ke : " + no): Variasi data ke : 47

2022-11-25 10:05:58 - [MESSAGE][PASSED] - Variasi data ke : 47

2022-11-25 10:05:58 - [TEST_STEP][PASSED] - req_data = sendRequest(findTestObject("Search_ME", ["MID":MID, "source":source, "ip":ip, "userid":userid, "branch":branch, "tipekons":tipekons, "marital":marital, "penjamin":penjamin, ... ])): Send request successfully

2022-11-25 10:05:58 - [MESSAGE][INFO] - HAR: D:\DMS\Engine Scoring\Reports\20221125_100036\Exclude KKB - DS - Married\Scoring Married - CS New\20221125_100036\requests\main\92.har

2022-11-25 10:05:58 - [MESSAGE][PASSED] - Send request successfully

2022-11-25 10:05:58 - [TEST_STEP][PASSED] - slurper = new groovy.json.JsonSlurper(): null

2022-11-25 10:05:58 - [TEST_STEP][PASSED] - result = slurper.parseText(req_data.getResponseBodyContent()): null

2022-11-25 10:05:58 - [TEST_STEP][PASSED] - reqid_kons = requestid1: null

2022-11-25 10:05:58 - [TEST_STEP][PASSED] - reqid_spouse = requestid2: null

2022-11-25 10:05:58 - [TEST_STEP][PASSED] - println("requestid kons : " + reqid_kons): null

2022-11-25 10:05:58 - [TEST_STEP][PASSED] - response_searchME_kons = reqid_kons: null

2022-11-25 10:05:58 - [TEST_STEP][PASSED] - response_searchME_spouse = reqid_spouse: null

2022-11-25 10:05:58 - [TEST_STEP][PASSED] - println("kons req id is :" + response_searchME_kons): null

2022-11-25 10:05:58 - [TEST_STEP][PASSED] - println("spouse req id is : " + response_searchME_spouse): null

2022-11-25 10:05:58 - [TEST_STEP][PASSED] - verifyResponseStatusCode(req_data, 200): Verify response status code successfully

2022-11-25 10:05:58 - [MESSAGE][PASSED] - Verify response status code successfully

2022-11-25 10:05:58 - [TEST_STEP][PASSED] - response = req_data.getResponseText(): null

2022-11-25 10:05:58 - [TEST_STEP][PASSED] - logInfo($response): {"status":"Done","data":{"requestid1":"255533","requestid2":"255534"}}

2022-11-25 10:05:58 - [MESSAGE][INFO] - {"status":"Done","data":{"requestid1":"255533","requestid2":"255534"}}

2022-11-25 10:05:58 - [TEST_STEP][PASSED] - delay(5): Delayed 5 second(s)

2022-11-25 10:06:03 - [MESSAGE][PASSED] - Delayed 5 second(s)

2022-11-25 10:06:03 - [TEST_STEP][PASSED] - scoring = sendRequest(findTestObject("EngineScore", ["response_searchME_kons":response_searchME_kons, "response_searchME_spouse":response_searchME_spouse])): Send request successfully

2022-11-25 10:06:03 - [MESSAGE][INFO] - HAR: D:\DMS\Engine Scoring\Reports\20221125_100036\Exclude KKB - DS - Married\Scoring Married - CS New\20221125_100036\requests\main\93.har

2022-11-25 10:06:03 - [MESSAGE][PASSED] - Send request successfully

2022-11-25 10:06:03 - [TEST_STEP][PASSED] - verifyResponseStatusCode(scoring, 200): Verify response status code successfully

2022-11-25 10:06:03 - [MESSAGE][PASSED] - Verify response status code successfully

2022-11-25 10:06:03 - [TEST_STEP][PASSED] - response2 = scoring.getResponseText(): null

2022-11-25 10:06:03 - [TEST_STEP][PASSED] - markPassed("result service data ke : " + no): result service data ke : 47

2022-11-25 10:06:03 - [MESSAGE][PASSED] - result service data ke : 47

2022-11-25 10:06:03 - [TEST_STEP][PASSED] - logInfo($response2): {"result_konsumen":"Approve","result_pasangan":"Reguler","Final_result":"Approve","errorMessage":"","status":"Done"}

2022-11-25 10:06:03 - [MESSAGE][INFO] - {"result_konsumen":"Approve","result_pasangan":"Reguler","Final_result":"Approve","errorMessage":"","status":"Done"}

2022-11-25 10:06:03 - [TEST_STEP][PASSED] - verifyElementPropertyValue(scoring, "Final_result", final_result): Verify element property value successfully

2022-11-25 10:06:03 - [MESSAGE][PASSED] - Verify element property value successfully]]></system-out>
         <system-err><![CDATA[]]></system-err>
      </testcase>
      <testcase name="Test Cases/Engine_Scoring/Engine Scoring" time="6.571" classname="Test Cases/Engine_Scoring/Engine Scoring" status="PASSED">
         <system-out><![CDATA[2022-11-25 10:06:03 - [TEST_CASE][PASSED] - Test Cases/Engine_Scoring/Engine Scoring: Test Cases/Engine_Scoring/Engine Scoring

2022-11-25 10:06:04 - [TEST_STEP][PASSED] - markPassed("Variasi data ke : " + no): Variasi data ke : 48

2022-11-25 10:06:04 - [MESSAGE][PASSED] - Variasi data ke : 48

2022-11-25 10:06:04 - [TEST_STEP][PASSED] - req_data = sendRequest(findTestObject("Search_ME", ["MID":MID, "source":source, "ip":ip, "userid":userid, "branch":branch, "tipekons":tipekons, "marital":marital, "penjamin":penjamin, ... ])): Send request successfully

2022-11-25 10:06:05 - [MESSAGE][INFO] - HAR: D:\DMS\Engine Scoring\Reports\20221125_100036\Exclude KKB - DS - Married\Scoring Married - CS New\20221125_100036\requests\main\94.har

2022-11-25 10:06:05 - [MESSAGE][PASSED] - Send request successfully

2022-11-25 10:06:05 - [TEST_STEP][PASSED] - slurper = new groovy.json.JsonSlurper(): null

2022-11-25 10:06:05 - [TEST_STEP][PASSED] - result = slurper.parseText(req_data.getResponseBodyContent()): null

2022-11-25 10:06:05 - [TEST_STEP][PASSED] - reqid_kons = requestid1: null

2022-11-25 10:06:05 - [TEST_STEP][PASSED] - reqid_spouse = requestid2: null

2022-11-25 10:06:05 - [TEST_STEP][PASSED] - println("requestid kons : " + reqid_kons): null

2022-11-25 10:06:05 - [TEST_STEP][PASSED] - response_searchME_kons = reqid_kons: null

2022-11-25 10:06:05 - [TEST_STEP][PASSED] - response_searchME_spouse = reqid_spouse: null

2022-11-25 10:06:05 - [TEST_STEP][PASSED] - println("kons req id is :" + response_searchME_kons): null

2022-11-25 10:06:05 - [TEST_STEP][PASSED] - println("spouse req id is : " + response_searchME_spouse): null

2022-11-25 10:06:05 - [TEST_STEP][PASSED] - verifyResponseStatusCode(req_data, 200): Verify response status code successfully

2022-11-25 10:06:05 - [MESSAGE][PASSED] - Verify response status code successfully

2022-11-25 10:06:05 - [TEST_STEP][PASSED] - response = req_data.getResponseText(): null

2022-11-25 10:06:05 - [TEST_STEP][PASSED] - logInfo($response): {"status":"Done","data":{"requestid1":"255535","requestid2":"255536"}}

2022-11-25 10:06:05 - [MESSAGE][INFO] - {"status":"Done","data":{"requestid1":"255535","requestid2":"255536"}}

2022-11-25 10:06:05 - [TEST_STEP][PASSED] - delay(5): Delayed 5 second(s)

2022-11-25 10:06:10 - [MESSAGE][PASSED] - Delayed 5 second(s)

2022-11-25 10:06:10 - [TEST_STEP][PASSED] - scoring = sendRequest(findTestObject("EngineScore", ["response_searchME_kons":response_searchME_kons, "response_searchME_spouse":response_searchME_spouse])): Send request successfully

2022-11-25 10:06:10 - [MESSAGE][INFO] - HAR: D:\DMS\Engine Scoring\Reports\20221125_100036\Exclude KKB - DS - Married\Scoring Married - CS New\20221125_100036\requests\main\95.har

2022-11-25 10:06:10 - [MESSAGE][PASSED] - Send request successfully

2022-11-25 10:06:10 - [TEST_STEP][PASSED] - verifyResponseStatusCode(scoring, 200): Verify response status code successfully

2022-11-25 10:06:10 - [MESSAGE][PASSED] - Verify response status code successfully

2022-11-25 10:06:10 - [TEST_STEP][PASSED] - response2 = scoring.getResponseText(): null

2022-11-25 10:06:10 - [TEST_STEP][PASSED] - markPassed("result service data ke : " + no): result service data ke : 48

2022-11-25 10:06:10 - [MESSAGE][PASSED] - result service data ke : 48

2022-11-25 10:06:10 - [TEST_STEP][PASSED] - logInfo($response2): {"result_konsumen":"Approve","result_pasangan":"Reguler","Final_result":"Approve","errorMessage":"","status":"Done"}

2022-11-25 10:06:10 - [MESSAGE][INFO] - {"result_konsumen":"Approve","result_pasangan":"Reguler","Final_result":"Approve","errorMessage":"","status":"Done"}

2022-11-25 10:06:10 - [TEST_STEP][PASSED] - verifyElementPropertyValue(scoring, "Final_result", final_result): Verify element property value successfully

2022-11-25 10:06:10 - [MESSAGE][PASSED] - Verify element property value successfully]]></system-out>
         <system-err><![CDATA[]]></system-err>
      </testcase>
      <testcase name="Test Cases/Engine_Scoring/Engine Scoring" time="6.708" classname="Test Cases/Engine_Scoring/Engine Scoring" status="PASSED">
         <system-out><![CDATA[2022-11-25 10:06:10 - [TEST_CASE][PASSED] - Test Cases/Engine_Scoring/Engine Scoring: Test Cases/Engine_Scoring/Engine Scoring

2022-11-25 10:06:11 - [TEST_STEP][PASSED] - markPassed("Variasi data ke : " + no): Variasi data ke : 49

2022-11-25 10:06:11 - [MESSAGE][PASSED] - Variasi data ke : 49

2022-11-25 10:06:11 - [TEST_STEP][PASSED] - req_data = sendRequest(findTestObject("Search_ME", ["MID":MID, "source":source, "ip":ip, "userid":userid, "branch":branch, "tipekons":tipekons, "marital":marital, "penjamin":penjamin, ... ])): Send request successfully

2022-11-25 10:06:12 - [MESSAGE][INFO] - HAR: D:\DMS\Engine Scoring\Reports\20221125_100036\Exclude KKB - DS - Married\Scoring Married - CS New\20221125_100036\requests\main\96.har

2022-11-25 10:06:12 - [MESSAGE][PASSED] - Send request successfully

2022-11-25 10:06:12 - [TEST_STEP][PASSED] - slurper = new groovy.json.JsonSlurper(): null

2022-11-25 10:06:12 - [TEST_STEP][PASSED] - result = slurper.parseText(req_data.getResponseBodyContent()): null

2022-11-25 10:06:12 - [TEST_STEP][PASSED] - reqid_kons = requestid1: null

2022-11-25 10:06:12 - [TEST_STEP][PASSED] - reqid_spouse = requestid2: null

2022-11-25 10:06:12 - [TEST_STEP][PASSED] - println("requestid kons : " + reqid_kons): null

2022-11-25 10:06:12 - [TEST_STEP][PASSED] - response_searchME_kons = reqid_kons: null

2022-11-25 10:06:12 - [TEST_STEP][PASSED] - response_searchME_spouse = reqid_spouse: null

2022-11-25 10:06:12 - [TEST_STEP][PASSED] - println("kons req id is :" + response_searchME_kons): null

2022-11-25 10:06:12 - [TEST_STEP][PASSED] - println("spouse req id is : " + response_searchME_spouse): null

2022-11-25 10:06:12 - [TEST_STEP][PASSED] - verifyResponseStatusCode(req_data, 200): Verify response status code successfully

2022-11-25 10:06:12 - [MESSAGE][PASSED] - Verify response status code successfully

2022-11-25 10:06:12 - [TEST_STEP][PASSED] - response = req_data.getResponseText(): null

2022-11-25 10:06:12 - [TEST_STEP][PASSED] - logInfo($response): {"status":"Done","data":{"requestid1":"255537","requestid2":"255538"}}

2022-11-25 10:06:12 - [MESSAGE][INFO] - {"status":"Done","data":{"requestid1":"255537","requestid2":"255538"}}

2022-11-25 10:06:12 - [TEST_STEP][PASSED] - delay(5): Delayed 5 second(s)

2022-11-25 10:06:17 - [MESSAGE][PASSED] - Delayed 5 second(s)

2022-11-25 10:06:17 - [TEST_STEP][PASSED] - scoring = sendRequest(findTestObject("EngineScore", ["response_searchME_kons":response_searchME_kons, "response_searchME_spouse":response_searchME_spouse])): Send request successfully

2022-11-25 10:06:17 - [MESSAGE][INFO] - HAR: D:\DMS\Engine Scoring\Reports\20221125_100036\Exclude KKB - DS - Married\Scoring Married - CS New\20221125_100036\requests\main\97.har

2022-11-25 10:06:17 - [MESSAGE][PASSED] - Send request successfully

2022-11-25 10:06:17 - [TEST_STEP][PASSED] - verifyResponseStatusCode(scoring, 200): Verify response status code successfully

2022-11-25 10:06:17 - [MESSAGE][PASSED] - Verify response status code successfully

2022-11-25 10:06:17 - [TEST_STEP][PASSED] - response2 = scoring.getResponseText(): null

2022-11-25 10:06:17 - [TEST_STEP][PASSED] - markPassed("result service data ke : " + no): result service data ke : 49

2022-11-25 10:06:17 - [MESSAGE][PASSED] - result service data ke : 49

2022-11-25 10:06:17 - [TEST_STEP][PASSED] - logInfo($response2): {"result_konsumen":"Approve","result_pasangan":"Reguler","Final_result":"Approve","errorMessage":"","status":"Done"}

2022-11-25 10:06:17 - [MESSAGE][INFO] - {"result_konsumen":"Approve","result_pasangan":"Reguler","Final_result":"Approve","errorMessage":"","status":"Done"}

2022-11-25 10:06:17 - [TEST_STEP][PASSED] - verifyElementPropertyValue(scoring, "Final_result", final_result): Verify element property value successfully

2022-11-25 10:06:17 - [MESSAGE][PASSED] - Verify element property value successfully]]></system-out>
         <system-err><![CDATA[]]></system-err>
      </testcase>
      <testcase name="Test Cases/Engine_Scoring/Engine Scoring" time="6.901" classname="Test Cases/Engine_Scoring/Engine Scoring" status="PASSED">
         <system-out><![CDATA[2022-11-25 10:06:17 - [TEST_CASE][PASSED] - Test Cases/Engine_Scoring/Engine Scoring: Test Cases/Engine_Scoring/Engine Scoring

2022-11-25 10:06:18 - [TEST_STEP][PASSED] - markPassed("Variasi data ke : " + no): Variasi data ke : 50

2022-11-25 10:06:18 - [MESSAGE][PASSED] - Variasi data ke : 50

2022-11-25 10:06:18 - [TEST_STEP][PASSED] - req_data = sendRequest(findTestObject("Search_ME", ["MID":MID, "source":source, "ip":ip, "userid":userid, "branch":branch, "tipekons":tipekons, "marital":marital, "penjamin":penjamin, ... ])): Send request successfully

2022-11-25 10:06:19 - [MESSAGE][INFO] - HAR: D:\DMS\Engine Scoring\Reports\20221125_100036\Exclude KKB - DS - Married\Scoring Married - CS New\20221125_100036\requests\main\98.har

2022-11-25 10:06:19 - [MESSAGE][PASSED] - Send request successfully

2022-11-25 10:06:19 - [TEST_STEP][PASSED] - slurper = new groovy.json.JsonSlurper(): null

2022-11-25 10:06:19 - [TEST_STEP][PASSED] - result = slurper.parseText(req_data.getResponseBodyContent()): null

2022-11-25 10:06:19 - [TEST_STEP][PASSED] - reqid_kons = requestid1: null

2022-11-25 10:06:19 - [TEST_STEP][PASSED] - reqid_spouse = requestid2: null

2022-11-25 10:06:19 - [TEST_STEP][PASSED] - println("requestid kons : " + reqid_kons): null

2022-11-25 10:06:19 - [TEST_STEP][PASSED] - response_searchME_kons = reqid_kons: null

2022-11-25 10:06:19 - [TEST_STEP][PASSED] - response_searchME_spouse = reqid_spouse: null

2022-11-25 10:06:19 - [TEST_STEP][PASSED] - println("kons req id is :" + response_searchME_kons): null

2022-11-25 10:06:19 - [TEST_STEP][PASSED] - println("spouse req id is : " + response_searchME_spouse): null

2022-11-25 10:06:19 - [TEST_STEP][PASSED] - verifyResponseStatusCode(req_data, 200): Verify response status code successfully

2022-11-25 10:06:19 - [MESSAGE][PASSED] - Verify response status code successfully

2022-11-25 10:06:19 - [TEST_STEP][PASSED] - response = req_data.getResponseText(): null

2022-11-25 10:06:19 - [TEST_STEP][PASSED] - logInfo($response): {"status":"Done","data":{"requestid1":"255539","requestid2":"255540"}}

2022-11-25 10:06:19 - [MESSAGE][INFO] - {"status":"Done","data":{"requestid1":"255539","requestid2":"255540"}}

2022-11-25 10:06:19 - [TEST_STEP][PASSED] - delay(5): Delayed 5 second(s)

2022-11-25 10:06:24 - [MESSAGE][PASSED] - Delayed 5 second(s)

2022-11-25 10:06:24 - [TEST_STEP][PASSED] - scoring = sendRequest(findTestObject("EngineScore", ["response_searchME_kons":response_searchME_kons, "response_searchME_spouse":response_searchME_spouse])): Send request successfully

2022-11-25 10:06:24 - [MESSAGE][INFO] - HAR: D:\DMS\Engine Scoring\Reports\20221125_100036\Exclude KKB - DS - Married\Scoring Married - CS New\20221125_100036\requests\main\99.har

2022-11-25 10:06:24 - [MESSAGE][PASSED] - Send request successfully

2022-11-25 10:06:24 - [TEST_STEP][PASSED] - verifyResponseStatusCode(scoring, 200): Verify response status code successfully

2022-11-25 10:06:24 - [MESSAGE][PASSED] - Verify response status code successfully

2022-11-25 10:06:24 - [TEST_STEP][PASSED] - response2 = scoring.getResponseText(): null

2022-11-25 10:06:24 - [TEST_STEP][PASSED] - markPassed("result service data ke : " + no): result service data ke : 50

2022-11-25 10:06:24 - [MESSAGE][PASSED] - result service data ke : 50

2022-11-25 10:06:24 - [TEST_STEP][PASSED] - logInfo($response2): {"result_konsumen":"Approve","result_pasangan":"Reject","Final_result":"Reject","errorMessage":"","status":"Done"}

2022-11-25 10:06:24 - [MESSAGE][INFO] - {"result_konsumen":"Approve","result_pasangan":"Reject","Final_result":"Reject","errorMessage":"","status":"Done"}

2022-11-25 10:06:24 - [TEST_STEP][PASSED] - verifyElementPropertyValue(scoring, "Final_result", final_result): Verify element property value successfully

2022-11-25 10:06:24 - [MESSAGE][PASSED] - Verify element property value successfully]]></system-out>
         <system-err><![CDATA[]]></system-err>
      </testcase>
      <testcase name="Test Cases/Engine_Scoring/Engine Scoring" time="6.673" classname="Test Cases/Engine_Scoring/Engine Scoring" status="PASSED">
         <system-out><![CDATA[2022-11-25 10:06:24 - [TEST_CASE][PASSED] - Test Cases/Engine_Scoring/Engine Scoring: Test Cases/Engine_Scoring/Engine Scoring

2022-11-25 10:06:25 - [TEST_STEP][PASSED] - markPassed("Variasi data ke : " + no): Variasi data ke : 51

2022-11-25 10:06:25 - [MESSAGE][PASSED] - Variasi data ke : 51

2022-11-25 10:06:25 - [TEST_STEP][PASSED] - req_data = sendRequest(findTestObject("Search_ME", ["MID":MID, "source":source, "ip":ip, "userid":userid, "branch":branch, "tipekons":tipekons, "marital":marital, "penjamin":penjamin, ... ])): Send request successfully

2022-11-25 10:06:25 - [MESSAGE][INFO] - HAR: D:\DMS\Engine Scoring\Reports\20221125_100036\Exclude KKB - DS - Married\Scoring Married - CS New\20221125_100036\requests\main\100.har

2022-11-25 10:06:25 - [MESSAGE][PASSED] - Send request successfully

2022-11-25 10:06:25 - [TEST_STEP][PASSED] - slurper = new groovy.json.JsonSlurper(): null

2022-11-25 10:06:25 - [TEST_STEP][PASSED] - result = slurper.parseText(req_data.getResponseBodyContent()): null

2022-11-25 10:06:25 - [TEST_STEP][PASSED] - reqid_kons = requestid1: null

2022-11-25 10:06:25 - [TEST_STEP][PASSED] - reqid_spouse = requestid2: null

2022-11-25 10:06:25 - [TEST_STEP][PASSED] - println("requestid kons : " + reqid_kons): null

2022-11-25 10:06:25 - [TEST_STEP][PASSED] - response_searchME_kons = reqid_kons: null

2022-11-25 10:06:25 - [TEST_STEP][PASSED] - response_searchME_spouse = reqid_spouse: null

2022-11-25 10:06:25 - [TEST_STEP][PASSED] - println("kons req id is :" + response_searchME_kons): null

2022-11-25 10:06:25 - [TEST_STEP][PASSED] - println("spouse req id is : " + response_searchME_spouse): null

2022-11-25 10:06:25 - [TEST_STEP][PASSED] - verifyResponseStatusCode(req_data, 200): Verify response status code successfully

2022-11-25 10:06:25 - [MESSAGE][PASSED] - Verify response status code successfully

2022-11-25 10:06:25 - [TEST_STEP][PASSED] - response = req_data.getResponseText(): null

2022-11-25 10:06:25 - [TEST_STEP][PASSED] - logInfo($response): {"status":"Done","data":{"requestid1":"255541","requestid2":"255542"}}

2022-11-25 10:06:25 - [MESSAGE][INFO] - {"status":"Done","data":{"requestid1":"255541","requestid2":"255542"}}

2022-11-25 10:06:25 - [TEST_STEP][PASSED] - delay(5): Delayed 5 second(s)

2022-11-25 10:06:30 - [MESSAGE][PASSED] - Delayed 5 second(s)

2022-11-25 10:06:30 - [TEST_STEP][PASSED] - scoring = sendRequest(findTestObject("EngineScore", ["response_searchME_kons":response_searchME_kons, "response_searchME_spouse":response_searchME_spouse])): Send request successfully

2022-11-25 10:06:31 - [MESSAGE][INFO] - HAR: D:\DMS\Engine Scoring\Reports\20221125_100036\Exclude KKB - DS - Married\Scoring Married - CS New\20221125_100036\requests\main\101.har

2022-11-25 10:06:31 - [MESSAGE][PASSED] - Send request successfully

2022-11-25 10:06:31 - [TEST_STEP][PASSED] - verifyResponseStatusCode(scoring, 200): Verify response status code successfully

2022-11-25 10:06:31 - [MESSAGE][PASSED] - Verify response status code successfully

2022-11-25 10:06:31 - [TEST_STEP][PASSED] - response2 = scoring.getResponseText(): null

2022-11-25 10:06:31 - [TEST_STEP][PASSED] - markPassed("result service data ke : " + no): result service data ke : 51

2022-11-25 10:06:31 - [MESSAGE][PASSED] - result service data ke : 51

2022-11-25 10:06:31 - [TEST_STEP][PASSED] - logInfo($response2): {"result_konsumen":"Approve","result_pasangan":"Reject","Final_result":"Reject","errorMessage":"","status":"Done"}

2022-11-25 10:06:31 - [MESSAGE][INFO] - {"result_konsumen":"Approve","result_pasangan":"Reject","Final_result":"Reject","errorMessage":"","status":"Done"}

2022-11-25 10:06:31 - [TEST_STEP][PASSED] - verifyElementPropertyValue(scoring, "Final_result", final_result): Verify element property value successfully

2022-11-25 10:06:31 - [MESSAGE][PASSED] - Verify element property value successfully]]></system-out>
         <system-err><![CDATA[]]></system-err>
      </testcase>
      <testcase name="Test Cases/Engine_Scoring/Engine Scoring" time="6.823" classname="Test Cases/Engine_Scoring/Engine Scoring" status="PASSED">
         <system-out><![CDATA[2022-11-25 10:06:31 - [TEST_CASE][PASSED] - Test Cases/Engine_Scoring/Engine Scoring: Test Cases/Engine_Scoring/Engine Scoring

2022-11-25 10:06:31 - [TEST_STEP][PASSED] - markPassed("Variasi data ke : " + no): Variasi data ke : 52

2022-11-25 10:06:31 - [MESSAGE][PASSED] - Variasi data ke : 52

2022-11-25 10:06:31 - [TEST_STEP][PASSED] - req_data = sendRequest(findTestObject("Search_ME", ["MID":MID, "source":source, "ip":ip, "userid":userid, "branch":branch, "tipekons":tipekons, "marital":marital, "penjamin":penjamin, ... ])): Send request successfully

2022-11-25 10:06:32 - [MESSAGE][INFO] - HAR: D:\DMS\Engine Scoring\Reports\20221125_100036\Exclude KKB - DS - Married\Scoring Married - CS New\20221125_100036\requests\main\102.har

2022-11-25 10:06:32 - [MESSAGE][PASSED] - Send request successfully

2022-11-25 10:06:32 - [TEST_STEP][PASSED] - slurper = new groovy.json.JsonSlurper(): null

2022-11-25 10:06:32 - [TEST_STEP][PASSED] - result = slurper.parseText(req_data.getResponseBodyContent()): null

2022-11-25 10:06:32 - [TEST_STEP][PASSED] - reqid_kons = requestid1: null

2022-11-25 10:06:32 - [TEST_STEP][PASSED] - reqid_spouse = requestid2: null

2022-11-25 10:06:32 - [TEST_STEP][PASSED] - println("requestid kons : " + reqid_kons): null

2022-11-25 10:06:32 - [TEST_STEP][PASSED] - response_searchME_kons = reqid_kons: null

2022-11-25 10:06:32 - [TEST_STEP][PASSED] - response_searchME_spouse = reqid_spouse: null

2022-11-25 10:06:32 - [TEST_STEP][PASSED] - println("kons req id is :" + response_searchME_kons): null

2022-11-25 10:06:32 - [TEST_STEP][PASSED] - println("spouse req id is : " + response_searchME_spouse): null

2022-11-25 10:06:32 - [TEST_STEP][PASSED] - verifyResponseStatusCode(req_data, 200): Verify response status code successfully

2022-11-25 10:06:32 - [MESSAGE][PASSED] - Verify response status code successfully

2022-11-25 10:06:32 - [TEST_STEP][PASSED] - response = req_data.getResponseText(): null

2022-11-25 10:06:32 - [TEST_STEP][PASSED] - logInfo($response): {"status":"Done","data":{"requestid1":"255543","requestid2":"255544"}}

2022-11-25 10:06:32 - [MESSAGE][INFO] - {"status":"Done","data":{"requestid1":"255543","requestid2":"255544"}}

2022-11-25 10:06:32 - [TEST_STEP][PASSED] - delay(5): Delayed 5 second(s)

2022-11-25 10:06:37 - [MESSAGE][PASSED] - Delayed 5 second(s)

2022-11-25 10:06:37 - [TEST_STEP][PASSED] - scoring = sendRequest(findTestObject("EngineScore", ["response_searchME_kons":response_searchME_kons, "response_searchME_spouse":response_searchME_spouse])): Send request successfully

2022-11-25 10:06:37 - [MESSAGE][INFO] - HAR: D:\DMS\Engine Scoring\Reports\20221125_100036\Exclude KKB - DS - Married\Scoring Married - CS New\20221125_100036\requests\main\103.har

2022-11-25 10:06:37 - [MESSAGE][PASSED] - Send request successfully

2022-11-25 10:06:37 - [TEST_STEP][PASSED] - verifyResponseStatusCode(scoring, 200): Verify response status code successfully

2022-11-25 10:06:37 - [MESSAGE][PASSED] - Verify response status code successfully

2022-11-25 10:06:37 - [TEST_STEP][PASSED] - response2 = scoring.getResponseText(): null

2022-11-25 10:06:37 - [TEST_STEP][PASSED] - markPassed("result service data ke : " + no): result service data ke : 52

2022-11-25 10:06:37 - [MESSAGE][PASSED] - result service data ke : 52

2022-11-25 10:06:37 - [TEST_STEP][PASSED] - logInfo($response2): {"result_konsumen":"Approve","result_pasangan":"Reject","Final_result":"Reject","errorMessage":"","status":"Done"}

2022-11-25 10:06:37 - [MESSAGE][INFO] - {"result_konsumen":"Approve","result_pasangan":"Reject","Final_result":"Reject","errorMessage":"","status":"Done"}

2022-11-25 10:06:37 - [TEST_STEP][PASSED] - verifyElementPropertyValue(scoring, "Final_result", final_result): Verify element property value successfully

2022-11-25 10:06:37 - [MESSAGE][PASSED] - Verify element property value successfully]]></system-out>
         <system-err><![CDATA[]]></system-err>
      </testcase>
      <testcase name="Test Cases/Engine_Scoring/Engine Scoring" time="6.98" classname="Test Cases/Engine_Scoring/Engine Scoring" status="PASSED">
         <system-out><![CDATA[2022-11-25 10:06:38 - [TEST_CASE][PASSED] - Test Cases/Engine_Scoring/Engine Scoring: Test Cases/Engine_Scoring/Engine Scoring

2022-11-25 10:06:38 - [TEST_STEP][PASSED] - markPassed("Variasi data ke : " + no): Variasi data ke : 53

2022-11-25 10:06:38 - [MESSAGE][PASSED] - Variasi data ke : 53

2022-11-25 10:06:38 - [TEST_STEP][PASSED] - req_data = sendRequest(findTestObject("Search_ME", ["MID":MID, "source":source, "ip":ip, "userid":userid, "branch":branch, "tipekons":tipekons, "marital":marital, "penjamin":penjamin, ... ])): Send request successfully

2022-11-25 10:06:39 - [MESSAGE][INFO] - HAR: D:\DMS\Engine Scoring\Reports\20221125_100036\Exclude KKB - DS - Married\Scoring Married - CS New\20221125_100036\requests\main\104.har

2022-11-25 10:06:39 - [MESSAGE][PASSED] - Send request successfully

2022-11-25 10:06:39 - [TEST_STEP][PASSED] - slurper = new groovy.json.JsonSlurper(): null

2022-11-25 10:06:39 - [TEST_STEP][PASSED] - result = slurper.parseText(req_data.getResponseBodyContent()): null

2022-11-25 10:06:39 - [TEST_STEP][PASSED] - reqid_kons = requestid1: null

2022-11-25 10:06:39 - [TEST_STEP][PASSED] - reqid_spouse = requestid2: null

2022-11-25 10:06:39 - [TEST_STEP][PASSED] - println("requestid kons : " + reqid_kons): null

2022-11-25 10:06:39 - [TEST_STEP][PASSED] - response_searchME_kons = reqid_kons: null

2022-11-25 10:06:39 - [TEST_STEP][PASSED] - response_searchME_spouse = reqid_spouse: null

2022-11-25 10:06:39 - [TEST_STEP][PASSED] - println("kons req id is :" + response_searchME_kons): null

2022-11-25 10:06:39 - [TEST_STEP][PASSED] - println("spouse req id is : " + response_searchME_spouse): null

2022-11-25 10:06:39 - [TEST_STEP][PASSED] - verifyResponseStatusCode(req_data, 200): Verify response status code successfully

2022-11-25 10:06:39 - [MESSAGE][PASSED] - Verify response status code successfully

2022-11-25 10:06:39 - [TEST_STEP][PASSED] - response = req_data.getResponseText(): null

2022-11-25 10:06:39 - [TEST_STEP][PASSED] - logInfo($response): {"status":"Done","data":{"requestid1":"255545","requestid2":"255546"}}

2022-11-25 10:06:39 - [MESSAGE][INFO] - {"status":"Done","data":{"requestid1":"255545","requestid2":"255546"}}

2022-11-25 10:06:39 - [TEST_STEP][PASSED] - delay(5): Delayed 5 second(s)

2022-11-25 10:06:44 - [MESSAGE][PASSED] - Delayed 5 second(s)

2022-11-25 10:06:44 - [TEST_STEP][PASSED] - scoring = sendRequest(findTestObject("EngineScore", ["response_searchME_kons":response_searchME_kons, "response_searchME_spouse":response_searchME_spouse])): Send request successfully

2022-11-25 10:06:45 - [MESSAGE][INFO] - HAR: D:\DMS\Engine Scoring\Reports\20221125_100036\Exclude KKB - DS - Married\Scoring Married - CS New\20221125_100036\requests\main\105.har

2022-11-25 10:06:45 - [MESSAGE][PASSED] - Send request successfully

2022-11-25 10:06:45 - [TEST_STEP][PASSED] - verifyResponseStatusCode(scoring, 200): Verify response status code successfully

2022-11-25 10:06:45 - [MESSAGE][PASSED] - Verify response status code successfully

2022-11-25 10:06:45 - [TEST_STEP][PASSED] - response2 = scoring.getResponseText(): null

2022-11-25 10:06:45 - [TEST_STEP][PASSED] - markPassed("result service data ke : " + no): result service data ke : 53

2022-11-25 10:06:45 - [MESSAGE][PASSED] - result service data ke : 53

2022-11-25 10:06:45 - [TEST_STEP][PASSED] - logInfo($response2): {"result_konsumen":"Approve","result_pasangan":"Reguler","Final_result":"Approve","errorMessage":"","status":"Done"}

2022-11-25 10:06:45 - [MESSAGE][INFO] - {"result_konsumen":"Approve","result_pasangan":"Reguler","Final_result":"Approve","errorMessage":"","status":"Done"}

2022-11-25 10:06:45 - [TEST_STEP][PASSED] - verifyElementPropertyValue(scoring, "Final_result", final_result): Verify element property value successfully

2022-11-25 10:06:45 - [MESSAGE][PASSED] - Verify element property value successfully]]></system-out>
         <system-err><![CDATA[]]></system-err>
      </testcase>
      <testcase name="Test Cases/Engine_Scoring/Engine Scoring" time="6.692" classname="Test Cases/Engine_Scoring/Engine Scoring" status="PASSED">
         <system-out><![CDATA[2022-11-25 10:06:45 - [TEST_CASE][PASSED] - Test Cases/Engine_Scoring/Engine Scoring: Test Cases/Engine_Scoring/Engine Scoring

2022-11-25 10:06:45 - [TEST_STEP][PASSED] - markPassed("Variasi data ke : " + no): Variasi data ke : 54

2022-11-25 10:06:45 - [MESSAGE][PASSED] - Variasi data ke : 54

2022-11-25 10:06:45 - [TEST_STEP][PASSED] - req_data = sendRequest(findTestObject("Search_ME", ["MID":MID, "source":source, "ip":ip, "userid":userid, "branch":branch, "tipekons":tipekons, "marital":marital, "penjamin":penjamin, ... ])): Send request successfully

2022-11-25 10:06:46 - [MESSAGE][INFO] - HAR: D:\DMS\Engine Scoring\Reports\20221125_100036\Exclude KKB - DS - Married\Scoring Married - CS New\20221125_100036\requests\main\106.har

2022-11-25 10:06:46 - [MESSAGE][PASSED] - Send request successfully

2022-11-25 10:06:46 - [TEST_STEP][PASSED] - slurper = new groovy.json.JsonSlurper(): null

2022-11-25 10:06:46 - [TEST_STEP][PASSED] - result = slurper.parseText(req_data.getResponseBodyContent()): null

2022-11-25 10:06:46 - [TEST_STEP][PASSED] - reqid_kons = requestid1: null

2022-11-25 10:06:46 - [TEST_STEP][PASSED] - reqid_spouse = requestid2: null

2022-11-25 10:06:46 - [TEST_STEP][PASSED] - println("requestid kons : " + reqid_kons): null

2022-11-25 10:06:46 - [TEST_STEP][PASSED] - response_searchME_kons = reqid_kons: null

2022-11-25 10:06:46 - [TEST_STEP][PASSED] - response_searchME_spouse = reqid_spouse: null

2022-11-25 10:06:46 - [TEST_STEP][PASSED] - println("kons req id is :" + response_searchME_kons): null

2022-11-25 10:06:46 - [TEST_STEP][PASSED] - println("spouse req id is : " + response_searchME_spouse): null

2022-11-25 10:06:46 - [TEST_STEP][PASSED] - verifyResponseStatusCode(req_data, 200): Verify response status code successfully

2022-11-25 10:06:46 - [MESSAGE][PASSED] - Verify response status code successfully

2022-11-25 10:06:46 - [TEST_STEP][PASSED] - response = req_data.getResponseText(): null

2022-11-25 10:06:46 - [TEST_STEP][PASSED] - logInfo($response): {"status":"Done","data":{"requestid1":"255547","requestid2":"255548"}}

2022-11-25 10:06:46 - [MESSAGE][INFO] - {"status":"Done","data":{"requestid1":"255547","requestid2":"255548"}}

2022-11-25 10:06:46 - [TEST_STEP][PASSED] - delay(5): Delayed 5 second(s)

2022-11-25 10:06:51 - [MESSAGE][PASSED] - Delayed 5 second(s)

2022-11-25 10:06:51 - [TEST_STEP][PASSED] - scoring = sendRequest(findTestObject("EngineScore", ["response_searchME_kons":response_searchME_kons, "response_searchME_spouse":response_searchME_spouse])): Send request successfully

2022-11-25 10:06:51 - [MESSAGE][INFO] - HAR: D:\DMS\Engine Scoring\Reports\20221125_100036\Exclude KKB - DS - Married\Scoring Married - CS New\20221125_100036\requests\main\107.har

2022-11-25 10:06:51 - [MESSAGE][PASSED] - Send request successfully

2022-11-25 10:06:51 - [TEST_STEP][PASSED] - verifyResponseStatusCode(scoring, 200): Verify response status code successfully

2022-11-25 10:06:51 - [MESSAGE][PASSED] - Verify response status code successfully

2022-11-25 10:06:51 - [TEST_STEP][PASSED] - response2 = scoring.getResponseText(): null

2022-11-25 10:06:51 - [TEST_STEP][PASSED] - markPassed("result service data ke : " + no): result service data ke : 54

2022-11-25 10:06:51 - [MESSAGE][PASSED] - result service data ke : 54

2022-11-25 10:06:51 - [TEST_STEP][PASSED] - logInfo($response2): {"result_konsumen":"Approve","result_pasangan":"Reguler","Final_result":"Approve","errorMessage":"","status":"Done"}

2022-11-25 10:06:51 - [MESSAGE][INFO] - {"result_konsumen":"Approve","result_pasangan":"Reguler","Final_result":"Approve","errorMessage":"","status":"Done"}

2022-11-25 10:06:51 - [TEST_STEP][PASSED] - verifyElementPropertyValue(scoring, "Final_result", final_result): Verify element property value successfully

2022-11-25 10:06:51 - [MESSAGE][PASSED] - Verify element property value successfully]]></system-out>
         <system-err><![CDATA[]]></system-err>
      </testcase>
      <testcase name="Test Cases/Engine_Scoring/Engine Scoring" time="6.682" classname="Test Cases/Engine_Scoring/Engine Scoring" status="PASSED">
         <system-out><![CDATA[2022-11-25 10:06:51 - [TEST_CASE][PASSED] - Test Cases/Engine_Scoring/Engine Scoring: Test Cases/Engine_Scoring/Engine Scoring

2022-11-25 10:06:52 - [TEST_STEP][PASSED] - markPassed("Variasi data ke : " + no): Variasi data ke : 55

2022-11-25 10:06:52 - [MESSAGE][PASSED] - Variasi data ke : 55

2022-11-25 10:06:52 - [TEST_STEP][PASSED] - req_data = sendRequest(findTestObject("Search_ME", ["MID":MID, "source":source, "ip":ip, "userid":userid, "branch":branch, "tipekons":tipekons, "marital":marital, "penjamin":penjamin, ... ])): Send request successfully

2022-11-25 10:06:53 - [MESSAGE][INFO] - HAR: D:\DMS\Engine Scoring\Reports\20221125_100036\Exclude KKB - DS - Married\Scoring Married - CS New\20221125_100036\requests\main\108.har

2022-11-25 10:06:53 - [MESSAGE][PASSED] - Send request successfully

2022-11-25 10:06:53 - [TEST_STEP][PASSED] - slurper = new groovy.json.JsonSlurper(): null

2022-11-25 10:06:53 - [TEST_STEP][PASSED] - result = slurper.parseText(req_data.getResponseBodyContent()): null

2022-11-25 10:06:53 - [TEST_STEP][PASSED] - reqid_kons = requestid1: null

2022-11-25 10:06:53 - [TEST_STEP][PASSED] - reqid_spouse = requestid2: null

2022-11-25 10:06:53 - [TEST_STEP][PASSED] - println("requestid kons : " + reqid_kons): null

2022-11-25 10:06:53 - [TEST_STEP][PASSED] - response_searchME_kons = reqid_kons: null

2022-11-25 10:06:53 - [TEST_STEP][PASSED] - response_searchME_spouse = reqid_spouse: null

2022-11-25 10:06:53 - [TEST_STEP][PASSED] - println("kons req id is :" + response_searchME_kons): null

2022-11-25 10:06:53 - [TEST_STEP][PASSED] - println("spouse req id is : " + response_searchME_spouse): null

2022-11-25 10:06:53 - [TEST_STEP][PASSED] - verifyResponseStatusCode(req_data, 200): Verify response status code successfully

2022-11-25 10:06:53 - [MESSAGE][PASSED] - Verify response status code successfully

2022-11-25 10:06:53 - [TEST_STEP][PASSED] - response = req_data.getResponseText(): null

2022-11-25 10:06:53 - [TEST_STEP][PASSED] - logInfo($response): {"status":"Done","data":{"requestid1":"255549","requestid2":"255550"}}

2022-11-25 10:06:53 - [MESSAGE][INFO] - {"status":"Done","data":{"requestid1":"255549","requestid2":"255550"}}

2022-11-25 10:06:53 - [TEST_STEP][PASSED] - delay(5): Delayed 5 second(s)

2022-11-25 10:06:58 - [MESSAGE][PASSED] - Delayed 5 second(s)

2022-11-25 10:06:58 - [TEST_STEP][PASSED] - scoring = sendRequest(findTestObject("EngineScore", ["response_searchME_kons":response_searchME_kons, "response_searchME_spouse":response_searchME_spouse])): Send request successfully

2022-11-25 10:06:58 - [MESSAGE][INFO] - HAR: D:\DMS\Engine Scoring\Reports\20221125_100036\Exclude KKB - DS - Married\Scoring Married - CS New\20221125_100036\requests\main\109.har

2022-11-25 10:06:58 - [MESSAGE][PASSED] - Send request successfully

2022-11-25 10:06:58 - [TEST_STEP][PASSED] - verifyResponseStatusCode(scoring, 200): Verify response status code successfully

2022-11-25 10:06:58 - [MESSAGE][PASSED] - Verify response status code successfully

2022-11-25 10:06:58 - [TEST_STEP][PASSED] - response2 = scoring.getResponseText(): null

2022-11-25 10:06:58 - [TEST_STEP][PASSED] - markPassed("result service data ke : " + no): result service data ke : 55

2022-11-25 10:06:58 - [MESSAGE][PASSED] - result service data ke : 55

2022-11-25 10:06:58 - [TEST_STEP][PASSED] - logInfo($response2): {"result_konsumen":"Reject","result_pasangan":"Reguler","Final_result":"Reject","errorMessage":"","status":"Done"}

2022-11-25 10:06:58 - [MESSAGE][INFO] - {"result_konsumen":"Reject","result_pasangan":"Reguler","Final_result":"Reject","errorMessage":"","status":"Done"}

2022-11-25 10:06:58 - [TEST_STEP][PASSED] - verifyElementPropertyValue(scoring, "Final_result", final_result): Verify element property value successfully

2022-11-25 10:06:58 - [MESSAGE][PASSED] - Verify element property value successfully]]></system-out>
         <system-err><![CDATA[]]></system-err>
      </testcase>
      <testcase name="Test Cases/Engine_Scoring/Engine Scoring" time="6.659" classname="Test Cases/Engine_Scoring/Engine Scoring" status="PASSED">
         <system-out><![CDATA[2022-11-25 10:06:58 - [TEST_CASE][PASSED] - Test Cases/Engine_Scoring/Engine Scoring: Test Cases/Engine_Scoring/Engine Scoring

2022-11-25 10:06:59 - [TEST_STEP][PASSED] - markPassed("Variasi data ke : " + no): Variasi data ke : 56

2022-11-25 10:06:59 - [MESSAGE][PASSED] - Variasi data ke : 56

2022-11-25 10:06:59 - [TEST_STEP][PASSED] - req_data = sendRequest(findTestObject("Search_ME", ["MID":MID, "source":source, "ip":ip, "userid":userid, "branch":branch, "tipekons":tipekons, "marital":marital, "penjamin":penjamin, ... ])): Send request successfully

2022-11-25 10:07:00 - [MESSAGE][INFO] - HAR: D:\DMS\Engine Scoring\Reports\20221125_100036\Exclude KKB - DS - Married\Scoring Married - CS New\20221125_100036\requests\main\110.har

2022-11-25 10:07:00 - [MESSAGE][PASSED] - Send request successfully

2022-11-25 10:07:00 - [TEST_STEP][PASSED] - slurper = new groovy.json.JsonSlurper(): null

2022-11-25 10:07:00 - [TEST_STEP][PASSED] - result = slurper.parseText(req_data.getResponseBodyContent()): null

2022-11-25 10:07:00 - [TEST_STEP][PASSED] - reqid_kons = requestid1: null

2022-11-25 10:07:00 - [TEST_STEP][PASSED] - reqid_spouse = requestid2: null

2022-11-25 10:07:00 - [TEST_STEP][PASSED] - println("requestid kons : " + reqid_kons): null

2022-11-25 10:07:00 - [TEST_STEP][PASSED] - response_searchME_kons = reqid_kons: null

2022-11-25 10:07:00 - [TEST_STEP][PASSED] - response_searchME_spouse = reqid_spouse: null

2022-11-25 10:07:00 - [TEST_STEP][PASSED] - println("kons req id is :" + response_searchME_kons): null

2022-11-25 10:07:00 - [TEST_STEP][PASSED] - println("spouse req id is : " + response_searchME_spouse): null

2022-11-25 10:07:00 - [TEST_STEP][PASSED] - verifyResponseStatusCode(req_data, 200): Verify response status code successfully

2022-11-25 10:07:00 - [MESSAGE][PASSED] - Verify response status code successfully

2022-11-25 10:07:00 - [TEST_STEP][PASSED] - response = req_data.getResponseText(): null

2022-11-25 10:07:00 - [TEST_STEP][PASSED] - logInfo($response): {"status":"Done","data":{"requestid1":"255551","requestid2":"255552"}}

2022-11-25 10:07:00 - [MESSAGE][INFO] - {"status":"Done","data":{"requestid1":"255551","requestid2":"255552"}}

2022-11-25 10:07:00 - [TEST_STEP][PASSED] - delay(5): Delayed 5 second(s)

2022-11-25 10:07:05 - [MESSAGE][PASSED] - Delayed 5 second(s)

2022-11-25 10:07:05 - [TEST_STEP][PASSED] - scoring = sendRequest(findTestObject("EngineScore", ["response_searchME_kons":response_searchME_kons, "response_searchME_spouse":response_searchME_spouse])): Send request successfully

2022-11-25 10:07:05 - [MESSAGE][INFO] - HAR: D:\DMS\Engine Scoring\Reports\20221125_100036\Exclude KKB - DS - Married\Scoring Married - CS New\20221125_100036\requests\main\111.har

2022-11-25 10:07:05 - [MESSAGE][PASSED] - Send request successfully

2022-11-25 10:07:05 - [TEST_STEP][PASSED] - verifyResponseStatusCode(scoring, 200): Verify response status code successfully

2022-11-25 10:07:05 - [MESSAGE][PASSED] - Verify response status code successfully

2022-11-25 10:07:05 - [TEST_STEP][PASSED] - response2 = scoring.getResponseText(): null

2022-11-25 10:07:05 - [TEST_STEP][PASSED] - markPassed("result service data ke : " + no): result service data ke : 56

2022-11-25 10:07:05 - [MESSAGE][PASSED] - result service data ke : 56

2022-11-25 10:07:05 - [TEST_STEP][PASSED] - logInfo($response2): {"result_konsumen":"Reject","result_pasangan":"Reguler","Final_result":"Reject","errorMessage":"","status":"Done"}

2022-11-25 10:07:05 - [MESSAGE][INFO] - {"result_konsumen":"Reject","result_pasangan":"Reguler","Final_result":"Reject","errorMessage":"","status":"Done"}

2022-11-25 10:07:05 - [TEST_STEP][PASSED] - verifyElementPropertyValue(scoring, "Final_result", final_result): Verify element property value successfully

2022-11-25 10:07:05 - [MESSAGE][PASSED] - Verify element property value successfully]]></system-out>
         <system-err><![CDATA[]]></system-err>
      </testcase>
      <testcase name="Test Cases/Engine_Scoring/Engine Scoring" time="6.71" classname="Test Cases/Engine_Scoring/Engine Scoring" status="PASSED">
         <system-out><![CDATA[2022-11-25 10:07:05 - [TEST_CASE][PASSED] - Test Cases/Engine_Scoring/Engine Scoring: Test Cases/Engine_Scoring/Engine Scoring

2022-11-25 10:07:06 - [TEST_STEP][PASSED] - markPassed("Variasi data ke : " + no): Variasi data ke : 57

2022-11-25 10:07:06 - [MESSAGE][PASSED] - Variasi data ke : 57

2022-11-25 10:07:06 - [TEST_STEP][PASSED] - req_data = sendRequest(findTestObject("Search_ME", ["MID":MID, "source":source, "ip":ip, "userid":userid, "branch":branch, "tipekons":tipekons, "marital":marital, "penjamin":penjamin, ... ])): Send request successfully

2022-11-25 10:07:06 - [MESSAGE][INFO] - HAR: D:\DMS\Engine Scoring\Reports\20221125_100036\Exclude KKB - DS - Married\Scoring Married - CS New\20221125_100036\requests\main\112.har

2022-11-25 10:07:06 - [MESSAGE][PASSED] - Send request successfully

2022-11-25 10:07:06 - [TEST_STEP][PASSED] - slurper = new groovy.json.JsonSlurper(): null

2022-11-25 10:07:06 - [TEST_STEP][PASSED] - result = slurper.parseText(req_data.getResponseBodyContent()): null

2022-11-25 10:07:06 - [TEST_STEP][PASSED] - reqid_kons = requestid1: null

2022-11-25 10:07:06 - [TEST_STEP][PASSED] - reqid_spouse = requestid2: null

2022-11-25 10:07:06 - [TEST_STEP][PASSED] - println("requestid kons : " + reqid_kons): null

2022-11-25 10:07:06 - [TEST_STEP][PASSED] - response_searchME_kons = reqid_kons: null

2022-11-25 10:07:06 - [TEST_STEP][PASSED] - response_searchME_spouse = reqid_spouse: null

2022-11-25 10:07:06 - [TEST_STEP][PASSED] - println("kons req id is :" + response_searchME_kons): null

2022-11-25 10:07:06 - [TEST_STEP][PASSED] - println("spouse req id is : " + response_searchME_spouse): null

2022-11-25 10:07:06 - [TEST_STEP][PASSED] - verifyResponseStatusCode(req_data, 200): Verify response status code successfully

2022-11-25 10:07:06 - [MESSAGE][PASSED] - Verify response status code successfully

2022-11-25 10:07:06 - [TEST_STEP][PASSED] - response = req_data.getResponseText(): null

2022-11-25 10:07:06 - [TEST_STEP][PASSED] - logInfo($response): {"status":"Done","data":{"requestid1":"255553","requestid2":"255554"}}

2022-11-25 10:07:06 - [MESSAGE][INFO] - {"status":"Done","data":{"requestid1":"255553","requestid2":"255554"}}

2022-11-25 10:07:06 - [TEST_STEP][PASSED] - delay(5): Delayed 5 second(s)

2022-11-25 10:07:11 - [MESSAGE][PASSED] - Delayed 5 second(s)

2022-11-25 10:07:11 - [TEST_STEP][PASSED] - scoring = sendRequest(findTestObject("EngineScore", ["response_searchME_kons":response_searchME_kons, "response_searchME_spouse":response_searchME_spouse])): Send request successfully

2022-11-25 10:07:11 - [MESSAGE][INFO] - HAR: D:\DMS\Engine Scoring\Reports\20221125_100036\Exclude KKB - DS - Married\Scoring Married - CS New\20221125_100036\requests\main\113.har

2022-11-25 10:07:11 - [MESSAGE][PASSED] - Send request successfully

2022-11-25 10:07:11 - [TEST_STEP][PASSED] - verifyResponseStatusCode(scoring, 200): Verify response status code successfully

2022-11-25 10:07:11 - [MESSAGE][PASSED] - Verify response status code successfully

2022-11-25 10:07:11 - [TEST_STEP][PASSED] - response2 = scoring.getResponseText(): null

2022-11-25 10:07:11 - [TEST_STEP][PASSED] - markPassed("result service data ke : " + no): result service data ke : 57

2022-11-25 10:07:11 - [MESSAGE][PASSED] - result service data ke : 57

2022-11-25 10:07:11 - [TEST_STEP][PASSED] - logInfo($response2): {"result_konsumen":"Reject","result_pasangan":"Reguler","Final_result":"Reject","errorMessage":"","status":"Done"}

2022-11-25 10:07:11 - [MESSAGE][INFO] - {"result_konsumen":"Reject","result_pasangan":"Reguler","Final_result":"Reject","errorMessage":"","status":"Done"}

2022-11-25 10:07:11 - [TEST_STEP][PASSED] - verifyElementPropertyValue(scoring, "Final_result", final_result): Verify element property value successfully

2022-11-25 10:07:12 - [MESSAGE][PASSED] - Verify element property value successfully]]></system-out>
         <system-err><![CDATA[]]></system-err>
      </testcase>
      <testcase name="Test Cases/Engine_Scoring/Engine Scoring" time="6.703" classname="Test Cases/Engine_Scoring/Engine Scoring" status="PASSED">
         <system-out><![CDATA[2022-11-25 10:07:12 - [TEST_CASE][PASSED] - Test Cases/Engine_Scoring/Engine Scoring: Test Cases/Engine_Scoring/Engine Scoring

2022-11-25 10:07:12 - [TEST_STEP][PASSED] - markPassed("Variasi data ke : " + no): Variasi data ke : 58

2022-11-25 10:07:12 - [MESSAGE][PASSED] - Variasi data ke : 58

2022-11-25 10:07:12 - [TEST_STEP][PASSED] - req_data = sendRequest(findTestObject("Search_ME", ["MID":MID, "source":source, "ip":ip, "userid":userid, "branch":branch, "tipekons":tipekons, "marital":marital, "penjamin":penjamin, ... ])): Send request successfully

2022-11-25 10:07:13 - [MESSAGE][INFO] - HAR: D:\DMS\Engine Scoring\Reports\20221125_100036\Exclude KKB - DS - Married\Scoring Married - CS New\20221125_100036\requests\main\114.har

2022-11-25 10:07:13 - [MESSAGE][PASSED] - Send request successfully

2022-11-25 10:07:13 - [TEST_STEP][PASSED] - slurper = new groovy.json.JsonSlurper(): null

2022-11-25 10:07:13 - [TEST_STEP][PASSED] - result = slurper.parseText(req_data.getResponseBodyContent()): null

2022-11-25 10:07:13 - [TEST_STEP][PASSED] - reqid_kons = requestid1: null

2022-11-25 10:07:13 - [TEST_STEP][PASSED] - reqid_spouse = requestid2: null

2022-11-25 10:07:13 - [TEST_STEP][PASSED] - println("requestid kons : " + reqid_kons): null

2022-11-25 10:07:13 - [TEST_STEP][PASSED] - response_searchME_kons = reqid_kons: null

2022-11-25 10:07:13 - [TEST_STEP][PASSED] - response_searchME_spouse = reqid_spouse: null

2022-11-25 10:07:13 - [TEST_STEP][PASSED] - println("kons req id is :" + response_searchME_kons): null

2022-11-25 10:07:13 - [TEST_STEP][PASSED] - println("spouse req id is : " + response_searchME_spouse): null

2022-11-25 10:07:13 - [TEST_STEP][PASSED] - verifyResponseStatusCode(req_data, 200): Verify response status code successfully

2022-11-25 10:07:13 - [MESSAGE][PASSED] - Verify response status code successfully

2022-11-25 10:07:13 - [TEST_STEP][PASSED] - response = req_data.getResponseText(): null

2022-11-25 10:07:13 - [TEST_STEP][PASSED] - logInfo($response): {"status":"Done","data":{"requestid1":"255555","requestid2":"255556"}}

2022-11-25 10:07:13 - [MESSAGE][INFO] - {"status":"Done","data":{"requestid1":"255555","requestid2":"255556"}}

2022-11-25 10:07:13 - [TEST_STEP][PASSED] - delay(5): Delayed 5 second(s)

2022-11-25 10:07:18 - [MESSAGE][PASSED] - Delayed 5 second(s)

2022-11-25 10:07:18 - [TEST_STEP][PASSED] - scoring = sendRequest(findTestObject("EngineScore", ["response_searchME_kons":response_searchME_kons, "response_searchME_spouse":response_searchME_spouse])): Send request successfully

2022-11-25 10:07:18 - [MESSAGE][INFO] - HAR: D:\DMS\Engine Scoring\Reports\20221125_100036\Exclude KKB - DS - Married\Scoring Married - CS New\20221125_100036\requests\main\115.har

2022-11-25 10:07:18 - [MESSAGE][PASSED] - Send request successfully

2022-11-25 10:07:18 - [TEST_STEP][PASSED] - verifyResponseStatusCode(scoring, 200): Verify response status code successfully

2022-11-25 10:07:18 - [MESSAGE][PASSED] - Verify response status code successfully

2022-11-25 10:07:18 - [TEST_STEP][PASSED] - response2 = scoring.getResponseText(): null

2022-11-25 10:07:18 - [TEST_STEP][PASSED] - markPassed("result service data ke : " + no): result service data ke : 58

2022-11-25 10:07:18 - [MESSAGE][PASSED] - result service data ke : 58

2022-11-25 10:07:18 - [TEST_STEP][PASSED] - logInfo($response2): {"result_konsumen":"Reject","result_pasangan":"Reguler","Final_result":"Reject","errorMessage":"","status":"Done"}

2022-11-25 10:07:18 - [MESSAGE][INFO] - {"result_konsumen":"Reject","result_pasangan":"Reguler","Final_result":"Reject","errorMessage":"","status":"Done"}

2022-11-25 10:07:18 - [TEST_STEP][PASSED] - verifyElementPropertyValue(scoring, "Final_result", final_result): Verify element property value successfully

2022-11-25 10:07:18 - [MESSAGE][PASSED] - Verify element property value successfully]]></system-out>
         <system-err><![CDATA[]]></system-err>
      </testcase>
      <testcase name="Test Cases/Engine_Scoring/Engine Scoring" time="6.728" classname="Test Cases/Engine_Scoring/Engine Scoring" status="PASSED">
         <system-out><![CDATA[2022-11-25 10:07:18 - [TEST_CASE][PASSED] - Test Cases/Engine_Scoring/Engine Scoring: Test Cases/Engine_Scoring/Engine Scoring

2022-11-25 10:07:19 - [TEST_STEP][PASSED] - markPassed("Variasi data ke : " + no): Variasi data ke : 59

2022-11-25 10:07:19 - [MESSAGE][PASSED] - Variasi data ke : 59

2022-11-25 10:07:19 - [TEST_STEP][PASSED] - req_data = sendRequest(findTestObject("Search_ME", ["MID":MID, "source":source, "ip":ip, "userid":userid, "branch":branch, "tipekons":tipekons, "marital":marital, "penjamin":penjamin, ... ])): Send request successfully

2022-11-25 10:07:20 - [MESSAGE][INFO] - HAR: D:\DMS\Engine Scoring\Reports\20221125_100036\Exclude KKB - DS - Married\Scoring Married - CS New\20221125_100036\requests\main\116.har

2022-11-25 10:07:20 - [MESSAGE][PASSED] - Send request successfully

2022-11-25 10:07:20 - [TEST_STEP][PASSED] - slurper = new groovy.json.JsonSlurper(): null

2022-11-25 10:07:20 - [TEST_STEP][PASSED] - result = slurper.parseText(req_data.getResponseBodyContent()): null

2022-11-25 10:07:20 - [TEST_STEP][PASSED] - reqid_kons = requestid1: null

2022-11-25 10:07:20 - [TEST_STEP][PASSED] - reqid_spouse = requestid2: null

2022-11-25 10:07:20 - [TEST_STEP][PASSED] - println("requestid kons : " + reqid_kons): null

2022-11-25 10:07:20 - [TEST_STEP][PASSED] - response_searchME_kons = reqid_kons: null

2022-11-25 10:07:20 - [TEST_STEP][PASSED] - response_searchME_spouse = reqid_spouse: null

2022-11-25 10:07:20 - [TEST_STEP][PASSED] - println("kons req id is :" + response_searchME_kons): null

2022-11-25 10:07:20 - [TEST_STEP][PASSED] - println("spouse req id is : " + response_searchME_spouse): null

2022-11-25 10:07:20 - [TEST_STEP][PASSED] - verifyResponseStatusCode(req_data, 200): Verify response status code successfully

2022-11-25 10:07:20 - [MESSAGE][PASSED] - Verify response status code successfully

2022-11-25 10:07:20 - [TEST_STEP][PASSED] - response = req_data.getResponseText(): null

2022-11-25 10:07:20 - [TEST_STEP][PASSED] - logInfo($response): {"status":"Done","data":{"requestid1":"255557","requestid2":"255558"}}

2022-11-25 10:07:20 - [MESSAGE][INFO] - {"status":"Done","data":{"requestid1":"255557","requestid2":"255558"}}

2022-11-25 10:07:20 - [TEST_STEP][PASSED] - delay(5): Delayed 5 second(s)

2022-11-25 10:07:25 - [MESSAGE][PASSED] - Delayed 5 second(s)

2022-11-25 10:07:25 - [TEST_STEP][PASSED] - scoring = sendRequest(findTestObject("EngineScore", ["response_searchME_kons":response_searchME_kons, "response_searchME_spouse":response_searchME_spouse])): Send request successfully

2022-11-25 10:07:25 - [MESSAGE][INFO] - HAR: D:\DMS\Engine Scoring\Reports\20221125_100036\Exclude KKB - DS - Married\Scoring Married - CS New\20221125_100036\requests\main\117.har

2022-11-25 10:07:25 - [MESSAGE][PASSED] - Send request successfully

2022-11-25 10:07:25 - [TEST_STEP][PASSED] - verifyResponseStatusCode(scoring, 200): Verify response status code successfully

2022-11-25 10:07:25 - [MESSAGE][PASSED] - Verify response status code successfully

2022-11-25 10:07:25 - [TEST_STEP][PASSED] - response2 = scoring.getResponseText(): null

2022-11-25 10:07:25 - [TEST_STEP][PASSED] - markPassed("result service data ke : " + no): result service data ke : 59

2022-11-25 10:07:25 - [MESSAGE][PASSED] - result service data ke : 59

2022-11-25 10:07:25 - [TEST_STEP][PASSED] - logInfo($response2): {"result_konsumen":"Reject","result_pasangan":"Reject","Final_result":"Reject","errorMessage":"","status":"Done"}

2022-11-25 10:07:25 - [MESSAGE][INFO] - {"result_konsumen":"Reject","result_pasangan":"Reject","Final_result":"Reject","errorMessage":"","status":"Done"}

2022-11-25 10:07:25 - [TEST_STEP][PASSED] - verifyElementPropertyValue(scoring, "Final_result", final_result): Verify element property value successfully

2022-11-25 10:07:25 - [MESSAGE][PASSED] - Verify element property value successfully]]></system-out>
         <system-err><![CDATA[]]></system-err>
      </testcase>
      <testcase name="Test Cases/Engine_Scoring/Engine Scoring" time="6.724" classname="Test Cases/Engine_Scoring/Engine Scoring" status="PASSED">
         <system-out><![CDATA[2022-11-25 10:07:25 - [TEST_CASE][PASSED] - Test Cases/Engine_Scoring/Engine Scoring: Test Cases/Engine_Scoring/Engine Scoring

2022-11-25 10:07:26 - [TEST_STEP][PASSED] - markPassed("Variasi data ke : " + no): Variasi data ke : 60

2022-11-25 10:07:26 - [MESSAGE][PASSED] - Variasi data ke : 60

2022-11-25 10:07:26 - [TEST_STEP][PASSED] - req_data = sendRequest(findTestObject("Search_ME", ["MID":MID, "source":source, "ip":ip, "userid":userid, "branch":branch, "tipekons":tipekons, "marital":marital, "penjamin":penjamin, ... ])): Send request successfully

2022-11-25 10:07:27 - [MESSAGE][INFO] - HAR: D:\DMS\Engine Scoring\Reports\20221125_100036\Exclude KKB - DS - Married\Scoring Married - CS New\20221125_100036\requests\main\118.har

2022-11-25 10:07:27 - [MESSAGE][PASSED] - Send request successfully

2022-11-25 10:07:27 - [TEST_STEP][PASSED] - slurper = new groovy.json.JsonSlurper(): null

2022-11-25 10:07:27 - [TEST_STEP][PASSED] - result = slurper.parseText(req_data.getResponseBodyContent()): null

2022-11-25 10:07:27 - [TEST_STEP][PASSED] - reqid_kons = requestid1: null

2022-11-25 10:07:27 - [TEST_STEP][PASSED] - reqid_spouse = requestid2: null

2022-11-25 10:07:27 - [TEST_STEP][PASSED] - println("requestid kons : " + reqid_kons): null

2022-11-25 10:07:27 - [TEST_STEP][PASSED] - response_searchME_kons = reqid_kons: null

2022-11-25 10:07:27 - [TEST_STEP][PASSED] - response_searchME_spouse = reqid_spouse: null

2022-11-25 10:07:27 - [TEST_STEP][PASSED] - println("kons req id is :" + response_searchME_kons): null

2022-11-25 10:07:27 - [TEST_STEP][PASSED] - println("spouse req id is : " + response_searchME_spouse): null

2022-11-25 10:07:27 - [TEST_STEP][PASSED] - verifyResponseStatusCode(req_data, 200): Verify response status code successfully

2022-11-25 10:07:27 - [MESSAGE][PASSED] - Verify response status code successfully

2022-11-25 10:07:27 - [TEST_STEP][PASSED] - response = req_data.getResponseText(): null

2022-11-25 10:07:27 - [TEST_STEP][PASSED] - logInfo($response): {"status":"Done","data":{"requestid1":"255559","requestid2":"255560"}}

2022-11-25 10:07:27 - [MESSAGE][INFO] - {"status":"Done","data":{"requestid1":"255559","requestid2":"255560"}}

2022-11-25 10:07:27 - [TEST_STEP][PASSED] - delay(5): Delayed 5 second(s)

2022-11-25 10:07:32 - [MESSAGE][PASSED] - Delayed 5 second(s)

2022-11-25 10:07:32 - [TEST_STEP][PASSED] - scoring = sendRequest(findTestObject("EngineScore", ["response_searchME_kons":response_searchME_kons, "response_searchME_spouse":response_searchME_spouse])): Send request successfully

2022-11-25 10:07:32 - [MESSAGE][INFO] - HAR: D:\DMS\Engine Scoring\Reports\20221125_100036\Exclude KKB - DS - Married\Scoring Married - CS New\20221125_100036\requests\main\119.har

2022-11-25 10:07:32 - [MESSAGE][PASSED] - Send request successfully

2022-11-25 10:07:32 - [TEST_STEP][PASSED] - verifyResponseStatusCode(scoring, 200): Verify response status code successfully

2022-11-25 10:07:32 - [MESSAGE][PASSED] - Verify response status code successfully

2022-11-25 10:07:32 - [TEST_STEP][PASSED] - response2 = scoring.getResponseText(): null

2022-11-25 10:07:32 - [TEST_STEP][PASSED] - markPassed("result service data ke : " + no): result service data ke : 60

2022-11-25 10:07:32 - [MESSAGE][PASSED] - result service data ke : 60

2022-11-25 10:07:32 - [TEST_STEP][PASSED] - logInfo($response2): {"result_konsumen":"Reject","result_pasangan":"Reject","Final_result":"Reject","errorMessage":"","status":"Done"}

2022-11-25 10:07:32 - [MESSAGE][INFO] - {"result_konsumen":"Reject","result_pasangan":"Reject","Final_result":"Reject","errorMessage":"","status":"Done"}

2022-11-25 10:07:32 - [TEST_STEP][PASSED] - verifyElementPropertyValue(scoring, "Final_result", final_result): Verify element property value successfully

2022-11-25 10:07:32 - [MESSAGE][PASSED] - Verify element property value successfully]]></system-out>
         <system-err><![CDATA[]]></system-err>
      </testcase>
      <testcase name="Test Cases/Engine_Scoring/Engine Scoring" time="6.846" classname="Test Cases/Engine_Scoring/Engine Scoring" status="PASSED">
         <system-out><![CDATA[2022-11-25 10:07:32 - [TEST_CASE][PASSED] - Test Cases/Engine_Scoring/Engine Scoring: Test Cases/Engine_Scoring/Engine Scoring

2022-11-25 10:07:33 - [TEST_STEP][PASSED] - markPassed("Variasi data ke : " + no): Variasi data ke : 61

2022-11-25 10:07:33 - [MESSAGE][PASSED] - Variasi data ke : 61

2022-11-25 10:07:33 - [TEST_STEP][PASSED] - req_data = sendRequest(findTestObject("Search_ME", ["MID":MID, "source":source, "ip":ip, "userid":userid, "branch":branch, "tipekons":tipekons, "marital":marital, "penjamin":penjamin, ... ])): Send request successfully

2022-11-25 10:07:34 - [MESSAGE][INFO] - HAR: D:\DMS\Engine Scoring\Reports\20221125_100036\Exclude KKB - DS - Married\Scoring Married - CS New\20221125_100036\requests\main\120.har

2022-11-25 10:07:34 - [MESSAGE][PASSED] - Send request successfully

2022-11-25 10:07:34 - [TEST_STEP][PASSED] - slurper = new groovy.json.JsonSlurper(): null

2022-11-25 10:07:34 - [TEST_STEP][PASSED] - result = slurper.parseText(req_data.getResponseBodyContent()): null

2022-11-25 10:07:34 - [TEST_STEP][PASSED] - reqid_kons = requestid1: null

2022-11-25 10:07:34 - [TEST_STEP][PASSED] - reqid_spouse = requestid2: null

2022-11-25 10:07:34 - [TEST_STEP][PASSED] - println("requestid kons : " + reqid_kons): null

2022-11-25 10:07:34 - [TEST_STEP][PASSED] - response_searchME_kons = reqid_kons: null

2022-11-25 10:07:34 - [TEST_STEP][PASSED] - response_searchME_spouse = reqid_spouse: null

2022-11-25 10:07:34 - [TEST_STEP][PASSED] - println("kons req id is :" + response_searchME_kons): null

2022-11-25 10:07:34 - [TEST_STEP][PASSED] - println("spouse req id is : " + response_searchME_spouse): null

2022-11-25 10:07:34 - [TEST_STEP][PASSED] - verifyResponseStatusCode(req_data, 200): Verify response status code successfully

2022-11-25 10:07:34 - [MESSAGE][PASSED] - Verify response status code successfully

2022-11-25 10:07:34 - [TEST_STEP][PASSED] - response = req_data.getResponseText(): null

2022-11-25 10:07:34 - [TEST_STEP][PASSED] - logInfo($response): {"status":"Done","data":{"requestid1":"255561","requestid2":"255562"}}

2022-11-25 10:07:34 - [MESSAGE][INFO] - {"status":"Done","data":{"requestid1":"255561","requestid2":"255562"}}

2022-11-25 10:07:34 - [TEST_STEP][PASSED] - delay(5): Delayed 5 second(s)

2022-11-25 10:07:39 - [MESSAGE][PASSED] - Delayed 5 second(s)

2022-11-25 10:07:39 - [TEST_STEP][PASSED] - scoring = sendRequest(findTestObject("EngineScore", ["response_searchME_kons":response_searchME_kons, "response_searchME_spouse":response_searchME_spouse])): Send request successfully

2022-11-25 10:07:39 - [MESSAGE][INFO] - HAR: D:\DMS\Engine Scoring\Reports\20221125_100036\Exclude KKB - DS - Married\Scoring Married - CS New\20221125_100036\requests\main\121.har

2022-11-25 10:07:39 - [MESSAGE][PASSED] - Send request successfully

2022-11-25 10:07:39 - [TEST_STEP][PASSED] - verifyResponseStatusCode(scoring, 200): Verify response status code successfully

2022-11-25 10:07:39 - [MESSAGE][PASSED] - Verify response status code successfully

2022-11-25 10:07:39 - [TEST_STEP][PASSED] - response2 = scoring.getResponseText(): null

2022-11-25 10:07:39 - [TEST_STEP][PASSED] - markPassed("result service data ke : " + no): result service data ke : 61

2022-11-25 10:07:39 - [MESSAGE][PASSED] - result service data ke : 61

2022-11-25 10:07:39 - [TEST_STEP][PASSED] - logInfo($response2): {"result_konsumen":"Reject","result_pasangan":"Reject","Final_result":"Reject","errorMessage":"","status":"Done"}

2022-11-25 10:07:39 - [MESSAGE][INFO] - {"result_konsumen":"Reject","result_pasangan":"Reject","Final_result":"Reject","errorMessage":"","status":"Done"}

2022-11-25 10:07:39 - [TEST_STEP][PASSED] - verifyElementPropertyValue(scoring, "Final_result", final_result): Verify element property value successfully

2022-11-25 10:07:39 - [MESSAGE][PASSED] - Verify element property value successfully]]></system-out>
         <system-err><![CDATA[]]></system-err>
      </testcase>
      <testcase name="Test Cases/Engine_Scoring/Engine Scoring" time="6.774" classname="Test Cases/Engine_Scoring/Engine Scoring" status="PASSED">
         <system-out><![CDATA[2022-11-25 10:07:39 - [TEST_CASE][PASSED] - Test Cases/Engine_Scoring/Engine Scoring: Test Cases/Engine_Scoring/Engine Scoring

2022-11-25 10:07:40 - [TEST_STEP][PASSED] - markPassed("Variasi data ke : " + no): Variasi data ke : 62

2022-11-25 10:07:40 - [MESSAGE][PASSED] - Variasi data ke : 62

2022-11-25 10:07:40 - [TEST_STEP][PASSED] - req_data = sendRequest(findTestObject("Search_ME", ["MID":MID, "source":source, "ip":ip, "userid":userid, "branch":branch, "tipekons":tipekons, "marital":marital, "penjamin":penjamin, ... ])): Send request successfully

2022-11-25 10:07:40 - [MESSAGE][INFO] - HAR: D:\DMS\Engine Scoring\Reports\20221125_100036\Exclude KKB - DS - Married\Scoring Married - CS New\20221125_100036\requests\main\122.har

2022-11-25 10:07:40 - [MESSAGE][PASSED] - Send request successfully

2022-11-25 10:07:40 - [TEST_STEP][PASSED] - slurper = new groovy.json.JsonSlurper(): null

2022-11-25 10:07:40 - [TEST_STEP][PASSED] - result = slurper.parseText(req_data.getResponseBodyContent()): null

2022-11-25 10:07:40 - [TEST_STEP][PASSED] - reqid_kons = requestid1: null

2022-11-25 10:07:40 - [TEST_STEP][PASSED] - reqid_spouse = requestid2: null

2022-11-25 10:07:40 - [TEST_STEP][PASSED] - println("requestid kons : " + reqid_kons): null

2022-11-25 10:07:40 - [TEST_STEP][PASSED] - response_searchME_kons = reqid_kons: null

2022-11-25 10:07:40 - [TEST_STEP][PASSED] - response_searchME_spouse = reqid_spouse: null

2022-11-25 10:07:40 - [TEST_STEP][PASSED] - println("kons req id is :" + response_searchME_kons): null

2022-11-25 10:07:40 - [TEST_STEP][PASSED] - println("spouse req id is : " + response_searchME_spouse): null

2022-11-25 10:07:40 - [TEST_STEP][PASSED] - verifyResponseStatusCode(req_data, 200): Verify response status code successfully

2022-11-25 10:07:40 - [MESSAGE][PASSED] - Verify response status code successfully

2022-11-25 10:07:40 - [TEST_STEP][PASSED] - response = req_data.getResponseText(): null

2022-11-25 10:07:40 - [TEST_STEP][PASSED] - logInfo($response): {"status":"Done","data":{"requestid1":"255563","requestid2":"255564"}}

2022-11-25 10:07:40 - [MESSAGE][INFO] - {"status":"Done","data":{"requestid1":"255563","requestid2":"255564"}}

2022-11-25 10:07:40 - [TEST_STEP][PASSED] - delay(5): Delayed 5 second(s)

2022-11-25 10:07:45 - [MESSAGE][PASSED] - Delayed 5 second(s)

2022-11-25 10:07:45 - [TEST_STEP][PASSED] - scoring = sendRequest(findTestObject("EngineScore", ["response_searchME_kons":response_searchME_kons, "response_searchME_spouse":response_searchME_spouse])): Send request successfully

2022-11-25 10:07:46 - [MESSAGE][INFO] - HAR: D:\DMS\Engine Scoring\Reports\20221125_100036\Exclude KKB - DS - Married\Scoring Married - CS New\20221125_100036\requests\main\123.har

2022-11-25 10:07:46 - [MESSAGE][PASSED] - Send request successfully

2022-11-25 10:07:46 - [TEST_STEP][PASSED] - verifyResponseStatusCode(scoring, 200): Verify response status code successfully

2022-11-25 10:07:46 - [MESSAGE][PASSED] - Verify response status code successfully

2022-11-25 10:07:46 - [TEST_STEP][PASSED] - response2 = scoring.getResponseText(): null

2022-11-25 10:07:46 - [TEST_STEP][PASSED] - markPassed("result service data ke : " + no): result service data ke : 62

2022-11-25 10:07:46 - [MESSAGE][PASSED] - result service data ke : 62

2022-11-25 10:07:46 - [TEST_STEP][PASSED] - logInfo($response2): {"result_konsumen":"Reject","result_pasangan":"Reguler","Final_result":"Reject","errorMessage":"","status":"Done"}

2022-11-25 10:07:46 - [MESSAGE][INFO] - {"result_konsumen":"Reject","result_pasangan":"Reguler","Final_result":"Reject","errorMessage":"","status":"Done"}

2022-11-25 10:07:46 - [TEST_STEP][PASSED] - verifyElementPropertyValue(scoring, "Final_result", final_result): Verify element property value successfully

2022-11-25 10:07:46 - [MESSAGE][PASSED] - Verify element property value successfully]]></system-out>
         <system-err><![CDATA[]]></system-err>
      </testcase>
      <testcase name="Test Cases/Engine_Scoring/Engine Scoring" time="6.738" classname="Test Cases/Engine_Scoring/Engine Scoring" status="PASSED">
         <system-out><![CDATA[2022-11-25 10:07:46 - [TEST_CASE][PASSED] - Test Cases/Engine_Scoring/Engine Scoring: Test Cases/Engine_Scoring/Engine Scoring

2022-11-25 10:07:46 - [TEST_STEP][PASSED] - markPassed("Variasi data ke : " + no): Variasi data ke : 63

2022-11-25 10:07:46 - [MESSAGE][PASSED] - Variasi data ke : 63

2022-11-25 10:07:46 - [TEST_STEP][PASSED] - req_data = sendRequest(findTestObject("Search_ME", ["MID":MID, "source":source, "ip":ip, "userid":userid, "branch":branch, "tipekons":tipekons, "marital":marital, "penjamin":penjamin, ... ])): Send request successfully

2022-11-25 10:07:47 - [MESSAGE][INFO] - HAR: D:\DMS\Engine Scoring\Reports\20221125_100036\Exclude KKB - DS - Married\Scoring Married - CS New\20221125_100036\requests\main\124.har

2022-11-25 10:07:47 - [MESSAGE][PASSED] - Send request successfully

2022-11-25 10:07:47 - [TEST_STEP][PASSED] - slurper = new groovy.json.JsonSlurper(): null

2022-11-25 10:07:47 - [TEST_STEP][PASSED] - result = slurper.parseText(req_data.getResponseBodyContent()): null

2022-11-25 10:07:47 - [TEST_STEP][PASSED] - reqid_kons = requestid1: null

2022-11-25 10:07:47 - [TEST_STEP][PASSED] - reqid_spouse = requestid2: null

2022-11-25 10:07:47 - [TEST_STEP][PASSED] - println("requestid kons : " + reqid_kons): null

2022-11-25 10:07:47 - [TEST_STEP][PASSED] - response_searchME_kons = reqid_kons: null

2022-11-25 10:07:47 - [TEST_STEP][PASSED] - response_searchME_spouse = reqid_spouse: null

2022-11-25 10:07:47 - [TEST_STEP][PASSED] - println("kons req id is :" + response_searchME_kons): null

2022-11-25 10:07:47 - [TEST_STEP][PASSED] - println("spouse req id is : " + response_searchME_spouse): null

2022-11-25 10:07:47 - [TEST_STEP][PASSED] - verifyResponseStatusCode(req_data, 200): Verify response status code successfully

2022-11-25 10:07:47 - [MESSAGE][PASSED] - Verify response status code successfully

2022-11-25 10:07:47 - [TEST_STEP][PASSED] - response = req_data.getResponseText(): null

2022-11-25 10:07:47 - [TEST_STEP][PASSED] - logInfo($response): {"status":"Done","data":{"requestid1":"255565","requestid2":"255566"}}

2022-11-25 10:07:47 - [MESSAGE][INFO] - {"status":"Done","data":{"requestid1":"255565","requestid2":"255566"}}

2022-11-25 10:07:47 - [TEST_STEP][PASSED] - delay(5): Delayed 5 second(s)

2022-11-25 10:07:52 - [MESSAGE][PASSED] - Delayed 5 second(s)

2022-11-25 10:07:52 - [TEST_STEP][PASSED] - scoring = sendRequest(findTestObject("EngineScore", ["response_searchME_kons":response_searchME_kons, "response_searchME_spouse":response_searchME_spouse])): Send request successfully

2022-11-25 10:07:52 - [MESSAGE][INFO] - HAR: D:\DMS\Engine Scoring\Reports\20221125_100036\Exclude KKB - DS - Married\Scoring Married - CS New\20221125_100036\requests\main\125.har

2022-11-25 10:07:52 - [MESSAGE][PASSED] - Send request successfully

2022-11-25 10:07:52 - [TEST_STEP][PASSED] - verifyResponseStatusCode(scoring, 200): Verify response status code successfully

2022-11-25 10:07:52 - [MESSAGE][PASSED] - Verify response status code successfully

2022-11-25 10:07:52 - [TEST_STEP][PASSED] - response2 = scoring.getResponseText(): null

2022-11-25 10:07:52 - [TEST_STEP][PASSED] - markPassed("result service data ke : " + no): result service data ke : 63

2022-11-25 10:07:52 - [MESSAGE][PASSED] - result service data ke : 63

2022-11-25 10:07:52 - [TEST_STEP][PASSED] - logInfo($response2): {"result_konsumen":"Reject","result_pasangan":"Reguler","Final_result":"Reject","errorMessage":"","status":"Done"}

2022-11-25 10:07:52 - [MESSAGE][INFO] - {"result_konsumen":"Reject","result_pasangan":"Reguler","Final_result":"Reject","errorMessage":"","status":"Done"}

2022-11-25 10:07:52 - [TEST_STEP][PASSED] - verifyElementPropertyValue(scoring, "Final_result", final_result): Verify element property value successfully

2022-11-25 10:07:52 - [MESSAGE][PASSED] - Verify element property value successfully]]></system-out>
         <system-err><![CDATA[]]></system-err>
      </testcase>
      <testcase name="Test Cases/Engine_Scoring/Engine Scoring" time="6.787" classname="Test Cases/Engine_Scoring/Engine Scoring" status="PASSED">
         <system-out><![CDATA[2022-11-25 10:07:52 - [TEST_CASE][PASSED] - Test Cases/Engine_Scoring/Engine Scoring: Test Cases/Engine_Scoring/Engine Scoring

2022-11-25 10:07:53 - [TEST_STEP][PASSED] - markPassed("Variasi data ke : " + no): Variasi data ke : 64

2022-11-25 10:07:53 - [MESSAGE][PASSED] - Variasi data ke : 64

2022-11-25 10:07:53 - [TEST_STEP][PASSED] - req_data = sendRequest(findTestObject("Search_ME", ["MID":MID, "source":source, "ip":ip, "userid":userid, "branch":branch, "tipekons":tipekons, "marital":marital, "penjamin":penjamin, ... ])): Send request successfully

2022-11-25 10:07:54 - [MESSAGE][INFO] - HAR: D:\DMS\Engine Scoring\Reports\20221125_100036\Exclude KKB - DS - Married\Scoring Married - CS New\20221125_100036\requests\main\126.har

2022-11-25 10:07:54 - [MESSAGE][PASSED] - Send request successfully

2022-11-25 10:07:54 - [TEST_STEP][PASSED] - slurper = new groovy.json.JsonSlurper(): null

2022-11-25 10:07:54 - [TEST_STEP][PASSED] - result = slurper.parseText(req_data.getResponseBodyContent()): null

2022-11-25 10:07:54 - [TEST_STEP][PASSED] - reqid_kons = requestid1: null

2022-11-25 10:07:54 - [TEST_STEP][PASSED] - reqid_spouse = requestid2: null

2022-11-25 10:07:54 - [TEST_STEP][PASSED] - println("requestid kons : " + reqid_kons): null

2022-11-25 10:07:54 - [TEST_STEP][PASSED] - response_searchME_kons = reqid_kons: null

2022-11-25 10:07:54 - [TEST_STEP][PASSED] - response_searchME_spouse = reqid_spouse: null

2022-11-25 10:07:54 - [TEST_STEP][PASSED] - println("kons req id is :" + response_searchME_kons): null

2022-11-25 10:07:54 - [TEST_STEP][PASSED] - println("spouse req id is : " + response_searchME_spouse): null

2022-11-25 10:07:54 - [TEST_STEP][PASSED] - verifyResponseStatusCode(req_data, 200): Verify response status code successfully

2022-11-25 10:07:54 - [MESSAGE][PASSED] - Verify response status code successfully

2022-11-25 10:07:54 - [TEST_STEP][PASSED] - response = req_data.getResponseText(): null

2022-11-25 10:07:54 - [TEST_STEP][PASSED] - logInfo($response): {"status":"Done","data":{"requestid1":"255567","requestid2":"255568"}}

2022-11-25 10:07:54 - [MESSAGE][INFO] - {"status":"Done","data":{"requestid1":"255567","requestid2":"255568"}}

2022-11-25 10:07:54 - [TEST_STEP][PASSED] - delay(5): Delayed 5 second(s)

2022-11-25 10:07:59 - [MESSAGE][PASSED] - Delayed 5 second(s)

2022-11-25 10:07:59 - [TEST_STEP][PASSED] - scoring = sendRequest(findTestObject("EngineScore", ["response_searchME_kons":response_searchME_kons, "response_searchME_spouse":response_searchME_spouse])): Send request successfully

2022-11-25 10:07:59 - [MESSAGE][INFO] - HAR: D:\DMS\Engine Scoring\Reports\20221125_100036\Exclude KKB - DS - Married\Scoring Married - CS New\20221125_100036\requests\main\127.har

2022-11-25 10:07:59 - [MESSAGE][PASSED] - Send request successfully

2022-11-25 10:07:59 - [TEST_STEP][PASSED] - verifyResponseStatusCode(scoring, 200): Verify response status code successfully

2022-11-25 10:07:59 - [MESSAGE][PASSED] - Verify response status code successfully

2022-11-25 10:07:59 - [TEST_STEP][PASSED] - response2 = scoring.getResponseText(): null

2022-11-25 10:07:59 - [TEST_STEP][PASSED] - markPassed("result service data ke : " + no): result service data ke : 64

2022-11-25 10:07:59 - [MESSAGE][PASSED] - result service data ke : 64

2022-11-25 10:07:59 - [TEST_STEP][PASSED] - logInfo($response2): {"result_konsumen":"Reject","result_pasangan":"Reguler","Final_result":"Reject","errorMessage":"","status":"Done"}

2022-11-25 10:07:59 - [MESSAGE][INFO] - {"result_konsumen":"Reject","result_pasangan":"Reguler","Final_result":"Reject","errorMessage":"","status":"Done"}

2022-11-25 10:07:59 - [TEST_STEP][PASSED] - verifyElementPropertyValue(scoring, "Final_result", final_result): Verify element property value successfully

2022-11-25 10:07:59 - [MESSAGE][PASSED] - Verify element property value successfully]]></system-out>
         <system-err><![CDATA[]]></system-err>
      </testcase>
      <testcase name="Test Cases/Engine_Scoring/Engine Scoring" time="6.882" classname="Test Cases/Engine_Scoring/Engine Scoring" status="PASSED">
         <system-out><![CDATA[2022-11-25 10:07:59 - [TEST_CASE][PASSED] - Test Cases/Engine_Scoring/Engine Scoring: Test Cases/Engine_Scoring/Engine Scoring

2022-11-25 10:08:00 - [TEST_STEP][PASSED] - markPassed("Variasi data ke : " + no): Variasi data ke : 65

2022-11-25 10:08:00 - [MESSAGE][PASSED] - Variasi data ke : 65

2022-11-25 10:08:00 - [TEST_STEP][PASSED] - req_data = sendRequest(findTestObject("Search_ME", ["MID":MID, "source":source, "ip":ip, "userid":userid, "branch":branch, "tipekons":tipekons, "marital":marital, "penjamin":penjamin, ... ])): Send request successfully

2022-11-25 10:08:01 - [MESSAGE][INFO] - HAR: D:\DMS\Engine Scoring\Reports\20221125_100036\Exclude KKB - DS - Married\Scoring Married - CS New\20221125_100036\requests\main\128.har

2022-11-25 10:08:01 - [MESSAGE][PASSED] - Send request successfully

2022-11-25 10:08:01 - [TEST_STEP][PASSED] - slurper = new groovy.json.JsonSlurper(): null

2022-11-25 10:08:01 - [TEST_STEP][PASSED] - result = slurper.parseText(req_data.getResponseBodyContent()): null

2022-11-25 10:08:01 - [TEST_STEP][PASSED] - reqid_kons = requestid1: null

2022-11-25 10:08:01 - [TEST_STEP][PASSED] - reqid_spouse = requestid2: null

2022-11-25 10:08:01 - [TEST_STEP][PASSED] - println("requestid kons : " + reqid_kons): null

2022-11-25 10:08:01 - [TEST_STEP][PASSED] - response_searchME_kons = reqid_kons: null

2022-11-25 10:08:01 - [TEST_STEP][PASSED] - response_searchME_spouse = reqid_spouse: null

2022-11-25 10:08:01 - [TEST_STEP][PASSED] - println("kons req id is :" + response_searchME_kons): null

2022-11-25 10:08:01 - [TEST_STEP][PASSED] - println("spouse req id is : " + response_searchME_spouse): null

2022-11-25 10:08:01 - [TEST_STEP][PASSED] - verifyResponseStatusCode(req_data, 200): Verify response status code successfully

2022-11-25 10:08:01 - [MESSAGE][PASSED] - Verify response status code successfully

2022-11-25 10:08:01 - [TEST_STEP][PASSED] - response = req_data.getResponseText(): null

2022-11-25 10:08:01 - [TEST_STEP][PASSED] - logInfo($response): {"status":"Done","data":{"requestid1":"255569","requestid2":"255570"}}

2022-11-25 10:08:01 - [MESSAGE][INFO] - {"status":"Done","data":{"requestid1":"255569","requestid2":"255570"}}

2022-11-25 10:08:01 - [TEST_STEP][PASSED] - delay(5): Delayed 5 second(s)

2022-11-25 10:08:06 - [MESSAGE][PASSED] - Delayed 5 second(s)

2022-11-25 10:08:06 - [TEST_STEP][PASSED] - scoring = sendRequest(findTestObject("EngineScore", ["response_searchME_kons":response_searchME_kons, "response_searchME_spouse":response_searchME_spouse])): Send request successfully

2022-11-25 10:08:06 - [MESSAGE][INFO] - HAR: D:\DMS\Engine Scoring\Reports\20221125_100036\Exclude KKB - DS - Married\Scoring Married - CS New\20221125_100036\requests\main\129.har

2022-11-25 10:08:06 - [MESSAGE][PASSED] - Send request successfully

2022-11-25 10:08:06 - [TEST_STEP][PASSED] - verifyResponseStatusCode(scoring, 200): Verify response status code successfully

2022-11-25 10:08:06 - [MESSAGE][PASSED] - Verify response status code successfully

2022-11-25 10:08:06 - [TEST_STEP][PASSED] - response2 = scoring.getResponseText(): null

2022-11-25 10:08:06 - [TEST_STEP][PASSED] - markPassed("result service data ke : " + no): result service data ke : 65

2022-11-25 10:08:06 - [MESSAGE][PASSED] - result service data ke : 65

2022-11-25 10:08:06 - [TEST_STEP][PASSED] - logInfo($response2): {"result_konsumen":"Reject","result_pasangan":"Reguler","Final_result":"Reject","errorMessage":"","status":"Done"}

2022-11-25 10:08:06 - [MESSAGE][INFO] - {"result_konsumen":"Reject","result_pasangan":"Reguler","Final_result":"Reject","errorMessage":"","status":"Done"}

2022-11-25 10:08:06 - [TEST_STEP][PASSED] - verifyElementPropertyValue(scoring, "Final_result", final_result): Verify element property value successfully

2022-11-25 10:08:06 - [MESSAGE][PASSED] - Verify element property value successfully]]></system-out>
         <system-err><![CDATA[]]></system-err>
      </testcase>
      <testcase name="Test Cases/Engine_Scoring/Engine Scoring" time="6.764" classname="Test Cases/Engine_Scoring/Engine Scoring" status="PASSED">
         <system-out><![CDATA[2022-11-25 10:08:06 - [TEST_CASE][PASSED] - Test Cases/Engine_Scoring/Engine Scoring: Test Cases/Engine_Scoring/Engine Scoring

2022-11-25 10:08:07 - [TEST_STEP][PASSED] - markPassed("Variasi data ke : " + no): Variasi data ke : 66

2022-11-25 10:08:07 - [MESSAGE][PASSED] - Variasi data ke : 66

2022-11-25 10:08:07 - [TEST_STEP][PASSED] - req_data = sendRequest(findTestObject("Search_ME", ["MID":MID, "source":source, "ip":ip, "userid":userid, "branch":branch, "tipekons":tipekons, "marital":marital, "penjamin":penjamin, ... ])): Send request successfully

2022-11-25 10:08:08 - [MESSAGE][INFO] - HAR: D:\DMS\Engine Scoring\Reports\20221125_100036\Exclude KKB - DS - Married\Scoring Married - CS New\20221125_100036\requests\main\130.har

2022-11-25 10:08:08 - [MESSAGE][PASSED] - Send request successfully

2022-11-25 10:08:08 - [TEST_STEP][PASSED] - slurper = new groovy.json.JsonSlurper(): null

2022-11-25 10:08:08 - [TEST_STEP][PASSED] - result = slurper.parseText(req_data.getResponseBodyContent()): null

2022-11-25 10:08:08 - [TEST_STEP][PASSED] - reqid_kons = requestid1: null

2022-11-25 10:08:08 - [TEST_STEP][PASSED] - reqid_spouse = requestid2: null

2022-11-25 10:08:08 - [TEST_STEP][PASSED] - println("requestid kons : " + reqid_kons): null

2022-11-25 10:08:08 - [TEST_STEP][PASSED] - response_searchME_kons = reqid_kons: null

2022-11-25 10:08:08 - [TEST_STEP][PASSED] - response_searchME_spouse = reqid_spouse: null

2022-11-25 10:08:08 - [TEST_STEP][PASSED] - println("kons req id is :" + response_searchME_kons): null

2022-11-25 10:08:08 - [TEST_STEP][PASSED] - println("spouse req id is : " + response_searchME_spouse): null

2022-11-25 10:08:08 - [TEST_STEP][PASSED] - verifyResponseStatusCode(req_data, 200): Verify response status code successfully

2022-11-25 10:08:08 - [MESSAGE][PASSED] - Verify response status code successfully

2022-11-25 10:08:08 - [TEST_STEP][PASSED] - response = req_data.getResponseText(): null

2022-11-25 10:08:08 - [TEST_STEP][PASSED] - logInfo($response): {"status":"Done","data":{"requestid1":"255571","requestid2":"255572"}}

2022-11-25 10:08:08 - [MESSAGE][INFO] - {"status":"Done","data":{"requestid1":"255571","requestid2":"255572"}}

2022-11-25 10:08:08 - [TEST_STEP][PASSED] - delay(5): Delayed 5 second(s)

2022-11-25 10:08:13 - [MESSAGE][PASSED] - Delayed 5 second(s)

2022-11-25 10:08:13 - [TEST_STEP][PASSED] - scoring = sendRequest(findTestObject("EngineScore", ["response_searchME_kons":response_searchME_kons, "response_searchME_spouse":response_searchME_spouse])): Send request successfully

2022-11-25 10:08:13 - [MESSAGE][INFO] - HAR: D:\DMS\Engine Scoring\Reports\20221125_100036\Exclude KKB - DS - Married\Scoring Married - CS New\20221125_100036\requests\main\131.har

2022-11-25 10:08:13 - [MESSAGE][PASSED] - Send request successfully

2022-11-25 10:08:13 - [TEST_STEP][PASSED] - verifyResponseStatusCode(scoring, 200): Verify response status code successfully

2022-11-25 10:08:13 - [MESSAGE][PASSED] - Verify response status code successfully

2022-11-25 10:08:13 - [TEST_STEP][PASSED] - response2 = scoring.getResponseText(): null

2022-11-25 10:08:13 - [TEST_STEP][PASSED] - markPassed("result service data ke : " + no): result service data ke : 66

2022-11-25 10:08:13 - [MESSAGE][PASSED] - result service data ke : 66

2022-11-25 10:08:13 - [TEST_STEP][PASSED] - logInfo($response2): {"result_konsumen":"Reject","result_pasangan":"Reguler","Final_result":"Reject","errorMessage":"","status":"Done"}

2022-11-25 10:08:13 - [MESSAGE][INFO] - {"result_konsumen":"Reject","result_pasangan":"Reguler","Final_result":"Reject","errorMessage":"","status":"Done"}

2022-11-25 10:08:13 - [TEST_STEP][PASSED] - verifyElementPropertyValue(scoring, "Final_result", final_result): Verify element property value successfully

2022-11-25 10:08:13 - [MESSAGE][PASSED] - Verify element property value successfully]]></system-out>
         <system-err><![CDATA[]]></system-err>
      </testcase>
      <testcase name="Test Cases/Engine_Scoring/Engine Scoring" time="6.743" classname="Test Cases/Engine_Scoring/Engine Scoring" status="PASSED">
         <system-out><![CDATA[2022-11-25 10:08:13 - [TEST_CASE][PASSED] - Test Cases/Engine_Scoring/Engine Scoring: Test Cases/Engine_Scoring/Engine Scoring

2022-11-25 10:08:14 - [TEST_STEP][PASSED] - markPassed("Variasi data ke : " + no): Variasi data ke : 67

2022-11-25 10:08:14 - [MESSAGE][PASSED] - Variasi data ke : 67

2022-11-25 10:08:14 - [TEST_STEP][PASSED] - req_data = sendRequest(findTestObject("Search_ME", ["MID":MID, "source":source, "ip":ip, "userid":userid, "branch":branch, "tipekons":tipekons, "marital":marital, "penjamin":penjamin, ... ])): Send request successfully

2022-11-25 10:08:15 - [MESSAGE][INFO] - HAR: D:\DMS\Engine Scoring\Reports\20221125_100036\Exclude KKB - DS - Married\Scoring Married - CS New\20221125_100036\requests\main\132.har

2022-11-25 10:08:15 - [MESSAGE][PASSED] - Send request successfully

2022-11-25 10:08:15 - [TEST_STEP][PASSED] - slurper = new groovy.json.JsonSlurper(): null

2022-11-25 10:08:15 - [TEST_STEP][PASSED] - result = slurper.parseText(req_data.getResponseBodyContent()): null

2022-11-25 10:08:15 - [TEST_STEP][PASSED] - reqid_kons = requestid1: null

2022-11-25 10:08:15 - [TEST_STEP][PASSED] - reqid_spouse = requestid2: null

2022-11-25 10:08:15 - [TEST_STEP][PASSED] - println("requestid kons : " + reqid_kons): null

2022-11-25 10:08:15 - [TEST_STEP][PASSED] - response_searchME_kons = reqid_kons: null

2022-11-25 10:08:15 - [TEST_STEP][PASSED] - response_searchME_spouse = reqid_spouse: null

2022-11-25 10:08:15 - [TEST_STEP][PASSED] - println("kons req id is :" + response_searchME_kons): null

2022-11-25 10:08:15 - [TEST_STEP][PASSED] - println("spouse req id is : " + response_searchME_spouse): null

2022-11-25 10:08:15 - [TEST_STEP][PASSED] - verifyResponseStatusCode(req_data, 200): Verify response status code successfully

2022-11-25 10:08:15 - [MESSAGE][PASSED] - Verify response status code successfully

2022-11-25 10:08:15 - [TEST_STEP][PASSED] - response = req_data.getResponseText(): null

2022-11-25 10:08:15 - [TEST_STEP][PASSED] - logInfo($response): {"status":"Done","data":{"requestid1":"255573","requestid2":"255574"}}

2022-11-25 10:08:15 - [MESSAGE][INFO] - {"status":"Done","data":{"requestid1":"255573","requestid2":"255574"}}

2022-11-25 10:08:15 - [TEST_STEP][PASSED] - delay(5): Delayed 5 second(s)

2022-11-25 10:08:20 - [MESSAGE][PASSED] - Delayed 5 second(s)

2022-11-25 10:08:20 - [TEST_STEP][PASSED] - scoring = sendRequest(findTestObject("EngineScore", ["response_searchME_kons":response_searchME_kons, "response_searchME_spouse":response_searchME_spouse])): Send request successfully

2022-11-25 10:08:20 - [MESSAGE][INFO] - HAR: D:\DMS\Engine Scoring\Reports\20221125_100036\Exclude KKB - DS - Married\Scoring Married - CS New\20221125_100036\requests\main\133.har

2022-11-25 10:08:20 - [MESSAGE][PASSED] - Send request successfully

2022-11-25 10:08:20 - [TEST_STEP][PASSED] - verifyResponseStatusCode(scoring, 200): Verify response status code successfully

2022-11-25 10:08:20 - [MESSAGE][PASSED] - Verify response status code successfully

2022-11-25 10:08:20 - [TEST_STEP][PASSED] - response2 = scoring.getResponseText(): null

2022-11-25 10:08:20 - [TEST_STEP][PASSED] - markPassed("result service data ke : " + no): result service data ke : 67

2022-11-25 10:08:20 - [MESSAGE][PASSED] - result service data ke : 67

2022-11-25 10:08:20 - [TEST_STEP][PASSED] - logInfo($response2): {"result_konsumen":"Reject","result_pasangan":"Reguler","Final_result":"Reject","errorMessage":"","status":"Done"}

2022-11-25 10:08:20 - [MESSAGE][INFO] - {"result_konsumen":"Reject","result_pasangan":"Reguler","Final_result":"Reject","errorMessage":"","status":"Done"}

2022-11-25 10:08:20 - [TEST_STEP][PASSED] - verifyElementPropertyValue(scoring, "Final_result", final_result): Verify element property value successfully

2022-11-25 10:08:20 - [MESSAGE][PASSED] - Verify element property value successfully]]></system-out>
         <system-err><![CDATA[]]></system-err>
      </testcase>
      <testcase name="Test Cases/Engine_Scoring/Engine Scoring" time="6.727" classname="Test Cases/Engine_Scoring/Engine Scoring" status="PASSED">
         <system-out><![CDATA[2022-11-25 10:08:20 - [TEST_CASE][PASSED] - Test Cases/Engine_Scoring/Engine Scoring: Test Cases/Engine_Scoring/Engine Scoring

2022-11-25 10:08:21 - [TEST_STEP][PASSED] - markPassed("Variasi data ke : " + no): Variasi data ke : 68

2022-11-25 10:08:21 - [MESSAGE][PASSED] - Variasi data ke : 68

2022-11-25 10:08:21 - [TEST_STEP][PASSED] - req_data = sendRequest(findTestObject("Search_ME", ["MID":MID, "source":source, "ip":ip, "userid":userid, "branch":branch, "tipekons":tipekons, "marital":marital, "penjamin":penjamin, ... ])): Send request successfully

2022-11-25 10:08:21 - [MESSAGE][INFO] - HAR: D:\DMS\Engine Scoring\Reports\20221125_100036\Exclude KKB - DS - Married\Scoring Married - CS New\20221125_100036\requests\main\134.har

2022-11-25 10:08:21 - [MESSAGE][PASSED] - Send request successfully

2022-11-25 10:08:21 - [TEST_STEP][PASSED] - slurper = new groovy.json.JsonSlurper(): null

2022-11-25 10:08:21 - [TEST_STEP][PASSED] - result = slurper.parseText(req_data.getResponseBodyContent()): null

2022-11-25 10:08:21 - [TEST_STEP][PASSED] - reqid_kons = requestid1: null

2022-11-25 10:08:21 - [TEST_STEP][PASSED] - reqid_spouse = requestid2: null

2022-11-25 10:08:21 - [TEST_STEP][PASSED] - println("requestid kons : " + reqid_kons): null

2022-11-25 10:08:21 - [TEST_STEP][PASSED] - response_searchME_kons = reqid_kons: null

2022-11-25 10:08:21 - [TEST_STEP][PASSED] - response_searchME_spouse = reqid_spouse: null

2022-11-25 10:08:21 - [TEST_STEP][PASSED] - println("kons req id is :" + response_searchME_kons): null

2022-11-25 10:08:21 - [TEST_STEP][PASSED] - println("spouse req id is : " + response_searchME_spouse): null

2022-11-25 10:08:21 - [TEST_STEP][PASSED] - verifyResponseStatusCode(req_data, 200): Verify response status code successfully

2022-11-25 10:08:21 - [MESSAGE][PASSED] - Verify response status code successfully

2022-11-25 10:08:21 - [TEST_STEP][PASSED] - response = req_data.getResponseText(): null

2022-11-25 10:08:21 - [TEST_STEP][PASSED] - logInfo($response): {"status":"Done","data":{"requestid1":"255575","requestid2":"255576"}}

2022-11-25 10:08:21 - [MESSAGE][INFO] - {"status":"Done","data":{"requestid1":"255575","requestid2":"255576"}}

2022-11-25 10:08:21 - [TEST_STEP][PASSED] - delay(5): Delayed 5 second(s)

2022-11-25 10:08:26 - [MESSAGE][PASSED] - Delayed 5 second(s)

2022-11-25 10:08:26 - [TEST_STEP][PASSED] - scoring = sendRequest(findTestObject("EngineScore", ["response_searchME_kons":response_searchME_kons, "response_searchME_spouse":response_searchME_spouse])): Send request successfully

2022-11-25 10:08:27 - [MESSAGE][INFO] - HAR: D:\DMS\Engine Scoring\Reports\20221125_100036\Exclude KKB - DS - Married\Scoring Married - CS New\20221125_100036\requests\main\135.har

2022-11-25 10:08:27 - [MESSAGE][PASSED] - Send request successfully

2022-11-25 10:08:27 - [TEST_STEP][PASSED] - verifyResponseStatusCode(scoring, 200): Verify response status code successfully

2022-11-25 10:08:27 - [MESSAGE][PASSED] - Verify response status code successfully

2022-11-25 10:08:27 - [TEST_STEP][PASSED] - response2 = scoring.getResponseText(): null

2022-11-25 10:08:27 - [TEST_STEP][PASSED] - markPassed("result service data ke : " + no): result service data ke : 68

2022-11-25 10:08:27 - [MESSAGE][PASSED] - result service data ke : 68

2022-11-25 10:08:27 - [TEST_STEP][PASSED] - logInfo($response2): {"result_konsumen":"Reject","result_pasangan":"Reject","Final_result":"Reject","errorMessage":"","status":"Done"}

2022-11-25 10:08:27 - [MESSAGE][INFO] - {"result_konsumen":"Reject","result_pasangan":"Reject","Final_result":"Reject","errorMessage":"","status":"Done"}

2022-11-25 10:08:27 - [TEST_STEP][PASSED] - verifyElementPropertyValue(scoring, "Final_result", final_result): Verify element property value successfully

2022-11-25 10:08:27 - [MESSAGE][PASSED] - Verify element property value successfully]]></system-out>
         <system-err><![CDATA[]]></system-err>
      </testcase>
      <testcase name="Test Cases/Engine_Scoring/Engine Scoring" time="6.979" classname="Test Cases/Engine_Scoring/Engine Scoring" status="PASSED">
         <system-out><![CDATA[2022-11-25 10:08:27 - [TEST_CASE][PASSED] - Test Cases/Engine_Scoring/Engine Scoring: Test Cases/Engine_Scoring/Engine Scoring

2022-11-25 10:08:27 - [TEST_STEP][PASSED] - markPassed("Variasi data ke : " + no): Variasi data ke : 69

2022-11-25 10:08:27 - [MESSAGE][PASSED] - Variasi data ke : 69

2022-11-25 10:08:27 - [TEST_STEP][PASSED] - req_data = sendRequest(findTestObject("Search_ME", ["MID":MID, "source":source, "ip":ip, "userid":userid, "branch":branch, "tipekons":tipekons, "marital":marital, "penjamin":penjamin, ... ])): Send request successfully

2022-11-25 10:08:28 - [MESSAGE][INFO] - HAR: D:\DMS\Engine Scoring\Reports\20221125_100036\Exclude KKB - DS - Married\Scoring Married - CS New\20221125_100036\requests\main\136.har

2022-11-25 10:08:28 - [MESSAGE][PASSED] - Send request successfully

2022-11-25 10:08:28 - [TEST_STEP][PASSED] - slurper = new groovy.json.JsonSlurper(): null

2022-11-25 10:08:28 - [TEST_STEP][PASSED] - result = slurper.parseText(req_data.getResponseBodyContent()): null

2022-11-25 10:08:28 - [TEST_STEP][PASSED] - reqid_kons = requestid1: null

2022-11-25 10:08:28 - [TEST_STEP][PASSED] - reqid_spouse = requestid2: null

2022-11-25 10:08:28 - [TEST_STEP][PASSED] - println("requestid kons : " + reqid_kons): null

2022-11-25 10:08:28 - [TEST_STEP][PASSED] - response_searchME_kons = reqid_kons: null

2022-11-25 10:08:28 - [TEST_STEP][PASSED] - response_searchME_spouse = reqid_spouse: null

2022-11-25 10:08:28 - [TEST_STEP][PASSED] - println("kons req id is :" + response_searchME_kons): null

2022-11-25 10:08:28 - [TEST_STEP][PASSED] - println("spouse req id is : " + response_searchME_spouse): null

2022-11-25 10:08:28 - [TEST_STEP][PASSED] - verifyResponseStatusCode(req_data, 200): Verify response status code successfully

2022-11-25 10:08:28 - [MESSAGE][PASSED] - Verify response status code successfully

2022-11-25 10:08:28 - [TEST_STEP][PASSED] - response = req_data.getResponseText(): null

2022-11-25 10:08:28 - [TEST_STEP][PASSED] - logInfo($response): {"status":"Done","data":{"requestid1":"255577","requestid2":"255578"}}

2022-11-25 10:08:28 - [MESSAGE][INFO] - {"status":"Done","data":{"requestid1":"255577","requestid2":"255578"}}

2022-11-25 10:08:28 - [TEST_STEP][PASSED] - delay(5): Delayed 5 second(s)

2022-11-25 10:08:33 - [MESSAGE][PASSED] - Delayed 5 second(s)

2022-11-25 10:08:33 - [TEST_STEP][PASSED] - scoring = sendRequest(findTestObject("EngineScore", ["response_searchME_kons":response_searchME_kons, "response_searchME_spouse":response_searchME_spouse])): Send request successfully

2022-11-25 10:08:34 - [MESSAGE][INFO] - HAR: D:\DMS\Engine Scoring\Reports\20221125_100036\Exclude KKB - DS - Married\Scoring Married - CS New\20221125_100036\requests\main\137.har

2022-11-25 10:08:34 - [MESSAGE][PASSED] - Send request successfully

2022-11-25 10:08:34 - [TEST_STEP][PASSED] - verifyResponseStatusCode(scoring, 200): Verify response status code successfully

2022-11-25 10:08:34 - [MESSAGE][PASSED] - Verify response status code successfully

2022-11-25 10:08:34 - [TEST_STEP][PASSED] - response2 = scoring.getResponseText(): null

2022-11-25 10:08:34 - [TEST_STEP][PASSED] - markPassed("result service data ke : " + no): result service data ke : 69

2022-11-25 10:08:34 - [MESSAGE][PASSED] - result service data ke : 69

2022-11-25 10:08:34 - [TEST_STEP][PASSED] - logInfo($response2): {"result_konsumen":"Reject","result_pasangan":"Reject","Final_result":"Reject","errorMessage":"","status":"Done"}

2022-11-25 10:08:34 - [MESSAGE][INFO] - {"result_konsumen":"Reject","result_pasangan":"Reject","Final_result":"Reject","errorMessage":"","status":"Done"}

2022-11-25 10:08:34 - [TEST_STEP][PASSED] - verifyElementPropertyValue(scoring, "Final_result", final_result): Verify element property value successfully

2022-11-25 10:08:34 - [MESSAGE][PASSED] - Verify element property value successfully]]></system-out>
         <system-err><![CDATA[]]></system-err>
      </testcase>
      <testcase name="Test Cases/Engine_Scoring/Engine Scoring" time="7.116" classname="Test Cases/Engine_Scoring/Engine Scoring" status="PASSED">
         <system-out><![CDATA[2022-11-25 10:08:34 - [TEST_CASE][PASSED] - Test Cases/Engine_Scoring/Engine Scoring: Test Cases/Engine_Scoring/Engine Scoring

2022-11-25 10:08:35 - [TEST_STEP][PASSED] - markPassed("Variasi data ke : " + no): Variasi data ke : 70

2022-11-25 10:08:35 - [MESSAGE][PASSED] - Variasi data ke : 70

2022-11-25 10:08:35 - [TEST_STEP][PASSED] - req_data = sendRequest(findTestObject("Search_ME", ["MID":MID, "source":source, "ip":ip, "userid":userid, "branch":branch, "tipekons":tipekons, "marital":marital, "penjamin":penjamin, ... ])): Send request successfully

2022-11-25 10:08:36 - [MESSAGE][INFO] - HAR: D:\DMS\Engine Scoring\Reports\20221125_100036\Exclude KKB - DS - Married\Scoring Married - CS New\20221125_100036\requests\main\138.har

2022-11-25 10:08:36 - [MESSAGE][PASSED] - Send request successfully

2022-11-25 10:08:36 - [TEST_STEP][PASSED] - slurper = new groovy.json.JsonSlurper(): null

2022-11-25 10:08:36 - [TEST_STEP][PASSED] - result = slurper.parseText(req_data.getResponseBodyContent()): null

2022-11-25 10:08:36 - [TEST_STEP][PASSED] - reqid_kons = requestid1: null

2022-11-25 10:08:36 - [TEST_STEP][PASSED] - reqid_spouse = requestid2: null

2022-11-25 10:08:36 - [TEST_STEP][PASSED] - println("requestid kons : " + reqid_kons): null

2022-11-25 10:08:36 - [TEST_STEP][PASSED] - response_searchME_kons = reqid_kons: null

2022-11-25 10:08:36 - [TEST_STEP][PASSED] - response_searchME_spouse = reqid_spouse: null

2022-11-25 10:08:36 - [TEST_STEP][PASSED] - println("kons req id is :" + response_searchME_kons): null

2022-11-25 10:08:36 - [TEST_STEP][PASSED] - println("spouse req id is : " + response_searchME_spouse): null

2022-11-25 10:08:36 - [TEST_STEP][PASSED] - verifyResponseStatusCode(req_data, 200): Verify response status code successfully

2022-11-25 10:08:36 - [MESSAGE][PASSED] - Verify response status code successfully

2022-11-25 10:08:36 - [TEST_STEP][PASSED] - response = req_data.getResponseText(): null

2022-11-25 10:08:36 - [TEST_STEP][PASSED] - logInfo($response): {"status":"Done","data":{"requestid1":"255579","requestid2":"255580"}}

2022-11-25 10:08:36 - [MESSAGE][INFO] - {"status":"Done","data":{"requestid1":"255579","requestid2":"255580"}}

2022-11-25 10:08:36 - [TEST_STEP][PASSED] - delay(5): Delayed 5 second(s)

2022-11-25 10:08:41 - [MESSAGE][PASSED] - Delayed 5 second(s)

2022-11-25 10:08:41 - [TEST_STEP][PASSED] - scoring = sendRequest(findTestObject("EngineScore", ["response_searchME_kons":response_searchME_kons, "response_searchME_spouse":response_searchME_spouse])): Send request successfully

2022-11-25 10:08:41 - [MESSAGE][INFO] - HAR: D:\DMS\Engine Scoring\Reports\20221125_100036\Exclude KKB - DS - Married\Scoring Married - CS New\20221125_100036\requests\main\139.har

2022-11-25 10:08:41 - [MESSAGE][PASSED] - Send request successfully

2022-11-25 10:08:41 - [TEST_STEP][PASSED] - verifyResponseStatusCode(scoring, 200): Verify response status code successfully

2022-11-25 10:08:41 - [MESSAGE][PASSED] - Verify response status code successfully

2022-11-25 10:08:41 - [TEST_STEP][PASSED] - response2 = scoring.getResponseText(): null

2022-11-25 10:08:41 - [TEST_STEP][PASSED] - markPassed("result service data ke : " + no): result service data ke : 70

2022-11-25 10:08:41 - [MESSAGE][PASSED] - result service data ke : 70

2022-11-25 10:08:41 - [TEST_STEP][PASSED] - logInfo($response2): {"result_konsumen":"Reject","result_pasangan":"Reject","Final_result":"Reject","errorMessage":"","status":"Done"}

2022-11-25 10:08:41 - [MESSAGE][INFO] - {"result_konsumen":"Reject","result_pasangan":"Reject","Final_result":"Reject","errorMessage":"","status":"Done"}

2022-11-25 10:08:41 - [TEST_STEP][PASSED] - verifyElementPropertyValue(scoring, "Final_result", final_result): Verify element property value successfully

2022-11-25 10:08:41 - [MESSAGE][PASSED] - Verify element property value successfully]]></system-out>
         <system-err><![CDATA[]]></system-err>
      </testcase>
      <testcase name="Test Cases/Engine_Scoring/Engine Scoring" time="6.794" classname="Test Cases/Engine_Scoring/Engine Scoring" status="PASSED">
         <system-out><![CDATA[2022-11-25 10:08:41 - [TEST_CASE][PASSED] - Test Cases/Engine_Scoring/Engine Scoring: Test Cases/Engine_Scoring/Engine Scoring

2022-11-25 10:08:42 - [TEST_STEP][PASSED] - markPassed("Variasi data ke : " + no): Variasi data ke : 71

2022-11-25 10:08:42 - [MESSAGE][PASSED] - Variasi data ke : 71

2022-11-25 10:08:42 - [TEST_STEP][PASSED] - req_data = sendRequest(findTestObject("Search_ME", ["MID":MID, "source":source, "ip":ip, "userid":userid, "branch":branch, "tipekons":tipekons, "marital":marital, "penjamin":penjamin, ... ])): Send request successfully

2022-11-25 10:08:42 - [MESSAGE][INFO] - HAR: D:\DMS\Engine Scoring\Reports\20221125_100036\Exclude KKB - DS - Married\Scoring Married - CS New\20221125_100036\requests\main\140.har

2022-11-25 10:08:42 - [MESSAGE][PASSED] - Send request successfully

2022-11-25 10:08:42 - [TEST_STEP][PASSED] - slurper = new groovy.json.JsonSlurper(): null

2022-11-25 10:08:42 - [TEST_STEP][PASSED] - result = slurper.parseText(req_data.getResponseBodyContent()): null

2022-11-25 10:08:42 - [TEST_STEP][PASSED] - reqid_kons = requestid1: null

2022-11-25 10:08:42 - [TEST_STEP][PASSED] - reqid_spouse = requestid2: null

2022-11-25 10:08:42 - [TEST_STEP][PASSED] - println("requestid kons : " + reqid_kons): null

2022-11-25 10:08:42 - [TEST_STEP][PASSED] - response_searchME_kons = reqid_kons: null

2022-11-25 10:08:42 - [TEST_STEP][PASSED] - response_searchME_spouse = reqid_spouse: null

2022-11-25 10:08:42 - [TEST_STEP][PASSED] - println("kons req id is :" + response_searchME_kons): null

2022-11-25 10:08:42 - [TEST_STEP][PASSED] - println("spouse req id is : " + response_searchME_spouse): null

2022-11-25 10:08:42 - [TEST_STEP][PASSED] - verifyResponseStatusCode(req_data, 200): Verify response status code successfully

2022-11-25 10:08:42 - [MESSAGE][PASSED] - Verify response status code successfully

2022-11-25 10:08:42 - [TEST_STEP][PASSED] - response = req_data.getResponseText(): null

2022-11-25 10:08:42 - [TEST_STEP][PASSED] - logInfo($response): {"status":"Done","data":{"requestid1":"255581","requestid2":"255582"}}

2022-11-25 10:08:42 - [MESSAGE][INFO] - {"status":"Done","data":{"requestid1":"255581","requestid2":"255582"}}

2022-11-25 10:08:42 - [TEST_STEP][PASSED] - delay(5): Delayed 5 second(s)

2022-11-25 10:08:47 - [MESSAGE][PASSED] - Delayed 5 second(s)

2022-11-25 10:08:47 - [TEST_STEP][PASSED] - scoring = sendRequest(findTestObject("EngineScore", ["response_searchME_kons":response_searchME_kons, "response_searchME_spouse":response_searchME_spouse])): Send request successfully

2022-11-25 10:08:48 - [MESSAGE][INFO] - HAR: D:\DMS\Engine Scoring\Reports\20221125_100036\Exclude KKB - DS - Married\Scoring Married - CS New\20221125_100036\requests\main\141.har

2022-11-25 10:08:48 - [MESSAGE][PASSED] - Send request successfully

2022-11-25 10:08:48 - [TEST_STEP][PASSED] - verifyResponseStatusCode(scoring, 200): Verify response status code successfully

2022-11-25 10:08:48 - [MESSAGE][PASSED] - Verify response status code successfully

2022-11-25 10:08:48 - [TEST_STEP][PASSED] - response2 = scoring.getResponseText(): null

2022-11-25 10:08:48 - [TEST_STEP][PASSED] - markPassed("result service data ke : " + no): result service data ke : 71

2022-11-25 10:08:48 - [MESSAGE][PASSED] - result service data ke : 71

2022-11-25 10:08:48 - [TEST_STEP][PASSED] - logInfo($response2): {"result_konsumen":"Reject","result_pasangan":"Reguler","Final_result":"Reject","errorMessage":"","status":"Done"}

2022-11-25 10:08:48 - [MESSAGE][INFO] - {"result_konsumen":"Reject","result_pasangan":"Reguler","Final_result":"Reject","errorMessage":"","status":"Done"}

2022-11-25 10:08:48 - [TEST_STEP][PASSED] - verifyElementPropertyValue(scoring, "Final_result", final_result): Verify element property value successfully

2022-11-25 10:08:48 - [MESSAGE][PASSED] - Verify element property value successfully]]></system-out>
         <system-err><![CDATA[]]></system-err>
      </testcase>
      <testcase name="Test Cases/Engine_Scoring/Engine Scoring" time="6.755" classname="Test Cases/Engine_Scoring/Engine Scoring" status="PASSED">
         <system-out><![CDATA[2022-11-25 10:08:48 - [TEST_CASE][PASSED] - Test Cases/Engine_Scoring/Engine Scoring: Test Cases/Engine_Scoring/Engine Scoring

2022-11-25 10:08:48 - [TEST_STEP][PASSED] - markPassed("Variasi data ke : " + no): Variasi data ke : 72

2022-11-25 10:08:48 - [MESSAGE][PASSED] - Variasi data ke : 72

2022-11-25 10:08:48 - [TEST_STEP][PASSED] - req_data = sendRequest(findTestObject("Search_ME", ["MID":MID, "source":source, "ip":ip, "userid":userid, "branch":branch, "tipekons":tipekons, "marital":marital, "penjamin":penjamin, ... ])): Send request successfully

2022-11-25 10:08:49 - [MESSAGE][INFO] - HAR: D:\DMS\Engine Scoring\Reports\20221125_100036\Exclude KKB - DS - Married\Scoring Married - CS New\20221125_100036\requests\main\142.har

2022-11-25 10:08:49 - [MESSAGE][PASSED] - Send request successfully

2022-11-25 10:08:49 - [TEST_STEP][PASSED] - slurper = new groovy.json.JsonSlurper(): null

2022-11-25 10:08:49 - [TEST_STEP][PASSED] - result = slurper.parseText(req_data.getResponseBodyContent()): null

2022-11-25 10:08:49 - [TEST_STEP][PASSED] - reqid_kons = requestid1: null

2022-11-25 10:08:49 - [TEST_STEP][PASSED] - reqid_spouse = requestid2: null

2022-11-25 10:08:49 - [TEST_STEP][PASSED] - println("requestid kons : " + reqid_kons): null

2022-11-25 10:08:49 - [TEST_STEP][PASSED] - response_searchME_kons = reqid_kons: null

2022-11-25 10:08:49 - [TEST_STEP][PASSED] - response_searchME_spouse = reqid_spouse: null

2022-11-25 10:08:49 - [TEST_STEP][PASSED] - println("kons req id is :" + response_searchME_kons): null

2022-11-25 10:08:49 - [TEST_STEP][PASSED] - println("spouse req id is : " + response_searchME_spouse): null

2022-11-25 10:08:49 - [TEST_STEP][PASSED] - verifyResponseStatusCode(req_data, 200): Verify response status code successfully

2022-11-25 10:08:49 - [MESSAGE][PASSED] - Verify response status code successfully

2022-11-25 10:08:49 - [TEST_STEP][PASSED] - response = req_data.getResponseText(): null

2022-11-25 10:08:49 - [TEST_STEP][PASSED] - logInfo($response): {"status":"Done","data":{"requestid1":"255583","requestid2":"255584"}}

2022-11-25 10:08:49 - [MESSAGE][INFO] - {"status":"Done","data":{"requestid1":"255583","requestid2":"255584"}}

2022-11-25 10:08:49 - [TEST_STEP][PASSED] - delay(5): Delayed 5 second(s)

2022-11-25 10:08:54 - [MESSAGE][PASSED] - Delayed 5 second(s)

2022-11-25 10:08:54 - [TEST_STEP][PASSED] - scoring = sendRequest(findTestObject("EngineScore", ["response_searchME_kons":response_searchME_kons, "response_searchME_spouse":response_searchME_spouse])): Send request successfully

2022-11-25 10:08:54 - [MESSAGE][INFO] - HAR: D:\DMS\Engine Scoring\Reports\20221125_100036\Exclude KKB - DS - Married\Scoring Married - CS New\20221125_100036\requests\main\143.har

2022-11-25 10:08:54 - [MESSAGE][PASSED] - Send request successfully

2022-11-25 10:08:54 - [TEST_STEP][PASSED] - verifyResponseStatusCode(scoring, 200): Verify response status code successfully

2022-11-25 10:08:54 - [MESSAGE][PASSED] - Verify response status code successfully

2022-11-25 10:08:54 - [TEST_STEP][PASSED] - response2 = scoring.getResponseText(): null

2022-11-25 10:08:54 - [TEST_STEP][PASSED] - markPassed("result service data ke : " + no): result service data ke : 72

2022-11-25 10:08:54 - [MESSAGE][PASSED] - result service data ke : 72

2022-11-25 10:08:54 - [TEST_STEP][PASSED] - logInfo($response2): {"result_konsumen":"Reject","result_pasangan":"Reguler","Final_result":"Reject","errorMessage":"","status":"Done"}

2022-11-25 10:08:54 - [MESSAGE][INFO] - {"result_konsumen":"Reject","result_pasangan":"Reguler","Final_result":"Reject","errorMessage":"","status":"Done"}

2022-11-25 10:08:54 - [TEST_STEP][PASSED] - verifyElementPropertyValue(scoring, "Final_result", final_result): Verify element property value successfully

2022-11-25 10:08:54 - [MESSAGE][PASSED] - Verify element property value successfully]]></system-out>
         <system-err><![CDATA[]]></system-err>
      </testcase>
      <testcase name="Test Cases/Engine_Scoring/Engine Scoring" time="9.279" classname="Test Cases/Engine_Scoring/Engine Scoring" status="PASSED">
         <system-out><![CDATA[2022-11-25 10:08:55 - [TEST_CASE][PASSED] - Test Cases/Engine_Scoring/Engine Scoring: Test Cases/Engine_Scoring/Engine Scoring

2022-11-25 10:08:55 - [TEST_STEP][PASSED] - markPassed("Variasi data ke : " + no): Variasi data ke : 73

2022-11-25 10:08:55 - [MESSAGE][PASSED] - Variasi data ke : 73

2022-11-25 10:08:55 - [TEST_STEP][PASSED] - req_data = sendRequest(findTestObject("Search_ME", ["MID":MID, "source":source, "ip":ip, "userid":userid, "branch":branch, "tipekons":tipekons, "marital":marital, "penjamin":penjamin, ... ])): Send request successfully

2022-11-25 10:08:59 - [MESSAGE][INFO] - HAR: D:\DMS\Engine Scoring\Reports\20221125_100036\Exclude KKB - DS - Married\Scoring Married - CS New\20221125_100036\requests\main\144.har

2022-11-25 10:08:59 - [MESSAGE][PASSED] - Send request successfully

2022-11-25 10:08:59 - [TEST_STEP][PASSED] - slurper = new groovy.json.JsonSlurper(): null

2022-11-25 10:08:59 - [TEST_STEP][PASSED] - result = slurper.parseText(req_data.getResponseBodyContent()): null

2022-11-25 10:08:59 - [TEST_STEP][PASSED] - reqid_kons = requestid1: null

2022-11-25 10:08:59 - [TEST_STEP][PASSED] - reqid_spouse = requestid2: null

2022-11-25 10:08:59 - [TEST_STEP][PASSED] - println("requestid kons : " + reqid_kons): null

2022-11-25 10:08:59 - [TEST_STEP][PASSED] - response_searchME_kons = reqid_kons: null

2022-11-25 10:08:59 - [TEST_STEP][PASSED] - response_searchME_spouse = reqid_spouse: null

2022-11-25 10:08:59 - [TEST_STEP][PASSED] - println("kons req id is :" + response_searchME_kons): null

2022-11-25 10:08:59 - [TEST_STEP][PASSED] - println("spouse req id is : " + response_searchME_spouse): null

2022-11-25 10:08:59 - [TEST_STEP][PASSED] - verifyResponseStatusCode(req_data, 200): Verify response status code successfully

2022-11-25 10:08:59 - [MESSAGE][PASSED] - Verify response status code successfully

2022-11-25 10:08:59 - [TEST_STEP][PASSED] - response = req_data.getResponseText(): null

2022-11-25 10:08:59 - [TEST_STEP][PASSED] - logInfo($response): {"status":"Done","data":{"requestid1":"255585","requestid2":"255586"}}

2022-11-25 10:08:59 - [MESSAGE][INFO] - {"status":"Done","data":{"requestid1":"255585","requestid2":"255586"}}

2022-11-25 10:08:59 - [TEST_STEP][PASSED] - delay(5): Delayed 5 second(s)

2022-11-25 10:09:04 - [MESSAGE][PASSED] - Delayed 5 second(s)

2022-11-25 10:09:04 - [TEST_STEP][PASSED] - scoring = sendRequest(findTestObject("EngineScore", ["response_searchME_kons":response_searchME_kons, "response_searchME_spouse":response_searchME_spouse])): Send request successfully

2022-11-25 10:09:04 - [MESSAGE][INFO] - HAR: D:\DMS\Engine Scoring\Reports\20221125_100036\Exclude KKB - DS - Married\Scoring Married - CS New\20221125_100036\requests\main\145.har

2022-11-25 10:09:04 - [MESSAGE][PASSED] - Send request successfully

2022-11-25 10:09:04 - [TEST_STEP][PASSED] - verifyResponseStatusCode(scoring, 200): Verify response status code successfully

2022-11-25 10:09:04 - [MESSAGE][PASSED] - Verify response status code successfully

2022-11-25 10:09:04 - [TEST_STEP][PASSED] - response2 = scoring.getResponseText(): null

2022-11-25 10:09:04 - [TEST_STEP][PASSED] - markPassed("result service data ke : " + no): result service data ke : 73

2022-11-25 10:09:04 - [MESSAGE][PASSED] - result service data ke : 73

2022-11-25 10:09:04 - [TEST_STEP][PASSED] - logInfo($response2): {"result_konsumen":"Approve","result_pasangan":"Reguler","Final_result":"Approve","errorMessage":"","status":"Done"}

2022-11-25 10:09:04 - [MESSAGE][INFO] - {"result_konsumen":"Approve","result_pasangan":"Reguler","Final_result":"Approve","errorMessage":"","status":"Done"}

2022-11-25 10:09:04 - [TEST_STEP][PASSED] - verifyElementPropertyValue(scoring, "Final_result", final_result): Verify element property value successfully

2022-11-25 10:09:04 - [MESSAGE][PASSED] - Verify element property value successfully]]></system-out>
         <system-err><![CDATA[]]></system-err>
      </testcase>
      <testcase name="Test Cases/Engine_Scoring/Engine Scoring" time="6.798" classname="Test Cases/Engine_Scoring/Engine Scoring" status="PASSED">
         <system-out><![CDATA[2022-11-25 10:09:04 - [TEST_CASE][PASSED] - Test Cases/Engine_Scoring/Engine Scoring: Test Cases/Engine_Scoring/Engine Scoring

2022-11-25 10:09:05 - [TEST_STEP][PASSED] - markPassed("Variasi data ke : " + no): Variasi data ke : 74

2022-11-25 10:09:05 - [MESSAGE][PASSED] - Variasi data ke : 74

2022-11-25 10:09:05 - [TEST_STEP][PASSED] - req_data = sendRequest(findTestObject("Search_ME", ["MID":MID, "source":source, "ip":ip, "userid":userid, "branch":branch, "tipekons":tipekons, "marital":marital, "penjamin":penjamin, ... ])): Send request successfully

2022-11-25 10:09:05 - [MESSAGE][INFO] - HAR: D:\DMS\Engine Scoring\Reports\20221125_100036\Exclude KKB - DS - Married\Scoring Married - CS New\20221125_100036\requests\main\146.har

2022-11-25 10:09:06 - [MESSAGE][PASSED] - Send request successfully

2022-11-25 10:09:06 - [TEST_STEP][PASSED] - slurper = new groovy.json.JsonSlurper(): null

2022-11-25 10:09:06 - [TEST_STEP][PASSED] - result = slurper.parseText(req_data.getResponseBodyContent()): null

2022-11-25 10:09:06 - [TEST_STEP][PASSED] - reqid_kons = requestid1: null

2022-11-25 10:09:06 - [TEST_STEP][PASSED] - reqid_spouse = requestid2: null

2022-11-25 10:09:06 - [TEST_STEP][PASSED] - println("requestid kons : " + reqid_kons): null

2022-11-25 10:09:06 - [TEST_STEP][PASSED] - response_searchME_kons = reqid_kons: null

2022-11-25 10:09:06 - [TEST_STEP][PASSED] - response_searchME_spouse = reqid_spouse: null

2022-11-25 10:09:06 - [TEST_STEP][PASSED] - println("kons req id is :" + response_searchME_kons): null

2022-11-25 10:09:06 - [TEST_STEP][PASSED] - println("spouse req id is : " + response_searchME_spouse): null

2022-11-25 10:09:06 - [TEST_STEP][PASSED] - verifyResponseStatusCode(req_data, 200): Verify response status code successfully

2022-11-25 10:09:06 - [MESSAGE][PASSED] - Verify response status code successfully

2022-11-25 10:09:06 - [TEST_STEP][PASSED] - response = req_data.getResponseText(): null

2022-11-25 10:09:06 - [TEST_STEP][PASSED] - logInfo($response): {"status":"Done","data":{"requestid1":"255587","requestid2":"255588"}}

2022-11-25 10:09:06 - [MESSAGE][INFO] - {"status":"Done","data":{"requestid1":"255587","requestid2":"255588"}}

2022-11-25 10:09:06 - [TEST_STEP][PASSED] - delay(5): Delayed 5 second(s)

2022-11-25 10:09:11 - [MESSAGE][PASSED] - Delayed 5 second(s)

2022-11-25 10:09:11 - [TEST_STEP][PASSED] - scoring = sendRequest(findTestObject("EngineScore", ["response_searchME_kons":response_searchME_kons, "response_searchME_spouse":response_searchME_spouse])): Send request successfully

2022-11-25 10:09:11 - [MESSAGE][INFO] - HAR: D:\DMS\Engine Scoring\Reports\20221125_100036\Exclude KKB - DS - Married\Scoring Married - CS New\20221125_100036\requests\main\147.har

2022-11-25 10:09:11 - [MESSAGE][PASSED] - Send request successfully

2022-11-25 10:09:11 - [TEST_STEP][PASSED] - verifyResponseStatusCode(scoring, 200): Verify response status code successfully

2022-11-25 10:09:11 - [MESSAGE][PASSED] - Verify response status code successfully

2022-11-25 10:09:11 - [TEST_STEP][PASSED] - response2 = scoring.getResponseText(): null

2022-11-25 10:09:11 - [TEST_STEP][PASSED] - markPassed("result service data ke : " + no): result service data ke : 74

2022-11-25 10:09:11 - [MESSAGE][PASSED] - result service data ke : 74

2022-11-25 10:09:11 - [TEST_STEP][PASSED] - logInfo($response2): {"result_konsumen":"Approve","result_pasangan":"Reguler","Final_result":"Approve","errorMessage":"","status":"Done"}

2022-11-25 10:09:11 - [MESSAGE][INFO] - {"result_konsumen":"Approve","result_pasangan":"Reguler","Final_result":"Approve","errorMessage":"","status":"Done"}

2022-11-25 10:09:11 - [TEST_STEP][PASSED] - verifyElementPropertyValue(scoring, "Final_result", final_result): Verify element property value successfully

2022-11-25 10:09:11 - [MESSAGE][PASSED] - Verify element property value successfully]]></system-out>
         <system-err><![CDATA[]]></system-err>
      </testcase>
      <testcase name="Test Cases/Engine_Scoring/Engine Scoring" time="6.796" classname="Test Cases/Engine_Scoring/Engine Scoring" status="PASSED">
         <system-out><![CDATA[2022-11-25 10:09:11 - [TEST_CASE][PASSED] - Test Cases/Engine_Scoring/Engine Scoring: Test Cases/Engine_Scoring/Engine Scoring

2022-11-25 10:09:12 - [TEST_STEP][PASSED] - markPassed("Variasi data ke : " + no): Variasi data ke : 75

2022-11-25 10:09:12 - [MESSAGE][PASSED] - Variasi data ke : 75

2022-11-25 10:09:12 - [TEST_STEP][PASSED] - req_data = sendRequest(findTestObject("Search_ME", ["MID":MID, "source":source, "ip":ip, "userid":userid, "branch":branch, "tipekons":tipekons, "marital":marital, "penjamin":penjamin, ... ])): Send request successfully

2022-11-25 10:09:12 - [MESSAGE][INFO] - HAR: D:\DMS\Engine Scoring\Reports\20221125_100036\Exclude KKB - DS - Married\Scoring Married - CS New\20221125_100036\requests\main\148.har

2022-11-25 10:09:12 - [MESSAGE][PASSED] - Send request successfully

2022-11-25 10:09:12 - [TEST_STEP][PASSED] - slurper = new groovy.json.JsonSlurper(): null

2022-11-25 10:09:12 - [TEST_STEP][PASSED] - result = slurper.parseText(req_data.getResponseBodyContent()): null

2022-11-25 10:09:12 - [TEST_STEP][PASSED] - reqid_kons = requestid1: null

2022-11-25 10:09:12 - [TEST_STEP][PASSED] - reqid_spouse = requestid2: null

2022-11-25 10:09:12 - [TEST_STEP][PASSED] - println("requestid kons : " + reqid_kons): null

2022-11-25 10:09:12 - [TEST_STEP][PASSED] - response_searchME_kons = reqid_kons: null

2022-11-25 10:09:12 - [TEST_STEP][PASSED] - response_searchME_spouse = reqid_spouse: null

2022-11-25 10:09:12 - [TEST_STEP][PASSED] - println("kons req id is :" + response_searchME_kons): null

2022-11-25 10:09:12 - [TEST_STEP][PASSED] - println("spouse req id is : " + response_searchME_spouse): null

2022-11-25 10:09:12 - [TEST_STEP][PASSED] - verifyResponseStatusCode(req_data, 200): Verify response status code successfully

2022-11-25 10:09:12 - [MESSAGE][PASSED] - Verify response status code successfully

2022-11-25 10:09:12 - [TEST_STEP][PASSED] - response = req_data.getResponseText(): null

2022-11-25 10:09:12 - [TEST_STEP][PASSED] - logInfo($response): {"status":"Done","data":{"requestid1":"255589","requestid2":"255590"}}

2022-11-25 10:09:12 - [MESSAGE][INFO] - {"status":"Done","data":{"requestid1":"255589","requestid2":"255590"}}

2022-11-25 10:09:12 - [TEST_STEP][PASSED] - delay(5): Delayed 5 second(s)

2022-11-25 10:09:17 - [MESSAGE][PASSED] - Delayed 5 second(s)

2022-11-25 10:09:17 - [TEST_STEP][PASSED] - scoring = sendRequest(findTestObject("EngineScore", ["response_searchME_kons":response_searchME_kons, "response_searchME_spouse":response_searchME_spouse])): Send request successfully

2022-11-25 10:09:17 - [MESSAGE][INFO] - HAR: D:\DMS\Engine Scoring\Reports\20221125_100036\Exclude KKB - DS - Married\Scoring Married - CS New\20221125_100036\requests\main\149.har

2022-11-25 10:09:17 - [MESSAGE][PASSED] - Send request successfully

2022-11-25 10:09:17 - [TEST_STEP][PASSED] - verifyResponseStatusCode(scoring, 200): Verify response status code successfully

2022-11-25 10:09:17 - [MESSAGE][PASSED] - Verify response status code successfully

2022-11-25 10:09:17 - [TEST_STEP][PASSED] - response2 = scoring.getResponseText(): null

2022-11-25 10:09:17 - [TEST_STEP][PASSED] - markPassed("result service data ke : " + no): result service data ke : 75

2022-11-25 10:09:17 - [MESSAGE][PASSED] - result service data ke : 75

2022-11-25 10:09:17 - [TEST_STEP][PASSED] - logInfo($response2): {"result_konsumen":"Approve","result_pasangan":"Reguler","Final_result":"Approve","errorMessage":"","status":"Done"}

2022-11-25 10:09:17 - [MESSAGE][INFO] - {"result_konsumen":"Approve","result_pasangan":"Reguler","Final_result":"Approve","errorMessage":"","status":"Done"}

2022-11-25 10:09:17 - [TEST_STEP][PASSED] - verifyElementPropertyValue(scoring, "Final_result", final_result): Verify element property value successfully

2022-11-25 10:09:17 - [MESSAGE][PASSED] - Verify element property value successfully]]></system-out>
         <system-err><![CDATA[]]></system-err>
      </testcase>
      <testcase name="Test Cases/Engine_Scoring/Engine Scoring" time="6.879" classname="Test Cases/Engine_Scoring/Engine Scoring" status="PASSED">
         <system-out><![CDATA[2022-11-25 10:09:18 - [TEST_CASE][PASSED] - Test Cases/Engine_Scoring/Engine Scoring: Test Cases/Engine_Scoring/Engine Scoring

2022-11-25 10:09:18 - [TEST_STEP][PASSED] - markPassed("Variasi data ke : " + no): Variasi data ke : 76

2022-11-25 10:09:18 - [MESSAGE][PASSED] - Variasi data ke : 76

2022-11-25 10:09:18 - [TEST_STEP][PASSED] - req_data = sendRequest(findTestObject("Search_ME", ["MID":MID, "source":source, "ip":ip, "userid":userid, "branch":branch, "tipekons":tipekons, "marital":marital, "penjamin":penjamin, ... ])): Send request successfully

2022-11-25 10:09:19 - [MESSAGE][INFO] - HAR: D:\DMS\Engine Scoring\Reports\20221125_100036\Exclude KKB - DS - Married\Scoring Married - CS New\20221125_100036\requests\main\150.har

2022-11-25 10:09:19 - [MESSAGE][PASSED] - Send request successfully

2022-11-25 10:09:19 - [TEST_STEP][PASSED] - slurper = new groovy.json.JsonSlurper(): null

2022-11-25 10:09:19 - [TEST_STEP][PASSED] - result = slurper.parseText(req_data.getResponseBodyContent()): null

2022-11-25 10:09:19 - [TEST_STEP][PASSED] - reqid_kons = requestid1: null

2022-11-25 10:09:19 - [TEST_STEP][PASSED] - reqid_spouse = requestid2: null

2022-11-25 10:09:19 - [TEST_STEP][PASSED] - println("requestid kons : " + reqid_kons): null

2022-11-25 10:09:19 - [TEST_STEP][PASSED] - response_searchME_kons = reqid_kons: null

2022-11-25 10:09:19 - [TEST_STEP][PASSED] - response_searchME_spouse = reqid_spouse: null

2022-11-25 10:09:19 - [TEST_STEP][PASSED] - println("kons req id is :" + response_searchME_kons): null

2022-11-25 10:09:19 - [TEST_STEP][PASSED] - println("spouse req id is : " + response_searchME_spouse): null

2022-11-25 10:09:19 - [TEST_STEP][PASSED] - verifyResponseStatusCode(req_data, 200): Verify response status code successfully

2022-11-25 10:09:19 - [MESSAGE][PASSED] - Verify response status code successfully

2022-11-25 10:09:19 - [TEST_STEP][PASSED] - response = req_data.getResponseText(): null

2022-11-25 10:09:19 - [TEST_STEP][PASSED] - logInfo($response): {"status":"Done","data":{"requestid1":"255591","requestid2":"255592"}}

2022-11-25 10:09:19 - [MESSAGE][INFO] - {"status":"Done","data":{"requestid1":"255591","requestid2":"255592"}}

2022-11-25 10:09:19 - [TEST_STEP][PASSED] - delay(5): Delayed 5 second(s)

2022-11-25 10:09:24 - [MESSAGE][PASSED] - Delayed 5 second(s)

2022-11-25 10:09:24 - [TEST_STEP][PASSED] - scoring = sendRequest(findTestObject("EngineScore", ["response_searchME_kons":response_searchME_kons, "response_searchME_spouse":response_searchME_spouse])): Send request successfully

2022-11-25 10:09:24 - [MESSAGE][INFO] - HAR: D:\DMS\Engine Scoring\Reports\20221125_100036\Exclude KKB - DS - Married\Scoring Married - CS New\20221125_100036\requests\main\151.har

2022-11-25 10:09:24 - [MESSAGE][PASSED] - Send request successfully

2022-11-25 10:09:24 - [TEST_STEP][PASSED] - verifyResponseStatusCode(scoring, 200): Verify response status code successfully

2022-11-25 10:09:24 - [MESSAGE][PASSED] - Verify response status code successfully

2022-11-25 10:09:24 - [TEST_STEP][PASSED] - response2 = scoring.getResponseText(): null

2022-11-25 10:09:24 - [TEST_STEP][PASSED] - markPassed("result service data ke : " + no): result service data ke : 76

2022-11-25 10:09:24 - [MESSAGE][PASSED] - result service data ke : 76

2022-11-25 10:09:24 - [TEST_STEP][PASSED] - logInfo($response2): {"result_konsumen":"Approve","result_pasangan":"Reguler","Final_result":"Approve","errorMessage":"","status":"Done"}

2022-11-25 10:09:24 - [MESSAGE][INFO] - {"result_konsumen":"Approve","result_pasangan":"Reguler","Final_result":"Approve","errorMessage":"","status":"Done"}

2022-11-25 10:09:24 - [TEST_STEP][PASSED] - verifyElementPropertyValue(scoring, "Final_result", final_result): Verify element property value successfully

2022-11-25 10:09:24 - [MESSAGE][PASSED] - Verify element property value successfully]]></system-out>
         <system-err><![CDATA[]]></system-err>
      </testcase>
      <testcase name="Test Cases/Engine_Scoring/Engine Scoring" time="7.052" classname="Test Cases/Engine_Scoring/Engine Scoring" status="PASSED">
         <system-out><![CDATA[2022-11-25 10:09:24 - [TEST_CASE][PASSED] - Test Cases/Engine_Scoring/Engine Scoring: Test Cases/Engine_Scoring/Engine Scoring

2022-11-25 10:09:25 - [TEST_STEP][PASSED] - markPassed("Variasi data ke : " + no): Variasi data ke : 77

2022-11-25 10:09:25 - [MESSAGE][PASSED] - Variasi data ke : 77

2022-11-25 10:09:25 - [TEST_STEP][PASSED] - req_data = sendRequest(findTestObject("Search_ME", ["MID":MID, "source":source, "ip":ip, "userid":userid, "branch":branch, "tipekons":tipekons, "marital":marital, "penjamin":penjamin, ... ])): Send request successfully

2022-11-25 10:09:26 - [MESSAGE][INFO] - HAR: D:\DMS\Engine Scoring\Reports\20221125_100036\Exclude KKB - DS - Married\Scoring Married - CS New\20221125_100036\requests\main\152.har

2022-11-25 10:09:26 - [MESSAGE][PASSED] - Send request successfully

2022-11-25 10:09:26 - [TEST_STEP][PASSED] - slurper = new groovy.json.JsonSlurper(): null

2022-11-25 10:09:26 - [TEST_STEP][PASSED] - result = slurper.parseText(req_data.getResponseBodyContent()): null

2022-11-25 10:09:26 - [TEST_STEP][PASSED] - reqid_kons = requestid1: null

2022-11-25 10:09:26 - [TEST_STEP][PASSED] - reqid_spouse = requestid2: null

2022-11-25 10:09:26 - [TEST_STEP][PASSED] - println("requestid kons : " + reqid_kons): null

2022-11-25 10:09:26 - [TEST_STEP][PASSED] - response_searchME_kons = reqid_kons: null

2022-11-25 10:09:26 - [TEST_STEP][PASSED] - response_searchME_spouse = reqid_spouse: null

2022-11-25 10:09:26 - [TEST_STEP][PASSED] - println("kons req id is :" + response_searchME_kons): null

2022-11-25 10:09:26 - [TEST_STEP][PASSED] - println("spouse req id is : " + response_searchME_spouse): null

2022-11-25 10:09:26 - [TEST_STEP][PASSED] - verifyResponseStatusCode(req_data, 200): Verify response status code successfully

2022-11-25 10:09:26 - [MESSAGE][PASSED] - Verify response status code successfully

2022-11-25 10:09:26 - [TEST_STEP][PASSED] - response = req_data.getResponseText(): null

2022-11-25 10:09:26 - [TEST_STEP][PASSED] - logInfo($response): {"status":"Done","data":{"requestid1":"255593","requestid2":"255594"}}

2022-11-25 10:09:26 - [MESSAGE][INFO] - {"status":"Done","data":{"requestid1":"255593","requestid2":"255594"}}

2022-11-25 10:09:26 - [TEST_STEP][PASSED] - delay(5): Delayed 5 second(s)

2022-11-25 10:09:31 - [MESSAGE][PASSED] - Delayed 5 second(s)

2022-11-25 10:09:31 - [TEST_STEP][PASSED] - scoring = sendRequest(findTestObject("EngineScore", ["response_searchME_kons":response_searchME_kons, "response_searchME_spouse":response_searchME_spouse])): Send request successfully

2022-11-25 10:09:32 - [MESSAGE][INFO] - HAR: D:\DMS\Engine Scoring\Reports\20221125_100036\Exclude KKB - DS - Married\Scoring Married - CS New\20221125_100036\requests\main\153.har

2022-11-25 10:09:32 - [MESSAGE][PASSED] - Send request successfully

2022-11-25 10:09:32 - [TEST_STEP][PASSED] - verifyResponseStatusCode(scoring, 200): Verify response status code successfully

2022-11-25 10:09:32 - [MESSAGE][PASSED] - Verify response status code successfully

2022-11-25 10:09:32 - [TEST_STEP][PASSED] - response2 = scoring.getResponseText(): null

2022-11-25 10:09:32 - [TEST_STEP][PASSED] - markPassed("result service data ke : " + no): result service data ke : 77

2022-11-25 10:09:32 - [MESSAGE][PASSED] - result service data ke : 77

2022-11-25 10:09:32 - [TEST_STEP][PASSED] - logInfo($response2): {"result_konsumen":"Approve","result_pasangan":"Reject","Final_result":"Reject","errorMessage":"","status":"Done"}

2022-11-25 10:09:32 - [MESSAGE][INFO] - {"result_konsumen":"Approve","result_pasangan":"Reject","Final_result":"Reject","errorMessage":"","status":"Done"}

2022-11-25 10:09:32 - [TEST_STEP][PASSED] - verifyElementPropertyValue(scoring, "Final_result", final_result): Verify element property value successfully

2022-11-25 10:09:32 - [MESSAGE][PASSED] - Verify element property value successfully]]></system-out>
         <system-err><![CDATA[]]></system-err>
      </testcase>
      <testcase name="Test Cases/Engine_Scoring/Engine Scoring" time="6.832" classname="Test Cases/Engine_Scoring/Engine Scoring" status="PASSED">
         <system-out><![CDATA[2022-11-25 10:09:32 - [TEST_CASE][PASSED] - Test Cases/Engine_Scoring/Engine Scoring: Test Cases/Engine_Scoring/Engine Scoring

2022-11-25 10:09:32 - [TEST_STEP][PASSED] - markPassed("Variasi data ke : " + no): Variasi data ke : 78

2022-11-25 10:09:32 - [MESSAGE][PASSED] - Variasi data ke : 78

2022-11-25 10:09:32 - [TEST_STEP][PASSED] - req_data = sendRequest(findTestObject("Search_ME", ["MID":MID, "source":source, "ip":ip, "userid":userid, "branch":branch, "tipekons":tipekons, "marital":marital, "penjamin":penjamin, ... ])): Send request successfully

2022-11-25 10:09:33 - [MESSAGE][INFO] - HAR: D:\DMS\Engine Scoring\Reports\20221125_100036\Exclude KKB - DS - Married\Scoring Married - CS New\20221125_100036\requests\main\154.har

2022-11-25 10:09:33 - [MESSAGE][PASSED] - Send request successfully

2022-11-25 10:09:33 - [TEST_STEP][PASSED] - slurper = new groovy.json.JsonSlurper(): null

2022-11-25 10:09:33 - [TEST_STEP][PASSED] - result = slurper.parseText(req_data.getResponseBodyContent()): null

2022-11-25 10:09:33 - [TEST_STEP][PASSED] - reqid_kons = requestid1: null

2022-11-25 10:09:33 - [TEST_STEP][PASSED] - reqid_spouse = requestid2: null

2022-11-25 10:09:33 - [TEST_STEP][PASSED] - println("requestid kons : " + reqid_kons): null

2022-11-25 10:09:33 - [TEST_STEP][PASSED] - response_searchME_kons = reqid_kons: null

2022-11-25 10:09:33 - [TEST_STEP][PASSED] - response_searchME_spouse = reqid_spouse: null

2022-11-25 10:09:33 - [TEST_STEP][PASSED] - println("kons req id is :" + response_searchME_kons): null

2022-11-25 10:09:33 - [TEST_STEP][PASSED] - println("spouse req id is : " + response_searchME_spouse): null

2022-11-25 10:09:33 - [TEST_STEP][PASSED] - verifyResponseStatusCode(req_data, 200): Verify response status code successfully

2022-11-25 10:09:33 - [MESSAGE][PASSED] - Verify response status code successfully

2022-11-25 10:09:33 - [TEST_STEP][PASSED] - response = req_data.getResponseText(): null

2022-11-25 10:09:33 - [TEST_STEP][PASSED] - logInfo($response): {"status":"Done","data":{"requestid1":"255595","requestid2":"255596"}}

2022-11-25 10:09:33 - [MESSAGE][INFO] - {"status":"Done","data":{"requestid1":"255595","requestid2":"255596"}}

2022-11-25 10:09:33 - [TEST_STEP][PASSED] - delay(5): Delayed 5 second(s)

2022-11-25 10:09:38 - [MESSAGE][PASSED] - Delayed 5 second(s)

2022-11-25 10:09:38 - [TEST_STEP][PASSED] - scoring = sendRequest(findTestObject("EngineScore", ["response_searchME_kons":response_searchME_kons, "response_searchME_spouse":response_searchME_spouse])): Send request successfully

2022-11-25 10:09:38 - [MESSAGE][INFO] - HAR: D:\DMS\Engine Scoring\Reports\20221125_100036\Exclude KKB - DS - Married\Scoring Married - CS New\20221125_100036\requests\main\155.har

2022-11-25 10:09:38 - [MESSAGE][PASSED] - Send request successfully

2022-11-25 10:09:38 - [TEST_STEP][PASSED] - verifyResponseStatusCode(scoring, 200): Verify response status code successfully

2022-11-25 10:09:38 - [MESSAGE][PASSED] - Verify response status code successfully

2022-11-25 10:09:38 - [TEST_STEP][PASSED] - response2 = scoring.getResponseText(): null

2022-11-25 10:09:38 - [TEST_STEP][PASSED] - markPassed("result service data ke : " + no): result service data ke : 78

2022-11-25 10:09:38 - [MESSAGE][PASSED] - result service data ke : 78

2022-11-25 10:09:38 - [TEST_STEP][PASSED] - logInfo($response2): {"result_konsumen":"Approve","result_pasangan":"Reject","Final_result":"Reject","errorMessage":"","status":"Done"}

2022-11-25 10:09:38 - [MESSAGE][INFO] - {"result_konsumen":"Approve","result_pasangan":"Reject","Final_result":"Reject","errorMessage":"","status":"Done"}

2022-11-25 10:09:38 - [TEST_STEP][PASSED] - verifyElementPropertyValue(scoring, "Final_result", final_result): Verify element property value successfully

2022-11-25 10:09:38 - [MESSAGE][PASSED] - Verify element property value successfully]]></system-out>
         <system-err><![CDATA[]]></system-err>
      </testcase>
      <testcase name="Test Cases/Engine_Scoring/Engine Scoring" time="6.891" classname="Test Cases/Engine_Scoring/Engine Scoring" status="FAILED">
         <failure type="FAILED" message="Test Cases/Engine_Scoring/Engine Scoring FAILED.
Reason:
com.kms.katalon.core.exception.StepFailedException: Expected element property value 'Approve' is not equal with actual property value 'Reject'
	at com.kms.katalon.core.keyword.internal.KeywordMain.stepFailed(KeywordMain.groovy:50)
	at com.kms.katalon.core.webservice.keyword.builtin.VerifyElementPropertyValueKeyword$_verifyElementPropertyValue_closure1.doCall(VerifyElementPropertyValueKeyword.groovy:56)
	at com.kms.katalon.core.webservice.keyword.builtin.VerifyElementPropertyValueKeyword$_verifyElementPropertyValue_closure1.call(VerifyElementPropertyValueKeyword.groovy)
	at com.kms.katalon.core.keyword.internal.KeywordMain.runKeyword(KeywordMain.groovy:74)
	at com.kms.katalon.core.webservice.keyword.builtin.VerifyElementPropertyValueKeyword.verifyElementPropertyValue(VerifyElementPropertyValueKeyword.groovy:48)
	at com.kms.katalon.core.webservice.keyword.builtin.VerifyElementPropertyValueKeyword.execute(VerifyElementPropertyValueKeyword.groovy:43)
	at com.kms.katalon.core.keyword.internal.KeywordExecutor.executeKeywordForPlatform(KeywordExecutor.groovy:74)
	at com.kms.katalon.core.webservice.keyword.WSBuiltInKeywords.verifyElementPropertyValue(WSBuiltInKeywords.groovy:189)
	at com.kms.katalon.core.webservice.keyword.WSBuiltInKeywords$verifyElementPropertyValue$1.call(Unknown Source)
	at Engine Scoring.run(Engine Scoring:107)
	at com.kms.katalon.core.main.ScriptEngine.run(ScriptEngine.java:194)
	at com.kms.katalon.core.main.ScriptEngine.runScriptAsRawText(ScriptEngine.java:119)
	at com.kms.katalon.core.main.TestCaseExecutor.runScript(TestCaseExecutor.java:442)
	at com.kms.katalon.core.main.TestCaseExecutor.doExecute(TestCaseExecutor.java:433)
	at com.kms.katalon.core.main.TestCaseExecutor.processExecutionPhase(TestCaseExecutor.java:412)
	at com.kms.katalon.core.main.TestCaseExecutor.accessMainPhase(TestCaseExecutor.java:404)
	at com.kms.katalon.core.main.TestCaseExecutor.execute(TestCaseExecutor.java:281)
	at com.kms.katalon.core.main.TestSuiteExecutor.accessTestCaseMainPhase(TestSuiteExecutor.java:202)
	at com.kms.katalon.core.main.TestSuiteExecutor.accessTestSuiteMainPhase(TestSuiteExecutor.java:164)
	at com.kms.katalon.core.main.TestSuiteExecutor.execute(TestSuiteExecutor.java:105)
	at com.kms.katalon.core.main.TestCaseMain.startTestSuite(TestCaseMain.java:185)
	at com.kms.katalon.core.main.TestCaseMain$startTestSuite$0.call(Unknown Source)
	at TempTestSuite1669345236102.run(TempTestSuite1669345236102.groovy:36)
"/>
         <system-out><![CDATA[2022-11-25 10:09:39 - [TEST_CASE][FAILED] - Test Cases/Engine_Scoring/Engine Scoring: Test Cases/Engine_Scoring/Engine Scoring FAILED.
Reason:
com.kms.katalon.core.exception.StepFailedException: Expected element property value 'Approve' is not equal with actual property value 'Reject'
	at com.kms.katalon.core.keyword.internal.KeywordMain.stepFailed(KeywordMain.groovy:50)
	at com.kms.katalon.core.webservice.keyword.builtin.VerifyElementPropertyValueKeyword$_verifyElementPropertyValue_closure1.doCall(VerifyElementPropertyValueKeyword.groovy:56)
	at com.kms.katalon.core.webservice.keyword.builtin.VerifyElementPropertyValueKeyword$_verifyElementPropertyValue_closure1.call(VerifyElementPropertyValueKeyword.groovy)
	at com.kms.katalon.core.keyword.internal.KeywordMain.runKeyword(KeywordMain.groovy:74)
	at com.kms.katalon.core.webservice.keyword.builtin.VerifyElementPropertyValueKeyword.verifyElementPropertyValue(VerifyElementPropertyValueKeyword.groovy:48)
	at com.kms.katalon.core.webservice.keyword.builtin.VerifyElementPropertyValueKeyword.execute(VerifyElementPropertyValueKeyword.groovy:43)
	at com.kms.katalon.core.keyword.internal.KeywordExecutor.executeKeywordForPlatform(KeywordExecutor.groovy:74)
	at com.kms.katalon.core.webservice.keyword.WSBuiltInKeywords.verifyElementPropertyValue(WSBuiltInKeywords.groovy:189)
	at com.kms.katalon.core.webservice.keyword.WSBuiltInKeywords$verifyElementPropertyValue$1.call(Unknown Source)
	at Engine Scoring.run(Engine Scoring:107)
	at com.kms.katalon.core.main.ScriptEngine.run(ScriptEngine.java:194)
	at com.kms.katalon.core.main.ScriptEngine.runScriptAsRawText(ScriptEngine.java:119)
	at com.kms.katalon.core.main.TestCaseExecutor.runScript(TestCaseExecutor.java:442)
	at com.kms.katalon.core.main.TestCaseExecutor.doExecute(TestCaseExecutor.java:433)
	at com.kms.katalon.core.main.TestCaseExecutor.processExecutionPhase(TestCaseExecutor.java:412)
	at com.kms.katalon.core.main.TestCaseExecutor.accessMainPhase(TestCaseExecutor.java:404)
	at com.kms.katalon.core.main.TestCaseExecutor.execute(TestCaseExecutor.java:281)
	at com.kms.katalon.core.main.TestSuiteExecutor.accessTestCaseMainPhase(TestSuiteExecutor.java:202)
	at com.kms.katalon.core.main.TestSuiteExecutor.accessTestSuiteMainPhase(TestSuiteExecutor.java:164)
	at com.kms.katalon.core.main.TestSuiteExecutor.execute(TestSuiteExecutor.java:105)
	at com.kms.katalon.core.main.TestCaseMain.startTestSuite(TestCaseMain.java:185)
	at com.kms.katalon.core.main.TestCaseMain$startTestSuite$0.call(Unknown Source)
	at TempTestSuite1669345236102.run(TempTestSuite1669345236102.groovy:36)


2022-11-25 10:09:39 - [TEST_STEP][PASSED] - markPassed("Variasi data ke : " + no): Variasi data ke : 79

2022-11-25 10:09:39 - [MESSAGE][PASSED] - Variasi data ke : 79

2022-11-25 10:09:39 - [TEST_STEP][PASSED] - req_data = sendRequest(findTestObject("Search_ME", ["MID":MID, "source":source, "ip":ip, "userid":userid, "branch":branch, "tipekons":tipekons, "marital":marital, "penjamin":penjamin, ... ])): Send request successfully

2022-11-25 10:09:40 - [MESSAGE][INFO] - HAR: D:\DMS\Engine Scoring\Reports\20221125_100036\Exclude KKB - DS - Married\Scoring Married - CS New\20221125_100036\requests\main\156.har

2022-11-25 10:09:40 - [MESSAGE][PASSED] - Send request successfully

2022-11-25 10:09:40 - [TEST_STEP][PASSED] - slurper = new groovy.json.JsonSlurper(): null

2022-11-25 10:09:40 - [TEST_STEP][PASSED] - result = slurper.parseText(req_data.getResponseBodyContent()): null

2022-11-25 10:09:40 - [TEST_STEP][PASSED] - reqid_kons = requestid1: null

2022-11-25 10:09:40 - [TEST_STEP][PASSED] - reqid_spouse = requestid2: null

2022-11-25 10:09:40 - [TEST_STEP][PASSED] - println("requestid kons : " + reqid_kons): null

2022-11-25 10:09:40 - [TEST_STEP][PASSED] - response_searchME_kons = reqid_kons: null

2022-11-25 10:09:40 - [TEST_STEP][PASSED] - response_searchME_spouse = reqid_spouse: null

2022-11-25 10:09:40 - [TEST_STEP][PASSED] - println("kons req id is :" + response_searchME_kons): null

2022-11-25 10:09:40 - [TEST_STEP][PASSED] - println("spouse req id is : " + response_searchME_spouse): null

2022-11-25 10:09:40 - [TEST_STEP][PASSED] - verifyResponseStatusCode(req_data, 200): Verify response status code successfully

2022-11-25 10:09:40 - [MESSAGE][PASSED] - Verify response status code successfully

2022-11-25 10:09:40 - [TEST_STEP][PASSED] - response = req_data.getResponseText(): null

2022-11-25 10:09:40 - [TEST_STEP][PASSED] - logInfo($response): {"status":"Done","data":{"requestid1":"255597","requestid2":"255598"}}

2022-11-25 10:09:40 - [MESSAGE][INFO] - {"status":"Done","data":{"requestid1":"255597","requestid2":"255598"}}

2022-11-25 10:09:40 - [TEST_STEP][PASSED] - delay(5): Delayed 5 second(s)

2022-11-25 10:09:45 - [MESSAGE][PASSED] - Delayed 5 second(s)

2022-11-25 10:09:45 - [TEST_STEP][PASSED] - scoring = sendRequest(findTestObject("EngineScore", ["response_searchME_kons":response_searchME_kons, "response_searchME_spouse":response_searchME_spouse])): Send request successfully

2022-11-25 10:09:45 - [MESSAGE][INFO] - HAR: D:\DMS\Engine Scoring\Reports\20221125_100036\Exclude KKB - DS - Married\Scoring Married - CS New\20221125_100036\requests\main\157.har

2022-11-25 10:09:45 - [MESSAGE][PASSED] - Send request successfully

2022-11-25 10:09:45 - [TEST_STEP][PASSED] - verifyResponseStatusCode(scoring, 200): Verify response status code successfully

2022-11-25 10:09:45 - [MESSAGE][PASSED] - Verify response status code successfully

2022-11-25 10:09:45 - [TEST_STEP][PASSED] - response2 = scoring.getResponseText(): null

2022-11-25 10:09:45 - [TEST_STEP][PASSED] - markPassed("result service data ke : " + no): result service data ke : 79

2022-11-25 10:09:45 - [MESSAGE][PASSED] - result service data ke : 79

2022-11-25 10:09:45 - [TEST_STEP][PASSED] - logInfo($response2): {"result_konsumen":"Approve","result_pasangan":"Reject","Final_result":"Reject","errorMessage":"","status":"Done"}

2022-11-25 10:09:45 - [MESSAGE][INFO] - {"result_konsumen":"Approve","result_pasangan":"Reject","Final_result":"Reject","errorMessage":"","status":"Done"}

2022-11-25 10:09:45 - [TEST_STEP][FAILED] - verifyElementPropertyValue(scoring, "Final_result", final_result): Unable to verify element property value (Root cause: com.kms.katalon.core.exception.StepFailedException: Expected element property value 'Approve' is not equal with actual property value 'Reject'
	at com.kms.katalon.core.keyword.internal.KeywordMain.stepFailed(KeywordMain.groovy:50)
	at com.kms.katalon.core.webservice.keyword.builtin.VerifyElementPropertyValueKeyword$_verifyElementPropertyValue_closure1.doCall(VerifyElementPropertyValueKeyword.groovy:56)
	at com.kms.katalon.core.webservice.keyword.builtin.VerifyElementPropertyValueKeyword$_verifyElementPropertyValue_closure1.call(VerifyElementPropertyValueKeyword.groovy)
	at com.kms.katalon.core.keyword.internal.KeywordMain.runKeyword(KeywordMain.groovy:74)
	at com.kms.katalon.core.webservice.keyword.builtin.VerifyElementPropertyValueKeyword.verifyElementPropertyValue(VerifyElementPropertyValueKeyword.groovy:48)
	at com.kms.katalon.core.webservice.keyword.builtin.VerifyElementPropertyValueKeyword.execute(VerifyElementPropertyValueKeyword.groovy:43)
	at com.kms.katalon.core.keyword.internal.KeywordExecutor.executeKeywordForPlatform(KeywordExecutor.groovy:74)
	at com.kms.katalon.core.webservice.keyword.WSBuiltInKeywords.verifyElementPropertyValue(WSBuiltInKeywords.groovy:189)
	at com.kms.katalon.core.webservice.keyword.WSBuiltInKeywords$verifyElementPropertyValue$1.call(Unknown Source)
	at Engine Scoring.run(Engine Scoring:107)
	at com.kms.katalon.core.main.ScriptEngine.run(ScriptEngine.java:194)
	at com.kms.katalon.core.main.ScriptEngine.runScriptAsRawText(ScriptEngine.java:119)
	at com.kms.katalon.core.main.TestCaseExecutor.runScript(TestCaseExecutor.java:442)
	at com.kms.katalon.core.main.TestCaseExecutor.doExecute(TestCaseExecutor.java:433)
	at com.kms.katalon.core.main.TestCaseExecutor.processExecutionPhase(TestCaseExecutor.java:412)
	at com.kms.katalon.core.main.TestCaseExecutor.accessMainPhase(TestCaseExecutor.java:404)
	at com.kms.katalon.core.main.TestCaseExecutor.execute(TestCaseExecutor.java:281)
	at com.kms.katalon.core.main.TestSuiteExecutor.accessTestCaseMainPhase(TestSuiteExecutor.java:202)
	at com.kms.katalon.core.main.TestSuiteExecutor.accessTestSuiteMainPhase(TestSuiteExecutor.java:164)
	at com.kms.katalon.core.main.TestSuiteExecutor.execute(TestSuiteExecutor.java:105)
	at com.kms.katalon.core.main.TestCaseMain.startTestSuite(TestCaseMain.java:185)
	at com.kms.katalon.core.main.TestCaseMain$startTestSuite$0.call(Unknown Source)
	at TempTestSuite1669345236102.run(TempTestSuite1669345236102.groovy:36)
)

2022-11-25 10:09:45 - [MESSAGE][FAILED] - Expected element property value 'Approve' is not equal with actual property value 'Reject'

2022-11-25 10:09:45 - [MESSAGE][FAILED] - Unable to verify element property value (Root cause: com.kms.katalon.core.exception.StepFailedException: Expected element property value 'Approve' is not equal with actual property value 'Reject'
	at com.kms.katalon.core.keyword.internal.KeywordMain.stepFailed(KeywordMain.groovy:50)
	at com.kms.katalon.core.webservice.keyword.builtin.VerifyElementPropertyValueKeyword$_verifyElementPropertyValue_closure1.doCall(VerifyElementPropertyValueKeyword.groovy:56)
	at com.kms.katalon.core.webservice.keyword.builtin.VerifyElementPropertyValueKeyword$_verifyElementPropertyValue_closure1.call(VerifyElementPropertyValueKeyword.groovy)
	at com.kms.katalon.core.keyword.internal.KeywordMain.runKeyword(KeywordMain.groovy:74)
	at com.kms.katalon.core.webservice.keyword.builtin.VerifyElementPropertyValueKeyword.verifyElementPropertyValue(VerifyElementPropertyValueKeyword.groovy:48)
	at com.kms.katalon.core.webservice.keyword.builtin.VerifyElementPropertyValueKeyword.execute(VerifyElementPropertyValueKeyword.groovy:43)
	at com.kms.katalon.core.keyword.internal.KeywordExecutor.executeKeywordForPlatform(KeywordExecutor.groovy:74)
	at com.kms.katalon.core.webservice.keyword.WSBuiltInKeywords.verifyElementPropertyValue(WSBuiltInKeywords.groovy:189)
	at com.kms.katalon.core.webservice.keyword.WSBuiltInKeywords$verifyElementPropertyValue$1.call(Unknown Source)
	at Engine Scoring.run(Engine Scoring:107)
	at com.kms.katalon.core.main.ScriptEngine.run(ScriptEngine.java:194)
	at com.kms.katalon.core.main.ScriptEngine.runScriptAsRawText(ScriptEngine.java:119)
	at com.kms.katalon.core.main.TestCaseExecutor.runScript(TestCaseExecutor.java:442)
	at com.kms.katalon.core.main.TestCaseExecutor.doExecute(TestCaseExecutor.java:433)
	at com.kms.katalon.core.main.TestCaseExecutor.processExecutionPhase(TestCaseExecutor.java:412)
	at com.kms.katalon.core.main.TestCaseExecutor.accessMainPhase(TestCaseExecutor.java:404)
	at com.kms.katalon.core.main.TestCaseExecutor.execute(TestCaseExecutor.java:281)
	at com.kms.katalon.core.main.TestSuiteExecutor.accessTestCaseMainPhase(TestSuiteExecutor.java:202)
	at com.kms.katalon.core.main.TestSuiteExecutor.accessTestSuiteMainPhase(TestSuiteExecutor.java:164)
	at com.kms.katalon.core.main.TestSuiteExecutor.execute(TestSuiteExecutor.java:105)
	at com.kms.katalon.core.main.TestCaseMain.startTestSuite(TestCaseMain.java:185)
	at com.kms.katalon.core.main.TestCaseMain$startTestSuite$0.call(Unknown Source)
	at TempTestSuite1669345236102.run(TempTestSuite1669345236102.groovy:36)
)]]></system-out>
         <system-err><![CDATA[2022-11-25 10:09:39 - [TEST_CASE][FAILED] - Test Cases/Engine_Scoring/Engine Scoring: Test Cases/Engine_Scoring/Engine Scoring FAILED.
Reason:
com.kms.katalon.core.exception.StepFailedException: Expected element property value 'Approve' is not equal with actual property value 'Reject'
	at com.kms.katalon.core.keyword.internal.KeywordMain.stepFailed(KeywordMain.groovy:50)
	at com.kms.katalon.core.webservice.keyword.builtin.VerifyElementPropertyValueKeyword$_verifyElementPropertyValue_closure1.doCall(VerifyElementPropertyValueKeyword.groovy:56)
	at com.kms.katalon.core.webservice.keyword.builtin.VerifyElementPropertyValueKeyword$_verifyElementPropertyValue_closure1.call(VerifyElementPropertyValueKeyword.groovy)
	at com.kms.katalon.core.keyword.internal.KeywordMain.runKeyword(KeywordMain.groovy:74)
	at com.kms.katalon.core.webservice.keyword.builtin.VerifyElementPropertyValueKeyword.verifyElementPropertyValue(VerifyElementPropertyValueKeyword.groovy:48)
	at com.kms.katalon.core.webservice.keyword.builtin.VerifyElementPropertyValueKeyword.execute(VerifyElementPropertyValueKeyword.groovy:43)
	at com.kms.katalon.core.keyword.internal.KeywordExecutor.executeKeywordForPlatform(KeywordExecutor.groovy:74)
	at com.kms.katalon.core.webservice.keyword.WSBuiltInKeywords.verifyElementPropertyValue(WSBuiltInKeywords.groovy:189)
	at com.kms.katalon.core.webservice.keyword.WSBuiltInKeywords$verifyElementPropertyValue$1.call(Unknown Source)
	at Engine Scoring.run(Engine Scoring:107)
	at com.kms.katalon.core.main.ScriptEngine.run(ScriptEngine.java:194)
	at com.kms.katalon.core.main.ScriptEngine.runScriptAsRawText(ScriptEngine.java:119)
	at com.kms.katalon.core.main.TestCaseExecutor.runScript(TestCaseExecutor.java:442)
	at com.kms.katalon.core.main.TestCaseExecutor.doExecute(TestCaseExecutor.java:433)
	at com.kms.katalon.core.main.TestCaseExecutor.processExecutionPhase(TestCaseExecutor.java:412)
	at com.kms.katalon.core.main.TestCaseExecutor.accessMainPhase(TestCaseExecutor.java:404)
	at com.kms.katalon.core.main.TestCaseExecutor.execute(TestCaseExecutor.java:281)
	at com.kms.katalon.core.main.TestSuiteExecutor.accessTestCaseMainPhase(TestSuiteExecutor.java:202)
	at com.kms.katalon.core.main.TestSuiteExecutor.accessTestSuiteMainPhase(TestSuiteExecutor.java:164)
	at com.kms.katalon.core.main.TestSuiteExecutor.execute(TestSuiteExecutor.java:105)
	at com.kms.katalon.core.main.TestCaseMain.startTestSuite(TestCaseMain.java:185)
	at com.kms.katalon.core.main.TestCaseMain$startTestSuite$0.call(Unknown Source)
	at TempTestSuite1669345236102.run(TempTestSuite1669345236102.groovy:36)]]></system-err>
      </testcase>
      <testcase name="Test Cases/Engine_Scoring/Engine Scoring" time="6.921" classname="Test Cases/Engine_Scoring/Engine Scoring" status="PASSED">
         <system-out><![CDATA[2022-11-25 10:09:45 - [TEST_CASE][PASSED] - Test Cases/Engine_Scoring/Engine Scoring: Test Cases/Engine_Scoring/Engine Scoring

2022-11-25 10:09:46 - [TEST_STEP][PASSED] - markPassed("Variasi data ke : " + no): Variasi data ke : 80

2022-11-25 10:09:46 - [MESSAGE][PASSED] - Variasi data ke : 80

2022-11-25 10:09:46 - [TEST_STEP][PASSED] - req_data = sendRequest(findTestObject("Search_ME", ["MID":MID, "source":source, "ip":ip, "userid":userid, "branch":branch, "tipekons":tipekons, "marital":marital, "penjamin":penjamin, ... ])): Send request successfully

2022-11-25 10:09:47 - [MESSAGE][INFO] - HAR: D:\DMS\Engine Scoring\Reports\20221125_100036\Exclude KKB - DS - Married\Scoring Married - CS New\20221125_100036\requests\main\158.har

2022-11-25 10:09:47 - [MESSAGE][PASSED] - Send request successfully

2022-11-25 10:09:47 - [TEST_STEP][PASSED] - slurper = new groovy.json.JsonSlurper(): null

2022-11-25 10:09:47 - [TEST_STEP][PASSED] - result = slurper.parseText(req_data.getResponseBodyContent()): null

2022-11-25 10:09:47 - [TEST_STEP][PASSED] - reqid_kons = requestid1: null

2022-11-25 10:09:47 - [TEST_STEP][PASSED] - reqid_spouse = requestid2: null

2022-11-25 10:09:47 - [TEST_STEP][PASSED] - println("requestid kons : " + reqid_kons): null

2022-11-25 10:09:47 - [TEST_STEP][PASSED] - response_searchME_kons = reqid_kons: null

2022-11-25 10:09:47 - [TEST_STEP][PASSED] - response_searchME_spouse = reqid_spouse: null

2022-11-25 10:09:47 - [TEST_STEP][PASSED] - println("kons req id is :" + response_searchME_kons): null

2022-11-25 10:09:47 - [TEST_STEP][PASSED] - println("spouse req id is : " + response_searchME_spouse): null

2022-11-25 10:09:47 - [TEST_STEP][PASSED] - verifyResponseStatusCode(req_data, 200): Verify response status code successfully

2022-11-25 10:09:47 - [MESSAGE][PASSED] - Verify response status code successfully

2022-11-25 10:09:47 - [TEST_STEP][PASSED] - response = req_data.getResponseText(): null

2022-11-25 10:09:47 - [TEST_STEP][PASSED] - logInfo($response): {"status":"Done","data":{"requestid1":"255599","requestid2":"255600"}}

2022-11-25 10:09:47 - [MESSAGE][INFO] - {"status":"Done","data":{"requestid1":"255599","requestid2":"255600"}}

2022-11-25 10:09:47 - [TEST_STEP][PASSED] - delay(5): Delayed 5 second(s)

2022-11-25 10:09:52 - [MESSAGE][PASSED] - Delayed 5 second(s)

2022-11-25 10:09:52 - [TEST_STEP][PASSED] - scoring = sendRequest(findTestObject("EngineScore", ["response_searchME_kons":response_searchME_kons, "response_searchME_spouse":response_searchME_spouse])): Send request successfully

2022-11-25 10:09:52 - [MESSAGE][INFO] - HAR: D:\DMS\Engine Scoring\Reports\20221125_100036\Exclude KKB - DS - Married\Scoring Married - CS New\20221125_100036\requests\main\159.har

2022-11-25 10:09:52 - [MESSAGE][PASSED] - Send request successfully

2022-11-25 10:09:52 - [TEST_STEP][PASSED] - verifyResponseStatusCode(scoring, 200): Verify response status code successfully

2022-11-25 10:09:52 - [MESSAGE][PASSED] - Verify response status code successfully

2022-11-25 10:09:52 - [TEST_STEP][PASSED] - response2 = scoring.getResponseText(): null

2022-11-25 10:09:52 - [TEST_STEP][PASSED] - markPassed("result service data ke : " + no): result service data ke : 80

2022-11-25 10:09:52 - [MESSAGE][PASSED] - result service data ke : 80

2022-11-25 10:09:52 - [TEST_STEP][PASSED] - logInfo($response2): {"result_konsumen":"Approve","result_pasangan":"Reguler","Final_result":"Approve","errorMessage":"","status":"Done"}

2022-11-25 10:09:52 - [MESSAGE][INFO] - {"result_konsumen":"Approve","result_pasangan":"Reguler","Final_result":"Approve","errorMessage":"","status":"Done"}

2022-11-25 10:09:52 - [TEST_STEP][PASSED] - verifyElementPropertyValue(scoring, "Final_result", final_result): Verify element property value successfully

2022-11-25 10:09:52 - [MESSAGE][PASSED] - Verify element property value successfully]]></system-out>
         <system-err><![CDATA[]]></system-err>
      </testcase>
      <testcase name="Test Cases/Engine_Scoring/Engine Scoring" time="7.058" classname="Test Cases/Engine_Scoring/Engine Scoring" status="PASSED">
         <system-out><![CDATA[2022-11-25 10:09:52 - [TEST_CASE][PASSED] - Test Cases/Engine_Scoring/Engine Scoring: Test Cases/Engine_Scoring/Engine Scoring

2022-11-25 10:09:53 - [TEST_STEP][PASSED] - markPassed("Variasi data ke : " + no): Variasi data ke : 81

2022-11-25 10:09:53 - [MESSAGE][PASSED] - Variasi data ke : 81

2022-11-25 10:09:53 - [TEST_STEP][PASSED] - req_data = sendRequest(findTestObject("Search_ME", ["MID":MID, "source":source, "ip":ip, "userid":userid, "branch":branch, "tipekons":tipekons, "marital":marital, "penjamin":penjamin, ... ])): Send request successfully

2022-11-25 10:09:54 - [MESSAGE][INFO] - HAR: D:\DMS\Engine Scoring\Reports\20221125_100036\Exclude KKB - DS - Married\Scoring Married - CS New\20221125_100036\requests\main\160.har

2022-11-25 10:09:54 - [MESSAGE][PASSED] - Send request successfully

2022-11-25 10:09:54 - [TEST_STEP][PASSED] - slurper = new groovy.json.JsonSlurper(): null

2022-11-25 10:09:54 - [TEST_STEP][PASSED] - result = slurper.parseText(req_data.getResponseBodyContent()): null

2022-11-25 10:09:54 - [TEST_STEP][PASSED] - reqid_kons = requestid1: null

2022-11-25 10:09:54 - [TEST_STEP][PASSED] - reqid_spouse = requestid2: null

2022-11-25 10:09:54 - [TEST_STEP][PASSED] - println("requestid kons : " + reqid_kons): null

2022-11-25 10:09:54 - [TEST_STEP][PASSED] - response_searchME_kons = reqid_kons: null

2022-11-25 10:09:54 - [TEST_STEP][PASSED] - response_searchME_spouse = reqid_spouse: null

2022-11-25 10:09:54 - [TEST_STEP][PASSED] - println("kons req id is :" + response_searchME_kons): null

2022-11-25 10:09:54 - [TEST_STEP][PASSED] - println("spouse req id is : " + response_searchME_spouse): null

2022-11-25 10:09:54 - [TEST_STEP][PASSED] - verifyResponseStatusCode(req_data, 200): Verify response status code successfully

2022-11-25 10:09:54 - [MESSAGE][PASSED] - Verify response status code successfully

2022-11-25 10:09:54 - [TEST_STEP][PASSED] - response = req_data.getResponseText(): null

2022-11-25 10:09:54 - [TEST_STEP][PASSED] - logInfo($response): {"status":"Done","data":{"requestid1":"255601","requestid2":"255602"}}

2022-11-25 10:09:54 - [MESSAGE][INFO] - {"status":"Done","data":{"requestid1":"255601","requestid2":"255602"}}

2022-11-25 10:09:54 - [TEST_STEP][PASSED] - delay(5): Delayed 5 second(s)

2022-11-25 10:09:59 - [MESSAGE][PASSED] - Delayed 5 second(s)

2022-11-25 10:09:59 - [TEST_STEP][PASSED] - scoring = sendRequest(findTestObject("EngineScore", ["response_searchME_kons":response_searchME_kons, "response_searchME_spouse":response_searchME_spouse])): Send request successfully

2022-11-25 10:09:59 - [MESSAGE][INFO] - HAR: D:\DMS\Engine Scoring\Reports\20221125_100036\Exclude KKB - DS - Married\Scoring Married - CS New\20221125_100036\requests\main\161.har

2022-11-25 10:09:59 - [MESSAGE][PASSED] - Send request successfully

2022-11-25 10:09:59 - [TEST_STEP][PASSED] - verifyResponseStatusCode(scoring, 200): Verify response status code successfully

2022-11-25 10:09:59 - [MESSAGE][PASSED] - Verify response status code successfully

2022-11-25 10:09:59 - [TEST_STEP][PASSED] - response2 = scoring.getResponseText(): null

2022-11-25 10:09:59 - [TEST_STEP][PASSED] - markPassed("result service data ke : " + no): result service data ke : 81

2022-11-25 10:09:59 - [MESSAGE][PASSED] - result service data ke : 81

2022-11-25 10:09:59 - [TEST_STEP][PASSED] - logInfo($response2): {"result_konsumen":"Approve","result_pasangan":"Reguler","Final_result":"Approve","errorMessage":"","status":"Done"}

2022-11-25 10:09:59 - [MESSAGE][INFO] - {"result_konsumen":"Approve","result_pasangan":"Reguler","Final_result":"Approve","errorMessage":"","status":"Done"}

2022-11-25 10:09:59 - [TEST_STEP][PASSED] - verifyElementPropertyValue(scoring, "Final_result", final_result): Verify element property value successfully

2022-11-25 10:10:00 - [MESSAGE][PASSED] - Verify element property value successfully]]></system-out>
         <system-err><![CDATA[]]></system-err>
      </testcase>
      <testcase name="Test Cases/Engine_Scoring/Engine Scoring" time="6.967" classname="Test Cases/Engine_Scoring/Engine Scoring" status="PASSED">
         <system-out><![CDATA[2022-11-25 10:10:00 - [TEST_CASE][PASSED] - Test Cases/Engine_Scoring/Engine Scoring: Test Cases/Engine_Scoring/Engine Scoring

2022-11-25 10:10:00 - [TEST_STEP][PASSED] - markPassed("Variasi data ke : " + no): Variasi data ke : 82

2022-11-25 10:10:00 - [MESSAGE][PASSED] - Variasi data ke : 82

2022-11-25 10:10:00 - [TEST_STEP][PASSED] - req_data = sendRequest(findTestObject("Search_ME", ["MID":MID, "source":source, "ip":ip, "userid":userid, "branch":branch, "tipekons":tipekons, "marital":marital, "penjamin":penjamin, ... ])): Send request successfully

2022-11-25 10:10:01 - [MESSAGE][INFO] - HAR: D:\DMS\Engine Scoring\Reports\20221125_100036\Exclude KKB - DS - Married\Scoring Married - CS New\20221125_100036\requests\main\162.har

2022-11-25 10:10:01 - [MESSAGE][PASSED] - Send request successfully

2022-11-25 10:10:01 - [TEST_STEP][PASSED] - slurper = new groovy.json.JsonSlurper(): null

2022-11-25 10:10:01 - [TEST_STEP][PASSED] - result = slurper.parseText(req_data.getResponseBodyContent()): null

2022-11-25 10:10:01 - [TEST_STEP][PASSED] - reqid_kons = requestid1: null

2022-11-25 10:10:01 - [TEST_STEP][PASSED] - reqid_spouse = requestid2: null

2022-11-25 10:10:01 - [TEST_STEP][PASSED] - println("requestid kons : " + reqid_kons): null

2022-11-25 10:10:01 - [TEST_STEP][PASSED] - response_searchME_kons = reqid_kons: null

2022-11-25 10:10:01 - [TEST_STEP][PASSED] - response_searchME_spouse = reqid_spouse: null

2022-11-25 10:10:01 - [TEST_STEP][PASSED] - println("kons req id is :" + response_searchME_kons): null

2022-11-25 10:10:01 - [TEST_STEP][PASSED] - println("spouse req id is : " + response_searchME_spouse): null

2022-11-25 10:10:01 - [TEST_STEP][PASSED] - verifyResponseStatusCode(req_data, 200): Verify response status code successfully

2022-11-25 10:10:01 - [MESSAGE][PASSED] - Verify response status code successfully

2022-11-25 10:10:01 - [TEST_STEP][PASSED] - response = req_data.getResponseText(): null

2022-11-25 10:10:01 - [TEST_STEP][PASSED] - logInfo($response): {"status":"Done","data":{"requestid1":"255603","requestid2":"255604"}}

2022-11-25 10:10:01 - [MESSAGE][INFO] - {"status":"Done","data":{"requestid1":"255603","requestid2":"255604"}}

2022-11-25 10:10:01 - [TEST_STEP][PASSED] - delay(5): Delayed 5 second(s)

2022-11-25 10:10:06 - [MESSAGE][PASSED] - Delayed 5 second(s)

2022-11-25 10:10:06 - [TEST_STEP][PASSED] - scoring = sendRequest(findTestObject("EngineScore", ["response_searchME_kons":response_searchME_kons, "response_searchME_spouse":response_searchME_spouse])): Send request successfully

2022-11-25 10:10:07 - [MESSAGE][INFO] - HAR: D:\DMS\Engine Scoring\Reports\20221125_100036\Exclude KKB - DS - Married\Scoring Married - CS New\20221125_100036\requests\main\163.har

2022-11-25 10:10:07 - [MESSAGE][PASSED] - Send request successfully

2022-11-25 10:10:07 - [TEST_STEP][PASSED] - verifyResponseStatusCode(scoring, 200): Verify response status code successfully

2022-11-25 10:10:07 - [MESSAGE][PASSED] - Verify response status code successfully

2022-11-25 10:10:07 - [TEST_STEP][PASSED] - response2 = scoring.getResponseText(): null

2022-11-25 10:10:07 - [TEST_STEP][PASSED] - markPassed("result service data ke : " + no): result service data ke : 82

2022-11-25 10:10:07 - [MESSAGE][PASSED] - result service data ke : 82

2022-11-25 10:10:07 - [TEST_STEP][PASSED] - logInfo($response2): {"result_konsumen":"Approve","result_pasangan":"Reguler","Final_result":"Approve","errorMessage":"","status":"Done"}

2022-11-25 10:10:07 - [MESSAGE][INFO] - {"result_konsumen":"Approve","result_pasangan":"Reguler","Final_result":"Approve","errorMessage":"","status":"Done"}

2022-11-25 10:10:07 - [TEST_STEP][PASSED] - verifyElementPropertyValue(scoring, "Final_result", final_result): Verify element property value successfully

2022-11-25 10:10:07 - [MESSAGE][PASSED] - Verify element property value successfully]]></system-out>
         <system-err><![CDATA[]]></system-err>
      </testcase>
      <testcase name="Test Cases/Engine_Scoring/Engine Scoring" time="6.978" classname="Test Cases/Engine_Scoring/Engine Scoring" status="PASSED">
         <system-out><![CDATA[2022-11-25 10:10:07 - [TEST_CASE][PASSED] - Test Cases/Engine_Scoring/Engine Scoring: Test Cases/Engine_Scoring/Engine Scoring

2022-11-25 10:10:07 - [TEST_STEP][PASSED] - markPassed("Variasi data ke : " + no): Variasi data ke : 83

2022-11-25 10:10:07 - [MESSAGE][PASSED] - Variasi data ke : 83

2022-11-25 10:10:07 - [TEST_STEP][PASSED] - req_data = sendRequest(findTestObject("Search_ME", ["MID":MID, "source":source, "ip":ip, "userid":userid, "branch":branch, "tipekons":tipekons, "marital":marital, "penjamin":penjamin, ... ])): Send request successfully

2022-11-25 10:10:08 - [MESSAGE][INFO] - HAR: D:\DMS\Engine Scoring\Reports\20221125_100036\Exclude KKB - DS - Married\Scoring Married - CS New\20221125_100036\requests\main\164.har

2022-11-25 10:10:08 - [MESSAGE][PASSED] - Send request successfully

2022-11-25 10:10:08 - [TEST_STEP][PASSED] - slurper = new groovy.json.JsonSlurper(): null

2022-11-25 10:10:08 - [TEST_STEP][PASSED] - result = slurper.parseText(req_data.getResponseBodyContent()): null

2022-11-25 10:10:08 - [TEST_STEP][PASSED] - reqid_kons = requestid1: null

2022-11-25 10:10:08 - [TEST_STEP][PASSED] - reqid_spouse = requestid2: null

2022-11-25 10:10:08 - [TEST_STEP][PASSED] - println("requestid kons : " + reqid_kons): null

2022-11-25 10:10:08 - [TEST_STEP][PASSED] - response_searchME_kons = reqid_kons: null

2022-11-25 10:10:08 - [TEST_STEP][PASSED] - response_searchME_spouse = reqid_spouse: null

2022-11-25 10:10:08 - [TEST_STEP][PASSED] - println("kons req id is :" + response_searchME_kons): null

2022-11-25 10:10:08 - [TEST_STEP][PASSED] - println("spouse req id is : " + response_searchME_spouse): null

2022-11-25 10:10:08 - [TEST_STEP][PASSED] - verifyResponseStatusCode(req_data, 200): Verify response status code successfully

2022-11-25 10:10:08 - [MESSAGE][PASSED] - Verify response status code successfully

2022-11-25 10:10:08 - [TEST_STEP][PASSED] - response = req_data.getResponseText(): null

2022-11-25 10:10:08 - [TEST_STEP][PASSED] - logInfo($response): {"status":"Done","data":{"requestid1":"255605","requestid2":"255606"}}

2022-11-25 10:10:08 - [MESSAGE][INFO] - {"status":"Done","data":{"requestid1":"255605","requestid2":"255606"}}

2022-11-25 10:10:08 - [TEST_STEP][PASSED] - delay(5): Delayed 5 second(s)

2022-11-25 10:10:13 - [MESSAGE][PASSED] - Delayed 5 second(s)

2022-11-25 10:10:13 - [TEST_STEP][PASSED] - scoring = sendRequest(findTestObject("EngineScore", ["response_searchME_kons":response_searchME_kons, "response_searchME_spouse":response_searchME_spouse])): Send request successfully

2022-11-25 10:10:14 - [MESSAGE][INFO] - HAR: D:\DMS\Engine Scoring\Reports\20221125_100036\Exclude KKB - DS - Married\Scoring Married - CS New\20221125_100036\requests\main\165.har

2022-11-25 10:10:14 - [MESSAGE][PASSED] - Send request successfully

2022-11-25 10:10:14 - [TEST_STEP][PASSED] - verifyResponseStatusCode(scoring, 200): Verify response status code successfully

2022-11-25 10:10:14 - [MESSAGE][PASSED] - Verify response status code successfully

2022-11-25 10:10:14 - [TEST_STEP][PASSED] - response2 = scoring.getResponseText(): null

2022-11-25 10:10:14 - [TEST_STEP][PASSED] - markPassed("result service data ke : " + no): result service data ke : 83

2022-11-25 10:10:14 - [MESSAGE][PASSED] - result service data ke : 83

2022-11-25 10:10:14 - [TEST_STEP][PASSED] - logInfo($response2): {"result_konsumen":"Approve","result_pasangan":"Reguler","Final_result":"Approve","errorMessage":"","status":"Done"}

2022-11-25 10:10:14 - [MESSAGE][INFO] - {"result_konsumen":"Approve","result_pasangan":"Reguler","Final_result":"Approve","errorMessage":"","status":"Done"}

2022-11-25 10:10:14 - [TEST_STEP][PASSED] - verifyElementPropertyValue(scoring, "Final_result", final_result): Verify element property value successfully

2022-11-25 10:10:14 - [MESSAGE][PASSED] - Verify element property value successfully]]></system-out>
         <system-err><![CDATA[]]></system-err>
      </testcase>
      <testcase name="Test Cases/Engine_Scoring/Engine Scoring" time="6.919" classname="Test Cases/Engine_Scoring/Engine Scoring" status="PASSED">
         <system-out><![CDATA[2022-11-25 10:10:14 - [TEST_CASE][PASSED] - Test Cases/Engine_Scoring/Engine Scoring: Test Cases/Engine_Scoring/Engine Scoring

2022-11-25 10:10:15 - [TEST_STEP][PASSED] - markPassed("Variasi data ke : " + no): Variasi data ke : 84

2022-11-25 10:10:15 - [MESSAGE][PASSED] - Variasi data ke : 84

2022-11-25 10:10:15 - [TEST_STEP][PASSED] - req_data = sendRequest(findTestObject("Search_ME", ["MID":MID, "source":source, "ip":ip, "userid":userid, "branch":branch, "tipekons":tipekons, "marital":marital, "penjamin":penjamin, ... ])): Send request successfully

2022-11-25 10:10:15 - [MESSAGE][INFO] - HAR: D:\DMS\Engine Scoring\Reports\20221125_100036\Exclude KKB - DS - Married\Scoring Married - CS New\20221125_100036\requests\main\166.har

2022-11-25 10:10:15 - [MESSAGE][PASSED] - Send request successfully

2022-11-25 10:10:15 - [TEST_STEP][PASSED] - slurper = new groovy.json.JsonSlurper(): null

2022-11-25 10:10:15 - [TEST_STEP][PASSED] - result = slurper.parseText(req_data.getResponseBodyContent()): null

2022-11-25 10:10:15 - [TEST_STEP][PASSED] - reqid_kons = requestid1: null

2022-11-25 10:10:15 - [TEST_STEP][PASSED] - reqid_spouse = requestid2: null

2022-11-25 10:10:15 - [TEST_STEP][PASSED] - println("requestid kons : " + reqid_kons): null

2022-11-25 10:10:15 - [TEST_STEP][PASSED] - response_searchME_kons = reqid_kons: null

2022-11-25 10:10:15 - [TEST_STEP][PASSED] - response_searchME_spouse = reqid_spouse: null

2022-11-25 10:10:15 - [TEST_STEP][PASSED] - println("kons req id is :" + response_searchME_kons): null

2022-11-25 10:10:15 - [TEST_STEP][PASSED] - println("spouse req id is : " + response_searchME_spouse): null

2022-11-25 10:10:15 - [TEST_STEP][PASSED] - verifyResponseStatusCode(req_data, 200): Verify response status code successfully

2022-11-25 10:10:15 - [MESSAGE][PASSED] - Verify response status code successfully

2022-11-25 10:10:15 - [TEST_STEP][PASSED] - response = req_data.getResponseText(): null

2022-11-25 10:10:15 - [TEST_STEP][PASSED] - logInfo($response): {"status":"Done","data":{"requestid1":"255607","requestid2":"255608"}}

2022-11-25 10:10:15 - [MESSAGE][INFO] - {"status":"Done","data":{"requestid1":"255607","requestid2":"255608"}}

2022-11-25 10:10:15 - [TEST_STEP][PASSED] - delay(5): Delayed 5 second(s)

2022-11-25 10:10:20 - [MESSAGE][PASSED] - Delayed 5 second(s)

2022-11-25 10:10:20 - [TEST_STEP][PASSED] - scoring = sendRequest(findTestObject("EngineScore", ["response_searchME_kons":response_searchME_kons, "response_searchME_spouse":response_searchME_spouse])): Send request successfully

2022-11-25 10:10:21 - [MESSAGE][INFO] - HAR: D:\DMS\Engine Scoring\Reports\20221125_100036\Exclude KKB - DS - Married\Scoring Married - CS New\20221125_100036\requests\main\167.har

2022-11-25 10:10:21 - [MESSAGE][PASSED] - Send request successfully

2022-11-25 10:10:21 - [TEST_STEP][PASSED] - verifyResponseStatusCode(scoring, 200): Verify response status code successfully

2022-11-25 10:10:21 - [MESSAGE][PASSED] - Verify response status code successfully

2022-11-25 10:10:21 - [TEST_STEP][PASSED] - response2 = scoring.getResponseText(): null

2022-11-25 10:10:21 - [TEST_STEP][PASSED] - markPassed("result service data ke : " + no): result service data ke : 84

2022-11-25 10:10:21 - [MESSAGE][PASSED] - result service data ke : 84

2022-11-25 10:10:21 - [TEST_STEP][PASSED] - logInfo($response2): {"result_konsumen":"Approve","result_pasangan":"Reguler","Final_result":"Approve","errorMessage":"","status":"Done"}

2022-11-25 10:10:21 - [MESSAGE][INFO] - {"result_konsumen":"Approve","result_pasangan":"Reguler","Final_result":"Approve","errorMessage":"","status":"Done"}

2022-11-25 10:10:21 - [TEST_STEP][PASSED] - verifyElementPropertyValue(scoring, "Final_result", final_result): Verify element property value successfully

2022-11-25 10:10:21 - [MESSAGE][PASSED] - Verify element property value successfully]]></system-out>
         <system-err><![CDATA[]]></system-err>
      </testcase>
      <testcase name="Test Cases/Engine_Scoring/Engine Scoring" time="6.954" classname="Test Cases/Engine_Scoring/Engine Scoring" status="PASSED">
         <system-out><![CDATA[2022-11-25 10:10:21 - [TEST_CASE][PASSED] - Test Cases/Engine_Scoring/Engine Scoring: Test Cases/Engine_Scoring/Engine Scoring

2022-11-25 10:10:21 - [TEST_STEP][PASSED] - markPassed("Variasi data ke : " + no): Variasi data ke : 85

2022-11-25 10:10:21 - [MESSAGE][PASSED] - Variasi data ke : 85

2022-11-25 10:10:21 - [TEST_STEP][PASSED] - req_data = sendRequest(findTestObject("Search_ME", ["MID":MID, "source":source, "ip":ip, "userid":userid, "branch":branch, "tipekons":tipekons, "marital":marital, "penjamin":penjamin, ... ])): Send request successfully

2022-11-25 10:10:22 - [MESSAGE][INFO] - HAR: D:\DMS\Engine Scoring\Reports\20221125_100036\Exclude KKB - DS - Married\Scoring Married - CS New\20221125_100036\requests\main\168.har

2022-11-25 10:10:22 - [MESSAGE][PASSED] - Send request successfully

2022-11-25 10:10:22 - [TEST_STEP][PASSED] - slurper = new groovy.json.JsonSlurper(): null

2022-11-25 10:10:22 - [TEST_STEP][PASSED] - result = slurper.parseText(req_data.getResponseBodyContent()): null

2022-11-25 10:10:22 - [TEST_STEP][PASSED] - reqid_kons = requestid1: null

2022-11-25 10:10:22 - [TEST_STEP][PASSED] - reqid_spouse = requestid2: null

2022-11-25 10:10:22 - [TEST_STEP][PASSED] - println("requestid kons : " + reqid_kons): null

2022-11-25 10:10:22 - [TEST_STEP][PASSED] - response_searchME_kons = reqid_kons: null

2022-11-25 10:10:22 - [TEST_STEP][PASSED] - response_searchME_spouse = reqid_spouse: null

2022-11-25 10:10:22 - [TEST_STEP][PASSED] - println("kons req id is :" + response_searchME_kons): null

2022-11-25 10:10:22 - [TEST_STEP][PASSED] - println("spouse req id is : " + response_searchME_spouse): null

2022-11-25 10:10:22 - [TEST_STEP][PASSED] - verifyResponseStatusCode(req_data, 200): Verify response status code successfully

2022-11-25 10:10:22 - [MESSAGE][PASSED] - Verify response status code successfully

2022-11-25 10:10:22 - [TEST_STEP][PASSED] - response = req_data.getResponseText(): null

2022-11-25 10:10:22 - [TEST_STEP][PASSED] - logInfo($response): {"status":"Done","data":{"requestid1":"255609","requestid2":"255610"}}

2022-11-25 10:10:22 - [MESSAGE][INFO] - {"status":"Done","data":{"requestid1":"255609","requestid2":"255610"}}

2022-11-25 10:10:22 - [TEST_STEP][PASSED] - delay(5): Delayed 5 second(s)

2022-11-25 10:10:27 - [MESSAGE][PASSED] - Delayed 5 second(s)

2022-11-25 10:10:27 - [TEST_STEP][PASSED] - scoring = sendRequest(findTestObject("EngineScore", ["response_searchME_kons":response_searchME_kons, "response_searchME_spouse":response_searchME_spouse])): Send request successfully

2022-11-25 10:10:28 - [MESSAGE][INFO] - HAR: D:\DMS\Engine Scoring\Reports\20221125_100036\Exclude KKB - DS - Married\Scoring Married - CS New\20221125_100036\requests\main\169.har

2022-11-25 10:10:28 - [MESSAGE][PASSED] - Send request successfully

2022-11-25 10:10:28 - [TEST_STEP][PASSED] - verifyResponseStatusCode(scoring, 200): Verify response status code successfully

2022-11-25 10:10:28 - [MESSAGE][PASSED] - Verify response status code successfully

2022-11-25 10:10:28 - [TEST_STEP][PASSED] - response2 = scoring.getResponseText(): null

2022-11-25 10:10:28 - [TEST_STEP][PASSED] - markPassed("result service data ke : " + no): result service data ke : 85

2022-11-25 10:10:28 - [MESSAGE][PASSED] - result service data ke : 85

2022-11-25 10:10:28 - [TEST_STEP][PASSED] - logInfo($response2): {"result_konsumen":"Approve","result_pasangan":"Reguler","Final_result":"Approve","errorMessage":"","status":"Done"}

2022-11-25 10:10:28 - [MESSAGE][INFO] - {"result_konsumen":"Approve","result_pasangan":"Reguler","Final_result":"Approve","errorMessage":"","status":"Done"}

2022-11-25 10:10:28 - [TEST_STEP][PASSED] - verifyElementPropertyValue(scoring, "Final_result", final_result): Verify element property value successfully

2022-11-25 10:10:28 - [MESSAGE][PASSED] - Verify element property value successfully]]></system-out>
         <system-err><![CDATA[]]></system-err>
      </testcase>
      <testcase name="Test Cases/Engine_Scoring/Engine Scoring" time="6.954" classname="Test Cases/Engine_Scoring/Engine Scoring" status="PASSED">
         <system-out><![CDATA[2022-11-25 10:10:28 - [TEST_CASE][PASSED] - Test Cases/Engine_Scoring/Engine Scoring: Test Cases/Engine_Scoring/Engine Scoring

2022-11-25 10:10:29 - [TEST_STEP][PASSED] - markPassed("Variasi data ke : " + no): Variasi data ke : 86

2022-11-25 10:10:29 - [MESSAGE][PASSED] - Variasi data ke : 86

2022-11-25 10:10:29 - [TEST_STEP][PASSED] - req_data = sendRequest(findTestObject("Search_ME", ["MID":MID, "source":source, "ip":ip, "userid":userid, "branch":branch, "tipekons":tipekons, "marital":marital, "penjamin":penjamin, ... ])): Send request successfully

2022-11-25 10:10:29 - [MESSAGE][INFO] - HAR: D:\DMS\Engine Scoring\Reports\20221125_100036\Exclude KKB - DS - Married\Scoring Married - CS New\20221125_100036\requests\main\170.har

2022-11-25 10:10:29 - [MESSAGE][PASSED] - Send request successfully

2022-11-25 10:10:29 - [TEST_STEP][PASSED] - slurper = new groovy.json.JsonSlurper(): null

2022-11-25 10:10:29 - [TEST_STEP][PASSED] - result = slurper.parseText(req_data.getResponseBodyContent()): null

2022-11-25 10:10:29 - [TEST_STEP][PASSED] - reqid_kons = requestid1: null

2022-11-25 10:10:29 - [TEST_STEP][PASSED] - reqid_spouse = requestid2: null

2022-11-25 10:10:29 - [TEST_STEP][PASSED] - println("requestid kons : " + reqid_kons): null

2022-11-25 10:10:29 - [TEST_STEP][PASSED] - response_searchME_kons = reqid_kons: null

2022-11-25 10:10:29 - [TEST_STEP][PASSED] - response_searchME_spouse = reqid_spouse: null

2022-11-25 10:10:29 - [TEST_STEP][PASSED] - println("kons req id is :" + response_searchME_kons): null

2022-11-25 10:10:29 - [TEST_STEP][PASSED] - println("spouse req id is : " + response_searchME_spouse): null

2022-11-25 10:10:29 - [TEST_STEP][PASSED] - verifyResponseStatusCode(req_data, 200): Verify response status code successfully

2022-11-25 10:10:29 - [MESSAGE][PASSED] - Verify response status code successfully

2022-11-25 10:10:29 - [TEST_STEP][PASSED] - response = req_data.getResponseText(): null

2022-11-25 10:10:29 - [TEST_STEP][PASSED] - logInfo($response): {"status":"Done","data":{"requestid1":"255611","requestid2":"255612"}}

2022-11-25 10:10:29 - [MESSAGE][INFO] - {"status":"Done","data":{"requestid1":"255611","requestid2":"255612"}}

2022-11-25 10:10:29 - [TEST_STEP][PASSED] - delay(5): Delayed 5 second(s)

2022-11-25 10:10:34 - [MESSAGE][PASSED] - Delayed 5 second(s)

2022-11-25 10:10:34 - [TEST_STEP][PASSED] - scoring = sendRequest(findTestObject("EngineScore", ["response_searchME_kons":response_searchME_kons, "response_searchME_spouse":response_searchME_spouse])): Send request successfully

2022-11-25 10:10:35 - [MESSAGE][INFO] - HAR: D:\DMS\Engine Scoring\Reports\20221125_100036\Exclude KKB - DS - Married\Scoring Married - CS New\20221125_100036\requests\main\171.har

2022-11-25 10:10:35 - [MESSAGE][PASSED] - Send request successfully

2022-11-25 10:10:35 - [TEST_STEP][PASSED] - verifyResponseStatusCode(scoring, 200): Verify response status code successfully

2022-11-25 10:10:35 - [MESSAGE][PASSED] - Verify response status code successfully

2022-11-25 10:10:35 - [TEST_STEP][PASSED] - response2 = scoring.getResponseText(): null

2022-11-25 10:10:35 - [TEST_STEP][PASSED] - markPassed("result service data ke : " + no): result service data ke : 86

2022-11-25 10:10:35 - [MESSAGE][PASSED] - result service data ke : 86

2022-11-25 10:10:35 - [TEST_STEP][PASSED] - logInfo($response2): {"result_konsumen":"Approve","result_pasangan":"Reject","Final_result":"Reject","errorMessage":"","status":"Done"}

2022-11-25 10:10:35 - [MESSAGE][INFO] - {"result_konsumen":"Approve","result_pasangan":"Reject","Final_result":"Reject","errorMessage":"","status":"Done"}

2022-11-25 10:10:35 - [TEST_STEP][PASSED] - verifyElementPropertyValue(scoring, "Final_result", final_result): Verify element property value successfully

2022-11-25 10:10:35 - [MESSAGE][PASSED] - Verify element property value successfully]]></system-out>
         <system-err><![CDATA[]]></system-err>
      </testcase>
      <testcase name="Test Cases/Engine_Scoring/Engine Scoring" time="7.024" classname="Test Cases/Engine_Scoring/Engine Scoring" status="PASSED">
         <system-out><![CDATA[2022-11-25 10:10:35 - [TEST_CASE][PASSED] - Test Cases/Engine_Scoring/Engine Scoring: Test Cases/Engine_Scoring/Engine Scoring

2022-11-25 10:10:36 - [TEST_STEP][PASSED] - markPassed("Variasi data ke : " + no): Variasi data ke : 87

2022-11-25 10:10:36 - [MESSAGE][PASSED] - Variasi data ke : 87

2022-11-25 10:10:36 - [TEST_STEP][PASSED] - req_data = sendRequest(findTestObject("Search_ME", ["MID":MID, "source":source, "ip":ip, "userid":userid, "branch":branch, "tipekons":tipekons, "marital":marital, "penjamin":penjamin, ... ])): Send request successfully

2022-11-25 10:10:37 - [MESSAGE][INFO] - HAR: D:\DMS\Engine Scoring\Reports\20221125_100036\Exclude KKB - DS - Married\Scoring Married - CS New\20221125_100036\requests\main\172.har

2022-11-25 10:10:37 - [MESSAGE][PASSED] - Send request successfully

2022-11-25 10:10:37 - [TEST_STEP][PASSED] - slurper = new groovy.json.JsonSlurper(): null

2022-11-25 10:10:37 - [TEST_STEP][PASSED] - result = slurper.parseText(req_data.getResponseBodyContent()): null

2022-11-25 10:10:37 - [TEST_STEP][PASSED] - reqid_kons = requestid1: null

2022-11-25 10:10:37 - [TEST_STEP][PASSED] - reqid_spouse = requestid2: null

2022-11-25 10:10:37 - [TEST_STEP][PASSED] - println("requestid kons : " + reqid_kons): null

2022-11-25 10:10:37 - [TEST_STEP][PASSED] - response_searchME_kons = reqid_kons: null

2022-11-25 10:10:37 - [TEST_STEP][PASSED] - response_searchME_spouse = reqid_spouse: null

2022-11-25 10:10:37 - [TEST_STEP][PASSED] - println("kons req id is :" + response_searchME_kons): null

2022-11-25 10:10:37 - [TEST_STEP][PASSED] - println("spouse req id is : " + response_searchME_spouse): null

2022-11-25 10:10:37 - [TEST_STEP][PASSED] - verifyResponseStatusCode(req_data, 200): Verify response status code successfully

2022-11-25 10:10:37 - [MESSAGE][PASSED] - Verify response status code successfully

2022-11-25 10:10:37 - [TEST_STEP][PASSED] - response = req_data.getResponseText(): null

2022-11-25 10:10:37 - [TEST_STEP][PASSED] - logInfo($response): {"status":"Done","data":{"requestid1":"255613","requestid2":"255614"}}

2022-11-25 10:10:37 - [MESSAGE][INFO] - {"status":"Done","data":{"requestid1":"255613","requestid2":"255614"}}

2022-11-25 10:10:37 - [TEST_STEP][PASSED] - delay(5): Delayed 5 second(s)

2022-11-25 10:10:42 - [MESSAGE][PASSED] - Delayed 5 second(s)

2022-11-25 10:10:42 - [TEST_STEP][PASSED] - scoring = sendRequest(findTestObject("EngineScore", ["response_searchME_kons":response_searchME_kons, "response_searchME_spouse":response_searchME_spouse])): Send request successfully

2022-11-25 10:10:42 - [MESSAGE][INFO] - HAR: D:\DMS\Engine Scoring\Reports\20221125_100036\Exclude KKB - DS - Married\Scoring Married - CS New\20221125_100036\requests\main\173.har

2022-11-25 10:10:42 - [MESSAGE][PASSED] - Send request successfully

2022-11-25 10:10:42 - [TEST_STEP][PASSED] - verifyResponseStatusCode(scoring, 200): Verify response status code successfully

2022-11-25 10:10:42 - [MESSAGE][PASSED] - Verify response status code successfully

2022-11-25 10:10:42 - [TEST_STEP][PASSED] - response2 = scoring.getResponseText(): null

2022-11-25 10:10:42 - [TEST_STEP][PASSED] - markPassed("result service data ke : " + no): result service data ke : 87

2022-11-25 10:10:42 - [MESSAGE][PASSED] - result service data ke : 87

2022-11-25 10:10:42 - [TEST_STEP][PASSED] - logInfo($response2): {"result_konsumen":"Approve","result_pasangan":"Reject","Final_result":"Reject","errorMessage":"","status":"Done"}

2022-11-25 10:10:42 - [MESSAGE][INFO] - {"result_konsumen":"Approve","result_pasangan":"Reject","Final_result":"Reject","errorMessage":"","status":"Done"}

2022-11-25 10:10:42 - [TEST_STEP][PASSED] - verifyElementPropertyValue(scoring, "Final_result", final_result): Verify element property value successfully

2022-11-25 10:10:42 - [MESSAGE][PASSED] - Verify element property value successfully]]></system-out>
         <system-err><![CDATA[]]></system-err>
      </testcase>
      <testcase name="Test Cases/Engine_Scoring/Engine Scoring" time="6.985" classname="Test Cases/Engine_Scoring/Engine Scoring" status="PASSED">
         <system-out><![CDATA[2022-11-25 10:10:42 - [TEST_CASE][PASSED] - Test Cases/Engine_Scoring/Engine Scoring: Test Cases/Engine_Scoring/Engine Scoring

2022-11-25 10:10:43 - [TEST_STEP][PASSED] - markPassed("Variasi data ke : " + no): Variasi data ke : 88

2022-11-25 10:10:43 - [MESSAGE][PASSED] - Variasi data ke : 88

2022-11-25 10:10:43 - [TEST_STEP][PASSED] - req_data = sendRequest(findTestObject("Search_ME", ["MID":MID, "source":source, "ip":ip, "userid":userid, "branch":branch, "tipekons":tipekons, "marital":marital, "penjamin":penjamin, ... ])): Send request successfully

2022-11-25 10:10:44 - [MESSAGE][INFO] - HAR: D:\DMS\Engine Scoring\Reports\20221125_100036\Exclude KKB - DS - Married\Scoring Married - CS New\20221125_100036\requests\main\174.har

2022-11-25 10:10:44 - [MESSAGE][PASSED] - Send request successfully

2022-11-25 10:10:44 - [TEST_STEP][PASSED] - slurper = new groovy.json.JsonSlurper(): null

2022-11-25 10:10:44 - [TEST_STEP][PASSED] - result = slurper.parseText(req_data.getResponseBodyContent()): null

2022-11-25 10:10:44 - [TEST_STEP][PASSED] - reqid_kons = requestid1: null

2022-11-25 10:10:44 - [TEST_STEP][PASSED] - reqid_spouse = requestid2: null

2022-11-25 10:10:44 - [TEST_STEP][PASSED] - println("requestid kons : " + reqid_kons): null

2022-11-25 10:10:44 - [TEST_STEP][PASSED] - response_searchME_kons = reqid_kons: null

2022-11-25 10:10:44 - [TEST_STEP][PASSED] - response_searchME_spouse = reqid_spouse: null

2022-11-25 10:10:44 - [TEST_STEP][PASSED] - println("kons req id is :" + response_searchME_kons): null

2022-11-25 10:10:44 - [TEST_STEP][PASSED] - println("spouse req id is : " + response_searchME_spouse): null

2022-11-25 10:10:44 - [TEST_STEP][PASSED] - verifyResponseStatusCode(req_data, 200): Verify response status code successfully

2022-11-25 10:10:44 - [MESSAGE][PASSED] - Verify response status code successfully

2022-11-25 10:10:44 - [TEST_STEP][PASSED] - response = req_data.getResponseText(): null

2022-11-25 10:10:44 - [TEST_STEP][PASSED] - logInfo($response): {"status":"Done","data":{"requestid1":"255615","requestid2":"255616"}}

2022-11-25 10:10:44 - [MESSAGE][INFO] - {"status":"Done","data":{"requestid1":"255615","requestid2":"255616"}}

2022-11-25 10:10:44 - [TEST_STEP][PASSED] - delay(5): Delayed 5 second(s)

2022-11-25 10:10:49 - [MESSAGE][PASSED] - Delayed 5 second(s)

2022-11-25 10:10:49 - [TEST_STEP][PASSED] - scoring = sendRequest(findTestObject("EngineScore", ["response_searchME_kons":response_searchME_kons, "response_searchME_spouse":response_searchME_spouse])): Send request successfully

2022-11-25 10:10:49 - [MESSAGE][INFO] - HAR: D:\DMS\Engine Scoring\Reports\20221125_100036\Exclude KKB - DS - Married\Scoring Married - CS New\20221125_100036\requests\main\175.har

2022-11-25 10:10:49 - [MESSAGE][PASSED] - Send request successfully

2022-11-25 10:10:49 - [TEST_STEP][PASSED] - verifyResponseStatusCode(scoring, 200): Verify response status code successfully

2022-11-25 10:10:49 - [MESSAGE][PASSED] - Verify response status code successfully

2022-11-25 10:10:49 - [TEST_STEP][PASSED] - response2 = scoring.getResponseText(): null

2022-11-25 10:10:49 - [TEST_STEP][PASSED] - markPassed("result service data ke : " + no): result service data ke : 88

2022-11-25 10:10:49 - [MESSAGE][PASSED] - result service data ke : 88

2022-11-25 10:10:49 - [TEST_STEP][PASSED] - logInfo($response2): {"result_konsumen":"Approve","result_pasangan":"Reject","Final_result":"Reject","errorMessage":"","status":"Done"}

2022-11-25 10:10:49 - [MESSAGE][INFO] - {"result_konsumen":"Approve","result_pasangan":"Reject","Final_result":"Reject","errorMessage":"","status":"Done"}

2022-11-25 10:10:49 - [TEST_STEP][PASSED] - verifyElementPropertyValue(scoring, "Final_result", final_result): Verify element property value successfully

2022-11-25 10:10:49 - [MESSAGE][PASSED] - Verify element property value successfully]]></system-out>
         <system-err><![CDATA[]]></system-err>
      </testcase>
      <testcase name="Test Cases/Engine_Scoring/Engine Scoring" time="7.035" classname="Test Cases/Engine_Scoring/Engine Scoring" status="PASSED">
         <system-out><![CDATA[2022-11-25 10:10:49 - [TEST_CASE][PASSED] - Test Cases/Engine_Scoring/Engine Scoring: Test Cases/Engine_Scoring/Engine Scoring

2022-11-25 10:10:50 - [TEST_STEP][PASSED] - markPassed("Variasi data ke : " + no): Variasi data ke : 89

2022-11-25 10:10:50 - [MESSAGE][PASSED] - Variasi data ke : 89

2022-11-25 10:10:50 - [TEST_STEP][PASSED] - req_data = sendRequest(findTestObject("Search_ME", ["MID":MID, "source":source, "ip":ip, "userid":userid, "branch":branch, "tipekons":tipekons, "marital":marital, "penjamin":penjamin, ... ])): Send request successfully

2022-11-25 10:10:51 - [MESSAGE][INFO] - HAR: D:\DMS\Engine Scoring\Reports\20221125_100036\Exclude KKB - DS - Married\Scoring Married - CS New\20221125_100036\requests\main\176.har

2022-11-25 10:10:51 - [MESSAGE][PASSED] - Send request successfully

2022-11-25 10:10:51 - [TEST_STEP][PASSED] - slurper = new groovy.json.JsonSlurper(): null

2022-11-25 10:10:51 - [TEST_STEP][PASSED] - result = slurper.parseText(req_data.getResponseBodyContent()): null

2022-11-25 10:10:51 - [TEST_STEP][PASSED] - reqid_kons = requestid1: null

2022-11-25 10:10:51 - [TEST_STEP][PASSED] - reqid_spouse = requestid2: null

2022-11-25 10:10:51 - [TEST_STEP][PASSED] - println("requestid kons : " + reqid_kons): null

2022-11-25 10:10:51 - [TEST_STEP][PASSED] - response_searchME_kons = reqid_kons: null

2022-11-25 10:10:51 - [TEST_STEP][PASSED] - response_searchME_spouse = reqid_spouse: null

2022-11-25 10:10:51 - [TEST_STEP][PASSED] - println("kons req id is :" + response_searchME_kons): null

2022-11-25 10:10:51 - [TEST_STEP][PASSED] - println("spouse req id is : " + response_searchME_spouse): null

2022-11-25 10:10:51 - [TEST_STEP][PASSED] - verifyResponseStatusCode(req_data, 200): Verify response status code successfully

2022-11-25 10:10:51 - [MESSAGE][PASSED] - Verify response status code successfully

2022-11-25 10:10:51 - [TEST_STEP][PASSED] - response = req_data.getResponseText(): null

2022-11-25 10:10:51 - [TEST_STEP][PASSED] - logInfo($response): {"status":"Done","data":{"requestid1":"255617","requestid2":"255618"}}

2022-11-25 10:10:51 - [MESSAGE][INFO] - {"status":"Done","data":{"requestid1":"255617","requestid2":"255618"}}

2022-11-25 10:10:51 - [TEST_STEP][PASSED] - delay(5): Delayed 5 second(s)

2022-11-25 10:10:56 - [MESSAGE][PASSED] - Delayed 5 second(s)

2022-11-25 10:10:56 - [TEST_STEP][PASSED] - scoring = sendRequest(findTestObject("EngineScore", ["response_searchME_kons":response_searchME_kons, "response_searchME_spouse":response_searchME_spouse])): Send request successfully

2022-11-25 10:10:56 - [MESSAGE][INFO] - HAR: D:\DMS\Engine Scoring\Reports\20221125_100036\Exclude KKB - DS - Married\Scoring Married - CS New\20221125_100036\requests\main\177.har

2022-11-25 10:10:56 - [MESSAGE][PASSED] - Send request successfully

2022-11-25 10:10:56 - [TEST_STEP][PASSED] - verifyResponseStatusCode(scoring, 200): Verify response status code successfully

2022-11-25 10:10:56 - [MESSAGE][PASSED] - Verify response status code successfully

2022-11-25 10:10:56 - [TEST_STEP][PASSED] - response2 = scoring.getResponseText(): null

2022-11-25 10:10:56 - [TEST_STEP][PASSED] - markPassed("result service data ke : " + no): result service data ke : 89

2022-11-25 10:10:56 - [MESSAGE][PASSED] - result service data ke : 89

2022-11-25 10:10:56 - [TEST_STEP][PASSED] - logInfo($response2): {"result_konsumen":"Approve","result_pasangan":"Reguler","Final_result":"Approve","errorMessage":"","status":"Done"}

2022-11-25 10:10:56 - [MESSAGE][INFO] - {"result_konsumen":"Approve","result_pasangan":"Reguler","Final_result":"Approve","errorMessage":"","status":"Done"}

2022-11-25 10:10:56 - [TEST_STEP][PASSED] - verifyElementPropertyValue(scoring, "Final_result", final_result): Verify element property value successfully

2022-11-25 10:10:56 - [MESSAGE][PASSED] - Verify element property value successfully]]></system-out>
         <system-err><![CDATA[]]></system-err>
      </testcase>
      <testcase name="Test Cases/Engine_Scoring/Engine Scoring" time="7.043" classname="Test Cases/Engine_Scoring/Engine Scoring" status="PASSED">
         <system-out><![CDATA[2022-11-25 10:10:56 - [TEST_CASE][PASSED] - Test Cases/Engine_Scoring/Engine Scoring: Test Cases/Engine_Scoring/Engine Scoring

2022-11-25 10:10:57 - [TEST_STEP][PASSED] - markPassed("Variasi data ke : " + no): Variasi data ke : 90

2022-11-25 10:10:57 - [MESSAGE][PASSED] - Variasi data ke : 90

2022-11-25 10:10:57 - [TEST_STEP][PASSED] - req_data = sendRequest(findTestObject("Search_ME", ["MID":MID, "source":source, "ip":ip, "userid":userid, "branch":branch, "tipekons":tipekons, "marital":marital, "penjamin":penjamin, ... ])): Send request successfully

2022-11-25 10:10:58 - [MESSAGE][INFO] - HAR: D:\DMS\Engine Scoring\Reports\20221125_100036\Exclude KKB - DS - Married\Scoring Married - CS New\20221125_100036\requests\main\178.har

2022-11-25 10:10:58 - [MESSAGE][PASSED] - Send request successfully

2022-11-25 10:10:58 - [TEST_STEP][PASSED] - slurper = new groovy.json.JsonSlurper(): null

2022-11-25 10:10:58 - [TEST_STEP][PASSED] - result = slurper.parseText(req_data.getResponseBodyContent()): null

2022-11-25 10:10:58 - [TEST_STEP][PASSED] - reqid_kons = requestid1: null

2022-11-25 10:10:58 - [TEST_STEP][PASSED] - reqid_spouse = requestid2: null

2022-11-25 10:10:58 - [TEST_STEP][PASSED] - println("requestid kons : " + reqid_kons): null

2022-11-25 10:10:58 - [TEST_STEP][PASSED] - response_searchME_kons = reqid_kons: null

2022-11-25 10:10:58 - [TEST_STEP][PASSED] - response_searchME_spouse = reqid_spouse: null

2022-11-25 10:10:58 - [TEST_STEP][PASSED] - println("kons req id is :" + response_searchME_kons): null

2022-11-25 10:10:58 - [TEST_STEP][PASSED] - println("spouse req id is : " + response_searchME_spouse): null

2022-11-25 10:10:58 - [TEST_STEP][PASSED] - verifyResponseStatusCode(req_data, 200): Verify response status code successfully

2022-11-25 10:10:58 - [MESSAGE][PASSED] - Verify response status code successfully

2022-11-25 10:10:58 - [TEST_STEP][PASSED] - response = req_data.getResponseText(): null

2022-11-25 10:10:58 - [TEST_STEP][PASSED] - logInfo($response): {"status":"Done","data":{"requestid1":"255619","requestid2":"255620"}}

2022-11-25 10:10:58 - [MESSAGE][INFO] - {"status":"Done","data":{"requestid1":"255619","requestid2":"255620"}}

2022-11-25 10:10:58 - [TEST_STEP][PASSED] - delay(5): Delayed 5 second(s)

2022-11-25 10:11:03 - [MESSAGE][PASSED] - Delayed 5 second(s)

2022-11-25 10:11:03 - [TEST_STEP][PASSED] - scoring = sendRequest(findTestObject("EngineScore", ["response_searchME_kons":response_searchME_kons, "response_searchME_spouse":response_searchME_spouse])): Send request successfully

2022-11-25 10:11:03 - [MESSAGE][INFO] - HAR: D:\DMS\Engine Scoring\Reports\20221125_100036\Exclude KKB - DS - Married\Scoring Married - CS New\20221125_100036\requests\main\179.har

2022-11-25 10:11:03 - [MESSAGE][PASSED] - Send request successfully

2022-11-25 10:11:03 - [TEST_STEP][PASSED] - verifyResponseStatusCode(scoring, 200): Verify response status code successfully

2022-11-25 10:11:03 - [MESSAGE][PASSED] - Verify response status code successfully

2022-11-25 10:11:03 - [TEST_STEP][PASSED] - response2 = scoring.getResponseText(): null

2022-11-25 10:11:03 - [TEST_STEP][PASSED] - markPassed("result service data ke : " + no): result service data ke : 90

2022-11-25 10:11:03 - [MESSAGE][PASSED] - result service data ke : 90

2022-11-25 10:11:03 - [TEST_STEP][PASSED] - logInfo($response2): {"result_konsumen":"Approve","result_pasangan":"Reguler","Final_result":"Approve","errorMessage":"","status":"Done"}

2022-11-25 10:11:03 - [MESSAGE][INFO] - {"result_konsumen":"Approve","result_pasangan":"Reguler","Final_result":"Approve","errorMessage":"","status":"Done"}

2022-11-25 10:11:03 - [TEST_STEP][PASSED] - verifyElementPropertyValue(scoring, "Final_result", final_result): Verify element property value successfully

2022-11-25 10:11:03 - [MESSAGE][PASSED] - Verify element property value successfully]]></system-out>
         <system-err><![CDATA[]]></system-err>
      </testcase>
      <testcase name="Test Cases/Engine_Scoring/Engine Scoring" time="7.058" classname="Test Cases/Engine_Scoring/Engine Scoring" status="PASSED">
         <system-out><![CDATA[2022-11-25 10:11:03 - [TEST_CASE][PASSED] - Test Cases/Engine_Scoring/Engine Scoring: Test Cases/Engine_Scoring/Engine Scoring

2022-11-25 10:11:04 - [TEST_STEP][PASSED] - markPassed("Variasi data ke : " + no): Variasi data ke : 91

2022-11-25 10:11:04 - [MESSAGE][PASSED] - Variasi data ke : 91

2022-11-25 10:11:04 - [TEST_STEP][PASSED] - req_data = sendRequest(findTestObject("Search_ME", ["MID":MID, "source":source, "ip":ip, "userid":userid, "branch":branch, "tipekons":tipekons, "marital":marital, "penjamin":penjamin, ... ])): Send request successfully

2022-11-25 10:11:05 - [MESSAGE][INFO] - HAR: D:\DMS\Engine Scoring\Reports\20221125_100036\Exclude KKB - DS - Married\Scoring Married - CS New\20221125_100036\requests\main\180.har

2022-11-25 10:11:05 - [MESSAGE][PASSED] - Send request successfully

2022-11-25 10:11:05 - [TEST_STEP][PASSED] - slurper = new groovy.json.JsonSlurper(): null

2022-11-25 10:11:05 - [TEST_STEP][PASSED] - result = slurper.parseText(req_data.getResponseBodyContent()): null

2022-11-25 10:11:05 - [TEST_STEP][PASSED] - reqid_kons = requestid1: null

2022-11-25 10:11:05 - [TEST_STEP][PASSED] - reqid_spouse = requestid2: null

2022-11-25 10:11:05 - [TEST_STEP][PASSED] - println("requestid kons : " + reqid_kons): null

2022-11-25 10:11:05 - [TEST_STEP][PASSED] - response_searchME_kons = reqid_kons: null

2022-11-25 10:11:05 - [TEST_STEP][PASSED] - response_searchME_spouse = reqid_spouse: null

2022-11-25 10:11:05 - [TEST_STEP][PASSED] - println("kons req id is :" + response_searchME_kons): null

2022-11-25 10:11:05 - [TEST_STEP][PASSED] - println("spouse req id is : " + response_searchME_spouse): null

2022-11-25 10:11:05 - [TEST_STEP][PASSED] - verifyResponseStatusCode(req_data, 200): Verify response status code successfully

2022-11-25 10:11:05 - [MESSAGE][PASSED] - Verify response status code successfully

2022-11-25 10:11:05 - [TEST_STEP][PASSED] - response = req_data.getResponseText(): null

2022-11-25 10:11:05 - [TEST_STEP][PASSED] - logInfo($response): {"status":"Done","data":{"requestid1":"255621","requestid2":"255622"}}

2022-11-25 10:11:05 - [MESSAGE][INFO] - {"status":"Done","data":{"requestid1":"255621","requestid2":"255622"}}

2022-11-25 10:11:05 - [TEST_STEP][PASSED] - delay(5): Delayed 5 second(s)

2022-11-25 10:11:10 - [MESSAGE][PASSED] - Delayed 5 second(s)

2022-11-25 10:11:10 - [TEST_STEP][PASSED] - scoring = sendRequest(findTestObject("EngineScore", ["response_searchME_kons":response_searchME_kons, "response_searchME_spouse":response_searchME_spouse])): Send request successfully

2022-11-25 10:11:10 - [MESSAGE][INFO] - HAR: D:\DMS\Engine Scoring\Reports\20221125_100036\Exclude KKB - DS - Married\Scoring Married - CS New\20221125_100036\requests\main\181.har

2022-11-25 10:11:10 - [MESSAGE][PASSED] - Send request successfully

2022-11-25 10:11:10 - [TEST_STEP][PASSED] - verifyResponseStatusCode(scoring, 200): Verify response status code successfully

2022-11-25 10:11:10 - [MESSAGE][PASSED] - Verify response status code successfully

2022-11-25 10:11:10 - [TEST_STEP][PASSED] - response2 = scoring.getResponseText(): null

2022-11-25 10:11:10 - [TEST_STEP][PASSED] - markPassed("result service data ke : " + no): result service data ke : 91

2022-11-25 10:11:10 - [MESSAGE][PASSED] - result service data ke : 91

2022-11-25 10:11:10 - [TEST_STEP][PASSED] - logInfo($response2): {"result_konsumen":"Approve","result_pasangan":"Approve","Final_result":"Approve","errorMessage":"","status":"Done"}

2022-11-25 10:11:10 - [MESSAGE][INFO] - {"result_konsumen":"Approve","result_pasangan":"Approve","Final_result":"Approve","errorMessage":"","status":"Done"}

2022-11-25 10:11:10 - [TEST_STEP][PASSED] - verifyElementPropertyValue(scoring, "Final_result", final_result): Verify element property value successfully

2022-11-25 10:11:10 - [MESSAGE][PASSED] - Verify element property value successfully]]></system-out>
         <system-err><![CDATA[]]></system-err>
      </testcase>
      <testcase name="Test Cases/Engine_Scoring/Engine Scoring" time="7.062" classname="Test Cases/Engine_Scoring/Engine Scoring" status="PASSED">
         <system-out><![CDATA[2022-11-25 10:11:10 - [TEST_CASE][PASSED] - Test Cases/Engine_Scoring/Engine Scoring: Test Cases/Engine_Scoring/Engine Scoring

2022-11-25 10:11:11 - [TEST_STEP][PASSED] - markPassed("Variasi data ke : " + no): Variasi data ke : 92

2022-11-25 10:11:11 - [MESSAGE][PASSED] - Variasi data ke : 92

2022-11-25 10:11:11 - [TEST_STEP][PASSED] - req_data = sendRequest(findTestObject("Search_ME", ["MID":MID, "source":source, "ip":ip, "userid":userid, "branch":branch, "tipekons":tipekons, "marital":marital, "penjamin":penjamin, ... ])): Send request successfully

2022-11-25 10:11:12 - [MESSAGE][INFO] - HAR: D:\DMS\Engine Scoring\Reports\20221125_100036\Exclude KKB - DS - Married\Scoring Married - CS New\20221125_100036\requests\main\182.har

2022-11-25 10:11:12 - [MESSAGE][PASSED] - Send request successfully

2022-11-25 10:11:12 - [TEST_STEP][PASSED] - slurper = new groovy.json.JsonSlurper(): null

2022-11-25 10:11:12 - [TEST_STEP][PASSED] - result = slurper.parseText(req_data.getResponseBodyContent()): null

2022-11-25 10:11:12 - [TEST_STEP][PASSED] - reqid_kons = requestid1: null

2022-11-25 10:11:12 - [TEST_STEP][PASSED] - reqid_spouse = requestid2: null

2022-11-25 10:11:12 - [TEST_STEP][PASSED] - println("requestid kons : " + reqid_kons): null

2022-11-25 10:11:12 - [TEST_STEP][PASSED] - response_searchME_kons = reqid_kons: null

2022-11-25 10:11:12 - [TEST_STEP][PASSED] - response_searchME_spouse = reqid_spouse: null

2022-11-25 10:11:12 - [TEST_STEP][PASSED] - println("kons req id is :" + response_searchME_kons): null

2022-11-25 10:11:12 - [TEST_STEP][PASSED] - println("spouse req id is : " + response_searchME_spouse): null

2022-11-25 10:11:12 - [TEST_STEP][PASSED] - verifyResponseStatusCode(req_data, 200): Verify response status code successfully

2022-11-25 10:11:12 - [MESSAGE][PASSED] - Verify response status code successfully

2022-11-25 10:11:12 - [TEST_STEP][PASSED] - response = req_data.getResponseText(): null

2022-11-25 10:11:12 - [TEST_STEP][PASSED] - logInfo($response): {"status":"Done","data":{"requestid1":"255623","requestid2":"255624"}}

2022-11-25 10:11:12 - [MESSAGE][INFO] - {"status":"Done","data":{"requestid1":"255623","requestid2":"255624"}}

2022-11-25 10:11:12 - [TEST_STEP][PASSED] - delay(5): Delayed 5 second(s)

2022-11-25 10:11:17 - [MESSAGE][PASSED] - Delayed 5 second(s)

2022-11-25 10:11:17 - [TEST_STEP][PASSED] - scoring = sendRequest(findTestObject("EngineScore", ["response_searchME_kons":response_searchME_kons, "response_searchME_spouse":response_searchME_spouse])): Send request successfully

2022-11-25 10:11:17 - [MESSAGE][INFO] - HAR: D:\DMS\Engine Scoring\Reports\20221125_100036\Exclude KKB - DS - Married\Scoring Married - CS New\20221125_100036\requests\main\183.har

2022-11-25 10:11:17 - [MESSAGE][PASSED] - Send request successfully

2022-11-25 10:11:17 - [TEST_STEP][PASSED] - verifyResponseStatusCode(scoring, 200): Verify response status code successfully

2022-11-25 10:11:17 - [MESSAGE][PASSED] - Verify response status code successfully

2022-11-25 10:11:17 - [TEST_STEP][PASSED] - response2 = scoring.getResponseText(): null

2022-11-25 10:11:17 - [TEST_STEP][PASSED] - markPassed("result service data ke : " + no): result service data ke : 92

2022-11-25 10:11:17 - [MESSAGE][PASSED] - result service data ke : 92

2022-11-25 10:11:17 - [TEST_STEP][PASSED] - logInfo($response2): {"result_konsumen":"Approve","result_pasangan":"Approve","Final_result":"Approve","errorMessage":"","status":"Done"}

2022-11-25 10:11:17 - [MESSAGE][INFO] - {"result_konsumen":"Approve","result_pasangan":"Approve","Final_result":"Approve","errorMessage":"","status":"Done"}

2022-11-25 10:11:17 - [TEST_STEP][PASSED] - verifyElementPropertyValue(scoring, "Final_result", final_result): Verify element property value successfully

2022-11-25 10:11:17 - [MESSAGE][PASSED] - Verify element property value successfully]]></system-out>
         <system-err><![CDATA[]]></system-err>
      </testcase>
      <testcase name="Test Cases/Engine_Scoring/Engine Scoring" time="7.116" classname="Test Cases/Engine_Scoring/Engine Scoring" status="PASSED">
         <system-out><![CDATA[2022-11-25 10:11:17 - [TEST_CASE][PASSED] - Test Cases/Engine_Scoring/Engine Scoring: Test Cases/Engine_Scoring/Engine Scoring

2022-11-25 10:11:18 - [TEST_STEP][PASSED] - markPassed("Variasi data ke : " + no): Variasi data ke : 93

2022-11-25 10:11:18 - [MESSAGE][PASSED] - Variasi data ke : 93

2022-11-25 10:11:18 - [TEST_STEP][PASSED] - req_data = sendRequest(findTestObject("Search_ME", ["MID":MID, "source":source, "ip":ip, "userid":userid, "branch":branch, "tipekons":tipekons, "marital":marital, "penjamin":penjamin, ... ])): Send request successfully

2022-11-25 10:11:19 - [MESSAGE][INFO] - HAR: D:\DMS\Engine Scoring\Reports\20221125_100036\Exclude KKB - DS - Married\Scoring Married - CS New\20221125_100036\requests\main\184.har

2022-11-25 10:11:19 - [MESSAGE][PASSED] - Send request successfully

2022-11-25 10:11:19 - [TEST_STEP][PASSED] - slurper = new groovy.json.JsonSlurper(): null

2022-11-25 10:11:19 - [TEST_STEP][PASSED] - result = slurper.parseText(req_data.getResponseBodyContent()): null

2022-11-25 10:11:19 - [TEST_STEP][PASSED] - reqid_kons = requestid1: null

2022-11-25 10:11:19 - [TEST_STEP][PASSED] - reqid_spouse = requestid2: null

2022-11-25 10:11:19 - [TEST_STEP][PASSED] - println("requestid kons : " + reqid_kons): null

2022-11-25 10:11:19 - [TEST_STEP][PASSED] - response_searchME_kons = reqid_kons: null

2022-11-25 10:11:19 - [TEST_STEP][PASSED] - response_searchME_spouse = reqid_spouse: null

2022-11-25 10:11:19 - [TEST_STEP][PASSED] - println("kons req id is :" + response_searchME_kons): null

2022-11-25 10:11:19 - [TEST_STEP][PASSED] - println("spouse req id is : " + response_searchME_spouse): null

2022-11-25 10:11:19 - [TEST_STEP][PASSED] - verifyResponseStatusCode(req_data, 200): Verify response status code successfully

2022-11-25 10:11:19 - [MESSAGE][PASSED] - Verify response status code successfully

2022-11-25 10:11:19 - [TEST_STEP][PASSED] - response = req_data.getResponseText(): null

2022-11-25 10:11:19 - [TEST_STEP][PASSED] - logInfo($response): {"status":"Done","data":{"requestid1":"255625","requestid2":"255626"}}

2022-11-25 10:11:19 - [MESSAGE][INFO] - {"status":"Done","data":{"requestid1":"255625","requestid2":"255626"}}

2022-11-25 10:11:19 - [TEST_STEP][PASSED] - delay(5): Delayed 5 second(s)

2022-11-25 10:11:24 - [MESSAGE][PASSED] - Delayed 5 second(s)

2022-11-25 10:11:24 - [TEST_STEP][PASSED] - scoring = sendRequest(findTestObject("EngineScore", ["response_searchME_kons":response_searchME_kons, "response_searchME_spouse":response_searchME_spouse])): Send request successfully

2022-11-25 10:11:24 - [MESSAGE][INFO] - HAR: D:\DMS\Engine Scoring\Reports\20221125_100036\Exclude KKB - DS - Married\Scoring Married - CS New\20221125_100036\requests\main\185.har

2022-11-25 10:11:24 - [MESSAGE][PASSED] - Send request successfully

2022-11-25 10:11:24 - [TEST_STEP][PASSED] - verifyResponseStatusCode(scoring, 200): Verify response status code successfully

2022-11-25 10:11:24 - [MESSAGE][PASSED] - Verify response status code successfully

2022-11-25 10:11:24 - [TEST_STEP][PASSED] - response2 = scoring.getResponseText(): null

2022-11-25 10:11:24 - [TEST_STEP][PASSED] - markPassed("result service data ke : " + no): result service data ke : 93

2022-11-25 10:11:24 - [MESSAGE][PASSED] - result service data ke : 93

2022-11-25 10:11:24 - [TEST_STEP][PASSED] - logInfo($response2): {"result_konsumen":"Approve","result_pasangan":"Approve","Final_result":"Approve","errorMessage":"","status":"Done"}

2022-11-25 10:11:24 - [MESSAGE][INFO] - {"result_konsumen":"Approve","result_pasangan":"Approve","Final_result":"Approve","errorMessage":"","status":"Done"}

2022-11-25 10:11:24 - [TEST_STEP][PASSED] - verifyElementPropertyValue(scoring, "Final_result", final_result): Verify element property value successfully

2022-11-25 10:11:24 - [MESSAGE][PASSED] - Verify element property value successfully]]></system-out>
         <system-err><![CDATA[]]></system-err>
      </testcase>
      <testcase name="Test Cases/Engine_Scoring/Engine Scoring" time="6.971" classname="Test Cases/Engine_Scoring/Engine Scoring" status="PASSED">
         <system-out><![CDATA[2022-11-25 10:11:25 - [TEST_CASE][PASSED] - Test Cases/Engine_Scoring/Engine Scoring: Test Cases/Engine_Scoring/Engine Scoring

2022-11-25 10:11:25 - [TEST_STEP][PASSED] - markPassed("Variasi data ke : " + no): Variasi data ke : 94

2022-11-25 10:11:25 - [MESSAGE][PASSED] - Variasi data ke : 94

2022-11-25 10:11:25 - [TEST_STEP][PASSED] - req_data = sendRequest(findTestObject("Search_ME", ["MID":MID, "source":source, "ip":ip, "userid":userid, "branch":branch, "tipekons":tipekons, "marital":marital, "penjamin":penjamin, ... ])): Send request successfully

2022-11-25 10:11:26 - [MESSAGE][INFO] - HAR: D:\DMS\Engine Scoring\Reports\20221125_100036\Exclude KKB - DS - Married\Scoring Married - CS New\20221125_100036\requests\main\186.har

2022-11-25 10:11:26 - [MESSAGE][PASSED] - Send request successfully

2022-11-25 10:11:26 - [TEST_STEP][PASSED] - slurper = new groovy.json.JsonSlurper(): null

2022-11-25 10:11:26 - [TEST_STEP][PASSED] - result = slurper.parseText(req_data.getResponseBodyContent()): null

2022-11-25 10:11:26 - [TEST_STEP][PASSED] - reqid_kons = requestid1: null

2022-11-25 10:11:26 - [TEST_STEP][PASSED] - reqid_spouse = requestid2: null

2022-11-25 10:11:26 - [TEST_STEP][PASSED] - println("requestid kons : " + reqid_kons): null

2022-11-25 10:11:26 - [TEST_STEP][PASSED] - response_searchME_kons = reqid_kons: null

2022-11-25 10:11:26 - [TEST_STEP][PASSED] - response_searchME_spouse = reqid_spouse: null

2022-11-25 10:11:26 - [TEST_STEP][PASSED] - println("kons req id is :" + response_searchME_kons): null

2022-11-25 10:11:26 - [TEST_STEP][PASSED] - println("spouse req id is : " + response_searchME_spouse): null

2022-11-25 10:11:26 - [TEST_STEP][PASSED] - verifyResponseStatusCode(req_data, 200): Verify response status code successfully

2022-11-25 10:11:26 - [MESSAGE][PASSED] - Verify response status code successfully

2022-11-25 10:11:26 - [TEST_STEP][PASSED] - response = req_data.getResponseText(): null

2022-11-25 10:11:26 - [TEST_STEP][PASSED] - logInfo($response): {"status":"Done","data":{"requestid1":"255627","requestid2":"255628"}}

2022-11-25 10:11:26 - [MESSAGE][INFO] - {"status":"Done","data":{"requestid1":"255627","requestid2":"255628"}}

2022-11-25 10:11:26 - [TEST_STEP][PASSED] - delay(5): Delayed 5 second(s)

2022-11-25 10:11:31 - [MESSAGE][PASSED] - Delayed 5 second(s)

2022-11-25 10:11:31 - [TEST_STEP][PASSED] - scoring = sendRequest(findTestObject("EngineScore", ["response_searchME_kons":response_searchME_kons, "response_searchME_spouse":response_searchME_spouse])): Send request successfully

2022-11-25 10:11:31 - [MESSAGE][INFO] - HAR: D:\DMS\Engine Scoring\Reports\20221125_100036\Exclude KKB - DS - Married\Scoring Married - CS New\20221125_100036\requests\main\187.har

2022-11-25 10:11:31 - [MESSAGE][PASSED] - Send request successfully

2022-11-25 10:11:31 - [TEST_STEP][PASSED] - verifyResponseStatusCode(scoring, 200): Verify response status code successfully

2022-11-25 10:11:31 - [MESSAGE][PASSED] - Verify response status code successfully

2022-11-25 10:11:31 - [TEST_STEP][PASSED] - response2 = scoring.getResponseText(): null

2022-11-25 10:11:31 - [TEST_STEP][PASSED] - markPassed("result service data ke : " + no): result service data ke : 94

2022-11-25 10:11:31 - [MESSAGE][PASSED] - result service data ke : 94

2022-11-25 10:11:31 - [TEST_STEP][PASSED] - logInfo($response2): {"result_konsumen":"Approve","result_pasangan":"Approve","Final_result":"Approve","errorMessage":"","status":"Done"}

2022-11-25 10:11:31 - [MESSAGE][INFO] - {"result_konsumen":"Approve","result_pasangan":"Approve","Final_result":"Approve","errorMessage":"","status":"Done"}

2022-11-25 10:11:31 - [TEST_STEP][PASSED] - verifyElementPropertyValue(scoring, "Final_result", final_result): Verify element property value successfully

2022-11-25 10:11:31 - [MESSAGE][PASSED] - Verify element property value successfully]]></system-out>
         <system-err><![CDATA[]]></system-err>
      </testcase>
      <testcase name="Test Cases/Engine_Scoring/Engine Scoring" time="7.033" classname="Test Cases/Engine_Scoring/Engine Scoring" status="PASSED">
         <system-out><![CDATA[2022-11-25 10:11:32 - [TEST_CASE][PASSED] - Test Cases/Engine_Scoring/Engine Scoring: Test Cases/Engine_Scoring/Engine Scoring

2022-11-25 10:11:32 - [TEST_STEP][PASSED] - markPassed("Variasi data ke : " + no): Variasi data ke : 95

2022-11-25 10:11:32 - [MESSAGE][PASSED] - Variasi data ke : 95

2022-11-25 10:11:32 - [TEST_STEP][PASSED] - req_data = sendRequest(findTestObject("Search_ME", ["MID":MID, "source":source, "ip":ip, "userid":userid, "branch":branch, "tipekons":tipekons, "marital":marital, "penjamin":penjamin, ... ])): Send request successfully

2022-11-25 10:11:33 - [MESSAGE][INFO] - HAR: D:\DMS\Engine Scoring\Reports\20221125_100036\Exclude KKB - DS - Married\Scoring Married - CS New\20221125_100036\requests\main\188.har

2022-11-25 10:11:33 - [MESSAGE][PASSED] - Send request successfully

2022-11-25 10:11:33 - [TEST_STEP][PASSED] - slurper = new groovy.json.JsonSlurper(): null

2022-11-25 10:11:33 - [TEST_STEP][PASSED] - result = slurper.parseText(req_data.getResponseBodyContent()): null

2022-11-25 10:11:33 - [TEST_STEP][PASSED] - reqid_kons = requestid1: null

2022-11-25 10:11:33 - [TEST_STEP][PASSED] - reqid_spouse = requestid2: null

2022-11-25 10:11:33 - [TEST_STEP][PASSED] - println("requestid kons : " + reqid_kons): null

2022-11-25 10:11:33 - [TEST_STEP][PASSED] - response_searchME_kons = reqid_kons: null

2022-11-25 10:11:33 - [TEST_STEP][PASSED] - response_searchME_spouse = reqid_spouse: null

2022-11-25 10:11:33 - [TEST_STEP][PASSED] - println("kons req id is :" + response_searchME_kons): null

2022-11-25 10:11:33 - [TEST_STEP][PASSED] - println("spouse req id is : " + response_searchME_spouse): null

2022-11-25 10:11:33 - [TEST_STEP][PASSED] - verifyResponseStatusCode(req_data, 200): Verify response status code successfully

2022-11-25 10:11:33 - [MESSAGE][PASSED] - Verify response status code successfully

2022-11-25 10:11:33 - [TEST_STEP][PASSED] - response = req_data.getResponseText(): null

2022-11-25 10:11:33 - [TEST_STEP][PASSED] - logInfo($response): {"status":"Done","data":{"requestid1":"255629","requestid2":"255630"}}

2022-11-25 10:11:33 - [MESSAGE][INFO] - {"status":"Done","data":{"requestid1":"255629","requestid2":"255630"}}

2022-11-25 10:11:33 - [TEST_STEP][PASSED] - delay(5): Delayed 5 second(s)

2022-11-25 10:11:38 - [MESSAGE][PASSED] - Delayed 5 second(s)

2022-11-25 10:11:38 - [TEST_STEP][PASSED] - scoring = sendRequest(findTestObject("EngineScore", ["response_searchME_kons":response_searchME_kons, "response_searchME_spouse":response_searchME_spouse])): Send request successfully

2022-11-25 10:11:39 - [MESSAGE][INFO] - HAR: D:\DMS\Engine Scoring\Reports\20221125_100036\Exclude KKB - DS - Married\Scoring Married - CS New\20221125_100036\requests\main\189.har

2022-11-25 10:11:39 - [MESSAGE][PASSED] - Send request successfully

2022-11-25 10:11:39 - [TEST_STEP][PASSED] - verifyResponseStatusCode(scoring, 200): Verify response status code successfully

2022-11-25 10:11:39 - [MESSAGE][PASSED] - Verify response status code successfully

2022-11-25 10:11:39 - [TEST_STEP][PASSED] - response2 = scoring.getResponseText(): null

2022-11-25 10:11:39 - [TEST_STEP][PASSED] - markPassed("result service data ke : " + no): result service data ke : 95

2022-11-25 10:11:39 - [MESSAGE][PASSED] - result service data ke : 95

2022-11-25 10:11:39 - [TEST_STEP][PASSED] - logInfo($response2): {"result_konsumen":"Approve","result_pasangan":"Reject","Final_result":"Reject","errorMessage":"","status":"Done"}

2022-11-25 10:11:39 - [MESSAGE][INFO] - {"result_konsumen":"Approve","result_pasangan":"Reject","Final_result":"Reject","errorMessage":"","status":"Done"}

2022-11-25 10:11:39 - [TEST_STEP][PASSED] - verifyElementPropertyValue(scoring, "Final_result", final_result): Verify element property value successfully

2022-11-25 10:11:39 - [MESSAGE][PASSED] - Verify element property value successfully]]></system-out>
         <system-err><![CDATA[]]></system-err>
      </testcase>
      <testcase name="Test Cases/Engine_Scoring/Engine Scoring" time="7.191" classname="Test Cases/Engine_Scoring/Engine Scoring" status="PASSED">
         <system-out><![CDATA[2022-11-25 10:11:39 - [TEST_CASE][PASSED] - Test Cases/Engine_Scoring/Engine Scoring: Test Cases/Engine_Scoring/Engine Scoring

2022-11-25 10:11:40 - [TEST_STEP][PASSED] - markPassed("Variasi data ke : " + no): Variasi data ke : 96

2022-11-25 10:11:40 - [MESSAGE][PASSED] - Variasi data ke : 96

2022-11-25 10:11:40 - [TEST_STEP][PASSED] - req_data = sendRequest(findTestObject("Search_ME", ["MID":MID, "source":source, "ip":ip, "userid":userid, "branch":branch, "tipekons":tipekons, "marital":marital, "penjamin":penjamin, ... ])): Send request successfully

2022-11-25 10:11:41 - [MESSAGE][INFO] - HAR: D:\DMS\Engine Scoring\Reports\20221125_100036\Exclude KKB - DS - Married\Scoring Married - CS New\20221125_100036\requests\main\190.har

2022-11-25 10:11:41 - [MESSAGE][PASSED] - Send request successfully

2022-11-25 10:11:41 - [TEST_STEP][PASSED] - slurper = new groovy.json.JsonSlurper(): null

2022-11-25 10:11:41 - [TEST_STEP][PASSED] - result = slurper.parseText(req_data.getResponseBodyContent()): null

2022-11-25 10:11:41 - [TEST_STEP][PASSED] - reqid_kons = requestid1: null

2022-11-25 10:11:41 - [TEST_STEP][PASSED] - reqid_spouse = requestid2: null

2022-11-25 10:11:41 - [TEST_STEP][PASSED] - println("requestid kons : " + reqid_kons): null

2022-11-25 10:11:41 - [TEST_STEP][PASSED] - response_searchME_kons = reqid_kons: null

2022-11-25 10:11:41 - [TEST_STEP][PASSED] - response_searchME_spouse = reqid_spouse: null

2022-11-25 10:11:41 - [TEST_STEP][PASSED] - println("kons req id is :" + response_searchME_kons): null

2022-11-25 10:11:41 - [TEST_STEP][PASSED] - println("spouse req id is : " + response_searchME_spouse): null

2022-11-25 10:11:41 - [TEST_STEP][PASSED] - verifyResponseStatusCode(req_data, 200): Verify response status code successfully

2022-11-25 10:11:41 - [MESSAGE][PASSED] - Verify response status code successfully

2022-11-25 10:11:41 - [TEST_STEP][PASSED] - response = req_data.getResponseText(): null

2022-11-25 10:11:41 - [TEST_STEP][PASSED] - logInfo($response): {"status":"Done","data":{"requestid1":"255631","requestid2":"255632"}}

2022-11-25 10:11:41 - [MESSAGE][INFO] - {"status":"Done","data":{"requestid1":"255631","requestid2":"255632"}}

2022-11-25 10:11:41 - [TEST_STEP][PASSED] - delay(5): Delayed 5 second(s)

2022-11-25 10:11:46 - [MESSAGE][PASSED] - Delayed 5 second(s)

2022-11-25 10:11:46 - [TEST_STEP][PASSED] - scoring = sendRequest(findTestObject("EngineScore", ["response_searchME_kons":response_searchME_kons, "response_searchME_spouse":response_searchME_spouse])): Send request successfully

2022-11-25 10:11:46 - [MESSAGE][INFO] - HAR: D:\DMS\Engine Scoring\Reports\20221125_100036\Exclude KKB - DS - Married\Scoring Married - CS New\20221125_100036\requests\main\191.har

2022-11-25 10:11:46 - [MESSAGE][PASSED] - Send request successfully

2022-11-25 10:11:46 - [TEST_STEP][PASSED] - verifyResponseStatusCode(scoring, 200): Verify response status code successfully

2022-11-25 10:11:46 - [MESSAGE][PASSED] - Verify response status code successfully

2022-11-25 10:11:46 - [TEST_STEP][PASSED] - response2 = scoring.getResponseText(): null

2022-11-25 10:11:46 - [TEST_STEP][PASSED] - markPassed("result service data ke : " + no): result service data ke : 96

2022-11-25 10:11:46 - [MESSAGE][PASSED] - result service data ke : 96

2022-11-25 10:11:46 - [TEST_STEP][PASSED] - logInfo($response2): {"result_konsumen":"Approve","result_pasangan":"Reject","Final_result":"Reject","errorMessage":"","status":"Done"}

2022-11-25 10:11:46 - [MESSAGE][INFO] - {"result_konsumen":"Approve","result_pasangan":"Reject","Final_result":"Reject","errorMessage":"","status":"Done"}

2022-11-25 10:11:46 - [TEST_STEP][PASSED] - verifyElementPropertyValue(scoring, "Final_result", final_result): Verify element property value successfully

2022-11-25 10:11:46 - [MESSAGE][PASSED] - Verify element property value successfully]]></system-out>
         <system-err><![CDATA[]]></system-err>
      </testcase>
      <testcase name="Test Cases/Engine_Scoring/Engine Scoring" time="7.226" classname="Test Cases/Engine_Scoring/Engine Scoring" status="PASSED">
         <system-out><![CDATA[2022-11-25 10:11:46 - [TEST_CASE][PASSED] - Test Cases/Engine_Scoring/Engine Scoring: Test Cases/Engine_Scoring/Engine Scoring

2022-11-25 10:11:47 - [TEST_STEP][PASSED] - markPassed("Variasi data ke : " + no): Variasi data ke : 97

2022-11-25 10:11:47 - [MESSAGE][PASSED] - Variasi data ke : 97

2022-11-25 10:11:47 - [TEST_STEP][PASSED] - req_data = sendRequest(findTestObject("Search_ME", ["MID":MID, "source":source, "ip":ip, "userid":userid, "branch":branch, "tipekons":tipekons, "marital":marital, "penjamin":penjamin, ... ])): Send request successfully

2022-11-25 10:11:48 - [MESSAGE][INFO] - HAR: D:\DMS\Engine Scoring\Reports\20221125_100036\Exclude KKB - DS - Married\Scoring Married - CS New\20221125_100036\requests\main\192.har

2022-11-25 10:11:48 - [MESSAGE][PASSED] - Send request successfully

2022-11-25 10:11:48 - [TEST_STEP][PASSED] - slurper = new groovy.json.JsonSlurper(): null

2022-11-25 10:11:48 - [TEST_STEP][PASSED] - result = slurper.parseText(req_data.getResponseBodyContent()): null

2022-11-25 10:11:48 - [TEST_STEP][PASSED] - reqid_kons = requestid1: null

2022-11-25 10:11:48 - [TEST_STEP][PASSED] - reqid_spouse = requestid2: null

2022-11-25 10:11:48 - [TEST_STEP][PASSED] - println("requestid kons : " + reqid_kons): null

2022-11-25 10:11:48 - [TEST_STEP][PASSED] - response_searchME_kons = reqid_kons: null

2022-11-25 10:11:48 - [TEST_STEP][PASSED] - response_searchME_spouse = reqid_spouse: null

2022-11-25 10:11:48 - [TEST_STEP][PASSED] - println("kons req id is :" + response_searchME_kons): null

2022-11-25 10:11:48 - [TEST_STEP][PASSED] - println("spouse req id is : " + response_searchME_spouse): null

2022-11-25 10:11:48 - [TEST_STEP][PASSED] - verifyResponseStatusCode(req_data, 200): Verify response status code successfully

2022-11-25 10:11:48 - [MESSAGE][PASSED] - Verify response status code successfully

2022-11-25 10:11:48 - [TEST_STEP][PASSED] - response = req_data.getResponseText(): null

2022-11-25 10:11:48 - [TEST_STEP][PASSED] - logInfo($response): {"status":"Done","data":{"requestid1":"255633","requestid2":"255634"}}

2022-11-25 10:11:48 - [MESSAGE][INFO] - {"status":"Done","data":{"requestid1":"255633","requestid2":"255634"}}

2022-11-25 10:11:48 - [TEST_STEP][PASSED] - delay(5): Delayed 5 second(s)

2022-11-25 10:11:53 - [MESSAGE][PASSED] - Delayed 5 second(s)

2022-11-25 10:11:53 - [TEST_STEP][PASSED] - scoring = sendRequest(findTestObject("EngineScore", ["response_searchME_kons":response_searchME_kons, "response_searchME_spouse":response_searchME_spouse])): Send request successfully

2022-11-25 10:11:53 - [MESSAGE][INFO] - HAR: D:\DMS\Engine Scoring\Reports\20221125_100036\Exclude KKB - DS - Married\Scoring Married - CS New\20221125_100036\requests\main\193.har

2022-11-25 10:11:53 - [MESSAGE][PASSED] - Send request successfully

2022-11-25 10:11:53 - [TEST_STEP][PASSED] - verifyResponseStatusCode(scoring, 200): Verify response status code successfully

2022-11-25 10:11:53 - [MESSAGE][PASSED] - Verify response status code successfully

2022-11-25 10:11:53 - [TEST_STEP][PASSED] - response2 = scoring.getResponseText(): null

2022-11-25 10:11:53 - [TEST_STEP][PASSED] - markPassed("result service data ke : " + no): result service data ke : 97

2022-11-25 10:11:53 - [MESSAGE][PASSED] - result service data ke : 97

2022-11-25 10:11:53 - [TEST_STEP][PASSED] - logInfo($response2): {"result_konsumen":"Approve","result_pasangan":"Reject","Final_result":"Reject","errorMessage":"","status":"Done"}

2022-11-25 10:11:53 - [MESSAGE][INFO] - {"result_konsumen":"Approve","result_pasangan":"Reject","Final_result":"Reject","errorMessage":"","status":"Done"}

2022-11-25 10:11:53 - [TEST_STEP][PASSED] - verifyElementPropertyValue(scoring, "Final_result", final_result): Verify element property value successfully

2022-11-25 10:11:53 - [MESSAGE][PASSED] - Verify element property value successfully]]></system-out>
         <system-err><![CDATA[]]></system-err>
      </testcase>
      <testcase name="Test Cases/Engine_Scoring/Engine Scoring" time="7.156" classname="Test Cases/Engine_Scoring/Engine Scoring" status="PASSED">
         <system-out><![CDATA[2022-11-25 10:11:53 - [TEST_CASE][PASSED] - Test Cases/Engine_Scoring/Engine Scoring: Test Cases/Engine_Scoring/Engine Scoring

2022-11-25 10:11:54 - [TEST_STEP][PASSED] - markPassed("Variasi data ke : " + no): Variasi data ke : 98

2022-11-25 10:11:54 - [MESSAGE][PASSED] - Variasi data ke : 98

2022-11-25 10:11:54 - [TEST_STEP][PASSED] - req_data = sendRequest(findTestObject("Search_ME", ["MID":MID, "source":source, "ip":ip, "userid":userid, "branch":branch, "tipekons":tipekons, "marital":marital, "penjamin":penjamin, ... ])): Send request successfully

2022-11-25 10:11:55 - [MESSAGE][INFO] - HAR: D:\DMS\Engine Scoring\Reports\20221125_100036\Exclude KKB - DS - Married\Scoring Married - CS New\20221125_100036\requests\main\194.har

2022-11-25 10:11:55 - [MESSAGE][PASSED] - Send request successfully

2022-11-25 10:11:55 - [TEST_STEP][PASSED] - slurper = new groovy.json.JsonSlurper(): null

2022-11-25 10:11:55 - [TEST_STEP][PASSED] - result = slurper.parseText(req_data.getResponseBodyContent()): null

2022-11-25 10:11:55 - [TEST_STEP][PASSED] - reqid_kons = requestid1: null

2022-11-25 10:11:55 - [TEST_STEP][PASSED] - reqid_spouse = requestid2: null

2022-11-25 10:11:55 - [TEST_STEP][PASSED] - println("requestid kons : " + reqid_kons): null

2022-11-25 10:11:55 - [TEST_STEP][PASSED] - response_searchME_kons = reqid_kons: null

2022-11-25 10:11:55 - [TEST_STEP][PASSED] - response_searchME_spouse = reqid_spouse: null

2022-11-25 10:11:55 - [TEST_STEP][PASSED] - println("kons req id is :" + response_searchME_kons): null

2022-11-25 10:11:55 - [TEST_STEP][PASSED] - println("spouse req id is : " + response_searchME_spouse): null

2022-11-25 10:11:55 - [TEST_STEP][PASSED] - verifyResponseStatusCode(req_data, 200): Verify response status code successfully

2022-11-25 10:11:55 - [MESSAGE][PASSED] - Verify response status code successfully

2022-11-25 10:11:55 - [TEST_STEP][PASSED] - response = req_data.getResponseText(): null

2022-11-25 10:11:55 - [TEST_STEP][PASSED] - logInfo($response): {"status":"Done","data":{"requestid1":"255635","requestid2":"255636"}}

2022-11-25 10:11:55 - [MESSAGE][INFO] - {"status":"Done","data":{"requestid1":"255635","requestid2":"255636"}}

2022-11-25 10:11:55 - [TEST_STEP][PASSED] - delay(5): Delayed 5 second(s)

2022-11-25 10:12:00 - [MESSAGE][PASSED] - Delayed 5 second(s)

2022-11-25 10:12:00 - [TEST_STEP][PASSED] - scoring = sendRequest(findTestObject("EngineScore", ["response_searchME_kons":response_searchME_kons, "response_searchME_spouse":response_searchME_spouse])): Send request successfully

2022-11-25 10:12:00 - [MESSAGE][INFO] - HAR: D:\DMS\Engine Scoring\Reports\20221125_100036\Exclude KKB - DS - Married\Scoring Married - CS New\20221125_100036\requests\main\195.har

2022-11-25 10:12:00 - [MESSAGE][PASSED] - Send request successfully

2022-11-25 10:12:00 - [TEST_STEP][PASSED] - verifyResponseStatusCode(scoring, 200): Verify response status code successfully

2022-11-25 10:12:00 - [MESSAGE][PASSED] - Verify response status code successfully

2022-11-25 10:12:00 - [TEST_STEP][PASSED] - response2 = scoring.getResponseText(): null

2022-11-25 10:12:00 - [TEST_STEP][PASSED] - markPassed("result service data ke : " + no): result service data ke : 98

2022-11-25 10:12:00 - [MESSAGE][PASSED] - result service data ke : 98

2022-11-25 10:12:00 - [TEST_STEP][PASSED] - logInfo($response2): {"result_konsumen":"Approve","result_pasangan":"Reguler","Final_result":"Approve","errorMessage":"","status":"Done"}

2022-11-25 10:12:00 - [MESSAGE][INFO] - {"result_konsumen":"Approve","result_pasangan":"Reguler","Final_result":"Approve","errorMessage":"","status":"Done"}

2022-11-25 10:12:00 - [TEST_STEP][PASSED] - verifyElementPropertyValue(scoring, "Final_result", final_result): Verify element property value successfully

2022-11-25 10:12:00 - [MESSAGE][PASSED] - Verify element property value successfully]]></system-out>
         <system-err><![CDATA[]]></system-err>
      </testcase>
      <testcase name="Test Cases/Engine_Scoring/Engine Scoring" time="7.15" classname="Test Cases/Engine_Scoring/Engine Scoring" status="PASSED">
         <system-out><![CDATA[2022-11-25 10:12:00 - [TEST_CASE][PASSED] - Test Cases/Engine_Scoring/Engine Scoring: Test Cases/Engine_Scoring/Engine Scoring

2022-11-25 10:12:01 - [TEST_STEP][PASSED] - markPassed("Variasi data ke : " + no): Variasi data ke : 99

2022-11-25 10:12:01 - [MESSAGE][PASSED] - Variasi data ke : 99

2022-11-25 10:12:01 - [TEST_STEP][PASSED] - req_data = sendRequest(findTestObject("Search_ME", ["MID":MID, "source":source, "ip":ip, "userid":userid, "branch":branch, "tipekons":tipekons, "marital":marital, "penjamin":penjamin, ... ])): Send request successfully

2022-11-25 10:12:02 - [MESSAGE][INFO] - HAR: D:\DMS\Engine Scoring\Reports\20221125_100036\Exclude KKB - DS - Married\Scoring Married - CS New\20221125_100036\requests\main\196.har

2022-11-25 10:12:02 - [MESSAGE][PASSED] - Send request successfully

2022-11-25 10:12:02 - [TEST_STEP][PASSED] - slurper = new groovy.json.JsonSlurper(): null

2022-11-25 10:12:02 - [TEST_STEP][PASSED] - result = slurper.parseText(req_data.getResponseBodyContent()): null

2022-11-25 10:12:02 - [TEST_STEP][PASSED] - reqid_kons = requestid1: null

2022-11-25 10:12:02 - [TEST_STEP][PASSED] - reqid_spouse = requestid2: null

2022-11-25 10:12:02 - [TEST_STEP][PASSED] - println("requestid kons : " + reqid_kons): null

2022-11-25 10:12:02 - [TEST_STEP][PASSED] - response_searchME_kons = reqid_kons: null

2022-11-25 10:12:02 - [TEST_STEP][PASSED] - response_searchME_spouse = reqid_spouse: null

2022-11-25 10:12:02 - [TEST_STEP][PASSED] - println("kons req id is :" + response_searchME_kons): null

2022-11-25 10:12:02 - [TEST_STEP][PASSED] - println("spouse req id is : " + response_searchME_spouse): null

2022-11-25 10:12:02 - [TEST_STEP][PASSED] - verifyResponseStatusCode(req_data, 200): Verify response status code successfully

2022-11-25 10:12:02 - [MESSAGE][PASSED] - Verify response status code successfully

2022-11-25 10:12:02 - [TEST_STEP][PASSED] - response = req_data.getResponseText(): null

2022-11-25 10:12:02 - [TEST_STEP][PASSED] - logInfo($response): {"status":"Done","data":{"requestid1":"255637","requestid2":"255638"}}

2022-11-25 10:12:02 - [MESSAGE][INFO] - {"status":"Done","data":{"requestid1":"255637","requestid2":"255638"}}

2022-11-25 10:12:02 - [TEST_STEP][PASSED] - delay(5): Delayed 5 second(s)

2022-11-25 10:12:07 - [MESSAGE][PASSED] - Delayed 5 second(s)

2022-11-25 10:12:07 - [TEST_STEP][PASSED] - scoring = sendRequest(findTestObject("EngineScore", ["response_searchME_kons":response_searchME_kons, "response_searchME_spouse":response_searchME_spouse])): Send request successfully

2022-11-25 10:12:08 - [MESSAGE][INFO] - HAR: D:\DMS\Engine Scoring\Reports\20221125_100036\Exclude KKB - DS - Married\Scoring Married - CS New\20221125_100036\requests\main\197.har

2022-11-25 10:12:08 - [MESSAGE][PASSED] - Send request successfully

2022-11-25 10:12:08 - [TEST_STEP][PASSED] - verifyResponseStatusCode(scoring, 200): Verify response status code successfully

2022-11-25 10:12:08 - [MESSAGE][PASSED] - Verify response status code successfully

2022-11-25 10:12:08 - [TEST_STEP][PASSED] - response2 = scoring.getResponseText(): null

2022-11-25 10:12:08 - [TEST_STEP][PASSED] - markPassed("result service data ke : " + no): result service data ke : 99

2022-11-25 10:12:08 - [MESSAGE][PASSED] - result service data ke : 99

2022-11-25 10:12:08 - [TEST_STEP][PASSED] - logInfo($response2): {"result_konsumen":"Approve","result_pasangan":"Approve","Final_result":"Approve","errorMessage":"","status":"Done"}

2022-11-25 10:12:08 - [MESSAGE][INFO] - {"result_konsumen":"Approve","result_pasangan":"Approve","Final_result":"Approve","errorMessage":"","status":"Done"}

2022-11-25 10:12:08 - [TEST_STEP][PASSED] - verifyElementPropertyValue(scoring, "Final_result", final_result): Verify element property value successfully

2022-11-25 10:12:08 - [MESSAGE][PASSED] - Verify element property value successfully]]></system-out>
         <system-err><![CDATA[]]></system-err>
      </testcase>
      <testcase name="Test Cases/Engine_Scoring/Engine Scoring" time="7.289" classname="Test Cases/Engine_Scoring/Engine Scoring" status="FAILED">
         <failure type="FAILED" message="Test Cases/Engine_Scoring/Engine Scoring FAILED.
Reason:
com.kms.katalon.core.exception.StepFailedException: Expected element property value 'Reject' is not equal with actual property value 'Approve'
	at com.kms.katalon.core.keyword.internal.KeywordMain.stepFailed(KeywordMain.groovy:50)
	at com.kms.katalon.core.webservice.keyword.builtin.VerifyElementPropertyValueKeyword$_verifyElementPropertyValue_closure1.doCall(VerifyElementPropertyValueKeyword.groovy:56)
	at com.kms.katalon.core.webservice.keyword.builtin.VerifyElementPropertyValueKeyword$_verifyElementPropertyValue_closure1.call(VerifyElementPropertyValueKeyword.groovy)
	at com.kms.katalon.core.keyword.internal.KeywordMain.runKeyword(KeywordMain.groovy:74)
	at com.kms.katalon.core.webservice.keyword.builtin.VerifyElementPropertyValueKeyword.verifyElementPropertyValue(VerifyElementPropertyValueKeyword.groovy:48)
	at com.kms.katalon.core.webservice.keyword.builtin.VerifyElementPropertyValueKeyword.execute(VerifyElementPropertyValueKeyword.groovy:43)
	at com.kms.katalon.core.keyword.internal.KeywordExecutor.executeKeywordForPlatform(KeywordExecutor.groovy:74)
	at com.kms.katalon.core.webservice.keyword.WSBuiltInKeywords.verifyElementPropertyValue(WSBuiltInKeywords.groovy:189)
	at com.kms.katalon.core.webservice.keyword.WSBuiltInKeywords$verifyElementPropertyValue$1.call(Unknown Source)
	at Engine Scoring.run(Engine Scoring:107)
	at com.kms.katalon.core.main.ScriptEngine.run(ScriptEngine.java:194)
	at com.kms.katalon.core.main.ScriptEngine.runScriptAsRawText(ScriptEngine.java:119)
	at com.kms.katalon.core.main.TestCaseExecutor.runScript(TestCaseExecutor.java:442)
	at com.kms.katalon.core.main.TestCaseExecutor.doExecute(TestCaseExecutor.java:433)
	at com.kms.katalon.core.main.TestCaseExecutor.processExecutionPhase(TestCaseExecutor.java:412)
	at com.kms.katalon.core.main.TestCaseExecutor.accessMainPhase(TestCaseExecutor.java:404)
	at com.kms.katalon.core.main.TestCaseExecutor.execute(TestCaseExecutor.java:281)
	at com.kms.katalon.core.main.TestSuiteExecutor.accessTestCaseMainPhase(TestSuiteExecutor.java:202)
	at com.kms.katalon.core.main.TestSuiteExecutor.accessTestSuiteMainPhase(TestSuiteExecutor.java:164)
	at com.kms.katalon.core.main.TestSuiteExecutor.execute(TestSuiteExecutor.java:105)
	at com.kms.katalon.core.main.TestCaseMain.startTestSuite(TestCaseMain.java:185)
	at com.kms.katalon.core.main.TestCaseMain$startTestSuite$0.call(Unknown Source)
	at TempTestSuite1669345236102.run(TempTestSuite1669345236102.groovy:36)
"/>
         <system-out><![CDATA[2022-11-25 10:12:08 - [TEST_CASE][FAILED] - Test Cases/Engine_Scoring/Engine Scoring: Test Cases/Engine_Scoring/Engine Scoring FAILED.
Reason:
com.kms.katalon.core.exception.StepFailedException: Expected element property value 'Reject' is not equal with actual property value 'Approve'
	at com.kms.katalon.core.keyword.internal.KeywordMain.stepFailed(KeywordMain.groovy:50)
	at com.kms.katalon.core.webservice.keyword.builtin.VerifyElementPropertyValueKeyword$_verifyElementPropertyValue_closure1.doCall(VerifyElementPropertyValueKeyword.groovy:56)
	at com.kms.katalon.core.webservice.keyword.builtin.VerifyElementPropertyValueKeyword$_verifyElementPropertyValue_closure1.call(VerifyElementPropertyValueKeyword.groovy)
	at com.kms.katalon.core.keyword.internal.KeywordMain.runKeyword(KeywordMain.groovy:74)
	at com.kms.katalon.core.webservice.keyword.builtin.VerifyElementPropertyValueKeyword.verifyElementPropertyValue(VerifyElementPropertyValueKeyword.groovy:48)
	at com.kms.katalon.core.webservice.keyword.builtin.VerifyElementPropertyValueKeyword.execute(VerifyElementPropertyValueKeyword.groovy:43)
	at com.kms.katalon.core.keyword.internal.KeywordExecutor.executeKeywordForPlatform(KeywordExecutor.groovy:74)
	at com.kms.katalon.core.webservice.keyword.WSBuiltInKeywords.verifyElementPropertyValue(WSBuiltInKeywords.groovy:189)
	at com.kms.katalon.core.webservice.keyword.WSBuiltInKeywords$verifyElementPropertyValue$1.call(Unknown Source)
	at Engine Scoring.run(Engine Scoring:107)
	at com.kms.katalon.core.main.ScriptEngine.run(ScriptEngine.java:194)
	at com.kms.katalon.core.main.ScriptEngine.runScriptAsRawText(ScriptEngine.java:119)
	at com.kms.katalon.core.main.TestCaseExecutor.runScript(TestCaseExecutor.java:442)
	at com.kms.katalon.core.main.TestCaseExecutor.doExecute(TestCaseExecutor.java:433)
	at com.kms.katalon.core.main.TestCaseExecutor.processExecutionPhase(TestCaseExecutor.java:412)
	at com.kms.katalon.core.main.TestCaseExecutor.accessMainPhase(TestCaseExecutor.java:404)
	at com.kms.katalon.core.main.TestCaseExecutor.execute(TestCaseExecutor.java:281)
	at com.kms.katalon.core.main.TestSuiteExecutor.accessTestCaseMainPhase(TestSuiteExecutor.java:202)
	at com.kms.katalon.core.main.TestSuiteExecutor.accessTestSuiteMainPhase(TestSuiteExecutor.java:164)
	at com.kms.katalon.core.main.TestSuiteExecutor.execute(TestSuiteExecutor.java:105)
	at com.kms.katalon.core.main.TestCaseMain.startTestSuite(TestCaseMain.java:185)
	at com.kms.katalon.core.main.TestCaseMain$startTestSuite$0.call(Unknown Source)
	at TempTestSuite1669345236102.run(TempTestSuite1669345236102.groovy:36)


2022-11-25 10:12:09 - [TEST_STEP][PASSED] - markPassed("Variasi data ke : " + no): Variasi data ke : 100

2022-11-25 10:12:09 - [MESSAGE][PASSED] - Variasi data ke : 100

2022-11-25 10:12:09 - [TEST_STEP][PASSED] - req_data = sendRequest(findTestObject("Search_ME", ["MID":MID, "source":source, "ip":ip, "userid":userid, "branch":branch, "tipekons":tipekons, "marital":marital, "penjamin":penjamin, ... ])): Send request successfully

2022-11-25 10:12:10 - [MESSAGE][INFO] - HAR: D:\DMS\Engine Scoring\Reports\20221125_100036\Exclude KKB - DS - Married\Scoring Married - CS New\20221125_100036\requests\main\198.har

2022-11-25 10:12:10 - [MESSAGE][PASSED] - Send request successfully

2022-11-25 10:12:10 - [TEST_STEP][PASSED] - slurper = new groovy.json.JsonSlurper(): null

2022-11-25 10:12:10 - [TEST_STEP][PASSED] - result = slurper.parseText(req_data.getResponseBodyContent()): null

2022-11-25 10:12:10 - [TEST_STEP][PASSED] - reqid_kons = requestid1: null

2022-11-25 10:12:10 - [TEST_STEP][PASSED] - reqid_spouse = requestid2: null

2022-11-25 10:12:10 - [TEST_STEP][PASSED] - println("requestid kons : " + reqid_kons): null

2022-11-25 10:12:10 - [TEST_STEP][PASSED] - response_searchME_kons = reqid_kons: null

2022-11-25 10:12:10 - [TEST_STEP][PASSED] - response_searchME_spouse = reqid_spouse: null

2022-11-25 10:12:10 - [TEST_STEP][PASSED] - println("kons req id is :" + response_searchME_kons): null

2022-11-25 10:12:10 - [TEST_STEP][PASSED] - println("spouse req id is : " + response_searchME_spouse): null

2022-11-25 10:12:10 - [TEST_STEP][PASSED] - verifyResponseStatusCode(req_data, 200): Verify response status code successfully

2022-11-25 10:12:10 - [MESSAGE][PASSED] - Verify response status code successfully

2022-11-25 10:12:10 - [TEST_STEP][PASSED] - response = req_data.getResponseText(): null

2022-11-25 10:12:10 - [TEST_STEP][PASSED] - logInfo($response): {"status":"Done","data":{"requestid1":"255639","requestid2":"255640"}}

2022-11-25 10:12:10 - [MESSAGE][INFO] - {"status":"Done","data":{"requestid1":"255639","requestid2":"255640"}}

2022-11-25 10:12:10 - [TEST_STEP][PASSED] - delay(5): Delayed 5 second(s)

2022-11-25 10:12:15 - [MESSAGE][PASSED] - Delayed 5 second(s)

2022-11-25 10:12:15 - [TEST_STEP][PASSED] - scoring = sendRequest(findTestObject("EngineScore", ["response_searchME_kons":response_searchME_kons, "response_searchME_spouse":response_searchME_spouse])): Send request successfully

2022-11-25 10:12:15 - [MESSAGE][INFO] - HAR: D:\DMS\Engine Scoring\Reports\20221125_100036\Exclude KKB - DS - Married\Scoring Married - CS New\20221125_100036\requests\main\199.har

2022-11-25 10:12:15 - [MESSAGE][PASSED] - Send request successfully

2022-11-25 10:12:15 - [TEST_STEP][PASSED] - verifyResponseStatusCode(scoring, 200): Verify response status code successfully

2022-11-25 10:12:15 - [MESSAGE][PASSED] - Verify response status code successfully

2022-11-25 10:12:15 - [TEST_STEP][PASSED] - response2 = scoring.getResponseText(): null

2022-11-25 10:12:15 - [TEST_STEP][PASSED] - markPassed("result service data ke : " + no): result service data ke : 100

2022-11-25 10:12:15 - [MESSAGE][PASSED] - result service data ke : 100

2022-11-25 10:12:15 - [TEST_STEP][PASSED] - logInfo($response2): {"result_konsumen":"Approve","result_pasangan":"Approve","Final_result":"Approve","errorMessage":"","status":"Done"}

2022-11-25 10:12:15 - [MESSAGE][INFO] - {"result_konsumen":"Approve","result_pasangan":"Approve","Final_result":"Approve","errorMessage":"","status":"Done"}

2022-11-25 10:12:15 - [TEST_STEP][FAILED] - verifyElementPropertyValue(scoring, "Final_result", final_result): Unable to verify element property value (Root cause: com.kms.katalon.core.exception.StepFailedException: Expected element property value 'Reject' is not equal with actual property value 'Approve'
	at com.kms.katalon.core.keyword.internal.KeywordMain.stepFailed(KeywordMain.groovy:50)
	at com.kms.katalon.core.webservice.keyword.builtin.VerifyElementPropertyValueKeyword$_verifyElementPropertyValue_closure1.doCall(VerifyElementPropertyValueKeyword.groovy:56)
	at com.kms.katalon.core.webservice.keyword.builtin.VerifyElementPropertyValueKeyword$_verifyElementPropertyValue_closure1.call(VerifyElementPropertyValueKeyword.groovy)
	at com.kms.katalon.core.keyword.internal.KeywordMain.runKeyword(KeywordMain.groovy:74)
	at com.kms.katalon.core.webservice.keyword.builtin.VerifyElementPropertyValueKeyword.verifyElementPropertyValue(VerifyElementPropertyValueKeyword.groovy:48)
	at com.kms.katalon.core.webservice.keyword.builtin.VerifyElementPropertyValueKeyword.execute(VerifyElementPropertyValueKeyword.groovy:43)
	at com.kms.katalon.core.keyword.internal.KeywordExecutor.executeKeywordForPlatform(KeywordExecutor.groovy:74)
	at com.kms.katalon.core.webservice.keyword.WSBuiltInKeywords.verifyElementPropertyValue(WSBuiltInKeywords.groovy:189)
	at com.kms.katalon.core.webservice.keyword.WSBuiltInKeywords$verifyElementPropertyValue$1.call(Unknown Source)
	at Engine Scoring.run(Engine Scoring:107)
	at com.kms.katalon.core.main.ScriptEngine.run(ScriptEngine.java:194)
	at com.kms.katalon.core.main.ScriptEngine.runScriptAsRawText(ScriptEngine.java:119)
	at com.kms.katalon.core.main.TestCaseExecutor.runScript(TestCaseExecutor.java:442)
	at com.kms.katalon.core.main.TestCaseExecutor.doExecute(TestCaseExecutor.java:433)
	at com.kms.katalon.core.main.TestCaseExecutor.processExecutionPhase(TestCaseExecutor.java:412)
	at com.kms.katalon.core.main.TestCaseExecutor.accessMainPhase(TestCaseExecutor.java:404)
	at com.kms.katalon.core.main.TestCaseExecutor.execute(TestCaseExecutor.java:281)
	at com.kms.katalon.core.main.TestSuiteExecutor.accessTestCaseMainPhase(TestSuiteExecutor.java:202)
	at com.kms.katalon.core.main.TestSuiteExecutor.accessTestSuiteMainPhase(TestSuiteExecutor.java:164)
	at com.kms.katalon.core.main.TestSuiteExecutor.execute(TestSuiteExecutor.java:105)
	at com.kms.katalon.core.main.TestCaseMain.startTestSuite(TestCaseMain.java:185)
	at com.kms.katalon.core.main.TestCaseMain$startTestSuite$0.call(Unknown Source)
	at TempTestSuite1669345236102.run(TempTestSuite1669345236102.groovy:36)
)

2022-11-25 10:12:15 - [MESSAGE][FAILED] - Expected element property value 'Reject' is not equal with actual property value 'Approve'

2022-11-25 10:12:15 - [MESSAGE][FAILED] - Unable to verify element property value (Root cause: com.kms.katalon.core.exception.StepFailedException: Expected element property value 'Reject' is not equal with actual property value 'Approve'
	at com.kms.katalon.core.keyword.internal.KeywordMain.stepFailed(KeywordMain.groovy:50)
	at com.kms.katalon.core.webservice.keyword.builtin.VerifyElementPropertyValueKeyword$_verifyElementPropertyValue_closure1.doCall(VerifyElementPropertyValueKeyword.groovy:56)
	at com.kms.katalon.core.webservice.keyword.builtin.VerifyElementPropertyValueKeyword$_verifyElementPropertyValue_closure1.call(VerifyElementPropertyValueKeyword.groovy)
	at com.kms.katalon.core.keyword.internal.KeywordMain.runKeyword(KeywordMain.groovy:74)
	at com.kms.katalon.core.webservice.keyword.builtin.VerifyElementPropertyValueKeyword.verifyElementPropertyValue(VerifyElementPropertyValueKeyword.groovy:48)
	at com.kms.katalon.core.webservice.keyword.builtin.VerifyElementPropertyValueKeyword.execute(VerifyElementPropertyValueKeyword.groovy:43)
	at com.kms.katalon.core.keyword.internal.KeywordExecutor.executeKeywordForPlatform(KeywordExecutor.groovy:74)
	at com.kms.katalon.core.webservice.keyword.WSBuiltInKeywords.verifyElementPropertyValue(WSBuiltInKeywords.groovy:189)
	at com.kms.katalon.core.webservice.keyword.WSBuiltInKeywords$verifyElementPropertyValue$1.call(Unknown Source)
	at Engine Scoring.run(Engine Scoring:107)
	at com.kms.katalon.core.main.ScriptEngine.run(ScriptEngine.java:194)
	at com.kms.katalon.core.main.ScriptEngine.runScriptAsRawText(ScriptEngine.java:119)
	at com.kms.katalon.core.main.TestCaseExecutor.runScript(TestCaseExecutor.java:442)
	at com.kms.katalon.core.main.TestCaseExecutor.doExecute(TestCaseExecutor.java:433)
	at com.kms.katalon.core.main.TestCaseExecutor.processExecutionPhase(TestCaseExecutor.java:412)
	at com.kms.katalon.core.main.TestCaseExecutor.accessMainPhase(TestCaseExecutor.java:404)
	at com.kms.katalon.core.main.TestCaseExecutor.execute(TestCaseExecutor.java:281)
	at com.kms.katalon.core.main.TestSuiteExecutor.accessTestCaseMainPhase(TestSuiteExecutor.java:202)
	at com.kms.katalon.core.main.TestSuiteExecutor.accessTestSuiteMainPhase(TestSuiteExecutor.java:164)
	at com.kms.katalon.core.main.TestSuiteExecutor.execute(TestSuiteExecutor.java:105)
	at com.kms.katalon.core.main.TestCaseMain.startTestSuite(TestCaseMain.java:185)
	at com.kms.katalon.core.main.TestCaseMain$startTestSuite$0.call(Unknown Source)
	at TempTestSuite1669345236102.run(TempTestSuite1669345236102.groovy:36)
)]]></system-out>
         <system-err><![CDATA[2022-11-25 10:12:08 - [TEST_CASE][FAILED] - Test Cases/Engine_Scoring/Engine Scoring: Test Cases/Engine_Scoring/Engine Scoring FAILED.
Reason:
com.kms.katalon.core.exception.StepFailedException: Expected element property value 'Reject' is not equal with actual property value 'Approve'
	at com.kms.katalon.core.keyword.internal.KeywordMain.stepFailed(KeywordMain.groovy:50)
	at com.kms.katalon.core.webservice.keyword.builtin.VerifyElementPropertyValueKeyword$_verifyElementPropertyValue_closure1.doCall(VerifyElementPropertyValueKeyword.groovy:56)
	at com.kms.katalon.core.webservice.keyword.builtin.VerifyElementPropertyValueKeyword$_verifyElementPropertyValue_closure1.call(VerifyElementPropertyValueKeyword.groovy)
	at com.kms.katalon.core.keyword.internal.KeywordMain.runKeyword(KeywordMain.groovy:74)
	at com.kms.katalon.core.webservice.keyword.builtin.VerifyElementPropertyValueKeyword.verifyElementPropertyValue(VerifyElementPropertyValueKeyword.groovy:48)
	at com.kms.katalon.core.webservice.keyword.builtin.VerifyElementPropertyValueKeyword.execute(VerifyElementPropertyValueKeyword.groovy:43)
	at com.kms.katalon.core.keyword.internal.KeywordExecutor.executeKeywordForPlatform(KeywordExecutor.groovy:74)
	at com.kms.katalon.core.webservice.keyword.WSBuiltInKeywords.verifyElementPropertyValue(WSBuiltInKeywords.groovy:189)
	at com.kms.katalon.core.webservice.keyword.WSBuiltInKeywords$verifyElementPropertyValue$1.call(Unknown Source)
	at Engine Scoring.run(Engine Scoring:107)
	at com.kms.katalon.core.main.ScriptEngine.run(ScriptEngine.java:194)
	at com.kms.katalon.core.main.ScriptEngine.runScriptAsRawText(ScriptEngine.java:119)
	at com.kms.katalon.core.main.TestCaseExecutor.runScript(TestCaseExecutor.java:442)
	at com.kms.katalon.core.main.TestCaseExecutor.doExecute(TestCaseExecutor.java:433)
	at com.kms.katalon.core.main.TestCaseExecutor.processExecutionPhase(TestCaseExecutor.java:412)
	at com.kms.katalon.core.main.TestCaseExecutor.accessMainPhase(TestCaseExecutor.java:404)
	at com.kms.katalon.core.main.TestCaseExecutor.execute(TestCaseExecutor.java:281)
	at com.kms.katalon.core.main.TestSuiteExecutor.accessTestCaseMainPhase(TestSuiteExecutor.java:202)
	at com.kms.katalon.core.main.TestSuiteExecutor.accessTestSuiteMainPhase(TestSuiteExecutor.java:164)
	at com.kms.katalon.core.main.TestSuiteExecutor.execute(TestSuiteExecutor.java:105)
	at com.kms.katalon.core.main.TestCaseMain.startTestSuite(TestCaseMain.java:185)
	at com.kms.katalon.core.main.TestCaseMain$startTestSuite$0.call(Unknown Source)
	at TempTestSuite1669345236102.run(TempTestSuite1669345236102.groovy:36)]]></system-err>
      </testcase>
      <testcase name="Test Cases/Engine_Scoring/Engine Scoring" time="7.104" classname="Test Cases/Engine_Scoring/Engine Scoring" status="FAILED">
         <failure type="FAILED" message="Test Cases/Engine_Scoring/Engine Scoring FAILED.
Reason:
com.kms.katalon.core.exception.StepFailedException: Expected element property value 'Reject' is not equal with actual property value 'Approve'
	at com.kms.katalon.core.keyword.internal.KeywordMain.stepFailed(KeywordMain.groovy:50)
	at com.kms.katalon.core.webservice.keyword.builtin.VerifyElementPropertyValueKeyword$_verifyElementPropertyValue_closure1.doCall(VerifyElementPropertyValueKeyword.groovy:56)
	at com.kms.katalon.core.webservice.keyword.builtin.VerifyElementPropertyValueKeyword$_verifyElementPropertyValue_closure1.call(VerifyElementPropertyValueKeyword.groovy)
	at com.kms.katalon.core.keyword.internal.KeywordMain.runKeyword(KeywordMain.groovy:74)
	at com.kms.katalon.core.webservice.keyword.builtin.VerifyElementPropertyValueKeyword.verifyElementPropertyValue(VerifyElementPropertyValueKeyword.groovy:48)
	at com.kms.katalon.core.webservice.keyword.builtin.VerifyElementPropertyValueKeyword.execute(VerifyElementPropertyValueKeyword.groovy:43)
	at com.kms.katalon.core.keyword.internal.KeywordExecutor.executeKeywordForPlatform(KeywordExecutor.groovy:74)
	at com.kms.katalon.core.webservice.keyword.WSBuiltInKeywords.verifyElementPropertyValue(WSBuiltInKeywords.groovy:189)
	at com.kms.katalon.core.webservice.keyword.WSBuiltInKeywords$verifyElementPropertyValue$1.call(Unknown Source)
	at Engine Scoring.run(Engine Scoring:107)
	at com.kms.katalon.core.main.ScriptEngine.run(ScriptEngine.java:194)
	at com.kms.katalon.core.main.ScriptEngine.runScriptAsRawText(ScriptEngine.java:119)
	at com.kms.katalon.core.main.TestCaseExecutor.runScript(TestCaseExecutor.java:442)
	at com.kms.katalon.core.main.TestCaseExecutor.doExecute(TestCaseExecutor.java:433)
	at com.kms.katalon.core.main.TestCaseExecutor.processExecutionPhase(TestCaseExecutor.java:412)
	at com.kms.katalon.core.main.TestCaseExecutor.accessMainPhase(TestCaseExecutor.java:404)
	at com.kms.katalon.core.main.TestCaseExecutor.execute(TestCaseExecutor.java:281)
	at com.kms.katalon.core.main.TestSuiteExecutor.accessTestCaseMainPhase(TestSuiteExecutor.java:202)
	at com.kms.katalon.core.main.TestSuiteExecutor.accessTestSuiteMainPhase(TestSuiteExecutor.java:164)
	at com.kms.katalon.core.main.TestSuiteExecutor.execute(TestSuiteExecutor.java:105)
	at com.kms.katalon.core.main.TestCaseMain.startTestSuite(TestCaseMain.java:185)
	at com.kms.katalon.core.main.TestCaseMain$startTestSuite$0.call(Unknown Source)
	at TempTestSuite1669345236102.run(TempTestSuite1669345236102.groovy:36)
"/>
         <system-out><![CDATA[2022-11-25 10:12:15 - [TEST_CASE][FAILED] - Test Cases/Engine_Scoring/Engine Scoring: Test Cases/Engine_Scoring/Engine Scoring FAILED.
Reason:
com.kms.katalon.core.exception.StepFailedException: Expected element property value 'Reject' is not equal with actual property value 'Approve'
	at com.kms.katalon.core.keyword.internal.KeywordMain.stepFailed(KeywordMain.groovy:50)
	at com.kms.katalon.core.webservice.keyword.builtin.VerifyElementPropertyValueKeyword$_verifyElementPropertyValue_closure1.doCall(VerifyElementPropertyValueKeyword.groovy:56)
	at com.kms.katalon.core.webservice.keyword.builtin.VerifyElementPropertyValueKeyword$_verifyElementPropertyValue_closure1.call(VerifyElementPropertyValueKeyword.groovy)
	at com.kms.katalon.core.keyword.internal.KeywordMain.runKeyword(KeywordMain.groovy:74)
	at com.kms.katalon.core.webservice.keyword.builtin.VerifyElementPropertyValueKeyword.verifyElementPropertyValue(VerifyElementPropertyValueKeyword.groovy:48)
	at com.kms.katalon.core.webservice.keyword.builtin.VerifyElementPropertyValueKeyword.execute(VerifyElementPropertyValueKeyword.groovy:43)
	at com.kms.katalon.core.keyword.internal.KeywordExecutor.executeKeywordForPlatform(KeywordExecutor.groovy:74)
	at com.kms.katalon.core.webservice.keyword.WSBuiltInKeywords.verifyElementPropertyValue(WSBuiltInKeywords.groovy:189)
	at com.kms.katalon.core.webservice.keyword.WSBuiltInKeywords$verifyElementPropertyValue$1.call(Unknown Source)
	at Engine Scoring.run(Engine Scoring:107)
	at com.kms.katalon.core.main.ScriptEngine.run(ScriptEngine.java:194)
	at com.kms.katalon.core.main.ScriptEngine.runScriptAsRawText(ScriptEngine.java:119)
	at com.kms.katalon.core.main.TestCaseExecutor.runScript(TestCaseExecutor.java:442)
	at com.kms.katalon.core.main.TestCaseExecutor.doExecute(TestCaseExecutor.java:433)
	at com.kms.katalon.core.main.TestCaseExecutor.processExecutionPhase(TestCaseExecutor.java:412)
	at com.kms.katalon.core.main.TestCaseExecutor.accessMainPhase(TestCaseExecutor.java:404)
	at com.kms.katalon.core.main.TestCaseExecutor.execute(TestCaseExecutor.java:281)
	at com.kms.katalon.core.main.TestSuiteExecutor.accessTestCaseMainPhase(TestSuiteExecutor.java:202)
	at com.kms.katalon.core.main.TestSuiteExecutor.accessTestSuiteMainPhase(TestSuiteExecutor.java:164)
	at com.kms.katalon.core.main.TestSuiteExecutor.execute(TestSuiteExecutor.java:105)
	at com.kms.katalon.core.main.TestCaseMain.startTestSuite(TestCaseMain.java:185)
	at com.kms.katalon.core.main.TestCaseMain$startTestSuite$0.call(Unknown Source)
	at TempTestSuite1669345236102.run(TempTestSuite1669345236102.groovy:36)


2022-11-25 10:12:16 - [TEST_STEP][PASSED] - markPassed("Variasi data ke : " + no): Variasi data ke : 101

2022-11-25 10:12:16 - [MESSAGE][PASSED] - Variasi data ke : 101

2022-11-25 10:12:16 - [TEST_STEP][PASSED] - req_data = sendRequest(findTestObject("Search_ME", ["MID":MID, "source":source, "ip":ip, "userid":userid, "branch":branch, "tipekons":tipekons, "marital":marital, "penjamin":penjamin, ... ])): Send request successfully

2022-11-25 10:12:17 - [MESSAGE][INFO] - HAR: D:\DMS\Engine Scoring\Reports\20221125_100036\Exclude KKB - DS - Married\Scoring Married - CS New\20221125_100036\requests\main\200.har

2022-11-25 10:12:17 - [MESSAGE][PASSED] - Send request successfully

2022-11-25 10:12:17 - [TEST_STEP][PASSED] - slurper = new groovy.json.JsonSlurper(): null

2022-11-25 10:12:17 - [TEST_STEP][PASSED] - result = slurper.parseText(req_data.getResponseBodyContent()): null

2022-11-25 10:12:17 - [TEST_STEP][PASSED] - reqid_kons = requestid1: null

2022-11-25 10:12:17 - [TEST_STEP][PASSED] - reqid_spouse = requestid2: null

2022-11-25 10:12:17 - [TEST_STEP][PASSED] - println("requestid kons : " + reqid_kons): null

2022-11-25 10:12:17 - [TEST_STEP][PASSED] - response_searchME_kons = reqid_kons: null

2022-11-25 10:12:17 - [TEST_STEP][PASSED] - response_searchME_spouse = reqid_spouse: null

2022-11-25 10:12:17 - [TEST_STEP][PASSED] - println("kons req id is :" + response_searchME_kons): null

2022-11-25 10:12:17 - [TEST_STEP][PASSED] - println("spouse req id is : " + response_searchME_spouse): null

2022-11-25 10:12:17 - [TEST_STEP][PASSED] - verifyResponseStatusCode(req_data, 200): Verify response status code successfully

2022-11-25 10:12:17 - [MESSAGE][PASSED] - Verify response status code successfully

2022-11-25 10:12:17 - [TEST_STEP][PASSED] - response = req_data.getResponseText(): null

2022-11-25 10:12:17 - [TEST_STEP][PASSED] - logInfo($response): {"status":"Done","data":{"requestid1":"255641","requestid2":"255642"}}

2022-11-25 10:12:17 - [MESSAGE][INFO] - {"status":"Done","data":{"requestid1":"255641","requestid2":"255642"}}

2022-11-25 10:12:17 - [TEST_STEP][PASSED] - delay(5): Delayed 5 second(s)

2022-11-25 10:12:22 - [MESSAGE][PASSED] - Delayed 5 second(s)

2022-11-25 10:12:22 - [TEST_STEP][PASSED] - scoring = sendRequest(findTestObject("EngineScore", ["response_searchME_kons":response_searchME_kons, "response_searchME_spouse":response_searchME_spouse])): Send request successfully

2022-11-25 10:12:22 - [MESSAGE][INFO] - HAR: D:\DMS\Engine Scoring\Reports\20221125_100036\Exclude KKB - DS - Married\Scoring Married - CS New\20221125_100036\requests\main\201.har

2022-11-25 10:12:22 - [MESSAGE][PASSED] - Send request successfully

2022-11-25 10:12:22 - [TEST_STEP][PASSED] - verifyResponseStatusCode(scoring, 200): Verify response status code successfully

2022-11-25 10:12:22 - [MESSAGE][PASSED] - Verify response status code successfully

2022-11-25 10:12:22 - [TEST_STEP][PASSED] - response2 = scoring.getResponseText(): null

2022-11-25 10:12:22 - [TEST_STEP][PASSED] - markPassed("result service data ke : " + no): result service data ke : 101

2022-11-25 10:12:22 - [MESSAGE][PASSED] - result service data ke : 101

2022-11-25 10:12:22 - [TEST_STEP][PASSED] - logInfo($response2): {"result_konsumen":"Approve","result_pasangan":"Approve","Final_result":"Approve","errorMessage":"","status":"Done"}

2022-11-25 10:12:22 - [MESSAGE][INFO] - {"result_konsumen":"Approve","result_pasangan":"Approve","Final_result":"Approve","errorMessage":"","status":"Done"}

2022-11-25 10:12:22 - [TEST_STEP][FAILED] - verifyElementPropertyValue(scoring, "Final_result", final_result): Unable to verify element property value (Root cause: com.kms.katalon.core.exception.StepFailedException: Expected element property value 'Reject' is not equal with actual property value 'Approve'
	at com.kms.katalon.core.keyword.internal.KeywordMain.stepFailed(KeywordMain.groovy:50)
	at com.kms.katalon.core.webservice.keyword.builtin.VerifyElementPropertyValueKeyword$_verifyElementPropertyValue_closure1.doCall(VerifyElementPropertyValueKeyword.groovy:56)
	at com.kms.katalon.core.webservice.keyword.builtin.VerifyElementPropertyValueKeyword$_verifyElementPropertyValue_closure1.call(VerifyElementPropertyValueKeyword.groovy)
	at com.kms.katalon.core.keyword.internal.KeywordMain.runKeyword(KeywordMain.groovy:74)
	at com.kms.katalon.core.webservice.keyword.builtin.VerifyElementPropertyValueKeyword.verifyElementPropertyValue(VerifyElementPropertyValueKeyword.groovy:48)
	at com.kms.katalon.core.webservice.keyword.builtin.VerifyElementPropertyValueKeyword.execute(VerifyElementPropertyValueKeyword.groovy:43)
	at com.kms.katalon.core.keyword.internal.KeywordExecutor.executeKeywordForPlatform(KeywordExecutor.groovy:74)
	at com.kms.katalon.core.webservice.keyword.WSBuiltInKeywords.verifyElementPropertyValue(WSBuiltInKeywords.groovy:189)
	at com.kms.katalon.core.webservice.keyword.WSBuiltInKeywords$verifyElementPropertyValue$1.call(Unknown Source)
	at Engine Scoring.run(Engine Scoring:107)
	at com.kms.katalon.core.main.ScriptEngine.run(ScriptEngine.java:194)
	at com.kms.katalon.core.main.ScriptEngine.runScriptAsRawText(ScriptEngine.java:119)
	at com.kms.katalon.core.main.TestCaseExecutor.runScript(TestCaseExecutor.java:442)
	at com.kms.katalon.core.main.TestCaseExecutor.doExecute(TestCaseExecutor.java:433)
	at com.kms.katalon.core.main.TestCaseExecutor.processExecutionPhase(TestCaseExecutor.java:412)
	at com.kms.katalon.core.main.TestCaseExecutor.accessMainPhase(TestCaseExecutor.java:404)
	at com.kms.katalon.core.main.TestCaseExecutor.execute(TestCaseExecutor.java:281)
	at com.kms.katalon.core.main.TestSuiteExecutor.accessTestCaseMainPhase(TestSuiteExecutor.java:202)
	at com.kms.katalon.core.main.TestSuiteExecutor.accessTestSuiteMainPhase(TestSuiteExecutor.java:164)
	at com.kms.katalon.core.main.TestSuiteExecutor.execute(TestSuiteExecutor.java:105)
	at com.kms.katalon.core.main.TestCaseMain.startTestSuite(TestCaseMain.java:185)
	at com.kms.katalon.core.main.TestCaseMain$startTestSuite$0.call(Unknown Source)
	at TempTestSuite1669345236102.run(TempTestSuite1669345236102.groovy:36)
)

2022-11-25 10:12:22 - [MESSAGE][FAILED] - Expected element property value 'Reject' is not equal with actual property value 'Approve'

2022-11-25 10:12:22 - [MESSAGE][FAILED] - Unable to verify element property value (Root cause: com.kms.katalon.core.exception.StepFailedException: Expected element property value 'Reject' is not equal with actual property value 'Approve'
	at com.kms.katalon.core.keyword.internal.KeywordMain.stepFailed(KeywordMain.groovy:50)
	at com.kms.katalon.core.webservice.keyword.builtin.VerifyElementPropertyValueKeyword$_verifyElementPropertyValue_closure1.doCall(VerifyElementPropertyValueKeyword.groovy:56)
	at com.kms.katalon.core.webservice.keyword.builtin.VerifyElementPropertyValueKeyword$_verifyElementPropertyValue_closure1.call(VerifyElementPropertyValueKeyword.groovy)
	at com.kms.katalon.core.keyword.internal.KeywordMain.runKeyword(KeywordMain.groovy:74)
	at com.kms.katalon.core.webservice.keyword.builtin.VerifyElementPropertyValueKeyword.verifyElementPropertyValue(VerifyElementPropertyValueKeyword.groovy:48)
	at com.kms.katalon.core.webservice.keyword.builtin.VerifyElementPropertyValueKeyword.execute(VerifyElementPropertyValueKeyword.groovy:43)
	at com.kms.katalon.core.keyword.internal.KeywordExecutor.executeKeywordForPlatform(KeywordExecutor.groovy:74)
	at com.kms.katalon.core.webservice.keyword.WSBuiltInKeywords.verifyElementPropertyValue(WSBuiltInKeywords.groovy:189)
	at com.kms.katalon.core.webservice.keyword.WSBuiltInKeywords$verifyElementPropertyValue$1.call(Unknown Source)
	at Engine Scoring.run(Engine Scoring:107)
	at com.kms.katalon.core.main.ScriptEngine.run(ScriptEngine.java:194)
	at com.kms.katalon.core.main.ScriptEngine.runScriptAsRawText(ScriptEngine.java:119)
	at com.kms.katalon.core.main.TestCaseExecutor.runScript(TestCaseExecutor.java:442)
	at com.kms.katalon.core.main.TestCaseExecutor.doExecute(TestCaseExecutor.java:433)
	at com.kms.katalon.core.main.TestCaseExecutor.processExecutionPhase(TestCaseExecutor.java:412)
	at com.kms.katalon.core.main.TestCaseExecutor.accessMainPhase(TestCaseExecutor.java:404)
	at com.kms.katalon.core.main.TestCaseExecutor.execute(TestCaseExecutor.java:281)
	at com.kms.katalon.core.main.TestSuiteExecutor.accessTestCaseMainPhase(TestSuiteExecutor.java:202)
	at com.kms.katalon.core.main.TestSuiteExecutor.accessTestSuiteMainPhase(TestSuiteExecutor.java:164)
	at com.kms.katalon.core.main.TestSuiteExecutor.execute(TestSuiteExecutor.java:105)
	at com.kms.katalon.core.main.TestCaseMain.startTestSuite(TestCaseMain.java:185)
	at com.kms.katalon.core.main.TestCaseMain$startTestSuite$0.call(Unknown Source)
	at TempTestSuite1669345236102.run(TempTestSuite1669345236102.groovy:36)
)]]></system-out>
         <system-err><![CDATA[2022-11-25 10:12:15 - [TEST_CASE][FAILED] - Test Cases/Engine_Scoring/Engine Scoring: Test Cases/Engine_Scoring/Engine Scoring FAILED.
Reason:
com.kms.katalon.core.exception.StepFailedException: Expected element property value 'Reject' is not equal with actual property value 'Approve'
	at com.kms.katalon.core.keyword.internal.KeywordMain.stepFailed(KeywordMain.groovy:50)
	at com.kms.katalon.core.webservice.keyword.builtin.VerifyElementPropertyValueKeyword$_verifyElementPropertyValue_closure1.doCall(VerifyElementPropertyValueKeyword.groovy:56)
	at com.kms.katalon.core.webservice.keyword.builtin.VerifyElementPropertyValueKeyword$_verifyElementPropertyValue_closure1.call(VerifyElementPropertyValueKeyword.groovy)
	at com.kms.katalon.core.keyword.internal.KeywordMain.runKeyword(KeywordMain.groovy:74)
	at com.kms.katalon.core.webservice.keyword.builtin.VerifyElementPropertyValueKeyword.verifyElementPropertyValue(VerifyElementPropertyValueKeyword.groovy:48)
	at com.kms.katalon.core.webservice.keyword.builtin.VerifyElementPropertyValueKeyword.execute(VerifyElementPropertyValueKeyword.groovy:43)
	at com.kms.katalon.core.keyword.internal.KeywordExecutor.executeKeywordForPlatform(KeywordExecutor.groovy:74)
	at com.kms.katalon.core.webservice.keyword.WSBuiltInKeywords.verifyElementPropertyValue(WSBuiltInKeywords.groovy:189)
	at com.kms.katalon.core.webservice.keyword.WSBuiltInKeywords$verifyElementPropertyValue$1.call(Unknown Source)
	at Engine Scoring.run(Engine Scoring:107)
	at com.kms.katalon.core.main.ScriptEngine.run(ScriptEngine.java:194)
	at com.kms.katalon.core.main.ScriptEngine.runScriptAsRawText(ScriptEngine.java:119)
	at com.kms.katalon.core.main.TestCaseExecutor.runScript(TestCaseExecutor.java:442)
	at com.kms.katalon.core.main.TestCaseExecutor.doExecute(TestCaseExecutor.java:433)
	at com.kms.katalon.core.main.TestCaseExecutor.processExecutionPhase(TestCaseExecutor.java:412)
	at com.kms.katalon.core.main.TestCaseExecutor.accessMainPhase(TestCaseExecutor.java:404)
	at com.kms.katalon.core.main.TestCaseExecutor.execute(TestCaseExecutor.java:281)
	at com.kms.katalon.core.main.TestSuiteExecutor.accessTestCaseMainPhase(TestSuiteExecutor.java:202)
	at com.kms.katalon.core.main.TestSuiteExecutor.accessTestSuiteMainPhase(TestSuiteExecutor.java:164)
	at com.kms.katalon.core.main.TestSuiteExecutor.execute(TestSuiteExecutor.java:105)
	at com.kms.katalon.core.main.TestCaseMain.startTestSuite(TestCaseMain.java:185)
	at com.kms.katalon.core.main.TestCaseMain$startTestSuite$0.call(Unknown Source)
	at TempTestSuite1669345236102.run(TempTestSuite1669345236102.groovy:36)]]></system-err>
      </testcase>
      <testcase name="Test Cases/Engine_Scoring/Engine Scoring" time="7.139" classname="Test Cases/Engine_Scoring/Engine Scoring" status="FAILED">
         <failure type="FAILED" message="Test Cases/Engine_Scoring/Engine Scoring FAILED.
Reason:
com.kms.katalon.core.exception.StepFailedException: Expected element property value 'Reject' is not equal with actual property value 'Approve'
	at com.kms.katalon.core.keyword.internal.KeywordMain.stepFailed(KeywordMain.groovy:50)
	at com.kms.katalon.core.webservice.keyword.builtin.VerifyElementPropertyValueKeyword$_verifyElementPropertyValue_closure1.doCall(VerifyElementPropertyValueKeyword.groovy:56)
	at com.kms.katalon.core.webservice.keyword.builtin.VerifyElementPropertyValueKeyword$_verifyElementPropertyValue_closure1.call(VerifyElementPropertyValueKeyword.groovy)
	at com.kms.katalon.core.keyword.internal.KeywordMain.runKeyword(KeywordMain.groovy:74)
	at com.kms.katalon.core.webservice.keyword.builtin.VerifyElementPropertyValueKeyword.verifyElementPropertyValue(VerifyElementPropertyValueKeyword.groovy:48)
	at com.kms.katalon.core.webservice.keyword.builtin.VerifyElementPropertyValueKeyword.execute(VerifyElementPropertyValueKeyword.groovy:43)
	at com.kms.katalon.core.keyword.internal.KeywordExecutor.executeKeywordForPlatform(KeywordExecutor.groovy:74)
	at com.kms.katalon.core.webservice.keyword.WSBuiltInKeywords.verifyElementPropertyValue(WSBuiltInKeywords.groovy:189)
	at com.kms.katalon.core.webservice.keyword.WSBuiltInKeywords$verifyElementPropertyValue$1.call(Unknown Source)
	at Engine Scoring.run(Engine Scoring:107)
	at com.kms.katalon.core.main.ScriptEngine.run(ScriptEngine.java:194)
	at com.kms.katalon.core.main.ScriptEngine.runScriptAsRawText(ScriptEngine.java:119)
	at com.kms.katalon.core.main.TestCaseExecutor.runScript(TestCaseExecutor.java:442)
	at com.kms.katalon.core.main.TestCaseExecutor.doExecute(TestCaseExecutor.java:433)
	at com.kms.katalon.core.main.TestCaseExecutor.processExecutionPhase(TestCaseExecutor.java:412)
	at com.kms.katalon.core.main.TestCaseExecutor.accessMainPhase(TestCaseExecutor.java:404)
	at com.kms.katalon.core.main.TestCaseExecutor.execute(TestCaseExecutor.java:281)
	at com.kms.katalon.core.main.TestSuiteExecutor.accessTestCaseMainPhase(TestSuiteExecutor.java:202)
	at com.kms.katalon.core.main.TestSuiteExecutor.accessTestSuiteMainPhase(TestSuiteExecutor.java:164)
	at com.kms.katalon.core.main.TestSuiteExecutor.execute(TestSuiteExecutor.java:105)
	at com.kms.katalon.core.main.TestCaseMain.startTestSuite(TestCaseMain.java:185)
	at com.kms.katalon.core.main.TestCaseMain$startTestSuite$0.call(Unknown Source)
	at TempTestSuite1669345236102.run(TempTestSuite1669345236102.groovy:36)
"/>
         <system-out><![CDATA[2022-11-25 10:12:22 - [TEST_CASE][FAILED] - Test Cases/Engine_Scoring/Engine Scoring: Test Cases/Engine_Scoring/Engine Scoring FAILED.
Reason:
com.kms.katalon.core.exception.StepFailedException: Expected element property value 'Reject' is not equal with actual property value 'Approve'
	at com.kms.katalon.core.keyword.internal.KeywordMain.stepFailed(KeywordMain.groovy:50)
	at com.kms.katalon.core.webservice.keyword.builtin.VerifyElementPropertyValueKeyword$_verifyElementPropertyValue_closure1.doCall(VerifyElementPropertyValueKeyword.groovy:56)
	at com.kms.katalon.core.webservice.keyword.builtin.VerifyElementPropertyValueKeyword$_verifyElementPropertyValue_closure1.call(VerifyElementPropertyValueKeyword.groovy)
	at com.kms.katalon.core.keyword.internal.KeywordMain.runKeyword(KeywordMain.groovy:74)
	at com.kms.katalon.core.webservice.keyword.builtin.VerifyElementPropertyValueKeyword.verifyElementPropertyValue(VerifyElementPropertyValueKeyword.groovy:48)
	at com.kms.katalon.core.webservice.keyword.builtin.VerifyElementPropertyValueKeyword.execute(VerifyElementPropertyValueKeyword.groovy:43)
	at com.kms.katalon.core.keyword.internal.KeywordExecutor.executeKeywordForPlatform(KeywordExecutor.groovy:74)
	at com.kms.katalon.core.webservice.keyword.WSBuiltInKeywords.verifyElementPropertyValue(WSBuiltInKeywords.groovy:189)
	at com.kms.katalon.core.webservice.keyword.WSBuiltInKeywords$verifyElementPropertyValue$1.call(Unknown Source)
	at Engine Scoring.run(Engine Scoring:107)
	at com.kms.katalon.core.main.ScriptEngine.run(ScriptEngine.java:194)
	at com.kms.katalon.core.main.ScriptEngine.runScriptAsRawText(ScriptEngine.java:119)
	at com.kms.katalon.core.main.TestCaseExecutor.runScript(TestCaseExecutor.java:442)
	at com.kms.katalon.core.main.TestCaseExecutor.doExecute(TestCaseExecutor.java:433)
	at com.kms.katalon.core.main.TestCaseExecutor.processExecutionPhase(TestCaseExecutor.java:412)
	at com.kms.katalon.core.main.TestCaseExecutor.accessMainPhase(TestCaseExecutor.java:404)
	at com.kms.katalon.core.main.TestCaseExecutor.execute(TestCaseExecutor.java:281)
	at com.kms.katalon.core.main.TestSuiteExecutor.accessTestCaseMainPhase(TestSuiteExecutor.java:202)
	at com.kms.katalon.core.main.TestSuiteExecutor.accessTestSuiteMainPhase(TestSuiteExecutor.java:164)
	at com.kms.katalon.core.main.TestSuiteExecutor.execute(TestSuiteExecutor.java:105)
	at com.kms.katalon.core.main.TestCaseMain.startTestSuite(TestCaseMain.java:185)
	at com.kms.katalon.core.main.TestCaseMain$startTestSuite$0.call(Unknown Source)
	at TempTestSuite1669345236102.run(TempTestSuite1669345236102.groovy:36)


2022-11-25 10:12:23 - [TEST_STEP][PASSED] - markPassed("Variasi data ke : " + no): Variasi data ke : 102

2022-11-25 10:12:23 - [MESSAGE][PASSED] - Variasi data ke : 102

2022-11-25 10:12:23 - [TEST_STEP][PASSED] - req_data = sendRequest(findTestObject("Search_ME", ["MID":MID, "source":source, "ip":ip, "userid":userid, "branch":branch, "tipekons":tipekons, "marital":marital, "penjamin":penjamin, ... ])): Send request successfully

2022-11-25 10:12:24 - [MESSAGE][INFO] - HAR: D:\DMS\Engine Scoring\Reports\20221125_100036\Exclude KKB - DS - Married\Scoring Married - CS New\20221125_100036\requests\main\202.har

2022-11-25 10:12:24 - [MESSAGE][PASSED] - Send request successfully

2022-11-25 10:12:24 - [TEST_STEP][PASSED] - slurper = new groovy.json.JsonSlurper(): null

2022-11-25 10:12:24 - [TEST_STEP][PASSED] - result = slurper.parseText(req_data.getResponseBodyContent()): null

2022-11-25 10:12:24 - [TEST_STEP][PASSED] - reqid_kons = requestid1: null

2022-11-25 10:12:24 - [TEST_STEP][PASSED] - reqid_spouse = requestid2: null

2022-11-25 10:12:24 - [TEST_STEP][PASSED] - println("requestid kons : " + reqid_kons): null

2022-11-25 10:12:24 - [TEST_STEP][PASSED] - response_searchME_kons = reqid_kons: null

2022-11-25 10:12:24 - [TEST_STEP][PASSED] - response_searchME_spouse = reqid_spouse: null

2022-11-25 10:12:24 - [TEST_STEP][PASSED] - println("kons req id is :" + response_searchME_kons): null

2022-11-25 10:12:24 - [TEST_STEP][PASSED] - println("spouse req id is : " + response_searchME_spouse): null

2022-11-25 10:12:24 - [TEST_STEP][PASSED] - verifyResponseStatusCode(req_data, 200): Verify response status code successfully

2022-11-25 10:12:24 - [MESSAGE][PASSED] - Verify response status code successfully

2022-11-25 10:12:24 - [TEST_STEP][PASSED] - response = req_data.getResponseText(): null

2022-11-25 10:12:24 - [TEST_STEP][PASSED] - logInfo($response): {"status":"Done","data":{"requestid1":"255643","requestid2":"255644"}}

2022-11-25 10:12:24 - [MESSAGE][INFO] - {"status":"Done","data":{"requestid1":"255643","requestid2":"255644"}}

2022-11-25 10:12:24 - [TEST_STEP][PASSED] - delay(5): Delayed 5 second(s)

2022-11-25 10:12:29 - [MESSAGE][PASSED] - Delayed 5 second(s)

2022-11-25 10:12:29 - [TEST_STEP][PASSED] - scoring = sendRequest(findTestObject("EngineScore", ["response_searchME_kons":response_searchME_kons, "response_searchME_spouse":response_searchME_spouse])): Send request successfully

2022-11-25 10:12:29 - [MESSAGE][INFO] - HAR: D:\DMS\Engine Scoring\Reports\20221125_100036\Exclude KKB - DS - Married\Scoring Married - CS New\20221125_100036\requests\main\203.har

2022-11-25 10:12:29 - [MESSAGE][PASSED] - Send request successfully

2022-11-25 10:12:29 - [TEST_STEP][PASSED] - verifyResponseStatusCode(scoring, 200): Verify response status code successfully

2022-11-25 10:12:29 - [MESSAGE][PASSED] - Verify response status code successfully

2022-11-25 10:12:29 - [TEST_STEP][PASSED] - response2 = scoring.getResponseText(): null

2022-11-25 10:12:29 - [TEST_STEP][PASSED] - markPassed("result service data ke : " + no): result service data ke : 102

2022-11-25 10:12:29 - [MESSAGE][PASSED] - result service data ke : 102

2022-11-25 10:12:29 - [TEST_STEP][PASSED] - logInfo($response2): {"result_konsumen":"Approve","result_pasangan":"Approve","Final_result":"Approve","errorMessage":"","status":"Done"}

2022-11-25 10:12:29 - [MESSAGE][INFO] - {"result_konsumen":"Approve","result_pasangan":"Approve","Final_result":"Approve","errorMessage":"","status":"Done"}

2022-11-25 10:12:29 - [TEST_STEP][FAILED] - verifyElementPropertyValue(scoring, "Final_result", final_result): Unable to verify element property value (Root cause: com.kms.katalon.core.exception.StepFailedException: Expected element property value 'Reject' is not equal with actual property value 'Approve'
	at com.kms.katalon.core.keyword.internal.KeywordMain.stepFailed(KeywordMain.groovy:50)
	at com.kms.katalon.core.webservice.keyword.builtin.VerifyElementPropertyValueKeyword$_verifyElementPropertyValue_closure1.doCall(VerifyElementPropertyValueKeyword.groovy:56)
	at com.kms.katalon.core.webservice.keyword.builtin.VerifyElementPropertyValueKeyword$_verifyElementPropertyValue_closure1.call(VerifyElementPropertyValueKeyword.groovy)
	at com.kms.katalon.core.keyword.internal.KeywordMain.runKeyword(KeywordMain.groovy:74)
	at com.kms.katalon.core.webservice.keyword.builtin.VerifyElementPropertyValueKeyword.verifyElementPropertyValue(VerifyElementPropertyValueKeyword.groovy:48)
	at com.kms.katalon.core.webservice.keyword.builtin.VerifyElementPropertyValueKeyword.execute(VerifyElementPropertyValueKeyword.groovy:43)
	at com.kms.katalon.core.keyword.internal.KeywordExecutor.executeKeywordForPlatform(KeywordExecutor.groovy:74)
	at com.kms.katalon.core.webservice.keyword.WSBuiltInKeywords.verifyElementPropertyValue(WSBuiltInKeywords.groovy:189)
	at com.kms.katalon.core.webservice.keyword.WSBuiltInKeywords$verifyElementPropertyValue$1.call(Unknown Source)
	at Engine Scoring.run(Engine Scoring:107)
	at com.kms.katalon.core.main.ScriptEngine.run(ScriptEngine.java:194)
	at com.kms.katalon.core.main.ScriptEngine.runScriptAsRawText(ScriptEngine.java:119)
	at com.kms.katalon.core.main.TestCaseExecutor.runScript(TestCaseExecutor.java:442)
	at com.kms.katalon.core.main.TestCaseExecutor.doExecute(TestCaseExecutor.java:433)
	at com.kms.katalon.core.main.TestCaseExecutor.processExecutionPhase(TestCaseExecutor.java:412)
	at com.kms.katalon.core.main.TestCaseExecutor.accessMainPhase(TestCaseExecutor.java:404)
	at com.kms.katalon.core.main.TestCaseExecutor.execute(TestCaseExecutor.java:281)
	at com.kms.katalon.core.main.TestSuiteExecutor.accessTestCaseMainPhase(TestSuiteExecutor.java:202)
	at com.kms.katalon.core.main.TestSuiteExecutor.accessTestSuiteMainPhase(TestSuiteExecutor.java:164)
	at com.kms.katalon.core.main.TestSuiteExecutor.execute(TestSuiteExecutor.java:105)
	at com.kms.katalon.core.main.TestCaseMain.startTestSuite(TestCaseMain.java:185)
	at com.kms.katalon.core.main.TestCaseMain$startTestSuite$0.call(Unknown Source)
	at TempTestSuite1669345236102.run(TempTestSuite1669345236102.groovy:36)
)

2022-11-25 10:12:29 - [MESSAGE][FAILED] - Expected element property value 'Reject' is not equal with actual property value 'Approve'

2022-11-25 10:12:29 - [MESSAGE][FAILED] - Unable to verify element property value (Root cause: com.kms.katalon.core.exception.StepFailedException: Expected element property value 'Reject' is not equal with actual property value 'Approve'
	at com.kms.katalon.core.keyword.internal.KeywordMain.stepFailed(KeywordMain.groovy:50)
	at com.kms.katalon.core.webservice.keyword.builtin.VerifyElementPropertyValueKeyword$_verifyElementPropertyValue_closure1.doCall(VerifyElementPropertyValueKeyword.groovy:56)
	at com.kms.katalon.core.webservice.keyword.builtin.VerifyElementPropertyValueKeyword$_verifyElementPropertyValue_closure1.call(VerifyElementPropertyValueKeyword.groovy)
	at com.kms.katalon.core.keyword.internal.KeywordMain.runKeyword(KeywordMain.groovy:74)
	at com.kms.katalon.core.webservice.keyword.builtin.VerifyElementPropertyValueKeyword.verifyElementPropertyValue(VerifyElementPropertyValueKeyword.groovy:48)
	at com.kms.katalon.core.webservice.keyword.builtin.VerifyElementPropertyValueKeyword.execute(VerifyElementPropertyValueKeyword.groovy:43)
	at com.kms.katalon.core.keyword.internal.KeywordExecutor.executeKeywordForPlatform(KeywordExecutor.groovy:74)
	at com.kms.katalon.core.webservice.keyword.WSBuiltInKeywords.verifyElementPropertyValue(WSBuiltInKeywords.groovy:189)
	at com.kms.katalon.core.webservice.keyword.WSBuiltInKeywords$verifyElementPropertyValue$1.call(Unknown Source)
	at Engine Scoring.run(Engine Scoring:107)
	at com.kms.katalon.core.main.ScriptEngine.run(ScriptEngine.java:194)
	at com.kms.katalon.core.main.ScriptEngine.runScriptAsRawText(ScriptEngine.java:119)
	at com.kms.katalon.core.main.TestCaseExecutor.runScript(TestCaseExecutor.java:442)
	at com.kms.katalon.core.main.TestCaseExecutor.doExecute(TestCaseExecutor.java:433)
	at com.kms.katalon.core.main.TestCaseExecutor.processExecutionPhase(TestCaseExecutor.java:412)
	at com.kms.katalon.core.main.TestCaseExecutor.accessMainPhase(TestCaseExecutor.java:404)
	at com.kms.katalon.core.main.TestCaseExecutor.execute(TestCaseExecutor.java:281)
	at com.kms.katalon.core.main.TestSuiteExecutor.accessTestCaseMainPhase(TestSuiteExecutor.java:202)
	at com.kms.katalon.core.main.TestSuiteExecutor.accessTestSuiteMainPhase(TestSuiteExecutor.java:164)
	at com.kms.katalon.core.main.TestSuiteExecutor.execute(TestSuiteExecutor.java:105)
	at com.kms.katalon.core.main.TestCaseMain.startTestSuite(TestCaseMain.java:185)
	at com.kms.katalon.core.main.TestCaseMain$startTestSuite$0.call(Unknown Source)
	at TempTestSuite1669345236102.run(TempTestSuite1669345236102.groovy:36)
)]]></system-out>
         <system-err><![CDATA[2022-11-25 10:12:22 - [TEST_CASE][FAILED] - Test Cases/Engine_Scoring/Engine Scoring: Test Cases/Engine_Scoring/Engine Scoring FAILED.
Reason:
com.kms.katalon.core.exception.StepFailedException: Expected element property value 'Reject' is not equal with actual property value 'Approve'
	at com.kms.katalon.core.keyword.internal.KeywordMain.stepFailed(KeywordMain.groovy:50)
	at com.kms.katalon.core.webservice.keyword.builtin.VerifyElementPropertyValueKeyword$_verifyElementPropertyValue_closure1.doCall(VerifyElementPropertyValueKeyword.groovy:56)
	at com.kms.katalon.core.webservice.keyword.builtin.VerifyElementPropertyValueKeyword$_verifyElementPropertyValue_closure1.call(VerifyElementPropertyValueKeyword.groovy)
	at com.kms.katalon.core.keyword.internal.KeywordMain.runKeyword(KeywordMain.groovy:74)
	at com.kms.katalon.core.webservice.keyword.builtin.VerifyElementPropertyValueKeyword.verifyElementPropertyValue(VerifyElementPropertyValueKeyword.groovy:48)
	at com.kms.katalon.core.webservice.keyword.builtin.VerifyElementPropertyValueKeyword.execute(VerifyElementPropertyValueKeyword.groovy:43)
	at com.kms.katalon.core.keyword.internal.KeywordExecutor.executeKeywordForPlatform(KeywordExecutor.groovy:74)
	at com.kms.katalon.core.webservice.keyword.WSBuiltInKeywords.verifyElementPropertyValue(WSBuiltInKeywords.groovy:189)
	at com.kms.katalon.core.webservice.keyword.WSBuiltInKeywords$verifyElementPropertyValue$1.call(Unknown Source)
	at Engine Scoring.run(Engine Scoring:107)
	at com.kms.katalon.core.main.ScriptEngine.run(ScriptEngine.java:194)
	at com.kms.katalon.core.main.ScriptEngine.runScriptAsRawText(ScriptEngine.java:119)
	at com.kms.katalon.core.main.TestCaseExecutor.runScript(TestCaseExecutor.java:442)
	at com.kms.katalon.core.main.TestCaseExecutor.doExecute(TestCaseExecutor.java:433)
	at com.kms.katalon.core.main.TestCaseExecutor.processExecutionPhase(TestCaseExecutor.java:412)
	at com.kms.katalon.core.main.TestCaseExecutor.accessMainPhase(TestCaseExecutor.java:404)
	at com.kms.katalon.core.main.TestCaseExecutor.execute(TestCaseExecutor.java:281)
	at com.kms.katalon.core.main.TestSuiteExecutor.accessTestCaseMainPhase(TestSuiteExecutor.java:202)
	at com.kms.katalon.core.main.TestSuiteExecutor.accessTestSuiteMainPhase(TestSuiteExecutor.java:164)
	at com.kms.katalon.core.main.TestSuiteExecutor.execute(TestSuiteExecutor.java:105)
	at com.kms.katalon.core.main.TestCaseMain.startTestSuite(TestCaseMain.java:185)
	at com.kms.katalon.core.main.TestCaseMain$startTestSuite$0.call(Unknown Source)
	at TempTestSuite1669345236102.run(TempTestSuite1669345236102.groovy:36)]]></system-err>
      </testcase>
      <testcase name="Test Cases/Engine_Scoring/Engine Scoring" time="6.977" classname="Test Cases/Engine_Scoring/Engine Scoring" status="FAILED">
         <failure type="FAILED" message="Test Cases/Engine_Scoring/Engine Scoring FAILED.
Reason:
com.kms.katalon.core.exception.StepFailedException: Expected element property value 'Reject' is not equal with actual property value 'Approve'
	at com.kms.katalon.core.keyword.internal.KeywordMain.stepFailed(KeywordMain.groovy:50)
	at com.kms.katalon.core.webservice.keyword.builtin.VerifyElementPropertyValueKeyword$_verifyElementPropertyValue_closure1.doCall(VerifyElementPropertyValueKeyword.groovy:56)
	at com.kms.katalon.core.webservice.keyword.builtin.VerifyElementPropertyValueKeyword$_verifyElementPropertyValue_closure1.call(VerifyElementPropertyValueKeyword.groovy)
	at com.kms.katalon.core.keyword.internal.KeywordMain.runKeyword(KeywordMain.groovy:74)
	at com.kms.katalon.core.webservice.keyword.builtin.VerifyElementPropertyValueKeyword.verifyElementPropertyValue(VerifyElementPropertyValueKeyword.groovy:48)
	at com.kms.katalon.core.webservice.keyword.builtin.VerifyElementPropertyValueKeyword.execute(VerifyElementPropertyValueKeyword.groovy:43)
	at com.kms.katalon.core.keyword.internal.KeywordExecutor.executeKeywordForPlatform(KeywordExecutor.groovy:74)
	at com.kms.katalon.core.webservice.keyword.WSBuiltInKeywords.verifyElementPropertyValue(WSBuiltInKeywords.groovy:189)
	at com.kms.katalon.core.webservice.keyword.WSBuiltInKeywords$verifyElementPropertyValue$1.call(Unknown Source)
	at Engine Scoring.run(Engine Scoring:107)
	at com.kms.katalon.core.main.ScriptEngine.run(ScriptEngine.java:194)
	at com.kms.katalon.core.main.ScriptEngine.runScriptAsRawText(ScriptEngine.java:119)
	at com.kms.katalon.core.main.TestCaseExecutor.runScript(TestCaseExecutor.java:442)
	at com.kms.katalon.core.main.TestCaseExecutor.doExecute(TestCaseExecutor.java:433)
	at com.kms.katalon.core.main.TestCaseExecutor.processExecutionPhase(TestCaseExecutor.java:412)
	at com.kms.katalon.core.main.TestCaseExecutor.accessMainPhase(TestCaseExecutor.java:404)
	at com.kms.katalon.core.main.TestCaseExecutor.execute(TestCaseExecutor.java:281)
	at com.kms.katalon.core.main.TestSuiteExecutor.accessTestCaseMainPhase(TestSuiteExecutor.java:202)
	at com.kms.katalon.core.main.TestSuiteExecutor.accessTestSuiteMainPhase(TestSuiteExecutor.java:164)
	at com.kms.katalon.core.main.TestSuiteExecutor.execute(TestSuiteExecutor.java:105)
	at com.kms.katalon.core.main.TestCaseMain.startTestSuite(TestCaseMain.java:185)
	at com.kms.katalon.core.main.TestCaseMain$startTestSuite$0.call(Unknown Source)
	at TempTestSuite1669345236102.run(TempTestSuite1669345236102.groovy:36)
"/>
         <system-out><![CDATA[2022-11-25 10:12:29 - [TEST_CASE][FAILED] - Test Cases/Engine_Scoring/Engine Scoring: Test Cases/Engine_Scoring/Engine Scoring FAILED.
Reason:
com.kms.katalon.core.exception.StepFailedException: Expected element property value 'Reject' is not equal with actual property value 'Approve'
	at com.kms.katalon.core.keyword.internal.KeywordMain.stepFailed(KeywordMain.groovy:50)
	at com.kms.katalon.core.webservice.keyword.builtin.VerifyElementPropertyValueKeyword$_verifyElementPropertyValue_closure1.doCall(VerifyElementPropertyValueKeyword.groovy:56)
	at com.kms.katalon.core.webservice.keyword.builtin.VerifyElementPropertyValueKeyword$_verifyElementPropertyValue_closure1.call(VerifyElementPropertyValueKeyword.groovy)
	at com.kms.katalon.core.keyword.internal.KeywordMain.runKeyword(KeywordMain.groovy:74)
	at com.kms.katalon.core.webservice.keyword.builtin.VerifyElementPropertyValueKeyword.verifyElementPropertyValue(VerifyElementPropertyValueKeyword.groovy:48)
	at com.kms.katalon.core.webservice.keyword.builtin.VerifyElementPropertyValueKeyword.execute(VerifyElementPropertyValueKeyword.groovy:43)
	at com.kms.katalon.core.keyword.internal.KeywordExecutor.executeKeywordForPlatform(KeywordExecutor.groovy:74)
	at com.kms.katalon.core.webservice.keyword.WSBuiltInKeywords.verifyElementPropertyValue(WSBuiltInKeywords.groovy:189)
	at com.kms.katalon.core.webservice.keyword.WSBuiltInKeywords$verifyElementPropertyValue$1.call(Unknown Source)
	at Engine Scoring.run(Engine Scoring:107)
	at com.kms.katalon.core.main.ScriptEngine.run(ScriptEngine.java:194)
	at com.kms.katalon.core.main.ScriptEngine.runScriptAsRawText(ScriptEngine.java:119)
	at com.kms.katalon.core.main.TestCaseExecutor.runScript(TestCaseExecutor.java:442)
	at com.kms.katalon.core.main.TestCaseExecutor.doExecute(TestCaseExecutor.java:433)
	at com.kms.katalon.core.main.TestCaseExecutor.processExecutionPhase(TestCaseExecutor.java:412)
	at com.kms.katalon.core.main.TestCaseExecutor.accessMainPhase(TestCaseExecutor.java:404)
	at com.kms.katalon.core.main.TestCaseExecutor.execute(TestCaseExecutor.java:281)
	at com.kms.katalon.core.main.TestSuiteExecutor.accessTestCaseMainPhase(TestSuiteExecutor.java:202)
	at com.kms.katalon.core.main.TestSuiteExecutor.accessTestSuiteMainPhase(TestSuiteExecutor.java:164)
	at com.kms.katalon.core.main.TestSuiteExecutor.execute(TestSuiteExecutor.java:105)
	at com.kms.katalon.core.main.TestCaseMain.startTestSuite(TestCaseMain.java:185)
	at com.kms.katalon.core.main.TestCaseMain$startTestSuite$0.call(Unknown Source)
	at TempTestSuite1669345236102.run(TempTestSuite1669345236102.groovy:36)


2022-11-25 10:12:30 - [TEST_STEP][PASSED] - markPassed("Variasi data ke : " + no): Variasi data ke : 103

2022-11-25 10:12:30 - [MESSAGE][PASSED] - Variasi data ke : 103

2022-11-25 10:12:30 - [TEST_STEP][PASSED] - req_data = sendRequest(findTestObject("Search_ME", ["MID":MID, "source":source, "ip":ip, "userid":userid, "branch":branch, "tipekons":tipekons, "marital":marital, "penjamin":penjamin, ... ])): Send request successfully

2022-11-25 10:12:31 - [MESSAGE][INFO] - HAR: D:\DMS\Engine Scoring\Reports\20221125_100036\Exclude KKB - DS - Married\Scoring Married - CS New\20221125_100036\requests\main\204.har

2022-11-25 10:12:31 - [MESSAGE][PASSED] - Send request successfully

2022-11-25 10:12:31 - [TEST_STEP][PASSED] - slurper = new groovy.json.JsonSlurper(): null

2022-11-25 10:12:31 - [TEST_STEP][PASSED] - result = slurper.parseText(req_data.getResponseBodyContent()): null

2022-11-25 10:12:31 - [TEST_STEP][PASSED] - reqid_kons = requestid1: null

2022-11-25 10:12:31 - [TEST_STEP][PASSED] - reqid_spouse = requestid2: null

2022-11-25 10:12:31 - [TEST_STEP][PASSED] - println("requestid kons : " + reqid_kons): null

2022-11-25 10:12:31 - [TEST_STEP][PASSED] - response_searchME_kons = reqid_kons: null

2022-11-25 10:12:31 - [TEST_STEP][PASSED] - response_searchME_spouse = reqid_spouse: null

2022-11-25 10:12:31 - [TEST_STEP][PASSED] - println("kons req id is :" + response_searchME_kons): null

2022-11-25 10:12:31 - [TEST_STEP][PASSED] - println("spouse req id is : " + response_searchME_spouse): null

2022-11-25 10:12:31 - [TEST_STEP][PASSED] - verifyResponseStatusCode(req_data, 200): Verify response status code successfully

2022-11-25 10:12:31 - [MESSAGE][PASSED] - Verify response status code successfully

2022-11-25 10:12:31 - [TEST_STEP][PASSED] - response = req_data.getResponseText(): null

2022-11-25 10:12:31 - [TEST_STEP][PASSED] - logInfo($response): {"status":"Done","data":{"requestid1":"255645","requestid2":"255646"}}

2022-11-25 10:12:31 - [MESSAGE][INFO] - {"status":"Done","data":{"requestid1":"255645","requestid2":"255646"}}

2022-11-25 10:12:31 - [TEST_STEP][PASSED] - delay(5): Delayed 5 second(s)

2022-11-25 10:12:36 - [MESSAGE][PASSED] - Delayed 5 second(s)

2022-11-25 10:12:36 - [TEST_STEP][PASSED] - scoring = sendRequest(findTestObject("EngineScore", ["response_searchME_kons":response_searchME_kons, "response_searchME_spouse":response_searchME_spouse])): Send request successfully

2022-11-25 10:12:36 - [MESSAGE][INFO] - HAR: D:\DMS\Engine Scoring\Reports\20221125_100036\Exclude KKB - DS - Married\Scoring Married - CS New\20221125_100036\requests\main\205.har

2022-11-25 10:12:36 - [MESSAGE][PASSED] - Send request successfully

2022-11-25 10:12:36 - [TEST_STEP][PASSED] - verifyResponseStatusCode(scoring, 200): Verify response status code successfully

2022-11-25 10:12:36 - [MESSAGE][PASSED] - Verify response status code successfully

2022-11-25 10:12:36 - [TEST_STEP][PASSED] - response2 = scoring.getResponseText(): null

2022-11-25 10:12:36 - [TEST_STEP][PASSED] - markPassed("result service data ke : " + no): result service data ke : 103

2022-11-25 10:12:36 - [MESSAGE][PASSED] - result service data ke : 103

2022-11-25 10:12:36 - [TEST_STEP][PASSED] - logInfo($response2): {"result_konsumen":"Approve","result_pasangan":"Approve","Final_result":"Approve","errorMessage":"","status":"Done"}

2022-11-25 10:12:36 - [MESSAGE][INFO] - {"result_konsumen":"Approve","result_pasangan":"Approve","Final_result":"Approve","errorMessage":"","status":"Done"}

2022-11-25 10:12:36 - [TEST_STEP][FAILED] - verifyElementPropertyValue(scoring, "Final_result", final_result): Unable to verify element property value (Root cause: com.kms.katalon.core.exception.StepFailedException: Expected element property value 'Reject' is not equal with actual property value 'Approve'
	at com.kms.katalon.core.keyword.internal.KeywordMain.stepFailed(KeywordMain.groovy:50)
	at com.kms.katalon.core.webservice.keyword.builtin.VerifyElementPropertyValueKeyword$_verifyElementPropertyValue_closure1.doCall(VerifyElementPropertyValueKeyword.groovy:56)
	at com.kms.katalon.core.webservice.keyword.builtin.VerifyElementPropertyValueKeyword$_verifyElementPropertyValue_closure1.call(VerifyElementPropertyValueKeyword.groovy)
	at com.kms.katalon.core.keyword.internal.KeywordMain.runKeyword(KeywordMain.groovy:74)
	at com.kms.katalon.core.webservice.keyword.builtin.VerifyElementPropertyValueKeyword.verifyElementPropertyValue(VerifyElementPropertyValueKeyword.groovy:48)
	at com.kms.katalon.core.webservice.keyword.builtin.VerifyElementPropertyValueKeyword.execute(VerifyElementPropertyValueKeyword.groovy:43)
	at com.kms.katalon.core.keyword.internal.KeywordExecutor.executeKeywordForPlatform(KeywordExecutor.groovy:74)
	at com.kms.katalon.core.webservice.keyword.WSBuiltInKeywords.verifyElementPropertyValue(WSBuiltInKeywords.groovy:189)
	at com.kms.katalon.core.webservice.keyword.WSBuiltInKeywords$verifyElementPropertyValue$1.call(Unknown Source)
	at Engine Scoring.run(Engine Scoring:107)
	at com.kms.katalon.core.main.ScriptEngine.run(ScriptEngine.java:194)
	at com.kms.katalon.core.main.ScriptEngine.runScriptAsRawText(ScriptEngine.java:119)
	at com.kms.katalon.core.main.TestCaseExecutor.runScript(TestCaseExecutor.java:442)
	at com.kms.katalon.core.main.TestCaseExecutor.doExecute(TestCaseExecutor.java:433)
	at com.kms.katalon.core.main.TestCaseExecutor.processExecutionPhase(TestCaseExecutor.java:412)
	at com.kms.katalon.core.main.TestCaseExecutor.accessMainPhase(TestCaseExecutor.java:404)
	at com.kms.katalon.core.main.TestCaseExecutor.execute(TestCaseExecutor.java:281)
	at com.kms.katalon.core.main.TestSuiteExecutor.accessTestCaseMainPhase(TestSuiteExecutor.java:202)
	at com.kms.katalon.core.main.TestSuiteExecutor.accessTestSuiteMainPhase(TestSuiteExecutor.java:164)
	at com.kms.katalon.core.main.TestSuiteExecutor.execute(TestSuiteExecutor.java:105)
	at com.kms.katalon.core.main.TestCaseMain.startTestSuite(TestCaseMain.java:185)
	at com.kms.katalon.core.main.TestCaseMain$startTestSuite$0.call(Unknown Source)
	at TempTestSuite1669345236102.run(TempTestSuite1669345236102.groovy:36)
)

2022-11-25 10:12:36 - [MESSAGE][FAILED] - Expected element property value 'Reject' is not equal with actual property value 'Approve'

2022-11-25 10:12:36 - [MESSAGE][FAILED] - Unable to verify element property value (Root cause: com.kms.katalon.core.exception.StepFailedException: Expected element property value 'Reject' is not equal with actual property value 'Approve'
	at com.kms.katalon.core.keyword.internal.KeywordMain.stepFailed(KeywordMain.groovy:50)
	at com.kms.katalon.core.webservice.keyword.builtin.VerifyElementPropertyValueKeyword$_verifyElementPropertyValue_closure1.doCall(VerifyElementPropertyValueKeyword.groovy:56)
	at com.kms.katalon.core.webservice.keyword.builtin.VerifyElementPropertyValueKeyword$_verifyElementPropertyValue_closure1.call(VerifyElementPropertyValueKeyword.groovy)
	at com.kms.katalon.core.keyword.internal.KeywordMain.runKeyword(KeywordMain.groovy:74)
	at com.kms.katalon.core.webservice.keyword.builtin.VerifyElementPropertyValueKeyword.verifyElementPropertyValue(VerifyElementPropertyValueKeyword.groovy:48)
	at com.kms.katalon.core.webservice.keyword.builtin.VerifyElementPropertyValueKeyword.execute(VerifyElementPropertyValueKeyword.groovy:43)
	at com.kms.katalon.core.keyword.internal.KeywordExecutor.executeKeywordForPlatform(KeywordExecutor.groovy:74)
	at com.kms.katalon.core.webservice.keyword.WSBuiltInKeywords.verifyElementPropertyValue(WSBuiltInKeywords.groovy:189)
	at com.kms.katalon.core.webservice.keyword.WSBuiltInKeywords$verifyElementPropertyValue$1.call(Unknown Source)
	at Engine Scoring.run(Engine Scoring:107)
	at com.kms.katalon.core.main.ScriptEngine.run(ScriptEngine.java:194)
	at com.kms.katalon.core.main.ScriptEngine.runScriptAsRawText(ScriptEngine.java:119)
	at com.kms.katalon.core.main.TestCaseExecutor.runScript(TestCaseExecutor.java:442)
	at com.kms.katalon.core.main.TestCaseExecutor.doExecute(TestCaseExecutor.java:433)
	at com.kms.katalon.core.main.TestCaseExecutor.processExecutionPhase(TestCaseExecutor.java:412)
	at com.kms.katalon.core.main.TestCaseExecutor.accessMainPhase(TestCaseExecutor.java:404)
	at com.kms.katalon.core.main.TestCaseExecutor.execute(TestCaseExecutor.java:281)
	at com.kms.katalon.core.main.TestSuiteExecutor.accessTestCaseMainPhase(TestSuiteExecutor.java:202)
	at com.kms.katalon.core.main.TestSuiteExecutor.accessTestSuiteMainPhase(TestSuiteExecutor.java:164)
	at com.kms.katalon.core.main.TestSuiteExecutor.execute(TestSuiteExecutor.java:105)
	at com.kms.katalon.core.main.TestCaseMain.startTestSuite(TestCaseMain.java:185)
	at com.kms.katalon.core.main.TestCaseMain$startTestSuite$0.call(Unknown Source)
	at TempTestSuite1669345236102.run(TempTestSuite1669345236102.groovy:36)
)]]></system-out>
         <system-err><![CDATA[2022-11-25 10:12:29 - [TEST_CASE][FAILED] - Test Cases/Engine_Scoring/Engine Scoring: Test Cases/Engine_Scoring/Engine Scoring FAILED.
Reason:
com.kms.katalon.core.exception.StepFailedException: Expected element property value 'Reject' is not equal with actual property value 'Approve'
	at com.kms.katalon.core.keyword.internal.KeywordMain.stepFailed(KeywordMain.groovy:50)
	at com.kms.katalon.core.webservice.keyword.builtin.VerifyElementPropertyValueKeyword$_verifyElementPropertyValue_closure1.doCall(VerifyElementPropertyValueKeyword.groovy:56)
	at com.kms.katalon.core.webservice.keyword.builtin.VerifyElementPropertyValueKeyword$_verifyElementPropertyValue_closure1.call(VerifyElementPropertyValueKeyword.groovy)
	at com.kms.katalon.core.keyword.internal.KeywordMain.runKeyword(KeywordMain.groovy:74)
	at com.kms.katalon.core.webservice.keyword.builtin.VerifyElementPropertyValueKeyword.verifyElementPropertyValue(VerifyElementPropertyValueKeyword.groovy:48)
	at com.kms.katalon.core.webservice.keyword.builtin.VerifyElementPropertyValueKeyword.execute(VerifyElementPropertyValueKeyword.groovy:43)
	at com.kms.katalon.core.keyword.internal.KeywordExecutor.executeKeywordForPlatform(KeywordExecutor.groovy:74)
	at com.kms.katalon.core.webservice.keyword.WSBuiltInKeywords.verifyElementPropertyValue(WSBuiltInKeywords.groovy:189)
	at com.kms.katalon.core.webservice.keyword.WSBuiltInKeywords$verifyElementPropertyValue$1.call(Unknown Source)
	at Engine Scoring.run(Engine Scoring:107)
	at com.kms.katalon.core.main.ScriptEngine.run(ScriptEngine.java:194)
	at com.kms.katalon.core.main.ScriptEngine.runScriptAsRawText(ScriptEngine.java:119)
	at com.kms.katalon.core.main.TestCaseExecutor.runScript(TestCaseExecutor.java:442)
	at com.kms.katalon.core.main.TestCaseExecutor.doExecute(TestCaseExecutor.java:433)
	at com.kms.katalon.core.main.TestCaseExecutor.processExecutionPhase(TestCaseExecutor.java:412)
	at com.kms.katalon.core.main.TestCaseExecutor.accessMainPhase(TestCaseExecutor.java:404)
	at com.kms.katalon.core.main.TestCaseExecutor.execute(TestCaseExecutor.java:281)
	at com.kms.katalon.core.main.TestSuiteExecutor.accessTestCaseMainPhase(TestSuiteExecutor.java:202)
	at com.kms.katalon.core.main.TestSuiteExecutor.accessTestSuiteMainPhase(TestSuiteExecutor.java:164)
	at com.kms.katalon.core.main.TestSuiteExecutor.execute(TestSuiteExecutor.java:105)
	at com.kms.katalon.core.main.TestCaseMain.startTestSuite(TestCaseMain.java:185)
	at com.kms.katalon.core.main.TestCaseMain$startTestSuite$0.call(Unknown Source)
	at TempTestSuite1669345236102.run(TempTestSuite1669345236102.groovy:36)]]></system-err>
      </testcase>
      <testcase name="Test Cases/Engine_Scoring/Engine Scoring" time="7.244" classname="Test Cases/Engine_Scoring/Engine Scoring" status="PASSED">
         <system-out><![CDATA[2022-11-25 10:12:36 - [TEST_CASE][PASSED] - Test Cases/Engine_Scoring/Engine Scoring: Test Cases/Engine_Scoring/Engine Scoring

2022-11-25 10:12:37 - [TEST_STEP][PASSED] - markPassed("Variasi data ke : " + no): Variasi data ke : 104

2022-11-25 10:12:37 - [MESSAGE][PASSED] - Variasi data ke : 104

2022-11-25 10:12:37 - [TEST_STEP][PASSED] - req_data = sendRequest(findTestObject("Search_ME", ["MID":MID, "source":source, "ip":ip, "userid":userid, "branch":branch, "tipekons":tipekons, "marital":marital, "penjamin":penjamin, ... ])): Send request successfully

2022-11-25 10:12:39 - [MESSAGE][INFO] - HAR: D:\DMS\Engine Scoring\Reports\20221125_100036\Exclude KKB - DS - Married\Scoring Married - CS New\20221125_100036\requests\main\206.har

2022-11-25 10:12:39 - [MESSAGE][PASSED] - Send request successfully

2022-11-25 10:12:39 - [TEST_STEP][PASSED] - slurper = new groovy.json.JsonSlurper(): null

2022-11-25 10:12:39 - [TEST_STEP][PASSED] - result = slurper.parseText(req_data.getResponseBodyContent()): null

2022-11-25 10:12:39 - [TEST_STEP][PASSED] - reqid_kons = requestid1: null

2022-11-25 10:12:39 - [TEST_STEP][PASSED] - reqid_spouse = requestid2: null

2022-11-25 10:12:39 - [TEST_STEP][PASSED] - println("requestid kons : " + reqid_kons): null

2022-11-25 10:12:39 - [TEST_STEP][PASSED] - response_searchME_kons = reqid_kons: null

2022-11-25 10:12:39 - [TEST_STEP][PASSED] - response_searchME_spouse = reqid_spouse: null

2022-11-25 10:12:39 - [TEST_STEP][PASSED] - println("kons req id is :" + response_searchME_kons): null

2022-11-25 10:12:39 - [TEST_STEP][PASSED] - println("spouse req id is : " + response_searchME_spouse): null

2022-11-25 10:12:39 - [TEST_STEP][PASSED] - verifyResponseStatusCode(req_data, 200): Verify response status code successfully

2022-11-25 10:12:39 - [MESSAGE][PASSED] - Verify response status code successfully

2022-11-25 10:12:39 - [TEST_STEP][PASSED] - response = req_data.getResponseText(): null

2022-11-25 10:12:39 - [TEST_STEP][PASSED] - logInfo($response): {"status":"Done","data":{"requestid1":"255647","requestid2":"255648"}}

2022-11-25 10:12:39 - [MESSAGE][INFO] - {"status":"Done","data":{"requestid1":"255647","requestid2":"255648"}}

2022-11-25 10:12:39 - [TEST_STEP][PASSED] - delay(5): Delayed 5 second(s)

2022-11-25 10:12:44 - [MESSAGE][PASSED] - Delayed 5 second(s)

2022-11-25 10:12:44 - [TEST_STEP][PASSED] - scoring = sendRequest(findTestObject("EngineScore", ["response_searchME_kons":response_searchME_kons, "response_searchME_spouse":response_searchME_spouse])): Send request successfully

2022-11-25 10:12:44 - [MESSAGE][INFO] - HAR: D:\DMS\Engine Scoring\Reports\20221125_100036\Exclude KKB - DS - Married\Scoring Married - CS New\20221125_100036\requests\main\207.har

2022-11-25 10:12:44 - [MESSAGE][PASSED] - Send request successfully

2022-11-25 10:12:44 - [TEST_STEP][PASSED] - verifyResponseStatusCode(scoring, 200): Verify response status code successfully

2022-11-25 10:12:44 - [MESSAGE][PASSED] - Verify response status code successfully

2022-11-25 10:12:44 - [TEST_STEP][PASSED] - response2 = scoring.getResponseText(): null

2022-11-25 10:12:44 - [TEST_STEP][PASSED] - markPassed("result service data ke : " + no): result service data ke : 104

2022-11-25 10:12:44 - [MESSAGE][PASSED] - result service data ke : 104

2022-11-25 10:12:44 - [TEST_STEP][PASSED] - logInfo($response2): {"result_konsumen":"Approve","result_pasangan":"Reject","Final_result":"Reject","errorMessage":"","status":"Done"}

2022-11-25 10:12:44 - [MESSAGE][INFO] - {"result_konsumen":"Approve","result_pasangan":"Reject","Final_result":"Reject","errorMessage":"","status":"Done"}

2022-11-25 10:12:44 - [TEST_STEP][PASSED] - verifyElementPropertyValue(scoring, "Final_result", final_result): Verify element property value successfully

2022-11-25 10:12:44 - [MESSAGE][PASSED] - Verify element property value successfully]]></system-out>
         <system-err><![CDATA[]]></system-err>
      </testcase>
      <testcase name="Test Cases/Engine_Scoring/Engine Scoring" time="7.001" classname="Test Cases/Engine_Scoring/Engine Scoring" status="PASSED">
         <system-out><![CDATA[2022-11-25 10:12:44 - [TEST_CASE][PASSED] - Test Cases/Engine_Scoring/Engine Scoring: Test Cases/Engine_Scoring/Engine Scoring

2022-11-25 10:12:45 - [TEST_STEP][PASSED] - markPassed("Variasi data ke : " + no): Variasi data ke : 105

2022-11-25 10:12:45 - [MESSAGE][PASSED] - Variasi data ke : 105

2022-11-25 10:12:45 - [TEST_STEP][PASSED] - req_data = sendRequest(findTestObject("Search_ME", ["MID":MID, "source":source, "ip":ip, "userid":userid, "branch":branch, "tipekons":tipekons, "marital":marital, "penjamin":penjamin, ... ])): Send request successfully

2022-11-25 10:12:46 - [MESSAGE][INFO] - HAR: D:\DMS\Engine Scoring\Reports\20221125_100036\Exclude KKB - DS - Married\Scoring Married - CS New\20221125_100036\requests\main\208.har

2022-11-25 10:12:46 - [MESSAGE][PASSED] - Send request successfully

2022-11-25 10:12:46 - [TEST_STEP][PASSED] - slurper = new groovy.json.JsonSlurper(): null

2022-11-25 10:12:46 - [TEST_STEP][PASSED] - result = slurper.parseText(req_data.getResponseBodyContent()): null

2022-11-25 10:12:46 - [TEST_STEP][PASSED] - reqid_kons = requestid1: null

2022-11-25 10:12:46 - [TEST_STEP][PASSED] - reqid_spouse = requestid2: null

2022-11-25 10:12:46 - [TEST_STEP][PASSED] - println("requestid kons : " + reqid_kons): null

2022-11-25 10:12:46 - [TEST_STEP][PASSED] - response_searchME_kons = reqid_kons: null

2022-11-25 10:12:46 - [TEST_STEP][PASSED] - response_searchME_spouse = reqid_spouse: null

2022-11-25 10:12:46 - [TEST_STEP][PASSED] - println("kons req id is :" + response_searchME_kons): null

2022-11-25 10:12:46 - [TEST_STEP][PASSED] - println("spouse req id is : " + response_searchME_spouse): null

2022-11-25 10:12:46 - [TEST_STEP][PASSED] - verifyResponseStatusCode(req_data, 200): Verify response status code successfully

2022-11-25 10:12:46 - [MESSAGE][PASSED] - Verify response status code successfully

2022-11-25 10:12:46 - [TEST_STEP][PASSED] - response = req_data.getResponseText(): null

2022-11-25 10:12:46 - [TEST_STEP][PASSED] - logInfo($response): {"status":"Done","data":{"requestid1":"255649","requestid2":"255650"}}

2022-11-25 10:12:46 - [MESSAGE][INFO] - {"status":"Done","data":{"requestid1":"255649","requestid2":"255650"}}

2022-11-25 10:12:46 - [TEST_STEP][PASSED] - delay(5): Delayed 5 second(s)

2022-11-25 10:12:51 - [MESSAGE][PASSED] - Delayed 5 second(s)

2022-11-25 10:12:51 - [TEST_STEP][PASSED] - scoring = sendRequest(findTestObject("EngineScore", ["response_searchME_kons":response_searchME_kons, "response_searchME_spouse":response_searchME_spouse])): Send request successfully

2022-11-25 10:12:51 - [MESSAGE][INFO] - HAR: D:\DMS\Engine Scoring\Reports\20221125_100036\Exclude KKB - DS - Married\Scoring Married - CS New\20221125_100036\requests\main\209.har

2022-11-25 10:12:51 - [MESSAGE][PASSED] - Send request successfully

2022-11-25 10:12:51 - [TEST_STEP][PASSED] - verifyResponseStatusCode(scoring, 200): Verify response status code successfully

2022-11-25 10:12:51 - [MESSAGE][PASSED] - Verify response status code successfully

2022-11-25 10:12:51 - [TEST_STEP][PASSED] - response2 = scoring.getResponseText(): null

2022-11-25 10:12:51 - [TEST_STEP][PASSED] - markPassed("result service data ke : " + no): result service data ke : 105

2022-11-25 10:12:51 - [MESSAGE][PASSED] - result service data ke : 105

2022-11-25 10:12:51 - [TEST_STEP][PASSED] - logInfo($response2): {"result_konsumen":"Approve","result_pasangan":"Reject","Final_result":"Reject","errorMessage":"","status":"Done"}

2022-11-25 10:12:51 - [MESSAGE][INFO] - {"result_konsumen":"Approve","result_pasangan":"Reject","Final_result":"Reject","errorMessage":"","status":"Done"}

2022-11-25 10:12:51 - [TEST_STEP][PASSED] - verifyElementPropertyValue(scoring, "Final_result", final_result): Verify element property value successfully

2022-11-25 10:12:51 - [MESSAGE][PASSED] - Verify element property value successfully]]></system-out>
         <system-err><![CDATA[]]></system-err>
      </testcase>
      <testcase name="Test Cases/Engine_Scoring/Engine Scoring" time="7.062" classname="Test Cases/Engine_Scoring/Engine Scoring" status="PASSED">
         <system-out><![CDATA[2022-11-25 10:12:51 - [TEST_CASE][PASSED] - Test Cases/Engine_Scoring/Engine Scoring: Test Cases/Engine_Scoring/Engine Scoring

2022-11-25 10:12:52 - [TEST_STEP][PASSED] - markPassed("Variasi data ke : " + no): Variasi data ke : 106

2022-11-25 10:12:52 - [MESSAGE][PASSED] - Variasi data ke : 106

2022-11-25 10:12:52 - [TEST_STEP][PASSED] - req_data = sendRequest(findTestObject("Search_ME", ["MID":MID, "source":source, "ip":ip, "userid":userid, "branch":branch, "tipekons":tipekons, "marital":marital, "penjamin":penjamin, ... ])): Send request successfully

2022-11-25 10:12:53 - [MESSAGE][INFO] - HAR: D:\DMS\Engine Scoring\Reports\20221125_100036\Exclude KKB - DS - Married\Scoring Married - CS New\20221125_100036\requests\main\210.har

2022-11-25 10:12:53 - [MESSAGE][PASSED] - Send request successfully

2022-11-25 10:12:53 - [TEST_STEP][PASSED] - slurper = new groovy.json.JsonSlurper(): null

2022-11-25 10:12:53 - [TEST_STEP][PASSED] - result = slurper.parseText(req_data.getResponseBodyContent()): null

2022-11-25 10:12:53 - [TEST_STEP][PASSED] - reqid_kons = requestid1: null

2022-11-25 10:12:53 - [TEST_STEP][PASSED] - reqid_spouse = requestid2: null

2022-11-25 10:12:53 - [TEST_STEP][PASSED] - println("requestid kons : " + reqid_kons): null

2022-11-25 10:12:53 - [TEST_STEP][PASSED] - response_searchME_kons = reqid_kons: null

2022-11-25 10:12:53 - [TEST_STEP][PASSED] - response_searchME_spouse = reqid_spouse: null

2022-11-25 10:12:53 - [TEST_STEP][PASSED] - println("kons req id is :" + response_searchME_kons): null

2022-11-25 10:12:53 - [TEST_STEP][PASSED] - println("spouse req id is : " + response_searchME_spouse): null

2022-11-25 10:12:53 - [TEST_STEP][PASSED] - verifyResponseStatusCode(req_data, 200): Verify response status code successfully

2022-11-25 10:12:53 - [MESSAGE][PASSED] - Verify response status code successfully

2022-11-25 10:12:53 - [TEST_STEP][PASSED] - response = req_data.getResponseText(): null

2022-11-25 10:12:53 - [TEST_STEP][PASSED] - logInfo($response): {"status":"Done","data":{"requestid1":"255651","requestid2":"255652"}}

2022-11-25 10:12:53 - [MESSAGE][INFO] - {"status":"Done","data":{"requestid1":"255651","requestid2":"255652"}}

2022-11-25 10:12:53 - [TEST_STEP][PASSED] - delay(5): Delayed 5 second(s)

2022-11-25 10:12:58 - [MESSAGE][PASSED] - Delayed 5 second(s)

2022-11-25 10:12:58 - [TEST_STEP][PASSED] - scoring = sendRequest(findTestObject("EngineScore", ["response_searchME_kons":response_searchME_kons, "response_searchME_spouse":response_searchME_spouse])): Send request successfully

2022-11-25 10:12:58 - [MESSAGE][INFO] - HAR: D:\DMS\Engine Scoring\Reports\20221125_100036\Exclude KKB - DS - Married\Scoring Married - CS New\20221125_100036\requests\main\211.har

2022-11-25 10:12:58 - [MESSAGE][PASSED] - Send request successfully

2022-11-25 10:12:58 - [TEST_STEP][PASSED] - verifyResponseStatusCode(scoring, 200): Verify response status code successfully

2022-11-25 10:12:58 - [MESSAGE][PASSED] - Verify response status code successfully

2022-11-25 10:12:58 - [TEST_STEP][PASSED] - response2 = scoring.getResponseText(): null

2022-11-25 10:12:58 - [TEST_STEP][PASSED] - markPassed("result service data ke : " + no): result service data ke : 106

2022-11-25 10:12:58 - [MESSAGE][PASSED] - result service data ke : 106

2022-11-25 10:12:58 - [TEST_STEP][PASSED] - logInfo($response2): {"result_konsumen":"Approve","result_pasangan":"Reject","Final_result":"Reject","errorMessage":"","status":"Done"}

2022-11-25 10:12:58 - [MESSAGE][INFO] - {"result_konsumen":"Approve","result_pasangan":"Reject","Final_result":"Reject","errorMessage":"","status":"Done"}

2022-11-25 10:12:58 - [TEST_STEP][PASSED] - verifyElementPropertyValue(scoring, "Final_result", final_result): Verify element property value successfully

2022-11-25 10:12:58 - [MESSAGE][PASSED] - Verify element property value successfully]]></system-out>
         <system-err><![CDATA[]]></system-err>
      </testcase>
      <testcase name="Test Cases/Engine_Scoring/Engine Scoring" time="7.126" classname="Test Cases/Engine_Scoring/Engine Scoring" status="FAILED">
         <failure type="FAILED" message="Test Cases/Engine_Scoring/Engine Scoring FAILED.
Reason:
com.kms.katalon.core.exception.StepFailedException: Expected element property value 'Reject' is not equal with actual property value 'Approve'
	at com.kms.katalon.core.keyword.internal.KeywordMain.stepFailed(KeywordMain.groovy:50)
	at com.kms.katalon.core.webservice.keyword.builtin.VerifyElementPropertyValueKeyword$_verifyElementPropertyValue_closure1.doCall(VerifyElementPropertyValueKeyword.groovy:56)
	at com.kms.katalon.core.webservice.keyword.builtin.VerifyElementPropertyValueKeyword$_verifyElementPropertyValue_closure1.call(VerifyElementPropertyValueKeyword.groovy)
	at com.kms.katalon.core.keyword.internal.KeywordMain.runKeyword(KeywordMain.groovy:74)
	at com.kms.katalon.core.webservice.keyword.builtin.VerifyElementPropertyValueKeyword.verifyElementPropertyValue(VerifyElementPropertyValueKeyword.groovy:48)
	at com.kms.katalon.core.webservice.keyword.builtin.VerifyElementPropertyValueKeyword.execute(VerifyElementPropertyValueKeyword.groovy:43)
	at com.kms.katalon.core.keyword.internal.KeywordExecutor.executeKeywordForPlatform(KeywordExecutor.groovy:74)
	at com.kms.katalon.core.webservice.keyword.WSBuiltInKeywords.verifyElementPropertyValue(WSBuiltInKeywords.groovy:189)
	at com.kms.katalon.core.webservice.keyword.WSBuiltInKeywords$verifyElementPropertyValue$1.call(Unknown Source)
	at Engine Scoring.run(Engine Scoring:107)
	at com.kms.katalon.core.main.ScriptEngine.run(ScriptEngine.java:194)
	at com.kms.katalon.core.main.ScriptEngine.runScriptAsRawText(ScriptEngine.java:119)
	at com.kms.katalon.core.main.TestCaseExecutor.runScript(TestCaseExecutor.java:442)
	at com.kms.katalon.core.main.TestCaseExecutor.doExecute(TestCaseExecutor.java:433)
	at com.kms.katalon.core.main.TestCaseExecutor.processExecutionPhase(TestCaseExecutor.java:412)
	at com.kms.katalon.core.main.TestCaseExecutor.accessMainPhase(TestCaseExecutor.java:404)
	at com.kms.katalon.core.main.TestCaseExecutor.execute(TestCaseExecutor.java:281)
	at com.kms.katalon.core.main.TestSuiteExecutor.accessTestCaseMainPhase(TestSuiteExecutor.java:202)
	at com.kms.katalon.core.main.TestSuiteExecutor.accessTestSuiteMainPhase(TestSuiteExecutor.java:164)
	at com.kms.katalon.core.main.TestSuiteExecutor.execute(TestSuiteExecutor.java:105)
	at com.kms.katalon.core.main.TestCaseMain.startTestSuite(TestCaseMain.java:185)
	at com.kms.katalon.core.main.TestCaseMain$startTestSuite$0.call(Unknown Source)
	at TempTestSuite1669345236102.run(TempTestSuite1669345236102.groovy:36)
"/>
         <system-out><![CDATA[2022-11-25 10:12:58 - [TEST_CASE][FAILED] - Test Cases/Engine_Scoring/Engine Scoring: Test Cases/Engine_Scoring/Engine Scoring FAILED.
Reason:
com.kms.katalon.core.exception.StepFailedException: Expected element property value 'Reject' is not equal with actual property value 'Approve'
	at com.kms.katalon.core.keyword.internal.KeywordMain.stepFailed(KeywordMain.groovy:50)
	at com.kms.katalon.core.webservice.keyword.builtin.VerifyElementPropertyValueKeyword$_verifyElementPropertyValue_closure1.doCall(VerifyElementPropertyValueKeyword.groovy:56)
	at com.kms.katalon.core.webservice.keyword.builtin.VerifyElementPropertyValueKeyword$_verifyElementPropertyValue_closure1.call(VerifyElementPropertyValueKeyword.groovy)
	at com.kms.katalon.core.keyword.internal.KeywordMain.runKeyword(KeywordMain.groovy:74)
	at com.kms.katalon.core.webservice.keyword.builtin.VerifyElementPropertyValueKeyword.verifyElementPropertyValue(VerifyElementPropertyValueKeyword.groovy:48)
	at com.kms.katalon.core.webservice.keyword.builtin.VerifyElementPropertyValueKeyword.execute(VerifyElementPropertyValueKeyword.groovy:43)
	at com.kms.katalon.core.keyword.internal.KeywordExecutor.executeKeywordForPlatform(KeywordExecutor.groovy:74)
	at com.kms.katalon.core.webservice.keyword.WSBuiltInKeywords.verifyElementPropertyValue(WSBuiltInKeywords.groovy:189)
	at com.kms.katalon.core.webservice.keyword.WSBuiltInKeywords$verifyElementPropertyValue$1.call(Unknown Source)
	at Engine Scoring.run(Engine Scoring:107)
	at com.kms.katalon.core.main.ScriptEngine.run(ScriptEngine.java:194)
	at com.kms.katalon.core.main.ScriptEngine.runScriptAsRawText(ScriptEngine.java:119)
	at com.kms.katalon.core.main.TestCaseExecutor.runScript(TestCaseExecutor.java:442)
	at com.kms.katalon.core.main.TestCaseExecutor.doExecute(TestCaseExecutor.java:433)
	at com.kms.katalon.core.main.TestCaseExecutor.processExecutionPhase(TestCaseExecutor.java:412)
	at com.kms.katalon.core.main.TestCaseExecutor.accessMainPhase(TestCaseExecutor.java:404)
	at com.kms.katalon.core.main.TestCaseExecutor.execute(TestCaseExecutor.java:281)
	at com.kms.katalon.core.main.TestSuiteExecutor.accessTestCaseMainPhase(TestSuiteExecutor.java:202)
	at com.kms.katalon.core.main.TestSuiteExecutor.accessTestSuiteMainPhase(TestSuiteExecutor.java:164)
	at com.kms.katalon.core.main.TestSuiteExecutor.execute(TestSuiteExecutor.java:105)
	at com.kms.katalon.core.main.TestCaseMain.startTestSuite(TestCaseMain.java:185)
	at com.kms.katalon.core.main.TestCaseMain$startTestSuite$0.call(Unknown Source)
	at TempTestSuite1669345236102.run(TempTestSuite1669345236102.groovy:36)


2022-11-25 10:12:59 - [TEST_STEP][PASSED] - markPassed("Variasi data ke : " + no): Variasi data ke : 107

2022-11-25 10:12:59 - [MESSAGE][PASSED] - Variasi data ke : 107

2022-11-25 10:12:59 - [TEST_STEP][PASSED] - req_data = sendRequest(findTestObject("Search_ME", ["MID":MID, "source":source, "ip":ip, "userid":userid, "branch":branch, "tipekons":tipekons, "marital":marital, "penjamin":penjamin, ... ])): Send request successfully

2022-11-25 10:13:00 - [MESSAGE][INFO] - HAR: D:\DMS\Engine Scoring\Reports\20221125_100036\Exclude KKB - DS - Married\Scoring Married - CS New\20221125_100036\requests\main\212.har

2022-11-25 10:13:00 - [MESSAGE][PASSED] - Send request successfully

2022-11-25 10:13:00 - [TEST_STEP][PASSED] - slurper = new groovy.json.JsonSlurper(): null

2022-11-25 10:13:00 - [TEST_STEP][PASSED] - result = slurper.parseText(req_data.getResponseBodyContent()): null

2022-11-25 10:13:00 - [TEST_STEP][PASSED] - reqid_kons = requestid1: null

2022-11-25 10:13:00 - [TEST_STEP][PASSED] - reqid_spouse = requestid2: null

2022-11-25 10:13:00 - [TEST_STEP][PASSED] - println("requestid kons : " + reqid_kons): null

2022-11-25 10:13:00 - [TEST_STEP][PASSED] - response_searchME_kons = reqid_kons: null

2022-11-25 10:13:00 - [TEST_STEP][PASSED] - response_searchME_spouse = reqid_spouse: null

2022-11-25 10:13:00 - [TEST_STEP][PASSED] - println("kons req id is :" + response_searchME_kons): null

2022-11-25 10:13:00 - [TEST_STEP][PASSED] - println("spouse req id is : " + response_searchME_spouse): null

2022-11-25 10:13:00 - [TEST_STEP][PASSED] - verifyResponseStatusCode(req_data, 200): Verify response status code successfully

2022-11-25 10:13:00 - [MESSAGE][PASSED] - Verify response status code successfully

2022-11-25 10:13:00 - [TEST_STEP][PASSED] - response = req_data.getResponseText(): null

2022-11-25 10:13:00 - [TEST_STEP][PASSED] - logInfo($response): {"status":"Done","data":{"requestid1":"255653","requestid2":"255654"}}

2022-11-25 10:13:00 - [MESSAGE][INFO] - {"status":"Done","data":{"requestid1":"255653","requestid2":"255654"}}

2022-11-25 10:13:00 - [TEST_STEP][PASSED] - delay(5): Delayed 5 second(s)

2022-11-25 10:13:05 - [MESSAGE][PASSED] - Delayed 5 second(s)

2022-11-25 10:13:05 - [TEST_STEP][PASSED] - scoring = sendRequest(findTestObject("EngineScore", ["response_searchME_kons":response_searchME_kons, "response_searchME_spouse":response_searchME_spouse])): Send request successfully

2022-11-25 10:13:05 - [MESSAGE][INFO] - HAR: D:\DMS\Engine Scoring\Reports\20221125_100036\Exclude KKB - DS - Married\Scoring Married - CS New\20221125_100036\requests\main\213.har

2022-11-25 10:13:05 - [MESSAGE][PASSED] - Send request successfully

2022-11-25 10:13:05 - [TEST_STEP][PASSED] - verifyResponseStatusCode(scoring, 200): Verify response status code successfully

2022-11-25 10:13:05 - [MESSAGE][PASSED] - Verify response status code successfully

2022-11-25 10:13:05 - [TEST_STEP][PASSED] - response2 = scoring.getResponseText(): null

2022-11-25 10:13:05 - [TEST_STEP][PASSED] - markPassed("result service data ke : " + no): result service data ke : 107

2022-11-25 10:13:05 - [MESSAGE][PASSED] - result service data ke : 107

2022-11-25 10:13:05 - [TEST_STEP][PASSED] - logInfo($response2): {"result_konsumen":"Approve","result_pasangan":"Reguler","Final_result":"Approve","errorMessage":"","status":"Done"}

2022-11-25 10:13:05 - [MESSAGE][INFO] - {"result_konsumen":"Approve","result_pasangan":"Reguler","Final_result":"Approve","errorMessage":"","status":"Done"}

2022-11-25 10:13:05 - [TEST_STEP][FAILED] - verifyElementPropertyValue(scoring, "Final_result", final_result): Unable to verify element property value (Root cause: com.kms.katalon.core.exception.StepFailedException: Expected element property value 'Reject' is not equal with actual property value 'Approve'
	at com.kms.katalon.core.keyword.internal.KeywordMain.stepFailed(KeywordMain.groovy:50)
	at com.kms.katalon.core.webservice.keyword.builtin.VerifyElementPropertyValueKeyword$_verifyElementPropertyValue_closure1.doCall(VerifyElementPropertyValueKeyword.groovy:56)
	at com.kms.katalon.core.webservice.keyword.builtin.VerifyElementPropertyValueKeyword$_verifyElementPropertyValue_closure1.call(VerifyElementPropertyValueKeyword.groovy)
	at com.kms.katalon.core.keyword.internal.KeywordMain.runKeyword(KeywordMain.groovy:74)
	at com.kms.katalon.core.webservice.keyword.builtin.VerifyElementPropertyValueKeyword.verifyElementPropertyValue(VerifyElementPropertyValueKeyword.groovy:48)
	at com.kms.katalon.core.webservice.keyword.builtin.VerifyElementPropertyValueKeyword.execute(VerifyElementPropertyValueKeyword.groovy:43)
	at com.kms.katalon.core.keyword.internal.KeywordExecutor.executeKeywordForPlatform(KeywordExecutor.groovy:74)
	at com.kms.katalon.core.webservice.keyword.WSBuiltInKeywords.verifyElementPropertyValue(WSBuiltInKeywords.groovy:189)
	at com.kms.katalon.core.webservice.keyword.WSBuiltInKeywords$verifyElementPropertyValue$1.call(Unknown Source)
	at Engine Scoring.run(Engine Scoring:107)
	at com.kms.katalon.core.main.ScriptEngine.run(ScriptEngine.java:194)
	at com.kms.katalon.core.main.ScriptEngine.runScriptAsRawText(ScriptEngine.java:119)
	at com.kms.katalon.core.main.TestCaseExecutor.runScript(TestCaseExecutor.java:442)
	at com.kms.katalon.core.main.TestCaseExecutor.doExecute(TestCaseExecutor.java:433)
	at com.kms.katalon.core.main.TestCaseExecutor.processExecutionPhase(TestCaseExecutor.java:412)
	at com.kms.katalon.core.main.TestCaseExecutor.accessMainPhase(TestCaseExecutor.java:404)
	at com.kms.katalon.core.main.TestCaseExecutor.execute(TestCaseExecutor.java:281)
	at com.kms.katalon.core.main.TestSuiteExecutor.accessTestCaseMainPhase(TestSuiteExecutor.java:202)
	at com.kms.katalon.core.main.TestSuiteExecutor.accessTestSuiteMainPhase(TestSuiteExecutor.java:164)
	at com.kms.katalon.core.main.TestSuiteExecutor.execute(TestSuiteExecutor.java:105)
	at com.kms.katalon.core.main.TestCaseMain.startTestSuite(TestCaseMain.java:185)
	at com.kms.katalon.core.main.TestCaseMain$startTestSuite$0.call(Unknown Source)
	at TempTestSuite1669345236102.run(TempTestSuite1669345236102.groovy:36)
)

2022-11-25 10:13:05 - [MESSAGE][FAILED] - Expected element property value 'Reject' is not equal with actual property value 'Approve'

2022-11-25 10:13:05 - [MESSAGE][FAILED] - Unable to verify element property value (Root cause: com.kms.katalon.core.exception.StepFailedException: Expected element property value 'Reject' is not equal with actual property value 'Approve'
	at com.kms.katalon.core.keyword.internal.KeywordMain.stepFailed(KeywordMain.groovy:50)
	at com.kms.katalon.core.webservice.keyword.builtin.VerifyElementPropertyValueKeyword$_verifyElementPropertyValue_closure1.doCall(VerifyElementPropertyValueKeyword.groovy:56)
	at com.kms.katalon.core.webservice.keyword.builtin.VerifyElementPropertyValueKeyword$_verifyElementPropertyValue_closure1.call(VerifyElementPropertyValueKeyword.groovy)
	at com.kms.katalon.core.keyword.internal.KeywordMain.runKeyword(KeywordMain.groovy:74)
	at com.kms.katalon.core.webservice.keyword.builtin.VerifyElementPropertyValueKeyword.verifyElementPropertyValue(VerifyElementPropertyValueKeyword.groovy:48)
	at com.kms.katalon.core.webservice.keyword.builtin.VerifyElementPropertyValueKeyword.execute(VerifyElementPropertyValueKeyword.groovy:43)
	at com.kms.katalon.core.keyword.internal.KeywordExecutor.executeKeywordForPlatform(KeywordExecutor.groovy:74)
	at com.kms.katalon.core.webservice.keyword.WSBuiltInKeywords.verifyElementPropertyValue(WSBuiltInKeywords.groovy:189)
	at com.kms.katalon.core.webservice.keyword.WSBuiltInKeywords$verifyElementPropertyValue$1.call(Unknown Source)
	at Engine Scoring.run(Engine Scoring:107)
	at com.kms.katalon.core.main.ScriptEngine.run(ScriptEngine.java:194)
	at com.kms.katalon.core.main.ScriptEngine.runScriptAsRawText(ScriptEngine.java:119)
	at com.kms.katalon.core.main.TestCaseExecutor.runScript(TestCaseExecutor.java:442)
	at com.kms.katalon.core.main.TestCaseExecutor.doExecute(TestCaseExecutor.java:433)
	at com.kms.katalon.core.main.TestCaseExecutor.processExecutionPhase(TestCaseExecutor.java:412)
	at com.kms.katalon.core.main.TestCaseExecutor.accessMainPhase(TestCaseExecutor.java:404)
	at com.kms.katalon.core.main.TestCaseExecutor.execute(TestCaseExecutor.java:281)
	at com.kms.katalon.core.main.TestSuiteExecutor.accessTestCaseMainPhase(TestSuiteExecutor.java:202)
	at com.kms.katalon.core.main.TestSuiteExecutor.accessTestSuiteMainPhase(TestSuiteExecutor.java:164)
	at com.kms.katalon.core.main.TestSuiteExecutor.execute(TestSuiteExecutor.java:105)
	at com.kms.katalon.core.main.TestCaseMain.startTestSuite(TestCaseMain.java:185)
	at com.kms.katalon.core.main.TestCaseMain$startTestSuite$0.call(Unknown Source)
	at TempTestSuite1669345236102.run(TempTestSuite1669345236102.groovy:36)
)]]></system-out>
         <system-err><![CDATA[2022-11-25 10:12:58 - [TEST_CASE][FAILED] - Test Cases/Engine_Scoring/Engine Scoring: Test Cases/Engine_Scoring/Engine Scoring FAILED.
Reason:
com.kms.katalon.core.exception.StepFailedException: Expected element property value 'Reject' is not equal with actual property value 'Approve'
	at com.kms.katalon.core.keyword.internal.KeywordMain.stepFailed(KeywordMain.groovy:50)
	at com.kms.katalon.core.webservice.keyword.builtin.VerifyElementPropertyValueKeyword$_verifyElementPropertyValue_closure1.doCall(VerifyElementPropertyValueKeyword.groovy:56)
	at com.kms.katalon.core.webservice.keyword.builtin.VerifyElementPropertyValueKeyword$_verifyElementPropertyValue_closure1.call(VerifyElementPropertyValueKeyword.groovy)
	at com.kms.katalon.core.keyword.internal.KeywordMain.runKeyword(KeywordMain.groovy:74)
	at com.kms.katalon.core.webservice.keyword.builtin.VerifyElementPropertyValueKeyword.verifyElementPropertyValue(VerifyElementPropertyValueKeyword.groovy:48)
	at com.kms.katalon.core.webservice.keyword.builtin.VerifyElementPropertyValueKeyword.execute(VerifyElementPropertyValueKeyword.groovy:43)
	at com.kms.katalon.core.keyword.internal.KeywordExecutor.executeKeywordForPlatform(KeywordExecutor.groovy:74)
	at com.kms.katalon.core.webservice.keyword.WSBuiltInKeywords.verifyElementPropertyValue(WSBuiltInKeywords.groovy:189)
	at com.kms.katalon.core.webservice.keyword.WSBuiltInKeywords$verifyElementPropertyValue$1.call(Unknown Source)
	at Engine Scoring.run(Engine Scoring:107)
	at com.kms.katalon.core.main.ScriptEngine.run(ScriptEngine.java:194)
	at com.kms.katalon.core.main.ScriptEngine.runScriptAsRawText(ScriptEngine.java:119)
	at com.kms.katalon.core.main.TestCaseExecutor.runScript(TestCaseExecutor.java:442)
	at com.kms.katalon.core.main.TestCaseExecutor.doExecute(TestCaseExecutor.java:433)
	at com.kms.katalon.core.main.TestCaseExecutor.processExecutionPhase(TestCaseExecutor.java:412)
	at com.kms.katalon.core.main.TestCaseExecutor.accessMainPhase(TestCaseExecutor.java:404)
	at com.kms.katalon.core.main.TestCaseExecutor.execute(TestCaseExecutor.java:281)
	at com.kms.katalon.core.main.TestSuiteExecutor.accessTestCaseMainPhase(TestSuiteExecutor.java:202)
	at com.kms.katalon.core.main.TestSuiteExecutor.accessTestSuiteMainPhase(TestSuiteExecutor.java:164)
	at com.kms.katalon.core.main.TestSuiteExecutor.execute(TestSuiteExecutor.java:105)
	at com.kms.katalon.core.main.TestCaseMain.startTestSuite(TestCaseMain.java:185)
	at com.kms.katalon.core.main.TestCaseMain$startTestSuite$0.call(Unknown Source)
	at TempTestSuite1669345236102.run(TempTestSuite1669345236102.groovy:36)]]></system-err>
      </testcase>
      <testcase name="Test Cases/Engine_Scoring/Engine Scoring" time="7.058" classname="Test Cases/Engine_Scoring/Engine Scoring" status="FAILED">
         <failure type="FAILED" message="Test Cases/Engine_Scoring/Engine Scoring FAILED.
Reason:
com.kms.katalon.core.exception.StepFailedException: Expected element property value 'Reject' is not equal with actual property value 'Approve'
	at com.kms.katalon.core.keyword.internal.KeywordMain.stepFailed(KeywordMain.groovy:50)
	at com.kms.katalon.core.webservice.keyword.builtin.VerifyElementPropertyValueKeyword$_verifyElementPropertyValue_closure1.doCall(VerifyElementPropertyValueKeyword.groovy:56)
	at com.kms.katalon.core.webservice.keyword.builtin.VerifyElementPropertyValueKeyword$_verifyElementPropertyValue_closure1.call(VerifyElementPropertyValueKeyword.groovy)
	at com.kms.katalon.core.keyword.internal.KeywordMain.runKeyword(KeywordMain.groovy:74)
	at com.kms.katalon.core.webservice.keyword.builtin.VerifyElementPropertyValueKeyword.verifyElementPropertyValue(VerifyElementPropertyValueKeyword.groovy:48)
	at com.kms.katalon.core.webservice.keyword.builtin.VerifyElementPropertyValueKeyword.execute(VerifyElementPropertyValueKeyword.groovy:43)
	at com.kms.katalon.core.keyword.internal.KeywordExecutor.executeKeywordForPlatform(KeywordExecutor.groovy:74)
	at com.kms.katalon.core.webservice.keyword.WSBuiltInKeywords.verifyElementPropertyValue(WSBuiltInKeywords.groovy:189)
	at com.kms.katalon.core.webservice.keyword.WSBuiltInKeywords$verifyElementPropertyValue$1.call(Unknown Source)
	at Engine Scoring.run(Engine Scoring:107)
	at com.kms.katalon.core.main.ScriptEngine.run(ScriptEngine.java:194)
	at com.kms.katalon.core.main.ScriptEngine.runScriptAsRawText(ScriptEngine.java:119)
	at com.kms.katalon.core.main.TestCaseExecutor.runScript(TestCaseExecutor.java:442)
	at com.kms.katalon.core.main.TestCaseExecutor.doExecute(TestCaseExecutor.java:433)
	at com.kms.katalon.core.main.TestCaseExecutor.processExecutionPhase(TestCaseExecutor.java:412)
	at com.kms.katalon.core.main.TestCaseExecutor.accessMainPhase(TestCaseExecutor.java:404)
	at com.kms.katalon.core.main.TestCaseExecutor.execute(TestCaseExecutor.java:281)
	at com.kms.katalon.core.main.TestSuiteExecutor.accessTestCaseMainPhase(TestSuiteExecutor.java:202)
	at com.kms.katalon.core.main.TestSuiteExecutor.accessTestSuiteMainPhase(TestSuiteExecutor.java:164)
	at com.kms.katalon.core.main.TestSuiteExecutor.execute(TestSuiteExecutor.java:105)
	at com.kms.katalon.core.main.TestCaseMain.startTestSuite(TestCaseMain.java:185)
	at com.kms.katalon.core.main.TestCaseMain$startTestSuite$0.call(Unknown Source)
	at TempTestSuite1669345236102.run(TempTestSuite1669345236102.groovy:36)
"/>
         <system-out><![CDATA[2022-11-25 10:13:05 - [TEST_CASE][FAILED] - Test Cases/Engine_Scoring/Engine Scoring: Test Cases/Engine_Scoring/Engine Scoring FAILED.
Reason:
com.kms.katalon.core.exception.StepFailedException: Expected element property value 'Reject' is not equal with actual property value 'Approve'
	at com.kms.katalon.core.keyword.internal.KeywordMain.stepFailed(KeywordMain.groovy:50)
	at com.kms.katalon.core.webservice.keyword.builtin.VerifyElementPropertyValueKeyword$_verifyElementPropertyValue_closure1.doCall(VerifyElementPropertyValueKeyword.groovy:56)
	at com.kms.katalon.core.webservice.keyword.builtin.VerifyElementPropertyValueKeyword$_verifyElementPropertyValue_closure1.call(VerifyElementPropertyValueKeyword.groovy)
	at com.kms.katalon.core.keyword.internal.KeywordMain.runKeyword(KeywordMain.groovy:74)
	at com.kms.katalon.core.webservice.keyword.builtin.VerifyElementPropertyValueKeyword.verifyElementPropertyValue(VerifyElementPropertyValueKeyword.groovy:48)
	at com.kms.katalon.core.webservice.keyword.builtin.VerifyElementPropertyValueKeyword.execute(VerifyElementPropertyValueKeyword.groovy:43)
	at com.kms.katalon.core.keyword.internal.KeywordExecutor.executeKeywordForPlatform(KeywordExecutor.groovy:74)
	at com.kms.katalon.core.webservice.keyword.WSBuiltInKeywords.verifyElementPropertyValue(WSBuiltInKeywords.groovy:189)
	at com.kms.katalon.core.webservice.keyword.WSBuiltInKeywords$verifyElementPropertyValue$1.call(Unknown Source)
	at Engine Scoring.run(Engine Scoring:107)
	at com.kms.katalon.core.main.ScriptEngine.run(ScriptEngine.java:194)
	at com.kms.katalon.core.main.ScriptEngine.runScriptAsRawText(ScriptEngine.java:119)
	at com.kms.katalon.core.main.TestCaseExecutor.runScript(TestCaseExecutor.java:442)
	at com.kms.katalon.core.main.TestCaseExecutor.doExecute(TestCaseExecutor.java:433)
	at com.kms.katalon.core.main.TestCaseExecutor.processExecutionPhase(TestCaseExecutor.java:412)
	at com.kms.katalon.core.main.TestCaseExecutor.accessMainPhase(TestCaseExecutor.java:404)
	at com.kms.katalon.core.main.TestCaseExecutor.execute(TestCaseExecutor.java:281)
	at com.kms.katalon.core.main.TestSuiteExecutor.accessTestCaseMainPhase(TestSuiteExecutor.java:202)
	at com.kms.katalon.core.main.TestSuiteExecutor.accessTestSuiteMainPhase(TestSuiteExecutor.java:164)
	at com.kms.katalon.core.main.TestSuiteExecutor.execute(TestSuiteExecutor.java:105)
	at com.kms.katalon.core.main.TestCaseMain.startTestSuite(TestCaseMain.java:185)
	at com.kms.katalon.core.main.TestCaseMain$startTestSuite$0.call(Unknown Source)
	at TempTestSuite1669345236102.run(TempTestSuite1669345236102.groovy:36)


2022-11-25 10:13:06 - [TEST_STEP][PASSED] - markPassed("Variasi data ke : " + no): Variasi data ke : 108

2022-11-25 10:13:06 - [MESSAGE][PASSED] - Variasi data ke : 108

2022-11-25 10:13:06 - [TEST_STEP][PASSED] - req_data = sendRequest(findTestObject("Search_ME", ["MID":MID, "source":source, "ip":ip, "userid":userid, "branch":branch, "tipekons":tipekons, "marital":marital, "penjamin":penjamin, ... ])): Send request successfully

2022-11-25 10:13:07 - [MESSAGE][INFO] - HAR: D:\DMS\Engine Scoring\Reports\20221125_100036\Exclude KKB - DS - Married\Scoring Married - CS New\20221125_100036\requests\main\214.har

2022-11-25 10:13:07 - [MESSAGE][PASSED] - Send request successfully

2022-11-25 10:13:07 - [TEST_STEP][PASSED] - slurper = new groovy.json.JsonSlurper(): null

2022-11-25 10:13:07 - [TEST_STEP][PASSED] - result = slurper.parseText(req_data.getResponseBodyContent()): null

2022-11-25 10:13:07 - [TEST_STEP][PASSED] - reqid_kons = requestid1: null

2022-11-25 10:13:07 - [TEST_STEP][PASSED] - reqid_spouse = requestid2: null

2022-11-25 10:13:07 - [TEST_STEP][PASSED] - println("requestid kons : " + reqid_kons): null

2022-11-25 10:13:07 - [TEST_STEP][PASSED] - response_searchME_kons = reqid_kons: null

2022-11-25 10:13:07 - [TEST_STEP][PASSED] - response_searchME_spouse = reqid_spouse: null

2022-11-25 10:13:07 - [TEST_STEP][PASSED] - println("kons req id is :" + response_searchME_kons): null

2022-11-25 10:13:07 - [TEST_STEP][PASSED] - println("spouse req id is : " + response_searchME_spouse): null

2022-11-25 10:13:07 - [TEST_STEP][PASSED] - verifyResponseStatusCode(req_data, 200): Verify response status code successfully

2022-11-25 10:13:07 - [MESSAGE][PASSED] - Verify response status code successfully

2022-11-25 10:13:07 - [TEST_STEP][PASSED] - response = req_data.getResponseText(): null

2022-11-25 10:13:07 - [TEST_STEP][PASSED] - logInfo($response): {"status":"Done","data":{"requestid1":"255655","requestid2":"255656"}}

2022-11-25 10:13:07 - [MESSAGE][INFO] - {"status":"Done","data":{"requestid1":"255655","requestid2":"255656"}}

2022-11-25 10:13:07 - [TEST_STEP][PASSED] - delay(5): Delayed 5 second(s)

2022-11-25 10:13:12 - [MESSAGE][PASSED] - Delayed 5 second(s)

2022-11-25 10:13:12 - [TEST_STEP][PASSED] - scoring = sendRequest(findTestObject("EngineScore", ["response_searchME_kons":response_searchME_kons, "response_searchME_spouse":response_searchME_spouse])): Send request successfully

2022-11-25 10:13:12 - [MESSAGE][INFO] - HAR: D:\DMS\Engine Scoring\Reports\20221125_100036\Exclude KKB - DS - Married\Scoring Married - CS New\20221125_100036\requests\main\215.har

2022-11-25 10:13:12 - [MESSAGE][PASSED] - Send request successfully

2022-11-25 10:13:12 - [TEST_STEP][PASSED] - verifyResponseStatusCode(scoring, 200): Verify response status code successfully

2022-11-25 10:13:12 - [MESSAGE][PASSED] - Verify response status code successfully

2022-11-25 10:13:12 - [TEST_STEP][PASSED] - response2 = scoring.getResponseText(): null

2022-11-25 10:13:12 - [TEST_STEP][PASSED] - markPassed("result service data ke : " + no): result service data ke : 108

2022-11-25 10:13:12 - [MESSAGE][PASSED] - result service data ke : 108

2022-11-25 10:13:12 - [TEST_STEP][PASSED] - logInfo($response2): {"result_konsumen":"Approve","result_pasangan":"Approve","Final_result":"Approve","errorMessage":"","status":"Done"}

2022-11-25 10:13:12 - [MESSAGE][INFO] - {"result_konsumen":"Approve","result_pasangan":"Approve","Final_result":"Approve","errorMessage":"","status":"Done"}

2022-11-25 10:13:12 - [TEST_STEP][FAILED] - verifyElementPropertyValue(scoring, "Final_result", final_result): Unable to verify element property value (Root cause: com.kms.katalon.core.exception.StepFailedException: Expected element property value 'Reject' is not equal with actual property value 'Approve'
	at com.kms.katalon.core.keyword.internal.KeywordMain.stepFailed(KeywordMain.groovy:50)
	at com.kms.katalon.core.webservice.keyword.builtin.VerifyElementPropertyValueKeyword$_verifyElementPropertyValue_closure1.doCall(VerifyElementPropertyValueKeyword.groovy:56)
	at com.kms.katalon.core.webservice.keyword.builtin.VerifyElementPropertyValueKeyword$_verifyElementPropertyValue_closure1.call(VerifyElementPropertyValueKeyword.groovy)
	at com.kms.katalon.core.keyword.internal.KeywordMain.runKeyword(KeywordMain.groovy:74)
	at com.kms.katalon.core.webservice.keyword.builtin.VerifyElementPropertyValueKeyword.verifyElementPropertyValue(VerifyElementPropertyValueKeyword.groovy:48)
	at com.kms.katalon.core.webservice.keyword.builtin.VerifyElementPropertyValueKeyword.execute(VerifyElementPropertyValueKeyword.groovy:43)
	at com.kms.katalon.core.keyword.internal.KeywordExecutor.executeKeywordForPlatform(KeywordExecutor.groovy:74)
	at com.kms.katalon.core.webservice.keyword.WSBuiltInKeywords.verifyElementPropertyValue(WSBuiltInKeywords.groovy:189)
	at com.kms.katalon.core.webservice.keyword.WSBuiltInKeywords$verifyElementPropertyValue$1.call(Unknown Source)
	at Engine Scoring.run(Engine Scoring:107)
	at com.kms.katalon.core.main.ScriptEngine.run(ScriptEngine.java:194)
	at com.kms.katalon.core.main.ScriptEngine.runScriptAsRawText(ScriptEngine.java:119)
	at com.kms.katalon.core.main.TestCaseExecutor.runScript(TestCaseExecutor.java:442)
	at com.kms.katalon.core.main.TestCaseExecutor.doExecute(TestCaseExecutor.java:433)
	at com.kms.katalon.core.main.TestCaseExecutor.processExecutionPhase(TestCaseExecutor.java:412)
	at com.kms.katalon.core.main.TestCaseExecutor.accessMainPhase(TestCaseExecutor.java:404)
	at com.kms.katalon.core.main.TestCaseExecutor.execute(TestCaseExecutor.java:281)
	at com.kms.katalon.core.main.TestSuiteExecutor.accessTestCaseMainPhase(TestSuiteExecutor.java:202)
	at com.kms.katalon.core.main.TestSuiteExecutor.accessTestSuiteMainPhase(TestSuiteExecutor.java:164)
	at com.kms.katalon.core.main.TestSuiteExecutor.execute(TestSuiteExecutor.java:105)
	at com.kms.katalon.core.main.TestCaseMain.startTestSuite(TestCaseMain.java:185)
	at com.kms.katalon.core.main.TestCaseMain$startTestSuite$0.call(Unknown Source)
	at TempTestSuite1669345236102.run(TempTestSuite1669345236102.groovy:36)
)

2022-11-25 10:13:12 - [MESSAGE][FAILED] - Expected element property value 'Reject' is not equal with actual property value 'Approve'

2022-11-25 10:13:12 - [MESSAGE][FAILED] - Unable to verify element property value (Root cause: com.kms.katalon.core.exception.StepFailedException: Expected element property value 'Reject' is not equal with actual property value 'Approve'
	at com.kms.katalon.core.keyword.internal.KeywordMain.stepFailed(KeywordMain.groovy:50)
	at com.kms.katalon.core.webservice.keyword.builtin.VerifyElementPropertyValueKeyword$_verifyElementPropertyValue_closure1.doCall(VerifyElementPropertyValueKeyword.groovy:56)
	at com.kms.katalon.core.webservice.keyword.builtin.VerifyElementPropertyValueKeyword$_verifyElementPropertyValue_closure1.call(VerifyElementPropertyValueKeyword.groovy)
	at com.kms.katalon.core.keyword.internal.KeywordMain.runKeyword(KeywordMain.groovy:74)
	at com.kms.katalon.core.webservice.keyword.builtin.VerifyElementPropertyValueKeyword.verifyElementPropertyValue(VerifyElementPropertyValueKeyword.groovy:48)
	at com.kms.katalon.core.webservice.keyword.builtin.VerifyElementPropertyValueKeyword.execute(VerifyElementPropertyValueKeyword.groovy:43)
	at com.kms.katalon.core.keyword.internal.KeywordExecutor.executeKeywordForPlatform(KeywordExecutor.groovy:74)
	at com.kms.katalon.core.webservice.keyword.WSBuiltInKeywords.verifyElementPropertyValue(WSBuiltInKeywords.groovy:189)
	at com.kms.katalon.core.webservice.keyword.WSBuiltInKeywords$verifyElementPropertyValue$1.call(Unknown Source)
	at Engine Scoring.run(Engine Scoring:107)
	at com.kms.katalon.core.main.ScriptEngine.run(ScriptEngine.java:194)
	at com.kms.katalon.core.main.ScriptEngine.runScriptAsRawText(ScriptEngine.java:119)
	at com.kms.katalon.core.main.TestCaseExecutor.runScript(TestCaseExecutor.java:442)
	at com.kms.katalon.core.main.TestCaseExecutor.doExecute(TestCaseExecutor.java:433)
	at com.kms.katalon.core.main.TestCaseExecutor.processExecutionPhase(TestCaseExecutor.java:412)
	at com.kms.katalon.core.main.TestCaseExecutor.accessMainPhase(TestCaseExecutor.java:404)
	at com.kms.katalon.core.main.TestCaseExecutor.execute(TestCaseExecutor.java:281)
	at com.kms.katalon.core.main.TestSuiteExecutor.accessTestCaseMainPhase(TestSuiteExecutor.java:202)
	at com.kms.katalon.core.main.TestSuiteExecutor.accessTestSuiteMainPhase(TestSuiteExecutor.java:164)
	at com.kms.katalon.core.main.TestSuiteExecutor.execute(TestSuiteExecutor.java:105)
	at com.kms.katalon.core.main.TestCaseMain.startTestSuite(TestCaseMain.java:185)
	at com.kms.katalon.core.main.TestCaseMain$startTestSuite$0.call(Unknown Source)
	at TempTestSuite1669345236102.run(TempTestSuite1669345236102.groovy:36)
)]]></system-out>
         <system-err><![CDATA[2022-11-25 10:13:05 - [TEST_CASE][FAILED] - Test Cases/Engine_Scoring/Engine Scoring: Test Cases/Engine_Scoring/Engine Scoring FAILED.
Reason:
com.kms.katalon.core.exception.StepFailedException: Expected element property value 'Reject' is not equal with actual property value 'Approve'
	at com.kms.katalon.core.keyword.internal.KeywordMain.stepFailed(KeywordMain.groovy:50)
	at com.kms.katalon.core.webservice.keyword.builtin.VerifyElementPropertyValueKeyword$_verifyElementPropertyValue_closure1.doCall(VerifyElementPropertyValueKeyword.groovy:56)
	at com.kms.katalon.core.webservice.keyword.builtin.VerifyElementPropertyValueKeyword$_verifyElementPropertyValue_closure1.call(VerifyElementPropertyValueKeyword.groovy)
	at com.kms.katalon.core.keyword.internal.KeywordMain.runKeyword(KeywordMain.groovy:74)
	at com.kms.katalon.core.webservice.keyword.builtin.VerifyElementPropertyValueKeyword.verifyElementPropertyValue(VerifyElementPropertyValueKeyword.groovy:48)
	at com.kms.katalon.core.webservice.keyword.builtin.VerifyElementPropertyValueKeyword.execute(VerifyElementPropertyValueKeyword.groovy:43)
	at com.kms.katalon.core.keyword.internal.KeywordExecutor.executeKeywordForPlatform(KeywordExecutor.groovy:74)
	at com.kms.katalon.core.webservice.keyword.WSBuiltInKeywords.verifyElementPropertyValue(WSBuiltInKeywords.groovy:189)
	at com.kms.katalon.core.webservice.keyword.WSBuiltInKeywords$verifyElementPropertyValue$1.call(Unknown Source)
	at Engine Scoring.run(Engine Scoring:107)
	at com.kms.katalon.core.main.ScriptEngine.run(ScriptEngine.java:194)
	at com.kms.katalon.core.main.ScriptEngine.runScriptAsRawText(ScriptEngine.java:119)
	at com.kms.katalon.core.main.TestCaseExecutor.runScript(TestCaseExecutor.java:442)
	at com.kms.katalon.core.main.TestCaseExecutor.doExecute(TestCaseExecutor.java:433)
	at com.kms.katalon.core.main.TestCaseExecutor.processExecutionPhase(TestCaseExecutor.java:412)
	at com.kms.katalon.core.main.TestCaseExecutor.accessMainPhase(TestCaseExecutor.java:404)
	at com.kms.katalon.core.main.TestCaseExecutor.execute(TestCaseExecutor.java:281)
	at com.kms.katalon.core.main.TestSuiteExecutor.accessTestCaseMainPhase(TestSuiteExecutor.java:202)
	at com.kms.katalon.core.main.TestSuiteExecutor.accessTestSuiteMainPhase(TestSuiteExecutor.java:164)
	at com.kms.katalon.core.main.TestSuiteExecutor.execute(TestSuiteExecutor.java:105)
	at com.kms.katalon.core.main.TestCaseMain.startTestSuite(TestCaseMain.java:185)
	at com.kms.katalon.core.main.TestCaseMain$startTestSuite$0.call(Unknown Source)
	at TempTestSuite1669345236102.run(TempTestSuite1669345236102.groovy:36)]]></system-err>
      </testcase>
      <testcase name="Test Cases/Engine_Scoring/Engine Scoring" time="6.978" classname="Test Cases/Engine_Scoring/Engine Scoring" status="PASSED">
         <system-out><![CDATA[2022-11-25 10:13:12 - [TEST_CASE][PASSED] - Test Cases/Engine_Scoring/Engine Scoring: Test Cases/Engine_Scoring/Engine Scoring

2022-11-25 10:13:13 - [TEST_STEP][PASSED] - markPassed("Variasi data ke : " + no): Variasi data ke : 109

2022-11-25 10:13:13 - [MESSAGE][PASSED] - Variasi data ke : 109

2022-11-25 10:13:13 - [TEST_STEP][PASSED] - req_data = sendRequest(findTestObject("Search_ME", ["MID":MID, "source":source, "ip":ip, "userid":userid, "branch":branch, "tipekons":tipekons, "marital":marital, "penjamin":penjamin, ... ])): Send request successfully

2022-11-25 10:13:14 - [MESSAGE][INFO] - HAR: D:\DMS\Engine Scoring\Reports\20221125_100036\Exclude KKB - DS - Married\Scoring Married - CS New\20221125_100036\requests\main\216.har

2022-11-25 10:13:14 - [MESSAGE][PASSED] - Send request successfully

2022-11-25 10:13:14 - [TEST_STEP][PASSED] - slurper = new groovy.json.JsonSlurper(): null

2022-11-25 10:13:14 - [TEST_STEP][PASSED] - result = slurper.parseText(req_data.getResponseBodyContent()): null

2022-11-25 10:13:14 - [TEST_STEP][PASSED] - reqid_kons = requestid1: null

2022-11-25 10:13:14 - [TEST_STEP][PASSED] - reqid_spouse = requestid2: null

2022-11-25 10:13:14 - [TEST_STEP][PASSED] - println("requestid kons : " + reqid_kons): null

2022-11-25 10:13:14 - [TEST_STEP][PASSED] - response_searchME_kons = reqid_kons: null

2022-11-25 10:13:14 - [TEST_STEP][PASSED] - response_searchME_spouse = reqid_spouse: null

2022-11-25 10:13:14 - [TEST_STEP][PASSED] - println("kons req id is :" + response_searchME_kons): null

2022-11-25 10:13:14 - [TEST_STEP][PASSED] - println("spouse req id is : " + response_searchME_spouse): null

2022-11-25 10:13:14 - [TEST_STEP][PASSED] - verifyResponseStatusCode(req_data, 200): Verify response status code successfully

2022-11-25 10:13:14 - [MESSAGE][PASSED] - Verify response status code successfully

2022-11-25 10:13:14 - [TEST_STEP][PASSED] - response = req_data.getResponseText(): null

2022-11-25 10:13:14 - [TEST_STEP][PASSED] - logInfo($response): {"status":"Done","data":{"requestid1":"255657","requestid2":"255658"}}

2022-11-25 10:13:14 - [MESSAGE][INFO] - {"status":"Done","data":{"requestid1":"255657","requestid2":"255658"}}

2022-11-25 10:13:14 - [TEST_STEP][PASSED] - delay(5): Delayed 5 second(s)

2022-11-25 10:13:19 - [MESSAGE][PASSED] - Delayed 5 second(s)

2022-11-25 10:13:19 - [TEST_STEP][PASSED] - scoring = sendRequest(findTestObject("EngineScore", ["response_searchME_kons":response_searchME_kons, "response_searchME_spouse":response_searchME_spouse])): Send request successfully

2022-11-25 10:13:19 - [MESSAGE][INFO] - HAR: D:\DMS\Engine Scoring\Reports\20221125_100036\Exclude KKB - DS - Married\Scoring Married - CS New\20221125_100036\requests\main\217.har

2022-11-25 10:13:19 - [MESSAGE][PASSED] - Send request successfully

2022-11-25 10:13:19 - [TEST_STEP][PASSED] - verifyResponseStatusCode(scoring, 200): Verify response status code successfully

2022-11-25 10:13:19 - [MESSAGE][PASSED] - Verify response status code successfully

2022-11-25 10:13:19 - [TEST_STEP][PASSED] - response2 = scoring.getResponseText(): null

2022-11-25 10:13:19 - [TEST_STEP][PASSED] - markPassed("result service data ke : " + no): result service data ke : 109

2022-11-25 10:13:19 - [MESSAGE][PASSED] - result service data ke : 109

2022-11-25 10:13:19 - [TEST_STEP][PASSED] - logInfo($response2): {"result_konsumen":"Approve","result_pasangan":"Reguler","Final_result":"Approve","errorMessage":"","status":"Done"}

2022-11-25 10:13:19 - [MESSAGE][INFO] - {"result_konsumen":"Approve","result_pasangan":"Reguler","Final_result":"Approve","errorMessage":"","status":"Done"}

2022-11-25 10:13:19 - [TEST_STEP][PASSED] - verifyElementPropertyValue(scoring, "Final_result", final_result): Verify element property value successfully

2022-11-25 10:13:19 - [MESSAGE][PASSED] - Verify element property value successfully]]></system-out>
         <system-err><![CDATA[]]></system-err>
      </testcase>
      <testcase name="Test Cases/Engine_Scoring/Engine Scoring" time="7.057" classname="Test Cases/Engine_Scoring/Engine Scoring" status="PASSED">
         <system-out><![CDATA[2022-11-25 10:13:19 - [TEST_CASE][PASSED] - Test Cases/Engine_Scoring/Engine Scoring: Test Cases/Engine_Scoring/Engine Scoring

2022-11-25 10:13:20 - [TEST_STEP][PASSED] - markPassed("Variasi data ke : " + no): Variasi data ke : 110

2022-11-25 10:13:20 - [MESSAGE][PASSED] - Variasi data ke : 110

2022-11-25 10:13:20 - [TEST_STEP][PASSED] - req_data = sendRequest(findTestObject("Search_ME", ["MID":MID, "source":source, "ip":ip, "userid":userid, "branch":branch, "tipekons":tipekons, "marital":marital, "penjamin":penjamin, ... ])): Send request successfully

2022-11-25 10:13:21 - [MESSAGE][INFO] - HAR: D:\DMS\Engine Scoring\Reports\20221125_100036\Exclude KKB - DS - Married\Scoring Married - CS New\20221125_100036\requests\main\218.har

2022-11-25 10:13:21 - [MESSAGE][PASSED] - Send request successfully

2022-11-25 10:13:21 - [TEST_STEP][PASSED] - slurper = new groovy.json.JsonSlurper(): null

2022-11-25 10:13:21 - [TEST_STEP][PASSED] - result = slurper.parseText(req_data.getResponseBodyContent()): null

2022-11-25 10:13:21 - [TEST_STEP][PASSED] - reqid_kons = requestid1: null

2022-11-25 10:13:21 - [TEST_STEP][PASSED] - reqid_spouse = requestid2: null

2022-11-25 10:13:21 - [TEST_STEP][PASSED] - println("requestid kons : " + reqid_kons): null

2022-11-25 10:13:21 - [TEST_STEP][PASSED] - response_searchME_kons = reqid_kons: null

2022-11-25 10:13:21 - [TEST_STEP][PASSED] - response_searchME_spouse = reqid_spouse: null

2022-11-25 10:13:21 - [TEST_STEP][PASSED] - println("kons req id is :" + response_searchME_kons): null

2022-11-25 10:13:21 - [TEST_STEP][PASSED] - println("spouse req id is : " + response_searchME_spouse): null

2022-11-25 10:13:21 - [TEST_STEP][PASSED] - verifyResponseStatusCode(req_data, 200): Verify response status code successfully

2022-11-25 10:13:21 - [MESSAGE][PASSED] - Verify response status code successfully

2022-11-25 10:13:21 - [TEST_STEP][PASSED] - response = req_data.getResponseText(): null

2022-11-25 10:13:21 - [TEST_STEP][PASSED] - logInfo($response): {"status":"Done","data":{"requestid1":"255659","requestid2":"255660"}}

2022-11-25 10:13:21 - [MESSAGE][INFO] - {"status":"Done","data":{"requestid1":"255659","requestid2":"255660"}}

2022-11-25 10:13:21 - [TEST_STEP][PASSED] - delay(5): Delayed 5 second(s)

2022-11-25 10:13:26 - [MESSAGE][PASSED] - Delayed 5 second(s)

2022-11-25 10:13:26 - [TEST_STEP][PASSED] - scoring = sendRequest(findTestObject("EngineScore", ["response_searchME_kons":response_searchME_kons, "response_searchME_spouse":response_searchME_spouse])): Send request successfully

2022-11-25 10:13:26 - [MESSAGE][INFO] - HAR: D:\DMS\Engine Scoring\Reports\20221125_100036\Exclude KKB - DS - Married\Scoring Married - CS New\20221125_100036\requests\main\219.har

2022-11-25 10:13:26 - [MESSAGE][PASSED] - Send request successfully

2022-11-25 10:13:26 - [TEST_STEP][PASSED] - verifyResponseStatusCode(scoring, 200): Verify response status code successfully

2022-11-25 10:13:26 - [MESSAGE][PASSED] - Verify response status code successfully

2022-11-25 10:13:26 - [TEST_STEP][PASSED] - response2 = scoring.getResponseText(): null

2022-11-25 10:13:26 - [TEST_STEP][PASSED] - markPassed("result service data ke : " + no): result service data ke : 110

2022-11-25 10:13:26 - [MESSAGE][PASSED] - result service data ke : 110

2022-11-25 10:13:26 - [TEST_STEP][PASSED] - logInfo($response2): {"result_konsumen":"Approve","result_pasangan":"Reguler","Final_result":"Approve","errorMessage":"","status":"Done"}

2022-11-25 10:13:26 - [MESSAGE][INFO] - {"result_konsumen":"Approve","result_pasangan":"Reguler","Final_result":"Approve","errorMessage":"","status":"Done"}

2022-11-25 10:13:26 - [TEST_STEP][PASSED] - verifyElementPropertyValue(scoring, "Final_result", final_result): Verify element property value successfully

2022-11-25 10:13:26 - [MESSAGE][PASSED] - Verify element property value successfully]]></system-out>
         <system-err><![CDATA[]]></system-err>
      </testcase>
      <testcase name="Test Cases/Engine_Scoring/Engine Scoring" time="7.191" classname="Test Cases/Engine_Scoring/Engine Scoring" status="PASSED">
         <system-out><![CDATA[2022-11-25 10:13:27 - [TEST_CASE][PASSED] - Test Cases/Engine_Scoring/Engine Scoring: Test Cases/Engine_Scoring/Engine Scoring

2022-11-25 10:13:28 - [TEST_STEP][PASSED] - markPassed("Variasi data ke : " + no): Variasi data ke : 111

2022-11-25 10:13:28 - [MESSAGE][PASSED] - Variasi data ke : 111

2022-11-25 10:13:28 - [TEST_STEP][PASSED] - req_data = sendRequest(findTestObject("Search_ME", ["MID":MID, "source":source, "ip":ip, "userid":userid, "branch":branch, "tipekons":tipekons, "marital":marital, "penjamin":penjamin, ... ])): Send request successfully

2022-11-25 10:13:29 - [MESSAGE][INFO] - HAR: D:\DMS\Engine Scoring\Reports\20221125_100036\Exclude KKB - DS - Married\Scoring Married - CS New\20221125_100036\requests\main\220.har

2022-11-25 10:13:29 - [MESSAGE][PASSED] - Send request successfully

2022-11-25 10:13:29 - [TEST_STEP][PASSED] - slurper = new groovy.json.JsonSlurper(): null

2022-11-25 10:13:29 - [TEST_STEP][PASSED] - result = slurper.parseText(req_data.getResponseBodyContent()): null

2022-11-25 10:13:29 - [TEST_STEP][PASSED] - reqid_kons = requestid1: null

2022-11-25 10:13:29 - [TEST_STEP][PASSED] - reqid_spouse = requestid2: null

2022-11-25 10:13:29 - [TEST_STEP][PASSED] - println("requestid kons : " + reqid_kons): null

2022-11-25 10:13:29 - [TEST_STEP][PASSED] - response_searchME_kons = reqid_kons: null

2022-11-25 10:13:29 - [TEST_STEP][PASSED] - response_searchME_spouse = reqid_spouse: null

2022-11-25 10:13:29 - [TEST_STEP][PASSED] - println("kons req id is :" + response_searchME_kons): null

2022-11-25 10:13:29 - [TEST_STEP][PASSED] - println("spouse req id is : " + response_searchME_spouse): null

2022-11-25 10:13:29 - [TEST_STEP][PASSED] - verifyResponseStatusCode(req_data, 200): Verify response status code successfully

2022-11-25 10:13:29 - [MESSAGE][PASSED] - Verify response status code successfully

2022-11-25 10:13:29 - [TEST_STEP][PASSED] - response = req_data.getResponseText(): null

2022-11-25 10:13:29 - [TEST_STEP][PASSED] - logInfo($response): {"status":"Done","data":{"requestid1":"255661","requestid2":"255662"}}

2022-11-25 10:13:29 - [MESSAGE][INFO] - {"status":"Done","data":{"requestid1":"255661","requestid2":"255662"}}

2022-11-25 10:13:29 - [TEST_STEP][PASSED] - delay(5): Delayed 5 second(s)

2022-11-25 10:13:34 - [MESSAGE][PASSED] - Delayed 5 second(s)

2022-11-25 10:13:34 - [TEST_STEP][PASSED] - scoring = sendRequest(findTestObject("EngineScore", ["response_searchME_kons":response_searchME_kons, "response_searchME_spouse":response_searchME_spouse])): Send request successfully

2022-11-25 10:13:34 - [MESSAGE][INFO] - HAR: D:\DMS\Engine Scoring\Reports\20221125_100036\Exclude KKB - DS - Married\Scoring Married - CS New\20221125_100036\requests\main\221.har

2022-11-25 10:13:34 - [MESSAGE][PASSED] - Send request successfully

2022-11-25 10:13:34 - [TEST_STEP][PASSED] - verifyResponseStatusCode(scoring, 200): Verify response status code successfully

2022-11-25 10:13:34 - [MESSAGE][PASSED] - Verify response status code successfully

2022-11-25 10:13:34 - [TEST_STEP][PASSED] - response2 = scoring.getResponseText(): null

2022-11-25 10:13:34 - [TEST_STEP][PASSED] - markPassed("result service data ke : " + no): result service data ke : 111

2022-11-25 10:13:34 - [MESSAGE][PASSED] - result service data ke : 111

2022-11-25 10:13:34 - [TEST_STEP][PASSED] - logInfo($response2): {"result_konsumen":"Approve","result_pasangan":"Reguler","Final_result":"Approve","errorMessage":"","status":"Done"}

2022-11-25 10:13:34 - [MESSAGE][INFO] - {"result_konsumen":"Approve","result_pasangan":"Reguler","Final_result":"Approve","errorMessage":"","status":"Done"}

2022-11-25 10:13:34 - [TEST_STEP][PASSED] - verifyElementPropertyValue(scoring, "Final_result", final_result): Verify element property value successfully

2022-11-25 10:13:34 - [MESSAGE][PASSED] - Verify element property value successfully]]></system-out>
         <system-err><![CDATA[]]></system-err>
      </testcase>
      <testcase name="Test Cases/Engine_Scoring/Engine Scoring" time="7.238" classname="Test Cases/Engine_Scoring/Engine Scoring" status="PASSED">
         <system-out><![CDATA[2022-11-25 10:13:34 - [TEST_CASE][PASSED] - Test Cases/Engine_Scoring/Engine Scoring: Test Cases/Engine_Scoring/Engine Scoring

2022-11-25 10:13:35 - [TEST_STEP][PASSED] - markPassed("Variasi data ke : " + no): Variasi data ke : 112

2022-11-25 10:13:35 - [MESSAGE][PASSED] - Variasi data ke : 112

2022-11-25 10:13:35 - [TEST_STEP][PASSED] - req_data = sendRequest(findTestObject("Search_ME", ["MID":MID, "source":source, "ip":ip, "userid":userid, "branch":branch, "tipekons":tipekons, "marital":marital, "penjamin":penjamin, ... ])): Send request successfully

2022-11-25 10:13:36 - [MESSAGE][INFO] - HAR: D:\DMS\Engine Scoring\Reports\20221125_100036\Exclude KKB - DS - Married\Scoring Married - CS New\20221125_100036\requests\main\222.har

2022-11-25 10:13:36 - [MESSAGE][PASSED] - Send request successfully

2022-11-25 10:13:36 - [TEST_STEP][PASSED] - slurper = new groovy.json.JsonSlurper(): null

2022-11-25 10:13:36 - [TEST_STEP][PASSED] - result = slurper.parseText(req_data.getResponseBodyContent()): null

2022-11-25 10:13:36 - [TEST_STEP][PASSED] - reqid_kons = requestid1: null

2022-11-25 10:13:36 - [TEST_STEP][PASSED] - reqid_spouse = requestid2: null

2022-11-25 10:13:36 - [TEST_STEP][PASSED] - println("requestid kons : " + reqid_kons): null

2022-11-25 10:13:36 - [TEST_STEP][PASSED] - response_searchME_kons = reqid_kons: null

2022-11-25 10:13:36 - [TEST_STEP][PASSED] - response_searchME_spouse = reqid_spouse: null

2022-11-25 10:13:36 - [TEST_STEP][PASSED] - println("kons req id is :" + response_searchME_kons): null

2022-11-25 10:13:36 - [TEST_STEP][PASSED] - println("spouse req id is : " + response_searchME_spouse): null

2022-11-25 10:13:36 - [TEST_STEP][PASSED] - verifyResponseStatusCode(req_data, 200): Verify response status code successfully

2022-11-25 10:13:36 - [MESSAGE][PASSED] - Verify response status code successfully

2022-11-25 10:13:36 - [TEST_STEP][PASSED] - response = req_data.getResponseText(): null

2022-11-25 10:13:36 - [TEST_STEP][PASSED] - logInfo($response): {"status":"Done","data":{"requestid1":"255663","requestid2":"255664"}}

2022-11-25 10:13:36 - [MESSAGE][INFO] - {"status":"Done","data":{"requestid1":"255663","requestid2":"255664"}}

2022-11-25 10:13:36 - [TEST_STEP][PASSED] - delay(5): Delayed 5 second(s)

2022-11-25 10:13:41 - [MESSAGE][PASSED] - Delayed 5 second(s)

2022-11-25 10:13:41 - [TEST_STEP][PASSED] - scoring = sendRequest(findTestObject("EngineScore", ["response_searchME_kons":response_searchME_kons, "response_searchME_spouse":response_searchME_spouse])): Send request successfully

2022-11-25 10:13:41 - [MESSAGE][INFO] - HAR: D:\DMS\Engine Scoring\Reports\20221125_100036\Exclude KKB - DS - Married\Scoring Married - CS New\20221125_100036\requests\main\223.har

2022-11-25 10:13:41 - [MESSAGE][PASSED] - Send request successfully

2022-11-25 10:13:41 - [TEST_STEP][PASSED] - verifyResponseStatusCode(scoring, 200): Verify response status code successfully

2022-11-25 10:13:41 - [MESSAGE][PASSED] - Verify response status code successfully

2022-11-25 10:13:41 - [TEST_STEP][PASSED] - response2 = scoring.getResponseText(): null

2022-11-25 10:13:41 - [TEST_STEP][PASSED] - markPassed("result service data ke : " + no): result service data ke : 112

2022-11-25 10:13:41 - [MESSAGE][PASSED] - result service data ke : 112

2022-11-25 10:13:41 - [TEST_STEP][PASSED] - logInfo($response2): {"result_konsumen":"Approve","result_pasangan":"Reguler","Final_result":"Approve","errorMessage":"","status":"Done"}

2022-11-25 10:13:41 - [MESSAGE][INFO] - {"result_konsumen":"Approve","result_pasangan":"Reguler","Final_result":"Approve","errorMessage":"","status":"Done"}

2022-11-25 10:13:41 - [TEST_STEP][PASSED] - verifyElementPropertyValue(scoring, "Final_result", final_result): Verify element property value successfully

2022-11-25 10:13:41 - [MESSAGE][PASSED] - Verify element property value successfully]]></system-out>
         <system-err><![CDATA[]]></system-err>
      </testcase>
      <testcase name="Test Cases/Engine_Scoring/Engine Scoring" time="7.189" classname="Test Cases/Engine_Scoring/Engine Scoring" status="PASSED">
         <system-out><![CDATA[2022-11-25 10:13:41 - [TEST_CASE][PASSED] - Test Cases/Engine_Scoring/Engine Scoring: Test Cases/Engine_Scoring/Engine Scoring

2022-11-25 10:13:42 - [TEST_STEP][PASSED] - markPassed("Variasi data ke : " + no): Variasi data ke : 113

2022-11-25 10:13:42 - [MESSAGE][PASSED] - Variasi data ke : 113

2022-11-25 10:13:42 - [TEST_STEP][PASSED] - req_data = sendRequest(findTestObject("Search_ME", ["MID":MID, "source":source, "ip":ip, "userid":userid, "branch":branch, "tipekons":tipekons, "marital":marital, "penjamin":penjamin, ... ])): Send request successfully

2022-11-25 10:13:43 - [MESSAGE][INFO] - HAR: D:\DMS\Engine Scoring\Reports\20221125_100036\Exclude KKB - DS - Married\Scoring Married - CS New\20221125_100036\requests\main\224.har

2022-11-25 10:13:43 - [MESSAGE][PASSED] - Send request successfully

2022-11-25 10:13:43 - [TEST_STEP][PASSED] - slurper = new groovy.json.JsonSlurper(): null

2022-11-25 10:13:43 - [TEST_STEP][PASSED] - result = slurper.parseText(req_data.getResponseBodyContent()): null

2022-11-25 10:13:43 - [TEST_STEP][PASSED] - reqid_kons = requestid1: null

2022-11-25 10:13:43 - [TEST_STEP][PASSED] - reqid_spouse = requestid2: null

2022-11-25 10:13:43 - [TEST_STEP][PASSED] - println("requestid kons : " + reqid_kons): null

2022-11-25 10:13:43 - [TEST_STEP][PASSED] - response_searchME_kons = reqid_kons: null

2022-11-25 10:13:43 - [TEST_STEP][PASSED] - response_searchME_spouse = reqid_spouse: null

2022-11-25 10:13:43 - [TEST_STEP][PASSED] - println("kons req id is :" + response_searchME_kons): null

2022-11-25 10:13:43 - [TEST_STEP][PASSED] - println("spouse req id is : " + response_searchME_spouse): null

2022-11-25 10:13:43 - [TEST_STEP][PASSED] - verifyResponseStatusCode(req_data, 200): Verify response status code successfully

2022-11-25 10:13:43 - [MESSAGE][PASSED] - Verify response status code successfully

2022-11-25 10:13:43 - [TEST_STEP][PASSED] - response = req_data.getResponseText(): null

2022-11-25 10:13:43 - [TEST_STEP][PASSED] - logInfo($response): {"status":"Done","data":{"requestid1":"255665","requestid2":"255666"}}

2022-11-25 10:13:43 - [MESSAGE][INFO] - {"status":"Done","data":{"requestid1":"255665","requestid2":"255666"}}

2022-11-25 10:13:43 - [TEST_STEP][PASSED] - delay(5): Delayed 5 second(s)

2022-11-25 10:13:48 - [MESSAGE][PASSED] - Delayed 5 second(s)

2022-11-25 10:13:48 - [TEST_STEP][PASSED] - scoring = sendRequest(findTestObject("EngineScore", ["response_searchME_kons":response_searchME_kons, "response_searchME_spouse":response_searchME_spouse])): Send request successfully

2022-11-25 10:13:48 - [MESSAGE][INFO] - HAR: D:\DMS\Engine Scoring\Reports\20221125_100036\Exclude KKB - DS - Married\Scoring Married - CS New\20221125_100036\requests\main\225.har

2022-11-25 10:13:48 - [MESSAGE][PASSED] - Send request successfully

2022-11-25 10:13:48 - [TEST_STEP][PASSED] - verifyResponseStatusCode(scoring, 200): Verify response status code successfully

2022-11-25 10:13:48 - [MESSAGE][PASSED] - Verify response status code successfully

2022-11-25 10:13:48 - [TEST_STEP][PASSED] - response2 = scoring.getResponseText(): null

2022-11-25 10:13:48 - [TEST_STEP][PASSED] - markPassed("result service data ke : " + no): result service data ke : 113

2022-11-25 10:13:48 - [MESSAGE][PASSED] - result service data ke : 113

2022-11-25 10:13:48 - [TEST_STEP][PASSED] - logInfo($response2): {"result_konsumen":"Approve","result_pasangan":"Reject","Final_result":"Reject","errorMessage":"","status":"Done"}

2022-11-25 10:13:48 - [MESSAGE][INFO] - {"result_konsumen":"Approve","result_pasangan":"Reject","Final_result":"Reject","errorMessage":"","status":"Done"}

2022-11-25 10:13:48 - [TEST_STEP][PASSED] - verifyElementPropertyValue(scoring, "Final_result", final_result): Verify element property value successfully

2022-11-25 10:13:48 - [MESSAGE][PASSED] - Verify element property value successfully]]></system-out>
         <system-err><![CDATA[]]></system-err>
      </testcase>
      <testcase name="Test Cases/Engine_Scoring/Engine Scoring" time="7.194" classname="Test Cases/Engine_Scoring/Engine Scoring" status="PASSED">
         <system-out><![CDATA[2022-11-25 10:13:48 - [TEST_CASE][PASSED] - Test Cases/Engine_Scoring/Engine Scoring: Test Cases/Engine_Scoring/Engine Scoring

2022-11-25 10:13:49 - [TEST_STEP][PASSED] - markPassed("Variasi data ke : " + no): Variasi data ke : 114

2022-11-25 10:13:49 - [MESSAGE][PASSED] - Variasi data ke : 114

2022-11-25 10:13:49 - [TEST_STEP][PASSED] - req_data = sendRequest(findTestObject("Search_ME", ["MID":MID, "source":source, "ip":ip, "userid":userid, "branch":branch, "tipekons":tipekons, "marital":marital, "penjamin":penjamin, ... ])): Send request successfully

2022-11-25 10:13:50 - [MESSAGE][INFO] - HAR: D:\DMS\Engine Scoring\Reports\20221125_100036\Exclude KKB - DS - Married\Scoring Married - CS New\20221125_100036\requests\main\226.har

2022-11-25 10:13:50 - [MESSAGE][PASSED] - Send request successfully

2022-11-25 10:13:50 - [TEST_STEP][PASSED] - slurper = new groovy.json.JsonSlurper(): null

2022-11-25 10:13:50 - [TEST_STEP][PASSED] - result = slurper.parseText(req_data.getResponseBodyContent()): null

2022-11-25 10:13:50 - [TEST_STEP][PASSED] - reqid_kons = requestid1: null

2022-11-25 10:13:50 - [TEST_STEP][PASSED] - reqid_spouse = requestid2: null

2022-11-25 10:13:50 - [TEST_STEP][PASSED] - println("requestid kons : " + reqid_kons): null

2022-11-25 10:13:50 - [TEST_STEP][PASSED] - response_searchME_kons = reqid_kons: null

2022-11-25 10:13:50 - [TEST_STEP][PASSED] - response_searchME_spouse = reqid_spouse: null

2022-11-25 10:13:50 - [TEST_STEP][PASSED] - println("kons req id is :" + response_searchME_kons): null

2022-11-25 10:13:50 - [TEST_STEP][PASSED] - println("spouse req id is : " + response_searchME_spouse): null

2022-11-25 10:13:50 - [TEST_STEP][PASSED] - verifyResponseStatusCode(req_data, 200): Verify response status code successfully

2022-11-25 10:13:50 - [MESSAGE][PASSED] - Verify response status code successfully

2022-11-25 10:13:50 - [TEST_STEP][PASSED] - response = req_data.getResponseText(): null

2022-11-25 10:13:50 - [TEST_STEP][PASSED] - logInfo($response): {"status":"Done","data":{"requestid1":"255667","requestid2":"255668"}}

2022-11-25 10:13:50 - [MESSAGE][INFO] - {"status":"Done","data":{"requestid1":"255667","requestid2":"255668"}}

2022-11-25 10:13:50 - [TEST_STEP][PASSED] - delay(5): Delayed 5 second(s)

2022-11-25 10:13:55 - [MESSAGE][PASSED] - Delayed 5 second(s)

2022-11-25 10:13:55 - [TEST_STEP][PASSED] - scoring = sendRequest(findTestObject("EngineScore", ["response_searchME_kons":response_searchME_kons, "response_searchME_spouse":response_searchME_spouse])): Send request successfully

2022-11-25 10:13:56 - [MESSAGE][INFO] - HAR: D:\DMS\Engine Scoring\Reports\20221125_100036\Exclude KKB - DS - Married\Scoring Married - CS New\20221125_100036\requests\main\227.har

2022-11-25 10:13:56 - [MESSAGE][PASSED] - Send request successfully

2022-11-25 10:13:56 - [TEST_STEP][PASSED] - verifyResponseStatusCode(scoring, 200): Verify response status code successfully

2022-11-25 10:13:56 - [MESSAGE][PASSED] - Verify response status code successfully

2022-11-25 10:13:56 - [TEST_STEP][PASSED] - response2 = scoring.getResponseText(): null

2022-11-25 10:13:56 - [TEST_STEP][PASSED] - markPassed("result service data ke : " + no): result service data ke : 114

2022-11-25 10:13:56 - [MESSAGE][PASSED] - result service data ke : 114

2022-11-25 10:13:56 - [TEST_STEP][PASSED] - logInfo($response2): {"result_konsumen":"Approve","result_pasangan":"Reject","Final_result":"Reject","errorMessage":"","status":"Done"}

2022-11-25 10:13:56 - [MESSAGE][INFO] - {"result_konsumen":"Approve","result_pasangan":"Reject","Final_result":"Reject","errorMessage":"","status":"Done"}

2022-11-25 10:13:56 - [TEST_STEP][PASSED] - verifyElementPropertyValue(scoring, "Final_result", final_result): Verify element property value successfully

2022-11-25 10:13:56 - [MESSAGE][PASSED] - Verify element property value successfully]]></system-out>
         <system-err><![CDATA[]]></system-err>
      </testcase>
      <testcase name="Test Cases/Engine_Scoring/Engine Scoring" time="7.013" classname="Test Cases/Engine_Scoring/Engine Scoring" status="PASSED">
         <system-out><![CDATA[2022-11-25 10:13:56 - [TEST_CASE][PASSED] - Test Cases/Engine_Scoring/Engine Scoring: Test Cases/Engine_Scoring/Engine Scoring

2022-11-25 10:13:57 - [TEST_STEP][PASSED] - markPassed("Variasi data ke : " + no): Variasi data ke : 115

2022-11-25 10:13:57 - [MESSAGE][PASSED] - Variasi data ke : 115

2022-11-25 10:13:57 - [TEST_STEP][PASSED] - req_data = sendRequest(findTestObject("Search_ME", ["MID":MID, "source":source, "ip":ip, "userid":userid, "branch":branch, "tipekons":tipekons, "marital":marital, "penjamin":penjamin, ... ])): Send request successfully

2022-11-25 10:13:57 - [MESSAGE][INFO] - HAR: D:\DMS\Engine Scoring\Reports\20221125_100036\Exclude KKB - DS - Married\Scoring Married - CS New\20221125_100036\requests\main\228.har

2022-11-25 10:13:57 - [MESSAGE][PASSED] - Send request successfully

2022-11-25 10:13:57 - [TEST_STEP][PASSED] - slurper = new groovy.json.JsonSlurper(): null

2022-11-25 10:13:57 - [TEST_STEP][PASSED] - result = slurper.parseText(req_data.getResponseBodyContent()): null

2022-11-25 10:13:57 - [TEST_STEP][PASSED] - reqid_kons = requestid1: null

2022-11-25 10:13:58 - [TEST_STEP][PASSED] - reqid_spouse = requestid2: null

2022-11-25 10:13:58 - [TEST_STEP][PASSED] - println("requestid kons : " + reqid_kons): null

2022-11-25 10:13:58 - [TEST_STEP][PASSED] - response_searchME_kons = reqid_kons: null

2022-11-25 10:13:58 - [TEST_STEP][PASSED] - response_searchME_spouse = reqid_spouse: null

2022-11-25 10:13:58 - [TEST_STEP][PASSED] - println("kons req id is :" + response_searchME_kons): null

2022-11-25 10:13:58 - [TEST_STEP][PASSED] - println("spouse req id is : " + response_searchME_spouse): null

2022-11-25 10:13:58 - [TEST_STEP][PASSED] - verifyResponseStatusCode(req_data, 200): Verify response status code successfully

2022-11-25 10:13:58 - [MESSAGE][PASSED] - Verify response status code successfully

2022-11-25 10:13:58 - [TEST_STEP][PASSED] - response = req_data.getResponseText(): null

2022-11-25 10:13:58 - [TEST_STEP][PASSED] - logInfo($response): {"status":"Done","data":{"requestid1":"255669","requestid2":"255670"}}

2022-11-25 10:13:58 - [MESSAGE][INFO] - {"status":"Done","data":{"requestid1":"255669","requestid2":"255670"}}

2022-11-25 10:13:58 - [TEST_STEP][PASSED] - delay(5): Delayed 5 second(s)

2022-11-25 10:14:03 - [MESSAGE][PASSED] - Delayed 5 second(s)

2022-11-25 10:14:03 - [TEST_STEP][PASSED] - scoring = sendRequest(findTestObject("EngineScore", ["response_searchME_kons":response_searchME_kons, "response_searchME_spouse":response_searchME_spouse])): Send request successfully

2022-11-25 10:14:03 - [MESSAGE][INFO] - HAR: D:\DMS\Engine Scoring\Reports\20221125_100036\Exclude KKB - DS - Married\Scoring Married - CS New\20221125_100036\requests\main\229.har

2022-11-25 10:14:03 - [MESSAGE][PASSED] - Send request successfully

2022-11-25 10:14:03 - [TEST_STEP][PASSED] - verifyResponseStatusCode(scoring, 200): Verify response status code successfully

2022-11-25 10:14:03 - [MESSAGE][PASSED] - Verify response status code successfully

2022-11-25 10:14:03 - [TEST_STEP][PASSED] - response2 = scoring.getResponseText(): null

2022-11-25 10:14:03 - [TEST_STEP][PASSED] - markPassed("result service data ke : " + no): result service data ke : 115

2022-11-25 10:14:03 - [MESSAGE][PASSED] - result service data ke : 115

2022-11-25 10:14:03 - [TEST_STEP][PASSED] - logInfo($response2): {"result_konsumen":"Approve","result_pasangan":"Reject","Final_result":"Reject","errorMessage":"","status":"Done"}

2022-11-25 10:14:03 - [MESSAGE][INFO] - {"result_konsumen":"Approve","result_pasangan":"Reject","Final_result":"Reject","errorMessage":"","status":"Done"}

2022-11-25 10:14:03 - [TEST_STEP][PASSED] - verifyElementPropertyValue(scoring, "Final_result", final_result): Verify element property value successfully

2022-11-25 10:14:03 - [MESSAGE][PASSED] - Verify element property value successfully]]></system-out>
         <system-err><![CDATA[]]></system-err>
      </testcase>
      <testcase name="Test Cases/Engine_Scoring/Engine Scoring" time="7.118" classname="Test Cases/Engine_Scoring/Engine Scoring" status="PASSED">
         <system-out><![CDATA[2022-11-25 10:14:03 - [TEST_CASE][PASSED] - Test Cases/Engine_Scoring/Engine Scoring: Test Cases/Engine_Scoring/Engine Scoring

2022-11-25 10:14:04 - [TEST_STEP][PASSED] - markPassed("Variasi data ke : " + no): Variasi data ke : 116

2022-11-25 10:14:04 - [MESSAGE][PASSED] - Variasi data ke : 116

2022-11-25 10:14:04 - [TEST_STEP][PASSED] - req_data = sendRequest(findTestObject("Search_ME", ["MID":MID, "source":source, "ip":ip, "userid":userid, "branch":branch, "tipekons":tipekons, "marital":marital, "penjamin":penjamin, ... ])): Send request successfully

2022-11-25 10:14:05 - [MESSAGE][INFO] - HAR: D:\DMS\Engine Scoring\Reports\20221125_100036\Exclude KKB - DS - Married\Scoring Married - CS New\20221125_100036\requests\main\230.har

2022-11-25 10:14:05 - [MESSAGE][PASSED] - Send request successfully

2022-11-25 10:14:05 - [TEST_STEP][PASSED] - slurper = new groovy.json.JsonSlurper(): null

2022-11-25 10:14:05 - [TEST_STEP][PASSED] - result = slurper.parseText(req_data.getResponseBodyContent()): null

2022-11-25 10:14:05 - [TEST_STEP][PASSED] - reqid_kons = requestid1: null

2022-11-25 10:14:05 - [TEST_STEP][PASSED] - reqid_spouse = requestid2: null

2022-11-25 10:14:05 - [TEST_STEP][PASSED] - println("requestid kons : " + reqid_kons): null

2022-11-25 10:14:05 - [TEST_STEP][PASSED] - response_searchME_kons = reqid_kons: null

2022-11-25 10:14:05 - [TEST_STEP][PASSED] - response_searchME_spouse = reqid_spouse: null

2022-11-25 10:14:05 - [TEST_STEP][PASSED] - println("kons req id is :" + response_searchME_kons): null

2022-11-25 10:14:05 - [TEST_STEP][PASSED] - println("spouse req id is : " + response_searchME_spouse): null

2022-11-25 10:14:05 - [TEST_STEP][PASSED] - verifyResponseStatusCode(req_data, 200): Verify response status code successfully

2022-11-25 10:14:05 - [MESSAGE][PASSED] - Verify response status code successfully

2022-11-25 10:14:05 - [TEST_STEP][PASSED] - response = req_data.getResponseText(): null

2022-11-25 10:14:05 - [TEST_STEP][PASSED] - logInfo($response): {"status":"Done","data":{"requestid1":"255671","requestid2":"255672"}}

2022-11-25 10:14:05 - [MESSAGE][INFO] - {"status":"Done","data":{"requestid1":"255671","requestid2":"255672"}}

2022-11-25 10:14:05 - [TEST_STEP][PASSED] - delay(5): Delayed 5 second(s)

2022-11-25 10:14:10 - [MESSAGE][PASSED] - Delayed 5 second(s)

2022-11-25 10:14:10 - [TEST_STEP][PASSED] - scoring = sendRequest(findTestObject("EngineScore", ["response_searchME_kons":response_searchME_kons, "response_searchME_spouse":response_searchME_spouse])): Send request successfully

2022-11-25 10:14:10 - [MESSAGE][INFO] - HAR: D:\DMS\Engine Scoring\Reports\20221125_100036\Exclude KKB - DS - Married\Scoring Married - CS New\20221125_100036\requests\main\231.har

2022-11-25 10:14:10 - [MESSAGE][PASSED] - Send request successfully

2022-11-25 10:14:10 - [TEST_STEP][PASSED] - verifyResponseStatusCode(scoring, 200): Verify response status code successfully

2022-11-25 10:14:10 - [MESSAGE][PASSED] - Verify response status code successfully

2022-11-25 10:14:10 - [TEST_STEP][PASSED] - response2 = scoring.getResponseText(): null

2022-11-25 10:14:10 - [TEST_STEP][PASSED] - markPassed("result service data ke : " + no): result service data ke : 116

2022-11-25 10:14:10 - [MESSAGE][PASSED] - result service data ke : 116

2022-11-25 10:14:10 - [TEST_STEP][PASSED] - logInfo($response2): {"result_konsumen":"Approve","result_pasangan":"Reguler","Final_result":"Approve","errorMessage":"","status":"Done"}

2022-11-25 10:14:10 - [MESSAGE][INFO] - {"result_konsumen":"Approve","result_pasangan":"Reguler","Final_result":"Approve","errorMessage":"","status":"Done"}

2022-11-25 10:14:10 - [TEST_STEP][PASSED] - verifyElementPropertyValue(scoring, "Final_result", final_result): Verify element property value successfully

2022-11-25 10:14:10 - [MESSAGE][PASSED] - Verify element property value successfully]]></system-out>
         <system-err><![CDATA[]]></system-err>
      </testcase>
      <testcase name="Test Cases/Engine_Scoring/Engine Scoring" time="7.138" classname="Test Cases/Engine_Scoring/Engine Scoring" status="PASSED">
         <system-out><![CDATA[2022-11-25 10:14:10 - [TEST_CASE][PASSED] - Test Cases/Engine_Scoring/Engine Scoring: Test Cases/Engine_Scoring/Engine Scoring

2022-11-25 10:14:11 - [TEST_STEP][PASSED] - markPassed("Variasi data ke : " + no): Variasi data ke : 117

2022-11-25 10:14:11 - [MESSAGE][PASSED] - Variasi data ke : 117

2022-11-25 10:14:11 - [TEST_STEP][PASSED] - req_data = sendRequest(findTestObject("Search_ME", ["MID":MID, "source":source, "ip":ip, "userid":userid, "branch":branch, "tipekons":tipekons, "marital":marital, "penjamin":penjamin, ... ])): Send request successfully

2022-11-25 10:14:12 - [MESSAGE][INFO] - HAR: D:\DMS\Engine Scoring\Reports\20221125_100036\Exclude KKB - DS - Married\Scoring Married - CS New\20221125_100036\requests\main\232.har

2022-11-25 10:14:12 - [MESSAGE][PASSED] - Send request successfully

2022-11-25 10:14:12 - [TEST_STEP][PASSED] - slurper = new groovy.json.JsonSlurper(): null

2022-11-25 10:14:12 - [TEST_STEP][PASSED] - result = slurper.parseText(req_data.getResponseBodyContent()): null

2022-11-25 10:14:12 - [TEST_STEP][PASSED] - reqid_kons = requestid1: null

2022-11-25 10:14:12 - [TEST_STEP][PASSED] - reqid_spouse = requestid2: null

2022-11-25 10:14:12 - [TEST_STEP][PASSED] - println("requestid kons : " + reqid_kons): null

2022-11-25 10:14:12 - [TEST_STEP][PASSED] - response_searchME_kons = reqid_kons: null

2022-11-25 10:14:12 - [TEST_STEP][PASSED] - response_searchME_spouse = reqid_spouse: null

2022-11-25 10:14:12 - [TEST_STEP][PASSED] - println("kons req id is :" + response_searchME_kons): null

2022-11-25 10:14:12 - [TEST_STEP][PASSED] - println("spouse req id is : " + response_searchME_spouse): null

2022-11-25 10:14:12 - [TEST_STEP][PASSED] - verifyResponseStatusCode(req_data, 200): Verify response status code successfully

2022-11-25 10:14:12 - [MESSAGE][PASSED] - Verify response status code successfully

2022-11-25 10:14:12 - [TEST_STEP][PASSED] - response = req_data.getResponseText(): null

2022-11-25 10:14:12 - [TEST_STEP][PASSED] - logInfo($response): {"status":"Done","data":{"requestid1":"255673","requestid2":"255674"}}

2022-11-25 10:14:12 - [MESSAGE][INFO] - {"status":"Done","data":{"requestid1":"255673","requestid2":"255674"}}

2022-11-25 10:14:12 - [TEST_STEP][PASSED] - delay(5): Delayed 5 second(s)

2022-11-25 10:14:17 - [MESSAGE][PASSED] - Delayed 5 second(s)

2022-11-25 10:14:17 - [TEST_STEP][PASSED] - scoring = sendRequest(findTestObject("EngineScore", ["response_searchME_kons":response_searchME_kons, "response_searchME_spouse":response_searchME_spouse])): Send request successfully

2022-11-25 10:14:17 - [MESSAGE][INFO] - HAR: D:\DMS\Engine Scoring\Reports\20221125_100036\Exclude KKB - DS - Married\Scoring Married - CS New\20221125_100036\requests\main\233.har

2022-11-25 10:14:17 - [MESSAGE][PASSED] - Send request successfully

2022-11-25 10:14:17 - [TEST_STEP][PASSED] - verifyResponseStatusCode(scoring, 200): Verify response status code successfully

2022-11-25 10:14:17 - [MESSAGE][PASSED] - Verify response status code successfully

2022-11-25 10:14:17 - [TEST_STEP][PASSED] - response2 = scoring.getResponseText(): null

2022-11-25 10:14:17 - [TEST_STEP][PASSED] - markPassed("result service data ke : " + no): result service data ke : 117

2022-11-25 10:14:17 - [MESSAGE][PASSED] - result service data ke : 117

2022-11-25 10:14:17 - [TEST_STEP][PASSED] - logInfo($response2): {"result_konsumen":"Approve","result_pasangan":"Reguler","Final_result":"Approve","errorMessage":"","status":"Done"}

2022-11-25 10:14:17 - [MESSAGE][INFO] - {"result_konsumen":"Approve","result_pasangan":"Reguler","Final_result":"Approve","errorMessage":"","status":"Done"}

2022-11-25 10:14:17 - [TEST_STEP][PASSED] - verifyElementPropertyValue(scoring, "Final_result", final_result): Verify element property value successfully

2022-11-25 10:14:17 - [MESSAGE][PASSED] - Verify element property value successfully]]></system-out>
         <system-err><![CDATA[]]></system-err>
      </testcase>
      <testcase name="Test Cases/Engine_Scoring/Engine Scoring" time="9.063" classname="Test Cases/Engine_Scoring/Engine Scoring" status="PASSED">
         <system-out><![CDATA[2022-11-25 10:14:17 - [TEST_CASE][PASSED] - Test Cases/Engine_Scoring/Engine Scoring: Test Cases/Engine_Scoring/Engine Scoring

2022-11-25 10:14:18 - [TEST_STEP][PASSED] - markPassed("Variasi data ke : " + no): Variasi data ke : 118

2022-11-25 10:14:18 - [MESSAGE][PASSED] - Variasi data ke : 118

2022-11-25 10:14:18 - [TEST_STEP][PASSED] - req_data = sendRequest(findTestObject("Search_ME", ["MID":MID, "source":source, "ip":ip, "userid":userid, "branch":branch, "tipekons":tipekons, "marital":marital, "penjamin":penjamin, ... ])): Send request successfully

2022-11-25 10:14:21 - [MESSAGE][INFO] - HAR: D:\DMS\Engine Scoring\Reports\20221125_100036\Exclude KKB - DS - Married\Scoring Married - CS New\20221125_100036\requests\main\234.har

2022-11-25 10:14:21 - [MESSAGE][PASSED] - Send request successfully

2022-11-25 10:14:21 - [TEST_STEP][PASSED] - slurper = new groovy.json.JsonSlurper(): null

2022-11-25 10:14:21 - [TEST_STEP][PASSED] - result = slurper.parseText(req_data.getResponseBodyContent()): null

2022-11-25 10:14:21 - [TEST_STEP][PASSED] - reqid_kons = requestid1: null

2022-11-25 10:14:21 - [TEST_STEP][PASSED] - reqid_spouse = requestid2: null

2022-11-25 10:14:21 - [TEST_STEP][PASSED] - println("requestid kons : " + reqid_kons): null

2022-11-25 10:14:21 - [TEST_STEP][PASSED] - response_searchME_kons = reqid_kons: null

2022-11-25 10:14:21 - [TEST_STEP][PASSED] - response_searchME_spouse = reqid_spouse: null

2022-11-25 10:14:21 - [TEST_STEP][PASSED] - println("kons req id is :" + response_searchME_kons): null

2022-11-25 10:14:21 - [TEST_STEP][PASSED] - println("spouse req id is : " + response_searchME_spouse): null

2022-11-25 10:14:21 - [TEST_STEP][PASSED] - verifyResponseStatusCode(req_data, 200): Verify response status code successfully

2022-11-25 10:14:21 - [MESSAGE][PASSED] - Verify response status code successfully

2022-11-25 10:14:21 - [TEST_STEP][PASSED] - response = req_data.getResponseText(): null

2022-11-25 10:14:21 - [TEST_STEP][PASSED] - logInfo($response): {"status":"Done","data":{"requestid1":"255675","requestid2":"255676"}}

2022-11-25 10:14:21 - [MESSAGE][INFO] - {"status":"Done","data":{"requestid1":"255675","requestid2":"255676"}}

2022-11-25 10:14:21 - [TEST_STEP][PASSED] - delay(5): Delayed 5 second(s)

2022-11-25 10:14:26 - [MESSAGE][PASSED] - Delayed 5 second(s)

2022-11-25 10:14:26 - [TEST_STEP][PASSED] - scoring = sendRequest(findTestObject("EngineScore", ["response_searchME_kons":response_searchME_kons, "response_searchME_spouse":response_searchME_spouse])): Send request successfully

2022-11-25 10:14:26 - [MESSAGE][INFO] - HAR: D:\DMS\Engine Scoring\Reports\20221125_100036\Exclude KKB - DS - Married\Scoring Married - CS New\20221125_100036\requests\main\235.har

2022-11-25 10:14:26 - [MESSAGE][PASSED] - Send request successfully

2022-11-25 10:14:26 - [TEST_STEP][PASSED] - verifyResponseStatusCode(scoring, 200): Verify response status code successfully

2022-11-25 10:14:26 - [MESSAGE][PASSED] - Verify response status code successfully

2022-11-25 10:14:26 - [TEST_STEP][PASSED] - response2 = scoring.getResponseText(): null

2022-11-25 10:14:26 - [TEST_STEP][PASSED] - markPassed("result service data ke : " + no): result service data ke : 118

2022-11-25 10:14:26 - [MESSAGE][PASSED] - result service data ke : 118

2022-11-25 10:14:26 - [TEST_STEP][PASSED] - logInfo($response2): {"result_konsumen":"Reject","result_pasangan":"Approve","Final_result":"Reject","errorMessage":"","status":"Done"}

2022-11-25 10:14:26 - [MESSAGE][INFO] - {"result_konsumen":"Reject","result_pasangan":"Approve","Final_result":"Reject","errorMessage":"","status":"Done"}

2022-11-25 10:14:26 - [TEST_STEP][PASSED] - verifyElementPropertyValue(scoring, "Final_result", final_result): Verify element property value successfully

2022-11-25 10:14:26 - [MESSAGE][PASSED] - Verify element property value successfully]]></system-out>
         <system-err><![CDATA[]]></system-err>
      </testcase>
      <testcase name="Test Cases/Engine_Scoring/Engine Scoring" time="6.999" classname="Test Cases/Engine_Scoring/Engine Scoring" status="PASSED">
         <system-out><![CDATA[2022-11-25 10:14:26 - [TEST_CASE][PASSED] - Test Cases/Engine_Scoring/Engine Scoring: Test Cases/Engine_Scoring/Engine Scoring

2022-11-25 10:14:27 - [TEST_STEP][PASSED] - markPassed("Variasi data ke : " + no): Variasi data ke : 119

2022-11-25 10:14:27 - [MESSAGE][PASSED] - Variasi data ke : 119

2022-11-25 10:14:27 - [TEST_STEP][PASSED] - req_data = sendRequest(findTestObject("Search_ME", ["MID":MID, "source":source, "ip":ip, "userid":userid, "branch":branch, "tipekons":tipekons, "marital":marital, "penjamin":penjamin, ... ])): Send request successfully

2022-11-25 10:14:28 - [MESSAGE][INFO] - HAR: D:\DMS\Engine Scoring\Reports\20221125_100036\Exclude KKB - DS - Married\Scoring Married - CS New\20221125_100036\requests\main\236.har

2022-11-25 10:14:28 - [MESSAGE][PASSED] - Send request successfully

2022-11-25 10:14:28 - [TEST_STEP][PASSED] - slurper = new groovy.json.JsonSlurper(): null

2022-11-25 10:14:28 - [TEST_STEP][PASSED] - result = slurper.parseText(req_data.getResponseBodyContent()): null

2022-11-25 10:14:28 - [TEST_STEP][PASSED] - reqid_kons = requestid1: null

2022-11-25 10:14:28 - [TEST_STEP][PASSED] - reqid_spouse = requestid2: null

2022-11-25 10:14:28 - [TEST_STEP][PASSED] - println("requestid kons : " + reqid_kons): null

2022-11-25 10:14:28 - [TEST_STEP][PASSED] - response_searchME_kons = reqid_kons: null

2022-11-25 10:14:28 - [TEST_STEP][PASSED] - response_searchME_spouse = reqid_spouse: null

2022-11-25 10:14:28 - [TEST_STEP][PASSED] - println("kons req id is :" + response_searchME_kons): null

2022-11-25 10:14:28 - [TEST_STEP][PASSED] - println("spouse req id is : " + response_searchME_spouse): null

2022-11-25 10:14:28 - [TEST_STEP][PASSED] - verifyResponseStatusCode(req_data, 200): Verify response status code successfully

2022-11-25 10:14:28 - [MESSAGE][PASSED] - Verify response status code successfully

2022-11-25 10:14:28 - [TEST_STEP][PASSED] - response = req_data.getResponseText(): null

2022-11-25 10:14:28 - [TEST_STEP][PASSED] - logInfo($response): {"status":"Done","data":{"requestid1":"255677","requestid2":"255678"}}

2022-11-25 10:14:28 - [MESSAGE][INFO] - {"status":"Done","data":{"requestid1":"255677","requestid2":"255678"}}

2022-11-25 10:14:28 - [TEST_STEP][PASSED] - delay(5): Delayed 5 second(s)

2022-11-25 10:14:33 - [MESSAGE][PASSED] - Delayed 5 second(s)

2022-11-25 10:14:33 - [TEST_STEP][PASSED] - scoring = sendRequest(findTestObject("EngineScore", ["response_searchME_kons":response_searchME_kons, "response_searchME_spouse":response_searchME_spouse])): Send request successfully

2022-11-25 10:14:33 - [MESSAGE][INFO] - HAR: D:\DMS\Engine Scoring\Reports\20221125_100036\Exclude KKB - DS - Married\Scoring Married - CS New\20221125_100036\requests\main\237.har

2022-11-25 10:14:33 - [MESSAGE][PASSED] - Send request successfully

2022-11-25 10:14:33 - [TEST_STEP][PASSED] - verifyResponseStatusCode(scoring, 200): Verify response status code successfully

2022-11-25 10:14:33 - [MESSAGE][PASSED] - Verify response status code successfully

2022-11-25 10:14:33 - [TEST_STEP][PASSED] - response2 = scoring.getResponseText(): null

2022-11-25 10:14:33 - [TEST_STEP][PASSED] - markPassed("result service data ke : " + no): result service data ke : 119

2022-11-25 10:14:33 - [MESSAGE][PASSED] - result service data ke : 119

2022-11-25 10:14:33 - [TEST_STEP][PASSED] - logInfo($response2): {"result_konsumen":"Reject","result_pasangan":"Approve","Final_result":"Reject","errorMessage":"","status":"Done"}

2022-11-25 10:14:33 - [MESSAGE][INFO] - {"result_konsumen":"Reject","result_pasangan":"Approve","Final_result":"Reject","errorMessage":"","status":"Done"}

2022-11-25 10:14:33 - [TEST_STEP][PASSED] - verifyElementPropertyValue(scoring, "Final_result", final_result): Verify element property value successfully

2022-11-25 10:14:33 - [MESSAGE][PASSED] - Verify element property value successfully]]></system-out>
         <system-err><![CDATA[]]></system-err>
      </testcase>
      <testcase name="Test Cases/Engine_Scoring/Engine Scoring" time="7.228" classname="Test Cases/Engine_Scoring/Engine Scoring" status="PASSED">
         <system-out><![CDATA[2022-11-25 10:14:33 - [TEST_CASE][PASSED] - Test Cases/Engine_Scoring/Engine Scoring: Test Cases/Engine_Scoring/Engine Scoring

2022-11-25 10:14:34 - [TEST_STEP][PASSED] - markPassed("Variasi data ke : " + no): Variasi data ke : 120

2022-11-25 10:14:34 - [MESSAGE][PASSED] - Variasi data ke : 120

2022-11-25 10:14:34 - [TEST_STEP][PASSED] - req_data = sendRequest(findTestObject("Search_ME", ["MID":MID, "source":source, "ip":ip, "userid":userid, "branch":branch, "tipekons":tipekons, "marital":marital, "penjamin":penjamin, ... ])): Send request successfully

2022-11-25 10:14:35 - [MESSAGE][INFO] - HAR: D:\DMS\Engine Scoring\Reports\20221125_100036\Exclude KKB - DS - Married\Scoring Married - CS New\20221125_100036\requests\main\238.har

2022-11-25 10:14:35 - [MESSAGE][PASSED] - Send request successfully

2022-11-25 10:14:35 - [TEST_STEP][PASSED] - slurper = new groovy.json.JsonSlurper(): null

2022-11-25 10:14:35 - [TEST_STEP][PASSED] - result = slurper.parseText(req_data.getResponseBodyContent()): null

2022-11-25 10:14:35 - [TEST_STEP][PASSED] - reqid_kons = requestid1: null

2022-11-25 10:14:35 - [TEST_STEP][PASSED] - reqid_spouse = requestid2: null

2022-11-25 10:14:35 - [TEST_STEP][PASSED] - println("requestid kons : " + reqid_kons): null

2022-11-25 10:14:35 - [TEST_STEP][PASSED] - response_searchME_kons = reqid_kons: null

2022-11-25 10:14:35 - [TEST_STEP][PASSED] - response_searchME_spouse = reqid_spouse: null

2022-11-25 10:14:35 - [TEST_STEP][PASSED] - println("kons req id is :" + response_searchME_kons): null

2022-11-25 10:14:35 - [TEST_STEP][PASSED] - println("spouse req id is : " + response_searchME_spouse): null

2022-11-25 10:14:35 - [TEST_STEP][PASSED] - verifyResponseStatusCode(req_data, 200): Verify response status code successfully

2022-11-25 10:14:35 - [MESSAGE][PASSED] - Verify response status code successfully

2022-11-25 10:14:35 - [TEST_STEP][PASSED] - response = req_data.getResponseText(): null

2022-11-25 10:14:35 - [TEST_STEP][PASSED] - logInfo($response): {"status":"Done","data":{"requestid1":"255679","requestid2":"255680"}}

2022-11-25 10:14:35 - [MESSAGE][INFO] - {"status":"Done","data":{"requestid1":"255679","requestid2":"255680"}}

2022-11-25 10:14:35 - [TEST_STEP][PASSED] - delay(5): Delayed 5 second(s)

2022-11-25 10:14:40 - [MESSAGE][PASSED] - Delayed 5 second(s)

2022-11-25 10:14:40 - [TEST_STEP][PASSED] - scoring = sendRequest(findTestObject("EngineScore", ["response_searchME_kons":response_searchME_kons, "response_searchME_spouse":response_searchME_spouse])): Send request successfully

2022-11-25 10:14:41 - [MESSAGE][INFO] - HAR: D:\DMS\Engine Scoring\Reports\20221125_100036\Exclude KKB - DS - Married\Scoring Married - CS New\20221125_100036\requests\main\239.har

2022-11-25 10:14:41 - [MESSAGE][PASSED] - Send request successfully

2022-11-25 10:14:41 - [TEST_STEP][PASSED] - verifyResponseStatusCode(scoring, 200): Verify response status code successfully

2022-11-25 10:14:41 - [MESSAGE][PASSED] - Verify response status code successfully

2022-11-25 10:14:41 - [TEST_STEP][PASSED] - response2 = scoring.getResponseText(): null

2022-11-25 10:14:41 - [TEST_STEP][PASSED] - markPassed("result service data ke : " + no): result service data ke : 120

2022-11-25 10:14:41 - [MESSAGE][PASSED] - result service data ke : 120

2022-11-25 10:14:41 - [TEST_STEP][PASSED] - logInfo($response2): {"result_konsumen":"Reject","result_pasangan":"Approve","Final_result":"Reject","errorMessage":"","status":"Done"}

2022-11-25 10:14:41 - [MESSAGE][INFO] - {"result_konsumen":"Reject","result_pasangan":"Approve","Final_result":"Reject","errorMessage":"","status":"Done"}

2022-11-25 10:14:41 - [TEST_STEP][PASSED] - verifyElementPropertyValue(scoring, "Final_result", final_result): Verify element property value successfully

2022-11-25 10:14:41 - [MESSAGE][PASSED] - Verify element property value successfully]]></system-out>
         <system-err><![CDATA[]]></system-err>
      </testcase>
      <testcase name="Test Cases/Engine_Scoring/Engine Scoring" time="7.104" classname="Test Cases/Engine_Scoring/Engine Scoring" status="PASSED">
         <system-out><![CDATA[2022-11-25 10:14:41 - [TEST_CASE][PASSED] - Test Cases/Engine_Scoring/Engine Scoring: Test Cases/Engine_Scoring/Engine Scoring

2022-11-25 10:14:42 - [TEST_STEP][PASSED] - markPassed("Variasi data ke : " + no): Variasi data ke : 121

2022-11-25 10:14:42 - [MESSAGE][PASSED] - Variasi data ke : 121

2022-11-25 10:14:42 - [TEST_STEP][PASSED] - req_data = sendRequest(findTestObject("Search_ME", ["MID":MID, "source":source, "ip":ip, "userid":userid, "branch":branch, "tipekons":tipekons, "marital":marital, "penjamin":penjamin, ... ])): Send request successfully

2022-11-25 10:14:43 - [MESSAGE][INFO] - HAR: D:\DMS\Engine Scoring\Reports\20221125_100036\Exclude KKB - DS - Married\Scoring Married - CS New\20221125_100036\requests\main\240.har

2022-11-25 10:14:43 - [MESSAGE][PASSED] - Send request successfully

2022-11-25 10:14:43 - [TEST_STEP][PASSED] - slurper = new groovy.json.JsonSlurper(): null

2022-11-25 10:14:43 - [TEST_STEP][PASSED] - result = slurper.parseText(req_data.getResponseBodyContent()): null

2022-11-25 10:14:43 - [TEST_STEP][PASSED] - reqid_kons = requestid1: null

2022-11-25 10:14:43 - [TEST_STEP][PASSED] - reqid_spouse = requestid2: null

2022-11-25 10:14:43 - [TEST_STEP][PASSED] - println("requestid kons : " + reqid_kons): null

2022-11-25 10:14:43 - [TEST_STEP][PASSED] - response_searchME_kons = reqid_kons: null

2022-11-25 10:14:43 - [TEST_STEP][PASSED] - response_searchME_spouse = reqid_spouse: null

2022-11-25 10:14:43 - [TEST_STEP][PASSED] - println("kons req id is :" + response_searchME_kons): null

2022-11-25 10:14:43 - [TEST_STEP][PASSED] - println("spouse req id is : " + response_searchME_spouse): null

2022-11-25 10:14:43 - [TEST_STEP][PASSED] - verifyResponseStatusCode(req_data, 200): Verify response status code successfully

2022-11-25 10:14:43 - [MESSAGE][PASSED] - Verify response status code successfully

2022-11-25 10:14:43 - [TEST_STEP][PASSED] - response = req_data.getResponseText(): null

2022-11-25 10:14:43 - [TEST_STEP][PASSED] - logInfo($response): {"status":"Done","data":{"requestid1":"255681","requestid2":"255682"}}

2022-11-25 10:14:43 - [MESSAGE][INFO] - {"status":"Done","data":{"requestid1":"255681","requestid2":"255682"}}

2022-11-25 10:14:43 - [TEST_STEP][PASSED] - delay(5): Delayed 5 second(s)

2022-11-25 10:14:48 - [MESSAGE][PASSED] - Delayed 5 second(s)

2022-11-25 10:14:48 - [TEST_STEP][PASSED] - scoring = sendRequest(findTestObject("EngineScore", ["response_searchME_kons":response_searchME_kons, "response_searchME_spouse":response_searchME_spouse])): Send request successfully

2022-11-25 10:14:48 - [MESSAGE][INFO] - HAR: D:\DMS\Engine Scoring\Reports\20221125_100036\Exclude KKB - DS - Married\Scoring Married - CS New\20221125_100036\requests\main\241.har

2022-11-25 10:14:48 - [MESSAGE][PASSED] - Send request successfully

2022-11-25 10:14:48 - [TEST_STEP][PASSED] - verifyResponseStatusCode(scoring, 200): Verify response status code successfully

2022-11-25 10:14:48 - [MESSAGE][PASSED] - Verify response status code successfully

2022-11-25 10:14:48 - [TEST_STEP][PASSED] - response2 = scoring.getResponseText(): null

2022-11-25 10:14:48 - [TEST_STEP][PASSED] - markPassed("result service data ke : " + no): result service data ke : 121

2022-11-25 10:14:48 - [MESSAGE][PASSED] - result service data ke : 121

2022-11-25 10:14:48 - [TEST_STEP][PASSED] - logInfo($response2): {"result_konsumen":"Reject","result_pasangan":"Approve","Final_result":"Reject","errorMessage":"","status":"Done"}

2022-11-25 10:14:48 - [MESSAGE][INFO] - {"result_konsumen":"Reject","result_pasangan":"Approve","Final_result":"Reject","errorMessage":"","status":"Done"}

2022-11-25 10:14:48 - [TEST_STEP][PASSED] - verifyElementPropertyValue(scoring, "Final_result", final_result): Verify element property value successfully

2022-11-25 10:14:48 - [MESSAGE][PASSED] - Verify element property value successfully]]></system-out>
         <system-err><![CDATA[]]></system-err>
      </testcase>
      <testcase name="Test Cases/Engine_Scoring/Engine Scoring" time="7.093" classname="Test Cases/Engine_Scoring/Engine Scoring" status="PASSED">
         <system-out><![CDATA[2022-11-25 10:14:48 - [TEST_CASE][PASSED] - Test Cases/Engine_Scoring/Engine Scoring: Test Cases/Engine_Scoring/Engine Scoring

2022-11-25 10:14:49 - [TEST_STEP][PASSED] - markPassed("Variasi data ke : " + no): Variasi data ke : 122

2022-11-25 10:14:49 - [MESSAGE][PASSED] - Variasi data ke : 122

2022-11-25 10:14:49 - [TEST_STEP][PASSED] - req_data = sendRequest(findTestObject("Search_ME", ["MID":MID, "source":source, "ip":ip, "userid":userid, "branch":branch, "tipekons":tipekons, "marital":marital, "penjamin":penjamin, ... ])): Send request successfully

2022-11-25 10:14:50 - [MESSAGE][INFO] - HAR: D:\DMS\Engine Scoring\Reports\20221125_100036\Exclude KKB - DS - Married\Scoring Married - CS New\20221125_100036\requests\main\242.har

2022-11-25 10:14:50 - [MESSAGE][PASSED] - Send request successfully

2022-11-25 10:14:50 - [TEST_STEP][PASSED] - slurper = new groovy.json.JsonSlurper(): null

2022-11-25 10:14:50 - [TEST_STEP][PASSED] - result = slurper.parseText(req_data.getResponseBodyContent()): null

2022-11-25 10:14:50 - [TEST_STEP][PASSED] - reqid_kons = requestid1: null

2022-11-25 10:14:50 - [TEST_STEP][PASSED] - reqid_spouse = requestid2: null

2022-11-25 10:14:50 - [TEST_STEP][PASSED] - println("requestid kons : " + reqid_kons): null

2022-11-25 10:14:50 - [TEST_STEP][PASSED] - response_searchME_kons = reqid_kons: null

2022-11-25 10:14:50 - [TEST_STEP][PASSED] - response_searchME_spouse = reqid_spouse: null

2022-11-25 10:14:50 - [TEST_STEP][PASSED] - println("kons req id is :" + response_searchME_kons): null

2022-11-25 10:14:50 - [TEST_STEP][PASSED] - println("spouse req id is : " + response_searchME_spouse): null

2022-11-25 10:14:50 - [TEST_STEP][PASSED] - verifyResponseStatusCode(req_data, 200): Verify response status code successfully

2022-11-25 10:14:50 - [MESSAGE][PASSED] - Verify response status code successfully

2022-11-25 10:14:50 - [TEST_STEP][PASSED] - response = req_data.getResponseText(): null

2022-11-25 10:14:50 - [TEST_STEP][PASSED] - logInfo($response): {"status":"Done","data":{"requestid1":"255683","requestid2":"255684"}}

2022-11-25 10:14:50 - [MESSAGE][INFO] - {"status":"Done","data":{"requestid1":"255683","requestid2":"255684"}}

2022-11-25 10:14:50 - [TEST_STEP][PASSED] - delay(5): Delayed 5 second(s)

2022-11-25 10:14:55 - [MESSAGE][PASSED] - Delayed 5 second(s)

2022-11-25 10:14:55 - [TEST_STEP][PASSED] - scoring = sendRequest(findTestObject("EngineScore", ["response_searchME_kons":response_searchME_kons, "response_searchME_spouse":response_searchME_spouse])): Send request successfully

2022-11-25 10:14:55 - [MESSAGE][INFO] - HAR: D:\DMS\Engine Scoring\Reports\20221125_100036\Exclude KKB - DS - Married\Scoring Married - CS New\20221125_100036\requests\main\243.har

2022-11-25 10:14:55 - [MESSAGE][PASSED] - Send request successfully

2022-11-25 10:14:55 - [TEST_STEP][PASSED] - verifyResponseStatusCode(scoring, 200): Verify response status code successfully

2022-11-25 10:14:55 - [MESSAGE][PASSED] - Verify response status code successfully

2022-11-25 10:14:55 - [TEST_STEP][PASSED] - response2 = scoring.getResponseText(): null

2022-11-25 10:14:55 - [TEST_STEP][PASSED] - markPassed("result service data ke : " + no): result service data ke : 122

2022-11-25 10:14:55 - [MESSAGE][PASSED] - result service data ke : 122

2022-11-25 10:14:55 - [TEST_STEP][PASSED] - logInfo($response2): {"result_konsumen":"Reject","result_pasangan":"Reject","Final_result":"Reject","errorMessage":"","status":"Done"}

2022-11-25 10:14:55 - [MESSAGE][INFO] - {"result_konsumen":"Reject","result_pasangan":"Reject","Final_result":"Reject","errorMessage":"","status":"Done"}

2022-11-25 10:14:55 - [TEST_STEP][PASSED] - verifyElementPropertyValue(scoring, "Final_result", final_result): Verify element property value successfully

2022-11-25 10:14:55 - [MESSAGE][PASSED] - Verify element property value successfully]]></system-out>
         <system-err><![CDATA[]]></system-err>
      </testcase>
      <testcase name="Test Cases/Engine_Scoring/Engine Scoring" time="7.236" classname="Test Cases/Engine_Scoring/Engine Scoring" status="PASSED">
         <system-out><![CDATA[2022-11-25 10:14:55 - [TEST_CASE][PASSED] - Test Cases/Engine_Scoring/Engine Scoring: Test Cases/Engine_Scoring/Engine Scoring

2022-11-25 10:14:56 - [TEST_STEP][PASSED] - markPassed("Variasi data ke : " + no): Variasi data ke : 123

2022-11-25 10:14:56 - [MESSAGE][PASSED] - Variasi data ke : 123

2022-11-25 10:14:56 - [TEST_STEP][PASSED] - req_data = sendRequest(findTestObject("Search_ME", ["MID":MID, "source":source, "ip":ip, "userid":userid, "branch":branch, "tipekons":tipekons, "marital":marital, "penjamin":penjamin, ... ])): Send request successfully

2022-11-25 10:14:57 - [MESSAGE][INFO] - HAR: D:\DMS\Engine Scoring\Reports\20221125_100036\Exclude KKB - DS - Married\Scoring Married - CS New\20221125_100036\requests\main\244.har

2022-11-25 10:14:57 - [MESSAGE][PASSED] - Send request successfully

2022-11-25 10:14:57 - [TEST_STEP][PASSED] - slurper = new groovy.json.JsonSlurper(): null

2022-11-25 10:14:57 - [TEST_STEP][PASSED] - result = slurper.parseText(req_data.getResponseBodyContent()): null

2022-11-25 10:14:57 - [TEST_STEP][PASSED] - reqid_kons = requestid1: null

2022-11-25 10:14:57 - [TEST_STEP][PASSED] - reqid_spouse = requestid2: null

2022-11-25 10:14:57 - [TEST_STEP][PASSED] - println("requestid kons : " + reqid_kons): null

2022-11-25 10:14:57 - [TEST_STEP][PASSED] - response_searchME_kons = reqid_kons: null

2022-11-25 10:14:57 - [TEST_STEP][PASSED] - response_searchME_spouse = reqid_spouse: null

2022-11-25 10:14:57 - [TEST_STEP][PASSED] - println("kons req id is :" + response_searchME_kons): null

2022-11-25 10:14:57 - [TEST_STEP][PASSED] - println("spouse req id is : " + response_searchME_spouse): null

2022-11-25 10:14:57 - [TEST_STEP][PASSED] - verifyResponseStatusCode(req_data, 200): Verify response status code successfully

2022-11-25 10:14:57 - [MESSAGE][PASSED] - Verify response status code successfully

2022-11-25 10:14:57 - [TEST_STEP][PASSED] - response = req_data.getResponseText(): null

2022-11-25 10:14:57 - [TEST_STEP][PASSED] - logInfo($response): {"status":"Done","data":{"requestid1":"255685","requestid2":"255686"}}

2022-11-25 10:14:57 - [MESSAGE][INFO] - {"status":"Done","data":{"requestid1":"255685","requestid2":"255686"}}

2022-11-25 10:14:57 - [TEST_STEP][PASSED] - delay(5): Delayed 5 second(s)

2022-11-25 10:15:02 - [MESSAGE][PASSED] - Delayed 5 second(s)

2022-11-25 10:15:02 - [TEST_STEP][PASSED] - scoring = sendRequest(findTestObject("EngineScore", ["response_searchME_kons":response_searchME_kons, "response_searchME_spouse":response_searchME_spouse])): Send request successfully

2022-11-25 10:15:02 - [MESSAGE][INFO] - HAR: D:\DMS\Engine Scoring\Reports\20221125_100036\Exclude KKB - DS - Married\Scoring Married - CS New\20221125_100036\requests\main\245.har

2022-11-25 10:15:02 - [MESSAGE][PASSED] - Send request successfully

2022-11-25 10:15:02 - [TEST_STEP][PASSED] - verifyResponseStatusCode(scoring, 200): Verify response status code successfully

2022-11-25 10:15:02 - [MESSAGE][PASSED] - Verify response status code successfully

2022-11-25 10:15:02 - [TEST_STEP][PASSED] - response2 = scoring.getResponseText(): null

2022-11-25 10:15:02 - [TEST_STEP][PASSED] - markPassed("result service data ke : " + no): result service data ke : 123

2022-11-25 10:15:02 - [MESSAGE][PASSED] - result service data ke : 123

2022-11-25 10:15:02 - [TEST_STEP][PASSED] - logInfo($response2): {"result_konsumen":"Reject","result_pasangan":"Reject","Final_result":"Reject","errorMessage":"","status":"Done"}

2022-11-25 10:15:02 - [MESSAGE][INFO] - {"result_konsumen":"Reject","result_pasangan":"Reject","Final_result":"Reject","errorMessage":"","status":"Done"}

2022-11-25 10:15:02 - [TEST_STEP][PASSED] - verifyElementPropertyValue(scoring, "Final_result", final_result): Verify element property value successfully

2022-11-25 10:15:02 - [MESSAGE][PASSED] - Verify element property value successfully]]></system-out>
         <system-err><![CDATA[]]></system-err>
      </testcase>
      <testcase name="Test Cases/Engine_Scoring/Engine Scoring" time="7.157" classname="Test Cases/Engine_Scoring/Engine Scoring" status="PASSED">
         <system-out><![CDATA[2022-11-25 10:15:02 - [TEST_CASE][PASSED] - Test Cases/Engine_Scoring/Engine Scoring: Test Cases/Engine_Scoring/Engine Scoring

2022-11-25 10:15:03 - [TEST_STEP][PASSED] - markPassed("Variasi data ke : " + no): Variasi data ke : 124

2022-11-25 10:15:03 - [MESSAGE][PASSED] - Variasi data ke : 124

2022-11-25 10:15:03 - [TEST_STEP][PASSED] - req_data = sendRequest(findTestObject("Search_ME", ["MID":MID, "source":source, "ip":ip, "userid":userid, "branch":branch, "tipekons":tipekons, "marital":marital, "penjamin":penjamin, ... ])): Send request successfully

2022-11-25 10:15:04 - [MESSAGE][INFO] - HAR: D:\DMS\Engine Scoring\Reports\20221125_100036\Exclude KKB - DS - Married\Scoring Married - CS New\20221125_100036\requests\main\246.har

2022-11-25 10:15:04 - [MESSAGE][PASSED] - Send request successfully

2022-11-25 10:15:04 - [TEST_STEP][PASSED] - slurper = new groovy.json.JsonSlurper(): null

2022-11-25 10:15:04 - [TEST_STEP][PASSED] - result = slurper.parseText(req_data.getResponseBodyContent()): null

2022-11-25 10:15:04 - [TEST_STEP][PASSED] - reqid_kons = requestid1: null

2022-11-25 10:15:04 - [TEST_STEP][PASSED] - reqid_spouse = requestid2: null

2022-11-25 10:15:04 - [TEST_STEP][PASSED] - println("requestid kons : " + reqid_kons): null

2022-11-25 10:15:04 - [TEST_STEP][PASSED] - response_searchME_kons = reqid_kons: null

2022-11-25 10:15:04 - [TEST_STEP][PASSED] - response_searchME_spouse = reqid_spouse: null

2022-11-25 10:15:04 - [TEST_STEP][PASSED] - println("kons req id is :" + response_searchME_kons): null

2022-11-25 10:15:04 - [TEST_STEP][PASSED] - println("spouse req id is : " + response_searchME_spouse): null

2022-11-25 10:15:04 - [TEST_STEP][PASSED] - verifyResponseStatusCode(req_data, 200): Verify response status code successfully

2022-11-25 10:15:04 - [MESSAGE][PASSED] - Verify response status code successfully

2022-11-25 10:15:04 - [TEST_STEP][PASSED] - response = req_data.getResponseText(): null

2022-11-25 10:15:04 - [TEST_STEP][PASSED] - logInfo($response): {"status":"Done","data":{"requestid1":"255687","requestid2":"255688"}}

2022-11-25 10:15:04 - [MESSAGE][INFO] - {"status":"Done","data":{"requestid1":"255687","requestid2":"255688"}}

2022-11-25 10:15:04 - [TEST_STEP][PASSED] - delay(5): Delayed 5 second(s)

2022-11-25 10:15:09 - [MESSAGE][PASSED] - Delayed 5 second(s)

2022-11-25 10:15:09 - [TEST_STEP][PASSED] - scoring = sendRequest(findTestObject("EngineScore", ["response_searchME_kons":response_searchME_kons, "response_searchME_spouse":response_searchME_spouse])): Send request successfully

2022-11-25 10:15:09 - [MESSAGE][INFO] - HAR: D:\DMS\Engine Scoring\Reports\20221125_100036\Exclude KKB - DS - Married\Scoring Married - CS New\20221125_100036\requests\main\247.har

2022-11-25 10:15:09 - [MESSAGE][PASSED] - Send request successfully

2022-11-25 10:15:09 - [TEST_STEP][PASSED] - verifyResponseStatusCode(scoring, 200): Verify response status code successfully

2022-11-25 10:15:09 - [MESSAGE][PASSED] - Verify response status code successfully

2022-11-25 10:15:09 - [TEST_STEP][PASSED] - response2 = scoring.getResponseText(): null

2022-11-25 10:15:09 - [TEST_STEP][PASSED] - markPassed("result service data ke : " + no): result service data ke : 124

2022-11-25 10:15:09 - [MESSAGE][PASSED] - result service data ke : 124

2022-11-25 10:15:09 - [TEST_STEP][PASSED] - logInfo($response2): {"result_konsumen":"Reject","result_pasangan":"Reject","Final_result":"Reject","errorMessage":"","status":"Done"}

2022-11-25 10:15:09 - [MESSAGE][INFO] - {"result_konsumen":"Reject","result_pasangan":"Reject","Final_result":"Reject","errorMessage":"","status":"Done"}

2022-11-25 10:15:09 - [TEST_STEP][PASSED] - verifyElementPropertyValue(scoring, "Final_result", final_result): Verify element property value successfully

2022-11-25 10:15:09 - [MESSAGE][PASSED] - Verify element property value successfully]]></system-out>
         <system-err><![CDATA[]]></system-err>
      </testcase>
      <testcase name="Test Cases/Engine_Scoring/Engine Scoring" time="7.27" classname="Test Cases/Engine_Scoring/Engine Scoring" status="PASSED">
         <system-out><![CDATA[2022-11-25 10:15:10 - [TEST_CASE][PASSED] - Test Cases/Engine_Scoring/Engine Scoring: Test Cases/Engine_Scoring/Engine Scoring

2022-11-25 10:15:10 - [TEST_STEP][PASSED] - markPassed("Variasi data ke : " + no): Variasi data ke : 125

2022-11-25 10:15:10 - [MESSAGE][PASSED] - Variasi data ke : 125

2022-11-25 10:15:10 - [TEST_STEP][PASSED] - req_data = sendRequest(findTestObject("Search_ME", ["MID":MID, "source":source, "ip":ip, "userid":userid, "branch":branch, "tipekons":tipekons, "marital":marital, "penjamin":penjamin, ... ])): Send request successfully

2022-11-25 10:15:12 - [MESSAGE][INFO] - HAR: D:\DMS\Engine Scoring\Reports\20221125_100036\Exclude KKB - DS - Married\Scoring Married - CS New\20221125_100036\requests\main\248.har

2022-11-25 10:15:12 - [MESSAGE][PASSED] - Send request successfully

2022-11-25 10:15:12 - [TEST_STEP][PASSED] - slurper = new groovy.json.JsonSlurper(): null

2022-11-25 10:15:12 - [TEST_STEP][PASSED] - result = slurper.parseText(req_data.getResponseBodyContent()): null

2022-11-25 10:15:12 - [TEST_STEP][PASSED] - reqid_kons = requestid1: null

2022-11-25 10:15:12 - [TEST_STEP][PASSED] - reqid_spouse = requestid2: null

2022-11-25 10:15:12 - [TEST_STEP][PASSED] - println("requestid kons : " + reqid_kons): null

2022-11-25 10:15:12 - [TEST_STEP][PASSED] - response_searchME_kons = reqid_kons: null

2022-11-25 10:15:12 - [TEST_STEP][PASSED] - response_searchME_spouse = reqid_spouse: null

2022-11-25 10:15:12 - [TEST_STEP][PASSED] - println("kons req id is :" + response_searchME_kons): null

2022-11-25 10:15:12 - [TEST_STEP][PASSED] - println("spouse req id is : " + response_searchME_spouse): null

2022-11-25 10:15:12 - [TEST_STEP][PASSED] - verifyResponseStatusCode(req_data, 200): Verify response status code successfully

2022-11-25 10:15:12 - [MESSAGE][PASSED] - Verify response status code successfully

2022-11-25 10:15:12 - [TEST_STEP][PASSED] - response = req_data.getResponseText(): null

2022-11-25 10:15:12 - [TEST_STEP][PASSED] - logInfo($response): {"status":"Done","data":{"requestid1":"255689","requestid2":"255690"}}

2022-11-25 10:15:12 - [MESSAGE][INFO] - {"status":"Done","data":{"requestid1":"255689","requestid2":"255690"}}

2022-11-25 10:15:12 - [TEST_STEP][PASSED] - delay(5): Delayed 5 second(s)

2022-11-25 10:15:17 - [MESSAGE][PASSED] - Delayed 5 second(s)

2022-11-25 10:15:17 - [TEST_STEP][PASSED] - scoring = sendRequest(findTestObject("EngineScore", ["response_searchME_kons":response_searchME_kons, "response_searchME_spouse":response_searchME_spouse])): Send request successfully

2022-11-25 10:15:17 - [MESSAGE][INFO] - HAR: D:\DMS\Engine Scoring\Reports\20221125_100036\Exclude KKB - DS - Married\Scoring Married - CS New\20221125_100036\requests\main\249.har

2022-11-25 10:15:17 - [MESSAGE][PASSED] - Send request successfully

2022-11-25 10:15:17 - [TEST_STEP][PASSED] - verifyResponseStatusCode(scoring, 200): Verify response status code successfully

2022-11-25 10:15:17 - [MESSAGE][PASSED] - Verify response status code successfully

2022-11-25 10:15:17 - [TEST_STEP][PASSED] - response2 = scoring.getResponseText(): null

2022-11-25 10:15:17 - [TEST_STEP][PASSED] - markPassed("result service data ke : " + no): result service data ke : 125

2022-11-25 10:15:17 - [MESSAGE][PASSED] - result service data ke : 125

2022-11-25 10:15:17 - [TEST_STEP][PASSED] - logInfo($response2): {"result_konsumen":"Reject","result_pasangan":"Reguler","Final_result":"Reject","errorMessage":"","status":"Done"}

2022-11-25 10:15:17 - [MESSAGE][INFO] - {"result_konsumen":"Reject","result_pasangan":"Reguler","Final_result":"Reject","errorMessage":"","status":"Done"}

2022-11-25 10:15:17 - [TEST_STEP][PASSED] - verifyElementPropertyValue(scoring, "Final_result", final_result): Verify element property value successfully

2022-11-25 10:15:17 - [MESSAGE][PASSED] - Verify element property value successfully]]></system-out>
         <system-err><![CDATA[]]></system-err>
      </testcase>
      <testcase name="Test Cases/Engine_Scoring/Engine Scoring" time="7.112" classname="Test Cases/Engine_Scoring/Engine Scoring" status="PASSED">
         <system-out><![CDATA[2022-11-25 10:15:17 - [TEST_CASE][PASSED] - Test Cases/Engine_Scoring/Engine Scoring: Test Cases/Engine_Scoring/Engine Scoring

2022-11-25 10:15:18 - [TEST_STEP][PASSED] - markPassed("Variasi data ke : " + no): Variasi data ke : 126

2022-11-25 10:15:18 - [MESSAGE][PASSED] - Variasi data ke : 126

2022-11-25 10:15:18 - [TEST_STEP][PASSED] - req_data = sendRequest(findTestObject("Search_ME", ["MID":MID, "source":source, "ip":ip, "userid":userid, "branch":branch, "tipekons":tipekons, "marital":marital, "penjamin":penjamin, ... ])): Send request successfully

2022-11-25 10:15:19 - [MESSAGE][INFO] - HAR: D:\DMS\Engine Scoring\Reports\20221125_100036\Exclude KKB - DS - Married\Scoring Married - CS New\20221125_100036\requests\main\250.har

2022-11-25 10:15:19 - [MESSAGE][PASSED] - Send request successfully

2022-11-25 10:15:19 - [TEST_STEP][PASSED] - slurper = new groovy.json.JsonSlurper(): null

2022-11-25 10:15:19 - [TEST_STEP][PASSED] - result = slurper.parseText(req_data.getResponseBodyContent()): null

2022-11-25 10:15:19 - [TEST_STEP][PASSED] - reqid_kons = requestid1: null

2022-11-25 10:15:19 - [TEST_STEP][PASSED] - reqid_spouse = requestid2: null

2022-11-25 10:15:19 - [TEST_STEP][PASSED] - println("requestid kons : " + reqid_kons): null

2022-11-25 10:15:19 - [TEST_STEP][PASSED] - response_searchME_kons = reqid_kons: null

2022-11-25 10:15:19 - [TEST_STEP][PASSED] - response_searchME_spouse = reqid_spouse: null

2022-11-25 10:15:19 - [TEST_STEP][PASSED] - println("kons req id is :" + response_searchME_kons): null

2022-11-25 10:15:19 - [TEST_STEP][PASSED] - println("spouse req id is : " + response_searchME_spouse): null

2022-11-25 10:15:19 - [TEST_STEP][PASSED] - verifyResponseStatusCode(req_data, 200): Verify response status code successfully

2022-11-25 10:15:19 - [MESSAGE][PASSED] - Verify response status code successfully

2022-11-25 10:15:19 - [TEST_STEP][PASSED] - response = req_data.getResponseText(): null

2022-11-25 10:15:19 - [TEST_STEP][PASSED] - logInfo($response): {"status":"Done","data":{"requestid1":"255691","requestid2":"255692"}}

2022-11-25 10:15:19 - [MESSAGE][INFO] - {"status":"Done","data":{"requestid1":"255691","requestid2":"255692"}}

2022-11-25 10:15:19 - [TEST_STEP][PASSED] - delay(5): Delayed 5 second(s)

2022-11-25 10:15:24 - [MESSAGE][PASSED] - Delayed 5 second(s)

2022-11-25 10:15:24 - [TEST_STEP][PASSED] - scoring = sendRequest(findTestObject("EngineScore", ["response_searchME_kons":response_searchME_kons, "response_searchME_spouse":response_searchME_spouse])): Send request successfully

2022-11-25 10:15:24 - [MESSAGE][INFO] - HAR: D:\DMS\Engine Scoring\Reports\20221125_100036\Exclude KKB - DS - Married\Scoring Married - CS New\20221125_100036\requests\main\251.har

2022-11-25 10:15:24 - [MESSAGE][PASSED] - Send request successfully

2022-11-25 10:15:24 - [TEST_STEP][PASSED] - verifyResponseStatusCode(scoring, 200): Verify response status code successfully

2022-11-25 10:15:24 - [MESSAGE][PASSED] - Verify response status code successfully

2022-11-25 10:15:24 - [TEST_STEP][PASSED] - response2 = scoring.getResponseText(): null

2022-11-25 10:15:24 - [TEST_STEP][PASSED] - markPassed("result service data ke : " + no): result service data ke : 126

2022-11-25 10:15:24 - [MESSAGE][PASSED] - result service data ke : 126

2022-11-25 10:15:24 - [TEST_STEP][PASSED] - logInfo($response2): {"result_konsumen":"Reject","result_pasangan":"Approve","Final_result":"Reject","errorMessage":"","status":"Done"}

2022-11-25 10:15:24 - [MESSAGE][INFO] - {"result_konsumen":"Reject","result_pasangan":"Approve","Final_result":"Reject","errorMessage":"","status":"Done"}

2022-11-25 10:15:24 - [TEST_STEP][PASSED] - verifyElementPropertyValue(scoring, "Final_result", final_result): Verify element property value successfully

2022-11-25 10:15:24 - [MESSAGE][PASSED] - Verify element property value successfully]]></system-out>
         <system-err><![CDATA[]]></system-err>
      </testcase>
      <system-out><![CDATA[2022-11-25 10:00:45 - [TEST_SUITE][FAILED] - Scoring Married - CS New: Test Cases/Engine_Scoring/Engine Scoring FAILED.
Reason:
com.kms.katalon.core.exception.StepFailedException: Expected element property value 'Approve' is not equal with actual property value 'Reject'
	at com.kms.katalon.core.keyword.internal.KeywordMain.stepFailed(KeywordMain.groovy:50)
	at com.kms.katalon.core.webservice.keyword.builtin.VerifyElementPropertyValueKeyword$_verifyElementPropertyValue_closure1.doCall(VerifyElementPropertyValueKeyword.groovy:56)
	at com.kms.katalon.core.webservice.keyword.builtin.VerifyElementPropertyValueKeyword$_verifyElementPropertyValue_closure1.call(VerifyElementPropertyValueKeyword.groovy)
	at com.kms.katalon.core.keyword.internal.KeywordMain.runKeyword(KeywordMain.groovy:74)
	at com.kms.katalon.core.webservice.keyword.builtin.VerifyElementPropertyValueKeyword.verifyElementPropertyValue(VerifyElementPropertyValueKeyword.groovy:48)
	at com.kms.katalon.core.webservice.keyword.builtin.VerifyElementPropertyValueKeyword.execute(VerifyElementPropertyValueKeyword.groovy:43)
	at com.kms.katalon.core.keyword.internal.KeywordExecutor.executeKeywordForPlatform(KeywordExecutor.groovy:74)
	at com.kms.katalon.core.webservice.keyword.WSBuiltInKeywords.verifyElementPropertyValue(WSBuiltInKeywords.groovy:189)
	at com.kms.katalon.core.webservice.keyword.WSBuiltInKeywords$verifyElementPropertyValue$1.call(Unknown Source)
	at Engine Scoring.run(Engine Scoring:107)
	at com.kms.katalon.core.main.ScriptEngine.run(ScriptEngine.java:194)
	at com.kms.katalon.core.main.ScriptEngine.runScriptAsRawText(ScriptEngine.java:119)
	at com.kms.katalon.core.main.TestCaseExecutor.runScript(TestCaseExecutor.java:442)
	at com.kms.katalon.core.main.TestCaseExecutor.doExecute(TestCaseExecutor.java:433)
	at com.kms.katalon.core.main.TestCaseExecutor.processExecutionPhase(TestCaseExecutor.java:412)
	at com.kms.katalon.core.main.TestCaseExecutor.accessMainPhase(TestCaseExecutor.java:404)
	at com.kms.katalon.core.main.TestCaseExecutor.execute(TestCaseExecutor.java:281)
	at com.kms.katalon.core.main.TestSuiteExecutor.accessTestCaseMainPhase(TestSuiteExecutor.java:202)
	at com.kms.katalon.core.main.TestSuiteExecutor.accessTestSuiteMainPhase(TestSuiteExecutor.java:164)
	at com.kms.katalon.core.main.TestSuiteExecutor.execute(TestSuiteExecutor.java:105)
	at com.kms.katalon.core.main.TestCaseMain.startTestSuite(TestCaseMain.java:185)
	at com.kms.katalon.core.main.TestCaseMain$startTestSuite$0.call(Unknown Source)
	at TempTestSuite1669345236102.run(TempTestSuite1669345236102.groovy:36)]]></system-out>
      <system-err><![CDATA[2022-11-25 10:00:45 - [TEST_SUITE][FAILED] - Scoring Married - CS New: Test Cases/Engine_Scoring/Engine Scoring FAILED.
Reason:
com.kms.katalon.core.exception.StepFailedException: Expected element property value 'Approve' is not equal with actual property value 'Reject'
	at com.kms.katalon.core.keyword.internal.KeywordMain.stepFailed(KeywordMain.groovy:50)
	at com.kms.katalon.core.webservice.keyword.builtin.VerifyElementPropertyValueKeyword$_verifyElementPropertyValue_closure1.doCall(VerifyElementPropertyValueKeyword.groovy:56)
	at com.kms.katalon.core.webservice.keyword.builtin.VerifyElementPropertyValueKeyword$_verifyElementPropertyValue_closure1.call(VerifyElementPropertyValueKeyword.groovy)
	at com.kms.katalon.core.keyword.internal.KeywordMain.runKeyword(KeywordMain.groovy:74)
	at com.kms.katalon.core.webservice.keyword.builtin.VerifyElementPropertyValueKeyword.verifyElementPropertyValue(VerifyElementPropertyValueKeyword.groovy:48)
	at com.kms.katalon.core.webservice.keyword.builtin.VerifyElementPropertyValueKeyword.execute(VerifyElementPropertyValueKeyword.groovy:43)
	at com.kms.katalon.core.keyword.internal.KeywordExecutor.executeKeywordForPlatform(KeywordExecutor.groovy:74)
	at com.kms.katalon.core.webservice.keyword.WSBuiltInKeywords.verifyElementPropertyValue(WSBuiltInKeywords.groovy:189)
	at com.kms.katalon.core.webservice.keyword.WSBuiltInKeywords$verifyElementPropertyValue$1.call(Unknown Source)
	at Engine Scoring.run(Engine Scoring:107)
	at com.kms.katalon.core.main.ScriptEngine.run(ScriptEngine.java:194)
	at com.kms.katalon.core.main.ScriptEngine.runScriptAsRawText(ScriptEngine.java:119)
	at com.kms.katalon.core.main.TestCaseExecutor.runScript(TestCaseExecutor.java:442)
	at com.kms.katalon.core.main.TestCaseExecutor.doExecute(TestCaseExecutor.java:433)
	at com.kms.katalon.core.main.TestCaseExecutor.processExecutionPhase(TestCaseExecutor.java:412)
	at com.kms.katalon.core.main.TestCaseExecutor.accessMainPhase(TestCaseExecutor.java:404)
	at com.kms.katalon.core.main.TestCaseExecutor.execute(TestCaseExecutor.java:281)
	at com.kms.katalon.core.main.TestSuiteExecutor.accessTestCaseMainPhase(TestSuiteExecutor.java:202)
	at com.kms.katalon.core.main.TestSuiteExecutor.accessTestSuiteMainPhase(TestSuiteExecutor.java:164)
	at com.kms.katalon.core.main.TestSuiteExecutor.execute(TestSuiteExecutor.java:105)
	at com.kms.katalon.core.main.TestCaseMain.startTestSuite(TestCaseMain.java:185)
	at com.kms.katalon.core.main.TestCaseMain$startTestSuite$0.call(Unknown Source)
	at TempTestSuite1669345236102.run(TempTestSuite1669345236102.groovy:36)]]></system-err>
   </testsuite>
</testsuites>
