<?xml version="1.0" encoding="UTF-8"?>
<testsuites name="Scoring Married - KKB" time="733.898" tests="99" failures="0" errors="0">
   <testsuite name="Scoring Married - KKB" tests="99" failures="0" errors="0" time="733.898" skipped="0" timestamp="2022-11-25 09:01:58" hostname="bcafmaster - WPI20220318001.bcaf.co.id" id="Test Suites/Exclude KKB - DS - Married/Scoring Married - KKB">
      <properties>
         <property name="deviceName" value=""/>
         <property name="devicePlatform" value=""/>
         <property name="logFolder" value="D:\\DMS\\Engine Scoring\\Reports\\20221125_090152\\Exclude KKB - DS - Married\\Scoring Married - KKB\\20221125_090152"/>
         <property name="logFiles" value="D:\\DMS\\Engine Scoring\\Reports\\20221125_090152\\Exclude KKB - DS - Married\\Scoring Married - KKB\\20221125_090152\\execution0.log, D:\\DMS\\Engine Scoring\\Reports\\20221125_090152\\Exclude KKB - DS - Married\\Scoring Married - KKB\\20221125_090152\\execution1.log"/>
         <property name="attachments" value=""/>
         <property name="hostName" value="bcafmaster - WPI20220318001.bcaf.co.id"/>
         <property name="hostAddress" value="10.10.8.57"/>
         <property name="os" value="Windows 10 64bit"/>
         <property name="katalonVersion" value="8.2.5.208"/>
      </properties>
      <testcase name="Test Cases/Engine_Scoring/Engine Scoring" time="8.669" classname="Test Cases/Engine_Scoring/Engine Scoring" status="PASSED">
         <system-out><![CDATA[2022-11-25 09:01:59 - [TEST_CASE][PASSED] - Test Cases/Engine_Scoring/Engine Scoring: Test Cases/Engine_Scoring/Engine Scoring

2022-11-25 09:02:00 - [TEST_STEP][PASSED] - markPassed("Variasi data ke : " + no): Variasi data ke : 1

2022-11-25 09:02:00 - [MESSAGE][PASSED] - Variasi data ke : 1

2022-11-25 09:02:00 - [TEST_STEP][PASSED] - req_data = sendRequest(findTestObject("Search_ME", ["MID":MID, "source":source, "ip":ip, "userid":userid, "branch":branch, "tipekons":tipekons, "marital":marital, "penjamin":penjamin, ... ])): Send request successfully

2022-11-25 09:02:02 - [MESSAGE][INFO] - HAR: D:\DMS\Engine Scoring\Reports\20221125_090152\Exclude KKB - DS - Married\Scoring Married - KKB\20221125_090152\requests\main\0.har

2022-11-25 09:02:02 - [MESSAGE][PASSED] - Send request successfully

2022-11-25 09:02:02 - [TEST_STEP][PASSED] - slurper = new groovy.json.JsonSlurper(): null

2022-11-25 09:02:02 - [TEST_STEP][PASSED] - result = slurper.parseText(req_data.getResponseBodyContent()): null

2022-11-25 09:02:02 - [TEST_STEP][PASSED] - reqid_kons = requestid1: null

2022-11-25 09:02:02 - [TEST_STEP][PASSED] - reqid_spouse = requestid2: null

2022-11-25 09:02:02 - [TEST_STEP][PASSED] - println("requestid kons : " + reqid_kons): null

2022-11-25 09:02:02 - [TEST_STEP][PASSED] - response_searchME_kons = reqid_kons: null

2022-11-25 09:02:02 - [TEST_STEP][PASSED] - response_searchME_spouse = reqid_spouse: null

2022-11-25 09:02:02 - [TEST_STEP][PASSED] - println("kons req id is :" + response_searchME_kons): null

2022-11-25 09:02:02 - [TEST_STEP][PASSED] - println("spouse req id is : " + response_searchME_spouse): null

2022-11-25 09:02:02 - [TEST_STEP][PASSED] - verifyResponseStatusCode(req_data, 200): Verify response status code successfully

2022-11-25 09:02:02 - [MESSAGE][PASSED] - Verify response status code successfully

2022-11-25 09:02:02 - [TEST_STEP][PASSED] - response = req_data.getResponseText(): null

2022-11-25 09:02:02 - [TEST_STEP][PASSED] - logInfo($response): {"status":"Done","data":{"requestid1":"254600","requestid2":"254601"}}

2022-11-25 09:02:02 - [MESSAGE][INFO] - {"status":"Done","data":{"requestid1":"254600","requestid2":"254601"}}

2022-11-25 09:02:02 - [TEST_STEP][PASSED] - delay(5): Delayed 5 second(s)

2022-11-25 09:02:07 - [MESSAGE][PASSED] - Delayed 5 second(s)

2022-11-25 09:02:07 - [TEST_STEP][PASSED] - scoring = sendRequest(findTestObject("EngineScore", ["response_searchME_kons":response_searchME_kons, "response_searchME_spouse":response_searchME_spouse])): Send request successfully

2022-11-25 09:02:07 - [MESSAGE][INFO] - HAR: D:\DMS\Engine Scoring\Reports\20221125_090152\Exclude KKB - DS - Married\Scoring Married - KKB\20221125_090152\requests\main\1.har

2022-11-25 09:02:07 - [MESSAGE][PASSED] - Send request successfully

2022-11-25 09:02:07 - [TEST_STEP][PASSED] - verifyResponseStatusCode(scoring, 200): Verify response status code successfully

2022-11-25 09:02:07 - [MESSAGE][PASSED] - Verify response status code successfully

2022-11-25 09:02:07 - [TEST_STEP][PASSED] - response2 = scoring.getResponseText(): null

2022-11-25 09:02:07 - [TEST_STEP][PASSED] - markPassed("result service data ke : " + no): result service data ke : 1

2022-11-25 09:02:07 - [MESSAGE][PASSED] - result service data ke : 1

2022-11-25 09:02:07 - [TEST_STEP][PASSED] - logInfo($response2): {"result_konsumen":"Reguler","result_pasangan":"Reguler","Final_result":"Reguler","errorMessage":"","status":"Done"}

2022-11-25 09:02:07 - [MESSAGE][INFO] - {"result_konsumen":"Reguler","result_pasangan":"Reguler","Final_result":"Reguler","errorMessage":"","status":"Done"}

2022-11-25 09:02:07 - [TEST_STEP][PASSED] - verifyElementPropertyValue(scoring, "Final_result", final_result): Verify element property value successfully

2022-11-25 09:02:07 - [MESSAGE][PASSED] - Verify element property value successfully]]></system-out>
         <system-err><![CDATA[]]></system-err>
      </testcase>
      <testcase name="Test Cases/Engine_Scoring/Engine Scoring" time="7.083" classname="Test Cases/Engine_Scoring/Engine Scoring" status="PASSED">
         <system-out><![CDATA[2022-11-25 09:02:07 - [TEST_CASE][PASSED] - Test Cases/Engine_Scoring/Engine Scoring: Test Cases/Engine_Scoring/Engine Scoring

2022-11-25 09:02:09 - [TEST_STEP][PASSED] - markPassed("Variasi data ke : " + no): Variasi data ke : 2

2022-11-25 09:02:09 - [MESSAGE][PASSED] - Variasi data ke : 2

2022-11-25 09:02:09 - [TEST_STEP][PASSED] - req_data = sendRequest(findTestObject("Search_ME", ["MID":MID, "source":source, "ip":ip, "userid":userid, "branch":branch, "tipekons":tipekons, "marital":marital, "penjamin":penjamin, ... ])): Send request successfully

2022-11-25 09:02:09 - [MESSAGE][INFO] - HAR: D:\DMS\Engine Scoring\Reports\20221125_090152\Exclude KKB - DS - Married\Scoring Married - KKB\20221125_090152\requests\main\2.har

2022-11-25 09:02:09 - [MESSAGE][PASSED] - Send request successfully

2022-11-25 09:02:09 - [TEST_STEP][PASSED] - slurper = new groovy.json.JsonSlurper(): null

2022-11-25 09:02:09 - [TEST_STEP][PASSED] - result = slurper.parseText(req_data.getResponseBodyContent()): null

2022-11-25 09:02:09 - [TEST_STEP][PASSED] - reqid_kons = requestid1: null

2022-11-25 09:02:09 - [TEST_STEP][PASSED] - reqid_spouse = requestid2: null

2022-11-25 09:02:09 - [TEST_STEP][PASSED] - println("requestid kons : " + reqid_kons): null

2022-11-25 09:02:09 - [TEST_STEP][PASSED] - response_searchME_kons = reqid_kons: null

2022-11-25 09:02:09 - [TEST_STEP][PASSED] - response_searchME_spouse = reqid_spouse: null

2022-11-25 09:02:09 - [TEST_STEP][PASSED] - println("kons req id is :" + response_searchME_kons): null

2022-11-25 09:02:09 - [TEST_STEP][PASSED] - println("spouse req id is : " + response_searchME_spouse): null

2022-11-25 09:02:09 - [TEST_STEP][PASSED] - verifyResponseStatusCode(req_data, 200): Verify response status code successfully

2022-11-25 09:02:09 - [MESSAGE][PASSED] - Verify response status code successfully

2022-11-25 09:02:09 - [TEST_STEP][PASSED] - response = req_data.getResponseText(): null

2022-11-25 09:02:09 - [TEST_STEP][PASSED] - logInfo($response): {"status":"Done","data":{"requestid1":"254602","requestid2":"254603"}}

2022-11-25 09:02:09 - [MESSAGE][INFO] - {"status":"Done","data":{"requestid1":"254602","requestid2":"254603"}}

2022-11-25 09:02:09 - [TEST_STEP][PASSED] - delay(5): Delayed 5 second(s)

2022-11-25 09:02:14 - [MESSAGE][PASSED] - Delayed 5 second(s)

2022-11-25 09:02:14 - [TEST_STEP][PASSED] - scoring = sendRequest(findTestObject("EngineScore", ["response_searchME_kons":response_searchME_kons, "response_searchME_spouse":response_searchME_spouse])): Send request successfully

2022-11-25 09:02:15 - [MESSAGE][INFO] - HAR: D:\DMS\Engine Scoring\Reports\20221125_090152\Exclude KKB - DS - Married\Scoring Married - KKB\20221125_090152\requests\main\3.har

2022-11-25 09:02:15 - [MESSAGE][PASSED] - Send request successfully

2022-11-25 09:02:15 - [TEST_STEP][PASSED] - verifyResponseStatusCode(scoring, 200): Verify response status code successfully

2022-11-25 09:02:15 - [MESSAGE][PASSED] - Verify response status code successfully

2022-11-25 09:02:15 - [TEST_STEP][PASSED] - response2 = scoring.getResponseText(): null

2022-11-25 09:02:15 - [TEST_STEP][PASSED] - markPassed("result service data ke : " + no): result service data ke : 2

2022-11-25 09:02:15 - [MESSAGE][PASSED] - result service data ke : 2

2022-11-25 09:02:15 - [TEST_STEP][PASSED] - logInfo($response2): {"result_konsumen":"Reguler","result_pasangan":"Reguler","Final_result":"Reguler","errorMessage":"","status":"Done"}

2022-11-25 09:02:15 - [MESSAGE][INFO] - {"result_konsumen":"Reguler","result_pasangan":"Reguler","Final_result":"Reguler","errorMessage":"","status":"Done"}

2022-11-25 09:02:15 - [TEST_STEP][PASSED] - verifyElementPropertyValue(scoring, "Final_result", final_result): Verify element property value successfully

2022-11-25 09:02:15 - [MESSAGE][PASSED] - Verify element property value successfully]]></system-out>
         <system-err><![CDATA[]]></system-err>
      </testcase>
      <testcase name="Test Cases/Engine_Scoring/Engine Scoring" time="6.728" classname="Test Cases/Engine_Scoring/Engine Scoring" status="PASSED">
         <system-out><![CDATA[2022-11-25 09:02:15 - [TEST_CASE][PASSED] - Test Cases/Engine_Scoring/Engine Scoring: Test Cases/Engine_Scoring/Engine Scoring

2022-11-25 09:02:15 - [TEST_STEP][PASSED] - markPassed("Variasi data ke : " + no): Variasi data ke : 3

2022-11-25 09:02:15 - [MESSAGE][PASSED] - Variasi data ke : 3

2022-11-25 09:02:15 - [TEST_STEP][PASSED] - req_data = sendRequest(findTestObject("Search_ME", ["MID":MID, "source":source, "ip":ip, "userid":userid, "branch":branch, "tipekons":tipekons, "marital":marital, "penjamin":penjamin, ... ])): Send request successfully

2022-11-25 09:02:16 - [MESSAGE][INFO] - HAR: D:\DMS\Engine Scoring\Reports\20221125_090152\Exclude KKB - DS - Married\Scoring Married - KKB\20221125_090152\requests\main\4.har

2022-11-25 09:02:16 - [MESSAGE][PASSED] - Send request successfully

2022-11-25 09:02:16 - [TEST_STEP][PASSED] - slurper = new groovy.json.JsonSlurper(): null

2022-11-25 09:02:16 - [TEST_STEP][PASSED] - result = slurper.parseText(req_data.getResponseBodyContent()): null

2022-11-25 09:02:16 - [TEST_STEP][PASSED] - reqid_kons = requestid1: null

2022-11-25 09:02:16 - [TEST_STEP][PASSED] - reqid_spouse = requestid2: null

2022-11-25 09:02:16 - [TEST_STEP][PASSED] - println("requestid kons : " + reqid_kons): null

2022-11-25 09:02:16 - [TEST_STEP][PASSED] - response_searchME_kons = reqid_kons: null

2022-11-25 09:02:16 - [TEST_STEP][PASSED] - response_searchME_spouse = reqid_spouse: null

2022-11-25 09:02:16 - [TEST_STEP][PASSED] - println("kons req id is :" + response_searchME_kons): null

2022-11-25 09:02:16 - [TEST_STEP][PASSED] - println("spouse req id is : " + response_searchME_spouse): null

2022-11-25 09:02:16 - [TEST_STEP][PASSED] - verifyResponseStatusCode(req_data, 200): Verify response status code successfully

2022-11-25 09:02:16 - [MESSAGE][PASSED] - Verify response status code successfully

2022-11-25 09:02:16 - [TEST_STEP][PASSED] - response = req_data.getResponseText(): null

2022-11-25 09:02:16 - [TEST_STEP][PASSED] - logInfo($response): {"status":"Done","data":{"requestid1":"254604","requestid2":"254605"}}

2022-11-25 09:02:16 - [MESSAGE][INFO] - {"status":"Done","data":{"requestid1":"254604","requestid2":"254605"}}

2022-11-25 09:02:16 - [TEST_STEP][PASSED] - delay(5): Delayed 5 second(s)

2022-11-25 09:02:21 - [MESSAGE][PASSED] - Delayed 5 second(s)

2022-11-25 09:02:21 - [TEST_STEP][PASSED] - scoring = sendRequest(findTestObject("EngineScore", ["response_searchME_kons":response_searchME_kons, "response_searchME_spouse":response_searchME_spouse])): Send request successfully

2022-11-25 09:02:21 - [MESSAGE][INFO] - HAR: D:\DMS\Engine Scoring\Reports\20221125_090152\Exclude KKB - DS - Married\Scoring Married - KKB\20221125_090152\requests\main\5.har

2022-11-25 09:02:21 - [MESSAGE][PASSED] - Send request successfully

2022-11-25 09:02:21 - [TEST_STEP][PASSED] - verifyResponseStatusCode(scoring, 200): Verify response status code successfully

2022-11-25 09:02:21 - [MESSAGE][PASSED] - Verify response status code successfully

2022-11-25 09:02:21 - [TEST_STEP][PASSED] - response2 = scoring.getResponseText(): null

2022-11-25 09:02:21 - [TEST_STEP][PASSED] - markPassed("result service data ke : " + no): result service data ke : 3

2022-11-25 09:02:21 - [MESSAGE][PASSED] - result service data ke : 3

2022-11-25 09:02:21 - [TEST_STEP][PASSED] - logInfo($response2): {"result_konsumen":"Reguler","result_pasangan":"Reguler","Final_result":"Reguler","errorMessage":"","status":"Done"}

2022-11-25 09:02:21 - [MESSAGE][INFO] - {"result_konsumen":"Reguler","result_pasangan":"Reguler","Final_result":"Reguler","errorMessage":"","status":"Done"}

2022-11-25 09:02:21 - [TEST_STEP][PASSED] - verifyElementPropertyValue(scoring, "Final_result", final_result): Verify element property value successfully

2022-11-25 09:02:21 - [MESSAGE][PASSED] - Verify element property value successfully]]></system-out>
         <system-err><![CDATA[]]></system-err>
      </testcase>
      <testcase name="Test Cases/Engine_Scoring/Engine Scoring" time="6.606" classname="Test Cases/Engine_Scoring/Engine Scoring" status="PASSED">
         <system-out><![CDATA[2022-11-25 09:02:21 - [TEST_CASE][PASSED] - Test Cases/Engine_Scoring/Engine Scoring: Test Cases/Engine_Scoring/Engine Scoring

2022-11-25 09:02:22 - [TEST_STEP][PASSED] - markPassed("Variasi data ke : " + no): Variasi data ke : 4

2022-11-25 09:02:22 - [MESSAGE][PASSED] - Variasi data ke : 4

2022-11-25 09:02:22 - [TEST_STEP][PASSED] - req_data = sendRequest(findTestObject("Search_ME", ["MID":MID, "source":source, "ip":ip, "userid":userid, "branch":branch, "tipekons":tipekons, "marital":marital, "penjamin":penjamin, ... ])): Send request successfully

2022-11-25 09:02:23 - [MESSAGE][INFO] - HAR: D:\DMS\Engine Scoring\Reports\20221125_090152\Exclude KKB - DS - Married\Scoring Married - KKB\20221125_090152\requests\main\6.har

2022-11-25 09:02:23 - [MESSAGE][PASSED] - Send request successfully

2022-11-25 09:02:23 - [TEST_STEP][PASSED] - slurper = new groovy.json.JsonSlurper(): null

2022-11-25 09:02:23 - [TEST_STEP][PASSED] - result = slurper.parseText(req_data.getResponseBodyContent()): null

2022-11-25 09:02:23 - [TEST_STEP][PASSED] - reqid_kons = requestid1: null

2022-11-25 09:02:23 - [TEST_STEP][PASSED] - reqid_spouse = requestid2: null

2022-11-25 09:02:23 - [TEST_STEP][PASSED] - println("requestid kons : " + reqid_kons): null

2022-11-25 09:02:23 - [TEST_STEP][PASSED] - response_searchME_kons = reqid_kons: null

2022-11-25 09:02:23 - [TEST_STEP][PASSED] - response_searchME_spouse = reqid_spouse: null

2022-11-25 09:02:23 - [TEST_STEP][PASSED] - println("kons req id is :" + response_searchME_kons): null

2022-11-25 09:02:23 - [TEST_STEP][PASSED] - println("spouse req id is : " + response_searchME_spouse): null

2022-11-25 09:02:23 - [TEST_STEP][PASSED] - verifyResponseStatusCode(req_data, 200): Verify response status code successfully

2022-11-25 09:02:23 - [MESSAGE][PASSED] - Verify response status code successfully

2022-11-25 09:02:23 - [TEST_STEP][PASSED] - response = req_data.getResponseText(): null

2022-11-25 09:02:23 - [TEST_STEP][PASSED] - logInfo($response): {"status":"Done","data":{"requestid1":"254606","requestid2":"254607"}}

2022-11-25 09:02:23 - [MESSAGE][INFO] - {"status":"Done","data":{"requestid1":"254606","requestid2":"254607"}}

2022-11-25 09:02:23 - [TEST_STEP][PASSED] - delay(5): Delayed 5 second(s)

2022-11-25 09:02:28 - [MESSAGE][PASSED] - Delayed 5 second(s)

2022-11-25 09:02:28 - [TEST_STEP][PASSED] - scoring = sendRequest(findTestObject("EngineScore", ["response_searchME_kons":response_searchME_kons, "response_searchME_spouse":response_searchME_spouse])): Send request successfully

2022-11-25 09:02:28 - [MESSAGE][INFO] - HAR: D:\DMS\Engine Scoring\Reports\20221125_090152\Exclude KKB - DS - Married\Scoring Married - KKB\20221125_090152\requests\main\7.har

2022-11-25 09:02:28 - [MESSAGE][PASSED] - Send request successfully

2022-11-25 09:02:28 - [TEST_STEP][PASSED] - verifyResponseStatusCode(scoring, 200): Verify response status code successfully

2022-11-25 09:02:28 - [MESSAGE][PASSED] - Verify response status code successfully

2022-11-25 09:02:28 - [TEST_STEP][PASSED] - response2 = scoring.getResponseText(): null

2022-11-25 09:02:28 - [TEST_STEP][PASSED] - markPassed("result service data ke : " + no): result service data ke : 4

2022-11-25 09:02:28 - [MESSAGE][PASSED] - result service data ke : 4

2022-11-25 09:02:28 - [TEST_STEP][PASSED] - logInfo($response2): {"result_konsumen":"Reguler","result_pasangan":"Reguler","Final_result":"Reguler","errorMessage":"","status":"Done"}

2022-11-25 09:02:28 - [MESSAGE][INFO] - {"result_konsumen":"Reguler","result_pasangan":"Reguler","Final_result":"Reguler","errorMessage":"","status":"Done"}

2022-11-25 09:02:28 - [TEST_STEP][PASSED] - verifyElementPropertyValue(scoring, "Final_result", final_result): Verify element property value successfully

2022-11-25 09:02:28 - [MESSAGE][PASSED] - Verify element property value successfully]]></system-out>
         <system-err><![CDATA[]]></system-err>
      </testcase>
      <testcase name="Test Cases/Engine_Scoring/Engine Scoring" time="6.716" classname="Test Cases/Engine_Scoring/Engine Scoring" status="PASSED">
         <system-out><![CDATA[2022-11-25 09:02:28 - [TEST_CASE][PASSED] - Test Cases/Engine_Scoring/Engine Scoring: Test Cases/Engine_Scoring/Engine Scoring

2022-11-25 09:02:29 - [TEST_STEP][PASSED] - markPassed("Variasi data ke : " + no): Variasi data ke : 5

2022-11-25 09:02:29 - [MESSAGE][PASSED] - Variasi data ke : 5

2022-11-25 09:02:29 - [TEST_STEP][PASSED] - req_data = sendRequest(findTestObject("Search_ME", ["MID":MID, "source":source, "ip":ip, "userid":userid, "branch":branch, "tipekons":tipekons, "marital":marital, "penjamin":penjamin, ... ])): Send request successfully

2022-11-25 09:02:29 - [MESSAGE][INFO] - HAR: D:\DMS\Engine Scoring\Reports\20221125_090152\Exclude KKB - DS - Married\Scoring Married - KKB\20221125_090152\requests\main\8.har

2022-11-25 09:02:29 - [MESSAGE][PASSED] - Send request successfully

2022-11-25 09:02:29 - [TEST_STEP][PASSED] - slurper = new groovy.json.JsonSlurper(): null

2022-11-25 09:02:29 - [TEST_STEP][PASSED] - result = slurper.parseText(req_data.getResponseBodyContent()): null

2022-11-25 09:02:29 - [TEST_STEP][PASSED] - reqid_kons = requestid1: null

2022-11-25 09:02:29 - [TEST_STEP][PASSED] - reqid_spouse = requestid2: null

2022-11-25 09:02:29 - [TEST_STEP][PASSED] - println("requestid kons : " + reqid_kons): null

2022-11-25 09:02:29 - [TEST_STEP][PASSED] - response_searchME_kons = reqid_kons: null

2022-11-25 09:02:29 - [TEST_STEP][PASSED] - response_searchME_spouse = reqid_spouse: null

2022-11-25 09:02:29 - [TEST_STEP][PASSED] - println("kons req id is :" + response_searchME_kons): null

2022-11-25 09:02:29 - [TEST_STEP][PASSED] - println("spouse req id is : " + response_searchME_spouse): null

2022-11-25 09:02:29 - [TEST_STEP][PASSED] - verifyResponseStatusCode(req_data, 200): Verify response status code successfully

2022-11-25 09:02:29 - [MESSAGE][PASSED] - Verify response status code successfully

2022-11-25 09:02:29 - [TEST_STEP][PASSED] - response = req_data.getResponseText(): null

2022-11-25 09:02:29 - [TEST_STEP][PASSED] - logInfo($response): {"status":"Done","data":{"requestid1":"254608","requestid2":"254609"}}

2022-11-25 09:02:29 - [MESSAGE][INFO] - {"status":"Done","data":{"requestid1":"254608","requestid2":"254609"}}

2022-11-25 09:02:29 - [TEST_STEP][PASSED] - delay(5): Delayed 5 second(s)

2022-11-25 09:02:34 - [MESSAGE][PASSED] - Delayed 5 second(s)

2022-11-25 09:02:34 - [TEST_STEP][PASSED] - scoring = sendRequest(findTestObject("EngineScore", ["response_searchME_kons":response_searchME_kons, "response_searchME_spouse":response_searchME_spouse])): Send request successfully

2022-11-25 09:02:35 - [MESSAGE][INFO] - HAR: D:\DMS\Engine Scoring\Reports\20221125_090152\Exclude KKB - DS - Married\Scoring Married - KKB\20221125_090152\requests\main\9.har

2022-11-25 09:02:35 - [MESSAGE][PASSED] - Send request successfully

2022-11-25 09:02:35 - [TEST_STEP][PASSED] - verifyResponseStatusCode(scoring, 200): Verify response status code successfully

2022-11-25 09:02:35 - [MESSAGE][PASSED] - Verify response status code successfully

2022-11-25 09:02:35 - [TEST_STEP][PASSED] - response2 = scoring.getResponseText(): null

2022-11-25 09:02:35 - [TEST_STEP][PASSED] - markPassed("result service data ke : " + no): result service data ke : 5

2022-11-25 09:02:35 - [MESSAGE][PASSED] - result service data ke : 5

2022-11-25 09:02:35 - [TEST_STEP][PASSED] - logInfo($response2): {"result_konsumen":"Reguler","result_pasangan":"Reguler","Final_result":"Reguler","errorMessage":"","status":"Done"}

2022-11-25 09:02:35 - [MESSAGE][INFO] - {"result_konsumen":"Reguler","result_pasangan":"Reguler","Final_result":"Reguler","errorMessage":"","status":"Done"}

2022-11-25 09:02:35 - [TEST_STEP][PASSED] - verifyElementPropertyValue(scoring, "Final_result", final_result): Verify element property value successfully

2022-11-25 09:02:35 - [MESSAGE][PASSED] - Verify element property value successfully]]></system-out>
         <system-err><![CDATA[]]></system-err>
      </testcase>
      <testcase name="Test Cases/Engine_Scoring/Engine Scoring" time="6.873" classname="Test Cases/Engine_Scoring/Engine Scoring" status="PASSED">
         <system-out><![CDATA[2022-11-25 09:02:35 - [TEST_CASE][PASSED] - Test Cases/Engine_Scoring/Engine Scoring: Test Cases/Engine_Scoring/Engine Scoring

2022-11-25 09:02:36 - [TEST_STEP][PASSED] - markPassed("Variasi data ke : " + no): Variasi data ke : 6

2022-11-25 09:02:36 - [MESSAGE][PASSED] - Variasi data ke : 6

2022-11-25 09:02:36 - [TEST_STEP][PASSED] - req_data = sendRequest(findTestObject("Search_ME", ["MID":MID, "source":source, "ip":ip, "userid":userid, "branch":branch, "tipekons":tipekons, "marital":marital, "penjamin":penjamin, ... ])): Send request successfully

2022-11-25 09:02:36 - [MESSAGE][INFO] - HAR: D:\DMS\Engine Scoring\Reports\20221125_090152\Exclude KKB - DS - Married\Scoring Married - KKB\20221125_090152\requests\main\10.har

2022-11-25 09:02:36 - [MESSAGE][PASSED] - Send request successfully

2022-11-25 09:02:36 - [TEST_STEP][PASSED] - slurper = new groovy.json.JsonSlurper(): null

2022-11-25 09:02:36 - [TEST_STEP][PASSED] - result = slurper.parseText(req_data.getResponseBodyContent()): null

2022-11-25 09:02:36 - [TEST_STEP][PASSED] - reqid_kons = requestid1: null

2022-11-25 09:02:36 - [TEST_STEP][PASSED] - reqid_spouse = requestid2: null

2022-11-25 09:02:36 - [TEST_STEP][PASSED] - println("requestid kons : " + reqid_kons): null

2022-11-25 09:02:36 - [TEST_STEP][PASSED] - response_searchME_kons = reqid_kons: null

2022-11-25 09:02:36 - [TEST_STEP][PASSED] - response_searchME_spouse = reqid_spouse: null

2022-11-25 09:02:36 - [TEST_STEP][PASSED] - println("kons req id is :" + response_searchME_kons): null

2022-11-25 09:02:36 - [TEST_STEP][PASSED] - println("spouse req id is : " + response_searchME_spouse): null

2022-11-25 09:02:36 - [TEST_STEP][PASSED] - verifyResponseStatusCode(req_data, 200): Verify response status code successfully

2022-11-25 09:02:36 - [MESSAGE][PASSED] - Verify response status code successfully

2022-11-25 09:02:36 - [TEST_STEP][PASSED] - response = req_data.getResponseText(): null

2022-11-25 09:02:36 - [TEST_STEP][PASSED] - logInfo($response): {"status":"Done","data":{"requestid1":"254610","requestid2":"254611"}}

2022-11-25 09:02:36 - [MESSAGE][INFO] - {"status":"Done","data":{"requestid1":"254610","requestid2":"254611"}}

2022-11-25 09:02:36 - [TEST_STEP][PASSED] - delay(5): Delayed 5 second(s)

2022-11-25 09:02:41 - [MESSAGE][PASSED] - Delayed 5 second(s)

2022-11-25 09:02:41 - [TEST_STEP][PASSED] - scoring = sendRequest(findTestObject("EngineScore", ["response_searchME_kons":response_searchME_kons, "response_searchME_spouse":response_searchME_spouse])): Send request successfully

2022-11-25 09:02:42 - [MESSAGE][INFO] - HAR: D:\DMS\Engine Scoring\Reports\20221125_090152\Exclude KKB - DS - Married\Scoring Married - KKB\20221125_090152\requests\main\11.har

2022-11-25 09:02:42 - [MESSAGE][PASSED] - Send request successfully

2022-11-25 09:02:42 - [TEST_STEP][PASSED] - verifyResponseStatusCode(scoring, 200): Verify response status code successfully

2022-11-25 09:02:42 - [MESSAGE][PASSED] - Verify response status code successfully

2022-11-25 09:02:42 - [TEST_STEP][PASSED] - response2 = scoring.getResponseText(): null

2022-11-25 09:02:42 - [TEST_STEP][PASSED] - markPassed("result service data ke : " + no): result service data ke : 6

2022-11-25 09:02:42 - [MESSAGE][PASSED] - result service data ke : 6

2022-11-25 09:02:42 - [TEST_STEP][PASSED] - logInfo($response2): {"result_konsumen":"Reguler","result_pasangan":"Reguler","Final_result":"Reguler","errorMessage":"","status":"Done"}

2022-11-25 09:02:42 - [MESSAGE][INFO] - {"result_konsumen":"Reguler","result_pasangan":"Reguler","Final_result":"Reguler","errorMessage":"","status":"Done"}

2022-11-25 09:02:42 - [TEST_STEP][PASSED] - verifyElementPropertyValue(scoring, "Final_result", final_result): Verify element property value successfully

2022-11-25 09:02:42 - [MESSAGE][PASSED] - Verify element property value successfully]]></system-out>
         <system-err><![CDATA[]]></system-err>
      </testcase>
      <testcase name="Test Cases/Engine_Scoring/Engine Scoring" time="6.685" classname="Test Cases/Engine_Scoring/Engine Scoring" status="PASSED">
         <system-out><![CDATA[2022-11-25 09:02:42 - [TEST_CASE][PASSED] - Test Cases/Engine_Scoring/Engine Scoring: Test Cases/Engine_Scoring/Engine Scoring

2022-11-25 09:02:43 - [TEST_STEP][PASSED] - markPassed("Variasi data ke : " + no): Variasi data ke : 7

2022-11-25 09:02:43 - [MESSAGE][PASSED] - Variasi data ke : 7

2022-11-25 09:02:43 - [TEST_STEP][PASSED] - req_data = sendRequest(findTestObject("Search_ME", ["MID":MID, "source":source, "ip":ip, "userid":userid, "branch":branch, "tipekons":tipekons, "marital":marital, "penjamin":penjamin, ... ])): Send request successfully

2022-11-25 09:02:43 - [MESSAGE][INFO] - HAR: D:\DMS\Engine Scoring\Reports\20221125_090152\Exclude KKB - DS - Married\Scoring Married - KKB\20221125_090152\requests\main\12.har

2022-11-25 09:02:43 - [MESSAGE][PASSED] - Send request successfully

2022-11-25 09:02:43 - [TEST_STEP][PASSED] - slurper = new groovy.json.JsonSlurper(): null

2022-11-25 09:02:43 - [TEST_STEP][PASSED] - result = slurper.parseText(req_data.getResponseBodyContent()): null

2022-11-25 09:02:43 - [TEST_STEP][PASSED] - reqid_kons = requestid1: null

2022-11-25 09:02:43 - [TEST_STEP][PASSED] - reqid_spouse = requestid2: null

2022-11-25 09:02:43 - [TEST_STEP][PASSED] - println("requestid kons : " + reqid_kons): null

2022-11-25 09:02:43 - [TEST_STEP][PASSED] - response_searchME_kons = reqid_kons: null

2022-11-25 09:02:43 - [TEST_STEP][PASSED] - response_searchME_spouse = reqid_spouse: null

2022-11-25 09:02:43 - [TEST_STEP][PASSED] - println("kons req id is :" + response_searchME_kons): null

2022-11-25 09:02:43 - [TEST_STEP][PASSED] - println("spouse req id is : " + response_searchME_spouse): null

2022-11-25 09:02:43 - [TEST_STEP][PASSED] - verifyResponseStatusCode(req_data, 200): Verify response status code successfully

2022-11-25 09:02:43 - [MESSAGE][PASSED] - Verify response status code successfully

2022-11-25 09:02:43 - [TEST_STEP][PASSED] - response = req_data.getResponseText(): null

2022-11-25 09:02:43 - [TEST_STEP][PASSED] - logInfo($response): {"status":"Done","data":{"requestid1":"254612","requestid2":"254613"}}

2022-11-25 09:02:43 - [MESSAGE][INFO] - {"status":"Done","data":{"requestid1":"254612","requestid2":"254613"}}

2022-11-25 09:02:43 - [TEST_STEP][PASSED] - delay(5): Delayed 5 second(s)

2022-11-25 09:02:48 - [MESSAGE][PASSED] - Delayed 5 second(s)

2022-11-25 09:02:48 - [TEST_STEP][PASSED] - scoring = sendRequest(findTestObject("EngineScore", ["response_searchME_kons":response_searchME_kons, "response_searchME_spouse":response_searchME_spouse])): Send request successfully

2022-11-25 09:02:48 - [MESSAGE][INFO] - HAR: D:\DMS\Engine Scoring\Reports\20221125_090152\Exclude KKB - DS - Married\Scoring Married - KKB\20221125_090152\requests\main\13.har

2022-11-25 09:02:48 - [MESSAGE][PASSED] - Send request successfully

2022-11-25 09:02:48 - [TEST_STEP][PASSED] - verifyResponseStatusCode(scoring, 200): Verify response status code successfully

2022-11-25 09:02:48 - [MESSAGE][PASSED] - Verify response status code successfully

2022-11-25 09:02:48 - [TEST_STEP][PASSED] - response2 = scoring.getResponseText(): null

2022-11-25 09:02:48 - [TEST_STEP][PASSED] - markPassed("result service data ke : " + no): result service data ke : 7

2022-11-25 09:02:48 - [MESSAGE][PASSED] - result service data ke : 7

2022-11-25 09:02:48 - [TEST_STEP][PASSED] - logInfo($response2): {"result_konsumen":"Reguler","result_pasangan":"Reguler","Final_result":"Reguler","errorMessage":"","status":"Done"}

2022-11-25 09:02:48 - [MESSAGE][INFO] - {"result_konsumen":"Reguler","result_pasangan":"Reguler","Final_result":"Reguler","errorMessage":"","status":"Done"}

2022-11-25 09:02:48 - [TEST_STEP][PASSED] - verifyElementPropertyValue(scoring, "Final_result", final_result): Verify element property value successfully

2022-11-25 09:02:48 - [MESSAGE][PASSED] - Verify element property value successfully]]></system-out>
         <system-err><![CDATA[]]></system-err>
      </testcase>
      <testcase name="Test Cases/Engine_Scoring/Engine Scoring" time="6.513" classname="Test Cases/Engine_Scoring/Engine Scoring" status="PASSED">
         <system-out><![CDATA[2022-11-25 09:02:48 - [TEST_CASE][PASSED] - Test Cases/Engine_Scoring/Engine Scoring: Test Cases/Engine_Scoring/Engine Scoring

2022-11-25 09:02:49 - [TEST_STEP][PASSED] - markPassed("Variasi data ke : " + no): Variasi data ke : 8

2022-11-25 09:02:49 - [MESSAGE][PASSED] - Variasi data ke : 8

2022-11-25 09:02:49 - [TEST_STEP][PASSED] - req_data = sendRequest(findTestObject("Search_ME", ["MID":MID, "source":source, "ip":ip, "userid":userid, "branch":branch, "tipekons":tipekons, "marital":marital, "penjamin":penjamin, ... ])): Send request successfully

2022-11-25 09:02:50 - [MESSAGE][INFO] - HAR: D:\DMS\Engine Scoring\Reports\20221125_090152\Exclude KKB - DS - Married\Scoring Married - KKB\20221125_090152\requests\main\14.har

2022-11-25 09:02:50 - [MESSAGE][PASSED] - Send request successfully

2022-11-25 09:02:50 - [TEST_STEP][PASSED] - slurper = new groovy.json.JsonSlurper(): null

2022-11-25 09:02:50 - [TEST_STEP][PASSED] - result = slurper.parseText(req_data.getResponseBodyContent()): null

2022-11-25 09:02:50 - [TEST_STEP][PASSED] - reqid_kons = requestid1: null

2022-11-25 09:02:50 - [TEST_STEP][PASSED] - reqid_spouse = requestid2: null

2022-11-25 09:02:50 - [TEST_STEP][PASSED] - println("requestid kons : " + reqid_kons): null

2022-11-25 09:02:50 - [TEST_STEP][PASSED] - response_searchME_kons = reqid_kons: null

2022-11-25 09:02:50 - [TEST_STEP][PASSED] - response_searchME_spouse = reqid_spouse: null

2022-11-25 09:02:50 - [TEST_STEP][PASSED] - println("kons req id is :" + response_searchME_kons): null

2022-11-25 09:02:50 - [TEST_STEP][PASSED] - println("spouse req id is : " + response_searchME_spouse): null

2022-11-25 09:02:50 - [TEST_STEP][PASSED] - verifyResponseStatusCode(req_data, 200): Verify response status code successfully

2022-11-25 09:02:50 - [MESSAGE][PASSED] - Verify response status code successfully

2022-11-25 09:02:50 - [TEST_STEP][PASSED] - response = req_data.getResponseText(): null

2022-11-25 09:02:50 - [TEST_STEP][PASSED] - logInfo($response): {"status":"Done","data":{"requestid1":"254614","requestid2":"254615"}}

2022-11-25 09:02:50 - [MESSAGE][INFO] - {"status":"Done","data":{"requestid1":"254614","requestid2":"254615"}}

2022-11-25 09:02:50 - [TEST_STEP][PASSED] - delay(5): Delayed 5 second(s)

2022-11-25 09:02:55 - [MESSAGE][PASSED] - Delayed 5 second(s)

2022-11-25 09:02:55 - [TEST_STEP][PASSED] - scoring = sendRequest(findTestObject("EngineScore", ["response_searchME_kons":response_searchME_kons, "response_searchME_spouse":response_searchME_spouse])): Send request successfully

2022-11-25 09:02:55 - [MESSAGE][INFO] - HAR: D:\DMS\Engine Scoring\Reports\20221125_090152\Exclude KKB - DS - Married\Scoring Married - KKB\20221125_090152\requests\main\15.har

2022-11-25 09:02:55 - [MESSAGE][PASSED] - Send request successfully

2022-11-25 09:02:55 - [TEST_STEP][PASSED] - verifyResponseStatusCode(scoring, 200): Verify response status code successfully

2022-11-25 09:02:55 - [MESSAGE][PASSED] - Verify response status code successfully

2022-11-25 09:02:55 - [TEST_STEP][PASSED] - response2 = scoring.getResponseText(): null

2022-11-25 09:02:55 - [TEST_STEP][PASSED] - markPassed("result service data ke : " + no): result service data ke : 8

2022-11-25 09:02:55 - [MESSAGE][PASSED] - result service data ke : 8

2022-11-25 09:02:55 - [TEST_STEP][PASSED] - logInfo($response2): {"result_konsumen":"Reguler","result_pasangan":"Reguler","Final_result":"Reguler","errorMessage":"","status":"Done"}

2022-11-25 09:02:55 - [MESSAGE][INFO] - {"result_konsumen":"Reguler","result_pasangan":"Reguler","Final_result":"Reguler","errorMessage":"","status":"Done"}

2022-11-25 09:02:55 - [TEST_STEP][PASSED] - verifyElementPropertyValue(scoring, "Final_result", final_result): Verify element property value successfully

2022-11-25 09:02:55 - [MESSAGE][PASSED] - Verify element property value successfully]]></system-out>
         <system-err><![CDATA[]]></system-err>
      </testcase>
      <testcase name="Test Cases/Engine_Scoring/Engine Scoring" time="6.631" classname="Test Cases/Engine_Scoring/Engine Scoring" status="PASSED">
         <system-out><![CDATA[2022-11-25 09:02:55 - [TEST_CASE][PASSED] - Test Cases/Engine_Scoring/Engine Scoring: Test Cases/Engine_Scoring/Engine Scoring

2022-11-25 09:02:56 - [TEST_STEP][PASSED] - markPassed("Variasi data ke : " + no): Variasi data ke : 9

2022-11-25 09:02:56 - [MESSAGE][PASSED] - Variasi data ke : 9

2022-11-25 09:02:56 - [TEST_STEP][PASSED] - req_data = sendRequest(findTestObject("Search_ME", ["MID":MID, "source":source, "ip":ip, "userid":userid, "branch":branch, "tipekons":tipekons, "marital":marital, "penjamin":penjamin, ... ])): Send request successfully

2022-11-25 09:02:57 - [MESSAGE][INFO] - HAR: D:\DMS\Engine Scoring\Reports\20221125_090152\Exclude KKB - DS - Married\Scoring Married - KKB\20221125_090152\requests\main\16.har

2022-11-25 09:02:57 - [MESSAGE][PASSED] - Send request successfully

2022-11-25 09:02:57 - [TEST_STEP][PASSED] - slurper = new groovy.json.JsonSlurper(): null

2022-11-25 09:02:57 - [TEST_STEP][PASSED] - result = slurper.parseText(req_data.getResponseBodyContent()): null

2022-11-25 09:02:57 - [TEST_STEP][PASSED] - reqid_kons = requestid1: null

2022-11-25 09:02:57 - [TEST_STEP][PASSED] - reqid_spouse = requestid2: null

2022-11-25 09:02:57 - [TEST_STEP][PASSED] - println("requestid kons : " + reqid_kons): null

2022-11-25 09:02:57 - [TEST_STEP][PASSED] - response_searchME_kons = reqid_kons: null

2022-11-25 09:02:57 - [TEST_STEP][PASSED] - response_searchME_spouse = reqid_spouse: null

2022-11-25 09:02:57 - [TEST_STEP][PASSED] - println("kons req id is :" + response_searchME_kons): null

2022-11-25 09:02:57 - [TEST_STEP][PASSED] - println("spouse req id is : " + response_searchME_spouse): null

2022-11-25 09:02:57 - [TEST_STEP][PASSED] - verifyResponseStatusCode(req_data, 200): Verify response status code successfully

2022-11-25 09:02:57 - [MESSAGE][PASSED] - Verify response status code successfully

2022-11-25 09:02:57 - [TEST_STEP][PASSED] - response = req_data.getResponseText(): null

2022-11-25 09:02:57 - [TEST_STEP][PASSED] - logInfo($response): {"status":"Done","data":{"requestid1":"254616","requestid2":"254617"}}

2022-11-25 09:02:57 - [MESSAGE][INFO] - {"status":"Done","data":{"requestid1":"254616","requestid2":"254617"}}

2022-11-25 09:02:57 - [TEST_STEP][PASSED] - delay(5): Delayed 5 second(s)

2022-11-25 09:03:02 - [MESSAGE][PASSED] - Delayed 5 second(s)

2022-11-25 09:03:02 - [TEST_STEP][PASSED] - scoring = sendRequest(findTestObject("EngineScore", ["response_searchME_kons":response_searchME_kons, "response_searchME_spouse":response_searchME_spouse])): Send request successfully

2022-11-25 09:03:02 - [MESSAGE][INFO] - HAR: D:\DMS\Engine Scoring\Reports\20221125_090152\Exclude KKB - DS - Married\Scoring Married - KKB\20221125_090152\requests\main\17.har

2022-11-25 09:03:02 - [MESSAGE][PASSED] - Send request successfully

2022-11-25 09:03:02 - [TEST_STEP][PASSED] - verifyResponseStatusCode(scoring, 200): Verify response status code successfully

2022-11-25 09:03:02 - [MESSAGE][PASSED] - Verify response status code successfully

2022-11-25 09:03:02 - [TEST_STEP][PASSED] - response2 = scoring.getResponseText(): null

2022-11-25 09:03:02 - [TEST_STEP][PASSED] - markPassed("result service data ke : " + no): result service data ke : 9

2022-11-25 09:03:02 - [MESSAGE][PASSED] - result service data ke : 9

2022-11-25 09:03:02 - [TEST_STEP][PASSED] - logInfo($response2): {"result_konsumen":"Reguler","result_pasangan":"Reguler","Final_result":"Reguler","errorMessage":"","status":"Done"}

2022-11-25 09:03:02 - [MESSAGE][INFO] - {"result_konsumen":"Reguler","result_pasangan":"Reguler","Final_result":"Reguler","errorMessage":"","status":"Done"}

2022-11-25 09:03:02 - [TEST_STEP][PASSED] - verifyElementPropertyValue(scoring, "Final_result", final_result): Verify element property value successfully

2022-11-25 09:03:02 - [MESSAGE][PASSED] - Verify element property value successfully]]></system-out>
         <system-err><![CDATA[]]></system-err>
      </testcase>
      <testcase name="Test Cases/Engine_Scoring/Engine Scoring" time="7.624" classname="Test Cases/Engine_Scoring/Engine Scoring" status="PASSED">
         <system-out><![CDATA[2022-11-25 09:03:02 - [TEST_CASE][PASSED] - Test Cases/Engine_Scoring/Engine Scoring: Test Cases/Engine_Scoring/Engine Scoring

2022-11-25 09:03:02 - [TEST_STEP][PASSED] - markPassed("Variasi data ke : " + no): Variasi data ke : 10

2022-11-25 09:03:02 - [MESSAGE][PASSED] - Variasi data ke : 10

2022-11-25 09:03:02 - [TEST_STEP][PASSED] - req_data = sendRequest(findTestObject("Search_ME", ["MID":MID, "source":source, "ip":ip, "userid":userid, "branch":branch, "tipekons":tipekons, "marital":marital, "penjamin":penjamin, ... ])): Send request successfully

2022-11-25 09:03:03 - [MESSAGE][INFO] - HAR: D:\DMS\Engine Scoring\Reports\20221125_090152\Exclude KKB - DS - Married\Scoring Married - KKB\20221125_090152\requests\main\18.har

2022-11-25 09:03:03 - [MESSAGE][PASSED] - Send request successfully

2022-11-25 09:03:03 - [TEST_STEP][PASSED] - slurper = new groovy.json.JsonSlurper(): null

2022-11-25 09:03:03 - [TEST_STEP][PASSED] - result = slurper.parseText(req_data.getResponseBodyContent()): null

2022-11-25 09:03:03 - [TEST_STEP][PASSED] - reqid_kons = requestid1: null

2022-11-25 09:03:03 - [TEST_STEP][PASSED] - reqid_spouse = requestid2: null

2022-11-25 09:03:03 - [TEST_STEP][PASSED] - println("requestid kons : " + reqid_kons): null

2022-11-25 09:03:03 - [TEST_STEP][PASSED] - response_searchME_kons = reqid_kons: null

2022-11-25 09:03:03 - [TEST_STEP][PASSED] - response_searchME_spouse = reqid_spouse: null

2022-11-25 09:03:03 - [TEST_STEP][PASSED] - println("kons req id is :" + response_searchME_kons): null

2022-11-25 09:03:03 - [TEST_STEP][PASSED] - println("spouse req id is : " + response_searchME_spouse): null

2022-11-25 09:03:03 - [TEST_STEP][PASSED] - verifyResponseStatusCode(req_data, 200): Verify response status code successfully

2022-11-25 09:03:03 - [MESSAGE][PASSED] - Verify response status code successfully

2022-11-25 09:03:03 - [TEST_STEP][PASSED] - response = req_data.getResponseText(): null

2022-11-25 09:03:03 - [TEST_STEP][PASSED] - logInfo($response): {"status":"Done","data":{"requestid1":"254618","requestid2":"254619"}}

2022-11-25 09:03:03 - [MESSAGE][INFO] - {"status":"Done","data":{"requestid1":"254618","requestid2":"254619"}}

2022-11-25 09:03:03 - [TEST_STEP][PASSED] - delay(5): Delayed 5 second(s)

2022-11-25 09:03:08 - [MESSAGE][PASSED] - Delayed 5 second(s)

2022-11-25 09:03:08 - [TEST_STEP][PASSED] - scoring = sendRequest(findTestObject("EngineScore", ["response_searchME_kons":response_searchME_kons, "response_searchME_spouse":response_searchME_spouse])): Send request successfully

2022-11-25 09:03:09 - [MESSAGE][INFO] - HAR: D:\DMS\Engine Scoring\Reports\20221125_090152\Exclude KKB - DS - Married\Scoring Married - KKB\20221125_090152\requests\main\19.har

2022-11-25 09:03:09 - [MESSAGE][PASSED] - Send request successfully

2022-11-25 09:03:09 - [TEST_STEP][PASSED] - verifyResponseStatusCode(scoring, 200): Verify response status code successfully

2022-11-25 09:03:09 - [MESSAGE][PASSED] - Verify response status code successfully

2022-11-25 09:03:09 - [TEST_STEP][PASSED] - response2 = scoring.getResponseText(): null

2022-11-25 09:03:09 - [TEST_STEP][PASSED] - markPassed("result service data ke : " + no): result service data ke : 10

2022-11-25 09:03:09 - [MESSAGE][PASSED] - result service data ke : 10

2022-11-25 09:03:09 - [TEST_STEP][PASSED] - logInfo($response2): {"result_konsumen":"Reguler","result_pasangan":"Approve","Final_result":"Reguler","errorMessage":"","status":"Done"}

2022-11-25 09:03:09 - [MESSAGE][INFO] - {"result_konsumen":"Reguler","result_pasangan":"Approve","Final_result":"Reguler","errorMessage":"","status":"Done"}

2022-11-25 09:03:09 - [TEST_STEP][PASSED] - verifyElementPropertyValue(scoring, "Final_result", final_result): Verify element property value successfully

2022-11-25 09:03:09 - [MESSAGE][PASSED] - Verify element property value successfully]]></system-out>
         <system-err><![CDATA[]]></system-err>
      </testcase>
      <testcase name="Test Cases/Engine_Scoring/Engine Scoring" time="6.62" classname="Test Cases/Engine_Scoring/Engine Scoring" status="PASSED">
         <system-out><![CDATA[2022-11-25 09:03:09 - [TEST_CASE][PASSED] - Test Cases/Engine_Scoring/Engine Scoring: Test Cases/Engine_Scoring/Engine Scoring

2022-11-25 09:03:10 - [TEST_STEP][PASSED] - markPassed("Variasi data ke : " + no): Variasi data ke : 11

2022-11-25 09:03:10 - [MESSAGE][PASSED] - Variasi data ke : 11

2022-11-25 09:03:10 - [TEST_STEP][PASSED] - req_data = sendRequest(findTestObject("Search_ME", ["MID":MID, "source":source, "ip":ip, "userid":userid, "branch":branch, "tipekons":tipekons, "marital":marital, "penjamin":penjamin, ... ])): Send request successfully

2022-11-25 09:03:11 - [MESSAGE][INFO] - HAR: D:\DMS\Engine Scoring\Reports\20221125_090152\Exclude KKB - DS - Married\Scoring Married - KKB\20221125_090152\requests\main\20.har

2022-11-25 09:03:11 - [MESSAGE][PASSED] - Send request successfully

2022-11-25 09:03:11 - [TEST_STEP][PASSED] - slurper = new groovy.json.JsonSlurper(): null

2022-11-25 09:03:11 - [TEST_STEP][PASSED] - result = slurper.parseText(req_data.getResponseBodyContent()): null

2022-11-25 09:03:11 - [TEST_STEP][PASSED] - reqid_kons = requestid1: null

2022-11-25 09:03:11 - [TEST_STEP][PASSED] - reqid_spouse = requestid2: null

2022-11-25 09:03:11 - [TEST_STEP][PASSED] - println("requestid kons : " + reqid_kons): null

2022-11-25 09:03:11 - [TEST_STEP][PASSED] - response_searchME_kons = reqid_kons: null

2022-11-25 09:03:11 - [TEST_STEP][PASSED] - response_searchME_spouse = reqid_spouse: null

2022-11-25 09:03:11 - [TEST_STEP][PASSED] - println("kons req id is :" + response_searchME_kons): null

2022-11-25 09:03:11 - [TEST_STEP][PASSED] - println("spouse req id is : " + response_searchME_spouse): null

2022-11-25 09:03:11 - [TEST_STEP][PASSED] - verifyResponseStatusCode(req_data, 200): Verify response status code successfully

2022-11-25 09:03:11 - [MESSAGE][PASSED] - Verify response status code successfully

2022-11-25 09:03:11 - [TEST_STEP][PASSED] - response = req_data.getResponseText(): null

2022-11-25 09:03:11 - [TEST_STEP][PASSED] - logInfo($response): {"status":"Done","data":{"requestid1":"254620","requestid2":"254621"}}

2022-11-25 09:03:11 - [MESSAGE][INFO] - {"status":"Done","data":{"requestid1":"254620","requestid2":"254621"}}

2022-11-25 09:03:11 - [TEST_STEP][PASSED] - delay(5): Delayed 5 second(s)

2022-11-25 09:03:16 - [MESSAGE][PASSED] - Delayed 5 second(s)

2022-11-25 09:03:16 - [TEST_STEP][PASSED] - scoring = sendRequest(findTestObject("EngineScore", ["response_searchME_kons":response_searchME_kons, "response_searchME_spouse":response_searchME_spouse])): Send request successfully

2022-11-25 09:03:16 - [MESSAGE][INFO] - HAR: D:\DMS\Engine Scoring\Reports\20221125_090152\Exclude KKB - DS - Married\Scoring Married - KKB\20221125_090152\requests\main\21.har

2022-11-25 09:03:16 - [MESSAGE][PASSED] - Send request successfully

2022-11-25 09:03:16 - [TEST_STEP][PASSED] - verifyResponseStatusCode(scoring, 200): Verify response status code successfully

2022-11-25 09:03:16 - [MESSAGE][PASSED] - Verify response status code successfully

2022-11-25 09:03:16 - [TEST_STEP][PASSED] - response2 = scoring.getResponseText(): null

2022-11-25 09:03:16 - [TEST_STEP][PASSED] - markPassed("result service data ke : " + no): result service data ke : 11

2022-11-25 09:03:16 - [MESSAGE][PASSED] - result service data ke : 11

2022-11-25 09:03:16 - [TEST_STEP][PASSED] - logInfo($response2): {"result_konsumen":"Reguler","result_pasangan":"Approve","Final_result":"Reguler","errorMessage":"","status":"Done"}

2022-11-25 09:03:16 - [MESSAGE][INFO] - {"result_konsumen":"Reguler","result_pasangan":"Approve","Final_result":"Reguler","errorMessage":"","status":"Done"}

2022-11-25 09:03:16 - [TEST_STEP][PASSED] - verifyElementPropertyValue(scoring, "Final_result", final_result): Verify element property value successfully

2022-11-25 09:03:16 - [MESSAGE][PASSED] - Verify element property value successfully]]></system-out>
         <system-err><![CDATA[]]></system-err>
      </testcase>
      <testcase name="Test Cases/Engine_Scoring/Engine Scoring" time="7.404" classname="Test Cases/Engine_Scoring/Engine Scoring" status="PASSED">
         <system-out><![CDATA[2022-11-25 09:03:16 - [TEST_CASE][PASSED] - Test Cases/Engine_Scoring/Engine Scoring: Test Cases/Engine_Scoring/Engine Scoring

2022-11-25 09:03:17 - [TEST_STEP][PASSED] - markPassed("Variasi data ke : " + no): Variasi data ke : 12

2022-11-25 09:03:17 - [MESSAGE][PASSED] - Variasi data ke : 12

2022-11-25 09:03:17 - [TEST_STEP][PASSED] - req_data = sendRequest(findTestObject("Search_ME", ["MID":MID, "source":source, "ip":ip, "userid":userid, "branch":branch, "tipekons":tipekons, "marital":marital, "penjamin":penjamin, ... ])): Send request successfully

2022-11-25 09:03:18 - [MESSAGE][INFO] - HAR: D:\DMS\Engine Scoring\Reports\20221125_090152\Exclude KKB - DS - Married\Scoring Married - KKB\20221125_090152\requests\main\22.har

2022-11-25 09:03:18 - [MESSAGE][PASSED] - Send request successfully

2022-11-25 09:03:18 - [TEST_STEP][PASSED] - slurper = new groovy.json.JsonSlurper(): null

2022-11-25 09:03:18 - [TEST_STEP][PASSED] - result = slurper.parseText(req_data.getResponseBodyContent()): null

2022-11-25 09:03:18 - [TEST_STEP][PASSED] - reqid_kons = requestid1: null

2022-11-25 09:03:18 - [TEST_STEP][PASSED] - reqid_spouse = requestid2: null

2022-11-25 09:03:18 - [TEST_STEP][PASSED] - println("requestid kons : " + reqid_kons): null

2022-11-25 09:03:18 - [TEST_STEP][PASSED] - response_searchME_kons = reqid_kons: null

2022-11-25 09:03:18 - [TEST_STEP][PASSED] - response_searchME_spouse = reqid_spouse: null

2022-11-25 09:03:18 - [TEST_STEP][PASSED] - println("kons req id is :" + response_searchME_kons): null

2022-11-25 09:03:18 - [TEST_STEP][PASSED] - println("spouse req id is : " + response_searchME_spouse): null

2022-11-25 09:03:18 - [TEST_STEP][PASSED] - verifyResponseStatusCode(req_data, 200): Verify response status code successfully

2022-11-25 09:03:18 - [MESSAGE][PASSED] - Verify response status code successfully

2022-11-25 09:03:18 - [TEST_STEP][PASSED] - response = req_data.getResponseText(): null

2022-11-25 09:03:18 - [TEST_STEP][PASSED] - logInfo($response): {"status":"Done","data":{"requestid1":"254622","requestid2":"254623"}}

2022-11-25 09:03:18 - [MESSAGE][INFO] - {"status":"Done","data":{"requestid1":"254622","requestid2":"254623"}}

2022-11-25 09:03:18 - [TEST_STEP][PASSED] - delay(5): Delayed 5 second(s)

2022-11-25 09:03:23 - [MESSAGE][PASSED] - Delayed 5 second(s)

2022-11-25 09:03:23 - [TEST_STEP][PASSED] - scoring = sendRequest(findTestObject("EngineScore", ["response_searchME_kons":response_searchME_kons, "response_searchME_spouse":response_searchME_spouse])): Send request successfully

2022-11-25 09:03:24 - [MESSAGE][INFO] - HAR: D:\DMS\Engine Scoring\Reports\20221125_090152\Exclude KKB - DS - Married\Scoring Married - KKB\20221125_090152\requests\main\23.har

2022-11-25 09:03:24 - [MESSAGE][PASSED] - Send request successfully

2022-11-25 09:03:24 - [TEST_STEP][PASSED] - verifyResponseStatusCode(scoring, 200): Verify response status code successfully

2022-11-25 09:03:24 - [MESSAGE][PASSED] - Verify response status code successfully

2022-11-25 09:03:24 - [TEST_STEP][PASSED] - response2 = scoring.getResponseText(): null

2022-11-25 09:03:24 - [TEST_STEP][PASSED] - markPassed("result service data ke : " + no): result service data ke : 12

2022-11-25 09:03:24 - [MESSAGE][PASSED] - result service data ke : 12

2022-11-25 09:03:24 - [TEST_STEP][PASSED] - logInfo($response2): {"result_konsumen":"Reguler","result_pasangan":"Approve","Final_result":"Reguler","errorMessage":"","status":"Done"}

2022-11-25 09:03:24 - [MESSAGE][INFO] - {"result_konsumen":"Reguler","result_pasangan":"Approve","Final_result":"Reguler","errorMessage":"","status":"Done"}

2022-11-25 09:03:24 - [TEST_STEP][PASSED] - verifyElementPropertyValue(scoring, "Final_result", final_result): Verify element property value successfully

2022-11-25 09:03:24 - [MESSAGE][PASSED] - Verify element property value successfully]]></system-out>
         <system-err><![CDATA[]]></system-err>
      </testcase>
      <testcase name="Test Cases/Engine_Scoring/Engine Scoring" time="6.51" classname="Test Cases/Engine_Scoring/Engine Scoring" status="PASSED">
         <system-out><![CDATA[2022-11-25 09:03:24 - [TEST_CASE][PASSED] - Test Cases/Engine_Scoring/Engine Scoring: Test Cases/Engine_Scoring/Engine Scoring

2022-11-25 09:03:24 - [TEST_STEP][PASSED] - markPassed("Variasi data ke : " + no): Variasi data ke : 13

2022-11-25 09:03:24 - [MESSAGE][PASSED] - Variasi data ke : 13

2022-11-25 09:03:24 - [TEST_STEP][PASSED] - req_data = sendRequest(findTestObject("Search_ME", ["MID":MID, "source":source, "ip":ip, "userid":userid, "branch":branch, "tipekons":tipekons, "marital":marital, "penjamin":penjamin, ... ])): Send request successfully

2022-11-25 09:03:25 - [MESSAGE][INFO] - HAR: D:\DMS\Engine Scoring\Reports\20221125_090152\Exclude KKB - DS - Married\Scoring Married - KKB\20221125_090152\requests\main\24.har

2022-11-25 09:03:25 - [MESSAGE][PASSED] - Send request successfully

2022-11-25 09:03:25 - [TEST_STEP][PASSED] - slurper = new groovy.json.JsonSlurper(): null

2022-11-25 09:03:25 - [TEST_STEP][PASSED] - result = slurper.parseText(req_data.getResponseBodyContent()): null

2022-11-25 09:03:25 - [TEST_STEP][PASSED] - reqid_kons = requestid1: null

2022-11-25 09:03:25 - [TEST_STEP][PASSED] - reqid_spouse = requestid2: null

2022-11-25 09:03:25 - [TEST_STEP][PASSED] - println("requestid kons : " + reqid_kons): null

2022-11-25 09:03:25 - [TEST_STEP][PASSED] - response_searchME_kons = reqid_kons: null

2022-11-25 09:03:25 - [TEST_STEP][PASSED] - response_searchME_spouse = reqid_spouse: null

2022-11-25 09:03:25 - [TEST_STEP][PASSED] - println("kons req id is :" + response_searchME_kons): null

2022-11-25 09:03:25 - [TEST_STEP][PASSED] - println("spouse req id is : " + response_searchME_spouse): null

2022-11-25 09:03:25 - [TEST_STEP][PASSED] - verifyResponseStatusCode(req_data, 200): Verify response status code successfully

2022-11-25 09:03:25 - [MESSAGE][PASSED] - Verify response status code successfully

2022-11-25 09:03:25 - [TEST_STEP][PASSED] - response = req_data.getResponseText(): null

2022-11-25 09:03:25 - [TEST_STEP][PASSED] - logInfo($response): {"status":"Done","data":{"requestid1":"254624","requestid2":"254625"}}

2022-11-25 09:03:25 - [MESSAGE][INFO] - {"status":"Done","data":{"requestid1":"254624","requestid2":"254625"}}

2022-11-25 09:03:25 - [TEST_STEP][PASSED] - delay(5): Delayed 5 second(s)

2022-11-25 09:03:30 - [MESSAGE][PASSED] - Delayed 5 second(s)

2022-11-25 09:03:30 - [TEST_STEP][PASSED] - scoring = sendRequest(findTestObject("EngineScore", ["response_searchME_kons":response_searchME_kons, "response_searchME_spouse":response_searchME_spouse])): Send request successfully

2022-11-25 09:03:30 - [MESSAGE][INFO] - HAR: D:\DMS\Engine Scoring\Reports\20221125_090152\Exclude KKB - DS - Married\Scoring Married - KKB\20221125_090152\requests\main\25.har

2022-11-25 09:03:30 - [MESSAGE][PASSED] - Send request successfully

2022-11-25 09:03:30 - [TEST_STEP][PASSED] - verifyResponseStatusCode(scoring, 200): Verify response status code successfully

2022-11-25 09:03:30 - [MESSAGE][PASSED] - Verify response status code successfully

2022-11-25 09:03:30 - [TEST_STEP][PASSED] - response2 = scoring.getResponseText(): null

2022-11-25 09:03:30 - [TEST_STEP][PASSED] - markPassed("result service data ke : " + no): result service data ke : 13

2022-11-25 09:03:30 - [MESSAGE][PASSED] - result service data ke : 13

2022-11-25 09:03:30 - [TEST_STEP][PASSED] - logInfo($response2): {"result_konsumen":"Reguler","result_pasangan":"Approve","Final_result":"Reguler","errorMessage":"","status":"Done"}

2022-11-25 09:03:30 - [MESSAGE][INFO] - {"result_konsumen":"Reguler","result_pasangan":"Approve","Final_result":"Reguler","errorMessage":"","status":"Done"}

2022-11-25 09:03:30 - [TEST_STEP][PASSED] - verifyElementPropertyValue(scoring, "Final_result", final_result): Verify element property value successfully

2022-11-25 09:03:30 - [MESSAGE][PASSED] - Verify element property value successfully]]></system-out>
         <system-err><![CDATA[]]></system-err>
      </testcase>
      <testcase name="Test Cases/Engine_Scoring/Engine Scoring" time="6.669" classname="Test Cases/Engine_Scoring/Engine Scoring" status="PASSED">
         <system-out><![CDATA[2022-11-25 09:03:30 - [TEST_CASE][PASSED] - Test Cases/Engine_Scoring/Engine Scoring: Test Cases/Engine_Scoring/Engine Scoring

2022-11-25 09:03:31 - [TEST_STEP][PASSED] - markPassed("Variasi data ke : " + no): Variasi data ke : 14

2022-11-25 09:03:31 - [MESSAGE][PASSED] - Variasi data ke : 14

2022-11-25 09:03:31 - [TEST_STEP][PASSED] - req_data = sendRequest(findTestObject("Search_ME", ["MID":MID, "source":source, "ip":ip, "userid":userid, "branch":branch, "tipekons":tipekons, "marital":marital, "penjamin":penjamin, ... ])): Send request successfully

2022-11-25 09:03:32 - [MESSAGE][INFO] - HAR: D:\DMS\Engine Scoring\Reports\20221125_090152\Exclude KKB - DS - Married\Scoring Married - KKB\20221125_090152\requests\main\26.har

2022-11-25 09:03:32 - [MESSAGE][PASSED] - Send request successfully

2022-11-25 09:03:32 - [TEST_STEP][PASSED] - slurper = new groovy.json.JsonSlurper(): null

2022-11-25 09:03:32 - [TEST_STEP][PASSED] - result = slurper.parseText(req_data.getResponseBodyContent()): null

2022-11-25 09:03:32 - [TEST_STEP][PASSED] - reqid_kons = requestid1: null

2022-11-25 09:03:32 - [TEST_STEP][PASSED] - reqid_spouse = requestid2: null

2022-11-25 09:03:32 - [TEST_STEP][PASSED] - println("requestid kons : " + reqid_kons): null

2022-11-25 09:03:32 - [TEST_STEP][PASSED] - response_searchME_kons = reqid_kons: null

2022-11-25 09:03:32 - [TEST_STEP][PASSED] - response_searchME_spouse = reqid_spouse: null

2022-11-25 09:03:32 - [TEST_STEP][PASSED] - println("kons req id is :" + response_searchME_kons): null

2022-11-25 09:03:32 - [TEST_STEP][PASSED] - println("spouse req id is : " + response_searchME_spouse): null

2022-11-25 09:03:32 - [TEST_STEP][PASSED] - verifyResponseStatusCode(req_data, 200): Verify response status code successfully

2022-11-25 09:03:32 - [MESSAGE][PASSED] - Verify response status code successfully

2022-11-25 09:03:32 - [TEST_STEP][PASSED] - response = req_data.getResponseText(): null

2022-11-25 09:03:32 - [TEST_STEP][PASSED] - logInfo($response): {"status":"Done","data":{"requestid1":"254626","requestid2":"254627"}}

2022-11-25 09:03:32 - [MESSAGE][INFO] - {"status":"Done","data":{"requestid1":"254626","requestid2":"254627"}}

2022-11-25 09:03:32 - [TEST_STEP][PASSED] - delay(5): Delayed 5 second(s)

2022-11-25 09:03:37 - [MESSAGE][PASSED] - Delayed 5 second(s)

2022-11-25 09:03:37 - [TEST_STEP][PASSED] - scoring = sendRequest(findTestObject("EngineScore", ["response_searchME_kons":response_searchME_kons, "response_searchME_spouse":response_searchME_spouse])): Send request successfully

2022-11-25 09:03:37 - [MESSAGE][INFO] - HAR: D:\DMS\Engine Scoring\Reports\20221125_090152\Exclude KKB - DS - Married\Scoring Married - KKB\20221125_090152\requests\main\27.har

2022-11-25 09:03:37 - [MESSAGE][PASSED] - Send request successfully

2022-11-25 09:03:37 - [TEST_STEP][PASSED] - verifyResponseStatusCode(scoring, 200): Verify response status code successfully

2022-11-25 09:03:37 - [MESSAGE][PASSED] - Verify response status code successfully

2022-11-25 09:03:37 - [TEST_STEP][PASSED] - response2 = scoring.getResponseText(): null

2022-11-25 09:03:37 - [TEST_STEP][PASSED] - markPassed("result service data ke : " + no): result service data ke : 14

2022-11-25 09:03:37 - [MESSAGE][PASSED] - result service data ke : 14

2022-11-25 09:03:37 - [TEST_STEP][PASSED] - logInfo($response2): {"result_konsumen":"Reguler","result_pasangan":"Reject","Final_result":"Reject","errorMessage":"","status":"Done"}

2022-11-25 09:03:37 - [MESSAGE][INFO] - {"result_konsumen":"Reguler","result_pasangan":"Reject","Final_result":"Reject","errorMessage":"","status":"Done"}

2022-11-25 09:03:37 - [TEST_STEP][PASSED] - verifyElementPropertyValue(scoring, "Final_result", final_result): Verify element property value successfully

2022-11-25 09:03:37 - [MESSAGE][PASSED] - Verify element property value successfully]]></system-out>
         <system-err><![CDATA[]]></system-err>
      </testcase>
      <testcase name="Test Cases/Engine_Scoring/Engine Scoring" time="7.23" classname="Test Cases/Engine_Scoring/Engine Scoring" status="PASSED">
         <system-out><![CDATA[2022-11-25 09:03:37 - [TEST_CASE][PASSED] - Test Cases/Engine_Scoring/Engine Scoring: Test Cases/Engine_Scoring/Engine Scoring

2022-11-25 09:03:38 - [TEST_STEP][PASSED] - markPassed("Variasi data ke : " + no): Variasi data ke : 15

2022-11-25 09:03:38 - [MESSAGE][PASSED] - Variasi data ke : 15

2022-11-25 09:03:38 - [TEST_STEP][PASSED] - req_data = sendRequest(findTestObject("Search_ME", ["MID":MID, "source":source, "ip":ip, "userid":userid, "branch":branch, "tipekons":tipekons, "marital":marital, "penjamin":penjamin, ... ])): Send request successfully

2022-11-25 09:03:39 - [MESSAGE][INFO] - HAR: D:\DMS\Engine Scoring\Reports\20221125_090152\Exclude KKB - DS - Married\Scoring Married - KKB\20221125_090152\requests\main\28.har

2022-11-25 09:03:39 - [MESSAGE][PASSED] - Send request successfully

2022-11-25 09:03:39 - [TEST_STEP][PASSED] - slurper = new groovy.json.JsonSlurper(): null

2022-11-25 09:03:39 - [TEST_STEP][PASSED] - result = slurper.parseText(req_data.getResponseBodyContent()): null

2022-11-25 09:03:39 - [TEST_STEP][PASSED] - reqid_kons = requestid1: null

2022-11-25 09:03:39 - [TEST_STEP][PASSED] - reqid_spouse = requestid2: null

2022-11-25 09:03:39 - [TEST_STEP][PASSED] - println("requestid kons : " + reqid_kons): null

2022-11-25 09:03:39 - [TEST_STEP][PASSED] - response_searchME_kons = reqid_kons: null

2022-11-25 09:03:39 - [TEST_STEP][PASSED] - response_searchME_spouse = reqid_spouse: null

2022-11-25 09:03:39 - [TEST_STEP][PASSED] - println("kons req id is :" + response_searchME_kons): null

2022-11-25 09:03:39 - [TEST_STEP][PASSED] - println("spouse req id is : " + response_searchME_spouse): null

2022-11-25 09:03:39 - [TEST_STEP][PASSED] - verifyResponseStatusCode(req_data, 200): Verify response status code successfully

2022-11-25 09:03:39 - [MESSAGE][PASSED] - Verify response status code successfully

2022-11-25 09:03:39 - [TEST_STEP][PASSED] - response = req_data.getResponseText(): null

2022-11-25 09:03:39 - [TEST_STEP][PASSED] - logInfo($response): {"status":"Done","data":{"requestid1":"254628","requestid2":"254629"}}

2022-11-25 09:03:39 - [MESSAGE][INFO] - {"status":"Done","data":{"requestid1":"254628","requestid2":"254629"}}

2022-11-25 09:03:39 - [TEST_STEP][PASSED] - delay(5): Delayed 5 second(s)

2022-11-25 09:03:44 - [MESSAGE][PASSED] - Delayed 5 second(s)

2022-11-25 09:03:44 - [TEST_STEP][PASSED] - scoring = sendRequest(findTestObject("EngineScore", ["response_searchME_kons":response_searchME_kons, "response_searchME_spouse":response_searchME_spouse])): Send request successfully

2022-11-25 09:03:44 - [MESSAGE][INFO] - HAR: D:\DMS\Engine Scoring\Reports\20221125_090152\Exclude KKB - DS - Married\Scoring Married - KKB\20221125_090152\requests\main\29.har

2022-11-25 09:03:44 - [MESSAGE][PASSED] - Send request successfully

2022-11-25 09:03:44 - [TEST_STEP][PASSED] - verifyResponseStatusCode(scoring, 200): Verify response status code successfully

2022-11-25 09:03:44 - [MESSAGE][PASSED] - Verify response status code successfully

2022-11-25 09:03:44 - [TEST_STEP][PASSED] - response2 = scoring.getResponseText(): null

2022-11-25 09:03:44 - [TEST_STEP][PASSED] - markPassed("result service data ke : " + no): result service data ke : 15

2022-11-25 09:03:44 - [MESSAGE][PASSED] - result service data ke : 15

2022-11-25 09:03:44 - [TEST_STEP][PASSED] - logInfo($response2): {"result_konsumen":"Reguler","result_pasangan":"Reject","Final_result":"Reject","errorMessage":"","status":"Done"}

2022-11-25 09:03:44 - [MESSAGE][INFO] - {"result_konsumen":"Reguler","result_pasangan":"Reject","Final_result":"Reject","errorMessage":"","status":"Done"}

2022-11-25 09:03:44 - [TEST_STEP][PASSED] - verifyElementPropertyValue(scoring, "Final_result", final_result): Verify element property value successfully

2022-11-25 09:03:44 - [MESSAGE][PASSED] - Verify element property value successfully]]></system-out>
         <system-err><![CDATA[]]></system-err>
      </testcase>
      <testcase name="Test Cases/Engine_Scoring/Engine Scoring" time="6.611" classname="Test Cases/Engine_Scoring/Engine Scoring" status="PASSED">
         <system-out><![CDATA[2022-11-25 09:03:44 - [TEST_CASE][PASSED] - Test Cases/Engine_Scoring/Engine Scoring: Test Cases/Engine_Scoring/Engine Scoring

2022-11-25 09:03:45 - [TEST_STEP][PASSED] - markPassed("Variasi data ke : " + no): Variasi data ke : 16

2022-11-25 09:03:45 - [MESSAGE][PASSED] - Variasi data ke : 16

2022-11-25 09:03:45 - [TEST_STEP][PASSED] - req_data = sendRequest(findTestObject("Search_ME", ["MID":MID, "source":source, "ip":ip, "userid":userid, "branch":branch, "tipekons":tipekons, "marital":marital, "penjamin":penjamin, ... ])): Send request successfully

2022-11-25 09:03:46 - [MESSAGE][INFO] - HAR: D:\DMS\Engine Scoring\Reports\20221125_090152\Exclude KKB - DS - Married\Scoring Married - KKB\20221125_090152\requests\main\30.har

2022-11-25 09:03:46 - [MESSAGE][PASSED] - Send request successfully

2022-11-25 09:03:46 - [TEST_STEP][PASSED] - slurper = new groovy.json.JsonSlurper(): null

2022-11-25 09:03:46 - [TEST_STEP][PASSED] - result = slurper.parseText(req_data.getResponseBodyContent()): null

2022-11-25 09:03:46 - [TEST_STEP][PASSED] - reqid_kons = requestid1: null

2022-11-25 09:03:46 - [TEST_STEP][PASSED] - reqid_spouse = requestid2: null

2022-11-25 09:03:46 - [TEST_STEP][PASSED] - println("requestid kons : " + reqid_kons): null

2022-11-25 09:03:46 - [TEST_STEP][PASSED] - response_searchME_kons = reqid_kons: null

2022-11-25 09:03:46 - [TEST_STEP][PASSED] - response_searchME_spouse = reqid_spouse: null

2022-11-25 09:03:46 - [TEST_STEP][PASSED] - println("kons req id is :" + response_searchME_kons): null

2022-11-25 09:03:46 - [TEST_STEP][PASSED] - println("spouse req id is : " + response_searchME_spouse): null

2022-11-25 09:03:46 - [TEST_STEP][PASSED] - verifyResponseStatusCode(req_data, 200): Verify response status code successfully

2022-11-25 09:03:46 - [MESSAGE][PASSED] - Verify response status code successfully

2022-11-25 09:03:46 - [TEST_STEP][PASSED] - response = req_data.getResponseText(): null

2022-11-25 09:03:46 - [TEST_STEP][PASSED] - logInfo($response): {"status":"Done","data":{"requestid1":"254630","requestid2":"254631"}}

2022-11-25 09:03:46 - [MESSAGE][INFO] - {"status":"Done","data":{"requestid1":"254630","requestid2":"254631"}}

2022-11-25 09:03:46 - [TEST_STEP][PASSED] - delay(5): Delayed 5 second(s)

2022-11-25 09:03:51 - [MESSAGE][PASSED] - Delayed 5 second(s)

2022-11-25 09:03:51 - [TEST_STEP][PASSED] - scoring = sendRequest(findTestObject("EngineScore", ["response_searchME_kons":response_searchME_kons, "response_searchME_spouse":response_searchME_spouse])): Send request successfully

2022-11-25 09:03:51 - [MESSAGE][INFO] - HAR: D:\DMS\Engine Scoring\Reports\20221125_090152\Exclude KKB - DS - Married\Scoring Married - KKB\20221125_090152\requests\main\31.har

2022-11-25 09:03:51 - [MESSAGE][PASSED] - Send request successfully

2022-11-25 09:03:51 - [TEST_STEP][PASSED] - verifyResponseStatusCode(scoring, 200): Verify response status code successfully

2022-11-25 09:03:51 - [MESSAGE][PASSED] - Verify response status code successfully

2022-11-25 09:03:51 - [TEST_STEP][PASSED] - response2 = scoring.getResponseText(): null

2022-11-25 09:03:51 - [TEST_STEP][PASSED] - markPassed("result service data ke : " + no): result service data ke : 16

2022-11-25 09:03:51 - [MESSAGE][PASSED] - result service data ke : 16

2022-11-25 09:03:51 - [TEST_STEP][PASSED] - logInfo($response2): {"result_konsumen":"Reguler","result_pasangan":"Reguler","Final_result":"Reguler","errorMessage":"","status":"Done"}

2022-11-25 09:03:51 - [MESSAGE][INFO] - {"result_konsumen":"Reguler","result_pasangan":"Reguler","Final_result":"Reguler","errorMessage":"","status":"Done"}

2022-11-25 09:03:51 - [TEST_STEP][PASSED] - verifyElementPropertyValue(scoring, "Final_result", final_result): Verify element property value successfully

2022-11-25 09:03:51 - [MESSAGE][PASSED] - Verify element property value successfully]]></system-out>
         <system-err><![CDATA[]]></system-err>
      </testcase>
      <testcase name="Test Cases/Engine_Scoring/Engine Scoring" time="6.642" classname="Test Cases/Engine_Scoring/Engine Scoring" status="PASSED">
         <system-out><![CDATA[2022-11-25 09:03:51 - [TEST_CASE][PASSED] - Test Cases/Engine_Scoring/Engine Scoring: Test Cases/Engine_Scoring/Engine Scoring

2022-11-25 09:03:52 - [TEST_STEP][PASSED] - markPassed("Variasi data ke : " + no): Variasi data ke : 17

2022-11-25 09:03:52 - [MESSAGE][PASSED] - Variasi data ke : 17

2022-11-25 09:03:52 - [TEST_STEP][PASSED] - req_data = sendRequest(findTestObject("Search_ME", ["MID":MID, "source":source, "ip":ip, "userid":userid, "branch":branch, "tipekons":tipekons, "marital":marital, "penjamin":penjamin, ... ])): Send request successfully

2022-11-25 09:03:52 - [MESSAGE][INFO] - HAR: D:\DMS\Engine Scoring\Reports\20221125_090152\Exclude KKB - DS - Married\Scoring Married - KKB\20221125_090152\requests\main\32.har

2022-11-25 09:03:52 - [MESSAGE][PASSED] - Send request successfully

2022-11-25 09:03:52 - [TEST_STEP][PASSED] - slurper = new groovy.json.JsonSlurper(): null

2022-11-25 09:03:52 - [TEST_STEP][PASSED] - result = slurper.parseText(req_data.getResponseBodyContent()): null

2022-11-25 09:03:52 - [TEST_STEP][PASSED] - reqid_kons = requestid1: null

2022-11-25 09:03:52 - [TEST_STEP][PASSED] - reqid_spouse = requestid2: null

2022-11-25 09:03:52 - [TEST_STEP][PASSED] - println("requestid kons : " + reqid_kons): null

2022-11-25 09:03:52 - [TEST_STEP][PASSED] - response_searchME_kons = reqid_kons: null

2022-11-25 09:03:52 - [TEST_STEP][PASSED] - response_searchME_spouse = reqid_spouse: null

2022-11-25 09:03:52 - [TEST_STEP][PASSED] - println("kons req id is :" + response_searchME_kons): null

2022-11-25 09:03:52 - [TEST_STEP][PASSED] - println("spouse req id is : " + response_searchME_spouse): null

2022-11-25 09:03:52 - [TEST_STEP][PASSED] - verifyResponseStatusCode(req_data, 200): Verify response status code successfully

2022-11-25 09:03:52 - [MESSAGE][PASSED] - Verify response status code successfully

2022-11-25 09:03:52 - [TEST_STEP][PASSED] - response = req_data.getResponseText(): null

2022-11-25 09:03:52 - [TEST_STEP][PASSED] - logInfo($response): {"status":"Done","data":{"requestid1":"254632","requestid2":"254633"}}

2022-11-25 09:03:52 - [MESSAGE][INFO] - {"status":"Done","data":{"requestid1":"254632","requestid2":"254633"}}

2022-11-25 09:03:52 - [TEST_STEP][PASSED] - delay(5): Delayed 5 second(s)

2022-11-25 09:03:57 - [MESSAGE][PASSED] - Delayed 5 second(s)

2022-11-25 09:03:57 - [TEST_STEP][PASSED] - scoring = sendRequest(findTestObject("EngineScore", ["response_searchME_kons":response_searchME_kons, "response_searchME_spouse":response_searchME_spouse])): Send request successfully

2022-11-25 09:03:57 - [MESSAGE][INFO] - HAR: D:\DMS\Engine Scoring\Reports\20221125_090152\Exclude KKB - DS - Married\Scoring Married - KKB\20221125_090152\requests\main\33.har

2022-11-25 09:03:57 - [MESSAGE][PASSED] - Send request successfully

2022-11-25 09:03:57 - [TEST_STEP][PASSED] - verifyResponseStatusCode(scoring, 200): Verify response status code successfully

2022-11-25 09:03:57 - [MESSAGE][PASSED] - Verify response status code successfully

2022-11-25 09:03:57 - [TEST_STEP][PASSED] - response2 = scoring.getResponseText(): null

2022-11-25 09:03:57 - [TEST_STEP][PASSED] - markPassed("result service data ke : " + no): result service data ke : 17

2022-11-25 09:03:57 - [MESSAGE][PASSED] - result service data ke : 17

2022-11-25 09:03:57 - [TEST_STEP][PASSED] - logInfo($response2): {"result_konsumen":"Reguler","result_pasangan":"Reguler","Final_result":"Reguler","errorMessage":"","status":"Done"}

2022-11-25 09:03:57 - [MESSAGE][INFO] - {"result_konsumen":"Reguler","result_pasangan":"Reguler","Final_result":"Reguler","errorMessage":"","status":"Done"}

2022-11-25 09:03:57 - [TEST_STEP][PASSED] - verifyElementPropertyValue(scoring, "Final_result", final_result): Verify element property value successfully

2022-11-25 09:03:57 - [MESSAGE][PASSED] - Verify element property value successfully]]></system-out>
         <system-err><![CDATA[]]></system-err>
      </testcase>
      <testcase name="Test Cases/Engine_Scoring/Engine Scoring" time="6.677" classname="Test Cases/Engine_Scoring/Engine Scoring" status="PASSED">
         <system-out><![CDATA[2022-11-25 09:03:58 - [TEST_CASE][PASSED] - Test Cases/Engine_Scoring/Engine Scoring: Test Cases/Engine_Scoring/Engine Scoring

2022-11-25 09:03:58 - [TEST_STEP][PASSED] - markPassed("Variasi data ke : " + no): Variasi data ke : 18

2022-11-25 09:03:58 - [MESSAGE][PASSED] - Variasi data ke : 18

2022-11-25 09:03:58 - [TEST_STEP][PASSED] - req_data = sendRequest(findTestObject("Search_ME", ["MID":MID, "source":source, "ip":ip, "userid":userid, "branch":branch, "tipekons":tipekons, "marital":marital, "penjamin":penjamin, ... ])): Send request successfully

2022-11-25 09:03:59 - [MESSAGE][INFO] - HAR: D:\DMS\Engine Scoring\Reports\20221125_090152\Exclude KKB - DS - Married\Scoring Married - KKB\20221125_090152\requests\main\34.har

2022-11-25 09:03:59 - [MESSAGE][PASSED] - Send request successfully

2022-11-25 09:03:59 - [TEST_STEP][PASSED] - slurper = new groovy.json.JsonSlurper(): null

2022-11-25 09:03:59 - [TEST_STEP][PASSED] - result = slurper.parseText(req_data.getResponseBodyContent()): null

2022-11-25 09:03:59 - [TEST_STEP][PASSED] - reqid_kons = requestid1: null

2022-11-25 09:03:59 - [TEST_STEP][PASSED] - reqid_spouse = requestid2: null

2022-11-25 09:03:59 - [TEST_STEP][PASSED] - println("requestid kons : " + reqid_kons): null

2022-11-25 09:03:59 - [TEST_STEP][PASSED] - response_searchME_kons = reqid_kons: null

2022-11-25 09:03:59 - [TEST_STEP][PASSED] - response_searchME_spouse = reqid_spouse: null

2022-11-25 09:03:59 - [TEST_STEP][PASSED] - println("kons req id is :" + response_searchME_kons): null

2022-11-25 09:03:59 - [TEST_STEP][PASSED] - println("spouse req id is : " + response_searchME_spouse): null

2022-11-25 09:03:59 - [TEST_STEP][PASSED] - verifyResponseStatusCode(req_data, 200): Verify response status code successfully

2022-11-25 09:03:59 - [MESSAGE][PASSED] - Verify response status code successfully

2022-11-25 09:03:59 - [TEST_STEP][PASSED] - response = req_data.getResponseText(): null

2022-11-25 09:03:59 - [TEST_STEP][PASSED] - logInfo($response): {"status":"Done","data":{"requestid1":"254634","requestid2":"254635"}}

2022-11-25 09:03:59 - [MESSAGE][INFO] - {"status":"Done","data":{"requestid1":"254634","requestid2":"254635"}}

2022-11-25 09:03:59 - [TEST_STEP][PASSED] - delay(5): Delayed 5 second(s)

2022-11-25 09:04:04 - [MESSAGE][PASSED] - Delayed 5 second(s)

2022-11-25 09:04:04 - [TEST_STEP][PASSED] - scoring = sendRequest(findTestObject("EngineScore", ["response_searchME_kons":response_searchME_kons, "response_searchME_spouse":response_searchME_spouse])): Send request successfully

2022-11-25 09:04:04 - [MESSAGE][INFO] - HAR: D:\DMS\Engine Scoring\Reports\20221125_090152\Exclude KKB - DS - Married\Scoring Married - KKB\20221125_090152\requests\main\35.har

2022-11-25 09:04:04 - [MESSAGE][PASSED] - Send request successfully

2022-11-25 09:04:04 - [TEST_STEP][PASSED] - verifyResponseStatusCode(scoring, 200): Verify response status code successfully

2022-11-25 09:04:04 - [MESSAGE][PASSED] - Verify response status code successfully

2022-11-25 09:04:04 - [TEST_STEP][PASSED] - response2 = scoring.getResponseText(): null

2022-11-25 09:04:04 - [TEST_STEP][PASSED] - markPassed("result service data ke : " + no): result service data ke : 18

2022-11-25 09:04:04 - [MESSAGE][PASSED] - result service data ke : 18

2022-11-25 09:04:04 - [TEST_STEP][PASSED] - logInfo($response2): {"result_konsumen":"Reguler","result_pasangan":"Reguler","Final_result":"Reguler","errorMessage":"","status":"Done"}

2022-11-25 09:04:04 - [MESSAGE][INFO] - {"result_konsumen":"Reguler","result_pasangan":"Reguler","Final_result":"Reguler","errorMessage":"","status":"Done"}

2022-11-25 09:04:04 - [TEST_STEP][PASSED] - verifyElementPropertyValue(scoring, "Final_result", final_result): Verify element property value successfully

2022-11-25 09:04:04 - [MESSAGE][PASSED] - Verify element property value successfully]]></system-out>
         <system-err><![CDATA[]]></system-err>
      </testcase>
      <testcase name="Test Cases/Engine_Scoring/Engine Scoring" time="6.463" classname="Test Cases/Engine_Scoring/Engine Scoring" status="PASSED">
         <system-out><![CDATA[2022-11-25 09:04:04 - [TEST_CASE][PASSED] - Test Cases/Engine_Scoring/Engine Scoring: Test Cases/Engine_Scoring/Engine Scoring

2022-11-25 09:04:05 - [TEST_STEP][PASSED] - markPassed("Variasi data ke : " + no): Variasi data ke : 19

2022-11-25 09:04:05 - [MESSAGE][PASSED] - Variasi data ke : 19

2022-11-25 09:04:05 - [TEST_STEP][PASSED] - req_data = sendRequest(findTestObject("Search_ME", ["MID":MID, "source":source, "ip":ip, "userid":userid, "branch":branch, "tipekons":tipekons, "marital":marital, "penjamin":penjamin, ... ])): Send request successfully

2022-11-25 09:04:06 - [MESSAGE][INFO] - HAR: D:\DMS\Engine Scoring\Reports\20221125_090152\Exclude KKB - DS - Married\Scoring Married - KKB\20221125_090152\requests\main\36.har

2022-11-25 09:04:06 - [MESSAGE][PASSED] - Send request successfully

2022-11-25 09:04:06 - [TEST_STEP][PASSED] - slurper = new groovy.json.JsonSlurper(): null

2022-11-25 09:04:06 - [TEST_STEP][PASSED] - result = slurper.parseText(req_data.getResponseBodyContent()): null

2022-11-25 09:04:06 - [TEST_STEP][PASSED] - reqid_kons = requestid1: null

2022-11-25 09:04:06 - [TEST_STEP][PASSED] - reqid_spouse = requestid2: null

2022-11-25 09:04:06 - [TEST_STEP][PASSED] - println("requestid kons : " + reqid_kons): null

2022-11-25 09:04:06 - [TEST_STEP][PASSED] - response_searchME_kons = reqid_kons: null

2022-11-25 09:04:06 - [TEST_STEP][PASSED] - response_searchME_spouse = reqid_spouse: null

2022-11-25 09:04:06 - [TEST_STEP][PASSED] - println("kons req id is :" + response_searchME_kons): null

2022-11-25 09:04:06 - [TEST_STEP][PASSED] - println("spouse req id is : " + response_searchME_spouse): null

2022-11-25 09:04:06 - [TEST_STEP][PASSED] - verifyResponseStatusCode(req_data, 200): Verify response status code successfully

2022-11-25 09:04:06 - [MESSAGE][PASSED] - Verify response status code successfully

2022-11-25 09:04:06 - [TEST_STEP][PASSED] - response = req_data.getResponseText(): null

2022-11-25 09:04:06 - [TEST_STEP][PASSED] - logInfo($response): {"status":"Done","data":{"requestid1":"254636","requestid2":"254637"}}

2022-11-25 09:04:06 - [MESSAGE][INFO] - {"status":"Done","data":{"requestid1":"254636","requestid2":"254637"}}

2022-11-25 09:04:06 - [TEST_STEP][PASSED] - delay(5): Delayed 5 second(s)

2022-11-25 09:04:11 - [MESSAGE][PASSED] - Delayed 5 second(s)

2022-11-25 09:04:11 - [TEST_STEP][PASSED] - scoring = sendRequest(findTestObject("EngineScore", ["response_searchME_kons":response_searchME_kons, "response_searchME_spouse":response_searchME_spouse])): Send request successfully

2022-11-25 09:04:11 - [MESSAGE][INFO] - HAR: D:\DMS\Engine Scoring\Reports\20221125_090152\Exclude KKB - DS - Married\Scoring Married - KKB\20221125_090152\requests\main\37.har

2022-11-25 09:04:11 - [MESSAGE][PASSED] - Send request successfully

2022-11-25 09:04:11 - [TEST_STEP][PASSED] - verifyResponseStatusCode(scoring, 200): Verify response status code successfully

2022-11-25 09:04:11 - [MESSAGE][PASSED] - Verify response status code successfully

2022-11-25 09:04:11 - [TEST_STEP][PASSED] - response2 = scoring.getResponseText(): null

2022-11-25 09:04:11 - [TEST_STEP][PASSED] - markPassed("result service data ke : " + no): result service data ke : 19

2022-11-25 09:04:11 - [MESSAGE][PASSED] - result service data ke : 19

2022-11-25 09:04:11 - [TEST_STEP][PASSED] - logInfo($response2): {"result_konsumen":"Reject","result_pasangan":"Reguler","Final_result":"Reject","errorMessage":"","status":"Done"}

2022-11-25 09:04:11 - [MESSAGE][INFO] - {"result_konsumen":"Reject","result_pasangan":"Reguler","Final_result":"Reject","errorMessage":"","status":"Done"}

2022-11-25 09:04:11 - [TEST_STEP][PASSED] - verifyElementPropertyValue(scoring, "Final_result", final_result): Verify element property value successfully

2022-11-25 09:04:11 - [MESSAGE][PASSED] - Verify element property value successfully]]></system-out>
         <system-err><![CDATA[]]></system-err>
      </testcase>
      <testcase name="Test Cases/Engine_Scoring/Engine Scoring" time="6.52" classname="Test Cases/Engine_Scoring/Engine Scoring" status="PASSED">
         <system-out><![CDATA[2022-11-25 09:04:11 - [TEST_CASE][PASSED] - Test Cases/Engine_Scoring/Engine Scoring: Test Cases/Engine_Scoring/Engine Scoring

2022-11-25 09:04:11 - [TEST_STEP][PASSED] - markPassed("Variasi data ke : " + no): Variasi data ke : 20

2022-11-25 09:04:11 - [MESSAGE][PASSED] - Variasi data ke : 20

2022-11-25 09:04:11 - [TEST_STEP][PASSED] - req_data = sendRequest(findTestObject("Search_ME", ["MID":MID, "source":source, "ip":ip, "userid":userid, "branch":branch, "tipekons":tipekons, "marital":marital, "penjamin":penjamin, ... ])): Send request successfully

2022-11-25 09:04:12 - [MESSAGE][INFO] - HAR: D:\DMS\Engine Scoring\Reports\20221125_090152\Exclude KKB - DS - Married\Scoring Married - KKB\20221125_090152\requests\main\38.har

2022-11-25 09:04:12 - [MESSAGE][PASSED] - Send request successfully

2022-11-25 09:04:12 - [TEST_STEP][PASSED] - slurper = new groovy.json.JsonSlurper(): null

2022-11-25 09:04:12 - [TEST_STEP][PASSED] - result = slurper.parseText(req_data.getResponseBodyContent()): null

2022-11-25 09:04:12 - [TEST_STEP][PASSED] - reqid_kons = requestid1: null

2022-11-25 09:04:12 - [TEST_STEP][PASSED] - reqid_spouse = requestid2: null

2022-11-25 09:04:12 - [TEST_STEP][PASSED] - println("requestid kons : " + reqid_kons): null

2022-11-25 09:04:12 - [TEST_STEP][PASSED] - response_searchME_kons = reqid_kons: null

2022-11-25 09:04:12 - [TEST_STEP][PASSED] - response_searchME_spouse = reqid_spouse: null

2022-11-25 09:04:12 - [TEST_STEP][PASSED] - println("kons req id is :" + response_searchME_kons): null

2022-11-25 09:04:12 - [TEST_STEP][PASSED] - println("spouse req id is : " + response_searchME_spouse): null

2022-11-25 09:04:12 - [TEST_STEP][PASSED] - verifyResponseStatusCode(req_data, 200): Verify response status code successfully

2022-11-25 09:04:12 - [MESSAGE][PASSED] - Verify response status code successfully

2022-11-25 09:04:12 - [TEST_STEP][PASSED] - response = req_data.getResponseText(): null

2022-11-25 09:04:12 - [TEST_STEP][PASSED] - logInfo($response): {"status":"Done","data":{"requestid1":"254638","requestid2":"254639"}}

2022-11-25 09:04:12 - [MESSAGE][INFO] - {"status":"Done","data":{"requestid1":"254638","requestid2":"254639"}}

2022-11-25 09:04:12 - [TEST_STEP][PASSED] - delay(5): Delayed 5 second(s)

2022-11-25 09:04:17 - [MESSAGE][PASSED] - Delayed 5 second(s)

2022-11-25 09:04:17 - [TEST_STEP][PASSED] - scoring = sendRequest(findTestObject("EngineScore", ["response_searchME_kons":response_searchME_kons, "response_searchME_spouse":response_searchME_spouse])): Send request successfully

2022-11-25 09:04:17 - [MESSAGE][INFO] - HAR: D:\DMS\Engine Scoring\Reports\20221125_090152\Exclude KKB - DS - Married\Scoring Married - KKB\20221125_090152\requests\main\39.har

2022-11-25 09:04:17 - [MESSAGE][PASSED] - Send request successfully

2022-11-25 09:04:17 - [TEST_STEP][PASSED] - verifyResponseStatusCode(scoring, 200): Verify response status code successfully

2022-11-25 09:04:17 - [MESSAGE][PASSED] - Verify response status code successfully

2022-11-25 09:04:17 - [TEST_STEP][PASSED] - response2 = scoring.getResponseText(): null

2022-11-25 09:04:17 - [TEST_STEP][PASSED] - markPassed("result service data ke : " + no): result service data ke : 20

2022-11-25 09:04:17 - [MESSAGE][PASSED] - result service data ke : 20

2022-11-25 09:04:17 - [TEST_STEP][PASSED] - logInfo($response2): {"result_konsumen":"Reject","result_pasangan":"Reguler","Final_result":"Reject","errorMessage":"","status":"Done"}

2022-11-25 09:04:17 - [MESSAGE][INFO] - {"result_konsumen":"Reject","result_pasangan":"Reguler","Final_result":"Reject","errorMessage":"","status":"Done"}

2022-11-25 09:04:17 - [TEST_STEP][PASSED] - verifyElementPropertyValue(scoring, "Final_result", final_result): Verify element property value successfully

2022-11-25 09:04:17 - [MESSAGE][PASSED] - Verify element property value successfully]]></system-out>
         <system-err><![CDATA[]]></system-err>
      </testcase>
      <testcase name="Test Cases/Engine_Scoring/Engine Scoring" time="6.582" classname="Test Cases/Engine_Scoring/Engine Scoring" status="PASSED">
         <system-out><![CDATA[2022-11-25 09:04:17 - [TEST_CASE][PASSED] - Test Cases/Engine_Scoring/Engine Scoring: Test Cases/Engine_Scoring/Engine Scoring

2022-11-25 09:04:18 - [TEST_STEP][PASSED] - markPassed("Variasi data ke : " + no): Variasi data ke : 21

2022-11-25 09:04:18 - [MESSAGE][PASSED] - Variasi data ke : 21

2022-11-25 09:04:18 - [TEST_STEP][PASSED] - req_data = sendRequest(findTestObject("Search_ME", ["MID":MID, "source":source, "ip":ip, "userid":userid, "branch":branch, "tipekons":tipekons, "marital":marital, "penjamin":penjamin, ... ])): Send request successfully

2022-11-25 09:04:19 - [MESSAGE][INFO] - HAR: D:\DMS\Engine Scoring\Reports\20221125_090152\Exclude KKB - DS - Married\Scoring Married - KKB\20221125_090152\requests\main\40.har

2022-11-25 09:04:19 - [MESSAGE][PASSED] - Send request successfully

2022-11-25 09:04:19 - [TEST_STEP][PASSED] - slurper = new groovy.json.JsonSlurper(): null

2022-11-25 09:04:19 - [TEST_STEP][PASSED] - result = slurper.parseText(req_data.getResponseBodyContent()): null

2022-11-25 09:04:19 - [TEST_STEP][PASSED] - reqid_kons = requestid1: null

2022-11-25 09:04:19 - [TEST_STEP][PASSED] - reqid_spouse = requestid2: null

2022-11-25 09:04:19 - [TEST_STEP][PASSED] - println("requestid kons : " + reqid_kons): null

2022-11-25 09:04:19 - [TEST_STEP][PASSED] - response_searchME_kons = reqid_kons: null

2022-11-25 09:04:19 - [TEST_STEP][PASSED] - response_searchME_spouse = reqid_spouse: null

2022-11-25 09:04:19 - [TEST_STEP][PASSED] - println("kons req id is :" + response_searchME_kons): null

2022-11-25 09:04:19 - [TEST_STEP][PASSED] - println("spouse req id is : " + response_searchME_spouse): null

2022-11-25 09:04:19 - [TEST_STEP][PASSED] - verifyResponseStatusCode(req_data, 200): Verify response status code successfully

2022-11-25 09:04:19 - [MESSAGE][PASSED] - Verify response status code successfully

2022-11-25 09:04:19 - [TEST_STEP][PASSED] - response = req_data.getResponseText(): null

2022-11-25 09:04:19 - [TEST_STEP][PASSED] - logInfo($response): {"status":"Done","data":{"requestid1":"254640","requestid2":"254641"}}

2022-11-25 09:04:19 - [MESSAGE][INFO] - {"status":"Done","data":{"requestid1":"254640","requestid2":"254641"}}

2022-11-25 09:04:19 - [TEST_STEP][PASSED] - delay(5): Delayed 5 second(s)

2022-11-25 09:04:24 - [MESSAGE][PASSED] - Delayed 5 second(s)

2022-11-25 09:04:24 - [TEST_STEP][PASSED] - scoring = sendRequest(findTestObject("EngineScore", ["response_searchME_kons":response_searchME_kons, "response_searchME_spouse":response_searchME_spouse])): Send request successfully

2022-11-25 09:04:24 - [MESSAGE][INFO] - HAR: D:\DMS\Engine Scoring\Reports\20221125_090152\Exclude KKB - DS - Married\Scoring Married - KKB\20221125_090152\requests\main\41.har

2022-11-25 09:04:24 - [MESSAGE][PASSED] - Send request successfully

2022-11-25 09:04:24 - [TEST_STEP][PASSED] - verifyResponseStatusCode(scoring, 200): Verify response status code successfully

2022-11-25 09:04:24 - [MESSAGE][PASSED] - Verify response status code successfully

2022-11-25 09:04:24 - [TEST_STEP][PASSED] - response2 = scoring.getResponseText(): null

2022-11-25 09:04:24 - [TEST_STEP][PASSED] - markPassed("result service data ke : " + no): result service data ke : 21

2022-11-25 09:04:24 - [MESSAGE][PASSED] - result service data ke : 21

2022-11-25 09:04:24 - [TEST_STEP][PASSED] - logInfo($response2): {"result_konsumen":"Reject","result_pasangan":"Reguler","Final_result":"Reject","errorMessage":"","status":"Done"}

2022-11-25 09:04:24 - [MESSAGE][INFO] - {"result_konsumen":"Reject","result_pasangan":"Reguler","Final_result":"Reject","errorMessage":"","status":"Done"}

2022-11-25 09:04:24 - [TEST_STEP][PASSED] - verifyElementPropertyValue(scoring, "Final_result", final_result): Verify element property value successfully

2022-11-25 09:04:24 - [MESSAGE][PASSED] - Verify element property value successfully]]></system-out>
         <system-err><![CDATA[]]></system-err>
      </testcase>
      <testcase name="Test Cases/Engine_Scoring/Engine Scoring" time="7.472" classname="Test Cases/Engine_Scoring/Engine Scoring" status="PASSED">
         <system-out><![CDATA[2022-11-25 09:04:24 - [TEST_CASE][PASSED] - Test Cases/Engine_Scoring/Engine Scoring: Test Cases/Engine_Scoring/Engine Scoring

2022-11-25 09:04:25 - [TEST_STEP][PASSED] - markPassed("Variasi data ke : " + no): Variasi data ke : 22

2022-11-25 09:04:25 - [MESSAGE][PASSED] - Variasi data ke : 22

2022-11-25 09:04:25 - [TEST_STEP][PASSED] - req_data = sendRequest(findTestObject("Search_ME", ["MID":MID, "source":source, "ip":ip, "userid":userid, "branch":branch, "tipekons":tipekons, "marital":marital, "penjamin":penjamin, ... ])): Send request successfully

2022-11-25 09:04:26 - [MESSAGE][INFO] - HAR: D:\DMS\Engine Scoring\Reports\20221125_090152\Exclude KKB - DS - Married\Scoring Married - KKB\20221125_090152\requests\main\42.har

2022-11-25 09:04:26 - [MESSAGE][PASSED] - Send request successfully

2022-11-25 09:04:26 - [TEST_STEP][PASSED] - slurper = new groovy.json.JsonSlurper(): null

2022-11-25 09:04:26 - [TEST_STEP][PASSED] - result = slurper.parseText(req_data.getResponseBodyContent()): null

2022-11-25 09:04:26 - [TEST_STEP][PASSED] - reqid_kons = requestid1: null

2022-11-25 09:04:26 - [TEST_STEP][PASSED] - reqid_spouse = requestid2: null

2022-11-25 09:04:26 - [TEST_STEP][PASSED] - println("requestid kons : " + reqid_kons): null

2022-11-25 09:04:26 - [TEST_STEP][PASSED] - response_searchME_kons = reqid_kons: null

2022-11-25 09:04:26 - [TEST_STEP][PASSED] - response_searchME_spouse = reqid_spouse: null

2022-11-25 09:04:26 - [TEST_STEP][PASSED] - println("kons req id is :" + response_searchME_kons): null

2022-11-25 09:04:26 - [TEST_STEP][PASSED] - println("spouse req id is : " + response_searchME_spouse): null

2022-11-25 09:04:26 - [TEST_STEP][PASSED] - verifyResponseStatusCode(req_data, 200): Verify response status code successfully

2022-11-25 09:04:26 - [MESSAGE][PASSED] - Verify response status code successfully

2022-11-25 09:04:26 - [TEST_STEP][PASSED] - response = req_data.getResponseText(): null

2022-11-25 09:04:26 - [TEST_STEP][PASSED] - logInfo($response): {"status":"Done","data":{"requestid1":"254642","requestid2":"254643"}}

2022-11-25 09:04:26 - [MESSAGE][INFO] - {"status":"Done","data":{"requestid1":"254642","requestid2":"254643"}}

2022-11-25 09:04:26 - [TEST_STEP][PASSED] - delay(5): Delayed 5 second(s)

2022-11-25 09:04:31 - [MESSAGE][PASSED] - Delayed 5 second(s)

2022-11-25 09:04:31 - [TEST_STEP][PASSED] - scoring = sendRequest(findTestObject("EngineScore", ["response_searchME_kons":response_searchME_kons, "response_searchME_spouse":response_searchME_spouse])): Send request successfully

2022-11-25 09:04:31 - [MESSAGE][INFO] - HAR: D:\DMS\Engine Scoring\Reports\20221125_090152\Exclude KKB - DS - Married\Scoring Married - KKB\20221125_090152\requests\main\43.har

2022-11-25 09:04:31 - [MESSAGE][PASSED] - Send request successfully

2022-11-25 09:04:31 - [TEST_STEP][PASSED] - verifyResponseStatusCode(scoring, 200): Verify response status code successfully

2022-11-25 09:04:31 - [MESSAGE][PASSED] - Verify response status code successfully

2022-11-25 09:04:31 - [TEST_STEP][PASSED] - response2 = scoring.getResponseText(): null

2022-11-25 09:04:31 - [TEST_STEP][PASSED] - markPassed("result service data ke : " + no): result service data ke : 22

2022-11-25 09:04:31 - [MESSAGE][PASSED] - result service data ke : 22

2022-11-25 09:04:31 - [TEST_STEP][PASSED] - logInfo($response2): {"result_konsumen":"Reject","result_pasangan":"Reguler","Final_result":"Reject","errorMessage":"","status":"Done"}

2022-11-25 09:04:31 - [MESSAGE][INFO] - {"result_konsumen":"Reject","result_pasangan":"Reguler","Final_result":"Reject","errorMessage":"","status":"Done"}

2022-11-25 09:04:31 - [TEST_STEP][PASSED] - verifyElementPropertyValue(scoring, "Final_result", final_result): Verify element property value successfully

2022-11-25 09:04:31 - [MESSAGE][PASSED] - Verify element property value successfully]]></system-out>
         <system-err><![CDATA[]]></system-err>
      </testcase>
      <testcase name="Test Cases/Engine_Scoring/Engine Scoring" time="6.541" classname="Test Cases/Engine_Scoring/Engine Scoring" status="PASSED">
         <system-out><![CDATA[2022-11-25 09:04:32 - [TEST_CASE][PASSED] - Test Cases/Engine_Scoring/Engine Scoring: Test Cases/Engine_Scoring/Engine Scoring

2022-11-25 09:04:32 - [TEST_STEP][PASSED] - markPassed("Variasi data ke : " + no): Variasi data ke : 23

2022-11-25 09:04:32 - [MESSAGE][PASSED] - Variasi data ke : 23

2022-11-25 09:04:32 - [TEST_STEP][PASSED] - req_data = sendRequest(findTestObject("Search_ME", ["MID":MID, "source":source, "ip":ip, "userid":userid, "branch":branch, "tipekons":tipekons, "marital":marital, "penjamin":penjamin, ... ])): Send request successfully

2022-11-25 09:04:33 - [MESSAGE][INFO] - HAR: D:\DMS\Engine Scoring\Reports\20221125_090152\Exclude KKB - DS - Married\Scoring Married - KKB\20221125_090152\requests\main\44.har

2022-11-25 09:04:33 - [MESSAGE][PASSED] - Send request successfully

2022-11-25 09:04:33 - [TEST_STEP][PASSED] - slurper = new groovy.json.JsonSlurper(): null

2022-11-25 09:04:33 - [TEST_STEP][PASSED] - result = slurper.parseText(req_data.getResponseBodyContent()): null

2022-11-25 09:04:33 - [TEST_STEP][PASSED] - reqid_kons = requestid1: null

2022-11-25 09:04:33 - [TEST_STEP][PASSED] - reqid_spouse = requestid2: null

2022-11-25 09:04:33 - [TEST_STEP][PASSED] - println("requestid kons : " + reqid_kons): null

2022-11-25 09:04:33 - [TEST_STEP][PASSED] - response_searchME_kons = reqid_kons: null

2022-11-25 09:04:33 - [TEST_STEP][PASSED] - response_searchME_spouse = reqid_spouse: null

2022-11-25 09:04:33 - [TEST_STEP][PASSED] - println("kons req id is :" + response_searchME_kons): null

2022-11-25 09:04:33 - [TEST_STEP][PASSED] - println("spouse req id is : " + response_searchME_spouse): null

2022-11-25 09:04:33 - [TEST_STEP][PASSED] - verifyResponseStatusCode(req_data, 200): Verify response status code successfully

2022-11-25 09:04:33 - [MESSAGE][PASSED] - Verify response status code successfully

2022-11-25 09:04:33 - [TEST_STEP][PASSED] - response = req_data.getResponseText(): null

2022-11-25 09:04:33 - [TEST_STEP][PASSED] - logInfo($response): {"status":"Done","data":{"requestid1":"254644","requestid2":"254645"}}

2022-11-25 09:04:33 - [MESSAGE][INFO] - {"status":"Done","data":{"requestid1":"254644","requestid2":"254645"}}

2022-11-25 09:04:33 - [TEST_STEP][PASSED] - delay(5): Delayed 5 second(s)

2022-11-25 09:04:38 - [MESSAGE][PASSED] - Delayed 5 second(s)

2022-11-25 09:04:38 - [TEST_STEP][PASSED] - scoring = sendRequest(findTestObject("EngineScore", ["response_searchME_kons":response_searchME_kons, "response_searchME_spouse":response_searchME_spouse])): Send request successfully

2022-11-25 09:04:38 - [MESSAGE][INFO] - HAR: D:\DMS\Engine Scoring\Reports\20221125_090152\Exclude KKB - DS - Married\Scoring Married - KKB\20221125_090152\requests\main\45.har

2022-11-25 09:04:38 - [MESSAGE][PASSED] - Send request successfully

2022-11-25 09:04:38 - [TEST_STEP][PASSED] - verifyResponseStatusCode(scoring, 200): Verify response status code successfully

2022-11-25 09:04:38 - [MESSAGE][PASSED] - Verify response status code successfully

2022-11-25 09:04:38 - [TEST_STEP][PASSED] - response2 = scoring.getResponseText(): null

2022-11-25 09:04:38 - [TEST_STEP][PASSED] - markPassed("result service data ke : " + no): result service data ke : 23

2022-11-25 09:04:38 - [MESSAGE][PASSED] - result service data ke : 23

2022-11-25 09:04:38 - [TEST_STEP][PASSED] - logInfo($response2): {"result_konsumen":"Reject","result_pasangan":"Reject","Final_result":"Reject","errorMessage":"","status":"Done"}

2022-11-25 09:04:38 - [MESSAGE][INFO] - {"result_konsumen":"Reject","result_pasangan":"Reject","Final_result":"Reject","errorMessage":"","status":"Done"}

2022-11-25 09:04:38 - [TEST_STEP][PASSED] - verifyElementPropertyValue(scoring, "Final_result", final_result): Verify element property value successfully

2022-11-25 09:04:38 - [MESSAGE][PASSED] - Verify element property value successfully]]></system-out>
         <system-err><![CDATA[]]></system-err>
      </testcase>
      <testcase name="Test Cases/Engine_Scoring/Engine Scoring" time="6.722" classname="Test Cases/Engine_Scoring/Engine Scoring" status="PASSED">
         <system-out><![CDATA[2022-11-25 09:04:38 - [TEST_CASE][PASSED] - Test Cases/Engine_Scoring/Engine Scoring: Test Cases/Engine_Scoring/Engine Scoring

2022-11-25 09:04:39 - [TEST_STEP][PASSED] - markPassed("Variasi data ke : " + no): Variasi data ke : 24

2022-11-25 09:04:39 - [MESSAGE][PASSED] - Variasi data ke : 24

2022-11-25 09:04:39 - [TEST_STEP][PASSED] - req_data = sendRequest(findTestObject("Search_ME", ["MID":MID, "source":source, "ip":ip, "userid":userid, "branch":branch, "tipekons":tipekons, "marital":marital, "penjamin":penjamin, ... ])): Send request successfully

2022-11-25 09:04:40 - [MESSAGE][INFO] - HAR: D:\DMS\Engine Scoring\Reports\20221125_090152\Exclude KKB - DS - Married\Scoring Married - KKB\20221125_090152\requests\main\46.har

2022-11-25 09:04:40 - [MESSAGE][PASSED] - Send request successfully

2022-11-25 09:04:40 - [TEST_STEP][PASSED] - slurper = new groovy.json.JsonSlurper(): null

2022-11-25 09:04:40 - [TEST_STEP][PASSED] - result = slurper.parseText(req_data.getResponseBodyContent()): null

2022-11-25 09:04:40 - [TEST_STEP][PASSED] - reqid_kons = requestid1: null

2022-11-25 09:04:40 - [TEST_STEP][PASSED] - reqid_spouse = requestid2: null

2022-11-25 09:04:40 - [TEST_STEP][PASSED] - println("requestid kons : " + reqid_kons): null

2022-11-25 09:04:40 - [TEST_STEP][PASSED] - response_searchME_kons = reqid_kons: null

2022-11-25 09:04:40 - [TEST_STEP][PASSED] - response_searchME_spouse = reqid_spouse: null

2022-11-25 09:04:40 - [TEST_STEP][PASSED] - println("kons req id is :" + response_searchME_kons): null

2022-11-25 09:04:40 - [TEST_STEP][PASSED] - println("spouse req id is : " + response_searchME_spouse): null

2022-11-25 09:04:40 - [TEST_STEP][PASSED] - verifyResponseStatusCode(req_data, 200): Verify response status code successfully

2022-11-25 09:04:40 - [MESSAGE][PASSED] - Verify response status code successfully

2022-11-25 09:04:40 - [TEST_STEP][PASSED] - response = req_data.getResponseText(): null

2022-11-25 09:04:40 - [TEST_STEP][PASSED] - logInfo($response): {"status":"Done","data":{"requestid1":"254646","requestid2":"254647"}}

2022-11-25 09:04:40 - [MESSAGE][INFO] - {"status":"Done","data":{"requestid1":"254646","requestid2":"254647"}}

2022-11-25 09:04:40 - [TEST_STEP][PASSED] - delay(5): Delayed 5 second(s)

2022-11-25 09:04:45 - [MESSAGE][PASSED] - Delayed 5 second(s)

2022-11-25 09:04:45 - [TEST_STEP][PASSED] - scoring = sendRequest(findTestObject("EngineScore", ["response_searchME_kons":response_searchME_kons, "response_searchME_spouse":response_searchME_spouse])): Send request successfully

2022-11-25 09:04:45 - [MESSAGE][INFO] - HAR: D:\DMS\Engine Scoring\Reports\20221125_090152\Exclude KKB - DS - Married\Scoring Married - KKB\20221125_090152\requests\main\47.har

2022-11-25 09:04:45 - [MESSAGE][PASSED] - Send request successfully

2022-11-25 09:04:45 - [TEST_STEP][PASSED] - verifyResponseStatusCode(scoring, 200): Verify response status code successfully

2022-11-25 09:04:45 - [MESSAGE][PASSED] - Verify response status code successfully

2022-11-25 09:04:45 - [TEST_STEP][PASSED] - response2 = scoring.getResponseText(): null

2022-11-25 09:04:45 - [TEST_STEP][PASSED] - markPassed("result service data ke : " + no): result service data ke : 24

2022-11-25 09:04:45 - [MESSAGE][PASSED] - result service data ke : 24

2022-11-25 09:04:45 - [TEST_STEP][PASSED] - logInfo($response2): {"result_konsumen":"Reject","result_pasangan":"Reject","Final_result":"Reject","errorMessage":"","status":"Done"}

2022-11-25 09:04:45 - [MESSAGE][INFO] - {"result_konsumen":"Reject","result_pasangan":"Reject","Final_result":"Reject","errorMessage":"","status":"Done"}

2022-11-25 09:04:45 - [TEST_STEP][PASSED] - verifyElementPropertyValue(scoring, "Final_result", final_result): Verify element property value successfully

2022-11-25 09:04:45 - [MESSAGE][PASSED] - Verify element property value successfully]]></system-out>
         <system-err><![CDATA[]]></system-err>
      </testcase>
      <testcase name="Test Cases/Engine_Scoring/Engine Scoring" time="6.474" classname="Test Cases/Engine_Scoring/Engine Scoring" status="PASSED">
         <system-out><![CDATA[2022-11-25 09:04:45 - [TEST_CASE][PASSED] - Test Cases/Engine_Scoring/Engine Scoring: Test Cases/Engine_Scoring/Engine Scoring

2022-11-25 09:04:46 - [TEST_STEP][PASSED] - markPassed("Variasi data ke : " + no): Variasi data ke : 25

2022-11-25 09:04:46 - [MESSAGE][PASSED] - Variasi data ke : 25

2022-11-25 09:04:46 - [TEST_STEP][PASSED] - req_data = sendRequest(findTestObject("Search_ME", ["MID":MID, "source":source, "ip":ip, "userid":userid, "branch":branch, "tipekons":tipekons, "marital":marital, "penjamin":penjamin, ... ])): Send request successfully

2022-11-25 09:04:46 - [MESSAGE][INFO] - HAR: D:\DMS\Engine Scoring\Reports\20221125_090152\Exclude KKB - DS - Married\Scoring Married - KKB\20221125_090152\requests\main\48.har

2022-11-25 09:04:46 - [MESSAGE][PASSED] - Send request successfully

2022-11-25 09:04:46 - [TEST_STEP][PASSED] - slurper = new groovy.json.JsonSlurper(): null

2022-11-25 09:04:46 - [TEST_STEP][PASSED] - result = slurper.parseText(req_data.getResponseBodyContent()): null

2022-11-25 09:04:46 - [TEST_STEP][PASSED] - reqid_kons = requestid1: null

2022-11-25 09:04:46 - [TEST_STEP][PASSED] - reqid_spouse = requestid2: null

2022-11-25 09:04:46 - [TEST_STEP][PASSED] - println("requestid kons : " + reqid_kons): null

2022-11-25 09:04:46 - [TEST_STEP][PASSED] - response_searchME_kons = reqid_kons: null

2022-11-25 09:04:46 - [TEST_STEP][PASSED] - response_searchME_spouse = reqid_spouse: null

2022-11-25 09:04:46 - [TEST_STEP][PASSED] - println("kons req id is :" + response_searchME_kons): null

2022-11-25 09:04:46 - [TEST_STEP][PASSED] - println("spouse req id is : " + response_searchME_spouse): null

2022-11-25 09:04:46 - [TEST_STEP][PASSED] - verifyResponseStatusCode(req_data, 200): Verify response status code successfully

2022-11-25 09:04:46 - [MESSAGE][PASSED] - Verify response status code successfully

2022-11-25 09:04:46 - [TEST_STEP][PASSED] - response = req_data.getResponseText(): null

2022-11-25 09:04:46 - [TEST_STEP][PASSED] - logInfo($response): {"status":"Done","data":{"requestid1":"254648","requestid2":"254649"}}

2022-11-25 09:04:46 - [MESSAGE][INFO] - {"status":"Done","data":{"requestid1":"254648","requestid2":"254649"}}

2022-11-25 09:04:46 - [TEST_STEP][PASSED] - delay(5): Delayed 5 second(s)

2022-11-25 09:04:51 - [MESSAGE][PASSED] - Delayed 5 second(s)

2022-11-25 09:04:51 - [TEST_STEP][PASSED] - scoring = sendRequest(findTestObject("EngineScore", ["response_searchME_kons":response_searchME_kons, "response_searchME_spouse":response_searchME_spouse])): Send request successfully

2022-11-25 09:04:51 - [MESSAGE][INFO] - HAR: D:\DMS\Engine Scoring\Reports\20221125_090152\Exclude KKB - DS - Married\Scoring Married - KKB\20221125_090152\requests\main\49.har

2022-11-25 09:04:51 - [MESSAGE][PASSED] - Send request successfully

2022-11-25 09:04:51 - [TEST_STEP][PASSED] - verifyResponseStatusCode(scoring, 200): Verify response status code successfully

2022-11-25 09:04:51 - [MESSAGE][PASSED] - Verify response status code successfully

2022-11-25 09:04:51 - [TEST_STEP][PASSED] - response2 = scoring.getResponseText(): null

2022-11-25 09:04:51 - [TEST_STEP][PASSED] - markPassed("result service data ke : " + no): result service data ke : 25

2022-11-25 09:04:51 - [MESSAGE][PASSED] - result service data ke : 25

2022-11-25 09:04:51 - [TEST_STEP][PASSED] - logInfo($response2): {"result_konsumen":"Reject","result_pasangan":"Reguler","Final_result":"Reject","errorMessage":"","status":"Done"}

2022-11-25 09:04:51 - [MESSAGE][INFO] - {"result_konsumen":"Reject","result_pasangan":"Reguler","Final_result":"Reject","errorMessage":"","status":"Done"}

2022-11-25 09:04:51 - [TEST_STEP][PASSED] - verifyElementPropertyValue(scoring, "Final_result", final_result): Verify element property value successfully

2022-11-25 09:04:51 - [MESSAGE][PASSED] - Verify element property value successfully]]></system-out>
         <system-err><![CDATA[]]></system-err>
      </testcase>
      <testcase name="Test Cases/Engine_Scoring/Engine Scoring" time="6.572" classname="Test Cases/Engine_Scoring/Engine Scoring" status="PASSED">
         <system-out><![CDATA[2022-11-25 09:04:51 - [TEST_CASE][PASSED] - Test Cases/Engine_Scoring/Engine Scoring: Test Cases/Engine_Scoring/Engine Scoring

2022-11-25 09:04:52 - [TEST_STEP][PASSED] - markPassed("Variasi data ke : " + no): Variasi data ke : 26

2022-11-25 09:04:52 - [MESSAGE][PASSED] - Variasi data ke : 26

2022-11-25 09:04:52 - [TEST_STEP][PASSED] - req_data = sendRequest(findTestObject("Search_ME", ["MID":MID, "source":source, "ip":ip, "userid":userid, "branch":branch, "tipekons":tipekons, "marital":marital, "penjamin":penjamin, ... ])): Send request successfully

2022-11-25 09:04:53 - [MESSAGE][INFO] - HAR: D:\DMS\Engine Scoring\Reports\20221125_090152\Exclude KKB - DS - Married\Scoring Married - KKB\20221125_090152\requests\main\50.har

2022-11-25 09:04:53 - [MESSAGE][PASSED] - Send request successfully

2022-11-25 09:04:53 - [TEST_STEP][PASSED] - slurper = new groovy.json.JsonSlurper(): null

2022-11-25 09:04:53 - [TEST_STEP][PASSED] - result = slurper.parseText(req_data.getResponseBodyContent()): null

2022-11-25 09:04:53 - [TEST_STEP][PASSED] - reqid_kons = requestid1: null

2022-11-25 09:04:53 - [TEST_STEP][PASSED] - reqid_spouse = requestid2: null

2022-11-25 09:04:53 - [TEST_STEP][PASSED] - println("requestid kons : " + reqid_kons): null

2022-11-25 09:04:53 - [TEST_STEP][PASSED] - response_searchME_kons = reqid_kons: null

2022-11-25 09:04:53 - [TEST_STEP][PASSED] - response_searchME_spouse = reqid_spouse: null

2022-11-25 09:04:53 - [TEST_STEP][PASSED] - println("kons req id is :" + response_searchME_kons): null

2022-11-25 09:04:53 - [TEST_STEP][PASSED] - println("spouse req id is : " + response_searchME_spouse): null

2022-11-25 09:04:53 - [TEST_STEP][PASSED] - verifyResponseStatusCode(req_data, 200): Verify response status code successfully

2022-11-25 09:04:53 - [MESSAGE][PASSED] - Verify response status code successfully

2022-11-25 09:04:53 - [TEST_STEP][PASSED] - response = req_data.getResponseText(): null

2022-11-25 09:04:53 - [TEST_STEP][PASSED] - logInfo($response): {"status":"Done","data":{"requestid1":"254650","requestid2":"254651"}}

2022-11-25 09:04:53 - [MESSAGE][INFO] - {"status":"Done","data":{"requestid1":"254650","requestid2":"254651"}}

2022-11-25 09:04:53 - [TEST_STEP][PASSED] - delay(5): Delayed 5 second(s)

2022-11-25 09:04:58 - [MESSAGE][PASSED] - Delayed 5 second(s)

2022-11-25 09:04:58 - [TEST_STEP][PASSED] - scoring = sendRequest(findTestObject("EngineScore", ["response_searchME_kons":response_searchME_kons, "response_searchME_spouse":response_searchME_spouse])): Send request successfully

2022-11-25 09:04:58 - [MESSAGE][INFO] - HAR: D:\DMS\Engine Scoring\Reports\20221125_090152\Exclude KKB - DS - Married\Scoring Married - KKB\20221125_090152\requests\main\51.har

2022-11-25 09:04:58 - [MESSAGE][PASSED] - Send request successfully

2022-11-25 09:04:58 - [TEST_STEP][PASSED] - verifyResponseStatusCode(scoring, 200): Verify response status code successfully

2022-11-25 09:04:58 - [MESSAGE][PASSED] - Verify response status code successfully

2022-11-25 09:04:58 - [TEST_STEP][PASSED] - response2 = scoring.getResponseText(): null

2022-11-25 09:04:58 - [TEST_STEP][PASSED] - markPassed("result service data ke : " + no): result service data ke : 26

2022-11-25 09:04:58 - [MESSAGE][PASSED] - result service data ke : 26

2022-11-25 09:04:58 - [TEST_STEP][PASSED] - logInfo($response2): {"result_konsumen":"Reject","result_pasangan":"Reguler","Final_result":"Reject","errorMessage":"","status":"Done"}

2022-11-25 09:04:58 - [MESSAGE][INFO] - {"result_konsumen":"Reject","result_pasangan":"Reguler","Final_result":"Reject","errorMessage":"","status":"Done"}

2022-11-25 09:04:58 - [TEST_STEP][PASSED] - verifyElementPropertyValue(scoring, "Final_result", final_result): Verify element property value successfully

2022-11-25 09:04:58 - [MESSAGE][PASSED] - Verify element property value successfully]]></system-out>
         <system-err><![CDATA[]]></system-err>
      </testcase>
      <testcase name="Test Cases/Engine_Scoring/Engine Scoring" time="6.6" classname="Test Cases/Engine_Scoring/Engine Scoring" status="PASSED">
         <system-out><![CDATA[2022-11-25 09:04:58 - [TEST_CASE][PASSED] - Test Cases/Engine_Scoring/Engine Scoring: Test Cases/Engine_Scoring/Engine Scoring

2022-11-25 09:04:59 - [TEST_STEP][PASSED] - markPassed("Variasi data ke : " + no): Variasi data ke : 27

2022-11-25 09:04:59 - [MESSAGE][PASSED] - Variasi data ke : 27

2022-11-25 09:04:59 - [TEST_STEP][PASSED] - req_data = sendRequest(findTestObject("Search_ME", ["MID":MID, "source":source, "ip":ip, "userid":userid, "branch":branch, "tipekons":tipekons, "marital":marital, "penjamin":penjamin, ... ])): Send request successfully

2022-11-25 09:05:00 - [MESSAGE][INFO] - HAR: D:\DMS\Engine Scoring\Reports\20221125_090152\Exclude KKB - DS - Married\Scoring Married - KKB\20221125_090152\requests\main\52.har

2022-11-25 09:05:00 - [MESSAGE][PASSED] - Send request successfully

2022-11-25 09:05:00 - [TEST_STEP][PASSED] - slurper = new groovy.json.JsonSlurper(): null

2022-11-25 09:05:00 - [TEST_STEP][PASSED] - result = slurper.parseText(req_data.getResponseBodyContent()): null

2022-11-25 09:05:00 - [TEST_STEP][PASSED] - reqid_kons = requestid1: null

2022-11-25 09:05:00 - [TEST_STEP][PASSED] - reqid_spouse = requestid2: null

2022-11-25 09:05:00 - [TEST_STEP][PASSED] - println("requestid kons : " + reqid_kons): null

2022-11-25 09:05:00 - [TEST_STEP][PASSED] - response_searchME_kons = reqid_kons: null

2022-11-25 09:05:00 - [TEST_STEP][PASSED] - response_searchME_spouse = reqid_spouse: null

2022-11-25 09:05:00 - [TEST_STEP][PASSED] - println("kons req id is :" + response_searchME_kons): null

2022-11-25 09:05:00 - [TEST_STEP][PASSED] - println("spouse req id is : " + response_searchME_spouse): null

2022-11-25 09:05:00 - [TEST_STEP][PASSED] - verifyResponseStatusCode(req_data, 200): Verify response status code successfully

2022-11-25 09:05:00 - [MESSAGE][PASSED] - Verify response status code successfully

2022-11-25 09:05:00 - [TEST_STEP][PASSED] - response = req_data.getResponseText(): null

2022-11-25 09:05:00 - [TEST_STEP][PASSED] - logInfo($response): {"status":"Done","data":{"requestid1":"254652","requestid2":"254653"}}

2022-11-25 09:05:00 - [MESSAGE][INFO] - {"status":"Done","data":{"requestid1":"254652","requestid2":"254653"}}

2022-11-25 09:05:00 - [TEST_STEP][PASSED] - delay(5): Delayed 5 second(s)

2022-11-25 09:05:05 - [MESSAGE][PASSED] - Delayed 5 second(s)

2022-11-25 09:05:05 - [TEST_STEP][PASSED] - scoring = sendRequest(findTestObject("EngineScore", ["response_searchME_kons":response_searchME_kons, "response_searchME_spouse":response_searchME_spouse])): Send request successfully

2022-11-25 09:05:05 - [MESSAGE][INFO] - HAR: D:\DMS\Engine Scoring\Reports\20221125_090152\Exclude KKB - DS - Married\Scoring Married - KKB\20221125_090152\requests\main\53.har

2022-11-25 09:05:05 - [MESSAGE][PASSED] - Send request successfully

2022-11-25 09:05:05 - [TEST_STEP][PASSED] - verifyResponseStatusCode(scoring, 200): Verify response status code successfully

2022-11-25 09:05:05 - [MESSAGE][PASSED] - Verify response status code successfully

2022-11-25 09:05:05 - [TEST_STEP][PASSED] - response2 = scoring.getResponseText(): null

2022-11-25 09:05:05 - [TEST_STEP][PASSED] - markPassed("result service data ke : " + no): result service data ke : 27

2022-11-25 09:05:05 - [MESSAGE][PASSED] - result service data ke : 27

2022-11-25 09:05:05 - [TEST_STEP][PASSED] - logInfo($response2): {"result_konsumen":"Reject","result_pasangan":"Reguler","Final_result":"Reject","errorMessage":"","status":"Done"}

2022-11-25 09:05:05 - [MESSAGE][INFO] - {"result_konsumen":"Reject","result_pasangan":"Reguler","Final_result":"Reject","errorMessage":"","status":"Done"}

2022-11-25 09:05:05 - [TEST_STEP][PASSED] - verifyElementPropertyValue(scoring, "Final_result", final_result): Verify element property value successfully

2022-11-25 09:05:05 - [MESSAGE][PASSED] - Verify element property value successfully]]></system-out>
         <system-err><![CDATA[]]></system-err>
      </testcase>
      <testcase name="Test Cases/Engine_Scoring/Engine Scoring" time="6.523" classname="Test Cases/Engine_Scoring/Engine Scoring" status="PASSED">
         <system-out><![CDATA[2022-11-25 09:05:05 - [TEST_CASE][PASSED] - Test Cases/Engine_Scoring/Engine Scoring: Test Cases/Engine_Scoring/Engine Scoring

2022-11-25 09:05:05 - [TEST_STEP][PASSED] - markPassed("Variasi data ke : " + no): Variasi data ke : 28

2022-11-25 09:05:05 - [MESSAGE][PASSED] - Variasi data ke : 28

2022-11-25 09:05:05 - [TEST_STEP][PASSED] - req_data = sendRequest(findTestObject("Search_ME", ["MID":MID, "source":source, "ip":ip, "userid":userid, "branch":branch, "tipekons":tipekons, "marital":marital, "penjamin":penjamin, ... ])): Send request successfully

2022-11-25 09:05:06 - [MESSAGE][INFO] - HAR: D:\DMS\Engine Scoring\Reports\20221125_090152\Exclude KKB - DS - Married\Scoring Married - KKB\20221125_090152\requests\main\54.har

2022-11-25 09:05:06 - [MESSAGE][PASSED] - Send request successfully

2022-11-25 09:05:06 - [TEST_STEP][PASSED] - slurper = new groovy.json.JsonSlurper(): null

2022-11-25 09:05:06 - [TEST_STEP][PASSED] - result = slurper.parseText(req_data.getResponseBodyContent()): null

2022-11-25 09:05:06 - [TEST_STEP][PASSED] - reqid_kons = requestid1: null

2022-11-25 09:05:06 - [TEST_STEP][PASSED] - reqid_spouse = requestid2: null

2022-11-25 09:05:06 - [TEST_STEP][PASSED] - println("requestid kons : " + reqid_kons): null

2022-11-25 09:05:06 - [TEST_STEP][PASSED] - response_searchME_kons = reqid_kons: null

2022-11-25 09:05:06 - [TEST_STEP][PASSED] - response_searchME_spouse = reqid_spouse: null

2022-11-25 09:05:06 - [TEST_STEP][PASSED] - println("kons req id is :" + response_searchME_kons): null

2022-11-25 09:05:06 - [TEST_STEP][PASSED] - println("spouse req id is : " + response_searchME_spouse): null

2022-11-25 09:05:06 - [TEST_STEP][PASSED] - verifyResponseStatusCode(req_data, 200): Verify response status code successfully

2022-11-25 09:05:06 - [MESSAGE][PASSED] - Verify response status code successfully

2022-11-25 09:05:06 - [TEST_STEP][PASSED] - response = req_data.getResponseText(): null

2022-11-25 09:05:06 - [TEST_STEP][PASSED] - logInfo($response): {"status":"Done","data":{"requestid1":"254654","requestid2":"254655"}}

2022-11-25 09:05:06 - [MESSAGE][INFO] - {"status":"Done","data":{"requestid1":"254654","requestid2":"254655"}}

2022-11-25 09:05:06 - [TEST_STEP][PASSED] - delay(5): Delayed 5 second(s)

2022-11-25 09:05:11 - [MESSAGE][PASSED] - Delayed 5 second(s)

2022-11-25 09:05:11 - [TEST_STEP][PASSED] - scoring = sendRequest(findTestObject("EngineScore", ["response_searchME_kons":response_searchME_kons, "response_searchME_spouse":response_searchME_spouse])): Send request successfully

2022-11-25 09:05:11 - [MESSAGE][INFO] - HAR: D:\DMS\Engine Scoring\Reports\20221125_090152\Exclude KKB - DS - Married\Scoring Married - KKB\20221125_090152\requests\main\55.har

2022-11-25 09:05:11 - [MESSAGE][PASSED] - Send request successfully

2022-11-25 09:05:11 - [TEST_STEP][PASSED] - verifyResponseStatusCode(scoring, 200): Verify response status code successfully

2022-11-25 09:05:11 - [MESSAGE][PASSED] - Verify response status code successfully

2022-11-25 09:05:11 - [TEST_STEP][PASSED] - response2 = scoring.getResponseText(): null

2022-11-25 09:05:11 - [TEST_STEP][PASSED] - markPassed("result service data ke : " + no): result service data ke : 28

2022-11-25 09:05:11 - [MESSAGE][PASSED] - result service data ke : 28

2022-11-25 09:05:11 - [TEST_STEP][PASSED] - logInfo($response2): {"result_konsumen":"Reject","result_pasangan":"Approve","Final_result":"Reject","errorMessage":"","status":"Done"}

2022-11-25 09:05:11 - [MESSAGE][INFO] - {"result_konsumen":"Reject","result_pasangan":"Approve","Final_result":"Reject","errorMessage":"","status":"Done"}

2022-11-25 09:05:11 - [TEST_STEP][PASSED] - verifyElementPropertyValue(scoring, "Final_result", final_result): Verify element property value successfully

2022-11-25 09:05:11 - [MESSAGE][PASSED] - Verify element property value successfully]]></system-out>
         <system-err><![CDATA[]]></system-err>
      </testcase>
      <testcase name="Test Cases/Engine_Scoring/Engine Scoring" time="6.482" classname="Test Cases/Engine_Scoring/Engine Scoring" status="PASSED">
         <system-out><![CDATA[2022-11-25 09:05:11 - [TEST_CASE][PASSED] - Test Cases/Engine_Scoring/Engine Scoring: Test Cases/Engine_Scoring/Engine Scoring

2022-11-25 09:05:12 - [TEST_STEP][PASSED] - markPassed("Variasi data ke : " + no): Variasi data ke : 29

2022-11-25 09:05:12 - [MESSAGE][PASSED] - Variasi data ke : 29

2022-11-25 09:05:12 - [TEST_STEP][PASSED] - req_data = sendRequest(findTestObject("Search_ME", ["MID":MID, "source":source, "ip":ip, "userid":userid, "branch":branch, "tipekons":tipekons, "marital":marital, "penjamin":penjamin, ... ])): Send request successfully

2022-11-25 09:05:13 - [MESSAGE][INFO] - HAR: D:\DMS\Engine Scoring\Reports\20221125_090152\Exclude KKB - DS - Married\Scoring Married - KKB\20221125_090152\requests\main\56.har

2022-11-25 09:05:13 - [MESSAGE][PASSED] - Send request successfully

2022-11-25 09:05:13 - [TEST_STEP][PASSED] - slurper = new groovy.json.JsonSlurper(): null

2022-11-25 09:05:13 - [TEST_STEP][PASSED] - result = slurper.parseText(req_data.getResponseBodyContent()): null

2022-11-25 09:05:13 - [TEST_STEP][PASSED] - reqid_kons = requestid1: null

2022-11-25 09:05:13 - [TEST_STEP][PASSED] - reqid_spouse = requestid2: null

2022-11-25 09:05:13 - [TEST_STEP][PASSED] - println("requestid kons : " + reqid_kons): null

2022-11-25 09:05:13 - [TEST_STEP][PASSED] - response_searchME_kons = reqid_kons: null

2022-11-25 09:05:13 - [TEST_STEP][PASSED] - response_searchME_spouse = reqid_spouse: null

2022-11-25 09:05:13 - [TEST_STEP][PASSED] - println("kons req id is :" + response_searchME_kons): null

2022-11-25 09:05:13 - [TEST_STEP][PASSED] - println("spouse req id is : " + response_searchME_spouse): null

2022-11-25 09:05:13 - [TEST_STEP][PASSED] - verifyResponseStatusCode(req_data, 200): Verify response status code successfully

2022-11-25 09:05:13 - [MESSAGE][PASSED] - Verify response status code successfully

2022-11-25 09:05:13 - [TEST_STEP][PASSED] - response = req_data.getResponseText(): null

2022-11-25 09:05:13 - [TEST_STEP][PASSED] - logInfo($response): {"status":"Done","data":{"requestid1":"254656","requestid2":"254657"}}

2022-11-25 09:05:13 - [MESSAGE][INFO] - {"status":"Done","data":{"requestid1":"254656","requestid2":"254657"}}

2022-11-25 09:05:13 - [TEST_STEP][PASSED] - delay(5): Delayed 5 second(s)

2022-11-25 09:05:18 - [MESSAGE][PASSED] - Delayed 5 second(s)

2022-11-25 09:05:18 - [TEST_STEP][PASSED] - scoring = sendRequest(findTestObject("EngineScore", ["response_searchME_kons":response_searchME_kons, "response_searchME_spouse":response_searchME_spouse])): Send request successfully

2022-11-25 09:05:18 - [MESSAGE][INFO] - HAR: D:\DMS\Engine Scoring\Reports\20221125_090152\Exclude KKB - DS - Married\Scoring Married - KKB\20221125_090152\requests\main\57.har

2022-11-25 09:05:18 - [MESSAGE][PASSED] - Send request successfully

2022-11-25 09:05:18 - [TEST_STEP][PASSED] - verifyResponseStatusCode(scoring, 200): Verify response status code successfully

2022-11-25 09:05:18 - [MESSAGE][PASSED] - Verify response status code successfully

2022-11-25 09:05:18 - [TEST_STEP][PASSED] - response2 = scoring.getResponseText(): null

2022-11-25 09:05:18 - [TEST_STEP][PASSED] - markPassed("result service data ke : " + no): result service data ke : 29

2022-11-25 09:05:18 - [MESSAGE][PASSED] - result service data ke : 29

2022-11-25 09:05:18 - [TEST_STEP][PASSED] - logInfo($response2): {"result_konsumen":"Reject","result_pasangan":"Approve","Final_result":"Reject","errorMessage":"","status":"Done"}

2022-11-25 09:05:18 - [MESSAGE][INFO] - {"result_konsumen":"Reject","result_pasangan":"Approve","Final_result":"Reject","errorMessage":"","status":"Done"}

2022-11-25 09:05:18 - [TEST_STEP][PASSED] - verifyElementPropertyValue(scoring, "Final_result", final_result): Verify element property value successfully

2022-11-25 09:05:18 - [MESSAGE][PASSED] - Verify element property value successfully]]></system-out>
         <system-err><![CDATA[]]></system-err>
      </testcase>
      <testcase name="Test Cases/Engine_Scoring/Engine Scoring" time="6.553" classname="Test Cases/Engine_Scoring/Engine Scoring" status="PASSED">
         <system-out><![CDATA[2022-11-25 09:05:18 - [TEST_CASE][PASSED] - Test Cases/Engine_Scoring/Engine Scoring: Test Cases/Engine_Scoring/Engine Scoring

2022-11-25 09:05:19 - [TEST_STEP][PASSED] - markPassed("Variasi data ke : " + no): Variasi data ke : 30

2022-11-25 09:05:19 - [MESSAGE][PASSED] - Variasi data ke : 30

2022-11-25 09:05:19 - [TEST_STEP][PASSED] - req_data = sendRequest(findTestObject("Search_ME", ["MID":MID, "source":source, "ip":ip, "userid":userid, "branch":branch, "tipekons":tipekons, "marital":marital, "penjamin":penjamin, ... ])): Send request successfully

2022-11-25 09:05:19 - [MESSAGE][INFO] - HAR: D:\DMS\Engine Scoring\Reports\20221125_090152\Exclude KKB - DS - Married\Scoring Married - KKB\20221125_090152\requests\main\58.har

2022-11-25 09:05:19 - [MESSAGE][PASSED] - Send request successfully

2022-11-25 09:05:19 - [TEST_STEP][PASSED] - slurper = new groovy.json.JsonSlurper(): null

2022-11-25 09:05:19 - [TEST_STEP][PASSED] - result = slurper.parseText(req_data.getResponseBodyContent()): null

2022-11-25 09:05:19 - [TEST_STEP][PASSED] - reqid_kons = requestid1: null

2022-11-25 09:05:19 - [TEST_STEP][PASSED] - reqid_spouse = requestid2: null

2022-11-25 09:05:19 - [TEST_STEP][PASSED] - println("requestid kons : " + reqid_kons): null

2022-11-25 09:05:19 - [TEST_STEP][PASSED] - response_searchME_kons = reqid_kons: null

2022-11-25 09:05:19 - [TEST_STEP][PASSED] - response_searchME_spouse = reqid_spouse: null

2022-11-25 09:05:19 - [TEST_STEP][PASSED] - println("kons req id is :" + response_searchME_kons): null

2022-11-25 09:05:19 - [TEST_STEP][PASSED] - println("spouse req id is : " + response_searchME_spouse): null

2022-11-25 09:05:19 - [TEST_STEP][PASSED] - verifyResponseStatusCode(req_data, 200): Verify response status code successfully

2022-11-25 09:05:19 - [MESSAGE][PASSED] - Verify response status code successfully

2022-11-25 09:05:19 - [TEST_STEP][PASSED] - response = req_data.getResponseText(): null

2022-11-25 09:05:19 - [TEST_STEP][PASSED] - logInfo($response): {"status":"Done","data":{"requestid1":"254658","requestid2":"254659"}}

2022-11-25 09:05:19 - [MESSAGE][INFO] - {"status":"Done","data":{"requestid1":"254658","requestid2":"254659"}}

2022-11-25 09:05:19 - [TEST_STEP][PASSED] - delay(5): Delayed 5 second(s)

2022-11-25 09:05:24 - [MESSAGE][PASSED] - Delayed 5 second(s)

2022-11-25 09:05:24 - [TEST_STEP][PASSED] - scoring = sendRequest(findTestObject("EngineScore", ["response_searchME_kons":response_searchME_kons, "response_searchME_spouse":response_searchME_spouse])): Send request successfully

2022-11-25 09:05:24 - [MESSAGE][INFO] - HAR: D:\DMS\Engine Scoring\Reports\20221125_090152\Exclude KKB - DS - Married\Scoring Married - KKB\20221125_090152\requests\main\59.har

2022-11-25 09:05:24 - [MESSAGE][PASSED] - Send request successfully

2022-11-25 09:05:24 - [TEST_STEP][PASSED] - verifyResponseStatusCode(scoring, 200): Verify response status code successfully

2022-11-25 09:05:24 - [MESSAGE][PASSED] - Verify response status code successfully

2022-11-25 09:05:24 - [TEST_STEP][PASSED] - response2 = scoring.getResponseText(): null

2022-11-25 09:05:24 - [TEST_STEP][PASSED] - markPassed("result service data ke : " + no): result service data ke : 30

2022-11-25 09:05:24 - [MESSAGE][PASSED] - result service data ke : 30

2022-11-25 09:05:24 - [TEST_STEP][PASSED] - logInfo($response2): {"result_konsumen":"Reject","result_pasangan":"Approve","Final_result":"Reject","errorMessage":"","status":"Done"}

2022-11-25 09:05:24 - [MESSAGE][INFO] - {"result_konsumen":"Reject","result_pasangan":"Approve","Final_result":"Reject","errorMessage":"","status":"Done"}

2022-11-25 09:05:24 - [TEST_STEP][PASSED] - verifyElementPropertyValue(scoring, "Final_result", final_result): Verify element property value successfully

2022-11-25 09:05:24 - [MESSAGE][PASSED] - Verify element property value successfully]]></system-out>
         <system-err><![CDATA[]]></system-err>
      </testcase>
      <testcase name="Test Cases/Engine_Scoring/Engine Scoring" time="7.971" classname="Test Cases/Engine_Scoring/Engine Scoring" status="PASSED">
         <system-out><![CDATA[2022-11-25 09:05:24 - [TEST_CASE][PASSED] - Test Cases/Engine_Scoring/Engine Scoring: Test Cases/Engine_Scoring/Engine Scoring

2022-11-25 09:05:26 - [TEST_STEP][PASSED] - markPassed("Variasi data ke : " + no): Variasi data ke : 31

2022-11-25 09:05:26 - [MESSAGE][PASSED] - Variasi data ke : 31

2022-11-25 09:05:26 - [TEST_STEP][PASSED] - req_data = sendRequest(findTestObject("Search_ME", ["MID":MID, "source":source, "ip":ip, "userid":userid, "branch":branch, "tipekons":tipekons, "marital":marital, "penjamin":penjamin, ... ])): Send request successfully

2022-11-25 09:05:27 - [MESSAGE][INFO] - HAR: D:\DMS\Engine Scoring\Reports\20221125_090152\Exclude KKB - DS - Married\Scoring Married - KKB\20221125_090152\requests\main\60.har

2022-11-25 09:05:27 - [MESSAGE][PASSED] - Send request successfully

2022-11-25 09:05:27 - [TEST_STEP][PASSED] - slurper = new groovy.json.JsonSlurper(): null

2022-11-25 09:05:27 - [TEST_STEP][PASSED] - result = slurper.parseText(req_data.getResponseBodyContent()): null

2022-11-25 09:05:27 - [TEST_STEP][PASSED] - reqid_kons = requestid1: null

2022-11-25 09:05:27 - [TEST_STEP][PASSED] - reqid_spouse = requestid2: null

2022-11-25 09:05:27 - [TEST_STEP][PASSED] - println("requestid kons : " + reqid_kons): null

2022-11-25 09:05:27 - [TEST_STEP][PASSED] - response_searchME_kons = reqid_kons: null

2022-11-25 09:05:27 - [TEST_STEP][PASSED] - response_searchME_spouse = reqid_spouse: null

2022-11-25 09:05:27 - [TEST_STEP][PASSED] - println("kons req id is :" + response_searchME_kons): null

2022-11-25 09:05:27 - [TEST_STEP][PASSED] - println("spouse req id is : " + response_searchME_spouse): null

2022-11-25 09:05:27 - [TEST_STEP][PASSED] - verifyResponseStatusCode(req_data, 200): Verify response status code successfully

2022-11-25 09:05:27 - [MESSAGE][PASSED] - Verify response status code successfully

2022-11-25 09:05:27 - [TEST_STEP][PASSED] - response = req_data.getResponseText(): null

2022-11-25 09:05:27 - [TEST_STEP][PASSED] - logInfo($response): {"status":"Done","data":{"requestid1":"254660","requestid2":"254661"}}

2022-11-25 09:05:27 - [MESSAGE][INFO] - {"status":"Done","data":{"requestid1":"254660","requestid2":"254661"}}

2022-11-25 09:05:27 - [TEST_STEP][PASSED] - delay(5): Delayed 5 second(s)

2022-11-25 09:05:32 - [MESSAGE][PASSED] - Delayed 5 second(s)

2022-11-25 09:05:32 - [TEST_STEP][PASSED] - scoring = sendRequest(findTestObject("EngineScore", ["response_searchME_kons":response_searchME_kons, "response_searchME_spouse":response_searchME_spouse])): Send request successfully

2022-11-25 09:05:32 - [MESSAGE][INFO] - HAR: D:\DMS\Engine Scoring\Reports\20221125_090152\Exclude KKB - DS - Married\Scoring Married - KKB\20221125_090152\requests\main\61.har

2022-11-25 09:05:32 - [MESSAGE][PASSED] - Send request successfully

2022-11-25 09:05:32 - [TEST_STEP][PASSED] - verifyResponseStatusCode(scoring, 200): Verify response status code successfully

2022-11-25 09:05:32 - [MESSAGE][PASSED] - Verify response status code successfully

2022-11-25 09:05:32 - [TEST_STEP][PASSED] - response2 = scoring.getResponseText(): null

2022-11-25 09:05:32 - [TEST_STEP][PASSED] - markPassed("result service data ke : " + no): result service data ke : 31

2022-11-25 09:05:32 - [MESSAGE][PASSED] - result service data ke : 31

2022-11-25 09:05:32 - [TEST_STEP][PASSED] - logInfo($response2): {"result_konsumen":"Reject","result_pasangan":"Approve","Final_result":"Reject","errorMessage":"","status":"Done"}

2022-11-25 09:05:32 - [MESSAGE][INFO] - {"result_konsumen":"Reject","result_pasangan":"Approve","Final_result":"Reject","errorMessage":"","status":"Done"}

2022-11-25 09:05:32 - [TEST_STEP][PASSED] - verifyElementPropertyValue(scoring, "Final_result", final_result): Verify element property value successfully

2022-11-25 09:05:32 - [MESSAGE][PASSED] - Verify element property value successfully]]></system-out>
         <system-err><![CDATA[]]></system-err>
      </testcase>
      <testcase name="Test Cases/Engine_Scoring/Engine Scoring" time="6.621" classname="Test Cases/Engine_Scoring/Engine Scoring" status="PASSED">
         <system-out><![CDATA[2022-11-25 09:05:33 - [TEST_CASE][PASSED] - Test Cases/Engine_Scoring/Engine Scoring: Test Cases/Engine_Scoring/Engine Scoring

2022-11-25 09:05:33 - [TEST_STEP][PASSED] - markPassed("Variasi data ke : " + no): Variasi data ke : 32

2022-11-25 09:05:33 - [MESSAGE][PASSED] - Variasi data ke : 32

2022-11-25 09:05:33 - [TEST_STEP][PASSED] - req_data = sendRequest(findTestObject("Search_ME", ["MID":MID, "source":source, "ip":ip, "userid":userid, "branch":branch, "tipekons":tipekons, "marital":marital, "penjamin":penjamin, ... ])): Send request successfully

2022-11-25 09:05:34 - [MESSAGE][INFO] - HAR: D:\DMS\Engine Scoring\Reports\20221125_090152\Exclude KKB - DS - Married\Scoring Married - KKB\20221125_090152\requests\main\62.har

2022-11-25 09:05:34 - [MESSAGE][PASSED] - Send request successfully

2022-11-25 09:05:34 - [TEST_STEP][PASSED] - slurper = new groovy.json.JsonSlurper(): null

2022-11-25 09:05:34 - [TEST_STEP][PASSED] - result = slurper.parseText(req_data.getResponseBodyContent()): null

2022-11-25 09:05:34 - [TEST_STEP][PASSED] - reqid_kons = requestid1: null

2022-11-25 09:05:34 - [TEST_STEP][PASSED] - reqid_spouse = requestid2: null

2022-11-25 09:05:34 - [TEST_STEP][PASSED] - println("requestid kons : " + reqid_kons): null

2022-11-25 09:05:34 - [TEST_STEP][PASSED] - response_searchME_kons = reqid_kons: null

2022-11-25 09:05:34 - [TEST_STEP][PASSED] - response_searchME_spouse = reqid_spouse: null

2022-11-25 09:05:34 - [TEST_STEP][PASSED] - println("kons req id is :" + response_searchME_kons): null

2022-11-25 09:05:34 - [TEST_STEP][PASSED] - println("spouse req id is : " + response_searchME_spouse): null

2022-11-25 09:05:34 - [TEST_STEP][PASSED] - verifyResponseStatusCode(req_data, 200): Verify response status code successfully

2022-11-25 09:05:34 - [MESSAGE][PASSED] - Verify response status code successfully

2022-11-25 09:05:34 - [TEST_STEP][PASSED] - response = req_data.getResponseText(): null

2022-11-25 09:05:34 - [TEST_STEP][PASSED] - logInfo($response): {"status":"Done","data":{"requestid1":"254662","requestid2":"254663"}}

2022-11-25 09:05:34 - [MESSAGE][INFO] - {"status":"Done","data":{"requestid1":"254662","requestid2":"254663"}}

2022-11-25 09:05:34 - [TEST_STEP][PASSED] - delay(5): Delayed 5 second(s)

2022-11-25 09:05:39 - [MESSAGE][PASSED] - Delayed 5 second(s)

2022-11-25 09:05:39 - [TEST_STEP][PASSED] - scoring = sendRequest(findTestObject("EngineScore", ["response_searchME_kons":response_searchME_kons, "response_searchME_spouse":response_searchME_spouse])): Send request successfully

2022-11-25 09:05:39 - [MESSAGE][INFO] - HAR: D:\DMS\Engine Scoring\Reports\20221125_090152\Exclude KKB - DS - Married\Scoring Married - KKB\20221125_090152\requests\main\63.har

2022-11-25 09:05:39 - [MESSAGE][PASSED] - Send request successfully

2022-11-25 09:05:39 - [TEST_STEP][PASSED] - verifyResponseStatusCode(scoring, 200): Verify response status code successfully

2022-11-25 09:05:39 - [MESSAGE][PASSED] - Verify response status code successfully

2022-11-25 09:05:39 - [TEST_STEP][PASSED] - response2 = scoring.getResponseText(): null

2022-11-25 09:05:39 - [TEST_STEP][PASSED] - markPassed("result service data ke : " + no): result service data ke : 32

2022-11-25 09:05:39 - [MESSAGE][PASSED] - result service data ke : 32

2022-11-25 09:05:39 - [TEST_STEP][PASSED] - logInfo($response2): {"result_konsumen":"Reject","result_pasangan":"Reject","Final_result":"Reject","errorMessage":"","status":"Done"}

2022-11-25 09:05:39 - [MESSAGE][INFO] - {"result_konsumen":"Reject","result_pasangan":"Reject","Final_result":"Reject","errorMessage":"","status":"Done"}

2022-11-25 09:05:39 - [TEST_STEP][PASSED] - verifyElementPropertyValue(scoring, "Final_result", final_result): Verify element property value successfully

2022-11-25 09:05:39 - [MESSAGE][PASSED] - Verify element property value successfully]]></system-out>
         <system-err><![CDATA[]]></system-err>
      </testcase>
      <testcase name="Test Cases/Engine_Scoring/Engine Scoring" time="6.655" classname="Test Cases/Engine_Scoring/Engine Scoring" status="PASSED">
         <system-out><![CDATA[2022-11-25 09:05:39 - [TEST_CASE][PASSED] - Test Cases/Engine_Scoring/Engine Scoring: Test Cases/Engine_Scoring/Engine Scoring

2022-11-25 09:05:40 - [TEST_STEP][PASSED] - markPassed("Variasi data ke : " + no): Variasi data ke : 33

2022-11-25 09:05:40 - [MESSAGE][PASSED] - Variasi data ke : 33

2022-11-25 09:05:40 - [TEST_STEP][PASSED] - req_data = sendRequest(findTestObject("Search_ME", ["MID":MID, "source":source, "ip":ip, "userid":userid, "branch":branch, "tipekons":tipekons, "marital":marital, "penjamin":penjamin, ... ])): Send request successfully

2022-11-25 09:05:41 - [MESSAGE][INFO] - HAR: D:\DMS\Engine Scoring\Reports\20221125_090152\Exclude KKB - DS - Married\Scoring Married - KKB\20221125_090152\requests\main\64.har

2022-11-25 09:05:41 - [MESSAGE][PASSED] - Send request successfully

2022-11-25 09:05:41 - [TEST_STEP][PASSED] - slurper = new groovy.json.JsonSlurper(): null

2022-11-25 09:05:41 - [TEST_STEP][PASSED] - result = slurper.parseText(req_data.getResponseBodyContent()): null

2022-11-25 09:05:41 - [TEST_STEP][PASSED] - reqid_kons = requestid1: null

2022-11-25 09:05:41 - [TEST_STEP][PASSED] - reqid_spouse = requestid2: null

2022-11-25 09:05:41 - [TEST_STEP][PASSED] - println("requestid kons : " + reqid_kons): null

2022-11-25 09:05:41 - [TEST_STEP][PASSED] - response_searchME_kons = reqid_kons: null

2022-11-25 09:05:41 - [TEST_STEP][PASSED] - response_searchME_spouse = reqid_spouse: null

2022-11-25 09:05:41 - [TEST_STEP][PASSED] - println("kons req id is :" + response_searchME_kons): null

2022-11-25 09:05:41 - [TEST_STEP][PASSED] - println("spouse req id is : " + response_searchME_spouse): null

2022-11-25 09:05:41 - [TEST_STEP][PASSED] - verifyResponseStatusCode(req_data, 200): Verify response status code successfully

2022-11-25 09:05:41 - [MESSAGE][PASSED] - Verify response status code successfully

2022-11-25 09:05:41 - [TEST_STEP][PASSED] - response = req_data.getResponseText(): null

2022-11-25 09:05:41 - [TEST_STEP][PASSED] - logInfo($response): {"status":"Done","data":{"requestid1":"254664","requestid2":"254665"}}

2022-11-25 09:05:41 - [MESSAGE][INFO] - {"status":"Done","data":{"requestid1":"254664","requestid2":"254665"}}

2022-11-25 09:05:41 - [TEST_STEP][PASSED] - delay(5): Delayed 5 second(s)

2022-11-25 09:05:46 - [MESSAGE][PASSED] - Delayed 5 second(s)

2022-11-25 09:05:46 - [TEST_STEP][PASSED] - scoring = sendRequest(findTestObject("EngineScore", ["response_searchME_kons":response_searchME_kons, "response_searchME_spouse":response_searchME_spouse])): Send request successfully

2022-11-25 09:05:46 - [MESSAGE][INFO] - HAR: D:\DMS\Engine Scoring\Reports\20221125_090152\Exclude KKB - DS - Married\Scoring Married - KKB\20221125_090152\requests\main\65.har

2022-11-25 09:05:46 - [MESSAGE][PASSED] - Send request successfully

2022-11-25 09:05:46 - [TEST_STEP][PASSED] - verifyResponseStatusCode(scoring, 200): Verify response status code successfully

2022-11-25 09:05:46 - [MESSAGE][PASSED] - Verify response status code successfully

2022-11-25 09:05:46 - [TEST_STEP][PASSED] - response2 = scoring.getResponseText(): null

2022-11-25 09:05:46 - [TEST_STEP][PASSED] - markPassed("result service data ke : " + no): result service data ke : 33

2022-11-25 09:05:46 - [MESSAGE][PASSED] - result service data ke : 33

2022-11-25 09:05:46 - [TEST_STEP][PASSED] - logInfo($response2): {"result_konsumen":"Reject","result_pasangan":"Reject","Final_result":"Reject","errorMessage":"","status":"Done"}

2022-11-25 09:05:46 - [MESSAGE][INFO] - {"result_konsumen":"Reject","result_pasangan":"Reject","Final_result":"Reject","errorMessage":"","status":"Done"}

2022-11-25 09:05:46 - [TEST_STEP][PASSED] - verifyElementPropertyValue(scoring, "Final_result", final_result): Verify element property value successfully

2022-11-25 09:05:46 - [MESSAGE][PASSED] - Verify element property value successfully]]></system-out>
         <system-err><![CDATA[]]></system-err>
      </testcase>
      <testcase name="Test Cases/Engine_Scoring/Engine Scoring" time="6.656" classname="Test Cases/Engine_Scoring/Engine Scoring" status="PASSED">
         <system-out><![CDATA[2022-11-25 09:05:46 - [TEST_CASE][PASSED] - Test Cases/Engine_Scoring/Engine Scoring: Test Cases/Engine_Scoring/Engine Scoring

2022-11-25 09:05:47 - [TEST_STEP][PASSED] - markPassed("Variasi data ke : " + no): Variasi data ke : 34

2022-11-25 09:05:47 - [MESSAGE][PASSED] - Variasi data ke : 34

2022-11-25 09:05:47 - [TEST_STEP][PASSED] - req_data = sendRequest(findTestObject("Search_ME", ["MID":MID, "source":source, "ip":ip, "userid":userid, "branch":branch, "tipekons":tipekons, "marital":marital, "penjamin":penjamin, ... ])): Send request successfully

2022-11-25 09:05:47 - [MESSAGE][INFO] - HAR: D:\DMS\Engine Scoring\Reports\20221125_090152\Exclude KKB - DS - Married\Scoring Married - KKB\20221125_090152\requests\main\66.har

2022-11-25 09:05:47 - [MESSAGE][PASSED] - Send request successfully

2022-11-25 09:05:47 - [TEST_STEP][PASSED] - slurper = new groovy.json.JsonSlurper(): null

2022-11-25 09:05:47 - [TEST_STEP][PASSED] - result = slurper.parseText(req_data.getResponseBodyContent()): null

2022-11-25 09:05:47 - [TEST_STEP][PASSED] - reqid_kons = requestid1: null

2022-11-25 09:05:47 - [TEST_STEP][PASSED] - reqid_spouse = requestid2: null

2022-11-25 09:05:47 - [TEST_STEP][PASSED] - println("requestid kons : " + reqid_kons): null

2022-11-25 09:05:47 - [TEST_STEP][PASSED] - response_searchME_kons = reqid_kons: null

2022-11-25 09:05:47 - [TEST_STEP][PASSED] - response_searchME_spouse = reqid_spouse: null

2022-11-25 09:05:47 - [TEST_STEP][PASSED] - println("kons req id is :" + response_searchME_kons): null

2022-11-25 09:05:47 - [TEST_STEP][PASSED] - println("spouse req id is : " + response_searchME_spouse): null

2022-11-25 09:05:47 - [TEST_STEP][PASSED] - verifyResponseStatusCode(req_data, 200): Verify response status code successfully

2022-11-25 09:05:47 - [MESSAGE][PASSED] - Verify response status code successfully

2022-11-25 09:05:47 - [TEST_STEP][PASSED] - response = req_data.getResponseText(): null

2022-11-25 09:05:47 - [TEST_STEP][PASSED] - logInfo($response): {"status":"Done","data":{"requestid1":"254666","requestid2":"254667"}}

2022-11-25 09:05:47 - [MESSAGE][INFO] - {"status":"Done","data":{"requestid1":"254666","requestid2":"254667"}}

2022-11-25 09:05:47 - [TEST_STEP][PASSED] - delay(5): Delayed 5 second(s)

2022-11-25 09:05:52 - [MESSAGE][PASSED] - Delayed 5 second(s)

2022-11-25 09:05:52 - [TEST_STEP][PASSED] - scoring = sendRequest(findTestObject("EngineScore", ["response_searchME_kons":response_searchME_kons, "response_searchME_spouse":response_searchME_spouse])): Send request successfully

2022-11-25 09:05:53 - [MESSAGE][INFO] - HAR: D:\DMS\Engine Scoring\Reports\20221125_090152\Exclude KKB - DS - Married\Scoring Married - KKB\20221125_090152\requests\main\67.har

2022-11-25 09:05:53 - [MESSAGE][PASSED] - Send request successfully

2022-11-25 09:05:53 - [TEST_STEP][PASSED] - verifyResponseStatusCode(scoring, 200): Verify response status code successfully

2022-11-25 09:05:53 - [MESSAGE][PASSED] - Verify response status code successfully

2022-11-25 09:05:53 - [TEST_STEP][PASSED] - response2 = scoring.getResponseText(): null

2022-11-25 09:05:53 - [TEST_STEP][PASSED] - markPassed("result service data ke : " + no): result service data ke : 34

2022-11-25 09:05:53 - [MESSAGE][PASSED] - result service data ke : 34

2022-11-25 09:05:53 - [TEST_STEP][PASSED] - logInfo($response2): {"result_konsumen":"Reject","result_pasangan":"Reguler","Final_result":"Reject","errorMessage":"","status":"Done"}

2022-11-25 09:05:53 - [MESSAGE][INFO] - {"result_konsumen":"Reject","result_pasangan":"Reguler","Final_result":"Reject","errorMessage":"","status":"Done"}

2022-11-25 09:05:53 - [TEST_STEP][PASSED] - verifyElementPropertyValue(scoring, "Final_result", final_result): Verify element property value successfully

2022-11-25 09:05:53 - [MESSAGE][PASSED] - Verify element property value successfully]]></system-out>
         <system-err><![CDATA[]]></system-err>
      </testcase>
      <testcase name="Test Cases/Engine_Scoring/Engine Scoring" time="6.53" classname="Test Cases/Engine_Scoring/Engine Scoring" status="PASSED">
         <system-out><![CDATA[2022-11-25 09:05:53 - [TEST_CASE][PASSED] - Test Cases/Engine_Scoring/Engine Scoring: Test Cases/Engine_Scoring/Engine Scoring

2022-11-25 09:05:53 - [TEST_STEP][PASSED] - markPassed("Variasi data ke : " + no): Variasi data ke : 35

2022-11-25 09:05:53 - [MESSAGE][PASSED] - Variasi data ke : 35

2022-11-25 09:05:53 - [TEST_STEP][PASSED] - req_data = sendRequest(findTestObject("Search_ME", ["MID":MID, "source":source, "ip":ip, "userid":userid, "branch":branch, "tipekons":tipekons, "marital":marital, "penjamin":penjamin, ... ])): Send request successfully

2022-11-25 09:05:54 - [MESSAGE][INFO] - HAR: D:\DMS\Engine Scoring\Reports\20221125_090152\Exclude KKB - DS - Married\Scoring Married - KKB\20221125_090152\requests\main\68.har

2022-11-25 09:05:54 - [MESSAGE][PASSED] - Send request successfully

2022-11-25 09:05:54 - [TEST_STEP][PASSED] - slurper = new groovy.json.JsonSlurper(): null

2022-11-25 09:05:54 - [TEST_STEP][PASSED] - result = slurper.parseText(req_data.getResponseBodyContent()): null

2022-11-25 09:05:54 - [TEST_STEP][PASSED] - reqid_kons = requestid1: null

2022-11-25 09:05:54 - [TEST_STEP][PASSED] - reqid_spouse = requestid2: null

2022-11-25 09:05:54 - [TEST_STEP][PASSED] - println("requestid kons : " + reqid_kons): null

2022-11-25 09:05:54 - [TEST_STEP][PASSED] - response_searchME_kons = reqid_kons: null

2022-11-25 09:05:54 - [TEST_STEP][PASSED] - response_searchME_spouse = reqid_spouse: null

2022-11-25 09:05:54 - [TEST_STEP][PASSED] - println("kons req id is :" + response_searchME_kons): null

2022-11-25 09:05:54 - [TEST_STEP][PASSED] - println("spouse req id is : " + response_searchME_spouse): null

2022-11-25 09:05:54 - [TEST_STEP][PASSED] - verifyResponseStatusCode(req_data, 200): Verify response status code successfully

2022-11-25 09:05:54 - [MESSAGE][PASSED] - Verify response status code successfully

2022-11-25 09:05:54 - [TEST_STEP][PASSED] - response = req_data.getResponseText(): null

2022-11-25 09:05:54 - [TEST_STEP][PASSED] - logInfo($response): {"status":"Done","data":{"requestid1":"254668","requestid2":"254669"}}

2022-11-25 09:05:54 - [MESSAGE][INFO] - {"status":"Done","data":{"requestid1":"254668","requestid2":"254669"}}

2022-11-25 09:05:54 - [TEST_STEP][PASSED] - delay(5): Delayed 5 second(s)

2022-11-25 09:05:59 - [MESSAGE][PASSED] - Delayed 5 second(s)

2022-11-25 09:05:59 - [TEST_STEP][PASSED] - scoring = sendRequest(findTestObject("EngineScore", ["response_searchME_kons":response_searchME_kons, "response_searchME_spouse":response_searchME_spouse])): Send request successfully

2022-11-25 09:05:59 - [MESSAGE][INFO] - HAR: D:\DMS\Engine Scoring\Reports\20221125_090152\Exclude KKB - DS - Married\Scoring Married - KKB\20221125_090152\requests\main\69.har

2022-11-25 09:05:59 - [MESSAGE][PASSED] - Send request successfully

2022-11-25 09:05:59 - [TEST_STEP][PASSED] - verifyResponseStatusCode(scoring, 200): Verify response status code successfully

2022-11-25 09:05:59 - [MESSAGE][PASSED] - Verify response status code successfully

2022-11-25 09:05:59 - [TEST_STEP][PASSED] - response2 = scoring.getResponseText(): null

2022-11-25 09:05:59 - [TEST_STEP][PASSED] - markPassed("result service data ke : " + no): result service data ke : 35

2022-11-25 09:05:59 - [MESSAGE][PASSED] - result service data ke : 35

2022-11-25 09:05:59 - [TEST_STEP][PASSED] - logInfo($response2): {"result_konsumen":"Reject","result_pasangan":"Reguler","Final_result":"Reject","errorMessage":"","status":"Done"}

2022-11-25 09:05:59 - [MESSAGE][INFO] - {"result_konsumen":"Reject","result_pasangan":"Reguler","Final_result":"Reject","errorMessage":"","status":"Done"}

2022-11-25 09:05:59 - [TEST_STEP][PASSED] - verifyElementPropertyValue(scoring, "Final_result", final_result): Verify element property value successfully

2022-11-25 09:05:59 - [MESSAGE][PASSED] - Verify element property value successfully]]></system-out>
         <system-err><![CDATA[]]></system-err>
      </testcase>
      <testcase name="Test Cases/Engine_Scoring/Engine Scoring" time="6.582" classname="Test Cases/Engine_Scoring/Engine Scoring" status="PASSED">
         <system-out><![CDATA[2022-11-25 09:05:59 - [TEST_CASE][PASSED] - Test Cases/Engine_Scoring/Engine Scoring: Test Cases/Engine_Scoring/Engine Scoring

2022-11-25 09:06:00 - [TEST_STEP][PASSED] - markPassed("Variasi data ke : " + no): Variasi data ke : 36

2022-11-25 09:06:00 - [MESSAGE][PASSED] - Variasi data ke : 36

2022-11-25 09:06:00 - [TEST_STEP][PASSED] - req_data = sendRequest(findTestObject("Search_ME", ["MID":MID, "source":source, "ip":ip, "userid":userid, "branch":branch, "tipekons":tipekons, "marital":marital, "penjamin":penjamin, ... ])): Send request successfully

2022-11-25 09:06:01 - [MESSAGE][INFO] - HAR: D:\DMS\Engine Scoring\Reports\20221125_090152\Exclude KKB - DS - Married\Scoring Married - KKB\20221125_090152\requests\main\70.har

2022-11-25 09:06:01 - [MESSAGE][PASSED] - Send request successfully

2022-11-25 09:06:01 - [TEST_STEP][PASSED] - slurper = new groovy.json.JsonSlurper(): null

2022-11-25 09:06:01 - [TEST_STEP][PASSED] - result = slurper.parseText(req_data.getResponseBodyContent()): null

2022-11-25 09:06:01 - [TEST_STEP][PASSED] - reqid_kons = requestid1: null

2022-11-25 09:06:01 - [TEST_STEP][PASSED] - reqid_spouse = requestid2: null

2022-11-25 09:06:01 - [TEST_STEP][PASSED] - println("requestid kons : " + reqid_kons): null

2022-11-25 09:06:01 - [TEST_STEP][PASSED] - response_searchME_kons = reqid_kons: null

2022-11-25 09:06:01 - [TEST_STEP][PASSED] - response_searchME_spouse = reqid_spouse: null

2022-11-25 09:06:01 - [TEST_STEP][PASSED] - println("kons req id is :" + response_searchME_kons): null

2022-11-25 09:06:01 - [TEST_STEP][PASSED] - println("spouse req id is : " + response_searchME_spouse): null

2022-11-25 09:06:01 - [TEST_STEP][PASSED] - verifyResponseStatusCode(req_data, 200): Verify response status code successfully

2022-11-25 09:06:01 - [MESSAGE][PASSED] - Verify response status code successfully

2022-11-25 09:06:01 - [TEST_STEP][PASSED] - response = req_data.getResponseText(): null

2022-11-25 09:06:01 - [TEST_STEP][PASSED] - logInfo($response): {"status":"Done","data":{"requestid1":"254670","requestid2":"254671"}}

2022-11-25 09:06:01 - [MESSAGE][INFO] - {"status":"Done","data":{"requestid1":"254670","requestid2":"254671"}}

2022-11-25 09:06:01 - [TEST_STEP][PASSED] - delay(5): Delayed 5 second(s)

2022-11-25 09:06:06 - [MESSAGE][PASSED] - Delayed 5 second(s)

2022-11-25 09:06:06 - [TEST_STEP][PASSED] - scoring = sendRequest(findTestObject("EngineScore", ["response_searchME_kons":response_searchME_kons, "response_searchME_spouse":response_searchME_spouse])): Send request successfully

2022-11-25 09:06:06 - [MESSAGE][INFO] - HAR: D:\DMS\Engine Scoring\Reports\20221125_090152\Exclude KKB - DS - Married\Scoring Married - KKB\20221125_090152\requests\main\71.har

2022-11-25 09:06:06 - [MESSAGE][PASSED] - Send request successfully

2022-11-25 09:06:06 - [TEST_STEP][PASSED] - verifyResponseStatusCode(scoring, 200): Verify response status code successfully

2022-11-25 09:06:06 - [MESSAGE][PASSED] - Verify response status code successfully

2022-11-25 09:06:06 - [TEST_STEP][PASSED] - response2 = scoring.getResponseText(): null

2022-11-25 09:06:06 - [TEST_STEP][PASSED] - markPassed("result service data ke : " + no): result service data ke : 36

2022-11-25 09:06:06 - [MESSAGE][PASSED] - result service data ke : 36

2022-11-25 09:06:06 - [TEST_STEP][PASSED] - logInfo($response2): {"result_konsumen":"Reject","result_pasangan":"Reguler","Final_result":"Reject","errorMessage":"","status":"Done"}

2022-11-25 09:06:06 - [MESSAGE][INFO] - {"result_konsumen":"Reject","result_pasangan":"Reguler","Final_result":"Reject","errorMessage":"","status":"Done"}

2022-11-25 09:06:06 - [TEST_STEP][PASSED] - verifyElementPropertyValue(scoring, "Final_result", final_result): Verify element property value successfully

2022-11-25 09:06:06 - [MESSAGE][PASSED] - Verify element property value successfully]]></system-out>
         <system-err><![CDATA[]]></system-err>
      </testcase>
      <testcase name="Test Cases/Engine_Scoring/Engine Scoring" time="6.672" classname="Test Cases/Engine_Scoring/Engine Scoring" status="PASSED">
         <system-out><![CDATA[2022-11-25 09:06:06 - [TEST_CASE][PASSED] - Test Cases/Engine_Scoring/Engine Scoring: Test Cases/Engine_Scoring/Engine Scoring

2022-11-25 09:06:07 - [TEST_STEP][PASSED] - markPassed("Variasi data ke : " + no): Variasi data ke : 37

2022-11-25 09:06:07 - [MESSAGE][PASSED] - Variasi data ke : 37

2022-11-25 09:06:07 - [TEST_STEP][PASSED] - req_data = sendRequest(findTestObject("Search_ME", ["MID":MID, "source":source, "ip":ip, "userid":userid, "branch":branch, "tipekons":tipekons, "marital":marital, "penjamin":penjamin, ... ])): Send request successfully

2022-11-25 09:06:07 - [MESSAGE][INFO] - HAR: D:\DMS\Engine Scoring\Reports\20221125_090152\Exclude KKB - DS - Married\Scoring Married - KKB\20221125_090152\requests\main\72.har

2022-11-25 09:06:07 - [MESSAGE][PASSED] - Send request successfully

2022-11-25 09:06:07 - [TEST_STEP][PASSED] - slurper = new groovy.json.JsonSlurper(): null

2022-11-25 09:06:07 - [TEST_STEP][PASSED] - result = slurper.parseText(req_data.getResponseBodyContent()): null

2022-11-25 09:06:07 - [TEST_STEP][PASSED] - reqid_kons = requestid1: null

2022-11-25 09:06:07 - [TEST_STEP][PASSED] - reqid_spouse = requestid2: null

2022-11-25 09:06:07 - [TEST_STEP][PASSED] - println("requestid kons : " + reqid_kons): null

2022-11-25 09:06:07 - [TEST_STEP][PASSED] - response_searchME_kons = reqid_kons: null

2022-11-25 09:06:07 - [TEST_STEP][PASSED] - response_searchME_spouse = reqid_spouse: null

2022-11-25 09:06:07 - [TEST_STEP][PASSED] - println("kons req id is :" + response_searchME_kons): null

2022-11-25 09:06:07 - [TEST_STEP][PASSED] - println("spouse req id is : " + response_searchME_spouse): null

2022-11-25 09:06:07 - [TEST_STEP][PASSED] - verifyResponseStatusCode(req_data, 200): Verify response status code successfully

2022-11-25 09:06:07 - [MESSAGE][PASSED] - Verify response status code successfully

2022-11-25 09:06:07 - [TEST_STEP][PASSED] - response = req_data.getResponseText(): null

2022-11-25 09:06:07 - [TEST_STEP][PASSED] - logInfo($response): {"status":"Done","data":{"requestid1":"254672","requestid2":"254673"}}

2022-11-25 09:06:07 - [MESSAGE][INFO] - {"status":"Done","data":{"requestid1":"254672","requestid2":"254673"}}

2022-11-25 09:06:07 - [TEST_STEP][PASSED] - delay(5): Delayed 5 second(s)

2022-11-25 09:06:12 - [MESSAGE][PASSED] - Delayed 5 second(s)

2022-11-25 09:06:12 - [TEST_STEP][PASSED] - scoring = sendRequest(findTestObject("EngineScore", ["response_searchME_kons":response_searchME_kons, "response_searchME_spouse":response_searchME_spouse])): Send request successfully

2022-11-25 09:06:12 - [MESSAGE][INFO] - HAR: D:\DMS\Engine Scoring\Reports\20221125_090152\Exclude KKB - DS - Married\Scoring Married - KKB\20221125_090152\requests\main\73.har

2022-11-25 09:06:12 - [MESSAGE][PASSED] - Send request successfully

2022-11-25 09:06:12 - [TEST_STEP][PASSED] - verifyResponseStatusCode(scoring, 200): Verify response status code successfully

2022-11-25 09:06:12 - [MESSAGE][PASSED] - Verify response status code successfully

2022-11-25 09:06:12 - [TEST_STEP][PASSED] - response2 = scoring.getResponseText(): null

2022-11-25 09:06:12 - [TEST_STEP][PASSED] - markPassed("result service data ke : " + no): result service data ke : 37

2022-11-25 09:06:12 - [MESSAGE][PASSED] - result service data ke : 37

2022-11-25 09:06:12 - [TEST_STEP][PASSED] - logInfo($response2): {"result_konsumen":"Reject","result_pasangan":"Approve","Final_result":"Reject","errorMessage":"","status":"Done"}

2022-11-25 09:06:12 - [MESSAGE][INFO] - {"result_konsumen":"Reject","result_pasangan":"Approve","Final_result":"Reject","errorMessage":"","status":"Done"}

2022-11-25 09:06:12 - [TEST_STEP][PASSED] - verifyElementPropertyValue(scoring, "Final_result", final_result): Verify element property value successfully

2022-11-25 09:06:13 - [MESSAGE][PASSED] - Verify element property value successfully]]></system-out>
         <system-err><![CDATA[]]></system-err>
      </testcase>
      <testcase name="Test Cases/Engine_Scoring/Engine Scoring" time="6.631" classname="Test Cases/Engine_Scoring/Engine Scoring" status="PASSED">
         <system-out><![CDATA[2022-11-25 09:06:13 - [TEST_CASE][PASSED] - Test Cases/Engine_Scoring/Engine Scoring: Test Cases/Engine_Scoring/Engine Scoring

2022-11-25 09:06:13 - [TEST_STEP][PASSED] - markPassed("Variasi data ke : " + no): Variasi data ke : 38

2022-11-25 09:06:13 - [MESSAGE][PASSED] - Variasi data ke : 38

2022-11-25 09:06:13 - [TEST_STEP][PASSED] - req_data = sendRequest(findTestObject("Search_ME", ["MID":MID, "source":source, "ip":ip, "userid":userid, "branch":branch, "tipekons":tipekons, "marital":marital, "penjamin":penjamin, ... ])): Send request successfully

2022-11-25 09:06:14 - [MESSAGE][INFO] - HAR: D:\DMS\Engine Scoring\Reports\20221125_090152\Exclude KKB - DS - Married\Scoring Married - KKB\20221125_090152\requests\main\74.har

2022-11-25 09:06:14 - [MESSAGE][PASSED] - Send request successfully

2022-11-25 09:06:14 - [TEST_STEP][PASSED] - slurper = new groovy.json.JsonSlurper(): null

2022-11-25 09:06:14 - [TEST_STEP][PASSED] - result = slurper.parseText(req_data.getResponseBodyContent()): null

2022-11-25 09:06:14 - [TEST_STEP][PASSED] - reqid_kons = requestid1: null

2022-11-25 09:06:14 - [TEST_STEP][PASSED] - reqid_spouse = requestid2: null

2022-11-25 09:06:14 - [TEST_STEP][PASSED] - println("requestid kons : " + reqid_kons): null

2022-11-25 09:06:14 - [TEST_STEP][PASSED] - response_searchME_kons = reqid_kons: null

2022-11-25 09:06:14 - [TEST_STEP][PASSED] - response_searchME_spouse = reqid_spouse: null

2022-11-25 09:06:14 - [TEST_STEP][PASSED] - println("kons req id is :" + response_searchME_kons): null

2022-11-25 09:06:14 - [TEST_STEP][PASSED] - println("spouse req id is : " + response_searchME_spouse): null

2022-11-25 09:06:14 - [TEST_STEP][PASSED] - verifyResponseStatusCode(req_data, 200): Verify response status code successfully

2022-11-25 09:06:14 - [MESSAGE][PASSED] - Verify response status code successfully

2022-11-25 09:06:14 - [TEST_STEP][PASSED] - response = req_data.getResponseText(): null

2022-11-25 09:06:14 - [TEST_STEP][PASSED] - logInfo($response): {"status":"Done","data":{"requestid1":"254674","requestid2":"254675"}}

2022-11-25 09:06:14 - [MESSAGE][INFO] - {"status":"Done","data":{"requestid1":"254674","requestid2":"254675"}}

2022-11-25 09:06:14 - [TEST_STEP][PASSED] - delay(5): Delayed 5 second(s)

2022-11-25 09:06:19 - [MESSAGE][PASSED] - Delayed 5 second(s)

2022-11-25 09:06:19 - [TEST_STEP][PASSED] - scoring = sendRequest(findTestObject("EngineScore", ["response_searchME_kons":response_searchME_kons, "response_searchME_spouse":response_searchME_spouse])): Send request successfully

2022-11-25 09:06:19 - [MESSAGE][INFO] - HAR: D:\DMS\Engine Scoring\Reports\20221125_090152\Exclude KKB - DS - Married\Scoring Married - KKB\20221125_090152\requests\main\75.har

2022-11-25 09:06:19 - [MESSAGE][PASSED] - Send request successfully

2022-11-25 09:06:19 - [TEST_STEP][PASSED] - verifyResponseStatusCode(scoring, 200): Verify response status code successfully

2022-11-25 09:06:19 - [MESSAGE][PASSED] - Verify response status code successfully

2022-11-25 09:06:19 - [TEST_STEP][PASSED] - response2 = scoring.getResponseText(): null

2022-11-25 09:06:19 - [TEST_STEP][PASSED] - markPassed("result service data ke : " + no): result service data ke : 38

2022-11-25 09:06:19 - [MESSAGE][PASSED] - result service data ke : 38

2022-11-25 09:06:19 - [TEST_STEP][PASSED] - logInfo($response2): {"result_konsumen":"Reject","result_pasangan":"Approve","Final_result":"Reject","errorMessage":"","status":"Done"}

2022-11-25 09:06:19 - [MESSAGE][INFO] - {"result_konsumen":"Reject","result_pasangan":"Approve","Final_result":"Reject","errorMessage":"","status":"Done"}

2022-11-25 09:06:19 - [TEST_STEP][PASSED] - verifyElementPropertyValue(scoring, "Final_result", final_result): Verify element property value successfully

2022-11-25 09:06:19 - [MESSAGE][PASSED] - Verify element property value successfully]]></system-out>
         <system-err><![CDATA[]]></system-err>
      </testcase>
      <testcase name="Test Cases/Engine_Scoring/Engine Scoring" time="6.649" classname="Test Cases/Engine_Scoring/Engine Scoring" status="PASSED">
         <system-out><![CDATA[2022-11-25 09:06:19 - [TEST_CASE][PASSED] - Test Cases/Engine_Scoring/Engine Scoring: Test Cases/Engine_Scoring/Engine Scoring

2022-11-25 09:06:20 - [TEST_STEP][PASSED] - markPassed("Variasi data ke : " + no): Variasi data ke : 39

2022-11-25 09:06:20 - [MESSAGE][PASSED] - Variasi data ke : 39

2022-11-25 09:06:20 - [TEST_STEP][PASSED] - req_data = sendRequest(findTestObject("Search_ME", ["MID":MID, "source":source, "ip":ip, "userid":userid, "branch":branch, "tipekons":tipekons, "marital":marital, "penjamin":penjamin, ... ])): Send request successfully

2022-11-25 09:06:21 - [MESSAGE][INFO] - HAR: D:\DMS\Engine Scoring\Reports\20221125_090152\Exclude KKB - DS - Married\Scoring Married - KKB\20221125_090152\requests\main\76.har

2022-11-25 09:06:21 - [MESSAGE][PASSED] - Send request successfully

2022-11-25 09:06:21 - [TEST_STEP][PASSED] - slurper = new groovy.json.JsonSlurper(): null

2022-11-25 09:06:21 - [TEST_STEP][PASSED] - result = slurper.parseText(req_data.getResponseBodyContent()): null

2022-11-25 09:06:21 - [TEST_STEP][PASSED] - reqid_kons = requestid1: null

2022-11-25 09:06:21 - [TEST_STEP][PASSED] - reqid_spouse = requestid2: null

2022-11-25 09:06:21 - [TEST_STEP][PASSED] - println("requestid kons : " + reqid_kons): null

2022-11-25 09:06:21 - [TEST_STEP][PASSED] - response_searchME_kons = reqid_kons: null

2022-11-25 09:06:21 - [TEST_STEP][PASSED] - response_searchME_spouse = reqid_spouse: null

2022-11-25 09:06:21 - [TEST_STEP][PASSED] - println("kons req id is :" + response_searchME_kons): null

2022-11-25 09:06:21 - [TEST_STEP][PASSED] - println("spouse req id is : " + response_searchME_spouse): null

2022-11-25 09:06:21 - [TEST_STEP][PASSED] - verifyResponseStatusCode(req_data, 200): Verify response status code successfully

2022-11-25 09:06:21 - [MESSAGE][PASSED] - Verify response status code successfully

2022-11-25 09:06:21 - [TEST_STEP][PASSED] - response = req_data.getResponseText(): null

2022-11-25 09:06:21 - [TEST_STEP][PASSED] - logInfo($response): {"status":"Done","data":{"requestid1":"254676","requestid2":"254677"}}

2022-11-25 09:06:21 - [MESSAGE][INFO] - {"status":"Done","data":{"requestid1":"254676","requestid2":"254677"}}

2022-11-25 09:06:21 - [TEST_STEP][PASSED] - delay(5): Delayed 5 second(s)

2022-11-25 09:06:26 - [MESSAGE][PASSED] - Delayed 5 second(s)

2022-11-25 09:06:26 - [TEST_STEP][PASSED] - scoring = sendRequest(findTestObject("EngineScore", ["response_searchME_kons":response_searchME_kons, "response_searchME_spouse":response_searchME_spouse])): Send request successfully

2022-11-25 09:06:26 - [MESSAGE][INFO] - HAR: D:\DMS\Engine Scoring\Reports\20221125_090152\Exclude KKB - DS - Married\Scoring Married - KKB\20221125_090152\requests\main\77.har

2022-11-25 09:06:26 - [MESSAGE][PASSED] - Send request successfully

2022-11-25 09:06:26 - [TEST_STEP][PASSED] - verifyResponseStatusCode(scoring, 200): Verify response status code successfully

2022-11-25 09:06:26 - [MESSAGE][PASSED] - Verify response status code successfully

2022-11-25 09:06:26 - [TEST_STEP][PASSED] - response2 = scoring.getResponseText(): null

2022-11-25 09:06:26 - [TEST_STEP][PASSED] - markPassed("result service data ke : " + no): result service data ke : 39

2022-11-25 09:06:26 - [MESSAGE][PASSED] - result service data ke : 39

2022-11-25 09:06:26 - [TEST_STEP][PASSED] - logInfo($response2): {"result_konsumen":"Reject","result_pasangan":"Approve","Final_result":"Reject","errorMessage":"","status":"Done"}

2022-11-25 09:06:26 - [MESSAGE][INFO] - {"result_konsumen":"Reject","result_pasangan":"Approve","Final_result":"Reject","errorMessage":"","status":"Done"}

2022-11-25 09:06:26 - [TEST_STEP][PASSED] - verifyElementPropertyValue(scoring, "Final_result", final_result): Verify element property value successfully

2022-11-25 09:06:26 - [MESSAGE][PASSED] - Verify element property value successfully]]></system-out>
         <system-err><![CDATA[]]></system-err>
      </testcase>
      <testcase name="Test Cases/Engine_Scoring/Engine Scoring" time="6.605" classname="Test Cases/Engine_Scoring/Engine Scoring" status="PASSED">
         <system-out><![CDATA[2022-11-25 09:06:26 - [TEST_CASE][PASSED] - Test Cases/Engine_Scoring/Engine Scoring: Test Cases/Engine_Scoring/Engine Scoring

2022-11-25 09:06:27 - [TEST_STEP][PASSED] - markPassed("Variasi data ke : " + no): Variasi data ke : 40

2022-11-25 09:06:27 - [MESSAGE][PASSED] - Variasi data ke : 40

2022-11-25 09:06:27 - [TEST_STEP][PASSED] - req_data = sendRequest(findTestObject("Search_ME", ["MID":MID, "source":source, "ip":ip, "userid":userid, "branch":branch, "tipekons":tipekons, "marital":marital, "penjamin":penjamin, ... ])): Send request successfully

2022-11-25 09:06:27 - [MESSAGE][INFO] - HAR: D:\DMS\Engine Scoring\Reports\20221125_090152\Exclude KKB - DS - Married\Scoring Married - KKB\20221125_090152\requests\main\78.har

2022-11-25 09:06:27 - [MESSAGE][PASSED] - Send request successfully

2022-11-25 09:06:27 - [TEST_STEP][PASSED] - slurper = new groovy.json.JsonSlurper(): null

2022-11-25 09:06:27 - [TEST_STEP][PASSED] - result = slurper.parseText(req_data.getResponseBodyContent()): null

2022-11-25 09:06:27 - [TEST_STEP][PASSED] - reqid_kons = requestid1: null

2022-11-25 09:06:27 - [TEST_STEP][PASSED] - reqid_spouse = requestid2: null

2022-11-25 09:06:27 - [TEST_STEP][PASSED] - println("requestid kons : " + reqid_kons): null

2022-11-25 09:06:27 - [TEST_STEP][PASSED] - response_searchME_kons = reqid_kons: null

2022-11-25 09:06:27 - [TEST_STEP][PASSED] - response_searchME_spouse = reqid_spouse: null

2022-11-25 09:06:27 - [TEST_STEP][PASSED] - println("kons req id is :" + response_searchME_kons): null

2022-11-25 09:06:27 - [TEST_STEP][PASSED] - println("spouse req id is : " + response_searchME_spouse): null

2022-11-25 09:06:27 - [TEST_STEP][PASSED] - verifyResponseStatusCode(req_data, 200): Verify response status code successfully

2022-11-25 09:06:27 - [MESSAGE][PASSED] - Verify response status code successfully

2022-11-25 09:06:27 - [TEST_STEP][PASSED] - response = req_data.getResponseText(): null

2022-11-25 09:06:27 - [TEST_STEP][PASSED] - logInfo($response): {"status":"Done","data":{"requestid1":"254678","requestid2":"254679"}}

2022-11-25 09:06:27 - [MESSAGE][INFO] - {"status":"Done","data":{"requestid1":"254678","requestid2":"254679"}}

2022-11-25 09:06:27 - [TEST_STEP][PASSED] - delay(5): Delayed 5 second(s)

2022-11-25 09:06:32 - [MESSAGE][PASSED] - Delayed 5 second(s)

2022-11-25 09:06:32 - [TEST_STEP][PASSED] - scoring = sendRequest(findTestObject("EngineScore", ["response_searchME_kons":response_searchME_kons, "response_searchME_spouse":response_searchME_spouse])): Send request successfully

2022-11-25 09:06:33 - [MESSAGE][INFO] - HAR: D:\DMS\Engine Scoring\Reports\20221125_090152\Exclude KKB - DS - Married\Scoring Married - KKB\20221125_090152\requests\main\79.har

2022-11-25 09:06:33 - [MESSAGE][PASSED] - Send request successfully

2022-11-25 09:06:33 - [TEST_STEP][PASSED] - verifyResponseStatusCode(scoring, 200): Verify response status code successfully

2022-11-25 09:06:33 - [MESSAGE][PASSED] - Verify response status code successfully

2022-11-25 09:06:33 - [TEST_STEP][PASSED] - response2 = scoring.getResponseText(): null

2022-11-25 09:06:33 - [TEST_STEP][PASSED] - markPassed("result service data ke : " + no): result service data ke : 40

2022-11-25 09:06:33 - [MESSAGE][PASSED] - result service data ke : 40

2022-11-25 09:06:33 - [TEST_STEP][PASSED] - logInfo($response2): {"result_konsumen":"Reject","result_pasangan":"Approve","Final_result":"Reject","errorMessage":"","status":"Done"}

2022-11-25 09:06:33 - [MESSAGE][INFO] - {"result_konsumen":"Reject","result_pasangan":"Approve","Final_result":"Reject","errorMessage":"","status":"Done"}

2022-11-25 09:06:33 - [TEST_STEP][PASSED] - verifyElementPropertyValue(scoring, "Final_result", final_result): Verify element property value successfully

2022-11-25 09:06:33 - [MESSAGE][PASSED] - Verify element property value successfully]]></system-out>
         <system-err><![CDATA[]]></system-err>
      </testcase>
      <testcase name="Test Cases/Engine_Scoring/Engine Scoring" time="6.748" classname="Test Cases/Engine_Scoring/Engine Scoring" status="PASSED">
         <system-out><![CDATA[2022-11-25 09:06:33 - [TEST_CASE][PASSED] - Test Cases/Engine_Scoring/Engine Scoring: Test Cases/Engine_Scoring/Engine Scoring

2022-11-25 09:06:33 - [TEST_STEP][PASSED] - markPassed("Variasi data ke : " + no): Variasi data ke : 41

2022-11-25 09:06:33 - [MESSAGE][PASSED] - Variasi data ke : 41

2022-11-25 09:06:33 - [TEST_STEP][PASSED] - req_data = sendRequest(findTestObject("Search_ME", ["MID":MID, "source":source, "ip":ip, "userid":userid, "branch":branch, "tipekons":tipekons, "marital":marital, "penjamin":penjamin, ... ])): Send request successfully

2022-11-25 09:06:34 - [MESSAGE][INFO] - HAR: D:\DMS\Engine Scoring\Reports\20221125_090152\Exclude KKB - DS - Married\Scoring Married - KKB\20221125_090152\requests\main\80.har

2022-11-25 09:06:34 - [MESSAGE][PASSED] - Send request successfully

2022-11-25 09:06:34 - [TEST_STEP][PASSED] - slurper = new groovy.json.JsonSlurper(): null

2022-11-25 09:06:34 - [TEST_STEP][PASSED] - result = slurper.parseText(req_data.getResponseBodyContent()): null

2022-11-25 09:06:34 - [TEST_STEP][PASSED] - reqid_kons = requestid1: null

2022-11-25 09:06:34 - [TEST_STEP][PASSED] - reqid_spouse = requestid2: null

2022-11-25 09:06:34 - [TEST_STEP][PASSED] - println("requestid kons : " + reqid_kons): null

2022-11-25 09:06:34 - [TEST_STEP][PASSED] - response_searchME_kons = reqid_kons: null

2022-11-25 09:06:34 - [TEST_STEP][PASSED] - response_searchME_spouse = reqid_spouse: null

2022-11-25 09:06:34 - [TEST_STEP][PASSED] - println("kons req id is :" + response_searchME_kons): null

2022-11-25 09:06:34 - [TEST_STEP][PASSED] - println("spouse req id is : " + response_searchME_spouse): null

2022-11-25 09:06:34 - [TEST_STEP][PASSED] - verifyResponseStatusCode(req_data, 200): Verify response status code successfully

2022-11-25 09:06:34 - [MESSAGE][PASSED] - Verify response status code successfully

2022-11-25 09:06:34 - [TEST_STEP][PASSED] - response = req_data.getResponseText(): null

2022-11-25 09:06:34 - [TEST_STEP][PASSED] - logInfo($response): {"status":"Done","data":{"requestid1":"254680","requestid2":"254681"}}

2022-11-25 09:06:34 - [MESSAGE][INFO] - {"status":"Done","data":{"requestid1":"254680","requestid2":"254681"}}

2022-11-25 09:06:34 - [TEST_STEP][PASSED] - delay(5): Delayed 5 second(s)

2022-11-25 09:06:39 - [MESSAGE][PASSED] - Delayed 5 second(s)

2022-11-25 09:06:39 - [TEST_STEP][PASSED] - scoring = sendRequest(findTestObject("EngineScore", ["response_searchME_kons":response_searchME_kons, "response_searchME_spouse":response_searchME_spouse])): Send request successfully

2022-11-25 09:06:39 - [MESSAGE][INFO] - HAR: D:\DMS\Engine Scoring\Reports\20221125_090152\Exclude KKB - DS - Married\Scoring Married - KKB\20221125_090152\requests\main\81.har

2022-11-25 09:06:39 - [MESSAGE][PASSED] - Send request successfully

2022-11-25 09:06:39 - [TEST_STEP][PASSED] - verifyResponseStatusCode(scoring, 200): Verify response status code successfully

2022-11-25 09:06:39 - [MESSAGE][PASSED] - Verify response status code successfully

2022-11-25 09:06:39 - [TEST_STEP][PASSED] - response2 = scoring.getResponseText(): null

2022-11-25 09:06:39 - [TEST_STEP][PASSED] - markPassed("result service data ke : " + no): result service data ke : 41

2022-11-25 09:06:39 - [MESSAGE][PASSED] - result service data ke : 41

2022-11-25 09:06:39 - [TEST_STEP][PASSED] - logInfo($response2): {"result_konsumen":"Reject","result_pasangan":"Reject","Final_result":"Reject","errorMessage":"","status":"Done"}

2022-11-25 09:06:39 - [MESSAGE][INFO] - {"result_konsumen":"Reject","result_pasangan":"Reject","Final_result":"Reject","errorMessage":"","status":"Done"}

2022-11-25 09:06:39 - [TEST_STEP][PASSED] - verifyElementPropertyValue(scoring, "Final_result", final_result): Verify element property value successfully

2022-11-25 09:06:39 - [MESSAGE][PASSED] - Verify element property value successfully]]></system-out>
         <system-err><![CDATA[]]></system-err>
      </testcase>
      <testcase name="Test Cases/Engine_Scoring/Engine Scoring" time="6.772" classname="Test Cases/Engine_Scoring/Engine Scoring" status="PASSED">
         <system-out><![CDATA[2022-11-25 09:06:39 - [TEST_CASE][PASSED] - Test Cases/Engine_Scoring/Engine Scoring: Test Cases/Engine_Scoring/Engine Scoring

2022-11-25 09:06:40 - [TEST_STEP][PASSED] - markPassed("Variasi data ke : " + no): Variasi data ke : 42

2022-11-25 09:06:40 - [MESSAGE][PASSED] - Variasi data ke : 42

2022-11-25 09:06:40 - [TEST_STEP][PASSED] - req_data = sendRequest(findTestObject("Search_ME", ["MID":MID, "source":source, "ip":ip, "userid":userid, "branch":branch, "tipekons":tipekons, "marital":marital, "penjamin":penjamin, ... ])): Send request successfully

2022-11-25 09:06:41 - [MESSAGE][INFO] - HAR: D:\DMS\Engine Scoring\Reports\20221125_090152\Exclude KKB - DS - Married\Scoring Married - KKB\20221125_090152\requests\main\82.har

2022-11-25 09:06:41 - [MESSAGE][PASSED] - Send request successfully

2022-11-25 09:06:41 - [TEST_STEP][PASSED] - slurper = new groovy.json.JsonSlurper(): null

2022-11-25 09:06:41 - [TEST_STEP][PASSED] - result = slurper.parseText(req_data.getResponseBodyContent()): null

2022-11-25 09:06:41 - [TEST_STEP][PASSED] - reqid_kons = requestid1: null

2022-11-25 09:06:41 - [TEST_STEP][PASSED] - reqid_spouse = requestid2: null

2022-11-25 09:06:41 - [TEST_STEP][PASSED] - println("requestid kons : " + reqid_kons): null

2022-11-25 09:06:41 - [TEST_STEP][PASSED] - response_searchME_kons = reqid_kons: null

2022-11-25 09:06:41 - [TEST_STEP][PASSED] - response_searchME_spouse = reqid_spouse: null

2022-11-25 09:06:41 - [TEST_STEP][PASSED] - println("kons req id is :" + response_searchME_kons): null

2022-11-25 09:06:41 - [TEST_STEP][PASSED] - println("spouse req id is : " + response_searchME_spouse): null

2022-11-25 09:06:41 - [TEST_STEP][PASSED] - verifyResponseStatusCode(req_data, 200): Verify response status code successfully

2022-11-25 09:06:41 - [MESSAGE][PASSED] - Verify response status code successfully

2022-11-25 09:06:41 - [TEST_STEP][PASSED] - response = req_data.getResponseText(): null

2022-11-25 09:06:41 - [TEST_STEP][PASSED] - logInfo($response): {"status":"Done","data":{"requestid1":"254682","requestid2":"254683"}}

2022-11-25 09:06:41 - [MESSAGE][INFO] - {"status":"Done","data":{"requestid1":"254682","requestid2":"254683"}}

2022-11-25 09:06:41 - [TEST_STEP][PASSED] - delay(5): Delayed 5 second(s)

2022-11-25 09:06:46 - [MESSAGE][PASSED] - Delayed 5 second(s)

2022-11-25 09:06:46 - [TEST_STEP][PASSED] - scoring = sendRequest(findTestObject("EngineScore", ["response_searchME_kons":response_searchME_kons, "response_searchME_spouse":response_searchME_spouse])): Send request successfully

2022-11-25 09:06:46 - [MESSAGE][INFO] - HAR: D:\DMS\Engine Scoring\Reports\20221125_090152\Exclude KKB - DS - Married\Scoring Married - KKB\20221125_090152\requests\main\83.har

2022-11-25 09:06:46 - [MESSAGE][PASSED] - Send request successfully

2022-11-25 09:06:46 - [TEST_STEP][PASSED] - verifyResponseStatusCode(scoring, 200): Verify response status code successfully

2022-11-25 09:06:46 - [MESSAGE][PASSED] - Verify response status code successfully

2022-11-25 09:06:46 - [TEST_STEP][PASSED] - response2 = scoring.getResponseText(): null

2022-11-25 09:06:46 - [TEST_STEP][PASSED] - markPassed("result service data ke : " + no): result service data ke : 42

2022-11-25 09:06:46 - [MESSAGE][PASSED] - result service data ke : 42

2022-11-25 09:06:46 - [TEST_STEP][PASSED] - logInfo($response2): {"result_konsumen":"Reject","result_pasangan":"Reject","Final_result":"Reject","errorMessage":"","status":"Done"}

2022-11-25 09:06:46 - [MESSAGE][INFO] - {"result_konsumen":"Reject","result_pasangan":"Reject","Final_result":"Reject","errorMessage":"","status":"Done"}

2022-11-25 09:06:46 - [TEST_STEP][PASSED] - verifyElementPropertyValue(scoring, "Final_result", final_result): Verify element property value successfully

2022-11-25 09:06:46 - [MESSAGE][PASSED] - Verify element property value successfully]]></system-out>
         <system-err><![CDATA[]]></system-err>
      </testcase>
      <testcase name="Test Cases/Engine_Scoring/Engine Scoring" time="6.735" classname="Test Cases/Engine_Scoring/Engine Scoring" status="PASSED">
         <system-out><![CDATA[2022-11-25 09:06:46 - [TEST_CASE][PASSED] - Test Cases/Engine_Scoring/Engine Scoring: Test Cases/Engine_Scoring/Engine Scoring

2022-11-25 09:06:47 - [TEST_STEP][PASSED] - markPassed("Variasi data ke : " + no): Variasi data ke : 43

2022-11-25 09:06:47 - [MESSAGE][PASSED] - Variasi data ke : 43

2022-11-25 09:06:47 - [TEST_STEP][PASSED] - req_data = sendRequest(findTestObject("Search_ME", ["MID":MID, "source":source, "ip":ip, "userid":userid, "branch":branch, "tipekons":tipekons, "marital":marital, "penjamin":penjamin, ... ])): Send request successfully

2022-11-25 09:06:48 - [MESSAGE][INFO] - HAR: D:\DMS\Engine Scoring\Reports\20221125_090152\Exclude KKB - DS - Married\Scoring Married - KKB\20221125_090152\requests\main\84.har

2022-11-25 09:06:48 - [MESSAGE][PASSED] - Send request successfully

2022-11-25 09:06:48 - [TEST_STEP][PASSED] - slurper = new groovy.json.JsonSlurper(): null

2022-11-25 09:06:48 - [TEST_STEP][PASSED] - result = slurper.parseText(req_data.getResponseBodyContent()): null

2022-11-25 09:06:48 - [TEST_STEP][PASSED] - reqid_kons = requestid1: null

2022-11-25 09:06:48 - [TEST_STEP][PASSED] - reqid_spouse = requestid2: null

2022-11-25 09:06:48 - [TEST_STEP][PASSED] - println("requestid kons : " + reqid_kons): null

2022-11-25 09:06:48 - [TEST_STEP][PASSED] - response_searchME_kons = reqid_kons: null

2022-11-25 09:06:48 - [TEST_STEP][PASSED] - response_searchME_spouse = reqid_spouse: null

2022-11-25 09:06:48 - [TEST_STEP][PASSED] - println("kons req id is :" + response_searchME_kons): null

2022-11-25 09:06:48 - [TEST_STEP][PASSED] - println("spouse req id is : " + response_searchME_spouse): null

2022-11-25 09:06:48 - [TEST_STEP][PASSED] - verifyResponseStatusCode(req_data, 200): Verify response status code successfully

2022-11-25 09:06:48 - [MESSAGE][PASSED] - Verify response status code successfully

2022-11-25 09:06:48 - [TEST_STEP][PASSED] - response = req_data.getResponseText(): null

2022-11-25 09:06:48 - [TEST_STEP][PASSED] - logInfo($response): {"status":"Done","data":{"requestid1":"254684","requestid2":"254685"}}

2022-11-25 09:06:48 - [MESSAGE][INFO] - {"status":"Done","data":{"requestid1":"254684","requestid2":"254685"}}

2022-11-25 09:06:48 - [TEST_STEP][PASSED] - delay(5): Delayed 5 second(s)

2022-11-25 09:06:53 - [MESSAGE][PASSED] - Delayed 5 second(s)

2022-11-25 09:06:53 - [TEST_STEP][PASSED] - scoring = sendRequest(findTestObject("EngineScore", ["response_searchME_kons":response_searchME_kons, "response_searchME_spouse":response_searchME_spouse])): Send request successfully

2022-11-25 09:06:53 - [MESSAGE][INFO] - HAR: D:\DMS\Engine Scoring\Reports\20221125_090152\Exclude KKB - DS - Married\Scoring Married - KKB\20221125_090152\requests\main\85.har

2022-11-25 09:06:53 - [MESSAGE][PASSED] - Send request successfully

2022-11-25 09:06:53 - [TEST_STEP][PASSED] - verifyResponseStatusCode(scoring, 200): Verify response status code successfully

2022-11-25 09:06:53 - [MESSAGE][PASSED] - Verify response status code successfully

2022-11-25 09:06:53 - [TEST_STEP][PASSED] - response2 = scoring.getResponseText(): null

2022-11-25 09:06:53 - [TEST_STEP][PASSED] - markPassed("result service data ke : " + no): result service data ke : 43

2022-11-25 09:06:53 - [MESSAGE][PASSED] - result service data ke : 43

2022-11-25 09:06:53 - [TEST_STEP][PASSED] - logInfo($response2): {"result_konsumen":"Reject","result_pasangan":"Reguler","Final_result":"Reject","errorMessage":"","status":"Done"}

2022-11-25 09:06:53 - [MESSAGE][INFO] - {"result_konsumen":"Reject","result_pasangan":"Reguler","Final_result":"Reject","errorMessage":"","status":"Done"}

2022-11-25 09:06:53 - [TEST_STEP][PASSED] - verifyElementPropertyValue(scoring, "Final_result", final_result): Verify element property value successfully

2022-11-25 09:06:53 - [MESSAGE][PASSED] - Verify element property value successfully]]></system-out>
         <system-err><![CDATA[]]></system-err>
      </testcase>
      <testcase name="Test Cases/Engine_Scoring/Engine Scoring" time="6.678" classname="Test Cases/Engine_Scoring/Engine Scoring" status="PASSED">
         <system-out><![CDATA[2022-11-25 09:06:53 - [TEST_CASE][PASSED] - Test Cases/Engine_Scoring/Engine Scoring: Test Cases/Engine_Scoring/Engine Scoring

2022-11-25 09:06:54 - [TEST_STEP][PASSED] - markPassed("Variasi data ke : " + no): Variasi data ke : 44

2022-11-25 09:06:54 - [MESSAGE][PASSED] - Variasi data ke : 44

2022-11-25 09:06:54 - [TEST_STEP][PASSED] - req_data = sendRequest(findTestObject("Search_ME", ["MID":MID, "source":source, "ip":ip, "userid":userid, "branch":branch, "tipekons":tipekons, "marital":marital, "penjamin":penjamin, ... ])): Send request successfully

2022-11-25 09:06:55 - [MESSAGE][INFO] - HAR: D:\DMS\Engine Scoring\Reports\20221125_090152\Exclude KKB - DS - Married\Scoring Married - KKB\20221125_090152\requests\main\86.har

2022-11-25 09:06:55 - [MESSAGE][PASSED] - Send request successfully

2022-11-25 09:06:55 - [TEST_STEP][PASSED] - slurper = new groovy.json.JsonSlurper(): null

2022-11-25 09:06:55 - [TEST_STEP][PASSED] - result = slurper.parseText(req_data.getResponseBodyContent()): null

2022-11-25 09:06:55 - [TEST_STEP][PASSED] - reqid_kons = requestid1: null

2022-11-25 09:06:55 - [TEST_STEP][PASSED] - reqid_spouse = requestid2: null

2022-11-25 09:06:55 - [TEST_STEP][PASSED] - println("requestid kons : " + reqid_kons): null

2022-11-25 09:06:55 - [TEST_STEP][PASSED] - response_searchME_kons = reqid_kons: null

2022-11-25 09:06:55 - [TEST_STEP][PASSED] - response_searchME_spouse = reqid_spouse: null

2022-11-25 09:06:55 - [TEST_STEP][PASSED] - println("kons req id is :" + response_searchME_kons): null

2022-11-25 09:06:55 - [TEST_STEP][PASSED] - println("spouse req id is : " + response_searchME_spouse): null

2022-11-25 09:06:55 - [TEST_STEP][PASSED] - verifyResponseStatusCode(req_data, 200): Verify response status code successfully

2022-11-25 09:06:55 - [MESSAGE][PASSED] - Verify response status code successfully

2022-11-25 09:06:55 - [TEST_STEP][PASSED] - response = req_data.getResponseText(): null

2022-11-25 09:06:55 - [TEST_STEP][PASSED] - logInfo($response): {"status":"Done","data":{"requestid1":"254686","requestid2":"254687"}}

2022-11-25 09:06:55 - [MESSAGE][INFO] - {"status":"Done","data":{"requestid1":"254686","requestid2":"254687"}}

2022-11-25 09:06:55 - [TEST_STEP][PASSED] - delay(5): Delayed 5 second(s)

2022-11-25 09:07:00 - [MESSAGE][PASSED] - Delayed 5 second(s)

2022-11-25 09:07:00 - [TEST_STEP][PASSED] - scoring = sendRequest(findTestObject("EngineScore", ["response_searchME_kons":response_searchME_kons, "response_searchME_spouse":response_searchME_spouse])): Send request successfully

2022-11-25 09:07:00 - [MESSAGE][INFO] - HAR: D:\DMS\Engine Scoring\Reports\20221125_090152\Exclude KKB - DS - Married\Scoring Married - KKB\20221125_090152\requests\main\87.har

2022-11-25 09:07:00 - [MESSAGE][PASSED] - Send request successfully

2022-11-25 09:07:00 - [TEST_STEP][PASSED] - verifyResponseStatusCode(scoring, 200): Verify response status code successfully

2022-11-25 09:07:00 - [MESSAGE][PASSED] - Verify response status code successfully

2022-11-25 09:07:00 - [TEST_STEP][PASSED] - response2 = scoring.getResponseText(): null

2022-11-25 09:07:00 - [TEST_STEP][PASSED] - markPassed("result service data ke : " + no): result service data ke : 44

2022-11-25 09:07:00 - [MESSAGE][PASSED] - result service data ke : 44

2022-11-25 09:07:00 - [TEST_STEP][PASSED] - logInfo($response2): {"result_konsumen":"Reject","result_pasangan":"Reguler","Final_result":"Reject","errorMessage":"","status":"Done"}

2022-11-25 09:07:00 - [MESSAGE][INFO] - {"result_konsumen":"Reject","result_pasangan":"Reguler","Final_result":"Reject","errorMessage":"","status":"Done"}

2022-11-25 09:07:00 - [TEST_STEP][PASSED] - verifyElementPropertyValue(scoring, "Final_result", final_result): Verify element property value successfully

2022-11-25 09:07:00 - [MESSAGE][PASSED] - Verify element property value successfully]]></system-out>
         <system-err><![CDATA[]]></system-err>
      </testcase>
      <testcase name="Test Cases/Engine_Scoring/Engine Scoring" time="6.881" classname="Test Cases/Engine_Scoring/Engine Scoring" status="PASSED">
         <system-out><![CDATA[2022-11-25 09:07:00 - [TEST_CASE][PASSED] - Test Cases/Engine_Scoring/Engine Scoring: Test Cases/Engine_Scoring/Engine Scoring

2022-11-25 09:07:01 - [TEST_STEP][PASSED] - markPassed("Variasi data ke : " + no): Variasi data ke : 45

2022-11-25 09:07:01 - [MESSAGE][PASSED] - Variasi data ke : 45

2022-11-25 09:07:01 - [TEST_STEP][PASSED] - req_data = sendRequest(findTestObject("Search_ME", ["MID":MID, "source":source, "ip":ip, "userid":userid, "branch":branch, "tipekons":tipekons, "marital":marital, "penjamin":penjamin, ... ])): Send request successfully

2022-11-25 09:07:01 - [MESSAGE][INFO] - HAR: D:\DMS\Engine Scoring\Reports\20221125_090152\Exclude KKB - DS - Married\Scoring Married - KKB\20221125_090152\requests\main\88.har

2022-11-25 09:07:01 - [MESSAGE][PASSED] - Send request successfully

2022-11-25 09:07:01 - [TEST_STEP][PASSED] - slurper = new groovy.json.JsonSlurper(): null

2022-11-25 09:07:01 - [TEST_STEP][PASSED] - result = slurper.parseText(req_data.getResponseBodyContent()): null

2022-11-25 09:07:01 - [TEST_STEP][PASSED] - reqid_kons = requestid1: null

2022-11-25 09:07:01 - [TEST_STEP][PASSED] - reqid_spouse = requestid2: null

2022-11-25 09:07:01 - [TEST_STEP][PASSED] - println("requestid kons : " + reqid_kons): null

2022-11-25 09:07:01 - [TEST_STEP][PASSED] - response_searchME_kons = reqid_kons: null

2022-11-25 09:07:01 - [TEST_STEP][PASSED] - response_searchME_spouse = reqid_spouse: null

2022-11-25 09:07:01 - [TEST_STEP][PASSED] - println("kons req id is :" + response_searchME_kons): null

2022-11-25 09:07:01 - [TEST_STEP][PASSED] - println("spouse req id is : " + response_searchME_spouse): null

2022-11-25 09:07:01 - [TEST_STEP][PASSED] - verifyResponseStatusCode(req_data, 200): Verify response status code successfully

2022-11-25 09:07:01 - [MESSAGE][PASSED] - Verify response status code successfully

2022-11-25 09:07:01 - [TEST_STEP][PASSED] - response = req_data.getResponseText(): null

2022-11-25 09:07:01 - [TEST_STEP][PASSED] - logInfo($response): {"status":"Done","data":{"requestid1":"254688","requestid2":"254689"}}

2022-11-25 09:07:01 - [MESSAGE][INFO] - {"status":"Done","data":{"requestid1":"254688","requestid2":"254689"}}

2022-11-25 09:07:01 - [TEST_STEP][PASSED] - delay(5): Delayed 5 second(s)

2022-11-25 09:07:06 - [MESSAGE][PASSED] - Delayed 5 second(s)

2022-11-25 09:07:06 - [TEST_STEP][PASSED] - scoring = sendRequest(findTestObject("EngineScore", ["response_searchME_kons":response_searchME_kons, "response_searchME_spouse":response_searchME_spouse])): Send request successfully

2022-11-25 09:07:07 - [MESSAGE][INFO] - HAR: D:\DMS\Engine Scoring\Reports\20221125_090152\Exclude KKB - DS - Married\Scoring Married - KKB\20221125_090152\requests\main\89.har

2022-11-25 09:07:07 - [MESSAGE][PASSED] - Send request successfully

2022-11-25 09:07:07 - [TEST_STEP][PASSED] - verifyResponseStatusCode(scoring, 200): Verify response status code successfully

2022-11-25 09:07:07 - [MESSAGE][PASSED] - Verify response status code successfully

2022-11-25 09:07:07 - [TEST_STEP][PASSED] - response2 = scoring.getResponseText(): null

2022-11-25 09:07:07 - [TEST_STEP][PASSED] - markPassed("result service data ke : " + no): result service data ke : 45

2022-11-25 09:07:07 - [MESSAGE][PASSED] - result service data ke : 45

2022-11-25 09:07:07 - [TEST_STEP][PASSED] - logInfo($response2): {"result_konsumen":"Reject","result_pasangan":"Reguler","Final_result":"Reject","errorMessage":"","status":"Done"}

2022-11-25 09:07:07 - [MESSAGE][INFO] - {"result_konsumen":"Reject","result_pasangan":"Reguler","Final_result":"Reject","errorMessage":"","status":"Done"}

2022-11-25 09:07:07 - [TEST_STEP][PASSED] - verifyElementPropertyValue(scoring, "Final_result", final_result): Verify element property value successfully

2022-11-25 09:07:07 - [MESSAGE][PASSED] - Verify element property value successfully]]></system-out>
         <system-err><![CDATA[]]></system-err>
      </testcase>
      <testcase name="Test Cases/Engine_Scoring/Engine Scoring" time="6.698" classname="Test Cases/Engine_Scoring/Engine Scoring" status="PASSED">
         <system-out><![CDATA[2022-11-25 09:07:07 - [TEST_CASE][PASSED] - Test Cases/Engine_Scoring/Engine Scoring: Test Cases/Engine_Scoring/Engine Scoring

2022-11-25 09:07:07 - [TEST_STEP][PASSED] - markPassed("Variasi data ke : " + no): Variasi data ke : 46

2022-11-25 09:07:07 - [MESSAGE][PASSED] - Variasi data ke : 46

2022-11-25 09:07:07 - [TEST_STEP][PASSED] - req_data = sendRequest(findTestObject("Search_ME", ["MID":MID, "source":source, "ip":ip, "userid":userid, "branch":branch, "tipekons":tipekons, "marital":marital, "penjamin":penjamin, ... ])): Send request successfully

2022-11-25 09:07:08 - [MESSAGE][INFO] - HAR: D:\DMS\Engine Scoring\Reports\20221125_090152\Exclude KKB - DS - Married\Scoring Married - KKB\20221125_090152\requests\main\90.har

2022-11-25 09:07:08 - [MESSAGE][PASSED] - Send request successfully

2022-11-25 09:07:08 - [TEST_STEP][PASSED] - slurper = new groovy.json.JsonSlurper(): null

2022-11-25 09:07:08 - [TEST_STEP][PASSED] - result = slurper.parseText(req_data.getResponseBodyContent()): null

2022-11-25 09:07:08 - [TEST_STEP][PASSED] - reqid_kons = requestid1: null

2022-11-25 09:07:08 - [TEST_STEP][PASSED] - reqid_spouse = requestid2: null

2022-11-25 09:07:08 - [TEST_STEP][PASSED] - println("requestid kons : " + reqid_kons): null

2022-11-25 09:07:08 - [TEST_STEP][PASSED] - response_searchME_kons = reqid_kons: null

2022-11-25 09:07:08 - [TEST_STEP][PASSED] - response_searchME_spouse = reqid_spouse: null

2022-11-25 09:07:08 - [TEST_STEP][PASSED] - println("kons req id is :" + response_searchME_kons): null

2022-11-25 09:07:08 - [TEST_STEP][PASSED] - println("spouse req id is : " + response_searchME_spouse): null

2022-11-25 09:07:08 - [TEST_STEP][PASSED] - verifyResponseStatusCode(req_data, 200): Verify response status code successfully

2022-11-25 09:07:08 - [MESSAGE][PASSED] - Verify response status code successfully

2022-11-25 09:07:08 - [TEST_STEP][PASSED] - response = req_data.getResponseText(): null

2022-11-25 09:07:08 - [TEST_STEP][PASSED] - logInfo($response): {"status":"Done","data":{"requestid1":"254690","requestid2":"254691"}}

2022-11-25 09:07:08 - [MESSAGE][INFO] - {"status":"Done","data":{"requestid1":"254690","requestid2":"254691"}}

2022-11-25 09:07:08 - [TEST_STEP][PASSED] - delay(5): Delayed 5 second(s)

2022-11-25 09:07:13 - [MESSAGE][PASSED] - Delayed 5 second(s)

2022-11-25 09:07:13 - [TEST_STEP][PASSED] - scoring = sendRequest(findTestObject("EngineScore", ["response_searchME_kons":response_searchME_kons, "response_searchME_spouse":response_searchME_spouse])): Send request successfully

2022-11-25 09:07:13 - [MESSAGE][INFO] - HAR: D:\DMS\Engine Scoring\Reports\20221125_090152\Exclude KKB - DS - Married\Scoring Married - KKB\20221125_090152\requests\main\91.har

2022-11-25 09:07:13 - [MESSAGE][PASSED] - Send request successfully

2022-11-25 09:07:13 - [TEST_STEP][PASSED] - verifyResponseStatusCode(scoring, 200): Verify response status code successfully

2022-11-25 09:07:13 - [MESSAGE][PASSED] - Verify response status code successfully

2022-11-25 09:07:13 - [TEST_STEP][PASSED] - response2 = scoring.getResponseText(): null

2022-11-25 09:07:13 - [TEST_STEP][PASSED] - markPassed("result service data ke : " + no): result service data ke : 46

2022-11-25 09:07:13 - [MESSAGE][PASSED] - result service data ke : 46

2022-11-25 09:07:13 - [TEST_STEP][PASSED] - logInfo($response2): {"result_konsumen":"Reject","result_pasangan":"Reject","Final_result":"Reject","errorMessage":"","status":"Done"}

2022-11-25 09:07:13 - [MESSAGE][INFO] - {"result_konsumen":"Reject","result_pasangan":"Reject","Final_result":"Reject","errorMessage":"","status":"Done"}

2022-11-25 09:07:13 - [TEST_STEP][PASSED] - verifyElementPropertyValue(scoring, "Final_result", final_result): Verify element property value successfully

2022-11-25 09:07:13 - [MESSAGE][PASSED] - Verify element property value successfully]]></system-out>
         <system-err><![CDATA[]]></system-err>
      </testcase>
      <testcase name="Test Cases/Engine_Scoring/Engine Scoring" time="6.601" classname="Test Cases/Engine_Scoring/Engine Scoring" status="PASSED">
         <system-out><![CDATA[2022-11-25 09:07:13 - [TEST_CASE][PASSED] - Test Cases/Engine_Scoring/Engine Scoring: Test Cases/Engine_Scoring/Engine Scoring

2022-11-25 09:07:14 - [TEST_STEP][PASSED] - markPassed("Variasi data ke : " + no): Variasi data ke : 47

2022-11-25 09:07:14 - [MESSAGE][PASSED] - Variasi data ke : 47

2022-11-25 09:07:14 - [TEST_STEP][PASSED] - req_data = sendRequest(findTestObject("Search_ME", ["MID":MID, "source":source, "ip":ip, "userid":userid, "branch":branch, "tipekons":tipekons, "marital":marital, "penjamin":penjamin, ... ])): Send request successfully

2022-11-25 09:07:15 - [MESSAGE][INFO] - HAR: D:\DMS\Engine Scoring\Reports\20221125_090152\Exclude KKB - DS - Married\Scoring Married - KKB\20221125_090152\requests\main\92.har

2022-11-25 09:07:15 - [MESSAGE][PASSED] - Send request successfully

2022-11-25 09:07:15 - [TEST_STEP][PASSED] - slurper = new groovy.json.JsonSlurper(): null

2022-11-25 09:07:15 - [TEST_STEP][PASSED] - result = slurper.parseText(req_data.getResponseBodyContent()): null

2022-11-25 09:07:15 - [TEST_STEP][PASSED] - reqid_kons = requestid1: null

2022-11-25 09:07:15 - [TEST_STEP][PASSED] - reqid_spouse = requestid2: null

2022-11-25 09:07:15 - [TEST_STEP][PASSED] - println("requestid kons : " + reqid_kons): null

2022-11-25 09:07:15 - [TEST_STEP][PASSED] - response_searchME_kons = reqid_kons: null

2022-11-25 09:07:15 - [TEST_STEP][PASSED] - response_searchME_spouse = reqid_spouse: null

2022-11-25 09:07:15 - [TEST_STEP][PASSED] - println("kons req id is :" + response_searchME_kons): null

2022-11-25 09:07:15 - [TEST_STEP][PASSED] - println("spouse req id is : " + response_searchME_spouse): null

2022-11-25 09:07:15 - [TEST_STEP][PASSED] - verifyResponseStatusCode(req_data, 200): Verify response status code successfully

2022-11-25 09:07:15 - [MESSAGE][PASSED] - Verify response status code successfully

2022-11-25 09:07:15 - [TEST_STEP][PASSED] - response = req_data.getResponseText(): null

2022-11-25 09:07:15 - [TEST_STEP][PASSED] - logInfo($response): {"status":"Done","data":{"requestid1":"254692","requestid2":"254693"}}

2022-11-25 09:07:15 - [MESSAGE][INFO] - {"status":"Done","data":{"requestid1":"254692","requestid2":"254693"}}

2022-11-25 09:07:15 - [TEST_STEP][PASSED] - delay(5): Delayed 5 second(s)

2022-11-25 09:07:20 - [MESSAGE][PASSED] - Delayed 5 second(s)

2022-11-25 09:07:20 - [TEST_STEP][PASSED] - scoring = sendRequest(findTestObject("EngineScore", ["response_searchME_kons":response_searchME_kons, "response_searchME_spouse":response_searchME_spouse])): Send request successfully

2022-11-25 09:07:20 - [MESSAGE][INFO] - HAR: D:\DMS\Engine Scoring\Reports\20221125_090152\Exclude KKB - DS - Married\Scoring Married - KKB\20221125_090152\requests\main\93.har

2022-11-25 09:07:20 - [MESSAGE][PASSED] - Send request successfully

2022-11-25 09:07:20 - [TEST_STEP][PASSED] - verifyResponseStatusCode(scoring, 200): Verify response status code successfully

2022-11-25 09:07:20 - [MESSAGE][PASSED] - Verify response status code successfully

2022-11-25 09:07:20 - [TEST_STEP][PASSED] - response2 = scoring.getResponseText(): null

2022-11-25 09:07:20 - [TEST_STEP][PASSED] - markPassed("result service data ke : " + no): result service data ke : 47

2022-11-25 09:07:20 - [MESSAGE][PASSED] - result service data ke : 47

2022-11-25 09:07:20 - [TEST_STEP][PASSED] - logInfo($response2): {"result_konsumen":"Reject","result_pasangan":"Reject","Final_result":"Reject","errorMessage":"","status":"Done"}

2022-11-25 09:07:20 - [MESSAGE][INFO] - {"result_konsumen":"Reject","result_pasangan":"Reject","Final_result":"Reject","errorMessage":"","status":"Done"}

2022-11-25 09:07:20 - [TEST_STEP][PASSED] - verifyElementPropertyValue(scoring, "Final_result", final_result): Verify element property value successfully

2022-11-25 09:07:20 - [MESSAGE][PASSED] - Verify element property value successfully]]></system-out>
         <system-err><![CDATA[]]></system-err>
      </testcase>
      <testcase name="Test Cases/Engine_Scoring/Engine Scoring" time="6.782" classname="Test Cases/Engine_Scoring/Engine Scoring" status="PASSED">
         <system-out><![CDATA[2022-11-25 09:07:20 - [TEST_CASE][PASSED] - Test Cases/Engine_Scoring/Engine Scoring: Test Cases/Engine_Scoring/Engine Scoring

2022-11-25 09:07:21 - [TEST_STEP][PASSED] - markPassed("Variasi data ke : " + no): Variasi data ke : 48

2022-11-25 09:07:21 - [MESSAGE][PASSED] - Variasi data ke : 48

2022-11-25 09:07:21 - [TEST_STEP][PASSED] - req_data = sendRequest(findTestObject("Search_ME", ["MID":MID, "source":source, "ip":ip, "userid":userid, "branch":branch, "tipekons":tipekons, "marital":marital, "penjamin":penjamin, ... ])): Send request successfully

2022-11-25 09:07:22 - [MESSAGE][INFO] - HAR: D:\DMS\Engine Scoring\Reports\20221125_090152\Exclude KKB - DS - Married\Scoring Married - KKB\20221125_090152\requests\main\94.har

2022-11-25 09:07:22 - [MESSAGE][PASSED] - Send request successfully

2022-11-25 09:07:22 - [TEST_STEP][PASSED] - slurper = new groovy.json.JsonSlurper(): null

2022-11-25 09:07:22 - [TEST_STEP][PASSED] - result = slurper.parseText(req_data.getResponseBodyContent()): null

2022-11-25 09:07:22 - [TEST_STEP][PASSED] - reqid_kons = requestid1: null

2022-11-25 09:07:22 - [TEST_STEP][PASSED] - reqid_spouse = requestid2: null

2022-11-25 09:07:22 - [TEST_STEP][PASSED] - println("requestid kons : " + reqid_kons): null

2022-11-25 09:07:22 - [TEST_STEP][PASSED] - response_searchME_kons = reqid_kons: null

2022-11-25 09:07:22 - [TEST_STEP][PASSED] - response_searchME_spouse = reqid_spouse: null

2022-11-25 09:07:22 - [TEST_STEP][PASSED] - println("kons req id is :" + response_searchME_kons): null

2022-11-25 09:07:22 - [TEST_STEP][PASSED] - println("spouse req id is : " + response_searchME_spouse): null

2022-11-25 09:07:22 - [TEST_STEP][PASSED] - verifyResponseStatusCode(req_data, 200): Verify response status code successfully

2022-11-25 09:07:22 - [MESSAGE][PASSED] - Verify response status code successfully

2022-11-25 09:07:22 - [TEST_STEP][PASSED] - response = req_data.getResponseText(): null

2022-11-25 09:07:22 - [TEST_STEP][PASSED] - logInfo($response): {"status":"Done","data":{"requestid1":"254694","requestid2":"254695"}}

2022-11-25 09:07:22 - [MESSAGE][INFO] - {"status":"Done","data":{"requestid1":"254694","requestid2":"254695"}}

2022-11-25 09:07:22 - [TEST_STEP][PASSED] - delay(5): Delayed 5 second(s)

2022-11-25 09:07:27 - [MESSAGE][PASSED] - Delayed 5 second(s)

2022-11-25 09:07:27 - [TEST_STEP][PASSED] - scoring = sendRequest(findTestObject("EngineScore", ["response_searchME_kons":response_searchME_kons, "response_searchME_spouse":response_searchME_spouse])): Send request successfully

2022-11-25 09:07:27 - [MESSAGE][INFO] - HAR: D:\DMS\Engine Scoring\Reports\20221125_090152\Exclude KKB - DS - Married\Scoring Married - KKB\20221125_090152\requests\main\95.har

2022-11-25 09:07:27 - [MESSAGE][PASSED] - Send request successfully

2022-11-25 09:07:27 - [TEST_STEP][PASSED] - verifyResponseStatusCode(scoring, 200): Verify response status code successfully

2022-11-25 09:07:27 - [MESSAGE][PASSED] - Verify response status code successfully

2022-11-25 09:07:27 - [TEST_STEP][PASSED] - response2 = scoring.getResponseText(): null

2022-11-25 09:07:27 - [TEST_STEP][PASSED] - markPassed("result service data ke : " + no): result service data ke : 48

2022-11-25 09:07:27 - [MESSAGE][PASSED] - result service data ke : 48

2022-11-25 09:07:27 - [TEST_STEP][PASSED] - logInfo($response2): {"result_konsumen":"Reject","result_pasangan":"Reject","Final_result":"Reject","errorMessage":"","status":"Done"}

2022-11-25 09:07:27 - [MESSAGE][INFO] - {"result_konsumen":"Reject","result_pasangan":"Reject","Final_result":"Reject","errorMessage":"","status":"Done"}

2022-11-25 09:07:27 - [TEST_STEP][PASSED] - verifyElementPropertyValue(scoring, "Final_result", final_result): Verify element property value successfully

2022-11-25 09:07:27 - [MESSAGE][PASSED] - Verify element property value successfully]]></system-out>
         <system-err><![CDATA[]]></system-err>
      </testcase>
      <testcase name="Test Cases/Engine_Scoring/Engine Scoring" time="6.62" classname="Test Cases/Engine_Scoring/Engine Scoring" status="PASSED">
         <system-out><![CDATA[2022-11-25 09:07:27 - [TEST_CASE][PASSED] - Test Cases/Engine_Scoring/Engine Scoring: Test Cases/Engine_Scoring/Engine Scoring

2022-11-25 09:07:28 - [TEST_STEP][PASSED] - markPassed("Variasi data ke : " + no): Variasi data ke : 49

2022-11-25 09:07:28 - [MESSAGE][PASSED] - Variasi data ke : 49

2022-11-25 09:07:28 - [TEST_STEP][PASSED] - req_data = sendRequest(findTestObject("Search_ME", ["MID":MID, "source":source, "ip":ip, "userid":userid, "branch":branch, "tipekons":tipekons, "marital":marital, "penjamin":penjamin, ... ])): Send request successfully

2022-11-25 09:07:28 - [MESSAGE][INFO] - HAR: D:\DMS\Engine Scoring\Reports\20221125_090152\Exclude KKB - DS - Married\Scoring Married - KKB\20221125_090152\requests\main\96.har

2022-11-25 09:07:28 - [MESSAGE][PASSED] - Send request successfully

2022-11-25 09:07:28 - [TEST_STEP][PASSED] - slurper = new groovy.json.JsonSlurper(): null

2022-11-25 09:07:28 - [TEST_STEP][PASSED] - result = slurper.parseText(req_data.getResponseBodyContent()): null

2022-11-25 09:07:28 - [TEST_STEP][PASSED] - reqid_kons = requestid1: null

2022-11-25 09:07:28 - [TEST_STEP][PASSED] - reqid_spouse = requestid2: null

2022-11-25 09:07:28 - [TEST_STEP][PASSED] - println("requestid kons : " + reqid_kons): null

2022-11-25 09:07:28 - [TEST_STEP][PASSED] - response_searchME_kons = reqid_kons: null

2022-11-25 09:07:28 - [TEST_STEP][PASSED] - response_searchME_spouse = reqid_spouse: null

2022-11-25 09:07:28 - [TEST_STEP][PASSED] - println("kons req id is :" + response_searchME_kons): null

2022-11-25 09:07:28 - [TEST_STEP][PASSED] - println("spouse req id is : " + response_searchME_spouse): null

2022-11-25 09:07:28 - [TEST_STEP][PASSED] - verifyResponseStatusCode(req_data, 200): Verify response status code successfully

2022-11-25 09:07:28 - [MESSAGE][PASSED] - Verify response status code successfully

2022-11-25 09:07:28 - [TEST_STEP][PASSED] - response = req_data.getResponseText(): null

2022-11-25 09:07:28 - [TEST_STEP][PASSED] - logInfo($response): {"status":"Done","data":{"requestid1":"254696","requestid2":"254697"}}

2022-11-25 09:07:28 - [MESSAGE][INFO] - {"status":"Done","data":{"requestid1":"254696","requestid2":"254697"}}

2022-11-25 09:07:28 - [TEST_STEP][PASSED] - delay(5): Delayed 5 second(s)

2022-11-25 09:07:33 - [MESSAGE][PASSED] - Delayed 5 second(s)

2022-11-25 09:07:33 - [TEST_STEP][PASSED] - scoring = sendRequest(findTestObject("EngineScore", ["response_searchME_kons":response_searchME_kons, "response_searchME_spouse":response_searchME_spouse])): Send request successfully

2022-11-25 09:07:34 - [MESSAGE][INFO] - HAR: D:\DMS\Engine Scoring\Reports\20221125_090152\Exclude KKB - DS - Married\Scoring Married - KKB\20221125_090152\requests\main\97.har

2022-11-25 09:07:34 - [MESSAGE][PASSED] - Send request successfully

2022-11-25 09:07:34 - [TEST_STEP][PASSED] - verifyResponseStatusCode(scoring, 200): Verify response status code successfully

2022-11-25 09:07:34 - [MESSAGE][PASSED] - Verify response status code successfully

2022-11-25 09:07:34 - [TEST_STEP][PASSED] - response2 = scoring.getResponseText(): null

2022-11-25 09:07:34 - [TEST_STEP][PASSED] - markPassed("result service data ke : " + no): result service data ke : 49

2022-11-25 09:07:34 - [MESSAGE][PASSED] - result service data ke : 49

2022-11-25 09:07:34 - [TEST_STEP][PASSED] - logInfo($response2): {"result_konsumen":"Reject","result_pasangan":"Reject","Final_result":"Reject","errorMessage":"","status":"Done"}

2022-11-25 09:07:34 - [MESSAGE][INFO] - {"result_konsumen":"Reject","result_pasangan":"Reject","Final_result":"Reject","errorMessage":"","status":"Done"}

2022-11-25 09:07:34 - [TEST_STEP][PASSED] - verifyElementPropertyValue(scoring, "Final_result", final_result): Verify element property value successfully

2022-11-25 09:07:34 - [MESSAGE][PASSED] - Verify element property value successfully]]></system-out>
         <system-err><![CDATA[]]></system-err>
      </testcase>
      <testcase name="Test Cases/Engine_Scoring/Engine Scoring" time="6.808" classname="Test Cases/Engine_Scoring/Engine Scoring" status="PASSED">
         <system-out><![CDATA[2022-11-25 09:07:34 - [TEST_CASE][PASSED] - Test Cases/Engine_Scoring/Engine Scoring: Test Cases/Engine_Scoring/Engine Scoring

2022-11-25 09:07:34 - [TEST_STEP][PASSED] - markPassed("Variasi data ke : " + no): Variasi data ke : 50

2022-11-25 09:07:34 - [MESSAGE][PASSED] - Variasi data ke : 50

2022-11-25 09:07:34 - [TEST_STEP][PASSED] - req_data = sendRequest(findTestObject("Search_ME", ["MID":MID, "source":source, "ip":ip, "userid":userid, "branch":branch, "tipekons":tipekons, "marital":marital, "penjamin":penjamin, ... ])): Send request successfully

2022-11-25 09:07:35 - [MESSAGE][INFO] - HAR: D:\DMS\Engine Scoring\Reports\20221125_090152\Exclude KKB - DS - Married\Scoring Married - KKB\20221125_090152\requests\main\98.har

2022-11-25 09:07:35 - [MESSAGE][PASSED] - Send request successfully

2022-11-25 09:07:35 - [TEST_STEP][PASSED] - slurper = new groovy.json.JsonSlurper(): null

2022-11-25 09:07:35 - [TEST_STEP][PASSED] - result = slurper.parseText(req_data.getResponseBodyContent()): null

2022-11-25 09:07:35 - [TEST_STEP][PASSED] - reqid_kons = requestid1: null

2022-11-25 09:07:35 - [TEST_STEP][PASSED] - reqid_spouse = requestid2: null

2022-11-25 09:07:35 - [TEST_STEP][PASSED] - println("requestid kons : " + reqid_kons): null

2022-11-25 09:07:35 - [TEST_STEP][PASSED] - response_searchME_kons = reqid_kons: null

2022-11-25 09:07:35 - [TEST_STEP][PASSED] - response_searchME_spouse = reqid_spouse: null

2022-11-25 09:07:35 - [TEST_STEP][PASSED] - println("kons req id is :" + response_searchME_kons): null

2022-11-25 09:07:35 - [TEST_STEP][PASSED] - println("spouse req id is : " + response_searchME_spouse): null

2022-11-25 09:07:35 - [TEST_STEP][PASSED] - verifyResponseStatusCode(req_data, 200): Verify response status code successfully

2022-11-25 09:07:35 - [MESSAGE][PASSED] - Verify response status code successfully

2022-11-25 09:07:35 - [TEST_STEP][PASSED] - response = req_data.getResponseText(): null

2022-11-25 09:07:35 - [TEST_STEP][PASSED] - logInfo($response): {"status":"Done","data":{"requestid1":"254698","requestid2":"254699"}}

2022-11-25 09:07:35 - [MESSAGE][INFO] - {"status":"Done","data":{"requestid1":"254698","requestid2":"254699"}}

2022-11-25 09:07:35 - [TEST_STEP][PASSED] - delay(5): Delayed 5 second(s)

2022-11-25 09:07:40 - [MESSAGE][PASSED] - Delayed 5 second(s)

2022-11-25 09:07:40 - [TEST_STEP][PASSED] - scoring = sendRequest(findTestObject("EngineScore", ["response_searchME_kons":response_searchME_kons, "response_searchME_spouse":response_searchME_spouse])): Send request successfully

2022-11-25 09:07:40 - [MESSAGE][INFO] - HAR: D:\DMS\Engine Scoring\Reports\20221125_090152\Exclude KKB - DS - Married\Scoring Married - KKB\20221125_090152\requests\main\99.har

2022-11-25 09:07:40 - [MESSAGE][PASSED] - Send request successfully

2022-11-25 09:07:40 - [TEST_STEP][PASSED] - verifyResponseStatusCode(scoring, 200): Verify response status code successfully

2022-11-25 09:07:40 - [MESSAGE][PASSED] - Verify response status code successfully

2022-11-25 09:07:40 - [TEST_STEP][PASSED] - response2 = scoring.getResponseText(): null

2022-11-25 09:07:40 - [TEST_STEP][PASSED] - markPassed("result service data ke : " + no): result service data ke : 50

2022-11-25 09:07:40 - [MESSAGE][PASSED] - result service data ke : 50

2022-11-25 09:07:40 - [TEST_STEP][PASSED] - logInfo($response2): {"result_konsumen":"Reject","result_pasangan":"Reject","Final_result":"Reject","errorMessage":"","status":"Done"}

2022-11-25 09:07:40 - [MESSAGE][INFO] - {"result_konsumen":"Reject","result_pasangan":"Reject","Final_result":"Reject","errorMessage":"","status":"Done"}

2022-11-25 09:07:40 - [TEST_STEP][PASSED] - verifyElementPropertyValue(scoring, "Final_result", final_result): Verify element property value successfully

2022-11-25 09:07:40 - [MESSAGE][PASSED] - Verify element property value successfully]]></system-out>
         <system-err><![CDATA[]]></system-err>
      </testcase>
      <testcase name="Test Cases/Engine_Scoring/Engine Scoring" time="6.624" classname="Test Cases/Engine_Scoring/Engine Scoring" status="PASSED">
         <system-out><![CDATA[2022-11-25 09:07:41 - [TEST_CASE][PASSED] - Test Cases/Engine_Scoring/Engine Scoring: Test Cases/Engine_Scoring/Engine Scoring

2022-11-25 09:07:41 - [TEST_STEP][PASSED] - markPassed("Variasi data ke : " + no): Variasi data ke : 51

2022-11-25 09:07:41 - [MESSAGE][PASSED] - Variasi data ke : 51

2022-11-25 09:07:41 - [TEST_STEP][PASSED] - req_data = sendRequest(findTestObject("Search_ME", ["MID":MID, "source":source, "ip":ip, "userid":userid, "branch":branch, "tipekons":tipekons, "marital":marital, "penjamin":penjamin, ... ])): Send request successfully

2022-11-25 09:07:42 - [MESSAGE][INFO] - HAR: D:\DMS\Engine Scoring\Reports\20221125_090152\Exclude KKB - DS - Married\Scoring Married - KKB\20221125_090152\requests\main\100.har

2022-11-25 09:07:42 - [MESSAGE][PASSED] - Send request successfully

2022-11-25 09:07:42 - [TEST_STEP][PASSED] - slurper = new groovy.json.JsonSlurper(): null

2022-11-25 09:07:42 - [TEST_STEP][PASSED] - result = slurper.parseText(req_data.getResponseBodyContent()): null

2022-11-25 09:07:42 - [TEST_STEP][PASSED] - reqid_kons = requestid1: null

2022-11-25 09:07:42 - [TEST_STEP][PASSED] - reqid_spouse = requestid2: null

2022-11-25 09:07:42 - [TEST_STEP][PASSED] - println("requestid kons : " + reqid_kons): null

2022-11-25 09:07:42 - [TEST_STEP][PASSED] - response_searchME_kons = reqid_kons: null

2022-11-25 09:07:42 - [TEST_STEP][PASSED] - response_searchME_spouse = reqid_spouse: null

2022-11-25 09:07:42 - [TEST_STEP][PASSED] - println("kons req id is :" + response_searchME_kons): null

2022-11-25 09:07:42 - [TEST_STEP][PASSED] - println("spouse req id is : " + response_searchME_spouse): null

2022-11-25 09:07:42 - [TEST_STEP][PASSED] - verifyResponseStatusCode(req_data, 200): Verify response status code successfully

2022-11-25 09:07:42 - [MESSAGE][PASSED] - Verify response status code successfully

2022-11-25 09:07:42 - [TEST_STEP][PASSED] - response = req_data.getResponseText(): null

2022-11-25 09:07:42 - [TEST_STEP][PASSED] - logInfo($response): {"status":"Done","data":{"requestid1":"254700","requestid2":"254701"}}

2022-11-25 09:07:42 - [MESSAGE][INFO] - {"status":"Done","data":{"requestid1":"254700","requestid2":"254701"}}

2022-11-25 09:07:42 - [TEST_STEP][PASSED] - delay(5): Delayed 5 second(s)

2022-11-25 09:07:47 - [MESSAGE][PASSED] - Delayed 5 second(s)

2022-11-25 09:07:47 - [TEST_STEP][PASSED] - scoring = sendRequest(findTestObject("EngineScore", ["response_searchME_kons":response_searchME_kons, "response_searchME_spouse":response_searchME_spouse])): Send request successfully

2022-11-25 09:07:47 - [MESSAGE][INFO] - HAR: D:\DMS\Engine Scoring\Reports\20221125_090152\Exclude KKB - DS - Married\Scoring Married - KKB\20221125_090152\requests\main\101.har

2022-11-25 09:07:47 - [MESSAGE][PASSED] - Send request successfully

2022-11-25 09:07:47 - [TEST_STEP][PASSED] - verifyResponseStatusCode(scoring, 200): Verify response status code successfully

2022-11-25 09:07:47 - [MESSAGE][PASSED] - Verify response status code successfully

2022-11-25 09:07:47 - [TEST_STEP][PASSED] - response2 = scoring.getResponseText(): null

2022-11-25 09:07:47 - [TEST_STEP][PASSED] - markPassed("result service data ke : " + no): result service data ke : 51

2022-11-25 09:07:47 - [MESSAGE][PASSED] - result service data ke : 51

2022-11-25 09:07:47 - [TEST_STEP][PASSED] - logInfo($response2): {"result_konsumen":"Reject","result_pasangan":"Reject","Final_result":"Reject","errorMessage":"","status":"Done"}

2022-11-25 09:07:47 - [MESSAGE][INFO] - {"result_konsumen":"Reject","result_pasangan":"Reject","Final_result":"Reject","errorMessage":"","status":"Done"}

2022-11-25 09:07:47 - [TEST_STEP][PASSED] - verifyElementPropertyValue(scoring, "Final_result", final_result): Verify element property value successfully

2022-11-25 09:07:47 - [MESSAGE][PASSED] - Verify element property value successfully]]></system-out>
         <system-err><![CDATA[]]></system-err>
      </testcase>
      <testcase name="Test Cases/Engine_Scoring/Engine Scoring" time="6.766" classname="Test Cases/Engine_Scoring/Engine Scoring" status="PASSED">
         <system-out><![CDATA[2022-11-25 09:07:47 - [TEST_CASE][PASSED] - Test Cases/Engine_Scoring/Engine Scoring: Test Cases/Engine_Scoring/Engine Scoring

2022-11-25 09:07:48 - [TEST_STEP][PASSED] - markPassed("Variasi data ke : " + no): Variasi data ke : 52

2022-11-25 09:07:48 - [MESSAGE][PASSED] - Variasi data ke : 52

2022-11-25 09:07:48 - [TEST_STEP][PASSED] - req_data = sendRequest(findTestObject("Search_ME", ["MID":MID, "source":source, "ip":ip, "userid":userid, "branch":branch, "tipekons":tipekons, "marital":marital, "penjamin":penjamin, ... ])): Send request successfully

2022-11-25 09:07:49 - [MESSAGE][INFO] - HAR: D:\DMS\Engine Scoring\Reports\20221125_090152\Exclude KKB - DS - Married\Scoring Married - KKB\20221125_090152\requests\main\102.har

2022-11-25 09:07:49 - [MESSAGE][PASSED] - Send request successfully

2022-11-25 09:07:49 - [TEST_STEP][PASSED] - slurper = new groovy.json.JsonSlurper(): null

2022-11-25 09:07:49 - [TEST_STEP][PASSED] - result = slurper.parseText(req_data.getResponseBodyContent()): null

2022-11-25 09:07:49 - [TEST_STEP][PASSED] - reqid_kons = requestid1: null

2022-11-25 09:07:49 - [TEST_STEP][PASSED] - reqid_spouse = requestid2: null

2022-11-25 09:07:49 - [TEST_STEP][PASSED] - println("requestid kons : " + reqid_kons): null

2022-11-25 09:07:49 - [TEST_STEP][PASSED] - response_searchME_kons = reqid_kons: null

2022-11-25 09:07:49 - [TEST_STEP][PASSED] - response_searchME_spouse = reqid_spouse: null

2022-11-25 09:07:49 - [TEST_STEP][PASSED] - println("kons req id is :" + response_searchME_kons): null

2022-11-25 09:07:49 - [TEST_STEP][PASSED] - println("spouse req id is : " + response_searchME_spouse): null

2022-11-25 09:07:49 - [TEST_STEP][PASSED] - verifyResponseStatusCode(req_data, 200): Verify response status code successfully

2022-11-25 09:07:49 - [MESSAGE][PASSED] - Verify response status code successfully

2022-11-25 09:07:49 - [TEST_STEP][PASSED] - response = req_data.getResponseText(): null

2022-11-25 09:07:49 - [TEST_STEP][PASSED] - logInfo($response): {"status":"Done","data":{"requestid1":"254702","requestid2":"254703"}}

2022-11-25 09:07:49 - [MESSAGE][INFO] - {"status":"Done","data":{"requestid1":"254702","requestid2":"254703"}}

2022-11-25 09:07:49 - [TEST_STEP][PASSED] - delay(5): Delayed 5 second(s)

2022-11-25 09:07:54 - [MESSAGE][PASSED] - Delayed 5 second(s)

2022-11-25 09:07:54 - [TEST_STEP][PASSED] - scoring = sendRequest(findTestObject("EngineScore", ["response_searchME_kons":response_searchME_kons, "response_searchME_spouse":response_searchME_spouse])): Send request successfully

2022-11-25 09:07:54 - [MESSAGE][INFO] - HAR: D:\DMS\Engine Scoring\Reports\20221125_090152\Exclude KKB - DS - Married\Scoring Married - KKB\20221125_090152\requests\main\103.har

2022-11-25 09:07:54 - [MESSAGE][PASSED] - Send request successfully

2022-11-25 09:07:54 - [TEST_STEP][PASSED] - verifyResponseStatusCode(scoring, 200): Verify response status code successfully

2022-11-25 09:07:54 - [MESSAGE][PASSED] - Verify response status code successfully

2022-11-25 09:07:54 - [TEST_STEP][PASSED] - response2 = scoring.getResponseText(): null

2022-11-25 09:07:54 - [TEST_STEP][PASSED] - markPassed("result service data ke : " + no): result service data ke : 52

2022-11-25 09:07:54 - [MESSAGE][PASSED] - result service data ke : 52

2022-11-25 09:07:54 - [TEST_STEP][PASSED] - logInfo($response2): {"result_konsumen":"Reject","result_pasangan":"Reject","Final_result":"Reject","errorMessage":"","status":"Done"}

2022-11-25 09:07:54 - [MESSAGE][INFO] - {"result_konsumen":"Reject","result_pasangan":"Reject","Final_result":"Reject","errorMessage":"","status":"Done"}

2022-11-25 09:07:54 - [TEST_STEP][PASSED] - verifyElementPropertyValue(scoring, "Final_result", final_result): Verify element property value successfully

2022-11-25 09:07:54 - [MESSAGE][PASSED] - Verify element property value successfully]]></system-out>
         <system-err><![CDATA[]]></system-err>
      </testcase>
      <testcase name="Test Cases/Engine_Scoring/Engine Scoring" time="6.628" classname="Test Cases/Engine_Scoring/Engine Scoring" status="PASSED">
         <system-out><![CDATA[2022-11-25 09:07:54 - [TEST_CASE][PASSED] - Test Cases/Engine_Scoring/Engine Scoring: Test Cases/Engine_Scoring/Engine Scoring

2022-11-25 09:07:55 - [TEST_STEP][PASSED] - markPassed("Variasi data ke : " + no): Variasi data ke : 53

2022-11-25 09:07:55 - [MESSAGE][PASSED] - Variasi data ke : 53

2022-11-25 09:07:55 - [TEST_STEP][PASSED] - req_data = sendRequest(findTestObject("Search_ME", ["MID":MID, "source":source, "ip":ip, "userid":userid, "branch":branch, "tipekons":tipekons, "marital":marital, "penjamin":penjamin, ... ])): Send request successfully

2022-11-25 09:07:55 - [MESSAGE][INFO] - HAR: D:\DMS\Engine Scoring\Reports\20221125_090152\Exclude KKB - DS - Married\Scoring Married - KKB\20221125_090152\requests\main\104.har

2022-11-25 09:07:56 - [MESSAGE][PASSED] - Send request successfully

2022-11-25 09:07:56 - [TEST_STEP][PASSED] - slurper = new groovy.json.JsonSlurper(): null

2022-11-25 09:07:56 - [TEST_STEP][PASSED] - result = slurper.parseText(req_data.getResponseBodyContent()): null

2022-11-25 09:07:56 - [TEST_STEP][PASSED] - reqid_kons = requestid1: null

2022-11-25 09:07:56 - [TEST_STEP][PASSED] - reqid_spouse = requestid2: null

2022-11-25 09:07:56 - [TEST_STEP][PASSED] - println("requestid kons : " + reqid_kons): null

2022-11-25 09:07:56 - [TEST_STEP][PASSED] - response_searchME_kons = reqid_kons: null

2022-11-25 09:07:56 - [TEST_STEP][PASSED] - response_searchME_spouse = reqid_spouse: null

2022-11-25 09:07:56 - [TEST_STEP][PASSED] - println("kons req id is :" + response_searchME_kons): null

2022-11-25 09:07:56 - [TEST_STEP][PASSED] - println("spouse req id is : " + response_searchME_spouse): null

2022-11-25 09:07:56 - [TEST_STEP][PASSED] - verifyResponseStatusCode(req_data, 200): Verify response status code successfully

2022-11-25 09:07:56 - [MESSAGE][PASSED] - Verify response status code successfully

2022-11-25 09:07:56 - [TEST_STEP][PASSED] - response = req_data.getResponseText(): null

2022-11-25 09:07:56 - [TEST_STEP][PASSED] - logInfo($response): {"status":"Done","data":{"requestid1":"254704","requestid2":"254705"}}

2022-11-25 09:07:56 - [MESSAGE][INFO] - {"status":"Done","data":{"requestid1":"254704","requestid2":"254705"}}

2022-11-25 09:07:56 - [TEST_STEP][PASSED] - delay(5): Delayed 5 second(s)

2022-11-25 09:08:01 - [MESSAGE][PASSED] - Delayed 5 second(s)

2022-11-25 09:08:01 - [TEST_STEP][PASSED] - scoring = sendRequest(findTestObject("EngineScore", ["response_searchME_kons":response_searchME_kons, "response_searchME_spouse":response_searchME_spouse])): Send request successfully

2022-11-25 09:08:01 - [MESSAGE][INFO] - HAR: D:\DMS\Engine Scoring\Reports\20221125_090152\Exclude KKB - DS - Married\Scoring Married - KKB\20221125_090152\requests\main\105.har

2022-11-25 09:08:01 - [MESSAGE][PASSED] - Send request successfully

2022-11-25 09:08:01 - [TEST_STEP][PASSED] - verifyResponseStatusCode(scoring, 200): Verify response status code successfully

2022-11-25 09:08:01 - [MESSAGE][PASSED] - Verify response status code successfully

2022-11-25 09:08:01 - [TEST_STEP][PASSED] - response2 = scoring.getResponseText(): null

2022-11-25 09:08:01 - [TEST_STEP][PASSED] - markPassed("result service data ke : " + no): result service data ke : 53

2022-11-25 09:08:01 - [MESSAGE][PASSED] - result service data ke : 53

2022-11-25 09:08:01 - [TEST_STEP][PASSED] - logInfo($response2): {"result_konsumen":"Reject","result_pasangan":"Reject","Final_result":"Reject","errorMessage":"","status":"Done"}

2022-11-25 09:08:01 - [MESSAGE][INFO] - {"result_konsumen":"Reject","result_pasangan":"Reject","Final_result":"Reject","errorMessage":"","status":"Done"}

2022-11-25 09:08:01 - [TEST_STEP][PASSED] - verifyElementPropertyValue(scoring, "Final_result", final_result): Verify element property value successfully

2022-11-25 09:08:01 - [MESSAGE][PASSED] - Verify element property value successfully]]></system-out>
         <system-err><![CDATA[]]></system-err>
      </testcase>
      <testcase name="Test Cases/Engine_Scoring/Engine Scoring" time="6.748" classname="Test Cases/Engine_Scoring/Engine Scoring" status="PASSED">
         <system-out><![CDATA[2022-11-25 09:08:01 - [TEST_CASE][PASSED] - Test Cases/Engine_Scoring/Engine Scoring: Test Cases/Engine_Scoring/Engine Scoring

2022-11-25 09:08:01 - [TEST_STEP][PASSED] - markPassed("Variasi data ke : " + no): Variasi data ke : 54

2022-11-25 09:08:01 - [MESSAGE][PASSED] - Variasi data ke : 54

2022-11-25 09:08:01 - [TEST_STEP][PASSED] - req_data = sendRequest(findTestObject("Search_ME", ["MID":MID, "source":source, "ip":ip, "userid":userid, "branch":branch, "tipekons":tipekons, "marital":marital, "penjamin":penjamin, ... ])): Send request successfully

2022-11-25 09:08:02 - [MESSAGE][INFO] - HAR: D:\DMS\Engine Scoring\Reports\20221125_090152\Exclude KKB - DS - Married\Scoring Married - KKB\20221125_090152\requests\main\106.har

2022-11-25 09:08:02 - [MESSAGE][PASSED] - Send request successfully

2022-11-25 09:08:02 - [TEST_STEP][PASSED] - slurper = new groovy.json.JsonSlurper(): null

2022-11-25 09:08:02 - [TEST_STEP][PASSED] - result = slurper.parseText(req_data.getResponseBodyContent()): null

2022-11-25 09:08:02 - [TEST_STEP][PASSED] - reqid_kons = requestid1: null

2022-11-25 09:08:02 - [TEST_STEP][PASSED] - reqid_spouse = requestid2: null

2022-11-25 09:08:02 - [TEST_STEP][PASSED] - println("requestid kons : " + reqid_kons): null

2022-11-25 09:08:02 - [TEST_STEP][PASSED] - response_searchME_kons = reqid_kons: null

2022-11-25 09:08:02 - [TEST_STEP][PASSED] - response_searchME_spouse = reqid_spouse: null

2022-11-25 09:08:02 - [TEST_STEP][PASSED] - println("kons req id is :" + response_searchME_kons): null

2022-11-25 09:08:02 - [TEST_STEP][PASSED] - println("spouse req id is : " + response_searchME_spouse): null

2022-11-25 09:08:02 - [TEST_STEP][PASSED] - verifyResponseStatusCode(req_data, 200): Verify response status code successfully

2022-11-25 09:08:02 - [MESSAGE][PASSED] - Verify response status code successfully

2022-11-25 09:08:02 - [TEST_STEP][PASSED] - response = req_data.getResponseText(): null

2022-11-25 09:08:02 - [TEST_STEP][PASSED] - logInfo($response): {"status":"Done","data":{"requestid1":"254706","requestid2":"254707"}}

2022-11-25 09:08:02 - [MESSAGE][INFO] - {"status":"Done","data":{"requestid1":"254706","requestid2":"254707"}}

2022-11-25 09:08:02 - [TEST_STEP][PASSED] - delay(5): Delayed 5 second(s)

2022-11-25 09:08:07 - [MESSAGE][PASSED] - Delayed 5 second(s)

2022-11-25 09:08:07 - [TEST_STEP][PASSED] - scoring = sendRequest(findTestObject("EngineScore", ["response_searchME_kons":response_searchME_kons, "response_searchME_spouse":response_searchME_spouse])): Send request successfully

2022-11-25 09:08:07 - [MESSAGE][INFO] - HAR: D:\DMS\Engine Scoring\Reports\20221125_090152\Exclude KKB - DS - Married\Scoring Married - KKB\20221125_090152\requests\main\107.har

2022-11-25 09:08:07 - [MESSAGE][PASSED] - Send request successfully

2022-11-25 09:08:07 - [TEST_STEP][PASSED] - verifyResponseStatusCode(scoring, 200): Verify response status code successfully

2022-11-25 09:08:07 - [MESSAGE][PASSED] - Verify response status code successfully

2022-11-25 09:08:07 - [TEST_STEP][PASSED] - response2 = scoring.getResponseText(): null

2022-11-25 09:08:07 - [TEST_STEP][PASSED] - markPassed("result service data ke : " + no): result service data ke : 54

2022-11-25 09:08:07 - [MESSAGE][PASSED] - result service data ke : 54

2022-11-25 09:08:07 - [TEST_STEP][PASSED] - logInfo($response2): {"result_konsumen":"Reject","result_pasangan":"Reject","Final_result":"Reject","errorMessage":"","status":"Done"}

2022-11-25 09:08:07 - [MESSAGE][INFO] - {"result_konsumen":"Reject","result_pasangan":"Reject","Final_result":"Reject","errorMessage":"","status":"Done"}

2022-11-25 09:08:07 - [TEST_STEP][PASSED] - verifyElementPropertyValue(scoring, "Final_result", final_result): Verify element property value successfully

2022-11-25 09:08:07 - [MESSAGE][PASSED] - Verify element property value successfully]]></system-out>
         <system-err><![CDATA[]]></system-err>
      </testcase>
      <testcase name="Test Cases/Engine_Scoring/Engine Scoring" time="6.634" classname="Test Cases/Engine_Scoring/Engine Scoring" status="PASSED">
         <system-out><![CDATA[2022-11-25 09:08:07 - [TEST_CASE][PASSED] - Test Cases/Engine_Scoring/Engine Scoring: Test Cases/Engine_Scoring/Engine Scoring

2022-11-25 09:08:08 - [TEST_STEP][PASSED] - markPassed("Variasi data ke : " + no): Variasi data ke : 55

2022-11-25 09:08:08 - [MESSAGE][PASSED] - Variasi data ke : 55

2022-11-25 09:08:08 - [TEST_STEP][PASSED] - req_data = sendRequest(findTestObject("Search_ME", ["MID":MID, "source":source, "ip":ip, "userid":userid, "branch":branch, "tipekons":tipekons, "marital":marital, "penjamin":penjamin, ... ])): Send request successfully

2022-11-25 09:08:09 - [MESSAGE][INFO] - HAR: D:\DMS\Engine Scoring\Reports\20221125_090152\Exclude KKB - DS - Married\Scoring Married - KKB\20221125_090152\requests\main\108.har

2022-11-25 09:08:09 - [MESSAGE][PASSED] - Send request successfully

2022-11-25 09:08:09 - [TEST_STEP][PASSED] - slurper = new groovy.json.JsonSlurper(): null

2022-11-25 09:08:09 - [TEST_STEP][PASSED] - result = slurper.parseText(req_data.getResponseBodyContent()): null

2022-11-25 09:08:09 - [TEST_STEP][PASSED] - reqid_kons = requestid1: null

2022-11-25 09:08:09 - [TEST_STEP][PASSED] - reqid_spouse = requestid2: null

2022-11-25 09:08:09 - [TEST_STEP][PASSED] - println("requestid kons : " + reqid_kons): null

2022-11-25 09:08:09 - [TEST_STEP][PASSED] - response_searchME_kons = reqid_kons: null

2022-11-25 09:08:09 - [TEST_STEP][PASSED] - response_searchME_spouse = reqid_spouse: null

2022-11-25 09:08:09 - [TEST_STEP][PASSED] - println("kons req id is :" + response_searchME_kons): null

2022-11-25 09:08:09 - [TEST_STEP][PASSED] - println("spouse req id is : " + response_searchME_spouse): null

2022-11-25 09:08:09 - [TEST_STEP][PASSED] - verifyResponseStatusCode(req_data, 200): Verify response status code successfully

2022-11-25 09:08:09 - [MESSAGE][PASSED] - Verify response status code successfully

2022-11-25 09:08:09 - [TEST_STEP][PASSED] - response = req_data.getResponseText(): null

2022-11-25 09:08:09 - [TEST_STEP][PASSED] - logInfo($response): {"status":"Done","data":{"requestid1":"254708","requestid2":"254709"}}

2022-11-25 09:08:09 - [MESSAGE][INFO] - {"status":"Done","data":{"requestid1":"254708","requestid2":"254709"}}

2022-11-25 09:08:09 - [TEST_STEP][PASSED] - delay(5): Delayed 5 second(s)

2022-11-25 09:08:14 - [MESSAGE][PASSED] - Delayed 5 second(s)

2022-11-25 09:08:14 - [TEST_STEP][PASSED] - scoring = sendRequest(findTestObject("EngineScore", ["response_searchME_kons":response_searchME_kons, "response_searchME_spouse":response_searchME_spouse])): Send request successfully

2022-11-25 09:08:14 - [MESSAGE][INFO] - HAR: D:\DMS\Engine Scoring\Reports\20221125_090152\Exclude KKB - DS - Married\Scoring Married - KKB\20221125_090152\requests\main\109.har

2022-11-25 09:08:14 - [MESSAGE][PASSED] - Send request successfully

2022-11-25 09:08:14 - [TEST_STEP][PASSED] - verifyResponseStatusCode(scoring, 200): Verify response status code successfully

2022-11-25 09:08:14 - [MESSAGE][PASSED] - Verify response status code successfully

2022-11-25 09:08:14 - [TEST_STEP][PASSED] - response2 = scoring.getResponseText(): null

2022-11-25 09:08:14 - [TEST_STEP][PASSED] - markPassed("result service data ke : " + no): result service data ke : 55

2022-11-25 09:08:14 - [MESSAGE][PASSED] - result service data ke : 55

2022-11-25 09:08:14 - [TEST_STEP][PASSED] - logInfo($response2): {"result_konsumen":"Approve","result_pasangan":"Reguler","Final_result":"Approve","errorMessage":"","status":"Done"}

2022-11-25 09:08:14 - [MESSAGE][INFO] - {"result_konsumen":"Approve","result_pasangan":"Reguler","Final_result":"Approve","errorMessage":"","status":"Done"}

2022-11-25 09:08:14 - [TEST_STEP][PASSED] - verifyElementPropertyValue(scoring, "Final_result", final_result): Verify element property value successfully

2022-11-25 09:08:14 - [MESSAGE][PASSED] - Verify element property value successfully]]></system-out>
         <system-err><![CDATA[]]></system-err>
      </testcase>
      <testcase name="Test Cases/Engine_Scoring/Engine Scoring" time="6.637" classname="Test Cases/Engine_Scoring/Engine Scoring" status="PASSED">
         <system-out><![CDATA[2022-11-25 09:08:14 - [TEST_CASE][PASSED] - Test Cases/Engine_Scoring/Engine Scoring: Test Cases/Engine_Scoring/Engine Scoring

2022-11-25 09:08:15 - [TEST_STEP][PASSED] - markPassed("Variasi data ke : " + no): Variasi data ke : 56

2022-11-25 09:08:15 - [MESSAGE][PASSED] - Variasi data ke : 56

2022-11-25 09:08:15 - [TEST_STEP][PASSED] - req_data = sendRequest(findTestObject("Search_ME", ["MID":MID, "source":source, "ip":ip, "userid":userid, "branch":branch, "tipekons":tipekons, "marital":marital, "penjamin":penjamin, ... ])): Send request successfully

2022-11-25 09:08:16 - [MESSAGE][INFO] - HAR: D:\DMS\Engine Scoring\Reports\20221125_090152\Exclude KKB - DS - Married\Scoring Married - KKB\20221125_090152\requests\main\110.har

2022-11-25 09:08:16 - [MESSAGE][PASSED] - Send request successfully

2022-11-25 09:08:16 - [TEST_STEP][PASSED] - slurper = new groovy.json.JsonSlurper(): null

2022-11-25 09:08:16 - [TEST_STEP][PASSED] - result = slurper.parseText(req_data.getResponseBodyContent()): null

2022-11-25 09:08:16 - [TEST_STEP][PASSED] - reqid_kons = requestid1: null

2022-11-25 09:08:16 - [TEST_STEP][PASSED] - reqid_spouse = requestid2: null

2022-11-25 09:08:16 - [TEST_STEP][PASSED] - println("requestid kons : " + reqid_kons): null

2022-11-25 09:08:16 - [TEST_STEP][PASSED] - response_searchME_kons = reqid_kons: null

2022-11-25 09:08:16 - [TEST_STEP][PASSED] - response_searchME_spouse = reqid_spouse: null

2022-11-25 09:08:16 - [TEST_STEP][PASSED] - println("kons req id is :" + response_searchME_kons): null

2022-11-25 09:08:16 - [TEST_STEP][PASSED] - println("spouse req id is : " + response_searchME_spouse): null

2022-11-25 09:08:16 - [TEST_STEP][PASSED] - verifyResponseStatusCode(req_data, 200): Verify response status code successfully

2022-11-25 09:08:16 - [MESSAGE][PASSED] - Verify response status code successfully

2022-11-25 09:08:16 - [TEST_STEP][PASSED] - response = req_data.getResponseText(): null

2022-11-25 09:08:16 - [TEST_STEP][PASSED] - logInfo($response): {"status":"Done","data":{"requestid1":"254710","requestid2":"254711"}}

2022-11-25 09:08:16 - [MESSAGE][INFO] - {"status":"Done","data":{"requestid1":"254710","requestid2":"254711"}}

2022-11-25 09:08:16 - [TEST_STEP][PASSED] - delay(5): Delayed 5 second(s)

2022-11-25 09:08:21 - [MESSAGE][PASSED] - Delayed 5 second(s)

2022-11-25 09:08:21 - [TEST_STEP][PASSED] - scoring = sendRequest(findTestObject("EngineScore", ["response_searchME_kons":response_searchME_kons, "response_searchME_spouse":response_searchME_spouse])): Send request successfully

2022-11-25 09:08:21 - [MESSAGE][INFO] - HAR: D:\DMS\Engine Scoring\Reports\20221125_090152\Exclude KKB - DS - Married\Scoring Married - KKB\20221125_090152\requests\main\111.har

2022-11-25 09:08:21 - [MESSAGE][PASSED] - Send request successfully

2022-11-25 09:08:21 - [TEST_STEP][PASSED] - verifyResponseStatusCode(scoring, 200): Verify response status code successfully

2022-11-25 09:08:21 - [MESSAGE][PASSED] - Verify response status code successfully

2022-11-25 09:08:21 - [TEST_STEP][PASSED] - response2 = scoring.getResponseText(): null

2022-11-25 09:08:21 - [TEST_STEP][PASSED] - markPassed("result service data ke : " + no): result service data ke : 56

2022-11-25 09:08:21 - [MESSAGE][PASSED] - result service data ke : 56

2022-11-25 09:08:21 - [TEST_STEP][PASSED] - logInfo($response2): {"result_konsumen":"Approve","result_pasangan":"Reguler","Final_result":"Approve","errorMessage":"","status":"Done"}

2022-11-25 09:08:21 - [MESSAGE][INFO] - {"result_konsumen":"Approve","result_pasangan":"Reguler","Final_result":"Approve","errorMessage":"","status":"Done"}

2022-11-25 09:08:21 - [TEST_STEP][PASSED] - verifyElementPropertyValue(scoring, "Final_result", final_result): Verify element property value successfully

2022-11-25 09:08:21 - [MESSAGE][PASSED] - Verify element property value successfully]]></system-out>
         <system-err><![CDATA[]]></system-err>
      </testcase>
      <testcase name="Test Cases/Engine_Scoring/Engine Scoring" time="6.736" classname="Test Cases/Engine_Scoring/Engine Scoring" status="PASSED">
         <system-out><![CDATA[2022-11-25 09:08:21 - [TEST_CASE][PASSED] - Test Cases/Engine_Scoring/Engine Scoring: Test Cases/Engine_Scoring/Engine Scoring

2022-11-25 09:08:22 - [TEST_STEP][PASSED] - markPassed("Variasi data ke : " + no): Variasi data ke : 57

2022-11-25 09:08:22 - [MESSAGE][PASSED] - Variasi data ke : 57

2022-11-25 09:08:22 - [TEST_STEP][PASSED] - req_data = sendRequest(findTestObject("Search_ME", ["MID":MID, "source":source, "ip":ip, "userid":userid, "branch":branch, "tipekons":tipekons, "marital":marital, "penjamin":penjamin, ... ])): Send request successfully

2022-11-25 09:08:22 - [MESSAGE][INFO] - HAR: D:\DMS\Engine Scoring\Reports\20221125_090152\Exclude KKB - DS - Married\Scoring Married - KKB\20221125_090152\requests\main\112.har

2022-11-25 09:08:22 - [MESSAGE][PASSED] - Send request successfully

2022-11-25 09:08:22 - [TEST_STEP][PASSED] - slurper = new groovy.json.JsonSlurper(): null

2022-11-25 09:08:22 - [TEST_STEP][PASSED] - result = slurper.parseText(req_data.getResponseBodyContent()): null

2022-11-25 09:08:22 - [TEST_STEP][PASSED] - reqid_kons = requestid1: null

2022-11-25 09:08:22 - [TEST_STEP][PASSED] - reqid_spouse = requestid2: null

2022-11-25 09:08:22 - [TEST_STEP][PASSED] - println("requestid kons : " + reqid_kons): null

2022-11-25 09:08:22 - [TEST_STEP][PASSED] - response_searchME_kons = reqid_kons: null

2022-11-25 09:08:22 - [TEST_STEP][PASSED] - response_searchME_spouse = reqid_spouse: null

2022-11-25 09:08:22 - [TEST_STEP][PASSED] - println("kons req id is :" + response_searchME_kons): null

2022-11-25 09:08:22 - [TEST_STEP][PASSED] - println("spouse req id is : " + response_searchME_spouse): null

2022-11-25 09:08:22 - [TEST_STEP][PASSED] - verifyResponseStatusCode(req_data, 200): Verify response status code successfully

2022-11-25 09:08:22 - [MESSAGE][PASSED] - Verify response status code successfully

2022-11-25 09:08:22 - [TEST_STEP][PASSED] - response = req_data.getResponseText(): null

2022-11-25 09:08:22 - [TEST_STEP][PASSED] - logInfo($response): {"status":"Done","data":{"requestid1":"254712","requestid2":"254713"}}

2022-11-25 09:08:22 - [MESSAGE][INFO] - {"status":"Done","data":{"requestid1":"254712","requestid2":"254713"}}

2022-11-25 09:08:22 - [TEST_STEP][PASSED] - delay(5): Delayed 5 second(s)

2022-11-25 09:08:27 - [MESSAGE][PASSED] - Delayed 5 second(s)

2022-11-25 09:08:27 - [TEST_STEP][PASSED] - scoring = sendRequest(findTestObject("EngineScore", ["response_searchME_kons":response_searchME_kons, "response_searchME_spouse":response_searchME_spouse])): Send request successfully

2022-11-25 09:08:28 - [MESSAGE][INFO] - HAR: D:\DMS\Engine Scoring\Reports\20221125_090152\Exclude KKB - DS - Married\Scoring Married - KKB\20221125_090152\requests\main\113.har

2022-11-25 09:08:28 - [MESSAGE][PASSED] - Send request successfully

2022-11-25 09:08:28 - [TEST_STEP][PASSED] - verifyResponseStatusCode(scoring, 200): Verify response status code successfully

2022-11-25 09:08:28 - [MESSAGE][PASSED] - Verify response status code successfully

2022-11-25 09:08:28 - [TEST_STEP][PASSED] - response2 = scoring.getResponseText(): null

2022-11-25 09:08:28 - [TEST_STEP][PASSED] - markPassed("result service data ke : " + no): result service data ke : 57

2022-11-25 09:08:28 - [MESSAGE][PASSED] - result service data ke : 57

2022-11-25 09:08:28 - [TEST_STEP][PASSED] - logInfo($response2): {"result_konsumen":"Approve","result_pasangan":"Reguler","Final_result":"Approve","errorMessage":"","status":"Done"}

2022-11-25 09:08:28 - [MESSAGE][INFO] - {"result_konsumen":"Approve","result_pasangan":"Reguler","Final_result":"Approve","errorMessage":"","status":"Done"}

2022-11-25 09:08:28 - [TEST_STEP][PASSED] - verifyElementPropertyValue(scoring, "Final_result", final_result): Verify element property value successfully

2022-11-25 09:08:28 - [MESSAGE][PASSED] - Verify element property value successfully]]></system-out>
         <system-err><![CDATA[]]></system-err>
      </testcase>
      <testcase name="Test Cases/Engine_Scoring/Engine Scoring" time="6.764" classname="Test Cases/Engine_Scoring/Engine Scoring" status="PASSED">
         <system-out><![CDATA[2022-11-25 09:08:28 - [TEST_CASE][PASSED] - Test Cases/Engine_Scoring/Engine Scoring: Test Cases/Engine_Scoring/Engine Scoring

2022-11-25 09:08:28 - [TEST_STEP][PASSED] - markPassed("Variasi data ke : " + no): Variasi data ke : 58

2022-11-25 09:08:28 - [MESSAGE][PASSED] - Variasi data ke : 58

2022-11-25 09:08:28 - [TEST_STEP][PASSED] - req_data = sendRequest(findTestObject("Search_ME", ["MID":MID, "source":source, "ip":ip, "userid":userid, "branch":branch, "tipekons":tipekons, "marital":marital, "penjamin":penjamin, ... ])): Send request successfully

2022-11-25 09:08:29 - [MESSAGE][INFO] - HAR: D:\DMS\Engine Scoring\Reports\20221125_090152\Exclude KKB - DS - Married\Scoring Married - KKB\20221125_090152\requests\main\114.har

2022-11-25 09:08:29 - [MESSAGE][PASSED] - Send request successfully

2022-11-25 09:08:29 - [TEST_STEP][PASSED] - slurper = new groovy.json.JsonSlurper(): null

2022-11-25 09:08:29 - [TEST_STEP][PASSED] - result = slurper.parseText(req_data.getResponseBodyContent()): null

2022-11-25 09:08:29 - [TEST_STEP][PASSED] - reqid_kons = requestid1: null

2022-11-25 09:08:29 - [TEST_STEP][PASSED] - reqid_spouse = requestid2: null

2022-11-25 09:08:29 - [TEST_STEP][PASSED] - println("requestid kons : " + reqid_kons): null

2022-11-25 09:08:29 - [TEST_STEP][PASSED] - response_searchME_kons = reqid_kons: null

2022-11-25 09:08:29 - [TEST_STEP][PASSED] - response_searchME_spouse = reqid_spouse: null

2022-11-25 09:08:29 - [TEST_STEP][PASSED] - println("kons req id is :" + response_searchME_kons): null

2022-11-25 09:08:29 - [TEST_STEP][PASSED] - println("spouse req id is : " + response_searchME_spouse): null

2022-11-25 09:08:29 - [TEST_STEP][PASSED] - verifyResponseStatusCode(req_data, 200): Verify response status code successfully

2022-11-25 09:08:29 - [MESSAGE][PASSED] - Verify response status code successfully

2022-11-25 09:08:29 - [TEST_STEP][PASSED] - response = req_data.getResponseText(): null

2022-11-25 09:08:29 - [TEST_STEP][PASSED] - logInfo($response): {"status":"Done","data":{"requestid1":"254714","requestid2":"254715"}}

2022-11-25 09:08:29 - [MESSAGE][INFO] - {"status":"Done","data":{"requestid1":"254714","requestid2":"254715"}}

2022-11-25 09:08:29 - [TEST_STEP][PASSED] - delay(5): Delayed 5 second(s)

2022-11-25 09:08:34 - [MESSAGE][PASSED] - Delayed 5 second(s)

2022-11-25 09:08:34 - [TEST_STEP][PASSED] - scoring = sendRequest(findTestObject("EngineScore", ["response_searchME_kons":response_searchME_kons, "response_searchME_spouse":response_searchME_spouse])): Send request successfully

2022-11-25 09:08:34 - [MESSAGE][INFO] - HAR: D:\DMS\Engine Scoring\Reports\20221125_090152\Exclude KKB - DS - Married\Scoring Married - KKB\20221125_090152\requests\main\115.har

2022-11-25 09:08:34 - [MESSAGE][PASSED] - Send request successfully

2022-11-25 09:08:34 - [TEST_STEP][PASSED] - verifyResponseStatusCode(scoring, 200): Verify response status code successfully

2022-11-25 09:08:34 - [MESSAGE][PASSED] - Verify response status code successfully

2022-11-25 09:08:34 - [TEST_STEP][PASSED] - response2 = scoring.getResponseText(): null

2022-11-25 09:08:34 - [TEST_STEP][PASSED] - markPassed("result service data ke : " + no): result service data ke : 58

2022-11-25 09:08:34 - [MESSAGE][PASSED] - result service data ke : 58

2022-11-25 09:08:34 - [TEST_STEP][PASSED] - logInfo($response2): {"result_konsumen":"Approve","result_pasangan":"Reguler","Final_result":"Approve","errorMessage":"","status":"Done"}

2022-11-25 09:08:34 - [MESSAGE][INFO] - {"result_konsumen":"Approve","result_pasangan":"Reguler","Final_result":"Approve","errorMessage":"","status":"Done"}

2022-11-25 09:08:34 - [TEST_STEP][PASSED] - verifyElementPropertyValue(scoring, "Final_result", final_result): Verify element property value successfully

2022-11-25 09:08:34 - [MESSAGE][PASSED] - Verify element property value successfully]]></system-out>
         <system-err><![CDATA[]]></system-err>
      </testcase>
      <testcase name="Test Cases/Engine_Scoring/Engine Scoring" time="6.799" classname="Test Cases/Engine_Scoring/Engine Scoring" status="PASSED">
         <system-out><![CDATA[2022-11-25 09:08:34 - [TEST_CASE][PASSED] - Test Cases/Engine_Scoring/Engine Scoring: Test Cases/Engine_Scoring/Engine Scoring

2022-11-25 09:08:35 - [TEST_STEP][PASSED] - markPassed("Variasi data ke : " + no): Variasi data ke : 59

2022-11-25 09:08:35 - [MESSAGE][PASSED] - Variasi data ke : 59

2022-11-25 09:08:35 - [TEST_STEP][PASSED] - req_data = sendRequest(findTestObject("Search_ME", ["MID":MID, "source":source, "ip":ip, "userid":userid, "branch":branch, "tipekons":tipekons, "marital":marital, "penjamin":penjamin, ... ])): Send request successfully

2022-11-25 09:08:36 - [MESSAGE][INFO] - HAR: D:\DMS\Engine Scoring\Reports\20221125_090152\Exclude KKB - DS - Married\Scoring Married - KKB\20221125_090152\requests\main\116.har

2022-11-25 09:08:36 - [MESSAGE][PASSED] - Send request successfully

2022-11-25 09:08:36 - [TEST_STEP][PASSED] - slurper = new groovy.json.JsonSlurper(): null

2022-11-25 09:08:36 - [TEST_STEP][PASSED] - result = slurper.parseText(req_data.getResponseBodyContent()): null

2022-11-25 09:08:36 - [TEST_STEP][PASSED] - reqid_kons = requestid1: null

2022-11-25 09:08:36 - [TEST_STEP][PASSED] - reqid_spouse = requestid2: null

2022-11-25 09:08:36 - [TEST_STEP][PASSED] - println("requestid kons : " + reqid_kons): null

2022-11-25 09:08:36 - [TEST_STEP][PASSED] - response_searchME_kons = reqid_kons: null

2022-11-25 09:08:36 - [TEST_STEP][PASSED] - response_searchME_spouse = reqid_spouse: null

2022-11-25 09:08:36 - [TEST_STEP][PASSED] - println("kons req id is :" + response_searchME_kons): null

2022-11-25 09:08:36 - [TEST_STEP][PASSED] - println("spouse req id is : " + response_searchME_spouse): null

2022-11-25 09:08:36 - [TEST_STEP][PASSED] - verifyResponseStatusCode(req_data, 200): Verify response status code successfully

2022-11-25 09:08:36 - [MESSAGE][PASSED] - Verify response status code successfully

2022-11-25 09:08:36 - [TEST_STEP][PASSED] - response = req_data.getResponseText(): null

2022-11-25 09:08:36 - [TEST_STEP][PASSED] - logInfo($response): {"status":"Done","data":{"requestid1":"254716","requestid2":"254717"}}

2022-11-25 09:08:36 - [MESSAGE][INFO] - {"status":"Done","data":{"requestid1":"254716","requestid2":"254717"}}

2022-11-25 09:08:36 - [TEST_STEP][PASSED] - delay(5): Delayed 5 second(s)

2022-11-25 09:08:41 - [MESSAGE][PASSED] - Delayed 5 second(s)

2022-11-25 09:08:41 - [TEST_STEP][PASSED] - scoring = sendRequest(findTestObject("EngineScore", ["response_searchME_kons":response_searchME_kons, "response_searchME_spouse":response_searchME_spouse])): Send request successfully

2022-11-25 09:08:41 - [MESSAGE][INFO] - HAR: D:\DMS\Engine Scoring\Reports\20221125_090152\Exclude KKB - DS - Married\Scoring Married - KKB\20221125_090152\requests\main\117.har

2022-11-25 09:08:41 - [MESSAGE][PASSED] - Send request successfully

2022-11-25 09:08:41 - [TEST_STEP][PASSED] - verifyResponseStatusCode(scoring, 200): Verify response status code successfully

2022-11-25 09:08:41 - [MESSAGE][PASSED] - Verify response status code successfully

2022-11-25 09:08:41 - [TEST_STEP][PASSED] - response2 = scoring.getResponseText(): null

2022-11-25 09:08:41 - [TEST_STEP][PASSED] - markPassed("result service data ke : " + no): result service data ke : 59

2022-11-25 09:08:41 - [MESSAGE][PASSED] - result service data ke : 59

2022-11-25 09:08:41 - [TEST_STEP][PASSED] - logInfo($response2): {"result_konsumen":"Approve","result_pasangan":"Reject","Final_result":"Reject","errorMessage":"","status":"Done"}

2022-11-25 09:08:41 - [MESSAGE][INFO] - {"result_konsumen":"Approve","result_pasangan":"Reject","Final_result":"Reject","errorMessage":"","status":"Done"}

2022-11-25 09:08:41 - [TEST_STEP][PASSED] - verifyElementPropertyValue(scoring, "Final_result", final_result): Verify element property value successfully

2022-11-25 09:08:41 - [MESSAGE][PASSED] - Verify element property value successfully]]></system-out>
         <system-err><![CDATA[]]></system-err>
      </testcase>
      <testcase name="Test Cases/Engine_Scoring/Engine Scoring" time="6.679" classname="Test Cases/Engine_Scoring/Engine Scoring" status="PASSED">
         <system-out><![CDATA[2022-11-25 09:08:41 - [TEST_CASE][PASSED] - Test Cases/Engine_Scoring/Engine Scoring: Test Cases/Engine_Scoring/Engine Scoring

2022-11-25 09:08:42 - [TEST_STEP][PASSED] - markPassed("Variasi data ke : " + no): Variasi data ke : 60

2022-11-25 09:08:42 - [MESSAGE][PASSED] - Variasi data ke : 60

2022-11-25 09:08:42 - [TEST_STEP][PASSED] - req_data = sendRequest(findTestObject("Search_ME", ["MID":MID, "source":source, "ip":ip, "userid":userid, "branch":branch, "tipekons":tipekons, "marital":marital, "penjamin":penjamin, ... ])): Send request successfully

2022-11-25 09:08:43 - [MESSAGE][INFO] - HAR: D:\DMS\Engine Scoring\Reports\20221125_090152\Exclude KKB - DS - Married\Scoring Married - KKB\20221125_090152\requests\main\118.har

2022-11-25 09:08:43 - [MESSAGE][PASSED] - Send request successfully

2022-11-25 09:08:43 - [TEST_STEP][PASSED] - slurper = new groovy.json.JsonSlurper(): null

2022-11-25 09:08:43 - [TEST_STEP][PASSED] - result = slurper.parseText(req_data.getResponseBodyContent()): null

2022-11-25 09:08:43 - [TEST_STEP][PASSED] - reqid_kons = requestid1: null

2022-11-25 09:08:43 - [TEST_STEP][PASSED] - reqid_spouse = requestid2: null

2022-11-25 09:08:43 - [TEST_STEP][PASSED] - println("requestid kons : " + reqid_kons): null

2022-11-25 09:08:43 - [TEST_STEP][PASSED] - response_searchME_kons = reqid_kons: null

2022-11-25 09:08:43 - [TEST_STEP][PASSED] - response_searchME_spouse = reqid_spouse: null

2022-11-25 09:08:43 - [TEST_STEP][PASSED] - println("kons req id is :" + response_searchME_kons): null

2022-11-25 09:08:43 - [TEST_STEP][PASSED] - println("spouse req id is : " + response_searchME_spouse): null

2022-11-25 09:08:43 - [TEST_STEP][PASSED] - verifyResponseStatusCode(req_data, 200): Verify response status code successfully

2022-11-25 09:08:43 - [MESSAGE][PASSED] - Verify response status code successfully

2022-11-25 09:08:43 - [TEST_STEP][PASSED] - response = req_data.getResponseText(): null

2022-11-25 09:08:43 - [TEST_STEP][PASSED] - logInfo($response): {"status":"Done","data":{"requestid1":"254718","requestid2":"254719"}}

2022-11-25 09:08:43 - [MESSAGE][INFO] - {"status":"Done","data":{"requestid1":"254718","requestid2":"254719"}}

2022-11-25 09:08:43 - [TEST_STEP][PASSED] - delay(5): Delayed 5 second(s)

2022-11-25 09:08:48 - [MESSAGE][PASSED] - Delayed 5 second(s)

2022-11-25 09:08:48 - [TEST_STEP][PASSED] - scoring = sendRequest(findTestObject("EngineScore", ["response_searchME_kons":response_searchME_kons, "response_searchME_spouse":response_searchME_spouse])): Send request successfully

2022-11-25 09:08:48 - [MESSAGE][INFO] - HAR: D:\DMS\Engine Scoring\Reports\20221125_090152\Exclude KKB - DS - Married\Scoring Married - KKB\20221125_090152\requests\main\119.har

2022-11-25 09:08:48 - [MESSAGE][PASSED] - Send request successfully

2022-11-25 09:08:48 - [TEST_STEP][PASSED] - verifyResponseStatusCode(scoring, 200): Verify response status code successfully

2022-11-25 09:08:48 - [MESSAGE][PASSED] - Verify response status code successfully

2022-11-25 09:08:48 - [TEST_STEP][PASSED] - response2 = scoring.getResponseText(): null

2022-11-25 09:08:48 - [TEST_STEP][PASSED] - markPassed("result service data ke : " + no): result service data ke : 60

2022-11-25 09:08:48 - [MESSAGE][PASSED] - result service data ke : 60

2022-11-25 09:08:48 - [TEST_STEP][PASSED] - logInfo($response2): {"result_konsumen":"Approve","result_pasangan":"Reject","Final_result":"Reject","errorMessage":"","status":"Done"}

2022-11-25 09:08:48 - [MESSAGE][INFO] - {"result_konsumen":"Approve","result_pasangan":"Reject","Final_result":"Reject","errorMessage":"","status":"Done"}

2022-11-25 09:08:48 - [TEST_STEP][PASSED] - verifyElementPropertyValue(scoring, "Final_result", final_result): Verify element property value successfully

2022-11-25 09:08:48 - [MESSAGE][PASSED] - Verify element property value successfully]]></system-out>
         <system-err><![CDATA[]]></system-err>
      </testcase>
      <testcase name="Test Cases/Engine_Scoring/Engine Scoring" time="6.686" classname="Test Cases/Engine_Scoring/Engine Scoring" status="PASSED">
         <system-out><![CDATA[2022-11-25 09:08:48 - [TEST_CASE][PASSED] - Test Cases/Engine_Scoring/Engine Scoring: Test Cases/Engine_Scoring/Engine Scoring

2022-11-25 09:08:49 - [TEST_STEP][PASSED] - markPassed("Variasi data ke : " + no): Variasi data ke : 61

2022-11-25 09:08:49 - [MESSAGE][PASSED] - Variasi data ke : 61

2022-11-25 09:08:49 - [TEST_STEP][PASSED] - req_data = sendRequest(findTestObject("Search_ME", ["MID":MID, "source":source, "ip":ip, "userid":userid, "branch":branch, "tipekons":tipekons, "marital":marital, "penjamin":penjamin, ... ])): Send request successfully

2022-11-25 09:08:50 - [MESSAGE][INFO] - HAR: D:\DMS\Engine Scoring\Reports\20221125_090152\Exclude KKB - DS - Married\Scoring Married - KKB\20221125_090152\requests\main\120.har

2022-11-25 09:08:50 - [MESSAGE][PASSED] - Send request successfully

2022-11-25 09:08:50 - [TEST_STEP][PASSED] - slurper = new groovy.json.JsonSlurper(): null

2022-11-25 09:08:50 - [TEST_STEP][PASSED] - result = slurper.parseText(req_data.getResponseBodyContent()): null

2022-11-25 09:08:50 - [TEST_STEP][PASSED] - reqid_kons = requestid1: null

2022-11-25 09:08:50 - [TEST_STEP][PASSED] - reqid_spouse = requestid2: null

2022-11-25 09:08:50 - [TEST_STEP][PASSED] - println("requestid kons : " + reqid_kons): null

2022-11-25 09:08:50 - [TEST_STEP][PASSED] - response_searchME_kons = reqid_kons: null

2022-11-25 09:08:50 - [TEST_STEP][PASSED] - response_searchME_spouse = reqid_spouse: null

2022-11-25 09:08:50 - [TEST_STEP][PASSED] - println("kons req id is :" + response_searchME_kons): null

2022-11-25 09:08:50 - [TEST_STEP][PASSED] - println("spouse req id is : " + response_searchME_spouse): null

2022-11-25 09:08:50 - [TEST_STEP][PASSED] - verifyResponseStatusCode(req_data, 200): Verify response status code successfully

2022-11-25 09:08:50 - [MESSAGE][PASSED] - Verify response status code successfully

2022-11-25 09:08:50 - [TEST_STEP][PASSED] - response = req_data.getResponseText(): null

2022-11-25 09:08:50 - [TEST_STEP][PASSED] - logInfo($response): {"status":"Done","data":{"requestid1":"254720","requestid2":"254721"}}

2022-11-25 09:08:50 - [MESSAGE][INFO] - {"status":"Done","data":{"requestid1":"254720","requestid2":"254721"}}

2022-11-25 09:08:50 - [TEST_STEP][PASSED] - delay(5): Delayed 5 second(s)

2022-11-25 09:08:55 - [MESSAGE][PASSED] - Delayed 5 second(s)

2022-11-25 09:08:55 - [TEST_STEP][PASSED] - scoring = sendRequest(findTestObject("EngineScore", ["response_searchME_kons":response_searchME_kons, "response_searchME_spouse":response_searchME_spouse])): Send request successfully

2022-11-25 09:08:55 - [MESSAGE][INFO] - HAR: D:\DMS\Engine Scoring\Reports\20221125_090152\Exclude KKB - DS - Married\Scoring Married - KKB\20221125_090152\requests\main\121.har

2022-11-25 09:08:55 - [MESSAGE][PASSED] - Send request successfully

2022-11-25 09:08:55 - [TEST_STEP][PASSED] - verifyResponseStatusCode(scoring, 200): Verify response status code successfully

2022-11-25 09:08:55 - [MESSAGE][PASSED] - Verify response status code successfully

2022-11-25 09:08:55 - [TEST_STEP][PASSED] - response2 = scoring.getResponseText(): null

2022-11-25 09:08:55 - [TEST_STEP][PASSED] - markPassed("result service data ke : " + no): result service data ke : 61

2022-11-25 09:08:55 - [MESSAGE][PASSED] - result service data ke : 61

2022-11-25 09:08:55 - [TEST_STEP][PASSED] - logInfo($response2): {"result_konsumen":"Approve","result_pasangan":"Reguler","Final_result":"Approve","errorMessage":"","status":"Done"}

2022-11-25 09:08:55 - [MESSAGE][INFO] - {"result_konsumen":"Approve","result_pasangan":"Reguler","Final_result":"Approve","errorMessage":"","status":"Done"}

2022-11-25 09:08:55 - [TEST_STEP][PASSED] - verifyElementPropertyValue(scoring, "Final_result", final_result): Verify element property value successfully

2022-11-25 09:08:55 - [MESSAGE][PASSED] - Verify element property value successfully]]></system-out>
         <system-err><![CDATA[]]></system-err>
      </testcase>
      <testcase name="Test Cases/Engine_Scoring/Engine Scoring" time="6.716" classname="Test Cases/Engine_Scoring/Engine Scoring" status="PASSED">
         <system-out><![CDATA[2022-11-25 09:08:55 - [TEST_CASE][PASSED] - Test Cases/Engine_Scoring/Engine Scoring: Test Cases/Engine_Scoring/Engine Scoring

2022-11-25 09:08:56 - [TEST_STEP][PASSED] - markPassed("Variasi data ke : " + no): Variasi data ke : 62

2022-11-25 09:08:56 - [MESSAGE][PASSED] - Variasi data ke : 62

2022-11-25 09:08:56 - [TEST_STEP][PASSED] - req_data = sendRequest(findTestObject("Search_ME", ["MID":MID, "source":source, "ip":ip, "userid":userid, "branch":branch, "tipekons":tipekons, "marital":marital, "penjamin":penjamin, ... ])): Send request successfully

2022-11-25 09:08:57 - [MESSAGE][INFO] - HAR: D:\DMS\Engine Scoring\Reports\20221125_090152\Exclude KKB - DS - Married\Scoring Married - KKB\20221125_090152\requests\main\122.har

2022-11-25 09:08:57 - [MESSAGE][PASSED] - Send request successfully

2022-11-25 09:08:57 - [TEST_STEP][PASSED] - slurper = new groovy.json.JsonSlurper(): null

2022-11-25 09:08:57 - [TEST_STEP][PASSED] - result = slurper.parseText(req_data.getResponseBodyContent()): null

2022-11-25 09:08:57 - [TEST_STEP][PASSED] - reqid_kons = requestid1: null

2022-11-25 09:08:57 - [TEST_STEP][PASSED] - reqid_spouse = requestid2: null

2022-11-25 09:08:57 - [TEST_STEP][PASSED] - println("requestid kons : " + reqid_kons): null

2022-11-25 09:08:57 - [TEST_STEP][PASSED] - response_searchME_kons = reqid_kons: null

2022-11-25 09:08:57 - [TEST_STEP][PASSED] - response_searchME_spouse = reqid_spouse: null

2022-11-25 09:08:57 - [TEST_STEP][PASSED] - println("kons req id is :" + response_searchME_kons): null

2022-11-25 09:08:57 - [TEST_STEP][PASSED] - println("spouse req id is : " + response_searchME_spouse): null

2022-11-25 09:08:57 - [TEST_STEP][PASSED] - verifyResponseStatusCode(req_data, 200): Verify response status code successfully

2022-11-25 09:08:57 - [MESSAGE][PASSED] - Verify response status code successfully

2022-11-25 09:08:57 - [TEST_STEP][PASSED] - response = req_data.getResponseText(): null

2022-11-25 09:08:57 - [TEST_STEP][PASSED] - logInfo($response): {"status":"Done","data":{"requestid1":"254722","requestid2":"254723"}}

2022-11-25 09:08:57 - [MESSAGE][INFO] - {"status":"Done","data":{"requestid1":"254722","requestid2":"254723"}}

2022-11-25 09:08:57 - [TEST_STEP][PASSED] - delay(5): Delayed 5 second(s)

2022-11-25 09:09:02 - [MESSAGE][PASSED] - Delayed 5 second(s)

2022-11-25 09:09:02 - [TEST_STEP][PASSED] - scoring = sendRequest(findTestObject("EngineScore", ["response_searchME_kons":response_searchME_kons, "response_searchME_spouse":response_searchME_spouse])): Send request successfully

2022-11-25 09:09:02 - [MESSAGE][INFO] - HAR: D:\DMS\Engine Scoring\Reports\20221125_090152\Exclude KKB - DS - Married\Scoring Married - KKB\20221125_090152\requests\main\123.har

2022-11-25 09:09:02 - [MESSAGE][PASSED] - Send request successfully

2022-11-25 09:09:02 - [TEST_STEP][PASSED] - verifyResponseStatusCode(scoring, 200): Verify response status code successfully

2022-11-25 09:09:02 - [MESSAGE][PASSED] - Verify response status code successfully

2022-11-25 09:09:02 - [TEST_STEP][PASSED] - response2 = scoring.getResponseText(): null

2022-11-25 09:09:02 - [TEST_STEP][PASSED] - markPassed("result service data ke : " + no): result service data ke : 62

2022-11-25 09:09:02 - [MESSAGE][PASSED] - result service data ke : 62

2022-11-25 09:09:02 - [TEST_STEP][PASSED] - logInfo($response2): {"result_konsumen":"Approve","result_pasangan":"Reguler","Final_result":"Approve","errorMessage":"","status":"Done"}

2022-11-25 09:09:02 - [MESSAGE][INFO] - {"result_konsumen":"Approve","result_pasangan":"Reguler","Final_result":"Approve","errorMessage":"","status":"Done"}

2022-11-25 09:09:02 - [TEST_STEP][PASSED] - verifyElementPropertyValue(scoring, "Final_result", final_result): Verify element property value successfully

2022-11-25 09:09:02 - [MESSAGE][PASSED] - Verify element property value successfully]]></system-out>
         <system-err><![CDATA[]]></system-err>
      </testcase>
      <testcase name="Test Cases/Engine_Scoring/Engine Scoring" time="8.91" classname="Test Cases/Engine_Scoring/Engine Scoring" status="PASSED">
         <system-out><![CDATA[2022-11-25 09:09:02 - [TEST_CASE][PASSED] - Test Cases/Engine_Scoring/Engine Scoring: Test Cases/Engine_Scoring/Engine Scoring

2022-11-25 09:09:05 - [TEST_STEP][PASSED] - markPassed("Variasi data ke : " + no): Variasi data ke : 63

2022-11-25 09:09:05 - [MESSAGE][PASSED] - Variasi data ke : 63

2022-11-25 09:09:05 - [TEST_STEP][PASSED] - req_data = sendRequest(findTestObject("Search_ME", ["MID":MID, "source":source, "ip":ip, "userid":userid, "branch":branch, "tipekons":tipekons, "marital":marital, "penjamin":penjamin, ... ])): Send request successfully

2022-11-25 09:09:05 - [MESSAGE][INFO] - HAR: D:\DMS\Engine Scoring\Reports\20221125_090152\Exclude KKB - DS - Married\Scoring Married - KKB\20221125_090152\requests\main\124.har

2022-11-25 09:09:05 - [MESSAGE][PASSED] - Send request successfully

2022-11-25 09:09:05 - [TEST_STEP][PASSED] - slurper = new groovy.json.JsonSlurper(): null

2022-11-25 09:09:05 - [TEST_STEP][PASSED] - result = slurper.parseText(req_data.getResponseBodyContent()): null

2022-11-25 09:09:05 - [TEST_STEP][PASSED] - reqid_kons = requestid1: null

2022-11-25 09:09:05 - [TEST_STEP][PASSED] - reqid_spouse = requestid2: null

2022-11-25 09:09:05 - [TEST_STEP][PASSED] - println("requestid kons : " + reqid_kons): null

2022-11-25 09:09:05 - [TEST_STEP][PASSED] - response_searchME_kons = reqid_kons: null

2022-11-25 09:09:05 - [TEST_STEP][PASSED] - response_searchME_spouse = reqid_spouse: null

2022-11-25 09:09:05 - [TEST_STEP][PASSED] - println("kons req id is :" + response_searchME_kons): null

2022-11-25 09:09:05 - [TEST_STEP][PASSED] - println("spouse req id is : " + response_searchME_spouse): null

2022-11-25 09:09:05 - [TEST_STEP][PASSED] - verifyResponseStatusCode(req_data, 200): Verify response status code successfully

2022-11-25 09:09:05 - [MESSAGE][PASSED] - Verify response status code successfully

2022-11-25 09:09:05 - [TEST_STEP][PASSED] - response = req_data.getResponseText(): null

2022-11-25 09:09:05 - [TEST_STEP][PASSED] - logInfo($response): {"status":"Done","data":{"requestid1":"254724","requestid2":"254725"}}

2022-11-25 09:09:05 - [MESSAGE][INFO] - {"status":"Done","data":{"requestid1":"254724","requestid2":"254725"}}

2022-11-25 09:09:05 - [TEST_STEP][PASSED] - delay(5): Delayed 5 second(s)

2022-11-25 09:09:10 - [MESSAGE][PASSED] - Delayed 5 second(s)

2022-11-25 09:09:10 - [TEST_STEP][PASSED] - scoring = sendRequest(findTestObject("EngineScore", ["response_searchME_kons":response_searchME_kons, "response_searchME_spouse":response_searchME_spouse])): Send request successfully

2022-11-25 09:09:11 - [MESSAGE][INFO] - HAR: D:\DMS\Engine Scoring\Reports\20221125_090152\Exclude KKB - DS - Married\Scoring Married - KKB\20221125_090152\requests\main\125.har

2022-11-25 09:09:11 - [MESSAGE][PASSED] - Send request successfully

2022-11-25 09:09:11 - [TEST_STEP][PASSED] - verifyResponseStatusCode(scoring, 200): Verify response status code successfully

2022-11-25 09:09:11 - [MESSAGE][PASSED] - Verify response status code successfully

2022-11-25 09:09:11 - [TEST_STEP][PASSED] - response2 = scoring.getResponseText(): null

2022-11-25 09:09:11 - [TEST_STEP][PASSED] - markPassed("result service data ke : " + no): result service data ke : 63

2022-11-25 09:09:11 - [MESSAGE][PASSED] - result service data ke : 63

2022-11-25 09:09:11 - [TEST_STEP][PASSED] - logInfo($response2): {"result_konsumen":"Approve","result_pasangan":"Reguler","Final_result":"Approve","errorMessage":"","status":"Done"}

2022-11-25 09:09:11 - [MESSAGE][INFO] - {"result_konsumen":"Approve","result_pasangan":"Reguler","Final_result":"Approve","errorMessage":"","status":"Done"}

2022-11-25 09:09:11 - [TEST_STEP][PASSED] - verifyElementPropertyValue(scoring, "Final_result", final_result): Verify element property value successfully

2022-11-25 09:09:11 - [MESSAGE][PASSED] - Verify element property value successfully]]></system-out>
         <system-err><![CDATA[]]></system-err>
      </testcase>
      <testcase name="Test Cases/Engine_Scoring/Engine Scoring" time="6.868" classname="Test Cases/Engine_Scoring/Engine Scoring" status="PASSED">
         <system-out><![CDATA[2022-11-25 09:09:11 - [TEST_CASE][PASSED] - Test Cases/Engine_Scoring/Engine Scoring: Test Cases/Engine_Scoring/Engine Scoring

2022-11-25 09:09:11 - [TEST_STEP][PASSED] - markPassed("Variasi data ke : " + no): Variasi data ke : 64

2022-11-25 09:09:11 - [MESSAGE][PASSED] - Variasi data ke : 64

2022-11-25 09:09:11 - [TEST_STEP][PASSED] - req_data = sendRequest(findTestObject("Search_ME", ["MID":MID, "source":source, "ip":ip, "userid":userid, "branch":branch, "tipekons":tipekons, "marital":marital, "penjamin":penjamin, ... ])): Send request successfully

2022-11-25 09:09:12 - [MESSAGE][INFO] - HAR: D:\DMS\Engine Scoring\Reports\20221125_090152\Exclude KKB - DS - Married\Scoring Married - KKB\20221125_090152\requests\main\126.har

2022-11-25 09:09:12 - [MESSAGE][PASSED] - Send request successfully

2022-11-25 09:09:12 - [TEST_STEP][PASSED] - slurper = new groovy.json.JsonSlurper(): null

2022-11-25 09:09:12 - [TEST_STEP][PASSED] - result = slurper.parseText(req_data.getResponseBodyContent()): null

2022-11-25 09:09:12 - [TEST_STEP][PASSED] - reqid_kons = requestid1: null

2022-11-25 09:09:12 - [TEST_STEP][PASSED] - reqid_spouse = requestid2: null

2022-11-25 09:09:12 - [TEST_STEP][PASSED] - println("requestid kons : " + reqid_kons): null

2022-11-25 09:09:12 - [TEST_STEP][PASSED] - response_searchME_kons = reqid_kons: null

2022-11-25 09:09:12 - [TEST_STEP][PASSED] - response_searchME_spouse = reqid_spouse: null

2022-11-25 09:09:12 - [TEST_STEP][PASSED] - println("kons req id is :" + response_searchME_kons): null

2022-11-25 09:09:12 - [TEST_STEP][PASSED] - println("spouse req id is : " + response_searchME_spouse): null

2022-11-25 09:09:12 - [TEST_STEP][PASSED] - verifyResponseStatusCode(req_data, 200): Verify response status code successfully

2022-11-25 09:09:12 - [MESSAGE][PASSED] - Verify response status code successfully

2022-11-25 09:09:12 - [TEST_STEP][PASSED] - response = req_data.getResponseText(): null

2022-11-25 09:09:12 - [TEST_STEP][PASSED] - logInfo($response): {"status":"Done","data":{"requestid1":"254726","requestid2":"254727"}}

2022-11-25 09:09:12 - [MESSAGE][INFO] - {"status":"Done","data":{"requestid1":"254726","requestid2":"254727"}}

2022-11-25 09:09:12 - [TEST_STEP][PASSED] - delay(5): Delayed 5 second(s)

2022-11-25 09:09:17 - [MESSAGE][PASSED] - Delayed 5 second(s)

2022-11-25 09:09:17 - [TEST_STEP][PASSED] - scoring = sendRequest(findTestObject("EngineScore", ["response_searchME_kons":response_searchME_kons, "response_searchME_spouse":response_searchME_spouse])): Send request successfully

2022-11-25 09:09:18 - [MESSAGE][INFO] - HAR: D:\DMS\Engine Scoring\Reports\20221125_090152\Exclude KKB - DS - Married\Scoring Married - KKB\20221125_090152\requests\main\127.har

2022-11-25 09:09:18 - [MESSAGE][PASSED] - Send request successfully

2022-11-25 09:09:18 - [TEST_STEP][PASSED] - verifyResponseStatusCode(scoring, 200): Verify response status code successfully

2022-11-25 09:09:18 - [MESSAGE][PASSED] - Verify response status code successfully

2022-11-25 09:09:18 - [TEST_STEP][PASSED] - response2 = scoring.getResponseText(): null

2022-11-25 09:09:18 - [TEST_STEP][PASSED] - markPassed("result service data ke : " + no): result service data ke : 64

2022-11-25 09:09:18 - [MESSAGE][PASSED] - result service data ke : 64

2022-11-25 09:09:18 - [TEST_STEP][PASSED] - logInfo($response2): {"result_konsumen":"Approve","result_pasangan":"Approve","Final_result":"Approve","errorMessage":"","status":"Done"}

2022-11-25 09:09:18 - [MESSAGE][INFO] - {"result_konsumen":"Approve","result_pasangan":"Approve","Final_result":"Approve","errorMessage":"","status":"Done"}

2022-11-25 09:09:18 - [TEST_STEP][PASSED] - verifyElementPropertyValue(scoring, "Final_result", final_result): Verify element property value successfully

2022-11-25 09:09:18 - [MESSAGE][PASSED] - Verify element property value successfully]]></system-out>
         <system-err><![CDATA[]]></system-err>
      </testcase>
      <testcase name="Test Cases/Engine_Scoring/Engine Scoring" time="6.901" classname="Test Cases/Engine_Scoring/Engine Scoring" status="PASSED">
         <system-out><![CDATA[2022-11-25 09:09:18 - [TEST_CASE][PASSED] - Test Cases/Engine_Scoring/Engine Scoring: Test Cases/Engine_Scoring/Engine Scoring

2022-11-25 09:09:18 - [TEST_STEP][PASSED] - markPassed("Variasi data ke : " + no): Variasi data ke : 65

2022-11-25 09:09:18 - [MESSAGE][PASSED] - Variasi data ke : 65

2022-11-25 09:09:18 - [TEST_STEP][PASSED] - req_data = sendRequest(findTestObject("Search_ME", ["MID":MID, "source":source, "ip":ip, "userid":userid, "branch":branch, "tipekons":tipekons, "marital":marital, "penjamin":penjamin, ... ])): Send request successfully

2022-11-25 09:09:19 - [MESSAGE][INFO] - HAR: D:\DMS\Engine Scoring\Reports\20221125_090152\Exclude KKB - DS - Married\Scoring Married - KKB\20221125_090152\requests\main\128.har

2022-11-25 09:09:19 - [MESSAGE][PASSED] - Send request successfully

2022-11-25 09:09:19 - [TEST_STEP][PASSED] - slurper = new groovy.json.JsonSlurper(): null

2022-11-25 09:09:19 - [TEST_STEP][PASSED] - result = slurper.parseText(req_data.getResponseBodyContent()): null

2022-11-25 09:09:19 - [TEST_STEP][PASSED] - reqid_kons = requestid1: null

2022-11-25 09:09:19 - [TEST_STEP][PASSED] - reqid_spouse = requestid2: null

2022-11-25 09:09:19 - [TEST_STEP][PASSED] - println("requestid kons : " + reqid_kons): null

2022-11-25 09:09:19 - [TEST_STEP][PASSED] - response_searchME_kons = reqid_kons: null

2022-11-25 09:09:19 - [TEST_STEP][PASSED] - response_searchME_spouse = reqid_spouse: null

2022-11-25 09:09:19 - [TEST_STEP][PASSED] - println("kons req id is :" + response_searchME_kons): null

2022-11-25 09:09:19 - [TEST_STEP][PASSED] - println("spouse req id is : " + response_searchME_spouse): null

2022-11-25 09:09:19 - [TEST_STEP][PASSED] - verifyResponseStatusCode(req_data, 200): Verify response status code successfully

2022-11-25 09:09:19 - [MESSAGE][PASSED] - Verify response status code successfully

2022-11-25 09:09:19 - [TEST_STEP][PASSED] - response = req_data.getResponseText(): null

2022-11-25 09:09:19 - [TEST_STEP][PASSED] - logInfo($response): {"status":"Done","data":{"requestid1":"254728","requestid2":"254729"}}

2022-11-25 09:09:19 - [MESSAGE][INFO] - {"status":"Done","data":{"requestid1":"254728","requestid2":"254729"}}

2022-11-25 09:09:19 - [TEST_STEP][PASSED] - delay(5): Delayed 5 second(s)

2022-11-25 09:09:24 - [MESSAGE][PASSED] - Delayed 5 second(s)

2022-11-25 09:09:24 - [TEST_STEP][PASSED] - scoring = sendRequest(findTestObject("EngineScore", ["response_searchME_kons":response_searchME_kons, "response_searchME_spouse":response_searchME_spouse])): Send request successfully

2022-11-25 09:09:24 - [MESSAGE][INFO] - HAR: D:\DMS\Engine Scoring\Reports\20221125_090152\Exclude KKB - DS - Married\Scoring Married - KKB\20221125_090152\requests\main\129.har

2022-11-25 09:09:24 - [MESSAGE][PASSED] - Send request successfully

2022-11-25 09:09:24 - [TEST_STEP][PASSED] - verifyResponseStatusCode(scoring, 200): Verify response status code successfully

2022-11-25 09:09:24 - [MESSAGE][PASSED] - Verify response status code successfully

2022-11-25 09:09:24 - [TEST_STEP][PASSED] - response2 = scoring.getResponseText(): null

2022-11-25 09:09:24 - [TEST_STEP][PASSED] - markPassed("result service data ke : " + no): result service data ke : 65

2022-11-25 09:09:24 - [MESSAGE][PASSED] - result service data ke : 65

2022-11-25 09:09:24 - [TEST_STEP][PASSED] - logInfo($response2): {"result_konsumen":"Approve","result_pasangan":"Approve","Final_result":"Approve","errorMessage":"","status":"Done"}

2022-11-25 09:09:24 - [MESSAGE][INFO] - {"result_konsumen":"Approve","result_pasangan":"Approve","Final_result":"Approve","errorMessage":"","status":"Done"}

2022-11-25 09:09:24 - [TEST_STEP][PASSED] - verifyElementPropertyValue(scoring, "Final_result", final_result): Verify element property value successfully

2022-11-25 09:09:25 - [MESSAGE][PASSED] - Verify element property value successfully]]></system-out>
         <system-err><![CDATA[]]></system-err>
      </testcase>
      <testcase name="Test Cases/Engine_Scoring/Engine Scoring" time="6.719" classname="Test Cases/Engine_Scoring/Engine Scoring" status="PASSED">
         <system-out><![CDATA[2022-11-25 09:09:25 - [TEST_CASE][PASSED] - Test Cases/Engine_Scoring/Engine Scoring: Test Cases/Engine_Scoring/Engine Scoring

2022-11-25 09:09:25 - [TEST_STEP][PASSED] - markPassed("Variasi data ke : " + no): Variasi data ke : 66

2022-11-25 09:09:25 - [MESSAGE][PASSED] - Variasi data ke : 66

2022-11-25 09:09:25 - [TEST_STEP][PASSED] - req_data = sendRequest(findTestObject("Search_ME", ["MID":MID, "source":source, "ip":ip, "userid":userid, "branch":branch, "tipekons":tipekons, "marital":marital, "penjamin":penjamin, ... ])): Send request successfully

2022-11-25 09:09:26 - [MESSAGE][INFO] - HAR: D:\DMS\Engine Scoring\Reports\20221125_090152\Exclude KKB - DS - Married\Scoring Married - KKB\20221125_090152\requests\main\130.har

2022-11-25 09:09:26 - [MESSAGE][PASSED] - Send request successfully

2022-11-25 09:09:26 - [TEST_STEP][PASSED] - slurper = new groovy.json.JsonSlurper(): null

2022-11-25 09:09:26 - [TEST_STEP][PASSED] - result = slurper.parseText(req_data.getResponseBodyContent()): null

2022-11-25 09:09:26 - [TEST_STEP][PASSED] - reqid_kons = requestid1: null

2022-11-25 09:09:26 - [TEST_STEP][PASSED] - reqid_spouse = requestid2: null

2022-11-25 09:09:26 - [TEST_STEP][PASSED] - println("requestid kons : " + reqid_kons): null

2022-11-25 09:09:26 - [TEST_STEP][PASSED] - response_searchME_kons = reqid_kons: null

2022-11-25 09:09:26 - [TEST_STEP][PASSED] - response_searchME_spouse = reqid_spouse: null

2022-11-25 09:09:26 - [TEST_STEP][PASSED] - println("kons req id is :" + response_searchME_kons): null

2022-11-25 09:09:26 - [TEST_STEP][PASSED] - println("spouse req id is : " + response_searchME_spouse): null

2022-11-25 09:09:26 - [TEST_STEP][PASSED] - verifyResponseStatusCode(req_data, 200): Verify response status code successfully

2022-11-25 09:09:26 - [MESSAGE][PASSED] - Verify response status code successfully

2022-11-25 09:09:26 - [TEST_STEP][PASSED] - response = req_data.getResponseText(): null

2022-11-25 09:09:26 - [TEST_STEP][PASSED] - logInfo($response): {"status":"Done","data":{"requestid1":"254730","requestid2":"254731"}}

2022-11-25 09:09:26 - [MESSAGE][INFO] - {"status":"Done","data":{"requestid1":"254730","requestid2":"254731"}}

2022-11-25 09:09:26 - [TEST_STEP][PASSED] - delay(5): Delayed 5 second(s)

2022-11-25 09:09:31 - [MESSAGE][PASSED] - Delayed 5 second(s)

2022-11-25 09:09:31 - [TEST_STEP][PASSED] - scoring = sendRequest(findTestObject("EngineScore", ["response_searchME_kons":response_searchME_kons, "response_searchME_spouse":response_searchME_spouse])): Send request successfully

2022-11-25 09:09:31 - [MESSAGE][INFO] - HAR: D:\DMS\Engine Scoring\Reports\20221125_090152\Exclude KKB - DS - Married\Scoring Married - KKB\20221125_090152\requests\main\131.har

2022-11-25 09:09:31 - [MESSAGE][PASSED] - Send request successfully

2022-11-25 09:09:31 - [TEST_STEP][PASSED] - verifyResponseStatusCode(scoring, 200): Verify response status code successfully

2022-11-25 09:09:31 - [MESSAGE][PASSED] - Verify response status code successfully

2022-11-25 09:09:31 - [TEST_STEP][PASSED] - response2 = scoring.getResponseText(): null

2022-11-25 09:09:31 - [TEST_STEP][PASSED] - markPassed("result service data ke : " + no): result service data ke : 66

2022-11-25 09:09:31 - [MESSAGE][PASSED] - result service data ke : 66

2022-11-25 09:09:31 - [TEST_STEP][PASSED] - logInfo($response2): {"result_konsumen":"Approve","result_pasangan":"Approve","Final_result":"Approve","errorMessage":"","status":"Done"}

2022-11-25 09:09:31 - [MESSAGE][INFO] - {"result_konsumen":"Approve","result_pasangan":"Approve","Final_result":"Approve","errorMessage":"","status":"Done"}

2022-11-25 09:09:31 - [TEST_STEP][PASSED] - verifyElementPropertyValue(scoring, "Final_result", final_result): Verify element property value successfully

2022-11-25 09:09:31 - [MESSAGE][PASSED] - Verify element property value successfully]]></system-out>
         <system-err><![CDATA[]]></system-err>
      </testcase>
      <testcase name="Test Cases/Engine_Scoring/Engine Scoring" time="7.102" classname="Test Cases/Engine_Scoring/Engine Scoring" status="PASSED">
         <system-out><![CDATA[2022-11-25 09:09:31 - [TEST_CASE][PASSED] - Test Cases/Engine_Scoring/Engine Scoring: Test Cases/Engine_Scoring/Engine Scoring

2022-11-25 09:09:32 - [TEST_STEP][PASSED] - markPassed("Variasi data ke : " + no): Variasi data ke : 67

2022-11-25 09:09:32 - [MESSAGE][PASSED] - Variasi data ke : 67

2022-11-25 09:09:32 - [TEST_STEP][PASSED] - req_data = sendRequest(findTestObject("Search_ME", ["MID":MID, "source":source, "ip":ip, "userid":userid, "branch":branch, "tipekons":tipekons, "marital":marital, "penjamin":penjamin, ... ])): Send request successfully

2022-11-25 09:09:33 - [MESSAGE][INFO] - HAR: D:\DMS\Engine Scoring\Reports\20221125_090152\Exclude KKB - DS - Married\Scoring Married - KKB\20221125_090152\requests\main\132.har

2022-11-25 09:09:33 - [MESSAGE][PASSED] - Send request successfully

2022-11-25 09:09:33 - [TEST_STEP][PASSED] - slurper = new groovy.json.JsonSlurper(): null

2022-11-25 09:09:33 - [TEST_STEP][PASSED] - result = slurper.parseText(req_data.getResponseBodyContent()): null

2022-11-25 09:09:33 - [TEST_STEP][PASSED] - reqid_kons = requestid1: null

2022-11-25 09:09:33 - [TEST_STEP][PASSED] - reqid_spouse = requestid2: null

2022-11-25 09:09:33 - [TEST_STEP][PASSED] - println("requestid kons : " + reqid_kons): null

2022-11-25 09:09:33 - [TEST_STEP][PASSED] - response_searchME_kons = reqid_kons: null

2022-11-25 09:09:33 - [TEST_STEP][PASSED] - response_searchME_spouse = reqid_spouse: null

2022-11-25 09:09:33 - [TEST_STEP][PASSED] - println("kons req id is :" + response_searchME_kons): null

2022-11-25 09:09:33 - [TEST_STEP][PASSED] - println("spouse req id is : " + response_searchME_spouse): null

2022-11-25 09:09:33 - [TEST_STEP][PASSED] - verifyResponseStatusCode(req_data, 200): Verify response status code successfully

2022-11-25 09:09:33 - [MESSAGE][PASSED] - Verify response status code successfully

2022-11-25 09:09:33 - [TEST_STEP][PASSED] - response = req_data.getResponseText(): null

2022-11-25 09:09:33 - [TEST_STEP][PASSED] - logInfo($response): {"status":"Done","data":{"requestid1":"254732","requestid2":"254733"}}

2022-11-25 09:09:33 - [MESSAGE][INFO] - {"status":"Done","data":{"requestid1":"254732","requestid2":"254733"}}

2022-11-25 09:09:33 - [TEST_STEP][PASSED] - delay(5): Delayed 5 second(s)

2022-11-25 09:09:38 - [MESSAGE][PASSED] - Delayed 5 second(s)

2022-11-25 09:09:38 - [TEST_STEP][PASSED] - scoring = sendRequest(findTestObject("EngineScore", ["response_searchME_kons":response_searchME_kons, "response_searchME_spouse":response_searchME_spouse])): Send request successfully

2022-11-25 09:09:38 - [MESSAGE][INFO] - HAR: D:\DMS\Engine Scoring\Reports\20221125_090152\Exclude KKB - DS - Married\Scoring Married - KKB\20221125_090152\requests\main\133.har

2022-11-25 09:09:38 - [MESSAGE][PASSED] - Send request successfully

2022-11-25 09:09:38 - [TEST_STEP][PASSED] - verifyResponseStatusCode(scoring, 200): Verify response status code successfully

2022-11-25 09:09:38 - [MESSAGE][PASSED] - Verify response status code successfully

2022-11-25 09:09:38 - [TEST_STEP][PASSED] - response2 = scoring.getResponseText(): null

2022-11-25 09:09:38 - [TEST_STEP][PASSED] - markPassed("result service data ke : " + no): result service data ke : 67

2022-11-25 09:09:38 - [MESSAGE][PASSED] - result service data ke : 67

2022-11-25 09:09:38 - [TEST_STEP][PASSED] - logInfo($response2): {"result_konsumen":"Approve","result_pasangan":"Approve","Final_result":"Approve","errorMessage":"","status":"Done"}

2022-11-25 09:09:38 - [MESSAGE][INFO] - {"result_konsumen":"Approve","result_pasangan":"Approve","Final_result":"Approve","errorMessage":"","status":"Done"}

2022-11-25 09:09:38 - [TEST_STEP][PASSED] - verifyElementPropertyValue(scoring, "Final_result", final_result): Verify element property value successfully

2022-11-25 09:09:38 - [MESSAGE][PASSED] - Verify element property value successfully]]></system-out>
         <system-err><![CDATA[]]></system-err>
      </testcase>
      <testcase name="Test Cases/Engine_Scoring/Engine Scoring" time="6.878" classname="Test Cases/Engine_Scoring/Engine Scoring" status="PASSED">
         <system-out><![CDATA[2022-11-25 09:09:39 - [TEST_CASE][PASSED] - Test Cases/Engine_Scoring/Engine Scoring: Test Cases/Engine_Scoring/Engine Scoring

2022-11-25 09:09:39 - [TEST_STEP][PASSED] - markPassed("Variasi data ke : " + no): Variasi data ke : 68

2022-11-25 09:09:39 - [MESSAGE][PASSED] - Variasi data ke : 68

2022-11-25 09:09:39 - [TEST_STEP][PASSED] - req_data = sendRequest(findTestObject("Search_ME", ["MID":MID, "source":source, "ip":ip, "userid":userid, "branch":branch, "tipekons":tipekons, "marital":marital, "penjamin":penjamin, ... ])): Send request successfully

2022-11-25 09:09:40 - [MESSAGE][INFO] - HAR: D:\DMS\Engine Scoring\Reports\20221125_090152\Exclude KKB - DS - Married\Scoring Married - KKB\20221125_090152\requests\main\134.har

2022-11-25 09:09:40 - [MESSAGE][PASSED] - Send request successfully

2022-11-25 09:09:40 - [TEST_STEP][PASSED] - slurper = new groovy.json.JsonSlurper(): null

2022-11-25 09:09:40 - [TEST_STEP][PASSED] - result = slurper.parseText(req_data.getResponseBodyContent()): null

2022-11-25 09:09:40 - [TEST_STEP][PASSED] - reqid_kons = requestid1: null

2022-11-25 09:09:40 - [TEST_STEP][PASSED] - reqid_spouse = requestid2: null

2022-11-25 09:09:40 - [TEST_STEP][PASSED] - println("requestid kons : " + reqid_kons): null

2022-11-25 09:09:40 - [TEST_STEP][PASSED] - response_searchME_kons = reqid_kons: null

2022-11-25 09:09:40 - [TEST_STEP][PASSED] - response_searchME_spouse = reqid_spouse: null

2022-11-25 09:09:40 - [TEST_STEP][PASSED] - println("kons req id is :" + response_searchME_kons): null

2022-11-25 09:09:40 - [TEST_STEP][PASSED] - println("spouse req id is : " + response_searchME_spouse): null

2022-11-25 09:09:40 - [TEST_STEP][PASSED] - verifyResponseStatusCode(req_data, 200): Verify response status code successfully

2022-11-25 09:09:40 - [MESSAGE][PASSED] - Verify response status code successfully

2022-11-25 09:09:40 - [TEST_STEP][PASSED] - response = req_data.getResponseText(): null

2022-11-25 09:09:40 - [TEST_STEP][PASSED] - logInfo($response): {"status":"Done","data":{"requestid1":"254734","requestid2":"254735"}}

2022-11-25 09:09:40 - [MESSAGE][INFO] - {"status":"Done","data":{"requestid1":"254734","requestid2":"254735"}}

2022-11-25 09:09:40 - [TEST_STEP][PASSED] - delay(5): Delayed 5 second(s)

2022-11-25 09:09:45 - [MESSAGE][PASSED] - Delayed 5 second(s)

2022-11-25 09:09:45 - [TEST_STEP][PASSED] - scoring = sendRequest(findTestObject("EngineScore", ["response_searchME_kons":response_searchME_kons, "response_searchME_spouse":response_searchME_spouse])): Send request successfully

2022-11-25 09:09:45 - [MESSAGE][INFO] - HAR: D:\DMS\Engine Scoring\Reports\20221125_090152\Exclude KKB - DS - Married\Scoring Married - KKB\20221125_090152\requests\main\135.har

2022-11-25 09:09:45 - [MESSAGE][PASSED] - Send request successfully

2022-11-25 09:09:45 - [TEST_STEP][PASSED] - verifyResponseStatusCode(scoring, 200): Verify response status code successfully

2022-11-25 09:09:45 - [MESSAGE][PASSED] - Verify response status code successfully

2022-11-25 09:09:45 - [TEST_STEP][PASSED] - response2 = scoring.getResponseText(): null

2022-11-25 09:09:45 - [TEST_STEP][PASSED] - markPassed("result service data ke : " + no): result service data ke : 68

2022-11-25 09:09:45 - [MESSAGE][PASSED] - result service data ke : 68

2022-11-25 09:09:45 - [TEST_STEP][PASSED] - logInfo($response2): {"result_konsumen":"Approve","result_pasangan":"Reject","Final_result":"Reject","errorMessage":"","status":"Done"}

2022-11-25 09:09:45 - [MESSAGE][INFO] - {"result_konsumen":"Approve","result_pasangan":"Reject","Final_result":"Reject","errorMessage":"","status":"Done"}

2022-11-25 09:09:45 - [TEST_STEP][PASSED] - verifyElementPropertyValue(scoring, "Final_result", final_result): Verify element property value successfully

2022-11-25 09:09:45 - [MESSAGE][PASSED] - Verify element property value successfully]]></system-out>
         <system-err><![CDATA[]]></system-err>
      </testcase>
      <testcase name="Test Cases/Engine_Scoring/Engine Scoring" time="6.839" classname="Test Cases/Engine_Scoring/Engine Scoring" status="PASSED">
         <system-out><![CDATA[2022-11-25 09:09:46 - [TEST_CASE][PASSED] - Test Cases/Engine_Scoring/Engine Scoring: Test Cases/Engine_Scoring/Engine Scoring

2022-11-25 09:09:46 - [TEST_STEP][PASSED] - markPassed("Variasi data ke : " + no): Variasi data ke : 69

2022-11-25 09:09:46 - [MESSAGE][PASSED] - Variasi data ke : 69

2022-11-25 09:09:46 - [TEST_STEP][PASSED] - req_data = sendRequest(findTestObject("Search_ME", ["MID":MID, "source":source, "ip":ip, "userid":userid, "branch":branch, "tipekons":tipekons, "marital":marital, "penjamin":penjamin, ... ])): Send request successfully

2022-11-25 09:09:47 - [MESSAGE][INFO] - HAR: D:\DMS\Engine Scoring\Reports\20221125_090152\Exclude KKB - DS - Married\Scoring Married - KKB\20221125_090152\requests\main\136.har

2022-11-25 09:09:47 - [MESSAGE][PASSED] - Send request successfully

2022-11-25 09:09:47 - [TEST_STEP][PASSED] - slurper = new groovy.json.JsonSlurper(): null

2022-11-25 09:09:47 - [TEST_STEP][PASSED] - result = slurper.parseText(req_data.getResponseBodyContent()): null

2022-11-25 09:09:47 - [TEST_STEP][PASSED] - reqid_kons = requestid1: null

2022-11-25 09:09:47 - [TEST_STEP][PASSED] - reqid_spouse = requestid2: null

2022-11-25 09:09:47 - [TEST_STEP][PASSED] - println("requestid kons : " + reqid_kons): null

2022-11-25 09:09:47 - [TEST_STEP][PASSED] - response_searchME_kons = reqid_kons: null

2022-11-25 09:09:47 - [TEST_STEP][PASSED] - response_searchME_spouse = reqid_spouse: null

2022-11-25 09:09:47 - [TEST_STEP][PASSED] - println("kons req id is :" + response_searchME_kons): null

2022-11-25 09:09:47 - [TEST_STEP][PASSED] - println("spouse req id is : " + response_searchME_spouse): null

2022-11-25 09:09:47 - [TEST_STEP][PASSED] - verifyResponseStatusCode(req_data, 200): Verify response status code successfully

2022-11-25 09:09:47 - [MESSAGE][PASSED] - Verify response status code successfully

2022-11-25 09:09:47 - [TEST_STEP][PASSED] - response = req_data.getResponseText(): null

2022-11-25 09:09:47 - [TEST_STEP][PASSED] - logInfo($response): {"status":"Done","data":{"requestid1":"254736","requestid2":"254737"}}

2022-11-25 09:09:47 - [MESSAGE][INFO] - {"status":"Done","data":{"requestid1":"254736","requestid2":"254737"}}

2022-11-25 09:09:47 - [TEST_STEP][PASSED] - delay(5): Delayed 5 second(s)

2022-11-25 09:09:52 - [MESSAGE][PASSED] - Delayed 5 second(s)

2022-11-25 09:09:52 - [TEST_STEP][PASSED] - scoring = sendRequest(findTestObject("EngineScore", ["response_searchME_kons":response_searchME_kons, "response_searchME_spouse":response_searchME_spouse])): Send request successfully

2022-11-25 09:09:52 - [MESSAGE][INFO] - HAR: D:\DMS\Engine Scoring\Reports\20221125_090152\Exclude KKB - DS - Married\Scoring Married - KKB\20221125_090152\requests\main\137.har

2022-11-25 09:09:52 - [MESSAGE][PASSED] - Send request successfully

2022-11-25 09:09:52 - [TEST_STEP][PASSED] - verifyResponseStatusCode(scoring, 200): Verify response status code successfully

2022-11-25 09:09:52 - [MESSAGE][PASSED] - Verify response status code successfully

2022-11-25 09:09:52 - [TEST_STEP][PASSED] - response2 = scoring.getResponseText(): null

2022-11-25 09:09:52 - [TEST_STEP][PASSED] - markPassed("result service data ke : " + no): result service data ke : 69

2022-11-25 09:09:52 - [MESSAGE][PASSED] - result service data ke : 69

2022-11-25 09:09:52 - [TEST_STEP][PASSED] - logInfo($response2): {"result_konsumen":"Approve","result_pasangan":"Reject","Final_result":"Reject","errorMessage":"","status":"Done"}

2022-11-25 09:09:52 - [MESSAGE][INFO] - {"result_konsumen":"Approve","result_pasangan":"Reject","Final_result":"Reject","errorMessage":"","status":"Done"}

2022-11-25 09:09:52 - [TEST_STEP][PASSED] - verifyElementPropertyValue(scoring, "Final_result", final_result): Verify element property value successfully

2022-11-25 09:09:52 - [MESSAGE][PASSED] - Verify element property value successfully]]></system-out>
         <system-err><![CDATA[]]></system-err>
      </testcase>
      <testcase name="Test Cases/Engine_Scoring/Engine Scoring" time="8.905" classname="Test Cases/Engine_Scoring/Engine Scoring" status="PASSED">
         <system-out><![CDATA[2022-11-25 09:09:52 - [TEST_CASE][PASSED] - Test Cases/Engine_Scoring/Engine Scoring: Test Cases/Engine_Scoring/Engine Scoring

2022-11-25 09:09:53 - [TEST_STEP][PASSED] - markPassed("Variasi data ke : " + no): Variasi data ke : 70

2022-11-25 09:09:53 - [MESSAGE][PASSED] - Variasi data ke : 70

2022-11-25 09:09:53 - [TEST_STEP][PASSED] - req_data = sendRequest(findTestObject("Search_ME", ["MID":MID, "source":source, "ip":ip, "userid":userid, "branch":branch, "tipekons":tipekons, "marital":marital, "penjamin":penjamin, ... ])): Send request successfully

2022-11-25 09:09:54 - [MESSAGE][INFO] - HAR: D:\DMS\Engine Scoring\Reports\20221125_090152\Exclude KKB - DS - Married\Scoring Married - KKB\20221125_090152\requests\main\138.har

2022-11-25 09:09:54 - [MESSAGE][PASSED] - Send request successfully

2022-11-25 09:09:54 - [TEST_STEP][PASSED] - slurper = new groovy.json.JsonSlurper(): null

2022-11-25 09:09:54 - [TEST_STEP][PASSED] - result = slurper.parseText(req_data.getResponseBodyContent()): null

2022-11-25 09:09:54 - [TEST_STEP][PASSED] - reqid_kons = requestid1: null

2022-11-25 09:09:54 - [TEST_STEP][PASSED] - reqid_spouse = requestid2: null

2022-11-25 09:09:54 - [TEST_STEP][PASSED] - println("requestid kons : " + reqid_kons): null

2022-11-25 09:09:54 - [TEST_STEP][PASSED] - response_searchME_kons = reqid_kons: null

2022-11-25 09:09:54 - [TEST_STEP][PASSED] - response_searchME_spouse = reqid_spouse: null

2022-11-25 09:09:54 - [TEST_STEP][PASSED] - println("kons req id is :" + response_searchME_kons): null

2022-11-25 09:09:54 - [TEST_STEP][PASSED] - println("spouse req id is : " + response_searchME_spouse): null

2022-11-25 09:09:54 - [TEST_STEP][PASSED] - verifyResponseStatusCode(req_data, 200): Verify response status code successfully

2022-11-25 09:09:54 - [MESSAGE][PASSED] - Verify response status code successfully

2022-11-25 09:09:54 - [TEST_STEP][PASSED] - response = req_data.getResponseText(): null

2022-11-25 09:09:54 - [TEST_STEP][PASSED] - logInfo($response): {"status":"Done","data":{"requestid1":"254738","requestid2":"254739"}}

2022-11-25 09:09:54 - [MESSAGE][INFO] - {"status":"Done","data":{"requestid1":"254738","requestid2":"254739"}}

2022-11-25 09:09:54 - [TEST_STEP][PASSED] - delay(5): Delayed 5 second(s)

2022-11-25 09:09:59 - [MESSAGE][PASSED] - Delayed 5 second(s)

2022-11-25 09:09:59 - [TEST_STEP][PASSED] - scoring = sendRequest(findTestObject("EngineScore", ["response_searchME_kons":response_searchME_kons, "response_searchME_spouse":response_searchME_spouse])): Send request successfully

2022-11-25 09:10:01 - [MESSAGE][INFO] - HAR: D:\DMS\Engine Scoring\Reports\20221125_090152\Exclude KKB - DS - Married\Scoring Married - KKB\20221125_090152\requests\main\139.har

2022-11-25 09:10:01 - [MESSAGE][PASSED] - Send request successfully

2022-11-25 09:10:01 - [TEST_STEP][PASSED] - verifyResponseStatusCode(scoring, 200): Verify response status code successfully

2022-11-25 09:10:01 - [MESSAGE][PASSED] - Verify response status code successfully

2022-11-25 09:10:01 - [TEST_STEP][PASSED] - response2 = scoring.getResponseText(): null

2022-11-25 09:10:01 - [TEST_STEP][PASSED] - markPassed("result service data ke : " + no): result service data ke : 70

2022-11-25 09:10:01 - [MESSAGE][PASSED] - result service data ke : 70

2022-11-25 09:10:01 - [TEST_STEP][PASSED] - logInfo($response2): {"result_konsumen":"Approve","result_pasangan":"Reguler","Final_result":"Approve","errorMessage":"","status":"Done"}

2022-11-25 09:10:01 - [MESSAGE][INFO] - {"result_konsumen":"Approve","result_pasangan":"Reguler","Final_result":"Approve","errorMessage":"","status":"Done"}

2022-11-25 09:10:01 - [TEST_STEP][PASSED] - verifyElementPropertyValue(scoring, "Final_result", final_result): Verify element property value successfully

2022-11-25 09:10:01 - [MESSAGE][PASSED] - Verify element property value successfully]]></system-out>
         <system-err><![CDATA[]]></system-err>
      </testcase>
      <testcase name="Test Cases/Engine_Scoring/Engine Scoring" time="9.496" classname="Test Cases/Engine_Scoring/Engine Scoring" status="PASSED">
         <system-out><![CDATA[2022-11-25 09:10:01 - [TEST_CASE][PASSED] - Test Cases/Engine_Scoring/Engine Scoring: Test Cases/Engine_Scoring/Engine Scoring

2022-11-25 09:10:02 - [TEST_STEP][PASSED] - markPassed("Variasi data ke : " + no): Variasi data ke : 71

2022-11-25 09:10:02 - [MESSAGE][PASSED] - Variasi data ke : 71

2022-11-25 09:10:02 - [TEST_STEP][PASSED] - req_data = sendRequest(findTestObject("Search_ME", ["MID":MID, "source":source, "ip":ip, "userid":userid, "branch":branch, "tipekons":tipekons, "marital":marital, "penjamin":penjamin, ... ])): Send request successfully

2022-11-25 09:10:05 - [MESSAGE][INFO] - HAR: D:\DMS\Engine Scoring\Reports\20221125_090152\Exclude KKB - DS - Married\Scoring Married - KKB\20221125_090152\requests\main\140.har

2022-11-25 09:10:05 - [MESSAGE][PASSED] - Send request successfully

2022-11-25 09:10:05 - [TEST_STEP][PASSED] - slurper = new groovy.json.JsonSlurper(): null

2022-11-25 09:10:05 - [TEST_STEP][PASSED] - result = slurper.parseText(req_data.getResponseBodyContent()): null

2022-11-25 09:10:05 - [TEST_STEP][PASSED] - reqid_kons = requestid1: null

2022-11-25 09:10:05 - [TEST_STEP][PASSED] - reqid_spouse = requestid2: null

2022-11-25 09:10:05 - [TEST_STEP][PASSED] - println("requestid kons : " + reqid_kons): null

2022-11-25 09:10:05 - [TEST_STEP][PASSED] - response_searchME_kons = reqid_kons: null

2022-11-25 09:10:05 - [TEST_STEP][PASSED] - response_searchME_spouse = reqid_spouse: null

2022-11-25 09:10:05 - [TEST_STEP][PASSED] - println("kons req id is :" + response_searchME_kons): null

2022-11-25 09:10:05 - [TEST_STEP][PASSED] - println("spouse req id is : " + response_searchME_spouse): null

2022-11-25 09:10:05 - [TEST_STEP][PASSED] - verifyResponseStatusCode(req_data, 200): Verify response status code successfully

2022-11-25 09:10:05 - [MESSAGE][PASSED] - Verify response status code successfully

2022-11-25 09:10:05 - [TEST_STEP][PASSED] - response = req_data.getResponseText(): null

2022-11-25 09:10:05 - [TEST_STEP][PASSED] - logInfo($response): {"status":"Done","data":{"requestid1":"254740","requestid2":"254741"}}

2022-11-25 09:10:05 - [MESSAGE][INFO] - {"status":"Done","data":{"requestid1":"254740","requestid2":"254741"}}

2022-11-25 09:10:05 - [TEST_STEP][PASSED] - delay(5): Delayed 5 second(s)

2022-11-25 09:10:10 - [MESSAGE][PASSED] - Delayed 5 second(s)

2022-11-25 09:10:10 - [TEST_STEP][PASSED] - scoring = sendRequest(findTestObject("EngineScore", ["response_searchME_kons":response_searchME_kons, "response_searchME_spouse":response_searchME_spouse])): Send request successfully

2022-11-25 09:10:11 - [MESSAGE][INFO] - HAR: D:\DMS\Engine Scoring\Reports\20221125_090152\Exclude KKB - DS - Married\Scoring Married - KKB\20221125_090152\requests\main\141.har

2022-11-25 09:10:11 - [MESSAGE][PASSED] - Send request successfully

2022-11-25 09:10:11 - [TEST_STEP][PASSED] - verifyResponseStatusCode(scoring, 200): Verify response status code successfully

2022-11-25 09:10:11 - [MESSAGE][PASSED] - Verify response status code successfully

2022-11-25 09:10:11 - [TEST_STEP][PASSED] - response2 = scoring.getResponseText(): null

2022-11-25 09:10:11 - [TEST_STEP][PASSED] - markPassed("result service data ke : " + no): result service data ke : 71

2022-11-25 09:10:11 - [MESSAGE][PASSED] - result service data ke : 71

2022-11-25 09:10:11 - [TEST_STEP][PASSED] - logInfo($response2): {"result_konsumen":"Approve","result_pasangan":"Reguler","Final_result":"Approve","errorMessage":"","status":"Done"}

2022-11-25 09:10:11 - [MESSAGE][INFO] - {"result_konsumen":"Approve","result_pasangan":"Reguler","Final_result":"Approve","errorMessage":"","status":"Done"}

2022-11-25 09:10:11 - [TEST_STEP][PASSED] - verifyElementPropertyValue(scoring, "Final_result", final_result): Verify element property value successfully

2022-11-25 09:10:11 - [MESSAGE][PASSED] - Verify element property value successfully]]></system-out>
         <system-err><![CDATA[]]></system-err>
      </testcase>
      <testcase name="Test Cases/Engine_Scoring/Engine Scoring" time="10.331" classname="Test Cases/Engine_Scoring/Engine Scoring" status="PASSED">
         <system-out><![CDATA[2022-11-25 09:10:11 - [TEST_CASE][PASSED] - Test Cases/Engine_Scoring/Engine Scoring: Test Cases/Engine_Scoring/Engine Scoring

2022-11-25 09:10:12 - [TEST_STEP][PASSED] - markPassed("Variasi data ke : " + no): Variasi data ke : 72

2022-11-25 09:10:12 - [MESSAGE][PASSED] - Variasi data ke : 72

2022-11-25 09:10:12 - [TEST_STEP][PASSED] - req_data = sendRequest(findTestObject("Search_ME", ["MID":MID, "source":source, "ip":ip, "userid":userid, "branch":branch, "tipekons":tipekons, "marital":marital, "penjamin":penjamin, ... ])): Send request successfully

2022-11-25 09:10:14 - [MESSAGE][INFO] - HAR: D:\DMS\Engine Scoring\Reports\20221125_090152\Exclude KKB - DS - Married\Scoring Married - KKB\20221125_090152\requests\main\142.har

2022-11-25 09:10:14 - [MESSAGE][PASSED] - Send request successfully

2022-11-25 09:10:14 - [TEST_STEP][PASSED] - slurper = new groovy.json.JsonSlurper(): null

2022-11-25 09:10:14 - [TEST_STEP][PASSED] - result = slurper.parseText(req_data.getResponseBodyContent()): null

2022-11-25 09:10:14 - [TEST_STEP][PASSED] - reqid_kons = requestid1: null

2022-11-25 09:10:14 - [TEST_STEP][PASSED] - reqid_spouse = requestid2: null

2022-11-25 09:10:14 - [TEST_STEP][PASSED] - println("requestid kons : " + reqid_kons): null

2022-11-25 09:10:14 - [TEST_STEP][PASSED] - response_searchME_kons = reqid_kons: null

2022-11-25 09:10:14 - [TEST_STEP][PASSED] - response_searchME_spouse = reqid_spouse: null

2022-11-25 09:10:14 - [TEST_STEP][PASSED] - println("kons req id is :" + response_searchME_kons): null

2022-11-25 09:10:14 - [TEST_STEP][PASSED] - println("spouse req id is : " + response_searchME_spouse): null

2022-11-25 09:10:14 - [TEST_STEP][PASSED] - verifyResponseStatusCode(req_data, 200): Verify response status code successfully

2022-11-25 09:10:14 - [MESSAGE][PASSED] - Verify response status code successfully

2022-11-25 09:10:14 - [TEST_STEP][PASSED] - response = req_data.getResponseText(): null

2022-11-25 09:10:14 - [TEST_STEP][PASSED] - logInfo($response): {"status":"Done","data":{"requestid1":"254742","requestid2":"254743"}}

2022-11-25 09:10:14 - [MESSAGE][INFO] - {"status":"Done","data":{"requestid1":"254742","requestid2":"254743"}}

2022-11-25 09:10:14 - [TEST_STEP][PASSED] - delay(5): Delayed 5 second(s)

2022-11-25 09:10:19 - [MESSAGE][PASSED] - Delayed 5 second(s)

2022-11-25 09:10:19 - [TEST_STEP][PASSED] - scoring = sendRequest(findTestObject("EngineScore", ["response_searchME_kons":response_searchME_kons, "response_searchME_spouse":response_searchME_spouse])): Send request successfully

2022-11-25 09:10:21 - [MESSAGE][INFO] - HAR: D:\DMS\Engine Scoring\Reports\20221125_090152\Exclude KKB - DS - Married\Scoring Married - KKB\20221125_090152\requests\main\143.har

2022-11-25 09:10:21 - [MESSAGE][PASSED] - Send request successfully

2022-11-25 09:10:21 - [TEST_STEP][PASSED] - verifyResponseStatusCode(scoring, 200): Verify response status code successfully

2022-11-25 09:10:21 - [MESSAGE][PASSED] - Verify response status code successfully

2022-11-25 09:10:21 - [TEST_STEP][PASSED] - response2 = scoring.getResponseText(): null

2022-11-25 09:10:21 - [TEST_STEP][PASSED] - markPassed("result service data ke : " + no): result service data ke : 72

2022-11-25 09:10:21 - [MESSAGE][PASSED] - result service data ke : 72

2022-11-25 09:10:21 - [TEST_STEP][PASSED] - logInfo($response2): {"result_konsumen":"Approve","result_pasangan":"Reguler","Final_result":"Approve","errorMessage":"","status":"Done"}

2022-11-25 09:10:21 - [MESSAGE][INFO] - {"result_konsumen":"Approve","result_pasangan":"Reguler","Final_result":"Approve","errorMessage":"","status":"Done"}

2022-11-25 09:10:21 - [TEST_STEP][PASSED] - verifyElementPropertyValue(scoring, "Final_result", final_result): Verify element property value successfully

2022-11-25 09:10:21 - [MESSAGE][PASSED] - Verify element property value successfully]]></system-out>
         <system-err><![CDATA[]]></system-err>
      </testcase>
      <testcase name="Test Cases/Engine_Scoring/Engine Scoring" time="8.362" classname="Test Cases/Engine_Scoring/Engine Scoring" status="PASSED">
         <system-out><![CDATA[2022-11-25 09:10:21 - [TEST_CASE][PASSED] - Test Cases/Engine_Scoring/Engine Scoring: Test Cases/Engine_Scoring/Engine Scoring

2022-11-25 09:10:22 - [TEST_STEP][PASSED] - markPassed("Variasi data ke : " + no): Variasi data ke : 73

2022-11-25 09:10:22 - [MESSAGE][PASSED] - Variasi data ke : 73

2022-11-25 09:10:22 - [TEST_STEP][PASSED] - req_data = sendRequest(findTestObject("Search_ME", ["MID":MID, "source":source, "ip":ip, "userid":userid, "branch":branch, "tipekons":tipekons, "marital":marital, "penjamin":penjamin, ... ])): Send request successfully

2022-11-25 09:10:24 - [MESSAGE][INFO] - HAR: D:\DMS\Engine Scoring\Reports\20221125_090152\Exclude KKB - DS - Married\Scoring Married - KKB\20221125_090152\requests\main\144.har

2022-11-25 09:10:24 - [MESSAGE][PASSED] - Send request successfully

2022-11-25 09:10:24 - [TEST_STEP][PASSED] - slurper = new groovy.json.JsonSlurper(): null

2022-11-25 09:10:24 - [TEST_STEP][PASSED] - result = slurper.parseText(req_data.getResponseBodyContent()): null

2022-11-25 09:10:24 - [TEST_STEP][PASSED] - reqid_kons = requestid1: null

2022-11-25 09:10:24 - [TEST_STEP][PASSED] - reqid_spouse = requestid2: null

2022-11-25 09:10:24 - [TEST_STEP][PASSED] - println("requestid kons : " + reqid_kons): null

2022-11-25 09:10:24 - [TEST_STEP][PASSED] - response_searchME_kons = reqid_kons: null

2022-11-25 09:10:24 - [TEST_STEP][PASSED] - response_searchME_spouse = reqid_spouse: null

2022-11-25 09:10:24 - [TEST_STEP][PASSED] - println("kons req id is :" + response_searchME_kons): null

2022-11-25 09:10:24 - [TEST_STEP][PASSED] - println("spouse req id is : " + response_searchME_spouse): null

2022-11-25 09:10:24 - [TEST_STEP][PASSED] - verifyResponseStatusCode(req_data, 200): Verify response status code successfully

2022-11-25 09:10:24 - [MESSAGE][PASSED] - Verify response status code successfully

2022-11-25 09:10:24 - [TEST_STEP][PASSED] - response = req_data.getResponseText(): null

2022-11-25 09:10:24 - [TEST_STEP][PASSED] - logInfo($response): {"status":"Done","data":{"requestid1":"254744","requestid2":"254745"}}

2022-11-25 09:10:24 - [MESSAGE][INFO] - {"status":"Done","data":{"requestid1":"254744","requestid2":"254745"}}

2022-11-25 09:10:24 - [TEST_STEP][PASSED] - delay(5): Delayed 5 second(s)

2022-11-25 09:10:29 - [MESSAGE][PASSED] - Delayed 5 second(s)

2022-11-25 09:10:29 - [TEST_STEP][PASSED] - scoring = sendRequest(findTestObject("EngineScore", ["response_searchME_kons":response_searchME_kons, "response_searchME_spouse":response_searchME_spouse])): Send request successfully

2022-11-25 09:10:30 - [MESSAGE][INFO] - HAR: D:\DMS\Engine Scoring\Reports\20221125_090152\Exclude KKB - DS - Married\Scoring Married - KKB\20221125_090152\requests\main\145.har

2022-11-25 09:10:30 - [MESSAGE][PASSED] - Send request successfully

2022-11-25 09:10:30 - [TEST_STEP][PASSED] - verifyResponseStatusCode(scoring, 200): Verify response status code successfully

2022-11-25 09:10:30 - [MESSAGE][PASSED] - Verify response status code successfully

2022-11-25 09:10:30 - [TEST_STEP][PASSED] - response2 = scoring.getResponseText(): null

2022-11-25 09:10:30 - [TEST_STEP][PASSED] - markPassed("result service data ke : " + no): result service data ke : 73

2022-11-25 09:10:30 - [MESSAGE][PASSED] - result service data ke : 73

2022-11-25 09:10:30 - [TEST_STEP][PASSED] - logInfo($response2): {"result_konsumen":"Approve","result_pasangan":"Reject","Final_result":"Reject","errorMessage":"","status":"Done"}

2022-11-25 09:10:30 - [MESSAGE][INFO] - {"result_konsumen":"Approve","result_pasangan":"Reject","Final_result":"Reject","errorMessage":"","status":"Done"}

2022-11-25 09:10:30 - [TEST_STEP][PASSED] - verifyElementPropertyValue(scoring, "Final_result", final_result): Verify element property value successfully

2022-11-25 09:10:30 - [MESSAGE][PASSED] - Verify element property value successfully]]></system-out>
         <system-err><![CDATA[]]></system-err>
      </testcase>
      <testcase name="Test Cases/Engine_Scoring/Engine Scoring" time="6.924" classname="Test Cases/Engine_Scoring/Engine Scoring" status="PASSED">
         <system-out><![CDATA[2022-11-25 09:10:30 - [TEST_CASE][PASSED] - Test Cases/Engine_Scoring/Engine Scoring: Test Cases/Engine_Scoring/Engine Scoring

2022-11-25 09:10:31 - [TEST_STEP][PASSED] - markPassed("Variasi data ke : " + no): Variasi data ke : 74

2022-11-25 09:10:31 - [MESSAGE][PASSED] - Variasi data ke : 74

2022-11-25 09:10:31 - [TEST_STEP][PASSED] - req_data = sendRequest(findTestObject("Search_ME", ["MID":MID, "source":source, "ip":ip, "userid":userid, "branch":branch, "tipekons":tipekons, "marital":marital, "penjamin":penjamin, ... ])): Send request successfully

2022-11-25 09:10:32 - [MESSAGE][INFO] - HAR: D:\DMS\Engine Scoring\Reports\20221125_090152\Exclude KKB - DS - Married\Scoring Married - KKB\20221125_090152\requests\main\146.har

2022-11-25 09:10:32 - [MESSAGE][PASSED] - Send request successfully

2022-11-25 09:10:32 - [TEST_STEP][PASSED] - slurper = new groovy.json.JsonSlurper(): null

2022-11-25 09:10:32 - [TEST_STEP][PASSED] - result = slurper.parseText(req_data.getResponseBodyContent()): null

2022-11-25 09:10:32 - [TEST_STEP][PASSED] - reqid_kons = requestid1: null

2022-11-25 09:10:32 - [TEST_STEP][PASSED] - reqid_spouse = requestid2: null

2022-11-25 09:10:32 - [TEST_STEP][PASSED] - println("requestid kons : " + reqid_kons): null

2022-11-25 09:10:32 - [TEST_STEP][PASSED] - response_searchME_kons = reqid_kons: null

2022-11-25 09:10:32 - [TEST_STEP][PASSED] - response_searchME_spouse = reqid_spouse: null

2022-11-25 09:10:32 - [TEST_STEP][PASSED] - println("kons req id is :" + response_searchME_kons): null

2022-11-25 09:10:32 - [TEST_STEP][PASSED] - println("spouse req id is : " + response_searchME_spouse): null

2022-11-25 09:10:32 - [TEST_STEP][PASSED] - verifyResponseStatusCode(req_data, 200): Verify response status code successfully

2022-11-25 09:10:32 - [MESSAGE][PASSED] - Verify response status code successfully

2022-11-25 09:10:32 - [TEST_STEP][PASSED] - response = req_data.getResponseText(): null

2022-11-25 09:10:32 - [TEST_STEP][PASSED] - logInfo($response): {"status":"Done","data":{"requestid1":"254746","requestid2":"254747"}}

2022-11-25 09:10:32 - [MESSAGE][INFO] - {"status":"Done","data":{"requestid1":"254746","requestid2":"254747"}}

2022-11-25 09:10:32 - [TEST_STEP][PASSED] - delay(5): Delayed 5 second(s)

2022-11-25 09:10:37 - [MESSAGE][PASSED] - Delayed 5 second(s)

2022-11-25 09:10:37 - [TEST_STEP][PASSED] - scoring = sendRequest(findTestObject("EngineScore", ["response_searchME_kons":response_searchME_kons, "response_searchME_spouse":response_searchME_spouse])): Send request successfully

2022-11-25 09:10:37 - [MESSAGE][INFO] - HAR: D:\DMS\Engine Scoring\Reports\20221125_090152\Exclude KKB - DS - Married\Scoring Married - KKB\20221125_090152\requests\main\147.har

2022-11-25 09:10:37 - [MESSAGE][PASSED] - Send request successfully

2022-11-25 09:10:37 - [TEST_STEP][PASSED] - verifyResponseStatusCode(scoring, 200): Verify response status code successfully

2022-11-25 09:10:37 - [MESSAGE][PASSED] - Verify response status code successfully

2022-11-25 09:10:37 - [TEST_STEP][PASSED] - response2 = scoring.getResponseText(): null

2022-11-25 09:10:37 - [TEST_STEP][PASSED] - markPassed("result service data ke : " + no): result service data ke : 74

2022-11-25 09:10:37 - [MESSAGE][PASSED] - result service data ke : 74

2022-11-25 09:10:37 - [TEST_STEP][PASSED] - logInfo($response2): {"result_konsumen":"Approve","result_pasangan":"Reject","Final_result":"Reject","errorMessage":"","status":"Done"}

2022-11-25 09:10:37 - [MESSAGE][INFO] - {"result_konsumen":"Approve","result_pasangan":"Reject","Final_result":"Reject","errorMessage":"","status":"Done"}

2022-11-25 09:10:37 - [TEST_STEP][PASSED] - verifyElementPropertyValue(scoring, "Final_result", final_result): Verify element property value successfully

2022-11-25 09:10:37 - [MESSAGE][PASSED] - Verify element property value successfully]]></system-out>
         <system-err><![CDATA[]]></system-err>
      </testcase>
      <testcase name="Test Cases/Engine_Scoring/Engine Scoring" time="6.841" classname="Test Cases/Engine_Scoring/Engine Scoring" status="PASSED">
         <system-out><![CDATA[2022-11-25 09:10:37 - [TEST_CASE][PASSED] - Test Cases/Engine_Scoring/Engine Scoring: Test Cases/Engine_Scoring/Engine Scoring

2022-11-25 09:10:38 - [TEST_STEP][PASSED] - markPassed("Variasi data ke : " + no): Variasi data ke : 75

2022-11-25 09:10:38 - [MESSAGE][PASSED] - Variasi data ke : 75

2022-11-25 09:10:38 - [TEST_STEP][PASSED] - req_data = sendRequest(findTestObject("Search_ME", ["MID":MID, "source":source, "ip":ip, "userid":userid, "branch":branch, "tipekons":tipekons, "marital":marital, "penjamin":penjamin, ... ])): Send request successfully

2022-11-25 09:10:39 - [MESSAGE][INFO] - HAR: D:\DMS\Engine Scoring\Reports\20221125_090152\Exclude KKB - DS - Married\Scoring Married - KKB\20221125_090152\requests\main\148.har

2022-11-25 09:10:39 - [MESSAGE][PASSED] - Send request successfully

2022-11-25 09:10:39 - [TEST_STEP][PASSED] - slurper = new groovy.json.JsonSlurper(): null

2022-11-25 09:10:39 - [TEST_STEP][PASSED] - result = slurper.parseText(req_data.getResponseBodyContent()): null

2022-11-25 09:10:39 - [TEST_STEP][PASSED] - reqid_kons = requestid1: null

2022-11-25 09:10:39 - [TEST_STEP][PASSED] - reqid_spouse = requestid2: null

2022-11-25 09:10:39 - [TEST_STEP][PASSED] - println("requestid kons : " + reqid_kons): null

2022-11-25 09:10:39 - [TEST_STEP][PASSED] - response_searchME_kons = reqid_kons: null

2022-11-25 09:10:39 - [TEST_STEP][PASSED] - response_searchME_spouse = reqid_spouse: null

2022-11-25 09:10:39 - [TEST_STEP][PASSED] - println("kons req id is :" + response_searchME_kons): null

2022-11-25 09:10:39 - [TEST_STEP][PASSED] - println("spouse req id is : " + response_searchME_spouse): null

2022-11-25 09:10:39 - [TEST_STEP][PASSED] - verifyResponseStatusCode(req_data, 200): Verify response status code successfully

2022-11-25 09:10:39 - [MESSAGE][PASSED] - Verify response status code successfully

2022-11-25 09:10:39 - [TEST_STEP][PASSED] - response = req_data.getResponseText(): null

2022-11-25 09:10:39 - [TEST_STEP][PASSED] - logInfo($response): {"status":"Done","data":{"requestid1":"254748","requestid2":"254749"}}

2022-11-25 09:10:39 - [MESSAGE][INFO] - {"status":"Done","data":{"requestid1":"254748","requestid2":"254749"}}

2022-11-25 09:10:39 - [TEST_STEP][PASSED] - delay(5): Delayed 5 second(s)

2022-11-25 09:10:44 - [MESSAGE][PASSED] - Delayed 5 second(s)

2022-11-25 09:10:44 - [TEST_STEP][PASSED] - scoring = sendRequest(findTestObject("EngineScore", ["response_searchME_kons":response_searchME_kons, "response_searchME_spouse":response_searchME_spouse])): Send request successfully

2022-11-25 09:10:44 - [MESSAGE][INFO] - HAR: D:\DMS\Engine Scoring\Reports\20221125_090152\Exclude KKB - DS - Married\Scoring Married - KKB\20221125_090152\requests\main\149.har

2022-11-25 09:10:44 - [MESSAGE][PASSED] - Send request successfully

2022-11-25 09:10:44 - [TEST_STEP][PASSED] - verifyResponseStatusCode(scoring, 200): Verify response status code successfully

2022-11-25 09:10:44 - [MESSAGE][PASSED] - Verify response status code successfully

2022-11-25 09:10:44 - [TEST_STEP][PASSED] - response2 = scoring.getResponseText(): null

2022-11-25 09:10:44 - [TEST_STEP][PASSED] - markPassed("result service data ke : " + no): result service data ke : 75

2022-11-25 09:10:44 - [MESSAGE][PASSED] - result service data ke : 75

2022-11-25 09:10:44 - [TEST_STEP][PASSED] - logInfo($response2): {"result_konsumen":"Approve","result_pasangan":"Reject","Final_result":"Reject","errorMessage":"","status":"Done"}

2022-11-25 09:10:44 - [MESSAGE][INFO] - {"result_konsumen":"Approve","result_pasangan":"Reject","Final_result":"Reject","errorMessage":"","status":"Done"}

2022-11-25 09:10:44 - [TEST_STEP][PASSED] - verifyElementPropertyValue(scoring, "Final_result", final_result): Verify element property value successfully

2022-11-25 09:10:44 - [MESSAGE][PASSED] - Verify element property value successfully]]></system-out>
         <system-err><![CDATA[]]></system-err>
      </testcase>
      <testcase name="Test Cases/Engine_Scoring/Engine Scoring" time="6.912" classname="Test Cases/Engine_Scoring/Engine Scoring" status="PASSED">
         <system-out><![CDATA[2022-11-25 09:10:44 - [TEST_CASE][PASSED] - Test Cases/Engine_Scoring/Engine Scoring: Test Cases/Engine_Scoring/Engine Scoring

2022-11-25 09:10:45 - [TEST_STEP][PASSED] - markPassed("Variasi data ke : " + no): Variasi data ke : 76

2022-11-25 09:10:45 - [MESSAGE][PASSED] - Variasi data ke : 76

2022-11-25 09:10:45 - [TEST_STEP][PASSED] - req_data = sendRequest(findTestObject("Search_ME", ["MID":MID, "source":source, "ip":ip, "userid":userid, "branch":branch, "tipekons":tipekons, "marital":marital, "penjamin":penjamin, ... ])): Send request successfully

2022-11-25 09:10:45 - [MESSAGE][INFO] - HAR: D:\DMS\Engine Scoring\Reports\20221125_090152\Exclude KKB - DS - Married\Scoring Married - KKB\20221125_090152\requests\main\150.har

2022-11-25 09:10:45 - [MESSAGE][PASSED] - Send request successfully

2022-11-25 09:10:45 - [TEST_STEP][PASSED] - slurper = new groovy.json.JsonSlurper(): null

2022-11-25 09:10:45 - [TEST_STEP][PASSED] - result = slurper.parseText(req_data.getResponseBodyContent()): null

2022-11-25 09:10:45 - [TEST_STEP][PASSED] - reqid_kons = requestid1: null

2022-11-25 09:10:45 - [TEST_STEP][PASSED] - reqid_spouse = requestid2: null

2022-11-25 09:10:45 - [TEST_STEP][PASSED] - println("requestid kons : " + reqid_kons): null

2022-11-25 09:10:45 - [TEST_STEP][PASSED] - response_searchME_kons = reqid_kons: null

2022-11-25 09:10:45 - [TEST_STEP][PASSED] - response_searchME_spouse = reqid_spouse: null

2022-11-25 09:10:45 - [TEST_STEP][PASSED] - println("kons req id is :" + response_searchME_kons): null

2022-11-25 09:10:45 - [TEST_STEP][PASSED] - println("spouse req id is : " + response_searchME_spouse): null

2022-11-25 09:10:45 - [TEST_STEP][PASSED] - verifyResponseStatusCode(req_data, 200): Verify response status code successfully

2022-11-25 09:10:45 - [MESSAGE][PASSED] - Verify response status code successfully

2022-11-25 09:10:45 - [TEST_STEP][PASSED] - response = req_data.getResponseText(): null

2022-11-25 09:10:45 - [TEST_STEP][PASSED] - logInfo($response): {"status":"Done","data":{"requestid1":"254750","requestid2":"254751"}}

2022-11-25 09:10:45 - [MESSAGE][INFO] - {"status":"Done","data":{"requestid1":"254750","requestid2":"254751"}}

2022-11-25 09:10:45 - [TEST_STEP][PASSED] - delay(5): Delayed 5 second(s)

2022-11-25 09:10:50 - [MESSAGE][PASSED] - Delayed 5 second(s)

2022-11-25 09:10:50 - [TEST_STEP][PASSED] - scoring = sendRequest(findTestObject("EngineScore", ["response_searchME_kons":response_searchME_kons, "response_searchME_spouse":response_searchME_spouse])): Send request successfully

2022-11-25 09:10:51 - [MESSAGE][INFO] - HAR: D:\DMS\Engine Scoring\Reports\20221125_090152\Exclude KKB - DS - Married\Scoring Married - KKB\20221125_090152\requests\main\151.har

2022-11-25 09:10:51 - [MESSAGE][PASSED] - Send request successfully

2022-11-25 09:10:51 - [TEST_STEP][PASSED] - verifyResponseStatusCode(scoring, 200): Verify response status code successfully

2022-11-25 09:10:51 - [MESSAGE][PASSED] - Verify response status code successfully

2022-11-25 09:10:51 - [TEST_STEP][PASSED] - response2 = scoring.getResponseText(): null

2022-11-25 09:10:51 - [TEST_STEP][PASSED] - markPassed("result service data ke : " + no): result service data ke : 76

2022-11-25 09:10:51 - [MESSAGE][PASSED] - result service data ke : 76

2022-11-25 09:10:51 - [TEST_STEP][PASSED] - logInfo($response2): {"result_konsumen":"Approve","result_pasangan":"Reject","Final_result":"Reject","errorMessage":"","status":"Done"}

2022-11-25 09:10:51 - [MESSAGE][INFO] - {"result_konsumen":"Approve","result_pasangan":"Reject","Final_result":"Reject","errorMessage":"","status":"Done"}

2022-11-25 09:10:51 - [TEST_STEP][PASSED] - verifyElementPropertyValue(scoring, "Final_result", final_result): Verify element property value successfully

2022-11-25 09:10:51 - [MESSAGE][PASSED] - Verify element property value successfully]]></system-out>
         <system-err><![CDATA[]]></system-err>
      </testcase>
      <testcase name="Test Cases/Engine_Scoring/Engine Scoring" time="6.743" classname="Test Cases/Engine_Scoring/Engine Scoring" status="PASSED">
         <system-out><![CDATA[2022-11-25 09:10:51 - [TEST_CASE][PASSED] - Test Cases/Engine_Scoring/Engine Scoring: Test Cases/Engine_Scoring/Engine Scoring

2022-11-25 09:10:52 - [TEST_STEP][PASSED] - markPassed("Variasi data ke : " + no): Variasi data ke : 77

2022-11-25 09:10:52 - [MESSAGE][PASSED] - Variasi data ke : 77

2022-11-25 09:10:52 - [TEST_STEP][PASSED] - req_data = sendRequest(findTestObject("Search_ME", ["MID":MID, "source":source, "ip":ip, "userid":userid, "branch":branch, "tipekons":tipekons, "marital":marital, "penjamin":penjamin, ... ])): Send request successfully

2022-11-25 09:10:52 - [MESSAGE][INFO] - HAR: D:\DMS\Engine Scoring\Reports\20221125_090152\Exclude KKB - DS - Married\Scoring Married - KKB\20221125_090152\requests\main\152.har

2022-11-25 09:10:52 - [MESSAGE][PASSED] - Send request successfully

2022-11-25 09:10:52 - [TEST_STEP][PASSED] - slurper = new groovy.json.JsonSlurper(): null

2022-11-25 09:10:52 - [TEST_STEP][PASSED] - result = slurper.parseText(req_data.getResponseBodyContent()): null

2022-11-25 09:10:52 - [TEST_STEP][PASSED] - reqid_kons = requestid1: null

2022-11-25 09:10:52 - [TEST_STEP][PASSED] - reqid_spouse = requestid2: null

2022-11-25 09:10:52 - [TEST_STEP][PASSED] - println("requestid kons : " + reqid_kons): null

2022-11-25 09:10:52 - [TEST_STEP][PASSED] - response_searchME_kons = reqid_kons: null

2022-11-25 09:10:52 - [TEST_STEP][PASSED] - response_searchME_spouse = reqid_spouse: null

2022-11-25 09:10:52 - [TEST_STEP][PASSED] - println("kons req id is :" + response_searchME_kons): null

2022-11-25 09:10:52 - [TEST_STEP][PASSED] - println("spouse req id is : " + response_searchME_spouse): null

2022-11-25 09:10:52 - [TEST_STEP][PASSED] - verifyResponseStatusCode(req_data, 200): Verify response status code successfully

2022-11-25 09:10:52 - [MESSAGE][PASSED] - Verify response status code successfully

2022-11-25 09:10:52 - [TEST_STEP][PASSED] - response = req_data.getResponseText(): null

2022-11-25 09:10:52 - [TEST_STEP][PASSED] - logInfo($response): {"status":"Done","data":{"requestid1":"254752","requestid2":"254753"}}

2022-11-25 09:10:52 - [MESSAGE][INFO] - {"status":"Done","data":{"requestid1":"254752","requestid2":"254753"}}

2022-11-25 09:10:52 - [TEST_STEP][PASSED] - delay(5): Delayed 5 second(s)

2022-11-25 09:10:57 - [MESSAGE][PASSED] - Delayed 5 second(s)

2022-11-25 09:10:57 - [TEST_STEP][PASSED] - scoring = sendRequest(findTestObject("EngineScore", ["response_searchME_kons":response_searchME_kons, "response_searchME_spouse":response_searchME_spouse])): Send request successfully

2022-11-25 09:10:57 - [MESSAGE][INFO] - HAR: D:\DMS\Engine Scoring\Reports\20221125_090152\Exclude KKB - DS - Married\Scoring Married - KKB\20221125_090152\requests\main\153.har

2022-11-25 09:10:57 - [MESSAGE][PASSED] - Send request successfully

2022-11-25 09:10:57 - [TEST_STEP][PASSED] - verifyResponseStatusCode(scoring, 200): Verify response status code successfully

2022-11-25 09:10:57 - [MESSAGE][PASSED] - Verify response status code successfully

2022-11-25 09:10:57 - [TEST_STEP][PASSED] - response2 = scoring.getResponseText(): null

2022-11-25 09:10:57 - [TEST_STEP][PASSED] - markPassed("result service data ke : " + no): result service data ke : 77

2022-11-25 09:10:57 - [MESSAGE][PASSED] - result service data ke : 77

2022-11-25 09:10:57 - [TEST_STEP][PASSED] - logInfo($response2): {"result_konsumen":"Approve","result_pasangan":"Reject","Final_result":"Reject","errorMessage":"","status":"Done"}

2022-11-25 09:10:57 - [MESSAGE][INFO] - {"result_konsumen":"Approve","result_pasangan":"Reject","Final_result":"Reject","errorMessage":"","status":"Done"}

2022-11-25 09:10:57 - [TEST_STEP][PASSED] - verifyElementPropertyValue(scoring, "Final_result", final_result): Verify element property value successfully

2022-11-25 09:10:57 - [MESSAGE][PASSED] - Verify element property value successfully]]></system-out>
         <system-err><![CDATA[]]></system-err>
      </testcase>
      <testcase name="Test Cases/Engine_Scoring/Engine Scoring" time="6.768" classname="Test Cases/Engine_Scoring/Engine Scoring" status="PASSED">
         <system-out><![CDATA[2022-11-25 09:10:58 - [TEST_CASE][PASSED] - Test Cases/Engine_Scoring/Engine Scoring: Test Cases/Engine_Scoring/Engine Scoring

2022-11-25 09:10:58 - [TEST_STEP][PASSED] - markPassed("Variasi data ke : " + no): Variasi data ke : 78

2022-11-25 09:10:58 - [MESSAGE][PASSED] - Variasi data ke : 78

2022-11-25 09:10:58 - [TEST_STEP][PASSED] - req_data = sendRequest(findTestObject("Search_ME", ["MID":MID, "source":source, "ip":ip, "userid":userid, "branch":branch, "tipekons":tipekons, "marital":marital, "penjamin":penjamin, ... ])): Send request successfully

2022-11-25 09:10:59 - [MESSAGE][INFO] - HAR: D:\DMS\Engine Scoring\Reports\20221125_090152\Exclude KKB - DS - Married\Scoring Married - KKB\20221125_090152\requests\main\154.har

2022-11-25 09:10:59 - [MESSAGE][PASSED] - Send request successfully

2022-11-25 09:10:59 - [TEST_STEP][PASSED] - slurper = new groovy.json.JsonSlurper(): null

2022-11-25 09:10:59 - [TEST_STEP][PASSED] - result = slurper.parseText(req_data.getResponseBodyContent()): null

2022-11-25 09:10:59 - [TEST_STEP][PASSED] - reqid_kons = requestid1: null

2022-11-25 09:10:59 - [TEST_STEP][PASSED] - reqid_spouse = requestid2: null

2022-11-25 09:10:59 - [TEST_STEP][PASSED] - println("requestid kons : " + reqid_kons): null

2022-11-25 09:10:59 - [TEST_STEP][PASSED] - response_searchME_kons = reqid_kons: null

2022-11-25 09:10:59 - [TEST_STEP][PASSED] - response_searchME_spouse = reqid_spouse: null

2022-11-25 09:10:59 - [TEST_STEP][PASSED] - println("kons req id is :" + response_searchME_kons): null

2022-11-25 09:10:59 - [TEST_STEP][PASSED] - println("spouse req id is : " + response_searchME_spouse): null

2022-11-25 09:10:59 - [TEST_STEP][PASSED] - verifyResponseStatusCode(req_data, 200): Verify response status code successfully

2022-11-25 09:10:59 - [MESSAGE][PASSED] - Verify response status code successfully

2022-11-25 09:10:59 - [TEST_STEP][PASSED] - response = req_data.getResponseText(): null

2022-11-25 09:10:59 - [TEST_STEP][PASSED] - logInfo($response): {"status":"Done","data":{"requestid1":"254754","requestid2":"254755"}}

2022-11-25 09:10:59 - [MESSAGE][INFO] - {"status":"Done","data":{"requestid1":"254754","requestid2":"254755"}}

2022-11-25 09:10:59 - [TEST_STEP][PASSED] - delay(5): Delayed 5 second(s)

2022-11-25 09:11:04 - [MESSAGE][PASSED] - Delayed 5 second(s)

2022-11-25 09:11:04 - [TEST_STEP][PASSED] - scoring = sendRequest(findTestObject("EngineScore", ["response_searchME_kons":response_searchME_kons, "response_searchME_spouse":response_searchME_spouse])): Send request successfully

2022-11-25 09:11:04 - [MESSAGE][INFO] - HAR: D:\DMS\Engine Scoring\Reports\20221125_090152\Exclude KKB - DS - Married\Scoring Married - KKB\20221125_090152\requests\main\155.har

2022-11-25 09:11:04 - [MESSAGE][PASSED] - Send request successfully

2022-11-25 09:11:04 - [TEST_STEP][PASSED] - verifyResponseStatusCode(scoring, 200): Verify response status code successfully

2022-11-25 09:11:04 - [MESSAGE][PASSED] - Verify response status code successfully

2022-11-25 09:11:04 - [TEST_STEP][PASSED] - response2 = scoring.getResponseText(): null

2022-11-25 09:11:04 - [TEST_STEP][PASSED] - markPassed("result service data ke : " + no): result service data ke : 78

2022-11-25 09:11:04 - [MESSAGE][PASSED] - result service data ke : 78

2022-11-25 09:11:04 - [TEST_STEP][PASSED] - logInfo($response2): {"result_konsumen":"Approve","result_pasangan":"Reject","Final_result":"Reject","errorMessage":"","status":"Done"}

2022-11-25 09:11:04 - [MESSAGE][INFO] - {"result_konsumen":"Approve","result_pasangan":"Reject","Final_result":"Reject","errorMessage":"","status":"Done"}

2022-11-25 09:11:04 - [TEST_STEP][PASSED] - verifyElementPropertyValue(scoring, "Final_result", final_result): Verify element property value successfully

2022-11-25 09:11:04 - [MESSAGE][PASSED] - Verify element property value successfully]]></system-out>
         <system-err><![CDATA[]]></system-err>
      </testcase>
      <testcase name="Test Cases/Engine_Scoring/Engine Scoring" time="6.806" classname="Test Cases/Engine_Scoring/Engine Scoring" status="PASSED">
         <system-out><![CDATA[2022-11-25 09:11:04 - [TEST_CASE][PASSED] - Test Cases/Engine_Scoring/Engine Scoring: Test Cases/Engine_Scoring/Engine Scoring

2022-11-25 09:11:05 - [TEST_STEP][PASSED] - markPassed("Variasi data ke : " + no): Variasi data ke : 79

2022-11-25 09:11:05 - [MESSAGE][PASSED] - Variasi data ke : 79

2022-11-25 09:11:05 - [TEST_STEP][PASSED] - req_data = sendRequest(findTestObject("Search_ME", ["MID":MID, "source":source, "ip":ip, "userid":userid, "branch":branch, "tipekons":tipekons, "marital":marital, "penjamin":penjamin, ... ])): Send request successfully

2022-11-25 09:11:06 - [MESSAGE][INFO] - HAR: D:\DMS\Engine Scoring\Reports\20221125_090152\Exclude KKB - DS - Married\Scoring Married - KKB\20221125_090152\requests\main\156.har

2022-11-25 09:11:06 - [MESSAGE][PASSED] - Send request successfully

2022-11-25 09:11:06 - [TEST_STEP][PASSED] - slurper = new groovy.json.JsonSlurper(): null

2022-11-25 09:11:06 - [TEST_STEP][PASSED] - result = slurper.parseText(req_data.getResponseBodyContent()): null

2022-11-25 09:11:06 - [TEST_STEP][PASSED] - reqid_kons = requestid1: null

2022-11-25 09:11:06 - [TEST_STEP][PASSED] - reqid_spouse = requestid2: null

2022-11-25 09:11:06 - [TEST_STEP][PASSED] - println("requestid kons : " + reqid_kons): null

2022-11-25 09:11:06 - [TEST_STEP][PASSED] - response_searchME_kons = reqid_kons: null

2022-11-25 09:11:06 - [TEST_STEP][PASSED] - response_searchME_spouse = reqid_spouse: null

2022-11-25 09:11:06 - [TEST_STEP][PASSED] - println("kons req id is :" + response_searchME_kons): null

2022-11-25 09:11:06 - [TEST_STEP][PASSED] - println("spouse req id is : " + response_searchME_spouse): null

2022-11-25 09:11:06 - [TEST_STEP][PASSED] - verifyResponseStatusCode(req_data, 200): Verify response status code successfully

2022-11-25 09:11:06 - [MESSAGE][PASSED] - Verify response status code successfully

2022-11-25 09:11:06 - [TEST_STEP][PASSED] - response = req_data.getResponseText(): null

2022-11-25 09:11:06 - [TEST_STEP][PASSED] - logInfo($response): {"status":"Done","data":{"requestid1":"254756","requestid2":"254757"}}

2022-11-25 09:11:06 - [MESSAGE][INFO] - {"status":"Done","data":{"requestid1":"254756","requestid2":"254757"}}

2022-11-25 09:11:06 - [TEST_STEP][PASSED] - delay(5): Delayed 5 second(s)

2022-11-25 09:11:11 - [MESSAGE][PASSED] - Delayed 5 second(s)

2022-11-25 09:11:11 - [TEST_STEP][PASSED] - scoring = sendRequest(findTestObject("EngineScore", ["response_searchME_kons":response_searchME_kons, "response_searchME_spouse":response_searchME_spouse])): Send request successfully

2022-11-25 09:11:11 - [MESSAGE][INFO] - HAR: D:\DMS\Engine Scoring\Reports\20221125_090152\Exclude KKB - DS - Married\Scoring Married - KKB\20221125_090152\requests\main\157.har

2022-11-25 09:11:11 - [MESSAGE][PASSED] - Send request successfully

2022-11-25 09:11:11 - [TEST_STEP][PASSED] - verifyResponseStatusCode(scoring, 200): Verify response status code successfully

2022-11-25 09:11:11 - [MESSAGE][PASSED] - Verify response status code successfully

2022-11-25 09:11:11 - [TEST_STEP][PASSED] - response2 = scoring.getResponseText(): null

2022-11-25 09:11:11 - [TEST_STEP][PASSED] - markPassed("result service data ke : " + no): result service data ke : 79

2022-11-25 09:11:11 - [MESSAGE][PASSED] - result service data ke : 79

2022-11-25 09:11:11 - [TEST_STEP][PASSED] - logInfo($response2): {"result_konsumen":"Approve","result_pasangan":"Reject","Final_result":"Reject","errorMessage":"","status":"Done"}

2022-11-25 09:11:11 - [MESSAGE][INFO] - {"result_konsumen":"Approve","result_pasangan":"Reject","Final_result":"Reject","errorMessage":"","status":"Done"}

2022-11-25 09:11:11 - [TEST_STEP][PASSED] - verifyElementPropertyValue(scoring, "Final_result", final_result): Verify element property value successfully

2022-11-25 09:11:11 - [MESSAGE][PASSED] - Verify element property value successfully]]></system-out>
         <system-err><![CDATA[]]></system-err>
      </testcase>
      <testcase name="Test Cases/Engine_Scoring/Engine Scoring" time="6.888" classname="Test Cases/Engine_Scoring/Engine Scoring" status="PASSED">
         <system-out><![CDATA[2022-11-25 09:11:11 - [TEST_CASE][PASSED] - Test Cases/Engine_Scoring/Engine Scoring: Test Cases/Engine_Scoring/Engine Scoring

2022-11-25 09:11:12 - [TEST_STEP][PASSED] - markPassed("Variasi data ke : " + no): Variasi data ke : 80

2022-11-25 09:11:12 - [MESSAGE][PASSED] - Variasi data ke : 80

2022-11-25 09:11:12 - [TEST_STEP][PASSED] - req_data = sendRequest(findTestObject("Search_ME", ["MID":MID, "source":source, "ip":ip, "userid":userid, "branch":branch, "tipekons":tipekons, "marital":marital, "penjamin":penjamin, ... ])): Send request successfully

2022-11-25 09:11:13 - [MESSAGE][INFO] - HAR: D:\DMS\Engine Scoring\Reports\20221125_090152\Exclude KKB - DS - Married\Scoring Married - KKB\20221125_090152\requests\main\158.har

2022-11-25 09:11:13 - [MESSAGE][PASSED] - Send request successfully

2022-11-25 09:11:13 - [TEST_STEP][PASSED] - slurper = new groovy.json.JsonSlurper(): null

2022-11-25 09:11:13 - [TEST_STEP][PASSED] - result = slurper.parseText(req_data.getResponseBodyContent()): null

2022-11-25 09:11:13 - [TEST_STEP][PASSED] - reqid_kons = requestid1: null

2022-11-25 09:11:13 - [TEST_STEP][PASSED] - reqid_spouse = requestid2: null

2022-11-25 09:11:13 - [TEST_STEP][PASSED] - println("requestid kons : " + reqid_kons): null

2022-11-25 09:11:13 - [TEST_STEP][PASSED] - response_searchME_kons = reqid_kons: null

2022-11-25 09:11:13 - [TEST_STEP][PASSED] - response_searchME_spouse = reqid_spouse: null

2022-11-25 09:11:13 - [TEST_STEP][PASSED] - println("kons req id is :" + response_searchME_kons): null

2022-11-25 09:11:13 - [TEST_STEP][PASSED] - println("spouse req id is : " + response_searchME_spouse): null

2022-11-25 09:11:13 - [TEST_STEP][PASSED] - verifyResponseStatusCode(req_data, 200): Verify response status code successfully

2022-11-25 09:11:13 - [MESSAGE][PASSED] - Verify response status code successfully

2022-11-25 09:11:13 - [TEST_STEP][PASSED] - response = req_data.getResponseText(): null

2022-11-25 09:11:13 - [TEST_STEP][PASSED] - logInfo($response): {"status":"Done","data":{"requestid1":"254758","requestid2":"254759"}}

2022-11-25 09:11:13 - [MESSAGE][INFO] - {"status":"Done","data":{"requestid1":"254758","requestid2":"254759"}}

2022-11-25 09:11:13 - [TEST_STEP][PASSED] - delay(5): Delayed 5 second(s)

2022-11-25 09:11:18 - [MESSAGE][PASSED] - Delayed 5 second(s)

2022-11-25 09:11:18 - [TEST_STEP][PASSED] - scoring = sendRequest(findTestObject("EngineScore", ["response_searchME_kons":response_searchME_kons, "response_searchME_spouse":response_searchME_spouse])): Send request successfully

2022-11-25 09:11:18 - [MESSAGE][INFO] - HAR: D:\DMS\Engine Scoring\Reports\20221125_090152\Exclude KKB - DS - Married\Scoring Married - KKB\20221125_090152\requests\main\159.har

2022-11-25 09:11:18 - [MESSAGE][PASSED] - Send request successfully

2022-11-25 09:11:18 - [TEST_STEP][PASSED] - verifyResponseStatusCode(scoring, 200): Verify response status code successfully

2022-11-25 09:11:18 - [MESSAGE][PASSED] - Verify response status code successfully

2022-11-25 09:11:18 - [TEST_STEP][PASSED] - response2 = scoring.getResponseText(): null

2022-11-25 09:11:18 - [TEST_STEP][PASSED] - markPassed("result service data ke : " + no): result service data ke : 80

2022-11-25 09:11:18 - [MESSAGE][PASSED] - result service data ke : 80

2022-11-25 09:11:18 - [TEST_STEP][PASSED] - logInfo($response2): {"result_konsumen":"Approve","result_pasangan":"Reject","Final_result":"Reject","errorMessage":"","status":"Done"}

2022-11-25 09:11:18 - [MESSAGE][INFO] - {"result_konsumen":"Approve","result_pasangan":"Reject","Final_result":"Reject","errorMessage":"","status":"Done"}

2022-11-25 09:11:18 - [TEST_STEP][PASSED] - verifyElementPropertyValue(scoring, "Final_result", final_result): Verify element property value successfully

2022-11-25 09:11:18 - [MESSAGE][PASSED] - Verify element property value successfully]]></system-out>
         <system-err><![CDATA[]]></system-err>
      </testcase>
      <testcase name="Test Cases/Engine_Scoring/Engine Scoring" time="6.818" classname="Test Cases/Engine_Scoring/Engine Scoring" status="PASSED">
         <system-out><![CDATA[2022-11-25 09:11:18 - [TEST_CASE][PASSED] - Test Cases/Engine_Scoring/Engine Scoring: Test Cases/Engine_Scoring/Engine Scoring

2022-11-25 09:11:19 - [TEST_STEP][PASSED] - markPassed("Variasi data ke : " + no): Variasi data ke : 81

2022-11-25 09:11:19 - [MESSAGE][PASSED] - Variasi data ke : 81

2022-11-25 09:11:19 - [TEST_STEP][PASSED] - req_data = sendRequest(findTestObject("Search_ME", ["MID":MID, "source":source, "ip":ip, "userid":userid, "branch":branch, "tipekons":tipekons, "marital":marital, "penjamin":penjamin, ... ])): Send request successfully

2022-11-25 09:11:20 - [MESSAGE][INFO] - HAR: D:\DMS\Engine Scoring\Reports\20221125_090152\Exclude KKB - DS - Married\Scoring Married - KKB\20221125_090152\requests\main\160.har

2022-11-25 09:11:20 - [MESSAGE][PASSED] - Send request successfully

2022-11-25 09:11:20 - [TEST_STEP][PASSED] - slurper = new groovy.json.JsonSlurper(): null

2022-11-25 09:11:20 - [TEST_STEP][PASSED] - result = slurper.parseText(req_data.getResponseBodyContent()): null

2022-11-25 09:11:20 - [TEST_STEP][PASSED] - reqid_kons = requestid1: null

2022-11-25 09:11:20 - [TEST_STEP][PASSED] - reqid_spouse = requestid2: null

2022-11-25 09:11:20 - [TEST_STEP][PASSED] - println("requestid kons : " + reqid_kons): null

2022-11-25 09:11:20 - [TEST_STEP][PASSED] - response_searchME_kons = reqid_kons: null

2022-11-25 09:11:20 - [TEST_STEP][PASSED] - response_searchME_spouse = reqid_spouse: null

2022-11-25 09:11:20 - [TEST_STEP][PASSED] - println("kons req id is :" + response_searchME_kons): null

2022-11-25 09:11:20 - [TEST_STEP][PASSED] - println("spouse req id is : " + response_searchME_spouse): null

2022-11-25 09:11:20 - [TEST_STEP][PASSED] - verifyResponseStatusCode(req_data, 200): Verify response status code successfully

2022-11-25 09:11:20 - [MESSAGE][PASSED] - Verify response status code successfully

2022-11-25 09:11:20 - [TEST_STEP][PASSED] - response = req_data.getResponseText(): null

2022-11-25 09:11:20 - [TEST_STEP][PASSED] - logInfo($response): {"status":"Done","data":{"requestid1":"254760","requestid2":"254761"}}

2022-11-25 09:11:20 - [MESSAGE][INFO] - {"status":"Done","data":{"requestid1":"254760","requestid2":"254761"}}

2022-11-25 09:11:20 - [TEST_STEP][PASSED] - delay(5): Delayed 5 second(s)

2022-11-25 09:11:25 - [MESSAGE][PASSED] - Delayed 5 second(s)

2022-11-25 09:11:25 - [TEST_STEP][PASSED] - scoring = sendRequest(findTestObject("EngineScore", ["response_searchME_kons":response_searchME_kons, "response_searchME_spouse":response_searchME_spouse])): Send request successfully

2022-11-25 09:11:25 - [MESSAGE][INFO] - HAR: D:\DMS\Engine Scoring\Reports\20221125_090152\Exclude KKB - DS - Married\Scoring Married - KKB\20221125_090152\requests\main\161.har

2022-11-25 09:11:25 - [MESSAGE][PASSED] - Send request successfully

2022-11-25 09:11:25 - [TEST_STEP][PASSED] - verifyResponseStatusCode(scoring, 200): Verify response status code successfully

2022-11-25 09:11:25 - [MESSAGE][PASSED] - Verify response status code successfully

2022-11-25 09:11:25 - [TEST_STEP][PASSED] - response2 = scoring.getResponseText(): null

2022-11-25 09:11:25 - [TEST_STEP][PASSED] - markPassed("result service data ke : " + no): result service data ke : 81

2022-11-25 09:11:25 - [MESSAGE][PASSED] - result service data ke : 81

2022-11-25 09:11:25 - [TEST_STEP][PASSED] - logInfo($response2): {"result_konsumen":"Approve","result_pasangan":"Reject","Final_result":"Reject","errorMessage":"","status":"Done"}

2022-11-25 09:11:25 - [MESSAGE][INFO] - {"result_konsumen":"Approve","result_pasangan":"Reject","Final_result":"Reject","errorMessage":"","status":"Done"}

2022-11-25 09:11:25 - [TEST_STEP][PASSED] - verifyElementPropertyValue(scoring, "Final_result", final_result): Verify element property value successfully

2022-11-25 09:11:25 - [MESSAGE][PASSED] - Verify element property value successfully]]></system-out>
         <system-err><![CDATA[]]></system-err>
      </testcase>
      <testcase name="Test Cases/Engine_Scoring/Engine Scoring" time="6.83" classname="Test Cases/Engine_Scoring/Engine Scoring" status="PASSED">
         <system-out><![CDATA[2022-11-25 09:11:25 - [TEST_CASE][PASSED] - Test Cases/Engine_Scoring/Engine Scoring: Test Cases/Engine_Scoring/Engine Scoring

2022-11-25 09:11:26 - [TEST_STEP][PASSED] - markPassed("Variasi data ke : " + no): Variasi data ke : 82

2022-11-25 09:11:26 - [MESSAGE][PASSED] - Variasi data ke : 82

2022-11-25 09:11:26 - [TEST_STEP][PASSED] - req_data = sendRequest(findTestObject("Search_ME", ["MID":MID, "source":source, "ip":ip, "userid":userid, "branch":branch, "tipekons":tipekons, "marital":marital, "penjamin":penjamin, ... ])): Send request successfully

2022-11-25 09:11:27 - [MESSAGE][INFO] - HAR: D:\DMS\Engine Scoring\Reports\20221125_090152\Exclude KKB - DS - Married\Scoring Married - KKB\20221125_090152\requests\main\162.har

2022-11-25 09:11:27 - [MESSAGE][PASSED] - Send request successfully

2022-11-25 09:11:27 - [TEST_STEP][PASSED] - slurper = new groovy.json.JsonSlurper(): null

2022-11-25 09:11:27 - [TEST_STEP][PASSED] - result = slurper.parseText(req_data.getResponseBodyContent()): null

2022-11-25 09:11:27 - [TEST_STEP][PASSED] - reqid_kons = requestid1: null

2022-11-25 09:11:27 - [TEST_STEP][PASSED] - reqid_spouse = requestid2: null

2022-11-25 09:11:27 - [TEST_STEP][PASSED] - println("requestid kons : " + reqid_kons): null

2022-11-25 09:11:27 - [TEST_STEP][PASSED] - response_searchME_kons = reqid_kons: null

2022-11-25 09:11:27 - [TEST_STEP][PASSED] - response_searchME_spouse = reqid_spouse: null

2022-11-25 09:11:27 - [TEST_STEP][PASSED] - println("kons req id is :" + response_searchME_kons): null

2022-11-25 09:11:27 - [TEST_STEP][PASSED] - println("spouse req id is : " + response_searchME_spouse): null

2022-11-25 09:11:27 - [TEST_STEP][PASSED] - verifyResponseStatusCode(req_data, 200): Verify response status code successfully

2022-11-25 09:11:27 - [MESSAGE][PASSED] - Verify response status code successfully

2022-11-25 09:11:27 - [TEST_STEP][PASSED] - response = req_data.getResponseText(): null

2022-11-25 09:11:27 - [TEST_STEP][PASSED] - logInfo($response): {"status":"Done","data":{"requestid1":"254762","requestid2":"254763"}}

2022-11-25 09:11:27 - [MESSAGE][INFO] - {"status":"Done","data":{"requestid1":"254762","requestid2":"254763"}}

2022-11-25 09:11:27 - [TEST_STEP][PASSED] - delay(5): Delayed 5 second(s)

2022-11-25 09:11:32 - [MESSAGE][PASSED] - Delayed 5 second(s)

2022-11-25 09:11:32 - [TEST_STEP][PASSED] - scoring = sendRequest(findTestObject("EngineScore", ["response_searchME_kons":response_searchME_kons, "response_searchME_spouse":response_searchME_spouse])): Send request successfully

2022-11-25 09:11:32 - [MESSAGE][INFO] - HAR: D:\DMS\Engine Scoring\Reports\20221125_090152\Exclude KKB - DS - Married\Scoring Married - KKB\20221125_090152\requests\main\163.har

2022-11-25 09:11:32 - [MESSAGE][PASSED] - Send request successfully

2022-11-25 09:11:32 - [TEST_STEP][PASSED] - verifyResponseStatusCode(scoring, 200): Verify response status code successfully

2022-11-25 09:11:32 - [MESSAGE][PASSED] - Verify response status code successfully

2022-11-25 09:11:32 - [TEST_STEP][PASSED] - response2 = scoring.getResponseText(): null

2022-11-25 09:11:32 - [TEST_STEP][PASSED] - markPassed("result service data ke : " + no): result service data ke : 82

2022-11-25 09:11:32 - [MESSAGE][PASSED] - result service data ke : 82

2022-11-25 09:11:32 - [TEST_STEP][PASSED] - logInfo($response2): {"result_konsumen":"Reject","result_pasangan":"Reguler","Final_result":"Reject","errorMessage":"","status":"Done"}

2022-11-25 09:11:32 - [MESSAGE][INFO] - {"result_konsumen":"Reject","result_pasangan":"Reguler","Final_result":"Reject","errorMessage":"","status":"Done"}

2022-11-25 09:11:32 - [TEST_STEP][PASSED] - verifyElementPropertyValue(scoring, "Final_result", final_result): Verify element property value successfully

2022-11-25 09:11:32 - [MESSAGE][PASSED] - Verify element property value successfully]]></system-out>
         <system-err><![CDATA[]]></system-err>
      </testcase>
      <testcase name="Test Cases/Engine_Scoring/Engine Scoring" time="9.196" classname="Test Cases/Engine_Scoring/Engine Scoring" status="PASSED">
         <system-out><![CDATA[2022-11-25 09:11:32 - [TEST_CASE][PASSED] - Test Cases/Engine_Scoring/Engine Scoring: Test Cases/Engine_Scoring/Engine Scoring

2022-11-25 09:11:33 - [TEST_STEP][PASSED] - markPassed("Variasi data ke : " + no): Variasi data ke : 83

2022-11-25 09:11:33 - [MESSAGE][PASSED] - Variasi data ke : 83

2022-11-25 09:11:33 - [TEST_STEP][PASSED] - req_data = sendRequest(findTestObject("Search_ME", ["MID":MID, "source":source, "ip":ip, "userid":userid, "branch":branch, "tipekons":tipekons, "marital":marital, "penjamin":penjamin, ... ])): Send request successfully

2022-11-25 09:11:34 - [MESSAGE][INFO] - HAR: D:\DMS\Engine Scoring\Reports\20221125_090152\Exclude KKB - DS - Married\Scoring Married - KKB\20221125_090152\requests\main\164.har

2022-11-25 09:11:34 - [MESSAGE][PASSED] - Send request successfully

2022-11-25 09:11:34 - [TEST_STEP][PASSED] - slurper = new groovy.json.JsonSlurper(): null

2022-11-25 09:11:34 - [TEST_STEP][PASSED] - result = slurper.parseText(req_data.getResponseBodyContent()): null

2022-11-25 09:11:34 - [TEST_STEP][PASSED] - reqid_kons = requestid1: null

2022-11-25 09:11:34 - [TEST_STEP][PASSED] - reqid_spouse = requestid2: null

2022-11-25 09:11:34 - [TEST_STEP][PASSED] - println("requestid kons : " + reqid_kons): null

2022-11-25 09:11:34 - [TEST_STEP][PASSED] - response_searchME_kons = reqid_kons: null

2022-11-25 09:11:34 - [TEST_STEP][PASSED] - response_searchME_spouse = reqid_spouse: null

2022-11-25 09:11:34 - [TEST_STEP][PASSED] - println("kons req id is :" + response_searchME_kons): null

2022-11-25 09:11:34 - [TEST_STEP][PASSED] - println("spouse req id is : " + response_searchME_spouse): null

2022-11-25 09:11:34 - [TEST_STEP][PASSED] - verifyResponseStatusCode(req_data, 200): Verify response status code successfully

2022-11-25 09:11:34 - [MESSAGE][PASSED] - Verify response status code successfully

2022-11-25 09:11:34 - [TEST_STEP][PASSED] - response = req_data.getResponseText(): null

2022-11-25 09:11:34 - [TEST_STEP][PASSED] - logInfo($response): {"status":"Done","data":{"requestid1":"254764","requestid2":"254765"}}

2022-11-25 09:11:34 - [MESSAGE][INFO] - {"status":"Done","data":{"requestid1":"254764","requestid2":"254765"}}

2022-11-25 09:11:34 - [TEST_STEP][PASSED] - delay(5): Delayed 5 second(s)

2022-11-25 09:11:39 - [MESSAGE][PASSED] - Delayed 5 second(s)

2022-11-25 09:11:39 - [TEST_STEP][PASSED] - scoring = sendRequest(findTestObject("EngineScore", ["response_searchME_kons":response_searchME_kons, "response_searchME_spouse":response_searchME_spouse])): Send request successfully

2022-11-25 09:11:41 - [MESSAGE][INFO] - HAR: D:\DMS\Engine Scoring\Reports\20221125_090152\Exclude KKB - DS - Married\Scoring Married - KKB\20221125_090152\requests\main\165.har

2022-11-25 09:11:41 - [MESSAGE][PASSED] - Send request successfully

2022-11-25 09:11:41 - [TEST_STEP][PASSED] - verifyResponseStatusCode(scoring, 200): Verify response status code successfully

2022-11-25 09:11:41 - [MESSAGE][PASSED] - Verify response status code successfully

2022-11-25 09:11:41 - [TEST_STEP][PASSED] - response2 = scoring.getResponseText(): null

2022-11-25 09:11:41 - [TEST_STEP][PASSED] - markPassed("result service data ke : " + no): result service data ke : 83

2022-11-25 09:11:41 - [MESSAGE][PASSED] - result service data ke : 83

2022-11-25 09:11:41 - [TEST_STEP][PASSED] - logInfo($response2): {"result_konsumen":"Reject","result_pasangan":"Reguler","Final_result":"Reject","errorMessage":"","status":"Done"}

2022-11-25 09:11:41 - [MESSAGE][INFO] - {"result_konsumen":"Reject","result_pasangan":"Reguler","Final_result":"Reject","errorMessage":"","status":"Done"}

2022-11-25 09:11:41 - [TEST_STEP][PASSED] - verifyElementPropertyValue(scoring, "Final_result", final_result): Verify element property value successfully

2022-11-25 09:11:41 - [MESSAGE][PASSED] - Verify element property value successfully]]></system-out>
         <system-err><![CDATA[]]></system-err>
      </testcase>
      <testcase name="Test Cases/Engine_Scoring/Engine Scoring" time="10.162" classname="Test Cases/Engine_Scoring/Engine Scoring" status="PASSED">
         <system-out><![CDATA[2022-11-25 09:11:41 - [TEST_CASE][PASSED] - Test Cases/Engine_Scoring/Engine Scoring: Test Cases/Engine_Scoring/Engine Scoring

2022-11-25 09:11:42 - [TEST_STEP][PASSED] - markPassed("Variasi data ke : " + no): Variasi data ke : 84

2022-11-25 09:11:42 - [MESSAGE][PASSED] - Variasi data ke : 84

2022-11-25 09:11:42 - [TEST_STEP][PASSED] - req_data = sendRequest(findTestObject("Search_ME", ["MID":MID, "source":source, "ip":ip, "userid":userid, "branch":branch, "tipekons":tipekons, "marital":marital, "penjamin":penjamin, ... ])): Send request successfully

2022-11-25 09:11:45 - [MESSAGE][INFO] - HAR: D:\DMS\Engine Scoring\Reports\20221125_090152\Exclude KKB - DS - Married\Scoring Married - KKB\20221125_090152\requests\main\166.har

2022-11-25 09:11:45 - [MESSAGE][PASSED] - Send request successfully

2022-11-25 09:11:45 - [TEST_STEP][PASSED] - slurper = new groovy.json.JsonSlurper(): null

2022-11-25 09:11:45 - [TEST_STEP][PASSED] - result = slurper.parseText(req_data.getResponseBodyContent()): null

2022-11-25 09:11:45 - [TEST_STEP][PASSED] - reqid_kons = requestid1: null

2022-11-25 09:11:45 - [TEST_STEP][PASSED] - reqid_spouse = requestid2: null

2022-11-25 09:11:45 - [TEST_STEP][PASSED] - println("requestid kons : " + reqid_kons): null

2022-11-25 09:11:45 - [TEST_STEP][PASSED] - response_searchME_kons = reqid_kons: null

2022-11-25 09:11:45 - [TEST_STEP][PASSED] - response_searchME_spouse = reqid_spouse: null

2022-11-25 09:11:45 - [TEST_STEP][PASSED] - println("kons req id is :" + response_searchME_kons): null

2022-11-25 09:11:45 - [TEST_STEP][PASSED] - println("spouse req id is : " + response_searchME_spouse): null

2022-11-25 09:11:45 - [TEST_STEP][PASSED] - verifyResponseStatusCode(req_data, 200): Verify response status code successfully

2022-11-25 09:11:45 - [MESSAGE][PASSED] - Verify response status code successfully

2022-11-25 09:11:45 - [TEST_STEP][PASSED] - response = req_data.getResponseText(): null

2022-11-25 09:11:45 - [TEST_STEP][PASSED] - logInfo($response): {"status":"Done","data":{"requestid1":"254766","requestid2":"254767"}}

2022-11-25 09:11:45 - [MESSAGE][INFO] - {"status":"Done","data":{"requestid1":"254766","requestid2":"254767"}}

2022-11-25 09:11:45 - [TEST_STEP][PASSED] - delay(5): Delayed 5 second(s)

2022-11-25 09:11:50 - [MESSAGE][PASSED] - Delayed 5 second(s)

2022-11-25 09:11:50 - [TEST_STEP][PASSED] - scoring = sendRequest(findTestObject("EngineScore", ["response_searchME_kons":response_searchME_kons, "response_searchME_spouse":response_searchME_spouse])): Send request successfully

2022-11-25 09:11:51 - [MESSAGE][INFO] - HAR: D:\DMS\Engine Scoring\Reports\20221125_090152\Exclude KKB - DS - Married\Scoring Married - KKB\20221125_090152\requests\main\167.har

2022-11-25 09:11:51 - [MESSAGE][PASSED] - Send request successfully

2022-11-25 09:11:51 - [TEST_STEP][PASSED] - verifyResponseStatusCode(scoring, 200): Verify response status code successfully

2022-11-25 09:11:51 - [MESSAGE][PASSED] - Verify response status code successfully

2022-11-25 09:11:51 - [TEST_STEP][PASSED] - response2 = scoring.getResponseText(): null

2022-11-25 09:11:51 - [TEST_STEP][PASSED] - markPassed("result service data ke : " + no): result service data ke : 84

2022-11-25 09:11:51 - [MESSAGE][PASSED] - result service data ke : 84

2022-11-25 09:11:51 - [TEST_STEP][PASSED] - logInfo($response2): {"result_konsumen":"Reject","result_pasangan":"Reguler","Final_result":"Reject","errorMessage":"","status":"Done"}

2022-11-25 09:11:51 - [MESSAGE][INFO] - {"result_konsumen":"Reject","result_pasangan":"Reguler","Final_result":"Reject","errorMessage":"","status":"Done"}

2022-11-25 09:11:51 - [TEST_STEP][PASSED] - verifyElementPropertyValue(scoring, "Final_result", final_result): Verify element property value successfully

2022-11-25 09:11:51 - [MESSAGE][PASSED] - Verify element property value successfully]]></system-out>
         <system-err><![CDATA[]]></system-err>
      </testcase>
      <testcase name="Test Cases/Engine_Scoring/Engine Scoring" time="11.569" classname="Test Cases/Engine_Scoring/Engine Scoring" status="PASSED">
         <system-out><![CDATA[2022-11-25 09:11:52 - [TEST_CASE][PASSED] - Test Cases/Engine_Scoring/Engine Scoring: Test Cases/Engine_Scoring/Engine Scoring

2022-11-25 09:11:52 - [TEST_STEP][PASSED] - markPassed("Variasi data ke : " + no): Variasi data ke : 85

2022-11-25 09:11:52 - [MESSAGE][PASSED] - Variasi data ke : 85

2022-11-25 09:11:52 - [TEST_STEP][PASSED] - req_data = sendRequest(findTestObject("Search_ME", ["MID":MID, "source":source, "ip":ip, "userid":userid, "branch":branch, "tipekons":tipekons, "marital":marital, "penjamin":penjamin, ... ])): Send request successfully

2022-11-25 09:11:55 - [MESSAGE][INFO] - HAR: D:\DMS\Engine Scoring\Reports\20221125_090152\Exclude KKB - DS - Married\Scoring Married - KKB\20221125_090152\requests\main\168.har

2022-11-25 09:11:55 - [MESSAGE][PASSED] - Send request successfully

2022-11-25 09:11:55 - [TEST_STEP][PASSED] - slurper = new groovy.json.JsonSlurper(): null

2022-11-25 09:11:55 - [TEST_STEP][PASSED] - result = slurper.parseText(req_data.getResponseBodyContent()): null

2022-11-25 09:11:55 - [TEST_STEP][PASSED] - reqid_kons = requestid1: null

2022-11-25 09:11:55 - [TEST_STEP][PASSED] - reqid_spouse = requestid2: null

2022-11-25 09:11:55 - [TEST_STEP][PASSED] - println("requestid kons : " + reqid_kons): null

2022-11-25 09:11:55 - [TEST_STEP][PASSED] - response_searchME_kons = reqid_kons: null

2022-11-25 09:11:55 - [TEST_STEP][PASSED] - response_searchME_spouse = reqid_spouse: null

2022-11-25 09:11:55 - [TEST_STEP][PASSED] - println("kons req id is :" + response_searchME_kons): null

2022-11-25 09:11:55 - [TEST_STEP][PASSED] - println("spouse req id is : " + response_searchME_spouse): null

2022-11-25 09:11:55 - [TEST_STEP][PASSED] - verifyResponseStatusCode(req_data, 200): Verify response status code successfully

2022-11-25 09:11:55 - [MESSAGE][PASSED] - Verify response status code successfully

2022-11-25 09:11:55 - [TEST_STEP][PASSED] - response = req_data.getResponseText(): null

2022-11-25 09:11:55 - [TEST_STEP][PASSED] - logInfo($response): {"status":"Done","data":{"requestid1":"254768","requestid2":"254769"}}

2022-11-25 09:11:55 - [MESSAGE][INFO] - {"status":"Done","data":{"requestid1":"254768","requestid2":"254769"}}

2022-11-25 09:11:55 - [TEST_STEP][PASSED] - delay(5): Delayed 5 second(s)

2022-11-25 09:12:00 - [MESSAGE][PASSED] - Delayed 5 second(s)

2022-11-25 09:12:00 - [TEST_STEP][PASSED] - scoring = sendRequest(findTestObject("EngineScore", ["response_searchME_kons":response_searchME_kons, "response_searchME_spouse":response_searchME_spouse])): Send request successfully

2022-11-25 09:12:03 - [MESSAGE][INFO] - HAR: D:\DMS\Engine Scoring\Reports\20221125_090152\Exclude KKB - DS - Married\Scoring Married - KKB\20221125_090152\requests\main\169.har

2022-11-25 09:12:03 - [MESSAGE][PASSED] - Send request successfully

2022-11-25 09:12:03 - [TEST_STEP][PASSED] - verifyResponseStatusCode(scoring, 200): Verify response status code successfully

2022-11-25 09:12:03 - [MESSAGE][PASSED] - Verify response status code successfully

2022-11-25 09:12:03 - [TEST_STEP][PASSED] - response2 = scoring.getResponseText(): null

2022-11-25 09:12:03 - [TEST_STEP][PASSED] - markPassed("result service data ke : " + no): result service data ke : 85

2022-11-25 09:12:03 - [MESSAGE][PASSED] - result service data ke : 85

2022-11-25 09:12:03 - [TEST_STEP][PASSED] - logInfo($response2): {"result_konsumen":"Reject","result_pasangan":"Reguler","Final_result":"Reject","errorMessage":"","status":"Done"}

2022-11-25 09:12:03 - [MESSAGE][INFO] - {"result_konsumen":"Reject","result_pasangan":"Reguler","Final_result":"Reject","errorMessage":"","status":"Done"}

2022-11-25 09:12:03 - [TEST_STEP][PASSED] - verifyElementPropertyValue(scoring, "Final_result", final_result): Verify element property value successfully

2022-11-25 09:12:03 - [MESSAGE][PASSED] - Verify element property value successfully]]></system-out>
         <system-err><![CDATA[]]></system-err>
      </testcase>
      <testcase name="Test Cases/Engine_Scoring/Engine Scoring" time="10.489" classname="Test Cases/Engine_Scoring/Engine Scoring" status="PASSED">
         <system-out><![CDATA[2022-11-25 09:12:03 - [TEST_CASE][PASSED] - Test Cases/Engine_Scoring/Engine Scoring: Test Cases/Engine_Scoring/Engine Scoring

2022-11-25 09:12:04 - [TEST_STEP][PASSED] - markPassed("Variasi data ke : " + no): Variasi data ke : 86

2022-11-25 09:12:04 - [MESSAGE][PASSED] - Variasi data ke : 86

2022-11-25 09:12:04 - [TEST_STEP][PASSED] - req_data = sendRequest(findTestObject("Search_ME", ["MID":MID, "source":source, "ip":ip, "userid":userid, "branch":branch, "tipekons":tipekons, "marital":marital, "penjamin":penjamin, ... ])): Send request successfully

2022-11-25 09:12:06 - [MESSAGE][INFO] - HAR: D:\DMS\Engine Scoring\Reports\20221125_090152\Exclude KKB - DS - Married\Scoring Married - KKB\20221125_090152\requests\main\170.har

2022-11-25 09:12:06 - [MESSAGE][PASSED] - Send request successfully

2022-11-25 09:12:06 - [TEST_STEP][PASSED] - slurper = new groovy.json.JsonSlurper(): null

2022-11-25 09:12:06 - [TEST_STEP][PASSED] - result = slurper.parseText(req_data.getResponseBodyContent()): null

2022-11-25 09:12:06 - [TEST_STEP][PASSED] - reqid_kons = requestid1: null

2022-11-25 09:12:06 - [TEST_STEP][PASSED] - reqid_spouse = requestid2: null

2022-11-25 09:12:06 - [TEST_STEP][PASSED] - println("requestid kons : " + reqid_kons): null

2022-11-25 09:12:06 - [TEST_STEP][PASSED] - response_searchME_kons = reqid_kons: null

2022-11-25 09:12:06 - [TEST_STEP][PASSED] - response_searchME_spouse = reqid_spouse: null

2022-11-25 09:12:06 - [TEST_STEP][PASSED] - println("kons req id is :" + response_searchME_kons): null

2022-11-25 09:12:06 - [TEST_STEP][PASSED] - println("spouse req id is : " + response_searchME_spouse): null

2022-11-25 09:12:06 - [TEST_STEP][PASSED] - verifyResponseStatusCode(req_data, 200): Verify response status code successfully

2022-11-25 09:12:07 - [MESSAGE][PASSED] - Verify response status code successfully

2022-11-25 09:12:07 - [TEST_STEP][PASSED] - response = req_data.getResponseText(): null

2022-11-25 09:12:07 - [TEST_STEP][PASSED] - logInfo($response): {"status":"Done","data":{"requestid1":"254770","requestid2":"254771"}}

2022-11-25 09:12:07 - [MESSAGE][INFO] - {"status":"Done","data":{"requestid1":"254770","requestid2":"254771"}}

2022-11-25 09:12:07 - [TEST_STEP][PASSED] - delay(5): Delayed 5 second(s)

2022-11-25 09:12:12 - [MESSAGE][PASSED] - Delayed 5 second(s)

2022-11-25 09:12:12 - [TEST_STEP][PASSED] - scoring = sendRequest(findTestObject("EngineScore", ["response_searchME_kons":response_searchME_kons, "response_searchME_spouse":response_searchME_spouse])): Send request successfully

2022-11-25 09:12:14 - [MESSAGE][INFO] - HAR: D:\DMS\Engine Scoring\Reports\20221125_090152\Exclude KKB - DS - Married\Scoring Married - KKB\20221125_090152\requests\main\171.har

2022-11-25 09:12:14 - [MESSAGE][PASSED] - Send request successfully

2022-11-25 09:12:14 - [TEST_STEP][PASSED] - verifyResponseStatusCode(scoring, 200): Verify response status code successfully

2022-11-25 09:12:14 - [MESSAGE][PASSED] - Verify response status code successfully

2022-11-25 09:12:14 - [TEST_STEP][PASSED] - response2 = scoring.getResponseText(): null

2022-11-25 09:12:14 - [TEST_STEP][PASSED] - markPassed("result service data ke : " + no): result service data ke : 86

2022-11-25 09:12:14 - [MESSAGE][PASSED] - result service data ke : 86

2022-11-25 09:12:14 - [TEST_STEP][PASSED] - logInfo($response2): {"result_konsumen":"Reject","result_pasangan":"Reject","Final_result":"Reject","errorMessage":"","status":"Done"}

2022-11-25 09:12:14 - [MESSAGE][INFO] - {"result_konsumen":"Reject","result_pasangan":"Reject","Final_result":"Reject","errorMessage":"","status":"Done"}

2022-11-25 09:12:14 - [TEST_STEP][PASSED] - verifyElementPropertyValue(scoring, "Final_result", final_result): Verify element property value successfully

2022-11-25 09:12:14 - [MESSAGE][PASSED] - Verify element property value successfully]]></system-out>
         <system-err><![CDATA[]]></system-err>
      </testcase>
      <testcase name="Test Cases/Engine_Scoring/Engine Scoring" time="7.736" classname="Test Cases/Engine_Scoring/Engine Scoring" status="PASSED">
         <system-out><![CDATA[2022-11-25 09:12:15 - [TEST_CASE][PASSED] - Test Cases/Engine_Scoring/Engine Scoring: Test Cases/Engine_Scoring/Engine Scoring

2022-11-25 09:12:16 - [TEST_STEP][PASSED] - markPassed("Variasi data ke : " + no): Variasi data ke : 87

2022-11-25 09:12:16 - [MESSAGE][PASSED] - Variasi data ke : 87

2022-11-25 09:12:16 - [TEST_STEP][PASSED] - req_data = sendRequest(findTestObject("Search_ME", ["MID":MID, "source":source, "ip":ip, "userid":userid, "branch":branch, "tipekons":tipekons, "marital":marital, "penjamin":penjamin, ... ])): Send request successfully

2022-11-25 09:12:17 - [MESSAGE][INFO] - HAR: D:\DMS\Engine Scoring\Reports\20221125_090152\Exclude KKB - DS - Married\Scoring Married - KKB\20221125_090152\requests\main\172.har

2022-11-25 09:12:17 - [MESSAGE][PASSED] - Send request successfully

2022-11-25 09:12:17 - [TEST_STEP][PASSED] - slurper = new groovy.json.JsonSlurper(): null

2022-11-25 09:12:17 - [TEST_STEP][PASSED] - result = slurper.parseText(req_data.getResponseBodyContent()): null

2022-11-25 09:12:17 - [TEST_STEP][PASSED] - reqid_kons = requestid1: null

2022-11-25 09:12:17 - [TEST_STEP][PASSED] - reqid_spouse = requestid2: null

2022-11-25 09:12:17 - [TEST_STEP][PASSED] - println("requestid kons : " + reqid_kons): null

2022-11-25 09:12:17 - [TEST_STEP][PASSED] - response_searchME_kons = reqid_kons: null

2022-11-25 09:12:17 - [TEST_STEP][PASSED] - response_searchME_spouse = reqid_spouse: null

2022-11-25 09:12:17 - [TEST_STEP][PASSED] - println("kons req id is :" + response_searchME_kons): null

2022-11-25 09:12:17 - [TEST_STEP][PASSED] - println("spouse req id is : " + response_searchME_spouse): null

2022-11-25 09:12:17 - [TEST_STEP][PASSED] - verifyResponseStatusCode(req_data, 200): Verify response status code successfully

2022-11-25 09:12:17 - [MESSAGE][PASSED] - Verify response status code successfully

2022-11-25 09:12:17 - [TEST_STEP][PASSED] - response = req_data.getResponseText(): null

2022-11-25 09:12:17 - [TEST_STEP][PASSED] - logInfo($response): {"status":"Done","data":{"requestid1":"254772","requestid2":"254773"}}

2022-11-25 09:12:17 - [MESSAGE][INFO] - {"status":"Done","data":{"requestid1":"254772","requestid2":"254773"}}

2022-11-25 09:12:17 - [TEST_STEP][PASSED] - delay(5): Delayed 5 second(s)

2022-11-25 09:12:22 - [MESSAGE][PASSED] - Delayed 5 second(s)

2022-11-25 09:12:22 - [TEST_STEP][PASSED] - scoring = sendRequest(findTestObject("EngineScore", ["response_searchME_kons":response_searchME_kons, "response_searchME_spouse":response_searchME_spouse])): Send request successfully

2022-11-25 09:12:22 - [MESSAGE][INFO] - HAR: D:\DMS\Engine Scoring\Reports\20221125_090152\Exclude KKB - DS - Married\Scoring Married - KKB\20221125_090152\requests\main\173.har

2022-11-25 09:12:22 - [MESSAGE][PASSED] - Send request successfully

2022-11-25 09:12:22 - [TEST_STEP][PASSED] - verifyResponseStatusCode(scoring, 200): Verify response status code successfully

2022-11-25 09:12:22 - [MESSAGE][PASSED] - Verify response status code successfully

2022-11-25 09:12:22 - [TEST_STEP][PASSED] - response2 = scoring.getResponseText(): null

2022-11-25 09:12:22 - [TEST_STEP][PASSED] - markPassed("result service data ke : " + no): result service data ke : 87

2022-11-25 09:12:22 - [MESSAGE][PASSED] - result service data ke : 87

2022-11-25 09:12:22 - [TEST_STEP][PASSED] - logInfo($response2): {"result_konsumen":"Reject","result_pasangan":"Reject","Final_result":"Reject","errorMessage":"","status":"Done"}

2022-11-25 09:12:22 - [MESSAGE][INFO] - {"result_konsumen":"Reject","result_pasangan":"Reject","Final_result":"Reject","errorMessage":"","status":"Done"}

2022-11-25 09:12:22 - [TEST_STEP][PASSED] - verifyElementPropertyValue(scoring, "Final_result", final_result): Verify element property value successfully

2022-11-25 09:12:22 - [MESSAGE][PASSED] - Verify element property value successfully]]></system-out>
         <system-err><![CDATA[]]></system-err>
      </testcase>
      <testcase name="Test Cases/Engine_Scoring/Engine Scoring" time="7.139" classname="Test Cases/Engine_Scoring/Engine Scoring" status="PASSED">
         <system-out><![CDATA[2022-11-25 09:12:22 - [TEST_CASE][PASSED] - Test Cases/Engine_Scoring/Engine Scoring: Test Cases/Engine_Scoring/Engine Scoring

2022-11-25 09:12:23 - [TEST_STEP][PASSED] - markPassed("Variasi data ke : " + no): Variasi data ke : 88

2022-11-25 09:12:23 - [MESSAGE][PASSED] - Variasi data ke : 88

2022-11-25 09:12:23 - [TEST_STEP][PASSED] - req_data = sendRequest(findTestObject("Search_ME", ["MID":MID, "source":source, "ip":ip, "userid":userid, "branch":branch, "tipekons":tipekons, "marital":marital, "penjamin":penjamin, ... ])): Send request successfully

2022-11-25 09:12:24 - [MESSAGE][INFO] - HAR: D:\DMS\Engine Scoring\Reports\20221125_090152\Exclude KKB - DS - Married\Scoring Married - KKB\20221125_090152\requests\main\174.har

2022-11-25 09:12:24 - [MESSAGE][PASSED] - Send request successfully

2022-11-25 09:12:24 - [TEST_STEP][PASSED] - slurper = new groovy.json.JsonSlurper(): null

2022-11-25 09:12:24 - [TEST_STEP][PASSED] - result = slurper.parseText(req_data.getResponseBodyContent()): null

2022-11-25 09:12:24 - [TEST_STEP][PASSED] - reqid_kons = requestid1: null

2022-11-25 09:12:24 - [TEST_STEP][PASSED] - reqid_spouse = requestid2: null

2022-11-25 09:12:24 - [TEST_STEP][PASSED] - println("requestid kons : " + reqid_kons): null

2022-11-25 09:12:24 - [TEST_STEP][PASSED] - response_searchME_kons = reqid_kons: null

2022-11-25 09:12:24 - [TEST_STEP][PASSED] - response_searchME_spouse = reqid_spouse: null

2022-11-25 09:12:24 - [TEST_STEP][PASSED] - println("kons req id is :" + response_searchME_kons): null

2022-11-25 09:12:24 - [TEST_STEP][PASSED] - println("spouse req id is : " + response_searchME_spouse): null

2022-11-25 09:12:24 - [TEST_STEP][PASSED] - verifyResponseStatusCode(req_data, 200): Verify response status code successfully

2022-11-25 09:12:24 - [MESSAGE][PASSED] - Verify response status code successfully

2022-11-25 09:12:24 - [TEST_STEP][PASSED] - response = req_data.getResponseText(): null

2022-11-25 09:12:24 - [TEST_STEP][PASSED] - logInfo($response): {"status":"Done","data":{"requestid1":"254774","requestid2":"254775"}}

2022-11-25 09:12:24 - [MESSAGE][INFO] - {"status":"Done","data":{"requestid1":"254774","requestid2":"254775"}}

2022-11-25 09:12:24 - [TEST_STEP][PASSED] - delay(5): Delayed 5 second(s)

2022-11-25 09:12:29 - [MESSAGE][PASSED] - Delayed 5 second(s)

2022-11-25 09:12:29 - [TEST_STEP][PASSED] - scoring = sendRequest(findTestObject("EngineScore", ["response_searchME_kons":response_searchME_kons, "response_searchME_spouse":response_searchME_spouse])): Send request successfully

2022-11-25 09:12:30 - [MESSAGE][INFO] - HAR: D:\DMS\Engine Scoring\Reports\20221125_090152\Exclude KKB - DS - Married\Scoring Married - KKB\20221125_090152\requests\main\175.har

2022-11-25 09:12:30 - [MESSAGE][PASSED] - Send request successfully

2022-11-25 09:12:30 - [TEST_STEP][PASSED] - verifyResponseStatusCode(scoring, 200): Verify response status code successfully

2022-11-25 09:12:30 - [MESSAGE][PASSED] - Verify response status code successfully

2022-11-25 09:12:30 - [TEST_STEP][PASSED] - response2 = scoring.getResponseText(): null

2022-11-25 09:12:30 - [TEST_STEP][PASSED] - markPassed("result service data ke : " + no): result service data ke : 88

2022-11-25 09:12:30 - [MESSAGE][PASSED] - result service data ke : 88

2022-11-25 09:12:30 - [TEST_STEP][PASSED] - logInfo($response2): {"result_konsumen":"Reject","result_pasangan":"Reguler","Final_result":"Reject","errorMessage":"","status":"Done"}

2022-11-25 09:12:30 - [MESSAGE][INFO] - {"result_konsumen":"Reject","result_pasangan":"Reguler","Final_result":"Reject","errorMessage":"","status":"Done"}

2022-11-25 09:12:30 - [TEST_STEP][PASSED] - verifyElementPropertyValue(scoring, "Final_result", final_result): Verify element property value successfully

2022-11-25 09:12:30 - [MESSAGE][PASSED] - Verify element property value successfully]]></system-out>
         <system-err><![CDATA[]]></system-err>
      </testcase>
      <testcase name="Test Cases/Engine_Scoring/Engine Scoring" time="8.663" classname="Test Cases/Engine_Scoring/Engine Scoring" status="PASSED">
         <system-out><![CDATA[2022-11-25 09:12:30 - [TEST_CASE][PASSED] - Test Cases/Engine_Scoring/Engine Scoring: Test Cases/Engine_Scoring/Engine Scoring

2022-11-25 09:12:31 - [TEST_STEP][PASSED] - markPassed("Variasi data ke : " + no): Variasi data ke : 89

2022-11-25 09:12:31 - [MESSAGE][PASSED] - Variasi data ke : 89

2022-11-25 09:12:31 - [TEST_STEP][PASSED] - req_data = sendRequest(findTestObject("Search_ME", ["MID":MID, "source":source, "ip":ip, "userid":userid, "branch":branch, "tipekons":tipekons, "marital":marital, "penjamin":penjamin, ... ])): Send request successfully

2022-11-25 09:12:32 - [MESSAGE][INFO] - HAR: D:\DMS\Engine Scoring\Reports\20221125_090152\Exclude KKB - DS - Married\Scoring Married - KKB\20221125_090152\requests\main\176.har

2022-11-25 09:12:32 - [MESSAGE][PASSED] - Send request successfully

2022-11-25 09:12:32 - [TEST_STEP][PASSED] - slurper = new groovy.json.JsonSlurper(): null

2022-11-25 09:12:32 - [TEST_STEP][PASSED] - result = slurper.parseText(req_data.getResponseBodyContent()): null

2022-11-25 09:12:32 - [TEST_STEP][PASSED] - reqid_kons = requestid1: null

2022-11-25 09:12:32 - [TEST_STEP][PASSED] - reqid_spouse = requestid2: null

2022-11-25 09:12:32 - [TEST_STEP][PASSED] - println("requestid kons : " + reqid_kons): null

2022-11-25 09:12:32 - [TEST_STEP][PASSED] - response_searchME_kons = reqid_kons: null

2022-11-25 09:12:32 - [TEST_STEP][PASSED] - response_searchME_spouse = reqid_spouse: null

2022-11-25 09:12:32 - [TEST_STEP][PASSED] - println("kons req id is :" + response_searchME_kons): null

2022-11-25 09:12:32 - [TEST_STEP][PASSED] - println("spouse req id is : " + response_searchME_spouse): null

2022-11-25 09:12:32 - [TEST_STEP][PASSED] - verifyResponseStatusCode(req_data, 200): Verify response status code successfully

2022-11-25 09:12:32 - [MESSAGE][PASSED] - Verify response status code successfully

2022-11-25 09:12:32 - [TEST_STEP][PASSED] - response = req_data.getResponseText(): null

2022-11-25 09:12:32 - [TEST_STEP][PASSED] - logInfo($response): {"status":"Done","data":{"requestid1":"254776","requestid2":"254777"}}

2022-11-25 09:12:32 - [MESSAGE][INFO] - {"status":"Done","data":{"requestid1":"254776","requestid2":"254777"}}

2022-11-25 09:12:32 - [TEST_STEP][PASSED] - delay(5): Delayed 5 second(s)

2022-11-25 09:12:37 - [MESSAGE][PASSED] - Delayed 5 second(s)

2022-11-25 09:12:37 - [TEST_STEP][PASSED] - scoring = sendRequest(findTestObject("EngineScore", ["response_searchME_kons":response_searchME_kons, "response_searchME_spouse":response_searchME_spouse])): Send request successfully

2022-11-25 09:12:38 - [MESSAGE][INFO] - HAR: D:\DMS\Engine Scoring\Reports\20221125_090152\Exclude KKB - DS - Married\Scoring Married - KKB\20221125_090152\requests\main\177.har

2022-11-25 09:12:38 - [MESSAGE][PASSED] - Send request successfully

2022-11-25 09:12:38 - [TEST_STEP][PASSED] - verifyResponseStatusCode(scoring, 200): Verify response status code successfully

2022-11-25 09:12:38 - [MESSAGE][PASSED] - Verify response status code successfully

2022-11-25 09:12:38 - [TEST_STEP][PASSED] - response2 = scoring.getResponseText(): null

2022-11-25 09:12:38 - [TEST_STEP][PASSED] - markPassed("result service data ke : " + no): result service data ke : 89

2022-11-25 09:12:38 - [MESSAGE][PASSED] - result service data ke : 89

2022-11-25 09:12:38 - [TEST_STEP][PASSED] - logInfo($response2): {"result_konsumen":"Reject","result_pasangan":"Reguler","Final_result":"Reject","errorMessage":"","status":"Done"}

2022-11-25 09:12:38 - [MESSAGE][INFO] - {"result_konsumen":"Reject","result_pasangan":"Reguler","Final_result":"Reject","errorMessage":"","status":"Done"}

2022-11-25 09:12:38 - [TEST_STEP][PASSED] - verifyElementPropertyValue(scoring, "Final_result", final_result): Verify element property value successfully

2022-11-25 09:12:38 - [MESSAGE][PASSED] - Verify element property value successfully]]></system-out>
         <system-err><![CDATA[]]></system-err>
      </testcase>
      <testcase name="Test Cases/Engine_Scoring/Engine Scoring" time="10.281" classname="Test Cases/Engine_Scoring/Engine Scoring" status="PASSED">
         <system-out><![CDATA[2022-11-25 09:12:38 - [TEST_CASE][PASSED] - Test Cases/Engine_Scoring/Engine Scoring: Test Cases/Engine_Scoring/Engine Scoring

2022-11-25 09:12:39 - [TEST_STEP][PASSED] - markPassed("Variasi data ke : " + no): Variasi data ke : 90

2022-11-25 09:12:39 - [MESSAGE][PASSED] - Variasi data ke : 90

2022-11-25 09:12:39 - [TEST_STEP][PASSED] - req_data = sendRequest(findTestObject("Search_ME", ["MID":MID, "source":source, "ip":ip, "userid":userid, "branch":branch, "tipekons":tipekons, "marital":marital, "penjamin":penjamin, ... ])): Send request successfully

2022-11-25 09:12:41 - [MESSAGE][INFO] - HAR: D:\DMS\Engine Scoring\Reports\20221125_090152\Exclude KKB - DS - Married\Scoring Married - KKB\20221125_090152\requests\main\178.har

2022-11-25 09:12:41 - [MESSAGE][PASSED] - Send request successfully

2022-11-25 09:12:41 - [TEST_STEP][PASSED] - slurper = new groovy.json.JsonSlurper(): null

2022-11-25 09:12:41 - [TEST_STEP][PASSED] - result = slurper.parseText(req_data.getResponseBodyContent()): null

2022-11-25 09:12:41 - [TEST_STEP][PASSED] - reqid_kons = requestid1: null

2022-11-25 09:12:41 - [TEST_STEP][PASSED] - reqid_spouse = requestid2: null

2022-11-25 09:12:41 - [TEST_STEP][PASSED] - println("requestid kons : " + reqid_kons): null

2022-11-25 09:12:41 - [TEST_STEP][PASSED] - response_searchME_kons = reqid_kons: null

2022-11-25 09:12:41 - [TEST_STEP][PASSED] - response_searchME_spouse = reqid_spouse: null

2022-11-25 09:12:41 - [TEST_STEP][PASSED] - println("kons req id is :" + response_searchME_kons): null

2022-11-25 09:12:41 - [TEST_STEP][PASSED] - println("spouse req id is : " + response_searchME_spouse): null

2022-11-25 09:12:41 - [TEST_STEP][PASSED] - verifyResponseStatusCode(req_data, 200): Verify response status code successfully

2022-11-25 09:12:41 - [MESSAGE][PASSED] - Verify response status code successfully

2022-11-25 09:12:41 - [TEST_STEP][PASSED] - response = req_data.getResponseText(): null

2022-11-25 09:12:41 - [TEST_STEP][PASSED] - logInfo($response): {"status":"Done","data":{"requestid1":"254778","requestid2":"254779"}}

2022-11-25 09:12:41 - [MESSAGE][INFO] - {"status":"Done","data":{"requestid1":"254778","requestid2":"254779"}}

2022-11-25 09:12:41 - [TEST_STEP][PASSED] - delay(5): Delayed 5 second(s)

2022-11-25 09:12:46 - [MESSAGE][PASSED] - Delayed 5 second(s)

2022-11-25 09:12:46 - [TEST_STEP][PASSED] - scoring = sendRequest(findTestObject("EngineScore", ["response_searchME_kons":response_searchME_kons, "response_searchME_spouse":response_searchME_spouse])): Send request successfully

2022-11-25 09:12:49 - [MESSAGE][INFO] - HAR: D:\DMS\Engine Scoring\Reports\20221125_090152\Exclude KKB - DS - Married\Scoring Married - KKB\20221125_090152\requests\main\179.har

2022-11-25 09:12:49 - [MESSAGE][PASSED] - Send request successfully

2022-11-25 09:12:49 - [TEST_STEP][PASSED] - verifyResponseStatusCode(scoring, 200): Verify response status code successfully

2022-11-25 09:12:49 - [MESSAGE][PASSED] - Verify response status code successfully

2022-11-25 09:12:49 - [TEST_STEP][PASSED] - response2 = scoring.getResponseText(): null

2022-11-25 09:12:49 - [TEST_STEP][PASSED] - markPassed("result service data ke : " + no): result service data ke : 90

2022-11-25 09:12:49 - [MESSAGE][PASSED] - result service data ke : 90

2022-11-25 09:12:49 - [TEST_STEP][PASSED] - logInfo($response2): {"result_konsumen":"Reject","result_pasangan":"Reguler","Final_result":"Reject","errorMessage":"","status":"Done"}

2022-11-25 09:12:49 - [MESSAGE][INFO] - {"result_konsumen":"Reject","result_pasangan":"Reguler","Final_result":"Reject","errorMessage":"","status":"Done"}

2022-11-25 09:12:49 - [TEST_STEP][PASSED] - verifyElementPropertyValue(scoring, "Final_result", final_result): Verify element property value successfully

2022-11-25 09:12:49 - [MESSAGE][PASSED] - Verify element property value successfully]]></system-out>
         <system-err><![CDATA[]]></system-err>
      </testcase>
      <testcase name="Test Cases/Engine_Scoring/Engine Scoring" time="9.36" classname="Test Cases/Engine_Scoring/Engine Scoring" status="PASSED">
         <system-out><![CDATA[2022-11-25 09:12:49 - [TEST_CASE][PASSED] - Test Cases/Engine_Scoring/Engine Scoring: Test Cases/Engine_Scoring/Engine Scoring

2022-11-25 09:12:50 - [TEST_STEP][PASSED] - markPassed("Variasi data ke : " + no): Variasi data ke : 91

2022-11-25 09:12:50 - [MESSAGE][PASSED] - Variasi data ke : 91

2022-11-25 09:12:50 - [TEST_STEP][PASSED] - req_data = sendRequest(findTestObject("Search_ME", ["MID":MID, "source":source, "ip":ip, "userid":userid, "branch":branch, "tipekons":tipekons, "marital":marital, "penjamin":penjamin, ... ])): Send request successfully

2022-11-25 09:12:52 - [MESSAGE][INFO] - HAR: D:\DMS\Engine Scoring\Reports\20221125_090152\Exclude KKB - DS - Married\Scoring Married - KKB\20221125_090152\requests\main\180.har

2022-11-25 09:12:52 - [MESSAGE][PASSED] - Send request successfully

2022-11-25 09:12:52 - [TEST_STEP][PASSED] - slurper = new groovy.json.JsonSlurper(): null

2022-11-25 09:12:52 - [TEST_STEP][PASSED] - result = slurper.parseText(req_data.getResponseBodyContent()): null

2022-11-25 09:12:52 - [TEST_STEP][PASSED] - reqid_kons = requestid1: null

2022-11-25 09:12:52 - [TEST_STEP][PASSED] - reqid_spouse = requestid2: null

2022-11-25 09:12:52 - [TEST_STEP][PASSED] - println("requestid kons : " + reqid_kons): null

2022-11-25 09:12:52 - [TEST_STEP][PASSED] - response_searchME_kons = reqid_kons: null

2022-11-25 09:12:52 - [TEST_STEP][PASSED] - response_searchME_spouse = reqid_spouse: null

2022-11-25 09:12:52 - [TEST_STEP][PASSED] - println("kons req id is :" + response_searchME_kons): null

2022-11-25 09:12:52 - [TEST_STEP][PASSED] - println("spouse req id is : " + response_searchME_spouse): null

2022-11-25 09:12:52 - [TEST_STEP][PASSED] - verifyResponseStatusCode(req_data, 200): Verify response status code successfully

2022-11-25 09:12:52 - [MESSAGE][PASSED] - Verify response status code successfully

2022-11-25 09:12:52 - [TEST_STEP][PASSED] - response = req_data.getResponseText(): null

2022-11-25 09:12:52 - [TEST_STEP][PASSED] - logInfo($response): {"status":"Done","data":{"requestid1":"254780","requestid2":"254781"}}

2022-11-25 09:12:52 - [MESSAGE][INFO] - {"status":"Done","data":{"requestid1":"254780","requestid2":"254781"}}

2022-11-25 09:12:52 - [TEST_STEP][PASSED] - delay(5): Delayed 5 second(s)

2022-11-25 09:12:57 - [MESSAGE][PASSED] - Delayed 5 second(s)

2022-11-25 09:12:57 - [TEST_STEP][PASSED] - scoring = sendRequest(findTestObject("EngineScore", ["response_searchME_kons":response_searchME_kons, "response_searchME_spouse":response_searchME_spouse])): Send request successfully

2022-11-25 09:12:58 - [MESSAGE][INFO] - HAR: D:\DMS\Engine Scoring\Reports\20221125_090152\Exclude KKB - DS - Married\Scoring Married - KKB\20221125_090152\requests\main\181.har

2022-11-25 09:12:58 - [MESSAGE][PASSED] - Send request successfully

2022-11-25 09:12:58 - [TEST_STEP][PASSED] - verifyResponseStatusCode(scoring, 200): Verify response status code successfully

2022-11-25 09:12:58 - [MESSAGE][PASSED] - Verify response status code successfully

2022-11-25 09:12:58 - [TEST_STEP][PASSED] - response2 = scoring.getResponseText(): null

2022-11-25 09:12:58 - [TEST_STEP][PASSED] - markPassed("result service data ke : " + no): result service data ke : 91

2022-11-25 09:12:58 - [MESSAGE][PASSED] - result service data ke : 91

2022-11-25 09:12:58 - [TEST_STEP][PASSED] - logInfo($response2): {"result_konsumen":"Reguler","result_pasangan":"Approve","Final_result":"Reguler","errorMessage":"","status":"Done"}

2022-11-25 09:12:58 - [MESSAGE][INFO] - {"result_konsumen":"Reguler","result_pasangan":"Approve","Final_result":"Reguler","errorMessage":"","status":"Done"}

2022-11-25 09:12:58 - [TEST_STEP][PASSED] - verifyElementPropertyValue(scoring, "Final_result", final_result): Verify element property value successfully

2022-11-25 09:12:58 - [MESSAGE][PASSED] - Verify element property value successfully]]></system-out>
         <system-err><![CDATA[]]></system-err>
      </testcase>
      <testcase name="Test Cases/Engine_Scoring/Engine Scoring" time="8.175" classname="Test Cases/Engine_Scoring/Engine Scoring" status="PASSED">
         <system-out><![CDATA[2022-11-25 09:12:58 - [TEST_CASE][PASSED] - Test Cases/Engine_Scoring/Engine Scoring: Test Cases/Engine_Scoring/Engine Scoring

2022-11-25 09:12:59 - [TEST_STEP][PASSED] - markPassed("Variasi data ke : " + no): Variasi data ke : 92

2022-11-25 09:12:59 - [MESSAGE][PASSED] - Variasi data ke : 92

2022-11-25 09:12:59 - [TEST_STEP][PASSED] - req_data = sendRequest(findTestObject("Search_ME", ["MID":MID, "source":source, "ip":ip, "userid":userid, "branch":branch, "tipekons":tipekons, "marital":marital, "penjamin":penjamin, ... ])): Send request successfully

2022-11-25 09:13:01 - [MESSAGE][INFO] - HAR: D:\DMS\Engine Scoring\Reports\20221125_090152\Exclude KKB - DS - Married\Scoring Married - KKB\20221125_090152\requests\main\182.har

2022-11-25 09:13:01 - [MESSAGE][PASSED] - Send request successfully

2022-11-25 09:13:01 - [TEST_STEP][PASSED] - slurper = new groovy.json.JsonSlurper(): null

2022-11-25 09:13:01 - [TEST_STEP][PASSED] - result = slurper.parseText(req_data.getResponseBodyContent()): null

2022-11-25 09:13:01 - [TEST_STEP][PASSED] - reqid_kons = requestid1: null

2022-11-25 09:13:01 - [TEST_STEP][PASSED] - reqid_spouse = requestid2: null

2022-11-25 09:13:01 - [TEST_STEP][PASSED] - println("requestid kons : " + reqid_kons): null

2022-11-25 09:13:01 - [TEST_STEP][PASSED] - response_searchME_kons = reqid_kons: null

2022-11-25 09:13:01 - [TEST_STEP][PASSED] - response_searchME_spouse = reqid_spouse: null

2022-11-25 09:13:01 - [TEST_STEP][PASSED] - println("kons req id is :" + response_searchME_kons): null

2022-11-25 09:13:01 - [TEST_STEP][PASSED] - println("spouse req id is : " + response_searchME_spouse): null

2022-11-25 09:13:01 - [TEST_STEP][PASSED] - verifyResponseStatusCode(req_data, 200): Verify response status code successfully

2022-11-25 09:13:01 - [MESSAGE][PASSED] - Verify response status code successfully

2022-11-25 09:13:01 - [TEST_STEP][PASSED] - response = req_data.getResponseText(): null

2022-11-25 09:13:01 - [TEST_STEP][PASSED] - logInfo($response): {"status":"Done","data":{"requestid1":"254782","requestid2":"254783"}}

2022-11-25 09:13:01 - [MESSAGE][INFO] - {"status":"Done","data":{"requestid1":"254782","requestid2":"254783"}}

2022-11-25 09:13:01 - [TEST_STEP][PASSED] - delay(5): Delayed 5 second(s)

2022-11-25 09:13:06 - [MESSAGE][PASSED] - Delayed 5 second(s)

2022-11-25 09:13:06 - [TEST_STEP][PASSED] - scoring = sendRequest(findTestObject("EngineScore", ["response_searchME_kons":response_searchME_kons, "response_searchME_spouse":response_searchME_spouse])): Send request successfully

2022-11-25 09:13:06 - [MESSAGE][INFO] - HAR: D:\DMS\Engine Scoring\Reports\20221125_090152\Exclude KKB - DS - Married\Scoring Married - KKB\20221125_090152\requests\main\183.har

2022-11-25 09:13:06 - [MESSAGE][PASSED] - Send request successfully

2022-11-25 09:13:06 - [TEST_STEP][PASSED] - verifyResponseStatusCode(scoring, 200): Verify response status code successfully

2022-11-25 09:13:06 - [MESSAGE][PASSED] - Verify response status code successfully

2022-11-25 09:13:06 - [TEST_STEP][PASSED] - response2 = scoring.getResponseText(): null

2022-11-25 09:13:06 - [TEST_STEP][PASSED] - markPassed("result service data ke : " + no): result service data ke : 92

2022-11-25 09:13:06 - [MESSAGE][PASSED] - result service data ke : 92

2022-11-25 09:13:06 - [TEST_STEP][PASSED] - logInfo($response2): {"result_konsumen":"Reguler","result_pasangan":"Approve","Final_result":"Reguler","errorMessage":"","status":"Done"}

2022-11-25 09:13:06 - [MESSAGE][INFO] - {"result_konsumen":"Reguler","result_pasangan":"Approve","Final_result":"Reguler","errorMessage":"","status":"Done"}

2022-11-25 09:13:06 - [TEST_STEP][PASSED] - verifyElementPropertyValue(scoring, "Final_result", final_result): Verify element property value successfully

2022-11-25 09:13:06 - [MESSAGE][PASSED] - Verify element property value successfully]]></system-out>
         <system-err><![CDATA[]]></system-err>
      </testcase>
      <testcase name="Test Cases/Engine_Scoring/Engine Scoring" time="6.959" classname="Test Cases/Engine_Scoring/Engine Scoring" status="PASSED">
         <system-out><![CDATA[2022-11-25 09:13:07 - [TEST_CASE][PASSED] - Test Cases/Engine_Scoring/Engine Scoring: Test Cases/Engine_Scoring/Engine Scoring

2022-11-25 09:13:07 - [TEST_STEP][PASSED] - markPassed("Variasi data ke : " + no): Variasi data ke : 93

2022-11-25 09:13:07 - [MESSAGE][PASSED] - Variasi data ke : 93

2022-11-25 09:13:07 - [TEST_STEP][PASSED] - req_data = sendRequest(findTestObject("Search_ME", ["MID":MID, "source":source, "ip":ip, "userid":userid, "branch":branch, "tipekons":tipekons, "marital":marital, "penjamin":penjamin, ... ])): Send request successfully

2022-11-25 09:13:08 - [MESSAGE][INFO] - HAR: D:\DMS\Engine Scoring\Reports\20221125_090152\Exclude KKB - DS - Married\Scoring Married - KKB\20221125_090152\requests\main\184.har

2022-11-25 09:13:08 - [MESSAGE][PASSED] - Send request successfully

2022-11-25 09:13:08 - [TEST_STEP][PASSED] - slurper = new groovy.json.JsonSlurper(): null

2022-11-25 09:13:08 - [TEST_STEP][PASSED] - result = slurper.parseText(req_data.getResponseBodyContent()): null

2022-11-25 09:13:08 - [TEST_STEP][PASSED] - reqid_kons = requestid1: null

2022-11-25 09:13:08 - [TEST_STEP][PASSED] - reqid_spouse = requestid2: null

2022-11-25 09:13:08 - [TEST_STEP][PASSED] - println("requestid kons : " + reqid_kons): null

2022-11-25 09:13:08 - [TEST_STEP][PASSED] - response_searchME_kons = reqid_kons: null

2022-11-25 09:13:08 - [TEST_STEP][PASSED] - response_searchME_spouse = reqid_spouse: null

2022-11-25 09:13:08 - [TEST_STEP][PASSED] - println("kons req id is :" + response_searchME_kons): null

2022-11-25 09:13:08 - [TEST_STEP][PASSED] - println("spouse req id is : " + response_searchME_spouse): null

2022-11-25 09:13:08 - [TEST_STEP][PASSED] - verifyResponseStatusCode(req_data, 200): Verify response status code successfully

2022-11-25 09:13:08 - [MESSAGE][PASSED] - Verify response status code successfully

2022-11-25 09:13:08 - [TEST_STEP][PASSED] - response = req_data.getResponseText(): null

2022-11-25 09:13:08 - [TEST_STEP][PASSED] - logInfo($response): {"status":"Done","data":{"requestid1":"254784","requestid2":"254785"}}

2022-11-25 09:13:08 - [MESSAGE][INFO] - {"status":"Done","data":{"requestid1":"254784","requestid2":"254785"}}

2022-11-25 09:13:08 - [TEST_STEP][PASSED] - delay(5): Delayed 5 second(s)

2022-11-25 09:13:13 - [MESSAGE][PASSED] - Delayed 5 second(s)

2022-11-25 09:13:13 - [TEST_STEP][PASSED] - scoring = sendRequest(findTestObject("EngineScore", ["response_searchME_kons":response_searchME_kons, "response_searchME_spouse":response_searchME_spouse])): Send request successfully

2022-11-25 09:13:13 - [MESSAGE][INFO] - HAR: D:\DMS\Engine Scoring\Reports\20221125_090152\Exclude KKB - DS - Married\Scoring Married - KKB\20221125_090152\requests\main\185.har

2022-11-25 09:13:13 - [MESSAGE][PASSED] - Send request successfully

2022-11-25 09:13:13 - [TEST_STEP][PASSED] - verifyResponseStatusCode(scoring, 200): Verify response status code successfully

2022-11-25 09:13:13 - [MESSAGE][PASSED] - Verify response status code successfully

2022-11-25 09:13:13 - [TEST_STEP][PASSED] - response2 = scoring.getResponseText(): null

2022-11-25 09:13:13 - [TEST_STEP][PASSED] - markPassed("result service data ke : " + no): result service data ke : 93

2022-11-25 09:13:13 - [MESSAGE][PASSED] - result service data ke : 93

2022-11-25 09:13:13 - [TEST_STEP][PASSED] - logInfo($response2): {"result_konsumen":"Reguler","result_pasangan":"Approve","Final_result":"Reguler","errorMessage":"","status":"Done"}

2022-11-25 09:13:13 - [MESSAGE][INFO] - {"result_konsumen":"Reguler","result_pasangan":"Approve","Final_result":"Reguler","errorMessage":"","status":"Done"}

2022-11-25 09:13:13 - [TEST_STEP][PASSED] - verifyElementPropertyValue(scoring, "Final_result", final_result): Verify element property value successfully

2022-11-25 09:13:14 - [MESSAGE][PASSED] - Verify element property value successfully]]></system-out>
         <system-err><![CDATA[]]></system-err>
      </testcase>
      <testcase name="Test Cases/Engine_Scoring/Engine Scoring" time="10.906" classname="Test Cases/Engine_Scoring/Engine Scoring" status="PASSED">
         <system-out><![CDATA[2022-11-25 09:13:14 - [TEST_CASE][PASSED] - Test Cases/Engine_Scoring/Engine Scoring: Test Cases/Engine_Scoring/Engine Scoring

2022-11-25 09:13:14 - [TEST_STEP][PASSED] - markPassed("Variasi data ke : " + no): Variasi data ke : 94

2022-11-25 09:13:14 - [MESSAGE][PASSED] - Variasi data ke : 94

2022-11-25 09:13:14 - [TEST_STEP][PASSED] - req_data = sendRequest(findTestObject("Search_ME", ["MID":MID, "source":source, "ip":ip, "userid":userid, "branch":branch, "tipekons":tipekons, "marital":marital, "penjamin":penjamin, ... ])): Send request successfully

2022-11-25 09:13:17 - [MESSAGE][INFO] - HAR: D:\DMS\Engine Scoring\Reports\20221125_090152\Exclude KKB - DS - Married\Scoring Married - KKB\20221125_090152\requests\main\186.har

2022-11-25 09:13:17 - [MESSAGE][PASSED] - Send request successfully

2022-11-25 09:13:17 - [TEST_STEP][PASSED] - slurper = new groovy.json.JsonSlurper(): null

2022-11-25 09:13:17 - [TEST_STEP][PASSED] - result = slurper.parseText(req_data.getResponseBodyContent()): null

2022-11-25 09:13:17 - [TEST_STEP][PASSED] - reqid_kons = requestid1: null

2022-11-25 09:13:17 - [TEST_STEP][PASSED] - reqid_spouse = requestid2: null

2022-11-25 09:13:17 - [TEST_STEP][PASSED] - println("requestid kons : " + reqid_kons): null

2022-11-25 09:13:17 - [TEST_STEP][PASSED] - response_searchME_kons = reqid_kons: null

2022-11-25 09:13:17 - [TEST_STEP][PASSED] - response_searchME_spouse = reqid_spouse: null

2022-11-25 09:13:17 - [TEST_STEP][PASSED] - println("kons req id is :" + response_searchME_kons): null

2022-11-25 09:13:17 - [TEST_STEP][PASSED] - println("spouse req id is : " + response_searchME_spouse): null

2022-11-25 09:13:17 - [TEST_STEP][PASSED] - verifyResponseStatusCode(req_data, 200): Verify response status code successfully

2022-11-25 09:13:17 - [MESSAGE][PASSED] - Verify response status code successfully

2022-11-25 09:13:17 - [TEST_STEP][PASSED] - response = req_data.getResponseText(): null

2022-11-25 09:13:17 - [TEST_STEP][PASSED] - logInfo($response): {"status":"Done","data":{"requestid1":"254786","requestid2":"254787"}}

2022-11-25 09:13:17 - [MESSAGE][INFO] - {"status":"Done","data":{"requestid1":"254786","requestid2":"254787"}}

2022-11-25 09:13:17 - [TEST_STEP][PASSED] - delay(5): Delayed 5 second(s)

2022-11-25 09:13:22 - [MESSAGE][PASSED] - Delayed 5 second(s)

2022-11-25 09:13:22 - [TEST_STEP][PASSED] - scoring = sendRequest(findTestObject("EngineScore", ["response_searchME_kons":response_searchME_kons, "response_searchME_spouse":response_searchME_spouse])): Send request successfully

2022-11-25 09:13:24 - [MESSAGE][INFO] - HAR: D:\DMS\Engine Scoring\Reports\20221125_090152\Exclude KKB - DS - Married\Scoring Married - KKB\20221125_090152\requests\main\187.har

2022-11-25 09:13:24 - [MESSAGE][PASSED] - Send request successfully

2022-11-25 09:13:24 - [TEST_STEP][PASSED] - verifyResponseStatusCode(scoring, 200): Verify response status code successfully

2022-11-25 09:13:24 - [MESSAGE][PASSED] - Verify response status code successfully

2022-11-25 09:13:24 - [TEST_STEP][PASSED] - response2 = scoring.getResponseText(): null

2022-11-25 09:13:24 - [TEST_STEP][PASSED] - markPassed("result service data ke : " + no): result service data ke : 94

2022-11-25 09:13:24 - [MESSAGE][PASSED] - result service data ke : 94

2022-11-25 09:13:24 - [TEST_STEP][PASSED] - logInfo($response2): {"result_konsumen":"Reguler","result_pasangan":"Approve","Final_result":"Reguler","errorMessage":"","status":"Done"}

2022-11-25 09:13:24 - [MESSAGE][INFO] - {"result_konsumen":"Reguler","result_pasangan":"Approve","Final_result":"Reguler","errorMessage":"","status":"Done"}

2022-11-25 09:13:24 - [TEST_STEP][PASSED] - verifyElementPropertyValue(scoring, "Final_result", final_result): Verify element property value successfully

2022-11-25 09:13:24 - [MESSAGE][PASSED] - Verify element property value successfully]]></system-out>
         <system-err><![CDATA[]]></system-err>
      </testcase>
      <testcase name="Test Cases/Engine_Scoring/Engine Scoring" time="9.962" classname="Test Cases/Engine_Scoring/Engine Scoring" status="PASSED">
         <system-out><![CDATA[2022-11-25 09:13:25 - [TEST_CASE][PASSED] - Test Cases/Engine_Scoring/Engine Scoring: Test Cases/Engine_Scoring/Engine Scoring

2022-11-25 09:13:26 - [TEST_STEP][PASSED] - markPassed("Variasi data ke : " + no): Variasi data ke : 95

2022-11-25 09:13:26 - [MESSAGE][PASSED] - Variasi data ke : 95

2022-11-25 09:13:26 - [TEST_STEP][PASSED] - req_data = sendRequest(findTestObject("Search_ME", ["MID":MID, "source":source, "ip":ip, "userid":userid, "branch":branch, "tipekons":tipekons, "marital":marital, "penjamin":penjamin, ... ])): Send request successfully

2022-11-25 09:13:28 - [MESSAGE][INFO] - HAR: D:\DMS\Engine Scoring\Reports\20221125_090152\Exclude KKB - DS - Married\Scoring Married - KKB\20221125_090152\requests\main\188.har

2022-11-25 09:13:28 - [MESSAGE][PASSED] - Send request successfully

2022-11-25 09:13:28 - [TEST_STEP][PASSED] - slurper = new groovy.json.JsonSlurper(): null

2022-11-25 09:13:28 - [TEST_STEP][PASSED] - result = slurper.parseText(req_data.getResponseBodyContent()): null

2022-11-25 09:13:28 - [TEST_STEP][PASSED] - reqid_kons = requestid1: null

2022-11-25 09:13:28 - [TEST_STEP][PASSED] - reqid_spouse = requestid2: null

2022-11-25 09:13:28 - [TEST_STEP][PASSED] - println("requestid kons : " + reqid_kons): null

2022-11-25 09:13:28 - [TEST_STEP][PASSED] - response_searchME_kons = reqid_kons: null

2022-11-25 09:13:28 - [TEST_STEP][PASSED] - response_searchME_spouse = reqid_spouse: null

2022-11-25 09:13:28 - [TEST_STEP][PASSED] - println("kons req id is :" + response_searchME_kons): null

2022-11-25 09:13:28 - [TEST_STEP][PASSED] - println("spouse req id is : " + response_searchME_spouse): null

2022-11-25 09:13:28 - [TEST_STEP][PASSED] - verifyResponseStatusCode(req_data, 200): Verify response status code successfully

2022-11-25 09:13:28 - [MESSAGE][PASSED] - Verify response status code successfully

2022-11-25 09:13:28 - [TEST_STEP][PASSED] - response = req_data.getResponseText(): null

2022-11-25 09:13:28 - [TEST_STEP][PASSED] - logInfo($response): {"status":"Done","data":{"requestid1":"254788","requestid2":"254789"}}

2022-11-25 09:13:28 - [MESSAGE][INFO] - {"status":"Done","data":{"requestid1":"254788","requestid2":"254789"}}

2022-11-25 09:13:28 - [TEST_STEP][PASSED] - delay(5): Delayed 5 second(s)

2022-11-25 09:13:33 - [MESSAGE][PASSED] - Delayed 5 second(s)

2022-11-25 09:13:33 - [TEST_STEP][PASSED] - scoring = sendRequest(findTestObject("EngineScore", ["response_searchME_kons":response_searchME_kons, "response_searchME_spouse":response_searchME_spouse])): Send request successfully

2022-11-25 09:13:34 - [MESSAGE][INFO] - HAR: D:\DMS\Engine Scoring\Reports\20221125_090152\Exclude KKB - DS - Married\Scoring Married - KKB\20221125_090152\requests\main\189.har

2022-11-25 09:13:34 - [MESSAGE][PASSED] - Send request successfully

2022-11-25 09:13:34 - [TEST_STEP][PASSED] - verifyResponseStatusCode(scoring, 200): Verify response status code successfully

2022-11-25 09:13:34 - [MESSAGE][PASSED] - Verify response status code successfully

2022-11-25 09:13:34 - [TEST_STEP][PASSED] - response2 = scoring.getResponseText(): null

2022-11-25 09:13:34 - [TEST_STEP][PASSED] - markPassed("result service data ke : " + no): result service data ke : 95

2022-11-25 09:13:34 - [MESSAGE][PASSED] - result service data ke : 95

2022-11-25 09:13:34 - [TEST_STEP][PASSED] - logInfo($response2): {"result_konsumen":"Reguler","result_pasangan":"Reject","Final_result":"Reject","errorMessage":"","status":"Done"}

2022-11-25 09:13:34 - [MESSAGE][INFO] - {"result_konsumen":"Reguler","result_pasangan":"Reject","Final_result":"Reject","errorMessage":"","status":"Done"}

2022-11-25 09:13:34 - [TEST_STEP][PASSED] - verifyElementPropertyValue(scoring, "Final_result", final_result): Verify element property value successfully

2022-11-25 09:13:35 - [MESSAGE][PASSED] - Verify element property value successfully]]></system-out>
         <system-err><![CDATA[]]></system-err>
      </testcase>
      <testcase name="Test Cases/Engine_Scoring/Engine Scoring" time="10.016" classname="Test Cases/Engine_Scoring/Engine Scoring" status="PASSED">
         <system-out><![CDATA[2022-11-25 09:13:35 - [TEST_CASE][PASSED] - Test Cases/Engine_Scoring/Engine Scoring: Test Cases/Engine_Scoring/Engine Scoring

2022-11-25 09:13:36 - [TEST_STEP][PASSED] - markPassed("Variasi data ke : " + no): Variasi data ke : 96

2022-11-25 09:13:36 - [MESSAGE][PASSED] - Variasi data ke : 96

2022-11-25 09:13:36 - [TEST_STEP][PASSED] - req_data = sendRequest(findTestObject("Search_ME", ["MID":MID, "source":source, "ip":ip, "userid":userid, "branch":branch, "tipekons":tipekons, "marital":marital, "penjamin":penjamin, ... ])): Send request successfully

2022-11-25 09:13:38 - [MESSAGE][INFO] - HAR: D:\DMS\Engine Scoring\Reports\20221125_090152\Exclude KKB - DS - Married\Scoring Married - KKB\20221125_090152\requests\main\190.har

2022-11-25 09:13:38 - [MESSAGE][PASSED] - Send request successfully

2022-11-25 09:13:38 - [TEST_STEP][PASSED] - slurper = new groovy.json.JsonSlurper(): null

2022-11-25 09:13:38 - [TEST_STEP][PASSED] - result = slurper.parseText(req_data.getResponseBodyContent()): null

2022-11-25 09:13:38 - [TEST_STEP][PASSED] - reqid_kons = requestid1: null

2022-11-25 09:13:38 - [TEST_STEP][PASSED] - reqid_spouse = requestid2: null

2022-11-25 09:13:38 - [TEST_STEP][PASSED] - println("requestid kons : " + reqid_kons): null

2022-11-25 09:13:38 - [TEST_STEP][PASSED] - response_searchME_kons = reqid_kons: null

2022-11-25 09:13:38 - [TEST_STEP][PASSED] - response_searchME_spouse = reqid_spouse: null

2022-11-25 09:13:38 - [TEST_STEP][PASSED] - println("kons req id is :" + response_searchME_kons): null

2022-11-25 09:13:38 - [TEST_STEP][PASSED] - println("spouse req id is : " + response_searchME_spouse): null

2022-11-25 09:13:38 - [TEST_STEP][PASSED] - verifyResponseStatusCode(req_data, 200): Verify response status code successfully

2022-11-25 09:13:38 - [MESSAGE][PASSED] - Verify response status code successfully

2022-11-25 09:13:38 - [TEST_STEP][PASSED] - response = req_data.getResponseText(): null

2022-11-25 09:13:38 - [TEST_STEP][PASSED] - logInfo($response): {"status":"Done","data":{"requestid1":"254790","requestid2":"254791"}}

2022-11-25 09:13:38 - [MESSAGE][INFO] - {"status":"Done","data":{"requestid1":"254790","requestid2":"254791"}}

2022-11-25 09:13:38 - [TEST_STEP][PASSED] - delay(5): Delayed 5 second(s)

2022-11-25 09:13:43 - [MESSAGE][PASSED] - Delayed 5 second(s)

2022-11-25 09:13:43 - [TEST_STEP][PASSED] - scoring = sendRequest(findTestObject("EngineScore", ["response_searchME_kons":response_searchME_kons, "response_searchME_spouse":response_searchME_spouse])): Send request successfully

2022-11-25 09:13:45 - [MESSAGE][INFO] - HAR: D:\DMS\Engine Scoring\Reports\20221125_090152\Exclude KKB - DS - Married\Scoring Married - KKB\20221125_090152\requests\main\191.har

2022-11-25 09:13:45 - [MESSAGE][PASSED] - Send request successfully

2022-11-25 09:13:45 - [TEST_STEP][PASSED] - verifyResponseStatusCode(scoring, 200): Verify response status code successfully

2022-11-25 09:13:45 - [MESSAGE][PASSED] - Verify response status code successfully

2022-11-25 09:13:45 - [TEST_STEP][PASSED] - response2 = scoring.getResponseText(): null

2022-11-25 09:13:45 - [TEST_STEP][PASSED] - markPassed("result service data ke : " + no): result service data ke : 96

2022-11-25 09:13:45 - [MESSAGE][PASSED] - result service data ke : 96

2022-11-25 09:13:45 - [TEST_STEP][PASSED] - logInfo($response2): {"result_konsumen":"Reguler","result_pasangan":"Reject","Final_result":"Reject","errorMessage":"","status":"Done"}

2022-11-25 09:13:45 - [MESSAGE][INFO] - {"result_konsumen":"Reguler","result_pasangan":"Reject","Final_result":"Reject","errorMessage":"","status":"Done"}

2022-11-25 09:13:45 - [TEST_STEP][PASSED] - verifyElementPropertyValue(scoring, "Final_result", final_result): Verify element property value successfully

2022-11-25 09:13:45 - [MESSAGE][PASSED] - Verify element property value successfully]]></system-out>
         <system-err><![CDATA[]]></system-err>
      </testcase>
      <testcase name="Test Cases/Engine_Scoring/Engine Scoring" time="9.478" classname="Test Cases/Engine_Scoring/Engine Scoring" status="PASSED">
         <system-out><![CDATA[2022-11-25 09:13:45 - [TEST_CASE][PASSED] - Test Cases/Engine_Scoring/Engine Scoring: Test Cases/Engine_Scoring/Engine Scoring

2022-11-25 09:13:46 - [TEST_STEP][PASSED] - markPassed("Variasi data ke : " + no): Variasi data ke : 97

2022-11-25 09:13:46 - [MESSAGE][PASSED] - Variasi data ke : 97

2022-11-25 09:13:46 - [TEST_STEP][PASSED] - req_data = sendRequest(findTestObject("Search_ME", ["MID":MID, "source":source, "ip":ip, "userid":userid, "branch":branch, "tipekons":tipekons, "marital":marital, "penjamin":penjamin, ... ])): Send request successfully

2022-11-25 09:13:49 - [MESSAGE][INFO] - HAR: D:\DMS\Engine Scoring\Reports\20221125_090152\Exclude KKB - DS - Married\Scoring Married - KKB\20221125_090152\requests\main\192.har

2022-11-25 09:13:49 - [MESSAGE][PASSED] - Send request successfully

2022-11-25 09:13:49 - [TEST_STEP][PASSED] - slurper = new groovy.json.JsonSlurper(): null

2022-11-25 09:13:49 - [TEST_STEP][PASSED] - result = slurper.parseText(req_data.getResponseBodyContent()): null

2022-11-25 09:13:49 - [TEST_STEP][PASSED] - reqid_kons = requestid1: null

2022-11-25 09:13:49 - [TEST_STEP][PASSED] - reqid_spouse = requestid2: null

2022-11-25 09:13:49 - [TEST_STEP][PASSED] - println("requestid kons : " + reqid_kons): null

2022-11-25 09:13:49 - [TEST_STEP][PASSED] - response_searchME_kons = reqid_kons: null

2022-11-25 09:13:49 - [TEST_STEP][PASSED] - response_searchME_spouse = reqid_spouse: null

2022-11-25 09:13:49 - [TEST_STEP][PASSED] - println("kons req id is :" + response_searchME_kons): null

2022-11-25 09:13:49 - [TEST_STEP][PASSED] - println("spouse req id is : " + response_searchME_spouse): null

2022-11-25 09:13:49 - [TEST_STEP][PASSED] - verifyResponseStatusCode(req_data, 200): Verify response status code successfully

2022-11-25 09:13:49 - [MESSAGE][PASSED] - Verify response status code successfully

2022-11-25 09:13:49 - [TEST_STEP][PASSED] - response = req_data.getResponseText(): null

2022-11-25 09:13:49 - [TEST_STEP][PASSED] - logInfo($response): {"status":"Done","data":{"requestid1":"254792","requestid2":"254793"}}

2022-11-25 09:13:49 - [MESSAGE][INFO] - {"status":"Done","data":{"requestid1":"254792","requestid2":"254793"}}

2022-11-25 09:13:49 - [TEST_STEP][PASSED] - delay(5): Delayed 5 second(s)

2022-11-25 09:13:54 - [MESSAGE][PASSED] - Delayed 5 second(s)

2022-11-25 09:13:54 - [TEST_STEP][PASSED] - scoring = sendRequest(findTestObject("EngineScore", ["response_searchME_kons":response_searchME_kons, "response_searchME_spouse":response_searchME_spouse])): Send request successfully

2022-11-25 09:13:54 - [MESSAGE][INFO] - HAR: D:\DMS\Engine Scoring\Reports\20221125_090152\Exclude KKB - DS - Married\Scoring Married - KKB\20221125_090152\requests\main\193.har

2022-11-25 09:13:54 - [MESSAGE][PASSED] - Send request successfully

2022-11-25 09:13:54 - [TEST_STEP][PASSED] - verifyResponseStatusCode(scoring, 200): Verify response status code successfully

2022-11-25 09:13:54 - [MESSAGE][PASSED] - Verify response status code successfully

2022-11-25 09:13:54 - [TEST_STEP][PASSED] - response2 = scoring.getResponseText(): null

2022-11-25 09:13:54 - [TEST_STEP][PASSED] - markPassed("result service data ke : " + no): result service data ke : 97

2022-11-25 09:13:54 - [MESSAGE][PASSED] - result service data ke : 97

2022-11-25 09:13:54 - [TEST_STEP][PASSED] - logInfo($response2): {"result_konsumen":"Reguler","result_pasangan":"Reguler","Final_result":"Reguler","errorMessage":"","status":"Done"}

2022-11-25 09:13:54 - [MESSAGE][INFO] - {"result_konsumen":"Reguler","result_pasangan":"Reguler","Final_result":"Reguler","errorMessage":"","status":"Done"}

2022-11-25 09:13:54 - [TEST_STEP][PASSED] - verifyElementPropertyValue(scoring, "Final_result", final_result): Verify element property value successfully

2022-11-25 09:13:54 - [MESSAGE][PASSED] - Verify element property value successfully]]></system-out>
         <system-err><![CDATA[]]></system-err>
      </testcase>
      <testcase name="Test Cases/Engine_Scoring/Engine Scoring" time="8.262" classname="Test Cases/Engine_Scoring/Engine Scoring" status="PASSED">
         <system-out><![CDATA[2022-11-25 09:13:54 - [TEST_CASE][PASSED] - Test Cases/Engine_Scoring/Engine Scoring: Test Cases/Engine_Scoring/Engine Scoring

2022-11-25 09:13:55 - [TEST_STEP][PASSED] - markPassed("Variasi data ke : " + no): Variasi data ke : 98

2022-11-25 09:13:55 - [MESSAGE][PASSED] - Variasi data ke : 98

2022-11-25 09:13:55 - [TEST_STEP][PASSED] - req_data = sendRequest(findTestObject("Search_ME", ["MID":MID, "source":source, "ip":ip, "userid":userid, "branch":branch, "tipekons":tipekons, "marital":marital, "penjamin":penjamin, ... ])): Send request successfully

2022-11-25 09:13:56 - [MESSAGE][INFO] - HAR: D:\DMS\Engine Scoring\Reports\20221125_090152\Exclude KKB - DS - Married\Scoring Married - KKB\20221125_090152\requests\main\194.har

2022-11-25 09:13:56 - [MESSAGE][PASSED] - Send request successfully

2022-11-25 09:13:56 - [TEST_STEP][PASSED] - slurper = new groovy.json.JsonSlurper(): null

2022-11-25 09:13:56 - [TEST_STEP][PASSED] - result = slurper.parseText(req_data.getResponseBodyContent()): null

2022-11-25 09:13:56 - [TEST_STEP][PASSED] - reqid_kons = requestid1: null

2022-11-25 09:13:56 - [TEST_STEP][PASSED] - reqid_spouse = requestid2: null

2022-11-25 09:13:56 - [TEST_STEP][PASSED] - println("requestid kons : " + reqid_kons): null

2022-11-25 09:13:56 - [TEST_STEP][PASSED] - response_searchME_kons = reqid_kons: null

2022-11-25 09:13:56 - [TEST_STEP][PASSED] - response_searchME_spouse = reqid_spouse: null

2022-11-25 09:13:56 - [TEST_STEP][PASSED] - println("kons req id is :" + response_searchME_kons): null

2022-11-25 09:13:56 - [TEST_STEP][PASSED] - println("spouse req id is : " + response_searchME_spouse): null

2022-11-25 09:13:56 - [TEST_STEP][PASSED] - verifyResponseStatusCode(req_data, 200): Verify response status code successfully

2022-11-25 09:13:56 - [MESSAGE][PASSED] - Verify response status code successfully

2022-11-25 09:13:56 - [TEST_STEP][PASSED] - response = req_data.getResponseText(): null

2022-11-25 09:13:56 - [TEST_STEP][PASSED] - logInfo($response): {"status":"Done","data":{"requestid1":"254794","requestid2":"254795"}}

2022-11-25 09:13:56 - [MESSAGE][INFO] - {"status":"Done","data":{"requestid1":"254794","requestid2":"254795"}}

2022-11-25 09:13:56 - [TEST_STEP][PASSED] - delay(5): Delayed 5 second(s)

2022-11-25 09:14:01 - [MESSAGE][PASSED] - Delayed 5 second(s)

2022-11-25 09:14:01 - [TEST_STEP][PASSED] - scoring = sendRequest(findTestObject("EngineScore", ["response_searchME_kons":response_searchME_kons, "response_searchME_spouse":response_searchME_spouse])): Send request successfully

2022-11-25 09:14:03 - [MESSAGE][INFO] - HAR: D:\DMS\Engine Scoring\Reports\20221125_090152\Exclude KKB - DS - Married\Scoring Married - KKB\20221125_090152\requests\main\195.har

2022-11-25 09:14:03 - [MESSAGE][PASSED] - Send request successfully

2022-11-25 09:14:03 - [TEST_STEP][PASSED] - verifyResponseStatusCode(scoring, 200): Verify response status code successfully

2022-11-25 09:14:03 - [MESSAGE][PASSED] - Verify response status code successfully

2022-11-25 09:14:03 - [TEST_STEP][PASSED] - response2 = scoring.getResponseText(): null

2022-11-25 09:14:03 - [TEST_STEP][PASSED] - markPassed("result service data ke : " + no): result service data ke : 98

2022-11-25 09:14:03 - [MESSAGE][PASSED] - result service data ke : 98

2022-11-25 09:14:03 - [TEST_STEP][PASSED] - logInfo($response2): {"result_konsumen":"Reguler","result_pasangan":"Reguler","Final_result":"Reguler","errorMessage":"","status":"Done"}

2022-11-25 09:14:03 - [MESSAGE][INFO] - {"result_konsumen":"Reguler","result_pasangan":"Reguler","Final_result":"Reguler","errorMessage":"","status":"Done"}

2022-11-25 09:14:03 - [TEST_STEP][PASSED] - verifyElementPropertyValue(scoring, "Final_result", final_result): Verify element property value successfully

2022-11-25 09:14:03 - [MESSAGE][PASSED] - Verify element property value successfully]]></system-out>
         <system-err><![CDATA[]]></system-err>
      </testcase>
      <testcase name="Test Cases/Engine_Scoring/Engine Scoring" time="9.578" classname="Test Cases/Engine_Scoring/Engine Scoring" status="PASSED">
         <system-out><![CDATA[2022-11-25 09:14:03 - [TEST_CASE][PASSED] - Test Cases/Engine_Scoring/Engine Scoring: Test Cases/Engine_Scoring/Engine Scoring

2022-11-25 09:14:04 - [TEST_STEP][PASSED] - markPassed("Variasi data ke : " + no): Variasi data ke : 99

2022-11-25 09:14:04 - [MESSAGE][PASSED] - Variasi data ke : 99

2022-11-25 09:14:04 - [TEST_STEP][PASSED] - req_data = sendRequest(findTestObject("Search_ME", ["MID":MID, "source":source, "ip":ip, "userid":userid, "branch":branch, "tipekons":tipekons, "marital":marital, "penjamin":penjamin, ... ])): Send request successfully

2022-11-25 09:14:06 - [MESSAGE][INFO] - HAR: D:\DMS\Engine Scoring\Reports\20221125_090152\Exclude KKB - DS - Married\Scoring Married - KKB\20221125_090152\requests\main\196.har

2022-11-25 09:14:06 - [MESSAGE][PASSED] - Send request successfully

2022-11-25 09:14:06 - [TEST_STEP][PASSED] - slurper = new groovy.json.JsonSlurper(): null

2022-11-25 09:14:06 - [TEST_STEP][PASSED] - result = slurper.parseText(req_data.getResponseBodyContent()): null

2022-11-25 09:14:06 - [TEST_STEP][PASSED] - reqid_kons = requestid1: null

2022-11-25 09:14:06 - [TEST_STEP][PASSED] - reqid_spouse = requestid2: null

2022-11-25 09:14:06 - [TEST_STEP][PASSED] - println("requestid kons : " + reqid_kons): null

2022-11-25 09:14:06 - [TEST_STEP][PASSED] - response_searchME_kons = reqid_kons: null

2022-11-25 09:14:06 - [TEST_STEP][PASSED] - response_searchME_spouse = reqid_spouse: null

2022-11-25 09:14:06 - [TEST_STEP][PASSED] - println("kons req id is :" + response_searchME_kons): null

2022-11-25 09:14:06 - [TEST_STEP][PASSED] - println("spouse req id is : " + response_searchME_spouse): null

2022-11-25 09:14:06 - [TEST_STEP][PASSED] - verifyResponseStatusCode(req_data, 200): Verify response status code successfully

2022-11-25 09:14:06 - [MESSAGE][PASSED] - Verify response status code successfully

2022-11-25 09:14:06 - [TEST_STEP][PASSED] - response = req_data.getResponseText(): null

2022-11-25 09:14:06 - [TEST_STEP][PASSED] - logInfo($response): {"status":"Done","data":{"requestid1":"254796","requestid2":"254797"}}

2022-11-25 09:14:06 - [MESSAGE][INFO] - {"status":"Done","data":{"requestid1":"254796","requestid2":"254797"}}

2022-11-25 09:14:06 - [TEST_STEP][PASSED] - delay(5): Delayed 5 second(s)

2022-11-25 09:14:11 - [MESSAGE][PASSED] - Delayed 5 second(s)

2022-11-25 09:14:11 - [TEST_STEP][PASSED] - scoring = sendRequest(findTestObject("EngineScore", ["response_searchME_kons":response_searchME_kons, "response_searchME_spouse":response_searchME_spouse])): Send request successfully

2022-11-25 09:14:12 - [MESSAGE][INFO] - HAR: D:\DMS\Engine Scoring\Reports\20221125_090152\Exclude KKB - DS - Married\Scoring Married - KKB\20221125_090152\requests\main\197.har

2022-11-25 09:14:12 - [MESSAGE][PASSED] - Send request successfully

2022-11-25 09:14:12 - [TEST_STEP][PASSED] - verifyResponseStatusCode(scoring, 200): Verify response status code successfully

2022-11-25 09:14:12 - [MESSAGE][PASSED] - Verify response status code successfully

2022-11-25 09:14:12 - [TEST_STEP][PASSED] - response2 = scoring.getResponseText(): null

2022-11-25 09:14:12 - [TEST_STEP][PASSED] - markPassed("result service data ke : " + no): result service data ke : 99

2022-11-25 09:14:12 - [MESSAGE][PASSED] - result service data ke : 99

2022-11-25 09:14:12 - [TEST_STEP][PASSED] - logInfo($response2): {"result_konsumen":"Reguler","result_pasangan":"Reguler","Final_result":"Reguler","errorMessage":"","status":"Done"}

2022-11-25 09:14:12 - [MESSAGE][INFO] - {"result_konsumen":"Reguler","result_pasangan":"Reguler","Final_result":"Reguler","errorMessage":"","status":"Done"}

2022-11-25 09:14:12 - [TEST_STEP][PASSED] - verifyElementPropertyValue(scoring, "Final_result", final_result): Verify element property value successfully

2022-11-25 09:14:12 - [MESSAGE][PASSED] - Verify element property value successfully]]></system-out>
         <system-err><![CDATA[]]></system-err>
      </testcase>
      <system-out><![CDATA[2022-11-25 09:01:58 - [TEST_SUITE][PASSED] - Scoring Married - KKB: Test Cases/Engine_Scoring/Engine Scoring]]></system-out>
      <system-err><![CDATA[]]></system-err>
   </testsuite>
</testsuites>
