<?xml version="1.0" encoding="UTF-8"?>
<testsuites name="Scoring Individu - CS" time="1657.012" tests="291" failures="0" errors="0">
   <testsuite name="Scoring Individu - CS" tests="291" failures="0" errors="0" time="1657.012" skipped="0" timestamp="2022-11-22 14:38:02" hostname="bcafmaster - WPI20220318001.bcaf.co.id" id="Test Suites/Exclude KKB - DS/Scoring Individu - CS">
      <properties>
         <property name="deviceName" value=""/>
         <property name="devicePlatform" value=""/>
         <property name="logFolder" value="D:\\DMS\\Engine Scoring\\Reports\\20221122_143755\\Exclude KKB - DS\\Scoring Individu - CS\\20221122_143756"/>
         <property name="logFiles" value="D:\\DMS\\Engine Scoring\\Reports\\20221122_143755\\Exclude KKB - DS\\Scoring Individu - CS\\20221122_143756\\execution0.log, D:\\DMS\\Engine Scoring\\Reports\\20221122_143755\\Exclude KKB - DS\\Scoring Individu - CS\\20221122_143756\\execution1.log, D:\\DMS\\Engine Scoring\\Reports\\20221122_143755\\Exclude KKB - DS\\Scoring Individu - CS\\20221122_143756\\execution2.log, D:\\DMS\\Engine Scoring\\Reports\\20221122_143755\\Exclude KKB - DS\\Scoring Individu - CS\\20221122_143756\\execution3.log"/>
         <property name="attachments" value=""/>
         <property name="hostName" value="bcafmaster - WPI20220318001.bcaf.co.id"/>
         <property name="hostAddress" value="10.10.8.57"/>
         <property name="os" value="Windows 10 64bit"/>
         <property name="katalonVersion" value="8.2.5.208"/>
      </properties>
      <testcase name="Test Cases/Engine_Scoring/Engine Scoring" time="6.268" classname="Test Cases/Engine_Scoring/Engine Scoring" status="PASSED">
         <system-out><![CDATA[2022-11-22 14:38:02 - [TEST_CASE][PASSED] - Test Cases/Engine_Scoring/Engine Scoring: Test Cases/Engine_Scoring/Engine Scoring

2022-11-22 14:38:04 - [TEST_STEP][PASSED] - markPassed("Variasi data ke : " + no): Variasi data ke : 1

2022-11-22 14:38:04 - [MESSAGE][PASSED] - Variasi data ke : 1

2022-11-22 14:38:04 - [TEST_STEP][PASSED] - req_data = sendRequest(findTestObject("Search_ME", ["MID":MID, "source":source, "ip":ip, "userid":userid, "branch":branch, "tipekons":tipekons, "marital":marital, "penjamin":penjamin, ... ])): Send request successfully

2022-11-22 14:38:05 - [MESSAGE][INFO] - HAR: D:\DMS\Engine Scoring\Reports\20221122_143755\Exclude KKB - DS\Scoring Individu - CS\20221122_143756\requests\main\0.har

2022-11-22 14:38:05 - [MESSAGE][PASSED] - Send request successfully

2022-11-22 14:38:05 - [TEST_STEP][PASSED] - slurper = new groovy.json.JsonSlurper(): null

2022-11-22 14:38:05 - [TEST_STEP][PASSED] - result = slurper.parseText(req_data.getResponseBodyContent()): null

2022-11-22 14:38:05 - [TEST_STEP][PASSED] - reqid_kons = requestid1: null

2022-11-22 14:38:05 - [TEST_STEP][PASSED] - reqid_spouse = requestid2: null

2022-11-22 14:38:05 - [TEST_STEP][PASSED] - println("requestid kons : " + reqid_kons): null

2022-11-22 14:38:05 - [TEST_STEP][PASSED] - response_searchME_kons = reqid_kons: null

2022-11-22 14:38:05 - [TEST_STEP][PASSED] - response_searchME_spouse = reqid_spouse: null

2022-11-22 14:38:05 - [TEST_STEP][PASSED] - println("kons req id is :" + response_searchME_kons): null

2022-11-22 14:38:05 - [TEST_STEP][PASSED] - println("spouse req id is : " + response_searchME_spouse): null

2022-11-22 14:38:05 - [TEST_STEP][PASSED] - verifyResponseStatusCode(req_data, 200): Verify response status code successfully

2022-11-22 14:38:05 - [MESSAGE][PASSED] - Verify response status code successfully

2022-11-22 14:38:05 - [TEST_STEP][PASSED] - response = req_data.getResponseText(): null

2022-11-22 14:38:05 - [TEST_STEP][PASSED] - logInfo($response): {"status":"Done","data":{"requestid1":"241541","requestid2":""}}

2022-11-22 14:38:05 - [MESSAGE][INFO] - {"status":"Done","data":{"requestid1":"241541","requestid2":""}}

2022-11-22 14:38:05 - [TEST_STEP][PASSED] - delay(3): Delayed 3 second(s)

2022-11-22 14:38:08 - [MESSAGE][PASSED] - Delayed 3 second(s)

2022-11-22 14:38:09 - [TEST_STEP][PASSED] - scoring = sendRequest(findTestObject("EngineScore", ["response_searchME_kons":response_searchME_kons, "response_searchME_spouse":response_searchME_spouse])): Send request successfully

2022-11-22 14:38:09 - [MESSAGE][INFO] - HAR: D:\DMS\Engine Scoring\Reports\20221122_143755\Exclude KKB - DS\Scoring Individu - CS\20221122_143756\requests\main\1.har

2022-11-22 14:38:09 - [MESSAGE][PASSED] - Send request successfully

2022-11-22 14:38:09 - [TEST_STEP][PASSED] - verifyResponseStatusCode(scoring, 200): Verify response status code successfully

2022-11-22 14:38:09 - [MESSAGE][PASSED] - Verify response status code successfully

2022-11-22 14:38:09 - [TEST_STEP][PASSED] - response2 = scoring.getResponseText(): null

2022-11-22 14:38:09 - [TEST_STEP][PASSED] - markPassed("result service data ke : " + no): result service data ke : 1

2022-11-22 14:38:09 - [MESSAGE][PASSED] - result service data ke : 1

2022-11-22 14:38:09 - [TEST_STEP][PASSED] - logInfo($response2): {"result_konsumen":"Approve","result_pasangan":"","Final_result":"Approve","errorMessage":"","status":"Done"}

2022-11-22 14:38:09 - [MESSAGE][INFO] - {"result_konsumen":"Approve","result_pasangan":"","Final_result":"Approve","errorMessage":"","status":"Done"}

2022-11-22 14:38:09 - [TEST_STEP][PASSED] - verifyElementPropertyValue(scoring, "Final_result", final_result): Verify element property value successfully

2022-11-22 14:38:09 - [MESSAGE][PASSED] - Verify element property value successfully]]></system-out>
         <system-err><![CDATA[]]></system-err>
      </testcase>
      <testcase name="Test Cases/Engine_Scoring/Engine Scoring" time="4.965" classname="Test Cases/Engine_Scoring/Engine Scoring" status="PASSED">
         <system-out><![CDATA[2022-11-22 14:38:09 - [TEST_CASE][PASSED] - Test Cases/Engine_Scoring/Engine Scoring: Test Cases/Engine_Scoring/Engine Scoring

2022-11-22 14:38:10 - [TEST_STEP][PASSED] - markPassed("Variasi data ke : " + no): Variasi data ke : 2

2022-11-22 14:38:10 - [MESSAGE][PASSED] - Variasi data ke : 2

2022-11-22 14:38:10 - [TEST_STEP][PASSED] - req_data = sendRequest(findTestObject("Search_ME", ["MID":MID, "source":source, "ip":ip, "userid":userid, "branch":branch, "tipekons":tipekons, "marital":marital, "penjamin":penjamin, ... ])): Send request successfully

2022-11-22 14:38:11 - [MESSAGE][INFO] - HAR: D:\DMS\Engine Scoring\Reports\20221122_143755\Exclude KKB - DS\Scoring Individu - CS\20221122_143756\requests\main\2.har

2022-11-22 14:38:11 - [MESSAGE][PASSED] - Send request successfully

2022-11-22 14:38:11 - [TEST_STEP][PASSED] - slurper = new groovy.json.JsonSlurper(): null

2022-11-22 14:38:11 - [TEST_STEP][PASSED] - result = slurper.parseText(req_data.getResponseBodyContent()): null

2022-11-22 14:38:11 - [TEST_STEP][PASSED] - reqid_kons = requestid1: null

2022-11-22 14:38:11 - [TEST_STEP][PASSED] - reqid_spouse = requestid2: null

2022-11-22 14:38:11 - [TEST_STEP][PASSED] - println("requestid kons : " + reqid_kons): null

2022-11-22 14:38:11 - [TEST_STEP][PASSED] - response_searchME_kons = reqid_kons: null

2022-11-22 14:38:11 - [TEST_STEP][PASSED] - response_searchME_spouse = reqid_spouse: null

2022-11-22 14:38:11 - [TEST_STEP][PASSED] - println("kons req id is :" + response_searchME_kons): null

2022-11-22 14:38:11 - [TEST_STEP][PASSED] - println("spouse req id is : " + response_searchME_spouse): null

2022-11-22 14:38:11 - [TEST_STEP][PASSED] - verifyResponseStatusCode(req_data, 200): Verify response status code successfully

2022-11-22 14:38:11 - [MESSAGE][PASSED] - Verify response status code successfully

2022-11-22 14:38:11 - [TEST_STEP][PASSED] - response = req_data.getResponseText(): null

2022-11-22 14:38:11 - [TEST_STEP][PASSED] - logInfo($response): {"status":"Done","data":{"requestid1":"241542","requestid2":""}}

2022-11-22 14:38:11 - [MESSAGE][INFO] - {"status":"Done","data":{"requestid1":"241542","requestid2":""}}

2022-11-22 14:38:11 - [TEST_STEP][PASSED] - delay(3): Delayed 3 second(s)

2022-11-22 14:38:14 - [MESSAGE][PASSED] - Delayed 3 second(s)

2022-11-22 14:38:14 - [TEST_STEP][PASSED] - scoring = sendRequest(findTestObject("EngineScore", ["response_searchME_kons":response_searchME_kons, "response_searchME_spouse":response_searchME_spouse])): Send request successfully

2022-11-22 14:38:14 - [MESSAGE][INFO] - HAR: D:\DMS\Engine Scoring\Reports\20221122_143755\Exclude KKB - DS\Scoring Individu - CS\20221122_143756\requests\main\3.har

2022-11-22 14:38:14 - [MESSAGE][PASSED] - Send request successfully

2022-11-22 14:38:14 - [TEST_STEP][PASSED] - verifyResponseStatusCode(scoring, 200): Verify response status code successfully

2022-11-22 14:38:14 - [MESSAGE][PASSED] - Verify response status code successfully

2022-11-22 14:38:14 - [TEST_STEP][PASSED] - response2 = scoring.getResponseText(): null

2022-11-22 14:38:14 - [TEST_STEP][PASSED] - markPassed("result service data ke : " + no): result service data ke : 2

2022-11-22 14:38:14 - [MESSAGE][PASSED] - result service data ke : 2

2022-11-22 14:38:14 - [TEST_STEP][PASSED] - logInfo($response2): {"result_konsumen":"Approve","result_pasangan":"","Final_result":"Approve","errorMessage":"","status":"Done"}

2022-11-22 14:38:14 - [MESSAGE][INFO] - {"result_konsumen":"Approve","result_pasangan":"","Final_result":"Approve","errorMessage":"","status":"Done"}

2022-11-22 14:38:14 - [TEST_STEP][PASSED] - verifyElementPropertyValue(scoring, "Final_result", final_result): Verify element property value successfully

2022-11-22 14:38:14 - [MESSAGE][PASSED] - Verify element property value successfully]]></system-out>
         <system-err><![CDATA[]]></system-err>
      </testcase>
      <testcase name="Test Cases/Engine_Scoring/Engine Scoring" time="4.684" classname="Test Cases/Engine_Scoring/Engine Scoring" status="PASSED">
         <system-out><![CDATA[2022-11-22 14:38:14 - [TEST_CASE][PASSED] - Test Cases/Engine_Scoring/Engine Scoring: Test Cases/Engine_Scoring/Engine Scoring

2022-11-22 14:38:14 - [TEST_STEP][PASSED] - markPassed("Variasi data ke : " + no): Variasi data ke : 3

2022-11-22 14:38:14 - [MESSAGE][PASSED] - Variasi data ke : 3

2022-11-22 14:38:14 - [TEST_STEP][PASSED] - req_data = sendRequest(findTestObject("Search_ME", ["MID":MID, "source":source, "ip":ip, "userid":userid, "branch":branch, "tipekons":tipekons, "marital":marital, "penjamin":penjamin, ... ])): Send request successfully

2022-11-22 14:38:15 - [MESSAGE][INFO] - HAR: D:\DMS\Engine Scoring\Reports\20221122_143755\Exclude KKB - DS\Scoring Individu - CS\20221122_143756\requests\main\4.har

2022-11-22 14:38:15 - [MESSAGE][PASSED] - Send request successfully

2022-11-22 14:38:15 - [TEST_STEP][PASSED] - slurper = new groovy.json.JsonSlurper(): null

2022-11-22 14:38:15 - [TEST_STEP][PASSED] - result = slurper.parseText(req_data.getResponseBodyContent()): null

2022-11-22 14:38:15 - [TEST_STEP][PASSED] - reqid_kons = requestid1: null

2022-11-22 14:38:15 - [TEST_STEP][PASSED] - reqid_spouse = requestid2: null

2022-11-22 14:38:15 - [TEST_STEP][PASSED] - println("requestid kons : " + reqid_kons): null

2022-11-22 14:38:15 - [TEST_STEP][PASSED] - response_searchME_kons = reqid_kons: null

2022-11-22 14:38:15 - [TEST_STEP][PASSED] - response_searchME_spouse = reqid_spouse: null

2022-11-22 14:38:15 - [TEST_STEP][PASSED] - println("kons req id is :" + response_searchME_kons): null

2022-11-22 14:38:15 - [TEST_STEP][PASSED] - println("spouse req id is : " + response_searchME_spouse): null

2022-11-22 14:38:15 - [TEST_STEP][PASSED] - verifyResponseStatusCode(req_data, 200): Verify response status code successfully

2022-11-22 14:38:15 - [MESSAGE][PASSED] - Verify response status code successfully

2022-11-22 14:38:15 - [TEST_STEP][PASSED] - response = req_data.getResponseText(): null

2022-11-22 14:38:15 - [TEST_STEP][PASSED] - logInfo($response): {"status":"Done","data":{"requestid1":"241543","requestid2":""}}

2022-11-22 14:38:15 - [MESSAGE][INFO] - {"status":"Done","data":{"requestid1":"241543","requestid2":""}}

2022-11-22 14:38:15 - [TEST_STEP][PASSED] - delay(3): Delayed 3 second(s)

2022-11-22 14:38:18 - [MESSAGE][PASSED] - Delayed 3 second(s)

2022-11-22 14:38:18 - [TEST_STEP][PASSED] - scoring = sendRequest(findTestObject("EngineScore", ["response_searchME_kons":response_searchME_kons, "response_searchME_spouse":response_searchME_spouse])): Send request successfully

2022-11-22 14:38:18 - [MESSAGE][INFO] - HAR: D:\DMS\Engine Scoring\Reports\20221122_143755\Exclude KKB - DS\Scoring Individu - CS\20221122_143756\requests\main\5.har

2022-11-22 14:38:18 - [MESSAGE][PASSED] - Send request successfully

2022-11-22 14:38:18 - [TEST_STEP][PASSED] - verifyResponseStatusCode(scoring, 200): Verify response status code successfully

2022-11-22 14:38:18 - [MESSAGE][PASSED] - Verify response status code successfully

2022-11-22 14:38:18 - [TEST_STEP][PASSED] - response2 = scoring.getResponseText(): null

2022-11-22 14:38:18 - [TEST_STEP][PASSED] - markPassed("result service data ke : " + no): result service data ke : 3

2022-11-22 14:38:18 - [MESSAGE][PASSED] - result service data ke : 3

2022-11-22 14:38:18 - [TEST_STEP][PASSED] - logInfo($response2): {"result_konsumen":"Approve","result_pasangan":"","Final_result":"Approve","errorMessage":"","status":"Done"}

2022-11-22 14:38:18 - [MESSAGE][INFO] - {"result_konsumen":"Approve","result_pasangan":"","Final_result":"Approve","errorMessage":"","status":"Done"}

2022-11-22 14:38:18 - [TEST_STEP][PASSED] - verifyElementPropertyValue(scoring, "Final_result", final_result): Verify element property value successfully

2022-11-22 14:38:18 - [MESSAGE][PASSED] - Verify element property value successfully]]></system-out>
         <system-err><![CDATA[]]></system-err>
      </testcase>
      <testcase name="Test Cases/Engine_Scoring/Engine Scoring" time="4.639" classname="Test Cases/Engine_Scoring/Engine Scoring" status="PASSED">
         <system-out><![CDATA[2022-11-22 14:38:18 - [TEST_CASE][PASSED] - Test Cases/Engine_Scoring/Engine Scoring: Test Cases/Engine_Scoring/Engine Scoring

2022-11-22 14:38:19 - [TEST_STEP][PASSED] - markPassed("Variasi data ke : " + no): Variasi data ke : 4

2022-11-22 14:38:19 - [MESSAGE][PASSED] - Variasi data ke : 4

2022-11-22 14:38:19 - [TEST_STEP][PASSED] - req_data = sendRequest(findTestObject("Search_ME", ["MID":MID, "source":source, "ip":ip, "userid":userid, "branch":branch, "tipekons":tipekons, "marital":marital, "penjamin":penjamin, ... ])): Send request successfully

2022-11-22 14:38:20 - [MESSAGE][INFO] - HAR: D:\DMS\Engine Scoring\Reports\20221122_143755\Exclude KKB - DS\Scoring Individu - CS\20221122_143756\requests\main\6.har

2022-11-22 14:38:20 - [MESSAGE][PASSED] - Send request successfully

2022-11-22 14:38:20 - [TEST_STEP][PASSED] - slurper = new groovy.json.JsonSlurper(): null

2022-11-22 14:38:20 - [TEST_STEP][PASSED] - result = slurper.parseText(req_data.getResponseBodyContent()): null

2022-11-22 14:38:20 - [TEST_STEP][PASSED] - reqid_kons = requestid1: null

2022-11-22 14:38:20 - [TEST_STEP][PASSED] - reqid_spouse = requestid2: null

2022-11-22 14:38:20 - [TEST_STEP][PASSED] - println("requestid kons : " + reqid_kons): null

2022-11-22 14:38:20 - [TEST_STEP][PASSED] - response_searchME_kons = reqid_kons: null

2022-11-22 14:38:20 - [TEST_STEP][PASSED] - response_searchME_spouse = reqid_spouse: null

2022-11-22 14:38:20 - [TEST_STEP][PASSED] - println("kons req id is :" + response_searchME_kons): null

2022-11-22 14:38:20 - [TEST_STEP][PASSED] - println("spouse req id is : " + response_searchME_spouse): null

2022-11-22 14:38:20 - [TEST_STEP][PASSED] - verifyResponseStatusCode(req_data, 200): Verify response status code successfully

2022-11-22 14:38:20 - [MESSAGE][PASSED] - Verify response status code successfully

2022-11-22 14:38:20 - [TEST_STEP][PASSED] - response = req_data.getResponseText(): null

2022-11-22 14:38:20 - [TEST_STEP][PASSED] - logInfo($response): {"status":"Done","data":{"requestid1":"241544","requestid2":""}}

2022-11-22 14:38:20 - [MESSAGE][INFO] - {"status":"Done","data":{"requestid1":"241544","requestid2":""}}

2022-11-22 14:38:20 - [TEST_STEP][PASSED] - delay(3): Delayed 3 second(s)

2022-11-22 14:38:23 - [MESSAGE][PASSED] - Delayed 3 second(s)

2022-11-22 14:38:23 - [TEST_STEP][PASSED] - scoring = sendRequest(findTestObject("EngineScore", ["response_searchME_kons":response_searchME_kons, "response_searchME_spouse":response_searchME_spouse])): Send request successfully

2022-11-22 14:38:23 - [MESSAGE][INFO] - HAR: D:\DMS\Engine Scoring\Reports\20221122_143755\Exclude KKB - DS\Scoring Individu - CS\20221122_143756\requests\main\7.har

2022-11-22 14:38:23 - [MESSAGE][PASSED] - Send request successfully

2022-11-22 14:38:23 - [TEST_STEP][PASSED] - verifyResponseStatusCode(scoring, 200): Verify response status code successfully

2022-11-22 14:38:23 - [MESSAGE][PASSED] - Verify response status code successfully

2022-11-22 14:38:23 - [TEST_STEP][PASSED] - response2 = scoring.getResponseText(): null

2022-11-22 14:38:23 - [TEST_STEP][PASSED] - markPassed("result service data ke : " + no): result service data ke : 4

2022-11-22 14:38:23 - [MESSAGE][PASSED] - result service data ke : 4

2022-11-22 14:38:23 - [TEST_STEP][PASSED] - logInfo($response2): {"result_konsumen":"Approve","result_pasangan":"","Final_result":"Approve","errorMessage":"","status":"Done"}

2022-11-22 14:38:23 - [MESSAGE][INFO] - {"result_konsumen":"Approve","result_pasangan":"","Final_result":"Approve","errorMessage":"","status":"Done"}

2022-11-22 14:38:23 - [TEST_STEP][PASSED] - verifyElementPropertyValue(scoring, "Final_result", final_result): Verify element property value successfully

2022-11-22 14:38:23 - [MESSAGE][PASSED] - Verify element property value successfully]]></system-out>
         <system-err><![CDATA[]]></system-err>
      </testcase>
      <testcase name="Test Cases/Engine_Scoring/Engine Scoring" time="4.562" classname="Test Cases/Engine_Scoring/Engine Scoring" status="PASSED">
         <system-out><![CDATA[2022-11-22 14:38:23 - [TEST_CASE][PASSED] - Test Cases/Engine_Scoring/Engine Scoring: Test Cases/Engine_Scoring/Engine Scoring

2022-11-22 14:38:24 - [TEST_STEP][PASSED] - markPassed("Variasi data ke : " + no): Variasi data ke : 5

2022-11-22 14:38:24 - [MESSAGE][PASSED] - Variasi data ke : 5

2022-11-22 14:38:24 - [TEST_STEP][PASSED] - req_data = sendRequest(findTestObject("Search_ME", ["MID":MID, "source":source, "ip":ip, "userid":userid, "branch":branch, "tipekons":tipekons, "marital":marital, "penjamin":penjamin, ... ])): Send request successfully

2022-11-22 14:38:25 - [MESSAGE][INFO] - HAR: D:\DMS\Engine Scoring\Reports\20221122_143755\Exclude KKB - DS\Scoring Individu - CS\20221122_143756\requests\main\8.har

2022-11-22 14:38:25 - [MESSAGE][PASSED] - Send request successfully

2022-11-22 14:38:25 - [TEST_STEP][PASSED] - slurper = new groovy.json.JsonSlurper(): null

2022-11-22 14:38:25 - [TEST_STEP][PASSED] - result = slurper.parseText(req_data.getResponseBodyContent()): null

2022-11-22 14:38:25 - [TEST_STEP][PASSED] - reqid_kons = requestid1: null

2022-11-22 14:38:25 - [TEST_STEP][PASSED] - reqid_spouse = requestid2: null

2022-11-22 14:38:25 - [TEST_STEP][PASSED] - println("requestid kons : " + reqid_kons): null

2022-11-22 14:38:25 - [TEST_STEP][PASSED] - response_searchME_kons = reqid_kons: null

2022-11-22 14:38:25 - [TEST_STEP][PASSED] - response_searchME_spouse = reqid_spouse: null

2022-11-22 14:38:25 - [TEST_STEP][PASSED] - println("kons req id is :" + response_searchME_kons): null

2022-11-22 14:38:25 - [TEST_STEP][PASSED] - println("spouse req id is : " + response_searchME_spouse): null

2022-11-22 14:38:25 - [TEST_STEP][PASSED] - verifyResponseStatusCode(req_data, 200): Verify response status code successfully

2022-11-22 14:38:25 - [MESSAGE][PASSED] - Verify response status code successfully

2022-11-22 14:38:25 - [TEST_STEP][PASSED] - response = req_data.getResponseText(): null

2022-11-22 14:38:25 - [TEST_STEP][PASSED] - logInfo($response): {"status":"Done","data":{"requestid1":"241545","requestid2":""}}

2022-11-22 14:38:25 - [MESSAGE][INFO] - {"status":"Done","data":{"requestid1":"241545","requestid2":""}}

2022-11-22 14:38:25 - [TEST_STEP][PASSED] - delay(3): Delayed 3 second(s)

2022-11-22 14:38:28 - [MESSAGE][PASSED] - Delayed 3 second(s)

2022-11-22 14:38:28 - [TEST_STEP][PASSED] - scoring = sendRequest(findTestObject("EngineScore", ["response_searchME_kons":response_searchME_kons, "response_searchME_spouse":response_searchME_spouse])): Send request successfully

2022-11-22 14:38:28 - [MESSAGE][INFO] - HAR: D:\DMS\Engine Scoring\Reports\20221122_143755\Exclude KKB - DS\Scoring Individu - CS\20221122_143756\requests\main\9.har

2022-11-22 14:38:28 - [MESSAGE][PASSED] - Send request successfully

2022-11-22 14:38:28 - [TEST_STEP][PASSED] - verifyResponseStatusCode(scoring, 200): Verify response status code successfully

2022-11-22 14:38:28 - [MESSAGE][PASSED] - Verify response status code successfully

2022-11-22 14:38:28 - [TEST_STEP][PASSED] - response2 = scoring.getResponseText(): null

2022-11-22 14:38:28 - [TEST_STEP][PASSED] - markPassed("result service data ke : " + no): result service data ke : 5

2022-11-22 14:38:28 - [MESSAGE][PASSED] - result service data ke : 5

2022-11-22 14:38:28 - [TEST_STEP][PASSED] - logInfo($response2): {"result_konsumen":"Reject","result_pasangan":"","Final_result":"Reject","errorMessage":"","status":"Done"}

2022-11-22 14:38:28 - [MESSAGE][INFO] - {"result_konsumen":"Reject","result_pasangan":"","Final_result":"Reject","errorMessage":"","status":"Done"}

2022-11-22 14:38:28 - [TEST_STEP][PASSED] - verifyElementPropertyValue(scoring, "Final_result", final_result): Verify element property value successfully

2022-11-22 14:38:28 - [MESSAGE][PASSED] - Verify element property value successfully]]></system-out>
         <system-err><![CDATA[]]></system-err>
      </testcase>
      <testcase name="Test Cases/Engine_Scoring/Engine Scoring" time="4.615" classname="Test Cases/Engine_Scoring/Engine Scoring" status="PASSED">
         <system-out><![CDATA[2022-11-22 14:38:28 - [TEST_CASE][PASSED] - Test Cases/Engine_Scoring/Engine Scoring: Test Cases/Engine_Scoring/Engine Scoring

2022-11-22 14:38:29 - [TEST_STEP][PASSED] - markPassed("Variasi data ke : " + no): Variasi data ke : 6

2022-11-22 14:38:29 - [MESSAGE][PASSED] - Variasi data ke : 6

2022-11-22 14:38:29 - [TEST_STEP][PASSED] - req_data = sendRequest(findTestObject("Search_ME", ["MID":MID, "source":source, "ip":ip, "userid":userid, "branch":branch, "tipekons":tipekons, "marital":marital, "penjamin":penjamin, ... ])): Send request successfully

2022-11-22 14:38:29 - [MESSAGE][INFO] - HAR: D:\DMS\Engine Scoring\Reports\20221122_143755\Exclude KKB - DS\Scoring Individu - CS\20221122_143756\requests\main\10.har

2022-11-22 14:38:29 - [MESSAGE][PASSED] - Send request successfully

2022-11-22 14:38:29 - [TEST_STEP][PASSED] - slurper = new groovy.json.JsonSlurper(): null

2022-11-22 14:38:29 - [TEST_STEP][PASSED] - result = slurper.parseText(req_data.getResponseBodyContent()): null

2022-11-22 14:38:29 - [TEST_STEP][PASSED] - reqid_kons = requestid1: null

2022-11-22 14:38:29 - [TEST_STEP][PASSED] - reqid_spouse = requestid2: null

2022-11-22 14:38:29 - [TEST_STEP][PASSED] - println("requestid kons : " + reqid_kons): null

2022-11-22 14:38:29 - [TEST_STEP][PASSED] - response_searchME_kons = reqid_kons: null

2022-11-22 14:38:29 - [TEST_STEP][PASSED] - response_searchME_spouse = reqid_spouse: null

2022-11-22 14:38:29 - [TEST_STEP][PASSED] - println("kons req id is :" + response_searchME_kons): null

2022-11-22 14:38:29 - [TEST_STEP][PASSED] - println("spouse req id is : " + response_searchME_spouse): null

2022-11-22 14:38:29 - [TEST_STEP][PASSED] - verifyResponseStatusCode(req_data, 200): Verify response status code successfully

2022-11-22 14:38:29 - [MESSAGE][PASSED] - Verify response status code successfully

2022-11-22 14:38:29 - [TEST_STEP][PASSED] - response = req_data.getResponseText(): null

2022-11-22 14:38:29 - [TEST_STEP][PASSED] - logInfo($response): {"status":"Done","data":{"requestid1":"241546","requestid2":""}}

2022-11-22 14:38:29 - [MESSAGE][INFO] - {"status":"Done","data":{"requestid1":"241546","requestid2":""}}

2022-11-22 14:38:29 - [TEST_STEP][PASSED] - delay(3): Delayed 3 second(s)

2022-11-22 14:38:32 - [MESSAGE][PASSED] - Delayed 3 second(s)

2022-11-22 14:38:32 - [TEST_STEP][PASSED] - scoring = sendRequest(findTestObject("EngineScore", ["response_searchME_kons":response_searchME_kons, "response_searchME_spouse":response_searchME_spouse])): Send request successfully

2022-11-22 14:38:32 - [MESSAGE][INFO] - HAR: D:\DMS\Engine Scoring\Reports\20221122_143755\Exclude KKB - DS\Scoring Individu - CS\20221122_143756\requests\main\11.har

2022-11-22 14:38:32 - [MESSAGE][PASSED] - Send request successfully

2022-11-22 14:38:32 - [TEST_STEP][PASSED] - verifyResponseStatusCode(scoring, 200): Verify response status code successfully

2022-11-22 14:38:32 - [MESSAGE][PASSED] - Verify response status code successfully

2022-11-22 14:38:32 - [TEST_STEP][PASSED] - response2 = scoring.getResponseText(): null

2022-11-22 14:38:32 - [TEST_STEP][PASSED] - markPassed("result service data ke : " + no): result service data ke : 6

2022-11-22 14:38:32 - [MESSAGE][PASSED] - result service data ke : 6

2022-11-22 14:38:32 - [TEST_STEP][PASSED] - logInfo($response2): {"result_konsumen":"Reject","result_pasangan":"","Final_result":"Reject","errorMessage":"","status":"Done"}

2022-11-22 14:38:32 - [MESSAGE][INFO] - {"result_konsumen":"Reject","result_pasangan":"","Final_result":"Reject","errorMessage":"","status":"Done"}

2022-11-22 14:38:32 - [TEST_STEP][PASSED] - verifyElementPropertyValue(scoring, "Final_result", final_result): Verify element property value successfully

2022-11-22 14:38:32 - [MESSAGE][PASSED] - Verify element property value successfully]]></system-out>
         <system-err><![CDATA[]]></system-err>
      </testcase>
      <testcase name="Test Cases/Engine_Scoring/Engine Scoring" time="4.57" classname="Test Cases/Engine_Scoring/Engine Scoring" status="PASSED">
         <system-out><![CDATA[2022-11-22 14:38:32 - [TEST_CASE][PASSED] - Test Cases/Engine_Scoring/Engine Scoring: Test Cases/Engine_Scoring/Engine Scoring

2022-11-22 14:38:33 - [TEST_STEP][PASSED] - markPassed("Variasi data ke : " + no): Variasi data ke : 7

2022-11-22 14:38:33 - [MESSAGE][PASSED] - Variasi data ke : 7

2022-11-22 14:38:33 - [TEST_STEP][PASSED] - req_data = sendRequest(findTestObject("Search_ME", ["MID":MID, "source":source, "ip":ip, "userid":userid, "branch":branch, "tipekons":tipekons, "marital":marital, "penjamin":penjamin, ... ])): Send request successfully

2022-11-22 14:38:34 - [MESSAGE][INFO] - HAR: D:\DMS\Engine Scoring\Reports\20221122_143755\Exclude KKB - DS\Scoring Individu - CS\20221122_143756\requests\main\12.har

2022-11-22 14:38:34 - [MESSAGE][PASSED] - Send request successfully

2022-11-22 14:38:34 - [TEST_STEP][PASSED] - slurper = new groovy.json.JsonSlurper(): null

2022-11-22 14:38:34 - [TEST_STEP][PASSED] - result = slurper.parseText(req_data.getResponseBodyContent()): null

2022-11-22 14:38:34 - [TEST_STEP][PASSED] - reqid_kons = requestid1: null

2022-11-22 14:38:34 - [TEST_STEP][PASSED] - reqid_spouse = requestid2: null

2022-11-22 14:38:34 - [TEST_STEP][PASSED] - println("requestid kons : " + reqid_kons): null

2022-11-22 14:38:34 - [TEST_STEP][PASSED] - response_searchME_kons = reqid_kons: null

2022-11-22 14:38:34 - [TEST_STEP][PASSED] - response_searchME_spouse = reqid_spouse: null

2022-11-22 14:38:34 - [TEST_STEP][PASSED] - println("kons req id is :" + response_searchME_kons): null

2022-11-22 14:38:34 - [TEST_STEP][PASSED] - println("spouse req id is : " + response_searchME_spouse): null

2022-11-22 14:38:34 - [TEST_STEP][PASSED] - verifyResponseStatusCode(req_data, 200): Verify response status code successfully

2022-11-22 14:38:34 - [MESSAGE][PASSED] - Verify response status code successfully

2022-11-22 14:38:34 - [TEST_STEP][PASSED] - response = req_data.getResponseText(): null

2022-11-22 14:38:34 - [TEST_STEP][PASSED] - logInfo($response): {"status":"Done","data":{"requestid1":"241547","requestid2":""}}

2022-11-22 14:38:34 - [MESSAGE][INFO] - {"status":"Done","data":{"requestid1":"241547","requestid2":""}}

2022-11-22 14:38:34 - [TEST_STEP][PASSED] - delay(3): Delayed 3 second(s)

2022-11-22 14:38:37 - [MESSAGE][PASSED] - Delayed 3 second(s)

2022-11-22 14:38:37 - [TEST_STEP][PASSED] - scoring = sendRequest(findTestObject("EngineScore", ["response_searchME_kons":response_searchME_kons, "response_searchME_spouse":response_searchME_spouse])): Send request successfully

2022-11-22 14:38:37 - [MESSAGE][INFO] - HAR: D:\DMS\Engine Scoring\Reports\20221122_143755\Exclude KKB - DS\Scoring Individu - CS\20221122_143756\requests\main\13.har

2022-11-22 14:38:37 - [MESSAGE][PASSED] - Send request successfully

2022-11-22 14:38:37 - [TEST_STEP][PASSED] - verifyResponseStatusCode(scoring, 200): Verify response status code successfully

2022-11-22 14:38:37 - [MESSAGE][PASSED] - Verify response status code successfully

2022-11-22 14:38:37 - [TEST_STEP][PASSED] - response2 = scoring.getResponseText(): null

2022-11-22 14:38:37 - [TEST_STEP][PASSED] - markPassed("result service data ke : " + no): result service data ke : 7

2022-11-22 14:38:37 - [MESSAGE][PASSED] - result service data ke : 7

2022-11-22 14:38:37 - [TEST_STEP][PASSED] - logInfo($response2): {"result_konsumen":"Reject","result_pasangan":"","Final_result":"Reject","errorMessage":"","status":"Done"}

2022-11-22 14:38:37 - [MESSAGE][INFO] - {"result_konsumen":"Reject","result_pasangan":"","Final_result":"Reject","errorMessage":"","status":"Done"}

2022-11-22 14:38:37 - [TEST_STEP][PASSED] - verifyElementPropertyValue(scoring, "Final_result", final_result): Verify element property value successfully

2022-11-22 14:38:37 - [MESSAGE][PASSED] - Verify element property value successfully]]></system-out>
         <system-err><![CDATA[]]></system-err>
      </testcase>
      <testcase name="Test Cases/Engine_Scoring/Engine Scoring" time="4.478" classname="Test Cases/Engine_Scoring/Engine Scoring" status="PASSED">
         <system-out><![CDATA[2022-11-22 14:38:37 - [TEST_CASE][PASSED] - Test Cases/Engine_Scoring/Engine Scoring: Test Cases/Engine_Scoring/Engine Scoring

2022-11-22 14:38:38 - [TEST_STEP][PASSED] - markPassed("Variasi data ke : " + no): Variasi data ke : 8

2022-11-22 14:38:38 - [MESSAGE][PASSED] - Variasi data ke : 8

2022-11-22 14:38:38 - [TEST_STEP][PASSED] - req_data = sendRequest(findTestObject("Search_ME", ["MID":MID, "source":source, "ip":ip, "userid":userid, "branch":branch, "tipekons":tipekons, "marital":marital, "penjamin":penjamin, ... ])): Send request successfully

2022-11-22 14:38:38 - [MESSAGE][INFO] - HAR: D:\DMS\Engine Scoring\Reports\20221122_143755\Exclude KKB - DS\Scoring Individu - CS\20221122_143756\requests\main\14.har

2022-11-22 14:38:38 - [MESSAGE][PASSED] - Send request successfully

2022-11-22 14:38:38 - [TEST_STEP][PASSED] - slurper = new groovy.json.JsonSlurper(): null

2022-11-22 14:38:38 - [TEST_STEP][PASSED] - result = slurper.parseText(req_data.getResponseBodyContent()): null

2022-11-22 14:38:38 - [TEST_STEP][PASSED] - reqid_kons = requestid1: null

2022-11-22 14:38:38 - [TEST_STEP][PASSED] - reqid_spouse = requestid2: null

2022-11-22 14:38:38 - [TEST_STEP][PASSED] - println("requestid kons : " + reqid_kons): null

2022-11-22 14:38:38 - [TEST_STEP][PASSED] - response_searchME_kons = reqid_kons: null

2022-11-22 14:38:38 - [TEST_STEP][PASSED] - response_searchME_spouse = reqid_spouse: null

2022-11-22 14:38:38 - [TEST_STEP][PASSED] - println("kons req id is :" + response_searchME_kons): null

2022-11-22 14:38:38 - [TEST_STEP][PASSED] - println("spouse req id is : " + response_searchME_spouse): null

2022-11-22 14:38:38 - [TEST_STEP][PASSED] - verifyResponseStatusCode(req_data, 200): Verify response status code successfully

2022-11-22 14:38:38 - [MESSAGE][PASSED] - Verify response status code successfully

2022-11-22 14:38:38 - [TEST_STEP][PASSED] - response = req_data.getResponseText(): null

2022-11-22 14:38:38 - [TEST_STEP][PASSED] - logInfo($response): {"status":"Done","data":{"requestid1":"241548","requestid2":""}}

2022-11-22 14:38:38 - [MESSAGE][INFO] - {"status":"Done","data":{"requestid1":"241548","requestid2":""}}

2022-11-22 14:38:38 - [TEST_STEP][PASSED] - delay(3): Delayed 3 second(s)

2022-11-22 14:38:41 - [MESSAGE][PASSED] - Delayed 3 second(s)

2022-11-22 14:38:41 - [TEST_STEP][PASSED] - scoring = sendRequest(findTestObject("EngineScore", ["response_searchME_kons":response_searchME_kons, "response_searchME_spouse":response_searchME_spouse])): Send request successfully

2022-11-22 14:38:41 - [MESSAGE][INFO] - HAR: D:\DMS\Engine Scoring\Reports\20221122_143755\Exclude KKB - DS\Scoring Individu - CS\20221122_143756\requests\main\15.har

2022-11-22 14:38:41 - [MESSAGE][PASSED] - Send request successfully

2022-11-22 14:38:41 - [TEST_STEP][PASSED] - verifyResponseStatusCode(scoring, 200): Verify response status code successfully

2022-11-22 14:38:41 - [MESSAGE][PASSED] - Verify response status code successfully

2022-11-22 14:38:41 - [TEST_STEP][PASSED] - response2 = scoring.getResponseText(): null

2022-11-22 14:38:41 - [TEST_STEP][PASSED] - markPassed("result service data ke : " + no): result service data ke : 8

2022-11-22 14:38:41 - [MESSAGE][PASSED] - result service data ke : 8

2022-11-22 14:38:41 - [TEST_STEP][PASSED] - logInfo($response2): {"result_konsumen":"Reject","result_pasangan":"","Final_result":"Reject","errorMessage":"","status":"Done"}

2022-11-22 14:38:41 - [MESSAGE][INFO] - {"result_konsumen":"Reject","result_pasangan":"","Final_result":"Reject","errorMessage":"","status":"Done"}

2022-11-22 14:38:41 - [TEST_STEP][PASSED] - verifyElementPropertyValue(scoring, "Final_result", final_result): Verify element property value successfully

2022-11-22 14:38:41 - [MESSAGE][PASSED] - Verify element property value successfully]]></system-out>
         <system-err><![CDATA[]]></system-err>
      </testcase>
      <testcase name="Test Cases/Engine_Scoring/Engine Scoring" time="4.556" classname="Test Cases/Engine_Scoring/Engine Scoring" status="PASSED">
         <system-out><![CDATA[2022-11-22 14:38:42 - [TEST_CASE][PASSED] - Test Cases/Engine_Scoring/Engine Scoring: Test Cases/Engine_Scoring/Engine Scoring

2022-11-22 14:38:42 - [TEST_STEP][PASSED] - markPassed("Variasi data ke : " + no): Variasi data ke : 9

2022-11-22 14:38:42 - [MESSAGE][PASSED] - Variasi data ke : 9

2022-11-22 14:38:42 - [TEST_STEP][PASSED] - req_data = sendRequest(findTestObject("Search_ME", ["MID":MID, "source":source, "ip":ip, "userid":userid, "branch":branch, "tipekons":tipekons, "marital":marital, "penjamin":penjamin, ... ])): Send request successfully

2022-11-22 14:38:43 - [MESSAGE][INFO] - HAR: D:\DMS\Engine Scoring\Reports\20221122_143755\Exclude KKB - DS\Scoring Individu - CS\20221122_143756\requests\main\16.har

2022-11-22 14:38:43 - [MESSAGE][PASSED] - Send request successfully

2022-11-22 14:38:43 - [TEST_STEP][PASSED] - slurper = new groovy.json.JsonSlurper(): null

2022-11-22 14:38:43 - [TEST_STEP][PASSED] - result = slurper.parseText(req_data.getResponseBodyContent()): null

2022-11-22 14:38:43 - [TEST_STEP][PASSED] - reqid_kons = requestid1: null

2022-11-22 14:38:43 - [TEST_STEP][PASSED] - reqid_spouse = requestid2: null

2022-11-22 14:38:43 - [TEST_STEP][PASSED] - println("requestid kons : " + reqid_kons): null

2022-11-22 14:38:43 - [TEST_STEP][PASSED] - response_searchME_kons = reqid_kons: null

2022-11-22 14:38:43 - [TEST_STEP][PASSED] - response_searchME_spouse = reqid_spouse: null

2022-11-22 14:38:43 - [TEST_STEP][PASSED] - println("kons req id is :" + response_searchME_kons): null

2022-11-22 14:38:43 - [TEST_STEP][PASSED] - println("spouse req id is : " + response_searchME_spouse): null

2022-11-22 14:38:43 - [TEST_STEP][PASSED] - verifyResponseStatusCode(req_data, 200): Verify response status code successfully

2022-11-22 14:38:43 - [MESSAGE][PASSED] - Verify response status code successfully

2022-11-22 14:38:43 - [TEST_STEP][PASSED] - response = req_data.getResponseText(): null

2022-11-22 14:38:43 - [TEST_STEP][PASSED] - logInfo($response): {"status":"Done","data":{"requestid1":"241549","requestid2":""}}

2022-11-22 14:38:43 - [MESSAGE][INFO] - {"status":"Done","data":{"requestid1":"241549","requestid2":""}}

2022-11-22 14:38:43 - [TEST_STEP][PASSED] - delay(3): Delayed 3 second(s)

2022-11-22 14:38:46 - [MESSAGE][PASSED] - Delayed 3 second(s)

2022-11-22 14:38:46 - [TEST_STEP][PASSED] - scoring = sendRequest(findTestObject("EngineScore", ["response_searchME_kons":response_searchME_kons, "response_searchME_spouse":response_searchME_spouse])): Send request successfully

2022-11-22 14:38:46 - [MESSAGE][INFO] - HAR: D:\DMS\Engine Scoring\Reports\20221122_143755\Exclude KKB - DS\Scoring Individu - CS\20221122_143756\requests\main\17.har

2022-11-22 14:38:46 - [MESSAGE][PASSED] - Send request successfully

2022-11-22 14:38:46 - [TEST_STEP][PASSED] - verifyResponseStatusCode(scoring, 200): Verify response status code successfully

2022-11-22 14:38:46 - [MESSAGE][PASSED] - Verify response status code successfully

2022-11-22 14:38:46 - [TEST_STEP][PASSED] - response2 = scoring.getResponseText(): null

2022-11-22 14:38:46 - [TEST_STEP][PASSED] - markPassed("result service data ke : " + no): result service data ke : 9

2022-11-22 14:38:46 - [MESSAGE][PASSED] - result service data ke : 9

2022-11-22 14:38:46 - [TEST_STEP][PASSED] - logInfo($response2): {"result_konsumen":"Reject","result_pasangan":"","Final_result":"Reject","errorMessage":"","status":"Done"}

2022-11-22 14:38:46 - [MESSAGE][INFO] - {"result_konsumen":"Reject","result_pasangan":"","Final_result":"Reject","errorMessage":"","status":"Done"}

2022-11-22 14:38:46 - [TEST_STEP][PASSED] - verifyElementPropertyValue(scoring, "Final_result", final_result): Verify element property value successfully

2022-11-22 14:38:46 - [MESSAGE][PASSED] - Verify element property value successfully]]></system-out>
         <system-err><![CDATA[]]></system-err>
      </testcase>
      <testcase name="Test Cases/Engine_Scoring/Engine Scoring" time="4.463" classname="Test Cases/Engine_Scoring/Engine Scoring" status="PASSED">
         <system-out><![CDATA[2022-11-22 14:38:46 - [TEST_CASE][PASSED] - Test Cases/Engine_Scoring/Engine Scoring: Test Cases/Engine_Scoring/Engine Scoring

2022-11-22 14:38:47 - [TEST_STEP][PASSED] - markPassed("Variasi data ke : " + no): Variasi data ke : 10

2022-11-22 14:38:47 - [MESSAGE][PASSED] - Variasi data ke : 10

2022-11-22 14:38:47 - [TEST_STEP][PASSED] - req_data = sendRequest(findTestObject("Search_ME", ["MID":MID, "source":source, "ip":ip, "userid":userid, "branch":branch, "tipekons":tipekons, "marital":marital, "penjamin":penjamin, ... ])): Send request successfully

2022-11-22 14:38:47 - [MESSAGE][INFO] - HAR: D:\DMS\Engine Scoring\Reports\20221122_143755\Exclude KKB - DS\Scoring Individu - CS\20221122_143756\requests\main\18.har

2022-11-22 14:38:47 - [MESSAGE][PASSED] - Send request successfully

2022-11-22 14:38:47 - [TEST_STEP][PASSED] - slurper = new groovy.json.JsonSlurper(): null

2022-11-22 14:38:47 - [TEST_STEP][PASSED] - result = slurper.parseText(req_data.getResponseBodyContent()): null

2022-11-22 14:38:47 - [TEST_STEP][PASSED] - reqid_kons = requestid1: null

2022-11-22 14:38:47 - [TEST_STEP][PASSED] - reqid_spouse = requestid2: null

2022-11-22 14:38:47 - [TEST_STEP][PASSED] - println("requestid kons : " + reqid_kons): null

2022-11-22 14:38:47 - [TEST_STEP][PASSED] - response_searchME_kons = reqid_kons: null

2022-11-22 14:38:47 - [TEST_STEP][PASSED] - response_searchME_spouse = reqid_spouse: null

2022-11-22 14:38:47 - [TEST_STEP][PASSED] - println("kons req id is :" + response_searchME_kons): null

2022-11-22 14:38:47 - [TEST_STEP][PASSED] - println("spouse req id is : " + response_searchME_spouse): null

2022-11-22 14:38:47 - [TEST_STEP][PASSED] - verifyResponseStatusCode(req_data, 200): Verify response status code successfully

2022-11-22 14:38:47 - [MESSAGE][PASSED] - Verify response status code successfully

2022-11-22 14:38:47 - [TEST_STEP][PASSED] - response = req_data.getResponseText(): null

2022-11-22 14:38:47 - [TEST_STEP][PASSED] - logInfo($response): {"status":"Done","data":{"requestid1":"241550","requestid2":""}}

2022-11-22 14:38:47 - [MESSAGE][INFO] - {"status":"Done","data":{"requestid1":"241550","requestid2":""}}

2022-11-22 14:38:47 - [TEST_STEP][PASSED] - delay(3): Delayed 3 second(s)

2022-11-22 14:38:50 - [MESSAGE][PASSED] - Delayed 3 second(s)

2022-11-22 14:38:50 - [TEST_STEP][PASSED] - scoring = sendRequest(findTestObject("EngineScore", ["response_searchME_kons":response_searchME_kons, "response_searchME_spouse":response_searchME_spouse])): Send request successfully

2022-11-22 14:38:51 - [MESSAGE][INFO] - HAR: D:\DMS\Engine Scoring\Reports\20221122_143755\Exclude KKB - DS\Scoring Individu - CS\20221122_143756\requests\main\19.har

2022-11-22 14:38:51 - [MESSAGE][PASSED] - Send request successfully

2022-11-22 14:38:51 - [TEST_STEP][PASSED] - verifyResponseStatusCode(scoring, 200): Verify response status code successfully

2022-11-22 14:38:51 - [MESSAGE][PASSED] - Verify response status code successfully

2022-11-22 14:38:51 - [TEST_STEP][PASSED] - response2 = scoring.getResponseText(): null

2022-11-22 14:38:51 - [TEST_STEP][PASSED] - markPassed("result service data ke : " + no): result service data ke : 10

2022-11-22 14:38:51 - [MESSAGE][PASSED] - result service data ke : 10

2022-11-22 14:38:51 - [TEST_STEP][PASSED] - logInfo($response2): {"result_konsumen":"Reguler","result_pasangan":"","Final_result":"Reguler","errorMessage":"","status":"Done"}

2022-11-22 14:38:51 - [MESSAGE][INFO] - {"result_konsumen":"Reguler","result_pasangan":"","Final_result":"Reguler","errorMessage":"","status":"Done"}

2022-11-22 14:38:51 - [TEST_STEP][PASSED] - verifyElementPropertyValue(scoring, "Final_result", final_result): Verify element property value successfully

2022-11-22 14:38:51 - [MESSAGE][PASSED] - Verify element property value successfully]]></system-out>
         <system-err><![CDATA[]]></system-err>
      </testcase>
      <testcase name="Test Cases/Engine_Scoring/Engine Scoring" time="4.497" classname="Test Cases/Engine_Scoring/Engine Scoring" status="PASSED">
         <system-out><![CDATA[2022-11-22 14:38:51 - [TEST_CASE][PASSED] - Test Cases/Engine_Scoring/Engine Scoring: Test Cases/Engine_Scoring/Engine Scoring

2022-11-22 14:38:51 - [TEST_STEP][PASSED] - markPassed("Variasi data ke : " + no): Variasi data ke : 11

2022-11-22 14:38:51 - [MESSAGE][PASSED] - Variasi data ke : 11

2022-11-22 14:38:51 - [TEST_STEP][PASSED] - req_data = sendRequest(findTestObject("Search_ME", ["MID":MID, "source":source, "ip":ip, "userid":userid, "branch":branch, "tipekons":tipekons, "marital":marital, "penjamin":penjamin, ... ])): Send request successfully

2022-11-22 14:38:52 - [MESSAGE][INFO] - HAR: D:\DMS\Engine Scoring\Reports\20221122_143755\Exclude KKB - DS\Scoring Individu - CS\20221122_143756\requests\main\20.har

2022-11-22 14:38:52 - [MESSAGE][PASSED] - Send request successfully

2022-11-22 14:38:52 - [TEST_STEP][PASSED] - slurper = new groovy.json.JsonSlurper(): null

2022-11-22 14:38:52 - [TEST_STEP][PASSED] - result = slurper.parseText(req_data.getResponseBodyContent()): null

2022-11-22 14:38:52 - [TEST_STEP][PASSED] - reqid_kons = requestid1: null

2022-11-22 14:38:52 - [TEST_STEP][PASSED] - reqid_spouse = requestid2: null

2022-11-22 14:38:52 - [TEST_STEP][PASSED] - println("requestid kons : " + reqid_kons): null

2022-11-22 14:38:52 - [TEST_STEP][PASSED] - response_searchME_kons = reqid_kons: null

2022-11-22 14:38:52 - [TEST_STEP][PASSED] - response_searchME_spouse = reqid_spouse: null

2022-11-22 14:38:52 - [TEST_STEP][PASSED] - println("kons req id is :" + response_searchME_kons): null

2022-11-22 14:38:52 - [TEST_STEP][PASSED] - println("spouse req id is : " + response_searchME_spouse): null

2022-11-22 14:38:52 - [TEST_STEP][PASSED] - verifyResponseStatusCode(req_data, 200): Verify response status code successfully

2022-11-22 14:38:52 - [MESSAGE][PASSED] - Verify response status code successfully

2022-11-22 14:38:52 - [TEST_STEP][PASSED] - response = req_data.getResponseText(): null

2022-11-22 14:38:52 - [TEST_STEP][PASSED] - logInfo($response): {"status":"Done","data":{"requestid1":"241551","requestid2":""}}

2022-11-22 14:38:52 - [MESSAGE][INFO] - {"status":"Done","data":{"requestid1":"241551","requestid2":""}}

2022-11-22 14:38:52 - [TEST_STEP][PASSED] - delay(3): Delayed 3 second(s)

2022-11-22 14:38:55 - [MESSAGE][PASSED] - Delayed 3 second(s)

2022-11-22 14:38:55 - [TEST_STEP][PASSED] - scoring = sendRequest(findTestObject("EngineScore", ["response_searchME_kons":response_searchME_kons, "response_searchME_spouse":response_searchME_spouse])): Send request successfully

2022-11-22 14:38:55 - [MESSAGE][INFO] - HAR: D:\DMS\Engine Scoring\Reports\20221122_143755\Exclude KKB - DS\Scoring Individu - CS\20221122_143756\requests\main\21.har

2022-11-22 14:38:55 - [MESSAGE][PASSED] - Send request successfully

2022-11-22 14:38:55 - [TEST_STEP][PASSED] - verifyResponseStatusCode(scoring, 200): Verify response status code successfully

2022-11-22 14:38:55 - [MESSAGE][PASSED] - Verify response status code successfully

2022-11-22 14:38:55 - [TEST_STEP][PASSED] - response2 = scoring.getResponseText(): null

2022-11-22 14:38:55 - [TEST_STEP][PASSED] - markPassed("result service data ke : " + no): result service data ke : 11

2022-11-22 14:38:55 - [MESSAGE][PASSED] - result service data ke : 11

2022-11-22 14:38:55 - [TEST_STEP][PASSED] - logInfo($response2): {"result_konsumen":"Reguler","result_pasangan":"","Final_result":"Reguler","errorMessage":"","status":"Done"}

2022-11-22 14:38:55 - [MESSAGE][INFO] - {"result_konsumen":"Reguler","result_pasangan":"","Final_result":"Reguler","errorMessage":"","status":"Done"}

2022-11-22 14:38:55 - [TEST_STEP][PASSED] - verifyElementPropertyValue(scoring, "Final_result", final_result): Verify element property value successfully

2022-11-22 14:38:55 - [MESSAGE][PASSED] - Verify element property value successfully]]></system-out>
         <system-err><![CDATA[]]></system-err>
      </testcase>
      <testcase name="Test Cases/Engine_Scoring/Engine Scoring" time="5.188" classname="Test Cases/Engine_Scoring/Engine Scoring" status="PASSED">
         <system-out><![CDATA[2022-11-22 14:38:55 - [TEST_CASE][PASSED] - Test Cases/Engine_Scoring/Engine Scoring: Test Cases/Engine_Scoring/Engine Scoring

2022-11-22 14:38:57 - [TEST_STEP][PASSED] - markPassed("Variasi data ke : " + no): Variasi data ke : 12

2022-11-22 14:38:57 - [MESSAGE][PASSED] - Variasi data ke : 12

2022-11-22 14:38:57 - [TEST_STEP][PASSED] - req_data = sendRequest(findTestObject("Search_ME", ["MID":MID, "source":source, "ip":ip, "userid":userid, "branch":branch, "tipekons":tipekons, "marital":marital, "penjamin":penjamin, ... ])): Send request successfully

2022-11-22 14:38:57 - [MESSAGE][INFO] - HAR: D:\DMS\Engine Scoring\Reports\20221122_143755\Exclude KKB - DS\Scoring Individu - CS\20221122_143756\requests\main\22.har

2022-11-22 14:38:57 - [MESSAGE][PASSED] - Send request successfully

2022-11-22 14:38:57 - [TEST_STEP][PASSED] - slurper = new groovy.json.JsonSlurper(): null

2022-11-22 14:38:57 - [TEST_STEP][PASSED] - result = slurper.parseText(req_data.getResponseBodyContent()): null

2022-11-22 14:38:57 - [TEST_STEP][PASSED] - reqid_kons = requestid1: null

2022-11-22 14:38:57 - [TEST_STEP][PASSED] - reqid_spouse = requestid2: null

2022-11-22 14:38:57 - [TEST_STEP][PASSED] - println("requestid kons : " + reqid_kons): null

2022-11-22 14:38:57 - [TEST_STEP][PASSED] - response_searchME_kons = reqid_kons: null

2022-11-22 14:38:57 - [TEST_STEP][PASSED] - response_searchME_spouse = reqid_spouse: null

2022-11-22 14:38:57 - [TEST_STEP][PASSED] - println("kons req id is :" + response_searchME_kons): null

2022-11-22 14:38:57 - [TEST_STEP][PASSED] - println("spouse req id is : " + response_searchME_spouse): null

2022-11-22 14:38:57 - [TEST_STEP][PASSED] - verifyResponseStatusCode(req_data, 200): Verify response status code successfully

2022-11-22 14:38:57 - [MESSAGE][PASSED] - Verify response status code successfully

2022-11-22 14:38:57 - [TEST_STEP][PASSED] - response = req_data.getResponseText(): null

2022-11-22 14:38:57 - [TEST_STEP][PASSED] - logInfo($response): {"status":"Done","data":{"requestid1":"241552","requestid2":""}}

2022-11-22 14:38:57 - [MESSAGE][INFO] - {"status":"Done","data":{"requestid1":"241552","requestid2":""}}

2022-11-22 14:38:57 - [TEST_STEP][PASSED] - delay(3): Delayed 3 second(s)

2022-11-22 14:39:00 - [MESSAGE][PASSED] - Delayed 3 second(s)

2022-11-22 14:39:00 - [TEST_STEP][PASSED] - scoring = sendRequest(findTestObject("EngineScore", ["response_searchME_kons":response_searchME_kons, "response_searchME_spouse":response_searchME_spouse])): Send request successfully

2022-11-22 14:39:00 - [MESSAGE][INFO] - HAR: D:\DMS\Engine Scoring\Reports\20221122_143755\Exclude KKB - DS\Scoring Individu - CS\20221122_143756\requests\main\23.har

2022-11-22 14:39:00 - [MESSAGE][PASSED] - Send request successfully

2022-11-22 14:39:00 - [TEST_STEP][PASSED] - verifyResponseStatusCode(scoring, 200): Verify response status code successfully

2022-11-22 14:39:00 - [MESSAGE][PASSED] - Verify response status code successfully

2022-11-22 14:39:00 - [TEST_STEP][PASSED] - response2 = scoring.getResponseText(): null

2022-11-22 14:39:00 - [TEST_STEP][PASSED] - markPassed("result service data ke : " + no): result service data ke : 12

2022-11-22 14:39:00 - [MESSAGE][PASSED] - result service data ke : 12

2022-11-22 14:39:00 - [TEST_STEP][PASSED] - logInfo($response2): {"result_konsumen":"Reguler","result_pasangan":"","Final_result":"Reguler","errorMessage":"","status":"Done"}

2022-11-22 14:39:00 - [MESSAGE][INFO] - {"result_konsumen":"Reguler","result_pasangan":"","Final_result":"Reguler","errorMessage":"","status":"Done"}

2022-11-22 14:39:00 - [TEST_STEP][PASSED] - verifyElementPropertyValue(scoring, "Final_result", final_result): Verify element property value successfully

2022-11-22 14:39:00 - [MESSAGE][PASSED] - Verify element property value successfully]]></system-out>
         <system-err><![CDATA[]]></system-err>
      </testcase>
      <testcase name="Test Cases/Engine_Scoring/Engine Scoring" time="4.522" classname="Test Cases/Engine_Scoring/Engine Scoring" status="PASSED">
         <system-out><![CDATA[2022-11-22 14:39:00 - [TEST_CASE][PASSED] - Test Cases/Engine_Scoring/Engine Scoring: Test Cases/Engine_Scoring/Engine Scoring

2022-11-22 14:39:01 - [TEST_STEP][PASSED] - markPassed("Variasi data ke : " + no): Variasi data ke : 13

2022-11-22 14:39:01 - [MESSAGE][PASSED] - Variasi data ke : 13

2022-11-22 14:39:01 - [TEST_STEP][PASSED] - req_data = sendRequest(findTestObject("Search_ME", ["MID":MID, "source":source, "ip":ip, "userid":userid, "branch":branch, "tipekons":tipekons, "marital":marital, "penjamin":penjamin, ... ])): Send request successfully

2022-11-22 14:39:02 - [MESSAGE][INFO] - HAR: D:\DMS\Engine Scoring\Reports\20221122_143755\Exclude KKB - DS\Scoring Individu - CS\20221122_143756\requests\main\24.har

2022-11-22 14:39:02 - [MESSAGE][PASSED] - Send request successfully

2022-11-22 14:39:02 - [TEST_STEP][PASSED] - slurper = new groovy.json.JsonSlurper(): null

2022-11-22 14:39:02 - [TEST_STEP][PASSED] - result = slurper.parseText(req_data.getResponseBodyContent()): null

2022-11-22 14:39:02 - [TEST_STEP][PASSED] - reqid_kons = requestid1: null

2022-11-22 14:39:02 - [TEST_STEP][PASSED] - reqid_spouse = requestid2: null

2022-11-22 14:39:02 - [TEST_STEP][PASSED] - println("requestid kons : " + reqid_kons): null

2022-11-22 14:39:02 - [TEST_STEP][PASSED] - response_searchME_kons = reqid_kons: null

2022-11-22 14:39:02 - [TEST_STEP][PASSED] - response_searchME_spouse = reqid_spouse: null

2022-11-22 14:39:02 - [TEST_STEP][PASSED] - println("kons req id is :" + response_searchME_kons): null

2022-11-22 14:39:02 - [TEST_STEP][PASSED] - println("spouse req id is : " + response_searchME_spouse): null

2022-11-22 14:39:02 - [TEST_STEP][PASSED] - verifyResponseStatusCode(req_data, 200): Verify response status code successfully

2022-11-22 14:39:02 - [MESSAGE][PASSED] - Verify response status code successfully

2022-11-22 14:39:02 - [TEST_STEP][PASSED] - response = req_data.getResponseText(): null

2022-11-22 14:39:02 - [TEST_STEP][PASSED] - logInfo($response): {"status":"Done","data":{"requestid1":"241553","requestid2":""}}

2022-11-22 14:39:02 - [MESSAGE][INFO] - {"status":"Done","data":{"requestid1":"241553","requestid2":""}}

2022-11-22 14:39:02 - [TEST_STEP][PASSED] - delay(3): Delayed 3 second(s)

2022-11-22 14:39:05 - [MESSAGE][PASSED] - Delayed 3 second(s)

2022-11-22 14:39:05 - [TEST_STEP][PASSED] - scoring = sendRequest(findTestObject("EngineScore", ["response_searchME_kons":response_searchME_kons, "response_searchME_spouse":response_searchME_spouse])): Send request successfully

2022-11-22 14:39:05 - [MESSAGE][INFO] - HAR: D:\DMS\Engine Scoring\Reports\20221122_143755\Exclude KKB - DS\Scoring Individu - CS\20221122_143756\requests\main\25.har

2022-11-22 14:39:05 - [MESSAGE][PASSED] - Send request successfully

2022-11-22 14:39:05 - [TEST_STEP][PASSED] - verifyResponseStatusCode(scoring, 200): Verify response status code successfully

2022-11-22 14:39:05 - [MESSAGE][PASSED] - Verify response status code successfully

2022-11-22 14:39:05 - [TEST_STEP][PASSED] - response2 = scoring.getResponseText(): null

2022-11-22 14:39:05 - [TEST_STEP][PASSED] - markPassed("result service data ke : " + no): result service data ke : 13

2022-11-22 14:39:05 - [MESSAGE][PASSED] - result service data ke : 13

2022-11-22 14:39:05 - [TEST_STEP][PASSED] - logInfo($response2): {"result_konsumen":"Approve","result_pasangan":"","Final_result":"Approve","errorMessage":"","status":"Done"}

2022-11-22 14:39:05 - [MESSAGE][INFO] - {"result_konsumen":"Approve","result_pasangan":"","Final_result":"Approve","errorMessage":"","status":"Done"}

2022-11-22 14:39:05 - [TEST_STEP][PASSED] - verifyElementPropertyValue(scoring, "Final_result", final_result): Verify element property value successfully

2022-11-22 14:39:05 - [MESSAGE][PASSED] - Verify element property value successfully]]></system-out>
         <system-err><![CDATA[]]></system-err>
      </testcase>
      <testcase name="Test Cases/Engine_Scoring/Engine Scoring" time="4.566" classname="Test Cases/Engine_Scoring/Engine Scoring" status="PASSED">
         <system-out><![CDATA[2022-11-22 14:39:05 - [TEST_CASE][PASSED] - Test Cases/Engine_Scoring/Engine Scoring: Test Cases/Engine_Scoring/Engine Scoring

2022-11-22 14:39:06 - [TEST_STEP][PASSED] - markPassed("Variasi data ke : " + no): Variasi data ke : 14

2022-11-22 14:39:06 - [MESSAGE][PASSED] - Variasi data ke : 14

2022-11-22 14:39:06 - [TEST_STEP][PASSED] - req_data = sendRequest(findTestObject("Search_ME", ["MID":MID, "source":source, "ip":ip, "userid":userid, "branch":branch, "tipekons":tipekons, "marital":marital, "penjamin":penjamin, ... ])): Send request successfully

2022-11-22 14:39:06 - [MESSAGE][INFO] - HAR: D:\DMS\Engine Scoring\Reports\20221122_143755\Exclude KKB - DS\Scoring Individu - CS\20221122_143756\requests\main\26.har

2022-11-22 14:39:06 - [MESSAGE][PASSED] - Send request successfully

2022-11-22 14:39:06 - [TEST_STEP][PASSED] - slurper = new groovy.json.JsonSlurper(): null

2022-11-22 14:39:06 - [TEST_STEP][PASSED] - result = slurper.parseText(req_data.getResponseBodyContent()): null

2022-11-22 14:39:06 - [TEST_STEP][PASSED] - reqid_kons = requestid1: null

2022-11-22 14:39:06 - [TEST_STEP][PASSED] - reqid_spouse = requestid2: null

2022-11-22 14:39:06 - [TEST_STEP][PASSED] - println("requestid kons : " + reqid_kons): null

2022-11-22 14:39:06 - [TEST_STEP][PASSED] - response_searchME_kons = reqid_kons: null

2022-11-22 14:39:06 - [TEST_STEP][PASSED] - response_searchME_spouse = reqid_spouse: null

2022-11-22 14:39:06 - [TEST_STEP][PASSED] - println("kons req id is :" + response_searchME_kons): null

2022-11-22 14:39:06 - [TEST_STEP][PASSED] - println("spouse req id is : " + response_searchME_spouse): null

2022-11-22 14:39:06 - [TEST_STEP][PASSED] - verifyResponseStatusCode(req_data, 200): Verify response status code successfully

2022-11-22 14:39:06 - [MESSAGE][PASSED] - Verify response status code successfully

2022-11-22 14:39:06 - [TEST_STEP][PASSED] - response = req_data.getResponseText(): null

2022-11-22 14:39:06 - [TEST_STEP][PASSED] - logInfo($response): {"status":"Done","data":{"requestid1":"241554","requestid2":""}}

2022-11-22 14:39:06 - [MESSAGE][INFO] - {"status":"Done","data":{"requestid1":"241554","requestid2":""}}

2022-11-22 14:39:06 - [TEST_STEP][PASSED] - delay(3): Delayed 3 second(s)

2022-11-22 14:39:09 - [MESSAGE][PASSED] - Delayed 3 second(s)

2022-11-22 14:39:09 - [TEST_STEP][PASSED] - scoring = sendRequest(findTestObject("EngineScore", ["response_searchME_kons":response_searchME_kons, "response_searchME_spouse":response_searchME_spouse])): Send request successfully

2022-11-22 14:39:10 - [MESSAGE][INFO] - HAR: D:\DMS\Engine Scoring\Reports\20221122_143755\Exclude KKB - DS\Scoring Individu - CS\20221122_143756\requests\main\27.har

2022-11-22 14:39:10 - [MESSAGE][PASSED] - Send request successfully

2022-11-22 14:39:10 - [TEST_STEP][PASSED] - verifyResponseStatusCode(scoring, 200): Verify response status code successfully

2022-11-22 14:39:10 - [MESSAGE][PASSED] - Verify response status code successfully

2022-11-22 14:39:10 - [TEST_STEP][PASSED] - response2 = scoring.getResponseText(): null

2022-11-22 14:39:10 - [TEST_STEP][PASSED] - markPassed("result service data ke : " + no): result service data ke : 14

2022-11-22 14:39:10 - [MESSAGE][PASSED] - result service data ke : 14

2022-11-22 14:39:10 - [TEST_STEP][PASSED] - logInfo($response2): {"result_konsumen":"Approve","result_pasangan":"","Final_result":"Approve","errorMessage":"","status":"Done"}

2022-11-22 14:39:10 - [MESSAGE][INFO] - {"result_konsumen":"Approve","result_pasangan":"","Final_result":"Approve","errorMessage":"","status":"Done"}

2022-11-22 14:39:10 - [TEST_STEP][PASSED] - verifyElementPropertyValue(scoring, "Final_result", final_result): Verify element property value successfully

2022-11-22 14:39:10 - [MESSAGE][PASSED] - Verify element property value successfully]]></system-out>
         <system-err><![CDATA[]]></system-err>
      </testcase>
      <testcase name="Test Cases/Engine_Scoring/Engine Scoring" time="4.504" classname="Test Cases/Engine_Scoring/Engine Scoring" status="PASSED">
         <system-out><![CDATA[2022-11-22 14:39:10 - [TEST_CASE][PASSED] - Test Cases/Engine_Scoring/Engine Scoring: Test Cases/Engine_Scoring/Engine Scoring

2022-11-22 14:39:10 - [TEST_STEP][PASSED] - markPassed("Variasi data ke : " + no): Variasi data ke : 15

2022-11-22 14:39:10 - [MESSAGE][PASSED] - Variasi data ke : 15

2022-11-22 14:39:10 - [TEST_STEP][PASSED] - req_data = sendRequest(findTestObject("Search_ME", ["MID":MID, "source":source, "ip":ip, "userid":userid, "branch":branch, "tipekons":tipekons, "marital":marital, "penjamin":penjamin, ... ])): Send request successfully

2022-11-22 14:39:11 - [MESSAGE][INFO] - HAR: D:\DMS\Engine Scoring\Reports\20221122_143755\Exclude KKB - DS\Scoring Individu - CS\20221122_143756\requests\main\28.har

2022-11-22 14:39:11 - [MESSAGE][PASSED] - Send request successfully

2022-11-22 14:39:11 - [TEST_STEP][PASSED] - slurper = new groovy.json.JsonSlurper(): null

2022-11-22 14:39:11 - [TEST_STEP][PASSED] - result = slurper.parseText(req_data.getResponseBodyContent()): null

2022-11-22 14:39:11 - [TEST_STEP][PASSED] - reqid_kons = requestid1: null

2022-11-22 14:39:11 - [TEST_STEP][PASSED] - reqid_spouse = requestid2: null

2022-11-22 14:39:11 - [TEST_STEP][PASSED] - println("requestid kons : " + reqid_kons): null

2022-11-22 14:39:11 - [TEST_STEP][PASSED] - response_searchME_kons = reqid_kons: null

2022-11-22 14:39:11 - [TEST_STEP][PASSED] - response_searchME_spouse = reqid_spouse: null

2022-11-22 14:39:11 - [TEST_STEP][PASSED] - println("kons req id is :" + response_searchME_kons): null

2022-11-22 14:39:11 - [TEST_STEP][PASSED] - println("spouse req id is : " + response_searchME_spouse): null

2022-11-22 14:39:11 - [TEST_STEP][PASSED] - verifyResponseStatusCode(req_data, 200): Verify response status code successfully

2022-11-22 14:39:11 - [MESSAGE][PASSED] - Verify response status code successfully

2022-11-22 14:39:11 - [TEST_STEP][PASSED] - response = req_data.getResponseText(): null

2022-11-22 14:39:11 - [TEST_STEP][PASSED] - logInfo($response): {"status":"Done","data":{"requestid1":"241555","requestid2":""}}

2022-11-22 14:39:11 - [MESSAGE][INFO] - {"status":"Done","data":{"requestid1":"241555","requestid2":""}}

2022-11-22 14:39:11 - [TEST_STEP][PASSED] - delay(3): Delayed 3 second(s)

2022-11-22 14:39:14 - [MESSAGE][PASSED] - Delayed 3 second(s)

2022-11-22 14:39:14 - [TEST_STEP][PASSED] - scoring = sendRequest(findTestObject("EngineScore", ["response_searchME_kons":response_searchME_kons, "response_searchME_spouse":response_searchME_spouse])): Send request successfully

2022-11-22 14:39:14 - [MESSAGE][INFO] - HAR: D:\DMS\Engine Scoring\Reports\20221122_143755\Exclude KKB - DS\Scoring Individu - CS\20221122_143756\requests\main\29.har

2022-11-22 14:39:14 - [MESSAGE][PASSED] - Send request successfully

2022-11-22 14:39:14 - [TEST_STEP][PASSED] - verifyResponseStatusCode(scoring, 200): Verify response status code successfully

2022-11-22 14:39:14 - [MESSAGE][PASSED] - Verify response status code successfully

2022-11-22 14:39:14 - [TEST_STEP][PASSED] - response2 = scoring.getResponseText(): null

2022-11-22 14:39:14 - [TEST_STEP][PASSED] - markPassed("result service data ke : " + no): result service data ke : 15

2022-11-22 14:39:14 - [MESSAGE][PASSED] - result service data ke : 15

2022-11-22 14:39:14 - [TEST_STEP][PASSED] - logInfo($response2): {"result_konsumen":"Approve","result_pasangan":"","Final_result":"Approve","errorMessage":"","status":"Done"}

2022-11-22 14:39:14 - [MESSAGE][INFO] - {"result_konsumen":"Approve","result_pasangan":"","Final_result":"Approve","errorMessage":"","status":"Done"}

2022-11-22 14:39:14 - [TEST_STEP][PASSED] - verifyElementPropertyValue(scoring, "Final_result", final_result): Verify element property value successfully

2022-11-22 14:39:14 - [MESSAGE][PASSED] - Verify element property value successfully]]></system-out>
         <system-err><![CDATA[]]></system-err>
      </testcase>
      <testcase name="Test Cases/Engine_Scoring/Engine Scoring" time="4.519" classname="Test Cases/Engine_Scoring/Engine Scoring" status="PASSED">
         <system-out><![CDATA[2022-11-22 14:39:14 - [TEST_CASE][PASSED] - Test Cases/Engine_Scoring/Engine Scoring: Test Cases/Engine_Scoring/Engine Scoring

2022-11-22 14:39:15 - [TEST_STEP][PASSED] - markPassed("Variasi data ke : " + no): Variasi data ke : 16

2022-11-22 14:39:15 - [MESSAGE][PASSED] - Variasi data ke : 16

2022-11-22 14:39:15 - [TEST_STEP][PASSED] - req_data = sendRequest(findTestObject("Search_ME", ["MID":MID, "source":source, "ip":ip, "userid":userid, "branch":branch, "tipekons":tipekons, "marital":marital, "penjamin":penjamin, ... ])): Send request successfully

2022-11-22 14:39:16 - [MESSAGE][INFO] - HAR: D:\DMS\Engine Scoring\Reports\20221122_143755\Exclude KKB - DS\Scoring Individu - CS\20221122_143756\requests\main\30.har

2022-11-22 14:39:16 - [MESSAGE][PASSED] - Send request successfully

2022-11-22 14:39:16 - [TEST_STEP][PASSED] - slurper = new groovy.json.JsonSlurper(): null

2022-11-22 14:39:16 - [TEST_STEP][PASSED] - result = slurper.parseText(req_data.getResponseBodyContent()): null

2022-11-22 14:39:16 - [TEST_STEP][PASSED] - reqid_kons = requestid1: null

2022-11-22 14:39:16 - [TEST_STEP][PASSED] - reqid_spouse = requestid2: null

2022-11-22 14:39:16 - [TEST_STEP][PASSED] - println("requestid kons : " + reqid_kons): null

2022-11-22 14:39:16 - [TEST_STEP][PASSED] - response_searchME_kons = reqid_kons: null

2022-11-22 14:39:16 - [TEST_STEP][PASSED] - response_searchME_spouse = reqid_spouse: null

2022-11-22 14:39:16 - [TEST_STEP][PASSED] - println("kons req id is :" + response_searchME_kons): null

2022-11-22 14:39:16 - [TEST_STEP][PASSED] - println("spouse req id is : " + response_searchME_spouse): null

2022-11-22 14:39:16 - [TEST_STEP][PASSED] - verifyResponseStatusCode(req_data, 200): Verify response status code successfully

2022-11-22 14:39:16 - [MESSAGE][PASSED] - Verify response status code successfully

2022-11-22 14:39:16 - [TEST_STEP][PASSED] - response = req_data.getResponseText(): null

2022-11-22 14:39:16 - [TEST_STEP][PASSED] - logInfo($response): {"status":"Done","data":{"requestid1":"241556","requestid2":""}}

2022-11-22 14:39:16 - [MESSAGE][INFO] - {"status":"Done","data":{"requestid1":"241556","requestid2":""}}

2022-11-22 14:39:16 - [TEST_STEP][PASSED] - delay(3): Delayed 3 second(s)

2022-11-22 14:39:19 - [MESSAGE][PASSED] - Delayed 3 second(s)

2022-11-22 14:39:19 - [TEST_STEP][PASSED] - scoring = sendRequest(findTestObject("EngineScore", ["response_searchME_kons":response_searchME_kons, "response_searchME_spouse":response_searchME_spouse])): Send request successfully

2022-11-22 14:39:19 - [MESSAGE][INFO] - HAR: D:\DMS\Engine Scoring\Reports\20221122_143755\Exclude KKB - DS\Scoring Individu - CS\20221122_143756\requests\main\31.har

2022-11-22 14:39:19 - [MESSAGE][PASSED] - Send request successfully

2022-11-22 14:39:19 - [TEST_STEP][PASSED] - verifyResponseStatusCode(scoring, 200): Verify response status code successfully

2022-11-22 14:39:19 - [MESSAGE][PASSED] - Verify response status code successfully

2022-11-22 14:39:19 - [TEST_STEP][PASSED] - response2 = scoring.getResponseText(): null

2022-11-22 14:39:19 - [TEST_STEP][PASSED] - markPassed("result service data ke : " + no): result service data ke : 16

2022-11-22 14:39:19 - [MESSAGE][PASSED] - result service data ke : 16

2022-11-22 14:39:19 - [TEST_STEP][PASSED] - logInfo($response2): {"result_konsumen":"Approve","result_pasangan":"","Final_result":"Approve","errorMessage":"","status":"Done"}

2022-11-22 14:39:19 - [MESSAGE][INFO] - {"result_konsumen":"Approve","result_pasangan":"","Final_result":"Approve","errorMessage":"","status":"Done"}

2022-11-22 14:39:19 - [TEST_STEP][PASSED] - verifyElementPropertyValue(scoring, "Final_result", final_result): Verify element property value successfully

2022-11-22 14:39:19 - [MESSAGE][PASSED] - Verify element property value successfully]]></system-out>
         <system-err><![CDATA[]]></system-err>
      </testcase>
      <testcase name="Test Cases/Engine_Scoring/Engine Scoring" time="4.586" classname="Test Cases/Engine_Scoring/Engine Scoring" status="PASSED">
         <system-out><![CDATA[2022-11-22 14:39:19 - [TEST_CASE][PASSED] - Test Cases/Engine_Scoring/Engine Scoring: Test Cases/Engine_Scoring/Engine Scoring

2022-11-22 14:39:19 - [TEST_STEP][PASSED] - markPassed("Variasi data ke : " + no): Variasi data ke : 17

2022-11-22 14:39:19 - [MESSAGE][PASSED] - Variasi data ke : 17

2022-11-22 14:39:19 - [TEST_STEP][PASSED] - req_data = sendRequest(findTestObject("Search_ME", ["MID":MID, "source":source, "ip":ip, "userid":userid, "branch":branch, "tipekons":tipekons, "marital":marital, "penjamin":penjamin, ... ])): Send request successfully

2022-11-22 14:39:20 - [MESSAGE][INFO] - HAR: D:\DMS\Engine Scoring\Reports\20221122_143755\Exclude KKB - DS\Scoring Individu - CS\20221122_143756\requests\main\32.har

2022-11-22 14:39:20 - [MESSAGE][PASSED] - Send request successfully

2022-11-22 14:39:20 - [TEST_STEP][PASSED] - slurper = new groovy.json.JsonSlurper(): null

2022-11-22 14:39:20 - [TEST_STEP][PASSED] - result = slurper.parseText(req_data.getResponseBodyContent()): null

2022-11-22 14:39:20 - [TEST_STEP][PASSED] - reqid_kons = requestid1: null

2022-11-22 14:39:20 - [TEST_STEP][PASSED] - reqid_spouse = requestid2: null

2022-11-22 14:39:20 - [TEST_STEP][PASSED] - println("requestid kons : " + reqid_kons): null

2022-11-22 14:39:20 - [TEST_STEP][PASSED] - response_searchME_kons = reqid_kons: null

2022-11-22 14:39:20 - [TEST_STEP][PASSED] - response_searchME_spouse = reqid_spouse: null

2022-11-22 14:39:20 - [TEST_STEP][PASSED] - println("kons req id is :" + response_searchME_kons): null

2022-11-22 14:39:20 - [TEST_STEP][PASSED] - println("spouse req id is : " + response_searchME_spouse): null

2022-11-22 14:39:20 - [TEST_STEP][PASSED] - verifyResponseStatusCode(req_data, 200): Verify response status code successfully

2022-11-22 14:39:20 - [MESSAGE][PASSED] - Verify response status code successfully

2022-11-22 14:39:20 - [TEST_STEP][PASSED] - response = req_data.getResponseText(): null

2022-11-22 14:39:20 - [TEST_STEP][PASSED] - logInfo($response): {"status":"Done","data":{"requestid1":"241557","requestid2":""}}

2022-11-22 14:39:20 - [MESSAGE][INFO] - {"status":"Done","data":{"requestid1":"241557","requestid2":""}}

2022-11-22 14:39:20 - [TEST_STEP][PASSED] - delay(3): Delayed 3 second(s)

2022-11-22 14:39:23 - [MESSAGE][PASSED] - Delayed 3 second(s)

2022-11-22 14:39:23 - [TEST_STEP][PASSED] - scoring = sendRequest(findTestObject("EngineScore", ["response_searchME_kons":response_searchME_kons, "response_searchME_spouse":response_searchME_spouse])): Send request successfully

2022-11-22 14:39:23 - [MESSAGE][INFO] - HAR: D:\DMS\Engine Scoring\Reports\20221122_143755\Exclude KKB - DS\Scoring Individu - CS\20221122_143756\requests\main\33.har

2022-11-22 14:39:23 - [MESSAGE][PASSED] - Send request successfully

2022-11-22 14:39:23 - [TEST_STEP][PASSED] - verifyResponseStatusCode(scoring, 200): Verify response status code successfully

2022-11-22 14:39:23 - [MESSAGE][PASSED] - Verify response status code successfully

2022-11-22 14:39:23 - [TEST_STEP][PASSED] - response2 = scoring.getResponseText(): null

2022-11-22 14:39:23 - [TEST_STEP][PASSED] - markPassed("result service data ke : " + no): result service data ke : 17

2022-11-22 14:39:23 - [MESSAGE][PASSED] - result service data ke : 17

2022-11-22 14:39:23 - [TEST_STEP][PASSED] - logInfo($response2): {"result_konsumen":"Approve","result_pasangan":"","Final_result":"Approve","errorMessage":"","status":"Done"}

2022-11-22 14:39:23 - [MESSAGE][INFO] - {"result_konsumen":"Approve","result_pasangan":"","Final_result":"Approve","errorMessage":"","status":"Done"}

2022-11-22 14:39:23 - [TEST_STEP][PASSED] - verifyElementPropertyValue(scoring, "Final_result", final_result): Verify element property value successfully

2022-11-22 14:39:23 - [MESSAGE][PASSED] - Verify element property value successfully]]></system-out>
         <system-err><![CDATA[]]></system-err>
      </testcase>
      <testcase name="Test Cases/Engine_Scoring/Engine Scoring" time="4.544" classname="Test Cases/Engine_Scoring/Engine Scoring" status="PASSED">
         <system-out><![CDATA[2022-11-22 14:39:23 - [TEST_CASE][PASSED] - Test Cases/Engine_Scoring/Engine Scoring: Test Cases/Engine_Scoring/Engine Scoring

2022-11-22 14:39:24 - [TEST_STEP][PASSED] - markPassed("Variasi data ke : " + no): Variasi data ke : 18

2022-11-22 14:39:24 - [MESSAGE][PASSED] - Variasi data ke : 18

2022-11-22 14:39:24 - [TEST_STEP][PASSED] - req_data = sendRequest(findTestObject("Search_ME", ["MID":MID, "source":source, "ip":ip, "userid":userid, "branch":branch, "tipekons":tipekons, "marital":marital, "penjamin":penjamin, ... ])): Send request successfully

2022-11-22 14:39:25 - [MESSAGE][INFO] - HAR: D:\DMS\Engine Scoring\Reports\20221122_143755\Exclude KKB - DS\Scoring Individu - CS\20221122_143756\requests\main\34.har

2022-11-22 14:39:25 - [MESSAGE][PASSED] - Send request successfully

2022-11-22 14:39:25 - [TEST_STEP][PASSED] - slurper = new groovy.json.JsonSlurper(): null

2022-11-22 14:39:25 - [TEST_STEP][PASSED] - result = slurper.parseText(req_data.getResponseBodyContent()): null

2022-11-22 14:39:25 - [TEST_STEP][PASSED] - reqid_kons = requestid1: null

2022-11-22 14:39:25 - [TEST_STEP][PASSED] - reqid_spouse = requestid2: null

2022-11-22 14:39:25 - [TEST_STEP][PASSED] - println("requestid kons : " + reqid_kons): null

2022-11-22 14:39:25 - [TEST_STEP][PASSED] - response_searchME_kons = reqid_kons: null

2022-11-22 14:39:25 - [TEST_STEP][PASSED] - response_searchME_spouse = reqid_spouse: null

2022-11-22 14:39:25 - [TEST_STEP][PASSED] - println("kons req id is :" + response_searchME_kons): null

2022-11-22 14:39:25 - [TEST_STEP][PASSED] - println("spouse req id is : " + response_searchME_spouse): null

2022-11-22 14:39:25 - [TEST_STEP][PASSED] - verifyResponseStatusCode(req_data, 200): Verify response status code successfully

2022-11-22 14:39:25 - [MESSAGE][PASSED] - Verify response status code successfully

2022-11-22 14:39:25 - [TEST_STEP][PASSED] - response = req_data.getResponseText(): null

2022-11-22 14:39:25 - [TEST_STEP][PASSED] - logInfo($response): {"status":"Done","data":{"requestid1":"241558","requestid2":""}}

2022-11-22 14:39:25 - [MESSAGE][INFO] - {"status":"Done","data":{"requestid1":"241558","requestid2":""}}

2022-11-22 14:39:25 - [TEST_STEP][PASSED] - delay(3): Delayed 3 second(s)

2022-11-22 14:39:28 - [MESSAGE][PASSED] - Delayed 3 second(s)

2022-11-22 14:39:28 - [TEST_STEP][PASSED] - scoring = sendRequest(findTestObject("EngineScore", ["response_searchME_kons":response_searchME_kons, "response_searchME_spouse":response_searchME_spouse])): Send request successfully

2022-11-22 14:39:28 - [MESSAGE][INFO] - HAR: D:\DMS\Engine Scoring\Reports\20221122_143755\Exclude KKB - DS\Scoring Individu - CS\20221122_143756\requests\main\35.har

2022-11-22 14:39:28 - [MESSAGE][PASSED] - Send request successfully

2022-11-22 14:39:28 - [TEST_STEP][PASSED] - verifyResponseStatusCode(scoring, 200): Verify response status code successfully

2022-11-22 14:39:28 - [MESSAGE][PASSED] - Verify response status code successfully

2022-11-22 14:39:28 - [TEST_STEP][PASSED] - response2 = scoring.getResponseText(): null

2022-11-22 14:39:28 - [TEST_STEP][PASSED] - markPassed("result service data ke : " + no): result service data ke : 18

2022-11-22 14:39:28 - [MESSAGE][PASSED] - result service data ke : 18

2022-11-22 14:39:28 - [TEST_STEP][PASSED] - logInfo($response2): {"result_konsumen":"Approve","result_pasangan":"","Final_result":"Approve","errorMessage":"","status":"Done"}

2022-11-22 14:39:28 - [MESSAGE][INFO] - {"result_konsumen":"Approve","result_pasangan":"","Final_result":"Approve","errorMessage":"","status":"Done"}

2022-11-22 14:39:28 - [TEST_STEP][PASSED] - verifyElementPropertyValue(scoring, "Final_result", final_result): Verify element property value successfully

2022-11-22 14:39:28 - [MESSAGE][PASSED] - Verify element property value successfully]]></system-out>
         <system-err><![CDATA[]]></system-err>
      </testcase>
      <testcase name="Test Cases/Engine_Scoring/Engine Scoring" time="4.591" classname="Test Cases/Engine_Scoring/Engine Scoring" status="PASSED">
         <system-out><![CDATA[2022-11-22 14:39:28 - [TEST_CASE][PASSED] - Test Cases/Engine_Scoring/Engine Scoring: Test Cases/Engine_Scoring/Engine Scoring

2022-11-22 14:39:29 - [TEST_STEP][PASSED] - markPassed("Variasi data ke : " + no): Variasi data ke : 19

2022-11-22 14:39:29 - [MESSAGE][PASSED] - Variasi data ke : 19

2022-11-22 14:39:29 - [TEST_STEP][PASSED] - req_data = sendRequest(findTestObject("Search_ME", ["MID":MID, "source":source, "ip":ip, "userid":userid, "branch":branch, "tipekons":tipekons, "marital":marital, "penjamin":penjamin, ... ])): Send request successfully

2022-11-22 14:39:29 - [MESSAGE][INFO] - HAR: D:\DMS\Engine Scoring\Reports\20221122_143755\Exclude KKB - DS\Scoring Individu - CS\20221122_143756\requests\main\36.har

2022-11-22 14:39:29 - [MESSAGE][PASSED] - Send request successfully

2022-11-22 14:39:29 - [TEST_STEP][PASSED] - slurper = new groovy.json.JsonSlurper(): null

2022-11-22 14:39:29 - [TEST_STEP][PASSED] - result = slurper.parseText(req_data.getResponseBodyContent()): null

2022-11-22 14:39:29 - [TEST_STEP][PASSED] - reqid_kons = requestid1: null

2022-11-22 14:39:29 - [TEST_STEP][PASSED] - reqid_spouse = requestid2: null

2022-11-22 14:39:29 - [TEST_STEP][PASSED] - println("requestid kons : " + reqid_kons): null

2022-11-22 14:39:29 - [TEST_STEP][PASSED] - response_searchME_kons = reqid_kons: null

2022-11-22 14:39:29 - [TEST_STEP][PASSED] - response_searchME_spouse = reqid_spouse: null

2022-11-22 14:39:29 - [TEST_STEP][PASSED] - println("kons req id is :" + response_searchME_kons): null

2022-11-22 14:39:29 - [TEST_STEP][PASSED] - println("spouse req id is : " + response_searchME_spouse): null

2022-11-22 14:39:29 - [TEST_STEP][PASSED] - verifyResponseStatusCode(req_data, 200): Verify response status code successfully

2022-11-22 14:39:29 - [MESSAGE][PASSED] - Verify response status code successfully

2022-11-22 14:39:29 - [TEST_STEP][PASSED] - response = req_data.getResponseText(): null

2022-11-22 14:39:29 - [TEST_STEP][PASSED] - logInfo($response): {"status":"Done","data":{"requestid1":"241559","requestid2":""}}

2022-11-22 14:39:29 - [MESSAGE][INFO] - {"status":"Done","data":{"requestid1":"241559","requestid2":""}}

2022-11-22 14:39:29 - [TEST_STEP][PASSED] - delay(3): Delayed 3 second(s)

2022-11-22 14:39:32 - [MESSAGE][PASSED] - Delayed 3 second(s)

2022-11-22 14:39:32 - [TEST_STEP][PASSED] - scoring = sendRequest(findTestObject("EngineScore", ["response_searchME_kons":response_searchME_kons, "response_searchME_spouse":response_searchME_spouse])): Send request successfully

2022-11-22 14:39:32 - [MESSAGE][INFO] - HAR: D:\DMS\Engine Scoring\Reports\20221122_143755\Exclude KKB - DS\Scoring Individu - CS\20221122_143756\requests\main\37.har

2022-11-22 14:39:32 - [MESSAGE][PASSED] - Send request successfully

2022-11-22 14:39:32 - [TEST_STEP][PASSED] - verifyResponseStatusCode(scoring, 200): Verify response status code successfully

2022-11-22 14:39:32 - [MESSAGE][PASSED] - Verify response status code successfully

2022-11-22 14:39:32 - [TEST_STEP][PASSED] - response2 = scoring.getResponseText(): null

2022-11-22 14:39:32 - [TEST_STEP][PASSED] - markPassed("result service data ke : " + no): result service data ke : 19

2022-11-22 14:39:32 - [MESSAGE][PASSED] - result service data ke : 19

2022-11-22 14:39:32 - [TEST_STEP][PASSED] - logInfo($response2): {"result_konsumen":"Approve","result_pasangan":"","Final_result":"Approve","errorMessage":"","status":"Done"}

2022-11-22 14:39:32 - [MESSAGE][INFO] - {"result_konsumen":"Approve","result_pasangan":"","Final_result":"Approve","errorMessage":"","status":"Done"}

2022-11-22 14:39:32 - [TEST_STEP][PASSED] - verifyElementPropertyValue(scoring, "Final_result", final_result): Verify element property value successfully

2022-11-22 14:39:32 - [MESSAGE][PASSED] - Verify element property value successfully]]></system-out>
         <system-err><![CDATA[]]></system-err>
      </testcase>
      <testcase name="Test Cases/Engine_Scoring/Engine Scoring" time="4.511" classname="Test Cases/Engine_Scoring/Engine Scoring" status="PASSED">
         <system-out><![CDATA[2022-11-22 14:39:32 - [TEST_CASE][PASSED] - Test Cases/Engine_Scoring/Engine Scoring: Test Cases/Engine_Scoring/Engine Scoring

2022-11-22 14:39:33 - [TEST_STEP][PASSED] - markPassed("Variasi data ke : " + no): Variasi data ke : 20

2022-11-22 14:39:33 - [MESSAGE][PASSED] - Variasi data ke : 20

2022-11-22 14:39:33 - [TEST_STEP][PASSED] - req_data = sendRequest(findTestObject("Search_ME", ["MID":MID, "source":source, "ip":ip, "userid":userid, "branch":branch, "tipekons":tipekons, "marital":marital, "penjamin":penjamin, ... ])): Send request successfully

2022-11-22 14:39:34 - [MESSAGE][INFO] - HAR: D:\DMS\Engine Scoring\Reports\20221122_143755\Exclude KKB - DS\Scoring Individu - CS\20221122_143756\requests\main\38.har

2022-11-22 14:39:34 - [MESSAGE][PASSED] - Send request successfully

2022-11-22 14:39:34 - [TEST_STEP][PASSED] - slurper = new groovy.json.JsonSlurper(): null

2022-11-22 14:39:34 - [TEST_STEP][PASSED] - result = slurper.parseText(req_data.getResponseBodyContent()): null

2022-11-22 14:39:34 - [TEST_STEP][PASSED] - reqid_kons = requestid1: null

2022-11-22 14:39:34 - [TEST_STEP][PASSED] - reqid_spouse = requestid2: null

2022-11-22 14:39:34 - [TEST_STEP][PASSED] - println("requestid kons : " + reqid_kons): null

2022-11-22 14:39:34 - [TEST_STEP][PASSED] - response_searchME_kons = reqid_kons: null

2022-11-22 14:39:34 - [TEST_STEP][PASSED] - response_searchME_spouse = reqid_spouse: null

2022-11-22 14:39:34 - [TEST_STEP][PASSED] - println("kons req id is :" + response_searchME_kons): null

2022-11-22 14:39:34 - [TEST_STEP][PASSED] - println("spouse req id is : " + response_searchME_spouse): null

2022-11-22 14:39:34 - [TEST_STEP][PASSED] - verifyResponseStatusCode(req_data, 200): Verify response status code successfully

2022-11-22 14:39:34 - [MESSAGE][PASSED] - Verify response status code successfully

2022-11-22 14:39:34 - [TEST_STEP][PASSED] - response = req_data.getResponseText(): null

2022-11-22 14:39:34 - [TEST_STEP][PASSED] - logInfo($response): {"status":"Done","data":{"requestid1":"241560","requestid2":""}}

2022-11-22 14:39:34 - [MESSAGE][INFO] - {"status":"Done","data":{"requestid1":"241560","requestid2":""}}

2022-11-22 14:39:34 - [TEST_STEP][PASSED] - delay(3): Delayed 3 second(s)

2022-11-22 14:39:37 - [MESSAGE][PASSED] - Delayed 3 second(s)

2022-11-22 14:39:37 - [TEST_STEP][PASSED] - scoring = sendRequest(findTestObject("EngineScore", ["response_searchME_kons":response_searchME_kons, "response_searchME_spouse":response_searchME_spouse])): Send request successfully

2022-11-22 14:39:37 - [MESSAGE][INFO] - HAR: D:\DMS\Engine Scoring\Reports\20221122_143755\Exclude KKB - DS\Scoring Individu - CS\20221122_143756\requests\main\39.har

2022-11-22 14:39:37 - [MESSAGE][PASSED] - Send request successfully

2022-11-22 14:39:37 - [TEST_STEP][PASSED] - verifyResponseStatusCode(scoring, 200): Verify response status code successfully

2022-11-22 14:39:37 - [MESSAGE][PASSED] - Verify response status code successfully

2022-11-22 14:39:37 - [TEST_STEP][PASSED] - response2 = scoring.getResponseText(): null

2022-11-22 14:39:37 - [TEST_STEP][PASSED] - markPassed("result service data ke : " + no): result service data ke : 20

2022-11-22 14:39:37 - [MESSAGE][PASSED] - result service data ke : 20

2022-11-22 14:39:37 - [TEST_STEP][PASSED] - logInfo($response2): {"result_konsumen":"Approve","result_pasangan":"","Final_result":"Approve","errorMessage":"","status":"Done"}

2022-11-22 14:39:37 - [MESSAGE][INFO] - {"result_konsumen":"Approve","result_pasangan":"","Final_result":"Approve","errorMessage":"","status":"Done"}

2022-11-22 14:39:37 - [TEST_STEP][PASSED] - verifyElementPropertyValue(scoring, "Final_result", final_result): Verify element property value successfully

2022-11-22 14:39:37 - [MESSAGE][PASSED] - Verify element property value successfully]]></system-out>
         <system-err><![CDATA[]]></system-err>
      </testcase>
      <testcase name="Test Cases/Engine_Scoring/Engine Scoring" time="4.465" classname="Test Cases/Engine_Scoring/Engine Scoring" status="PASSED">
         <system-out><![CDATA[2022-11-22 14:39:37 - [TEST_CASE][PASSED] - Test Cases/Engine_Scoring/Engine Scoring: Test Cases/Engine_Scoring/Engine Scoring

2022-11-22 14:39:38 - [TEST_STEP][PASSED] - markPassed("Variasi data ke : " + no): Variasi data ke : 21

2022-11-22 14:39:38 - [MESSAGE][PASSED] - Variasi data ke : 21

2022-11-22 14:39:38 - [TEST_STEP][PASSED] - req_data = sendRequest(findTestObject("Search_ME", ["MID":MID, "source":source, "ip":ip, "userid":userid, "branch":branch, "tipekons":tipekons, "marital":marital, "penjamin":penjamin, ... ])): Send request successfully

2022-11-22 14:39:38 - [MESSAGE][INFO] - HAR: D:\DMS\Engine Scoring\Reports\20221122_143755\Exclude KKB - DS\Scoring Individu - CS\20221122_143756\requests\main\40.har

2022-11-22 14:39:38 - [MESSAGE][PASSED] - Send request successfully

2022-11-22 14:39:38 - [TEST_STEP][PASSED] - slurper = new groovy.json.JsonSlurper(): null

2022-11-22 14:39:38 - [TEST_STEP][PASSED] - result = slurper.parseText(req_data.getResponseBodyContent()): null

2022-11-22 14:39:38 - [TEST_STEP][PASSED] - reqid_kons = requestid1: null

2022-11-22 14:39:38 - [TEST_STEP][PASSED] - reqid_spouse = requestid2: null

2022-11-22 14:39:38 - [TEST_STEP][PASSED] - println("requestid kons : " + reqid_kons): null

2022-11-22 14:39:38 - [TEST_STEP][PASSED] - response_searchME_kons = reqid_kons: null

2022-11-22 14:39:38 - [TEST_STEP][PASSED] - response_searchME_spouse = reqid_spouse: null

2022-11-22 14:39:38 - [TEST_STEP][PASSED] - println("kons req id is :" + response_searchME_kons): null

2022-11-22 14:39:38 - [TEST_STEP][PASSED] - println("spouse req id is : " + response_searchME_spouse): null

2022-11-22 14:39:38 - [TEST_STEP][PASSED] - verifyResponseStatusCode(req_data, 200): Verify response status code successfully

2022-11-22 14:39:38 - [MESSAGE][PASSED] - Verify response status code successfully

2022-11-22 14:39:38 - [TEST_STEP][PASSED] - response = req_data.getResponseText(): null

2022-11-22 14:39:38 - [TEST_STEP][PASSED] - logInfo($response): {"status":"Done","data":{"requestid1":"241561","requestid2":""}}

2022-11-22 14:39:38 - [MESSAGE][INFO] - {"status":"Done","data":{"requestid1":"241561","requestid2":""}}

2022-11-22 14:39:38 - [TEST_STEP][PASSED] - delay(3): Delayed 3 second(s)

2022-11-22 14:39:41 - [MESSAGE][PASSED] - Delayed 3 second(s)

2022-11-22 14:39:41 - [TEST_STEP][PASSED] - scoring = sendRequest(findTestObject("EngineScore", ["response_searchME_kons":response_searchME_kons, "response_searchME_spouse":response_searchME_spouse])): Send request successfully

2022-11-22 14:39:41 - [MESSAGE][INFO] - HAR: D:\DMS\Engine Scoring\Reports\20221122_143755\Exclude KKB - DS\Scoring Individu - CS\20221122_143756\requests\main\41.har

2022-11-22 14:39:41 - [MESSAGE][PASSED] - Send request successfully

2022-11-22 14:39:41 - [TEST_STEP][PASSED] - verifyResponseStatusCode(scoring, 200): Verify response status code successfully

2022-11-22 14:39:41 - [MESSAGE][PASSED] - Verify response status code successfully

2022-11-22 14:39:41 - [TEST_STEP][PASSED] - response2 = scoring.getResponseText(): null

2022-11-22 14:39:41 - [TEST_STEP][PASSED] - markPassed("result service data ke : " + no): result service data ke : 21

2022-11-22 14:39:41 - [MESSAGE][PASSED] - result service data ke : 21

2022-11-22 14:39:41 - [TEST_STEP][PASSED] - logInfo($response2): {"result_konsumen":"Reject","result_pasangan":"","Final_result":"Reject","errorMessage":"","status":"Done"}

2022-11-22 14:39:41 - [MESSAGE][INFO] - {"result_konsumen":"Reject","result_pasangan":"","Final_result":"Reject","errorMessage":"","status":"Done"}

2022-11-22 14:39:41 - [TEST_STEP][PASSED] - verifyElementPropertyValue(scoring, "Final_result", final_result): Verify element property value successfully

2022-11-22 14:39:42 - [MESSAGE][PASSED] - Verify element property value successfully]]></system-out>
         <system-err><![CDATA[]]></system-err>
      </testcase>
      <testcase name="Test Cases/Engine_Scoring/Engine Scoring" time="4.501" classname="Test Cases/Engine_Scoring/Engine Scoring" status="PASSED">
         <system-out><![CDATA[2022-11-22 14:39:42 - [TEST_CASE][PASSED] - Test Cases/Engine_Scoring/Engine Scoring: Test Cases/Engine_Scoring/Engine Scoring

2022-11-22 14:39:42 - [TEST_STEP][PASSED] - markPassed("Variasi data ke : " + no): Variasi data ke : 22

2022-11-22 14:39:42 - [MESSAGE][PASSED] - Variasi data ke : 22

2022-11-22 14:39:42 - [TEST_STEP][PASSED] - req_data = sendRequest(findTestObject("Search_ME", ["MID":MID, "source":source, "ip":ip, "userid":userid, "branch":branch, "tipekons":tipekons, "marital":marital, "penjamin":penjamin, ... ])): Send request successfully

2022-11-22 14:39:43 - [MESSAGE][INFO] - HAR: D:\DMS\Engine Scoring\Reports\20221122_143755\Exclude KKB - DS\Scoring Individu - CS\20221122_143756\requests\main\42.har

2022-11-22 14:39:43 - [MESSAGE][PASSED] - Send request successfully

2022-11-22 14:39:43 - [TEST_STEP][PASSED] - slurper = new groovy.json.JsonSlurper(): null

2022-11-22 14:39:43 - [TEST_STEP][PASSED] - result = slurper.parseText(req_data.getResponseBodyContent()): null

2022-11-22 14:39:43 - [TEST_STEP][PASSED] - reqid_kons = requestid1: null

2022-11-22 14:39:43 - [TEST_STEP][PASSED] - reqid_spouse = requestid2: null

2022-11-22 14:39:43 - [TEST_STEP][PASSED] - println("requestid kons : " + reqid_kons): null

2022-11-22 14:39:43 - [TEST_STEP][PASSED] - response_searchME_kons = reqid_kons: null

2022-11-22 14:39:43 - [TEST_STEP][PASSED] - response_searchME_spouse = reqid_spouse: null

2022-11-22 14:39:43 - [TEST_STEP][PASSED] - println("kons req id is :" + response_searchME_kons): null

2022-11-22 14:39:43 - [TEST_STEP][PASSED] - println("spouse req id is : " + response_searchME_spouse): null

2022-11-22 14:39:43 - [TEST_STEP][PASSED] - verifyResponseStatusCode(req_data, 200): Verify response status code successfully

2022-11-22 14:39:43 - [MESSAGE][PASSED] - Verify response status code successfully

2022-11-22 14:39:43 - [TEST_STEP][PASSED] - response = req_data.getResponseText(): null

2022-11-22 14:39:43 - [TEST_STEP][PASSED] - logInfo($response): {"status":"Done","data":{"requestid1":"241562","requestid2":""}}

2022-11-22 14:39:43 - [MESSAGE][INFO] - {"status":"Done","data":{"requestid1":"241562","requestid2":""}}

2022-11-22 14:39:43 - [TEST_STEP][PASSED] - delay(3): Delayed 3 second(s)

2022-11-22 14:39:46 - [MESSAGE][PASSED] - Delayed 3 second(s)

2022-11-22 14:39:46 - [TEST_STEP][PASSED] - scoring = sendRequest(findTestObject("EngineScore", ["response_searchME_kons":response_searchME_kons, "response_searchME_spouse":response_searchME_spouse])): Send request successfully

2022-11-22 14:39:46 - [MESSAGE][INFO] - HAR: D:\DMS\Engine Scoring\Reports\20221122_143755\Exclude KKB - DS\Scoring Individu - CS\20221122_143756\requests\main\43.har

2022-11-22 14:39:46 - [MESSAGE][PASSED] - Send request successfully

2022-11-22 14:39:46 - [TEST_STEP][PASSED] - verifyResponseStatusCode(scoring, 200): Verify response status code successfully

2022-11-22 14:39:46 - [MESSAGE][PASSED] - Verify response status code successfully

2022-11-22 14:39:46 - [TEST_STEP][PASSED] - response2 = scoring.getResponseText(): null

2022-11-22 14:39:46 - [TEST_STEP][PASSED] - markPassed("result service data ke : " + no): result service data ke : 22

2022-11-22 14:39:46 - [MESSAGE][PASSED] - result service data ke : 22

2022-11-22 14:39:46 - [TEST_STEP][PASSED] - logInfo($response2): {"result_konsumen":"Reject","result_pasangan":"","Final_result":"Reject","errorMessage":"","status":"Done"}

2022-11-22 14:39:46 - [MESSAGE][INFO] - {"result_konsumen":"Reject","result_pasangan":"","Final_result":"Reject","errorMessage":"","status":"Done"}

2022-11-22 14:39:46 - [TEST_STEP][PASSED] - verifyElementPropertyValue(scoring, "Final_result", final_result): Verify element property value successfully

2022-11-22 14:39:46 - [MESSAGE][PASSED] - Verify element property value successfully]]></system-out>
         <system-err><![CDATA[]]></system-err>
      </testcase>
      <testcase name="Test Cases/Engine_Scoring/Engine Scoring" time="4.578" classname="Test Cases/Engine_Scoring/Engine Scoring" status="PASSED">
         <system-out><![CDATA[2022-11-22 14:39:46 - [TEST_CASE][PASSED] - Test Cases/Engine_Scoring/Engine Scoring: Test Cases/Engine_Scoring/Engine Scoring

2022-11-22 14:39:47 - [TEST_STEP][PASSED] - markPassed("Variasi data ke : " + no): Variasi data ke : 23

2022-11-22 14:39:47 - [MESSAGE][PASSED] - Variasi data ke : 23

2022-11-22 14:39:47 - [TEST_STEP][PASSED] - req_data = sendRequest(findTestObject("Search_ME", ["MID":MID, "source":source, "ip":ip, "userid":userid, "branch":branch, "tipekons":tipekons, "marital":marital, "penjamin":penjamin, ... ])): Send request successfully

2022-11-22 14:39:48 - [MESSAGE][INFO] - HAR: D:\DMS\Engine Scoring\Reports\20221122_143755\Exclude KKB - DS\Scoring Individu - CS\20221122_143756\requests\main\44.har

2022-11-22 14:39:48 - [MESSAGE][PASSED] - Send request successfully

2022-11-22 14:39:48 - [TEST_STEP][PASSED] - slurper = new groovy.json.JsonSlurper(): null

2022-11-22 14:39:48 - [TEST_STEP][PASSED] - result = slurper.parseText(req_data.getResponseBodyContent()): null

2022-11-22 14:39:48 - [TEST_STEP][PASSED] - reqid_kons = requestid1: null

2022-11-22 14:39:48 - [TEST_STEP][PASSED] - reqid_spouse = requestid2: null

2022-11-22 14:39:48 - [TEST_STEP][PASSED] - println("requestid kons : " + reqid_kons): null

2022-11-22 14:39:48 - [TEST_STEP][PASSED] - response_searchME_kons = reqid_kons: null

2022-11-22 14:39:48 - [TEST_STEP][PASSED] - response_searchME_spouse = reqid_spouse: null

2022-11-22 14:39:48 - [TEST_STEP][PASSED] - println("kons req id is :" + response_searchME_kons): null

2022-11-22 14:39:48 - [TEST_STEP][PASSED] - println("spouse req id is : " + response_searchME_spouse): null

2022-11-22 14:39:48 - [TEST_STEP][PASSED] - verifyResponseStatusCode(req_data, 200): Verify response status code successfully

2022-11-22 14:39:48 - [MESSAGE][PASSED] - Verify response status code successfully

2022-11-22 14:39:48 - [TEST_STEP][PASSED] - response = req_data.getResponseText(): null

2022-11-22 14:39:48 - [TEST_STEP][PASSED] - logInfo($response): {"status":"Done","data":{"requestid1":"241563","requestid2":""}}

2022-11-22 14:39:48 - [MESSAGE][INFO] - {"status":"Done","data":{"requestid1":"241563","requestid2":""}}

2022-11-22 14:39:48 - [TEST_STEP][PASSED] - delay(3): Delayed 3 second(s)

2022-11-22 14:39:51 - [MESSAGE][PASSED] - Delayed 3 second(s)

2022-11-22 14:39:51 - [TEST_STEP][PASSED] - scoring = sendRequest(findTestObject("EngineScore", ["response_searchME_kons":response_searchME_kons, "response_searchME_spouse":response_searchME_spouse])): Send request successfully

2022-11-22 14:39:51 - [MESSAGE][INFO] - HAR: D:\DMS\Engine Scoring\Reports\20221122_143755\Exclude KKB - DS\Scoring Individu - CS\20221122_143756\requests\main\45.har

2022-11-22 14:39:51 - [MESSAGE][PASSED] - Send request successfully

2022-11-22 14:39:51 - [TEST_STEP][PASSED] - verifyResponseStatusCode(scoring, 200): Verify response status code successfully

2022-11-22 14:39:51 - [MESSAGE][PASSED] - Verify response status code successfully

2022-11-22 14:39:51 - [TEST_STEP][PASSED] - response2 = scoring.getResponseText(): null

2022-11-22 14:39:51 - [TEST_STEP][PASSED] - markPassed("result service data ke : " + no): result service data ke : 23

2022-11-22 14:39:51 - [MESSAGE][PASSED] - result service data ke : 23

2022-11-22 14:39:51 - [TEST_STEP][PASSED] - logInfo($response2): {"result_konsumen":"Reject","result_pasangan":"","Final_result":"Reject","errorMessage":"","status":"Done"}

2022-11-22 14:39:51 - [MESSAGE][INFO] - {"result_konsumen":"Reject","result_pasangan":"","Final_result":"Reject","errorMessage":"","status":"Done"}

2022-11-22 14:39:51 - [TEST_STEP][PASSED] - verifyElementPropertyValue(scoring, "Final_result", final_result): Verify element property value successfully

2022-11-22 14:39:51 - [MESSAGE][PASSED] - Verify element property value successfully]]></system-out>
         <system-err><![CDATA[]]></system-err>
      </testcase>
      <testcase name="Test Cases/Engine_Scoring/Engine Scoring" time="4.592" classname="Test Cases/Engine_Scoring/Engine Scoring" status="PASSED">
         <system-out><![CDATA[2022-11-22 14:39:51 - [TEST_CASE][PASSED] - Test Cases/Engine_Scoring/Engine Scoring: Test Cases/Engine_Scoring/Engine Scoring

2022-11-22 14:39:51 - [TEST_STEP][PASSED] - markPassed("Variasi data ke : " + no): Variasi data ke : 24

2022-11-22 14:39:51 - [MESSAGE][PASSED] - Variasi data ke : 24

2022-11-22 14:39:51 - [TEST_STEP][PASSED] - req_data = sendRequest(findTestObject("Search_ME", ["MID":MID, "source":source, "ip":ip, "userid":userid, "branch":branch, "tipekons":tipekons, "marital":marital, "penjamin":penjamin, ... ])): Send request successfully

2022-11-22 14:39:52 - [MESSAGE][INFO] - HAR: D:\DMS\Engine Scoring\Reports\20221122_143755\Exclude KKB - DS\Scoring Individu - CS\20221122_143756\requests\main\46.har

2022-11-22 14:39:52 - [MESSAGE][PASSED] - Send request successfully

2022-11-22 14:39:52 - [TEST_STEP][PASSED] - slurper = new groovy.json.JsonSlurper(): null

2022-11-22 14:39:52 - [TEST_STEP][PASSED] - result = slurper.parseText(req_data.getResponseBodyContent()): null

2022-11-22 14:39:52 - [TEST_STEP][PASSED] - reqid_kons = requestid1: null

2022-11-22 14:39:52 - [TEST_STEP][PASSED] - reqid_spouse = requestid2: null

2022-11-22 14:39:52 - [TEST_STEP][PASSED] - println("requestid kons : " + reqid_kons): null

2022-11-22 14:39:52 - [TEST_STEP][PASSED] - response_searchME_kons = reqid_kons: null

2022-11-22 14:39:52 - [TEST_STEP][PASSED] - response_searchME_spouse = reqid_spouse: null

2022-11-22 14:39:52 - [TEST_STEP][PASSED] - println("kons req id is :" + response_searchME_kons): null

2022-11-22 14:39:52 - [TEST_STEP][PASSED] - println("spouse req id is : " + response_searchME_spouse): null

2022-11-22 14:39:52 - [TEST_STEP][PASSED] - verifyResponseStatusCode(req_data, 200): Verify response status code successfully

2022-11-22 14:39:52 - [MESSAGE][PASSED] - Verify response status code successfully

2022-11-22 14:39:52 - [TEST_STEP][PASSED] - response = req_data.getResponseText(): null

2022-11-22 14:39:52 - [TEST_STEP][PASSED] - logInfo($response): {"status":"Done","data":{"requestid1":"241564","requestid2":""}}

2022-11-22 14:39:52 - [MESSAGE][INFO] - {"status":"Done","data":{"requestid1":"241564","requestid2":""}}

2022-11-22 14:39:52 - [TEST_STEP][PASSED] - delay(3): Delayed 3 second(s)

2022-11-22 14:39:55 - [MESSAGE][PASSED] - Delayed 3 second(s)

2022-11-22 14:39:55 - [TEST_STEP][PASSED] - scoring = sendRequest(findTestObject("EngineScore", ["response_searchME_kons":response_searchME_kons, "response_searchME_spouse":response_searchME_spouse])): Send request successfully

2022-11-22 14:39:55 - [MESSAGE][INFO] - HAR: D:\DMS\Engine Scoring\Reports\20221122_143755\Exclude KKB - DS\Scoring Individu - CS\20221122_143756\requests\main\47.har

2022-11-22 14:39:55 - [MESSAGE][PASSED] - Send request successfully

2022-11-22 14:39:55 - [TEST_STEP][PASSED] - verifyResponseStatusCode(scoring, 200): Verify response status code successfully

2022-11-22 14:39:55 - [MESSAGE][PASSED] - Verify response status code successfully

2022-11-22 14:39:55 - [TEST_STEP][PASSED] - response2 = scoring.getResponseText(): null

2022-11-22 14:39:55 - [TEST_STEP][PASSED] - markPassed("result service data ke : " + no): result service data ke : 24

2022-11-22 14:39:55 - [MESSAGE][PASSED] - result service data ke : 24

2022-11-22 14:39:55 - [TEST_STEP][PASSED] - logInfo($response2): {"result_konsumen":"Reject","result_pasangan":"","Final_result":"Reject","errorMessage":"","status":"Done"}

2022-11-22 14:39:55 - [MESSAGE][INFO] - {"result_konsumen":"Reject","result_pasangan":"","Final_result":"Reject","errorMessage":"","status":"Done"}

2022-11-22 14:39:55 - [TEST_STEP][PASSED] - verifyElementPropertyValue(scoring, "Final_result", final_result): Verify element property value successfully

2022-11-22 14:39:55 - [MESSAGE][PASSED] - Verify element property value successfully]]></system-out>
         <system-err><![CDATA[]]></system-err>
      </testcase>
      <testcase name="Test Cases/Engine_Scoring/Engine Scoring" time="4.629" classname="Test Cases/Engine_Scoring/Engine Scoring" status="PASSED">
         <system-out><![CDATA[2022-11-22 14:39:55 - [TEST_CASE][PASSED] - Test Cases/Engine_Scoring/Engine Scoring: Test Cases/Engine_Scoring/Engine Scoring

2022-11-22 14:39:56 - [TEST_STEP][PASSED] - markPassed("Variasi data ke : " + no): Variasi data ke : 25

2022-11-22 14:39:56 - [MESSAGE][PASSED] - Variasi data ke : 25

2022-11-22 14:39:56 - [TEST_STEP][PASSED] - req_data = sendRequest(findTestObject("Search_ME", ["MID":MID, "source":source, "ip":ip, "userid":userid, "branch":branch, "tipekons":tipekons, "marital":marital, "penjamin":penjamin, ... ])): Send request successfully

2022-11-22 14:39:57 - [MESSAGE][INFO] - HAR: D:\DMS\Engine Scoring\Reports\20221122_143755\Exclude KKB - DS\Scoring Individu - CS\20221122_143756\requests\main\48.har

2022-11-22 14:39:57 - [MESSAGE][PASSED] - Send request successfully

2022-11-22 14:39:57 - [TEST_STEP][PASSED] - slurper = new groovy.json.JsonSlurper(): null

2022-11-22 14:39:57 - [TEST_STEP][PASSED] - result = slurper.parseText(req_data.getResponseBodyContent()): null

2022-11-22 14:39:57 - [TEST_STEP][PASSED] - reqid_kons = requestid1: null

2022-11-22 14:39:57 - [TEST_STEP][PASSED] - reqid_spouse = requestid2: null

2022-11-22 14:39:57 - [TEST_STEP][PASSED] - println("requestid kons : " + reqid_kons): null

2022-11-22 14:39:57 - [TEST_STEP][PASSED] - response_searchME_kons = reqid_kons: null

2022-11-22 14:39:57 - [TEST_STEP][PASSED] - response_searchME_spouse = reqid_spouse: null

2022-11-22 14:39:57 - [TEST_STEP][PASSED] - println("kons req id is :" + response_searchME_kons): null

2022-11-22 14:39:57 - [TEST_STEP][PASSED] - println("spouse req id is : " + response_searchME_spouse): null

2022-11-22 14:39:57 - [TEST_STEP][PASSED] - verifyResponseStatusCode(req_data, 200): Verify response status code successfully

2022-11-22 14:39:57 - [MESSAGE][PASSED] - Verify response status code successfully

2022-11-22 14:39:57 - [TEST_STEP][PASSED] - response = req_data.getResponseText(): null

2022-11-22 14:39:57 - [TEST_STEP][PASSED] - logInfo($response): {"status":"Done","data":{"requestid1":"241565","requestid2":""}}

2022-11-22 14:39:57 - [MESSAGE][INFO] - {"status":"Done","data":{"requestid1":"241565","requestid2":""}}

2022-11-22 14:39:57 - [TEST_STEP][PASSED] - delay(3): Delayed 3 second(s)

2022-11-22 14:40:00 - [MESSAGE][PASSED] - Delayed 3 second(s)

2022-11-22 14:40:00 - [TEST_STEP][PASSED] - scoring = sendRequest(findTestObject("EngineScore", ["response_searchME_kons":response_searchME_kons, "response_searchME_spouse":response_searchME_spouse])): Send request successfully

2022-11-22 14:40:00 - [MESSAGE][INFO] - HAR: D:\DMS\Engine Scoring\Reports\20221122_143755\Exclude KKB - DS\Scoring Individu - CS\20221122_143756\requests\main\49.har

2022-11-22 14:40:00 - [MESSAGE][PASSED] - Send request successfully

2022-11-22 14:40:00 - [TEST_STEP][PASSED] - verifyResponseStatusCode(scoring, 200): Verify response status code successfully

2022-11-22 14:40:00 - [MESSAGE][PASSED] - Verify response status code successfully

2022-11-22 14:40:00 - [TEST_STEP][PASSED] - response2 = scoring.getResponseText(): null

2022-11-22 14:40:00 - [TEST_STEP][PASSED] - markPassed("result service data ke : " + no): result service data ke : 25

2022-11-22 14:40:00 - [MESSAGE][PASSED] - result service data ke : 25

2022-11-22 14:40:00 - [TEST_STEP][PASSED] - logInfo($response2): {"result_konsumen":"Approve","result_pasangan":"","Final_result":"Approve","errorMessage":"","status":"Done"}

2022-11-22 14:40:00 - [MESSAGE][INFO] - {"result_konsumen":"Approve","result_pasangan":"","Final_result":"Approve","errorMessage":"","status":"Done"}

2022-11-22 14:40:00 - [TEST_STEP][PASSED] - verifyElementPropertyValue(scoring, "Final_result", final_result): Verify element property value successfully

2022-11-22 14:40:00 - [MESSAGE][PASSED] - Verify element property value successfully]]></system-out>
         <system-err><![CDATA[]]></system-err>
      </testcase>
      <testcase name="Test Cases/Engine_Scoring/Engine Scoring" time="4.577" classname="Test Cases/Engine_Scoring/Engine Scoring" status="PASSED">
         <system-out><![CDATA[2022-11-22 14:40:00 - [TEST_CASE][PASSED] - Test Cases/Engine_Scoring/Engine Scoring: Test Cases/Engine_Scoring/Engine Scoring

2022-11-22 14:40:01 - [TEST_STEP][PASSED] - markPassed("Variasi data ke : " + no): Variasi data ke : 26

2022-11-22 14:40:01 - [MESSAGE][PASSED] - Variasi data ke : 26

2022-11-22 14:40:01 - [TEST_STEP][PASSED] - req_data = sendRequest(findTestObject("Search_ME", ["MID":MID, "source":source, "ip":ip, "userid":userid, "branch":branch, "tipekons":tipekons, "marital":marital, "penjamin":penjamin, ... ])): Send request successfully

2022-11-22 14:40:01 - [MESSAGE][INFO] - HAR: D:\DMS\Engine Scoring\Reports\20221122_143755\Exclude KKB - DS\Scoring Individu - CS\20221122_143756\requests\main\50.har

2022-11-22 14:40:02 - [MESSAGE][PASSED] - Send request successfully

2022-11-22 14:40:02 - [TEST_STEP][PASSED] - slurper = new groovy.json.JsonSlurper(): null

2022-11-22 14:40:02 - [TEST_STEP][PASSED] - result = slurper.parseText(req_data.getResponseBodyContent()): null

2022-11-22 14:40:02 - [TEST_STEP][PASSED] - reqid_kons = requestid1: null

2022-11-22 14:40:02 - [TEST_STEP][PASSED] - reqid_spouse = requestid2: null

2022-11-22 14:40:02 - [TEST_STEP][PASSED] - println("requestid kons : " + reqid_kons): null

2022-11-22 14:40:02 - [TEST_STEP][PASSED] - response_searchME_kons = reqid_kons: null

2022-11-22 14:40:02 - [TEST_STEP][PASSED] - response_searchME_spouse = reqid_spouse: null

2022-11-22 14:40:02 - [TEST_STEP][PASSED] - println("kons req id is :" + response_searchME_kons): null

2022-11-22 14:40:02 - [TEST_STEP][PASSED] - println("spouse req id is : " + response_searchME_spouse): null

2022-11-22 14:40:02 - [TEST_STEP][PASSED] - verifyResponseStatusCode(req_data, 200): Verify response status code successfully

2022-11-22 14:40:02 - [MESSAGE][PASSED] - Verify response status code successfully

2022-11-22 14:40:02 - [TEST_STEP][PASSED] - response = req_data.getResponseText(): null

2022-11-22 14:40:02 - [TEST_STEP][PASSED] - logInfo($response): {"status":"Done","data":{"requestid1":"241566","requestid2":""}}

2022-11-22 14:40:02 - [MESSAGE][INFO] - {"status":"Done","data":{"requestid1":"241566","requestid2":""}}

2022-11-22 14:40:02 - [TEST_STEP][PASSED] - delay(3): Delayed 3 second(s)

2022-11-22 14:40:05 - [MESSAGE][PASSED] - Delayed 3 second(s)

2022-11-22 14:40:05 - [TEST_STEP][PASSED] - scoring = sendRequest(findTestObject("EngineScore", ["response_searchME_kons":response_searchME_kons, "response_searchME_spouse":response_searchME_spouse])): Send request successfully

2022-11-22 14:40:05 - [MESSAGE][INFO] - HAR: D:\DMS\Engine Scoring\Reports\20221122_143755\Exclude KKB - DS\Scoring Individu - CS\20221122_143756\requests\main\51.har

2022-11-22 14:40:05 - [MESSAGE][PASSED] - Send request successfully

2022-11-22 14:40:05 - [TEST_STEP][PASSED] - verifyResponseStatusCode(scoring, 200): Verify response status code successfully

2022-11-22 14:40:05 - [MESSAGE][PASSED] - Verify response status code successfully

2022-11-22 14:40:05 - [TEST_STEP][PASSED] - response2 = scoring.getResponseText(): null

2022-11-22 14:40:05 - [TEST_STEP][PASSED] - markPassed("result service data ke : " + no): result service data ke : 26

2022-11-22 14:40:05 - [MESSAGE][PASSED] - result service data ke : 26

2022-11-22 14:40:05 - [TEST_STEP][PASSED] - logInfo($response2): {"result_konsumen":"Approve","result_pasangan":"","Final_result":"Approve","errorMessage":"","status":"Done"}

2022-11-22 14:40:05 - [MESSAGE][INFO] - {"result_konsumen":"Approve","result_pasangan":"","Final_result":"Approve","errorMessage":"","status":"Done"}

2022-11-22 14:40:05 - [TEST_STEP][PASSED] - verifyElementPropertyValue(scoring, "Final_result", final_result): Verify element property value successfully

2022-11-22 14:40:05 - [MESSAGE][PASSED] - Verify element property value successfully]]></system-out>
         <system-err><![CDATA[]]></system-err>
      </testcase>
      <testcase name="Test Cases/Engine_Scoring/Engine Scoring" time="4.552" classname="Test Cases/Engine_Scoring/Engine Scoring" status="PASSED">
         <system-out><![CDATA[2022-11-22 14:40:05 - [TEST_CASE][PASSED] - Test Cases/Engine_Scoring/Engine Scoring: Test Cases/Engine_Scoring/Engine Scoring

2022-11-22 14:40:05 - [TEST_STEP][PASSED] - markPassed("Variasi data ke : " + no): Variasi data ke : 27

2022-11-22 14:40:05 - [MESSAGE][PASSED] - Variasi data ke : 27

2022-11-22 14:40:05 - [TEST_STEP][PASSED] - req_data = sendRequest(findTestObject("Search_ME", ["MID":MID, "source":source, "ip":ip, "userid":userid, "branch":branch, "tipekons":tipekons, "marital":marital, "penjamin":penjamin, ... ])): Send request successfully

2022-11-22 14:40:06 - [MESSAGE][INFO] - HAR: D:\DMS\Engine Scoring\Reports\20221122_143755\Exclude KKB - DS\Scoring Individu - CS\20221122_143756\requests\main\52.har

2022-11-22 14:40:06 - [MESSAGE][PASSED] - Send request successfully

2022-11-22 14:40:06 - [TEST_STEP][PASSED] - slurper = new groovy.json.JsonSlurper(): null

2022-11-22 14:40:06 - [TEST_STEP][PASSED] - result = slurper.parseText(req_data.getResponseBodyContent()): null

2022-11-22 14:40:06 - [TEST_STEP][PASSED] - reqid_kons = requestid1: null

2022-11-22 14:40:06 - [TEST_STEP][PASSED] - reqid_spouse = requestid2: null

2022-11-22 14:40:06 - [TEST_STEP][PASSED] - println("requestid kons : " + reqid_kons): null

2022-11-22 14:40:06 - [TEST_STEP][PASSED] - response_searchME_kons = reqid_kons: null

2022-11-22 14:40:06 - [TEST_STEP][PASSED] - response_searchME_spouse = reqid_spouse: null

2022-11-22 14:40:06 - [TEST_STEP][PASSED] - println("kons req id is :" + response_searchME_kons): null

2022-11-22 14:40:06 - [TEST_STEP][PASSED] - println("spouse req id is : " + response_searchME_spouse): null

2022-11-22 14:40:06 - [TEST_STEP][PASSED] - verifyResponseStatusCode(req_data, 200): Verify response status code successfully

2022-11-22 14:40:06 - [MESSAGE][PASSED] - Verify response status code successfully

2022-11-22 14:40:06 - [TEST_STEP][PASSED] - response = req_data.getResponseText(): null

2022-11-22 14:40:06 - [TEST_STEP][PASSED] - logInfo($response): {"status":"Done","data":{"requestid1":"241567","requestid2":""}}

2022-11-22 14:40:06 - [MESSAGE][INFO] - {"status":"Done","data":{"requestid1":"241567","requestid2":""}}

2022-11-22 14:40:06 - [TEST_STEP][PASSED] - delay(3): Delayed 3 second(s)

2022-11-22 14:40:09 - [MESSAGE][PASSED] - Delayed 3 second(s)

2022-11-22 14:40:09 - [TEST_STEP][PASSED] - scoring = sendRequest(findTestObject("EngineScore", ["response_searchME_kons":response_searchME_kons, "response_searchME_spouse":response_searchME_spouse])): Send request successfully

2022-11-22 14:40:09 - [MESSAGE][INFO] - HAR: D:\DMS\Engine Scoring\Reports\20221122_143755\Exclude KKB - DS\Scoring Individu - CS\20221122_143756\requests\main\53.har

2022-11-22 14:40:09 - [MESSAGE][PASSED] - Send request successfully

2022-11-22 14:40:09 - [TEST_STEP][PASSED] - verifyResponseStatusCode(scoring, 200): Verify response status code successfully

2022-11-22 14:40:09 - [MESSAGE][PASSED] - Verify response status code successfully

2022-11-22 14:40:09 - [TEST_STEP][PASSED] - response2 = scoring.getResponseText(): null

2022-11-22 14:40:09 - [TEST_STEP][PASSED] - markPassed("result service data ke : " + no): result service data ke : 27

2022-11-22 14:40:09 - [MESSAGE][PASSED] - result service data ke : 27

2022-11-22 14:40:09 - [TEST_STEP][PASSED] - logInfo($response2): {"result_konsumen":"Approve","result_pasangan":"","Final_result":"Approve","errorMessage":"","status":"Done"}

2022-11-22 14:40:09 - [MESSAGE][INFO] - {"result_konsumen":"Approve","result_pasangan":"","Final_result":"Approve","errorMessage":"","status":"Done"}

2022-11-22 14:40:09 - [TEST_STEP][PASSED] - verifyElementPropertyValue(scoring, "Final_result", final_result): Verify element property value successfully

2022-11-22 14:40:09 - [MESSAGE][PASSED] - Verify element property value successfully]]></system-out>
         <system-err><![CDATA[]]></system-err>
      </testcase>
      <testcase name="Test Cases/Engine_Scoring/Engine Scoring" time="4.632" classname="Test Cases/Engine_Scoring/Engine Scoring" status="PASSED">
         <system-out><![CDATA[2022-11-22 14:40:09 - [TEST_CASE][PASSED] - Test Cases/Engine_Scoring/Engine Scoring: Test Cases/Engine_Scoring/Engine Scoring

2022-11-22 14:40:10 - [TEST_STEP][PASSED] - markPassed("Variasi data ke : " + no): Variasi data ke : 28

2022-11-22 14:40:10 - [MESSAGE][PASSED] - Variasi data ke : 28

2022-11-22 14:40:10 - [TEST_STEP][PASSED] - req_data = sendRequest(findTestObject("Search_ME", ["MID":MID, "source":source, "ip":ip, "userid":userid, "branch":branch, "tipekons":tipekons, "marital":marital, "penjamin":penjamin, ... ])): Send request successfully

2022-11-22 14:40:11 - [MESSAGE][INFO] - HAR: D:\DMS\Engine Scoring\Reports\20221122_143755\Exclude KKB - DS\Scoring Individu - CS\20221122_143756\requests\main\54.har

2022-11-22 14:40:11 - [MESSAGE][PASSED] - Send request successfully

2022-11-22 14:40:11 - [TEST_STEP][PASSED] - slurper = new groovy.json.JsonSlurper(): null

2022-11-22 14:40:11 - [TEST_STEP][PASSED] - result = slurper.parseText(req_data.getResponseBodyContent()): null

2022-11-22 14:40:11 - [TEST_STEP][PASSED] - reqid_kons = requestid1: null

2022-11-22 14:40:11 - [TEST_STEP][PASSED] - reqid_spouse = requestid2: null

2022-11-22 14:40:11 - [TEST_STEP][PASSED] - println("requestid kons : " + reqid_kons): null

2022-11-22 14:40:11 - [TEST_STEP][PASSED] - response_searchME_kons = reqid_kons: null

2022-11-22 14:40:11 - [TEST_STEP][PASSED] - response_searchME_spouse = reqid_spouse: null

2022-11-22 14:40:11 - [TEST_STEP][PASSED] - println("kons req id is :" + response_searchME_kons): null

2022-11-22 14:40:11 - [TEST_STEP][PASSED] - println("spouse req id is : " + response_searchME_spouse): null

2022-11-22 14:40:11 - [TEST_STEP][PASSED] - verifyResponseStatusCode(req_data, 200): Verify response status code successfully

2022-11-22 14:40:11 - [MESSAGE][PASSED] - Verify response status code successfully

2022-11-22 14:40:11 - [TEST_STEP][PASSED] - response = req_data.getResponseText(): null

2022-11-22 14:40:11 - [TEST_STEP][PASSED] - logInfo($response): {"status":"Done","data":{"requestid1":"241568","requestid2":""}}

2022-11-22 14:40:11 - [MESSAGE][INFO] - {"status":"Done","data":{"requestid1":"241568","requestid2":""}}

2022-11-22 14:40:11 - [TEST_STEP][PASSED] - delay(3): Delayed 3 second(s)

2022-11-22 14:40:14 - [MESSAGE][PASSED] - Delayed 3 second(s)

2022-11-22 14:40:14 - [TEST_STEP][PASSED] - scoring = sendRequest(findTestObject("EngineScore", ["response_searchME_kons":response_searchME_kons, "response_searchME_spouse":response_searchME_spouse])): Send request successfully

2022-11-22 14:40:14 - [MESSAGE][INFO] - HAR: D:\DMS\Engine Scoring\Reports\20221122_143755\Exclude KKB - DS\Scoring Individu - CS\20221122_143756\requests\main\55.har

2022-11-22 14:40:14 - [MESSAGE][PASSED] - Send request successfully

2022-11-22 14:40:14 - [TEST_STEP][PASSED] - verifyResponseStatusCode(scoring, 200): Verify response status code successfully

2022-11-22 14:40:14 - [MESSAGE][PASSED] - Verify response status code successfully

2022-11-22 14:40:14 - [TEST_STEP][PASSED] - response2 = scoring.getResponseText(): null

2022-11-22 14:40:14 - [TEST_STEP][PASSED] - markPassed("result service data ke : " + no): result service data ke : 28

2022-11-22 14:40:14 - [MESSAGE][PASSED] - result service data ke : 28

2022-11-22 14:40:14 - [TEST_STEP][PASSED] - logInfo($response2): {"result_konsumen":"Approve","result_pasangan":"","Final_result":"Approve","errorMessage":"","status":"Done"}

2022-11-22 14:40:14 - [MESSAGE][INFO] - {"result_konsumen":"Approve","result_pasangan":"","Final_result":"Approve","errorMessage":"","status":"Done"}

2022-11-22 14:40:14 - [TEST_STEP][PASSED] - verifyElementPropertyValue(scoring, "Final_result", final_result): Verify element property value successfully

2022-11-22 14:40:14 - [MESSAGE][PASSED] - Verify element property value successfully]]></system-out>
         <system-err><![CDATA[]]></system-err>
      </testcase>
      <testcase name="Test Cases/Engine_Scoring/Engine Scoring" time="4.506" classname="Test Cases/Engine_Scoring/Engine Scoring" status="PASSED">
         <system-out><![CDATA[2022-11-22 14:40:14 - [TEST_CASE][PASSED] - Test Cases/Engine_Scoring/Engine Scoring: Test Cases/Engine_Scoring/Engine Scoring

2022-11-22 14:40:15 - [TEST_STEP][PASSED] - markPassed("Variasi data ke : " + no): Variasi data ke : 29

2022-11-22 14:40:15 - [MESSAGE][PASSED] - Variasi data ke : 29

2022-11-22 14:40:15 - [TEST_STEP][PASSED] - req_data = sendRequest(findTestObject("Search_ME", ["MID":MID, "source":source, "ip":ip, "userid":userid, "branch":branch, "tipekons":tipekons, "marital":marital, "penjamin":penjamin, ... ])): Send request successfully

2022-11-22 14:40:15 - [MESSAGE][INFO] - HAR: D:\DMS\Engine Scoring\Reports\20221122_143755\Exclude KKB - DS\Scoring Individu - CS\20221122_143756\requests\main\56.har

2022-11-22 14:40:15 - [MESSAGE][PASSED] - Send request successfully

2022-11-22 14:40:15 - [TEST_STEP][PASSED] - slurper = new groovy.json.JsonSlurper(): null

2022-11-22 14:40:15 - [TEST_STEP][PASSED] - result = slurper.parseText(req_data.getResponseBodyContent()): null

2022-11-22 14:40:15 - [TEST_STEP][PASSED] - reqid_kons = requestid1: null

2022-11-22 14:40:15 - [TEST_STEP][PASSED] - reqid_spouse = requestid2: null

2022-11-22 14:40:15 - [TEST_STEP][PASSED] - println("requestid kons : " + reqid_kons): null

2022-11-22 14:40:15 - [TEST_STEP][PASSED] - response_searchME_kons = reqid_kons: null

2022-11-22 14:40:15 - [TEST_STEP][PASSED] - response_searchME_spouse = reqid_spouse: null

2022-11-22 14:40:15 - [TEST_STEP][PASSED] - println("kons req id is :" + response_searchME_kons): null

2022-11-22 14:40:15 - [TEST_STEP][PASSED] - println("spouse req id is : " + response_searchME_spouse): null

2022-11-22 14:40:15 - [TEST_STEP][PASSED] - verifyResponseStatusCode(req_data, 200): Verify response status code successfully

2022-11-22 14:40:15 - [MESSAGE][PASSED] - Verify response status code successfully

2022-11-22 14:40:15 - [TEST_STEP][PASSED] - response = req_data.getResponseText(): null

2022-11-22 14:40:15 - [TEST_STEP][PASSED] - logInfo($response): {"status":"Done","data":{"requestid1":"241569","requestid2":""}}

2022-11-22 14:40:15 - [MESSAGE][INFO] - {"status":"Done","data":{"requestid1":"241569","requestid2":""}}

2022-11-22 14:40:15 - [TEST_STEP][PASSED] - delay(3): Delayed 3 second(s)

2022-11-22 14:40:18 - [MESSAGE][PASSED] - Delayed 3 second(s)

2022-11-22 14:40:18 - [TEST_STEP][PASSED] - scoring = sendRequest(findTestObject("EngineScore", ["response_searchME_kons":response_searchME_kons, "response_searchME_spouse":response_searchME_spouse])): Send request successfully

2022-11-22 14:40:18 - [MESSAGE][INFO] - HAR: D:\DMS\Engine Scoring\Reports\20221122_143755\Exclude KKB - DS\Scoring Individu - CS\20221122_143756\requests\main\57.har

2022-11-22 14:40:18 - [MESSAGE][PASSED] - Send request successfully

2022-11-22 14:40:18 - [TEST_STEP][PASSED] - verifyResponseStatusCode(scoring, 200): Verify response status code successfully

2022-11-22 14:40:18 - [MESSAGE][PASSED] - Verify response status code successfully

2022-11-22 14:40:18 - [TEST_STEP][PASSED] - response2 = scoring.getResponseText(): null

2022-11-22 14:40:18 - [TEST_STEP][PASSED] - markPassed("result service data ke : " + no): result service data ke : 29

2022-11-22 14:40:18 - [MESSAGE][PASSED] - result service data ke : 29

2022-11-22 14:40:18 - [TEST_STEP][PASSED] - logInfo($response2): {"result_konsumen":"Reject","result_pasangan":"","Final_result":"Reject","errorMessage":"","status":"Done"}

2022-11-22 14:40:18 - [MESSAGE][INFO] - {"result_konsumen":"Reject","result_pasangan":"","Final_result":"Reject","errorMessage":"","status":"Done"}

2022-11-22 14:40:18 - [TEST_STEP][PASSED] - verifyElementPropertyValue(scoring, "Final_result", final_result): Verify element property value successfully

2022-11-22 14:40:18 - [MESSAGE][PASSED] - Verify element property value successfully]]></system-out>
         <system-err><![CDATA[]]></system-err>
      </testcase>
      <testcase name="Test Cases/Engine_Scoring/Engine Scoring" time="4.615" classname="Test Cases/Engine_Scoring/Engine Scoring" status="PASSED">
         <system-out><![CDATA[2022-11-22 14:40:18 - [TEST_CASE][PASSED] - Test Cases/Engine_Scoring/Engine Scoring: Test Cases/Engine_Scoring/Engine Scoring

2022-11-22 14:40:19 - [TEST_STEP][PASSED] - markPassed("Variasi data ke : " + no): Variasi data ke : 30

2022-11-22 14:40:19 - [MESSAGE][PASSED] - Variasi data ke : 30

2022-11-22 14:40:19 - [TEST_STEP][PASSED] - req_data = sendRequest(findTestObject("Search_ME", ["MID":MID, "source":source, "ip":ip, "userid":userid, "branch":branch, "tipekons":tipekons, "marital":marital, "penjamin":penjamin, ... ])): Send request successfully

2022-11-22 14:40:20 - [MESSAGE][INFO] - HAR: D:\DMS\Engine Scoring\Reports\20221122_143755\Exclude KKB - DS\Scoring Individu - CS\20221122_143756\requests\main\58.har

2022-11-22 14:40:20 - [MESSAGE][PASSED] - Send request successfully

2022-11-22 14:40:20 - [TEST_STEP][PASSED] - slurper = new groovy.json.JsonSlurper(): null

2022-11-22 14:40:20 - [TEST_STEP][PASSED] - result = slurper.parseText(req_data.getResponseBodyContent()): null

2022-11-22 14:40:20 - [TEST_STEP][PASSED] - reqid_kons = requestid1: null

2022-11-22 14:40:20 - [TEST_STEP][PASSED] - reqid_spouse = requestid2: null

2022-11-22 14:40:20 - [TEST_STEP][PASSED] - println("requestid kons : " + reqid_kons): null

2022-11-22 14:40:20 - [TEST_STEP][PASSED] - response_searchME_kons = reqid_kons: null

2022-11-22 14:40:20 - [TEST_STEP][PASSED] - response_searchME_spouse = reqid_spouse: null

2022-11-22 14:40:20 - [TEST_STEP][PASSED] - println("kons req id is :" + response_searchME_kons): null

2022-11-22 14:40:20 - [TEST_STEP][PASSED] - println("spouse req id is : " + response_searchME_spouse): null

2022-11-22 14:40:20 - [TEST_STEP][PASSED] - verifyResponseStatusCode(req_data, 200): Verify response status code successfully

2022-11-22 14:40:20 - [MESSAGE][PASSED] - Verify response status code successfully

2022-11-22 14:40:20 - [TEST_STEP][PASSED] - response = req_data.getResponseText(): null

2022-11-22 14:40:20 - [TEST_STEP][PASSED] - logInfo($response): {"status":"Done","data":{"requestid1":"241570","requestid2":""}}

2022-11-22 14:40:20 - [MESSAGE][INFO] - {"status":"Done","data":{"requestid1":"241570","requestid2":""}}

2022-11-22 14:40:20 - [TEST_STEP][PASSED] - delay(3): Delayed 3 second(s)

2022-11-22 14:40:23 - [MESSAGE][PASSED] - Delayed 3 second(s)

2022-11-22 14:40:23 - [TEST_STEP][PASSED] - scoring = sendRequest(findTestObject("EngineScore", ["response_searchME_kons":response_searchME_kons, "response_searchME_spouse":response_searchME_spouse])): Send request successfully

2022-11-22 14:40:23 - [MESSAGE][INFO] - HAR: D:\DMS\Engine Scoring\Reports\20221122_143755\Exclude KKB - DS\Scoring Individu - CS\20221122_143756\requests\main\59.har

2022-11-22 14:40:23 - [MESSAGE][PASSED] - Send request successfully

2022-11-22 14:40:23 - [TEST_STEP][PASSED] - verifyResponseStatusCode(scoring, 200): Verify response status code successfully

2022-11-22 14:40:23 - [MESSAGE][PASSED] - Verify response status code successfully

2022-11-22 14:40:23 - [TEST_STEP][PASSED] - response2 = scoring.getResponseText(): null

2022-11-22 14:40:23 - [TEST_STEP][PASSED] - markPassed("result service data ke : " + no): result service data ke : 30

2022-11-22 14:40:23 - [MESSAGE][PASSED] - result service data ke : 30

2022-11-22 14:40:23 - [TEST_STEP][PASSED] - logInfo($response2): {"result_konsumen":"Reject","result_pasangan":"","Final_result":"Reject","errorMessage":"","status":"Done"}

2022-11-22 14:40:23 - [MESSAGE][INFO] - {"result_konsumen":"Reject","result_pasangan":"","Final_result":"Reject","errorMessage":"","status":"Done"}

2022-11-22 14:40:23 - [TEST_STEP][PASSED] - verifyElementPropertyValue(scoring, "Final_result", final_result): Verify element property value successfully

2022-11-22 14:40:23 - [MESSAGE][PASSED] - Verify element property value successfully]]></system-out>
         <system-err><![CDATA[]]></system-err>
      </testcase>
      <testcase name="Test Cases/Engine_Scoring/Engine Scoring" time="5.658" classname="Test Cases/Engine_Scoring/Engine Scoring" status="PASSED">
         <system-out><![CDATA[2022-11-22 14:40:23 - [TEST_CASE][PASSED] - Test Cases/Engine_Scoring/Engine Scoring: Test Cases/Engine_Scoring/Engine Scoring

2022-11-22 14:40:25 - [TEST_STEP][PASSED] - markPassed("Variasi data ke : " + no): Variasi data ke : 31

2022-11-22 14:40:25 - [MESSAGE][PASSED] - Variasi data ke : 31

2022-11-22 14:40:25 - [TEST_STEP][PASSED] - req_data = sendRequest(findTestObject("Search_ME", ["MID":MID, "source":source, "ip":ip, "userid":userid, "branch":branch, "tipekons":tipekons, "marital":marital, "penjamin":penjamin, ... ])): Send request successfully

2022-11-22 14:40:26 - [MESSAGE][INFO] - HAR: D:\DMS\Engine Scoring\Reports\20221122_143755\Exclude KKB - DS\Scoring Individu - CS\20221122_143756\requests\main\60.har

2022-11-22 14:40:26 - [MESSAGE][PASSED] - Send request successfully

2022-11-22 14:40:26 - [TEST_STEP][PASSED] - slurper = new groovy.json.JsonSlurper(): null

2022-11-22 14:40:26 - [TEST_STEP][PASSED] - result = slurper.parseText(req_data.getResponseBodyContent()): null

2022-11-22 14:40:26 - [TEST_STEP][PASSED] - reqid_kons = requestid1: null

2022-11-22 14:40:26 - [TEST_STEP][PASSED] - reqid_spouse = requestid2: null

2022-11-22 14:40:26 - [TEST_STEP][PASSED] - println("requestid kons : " + reqid_kons): null

2022-11-22 14:40:26 - [TEST_STEP][PASSED] - response_searchME_kons = reqid_kons: null

2022-11-22 14:40:26 - [TEST_STEP][PASSED] - response_searchME_spouse = reqid_spouse: null

2022-11-22 14:40:26 - [TEST_STEP][PASSED] - println("kons req id is :" + response_searchME_kons): null

2022-11-22 14:40:26 - [TEST_STEP][PASSED] - println("spouse req id is : " + response_searchME_spouse): null

2022-11-22 14:40:26 - [TEST_STEP][PASSED] - verifyResponseStatusCode(req_data, 200): Verify response status code successfully

2022-11-22 14:40:26 - [MESSAGE][PASSED] - Verify response status code successfully

2022-11-22 14:40:26 - [TEST_STEP][PASSED] - response = req_data.getResponseText(): null

2022-11-22 14:40:26 - [TEST_STEP][PASSED] - logInfo($response): {"status":"Done","data":{"requestid1":"241571","requestid2":""}}

2022-11-22 14:40:26 - [MESSAGE][INFO] - {"status":"Done","data":{"requestid1":"241571","requestid2":""}}

2022-11-22 14:40:26 - [TEST_STEP][PASSED] - delay(3): Delayed 3 second(s)

2022-11-22 14:40:29 - [MESSAGE][PASSED] - Delayed 3 second(s)

2022-11-22 14:40:29 - [TEST_STEP][PASSED] - scoring = sendRequest(findTestObject("EngineScore", ["response_searchME_kons":response_searchME_kons, "response_searchME_spouse":response_searchME_spouse])): Send request successfully

2022-11-22 14:40:29 - [MESSAGE][INFO] - HAR: D:\DMS\Engine Scoring\Reports\20221122_143755\Exclude KKB - DS\Scoring Individu - CS\20221122_143756\requests\main\61.har

2022-11-22 14:40:29 - [MESSAGE][PASSED] - Send request successfully

2022-11-22 14:40:29 - [TEST_STEP][PASSED] - verifyResponseStatusCode(scoring, 200): Verify response status code successfully

2022-11-22 14:40:29 - [MESSAGE][PASSED] - Verify response status code successfully

2022-11-22 14:40:29 - [TEST_STEP][PASSED] - response2 = scoring.getResponseText(): null

2022-11-22 14:40:29 - [TEST_STEP][PASSED] - markPassed("result service data ke : " + no): result service data ke : 31

2022-11-22 14:40:29 - [MESSAGE][PASSED] - result service data ke : 31

2022-11-22 14:40:29 - [TEST_STEP][PASSED] - logInfo($response2): {"result_konsumen":"Reject","result_pasangan":"","Final_result":"Reject","errorMessage":"","status":"Done"}

2022-11-22 14:40:29 - [MESSAGE][INFO] - {"result_konsumen":"Reject","result_pasangan":"","Final_result":"Reject","errorMessage":"","status":"Done"}

2022-11-22 14:40:29 - [TEST_STEP][PASSED] - verifyElementPropertyValue(scoring, "Final_result", final_result): Verify element property value successfully

2022-11-22 14:40:29 - [MESSAGE][PASSED] - Verify element property value successfully]]></system-out>
         <system-err><![CDATA[]]></system-err>
      </testcase>
      <testcase name="Test Cases/Engine_Scoring/Engine Scoring" time="4.654" classname="Test Cases/Engine_Scoring/Engine Scoring" status="PASSED">
         <system-out><![CDATA[2022-11-22 14:40:29 - [TEST_CASE][PASSED] - Test Cases/Engine_Scoring/Engine Scoring: Test Cases/Engine_Scoring/Engine Scoring

2022-11-22 14:40:30 - [TEST_STEP][PASSED] - markPassed("Variasi data ke : " + no): Variasi data ke : 32

2022-11-22 14:40:30 - [MESSAGE][PASSED] - Variasi data ke : 32

2022-11-22 14:40:30 - [TEST_STEP][PASSED] - req_data = sendRequest(findTestObject("Search_ME", ["MID":MID, "source":source, "ip":ip, "userid":userid, "branch":branch, "tipekons":tipekons, "marital":marital, "penjamin":penjamin, ... ])): Send request successfully

2022-11-22 14:40:30 - [MESSAGE][INFO] - HAR: D:\DMS\Engine Scoring\Reports\20221122_143755\Exclude KKB - DS\Scoring Individu - CS\20221122_143756\requests\main\62.har

2022-11-22 14:40:30 - [MESSAGE][PASSED] - Send request successfully

2022-11-22 14:40:30 - [TEST_STEP][PASSED] - slurper = new groovy.json.JsonSlurper(): null

2022-11-22 14:40:30 - [TEST_STEP][PASSED] - result = slurper.parseText(req_data.getResponseBodyContent()): null

2022-11-22 14:40:30 - [TEST_STEP][PASSED] - reqid_kons = requestid1: null

2022-11-22 14:40:30 - [TEST_STEP][PASSED] - reqid_spouse = requestid2: null

2022-11-22 14:40:30 - [TEST_STEP][PASSED] - println("requestid kons : " + reqid_kons): null

2022-11-22 14:40:30 - [TEST_STEP][PASSED] - response_searchME_kons = reqid_kons: null

2022-11-22 14:40:30 - [TEST_STEP][PASSED] - response_searchME_spouse = reqid_spouse: null

2022-11-22 14:40:30 - [TEST_STEP][PASSED] - println("kons req id is :" + response_searchME_kons): null

2022-11-22 14:40:30 - [TEST_STEP][PASSED] - println("spouse req id is : " + response_searchME_spouse): null

2022-11-22 14:40:30 - [TEST_STEP][PASSED] - verifyResponseStatusCode(req_data, 200): Verify response status code successfully

2022-11-22 14:40:30 - [MESSAGE][PASSED] - Verify response status code successfully

2022-11-22 14:40:30 - [TEST_STEP][PASSED] - response = req_data.getResponseText(): null

2022-11-22 14:40:30 - [TEST_STEP][PASSED] - logInfo($response): {"status":"Done","data":{"requestid1":"241572","requestid2":""}}

2022-11-22 14:40:30 - [MESSAGE][INFO] - {"status":"Done","data":{"requestid1":"241572","requestid2":""}}

2022-11-22 14:40:30 - [TEST_STEP][PASSED] - delay(3): Delayed 3 second(s)

2022-11-22 14:40:33 - [MESSAGE][PASSED] - Delayed 3 second(s)

2022-11-22 14:40:33 - [TEST_STEP][PASSED] - scoring = sendRequest(findTestObject("EngineScore", ["response_searchME_kons":response_searchME_kons, "response_searchME_spouse":response_searchME_spouse])): Send request successfully

2022-11-22 14:40:33 - [MESSAGE][INFO] - HAR: D:\DMS\Engine Scoring\Reports\20221122_143755\Exclude KKB - DS\Scoring Individu - CS\20221122_143756\requests\main\63.har

2022-11-22 14:40:33 - [MESSAGE][PASSED] - Send request successfully

2022-11-22 14:40:33 - [TEST_STEP][PASSED] - verifyResponseStatusCode(scoring, 200): Verify response status code successfully

2022-11-22 14:40:33 - [MESSAGE][PASSED] - Verify response status code successfully

2022-11-22 14:40:33 - [TEST_STEP][PASSED] - response2 = scoring.getResponseText(): null

2022-11-22 14:40:33 - [TEST_STEP][PASSED] - markPassed("result service data ke : " + no): result service data ke : 32

2022-11-22 14:40:33 - [MESSAGE][PASSED] - result service data ke : 32

2022-11-22 14:40:33 - [TEST_STEP][PASSED] - logInfo($response2): {"result_konsumen":"Reject","result_pasangan":"","Final_result":"Reject","errorMessage":"","status":"Done"}

2022-11-22 14:40:33 - [MESSAGE][INFO] - {"result_konsumen":"Reject","result_pasangan":"","Final_result":"Reject","errorMessage":"","status":"Done"}

2022-11-22 14:40:33 - [TEST_STEP][PASSED] - verifyElementPropertyValue(scoring, "Final_result", final_result): Verify element property value successfully

2022-11-22 14:40:33 - [MESSAGE][PASSED] - Verify element property value successfully]]></system-out>
         <system-err><![CDATA[]]></system-err>
      </testcase>
      <testcase name="Test Cases/Engine_Scoring/Engine Scoring" time="4.642" classname="Test Cases/Engine_Scoring/Engine Scoring" status="PASSED">
         <system-out><![CDATA[2022-11-22 14:40:34 - [TEST_CASE][PASSED] - Test Cases/Engine_Scoring/Engine Scoring: Test Cases/Engine_Scoring/Engine Scoring

2022-11-22 14:40:34 - [TEST_STEP][PASSED] - markPassed("Variasi data ke : " + no): Variasi data ke : 33

2022-11-22 14:40:34 - [MESSAGE][PASSED] - Variasi data ke : 33

2022-11-22 14:40:34 - [TEST_STEP][PASSED] - req_data = sendRequest(findTestObject("Search_ME", ["MID":MID, "source":source, "ip":ip, "userid":userid, "branch":branch, "tipekons":tipekons, "marital":marital, "penjamin":penjamin, ... ])): Send request successfully

2022-11-22 14:40:35 - [MESSAGE][INFO] - HAR: D:\DMS\Engine Scoring\Reports\20221122_143755\Exclude KKB - DS\Scoring Individu - CS\20221122_143756\requests\main\64.har

2022-11-22 14:40:35 - [MESSAGE][PASSED] - Send request successfully

2022-11-22 14:40:35 - [TEST_STEP][PASSED] - slurper = new groovy.json.JsonSlurper(): null

2022-11-22 14:40:35 - [TEST_STEP][PASSED] - result = slurper.parseText(req_data.getResponseBodyContent()): null

2022-11-22 14:40:35 - [TEST_STEP][PASSED] - reqid_kons = requestid1: null

2022-11-22 14:40:35 - [TEST_STEP][PASSED] - reqid_spouse = requestid2: null

2022-11-22 14:40:35 - [TEST_STEP][PASSED] - println("requestid kons : " + reqid_kons): null

2022-11-22 14:40:35 - [TEST_STEP][PASSED] - response_searchME_kons = reqid_kons: null

2022-11-22 14:40:35 - [TEST_STEP][PASSED] - response_searchME_spouse = reqid_spouse: null

2022-11-22 14:40:35 - [TEST_STEP][PASSED] - println("kons req id is :" + response_searchME_kons): null

2022-11-22 14:40:35 - [TEST_STEP][PASSED] - println("spouse req id is : " + response_searchME_spouse): null

2022-11-22 14:40:35 - [TEST_STEP][PASSED] - verifyResponseStatusCode(req_data, 200): Verify response status code successfully

2022-11-22 14:40:35 - [MESSAGE][PASSED] - Verify response status code successfully

2022-11-22 14:40:35 - [TEST_STEP][PASSED] - response = req_data.getResponseText(): null

2022-11-22 14:40:35 - [TEST_STEP][PASSED] - logInfo($response): {"status":"Done","data":{"requestid1":"241573","requestid2":""}}

2022-11-22 14:40:35 - [MESSAGE][INFO] - {"status":"Done","data":{"requestid1":"241573","requestid2":""}}

2022-11-22 14:40:35 - [TEST_STEP][PASSED] - delay(3): Delayed 3 second(s)

2022-11-22 14:40:38 - [MESSAGE][PASSED] - Delayed 3 second(s)

2022-11-22 14:40:38 - [TEST_STEP][PASSED] - scoring = sendRequest(findTestObject("EngineScore", ["response_searchME_kons":response_searchME_kons, "response_searchME_spouse":response_searchME_spouse])): Send request successfully

2022-11-22 14:40:38 - [MESSAGE][INFO] - HAR: D:\DMS\Engine Scoring\Reports\20221122_143755\Exclude KKB - DS\Scoring Individu - CS\20221122_143756\requests\main\65.har

2022-11-22 14:40:38 - [MESSAGE][PASSED] - Send request successfully

2022-11-22 14:40:38 - [TEST_STEP][PASSED] - verifyResponseStatusCode(scoring, 200): Verify response status code successfully

2022-11-22 14:40:38 - [MESSAGE][PASSED] - Verify response status code successfully

2022-11-22 14:40:38 - [TEST_STEP][PASSED] - response2 = scoring.getResponseText(): null

2022-11-22 14:40:38 - [TEST_STEP][PASSED] - markPassed("result service data ke : " + no): result service data ke : 33

2022-11-22 14:40:38 - [MESSAGE][PASSED] - result service data ke : 33

2022-11-22 14:40:38 - [TEST_STEP][PASSED] - logInfo($response2): {"result_konsumen":"Reject","result_pasangan":"","Final_result":"Reject","errorMessage":"","status":"Done"}

2022-11-22 14:40:38 - [MESSAGE][INFO] - {"result_konsumen":"Reject","result_pasangan":"","Final_result":"Reject","errorMessage":"","status":"Done"}

2022-11-22 14:40:38 - [TEST_STEP][PASSED] - verifyElementPropertyValue(scoring, "Final_result", final_result): Verify element property value successfully

2022-11-22 14:40:38 - [MESSAGE][PASSED] - Verify element property value successfully]]></system-out>
         <system-err><![CDATA[]]></system-err>
      </testcase>
      <testcase name="Test Cases/Engine_Scoring/Engine Scoring" time="6.151" classname="Test Cases/Engine_Scoring/Engine Scoring" status="PASSED">
         <system-out><![CDATA[2022-11-22 14:40:38 - [TEST_CASE][PASSED] - Test Cases/Engine_Scoring/Engine Scoring: Test Cases/Engine_Scoring/Engine Scoring

2022-11-22 14:40:39 - [TEST_STEP][PASSED] - markPassed("Variasi data ke : " + no): Variasi data ke : 34

2022-11-22 14:40:39 - [MESSAGE][PASSED] - Variasi data ke : 34

2022-11-22 14:40:39 - [TEST_STEP][PASSED] - req_data = sendRequest(findTestObject("Search_ME", ["MID":MID, "source":source, "ip":ip, "userid":userid, "branch":branch, "tipekons":tipekons, "marital":marital, "penjamin":penjamin, ... ])): Send request successfully

2022-11-22 14:40:41 - [MESSAGE][INFO] - HAR: D:\DMS\Engine Scoring\Reports\20221122_143755\Exclude KKB - DS\Scoring Individu - CS\20221122_143756\requests\main\66.har

2022-11-22 14:40:41 - [MESSAGE][PASSED] - Send request successfully

2022-11-22 14:40:41 - [TEST_STEP][PASSED] - slurper = new groovy.json.JsonSlurper(): null

2022-11-22 14:40:41 - [TEST_STEP][PASSED] - result = slurper.parseText(req_data.getResponseBodyContent()): null

2022-11-22 14:40:41 - [TEST_STEP][PASSED] - reqid_kons = requestid1: null

2022-11-22 14:40:41 - [TEST_STEP][PASSED] - reqid_spouse = requestid2: null

2022-11-22 14:40:41 - [TEST_STEP][PASSED] - println("requestid kons : " + reqid_kons): null

2022-11-22 14:40:41 - [TEST_STEP][PASSED] - response_searchME_kons = reqid_kons: null

2022-11-22 14:40:41 - [TEST_STEP][PASSED] - response_searchME_spouse = reqid_spouse: null

2022-11-22 14:40:41 - [TEST_STEP][PASSED] - println("kons req id is :" + response_searchME_kons): null

2022-11-22 14:40:41 - [TEST_STEP][PASSED] - println("spouse req id is : " + response_searchME_spouse): null

2022-11-22 14:40:41 - [TEST_STEP][PASSED] - verifyResponseStatusCode(req_data, 200): Verify response status code successfully

2022-11-22 14:40:41 - [MESSAGE][PASSED] - Verify response status code successfully

2022-11-22 14:40:41 - [TEST_STEP][PASSED] - response = req_data.getResponseText(): null

2022-11-22 14:40:41 - [TEST_STEP][PASSED] - logInfo($response): {"status":"Done","data":{"requestid1":"241574","requestid2":""}}

2022-11-22 14:40:41 - [MESSAGE][INFO] - {"status":"Done","data":{"requestid1":"241574","requestid2":""}}

2022-11-22 14:40:41 - [TEST_STEP][PASSED] - delay(3): Delayed 3 second(s)

2022-11-22 14:40:44 - [MESSAGE][PASSED] - Delayed 3 second(s)

2022-11-22 14:40:44 - [TEST_STEP][PASSED] - scoring = sendRequest(findTestObject("EngineScore", ["response_searchME_kons":response_searchME_kons, "response_searchME_spouse":response_searchME_spouse])): Send request successfully

2022-11-22 14:40:44 - [MESSAGE][INFO] - HAR: D:\DMS\Engine Scoring\Reports\20221122_143755\Exclude KKB - DS\Scoring Individu - CS\20221122_143756\requests\main\67.har

2022-11-22 14:40:44 - [MESSAGE][PASSED] - Send request successfully

2022-11-22 14:40:44 - [TEST_STEP][PASSED] - verifyResponseStatusCode(scoring, 200): Verify response status code successfully

2022-11-22 14:40:44 - [MESSAGE][PASSED] - Verify response status code successfully

2022-11-22 14:40:44 - [TEST_STEP][PASSED] - response2 = scoring.getResponseText(): null

2022-11-22 14:40:44 - [TEST_STEP][PASSED] - markPassed("result service data ke : " + no): result service data ke : 34

2022-11-22 14:40:44 - [MESSAGE][PASSED] - result service data ke : 34

2022-11-22 14:40:44 - [TEST_STEP][PASSED] - logInfo($response2): {"result_konsumen":"Reguler","result_pasangan":"","Final_result":"Reguler","errorMessage":"","status":"Done"}

2022-11-22 14:40:44 - [MESSAGE][INFO] - {"result_konsumen":"Reguler","result_pasangan":"","Final_result":"Reguler","errorMessage":"","status":"Done"}

2022-11-22 14:40:44 - [TEST_STEP][PASSED] - verifyElementPropertyValue(scoring, "Final_result", final_result): Verify element property value successfully

2022-11-22 14:40:44 - [MESSAGE][PASSED] - Verify element property value successfully]]></system-out>
         <system-err><![CDATA[]]></system-err>
      </testcase>
      <testcase name="Test Cases/Engine_Scoring/Engine Scoring" time="4.621" classname="Test Cases/Engine_Scoring/Engine Scoring" status="PASSED">
         <system-out><![CDATA[2022-11-22 14:40:44 - [TEST_CASE][PASSED] - Test Cases/Engine_Scoring/Engine Scoring: Test Cases/Engine_Scoring/Engine Scoring

2022-11-22 14:40:45 - [TEST_STEP][PASSED] - markPassed("Variasi data ke : " + no): Variasi data ke : 35

2022-11-22 14:40:45 - [MESSAGE][PASSED] - Variasi data ke : 35

2022-11-22 14:40:45 - [TEST_STEP][PASSED] - req_data = sendRequest(findTestObject("Search_ME", ["MID":MID, "source":source, "ip":ip, "userid":userid, "branch":branch, "tipekons":tipekons, "marital":marital, "penjamin":penjamin, ... ])): Send request successfully

2022-11-22 14:40:46 - [MESSAGE][INFO] - HAR: D:\DMS\Engine Scoring\Reports\20221122_143755\Exclude KKB - DS\Scoring Individu - CS\20221122_143756\requests\main\68.har

2022-11-22 14:40:46 - [MESSAGE][PASSED] - Send request successfully

2022-11-22 14:40:46 - [TEST_STEP][PASSED] - slurper = new groovy.json.JsonSlurper(): null

2022-11-22 14:40:46 - [TEST_STEP][PASSED] - result = slurper.parseText(req_data.getResponseBodyContent()): null

2022-11-22 14:40:46 - [TEST_STEP][PASSED] - reqid_kons = requestid1: null

2022-11-22 14:40:46 - [TEST_STEP][PASSED] - reqid_spouse = requestid2: null

2022-11-22 14:40:46 - [TEST_STEP][PASSED] - println("requestid kons : " + reqid_kons): null

2022-11-22 14:40:46 - [TEST_STEP][PASSED] - response_searchME_kons = reqid_kons: null

2022-11-22 14:40:46 - [TEST_STEP][PASSED] - response_searchME_spouse = reqid_spouse: null

2022-11-22 14:40:46 - [TEST_STEP][PASSED] - println("kons req id is :" + response_searchME_kons): null

2022-11-22 14:40:46 - [TEST_STEP][PASSED] - println("spouse req id is : " + response_searchME_spouse): null

2022-11-22 14:40:46 - [TEST_STEP][PASSED] - verifyResponseStatusCode(req_data, 200): Verify response status code successfully

2022-11-22 14:40:46 - [MESSAGE][PASSED] - Verify response status code successfully

2022-11-22 14:40:46 - [TEST_STEP][PASSED] - response = req_data.getResponseText(): null

2022-11-22 14:40:46 - [TEST_STEP][PASSED] - logInfo($response): {"status":"Done","data":{"requestid1":"241575","requestid2":""}}

2022-11-22 14:40:46 - [MESSAGE][INFO] - {"status":"Done","data":{"requestid1":"241575","requestid2":""}}

2022-11-22 14:40:46 - [TEST_STEP][PASSED] - delay(3): Delayed 3 second(s)

2022-11-22 14:40:49 - [MESSAGE][PASSED] - Delayed 3 second(s)

2022-11-22 14:40:49 - [TEST_STEP][PASSED] - scoring = sendRequest(findTestObject("EngineScore", ["response_searchME_kons":response_searchME_kons, "response_searchME_spouse":response_searchME_spouse])): Send request successfully

2022-11-22 14:40:49 - [MESSAGE][INFO] - HAR: D:\DMS\Engine Scoring\Reports\20221122_143755\Exclude KKB - DS\Scoring Individu - CS\20221122_143756\requests\main\69.har

2022-11-22 14:40:49 - [MESSAGE][PASSED] - Send request successfully

2022-11-22 14:40:49 - [TEST_STEP][PASSED] - verifyResponseStatusCode(scoring, 200): Verify response status code successfully

2022-11-22 14:40:49 - [MESSAGE][PASSED] - Verify response status code successfully

2022-11-22 14:40:49 - [TEST_STEP][PASSED] - response2 = scoring.getResponseText(): null

2022-11-22 14:40:49 - [TEST_STEP][PASSED] - markPassed("result service data ke : " + no): result service data ke : 35

2022-11-22 14:40:49 - [MESSAGE][PASSED] - result service data ke : 35

2022-11-22 14:40:49 - [TEST_STEP][PASSED] - logInfo($response2): {"result_konsumen":"Reguler","result_pasangan":"","Final_result":"Reguler","errorMessage":"","status":"Done"}

2022-11-22 14:40:49 - [MESSAGE][INFO] - {"result_konsumen":"Reguler","result_pasangan":"","Final_result":"Reguler","errorMessage":"","status":"Done"}

2022-11-22 14:40:49 - [TEST_STEP][PASSED] - verifyElementPropertyValue(scoring, "Final_result", final_result): Verify element property value successfully

2022-11-22 14:40:49 - [MESSAGE][PASSED] - Verify element property value successfully]]></system-out>
         <system-err><![CDATA[]]></system-err>
      </testcase>
      <testcase name="Test Cases/Engine_Scoring/Engine Scoring" time="4.628" classname="Test Cases/Engine_Scoring/Engine Scoring" status="PASSED">
         <system-out><![CDATA[2022-11-22 14:40:49 - [TEST_CASE][PASSED] - Test Cases/Engine_Scoring/Engine Scoring: Test Cases/Engine_Scoring/Engine Scoring

2022-11-22 14:40:50 - [TEST_STEP][PASSED] - markPassed("Variasi data ke : " + no): Variasi data ke : 36

2022-11-22 14:40:50 - [MESSAGE][PASSED] - Variasi data ke : 36

2022-11-22 14:40:50 - [TEST_STEP][PASSED] - req_data = sendRequest(findTestObject("Search_ME", ["MID":MID, "source":source, "ip":ip, "userid":userid, "branch":branch, "tipekons":tipekons, "marital":marital, "penjamin":penjamin, ... ])): Send request successfully

2022-11-22 14:40:51 - [MESSAGE][INFO] - HAR: D:\DMS\Engine Scoring\Reports\20221122_143755\Exclude KKB - DS\Scoring Individu - CS\20221122_143756\requests\main\70.har

2022-11-22 14:40:51 - [MESSAGE][PASSED] - Send request successfully

2022-11-22 14:40:51 - [TEST_STEP][PASSED] - slurper = new groovy.json.JsonSlurper(): null

2022-11-22 14:40:51 - [TEST_STEP][PASSED] - result = slurper.parseText(req_data.getResponseBodyContent()): null

2022-11-22 14:40:51 - [TEST_STEP][PASSED] - reqid_kons = requestid1: null

2022-11-22 14:40:51 - [TEST_STEP][PASSED] - reqid_spouse = requestid2: null

2022-11-22 14:40:51 - [TEST_STEP][PASSED] - println("requestid kons : " + reqid_kons): null

2022-11-22 14:40:51 - [TEST_STEP][PASSED] - response_searchME_kons = reqid_kons: null

2022-11-22 14:40:51 - [TEST_STEP][PASSED] - response_searchME_spouse = reqid_spouse: null

2022-11-22 14:40:51 - [TEST_STEP][PASSED] - println("kons req id is :" + response_searchME_kons): null

2022-11-22 14:40:51 - [TEST_STEP][PASSED] - println("spouse req id is : " + response_searchME_spouse): null

2022-11-22 14:40:51 - [TEST_STEP][PASSED] - verifyResponseStatusCode(req_data, 200): Verify response status code successfully

2022-11-22 14:40:51 - [MESSAGE][PASSED] - Verify response status code successfully

2022-11-22 14:40:51 - [TEST_STEP][PASSED] - response = req_data.getResponseText(): null

2022-11-22 14:40:51 - [TEST_STEP][PASSED] - logInfo($response): {"status":"Done","data":{"requestid1":"241576","requestid2":""}}

2022-11-22 14:40:51 - [MESSAGE][INFO] - {"status":"Done","data":{"requestid1":"241576","requestid2":""}}

2022-11-22 14:40:51 - [TEST_STEP][PASSED] - delay(3): Delayed 3 second(s)

2022-11-22 14:40:54 - [MESSAGE][PASSED] - Delayed 3 second(s)

2022-11-22 14:40:54 - [TEST_STEP][PASSED] - scoring = sendRequest(findTestObject("EngineScore", ["response_searchME_kons":response_searchME_kons, "response_searchME_spouse":response_searchME_spouse])): Send request successfully

2022-11-22 14:40:54 - [MESSAGE][INFO] - HAR: D:\DMS\Engine Scoring\Reports\20221122_143755\Exclude KKB - DS\Scoring Individu - CS\20221122_143756\requests\main\71.har

2022-11-22 14:40:54 - [MESSAGE][PASSED] - Send request successfully

2022-11-22 14:40:54 - [TEST_STEP][PASSED] - verifyResponseStatusCode(scoring, 200): Verify response status code successfully

2022-11-22 14:40:54 - [MESSAGE][PASSED] - Verify response status code successfully

2022-11-22 14:40:54 - [TEST_STEP][PASSED] - response2 = scoring.getResponseText(): null

2022-11-22 14:40:54 - [TEST_STEP][PASSED] - markPassed("result service data ke : " + no): result service data ke : 36

2022-11-22 14:40:54 - [MESSAGE][PASSED] - result service data ke : 36

2022-11-22 14:40:54 - [TEST_STEP][PASSED] - logInfo($response2): {"result_konsumen":"Reguler","result_pasangan":"","Final_result":"Reguler","errorMessage":"","status":"Done"}

2022-11-22 14:40:54 - [MESSAGE][INFO] - {"result_konsumen":"Reguler","result_pasangan":"","Final_result":"Reguler","errorMessage":"","status":"Done"}

2022-11-22 14:40:54 - [TEST_STEP][PASSED] - verifyElementPropertyValue(scoring, "Final_result", final_result): Verify element property value successfully

2022-11-22 14:40:54 - [MESSAGE][PASSED] - Verify element property value successfully]]></system-out>
         <system-err><![CDATA[]]></system-err>
      </testcase>
      <testcase name="Test Cases/Engine_Scoring/Engine Scoring" time="4.632" classname="Test Cases/Engine_Scoring/Engine Scoring" status="PASSED">
         <system-out><![CDATA[2022-11-22 14:40:54 - [TEST_CASE][PASSED] - Test Cases/Engine_Scoring/Engine Scoring: Test Cases/Engine_Scoring/Engine Scoring

2022-11-22 14:40:54 - [TEST_STEP][PASSED] - markPassed("Variasi data ke : " + no): Variasi data ke : 37

2022-11-22 14:40:54 - [MESSAGE][PASSED] - Variasi data ke : 37

2022-11-22 14:40:54 - [TEST_STEP][PASSED] - req_data = sendRequest(findTestObject("Search_ME", ["MID":MID, "source":source, "ip":ip, "userid":userid, "branch":branch, "tipekons":tipekons, "marital":marital, "penjamin":penjamin, ... ])): Send request successfully

2022-11-22 14:40:55 - [MESSAGE][INFO] - HAR: D:\DMS\Engine Scoring\Reports\20221122_143755\Exclude KKB - DS\Scoring Individu - CS\20221122_143756\requests\main\72.har

2022-11-22 14:40:55 - [MESSAGE][PASSED] - Send request successfully

2022-11-22 14:40:55 - [TEST_STEP][PASSED] - slurper = new groovy.json.JsonSlurper(): null

2022-11-22 14:40:55 - [TEST_STEP][PASSED] - result = slurper.parseText(req_data.getResponseBodyContent()): null

2022-11-22 14:40:55 - [TEST_STEP][PASSED] - reqid_kons = requestid1: null

2022-11-22 14:40:55 - [TEST_STEP][PASSED] - reqid_spouse = requestid2: null

2022-11-22 14:40:55 - [TEST_STEP][PASSED] - println("requestid kons : " + reqid_kons): null

2022-11-22 14:40:55 - [TEST_STEP][PASSED] - response_searchME_kons = reqid_kons: null

2022-11-22 14:40:55 - [TEST_STEP][PASSED] - response_searchME_spouse = reqid_spouse: null

2022-11-22 14:40:55 - [TEST_STEP][PASSED] - println("kons req id is :" + response_searchME_kons): null

2022-11-22 14:40:55 - [TEST_STEP][PASSED] - println("spouse req id is : " + response_searchME_spouse): null

2022-11-22 14:40:55 - [TEST_STEP][PASSED] - verifyResponseStatusCode(req_data, 200): Verify response status code successfully

2022-11-22 14:40:55 - [MESSAGE][PASSED] - Verify response status code successfully

2022-11-22 14:40:55 - [TEST_STEP][PASSED] - response = req_data.getResponseText(): null

2022-11-22 14:40:55 - [TEST_STEP][PASSED] - logInfo($response): {"status":"Done","data":{"requestid1":"241577","requestid2":""}}

2022-11-22 14:40:55 - [MESSAGE][INFO] - {"status":"Done","data":{"requestid1":"241577","requestid2":""}}

2022-11-22 14:40:55 - [TEST_STEP][PASSED] - delay(3): Delayed 3 second(s)

2022-11-22 14:40:58 - [MESSAGE][PASSED] - Delayed 3 second(s)

2022-11-22 14:40:58 - [TEST_STEP][PASSED] - scoring = sendRequest(findTestObject("EngineScore", ["response_searchME_kons":response_searchME_kons, "response_searchME_spouse":response_searchME_spouse])): Send request successfully

2022-11-22 14:40:58 - [MESSAGE][INFO] - HAR: D:\DMS\Engine Scoring\Reports\20221122_143755\Exclude KKB - DS\Scoring Individu - CS\20221122_143756\requests\main\73.har

2022-11-22 14:40:58 - [MESSAGE][PASSED] - Send request successfully

2022-11-22 14:40:58 - [TEST_STEP][PASSED] - verifyResponseStatusCode(scoring, 200): Verify response status code successfully

2022-11-22 14:40:58 - [MESSAGE][PASSED] - Verify response status code successfully

2022-11-22 14:40:58 - [TEST_STEP][PASSED] - response2 = scoring.getResponseText(): null

2022-11-22 14:40:58 - [TEST_STEP][PASSED] - markPassed("result service data ke : " + no): result service data ke : 37

2022-11-22 14:40:58 - [MESSAGE][PASSED] - result service data ke : 37

2022-11-22 14:40:58 - [TEST_STEP][PASSED] - logInfo($response2): {"result_konsumen":"Approve","result_pasangan":"","Final_result":"Approve","errorMessage":"","status":"Done"}

2022-11-22 14:40:58 - [MESSAGE][INFO] - {"result_konsumen":"Approve","result_pasangan":"","Final_result":"Approve","errorMessage":"","status":"Done"}

2022-11-22 14:40:58 - [TEST_STEP][PASSED] - verifyElementPropertyValue(scoring, "Final_result", final_result): Verify element property value successfully

2022-11-22 14:40:58 - [MESSAGE][PASSED] - Verify element property value successfully]]></system-out>
         <system-err><![CDATA[]]></system-err>
      </testcase>
      <testcase name="Test Cases/Engine_Scoring/Engine Scoring" time="4.56" classname="Test Cases/Engine_Scoring/Engine Scoring" status="PASSED">
         <system-out><![CDATA[2022-11-22 14:40:58 - [TEST_CASE][PASSED] - Test Cases/Engine_Scoring/Engine Scoring: Test Cases/Engine_Scoring/Engine Scoring

2022-11-22 14:40:59 - [TEST_STEP][PASSED] - markPassed("Variasi data ke : " + no): Variasi data ke : 38

2022-11-22 14:40:59 - [MESSAGE][PASSED] - Variasi data ke : 38

2022-11-22 14:40:59 - [TEST_STEP][PASSED] - req_data = sendRequest(findTestObject("Search_ME", ["MID":MID, "source":source, "ip":ip, "userid":userid, "branch":branch, "tipekons":tipekons, "marital":marital, "penjamin":penjamin, ... ])): Send request successfully

2022-11-22 14:41:00 - [MESSAGE][INFO] - HAR: D:\DMS\Engine Scoring\Reports\20221122_143755\Exclude KKB - DS\Scoring Individu - CS\20221122_143756\requests\main\74.har

2022-11-22 14:41:00 - [MESSAGE][PASSED] - Send request successfully

2022-11-22 14:41:00 - [TEST_STEP][PASSED] - slurper = new groovy.json.JsonSlurper(): null

2022-11-22 14:41:00 - [TEST_STEP][PASSED] - result = slurper.parseText(req_data.getResponseBodyContent()): null

2022-11-22 14:41:00 - [TEST_STEP][PASSED] - reqid_kons = requestid1: null

2022-11-22 14:41:00 - [TEST_STEP][PASSED] - reqid_spouse = requestid2: null

2022-11-22 14:41:00 - [TEST_STEP][PASSED] - println("requestid kons : " + reqid_kons): null

2022-11-22 14:41:00 - [TEST_STEP][PASSED] - response_searchME_kons = reqid_kons: null

2022-11-22 14:41:00 - [TEST_STEP][PASSED] - response_searchME_spouse = reqid_spouse: null

2022-11-22 14:41:00 - [TEST_STEP][PASSED] - println("kons req id is :" + response_searchME_kons): null

2022-11-22 14:41:00 - [TEST_STEP][PASSED] - println("spouse req id is : " + response_searchME_spouse): null

2022-11-22 14:41:00 - [TEST_STEP][PASSED] - verifyResponseStatusCode(req_data, 200): Verify response status code successfully

2022-11-22 14:41:00 - [MESSAGE][PASSED] - Verify response status code successfully

2022-11-22 14:41:00 - [TEST_STEP][PASSED] - response = req_data.getResponseText(): null

2022-11-22 14:41:00 - [TEST_STEP][PASSED] - logInfo($response): {"status":"Done","data":{"requestid1":"241578","requestid2":""}}

2022-11-22 14:41:00 - [MESSAGE][INFO] - {"status":"Done","data":{"requestid1":"241578","requestid2":""}}

2022-11-22 14:41:00 - [TEST_STEP][PASSED] - delay(3): Delayed 3 second(s)

2022-11-22 14:41:03 - [MESSAGE][PASSED] - Delayed 3 second(s)

2022-11-22 14:41:03 - [TEST_STEP][PASSED] - scoring = sendRequest(findTestObject("EngineScore", ["response_searchME_kons":response_searchME_kons, "response_searchME_spouse":response_searchME_spouse])): Send request successfully

2022-11-22 14:41:03 - [MESSAGE][INFO] - HAR: D:\DMS\Engine Scoring\Reports\20221122_143755\Exclude KKB - DS\Scoring Individu - CS\20221122_143756\requests\main\75.har

2022-11-22 14:41:03 - [MESSAGE][PASSED] - Send request successfully

2022-11-22 14:41:03 - [TEST_STEP][PASSED] - verifyResponseStatusCode(scoring, 200): Verify response status code successfully

2022-11-22 14:41:03 - [MESSAGE][PASSED] - Verify response status code successfully

2022-11-22 14:41:03 - [TEST_STEP][PASSED] - response2 = scoring.getResponseText(): null

2022-11-22 14:41:03 - [TEST_STEP][PASSED] - markPassed("result service data ke : " + no): result service data ke : 38

2022-11-22 14:41:03 - [MESSAGE][PASSED] - result service data ke : 38

2022-11-22 14:41:03 - [TEST_STEP][PASSED] - logInfo($response2): {"result_konsumen":"Approve","result_pasangan":"","Final_result":"Approve","errorMessage":"","status":"Done"}

2022-11-22 14:41:03 - [MESSAGE][INFO] - {"result_konsumen":"Approve","result_pasangan":"","Final_result":"Approve","errorMessage":"","status":"Done"}

2022-11-22 14:41:03 - [TEST_STEP][PASSED] - verifyElementPropertyValue(scoring, "Final_result", final_result): Verify element property value successfully

2022-11-22 14:41:03 - [MESSAGE][PASSED] - Verify element property value successfully]]></system-out>
         <system-err><![CDATA[]]></system-err>
      </testcase>
      <testcase name="Test Cases/Engine_Scoring/Engine Scoring" time="4.534" classname="Test Cases/Engine_Scoring/Engine Scoring" status="PASSED">
         <system-out><![CDATA[2022-11-22 14:41:03 - [TEST_CASE][PASSED] - Test Cases/Engine_Scoring/Engine Scoring: Test Cases/Engine_Scoring/Engine Scoring

2022-11-22 14:41:04 - [TEST_STEP][PASSED] - markPassed("Variasi data ke : " + no): Variasi data ke : 39

2022-11-22 14:41:04 - [MESSAGE][PASSED] - Variasi data ke : 39

2022-11-22 14:41:04 - [TEST_STEP][PASSED] - req_data = sendRequest(findTestObject("Search_ME", ["MID":MID, "source":source, "ip":ip, "userid":userid, "branch":branch, "tipekons":tipekons, "marital":marital, "penjamin":penjamin, ... ])): Send request successfully

2022-11-22 14:41:04 - [MESSAGE][INFO] - HAR: D:\DMS\Engine Scoring\Reports\20221122_143755\Exclude KKB - DS\Scoring Individu - CS\20221122_143756\requests\main\76.har

2022-11-22 14:41:04 - [MESSAGE][PASSED] - Send request successfully

2022-11-22 14:41:04 - [TEST_STEP][PASSED] - slurper = new groovy.json.JsonSlurper(): null

2022-11-22 14:41:04 - [TEST_STEP][PASSED] - result = slurper.parseText(req_data.getResponseBodyContent()): null

2022-11-22 14:41:04 - [TEST_STEP][PASSED] - reqid_kons = requestid1: null

2022-11-22 14:41:04 - [TEST_STEP][PASSED] - reqid_spouse = requestid2: null

2022-11-22 14:41:04 - [TEST_STEP][PASSED] - println("requestid kons : " + reqid_kons): null

2022-11-22 14:41:04 - [TEST_STEP][PASSED] - response_searchME_kons = reqid_kons: null

2022-11-22 14:41:04 - [TEST_STEP][PASSED] - response_searchME_spouse = reqid_spouse: null

2022-11-22 14:41:04 - [TEST_STEP][PASSED] - println("kons req id is :" + response_searchME_kons): null

2022-11-22 14:41:04 - [TEST_STEP][PASSED] - println("spouse req id is : " + response_searchME_spouse): null

2022-11-22 14:41:04 - [TEST_STEP][PASSED] - verifyResponseStatusCode(req_data, 200): Verify response status code successfully

2022-11-22 14:41:04 - [MESSAGE][PASSED] - Verify response status code successfully

2022-11-22 14:41:04 - [TEST_STEP][PASSED] - response = req_data.getResponseText(): null

2022-11-22 14:41:04 - [TEST_STEP][PASSED] - logInfo($response): {"status":"Done","data":{"requestid1":"241579","requestid2":""}}

2022-11-22 14:41:04 - [MESSAGE][INFO] - {"status":"Done","data":{"requestid1":"241579","requestid2":""}}

2022-11-22 14:41:04 - [TEST_STEP][PASSED] - delay(3): Delayed 3 second(s)

2022-11-22 14:41:07 - [MESSAGE][PASSED] - Delayed 3 second(s)

2022-11-22 14:41:07 - [TEST_STEP][PASSED] - scoring = sendRequest(findTestObject("EngineScore", ["response_searchME_kons":response_searchME_kons, "response_searchME_spouse":response_searchME_spouse])): Send request successfully

2022-11-22 14:41:08 - [MESSAGE][INFO] - HAR: D:\DMS\Engine Scoring\Reports\20221122_143755\Exclude KKB - DS\Scoring Individu - CS\20221122_143756\requests\main\77.har

2022-11-22 14:41:08 - [MESSAGE][PASSED] - Send request successfully

2022-11-22 14:41:08 - [TEST_STEP][PASSED] - verifyResponseStatusCode(scoring, 200): Verify response status code successfully

2022-11-22 14:41:08 - [MESSAGE][PASSED] - Verify response status code successfully

2022-11-22 14:41:08 - [TEST_STEP][PASSED] - response2 = scoring.getResponseText(): null

2022-11-22 14:41:08 - [TEST_STEP][PASSED] - markPassed("result service data ke : " + no): result service data ke : 39

2022-11-22 14:41:08 - [MESSAGE][PASSED] - result service data ke : 39

2022-11-22 14:41:08 - [TEST_STEP][PASSED] - logInfo($response2): {"result_konsumen":"Approve","result_pasangan":"","Final_result":"Approve","errorMessage":"","status":"Done"}

2022-11-22 14:41:08 - [MESSAGE][INFO] - {"result_konsumen":"Approve","result_pasangan":"","Final_result":"Approve","errorMessage":"","status":"Done"}

2022-11-22 14:41:08 - [TEST_STEP][PASSED] - verifyElementPropertyValue(scoring, "Final_result", final_result): Verify element property value successfully

2022-11-22 14:41:08 - [MESSAGE][PASSED] - Verify element property value successfully]]></system-out>
         <system-err><![CDATA[]]></system-err>
      </testcase>
      <testcase name="Test Cases/Engine_Scoring/Engine Scoring" time="4.576" classname="Test Cases/Engine_Scoring/Engine Scoring" status="PASSED">
         <system-out><![CDATA[2022-11-22 14:41:08 - [TEST_CASE][PASSED] - Test Cases/Engine_Scoring/Engine Scoring: Test Cases/Engine_Scoring/Engine Scoring

2022-11-22 14:41:08 - [TEST_STEP][PASSED] - markPassed("Variasi data ke : " + no): Variasi data ke : 40

2022-11-22 14:41:08 - [MESSAGE][PASSED] - Variasi data ke : 40

2022-11-22 14:41:08 - [TEST_STEP][PASSED] - req_data = sendRequest(findTestObject("Search_ME", ["MID":MID, "source":source, "ip":ip, "userid":userid, "branch":branch, "tipekons":tipekons, "marital":marital, "penjamin":penjamin, ... ])): Send request successfully

2022-11-22 14:41:09 - [MESSAGE][INFO] - HAR: D:\DMS\Engine Scoring\Reports\20221122_143755\Exclude KKB - DS\Scoring Individu - CS\20221122_143756\requests\main\78.har

2022-11-22 14:41:09 - [MESSAGE][PASSED] - Send request successfully

2022-11-22 14:41:09 - [TEST_STEP][PASSED] - slurper = new groovy.json.JsonSlurper(): null

2022-11-22 14:41:09 - [TEST_STEP][PASSED] - result = slurper.parseText(req_data.getResponseBodyContent()): null

2022-11-22 14:41:09 - [TEST_STEP][PASSED] - reqid_kons = requestid1: null

2022-11-22 14:41:09 - [TEST_STEP][PASSED] - reqid_spouse = requestid2: null

2022-11-22 14:41:09 - [TEST_STEP][PASSED] - println("requestid kons : " + reqid_kons): null

2022-11-22 14:41:09 - [TEST_STEP][PASSED] - response_searchME_kons = reqid_kons: null

2022-11-22 14:41:09 - [TEST_STEP][PASSED] - response_searchME_spouse = reqid_spouse: null

2022-11-22 14:41:09 - [TEST_STEP][PASSED] - println("kons req id is :" + response_searchME_kons): null

2022-11-22 14:41:09 - [TEST_STEP][PASSED] - println("spouse req id is : " + response_searchME_spouse): null

2022-11-22 14:41:09 - [TEST_STEP][PASSED] - verifyResponseStatusCode(req_data, 200): Verify response status code successfully

2022-11-22 14:41:09 - [MESSAGE][PASSED] - Verify response status code successfully

2022-11-22 14:41:09 - [TEST_STEP][PASSED] - response = req_data.getResponseText(): null

2022-11-22 14:41:09 - [TEST_STEP][PASSED] - logInfo($response): {"status":"Done","data":{"requestid1":"241580","requestid2":""}}

2022-11-22 14:41:09 - [MESSAGE][INFO] - {"status":"Done","data":{"requestid1":"241580","requestid2":""}}

2022-11-22 14:41:09 - [TEST_STEP][PASSED] - delay(3): Delayed 3 second(s)

2022-11-22 14:41:12 - [MESSAGE][PASSED] - Delayed 3 second(s)

2022-11-22 14:41:12 - [TEST_STEP][PASSED] - scoring = sendRequest(findTestObject("EngineScore", ["response_searchME_kons":response_searchME_kons, "response_searchME_spouse":response_searchME_spouse])): Send request successfully

2022-11-22 14:41:12 - [MESSAGE][INFO] - HAR: D:\DMS\Engine Scoring\Reports\20221122_143755\Exclude KKB - DS\Scoring Individu - CS\20221122_143756\requests\main\79.har

2022-11-22 14:41:12 - [MESSAGE][PASSED] - Send request successfully

2022-11-22 14:41:12 - [TEST_STEP][PASSED] - verifyResponseStatusCode(scoring, 200): Verify response status code successfully

2022-11-22 14:41:12 - [MESSAGE][PASSED] - Verify response status code successfully

2022-11-22 14:41:12 - [TEST_STEP][PASSED] - response2 = scoring.getResponseText(): null

2022-11-22 14:41:12 - [TEST_STEP][PASSED] - markPassed("result service data ke : " + no): result service data ke : 40

2022-11-22 14:41:12 - [MESSAGE][PASSED] - result service data ke : 40

2022-11-22 14:41:12 - [TEST_STEP][PASSED] - logInfo($response2): {"result_konsumen":"Approve","result_pasangan":"","Final_result":"Approve","errorMessage":"","status":"Done"}

2022-11-22 14:41:12 - [MESSAGE][INFO] - {"result_konsumen":"Approve","result_pasangan":"","Final_result":"Approve","errorMessage":"","status":"Done"}

2022-11-22 14:41:12 - [TEST_STEP][PASSED] - verifyElementPropertyValue(scoring, "Final_result", final_result): Verify element property value successfully

2022-11-22 14:41:12 - [MESSAGE][PASSED] - Verify element property value successfully]]></system-out>
         <system-err><![CDATA[]]></system-err>
      </testcase>
      <testcase name="Test Cases/Engine_Scoring/Engine Scoring" time="4.647" classname="Test Cases/Engine_Scoring/Engine Scoring" status="PASSED">
         <system-out><![CDATA[2022-11-22 14:41:12 - [TEST_CASE][PASSED] - Test Cases/Engine_Scoring/Engine Scoring: Test Cases/Engine_Scoring/Engine Scoring

2022-11-22 14:41:13 - [TEST_STEP][PASSED] - markPassed("Variasi data ke : " + no): Variasi data ke : 41

2022-11-22 14:41:13 - [MESSAGE][PASSED] - Variasi data ke : 41

2022-11-22 14:41:13 - [TEST_STEP][PASSED] - req_data = sendRequest(findTestObject("Search_ME", ["MID":MID, "source":source, "ip":ip, "userid":userid, "branch":branch, "tipekons":tipekons, "marital":marital, "penjamin":penjamin, ... ])): Send request successfully

2022-11-22 14:41:14 - [MESSAGE][INFO] - HAR: D:\DMS\Engine Scoring\Reports\20221122_143755\Exclude KKB - DS\Scoring Individu - CS\20221122_143756\requests\main\80.har

2022-11-22 14:41:14 - [MESSAGE][PASSED] - Send request successfully

2022-11-22 14:41:14 - [TEST_STEP][PASSED] - slurper = new groovy.json.JsonSlurper(): null

2022-11-22 14:41:14 - [TEST_STEP][PASSED] - result = slurper.parseText(req_data.getResponseBodyContent()): null

2022-11-22 14:41:14 - [TEST_STEP][PASSED] - reqid_kons = requestid1: null

2022-11-22 14:41:14 - [TEST_STEP][PASSED] - reqid_spouse = requestid2: null

2022-11-22 14:41:14 - [TEST_STEP][PASSED] - println("requestid kons : " + reqid_kons): null

2022-11-22 14:41:14 - [TEST_STEP][PASSED] - response_searchME_kons = reqid_kons: null

2022-11-22 14:41:14 - [TEST_STEP][PASSED] - response_searchME_spouse = reqid_spouse: null

2022-11-22 14:41:14 - [TEST_STEP][PASSED] - println("kons req id is :" + response_searchME_kons): null

2022-11-22 14:41:14 - [TEST_STEP][PASSED] - println("spouse req id is : " + response_searchME_spouse): null

2022-11-22 14:41:14 - [TEST_STEP][PASSED] - verifyResponseStatusCode(req_data, 200): Verify response status code successfully

2022-11-22 14:41:14 - [MESSAGE][PASSED] - Verify response status code successfully

2022-11-22 14:41:14 - [TEST_STEP][PASSED] - response = req_data.getResponseText(): null

2022-11-22 14:41:14 - [TEST_STEP][PASSED] - logInfo($response): {"status":"Done","data":{"requestid1":"241581","requestid2":""}}

2022-11-22 14:41:14 - [MESSAGE][INFO] - {"status":"Done","data":{"requestid1":"241581","requestid2":""}}

2022-11-22 14:41:14 - [TEST_STEP][PASSED] - delay(3): Delayed 3 second(s)

2022-11-22 14:41:17 - [MESSAGE][PASSED] - Delayed 3 second(s)

2022-11-22 14:41:17 - [TEST_STEP][PASSED] - scoring = sendRequest(findTestObject("EngineScore", ["response_searchME_kons":response_searchME_kons, "response_searchME_spouse":response_searchME_spouse])): Send request successfully

2022-11-22 14:41:17 - [MESSAGE][INFO] - HAR: D:\DMS\Engine Scoring\Reports\20221122_143755\Exclude KKB - DS\Scoring Individu - CS\20221122_143756\requests\main\81.har

2022-11-22 14:41:17 - [MESSAGE][PASSED] - Send request successfully

2022-11-22 14:41:17 - [TEST_STEP][PASSED] - verifyResponseStatusCode(scoring, 200): Verify response status code successfully

2022-11-22 14:41:17 - [MESSAGE][PASSED] - Verify response status code successfully

2022-11-22 14:41:17 - [TEST_STEP][PASSED] - response2 = scoring.getResponseText(): null

2022-11-22 14:41:17 - [TEST_STEP][PASSED] - markPassed("result service data ke : " + no): result service data ke : 41

2022-11-22 14:41:17 - [MESSAGE][PASSED] - result service data ke : 41

2022-11-22 14:41:17 - [TEST_STEP][PASSED] - logInfo($response2): {"result_konsumen":"Approve","result_pasangan":"","Final_result":"Approve","errorMessage":"","status":"Done"}

2022-11-22 14:41:17 - [MESSAGE][INFO] - {"result_konsumen":"Approve","result_pasangan":"","Final_result":"Approve","errorMessage":"","status":"Done"}

2022-11-22 14:41:17 - [TEST_STEP][PASSED] - verifyElementPropertyValue(scoring, "Final_result", final_result): Verify element property value successfully

2022-11-22 14:41:17 - [MESSAGE][PASSED] - Verify element property value successfully]]></system-out>
         <system-err><![CDATA[]]></system-err>
      </testcase>
      <testcase name="Test Cases/Engine_Scoring/Engine Scoring" time="4.703" classname="Test Cases/Engine_Scoring/Engine Scoring" status="PASSED">
         <system-out><![CDATA[2022-11-22 14:41:17 - [TEST_CASE][PASSED] - Test Cases/Engine_Scoring/Engine Scoring: Test Cases/Engine_Scoring/Engine Scoring

2022-11-22 14:41:18 - [TEST_STEP][PASSED] - markPassed("Variasi data ke : " + no): Variasi data ke : 42

2022-11-22 14:41:18 - [MESSAGE][PASSED] - Variasi data ke : 42

2022-11-22 14:41:18 - [TEST_STEP][PASSED] - req_data = sendRequest(findTestObject("Search_ME", ["MID":MID, "source":source, "ip":ip, "userid":userid, "branch":branch, "tipekons":tipekons, "marital":marital, "penjamin":penjamin, ... ])): Send request successfully

2022-11-22 14:41:19 - [MESSAGE][INFO] - HAR: D:\DMS\Engine Scoring\Reports\20221122_143755\Exclude KKB - DS\Scoring Individu - CS\20221122_143756\requests\main\82.har

2022-11-22 14:41:19 - [MESSAGE][PASSED] - Send request successfully

2022-11-22 14:41:19 - [TEST_STEP][PASSED] - slurper = new groovy.json.JsonSlurper(): null

2022-11-22 14:41:19 - [TEST_STEP][PASSED] - result = slurper.parseText(req_data.getResponseBodyContent()): null

2022-11-22 14:41:19 - [TEST_STEP][PASSED] - reqid_kons = requestid1: null

2022-11-22 14:41:19 - [TEST_STEP][PASSED] - reqid_spouse = requestid2: null

2022-11-22 14:41:19 - [TEST_STEP][PASSED] - println("requestid kons : " + reqid_kons): null

2022-11-22 14:41:19 - [TEST_STEP][PASSED] - response_searchME_kons = reqid_kons: null

2022-11-22 14:41:19 - [TEST_STEP][PASSED] - response_searchME_spouse = reqid_spouse: null

2022-11-22 14:41:19 - [TEST_STEP][PASSED] - println("kons req id is :" + response_searchME_kons): null

2022-11-22 14:41:19 - [TEST_STEP][PASSED] - println("spouse req id is : " + response_searchME_spouse): null

2022-11-22 14:41:19 - [TEST_STEP][PASSED] - verifyResponseStatusCode(req_data, 200): Verify response status code successfully

2022-11-22 14:41:19 - [MESSAGE][PASSED] - Verify response status code successfully

2022-11-22 14:41:19 - [TEST_STEP][PASSED] - response = req_data.getResponseText(): null

2022-11-22 14:41:19 - [TEST_STEP][PASSED] - logInfo($response): {"status":"Done","data":{"requestid1":"241582","requestid2":""}}

2022-11-22 14:41:19 - [MESSAGE][INFO] - {"status":"Done","data":{"requestid1":"241582","requestid2":""}}

2022-11-22 14:41:19 - [TEST_STEP][PASSED] - delay(3): Delayed 3 second(s)

2022-11-22 14:41:22 - [MESSAGE][PASSED] - Delayed 3 second(s)

2022-11-22 14:41:22 - [TEST_STEP][PASSED] - scoring = sendRequest(findTestObject("EngineScore", ["response_searchME_kons":response_searchME_kons, "response_searchME_spouse":response_searchME_spouse])): Send request successfully

2022-11-22 14:41:22 - [MESSAGE][INFO] - HAR: D:\DMS\Engine Scoring\Reports\20221122_143755\Exclude KKB - DS\Scoring Individu - CS\20221122_143756\requests\main\83.har

2022-11-22 14:41:22 - [MESSAGE][PASSED] - Send request successfully

2022-11-22 14:41:22 - [TEST_STEP][PASSED] - verifyResponseStatusCode(scoring, 200): Verify response status code successfully

2022-11-22 14:41:22 - [MESSAGE][PASSED] - Verify response status code successfully

2022-11-22 14:41:22 - [TEST_STEP][PASSED] - response2 = scoring.getResponseText(): null

2022-11-22 14:41:22 - [TEST_STEP][PASSED] - markPassed("result service data ke : " + no): result service data ke : 42

2022-11-22 14:41:22 - [MESSAGE][PASSED] - result service data ke : 42

2022-11-22 14:41:22 - [TEST_STEP][PASSED] - logInfo($response2): {"result_konsumen":"Approve","result_pasangan":"","Final_result":"Approve","errorMessage":"","status":"Done"}

2022-11-22 14:41:22 - [MESSAGE][INFO] - {"result_konsumen":"Approve","result_pasangan":"","Final_result":"Approve","errorMessage":"","status":"Done"}

2022-11-22 14:41:22 - [TEST_STEP][PASSED] - verifyElementPropertyValue(scoring, "Final_result", final_result): Verify element property value successfully

2022-11-22 14:41:22 - [MESSAGE][PASSED] - Verify element property value successfully]]></system-out>
         <system-err><![CDATA[]]></system-err>
      </testcase>
      <testcase name="Test Cases/Engine_Scoring/Engine Scoring" time="4.645" classname="Test Cases/Engine_Scoring/Engine Scoring" status="PASSED">
         <system-out><![CDATA[2022-11-22 14:41:22 - [TEST_CASE][PASSED] - Test Cases/Engine_Scoring/Engine Scoring: Test Cases/Engine_Scoring/Engine Scoring

2022-11-22 14:41:22 - [TEST_STEP][PASSED] - markPassed("Variasi data ke : " + no): Variasi data ke : 43

2022-11-22 14:41:22 - [MESSAGE][PASSED] - Variasi data ke : 43

2022-11-22 14:41:22 - [TEST_STEP][PASSED] - req_data = sendRequest(findTestObject("Search_ME", ["MID":MID, "source":source, "ip":ip, "userid":userid, "branch":branch, "tipekons":tipekons, "marital":marital, "penjamin":penjamin, ... ])): Send request successfully

2022-11-22 14:41:23 - [MESSAGE][INFO] - HAR: D:\DMS\Engine Scoring\Reports\20221122_143755\Exclude KKB - DS\Scoring Individu - CS\20221122_143756\requests\main\84.har

2022-11-22 14:41:23 - [MESSAGE][PASSED] - Send request successfully

2022-11-22 14:41:23 - [TEST_STEP][PASSED] - slurper = new groovy.json.JsonSlurper(): null

2022-11-22 14:41:23 - [TEST_STEP][PASSED] - result = slurper.parseText(req_data.getResponseBodyContent()): null

2022-11-22 14:41:23 - [TEST_STEP][PASSED] - reqid_kons = requestid1: null

2022-11-22 14:41:23 - [TEST_STEP][PASSED] - reqid_spouse = requestid2: null

2022-11-22 14:41:23 - [TEST_STEP][PASSED] - println("requestid kons : " + reqid_kons): null

2022-11-22 14:41:23 - [TEST_STEP][PASSED] - response_searchME_kons = reqid_kons: null

2022-11-22 14:41:23 - [TEST_STEP][PASSED] - response_searchME_spouse = reqid_spouse: null

2022-11-22 14:41:23 - [TEST_STEP][PASSED] - println("kons req id is :" + response_searchME_kons): null

2022-11-22 14:41:23 - [TEST_STEP][PASSED] - println("spouse req id is : " + response_searchME_spouse): null

2022-11-22 14:41:23 - [TEST_STEP][PASSED] - verifyResponseStatusCode(req_data, 200): Verify response status code successfully

2022-11-22 14:41:23 - [MESSAGE][PASSED] - Verify response status code successfully

2022-11-22 14:41:23 - [TEST_STEP][PASSED] - response = req_data.getResponseText(): null

2022-11-22 14:41:23 - [TEST_STEP][PASSED] - logInfo($response): {"status":"Done","data":{"requestid1":"241583","requestid2":""}}

2022-11-22 14:41:23 - [MESSAGE][INFO] - {"status":"Done","data":{"requestid1":"241583","requestid2":""}}

2022-11-22 14:41:23 - [TEST_STEP][PASSED] - delay(3): Delayed 3 second(s)

2022-11-22 14:41:26 - [MESSAGE][PASSED] - Delayed 3 second(s)

2022-11-22 14:41:26 - [TEST_STEP][PASSED] - scoring = sendRequest(findTestObject("EngineScore", ["response_searchME_kons":response_searchME_kons, "response_searchME_spouse":response_searchME_spouse])): Send request successfully

2022-11-22 14:41:26 - [MESSAGE][INFO] - HAR: D:\DMS\Engine Scoring\Reports\20221122_143755\Exclude KKB - DS\Scoring Individu - CS\20221122_143756\requests\main\85.har

2022-11-22 14:41:26 - [MESSAGE][PASSED] - Send request successfully

2022-11-22 14:41:26 - [TEST_STEP][PASSED] - verifyResponseStatusCode(scoring, 200): Verify response status code successfully

2022-11-22 14:41:26 - [MESSAGE][PASSED] - Verify response status code successfully

2022-11-22 14:41:26 - [TEST_STEP][PASSED] - response2 = scoring.getResponseText(): null

2022-11-22 14:41:26 - [TEST_STEP][PASSED] - markPassed("result service data ke : " + no): result service data ke : 43

2022-11-22 14:41:26 - [MESSAGE][PASSED] - result service data ke : 43

2022-11-22 14:41:26 - [TEST_STEP][PASSED] - logInfo($response2): {"result_konsumen":"Approve","result_pasangan":"","Final_result":"Approve","errorMessage":"","status":"Done"}

2022-11-22 14:41:26 - [MESSAGE][INFO] - {"result_konsumen":"Approve","result_pasangan":"","Final_result":"Approve","errorMessage":"","status":"Done"}

2022-11-22 14:41:26 - [TEST_STEP][PASSED] - verifyElementPropertyValue(scoring, "Final_result", final_result): Verify element property value successfully

2022-11-22 14:41:26 - [MESSAGE][PASSED] - Verify element property value successfully]]></system-out>
         <system-err><![CDATA[]]></system-err>
      </testcase>
      <testcase name="Test Cases/Engine_Scoring/Engine Scoring" time="4.664" classname="Test Cases/Engine_Scoring/Engine Scoring" status="PASSED">
         <system-out><![CDATA[2022-11-22 14:41:26 - [TEST_CASE][PASSED] - Test Cases/Engine_Scoring/Engine Scoring: Test Cases/Engine_Scoring/Engine Scoring

2022-11-22 14:41:27 - [TEST_STEP][PASSED] - markPassed("Variasi data ke : " + no): Variasi data ke : 44

2022-11-22 14:41:27 - [MESSAGE][PASSED] - Variasi data ke : 44

2022-11-22 14:41:27 - [TEST_STEP][PASSED] - req_data = sendRequest(findTestObject("Search_ME", ["MID":MID, "source":source, "ip":ip, "userid":userid, "branch":branch, "tipekons":tipekons, "marital":marital, "penjamin":penjamin, ... ])): Send request successfully

2022-11-22 14:41:28 - [MESSAGE][INFO] - HAR: D:\DMS\Engine Scoring\Reports\20221122_143755\Exclude KKB - DS\Scoring Individu - CS\20221122_143756\requests\main\86.har

2022-11-22 14:41:28 - [MESSAGE][PASSED] - Send request successfully

2022-11-22 14:41:28 - [TEST_STEP][PASSED] - slurper = new groovy.json.JsonSlurper(): null

2022-11-22 14:41:28 - [TEST_STEP][PASSED] - result = slurper.parseText(req_data.getResponseBodyContent()): null

2022-11-22 14:41:28 - [TEST_STEP][PASSED] - reqid_kons = requestid1: null

2022-11-22 14:41:28 - [TEST_STEP][PASSED] - reqid_spouse = requestid2: null

2022-11-22 14:41:28 - [TEST_STEP][PASSED] - println("requestid kons : " + reqid_kons): null

2022-11-22 14:41:28 - [TEST_STEP][PASSED] - response_searchME_kons = reqid_kons: null

2022-11-22 14:41:28 - [TEST_STEP][PASSED] - response_searchME_spouse = reqid_spouse: null

2022-11-22 14:41:28 - [TEST_STEP][PASSED] - println("kons req id is :" + response_searchME_kons): null

2022-11-22 14:41:28 - [TEST_STEP][PASSED] - println("spouse req id is : " + response_searchME_spouse): null

2022-11-22 14:41:28 - [TEST_STEP][PASSED] - verifyResponseStatusCode(req_data, 200): Verify response status code successfully

2022-11-22 14:41:28 - [MESSAGE][PASSED] - Verify response status code successfully

2022-11-22 14:41:28 - [TEST_STEP][PASSED] - response = req_data.getResponseText(): null

2022-11-22 14:41:28 - [TEST_STEP][PASSED] - logInfo($response): {"status":"Done","data":{"requestid1":"241584","requestid2":""}}

2022-11-22 14:41:28 - [MESSAGE][INFO] - {"status":"Done","data":{"requestid1":"241584","requestid2":""}}

2022-11-22 14:41:28 - [TEST_STEP][PASSED] - delay(3): Delayed 3 second(s)

2022-11-22 14:41:31 - [MESSAGE][PASSED] - Delayed 3 second(s)

2022-11-22 14:41:31 - [TEST_STEP][PASSED] - scoring = sendRequest(findTestObject("EngineScore", ["response_searchME_kons":response_searchME_kons, "response_searchME_spouse":response_searchME_spouse])): Send request successfully

2022-11-22 14:41:31 - [MESSAGE][INFO] - HAR: D:\DMS\Engine Scoring\Reports\20221122_143755\Exclude KKB - DS\Scoring Individu - CS\20221122_143756\requests\main\87.har

2022-11-22 14:41:31 - [MESSAGE][PASSED] - Send request successfully

2022-11-22 14:41:31 - [TEST_STEP][PASSED] - verifyResponseStatusCode(scoring, 200): Verify response status code successfully

2022-11-22 14:41:31 - [MESSAGE][PASSED] - Verify response status code successfully

2022-11-22 14:41:31 - [TEST_STEP][PASSED] - response2 = scoring.getResponseText(): null

2022-11-22 14:41:31 - [TEST_STEP][PASSED] - markPassed("result service data ke : " + no): result service data ke : 44

2022-11-22 14:41:31 - [MESSAGE][PASSED] - result service data ke : 44

2022-11-22 14:41:31 - [TEST_STEP][PASSED] - logInfo($response2): {"result_konsumen":"Approve","result_pasangan":"","Final_result":"Approve","errorMessage":"","status":"Done"}

2022-11-22 14:41:31 - [MESSAGE][INFO] - {"result_konsumen":"Approve","result_pasangan":"","Final_result":"Approve","errorMessage":"","status":"Done"}

2022-11-22 14:41:31 - [TEST_STEP][PASSED] - verifyElementPropertyValue(scoring, "Final_result", final_result): Verify element property value successfully

2022-11-22 14:41:31 - [MESSAGE][PASSED] - Verify element property value successfully]]></system-out>
         <system-err><![CDATA[]]></system-err>
      </testcase>
      <testcase name="Test Cases/Engine_Scoring/Engine Scoring" time="4.596" classname="Test Cases/Engine_Scoring/Engine Scoring" status="PASSED">
         <system-out><![CDATA[2022-11-22 14:41:31 - [TEST_CASE][PASSED] - Test Cases/Engine_Scoring/Engine Scoring: Test Cases/Engine_Scoring/Engine Scoring

2022-11-22 14:41:32 - [TEST_STEP][PASSED] - markPassed("Variasi data ke : " + no): Variasi data ke : 45

2022-11-22 14:41:32 - [MESSAGE][PASSED] - Variasi data ke : 45

2022-11-22 14:41:32 - [TEST_STEP][PASSED] - req_data = sendRequest(findTestObject("Search_ME", ["MID":MID, "source":source, "ip":ip, "userid":userid, "branch":branch, "tipekons":tipekons, "marital":marital, "penjamin":penjamin, ... ])): Send request successfully

2022-11-22 14:41:32 - [MESSAGE][INFO] - HAR: D:\DMS\Engine Scoring\Reports\20221122_143755\Exclude KKB - DS\Scoring Individu - CS\20221122_143756\requests\main\88.har

2022-11-22 14:41:32 - [MESSAGE][PASSED] - Send request successfully

2022-11-22 14:41:32 - [TEST_STEP][PASSED] - slurper = new groovy.json.JsonSlurper(): null

2022-11-22 14:41:32 - [TEST_STEP][PASSED] - result = slurper.parseText(req_data.getResponseBodyContent()): null

2022-11-22 14:41:32 - [TEST_STEP][PASSED] - reqid_kons = requestid1: null

2022-11-22 14:41:32 - [TEST_STEP][PASSED] - reqid_spouse = requestid2: null

2022-11-22 14:41:32 - [TEST_STEP][PASSED] - println("requestid kons : " + reqid_kons): null

2022-11-22 14:41:32 - [TEST_STEP][PASSED] - response_searchME_kons = reqid_kons: null

2022-11-22 14:41:32 - [TEST_STEP][PASSED] - response_searchME_spouse = reqid_spouse: null

2022-11-22 14:41:32 - [TEST_STEP][PASSED] - println("kons req id is :" + response_searchME_kons): null

2022-11-22 14:41:32 - [TEST_STEP][PASSED] - println("spouse req id is : " + response_searchME_spouse): null

2022-11-22 14:41:32 - [TEST_STEP][PASSED] - verifyResponseStatusCode(req_data, 200): Verify response status code successfully

2022-11-22 14:41:32 - [MESSAGE][PASSED] - Verify response status code successfully

2022-11-22 14:41:32 - [TEST_STEP][PASSED] - response = req_data.getResponseText(): null

2022-11-22 14:41:32 - [TEST_STEP][PASSED] - logInfo($response): {"status":"Done","data":{"requestid1":"241585","requestid2":""}}

2022-11-22 14:41:32 - [MESSAGE][INFO] - {"status":"Done","data":{"requestid1":"241585","requestid2":""}}

2022-11-22 14:41:32 - [TEST_STEP][PASSED] - delay(3): Delayed 3 second(s)

2022-11-22 14:41:35 - [MESSAGE][PASSED] - Delayed 3 second(s)

2022-11-22 14:41:35 - [TEST_STEP][PASSED] - scoring = sendRequest(findTestObject("EngineScore", ["response_searchME_kons":response_searchME_kons, "response_searchME_spouse":response_searchME_spouse])): Send request successfully

2022-11-22 14:41:36 - [MESSAGE][INFO] - HAR: D:\DMS\Engine Scoring\Reports\20221122_143755\Exclude KKB - DS\Scoring Individu - CS\20221122_143756\requests\main\89.har

2022-11-22 14:41:36 - [MESSAGE][PASSED] - Send request successfully

2022-11-22 14:41:36 - [TEST_STEP][PASSED] - verifyResponseStatusCode(scoring, 200): Verify response status code successfully

2022-11-22 14:41:36 - [MESSAGE][PASSED] - Verify response status code successfully

2022-11-22 14:41:36 - [TEST_STEP][PASSED] - response2 = scoring.getResponseText(): null

2022-11-22 14:41:36 - [TEST_STEP][PASSED] - markPassed("result service data ke : " + no): result service data ke : 45

2022-11-22 14:41:36 - [MESSAGE][PASSED] - result service data ke : 45

2022-11-22 14:41:36 - [TEST_STEP][PASSED] - logInfo($response2): {"result_konsumen":"Reject","result_pasangan":"","Final_result":"Reject","errorMessage":"","status":"Done"}

2022-11-22 14:41:36 - [MESSAGE][INFO] - {"result_konsumen":"Reject","result_pasangan":"","Final_result":"Reject","errorMessage":"","status":"Done"}

2022-11-22 14:41:36 - [TEST_STEP][PASSED] - verifyElementPropertyValue(scoring, "Final_result", final_result): Verify element property value successfully

2022-11-22 14:41:36 - [MESSAGE][PASSED] - Verify element property value successfully]]></system-out>
         <system-err><![CDATA[]]></system-err>
      </testcase>
      <testcase name="Test Cases/Engine_Scoring/Engine Scoring" time="4.588" classname="Test Cases/Engine_Scoring/Engine Scoring" status="PASSED">
         <system-out><![CDATA[2022-11-22 14:41:36 - [TEST_CASE][PASSED] - Test Cases/Engine_Scoring/Engine Scoring: Test Cases/Engine_Scoring/Engine Scoring

2022-11-22 14:41:36 - [TEST_STEP][PASSED] - markPassed("Variasi data ke : " + no): Variasi data ke : 46

2022-11-22 14:41:36 - [MESSAGE][PASSED] - Variasi data ke : 46

2022-11-22 14:41:36 - [TEST_STEP][PASSED] - req_data = sendRequest(findTestObject("Search_ME", ["MID":MID, "source":source, "ip":ip, "userid":userid, "branch":branch, "tipekons":tipekons, "marital":marital, "penjamin":penjamin, ... ])): Send request successfully

2022-11-22 14:41:37 - [MESSAGE][INFO] - HAR: D:\DMS\Engine Scoring\Reports\20221122_143755\Exclude KKB - DS\Scoring Individu - CS\20221122_143756\requests\main\90.har

2022-11-22 14:41:37 - [MESSAGE][PASSED] - Send request successfully

2022-11-22 14:41:37 - [TEST_STEP][PASSED] - slurper = new groovy.json.JsonSlurper(): null

2022-11-22 14:41:37 - [TEST_STEP][PASSED] - result = slurper.parseText(req_data.getResponseBodyContent()): null

2022-11-22 14:41:37 - [TEST_STEP][PASSED] - reqid_kons = requestid1: null

2022-11-22 14:41:37 - [TEST_STEP][PASSED] - reqid_spouse = requestid2: null

2022-11-22 14:41:37 - [TEST_STEP][PASSED] - println("requestid kons : " + reqid_kons): null

2022-11-22 14:41:37 - [TEST_STEP][PASSED] - response_searchME_kons = reqid_kons: null

2022-11-22 14:41:37 - [TEST_STEP][PASSED] - response_searchME_spouse = reqid_spouse: null

2022-11-22 14:41:37 - [TEST_STEP][PASSED] - println("kons req id is :" + response_searchME_kons): null

2022-11-22 14:41:37 - [TEST_STEP][PASSED] - println("spouse req id is : " + response_searchME_spouse): null

2022-11-22 14:41:37 - [TEST_STEP][PASSED] - verifyResponseStatusCode(req_data, 200): Verify response status code successfully

2022-11-22 14:41:37 - [MESSAGE][PASSED] - Verify response status code successfully

2022-11-22 14:41:37 - [TEST_STEP][PASSED] - response = req_data.getResponseText(): null

2022-11-22 14:41:37 - [TEST_STEP][PASSED] - logInfo($response): {"status":"Done","data":{"requestid1":"241586","requestid2":""}}

2022-11-22 14:41:37 - [MESSAGE][INFO] - {"status":"Done","data":{"requestid1":"241586","requestid2":""}}

2022-11-22 14:41:37 - [TEST_STEP][PASSED] - delay(3): Delayed 3 second(s)

2022-11-22 14:41:40 - [MESSAGE][PASSED] - Delayed 3 second(s)

2022-11-22 14:41:40 - [TEST_STEP][PASSED] - scoring = sendRequest(findTestObject("EngineScore", ["response_searchME_kons":response_searchME_kons, "response_searchME_spouse":response_searchME_spouse])): Send request successfully

2022-11-22 14:41:40 - [MESSAGE][INFO] - HAR: D:\DMS\Engine Scoring\Reports\20221122_143755\Exclude KKB - DS\Scoring Individu - CS\20221122_143756\requests\main\91.har

2022-11-22 14:41:40 - [MESSAGE][PASSED] - Send request successfully

2022-11-22 14:41:40 - [TEST_STEP][PASSED] - verifyResponseStatusCode(scoring, 200): Verify response status code successfully

2022-11-22 14:41:40 - [MESSAGE][PASSED] - Verify response status code successfully

2022-11-22 14:41:40 - [TEST_STEP][PASSED] - response2 = scoring.getResponseText(): null

2022-11-22 14:41:40 - [TEST_STEP][PASSED] - markPassed("result service data ke : " + no): result service data ke : 46

2022-11-22 14:41:40 - [MESSAGE][PASSED] - result service data ke : 46

2022-11-22 14:41:40 - [TEST_STEP][PASSED] - logInfo($response2): {"result_konsumen":"Reject","result_pasangan":"","Final_result":"Reject","errorMessage":"","status":"Done"}

2022-11-22 14:41:40 - [MESSAGE][INFO] - {"result_konsumen":"Reject","result_pasangan":"","Final_result":"Reject","errorMessage":"","status":"Done"}

2022-11-22 14:41:40 - [TEST_STEP][PASSED] - verifyElementPropertyValue(scoring, "Final_result", final_result): Verify element property value successfully

2022-11-22 14:41:40 - [MESSAGE][PASSED] - Verify element property value successfully]]></system-out>
         <system-err><![CDATA[]]></system-err>
      </testcase>
      <testcase name="Test Cases/Engine_Scoring/Engine Scoring" time="4.679" classname="Test Cases/Engine_Scoring/Engine Scoring" status="PASSED">
         <system-out><![CDATA[2022-11-22 14:41:40 - [TEST_CASE][PASSED] - Test Cases/Engine_Scoring/Engine Scoring: Test Cases/Engine_Scoring/Engine Scoring

2022-11-22 14:41:41 - [TEST_STEP][PASSED] - markPassed("Variasi data ke : " + no): Variasi data ke : 47

2022-11-22 14:41:41 - [MESSAGE][PASSED] - Variasi data ke : 47

2022-11-22 14:41:41 - [TEST_STEP][PASSED] - req_data = sendRequest(findTestObject("Search_ME", ["MID":MID, "source":source, "ip":ip, "userid":userid, "branch":branch, "tipekons":tipekons, "marital":marital, "penjamin":penjamin, ... ])): Send request successfully

2022-11-22 14:41:42 - [MESSAGE][INFO] - HAR: D:\DMS\Engine Scoring\Reports\20221122_143755\Exclude KKB - DS\Scoring Individu - CS\20221122_143756\requests\main\92.har

2022-11-22 14:41:42 - [MESSAGE][PASSED] - Send request successfully

2022-11-22 14:41:42 - [TEST_STEP][PASSED] - slurper = new groovy.json.JsonSlurper(): null

2022-11-22 14:41:42 - [TEST_STEP][PASSED] - result = slurper.parseText(req_data.getResponseBodyContent()): null

2022-11-22 14:41:42 - [TEST_STEP][PASSED] - reqid_kons = requestid1: null

2022-11-22 14:41:42 - [TEST_STEP][PASSED] - reqid_spouse = requestid2: null

2022-11-22 14:41:42 - [TEST_STEP][PASSED] - println("requestid kons : " + reqid_kons): null

2022-11-22 14:41:42 - [TEST_STEP][PASSED] - response_searchME_kons = reqid_kons: null

2022-11-22 14:41:42 - [TEST_STEP][PASSED] - response_searchME_spouse = reqid_spouse: null

2022-11-22 14:41:42 - [TEST_STEP][PASSED] - println("kons req id is :" + response_searchME_kons): null

2022-11-22 14:41:42 - [TEST_STEP][PASSED] - println("spouse req id is : " + response_searchME_spouse): null

2022-11-22 14:41:42 - [TEST_STEP][PASSED] - verifyResponseStatusCode(req_data, 200): Verify response status code successfully

2022-11-22 14:41:42 - [MESSAGE][PASSED] - Verify response status code successfully

2022-11-22 14:41:42 - [TEST_STEP][PASSED] - response = req_data.getResponseText(): null

2022-11-22 14:41:42 - [TEST_STEP][PASSED] - logInfo($response): {"status":"Done","data":{"requestid1":"241587","requestid2":""}}

2022-11-22 14:41:42 - [MESSAGE][INFO] - {"status":"Done","data":{"requestid1":"241587","requestid2":""}}

2022-11-22 14:41:42 - [TEST_STEP][PASSED] - delay(3): Delayed 3 second(s)

2022-11-22 14:41:45 - [MESSAGE][PASSED] - Delayed 3 second(s)

2022-11-22 14:41:45 - [TEST_STEP][PASSED] - scoring = sendRequest(findTestObject("EngineScore", ["response_searchME_kons":response_searchME_kons, "response_searchME_spouse":response_searchME_spouse])): Send request successfully

2022-11-22 14:41:45 - [MESSAGE][INFO] - HAR: D:\DMS\Engine Scoring\Reports\20221122_143755\Exclude KKB - DS\Scoring Individu - CS\20221122_143756\requests\main\93.har

2022-11-22 14:41:45 - [MESSAGE][PASSED] - Send request successfully

2022-11-22 14:41:45 - [TEST_STEP][PASSED] - verifyResponseStatusCode(scoring, 200): Verify response status code successfully

2022-11-22 14:41:45 - [MESSAGE][PASSED] - Verify response status code successfully

2022-11-22 14:41:45 - [TEST_STEP][PASSED] - response2 = scoring.getResponseText(): null

2022-11-22 14:41:45 - [TEST_STEP][PASSED] - markPassed("result service data ke : " + no): result service data ke : 47

2022-11-22 14:41:45 - [MESSAGE][PASSED] - result service data ke : 47

2022-11-22 14:41:45 - [TEST_STEP][PASSED] - logInfo($response2): {"result_konsumen":"Reject","result_pasangan":"","Final_result":"Reject","errorMessage":"","status":"Done"}

2022-11-22 14:41:45 - [MESSAGE][INFO] - {"result_konsumen":"Reject","result_pasangan":"","Final_result":"Reject","errorMessage":"","status":"Done"}

2022-11-22 14:41:45 - [TEST_STEP][PASSED] - verifyElementPropertyValue(scoring, "Final_result", final_result): Verify element property value successfully

2022-11-22 14:41:45 - [MESSAGE][PASSED] - Verify element property value successfully]]></system-out>
         <system-err><![CDATA[]]></system-err>
      </testcase>
      <testcase name="Test Cases/Engine_Scoring/Engine Scoring" time="4.715" classname="Test Cases/Engine_Scoring/Engine Scoring" status="PASSED">
         <system-out><![CDATA[2022-11-22 14:41:45 - [TEST_CASE][PASSED] - Test Cases/Engine_Scoring/Engine Scoring: Test Cases/Engine_Scoring/Engine Scoring

2022-11-22 14:41:46 - [TEST_STEP][PASSED] - markPassed("Variasi data ke : " + no): Variasi data ke : 48

2022-11-22 14:41:46 - [MESSAGE][PASSED] - Variasi data ke : 48

2022-11-22 14:41:46 - [TEST_STEP][PASSED] - req_data = sendRequest(findTestObject("Search_ME", ["MID":MID, "source":source, "ip":ip, "userid":userid, "branch":branch, "tipekons":tipekons, "marital":marital, "penjamin":penjamin, ... ])): Send request successfully

2022-11-22 14:41:47 - [MESSAGE][INFO] - HAR: D:\DMS\Engine Scoring\Reports\20221122_143755\Exclude KKB - DS\Scoring Individu - CS\20221122_143756\requests\main\94.har

2022-11-22 14:41:47 - [MESSAGE][PASSED] - Send request successfully

2022-11-22 14:41:47 - [TEST_STEP][PASSED] - slurper = new groovy.json.JsonSlurper(): null

2022-11-22 14:41:47 - [TEST_STEP][PASSED] - result = slurper.parseText(req_data.getResponseBodyContent()): null

2022-11-22 14:41:47 - [TEST_STEP][PASSED] - reqid_kons = requestid1: null

2022-11-22 14:41:47 - [TEST_STEP][PASSED] - reqid_spouse = requestid2: null

2022-11-22 14:41:47 - [TEST_STEP][PASSED] - println("requestid kons : " + reqid_kons): null

2022-11-22 14:41:47 - [TEST_STEP][PASSED] - response_searchME_kons = reqid_kons: null

2022-11-22 14:41:47 - [TEST_STEP][PASSED] - response_searchME_spouse = reqid_spouse: null

2022-11-22 14:41:47 - [TEST_STEP][PASSED] - println("kons req id is :" + response_searchME_kons): null

2022-11-22 14:41:47 - [TEST_STEP][PASSED] - println("spouse req id is : " + response_searchME_spouse): null

2022-11-22 14:41:47 - [TEST_STEP][PASSED] - verifyResponseStatusCode(req_data, 200): Verify response status code successfully

2022-11-22 14:41:47 - [MESSAGE][PASSED] - Verify response status code successfully

2022-11-22 14:41:47 - [TEST_STEP][PASSED] - response = req_data.getResponseText(): null

2022-11-22 14:41:47 - [TEST_STEP][PASSED] - logInfo($response): {"status":"Done","data":{"requestid1":"241588","requestid2":""}}

2022-11-22 14:41:47 - [MESSAGE][INFO] - {"status":"Done","data":{"requestid1":"241588","requestid2":""}}

2022-11-22 14:41:47 - [TEST_STEP][PASSED] - delay(3): Delayed 3 second(s)

2022-11-22 14:41:50 - [MESSAGE][PASSED] - Delayed 3 second(s)

2022-11-22 14:41:50 - [TEST_STEP][PASSED] - scoring = sendRequest(findTestObject("EngineScore", ["response_searchME_kons":response_searchME_kons, "response_searchME_spouse":response_searchME_spouse])): Send request successfully

2022-11-22 14:41:50 - [MESSAGE][INFO] - HAR: D:\DMS\Engine Scoring\Reports\20221122_143755\Exclude KKB - DS\Scoring Individu - CS\20221122_143756\requests\main\95.har

2022-11-22 14:41:50 - [MESSAGE][PASSED] - Send request successfully

2022-11-22 14:41:50 - [TEST_STEP][PASSED] - verifyResponseStatusCode(scoring, 200): Verify response status code successfully

2022-11-22 14:41:50 - [MESSAGE][PASSED] - Verify response status code successfully

2022-11-22 14:41:50 - [TEST_STEP][PASSED] - response2 = scoring.getResponseText(): null

2022-11-22 14:41:50 - [TEST_STEP][PASSED] - markPassed("result service data ke : " + no): result service data ke : 48

2022-11-22 14:41:50 - [MESSAGE][PASSED] - result service data ke : 48

2022-11-22 14:41:50 - [TEST_STEP][PASSED] - logInfo($response2): {"result_konsumen":"Reject","result_pasangan":"","Final_result":"Reject","errorMessage":"","status":"Done"}

2022-11-22 14:41:50 - [MESSAGE][INFO] - {"result_konsumen":"Reject","result_pasangan":"","Final_result":"Reject","errorMessage":"","status":"Done"}

2022-11-22 14:41:50 - [TEST_STEP][PASSED] - verifyElementPropertyValue(scoring, "Final_result", final_result): Verify element property value successfully

2022-11-22 14:41:50 - [MESSAGE][PASSED] - Verify element property value successfully]]></system-out>
         <system-err><![CDATA[]]></system-err>
      </testcase>
      <testcase name="Test Cases/Engine_Scoring/Engine Scoring" time="4.769" classname="Test Cases/Engine_Scoring/Engine Scoring" status="PASSED">
         <system-out><![CDATA[2022-11-22 14:41:50 - [TEST_CASE][PASSED] - Test Cases/Engine_Scoring/Engine Scoring: Test Cases/Engine_Scoring/Engine Scoring

2022-11-22 14:41:51 - [TEST_STEP][PASSED] - markPassed("Variasi data ke : " + no): Variasi data ke : 49

2022-11-22 14:41:51 - [MESSAGE][PASSED] - Variasi data ke : 49

2022-11-22 14:41:51 - [TEST_STEP][PASSED] - req_data = sendRequest(findTestObject("Search_ME", ["MID":MID, "source":source, "ip":ip, "userid":userid, "branch":branch, "tipekons":tipekons, "marital":marital, "penjamin":penjamin, ... ])): Send request successfully

2022-11-22 14:41:51 - [MESSAGE][INFO] - HAR: D:\DMS\Engine Scoring\Reports\20221122_143755\Exclude KKB - DS\Scoring Individu - CS\20221122_143756\requests\main\96.har

2022-11-22 14:41:51 - [MESSAGE][PASSED] - Send request successfully

2022-11-22 14:41:51 - [TEST_STEP][PASSED] - slurper = new groovy.json.JsonSlurper(): null

2022-11-22 14:41:51 - [TEST_STEP][PASSED] - result = slurper.parseText(req_data.getResponseBodyContent()): null

2022-11-22 14:41:51 - [TEST_STEP][PASSED] - reqid_kons = requestid1: null

2022-11-22 14:41:51 - [TEST_STEP][PASSED] - reqid_spouse = requestid2: null

2022-11-22 14:41:51 - [TEST_STEP][PASSED] - println("requestid kons : " + reqid_kons): null

2022-11-22 14:41:51 - [TEST_STEP][PASSED] - response_searchME_kons = reqid_kons: null

2022-11-22 14:41:51 - [TEST_STEP][PASSED] - response_searchME_spouse = reqid_spouse: null

2022-11-22 14:41:51 - [TEST_STEP][PASSED] - println("kons req id is :" + response_searchME_kons): null

2022-11-22 14:41:51 - [TEST_STEP][PASSED] - println("spouse req id is : " + response_searchME_spouse): null

2022-11-22 14:41:51 - [TEST_STEP][PASSED] - verifyResponseStatusCode(req_data, 200): Verify response status code successfully

2022-11-22 14:41:51 - [MESSAGE][PASSED] - Verify response status code successfully

2022-11-22 14:41:51 - [TEST_STEP][PASSED] - response = req_data.getResponseText(): null

2022-11-22 14:41:51 - [TEST_STEP][PASSED] - logInfo($response): {"status":"Done","data":{"requestid1":"241589","requestid2":""}}

2022-11-22 14:41:51 - [MESSAGE][INFO] - {"status":"Done","data":{"requestid1":"241589","requestid2":""}}

2022-11-22 14:41:51 - [TEST_STEP][PASSED] - delay(3): Delayed 3 second(s)

2022-11-22 14:41:54 - [MESSAGE][PASSED] - Delayed 3 second(s)

2022-11-22 14:41:54 - [TEST_STEP][PASSED] - scoring = sendRequest(findTestObject("EngineScore", ["response_searchME_kons":response_searchME_kons, "response_searchME_spouse":response_searchME_spouse])): Send request successfully

2022-11-22 14:41:55 - [MESSAGE][INFO] - HAR: D:\DMS\Engine Scoring\Reports\20221122_143755\Exclude KKB - DS\Scoring Individu - CS\20221122_143756\requests\main\97.har

2022-11-22 14:41:55 - [MESSAGE][PASSED] - Send request successfully

2022-11-22 14:41:55 - [TEST_STEP][PASSED] - verifyResponseStatusCode(scoring, 200): Verify response status code successfully

2022-11-22 14:41:55 - [MESSAGE][PASSED] - Verify response status code successfully

2022-11-22 14:41:55 - [TEST_STEP][PASSED] - response2 = scoring.getResponseText(): null

2022-11-22 14:41:55 - [TEST_STEP][PASSED] - markPassed("result service data ke : " + no): result service data ke : 49

2022-11-22 14:41:55 - [MESSAGE][PASSED] - result service data ke : 49

2022-11-22 14:41:55 - [TEST_STEP][PASSED] - logInfo($response2): {"result_konsumen":"Approve","result_pasangan":"","Final_result":"Approve","errorMessage":"","status":"Done"}

2022-11-22 14:41:55 - [MESSAGE][INFO] - {"result_konsumen":"Approve","result_pasangan":"","Final_result":"Approve","errorMessage":"","status":"Done"}

2022-11-22 14:41:55 - [TEST_STEP][PASSED] - verifyElementPropertyValue(scoring, "Final_result", final_result): Verify element property value successfully

2022-11-22 14:41:55 - [MESSAGE][PASSED] - Verify element property value successfully]]></system-out>
         <system-err><![CDATA[]]></system-err>
      </testcase>
      <testcase name="Test Cases/Engine_Scoring/Engine Scoring" time="6.933" classname="Test Cases/Engine_Scoring/Engine Scoring" status="PASSED">
         <system-out><![CDATA[2022-11-22 14:41:55 - [TEST_CASE][PASSED] - Test Cases/Engine_Scoring/Engine Scoring: Test Cases/Engine_Scoring/Engine Scoring

2022-11-22 14:41:55 - [TEST_STEP][PASSED] - markPassed("Variasi data ke : " + no): Variasi data ke : 50

2022-11-22 14:41:55 - [MESSAGE][PASSED] - Variasi data ke : 50

2022-11-22 14:41:55 - [TEST_STEP][PASSED] - req_data = sendRequest(findTestObject("Search_ME", ["MID":MID, "source":source, "ip":ip, "userid":userid, "branch":branch, "tipekons":tipekons, "marital":marital, "penjamin":penjamin, ... ])): Send request successfully

2022-11-22 14:41:58 - [MESSAGE][INFO] - HAR: D:\DMS\Engine Scoring\Reports\20221122_143755\Exclude KKB - DS\Scoring Individu - CS\20221122_143756\requests\main\98.har

2022-11-22 14:41:58 - [MESSAGE][PASSED] - Send request successfully

2022-11-22 14:41:58 - [TEST_STEP][PASSED] - slurper = new groovy.json.JsonSlurper(): null

2022-11-22 14:41:58 - [TEST_STEP][PASSED] - result = slurper.parseText(req_data.getResponseBodyContent()): null

2022-11-22 14:41:58 - [TEST_STEP][PASSED] - reqid_kons = requestid1: null

2022-11-22 14:41:58 - [TEST_STEP][PASSED] - reqid_spouse = requestid2: null

2022-11-22 14:41:58 - [TEST_STEP][PASSED] - println("requestid kons : " + reqid_kons): null

2022-11-22 14:41:58 - [TEST_STEP][PASSED] - response_searchME_kons = reqid_kons: null

2022-11-22 14:41:58 - [TEST_STEP][PASSED] - response_searchME_spouse = reqid_spouse: null

2022-11-22 14:41:58 - [TEST_STEP][PASSED] - println("kons req id is :" + response_searchME_kons): null

2022-11-22 14:41:58 - [TEST_STEP][PASSED] - println("spouse req id is : " + response_searchME_spouse): null

2022-11-22 14:41:58 - [TEST_STEP][PASSED] - verifyResponseStatusCode(req_data, 200): Verify response status code successfully

2022-11-22 14:41:58 - [MESSAGE][PASSED] - Verify response status code successfully

2022-11-22 14:41:58 - [TEST_STEP][PASSED] - response = req_data.getResponseText(): null

2022-11-22 14:41:58 - [TEST_STEP][PASSED] - logInfo($response): {"status":"Done","data":{"requestid1":"241590","requestid2":""}}

2022-11-22 14:41:58 - [MESSAGE][INFO] - {"status":"Done","data":{"requestid1":"241590","requestid2":""}}

2022-11-22 14:41:58 - [TEST_STEP][PASSED] - delay(3): Delayed 3 second(s)

2022-11-22 14:42:01 - [MESSAGE][PASSED] - Delayed 3 second(s)

2022-11-22 14:42:01 - [TEST_STEP][PASSED] - scoring = sendRequest(findTestObject("EngineScore", ["response_searchME_kons":response_searchME_kons, "response_searchME_spouse":response_searchME_spouse])): Send request successfully

2022-11-22 14:42:01 - [MESSAGE][INFO] - HAR: D:\DMS\Engine Scoring\Reports\20221122_143755\Exclude KKB - DS\Scoring Individu - CS\20221122_143756\requests\main\99.har

2022-11-22 14:42:01 - [MESSAGE][PASSED] - Send request successfully

2022-11-22 14:42:01 - [TEST_STEP][PASSED] - verifyResponseStatusCode(scoring, 200): Verify response status code successfully

2022-11-22 14:42:01 - [MESSAGE][PASSED] - Verify response status code successfully

2022-11-22 14:42:01 - [TEST_STEP][PASSED] - response2 = scoring.getResponseText(): null

2022-11-22 14:42:01 - [TEST_STEP][PASSED] - markPassed("result service data ke : " + no): result service data ke : 50

2022-11-22 14:42:01 - [MESSAGE][PASSED] - result service data ke : 50

2022-11-22 14:42:01 - [TEST_STEP][PASSED] - logInfo($response2): {"result_konsumen":"Approve","result_pasangan":"","Final_result":"Approve","errorMessage":"","status":"Done"}

2022-11-22 14:42:01 - [MESSAGE][INFO] - {"result_konsumen":"Approve","result_pasangan":"","Final_result":"Approve","errorMessage":"","status":"Done"}

2022-11-22 14:42:01 - [TEST_STEP][PASSED] - verifyElementPropertyValue(scoring, "Final_result", final_result): Verify element property value successfully

2022-11-22 14:42:01 - [MESSAGE][PASSED] - Verify element property value successfully]]></system-out>
         <system-err><![CDATA[]]></system-err>
      </testcase>
      <testcase name="Test Cases/Engine_Scoring/Engine Scoring" time="4.758" classname="Test Cases/Engine_Scoring/Engine Scoring" status="PASSED">
         <system-out><![CDATA[2022-11-22 14:42:02 - [TEST_CASE][PASSED] - Test Cases/Engine_Scoring/Engine Scoring: Test Cases/Engine_Scoring/Engine Scoring

2022-11-22 14:42:02 - [TEST_STEP][PASSED] - markPassed("Variasi data ke : " + no): Variasi data ke : 51

2022-11-22 14:42:02 - [MESSAGE][PASSED] - Variasi data ke : 51

2022-11-22 14:42:02 - [TEST_STEP][PASSED] - req_data = sendRequest(findTestObject("Search_ME", ["MID":MID, "source":source, "ip":ip, "userid":userid, "branch":branch, "tipekons":tipekons, "marital":marital, "penjamin":penjamin, ... ])): Send request successfully

2022-11-22 14:42:03 - [MESSAGE][INFO] - HAR: D:\DMS\Engine Scoring\Reports\20221122_143755\Exclude KKB - DS\Scoring Individu - CS\20221122_143756\requests\main\100.har

2022-11-22 14:42:03 - [MESSAGE][PASSED] - Send request successfully

2022-11-22 14:42:03 - [TEST_STEP][PASSED] - slurper = new groovy.json.JsonSlurper(): null

2022-11-22 14:42:03 - [TEST_STEP][PASSED] - result = slurper.parseText(req_data.getResponseBodyContent()): null

2022-11-22 14:42:03 - [TEST_STEP][PASSED] - reqid_kons = requestid1: null

2022-11-22 14:42:03 - [TEST_STEP][PASSED] - reqid_spouse = requestid2: null

2022-11-22 14:42:03 - [TEST_STEP][PASSED] - println("requestid kons : " + reqid_kons): null

2022-11-22 14:42:03 - [TEST_STEP][PASSED] - response_searchME_kons = reqid_kons: null

2022-11-22 14:42:03 - [TEST_STEP][PASSED] - response_searchME_spouse = reqid_spouse: null

2022-11-22 14:42:03 - [TEST_STEP][PASSED] - println("kons req id is :" + response_searchME_kons): null

2022-11-22 14:42:03 - [TEST_STEP][PASSED] - println("spouse req id is : " + response_searchME_spouse): null

2022-11-22 14:42:03 - [TEST_STEP][PASSED] - verifyResponseStatusCode(req_data, 200): Verify response status code successfully

2022-11-22 14:42:03 - [MESSAGE][PASSED] - Verify response status code successfully

2022-11-22 14:42:03 - [TEST_STEP][PASSED] - response = req_data.getResponseText(): null

2022-11-22 14:42:03 - [TEST_STEP][PASSED] - logInfo($response): {"status":"Done","data":{"requestid1":"241591","requestid2":""}}

2022-11-22 14:42:03 - [MESSAGE][INFO] - {"status":"Done","data":{"requestid1":"241591","requestid2":""}}

2022-11-22 14:42:03 - [TEST_STEP][PASSED] - delay(3): Delayed 3 second(s)

2022-11-22 14:42:06 - [MESSAGE][PASSED] - Delayed 3 second(s)

2022-11-22 14:42:06 - [TEST_STEP][PASSED] - scoring = sendRequest(findTestObject("EngineScore", ["response_searchME_kons":response_searchME_kons, "response_searchME_spouse":response_searchME_spouse])): Send request successfully

2022-11-22 14:42:06 - [MESSAGE][INFO] - HAR: D:\DMS\Engine Scoring\Reports\20221122_143755\Exclude KKB - DS\Scoring Individu - CS\20221122_143756\requests\main\101.har

2022-11-22 14:42:06 - [MESSAGE][PASSED] - Send request successfully

2022-11-22 14:42:06 - [TEST_STEP][PASSED] - verifyResponseStatusCode(scoring, 200): Verify response status code successfully

2022-11-22 14:42:06 - [MESSAGE][PASSED] - Verify response status code successfully

2022-11-22 14:42:06 - [TEST_STEP][PASSED] - response2 = scoring.getResponseText(): null

2022-11-22 14:42:06 - [TEST_STEP][PASSED] - markPassed("result service data ke : " + no): result service data ke : 51

2022-11-22 14:42:06 - [MESSAGE][PASSED] - result service data ke : 51

2022-11-22 14:42:06 - [TEST_STEP][PASSED] - logInfo($response2): {"result_konsumen":"Approve","result_pasangan":"","Final_result":"Approve","errorMessage":"","status":"Done"}

2022-11-22 14:42:06 - [MESSAGE][INFO] - {"result_konsumen":"Approve","result_pasangan":"","Final_result":"Approve","errorMessage":"","status":"Done"}

2022-11-22 14:42:06 - [TEST_STEP][PASSED] - verifyElementPropertyValue(scoring, "Final_result", final_result): Verify element property value successfully

2022-11-22 14:42:06 - [MESSAGE][PASSED] - Verify element property value successfully]]></system-out>
         <system-err><![CDATA[]]></system-err>
      </testcase>
      <testcase name="Test Cases/Engine_Scoring/Engine Scoring" time="4.668" classname="Test Cases/Engine_Scoring/Engine Scoring" status="PASSED">
         <system-out><![CDATA[2022-11-22 14:42:06 - [TEST_CASE][PASSED] - Test Cases/Engine_Scoring/Engine Scoring: Test Cases/Engine_Scoring/Engine Scoring

2022-11-22 14:42:07 - [TEST_STEP][PASSED] - markPassed("Variasi data ke : " + no): Variasi data ke : 52

2022-11-22 14:42:07 - [MESSAGE][PASSED] - Variasi data ke : 52

2022-11-22 14:42:07 - [TEST_STEP][PASSED] - req_data = sendRequest(findTestObject("Search_ME", ["MID":MID, "source":source, "ip":ip, "userid":userid, "branch":branch, "tipekons":tipekons, "marital":marital, "penjamin":penjamin, ... ])): Send request successfully

2022-11-22 14:42:08 - [MESSAGE][INFO] - HAR: D:\DMS\Engine Scoring\Reports\20221122_143755\Exclude KKB - DS\Scoring Individu - CS\20221122_143756\requests\main\102.har

2022-11-22 14:42:08 - [MESSAGE][PASSED] - Send request successfully

2022-11-22 14:42:08 - [TEST_STEP][PASSED] - slurper = new groovy.json.JsonSlurper(): null

2022-11-22 14:42:08 - [TEST_STEP][PASSED] - result = slurper.parseText(req_data.getResponseBodyContent()): null

2022-11-22 14:42:08 - [TEST_STEP][PASSED] - reqid_kons = requestid1: null

2022-11-22 14:42:08 - [TEST_STEP][PASSED] - reqid_spouse = requestid2: null

2022-11-22 14:42:08 - [TEST_STEP][PASSED] - println("requestid kons : " + reqid_kons): null

2022-11-22 14:42:08 - [TEST_STEP][PASSED] - response_searchME_kons = reqid_kons: null

2022-11-22 14:42:08 - [TEST_STEP][PASSED] - response_searchME_spouse = reqid_spouse: null

2022-11-22 14:42:08 - [TEST_STEP][PASSED] - println("kons req id is :" + response_searchME_kons): null

2022-11-22 14:42:08 - [TEST_STEP][PASSED] - println("spouse req id is : " + response_searchME_spouse): null

2022-11-22 14:42:08 - [TEST_STEP][PASSED] - verifyResponseStatusCode(req_data, 200): Verify response status code successfully

2022-11-22 14:42:08 - [MESSAGE][PASSED] - Verify response status code successfully

2022-11-22 14:42:08 - [TEST_STEP][PASSED] - response = req_data.getResponseText(): null

2022-11-22 14:42:08 - [TEST_STEP][PASSED] - logInfo($response): {"status":"Done","data":{"requestid1":"241592","requestid2":""}}

2022-11-22 14:42:08 - [MESSAGE][INFO] - {"status":"Done","data":{"requestid1":"241592","requestid2":""}}

2022-11-22 14:42:08 - [TEST_STEP][PASSED] - delay(3): Delayed 3 second(s)

2022-11-22 14:42:11 - [MESSAGE][PASSED] - Delayed 3 second(s)

2022-11-22 14:42:11 - [TEST_STEP][PASSED] - scoring = sendRequest(findTestObject("EngineScore", ["response_searchME_kons":response_searchME_kons, "response_searchME_spouse":response_searchME_spouse])): Send request successfully

2022-11-22 14:42:11 - [MESSAGE][INFO] - HAR: D:\DMS\Engine Scoring\Reports\20221122_143755\Exclude KKB - DS\Scoring Individu - CS\20221122_143756\requests\main\103.har

2022-11-22 14:42:11 - [MESSAGE][PASSED] - Send request successfully

2022-11-22 14:42:11 - [TEST_STEP][PASSED] - verifyResponseStatusCode(scoring, 200): Verify response status code successfully

2022-11-22 14:42:11 - [MESSAGE][PASSED] - Verify response status code successfully

2022-11-22 14:42:11 - [TEST_STEP][PASSED] - response2 = scoring.getResponseText(): null

2022-11-22 14:42:11 - [TEST_STEP][PASSED] - markPassed("result service data ke : " + no): result service data ke : 52

2022-11-22 14:42:11 - [MESSAGE][PASSED] - result service data ke : 52

2022-11-22 14:42:11 - [TEST_STEP][PASSED] - logInfo($response2): {"result_konsumen":"Approve","result_pasangan":"","Final_result":"Approve","errorMessage":"","status":"Done"}

2022-11-22 14:42:11 - [MESSAGE][INFO] - {"result_konsumen":"Approve","result_pasangan":"","Final_result":"Approve","errorMessage":"","status":"Done"}

2022-11-22 14:42:11 - [TEST_STEP][PASSED] - verifyElementPropertyValue(scoring, "Final_result", final_result): Verify element property value successfully

2022-11-22 14:42:11 - [MESSAGE][PASSED] - Verify element property value successfully]]></system-out>
         <system-err><![CDATA[]]></system-err>
      </testcase>
      <testcase name="Test Cases/Engine_Scoring/Engine Scoring" time="4.638" classname="Test Cases/Engine_Scoring/Engine Scoring" status="PASSED">
         <system-out><![CDATA[2022-11-22 14:42:11 - [TEST_CASE][PASSED] - Test Cases/Engine_Scoring/Engine Scoring: Test Cases/Engine_Scoring/Engine Scoring

2022-11-22 14:42:12 - [TEST_STEP][PASSED] - markPassed("Variasi data ke : " + no): Variasi data ke : 53

2022-11-22 14:42:12 - [MESSAGE][PASSED] - Variasi data ke : 53

2022-11-22 14:42:12 - [TEST_STEP][PASSED] - req_data = sendRequest(findTestObject("Search_ME", ["MID":MID, "source":source, "ip":ip, "userid":userid, "branch":branch, "tipekons":tipekons, "marital":marital, "penjamin":penjamin, ... ])): Send request successfully

2022-11-22 14:42:13 - [MESSAGE][INFO] - HAR: D:\DMS\Engine Scoring\Reports\20221122_143755\Exclude KKB - DS\Scoring Individu - CS\20221122_143756\requests\main\104.har

2022-11-22 14:42:13 - [MESSAGE][PASSED] - Send request successfully

2022-11-22 14:42:13 - [TEST_STEP][PASSED] - slurper = new groovy.json.JsonSlurper(): null

2022-11-22 14:42:13 - [TEST_STEP][PASSED] - result = slurper.parseText(req_data.getResponseBodyContent()): null

2022-11-22 14:42:13 - [TEST_STEP][PASSED] - reqid_kons = requestid1: null

2022-11-22 14:42:13 - [TEST_STEP][PASSED] - reqid_spouse = requestid2: null

2022-11-22 14:42:13 - [TEST_STEP][PASSED] - println("requestid kons : " + reqid_kons): null

2022-11-22 14:42:13 - [TEST_STEP][PASSED] - response_searchME_kons = reqid_kons: null

2022-11-22 14:42:13 - [TEST_STEP][PASSED] - response_searchME_spouse = reqid_spouse: null

2022-11-22 14:42:13 - [TEST_STEP][PASSED] - println("kons req id is :" + response_searchME_kons): null

2022-11-22 14:42:13 - [TEST_STEP][PASSED] - println("spouse req id is : " + response_searchME_spouse): null

2022-11-22 14:42:13 - [TEST_STEP][PASSED] - verifyResponseStatusCode(req_data, 200): Verify response status code successfully

2022-11-22 14:42:13 - [MESSAGE][PASSED] - Verify response status code successfully

2022-11-22 14:42:13 - [TEST_STEP][PASSED] - response = req_data.getResponseText(): null

2022-11-22 14:42:13 - [TEST_STEP][PASSED] - logInfo($response): {"status":"Done","data":{"requestid1":"241593","requestid2":""}}

2022-11-22 14:42:13 - [MESSAGE][INFO] - {"status":"Done","data":{"requestid1":"241593","requestid2":""}}

2022-11-22 14:42:13 - [TEST_STEP][PASSED] - delay(3): Delayed 3 second(s)

2022-11-22 14:42:16 - [MESSAGE][PASSED] - Delayed 3 second(s)

2022-11-22 14:42:16 - [TEST_STEP][PASSED] - scoring = sendRequest(findTestObject("EngineScore", ["response_searchME_kons":response_searchME_kons, "response_searchME_spouse":response_searchME_spouse])): Send request successfully

2022-11-22 14:42:16 - [MESSAGE][INFO] - HAR: D:\DMS\Engine Scoring\Reports\20221122_143755\Exclude KKB - DS\Scoring Individu - CS\20221122_143756\requests\main\105.har

2022-11-22 14:42:16 - [MESSAGE][PASSED] - Send request successfully

2022-11-22 14:42:16 - [TEST_STEP][PASSED] - verifyResponseStatusCode(scoring, 200): Verify response status code successfully

2022-11-22 14:42:16 - [MESSAGE][PASSED] - Verify response status code successfully

2022-11-22 14:42:16 - [TEST_STEP][PASSED] - response2 = scoring.getResponseText(): null

2022-11-22 14:42:16 - [TEST_STEP][PASSED] - markPassed("result service data ke : " + no): result service data ke : 53

2022-11-22 14:42:16 - [MESSAGE][PASSED] - result service data ke : 53

2022-11-22 14:42:16 - [TEST_STEP][PASSED] - logInfo($response2): {"result_konsumen":"Reject","result_pasangan":"","Final_result":"Reject","errorMessage":"","status":"Done"}

2022-11-22 14:42:16 - [MESSAGE][INFO] - {"result_konsumen":"Reject","result_pasangan":"","Final_result":"Reject","errorMessage":"","status":"Done"}

2022-11-22 14:42:16 - [TEST_STEP][PASSED] - verifyElementPropertyValue(scoring, "Final_result", final_result): Verify element property value successfully

2022-11-22 14:42:16 - [MESSAGE][PASSED] - Verify element property value successfully]]></system-out>
         <system-err><![CDATA[]]></system-err>
      </testcase>
      <testcase name="Test Cases/Engine_Scoring/Engine Scoring" time="4.637" classname="Test Cases/Engine_Scoring/Engine Scoring" status="PASSED">
         <system-out><![CDATA[2022-11-22 14:42:16 - [TEST_CASE][PASSED] - Test Cases/Engine_Scoring/Engine Scoring: Test Cases/Engine_Scoring/Engine Scoring

2022-11-22 14:42:16 - [TEST_STEP][PASSED] - markPassed("Variasi data ke : " + no): Variasi data ke : 54

2022-11-22 14:42:16 - [MESSAGE][PASSED] - Variasi data ke : 54

2022-11-22 14:42:16 - [TEST_STEP][PASSED] - req_data = sendRequest(findTestObject("Search_ME", ["MID":MID, "source":source, "ip":ip, "userid":userid, "branch":branch, "tipekons":tipekons, "marital":marital, "penjamin":penjamin, ... ])): Send request successfully

2022-11-22 14:42:17 - [MESSAGE][INFO] - HAR: D:\DMS\Engine Scoring\Reports\20221122_143755\Exclude KKB - DS\Scoring Individu - CS\20221122_143756\requests\main\106.har

2022-11-22 14:42:17 - [MESSAGE][PASSED] - Send request successfully

2022-11-22 14:42:17 - [TEST_STEP][PASSED] - slurper = new groovy.json.JsonSlurper(): null

2022-11-22 14:42:17 - [TEST_STEP][PASSED] - result = slurper.parseText(req_data.getResponseBodyContent()): null

2022-11-22 14:42:17 - [TEST_STEP][PASSED] - reqid_kons = requestid1: null

2022-11-22 14:42:17 - [TEST_STEP][PASSED] - reqid_spouse = requestid2: null

2022-11-22 14:42:17 - [TEST_STEP][PASSED] - println("requestid kons : " + reqid_kons): null

2022-11-22 14:42:17 - [TEST_STEP][PASSED] - response_searchME_kons = reqid_kons: null

2022-11-22 14:42:17 - [TEST_STEP][PASSED] - response_searchME_spouse = reqid_spouse: null

2022-11-22 14:42:17 - [TEST_STEP][PASSED] - println("kons req id is :" + response_searchME_kons): null

2022-11-22 14:42:17 - [TEST_STEP][PASSED] - println("spouse req id is : " + response_searchME_spouse): null

2022-11-22 14:42:17 - [TEST_STEP][PASSED] - verifyResponseStatusCode(req_data, 200): Verify response status code successfully

2022-11-22 14:42:17 - [MESSAGE][PASSED] - Verify response status code successfully

2022-11-22 14:42:17 - [TEST_STEP][PASSED] - response = req_data.getResponseText(): null

2022-11-22 14:42:17 - [TEST_STEP][PASSED] - logInfo($response): {"status":"Done","data":{"requestid1":"241594","requestid2":""}}

2022-11-22 14:42:17 - [MESSAGE][INFO] - {"status":"Done","data":{"requestid1":"241594","requestid2":""}}

2022-11-22 14:42:17 - [TEST_STEP][PASSED] - delay(3): Delayed 3 second(s)

2022-11-22 14:42:20 - [MESSAGE][PASSED] - Delayed 3 second(s)

2022-11-22 14:42:20 - [TEST_STEP][PASSED] - scoring = sendRequest(findTestObject("EngineScore", ["response_searchME_kons":response_searchME_kons, "response_searchME_spouse":response_searchME_spouse])): Send request successfully

2022-11-22 14:42:20 - [MESSAGE][INFO] - HAR: D:\DMS\Engine Scoring\Reports\20221122_143755\Exclude KKB - DS\Scoring Individu - CS\20221122_143756\requests\main\107.har

2022-11-22 14:42:20 - [MESSAGE][PASSED] - Send request successfully

2022-11-22 14:42:20 - [TEST_STEP][PASSED] - verifyResponseStatusCode(scoring, 200): Verify response status code successfully

2022-11-22 14:42:20 - [MESSAGE][PASSED] - Verify response status code successfully

2022-11-22 14:42:20 - [TEST_STEP][PASSED] - response2 = scoring.getResponseText(): null

2022-11-22 14:42:20 - [TEST_STEP][PASSED] - markPassed("result service data ke : " + no): result service data ke : 54

2022-11-22 14:42:20 - [MESSAGE][PASSED] - result service data ke : 54

2022-11-22 14:42:20 - [TEST_STEP][PASSED] - logInfo($response2): {"result_konsumen":"Reject","result_pasangan":"","Final_result":"Reject","errorMessage":"","status":"Done"}

2022-11-22 14:42:20 - [MESSAGE][INFO] - {"result_konsumen":"Reject","result_pasangan":"","Final_result":"Reject","errorMessage":"","status":"Done"}

2022-11-22 14:42:20 - [TEST_STEP][PASSED] - verifyElementPropertyValue(scoring, "Final_result", final_result): Verify element property value successfully

2022-11-22 14:42:20 - [MESSAGE][PASSED] - Verify element property value successfully]]></system-out>
         <system-err><![CDATA[]]></system-err>
      </testcase>
      <testcase name="Test Cases/Engine_Scoring/Engine Scoring" time="4.698" classname="Test Cases/Engine_Scoring/Engine Scoring" status="PASSED">
         <system-out><![CDATA[2022-11-22 14:42:20 - [TEST_CASE][PASSED] - Test Cases/Engine_Scoring/Engine Scoring: Test Cases/Engine_Scoring/Engine Scoring

2022-11-22 14:42:21 - [TEST_STEP][PASSED] - markPassed("Variasi data ke : " + no): Variasi data ke : 55

2022-11-22 14:42:21 - [MESSAGE][PASSED] - Variasi data ke : 55

2022-11-22 14:42:21 - [TEST_STEP][PASSED] - req_data = sendRequest(findTestObject("Search_ME", ["MID":MID, "source":source, "ip":ip, "userid":userid, "branch":branch, "tipekons":tipekons, "marital":marital, "penjamin":penjamin, ... ])): Send request successfully

2022-11-22 14:42:22 - [MESSAGE][INFO] - HAR: D:\DMS\Engine Scoring\Reports\20221122_143755\Exclude KKB - DS\Scoring Individu - CS\20221122_143756\requests\main\108.har

2022-11-22 14:42:22 - [MESSAGE][PASSED] - Send request successfully

2022-11-22 14:42:22 - [TEST_STEP][PASSED] - slurper = new groovy.json.JsonSlurper(): null

2022-11-22 14:42:22 - [TEST_STEP][PASSED] - result = slurper.parseText(req_data.getResponseBodyContent()): null

2022-11-22 14:42:22 - [TEST_STEP][PASSED] - reqid_kons = requestid1: null

2022-11-22 14:42:22 - [TEST_STEP][PASSED] - reqid_spouse = requestid2: null

2022-11-22 14:42:22 - [TEST_STEP][PASSED] - println("requestid kons : " + reqid_kons): null

2022-11-22 14:42:22 - [TEST_STEP][PASSED] - response_searchME_kons = reqid_kons: null

2022-11-22 14:42:22 - [TEST_STEP][PASSED] - response_searchME_spouse = reqid_spouse: null

2022-11-22 14:42:22 - [TEST_STEP][PASSED] - println("kons req id is :" + response_searchME_kons): null

2022-11-22 14:42:22 - [TEST_STEP][PASSED] - println("spouse req id is : " + response_searchME_spouse): null

2022-11-22 14:42:22 - [TEST_STEP][PASSED] - verifyResponseStatusCode(req_data, 200): Verify response status code successfully

2022-11-22 14:42:22 - [MESSAGE][PASSED] - Verify response status code successfully

2022-11-22 14:42:22 - [TEST_STEP][PASSED] - response = req_data.getResponseText(): null

2022-11-22 14:42:22 - [TEST_STEP][PASSED] - logInfo($response): {"status":"Done","data":{"requestid1":"241595","requestid2":""}}

2022-11-22 14:42:22 - [MESSAGE][INFO] - {"status":"Done","data":{"requestid1":"241595","requestid2":""}}

2022-11-22 14:42:22 - [TEST_STEP][PASSED] - delay(3): Delayed 3 second(s)

2022-11-22 14:42:25 - [MESSAGE][PASSED] - Delayed 3 second(s)

2022-11-22 14:42:25 - [TEST_STEP][PASSED] - scoring = sendRequest(findTestObject("EngineScore", ["response_searchME_kons":response_searchME_kons, "response_searchME_spouse":response_searchME_spouse])): Send request successfully

2022-11-22 14:42:25 - [MESSAGE][INFO] - HAR: D:\DMS\Engine Scoring\Reports\20221122_143755\Exclude KKB - DS\Scoring Individu - CS\20221122_143756\requests\main\109.har

2022-11-22 14:42:25 - [MESSAGE][PASSED] - Send request successfully

2022-11-22 14:42:25 - [TEST_STEP][PASSED] - verifyResponseStatusCode(scoring, 200): Verify response status code successfully

2022-11-22 14:42:25 - [MESSAGE][PASSED] - Verify response status code successfully

2022-11-22 14:42:25 - [TEST_STEP][PASSED] - response2 = scoring.getResponseText(): null

2022-11-22 14:42:25 - [TEST_STEP][PASSED] - markPassed("result service data ke : " + no): result service data ke : 55

2022-11-22 14:42:25 - [MESSAGE][PASSED] - result service data ke : 55

2022-11-22 14:42:25 - [TEST_STEP][PASSED] - logInfo($response2): {"result_konsumen":"Reject","result_pasangan":"","Final_result":"Reject","errorMessage":"","status":"Done"}

2022-11-22 14:42:25 - [MESSAGE][INFO] - {"result_konsumen":"Reject","result_pasangan":"","Final_result":"Reject","errorMessage":"","status":"Done"}

2022-11-22 14:42:25 - [TEST_STEP][PASSED] - verifyElementPropertyValue(scoring, "Final_result", final_result): Verify element property value successfully

2022-11-22 14:42:25 - [MESSAGE][PASSED] - Verify element property value successfully]]></system-out>
         <system-err><![CDATA[]]></system-err>
      </testcase>
      <testcase name="Test Cases/Engine_Scoring/Engine Scoring" time="4.68" classname="Test Cases/Engine_Scoring/Engine Scoring" status="PASSED">
         <system-out><![CDATA[2022-11-22 14:42:25 - [TEST_CASE][PASSED] - Test Cases/Engine_Scoring/Engine Scoring: Test Cases/Engine_Scoring/Engine Scoring

2022-11-22 14:42:26 - [TEST_STEP][PASSED] - markPassed("Variasi data ke : " + no): Variasi data ke : 56

2022-11-22 14:42:26 - [MESSAGE][PASSED] - Variasi data ke : 56

2022-11-22 14:42:26 - [TEST_STEP][PASSED] - req_data = sendRequest(findTestObject("Search_ME", ["MID":MID, "source":source, "ip":ip, "userid":userid, "branch":branch, "tipekons":tipekons, "marital":marital, "penjamin":penjamin, ... ])): Send request successfully

2022-11-22 14:42:27 - [MESSAGE][INFO] - HAR: D:\DMS\Engine Scoring\Reports\20221122_143755\Exclude KKB - DS\Scoring Individu - CS\20221122_143756\requests\main\110.har

2022-11-22 14:42:27 - [MESSAGE][PASSED] - Send request successfully

2022-11-22 14:42:27 - [TEST_STEP][PASSED] - slurper = new groovy.json.JsonSlurper(): null

2022-11-22 14:42:27 - [TEST_STEP][PASSED] - result = slurper.parseText(req_data.getResponseBodyContent()): null

2022-11-22 14:42:27 - [TEST_STEP][PASSED] - reqid_kons = requestid1: null

2022-11-22 14:42:27 - [TEST_STEP][PASSED] - reqid_spouse = requestid2: null

2022-11-22 14:42:27 - [TEST_STEP][PASSED] - println("requestid kons : " + reqid_kons): null

2022-11-22 14:42:27 - [TEST_STEP][PASSED] - response_searchME_kons = reqid_kons: null

2022-11-22 14:42:27 - [TEST_STEP][PASSED] - response_searchME_spouse = reqid_spouse: null

2022-11-22 14:42:27 - [TEST_STEP][PASSED] - println("kons req id is :" + response_searchME_kons): null

2022-11-22 14:42:27 - [TEST_STEP][PASSED] - println("spouse req id is : " + response_searchME_spouse): null

2022-11-22 14:42:27 - [TEST_STEP][PASSED] - verifyResponseStatusCode(req_data, 200): Verify response status code successfully

2022-11-22 14:42:27 - [MESSAGE][PASSED] - Verify response status code successfully

2022-11-22 14:42:27 - [TEST_STEP][PASSED] - response = req_data.getResponseText(): null

2022-11-22 14:42:27 - [TEST_STEP][PASSED] - logInfo($response): {"status":"Done","data":{"requestid1":"241596","requestid2":""}}

2022-11-22 14:42:27 - [MESSAGE][INFO] - {"status":"Done","data":{"requestid1":"241596","requestid2":""}}

2022-11-22 14:42:27 - [TEST_STEP][PASSED] - delay(3): Delayed 3 second(s)

2022-11-22 14:42:30 - [MESSAGE][PASSED] - Delayed 3 second(s)

2022-11-22 14:42:30 - [TEST_STEP][PASSED] - scoring = sendRequest(findTestObject("EngineScore", ["response_searchME_kons":response_searchME_kons, "response_searchME_spouse":response_searchME_spouse])): Send request successfully

2022-11-22 14:42:30 - [MESSAGE][INFO] - HAR: D:\DMS\Engine Scoring\Reports\20221122_143755\Exclude KKB - DS\Scoring Individu - CS\20221122_143756\requests\main\111.har

2022-11-22 14:42:30 - [MESSAGE][PASSED] - Send request successfully

2022-11-22 14:42:30 - [TEST_STEP][PASSED] - verifyResponseStatusCode(scoring, 200): Verify response status code successfully

2022-11-22 14:42:30 - [MESSAGE][PASSED] - Verify response status code successfully

2022-11-22 14:42:30 - [TEST_STEP][PASSED] - response2 = scoring.getResponseText(): null

2022-11-22 14:42:30 - [TEST_STEP][PASSED] - markPassed("result service data ke : " + no): result service data ke : 56

2022-11-22 14:42:30 - [MESSAGE][PASSED] - result service data ke : 56

2022-11-22 14:42:30 - [TEST_STEP][PASSED] - logInfo($response2): {"result_konsumen":"Reject","result_pasangan":"","Final_result":"Reject","errorMessage":"","status":"Done"}

2022-11-22 14:42:30 - [MESSAGE][INFO] - {"result_konsumen":"Reject","result_pasangan":"","Final_result":"Reject","errorMessage":"","status":"Done"}

2022-11-22 14:42:30 - [TEST_STEP][PASSED] - verifyElementPropertyValue(scoring, "Final_result", final_result): Verify element property value successfully

2022-11-22 14:42:30 - [MESSAGE][PASSED] - Verify element property value successfully]]></system-out>
         <system-err><![CDATA[]]></system-err>
      </testcase>
      <testcase name="Test Cases/Engine_Scoring/Engine Scoring" time="4.687" classname="Test Cases/Engine_Scoring/Engine Scoring" status="PASSED">
         <system-out><![CDATA[2022-11-22 14:42:30 - [TEST_CASE][PASSED] - Test Cases/Engine_Scoring/Engine Scoring: Test Cases/Engine_Scoring/Engine Scoring

2022-11-22 14:42:31 - [TEST_STEP][PASSED] - markPassed("Variasi data ke : " + no): Variasi data ke : 57

2022-11-22 14:42:31 - [MESSAGE][PASSED] - Variasi data ke : 57

2022-11-22 14:42:31 - [TEST_STEP][PASSED] - req_data = sendRequest(findTestObject("Search_ME", ["MID":MID, "source":source, "ip":ip, "userid":userid, "branch":branch, "tipekons":tipekons, "marital":marital, "penjamin":penjamin, ... ])): Send request successfully

2022-11-22 14:42:31 - [MESSAGE][INFO] - HAR: D:\DMS\Engine Scoring\Reports\20221122_143755\Exclude KKB - DS\Scoring Individu - CS\20221122_143756\requests\main\112.har

2022-11-22 14:42:31 - [MESSAGE][PASSED] - Send request successfully

2022-11-22 14:42:31 - [TEST_STEP][PASSED] - slurper = new groovy.json.JsonSlurper(): null

2022-11-22 14:42:31 - [TEST_STEP][PASSED] - result = slurper.parseText(req_data.getResponseBodyContent()): null

2022-11-22 14:42:31 - [TEST_STEP][PASSED] - reqid_kons = requestid1: null

2022-11-22 14:42:31 - [TEST_STEP][PASSED] - reqid_spouse = requestid2: null

2022-11-22 14:42:31 - [TEST_STEP][PASSED] - println("requestid kons : " + reqid_kons): null

2022-11-22 14:42:31 - [TEST_STEP][PASSED] - response_searchME_kons = reqid_kons: null

2022-11-22 14:42:31 - [TEST_STEP][PASSED] - response_searchME_spouse = reqid_spouse: null

2022-11-22 14:42:31 - [TEST_STEP][PASSED] - println("kons req id is :" + response_searchME_kons): null

2022-11-22 14:42:31 - [TEST_STEP][PASSED] - println("spouse req id is : " + response_searchME_spouse): null

2022-11-22 14:42:31 - [TEST_STEP][PASSED] - verifyResponseStatusCode(req_data, 200): Verify response status code successfully

2022-11-22 14:42:31 - [MESSAGE][PASSED] - Verify response status code successfully

2022-11-22 14:42:31 - [TEST_STEP][PASSED] - response = req_data.getResponseText(): null

2022-11-22 14:42:31 - [TEST_STEP][PASSED] - logInfo($response): {"status":"Done","data":{"requestid1":"241597","requestid2":""}}

2022-11-22 14:42:31 - [MESSAGE][INFO] - {"status":"Done","data":{"requestid1":"241597","requestid2":""}}

2022-11-22 14:42:31 - [TEST_STEP][PASSED] - delay(3): Delayed 3 second(s)

2022-11-22 14:42:34 - [MESSAGE][PASSED] - Delayed 3 second(s)

2022-11-22 14:42:34 - [TEST_STEP][PASSED] - scoring = sendRequest(findTestObject("EngineScore", ["response_searchME_kons":response_searchME_kons, "response_searchME_spouse":response_searchME_spouse])): Send request successfully

2022-11-22 14:42:34 - [MESSAGE][INFO] - HAR: D:\DMS\Engine Scoring\Reports\20221122_143755\Exclude KKB - DS\Scoring Individu - CS\20221122_143756\requests\main\113.har

2022-11-22 14:42:34 - [MESSAGE][PASSED] - Send request successfully

2022-11-22 14:42:34 - [TEST_STEP][PASSED] - verifyResponseStatusCode(scoring, 200): Verify response status code successfully

2022-11-22 14:42:34 - [MESSAGE][PASSED] - Verify response status code successfully

2022-11-22 14:42:34 - [TEST_STEP][PASSED] - response2 = scoring.getResponseText(): null

2022-11-22 14:42:34 - [TEST_STEP][PASSED] - markPassed("result service data ke : " + no): result service data ke : 57

2022-11-22 14:42:34 - [MESSAGE][PASSED] - result service data ke : 57

2022-11-22 14:42:34 - [TEST_STEP][PASSED] - logInfo($response2): {"result_konsumen":"Reject","result_pasangan":"","Final_result":"Reject","errorMessage":"","status":"Done"}

2022-11-22 14:42:34 - [MESSAGE][INFO] - {"result_konsumen":"Reject","result_pasangan":"","Final_result":"Reject","errorMessage":"","status":"Done"}

2022-11-22 14:42:34 - [TEST_STEP][PASSED] - verifyElementPropertyValue(scoring, "Final_result", final_result): Verify element property value successfully

2022-11-22 14:42:34 - [MESSAGE][PASSED] - Verify element property value successfully]]></system-out>
         <system-err><![CDATA[]]></system-err>
      </testcase>
      <testcase name="Test Cases/Engine_Scoring/Engine Scoring" time="4.649" classname="Test Cases/Engine_Scoring/Engine Scoring" status="PASSED">
         <system-out><![CDATA[2022-11-22 14:42:35 - [TEST_CASE][PASSED] - Test Cases/Engine_Scoring/Engine Scoring: Test Cases/Engine_Scoring/Engine Scoring

2022-11-22 14:42:35 - [TEST_STEP][PASSED] - markPassed("Variasi data ke : " + no): Variasi data ke : 58

2022-11-22 14:42:35 - [MESSAGE][PASSED] - Variasi data ke : 58

2022-11-22 14:42:35 - [TEST_STEP][PASSED] - req_data = sendRequest(findTestObject("Search_ME", ["MID":MID, "source":source, "ip":ip, "userid":userid, "branch":branch, "tipekons":tipekons, "marital":marital, "penjamin":penjamin, ... ])): Send request successfully

2022-11-22 14:42:36 - [MESSAGE][INFO] - HAR: D:\DMS\Engine Scoring\Reports\20221122_143755\Exclude KKB - DS\Scoring Individu - CS\20221122_143756\requests\main\114.har

2022-11-22 14:42:36 - [MESSAGE][PASSED] - Send request successfully

2022-11-22 14:42:36 - [TEST_STEP][PASSED] - slurper = new groovy.json.JsonSlurper(): null

2022-11-22 14:42:36 - [TEST_STEP][PASSED] - result = slurper.parseText(req_data.getResponseBodyContent()): null

2022-11-22 14:42:36 - [TEST_STEP][PASSED] - reqid_kons = requestid1: null

2022-11-22 14:42:36 - [TEST_STEP][PASSED] - reqid_spouse = requestid2: null

2022-11-22 14:42:36 - [TEST_STEP][PASSED] - println("requestid kons : " + reqid_kons): null

2022-11-22 14:42:36 - [TEST_STEP][PASSED] - response_searchME_kons = reqid_kons: null

2022-11-22 14:42:36 - [TEST_STEP][PASSED] - response_searchME_spouse = reqid_spouse: null

2022-11-22 14:42:36 - [TEST_STEP][PASSED] - println("kons req id is :" + response_searchME_kons): null

2022-11-22 14:42:36 - [TEST_STEP][PASSED] - println("spouse req id is : " + response_searchME_spouse): null

2022-11-22 14:42:36 - [TEST_STEP][PASSED] - verifyResponseStatusCode(req_data, 200): Verify response status code successfully

2022-11-22 14:42:36 - [MESSAGE][PASSED] - Verify response status code successfully

2022-11-22 14:42:36 - [TEST_STEP][PASSED] - response = req_data.getResponseText(): null

2022-11-22 14:42:36 - [TEST_STEP][PASSED] - logInfo($response): {"status":"Done","data":{"requestid1":"241598","requestid2":""}}

2022-11-22 14:42:36 - [MESSAGE][INFO] - {"status":"Done","data":{"requestid1":"241598","requestid2":""}}

2022-11-22 14:42:36 - [TEST_STEP][PASSED] - delay(3): Delayed 3 second(s)

2022-11-22 14:42:39 - [MESSAGE][PASSED] - Delayed 3 second(s)

2022-11-22 14:42:39 - [TEST_STEP][PASSED] - scoring = sendRequest(findTestObject("EngineScore", ["response_searchME_kons":response_searchME_kons, "response_searchME_spouse":response_searchME_spouse])): Send request successfully

2022-11-22 14:42:39 - [MESSAGE][INFO] - HAR: D:\DMS\Engine Scoring\Reports\20221122_143755\Exclude KKB - DS\Scoring Individu - CS\20221122_143756\requests\main\115.har

2022-11-22 14:42:39 - [MESSAGE][PASSED] - Send request successfully

2022-11-22 14:42:39 - [TEST_STEP][PASSED] - verifyResponseStatusCode(scoring, 200): Verify response status code successfully

2022-11-22 14:42:39 - [MESSAGE][PASSED] - Verify response status code successfully

2022-11-22 14:42:39 - [TEST_STEP][PASSED] - response2 = scoring.getResponseText(): null

2022-11-22 14:42:39 - [TEST_STEP][PASSED] - markPassed("result service data ke : " + no): result service data ke : 58

2022-11-22 14:42:39 - [MESSAGE][PASSED] - result service data ke : 58

2022-11-22 14:42:39 - [TEST_STEP][PASSED] - logInfo($response2): {"result_konsumen":"Reguler","result_pasangan":"","Final_result":"Reguler","errorMessage":"","status":"Done"}

2022-11-22 14:42:39 - [MESSAGE][INFO] - {"result_konsumen":"Reguler","result_pasangan":"","Final_result":"Reguler","errorMessage":"","status":"Done"}

2022-11-22 14:42:39 - [TEST_STEP][PASSED] - verifyElementPropertyValue(scoring, "Final_result", final_result): Verify element property value successfully

2022-11-22 14:42:39 - [MESSAGE][PASSED] - Verify element property value successfully]]></system-out>
         <system-err><![CDATA[]]></system-err>
      </testcase>
      <testcase name="Test Cases/Engine_Scoring/Engine Scoring" time="4.714" classname="Test Cases/Engine_Scoring/Engine Scoring" status="PASSED">
         <system-out><![CDATA[2022-11-22 14:42:39 - [TEST_CASE][PASSED] - Test Cases/Engine_Scoring/Engine Scoring: Test Cases/Engine_Scoring/Engine Scoring

2022-11-22 14:42:40 - [TEST_STEP][PASSED] - markPassed("Variasi data ke : " + no): Variasi data ke : 59

2022-11-22 14:42:40 - [MESSAGE][PASSED] - Variasi data ke : 59

2022-11-22 14:42:40 - [TEST_STEP][PASSED] - req_data = sendRequest(findTestObject("Search_ME", ["MID":MID, "source":source, "ip":ip, "userid":userid, "branch":branch, "tipekons":tipekons, "marital":marital, "penjamin":penjamin, ... ])): Send request successfully

2022-11-22 14:42:41 - [MESSAGE][INFO] - HAR: D:\DMS\Engine Scoring\Reports\20221122_143755\Exclude KKB - DS\Scoring Individu - CS\20221122_143756\requests\main\116.har

2022-11-22 14:42:41 - [MESSAGE][PASSED] - Send request successfully

2022-11-22 14:42:41 - [TEST_STEP][PASSED] - slurper = new groovy.json.JsonSlurper(): null

2022-11-22 14:42:41 - [TEST_STEP][PASSED] - result = slurper.parseText(req_data.getResponseBodyContent()): null

2022-11-22 14:42:41 - [TEST_STEP][PASSED] - reqid_kons = requestid1: null

2022-11-22 14:42:41 - [TEST_STEP][PASSED] - reqid_spouse = requestid2: null

2022-11-22 14:42:41 - [TEST_STEP][PASSED] - println("requestid kons : " + reqid_kons): null

2022-11-22 14:42:41 - [TEST_STEP][PASSED] - response_searchME_kons = reqid_kons: null

2022-11-22 14:42:41 - [TEST_STEP][PASSED] - response_searchME_spouse = reqid_spouse: null

2022-11-22 14:42:41 - [TEST_STEP][PASSED] - println("kons req id is :" + response_searchME_kons): null

2022-11-22 14:42:41 - [TEST_STEP][PASSED] - println("spouse req id is : " + response_searchME_spouse): null

2022-11-22 14:42:41 - [TEST_STEP][PASSED] - verifyResponseStatusCode(req_data, 200): Verify response status code successfully

2022-11-22 14:42:41 - [MESSAGE][PASSED] - Verify response status code successfully

2022-11-22 14:42:41 - [TEST_STEP][PASSED] - response = req_data.getResponseText(): null

2022-11-22 14:42:41 - [TEST_STEP][PASSED] - logInfo($response): {"status":"Done","data":{"requestid1":"241599","requestid2":""}}

2022-11-22 14:42:41 - [MESSAGE][INFO] - {"status":"Done","data":{"requestid1":"241599","requestid2":""}}

2022-11-22 14:42:41 - [TEST_STEP][PASSED] - delay(3): Delayed 3 second(s)

2022-11-22 14:42:44 - [MESSAGE][PASSED] - Delayed 3 second(s)

2022-11-22 14:42:44 - [TEST_STEP][PASSED] - scoring = sendRequest(findTestObject("EngineScore", ["response_searchME_kons":response_searchME_kons, "response_searchME_spouse":response_searchME_spouse])): Send request successfully

2022-11-22 14:42:44 - [MESSAGE][INFO] - HAR: D:\DMS\Engine Scoring\Reports\20221122_143755\Exclude KKB - DS\Scoring Individu - CS\20221122_143756\requests\main\117.har

2022-11-22 14:42:44 - [MESSAGE][PASSED] - Send request successfully

2022-11-22 14:42:44 - [TEST_STEP][PASSED] - verifyResponseStatusCode(scoring, 200): Verify response status code successfully

2022-11-22 14:42:44 - [MESSAGE][PASSED] - Verify response status code successfully

2022-11-22 14:42:44 - [TEST_STEP][PASSED] - response2 = scoring.getResponseText(): null

2022-11-22 14:42:44 - [TEST_STEP][PASSED] - markPassed("result service data ke : " + no): result service data ke : 59

2022-11-22 14:42:44 - [MESSAGE][PASSED] - result service data ke : 59

2022-11-22 14:42:44 - [TEST_STEP][PASSED] - logInfo($response2): {"result_konsumen":"Reguler","result_pasangan":"","Final_result":"Reguler","errorMessage":"","status":"Done"}

2022-11-22 14:42:44 - [MESSAGE][INFO] - {"result_konsumen":"Reguler","result_pasangan":"","Final_result":"Reguler","errorMessage":"","status":"Done"}

2022-11-22 14:42:44 - [TEST_STEP][PASSED] - verifyElementPropertyValue(scoring, "Final_result", final_result): Verify element property value successfully

2022-11-22 14:42:44 - [MESSAGE][PASSED] - Verify element property value successfully]]></system-out>
         <system-err><![CDATA[]]></system-err>
      </testcase>
      <testcase name="Test Cases/Engine_Scoring/Engine Scoring" time="4.827" classname="Test Cases/Engine_Scoring/Engine Scoring" status="PASSED">
         <system-out><![CDATA[2022-11-22 14:42:44 - [TEST_CASE][PASSED] - Test Cases/Engine_Scoring/Engine Scoring: Test Cases/Engine_Scoring/Engine Scoring

2022-11-22 14:42:45 - [TEST_STEP][PASSED] - markPassed("Variasi data ke : " + no): Variasi data ke : 60

2022-11-22 14:42:45 - [MESSAGE][PASSED] - Variasi data ke : 60

2022-11-22 14:42:45 - [TEST_STEP][PASSED] - req_data = sendRequest(findTestObject("Search_ME", ["MID":MID, "source":source, "ip":ip, "userid":userid, "branch":branch, "tipekons":tipekons, "marital":marital, "penjamin":penjamin, ... ])): Send request successfully

2022-11-22 14:42:46 - [MESSAGE][INFO] - HAR: D:\DMS\Engine Scoring\Reports\20221122_143755\Exclude KKB - DS\Scoring Individu - CS\20221122_143756\requests\main\118.har

2022-11-22 14:42:46 - [MESSAGE][PASSED] - Send request successfully

2022-11-22 14:42:46 - [TEST_STEP][PASSED] - slurper = new groovy.json.JsonSlurper(): null

2022-11-22 14:42:46 - [TEST_STEP][PASSED] - result = slurper.parseText(req_data.getResponseBodyContent()): null

2022-11-22 14:42:46 - [TEST_STEP][PASSED] - reqid_kons = requestid1: null

2022-11-22 14:42:46 - [TEST_STEP][PASSED] - reqid_spouse = requestid2: null

2022-11-22 14:42:46 - [TEST_STEP][PASSED] - println("requestid kons : " + reqid_kons): null

2022-11-22 14:42:46 - [TEST_STEP][PASSED] - response_searchME_kons = reqid_kons: null

2022-11-22 14:42:46 - [TEST_STEP][PASSED] - response_searchME_spouse = reqid_spouse: null

2022-11-22 14:42:46 - [TEST_STEP][PASSED] - println("kons req id is :" + response_searchME_kons): null

2022-11-22 14:42:46 - [TEST_STEP][PASSED] - println("spouse req id is : " + response_searchME_spouse): null

2022-11-22 14:42:46 - [TEST_STEP][PASSED] - verifyResponseStatusCode(req_data, 200): Verify response status code successfully

2022-11-22 14:42:46 - [MESSAGE][PASSED] - Verify response status code successfully

2022-11-22 14:42:46 - [TEST_STEP][PASSED] - response = req_data.getResponseText(): null

2022-11-22 14:42:46 - [TEST_STEP][PASSED] - logInfo($response): {"status":"Done","data":{"requestid1":"241600","requestid2":""}}

2022-11-22 14:42:46 - [MESSAGE][INFO] - {"status":"Done","data":{"requestid1":"241600","requestid2":""}}

2022-11-22 14:42:46 - [TEST_STEP][PASSED] - delay(3): Delayed 3 second(s)

2022-11-22 14:42:49 - [MESSAGE][PASSED] - Delayed 3 second(s)

2022-11-22 14:42:49 - [TEST_STEP][PASSED] - scoring = sendRequest(findTestObject("EngineScore", ["response_searchME_kons":response_searchME_kons, "response_searchME_spouse":response_searchME_spouse])): Send request successfully

2022-11-22 14:42:49 - [MESSAGE][INFO] - HAR: D:\DMS\Engine Scoring\Reports\20221122_143755\Exclude KKB - DS\Scoring Individu - CS\20221122_143756\requests\main\119.har

2022-11-22 14:42:49 - [MESSAGE][PASSED] - Send request successfully

2022-11-22 14:42:49 - [TEST_STEP][PASSED] - verifyResponseStatusCode(scoring, 200): Verify response status code successfully

2022-11-22 14:42:49 - [MESSAGE][PASSED] - Verify response status code successfully

2022-11-22 14:42:49 - [TEST_STEP][PASSED] - response2 = scoring.getResponseText(): null

2022-11-22 14:42:49 - [TEST_STEP][PASSED] - markPassed("result service data ke : " + no): result service data ke : 60

2022-11-22 14:42:49 - [MESSAGE][PASSED] - result service data ke : 60

2022-11-22 14:42:49 - [TEST_STEP][PASSED] - logInfo($response2): {"result_konsumen":"Reguler","result_pasangan":"","Final_result":"Reguler","errorMessage":"","status":"Done"}

2022-11-22 14:42:49 - [MESSAGE][INFO] - {"result_konsumen":"Reguler","result_pasangan":"","Final_result":"Reguler","errorMessage":"","status":"Done"}

2022-11-22 14:42:49 - [TEST_STEP][PASSED] - verifyElementPropertyValue(scoring, "Final_result", final_result): Verify element property value successfully

2022-11-22 14:42:49 - [MESSAGE][PASSED] - Verify element property value successfully]]></system-out>
         <system-err><![CDATA[]]></system-err>
      </testcase>
      <testcase name="Test Cases/Engine_Scoring/Engine Scoring" time="4.829" classname="Test Cases/Engine_Scoring/Engine Scoring" status="PASSED">
         <system-out><![CDATA[2022-11-22 14:42:49 - [TEST_CASE][PASSED] - Test Cases/Engine_Scoring/Engine Scoring: Test Cases/Engine_Scoring/Engine Scoring

2022-11-22 14:42:50 - [TEST_STEP][PASSED] - markPassed("Variasi data ke : " + no): Variasi data ke : 61

2022-11-22 14:42:50 - [MESSAGE][PASSED] - Variasi data ke : 61

2022-11-22 14:42:50 - [TEST_STEP][PASSED] - req_data = sendRequest(findTestObject("Search_ME", ["MID":MID, "source":source, "ip":ip, "userid":userid, "branch":branch, "tipekons":tipekons, "marital":marital, "penjamin":penjamin, ... ])): Send request successfully

2022-11-22 14:42:51 - [MESSAGE][INFO] - HAR: D:\DMS\Engine Scoring\Reports\20221122_143755\Exclude KKB - DS\Scoring Individu - CS\20221122_143756\requests\main\120.har

2022-11-22 14:42:51 - [MESSAGE][PASSED] - Send request successfully

2022-11-22 14:42:51 - [TEST_STEP][PASSED] - slurper = new groovy.json.JsonSlurper(): null

2022-11-22 14:42:51 - [TEST_STEP][PASSED] - result = slurper.parseText(req_data.getResponseBodyContent()): null

2022-11-22 14:42:51 - [TEST_STEP][PASSED] - reqid_kons = requestid1: null

2022-11-22 14:42:51 - [TEST_STEP][PASSED] - reqid_spouse = requestid2: null

2022-11-22 14:42:51 - [TEST_STEP][PASSED] - println("requestid kons : " + reqid_kons): null

2022-11-22 14:42:51 - [TEST_STEP][PASSED] - response_searchME_kons = reqid_kons: null

2022-11-22 14:42:51 - [TEST_STEP][PASSED] - response_searchME_spouse = reqid_spouse: null

2022-11-22 14:42:51 - [TEST_STEP][PASSED] - println("kons req id is :" + response_searchME_kons): null

2022-11-22 14:42:51 - [TEST_STEP][PASSED] - println("spouse req id is : " + response_searchME_spouse): null

2022-11-22 14:42:51 - [TEST_STEP][PASSED] - verifyResponseStatusCode(req_data, 200): Verify response status code successfully

2022-11-22 14:42:51 - [MESSAGE][PASSED] - Verify response status code successfully

2022-11-22 14:42:51 - [TEST_STEP][PASSED] - response = req_data.getResponseText(): null

2022-11-22 14:42:51 - [TEST_STEP][PASSED] - logInfo($response): {"status":"Done","data":{"requestid1":"241601","requestid2":""}}

2022-11-22 14:42:51 - [MESSAGE][INFO] - {"status":"Done","data":{"requestid1":"241601","requestid2":""}}

2022-11-22 14:42:51 - [TEST_STEP][PASSED] - delay(3): Delayed 3 second(s)

2022-11-22 14:42:54 - [MESSAGE][PASSED] - Delayed 3 second(s)

2022-11-22 14:42:54 - [TEST_STEP][PASSED] - scoring = sendRequest(findTestObject("EngineScore", ["response_searchME_kons":response_searchME_kons, "response_searchME_spouse":response_searchME_spouse])): Send request successfully

2022-11-22 14:42:54 - [MESSAGE][INFO] - HAR: D:\DMS\Engine Scoring\Reports\20221122_143755\Exclude KKB - DS\Scoring Individu - CS\20221122_143756\requests\main\121.har

2022-11-22 14:42:54 - [MESSAGE][PASSED] - Send request successfully

2022-11-22 14:42:54 - [TEST_STEP][PASSED] - verifyResponseStatusCode(scoring, 200): Verify response status code successfully

2022-11-22 14:42:54 - [MESSAGE][PASSED] - Verify response status code successfully

2022-11-22 14:42:54 - [TEST_STEP][PASSED] - response2 = scoring.getResponseText(): null

2022-11-22 14:42:54 - [TEST_STEP][PASSED] - markPassed("result service data ke : " + no): result service data ke : 61

2022-11-22 14:42:54 - [MESSAGE][PASSED] - result service data ke : 61

2022-11-22 14:42:54 - [TEST_STEP][PASSED] - logInfo($response2): {"result_konsumen":"Approve","result_pasangan":"","Final_result":"Approve","errorMessage":"","status":"Done"}

2022-11-22 14:42:54 - [MESSAGE][INFO] - {"result_konsumen":"Approve","result_pasangan":"","Final_result":"Approve","errorMessage":"","status":"Done"}

2022-11-22 14:42:54 - [TEST_STEP][PASSED] - verifyElementPropertyValue(scoring, "Final_result", final_result): Verify element property value successfully

2022-11-22 14:42:54 - [MESSAGE][PASSED] - Verify element property value successfully]]></system-out>
         <system-err><![CDATA[]]></system-err>
      </testcase>
      <testcase name="Test Cases/Engine_Scoring/Engine Scoring" time="4.698" classname="Test Cases/Engine_Scoring/Engine Scoring" status="PASSED">
         <system-out><![CDATA[2022-11-22 14:42:54 - [TEST_CASE][PASSED] - Test Cases/Engine_Scoring/Engine Scoring: Test Cases/Engine_Scoring/Engine Scoring

2022-11-22 14:42:55 - [TEST_STEP][PASSED] - markPassed("Variasi data ke : " + no): Variasi data ke : 62

2022-11-22 14:42:55 - [MESSAGE][PASSED] - Variasi data ke : 62

2022-11-22 14:42:55 - [TEST_STEP][PASSED] - req_data = sendRequest(findTestObject("Search_ME", ["MID":MID, "source":source, "ip":ip, "userid":userid, "branch":branch, "tipekons":tipekons, "marital":marital, "penjamin":penjamin, ... ])): Send request successfully

2022-11-22 14:42:55 - [MESSAGE][INFO] - HAR: D:\DMS\Engine Scoring\Reports\20221122_143755\Exclude KKB - DS\Scoring Individu - CS\20221122_143756\requests\main\122.har

2022-11-22 14:42:55 - [MESSAGE][PASSED] - Send request successfully

2022-11-22 14:42:55 - [TEST_STEP][PASSED] - slurper = new groovy.json.JsonSlurper(): null

2022-11-22 14:42:55 - [TEST_STEP][PASSED] - result = slurper.parseText(req_data.getResponseBodyContent()): null

2022-11-22 14:42:55 - [TEST_STEP][PASSED] - reqid_kons = requestid1: null

2022-11-22 14:42:55 - [TEST_STEP][PASSED] - reqid_spouse = requestid2: null

2022-11-22 14:42:55 - [TEST_STEP][PASSED] - println("requestid kons : " + reqid_kons): null

2022-11-22 14:42:55 - [TEST_STEP][PASSED] - response_searchME_kons = reqid_kons: null

2022-11-22 14:42:55 - [TEST_STEP][PASSED] - response_searchME_spouse = reqid_spouse: null

2022-11-22 14:42:55 - [TEST_STEP][PASSED] - println("kons req id is :" + response_searchME_kons): null

2022-11-22 14:42:55 - [TEST_STEP][PASSED] - println("spouse req id is : " + response_searchME_spouse): null

2022-11-22 14:42:55 - [TEST_STEP][PASSED] - verifyResponseStatusCode(req_data, 200): Verify response status code successfully

2022-11-22 14:42:55 - [MESSAGE][PASSED] - Verify response status code successfully

2022-11-22 14:42:55 - [TEST_STEP][PASSED] - response = req_data.getResponseText(): null

2022-11-22 14:42:55 - [TEST_STEP][PASSED] - logInfo($response): {"status":"Done","data":{"requestid1":"241602","requestid2":""}}

2022-11-22 14:42:55 - [MESSAGE][INFO] - {"status":"Done","data":{"requestid1":"241602","requestid2":""}}

2022-11-22 14:42:55 - [TEST_STEP][PASSED] - delay(3): Delayed 3 second(s)

2022-11-22 14:42:58 - [MESSAGE][PASSED] - Delayed 3 second(s)

2022-11-22 14:42:58 - [TEST_STEP][PASSED] - scoring = sendRequest(findTestObject("EngineScore", ["response_searchME_kons":response_searchME_kons, "response_searchME_spouse":response_searchME_spouse])): Send request successfully

2022-11-22 14:42:58 - [MESSAGE][INFO] - HAR: D:\DMS\Engine Scoring\Reports\20221122_143755\Exclude KKB - DS\Scoring Individu - CS\20221122_143756\requests\main\123.har

2022-11-22 14:42:58 - [MESSAGE][PASSED] - Send request successfully

2022-11-22 14:42:58 - [TEST_STEP][PASSED] - verifyResponseStatusCode(scoring, 200): Verify response status code successfully

2022-11-22 14:42:58 - [MESSAGE][PASSED] - Verify response status code successfully

2022-11-22 14:42:58 - [TEST_STEP][PASSED] - response2 = scoring.getResponseText(): null

2022-11-22 14:42:58 - [TEST_STEP][PASSED] - markPassed("result service data ke : " + no): result service data ke : 62

2022-11-22 14:42:58 - [MESSAGE][PASSED] - result service data ke : 62

2022-11-22 14:42:58 - [TEST_STEP][PASSED] - logInfo($response2): {"result_konsumen":"Approve","result_pasangan":"","Final_result":"Approve","errorMessage":"","status":"Done"}

2022-11-22 14:42:58 - [MESSAGE][INFO] - {"result_konsumen":"Approve","result_pasangan":"","Final_result":"Approve","errorMessage":"","status":"Done"}

2022-11-22 14:42:58 - [TEST_STEP][PASSED] - verifyElementPropertyValue(scoring, "Final_result", final_result): Verify element property value successfully

2022-11-22 14:42:58 - [MESSAGE][PASSED] - Verify element property value successfully]]></system-out>
         <system-err><![CDATA[]]></system-err>
      </testcase>
      <testcase name="Test Cases/Engine_Scoring/Engine Scoring" time="4.719" classname="Test Cases/Engine_Scoring/Engine Scoring" status="PASSED">
         <system-out><![CDATA[2022-11-22 14:42:58 - [TEST_CASE][PASSED] - Test Cases/Engine_Scoring/Engine Scoring: Test Cases/Engine_Scoring/Engine Scoring

2022-11-22 14:42:59 - [TEST_STEP][PASSED] - markPassed("Variasi data ke : " + no): Variasi data ke : 63

2022-11-22 14:42:59 - [MESSAGE][PASSED] - Variasi data ke : 63

2022-11-22 14:42:59 - [TEST_STEP][PASSED] - req_data = sendRequest(findTestObject("Search_ME", ["MID":MID, "source":source, "ip":ip, "userid":userid, "branch":branch, "tipekons":tipekons, "marital":marital, "penjamin":penjamin, ... ])): Send request successfully

2022-11-22 14:43:00 - [MESSAGE][INFO] - HAR: D:\DMS\Engine Scoring\Reports\20221122_143755\Exclude KKB - DS\Scoring Individu - CS\20221122_143756\requests\main\124.har

2022-11-22 14:43:00 - [MESSAGE][PASSED] - Send request successfully

2022-11-22 14:43:00 - [TEST_STEP][PASSED] - slurper = new groovy.json.JsonSlurper(): null

2022-11-22 14:43:00 - [TEST_STEP][PASSED] - result = slurper.parseText(req_data.getResponseBodyContent()): null

2022-11-22 14:43:00 - [TEST_STEP][PASSED] - reqid_kons = requestid1: null

2022-11-22 14:43:00 - [TEST_STEP][PASSED] - reqid_spouse = requestid2: null

2022-11-22 14:43:00 - [TEST_STEP][PASSED] - println("requestid kons : " + reqid_kons): null

2022-11-22 14:43:00 - [TEST_STEP][PASSED] - response_searchME_kons = reqid_kons: null

2022-11-22 14:43:00 - [TEST_STEP][PASSED] - response_searchME_spouse = reqid_spouse: null

2022-11-22 14:43:00 - [TEST_STEP][PASSED] - println("kons req id is :" + response_searchME_kons): null

2022-11-22 14:43:00 - [TEST_STEP][PASSED] - println("spouse req id is : " + response_searchME_spouse): null

2022-11-22 14:43:00 - [TEST_STEP][PASSED] - verifyResponseStatusCode(req_data, 200): Verify response status code successfully

2022-11-22 14:43:00 - [MESSAGE][PASSED] - Verify response status code successfully

2022-11-22 14:43:00 - [TEST_STEP][PASSED] - response = req_data.getResponseText(): null

2022-11-22 14:43:00 - [TEST_STEP][PASSED] - logInfo($response): {"status":"Done","data":{"requestid1":"241603","requestid2":""}}

2022-11-22 14:43:00 - [MESSAGE][INFO] - {"status":"Done","data":{"requestid1":"241603","requestid2":""}}

2022-11-22 14:43:00 - [TEST_STEP][PASSED] - delay(3): Delayed 3 second(s)

2022-11-22 14:43:03 - [MESSAGE][PASSED] - Delayed 3 second(s)

2022-11-22 14:43:03 - [TEST_STEP][PASSED] - scoring = sendRequest(findTestObject("EngineScore", ["response_searchME_kons":response_searchME_kons, "response_searchME_spouse":response_searchME_spouse])): Send request successfully

2022-11-22 14:43:03 - [MESSAGE][INFO] - HAR: D:\DMS\Engine Scoring\Reports\20221122_143755\Exclude KKB - DS\Scoring Individu - CS\20221122_143756\requests\main\125.har

2022-11-22 14:43:03 - [MESSAGE][PASSED] - Send request successfully

2022-11-22 14:43:03 - [TEST_STEP][PASSED] - verifyResponseStatusCode(scoring, 200): Verify response status code successfully

2022-11-22 14:43:03 - [MESSAGE][PASSED] - Verify response status code successfully

2022-11-22 14:43:03 - [TEST_STEP][PASSED] - response2 = scoring.getResponseText(): null

2022-11-22 14:43:03 - [TEST_STEP][PASSED] - markPassed("result service data ke : " + no): result service data ke : 63

2022-11-22 14:43:03 - [MESSAGE][PASSED] - result service data ke : 63

2022-11-22 14:43:03 - [TEST_STEP][PASSED] - logInfo($response2): {"result_konsumen":"Approve","result_pasangan":"","Final_result":"Approve","errorMessage":"","status":"Done"}

2022-11-22 14:43:03 - [MESSAGE][INFO] - {"result_konsumen":"Approve","result_pasangan":"","Final_result":"Approve","errorMessage":"","status":"Done"}

2022-11-22 14:43:03 - [TEST_STEP][PASSED] - verifyElementPropertyValue(scoring, "Final_result", final_result): Verify element property value successfully

2022-11-22 14:43:03 - [MESSAGE][PASSED] - Verify element property value successfully]]></system-out>
         <system-err><![CDATA[]]></system-err>
      </testcase>
      <testcase name="Test Cases/Engine_Scoring/Engine Scoring" time="4.746" classname="Test Cases/Engine_Scoring/Engine Scoring" status="PASSED">
         <system-out><![CDATA[2022-11-22 14:43:03 - [TEST_CASE][PASSED] - Test Cases/Engine_Scoring/Engine Scoring: Test Cases/Engine_Scoring/Engine Scoring

2022-11-22 14:43:04 - [TEST_STEP][PASSED] - markPassed("Variasi data ke : " + no): Variasi data ke : 64

2022-11-22 14:43:04 - [MESSAGE][PASSED] - Variasi data ke : 64

2022-11-22 14:43:04 - [TEST_STEP][PASSED] - req_data = sendRequest(findTestObject("Search_ME", ["MID":MID, "source":source, "ip":ip, "userid":userid, "branch":branch, "tipekons":tipekons, "marital":marital, "penjamin":penjamin, ... ])): Send request successfully

2022-11-22 14:43:05 - [MESSAGE][INFO] - HAR: D:\DMS\Engine Scoring\Reports\20221122_143755\Exclude KKB - DS\Scoring Individu - CS\20221122_143756\requests\main\126.har

2022-11-22 14:43:05 - [MESSAGE][PASSED] - Send request successfully

2022-11-22 14:43:05 - [TEST_STEP][PASSED] - slurper = new groovy.json.JsonSlurper(): null

2022-11-22 14:43:05 - [TEST_STEP][PASSED] - result = slurper.parseText(req_data.getResponseBodyContent()): null

2022-11-22 14:43:05 - [TEST_STEP][PASSED] - reqid_kons = requestid1: null

2022-11-22 14:43:05 - [TEST_STEP][PASSED] - reqid_spouse = requestid2: null

2022-11-22 14:43:05 - [TEST_STEP][PASSED] - println("requestid kons : " + reqid_kons): null

2022-11-22 14:43:05 - [TEST_STEP][PASSED] - response_searchME_kons = reqid_kons: null

2022-11-22 14:43:05 - [TEST_STEP][PASSED] - response_searchME_spouse = reqid_spouse: null

2022-11-22 14:43:05 - [TEST_STEP][PASSED] - println("kons req id is :" + response_searchME_kons): null

2022-11-22 14:43:05 - [TEST_STEP][PASSED] - println("spouse req id is : " + response_searchME_spouse): null

2022-11-22 14:43:05 - [TEST_STEP][PASSED] - verifyResponseStatusCode(req_data, 200): Verify response status code successfully

2022-11-22 14:43:05 - [MESSAGE][PASSED] - Verify response status code successfully

2022-11-22 14:43:05 - [TEST_STEP][PASSED] - response = req_data.getResponseText(): null

2022-11-22 14:43:05 - [TEST_STEP][PASSED] - logInfo($response): {"status":"Done","data":{"requestid1":"241604","requestid2":""}}

2022-11-22 14:43:05 - [MESSAGE][INFO] - {"status":"Done","data":{"requestid1":"241604","requestid2":""}}

2022-11-22 14:43:05 - [TEST_STEP][PASSED] - delay(3): Delayed 3 second(s)

2022-11-22 14:43:08 - [MESSAGE][PASSED] - Delayed 3 second(s)

2022-11-22 14:43:08 - [TEST_STEP][PASSED] - scoring = sendRequest(findTestObject("EngineScore", ["response_searchME_kons":response_searchME_kons, "response_searchME_spouse":response_searchME_spouse])): Send request successfully

2022-11-22 14:43:08 - [MESSAGE][INFO] - HAR: D:\DMS\Engine Scoring\Reports\20221122_143755\Exclude KKB - DS\Scoring Individu - CS\20221122_143756\requests\main\127.har

2022-11-22 14:43:08 - [MESSAGE][PASSED] - Send request successfully

2022-11-22 14:43:08 - [TEST_STEP][PASSED] - verifyResponseStatusCode(scoring, 200): Verify response status code successfully

2022-11-22 14:43:08 - [MESSAGE][PASSED] - Verify response status code successfully

2022-11-22 14:43:08 - [TEST_STEP][PASSED] - response2 = scoring.getResponseText(): null

2022-11-22 14:43:08 - [TEST_STEP][PASSED] - markPassed("result service data ke : " + no): result service data ke : 64

2022-11-22 14:43:08 - [MESSAGE][PASSED] - result service data ke : 64

2022-11-22 14:43:08 - [TEST_STEP][PASSED] - logInfo($response2): {"result_konsumen":"Approve","result_pasangan":"","Final_result":"Approve","errorMessage":"","status":"Done"}

2022-11-22 14:43:08 - [MESSAGE][INFO] - {"result_konsumen":"Approve","result_pasangan":"","Final_result":"Approve","errorMessage":"","status":"Done"}

2022-11-22 14:43:08 - [TEST_STEP][PASSED] - verifyElementPropertyValue(scoring, "Final_result", final_result): Verify element property value successfully

2022-11-22 14:43:08 - [MESSAGE][PASSED] - Verify element property value successfully]]></system-out>
         <system-err><![CDATA[]]></system-err>
      </testcase>
      <testcase name="Test Cases/Engine_Scoring/Engine Scoring" time="4.738" classname="Test Cases/Engine_Scoring/Engine Scoring" status="PASSED">
         <system-out><![CDATA[2022-11-22 14:43:08 - [TEST_CASE][PASSED] - Test Cases/Engine_Scoring/Engine Scoring: Test Cases/Engine_Scoring/Engine Scoring

2022-11-22 14:43:09 - [TEST_STEP][PASSED] - markPassed("Variasi data ke : " + no): Variasi data ke : 65

2022-11-22 14:43:09 - [MESSAGE][PASSED] - Variasi data ke : 65

2022-11-22 14:43:09 - [TEST_STEP][PASSED] - req_data = sendRequest(findTestObject("Search_ME", ["MID":MID, "source":source, "ip":ip, "userid":userid, "branch":branch, "tipekons":tipekons, "marital":marital, "penjamin":penjamin, ... ])): Send request successfully

2022-11-22 14:43:10 - [MESSAGE][INFO] - HAR: D:\DMS\Engine Scoring\Reports\20221122_143755\Exclude KKB - DS\Scoring Individu - CS\20221122_143756\requests\main\128.har

2022-11-22 14:43:10 - [MESSAGE][PASSED] - Send request successfully

2022-11-22 14:43:10 - [TEST_STEP][PASSED] - slurper = new groovy.json.JsonSlurper(): null

2022-11-22 14:43:10 - [TEST_STEP][PASSED] - result = slurper.parseText(req_data.getResponseBodyContent()): null

2022-11-22 14:43:10 - [TEST_STEP][PASSED] - reqid_kons = requestid1: null

2022-11-22 14:43:10 - [TEST_STEP][PASSED] - reqid_spouse = requestid2: null

2022-11-22 14:43:10 - [TEST_STEP][PASSED] - println("requestid kons : " + reqid_kons): null

2022-11-22 14:43:10 - [TEST_STEP][PASSED] - response_searchME_kons = reqid_kons: null

2022-11-22 14:43:10 - [TEST_STEP][PASSED] - response_searchME_spouse = reqid_spouse: null

2022-11-22 14:43:10 - [TEST_STEP][PASSED] - println("kons req id is :" + response_searchME_kons): null

2022-11-22 14:43:10 - [TEST_STEP][PASSED] - println("spouse req id is : " + response_searchME_spouse): null

2022-11-22 14:43:10 - [TEST_STEP][PASSED] - verifyResponseStatusCode(req_data, 200): Verify response status code successfully

2022-11-22 14:43:10 - [MESSAGE][PASSED] - Verify response status code successfully

2022-11-22 14:43:10 - [TEST_STEP][PASSED] - response = req_data.getResponseText(): null

2022-11-22 14:43:10 - [TEST_STEP][PASSED] - logInfo($response): {"status":"Done","data":{"requestid1":"241605","requestid2":""}}

2022-11-22 14:43:10 - [MESSAGE][INFO] - {"status":"Done","data":{"requestid1":"241605","requestid2":""}}

2022-11-22 14:43:10 - [TEST_STEP][PASSED] - delay(3): Delayed 3 second(s)

2022-11-22 14:43:13 - [MESSAGE][PASSED] - Delayed 3 second(s)

2022-11-22 14:43:13 - [TEST_STEP][PASSED] - scoring = sendRequest(findTestObject("EngineScore", ["response_searchME_kons":response_searchME_kons, "response_searchME_spouse":response_searchME_spouse])): Send request successfully

2022-11-22 14:43:13 - [MESSAGE][INFO] - HAR: D:\DMS\Engine Scoring\Reports\20221122_143755\Exclude KKB - DS\Scoring Individu - CS\20221122_143756\requests\main\129.har

2022-11-22 14:43:13 - [MESSAGE][PASSED] - Send request successfully

2022-11-22 14:43:13 - [TEST_STEP][PASSED] - verifyResponseStatusCode(scoring, 200): Verify response status code successfully

2022-11-22 14:43:13 - [MESSAGE][PASSED] - Verify response status code successfully

2022-11-22 14:43:13 - [TEST_STEP][PASSED] - response2 = scoring.getResponseText(): null

2022-11-22 14:43:13 - [TEST_STEP][PASSED] - markPassed("result service data ke : " + no): result service data ke : 65

2022-11-22 14:43:13 - [MESSAGE][PASSED] - result service data ke : 65

2022-11-22 14:43:13 - [TEST_STEP][PASSED] - logInfo($response2): {"result_konsumen":"Approve","result_pasangan":"","Final_result":"Approve","errorMessage":"","status":"Done"}

2022-11-22 14:43:13 - [MESSAGE][INFO] - {"result_konsumen":"Approve","result_pasangan":"","Final_result":"Approve","errorMessage":"","status":"Done"}

2022-11-22 14:43:13 - [TEST_STEP][PASSED] - verifyElementPropertyValue(scoring, "Final_result", final_result): Verify element property value successfully

2022-11-22 14:43:13 - [MESSAGE][PASSED] - Verify element property value successfully]]></system-out>
         <system-err><![CDATA[]]></system-err>
      </testcase>
      <testcase name="Test Cases/Engine_Scoring/Engine Scoring" time="4.911" classname="Test Cases/Engine_Scoring/Engine Scoring" status="PASSED">
         <system-out><![CDATA[2022-11-22 14:43:13 - [TEST_CASE][PASSED] - Test Cases/Engine_Scoring/Engine Scoring: Test Cases/Engine_Scoring/Engine Scoring

2022-11-22 14:43:14 - [TEST_STEP][PASSED] - markPassed("Variasi data ke : " + no): Variasi data ke : 66

2022-11-22 14:43:14 - [MESSAGE][PASSED] - Variasi data ke : 66

2022-11-22 14:43:14 - [TEST_STEP][PASSED] - req_data = sendRequest(findTestObject("Search_ME", ["MID":MID, "source":source, "ip":ip, "userid":userid, "branch":branch, "tipekons":tipekons, "marital":marital, "penjamin":penjamin, ... ])): Send request successfully

2022-11-22 14:43:15 - [MESSAGE][INFO] - HAR: D:\DMS\Engine Scoring\Reports\20221122_143755\Exclude KKB - DS\Scoring Individu - CS\20221122_143756\requests\main\130.har

2022-11-22 14:43:15 - [MESSAGE][PASSED] - Send request successfully

2022-11-22 14:43:15 - [TEST_STEP][PASSED] - slurper = new groovy.json.JsonSlurper(): null

2022-11-22 14:43:15 - [TEST_STEP][PASSED] - result = slurper.parseText(req_data.getResponseBodyContent()): null

2022-11-22 14:43:15 - [TEST_STEP][PASSED] - reqid_kons = requestid1: null

2022-11-22 14:43:15 - [TEST_STEP][PASSED] - reqid_spouse = requestid2: null

2022-11-22 14:43:15 - [TEST_STEP][PASSED] - println("requestid kons : " + reqid_kons): null

2022-11-22 14:43:15 - [TEST_STEP][PASSED] - response_searchME_kons = reqid_kons: null

2022-11-22 14:43:15 - [TEST_STEP][PASSED] - response_searchME_spouse = reqid_spouse: null

2022-11-22 14:43:15 - [TEST_STEP][PASSED] - println("kons req id is :" + response_searchME_kons): null

2022-11-22 14:43:15 - [TEST_STEP][PASSED] - println("spouse req id is : " + response_searchME_spouse): null

2022-11-22 14:43:15 - [TEST_STEP][PASSED] - verifyResponseStatusCode(req_data, 200): Verify response status code successfully

2022-11-22 14:43:15 - [MESSAGE][PASSED] - Verify response status code successfully

2022-11-22 14:43:15 - [TEST_STEP][PASSED] - response = req_data.getResponseText(): null

2022-11-22 14:43:15 - [TEST_STEP][PASSED] - logInfo($response): {"status":"Done","data":{"requestid1":"241606","requestid2":""}}

2022-11-22 14:43:15 - [MESSAGE][INFO] - {"status":"Done","data":{"requestid1":"241606","requestid2":""}}

2022-11-22 14:43:15 - [TEST_STEP][PASSED] - delay(3): Delayed 3 second(s)

2022-11-22 14:43:18 - [MESSAGE][PASSED] - Delayed 3 second(s)

2022-11-22 14:43:18 - [TEST_STEP][PASSED] - scoring = sendRequest(findTestObject("EngineScore", ["response_searchME_kons":response_searchME_kons, "response_searchME_spouse":response_searchME_spouse])): Send request successfully

2022-11-22 14:43:18 - [MESSAGE][INFO] - HAR: D:\DMS\Engine Scoring\Reports\20221122_143755\Exclude KKB - DS\Scoring Individu - CS\20221122_143756\requests\main\131.har

2022-11-22 14:43:18 - [MESSAGE][PASSED] - Send request successfully

2022-11-22 14:43:18 - [TEST_STEP][PASSED] - verifyResponseStatusCode(scoring, 200): Verify response status code successfully

2022-11-22 14:43:18 - [MESSAGE][PASSED] - Verify response status code successfully

2022-11-22 14:43:18 - [TEST_STEP][PASSED] - response2 = scoring.getResponseText(): null

2022-11-22 14:43:18 - [TEST_STEP][PASSED] - markPassed("result service data ke : " + no): result service data ke : 66

2022-11-22 14:43:18 - [MESSAGE][PASSED] - result service data ke : 66

2022-11-22 14:43:18 - [TEST_STEP][PASSED] - logInfo($response2): {"result_konsumen":"Approve","result_pasangan":"","Final_result":"Approve","errorMessage":"","status":"Done"}

2022-11-22 14:43:18 - [MESSAGE][INFO] - {"result_konsumen":"Approve","result_pasangan":"","Final_result":"Approve","errorMessage":"","status":"Done"}

2022-11-22 14:43:18 - [TEST_STEP][PASSED] - verifyElementPropertyValue(scoring, "Final_result", final_result): Verify element property value successfully

2022-11-22 14:43:18 - [MESSAGE][PASSED] - Verify element property value successfully]]></system-out>
         <system-err><![CDATA[]]></system-err>
      </testcase>
      <testcase name="Test Cases/Engine_Scoring/Engine Scoring" time="4.744" classname="Test Cases/Engine_Scoring/Engine Scoring" status="PASSED">
         <system-out><![CDATA[2022-11-22 14:43:18 - [TEST_CASE][PASSED] - Test Cases/Engine_Scoring/Engine Scoring: Test Cases/Engine_Scoring/Engine Scoring

2022-11-22 14:43:19 - [TEST_STEP][PASSED] - markPassed("Variasi data ke : " + no): Variasi data ke : 67

2022-11-22 14:43:19 - [MESSAGE][PASSED] - Variasi data ke : 67

2022-11-22 14:43:19 - [TEST_STEP][PASSED] - req_data = sendRequest(findTestObject("Search_ME", ["MID":MID, "source":source, "ip":ip, "userid":userid, "branch":branch, "tipekons":tipekons, "marital":marital, "penjamin":penjamin, ... ])): Send request successfully

2022-11-22 14:43:19 - [MESSAGE][INFO] - HAR: D:\DMS\Engine Scoring\Reports\20221122_143755\Exclude KKB - DS\Scoring Individu - CS\20221122_143756\requests\main\132.har

2022-11-22 14:43:19 - [MESSAGE][PASSED] - Send request successfully

2022-11-22 14:43:19 - [TEST_STEP][PASSED] - slurper = new groovy.json.JsonSlurper(): null

2022-11-22 14:43:19 - [TEST_STEP][PASSED] - result = slurper.parseText(req_data.getResponseBodyContent()): null

2022-11-22 14:43:19 - [TEST_STEP][PASSED] - reqid_kons = requestid1: null

2022-11-22 14:43:19 - [TEST_STEP][PASSED] - reqid_spouse = requestid2: null

2022-11-22 14:43:19 - [TEST_STEP][PASSED] - println("requestid kons : " + reqid_kons): null

2022-11-22 14:43:19 - [TEST_STEP][PASSED] - response_searchME_kons = reqid_kons: null

2022-11-22 14:43:19 - [TEST_STEP][PASSED] - response_searchME_spouse = reqid_spouse: null

2022-11-22 14:43:19 - [TEST_STEP][PASSED] - println("kons req id is :" + response_searchME_kons): null

2022-11-22 14:43:19 - [TEST_STEP][PASSED] - println("spouse req id is : " + response_searchME_spouse): null

2022-11-22 14:43:19 - [TEST_STEP][PASSED] - verifyResponseStatusCode(req_data, 200): Verify response status code successfully

2022-11-22 14:43:19 - [MESSAGE][PASSED] - Verify response status code successfully

2022-11-22 14:43:19 - [TEST_STEP][PASSED] - response = req_data.getResponseText(): null

2022-11-22 14:43:19 - [TEST_STEP][PASSED] - logInfo($response): {"status":"Done","data":{"requestid1":"241607","requestid2":""}}

2022-11-22 14:43:19 - [MESSAGE][INFO] - {"status":"Done","data":{"requestid1":"241607","requestid2":""}}

2022-11-22 14:43:19 - [TEST_STEP][PASSED] - delay(3): Delayed 3 second(s)

2022-11-22 14:43:22 - [MESSAGE][PASSED] - Delayed 3 second(s)

2022-11-22 14:43:22 - [TEST_STEP][PASSED] - scoring = sendRequest(findTestObject("EngineScore", ["response_searchME_kons":response_searchME_kons, "response_searchME_spouse":response_searchME_spouse])): Send request successfully

2022-11-22 14:43:22 - [MESSAGE][INFO] - HAR: D:\DMS\Engine Scoring\Reports\20221122_143755\Exclude KKB - DS\Scoring Individu - CS\20221122_143756\requests\main\133.har

2022-11-22 14:43:22 - [MESSAGE][PASSED] - Send request successfully

2022-11-22 14:43:22 - [TEST_STEP][PASSED] - verifyResponseStatusCode(scoring, 200): Verify response status code successfully

2022-11-22 14:43:22 - [MESSAGE][PASSED] - Verify response status code successfully

2022-11-22 14:43:22 - [TEST_STEP][PASSED] - response2 = scoring.getResponseText(): null

2022-11-22 14:43:22 - [TEST_STEP][PASSED] - markPassed("result service data ke : " + no): result service data ke : 67

2022-11-22 14:43:22 - [MESSAGE][PASSED] - result service data ke : 67

2022-11-22 14:43:22 - [TEST_STEP][PASSED] - logInfo($response2): {"result_konsumen":"Approve","result_pasangan":"","Final_result":"Approve","errorMessage":"","status":"Done"}

2022-11-22 14:43:22 - [MESSAGE][INFO] - {"result_konsumen":"Approve","result_pasangan":"","Final_result":"Approve","errorMessage":"","status":"Done"}

2022-11-22 14:43:22 - [TEST_STEP][PASSED] - verifyElementPropertyValue(scoring, "Final_result", final_result): Verify element property value successfully

2022-11-22 14:43:22 - [MESSAGE][PASSED] - Verify element property value successfully]]></system-out>
         <system-err><![CDATA[]]></system-err>
      </testcase>
      <testcase name="Test Cases/Engine_Scoring/Engine Scoring" time="4.737" classname="Test Cases/Engine_Scoring/Engine Scoring" status="PASSED">
         <system-out><![CDATA[2022-11-22 14:43:23 - [TEST_CASE][PASSED] - Test Cases/Engine_Scoring/Engine Scoring: Test Cases/Engine_Scoring/Engine Scoring

2022-11-22 14:43:23 - [TEST_STEP][PASSED] - markPassed("Variasi data ke : " + no): Variasi data ke : 68

2022-11-22 14:43:23 - [MESSAGE][PASSED] - Variasi data ke : 68

2022-11-22 14:43:23 - [TEST_STEP][PASSED] - req_data = sendRequest(findTestObject("Search_ME", ["MID":MID, "source":source, "ip":ip, "userid":userid, "branch":branch, "tipekons":tipekons, "marital":marital, "penjamin":penjamin, ... ])): Send request successfully

2022-11-22 14:43:24 - [MESSAGE][INFO] - HAR: D:\DMS\Engine Scoring\Reports\20221122_143755\Exclude KKB - DS\Scoring Individu - CS\20221122_143756\requests\main\134.har

2022-11-22 14:43:24 - [MESSAGE][PASSED] - Send request successfully

2022-11-22 14:43:24 - [TEST_STEP][PASSED] - slurper = new groovy.json.JsonSlurper(): null

2022-11-22 14:43:24 - [TEST_STEP][PASSED] - result = slurper.parseText(req_data.getResponseBodyContent()): null

2022-11-22 14:43:24 - [TEST_STEP][PASSED] - reqid_kons = requestid1: null

2022-11-22 14:43:24 - [TEST_STEP][PASSED] - reqid_spouse = requestid2: null

2022-11-22 14:43:24 - [TEST_STEP][PASSED] - println("requestid kons : " + reqid_kons): null

2022-11-22 14:43:24 - [TEST_STEP][PASSED] - response_searchME_kons = reqid_kons: null

2022-11-22 14:43:24 - [TEST_STEP][PASSED] - response_searchME_spouse = reqid_spouse: null

2022-11-22 14:43:24 - [TEST_STEP][PASSED] - println("kons req id is :" + response_searchME_kons): null

2022-11-22 14:43:24 - [TEST_STEP][PASSED] - println("spouse req id is : " + response_searchME_spouse): null

2022-11-22 14:43:24 - [TEST_STEP][PASSED] - verifyResponseStatusCode(req_data, 200): Verify response status code successfully

2022-11-22 14:43:24 - [MESSAGE][PASSED] - Verify response status code successfully

2022-11-22 14:43:24 - [TEST_STEP][PASSED] - response = req_data.getResponseText(): null

2022-11-22 14:43:24 - [TEST_STEP][PASSED] - logInfo($response): {"status":"Done","data":{"requestid1":"241608","requestid2":""}}

2022-11-22 14:43:24 - [MESSAGE][INFO] - {"status":"Done","data":{"requestid1":"241608","requestid2":""}}

2022-11-22 14:43:24 - [TEST_STEP][PASSED] - delay(3): Delayed 3 second(s)

2022-11-22 14:43:27 - [MESSAGE][PASSED] - Delayed 3 second(s)

2022-11-22 14:43:27 - [TEST_STEP][PASSED] - scoring = sendRequest(findTestObject("EngineScore", ["response_searchME_kons":response_searchME_kons, "response_searchME_spouse":response_searchME_spouse])): Send request successfully

2022-11-22 14:43:27 - [MESSAGE][INFO] - HAR: D:\DMS\Engine Scoring\Reports\20221122_143755\Exclude KKB - DS\Scoring Individu - CS\20221122_143756\requests\main\135.har

2022-11-22 14:43:27 - [MESSAGE][PASSED] - Send request successfully

2022-11-22 14:43:27 - [TEST_STEP][PASSED] - verifyResponseStatusCode(scoring, 200): Verify response status code successfully

2022-11-22 14:43:27 - [MESSAGE][PASSED] - Verify response status code successfully

2022-11-22 14:43:27 - [TEST_STEP][PASSED] - response2 = scoring.getResponseText(): null

2022-11-22 14:43:27 - [TEST_STEP][PASSED] - markPassed("result service data ke : " + no): result service data ke : 68

2022-11-22 14:43:27 - [MESSAGE][PASSED] - result service data ke : 68

2022-11-22 14:43:27 - [TEST_STEP][PASSED] - logInfo($response2): {"result_konsumen":"Approve","result_pasangan":"","Final_result":"Approve","errorMessage":"","status":"Done"}

2022-11-22 14:43:27 - [MESSAGE][INFO] - {"result_konsumen":"Approve","result_pasangan":"","Final_result":"Approve","errorMessage":"","status":"Done"}

2022-11-22 14:43:27 - [TEST_STEP][PASSED] - verifyElementPropertyValue(scoring, "Final_result", final_result): Verify element property value successfully

2022-11-22 14:43:27 - [MESSAGE][PASSED] - Verify element property value successfully]]></system-out>
         <system-err><![CDATA[]]></system-err>
      </testcase>
      <testcase name="Test Cases/Engine_Scoring/Engine Scoring" time="4.783" classname="Test Cases/Engine_Scoring/Engine Scoring" status="PASSED">
         <system-out><![CDATA[2022-11-22 14:43:27 - [TEST_CASE][PASSED] - Test Cases/Engine_Scoring/Engine Scoring: Test Cases/Engine_Scoring/Engine Scoring

2022-11-22 14:43:28 - [TEST_STEP][PASSED] - markPassed("Variasi data ke : " + no): Variasi data ke : 69

2022-11-22 14:43:28 - [MESSAGE][PASSED] - Variasi data ke : 69

2022-11-22 14:43:28 - [TEST_STEP][PASSED] - req_data = sendRequest(findTestObject("Search_ME", ["MID":MID, "source":source, "ip":ip, "userid":userid, "branch":branch, "tipekons":tipekons, "marital":marital, "penjamin":penjamin, ... ])): Send request successfully

2022-11-22 14:43:29 - [MESSAGE][INFO] - HAR: D:\DMS\Engine Scoring\Reports\20221122_143755\Exclude KKB - DS\Scoring Individu - CS\20221122_143756\requests\main\136.har

2022-11-22 14:43:29 - [MESSAGE][PASSED] - Send request successfully

2022-11-22 14:43:29 - [TEST_STEP][PASSED] - slurper = new groovy.json.JsonSlurper(): null

2022-11-22 14:43:29 - [TEST_STEP][PASSED] - result = slurper.parseText(req_data.getResponseBodyContent()): null

2022-11-22 14:43:29 - [TEST_STEP][PASSED] - reqid_kons = requestid1: null

2022-11-22 14:43:29 - [TEST_STEP][PASSED] - reqid_spouse = requestid2: null

2022-11-22 14:43:29 - [TEST_STEP][PASSED] - println("requestid kons : " + reqid_kons): null

2022-11-22 14:43:29 - [TEST_STEP][PASSED] - response_searchME_kons = reqid_kons: null

2022-11-22 14:43:29 - [TEST_STEP][PASSED] - response_searchME_spouse = reqid_spouse: null

2022-11-22 14:43:29 - [TEST_STEP][PASSED] - println("kons req id is :" + response_searchME_kons): null

2022-11-22 14:43:29 - [TEST_STEP][PASSED] - println("spouse req id is : " + response_searchME_spouse): null

2022-11-22 14:43:29 - [TEST_STEP][PASSED] - verifyResponseStatusCode(req_data, 200): Verify response status code successfully

2022-11-22 14:43:29 - [MESSAGE][PASSED] - Verify response status code successfully

2022-11-22 14:43:29 - [TEST_STEP][PASSED] - response = req_data.getResponseText(): null

2022-11-22 14:43:29 - [TEST_STEP][PASSED] - logInfo($response): {"status":"Done","data":{"requestid1":"241609","requestid2":""}}

2022-11-22 14:43:29 - [MESSAGE][INFO] - {"status":"Done","data":{"requestid1":"241609","requestid2":""}}

2022-11-22 14:43:29 - [TEST_STEP][PASSED] - delay(3): Delayed 3 second(s)

2022-11-22 14:43:32 - [MESSAGE][PASSED] - Delayed 3 second(s)

2022-11-22 14:43:32 - [TEST_STEP][PASSED] - scoring = sendRequest(findTestObject("EngineScore", ["response_searchME_kons":response_searchME_kons, "response_searchME_spouse":response_searchME_spouse])): Send request successfully

2022-11-22 14:43:32 - [MESSAGE][INFO] - HAR: D:\DMS\Engine Scoring\Reports\20221122_143755\Exclude KKB - DS\Scoring Individu - CS\20221122_143756\requests\main\137.har

2022-11-22 14:43:32 - [MESSAGE][PASSED] - Send request successfully

2022-11-22 14:43:32 - [TEST_STEP][PASSED] - verifyResponseStatusCode(scoring, 200): Verify response status code successfully

2022-11-22 14:43:32 - [MESSAGE][PASSED] - Verify response status code successfully

2022-11-22 14:43:32 - [TEST_STEP][PASSED] - response2 = scoring.getResponseText(): null

2022-11-22 14:43:32 - [TEST_STEP][PASSED] - markPassed("result service data ke : " + no): result service data ke : 69

2022-11-22 14:43:32 - [MESSAGE][PASSED] - result service data ke : 69

2022-11-22 14:43:32 - [TEST_STEP][PASSED] - logInfo($response2): {"result_konsumen":"Reject","result_pasangan":"","Final_result":"Reject","errorMessage":"","status":"Done"}

2022-11-22 14:43:32 - [MESSAGE][INFO] - {"result_konsumen":"Reject","result_pasangan":"","Final_result":"Reject","errorMessage":"","status":"Done"}

2022-11-22 14:43:32 - [TEST_STEP][PASSED] - verifyElementPropertyValue(scoring, "Final_result", final_result): Verify element property value successfully

2022-11-22 14:43:32 - [MESSAGE][PASSED] - Verify element property value successfully]]></system-out>
         <system-err><![CDATA[]]></system-err>
      </testcase>
      <testcase name="Test Cases/Engine_Scoring/Engine Scoring" time="4.855" classname="Test Cases/Engine_Scoring/Engine Scoring" status="PASSED">
         <system-out><![CDATA[2022-11-22 14:43:32 - [TEST_CASE][PASSED] - Test Cases/Engine_Scoring/Engine Scoring: Test Cases/Engine_Scoring/Engine Scoring

2022-11-22 14:43:33 - [TEST_STEP][PASSED] - markPassed("Variasi data ke : " + no): Variasi data ke : 70

2022-11-22 14:43:33 - [MESSAGE][PASSED] - Variasi data ke : 70

2022-11-22 14:43:33 - [TEST_STEP][PASSED] - req_data = sendRequest(findTestObject("Search_ME", ["MID":MID, "source":source, "ip":ip, "userid":userid, "branch":branch, "tipekons":tipekons, "marital":marital, "penjamin":penjamin, ... ])): Send request successfully

2022-11-22 14:43:34 - [MESSAGE][INFO] - HAR: D:\DMS\Engine Scoring\Reports\20221122_143755\Exclude KKB - DS\Scoring Individu - CS\20221122_143756\requests\main\138.har

2022-11-22 14:43:34 - [MESSAGE][PASSED] - Send request successfully

2022-11-22 14:43:34 - [TEST_STEP][PASSED] - slurper = new groovy.json.JsonSlurper(): null

2022-11-22 14:43:34 - [TEST_STEP][PASSED] - result = slurper.parseText(req_data.getResponseBodyContent()): null

2022-11-22 14:43:34 - [TEST_STEP][PASSED] - reqid_kons = requestid1: null

2022-11-22 14:43:34 - [TEST_STEP][PASSED] - reqid_spouse = requestid2: null

2022-11-22 14:43:34 - [TEST_STEP][PASSED] - println("requestid kons : " + reqid_kons): null

2022-11-22 14:43:34 - [TEST_STEP][PASSED] - response_searchME_kons = reqid_kons: null

2022-11-22 14:43:34 - [TEST_STEP][PASSED] - response_searchME_spouse = reqid_spouse: null

2022-11-22 14:43:34 - [TEST_STEP][PASSED] - println("kons req id is :" + response_searchME_kons): null

2022-11-22 14:43:34 - [TEST_STEP][PASSED] - println("spouse req id is : " + response_searchME_spouse): null

2022-11-22 14:43:34 - [TEST_STEP][PASSED] - verifyResponseStatusCode(req_data, 200): Verify response status code successfully

2022-11-22 14:43:34 - [MESSAGE][PASSED] - Verify response status code successfully

2022-11-22 14:43:34 - [TEST_STEP][PASSED] - response = req_data.getResponseText(): null

2022-11-22 14:43:34 - [TEST_STEP][PASSED] - logInfo($response): {"status":"Done","data":{"requestid1":"241610","requestid2":""}}

2022-11-22 14:43:34 - [MESSAGE][INFO] - {"status":"Done","data":{"requestid1":"241610","requestid2":""}}

2022-11-22 14:43:34 - [TEST_STEP][PASSED] - delay(3): Delayed 3 second(s)

2022-11-22 14:43:37 - [MESSAGE][PASSED] - Delayed 3 second(s)

2022-11-22 14:43:37 - [TEST_STEP][PASSED] - scoring = sendRequest(findTestObject("EngineScore", ["response_searchME_kons":response_searchME_kons, "response_searchME_spouse":response_searchME_spouse])): Send request successfully

2022-11-22 14:43:37 - [MESSAGE][INFO] - HAR: D:\DMS\Engine Scoring\Reports\20221122_143755\Exclude KKB - DS\Scoring Individu - CS\20221122_143756\requests\main\139.har

2022-11-22 14:43:37 - [MESSAGE][PASSED] - Send request successfully

2022-11-22 14:43:37 - [TEST_STEP][PASSED] - verifyResponseStatusCode(scoring, 200): Verify response status code successfully

2022-11-22 14:43:37 - [MESSAGE][PASSED] - Verify response status code successfully

2022-11-22 14:43:37 - [TEST_STEP][PASSED] - response2 = scoring.getResponseText(): null

2022-11-22 14:43:37 - [TEST_STEP][PASSED] - markPassed("result service data ke : " + no): result service data ke : 70

2022-11-22 14:43:37 - [MESSAGE][PASSED] - result service data ke : 70

2022-11-22 14:43:37 - [TEST_STEP][PASSED] - logInfo($response2): {"result_konsumen":"Reject","result_pasangan":"","Final_result":"Reject","errorMessage":"","status":"Done"}

2022-11-22 14:43:37 - [MESSAGE][INFO] - {"result_konsumen":"Reject","result_pasangan":"","Final_result":"Reject","errorMessage":"","status":"Done"}

2022-11-22 14:43:37 - [TEST_STEP][PASSED] - verifyElementPropertyValue(scoring, "Final_result", final_result): Verify element property value successfully

2022-11-22 14:43:37 - [MESSAGE][PASSED] - Verify element property value successfully]]></system-out>
         <system-err><![CDATA[]]></system-err>
      </testcase>
      <testcase name="Test Cases/Engine_Scoring/Engine Scoring" time="5.019" classname="Test Cases/Engine_Scoring/Engine Scoring" status="PASSED">
         <system-out><![CDATA[2022-11-22 14:43:37 - [TEST_CASE][PASSED] - Test Cases/Engine_Scoring/Engine Scoring: Test Cases/Engine_Scoring/Engine Scoring

2022-11-22 14:43:38 - [TEST_STEP][PASSED] - markPassed("Variasi data ke : " + no): Variasi data ke : 71

2022-11-22 14:43:38 - [MESSAGE][PASSED] - Variasi data ke : 71

2022-11-22 14:43:38 - [TEST_STEP][PASSED] - req_data = sendRequest(findTestObject("Search_ME", ["MID":MID, "source":source, "ip":ip, "userid":userid, "branch":branch, "tipekons":tipekons, "marital":marital, "penjamin":penjamin, ... ])): Send request successfully

2022-11-22 14:43:39 - [MESSAGE][INFO] - HAR: D:\DMS\Engine Scoring\Reports\20221122_143755\Exclude KKB - DS\Scoring Individu - CS\20221122_143756\requests\main\140.har

2022-11-22 14:43:39 - [MESSAGE][PASSED] - Send request successfully

2022-11-22 14:43:39 - [TEST_STEP][PASSED] - slurper = new groovy.json.JsonSlurper(): null

2022-11-22 14:43:39 - [TEST_STEP][PASSED] - result = slurper.parseText(req_data.getResponseBodyContent()): null

2022-11-22 14:43:39 - [TEST_STEP][PASSED] - reqid_kons = requestid1: null

2022-11-22 14:43:39 - [TEST_STEP][PASSED] - reqid_spouse = requestid2: null

2022-11-22 14:43:39 - [TEST_STEP][PASSED] - println("requestid kons : " + reqid_kons): null

2022-11-22 14:43:39 - [TEST_STEP][PASSED] - response_searchME_kons = reqid_kons: null

2022-11-22 14:43:39 - [TEST_STEP][PASSED] - response_searchME_spouse = reqid_spouse: null

2022-11-22 14:43:39 - [TEST_STEP][PASSED] - println("kons req id is :" + response_searchME_kons): null

2022-11-22 14:43:39 - [TEST_STEP][PASSED] - println("spouse req id is : " + response_searchME_spouse): null

2022-11-22 14:43:39 - [TEST_STEP][PASSED] - verifyResponseStatusCode(req_data, 200): Verify response status code successfully

2022-11-22 14:43:39 - [MESSAGE][PASSED] - Verify response status code successfully

2022-11-22 14:43:39 - [TEST_STEP][PASSED] - response = req_data.getResponseText(): null

2022-11-22 14:43:39 - [TEST_STEP][PASSED] - logInfo($response): {"status":"Done","data":{"requestid1":"241611","requestid2":""}}

2022-11-22 14:43:39 - [MESSAGE][INFO] - {"status":"Done","data":{"requestid1":"241611","requestid2":""}}

2022-11-22 14:43:39 - [TEST_STEP][PASSED] - delay(3): Delayed 3 second(s)

2022-11-22 14:43:42 - [MESSAGE][PASSED] - Delayed 3 second(s)

2022-11-22 14:43:42 - [TEST_STEP][PASSED] - scoring = sendRequest(findTestObject("EngineScore", ["response_searchME_kons":response_searchME_kons, "response_searchME_spouse":response_searchME_spouse])): Send request successfully

2022-11-22 14:43:42 - [MESSAGE][INFO] - HAR: D:\DMS\Engine Scoring\Reports\20221122_143755\Exclude KKB - DS\Scoring Individu - CS\20221122_143756\requests\main\141.har

2022-11-22 14:43:42 - [MESSAGE][PASSED] - Send request successfully

2022-11-22 14:43:42 - [TEST_STEP][PASSED] - verifyResponseStatusCode(scoring, 200): Verify response status code successfully

2022-11-22 14:43:42 - [MESSAGE][PASSED] - Verify response status code successfully

2022-11-22 14:43:42 - [TEST_STEP][PASSED] - response2 = scoring.getResponseText(): null

2022-11-22 14:43:42 - [TEST_STEP][PASSED] - markPassed("result service data ke : " + no): result service data ke : 71

2022-11-22 14:43:42 - [MESSAGE][PASSED] - result service data ke : 71

2022-11-22 14:43:42 - [TEST_STEP][PASSED] - logInfo($response2): {"result_konsumen":"Reject","result_pasangan":"","Final_result":"Reject","errorMessage":"","status":"Done"}

2022-11-22 14:43:42 - [MESSAGE][INFO] - {"result_konsumen":"Reject","result_pasangan":"","Final_result":"Reject","errorMessage":"","status":"Done"}

2022-11-22 14:43:42 - [TEST_STEP][PASSED] - verifyElementPropertyValue(scoring, "Final_result", final_result): Verify element property value successfully

2022-11-22 14:43:42 - [MESSAGE][PASSED] - Verify element property value successfully]]></system-out>
         <system-err><![CDATA[]]></system-err>
      </testcase>
      <testcase name="Test Cases/Engine_Scoring/Engine Scoring" time="4.898" classname="Test Cases/Engine_Scoring/Engine Scoring" status="PASSED">
         <system-out><![CDATA[2022-11-22 14:43:42 - [TEST_CASE][PASSED] - Test Cases/Engine_Scoring/Engine Scoring: Test Cases/Engine_Scoring/Engine Scoring

2022-11-22 14:43:43 - [TEST_STEP][PASSED] - markPassed("Variasi data ke : " + no): Variasi data ke : 72

2022-11-22 14:43:43 - [MESSAGE][PASSED] - Variasi data ke : 72

2022-11-22 14:43:43 - [TEST_STEP][PASSED] - req_data = sendRequest(findTestObject("Search_ME", ["MID":MID, "source":source, "ip":ip, "userid":userid, "branch":branch, "tipekons":tipekons, "marital":marital, "penjamin":penjamin, ... ])): Send request successfully

2022-11-22 14:43:44 - [MESSAGE][INFO] - HAR: D:\DMS\Engine Scoring\Reports\20221122_143755\Exclude KKB - DS\Scoring Individu - CS\20221122_143756\requests\main\142.har

2022-11-22 14:43:44 - [MESSAGE][PASSED] - Send request successfully

2022-11-22 14:43:44 - [TEST_STEP][PASSED] - slurper = new groovy.json.JsonSlurper(): null

2022-11-22 14:43:44 - [TEST_STEP][PASSED] - result = slurper.parseText(req_data.getResponseBodyContent()): null

2022-11-22 14:43:44 - [TEST_STEP][PASSED] - reqid_kons = requestid1: null

2022-11-22 14:43:44 - [TEST_STEP][PASSED] - reqid_spouse = requestid2: null

2022-11-22 14:43:44 - [TEST_STEP][PASSED] - println("requestid kons : " + reqid_kons): null

2022-11-22 14:43:44 - [TEST_STEP][PASSED] - response_searchME_kons = reqid_kons: null

2022-11-22 14:43:44 - [TEST_STEP][PASSED] - response_searchME_spouse = reqid_spouse: null

2022-11-22 14:43:44 - [TEST_STEP][PASSED] - println("kons req id is :" + response_searchME_kons): null

2022-11-22 14:43:44 - [TEST_STEP][PASSED] - println("spouse req id is : " + response_searchME_spouse): null

2022-11-22 14:43:44 - [TEST_STEP][PASSED] - verifyResponseStatusCode(req_data, 200): Verify response status code successfully

2022-11-22 14:43:44 - [MESSAGE][PASSED] - Verify response status code successfully

2022-11-22 14:43:44 - [TEST_STEP][PASSED] - response = req_data.getResponseText(): null

2022-11-22 14:43:44 - [TEST_STEP][PASSED] - logInfo($response): {"status":"Done","data":{"requestid1":"241612","requestid2":""}}

2022-11-22 14:43:44 - [MESSAGE][INFO] - {"status":"Done","data":{"requestid1":"241612","requestid2":""}}

2022-11-22 14:43:44 - [TEST_STEP][PASSED] - delay(3): Delayed 3 second(s)

2022-11-22 14:43:47 - [MESSAGE][PASSED] - Delayed 3 second(s)

2022-11-22 14:43:47 - [TEST_STEP][PASSED] - scoring = sendRequest(findTestObject("EngineScore", ["response_searchME_kons":response_searchME_kons, "response_searchME_spouse":response_searchME_spouse])): Send request successfully

2022-11-22 14:43:47 - [MESSAGE][INFO] - HAR: D:\DMS\Engine Scoring\Reports\20221122_143755\Exclude KKB - DS\Scoring Individu - CS\20221122_143756\requests\main\143.har

2022-11-22 14:43:47 - [MESSAGE][PASSED] - Send request successfully

2022-11-22 14:43:47 - [TEST_STEP][PASSED] - verifyResponseStatusCode(scoring, 200): Verify response status code successfully

2022-11-22 14:43:47 - [MESSAGE][PASSED] - Verify response status code successfully

2022-11-22 14:43:47 - [TEST_STEP][PASSED] - response2 = scoring.getResponseText(): null

2022-11-22 14:43:47 - [TEST_STEP][PASSED] - markPassed("result service data ke : " + no): result service data ke : 72

2022-11-22 14:43:47 - [MESSAGE][PASSED] - result service data ke : 72

2022-11-22 14:43:47 - [TEST_STEP][PASSED] - logInfo($response2): {"result_konsumen":"Reject","result_pasangan":"","Final_result":"Reject","errorMessage":"","status":"Done"}

2022-11-22 14:43:47 - [MESSAGE][INFO] - {"result_konsumen":"Reject","result_pasangan":"","Final_result":"Reject","errorMessage":"","status":"Done"}

2022-11-22 14:43:47 - [TEST_STEP][PASSED] - verifyElementPropertyValue(scoring, "Final_result", final_result): Verify element property value successfully

2022-11-22 14:43:47 - [MESSAGE][PASSED] - Verify element property value successfully]]></system-out>
         <system-err><![CDATA[]]></system-err>
      </testcase>
      <testcase name="Test Cases/Engine_Scoring/Engine Scoring" time="4.867" classname="Test Cases/Engine_Scoring/Engine Scoring" status="PASSED">
         <system-out><![CDATA[2022-11-22 14:43:47 - [TEST_CASE][PASSED] - Test Cases/Engine_Scoring/Engine Scoring: Test Cases/Engine_Scoring/Engine Scoring

2022-11-22 14:43:48 - [TEST_STEP][PASSED] - markPassed("Variasi data ke : " + no): Variasi data ke : 73

2022-11-22 14:43:48 - [MESSAGE][PASSED] - Variasi data ke : 73

2022-11-22 14:43:48 - [TEST_STEP][PASSED] - req_data = sendRequest(findTestObject("Search_ME", ["MID":MID, "source":source, "ip":ip, "userid":userid, "branch":branch, "tipekons":tipekons, "marital":marital, "penjamin":penjamin, ... ])): Send request successfully

2022-11-22 14:43:49 - [MESSAGE][INFO] - HAR: D:\DMS\Engine Scoring\Reports\20221122_143755\Exclude KKB - DS\Scoring Individu - CS\20221122_143756\requests\main\144.har

2022-11-22 14:43:49 - [MESSAGE][PASSED] - Send request successfully

2022-11-22 14:43:49 - [TEST_STEP][PASSED] - slurper = new groovy.json.JsonSlurper(): null

2022-11-22 14:43:49 - [TEST_STEP][PASSED] - result = slurper.parseText(req_data.getResponseBodyContent()): null

2022-11-22 14:43:49 - [TEST_STEP][PASSED] - reqid_kons = requestid1: null

2022-11-22 14:43:49 - [TEST_STEP][PASSED] - reqid_spouse = requestid2: null

2022-11-22 14:43:49 - [TEST_STEP][PASSED] - println("requestid kons : " + reqid_kons): null

2022-11-22 14:43:49 - [TEST_STEP][PASSED] - response_searchME_kons = reqid_kons: null

2022-11-22 14:43:49 - [TEST_STEP][PASSED] - response_searchME_spouse = reqid_spouse: null

2022-11-22 14:43:49 - [TEST_STEP][PASSED] - println("kons req id is :" + response_searchME_kons): null

2022-11-22 14:43:49 - [TEST_STEP][PASSED] - println("spouse req id is : " + response_searchME_spouse): null

2022-11-22 14:43:49 - [TEST_STEP][PASSED] - verifyResponseStatusCode(req_data, 200): Verify response status code successfully

2022-11-22 14:43:49 - [MESSAGE][PASSED] - Verify response status code successfully

2022-11-22 14:43:49 - [TEST_STEP][PASSED] - response = req_data.getResponseText(): null

2022-11-22 14:43:49 - [TEST_STEP][PASSED] - logInfo($response): {"status":"Done","data":{"requestid1":"241613","requestid2":""}}

2022-11-22 14:43:49 - [MESSAGE][INFO] - {"status":"Done","data":{"requestid1":"241613","requestid2":""}}

2022-11-22 14:43:49 - [TEST_STEP][PASSED] - delay(3): Delayed 3 second(s)

2022-11-22 14:43:52 - [MESSAGE][PASSED] - Delayed 3 second(s)

2022-11-22 14:43:52 - [TEST_STEP][PASSED] - scoring = sendRequest(findTestObject("EngineScore", ["response_searchME_kons":response_searchME_kons, "response_searchME_spouse":response_searchME_spouse])): Send request successfully

2022-11-22 14:43:52 - [MESSAGE][INFO] - HAR: D:\DMS\Engine Scoring\Reports\20221122_143755\Exclude KKB - DS\Scoring Individu - CS\20221122_143756\requests\main\145.har

2022-11-22 14:43:52 - [MESSAGE][PASSED] - Send request successfully

2022-11-22 14:43:52 - [TEST_STEP][PASSED] - verifyResponseStatusCode(scoring, 200): Verify response status code successfully

2022-11-22 14:43:52 - [MESSAGE][PASSED] - Verify response status code successfully

2022-11-22 14:43:52 - [TEST_STEP][PASSED] - response2 = scoring.getResponseText(): null

2022-11-22 14:43:52 - [TEST_STEP][PASSED] - markPassed("result service data ke : " + no): result service data ke : 73

2022-11-22 14:43:52 - [MESSAGE][PASSED] - result service data ke : 73

2022-11-22 14:43:52 - [TEST_STEP][PASSED] - logInfo($response2): {"result_konsumen":"Approve","result_pasangan":"","Final_result":"Approve","errorMessage":"","status":"Done"}

2022-11-22 14:43:52 - [MESSAGE][INFO] - {"result_konsumen":"Approve","result_pasangan":"","Final_result":"Approve","errorMessage":"","status":"Done"}

2022-11-22 14:43:52 - [TEST_STEP][PASSED] - verifyElementPropertyValue(scoring, "Final_result", final_result): Verify element property value successfully

2022-11-22 14:43:52 - [MESSAGE][PASSED] - Verify element property value successfully]]></system-out>
         <system-err><![CDATA[]]></system-err>
      </testcase>
      <testcase name="Test Cases/Engine_Scoring/Engine Scoring" time="4.756" classname="Test Cases/Engine_Scoring/Engine Scoring" status="PASSED">
         <system-out><![CDATA[2022-11-22 14:43:52 - [TEST_CASE][PASSED] - Test Cases/Engine_Scoring/Engine Scoring: Test Cases/Engine_Scoring/Engine Scoring

2022-11-22 14:43:53 - [TEST_STEP][PASSED] - markPassed("Variasi data ke : " + no): Variasi data ke : 74

2022-11-22 14:43:53 - [MESSAGE][PASSED] - Variasi data ke : 74

2022-11-22 14:43:53 - [TEST_STEP][PASSED] - req_data = sendRequest(findTestObject("Search_ME", ["MID":MID, "source":source, "ip":ip, "userid":userid, "branch":branch, "tipekons":tipekons, "marital":marital, "penjamin":penjamin, ... ])): Send request successfully

2022-11-22 14:43:54 - [MESSAGE][INFO] - HAR: D:\DMS\Engine Scoring\Reports\20221122_143755\Exclude KKB - DS\Scoring Individu - CS\20221122_143756\requests\main\146.har

2022-11-22 14:43:54 - [MESSAGE][PASSED] - Send request successfully

2022-11-22 14:43:54 - [TEST_STEP][PASSED] - slurper = new groovy.json.JsonSlurper(): null

2022-11-22 14:43:54 - [TEST_STEP][PASSED] - result = slurper.parseText(req_data.getResponseBodyContent()): null

2022-11-22 14:43:54 - [TEST_STEP][PASSED] - reqid_kons = requestid1: null

2022-11-22 14:43:54 - [TEST_STEP][PASSED] - reqid_spouse = requestid2: null

2022-11-22 14:43:54 - [TEST_STEP][PASSED] - println("requestid kons : " + reqid_kons): null

2022-11-22 14:43:54 - [TEST_STEP][PASSED] - response_searchME_kons = reqid_kons: null

2022-11-22 14:43:54 - [TEST_STEP][PASSED] - response_searchME_spouse = reqid_spouse: null

2022-11-22 14:43:54 - [TEST_STEP][PASSED] - println("kons req id is :" + response_searchME_kons): null

2022-11-22 14:43:54 - [TEST_STEP][PASSED] - println("spouse req id is : " + response_searchME_spouse): null

2022-11-22 14:43:54 - [TEST_STEP][PASSED] - verifyResponseStatusCode(req_data, 200): Verify response status code successfully

2022-11-22 14:43:54 - [MESSAGE][PASSED] - Verify response status code successfully

2022-11-22 14:43:54 - [TEST_STEP][PASSED] - response = req_data.getResponseText(): null

2022-11-22 14:43:54 - [TEST_STEP][PASSED] - logInfo($response): {"status":"Done","data":{"requestid1":"241614","requestid2":""}}

2022-11-22 14:43:54 - [MESSAGE][INFO] - {"status":"Done","data":{"requestid1":"241614","requestid2":""}}

2022-11-22 14:43:54 - [TEST_STEP][PASSED] - delay(3): Delayed 3 second(s)

2022-11-22 14:43:57 - [MESSAGE][PASSED] - Delayed 3 second(s)

2022-11-22 14:43:57 - [TEST_STEP][PASSED] - scoring = sendRequest(findTestObject("EngineScore", ["response_searchME_kons":response_searchME_kons, "response_searchME_spouse":response_searchME_spouse])): Send request successfully

2022-11-22 14:43:57 - [MESSAGE][INFO] - HAR: D:\DMS\Engine Scoring\Reports\20221122_143755\Exclude KKB - DS\Scoring Individu - CS\20221122_143756\requests\main\147.har

2022-11-22 14:43:57 - [MESSAGE][PASSED] - Send request successfully

2022-11-22 14:43:57 - [TEST_STEP][PASSED] - verifyResponseStatusCode(scoring, 200): Verify response status code successfully

2022-11-22 14:43:57 - [MESSAGE][PASSED] - Verify response status code successfully

2022-11-22 14:43:57 - [TEST_STEP][PASSED] - response2 = scoring.getResponseText(): null

2022-11-22 14:43:57 - [TEST_STEP][PASSED] - markPassed("result service data ke : " + no): result service data ke : 74

2022-11-22 14:43:57 - [MESSAGE][PASSED] - result service data ke : 74

2022-11-22 14:43:57 - [TEST_STEP][PASSED] - logInfo($response2): {"result_konsumen":"Approve","result_pasangan":"","Final_result":"Approve","errorMessage":"","status":"Done"}

2022-11-22 14:43:57 - [MESSAGE][INFO] - {"result_konsumen":"Approve","result_pasangan":"","Final_result":"Approve","errorMessage":"","status":"Done"}

2022-11-22 14:43:57 - [TEST_STEP][PASSED] - verifyElementPropertyValue(scoring, "Final_result", final_result): Verify element property value successfully

2022-11-22 14:43:57 - [MESSAGE][PASSED] - Verify element property value successfully]]></system-out>
         <system-err><![CDATA[]]></system-err>
      </testcase>
      <testcase name="Test Cases/Engine_Scoring/Engine Scoring" time="4.838" classname="Test Cases/Engine_Scoring/Engine Scoring" status="PASSED">
         <system-out><![CDATA[2022-11-22 14:43:57 - [TEST_CASE][PASSED] - Test Cases/Engine_Scoring/Engine Scoring: Test Cases/Engine_Scoring/Engine Scoring

2022-11-22 14:43:58 - [TEST_STEP][PASSED] - markPassed("Variasi data ke : " + no): Variasi data ke : 75

2022-11-22 14:43:58 - [MESSAGE][PASSED] - Variasi data ke : 75

2022-11-22 14:43:58 - [TEST_STEP][PASSED] - req_data = sendRequest(findTestObject("Search_ME", ["MID":MID, "source":source, "ip":ip, "userid":userid, "branch":branch, "tipekons":tipekons, "marital":marital, "penjamin":penjamin, ... ])): Send request successfully

2022-11-22 14:43:59 - [MESSAGE][INFO] - HAR: D:\DMS\Engine Scoring\Reports\20221122_143755\Exclude KKB - DS\Scoring Individu - CS\20221122_143756\requests\main\148.har

2022-11-22 14:43:59 - [MESSAGE][PASSED] - Send request successfully

2022-11-22 14:43:59 - [TEST_STEP][PASSED] - slurper = new groovy.json.JsonSlurper(): null

2022-11-22 14:43:59 - [TEST_STEP][PASSED] - result = slurper.parseText(req_data.getResponseBodyContent()): null

2022-11-22 14:43:59 - [TEST_STEP][PASSED] - reqid_kons = requestid1: null

2022-11-22 14:43:59 - [TEST_STEP][PASSED] - reqid_spouse = requestid2: null

2022-11-22 14:43:59 - [TEST_STEP][PASSED] - println("requestid kons : " + reqid_kons): null

2022-11-22 14:43:59 - [TEST_STEP][PASSED] - response_searchME_kons = reqid_kons: null

2022-11-22 14:43:59 - [TEST_STEP][PASSED] - response_searchME_spouse = reqid_spouse: null

2022-11-22 14:43:59 - [TEST_STEP][PASSED] - println("kons req id is :" + response_searchME_kons): null

2022-11-22 14:43:59 - [TEST_STEP][PASSED] - println("spouse req id is : " + response_searchME_spouse): null

2022-11-22 14:43:59 - [TEST_STEP][PASSED] - verifyResponseStatusCode(req_data, 200): Verify response status code successfully

2022-11-22 14:43:59 - [MESSAGE][PASSED] - Verify response status code successfully

2022-11-22 14:43:59 - [TEST_STEP][PASSED] - response = req_data.getResponseText(): null

2022-11-22 14:43:59 - [TEST_STEP][PASSED] - logInfo($response): {"status":"Done","data":{"requestid1":"241615","requestid2":""}}

2022-11-22 14:43:59 - [MESSAGE][INFO] - {"status":"Done","data":{"requestid1":"241615","requestid2":""}}

2022-11-22 14:43:59 - [TEST_STEP][PASSED] - delay(3): Delayed 3 second(s)

2022-11-22 14:44:02 - [MESSAGE][PASSED] - Delayed 3 second(s)

2022-11-22 14:44:02 - [TEST_STEP][PASSED] - scoring = sendRequest(findTestObject("EngineScore", ["response_searchME_kons":response_searchME_kons, "response_searchME_spouse":response_searchME_spouse])): Send request successfully

2022-11-22 14:44:02 - [MESSAGE][INFO] - HAR: D:\DMS\Engine Scoring\Reports\20221122_143755\Exclude KKB - DS\Scoring Individu - CS\20221122_143756\requests\main\149.har

2022-11-22 14:44:02 - [MESSAGE][PASSED] - Send request successfully

2022-11-22 14:44:02 - [TEST_STEP][PASSED] - verifyResponseStatusCode(scoring, 200): Verify response status code successfully

2022-11-22 14:44:02 - [MESSAGE][PASSED] - Verify response status code successfully

2022-11-22 14:44:02 - [TEST_STEP][PASSED] - response2 = scoring.getResponseText(): null

2022-11-22 14:44:02 - [TEST_STEP][PASSED] - markPassed("result service data ke : " + no): result service data ke : 75

2022-11-22 14:44:02 - [MESSAGE][PASSED] - result service data ke : 75

2022-11-22 14:44:02 - [TEST_STEP][PASSED] - logInfo($response2): {"result_konsumen":"Approve","result_pasangan":"","Final_result":"Approve","errorMessage":"","status":"Done"}

2022-11-22 14:44:02 - [MESSAGE][INFO] - {"result_konsumen":"Approve","result_pasangan":"","Final_result":"Approve","errorMessage":"","status":"Done"}

2022-11-22 14:44:02 - [TEST_STEP][PASSED] - verifyElementPropertyValue(scoring, "Final_result", final_result): Verify element property value successfully

2022-11-22 14:44:02 - [MESSAGE][PASSED] - Verify element property value successfully]]></system-out>
         <system-err><![CDATA[]]></system-err>
      </testcase>
      <testcase name="Test Cases/Engine_Scoring/Engine Scoring" time="6.147" classname="Test Cases/Engine_Scoring/Engine Scoring" status="PASSED">
         <system-out><![CDATA[2022-11-22 14:44:02 - [TEST_CASE][PASSED] - Test Cases/Engine_Scoring/Engine Scoring: Test Cases/Engine_Scoring/Engine Scoring

2022-11-22 14:44:03 - [TEST_STEP][PASSED] - markPassed("Variasi data ke : " + no): Variasi data ke : 76

2022-11-22 14:44:03 - [MESSAGE][PASSED] - Variasi data ke : 76

2022-11-22 14:44:03 - [TEST_STEP][PASSED] - req_data = sendRequest(findTestObject("Search_ME", ["MID":MID, "source":source, "ip":ip, "userid":userid, "branch":branch, "tipekons":tipekons, "marital":marital, "penjamin":penjamin, ... ])): Send request successfully

2022-11-22 14:44:05 - [MESSAGE][INFO] - HAR: D:\DMS\Engine Scoring\Reports\20221122_143755\Exclude KKB - DS\Scoring Individu - CS\20221122_143756\requests\main\150.har

2022-11-22 14:44:05 - [MESSAGE][PASSED] - Send request successfully

2022-11-22 14:44:05 - [TEST_STEP][PASSED] - slurper = new groovy.json.JsonSlurper(): null

2022-11-22 14:44:05 - [TEST_STEP][PASSED] - result = slurper.parseText(req_data.getResponseBodyContent()): null

2022-11-22 14:44:05 - [TEST_STEP][PASSED] - reqid_kons = requestid1: null

2022-11-22 14:44:05 - [TEST_STEP][PASSED] - reqid_spouse = requestid2: null

2022-11-22 14:44:05 - [TEST_STEP][PASSED] - println("requestid kons : " + reqid_kons): null

2022-11-22 14:44:05 - [TEST_STEP][PASSED] - response_searchME_kons = reqid_kons: null

2022-11-22 14:44:05 - [TEST_STEP][PASSED] - response_searchME_spouse = reqid_spouse: null

2022-11-22 14:44:05 - [TEST_STEP][PASSED] - println("kons req id is :" + response_searchME_kons): null

2022-11-22 14:44:05 - [TEST_STEP][PASSED] - println("spouse req id is : " + response_searchME_spouse): null

2022-11-22 14:44:05 - [TEST_STEP][PASSED] - verifyResponseStatusCode(req_data, 200): Verify response status code successfully

2022-11-22 14:44:05 - [MESSAGE][PASSED] - Verify response status code successfully

2022-11-22 14:44:05 - [TEST_STEP][PASSED] - response = req_data.getResponseText(): null

2022-11-22 14:44:05 - [TEST_STEP][PASSED] - logInfo($response): {"status":"Done","data":{"requestid1":"241616","requestid2":""}}

2022-11-22 14:44:05 - [MESSAGE][INFO] - {"status":"Done","data":{"requestid1":"241616","requestid2":""}}

2022-11-22 14:44:05 - [TEST_STEP][PASSED] - delay(3): Delayed 3 second(s)

2022-11-22 14:44:08 - [MESSAGE][PASSED] - Delayed 3 second(s)

2022-11-22 14:44:08 - [TEST_STEP][PASSED] - scoring = sendRequest(findTestObject("EngineScore", ["response_searchME_kons":response_searchME_kons, "response_searchME_spouse":response_searchME_spouse])): Send request successfully

2022-11-22 14:44:08 - [MESSAGE][INFO] - HAR: D:\DMS\Engine Scoring\Reports\20221122_143755\Exclude KKB - DS\Scoring Individu - CS\20221122_143756\requests\main\151.har

2022-11-22 14:44:08 - [MESSAGE][PASSED] - Send request successfully

2022-11-22 14:44:08 - [TEST_STEP][PASSED] - verifyResponseStatusCode(scoring, 200): Verify response status code successfully

2022-11-22 14:44:08 - [MESSAGE][PASSED] - Verify response status code successfully

2022-11-22 14:44:08 - [TEST_STEP][PASSED] - response2 = scoring.getResponseText(): null

2022-11-22 14:44:08 - [TEST_STEP][PASSED] - markPassed("result service data ke : " + no): result service data ke : 76

2022-11-22 14:44:08 - [MESSAGE][PASSED] - result service data ke : 76

2022-11-22 14:44:08 - [TEST_STEP][PASSED] - logInfo($response2): {"result_konsumen":"Approve","result_pasangan":"","Final_result":"Approve","errorMessage":"","status":"Done"}

2022-11-22 14:44:08 - [MESSAGE][INFO] - {"result_konsumen":"Approve","result_pasangan":"","Final_result":"Approve","errorMessage":"","status":"Done"}

2022-11-22 14:44:08 - [TEST_STEP][PASSED] - verifyElementPropertyValue(scoring, "Final_result", final_result): Verify element property value successfully

2022-11-22 14:44:08 - [MESSAGE][PASSED] - Verify element property value successfully]]></system-out>
         <system-err><![CDATA[]]></system-err>
      </testcase>
      <testcase name="Test Cases/Engine_Scoring/Engine Scoring" time="4.923" classname="Test Cases/Engine_Scoring/Engine Scoring" status="PASSED">
         <system-out><![CDATA[2022-11-22 14:44:08 - [TEST_CASE][PASSED] - Test Cases/Engine_Scoring/Engine Scoring: Test Cases/Engine_Scoring/Engine Scoring

2022-11-22 14:44:09 - [TEST_STEP][PASSED] - markPassed("Variasi data ke : " + no): Variasi data ke : 77

2022-11-22 14:44:09 - [MESSAGE][PASSED] - Variasi data ke : 77

2022-11-22 14:44:09 - [TEST_STEP][PASSED] - req_data = sendRequest(findTestObject("Search_ME", ["MID":MID, "source":source, "ip":ip, "userid":userid, "branch":branch, "tipekons":tipekons, "marital":marital, "penjamin":penjamin, ... ])): Send request successfully

2022-11-22 14:44:10 - [MESSAGE][INFO] - HAR: D:\DMS\Engine Scoring\Reports\20221122_143755\Exclude KKB - DS\Scoring Individu - CS\20221122_143756\requests\main\152.har

2022-11-22 14:44:10 - [MESSAGE][PASSED] - Send request successfully

2022-11-22 14:44:10 - [TEST_STEP][PASSED] - slurper = new groovy.json.JsonSlurper(): null

2022-11-22 14:44:10 - [TEST_STEP][PASSED] - result = slurper.parseText(req_data.getResponseBodyContent()): null

2022-11-22 14:44:10 - [TEST_STEP][PASSED] - reqid_kons = requestid1: null

2022-11-22 14:44:10 - [TEST_STEP][PASSED] - reqid_spouse = requestid2: null

2022-11-22 14:44:10 - [TEST_STEP][PASSED] - println("requestid kons : " + reqid_kons): null

2022-11-22 14:44:10 - [TEST_STEP][PASSED] - response_searchME_kons = reqid_kons: null

2022-11-22 14:44:10 - [TEST_STEP][PASSED] - response_searchME_spouse = reqid_spouse: null

2022-11-22 14:44:10 - [TEST_STEP][PASSED] - println("kons req id is :" + response_searchME_kons): null

2022-11-22 14:44:10 - [TEST_STEP][PASSED] - println("spouse req id is : " + response_searchME_spouse): null

2022-11-22 14:44:10 - [TEST_STEP][PASSED] - verifyResponseStatusCode(req_data, 200): Verify response status code successfully

2022-11-22 14:44:10 - [MESSAGE][PASSED] - Verify response status code successfully

2022-11-22 14:44:10 - [TEST_STEP][PASSED] - response = req_data.getResponseText(): null

2022-11-22 14:44:10 - [TEST_STEP][PASSED] - logInfo($response): {"status":"Done","data":{"requestid1":"241617","requestid2":""}}

2022-11-22 14:44:10 - [MESSAGE][INFO] - {"status":"Done","data":{"requestid1":"241617","requestid2":""}}

2022-11-22 14:44:10 - [TEST_STEP][PASSED] - delay(3): Delayed 3 second(s)

2022-11-22 14:44:13 - [MESSAGE][PASSED] - Delayed 3 second(s)

2022-11-22 14:44:13 - [TEST_STEP][PASSED] - scoring = sendRequest(findTestObject("EngineScore", ["response_searchME_kons":response_searchME_kons, "response_searchME_spouse":response_searchME_spouse])): Send request successfully

2022-11-22 14:44:13 - [MESSAGE][INFO] - HAR: D:\DMS\Engine Scoring\Reports\20221122_143755\Exclude KKB - DS\Scoring Individu - CS\20221122_143756\requests\main\153.har

2022-11-22 14:44:13 - [MESSAGE][PASSED] - Send request successfully

2022-11-22 14:44:13 - [TEST_STEP][PASSED] - verifyResponseStatusCode(scoring, 200): Verify response status code successfully

2022-11-22 14:44:13 - [MESSAGE][PASSED] - Verify response status code successfully

2022-11-22 14:44:13 - [TEST_STEP][PASSED] - response2 = scoring.getResponseText(): null

2022-11-22 14:44:13 - [TEST_STEP][PASSED] - markPassed("result service data ke : " + no): result service data ke : 77

2022-11-22 14:44:13 - [MESSAGE][PASSED] - result service data ke : 77

2022-11-22 14:44:13 - [TEST_STEP][PASSED] - logInfo($response2): {"result_konsumen":"Reject","result_pasangan":"","Final_result":"Reject","errorMessage":"","status":"Done"}

2022-11-22 14:44:13 - [MESSAGE][INFO] - {"result_konsumen":"Reject","result_pasangan":"","Final_result":"Reject","errorMessage":"","status":"Done"}

2022-11-22 14:44:13 - [TEST_STEP][PASSED] - verifyElementPropertyValue(scoring, "Final_result", final_result): Verify element property value successfully

2022-11-22 14:44:13 - [MESSAGE][PASSED] - Verify element property value successfully]]></system-out>
         <system-err><![CDATA[]]></system-err>
      </testcase>
      <testcase name="Test Cases/Engine_Scoring/Engine Scoring" time="4.889" classname="Test Cases/Engine_Scoring/Engine Scoring" status="PASSED">
         <system-out><![CDATA[2022-11-22 14:44:13 - [TEST_CASE][PASSED] - Test Cases/Engine_Scoring/Engine Scoring: Test Cases/Engine_Scoring/Engine Scoring

2022-11-22 14:44:14 - [TEST_STEP][PASSED] - markPassed("Variasi data ke : " + no): Variasi data ke : 78

2022-11-22 14:44:14 - [MESSAGE][PASSED] - Variasi data ke : 78

2022-11-22 14:44:14 - [TEST_STEP][PASSED] - req_data = sendRequest(findTestObject("Search_ME", ["MID":MID, "source":source, "ip":ip, "userid":userid, "branch":branch, "tipekons":tipekons, "marital":marital, "penjamin":penjamin, ... ])): Send request successfully

2022-11-22 14:44:15 - [MESSAGE][INFO] - HAR: D:\DMS\Engine Scoring\Reports\20221122_143755\Exclude KKB - DS\Scoring Individu - CS\20221122_143756\requests\main\154.har

2022-11-22 14:44:15 - [MESSAGE][PASSED] - Send request successfully

2022-11-22 14:44:15 - [TEST_STEP][PASSED] - slurper = new groovy.json.JsonSlurper(): null

2022-11-22 14:44:15 - [TEST_STEP][PASSED] - result = slurper.parseText(req_data.getResponseBodyContent()): null

2022-11-22 14:44:15 - [TEST_STEP][PASSED] - reqid_kons = requestid1: null

2022-11-22 14:44:15 - [TEST_STEP][PASSED] - reqid_spouse = requestid2: null

2022-11-22 14:44:15 - [TEST_STEP][PASSED] - println("requestid kons : " + reqid_kons): null

2022-11-22 14:44:15 - [TEST_STEP][PASSED] - response_searchME_kons = reqid_kons: null

2022-11-22 14:44:15 - [TEST_STEP][PASSED] - response_searchME_spouse = reqid_spouse: null

2022-11-22 14:44:15 - [TEST_STEP][PASSED] - println("kons req id is :" + response_searchME_kons): null

2022-11-22 14:44:15 - [TEST_STEP][PASSED] - println("spouse req id is : " + response_searchME_spouse): null

2022-11-22 14:44:15 - [TEST_STEP][PASSED] - verifyResponseStatusCode(req_data, 200): Verify response status code successfully

2022-11-22 14:44:15 - [MESSAGE][PASSED] - Verify response status code successfully

2022-11-22 14:44:15 - [TEST_STEP][PASSED] - response = req_data.getResponseText(): null

2022-11-22 14:44:15 - [TEST_STEP][PASSED] - logInfo($response): {"status":"Done","data":{"requestid1":"241618","requestid2":""}}

2022-11-22 14:44:15 - [MESSAGE][INFO] - {"status":"Done","data":{"requestid1":"241618","requestid2":""}}

2022-11-22 14:44:15 - [TEST_STEP][PASSED] - delay(3): Delayed 3 second(s)

2022-11-22 14:44:18 - [MESSAGE][PASSED] - Delayed 3 second(s)

2022-11-22 14:44:18 - [TEST_STEP][PASSED] - scoring = sendRequest(findTestObject("EngineScore", ["response_searchME_kons":response_searchME_kons, "response_searchME_spouse":response_searchME_spouse])): Send request successfully

2022-11-22 14:44:18 - [MESSAGE][INFO] - HAR: D:\DMS\Engine Scoring\Reports\20221122_143755\Exclude KKB - DS\Scoring Individu - CS\20221122_143756\requests\main\155.har

2022-11-22 14:44:18 - [MESSAGE][PASSED] - Send request successfully

2022-11-22 14:44:18 - [TEST_STEP][PASSED] - verifyResponseStatusCode(scoring, 200): Verify response status code successfully

2022-11-22 14:44:18 - [MESSAGE][PASSED] - Verify response status code successfully

2022-11-22 14:44:18 - [TEST_STEP][PASSED] - response2 = scoring.getResponseText(): null

2022-11-22 14:44:18 - [TEST_STEP][PASSED] - markPassed("result service data ke : " + no): result service data ke : 78

2022-11-22 14:44:18 - [MESSAGE][PASSED] - result service data ke : 78

2022-11-22 14:44:18 - [TEST_STEP][PASSED] - logInfo($response2): {"result_konsumen":"Reject","result_pasangan":"","Final_result":"Reject","errorMessage":"","status":"Done"}

2022-11-22 14:44:18 - [MESSAGE][INFO] - {"result_konsumen":"Reject","result_pasangan":"","Final_result":"Reject","errorMessage":"","status":"Done"}

2022-11-22 14:44:18 - [TEST_STEP][PASSED] - verifyElementPropertyValue(scoring, "Final_result", final_result): Verify element property value successfully

2022-11-22 14:44:18 - [MESSAGE][PASSED] - Verify element property value successfully]]></system-out>
         <system-err><![CDATA[]]></system-err>
      </testcase>
      <testcase name="Test Cases/Engine_Scoring/Engine Scoring" time="4.897" classname="Test Cases/Engine_Scoring/Engine Scoring" status="PASSED">
         <system-out><![CDATA[2022-11-22 14:44:18 - [TEST_CASE][PASSED] - Test Cases/Engine_Scoring/Engine Scoring: Test Cases/Engine_Scoring/Engine Scoring

2022-11-22 14:44:19 - [TEST_STEP][PASSED] - markPassed("Variasi data ke : " + no): Variasi data ke : 79

2022-11-22 14:44:19 - [MESSAGE][PASSED] - Variasi data ke : 79

2022-11-22 14:44:19 - [TEST_STEP][PASSED] - req_data = sendRequest(findTestObject("Search_ME", ["MID":MID, "source":source, "ip":ip, "userid":userid, "branch":branch, "tipekons":tipekons, "marital":marital, "penjamin":penjamin, ... ])): Send request successfully

2022-11-22 14:44:20 - [MESSAGE][INFO] - HAR: D:\DMS\Engine Scoring\Reports\20221122_143755\Exclude KKB - DS\Scoring Individu - CS\20221122_143756\requests\main\156.har

2022-11-22 14:44:20 - [MESSAGE][PASSED] - Send request successfully

2022-11-22 14:44:20 - [TEST_STEP][PASSED] - slurper = new groovy.json.JsonSlurper(): null

2022-11-22 14:44:20 - [TEST_STEP][PASSED] - result = slurper.parseText(req_data.getResponseBodyContent()): null

2022-11-22 14:44:20 - [TEST_STEP][PASSED] - reqid_kons = requestid1: null

2022-11-22 14:44:20 - [TEST_STEP][PASSED] - reqid_spouse = requestid2: null

2022-11-22 14:44:20 - [TEST_STEP][PASSED] - println("requestid kons : " + reqid_kons): null

2022-11-22 14:44:20 - [TEST_STEP][PASSED] - response_searchME_kons = reqid_kons: null

2022-11-22 14:44:20 - [TEST_STEP][PASSED] - response_searchME_spouse = reqid_spouse: null

2022-11-22 14:44:20 - [TEST_STEP][PASSED] - println("kons req id is :" + response_searchME_kons): null

2022-11-22 14:44:20 - [TEST_STEP][PASSED] - println("spouse req id is : " + response_searchME_spouse): null

2022-11-22 14:44:20 - [TEST_STEP][PASSED] - verifyResponseStatusCode(req_data, 200): Verify response status code successfully

2022-11-22 14:44:20 - [MESSAGE][PASSED] - Verify response status code successfully

2022-11-22 14:44:20 - [TEST_STEP][PASSED] - response = req_data.getResponseText(): null

2022-11-22 14:44:20 - [TEST_STEP][PASSED] - logInfo($response): {"status":"Done","data":{"requestid1":"241619","requestid2":""}}

2022-11-22 14:44:20 - [MESSAGE][INFO] - {"status":"Done","data":{"requestid1":"241619","requestid2":""}}

2022-11-22 14:44:20 - [TEST_STEP][PASSED] - delay(3): Delayed 3 second(s)

2022-11-22 14:44:23 - [MESSAGE][PASSED] - Delayed 3 second(s)

2022-11-22 14:44:23 - [TEST_STEP][PASSED] - scoring = sendRequest(findTestObject("EngineScore", ["response_searchME_kons":response_searchME_kons, "response_searchME_spouse":response_searchME_spouse])): Send request successfully

2022-11-22 14:44:23 - [MESSAGE][INFO] - HAR: D:\DMS\Engine Scoring\Reports\20221122_143755\Exclude KKB - DS\Scoring Individu - CS\20221122_143756\requests\main\157.har

2022-11-22 14:44:23 - [MESSAGE][PASSED] - Send request successfully

2022-11-22 14:44:23 - [TEST_STEP][PASSED] - verifyResponseStatusCode(scoring, 200): Verify response status code successfully

2022-11-22 14:44:23 - [MESSAGE][PASSED] - Verify response status code successfully

2022-11-22 14:44:23 - [TEST_STEP][PASSED] - response2 = scoring.getResponseText(): null

2022-11-22 14:44:23 - [TEST_STEP][PASSED] - markPassed("result service data ke : " + no): result service data ke : 79

2022-11-22 14:44:23 - [MESSAGE][PASSED] - result service data ke : 79

2022-11-22 14:44:23 - [TEST_STEP][PASSED] - logInfo($response2): {"result_konsumen":"Reject","result_pasangan":"","Final_result":"Reject","errorMessage":"","status":"Done"}

2022-11-22 14:44:23 - [MESSAGE][INFO] - {"result_konsumen":"Reject","result_pasangan":"","Final_result":"Reject","errorMessage":"","status":"Done"}

2022-11-22 14:44:23 - [TEST_STEP][PASSED] - verifyElementPropertyValue(scoring, "Final_result", final_result): Verify element property value successfully

2022-11-22 14:44:23 - [MESSAGE][PASSED] - Verify element property value successfully]]></system-out>
         <system-err><![CDATA[]]></system-err>
      </testcase>
      <testcase name="Test Cases/Engine_Scoring/Engine Scoring" time="4.795" classname="Test Cases/Engine_Scoring/Engine Scoring" status="PASSED">
         <system-out><![CDATA[2022-11-22 14:44:23 - [TEST_CASE][PASSED] - Test Cases/Engine_Scoring/Engine Scoring: Test Cases/Engine_Scoring/Engine Scoring

2022-11-22 14:44:24 - [TEST_STEP][PASSED] - markPassed("Variasi data ke : " + no): Variasi data ke : 80

2022-11-22 14:44:24 - [MESSAGE][PASSED] - Variasi data ke : 80

2022-11-22 14:44:24 - [TEST_STEP][PASSED] - req_data = sendRequest(findTestObject("Search_ME", ["MID":MID, "source":source, "ip":ip, "userid":userid, "branch":branch, "tipekons":tipekons, "marital":marital, "penjamin":penjamin, ... ])): Send request successfully

2022-11-22 14:44:24 - [MESSAGE][INFO] - HAR: D:\DMS\Engine Scoring\Reports\20221122_143755\Exclude KKB - DS\Scoring Individu - CS\20221122_143756\requests\main\158.har

2022-11-22 14:44:24 - [MESSAGE][PASSED] - Send request successfully

2022-11-22 14:44:24 - [TEST_STEP][PASSED] - slurper = new groovy.json.JsonSlurper(): null

2022-11-22 14:44:24 - [TEST_STEP][PASSED] - result = slurper.parseText(req_data.getResponseBodyContent()): null

2022-11-22 14:44:24 - [TEST_STEP][PASSED] - reqid_kons = requestid1: null

2022-11-22 14:44:24 - [TEST_STEP][PASSED] - reqid_spouse = requestid2: null

2022-11-22 14:44:24 - [TEST_STEP][PASSED] - println("requestid kons : " + reqid_kons): null

2022-11-22 14:44:24 - [TEST_STEP][PASSED] - response_searchME_kons = reqid_kons: null

2022-11-22 14:44:24 - [TEST_STEP][PASSED] - response_searchME_spouse = reqid_spouse: null

2022-11-22 14:44:24 - [TEST_STEP][PASSED] - println("kons req id is :" + response_searchME_kons): null

2022-11-22 14:44:24 - [TEST_STEP][PASSED] - println("spouse req id is : " + response_searchME_spouse): null

2022-11-22 14:44:24 - [TEST_STEP][PASSED] - verifyResponseStatusCode(req_data, 200): Verify response status code successfully

2022-11-22 14:44:24 - [MESSAGE][PASSED] - Verify response status code successfully

2022-11-22 14:44:24 - [TEST_STEP][PASSED] - response = req_data.getResponseText(): null

2022-11-22 14:44:24 - [TEST_STEP][PASSED] - logInfo($response): {"status":"Done","data":{"requestid1":"241620","requestid2":""}}

2022-11-22 14:44:24 - [MESSAGE][INFO] - {"status":"Done","data":{"requestid1":"241620","requestid2":""}}

2022-11-22 14:44:24 - [TEST_STEP][PASSED] - delay(3): Delayed 3 second(s)

2022-11-22 14:44:27 - [MESSAGE][PASSED] - Delayed 3 second(s)

2022-11-22 14:44:27 - [TEST_STEP][PASSED] - scoring = sendRequest(findTestObject("EngineScore", ["response_searchME_kons":response_searchME_kons, "response_searchME_spouse":response_searchME_spouse])): Send request successfully

2022-11-22 14:44:28 - [MESSAGE][INFO] - HAR: D:\DMS\Engine Scoring\Reports\20221122_143755\Exclude KKB - DS\Scoring Individu - CS\20221122_143756\requests\main\159.har

2022-11-22 14:44:28 - [MESSAGE][PASSED] - Send request successfully

2022-11-22 14:44:28 - [TEST_STEP][PASSED] - verifyResponseStatusCode(scoring, 200): Verify response status code successfully

2022-11-22 14:44:28 - [MESSAGE][PASSED] - Verify response status code successfully

2022-11-22 14:44:28 - [TEST_STEP][PASSED] - response2 = scoring.getResponseText(): null

2022-11-22 14:44:28 - [TEST_STEP][PASSED] - markPassed("result service data ke : " + no): result service data ke : 80

2022-11-22 14:44:28 - [MESSAGE][PASSED] - result service data ke : 80

2022-11-22 14:44:28 - [TEST_STEP][PASSED] - logInfo($response2): {"result_konsumen":"Reject","result_pasangan":"","Final_result":"Reject","errorMessage":"","status":"Done"}

2022-11-22 14:44:28 - [MESSAGE][INFO] - {"result_konsumen":"Reject","result_pasangan":"","Final_result":"Reject","errorMessage":"","status":"Done"}

2022-11-22 14:44:28 - [TEST_STEP][PASSED] - verifyElementPropertyValue(scoring, "Final_result", final_result): Verify element property value successfully

2022-11-22 14:44:28 - [MESSAGE][PASSED] - Verify element property value successfully]]></system-out>
         <system-err><![CDATA[]]></system-err>
      </testcase>
      <testcase name="Test Cases/Engine_Scoring/Engine Scoring" time="4.793" classname="Test Cases/Engine_Scoring/Engine Scoring" status="PASSED">
         <system-out><![CDATA[2022-11-22 14:44:28 - [TEST_CASE][PASSED] - Test Cases/Engine_Scoring/Engine Scoring: Test Cases/Engine_Scoring/Engine Scoring

2022-11-22 14:44:28 - [TEST_STEP][PASSED] - markPassed("Variasi data ke : " + no): Variasi data ke : 81

2022-11-22 14:44:28 - [MESSAGE][PASSED] - Variasi data ke : 81

2022-11-22 14:44:28 - [TEST_STEP][PASSED] - req_data = sendRequest(findTestObject("Search_ME", ["MID":MID, "source":source, "ip":ip, "userid":userid, "branch":branch, "tipekons":tipekons, "marital":marital, "penjamin":penjamin, ... ])): Send request successfully

2022-11-22 14:44:29 - [MESSAGE][INFO] - HAR: D:\DMS\Engine Scoring\Reports\20221122_143755\Exclude KKB - DS\Scoring Individu - CS\20221122_143756\requests\main\160.har

2022-11-22 14:44:29 - [MESSAGE][PASSED] - Send request successfully

2022-11-22 14:44:29 - [TEST_STEP][PASSED] - slurper = new groovy.json.JsonSlurper(): null

2022-11-22 14:44:29 - [TEST_STEP][PASSED] - result = slurper.parseText(req_data.getResponseBodyContent()): null

2022-11-22 14:44:29 - [TEST_STEP][PASSED] - reqid_kons = requestid1: null

2022-11-22 14:44:29 - [TEST_STEP][PASSED] - reqid_spouse = requestid2: null

2022-11-22 14:44:29 - [TEST_STEP][PASSED] - println("requestid kons : " + reqid_kons): null

2022-11-22 14:44:29 - [TEST_STEP][PASSED] - response_searchME_kons = reqid_kons: null

2022-11-22 14:44:29 - [TEST_STEP][PASSED] - response_searchME_spouse = reqid_spouse: null

2022-11-22 14:44:29 - [TEST_STEP][PASSED] - println("kons req id is :" + response_searchME_kons): null

2022-11-22 14:44:29 - [TEST_STEP][PASSED] - println("spouse req id is : " + response_searchME_spouse): null

2022-11-22 14:44:29 - [TEST_STEP][PASSED] - verifyResponseStatusCode(req_data, 200): Verify response status code successfully

2022-11-22 14:44:29 - [MESSAGE][PASSED] - Verify response status code successfully

2022-11-22 14:44:29 - [TEST_STEP][PASSED] - response = req_data.getResponseText(): null

2022-11-22 14:44:29 - [TEST_STEP][PASSED] - logInfo($response): {"status":"Done","data":{"requestid1":"241621","requestid2":""}}

2022-11-22 14:44:29 - [MESSAGE][INFO] - {"status":"Done","data":{"requestid1":"241621","requestid2":""}}

2022-11-22 14:44:29 - [TEST_STEP][PASSED] - delay(3): Delayed 3 second(s)

2022-11-22 14:44:32 - [MESSAGE][PASSED] - Delayed 3 second(s)

2022-11-22 14:44:32 - [TEST_STEP][PASSED] - scoring = sendRequest(findTestObject("EngineScore", ["response_searchME_kons":response_searchME_kons, "response_searchME_spouse":response_searchME_spouse])): Send request successfully

2022-11-22 14:44:32 - [MESSAGE][INFO] - HAR: D:\DMS\Engine Scoring\Reports\20221122_143755\Exclude KKB - DS\Scoring Individu - CS\20221122_143756\requests\main\161.har

2022-11-22 14:44:32 - [MESSAGE][PASSED] - Send request successfully

2022-11-22 14:44:32 - [TEST_STEP][PASSED] - verifyResponseStatusCode(scoring, 200): Verify response status code successfully

2022-11-22 14:44:32 - [MESSAGE][PASSED] - Verify response status code successfully

2022-11-22 14:44:32 - [TEST_STEP][PASSED] - response2 = scoring.getResponseText(): null

2022-11-22 14:44:32 - [TEST_STEP][PASSED] - markPassed("result service data ke : " + no): result service data ke : 81

2022-11-22 14:44:32 - [MESSAGE][PASSED] - result service data ke : 81

2022-11-22 14:44:32 - [TEST_STEP][PASSED] - logInfo($response2): {"result_konsumen":"Reject","result_pasangan":"","Final_result":"Reject","errorMessage":"","status":"Done"}

2022-11-22 14:44:32 - [MESSAGE][INFO] - {"result_konsumen":"Reject","result_pasangan":"","Final_result":"Reject","errorMessage":"","status":"Done"}

2022-11-22 14:44:32 - [TEST_STEP][PASSED] - verifyElementPropertyValue(scoring, "Final_result", final_result): Verify element property value successfully

2022-11-22 14:44:32 - [MESSAGE][PASSED] - Verify element property value successfully]]></system-out>
         <system-err><![CDATA[]]></system-err>
      </testcase>
      <testcase name="Test Cases/Engine_Scoring/Engine Scoring" time="4.949" classname="Test Cases/Engine_Scoring/Engine Scoring" status="PASSED">
         <system-out><![CDATA[2022-11-22 14:44:32 - [TEST_CASE][PASSED] - Test Cases/Engine_Scoring/Engine Scoring: Test Cases/Engine_Scoring/Engine Scoring

2022-11-22 14:44:33 - [TEST_STEP][PASSED] - markPassed("Variasi data ke : " + no): Variasi data ke : 82

2022-11-22 14:44:33 - [MESSAGE][PASSED] - Variasi data ke : 82

2022-11-22 14:44:33 - [TEST_STEP][PASSED] - req_data = sendRequest(findTestObject("Search_ME", ["MID":MID, "source":source, "ip":ip, "userid":userid, "branch":branch, "tipekons":tipekons, "marital":marital, "penjamin":penjamin, ... ])): Send request successfully

2022-11-22 14:44:34 - [MESSAGE][INFO] - HAR: D:\DMS\Engine Scoring\Reports\20221122_143755\Exclude KKB - DS\Scoring Individu - CS\20221122_143756\requests\main\162.har

2022-11-22 14:44:34 - [MESSAGE][PASSED] - Send request successfully

2022-11-22 14:44:34 - [TEST_STEP][PASSED] - slurper = new groovy.json.JsonSlurper(): null

2022-11-22 14:44:34 - [TEST_STEP][PASSED] - result = slurper.parseText(req_data.getResponseBodyContent()): null

2022-11-22 14:44:34 - [TEST_STEP][PASSED] - reqid_kons = requestid1: null

2022-11-22 14:44:34 - [TEST_STEP][PASSED] - reqid_spouse = requestid2: null

2022-11-22 14:44:34 - [TEST_STEP][PASSED] - println("requestid kons : " + reqid_kons): null

2022-11-22 14:44:34 - [TEST_STEP][PASSED] - response_searchME_kons = reqid_kons: null

2022-11-22 14:44:34 - [TEST_STEP][PASSED] - response_searchME_spouse = reqid_spouse: null

2022-11-22 14:44:34 - [TEST_STEP][PASSED] - println("kons req id is :" + response_searchME_kons): null

2022-11-22 14:44:34 - [TEST_STEP][PASSED] - println("spouse req id is : " + response_searchME_spouse): null

2022-11-22 14:44:34 - [TEST_STEP][PASSED] - verifyResponseStatusCode(req_data, 200): Verify response status code successfully

2022-11-22 14:44:34 - [MESSAGE][PASSED] - Verify response status code successfully

2022-11-22 14:44:34 - [TEST_STEP][PASSED] - response = req_data.getResponseText(): null

2022-11-22 14:44:34 - [TEST_STEP][PASSED] - logInfo($response): {"status":"Done","data":{"requestid1":"241622","requestid2":""}}

2022-11-22 14:44:34 - [MESSAGE][INFO] - {"status":"Done","data":{"requestid1":"241622","requestid2":""}}

2022-11-22 14:44:34 - [TEST_STEP][PASSED] - delay(3): Delayed 3 second(s)

2022-11-22 14:44:37 - [MESSAGE][PASSED] - Delayed 3 second(s)

2022-11-22 14:44:37 - [TEST_STEP][PASSED] - scoring = sendRequest(findTestObject("EngineScore", ["response_searchME_kons":response_searchME_kons, "response_searchME_spouse":response_searchME_spouse])): Send request successfully

2022-11-22 14:44:37 - [MESSAGE][INFO] - HAR: D:\DMS\Engine Scoring\Reports\20221122_143755\Exclude KKB - DS\Scoring Individu - CS\20221122_143756\requests\main\163.har

2022-11-22 14:44:37 - [MESSAGE][PASSED] - Send request successfully

2022-11-22 14:44:37 - [TEST_STEP][PASSED] - verifyResponseStatusCode(scoring, 200): Verify response status code successfully

2022-11-22 14:44:37 - [MESSAGE][PASSED] - Verify response status code successfully

2022-11-22 14:44:37 - [TEST_STEP][PASSED] - response2 = scoring.getResponseText(): null

2022-11-22 14:44:37 - [TEST_STEP][PASSED] - markPassed("result service data ke : " + no): result service data ke : 82

2022-11-22 14:44:37 - [MESSAGE][PASSED] - result service data ke : 82

2022-11-22 14:44:37 - [TEST_STEP][PASSED] - logInfo($response2): {"result_konsumen":"Reguler","result_pasangan":"","Final_result":"Reguler","errorMessage":"","status":"Done"}

2022-11-22 14:44:37 - [MESSAGE][INFO] - {"result_konsumen":"Reguler","result_pasangan":"","Final_result":"Reguler","errorMessage":"","status":"Done"}

2022-11-22 14:44:37 - [TEST_STEP][PASSED] - verifyElementPropertyValue(scoring, "Final_result", final_result): Verify element property value successfully

2022-11-22 14:44:37 - [MESSAGE][PASSED] - Verify element property value successfully]]></system-out>
         <system-err><![CDATA[]]></system-err>
      </testcase>
      <testcase name="Test Cases/Engine_Scoring/Engine Scoring" time="4.897" classname="Test Cases/Engine_Scoring/Engine Scoring" status="PASSED">
         <system-out><![CDATA[2022-11-22 14:44:37 - [TEST_CASE][PASSED] - Test Cases/Engine_Scoring/Engine Scoring: Test Cases/Engine_Scoring/Engine Scoring

2022-11-22 14:44:38 - [TEST_STEP][PASSED] - markPassed("Variasi data ke : " + no): Variasi data ke : 83

2022-11-22 14:44:38 - [MESSAGE][PASSED] - Variasi data ke : 83

2022-11-22 14:44:38 - [TEST_STEP][PASSED] - req_data = sendRequest(findTestObject("Search_ME", ["MID":MID, "source":source, "ip":ip, "userid":userid, "branch":branch, "tipekons":tipekons, "marital":marital, "penjamin":penjamin, ... ])): Send request successfully

2022-11-22 14:44:39 - [MESSAGE][INFO] - HAR: D:\DMS\Engine Scoring\Reports\20221122_143755\Exclude KKB - DS\Scoring Individu - CS\20221122_143756\requests\main\164.har

2022-11-22 14:44:39 - [MESSAGE][PASSED] - Send request successfully

2022-11-22 14:44:39 - [TEST_STEP][PASSED] - slurper = new groovy.json.JsonSlurper(): null

2022-11-22 14:44:39 - [TEST_STEP][PASSED] - result = slurper.parseText(req_data.getResponseBodyContent()): null

2022-11-22 14:44:39 - [TEST_STEP][PASSED] - reqid_kons = requestid1: null

2022-11-22 14:44:39 - [TEST_STEP][PASSED] - reqid_spouse = requestid2: null

2022-11-22 14:44:39 - [TEST_STEP][PASSED] - println("requestid kons : " + reqid_kons): null

2022-11-22 14:44:39 - [TEST_STEP][PASSED] - response_searchME_kons = reqid_kons: null

2022-11-22 14:44:39 - [TEST_STEP][PASSED] - response_searchME_spouse = reqid_spouse: null

2022-11-22 14:44:39 - [TEST_STEP][PASSED] - println("kons req id is :" + response_searchME_kons): null

2022-11-22 14:44:39 - [TEST_STEP][PASSED] - println("spouse req id is : " + response_searchME_spouse): null

2022-11-22 14:44:39 - [TEST_STEP][PASSED] - verifyResponseStatusCode(req_data, 200): Verify response status code successfully

2022-11-22 14:44:39 - [MESSAGE][PASSED] - Verify response status code successfully

2022-11-22 14:44:39 - [TEST_STEP][PASSED] - response = req_data.getResponseText(): null

2022-11-22 14:44:39 - [TEST_STEP][PASSED] - logInfo($response): {"status":"Done","data":{"requestid1":"241623","requestid2":""}}

2022-11-22 14:44:39 - [MESSAGE][INFO] - {"status":"Done","data":{"requestid1":"241623","requestid2":""}}

2022-11-22 14:44:39 - [TEST_STEP][PASSED] - delay(3): Delayed 3 second(s)

2022-11-22 14:44:42 - [MESSAGE][PASSED] - Delayed 3 second(s)

2022-11-22 14:44:42 - [TEST_STEP][PASSED] - scoring = sendRequest(findTestObject("EngineScore", ["response_searchME_kons":response_searchME_kons, "response_searchME_spouse":response_searchME_spouse])): Send request successfully

2022-11-22 14:44:42 - [MESSAGE][INFO] - HAR: D:\DMS\Engine Scoring\Reports\20221122_143755\Exclude KKB - DS\Scoring Individu - CS\20221122_143756\requests\main\165.har

2022-11-22 14:44:42 - [MESSAGE][PASSED] - Send request successfully

2022-11-22 14:44:42 - [TEST_STEP][PASSED] - verifyResponseStatusCode(scoring, 200): Verify response status code successfully

2022-11-22 14:44:42 - [MESSAGE][PASSED] - Verify response status code successfully

2022-11-22 14:44:42 - [TEST_STEP][PASSED] - response2 = scoring.getResponseText(): null

2022-11-22 14:44:42 - [TEST_STEP][PASSED] - markPassed("result service data ke : " + no): result service data ke : 83

2022-11-22 14:44:42 - [MESSAGE][PASSED] - result service data ke : 83

2022-11-22 14:44:42 - [TEST_STEP][PASSED] - logInfo($response2): {"result_konsumen":"Reguler","result_pasangan":"","Final_result":"Reguler","errorMessage":"","status":"Done"}

2022-11-22 14:44:42 - [MESSAGE][INFO] - {"result_konsumen":"Reguler","result_pasangan":"","Final_result":"Reguler","errorMessage":"","status":"Done"}

2022-11-22 14:44:42 - [TEST_STEP][PASSED] - verifyElementPropertyValue(scoring, "Final_result", final_result): Verify element property value successfully

2022-11-22 14:44:42 - [MESSAGE][PASSED] - Verify element property value successfully]]></system-out>
         <system-err><![CDATA[]]></system-err>
      </testcase>
      <testcase name="Test Cases/Engine_Scoring/Engine Scoring" time="4.858" classname="Test Cases/Engine_Scoring/Engine Scoring" status="PASSED">
         <system-out><![CDATA[2022-11-22 14:44:42 - [TEST_CASE][PASSED] - Test Cases/Engine_Scoring/Engine Scoring: Test Cases/Engine_Scoring/Engine Scoring

2022-11-22 14:44:43 - [TEST_STEP][PASSED] - markPassed("Variasi data ke : " + no): Variasi data ke : 84

2022-11-22 14:44:43 - [MESSAGE][PASSED] - Variasi data ke : 84

2022-11-22 14:44:43 - [TEST_STEP][PASSED] - req_data = sendRequest(findTestObject("Search_ME", ["MID":MID, "source":source, "ip":ip, "userid":userid, "branch":branch, "tipekons":tipekons, "marital":marital, "penjamin":penjamin, ... ])): Send request successfully

2022-11-22 14:44:44 - [MESSAGE][INFO] - HAR: D:\DMS\Engine Scoring\Reports\20221122_143755\Exclude KKB - DS\Scoring Individu - CS\20221122_143756\requests\main\166.har

2022-11-22 14:44:44 - [MESSAGE][PASSED] - Send request successfully

2022-11-22 14:44:44 - [TEST_STEP][PASSED] - slurper = new groovy.json.JsonSlurper(): null

2022-11-22 14:44:44 - [TEST_STEP][PASSED] - result = slurper.parseText(req_data.getResponseBodyContent()): null

2022-11-22 14:44:44 - [TEST_STEP][PASSED] - reqid_kons = requestid1: null

2022-11-22 14:44:44 - [TEST_STEP][PASSED] - reqid_spouse = requestid2: null

2022-11-22 14:44:44 - [TEST_STEP][PASSED] - println("requestid kons : " + reqid_kons): null

2022-11-22 14:44:44 - [TEST_STEP][PASSED] - response_searchME_kons = reqid_kons: null

2022-11-22 14:44:44 - [TEST_STEP][PASSED] - response_searchME_spouse = reqid_spouse: null

2022-11-22 14:44:44 - [TEST_STEP][PASSED] - println("kons req id is :" + response_searchME_kons): null

2022-11-22 14:44:44 - [TEST_STEP][PASSED] - println("spouse req id is : " + response_searchME_spouse): null

2022-11-22 14:44:44 - [TEST_STEP][PASSED] - verifyResponseStatusCode(req_data, 200): Verify response status code successfully

2022-11-22 14:44:44 - [MESSAGE][PASSED] - Verify response status code successfully

2022-11-22 14:44:44 - [TEST_STEP][PASSED] - response = req_data.getResponseText(): null

2022-11-22 14:44:44 - [TEST_STEP][PASSED] - logInfo($response): {"status":"Done","data":{"requestid1":"241624","requestid2":""}}

2022-11-22 14:44:44 - [MESSAGE][INFO] - {"status":"Done","data":{"requestid1":"241624","requestid2":""}}

2022-11-22 14:44:44 - [TEST_STEP][PASSED] - delay(3): Delayed 3 second(s)

2022-11-22 14:44:47 - [MESSAGE][PASSED] - Delayed 3 second(s)

2022-11-22 14:44:47 - [TEST_STEP][PASSED] - scoring = sendRequest(findTestObject("EngineScore", ["response_searchME_kons":response_searchME_kons, "response_searchME_spouse":response_searchME_spouse])): Send request successfully

2022-11-22 14:44:47 - [MESSAGE][INFO] - HAR: D:\DMS\Engine Scoring\Reports\20221122_143755\Exclude KKB - DS\Scoring Individu - CS\20221122_143756\requests\main\167.har

2022-11-22 14:44:47 - [MESSAGE][PASSED] - Send request successfully

2022-11-22 14:44:47 - [TEST_STEP][PASSED] - verifyResponseStatusCode(scoring, 200): Verify response status code successfully

2022-11-22 14:44:47 - [MESSAGE][PASSED] - Verify response status code successfully

2022-11-22 14:44:47 - [TEST_STEP][PASSED] - response2 = scoring.getResponseText(): null

2022-11-22 14:44:47 - [TEST_STEP][PASSED] - markPassed("result service data ke : " + no): result service data ke : 84

2022-11-22 14:44:47 - [MESSAGE][PASSED] - result service data ke : 84

2022-11-22 14:44:47 - [TEST_STEP][PASSED] - logInfo($response2): {"result_konsumen":"Reguler","result_pasangan":"","Final_result":"Reguler","errorMessage":"","status":"Done"}

2022-11-22 14:44:47 - [MESSAGE][INFO] - {"result_konsumen":"Reguler","result_pasangan":"","Final_result":"Reguler","errorMessage":"","status":"Done"}

2022-11-22 14:44:47 - [TEST_STEP][PASSED] - verifyElementPropertyValue(scoring, "Final_result", final_result): Verify element property value successfully

2022-11-22 14:44:47 - [MESSAGE][PASSED] - Verify element property value successfully]]></system-out>
         <system-err><![CDATA[]]></system-err>
      </testcase>
      <testcase name="Test Cases/Engine_Scoring/Engine Scoring" time="4.856" classname="Test Cases/Engine_Scoring/Engine Scoring" status="PASSED">
         <system-out><![CDATA[2022-11-22 14:44:47 - [TEST_CASE][PASSED] - Test Cases/Engine_Scoring/Engine Scoring: Test Cases/Engine_Scoring/Engine Scoring

2022-11-22 14:44:48 - [TEST_STEP][PASSED] - markPassed("Variasi data ke : " + no): Variasi data ke : 85

2022-11-22 14:44:48 - [MESSAGE][PASSED] - Variasi data ke : 85

2022-11-22 14:44:48 - [TEST_STEP][PASSED] - req_data = sendRequest(findTestObject("Search_ME", ["MID":MID, "source":source, "ip":ip, "userid":userid, "branch":branch, "tipekons":tipekons, "marital":marital, "penjamin":penjamin, ... ])): Send request successfully

2022-11-22 14:44:49 - [MESSAGE][INFO] - HAR: D:\DMS\Engine Scoring\Reports\20221122_143755\Exclude KKB - DS\Scoring Individu - CS\20221122_143756\requests\main\168.har

2022-11-22 14:44:49 - [MESSAGE][PASSED] - Send request successfully

2022-11-22 14:44:49 - [TEST_STEP][PASSED] - slurper = new groovy.json.JsonSlurper(): null

2022-11-22 14:44:49 - [TEST_STEP][PASSED] - result = slurper.parseText(req_data.getResponseBodyContent()): null

2022-11-22 14:44:49 - [TEST_STEP][PASSED] - reqid_kons = requestid1: null

2022-11-22 14:44:49 - [TEST_STEP][PASSED] - reqid_spouse = requestid2: null

2022-11-22 14:44:49 - [TEST_STEP][PASSED] - println("requestid kons : " + reqid_kons): null

2022-11-22 14:44:49 - [TEST_STEP][PASSED] - response_searchME_kons = reqid_kons: null

2022-11-22 14:44:49 - [TEST_STEP][PASSED] - response_searchME_spouse = reqid_spouse: null

2022-11-22 14:44:49 - [TEST_STEP][PASSED] - println("kons req id is :" + response_searchME_kons): null

2022-11-22 14:44:49 - [TEST_STEP][PASSED] - println("spouse req id is : " + response_searchME_spouse): null

2022-11-22 14:44:49 - [TEST_STEP][PASSED] - verifyResponseStatusCode(req_data, 200): Verify response status code successfully

2022-11-22 14:44:49 - [MESSAGE][PASSED] - Verify response status code successfully

2022-11-22 14:44:49 - [TEST_STEP][PASSED] - response = req_data.getResponseText(): null

2022-11-22 14:44:49 - [TEST_STEP][PASSED] - logInfo($response): {"status":"Done","data":{"requestid1":"241625","requestid2":""}}

2022-11-22 14:44:49 - [MESSAGE][INFO] - {"status":"Done","data":{"requestid1":"241625","requestid2":""}}

2022-11-22 14:44:49 - [TEST_STEP][PASSED] - delay(3): Delayed 3 second(s)

2022-11-22 14:44:52 - [MESSAGE][PASSED] - Delayed 3 second(s)

2022-11-22 14:44:52 - [TEST_STEP][PASSED] - scoring = sendRequest(findTestObject("EngineScore", ["response_searchME_kons":response_searchME_kons, "response_searchME_spouse":response_searchME_spouse])): Send request successfully

2022-11-22 14:44:52 - [MESSAGE][INFO] - HAR: D:\DMS\Engine Scoring\Reports\20221122_143755\Exclude KKB - DS\Scoring Individu - CS\20221122_143756\requests\main\169.har

2022-11-22 14:44:52 - [MESSAGE][PASSED] - Send request successfully

2022-11-22 14:44:52 - [TEST_STEP][PASSED] - verifyResponseStatusCode(scoring, 200): Verify response status code successfully

2022-11-22 14:44:52 - [MESSAGE][PASSED] - Verify response status code successfully

2022-11-22 14:44:52 - [TEST_STEP][PASSED] - response2 = scoring.getResponseText(): null

2022-11-22 14:44:52 - [TEST_STEP][PASSED] - markPassed("result service data ke : " + no): result service data ke : 85

2022-11-22 14:44:52 - [MESSAGE][PASSED] - result service data ke : 85

2022-11-22 14:44:52 - [TEST_STEP][PASSED] - logInfo($response2): {"result_konsumen":"Approve","result_pasangan":"","Final_result":"Approve","errorMessage":"","status":"Done"}

2022-11-22 14:44:52 - [MESSAGE][INFO] - {"result_konsumen":"Approve","result_pasangan":"","Final_result":"Approve","errorMessage":"","status":"Done"}

2022-11-22 14:44:52 - [TEST_STEP][PASSED] - verifyElementPropertyValue(scoring, "Final_result", final_result): Verify element property value successfully

2022-11-22 14:44:52 - [MESSAGE][PASSED] - Verify element property value successfully]]></system-out>
         <system-err><![CDATA[]]></system-err>
      </testcase>
      <testcase name="Test Cases/Engine_Scoring/Engine Scoring" time="4.853" classname="Test Cases/Engine_Scoring/Engine Scoring" status="PASSED">
         <system-out><![CDATA[2022-11-22 14:44:52 - [TEST_CASE][PASSED] - Test Cases/Engine_Scoring/Engine Scoring: Test Cases/Engine_Scoring/Engine Scoring

2022-11-22 14:44:53 - [TEST_STEP][PASSED] - markPassed("Variasi data ke : " + no): Variasi data ke : 86

2022-11-22 14:44:53 - [MESSAGE][PASSED] - Variasi data ke : 86

2022-11-22 14:44:53 - [TEST_STEP][PASSED] - req_data = sendRequest(findTestObject("Search_ME", ["MID":MID, "source":source, "ip":ip, "userid":userid, "branch":branch, "tipekons":tipekons, "marital":marital, "penjamin":penjamin, ... ])): Send request successfully

2022-11-22 14:44:54 - [MESSAGE][INFO] - HAR: D:\DMS\Engine Scoring\Reports\20221122_143755\Exclude KKB - DS\Scoring Individu - CS\20221122_143756\requests\main\170.har

2022-11-22 14:44:54 - [MESSAGE][PASSED] - Send request successfully

2022-11-22 14:44:54 - [TEST_STEP][PASSED] - slurper = new groovy.json.JsonSlurper(): null

2022-11-22 14:44:54 - [TEST_STEP][PASSED] - result = slurper.parseText(req_data.getResponseBodyContent()): null

2022-11-22 14:44:54 - [TEST_STEP][PASSED] - reqid_kons = requestid1: null

2022-11-22 14:44:54 - [TEST_STEP][PASSED] - reqid_spouse = requestid2: null

2022-11-22 14:44:54 - [TEST_STEP][PASSED] - println("requestid kons : " + reqid_kons): null

2022-11-22 14:44:54 - [TEST_STEP][PASSED] - response_searchME_kons = reqid_kons: null

2022-11-22 14:44:54 - [TEST_STEP][PASSED] - response_searchME_spouse = reqid_spouse: null

2022-11-22 14:44:54 - [TEST_STEP][PASSED] - println("kons req id is :" + response_searchME_kons): null

2022-11-22 14:44:54 - [TEST_STEP][PASSED] - println("spouse req id is : " + response_searchME_spouse): null

2022-11-22 14:44:54 - [TEST_STEP][PASSED] - verifyResponseStatusCode(req_data, 200): Verify response status code successfully

2022-11-22 14:44:54 - [MESSAGE][PASSED] - Verify response status code successfully

2022-11-22 14:44:54 - [TEST_STEP][PASSED] - response = req_data.getResponseText(): null

2022-11-22 14:44:54 - [TEST_STEP][PASSED] - logInfo($response): {"status":"Done","data":{"requestid1":"241626","requestid2":""}}

2022-11-22 14:44:54 - [MESSAGE][INFO] - {"status":"Done","data":{"requestid1":"241626","requestid2":""}}

2022-11-22 14:44:54 - [TEST_STEP][PASSED] - delay(3): Delayed 3 second(s)

2022-11-22 14:44:57 - [MESSAGE][PASSED] - Delayed 3 second(s)

2022-11-22 14:44:57 - [TEST_STEP][PASSED] - scoring = sendRequest(findTestObject("EngineScore", ["response_searchME_kons":response_searchME_kons, "response_searchME_spouse":response_searchME_spouse])): Send request successfully

2022-11-22 14:44:57 - [MESSAGE][INFO] - HAR: D:\DMS\Engine Scoring\Reports\20221122_143755\Exclude KKB - DS\Scoring Individu - CS\20221122_143756\requests\main\171.har

2022-11-22 14:44:57 - [MESSAGE][PASSED] - Send request successfully

2022-11-22 14:44:57 - [TEST_STEP][PASSED] - verifyResponseStatusCode(scoring, 200): Verify response status code successfully

2022-11-22 14:44:57 - [MESSAGE][PASSED] - Verify response status code successfully

2022-11-22 14:44:57 - [TEST_STEP][PASSED] - response2 = scoring.getResponseText(): null

2022-11-22 14:44:57 - [TEST_STEP][PASSED] - markPassed("result service data ke : " + no): result service data ke : 86

2022-11-22 14:44:57 - [MESSAGE][PASSED] - result service data ke : 86

2022-11-22 14:44:57 - [TEST_STEP][PASSED] - logInfo($response2): {"result_konsumen":"Approve","result_pasangan":"","Final_result":"Approve","errorMessage":"","status":"Done"}

2022-11-22 14:44:57 - [MESSAGE][INFO] - {"result_konsumen":"Approve","result_pasangan":"","Final_result":"Approve","errorMessage":"","status":"Done"}

2022-11-22 14:44:57 - [TEST_STEP][PASSED] - verifyElementPropertyValue(scoring, "Final_result", final_result): Verify element property value successfully

2022-11-22 14:44:57 - [MESSAGE][PASSED] - Verify element property value successfully]]></system-out>
         <system-err><![CDATA[]]></system-err>
      </testcase>
      <testcase name="Test Cases/Engine_Scoring/Engine Scoring" time="4.999" classname="Test Cases/Engine_Scoring/Engine Scoring" status="PASSED">
         <system-out><![CDATA[2022-11-22 14:44:57 - [TEST_CASE][PASSED] - Test Cases/Engine_Scoring/Engine Scoring: Test Cases/Engine_Scoring/Engine Scoring

2022-11-22 14:44:58 - [TEST_STEP][PASSED] - markPassed("Variasi data ke : " + no): Variasi data ke : 87

2022-11-22 14:44:58 - [MESSAGE][PASSED] - Variasi data ke : 87

2022-11-22 14:44:58 - [TEST_STEP][PASSED] - req_data = sendRequest(findTestObject("Search_ME", ["MID":MID, "source":source, "ip":ip, "userid":userid, "branch":branch, "tipekons":tipekons, "marital":marital, "penjamin":penjamin, ... ])): Send request successfully

2022-11-22 14:44:59 - [MESSAGE][INFO] - HAR: D:\DMS\Engine Scoring\Reports\20221122_143755\Exclude KKB - DS\Scoring Individu - CS\20221122_143756\requests\main\172.har

2022-11-22 14:44:59 - [MESSAGE][PASSED] - Send request successfully

2022-11-22 14:44:59 - [TEST_STEP][PASSED] - slurper = new groovy.json.JsonSlurper(): null

2022-11-22 14:44:59 - [TEST_STEP][PASSED] - result = slurper.parseText(req_data.getResponseBodyContent()): null

2022-11-22 14:44:59 - [TEST_STEP][PASSED] - reqid_kons = requestid1: null

2022-11-22 14:44:59 - [TEST_STEP][PASSED] - reqid_spouse = requestid2: null

2022-11-22 14:44:59 - [TEST_STEP][PASSED] - println("requestid kons : " + reqid_kons): null

2022-11-22 14:44:59 - [TEST_STEP][PASSED] - response_searchME_kons = reqid_kons: null

2022-11-22 14:44:59 - [TEST_STEP][PASSED] - response_searchME_spouse = reqid_spouse: null

2022-11-22 14:44:59 - [TEST_STEP][PASSED] - println("kons req id is :" + response_searchME_kons): null

2022-11-22 14:44:59 - [TEST_STEP][PASSED] - println("spouse req id is : " + response_searchME_spouse): null

2022-11-22 14:44:59 - [TEST_STEP][PASSED] - verifyResponseStatusCode(req_data, 200): Verify response status code successfully

2022-11-22 14:44:59 - [MESSAGE][PASSED] - Verify response status code successfully

2022-11-22 14:44:59 - [TEST_STEP][PASSED] - response = req_data.getResponseText(): null

2022-11-22 14:44:59 - [TEST_STEP][PASSED] - logInfo($response): {"status":"Done","data":{"requestid1":"241627","requestid2":""}}

2022-11-22 14:44:59 - [MESSAGE][INFO] - {"status":"Done","data":{"requestid1":"241627","requestid2":""}}

2022-11-22 14:44:59 - [TEST_STEP][PASSED] - delay(3): Delayed 3 second(s)

2022-11-22 14:45:02 - [MESSAGE][PASSED] - Delayed 3 second(s)

2022-11-22 14:45:02 - [TEST_STEP][PASSED] - scoring = sendRequest(findTestObject("EngineScore", ["response_searchME_kons":response_searchME_kons, "response_searchME_spouse":response_searchME_spouse])): Send request successfully

2022-11-22 14:45:02 - [MESSAGE][INFO] - HAR: D:\DMS\Engine Scoring\Reports\20221122_143755\Exclude KKB - DS\Scoring Individu - CS\20221122_143756\requests\main\173.har

2022-11-22 14:45:02 - [MESSAGE][PASSED] - Send request successfully

2022-11-22 14:45:02 - [TEST_STEP][PASSED] - verifyResponseStatusCode(scoring, 200): Verify response status code successfully

2022-11-22 14:45:02 - [MESSAGE][PASSED] - Verify response status code successfully

2022-11-22 14:45:02 - [TEST_STEP][PASSED] - response2 = scoring.getResponseText(): null

2022-11-22 14:45:02 - [TEST_STEP][PASSED] - markPassed("result service data ke : " + no): result service data ke : 87

2022-11-22 14:45:02 - [MESSAGE][PASSED] - result service data ke : 87

2022-11-22 14:45:02 - [TEST_STEP][PASSED] - logInfo($response2): {"result_konsumen":"Approve","result_pasangan":"","Final_result":"Approve","errorMessage":"","status":"Done"}

2022-11-22 14:45:02 - [MESSAGE][INFO] - {"result_konsumen":"Approve","result_pasangan":"","Final_result":"Approve","errorMessage":"","status":"Done"}

2022-11-22 14:45:02 - [TEST_STEP][PASSED] - verifyElementPropertyValue(scoring, "Final_result", final_result): Verify element property value successfully

2022-11-22 14:45:02 - [MESSAGE][PASSED] - Verify element property value successfully]]></system-out>
         <system-err><![CDATA[]]></system-err>
      </testcase>
      <testcase name="Test Cases/Engine_Scoring/Engine Scoring" time="4.999" classname="Test Cases/Engine_Scoring/Engine Scoring" status="PASSED">
         <system-out><![CDATA[2022-11-22 14:45:02 - [TEST_CASE][PASSED] - Test Cases/Engine_Scoring/Engine Scoring: Test Cases/Engine_Scoring/Engine Scoring

2022-11-22 14:45:03 - [TEST_STEP][PASSED] - markPassed("Variasi data ke : " + no): Variasi data ke : 88

2022-11-22 14:45:03 - [MESSAGE][PASSED] - Variasi data ke : 88

2022-11-22 14:45:03 - [TEST_STEP][PASSED] - req_data = sendRequest(findTestObject("Search_ME", ["MID":MID, "source":source, "ip":ip, "userid":userid, "branch":branch, "tipekons":tipekons, "marital":marital, "penjamin":penjamin, ... ])): Send request successfully

2022-11-22 14:45:04 - [MESSAGE][INFO] - HAR: D:\DMS\Engine Scoring\Reports\20221122_143755\Exclude KKB - DS\Scoring Individu - CS\20221122_143756\requests\main\174.har

2022-11-22 14:45:04 - [MESSAGE][PASSED] - Send request successfully

2022-11-22 14:45:04 - [TEST_STEP][PASSED] - slurper = new groovy.json.JsonSlurper(): null

2022-11-22 14:45:04 - [TEST_STEP][PASSED] - result = slurper.parseText(req_data.getResponseBodyContent()): null

2022-11-22 14:45:04 - [TEST_STEP][PASSED] - reqid_kons = requestid1: null

2022-11-22 14:45:04 - [TEST_STEP][PASSED] - reqid_spouse = requestid2: null

2022-11-22 14:45:04 - [TEST_STEP][PASSED] - println("requestid kons : " + reqid_kons): null

2022-11-22 14:45:04 - [TEST_STEP][PASSED] - response_searchME_kons = reqid_kons: null

2022-11-22 14:45:04 - [TEST_STEP][PASSED] - response_searchME_spouse = reqid_spouse: null

2022-11-22 14:45:04 - [TEST_STEP][PASSED] - println("kons req id is :" + response_searchME_kons): null

2022-11-22 14:45:04 - [TEST_STEP][PASSED] - println("spouse req id is : " + response_searchME_spouse): null

2022-11-22 14:45:04 - [TEST_STEP][PASSED] - verifyResponseStatusCode(req_data, 200): Verify response status code successfully

2022-11-22 14:45:04 - [MESSAGE][PASSED] - Verify response status code successfully

2022-11-22 14:45:04 - [TEST_STEP][PASSED] - response = req_data.getResponseText(): null

2022-11-22 14:45:04 - [TEST_STEP][PASSED] - logInfo($response): {"status":"Done","data":{"requestid1":"241628","requestid2":""}}

2022-11-22 14:45:04 - [MESSAGE][INFO] - {"status":"Done","data":{"requestid1":"241628","requestid2":""}}

2022-11-22 14:45:04 - [TEST_STEP][PASSED] - delay(3): Delayed 3 second(s)

2022-11-22 14:45:07 - [MESSAGE][PASSED] - Delayed 3 second(s)

2022-11-22 14:45:07 - [TEST_STEP][PASSED] - scoring = sendRequest(findTestObject("EngineScore", ["response_searchME_kons":response_searchME_kons, "response_searchME_spouse":response_searchME_spouse])): Send request successfully

2022-11-22 14:45:07 - [MESSAGE][INFO] - HAR: D:\DMS\Engine Scoring\Reports\20221122_143755\Exclude KKB - DS\Scoring Individu - CS\20221122_143756\requests\main\175.har

2022-11-22 14:45:07 - [MESSAGE][PASSED] - Send request successfully

2022-11-22 14:45:07 - [TEST_STEP][PASSED] - verifyResponseStatusCode(scoring, 200): Verify response status code successfully

2022-11-22 14:45:07 - [MESSAGE][PASSED] - Verify response status code successfully

2022-11-22 14:45:07 - [TEST_STEP][PASSED] - response2 = scoring.getResponseText(): null

2022-11-22 14:45:07 - [TEST_STEP][PASSED] - markPassed("result service data ke : " + no): result service data ke : 88

2022-11-22 14:45:07 - [MESSAGE][PASSED] - result service data ke : 88

2022-11-22 14:45:07 - [TEST_STEP][PASSED] - logInfo($response2): {"result_konsumen":"Approve","result_pasangan":"","Final_result":"Approve","errorMessage":"","status":"Done"}

2022-11-22 14:45:07 - [MESSAGE][INFO] - {"result_konsumen":"Approve","result_pasangan":"","Final_result":"Approve","errorMessage":"","status":"Done"}

2022-11-22 14:45:07 - [TEST_STEP][PASSED] - verifyElementPropertyValue(scoring, "Final_result", final_result): Verify element property value successfully

2022-11-22 14:45:07 - [MESSAGE][PASSED] - Verify element property value successfully]]></system-out>
         <system-err><![CDATA[]]></system-err>
      </testcase>
      <testcase name="Test Cases/Engine_Scoring/Engine Scoring" time="4.847" classname="Test Cases/Engine_Scoring/Engine Scoring" status="PASSED">
         <system-out><![CDATA[2022-11-22 14:45:07 - [TEST_CASE][PASSED] - Test Cases/Engine_Scoring/Engine Scoring: Test Cases/Engine_Scoring/Engine Scoring

2022-11-22 14:45:08 - [TEST_STEP][PASSED] - markPassed("Variasi data ke : " + no): Variasi data ke : 89

2022-11-22 14:45:08 - [MESSAGE][PASSED] - Variasi data ke : 89

2022-11-22 14:45:08 - [TEST_STEP][PASSED] - req_data = sendRequest(findTestObject("Search_ME", ["MID":MID, "source":source, "ip":ip, "userid":userid, "branch":branch, "tipekons":tipekons, "marital":marital, "penjamin":penjamin, ... ])): Send request successfully

2022-11-22 14:45:09 - [MESSAGE][INFO] - HAR: D:\DMS\Engine Scoring\Reports\20221122_143755\Exclude KKB - DS\Scoring Individu - CS\20221122_143756\requests\main\176.har

2022-11-22 14:45:09 - [MESSAGE][PASSED] - Send request successfully

2022-11-22 14:45:09 - [TEST_STEP][PASSED] - slurper = new groovy.json.JsonSlurper(): null

2022-11-22 14:45:09 - [TEST_STEP][PASSED] - result = slurper.parseText(req_data.getResponseBodyContent()): null

2022-11-22 14:45:09 - [TEST_STEP][PASSED] - reqid_kons = requestid1: null

2022-11-22 14:45:09 - [TEST_STEP][PASSED] - reqid_spouse = requestid2: null

2022-11-22 14:45:09 - [TEST_STEP][PASSED] - println("requestid kons : " + reqid_kons): null

2022-11-22 14:45:09 - [TEST_STEP][PASSED] - response_searchME_kons = reqid_kons: null

2022-11-22 14:45:09 - [TEST_STEP][PASSED] - response_searchME_spouse = reqid_spouse: null

2022-11-22 14:45:09 - [TEST_STEP][PASSED] - println("kons req id is :" + response_searchME_kons): null

2022-11-22 14:45:09 - [TEST_STEP][PASSED] - println("spouse req id is : " + response_searchME_spouse): null

2022-11-22 14:45:09 - [TEST_STEP][PASSED] - verifyResponseStatusCode(req_data, 200): Verify response status code successfully

2022-11-22 14:45:09 - [MESSAGE][PASSED] - Verify response status code successfully

2022-11-22 14:45:09 - [TEST_STEP][PASSED] - response = req_data.getResponseText(): null

2022-11-22 14:45:09 - [TEST_STEP][PASSED] - logInfo($response): {"status":"Done","data":{"requestid1":"241629","requestid2":""}}

2022-11-22 14:45:09 - [MESSAGE][INFO] - {"status":"Done","data":{"requestid1":"241629","requestid2":""}}

2022-11-22 14:45:09 - [TEST_STEP][PASSED] - delay(3): Delayed 3 second(s)

2022-11-22 14:45:12 - [MESSAGE][PASSED] - Delayed 3 second(s)

2022-11-22 14:45:12 - [TEST_STEP][PASSED] - scoring = sendRequest(findTestObject("EngineScore", ["response_searchME_kons":response_searchME_kons, "response_searchME_spouse":response_searchME_spouse])): Send request successfully

2022-11-22 14:45:12 - [MESSAGE][INFO] - HAR: D:\DMS\Engine Scoring\Reports\20221122_143755\Exclude KKB - DS\Scoring Individu - CS\20221122_143756\requests\main\177.har

2022-11-22 14:45:12 - [MESSAGE][PASSED] - Send request successfully

2022-11-22 14:45:12 - [TEST_STEP][PASSED] - verifyResponseStatusCode(scoring, 200): Verify response status code successfully

2022-11-22 14:45:12 - [MESSAGE][PASSED] - Verify response status code successfully

2022-11-22 14:45:12 - [TEST_STEP][PASSED] - response2 = scoring.getResponseText(): null

2022-11-22 14:45:12 - [TEST_STEP][PASSED] - markPassed("result service data ke : " + no): result service data ke : 89

2022-11-22 14:45:12 - [MESSAGE][PASSED] - result service data ke : 89

2022-11-22 14:45:12 - [TEST_STEP][PASSED] - logInfo($response2): {"result_konsumen":"Approve","result_pasangan":"","Final_result":"Approve","errorMessage":"","status":"Done"}

2022-11-22 14:45:12 - [MESSAGE][INFO] - {"result_konsumen":"Approve","result_pasangan":"","Final_result":"Approve","errorMessage":"","status":"Done"}

2022-11-22 14:45:12 - [TEST_STEP][PASSED] - verifyElementPropertyValue(scoring, "Final_result", final_result): Verify element property value successfully

2022-11-22 14:45:12 - [MESSAGE][PASSED] - Verify element property value successfully]]></system-out>
         <system-err><![CDATA[]]></system-err>
      </testcase>
      <testcase name="Test Cases/Engine_Scoring/Engine Scoring" time="4.914" classname="Test Cases/Engine_Scoring/Engine Scoring" status="PASSED">
         <system-out><![CDATA[2022-11-22 14:45:12 - [TEST_CASE][PASSED] - Test Cases/Engine_Scoring/Engine Scoring: Test Cases/Engine_Scoring/Engine Scoring

2022-11-22 14:45:13 - [TEST_STEP][PASSED] - markPassed("Variasi data ke : " + no): Variasi data ke : 90

2022-11-22 14:45:13 - [MESSAGE][PASSED] - Variasi data ke : 90

2022-11-22 14:45:13 - [TEST_STEP][PASSED] - req_data = sendRequest(findTestObject("Search_ME", ["MID":MID, "source":source, "ip":ip, "userid":userid, "branch":branch, "tipekons":tipekons, "marital":marital, "penjamin":penjamin, ... ])): Send request successfully

2022-11-22 14:45:14 - [MESSAGE][INFO] - HAR: D:\DMS\Engine Scoring\Reports\20221122_143755\Exclude KKB - DS\Scoring Individu - CS\20221122_143756\requests\main\178.har

2022-11-22 14:45:14 - [MESSAGE][PASSED] - Send request successfully

2022-11-22 14:45:14 - [TEST_STEP][PASSED] - slurper = new groovy.json.JsonSlurper(): null

2022-11-22 14:45:14 - [TEST_STEP][PASSED] - result = slurper.parseText(req_data.getResponseBodyContent()): null

2022-11-22 14:45:14 - [TEST_STEP][PASSED] - reqid_kons = requestid1: null

2022-11-22 14:45:14 - [TEST_STEP][PASSED] - reqid_spouse = requestid2: null

2022-11-22 14:45:14 - [TEST_STEP][PASSED] - println("requestid kons : " + reqid_kons): null

2022-11-22 14:45:14 - [TEST_STEP][PASSED] - response_searchME_kons = reqid_kons: null

2022-11-22 14:45:14 - [TEST_STEP][PASSED] - response_searchME_spouse = reqid_spouse: null

2022-11-22 14:45:14 - [TEST_STEP][PASSED] - println("kons req id is :" + response_searchME_kons): null

2022-11-22 14:45:14 - [TEST_STEP][PASSED] - println("spouse req id is : " + response_searchME_spouse): null

2022-11-22 14:45:14 - [TEST_STEP][PASSED] - verifyResponseStatusCode(req_data, 200): Verify response status code successfully

2022-11-22 14:45:14 - [MESSAGE][PASSED] - Verify response status code successfully

2022-11-22 14:45:14 - [TEST_STEP][PASSED] - response = req_data.getResponseText(): null

2022-11-22 14:45:14 - [TEST_STEP][PASSED] - logInfo($response): {"status":"Done","data":{"requestid1":"241630","requestid2":""}}

2022-11-22 14:45:14 - [MESSAGE][INFO] - {"status":"Done","data":{"requestid1":"241630","requestid2":""}}

2022-11-22 14:45:14 - [TEST_STEP][PASSED] - delay(3): Delayed 3 second(s)

2022-11-22 14:45:17 - [MESSAGE][PASSED] - Delayed 3 second(s)

2022-11-22 14:45:17 - [TEST_STEP][PASSED] - scoring = sendRequest(findTestObject("EngineScore", ["response_searchME_kons":response_searchME_kons, "response_searchME_spouse":response_searchME_spouse])): Send request successfully

2022-11-22 14:45:17 - [MESSAGE][INFO] - HAR: D:\DMS\Engine Scoring\Reports\20221122_143755\Exclude KKB - DS\Scoring Individu - CS\20221122_143756\requests\main\179.har

2022-11-22 14:45:17 - [MESSAGE][PASSED] - Send request successfully

2022-11-22 14:45:17 - [TEST_STEP][PASSED] - verifyResponseStatusCode(scoring, 200): Verify response status code successfully

2022-11-22 14:45:17 - [MESSAGE][PASSED] - Verify response status code successfully

2022-11-22 14:45:17 - [TEST_STEP][PASSED] - response2 = scoring.getResponseText(): null

2022-11-22 14:45:17 - [TEST_STEP][PASSED] - markPassed("result service data ke : " + no): result service data ke : 90

2022-11-22 14:45:17 - [MESSAGE][PASSED] - result service data ke : 90

2022-11-22 14:45:17 - [TEST_STEP][PASSED] - logInfo($response2): {"result_konsumen":"Approve","result_pasangan":"","Final_result":"Approve","errorMessage":"","status":"Done"}

2022-11-22 14:45:17 - [MESSAGE][INFO] - {"result_konsumen":"Approve","result_pasangan":"","Final_result":"Approve","errorMessage":"","status":"Done"}

2022-11-22 14:45:17 - [TEST_STEP][PASSED] - verifyElementPropertyValue(scoring, "Final_result", final_result): Verify element property value successfully

2022-11-22 14:45:17 - [MESSAGE][PASSED] - Verify element property value successfully]]></system-out>
         <system-err><![CDATA[]]></system-err>
      </testcase>
      <testcase name="Test Cases/Engine_Scoring/Engine Scoring" time="4.846" classname="Test Cases/Engine_Scoring/Engine Scoring" status="PASSED">
         <system-out><![CDATA[2022-11-22 14:45:17 - [TEST_CASE][PASSED] - Test Cases/Engine_Scoring/Engine Scoring: Test Cases/Engine_Scoring/Engine Scoring

2022-11-22 14:45:18 - [TEST_STEP][PASSED] - markPassed("Variasi data ke : " + no): Variasi data ke : 91

2022-11-22 14:45:18 - [MESSAGE][PASSED] - Variasi data ke : 91

2022-11-22 14:45:18 - [TEST_STEP][PASSED] - req_data = sendRequest(findTestObject("Search_ME", ["MID":MID, "source":source, "ip":ip, "userid":userid, "branch":branch, "tipekons":tipekons, "marital":marital, "penjamin":penjamin, ... ])): Send request successfully

2022-11-22 14:45:19 - [MESSAGE][INFO] - HAR: D:\DMS\Engine Scoring\Reports\20221122_143755\Exclude KKB - DS\Scoring Individu - CS\20221122_143756\requests\main\180.har

2022-11-22 14:45:19 - [MESSAGE][PASSED] - Send request successfully

2022-11-22 14:45:19 - [TEST_STEP][PASSED] - slurper = new groovy.json.JsonSlurper(): null

2022-11-22 14:45:19 - [TEST_STEP][PASSED] - result = slurper.parseText(req_data.getResponseBodyContent()): null

2022-11-22 14:45:19 - [TEST_STEP][PASSED] - reqid_kons = requestid1: null

2022-11-22 14:45:19 - [TEST_STEP][PASSED] - reqid_spouse = requestid2: null

2022-11-22 14:45:19 - [TEST_STEP][PASSED] - println("requestid kons : " + reqid_kons): null

2022-11-22 14:45:19 - [TEST_STEP][PASSED] - response_searchME_kons = reqid_kons: null

2022-11-22 14:45:19 - [TEST_STEP][PASSED] - response_searchME_spouse = reqid_spouse: null

2022-11-22 14:45:19 - [TEST_STEP][PASSED] - println("kons req id is :" + response_searchME_kons): null

2022-11-22 14:45:19 - [TEST_STEP][PASSED] - println("spouse req id is : " + response_searchME_spouse): null

2022-11-22 14:45:19 - [TEST_STEP][PASSED] - verifyResponseStatusCode(req_data, 200): Verify response status code successfully

2022-11-22 14:45:19 - [MESSAGE][PASSED] - Verify response status code successfully

2022-11-22 14:45:19 - [TEST_STEP][PASSED] - response = req_data.getResponseText(): null

2022-11-22 14:45:19 - [TEST_STEP][PASSED] - logInfo($response): {"status":"Done","data":{"requestid1":"241631","requestid2":""}}

2022-11-22 14:45:19 - [MESSAGE][INFO] - {"status":"Done","data":{"requestid1":"241631","requestid2":""}}

2022-11-22 14:45:19 - [TEST_STEP][PASSED] - delay(3): Delayed 3 second(s)

2022-11-22 14:45:22 - [MESSAGE][PASSED] - Delayed 3 second(s)

2022-11-22 14:45:22 - [TEST_STEP][PASSED] - scoring = sendRequest(findTestObject("EngineScore", ["response_searchME_kons":response_searchME_kons, "response_searchME_spouse":response_searchME_spouse])): Send request successfully

2022-11-22 14:45:22 - [MESSAGE][INFO] - HAR: D:\DMS\Engine Scoring\Reports\20221122_143755\Exclude KKB - DS\Scoring Individu - CS\20221122_143756\requests\main\181.har

2022-11-22 14:45:22 - [MESSAGE][PASSED] - Send request successfully

2022-11-22 14:45:22 - [TEST_STEP][PASSED] - verifyResponseStatusCode(scoring, 200): Verify response status code successfully

2022-11-22 14:45:22 - [MESSAGE][PASSED] - Verify response status code successfully

2022-11-22 14:45:22 - [TEST_STEP][PASSED] - response2 = scoring.getResponseText(): null

2022-11-22 14:45:22 - [TEST_STEP][PASSED] - markPassed("result service data ke : " + no): result service data ke : 91

2022-11-22 14:45:22 - [MESSAGE][PASSED] - result service data ke : 91

2022-11-22 14:45:22 - [TEST_STEP][PASSED] - logInfo($response2): {"result_konsumen":"Approve","result_pasangan":"","Final_result":"Approve","errorMessage":"","status":"Done"}

2022-11-22 14:45:22 - [MESSAGE][INFO] - {"result_konsumen":"Approve","result_pasangan":"","Final_result":"Approve","errorMessage":"","status":"Done"}

2022-11-22 14:45:22 - [TEST_STEP][PASSED] - verifyElementPropertyValue(scoring, "Final_result", final_result): Verify element property value successfully

2022-11-22 14:45:22 - [MESSAGE][PASSED] - Verify element property value successfully]]></system-out>
         <system-err><![CDATA[]]></system-err>
      </testcase>
      <testcase name="Test Cases/Engine_Scoring/Engine Scoring" time="5.052" classname="Test Cases/Engine_Scoring/Engine Scoring" status="PASSED">
         <system-out><![CDATA[2022-11-22 14:45:22 - [TEST_CASE][PASSED] - Test Cases/Engine_Scoring/Engine Scoring: Test Cases/Engine_Scoring/Engine Scoring

2022-11-22 14:45:23 - [TEST_STEP][PASSED] - markPassed("Variasi data ke : " + no): Variasi data ke : 92

2022-11-22 14:45:23 - [MESSAGE][PASSED] - Variasi data ke : 92

2022-11-22 14:45:23 - [TEST_STEP][PASSED] - req_data = sendRequest(findTestObject("Search_ME", ["MID":MID, "source":source, "ip":ip, "userid":userid, "branch":branch, "tipekons":tipekons, "marital":marital, "penjamin":penjamin, ... ])): Send request successfully

2022-11-22 14:45:24 - [MESSAGE][INFO] - HAR: D:\DMS\Engine Scoring\Reports\20221122_143755\Exclude KKB - DS\Scoring Individu - CS\20221122_143756\requests\main\182.har

2022-11-22 14:45:24 - [MESSAGE][PASSED] - Send request successfully

2022-11-22 14:45:24 - [TEST_STEP][PASSED] - slurper = new groovy.json.JsonSlurper(): null

2022-11-22 14:45:24 - [TEST_STEP][PASSED] - result = slurper.parseText(req_data.getResponseBodyContent()): null

2022-11-22 14:45:24 - [TEST_STEP][PASSED] - reqid_kons = requestid1: null

2022-11-22 14:45:24 - [TEST_STEP][PASSED] - reqid_spouse = requestid2: null

2022-11-22 14:45:24 - [TEST_STEP][PASSED] - println("requestid kons : " + reqid_kons): null

2022-11-22 14:45:24 - [TEST_STEP][PASSED] - response_searchME_kons = reqid_kons: null

2022-11-22 14:45:24 - [TEST_STEP][PASSED] - response_searchME_spouse = reqid_spouse: null

2022-11-22 14:45:24 - [TEST_STEP][PASSED] - println("kons req id is :" + response_searchME_kons): null

2022-11-22 14:45:24 - [TEST_STEP][PASSED] - println("spouse req id is : " + response_searchME_spouse): null

2022-11-22 14:45:24 - [TEST_STEP][PASSED] - verifyResponseStatusCode(req_data, 200): Verify response status code successfully

2022-11-22 14:45:24 - [MESSAGE][PASSED] - Verify response status code successfully

2022-11-22 14:45:24 - [TEST_STEP][PASSED] - response = req_data.getResponseText(): null

2022-11-22 14:45:24 - [TEST_STEP][PASSED] - logInfo($response): {"status":"Done","data":{"requestid1":"241632","requestid2":""}}

2022-11-22 14:45:24 - [MESSAGE][INFO] - {"status":"Done","data":{"requestid1":"241632","requestid2":""}}

2022-11-22 14:45:24 - [TEST_STEP][PASSED] - delay(3): Delayed 3 second(s)

2022-11-22 14:45:27 - [MESSAGE][PASSED] - Delayed 3 second(s)

2022-11-22 14:45:27 - [TEST_STEP][PASSED] - scoring = sendRequest(findTestObject("EngineScore", ["response_searchME_kons":response_searchME_kons, "response_searchME_spouse":response_searchME_spouse])): Send request successfully

2022-11-22 14:45:27 - [MESSAGE][INFO] - HAR: D:\DMS\Engine Scoring\Reports\20221122_143755\Exclude KKB - DS\Scoring Individu - CS\20221122_143756\requests\main\183.har

2022-11-22 14:45:27 - [MESSAGE][PASSED] - Send request successfully

2022-11-22 14:45:27 - [TEST_STEP][PASSED] - verifyResponseStatusCode(scoring, 200): Verify response status code successfully

2022-11-22 14:45:27 - [MESSAGE][PASSED] - Verify response status code successfully

2022-11-22 14:45:27 - [TEST_STEP][PASSED] - response2 = scoring.getResponseText(): null

2022-11-22 14:45:27 - [TEST_STEP][PASSED] - markPassed("result service data ke : " + no): result service data ke : 92

2022-11-22 14:45:27 - [MESSAGE][PASSED] - result service data ke : 92

2022-11-22 14:45:27 - [TEST_STEP][PASSED] - logInfo($response2): {"result_konsumen":"Approve","result_pasangan":"","Final_result":"Approve","errorMessage":"","status":"Done"}

2022-11-22 14:45:27 - [MESSAGE][INFO] - {"result_konsumen":"Approve","result_pasangan":"","Final_result":"Approve","errorMessage":"","status":"Done"}

2022-11-22 14:45:27 - [TEST_STEP][PASSED] - verifyElementPropertyValue(scoring, "Final_result", final_result): Verify element property value successfully

2022-11-22 14:45:27 - [MESSAGE][PASSED] - Verify element property value successfully]]></system-out>
         <system-err><![CDATA[]]></system-err>
      </testcase>
      <testcase name="Test Cases/Engine_Scoring/Engine Scoring" time="4.91" classname="Test Cases/Engine_Scoring/Engine Scoring" status="PASSED">
         <system-out><![CDATA[2022-11-22 14:45:27 - [TEST_CASE][PASSED] - Test Cases/Engine_Scoring/Engine Scoring: Test Cases/Engine_Scoring/Engine Scoring

2022-11-22 14:45:28 - [TEST_STEP][PASSED] - markPassed("Variasi data ke : " + no): Variasi data ke : 93

2022-11-22 14:45:28 - [MESSAGE][PASSED] - Variasi data ke : 93

2022-11-22 14:45:28 - [TEST_STEP][PASSED] - req_data = sendRequest(findTestObject("Search_ME", ["MID":MID, "source":source, "ip":ip, "userid":userid, "branch":branch, "tipekons":tipekons, "marital":marital, "penjamin":penjamin, ... ])): Send request successfully

2022-11-22 14:45:29 - [MESSAGE][INFO] - HAR: D:\DMS\Engine Scoring\Reports\20221122_143755\Exclude KKB - DS\Scoring Individu - CS\20221122_143756\requests\main\184.har

2022-11-22 14:45:29 - [MESSAGE][PASSED] - Send request successfully

2022-11-22 14:45:29 - [TEST_STEP][PASSED] - slurper = new groovy.json.JsonSlurper(): null

2022-11-22 14:45:29 - [TEST_STEP][PASSED] - result = slurper.parseText(req_data.getResponseBodyContent()): null

2022-11-22 14:45:29 - [TEST_STEP][PASSED] - reqid_kons = requestid1: null

2022-11-22 14:45:29 - [TEST_STEP][PASSED] - reqid_spouse = requestid2: null

2022-11-22 14:45:29 - [TEST_STEP][PASSED] - println("requestid kons : " + reqid_kons): null

2022-11-22 14:45:29 - [TEST_STEP][PASSED] - response_searchME_kons = reqid_kons: null

2022-11-22 14:45:29 - [TEST_STEP][PASSED] - response_searchME_spouse = reqid_spouse: null

2022-11-22 14:45:29 - [TEST_STEP][PASSED] - println("kons req id is :" + response_searchME_kons): null

2022-11-22 14:45:29 - [TEST_STEP][PASSED] - println("spouse req id is : " + response_searchME_spouse): null

2022-11-22 14:45:29 - [TEST_STEP][PASSED] - verifyResponseStatusCode(req_data, 200): Verify response status code successfully

2022-11-22 14:45:29 - [MESSAGE][PASSED] - Verify response status code successfully

2022-11-22 14:45:29 - [TEST_STEP][PASSED] - response = req_data.getResponseText(): null

2022-11-22 14:45:29 - [TEST_STEP][PASSED] - logInfo($response): {"status":"Done","data":{"requestid1":"241633","requestid2":""}}

2022-11-22 14:45:29 - [MESSAGE][INFO] - {"status":"Done","data":{"requestid1":"241633","requestid2":""}}

2022-11-22 14:45:29 - [TEST_STEP][PASSED] - delay(3): Delayed 3 second(s)

2022-11-22 14:45:32 - [MESSAGE][PASSED] - Delayed 3 second(s)

2022-11-22 14:45:32 - [TEST_STEP][PASSED] - scoring = sendRequest(findTestObject("EngineScore", ["response_searchME_kons":response_searchME_kons, "response_searchME_spouse":response_searchME_spouse])): Send request successfully

2022-11-22 14:45:32 - [MESSAGE][INFO] - HAR: D:\DMS\Engine Scoring\Reports\20221122_143755\Exclude KKB - DS\Scoring Individu - CS\20221122_143756\requests\main\185.har

2022-11-22 14:45:32 - [MESSAGE][PASSED] - Send request successfully

2022-11-22 14:45:32 - [TEST_STEP][PASSED] - verifyResponseStatusCode(scoring, 200): Verify response status code successfully

2022-11-22 14:45:32 - [MESSAGE][PASSED] - Verify response status code successfully

2022-11-22 14:45:32 - [TEST_STEP][PASSED] - response2 = scoring.getResponseText(): null

2022-11-22 14:45:32 - [TEST_STEP][PASSED] - markPassed("result service data ke : " + no): result service data ke : 93

2022-11-22 14:45:32 - [MESSAGE][PASSED] - result service data ke : 93

2022-11-22 14:45:32 - [TEST_STEP][PASSED] - logInfo($response2): {"result_konsumen":"Reject","result_pasangan":"","Final_result":"Reject","errorMessage":"","status":"Done"}

2022-11-22 14:45:32 - [MESSAGE][INFO] - {"result_konsumen":"Reject","result_pasangan":"","Final_result":"Reject","errorMessage":"","status":"Done"}

2022-11-22 14:45:32 - [TEST_STEP][PASSED] - verifyElementPropertyValue(scoring, "Final_result", final_result): Verify element property value successfully

2022-11-22 14:45:32 - [MESSAGE][PASSED] - Verify element property value successfully]]></system-out>
         <system-err><![CDATA[]]></system-err>
      </testcase>
      <testcase name="Test Cases/Engine_Scoring/Engine Scoring" time="5.025" classname="Test Cases/Engine_Scoring/Engine Scoring" status="PASSED">
         <system-out><![CDATA[2022-11-22 14:45:32 - [TEST_CASE][PASSED] - Test Cases/Engine_Scoring/Engine Scoring: Test Cases/Engine_Scoring/Engine Scoring

2022-11-22 14:45:33 - [TEST_STEP][PASSED] - markPassed("Variasi data ke : " + no): Variasi data ke : 94

2022-11-22 14:45:33 - [MESSAGE][PASSED] - Variasi data ke : 94

2022-11-22 14:45:33 - [TEST_STEP][PASSED] - req_data = sendRequest(findTestObject("Search_ME", ["MID":MID, "source":source, "ip":ip, "userid":userid, "branch":branch, "tipekons":tipekons, "marital":marital, "penjamin":penjamin, ... ])): Send request successfully

2022-11-22 14:45:34 - [MESSAGE][INFO] - HAR: D:\DMS\Engine Scoring\Reports\20221122_143755\Exclude KKB - DS\Scoring Individu - CS\20221122_143756\requests\main\186.har

2022-11-22 14:45:34 - [MESSAGE][PASSED] - Send request successfully

2022-11-22 14:45:34 - [TEST_STEP][PASSED] - slurper = new groovy.json.JsonSlurper(): null

2022-11-22 14:45:34 - [TEST_STEP][PASSED] - result = slurper.parseText(req_data.getResponseBodyContent()): null

2022-11-22 14:45:34 - [TEST_STEP][PASSED] - reqid_kons = requestid1: null

2022-11-22 14:45:34 - [TEST_STEP][PASSED] - reqid_spouse = requestid2: null

2022-11-22 14:45:34 - [TEST_STEP][PASSED] - println("requestid kons : " + reqid_kons): null

2022-11-22 14:45:34 - [TEST_STEP][PASSED] - response_searchME_kons = reqid_kons: null

2022-11-22 14:45:34 - [TEST_STEP][PASSED] - response_searchME_spouse = reqid_spouse: null

2022-11-22 14:45:34 - [TEST_STEP][PASSED] - println("kons req id is :" + response_searchME_kons): null

2022-11-22 14:45:34 - [TEST_STEP][PASSED] - println("spouse req id is : " + response_searchME_spouse): null

2022-11-22 14:45:34 - [TEST_STEP][PASSED] - verifyResponseStatusCode(req_data, 200): Verify response status code successfully

2022-11-22 14:45:34 - [MESSAGE][PASSED] - Verify response status code successfully

2022-11-22 14:45:34 - [TEST_STEP][PASSED] - response = req_data.getResponseText(): null

2022-11-22 14:45:34 - [TEST_STEP][PASSED] - logInfo($response): {"status":"Done","data":{"requestid1":"241634","requestid2":""}}

2022-11-22 14:45:34 - [MESSAGE][INFO] - {"status":"Done","data":{"requestid1":"241634","requestid2":""}}

2022-11-22 14:45:34 - [TEST_STEP][PASSED] - delay(3): Delayed 3 second(s)

2022-11-22 14:45:37 - [MESSAGE][PASSED] - Delayed 3 second(s)

2022-11-22 14:45:37 - [TEST_STEP][PASSED] - scoring = sendRequest(findTestObject("EngineScore", ["response_searchME_kons":response_searchME_kons, "response_searchME_spouse":response_searchME_spouse])): Send request successfully

2022-11-22 14:45:37 - [MESSAGE][INFO] - HAR: D:\DMS\Engine Scoring\Reports\20221122_143755\Exclude KKB - DS\Scoring Individu - CS\20221122_143756\requests\main\187.har

2022-11-22 14:45:37 - [MESSAGE][PASSED] - Send request successfully

2022-11-22 14:45:37 - [TEST_STEP][PASSED] - verifyResponseStatusCode(scoring, 200): Verify response status code successfully

2022-11-22 14:45:37 - [MESSAGE][PASSED] - Verify response status code successfully

2022-11-22 14:45:37 - [TEST_STEP][PASSED] - response2 = scoring.getResponseText(): null

2022-11-22 14:45:37 - [TEST_STEP][PASSED] - markPassed("result service data ke : " + no): result service data ke : 94

2022-11-22 14:45:37 - [MESSAGE][PASSED] - result service data ke : 94

2022-11-22 14:45:37 - [TEST_STEP][PASSED] - logInfo($response2): {"result_konsumen":"Reject","result_pasangan":"","Final_result":"Reject","errorMessage":"","status":"Done"}

2022-11-22 14:45:37 - [MESSAGE][INFO] - {"result_konsumen":"Reject","result_pasangan":"","Final_result":"Reject","errorMessage":"","status":"Done"}

2022-11-22 14:45:37 - [TEST_STEP][PASSED] - verifyElementPropertyValue(scoring, "Final_result", final_result): Verify element property value successfully

2022-11-22 14:45:37 - [MESSAGE][PASSED] - Verify element property value successfully]]></system-out>
         <system-err><![CDATA[]]></system-err>
      </testcase>
      <testcase name="Test Cases/Engine_Scoring/Engine Scoring" time="4.925" classname="Test Cases/Engine_Scoring/Engine Scoring" status="PASSED">
         <system-out><![CDATA[2022-11-22 14:45:37 - [TEST_CASE][PASSED] - Test Cases/Engine_Scoring/Engine Scoring: Test Cases/Engine_Scoring/Engine Scoring

2022-11-22 14:45:38 - [TEST_STEP][PASSED] - markPassed("Variasi data ke : " + no): Variasi data ke : 95

2022-11-22 14:45:38 - [MESSAGE][PASSED] - Variasi data ke : 95

2022-11-22 14:45:38 - [TEST_STEP][PASSED] - req_data = sendRequest(findTestObject("Search_ME", ["MID":MID, "source":source, "ip":ip, "userid":userid, "branch":branch, "tipekons":tipekons, "marital":marital, "penjamin":penjamin, ... ])): Send request successfully

2022-11-22 14:45:39 - [MESSAGE][INFO] - HAR: D:\DMS\Engine Scoring\Reports\20221122_143755\Exclude KKB - DS\Scoring Individu - CS\20221122_143756\requests\main\188.har

2022-11-22 14:45:39 - [MESSAGE][PASSED] - Send request successfully

2022-11-22 14:45:39 - [TEST_STEP][PASSED] - slurper = new groovy.json.JsonSlurper(): null

2022-11-22 14:45:39 - [TEST_STEP][PASSED] - result = slurper.parseText(req_data.getResponseBodyContent()): null

2022-11-22 14:45:39 - [TEST_STEP][PASSED] - reqid_kons = requestid1: null

2022-11-22 14:45:39 - [TEST_STEP][PASSED] - reqid_spouse = requestid2: null

2022-11-22 14:45:39 - [TEST_STEP][PASSED] - println("requestid kons : " + reqid_kons): null

2022-11-22 14:45:39 - [TEST_STEP][PASSED] - response_searchME_kons = reqid_kons: null

2022-11-22 14:45:39 - [TEST_STEP][PASSED] - response_searchME_spouse = reqid_spouse: null

2022-11-22 14:45:39 - [TEST_STEP][PASSED] - println("kons req id is :" + response_searchME_kons): null

2022-11-22 14:45:39 - [TEST_STEP][PASSED] - println("spouse req id is : " + response_searchME_spouse): null

2022-11-22 14:45:39 - [TEST_STEP][PASSED] - verifyResponseStatusCode(req_data, 200): Verify response status code successfully

2022-11-22 14:45:39 - [MESSAGE][PASSED] - Verify response status code successfully

2022-11-22 14:45:39 - [TEST_STEP][PASSED] - response = req_data.getResponseText(): null

2022-11-22 14:45:39 - [TEST_STEP][PASSED] - logInfo($response): {"status":"Done","data":{"requestid1":"241635","requestid2":""}}

2022-11-22 14:45:39 - [MESSAGE][INFO] - {"status":"Done","data":{"requestid1":"241635","requestid2":""}}

2022-11-22 14:45:39 - [TEST_STEP][PASSED] - delay(3): Delayed 3 second(s)

2022-11-22 14:45:42 - [MESSAGE][PASSED] - Delayed 3 second(s)

2022-11-22 14:45:42 - [TEST_STEP][PASSED] - scoring = sendRequest(findTestObject("EngineScore", ["response_searchME_kons":response_searchME_kons, "response_searchME_spouse":response_searchME_spouse])): Send request successfully

2022-11-22 14:45:42 - [MESSAGE][INFO] - HAR: D:\DMS\Engine Scoring\Reports\20221122_143755\Exclude KKB - DS\Scoring Individu - CS\20221122_143756\requests\main\189.har

2022-11-22 14:45:42 - [MESSAGE][PASSED] - Send request successfully

2022-11-22 14:45:42 - [TEST_STEP][PASSED] - verifyResponseStatusCode(scoring, 200): Verify response status code successfully

2022-11-22 14:45:42 - [MESSAGE][PASSED] - Verify response status code successfully

2022-11-22 14:45:42 - [TEST_STEP][PASSED] - response2 = scoring.getResponseText(): null

2022-11-22 14:45:42 - [TEST_STEP][PASSED] - markPassed("result service data ke : " + no): result service data ke : 95

2022-11-22 14:45:42 - [MESSAGE][PASSED] - result service data ke : 95

2022-11-22 14:45:42 - [TEST_STEP][PASSED] - logInfo($response2): {"result_konsumen":"Reject","result_pasangan":"","Final_result":"Reject","errorMessage":"","status":"Done"}

2022-11-22 14:45:42 - [MESSAGE][INFO] - {"result_konsumen":"Reject","result_pasangan":"","Final_result":"Reject","errorMessage":"","status":"Done"}

2022-11-22 14:45:42 - [TEST_STEP][PASSED] - verifyElementPropertyValue(scoring, "Final_result", final_result): Verify element property value successfully

2022-11-22 14:45:42 - [MESSAGE][PASSED] - Verify element property value successfully]]></system-out>
         <system-err><![CDATA[]]></system-err>
      </testcase>
      <testcase name="Test Cases/Engine_Scoring/Engine Scoring" time="4.963" classname="Test Cases/Engine_Scoring/Engine Scoring" status="PASSED">
         <system-out><![CDATA[2022-11-22 14:45:42 - [TEST_CASE][PASSED] - Test Cases/Engine_Scoring/Engine Scoring: Test Cases/Engine_Scoring/Engine Scoring

2022-11-22 14:45:43 - [TEST_STEP][PASSED] - markPassed("Variasi data ke : " + no): Variasi data ke : 96

2022-11-22 14:45:43 - [MESSAGE][PASSED] - Variasi data ke : 96

2022-11-22 14:45:43 - [TEST_STEP][PASSED] - req_data = sendRequest(findTestObject("Search_ME", ["MID":MID, "source":source, "ip":ip, "userid":userid, "branch":branch, "tipekons":tipekons, "marital":marital, "penjamin":penjamin, ... ])): Send request successfully

2022-11-22 14:45:44 - [MESSAGE][INFO] - HAR: D:\DMS\Engine Scoring\Reports\20221122_143755\Exclude KKB - DS\Scoring Individu - CS\20221122_143756\requests\main\190.har

2022-11-22 14:45:44 - [MESSAGE][PASSED] - Send request successfully

2022-11-22 14:45:44 - [TEST_STEP][PASSED] - slurper = new groovy.json.JsonSlurper(): null

2022-11-22 14:45:44 - [TEST_STEP][PASSED] - result = slurper.parseText(req_data.getResponseBodyContent()): null

2022-11-22 14:45:44 - [TEST_STEP][PASSED] - reqid_kons = requestid1: null

2022-11-22 14:45:44 - [TEST_STEP][PASSED] - reqid_spouse = requestid2: null

2022-11-22 14:45:44 - [TEST_STEP][PASSED] - println("requestid kons : " + reqid_kons): null

2022-11-22 14:45:44 - [TEST_STEP][PASSED] - response_searchME_kons = reqid_kons: null

2022-11-22 14:45:44 - [TEST_STEP][PASSED] - response_searchME_spouse = reqid_spouse: null

2022-11-22 14:45:44 - [TEST_STEP][PASSED] - println("kons req id is :" + response_searchME_kons): null

2022-11-22 14:45:44 - [TEST_STEP][PASSED] - println("spouse req id is : " + response_searchME_spouse): null

2022-11-22 14:45:44 - [TEST_STEP][PASSED] - verifyResponseStatusCode(req_data, 200): Verify response status code successfully

2022-11-22 14:45:44 - [MESSAGE][PASSED] - Verify response status code successfully

2022-11-22 14:45:44 - [TEST_STEP][PASSED] - response = req_data.getResponseText(): null

2022-11-22 14:45:44 - [TEST_STEP][PASSED] - logInfo($response): {"status":"Done","data":{"requestid1":"241636","requestid2":""}}

2022-11-22 14:45:44 - [MESSAGE][INFO] - {"status":"Done","data":{"requestid1":"241636","requestid2":""}}

2022-11-22 14:45:44 - [TEST_STEP][PASSED] - delay(3): Delayed 3 second(s)

2022-11-22 14:45:47 - [MESSAGE][PASSED] - Delayed 3 second(s)

2022-11-22 14:45:47 - [TEST_STEP][PASSED] - scoring = sendRequest(findTestObject("EngineScore", ["response_searchME_kons":response_searchME_kons, "response_searchME_spouse":response_searchME_spouse])): Send request successfully

2022-11-22 14:45:47 - [MESSAGE][INFO] - HAR: D:\DMS\Engine Scoring\Reports\20221122_143755\Exclude KKB - DS\Scoring Individu - CS\20221122_143756\requests\main\191.har

2022-11-22 14:45:47 - [MESSAGE][PASSED] - Send request successfully

2022-11-22 14:45:47 - [TEST_STEP][PASSED] - verifyResponseStatusCode(scoring, 200): Verify response status code successfully

2022-11-22 14:45:47 - [MESSAGE][PASSED] - Verify response status code successfully

2022-11-22 14:45:47 - [TEST_STEP][PASSED] - response2 = scoring.getResponseText(): null

2022-11-22 14:45:47 - [TEST_STEP][PASSED] - markPassed("result service data ke : " + no): result service data ke : 96

2022-11-22 14:45:47 - [MESSAGE][PASSED] - result service data ke : 96

2022-11-22 14:45:47 - [TEST_STEP][PASSED] - logInfo($response2): {"result_konsumen":"Reject","result_pasangan":"","Final_result":"Reject","errorMessage":"","status":"Done"}

2022-11-22 14:45:47 - [MESSAGE][INFO] - {"result_konsumen":"Reject","result_pasangan":"","Final_result":"Reject","errorMessage":"","status":"Done"}

2022-11-22 14:45:47 - [TEST_STEP][PASSED] - verifyElementPropertyValue(scoring, "Final_result", final_result): Verify element property value successfully

2022-11-22 14:45:47 - [MESSAGE][PASSED] - Verify element property value successfully]]></system-out>
         <system-err><![CDATA[]]></system-err>
      </testcase>
      <testcase name="Test Cases/Engine_Scoring/Engine Scoring" time="5.043" classname="Test Cases/Engine_Scoring/Engine Scoring" status="PASSED">
         <system-out><![CDATA[2022-11-22 14:45:47 - [TEST_CASE][PASSED] - Test Cases/Engine_Scoring/Engine Scoring: Test Cases/Engine_Scoring/Engine Scoring

2022-11-22 14:45:48 - [TEST_STEP][PASSED] - markPassed("Variasi data ke : " + no): Variasi data ke : 97

2022-11-22 14:45:48 - [MESSAGE][PASSED] - Variasi data ke : 97

2022-11-22 14:45:48 - [TEST_STEP][PASSED] - req_data = sendRequest(findTestObject("Search_ME", ["MID":MID, "source":source, "ip":ip, "userid":userid, "branch":branch, "tipekons":tipekons, "marital":marital, "penjamin":penjamin, ... ])): Send request successfully

2022-11-22 14:45:49 - [MESSAGE][INFO] - HAR: D:\DMS\Engine Scoring\Reports\20221122_143755\Exclude KKB - DS\Scoring Individu - CS\20221122_143756\requests\main\192.har

2022-11-22 14:45:49 - [MESSAGE][PASSED] - Send request successfully

2022-11-22 14:45:49 - [TEST_STEP][PASSED] - slurper = new groovy.json.JsonSlurper(): null

2022-11-22 14:45:49 - [TEST_STEP][PASSED] - result = slurper.parseText(req_data.getResponseBodyContent()): null

2022-11-22 14:45:49 - [TEST_STEP][PASSED] - reqid_kons = requestid1: null

2022-11-22 14:45:49 - [TEST_STEP][PASSED] - reqid_spouse = requestid2: null

2022-11-22 14:45:49 - [TEST_STEP][PASSED] - println("requestid kons : " + reqid_kons): null

2022-11-22 14:45:49 - [TEST_STEP][PASSED] - response_searchME_kons = reqid_kons: null

2022-11-22 14:45:49 - [TEST_STEP][PASSED] - response_searchME_spouse = reqid_spouse: null

2022-11-22 14:45:49 - [TEST_STEP][PASSED] - println("kons req id is :" + response_searchME_kons): null

2022-11-22 14:45:49 - [TEST_STEP][PASSED] - println("spouse req id is : " + response_searchME_spouse): null

2022-11-22 14:45:49 - [TEST_STEP][PASSED] - verifyResponseStatusCode(req_data, 200): Verify response status code successfully

2022-11-22 14:45:49 - [MESSAGE][PASSED] - Verify response status code successfully

2022-11-22 14:45:49 - [TEST_STEP][PASSED] - response = req_data.getResponseText(): null

2022-11-22 14:45:49 - [TEST_STEP][PASSED] - logInfo($response): {"status":"Done","data":{"requestid1":"241637","requestid2":""}}

2022-11-22 14:45:49 - [MESSAGE][INFO] - {"status":"Done","data":{"requestid1":"241637","requestid2":""}}

2022-11-22 14:45:49 - [TEST_STEP][PASSED] - delay(3): Delayed 3 second(s)

2022-11-22 14:45:52 - [MESSAGE][PASSED] - Delayed 3 second(s)

2022-11-22 14:45:52 - [TEST_STEP][PASSED] - scoring = sendRequest(findTestObject("EngineScore", ["response_searchME_kons":response_searchME_kons, "response_searchME_spouse":response_searchME_spouse])): Send request successfully

2022-11-22 14:45:52 - [MESSAGE][INFO] - HAR: D:\DMS\Engine Scoring\Reports\20221122_143755\Exclude KKB - DS\Scoring Individu - CS\20221122_143756\requests\main\193.har

2022-11-22 14:45:52 - [MESSAGE][PASSED] - Send request successfully

2022-11-22 14:45:52 - [TEST_STEP][PASSED] - verifyResponseStatusCode(scoring, 200): Verify response status code successfully

2022-11-22 14:45:52 - [MESSAGE][PASSED] - Verify response status code successfully

2022-11-22 14:45:52 - [TEST_STEP][PASSED] - response2 = scoring.getResponseText(): null

2022-11-22 14:45:52 - [TEST_STEP][PASSED] - markPassed("result service data ke : " + no): result service data ke : 97

2022-11-22 14:45:52 - [MESSAGE][PASSED] - result service data ke : 97

2022-11-22 14:45:52 - [TEST_STEP][PASSED] - logInfo($response2): {"result_konsumen":"Approve","result_pasangan":"","Final_result":"Approve","errorMessage":"","status":"Done"}

2022-11-22 14:45:52 - [MESSAGE][INFO] - {"result_konsumen":"Approve","result_pasangan":"","Final_result":"Approve","errorMessage":"","status":"Done"}

2022-11-22 14:45:52 - [TEST_STEP][PASSED] - verifyElementPropertyValue(scoring, "Final_result", final_result): Verify element property value successfully

2022-11-22 14:45:52 - [MESSAGE][PASSED] - Verify element property value successfully]]></system-out>
         <system-err><![CDATA[]]></system-err>
      </testcase>
      <testcase name="Test Cases/Engine_Scoring/Engine Scoring" time="5.052" classname="Test Cases/Engine_Scoring/Engine Scoring" status="PASSED">
         <system-out><![CDATA[2022-11-22 14:45:52 - [TEST_CASE][PASSED] - Test Cases/Engine_Scoring/Engine Scoring: Test Cases/Engine_Scoring/Engine Scoring

2022-11-22 14:45:53 - [TEST_STEP][PASSED] - markPassed("Variasi data ke : " + no): Variasi data ke : 98

2022-11-22 14:45:53 - [MESSAGE][PASSED] - Variasi data ke : 98

2022-11-22 14:45:53 - [TEST_STEP][PASSED] - req_data = sendRequest(findTestObject("Search_ME", ["MID":MID, "source":source, "ip":ip, "userid":userid, "branch":branch, "tipekons":tipekons, "marital":marital, "penjamin":penjamin, ... ])): Send request successfully

2022-11-22 14:45:54 - [MESSAGE][INFO] - HAR: D:\DMS\Engine Scoring\Reports\20221122_143755\Exclude KKB - DS\Scoring Individu - CS\20221122_143756\requests\main\194.har

2022-11-22 14:45:54 - [MESSAGE][PASSED] - Send request successfully

2022-11-22 14:45:54 - [TEST_STEP][PASSED] - slurper = new groovy.json.JsonSlurper(): null

2022-11-22 14:45:54 - [TEST_STEP][PASSED] - result = slurper.parseText(req_data.getResponseBodyContent()): null

2022-11-22 14:45:54 - [TEST_STEP][PASSED] - reqid_kons = requestid1: null

2022-11-22 14:45:54 - [TEST_STEP][PASSED] - reqid_spouse = requestid2: null

2022-11-22 14:45:54 - [TEST_STEP][PASSED] - println("requestid kons : " + reqid_kons): null

2022-11-22 14:45:54 - [TEST_STEP][PASSED] - response_searchME_kons = reqid_kons: null

2022-11-22 14:45:54 - [TEST_STEP][PASSED] - response_searchME_spouse = reqid_spouse: null

2022-11-22 14:45:54 - [TEST_STEP][PASSED] - println("kons req id is :" + response_searchME_kons): null

2022-11-22 14:45:54 - [TEST_STEP][PASSED] - println("spouse req id is : " + response_searchME_spouse): null

2022-11-22 14:45:54 - [TEST_STEP][PASSED] - verifyResponseStatusCode(req_data, 200): Verify response status code successfully

2022-11-22 14:45:54 - [MESSAGE][PASSED] - Verify response status code successfully

2022-11-22 14:45:54 - [TEST_STEP][PASSED] - response = req_data.getResponseText(): null

2022-11-22 14:45:54 - [TEST_STEP][PASSED] - logInfo($response): {"status":"Done","data":{"requestid1":"241638","requestid2":""}}

2022-11-22 14:45:54 - [MESSAGE][INFO] - {"status":"Done","data":{"requestid1":"241638","requestid2":""}}

2022-11-22 14:45:54 - [TEST_STEP][PASSED] - delay(3): Delayed 3 second(s)

2022-11-22 14:45:57 - [MESSAGE][PASSED] - Delayed 3 second(s)

2022-11-22 14:45:57 - [TEST_STEP][PASSED] - scoring = sendRequest(findTestObject("EngineScore", ["response_searchME_kons":response_searchME_kons, "response_searchME_spouse":response_searchME_spouse])): Send request successfully

2022-11-22 14:45:57 - [MESSAGE][INFO] - HAR: D:\DMS\Engine Scoring\Reports\20221122_143755\Exclude KKB - DS\Scoring Individu - CS\20221122_143756\requests\main\195.har

2022-11-22 14:45:57 - [MESSAGE][PASSED] - Send request successfully

2022-11-22 14:45:57 - [TEST_STEP][PASSED] - verifyResponseStatusCode(scoring, 200): Verify response status code successfully

2022-11-22 14:45:57 - [MESSAGE][PASSED] - Verify response status code successfully

2022-11-22 14:45:57 - [TEST_STEP][PASSED] - response2 = scoring.getResponseText(): null

2022-11-22 14:45:57 - [TEST_STEP][PASSED] - markPassed("result service data ke : " + no): result service data ke : 98

2022-11-22 14:45:57 - [MESSAGE][PASSED] - result service data ke : 98

2022-11-22 14:45:57 - [TEST_STEP][PASSED] - logInfo($response2): {"result_konsumen":"Approve","result_pasangan":"","Final_result":"Approve","errorMessage":"","status":"Done"}

2022-11-22 14:45:57 - [MESSAGE][INFO] - {"result_konsumen":"Approve","result_pasangan":"","Final_result":"Approve","errorMessage":"","status":"Done"}

2022-11-22 14:45:57 - [TEST_STEP][PASSED] - verifyElementPropertyValue(scoring, "Final_result", final_result): Verify element property value successfully

2022-11-22 14:45:57 - [MESSAGE][PASSED] - Verify element property value successfully]]></system-out>
         <system-err><![CDATA[]]></system-err>
      </testcase>
      <testcase name="Test Cases/Engine_Scoring/Engine Scoring" time="4.991" classname="Test Cases/Engine_Scoring/Engine Scoring" status="PASSED">
         <system-out><![CDATA[2022-11-22 14:45:57 - [TEST_CASE][PASSED] - Test Cases/Engine_Scoring/Engine Scoring: Test Cases/Engine_Scoring/Engine Scoring

2022-11-22 14:45:58 - [TEST_STEP][PASSED] - markPassed("Variasi data ke : " + no): Variasi data ke : 99

2022-11-22 14:45:58 - [MESSAGE][PASSED] - Variasi data ke : 99

2022-11-22 14:45:58 - [TEST_STEP][PASSED] - req_data = sendRequest(findTestObject("Search_ME", ["MID":MID, "source":source, "ip":ip, "userid":userid, "branch":branch, "tipekons":tipekons, "marital":marital, "penjamin":penjamin, ... ])): Send request successfully

2022-11-22 14:45:59 - [MESSAGE][INFO] - HAR: D:\DMS\Engine Scoring\Reports\20221122_143755\Exclude KKB - DS\Scoring Individu - CS\20221122_143756\requests\main\196.har

2022-11-22 14:45:59 - [MESSAGE][PASSED] - Send request successfully

2022-11-22 14:45:59 - [TEST_STEP][PASSED] - slurper = new groovy.json.JsonSlurper(): null

2022-11-22 14:45:59 - [TEST_STEP][PASSED] - result = slurper.parseText(req_data.getResponseBodyContent()): null

2022-11-22 14:45:59 - [TEST_STEP][PASSED] - reqid_kons = requestid1: null

2022-11-22 14:45:59 - [TEST_STEP][PASSED] - reqid_spouse = requestid2: null

2022-11-22 14:45:59 - [TEST_STEP][PASSED] - println("requestid kons : " + reqid_kons): null

2022-11-22 14:45:59 - [TEST_STEP][PASSED] - response_searchME_kons = reqid_kons: null

2022-11-22 14:45:59 - [TEST_STEP][PASSED] - response_searchME_spouse = reqid_spouse: null

2022-11-22 14:45:59 - [TEST_STEP][PASSED] - println("kons req id is :" + response_searchME_kons): null

2022-11-22 14:45:59 - [TEST_STEP][PASSED] - println("spouse req id is : " + response_searchME_spouse): null

2022-11-22 14:45:59 - [TEST_STEP][PASSED] - verifyResponseStatusCode(req_data, 200): Verify response status code successfully

2022-11-22 14:45:59 - [MESSAGE][PASSED] - Verify response status code successfully

2022-11-22 14:45:59 - [TEST_STEP][PASSED] - response = req_data.getResponseText(): null

2022-11-22 14:45:59 - [TEST_STEP][PASSED] - logInfo($response): {"status":"Done","data":{"requestid1":"241639","requestid2":""}}

2022-11-22 14:45:59 - [MESSAGE][INFO] - {"status":"Done","data":{"requestid1":"241639","requestid2":""}}

2022-11-22 14:45:59 - [TEST_STEP][PASSED] - delay(3): Delayed 3 second(s)

2022-11-22 14:46:02 - [MESSAGE][PASSED] - Delayed 3 second(s)

2022-11-22 14:46:02 - [TEST_STEP][PASSED] - scoring = sendRequest(findTestObject("EngineScore", ["response_searchME_kons":response_searchME_kons, "response_searchME_spouse":response_searchME_spouse])): Send request successfully

2022-11-22 14:46:02 - [MESSAGE][INFO] - HAR: D:\DMS\Engine Scoring\Reports\20221122_143755\Exclude KKB - DS\Scoring Individu - CS\20221122_143756\requests\main\197.har

2022-11-22 14:46:02 - [MESSAGE][PASSED] - Send request successfully

2022-11-22 14:46:02 - [TEST_STEP][PASSED] - verifyResponseStatusCode(scoring, 200): Verify response status code successfully

2022-11-22 14:46:02 - [MESSAGE][PASSED] - Verify response status code successfully

2022-11-22 14:46:02 - [TEST_STEP][PASSED] - response2 = scoring.getResponseText(): null

2022-11-22 14:46:02 - [TEST_STEP][PASSED] - markPassed("result service data ke : " + no): result service data ke : 99

2022-11-22 14:46:02 - [MESSAGE][PASSED] - result service data ke : 99

2022-11-22 14:46:02 - [TEST_STEP][PASSED] - logInfo($response2): {"result_konsumen":"Approve","result_pasangan":"","Final_result":"Approve","errorMessage":"","status":"Done"}

2022-11-22 14:46:02 - [MESSAGE][INFO] - {"result_konsumen":"Approve","result_pasangan":"","Final_result":"Approve","errorMessage":"","status":"Done"}

2022-11-22 14:46:02 - [TEST_STEP][PASSED] - verifyElementPropertyValue(scoring, "Final_result", final_result): Verify element property value successfully

2022-11-22 14:46:02 - [MESSAGE][PASSED] - Verify element property value successfully]]></system-out>
         <system-err><![CDATA[]]></system-err>
      </testcase>
      <testcase name="Test Cases/Engine_Scoring/Engine Scoring" time="8.982" classname="Test Cases/Engine_Scoring/Engine Scoring" status="PASSED">
         <system-out><![CDATA[2022-11-22 14:46:02 - [TEST_CASE][PASSED] - Test Cases/Engine_Scoring/Engine Scoring: Test Cases/Engine_Scoring/Engine Scoring

2022-11-22 14:46:03 - [TEST_STEP][PASSED] - markPassed("Variasi data ke : " + no): Variasi data ke : 100

2022-11-22 14:46:03 - [MESSAGE][PASSED] - Variasi data ke : 100

2022-11-22 14:46:03 - [TEST_STEP][PASSED] - req_data = sendRequest(findTestObject("Search_ME", ["MID":MID, "source":source, "ip":ip, "userid":userid, "branch":branch, "tipekons":tipekons, "marital":marital, "penjamin":penjamin, ... ])): Send request successfully

2022-11-22 14:46:08 - [MESSAGE][INFO] - HAR: D:\DMS\Engine Scoring\Reports\20221122_143755\Exclude KKB - DS\Scoring Individu - CS\20221122_143756\requests\main\198.har

2022-11-22 14:46:08 - [MESSAGE][PASSED] - Send request successfully

2022-11-22 14:46:08 - [TEST_STEP][PASSED] - slurper = new groovy.json.JsonSlurper(): null

2022-11-22 14:46:08 - [TEST_STEP][PASSED] - result = slurper.parseText(req_data.getResponseBodyContent()): null

2022-11-22 14:46:08 - [TEST_STEP][PASSED] - reqid_kons = requestid1: null

2022-11-22 14:46:08 - [TEST_STEP][PASSED] - reqid_spouse = requestid2: null

2022-11-22 14:46:08 - [TEST_STEP][PASSED] - println("requestid kons : " + reqid_kons): null

2022-11-22 14:46:08 - [TEST_STEP][PASSED] - response_searchME_kons = reqid_kons: null

2022-11-22 14:46:08 - [TEST_STEP][PASSED] - response_searchME_spouse = reqid_spouse: null

2022-11-22 14:46:08 - [TEST_STEP][PASSED] - println("kons req id is :" + response_searchME_kons): null

2022-11-22 14:46:08 - [TEST_STEP][PASSED] - println("spouse req id is : " + response_searchME_spouse): null

2022-11-22 14:46:08 - [TEST_STEP][PASSED] - verifyResponseStatusCode(req_data, 200): Verify response status code successfully

2022-11-22 14:46:08 - [MESSAGE][PASSED] - Verify response status code successfully

2022-11-22 14:46:08 - [TEST_STEP][PASSED] - response = req_data.getResponseText(): null

2022-11-22 14:46:08 - [TEST_STEP][PASSED] - logInfo($response): {"status":"Done","data":{"requestid1":"241640","requestid2":""}}

2022-11-22 14:46:08 - [MESSAGE][INFO] - {"status":"Done","data":{"requestid1":"241640","requestid2":""}}

2022-11-22 14:46:08 - [TEST_STEP][PASSED] - delay(3): Delayed 3 second(s)

2022-11-22 14:46:11 - [MESSAGE][PASSED] - Delayed 3 second(s)

2022-11-22 14:46:11 - [TEST_STEP][PASSED] - scoring = sendRequest(findTestObject("EngineScore", ["response_searchME_kons":response_searchME_kons, "response_searchME_spouse":response_searchME_spouse])): Send request successfully

2022-11-22 14:46:11 - [MESSAGE][INFO] - HAR: D:\DMS\Engine Scoring\Reports\20221122_143755\Exclude KKB - DS\Scoring Individu - CS\20221122_143756\requests\main\199.har

2022-11-22 14:46:11 - [MESSAGE][PASSED] - Send request successfully

2022-11-22 14:46:11 - [TEST_STEP][PASSED] - verifyResponseStatusCode(scoring, 200): Verify response status code successfully

2022-11-22 14:46:11 - [MESSAGE][PASSED] - Verify response status code successfully

2022-11-22 14:46:11 - [TEST_STEP][PASSED] - response2 = scoring.getResponseText(): null

2022-11-22 14:46:11 - [TEST_STEP][PASSED] - markPassed("result service data ke : " + no): result service data ke : 100

2022-11-22 14:46:11 - [MESSAGE][PASSED] - result service data ke : 100

2022-11-22 14:46:11 - [TEST_STEP][PASSED] - logInfo($response2): {"result_konsumen":"Approve","result_pasangan":"","Final_result":"Approve","errorMessage":"","status":"Done"}

2022-11-22 14:46:11 - [MESSAGE][INFO] - {"result_konsumen":"Approve","result_pasangan":"","Final_result":"Approve","errorMessage":"","status":"Done"}

2022-11-22 14:46:11 - [TEST_STEP][PASSED] - verifyElementPropertyValue(scoring, "Final_result", final_result): Verify element property value successfully

2022-11-22 14:46:11 - [MESSAGE][PASSED] - Verify element property value successfully]]></system-out>
         <system-err><![CDATA[]]></system-err>
      </testcase>
      <testcase name="Test Cases/Engine_Scoring/Engine Scoring" time="5.159" classname="Test Cases/Engine_Scoring/Engine Scoring" status="PASSED">
         <system-out><![CDATA[2022-11-22 14:46:11 - [TEST_CASE][PASSED] - Test Cases/Engine_Scoring/Engine Scoring: Test Cases/Engine_Scoring/Engine Scoring

2022-11-22 14:46:12 - [TEST_STEP][PASSED] - markPassed("Variasi data ke : " + no): Variasi data ke : 101

2022-11-22 14:46:12 - [MESSAGE][PASSED] - Variasi data ke : 101

2022-11-22 14:46:12 - [TEST_STEP][PASSED] - req_data = sendRequest(findTestObject("Search_ME", ["MID":MID, "source":source, "ip":ip, "userid":userid, "branch":branch, "tipekons":tipekons, "marital":marital, "penjamin":penjamin, ... ])): Send request successfully

2022-11-22 14:46:13 - [MESSAGE][INFO] - HAR: D:\DMS\Engine Scoring\Reports\20221122_143755\Exclude KKB - DS\Scoring Individu - CS\20221122_143756\requests\main\200.har

2022-11-22 14:46:13 - [MESSAGE][PASSED] - Send request successfully

2022-11-22 14:46:13 - [TEST_STEP][PASSED] - slurper = new groovy.json.JsonSlurper(): null

2022-11-22 14:46:13 - [TEST_STEP][PASSED] - result = slurper.parseText(req_data.getResponseBodyContent()): null

2022-11-22 14:46:13 - [TEST_STEP][PASSED] - reqid_kons = requestid1: null

2022-11-22 14:46:13 - [TEST_STEP][PASSED] - reqid_spouse = requestid2: null

2022-11-22 14:46:13 - [TEST_STEP][PASSED] - println("requestid kons : " + reqid_kons): null

2022-11-22 14:46:13 - [TEST_STEP][PASSED] - response_searchME_kons = reqid_kons: null

2022-11-22 14:46:13 - [TEST_STEP][PASSED] - response_searchME_spouse = reqid_spouse: null

2022-11-22 14:46:13 - [TEST_STEP][PASSED] - println("kons req id is :" + response_searchME_kons): null

2022-11-22 14:46:13 - [TEST_STEP][PASSED] - println("spouse req id is : " + response_searchME_spouse): null

2022-11-22 14:46:13 - [TEST_STEP][PASSED] - verifyResponseStatusCode(req_data, 200): Verify response status code successfully

2022-11-22 14:46:13 - [MESSAGE][PASSED] - Verify response status code successfully

2022-11-22 14:46:13 - [TEST_STEP][PASSED] - response = req_data.getResponseText(): null

2022-11-22 14:46:13 - [TEST_STEP][PASSED] - logInfo($response): {"status":"Done","data":{"requestid1":"241641","requestid2":""}}

2022-11-22 14:46:13 - [MESSAGE][INFO] - {"status":"Done","data":{"requestid1":"241641","requestid2":""}}

2022-11-22 14:46:13 - [TEST_STEP][PASSED] - delay(3): Delayed 3 second(s)

2022-11-22 14:46:16 - [MESSAGE][PASSED] - Delayed 3 second(s)

2022-11-22 14:46:16 - [TEST_STEP][PASSED] - scoring = sendRequest(findTestObject("EngineScore", ["response_searchME_kons":response_searchME_kons, "response_searchME_spouse":response_searchME_spouse])): Send request successfully

2022-11-22 14:46:17 - [MESSAGE][INFO] - HAR: D:\DMS\Engine Scoring\Reports\20221122_143755\Exclude KKB - DS\Scoring Individu - CS\20221122_143756\requests\main\201.har

2022-11-22 14:46:17 - [MESSAGE][PASSED] - Send request successfully

2022-11-22 14:46:17 - [TEST_STEP][PASSED] - verifyResponseStatusCode(scoring, 200): Verify response status code successfully

2022-11-22 14:46:17 - [MESSAGE][PASSED] - Verify response status code successfully

2022-11-22 14:46:17 - [TEST_STEP][PASSED] - response2 = scoring.getResponseText(): null

2022-11-22 14:46:17 - [TEST_STEP][PASSED] - markPassed("result service data ke : " + no): result service data ke : 101

2022-11-22 14:46:17 - [MESSAGE][PASSED] - result service data ke : 101

2022-11-22 14:46:17 - [TEST_STEP][PASSED] - logInfo($response2): {"result_konsumen":"Reject","result_pasangan":"","Final_result":"Reject","errorMessage":"","status":"Done"}

2022-11-22 14:46:17 - [MESSAGE][INFO] - {"result_konsumen":"Reject","result_pasangan":"","Final_result":"Reject","errorMessage":"","status":"Done"}

2022-11-22 14:46:17 - [TEST_STEP][PASSED] - verifyElementPropertyValue(scoring, "Final_result", final_result): Verify element property value successfully

2022-11-22 14:46:17 - [MESSAGE][PASSED] - Verify element property value successfully]]></system-out>
         <system-err><![CDATA[]]></system-err>
      </testcase>
      <testcase name="Test Cases/Engine_Scoring/Engine Scoring" time="5.03" classname="Test Cases/Engine_Scoring/Engine Scoring" status="PASSED">
         <system-out><![CDATA[2022-11-22 14:46:17 - [TEST_CASE][PASSED] - Test Cases/Engine_Scoring/Engine Scoring: Test Cases/Engine_Scoring/Engine Scoring

2022-11-22 14:46:18 - [TEST_STEP][PASSED] - markPassed("Variasi data ke : " + no): Variasi data ke : 102

2022-11-22 14:46:18 - [MESSAGE][PASSED] - Variasi data ke : 102

2022-11-22 14:46:18 - [TEST_STEP][PASSED] - req_data = sendRequest(findTestObject("Search_ME", ["MID":MID, "source":source, "ip":ip, "userid":userid, "branch":branch, "tipekons":tipekons, "marital":marital, "penjamin":penjamin, ... ])): Send request successfully

2022-11-22 14:46:19 - [MESSAGE][INFO] - HAR: D:\DMS\Engine Scoring\Reports\20221122_143755\Exclude KKB - DS\Scoring Individu - CS\20221122_143756\requests\main\202.har

2022-11-22 14:46:19 - [MESSAGE][PASSED] - Send request successfully

2022-11-22 14:46:19 - [TEST_STEP][PASSED] - slurper = new groovy.json.JsonSlurper(): null

2022-11-22 14:46:19 - [TEST_STEP][PASSED] - result = slurper.parseText(req_data.getResponseBodyContent()): null

2022-11-22 14:46:19 - [TEST_STEP][PASSED] - reqid_kons = requestid1: null

2022-11-22 14:46:19 - [TEST_STEP][PASSED] - reqid_spouse = requestid2: null

2022-11-22 14:46:19 - [TEST_STEP][PASSED] - println("requestid kons : " + reqid_kons): null

2022-11-22 14:46:19 - [TEST_STEP][PASSED] - response_searchME_kons = reqid_kons: null

2022-11-22 14:46:19 - [TEST_STEP][PASSED] - response_searchME_spouse = reqid_spouse: null

2022-11-22 14:46:19 - [TEST_STEP][PASSED] - println("kons req id is :" + response_searchME_kons): null

2022-11-22 14:46:19 - [TEST_STEP][PASSED] - println("spouse req id is : " + response_searchME_spouse): null

2022-11-22 14:46:19 - [TEST_STEP][PASSED] - verifyResponseStatusCode(req_data, 200): Verify response status code successfully

2022-11-22 14:46:19 - [MESSAGE][PASSED] - Verify response status code successfully

2022-11-22 14:46:19 - [TEST_STEP][PASSED] - response = req_data.getResponseText(): null

2022-11-22 14:46:19 - [TEST_STEP][PASSED] - logInfo($response): {"status":"Done","data":{"requestid1":"241642","requestid2":""}}

2022-11-22 14:46:19 - [MESSAGE][INFO] - {"status":"Done","data":{"requestid1":"241642","requestid2":""}}

2022-11-22 14:46:19 - [TEST_STEP][PASSED] - delay(3): Delayed 3 second(s)

2022-11-22 14:46:22 - [MESSAGE][PASSED] - Delayed 3 second(s)

2022-11-22 14:46:22 - [TEST_STEP][PASSED] - scoring = sendRequest(findTestObject("EngineScore", ["response_searchME_kons":response_searchME_kons, "response_searchME_spouse":response_searchME_spouse])): Send request successfully

2022-11-22 14:46:22 - [MESSAGE][INFO] - HAR: D:\DMS\Engine Scoring\Reports\20221122_143755\Exclude KKB - DS\Scoring Individu - CS\20221122_143756\requests\main\203.har

2022-11-22 14:46:22 - [MESSAGE][PASSED] - Send request successfully

2022-11-22 14:46:22 - [TEST_STEP][PASSED] - verifyResponseStatusCode(scoring, 200): Verify response status code successfully

2022-11-22 14:46:22 - [MESSAGE][PASSED] - Verify response status code successfully

2022-11-22 14:46:22 - [TEST_STEP][PASSED] - response2 = scoring.getResponseText(): null

2022-11-22 14:46:22 - [TEST_STEP][PASSED] - markPassed("result service data ke : " + no): result service data ke : 102

2022-11-22 14:46:22 - [MESSAGE][PASSED] - result service data ke : 102

2022-11-22 14:46:22 - [TEST_STEP][PASSED] - logInfo($response2): {"result_konsumen":"Reject","result_pasangan":"","Final_result":"Reject","errorMessage":"","status":"Done"}

2022-11-22 14:46:22 - [MESSAGE][INFO] - {"result_konsumen":"Reject","result_pasangan":"","Final_result":"Reject","errorMessage":"","status":"Done"}

2022-11-22 14:46:22 - [TEST_STEP][PASSED] - verifyElementPropertyValue(scoring, "Final_result", final_result): Verify element property value successfully

2022-11-22 14:46:22 - [MESSAGE][PASSED] - Verify element property value successfully]]></system-out>
         <system-err><![CDATA[]]></system-err>
      </testcase>
      <testcase name="Test Cases/Engine_Scoring/Engine Scoring" time="4.923" classname="Test Cases/Engine_Scoring/Engine Scoring" status="PASSED">
         <system-out><![CDATA[2022-11-22 14:46:22 - [TEST_CASE][PASSED] - Test Cases/Engine_Scoring/Engine Scoring: Test Cases/Engine_Scoring/Engine Scoring

2022-11-22 14:46:23 - [TEST_STEP][PASSED] - markPassed("Variasi data ke : " + no): Variasi data ke : 103

2022-11-22 14:46:23 - [MESSAGE][PASSED] - Variasi data ke : 103

2022-11-22 14:46:23 - [TEST_STEP][PASSED] - req_data = sendRequest(findTestObject("Search_ME", ["MID":MID, "source":source, "ip":ip, "userid":userid, "branch":branch, "tipekons":tipekons, "marital":marital, "penjamin":penjamin, ... ])): Send request successfully

2022-11-22 14:46:23 - [MESSAGE][INFO] - HAR: D:\DMS\Engine Scoring\Reports\20221122_143755\Exclude KKB - DS\Scoring Individu - CS\20221122_143756\requests\main\204.har

2022-11-22 14:46:23 - [MESSAGE][PASSED] - Send request successfully

2022-11-22 14:46:23 - [TEST_STEP][PASSED] - slurper = new groovy.json.JsonSlurper(): null

2022-11-22 14:46:23 - [TEST_STEP][PASSED] - result = slurper.parseText(req_data.getResponseBodyContent()): null

2022-11-22 14:46:23 - [TEST_STEP][PASSED] - reqid_kons = requestid1: null

2022-11-22 14:46:23 - [TEST_STEP][PASSED] - reqid_spouse = requestid2: null

2022-11-22 14:46:23 - [TEST_STEP][PASSED] - println("requestid kons : " + reqid_kons): null

2022-11-22 14:46:23 - [TEST_STEP][PASSED] - response_searchME_kons = reqid_kons: null

2022-11-22 14:46:23 - [TEST_STEP][PASSED] - response_searchME_spouse = reqid_spouse: null

2022-11-22 14:46:23 - [TEST_STEP][PASSED] - println("kons req id is :" + response_searchME_kons): null

2022-11-22 14:46:23 - [TEST_STEP][PASSED] - println("spouse req id is : " + response_searchME_spouse): null

2022-11-22 14:46:23 - [TEST_STEP][PASSED] - verifyResponseStatusCode(req_data, 200): Verify response status code successfully

2022-11-22 14:46:23 - [MESSAGE][PASSED] - Verify response status code successfully

2022-11-22 14:46:23 - [TEST_STEP][PASSED] - response = req_data.getResponseText(): null

2022-11-22 14:46:23 - [TEST_STEP][PASSED] - logInfo($response): {"status":"Done","data":{"requestid1":"241643","requestid2":""}}

2022-11-22 14:46:23 - [MESSAGE][INFO] - {"status":"Done","data":{"requestid1":"241643","requestid2":""}}

2022-11-22 14:46:23 - [TEST_STEP][PASSED] - delay(3): Delayed 3 second(s)

2022-11-22 14:46:26 - [MESSAGE][PASSED] - Delayed 3 second(s)

2022-11-22 14:46:26 - [TEST_STEP][PASSED] - scoring = sendRequest(findTestObject("EngineScore", ["response_searchME_kons":response_searchME_kons, "response_searchME_spouse":response_searchME_spouse])): Send request successfully

2022-11-22 14:46:27 - [MESSAGE][INFO] - HAR: D:\DMS\Engine Scoring\Reports\20221122_143755\Exclude KKB - DS\Scoring Individu - CS\20221122_143756\requests\main\205.har

2022-11-22 14:46:27 - [MESSAGE][PASSED] - Send request successfully

2022-11-22 14:46:27 - [TEST_STEP][PASSED] - verifyResponseStatusCode(scoring, 200): Verify response status code successfully

2022-11-22 14:46:27 - [MESSAGE][PASSED] - Verify response status code successfully

2022-11-22 14:46:27 - [TEST_STEP][PASSED] - response2 = scoring.getResponseText(): null

2022-11-22 14:46:27 - [TEST_STEP][PASSED] - markPassed("result service data ke : " + no): result service data ke : 103

2022-11-22 14:46:27 - [MESSAGE][PASSED] - result service data ke : 103

2022-11-22 14:46:27 - [TEST_STEP][PASSED] - logInfo($response2): {"result_konsumen":"Reject","result_pasangan":"","Final_result":"Reject","errorMessage":"","status":"Done"}

2022-11-22 14:46:27 - [MESSAGE][INFO] - {"result_konsumen":"Reject","result_pasangan":"","Final_result":"Reject","errorMessage":"","status":"Done"}

2022-11-22 14:46:27 - [TEST_STEP][PASSED] - verifyElementPropertyValue(scoring, "Final_result", final_result): Verify element property value successfully

2022-11-22 14:46:27 - [MESSAGE][PASSED] - Verify element property value successfully]]></system-out>
         <system-err><![CDATA[]]></system-err>
      </testcase>
      <testcase name="Test Cases/Engine_Scoring/Engine Scoring" time="4.927" classname="Test Cases/Engine_Scoring/Engine Scoring" status="PASSED">
         <system-out><![CDATA[2022-11-22 14:46:27 - [TEST_CASE][PASSED] - Test Cases/Engine_Scoring/Engine Scoring: Test Cases/Engine_Scoring/Engine Scoring

2022-11-22 14:46:28 - [TEST_STEP][PASSED] - markPassed("Variasi data ke : " + no): Variasi data ke : 104

2022-11-22 14:46:28 - [MESSAGE][PASSED] - Variasi data ke : 104

2022-11-22 14:46:28 - [TEST_STEP][PASSED] - req_data = sendRequest(findTestObject("Search_ME", ["MID":MID, "source":source, "ip":ip, "userid":userid, "branch":branch, "tipekons":tipekons, "marital":marital, "penjamin":penjamin, ... ])): Send request successfully

2022-11-22 14:46:28 - [MESSAGE][INFO] - HAR: D:\DMS\Engine Scoring\Reports\20221122_143755\Exclude KKB - DS\Scoring Individu - CS\20221122_143756\requests\main\206.har

2022-11-22 14:46:28 - [MESSAGE][PASSED] - Send request successfully

2022-11-22 14:46:28 - [TEST_STEP][PASSED] - slurper = new groovy.json.JsonSlurper(): null

2022-11-22 14:46:28 - [TEST_STEP][PASSED] - result = slurper.parseText(req_data.getResponseBodyContent()): null

2022-11-22 14:46:28 - [TEST_STEP][PASSED] - reqid_kons = requestid1: null

2022-11-22 14:46:28 - [TEST_STEP][PASSED] - reqid_spouse = requestid2: null

2022-11-22 14:46:28 - [TEST_STEP][PASSED] - println("requestid kons : " + reqid_kons): null

2022-11-22 14:46:28 - [TEST_STEP][PASSED] - response_searchME_kons = reqid_kons: null

2022-11-22 14:46:28 - [TEST_STEP][PASSED] - response_searchME_spouse = reqid_spouse: null

2022-11-22 14:46:28 - [TEST_STEP][PASSED] - println("kons req id is :" + response_searchME_kons): null

2022-11-22 14:46:28 - [TEST_STEP][PASSED] - println("spouse req id is : " + response_searchME_spouse): null

2022-11-22 14:46:28 - [TEST_STEP][PASSED] - verifyResponseStatusCode(req_data, 200): Verify response status code successfully

2022-11-22 14:46:28 - [MESSAGE][PASSED] - Verify response status code successfully

2022-11-22 14:46:28 - [TEST_STEP][PASSED] - response = req_data.getResponseText(): null

2022-11-22 14:46:28 - [TEST_STEP][PASSED] - logInfo($response): {"status":"Done","data":{"requestid1":"241644","requestid2":""}}

2022-11-22 14:46:28 - [MESSAGE][INFO] - {"status":"Done","data":{"requestid1":"241644","requestid2":""}}

2022-11-22 14:46:28 - [TEST_STEP][PASSED] - delay(3): Delayed 3 second(s)

2022-11-22 14:46:31 - [MESSAGE][PASSED] - Delayed 3 second(s)

2022-11-22 14:46:31 - [TEST_STEP][PASSED] - scoring = sendRequest(findTestObject("EngineScore", ["response_searchME_kons":response_searchME_kons, "response_searchME_spouse":response_searchME_spouse])): Send request successfully

2022-11-22 14:46:32 - [MESSAGE][INFO] - HAR: D:\DMS\Engine Scoring\Reports\20221122_143755\Exclude KKB - DS\Scoring Individu - CS\20221122_143756\requests\main\207.har

2022-11-22 14:46:32 - [MESSAGE][PASSED] - Send request successfully

2022-11-22 14:46:32 - [TEST_STEP][PASSED] - verifyResponseStatusCode(scoring, 200): Verify response status code successfully

2022-11-22 14:46:32 - [MESSAGE][PASSED] - Verify response status code successfully

2022-11-22 14:46:32 - [TEST_STEP][PASSED] - response2 = scoring.getResponseText(): null

2022-11-22 14:46:32 - [TEST_STEP][PASSED] - markPassed("result service data ke : " + no): result service data ke : 104

2022-11-22 14:46:32 - [MESSAGE][PASSED] - result service data ke : 104

2022-11-22 14:46:32 - [TEST_STEP][PASSED] - logInfo($response2): {"result_konsumen":"Reject","result_pasangan":"","Final_result":"Reject","errorMessage":"","status":"Done"}

2022-11-22 14:46:32 - [MESSAGE][INFO] - {"result_konsumen":"Reject","result_pasangan":"","Final_result":"Reject","errorMessage":"","status":"Done"}

2022-11-22 14:46:32 - [TEST_STEP][PASSED] - verifyElementPropertyValue(scoring, "Final_result", final_result): Verify element property value successfully

2022-11-22 14:46:32 - [MESSAGE][PASSED] - Verify element property value successfully]]></system-out>
         <system-err><![CDATA[]]></system-err>
      </testcase>
      <testcase name="Test Cases/Engine_Scoring/Engine Scoring" time="5.107" classname="Test Cases/Engine_Scoring/Engine Scoring" status="PASSED">
         <system-out><![CDATA[2022-11-22 14:46:32 - [TEST_CASE][PASSED] - Test Cases/Engine_Scoring/Engine Scoring: Test Cases/Engine_Scoring/Engine Scoring

2022-11-22 14:46:33 - [TEST_STEP][PASSED] - markPassed("Variasi data ke : " + no): Variasi data ke : 105

2022-11-22 14:46:33 - [MESSAGE][PASSED] - Variasi data ke : 105

2022-11-22 14:46:33 - [TEST_STEP][PASSED] - req_data = sendRequest(findTestObject("Search_ME", ["MID":MID, "source":source, "ip":ip, "userid":userid, "branch":branch, "tipekons":tipekons, "marital":marital, "penjamin":penjamin, ... ])): Send request successfully

2022-11-22 14:46:34 - [MESSAGE][INFO] - HAR: D:\DMS\Engine Scoring\Reports\20221122_143755\Exclude KKB - DS\Scoring Individu - CS\20221122_143756\requests\main\208.har

2022-11-22 14:46:34 - [MESSAGE][PASSED] - Send request successfully

2022-11-22 14:46:34 - [TEST_STEP][PASSED] - slurper = new groovy.json.JsonSlurper(): null

2022-11-22 14:46:34 - [TEST_STEP][PASSED] - result = slurper.parseText(req_data.getResponseBodyContent()): null

2022-11-22 14:46:34 - [TEST_STEP][PASSED] - reqid_kons = requestid1: null

2022-11-22 14:46:34 - [TEST_STEP][PASSED] - reqid_spouse = requestid2: null

2022-11-22 14:46:34 - [TEST_STEP][PASSED] - println("requestid kons : " + reqid_kons): null

2022-11-22 14:46:34 - [TEST_STEP][PASSED] - response_searchME_kons = reqid_kons: null

2022-11-22 14:46:34 - [TEST_STEP][PASSED] - response_searchME_spouse = reqid_spouse: null

2022-11-22 14:46:34 - [TEST_STEP][PASSED] - println("kons req id is :" + response_searchME_kons): null

2022-11-22 14:46:34 - [TEST_STEP][PASSED] - println("spouse req id is : " + response_searchME_spouse): null

2022-11-22 14:46:34 - [TEST_STEP][PASSED] - verifyResponseStatusCode(req_data, 200): Verify response status code successfully

2022-11-22 14:46:34 - [MESSAGE][PASSED] - Verify response status code successfully

2022-11-22 14:46:34 - [TEST_STEP][PASSED] - response = req_data.getResponseText(): null

2022-11-22 14:46:34 - [TEST_STEP][PASSED] - logInfo($response): {"status":"Done","data":{"requestid1":"241645","requestid2":""}}

2022-11-22 14:46:34 - [MESSAGE][INFO] - {"status":"Done","data":{"requestid1":"241645","requestid2":""}}

2022-11-22 14:46:34 - [TEST_STEP][PASSED] - delay(3): Delayed 3 second(s)

2022-11-22 14:46:37 - [MESSAGE][PASSED] - Delayed 3 second(s)

2022-11-22 14:46:37 - [TEST_STEP][PASSED] - scoring = sendRequest(findTestObject("EngineScore", ["response_searchME_kons":response_searchME_kons, "response_searchME_spouse":response_searchME_spouse])): Send request successfully

2022-11-22 14:46:37 - [MESSAGE][INFO] - HAR: D:\DMS\Engine Scoring\Reports\20221122_143755\Exclude KKB - DS\Scoring Individu - CS\20221122_143756\requests\main\209.har

2022-11-22 14:46:37 - [MESSAGE][PASSED] - Send request successfully

2022-11-22 14:46:37 - [TEST_STEP][PASSED] - verifyResponseStatusCode(scoring, 200): Verify response status code successfully

2022-11-22 14:46:37 - [MESSAGE][PASSED] - Verify response status code successfully

2022-11-22 14:46:37 - [TEST_STEP][PASSED] - response2 = scoring.getResponseText(): null

2022-11-22 14:46:37 - [TEST_STEP][PASSED] - markPassed("result service data ke : " + no): result service data ke : 105

2022-11-22 14:46:37 - [MESSAGE][PASSED] - result service data ke : 105

2022-11-22 14:46:37 - [TEST_STEP][PASSED] - logInfo($response2): {"result_konsumen":"Reject","result_pasangan":"","Final_result":"Reject","errorMessage":"","status":"Done"}

2022-11-22 14:46:37 - [MESSAGE][INFO] - {"result_konsumen":"Reject","result_pasangan":"","Final_result":"Reject","errorMessage":"","status":"Done"}

2022-11-22 14:46:37 - [TEST_STEP][PASSED] - verifyElementPropertyValue(scoring, "Final_result", final_result): Verify element property value successfully

2022-11-22 14:46:37 - [MESSAGE][PASSED] - Verify element property value successfully]]></system-out>
         <system-err><![CDATA[]]></system-err>
      </testcase>
      <testcase name="Test Cases/Engine_Scoring/Engine Scoring" time="5.024" classname="Test Cases/Engine_Scoring/Engine Scoring" status="PASSED">
         <system-out><![CDATA[2022-11-22 14:46:37 - [TEST_CASE][PASSED] - Test Cases/Engine_Scoring/Engine Scoring: Test Cases/Engine_Scoring/Engine Scoring

2022-11-22 14:46:38 - [TEST_STEP][PASSED] - markPassed("Variasi data ke : " + no): Variasi data ke : 106

2022-11-22 14:46:38 - [MESSAGE][PASSED] - Variasi data ke : 106

2022-11-22 14:46:38 - [TEST_STEP][PASSED] - req_data = sendRequest(findTestObject("Search_ME", ["MID":MID, "source":source, "ip":ip, "userid":userid, "branch":branch, "tipekons":tipekons, "marital":marital, "penjamin":penjamin, ... ])): Send request successfully

2022-11-22 14:46:39 - [MESSAGE][INFO] - HAR: D:\DMS\Engine Scoring\Reports\20221122_143755\Exclude KKB - DS\Scoring Individu - CS\20221122_143756\requests\main\210.har

2022-11-22 14:46:39 - [MESSAGE][PASSED] - Send request successfully

2022-11-22 14:46:39 - [TEST_STEP][PASSED] - slurper = new groovy.json.JsonSlurper(): null

2022-11-22 14:46:39 - [TEST_STEP][PASSED] - result = slurper.parseText(req_data.getResponseBodyContent()): null

2022-11-22 14:46:39 - [TEST_STEP][PASSED] - reqid_kons = requestid1: null

2022-11-22 14:46:39 - [TEST_STEP][PASSED] - reqid_spouse = requestid2: null

2022-11-22 14:46:39 - [TEST_STEP][PASSED] - println("requestid kons : " + reqid_kons): null

2022-11-22 14:46:39 - [TEST_STEP][PASSED] - response_searchME_kons = reqid_kons: null

2022-11-22 14:46:39 - [TEST_STEP][PASSED] - response_searchME_spouse = reqid_spouse: null

2022-11-22 14:46:39 - [TEST_STEP][PASSED] - println("kons req id is :" + response_searchME_kons): null

2022-11-22 14:46:39 - [TEST_STEP][PASSED] - println("spouse req id is : " + response_searchME_spouse): null

2022-11-22 14:46:39 - [TEST_STEP][PASSED] - verifyResponseStatusCode(req_data, 200): Verify response status code successfully

2022-11-22 14:46:39 - [MESSAGE][PASSED] - Verify response status code successfully

2022-11-22 14:46:39 - [TEST_STEP][PASSED] - response = req_data.getResponseText(): null

2022-11-22 14:46:39 - [TEST_STEP][PASSED] - logInfo($response): {"status":"Done","data":{"requestid1":"241646","requestid2":""}}

2022-11-22 14:46:39 - [MESSAGE][INFO] - {"status":"Done","data":{"requestid1":"241646","requestid2":""}}

2022-11-22 14:46:39 - [TEST_STEP][PASSED] - delay(3): Delayed 3 second(s)

2022-11-22 14:46:42 - [MESSAGE][PASSED] - Delayed 3 second(s)

2022-11-22 14:46:42 - [TEST_STEP][PASSED] - scoring = sendRequest(findTestObject("EngineScore", ["response_searchME_kons":response_searchME_kons, "response_searchME_spouse":response_searchME_spouse])): Send request successfully

2022-11-22 14:46:42 - [MESSAGE][INFO] - HAR: D:\DMS\Engine Scoring\Reports\20221122_143755\Exclude KKB - DS\Scoring Individu - CS\20221122_143756\requests\main\211.har

2022-11-22 14:46:42 - [MESSAGE][PASSED] - Send request successfully

2022-11-22 14:46:42 - [TEST_STEP][PASSED] - verifyResponseStatusCode(scoring, 200): Verify response status code successfully

2022-11-22 14:46:42 - [MESSAGE][PASSED] - Verify response status code successfully

2022-11-22 14:46:42 - [TEST_STEP][PASSED] - response2 = scoring.getResponseText(): null

2022-11-22 14:46:42 - [TEST_STEP][PASSED] - markPassed("result service data ke : " + no): result service data ke : 106

2022-11-22 14:46:42 - [MESSAGE][PASSED] - result service data ke : 106

2022-11-22 14:46:42 - [TEST_STEP][PASSED] - logInfo($response2): {"result_konsumen":"Reguler","result_pasangan":"","Final_result":"Reguler","errorMessage":"","status":"Done"}

2022-11-22 14:46:42 - [MESSAGE][INFO] - {"result_konsumen":"Reguler","result_pasangan":"","Final_result":"Reguler","errorMessage":"","status":"Done"}

2022-11-22 14:46:42 - [TEST_STEP][PASSED] - verifyElementPropertyValue(scoring, "Final_result", final_result): Verify element property value successfully

2022-11-22 14:46:42 - [MESSAGE][PASSED] - Verify element property value successfully]]></system-out>
         <system-err><![CDATA[]]></system-err>
      </testcase>
      <testcase name="Test Cases/Engine_Scoring/Engine Scoring" time="5.104" classname="Test Cases/Engine_Scoring/Engine Scoring" status="PASSED">
         <system-out><![CDATA[2022-11-22 14:46:42 - [TEST_CASE][PASSED] - Test Cases/Engine_Scoring/Engine Scoring: Test Cases/Engine_Scoring/Engine Scoring

2022-11-22 14:46:43 - [TEST_STEP][PASSED] - markPassed("Variasi data ke : " + no): Variasi data ke : 107

2022-11-22 14:46:43 - [MESSAGE][PASSED] - Variasi data ke : 107

2022-11-22 14:46:43 - [TEST_STEP][PASSED] - req_data = sendRequest(findTestObject("Search_ME", ["MID":MID, "source":source, "ip":ip, "userid":userid, "branch":branch, "tipekons":tipekons, "marital":marital, "penjamin":penjamin, ... ])): Send request successfully

2022-11-22 14:46:44 - [MESSAGE][INFO] - HAR: D:\DMS\Engine Scoring\Reports\20221122_143755\Exclude KKB - DS\Scoring Individu - CS\20221122_143756\requests\main\212.har

2022-11-22 14:46:44 - [MESSAGE][PASSED] - Send request successfully

2022-11-22 14:46:44 - [TEST_STEP][PASSED] - slurper = new groovy.json.JsonSlurper(): null

2022-11-22 14:46:44 - [TEST_STEP][PASSED] - result = slurper.parseText(req_data.getResponseBodyContent()): null

2022-11-22 14:46:44 - [TEST_STEP][PASSED] - reqid_kons = requestid1: null

2022-11-22 14:46:44 - [TEST_STEP][PASSED] - reqid_spouse = requestid2: null

2022-11-22 14:46:44 - [TEST_STEP][PASSED] - println("requestid kons : " + reqid_kons): null

2022-11-22 14:46:44 - [TEST_STEP][PASSED] - response_searchME_kons = reqid_kons: null

2022-11-22 14:46:44 - [TEST_STEP][PASSED] - response_searchME_spouse = reqid_spouse: null

2022-11-22 14:46:44 - [TEST_STEP][PASSED] - println("kons req id is :" + response_searchME_kons): null

2022-11-22 14:46:44 - [TEST_STEP][PASSED] - println("spouse req id is : " + response_searchME_spouse): null

2022-11-22 14:46:44 - [TEST_STEP][PASSED] - verifyResponseStatusCode(req_data, 200): Verify response status code successfully

2022-11-22 14:46:44 - [MESSAGE][PASSED] - Verify response status code successfully

2022-11-22 14:46:44 - [TEST_STEP][PASSED] - response = req_data.getResponseText(): null

2022-11-22 14:46:44 - [TEST_STEP][PASSED] - logInfo($response): {"status":"Done","data":{"requestid1":"241647","requestid2":""}}

2022-11-22 14:46:44 - [MESSAGE][INFO] - {"status":"Done","data":{"requestid1":"241647","requestid2":""}}

2022-11-22 14:46:44 - [TEST_STEP][PASSED] - delay(3): Delayed 3 second(s)

2022-11-22 14:46:47 - [MESSAGE][PASSED] - Delayed 3 second(s)

2022-11-22 14:46:47 - [TEST_STEP][PASSED] - scoring = sendRequest(findTestObject("EngineScore", ["response_searchME_kons":response_searchME_kons, "response_searchME_spouse":response_searchME_spouse])): Send request successfully

2022-11-22 14:46:47 - [MESSAGE][INFO] - HAR: D:\DMS\Engine Scoring\Reports\20221122_143755\Exclude KKB - DS\Scoring Individu - CS\20221122_143756\requests\main\213.har

2022-11-22 14:46:47 - [MESSAGE][PASSED] - Send request successfully

2022-11-22 14:46:47 - [TEST_STEP][PASSED] - verifyResponseStatusCode(scoring, 200): Verify response status code successfully

2022-11-22 14:46:47 - [MESSAGE][PASSED] - Verify response status code successfully

2022-11-22 14:46:47 - [TEST_STEP][PASSED] - response2 = scoring.getResponseText(): null

2022-11-22 14:46:47 - [TEST_STEP][PASSED] - markPassed("result service data ke : " + no): result service data ke : 107

2022-11-22 14:46:47 - [MESSAGE][PASSED] - result service data ke : 107

2022-11-22 14:46:47 - [TEST_STEP][PASSED] - logInfo($response2): {"result_konsumen":"Reguler","result_pasangan":"","Final_result":"Reguler","errorMessage":"","status":"Done"}

2022-11-22 14:46:47 - [MESSAGE][INFO] - {"result_konsumen":"Reguler","result_pasangan":"","Final_result":"Reguler","errorMessage":"","status":"Done"}

2022-11-22 14:46:47 - [TEST_STEP][PASSED] - verifyElementPropertyValue(scoring, "Final_result", final_result): Verify element property value successfully

2022-11-22 14:46:47 - [MESSAGE][PASSED] - Verify element property value successfully]]></system-out>
         <system-err><![CDATA[]]></system-err>
      </testcase>
      <testcase name="Test Cases/Engine_Scoring/Engine Scoring" time="5.035" classname="Test Cases/Engine_Scoring/Engine Scoring" status="PASSED">
         <system-out><![CDATA[2022-11-22 14:46:47 - [TEST_CASE][PASSED] - Test Cases/Engine_Scoring/Engine Scoring: Test Cases/Engine_Scoring/Engine Scoring

2022-11-22 14:46:48 - [TEST_STEP][PASSED] - markPassed("Variasi data ke : " + no): Variasi data ke : 108

2022-11-22 14:46:48 - [MESSAGE][PASSED] - Variasi data ke : 108

2022-11-22 14:46:48 - [TEST_STEP][PASSED] - req_data = sendRequest(findTestObject("Search_ME", ["MID":MID, "source":source, "ip":ip, "userid":userid, "branch":branch, "tipekons":tipekons, "marital":marital, "penjamin":penjamin, ... ])): Send request successfully

2022-11-22 14:46:49 - [MESSAGE][INFO] - HAR: D:\DMS\Engine Scoring\Reports\20221122_143755\Exclude KKB - DS\Scoring Individu - CS\20221122_143756\requests\main\214.har

2022-11-22 14:46:49 - [MESSAGE][PASSED] - Send request successfully

2022-11-22 14:46:49 - [TEST_STEP][PASSED] - slurper = new groovy.json.JsonSlurper(): null

2022-11-22 14:46:49 - [TEST_STEP][PASSED] - result = slurper.parseText(req_data.getResponseBodyContent()): null

2022-11-22 14:46:49 - [TEST_STEP][PASSED] - reqid_kons = requestid1: null

2022-11-22 14:46:49 - [TEST_STEP][PASSED] - reqid_spouse = requestid2: null

2022-11-22 14:46:49 - [TEST_STEP][PASSED] - println("requestid kons : " + reqid_kons): null

2022-11-22 14:46:49 - [TEST_STEP][PASSED] - response_searchME_kons = reqid_kons: null

2022-11-22 14:46:49 - [TEST_STEP][PASSED] - response_searchME_spouse = reqid_spouse: null

2022-11-22 14:46:49 - [TEST_STEP][PASSED] - println("kons req id is :" + response_searchME_kons): null

2022-11-22 14:46:49 - [TEST_STEP][PASSED] - println("spouse req id is : " + response_searchME_spouse): null

2022-11-22 14:46:49 - [TEST_STEP][PASSED] - verifyResponseStatusCode(req_data, 200): Verify response status code successfully

2022-11-22 14:46:49 - [MESSAGE][PASSED] - Verify response status code successfully

2022-11-22 14:46:49 - [TEST_STEP][PASSED] - response = req_data.getResponseText(): null

2022-11-22 14:46:49 - [TEST_STEP][PASSED] - logInfo($response): {"status":"Done","data":{"requestid1":"241648","requestid2":""}}

2022-11-22 14:46:49 - [MESSAGE][INFO] - {"status":"Done","data":{"requestid1":"241648","requestid2":""}}

2022-11-22 14:46:49 - [TEST_STEP][PASSED] - delay(3): Delayed 3 second(s)

2022-11-22 14:46:52 - [MESSAGE][PASSED] - Delayed 3 second(s)

2022-11-22 14:46:52 - [TEST_STEP][PASSED] - scoring = sendRequest(findTestObject("EngineScore", ["response_searchME_kons":response_searchME_kons, "response_searchME_spouse":response_searchME_spouse])): Send request successfully

2022-11-22 14:46:52 - [MESSAGE][INFO] - HAR: D:\DMS\Engine Scoring\Reports\20221122_143755\Exclude KKB - DS\Scoring Individu - CS\20221122_143756\requests\main\215.har

2022-11-22 14:46:52 - [MESSAGE][PASSED] - Send request successfully

2022-11-22 14:46:52 - [TEST_STEP][PASSED] - verifyResponseStatusCode(scoring, 200): Verify response status code successfully

2022-11-22 14:46:52 - [MESSAGE][PASSED] - Verify response status code successfully

2022-11-22 14:46:52 - [TEST_STEP][PASSED] - response2 = scoring.getResponseText(): null

2022-11-22 14:46:52 - [TEST_STEP][PASSED] - markPassed("result service data ke : " + no): result service data ke : 108

2022-11-22 14:46:52 - [MESSAGE][PASSED] - result service data ke : 108

2022-11-22 14:46:52 - [TEST_STEP][PASSED] - logInfo($response2): {"result_konsumen":"Reguler","result_pasangan":"","Final_result":"Reguler","errorMessage":"","status":"Done"}

2022-11-22 14:46:52 - [MESSAGE][INFO] - {"result_konsumen":"Reguler","result_pasangan":"","Final_result":"Reguler","errorMessage":"","status":"Done"}

2022-11-22 14:46:52 - [TEST_STEP][PASSED] - verifyElementPropertyValue(scoring, "Final_result", final_result): Verify element property value successfully

2022-11-22 14:46:52 - [MESSAGE][PASSED] - Verify element property value successfully]]></system-out>
         <system-err><![CDATA[]]></system-err>
      </testcase>
      <testcase name="Test Cases/Engine_Scoring/Engine Scoring" time="5.092" classname="Test Cases/Engine_Scoring/Engine Scoring" status="PASSED">
         <system-out><![CDATA[2022-11-22 14:46:52 - [TEST_CASE][PASSED] - Test Cases/Engine_Scoring/Engine Scoring: Test Cases/Engine_Scoring/Engine Scoring

2022-11-22 14:46:53 - [TEST_STEP][PASSED] - markPassed("Variasi data ke : " + no): Variasi data ke : 109

2022-11-22 14:46:53 - [MESSAGE][PASSED] - Variasi data ke : 109

2022-11-22 14:46:53 - [TEST_STEP][PASSED] - req_data = sendRequest(findTestObject("Search_ME", ["MID":MID, "source":source, "ip":ip, "userid":userid, "branch":branch, "tipekons":tipekons, "marital":marital, "penjamin":penjamin, ... ])): Send request successfully

2022-11-22 14:46:54 - [MESSAGE][INFO] - HAR: D:\DMS\Engine Scoring\Reports\20221122_143755\Exclude KKB - DS\Scoring Individu - CS\20221122_143756\requests\main\216.har

2022-11-22 14:46:54 - [MESSAGE][PASSED] - Send request successfully

2022-11-22 14:46:54 - [TEST_STEP][PASSED] - slurper = new groovy.json.JsonSlurper(): null

2022-11-22 14:46:54 - [TEST_STEP][PASSED] - result = slurper.parseText(req_data.getResponseBodyContent()): null

2022-11-22 14:46:54 - [TEST_STEP][PASSED] - reqid_kons = requestid1: null

2022-11-22 14:46:54 - [TEST_STEP][PASSED] - reqid_spouse = requestid2: null

2022-11-22 14:46:54 - [TEST_STEP][PASSED] - println("requestid kons : " + reqid_kons): null

2022-11-22 14:46:54 - [TEST_STEP][PASSED] - response_searchME_kons = reqid_kons: null

2022-11-22 14:46:54 - [TEST_STEP][PASSED] - response_searchME_spouse = reqid_spouse: null

2022-11-22 14:46:54 - [TEST_STEP][PASSED] - println("kons req id is :" + response_searchME_kons): null

2022-11-22 14:46:54 - [TEST_STEP][PASSED] - println("spouse req id is : " + response_searchME_spouse): null

2022-11-22 14:46:54 - [TEST_STEP][PASSED] - verifyResponseStatusCode(req_data, 200): Verify response status code successfully

2022-11-22 14:46:54 - [MESSAGE][PASSED] - Verify response status code successfully

2022-11-22 14:46:54 - [TEST_STEP][PASSED] - response = req_data.getResponseText(): null

2022-11-22 14:46:54 - [TEST_STEP][PASSED] - logInfo($response): {"status":"Done","data":{"requestid1":"241649","requestid2":""}}

2022-11-22 14:46:54 - [MESSAGE][INFO] - {"status":"Done","data":{"requestid1":"241649","requestid2":""}}

2022-11-22 14:46:54 - [TEST_STEP][PASSED] - delay(3): Delayed 3 second(s)

2022-11-22 14:46:57 - [MESSAGE][PASSED] - Delayed 3 second(s)

2022-11-22 14:46:57 - [TEST_STEP][PASSED] - scoring = sendRequest(findTestObject("EngineScore", ["response_searchME_kons":response_searchME_kons, "response_searchME_spouse":response_searchME_spouse])): Send request successfully

2022-11-22 14:46:57 - [MESSAGE][INFO] - HAR: D:\DMS\Engine Scoring\Reports\20221122_143755\Exclude KKB - DS\Scoring Individu - CS\20221122_143756\requests\main\217.har

2022-11-22 14:46:57 - [MESSAGE][PASSED] - Send request successfully

2022-11-22 14:46:57 - [TEST_STEP][PASSED] - verifyResponseStatusCode(scoring, 200): Verify response status code successfully

2022-11-22 14:46:57 - [MESSAGE][PASSED] - Verify response status code successfully

2022-11-22 14:46:57 - [TEST_STEP][PASSED] - response2 = scoring.getResponseText(): null

2022-11-22 14:46:57 - [TEST_STEP][PASSED] - markPassed("result service data ke : " + no): result service data ke : 109

2022-11-22 14:46:57 - [MESSAGE][PASSED] - result service data ke : 109

2022-11-22 14:46:57 - [TEST_STEP][PASSED] - logInfo($response2): {"result_konsumen":"Approve","result_pasangan":"","Final_result":"Approve","errorMessage":"","status":"Done"}

2022-11-22 14:46:57 - [MESSAGE][INFO] - {"result_konsumen":"Approve","result_pasangan":"","Final_result":"Approve","errorMessage":"","status":"Done"}

2022-11-22 14:46:57 - [TEST_STEP][PASSED] - verifyElementPropertyValue(scoring, "Final_result", final_result): Verify element property value successfully

2022-11-22 14:46:57 - [MESSAGE][PASSED] - Verify element property value successfully]]></system-out>
         <system-err><![CDATA[]]></system-err>
      </testcase>
      <testcase name="Test Cases/Engine_Scoring/Engine Scoring" time="5.002" classname="Test Cases/Engine_Scoring/Engine Scoring" status="PASSED">
         <system-out><![CDATA[2022-11-22 14:46:57 - [TEST_CASE][PASSED] - Test Cases/Engine_Scoring/Engine Scoring: Test Cases/Engine_Scoring/Engine Scoring

2022-11-22 14:46:58 - [TEST_STEP][PASSED] - markPassed("Variasi data ke : " + no): Variasi data ke : 110

2022-11-22 14:46:58 - [MESSAGE][PASSED] - Variasi data ke : 110

2022-11-22 14:46:58 - [TEST_STEP][PASSED] - req_data = sendRequest(findTestObject("Search_ME", ["MID":MID, "source":source, "ip":ip, "userid":userid, "branch":branch, "tipekons":tipekons, "marital":marital, "penjamin":penjamin, ... ])): Send request successfully

2022-11-22 14:46:59 - [MESSAGE][INFO] - HAR: D:\DMS\Engine Scoring\Reports\20221122_143755\Exclude KKB - DS\Scoring Individu - CS\20221122_143756\requests\main\218.har

2022-11-22 14:46:59 - [MESSAGE][PASSED] - Send request successfully

2022-11-22 14:46:59 - [TEST_STEP][PASSED] - slurper = new groovy.json.JsonSlurper(): null

2022-11-22 14:46:59 - [TEST_STEP][PASSED] - result = slurper.parseText(req_data.getResponseBodyContent()): null

2022-11-22 14:46:59 - [TEST_STEP][PASSED] - reqid_kons = requestid1: null

2022-11-22 14:46:59 - [TEST_STEP][PASSED] - reqid_spouse = requestid2: null

2022-11-22 14:46:59 - [TEST_STEP][PASSED] - println("requestid kons : " + reqid_kons): null

2022-11-22 14:46:59 - [TEST_STEP][PASSED] - response_searchME_kons = reqid_kons: null

2022-11-22 14:46:59 - [TEST_STEP][PASSED] - response_searchME_spouse = reqid_spouse: null

2022-11-22 14:46:59 - [TEST_STEP][PASSED] - println("kons req id is :" + response_searchME_kons): null

2022-11-22 14:46:59 - [TEST_STEP][PASSED] - println("spouse req id is : " + response_searchME_spouse): null

2022-11-22 14:46:59 - [TEST_STEP][PASSED] - verifyResponseStatusCode(req_data, 200): Verify response status code successfully

2022-11-22 14:46:59 - [MESSAGE][PASSED] - Verify response status code successfully

2022-11-22 14:46:59 - [TEST_STEP][PASSED] - response = req_data.getResponseText(): null

2022-11-22 14:46:59 - [TEST_STEP][PASSED] - logInfo($response): {"status":"Done","data":{"requestid1":"241650","requestid2":""}}

2022-11-22 14:46:59 - [MESSAGE][INFO] - {"status":"Done","data":{"requestid1":"241650","requestid2":""}}

2022-11-22 14:46:59 - [TEST_STEP][PASSED] - delay(3): Delayed 3 second(s)

2022-11-22 14:47:02 - [MESSAGE][PASSED] - Delayed 3 second(s)

2022-11-22 14:47:02 - [TEST_STEP][PASSED] - scoring = sendRequest(findTestObject("EngineScore", ["response_searchME_kons":response_searchME_kons, "response_searchME_spouse":response_searchME_spouse])): Send request successfully

2022-11-22 14:47:02 - [MESSAGE][INFO] - HAR: D:\DMS\Engine Scoring\Reports\20221122_143755\Exclude KKB - DS\Scoring Individu - CS\20221122_143756\requests\main\219.har

2022-11-22 14:47:02 - [MESSAGE][PASSED] - Send request successfully

2022-11-22 14:47:02 - [TEST_STEP][PASSED] - verifyResponseStatusCode(scoring, 200): Verify response status code successfully

2022-11-22 14:47:02 - [MESSAGE][PASSED] - Verify response status code successfully

2022-11-22 14:47:02 - [TEST_STEP][PASSED] - response2 = scoring.getResponseText(): null

2022-11-22 14:47:02 - [TEST_STEP][PASSED] - markPassed("result service data ke : " + no): result service data ke : 110

2022-11-22 14:47:02 - [MESSAGE][PASSED] - result service data ke : 110

2022-11-22 14:47:02 - [TEST_STEP][PASSED] - logInfo($response2): {"result_konsumen":"Approve","result_pasangan":"","Final_result":"Approve","errorMessage":"","status":"Done"}

2022-11-22 14:47:02 - [MESSAGE][INFO] - {"result_konsumen":"Approve","result_pasangan":"","Final_result":"Approve","errorMessage":"","status":"Done"}

2022-11-22 14:47:02 - [TEST_STEP][PASSED] - verifyElementPropertyValue(scoring, "Final_result", final_result): Verify element property value successfully

2022-11-22 14:47:02 - [MESSAGE][PASSED] - Verify element property value successfully]]></system-out>
         <system-err><![CDATA[]]></system-err>
      </testcase>
      <testcase name="Test Cases/Engine_Scoring/Engine Scoring" time="5.085" classname="Test Cases/Engine_Scoring/Engine Scoring" status="PASSED">
         <system-out><![CDATA[2022-11-22 14:47:02 - [TEST_CASE][PASSED] - Test Cases/Engine_Scoring/Engine Scoring: Test Cases/Engine_Scoring/Engine Scoring

2022-11-22 14:47:03 - [TEST_STEP][PASSED] - markPassed("Variasi data ke : " + no): Variasi data ke : 111

2022-11-22 14:47:03 - [MESSAGE][PASSED] - Variasi data ke : 111

2022-11-22 14:47:03 - [TEST_STEP][PASSED] - req_data = sendRequest(findTestObject("Search_ME", ["MID":MID, "source":source, "ip":ip, "userid":userid, "branch":branch, "tipekons":tipekons, "marital":marital, "penjamin":penjamin, ... ])): Send request successfully

2022-11-22 14:47:04 - [MESSAGE][INFO] - HAR: D:\DMS\Engine Scoring\Reports\20221122_143755\Exclude KKB - DS\Scoring Individu - CS\20221122_143756\requests\main\220.har

2022-11-22 14:47:04 - [MESSAGE][PASSED] - Send request successfully

2022-11-22 14:47:04 - [TEST_STEP][PASSED] - slurper = new groovy.json.JsonSlurper(): null

2022-11-22 14:47:04 - [TEST_STEP][PASSED] - result = slurper.parseText(req_data.getResponseBodyContent()): null

2022-11-22 14:47:04 - [TEST_STEP][PASSED] - reqid_kons = requestid1: null

2022-11-22 14:47:04 - [TEST_STEP][PASSED] - reqid_spouse = requestid2: null

2022-11-22 14:47:04 - [TEST_STEP][PASSED] - println("requestid kons : " + reqid_kons): null

2022-11-22 14:47:04 - [TEST_STEP][PASSED] - response_searchME_kons = reqid_kons: null

2022-11-22 14:47:04 - [TEST_STEP][PASSED] - response_searchME_spouse = reqid_spouse: null

2022-11-22 14:47:04 - [TEST_STEP][PASSED] - println("kons req id is :" + response_searchME_kons): null

2022-11-22 14:47:04 - [TEST_STEP][PASSED] - println("spouse req id is : " + response_searchME_spouse): null

2022-11-22 14:47:04 - [TEST_STEP][PASSED] - verifyResponseStatusCode(req_data, 200): Verify response status code successfully

2022-11-22 14:47:04 - [MESSAGE][PASSED] - Verify response status code successfully

2022-11-22 14:47:04 - [TEST_STEP][PASSED] - response = req_data.getResponseText(): null

2022-11-22 14:47:04 - [TEST_STEP][PASSED] - logInfo($response): {"status":"Done","data":{"requestid1":"241651","requestid2":""}}

2022-11-22 14:47:04 - [MESSAGE][INFO] - {"status":"Done","data":{"requestid1":"241651","requestid2":""}}

2022-11-22 14:47:04 - [TEST_STEP][PASSED] - delay(3): Delayed 3 second(s)

2022-11-22 14:47:07 - [MESSAGE][PASSED] - Delayed 3 second(s)

2022-11-22 14:47:07 - [TEST_STEP][PASSED] - scoring = sendRequest(findTestObject("EngineScore", ["response_searchME_kons":response_searchME_kons, "response_searchME_spouse":response_searchME_spouse])): Send request successfully

2022-11-22 14:47:07 - [MESSAGE][INFO] - HAR: D:\DMS\Engine Scoring\Reports\20221122_143755\Exclude KKB - DS\Scoring Individu - CS\20221122_143756\requests\main\221.har

2022-11-22 14:47:07 - [MESSAGE][PASSED] - Send request successfully

2022-11-22 14:47:07 - [TEST_STEP][PASSED] - verifyResponseStatusCode(scoring, 200): Verify response status code successfully

2022-11-22 14:47:07 - [MESSAGE][PASSED] - Verify response status code successfully

2022-11-22 14:47:07 - [TEST_STEP][PASSED] - response2 = scoring.getResponseText(): null

2022-11-22 14:47:07 - [TEST_STEP][PASSED] - markPassed("result service data ke : " + no): result service data ke : 111

2022-11-22 14:47:07 - [MESSAGE][PASSED] - result service data ke : 111

2022-11-22 14:47:07 - [TEST_STEP][PASSED] - logInfo($response2): {"result_konsumen":"Approve","result_pasangan":"","Final_result":"Approve","errorMessage":"","status":"Done"}

2022-11-22 14:47:07 - [MESSAGE][INFO] - {"result_konsumen":"Approve","result_pasangan":"","Final_result":"Approve","errorMessage":"","status":"Done"}

2022-11-22 14:47:07 - [TEST_STEP][PASSED] - verifyElementPropertyValue(scoring, "Final_result", final_result): Verify element property value successfully

2022-11-22 14:47:07 - [MESSAGE][PASSED] - Verify element property value successfully]]></system-out>
         <system-err><![CDATA[]]></system-err>
      </testcase>
      <testcase name="Test Cases/Engine_Scoring/Engine Scoring" time="5.165" classname="Test Cases/Engine_Scoring/Engine Scoring" status="PASSED">
         <system-out><![CDATA[2022-11-22 14:47:07 - [TEST_CASE][PASSED] - Test Cases/Engine_Scoring/Engine Scoring: Test Cases/Engine_Scoring/Engine Scoring

2022-11-22 14:47:08 - [TEST_STEP][PASSED] - markPassed("Variasi data ke : " + no): Variasi data ke : 112

2022-11-22 14:47:08 - [MESSAGE][PASSED] - Variasi data ke : 112

2022-11-22 14:47:08 - [TEST_STEP][PASSED] - req_data = sendRequest(findTestObject("Search_ME", ["MID":MID, "source":source, "ip":ip, "userid":userid, "branch":branch, "tipekons":tipekons, "marital":marital, "penjamin":penjamin, ... ])): Send request successfully

2022-11-22 14:47:09 - [MESSAGE][INFO] - HAR: D:\DMS\Engine Scoring\Reports\20221122_143755\Exclude KKB - DS\Scoring Individu - CS\20221122_143756\requests\main\222.har

2022-11-22 14:47:09 - [MESSAGE][PASSED] - Send request successfully

2022-11-22 14:47:09 - [TEST_STEP][PASSED] - slurper = new groovy.json.JsonSlurper(): null

2022-11-22 14:47:09 - [TEST_STEP][PASSED] - result = slurper.parseText(req_data.getResponseBodyContent()): null

2022-11-22 14:47:09 - [TEST_STEP][PASSED] - reqid_kons = requestid1: null

2022-11-22 14:47:09 - [TEST_STEP][PASSED] - reqid_spouse = requestid2: null

2022-11-22 14:47:09 - [TEST_STEP][PASSED] - println("requestid kons : " + reqid_kons): null

2022-11-22 14:47:09 - [TEST_STEP][PASSED] - response_searchME_kons = reqid_kons: null

2022-11-22 14:47:09 - [TEST_STEP][PASSED] - response_searchME_spouse = reqid_spouse: null

2022-11-22 14:47:09 - [TEST_STEP][PASSED] - println("kons req id is :" + response_searchME_kons): null

2022-11-22 14:47:09 - [TEST_STEP][PASSED] - println("spouse req id is : " + response_searchME_spouse): null

2022-11-22 14:47:09 - [TEST_STEP][PASSED] - verifyResponseStatusCode(req_data, 200): Verify response status code successfully

2022-11-22 14:47:09 - [MESSAGE][PASSED] - Verify response status code successfully

2022-11-22 14:47:09 - [TEST_STEP][PASSED] - response = req_data.getResponseText(): null

2022-11-22 14:47:09 - [TEST_STEP][PASSED] - logInfo($response): {"status":"Done","data":{"requestid1":"241652","requestid2":""}}

2022-11-22 14:47:09 - [MESSAGE][INFO] - {"status":"Done","data":{"requestid1":"241652","requestid2":""}}

2022-11-22 14:47:09 - [TEST_STEP][PASSED] - delay(3): Delayed 3 second(s)

2022-11-22 14:47:12 - [MESSAGE][PASSED] - Delayed 3 second(s)

2022-11-22 14:47:12 - [TEST_STEP][PASSED] - scoring = sendRequest(findTestObject("EngineScore", ["response_searchME_kons":response_searchME_kons, "response_searchME_spouse":response_searchME_spouse])): Send request successfully

2022-11-22 14:47:13 - [MESSAGE][INFO] - HAR: D:\DMS\Engine Scoring\Reports\20221122_143755\Exclude KKB - DS\Scoring Individu - CS\20221122_143756\requests\main\223.har

2022-11-22 14:47:13 - [MESSAGE][PASSED] - Send request successfully

2022-11-22 14:47:13 - [TEST_STEP][PASSED] - verifyResponseStatusCode(scoring, 200): Verify response status code successfully

2022-11-22 14:47:13 - [MESSAGE][PASSED] - Verify response status code successfully

2022-11-22 14:47:13 - [TEST_STEP][PASSED] - response2 = scoring.getResponseText(): null

2022-11-22 14:47:13 - [TEST_STEP][PASSED] - markPassed("result service data ke : " + no): result service data ke : 112

2022-11-22 14:47:13 - [MESSAGE][PASSED] - result service data ke : 112

2022-11-22 14:47:13 - [TEST_STEP][PASSED] - logInfo($response2): {"result_konsumen":"Approve","result_pasangan":"","Final_result":"Approve","errorMessage":"","status":"Done"}

2022-11-22 14:47:13 - [MESSAGE][INFO] - {"result_konsumen":"Approve","result_pasangan":"","Final_result":"Approve","errorMessage":"","status":"Done"}

2022-11-22 14:47:13 - [TEST_STEP][PASSED] - verifyElementPropertyValue(scoring, "Final_result", final_result): Verify element property value successfully

2022-11-22 14:47:13 - [MESSAGE][PASSED] - Verify element property value successfully]]></system-out>
         <system-err><![CDATA[]]></system-err>
      </testcase>
      <testcase name="Test Cases/Engine_Scoring/Engine Scoring" time="5.156" classname="Test Cases/Engine_Scoring/Engine Scoring" status="PASSED">
         <system-out><![CDATA[2022-11-22 14:47:13 - [TEST_CASE][PASSED] - Test Cases/Engine_Scoring/Engine Scoring: Test Cases/Engine_Scoring/Engine Scoring

2022-11-22 14:47:14 - [TEST_STEP][PASSED] - markPassed("Variasi data ke : " + no): Variasi data ke : 113

2022-11-22 14:47:14 - [MESSAGE][PASSED] - Variasi data ke : 113

2022-11-22 14:47:14 - [TEST_STEP][PASSED] - req_data = sendRequest(findTestObject("Search_ME", ["MID":MID, "source":source, "ip":ip, "userid":userid, "branch":branch, "tipekons":tipekons, "marital":marital, "penjamin":penjamin, ... ])): Send request successfully

2022-11-22 14:47:15 - [MESSAGE][INFO] - HAR: D:\DMS\Engine Scoring\Reports\20221122_143755\Exclude KKB - DS\Scoring Individu - CS\20221122_143756\requests\main\224.har

2022-11-22 14:47:15 - [MESSAGE][PASSED] - Send request successfully

2022-11-22 14:47:15 - [TEST_STEP][PASSED] - slurper = new groovy.json.JsonSlurper(): null

2022-11-22 14:47:15 - [TEST_STEP][PASSED] - result = slurper.parseText(req_data.getResponseBodyContent()): null

2022-11-22 14:47:15 - [TEST_STEP][PASSED] - reqid_kons = requestid1: null

2022-11-22 14:47:15 - [TEST_STEP][PASSED] - reqid_spouse = requestid2: null

2022-11-22 14:47:15 - [TEST_STEP][PASSED] - println("requestid kons : " + reqid_kons): null

2022-11-22 14:47:15 - [TEST_STEP][PASSED] - response_searchME_kons = reqid_kons: null

2022-11-22 14:47:15 - [TEST_STEP][PASSED] - response_searchME_spouse = reqid_spouse: null

2022-11-22 14:47:15 - [TEST_STEP][PASSED] - println("kons req id is :" + response_searchME_kons): null

2022-11-22 14:47:15 - [TEST_STEP][PASSED] - println("spouse req id is : " + response_searchME_spouse): null

2022-11-22 14:47:15 - [TEST_STEP][PASSED] - verifyResponseStatusCode(req_data, 200): Verify response status code successfully

2022-11-22 14:47:15 - [MESSAGE][PASSED] - Verify response status code successfully

2022-11-22 14:47:15 - [TEST_STEP][PASSED] - response = req_data.getResponseText(): null

2022-11-22 14:47:15 - [TEST_STEP][PASSED] - logInfo($response): {"status":"Done","data":{"requestid1":"241653","requestid2":""}}

2022-11-22 14:47:15 - [MESSAGE][INFO] - {"status":"Done","data":{"requestid1":"241653","requestid2":""}}

2022-11-22 14:47:15 - [TEST_STEP][PASSED] - delay(3): Delayed 3 second(s)

2022-11-22 14:47:18 - [MESSAGE][PASSED] - Delayed 3 second(s)

2022-11-22 14:47:18 - [TEST_STEP][PASSED] - scoring = sendRequest(findTestObject("EngineScore", ["response_searchME_kons":response_searchME_kons, "response_searchME_spouse":response_searchME_spouse])): Send request successfully

2022-11-22 14:47:18 - [MESSAGE][INFO] - HAR: D:\DMS\Engine Scoring\Reports\20221122_143755\Exclude KKB - DS\Scoring Individu - CS\20221122_143756\requests\main\225.har

2022-11-22 14:47:18 - [MESSAGE][PASSED] - Send request successfully

2022-11-22 14:47:18 - [TEST_STEP][PASSED] - verifyResponseStatusCode(scoring, 200): Verify response status code successfully

2022-11-22 14:47:18 - [MESSAGE][PASSED] - Verify response status code successfully

2022-11-22 14:47:18 - [TEST_STEP][PASSED] - response2 = scoring.getResponseText(): null

2022-11-22 14:47:18 - [TEST_STEP][PASSED] - markPassed("result service data ke : " + no): result service data ke : 113

2022-11-22 14:47:18 - [MESSAGE][PASSED] - result service data ke : 113

2022-11-22 14:47:18 - [TEST_STEP][PASSED] - logInfo($response2): {"result_konsumen":"Approve","result_pasangan":"","Final_result":"Approve","errorMessage":"","status":"Done"}

2022-11-22 14:47:18 - [MESSAGE][INFO] - {"result_konsumen":"Approve","result_pasangan":"","Final_result":"Approve","errorMessage":"","status":"Done"}

2022-11-22 14:47:18 - [TEST_STEP][PASSED] - verifyElementPropertyValue(scoring, "Final_result", final_result): Verify element property value successfully

2022-11-22 14:47:18 - [MESSAGE][PASSED] - Verify element property value successfully]]></system-out>
         <system-err><![CDATA[]]></system-err>
      </testcase>
      <testcase name="Test Cases/Engine_Scoring/Engine Scoring" time="5.176" classname="Test Cases/Engine_Scoring/Engine Scoring" status="PASSED">
         <system-out><![CDATA[2022-11-22 14:47:18 - [TEST_CASE][PASSED] - Test Cases/Engine_Scoring/Engine Scoring: Test Cases/Engine_Scoring/Engine Scoring

2022-11-22 14:47:19 - [TEST_STEP][PASSED] - markPassed("Variasi data ke : " + no): Variasi data ke : 114

2022-11-22 14:47:19 - [MESSAGE][PASSED] - Variasi data ke : 114

2022-11-22 14:47:19 - [TEST_STEP][PASSED] - req_data = sendRequest(findTestObject("Search_ME", ["MID":MID, "source":source, "ip":ip, "userid":userid, "branch":branch, "tipekons":tipekons, "marital":marital, "penjamin":penjamin, ... ])): Send request successfully

2022-11-22 14:47:20 - [MESSAGE][INFO] - HAR: D:\DMS\Engine Scoring\Reports\20221122_143755\Exclude KKB - DS\Scoring Individu - CS\20221122_143756\requests\main\226.har

2022-11-22 14:47:20 - [MESSAGE][PASSED] - Send request successfully

2022-11-22 14:47:20 - [TEST_STEP][PASSED] - slurper = new groovy.json.JsonSlurper(): null

2022-11-22 14:47:20 - [TEST_STEP][PASSED] - result = slurper.parseText(req_data.getResponseBodyContent()): null

2022-11-22 14:47:20 - [TEST_STEP][PASSED] - reqid_kons = requestid1: null

2022-11-22 14:47:20 - [TEST_STEP][PASSED] - reqid_spouse = requestid2: null

2022-11-22 14:47:20 - [TEST_STEP][PASSED] - println("requestid kons : " + reqid_kons): null

2022-11-22 14:47:20 - [TEST_STEP][PASSED] - response_searchME_kons = reqid_kons: null

2022-11-22 14:47:20 - [TEST_STEP][PASSED] - response_searchME_spouse = reqid_spouse: null

2022-11-22 14:47:20 - [TEST_STEP][PASSED] - println("kons req id is :" + response_searchME_kons): null

2022-11-22 14:47:20 - [TEST_STEP][PASSED] - println("spouse req id is : " + response_searchME_spouse): null

2022-11-22 14:47:20 - [TEST_STEP][PASSED] - verifyResponseStatusCode(req_data, 200): Verify response status code successfully

2022-11-22 14:47:20 - [MESSAGE][PASSED] - Verify response status code successfully

2022-11-22 14:47:20 - [TEST_STEP][PASSED] - response = req_data.getResponseText(): null

2022-11-22 14:47:20 - [TEST_STEP][PASSED] - logInfo($response): {"status":"Done","data":{"requestid1":"241654","requestid2":""}}

2022-11-22 14:47:20 - [MESSAGE][INFO] - {"status":"Done","data":{"requestid1":"241654","requestid2":""}}

2022-11-22 14:47:20 - [TEST_STEP][PASSED] - delay(3): Delayed 3 second(s)

2022-11-22 14:47:23 - [MESSAGE][PASSED] - Delayed 3 second(s)

2022-11-22 14:47:23 - [TEST_STEP][PASSED] - scoring = sendRequest(findTestObject("EngineScore", ["response_searchME_kons":response_searchME_kons, "response_searchME_spouse":response_searchME_spouse])): Send request successfully

2022-11-22 14:47:23 - [MESSAGE][INFO] - HAR: D:\DMS\Engine Scoring\Reports\20221122_143755\Exclude KKB - DS\Scoring Individu - CS\20221122_143756\requests\main\227.har

2022-11-22 14:47:23 - [MESSAGE][PASSED] - Send request successfully

2022-11-22 14:47:23 - [TEST_STEP][PASSED] - verifyResponseStatusCode(scoring, 200): Verify response status code successfully

2022-11-22 14:47:23 - [MESSAGE][PASSED] - Verify response status code successfully

2022-11-22 14:47:23 - [TEST_STEP][PASSED] - response2 = scoring.getResponseText(): null

2022-11-22 14:47:23 - [TEST_STEP][PASSED] - markPassed("result service data ke : " + no): result service data ke : 114

2022-11-22 14:47:23 - [MESSAGE][PASSED] - result service data ke : 114

2022-11-22 14:47:23 - [TEST_STEP][PASSED] - logInfo($response2): {"result_konsumen":"Approve","result_pasangan":"","Final_result":"Approve","errorMessage":"","status":"Done"}

2022-11-22 14:47:23 - [MESSAGE][INFO] - {"result_konsumen":"Approve","result_pasangan":"","Final_result":"Approve","errorMessage":"","status":"Done"}

2022-11-22 14:47:23 - [TEST_STEP][PASSED] - verifyElementPropertyValue(scoring, "Final_result", final_result): Verify element property value successfully

2022-11-22 14:47:23 - [MESSAGE][PASSED] - Verify element property value successfully]]></system-out>
         <system-err><![CDATA[]]></system-err>
      </testcase>
      <testcase name="Test Cases/Engine_Scoring/Engine Scoring" time="5.097" classname="Test Cases/Engine_Scoring/Engine Scoring" status="PASSED">
         <system-out><![CDATA[2022-11-22 14:47:23 - [TEST_CASE][PASSED] - Test Cases/Engine_Scoring/Engine Scoring: Test Cases/Engine_Scoring/Engine Scoring

2022-11-22 14:47:24 - [TEST_STEP][PASSED] - markPassed("Variasi data ke : " + no): Variasi data ke : 115

2022-11-22 14:47:24 - [MESSAGE][PASSED] - Variasi data ke : 115

2022-11-22 14:47:24 - [TEST_STEP][PASSED] - req_data = sendRequest(findTestObject("Search_ME", ["MID":MID, "source":source, "ip":ip, "userid":userid, "branch":branch, "tipekons":tipekons, "marital":marital, "penjamin":penjamin, ... ])): Send request successfully

2022-11-22 14:47:25 - [MESSAGE][INFO] - HAR: D:\DMS\Engine Scoring\Reports\20221122_143755\Exclude KKB - DS\Scoring Individu - CS\20221122_143756\requests\main\228.har

2022-11-22 14:47:25 - [MESSAGE][PASSED] - Send request successfully

2022-11-22 14:47:25 - [TEST_STEP][PASSED] - slurper = new groovy.json.JsonSlurper(): null

2022-11-22 14:47:25 - [TEST_STEP][PASSED] - result = slurper.parseText(req_data.getResponseBodyContent()): null

2022-11-22 14:47:25 - [TEST_STEP][PASSED] - reqid_kons = requestid1: null

2022-11-22 14:47:25 - [TEST_STEP][PASSED] - reqid_spouse = requestid2: null

2022-11-22 14:47:25 - [TEST_STEP][PASSED] - println("requestid kons : " + reqid_kons): null

2022-11-22 14:47:25 - [TEST_STEP][PASSED] - response_searchME_kons = reqid_kons: null

2022-11-22 14:47:25 - [TEST_STEP][PASSED] - response_searchME_spouse = reqid_spouse: null

2022-11-22 14:47:25 - [TEST_STEP][PASSED] - println("kons req id is :" + response_searchME_kons): null

2022-11-22 14:47:25 - [TEST_STEP][PASSED] - println("spouse req id is : " + response_searchME_spouse): null

2022-11-22 14:47:25 - [TEST_STEP][PASSED] - verifyResponseStatusCode(req_data, 200): Verify response status code successfully

2022-11-22 14:47:25 - [MESSAGE][PASSED] - Verify response status code successfully

2022-11-22 14:47:25 - [TEST_STEP][PASSED] - response = req_data.getResponseText(): null

2022-11-22 14:47:25 - [TEST_STEP][PASSED] - logInfo($response): {"status":"Done","data":{"requestid1":"241655","requestid2":""}}

2022-11-22 14:47:25 - [MESSAGE][INFO] - {"status":"Done","data":{"requestid1":"241655","requestid2":""}}

2022-11-22 14:47:25 - [TEST_STEP][PASSED] - delay(3): Delayed 3 second(s)

2022-11-22 14:47:28 - [MESSAGE][PASSED] - Delayed 3 second(s)

2022-11-22 14:47:28 - [TEST_STEP][PASSED] - scoring = sendRequest(findTestObject("EngineScore", ["response_searchME_kons":response_searchME_kons, "response_searchME_spouse":response_searchME_spouse])): Send request successfully

2022-11-22 14:47:28 - [MESSAGE][INFO] - HAR: D:\DMS\Engine Scoring\Reports\20221122_143755\Exclude KKB - DS\Scoring Individu - CS\20221122_143756\requests\main\229.har

2022-11-22 14:47:28 - [MESSAGE][PASSED] - Send request successfully

2022-11-22 14:47:28 - [TEST_STEP][PASSED] - verifyResponseStatusCode(scoring, 200): Verify response status code successfully

2022-11-22 14:47:28 - [MESSAGE][PASSED] - Verify response status code successfully

2022-11-22 14:47:28 - [TEST_STEP][PASSED] - response2 = scoring.getResponseText(): null

2022-11-22 14:47:28 - [TEST_STEP][PASSED] - markPassed("result service data ke : " + no): result service data ke : 115

2022-11-22 14:47:28 - [MESSAGE][PASSED] - result service data ke : 115

2022-11-22 14:47:28 - [TEST_STEP][PASSED] - logInfo($response2): {"result_konsumen":"Approve","result_pasangan":"","Final_result":"Approve","errorMessage":"","status":"Done"}

2022-11-22 14:47:28 - [MESSAGE][INFO] - {"result_konsumen":"Approve","result_pasangan":"","Final_result":"Approve","errorMessage":"","status":"Done"}

2022-11-22 14:47:28 - [TEST_STEP][PASSED] - verifyElementPropertyValue(scoring, "Final_result", final_result): Verify element property value successfully

2022-11-22 14:47:28 - [MESSAGE][PASSED] - Verify element property value successfully]]></system-out>
         <system-err><![CDATA[]]></system-err>
      </testcase>
      <testcase name="Test Cases/Engine_Scoring/Engine Scoring" time="5.068" classname="Test Cases/Engine_Scoring/Engine Scoring" status="PASSED">
         <system-out><![CDATA[2022-11-22 14:47:28 - [TEST_CASE][PASSED] - Test Cases/Engine_Scoring/Engine Scoring: Test Cases/Engine_Scoring/Engine Scoring

2022-11-22 14:47:29 - [TEST_STEP][PASSED] - markPassed("Variasi data ke : " + no): Variasi data ke : 116

2022-11-22 14:47:29 - [MESSAGE][PASSED] - Variasi data ke : 116

2022-11-22 14:47:29 - [TEST_STEP][PASSED] - req_data = sendRequest(findTestObject("Search_ME", ["MID":MID, "source":source, "ip":ip, "userid":userid, "branch":branch, "tipekons":tipekons, "marital":marital, "penjamin":penjamin, ... ])): Send request successfully

2022-11-22 14:47:30 - [MESSAGE][INFO] - HAR: D:\DMS\Engine Scoring\Reports\20221122_143755\Exclude KKB - DS\Scoring Individu - CS\20221122_143756\requests\main\230.har

2022-11-22 14:47:30 - [MESSAGE][PASSED] - Send request successfully

2022-11-22 14:47:30 - [TEST_STEP][PASSED] - slurper = new groovy.json.JsonSlurper(): null

2022-11-22 14:47:30 - [TEST_STEP][PASSED] - result = slurper.parseText(req_data.getResponseBodyContent()): null

2022-11-22 14:47:30 - [TEST_STEP][PASSED] - reqid_kons = requestid1: null

2022-11-22 14:47:30 - [TEST_STEP][PASSED] - reqid_spouse = requestid2: null

2022-11-22 14:47:30 - [TEST_STEP][PASSED] - println("requestid kons : " + reqid_kons): null

2022-11-22 14:47:30 - [TEST_STEP][PASSED] - response_searchME_kons = reqid_kons: null

2022-11-22 14:47:30 - [TEST_STEP][PASSED] - response_searchME_spouse = reqid_spouse: null

2022-11-22 14:47:30 - [TEST_STEP][PASSED] - println("kons req id is :" + response_searchME_kons): null

2022-11-22 14:47:30 - [TEST_STEP][PASSED] - println("spouse req id is : " + response_searchME_spouse): null

2022-11-22 14:47:30 - [TEST_STEP][PASSED] - verifyResponseStatusCode(req_data, 200): Verify response status code successfully

2022-11-22 14:47:30 - [MESSAGE][PASSED] - Verify response status code successfully

2022-11-22 14:47:30 - [TEST_STEP][PASSED] - response = req_data.getResponseText(): null

2022-11-22 14:47:30 - [TEST_STEP][PASSED] - logInfo($response): {"status":"Done","data":{"requestid1":"241656","requestid2":""}}

2022-11-22 14:47:30 - [MESSAGE][INFO] - {"status":"Done","data":{"requestid1":"241656","requestid2":""}}

2022-11-22 14:47:30 - [TEST_STEP][PASSED] - delay(3): Delayed 3 second(s)

2022-11-22 14:47:33 - [MESSAGE][PASSED] - Delayed 3 second(s)

2022-11-22 14:47:33 - [TEST_STEP][PASSED] - scoring = sendRequest(findTestObject("EngineScore", ["response_searchME_kons":response_searchME_kons, "response_searchME_spouse":response_searchME_spouse])): Send request successfully

2022-11-22 14:47:33 - [MESSAGE][INFO] - HAR: D:\DMS\Engine Scoring\Reports\20221122_143755\Exclude KKB - DS\Scoring Individu - CS\20221122_143756\requests\main\231.har

2022-11-22 14:47:33 - [MESSAGE][PASSED] - Send request successfully

2022-11-22 14:47:33 - [TEST_STEP][PASSED] - verifyResponseStatusCode(scoring, 200): Verify response status code successfully

2022-11-22 14:47:33 - [MESSAGE][PASSED] - Verify response status code successfully

2022-11-22 14:47:33 - [TEST_STEP][PASSED] - response2 = scoring.getResponseText(): null

2022-11-22 14:47:33 - [TEST_STEP][PASSED] - markPassed("result service data ke : " + no): result service data ke : 116

2022-11-22 14:47:33 - [MESSAGE][PASSED] - result service data ke : 116

2022-11-22 14:47:33 - [TEST_STEP][PASSED] - logInfo($response2): {"result_konsumen":"Approve","result_pasangan":"","Final_result":"Approve","errorMessage":"","status":"Done"}

2022-11-22 14:47:33 - [MESSAGE][INFO] - {"result_konsumen":"Approve","result_pasangan":"","Final_result":"Approve","errorMessage":"","status":"Done"}

2022-11-22 14:47:33 - [TEST_STEP][PASSED] - verifyElementPropertyValue(scoring, "Final_result", final_result): Verify element property value successfully

2022-11-22 14:47:33 - [MESSAGE][PASSED] - Verify element property value successfully]]></system-out>
         <system-err><![CDATA[]]></system-err>
      </testcase>
      <testcase name="Test Cases/Engine_Scoring/Engine Scoring" time="16.905" classname="Test Cases/Engine_Scoring/Engine Scoring" status="PASSED">
         <system-out><![CDATA[2022-11-22 14:47:33 - [TEST_CASE][PASSED] - Test Cases/Engine_Scoring/Engine Scoring: Test Cases/Engine_Scoring/Engine Scoring

2022-11-22 14:47:34 - [TEST_STEP][PASSED] - markPassed("Variasi data ke : " + no): Variasi data ke : 117

2022-11-22 14:47:34 - [MESSAGE][PASSED] - Variasi data ke : 117

2022-11-22 14:47:34 - [TEST_STEP][PASSED] - req_data = sendRequest(findTestObject("Search_ME", ["MID":MID, "source":source, "ip":ip, "userid":userid, "branch":branch, "tipekons":tipekons, "marital":marital, "penjamin":penjamin, ... ])): Send request successfully

2022-11-22 14:47:35 - [MESSAGE][INFO] - HAR: D:\DMS\Engine Scoring\Reports\20221122_143755\Exclude KKB - DS\Scoring Individu - CS\20221122_143756\requests\main\232.har

2022-11-22 14:47:35 - [MESSAGE][PASSED] - Send request successfully

2022-11-22 14:47:35 - [TEST_STEP][PASSED] - slurper = new groovy.json.JsonSlurper(): null

2022-11-22 14:47:35 - [TEST_STEP][PASSED] - result = slurper.parseText(req_data.getResponseBodyContent()): null

2022-11-22 14:47:35 - [TEST_STEP][PASSED] - reqid_kons = requestid1: null

2022-11-22 14:47:35 - [TEST_STEP][PASSED] - reqid_spouse = requestid2: null

2022-11-22 14:47:35 - [TEST_STEP][PASSED] - println("requestid kons : " + reqid_kons): null

2022-11-22 14:47:35 - [TEST_STEP][PASSED] - response_searchME_kons = reqid_kons: null

2022-11-22 14:47:35 - [TEST_STEP][PASSED] - response_searchME_spouse = reqid_spouse: null

2022-11-22 14:47:35 - [TEST_STEP][PASSED] - println("kons req id is :" + response_searchME_kons): null

2022-11-22 14:47:35 - [TEST_STEP][PASSED] - println("spouse req id is : " + response_searchME_spouse): null

2022-11-22 14:47:35 - [TEST_STEP][PASSED] - verifyResponseStatusCode(req_data, 200): Verify response status code successfully

2022-11-22 14:47:35 - [MESSAGE][PASSED] - Verify response status code successfully

2022-11-22 14:47:47 - [TEST_STEP][PASSED] - response = req_data.getResponseText(): null

2022-11-22 14:47:47 - [TEST_STEP][PASSED] - logInfo($response): {"status":"Done","data":{"requestid1":"241657","requestid2":""}}

2022-11-22 14:47:47 - [MESSAGE][INFO] - {"status":"Done","data":{"requestid1":"241657","requestid2":""}}

2022-11-22 14:47:47 - [TEST_STEP][PASSED] - delay(3): Delayed 3 second(s)

2022-11-22 14:47:50 - [MESSAGE][PASSED] - Delayed 3 second(s)

2022-11-22 14:47:50 - [TEST_STEP][PASSED] - scoring = sendRequest(findTestObject("EngineScore", ["response_searchME_kons":response_searchME_kons, "response_searchME_spouse":response_searchME_spouse])): Send request successfully

2022-11-22 14:47:50 - [MESSAGE][INFO] - HAR: D:\DMS\Engine Scoring\Reports\20221122_143755\Exclude KKB - DS\Scoring Individu - CS\20221122_143756\requests\main\233.har

2022-11-22 14:47:50 - [MESSAGE][PASSED] - Send request successfully

2022-11-22 14:47:50 - [TEST_STEP][PASSED] - verifyResponseStatusCode(scoring, 200): Verify response status code successfully

2022-11-22 14:47:50 - [MESSAGE][PASSED] - Verify response status code successfully

2022-11-22 14:47:50 - [TEST_STEP][PASSED] - response2 = scoring.getResponseText(): null

2022-11-22 14:47:50 - [TEST_STEP][PASSED] - markPassed("result service data ke : " + no): result service data ke : 117

2022-11-22 14:47:50 - [MESSAGE][PASSED] - result service data ke : 117

2022-11-22 14:47:50 - [TEST_STEP][PASSED] - logInfo($response2): {"result_konsumen":"Reject","result_pasangan":"","Final_result":"Reject","errorMessage":"","status":"Done"}

2022-11-22 14:47:50 - [MESSAGE][INFO] - {"result_konsumen":"Reject","result_pasangan":"","Final_result":"Reject","errorMessage":"","status":"Done"}

2022-11-22 14:47:50 - [TEST_STEP][PASSED] - verifyElementPropertyValue(scoring, "Final_result", final_result): Verify element property value successfully

2022-11-22 14:47:50 - [MESSAGE][PASSED] - Verify element property value successfully]]></system-out>
         <system-err><![CDATA[]]></system-err>
      </testcase>
      <testcase name="Test Cases/Engine_Scoring/Engine Scoring" time="5.137" classname="Test Cases/Engine_Scoring/Engine Scoring" status="PASSED">
         <system-out><![CDATA[2022-11-22 14:47:50 - [TEST_CASE][PASSED] - Test Cases/Engine_Scoring/Engine Scoring: Test Cases/Engine_Scoring/Engine Scoring

2022-11-22 14:47:51 - [TEST_STEP][PASSED] - markPassed("Variasi data ke : " + no): Variasi data ke : 118

2022-11-22 14:47:51 - [MESSAGE][PASSED] - Variasi data ke : 118

2022-11-22 14:47:51 - [TEST_STEP][PASSED] - req_data = sendRequest(findTestObject("Search_ME", ["MID":MID, "source":source, "ip":ip, "userid":userid, "branch":branch, "tipekons":tipekons, "marital":marital, "penjamin":penjamin, ... ])): Send request successfully

2022-11-22 14:47:52 - [MESSAGE][INFO] - HAR: D:\DMS\Engine Scoring\Reports\20221122_143755\Exclude KKB - DS\Scoring Individu - CS\20221122_143756\requests\main\234.har

2022-11-22 14:47:52 - [MESSAGE][PASSED] - Send request successfully

2022-11-22 14:47:52 - [TEST_STEP][PASSED] - slurper = new groovy.json.JsonSlurper(): null

2022-11-22 14:47:52 - [TEST_STEP][PASSED] - result = slurper.parseText(req_data.getResponseBodyContent()): null

2022-11-22 14:47:52 - [TEST_STEP][PASSED] - reqid_kons = requestid1: null

2022-11-22 14:47:52 - [TEST_STEP][PASSED] - reqid_spouse = requestid2: null

2022-11-22 14:47:52 - [TEST_STEP][PASSED] - println("requestid kons : " + reqid_kons): null

2022-11-22 14:47:52 - [TEST_STEP][PASSED] - response_searchME_kons = reqid_kons: null

2022-11-22 14:47:52 - [TEST_STEP][PASSED] - response_searchME_spouse = reqid_spouse: null

2022-11-22 14:47:52 - [TEST_STEP][PASSED] - println("kons req id is :" + response_searchME_kons): null

2022-11-22 14:47:52 - [TEST_STEP][PASSED] - println("spouse req id is : " + response_searchME_spouse): null

2022-11-22 14:47:52 - [TEST_STEP][PASSED] - verifyResponseStatusCode(req_data, 200): Verify response status code successfully

2022-11-22 14:47:52 - [MESSAGE][PASSED] - Verify response status code successfully

2022-11-22 14:47:52 - [TEST_STEP][PASSED] - response = req_data.getResponseText(): null

2022-11-22 14:47:52 - [TEST_STEP][PASSED] - logInfo($response): {"status":"Done","data":{"requestid1":"241658","requestid2":""}}

2022-11-22 14:47:52 - [MESSAGE][INFO] - {"status":"Done","data":{"requestid1":"241658","requestid2":""}}

2022-11-22 14:47:52 - [TEST_STEP][PASSED] - delay(3): Delayed 3 second(s)

2022-11-22 14:47:55 - [MESSAGE][PASSED] - Delayed 3 second(s)

2022-11-22 14:47:55 - [TEST_STEP][PASSED] - scoring = sendRequest(findTestObject("EngineScore", ["response_searchME_kons":response_searchME_kons, "response_searchME_spouse":response_searchME_spouse])): Send request successfully

2022-11-22 14:47:55 - [MESSAGE][INFO] - HAR: D:\DMS\Engine Scoring\Reports\20221122_143755\Exclude KKB - DS\Scoring Individu - CS\20221122_143756\requests\main\235.har

2022-11-22 14:47:55 - [MESSAGE][PASSED] - Send request successfully

2022-11-22 14:47:55 - [TEST_STEP][PASSED] - verifyResponseStatusCode(scoring, 200): Verify response status code successfully

2022-11-22 14:47:55 - [MESSAGE][PASSED] - Verify response status code successfully

2022-11-22 14:47:55 - [TEST_STEP][PASSED] - response2 = scoring.getResponseText(): null

2022-11-22 14:47:55 - [TEST_STEP][PASSED] - markPassed("result service data ke : " + no): result service data ke : 118

2022-11-22 14:47:55 - [MESSAGE][PASSED] - result service data ke : 118

2022-11-22 14:47:55 - [TEST_STEP][PASSED] - logInfo($response2): {"result_konsumen":"Reject","result_pasangan":"","Final_result":"Reject","errorMessage":"","status":"Done"}

2022-11-22 14:47:55 - [MESSAGE][INFO] - {"result_konsumen":"Reject","result_pasangan":"","Final_result":"Reject","errorMessage":"","status":"Done"}

2022-11-22 14:47:55 - [TEST_STEP][PASSED] - verifyElementPropertyValue(scoring, "Final_result", final_result): Verify element property value successfully

2022-11-22 14:47:55 - [MESSAGE][PASSED] - Verify element property value successfully]]></system-out>
         <system-err><![CDATA[]]></system-err>
      </testcase>
      <testcase name="Test Cases/Engine_Scoring/Engine Scoring" time="5.246" classname="Test Cases/Engine_Scoring/Engine Scoring" status="PASSED">
         <system-out><![CDATA[2022-11-22 14:47:56 - [TEST_CASE][PASSED] - Test Cases/Engine_Scoring/Engine Scoring: Test Cases/Engine_Scoring/Engine Scoring

2022-11-22 14:47:57 - [TEST_STEP][PASSED] - markPassed("Variasi data ke : " + no): Variasi data ke : 119

2022-11-22 14:47:57 - [MESSAGE][PASSED] - Variasi data ke : 119

2022-11-22 14:47:57 - [TEST_STEP][PASSED] - req_data = sendRequest(findTestObject("Search_ME", ["MID":MID, "source":source, "ip":ip, "userid":userid, "branch":branch, "tipekons":tipekons, "marital":marital, "penjamin":penjamin, ... ])): Send request successfully

2022-11-22 14:47:58 - [MESSAGE][INFO] - HAR: D:\DMS\Engine Scoring\Reports\20221122_143755\Exclude KKB - DS\Scoring Individu - CS\20221122_143756\requests\main\236.har

2022-11-22 14:47:58 - [MESSAGE][PASSED] - Send request successfully

2022-11-22 14:47:58 - [TEST_STEP][PASSED] - slurper = new groovy.json.JsonSlurper(): null

2022-11-22 14:47:58 - [TEST_STEP][PASSED] - result = slurper.parseText(req_data.getResponseBodyContent()): null

2022-11-22 14:47:58 - [TEST_STEP][PASSED] - reqid_kons = requestid1: null

2022-11-22 14:47:58 - [TEST_STEP][PASSED] - reqid_spouse = requestid2: null

2022-11-22 14:47:58 - [TEST_STEP][PASSED] - println("requestid kons : " + reqid_kons): null

2022-11-22 14:47:58 - [TEST_STEP][PASSED] - response_searchME_kons = reqid_kons: null

2022-11-22 14:47:58 - [TEST_STEP][PASSED] - response_searchME_spouse = reqid_spouse: null

2022-11-22 14:47:58 - [TEST_STEP][PASSED] - println("kons req id is :" + response_searchME_kons): null

2022-11-22 14:47:58 - [TEST_STEP][PASSED] - println("spouse req id is : " + response_searchME_spouse): null

2022-11-22 14:47:58 - [TEST_STEP][PASSED] - verifyResponseStatusCode(req_data, 200): Verify response status code successfully

2022-11-22 14:47:58 - [MESSAGE][PASSED] - Verify response status code successfully

2022-11-22 14:47:58 - [TEST_STEP][PASSED] - response = req_data.getResponseText(): null

2022-11-22 14:47:58 - [TEST_STEP][PASSED] - logInfo($response): {"status":"Done","data":{"requestid1":"241659","requestid2":""}}

2022-11-22 14:47:58 - [MESSAGE][INFO] - {"status":"Done","data":{"requestid1":"241659","requestid2":""}}

2022-11-22 14:47:58 - [TEST_STEP][PASSED] - delay(3): Delayed 3 second(s)

2022-11-22 14:48:01 - [MESSAGE][PASSED] - Delayed 3 second(s)

2022-11-22 14:48:01 - [TEST_STEP][PASSED] - scoring = sendRequest(findTestObject("EngineScore", ["response_searchME_kons":response_searchME_kons, "response_searchME_spouse":response_searchME_spouse])): Send request successfully

2022-11-22 14:48:01 - [MESSAGE][INFO] - HAR: D:\DMS\Engine Scoring\Reports\20221122_143755\Exclude KKB - DS\Scoring Individu - CS\20221122_143756\requests\main\237.har

2022-11-22 14:48:01 - [MESSAGE][PASSED] - Send request successfully

2022-11-22 14:48:01 - [TEST_STEP][PASSED] - verifyResponseStatusCode(scoring, 200): Verify response status code successfully

2022-11-22 14:48:01 - [MESSAGE][PASSED] - Verify response status code successfully

2022-11-22 14:48:01 - [TEST_STEP][PASSED] - response2 = scoring.getResponseText(): null

2022-11-22 14:48:01 - [TEST_STEP][PASSED] - markPassed("result service data ke : " + no): result service data ke : 119

2022-11-22 14:48:01 - [MESSAGE][PASSED] - result service data ke : 119

2022-11-22 14:48:01 - [TEST_STEP][PASSED] - logInfo($response2): {"result_konsumen":"Reject","result_pasangan":"","Final_result":"Reject","errorMessage":"","status":"Done"}

2022-11-22 14:48:01 - [MESSAGE][INFO] - {"result_konsumen":"Reject","result_pasangan":"","Final_result":"Reject","errorMessage":"","status":"Done"}

2022-11-22 14:48:01 - [TEST_STEP][PASSED] - verifyElementPropertyValue(scoring, "Final_result", final_result): Verify element property value successfully

2022-11-22 14:48:01 - [MESSAGE][PASSED] - Verify element property value successfully]]></system-out>
         <system-err><![CDATA[]]></system-err>
      </testcase>
      <testcase name="Test Cases/Engine_Scoring/Engine Scoring" time="5.095" classname="Test Cases/Engine_Scoring/Engine Scoring" status="PASSED">
         <system-out><![CDATA[2022-11-22 14:48:01 - [TEST_CASE][PASSED] - Test Cases/Engine_Scoring/Engine Scoring: Test Cases/Engine_Scoring/Engine Scoring

2022-11-22 14:48:02 - [TEST_STEP][PASSED] - markPassed("Variasi data ke : " + no): Variasi data ke : 120

2022-11-22 14:48:02 - [MESSAGE][PASSED] - Variasi data ke : 120

2022-11-22 14:48:02 - [TEST_STEP][PASSED] - req_data = sendRequest(findTestObject("Search_ME", ["MID":MID, "source":source, "ip":ip, "userid":userid, "branch":branch, "tipekons":tipekons, "marital":marital, "penjamin":penjamin, ... ])): Send request successfully

2022-11-22 14:48:03 - [MESSAGE][INFO] - HAR: D:\DMS\Engine Scoring\Reports\20221122_143755\Exclude KKB - DS\Scoring Individu - CS\20221122_143756\requests\main\238.har

2022-11-22 14:48:03 - [MESSAGE][PASSED] - Send request successfully

2022-11-22 14:48:03 - [TEST_STEP][PASSED] - slurper = new groovy.json.JsonSlurper(): null

2022-11-22 14:48:03 - [TEST_STEP][PASSED] - result = slurper.parseText(req_data.getResponseBodyContent()): null

2022-11-22 14:48:03 - [TEST_STEP][PASSED] - reqid_kons = requestid1: null

2022-11-22 14:48:03 - [TEST_STEP][PASSED] - reqid_spouse = requestid2: null

2022-11-22 14:48:03 - [TEST_STEP][PASSED] - println("requestid kons : " + reqid_kons): null

2022-11-22 14:48:03 - [TEST_STEP][PASSED] - response_searchME_kons = reqid_kons: null

2022-11-22 14:48:03 - [TEST_STEP][PASSED] - response_searchME_spouse = reqid_spouse: null

2022-11-22 14:48:03 - [TEST_STEP][PASSED] - println("kons req id is :" + response_searchME_kons): null

2022-11-22 14:48:03 - [TEST_STEP][PASSED] - println("spouse req id is : " + response_searchME_spouse): null

2022-11-22 14:48:03 - [TEST_STEP][PASSED] - verifyResponseStatusCode(req_data, 200): Verify response status code successfully

2022-11-22 14:48:03 - [MESSAGE][PASSED] - Verify response status code successfully

2022-11-22 14:48:03 - [TEST_STEP][PASSED] - response = req_data.getResponseText(): null

2022-11-22 14:48:03 - [TEST_STEP][PASSED] - logInfo($response): {"status":"Done","data":{"requestid1":"241660","requestid2":""}}

2022-11-22 14:48:03 - [MESSAGE][INFO] - {"status":"Done","data":{"requestid1":"241660","requestid2":""}}

2022-11-22 14:48:03 - [TEST_STEP][PASSED] - delay(3): Delayed 3 second(s)

2022-11-22 14:48:06 - [MESSAGE][PASSED] - Delayed 3 second(s)

2022-11-22 14:48:06 - [TEST_STEP][PASSED] - scoring = sendRequest(findTestObject("EngineScore", ["response_searchME_kons":response_searchME_kons, "response_searchME_spouse":response_searchME_spouse])): Send request successfully

2022-11-22 14:48:06 - [MESSAGE][INFO] - HAR: D:\DMS\Engine Scoring\Reports\20221122_143755\Exclude KKB - DS\Scoring Individu - CS\20221122_143756\requests\main\239.har

2022-11-22 14:48:06 - [MESSAGE][PASSED] - Send request successfully

2022-11-22 14:48:06 - [TEST_STEP][PASSED] - verifyResponseStatusCode(scoring, 200): Verify response status code successfully

2022-11-22 14:48:06 - [MESSAGE][PASSED] - Verify response status code successfully

2022-11-22 14:48:06 - [TEST_STEP][PASSED] - response2 = scoring.getResponseText(): null

2022-11-22 14:48:06 - [TEST_STEP][PASSED] - markPassed("result service data ke : " + no): result service data ke : 120

2022-11-22 14:48:06 - [MESSAGE][PASSED] - result service data ke : 120

2022-11-22 14:48:06 - [TEST_STEP][PASSED] - logInfo($response2): {"result_konsumen":"Reject","result_pasangan":"","Final_result":"Reject","errorMessage":"","status":"Done"}

2022-11-22 14:48:06 - [MESSAGE][INFO] - {"result_konsumen":"Reject","result_pasangan":"","Final_result":"Reject","errorMessage":"","status":"Done"}

2022-11-22 14:48:06 - [TEST_STEP][PASSED] - verifyElementPropertyValue(scoring, "Final_result", final_result): Verify element property value successfully

2022-11-22 14:48:06 - [MESSAGE][PASSED] - Verify element property value successfully]]></system-out>
         <system-err><![CDATA[]]></system-err>
      </testcase>
      <testcase name="Test Cases/Engine_Scoring/Engine Scoring" time="5.191" classname="Test Cases/Engine_Scoring/Engine Scoring" status="PASSED">
         <system-out><![CDATA[2022-11-22 14:48:06 - [TEST_CASE][PASSED] - Test Cases/Engine_Scoring/Engine Scoring: Test Cases/Engine_Scoring/Engine Scoring

2022-11-22 14:48:07 - [TEST_STEP][PASSED] - markPassed("Variasi data ke : " + no): Variasi data ke : 121

2022-11-22 14:48:07 - [MESSAGE][PASSED] - Variasi data ke : 121

2022-11-22 14:48:07 - [TEST_STEP][PASSED] - req_data = sendRequest(findTestObject("Search_ME", ["MID":MID, "source":source, "ip":ip, "userid":userid, "branch":branch, "tipekons":tipekons, "marital":marital, "penjamin":penjamin, ... ])): Send request successfully

2022-11-22 14:48:08 - [MESSAGE][INFO] - HAR: D:\DMS\Engine Scoring\Reports\20221122_143755\Exclude KKB - DS\Scoring Individu - CS\20221122_143756\requests\main\240.har

2022-11-22 14:48:08 - [MESSAGE][PASSED] - Send request successfully

2022-11-22 14:48:08 - [TEST_STEP][PASSED] - slurper = new groovy.json.JsonSlurper(): null

2022-11-22 14:48:08 - [TEST_STEP][PASSED] - result = slurper.parseText(req_data.getResponseBodyContent()): null

2022-11-22 14:48:08 - [TEST_STEP][PASSED] - reqid_kons = requestid1: null

2022-11-22 14:48:08 - [TEST_STEP][PASSED] - reqid_spouse = requestid2: null

2022-11-22 14:48:08 - [TEST_STEP][PASSED] - println("requestid kons : " + reqid_kons): null

2022-11-22 14:48:08 - [TEST_STEP][PASSED] - response_searchME_kons = reqid_kons: null

2022-11-22 14:48:08 - [TEST_STEP][PASSED] - response_searchME_spouse = reqid_spouse: null

2022-11-22 14:48:08 - [TEST_STEP][PASSED] - println("kons req id is :" + response_searchME_kons): null

2022-11-22 14:48:08 - [TEST_STEP][PASSED] - println("spouse req id is : " + response_searchME_spouse): null

2022-11-22 14:48:08 - [TEST_STEP][PASSED] - verifyResponseStatusCode(req_data, 200): Verify response status code successfully

2022-11-22 14:48:08 - [MESSAGE][PASSED] - Verify response status code successfully

2022-11-22 14:48:08 - [TEST_STEP][PASSED] - response = req_data.getResponseText(): null

2022-11-22 14:48:08 - [TEST_STEP][PASSED] - logInfo($response): {"status":"Done","data":{"requestid1":"241661","requestid2":""}}

2022-11-22 14:48:08 - [MESSAGE][INFO] - {"status":"Done","data":{"requestid1":"241661","requestid2":""}}

2022-11-22 14:48:08 - [TEST_STEP][PASSED] - delay(3): Delayed 3 second(s)

2022-11-22 14:48:11 - [MESSAGE][PASSED] - Delayed 3 second(s)

2022-11-22 14:48:11 - [TEST_STEP][PASSED] - scoring = sendRequest(findTestObject("EngineScore", ["response_searchME_kons":response_searchME_kons, "response_searchME_spouse":response_searchME_spouse])): Send request successfully

2022-11-22 14:48:11 - [MESSAGE][INFO] - HAR: D:\DMS\Engine Scoring\Reports\20221122_143755\Exclude KKB - DS\Scoring Individu - CS\20221122_143756\requests\main\241.har

2022-11-22 14:48:11 - [MESSAGE][PASSED] - Send request successfully

2022-11-22 14:48:11 - [TEST_STEP][PASSED] - verifyResponseStatusCode(scoring, 200): Verify response status code successfully

2022-11-22 14:48:11 - [MESSAGE][PASSED] - Verify response status code successfully

2022-11-22 14:48:11 - [TEST_STEP][PASSED] - response2 = scoring.getResponseText(): null

2022-11-22 14:48:11 - [TEST_STEP][PASSED] - markPassed("result service data ke : " + no): result service data ke : 121

2022-11-22 14:48:11 - [MESSAGE][PASSED] - result service data ke : 121

2022-11-22 14:48:11 - [TEST_STEP][PASSED] - logInfo($response2): {"result_konsumen":"Approve","result_pasangan":"","Final_result":"Approve","errorMessage":"","status":"Done"}

2022-11-22 14:48:11 - [MESSAGE][INFO] - {"result_konsumen":"Approve","result_pasangan":"","Final_result":"Approve","errorMessage":"","status":"Done"}

2022-11-22 14:48:11 - [TEST_STEP][PASSED] - verifyElementPropertyValue(scoring, "Final_result", final_result): Verify element property value successfully

2022-11-22 14:48:11 - [MESSAGE][PASSED] - Verify element property value successfully]]></system-out>
         <system-err><![CDATA[]]></system-err>
      </testcase>
      <testcase name="Test Cases/Engine_Scoring/Engine Scoring" time="5.322" classname="Test Cases/Engine_Scoring/Engine Scoring" status="PASSED">
         <system-out><![CDATA[2022-11-22 14:48:11 - [TEST_CASE][PASSED] - Test Cases/Engine_Scoring/Engine Scoring: Test Cases/Engine_Scoring/Engine Scoring

2022-11-22 14:48:12 - [TEST_STEP][PASSED] - markPassed("Variasi data ke : " + no): Variasi data ke : 122

2022-11-22 14:48:12 - [MESSAGE][PASSED] - Variasi data ke : 122

2022-11-22 14:48:12 - [TEST_STEP][PASSED] - req_data = sendRequest(findTestObject("Search_ME", ["MID":MID, "source":source, "ip":ip, "userid":userid, "branch":branch, "tipekons":tipekons, "marital":marital, "penjamin":penjamin, ... ])): Send request successfully

2022-11-22 14:48:13 - [MESSAGE][INFO] - HAR: D:\DMS\Engine Scoring\Reports\20221122_143755\Exclude KKB - DS\Scoring Individu - CS\20221122_143756\requests\main\242.har

2022-11-22 14:48:13 - [MESSAGE][PASSED] - Send request successfully

2022-11-22 14:48:13 - [TEST_STEP][PASSED] - slurper = new groovy.json.JsonSlurper(): null

2022-11-22 14:48:13 - [TEST_STEP][PASSED] - result = slurper.parseText(req_data.getResponseBodyContent()): null

2022-11-22 14:48:13 - [TEST_STEP][PASSED] - reqid_kons = requestid1: null

2022-11-22 14:48:13 - [TEST_STEP][PASSED] - reqid_spouse = requestid2: null

2022-11-22 14:48:13 - [TEST_STEP][PASSED] - println("requestid kons : " + reqid_kons): null

2022-11-22 14:48:13 - [TEST_STEP][PASSED] - response_searchME_kons = reqid_kons: null

2022-11-22 14:48:13 - [TEST_STEP][PASSED] - response_searchME_spouse = reqid_spouse: null

2022-11-22 14:48:13 - [TEST_STEP][PASSED] - println("kons req id is :" + response_searchME_kons): null

2022-11-22 14:48:13 - [TEST_STEP][PASSED] - println("spouse req id is : " + response_searchME_spouse): null

2022-11-22 14:48:13 - [TEST_STEP][PASSED] - verifyResponseStatusCode(req_data, 200): Verify response status code successfully

2022-11-22 14:48:13 - [MESSAGE][PASSED] - Verify response status code successfully

2022-11-22 14:48:13 - [TEST_STEP][PASSED] - response = req_data.getResponseText(): null

2022-11-22 14:48:13 - [TEST_STEP][PASSED] - logInfo($response): {"status":"Done","data":{"requestid1":"241662","requestid2":""}}

2022-11-22 14:48:13 - [MESSAGE][INFO] - {"status":"Done","data":{"requestid1":"241662","requestid2":""}}

2022-11-22 14:48:13 - [TEST_STEP][PASSED] - delay(3): Delayed 3 second(s)

2022-11-22 14:48:16 - [MESSAGE][PASSED] - Delayed 3 second(s)

2022-11-22 14:48:16 - [TEST_STEP][PASSED] - scoring = sendRequest(findTestObject("EngineScore", ["response_searchME_kons":response_searchME_kons, "response_searchME_spouse":response_searchME_spouse])): Send request successfully

2022-11-22 14:48:17 - [MESSAGE][INFO] - HAR: D:\DMS\Engine Scoring\Reports\20221122_143755\Exclude KKB - DS\Scoring Individu - CS\20221122_143756\requests\main\243.har

2022-11-22 14:48:17 - [MESSAGE][PASSED] - Send request successfully

2022-11-22 14:48:17 - [TEST_STEP][PASSED] - verifyResponseStatusCode(scoring, 200): Verify response status code successfully

2022-11-22 14:48:17 - [MESSAGE][PASSED] - Verify response status code successfully

2022-11-22 14:48:17 - [TEST_STEP][PASSED] - response2 = scoring.getResponseText(): null

2022-11-22 14:48:17 - [TEST_STEP][PASSED] - markPassed("result service data ke : " + no): result service data ke : 122

2022-11-22 14:48:17 - [MESSAGE][PASSED] - result service data ke : 122

2022-11-22 14:48:17 - [TEST_STEP][PASSED] - logInfo($response2): {"result_konsumen":"Approve","result_pasangan":"","Final_result":"Approve","errorMessage":"","status":"Done"}

2022-11-22 14:48:17 - [MESSAGE][INFO] - {"result_konsumen":"Approve","result_pasangan":"","Final_result":"Approve","errorMessage":"","status":"Done"}

2022-11-22 14:48:17 - [TEST_STEP][PASSED] - verifyElementPropertyValue(scoring, "Final_result", final_result): Verify element property value successfully

2022-11-22 14:48:17 - [MESSAGE][PASSED] - Verify element property value successfully]]></system-out>
         <system-err><![CDATA[]]></system-err>
      </testcase>
      <testcase name="Test Cases/Engine_Scoring/Engine Scoring" time="5.381" classname="Test Cases/Engine_Scoring/Engine Scoring" status="PASSED">
         <system-out><![CDATA[2022-11-22 14:48:17 - [TEST_CASE][PASSED] - Test Cases/Engine_Scoring/Engine Scoring: Test Cases/Engine_Scoring/Engine Scoring

2022-11-22 14:48:18 - [TEST_STEP][PASSED] - markPassed("Variasi data ke : " + no): Variasi data ke : 123

2022-11-22 14:48:18 - [MESSAGE][PASSED] - Variasi data ke : 123

2022-11-22 14:48:18 - [TEST_STEP][PASSED] - req_data = sendRequest(findTestObject("Search_ME", ["MID":MID, "source":source, "ip":ip, "userid":userid, "branch":branch, "tipekons":tipekons, "marital":marital, "penjamin":penjamin, ... ])): Send request successfully

2022-11-22 14:48:19 - [MESSAGE][INFO] - HAR: D:\DMS\Engine Scoring\Reports\20221122_143755\Exclude KKB - DS\Scoring Individu - CS\20221122_143756\requests\main\244.har

2022-11-22 14:48:19 - [MESSAGE][PASSED] - Send request successfully

2022-11-22 14:48:19 - [TEST_STEP][PASSED] - slurper = new groovy.json.JsonSlurper(): null

2022-11-22 14:48:19 - [TEST_STEP][PASSED] - result = slurper.parseText(req_data.getResponseBodyContent()): null

2022-11-22 14:48:19 - [TEST_STEP][PASSED] - reqid_kons = requestid1: null

2022-11-22 14:48:19 - [TEST_STEP][PASSED] - reqid_spouse = requestid2: null

2022-11-22 14:48:19 - [TEST_STEP][PASSED] - println("requestid kons : " + reqid_kons): null

2022-11-22 14:48:19 - [TEST_STEP][PASSED] - response_searchME_kons = reqid_kons: null

2022-11-22 14:48:19 - [TEST_STEP][PASSED] - response_searchME_spouse = reqid_spouse: null

2022-11-22 14:48:19 - [TEST_STEP][PASSED] - println("kons req id is :" + response_searchME_kons): null

2022-11-22 14:48:19 - [TEST_STEP][PASSED] - println("spouse req id is : " + response_searchME_spouse): null

2022-11-22 14:48:19 - [TEST_STEP][PASSED] - verifyResponseStatusCode(req_data, 200): Verify response status code successfully

2022-11-22 14:48:19 - [MESSAGE][PASSED] - Verify response status code successfully

2022-11-22 14:48:19 - [TEST_STEP][PASSED] - response = req_data.getResponseText(): null

2022-11-22 14:48:19 - [TEST_STEP][PASSED] - logInfo($response): {"status":"Done","data":{"requestid1":"241663","requestid2":""}}

2022-11-22 14:48:19 - [MESSAGE][INFO] - {"status":"Done","data":{"requestid1":"241663","requestid2":""}}

2022-11-22 14:48:19 - [TEST_STEP][PASSED] - delay(3): Delayed 3 second(s)

2022-11-22 14:48:22 - [MESSAGE][PASSED] - Delayed 3 second(s)

2022-11-22 14:48:22 - [TEST_STEP][PASSED] - scoring = sendRequest(findTestObject("EngineScore", ["response_searchME_kons":response_searchME_kons, "response_searchME_spouse":response_searchME_spouse])): Send request successfully

2022-11-22 14:48:22 - [MESSAGE][INFO] - HAR: D:\DMS\Engine Scoring\Reports\20221122_143755\Exclude KKB - DS\Scoring Individu - CS\20221122_143756\requests\main\245.har

2022-11-22 14:48:22 - [MESSAGE][PASSED] - Send request successfully

2022-11-22 14:48:22 - [TEST_STEP][PASSED] - verifyResponseStatusCode(scoring, 200): Verify response status code successfully

2022-11-22 14:48:22 - [MESSAGE][PASSED] - Verify response status code successfully

2022-11-22 14:48:22 - [TEST_STEP][PASSED] - response2 = scoring.getResponseText(): null

2022-11-22 14:48:22 - [TEST_STEP][PASSED] - markPassed("result service data ke : " + no): result service data ke : 123

2022-11-22 14:48:22 - [MESSAGE][PASSED] - result service data ke : 123

2022-11-22 14:48:22 - [TEST_STEP][PASSED] - logInfo($response2): {"result_konsumen":"Approve","result_pasangan":"","Final_result":"Approve","errorMessage":"","status":"Done"}

2022-11-22 14:48:22 - [MESSAGE][INFO] - {"result_konsumen":"Approve","result_pasangan":"","Final_result":"Approve","errorMessage":"","status":"Done"}

2022-11-22 14:48:22 - [TEST_STEP][PASSED] - verifyElementPropertyValue(scoring, "Final_result", final_result): Verify element property value successfully

2022-11-22 14:48:22 - [MESSAGE][PASSED] - Verify element property value successfully]]></system-out>
         <system-err><![CDATA[]]></system-err>
      </testcase>
      <testcase name="Test Cases/Engine_Scoring/Engine Scoring" time="5.311" classname="Test Cases/Engine_Scoring/Engine Scoring" status="PASSED">
         <system-out><![CDATA[2022-11-22 14:48:22 - [TEST_CASE][PASSED] - Test Cases/Engine_Scoring/Engine Scoring: Test Cases/Engine_Scoring/Engine Scoring

2022-11-22 14:48:23 - [TEST_STEP][PASSED] - markPassed("Variasi data ke : " + no): Variasi data ke : 124

2022-11-22 14:48:23 - [MESSAGE][PASSED] - Variasi data ke : 124

2022-11-22 14:48:23 - [TEST_STEP][PASSED] - req_data = sendRequest(findTestObject("Search_ME", ["MID":MID, "source":source, "ip":ip, "userid":userid, "branch":branch, "tipekons":tipekons, "marital":marital, "penjamin":penjamin, ... ])): Send request successfully

2022-11-22 14:48:24 - [MESSAGE][INFO] - HAR: D:\DMS\Engine Scoring\Reports\20221122_143755\Exclude KKB - DS\Scoring Individu - CS\20221122_143756\requests\main\246.har

2022-11-22 14:48:24 - [MESSAGE][PASSED] - Send request successfully

2022-11-22 14:48:24 - [TEST_STEP][PASSED] - slurper = new groovy.json.JsonSlurper(): null

2022-11-22 14:48:24 - [TEST_STEP][PASSED] - result = slurper.parseText(req_data.getResponseBodyContent()): null

2022-11-22 14:48:24 - [TEST_STEP][PASSED] - reqid_kons = requestid1: null

2022-11-22 14:48:24 - [TEST_STEP][PASSED] - reqid_spouse = requestid2: null

2022-11-22 14:48:24 - [TEST_STEP][PASSED] - println("requestid kons : " + reqid_kons): null

2022-11-22 14:48:24 - [TEST_STEP][PASSED] - response_searchME_kons = reqid_kons: null

2022-11-22 14:48:24 - [TEST_STEP][PASSED] - response_searchME_spouse = reqid_spouse: null

2022-11-22 14:48:24 - [TEST_STEP][PASSED] - println("kons req id is :" + response_searchME_kons): null

2022-11-22 14:48:24 - [TEST_STEP][PASSED] - println("spouse req id is : " + response_searchME_spouse): null

2022-11-22 14:48:24 - [TEST_STEP][PASSED] - verifyResponseStatusCode(req_data, 200): Verify response status code successfully

2022-11-22 14:48:24 - [MESSAGE][PASSED] - Verify response status code successfully

2022-11-22 14:48:24 - [TEST_STEP][PASSED] - response = req_data.getResponseText(): null

2022-11-22 14:48:24 - [TEST_STEP][PASSED] - logInfo($response): {"status":"Done","data":{"requestid1":"241664","requestid2":""}}

2022-11-22 14:48:24 - [MESSAGE][INFO] - {"status":"Done","data":{"requestid1":"241664","requestid2":""}}

2022-11-22 14:48:24 - [TEST_STEP][PASSED] - delay(3): Delayed 3 second(s)

2022-11-22 14:48:27 - [MESSAGE][PASSED] - Delayed 3 second(s)

2022-11-22 14:48:27 - [TEST_STEP][PASSED] - scoring = sendRequest(findTestObject("EngineScore", ["response_searchME_kons":response_searchME_kons, "response_searchME_spouse":response_searchME_spouse])): Send request successfully

2022-11-22 14:48:27 - [MESSAGE][INFO] - HAR: D:\DMS\Engine Scoring\Reports\20221122_143755\Exclude KKB - DS\Scoring Individu - CS\20221122_143756\requests\main\247.har

2022-11-22 14:48:27 - [MESSAGE][PASSED] - Send request successfully

2022-11-22 14:48:27 - [TEST_STEP][PASSED] - verifyResponseStatusCode(scoring, 200): Verify response status code successfully

2022-11-22 14:48:27 - [MESSAGE][PASSED] - Verify response status code successfully

2022-11-22 14:48:27 - [TEST_STEP][PASSED] - response2 = scoring.getResponseText(): null

2022-11-22 14:48:27 - [TEST_STEP][PASSED] - markPassed("result service data ke : " + no): result service data ke : 124

2022-11-22 14:48:27 - [MESSAGE][PASSED] - result service data ke : 124

2022-11-22 14:48:27 - [TEST_STEP][PASSED] - logInfo($response2): {"result_konsumen":"Approve","result_pasangan":"","Final_result":"Approve","errorMessage":"","status":"Done"}

2022-11-22 14:48:27 - [MESSAGE][INFO] - {"result_konsumen":"Approve","result_pasangan":"","Final_result":"Approve","errorMessage":"","status":"Done"}

2022-11-22 14:48:27 - [TEST_STEP][PASSED] - verifyElementPropertyValue(scoring, "Final_result", final_result): Verify element property value successfully

2022-11-22 14:48:27 - [MESSAGE][PASSED] - Verify element property value successfully]]></system-out>
         <system-err><![CDATA[]]></system-err>
      </testcase>
      <testcase name="Test Cases/Engine_Scoring/Engine Scoring" time="5.069" classname="Test Cases/Engine_Scoring/Engine Scoring" status="PASSED">
         <system-out><![CDATA[2022-11-22 14:48:27 - [TEST_CASE][PASSED] - Test Cases/Engine_Scoring/Engine Scoring: Test Cases/Engine_Scoring/Engine Scoring

2022-11-22 14:48:28 - [TEST_STEP][PASSED] - markPassed("Variasi data ke : " + no): Variasi data ke : 125

2022-11-22 14:48:28 - [MESSAGE][PASSED] - Variasi data ke : 125

2022-11-22 14:48:28 - [TEST_STEP][PASSED] - req_data = sendRequest(findTestObject("Search_ME", ["MID":MID, "source":source, "ip":ip, "userid":userid, "branch":branch, "tipekons":tipekons, "marital":marital, "penjamin":penjamin, ... ])): Send request successfully

2022-11-22 14:48:29 - [MESSAGE][INFO] - HAR: D:\DMS\Engine Scoring\Reports\20221122_143755\Exclude KKB - DS\Scoring Individu - CS\20221122_143756\requests\main\248.har

2022-11-22 14:48:29 - [MESSAGE][PASSED] - Send request successfully

2022-11-22 14:48:29 - [TEST_STEP][PASSED] - slurper = new groovy.json.JsonSlurper(): null

2022-11-22 14:48:29 - [TEST_STEP][PASSED] - result = slurper.parseText(req_data.getResponseBodyContent()): null

2022-11-22 14:48:29 - [TEST_STEP][PASSED] - reqid_kons = requestid1: null

2022-11-22 14:48:29 - [TEST_STEP][PASSED] - reqid_spouse = requestid2: null

2022-11-22 14:48:29 - [TEST_STEP][PASSED] - println("requestid kons : " + reqid_kons): null

2022-11-22 14:48:29 - [TEST_STEP][PASSED] - response_searchME_kons = reqid_kons: null

2022-11-22 14:48:29 - [TEST_STEP][PASSED] - response_searchME_spouse = reqid_spouse: null

2022-11-22 14:48:29 - [TEST_STEP][PASSED] - println("kons req id is :" + response_searchME_kons): null

2022-11-22 14:48:29 - [TEST_STEP][PASSED] - println("spouse req id is : " + response_searchME_spouse): null

2022-11-22 14:48:29 - [TEST_STEP][PASSED] - verifyResponseStatusCode(req_data, 200): Verify response status code successfully

2022-11-22 14:48:29 - [MESSAGE][PASSED] - Verify response status code successfully

2022-11-22 14:48:29 - [TEST_STEP][PASSED] - response = req_data.getResponseText(): null

2022-11-22 14:48:29 - [TEST_STEP][PASSED] - logInfo($response): {"status":"Done","data":{"requestid1":"241665","requestid2":""}}

2022-11-22 14:48:29 - [MESSAGE][INFO] - {"status":"Done","data":{"requestid1":"241665","requestid2":""}}

2022-11-22 14:48:29 - [TEST_STEP][PASSED] - delay(3): Delayed 3 second(s)

2022-11-22 14:48:32 - [MESSAGE][PASSED] - Delayed 3 second(s)

2022-11-22 14:48:32 - [TEST_STEP][PASSED] - scoring = sendRequest(findTestObject("EngineScore", ["response_searchME_kons":response_searchME_kons, "response_searchME_spouse":response_searchME_spouse])): Send request successfully

2022-11-22 14:48:32 - [MESSAGE][INFO] - HAR: D:\DMS\Engine Scoring\Reports\20221122_143755\Exclude KKB - DS\Scoring Individu - CS\20221122_143756\requests\main\249.har

2022-11-22 14:48:32 - [MESSAGE][PASSED] - Send request successfully

2022-11-22 14:48:32 - [TEST_STEP][PASSED] - verifyResponseStatusCode(scoring, 200): Verify response status code successfully

2022-11-22 14:48:32 - [MESSAGE][PASSED] - Verify response status code successfully

2022-11-22 14:48:32 - [TEST_STEP][PASSED] - response2 = scoring.getResponseText(): null

2022-11-22 14:48:32 - [TEST_STEP][PASSED] - markPassed("result service data ke : " + no): result service data ke : 125

2022-11-22 14:48:32 - [MESSAGE][PASSED] - result service data ke : 125

2022-11-22 14:48:32 - [TEST_STEP][PASSED] - logInfo($response2): {"result_konsumen":"Reject","result_pasangan":"","Final_result":"Reject","errorMessage":"","status":"Done"}

2022-11-22 14:48:32 - [MESSAGE][INFO] - {"result_konsumen":"Reject","result_pasangan":"","Final_result":"Reject","errorMessage":"","status":"Done"}

2022-11-22 14:48:32 - [TEST_STEP][PASSED] - verifyElementPropertyValue(scoring, "Final_result", final_result): Verify element property value successfully

2022-11-22 14:48:33 - [MESSAGE][PASSED] - Verify element property value successfully]]></system-out>
         <system-err><![CDATA[]]></system-err>
      </testcase>
      <testcase name="Test Cases/Engine_Scoring/Engine Scoring" time="5.237" classname="Test Cases/Engine_Scoring/Engine Scoring" status="PASSED">
         <system-out><![CDATA[2022-11-22 14:48:33 - [TEST_CASE][PASSED] - Test Cases/Engine_Scoring/Engine Scoring: Test Cases/Engine_Scoring/Engine Scoring

2022-11-22 14:48:34 - [TEST_STEP][PASSED] - markPassed("Variasi data ke : " + no): Variasi data ke : 126

2022-11-22 14:48:34 - [MESSAGE][PASSED] - Variasi data ke : 126

2022-11-22 14:48:34 - [TEST_STEP][PASSED] - req_data = sendRequest(findTestObject("Search_ME", ["MID":MID, "source":source, "ip":ip, "userid":userid, "branch":branch, "tipekons":tipekons, "marital":marital, "penjamin":penjamin, ... ])): Send request successfully

2022-11-22 14:48:35 - [MESSAGE][INFO] - HAR: D:\DMS\Engine Scoring\Reports\20221122_143755\Exclude KKB - DS\Scoring Individu - CS\20221122_143756\requests\main\250.har

2022-11-22 14:48:35 - [MESSAGE][PASSED] - Send request successfully

2022-11-22 14:48:35 - [TEST_STEP][PASSED] - slurper = new groovy.json.JsonSlurper(): null

2022-11-22 14:48:35 - [TEST_STEP][PASSED] - result = slurper.parseText(req_data.getResponseBodyContent()): null

2022-11-22 14:48:35 - [TEST_STEP][PASSED] - reqid_kons = requestid1: null

2022-11-22 14:48:35 - [TEST_STEP][PASSED] - reqid_spouse = requestid2: null

2022-11-22 14:48:35 - [TEST_STEP][PASSED] - println("requestid kons : " + reqid_kons): null

2022-11-22 14:48:35 - [TEST_STEP][PASSED] - response_searchME_kons = reqid_kons: null

2022-11-22 14:48:35 - [TEST_STEP][PASSED] - response_searchME_spouse = reqid_spouse: null

2022-11-22 14:48:35 - [TEST_STEP][PASSED] - println("kons req id is :" + response_searchME_kons): null

2022-11-22 14:48:35 - [TEST_STEP][PASSED] - println("spouse req id is : " + response_searchME_spouse): null

2022-11-22 14:48:35 - [TEST_STEP][PASSED] - verifyResponseStatusCode(req_data, 200): Verify response status code successfully

2022-11-22 14:48:35 - [MESSAGE][PASSED] - Verify response status code successfully

2022-11-22 14:48:35 - [TEST_STEP][PASSED] - response = req_data.getResponseText(): null

2022-11-22 14:48:35 - [TEST_STEP][PASSED] - logInfo($response): {"status":"Done","data":{"requestid1":"241666","requestid2":""}}

2022-11-22 14:48:35 - [MESSAGE][INFO] - {"status":"Done","data":{"requestid1":"241666","requestid2":""}}

2022-11-22 14:48:35 - [TEST_STEP][PASSED] - delay(3): Delayed 3 second(s)

2022-11-22 14:48:38 - [MESSAGE][PASSED] - Delayed 3 second(s)

2022-11-22 14:48:38 - [TEST_STEP][PASSED] - scoring = sendRequest(findTestObject("EngineScore", ["response_searchME_kons":response_searchME_kons, "response_searchME_spouse":response_searchME_spouse])): Send request successfully

2022-11-22 14:48:38 - [MESSAGE][INFO] - HAR: D:\DMS\Engine Scoring\Reports\20221122_143755\Exclude KKB - DS\Scoring Individu - CS\20221122_143756\requests\main\251.har

2022-11-22 14:48:38 - [MESSAGE][PASSED] - Send request successfully

2022-11-22 14:48:38 - [TEST_STEP][PASSED] - verifyResponseStatusCode(scoring, 200): Verify response status code successfully

2022-11-22 14:48:38 - [MESSAGE][PASSED] - Verify response status code successfully

2022-11-22 14:48:38 - [TEST_STEP][PASSED] - response2 = scoring.getResponseText(): null

2022-11-22 14:48:38 - [TEST_STEP][PASSED] - markPassed("result service data ke : " + no): result service data ke : 126

2022-11-22 14:48:38 - [MESSAGE][PASSED] - result service data ke : 126

2022-11-22 14:48:38 - [TEST_STEP][PASSED] - logInfo($response2): {"result_konsumen":"Reject","result_pasangan":"","Final_result":"Reject","errorMessage":"","status":"Done"}

2022-11-22 14:48:38 - [MESSAGE][INFO] - {"result_konsumen":"Reject","result_pasangan":"","Final_result":"Reject","errorMessage":"","status":"Done"}

2022-11-22 14:48:38 - [TEST_STEP][PASSED] - verifyElementPropertyValue(scoring, "Final_result", final_result): Verify element property value successfully

2022-11-22 14:48:38 - [MESSAGE][PASSED] - Verify element property value successfully]]></system-out>
         <system-err><![CDATA[]]></system-err>
      </testcase>
      <testcase name="Test Cases/Engine_Scoring/Engine Scoring" time="5.381" classname="Test Cases/Engine_Scoring/Engine Scoring" status="PASSED">
         <system-out><![CDATA[2022-11-22 14:48:38 - [TEST_CASE][PASSED] - Test Cases/Engine_Scoring/Engine Scoring: Test Cases/Engine_Scoring/Engine Scoring

2022-11-22 14:48:39 - [TEST_STEP][PASSED] - markPassed("Variasi data ke : " + no): Variasi data ke : 127

2022-11-22 14:48:39 - [MESSAGE][PASSED] - Variasi data ke : 127

2022-11-22 14:48:39 - [TEST_STEP][PASSED] - req_data = sendRequest(findTestObject("Search_ME", ["MID":MID, "source":source, "ip":ip, "userid":userid, "branch":branch, "tipekons":tipekons, "marital":marital, "penjamin":penjamin, ... ])): Send request successfully

2022-11-22 14:48:40 - [MESSAGE][INFO] - HAR: D:\DMS\Engine Scoring\Reports\20221122_143755\Exclude KKB - DS\Scoring Individu - CS\20221122_143756\requests\main\252.har

2022-11-22 14:48:40 - [MESSAGE][PASSED] - Send request successfully

2022-11-22 14:48:40 - [TEST_STEP][PASSED] - slurper = new groovy.json.JsonSlurper(): null

2022-11-22 14:48:40 - [TEST_STEP][PASSED] - result = slurper.parseText(req_data.getResponseBodyContent()): null

2022-11-22 14:48:40 - [TEST_STEP][PASSED] - reqid_kons = requestid1: null

2022-11-22 14:48:40 - [TEST_STEP][PASSED] - reqid_spouse = requestid2: null

2022-11-22 14:48:40 - [TEST_STEP][PASSED] - println("requestid kons : " + reqid_kons): null

2022-11-22 14:48:40 - [TEST_STEP][PASSED] - response_searchME_kons = reqid_kons: null

2022-11-22 14:48:40 - [TEST_STEP][PASSED] - response_searchME_spouse = reqid_spouse: null

2022-11-22 14:48:40 - [TEST_STEP][PASSED] - println("kons req id is :" + response_searchME_kons): null

2022-11-22 14:48:40 - [TEST_STEP][PASSED] - println("spouse req id is : " + response_searchME_spouse): null

2022-11-22 14:48:40 - [TEST_STEP][PASSED] - verifyResponseStatusCode(req_data, 200): Verify response status code successfully

2022-11-22 14:48:40 - [MESSAGE][PASSED] - Verify response status code successfully

2022-11-22 14:48:40 - [TEST_STEP][PASSED] - response = req_data.getResponseText(): null

2022-11-22 14:48:40 - [TEST_STEP][PASSED] - logInfo($response): {"status":"Done","data":{"requestid1":"241667","requestid2":""}}

2022-11-22 14:48:40 - [MESSAGE][INFO] - {"status":"Done","data":{"requestid1":"241667","requestid2":""}}

2022-11-22 14:48:40 - [TEST_STEP][PASSED] - delay(3): Delayed 3 second(s)

2022-11-22 14:48:43 - [MESSAGE][PASSED] - Delayed 3 second(s)

2022-11-22 14:48:43 - [TEST_STEP][PASSED] - scoring = sendRequest(findTestObject("EngineScore", ["response_searchME_kons":response_searchME_kons, "response_searchME_spouse":response_searchME_spouse])): Send request successfully

2022-11-22 14:48:43 - [MESSAGE][INFO] - HAR: D:\DMS\Engine Scoring\Reports\20221122_143755\Exclude KKB - DS\Scoring Individu - CS\20221122_143756\requests\main\253.har

2022-11-22 14:48:43 - [MESSAGE][PASSED] - Send request successfully

2022-11-22 14:48:43 - [TEST_STEP][PASSED] - verifyResponseStatusCode(scoring, 200): Verify response status code successfully

2022-11-22 14:48:43 - [MESSAGE][PASSED] - Verify response status code successfully

2022-11-22 14:48:43 - [TEST_STEP][PASSED] - response2 = scoring.getResponseText(): null

2022-11-22 14:48:43 - [TEST_STEP][PASSED] - markPassed("result service data ke : " + no): result service data ke : 127

2022-11-22 14:48:43 - [MESSAGE][PASSED] - result service data ke : 127

2022-11-22 14:48:43 - [TEST_STEP][PASSED] - logInfo($response2): {"result_konsumen":"Reject","result_pasangan":"","Final_result":"Reject","errorMessage":"","status":"Done"}

2022-11-22 14:48:43 - [MESSAGE][INFO] - {"result_konsumen":"Reject","result_pasangan":"","Final_result":"Reject","errorMessage":"","status":"Done"}

2022-11-22 14:48:43 - [TEST_STEP][PASSED] - verifyElementPropertyValue(scoring, "Final_result", final_result): Verify element property value successfully

2022-11-22 14:48:43 - [MESSAGE][PASSED] - Verify element property value successfully]]></system-out>
         <system-err><![CDATA[]]></system-err>
      </testcase>
      <testcase name="Test Cases/Engine_Scoring/Engine Scoring" time="8.991" classname="Test Cases/Engine_Scoring/Engine Scoring" status="PASSED">
         <system-out><![CDATA[2022-11-22 14:48:43 - [TEST_CASE][PASSED] - Test Cases/Engine_Scoring/Engine Scoring: Test Cases/Engine_Scoring/Engine Scoring

2022-11-22 14:48:44 - [TEST_STEP][PASSED] - markPassed("Variasi data ke : " + no): Variasi data ke : 128

2022-11-22 14:48:44 - [MESSAGE][PASSED] - Variasi data ke : 128

2022-11-22 14:48:44 - [TEST_STEP][PASSED] - req_data = sendRequest(findTestObject("Search_ME", ["MID":MID, "source":source, "ip":ip, "userid":userid, "branch":branch, "tipekons":tipekons, "marital":marital, "penjamin":penjamin, ... ])): Send request successfully

2022-11-22 14:48:49 - [MESSAGE][INFO] - HAR: D:\DMS\Engine Scoring\Reports\20221122_143755\Exclude KKB - DS\Scoring Individu - CS\20221122_143756\requests\main\254.har

2022-11-22 14:48:49 - [MESSAGE][PASSED] - Send request successfully

2022-11-22 14:48:49 - [TEST_STEP][PASSED] - slurper = new groovy.json.JsonSlurper(): null

2022-11-22 14:48:49 - [TEST_STEP][PASSED] - result = slurper.parseText(req_data.getResponseBodyContent()): null

2022-11-22 14:48:49 - [TEST_STEP][PASSED] - reqid_kons = requestid1: null

2022-11-22 14:48:49 - [TEST_STEP][PASSED] - reqid_spouse = requestid2: null

2022-11-22 14:48:49 - [TEST_STEP][PASSED] - println("requestid kons : " + reqid_kons): null

2022-11-22 14:48:49 - [TEST_STEP][PASSED] - response_searchME_kons = reqid_kons: null

2022-11-22 14:48:49 - [TEST_STEP][PASSED] - response_searchME_spouse = reqid_spouse: null

2022-11-22 14:48:49 - [TEST_STEP][PASSED] - println("kons req id is :" + response_searchME_kons): null

2022-11-22 14:48:49 - [TEST_STEP][PASSED] - println("spouse req id is : " + response_searchME_spouse): null

2022-11-22 14:48:49 - [TEST_STEP][PASSED] - verifyResponseStatusCode(req_data, 200): Verify response status code successfully

2022-11-22 14:48:49 - [MESSAGE][PASSED] - Verify response status code successfully

2022-11-22 14:48:49 - [TEST_STEP][PASSED] - response = req_data.getResponseText(): null

2022-11-22 14:48:49 - [TEST_STEP][PASSED] - logInfo($response): {"status":"Done","data":{"requestid1":"241668","requestid2":""}}

2022-11-22 14:48:49 - [MESSAGE][INFO] - {"status":"Done","data":{"requestid1":"241668","requestid2":""}}

2022-11-22 14:48:49 - [TEST_STEP][PASSED] - delay(3): Delayed 3 second(s)

2022-11-22 14:48:52 - [MESSAGE][PASSED] - Delayed 3 second(s)

2022-11-22 14:48:52 - [TEST_STEP][PASSED] - scoring = sendRequest(findTestObject("EngineScore", ["response_searchME_kons":response_searchME_kons, "response_searchME_spouse":response_searchME_spouse])): Send request successfully

2022-11-22 14:48:52 - [MESSAGE][INFO] - HAR: D:\DMS\Engine Scoring\Reports\20221122_143755\Exclude KKB - DS\Scoring Individu - CS\20221122_143756\requests\main\255.har

2022-11-22 14:48:52 - [MESSAGE][PASSED] - Send request successfully

2022-11-22 14:48:52 - [TEST_STEP][PASSED] - verifyResponseStatusCode(scoring, 200): Verify response status code successfully

2022-11-22 14:48:52 - [MESSAGE][PASSED] - Verify response status code successfully

2022-11-22 14:48:52 - [TEST_STEP][PASSED] - response2 = scoring.getResponseText(): null

2022-11-22 14:48:52 - [TEST_STEP][PASSED] - markPassed("result service data ke : " + no): result service data ke : 128

2022-11-22 14:48:52 - [MESSAGE][PASSED] - result service data ke : 128

2022-11-22 14:48:52 - [TEST_STEP][PASSED] - logInfo($response2): {"result_konsumen":"Reject","result_pasangan":"","Final_result":"Reject","errorMessage":"","status":"Done"}

2022-11-22 14:48:52 - [MESSAGE][INFO] - {"result_konsumen":"Reject","result_pasangan":"","Final_result":"Reject","errorMessage":"","status":"Done"}

2022-11-22 14:48:52 - [TEST_STEP][PASSED] - verifyElementPropertyValue(scoring, "Final_result", final_result): Verify element property value successfully

2022-11-22 14:48:52 - [MESSAGE][PASSED] - Verify element property value successfully]]></system-out>
         <system-err><![CDATA[]]></system-err>
      </testcase>
      <testcase name="Test Cases/Engine_Scoring/Engine Scoring" time="5.381" classname="Test Cases/Engine_Scoring/Engine Scoring" status="PASSED">
         <system-out><![CDATA[2022-11-22 14:48:52 - [TEST_CASE][PASSED] - Test Cases/Engine_Scoring/Engine Scoring: Test Cases/Engine_Scoring/Engine Scoring

2022-11-22 14:48:54 - [TEST_STEP][PASSED] - markPassed("Variasi data ke : " + no): Variasi data ke : 129

2022-11-22 14:48:54 - [MESSAGE][PASSED] - Variasi data ke : 129

2022-11-22 14:48:54 - [TEST_STEP][PASSED] - req_data = sendRequest(findTestObject("Search_ME", ["MID":MID, "source":source, "ip":ip, "userid":userid, "branch":branch, "tipekons":tipekons, "marital":marital, "penjamin":penjamin, ... ])): Send request successfully

2022-11-22 14:48:55 - [MESSAGE][INFO] - HAR: D:\DMS\Engine Scoring\Reports\20221122_143755\Exclude KKB - DS\Scoring Individu - CS\20221122_143756\requests\main\256.har

2022-11-22 14:48:55 - [MESSAGE][PASSED] - Send request successfully

2022-11-22 14:48:55 - [TEST_STEP][PASSED] - slurper = new groovy.json.JsonSlurper(): null

2022-11-22 14:48:55 - [TEST_STEP][PASSED] - result = slurper.parseText(req_data.getResponseBodyContent()): null

2022-11-22 14:48:55 - [TEST_STEP][PASSED] - reqid_kons = requestid1: null

2022-11-22 14:48:55 - [TEST_STEP][PASSED] - reqid_spouse = requestid2: null

2022-11-22 14:48:55 - [TEST_STEP][PASSED] - println("requestid kons : " + reqid_kons): null

2022-11-22 14:48:55 - [TEST_STEP][PASSED] - response_searchME_kons = reqid_kons: null

2022-11-22 14:48:55 - [TEST_STEP][PASSED] - response_searchME_spouse = reqid_spouse: null

2022-11-22 14:48:55 - [TEST_STEP][PASSED] - println("kons req id is :" + response_searchME_kons): null

2022-11-22 14:48:55 - [TEST_STEP][PASSED] - println("spouse req id is : " + response_searchME_spouse): null

2022-11-22 14:48:55 - [TEST_STEP][PASSED] - verifyResponseStatusCode(req_data, 200): Verify response status code successfully

2022-11-22 14:48:55 - [MESSAGE][PASSED] - Verify response status code successfully

2022-11-22 14:48:55 - [TEST_STEP][PASSED] - response = req_data.getResponseText(): null

2022-11-22 14:48:55 - [TEST_STEP][PASSED] - logInfo($response): {"status":"Done","data":{"requestid1":"241669","requestid2":""}}

2022-11-22 14:48:55 - [MESSAGE][INFO] - {"status":"Done","data":{"requestid1":"241669","requestid2":""}}

2022-11-22 14:48:55 - [TEST_STEP][PASSED] - delay(3): Delayed 3 second(s)

2022-11-22 14:48:58 - [MESSAGE][PASSED] - Delayed 3 second(s)

2022-11-22 14:48:58 - [TEST_STEP][PASSED] - scoring = sendRequest(findTestObject("EngineScore", ["response_searchME_kons":response_searchME_kons, "response_searchME_spouse":response_searchME_spouse])): Send request successfully

2022-11-22 14:48:58 - [MESSAGE][INFO] - HAR: D:\DMS\Engine Scoring\Reports\20221122_143755\Exclude KKB - DS\Scoring Individu - CS\20221122_143756\requests\main\257.har

2022-11-22 14:48:58 - [MESSAGE][PASSED] - Send request successfully

2022-11-22 14:48:58 - [TEST_STEP][PASSED] - verifyResponseStatusCode(scoring, 200): Verify response status code successfully

2022-11-22 14:48:58 - [MESSAGE][PASSED] - Verify response status code successfully

2022-11-22 14:48:58 - [TEST_STEP][PASSED] - response2 = scoring.getResponseText(): null

2022-11-22 14:48:58 - [TEST_STEP][PASSED] - markPassed("result service data ke : " + no): result service data ke : 129

2022-11-22 14:48:58 - [MESSAGE][PASSED] - result service data ke : 129

2022-11-22 14:48:58 - [TEST_STEP][PASSED] - logInfo($response2): {"result_konsumen":"Reject","result_pasangan":"","Final_result":"Reject","errorMessage":"","status":"Done"}

2022-11-22 14:48:58 - [MESSAGE][INFO] - {"result_konsumen":"Reject","result_pasangan":"","Final_result":"Reject","errorMessage":"","status":"Done"}

2022-11-22 14:48:58 - [TEST_STEP][PASSED] - verifyElementPropertyValue(scoring, "Final_result", final_result): Verify element property value successfully

2022-11-22 14:48:58 - [MESSAGE][PASSED] - Verify element property value successfully]]></system-out>
         <system-err><![CDATA[]]></system-err>
      </testcase>
      <testcase name="Test Cases/Engine_Scoring/Engine Scoring" time="5.345" classname="Test Cases/Engine_Scoring/Engine Scoring" status="PASSED">
         <system-out><![CDATA[2022-11-22 14:48:58 - [TEST_CASE][PASSED] - Test Cases/Engine_Scoring/Engine Scoring: Test Cases/Engine_Scoring/Engine Scoring

2022-11-22 14:48:59 - [TEST_STEP][PASSED] - markPassed("Variasi data ke : " + no): Variasi data ke : 130

2022-11-22 14:48:59 - [MESSAGE][PASSED] - Variasi data ke : 130

2022-11-22 14:48:59 - [TEST_STEP][PASSED] - req_data = sendRequest(findTestObject("Search_ME", ["MID":MID, "source":source, "ip":ip, "userid":userid, "branch":branch, "tipekons":tipekons, "marital":marital, "penjamin":penjamin, ... ])): Send request successfully

2022-11-22 14:49:00 - [MESSAGE][INFO] - HAR: D:\DMS\Engine Scoring\Reports\20221122_143755\Exclude KKB - DS\Scoring Individu - CS\20221122_143756\requests\main\258.har

2022-11-22 14:49:00 - [MESSAGE][PASSED] - Send request successfully

2022-11-22 14:49:00 - [TEST_STEP][PASSED] - slurper = new groovy.json.JsonSlurper(): null

2022-11-22 14:49:00 - [TEST_STEP][PASSED] - result = slurper.parseText(req_data.getResponseBodyContent()): null

2022-11-22 14:49:00 - [TEST_STEP][PASSED] - reqid_kons = requestid1: null

2022-11-22 14:49:00 - [TEST_STEP][PASSED] - reqid_spouse = requestid2: null

2022-11-22 14:49:00 - [TEST_STEP][PASSED] - println("requestid kons : " + reqid_kons): null

2022-11-22 14:49:00 - [TEST_STEP][PASSED] - response_searchME_kons = reqid_kons: null

2022-11-22 14:49:00 - [TEST_STEP][PASSED] - response_searchME_spouse = reqid_spouse: null

2022-11-22 14:49:00 - [TEST_STEP][PASSED] - println("kons req id is :" + response_searchME_kons): null

2022-11-22 14:49:00 - [TEST_STEP][PASSED] - println("spouse req id is : " + response_searchME_spouse): null

2022-11-22 14:49:00 - [TEST_STEP][PASSED] - verifyResponseStatusCode(req_data, 200): Verify response status code successfully

2022-11-22 14:49:00 - [MESSAGE][PASSED] - Verify response status code successfully

2022-11-22 14:49:00 - [TEST_STEP][PASSED] - response = req_data.getResponseText(): null

2022-11-22 14:49:00 - [TEST_STEP][PASSED] - logInfo($response): {"status":"Done","data":{"requestid1":"241670","requestid2":""}}

2022-11-22 14:49:00 - [MESSAGE][INFO] - {"status":"Done","data":{"requestid1":"241670","requestid2":""}}

2022-11-22 14:49:00 - [TEST_STEP][PASSED] - delay(3): Delayed 3 second(s)

2022-11-22 14:49:03 - [MESSAGE][PASSED] - Delayed 3 second(s)

2022-11-22 14:49:03 - [TEST_STEP][PASSED] - scoring = sendRequest(findTestObject("EngineScore", ["response_searchME_kons":response_searchME_kons, "response_searchME_spouse":response_searchME_spouse])): Send request successfully

2022-11-22 14:49:03 - [MESSAGE][INFO] - HAR: D:\DMS\Engine Scoring\Reports\20221122_143755\Exclude KKB - DS\Scoring Individu - CS\20221122_143756\requests\main\259.har

2022-11-22 14:49:03 - [MESSAGE][PASSED] - Send request successfully

2022-11-22 14:49:03 - [TEST_STEP][PASSED] - verifyResponseStatusCode(scoring, 200): Verify response status code successfully

2022-11-22 14:49:03 - [MESSAGE][PASSED] - Verify response status code successfully

2022-11-22 14:49:03 - [TEST_STEP][PASSED] - response2 = scoring.getResponseText(): null

2022-11-22 14:49:03 - [TEST_STEP][PASSED] - markPassed("result service data ke : " + no): result service data ke : 130

2022-11-22 14:49:03 - [MESSAGE][PASSED] - result service data ke : 130

2022-11-22 14:49:03 - [TEST_STEP][PASSED] - logInfo($response2): {"result_konsumen":"Reguler","result_pasangan":"","Final_result":"Reguler","errorMessage":"","status":"Done"}

2022-11-22 14:49:03 - [MESSAGE][INFO] - {"result_konsumen":"Reguler","result_pasangan":"","Final_result":"Reguler","errorMessage":"","status":"Done"}

2022-11-22 14:49:03 - [TEST_STEP][PASSED] - verifyElementPropertyValue(scoring, "Final_result", final_result): Verify element property value successfully

2022-11-22 14:49:03 - [MESSAGE][PASSED] - Verify element property value successfully]]></system-out>
         <system-err><![CDATA[]]></system-err>
      </testcase>
      <testcase name="Test Cases/Engine_Scoring/Engine Scoring" time="5.277" classname="Test Cases/Engine_Scoring/Engine Scoring" status="PASSED">
         <system-out><![CDATA[2022-11-22 14:49:03 - [TEST_CASE][PASSED] - Test Cases/Engine_Scoring/Engine Scoring: Test Cases/Engine_Scoring/Engine Scoring

2022-11-22 14:49:04 - [TEST_STEP][PASSED] - markPassed("Variasi data ke : " + no): Variasi data ke : 131

2022-11-22 14:49:04 - [MESSAGE][PASSED] - Variasi data ke : 131

2022-11-22 14:49:04 - [TEST_STEP][PASSED] - req_data = sendRequest(findTestObject("Search_ME", ["MID":MID, "source":source, "ip":ip, "userid":userid, "branch":branch, "tipekons":tipekons, "marital":marital, "penjamin":penjamin, ... ])): Send request successfully

2022-11-22 14:49:05 - [MESSAGE][INFO] - HAR: D:\DMS\Engine Scoring\Reports\20221122_143755\Exclude KKB - DS\Scoring Individu - CS\20221122_143756\requests\main\260.har

2022-11-22 14:49:05 - [MESSAGE][PASSED] - Send request successfully

2022-11-22 14:49:05 - [TEST_STEP][PASSED] - slurper = new groovy.json.JsonSlurper(): null

2022-11-22 14:49:05 - [TEST_STEP][PASSED] - result = slurper.parseText(req_data.getResponseBodyContent()): null

2022-11-22 14:49:05 - [TEST_STEP][PASSED] - reqid_kons = requestid1: null

2022-11-22 14:49:05 - [TEST_STEP][PASSED] - reqid_spouse = requestid2: null

2022-11-22 14:49:05 - [TEST_STEP][PASSED] - println("requestid kons : " + reqid_kons): null

2022-11-22 14:49:05 - [TEST_STEP][PASSED] - response_searchME_kons = reqid_kons: null

2022-11-22 14:49:05 - [TEST_STEP][PASSED] - response_searchME_spouse = reqid_spouse: null

2022-11-22 14:49:05 - [TEST_STEP][PASSED] - println("kons req id is :" + response_searchME_kons): null

2022-11-22 14:49:05 - [TEST_STEP][PASSED] - println("spouse req id is : " + response_searchME_spouse): null

2022-11-22 14:49:05 - [TEST_STEP][PASSED] - verifyResponseStatusCode(req_data, 200): Verify response status code successfully

2022-11-22 14:49:05 - [MESSAGE][PASSED] - Verify response status code successfully

2022-11-22 14:49:05 - [TEST_STEP][PASSED] - response = req_data.getResponseText(): null

2022-11-22 14:49:05 - [TEST_STEP][PASSED] - logInfo($response): {"status":"Done","data":{"requestid1":"241671","requestid2":""}}

2022-11-22 14:49:05 - [MESSAGE][INFO] - {"status":"Done","data":{"requestid1":"241671","requestid2":""}}

2022-11-22 14:49:05 - [TEST_STEP][PASSED] - delay(3): Delayed 3 second(s)

2022-11-22 14:49:08 - [MESSAGE][PASSED] - Delayed 3 second(s)

2022-11-22 14:49:08 - [TEST_STEP][PASSED] - scoring = sendRequest(findTestObject("EngineScore", ["response_searchME_kons":response_searchME_kons, "response_searchME_spouse":response_searchME_spouse])): Send request successfully

2022-11-22 14:49:08 - [MESSAGE][INFO] - HAR: D:\DMS\Engine Scoring\Reports\20221122_143755\Exclude KKB - DS\Scoring Individu - CS\20221122_143756\requests\main\261.har

2022-11-22 14:49:08 - [MESSAGE][PASSED] - Send request successfully

2022-11-22 14:49:08 - [TEST_STEP][PASSED] - verifyResponseStatusCode(scoring, 200): Verify response status code successfully

2022-11-22 14:49:08 - [MESSAGE][PASSED] - Verify response status code successfully

2022-11-22 14:49:08 - [TEST_STEP][PASSED] - response2 = scoring.getResponseText(): null

2022-11-22 14:49:08 - [TEST_STEP][PASSED] - markPassed("result service data ke : " + no): result service data ke : 131

2022-11-22 14:49:08 - [MESSAGE][PASSED] - result service data ke : 131

2022-11-22 14:49:08 - [TEST_STEP][PASSED] - logInfo($response2): {"result_konsumen":"Reguler","result_pasangan":"","Final_result":"Reguler","errorMessage":"","status":"Done"}

2022-11-22 14:49:08 - [MESSAGE][INFO] - {"result_konsumen":"Reguler","result_pasangan":"","Final_result":"Reguler","errorMessage":"","status":"Done"}

2022-11-22 14:49:08 - [TEST_STEP][PASSED] - verifyElementPropertyValue(scoring, "Final_result", final_result): Verify element property value successfully

2022-11-22 14:49:08 - [MESSAGE][PASSED] - Verify element property value successfully]]></system-out>
         <system-err><![CDATA[]]></system-err>
      </testcase>
      <testcase name="Test Cases/Engine_Scoring/Engine Scoring" time="5.104" classname="Test Cases/Engine_Scoring/Engine Scoring" status="PASSED">
         <system-out><![CDATA[2022-11-22 14:49:09 - [TEST_CASE][PASSED] - Test Cases/Engine_Scoring/Engine Scoring: Test Cases/Engine_Scoring/Engine Scoring

2022-11-22 14:49:10 - [TEST_STEP][PASSED] - markPassed("Variasi data ke : " + no): Variasi data ke : 132

2022-11-22 14:49:10 - [MESSAGE][PASSED] - Variasi data ke : 132

2022-11-22 14:49:10 - [TEST_STEP][PASSED] - req_data = sendRequest(findTestObject("Search_ME", ["MID":MID, "source":source, "ip":ip, "userid":userid, "branch":branch, "tipekons":tipekons, "marital":marital, "penjamin":penjamin, ... ])): Send request successfully

2022-11-22 14:49:11 - [MESSAGE][INFO] - HAR: D:\DMS\Engine Scoring\Reports\20221122_143755\Exclude KKB - DS\Scoring Individu - CS\20221122_143756\requests\main\262.har

2022-11-22 14:49:11 - [MESSAGE][PASSED] - Send request successfully

2022-11-22 14:49:11 - [TEST_STEP][PASSED] - slurper = new groovy.json.JsonSlurper(): null

2022-11-22 14:49:11 - [TEST_STEP][PASSED] - result = slurper.parseText(req_data.getResponseBodyContent()): null

2022-11-22 14:49:11 - [TEST_STEP][PASSED] - reqid_kons = requestid1: null

2022-11-22 14:49:11 - [TEST_STEP][PASSED] - reqid_spouse = requestid2: null

2022-11-22 14:49:11 - [TEST_STEP][PASSED] - println("requestid kons : " + reqid_kons): null

2022-11-22 14:49:11 - [TEST_STEP][PASSED] - response_searchME_kons = reqid_kons: null

2022-11-22 14:49:11 - [TEST_STEP][PASSED] - response_searchME_spouse = reqid_spouse: null

2022-11-22 14:49:11 - [TEST_STEP][PASSED] - println("kons req id is :" + response_searchME_kons): null

2022-11-22 14:49:11 - [TEST_STEP][PASSED] - println("spouse req id is : " + response_searchME_spouse): null

2022-11-22 14:49:11 - [TEST_STEP][PASSED] - verifyResponseStatusCode(req_data, 200): Verify response status code successfully

2022-11-22 14:49:11 - [MESSAGE][PASSED] - Verify response status code successfully

2022-11-22 14:49:11 - [TEST_STEP][PASSED] - response = req_data.getResponseText(): null

2022-11-22 14:49:11 - [TEST_STEP][PASSED] - logInfo($response): {"status":"Done","data":{"requestid1":"241672","requestid2":""}}

2022-11-22 14:49:11 - [MESSAGE][INFO] - {"status":"Done","data":{"requestid1":"241672","requestid2":""}}

2022-11-22 14:49:11 - [TEST_STEP][PASSED] - delay(3): Delayed 3 second(s)

2022-11-22 14:49:14 - [MESSAGE][PASSED] - Delayed 3 second(s)

2022-11-22 14:49:14 - [TEST_STEP][PASSED] - scoring = sendRequest(findTestObject("EngineScore", ["response_searchME_kons":response_searchME_kons, "response_searchME_spouse":response_searchME_spouse])): Send request successfully

2022-11-22 14:49:14 - [MESSAGE][INFO] - HAR: D:\DMS\Engine Scoring\Reports\20221122_143755\Exclude KKB - DS\Scoring Individu - CS\20221122_143756\requests\main\263.har

2022-11-22 14:49:14 - [MESSAGE][PASSED] - Send request successfully

2022-11-22 14:49:14 - [TEST_STEP][PASSED] - verifyResponseStatusCode(scoring, 200): Verify response status code successfully

2022-11-22 14:49:14 - [MESSAGE][PASSED] - Verify response status code successfully

2022-11-22 14:49:14 - [TEST_STEP][PASSED] - response2 = scoring.getResponseText(): null

2022-11-22 14:49:14 - [TEST_STEP][PASSED] - markPassed("result service data ke : " + no): result service data ke : 132

2022-11-22 14:49:14 - [MESSAGE][PASSED] - result service data ke : 132

2022-11-22 14:49:14 - [TEST_STEP][PASSED] - logInfo($response2): {"result_konsumen":"Reguler","result_pasangan":"","Final_result":"Reguler","errorMessage":"","status":"Done"}

2022-11-22 14:49:14 - [MESSAGE][INFO] - {"result_konsumen":"Reguler","result_pasangan":"","Final_result":"Reguler","errorMessage":"","status":"Done"}

2022-11-22 14:49:14 - [TEST_STEP][PASSED] - verifyElementPropertyValue(scoring, "Final_result", final_result): Verify element property value successfully

2022-11-22 14:49:14 - [MESSAGE][PASSED] - Verify element property value successfully]]></system-out>
         <system-err><![CDATA[]]></system-err>
      </testcase>
      <testcase name="Test Cases/Engine_Scoring/Engine Scoring" time="5.399" classname="Test Cases/Engine_Scoring/Engine Scoring" status="PASSED">
         <system-out><![CDATA[2022-11-22 14:49:14 - [TEST_CASE][PASSED] - Test Cases/Engine_Scoring/Engine Scoring: Test Cases/Engine_Scoring/Engine Scoring

2022-11-22 14:49:15 - [TEST_STEP][PASSED] - markPassed("Variasi data ke : " + no): Variasi data ke : 133

2022-11-22 14:49:15 - [MESSAGE][PASSED] - Variasi data ke : 133

2022-11-22 14:49:15 - [TEST_STEP][PASSED] - req_data = sendRequest(findTestObject("Search_ME", ["MID":MID, "source":source, "ip":ip, "userid":userid, "branch":branch, "tipekons":tipekons, "marital":marital, "penjamin":penjamin, ... ])): Send request successfully

2022-11-22 14:49:16 - [MESSAGE][INFO] - HAR: D:\DMS\Engine Scoring\Reports\20221122_143755\Exclude KKB - DS\Scoring Individu - CS\20221122_143756\requests\main\264.har

2022-11-22 14:49:16 - [MESSAGE][PASSED] - Send request successfully

2022-11-22 14:49:16 - [TEST_STEP][PASSED] - slurper = new groovy.json.JsonSlurper(): null

2022-11-22 14:49:16 - [TEST_STEP][PASSED] - result = slurper.parseText(req_data.getResponseBodyContent()): null

2022-11-22 14:49:16 - [TEST_STEP][PASSED] - reqid_kons = requestid1: null

2022-11-22 14:49:16 - [TEST_STEP][PASSED] - reqid_spouse = requestid2: null

2022-11-22 14:49:16 - [TEST_STEP][PASSED] - println("requestid kons : " + reqid_kons): null

2022-11-22 14:49:16 - [TEST_STEP][PASSED] - response_searchME_kons = reqid_kons: null

2022-11-22 14:49:16 - [TEST_STEP][PASSED] - response_searchME_spouse = reqid_spouse: null

2022-11-22 14:49:16 - [TEST_STEP][PASSED] - println("kons req id is :" + response_searchME_kons): null

2022-11-22 14:49:16 - [TEST_STEP][PASSED] - println("spouse req id is : " + response_searchME_spouse): null

2022-11-22 14:49:16 - [TEST_STEP][PASSED] - verifyResponseStatusCode(req_data, 200): Verify response status code successfully

2022-11-22 14:49:16 - [MESSAGE][PASSED] - Verify response status code successfully

2022-11-22 14:49:16 - [TEST_STEP][PASSED] - response = req_data.getResponseText(): null

2022-11-22 14:49:16 - [TEST_STEP][PASSED] - logInfo($response): {"status":"Done","data":{"requestid1":"241673","requestid2":""}}

2022-11-22 14:49:16 - [MESSAGE][INFO] - {"status":"Done","data":{"requestid1":"241673","requestid2":""}}

2022-11-22 14:49:16 - [TEST_STEP][PASSED] - delay(3): Delayed 3 second(s)

2022-11-22 14:49:19 - [MESSAGE][PASSED] - Delayed 3 second(s)

2022-11-22 14:49:19 - [TEST_STEP][PASSED] - scoring = sendRequest(findTestObject("EngineScore", ["response_searchME_kons":response_searchME_kons, "response_searchME_spouse":response_searchME_spouse])): Send request successfully

2022-11-22 14:49:19 - [MESSAGE][INFO] - HAR: D:\DMS\Engine Scoring\Reports\20221122_143755\Exclude KKB - DS\Scoring Individu - CS\20221122_143756\requests\main\265.har

2022-11-22 14:49:19 - [MESSAGE][PASSED] - Send request successfully

2022-11-22 14:49:19 - [TEST_STEP][PASSED] - verifyResponseStatusCode(scoring, 200): Verify response status code successfully

2022-11-22 14:49:19 - [MESSAGE][PASSED] - Verify response status code successfully

2022-11-22 14:49:19 - [TEST_STEP][PASSED] - response2 = scoring.getResponseText(): null

2022-11-22 14:49:19 - [TEST_STEP][PASSED] - markPassed("result service data ke : " + no): result service data ke : 133

2022-11-22 14:49:19 - [MESSAGE][PASSED] - result service data ke : 133

2022-11-22 14:49:19 - [TEST_STEP][PASSED] - logInfo($response2): {"result_konsumen":"Approve","result_pasangan":"","Final_result":"Approve","errorMessage":"","status":"Done"}

2022-11-22 14:49:19 - [MESSAGE][INFO] - {"result_konsumen":"Approve","result_pasangan":"","Final_result":"Approve","errorMessage":"","status":"Done"}

2022-11-22 14:49:19 - [TEST_STEP][PASSED] - verifyElementPropertyValue(scoring, "Final_result", final_result): Verify element property value successfully

2022-11-22 14:49:19 - [MESSAGE][PASSED] - Verify element property value successfully]]></system-out>
         <system-err><![CDATA[]]></system-err>
      </testcase>
      <testcase name="Test Cases/Engine_Scoring/Engine Scoring" time="5.273" classname="Test Cases/Engine_Scoring/Engine Scoring" status="PASSED">
         <system-out><![CDATA[2022-11-22 14:49:19 - [TEST_CASE][PASSED] - Test Cases/Engine_Scoring/Engine Scoring: Test Cases/Engine_Scoring/Engine Scoring

2022-11-22 14:49:20 - [TEST_STEP][PASSED] - markPassed("Variasi data ke : " + no): Variasi data ke : 134

2022-11-22 14:49:20 - [MESSAGE][PASSED] - Variasi data ke : 134

2022-11-22 14:49:20 - [TEST_STEP][PASSED] - req_data = sendRequest(findTestObject("Search_ME", ["MID":MID, "source":source, "ip":ip, "userid":userid, "branch":branch, "tipekons":tipekons, "marital":marital, "penjamin":penjamin, ... ])): Send request successfully

2022-11-22 14:49:21 - [MESSAGE][INFO] - HAR: D:\DMS\Engine Scoring\Reports\20221122_143755\Exclude KKB - DS\Scoring Individu - CS\20221122_143756\requests\main\266.har

2022-11-22 14:49:21 - [MESSAGE][PASSED] - Send request successfully

2022-11-22 14:49:21 - [TEST_STEP][PASSED] - slurper = new groovy.json.JsonSlurper(): null

2022-11-22 14:49:21 - [TEST_STEP][PASSED] - result = slurper.parseText(req_data.getResponseBodyContent()): null

2022-11-22 14:49:21 - [TEST_STEP][PASSED] - reqid_kons = requestid1: null

2022-11-22 14:49:21 - [TEST_STEP][PASSED] - reqid_spouse = requestid2: null

2022-11-22 14:49:21 - [TEST_STEP][PASSED] - println("requestid kons : " + reqid_kons): null

2022-11-22 14:49:21 - [TEST_STEP][PASSED] - response_searchME_kons = reqid_kons: null

2022-11-22 14:49:21 - [TEST_STEP][PASSED] - response_searchME_spouse = reqid_spouse: null

2022-11-22 14:49:21 - [TEST_STEP][PASSED] - println("kons req id is :" + response_searchME_kons): null

2022-11-22 14:49:21 - [TEST_STEP][PASSED] - println("spouse req id is : " + response_searchME_spouse): null

2022-11-22 14:49:21 - [TEST_STEP][PASSED] - verifyResponseStatusCode(req_data, 200): Verify response status code successfully

2022-11-22 14:49:21 - [MESSAGE][PASSED] - Verify response status code successfully

2022-11-22 14:49:21 - [TEST_STEP][PASSED] - response = req_data.getResponseText(): null

2022-11-22 14:49:21 - [TEST_STEP][PASSED] - logInfo($response): {"status":"Done","data":{"requestid1":"241674","requestid2":""}}

2022-11-22 14:49:21 - [MESSAGE][INFO] - {"status":"Done","data":{"requestid1":"241674","requestid2":""}}

2022-11-22 14:49:21 - [TEST_STEP][PASSED] - delay(3): Delayed 3 second(s)

2022-11-22 14:49:24 - [MESSAGE][PASSED] - Delayed 3 second(s)

2022-11-22 14:49:24 - [TEST_STEP][PASSED] - scoring = sendRequest(findTestObject("EngineScore", ["response_searchME_kons":response_searchME_kons, "response_searchME_spouse":response_searchME_spouse])): Send request successfully

2022-11-22 14:49:24 - [MESSAGE][INFO] - HAR: D:\DMS\Engine Scoring\Reports\20221122_143755\Exclude KKB - DS\Scoring Individu - CS\20221122_143756\requests\main\267.har

2022-11-22 14:49:24 - [MESSAGE][PASSED] - Send request successfully

2022-11-22 14:49:24 - [TEST_STEP][PASSED] - verifyResponseStatusCode(scoring, 200): Verify response status code successfully

2022-11-22 14:49:24 - [MESSAGE][PASSED] - Verify response status code successfully

2022-11-22 14:49:24 - [TEST_STEP][PASSED] - response2 = scoring.getResponseText(): null

2022-11-22 14:49:24 - [TEST_STEP][PASSED] - markPassed("result service data ke : " + no): result service data ke : 134

2022-11-22 14:49:24 - [MESSAGE][PASSED] - result service data ke : 134

2022-11-22 14:49:24 - [TEST_STEP][PASSED] - logInfo($response2): {"result_konsumen":"Reject","result_pasangan":"","Final_result":"Reject","errorMessage":"","status":"Done"}

2022-11-22 14:49:24 - [MESSAGE][INFO] - {"result_konsumen":"Reject","result_pasangan":"","Final_result":"Reject","errorMessage":"","status":"Done"}

2022-11-22 14:49:24 - [TEST_STEP][PASSED] - verifyElementPropertyValue(scoring, "Final_result", final_result): Verify element property value successfully

2022-11-22 14:49:24 - [MESSAGE][PASSED] - Verify element property value successfully]]></system-out>
         <system-err><![CDATA[]]></system-err>
      </testcase>
      <testcase name="Test Cases/Engine_Scoring/Engine Scoring" time="6.963" classname="Test Cases/Engine_Scoring/Engine Scoring" status="PASSED">
         <system-out><![CDATA[2022-11-22 14:49:24 - [TEST_CASE][PASSED] - Test Cases/Engine_Scoring/Engine Scoring: Test Cases/Engine_Scoring/Engine Scoring

2022-11-22 14:49:27 - [TEST_STEP][PASSED] - markPassed("Variasi data ke : " + no): Variasi data ke : 135

2022-11-22 14:49:27 - [MESSAGE][PASSED] - Variasi data ke : 135

2022-11-22 14:49:27 - [TEST_STEP][PASSED] - req_data = sendRequest(findTestObject("Search_ME", ["MID":MID, "source":source, "ip":ip, "userid":userid, "branch":branch, "tipekons":tipekons, "marital":marital, "penjamin":penjamin, ... ])): Send request successfully

2022-11-22 14:49:28 - [MESSAGE][INFO] - HAR: D:\DMS\Engine Scoring\Reports\20221122_143755\Exclude KKB - DS\Scoring Individu - CS\20221122_143756\requests\main\268.har

2022-11-22 14:49:28 - [MESSAGE][PASSED] - Send request successfully

2022-11-22 14:49:28 - [TEST_STEP][PASSED] - slurper = new groovy.json.JsonSlurper(): null

2022-11-22 14:49:28 - [TEST_STEP][PASSED] - result = slurper.parseText(req_data.getResponseBodyContent()): null

2022-11-22 14:49:28 - [TEST_STEP][PASSED] - reqid_kons = requestid1: null

2022-11-22 14:49:28 - [TEST_STEP][PASSED] - reqid_spouse = requestid2: null

2022-11-22 14:49:28 - [TEST_STEP][PASSED] - println("requestid kons : " + reqid_kons): null

2022-11-22 14:49:28 - [TEST_STEP][PASSED] - response_searchME_kons = reqid_kons: null

2022-11-22 14:49:28 - [TEST_STEP][PASSED] - response_searchME_spouse = reqid_spouse: null

2022-11-22 14:49:28 - [TEST_STEP][PASSED] - println("kons req id is :" + response_searchME_kons): null

2022-11-22 14:49:28 - [TEST_STEP][PASSED] - println("spouse req id is : " + response_searchME_spouse): null

2022-11-22 14:49:28 - [TEST_STEP][PASSED] - verifyResponseStatusCode(req_data, 200): Verify response status code successfully

2022-11-22 14:49:28 - [MESSAGE][PASSED] - Verify response status code successfully

2022-11-22 14:49:28 - [TEST_STEP][PASSED] - response = req_data.getResponseText(): null

2022-11-22 14:49:28 - [TEST_STEP][PASSED] - logInfo($response): {"status":"Done","data":{"requestid1":"241675","requestid2":""}}

2022-11-22 14:49:28 - [MESSAGE][INFO] - {"status":"Done","data":{"requestid1":"241675","requestid2":""}}

2022-11-22 14:49:28 - [TEST_STEP][PASSED] - delay(3): Delayed 3 second(s)

2022-11-22 14:49:31 - [MESSAGE][PASSED] - Delayed 3 second(s)

2022-11-22 14:49:31 - [TEST_STEP][PASSED] - scoring = sendRequest(findTestObject("EngineScore", ["response_searchME_kons":response_searchME_kons, "response_searchME_spouse":response_searchME_spouse])): Send request successfully

2022-11-22 14:49:31 - [MESSAGE][INFO] - HAR: D:\DMS\Engine Scoring\Reports\20221122_143755\Exclude KKB - DS\Scoring Individu - CS\20221122_143756\requests\main\269.har

2022-11-22 14:49:31 - [MESSAGE][PASSED] - Send request successfully

2022-11-22 14:49:31 - [TEST_STEP][PASSED] - verifyResponseStatusCode(scoring, 200): Verify response status code successfully

2022-11-22 14:49:31 - [MESSAGE][PASSED] - Verify response status code successfully

2022-11-22 14:49:31 - [TEST_STEP][PASSED] - response2 = scoring.getResponseText(): null

2022-11-22 14:49:31 - [TEST_STEP][PASSED] - markPassed("result service data ke : " + no): result service data ke : 135

2022-11-22 14:49:31 - [MESSAGE][PASSED] - result service data ke : 135

2022-11-22 14:49:31 - [TEST_STEP][PASSED] - logInfo($response2): {"result_konsumen":"Approve","result_pasangan":"","Final_result":"Approve","errorMessage":"","status":"Done"}

2022-11-22 14:49:31 - [MESSAGE][INFO] - {"result_konsumen":"Approve","result_pasangan":"","Final_result":"Approve","errorMessage":"","status":"Done"}

2022-11-22 14:49:31 - [TEST_STEP][PASSED] - verifyElementPropertyValue(scoring, "Final_result", final_result): Verify element property value successfully

2022-11-22 14:49:31 - [MESSAGE][PASSED] - Verify element property value successfully]]></system-out>
         <system-err><![CDATA[]]></system-err>
      </testcase>
      <testcase name="Test Cases/Engine_Scoring/Engine Scoring" time="8.769" classname="Test Cases/Engine_Scoring/Engine Scoring" status="PASSED">
         <system-out><![CDATA[2022-11-22 14:49:32 - [TEST_CASE][PASSED] - Test Cases/Engine_Scoring/Engine Scoring: Test Cases/Engine_Scoring/Engine Scoring

2022-11-22 14:49:34 - [TEST_STEP][PASSED] - markPassed("Variasi data ke : " + no): Variasi data ke : 136

2022-11-22 14:49:34 - [MESSAGE][PASSED] - Variasi data ke : 136

2022-11-22 14:49:34 - [TEST_STEP][PASSED] - req_data = sendRequest(findTestObject("Search_ME", ["MID":MID, "source":source, "ip":ip, "userid":userid, "branch":branch, "tipekons":tipekons, "marital":marital, "penjamin":penjamin, ... ])): Send request successfully

2022-11-22 14:49:37 - [MESSAGE][INFO] - HAR: D:\DMS\Engine Scoring\Reports\20221122_143755\Exclude KKB - DS\Scoring Individu - CS\20221122_143756\requests\main\270.har

2022-11-22 14:49:37 - [MESSAGE][PASSED] - Send request successfully

2022-11-22 14:49:37 - [TEST_STEP][PASSED] - slurper = new groovy.json.JsonSlurper(): null

2022-11-22 14:49:37 - [TEST_STEP][PASSED] - result = slurper.parseText(req_data.getResponseBodyContent()): null

2022-11-22 14:49:37 - [TEST_STEP][PASSED] - reqid_kons = requestid1: null

2022-11-22 14:49:37 - [TEST_STEP][PASSED] - reqid_spouse = requestid2: null

2022-11-22 14:49:37 - [TEST_STEP][PASSED] - println("requestid kons : " + reqid_kons): null

2022-11-22 14:49:37 - [TEST_STEP][PASSED] - response_searchME_kons = reqid_kons: null

2022-11-22 14:49:37 - [TEST_STEP][PASSED] - response_searchME_spouse = reqid_spouse: null

2022-11-22 14:49:37 - [TEST_STEP][PASSED] - println("kons req id is :" + response_searchME_kons): null

2022-11-22 14:49:37 - [TEST_STEP][PASSED] - println("spouse req id is : " + response_searchME_spouse): null

2022-11-22 14:49:37 - [TEST_STEP][PASSED] - verifyResponseStatusCode(req_data, 200): Verify response status code successfully

2022-11-22 14:49:37 - [MESSAGE][PASSED] - Verify response status code successfully

2022-11-22 14:49:37 - [TEST_STEP][PASSED] - response = req_data.getResponseText(): null

2022-11-22 14:49:37 - [TEST_STEP][PASSED] - logInfo($response): {"status":"Done","data":{"requestid1":"241676","requestid2":""}}

2022-11-22 14:49:37 - [MESSAGE][INFO] - {"status":"Done","data":{"requestid1":"241676","requestid2":""}}

2022-11-22 14:49:37 - [TEST_STEP][PASSED] - delay(3): Delayed 3 second(s)

2022-11-22 14:49:40 - [MESSAGE][PASSED] - Delayed 3 second(s)

2022-11-22 14:49:40 - [TEST_STEP][PASSED] - scoring = sendRequest(findTestObject("EngineScore", ["response_searchME_kons":response_searchME_kons, "response_searchME_spouse":response_searchME_spouse])): Send request successfully

2022-11-22 14:49:40 - [MESSAGE][INFO] - HAR: D:\DMS\Engine Scoring\Reports\20221122_143755\Exclude KKB - DS\Scoring Individu - CS\20221122_143756\requests\main\271.har

2022-11-22 14:49:40 - [MESSAGE][PASSED] - Send request successfully

2022-11-22 14:49:40 - [TEST_STEP][PASSED] - verifyResponseStatusCode(scoring, 200): Verify response status code successfully

2022-11-22 14:49:40 - [MESSAGE][PASSED] - Verify response status code successfully

2022-11-22 14:49:40 - [TEST_STEP][PASSED] - response2 = scoring.getResponseText(): null

2022-11-22 14:49:40 - [TEST_STEP][PASSED] - markPassed("result service data ke : " + no): result service data ke : 136

2022-11-22 14:49:40 - [MESSAGE][PASSED] - result service data ke : 136

2022-11-22 14:49:40 - [TEST_STEP][PASSED] - logInfo($response2): {"result_konsumen":"Approve","result_pasangan":"","Final_result":"Approve","errorMessage":"","status":"Done"}

2022-11-22 14:49:40 - [MESSAGE][INFO] - {"result_konsumen":"Approve","result_pasangan":"","Final_result":"Approve","errorMessage":"","status":"Done"}

2022-11-22 14:49:40 - [TEST_STEP][PASSED] - verifyElementPropertyValue(scoring, "Final_result", final_result): Verify element property value successfully

2022-11-22 14:49:40 - [MESSAGE][PASSED] - Verify element property value successfully]]></system-out>
         <system-err><![CDATA[]]></system-err>
      </testcase>
      <testcase name="Test Cases/Engine_Scoring/Engine Scoring" time="6.296" classname="Test Cases/Engine_Scoring/Engine Scoring" status="PASSED">
         <system-out><![CDATA[2022-11-22 14:49:40 - [TEST_CASE][PASSED] - Test Cases/Engine_Scoring/Engine Scoring: Test Cases/Engine_Scoring/Engine Scoring

2022-11-22 14:49:43 - [TEST_STEP][PASSED] - markPassed("Variasi data ke : " + no): Variasi data ke : 137

2022-11-22 14:49:43 - [MESSAGE][PASSED] - Variasi data ke : 137

2022-11-22 14:49:43 - [TEST_STEP][PASSED] - req_data = sendRequest(findTestObject("Search_ME", ["MID":MID, "source":source, "ip":ip, "userid":userid, "branch":branch, "tipekons":tipekons, "marital":marital, "penjamin":penjamin, ... ])): Send request successfully

2022-11-22 14:49:43 - [MESSAGE][INFO] - HAR: D:\DMS\Engine Scoring\Reports\20221122_143755\Exclude KKB - DS\Scoring Individu - CS\20221122_143756\requests\main\272.har

2022-11-22 14:49:43 - [MESSAGE][PASSED] - Send request successfully

2022-11-22 14:49:43 - [TEST_STEP][PASSED] - slurper = new groovy.json.JsonSlurper(): null

2022-11-22 14:49:43 - [TEST_STEP][PASSED] - result = slurper.parseText(req_data.getResponseBodyContent()): null

2022-11-22 14:49:43 - [TEST_STEP][PASSED] - reqid_kons = requestid1: null

2022-11-22 14:49:43 - [TEST_STEP][PASSED] - reqid_spouse = requestid2: null

2022-11-22 14:49:43 - [TEST_STEP][PASSED] - println("requestid kons : " + reqid_kons): null

2022-11-22 14:49:43 - [TEST_STEP][PASSED] - response_searchME_kons = reqid_kons: null

2022-11-22 14:49:43 - [TEST_STEP][PASSED] - response_searchME_spouse = reqid_spouse: null

2022-11-22 14:49:43 - [TEST_STEP][PASSED] - println("kons req id is :" + response_searchME_kons): null

2022-11-22 14:49:43 - [TEST_STEP][PASSED] - println("spouse req id is : " + response_searchME_spouse): null

2022-11-22 14:49:43 - [TEST_STEP][PASSED] - verifyResponseStatusCode(req_data, 200): Verify response status code successfully

2022-11-22 14:49:43 - [MESSAGE][PASSED] - Verify response status code successfully

2022-11-22 14:49:43 - [TEST_STEP][PASSED] - response = req_data.getResponseText(): null

2022-11-22 14:49:43 - [TEST_STEP][PASSED] - logInfo($response): {"status":"Done","data":{"requestid1":"241677","requestid2":""}}

2022-11-22 14:49:43 - [MESSAGE][INFO] - {"status":"Done","data":{"requestid1":"241677","requestid2":""}}

2022-11-22 14:49:43 - [TEST_STEP][PASSED] - delay(3): Delayed 3 second(s)

2022-11-22 14:49:46 - [MESSAGE][PASSED] - Delayed 3 second(s)

2022-11-22 14:49:46 - [TEST_STEP][PASSED] - scoring = sendRequest(findTestObject("EngineScore", ["response_searchME_kons":response_searchME_kons, "response_searchME_spouse":response_searchME_spouse])): Send request successfully

2022-11-22 14:49:47 - [MESSAGE][INFO] - HAR: D:\DMS\Engine Scoring\Reports\20221122_143755\Exclude KKB - DS\Scoring Individu - CS\20221122_143756\requests\main\273.har

2022-11-22 14:49:47 - [MESSAGE][PASSED] - Send request successfully

2022-11-22 14:49:47 - [TEST_STEP][PASSED] - verifyResponseStatusCode(scoring, 200): Verify response status code successfully

2022-11-22 14:49:47 - [MESSAGE][PASSED] - Verify response status code successfully

2022-11-22 14:49:47 - [TEST_STEP][PASSED] - response2 = scoring.getResponseText(): null

2022-11-22 14:49:47 - [TEST_STEP][PASSED] - markPassed("result service data ke : " + no): result service data ke : 137

2022-11-22 14:49:47 - [MESSAGE][PASSED] - result service data ke : 137

2022-11-22 14:49:47 - [TEST_STEP][PASSED] - logInfo($response2): {"result_konsumen":"Approve","result_pasangan":"","Final_result":"Approve","errorMessage":"","status":"Done"}

2022-11-22 14:49:47 - [MESSAGE][INFO] - {"result_konsumen":"Approve","result_pasangan":"","Final_result":"Approve","errorMessage":"","status":"Done"}

2022-11-22 14:49:47 - [TEST_STEP][PASSED] - verifyElementPropertyValue(scoring, "Final_result", final_result): Verify element property value successfully

2022-11-22 14:49:47 - [MESSAGE][PASSED] - Verify element property value successfully]]></system-out>
         <system-err><![CDATA[]]></system-err>
      </testcase>
      <testcase name="Test Cases/Engine_Scoring/Engine Scoring" time="7.602" classname="Test Cases/Engine_Scoring/Engine Scoring" status="PASSED">
         <system-out><![CDATA[2022-11-22 14:49:47 - [TEST_CASE][PASSED] - Test Cases/Engine_Scoring/Engine Scoring: Test Cases/Engine_Scoring/Engine Scoring

2022-11-22 14:49:48 - [TEST_STEP][PASSED] - markPassed("Variasi data ke : " + no): Variasi data ke : 138

2022-11-22 14:49:48 - [MESSAGE][PASSED] - Variasi data ke : 138

2022-11-22 14:49:48 - [TEST_STEP][PASSED] - req_data = sendRequest(findTestObject("Search_ME", ["MID":MID, "source":source, "ip":ip, "userid":userid, "branch":branch, "tipekons":tipekons, "marital":marital, "penjamin":penjamin, ... ])): Send request successfully

2022-11-22 14:49:51 - [MESSAGE][INFO] - HAR: D:\DMS\Engine Scoring\Reports\20221122_143755\Exclude KKB - DS\Scoring Individu - CS\20221122_143756\requests\main\274.har

2022-11-22 14:49:51 - [MESSAGE][PASSED] - Send request successfully

2022-11-22 14:49:51 - [TEST_STEP][PASSED] - slurper = new groovy.json.JsonSlurper(): null

2022-11-22 14:49:51 - [TEST_STEP][PASSED] - result = slurper.parseText(req_data.getResponseBodyContent()): null

2022-11-22 14:49:51 - [TEST_STEP][PASSED] - reqid_kons = requestid1: null

2022-11-22 14:49:51 - [TEST_STEP][PASSED] - reqid_spouse = requestid2: null

2022-11-22 14:49:51 - [TEST_STEP][PASSED] - println("requestid kons : " + reqid_kons): null

2022-11-22 14:49:51 - [TEST_STEP][PASSED] - response_searchME_kons = reqid_kons: null

2022-11-22 14:49:51 - [TEST_STEP][PASSED] - response_searchME_spouse = reqid_spouse: null

2022-11-22 14:49:51 - [TEST_STEP][PASSED] - println("kons req id is :" + response_searchME_kons): null

2022-11-22 14:49:51 - [TEST_STEP][PASSED] - println("spouse req id is : " + response_searchME_spouse): null

2022-11-22 14:49:51 - [TEST_STEP][PASSED] - verifyResponseStatusCode(req_data, 200): Verify response status code successfully

2022-11-22 14:49:51 - [MESSAGE][PASSED] - Verify response status code successfully

2022-11-22 14:49:51 - [TEST_STEP][PASSED] - response = req_data.getResponseText(): null

2022-11-22 14:49:51 - [TEST_STEP][PASSED] - logInfo($response): {"status":"Done","data":{"requestid1":"241678","requestid2":""}}

2022-11-22 14:49:51 - [MESSAGE][INFO] - {"status":"Done","data":{"requestid1":"241678","requestid2":""}}

2022-11-22 14:49:51 - [TEST_STEP][PASSED] - delay(3): Delayed 3 second(s)

2022-11-22 14:49:54 - [MESSAGE][PASSED] - Delayed 3 second(s)

2022-11-22 14:49:54 - [TEST_STEP][PASSED] - scoring = sendRequest(findTestObject("EngineScore", ["response_searchME_kons":response_searchME_kons, "response_searchME_spouse":response_searchME_spouse])): Send request successfully

2022-11-22 14:49:54 - [MESSAGE][INFO] - HAR: D:\DMS\Engine Scoring\Reports\20221122_143755\Exclude KKB - DS\Scoring Individu - CS\20221122_143756\requests\main\275.har

2022-11-22 14:49:54 - [MESSAGE][PASSED] - Send request successfully

2022-11-22 14:49:54 - [TEST_STEP][PASSED] - verifyResponseStatusCode(scoring, 200): Verify response status code successfully

2022-11-22 14:49:54 - [MESSAGE][PASSED] - Verify response status code successfully

2022-11-22 14:49:54 - [TEST_STEP][PASSED] - response2 = scoring.getResponseText(): null

2022-11-22 14:49:54 - [TEST_STEP][PASSED] - markPassed("result service data ke : " + no): result service data ke : 138

2022-11-22 14:49:54 - [MESSAGE][PASSED] - result service data ke : 138

2022-11-22 14:49:54 - [TEST_STEP][PASSED] - logInfo($response2): {"result_konsumen":"Approve","result_pasangan":"","Final_result":"Approve","errorMessage":"","status":"Done"}

2022-11-22 14:49:54 - [MESSAGE][INFO] - {"result_konsumen":"Approve","result_pasangan":"","Final_result":"Approve","errorMessage":"","status":"Done"}

2022-11-22 14:49:54 - [TEST_STEP][PASSED] - verifyElementPropertyValue(scoring, "Final_result", final_result): Verify element property value successfully

2022-11-22 14:49:54 - [MESSAGE][PASSED] - Verify element property value successfully]]></system-out>
         <system-err><![CDATA[]]></system-err>
      </testcase>
      <testcase name="Test Cases/Engine_Scoring/Engine Scoring" time="7.276" classname="Test Cases/Engine_Scoring/Engine Scoring" status="PASSED">
         <system-out><![CDATA[2022-11-22 14:49:54 - [TEST_CASE][PASSED] - Test Cases/Engine_Scoring/Engine Scoring: Test Cases/Engine_Scoring/Engine Scoring

2022-11-22 14:49:55 - [TEST_STEP][PASSED] - markPassed("Variasi data ke : " + no): Variasi data ke : 139

2022-11-22 14:49:55 - [MESSAGE][PASSED] - Variasi data ke : 139

2022-11-22 14:49:55 - [TEST_STEP][PASSED] - req_data = sendRequest(findTestObject("Search_ME", ["MID":MID, "source":source, "ip":ip, "userid":userid, "branch":branch, "tipekons":tipekons, "marital":marital, "penjamin":penjamin, ... ])): Send request successfully

2022-11-22 14:49:58 - [MESSAGE][INFO] - HAR: D:\DMS\Engine Scoring\Reports\20221122_143755\Exclude KKB - DS\Scoring Individu - CS\20221122_143756\requests\main\276.har

2022-11-22 14:49:58 - [MESSAGE][PASSED] - Send request successfully

2022-11-22 14:49:58 - [TEST_STEP][PASSED] - slurper = new groovy.json.JsonSlurper(): null

2022-11-22 14:49:58 - [TEST_STEP][PASSED] - result = slurper.parseText(req_data.getResponseBodyContent()): null

2022-11-22 14:49:58 - [TEST_STEP][PASSED] - reqid_kons = requestid1: null

2022-11-22 14:49:58 - [TEST_STEP][PASSED] - reqid_spouse = requestid2: null

2022-11-22 14:49:58 - [TEST_STEP][PASSED] - println("requestid kons : " + reqid_kons): null

2022-11-22 14:49:58 - [TEST_STEP][PASSED] - response_searchME_kons = reqid_kons: null

2022-11-22 14:49:58 - [TEST_STEP][PASSED] - response_searchME_spouse = reqid_spouse: null

2022-11-22 14:49:58 - [TEST_STEP][PASSED] - println("kons req id is :" + response_searchME_kons): null

2022-11-22 14:49:58 - [TEST_STEP][PASSED] - println("spouse req id is : " + response_searchME_spouse): null

2022-11-22 14:49:58 - [TEST_STEP][PASSED] - verifyResponseStatusCode(req_data, 200): Verify response status code successfully

2022-11-22 14:49:58 - [MESSAGE][PASSED] - Verify response status code successfully

2022-11-22 14:49:58 - [TEST_STEP][PASSED] - response = req_data.getResponseText(): null

2022-11-22 14:49:58 - [TEST_STEP][PASSED] - logInfo($response): {"status":"Done","data":{"requestid1":"241679","requestid2":""}}

2022-11-22 14:49:58 - [MESSAGE][INFO] - {"status":"Done","data":{"requestid1":"241679","requestid2":""}}

2022-11-22 14:49:58 - [TEST_STEP][PASSED] - delay(3): Delayed 3 second(s)

2022-11-22 14:50:01 - [MESSAGE][PASSED] - Delayed 3 second(s)

2022-11-22 14:50:01 - [TEST_STEP][PASSED] - scoring = sendRequest(findTestObject("EngineScore", ["response_searchME_kons":response_searchME_kons, "response_searchME_spouse":response_searchME_spouse])): Send request successfully

2022-11-22 14:50:02 - [MESSAGE][INFO] - HAR: D:\DMS\Engine Scoring\Reports\20221122_143755\Exclude KKB - DS\Scoring Individu - CS\20221122_143756\requests\main\277.har

2022-11-22 14:50:02 - [MESSAGE][PASSED] - Send request successfully

2022-11-22 14:50:02 - [TEST_STEP][PASSED] - verifyResponseStatusCode(scoring, 200): Verify response status code successfully

2022-11-22 14:50:02 - [MESSAGE][PASSED] - Verify response status code successfully

2022-11-22 14:50:02 - [TEST_STEP][PASSED] - response2 = scoring.getResponseText(): null

2022-11-22 14:50:02 - [TEST_STEP][PASSED] - markPassed("result service data ke : " + no): result service data ke : 139

2022-11-22 14:50:02 - [MESSAGE][PASSED] - result service data ke : 139

2022-11-22 14:50:02 - [TEST_STEP][PASSED] - logInfo($response2): {"result_konsumen":"Approve","result_pasangan":"","Final_result":"Approve","errorMessage":"","status":"Done"}

2022-11-22 14:50:02 - [MESSAGE][INFO] - {"result_konsumen":"Approve","result_pasangan":"","Final_result":"Approve","errorMessage":"","status":"Done"}

2022-11-22 14:50:02 - [TEST_STEP][PASSED] - verifyElementPropertyValue(scoring, "Final_result", final_result): Verify element property value successfully

2022-11-22 14:50:02 - [MESSAGE][PASSED] - Verify element property value successfully]]></system-out>
         <system-err><![CDATA[]]></system-err>
      </testcase>
      <testcase name="Test Cases/Engine_Scoring/Engine Scoring" time="11.201" classname="Test Cases/Engine_Scoring/Engine Scoring" status="PASSED">
         <system-out><![CDATA[2022-11-22 14:50:02 - [TEST_CASE][PASSED] - Test Cases/Engine_Scoring/Engine Scoring: Test Cases/Engine_Scoring/Engine Scoring

2022-11-22 14:50:03 - [TEST_STEP][PASSED] - markPassed("Variasi data ke : " + no): Variasi data ke : 140

2022-11-22 14:50:03 - [MESSAGE][PASSED] - Variasi data ke : 140

2022-11-22 14:50:03 - [TEST_STEP][PASSED] - req_data = sendRequest(findTestObject("Search_ME", ["MID":MID, "source":source, "ip":ip, "userid":userid, "branch":branch, "tipekons":tipekons, "marital":marital, "penjamin":penjamin, ... ])): Send request successfully

2022-11-22 14:50:05 - [MESSAGE][INFO] - HAR: D:\DMS\Engine Scoring\Reports\20221122_143755\Exclude KKB - DS\Scoring Individu - CS\20221122_143756\requests\main\278.har

2022-11-22 14:50:05 - [MESSAGE][PASSED] - Send request successfully

2022-11-22 14:50:05 - [TEST_STEP][PASSED] - slurper = new groovy.json.JsonSlurper(): null

2022-11-22 14:50:05 - [TEST_STEP][PASSED] - result = slurper.parseText(req_data.getResponseBodyContent()): null

2022-11-22 14:50:05 - [TEST_STEP][PASSED] - reqid_kons = requestid1: null

2022-11-22 14:50:05 - [TEST_STEP][PASSED] - reqid_spouse = requestid2: null

2022-11-22 14:50:05 - [TEST_STEP][PASSED] - println("requestid kons : " + reqid_kons): null

2022-11-22 14:50:05 - [TEST_STEP][PASSED] - response_searchME_kons = reqid_kons: null

2022-11-22 14:50:05 - [TEST_STEP][PASSED] - response_searchME_spouse = reqid_spouse: null

2022-11-22 14:50:05 - [TEST_STEP][PASSED] - println("kons req id is :" + response_searchME_kons): null

2022-11-22 14:50:05 - [TEST_STEP][PASSED] - println("spouse req id is : " + response_searchME_spouse): null

2022-11-22 14:50:05 - [TEST_STEP][PASSED] - verifyResponseStatusCode(req_data, 200): Verify response status code successfully

2022-11-22 14:50:05 - [MESSAGE][PASSED] - Verify response status code successfully

2022-11-22 14:50:05 - [TEST_STEP][PASSED] - response = req_data.getResponseText(): null

2022-11-22 14:50:05 - [TEST_STEP][PASSED] - logInfo($response): {"status":"Done","data":{"requestid1":"241680","requestid2":""}}

2022-11-22 14:50:05 - [MESSAGE][INFO] - {"status":"Done","data":{"requestid1":"241680","requestid2":""}}

2022-11-22 14:50:05 - [TEST_STEP][PASSED] - delay(3): Delayed 3 second(s)

2022-11-22 14:50:08 - [MESSAGE][PASSED] - Delayed 3 second(s)

2022-11-22 14:50:08 - [TEST_STEP][PASSED] - scoring = sendRequest(findTestObject("EngineScore", ["response_searchME_kons":response_searchME_kons, "response_searchME_spouse":response_searchME_spouse])): Send request successfully

2022-11-22 14:50:08 - [MESSAGE][INFO] - HAR: D:\DMS\Engine Scoring\Reports\20221122_143755\Exclude KKB - DS\Scoring Individu - CS\20221122_143756\requests\main\279.har

2022-11-22 14:50:13 - [MESSAGE][PASSED] - Send request successfully

2022-11-22 14:50:13 - [TEST_STEP][PASSED] - verifyResponseStatusCode(scoring, 200): Verify response status code successfully

2022-11-22 14:50:13 - [MESSAGE][PASSED] - Verify response status code successfully

2022-11-22 14:50:13 - [TEST_STEP][PASSED] - response2 = scoring.getResponseText(): null

2022-11-22 14:50:13 - [TEST_STEP][PASSED] - markPassed("result service data ke : " + no): result service data ke : 140

2022-11-22 14:50:13 - [MESSAGE][PASSED] - result service data ke : 140

2022-11-22 14:50:13 - [TEST_STEP][PASSED] - logInfo($response2): {"result_konsumen":"Approve","result_pasangan":"","Final_result":"Approve","errorMessage":"","status":"Done"}

2022-11-22 14:50:13 - [MESSAGE][INFO] - {"result_konsumen":"Approve","result_pasangan":"","Final_result":"Approve","errorMessage":"","status":"Done"}

2022-11-22 14:50:13 - [TEST_STEP][PASSED] - verifyElementPropertyValue(scoring, "Final_result", final_result): Verify element property value successfully

2022-11-22 14:50:13 - [MESSAGE][PASSED] - Verify element property value successfully]]></system-out>
         <system-err><![CDATA[]]></system-err>
      </testcase>
      <testcase name="Test Cases/Engine_Scoring/Engine Scoring" time="11.782" classname="Test Cases/Engine_Scoring/Engine Scoring" status="PASSED">
         <system-out><![CDATA[2022-11-22 14:50:13 - [TEST_CASE][PASSED] - Test Cases/Engine_Scoring/Engine Scoring: Test Cases/Engine_Scoring/Engine Scoring

2022-11-22 14:50:18 - [TEST_STEP][PASSED] - markPassed("Variasi data ke : " + no): Variasi data ke : 141

2022-11-22 14:50:18 - [MESSAGE][PASSED] - Variasi data ke : 141

2022-11-22 14:50:18 - [TEST_STEP][PASSED] - req_data = sendRequest(findTestObject("Search_ME", ["MID":MID, "source":source, "ip":ip, "userid":userid, "branch":branch, "tipekons":tipekons, "marital":marital, "penjamin":penjamin, ... ])): Send request successfully

2022-11-22 14:50:22 - [MESSAGE][INFO] - HAR: D:\DMS\Engine Scoring\Reports\20221122_143755\Exclude KKB - DS\Scoring Individu - CS\20221122_143756\requests\main\280.har

2022-11-22 14:50:22 - [MESSAGE][PASSED] - Send request successfully

2022-11-22 14:50:22 - [TEST_STEP][PASSED] - slurper = new groovy.json.JsonSlurper(): null

2022-11-22 14:50:22 - [TEST_STEP][PASSED] - result = slurper.parseText(req_data.getResponseBodyContent()): null

2022-11-22 14:50:22 - [TEST_STEP][PASSED] - reqid_kons = requestid1: null

2022-11-22 14:50:22 - [TEST_STEP][PASSED] - reqid_spouse = requestid2: null

2022-11-22 14:50:22 - [TEST_STEP][PASSED] - println("requestid kons : " + reqid_kons): null

2022-11-22 14:50:22 - [TEST_STEP][PASSED] - response_searchME_kons = reqid_kons: null

2022-11-22 14:50:22 - [TEST_STEP][PASSED] - response_searchME_spouse = reqid_spouse: null

2022-11-22 14:50:22 - [TEST_STEP][PASSED] - println("kons req id is :" + response_searchME_kons): null

2022-11-22 14:50:22 - [TEST_STEP][PASSED] - println("spouse req id is : " + response_searchME_spouse): null

2022-11-22 14:50:22 - [TEST_STEP][PASSED] - verifyResponseStatusCode(req_data, 200): Verify response status code successfully

2022-11-22 14:50:22 - [MESSAGE][PASSED] - Verify response status code successfully

2022-11-22 14:50:22 - [TEST_STEP][PASSED] - response = req_data.getResponseText(): null

2022-11-22 14:50:22 - [TEST_STEP][PASSED] - logInfo($response): {"status":"Done","data":{"requestid1":"241681","requestid2":""}}

2022-11-22 14:50:22 - [MESSAGE][INFO] - {"status":"Done","data":{"requestid1":"241681","requestid2":""}}

2022-11-22 14:50:22 - [TEST_STEP][PASSED] - delay(3): Delayed 3 second(s)

2022-11-22 14:50:25 - [MESSAGE][PASSED] - Delayed 3 second(s)

2022-11-22 14:50:25 - [TEST_STEP][PASSED] - scoring = sendRequest(findTestObject("EngineScore", ["response_searchME_kons":response_searchME_kons, "response_searchME_spouse":response_searchME_spouse])): Send request successfully

2022-11-22 14:50:25 - [MESSAGE][INFO] - HAR: D:\DMS\Engine Scoring\Reports\20221122_143755\Exclude KKB - DS\Scoring Individu - CS\20221122_143756\requests\main\281.har

2022-11-22 14:50:25 - [MESSAGE][PASSED] - Send request successfully

2022-11-22 14:50:25 - [TEST_STEP][PASSED] - verifyResponseStatusCode(scoring, 200): Verify response status code successfully

2022-11-22 14:50:25 - [MESSAGE][PASSED] - Verify response status code successfully

2022-11-22 14:50:25 - [TEST_STEP][PASSED] - response2 = scoring.getResponseText(): null

2022-11-22 14:50:25 - [TEST_STEP][PASSED] - markPassed("result service data ke : " + no): result service data ke : 141

2022-11-22 14:50:25 - [MESSAGE][PASSED] - result service data ke : 141

2022-11-22 14:50:25 - [TEST_STEP][PASSED] - logInfo($response2): {"result_konsumen":"Reject","result_pasangan":"","Final_result":"Reject","errorMessage":"","status":"Done"}

2022-11-22 14:50:25 - [MESSAGE][INFO] - {"result_konsumen":"Reject","result_pasangan":"","Final_result":"Reject","errorMessage":"","status":"Done"}

2022-11-22 14:50:25 - [TEST_STEP][PASSED] - verifyElementPropertyValue(scoring, "Final_result", final_result): Verify element property value successfully

2022-11-22 14:50:25 - [MESSAGE][PASSED] - Verify element property value successfully]]></system-out>
         <system-err><![CDATA[]]></system-err>
      </testcase>
      <testcase name="Test Cases/Engine_Scoring/Engine Scoring" time="5.792" classname="Test Cases/Engine_Scoring/Engine Scoring" status="PASSED">
         <system-out><![CDATA[2022-11-22 14:50:25 - [TEST_CASE][PASSED] - Test Cases/Engine_Scoring/Engine Scoring: Test Cases/Engine_Scoring/Engine Scoring

2022-11-22 14:50:26 - [TEST_STEP][PASSED] - markPassed("Variasi data ke : " + no): Variasi data ke : 142

2022-11-22 14:50:26 - [MESSAGE][PASSED] - Variasi data ke : 142

2022-11-22 14:50:26 - [TEST_STEP][PASSED] - req_data = sendRequest(findTestObject("Search_ME", ["MID":MID, "source":source, "ip":ip, "userid":userid, "branch":branch, "tipekons":tipekons, "marital":marital, "penjamin":penjamin, ... ])): Send request successfully

2022-11-22 14:50:27 - [MESSAGE][INFO] - HAR: D:\DMS\Engine Scoring\Reports\20221122_143755\Exclude KKB - DS\Scoring Individu - CS\20221122_143756\requests\main\282.har

2022-11-22 14:50:27 - [MESSAGE][PASSED] - Send request successfully

2022-11-22 14:50:27 - [TEST_STEP][PASSED] - slurper = new groovy.json.JsonSlurper(): null

2022-11-22 14:50:27 - [TEST_STEP][PASSED] - result = slurper.parseText(req_data.getResponseBodyContent()): null

2022-11-22 14:50:27 - [TEST_STEP][PASSED] - reqid_kons = requestid1: null

2022-11-22 14:50:27 - [TEST_STEP][PASSED] - reqid_spouse = requestid2: null

2022-11-22 14:50:27 - [TEST_STEP][PASSED] - println("requestid kons : " + reqid_kons): null

2022-11-22 14:50:27 - [TEST_STEP][PASSED] - response_searchME_kons = reqid_kons: null

2022-11-22 14:50:27 - [TEST_STEP][PASSED] - response_searchME_spouse = reqid_spouse: null

2022-11-22 14:50:27 - [TEST_STEP][PASSED] - println("kons req id is :" + response_searchME_kons): null

2022-11-22 14:50:27 - [TEST_STEP][PASSED] - println("spouse req id is : " + response_searchME_spouse): null

2022-11-22 14:50:27 - [TEST_STEP][PASSED] - verifyResponseStatusCode(req_data, 200): Verify response status code successfully

2022-11-22 14:50:27 - [MESSAGE][PASSED] - Verify response status code successfully

2022-11-22 14:50:27 - [TEST_STEP][PASSED] - response = req_data.getResponseText(): null

2022-11-22 14:50:27 - [TEST_STEP][PASSED] - logInfo($response): {"status":"Done","data":{"requestid1":"241682","requestid2":""}}

2022-11-22 14:50:27 - [MESSAGE][INFO] - {"status":"Done","data":{"requestid1":"241682","requestid2":""}}

2022-11-22 14:50:27 - [TEST_STEP][PASSED] - delay(3): Delayed 3 second(s)

2022-11-22 14:50:30 - [MESSAGE][PASSED] - Delayed 3 second(s)

2022-11-22 14:50:30 - [TEST_STEP][PASSED] - scoring = sendRequest(findTestObject("EngineScore", ["response_searchME_kons":response_searchME_kons, "response_searchME_spouse":response_searchME_spouse])): Send request successfully

2022-11-22 14:50:31 - [MESSAGE][INFO] - HAR: D:\DMS\Engine Scoring\Reports\20221122_143755\Exclude KKB - DS\Scoring Individu - CS\20221122_143756\requests\main\283.har

2022-11-22 14:50:31 - [MESSAGE][PASSED] - Send request successfully

2022-11-22 14:50:31 - [TEST_STEP][PASSED] - verifyResponseStatusCode(scoring, 200): Verify response status code successfully

2022-11-22 14:50:31 - [MESSAGE][PASSED] - Verify response status code successfully

2022-11-22 14:50:31 - [TEST_STEP][PASSED] - response2 = scoring.getResponseText(): null

2022-11-22 14:50:31 - [TEST_STEP][PASSED] - markPassed("result service data ke : " + no): result service data ke : 142

2022-11-22 14:50:31 - [MESSAGE][PASSED] - result service data ke : 142

2022-11-22 14:50:31 - [TEST_STEP][PASSED] - logInfo($response2): {"result_konsumen":"Reject","result_pasangan":"","Final_result":"Reject","errorMessage":"","status":"Done"}

2022-11-22 14:50:31 - [MESSAGE][INFO] - {"result_konsumen":"Reject","result_pasangan":"","Final_result":"Reject","errorMessage":"","status":"Done"}

2022-11-22 14:50:31 - [TEST_STEP][PASSED] - verifyElementPropertyValue(scoring, "Final_result", final_result): Verify element property value successfully

2022-11-22 14:50:31 - [MESSAGE][PASSED] - Verify element property value successfully]]></system-out>
         <system-err><![CDATA[]]></system-err>
      </testcase>
      <testcase name="Test Cases/Engine_Scoring/Engine Scoring" time="8.945" classname="Test Cases/Engine_Scoring/Engine Scoring" status="PASSED">
         <system-out><![CDATA[2022-11-22 14:50:31 - [TEST_CASE][PASSED] - Test Cases/Engine_Scoring/Engine Scoring: Test Cases/Engine_Scoring/Engine Scoring

2022-11-22 14:50:33 - [TEST_STEP][PASSED] - markPassed("Variasi data ke : " + no): Variasi data ke : 143

2022-11-22 14:50:33 - [MESSAGE][PASSED] - Variasi data ke : 143

2022-11-22 14:50:33 - [TEST_STEP][PASSED] - req_data = sendRequest(findTestObject("Search_ME", ["MID":MID, "source":source, "ip":ip, "userid":userid, "branch":branch, "tipekons":tipekons, "marital":marital, "penjamin":penjamin, ... ])): Send request successfully

2022-11-22 14:50:36 - [MESSAGE][INFO] - HAR: D:\DMS\Engine Scoring\Reports\20221122_143755\Exclude KKB - DS\Scoring Individu - CS\20221122_143756\requests\main\284.har

2022-11-22 14:50:36 - [MESSAGE][PASSED] - Send request successfully

2022-11-22 14:50:36 - [TEST_STEP][PASSED] - slurper = new groovy.json.JsonSlurper(): null

2022-11-22 14:50:36 - [TEST_STEP][PASSED] - result = slurper.parseText(req_data.getResponseBodyContent()): null

2022-11-22 14:50:36 - [TEST_STEP][PASSED] - reqid_kons = requestid1: null

2022-11-22 14:50:36 - [TEST_STEP][PASSED] - reqid_spouse = requestid2: null

2022-11-22 14:50:36 - [TEST_STEP][PASSED] - println("requestid kons : " + reqid_kons): null

2022-11-22 14:50:36 - [TEST_STEP][PASSED] - response_searchME_kons = reqid_kons: null

2022-11-22 14:50:36 - [TEST_STEP][PASSED] - response_searchME_spouse = reqid_spouse: null

2022-11-22 14:50:36 - [TEST_STEP][PASSED] - println("kons req id is :" + response_searchME_kons): null

2022-11-22 14:50:36 - [TEST_STEP][PASSED] - println("spouse req id is : " + response_searchME_spouse): null

2022-11-22 14:50:36 - [TEST_STEP][PASSED] - verifyResponseStatusCode(req_data, 200): Verify response status code successfully

2022-11-22 14:50:36 - [MESSAGE][PASSED] - Verify response status code successfully

2022-11-22 14:50:36 - [TEST_STEP][PASSED] - response = req_data.getResponseText(): null

2022-11-22 14:50:36 - [TEST_STEP][PASSED] - logInfo($response): {"status":"Done","data":{"requestid1":"241683","requestid2":""}}

2022-11-22 14:50:36 - [MESSAGE][INFO] - {"status":"Done","data":{"requestid1":"241683","requestid2":""}}

2022-11-22 14:50:36 - [TEST_STEP][PASSED] - delay(3): Delayed 3 second(s)

2022-11-22 14:50:39 - [MESSAGE][PASSED] - Delayed 3 second(s)

2022-11-22 14:50:39 - [TEST_STEP][PASSED] - scoring = sendRequest(findTestObject("EngineScore", ["response_searchME_kons":response_searchME_kons, "response_searchME_spouse":response_searchME_spouse])): Send request successfully

2022-11-22 14:50:39 - [MESSAGE][INFO] - HAR: D:\DMS\Engine Scoring\Reports\20221122_143755\Exclude KKB - DS\Scoring Individu - CS\20221122_143756\requests\main\285.har

2022-11-22 14:50:39 - [MESSAGE][PASSED] - Send request successfully

2022-11-22 14:50:39 - [TEST_STEP][PASSED] - verifyResponseStatusCode(scoring, 200): Verify response status code successfully

2022-11-22 14:50:39 - [MESSAGE][PASSED] - Verify response status code successfully

2022-11-22 14:50:39 - [TEST_STEP][PASSED] - response2 = scoring.getResponseText(): null

2022-11-22 14:50:39 - [TEST_STEP][PASSED] - markPassed("result service data ke : " + no): result service data ke : 143

2022-11-22 14:50:39 - [MESSAGE][PASSED] - result service data ke : 143

2022-11-22 14:50:39 - [TEST_STEP][PASSED] - logInfo($response2): {"result_konsumen":"Reject","result_pasangan":"","Final_result":"Reject","errorMessage":"","status":"Done"}

2022-11-22 14:50:39 - [MESSAGE][INFO] - {"result_konsumen":"Reject","result_pasangan":"","Final_result":"Reject","errorMessage":"","status":"Done"}

2022-11-22 14:50:39 - [TEST_STEP][PASSED] - verifyElementPropertyValue(scoring, "Final_result", final_result): Verify element property value successfully

2022-11-22 14:50:40 - [MESSAGE][PASSED] - Verify element property value successfully]]></system-out>
         <system-err><![CDATA[]]></system-err>
      </testcase>
      <testcase name="Test Cases/Engine_Scoring/Engine Scoring" time="6.603" classname="Test Cases/Engine_Scoring/Engine Scoring" status="PASSED">
         <system-out><![CDATA[2022-11-22 14:50:40 - [TEST_CASE][PASSED] - Test Cases/Engine_Scoring/Engine Scoring: Test Cases/Engine_Scoring/Engine Scoring

2022-11-22 14:50:41 - [TEST_STEP][PASSED] - markPassed("Variasi data ke : " + no): Variasi data ke : 144

2022-11-22 14:50:41 - [MESSAGE][PASSED] - Variasi data ke : 144

2022-11-22 14:50:41 - [TEST_STEP][PASSED] - req_data = sendRequest(findTestObject("Search_ME", ["MID":MID, "source":source, "ip":ip, "userid":userid, "branch":branch, "tipekons":tipekons, "marital":marital, "penjamin":penjamin, ... ])): Send request successfully

2022-11-22 14:50:43 - [MESSAGE][INFO] - HAR: D:\DMS\Engine Scoring\Reports\20221122_143755\Exclude KKB - DS\Scoring Individu - CS\20221122_143756\requests\main\286.har

2022-11-22 14:50:43 - [MESSAGE][PASSED] - Send request successfully

2022-11-22 14:50:43 - [TEST_STEP][PASSED] - slurper = new groovy.json.JsonSlurper(): null

2022-11-22 14:50:43 - [TEST_STEP][PASSED] - result = slurper.parseText(req_data.getResponseBodyContent()): null

2022-11-22 14:50:43 - [TEST_STEP][PASSED] - reqid_kons = requestid1: null

2022-11-22 14:50:43 - [TEST_STEP][PASSED] - reqid_spouse = requestid2: null

2022-11-22 14:50:43 - [TEST_STEP][PASSED] - println("requestid kons : " + reqid_kons): null

2022-11-22 14:50:43 - [TEST_STEP][PASSED] - response_searchME_kons = reqid_kons: null

2022-11-22 14:50:43 - [TEST_STEP][PASSED] - response_searchME_spouse = reqid_spouse: null

2022-11-22 14:50:43 - [TEST_STEP][PASSED] - println("kons req id is :" + response_searchME_kons): null

2022-11-22 14:50:43 - [TEST_STEP][PASSED] - println("spouse req id is : " + response_searchME_spouse): null

2022-11-22 14:50:43 - [TEST_STEP][PASSED] - verifyResponseStatusCode(req_data, 200): Verify response status code successfully

2022-11-22 14:50:43 - [MESSAGE][PASSED] - Verify response status code successfully

2022-11-22 14:50:43 - [TEST_STEP][PASSED] - response = req_data.getResponseText(): null

2022-11-22 14:50:43 - [TEST_STEP][PASSED] - logInfo($response): {"status":"Done","data":{"requestid1":"241684","requestid2":""}}

2022-11-22 14:50:43 - [MESSAGE][INFO] - {"status":"Done","data":{"requestid1":"241684","requestid2":""}}

2022-11-22 14:50:43 - [TEST_STEP][PASSED] - delay(3): Delayed 3 second(s)

2022-11-22 14:50:46 - [MESSAGE][PASSED] - Delayed 3 second(s)

2022-11-22 14:50:46 - [TEST_STEP][PASSED] - scoring = sendRequest(findTestObject("EngineScore", ["response_searchME_kons":response_searchME_kons, "response_searchME_spouse":response_searchME_spouse])): Send request successfully

2022-11-22 14:50:46 - [MESSAGE][INFO] - HAR: D:\DMS\Engine Scoring\Reports\20221122_143755\Exclude KKB - DS\Scoring Individu - CS\20221122_143756\requests\main\287.har

2022-11-22 14:50:46 - [MESSAGE][PASSED] - Send request successfully

2022-11-22 14:50:46 - [TEST_STEP][PASSED] - verifyResponseStatusCode(scoring, 200): Verify response status code successfully

2022-11-22 14:50:46 - [MESSAGE][PASSED] - Verify response status code successfully

2022-11-22 14:50:46 - [TEST_STEP][PASSED] - response2 = scoring.getResponseText(): null

2022-11-22 14:50:46 - [TEST_STEP][PASSED] - markPassed("result service data ke : " + no): result service data ke : 144

2022-11-22 14:50:46 - [MESSAGE][PASSED] - result service data ke : 144

2022-11-22 14:50:46 - [TEST_STEP][PASSED] - logInfo($response2): {"result_konsumen":"Reject","result_pasangan":"","Final_result":"Reject","errorMessage":"","status":"Done"}

2022-11-22 14:50:46 - [MESSAGE][INFO] - {"result_konsumen":"Reject","result_pasangan":"","Final_result":"Reject","errorMessage":"","status":"Done"}

2022-11-22 14:50:46 - [TEST_STEP][PASSED] - verifyElementPropertyValue(scoring, "Final_result", final_result): Verify element property value successfully

2022-11-22 14:50:46 - [MESSAGE][PASSED] - Verify element property value successfully]]></system-out>
         <system-err><![CDATA[]]></system-err>
      </testcase>
      <testcase name="Test Cases/Engine_Scoring/Engine Scoring" time="7.87" classname="Test Cases/Engine_Scoring/Engine Scoring" status="PASSED">
         <system-out><![CDATA[2022-11-22 14:50:46 - [TEST_CASE][PASSED] - Test Cases/Engine_Scoring/Engine Scoring: Test Cases/Engine_Scoring/Engine Scoring

2022-11-22 14:50:48 - [TEST_STEP][PASSED] - markPassed("Variasi data ke : " + no): Variasi data ke : 145

2022-11-22 14:50:48 - [MESSAGE][PASSED] - Variasi data ke : 145

2022-11-22 14:50:48 - [TEST_STEP][PASSED] - req_data = sendRequest(findTestObject("Search_ME", ["MID":MID, "source":source, "ip":ip, "userid":userid, "branch":branch, "tipekons":tipekons, "marital":marital, "penjamin":penjamin, ... ])): Send request successfully

2022-11-22 14:50:49 - [MESSAGE][INFO] - HAR: D:\DMS\Engine Scoring\Reports\20221122_143755\Exclude KKB - DS\Scoring Individu - CS\20221122_143756\requests\main\288.har

2022-11-22 14:50:49 - [MESSAGE][PASSED] - Send request successfully

2022-11-22 14:50:49 - [TEST_STEP][PASSED] - slurper = new groovy.json.JsonSlurper(): null

2022-11-22 14:50:49 - [TEST_STEP][PASSED] - result = slurper.parseText(req_data.getResponseBodyContent()): null

2022-11-22 14:50:49 - [TEST_STEP][PASSED] - reqid_kons = requestid1: null

2022-11-22 14:50:49 - [TEST_STEP][PASSED] - reqid_spouse = requestid2: null

2022-11-22 14:50:49 - [TEST_STEP][PASSED] - println("requestid kons : " + reqid_kons): null

2022-11-22 14:50:49 - [TEST_STEP][PASSED] - response_searchME_kons = reqid_kons: null

2022-11-22 14:50:49 - [TEST_STEP][PASSED] - response_searchME_spouse = reqid_spouse: null

2022-11-22 14:50:49 - [TEST_STEP][PASSED] - println("kons req id is :" + response_searchME_kons): null

2022-11-22 14:50:49 - [TEST_STEP][PASSED] - println("spouse req id is : " + response_searchME_spouse): null

2022-11-22 14:50:49 - [TEST_STEP][PASSED] - verifyResponseStatusCode(req_data, 200): Verify response status code successfully

2022-11-22 14:50:49 - [MESSAGE][PASSED] - Verify response status code successfully

2022-11-22 14:50:49 - [TEST_STEP][PASSED] - response = req_data.getResponseText(): null

2022-11-22 14:50:49 - [TEST_STEP][PASSED] - logInfo($response): {"status":"Done","data":{"requestid1":"241685","requestid2":""}}

2022-11-22 14:50:49 - [MESSAGE][INFO] - {"status":"Done","data":{"requestid1":"241685","requestid2":""}}

2022-11-22 14:50:49 - [TEST_STEP][PASSED] - delay(3): Delayed 3 second(s)

2022-11-22 14:50:52 - [MESSAGE][PASSED] - Delayed 3 second(s)

2022-11-22 14:50:52 - [TEST_STEP][PASSED] - scoring = sendRequest(findTestObject("EngineScore", ["response_searchME_kons":response_searchME_kons, "response_searchME_spouse":response_searchME_spouse])): Send request successfully

2022-11-22 14:50:54 - [MESSAGE][INFO] - HAR: D:\DMS\Engine Scoring\Reports\20221122_143755\Exclude KKB - DS\Scoring Individu - CS\20221122_143756\requests\main\289.har

2022-11-22 14:50:54 - [MESSAGE][PASSED] - Send request successfully

2022-11-22 14:50:54 - [TEST_STEP][PASSED] - verifyResponseStatusCode(scoring, 200): Verify response status code successfully

2022-11-22 14:50:54 - [MESSAGE][PASSED] - Verify response status code successfully

2022-11-22 14:50:54 - [TEST_STEP][PASSED] - response2 = scoring.getResponseText(): null

2022-11-22 14:50:54 - [TEST_STEP][PASSED] - markPassed("result service data ke : " + no): result service data ke : 145

2022-11-22 14:50:54 - [MESSAGE][PASSED] - result service data ke : 145

2022-11-22 14:50:54 - [TEST_STEP][PASSED] - logInfo($response2): {"result_konsumen":"Approve","result_pasangan":"","Final_result":"Approve","errorMessage":"","status":"Done"}

2022-11-22 14:50:54 - [MESSAGE][INFO] - {"result_konsumen":"Approve","result_pasangan":"","Final_result":"Approve","errorMessage":"","status":"Done"}

2022-11-22 14:50:54 - [TEST_STEP][PASSED] - verifyElementPropertyValue(scoring, "Final_result", final_result): Verify element property value successfully

2022-11-22 14:50:54 - [MESSAGE][PASSED] - Verify element property value successfully]]></system-out>
         <system-err><![CDATA[]]></system-err>
      </testcase>
      <testcase name="Test Cases/Engine_Scoring/Engine Scoring" time="7.163" classname="Test Cases/Engine_Scoring/Engine Scoring" status="PASSED">
         <system-out><![CDATA[2022-11-22 14:50:54 - [TEST_CASE][PASSED] - Test Cases/Engine_Scoring/Engine Scoring: Test Cases/Engine_Scoring/Engine Scoring

2022-11-22 14:50:55 - [TEST_STEP][PASSED] - markPassed("Variasi data ke : " + no): Variasi data ke : 146

2022-11-22 14:50:55 - [MESSAGE][PASSED] - Variasi data ke : 146

2022-11-22 14:50:55 - [TEST_STEP][PASSED] - req_data = sendRequest(findTestObject("Search_ME", ["MID":MID, "source":source, "ip":ip, "userid":userid, "branch":branch, "tipekons":tipekons, "marital":marital, "penjamin":penjamin, ... ])): Send request successfully

2022-11-22 14:50:58 - [MESSAGE][INFO] - HAR: D:\DMS\Engine Scoring\Reports\20221122_143755\Exclude KKB - DS\Scoring Individu - CS\20221122_143756\requests\main\290.har

2022-11-22 14:50:58 - [MESSAGE][PASSED] - Send request successfully

2022-11-22 14:50:58 - [TEST_STEP][PASSED] - slurper = new groovy.json.JsonSlurper(): null

2022-11-22 14:50:58 - [TEST_STEP][PASSED] - result = slurper.parseText(req_data.getResponseBodyContent()): null

2022-11-22 14:50:58 - [TEST_STEP][PASSED] - reqid_kons = requestid1: null

2022-11-22 14:50:58 - [TEST_STEP][PASSED] - reqid_spouse = requestid2: null

2022-11-22 14:50:58 - [TEST_STEP][PASSED] - println("requestid kons : " + reqid_kons): null

2022-11-22 14:50:58 - [TEST_STEP][PASSED] - response_searchME_kons = reqid_kons: null

2022-11-22 14:50:58 - [TEST_STEP][PASSED] - response_searchME_spouse = reqid_spouse: null

2022-11-22 14:50:58 - [TEST_STEP][PASSED] - println("kons req id is :" + response_searchME_kons): null

2022-11-22 14:50:58 - [TEST_STEP][PASSED] - println("spouse req id is : " + response_searchME_spouse): null

2022-11-22 14:50:58 - [TEST_STEP][PASSED] - verifyResponseStatusCode(req_data, 200): Verify response status code successfully

2022-11-22 14:50:58 - [MESSAGE][PASSED] - Verify response status code successfully

2022-11-22 14:50:58 - [TEST_STEP][PASSED] - response = req_data.getResponseText(): null

2022-11-22 14:50:58 - [TEST_STEP][PASSED] - logInfo($response): {"status":"Done","data":{"requestid1":"241686","requestid2":""}}

2022-11-22 14:50:58 - [MESSAGE][INFO] - {"status":"Done","data":{"requestid1":"241686","requestid2":""}}

2022-11-22 14:50:58 - [TEST_STEP][PASSED] - delay(3): Delayed 3 second(s)

2022-11-22 14:51:01 - [MESSAGE][PASSED] - Delayed 3 second(s)

2022-11-22 14:51:01 - [TEST_STEP][PASSED] - scoring = sendRequest(findTestObject("EngineScore", ["response_searchME_kons":response_searchME_kons, "response_searchME_spouse":response_searchME_spouse])): Send request successfully

2022-11-22 14:51:01 - [MESSAGE][INFO] - HAR: D:\DMS\Engine Scoring\Reports\20221122_143755\Exclude KKB - DS\Scoring Individu - CS\20221122_143756\requests\main\291.har

2022-11-22 14:51:01 - [MESSAGE][PASSED] - Send request successfully

2022-11-22 14:51:01 - [TEST_STEP][PASSED] - verifyResponseStatusCode(scoring, 200): Verify response status code successfully

2022-11-22 14:51:01 - [MESSAGE][PASSED] - Verify response status code successfully

2022-11-22 14:51:01 - [TEST_STEP][PASSED] - response2 = scoring.getResponseText(): null

2022-11-22 14:51:01 - [TEST_STEP][PASSED] - markPassed("result service data ke : " + no): result service data ke : 146

2022-11-22 14:51:01 - [MESSAGE][PASSED] - result service data ke : 146

2022-11-22 14:51:01 - [TEST_STEP][PASSED] - logInfo($response2): {"result_konsumen":"Approve","result_pasangan":"","Final_result":"Approve","errorMessage":"","status":"Done"}

2022-11-22 14:51:01 - [MESSAGE][INFO] - {"result_konsumen":"Approve","result_pasangan":"","Final_result":"Approve","errorMessage":"","status":"Done"}

2022-11-22 14:51:01 - [TEST_STEP][PASSED] - verifyElementPropertyValue(scoring, "Final_result", final_result): Verify element property value successfully

2022-11-22 14:51:01 - [MESSAGE][PASSED] - Verify element property value successfully]]></system-out>
         <system-err><![CDATA[]]></system-err>
      </testcase>
      <testcase name="Test Cases/Engine_Scoring/Engine Scoring" time="5.741" classname="Test Cases/Engine_Scoring/Engine Scoring" status="PASSED">
         <system-out><![CDATA[2022-11-22 14:51:01 - [TEST_CASE][PASSED] - Test Cases/Engine_Scoring/Engine Scoring: Test Cases/Engine_Scoring/Engine Scoring

2022-11-22 14:51:03 - [TEST_STEP][PASSED] - markPassed("Variasi data ke : " + no): Variasi data ke : 147

2022-11-22 14:51:03 - [MESSAGE][PASSED] - Variasi data ke : 147

2022-11-22 14:51:03 - [TEST_STEP][PASSED] - req_data = sendRequest(findTestObject("Search_ME", ["MID":MID, "source":source, "ip":ip, "userid":userid, "branch":branch, "tipekons":tipekons, "marital":marital, "penjamin":penjamin, ... ])): Send request successfully

2022-11-22 14:51:04 - [MESSAGE][INFO] - HAR: D:\DMS\Engine Scoring\Reports\20221122_143755\Exclude KKB - DS\Scoring Individu - CS\20221122_143756\requests\main\292.har

2022-11-22 14:51:04 - [MESSAGE][PASSED] - Send request successfully

2022-11-22 14:51:04 - [TEST_STEP][PASSED] - slurper = new groovy.json.JsonSlurper(): null

2022-11-22 14:51:04 - [TEST_STEP][PASSED] - result = slurper.parseText(req_data.getResponseBodyContent()): null

2022-11-22 14:51:04 - [TEST_STEP][PASSED] - reqid_kons = requestid1: null

2022-11-22 14:51:04 - [TEST_STEP][PASSED] - reqid_spouse = requestid2: null

2022-11-22 14:51:04 - [TEST_STEP][PASSED] - println("requestid kons : " + reqid_kons): null

2022-11-22 14:51:04 - [TEST_STEP][PASSED] - response_searchME_kons = reqid_kons: null

2022-11-22 14:51:04 - [TEST_STEP][PASSED] - response_searchME_spouse = reqid_spouse: null

2022-11-22 14:51:04 - [TEST_STEP][PASSED] - println("kons req id is :" + response_searchME_kons): null

2022-11-22 14:51:04 - [TEST_STEP][PASSED] - println("spouse req id is : " + response_searchME_spouse): null

2022-11-22 14:51:04 - [TEST_STEP][PASSED] - verifyResponseStatusCode(req_data, 200): Verify response status code successfully

2022-11-22 14:51:04 - [MESSAGE][PASSED] - Verify response status code successfully

2022-11-22 14:51:04 - [TEST_STEP][PASSED] - response = req_data.getResponseText(): null

2022-11-22 14:51:04 - [TEST_STEP][PASSED] - logInfo($response): {"status":"Done","data":{"requestid1":"241687","requestid2":""}}

2022-11-22 14:51:04 - [MESSAGE][INFO] - {"status":"Done","data":{"requestid1":"241687","requestid2":""}}

2022-11-22 14:51:04 - [TEST_STEP][PASSED] - delay(3): Delayed 3 second(s)

2022-11-22 14:51:07 - [MESSAGE][PASSED] - Delayed 3 second(s)

2022-11-22 14:51:07 - [TEST_STEP][PASSED] - scoring = sendRequest(findTestObject("EngineScore", ["response_searchME_kons":response_searchME_kons, "response_searchME_spouse":response_searchME_spouse])): Send request successfully

2022-11-22 14:51:07 - [MESSAGE][INFO] - HAR: D:\DMS\Engine Scoring\Reports\20221122_143755\Exclude KKB - DS\Scoring Individu - CS\20221122_143756\requests\main\293.har

2022-11-22 14:51:07 - [MESSAGE][PASSED] - Send request successfully

2022-11-22 14:51:07 - [TEST_STEP][PASSED] - verifyResponseStatusCode(scoring, 200): Verify response status code successfully

2022-11-22 14:51:07 - [MESSAGE][PASSED] - Verify response status code successfully

2022-11-22 14:51:07 - [TEST_STEP][PASSED] - response2 = scoring.getResponseText(): null

2022-11-22 14:51:07 - [TEST_STEP][PASSED] - markPassed("result service data ke : " + no): result service data ke : 147

2022-11-22 14:51:07 - [MESSAGE][PASSED] - result service data ke : 147

2022-11-22 14:51:07 - [TEST_STEP][PASSED] - logInfo($response2): {"result_konsumen":"Approve","result_pasangan":"","Final_result":"Approve","errorMessage":"","status":"Done"}

2022-11-22 14:51:07 - [MESSAGE][INFO] - {"result_konsumen":"Approve","result_pasangan":"","Final_result":"Approve","errorMessage":"","status":"Done"}

2022-11-22 14:51:07 - [TEST_STEP][PASSED] - verifyElementPropertyValue(scoring, "Final_result", final_result): Verify element property value successfully

2022-11-22 14:51:07 - [MESSAGE][PASSED] - Verify element property value successfully]]></system-out>
         <system-err><![CDATA[]]></system-err>
      </testcase>
      <testcase name="Test Cases/Engine_Scoring/Engine Scoring" time="9.312" classname="Test Cases/Engine_Scoring/Engine Scoring" status="PASSED">
         <system-out><![CDATA[2022-11-22 14:51:07 - [TEST_CASE][PASSED] - Test Cases/Engine_Scoring/Engine Scoring: Test Cases/Engine_Scoring/Engine Scoring

2022-11-22 14:51:10 - [TEST_STEP][PASSED] - markPassed("Variasi data ke : " + no): Variasi data ke : 148

2022-11-22 14:51:10 - [MESSAGE][PASSED] - Variasi data ke : 148

2022-11-22 14:51:10 - [TEST_STEP][PASSED] - req_data = sendRequest(findTestObject("Search_ME", ["MID":MID, "source":source, "ip":ip, "userid":userid, "branch":branch, "tipekons":tipekons, "marital":marital, "penjamin":penjamin, ... ])): Send request successfully

2022-11-22 14:51:13 - [MESSAGE][INFO] - HAR: D:\DMS\Engine Scoring\Reports\20221122_143755\Exclude KKB - DS\Scoring Individu - CS\20221122_143756\requests\main\294.har

2022-11-22 14:51:13 - [MESSAGE][PASSED] - Send request successfully

2022-11-22 14:51:13 - [TEST_STEP][PASSED] - slurper = new groovy.json.JsonSlurper(): null

2022-11-22 14:51:13 - [TEST_STEP][PASSED] - result = slurper.parseText(req_data.getResponseBodyContent()): null

2022-11-22 14:51:13 - [TEST_STEP][PASSED] - reqid_kons = requestid1: null

2022-11-22 14:51:13 - [TEST_STEP][PASSED] - reqid_spouse = requestid2: null

2022-11-22 14:51:13 - [TEST_STEP][PASSED] - println("requestid kons : " + reqid_kons): null

2022-11-22 14:51:13 - [TEST_STEP][PASSED] - response_searchME_kons = reqid_kons: null

2022-11-22 14:51:13 - [TEST_STEP][PASSED] - response_searchME_spouse = reqid_spouse: null

2022-11-22 14:51:13 - [TEST_STEP][PASSED] - println("kons req id is :" + response_searchME_kons): null

2022-11-22 14:51:13 - [TEST_STEP][PASSED] - println("spouse req id is : " + response_searchME_spouse): null

2022-11-22 14:51:13 - [TEST_STEP][PASSED] - verifyResponseStatusCode(req_data, 200): Verify response status code successfully

2022-11-22 14:51:13 - [MESSAGE][PASSED] - Verify response status code successfully

2022-11-22 14:51:13 - [TEST_STEP][PASSED] - response = req_data.getResponseText(): null

2022-11-22 14:51:13 - [TEST_STEP][PASSED] - logInfo($response): {"status":"Done","data":{"requestid1":"241688","requestid2":""}}

2022-11-22 14:51:13 - [MESSAGE][INFO] - {"status":"Done","data":{"requestid1":"241688","requestid2":""}}

2022-11-22 14:51:13 - [TEST_STEP][PASSED] - delay(3): Delayed 3 second(s)

2022-11-22 14:51:16 - [MESSAGE][PASSED] - Delayed 3 second(s)

2022-11-22 14:51:16 - [TEST_STEP][PASSED] - scoring = sendRequest(findTestObject("EngineScore", ["response_searchME_kons":response_searchME_kons, "response_searchME_spouse":response_searchME_spouse])): Send request successfully

2022-11-22 14:51:16 - [MESSAGE][INFO] - HAR: D:\DMS\Engine Scoring\Reports\20221122_143755\Exclude KKB - DS\Scoring Individu - CS\20221122_143756\requests\main\295.har

2022-11-22 14:51:16 - [MESSAGE][PASSED] - Send request successfully

2022-11-22 14:51:16 - [TEST_STEP][PASSED] - verifyResponseStatusCode(scoring, 200): Verify response status code successfully

2022-11-22 14:51:16 - [MESSAGE][PASSED] - Verify response status code successfully

2022-11-22 14:51:16 - [TEST_STEP][PASSED] - response2 = scoring.getResponseText(): null

2022-11-22 14:51:16 - [TEST_STEP][PASSED] - markPassed("result service data ke : " + no): result service data ke : 148

2022-11-22 14:51:16 - [MESSAGE][PASSED] - result service data ke : 148

2022-11-22 14:51:16 - [TEST_STEP][PASSED] - logInfo($response2): {"result_konsumen":"Approve","result_pasangan":"","Final_result":"Approve","errorMessage":"","status":"Done"}

2022-11-22 14:51:16 - [MESSAGE][INFO] - {"result_konsumen":"Approve","result_pasangan":"","Final_result":"Approve","errorMessage":"","status":"Done"}

2022-11-22 14:51:16 - [TEST_STEP][PASSED] - verifyElementPropertyValue(scoring, "Final_result", final_result): Verify element property value successfully

2022-11-22 14:51:16 - [MESSAGE][PASSED] - Verify element property value successfully]]></system-out>
         <system-err><![CDATA[]]></system-err>
      </testcase>
      <testcase name="Test Cases/Engine_Scoring/Engine Scoring" time="5.95" classname="Test Cases/Engine_Scoring/Engine Scoring" status="PASSED">
         <system-out><![CDATA[2022-11-22 14:51:17 - [TEST_CASE][PASSED] - Test Cases/Engine_Scoring/Engine Scoring: Test Cases/Engine_Scoring/Engine Scoring

2022-11-22 14:51:18 - [TEST_STEP][PASSED] - markPassed("Variasi data ke : " + no): Variasi data ke : 149

2022-11-22 14:51:18 - [MESSAGE][PASSED] - Variasi data ke : 149

2022-11-22 14:51:18 - [TEST_STEP][PASSED] - req_data = sendRequest(findTestObject("Search_ME", ["MID":MID, "source":source, "ip":ip, "userid":userid, "branch":branch, "tipekons":tipekons, "marital":marital, "penjamin":penjamin, ... ])): Send request successfully

2022-11-22 14:51:19 - [MESSAGE][INFO] - HAR: D:\DMS\Engine Scoring\Reports\20221122_143755\Exclude KKB - DS\Scoring Individu - CS\20221122_143756\requests\main\296.har

2022-11-22 14:51:19 - [MESSAGE][PASSED] - Send request successfully

2022-11-22 14:51:19 - [TEST_STEP][PASSED] - slurper = new groovy.json.JsonSlurper(): null

2022-11-22 14:51:19 - [TEST_STEP][PASSED] - result = slurper.parseText(req_data.getResponseBodyContent()): null

2022-11-22 14:51:19 - [TEST_STEP][PASSED] - reqid_kons = requestid1: null

2022-11-22 14:51:19 - [TEST_STEP][PASSED] - reqid_spouse = requestid2: null

2022-11-22 14:51:19 - [TEST_STEP][PASSED] - println("requestid kons : " + reqid_kons): null

2022-11-22 14:51:19 - [TEST_STEP][PASSED] - response_searchME_kons = reqid_kons: null

2022-11-22 14:51:19 - [TEST_STEP][PASSED] - response_searchME_spouse = reqid_spouse: null

2022-11-22 14:51:19 - [TEST_STEP][PASSED] - println("kons req id is :" + response_searchME_kons): null

2022-11-22 14:51:19 - [TEST_STEP][PASSED] - println("spouse req id is : " + response_searchME_spouse): null

2022-11-22 14:51:19 - [TEST_STEP][PASSED] - verifyResponseStatusCode(req_data, 200): Verify response status code successfully

2022-11-22 14:51:19 - [MESSAGE][PASSED] - Verify response status code successfully

2022-11-22 14:51:19 - [TEST_STEP][PASSED] - response = req_data.getResponseText(): null

2022-11-22 14:51:19 - [TEST_STEP][PASSED] - logInfo($response): {"status":"Done","data":{"requestid1":"241689","requestid2":""}}

2022-11-22 14:51:19 - [MESSAGE][INFO] - {"status":"Done","data":{"requestid1":"241689","requestid2":""}}

2022-11-22 14:51:19 - [TEST_STEP][PASSED] - delay(3): Delayed 3 second(s)

2022-11-22 14:51:22 - [MESSAGE][PASSED] - Delayed 3 second(s)

2022-11-22 14:51:22 - [TEST_STEP][PASSED] - scoring = sendRequest(findTestObject("EngineScore", ["response_searchME_kons":response_searchME_kons, "response_searchME_spouse":response_searchME_spouse])): Send request successfully

2022-11-22 14:51:22 - [MESSAGE][INFO] - HAR: D:\DMS\Engine Scoring\Reports\20221122_143755\Exclude KKB - DS\Scoring Individu - CS\20221122_143756\requests\main\297.har

2022-11-22 14:51:22 - [MESSAGE][PASSED] - Send request successfully

2022-11-22 14:51:22 - [TEST_STEP][PASSED] - verifyResponseStatusCode(scoring, 200): Verify response status code successfully

2022-11-22 14:51:22 - [MESSAGE][PASSED] - Verify response status code successfully

2022-11-22 14:51:22 - [TEST_STEP][PASSED] - response2 = scoring.getResponseText(): null

2022-11-22 14:51:22 - [TEST_STEP][PASSED] - markPassed("result service data ke : " + no): result service data ke : 149

2022-11-22 14:51:22 - [MESSAGE][PASSED] - result service data ke : 149

2022-11-22 14:51:22 - [TEST_STEP][PASSED] - logInfo($response2): {"result_konsumen":"Reject","result_pasangan":"","Final_result":"Reject","errorMessage":"","status":"Done"}

2022-11-22 14:51:22 - [MESSAGE][INFO] - {"result_konsumen":"Reject","result_pasangan":"","Final_result":"Reject","errorMessage":"","status":"Done"}

2022-11-22 14:51:22 - [TEST_STEP][PASSED] - verifyElementPropertyValue(scoring, "Final_result", final_result): Verify element property value successfully

2022-11-22 14:51:23 - [MESSAGE][PASSED] - Verify element property value successfully]]></system-out>
         <system-err><![CDATA[]]></system-err>
      </testcase>
      <testcase name="Test Cases/Engine_Scoring/Engine Scoring" time="7.229" classname="Test Cases/Engine_Scoring/Engine Scoring" status="PASSED">
         <system-out><![CDATA[2022-11-22 14:51:23 - [TEST_CASE][PASSED] - Test Cases/Engine_Scoring/Engine Scoring: Test Cases/Engine_Scoring/Engine Scoring

2022-11-22 14:51:26 - [TEST_STEP][PASSED] - markPassed("Variasi data ke : " + no): Variasi data ke : 150

2022-11-22 14:51:26 - [MESSAGE][PASSED] - Variasi data ke : 150

2022-11-22 14:51:26 - [TEST_STEP][PASSED] - req_data = sendRequest(findTestObject("Search_ME", ["MID":MID, "source":source, "ip":ip, "userid":userid, "branch":branch, "tipekons":tipekons, "marital":marital, "penjamin":penjamin, ... ])): Send request successfully

2022-11-22 14:51:27 - [MESSAGE][INFO] - HAR: D:\DMS\Engine Scoring\Reports\20221122_143755\Exclude KKB - DS\Scoring Individu - CS\20221122_143756\requests\main\298.har

2022-11-22 14:51:27 - [MESSAGE][PASSED] - Send request successfully

2022-11-22 14:51:27 - [TEST_STEP][PASSED] - slurper = new groovy.json.JsonSlurper(): null

2022-11-22 14:51:27 - [TEST_STEP][PASSED] - result = slurper.parseText(req_data.getResponseBodyContent()): null

2022-11-22 14:51:27 - [TEST_STEP][PASSED] - reqid_kons = requestid1: null

2022-11-22 14:51:27 - [TEST_STEP][PASSED] - reqid_spouse = requestid2: null

2022-11-22 14:51:27 - [TEST_STEP][PASSED] - println("requestid kons : " + reqid_kons): null

2022-11-22 14:51:27 - [TEST_STEP][PASSED] - response_searchME_kons = reqid_kons: null

2022-11-22 14:51:27 - [TEST_STEP][PASSED] - response_searchME_spouse = reqid_spouse: null

2022-11-22 14:51:27 - [TEST_STEP][PASSED] - println("kons req id is :" + response_searchME_kons): null

2022-11-22 14:51:27 - [TEST_STEP][PASSED] - println("spouse req id is : " + response_searchME_spouse): null

2022-11-22 14:51:27 - [TEST_STEP][PASSED] - verifyResponseStatusCode(req_data, 200): Verify response status code successfully

2022-11-22 14:51:27 - [MESSAGE][PASSED] - Verify response status code successfully

2022-11-22 14:51:27 - [TEST_STEP][PASSED] - response = req_data.getResponseText(): null

2022-11-22 14:51:27 - [TEST_STEP][PASSED] - logInfo($response): {"status":"Done","data":{"requestid1":"241690","requestid2":""}}

2022-11-22 14:51:27 - [MESSAGE][INFO] - {"status":"Done","data":{"requestid1":"241690","requestid2":""}}

2022-11-22 14:51:27 - [TEST_STEP][PASSED] - delay(3): Delayed 3 second(s)

2022-11-22 14:51:30 - [MESSAGE][PASSED] - Delayed 3 second(s)

2022-11-22 14:51:30 - [TEST_STEP][PASSED] - scoring = sendRequest(findTestObject("EngineScore", ["response_searchME_kons":response_searchME_kons, "response_searchME_spouse":response_searchME_spouse])): Send request successfully

2022-11-22 14:51:30 - [MESSAGE][INFO] - HAR: D:\DMS\Engine Scoring\Reports\20221122_143755\Exclude KKB - DS\Scoring Individu - CS\20221122_143756\requests\main\299.har

2022-11-22 14:51:30 - [MESSAGE][PASSED] - Send request successfully

2022-11-22 14:51:30 - [TEST_STEP][PASSED] - verifyResponseStatusCode(scoring, 200): Verify response status code successfully

2022-11-22 14:51:30 - [MESSAGE][PASSED] - Verify response status code successfully

2022-11-22 14:51:30 - [TEST_STEP][PASSED] - response2 = scoring.getResponseText(): null

2022-11-22 14:51:30 - [TEST_STEP][PASSED] - markPassed("result service data ke : " + no): result service data ke : 150

2022-11-22 14:51:30 - [MESSAGE][PASSED] - result service data ke : 150

2022-11-22 14:51:30 - [TEST_STEP][PASSED] - logInfo($response2): {"result_konsumen":"Reject","result_pasangan":"","Final_result":"Reject","errorMessage":"","status":"Done"}

2022-11-22 14:51:30 - [MESSAGE][INFO] - {"result_konsumen":"Reject","result_pasangan":"","Final_result":"Reject","errorMessage":"","status":"Done"}

2022-11-22 14:51:30 - [TEST_STEP][PASSED] - verifyElementPropertyValue(scoring, "Final_result", final_result): Verify element property value successfully

2022-11-22 14:51:30 - [MESSAGE][PASSED] - Verify element property value successfully]]></system-out>
         <system-err><![CDATA[]]></system-err>
      </testcase>
      <testcase name="Test Cases/Engine_Scoring/Engine Scoring" time="6.712" classname="Test Cases/Engine_Scoring/Engine Scoring" status="PASSED">
         <system-out><![CDATA[2022-11-22 14:51:30 - [TEST_CASE][PASSED] - Test Cases/Engine_Scoring/Engine Scoring: Test Cases/Engine_Scoring/Engine Scoring

2022-11-22 14:51:32 - [TEST_STEP][PASSED] - markPassed("Variasi data ke : " + no): Variasi data ke : 151

2022-11-22 14:51:32 - [MESSAGE][PASSED] - Variasi data ke : 151

2022-11-22 14:51:32 - [TEST_STEP][PASSED] - req_data = sendRequest(findTestObject("Search_ME", ["MID":MID, "source":source, "ip":ip, "userid":userid, "branch":branch, "tipekons":tipekons, "marital":marital, "penjamin":penjamin, ... ])): Send request successfully

2022-11-22 14:51:33 - [MESSAGE][INFO] - HAR: D:\DMS\Engine Scoring\Reports\20221122_143755\Exclude KKB - DS\Scoring Individu - CS\20221122_143756\requests\main\300.har

2022-11-22 14:51:33 - [MESSAGE][PASSED] - Send request successfully

2022-11-22 14:51:33 - [TEST_STEP][PASSED] - slurper = new groovy.json.JsonSlurper(): null

2022-11-22 14:51:33 - [TEST_STEP][PASSED] - result = slurper.parseText(req_data.getResponseBodyContent()): null

2022-11-22 14:51:33 - [TEST_STEP][PASSED] - reqid_kons = requestid1: null

2022-11-22 14:51:33 - [TEST_STEP][PASSED] - reqid_spouse = requestid2: null

2022-11-22 14:51:33 - [TEST_STEP][PASSED] - println("requestid kons : " + reqid_kons): null

2022-11-22 14:51:33 - [TEST_STEP][PASSED] - response_searchME_kons = reqid_kons: null

2022-11-22 14:51:33 - [TEST_STEP][PASSED] - response_searchME_spouse = reqid_spouse: null

2022-11-22 14:51:33 - [TEST_STEP][PASSED] - println("kons req id is :" + response_searchME_kons): null

2022-11-22 14:51:33 - [TEST_STEP][PASSED] - println("spouse req id is : " + response_searchME_spouse): null

2022-11-22 14:51:33 - [TEST_STEP][PASSED] - verifyResponseStatusCode(req_data, 200): Verify response status code successfully

2022-11-22 14:51:33 - [MESSAGE][PASSED] - Verify response status code successfully

2022-11-22 14:51:33 - [TEST_STEP][PASSED] - response = req_data.getResponseText(): null

2022-11-22 14:51:33 - [TEST_STEP][PASSED] - logInfo($response): {"status":"Done","data":{"requestid1":"241691","requestid2":""}}

2022-11-22 14:51:33 - [MESSAGE][INFO] - {"status":"Done","data":{"requestid1":"241691","requestid2":""}}

2022-11-22 14:51:33 - [TEST_STEP][PASSED] - delay(3): Delayed 3 second(s)

2022-11-22 14:51:36 - [MESSAGE][PASSED] - Delayed 3 second(s)

2022-11-22 14:51:36 - [TEST_STEP][PASSED] - scoring = sendRequest(findTestObject("EngineScore", ["response_searchME_kons":response_searchME_kons, "response_searchME_spouse":response_searchME_spouse])): Send request successfully

2022-11-22 14:51:37 - [MESSAGE][INFO] - HAR: D:\DMS\Engine Scoring\Reports\20221122_143755\Exclude KKB - DS\Scoring Individu - CS\20221122_143756\requests\main\301.har

2022-11-22 14:51:37 - [MESSAGE][PASSED] - Send request successfully

2022-11-22 14:51:37 - [TEST_STEP][PASSED] - verifyResponseStatusCode(scoring, 200): Verify response status code successfully

2022-11-22 14:51:37 - [MESSAGE][PASSED] - Verify response status code successfully

2022-11-22 14:51:37 - [TEST_STEP][PASSED] - response2 = scoring.getResponseText(): null

2022-11-22 14:51:37 - [TEST_STEP][PASSED] - markPassed("result service data ke : " + no): result service data ke : 151

2022-11-22 14:51:37 - [MESSAGE][PASSED] - result service data ke : 151

2022-11-22 14:51:37 - [TEST_STEP][PASSED] - logInfo($response2): {"result_konsumen":"Reject","result_pasangan":"","Final_result":"Reject","errorMessage":"","status":"Done"}

2022-11-22 14:51:37 - [MESSAGE][INFO] - {"result_konsumen":"Reject","result_pasangan":"","Final_result":"Reject","errorMessage":"","status":"Done"}

2022-11-22 14:51:37 - [TEST_STEP][PASSED] - verifyElementPropertyValue(scoring, "Final_result", final_result): Verify element property value successfully

2022-11-22 14:51:37 - [MESSAGE][PASSED] - Verify element property value successfully]]></system-out>
         <system-err><![CDATA[]]></system-err>
      </testcase>
      <testcase name="Test Cases/Engine_Scoring/Engine Scoring" time="5.977" classname="Test Cases/Engine_Scoring/Engine Scoring" status="PASSED">
         <system-out><![CDATA[2022-11-22 14:51:37 - [TEST_CASE][PASSED] - Test Cases/Engine_Scoring/Engine Scoring: Test Cases/Engine_Scoring/Engine Scoring

2022-11-22 14:51:38 - [TEST_STEP][PASSED] - markPassed("Variasi data ke : " + no): Variasi data ke : 152

2022-11-22 14:51:38 - [MESSAGE][PASSED] - Variasi data ke : 152

2022-11-22 14:51:38 - [TEST_STEP][PASSED] - req_data = sendRequest(findTestObject("Search_ME", ["MID":MID, "source":source, "ip":ip, "userid":userid, "branch":branch, "tipekons":tipekons, "marital":marital, "penjamin":penjamin, ... ])): Send request successfully

2022-11-22 14:51:39 - [MESSAGE][INFO] - HAR: D:\DMS\Engine Scoring\Reports\20221122_143755\Exclude KKB - DS\Scoring Individu - CS\20221122_143756\requests\main\302.har

2022-11-22 14:51:39 - [MESSAGE][PASSED] - Send request successfully

2022-11-22 14:51:39 - [TEST_STEP][PASSED] - slurper = new groovy.json.JsonSlurper(): null

2022-11-22 14:51:39 - [TEST_STEP][PASSED] - result = slurper.parseText(req_data.getResponseBodyContent()): null

2022-11-22 14:51:39 - [TEST_STEP][PASSED] - reqid_kons = requestid1: null

2022-11-22 14:51:39 - [TEST_STEP][PASSED] - reqid_spouse = requestid2: null

2022-11-22 14:51:39 - [TEST_STEP][PASSED] - println("requestid kons : " + reqid_kons): null

2022-11-22 14:51:39 - [TEST_STEP][PASSED] - response_searchME_kons = reqid_kons: null

2022-11-22 14:51:39 - [TEST_STEP][PASSED] - response_searchME_spouse = reqid_spouse: null

2022-11-22 14:51:39 - [TEST_STEP][PASSED] - println("kons req id is :" + response_searchME_kons): null

2022-11-22 14:51:39 - [TEST_STEP][PASSED] - println("spouse req id is : " + response_searchME_spouse): null

2022-11-22 14:51:39 - [TEST_STEP][PASSED] - verifyResponseStatusCode(req_data, 200): Verify response status code successfully

2022-11-22 14:51:39 - [MESSAGE][PASSED] - Verify response status code successfully

2022-11-22 14:51:39 - [TEST_STEP][PASSED] - response = req_data.getResponseText(): null

2022-11-22 14:51:39 - [TEST_STEP][PASSED] - logInfo($response): {"status":"Done","data":{"requestid1":"241692","requestid2":""}}

2022-11-22 14:51:39 - [MESSAGE][INFO] - {"status":"Done","data":{"requestid1":"241692","requestid2":""}}

2022-11-22 14:51:39 - [TEST_STEP][PASSED] - delay(3): Delayed 3 second(s)

2022-11-22 14:51:42 - [MESSAGE][PASSED] - Delayed 3 second(s)

2022-11-22 14:51:42 - [TEST_STEP][PASSED] - scoring = sendRequest(findTestObject("EngineScore", ["response_searchME_kons":response_searchME_kons, "response_searchME_spouse":response_searchME_spouse])): Send request successfully

2022-11-22 14:51:43 - [MESSAGE][INFO] - HAR: D:\DMS\Engine Scoring\Reports\20221122_143755\Exclude KKB - DS\Scoring Individu - CS\20221122_143756\requests\main\303.har

2022-11-22 14:51:43 - [MESSAGE][PASSED] - Send request successfully

2022-11-22 14:51:43 - [TEST_STEP][PASSED] - verifyResponseStatusCode(scoring, 200): Verify response status code successfully

2022-11-22 14:51:43 - [MESSAGE][PASSED] - Verify response status code successfully

2022-11-22 14:51:43 - [TEST_STEP][PASSED] - response2 = scoring.getResponseText(): null

2022-11-22 14:51:43 - [TEST_STEP][PASSED] - markPassed("result service data ke : " + no): result service data ke : 152

2022-11-22 14:51:43 - [MESSAGE][PASSED] - result service data ke : 152

2022-11-22 14:51:43 - [TEST_STEP][PASSED] - logInfo($response2): {"result_konsumen":"Reject","result_pasangan":"","Final_result":"Reject","errorMessage":"","status":"Done"}

2022-11-22 14:51:43 - [MESSAGE][INFO] - {"result_konsumen":"Reject","result_pasangan":"","Final_result":"Reject","errorMessage":"","status":"Done"}

2022-11-22 14:51:43 - [TEST_STEP][PASSED] - verifyElementPropertyValue(scoring, "Final_result", final_result): Verify element property value successfully

2022-11-22 14:51:43 - [MESSAGE][PASSED] - Verify element property value successfully]]></system-out>
         <system-err><![CDATA[]]></system-err>
      </testcase>
      <testcase name="Test Cases/Engine_Scoring/Engine Scoring" time="7.759" classname="Test Cases/Engine_Scoring/Engine Scoring" status="PASSED">
         <system-out><![CDATA[2022-11-22 14:51:43 - [TEST_CASE][PASSED] - Test Cases/Engine_Scoring/Engine Scoring: Test Cases/Engine_Scoring/Engine Scoring

2022-11-22 14:51:46 - [TEST_STEP][PASSED] - markPassed("Variasi data ke : " + no): Variasi data ke : 153

2022-11-22 14:51:46 - [MESSAGE][PASSED] - Variasi data ke : 153

2022-11-22 14:51:46 - [TEST_STEP][PASSED] - req_data = sendRequest(findTestObject("Search_ME", ["MID":MID, "source":source, "ip":ip, "userid":userid, "branch":branch, "tipekons":tipekons, "marital":marital, "penjamin":penjamin, ... ])): Send request successfully

2022-11-22 14:51:47 - [MESSAGE][INFO] - HAR: D:\DMS\Engine Scoring\Reports\20221122_143755\Exclude KKB - DS\Scoring Individu - CS\20221122_143756\requests\main\304.har

2022-11-22 14:51:47 - [MESSAGE][PASSED] - Send request successfully

2022-11-22 14:51:47 - [TEST_STEP][PASSED] - slurper = new groovy.json.JsonSlurper(): null

2022-11-22 14:51:47 - [TEST_STEP][PASSED] - result = slurper.parseText(req_data.getResponseBodyContent()): null

2022-11-22 14:51:47 - [TEST_STEP][PASSED] - reqid_kons = requestid1: null

2022-11-22 14:51:47 - [TEST_STEP][PASSED] - reqid_spouse = requestid2: null

2022-11-22 14:51:47 - [TEST_STEP][PASSED] - println("requestid kons : " + reqid_kons): null

2022-11-22 14:51:47 - [TEST_STEP][PASSED] - response_searchME_kons = reqid_kons: null

2022-11-22 14:51:47 - [TEST_STEP][PASSED] - response_searchME_spouse = reqid_spouse: null

2022-11-22 14:51:47 - [TEST_STEP][PASSED] - println("kons req id is :" + response_searchME_kons): null

2022-11-22 14:51:47 - [TEST_STEP][PASSED] - println("spouse req id is : " + response_searchME_spouse): null

2022-11-22 14:51:47 - [TEST_STEP][PASSED] - verifyResponseStatusCode(req_data, 200): Verify response status code successfully

2022-11-22 14:51:47 - [MESSAGE][PASSED] - Verify response status code successfully

2022-11-22 14:51:47 - [TEST_STEP][PASSED] - response = req_data.getResponseText(): null

2022-11-22 14:51:47 - [TEST_STEP][PASSED] - logInfo($response): {"status":"Done","data":{"requestid1":"241693","requestid2":""}}

2022-11-22 14:51:47 - [MESSAGE][INFO] - {"status":"Done","data":{"requestid1":"241693","requestid2":""}}

2022-11-22 14:51:47 - [TEST_STEP][PASSED] - delay(3): Delayed 3 second(s)

2022-11-22 14:51:50 - [MESSAGE][PASSED] - Delayed 3 second(s)

2022-11-22 14:51:50 - [TEST_STEP][PASSED] - scoring = sendRequest(findTestObject("EngineScore", ["response_searchME_kons":response_searchME_kons, "response_searchME_spouse":response_searchME_spouse])): Send request successfully

2022-11-22 14:51:50 - [MESSAGE][INFO] - HAR: D:\DMS\Engine Scoring\Reports\20221122_143755\Exclude KKB - DS\Scoring Individu - CS\20221122_143756\requests\main\305.har

2022-11-22 14:51:50 - [MESSAGE][PASSED] - Send request successfully

2022-11-22 14:51:50 - [TEST_STEP][PASSED] - verifyResponseStatusCode(scoring, 200): Verify response status code successfully

2022-11-22 14:51:50 - [MESSAGE][PASSED] - Verify response status code successfully

2022-11-22 14:51:50 - [TEST_STEP][PASSED] - response2 = scoring.getResponseText(): null

2022-11-22 14:51:50 - [TEST_STEP][PASSED] - markPassed("result service data ke : " + no): result service data ke : 153

2022-11-22 14:51:50 - [MESSAGE][PASSED] - result service data ke : 153

2022-11-22 14:51:50 - [TEST_STEP][PASSED] - logInfo($response2): {"result_konsumen":"Reject","result_pasangan":"","Final_result":"Reject","errorMessage":"","status":"Done"}

2022-11-22 14:51:50 - [MESSAGE][INFO] - {"result_konsumen":"Reject","result_pasangan":"","Final_result":"Reject","errorMessage":"","status":"Done"}

2022-11-22 14:51:50 - [TEST_STEP][PASSED] - verifyElementPropertyValue(scoring, "Final_result", final_result): Verify element property value successfully

2022-11-22 14:51:50 - [MESSAGE][PASSED] - Verify element property value successfully]]></system-out>
         <system-err><![CDATA[]]></system-err>
      </testcase>
      <testcase name="Test Cases/Engine_Scoring/Engine Scoring" time="5.059" classname="Test Cases/Engine_Scoring/Engine Scoring" status="PASSED">
         <system-out><![CDATA[2022-11-22 14:51:51 - [TEST_CASE][PASSED] - Test Cases/Engine_Scoring/Engine Scoring: Test Cases/Engine_Scoring/Engine Scoring

2022-11-22 14:51:52 - [TEST_STEP][PASSED] - markPassed("Variasi data ke : " + no): Variasi data ke : 154

2022-11-22 14:51:52 - [MESSAGE][PASSED] - Variasi data ke : 154

2022-11-22 14:51:52 - [TEST_STEP][PASSED] - req_data = sendRequest(findTestObject("Search_ME", ["MID":MID, "source":source, "ip":ip, "userid":userid, "branch":branch, "tipekons":tipekons, "marital":marital, "penjamin":penjamin, ... ])): Send request successfully

2022-11-22 14:51:53 - [MESSAGE][INFO] - HAR: D:\DMS\Engine Scoring\Reports\20221122_143755\Exclude KKB - DS\Scoring Individu - CS\20221122_143756\requests\main\306.har

2022-11-22 14:51:53 - [MESSAGE][PASSED] - Send request successfully

2022-11-22 14:51:53 - [TEST_STEP][PASSED] - slurper = new groovy.json.JsonSlurper(): null

2022-11-22 14:51:53 - [TEST_STEP][PASSED] - result = slurper.parseText(req_data.getResponseBodyContent()): null

2022-11-22 14:51:53 - [TEST_STEP][PASSED] - reqid_kons = requestid1: null

2022-11-22 14:51:53 - [TEST_STEP][PASSED] - reqid_spouse = requestid2: null

2022-11-22 14:51:53 - [TEST_STEP][PASSED] - println("requestid kons : " + reqid_kons): null

2022-11-22 14:51:53 - [TEST_STEP][PASSED] - response_searchME_kons = reqid_kons: null

2022-11-22 14:51:53 - [TEST_STEP][PASSED] - response_searchME_spouse = reqid_spouse: null

2022-11-22 14:51:53 - [TEST_STEP][PASSED] - println("kons req id is :" + response_searchME_kons): null

2022-11-22 14:51:53 - [TEST_STEP][PASSED] - println("spouse req id is : " + response_searchME_spouse): null

2022-11-22 14:51:53 - [TEST_STEP][PASSED] - verifyResponseStatusCode(req_data, 200): Verify response status code successfully

2022-11-22 14:51:53 - [MESSAGE][PASSED] - Verify response status code successfully

2022-11-22 14:51:53 - [TEST_STEP][PASSED] - response = req_data.getResponseText(): null

2022-11-22 14:51:53 - [TEST_STEP][PASSED] - logInfo($response): {"status":"Done","data":{"requestid1":"241694","requestid2":""}}

2022-11-22 14:51:53 - [MESSAGE][INFO] - {"status":"Done","data":{"requestid1":"241694","requestid2":""}}

2022-11-22 14:51:53 - [TEST_STEP][PASSED] - delay(3): Delayed 3 second(s)

2022-11-22 14:51:56 - [MESSAGE][PASSED] - Delayed 3 second(s)

2022-11-22 14:51:56 - [TEST_STEP][PASSED] - scoring = sendRequest(findTestObject("EngineScore", ["response_searchME_kons":response_searchME_kons, "response_searchME_spouse":response_searchME_spouse])): Send request successfully

2022-11-22 14:51:56 - [MESSAGE][INFO] - HAR: D:\DMS\Engine Scoring\Reports\20221122_143755\Exclude KKB - DS\Scoring Individu - CS\20221122_143756\requests\main\307.har

2022-11-22 14:51:56 - [MESSAGE][PASSED] - Send request successfully

2022-11-22 14:51:56 - [TEST_STEP][PASSED] - verifyResponseStatusCode(scoring, 200): Verify response status code successfully

2022-11-22 14:51:56 - [MESSAGE][PASSED] - Verify response status code successfully

2022-11-22 14:51:56 - [TEST_STEP][PASSED] - response2 = scoring.getResponseText(): null

2022-11-22 14:51:56 - [TEST_STEP][PASSED] - markPassed("result service data ke : " + no): result service data ke : 154

2022-11-22 14:51:56 - [MESSAGE][PASSED] - result service data ke : 154

2022-11-22 14:51:56 - [TEST_STEP][PASSED] - logInfo($response2): {"result_konsumen":"Reguler","result_pasangan":"","Final_result":"Reguler","errorMessage":"","status":"Done"}

2022-11-22 14:51:56 - [MESSAGE][INFO] - {"result_konsumen":"Reguler","result_pasangan":"","Final_result":"Reguler","errorMessage":"","status":"Done"}

2022-11-22 14:51:56 - [TEST_STEP][PASSED] - verifyElementPropertyValue(scoring, "Final_result", final_result): Verify element property value successfully

2022-11-22 14:51:56 - [MESSAGE][PASSED] - Verify element property value successfully]]></system-out>
         <system-err><![CDATA[]]></system-err>
      </testcase>
      <testcase name="Test Cases/Engine_Scoring/Engine Scoring" time="5.232" classname="Test Cases/Engine_Scoring/Engine Scoring" status="PASSED">
         <system-out><![CDATA[2022-11-22 14:51:56 - [TEST_CASE][PASSED] - Test Cases/Engine_Scoring/Engine Scoring: Test Cases/Engine_Scoring/Engine Scoring

2022-11-22 14:51:57 - [TEST_STEP][PASSED] - markPassed("Variasi data ke : " + no): Variasi data ke : 155

2022-11-22 14:51:57 - [MESSAGE][PASSED] - Variasi data ke : 155

2022-11-22 14:51:57 - [TEST_STEP][PASSED] - req_data = sendRequest(findTestObject("Search_ME", ["MID":MID, "source":source, "ip":ip, "userid":userid, "branch":branch, "tipekons":tipekons, "marital":marital, "penjamin":penjamin, ... ])): Send request successfully

2022-11-22 14:51:58 - [MESSAGE][INFO] - HAR: D:\DMS\Engine Scoring\Reports\20221122_143755\Exclude KKB - DS\Scoring Individu - CS\20221122_143756\requests\main\308.har

2022-11-22 14:51:58 - [MESSAGE][PASSED] - Send request successfully

2022-11-22 14:51:58 - [TEST_STEP][PASSED] - slurper = new groovy.json.JsonSlurper(): null

2022-11-22 14:51:58 - [TEST_STEP][PASSED] - result = slurper.parseText(req_data.getResponseBodyContent()): null

2022-11-22 14:51:58 - [TEST_STEP][PASSED] - reqid_kons = requestid1: null

2022-11-22 14:51:58 - [TEST_STEP][PASSED] - reqid_spouse = requestid2: null

2022-11-22 14:51:58 - [TEST_STEP][PASSED] - println("requestid kons : " + reqid_kons): null

2022-11-22 14:51:58 - [TEST_STEP][PASSED] - response_searchME_kons = reqid_kons: null

2022-11-22 14:51:58 - [TEST_STEP][PASSED] - response_searchME_spouse = reqid_spouse: null

2022-11-22 14:51:58 - [TEST_STEP][PASSED] - println("kons req id is :" + response_searchME_kons): null

2022-11-22 14:51:58 - [TEST_STEP][PASSED] - println("spouse req id is : " + response_searchME_spouse): null

2022-11-22 14:51:58 - [TEST_STEP][PASSED] - verifyResponseStatusCode(req_data, 200): Verify response status code successfully

2022-11-22 14:51:58 - [MESSAGE][PASSED] - Verify response status code successfully

2022-11-22 14:51:58 - [TEST_STEP][PASSED] - response = req_data.getResponseText(): null

2022-11-22 14:51:58 - [TEST_STEP][PASSED] - logInfo($response): {"status":"Done","data":{"requestid1":"241695","requestid2":""}}

2022-11-22 14:51:58 - [MESSAGE][INFO] - {"status":"Done","data":{"requestid1":"241695","requestid2":""}}

2022-11-22 14:51:58 - [TEST_STEP][PASSED] - delay(3): Delayed 3 second(s)

2022-11-22 14:52:01 - [MESSAGE][PASSED] - Delayed 3 second(s)

2022-11-22 14:52:01 - [TEST_STEP][PASSED] - scoring = sendRequest(findTestObject("EngineScore", ["response_searchME_kons":response_searchME_kons, "response_searchME_spouse":response_searchME_spouse])): Send request successfully

2022-11-22 14:52:01 - [MESSAGE][INFO] - HAR: D:\DMS\Engine Scoring\Reports\20221122_143755\Exclude KKB - DS\Scoring Individu - CS\20221122_143756\requests\main\309.har

2022-11-22 14:52:01 - [MESSAGE][PASSED] - Send request successfully

2022-11-22 14:52:01 - [TEST_STEP][PASSED] - verifyResponseStatusCode(scoring, 200): Verify response status code successfully

2022-11-22 14:52:01 - [MESSAGE][PASSED] - Verify response status code successfully

2022-11-22 14:52:01 - [TEST_STEP][PASSED] - response2 = scoring.getResponseText(): null

2022-11-22 14:52:01 - [TEST_STEP][PASSED] - markPassed("result service data ke : " + no): result service data ke : 155

2022-11-22 14:52:01 - [MESSAGE][PASSED] - result service data ke : 155

2022-11-22 14:52:01 - [TEST_STEP][PASSED] - logInfo($response2): {"result_konsumen":"Reguler","result_pasangan":"","Final_result":"Reguler","errorMessage":"","status":"Done"}

2022-11-22 14:52:01 - [MESSAGE][INFO] - {"result_konsumen":"Reguler","result_pasangan":"","Final_result":"Reguler","errorMessage":"","status":"Done"}

2022-11-22 14:52:01 - [TEST_STEP][PASSED] - verifyElementPropertyValue(scoring, "Final_result", final_result): Verify element property value successfully

2022-11-22 14:52:01 - [MESSAGE][PASSED] - Verify element property value successfully]]></system-out>
         <system-err><![CDATA[]]></system-err>
      </testcase>
      <testcase name="Test Cases/Engine_Scoring/Engine Scoring" time="5.198" classname="Test Cases/Engine_Scoring/Engine Scoring" status="PASSED">
         <system-out><![CDATA[2022-11-22 14:52:01 - [TEST_CASE][PASSED] - Test Cases/Engine_Scoring/Engine Scoring: Test Cases/Engine_Scoring/Engine Scoring

2022-11-22 14:52:03 - [TEST_STEP][PASSED] - markPassed("Variasi data ke : " + no): Variasi data ke : 156

2022-11-22 14:52:03 - [MESSAGE][PASSED] - Variasi data ke : 156

2022-11-22 14:52:03 - [TEST_STEP][PASSED] - req_data = sendRequest(findTestObject("Search_ME", ["MID":MID, "source":source, "ip":ip, "userid":userid, "branch":branch, "tipekons":tipekons, "marital":marital, "penjamin":penjamin, ... ])): Send request successfully

2022-11-22 14:52:04 - [MESSAGE][INFO] - HAR: D:\DMS\Engine Scoring\Reports\20221122_143755\Exclude KKB - DS\Scoring Individu - CS\20221122_143756\requests\main\310.har

2022-11-22 14:52:04 - [MESSAGE][PASSED] - Send request successfully

2022-11-22 14:52:04 - [TEST_STEP][PASSED] - slurper = new groovy.json.JsonSlurper(): null

2022-11-22 14:52:04 - [TEST_STEP][PASSED] - result = slurper.parseText(req_data.getResponseBodyContent()): null

2022-11-22 14:52:04 - [TEST_STEP][PASSED] - reqid_kons = requestid1: null

2022-11-22 14:52:04 - [TEST_STEP][PASSED] - reqid_spouse = requestid2: null

2022-11-22 14:52:04 - [TEST_STEP][PASSED] - println("requestid kons : " + reqid_kons): null

2022-11-22 14:52:04 - [TEST_STEP][PASSED] - response_searchME_kons = reqid_kons: null

2022-11-22 14:52:04 - [TEST_STEP][PASSED] - response_searchME_spouse = reqid_spouse: null

2022-11-22 14:52:04 - [TEST_STEP][PASSED] - println("kons req id is :" + response_searchME_kons): null

2022-11-22 14:52:04 - [TEST_STEP][PASSED] - println("spouse req id is : " + response_searchME_spouse): null

2022-11-22 14:52:04 - [TEST_STEP][PASSED] - verifyResponseStatusCode(req_data, 200): Verify response status code successfully

2022-11-22 14:52:04 - [MESSAGE][PASSED] - Verify response status code successfully

2022-11-22 14:52:04 - [TEST_STEP][PASSED] - response = req_data.getResponseText(): null

2022-11-22 14:52:04 - [TEST_STEP][PASSED] - logInfo($response): {"status":"Done","data":{"requestid1":"241696","requestid2":""}}

2022-11-22 14:52:04 - [MESSAGE][INFO] - {"status":"Done","data":{"requestid1":"241696","requestid2":""}}

2022-11-22 14:52:04 - [TEST_STEP][PASSED] - delay(3): Delayed 3 second(s)

2022-11-22 14:52:07 - [MESSAGE][PASSED] - Delayed 3 second(s)

2022-11-22 14:52:07 - [TEST_STEP][PASSED] - scoring = sendRequest(findTestObject("EngineScore", ["response_searchME_kons":response_searchME_kons, "response_searchME_spouse":response_searchME_spouse])): Send request successfully

2022-11-22 14:52:07 - [MESSAGE][INFO] - HAR: D:\DMS\Engine Scoring\Reports\20221122_143755\Exclude KKB - DS\Scoring Individu - CS\20221122_143756\requests\main\311.har

2022-11-22 14:52:07 - [MESSAGE][PASSED] - Send request successfully

2022-11-22 14:52:07 - [TEST_STEP][PASSED] - verifyResponseStatusCode(scoring, 200): Verify response status code successfully

2022-11-22 14:52:07 - [MESSAGE][PASSED] - Verify response status code successfully

2022-11-22 14:52:07 - [TEST_STEP][PASSED] - response2 = scoring.getResponseText(): null

2022-11-22 14:52:07 - [TEST_STEP][PASSED] - markPassed("result service data ke : " + no): result service data ke : 156

2022-11-22 14:52:07 - [MESSAGE][PASSED] - result service data ke : 156

2022-11-22 14:52:07 - [TEST_STEP][PASSED] - logInfo($response2): {"result_konsumen":"Reguler","result_pasangan":"","Final_result":"Reguler","errorMessage":"","status":"Done"}

2022-11-22 14:52:07 - [MESSAGE][INFO] - {"result_konsumen":"Reguler","result_pasangan":"","Final_result":"Reguler","errorMessage":"","status":"Done"}

2022-11-22 14:52:07 - [TEST_STEP][PASSED] - verifyElementPropertyValue(scoring, "Final_result", final_result): Verify element property value successfully

2022-11-22 14:52:07 - [MESSAGE][PASSED] - Verify element property value successfully]]></system-out>
         <system-err><![CDATA[]]></system-err>
      </testcase>
      <testcase name="Test Cases/Engine_Scoring/Engine Scoring" time="5.175" classname="Test Cases/Engine_Scoring/Engine Scoring" status="PASSED">
         <system-out><![CDATA[2022-11-22 14:52:07 - [TEST_CASE][PASSED] - Test Cases/Engine_Scoring/Engine Scoring: Test Cases/Engine_Scoring/Engine Scoring

2022-11-22 14:52:08 - [TEST_STEP][PASSED] - markPassed("Variasi data ke : " + no): Variasi data ke : 157

2022-11-22 14:52:08 - [MESSAGE][PASSED] - Variasi data ke : 157

2022-11-22 14:52:08 - [TEST_STEP][PASSED] - req_data = sendRequest(findTestObject("Search_ME", ["MID":MID, "source":source, "ip":ip, "userid":userid, "branch":branch, "tipekons":tipekons, "marital":marital, "penjamin":penjamin, ... ])): Send request successfully

2022-11-22 14:52:09 - [MESSAGE][INFO] - HAR: D:\DMS\Engine Scoring\Reports\20221122_143755\Exclude KKB - DS\Scoring Individu - CS\20221122_143756\requests\main\312.har

2022-11-22 14:52:09 - [MESSAGE][PASSED] - Send request successfully

2022-11-22 14:52:09 - [TEST_STEP][PASSED] - slurper = new groovy.json.JsonSlurper(): null

2022-11-22 14:52:09 - [TEST_STEP][PASSED] - result = slurper.parseText(req_data.getResponseBodyContent()): null

2022-11-22 14:52:09 - [TEST_STEP][PASSED] - reqid_kons = requestid1: null

2022-11-22 14:52:09 - [TEST_STEP][PASSED] - reqid_spouse = requestid2: null

2022-11-22 14:52:09 - [TEST_STEP][PASSED] - println("requestid kons : " + reqid_kons): null

2022-11-22 14:52:09 - [TEST_STEP][PASSED] - response_searchME_kons = reqid_kons: null

2022-11-22 14:52:09 - [TEST_STEP][PASSED] - response_searchME_spouse = reqid_spouse: null

2022-11-22 14:52:09 - [TEST_STEP][PASSED] - println("kons req id is :" + response_searchME_kons): null

2022-11-22 14:52:09 - [TEST_STEP][PASSED] - println("spouse req id is : " + response_searchME_spouse): null

2022-11-22 14:52:09 - [TEST_STEP][PASSED] - verifyResponseStatusCode(req_data, 200): Verify response status code successfully

2022-11-22 14:52:09 - [MESSAGE][PASSED] - Verify response status code successfully

2022-11-22 14:52:09 - [TEST_STEP][PASSED] - response = req_data.getResponseText(): null

2022-11-22 14:52:09 - [TEST_STEP][PASSED] - logInfo($response): {"status":"Done","data":{"requestid1":"241697","requestid2":""}}

2022-11-22 14:52:09 - [MESSAGE][INFO] - {"status":"Done","data":{"requestid1":"241697","requestid2":""}}

2022-11-22 14:52:09 - [TEST_STEP][PASSED] - delay(3): Delayed 3 second(s)

2022-11-22 14:52:12 - [MESSAGE][PASSED] - Delayed 3 second(s)

2022-11-22 14:52:12 - [TEST_STEP][PASSED] - scoring = sendRequest(findTestObject("EngineScore", ["response_searchME_kons":response_searchME_kons, "response_searchME_spouse":response_searchME_spouse])): Send request successfully

2022-11-22 14:52:12 - [MESSAGE][INFO] - HAR: D:\DMS\Engine Scoring\Reports\20221122_143755\Exclude KKB - DS\Scoring Individu - CS\20221122_143756\requests\main\313.har

2022-11-22 14:52:12 - [MESSAGE][PASSED] - Send request successfully

2022-11-22 14:52:12 - [TEST_STEP][PASSED] - verifyResponseStatusCode(scoring, 200): Verify response status code successfully

2022-11-22 14:52:12 - [MESSAGE][PASSED] - Verify response status code successfully

2022-11-22 14:52:12 - [TEST_STEP][PASSED] - response2 = scoring.getResponseText(): null

2022-11-22 14:52:12 - [TEST_STEP][PASSED] - markPassed("result service data ke : " + no): result service data ke : 157

2022-11-22 14:52:12 - [MESSAGE][PASSED] - result service data ke : 157

2022-11-22 14:52:12 - [TEST_STEP][PASSED] - logInfo($response2): {"result_konsumen":"Approve","result_pasangan":"","Final_result":"Approve","errorMessage":"","status":"Done"}

2022-11-22 14:52:12 - [MESSAGE][INFO] - {"result_konsumen":"Approve","result_pasangan":"","Final_result":"Approve","errorMessage":"","status":"Done"}

2022-11-22 14:52:12 - [TEST_STEP][PASSED] - verifyElementPropertyValue(scoring, "Final_result", final_result): Verify element property value successfully

2022-11-22 14:52:12 - [MESSAGE][PASSED] - Verify element property value successfully]]></system-out>
         <system-err><![CDATA[]]></system-err>
      </testcase>
      <testcase name="Test Cases/Engine_Scoring/Engine Scoring" time="5.294" classname="Test Cases/Engine_Scoring/Engine Scoring" status="PASSED">
         <system-out><![CDATA[2022-11-22 14:52:12 - [TEST_CASE][PASSED] - Test Cases/Engine_Scoring/Engine Scoring: Test Cases/Engine_Scoring/Engine Scoring

2022-11-22 14:52:13 - [TEST_STEP][PASSED] - markPassed("Variasi data ke : " + no): Variasi data ke : 158

2022-11-22 14:52:13 - [MESSAGE][PASSED] - Variasi data ke : 158

2022-11-22 14:52:13 - [TEST_STEP][PASSED] - req_data = sendRequest(findTestObject("Search_ME", ["MID":MID, "source":source, "ip":ip, "userid":userid, "branch":branch, "tipekons":tipekons, "marital":marital, "penjamin":penjamin, ... ])): Send request successfully

2022-11-22 14:52:14 - [MESSAGE][INFO] - HAR: D:\DMS\Engine Scoring\Reports\20221122_143755\Exclude KKB - DS\Scoring Individu - CS\20221122_143756\requests\main\314.har

2022-11-22 14:52:14 - [MESSAGE][PASSED] - Send request successfully

2022-11-22 14:52:14 - [TEST_STEP][PASSED] - slurper = new groovy.json.JsonSlurper(): null

2022-11-22 14:52:14 - [TEST_STEP][PASSED] - result = slurper.parseText(req_data.getResponseBodyContent()): null

2022-11-22 14:52:14 - [TEST_STEP][PASSED] - reqid_kons = requestid1: null

2022-11-22 14:52:14 - [TEST_STEP][PASSED] - reqid_spouse = requestid2: null

2022-11-22 14:52:14 - [TEST_STEP][PASSED] - println("requestid kons : " + reqid_kons): null

2022-11-22 14:52:14 - [TEST_STEP][PASSED] - response_searchME_kons = reqid_kons: null

2022-11-22 14:52:14 - [TEST_STEP][PASSED] - response_searchME_spouse = reqid_spouse: null

2022-11-22 14:52:14 - [TEST_STEP][PASSED] - println("kons req id is :" + response_searchME_kons): null

2022-11-22 14:52:14 - [TEST_STEP][PASSED] - println("spouse req id is : " + response_searchME_spouse): null

2022-11-22 14:52:14 - [TEST_STEP][PASSED] - verifyResponseStatusCode(req_data, 200): Verify response status code successfully

2022-11-22 14:52:14 - [MESSAGE][PASSED] - Verify response status code successfully

2022-11-22 14:52:14 - [TEST_STEP][PASSED] - response = req_data.getResponseText(): null

2022-11-22 14:52:14 - [TEST_STEP][PASSED] - logInfo($response): {"status":"Done","data":{"requestid1":"241698","requestid2":""}}

2022-11-22 14:52:14 - [MESSAGE][INFO] - {"status":"Done","data":{"requestid1":"241698","requestid2":""}}

2022-11-22 14:52:14 - [TEST_STEP][PASSED] - delay(3): Delayed 3 second(s)

2022-11-22 14:52:17 - [MESSAGE][PASSED] - Delayed 3 second(s)

2022-11-22 14:52:17 - [TEST_STEP][PASSED] - scoring = sendRequest(findTestObject("EngineScore", ["response_searchME_kons":response_searchME_kons, "response_searchME_spouse":response_searchME_spouse])): Send request successfully

2022-11-22 14:52:17 - [MESSAGE][INFO] - HAR: D:\DMS\Engine Scoring\Reports\20221122_143755\Exclude KKB - DS\Scoring Individu - CS\20221122_143756\requests\main\315.har

2022-11-22 14:52:17 - [MESSAGE][PASSED] - Send request successfully

2022-11-22 14:52:17 - [TEST_STEP][PASSED] - verifyResponseStatusCode(scoring, 200): Verify response status code successfully

2022-11-22 14:52:17 - [MESSAGE][PASSED] - Verify response status code successfully

2022-11-22 14:52:17 - [TEST_STEP][PASSED] - response2 = scoring.getResponseText(): null

2022-11-22 14:52:17 - [TEST_STEP][PASSED] - markPassed("result service data ke : " + no): result service data ke : 158

2022-11-22 14:52:17 - [MESSAGE][PASSED] - result service data ke : 158

2022-11-22 14:52:17 - [TEST_STEP][PASSED] - logInfo($response2): {"result_konsumen":"Approve","result_pasangan":"","Final_result":"Approve","errorMessage":"","status":"Done"}

2022-11-22 14:52:17 - [MESSAGE][INFO] - {"result_konsumen":"Approve","result_pasangan":"","Final_result":"Approve","errorMessage":"","status":"Done"}

2022-11-22 14:52:17 - [TEST_STEP][PASSED] - verifyElementPropertyValue(scoring, "Final_result", final_result): Verify element property value successfully

2022-11-22 14:52:17 - [MESSAGE][PASSED] - Verify element property value successfully]]></system-out>
         <system-err><![CDATA[]]></system-err>
      </testcase>
      <testcase name="Test Cases/Engine_Scoring/Engine Scoring" time="5.384" classname="Test Cases/Engine_Scoring/Engine Scoring" status="PASSED">
         <system-out><![CDATA[2022-11-22 14:52:17 - [TEST_CASE][PASSED] - Test Cases/Engine_Scoring/Engine Scoring: Test Cases/Engine_Scoring/Engine Scoring

2022-11-22 14:52:18 - [TEST_STEP][PASSED] - markPassed("Variasi data ke : " + no): Variasi data ke : 159

2022-11-22 14:52:18 - [MESSAGE][PASSED] - Variasi data ke : 159

2022-11-22 14:52:18 - [TEST_STEP][PASSED] - req_data = sendRequest(findTestObject("Search_ME", ["MID":MID, "source":source, "ip":ip, "userid":userid, "branch":branch, "tipekons":tipekons, "marital":marital, "penjamin":penjamin, ... ])): Send request successfully

2022-11-22 14:52:20 - [MESSAGE][INFO] - HAR: D:\DMS\Engine Scoring\Reports\20221122_143755\Exclude KKB - DS\Scoring Individu - CS\20221122_143756\requests\main\316.har

2022-11-22 14:52:20 - [MESSAGE][PASSED] - Send request successfully

2022-11-22 14:52:20 - [TEST_STEP][PASSED] - slurper = new groovy.json.JsonSlurper(): null

2022-11-22 14:52:20 - [TEST_STEP][PASSED] - result = slurper.parseText(req_data.getResponseBodyContent()): null

2022-11-22 14:52:20 - [TEST_STEP][PASSED] - reqid_kons = requestid1: null

2022-11-22 14:52:20 - [TEST_STEP][PASSED] - reqid_spouse = requestid2: null

2022-11-22 14:52:20 - [TEST_STEP][PASSED] - println("requestid kons : " + reqid_kons): null

2022-11-22 14:52:20 - [TEST_STEP][PASSED] - response_searchME_kons = reqid_kons: null

2022-11-22 14:52:20 - [TEST_STEP][PASSED] - response_searchME_spouse = reqid_spouse: null

2022-11-22 14:52:20 - [TEST_STEP][PASSED] - println("kons req id is :" + response_searchME_kons): null

2022-11-22 14:52:20 - [TEST_STEP][PASSED] - println("spouse req id is : " + response_searchME_spouse): null

2022-11-22 14:52:20 - [TEST_STEP][PASSED] - verifyResponseStatusCode(req_data, 200): Verify response status code successfully

2022-11-22 14:52:20 - [MESSAGE][PASSED] - Verify response status code successfully

2022-11-22 14:52:20 - [TEST_STEP][PASSED] - response = req_data.getResponseText(): null

2022-11-22 14:52:20 - [TEST_STEP][PASSED] - logInfo($response): {"status":"Done","data":{"requestid1":"241699","requestid2":""}}

2022-11-22 14:52:20 - [MESSAGE][INFO] - {"status":"Done","data":{"requestid1":"241699","requestid2":""}}

2022-11-22 14:52:20 - [TEST_STEP][PASSED] - delay(3): Delayed 3 second(s)

2022-11-22 14:52:23 - [MESSAGE][PASSED] - Delayed 3 second(s)

2022-11-22 14:52:23 - [TEST_STEP][PASSED] - scoring = sendRequest(findTestObject("EngineScore", ["response_searchME_kons":response_searchME_kons, "response_searchME_spouse":response_searchME_spouse])): Send request successfully

2022-11-22 14:52:23 - [MESSAGE][INFO] - HAR: D:\DMS\Engine Scoring\Reports\20221122_143755\Exclude KKB - DS\Scoring Individu - CS\20221122_143756\requests\main\317.har

2022-11-22 14:52:23 - [MESSAGE][PASSED] - Send request successfully

2022-11-22 14:52:23 - [TEST_STEP][PASSED] - verifyResponseStatusCode(scoring, 200): Verify response status code successfully

2022-11-22 14:52:23 - [MESSAGE][PASSED] - Verify response status code successfully

2022-11-22 14:52:23 - [TEST_STEP][PASSED] - response2 = scoring.getResponseText(): null

2022-11-22 14:52:23 - [TEST_STEP][PASSED] - markPassed("result service data ke : " + no): result service data ke : 159

2022-11-22 14:52:23 - [MESSAGE][PASSED] - result service data ke : 159

2022-11-22 14:52:23 - [TEST_STEP][PASSED] - logInfo($response2): {"result_konsumen":"Approve","result_pasangan":"","Final_result":"Approve","errorMessage":"","status":"Done"}

2022-11-22 14:52:23 - [MESSAGE][INFO] - {"result_konsumen":"Approve","result_pasangan":"","Final_result":"Approve","errorMessage":"","status":"Done"}

2022-11-22 14:52:23 - [TEST_STEP][PASSED] - verifyElementPropertyValue(scoring, "Final_result", final_result): Verify element property value successfully

2022-11-22 14:52:23 - [MESSAGE][PASSED] - Verify element property value successfully]]></system-out>
         <system-err><![CDATA[]]></system-err>
      </testcase>
      <testcase name="Test Cases/Engine_Scoring/Engine Scoring" time="5.16" classname="Test Cases/Engine_Scoring/Engine Scoring" status="PASSED">
         <system-out><![CDATA[2022-11-22 14:52:23 - [TEST_CASE][PASSED] - Test Cases/Engine_Scoring/Engine Scoring: Test Cases/Engine_Scoring/Engine Scoring

2022-11-22 14:52:24 - [TEST_STEP][PASSED] - markPassed("Variasi data ke : " + no): Variasi data ke : 160

2022-11-22 14:52:24 - [MESSAGE][PASSED] - Variasi data ke : 160

2022-11-22 14:52:24 - [TEST_STEP][PASSED] - req_data = sendRequest(findTestObject("Search_ME", ["MID":MID, "source":source, "ip":ip, "userid":userid, "branch":branch, "tipekons":tipekons, "marital":marital, "penjamin":penjamin, ... ])): Send request successfully

2022-11-22 14:52:25 - [MESSAGE][INFO] - HAR: D:\DMS\Engine Scoring\Reports\20221122_143755\Exclude KKB - DS\Scoring Individu - CS\20221122_143756\requests\main\318.har

2022-11-22 14:52:25 - [MESSAGE][PASSED] - Send request successfully

2022-11-22 14:52:25 - [TEST_STEP][PASSED] - slurper = new groovy.json.JsonSlurper(): null

2022-11-22 14:52:25 - [TEST_STEP][PASSED] - result = slurper.parseText(req_data.getResponseBodyContent()): null

2022-11-22 14:52:25 - [TEST_STEP][PASSED] - reqid_kons = requestid1: null

2022-11-22 14:52:25 - [TEST_STEP][PASSED] - reqid_spouse = requestid2: null

2022-11-22 14:52:25 - [TEST_STEP][PASSED] - println("requestid kons : " + reqid_kons): null

2022-11-22 14:52:25 - [TEST_STEP][PASSED] - response_searchME_kons = reqid_kons: null

2022-11-22 14:52:25 - [TEST_STEP][PASSED] - response_searchME_spouse = reqid_spouse: null

2022-11-22 14:52:25 - [TEST_STEP][PASSED] - println("kons req id is :" + response_searchME_kons): null

2022-11-22 14:52:25 - [TEST_STEP][PASSED] - println("spouse req id is : " + response_searchME_spouse): null

2022-11-22 14:52:25 - [TEST_STEP][PASSED] - verifyResponseStatusCode(req_data, 200): Verify response status code successfully

2022-11-22 14:52:25 - [MESSAGE][PASSED] - Verify response status code successfully

2022-11-22 14:52:25 - [TEST_STEP][PASSED] - response = req_data.getResponseText(): null

2022-11-22 14:52:25 - [TEST_STEP][PASSED] - logInfo($response): {"status":"Done","data":{"requestid1":"241700","requestid2":""}}

2022-11-22 14:52:25 - [MESSAGE][INFO] - {"status":"Done","data":{"requestid1":"241700","requestid2":""}}

2022-11-22 14:52:25 - [TEST_STEP][PASSED] - delay(3): Delayed 3 second(s)

2022-11-22 14:52:28 - [MESSAGE][PASSED] - Delayed 3 second(s)

2022-11-22 14:52:28 - [TEST_STEP][PASSED] - scoring = sendRequest(findTestObject("EngineScore", ["response_searchME_kons":response_searchME_kons, "response_searchME_spouse":response_searchME_spouse])): Send request successfully

2022-11-22 14:52:28 - [MESSAGE][INFO] - HAR: D:\DMS\Engine Scoring\Reports\20221122_143755\Exclude KKB - DS\Scoring Individu - CS\20221122_143756\requests\main\319.har

2022-11-22 14:52:28 - [MESSAGE][PASSED] - Send request successfully

2022-11-22 14:52:28 - [TEST_STEP][PASSED] - verifyResponseStatusCode(scoring, 200): Verify response status code successfully

2022-11-22 14:52:28 - [MESSAGE][PASSED] - Verify response status code successfully

2022-11-22 14:52:28 - [TEST_STEP][PASSED] - response2 = scoring.getResponseText(): null

2022-11-22 14:52:28 - [TEST_STEP][PASSED] - markPassed("result service data ke : " + no): result service data ke : 160

2022-11-22 14:52:28 - [MESSAGE][PASSED] - result service data ke : 160

2022-11-22 14:52:28 - [TEST_STEP][PASSED] - logInfo($response2): {"result_konsumen":"Approve","result_pasangan":"","Final_result":"Approve","errorMessage":"","status":"Done"}

2022-11-22 14:52:28 - [MESSAGE][INFO] - {"result_konsumen":"Approve","result_pasangan":"","Final_result":"Approve","errorMessage":"","status":"Done"}

2022-11-22 14:52:28 - [TEST_STEP][PASSED] - verifyElementPropertyValue(scoring, "Final_result", final_result): Verify element property value successfully

2022-11-22 14:52:28 - [MESSAGE][PASSED] - Verify element property value successfully]]></system-out>
         <system-err><![CDATA[]]></system-err>
      </testcase>
      <testcase name="Test Cases/Engine_Scoring/Engine Scoring" time="5.243" classname="Test Cases/Engine_Scoring/Engine Scoring" status="PASSED">
         <system-out><![CDATA[2022-11-22 14:52:28 - [TEST_CASE][PASSED] - Test Cases/Engine_Scoring/Engine Scoring: Test Cases/Engine_Scoring/Engine Scoring

2022-11-22 14:52:29 - [TEST_STEP][PASSED] - markPassed("Variasi data ke : " + no): Variasi data ke : 161

2022-11-22 14:52:29 - [MESSAGE][PASSED] - Variasi data ke : 161

2022-11-22 14:52:29 - [TEST_STEP][PASSED] - req_data = sendRequest(findTestObject("Search_ME", ["MID":MID, "source":source, "ip":ip, "userid":userid, "branch":branch, "tipekons":tipekons, "marital":marital, "penjamin":penjamin, ... ])): Send request successfully

2022-11-22 14:52:30 - [MESSAGE][INFO] - HAR: D:\DMS\Engine Scoring\Reports\20221122_143755\Exclude KKB - DS\Scoring Individu - CS\20221122_143756\requests\main\320.har

2022-11-22 14:52:30 - [MESSAGE][PASSED] - Send request successfully

2022-11-22 14:52:30 - [TEST_STEP][PASSED] - slurper = new groovy.json.JsonSlurper(): null

2022-11-22 14:52:30 - [TEST_STEP][PASSED] - result = slurper.parseText(req_data.getResponseBodyContent()): null

2022-11-22 14:52:30 - [TEST_STEP][PASSED] - reqid_kons = requestid1: null

2022-11-22 14:52:30 - [TEST_STEP][PASSED] - reqid_spouse = requestid2: null

2022-11-22 14:52:30 - [TEST_STEP][PASSED] - println("requestid kons : " + reqid_kons): null

2022-11-22 14:52:30 - [TEST_STEP][PASSED] - response_searchME_kons = reqid_kons: null

2022-11-22 14:52:30 - [TEST_STEP][PASSED] - response_searchME_spouse = reqid_spouse: null

2022-11-22 14:52:30 - [TEST_STEP][PASSED] - println("kons req id is :" + response_searchME_kons): null

2022-11-22 14:52:30 - [TEST_STEP][PASSED] - println("spouse req id is : " + response_searchME_spouse): null

2022-11-22 14:52:30 - [TEST_STEP][PASSED] - verifyResponseStatusCode(req_data, 200): Verify response status code successfully

2022-11-22 14:52:30 - [MESSAGE][PASSED] - Verify response status code successfully

2022-11-22 14:52:30 - [TEST_STEP][PASSED] - response = req_data.getResponseText(): null

2022-11-22 14:52:30 - [TEST_STEP][PASSED] - logInfo($response): {"status":"Done","data":{"requestid1":"241701","requestid2":""}}

2022-11-22 14:52:30 - [MESSAGE][INFO] - {"status":"Done","data":{"requestid1":"241701","requestid2":""}}

2022-11-22 14:52:30 - [TEST_STEP][PASSED] - delay(3): Delayed 3 second(s)

2022-11-22 14:52:33 - [MESSAGE][PASSED] - Delayed 3 second(s)

2022-11-22 14:52:33 - [TEST_STEP][PASSED] - scoring = sendRequest(findTestObject("EngineScore", ["response_searchME_kons":response_searchME_kons, "response_searchME_spouse":response_searchME_spouse])): Send request successfully

2022-11-22 14:52:33 - [MESSAGE][INFO] - HAR: D:\DMS\Engine Scoring\Reports\20221122_143755\Exclude KKB - DS\Scoring Individu - CS\20221122_143756\requests\main\321.har

2022-11-22 14:52:33 - [MESSAGE][PASSED] - Send request successfully

2022-11-22 14:52:33 - [TEST_STEP][PASSED] - verifyResponseStatusCode(scoring, 200): Verify response status code successfully

2022-11-22 14:52:33 - [MESSAGE][PASSED] - Verify response status code successfully

2022-11-22 14:52:33 - [TEST_STEP][PASSED] - response2 = scoring.getResponseText(): null

2022-11-22 14:52:33 - [TEST_STEP][PASSED] - markPassed("result service data ke : " + no): result service data ke : 161

2022-11-22 14:52:33 - [MESSAGE][PASSED] - result service data ke : 161

2022-11-22 14:52:33 - [TEST_STEP][PASSED] - logInfo($response2): {"result_konsumen":"Approve","result_pasangan":"","Final_result":"Approve","errorMessage":"","status":"Done"}

2022-11-22 14:52:33 - [MESSAGE][INFO] - {"result_konsumen":"Approve","result_pasangan":"","Final_result":"Approve","errorMessage":"","status":"Done"}

2022-11-22 14:52:33 - [TEST_STEP][PASSED] - verifyElementPropertyValue(scoring, "Final_result", final_result): Verify element property value successfully

2022-11-22 14:52:33 - [MESSAGE][PASSED] - Verify element property value successfully]]></system-out>
         <system-err><![CDATA[]]></system-err>
      </testcase>
      <testcase name="Test Cases/Engine_Scoring/Engine Scoring" time="5.412" classname="Test Cases/Engine_Scoring/Engine Scoring" status="PASSED">
         <system-out><![CDATA[2022-11-22 14:52:33 - [TEST_CASE][PASSED] - Test Cases/Engine_Scoring/Engine Scoring: Test Cases/Engine_Scoring/Engine Scoring

2022-11-22 14:52:34 - [TEST_STEP][PASSED] - markPassed("Variasi data ke : " + no): Variasi data ke : 162

2022-11-22 14:52:34 - [MESSAGE][PASSED] - Variasi data ke : 162

2022-11-22 14:52:34 - [TEST_STEP][PASSED] - req_data = sendRequest(findTestObject("Search_ME", ["MID":MID, "source":source, "ip":ip, "userid":userid, "branch":branch, "tipekons":tipekons, "marital":marital, "penjamin":penjamin, ... ])): Send request successfully

2022-11-22 14:52:36 - [MESSAGE][INFO] - HAR: D:\DMS\Engine Scoring\Reports\20221122_143755\Exclude KKB - DS\Scoring Individu - CS\20221122_143756\requests\main\322.har

2022-11-22 14:52:36 - [MESSAGE][PASSED] - Send request successfully

2022-11-22 14:52:36 - [TEST_STEP][PASSED] - slurper = new groovy.json.JsonSlurper(): null

2022-11-22 14:52:36 - [TEST_STEP][PASSED] - result = slurper.parseText(req_data.getResponseBodyContent()): null

2022-11-22 14:52:36 - [TEST_STEP][PASSED] - reqid_kons = requestid1: null

2022-11-22 14:52:36 - [TEST_STEP][PASSED] - reqid_spouse = requestid2: null

2022-11-22 14:52:36 - [TEST_STEP][PASSED] - println("requestid kons : " + reqid_kons): null

2022-11-22 14:52:36 - [TEST_STEP][PASSED] - response_searchME_kons = reqid_kons: null

2022-11-22 14:52:36 - [TEST_STEP][PASSED] - response_searchME_spouse = reqid_spouse: null

2022-11-22 14:52:36 - [TEST_STEP][PASSED] - println("kons req id is :" + response_searchME_kons): null

2022-11-22 14:52:36 - [TEST_STEP][PASSED] - println("spouse req id is : " + response_searchME_spouse): null

2022-11-22 14:52:36 - [TEST_STEP][PASSED] - verifyResponseStatusCode(req_data, 200): Verify response status code successfully

2022-11-22 14:52:36 - [MESSAGE][PASSED] - Verify response status code successfully

2022-11-22 14:52:36 - [TEST_STEP][PASSED] - response = req_data.getResponseText(): null

2022-11-22 14:52:36 - [TEST_STEP][PASSED] - logInfo($response): {"status":"Done","data":{"requestid1":"241702","requestid2":""}}

2022-11-22 14:52:36 - [MESSAGE][INFO] - {"status":"Done","data":{"requestid1":"241702","requestid2":""}}

2022-11-22 14:52:36 - [TEST_STEP][PASSED] - delay(3): Delayed 3 second(s)

2022-11-22 14:52:39 - [MESSAGE][PASSED] - Delayed 3 second(s)

2022-11-22 14:52:39 - [TEST_STEP][PASSED] - scoring = sendRequest(findTestObject("EngineScore", ["response_searchME_kons":response_searchME_kons, "response_searchME_spouse":response_searchME_spouse])): Send request successfully

2022-11-22 14:52:39 - [MESSAGE][INFO] - HAR: D:\DMS\Engine Scoring\Reports\20221122_143755\Exclude KKB - DS\Scoring Individu - CS\20221122_143756\requests\main\323.har

2022-11-22 14:52:39 - [MESSAGE][PASSED] - Send request successfully

2022-11-22 14:52:39 - [TEST_STEP][PASSED] - verifyResponseStatusCode(scoring, 200): Verify response status code successfully

2022-11-22 14:52:39 - [MESSAGE][PASSED] - Verify response status code successfully

2022-11-22 14:52:39 - [TEST_STEP][PASSED] - response2 = scoring.getResponseText(): null

2022-11-22 14:52:39 - [TEST_STEP][PASSED] - markPassed("result service data ke : " + no): result service data ke : 162

2022-11-22 14:52:39 - [MESSAGE][PASSED] - result service data ke : 162

2022-11-22 14:52:39 - [TEST_STEP][PASSED] - logInfo($response2): {"result_konsumen":"Approve","result_pasangan":"","Final_result":"Approve","errorMessage":"","status":"Done"}

2022-11-22 14:52:39 - [MESSAGE][INFO] - {"result_konsumen":"Approve","result_pasangan":"","Final_result":"Approve","errorMessage":"","status":"Done"}

2022-11-22 14:52:39 - [TEST_STEP][PASSED] - verifyElementPropertyValue(scoring, "Final_result", final_result): Verify element property value successfully

2022-11-22 14:52:39 - [MESSAGE][PASSED] - Verify element property value successfully]]></system-out>
         <system-err><![CDATA[]]></system-err>
      </testcase>
      <testcase name="Test Cases/Engine_Scoring/Engine Scoring" time="5.228" classname="Test Cases/Engine_Scoring/Engine Scoring" status="PASSED">
         <system-out><![CDATA[2022-11-22 14:52:39 - [TEST_CASE][PASSED] - Test Cases/Engine_Scoring/Engine Scoring: Test Cases/Engine_Scoring/Engine Scoring

2022-11-22 14:52:40 - [TEST_STEP][PASSED] - markPassed("Variasi data ke : " + no): Variasi data ke : 163

2022-11-22 14:52:40 - [MESSAGE][PASSED] - Variasi data ke : 163

2022-11-22 14:52:40 - [TEST_STEP][PASSED] - req_data = sendRequest(findTestObject("Search_ME", ["MID":MID, "source":source, "ip":ip, "userid":userid, "branch":branch, "tipekons":tipekons, "marital":marital, "penjamin":penjamin, ... ])): Send request successfully

2022-11-22 14:52:41 - [MESSAGE][INFO] - HAR: D:\DMS\Engine Scoring\Reports\20221122_143755\Exclude KKB - DS\Scoring Individu - CS\20221122_143756\requests\main\324.har

2022-11-22 14:52:41 - [MESSAGE][PASSED] - Send request successfully

2022-11-22 14:52:41 - [TEST_STEP][PASSED] - slurper = new groovy.json.JsonSlurper(): null

2022-11-22 14:52:41 - [TEST_STEP][PASSED] - result = slurper.parseText(req_data.getResponseBodyContent()): null

2022-11-22 14:52:41 - [TEST_STEP][PASSED] - reqid_kons = requestid1: null

2022-11-22 14:52:41 - [TEST_STEP][PASSED] - reqid_spouse = requestid2: null

2022-11-22 14:52:41 - [TEST_STEP][PASSED] - println("requestid kons : " + reqid_kons): null

2022-11-22 14:52:41 - [TEST_STEP][PASSED] - response_searchME_kons = reqid_kons: null

2022-11-22 14:52:41 - [TEST_STEP][PASSED] - response_searchME_spouse = reqid_spouse: null

2022-11-22 14:52:41 - [TEST_STEP][PASSED] - println("kons req id is :" + response_searchME_kons): null

2022-11-22 14:52:41 - [TEST_STEP][PASSED] - println("spouse req id is : " + response_searchME_spouse): null

2022-11-22 14:52:41 - [TEST_STEP][PASSED] - verifyResponseStatusCode(req_data, 200): Verify response status code successfully

2022-11-22 14:52:41 - [MESSAGE][PASSED] - Verify response status code successfully

2022-11-22 14:52:41 - [TEST_STEP][PASSED] - response = req_data.getResponseText(): null

2022-11-22 14:52:41 - [TEST_STEP][PASSED] - logInfo($response): {"status":"Done","data":{"requestid1":"241703","requestid2":""}}

2022-11-22 14:52:41 - [MESSAGE][INFO] - {"status":"Done","data":{"requestid1":"241703","requestid2":""}}

2022-11-22 14:52:41 - [TEST_STEP][PASSED] - delay(3): Delayed 3 second(s)

2022-11-22 14:52:44 - [MESSAGE][PASSED] - Delayed 3 second(s)

2022-11-22 14:52:44 - [TEST_STEP][PASSED] - scoring = sendRequest(findTestObject("EngineScore", ["response_searchME_kons":response_searchME_kons, "response_searchME_spouse":response_searchME_spouse])): Send request successfully

2022-11-22 14:52:44 - [MESSAGE][INFO] - HAR: D:\DMS\Engine Scoring\Reports\20221122_143755\Exclude KKB - DS\Scoring Individu - CS\20221122_143756\requests\main\325.har

2022-11-22 14:52:44 - [MESSAGE][PASSED] - Send request successfully

2022-11-22 14:52:44 - [TEST_STEP][PASSED] - verifyResponseStatusCode(scoring, 200): Verify response status code successfully

2022-11-22 14:52:44 - [MESSAGE][PASSED] - Verify response status code successfully

2022-11-22 14:52:44 - [TEST_STEP][PASSED] - response2 = scoring.getResponseText(): null

2022-11-22 14:52:44 - [TEST_STEP][PASSED] - markPassed("result service data ke : " + no): result service data ke : 163

2022-11-22 14:52:44 - [MESSAGE][PASSED] - result service data ke : 163

2022-11-22 14:52:44 - [TEST_STEP][PASSED] - logInfo($response2): {"result_konsumen":"Approve","result_pasangan":"","Final_result":"Approve","errorMessage":"","status":"Done"}

2022-11-22 14:52:44 - [MESSAGE][INFO] - {"result_konsumen":"Approve","result_pasangan":"","Final_result":"Approve","errorMessage":"","status":"Done"}

2022-11-22 14:52:44 - [TEST_STEP][PASSED] - verifyElementPropertyValue(scoring, "Final_result", final_result): Verify element property value successfully

2022-11-22 14:52:44 - [MESSAGE][PASSED] - Verify element property value successfully]]></system-out>
         <system-err><![CDATA[]]></system-err>
      </testcase>
      <testcase name="Test Cases/Engine_Scoring/Engine Scoring" time="7.751" classname="Test Cases/Engine_Scoring/Engine Scoring" status="PASSED">
         <system-out><![CDATA[2022-11-22 14:52:44 - [TEST_CASE][PASSED] - Test Cases/Engine_Scoring/Engine Scoring: Test Cases/Engine_Scoring/Engine Scoring

2022-11-22 14:52:47 - [TEST_STEP][PASSED] - markPassed("Variasi data ke : " + no): Variasi data ke : 164

2022-11-22 14:52:47 - [MESSAGE][PASSED] - Variasi data ke : 164

2022-11-22 14:52:47 - [TEST_STEP][PASSED] - req_data = sendRequest(findTestObject("Search_ME", ["MID":MID, "source":source, "ip":ip, "userid":userid, "branch":branch, "tipekons":tipekons, "marital":marital, "penjamin":penjamin, ... ])): Send request successfully

2022-11-22 14:52:49 - [MESSAGE][INFO] - HAR: D:\DMS\Engine Scoring\Reports\20221122_143755\Exclude KKB - DS\Scoring Individu - CS\20221122_143756\requests\main\326.har

2022-11-22 14:52:49 - [MESSAGE][PASSED] - Send request successfully

2022-11-22 14:52:49 - [TEST_STEP][PASSED] - slurper = new groovy.json.JsonSlurper(): null

2022-11-22 14:52:49 - [TEST_STEP][PASSED] - result = slurper.parseText(req_data.getResponseBodyContent()): null

2022-11-22 14:52:49 - [TEST_STEP][PASSED] - reqid_kons = requestid1: null

2022-11-22 14:52:49 - [TEST_STEP][PASSED] - reqid_spouse = requestid2: null

2022-11-22 14:52:49 - [TEST_STEP][PASSED] - println("requestid kons : " + reqid_kons): null

2022-11-22 14:52:49 - [TEST_STEP][PASSED] - response_searchME_kons = reqid_kons: null

2022-11-22 14:52:49 - [TEST_STEP][PASSED] - response_searchME_spouse = reqid_spouse: null

2022-11-22 14:52:49 - [TEST_STEP][PASSED] - println("kons req id is :" + response_searchME_kons): null

2022-11-22 14:52:49 - [TEST_STEP][PASSED] - println("spouse req id is : " + response_searchME_spouse): null

2022-11-22 14:52:49 - [TEST_STEP][PASSED] - verifyResponseStatusCode(req_data, 200): Verify response status code successfully

2022-11-22 14:52:49 - [MESSAGE][PASSED] - Verify response status code successfully

2022-11-22 14:52:49 - [TEST_STEP][PASSED] - response = req_data.getResponseText(): null

2022-11-22 14:52:49 - [TEST_STEP][PASSED] - logInfo($response): {"status":"Done","data":{"requestid1":"241704","requestid2":""}}

2022-11-22 14:52:49 - [MESSAGE][INFO] - {"status":"Done","data":{"requestid1":"241704","requestid2":""}}

2022-11-22 14:52:49 - [TEST_STEP][PASSED] - delay(3): Delayed 3 second(s)

2022-11-22 14:52:52 - [MESSAGE][PASSED] - Delayed 3 second(s)

2022-11-22 14:52:52 - [TEST_STEP][PASSED] - scoring = sendRequest(findTestObject("EngineScore", ["response_searchME_kons":response_searchME_kons, "response_searchME_spouse":response_searchME_spouse])): Send request successfully

2022-11-22 14:52:52 - [MESSAGE][INFO] - HAR: D:\DMS\Engine Scoring\Reports\20221122_143755\Exclude KKB - DS\Scoring Individu - CS\20221122_143756\requests\main\327.har

2022-11-22 14:52:52 - [MESSAGE][PASSED] - Send request successfully

2022-11-22 14:52:52 - [TEST_STEP][PASSED] - verifyResponseStatusCode(scoring, 200): Verify response status code successfully

2022-11-22 14:52:52 - [MESSAGE][PASSED] - Verify response status code successfully

2022-11-22 14:52:52 - [TEST_STEP][PASSED] - response2 = scoring.getResponseText(): null

2022-11-22 14:52:52 - [TEST_STEP][PASSED] - markPassed("result service data ke : " + no): result service data ke : 164

2022-11-22 14:52:52 - [MESSAGE][PASSED] - result service data ke : 164

2022-11-22 14:52:52 - [TEST_STEP][PASSED] - logInfo($response2): {"result_konsumen":"Approve","result_pasangan":"","Final_result":"Approve","errorMessage":"","status":"Done"}

2022-11-22 14:52:52 - [MESSAGE][INFO] - {"result_konsumen":"Approve","result_pasangan":"","Final_result":"Approve","errorMessage":"","status":"Done"}

2022-11-22 14:52:52 - [TEST_STEP][PASSED] - verifyElementPropertyValue(scoring, "Final_result", final_result): Verify element property value successfully

2022-11-22 14:52:52 - [MESSAGE][PASSED] - Verify element property value successfully]]></system-out>
         <system-err><![CDATA[]]></system-err>
      </testcase>
      <testcase name="Test Cases/Engine_Scoring/Engine Scoring" time="5.132" classname="Test Cases/Engine_Scoring/Engine Scoring" status="PASSED">
         <system-out><![CDATA[2022-11-22 14:52:52 - [TEST_CASE][PASSED] - Test Cases/Engine_Scoring/Engine Scoring: Test Cases/Engine_Scoring/Engine Scoring

2022-11-22 14:52:53 - [TEST_STEP][PASSED] - markPassed("Variasi data ke : " + no): Variasi data ke : 165

2022-11-22 14:52:53 - [MESSAGE][PASSED] - Variasi data ke : 165

2022-11-22 14:52:53 - [TEST_STEP][PASSED] - req_data = sendRequest(findTestObject("Search_ME", ["MID":MID, "source":source, "ip":ip, "userid":userid, "branch":branch, "tipekons":tipekons, "marital":marital, "penjamin":penjamin, ... ])): Send request successfully

2022-11-22 14:52:54 - [MESSAGE][INFO] - HAR: D:\DMS\Engine Scoring\Reports\20221122_143755\Exclude KKB - DS\Scoring Individu - CS\20221122_143756\requests\main\328.har

2022-11-22 14:52:54 - [MESSAGE][PASSED] - Send request successfully

2022-11-22 14:52:54 - [TEST_STEP][PASSED] - slurper = new groovy.json.JsonSlurper(): null

2022-11-22 14:52:54 - [TEST_STEP][PASSED] - result = slurper.parseText(req_data.getResponseBodyContent()): null

2022-11-22 14:52:54 - [TEST_STEP][PASSED] - reqid_kons = requestid1: null

2022-11-22 14:52:54 - [TEST_STEP][PASSED] - reqid_spouse = requestid2: null

2022-11-22 14:52:54 - [TEST_STEP][PASSED] - println("requestid kons : " + reqid_kons): null

2022-11-22 14:52:54 - [TEST_STEP][PASSED] - response_searchME_kons = reqid_kons: null

2022-11-22 14:52:54 - [TEST_STEP][PASSED] - response_searchME_spouse = reqid_spouse: null

2022-11-22 14:52:54 - [TEST_STEP][PASSED] - println("kons req id is :" + response_searchME_kons): null

2022-11-22 14:52:54 - [TEST_STEP][PASSED] - println("spouse req id is : " + response_searchME_spouse): null

2022-11-22 14:52:54 - [TEST_STEP][PASSED] - verifyResponseStatusCode(req_data, 200): Verify response status code successfully

2022-11-22 14:52:54 - [MESSAGE][PASSED] - Verify response status code successfully

2022-11-22 14:52:54 - [TEST_STEP][PASSED] - response = req_data.getResponseText(): null

2022-11-22 14:52:54 - [TEST_STEP][PASSED] - logInfo($response): {"status":"Done","data":{"requestid1":"241705","requestid2":""}}

2022-11-22 14:52:54 - [MESSAGE][INFO] - {"status":"Done","data":{"requestid1":"241705","requestid2":""}}

2022-11-22 14:52:54 - [TEST_STEP][PASSED] - delay(3): Delayed 3 second(s)

2022-11-22 14:52:57 - [MESSAGE][PASSED] - Delayed 3 second(s)

2022-11-22 14:52:57 - [TEST_STEP][PASSED] - scoring = sendRequest(findTestObject("EngineScore", ["response_searchME_kons":response_searchME_kons, "response_searchME_spouse":response_searchME_spouse])): Send request successfully

2022-11-22 14:52:57 - [MESSAGE][INFO] - HAR: D:\DMS\Engine Scoring\Reports\20221122_143755\Exclude KKB - DS\Scoring Individu - CS\20221122_143756\requests\main\329.har

2022-11-22 14:52:57 - [MESSAGE][PASSED] - Send request successfully

2022-11-22 14:52:57 - [TEST_STEP][PASSED] - verifyResponseStatusCode(scoring, 200): Verify response status code successfully

2022-11-22 14:52:57 - [MESSAGE][PASSED] - Verify response status code successfully

2022-11-22 14:52:57 - [TEST_STEP][PASSED] - response2 = scoring.getResponseText(): null

2022-11-22 14:52:57 - [TEST_STEP][PASSED] - markPassed("result service data ke : " + no): result service data ke : 165

2022-11-22 14:52:57 - [MESSAGE][PASSED] - result service data ke : 165

2022-11-22 14:52:57 - [TEST_STEP][PASSED] - logInfo($response2): {"result_konsumen":"Reject","result_pasangan":"","Final_result":"Reject","errorMessage":"","status":"Done"}

2022-11-22 14:52:57 - [MESSAGE][INFO] - {"result_konsumen":"Reject","result_pasangan":"","Final_result":"Reject","errorMessage":"","status":"Done"}

2022-11-22 14:52:57 - [TEST_STEP][PASSED] - verifyElementPropertyValue(scoring, "Final_result", final_result): Verify element property value successfully

2022-11-22 14:52:57 - [MESSAGE][PASSED] - Verify element property value successfully]]></system-out>
         <system-err><![CDATA[]]></system-err>
      </testcase>
      <testcase name="Test Cases/Engine_Scoring/Engine Scoring" time="5.192" classname="Test Cases/Engine_Scoring/Engine Scoring" status="PASSED">
         <system-out><![CDATA[2022-11-22 14:52:57 - [TEST_CASE][PASSED] - Test Cases/Engine_Scoring/Engine Scoring: Test Cases/Engine_Scoring/Engine Scoring

2022-11-22 14:52:58 - [TEST_STEP][PASSED] - markPassed("Variasi data ke : " + no): Variasi data ke : 166

2022-11-22 14:52:58 - [MESSAGE][PASSED] - Variasi data ke : 166

2022-11-22 14:52:58 - [TEST_STEP][PASSED] - req_data = sendRequest(findTestObject("Search_ME", ["MID":MID, "source":source, "ip":ip, "userid":userid, "branch":branch, "tipekons":tipekons, "marital":marital, "penjamin":penjamin, ... ])): Send request successfully

2022-11-22 14:52:59 - [MESSAGE][INFO] - HAR: D:\DMS\Engine Scoring\Reports\20221122_143755\Exclude KKB - DS\Scoring Individu - CS\20221122_143756\requests\main\330.har

2022-11-22 14:52:59 - [MESSAGE][PASSED] - Send request successfully

2022-11-22 14:52:59 - [TEST_STEP][PASSED] - slurper = new groovy.json.JsonSlurper(): null

2022-11-22 14:52:59 - [TEST_STEP][PASSED] - result = slurper.parseText(req_data.getResponseBodyContent()): null

2022-11-22 14:52:59 - [TEST_STEP][PASSED] - reqid_kons = requestid1: null

2022-11-22 14:52:59 - [TEST_STEP][PASSED] - reqid_spouse = requestid2: null

2022-11-22 14:52:59 - [TEST_STEP][PASSED] - println("requestid kons : " + reqid_kons): null

2022-11-22 14:52:59 - [TEST_STEP][PASSED] - response_searchME_kons = reqid_kons: null

2022-11-22 14:52:59 - [TEST_STEP][PASSED] - response_searchME_spouse = reqid_spouse: null

2022-11-22 14:52:59 - [TEST_STEP][PASSED] - println("kons req id is :" + response_searchME_kons): null

2022-11-22 14:52:59 - [TEST_STEP][PASSED] - println("spouse req id is : " + response_searchME_spouse): null

2022-11-22 14:52:59 - [TEST_STEP][PASSED] - verifyResponseStatusCode(req_data, 200): Verify response status code successfully

2022-11-22 14:52:59 - [MESSAGE][PASSED] - Verify response status code successfully

2022-11-22 14:52:59 - [TEST_STEP][PASSED] - response = req_data.getResponseText(): null

2022-11-22 14:52:59 - [TEST_STEP][PASSED] - logInfo($response): {"status":"Done","data":{"requestid1":"241706","requestid2":""}}

2022-11-22 14:52:59 - [MESSAGE][INFO] - {"status":"Done","data":{"requestid1":"241706","requestid2":""}}

2022-11-22 14:52:59 - [TEST_STEP][PASSED] - delay(3): Delayed 3 second(s)

2022-11-22 14:53:02 - [MESSAGE][PASSED] - Delayed 3 second(s)

2022-11-22 14:53:02 - [TEST_STEP][PASSED] - scoring = sendRequest(findTestObject("EngineScore", ["response_searchME_kons":response_searchME_kons, "response_searchME_spouse":response_searchME_spouse])): Send request successfully

2022-11-22 14:53:02 - [MESSAGE][INFO] - HAR: D:\DMS\Engine Scoring\Reports\20221122_143755\Exclude KKB - DS\Scoring Individu - CS\20221122_143756\requests\main\331.har

2022-11-22 14:53:02 - [MESSAGE][PASSED] - Send request successfully

2022-11-22 14:53:02 - [TEST_STEP][PASSED] - verifyResponseStatusCode(scoring, 200): Verify response status code successfully

2022-11-22 14:53:02 - [MESSAGE][PASSED] - Verify response status code successfully

2022-11-22 14:53:02 - [TEST_STEP][PASSED] - response2 = scoring.getResponseText(): null

2022-11-22 14:53:02 - [TEST_STEP][PASSED] - markPassed("result service data ke : " + no): result service data ke : 166

2022-11-22 14:53:02 - [MESSAGE][PASSED] - result service data ke : 166

2022-11-22 14:53:02 - [TEST_STEP][PASSED] - logInfo($response2): {"result_konsumen":"Reject","result_pasangan":"","Final_result":"Reject","errorMessage":"","status":"Done"}

2022-11-22 14:53:02 - [MESSAGE][INFO] - {"result_konsumen":"Reject","result_pasangan":"","Final_result":"Reject","errorMessage":"","status":"Done"}

2022-11-22 14:53:02 - [TEST_STEP][PASSED] - verifyElementPropertyValue(scoring, "Final_result", final_result): Verify element property value successfully

2022-11-22 14:53:02 - [MESSAGE][PASSED] - Verify element property value successfully]]></system-out>
         <system-err><![CDATA[]]></system-err>
      </testcase>
      <testcase name="Test Cases/Engine_Scoring/Engine Scoring" time="5.121" classname="Test Cases/Engine_Scoring/Engine Scoring" status="PASSED">
         <system-out><![CDATA[2022-11-22 14:53:02 - [TEST_CASE][PASSED] - Test Cases/Engine_Scoring/Engine Scoring: Test Cases/Engine_Scoring/Engine Scoring

2022-11-22 14:53:03 - [TEST_STEP][PASSED] - markPassed("Variasi data ke : " + no): Variasi data ke : 167

2022-11-22 14:53:03 - [MESSAGE][PASSED] - Variasi data ke : 167

2022-11-22 14:53:03 - [TEST_STEP][PASSED] - req_data = sendRequest(findTestObject("Search_ME", ["MID":MID, "source":source, "ip":ip, "userid":userid, "branch":branch, "tipekons":tipekons, "marital":marital, "penjamin":penjamin, ... ])): Send request successfully

2022-11-22 14:53:04 - [MESSAGE][INFO] - HAR: D:\DMS\Engine Scoring\Reports\20221122_143755\Exclude KKB - DS\Scoring Individu - CS\20221122_143756\requests\main\332.har

2022-11-22 14:53:04 - [MESSAGE][PASSED] - Send request successfully

2022-11-22 14:53:04 - [TEST_STEP][PASSED] - slurper = new groovy.json.JsonSlurper(): null

2022-11-22 14:53:04 - [TEST_STEP][PASSED] - result = slurper.parseText(req_data.getResponseBodyContent()): null

2022-11-22 14:53:04 - [TEST_STEP][PASSED] - reqid_kons = requestid1: null

2022-11-22 14:53:04 - [TEST_STEP][PASSED] - reqid_spouse = requestid2: null

2022-11-22 14:53:04 - [TEST_STEP][PASSED] - println("requestid kons : " + reqid_kons): null

2022-11-22 14:53:04 - [TEST_STEP][PASSED] - response_searchME_kons = reqid_kons: null

2022-11-22 14:53:04 - [TEST_STEP][PASSED] - response_searchME_spouse = reqid_spouse: null

2022-11-22 14:53:04 - [TEST_STEP][PASSED] - println("kons req id is :" + response_searchME_kons): null

2022-11-22 14:53:04 - [TEST_STEP][PASSED] - println("spouse req id is : " + response_searchME_spouse): null

2022-11-22 14:53:04 - [TEST_STEP][PASSED] - verifyResponseStatusCode(req_data, 200): Verify response status code successfully

2022-11-22 14:53:04 - [MESSAGE][PASSED] - Verify response status code successfully

2022-11-22 14:53:04 - [TEST_STEP][PASSED] - response = req_data.getResponseText(): null

2022-11-22 14:53:04 - [TEST_STEP][PASSED] - logInfo($response): {"status":"Done","data":{"requestid1":"241707","requestid2":""}}

2022-11-22 14:53:04 - [MESSAGE][INFO] - {"status":"Done","data":{"requestid1":"241707","requestid2":""}}

2022-11-22 14:53:04 - [TEST_STEP][PASSED] - delay(3): Delayed 3 second(s)

2022-11-22 14:53:07 - [MESSAGE][PASSED] - Delayed 3 second(s)

2022-11-22 14:53:07 - [TEST_STEP][PASSED] - scoring = sendRequest(findTestObject("EngineScore", ["response_searchME_kons":response_searchME_kons, "response_searchME_spouse":response_searchME_spouse])): Send request successfully

2022-11-22 14:53:07 - [MESSAGE][INFO] - HAR: D:\DMS\Engine Scoring\Reports\20221122_143755\Exclude KKB - DS\Scoring Individu - CS\20221122_143756\requests\main\333.har

2022-11-22 14:53:07 - [MESSAGE][PASSED] - Send request successfully

2022-11-22 14:53:07 - [TEST_STEP][PASSED] - verifyResponseStatusCode(scoring, 200): Verify response status code successfully

2022-11-22 14:53:07 - [MESSAGE][PASSED] - Verify response status code successfully

2022-11-22 14:53:07 - [TEST_STEP][PASSED] - response2 = scoring.getResponseText(): null

2022-11-22 14:53:07 - [TEST_STEP][PASSED] - markPassed("result service data ke : " + no): result service data ke : 167

2022-11-22 14:53:07 - [MESSAGE][PASSED] - result service data ke : 167

2022-11-22 14:53:07 - [TEST_STEP][PASSED] - logInfo($response2): {"result_konsumen":"Reject","result_pasangan":"","Final_result":"Reject","errorMessage":"","status":"Done"}

2022-11-22 14:53:07 - [MESSAGE][INFO] - {"result_konsumen":"Reject","result_pasangan":"","Final_result":"Reject","errorMessage":"","status":"Done"}

2022-11-22 14:53:07 - [TEST_STEP][PASSED] - verifyElementPropertyValue(scoring, "Final_result", final_result): Verify element property value successfully

2022-11-22 14:53:07 - [MESSAGE][PASSED] - Verify element property value successfully]]></system-out>
         <system-err><![CDATA[]]></system-err>
      </testcase>
      <testcase name="Test Cases/Engine_Scoring/Engine Scoring" time="5.149" classname="Test Cases/Engine_Scoring/Engine Scoring" status="PASSED">
         <system-out><![CDATA[2022-11-22 14:53:08 - [TEST_CASE][PASSED] - Test Cases/Engine_Scoring/Engine Scoring: Test Cases/Engine_Scoring/Engine Scoring

2022-11-22 14:53:09 - [TEST_STEP][PASSED] - markPassed("Variasi data ke : " + no): Variasi data ke : 168

2022-11-22 14:53:09 - [MESSAGE][PASSED] - Variasi data ke : 168

2022-11-22 14:53:09 - [TEST_STEP][PASSED] - req_data = sendRequest(findTestObject("Search_ME", ["MID":MID, "source":source, "ip":ip, "userid":userid, "branch":branch, "tipekons":tipekons, "marital":marital, "penjamin":penjamin, ... ])): Send request successfully

2022-11-22 14:53:10 - [MESSAGE][INFO] - HAR: D:\DMS\Engine Scoring\Reports\20221122_143755\Exclude KKB - DS\Scoring Individu - CS\20221122_143756\requests\main\334.har

2022-11-22 14:53:10 - [MESSAGE][PASSED] - Send request successfully

2022-11-22 14:53:10 - [TEST_STEP][PASSED] - slurper = new groovy.json.JsonSlurper(): null

2022-11-22 14:53:10 - [TEST_STEP][PASSED] - result = slurper.parseText(req_data.getResponseBodyContent()): null

2022-11-22 14:53:10 - [TEST_STEP][PASSED] - reqid_kons = requestid1: null

2022-11-22 14:53:10 - [TEST_STEP][PASSED] - reqid_spouse = requestid2: null

2022-11-22 14:53:10 - [TEST_STEP][PASSED] - println("requestid kons : " + reqid_kons): null

2022-11-22 14:53:10 - [TEST_STEP][PASSED] - response_searchME_kons = reqid_kons: null

2022-11-22 14:53:10 - [TEST_STEP][PASSED] - response_searchME_spouse = reqid_spouse: null

2022-11-22 14:53:10 - [TEST_STEP][PASSED] - println("kons req id is :" + response_searchME_kons): null

2022-11-22 14:53:10 - [TEST_STEP][PASSED] - println("spouse req id is : " + response_searchME_spouse): null

2022-11-22 14:53:10 - [TEST_STEP][PASSED] - verifyResponseStatusCode(req_data, 200): Verify response status code successfully

2022-11-22 14:53:10 - [MESSAGE][PASSED] - Verify response status code successfully

2022-11-22 14:53:10 - [TEST_STEP][PASSED] - response = req_data.getResponseText(): null

2022-11-22 14:53:10 - [TEST_STEP][PASSED] - logInfo($response): {"status":"Done","data":{"requestid1":"241708","requestid2":""}}

2022-11-22 14:53:10 - [MESSAGE][INFO] - {"status":"Done","data":{"requestid1":"241708","requestid2":""}}

2022-11-22 14:53:10 - [TEST_STEP][PASSED] - delay(3): Delayed 3 second(s)

2022-11-22 14:53:13 - [MESSAGE][PASSED] - Delayed 3 second(s)

2022-11-22 14:53:13 - [TEST_STEP][PASSED] - scoring = sendRequest(findTestObject("EngineScore", ["response_searchME_kons":response_searchME_kons, "response_searchME_spouse":response_searchME_spouse])): Send request successfully

2022-11-22 14:53:13 - [MESSAGE][INFO] - HAR: D:\DMS\Engine Scoring\Reports\20221122_143755\Exclude KKB - DS\Scoring Individu - CS\20221122_143756\requests\main\335.har

2022-11-22 14:53:13 - [MESSAGE][PASSED] - Send request successfully

2022-11-22 14:53:13 - [TEST_STEP][PASSED] - verifyResponseStatusCode(scoring, 200): Verify response status code successfully

2022-11-22 14:53:13 - [MESSAGE][PASSED] - Verify response status code successfully

2022-11-22 14:53:13 - [TEST_STEP][PASSED] - response2 = scoring.getResponseText(): null

2022-11-22 14:53:13 - [TEST_STEP][PASSED] - markPassed("result service data ke : " + no): result service data ke : 168

2022-11-22 14:53:13 - [MESSAGE][PASSED] - result service data ke : 168

2022-11-22 14:53:13 - [TEST_STEP][PASSED] - logInfo($response2): {"result_konsumen":"Reject","result_pasangan":"","Final_result":"Reject","errorMessage":"","status":"Done"}

2022-11-22 14:53:13 - [MESSAGE][INFO] - {"result_konsumen":"Reject","result_pasangan":"","Final_result":"Reject","errorMessage":"","status":"Done"}

2022-11-22 14:53:13 - [TEST_STEP][PASSED] - verifyElementPropertyValue(scoring, "Final_result", final_result): Verify element property value successfully

2022-11-22 14:53:13 - [MESSAGE][PASSED] - Verify element property value successfully]]></system-out>
         <system-err><![CDATA[]]></system-err>
      </testcase>
      <testcase name="Test Cases/Engine_Scoring/Engine Scoring" time="5.293" classname="Test Cases/Engine_Scoring/Engine Scoring" status="PASSED">
         <system-out><![CDATA[2022-11-22 14:53:13 - [TEST_CASE][PASSED] - Test Cases/Engine_Scoring/Engine Scoring: Test Cases/Engine_Scoring/Engine Scoring

2022-11-22 14:53:14 - [TEST_STEP][PASSED] - markPassed("Variasi data ke : " + no): Variasi data ke : 169

2022-11-22 14:53:14 - [MESSAGE][PASSED] - Variasi data ke : 169

2022-11-22 14:53:14 - [TEST_STEP][PASSED] - req_data = sendRequest(findTestObject("Search_ME", ["MID":MID, "source":source, "ip":ip, "userid":userid, "branch":branch, "tipekons":tipekons, "marital":marital, "penjamin":penjamin, ... ])): Send request successfully

2022-11-22 14:53:15 - [MESSAGE][INFO] - HAR: D:\DMS\Engine Scoring\Reports\20221122_143755\Exclude KKB - DS\Scoring Individu - CS\20221122_143756\requests\main\336.har

2022-11-22 14:53:15 - [MESSAGE][PASSED] - Send request successfully

2022-11-22 14:53:15 - [TEST_STEP][PASSED] - slurper = new groovy.json.JsonSlurper(): null

2022-11-22 14:53:15 - [TEST_STEP][PASSED] - result = slurper.parseText(req_data.getResponseBodyContent()): null

2022-11-22 14:53:15 - [TEST_STEP][PASSED] - reqid_kons = requestid1: null

2022-11-22 14:53:15 - [TEST_STEP][PASSED] - reqid_spouse = requestid2: null

2022-11-22 14:53:15 - [TEST_STEP][PASSED] - println("requestid kons : " + reqid_kons): null

2022-11-22 14:53:15 - [TEST_STEP][PASSED] - response_searchME_kons = reqid_kons: null

2022-11-22 14:53:15 - [TEST_STEP][PASSED] - response_searchME_spouse = reqid_spouse: null

2022-11-22 14:53:15 - [TEST_STEP][PASSED] - println("kons req id is :" + response_searchME_kons): null

2022-11-22 14:53:15 - [TEST_STEP][PASSED] - println("spouse req id is : " + response_searchME_spouse): null

2022-11-22 14:53:15 - [TEST_STEP][PASSED] - verifyResponseStatusCode(req_data, 200): Verify response status code successfully

2022-11-22 14:53:15 - [MESSAGE][PASSED] - Verify response status code successfully

2022-11-22 14:53:15 - [TEST_STEP][PASSED] - response = req_data.getResponseText(): null

2022-11-22 14:53:15 - [TEST_STEP][PASSED] - logInfo($response): {"status":"Done","data":{"requestid1":"241709","requestid2":""}}

2022-11-22 14:53:15 - [MESSAGE][INFO] - {"status":"Done","data":{"requestid1":"241709","requestid2":""}}

2022-11-22 14:53:15 - [TEST_STEP][PASSED] - delay(3): Delayed 3 second(s)

2022-11-22 14:53:18 - [MESSAGE][PASSED] - Delayed 3 second(s)

2022-11-22 14:53:18 - [TEST_STEP][PASSED] - scoring = sendRequest(findTestObject("EngineScore", ["response_searchME_kons":response_searchME_kons, "response_searchME_spouse":response_searchME_spouse])): Send request successfully

2022-11-22 14:53:18 - [MESSAGE][INFO] - HAR: D:\DMS\Engine Scoring\Reports\20221122_143755\Exclude KKB - DS\Scoring Individu - CS\20221122_143756\requests\main\337.har

2022-11-22 14:53:18 - [MESSAGE][PASSED] - Send request successfully

2022-11-22 14:53:18 - [TEST_STEP][PASSED] - verifyResponseStatusCode(scoring, 200): Verify response status code successfully

2022-11-22 14:53:18 - [MESSAGE][PASSED] - Verify response status code successfully

2022-11-22 14:53:18 - [TEST_STEP][PASSED] - response2 = scoring.getResponseText(): null

2022-11-22 14:53:18 - [TEST_STEP][PASSED] - markPassed("result service data ke : " + no): result service data ke : 169

2022-11-22 14:53:18 - [MESSAGE][PASSED] - result service data ke : 169

2022-11-22 14:53:18 - [TEST_STEP][PASSED] - logInfo($response2): {"result_konsumen":"Approve","result_pasangan":"","Final_result":"Approve","errorMessage":"","status":"Done"}

2022-11-22 14:53:18 - [MESSAGE][INFO] - {"result_konsumen":"Approve","result_pasangan":"","Final_result":"Approve","errorMessage":"","status":"Done"}

2022-11-22 14:53:18 - [TEST_STEP][PASSED] - verifyElementPropertyValue(scoring, "Final_result", final_result): Verify element property value successfully

2022-11-22 14:53:18 - [MESSAGE][PASSED] - Verify element property value successfully]]></system-out>
         <system-err><![CDATA[]]></system-err>
      </testcase>
      <testcase name="Test Cases/Engine_Scoring/Engine Scoring" time="5.366" classname="Test Cases/Engine_Scoring/Engine Scoring" status="PASSED">
         <system-out><![CDATA[2022-11-22 14:53:18 - [TEST_CASE][PASSED] - Test Cases/Engine_Scoring/Engine Scoring: Test Cases/Engine_Scoring/Engine Scoring

2022-11-22 14:53:19 - [TEST_STEP][PASSED] - markPassed("Variasi data ke : " + no): Variasi data ke : 170

2022-11-22 14:53:19 - [MESSAGE][PASSED] - Variasi data ke : 170

2022-11-22 14:53:19 - [TEST_STEP][PASSED] - req_data = sendRequest(findTestObject("Search_ME", ["MID":MID, "source":source, "ip":ip, "userid":userid, "branch":branch, "tipekons":tipekons, "marital":marital, "penjamin":penjamin, ... ])): Send request successfully

2022-11-22 14:53:20 - [MESSAGE][INFO] - HAR: D:\DMS\Engine Scoring\Reports\20221122_143755\Exclude KKB - DS\Scoring Individu - CS\20221122_143756\requests\main\338.har

2022-11-22 14:53:20 - [MESSAGE][PASSED] - Send request successfully

2022-11-22 14:53:20 - [TEST_STEP][PASSED] - slurper = new groovy.json.JsonSlurper(): null

2022-11-22 14:53:20 - [TEST_STEP][PASSED] - result = slurper.parseText(req_data.getResponseBodyContent()): null

2022-11-22 14:53:20 - [TEST_STEP][PASSED] - reqid_kons = requestid1: null

2022-11-22 14:53:20 - [TEST_STEP][PASSED] - reqid_spouse = requestid2: null

2022-11-22 14:53:20 - [TEST_STEP][PASSED] - println("requestid kons : " + reqid_kons): null

2022-11-22 14:53:20 - [TEST_STEP][PASSED] - response_searchME_kons = reqid_kons: null

2022-11-22 14:53:20 - [TEST_STEP][PASSED] - response_searchME_spouse = reqid_spouse: null

2022-11-22 14:53:20 - [TEST_STEP][PASSED] - println("kons req id is :" + response_searchME_kons): null

2022-11-22 14:53:20 - [TEST_STEP][PASSED] - println("spouse req id is : " + response_searchME_spouse): null

2022-11-22 14:53:20 - [TEST_STEP][PASSED] - verifyResponseStatusCode(req_data, 200): Verify response status code successfully

2022-11-22 14:53:20 - [MESSAGE][PASSED] - Verify response status code successfully

2022-11-22 14:53:20 - [TEST_STEP][PASSED] - response = req_data.getResponseText(): null

2022-11-22 14:53:20 - [TEST_STEP][PASSED] - logInfo($response): {"status":"Done","data":{"requestid1":"241710","requestid2":""}}

2022-11-22 14:53:20 - [MESSAGE][INFO] - {"status":"Done","data":{"requestid1":"241710","requestid2":""}}

2022-11-22 14:53:20 - [TEST_STEP][PASSED] - delay(3): Delayed 3 second(s)

2022-11-22 14:53:23 - [MESSAGE][PASSED] - Delayed 3 second(s)

2022-11-22 14:53:23 - [TEST_STEP][PASSED] - scoring = sendRequest(findTestObject("EngineScore", ["response_searchME_kons":response_searchME_kons, "response_searchME_spouse":response_searchME_spouse])): Send request successfully

2022-11-22 14:53:23 - [MESSAGE][INFO] - HAR: D:\DMS\Engine Scoring\Reports\20221122_143755\Exclude KKB - DS\Scoring Individu - CS\20221122_143756\requests\main\339.har

2022-11-22 14:53:23 - [MESSAGE][PASSED] - Send request successfully

2022-11-22 14:53:23 - [TEST_STEP][PASSED] - verifyResponseStatusCode(scoring, 200): Verify response status code successfully

2022-11-22 14:53:23 - [MESSAGE][PASSED] - Verify response status code successfully

2022-11-22 14:53:23 - [TEST_STEP][PASSED] - response2 = scoring.getResponseText(): null

2022-11-22 14:53:23 - [TEST_STEP][PASSED] - markPassed("result service data ke : " + no): result service data ke : 170

2022-11-22 14:53:23 - [MESSAGE][PASSED] - result service data ke : 170

2022-11-22 14:53:23 - [TEST_STEP][PASSED] - logInfo($response2): {"result_konsumen":"Approve","result_pasangan":"","Final_result":"Approve","errorMessage":"","status":"Done"}

2022-11-22 14:53:23 - [MESSAGE][INFO] - {"result_konsumen":"Approve","result_pasangan":"","Final_result":"Approve","errorMessage":"","status":"Done"}

2022-11-22 14:53:23 - [TEST_STEP][PASSED] - verifyElementPropertyValue(scoring, "Final_result", final_result): Verify element property value successfully

2022-11-22 14:53:23 - [MESSAGE][PASSED] - Verify element property value successfully]]></system-out>
         <system-err><![CDATA[]]></system-err>
      </testcase>
      <testcase name="Test Cases/Engine_Scoring/Engine Scoring" time="5.375" classname="Test Cases/Engine_Scoring/Engine Scoring" status="PASSED">
         <system-out><![CDATA[2022-11-22 14:53:24 - [TEST_CASE][PASSED] - Test Cases/Engine_Scoring/Engine Scoring: Test Cases/Engine_Scoring/Engine Scoring

2022-11-22 14:53:25 - [TEST_STEP][PASSED] - markPassed("Variasi data ke : " + no): Variasi data ke : 171

2022-11-22 14:53:25 - [MESSAGE][PASSED] - Variasi data ke : 171

2022-11-22 14:53:25 - [TEST_STEP][PASSED] - req_data = sendRequest(findTestObject("Search_ME", ["MID":MID, "source":source, "ip":ip, "userid":userid, "branch":branch, "tipekons":tipekons, "marital":marital, "penjamin":penjamin, ... ])): Send request successfully

2022-11-22 14:53:26 - [MESSAGE][INFO] - HAR: D:\DMS\Engine Scoring\Reports\20221122_143755\Exclude KKB - DS\Scoring Individu - CS\20221122_143756\requests\main\340.har

2022-11-22 14:53:26 - [MESSAGE][PASSED] - Send request successfully

2022-11-22 14:53:26 - [TEST_STEP][PASSED] - slurper = new groovy.json.JsonSlurper(): null

2022-11-22 14:53:26 - [TEST_STEP][PASSED] - result = slurper.parseText(req_data.getResponseBodyContent()): null

2022-11-22 14:53:26 - [TEST_STEP][PASSED] - reqid_kons = requestid1: null

2022-11-22 14:53:26 - [TEST_STEP][PASSED] - reqid_spouse = requestid2: null

2022-11-22 14:53:26 - [TEST_STEP][PASSED] - println("requestid kons : " + reqid_kons): null

2022-11-22 14:53:26 - [TEST_STEP][PASSED] - response_searchME_kons = reqid_kons: null

2022-11-22 14:53:26 - [TEST_STEP][PASSED] - response_searchME_spouse = reqid_spouse: null

2022-11-22 14:53:26 - [TEST_STEP][PASSED] - println("kons req id is :" + response_searchME_kons): null

2022-11-22 14:53:26 - [TEST_STEP][PASSED] - println("spouse req id is : " + response_searchME_spouse): null

2022-11-22 14:53:26 - [TEST_STEP][PASSED] - verifyResponseStatusCode(req_data, 200): Verify response status code successfully

2022-11-22 14:53:26 - [MESSAGE][PASSED] - Verify response status code successfully

2022-11-22 14:53:26 - [TEST_STEP][PASSED] - response = req_data.getResponseText(): null

2022-11-22 14:53:26 - [TEST_STEP][PASSED] - logInfo($response): {"status":"Done","data":{"requestid1":"241711","requestid2":""}}

2022-11-22 14:53:26 - [MESSAGE][INFO] - {"status":"Done","data":{"requestid1":"241711","requestid2":""}}

2022-11-22 14:53:26 - [TEST_STEP][PASSED] - delay(3): Delayed 3 second(s)

2022-11-22 14:53:29 - [MESSAGE][PASSED] - Delayed 3 second(s)

2022-11-22 14:53:29 - [TEST_STEP][PASSED] - scoring = sendRequest(findTestObject("EngineScore", ["response_searchME_kons":response_searchME_kons, "response_searchME_spouse":response_searchME_spouse])): Send request successfully

2022-11-22 14:53:29 - [MESSAGE][INFO] - HAR: D:\DMS\Engine Scoring\Reports\20221122_143755\Exclude KKB - DS\Scoring Individu - CS\20221122_143756\requests\main\341.har

2022-11-22 14:53:29 - [MESSAGE][PASSED] - Send request successfully

2022-11-22 14:53:29 - [TEST_STEP][PASSED] - verifyResponseStatusCode(scoring, 200): Verify response status code successfully

2022-11-22 14:53:29 - [MESSAGE][PASSED] - Verify response status code successfully

2022-11-22 14:53:29 - [TEST_STEP][PASSED] - response2 = scoring.getResponseText(): null

2022-11-22 14:53:29 - [TEST_STEP][PASSED] - markPassed("result service data ke : " + no): result service data ke : 171

2022-11-22 14:53:29 - [MESSAGE][PASSED] - result service data ke : 171

2022-11-22 14:53:29 - [TEST_STEP][PASSED] - logInfo($response2): {"result_konsumen":"Approve","result_pasangan":"","Final_result":"Approve","errorMessage":"","status":"Done"}

2022-11-22 14:53:29 - [MESSAGE][INFO] - {"result_konsumen":"Approve","result_pasangan":"","Final_result":"Approve","errorMessage":"","status":"Done"}

2022-11-22 14:53:29 - [TEST_STEP][PASSED] - verifyElementPropertyValue(scoring, "Final_result", final_result): Verify element property value successfully

2022-11-22 14:53:29 - [MESSAGE][PASSED] - Verify element property value successfully]]></system-out>
         <system-err><![CDATA[]]></system-err>
      </testcase>
      <testcase name="Test Cases/Engine_Scoring/Engine Scoring" time="5.324" classname="Test Cases/Engine_Scoring/Engine Scoring" status="PASSED">
         <system-out><![CDATA[2022-11-22 14:53:29 - [TEST_CASE][PASSED] - Test Cases/Engine_Scoring/Engine Scoring: Test Cases/Engine_Scoring/Engine Scoring

2022-11-22 14:53:30 - [TEST_STEP][PASSED] - markPassed("Variasi data ke : " + no): Variasi data ke : 172

2022-11-22 14:53:30 - [MESSAGE][PASSED] - Variasi data ke : 172

2022-11-22 14:53:30 - [TEST_STEP][PASSED] - req_data = sendRequest(findTestObject("Search_ME", ["MID":MID, "source":source, "ip":ip, "userid":userid, "branch":branch, "tipekons":tipekons, "marital":marital, "penjamin":penjamin, ... ])): Send request successfully

2022-11-22 14:53:31 - [MESSAGE][INFO] - HAR: D:\DMS\Engine Scoring\Reports\20221122_143755\Exclude KKB - DS\Scoring Individu - CS\20221122_143756\requests\main\342.har

2022-11-22 14:53:31 - [MESSAGE][PASSED] - Send request successfully

2022-11-22 14:53:31 - [TEST_STEP][PASSED] - slurper = new groovy.json.JsonSlurper(): null

2022-11-22 14:53:31 - [TEST_STEP][PASSED] - result = slurper.parseText(req_data.getResponseBodyContent()): null

2022-11-22 14:53:31 - [TEST_STEP][PASSED] - reqid_kons = requestid1: null

2022-11-22 14:53:31 - [TEST_STEP][PASSED] - reqid_spouse = requestid2: null

2022-11-22 14:53:31 - [TEST_STEP][PASSED] - println("requestid kons : " + reqid_kons): null

2022-11-22 14:53:31 - [TEST_STEP][PASSED] - response_searchME_kons = reqid_kons: null

2022-11-22 14:53:31 - [TEST_STEP][PASSED] - response_searchME_spouse = reqid_spouse: null

2022-11-22 14:53:31 - [TEST_STEP][PASSED] - println("kons req id is :" + response_searchME_kons): null

2022-11-22 14:53:31 - [TEST_STEP][PASSED] - println("spouse req id is : " + response_searchME_spouse): null

2022-11-22 14:53:31 - [TEST_STEP][PASSED] - verifyResponseStatusCode(req_data, 200): Verify response status code successfully

2022-11-22 14:53:31 - [MESSAGE][PASSED] - Verify response status code successfully

2022-11-22 14:53:31 - [TEST_STEP][PASSED] - response = req_data.getResponseText(): null

2022-11-22 14:53:31 - [TEST_STEP][PASSED] - logInfo($response): {"status":"Done","data":{"requestid1":"241712","requestid2":""}}

2022-11-22 14:53:31 - [MESSAGE][INFO] - {"status":"Done","data":{"requestid1":"241712","requestid2":""}}

2022-11-22 14:53:31 - [TEST_STEP][PASSED] - delay(3): Delayed 3 second(s)

2022-11-22 14:53:34 - [MESSAGE][PASSED] - Delayed 3 second(s)

2022-11-22 14:53:34 - [TEST_STEP][PASSED] - scoring = sendRequest(findTestObject("EngineScore", ["response_searchME_kons":response_searchME_kons, "response_searchME_spouse":response_searchME_spouse])): Send request successfully

2022-11-22 14:53:34 - [MESSAGE][INFO] - HAR: D:\DMS\Engine Scoring\Reports\20221122_143755\Exclude KKB - DS\Scoring Individu - CS\20221122_143756\requests\main\343.har

2022-11-22 14:53:34 - [MESSAGE][PASSED] - Send request successfully

2022-11-22 14:53:34 - [TEST_STEP][PASSED] - verifyResponseStatusCode(scoring, 200): Verify response status code successfully

2022-11-22 14:53:34 - [MESSAGE][PASSED] - Verify response status code successfully

2022-11-22 14:53:34 - [TEST_STEP][PASSED] - response2 = scoring.getResponseText(): null

2022-11-22 14:53:34 - [TEST_STEP][PASSED] - markPassed("result service data ke : " + no): result service data ke : 172

2022-11-22 14:53:34 - [MESSAGE][PASSED] - result service data ke : 172

2022-11-22 14:53:34 - [TEST_STEP][PASSED] - logInfo($response2): {"result_konsumen":"Approve","result_pasangan":"","Final_result":"Approve","errorMessage":"","status":"Done"}

2022-11-22 14:53:34 - [MESSAGE][INFO] - {"result_konsumen":"Approve","result_pasangan":"","Final_result":"Approve","errorMessage":"","status":"Done"}

2022-11-22 14:53:34 - [TEST_STEP][PASSED] - verifyElementPropertyValue(scoring, "Final_result", final_result): Verify element property value successfully

2022-11-22 14:53:34 - [MESSAGE][PASSED] - Verify element property value successfully]]></system-out>
         <system-err><![CDATA[]]></system-err>
      </testcase>
      <testcase name="Test Cases/Engine_Scoring/Engine Scoring" time="5.268" classname="Test Cases/Engine_Scoring/Engine Scoring" status="PASSED">
         <system-out><![CDATA[2022-11-22 14:53:34 - [TEST_CASE][PASSED] - Test Cases/Engine_Scoring/Engine Scoring: Test Cases/Engine_Scoring/Engine Scoring

2022-11-22 14:53:35 - [TEST_STEP][PASSED] - markPassed("Variasi data ke : " + no): Variasi data ke : 173

2022-11-22 14:53:35 - [MESSAGE][PASSED] - Variasi data ke : 173

2022-11-22 14:53:35 - [TEST_STEP][PASSED] - req_data = sendRequest(findTestObject("Search_ME", ["MID":MID, "source":source, "ip":ip, "userid":userid, "branch":branch, "tipekons":tipekons, "marital":marital, "penjamin":penjamin, ... ])): Send request successfully

2022-11-22 14:53:37 - [MESSAGE][INFO] - HAR: D:\DMS\Engine Scoring\Reports\20221122_143755\Exclude KKB - DS\Scoring Individu - CS\20221122_143756\requests\main\344.har

2022-11-22 14:53:37 - [MESSAGE][PASSED] - Send request successfully

2022-11-22 14:53:37 - [TEST_STEP][PASSED] - slurper = new groovy.json.JsonSlurper(): null

2022-11-22 14:53:37 - [TEST_STEP][PASSED] - result = slurper.parseText(req_data.getResponseBodyContent()): null

2022-11-22 14:53:37 - [TEST_STEP][PASSED] - reqid_kons = requestid1: null

2022-11-22 14:53:37 - [TEST_STEP][PASSED] - reqid_spouse = requestid2: null

2022-11-22 14:53:37 - [TEST_STEP][PASSED] - println("requestid kons : " + reqid_kons): null

2022-11-22 14:53:37 - [TEST_STEP][PASSED] - response_searchME_kons = reqid_kons: null

2022-11-22 14:53:37 - [TEST_STEP][PASSED] - response_searchME_spouse = reqid_spouse: null

2022-11-22 14:53:37 - [TEST_STEP][PASSED] - println("kons req id is :" + response_searchME_kons): null

2022-11-22 14:53:37 - [TEST_STEP][PASSED] - println("spouse req id is : " + response_searchME_spouse): null

2022-11-22 14:53:37 - [TEST_STEP][PASSED] - verifyResponseStatusCode(req_data, 200): Verify response status code successfully

2022-11-22 14:53:37 - [MESSAGE][PASSED] - Verify response status code successfully

2022-11-22 14:53:37 - [TEST_STEP][PASSED] - response = req_data.getResponseText(): null

2022-11-22 14:53:37 - [TEST_STEP][PASSED] - logInfo($response): {"status":"Done","data":{"requestid1":"241713","requestid2":""}}

2022-11-22 14:53:37 - [MESSAGE][INFO] - {"status":"Done","data":{"requestid1":"241713","requestid2":""}}

2022-11-22 14:53:37 - [TEST_STEP][PASSED] - delay(3): Delayed 3 second(s)

2022-11-22 14:53:40 - [MESSAGE][PASSED] - Delayed 3 second(s)

2022-11-22 14:53:40 - [TEST_STEP][PASSED] - scoring = sendRequest(findTestObject("EngineScore", ["response_searchME_kons":response_searchME_kons, "response_searchME_spouse":response_searchME_spouse])): Send request successfully

2022-11-22 14:53:40 - [MESSAGE][INFO] - HAR: D:\DMS\Engine Scoring\Reports\20221122_143755\Exclude KKB - DS\Scoring Individu - CS\20221122_143756\requests\main\345.har

2022-11-22 14:53:40 - [MESSAGE][PASSED] - Send request successfully

2022-11-22 14:53:40 - [TEST_STEP][PASSED] - verifyResponseStatusCode(scoring, 200): Verify response status code successfully

2022-11-22 14:53:40 - [MESSAGE][PASSED] - Verify response status code successfully

2022-11-22 14:53:40 - [TEST_STEP][PASSED] - response2 = scoring.getResponseText(): null

2022-11-22 14:53:40 - [TEST_STEP][PASSED] - markPassed("result service data ke : " + no): result service data ke : 173

2022-11-22 14:53:40 - [MESSAGE][PASSED] - result service data ke : 173

2022-11-22 14:53:40 - [TEST_STEP][PASSED] - logInfo($response2): {"result_konsumen":"Reject","result_pasangan":"","Final_result":"Reject","errorMessage":"","status":"Done"}

2022-11-22 14:53:40 - [MESSAGE][INFO] - {"result_konsumen":"Reject","result_pasangan":"","Final_result":"Reject","errorMessage":"","status":"Done"}

2022-11-22 14:53:40 - [TEST_STEP][PASSED] - verifyElementPropertyValue(scoring, "Final_result", final_result): Verify element property value successfully

2022-11-22 14:53:40 - [MESSAGE][PASSED] - Verify element property value successfully]]></system-out>
         <system-err><![CDATA[]]></system-err>
      </testcase>
      <testcase name="Test Cases/Engine_Scoring/Engine Scoring" time="5.433" classname="Test Cases/Engine_Scoring/Engine Scoring" status="PASSED">
         <system-out><![CDATA[2022-11-22 14:53:40 - [TEST_CASE][PASSED] - Test Cases/Engine_Scoring/Engine Scoring: Test Cases/Engine_Scoring/Engine Scoring

2022-11-22 14:53:41 - [TEST_STEP][PASSED] - markPassed("Variasi data ke : " + no): Variasi data ke : 174

2022-11-22 14:53:41 - [MESSAGE][PASSED] - Variasi data ke : 174

2022-11-22 14:53:41 - [TEST_STEP][PASSED] - req_data = sendRequest(findTestObject("Search_ME", ["MID":MID, "source":source, "ip":ip, "userid":userid, "branch":branch, "tipekons":tipekons, "marital":marital, "penjamin":penjamin, ... ])): Send request successfully

2022-11-22 14:53:42 - [MESSAGE][INFO] - HAR: D:\DMS\Engine Scoring\Reports\20221122_143755\Exclude KKB - DS\Scoring Individu - CS\20221122_143756\requests\main\346.har

2022-11-22 14:53:42 - [MESSAGE][PASSED] - Send request successfully

2022-11-22 14:53:42 - [TEST_STEP][PASSED] - slurper = new groovy.json.JsonSlurper(): null

2022-11-22 14:53:42 - [TEST_STEP][PASSED] - result = slurper.parseText(req_data.getResponseBodyContent()): null

2022-11-22 14:53:42 - [TEST_STEP][PASSED] - reqid_kons = requestid1: null

2022-11-22 14:53:42 - [TEST_STEP][PASSED] - reqid_spouse = requestid2: null

2022-11-22 14:53:42 - [TEST_STEP][PASSED] - println("requestid kons : " + reqid_kons): null

2022-11-22 14:53:42 - [TEST_STEP][PASSED] - response_searchME_kons = reqid_kons: null

2022-11-22 14:53:42 - [TEST_STEP][PASSED] - response_searchME_spouse = reqid_spouse: null

2022-11-22 14:53:42 - [TEST_STEP][PASSED] - println("kons req id is :" + response_searchME_kons): null

2022-11-22 14:53:42 - [TEST_STEP][PASSED] - println("spouse req id is : " + response_searchME_spouse): null

2022-11-22 14:53:42 - [TEST_STEP][PASSED] - verifyResponseStatusCode(req_data, 200): Verify response status code successfully

2022-11-22 14:53:42 - [MESSAGE][PASSED] - Verify response status code successfully

2022-11-22 14:53:42 - [TEST_STEP][PASSED] - response = req_data.getResponseText(): null

2022-11-22 14:53:42 - [TEST_STEP][PASSED] - logInfo($response): {"status":"Done","data":{"requestid1":"241714","requestid2":""}}

2022-11-22 14:53:42 - [MESSAGE][INFO] - {"status":"Done","data":{"requestid1":"241714","requestid2":""}}

2022-11-22 14:53:42 - [TEST_STEP][PASSED] - delay(3): Delayed 3 second(s)

2022-11-22 14:53:45 - [MESSAGE][PASSED] - Delayed 3 second(s)

2022-11-22 14:53:45 - [TEST_STEP][PASSED] - scoring = sendRequest(findTestObject("EngineScore", ["response_searchME_kons":response_searchME_kons, "response_searchME_spouse":response_searchME_spouse])): Send request successfully

2022-11-22 14:53:45 - [MESSAGE][INFO] - HAR: D:\DMS\Engine Scoring\Reports\20221122_143755\Exclude KKB - DS\Scoring Individu - CS\20221122_143756\requests\main\347.har

2022-11-22 14:53:45 - [MESSAGE][PASSED] - Send request successfully

2022-11-22 14:53:45 - [TEST_STEP][PASSED] - verifyResponseStatusCode(scoring, 200): Verify response status code successfully

2022-11-22 14:53:45 - [MESSAGE][PASSED] - Verify response status code successfully

2022-11-22 14:53:45 - [TEST_STEP][PASSED] - response2 = scoring.getResponseText(): null

2022-11-22 14:53:45 - [TEST_STEP][PASSED] - markPassed("result service data ke : " + no): result service data ke : 174

2022-11-22 14:53:45 - [MESSAGE][PASSED] - result service data ke : 174

2022-11-22 14:53:45 - [TEST_STEP][PASSED] - logInfo($response2): {"result_konsumen":"Reject","result_pasangan":"","Final_result":"Reject","errorMessage":"","status":"Done"}

2022-11-22 14:53:45 - [MESSAGE][INFO] - {"result_konsumen":"Reject","result_pasangan":"","Final_result":"Reject","errorMessage":"","status":"Done"}

2022-11-22 14:53:45 - [TEST_STEP][PASSED] - verifyElementPropertyValue(scoring, "Final_result", final_result): Verify element property value successfully

2022-11-22 14:53:45 - [MESSAGE][PASSED] - Verify element property value successfully]]></system-out>
         <system-err><![CDATA[]]></system-err>
      </testcase>
      <testcase name="Test Cases/Engine_Scoring/Engine Scoring" time="5.334" classname="Test Cases/Engine_Scoring/Engine Scoring" status="PASSED">
         <system-out><![CDATA[2022-11-22 14:53:45 - [TEST_CASE][PASSED] - Test Cases/Engine_Scoring/Engine Scoring: Test Cases/Engine_Scoring/Engine Scoring

2022-11-22 14:53:46 - [TEST_STEP][PASSED] - markPassed("Variasi data ke : " + no): Variasi data ke : 175

2022-11-22 14:53:46 - [MESSAGE][PASSED] - Variasi data ke : 175

2022-11-22 14:53:46 - [TEST_STEP][PASSED] - req_data = sendRequest(findTestObject("Search_ME", ["MID":MID, "source":source, "ip":ip, "userid":userid, "branch":branch, "tipekons":tipekons, "marital":marital, "penjamin":penjamin, ... ])): Send request successfully

2022-11-22 14:53:47 - [MESSAGE][INFO] - HAR: D:\DMS\Engine Scoring\Reports\20221122_143755\Exclude KKB - DS\Scoring Individu - CS\20221122_143756\requests\main\348.har

2022-11-22 14:53:47 - [MESSAGE][PASSED] - Send request successfully

2022-11-22 14:53:47 - [TEST_STEP][PASSED] - slurper = new groovy.json.JsonSlurper(): null

2022-11-22 14:53:47 - [TEST_STEP][PASSED] - result = slurper.parseText(req_data.getResponseBodyContent()): null

2022-11-22 14:53:47 - [TEST_STEP][PASSED] - reqid_kons = requestid1: null

2022-11-22 14:53:47 - [TEST_STEP][PASSED] - reqid_spouse = requestid2: null

2022-11-22 14:53:47 - [TEST_STEP][PASSED] - println("requestid kons : " + reqid_kons): null

2022-11-22 14:53:47 - [TEST_STEP][PASSED] - response_searchME_kons = reqid_kons: null

2022-11-22 14:53:47 - [TEST_STEP][PASSED] - response_searchME_spouse = reqid_spouse: null

2022-11-22 14:53:47 - [TEST_STEP][PASSED] - println("kons req id is :" + response_searchME_kons): null

2022-11-22 14:53:47 - [TEST_STEP][PASSED] - println("spouse req id is : " + response_searchME_spouse): null

2022-11-22 14:53:47 - [TEST_STEP][PASSED] - verifyResponseStatusCode(req_data, 200): Verify response status code successfully

2022-11-22 14:53:47 - [MESSAGE][PASSED] - Verify response status code successfully

2022-11-22 14:53:47 - [TEST_STEP][PASSED] - response = req_data.getResponseText(): null

2022-11-22 14:53:47 - [TEST_STEP][PASSED] - logInfo($response): {"status":"Done","data":{"requestid1":"241715","requestid2":""}}

2022-11-22 14:53:47 - [MESSAGE][INFO] - {"status":"Done","data":{"requestid1":"241715","requestid2":""}}

2022-11-22 14:53:47 - [TEST_STEP][PASSED] - delay(3): Delayed 3 second(s)

2022-11-22 14:53:50 - [MESSAGE][PASSED] - Delayed 3 second(s)

2022-11-22 14:53:50 - [TEST_STEP][PASSED] - scoring = sendRequest(findTestObject("EngineScore", ["response_searchME_kons":response_searchME_kons, "response_searchME_spouse":response_searchME_spouse])): Send request successfully

2022-11-22 14:53:50 - [MESSAGE][INFO] - HAR: D:\DMS\Engine Scoring\Reports\20221122_143755\Exclude KKB - DS\Scoring Individu - CS\20221122_143756\requests\main\349.har

2022-11-22 14:53:50 - [MESSAGE][PASSED] - Send request successfully

2022-11-22 14:53:50 - [TEST_STEP][PASSED] - verifyResponseStatusCode(scoring, 200): Verify response status code successfully

2022-11-22 14:53:50 - [MESSAGE][PASSED] - Verify response status code successfully

2022-11-22 14:53:50 - [TEST_STEP][PASSED] - response2 = scoring.getResponseText(): null

2022-11-22 14:53:50 - [TEST_STEP][PASSED] - markPassed("result service data ke : " + no): result service data ke : 175

2022-11-22 14:53:50 - [MESSAGE][PASSED] - result service data ke : 175

2022-11-22 14:53:50 - [TEST_STEP][PASSED] - logInfo($response2): {"result_konsumen":"Reject","result_pasangan":"","Final_result":"Reject","errorMessage":"","status":"Done"}

2022-11-22 14:53:50 - [MESSAGE][INFO] - {"result_konsumen":"Reject","result_pasangan":"","Final_result":"Reject","errorMessage":"","status":"Done"}

2022-11-22 14:53:50 - [TEST_STEP][PASSED] - verifyElementPropertyValue(scoring, "Final_result", final_result): Verify element property value successfully

2022-11-22 14:53:51 - [MESSAGE][PASSED] - Verify element property value successfully]]></system-out>
         <system-err><![CDATA[]]></system-err>
      </testcase>
      <testcase name="Test Cases/Engine_Scoring/Engine Scoring" time="6.746" classname="Test Cases/Engine_Scoring/Engine Scoring" status="PASSED">
         <system-out><![CDATA[2022-11-22 14:53:51 - [TEST_CASE][PASSED] - Test Cases/Engine_Scoring/Engine Scoring: Test Cases/Engine_Scoring/Engine Scoring

2022-11-22 14:53:52 - [TEST_STEP][PASSED] - markPassed("Variasi data ke : " + no): Variasi data ke : 176

2022-11-22 14:53:52 - [MESSAGE][PASSED] - Variasi data ke : 176

2022-11-22 14:53:52 - [TEST_STEP][PASSED] - req_data = sendRequest(findTestObject("Search_ME", ["MID":MID, "source":source, "ip":ip, "userid":userid, "branch":branch, "tipekons":tipekons, "marital":marital, "penjamin":penjamin, ... ])): Send request successfully

2022-11-22 14:53:54 - [MESSAGE][INFO] - HAR: D:\DMS\Engine Scoring\Reports\20221122_143755\Exclude KKB - DS\Scoring Individu - CS\20221122_143756\requests\main\350.har

2022-11-22 14:53:54 - [MESSAGE][PASSED] - Send request successfully

2022-11-22 14:53:54 - [TEST_STEP][PASSED] - slurper = new groovy.json.JsonSlurper(): null

2022-11-22 14:53:54 - [TEST_STEP][PASSED] - result = slurper.parseText(req_data.getResponseBodyContent()): null

2022-11-22 14:53:54 - [TEST_STEP][PASSED] - reqid_kons = requestid1: null

2022-11-22 14:53:54 - [TEST_STEP][PASSED] - reqid_spouse = requestid2: null

2022-11-22 14:53:54 - [TEST_STEP][PASSED] - println("requestid kons : " + reqid_kons): null

2022-11-22 14:53:54 - [TEST_STEP][PASSED] - response_searchME_kons = reqid_kons: null

2022-11-22 14:53:54 - [TEST_STEP][PASSED] - response_searchME_spouse = reqid_spouse: null

2022-11-22 14:53:54 - [TEST_STEP][PASSED] - println("kons req id is :" + response_searchME_kons): null

2022-11-22 14:53:54 - [TEST_STEP][PASSED] - println("spouse req id is : " + response_searchME_spouse): null

2022-11-22 14:53:54 - [TEST_STEP][PASSED] - verifyResponseStatusCode(req_data, 200): Verify response status code successfully

2022-11-22 14:53:54 - [MESSAGE][PASSED] - Verify response status code successfully

2022-11-22 14:53:54 - [TEST_STEP][PASSED] - response = req_data.getResponseText(): null

2022-11-22 14:53:54 - [TEST_STEP][PASSED] - logInfo($response): {"status":"Done","data":{"requestid1":"241716","requestid2":""}}

2022-11-22 14:53:54 - [MESSAGE][INFO] - {"status":"Done","data":{"requestid1":"241716","requestid2":""}}

2022-11-22 14:53:54 - [TEST_STEP][PASSED] - delay(3): Delayed 3 second(s)

2022-11-22 14:53:57 - [MESSAGE][PASSED] - Delayed 3 second(s)

2022-11-22 14:53:57 - [TEST_STEP][PASSED] - scoring = sendRequest(findTestObject("EngineScore", ["response_searchME_kons":response_searchME_kons, "response_searchME_spouse":response_searchME_spouse])): Send request successfully

2022-11-22 14:53:57 - [MESSAGE][INFO] - HAR: D:\DMS\Engine Scoring\Reports\20221122_143755\Exclude KKB - DS\Scoring Individu - CS\20221122_143756\requests\main\351.har

2022-11-22 14:53:57 - [MESSAGE][PASSED] - Send request successfully

2022-11-22 14:53:57 - [TEST_STEP][PASSED] - verifyResponseStatusCode(scoring, 200): Verify response status code successfully

2022-11-22 14:53:57 - [MESSAGE][PASSED] - Verify response status code successfully

2022-11-22 14:53:57 - [TEST_STEP][PASSED] - response2 = scoring.getResponseText(): null

2022-11-22 14:53:57 - [TEST_STEP][PASSED] - markPassed("result service data ke : " + no): result service data ke : 176

2022-11-22 14:53:57 - [MESSAGE][PASSED] - result service data ke : 176

2022-11-22 14:53:57 - [TEST_STEP][PASSED] - logInfo($response2): {"result_konsumen":"Reject","result_pasangan":"","Final_result":"Reject","errorMessage":"","status":"Done"}

2022-11-22 14:53:57 - [MESSAGE][INFO] - {"result_konsumen":"Reject","result_pasangan":"","Final_result":"Reject","errorMessage":"","status":"Done"}

2022-11-22 14:53:57 - [TEST_STEP][PASSED] - verifyElementPropertyValue(scoring, "Final_result", final_result): Verify element property value successfully

2022-11-22 14:53:57 - [MESSAGE][PASSED] - Verify element property value successfully]]></system-out>
         <system-err><![CDATA[]]></system-err>
      </testcase>
      <testcase name="Test Cases/Engine_Scoring/Engine Scoring" time="5.783" classname="Test Cases/Engine_Scoring/Engine Scoring" status="PASSED">
         <system-out><![CDATA[2022-11-22 14:53:57 - [TEST_CASE][PASSED] - Test Cases/Engine_Scoring/Engine Scoring: Test Cases/Engine_Scoring/Engine Scoring

2022-11-22 14:53:59 - [TEST_STEP][PASSED] - markPassed("Variasi data ke : " + no): Variasi data ke : 177

2022-11-22 14:53:59 - [MESSAGE][PASSED] - Variasi data ke : 177

2022-11-22 14:53:59 - [TEST_STEP][PASSED] - req_data = sendRequest(findTestObject("Search_ME", ["MID":MID, "source":source, "ip":ip, "userid":userid, "branch":branch, "tipekons":tipekons, "marital":marital, "penjamin":penjamin, ... ])): Send request successfully

2022-11-22 14:54:00 - [MESSAGE][INFO] - HAR: D:\DMS\Engine Scoring\Reports\20221122_143755\Exclude KKB - DS\Scoring Individu - CS\20221122_143756\requests\main\352.har

2022-11-22 14:54:00 - [MESSAGE][PASSED] - Send request successfully

2022-11-22 14:54:00 - [TEST_STEP][PASSED] - slurper = new groovy.json.JsonSlurper(): null

2022-11-22 14:54:00 - [TEST_STEP][PASSED] - result = slurper.parseText(req_data.getResponseBodyContent()): null

2022-11-22 14:54:00 - [TEST_STEP][PASSED] - reqid_kons = requestid1: null

2022-11-22 14:54:00 - [TEST_STEP][PASSED] - reqid_spouse = requestid2: null

2022-11-22 14:54:00 - [TEST_STEP][PASSED] - println("requestid kons : " + reqid_kons): null

2022-11-22 14:54:00 - [TEST_STEP][PASSED] - response_searchME_kons = reqid_kons: null

2022-11-22 14:54:00 - [TEST_STEP][PASSED] - response_searchME_spouse = reqid_spouse: null

2022-11-22 14:54:00 - [TEST_STEP][PASSED] - println("kons req id is :" + response_searchME_kons): null

2022-11-22 14:54:00 - [TEST_STEP][PASSED] - println("spouse req id is : " + response_searchME_spouse): null

2022-11-22 14:54:00 - [TEST_STEP][PASSED] - verifyResponseStatusCode(req_data, 200): Verify response status code successfully

2022-11-22 14:54:00 - [MESSAGE][PASSED] - Verify response status code successfully

2022-11-22 14:54:00 - [TEST_STEP][PASSED] - response = req_data.getResponseText(): null

2022-11-22 14:54:00 - [TEST_STEP][PASSED] - logInfo($response): {"status":"Done","data":{"requestid1":"241717","requestid2":""}}

2022-11-22 14:54:00 - [MESSAGE][INFO] - {"status":"Done","data":{"requestid1":"241717","requestid2":""}}

2022-11-22 14:54:00 - [TEST_STEP][PASSED] - delay(3): Delayed 3 second(s)

2022-11-22 14:54:03 - [MESSAGE][PASSED] - Delayed 3 second(s)

2022-11-22 14:54:03 - [TEST_STEP][PASSED] - scoring = sendRequest(findTestObject("EngineScore", ["response_searchME_kons":response_searchME_kons, "response_searchME_spouse":response_searchME_spouse])): Send request successfully

2022-11-22 14:54:03 - [MESSAGE][INFO] - HAR: D:\DMS\Engine Scoring\Reports\20221122_143755\Exclude KKB - DS\Scoring Individu - CS\20221122_143756\requests\main\353.har

2022-11-22 14:54:03 - [MESSAGE][PASSED] - Send request successfully

2022-11-22 14:54:03 - [TEST_STEP][PASSED] - verifyResponseStatusCode(scoring, 200): Verify response status code successfully

2022-11-22 14:54:03 - [MESSAGE][PASSED] - Verify response status code successfully

2022-11-22 14:54:03 - [TEST_STEP][PASSED] - response2 = scoring.getResponseText(): null

2022-11-22 14:54:03 - [TEST_STEP][PASSED] - markPassed("result service data ke : " + no): result service data ke : 177

2022-11-22 14:54:03 - [MESSAGE][PASSED] - result service data ke : 177

2022-11-22 14:54:03 - [TEST_STEP][PASSED] - logInfo($response2): {"result_konsumen":"Reject","result_pasangan":"","Final_result":"Reject","errorMessage":"","status":"Done"}

2022-11-22 14:54:03 - [MESSAGE][INFO] - {"result_konsumen":"Reject","result_pasangan":"","Final_result":"Reject","errorMessage":"","status":"Done"}

2022-11-22 14:54:03 - [TEST_STEP][PASSED] - verifyElementPropertyValue(scoring, "Final_result", final_result): Verify element property value successfully

2022-11-22 14:54:03 - [MESSAGE][PASSED] - Verify element property value successfully]]></system-out>
         <system-err><![CDATA[]]></system-err>
      </testcase>
      <testcase name="Test Cases/Engine_Scoring/Engine Scoring" time="5.248" classname="Test Cases/Engine_Scoring/Engine Scoring" status="PASSED">
         <system-out><![CDATA[2022-11-22 14:54:03 - [TEST_CASE][PASSED] - Test Cases/Engine_Scoring/Engine Scoring: Test Cases/Engine_Scoring/Engine Scoring

2022-11-22 14:54:04 - [TEST_STEP][PASSED] - markPassed("Variasi data ke : " + no): Variasi data ke : 178

2022-11-22 14:54:04 - [MESSAGE][PASSED] - Variasi data ke : 178

2022-11-22 14:54:04 - [TEST_STEP][PASSED] - req_data = sendRequest(findTestObject("Search_ME", ["MID":MID, "source":source, "ip":ip, "userid":userid, "branch":branch, "tipekons":tipekons, "marital":marital, "penjamin":penjamin, ... ])): Send request successfully

2022-11-22 14:54:05 - [MESSAGE][INFO] - HAR: D:\DMS\Engine Scoring\Reports\20221122_143755\Exclude KKB - DS\Scoring Individu - CS\20221122_143756\requests\main\354.har

2022-11-22 14:54:05 - [MESSAGE][PASSED] - Send request successfully

2022-11-22 14:54:05 - [TEST_STEP][PASSED] - slurper = new groovy.json.JsonSlurper(): null

2022-11-22 14:54:05 - [TEST_STEP][PASSED] - result = slurper.parseText(req_data.getResponseBodyContent()): null

2022-11-22 14:54:05 - [TEST_STEP][PASSED] - reqid_kons = requestid1: null

2022-11-22 14:54:05 - [TEST_STEP][PASSED] - reqid_spouse = requestid2: null

2022-11-22 14:54:05 - [TEST_STEP][PASSED] - println("requestid kons : " + reqid_kons): null

2022-11-22 14:54:05 - [TEST_STEP][PASSED] - response_searchME_kons = reqid_kons: null

2022-11-22 14:54:05 - [TEST_STEP][PASSED] - response_searchME_spouse = reqid_spouse: null

2022-11-22 14:54:05 - [TEST_STEP][PASSED] - println("kons req id is :" + response_searchME_kons): null

2022-11-22 14:54:05 - [TEST_STEP][PASSED] - println("spouse req id is : " + response_searchME_spouse): null

2022-11-22 14:54:05 - [TEST_STEP][PASSED] - verifyResponseStatusCode(req_data, 200): Verify response status code successfully

2022-11-22 14:54:05 - [MESSAGE][PASSED] - Verify response status code successfully

2022-11-22 14:54:05 - [TEST_STEP][PASSED] - response = req_data.getResponseText(): null

2022-11-22 14:54:05 - [TEST_STEP][PASSED] - logInfo($response): {"status":"Done","data":{"requestid1":"241718","requestid2":""}}

2022-11-22 14:54:05 - [MESSAGE][INFO] - {"status":"Done","data":{"requestid1":"241718","requestid2":""}}

2022-11-22 14:54:05 - [TEST_STEP][PASSED] - delay(3): Delayed 3 second(s)

2022-11-22 14:54:08 - [MESSAGE][PASSED] - Delayed 3 second(s)

2022-11-22 14:54:08 - [TEST_STEP][PASSED] - scoring = sendRequest(findTestObject("EngineScore", ["response_searchME_kons":response_searchME_kons, "response_searchME_spouse":response_searchME_spouse])): Send request successfully

2022-11-22 14:54:08 - [MESSAGE][INFO] - HAR: D:\DMS\Engine Scoring\Reports\20221122_143755\Exclude KKB - DS\Scoring Individu - CS\20221122_143756\requests\main\355.har

2022-11-22 14:54:08 - [MESSAGE][PASSED] - Send request successfully

2022-11-22 14:54:08 - [TEST_STEP][PASSED] - verifyResponseStatusCode(scoring, 200): Verify response status code successfully

2022-11-22 14:54:08 - [MESSAGE][PASSED] - Verify response status code successfully

2022-11-22 14:54:08 - [TEST_STEP][PASSED] - response2 = scoring.getResponseText(): null

2022-11-22 14:54:08 - [TEST_STEP][PASSED] - markPassed("result service data ke : " + no): result service data ke : 178

2022-11-22 14:54:08 - [MESSAGE][PASSED] - result service data ke : 178

2022-11-22 14:54:08 - [TEST_STEP][PASSED] - logInfo($response2): {"result_konsumen":"Reguler","result_pasangan":"","Final_result":"Reguler","errorMessage":"","status":"Done"}

2022-11-22 14:54:08 - [MESSAGE][INFO] - {"result_konsumen":"Reguler","result_pasangan":"","Final_result":"Reguler","errorMessage":"","status":"Done"}

2022-11-22 14:54:08 - [TEST_STEP][PASSED] - verifyElementPropertyValue(scoring, "Final_result", final_result): Verify element property value successfully

2022-11-22 14:54:08 - [MESSAGE][PASSED] - Verify element property value successfully]]></system-out>
         <system-err><![CDATA[]]></system-err>
      </testcase>
      <testcase name="Test Cases/Engine_Scoring/Engine Scoring" time="5.256" classname="Test Cases/Engine_Scoring/Engine Scoring" status="PASSED">
         <system-out><![CDATA[2022-11-22 14:54:09 - [TEST_CASE][PASSED] - Test Cases/Engine_Scoring/Engine Scoring: Test Cases/Engine_Scoring/Engine Scoring

2022-11-22 14:54:10 - [TEST_STEP][PASSED] - markPassed("Variasi data ke : " + no): Variasi data ke : 179

2022-11-22 14:54:10 - [MESSAGE][PASSED] - Variasi data ke : 179

2022-11-22 14:54:10 - [TEST_STEP][PASSED] - req_data = sendRequest(findTestObject("Search_ME", ["MID":MID, "source":source, "ip":ip, "userid":userid, "branch":branch, "tipekons":tipekons, "marital":marital, "penjamin":penjamin, ... ])): Send request successfully

2022-11-22 14:54:11 - [MESSAGE][INFO] - HAR: D:\DMS\Engine Scoring\Reports\20221122_143755\Exclude KKB - DS\Scoring Individu - CS\20221122_143756\requests\main\356.har

2022-11-22 14:54:11 - [MESSAGE][PASSED] - Send request successfully

2022-11-22 14:54:11 - [TEST_STEP][PASSED] - slurper = new groovy.json.JsonSlurper(): null

2022-11-22 14:54:11 - [TEST_STEP][PASSED] - result = slurper.parseText(req_data.getResponseBodyContent()): null

2022-11-22 14:54:11 - [TEST_STEP][PASSED] - reqid_kons = requestid1: null

2022-11-22 14:54:11 - [TEST_STEP][PASSED] - reqid_spouse = requestid2: null

2022-11-22 14:54:11 - [TEST_STEP][PASSED] - println("requestid kons : " + reqid_kons): null

2022-11-22 14:54:11 - [TEST_STEP][PASSED] - response_searchME_kons = reqid_kons: null

2022-11-22 14:54:11 - [TEST_STEP][PASSED] - response_searchME_spouse = reqid_spouse: null

2022-11-22 14:54:11 - [TEST_STEP][PASSED] - println("kons req id is :" + response_searchME_kons): null

2022-11-22 14:54:11 - [TEST_STEP][PASSED] - println("spouse req id is : " + response_searchME_spouse): null

2022-11-22 14:54:11 - [TEST_STEP][PASSED] - verifyResponseStatusCode(req_data, 200): Verify response status code successfully

2022-11-22 14:54:11 - [MESSAGE][PASSED] - Verify response status code successfully

2022-11-22 14:54:11 - [TEST_STEP][PASSED] - response = req_data.getResponseText(): null

2022-11-22 14:54:11 - [TEST_STEP][PASSED] - logInfo($response): {"status":"Done","data":{"requestid1":"241719","requestid2":""}}

2022-11-22 14:54:11 - [MESSAGE][INFO] - {"status":"Done","data":{"requestid1":"241719","requestid2":""}}

2022-11-22 14:54:11 - [TEST_STEP][PASSED] - delay(3): Delayed 3 second(s)

2022-11-22 14:54:14 - [MESSAGE][PASSED] - Delayed 3 second(s)

2022-11-22 14:54:14 - [TEST_STEP][PASSED] - scoring = sendRequest(findTestObject("EngineScore", ["response_searchME_kons":response_searchME_kons, "response_searchME_spouse":response_searchME_spouse])): Send request successfully

2022-11-22 14:54:14 - [MESSAGE][INFO] - HAR: D:\DMS\Engine Scoring\Reports\20221122_143755\Exclude KKB - DS\Scoring Individu - CS\20221122_143756\requests\main\357.har

2022-11-22 14:54:14 - [MESSAGE][PASSED] - Send request successfully

2022-11-22 14:54:14 - [TEST_STEP][PASSED] - verifyResponseStatusCode(scoring, 200): Verify response status code successfully

2022-11-22 14:54:14 - [MESSAGE][PASSED] - Verify response status code successfully

2022-11-22 14:54:14 - [TEST_STEP][PASSED] - response2 = scoring.getResponseText(): null

2022-11-22 14:54:14 - [TEST_STEP][PASSED] - markPassed("result service data ke : " + no): result service data ke : 179

2022-11-22 14:54:14 - [MESSAGE][PASSED] - result service data ke : 179

2022-11-22 14:54:14 - [TEST_STEP][PASSED] - logInfo($response2): {"result_konsumen":"Reguler","result_pasangan":"","Final_result":"Reguler","errorMessage":"","status":"Done"}

2022-11-22 14:54:14 - [MESSAGE][INFO] - {"result_konsumen":"Reguler","result_pasangan":"","Final_result":"Reguler","errorMessage":"","status":"Done"}

2022-11-22 14:54:14 - [TEST_STEP][PASSED] - verifyElementPropertyValue(scoring, "Final_result", final_result): Verify element property value successfully

2022-11-22 14:54:14 - [MESSAGE][PASSED] - Verify element property value successfully]]></system-out>
         <system-err><![CDATA[]]></system-err>
      </testcase>
      <testcase name="Test Cases/Engine_Scoring/Engine Scoring" time="5.32" classname="Test Cases/Engine_Scoring/Engine Scoring" status="PASSED">
         <system-out><![CDATA[2022-11-22 14:54:14 - [TEST_CASE][PASSED] - Test Cases/Engine_Scoring/Engine Scoring: Test Cases/Engine_Scoring/Engine Scoring

2022-11-22 14:54:15 - [TEST_STEP][PASSED] - markPassed("Variasi data ke : " + no): Variasi data ke : 180

2022-11-22 14:54:15 - [MESSAGE][PASSED] - Variasi data ke : 180

2022-11-22 14:54:15 - [TEST_STEP][PASSED] - req_data = sendRequest(findTestObject("Search_ME", ["MID":MID, "source":source, "ip":ip, "userid":userid, "branch":branch, "tipekons":tipekons, "marital":marital, "penjamin":penjamin, ... ])): Send request successfully

2022-11-22 14:54:16 - [MESSAGE][INFO] - HAR: D:\DMS\Engine Scoring\Reports\20221122_143755\Exclude KKB - DS\Scoring Individu - CS\20221122_143756\requests\main\358.har

2022-11-22 14:54:16 - [MESSAGE][PASSED] - Send request successfully

2022-11-22 14:54:16 - [TEST_STEP][PASSED] - slurper = new groovy.json.JsonSlurper(): null

2022-11-22 14:54:16 - [TEST_STEP][PASSED] - result = slurper.parseText(req_data.getResponseBodyContent()): null

2022-11-22 14:54:16 - [TEST_STEP][PASSED] - reqid_kons = requestid1: null

2022-11-22 14:54:16 - [TEST_STEP][PASSED] - reqid_spouse = requestid2: null

2022-11-22 14:54:16 - [TEST_STEP][PASSED] - println("requestid kons : " + reqid_kons): null

2022-11-22 14:54:16 - [TEST_STEP][PASSED] - response_searchME_kons = reqid_kons: null

2022-11-22 14:54:16 - [TEST_STEP][PASSED] - response_searchME_spouse = reqid_spouse: null

2022-11-22 14:54:16 - [TEST_STEP][PASSED] - println("kons req id is :" + response_searchME_kons): null

2022-11-22 14:54:16 - [TEST_STEP][PASSED] - println("spouse req id is : " + response_searchME_spouse): null

2022-11-22 14:54:16 - [TEST_STEP][PASSED] - verifyResponseStatusCode(req_data, 200): Verify response status code successfully

2022-11-22 14:54:16 - [MESSAGE][PASSED] - Verify response status code successfully

2022-11-22 14:54:16 - [TEST_STEP][PASSED] - response = req_data.getResponseText(): null

2022-11-22 14:54:16 - [TEST_STEP][PASSED] - logInfo($response): {"status":"Done","data":{"requestid1":"241720","requestid2":""}}

2022-11-22 14:54:16 - [MESSAGE][INFO] - {"status":"Done","data":{"requestid1":"241720","requestid2":""}}

2022-11-22 14:54:16 - [TEST_STEP][PASSED] - delay(3): Delayed 3 second(s)

2022-11-22 14:54:19 - [MESSAGE][PASSED] - Delayed 3 second(s)

2022-11-22 14:54:19 - [TEST_STEP][PASSED] - scoring = sendRequest(findTestObject("EngineScore", ["response_searchME_kons":response_searchME_kons, "response_searchME_spouse":response_searchME_spouse])): Send request successfully

2022-11-22 14:54:19 - [MESSAGE][INFO] - HAR: D:\DMS\Engine Scoring\Reports\20221122_143755\Exclude KKB - DS\Scoring Individu - CS\20221122_143756\requests\main\359.har

2022-11-22 14:54:19 - [MESSAGE][PASSED] - Send request successfully

2022-11-22 14:54:19 - [TEST_STEP][PASSED] - verifyResponseStatusCode(scoring, 200): Verify response status code successfully

2022-11-22 14:54:19 - [MESSAGE][PASSED] - Verify response status code successfully

2022-11-22 14:54:19 - [TEST_STEP][PASSED] - response2 = scoring.getResponseText(): null

2022-11-22 14:54:19 - [TEST_STEP][PASSED] - markPassed("result service data ke : " + no): result service data ke : 180

2022-11-22 14:54:19 - [MESSAGE][PASSED] - result service data ke : 180

2022-11-22 14:54:19 - [TEST_STEP][PASSED] - logInfo($response2): {"result_konsumen":"Reguler","result_pasangan":"","Final_result":"Reguler","errorMessage":"","status":"Done"}

2022-11-22 14:54:19 - [MESSAGE][INFO] - {"result_konsumen":"Reguler","result_pasangan":"","Final_result":"Reguler","errorMessage":"","status":"Done"}

2022-11-22 14:54:19 - [TEST_STEP][PASSED] - verifyElementPropertyValue(scoring, "Final_result", final_result): Verify element property value successfully

2022-11-22 14:54:19 - [MESSAGE][PASSED] - Verify element property value successfully]]></system-out>
         <system-err><![CDATA[]]></system-err>
      </testcase>
      <testcase name="Test Cases/Engine_Scoring/Engine Scoring" time="5.244" classname="Test Cases/Engine_Scoring/Engine Scoring" status="PASSED">
         <system-out><![CDATA[2022-11-22 14:54:19 - [TEST_CASE][PASSED] - Test Cases/Engine_Scoring/Engine Scoring: Test Cases/Engine_Scoring/Engine Scoring

2022-11-22 14:54:20 - [TEST_STEP][PASSED] - markPassed("Variasi data ke : " + no): Variasi data ke : 181

2022-11-22 14:54:20 - [MESSAGE][PASSED] - Variasi data ke : 181

2022-11-22 14:54:20 - [TEST_STEP][PASSED] - req_data = sendRequest(findTestObject("Search_ME", ["MID":MID, "source":source, "ip":ip, "userid":userid, "branch":branch, "tipekons":tipekons, "marital":marital, "penjamin":penjamin, ... ])): Send request successfully

2022-11-22 14:54:21 - [MESSAGE][INFO] - HAR: D:\DMS\Engine Scoring\Reports\20221122_143755\Exclude KKB - DS\Scoring Individu - CS\20221122_143756\requests\main\360.har

2022-11-22 14:54:21 - [MESSAGE][PASSED] - Send request successfully

2022-11-22 14:54:21 - [TEST_STEP][PASSED] - slurper = new groovy.json.JsonSlurper(): null

2022-11-22 14:54:21 - [TEST_STEP][PASSED] - result = slurper.parseText(req_data.getResponseBodyContent()): null

2022-11-22 14:54:21 - [TEST_STEP][PASSED] - reqid_kons = requestid1: null

2022-11-22 14:54:21 - [TEST_STEP][PASSED] - reqid_spouse = requestid2: null

2022-11-22 14:54:21 - [TEST_STEP][PASSED] - println("requestid kons : " + reqid_kons): null

2022-11-22 14:54:21 - [TEST_STEP][PASSED] - response_searchME_kons = reqid_kons: null

2022-11-22 14:54:21 - [TEST_STEP][PASSED] - response_searchME_spouse = reqid_spouse: null

2022-11-22 14:54:21 - [TEST_STEP][PASSED] - println("kons req id is :" + response_searchME_kons): null

2022-11-22 14:54:21 - [TEST_STEP][PASSED] - println("spouse req id is : " + response_searchME_spouse): null

2022-11-22 14:54:21 - [TEST_STEP][PASSED] - verifyResponseStatusCode(req_data, 200): Verify response status code successfully

2022-11-22 14:54:21 - [MESSAGE][PASSED] - Verify response status code successfully

2022-11-22 14:54:21 - [TEST_STEP][PASSED] - response = req_data.getResponseText(): null

2022-11-22 14:54:21 - [TEST_STEP][PASSED] - logInfo($response): {"status":"Done","data":{"requestid1":"241721","requestid2":""}}

2022-11-22 14:54:21 - [MESSAGE][INFO] - {"status":"Done","data":{"requestid1":"241721","requestid2":""}}

2022-11-22 14:54:21 - [TEST_STEP][PASSED] - delay(3): Delayed 3 second(s)

2022-11-22 14:54:24 - [MESSAGE][PASSED] - Delayed 3 second(s)

2022-11-22 14:54:24 - [TEST_STEP][PASSED] - scoring = sendRequest(findTestObject("EngineScore", ["response_searchME_kons":response_searchME_kons, "response_searchME_spouse":response_searchME_spouse])): Send request successfully

2022-11-22 14:54:24 - [MESSAGE][INFO] - HAR: D:\DMS\Engine Scoring\Reports\20221122_143755\Exclude KKB - DS\Scoring Individu - CS\20221122_143756\requests\main\361.har

2022-11-22 14:54:24 - [MESSAGE][PASSED] - Send request successfully

2022-11-22 14:54:24 - [TEST_STEP][PASSED] - verifyResponseStatusCode(scoring, 200): Verify response status code successfully

2022-11-22 14:54:24 - [MESSAGE][PASSED] - Verify response status code successfully

2022-11-22 14:54:24 - [TEST_STEP][PASSED] - response2 = scoring.getResponseText(): null

2022-11-22 14:54:24 - [TEST_STEP][PASSED] - markPassed("result service data ke : " + no): result service data ke : 181

2022-11-22 14:54:24 - [MESSAGE][PASSED] - result service data ke : 181

2022-11-22 14:54:24 - [TEST_STEP][PASSED] - logInfo($response2): {"result_konsumen":"Approve","result_pasangan":"","Final_result":"Approve","errorMessage":"","status":"Done"}

2022-11-22 14:54:24 - [MESSAGE][INFO] - {"result_konsumen":"Approve","result_pasangan":"","Final_result":"Approve","errorMessage":"","status":"Done"}

2022-11-22 14:54:24 - [TEST_STEP][PASSED] - verifyElementPropertyValue(scoring, "Final_result", final_result): Verify element property value successfully

2022-11-22 14:54:24 - [MESSAGE][PASSED] - Verify element property value successfully]]></system-out>
         <system-err><![CDATA[]]></system-err>
      </testcase>
      <testcase name="Test Cases/Engine_Scoring/Engine Scoring" time="5.094" classname="Test Cases/Engine_Scoring/Engine Scoring" status="PASSED">
         <system-out><![CDATA[2022-11-22 14:54:24 - [TEST_CASE][PASSED] - Test Cases/Engine_Scoring/Engine Scoring: Test Cases/Engine_Scoring/Engine Scoring

2022-11-22 14:54:25 - [TEST_STEP][PASSED] - markPassed("Variasi data ke : " + no): Variasi data ke : 182

2022-11-22 14:54:25 - [MESSAGE][PASSED] - Variasi data ke : 182

2022-11-22 14:54:25 - [TEST_STEP][PASSED] - req_data = sendRequest(findTestObject("Search_ME", ["MID":MID, "source":source, "ip":ip, "userid":userid, "branch":branch, "tipekons":tipekons, "marital":marital, "penjamin":penjamin, ... ])): Send request successfully

2022-11-22 14:54:26 - [MESSAGE][INFO] - HAR: D:\DMS\Engine Scoring\Reports\20221122_143755\Exclude KKB - DS\Scoring Individu - CS\20221122_143756\requests\main\362.har

2022-11-22 14:54:26 - [MESSAGE][PASSED] - Send request successfully

2022-11-22 14:54:26 - [TEST_STEP][PASSED] - slurper = new groovy.json.JsonSlurper(): null

2022-11-22 14:54:26 - [TEST_STEP][PASSED] - result = slurper.parseText(req_data.getResponseBodyContent()): null

2022-11-22 14:54:26 - [TEST_STEP][PASSED] - reqid_kons = requestid1: null

2022-11-22 14:54:26 - [TEST_STEP][PASSED] - reqid_spouse = requestid2: null

2022-11-22 14:54:26 - [TEST_STEP][PASSED] - println("requestid kons : " + reqid_kons): null

2022-11-22 14:54:26 - [TEST_STEP][PASSED] - response_searchME_kons = reqid_kons: null

2022-11-22 14:54:26 - [TEST_STEP][PASSED] - response_searchME_spouse = reqid_spouse: null

2022-11-22 14:54:26 - [TEST_STEP][PASSED] - println("kons req id is :" + response_searchME_kons): null

2022-11-22 14:54:26 - [TEST_STEP][PASSED] - println("spouse req id is : " + response_searchME_spouse): null

2022-11-22 14:54:26 - [TEST_STEP][PASSED] - verifyResponseStatusCode(req_data, 200): Verify response status code successfully

2022-11-22 14:54:26 - [MESSAGE][PASSED] - Verify response status code successfully

2022-11-22 14:54:26 - [TEST_STEP][PASSED] - response = req_data.getResponseText(): null

2022-11-22 14:54:26 - [TEST_STEP][PASSED] - logInfo($response): {"status":"Done","data":{"requestid1":"241722","requestid2":""}}

2022-11-22 14:54:26 - [MESSAGE][INFO] - {"status":"Done","data":{"requestid1":"241722","requestid2":""}}

2022-11-22 14:54:26 - [TEST_STEP][PASSED] - delay(3): Delayed 3 second(s)

2022-11-22 14:54:29 - [MESSAGE][PASSED] - Delayed 3 second(s)

2022-11-22 14:54:29 - [TEST_STEP][PASSED] - scoring = sendRequest(findTestObject("EngineScore", ["response_searchME_kons":response_searchME_kons, "response_searchME_spouse":response_searchME_spouse])): Send request successfully

2022-11-22 14:54:30 - [MESSAGE][INFO] - HAR: D:\DMS\Engine Scoring\Reports\20221122_143755\Exclude KKB - DS\Scoring Individu - CS\20221122_143756\requests\main\363.har

2022-11-22 14:54:30 - [MESSAGE][PASSED] - Send request successfully

2022-11-22 14:54:30 - [TEST_STEP][PASSED] - verifyResponseStatusCode(scoring, 200): Verify response status code successfully

2022-11-22 14:54:30 - [MESSAGE][PASSED] - Verify response status code successfully

2022-11-22 14:54:30 - [TEST_STEP][PASSED] - response2 = scoring.getResponseText(): null

2022-11-22 14:54:30 - [TEST_STEP][PASSED] - markPassed("result service data ke : " + no): result service data ke : 182

2022-11-22 14:54:30 - [MESSAGE][PASSED] - result service data ke : 182

2022-11-22 14:54:30 - [TEST_STEP][PASSED] - logInfo($response2): {"result_konsumen":"Approve","result_pasangan":"","Final_result":"Approve","errorMessage":"","status":"Done"}

2022-11-22 14:54:30 - [MESSAGE][INFO] - {"result_konsumen":"Approve","result_pasangan":"","Final_result":"Approve","errorMessage":"","status":"Done"}

2022-11-22 14:54:30 - [TEST_STEP][PASSED] - verifyElementPropertyValue(scoring, "Final_result", final_result): Verify element property value successfully

2022-11-22 14:54:30 - [MESSAGE][PASSED] - Verify element property value successfully]]></system-out>
         <system-err><![CDATA[]]></system-err>
      </testcase>
      <testcase name="Test Cases/Engine_Scoring/Engine Scoring" time="5.118" classname="Test Cases/Engine_Scoring/Engine Scoring" status="PASSED">
         <system-out><![CDATA[2022-11-22 14:54:30 - [TEST_CASE][PASSED] - Test Cases/Engine_Scoring/Engine Scoring: Test Cases/Engine_Scoring/Engine Scoring

2022-11-22 14:54:31 - [TEST_STEP][PASSED] - markPassed("Variasi data ke : " + no): Variasi data ke : 183

2022-11-22 14:54:31 - [MESSAGE][PASSED] - Variasi data ke : 183

2022-11-22 14:54:31 - [TEST_STEP][PASSED] - req_data = sendRequest(findTestObject("Search_ME", ["MID":MID, "source":source, "ip":ip, "userid":userid, "branch":branch, "tipekons":tipekons, "marital":marital, "penjamin":penjamin, ... ])): Send request successfully

2022-11-22 14:54:32 - [MESSAGE][INFO] - HAR: D:\DMS\Engine Scoring\Reports\20221122_143755\Exclude KKB - DS\Scoring Individu - CS\20221122_143756\requests\main\364.har

2022-11-22 14:54:32 - [MESSAGE][PASSED] - Send request successfully

2022-11-22 14:54:32 - [TEST_STEP][PASSED] - slurper = new groovy.json.JsonSlurper(): null

2022-11-22 14:54:32 - [TEST_STEP][PASSED] - result = slurper.parseText(req_data.getResponseBodyContent()): null

2022-11-22 14:54:32 - [TEST_STEP][PASSED] - reqid_kons = requestid1: null

2022-11-22 14:54:32 - [TEST_STEP][PASSED] - reqid_spouse = requestid2: null

2022-11-22 14:54:32 - [TEST_STEP][PASSED] - println("requestid kons : " + reqid_kons): null

2022-11-22 14:54:32 - [TEST_STEP][PASSED] - response_searchME_kons = reqid_kons: null

2022-11-22 14:54:32 - [TEST_STEP][PASSED] - response_searchME_spouse = reqid_spouse: null

2022-11-22 14:54:32 - [TEST_STEP][PASSED] - println("kons req id is :" + response_searchME_kons): null

2022-11-22 14:54:32 - [TEST_STEP][PASSED] - println("spouse req id is : " + response_searchME_spouse): null

2022-11-22 14:54:32 - [TEST_STEP][PASSED] - verifyResponseStatusCode(req_data, 200): Verify response status code successfully

2022-11-22 14:54:32 - [MESSAGE][PASSED] - Verify response status code successfully

2022-11-22 14:54:32 - [TEST_STEP][PASSED] - response = req_data.getResponseText(): null

2022-11-22 14:54:32 - [TEST_STEP][PASSED] - logInfo($response): {"status":"Done","data":{"requestid1":"241723","requestid2":""}}

2022-11-22 14:54:32 - [MESSAGE][INFO] - {"status":"Done","data":{"requestid1":"241723","requestid2":""}}

2022-11-22 14:54:32 - [TEST_STEP][PASSED] - delay(3): Delayed 3 second(s)

2022-11-22 14:54:35 - [MESSAGE][PASSED] - Delayed 3 second(s)

2022-11-22 14:54:35 - [TEST_STEP][PASSED] - scoring = sendRequest(findTestObject("EngineScore", ["response_searchME_kons":response_searchME_kons, "response_searchME_spouse":response_searchME_spouse])): Send request successfully

2022-11-22 14:54:35 - [MESSAGE][INFO] - HAR: D:\DMS\Engine Scoring\Reports\20221122_143755\Exclude KKB - DS\Scoring Individu - CS\20221122_143756\requests\main\365.har

2022-11-22 14:54:35 - [MESSAGE][PASSED] - Send request successfully

2022-11-22 14:54:35 - [TEST_STEP][PASSED] - verifyResponseStatusCode(scoring, 200): Verify response status code successfully

2022-11-22 14:54:35 - [MESSAGE][PASSED] - Verify response status code successfully

2022-11-22 14:54:35 - [TEST_STEP][PASSED] - response2 = scoring.getResponseText(): null

2022-11-22 14:54:35 - [TEST_STEP][PASSED] - markPassed("result service data ke : " + no): result service data ke : 183

2022-11-22 14:54:35 - [MESSAGE][PASSED] - result service data ke : 183

2022-11-22 14:54:35 - [TEST_STEP][PASSED] - logInfo($response2): {"result_konsumen":"Approve","result_pasangan":"","Final_result":"Approve","errorMessage":"","status":"Done"}

2022-11-22 14:54:35 - [MESSAGE][INFO] - {"result_konsumen":"Approve","result_pasangan":"","Final_result":"Approve","errorMessage":"","status":"Done"}

2022-11-22 14:54:35 - [TEST_STEP][PASSED] - verifyElementPropertyValue(scoring, "Final_result", final_result): Verify element property value successfully

2022-11-22 14:54:35 - [MESSAGE][PASSED] - Verify element property value successfully]]></system-out>
         <system-err><![CDATA[]]></system-err>
      </testcase>
      <testcase name="Test Cases/Engine_Scoring/Engine Scoring" time="5.232" classname="Test Cases/Engine_Scoring/Engine Scoring" status="PASSED">
         <system-out><![CDATA[2022-11-22 14:54:35 - [TEST_CASE][PASSED] - Test Cases/Engine_Scoring/Engine Scoring: Test Cases/Engine_Scoring/Engine Scoring

2022-11-22 14:54:36 - [TEST_STEP][PASSED] - markPassed("Variasi data ke : " + no): Variasi data ke : 184

2022-11-22 14:54:36 - [MESSAGE][PASSED] - Variasi data ke : 184

2022-11-22 14:54:36 - [TEST_STEP][PASSED] - req_data = sendRequest(findTestObject("Search_ME", ["MID":MID, "source":source, "ip":ip, "userid":userid, "branch":branch, "tipekons":tipekons, "marital":marital, "penjamin":penjamin, ... ])): Send request successfully

2022-11-22 14:54:37 - [MESSAGE][INFO] - HAR: D:\DMS\Engine Scoring\Reports\20221122_143755\Exclude KKB - DS\Scoring Individu - CS\20221122_143756\requests\main\366.har

2022-11-22 14:54:37 - [MESSAGE][PASSED] - Send request successfully

2022-11-22 14:54:37 - [TEST_STEP][PASSED] - slurper = new groovy.json.JsonSlurper(): null

2022-11-22 14:54:37 - [TEST_STEP][PASSED] - result = slurper.parseText(req_data.getResponseBodyContent()): null

2022-11-22 14:54:37 - [TEST_STEP][PASSED] - reqid_kons = requestid1: null

2022-11-22 14:54:37 - [TEST_STEP][PASSED] - reqid_spouse = requestid2: null

2022-11-22 14:54:37 - [TEST_STEP][PASSED] - println("requestid kons : " + reqid_kons): null

2022-11-22 14:54:37 - [TEST_STEP][PASSED] - response_searchME_kons = reqid_kons: null

2022-11-22 14:54:37 - [TEST_STEP][PASSED] - response_searchME_spouse = reqid_spouse: null

2022-11-22 14:54:37 - [TEST_STEP][PASSED] - println("kons req id is :" + response_searchME_kons): null

2022-11-22 14:54:37 - [TEST_STEP][PASSED] - println("spouse req id is : " + response_searchME_spouse): null

2022-11-22 14:54:37 - [TEST_STEP][PASSED] - verifyResponseStatusCode(req_data, 200): Verify response status code successfully

2022-11-22 14:54:37 - [MESSAGE][PASSED] - Verify response status code successfully

2022-11-22 14:54:37 - [TEST_STEP][PASSED] - response = req_data.getResponseText(): null

2022-11-22 14:54:37 - [TEST_STEP][PASSED] - logInfo($response): {"status":"Done","data":{"requestid1":"241724","requestid2":""}}

2022-11-22 14:54:37 - [MESSAGE][INFO] - {"status":"Done","data":{"requestid1":"241724","requestid2":""}}

2022-11-22 14:54:37 - [TEST_STEP][PASSED] - delay(3): Delayed 3 second(s)

2022-11-22 14:54:40 - [MESSAGE][PASSED] - Delayed 3 second(s)

2022-11-22 14:54:40 - [TEST_STEP][PASSED] - scoring = sendRequest(findTestObject("EngineScore", ["response_searchME_kons":response_searchME_kons, "response_searchME_spouse":response_searchME_spouse])): Send request successfully

2022-11-22 14:54:40 - [MESSAGE][INFO] - HAR: D:\DMS\Engine Scoring\Reports\20221122_143755\Exclude KKB - DS\Scoring Individu - CS\20221122_143756\requests\main\367.har

2022-11-22 14:54:40 - [MESSAGE][PASSED] - Send request successfully

2022-11-22 14:54:40 - [TEST_STEP][PASSED] - verifyResponseStatusCode(scoring, 200): Verify response status code successfully

2022-11-22 14:54:40 - [MESSAGE][PASSED] - Verify response status code successfully

2022-11-22 14:54:40 - [TEST_STEP][PASSED] - response2 = scoring.getResponseText(): null

2022-11-22 14:54:40 - [TEST_STEP][PASSED] - markPassed("result service data ke : " + no): result service data ke : 184

2022-11-22 14:54:40 - [MESSAGE][PASSED] - result service data ke : 184

2022-11-22 14:54:40 - [TEST_STEP][PASSED] - logInfo($response2): {"result_konsumen":"Approve","result_pasangan":"","Final_result":"Approve","errorMessage":"","status":"Done"}

2022-11-22 14:54:40 - [MESSAGE][INFO] - {"result_konsumen":"Approve","result_pasangan":"","Final_result":"Approve","errorMessage":"","status":"Done"}

2022-11-22 14:54:40 - [TEST_STEP][PASSED] - verifyElementPropertyValue(scoring, "Final_result", final_result): Verify element property value successfully

2022-11-22 14:54:40 - [MESSAGE][PASSED] - Verify element property value successfully]]></system-out>
         <system-err><![CDATA[]]></system-err>
      </testcase>
      <testcase name="Test Cases/Engine_Scoring/Engine Scoring" time="5.109" classname="Test Cases/Engine_Scoring/Engine Scoring" status="PASSED">
         <system-out><![CDATA[2022-11-22 14:54:40 - [TEST_CASE][PASSED] - Test Cases/Engine_Scoring/Engine Scoring: Test Cases/Engine_Scoring/Engine Scoring

2022-11-22 14:54:41 - [TEST_STEP][PASSED] - markPassed("Variasi data ke : " + no): Variasi data ke : 185

2022-11-22 14:54:41 - [MESSAGE][PASSED] - Variasi data ke : 185

2022-11-22 14:54:41 - [TEST_STEP][PASSED] - req_data = sendRequest(findTestObject("Search_ME", ["MID":MID, "source":source, "ip":ip, "userid":userid, "branch":branch, "tipekons":tipekons, "marital":marital, "penjamin":penjamin, ... ])): Send request successfully

2022-11-22 14:54:42 - [MESSAGE][INFO] - HAR: D:\DMS\Engine Scoring\Reports\20221122_143755\Exclude KKB - DS\Scoring Individu - CS\20221122_143756\requests\main\368.har

2022-11-22 14:54:42 - [MESSAGE][PASSED] - Send request successfully

2022-11-22 14:54:42 - [TEST_STEP][PASSED] - slurper = new groovy.json.JsonSlurper(): null

2022-11-22 14:54:42 - [TEST_STEP][PASSED] - result = slurper.parseText(req_data.getResponseBodyContent()): null

2022-11-22 14:54:42 - [TEST_STEP][PASSED] - reqid_kons = requestid1: null

2022-11-22 14:54:42 - [TEST_STEP][PASSED] - reqid_spouse = requestid2: null

2022-11-22 14:54:42 - [TEST_STEP][PASSED] - println("requestid kons : " + reqid_kons): null

2022-11-22 14:54:42 - [TEST_STEP][PASSED] - response_searchME_kons = reqid_kons: null

2022-11-22 14:54:42 - [TEST_STEP][PASSED] - response_searchME_spouse = reqid_spouse: null

2022-11-22 14:54:42 - [TEST_STEP][PASSED] - println("kons req id is :" + response_searchME_kons): null

2022-11-22 14:54:42 - [TEST_STEP][PASSED] - println("spouse req id is : " + response_searchME_spouse): null

2022-11-22 14:54:42 - [TEST_STEP][PASSED] - verifyResponseStatusCode(req_data, 200): Verify response status code successfully

2022-11-22 14:54:42 - [MESSAGE][PASSED] - Verify response status code successfully

2022-11-22 14:54:42 - [TEST_STEP][PASSED] - response = req_data.getResponseText(): null

2022-11-22 14:54:42 - [TEST_STEP][PASSED] - logInfo($response): {"status":"Done","data":{"requestid1":"241725","requestid2":""}}

2022-11-22 14:54:42 - [MESSAGE][INFO] - {"status":"Done","data":{"requestid1":"241725","requestid2":""}}

2022-11-22 14:54:42 - [TEST_STEP][PASSED] - delay(3): Delayed 3 second(s)

2022-11-22 14:54:45 - [MESSAGE][PASSED] - Delayed 3 second(s)

2022-11-22 14:54:45 - [TEST_STEP][PASSED] - scoring = sendRequest(findTestObject("EngineScore", ["response_searchME_kons":response_searchME_kons, "response_searchME_spouse":response_searchME_spouse])): Send request successfully

2022-11-22 14:54:45 - [MESSAGE][INFO] - HAR: D:\DMS\Engine Scoring\Reports\20221122_143755\Exclude KKB - DS\Scoring Individu - CS\20221122_143756\requests\main\369.har

2022-11-22 14:54:45 - [MESSAGE][PASSED] - Send request successfully

2022-11-22 14:54:45 - [TEST_STEP][PASSED] - verifyResponseStatusCode(scoring, 200): Verify response status code successfully

2022-11-22 14:54:45 - [MESSAGE][PASSED] - Verify response status code successfully

2022-11-22 14:54:45 - [TEST_STEP][PASSED] - response2 = scoring.getResponseText(): null

2022-11-22 14:54:45 - [TEST_STEP][PASSED] - markPassed("result service data ke : " + no): result service data ke : 185

2022-11-22 14:54:45 - [MESSAGE][PASSED] - result service data ke : 185

2022-11-22 14:54:45 - [TEST_STEP][PASSED] - logInfo($response2): {"result_konsumen":"Approve","result_pasangan":"","Final_result":"Approve","errorMessage":"","status":"Done"}

2022-11-22 14:54:45 - [MESSAGE][INFO] - {"result_konsumen":"Approve","result_pasangan":"","Final_result":"Approve","errorMessage":"","status":"Done"}

2022-11-22 14:54:45 - [TEST_STEP][PASSED] - verifyElementPropertyValue(scoring, "Final_result", final_result): Verify element property value successfully

2022-11-22 14:54:45 - [MESSAGE][PASSED] - Verify element property value successfully]]></system-out>
         <system-err><![CDATA[]]></system-err>
      </testcase>
      <testcase name="Test Cases/Engine_Scoring/Engine Scoring" time="5.349" classname="Test Cases/Engine_Scoring/Engine Scoring" status="PASSED">
         <system-out><![CDATA[2022-11-22 14:54:45 - [TEST_CASE][PASSED] - Test Cases/Engine_Scoring/Engine Scoring: Test Cases/Engine_Scoring/Engine Scoring

2022-11-22 14:54:46 - [TEST_STEP][PASSED] - markPassed("Variasi data ke : " + no): Variasi data ke : 186

2022-11-22 14:54:46 - [MESSAGE][PASSED] - Variasi data ke : 186

2022-11-22 14:54:46 - [TEST_STEP][PASSED] - req_data = sendRequest(findTestObject("Search_ME", ["MID":MID, "source":source, "ip":ip, "userid":userid, "branch":branch, "tipekons":tipekons, "marital":marital, "penjamin":penjamin, ... ])): Send request successfully

2022-11-22 14:54:48 - [MESSAGE][INFO] - HAR: D:\DMS\Engine Scoring\Reports\20221122_143755\Exclude KKB - DS\Scoring Individu - CS\20221122_143756\requests\main\370.har

2022-11-22 14:54:48 - [MESSAGE][PASSED] - Send request successfully

2022-11-22 14:54:48 - [TEST_STEP][PASSED] - slurper = new groovy.json.JsonSlurper(): null

2022-11-22 14:54:48 - [TEST_STEP][PASSED] - result = slurper.parseText(req_data.getResponseBodyContent()): null

2022-11-22 14:54:48 - [TEST_STEP][PASSED] - reqid_kons = requestid1: null

2022-11-22 14:54:48 - [TEST_STEP][PASSED] - reqid_spouse = requestid2: null

2022-11-22 14:54:48 - [TEST_STEP][PASSED] - println("requestid kons : " + reqid_kons): null

2022-11-22 14:54:48 - [TEST_STEP][PASSED] - response_searchME_kons = reqid_kons: null

2022-11-22 14:54:48 - [TEST_STEP][PASSED] - response_searchME_spouse = reqid_spouse: null

2022-11-22 14:54:48 - [TEST_STEP][PASSED] - println("kons req id is :" + response_searchME_kons): null

2022-11-22 14:54:48 - [TEST_STEP][PASSED] - println("spouse req id is : " + response_searchME_spouse): null

2022-11-22 14:54:48 - [TEST_STEP][PASSED] - verifyResponseStatusCode(req_data, 200): Verify response status code successfully

2022-11-22 14:54:48 - [MESSAGE][PASSED] - Verify response status code successfully

2022-11-22 14:54:48 - [TEST_STEP][PASSED] - response = req_data.getResponseText(): null

2022-11-22 14:54:48 - [TEST_STEP][PASSED] - logInfo($response): {"status":"Done","data":{"requestid1":"241726","requestid2":""}}

2022-11-22 14:54:48 - [MESSAGE][INFO] - {"status":"Done","data":{"requestid1":"241726","requestid2":""}}

2022-11-22 14:54:48 - [TEST_STEP][PASSED] - delay(3): Delayed 3 second(s)

2022-11-22 14:54:51 - [MESSAGE][PASSED] - Delayed 3 second(s)

2022-11-22 14:54:51 - [TEST_STEP][PASSED] - scoring = sendRequest(findTestObject("EngineScore", ["response_searchME_kons":response_searchME_kons, "response_searchME_spouse":response_searchME_spouse])): Send request successfully

2022-11-22 14:54:51 - [MESSAGE][INFO] - HAR: D:\DMS\Engine Scoring\Reports\20221122_143755\Exclude KKB - DS\Scoring Individu - CS\20221122_143756\requests\main\371.har

2022-11-22 14:54:51 - [MESSAGE][PASSED] - Send request successfully

2022-11-22 14:54:51 - [TEST_STEP][PASSED] - verifyResponseStatusCode(scoring, 200): Verify response status code successfully

2022-11-22 14:54:51 - [MESSAGE][PASSED] - Verify response status code successfully

2022-11-22 14:54:51 - [TEST_STEP][PASSED] - response2 = scoring.getResponseText(): null

2022-11-22 14:54:51 - [TEST_STEP][PASSED] - markPassed("result service data ke : " + no): result service data ke : 186

2022-11-22 14:54:51 - [MESSAGE][PASSED] - result service data ke : 186

2022-11-22 14:54:51 - [TEST_STEP][PASSED] - logInfo($response2): {"result_konsumen":"Approve","result_pasangan":"","Final_result":"Approve","errorMessage":"","status":"Done"}

2022-11-22 14:54:51 - [MESSAGE][INFO] - {"result_konsumen":"Approve","result_pasangan":"","Final_result":"Approve","errorMessage":"","status":"Done"}

2022-11-22 14:54:51 - [TEST_STEP][PASSED] - verifyElementPropertyValue(scoring, "Final_result", final_result): Verify element property value successfully

2022-11-22 14:54:51 - [MESSAGE][PASSED] - Verify element property value successfully]]></system-out>
         <system-err><![CDATA[]]></system-err>
      </testcase>
      <testcase name="Test Cases/Engine_Scoring/Engine Scoring" time="5.421" classname="Test Cases/Engine_Scoring/Engine Scoring" status="PASSED">
         <system-out><![CDATA[2022-11-22 14:54:51 - [TEST_CASE][PASSED] - Test Cases/Engine_Scoring/Engine Scoring: Test Cases/Engine_Scoring/Engine Scoring

2022-11-22 14:54:52 - [TEST_STEP][PASSED] - markPassed("Variasi data ke : " + no): Variasi data ke : 187

2022-11-22 14:54:52 - [MESSAGE][PASSED] - Variasi data ke : 187

2022-11-22 14:54:52 - [TEST_STEP][PASSED] - req_data = sendRequest(findTestObject("Search_ME", ["MID":MID, "source":source, "ip":ip, "userid":userid, "branch":branch, "tipekons":tipekons, "marital":marital, "penjamin":penjamin, ... ])): Send request successfully

2022-11-22 14:54:53 - [MESSAGE][INFO] - HAR: D:\DMS\Engine Scoring\Reports\20221122_143755\Exclude KKB - DS\Scoring Individu - CS\20221122_143756\requests\main\372.har

2022-11-22 14:54:53 - [MESSAGE][PASSED] - Send request successfully

2022-11-22 14:54:53 - [TEST_STEP][PASSED] - slurper = new groovy.json.JsonSlurper(): null

2022-11-22 14:54:53 - [TEST_STEP][PASSED] - result = slurper.parseText(req_data.getResponseBodyContent()): null

2022-11-22 14:54:53 - [TEST_STEP][PASSED] - reqid_kons = requestid1: null

2022-11-22 14:54:53 - [TEST_STEP][PASSED] - reqid_spouse = requestid2: null

2022-11-22 14:54:53 - [TEST_STEP][PASSED] - println("requestid kons : " + reqid_kons): null

2022-11-22 14:54:53 - [TEST_STEP][PASSED] - response_searchME_kons = reqid_kons: null

2022-11-22 14:54:53 - [TEST_STEP][PASSED] - response_searchME_spouse = reqid_spouse: null

2022-11-22 14:54:53 - [TEST_STEP][PASSED] - println("kons req id is :" + response_searchME_kons): null

2022-11-22 14:54:53 - [TEST_STEP][PASSED] - println("spouse req id is : " + response_searchME_spouse): null

2022-11-22 14:54:53 - [TEST_STEP][PASSED] - verifyResponseStatusCode(req_data, 200): Verify response status code successfully

2022-11-22 14:54:53 - [MESSAGE][PASSED] - Verify response status code successfully

2022-11-22 14:54:53 - [TEST_STEP][PASSED] - response = req_data.getResponseText(): null

2022-11-22 14:54:53 - [TEST_STEP][PASSED] - logInfo($response): {"status":"Done","data":{"requestid1":"241727","requestid2":""}}

2022-11-22 14:54:53 - [MESSAGE][INFO] - {"status":"Done","data":{"requestid1":"241727","requestid2":""}}

2022-11-22 14:54:53 - [TEST_STEP][PASSED] - delay(3): Delayed 3 second(s)

2022-11-22 14:54:56 - [MESSAGE][PASSED] - Delayed 3 second(s)

2022-11-22 14:54:56 - [TEST_STEP][PASSED] - scoring = sendRequest(findTestObject("EngineScore", ["response_searchME_kons":response_searchME_kons, "response_searchME_spouse":response_searchME_spouse])): Send request successfully

2022-11-22 14:54:56 - [MESSAGE][INFO] - HAR: D:\DMS\Engine Scoring\Reports\20221122_143755\Exclude KKB - DS\Scoring Individu - CS\20221122_143756\requests\main\373.har

2022-11-22 14:54:56 - [MESSAGE][PASSED] - Send request successfully

2022-11-22 14:54:56 - [TEST_STEP][PASSED] - verifyResponseStatusCode(scoring, 200): Verify response status code successfully

2022-11-22 14:54:56 - [MESSAGE][PASSED] - Verify response status code successfully

2022-11-22 14:54:56 - [TEST_STEP][PASSED] - response2 = scoring.getResponseText(): null

2022-11-22 14:54:56 - [TEST_STEP][PASSED] - markPassed("result service data ke : " + no): result service data ke : 187

2022-11-22 14:54:56 - [MESSAGE][PASSED] - result service data ke : 187

2022-11-22 14:54:56 - [TEST_STEP][PASSED] - logInfo($response2): {"result_konsumen":"Approve","result_pasangan":"","Final_result":"Approve","errorMessage":"","status":"Done"}

2022-11-22 14:54:56 - [MESSAGE][INFO] - {"result_konsumen":"Approve","result_pasangan":"","Final_result":"Approve","errorMessage":"","status":"Done"}

2022-11-22 14:54:56 - [TEST_STEP][PASSED] - verifyElementPropertyValue(scoring, "Final_result", final_result): Verify element property value successfully

2022-11-22 14:54:56 - [MESSAGE][PASSED] - Verify element property value successfully]]></system-out>
         <system-err><![CDATA[]]></system-err>
      </testcase>
      <testcase name="Test Cases/Engine_Scoring/Engine Scoring" time="5.264" classname="Test Cases/Engine_Scoring/Engine Scoring" status="PASSED">
         <system-out><![CDATA[2022-11-22 14:54:56 - [TEST_CASE][PASSED] - Test Cases/Engine_Scoring/Engine Scoring: Test Cases/Engine_Scoring/Engine Scoring

2022-11-22 14:54:57 - [TEST_STEP][PASSED] - markPassed("Variasi data ke : " + no): Variasi data ke : 188

2022-11-22 14:54:57 - [MESSAGE][PASSED] - Variasi data ke : 188

2022-11-22 14:54:57 - [TEST_STEP][PASSED] - req_data = sendRequest(findTestObject("Search_ME", ["MID":MID, "source":source, "ip":ip, "userid":userid, "branch":branch, "tipekons":tipekons, "marital":marital, "penjamin":penjamin, ... ])): Send request successfully

2022-11-22 14:54:58 - [MESSAGE][INFO] - HAR: D:\DMS\Engine Scoring\Reports\20221122_143755\Exclude KKB - DS\Scoring Individu - CS\20221122_143756\requests\main\374.har

2022-11-22 14:54:58 - [MESSAGE][PASSED] - Send request successfully

2022-11-22 14:54:58 - [TEST_STEP][PASSED] - slurper = new groovy.json.JsonSlurper(): null

2022-11-22 14:54:58 - [TEST_STEP][PASSED] - result = slurper.parseText(req_data.getResponseBodyContent()): null

2022-11-22 14:54:58 - [TEST_STEP][PASSED] - reqid_kons = requestid1: null

2022-11-22 14:54:58 - [TEST_STEP][PASSED] - reqid_spouse = requestid2: null

2022-11-22 14:54:58 - [TEST_STEP][PASSED] - println("requestid kons : " + reqid_kons): null

2022-11-22 14:54:58 - [TEST_STEP][PASSED] - response_searchME_kons = reqid_kons: null

2022-11-22 14:54:58 - [TEST_STEP][PASSED] - response_searchME_spouse = reqid_spouse: null

2022-11-22 14:54:58 - [TEST_STEP][PASSED] - println("kons req id is :" + response_searchME_kons): null

2022-11-22 14:54:58 - [TEST_STEP][PASSED] - println("spouse req id is : " + response_searchME_spouse): null

2022-11-22 14:54:58 - [TEST_STEP][PASSED] - verifyResponseStatusCode(req_data, 200): Verify response status code successfully

2022-11-22 14:54:58 - [MESSAGE][PASSED] - Verify response status code successfully

2022-11-22 14:54:58 - [TEST_STEP][PASSED] - response = req_data.getResponseText(): null

2022-11-22 14:54:58 - [TEST_STEP][PASSED] - logInfo($response): {"status":"Done","data":{"requestid1":"241728","requestid2":""}}

2022-11-22 14:54:58 - [MESSAGE][INFO] - {"status":"Done","data":{"requestid1":"241728","requestid2":""}}

2022-11-22 14:54:58 - [TEST_STEP][PASSED] - delay(3): Delayed 3 second(s)

2022-11-22 14:55:01 - [MESSAGE][PASSED] - Delayed 3 second(s)

2022-11-22 14:55:01 - [TEST_STEP][PASSED] - scoring = sendRequest(findTestObject("EngineScore", ["response_searchME_kons":response_searchME_kons, "response_searchME_spouse":response_searchME_spouse])): Send request successfully

2022-11-22 14:55:01 - [MESSAGE][INFO] - HAR: D:\DMS\Engine Scoring\Reports\20221122_143755\Exclude KKB - DS\Scoring Individu - CS\20221122_143756\requests\main\375.har

2022-11-22 14:55:01 - [MESSAGE][PASSED] - Send request successfully

2022-11-22 14:55:01 - [TEST_STEP][PASSED] - verifyResponseStatusCode(scoring, 200): Verify response status code successfully

2022-11-22 14:55:01 - [MESSAGE][PASSED] - Verify response status code successfully

2022-11-22 14:55:01 - [TEST_STEP][PASSED] - response2 = scoring.getResponseText(): null

2022-11-22 14:55:01 - [TEST_STEP][PASSED] - markPassed("result service data ke : " + no): result service data ke : 188

2022-11-22 14:55:01 - [MESSAGE][PASSED] - result service data ke : 188

2022-11-22 14:55:01 - [TEST_STEP][PASSED] - logInfo($response2): {"result_konsumen":"Approve","result_pasangan":"","Final_result":"Approve","errorMessage":"","status":"Done"}

2022-11-22 14:55:01 - [MESSAGE][INFO] - {"result_konsumen":"Approve","result_pasangan":"","Final_result":"Approve","errorMessage":"","status":"Done"}

2022-11-22 14:55:01 - [TEST_STEP][PASSED] - verifyElementPropertyValue(scoring, "Final_result", final_result): Verify element property value successfully

2022-11-22 14:55:01 - [MESSAGE][PASSED] - Verify element property value successfully]]></system-out>
         <system-err><![CDATA[]]></system-err>
      </testcase>
      <testcase name="Test Cases/Engine_Scoring/Engine Scoring" time="5.483" classname="Test Cases/Engine_Scoring/Engine Scoring" status="PASSED">
         <system-out><![CDATA[2022-11-22 14:55:02 - [TEST_CASE][PASSED] - Test Cases/Engine_Scoring/Engine Scoring: Test Cases/Engine_Scoring/Engine Scoring

2022-11-22 14:55:03 - [TEST_STEP][PASSED] - markPassed("Variasi data ke : " + no): Variasi data ke : 189

2022-11-22 14:55:03 - [MESSAGE][PASSED] - Variasi data ke : 189

2022-11-22 14:55:03 - [TEST_STEP][PASSED] - req_data = sendRequest(findTestObject("Search_ME", ["MID":MID, "source":source, "ip":ip, "userid":userid, "branch":branch, "tipekons":tipekons, "marital":marital, "penjamin":penjamin, ... ])): Send request successfully

2022-11-22 14:55:04 - [MESSAGE][INFO] - HAR: D:\DMS\Engine Scoring\Reports\20221122_143755\Exclude KKB - DS\Scoring Individu - CS\20221122_143756\requests\main\376.har

2022-11-22 14:55:04 - [MESSAGE][PASSED] - Send request successfully

2022-11-22 14:55:04 - [TEST_STEP][PASSED] - slurper = new groovy.json.JsonSlurper(): null

2022-11-22 14:55:04 - [TEST_STEP][PASSED] - result = slurper.parseText(req_data.getResponseBodyContent()): null

2022-11-22 14:55:04 - [TEST_STEP][PASSED] - reqid_kons = requestid1: null

2022-11-22 14:55:04 - [TEST_STEP][PASSED] - reqid_spouse = requestid2: null

2022-11-22 14:55:04 - [TEST_STEP][PASSED] - println("requestid kons : " + reqid_kons): null

2022-11-22 14:55:04 - [TEST_STEP][PASSED] - response_searchME_kons = reqid_kons: null

2022-11-22 14:55:04 - [TEST_STEP][PASSED] - response_searchME_spouse = reqid_spouse: null

2022-11-22 14:55:04 - [TEST_STEP][PASSED] - println("kons req id is :" + response_searchME_kons): null

2022-11-22 14:55:04 - [TEST_STEP][PASSED] - println("spouse req id is : " + response_searchME_spouse): null

2022-11-22 14:55:04 - [TEST_STEP][PASSED] - verifyResponseStatusCode(req_data, 200): Verify response status code successfully

2022-11-22 14:55:04 - [MESSAGE][PASSED] - Verify response status code successfully

2022-11-22 14:55:04 - [TEST_STEP][PASSED] - response = req_data.getResponseText(): null

2022-11-22 14:55:04 - [TEST_STEP][PASSED] - logInfo($response): {"status":"Done","data":{"requestid1":"241729","requestid2":""}}

2022-11-22 14:55:04 - [MESSAGE][INFO] - {"status":"Done","data":{"requestid1":"241729","requestid2":""}}

2022-11-22 14:55:04 - [TEST_STEP][PASSED] - delay(3): Delayed 3 second(s)

2022-11-22 14:55:07 - [MESSAGE][PASSED] - Delayed 3 second(s)

2022-11-22 14:55:07 - [TEST_STEP][PASSED] - scoring = sendRequest(findTestObject("EngineScore", ["response_searchME_kons":response_searchME_kons, "response_searchME_spouse":response_searchME_spouse])): Send request successfully

2022-11-22 14:55:07 - [MESSAGE][INFO] - HAR: D:\DMS\Engine Scoring\Reports\20221122_143755\Exclude KKB - DS\Scoring Individu - CS\20221122_143756\requests\main\377.har

2022-11-22 14:55:07 - [MESSAGE][PASSED] - Send request successfully

2022-11-22 14:55:07 - [TEST_STEP][PASSED] - verifyResponseStatusCode(scoring, 200): Verify response status code successfully

2022-11-22 14:55:07 - [MESSAGE][PASSED] - Verify response status code successfully

2022-11-22 14:55:07 - [TEST_STEP][PASSED] - response2 = scoring.getResponseText(): null

2022-11-22 14:55:07 - [TEST_STEP][PASSED] - markPassed("result service data ke : " + no): result service data ke : 189

2022-11-22 14:55:07 - [MESSAGE][PASSED] - result service data ke : 189

2022-11-22 14:55:07 - [TEST_STEP][PASSED] - logInfo($response2): {"result_konsumen":"Reject","result_pasangan":"","Final_result":"Reject","errorMessage":"","status":"Done"}

2022-11-22 14:55:07 - [MESSAGE][INFO] - {"result_konsumen":"Reject","result_pasangan":"","Final_result":"Reject","errorMessage":"","status":"Done"}

2022-11-22 14:55:07 - [TEST_STEP][PASSED] - verifyElementPropertyValue(scoring, "Final_result", final_result): Verify element property value successfully

2022-11-22 14:55:07 - [MESSAGE][PASSED] - Verify element property value successfully]]></system-out>
         <system-err><![CDATA[]]></system-err>
      </testcase>
      <testcase name="Test Cases/Engine_Scoring/Engine Scoring" time="5.443" classname="Test Cases/Engine_Scoring/Engine Scoring" status="PASSED">
         <system-out><![CDATA[2022-11-22 14:55:07 - [TEST_CASE][PASSED] - Test Cases/Engine_Scoring/Engine Scoring: Test Cases/Engine_Scoring/Engine Scoring

2022-11-22 14:55:08 - [TEST_STEP][PASSED] - markPassed("Variasi data ke : " + no): Variasi data ke : 190

2022-11-22 14:55:08 - [MESSAGE][PASSED] - Variasi data ke : 190

2022-11-22 14:55:08 - [TEST_STEP][PASSED] - req_data = sendRequest(findTestObject("Search_ME", ["MID":MID, "source":source, "ip":ip, "userid":userid, "branch":branch, "tipekons":tipekons, "marital":marital, "penjamin":penjamin, ... ])): Send request successfully

2022-11-22 14:55:09 - [MESSAGE][INFO] - HAR: D:\DMS\Engine Scoring\Reports\20221122_143755\Exclude KKB - DS\Scoring Individu - CS\20221122_143756\requests\main\378.har

2022-11-22 14:55:09 - [MESSAGE][PASSED] - Send request successfully

2022-11-22 14:55:09 - [TEST_STEP][PASSED] - slurper = new groovy.json.JsonSlurper(): null

2022-11-22 14:55:09 - [TEST_STEP][PASSED] - result = slurper.parseText(req_data.getResponseBodyContent()): null

2022-11-22 14:55:09 - [TEST_STEP][PASSED] - reqid_kons = requestid1: null

2022-11-22 14:55:09 - [TEST_STEP][PASSED] - reqid_spouse = requestid2: null

2022-11-22 14:55:09 - [TEST_STEP][PASSED] - println("requestid kons : " + reqid_kons): null

2022-11-22 14:55:09 - [TEST_STEP][PASSED] - response_searchME_kons = reqid_kons: null

2022-11-22 14:55:09 - [TEST_STEP][PASSED] - response_searchME_spouse = reqid_spouse: null

2022-11-22 14:55:09 - [TEST_STEP][PASSED] - println("kons req id is :" + response_searchME_kons): null

2022-11-22 14:55:09 - [TEST_STEP][PASSED] - println("spouse req id is : " + response_searchME_spouse): null

2022-11-22 14:55:09 - [TEST_STEP][PASSED] - verifyResponseStatusCode(req_data, 200): Verify response status code successfully

2022-11-22 14:55:09 - [MESSAGE][PASSED] - Verify response status code successfully

2022-11-22 14:55:09 - [TEST_STEP][PASSED] - response = req_data.getResponseText(): null

2022-11-22 14:55:09 - [TEST_STEP][PASSED] - logInfo($response): {"status":"Done","data":{"requestid1":"241730","requestid2":""}}

2022-11-22 14:55:09 - [MESSAGE][INFO] - {"status":"Done","data":{"requestid1":"241730","requestid2":""}}

2022-11-22 14:55:09 - [TEST_STEP][PASSED] - delay(3): Delayed 3 second(s)

2022-11-22 14:55:12 - [MESSAGE][PASSED] - Delayed 3 second(s)

2022-11-22 14:55:12 - [TEST_STEP][PASSED] - scoring = sendRequest(findTestObject("EngineScore", ["response_searchME_kons":response_searchME_kons, "response_searchME_spouse":response_searchME_spouse])): Send request successfully

2022-11-22 14:55:12 - [MESSAGE][INFO] - HAR: D:\DMS\Engine Scoring\Reports\20221122_143755\Exclude KKB - DS\Scoring Individu - CS\20221122_143756\requests\main\379.har

2022-11-22 14:55:12 - [MESSAGE][PASSED] - Send request successfully

2022-11-22 14:55:12 - [TEST_STEP][PASSED] - verifyResponseStatusCode(scoring, 200): Verify response status code successfully

2022-11-22 14:55:12 - [MESSAGE][PASSED] - Verify response status code successfully

2022-11-22 14:55:12 - [TEST_STEP][PASSED] - response2 = scoring.getResponseText(): null

2022-11-22 14:55:12 - [TEST_STEP][PASSED] - markPassed("result service data ke : " + no): result service data ke : 190

2022-11-22 14:55:12 - [MESSAGE][PASSED] - result service data ke : 190

2022-11-22 14:55:12 - [TEST_STEP][PASSED] - logInfo($response2): {"result_konsumen":"Reject","result_pasangan":"","Final_result":"Reject","errorMessage":"","status":"Done"}

2022-11-22 14:55:12 - [MESSAGE][INFO] - {"result_konsumen":"Reject","result_pasangan":"","Final_result":"Reject","errorMessage":"","status":"Done"}

2022-11-22 14:55:12 - [TEST_STEP][PASSED] - verifyElementPropertyValue(scoring, "Final_result", final_result): Verify element property value successfully

2022-11-22 14:55:13 - [MESSAGE][PASSED] - Verify element property value successfully]]></system-out>
         <system-err><![CDATA[]]></system-err>
      </testcase>
      <testcase name="Test Cases/Engine_Scoring/Engine Scoring" time="5.463" classname="Test Cases/Engine_Scoring/Engine Scoring" status="PASSED">
         <system-out><![CDATA[2022-11-22 14:55:13 - [TEST_CASE][PASSED] - Test Cases/Engine_Scoring/Engine Scoring: Test Cases/Engine_Scoring/Engine Scoring

2022-11-22 14:55:14 - [TEST_STEP][PASSED] - markPassed("Variasi data ke : " + no): Variasi data ke : 191

2022-11-22 14:55:14 - [MESSAGE][PASSED] - Variasi data ke : 191

2022-11-22 14:55:14 - [TEST_STEP][PASSED] - req_data = sendRequest(findTestObject("Search_ME", ["MID":MID, "source":source, "ip":ip, "userid":userid, "branch":branch, "tipekons":tipekons, "marital":marital, "penjamin":penjamin, ... ])): Send request successfully

2022-11-22 14:55:15 - [MESSAGE][INFO] - HAR: D:\DMS\Engine Scoring\Reports\20221122_143755\Exclude KKB - DS\Scoring Individu - CS\20221122_143756\requests\main\380.har

2022-11-22 14:55:15 - [MESSAGE][PASSED] - Send request successfully

2022-11-22 14:55:15 - [TEST_STEP][PASSED] - slurper = new groovy.json.JsonSlurper(): null

2022-11-22 14:55:15 - [TEST_STEP][PASSED] - result = slurper.parseText(req_data.getResponseBodyContent()): null

2022-11-22 14:55:15 - [TEST_STEP][PASSED] - reqid_kons = requestid1: null

2022-11-22 14:55:15 - [TEST_STEP][PASSED] - reqid_spouse = requestid2: null

2022-11-22 14:55:15 - [TEST_STEP][PASSED] - println("requestid kons : " + reqid_kons): null

2022-11-22 14:55:15 - [TEST_STEP][PASSED] - response_searchME_kons = reqid_kons: null

2022-11-22 14:55:15 - [TEST_STEP][PASSED] - response_searchME_spouse = reqid_spouse: null

2022-11-22 14:55:15 - [TEST_STEP][PASSED] - println("kons req id is :" + response_searchME_kons): null

2022-11-22 14:55:15 - [TEST_STEP][PASSED] - println("spouse req id is : " + response_searchME_spouse): null

2022-11-22 14:55:15 - [TEST_STEP][PASSED] - verifyResponseStatusCode(req_data, 200): Verify response status code successfully

2022-11-22 14:55:15 - [MESSAGE][PASSED] - Verify response status code successfully

2022-11-22 14:55:15 - [TEST_STEP][PASSED] - response = req_data.getResponseText(): null

2022-11-22 14:55:15 - [TEST_STEP][PASSED] - logInfo($response): {"status":"Done","data":{"requestid1":"241731","requestid2":""}}

2022-11-22 14:55:15 - [MESSAGE][INFO] - {"status":"Done","data":{"requestid1":"241731","requestid2":""}}

2022-11-22 14:55:15 - [TEST_STEP][PASSED] - delay(3): Delayed 3 second(s)

2022-11-22 14:55:18 - [MESSAGE][PASSED] - Delayed 3 second(s)

2022-11-22 14:55:18 - [TEST_STEP][PASSED] - scoring = sendRequest(findTestObject("EngineScore", ["response_searchME_kons":response_searchME_kons, "response_searchME_spouse":response_searchME_spouse])): Send request successfully

2022-11-22 14:55:18 - [MESSAGE][INFO] - HAR: D:\DMS\Engine Scoring\Reports\20221122_143755\Exclude KKB - DS\Scoring Individu - CS\20221122_143756\requests\main\381.har

2022-11-22 14:55:18 - [MESSAGE][PASSED] - Send request successfully

2022-11-22 14:55:18 - [TEST_STEP][PASSED] - verifyResponseStatusCode(scoring, 200): Verify response status code successfully

2022-11-22 14:55:18 - [MESSAGE][PASSED] - Verify response status code successfully

2022-11-22 14:55:18 - [TEST_STEP][PASSED] - response2 = scoring.getResponseText(): null

2022-11-22 14:55:18 - [TEST_STEP][PASSED] - markPassed("result service data ke : " + no): result service data ke : 191

2022-11-22 14:55:18 - [MESSAGE][PASSED] - result service data ke : 191

2022-11-22 14:55:18 - [TEST_STEP][PASSED] - logInfo($response2): {"result_konsumen":"Reject","result_pasangan":"","Final_result":"Reject","errorMessage":"","status":"Done"}

2022-11-22 14:55:18 - [MESSAGE][INFO] - {"result_konsumen":"Reject","result_pasangan":"","Final_result":"Reject","errorMessage":"","status":"Done"}

2022-11-22 14:55:18 - [TEST_STEP][PASSED] - verifyElementPropertyValue(scoring, "Final_result", final_result): Verify element property value successfully

2022-11-22 14:55:18 - [MESSAGE][PASSED] - Verify element property value successfully]]></system-out>
         <system-err><![CDATA[]]></system-err>
      </testcase>
      <testcase name="Test Cases/Engine_Scoring/Engine Scoring" time="5.241" classname="Test Cases/Engine_Scoring/Engine Scoring" status="PASSED">
         <system-out><![CDATA[2022-11-22 14:55:18 - [TEST_CASE][PASSED] - Test Cases/Engine_Scoring/Engine Scoring: Test Cases/Engine_Scoring/Engine Scoring

2022-11-22 14:55:19 - [TEST_STEP][PASSED] - markPassed("Variasi data ke : " + no): Variasi data ke : 192

2022-11-22 14:55:19 - [MESSAGE][PASSED] - Variasi data ke : 192

2022-11-22 14:55:19 - [TEST_STEP][PASSED] - req_data = sendRequest(findTestObject("Search_ME", ["MID":MID, "source":source, "ip":ip, "userid":userid, "branch":branch, "tipekons":tipekons, "marital":marital, "penjamin":penjamin, ... ])): Send request successfully

2022-11-22 14:55:20 - [MESSAGE][INFO] - HAR: D:\DMS\Engine Scoring\Reports\20221122_143755\Exclude KKB - DS\Scoring Individu - CS\20221122_143756\requests\main\382.har

2022-11-22 14:55:20 - [MESSAGE][PASSED] - Send request successfully

2022-11-22 14:55:20 - [TEST_STEP][PASSED] - slurper = new groovy.json.JsonSlurper(): null

2022-11-22 14:55:20 - [TEST_STEP][PASSED] - result = slurper.parseText(req_data.getResponseBodyContent()): null

2022-11-22 14:55:20 - [TEST_STEP][PASSED] - reqid_kons = requestid1: null

2022-11-22 14:55:20 - [TEST_STEP][PASSED] - reqid_spouse = requestid2: null

2022-11-22 14:55:20 - [TEST_STEP][PASSED] - println("requestid kons : " + reqid_kons): null

2022-11-22 14:55:20 - [TEST_STEP][PASSED] - response_searchME_kons = reqid_kons: null

2022-11-22 14:55:20 - [TEST_STEP][PASSED] - response_searchME_spouse = reqid_spouse: null

2022-11-22 14:55:20 - [TEST_STEP][PASSED] - println("kons req id is :" + response_searchME_kons): null

2022-11-22 14:55:20 - [TEST_STEP][PASSED] - println("spouse req id is : " + response_searchME_spouse): null

2022-11-22 14:55:20 - [TEST_STEP][PASSED] - verifyResponseStatusCode(req_data, 200): Verify response status code successfully

2022-11-22 14:55:20 - [MESSAGE][PASSED] - Verify response status code successfully

2022-11-22 14:55:20 - [TEST_STEP][PASSED] - response = req_data.getResponseText(): null

2022-11-22 14:55:20 - [TEST_STEP][PASSED] - logInfo($response): {"status":"Done","data":{"requestid1":"241732","requestid2":""}}

2022-11-22 14:55:20 - [MESSAGE][INFO] - {"status":"Done","data":{"requestid1":"241732","requestid2":""}}

2022-11-22 14:55:20 - [TEST_STEP][PASSED] - delay(3): Delayed 3 second(s)

2022-11-22 14:55:23 - [MESSAGE][PASSED] - Delayed 3 second(s)

2022-11-22 14:55:23 - [TEST_STEP][PASSED] - scoring = sendRequest(findTestObject("EngineScore", ["response_searchME_kons":response_searchME_kons, "response_searchME_spouse":response_searchME_spouse])): Send request successfully

2022-11-22 14:55:23 - [MESSAGE][INFO] - HAR: D:\DMS\Engine Scoring\Reports\20221122_143755\Exclude KKB - DS\Scoring Individu - CS\20221122_143756\requests\main\383.har

2022-11-22 14:55:23 - [MESSAGE][PASSED] - Send request successfully

2022-11-22 14:55:23 - [TEST_STEP][PASSED] - verifyResponseStatusCode(scoring, 200): Verify response status code successfully

2022-11-22 14:55:23 - [MESSAGE][PASSED] - Verify response status code successfully

2022-11-22 14:55:23 - [TEST_STEP][PASSED] - response2 = scoring.getResponseText(): null

2022-11-22 14:55:23 - [TEST_STEP][PASSED] - markPassed("result service data ke : " + no): result service data ke : 192

2022-11-22 14:55:23 - [MESSAGE][PASSED] - result service data ke : 192

2022-11-22 14:55:23 - [TEST_STEP][PASSED] - logInfo($response2): {"result_konsumen":"Reject","result_pasangan":"","Final_result":"Reject","errorMessage":"","status":"Done"}

2022-11-22 14:55:23 - [MESSAGE][INFO] - {"result_konsumen":"Reject","result_pasangan":"","Final_result":"Reject","errorMessage":"","status":"Done"}

2022-11-22 14:55:23 - [TEST_STEP][PASSED] - verifyElementPropertyValue(scoring, "Final_result", final_result): Verify element property value successfully

2022-11-22 14:55:23 - [MESSAGE][PASSED] - Verify element property value successfully]]></system-out>
         <system-err><![CDATA[]]></system-err>
      </testcase>
      <testcase name="Test Cases/Engine_Scoring/Engine Scoring" time="5.38" classname="Test Cases/Engine_Scoring/Engine Scoring" status="PASSED">
         <system-out><![CDATA[2022-11-22 14:55:23 - [TEST_CASE][PASSED] - Test Cases/Engine_Scoring/Engine Scoring: Test Cases/Engine_Scoring/Engine Scoring

2022-11-22 14:55:24 - [TEST_STEP][PASSED] - markPassed("Variasi data ke : " + no): Variasi data ke : 193

2022-11-22 14:55:24 - [MESSAGE][PASSED] - Variasi data ke : 193

2022-11-22 14:55:24 - [TEST_STEP][PASSED] - req_data = sendRequest(findTestObject("Search_ME", ["MID":MID, "source":source, "ip":ip, "userid":userid, "branch":branch, "tipekons":tipekons, "marital":marital, "penjamin":penjamin, ... ])): Send request successfully

2022-11-22 14:55:26 - [MESSAGE][INFO] - HAR: D:\DMS\Engine Scoring\Reports\20221122_143755\Exclude KKB - DS\Scoring Individu - CS\20221122_143756\requests\main\384.har

2022-11-22 14:55:26 - [MESSAGE][PASSED] - Send request successfully

2022-11-22 14:55:26 - [TEST_STEP][PASSED] - slurper = new groovy.json.JsonSlurper(): null

2022-11-22 14:55:26 - [TEST_STEP][PASSED] - result = slurper.parseText(req_data.getResponseBodyContent()): null

2022-11-22 14:55:26 - [TEST_STEP][PASSED] - reqid_kons = requestid1: null

2022-11-22 14:55:26 - [TEST_STEP][PASSED] - reqid_spouse = requestid2: null

2022-11-22 14:55:26 - [TEST_STEP][PASSED] - println("requestid kons : " + reqid_kons): null

2022-11-22 14:55:26 - [TEST_STEP][PASSED] - response_searchME_kons = reqid_kons: null

2022-11-22 14:55:26 - [TEST_STEP][PASSED] - response_searchME_spouse = reqid_spouse: null

2022-11-22 14:55:26 - [TEST_STEP][PASSED] - println("kons req id is :" + response_searchME_kons): null

2022-11-22 14:55:26 - [TEST_STEP][PASSED] - println("spouse req id is : " + response_searchME_spouse): null

2022-11-22 14:55:26 - [TEST_STEP][PASSED] - verifyResponseStatusCode(req_data, 200): Verify response status code successfully

2022-11-22 14:55:26 - [MESSAGE][PASSED] - Verify response status code successfully

2022-11-22 14:55:26 - [TEST_STEP][PASSED] - response = req_data.getResponseText(): null

2022-11-22 14:55:26 - [TEST_STEP][PASSED] - logInfo($response): {"status":"Done","data":{"requestid1":"241733","requestid2":""}}

2022-11-22 14:55:26 - [MESSAGE][INFO] - {"status":"Done","data":{"requestid1":"241733","requestid2":""}}

2022-11-22 14:55:26 - [TEST_STEP][PASSED] - delay(3): Delayed 3 second(s)

2022-11-22 14:55:29 - [MESSAGE][PASSED] - Delayed 3 second(s)

2022-11-22 14:55:29 - [TEST_STEP][PASSED] - scoring = sendRequest(findTestObject("EngineScore", ["response_searchME_kons":response_searchME_kons, "response_searchME_spouse":response_searchME_spouse])): Send request successfully

2022-11-22 14:55:29 - [MESSAGE][INFO] - HAR: D:\DMS\Engine Scoring\Reports\20221122_143755\Exclude KKB - DS\Scoring Individu - CS\20221122_143756\requests\main\385.har

2022-11-22 14:55:29 - [MESSAGE][PASSED] - Send request successfully

2022-11-22 14:55:29 - [TEST_STEP][PASSED] - verifyResponseStatusCode(scoring, 200): Verify response status code successfully

2022-11-22 14:55:29 - [MESSAGE][PASSED] - Verify response status code successfully

2022-11-22 14:55:29 - [TEST_STEP][PASSED] - response2 = scoring.getResponseText(): null

2022-11-22 14:55:29 - [TEST_STEP][PASSED] - markPassed("result service data ke : " + no): result service data ke : 193

2022-11-22 14:55:29 - [MESSAGE][PASSED] - result service data ke : 193

2022-11-22 14:55:29 - [TEST_STEP][PASSED] - logInfo($response2): {"result_konsumen":"Reguler","result_pasangan":"","Final_result":"Reguler","errorMessage":"","status":"Done"}

2022-11-22 14:55:29 - [MESSAGE][INFO] - {"result_konsumen":"Reguler","result_pasangan":"","Final_result":"Reguler","errorMessage":"","status":"Done"}

2022-11-22 14:55:29 - [TEST_STEP][PASSED] - verifyElementPropertyValue(scoring, "Final_result", final_result): Verify element property value successfully

2022-11-22 14:55:29 - [MESSAGE][PASSED] - Verify element property value successfully]]></system-out>
         <system-err><![CDATA[]]></system-err>
      </testcase>
      <testcase name="Test Cases/Engine_Scoring/Engine Scoring" time="5.429" classname="Test Cases/Engine_Scoring/Engine Scoring" status="PASSED">
         <system-out><![CDATA[2022-11-22 14:55:29 - [TEST_CASE][PASSED] - Test Cases/Engine_Scoring/Engine Scoring: Test Cases/Engine_Scoring/Engine Scoring

2022-11-22 14:55:30 - [TEST_STEP][PASSED] - markPassed("Variasi data ke : " + no): Variasi data ke : 194

2022-11-22 14:55:30 - [MESSAGE][PASSED] - Variasi data ke : 194

2022-11-22 14:55:30 - [TEST_STEP][PASSED] - req_data = sendRequest(findTestObject("Search_ME", ["MID":MID, "source":source, "ip":ip, "userid":userid, "branch":branch, "tipekons":tipekons, "marital":marital, "penjamin":penjamin, ... ])): Send request successfully

2022-11-22 14:55:31 - [MESSAGE][INFO] - HAR: D:\DMS\Engine Scoring\Reports\20221122_143755\Exclude KKB - DS\Scoring Individu - CS\20221122_143756\requests\main\386.har

2022-11-22 14:55:31 - [MESSAGE][PASSED] - Send request successfully

2022-11-22 14:55:31 - [TEST_STEP][PASSED] - slurper = new groovy.json.JsonSlurper(): null

2022-11-22 14:55:31 - [TEST_STEP][PASSED] - result = slurper.parseText(req_data.getResponseBodyContent()): null

2022-11-22 14:55:31 - [TEST_STEP][PASSED] - reqid_kons = requestid1: null

2022-11-22 14:55:31 - [TEST_STEP][PASSED] - reqid_spouse = requestid2: null

2022-11-22 14:55:31 - [TEST_STEP][PASSED] - println("requestid kons : " + reqid_kons): null

2022-11-22 14:55:31 - [TEST_STEP][PASSED] - response_searchME_kons = reqid_kons: null

2022-11-22 14:55:31 - [TEST_STEP][PASSED] - response_searchME_spouse = reqid_spouse: null

2022-11-22 14:55:31 - [TEST_STEP][PASSED] - println("kons req id is :" + response_searchME_kons): null

2022-11-22 14:55:31 - [TEST_STEP][PASSED] - println("spouse req id is : " + response_searchME_spouse): null

2022-11-22 14:55:31 - [TEST_STEP][PASSED] - verifyResponseStatusCode(req_data, 200): Verify response status code successfully

2022-11-22 14:55:31 - [MESSAGE][PASSED] - Verify response status code successfully

2022-11-22 14:55:31 - [TEST_STEP][PASSED] - response = req_data.getResponseText(): null

2022-11-22 14:55:31 - [TEST_STEP][PASSED] - logInfo($response): {"status":"Done","data":{"requestid1":"241734","requestid2":""}}

2022-11-22 14:55:31 - [MESSAGE][INFO] - {"status":"Done","data":{"requestid1":"241734","requestid2":""}}

2022-11-22 14:55:31 - [TEST_STEP][PASSED] - delay(3): Delayed 3 second(s)

2022-11-22 14:55:34 - [MESSAGE][PASSED] - Delayed 3 second(s)

2022-11-22 14:55:34 - [TEST_STEP][PASSED] - scoring = sendRequest(findTestObject("EngineScore", ["response_searchME_kons":response_searchME_kons, "response_searchME_spouse":response_searchME_spouse])): Send request successfully

2022-11-22 14:55:34 - [MESSAGE][INFO] - HAR: D:\DMS\Engine Scoring\Reports\20221122_143755\Exclude KKB - DS\Scoring Individu - CS\20221122_143756\requests\main\387.har

2022-11-22 14:55:34 - [MESSAGE][PASSED] - Send request successfully

2022-11-22 14:55:34 - [TEST_STEP][PASSED] - verifyResponseStatusCode(scoring, 200): Verify response status code successfully

2022-11-22 14:55:34 - [MESSAGE][PASSED] - Verify response status code successfully

2022-11-22 14:55:34 - [TEST_STEP][PASSED] - response2 = scoring.getResponseText(): null

2022-11-22 14:55:34 - [TEST_STEP][PASSED] - markPassed("result service data ke : " + no): result service data ke : 194

2022-11-22 14:55:34 - [MESSAGE][PASSED] - result service data ke : 194

2022-11-22 14:55:34 - [TEST_STEP][PASSED] - logInfo($response2): {"result_konsumen":"Reguler","result_pasangan":"","Final_result":"Reguler","errorMessage":"","status":"Done"}

2022-11-22 14:55:34 - [MESSAGE][INFO] - {"result_konsumen":"Reguler","result_pasangan":"","Final_result":"Reguler","errorMessage":"","status":"Done"}

2022-11-22 14:55:34 - [TEST_STEP][PASSED] - verifyElementPropertyValue(scoring, "Final_result", final_result): Verify element property value successfully

2022-11-22 14:55:34 - [MESSAGE][PASSED] - Verify element property value successfully]]></system-out>
         <system-err><![CDATA[]]></system-err>
      </testcase>
      <testcase name="Test Cases/Engine_Scoring/Engine Scoring" time="5.399" classname="Test Cases/Engine_Scoring/Engine Scoring" status="PASSED">
         <system-out><![CDATA[2022-11-22 14:55:34 - [TEST_CASE][PASSED] - Test Cases/Engine_Scoring/Engine Scoring: Test Cases/Engine_Scoring/Engine Scoring

2022-11-22 14:55:35 - [TEST_STEP][PASSED] - markPassed("Variasi data ke : " + no): Variasi data ke : 195

2022-11-22 14:55:35 - [MESSAGE][PASSED] - Variasi data ke : 195

2022-11-22 14:55:35 - [TEST_STEP][PASSED] - req_data = sendRequest(findTestObject("Search_ME", ["MID":MID, "source":source, "ip":ip, "userid":userid, "branch":branch, "tipekons":tipekons, "marital":marital, "penjamin":penjamin, ... ])): Send request successfully

2022-11-22 14:55:37 - [MESSAGE][INFO] - HAR: D:\DMS\Engine Scoring\Reports\20221122_143755\Exclude KKB - DS\Scoring Individu - CS\20221122_143756\requests\main\388.har

2022-11-22 14:55:37 - [MESSAGE][PASSED] - Send request successfully

2022-11-22 14:55:37 - [TEST_STEP][PASSED] - slurper = new groovy.json.JsonSlurper(): null

2022-11-22 14:55:37 - [TEST_STEP][PASSED] - result = slurper.parseText(req_data.getResponseBodyContent()): null

2022-11-22 14:55:37 - [TEST_STEP][PASSED] - reqid_kons = requestid1: null

2022-11-22 14:55:37 - [TEST_STEP][PASSED] - reqid_spouse = requestid2: null

2022-11-22 14:55:37 - [TEST_STEP][PASSED] - println("requestid kons : " + reqid_kons): null

2022-11-22 14:55:37 - [TEST_STEP][PASSED] - response_searchME_kons = reqid_kons: null

2022-11-22 14:55:37 - [TEST_STEP][PASSED] - response_searchME_spouse = reqid_spouse: null

2022-11-22 14:55:37 - [TEST_STEP][PASSED] - println("kons req id is :" + response_searchME_kons): null

2022-11-22 14:55:37 - [TEST_STEP][PASSED] - println("spouse req id is : " + response_searchME_spouse): null

2022-11-22 14:55:37 - [TEST_STEP][PASSED] - verifyResponseStatusCode(req_data, 200): Verify response status code successfully

2022-11-22 14:55:37 - [MESSAGE][PASSED] - Verify response status code successfully

2022-11-22 14:55:37 - [TEST_STEP][PASSED] - response = req_data.getResponseText(): null

2022-11-22 14:55:37 - [TEST_STEP][PASSED] - logInfo($response): {"status":"Done","data":{"requestid1":"241735","requestid2":""}}

2022-11-22 14:55:37 - [MESSAGE][INFO] - {"status":"Done","data":{"requestid1":"241735","requestid2":""}}

2022-11-22 14:55:37 - [TEST_STEP][PASSED] - delay(3): Delayed 3 second(s)

2022-11-22 14:55:40 - [MESSAGE][PASSED] - Delayed 3 second(s)

2022-11-22 14:55:40 - [TEST_STEP][PASSED] - scoring = sendRequest(findTestObject("EngineScore", ["response_searchME_kons":response_searchME_kons, "response_searchME_spouse":response_searchME_spouse])): Send request successfully

2022-11-22 14:55:40 - [MESSAGE][INFO] - HAR: D:\DMS\Engine Scoring\Reports\20221122_143755\Exclude KKB - DS\Scoring Individu - CS\20221122_143756\requests\main\389.har

2022-11-22 14:55:40 - [MESSAGE][PASSED] - Send request successfully

2022-11-22 14:55:40 - [TEST_STEP][PASSED] - verifyResponseStatusCode(scoring, 200): Verify response status code successfully

2022-11-22 14:55:40 - [MESSAGE][PASSED] - Verify response status code successfully

2022-11-22 14:55:40 - [TEST_STEP][PASSED] - response2 = scoring.getResponseText(): null

2022-11-22 14:55:40 - [TEST_STEP][PASSED] - markPassed("result service data ke : " + no): result service data ke : 195

2022-11-22 14:55:40 - [MESSAGE][PASSED] - result service data ke : 195

2022-11-22 14:55:40 - [TEST_STEP][PASSED] - logInfo($response2): {"result_konsumen":"Reguler","result_pasangan":"","Final_result":"Reguler","errorMessage":"","status":"Done"}

2022-11-22 14:55:40 - [MESSAGE][INFO] - {"result_konsumen":"Reguler","result_pasangan":"","Final_result":"Reguler","errorMessage":"","status":"Done"}

2022-11-22 14:55:40 - [TEST_STEP][PASSED] - verifyElementPropertyValue(scoring, "Final_result", final_result): Verify element property value successfully

2022-11-22 14:55:40 - [MESSAGE][PASSED] - Verify element property value successfully]]></system-out>
         <system-err><![CDATA[]]></system-err>
      </testcase>
      <testcase name="Test Cases/Engine_Scoring/Engine Scoring" time="5.254" classname="Test Cases/Engine_Scoring/Engine Scoring" status="PASSED">
         <system-out><![CDATA[2022-11-22 14:55:40 - [TEST_CASE][PASSED] - Test Cases/Engine_Scoring/Engine Scoring: Test Cases/Engine_Scoring/Engine Scoring

2022-11-22 14:55:41 - [TEST_STEP][PASSED] - markPassed("Variasi data ke : " + no): Variasi data ke : 196

2022-11-22 14:55:41 - [MESSAGE][PASSED] - Variasi data ke : 196

2022-11-22 14:55:41 - [TEST_STEP][PASSED] - req_data = sendRequest(findTestObject("Search_ME", ["MID":MID, "source":source, "ip":ip, "userid":userid, "branch":branch, "tipekons":tipekons, "marital":marital, "penjamin":penjamin, ... ])): Send request successfully

2022-11-22 14:55:42 - [MESSAGE][INFO] - HAR: D:\DMS\Engine Scoring\Reports\20221122_143755\Exclude KKB - DS\Scoring Individu - CS\20221122_143756\requests\main\390.har

2022-11-22 14:55:42 - [MESSAGE][PASSED] - Send request successfully

2022-11-22 14:55:42 - [TEST_STEP][PASSED] - slurper = new groovy.json.JsonSlurper(): null

2022-11-22 14:55:42 - [TEST_STEP][PASSED] - result = slurper.parseText(req_data.getResponseBodyContent()): null

2022-11-22 14:55:42 - [TEST_STEP][PASSED] - reqid_kons = requestid1: null

2022-11-22 14:55:42 - [TEST_STEP][PASSED] - reqid_spouse = requestid2: null

2022-11-22 14:55:42 - [TEST_STEP][PASSED] - println("requestid kons : " + reqid_kons): null

2022-11-22 14:55:42 - [TEST_STEP][PASSED] - response_searchME_kons = reqid_kons: null

2022-11-22 14:55:42 - [TEST_STEP][PASSED] - response_searchME_spouse = reqid_spouse: null

2022-11-22 14:55:42 - [TEST_STEP][PASSED] - println("kons req id is :" + response_searchME_kons): null

2022-11-22 14:55:42 - [TEST_STEP][PASSED] - println("spouse req id is : " + response_searchME_spouse): null

2022-11-22 14:55:42 - [TEST_STEP][PASSED] - verifyResponseStatusCode(req_data, 200): Verify response status code successfully

2022-11-22 14:55:42 - [MESSAGE][PASSED] - Verify response status code successfully

2022-11-22 14:55:42 - [TEST_STEP][PASSED] - response = req_data.getResponseText(): null

2022-11-22 14:55:42 - [TEST_STEP][PASSED] - logInfo($response): {"status":"Done","data":{"requestid1":"241736","requestid2":""}}

2022-11-22 14:55:42 - [MESSAGE][INFO] - {"status":"Done","data":{"requestid1":"241736","requestid2":""}}

2022-11-22 14:55:42 - [TEST_STEP][PASSED] - delay(3): Delayed 3 second(s)

2022-11-22 14:55:45 - [MESSAGE][PASSED] - Delayed 3 second(s)

2022-11-22 14:55:45 - [TEST_STEP][PASSED] - scoring = sendRequest(findTestObject("EngineScore", ["response_searchME_kons":response_searchME_kons, "response_searchME_spouse":response_searchME_spouse])): Send request successfully

2022-11-22 14:55:45 - [MESSAGE][INFO] - HAR: D:\DMS\Engine Scoring\Reports\20221122_143755\Exclude KKB - DS\Scoring Individu - CS\20221122_143756\requests\main\391.har

2022-11-22 14:55:45 - [MESSAGE][PASSED] - Send request successfully

2022-11-22 14:55:45 - [TEST_STEP][PASSED] - verifyResponseStatusCode(scoring, 200): Verify response status code successfully

2022-11-22 14:55:45 - [MESSAGE][PASSED] - Verify response status code successfully

2022-11-22 14:55:45 - [TEST_STEP][PASSED] - response2 = scoring.getResponseText(): null

2022-11-22 14:55:45 - [TEST_STEP][PASSED] - markPassed("result service data ke : " + no): result service data ke : 196

2022-11-22 14:55:45 - [MESSAGE][PASSED] - result service data ke : 196

2022-11-22 14:55:45 - [TEST_STEP][PASSED] - logInfo($response2): {"result_konsumen":"Reguler","result_pasangan":"","Final_result":"Reguler","errorMessage":"","status":"Done"}

2022-11-22 14:55:45 - [MESSAGE][INFO] - {"result_konsumen":"Reguler","result_pasangan":"","Final_result":"Reguler","errorMessage":"","status":"Done"}

2022-11-22 14:55:45 - [TEST_STEP][PASSED] - verifyElementPropertyValue(scoring, "Final_result", final_result): Verify element property value successfully

2022-11-22 14:55:45 - [MESSAGE][PASSED] - Verify element property value successfully]]></system-out>
         <system-err><![CDATA[]]></system-err>
      </testcase>
      <testcase name="Test Cases/Engine_Scoring/Engine Scoring" time="7.672" classname="Test Cases/Engine_Scoring/Engine Scoring" status="PASSED">
         <system-out><![CDATA[2022-11-22 14:55:45 - [TEST_CASE][PASSED] - Test Cases/Engine_Scoring/Engine Scoring: Test Cases/Engine_Scoring/Engine Scoring

2022-11-22 14:55:46 - [TEST_STEP][PASSED] - markPassed("Variasi data ke : " + no): Variasi data ke : 197

2022-11-22 14:55:46 - [MESSAGE][PASSED] - Variasi data ke : 197

2022-11-22 14:55:46 - [TEST_STEP][PASSED] - req_data = sendRequest(findTestObject("Search_ME", ["MID":MID, "source":source, "ip":ip, "userid":userid, "branch":branch, "tipekons":tipekons, "marital":marital, "penjamin":penjamin, ... ])): Send request successfully

2022-11-22 14:55:50 - [MESSAGE][INFO] - HAR: D:\DMS\Engine Scoring\Reports\20221122_143755\Exclude KKB - DS\Scoring Individu - CS\20221122_143756\requests\main\392.har

2022-11-22 14:55:50 - [MESSAGE][PASSED] - Send request successfully

2022-11-22 14:55:50 - [TEST_STEP][PASSED] - slurper = new groovy.json.JsonSlurper(): null

2022-11-22 14:55:50 - [TEST_STEP][PASSED] - result = slurper.parseText(req_data.getResponseBodyContent()): null

2022-11-22 14:55:50 - [TEST_STEP][PASSED] - reqid_kons = requestid1: null

2022-11-22 14:55:50 - [TEST_STEP][PASSED] - reqid_spouse = requestid2: null

2022-11-22 14:55:50 - [TEST_STEP][PASSED] - println("requestid kons : " + reqid_kons): null

2022-11-22 14:55:50 - [TEST_STEP][PASSED] - response_searchME_kons = reqid_kons: null

2022-11-22 14:55:50 - [TEST_STEP][PASSED] - response_searchME_spouse = reqid_spouse: null

2022-11-22 14:55:50 - [TEST_STEP][PASSED] - println("kons req id is :" + response_searchME_kons): null

2022-11-22 14:55:50 - [TEST_STEP][PASSED] - println("spouse req id is : " + response_searchME_spouse): null

2022-11-22 14:55:50 - [TEST_STEP][PASSED] - verifyResponseStatusCode(req_data, 200): Verify response status code successfully

2022-11-22 14:55:50 - [MESSAGE][PASSED] - Verify response status code successfully

2022-11-22 14:55:50 - [TEST_STEP][PASSED] - response = req_data.getResponseText(): null

2022-11-22 14:55:50 - [TEST_STEP][PASSED] - logInfo($response): {"status":"Done","data":{"requestid1":"241737","requestid2":""}}

2022-11-22 14:55:50 - [MESSAGE][INFO] - {"status":"Done","data":{"requestid1":"241737","requestid2":""}}

2022-11-22 14:55:50 - [TEST_STEP][PASSED] - delay(3): Delayed 3 second(s)

2022-11-22 14:55:53 - [MESSAGE][PASSED] - Delayed 3 second(s)

2022-11-22 14:55:53 - [TEST_STEP][PASSED] - scoring = sendRequest(findTestObject("EngineScore", ["response_searchME_kons":response_searchME_kons, "response_searchME_spouse":response_searchME_spouse])): Send request successfully

2022-11-22 14:55:53 - [MESSAGE][INFO] - HAR: D:\DMS\Engine Scoring\Reports\20221122_143755\Exclude KKB - DS\Scoring Individu - CS\20221122_143756\requests\main\393.har

2022-11-22 14:55:53 - [MESSAGE][PASSED] - Send request successfully

2022-11-22 14:55:53 - [TEST_STEP][PASSED] - verifyResponseStatusCode(scoring, 200): Verify response status code successfully

2022-11-22 14:55:53 - [MESSAGE][PASSED] - Verify response status code successfully

2022-11-22 14:55:53 - [TEST_STEP][PASSED] - response2 = scoring.getResponseText(): null

2022-11-22 14:55:53 - [TEST_STEP][PASSED] - markPassed("result service data ke : " + no): result service data ke : 197

2022-11-22 14:55:53 - [MESSAGE][PASSED] - result service data ke : 197

2022-11-22 14:55:53 - [TEST_STEP][PASSED] - logInfo($response2): {"result_konsumen":"Reject","result_pasangan":"","Final_result":"Reject","errorMessage":"","status":"Done"}

2022-11-22 14:55:53 - [MESSAGE][INFO] - {"result_konsumen":"Reject","result_pasangan":"","Final_result":"Reject","errorMessage":"","status":"Done"}

2022-11-22 14:55:53 - [TEST_STEP][PASSED] - verifyElementPropertyValue(scoring, "Final_result", final_result): Verify element property value successfully

2022-11-22 14:55:53 - [MESSAGE][PASSED] - Verify element property value successfully]]></system-out>
         <system-err><![CDATA[]]></system-err>
      </testcase>
      <testcase name="Test Cases/Engine_Scoring/Engine Scoring" time="5.982" classname="Test Cases/Engine_Scoring/Engine Scoring" status="PASSED">
         <system-out><![CDATA[2022-11-22 14:55:53 - [TEST_CASE][PASSED] - Test Cases/Engine_Scoring/Engine Scoring: Test Cases/Engine_Scoring/Engine Scoring

2022-11-22 14:55:55 - [TEST_STEP][PASSED] - markPassed("Variasi data ke : " + no): Variasi data ke : 198

2022-11-22 14:55:55 - [MESSAGE][PASSED] - Variasi data ke : 198

2022-11-22 14:55:55 - [TEST_STEP][PASSED] - req_data = sendRequest(findTestObject("Search_ME", ["MID":MID, "source":source, "ip":ip, "userid":userid, "branch":branch, "tipekons":tipekons, "marital":marital, "penjamin":penjamin, ... ])): Send request successfully

2022-11-22 14:55:56 - [MESSAGE][INFO] - HAR: D:\DMS\Engine Scoring\Reports\20221122_143755\Exclude KKB - DS\Scoring Individu - CS\20221122_143756\requests\main\394.har

2022-11-22 14:55:56 - [MESSAGE][PASSED] - Send request successfully

2022-11-22 14:55:56 - [TEST_STEP][PASSED] - slurper = new groovy.json.JsonSlurper(): null

2022-11-22 14:55:56 - [TEST_STEP][PASSED] - result = slurper.parseText(req_data.getResponseBodyContent()): null

2022-11-22 14:55:56 - [TEST_STEP][PASSED] - reqid_kons = requestid1: null

2022-11-22 14:55:56 - [TEST_STEP][PASSED] - reqid_spouse = requestid2: null

2022-11-22 14:55:56 - [TEST_STEP][PASSED] - println("requestid kons : " + reqid_kons): null

2022-11-22 14:55:56 - [TEST_STEP][PASSED] - response_searchME_kons = reqid_kons: null

2022-11-22 14:55:56 - [TEST_STEP][PASSED] - response_searchME_spouse = reqid_spouse: null

2022-11-22 14:55:56 - [TEST_STEP][PASSED] - println("kons req id is :" + response_searchME_kons): null

2022-11-22 14:55:56 - [TEST_STEP][PASSED] - println("spouse req id is : " + response_searchME_spouse): null

2022-11-22 14:55:56 - [TEST_STEP][PASSED] - verifyResponseStatusCode(req_data, 200): Verify response status code successfully

2022-11-22 14:55:56 - [MESSAGE][PASSED] - Verify response status code successfully

2022-11-22 14:55:56 - [TEST_STEP][PASSED] - response = req_data.getResponseText(): null

2022-11-22 14:55:56 - [TEST_STEP][PASSED] - logInfo($response): {"status":"Done","data":{"requestid1":"241738","requestid2":""}}

2022-11-22 14:55:56 - [MESSAGE][INFO] - {"status":"Done","data":{"requestid1":"241738","requestid2":""}}

2022-11-22 14:55:56 - [TEST_STEP][PASSED] - delay(3): Delayed 3 second(s)

2022-11-22 14:55:59 - [MESSAGE][PASSED] - Delayed 3 second(s)

2022-11-22 14:55:59 - [TEST_STEP][PASSED] - scoring = sendRequest(findTestObject("EngineScore", ["response_searchME_kons":response_searchME_kons, "response_searchME_spouse":response_searchME_spouse])): Send request successfully

2022-11-22 14:55:59 - [MESSAGE][INFO] - HAR: D:\DMS\Engine Scoring\Reports\20221122_143755\Exclude KKB - DS\Scoring Individu - CS\20221122_143756\requests\main\395.har

2022-11-22 14:55:59 - [MESSAGE][PASSED] - Send request successfully

2022-11-22 14:55:59 - [TEST_STEP][PASSED] - verifyResponseStatusCode(scoring, 200): Verify response status code successfully

2022-11-22 14:55:59 - [MESSAGE][PASSED] - Verify response status code successfully

2022-11-22 14:55:59 - [TEST_STEP][PASSED] - response2 = scoring.getResponseText(): null

2022-11-22 14:55:59 - [TEST_STEP][PASSED] - markPassed("result service data ke : " + no): result service data ke : 198

2022-11-22 14:55:59 - [MESSAGE][PASSED] - result service data ke : 198

2022-11-22 14:55:59 - [TEST_STEP][PASSED] - logInfo($response2): {"result_konsumen":"Reject","result_pasangan":"","Final_result":"Reject","errorMessage":"","status":"Done"}

2022-11-22 14:55:59 - [MESSAGE][INFO] - {"result_konsumen":"Reject","result_pasangan":"","Final_result":"Reject","errorMessage":"","status":"Done"}

2022-11-22 14:55:59 - [TEST_STEP][PASSED] - verifyElementPropertyValue(scoring, "Final_result", final_result): Verify element property value successfully

2022-11-22 14:55:59 - [MESSAGE][PASSED] - Verify element property value successfully]]></system-out>
         <system-err><![CDATA[]]></system-err>
      </testcase>
      <testcase name="Test Cases/Engine_Scoring/Engine Scoring" time="5.365" classname="Test Cases/Engine_Scoring/Engine Scoring" status="PASSED">
         <system-out><![CDATA[2022-11-22 14:55:59 - [TEST_CASE][PASSED] - Test Cases/Engine_Scoring/Engine Scoring: Test Cases/Engine_Scoring/Engine Scoring

2022-11-22 14:56:00 - [TEST_STEP][PASSED] - markPassed("Variasi data ke : " + no): Variasi data ke : 199

2022-11-22 14:56:00 - [MESSAGE][PASSED] - Variasi data ke : 199

2022-11-22 14:56:00 - [TEST_STEP][PASSED] - req_data = sendRequest(findTestObject("Search_ME", ["MID":MID, "source":source, "ip":ip, "userid":userid, "branch":branch, "tipekons":tipekons, "marital":marital, "penjamin":penjamin, ... ])): Send request successfully

2022-11-22 14:56:01 - [MESSAGE][INFO] - HAR: D:\DMS\Engine Scoring\Reports\20221122_143755\Exclude KKB - DS\Scoring Individu - CS\20221122_143756\requests\main\396.har

2022-11-22 14:56:01 - [MESSAGE][PASSED] - Send request successfully

2022-11-22 14:56:01 - [TEST_STEP][PASSED] - slurper = new groovy.json.JsonSlurper(): null

2022-11-22 14:56:01 - [TEST_STEP][PASSED] - result = slurper.parseText(req_data.getResponseBodyContent()): null

2022-11-22 14:56:01 - [TEST_STEP][PASSED] - reqid_kons = requestid1: null

2022-11-22 14:56:01 - [TEST_STEP][PASSED] - reqid_spouse = requestid2: null

2022-11-22 14:56:01 - [TEST_STEP][PASSED] - println("requestid kons : " + reqid_kons): null

2022-11-22 14:56:01 - [TEST_STEP][PASSED] - response_searchME_kons = reqid_kons: null

2022-11-22 14:56:01 - [TEST_STEP][PASSED] - response_searchME_spouse = reqid_spouse: null

2022-11-22 14:56:01 - [TEST_STEP][PASSED] - println("kons req id is :" + response_searchME_kons): null

2022-11-22 14:56:01 - [TEST_STEP][PASSED] - println("spouse req id is : " + response_searchME_spouse): null

2022-11-22 14:56:01 - [TEST_STEP][PASSED] - verifyResponseStatusCode(req_data, 200): Verify response status code successfully

2022-11-22 14:56:01 - [MESSAGE][PASSED] - Verify response status code successfully

2022-11-22 14:56:01 - [TEST_STEP][PASSED] - response = req_data.getResponseText(): null

2022-11-22 14:56:01 - [TEST_STEP][PASSED] - logInfo($response): {"status":"Done","data":{"requestid1":"241739","requestid2":""}}

2022-11-22 14:56:01 - [MESSAGE][INFO] - {"status":"Done","data":{"requestid1":"241739","requestid2":""}}

2022-11-22 14:56:01 - [TEST_STEP][PASSED] - delay(3): Delayed 3 second(s)

2022-11-22 14:56:04 - [MESSAGE][PASSED] - Delayed 3 second(s)

2022-11-22 14:56:04 - [TEST_STEP][PASSED] - scoring = sendRequest(findTestObject("EngineScore", ["response_searchME_kons":response_searchME_kons, "response_searchME_spouse":response_searchME_spouse])): Send request successfully

2022-11-22 14:56:04 - [MESSAGE][INFO] - HAR: D:\DMS\Engine Scoring\Reports\20221122_143755\Exclude KKB - DS\Scoring Individu - CS\20221122_143756\requests\main\397.har

2022-11-22 14:56:04 - [MESSAGE][PASSED] - Send request successfully

2022-11-22 14:56:04 - [TEST_STEP][PASSED] - verifyResponseStatusCode(scoring, 200): Verify response status code successfully

2022-11-22 14:56:04 - [MESSAGE][PASSED] - Verify response status code successfully

2022-11-22 14:56:04 - [TEST_STEP][PASSED] - response2 = scoring.getResponseText(): null

2022-11-22 14:56:04 - [TEST_STEP][PASSED] - markPassed("result service data ke : " + no): result service data ke : 199

2022-11-22 14:56:04 - [MESSAGE][PASSED] - result service data ke : 199

2022-11-22 14:56:04 - [TEST_STEP][PASSED] - logInfo($response2): {"result_konsumen":"Reject","result_pasangan":"","Final_result":"Reject","errorMessage":"","status":"Done"}

2022-11-22 14:56:04 - [MESSAGE][INFO] - {"result_konsumen":"Reject","result_pasangan":"","Final_result":"Reject","errorMessage":"","status":"Done"}

2022-11-22 14:56:04 - [TEST_STEP][PASSED] - verifyElementPropertyValue(scoring, "Final_result", final_result): Verify element property value successfully

2022-11-22 14:56:04 - [MESSAGE][PASSED] - Verify element property value successfully]]></system-out>
         <system-err><![CDATA[]]></system-err>
      </testcase>
      <testcase name="Test Cases/Engine_Scoring/Engine Scoring" time="5.205" classname="Test Cases/Engine_Scoring/Engine Scoring" status="PASSED">
         <system-out><![CDATA[2022-11-22 14:56:04 - [TEST_CASE][PASSED] - Test Cases/Engine_Scoring/Engine Scoring: Test Cases/Engine_Scoring/Engine Scoring

2022-11-22 14:56:05 - [TEST_STEP][PASSED] - markPassed("Variasi data ke : " + no): Variasi data ke : 200

2022-11-22 14:56:05 - [MESSAGE][PASSED] - Variasi data ke : 200

2022-11-22 14:56:05 - [TEST_STEP][PASSED] - req_data = sendRequest(findTestObject("Search_ME", ["MID":MID, "source":source, "ip":ip, "userid":userid, "branch":branch, "tipekons":tipekons, "marital":marital, "penjamin":penjamin, ... ])): Send request successfully

2022-11-22 14:56:06 - [MESSAGE][INFO] - HAR: D:\DMS\Engine Scoring\Reports\20221122_143755\Exclude KKB - DS\Scoring Individu - CS\20221122_143756\requests\main\398.har

2022-11-22 14:56:06 - [MESSAGE][PASSED] - Send request successfully

2022-11-22 14:56:06 - [TEST_STEP][PASSED] - slurper = new groovy.json.JsonSlurper(): null

2022-11-22 14:56:06 - [TEST_STEP][PASSED] - result = slurper.parseText(req_data.getResponseBodyContent()): null

2022-11-22 14:56:06 - [TEST_STEP][PASSED] - reqid_kons = requestid1: null

2022-11-22 14:56:06 - [TEST_STEP][PASSED] - reqid_spouse = requestid2: null

2022-11-22 14:56:06 - [TEST_STEP][PASSED] - println("requestid kons : " + reqid_kons): null

2022-11-22 14:56:06 - [TEST_STEP][PASSED] - response_searchME_kons = reqid_kons: null

2022-11-22 14:56:06 - [TEST_STEP][PASSED] - response_searchME_spouse = reqid_spouse: null

2022-11-22 14:56:06 - [TEST_STEP][PASSED] - println("kons req id is :" + response_searchME_kons): null

2022-11-22 14:56:06 - [TEST_STEP][PASSED] - println("spouse req id is : " + response_searchME_spouse): null

2022-11-22 14:56:06 - [TEST_STEP][PASSED] - verifyResponseStatusCode(req_data, 200): Verify response status code successfully

2022-11-22 14:56:06 - [MESSAGE][PASSED] - Verify response status code successfully

2022-11-22 14:56:06 - [TEST_STEP][PASSED] - response = req_data.getResponseText(): null

2022-11-22 14:56:06 - [TEST_STEP][PASSED] - logInfo($response): {"status":"Done","data":{"requestid1":"241740","requestid2":""}}

2022-11-22 14:56:06 - [MESSAGE][INFO] - {"status":"Done","data":{"requestid1":"241740","requestid2":""}}

2022-11-22 14:56:06 - [TEST_STEP][PASSED] - delay(3): Delayed 3 second(s)

2022-11-22 14:56:09 - [MESSAGE][PASSED] - Delayed 3 second(s)

2022-11-22 14:56:09 - [TEST_STEP][PASSED] - scoring = sendRequest(findTestObject("EngineScore", ["response_searchME_kons":response_searchME_kons, "response_searchME_spouse":response_searchME_spouse])): Send request successfully

2022-11-22 14:56:09 - [MESSAGE][INFO] - HAR: D:\DMS\Engine Scoring\Reports\20221122_143755\Exclude KKB - DS\Scoring Individu - CS\20221122_143756\requests\main\399.har

2022-11-22 14:56:09 - [MESSAGE][PASSED] - Send request successfully

2022-11-22 14:56:09 - [TEST_STEP][PASSED] - verifyResponseStatusCode(scoring, 200): Verify response status code successfully

2022-11-22 14:56:09 - [MESSAGE][PASSED] - Verify response status code successfully

2022-11-22 14:56:09 - [TEST_STEP][PASSED] - response2 = scoring.getResponseText(): null

2022-11-22 14:56:09 - [TEST_STEP][PASSED] - markPassed("result service data ke : " + no): result service data ke : 200

2022-11-22 14:56:09 - [MESSAGE][PASSED] - result service data ke : 200

2022-11-22 14:56:09 - [TEST_STEP][PASSED] - logInfo($response2): {"result_konsumen":"Reject","result_pasangan":"","Final_result":"Reject","errorMessage":"","status":"Done"}

2022-11-22 14:56:09 - [MESSAGE][INFO] - {"result_konsumen":"Reject","result_pasangan":"","Final_result":"Reject","errorMessage":"","status":"Done"}

2022-11-22 14:56:09 - [TEST_STEP][PASSED] - verifyElementPropertyValue(scoring, "Final_result", final_result): Verify element property value successfully

2022-11-22 14:56:09 - [MESSAGE][PASSED] - Verify element property value successfully]]></system-out>
         <system-err><![CDATA[]]></system-err>
      </testcase>
      <testcase name="Test Cases/Engine_Scoring/Engine Scoring" time="5.181" classname="Test Cases/Engine_Scoring/Engine Scoring" status="PASSED">
         <system-out><![CDATA[2022-11-22 14:56:10 - [TEST_CASE][PASSED] - Test Cases/Engine_Scoring/Engine Scoring: Test Cases/Engine_Scoring/Engine Scoring

2022-11-22 14:56:11 - [TEST_STEP][PASSED] - markPassed("Variasi data ke : " + no): Variasi data ke : 201

2022-11-22 14:56:11 - [MESSAGE][PASSED] - Variasi data ke : 201

2022-11-22 14:56:11 - [TEST_STEP][PASSED] - req_data = sendRequest(findTestObject("Search_ME", ["MID":MID, "source":source, "ip":ip, "userid":userid, "branch":branch, "tipekons":tipekons, "marital":marital, "penjamin":penjamin, ... ])): Send request successfully

2022-11-22 14:56:12 - [MESSAGE][INFO] - HAR: D:\DMS\Engine Scoring\Reports\20221122_143755\Exclude KKB - DS\Scoring Individu - CS\20221122_143756\requests\main\400.har

2022-11-22 14:56:12 - [MESSAGE][PASSED] - Send request successfully

2022-11-22 14:56:12 - [TEST_STEP][PASSED] - slurper = new groovy.json.JsonSlurper(): null

2022-11-22 14:56:12 - [TEST_STEP][PASSED] - result = slurper.parseText(req_data.getResponseBodyContent()): null

2022-11-22 14:56:12 - [TEST_STEP][PASSED] - reqid_kons = requestid1: null

2022-11-22 14:56:12 - [TEST_STEP][PASSED] - reqid_spouse = requestid2: null

2022-11-22 14:56:12 - [TEST_STEP][PASSED] - println("requestid kons : " + reqid_kons): null

2022-11-22 14:56:12 - [TEST_STEP][PASSED] - response_searchME_kons = reqid_kons: null

2022-11-22 14:56:12 - [TEST_STEP][PASSED] - response_searchME_spouse = reqid_spouse: null

2022-11-22 14:56:12 - [TEST_STEP][PASSED] - println("kons req id is :" + response_searchME_kons): null

2022-11-22 14:56:12 - [TEST_STEP][PASSED] - println("spouse req id is : " + response_searchME_spouse): null

2022-11-22 14:56:12 - [TEST_STEP][PASSED] - verifyResponseStatusCode(req_data, 200): Verify response status code successfully

2022-11-22 14:56:12 - [MESSAGE][PASSED] - Verify response status code successfully

2022-11-22 14:56:12 - [TEST_STEP][PASSED] - response = req_data.getResponseText(): null

2022-11-22 14:56:12 - [TEST_STEP][PASSED] - logInfo($response): {"status":"Done","data":{"requestid1":"241741","requestid2":""}}

2022-11-22 14:56:12 - [MESSAGE][INFO] - {"status":"Done","data":{"requestid1":"241741","requestid2":""}}

2022-11-22 14:56:12 - [TEST_STEP][PASSED] - delay(3): Delayed 3 second(s)

2022-11-22 14:56:15 - [MESSAGE][PASSED] - Delayed 3 second(s)

2022-11-22 14:56:15 - [TEST_STEP][PASSED] - scoring = sendRequest(findTestObject("EngineScore", ["response_searchME_kons":response_searchME_kons, "response_searchME_spouse":response_searchME_spouse])): Send request successfully

2022-11-22 14:56:15 - [MESSAGE][INFO] - HAR: D:\DMS\Engine Scoring\Reports\20221122_143755\Exclude KKB - DS\Scoring Individu - CS\20221122_143756\requests\main\401.har

2022-11-22 14:56:15 - [MESSAGE][PASSED] - Send request successfully

2022-11-22 14:56:15 - [TEST_STEP][PASSED] - verifyResponseStatusCode(scoring, 200): Verify response status code successfully

2022-11-22 14:56:15 - [MESSAGE][PASSED] - Verify response status code successfully

2022-11-22 14:56:15 - [TEST_STEP][PASSED] - response2 = scoring.getResponseText(): null

2022-11-22 14:56:15 - [TEST_STEP][PASSED] - markPassed("result service data ke : " + no): result service data ke : 201

2022-11-22 14:56:15 - [MESSAGE][PASSED] - result service data ke : 201

2022-11-22 14:56:15 - [TEST_STEP][PASSED] - logInfo($response2): {"result_konsumen":"Reject","result_pasangan":"","Final_result":"Reject","errorMessage":"","status":"Done"}

2022-11-22 14:56:15 - [MESSAGE][INFO] - {"result_konsumen":"Reject","result_pasangan":"","Final_result":"Reject","errorMessage":"","status":"Done"}

2022-11-22 14:56:15 - [TEST_STEP][PASSED] - verifyElementPropertyValue(scoring, "Final_result", final_result): Verify element property value successfully

2022-11-22 14:56:15 - [MESSAGE][PASSED] - Verify element property value successfully]]></system-out>
         <system-err><![CDATA[]]></system-err>
      </testcase>
      <testcase name="Test Cases/Engine_Scoring/Engine Scoring" time="5.311" classname="Test Cases/Engine_Scoring/Engine Scoring" status="PASSED">
         <system-out><![CDATA[2022-11-22 14:56:15 - [TEST_CASE][PASSED] - Test Cases/Engine_Scoring/Engine Scoring: Test Cases/Engine_Scoring/Engine Scoring

2022-11-22 14:56:16 - [TEST_STEP][PASSED] - markPassed("Variasi data ke : " + no): Variasi data ke : 202

2022-11-22 14:56:16 - [MESSAGE][PASSED] - Variasi data ke : 202

2022-11-22 14:56:16 - [TEST_STEP][PASSED] - req_data = sendRequest(findTestObject("Search_ME", ["MID":MID, "source":source, "ip":ip, "userid":userid, "branch":branch, "tipekons":tipekons, "marital":marital, "penjamin":penjamin, ... ])): Send request successfully

2022-11-22 14:56:17 - [MESSAGE][INFO] - HAR: D:\DMS\Engine Scoring\Reports\20221122_143755\Exclude KKB - DS\Scoring Individu - CS\20221122_143756\requests\main\402.har

2022-11-22 14:56:17 - [MESSAGE][PASSED] - Send request successfully

2022-11-22 14:56:17 - [TEST_STEP][PASSED] - slurper = new groovy.json.JsonSlurper(): null

2022-11-22 14:56:17 - [TEST_STEP][PASSED] - result = slurper.parseText(req_data.getResponseBodyContent()): null

2022-11-22 14:56:17 - [TEST_STEP][PASSED] - reqid_kons = requestid1: null

2022-11-22 14:56:17 - [TEST_STEP][PASSED] - reqid_spouse = requestid2: null

2022-11-22 14:56:17 - [TEST_STEP][PASSED] - println("requestid kons : " + reqid_kons): null

2022-11-22 14:56:17 - [TEST_STEP][PASSED] - response_searchME_kons = reqid_kons: null

2022-11-22 14:56:17 - [TEST_STEP][PASSED] - response_searchME_spouse = reqid_spouse: null

2022-11-22 14:56:17 - [TEST_STEP][PASSED] - println("kons req id is :" + response_searchME_kons): null

2022-11-22 14:56:17 - [TEST_STEP][PASSED] - println("spouse req id is : " + response_searchME_spouse): null

2022-11-22 14:56:17 - [TEST_STEP][PASSED] - verifyResponseStatusCode(req_data, 200): Verify response status code successfully

2022-11-22 14:56:17 - [MESSAGE][PASSED] - Verify response status code successfully

2022-11-22 14:56:17 - [TEST_STEP][PASSED] - response = req_data.getResponseText(): null

2022-11-22 14:56:17 - [TEST_STEP][PASSED] - logInfo($response): {"status":"Done","data":{"requestid1":"241742","requestid2":""}}

2022-11-22 14:56:17 - [MESSAGE][INFO] - {"status":"Done","data":{"requestid1":"241742","requestid2":""}}

2022-11-22 14:56:17 - [TEST_STEP][PASSED] - delay(3): Delayed 3 second(s)

2022-11-22 14:56:20 - [MESSAGE][PASSED] - Delayed 3 second(s)

2022-11-22 14:56:20 - [TEST_STEP][PASSED] - scoring = sendRequest(findTestObject("EngineScore", ["response_searchME_kons":response_searchME_kons, "response_searchME_spouse":response_searchME_spouse])): Send request successfully

2022-11-22 14:56:20 - [MESSAGE][INFO] - HAR: D:\DMS\Engine Scoring\Reports\20221122_143755\Exclude KKB - DS\Scoring Individu - CS\20221122_143756\requests\main\403.har

2022-11-22 14:56:20 - [MESSAGE][PASSED] - Send request successfully

2022-11-22 14:56:20 - [TEST_STEP][PASSED] - verifyResponseStatusCode(scoring, 200): Verify response status code successfully

2022-11-22 14:56:20 - [MESSAGE][PASSED] - Verify response status code successfully

2022-11-22 14:56:20 - [TEST_STEP][PASSED] - response2 = scoring.getResponseText(): null

2022-11-22 14:56:20 - [TEST_STEP][PASSED] - markPassed("result service data ke : " + no): result service data ke : 202

2022-11-22 14:56:20 - [MESSAGE][PASSED] - result service data ke : 202

2022-11-22 14:56:20 - [TEST_STEP][PASSED] - logInfo($response2): {"result_konsumen":"Reguler","result_pasangan":"","Final_result":"Reguler","errorMessage":"","status":"Done"}

2022-11-22 14:56:20 - [MESSAGE][INFO] - {"result_konsumen":"Reguler","result_pasangan":"","Final_result":"Reguler","errorMessage":"","status":"Done"}

2022-11-22 14:56:20 - [TEST_STEP][PASSED] - verifyElementPropertyValue(scoring, "Final_result", final_result): Verify element property value successfully

2022-11-22 14:56:20 - [MESSAGE][PASSED] - Verify element property value successfully]]></system-out>
         <system-err><![CDATA[]]></system-err>
      </testcase>
      <testcase name="Test Cases/Engine_Scoring/Engine Scoring" time="5.175" classname="Test Cases/Engine_Scoring/Engine Scoring" status="PASSED">
         <system-out><![CDATA[2022-11-22 14:56:20 - [TEST_CASE][PASSED] - Test Cases/Engine_Scoring/Engine Scoring: Test Cases/Engine_Scoring/Engine Scoring

2022-11-22 14:56:21 - [TEST_STEP][PASSED] - markPassed("Variasi data ke : " + no): Variasi data ke : 203

2022-11-22 14:56:21 - [MESSAGE][PASSED] - Variasi data ke : 203

2022-11-22 14:56:21 - [TEST_STEP][PASSED] - req_data = sendRequest(findTestObject("Search_ME", ["MID":MID, "source":source, "ip":ip, "userid":userid, "branch":branch, "tipekons":tipekons, "marital":marital, "penjamin":penjamin, ... ])): Send request successfully

2022-11-22 14:56:22 - [MESSAGE][INFO] - HAR: D:\DMS\Engine Scoring\Reports\20221122_143755\Exclude KKB - DS\Scoring Individu - CS\20221122_143756\requests\main\404.har

2022-11-22 14:56:22 - [MESSAGE][PASSED] - Send request successfully

2022-11-22 14:56:22 - [TEST_STEP][PASSED] - slurper = new groovy.json.JsonSlurper(): null

2022-11-22 14:56:22 - [TEST_STEP][PASSED] - result = slurper.parseText(req_data.getResponseBodyContent()): null

2022-11-22 14:56:22 - [TEST_STEP][PASSED] - reqid_kons = requestid1: null

2022-11-22 14:56:22 - [TEST_STEP][PASSED] - reqid_spouse = requestid2: null

2022-11-22 14:56:22 - [TEST_STEP][PASSED] - println("requestid kons : " + reqid_kons): null

2022-11-22 14:56:22 - [TEST_STEP][PASSED] - response_searchME_kons = reqid_kons: null

2022-11-22 14:56:22 - [TEST_STEP][PASSED] - response_searchME_spouse = reqid_spouse: null

2022-11-22 14:56:22 - [TEST_STEP][PASSED] - println("kons req id is :" + response_searchME_kons): null

2022-11-22 14:56:22 - [TEST_STEP][PASSED] - println("spouse req id is : " + response_searchME_spouse): null

2022-11-22 14:56:22 - [TEST_STEP][PASSED] - verifyResponseStatusCode(req_data, 200): Verify response status code successfully

2022-11-22 14:56:22 - [MESSAGE][PASSED] - Verify response status code successfully

2022-11-22 14:56:22 - [TEST_STEP][PASSED] - response = req_data.getResponseText(): null

2022-11-22 14:56:22 - [TEST_STEP][PASSED] - logInfo($response): {"status":"Done","data":{"requestid1":"241743","requestid2":""}}

2022-11-22 14:56:22 - [MESSAGE][INFO] - {"status":"Done","data":{"requestid1":"241743","requestid2":""}}

2022-11-22 14:56:22 - [TEST_STEP][PASSED] - delay(3): Delayed 3 second(s)

2022-11-22 14:56:25 - [MESSAGE][PASSED] - Delayed 3 second(s)

2022-11-22 14:56:25 - [TEST_STEP][PASSED] - scoring = sendRequest(findTestObject("EngineScore", ["response_searchME_kons":response_searchME_kons, "response_searchME_spouse":response_searchME_spouse])): Send request successfully

2022-11-22 14:56:25 - [MESSAGE][INFO] - HAR: D:\DMS\Engine Scoring\Reports\20221122_143755\Exclude KKB - DS\Scoring Individu - CS\20221122_143756\requests\main\405.har

2022-11-22 14:56:25 - [MESSAGE][PASSED] - Send request successfully

2022-11-22 14:56:25 - [TEST_STEP][PASSED] - verifyResponseStatusCode(scoring, 200): Verify response status code successfully

2022-11-22 14:56:25 - [MESSAGE][PASSED] - Verify response status code successfully

2022-11-22 14:56:25 - [TEST_STEP][PASSED] - response2 = scoring.getResponseText(): null

2022-11-22 14:56:25 - [TEST_STEP][PASSED] - markPassed("result service data ke : " + no): result service data ke : 203

2022-11-22 14:56:25 - [MESSAGE][PASSED] - result service data ke : 203

2022-11-22 14:56:25 - [TEST_STEP][PASSED] - logInfo($response2): {"result_konsumen":"Reguler","result_pasangan":"","Final_result":"Reguler","errorMessage":"","status":"Done"}

2022-11-22 14:56:25 - [MESSAGE][INFO] - {"result_konsumen":"Reguler","result_pasangan":"","Final_result":"Reguler","errorMessage":"","status":"Done"}

2022-11-22 14:56:25 - [TEST_STEP][PASSED] - verifyElementPropertyValue(scoring, "Final_result", final_result): Verify element property value successfully

2022-11-22 14:56:25 - [MESSAGE][PASSED] - Verify element property value successfully]]></system-out>
         <system-err><![CDATA[]]></system-err>
      </testcase>
      <testcase name="Test Cases/Engine_Scoring/Engine Scoring" time="5.37" classname="Test Cases/Engine_Scoring/Engine Scoring" status="PASSED">
         <system-out><![CDATA[2022-11-22 14:56:25 - [TEST_CASE][PASSED] - Test Cases/Engine_Scoring/Engine Scoring: Test Cases/Engine_Scoring/Engine Scoring

2022-11-22 14:56:26 - [TEST_STEP][PASSED] - markPassed("Variasi data ke : " + no): Variasi data ke : 204

2022-11-22 14:56:26 - [MESSAGE][PASSED] - Variasi data ke : 204

2022-11-22 14:56:26 - [TEST_STEP][PASSED] - req_data = sendRequest(findTestObject("Search_ME", ["MID":MID, "source":source, "ip":ip, "userid":userid, "branch":branch, "tipekons":tipekons, "marital":marital, "penjamin":penjamin, ... ])): Send request successfully

2022-11-22 14:56:28 - [MESSAGE][INFO] - HAR: D:\DMS\Engine Scoring\Reports\20221122_143755\Exclude KKB - DS\Scoring Individu - CS\20221122_143756\requests\main\406.har

2022-11-22 14:56:28 - [MESSAGE][PASSED] - Send request successfully

2022-11-22 14:56:28 - [TEST_STEP][PASSED] - slurper = new groovy.json.JsonSlurper(): null

2022-11-22 14:56:28 - [TEST_STEP][PASSED] - result = slurper.parseText(req_data.getResponseBodyContent()): null

2022-11-22 14:56:28 - [TEST_STEP][PASSED] - reqid_kons = requestid1: null

2022-11-22 14:56:28 - [TEST_STEP][PASSED] - reqid_spouse = requestid2: null

2022-11-22 14:56:28 - [TEST_STEP][PASSED] - println("requestid kons : " + reqid_kons): null

2022-11-22 14:56:28 - [TEST_STEP][PASSED] - response_searchME_kons = reqid_kons: null

2022-11-22 14:56:28 - [TEST_STEP][PASSED] - response_searchME_spouse = reqid_spouse: null

2022-11-22 14:56:28 - [TEST_STEP][PASSED] - println("kons req id is :" + response_searchME_kons): null

2022-11-22 14:56:28 - [TEST_STEP][PASSED] - println("spouse req id is : " + response_searchME_spouse): null

2022-11-22 14:56:28 - [TEST_STEP][PASSED] - verifyResponseStatusCode(req_data, 200): Verify response status code successfully

2022-11-22 14:56:28 - [MESSAGE][PASSED] - Verify response status code successfully

2022-11-22 14:56:28 - [TEST_STEP][PASSED] - response = req_data.getResponseText(): null

2022-11-22 14:56:28 - [TEST_STEP][PASSED] - logInfo($response): {"status":"Done","data":{"requestid1":"241744","requestid2":""}}

2022-11-22 14:56:28 - [MESSAGE][INFO] - {"status":"Done","data":{"requestid1":"241744","requestid2":""}}

2022-11-22 14:56:28 - [TEST_STEP][PASSED] - delay(3): Delayed 3 second(s)

2022-11-22 14:56:31 - [MESSAGE][PASSED] - Delayed 3 second(s)

2022-11-22 14:56:31 - [TEST_STEP][PASSED] - scoring = sendRequest(findTestObject("EngineScore", ["response_searchME_kons":response_searchME_kons, "response_searchME_spouse":response_searchME_spouse])): Send request successfully

2022-11-22 14:56:31 - [MESSAGE][INFO] - HAR: D:\DMS\Engine Scoring\Reports\20221122_143755\Exclude KKB - DS\Scoring Individu - CS\20221122_143756\requests\main\407.har

2022-11-22 14:56:31 - [MESSAGE][PASSED] - Send request successfully

2022-11-22 14:56:31 - [TEST_STEP][PASSED] - verifyResponseStatusCode(scoring, 200): Verify response status code successfully

2022-11-22 14:56:31 - [MESSAGE][PASSED] - Verify response status code successfully

2022-11-22 14:56:31 - [TEST_STEP][PASSED] - response2 = scoring.getResponseText(): null

2022-11-22 14:56:31 - [TEST_STEP][PASSED] - markPassed("result service data ke : " + no): result service data ke : 204

2022-11-22 14:56:31 - [MESSAGE][PASSED] - result service data ke : 204

2022-11-22 14:56:31 - [TEST_STEP][PASSED] - logInfo($response2): {"result_konsumen":"Reguler","result_pasangan":"","Final_result":"Reguler","errorMessage":"","status":"Done"}

2022-11-22 14:56:31 - [MESSAGE][INFO] - {"result_konsumen":"Reguler","result_pasangan":"","Final_result":"Reguler","errorMessage":"","status":"Done"}

2022-11-22 14:56:31 - [TEST_STEP][PASSED] - verifyElementPropertyValue(scoring, "Final_result", final_result): Verify element property value successfully

2022-11-22 14:56:31 - [MESSAGE][PASSED] - Verify element property value successfully]]></system-out>
         <system-err><![CDATA[]]></system-err>
      </testcase>
      <testcase name="Test Cases/Engine_Scoring/Engine Scoring" time="5.258" classname="Test Cases/Engine_Scoring/Engine Scoring" status="PASSED">
         <system-out><![CDATA[2022-11-22 14:56:31 - [TEST_CASE][PASSED] - Test Cases/Engine_Scoring/Engine Scoring: Test Cases/Engine_Scoring/Engine Scoring

2022-11-22 14:56:32 - [TEST_STEP][PASSED] - markPassed("Variasi data ke : " + no): Variasi data ke : 205

2022-11-22 14:56:32 - [MESSAGE][PASSED] - Variasi data ke : 205

2022-11-22 14:56:32 - [TEST_STEP][PASSED] - req_data = sendRequest(findTestObject("Search_ME", ["MID":MID, "source":source, "ip":ip, "userid":userid, "branch":branch, "tipekons":tipekons, "marital":marital, "penjamin":penjamin, ... ])): Send request successfully

2022-11-22 14:56:33 - [MESSAGE][INFO] - HAR: D:\DMS\Engine Scoring\Reports\20221122_143755\Exclude KKB - DS\Scoring Individu - CS\20221122_143756\requests\main\408.har

2022-11-22 14:56:33 - [MESSAGE][PASSED] - Send request successfully

2022-11-22 14:56:33 - [TEST_STEP][PASSED] - slurper = new groovy.json.JsonSlurper(): null

2022-11-22 14:56:33 - [TEST_STEP][PASSED] - result = slurper.parseText(req_data.getResponseBodyContent()): null

2022-11-22 14:56:33 - [TEST_STEP][PASSED] - reqid_kons = requestid1: null

2022-11-22 14:56:33 - [TEST_STEP][PASSED] - reqid_spouse = requestid2: null

2022-11-22 14:56:33 - [TEST_STEP][PASSED] - println("requestid kons : " + reqid_kons): null

2022-11-22 14:56:33 - [TEST_STEP][PASSED] - response_searchME_kons = reqid_kons: null

2022-11-22 14:56:33 - [TEST_STEP][PASSED] - response_searchME_spouse = reqid_spouse: null

2022-11-22 14:56:33 - [TEST_STEP][PASSED] - println("kons req id is :" + response_searchME_kons): null

2022-11-22 14:56:33 - [TEST_STEP][PASSED] - println("spouse req id is : " + response_searchME_spouse): null

2022-11-22 14:56:33 - [TEST_STEP][PASSED] - verifyResponseStatusCode(req_data, 200): Verify response status code successfully

2022-11-22 14:56:33 - [MESSAGE][PASSED] - Verify response status code successfully

2022-11-22 14:56:33 - [TEST_STEP][PASSED] - response = req_data.getResponseText(): null

2022-11-22 14:56:33 - [TEST_STEP][PASSED] - logInfo($response): {"status":"Done","data":{"requestid1":"241745","requestid2":""}}

2022-11-22 14:56:33 - [MESSAGE][INFO] - {"status":"Done","data":{"requestid1":"241745","requestid2":""}}

2022-11-22 14:56:33 - [TEST_STEP][PASSED] - delay(3): Delayed 3 second(s)

2022-11-22 14:56:36 - [MESSAGE][PASSED] - Delayed 3 second(s)

2022-11-22 14:56:36 - [TEST_STEP][PASSED] - scoring = sendRequest(findTestObject("EngineScore", ["response_searchME_kons":response_searchME_kons, "response_searchME_spouse":response_searchME_spouse])): Send request successfully

2022-11-22 14:56:36 - [MESSAGE][INFO] - HAR: D:\DMS\Engine Scoring\Reports\20221122_143755\Exclude KKB - DS\Scoring Individu - CS\20221122_143756\requests\main\409.har

2022-11-22 14:56:36 - [MESSAGE][PASSED] - Send request successfully

2022-11-22 14:56:36 - [TEST_STEP][PASSED] - verifyResponseStatusCode(scoring, 200): Verify response status code successfully

2022-11-22 14:56:36 - [MESSAGE][PASSED] - Verify response status code successfully

2022-11-22 14:56:36 - [TEST_STEP][PASSED] - response2 = scoring.getResponseText(): null

2022-11-22 14:56:36 - [TEST_STEP][PASSED] - markPassed("result service data ke : " + no): result service data ke : 205

2022-11-22 14:56:36 - [MESSAGE][PASSED] - result service data ke : 205

2022-11-22 14:56:36 - [TEST_STEP][PASSED] - logInfo($response2): {"result_konsumen":"Reguler","result_pasangan":"","Final_result":"Reguler","errorMessage":"","status":"Done"}

2022-11-22 14:56:36 - [MESSAGE][INFO] - {"result_konsumen":"Reguler","result_pasangan":"","Final_result":"Reguler","errorMessage":"","status":"Done"}

2022-11-22 14:56:36 - [TEST_STEP][PASSED] - verifyElementPropertyValue(scoring, "Final_result", final_result): Verify element property value successfully

2022-11-22 14:56:36 - [MESSAGE][PASSED] - Verify element property value successfully]]></system-out>
         <system-err><![CDATA[]]></system-err>
      </testcase>
      <testcase name="Test Cases/Engine_Scoring/Engine Scoring" time="5.154" classname="Test Cases/Engine_Scoring/Engine Scoring" status="PASSED">
         <system-out><![CDATA[2022-11-22 14:56:36 - [TEST_CASE][PASSED] - Test Cases/Engine_Scoring/Engine Scoring: Test Cases/Engine_Scoring/Engine Scoring

2022-11-22 14:56:37 - [TEST_STEP][PASSED] - markPassed("Variasi data ke : " + no): Variasi data ke : 206

2022-11-22 14:56:37 - [MESSAGE][PASSED] - Variasi data ke : 206

2022-11-22 14:56:37 - [TEST_STEP][PASSED] - req_data = sendRequest(findTestObject("Search_ME", ["MID":MID, "source":source, "ip":ip, "userid":userid, "branch":branch, "tipekons":tipekons, "marital":marital, "penjamin":penjamin, ... ])): Send request successfully

2022-11-22 14:56:38 - [MESSAGE][INFO] - HAR: D:\DMS\Engine Scoring\Reports\20221122_143755\Exclude KKB - DS\Scoring Individu - CS\20221122_143756\requests\main\410.har

2022-11-22 14:56:38 - [MESSAGE][PASSED] - Send request successfully

2022-11-22 14:56:38 - [TEST_STEP][PASSED] - slurper = new groovy.json.JsonSlurper(): null

2022-11-22 14:56:38 - [TEST_STEP][PASSED] - result = slurper.parseText(req_data.getResponseBodyContent()): null

2022-11-22 14:56:38 - [TEST_STEP][PASSED] - reqid_kons = requestid1: null

2022-11-22 14:56:38 - [TEST_STEP][PASSED] - reqid_spouse = requestid2: null

2022-11-22 14:56:38 - [TEST_STEP][PASSED] - println("requestid kons : " + reqid_kons): null

2022-11-22 14:56:38 - [TEST_STEP][PASSED] - response_searchME_kons = reqid_kons: null

2022-11-22 14:56:38 - [TEST_STEP][PASSED] - response_searchME_spouse = reqid_spouse: null

2022-11-22 14:56:38 - [TEST_STEP][PASSED] - println("kons req id is :" + response_searchME_kons): null

2022-11-22 14:56:38 - [TEST_STEP][PASSED] - println("spouse req id is : " + response_searchME_spouse): null

2022-11-22 14:56:38 - [TEST_STEP][PASSED] - verifyResponseStatusCode(req_data, 200): Verify response status code successfully

2022-11-22 14:56:38 - [MESSAGE][PASSED] - Verify response status code successfully

2022-11-22 14:56:38 - [TEST_STEP][PASSED] - response = req_data.getResponseText(): null

2022-11-22 14:56:38 - [TEST_STEP][PASSED] - logInfo($response): {"status":"Done","data":{"requestid1":"241746","requestid2":""}}

2022-11-22 14:56:38 - [MESSAGE][INFO] - {"status":"Done","data":{"requestid1":"241746","requestid2":""}}

2022-11-22 14:56:38 - [TEST_STEP][PASSED] - delay(3): Delayed 3 second(s)

2022-11-22 14:56:41 - [MESSAGE][PASSED] - Delayed 3 second(s)

2022-11-22 14:56:41 - [TEST_STEP][PASSED] - scoring = sendRequest(findTestObject("EngineScore", ["response_searchME_kons":response_searchME_kons, "response_searchME_spouse":response_searchME_spouse])): Send request successfully

2022-11-22 14:56:41 - [MESSAGE][INFO] - HAR: D:\DMS\Engine Scoring\Reports\20221122_143755\Exclude KKB - DS\Scoring Individu - CS\20221122_143756\requests\main\411.har

2022-11-22 14:56:41 - [MESSAGE][PASSED] - Send request successfully

2022-11-22 14:56:41 - [TEST_STEP][PASSED] - verifyResponseStatusCode(scoring, 200): Verify response status code successfully

2022-11-22 14:56:41 - [MESSAGE][PASSED] - Verify response status code successfully

2022-11-22 14:56:41 - [TEST_STEP][PASSED] - response2 = scoring.getResponseText(): null

2022-11-22 14:56:41 - [TEST_STEP][PASSED] - markPassed("result service data ke : " + no): result service data ke : 206

2022-11-22 14:56:41 - [MESSAGE][PASSED] - result service data ke : 206

2022-11-22 14:56:41 - [TEST_STEP][PASSED] - logInfo($response2): {"result_konsumen":"Reguler","result_pasangan":"","Final_result":"Reguler","errorMessage":"","status":"Done"}

2022-11-22 14:56:41 - [MESSAGE][INFO] - {"result_konsumen":"Reguler","result_pasangan":"","Final_result":"Reguler","errorMessage":"","status":"Done"}

2022-11-22 14:56:41 - [TEST_STEP][PASSED] - verifyElementPropertyValue(scoring, "Final_result", final_result): Verify element property value successfully

2022-11-22 14:56:41 - [MESSAGE][PASSED] - Verify element property value successfully]]></system-out>
         <system-err><![CDATA[]]></system-err>
      </testcase>
      <testcase name="Test Cases/Engine_Scoring/Engine Scoring" time="5.221" classname="Test Cases/Engine_Scoring/Engine Scoring" status="PASSED">
         <system-out><![CDATA[2022-11-22 14:56:41 - [TEST_CASE][PASSED] - Test Cases/Engine_Scoring/Engine Scoring: Test Cases/Engine_Scoring/Engine Scoring

2022-11-22 14:56:42 - [TEST_STEP][PASSED] - markPassed("Variasi data ke : " + no): Variasi data ke : 207

2022-11-22 14:56:42 - [MESSAGE][PASSED] - Variasi data ke : 207

2022-11-22 14:56:42 - [TEST_STEP][PASSED] - req_data = sendRequest(findTestObject("Search_ME", ["MID":MID, "source":source, "ip":ip, "userid":userid, "branch":branch, "tipekons":tipekons, "marital":marital, "penjamin":penjamin, ... ])): Send request successfully

2022-11-22 14:56:43 - [MESSAGE][INFO] - HAR: D:\DMS\Engine Scoring\Reports\20221122_143755\Exclude KKB - DS\Scoring Individu - CS\20221122_143756\requests\main\412.har

2022-11-22 14:56:43 - [MESSAGE][PASSED] - Send request successfully

2022-11-22 14:56:43 - [TEST_STEP][PASSED] - slurper = new groovy.json.JsonSlurper(): null

2022-11-22 14:56:43 - [TEST_STEP][PASSED] - result = slurper.parseText(req_data.getResponseBodyContent()): null

2022-11-22 14:56:43 - [TEST_STEP][PASSED] - reqid_kons = requestid1: null

2022-11-22 14:56:43 - [TEST_STEP][PASSED] - reqid_spouse = requestid2: null

2022-11-22 14:56:43 - [TEST_STEP][PASSED] - println("requestid kons : " + reqid_kons): null

2022-11-22 14:56:43 - [TEST_STEP][PASSED] - response_searchME_kons = reqid_kons: null

2022-11-22 14:56:43 - [TEST_STEP][PASSED] - response_searchME_spouse = reqid_spouse: null

2022-11-22 14:56:43 - [TEST_STEP][PASSED] - println("kons req id is :" + response_searchME_kons): null

2022-11-22 14:56:43 - [TEST_STEP][PASSED] - println("spouse req id is : " + response_searchME_spouse): null

2022-11-22 14:56:43 - [TEST_STEP][PASSED] - verifyResponseStatusCode(req_data, 200): Verify response status code successfully

2022-11-22 14:56:43 - [MESSAGE][PASSED] - Verify response status code successfully

2022-11-22 14:56:43 - [TEST_STEP][PASSED] - response = req_data.getResponseText(): null

2022-11-22 14:56:43 - [TEST_STEP][PASSED] - logInfo($response): {"status":"Done","data":{"requestid1":"241747","requestid2":""}}

2022-11-22 14:56:43 - [MESSAGE][INFO] - {"status":"Done","data":{"requestid1":"241747","requestid2":""}}

2022-11-22 14:56:43 - [TEST_STEP][PASSED] - delay(3): Delayed 3 second(s)

2022-11-22 14:56:46 - [MESSAGE][PASSED] - Delayed 3 second(s)

2022-11-22 14:56:46 - [TEST_STEP][PASSED] - scoring = sendRequest(findTestObject("EngineScore", ["response_searchME_kons":response_searchME_kons, "response_searchME_spouse":response_searchME_spouse])): Send request successfully

2022-11-22 14:56:46 - [MESSAGE][INFO] - HAR: D:\DMS\Engine Scoring\Reports\20221122_143755\Exclude KKB - DS\Scoring Individu - CS\20221122_143756\requests\main\413.har

2022-11-22 14:56:46 - [MESSAGE][PASSED] - Send request successfully

2022-11-22 14:56:46 - [TEST_STEP][PASSED] - verifyResponseStatusCode(scoring, 200): Verify response status code successfully

2022-11-22 14:56:46 - [MESSAGE][PASSED] - Verify response status code successfully

2022-11-22 14:56:46 - [TEST_STEP][PASSED] - response2 = scoring.getResponseText(): null

2022-11-22 14:56:46 - [TEST_STEP][PASSED] - markPassed("result service data ke : " + no): result service data ke : 207

2022-11-22 14:56:46 - [MESSAGE][PASSED] - result service data ke : 207

2022-11-22 14:56:46 - [TEST_STEP][PASSED] - logInfo($response2): {"result_konsumen":"Reguler","result_pasangan":"","Final_result":"Reguler","errorMessage":"","status":"Done"}

2022-11-22 14:56:46 - [MESSAGE][INFO] - {"result_konsumen":"Reguler","result_pasangan":"","Final_result":"Reguler","errorMessage":"","status":"Done"}

2022-11-22 14:56:46 - [TEST_STEP][PASSED] - verifyElementPropertyValue(scoring, "Final_result", final_result): Verify element property value successfully

2022-11-22 14:56:47 - [MESSAGE][PASSED] - Verify element property value successfully]]></system-out>
         <system-err><![CDATA[]]></system-err>
      </testcase>
      <testcase name="Test Cases/Engine_Scoring/Engine Scoring" time="5.377" classname="Test Cases/Engine_Scoring/Engine Scoring" status="PASSED">
         <system-out><![CDATA[2022-11-22 14:56:47 - [TEST_CASE][PASSED] - Test Cases/Engine_Scoring/Engine Scoring: Test Cases/Engine_Scoring/Engine Scoring

2022-11-22 14:56:48 - [TEST_STEP][PASSED] - markPassed("Variasi data ke : " + no): Variasi data ke : 208

2022-11-22 14:56:48 - [MESSAGE][PASSED] - Variasi data ke : 208

2022-11-22 14:56:48 - [TEST_STEP][PASSED] - req_data = sendRequest(findTestObject("Search_ME", ["MID":MID, "source":source, "ip":ip, "userid":userid, "branch":branch, "tipekons":tipekons, "marital":marital, "penjamin":penjamin, ... ])): Send request successfully

2022-11-22 14:56:49 - [MESSAGE][INFO] - HAR: D:\DMS\Engine Scoring\Reports\20221122_143755\Exclude KKB - DS\Scoring Individu - CS\20221122_143756\requests\main\414.har

2022-11-22 14:56:49 - [MESSAGE][PASSED] - Send request successfully

2022-11-22 14:56:49 - [TEST_STEP][PASSED] - slurper = new groovy.json.JsonSlurper(): null

2022-11-22 14:56:49 - [TEST_STEP][PASSED] - result = slurper.parseText(req_data.getResponseBodyContent()): null

2022-11-22 14:56:49 - [TEST_STEP][PASSED] - reqid_kons = requestid1: null

2022-11-22 14:56:49 - [TEST_STEP][PASSED] - reqid_spouse = requestid2: null

2022-11-22 14:56:49 - [TEST_STEP][PASSED] - println("requestid kons : " + reqid_kons): null

2022-11-22 14:56:49 - [TEST_STEP][PASSED] - response_searchME_kons = reqid_kons: null

2022-11-22 14:56:49 - [TEST_STEP][PASSED] - response_searchME_spouse = reqid_spouse: null

2022-11-22 14:56:49 - [TEST_STEP][PASSED] - println("kons req id is :" + response_searchME_kons): null

2022-11-22 14:56:49 - [TEST_STEP][PASSED] - println("spouse req id is : " + response_searchME_spouse): null

2022-11-22 14:56:49 - [TEST_STEP][PASSED] - verifyResponseStatusCode(req_data, 200): Verify response status code successfully

2022-11-22 14:56:49 - [MESSAGE][PASSED] - Verify response status code successfully

2022-11-22 14:56:49 - [TEST_STEP][PASSED] - response = req_data.getResponseText(): null

2022-11-22 14:56:49 - [TEST_STEP][PASSED] - logInfo($response): {"status":"Done","data":{"requestid1":"241748","requestid2":""}}

2022-11-22 14:56:49 - [MESSAGE][INFO] - {"status":"Done","data":{"requestid1":"241748","requestid2":""}}

2022-11-22 14:56:49 - [TEST_STEP][PASSED] - delay(3): Delayed 3 second(s)

2022-11-22 14:56:52 - [MESSAGE][PASSED] - Delayed 3 second(s)

2022-11-22 14:56:52 - [TEST_STEP][PASSED] - scoring = sendRequest(findTestObject("EngineScore", ["response_searchME_kons":response_searchME_kons, "response_searchME_spouse":response_searchME_spouse])): Send request successfully

2022-11-22 14:56:52 - [MESSAGE][INFO] - HAR: D:\DMS\Engine Scoring\Reports\20221122_143755\Exclude KKB - DS\Scoring Individu - CS\20221122_143756\requests\main\415.har

2022-11-22 14:56:52 - [MESSAGE][PASSED] - Send request successfully

2022-11-22 14:56:52 - [TEST_STEP][PASSED] - verifyResponseStatusCode(scoring, 200): Verify response status code successfully

2022-11-22 14:56:52 - [MESSAGE][PASSED] - Verify response status code successfully

2022-11-22 14:56:52 - [TEST_STEP][PASSED] - response2 = scoring.getResponseText(): null

2022-11-22 14:56:52 - [TEST_STEP][PASSED] - markPassed("result service data ke : " + no): result service data ke : 208

2022-11-22 14:56:52 - [MESSAGE][PASSED] - result service data ke : 208

2022-11-22 14:56:52 - [TEST_STEP][PASSED] - logInfo($response2): {"result_konsumen":"Reguler","result_pasangan":"","Final_result":"Reguler","errorMessage":"","status":"Done"}

2022-11-22 14:56:52 - [MESSAGE][INFO] - {"result_konsumen":"Reguler","result_pasangan":"","Final_result":"Reguler","errorMessage":"","status":"Done"}

2022-11-22 14:56:52 - [TEST_STEP][PASSED] - verifyElementPropertyValue(scoring, "Final_result", final_result): Verify element property value successfully

2022-11-22 14:56:52 - [MESSAGE][PASSED] - Verify element property value successfully]]></system-out>
         <system-err><![CDATA[]]></system-err>
      </testcase>
      <testcase name="Test Cases/Engine_Scoring/Engine Scoring" time="5.428" classname="Test Cases/Engine_Scoring/Engine Scoring" status="PASSED">
         <system-out><![CDATA[2022-11-22 14:56:52 - [TEST_CASE][PASSED] - Test Cases/Engine_Scoring/Engine Scoring: Test Cases/Engine_Scoring/Engine Scoring

2022-11-22 14:56:53 - [TEST_STEP][PASSED] - markPassed("Variasi data ke : " + no): Variasi data ke : 209

2022-11-22 14:56:53 - [MESSAGE][PASSED] - Variasi data ke : 209

2022-11-22 14:56:53 - [TEST_STEP][PASSED] - req_data = sendRequest(findTestObject("Search_ME", ["MID":MID, "source":source, "ip":ip, "userid":userid, "branch":branch, "tipekons":tipekons, "marital":marital, "penjamin":penjamin, ... ])): Send request successfully

2022-11-22 14:56:54 - [MESSAGE][INFO] - HAR: D:\DMS\Engine Scoring\Reports\20221122_143755\Exclude KKB - DS\Scoring Individu - CS\20221122_143756\requests\main\416.har

2022-11-22 14:56:54 - [MESSAGE][PASSED] - Send request successfully

2022-11-22 14:56:54 - [TEST_STEP][PASSED] - slurper = new groovy.json.JsonSlurper(): null

2022-11-22 14:56:54 - [TEST_STEP][PASSED] - result = slurper.parseText(req_data.getResponseBodyContent()): null

2022-11-22 14:56:54 - [TEST_STEP][PASSED] - reqid_kons = requestid1: null

2022-11-22 14:56:54 - [TEST_STEP][PASSED] - reqid_spouse = requestid2: null

2022-11-22 14:56:54 - [TEST_STEP][PASSED] - println("requestid kons : " + reqid_kons): null

2022-11-22 14:56:54 - [TEST_STEP][PASSED] - response_searchME_kons = reqid_kons: null

2022-11-22 14:56:54 - [TEST_STEP][PASSED] - response_searchME_spouse = reqid_spouse: null

2022-11-22 14:56:54 - [TEST_STEP][PASSED] - println("kons req id is :" + response_searchME_kons): null

2022-11-22 14:56:54 - [TEST_STEP][PASSED] - println("spouse req id is : " + response_searchME_spouse): null

2022-11-22 14:56:54 - [TEST_STEP][PASSED] - verifyResponseStatusCode(req_data, 200): Verify response status code successfully

2022-11-22 14:56:54 - [MESSAGE][PASSED] - Verify response status code successfully

2022-11-22 14:56:54 - [TEST_STEP][PASSED] - response = req_data.getResponseText(): null

2022-11-22 14:56:54 - [TEST_STEP][PASSED] - logInfo($response): {"status":"Done","data":{"requestid1":"241749","requestid2":""}}

2022-11-22 14:56:54 - [MESSAGE][INFO] - {"status":"Done","data":{"requestid1":"241749","requestid2":""}}

2022-11-22 14:56:54 - [TEST_STEP][PASSED] - delay(3): Delayed 3 second(s)

2022-11-22 14:56:57 - [MESSAGE][PASSED] - Delayed 3 second(s)

2022-11-22 14:56:57 - [TEST_STEP][PASSED] - scoring = sendRequest(findTestObject("EngineScore", ["response_searchME_kons":response_searchME_kons, "response_searchME_spouse":response_searchME_spouse])): Send request successfully

2022-11-22 14:56:57 - [MESSAGE][INFO] - HAR: D:\DMS\Engine Scoring\Reports\20221122_143755\Exclude KKB - DS\Scoring Individu - CS\20221122_143756\requests\main\417.har

2022-11-22 14:56:57 - [MESSAGE][PASSED] - Send request successfully

2022-11-22 14:56:57 - [TEST_STEP][PASSED] - verifyResponseStatusCode(scoring, 200): Verify response status code successfully

2022-11-22 14:56:57 - [MESSAGE][PASSED] - Verify response status code successfully

2022-11-22 14:56:57 - [TEST_STEP][PASSED] - response2 = scoring.getResponseText(): null

2022-11-22 14:56:57 - [TEST_STEP][PASSED] - markPassed("result service data ke : " + no): result service data ke : 209

2022-11-22 14:56:57 - [MESSAGE][PASSED] - result service data ke : 209

2022-11-22 14:56:57 - [TEST_STEP][PASSED] - logInfo($response2): {"result_konsumen":"Reguler","result_pasangan":"","Final_result":"Reguler","errorMessage":"","status":"Done"}

2022-11-22 14:56:57 - [MESSAGE][INFO] - {"result_konsumen":"Reguler","result_pasangan":"","Final_result":"Reguler","errorMessage":"","status":"Done"}

2022-11-22 14:56:57 - [TEST_STEP][PASSED] - verifyElementPropertyValue(scoring, "Final_result", final_result): Verify element property value successfully

2022-11-22 14:56:57 - [MESSAGE][PASSED] - Verify element property value successfully]]></system-out>
         <system-err><![CDATA[]]></system-err>
      </testcase>
      <testcase name="Test Cases/Engine_Scoring/Engine Scoring" time="5.271" classname="Test Cases/Engine_Scoring/Engine Scoring" status="PASSED">
         <system-out><![CDATA[2022-11-22 14:56:57 - [TEST_CASE][PASSED] - Test Cases/Engine_Scoring/Engine Scoring: Test Cases/Engine_Scoring/Engine Scoring

2022-11-22 14:56:59 - [TEST_STEP][PASSED] - markPassed("Variasi data ke : " + no): Variasi data ke : 210

2022-11-22 14:56:59 - [MESSAGE][PASSED] - Variasi data ke : 210

2022-11-22 14:56:59 - [TEST_STEP][PASSED] - req_data = sendRequest(findTestObject("Search_ME", ["MID":MID, "source":source, "ip":ip, "userid":userid, "branch":branch, "tipekons":tipekons, "marital":marital, "penjamin":penjamin, ... ])): Send request successfully

2022-11-22 14:57:00 - [MESSAGE][INFO] - HAR: D:\DMS\Engine Scoring\Reports\20221122_143755\Exclude KKB - DS\Scoring Individu - CS\20221122_143756\requests\main\418.har

2022-11-22 14:57:00 - [MESSAGE][PASSED] - Send request successfully

2022-11-22 14:57:00 - [TEST_STEP][PASSED] - slurper = new groovy.json.JsonSlurper(): null

2022-11-22 14:57:00 - [TEST_STEP][PASSED] - result = slurper.parseText(req_data.getResponseBodyContent()): null

2022-11-22 14:57:00 - [TEST_STEP][PASSED] - reqid_kons = requestid1: null

2022-11-22 14:57:00 - [TEST_STEP][PASSED] - reqid_spouse = requestid2: null

2022-11-22 14:57:00 - [TEST_STEP][PASSED] - println("requestid kons : " + reqid_kons): null

2022-11-22 14:57:00 - [TEST_STEP][PASSED] - response_searchME_kons = reqid_kons: null

2022-11-22 14:57:00 - [TEST_STEP][PASSED] - response_searchME_spouse = reqid_spouse: null

2022-11-22 14:57:00 - [TEST_STEP][PASSED] - println("kons req id is :" + response_searchME_kons): null

2022-11-22 14:57:00 - [TEST_STEP][PASSED] - println("spouse req id is : " + response_searchME_spouse): null

2022-11-22 14:57:00 - [TEST_STEP][PASSED] - verifyResponseStatusCode(req_data, 200): Verify response status code successfully

2022-11-22 14:57:00 - [MESSAGE][PASSED] - Verify response status code successfully

2022-11-22 14:57:00 - [TEST_STEP][PASSED] - response = req_data.getResponseText(): null

2022-11-22 14:57:00 - [TEST_STEP][PASSED] - logInfo($response): {"status":"Done","data":{"requestid1":"241750","requestid2":""}}

2022-11-22 14:57:00 - [MESSAGE][INFO] - {"status":"Done","data":{"requestid1":"241750","requestid2":""}}

2022-11-22 14:57:00 - [TEST_STEP][PASSED] - delay(3): Delayed 3 second(s)

2022-11-22 14:57:03 - [MESSAGE][PASSED] - Delayed 3 second(s)

2022-11-22 14:57:03 - [TEST_STEP][PASSED] - scoring = sendRequest(findTestObject("EngineScore", ["response_searchME_kons":response_searchME_kons, "response_searchME_spouse":response_searchME_spouse])): Send request successfully

2022-11-22 14:57:03 - [MESSAGE][INFO] - HAR: D:\DMS\Engine Scoring\Reports\20221122_143755\Exclude KKB - DS\Scoring Individu - CS\20221122_143756\requests\main\419.har

2022-11-22 14:57:03 - [MESSAGE][PASSED] - Send request successfully

2022-11-22 14:57:03 - [TEST_STEP][PASSED] - verifyResponseStatusCode(scoring, 200): Verify response status code successfully

2022-11-22 14:57:03 - [MESSAGE][PASSED] - Verify response status code successfully

2022-11-22 14:57:03 - [TEST_STEP][PASSED] - response2 = scoring.getResponseText(): null

2022-11-22 14:57:03 - [TEST_STEP][PASSED] - markPassed("result service data ke : " + no): result service data ke : 210

2022-11-22 14:57:03 - [MESSAGE][PASSED] - result service data ke : 210

2022-11-22 14:57:03 - [TEST_STEP][PASSED] - logInfo($response2): {"result_konsumen":"Reguler","result_pasangan":"","Final_result":"Reguler","errorMessage":"","status":"Done"}

2022-11-22 14:57:03 - [MESSAGE][INFO] - {"result_konsumen":"Reguler","result_pasangan":"","Final_result":"Reguler","errorMessage":"","status":"Done"}

2022-11-22 14:57:03 - [TEST_STEP][PASSED] - verifyElementPropertyValue(scoring, "Final_result", final_result): Verify element property value successfully

2022-11-22 14:57:03 - [MESSAGE][PASSED] - Verify element property value successfully]]></system-out>
         <system-err><![CDATA[]]></system-err>
      </testcase>
      <testcase name="Test Cases/Engine_Scoring/Engine Scoring" time="5.417" classname="Test Cases/Engine_Scoring/Engine Scoring" status="PASSED">
         <system-out><![CDATA[2022-11-22 14:57:03 - [TEST_CASE][PASSED] - Test Cases/Engine_Scoring/Engine Scoring: Test Cases/Engine_Scoring/Engine Scoring

2022-11-22 14:57:04 - [TEST_STEP][PASSED] - markPassed("Variasi data ke : " + no): Variasi data ke : 211

2022-11-22 14:57:04 - [MESSAGE][PASSED] - Variasi data ke : 211

2022-11-22 14:57:04 - [TEST_STEP][PASSED] - req_data = sendRequest(findTestObject("Search_ME", ["MID":MID, "source":source, "ip":ip, "userid":userid, "branch":branch, "tipekons":tipekons, "marital":marital, "penjamin":penjamin, ... ])): Send request successfully

2022-11-22 14:57:05 - [MESSAGE][INFO] - HAR: D:\DMS\Engine Scoring\Reports\20221122_143755\Exclude KKB - DS\Scoring Individu - CS\20221122_143756\requests\main\420.har

2022-11-22 14:57:05 - [MESSAGE][PASSED] - Send request successfully

2022-11-22 14:57:05 - [TEST_STEP][PASSED] - slurper = new groovy.json.JsonSlurper(): null

2022-11-22 14:57:05 - [TEST_STEP][PASSED] - result = slurper.parseText(req_data.getResponseBodyContent()): null

2022-11-22 14:57:05 - [TEST_STEP][PASSED] - reqid_kons = requestid1: null

2022-11-22 14:57:05 - [TEST_STEP][PASSED] - reqid_spouse = requestid2: null

2022-11-22 14:57:05 - [TEST_STEP][PASSED] - println("requestid kons : " + reqid_kons): null

2022-11-22 14:57:05 - [TEST_STEP][PASSED] - response_searchME_kons = reqid_kons: null

2022-11-22 14:57:05 - [TEST_STEP][PASSED] - response_searchME_spouse = reqid_spouse: null

2022-11-22 14:57:05 - [TEST_STEP][PASSED] - println("kons req id is :" + response_searchME_kons): null

2022-11-22 14:57:05 - [TEST_STEP][PASSED] - println("spouse req id is : " + response_searchME_spouse): null

2022-11-22 14:57:05 - [TEST_STEP][PASSED] - verifyResponseStatusCode(req_data, 200): Verify response status code successfully

2022-11-22 14:57:05 - [MESSAGE][PASSED] - Verify response status code successfully

2022-11-22 14:57:05 - [TEST_STEP][PASSED] - response = req_data.getResponseText(): null

2022-11-22 14:57:05 - [TEST_STEP][PASSED] - logInfo($response): {"status":"Done","data":{"requestid1":"241751","requestid2":""}}

2022-11-22 14:57:05 - [MESSAGE][INFO] - {"status":"Done","data":{"requestid1":"241751","requestid2":""}}

2022-11-22 14:57:05 - [TEST_STEP][PASSED] - delay(3): Delayed 3 second(s)

2022-11-22 14:57:08 - [MESSAGE][PASSED] - Delayed 3 second(s)

2022-11-22 14:57:08 - [TEST_STEP][PASSED] - scoring = sendRequest(findTestObject("EngineScore", ["response_searchME_kons":response_searchME_kons, "response_searchME_spouse":response_searchME_spouse])): Send request successfully

2022-11-22 14:57:08 - [MESSAGE][INFO] - HAR: D:\DMS\Engine Scoring\Reports\20221122_143755\Exclude KKB - DS\Scoring Individu - CS\20221122_143756\requests\main\421.har

2022-11-22 14:57:08 - [MESSAGE][PASSED] - Send request successfully

2022-11-22 14:57:08 - [TEST_STEP][PASSED] - verifyResponseStatusCode(scoring, 200): Verify response status code successfully

2022-11-22 14:57:08 - [MESSAGE][PASSED] - Verify response status code successfully

2022-11-22 14:57:08 - [TEST_STEP][PASSED] - response2 = scoring.getResponseText(): null

2022-11-22 14:57:08 - [TEST_STEP][PASSED] - markPassed("result service data ke : " + no): result service data ke : 211

2022-11-22 14:57:08 - [MESSAGE][PASSED] - result service data ke : 211

2022-11-22 14:57:08 - [TEST_STEP][PASSED] - logInfo($response2): {"result_konsumen":"Reguler","result_pasangan":"","Final_result":"Reguler","errorMessage":"","status":"Done"}

2022-11-22 14:57:08 - [MESSAGE][INFO] - {"result_konsumen":"Reguler","result_pasangan":"","Final_result":"Reguler","errorMessage":"","status":"Done"}

2022-11-22 14:57:08 - [TEST_STEP][PASSED] - verifyElementPropertyValue(scoring, "Final_result", final_result): Verify element property value successfully

2022-11-22 14:57:08 - [MESSAGE][PASSED] - Verify element property value successfully]]></system-out>
         <system-err><![CDATA[]]></system-err>
      </testcase>
      <testcase name="Test Cases/Engine_Scoring/Engine Scoring" time="5.317" classname="Test Cases/Engine_Scoring/Engine Scoring" status="PASSED">
         <system-out><![CDATA[2022-11-22 14:57:08 - [TEST_CASE][PASSED] - Test Cases/Engine_Scoring/Engine Scoring: Test Cases/Engine_Scoring/Engine Scoring

2022-11-22 14:57:09 - [TEST_STEP][PASSED] - markPassed("Variasi data ke : " + no): Variasi data ke : 212

2022-11-22 14:57:09 - [MESSAGE][PASSED] - Variasi data ke : 212

2022-11-22 14:57:09 - [TEST_STEP][PASSED] - req_data = sendRequest(findTestObject("Search_ME", ["MID":MID, "source":source, "ip":ip, "userid":userid, "branch":branch, "tipekons":tipekons, "marital":marital, "penjamin":penjamin, ... ])): Send request successfully

2022-11-22 14:57:10 - [MESSAGE][INFO] - HAR: D:\DMS\Engine Scoring\Reports\20221122_143755\Exclude KKB - DS\Scoring Individu - CS\20221122_143756\requests\main\422.har

2022-11-22 14:57:10 - [MESSAGE][PASSED] - Send request successfully

2022-11-22 14:57:10 - [TEST_STEP][PASSED] - slurper = new groovy.json.JsonSlurper(): null

2022-11-22 14:57:10 - [TEST_STEP][PASSED] - result = slurper.parseText(req_data.getResponseBodyContent()): null

2022-11-22 14:57:10 - [TEST_STEP][PASSED] - reqid_kons = requestid1: null

2022-11-22 14:57:10 - [TEST_STEP][PASSED] - reqid_spouse = requestid2: null

2022-11-22 14:57:10 - [TEST_STEP][PASSED] - println("requestid kons : " + reqid_kons): null

2022-11-22 14:57:10 - [TEST_STEP][PASSED] - response_searchME_kons = reqid_kons: null

2022-11-22 14:57:10 - [TEST_STEP][PASSED] - response_searchME_spouse = reqid_spouse: null

2022-11-22 14:57:10 - [TEST_STEP][PASSED] - println("kons req id is :" + response_searchME_kons): null

2022-11-22 14:57:10 - [TEST_STEP][PASSED] - println("spouse req id is : " + response_searchME_spouse): null

2022-11-22 14:57:10 - [TEST_STEP][PASSED] - verifyResponseStatusCode(req_data, 200): Verify response status code successfully

2022-11-22 14:57:10 - [MESSAGE][PASSED] - Verify response status code successfully

2022-11-22 14:57:10 - [TEST_STEP][PASSED] - response = req_data.getResponseText(): null

2022-11-22 14:57:10 - [TEST_STEP][PASSED] - logInfo($response): {"status":"Done","data":{"requestid1":"241752","requestid2":""}}

2022-11-22 14:57:10 - [MESSAGE][INFO] - {"status":"Done","data":{"requestid1":"241752","requestid2":""}}

2022-11-22 14:57:10 - [TEST_STEP][PASSED] - delay(3): Delayed 3 second(s)

2022-11-22 14:57:13 - [MESSAGE][PASSED] - Delayed 3 second(s)

2022-11-22 14:57:13 - [TEST_STEP][PASSED] - scoring = sendRequest(findTestObject("EngineScore", ["response_searchME_kons":response_searchME_kons, "response_searchME_spouse":response_searchME_spouse])): Send request successfully

2022-11-22 14:57:14 - [MESSAGE][INFO] - HAR: D:\DMS\Engine Scoring\Reports\20221122_143755\Exclude KKB - DS\Scoring Individu - CS\20221122_143756\requests\main\423.har

2022-11-22 14:57:14 - [MESSAGE][PASSED] - Send request successfully

2022-11-22 14:57:14 - [TEST_STEP][PASSED] - verifyResponseStatusCode(scoring, 200): Verify response status code successfully

2022-11-22 14:57:14 - [MESSAGE][PASSED] - Verify response status code successfully

2022-11-22 14:57:14 - [TEST_STEP][PASSED] - response2 = scoring.getResponseText(): null

2022-11-22 14:57:14 - [TEST_STEP][PASSED] - markPassed("result service data ke : " + no): result service data ke : 212

2022-11-22 14:57:14 - [MESSAGE][PASSED] - result service data ke : 212

2022-11-22 14:57:14 - [TEST_STEP][PASSED] - logInfo($response2): {"result_konsumen":"Reguler","result_pasangan":"","Final_result":"Reguler","errorMessage":"","status":"Done"}

2022-11-22 14:57:14 - [MESSAGE][INFO] - {"result_konsumen":"Reguler","result_pasangan":"","Final_result":"Reguler","errorMessage":"","status":"Done"}

2022-11-22 14:57:14 - [TEST_STEP][PASSED] - verifyElementPropertyValue(scoring, "Final_result", final_result): Verify element property value successfully

2022-11-22 14:57:14 - [MESSAGE][PASSED] - Verify element property value successfully]]></system-out>
         <system-err><![CDATA[]]></system-err>
      </testcase>
      <testcase name="Test Cases/Engine_Scoring/Engine Scoring" time="5.426" classname="Test Cases/Engine_Scoring/Engine Scoring" status="PASSED">
         <system-out><![CDATA[2022-11-22 14:57:14 - [TEST_CASE][PASSED] - Test Cases/Engine_Scoring/Engine Scoring: Test Cases/Engine_Scoring/Engine Scoring

2022-11-22 14:57:15 - [TEST_STEP][PASSED] - markPassed("Variasi data ke : " + no): Variasi data ke : 213

2022-11-22 14:57:15 - [MESSAGE][PASSED] - Variasi data ke : 213

2022-11-22 14:57:15 - [TEST_STEP][PASSED] - req_data = sendRequest(findTestObject("Search_ME", ["MID":MID, "source":source, "ip":ip, "userid":userid, "branch":branch, "tipekons":tipekons, "marital":marital, "penjamin":penjamin, ... ])): Send request successfully

2022-11-22 14:57:16 - [MESSAGE][INFO] - HAR: D:\DMS\Engine Scoring\Reports\20221122_143755\Exclude KKB - DS\Scoring Individu - CS\20221122_143756\requests\main\424.har

2022-11-22 14:57:16 - [MESSAGE][PASSED] - Send request successfully

2022-11-22 14:57:16 - [TEST_STEP][PASSED] - slurper = new groovy.json.JsonSlurper(): null

2022-11-22 14:57:16 - [TEST_STEP][PASSED] - result = slurper.parseText(req_data.getResponseBodyContent()): null

2022-11-22 14:57:16 - [TEST_STEP][PASSED] - reqid_kons = requestid1: null

2022-11-22 14:57:16 - [TEST_STEP][PASSED] - reqid_spouse = requestid2: null

2022-11-22 14:57:16 - [TEST_STEP][PASSED] - println("requestid kons : " + reqid_kons): null

2022-11-22 14:57:16 - [TEST_STEP][PASSED] - response_searchME_kons = reqid_kons: null

2022-11-22 14:57:16 - [TEST_STEP][PASSED] - response_searchME_spouse = reqid_spouse: null

2022-11-22 14:57:16 - [TEST_STEP][PASSED] - println("kons req id is :" + response_searchME_kons): null

2022-11-22 14:57:16 - [TEST_STEP][PASSED] - println("spouse req id is : " + response_searchME_spouse): null

2022-11-22 14:57:16 - [TEST_STEP][PASSED] - verifyResponseStatusCode(req_data, 200): Verify response status code successfully

2022-11-22 14:57:16 - [MESSAGE][PASSED] - Verify response status code successfully

2022-11-22 14:57:16 - [TEST_STEP][PASSED] - response = req_data.getResponseText(): null

2022-11-22 14:57:16 - [TEST_STEP][PASSED] - logInfo($response): {"status":"Done","data":{"requestid1":"241753","requestid2":""}}

2022-11-22 14:57:16 - [MESSAGE][INFO] - {"status":"Done","data":{"requestid1":"241753","requestid2":""}}

2022-11-22 14:57:16 - [TEST_STEP][PASSED] - delay(3): Delayed 3 second(s)

2022-11-22 14:57:19 - [MESSAGE][PASSED] - Delayed 3 second(s)

2022-11-22 14:57:19 - [TEST_STEP][PASSED] - scoring = sendRequest(findTestObject("EngineScore", ["response_searchME_kons":response_searchME_kons, "response_searchME_spouse":response_searchME_spouse])): Send request successfully

2022-11-22 14:57:19 - [MESSAGE][INFO] - HAR: D:\DMS\Engine Scoring\Reports\20221122_143755\Exclude KKB - DS\Scoring Individu - CS\20221122_143756\requests\main\425.har

2022-11-22 14:57:19 - [MESSAGE][PASSED] - Send request successfully

2022-11-22 14:57:19 - [TEST_STEP][PASSED] - verifyResponseStatusCode(scoring, 200): Verify response status code successfully

2022-11-22 14:57:19 - [MESSAGE][PASSED] - Verify response status code successfully

2022-11-22 14:57:19 - [TEST_STEP][PASSED] - response2 = scoring.getResponseText(): null

2022-11-22 14:57:19 - [TEST_STEP][PASSED] - markPassed("result service data ke : " + no): result service data ke : 213

2022-11-22 14:57:19 - [MESSAGE][PASSED] - result service data ke : 213

2022-11-22 14:57:19 - [TEST_STEP][PASSED] - logInfo($response2): {"result_konsumen":"Reject","result_pasangan":"","Final_result":"Reject","errorMessage":"","status":"Done"}

2022-11-22 14:57:19 - [MESSAGE][INFO] - {"result_konsumen":"Reject","result_pasangan":"","Final_result":"Reject","errorMessage":"","status":"Done"}

2022-11-22 14:57:19 - [TEST_STEP][PASSED] - verifyElementPropertyValue(scoring, "Final_result", final_result): Verify element property value successfully

2022-11-22 14:57:19 - [MESSAGE][PASSED] - Verify element property value successfully]]></system-out>
         <system-err><![CDATA[]]></system-err>
      </testcase>
      <testcase name="Test Cases/Engine_Scoring/Engine Scoring" time="5.364" classname="Test Cases/Engine_Scoring/Engine Scoring" status="PASSED">
         <system-out><![CDATA[2022-11-22 14:57:19 - [TEST_CASE][PASSED] - Test Cases/Engine_Scoring/Engine Scoring: Test Cases/Engine_Scoring/Engine Scoring

2022-11-22 14:57:20 - [TEST_STEP][PASSED] - markPassed("Variasi data ke : " + no): Variasi data ke : 214

2022-11-22 14:57:20 - [MESSAGE][PASSED] - Variasi data ke : 214

2022-11-22 14:57:20 - [TEST_STEP][PASSED] - req_data = sendRequest(findTestObject("Search_ME", ["MID":MID, "source":source, "ip":ip, "userid":userid, "branch":branch, "tipekons":tipekons, "marital":marital, "penjamin":penjamin, ... ])): Send request successfully

2022-11-22 14:57:21 - [MESSAGE][INFO] - HAR: D:\DMS\Engine Scoring\Reports\20221122_143755\Exclude KKB - DS\Scoring Individu - CS\20221122_143756\requests\main\426.har

2022-11-22 14:57:21 - [MESSAGE][PASSED] - Send request successfully

2022-11-22 14:57:21 - [TEST_STEP][PASSED] - slurper = new groovy.json.JsonSlurper(): null

2022-11-22 14:57:21 - [TEST_STEP][PASSED] - result = slurper.parseText(req_data.getResponseBodyContent()): null

2022-11-22 14:57:21 - [TEST_STEP][PASSED] - reqid_kons = requestid1: null

2022-11-22 14:57:21 - [TEST_STEP][PASSED] - reqid_spouse = requestid2: null

2022-11-22 14:57:21 - [TEST_STEP][PASSED] - println("requestid kons : " + reqid_kons): null

2022-11-22 14:57:21 - [TEST_STEP][PASSED] - response_searchME_kons = reqid_kons: null

2022-11-22 14:57:21 - [TEST_STEP][PASSED] - response_searchME_spouse = reqid_spouse: null

2022-11-22 14:57:21 - [TEST_STEP][PASSED] - println("kons req id is :" + response_searchME_kons): null

2022-11-22 14:57:21 - [TEST_STEP][PASSED] - println("spouse req id is : " + response_searchME_spouse): null

2022-11-22 14:57:21 - [TEST_STEP][PASSED] - verifyResponseStatusCode(req_data, 200): Verify response status code successfully

2022-11-22 14:57:21 - [MESSAGE][PASSED] - Verify response status code successfully

2022-11-22 14:57:21 - [TEST_STEP][PASSED] - response = req_data.getResponseText(): null

2022-11-22 14:57:21 - [TEST_STEP][PASSED] - logInfo($response): {"status":"Done","data":{"requestid1":"241754","requestid2":""}}

2022-11-22 14:57:21 - [MESSAGE][INFO] - {"status":"Done","data":{"requestid1":"241754","requestid2":""}}

2022-11-22 14:57:21 - [TEST_STEP][PASSED] - delay(3): Delayed 3 second(s)

2022-11-22 14:57:24 - [MESSAGE][PASSED] - Delayed 3 second(s)

2022-11-22 14:57:24 - [TEST_STEP][PASSED] - scoring = sendRequest(findTestObject("EngineScore", ["response_searchME_kons":response_searchME_kons, "response_searchME_spouse":response_searchME_spouse])): Send request successfully

2022-11-22 14:57:24 - [MESSAGE][INFO] - HAR: D:\DMS\Engine Scoring\Reports\20221122_143755\Exclude KKB - DS\Scoring Individu - CS\20221122_143756\requests\main\427.har

2022-11-22 14:57:24 - [MESSAGE][PASSED] - Send request successfully

2022-11-22 14:57:24 - [TEST_STEP][PASSED] - verifyResponseStatusCode(scoring, 200): Verify response status code successfully

2022-11-22 14:57:24 - [MESSAGE][PASSED] - Verify response status code successfully

2022-11-22 14:57:24 - [TEST_STEP][PASSED] - response2 = scoring.getResponseText(): null

2022-11-22 14:57:24 - [TEST_STEP][PASSED] - markPassed("result service data ke : " + no): result service data ke : 214

2022-11-22 14:57:24 - [MESSAGE][PASSED] - result service data ke : 214

2022-11-22 14:57:24 - [TEST_STEP][PASSED] - logInfo($response2): {"result_konsumen":"Reject","result_pasangan":"","Final_result":"Reject","errorMessage":"","status":"Done"}

2022-11-22 14:57:24 - [MESSAGE][INFO] - {"result_konsumen":"Reject","result_pasangan":"","Final_result":"Reject","errorMessage":"","status":"Done"}

2022-11-22 14:57:24 - [TEST_STEP][PASSED] - verifyElementPropertyValue(scoring, "Final_result", final_result): Verify element property value successfully

2022-11-22 14:57:24 - [MESSAGE][PASSED] - Verify element property value successfully]]></system-out>
         <system-err><![CDATA[]]></system-err>
      </testcase>
      <testcase name="Test Cases/Engine_Scoring/Engine Scoring" time="5.468" classname="Test Cases/Engine_Scoring/Engine Scoring" status="PASSED">
         <system-out><![CDATA[2022-11-22 14:57:25 - [TEST_CASE][PASSED] - Test Cases/Engine_Scoring/Engine Scoring: Test Cases/Engine_Scoring/Engine Scoring

2022-11-22 14:57:26 - [TEST_STEP][PASSED] - markPassed("Variasi data ke : " + no): Variasi data ke : 215

2022-11-22 14:57:26 - [MESSAGE][PASSED] - Variasi data ke : 215

2022-11-22 14:57:26 - [TEST_STEP][PASSED] - req_data = sendRequest(findTestObject("Search_ME", ["MID":MID, "source":source, "ip":ip, "userid":userid, "branch":branch, "tipekons":tipekons, "marital":marital, "penjamin":penjamin, ... ])): Send request successfully

2022-11-22 14:57:27 - [MESSAGE][INFO] - HAR: D:\DMS\Engine Scoring\Reports\20221122_143755\Exclude KKB - DS\Scoring Individu - CS\20221122_143756\requests\main\428.har

2022-11-22 14:57:27 - [MESSAGE][PASSED] - Send request successfully

2022-11-22 14:57:27 - [TEST_STEP][PASSED] - slurper = new groovy.json.JsonSlurper(): null

2022-11-22 14:57:27 - [TEST_STEP][PASSED] - result = slurper.parseText(req_data.getResponseBodyContent()): null

2022-11-22 14:57:27 - [TEST_STEP][PASSED] - reqid_kons = requestid1: null

2022-11-22 14:57:27 - [TEST_STEP][PASSED] - reqid_spouse = requestid2: null

2022-11-22 14:57:27 - [TEST_STEP][PASSED] - println("requestid kons : " + reqid_kons): null

2022-11-22 14:57:27 - [TEST_STEP][PASSED] - response_searchME_kons = reqid_kons: null

2022-11-22 14:57:27 - [TEST_STEP][PASSED] - response_searchME_spouse = reqid_spouse: null

2022-11-22 14:57:27 - [TEST_STEP][PASSED] - println("kons req id is :" + response_searchME_kons): null

2022-11-22 14:57:27 - [TEST_STEP][PASSED] - println("spouse req id is : " + response_searchME_spouse): null

2022-11-22 14:57:27 - [TEST_STEP][PASSED] - verifyResponseStatusCode(req_data, 200): Verify response status code successfully

2022-11-22 14:57:27 - [MESSAGE][PASSED] - Verify response status code successfully

2022-11-22 14:57:27 - [TEST_STEP][PASSED] - response = req_data.getResponseText(): null

2022-11-22 14:57:27 - [TEST_STEP][PASSED] - logInfo($response): {"status":"Done","data":{"requestid1":"241755","requestid2":""}}

2022-11-22 14:57:27 - [MESSAGE][INFO] - {"status":"Done","data":{"requestid1":"241755","requestid2":""}}

2022-11-22 14:57:27 - [TEST_STEP][PASSED] - delay(3): Delayed 3 second(s)

2022-11-22 14:57:30 - [MESSAGE][PASSED] - Delayed 3 second(s)

2022-11-22 14:57:30 - [TEST_STEP][PASSED] - scoring = sendRequest(findTestObject("EngineScore", ["response_searchME_kons":response_searchME_kons, "response_searchME_spouse":response_searchME_spouse])): Send request successfully

2022-11-22 14:57:30 - [MESSAGE][INFO] - HAR: D:\DMS\Engine Scoring\Reports\20221122_143755\Exclude KKB - DS\Scoring Individu - CS\20221122_143756\requests\main\429.har

2022-11-22 14:57:30 - [MESSAGE][PASSED] - Send request successfully

2022-11-22 14:57:30 - [TEST_STEP][PASSED] - verifyResponseStatusCode(scoring, 200): Verify response status code successfully

2022-11-22 14:57:30 - [MESSAGE][PASSED] - Verify response status code successfully

2022-11-22 14:57:30 - [TEST_STEP][PASSED] - response2 = scoring.getResponseText(): null

2022-11-22 14:57:30 - [TEST_STEP][PASSED] - markPassed("result service data ke : " + no): result service data ke : 215

2022-11-22 14:57:30 - [MESSAGE][PASSED] - result service data ke : 215

2022-11-22 14:57:30 - [TEST_STEP][PASSED] - logInfo($response2): {"result_konsumen":"Reject","result_pasangan":"","Final_result":"Reject","errorMessage":"","status":"Done"}

2022-11-22 14:57:30 - [MESSAGE][INFO] - {"result_konsumen":"Reject","result_pasangan":"","Final_result":"Reject","errorMessage":"","status":"Done"}

2022-11-22 14:57:30 - [TEST_STEP][PASSED] - verifyElementPropertyValue(scoring, "Final_result", final_result): Verify element property value successfully

2022-11-22 14:57:30 - [MESSAGE][PASSED] - Verify element property value successfully]]></system-out>
         <system-err><![CDATA[]]></system-err>
      </testcase>
      <testcase name="Test Cases/Engine_Scoring/Engine Scoring" time="5.44" classname="Test Cases/Engine_Scoring/Engine Scoring" status="PASSED">
         <system-out><![CDATA[2022-11-22 14:57:30 - [TEST_CASE][PASSED] - Test Cases/Engine_Scoring/Engine Scoring: Test Cases/Engine_Scoring/Engine Scoring

2022-11-22 14:57:31 - [TEST_STEP][PASSED] - markPassed("Variasi data ke : " + no): Variasi data ke : 216

2022-11-22 14:57:31 - [MESSAGE][PASSED] - Variasi data ke : 216

2022-11-22 14:57:31 - [TEST_STEP][PASSED] - req_data = sendRequest(findTestObject("Search_ME", ["MID":MID, "source":source, "ip":ip, "userid":userid, "branch":branch, "tipekons":tipekons, "marital":marital, "penjamin":penjamin, ... ])): Send request successfully

2022-11-22 14:57:32 - [MESSAGE][INFO] - HAR: D:\DMS\Engine Scoring\Reports\20221122_143755\Exclude KKB - DS\Scoring Individu - CS\20221122_143756\requests\main\430.har

2022-11-22 14:57:32 - [MESSAGE][PASSED] - Send request successfully

2022-11-22 14:57:32 - [TEST_STEP][PASSED] - slurper = new groovy.json.JsonSlurper(): null

2022-11-22 14:57:32 - [TEST_STEP][PASSED] - result = slurper.parseText(req_data.getResponseBodyContent()): null

2022-11-22 14:57:32 - [TEST_STEP][PASSED] - reqid_kons = requestid1: null

2022-11-22 14:57:32 - [TEST_STEP][PASSED] - reqid_spouse = requestid2: null

2022-11-22 14:57:32 - [TEST_STEP][PASSED] - println("requestid kons : " + reqid_kons): null

2022-11-22 14:57:32 - [TEST_STEP][PASSED] - response_searchME_kons = reqid_kons: null

2022-11-22 14:57:32 - [TEST_STEP][PASSED] - response_searchME_spouse = reqid_spouse: null

2022-11-22 14:57:32 - [TEST_STEP][PASSED] - println("kons req id is :" + response_searchME_kons): null

2022-11-22 14:57:32 - [TEST_STEP][PASSED] - println("spouse req id is : " + response_searchME_spouse): null

2022-11-22 14:57:32 - [TEST_STEP][PASSED] - verifyResponseStatusCode(req_data, 200): Verify response status code successfully

2022-11-22 14:57:32 - [MESSAGE][PASSED] - Verify response status code successfully

2022-11-22 14:57:32 - [TEST_STEP][PASSED] - response = req_data.getResponseText(): null

2022-11-22 14:57:32 - [TEST_STEP][PASSED] - logInfo($response): {"status":"Done","data":{"requestid1":"241756","requestid2":""}}

2022-11-22 14:57:32 - [MESSAGE][INFO] - {"status":"Done","data":{"requestid1":"241756","requestid2":""}}

2022-11-22 14:57:32 - [TEST_STEP][PASSED] - delay(3): Delayed 3 second(s)

2022-11-22 14:57:35 - [MESSAGE][PASSED] - Delayed 3 second(s)

2022-11-22 14:57:35 - [TEST_STEP][PASSED] - scoring = sendRequest(findTestObject("EngineScore", ["response_searchME_kons":response_searchME_kons, "response_searchME_spouse":response_searchME_spouse])): Send request successfully

2022-11-22 14:57:35 - [MESSAGE][INFO] - HAR: D:\DMS\Engine Scoring\Reports\20221122_143755\Exclude KKB - DS\Scoring Individu - CS\20221122_143756\requests\main\431.har

2022-11-22 14:57:35 - [MESSAGE][PASSED] - Send request successfully

2022-11-22 14:57:35 - [TEST_STEP][PASSED] - verifyResponseStatusCode(scoring, 200): Verify response status code successfully

2022-11-22 14:57:35 - [MESSAGE][PASSED] - Verify response status code successfully

2022-11-22 14:57:35 - [TEST_STEP][PASSED] - response2 = scoring.getResponseText(): null

2022-11-22 14:57:35 - [TEST_STEP][PASSED] - markPassed("result service data ke : " + no): result service data ke : 216

2022-11-22 14:57:35 - [MESSAGE][PASSED] - result service data ke : 216

2022-11-22 14:57:35 - [TEST_STEP][PASSED] - logInfo($response2): {"result_konsumen":"Reject","result_pasangan":"","Final_result":"Reject","errorMessage":"","status":"Done"}

2022-11-22 14:57:35 - [MESSAGE][INFO] - {"result_konsumen":"Reject","result_pasangan":"","Final_result":"Reject","errorMessage":"","status":"Done"}

2022-11-22 14:57:35 - [TEST_STEP][PASSED] - verifyElementPropertyValue(scoring, "Final_result", final_result): Verify element property value successfully

2022-11-22 14:57:36 - [MESSAGE][PASSED] - Verify element property value successfully]]></system-out>
         <system-err><![CDATA[]]></system-err>
      </testcase>
      <testcase name="Test Cases/Engine_Scoring/Engine Scoring" time="5.345" classname="Test Cases/Engine_Scoring/Engine Scoring" status="PASSED">
         <system-out><![CDATA[2022-11-22 14:57:36 - [TEST_CASE][PASSED] - Test Cases/Engine_Scoring/Engine Scoring: Test Cases/Engine_Scoring/Engine Scoring

2022-11-22 14:57:37 - [TEST_STEP][PASSED] - markPassed("Variasi data ke : " + no): Variasi data ke : 217

2022-11-22 14:57:37 - [MESSAGE][PASSED] - Variasi data ke : 217

2022-11-22 14:57:37 - [TEST_STEP][PASSED] - req_data = sendRequest(findTestObject("Search_ME", ["MID":MID, "source":source, "ip":ip, "userid":userid, "branch":branch, "tipekons":tipekons, "marital":marital, "penjamin":penjamin, ... ])): Send request successfully

2022-11-22 14:57:38 - [MESSAGE][INFO] - HAR: D:\DMS\Engine Scoring\Reports\20221122_143755\Exclude KKB - DS\Scoring Individu - CS\20221122_143756\requests\main\432.har

2022-11-22 14:57:38 - [MESSAGE][PASSED] - Send request successfully

2022-11-22 14:57:38 - [TEST_STEP][PASSED] - slurper = new groovy.json.JsonSlurper(): null

2022-11-22 14:57:38 - [TEST_STEP][PASSED] - result = slurper.parseText(req_data.getResponseBodyContent()): null

2022-11-22 14:57:38 - [TEST_STEP][PASSED] - reqid_kons = requestid1: null

2022-11-22 14:57:38 - [TEST_STEP][PASSED] - reqid_spouse = requestid2: null

2022-11-22 14:57:38 - [TEST_STEP][PASSED] - println("requestid kons : " + reqid_kons): null

2022-11-22 14:57:38 - [TEST_STEP][PASSED] - response_searchME_kons = reqid_kons: null

2022-11-22 14:57:38 - [TEST_STEP][PASSED] - response_searchME_spouse = reqid_spouse: null

2022-11-22 14:57:38 - [TEST_STEP][PASSED] - println("kons req id is :" + response_searchME_kons): null

2022-11-22 14:57:38 - [TEST_STEP][PASSED] - println("spouse req id is : " + response_searchME_spouse): null

2022-11-22 14:57:38 - [TEST_STEP][PASSED] - verifyResponseStatusCode(req_data, 200): Verify response status code successfully

2022-11-22 14:57:38 - [MESSAGE][PASSED] - Verify response status code successfully

2022-11-22 14:57:38 - [TEST_STEP][PASSED] - response = req_data.getResponseText(): null

2022-11-22 14:57:38 - [TEST_STEP][PASSED] - logInfo($response): {"status":"Done","data":{"requestid1":"241757","requestid2":""}}

2022-11-22 14:57:38 - [MESSAGE][INFO] - {"status":"Done","data":{"requestid1":"241757","requestid2":""}}

2022-11-22 14:57:38 - [TEST_STEP][PASSED] - delay(3): Delayed 3 second(s)

2022-11-22 14:57:41 - [MESSAGE][PASSED] - Delayed 3 second(s)

2022-11-22 14:57:41 - [TEST_STEP][PASSED] - scoring = sendRequest(findTestObject("EngineScore", ["response_searchME_kons":response_searchME_kons, "response_searchME_spouse":response_searchME_spouse])): Send request successfully

2022-11-22 14:57:41 - [MESSAGE][INFO] - HAR: D:\DMS\Engine Scoring\Reports\20221122_143755\Exclude KKB - DS\Scoring Individu - CS\20221122_143756\requests\main\433.har

2022-11-22 14:57:41 - [MESSAGE][PASSED] - Send request successfully

2022-11-22 14:57:41 - [TEST_STEP][PASSED] - verifyResponseStatusCode(scoring, 200): Verify response status code successfully

2022-11-22 14:57:41 - [MESSAGE][PASSED] - Verify response status code successfully

2022-11-22 14:57:41 - [TEST_STEP][PASSED] - response2 = scoring.getResponseText(): null

2022-11-22 14:57:41 - [TEST_STEP][PASSED] - markPassed("result service data ke : " + no): result service data ke : 217

2022-11-22 14:57:41 - [MESSAGE][PASSED] - result service data ke : 217

2022-11-22 14:57:41 - [TEST_STEP][PASSED] - logInfo($response2): {"result_konsumen":"Reject","result_pasangan":"","Final_result":"Reject","errorMessage":"","status":"Done"}

2022-11-22 14:57:41 - [MESSAGE][INFO] - {"result_konsumen":"Reject","result_pasangan":"","Final_result":"Reject","errorMessage":"","status":"Done"}

2022-11-22 14:57:41 - [TEST_STEP][PASSED] - verifyElementPropertyValue(scoring, "Final_result", final_result): Verify element property value successfully

2022-11-22 14:57:41 - [MESSAGE][PASSED] - Verify element property value successfully]]></system-out>
         <system-err><![CDATA[]]></system-err>
      </testcase>
      <testcase name="Test Cases/Engine_Scoring/Engine Scoring" time="5.594" classname="Test Cases/Engine_Scoring/Engine Scoring" status="PASSED">
         <system-out><![CDATA[2022-11-22 14:57:41 - [TEST_CASE][PASSED] - Test Cases/Engine_Scoring/Engine Scoring: Test Cases/Engine_Scoring/Engine Scoring

2022-11-22 14:57:42 - [TEST_STEP][PASSED] - markPassed("Variasi data ke : " + no): Variasi data ke : 218

2022-11-22 14:57:42 - [MESSAGE][PASSED] - Variasi data ke : 218

2022-11-22 14:57:42 - [TEST_STEP][PASSED] - req_data = sendRequest(findTestObject("Search_ME", ["MID":MID, "source":source, "ip":ip, "userid":userid, "branch":branch, "tipekons":tipekons, "marital":marital, "penjamin":penjamin, ... ])): Send request successfully

2022-11-22 14:57:43 - [MESSAGE][INFO] - HAR: D:\DMS\Engine Scoring\Reports\20221122_143755\Exclude KKB - DS\Scoring Individu - CS\20221122_143756\requests\main\434.har

2022-11-22 14:57:43 - [MESSAGE][PASSED] - Send request successfully

2022-11-22 14:57:43 - [TEST_STEP][PASSED] - slurper = new groovy.json.JsonSlurper(): null

2022-11-22 14:57:43 - [TEST_STEP][PASSED] - result = slurper.parseText(req_data.getResponseBodyContent()): null

2022-11-22 14:57:43 - [TEST_STEP][PASSED] - reqid_kons = requestid1: null

2022-11-22 14:57:43 - [TEST_STEP][PASSED] - reqid_spouse = requestid2: null

2022-11-22 14:57:43 - [TEST_STEP][PASSED] - println("requestid kons : " + reqid_kons): null

2022-11-22 14:57:43 - [TEST_STEP][PASSED] - response_searchME_kons = reqid_kons: null

2022-11-22 14:57:43 - [TEST_STEP][PASSED] - response_searchME_spouse = reqid_spouse: null

2022-11-22 14:57:43 - [TEST_STEP][PASSED] - println("kons req id is :" + response_searchME_kons): null

2022-11-22 14:57:43 - [TEST_STEP][PASSED] - println("spouse req id is : " + response_searchME_spouse): null

2022-11-22 14:57:43 - [TEST_STEP][PASSED] - verifyResponseStatusCode(req_data, 200): Verify response status code successfully

2022-11-22 14:57:43 - [MESSAGE][PASSED] - Verify response status code successfully

2022-11-22 14:57:43 - [TEST_STEP][PASSED] - response = req_data.getResponseText(): null

2022-11-22 14:57:43 - [TEST_STEP][PASSED] - logInfo($response): {"status":"Done","data":{"requestid1":"241758","requestid2":""}}

2022-11-22 14:57:43 - [MESSAGE][INFO] - {"status":"Done","data":{"requestid1":"241758","requestid2":""}}

2022-11-22 14:57:43 - [TEST_STEP][PASSED] - delay(3): Delayed 3 second(s)

2022-11-22 14:57:46 - [MESSAGE][PASSED] - Delayed 3 second(s)

2022-11-22 14:57:46 - [TEST_STEP][PASSED] - scoring = sendRequest(findTestObject("EngineScore", ["response_searchME_kons":response_searchME_kons, "response_searchME_spouse":response_searchME_spouse])): Send request successfully

2022-11-22 14:57:47 - [MESSAGE][INFO] - HAR: D:\DMS\Engine Scoring\Reports\20221122_143755\Exclude KKB - DS\Scoring Individu - CS\20221122_143756\requests\main\435.har

2022-11-22 14:57:47 - [MESSAGE][PASSED] - Send request successfully

2022-11-22 14:57:47 - [TEST_STEP][PASSED] - verifyResponseStatusCode(scoring, 200): Verify response status code successfully

2022-11-22 14:57:47 - [MESSAGE][PASSED] - Verify response status code successfully

2022-11-22 14:57:47 - [TEST_STEP][PASSED] - response2 = scoring.getResponseText(): null

2022-11-22 14:57:47 - [TEST_STEP][PASSED] - markPassed("result service data ke : " + no): result service data ke : 218

2022-11-22 14:57:47 - [MESSAGE][PASSED] - result service data ke : 218

2022-11-22 14:57:47 - [TEST_STEP][PASSED] - logInfo($response2): {"result_konsumen":"Reject","result_pasangan":"","Final_result":"Reject","errorMessage":"","status":"Done"}

2022-11-22 14:57:47 - [MESSAGE][INFO] - {"result_konsumen":"Reject","result_pasangan":"","Final_result":"Reject","errorMessage":"","status":"Done"}

2022-11-22 14:57:47 - [TEST_STEP][PASSED] - verifyElementPropertyValue(scoring, "Final_result", final_result): Verify element property value successfully

2022-11-22 14:57:47 - [MESSAGE][PASSED] - Verify element property value successfully]]></system-out>
         <system-err><![CDATA[]]></system-err>
      </testcase>
      <testcase name="Test Cases/Engine_Scoring/Engine Scoring" time="5.297" classname="Test Cases/Engine_Scoring/Engine Scoring" status="PASSED">
         <system-out><![CDATA[2022-11-22 14:57:47 - [TEST_CASE][PASSED] - Test Cases/Engine_Scoring/Engine Scoring: Test Cases/Engine_Scoring/Engine Scoring

2022-11-22 14:57:48 - [TEST_STEP][PASSED] - markPassed("Variasi data ke : " + no): Variasi data ke : 219

2022-11-22 14:57:48 - [MESSAGE][PASSED] - Variasi data ke : 219

2022-11-22 14:57:48 - [TEST_STEP][PASSED] - req_data = sendRequest(findTestObject("Search_ME", ["MID":MID, "source":source, "ip":ip, "userid":userid, "branch":branch, "tipekons":tipekons, "marital":marital, "penjamin":penjamin, ... ])): Send request successfully

2022-11-22 14:57:49 - [MESSAGE][INFO] - HAR: D:\DMS\Engine Scoring\Reports\20221122_143755\Exclude KKB - DS\Scoring Individu - CS\20221122_143756\requests\main\436.har

2022-11-22 14:57:49 - [MESSAGE][PASSED] - Send request successfully

2022-11-22 14:57:49 - [TEST_STEP][PASSED] - slurper = new groovy.json.JsonSlurper(): null

2022-11-22 14:57:49 - [TEST_STEP][PASSED] - result = slurper.parseText(req_data.getResponseBodyContent()): null

2022-11-22 14:57:49 - [TEST_STEP][PASSED] - reqid_kons = requestid1: null

2022-11-22 14:57:49 - [TEST_STEP][PASSED] - reqid_spouse = requestid2: null

2022-11-22 14:57:49 - [TEST_STEP][PASSED] - println("requestid kons : " + reqid_kons): null

2022-11-22 14:57:49 - [TEST_STEP][PASSED] - response_searchME_kons = reqid_kons: null

2022-11-22 14:57:49 - [TEST_STEP][PASSED] - response_searchME_spouse = reqid_spouse: null

2022-11-22 14:57:49 - [TEST_STEP][PASSED] - println("kons req id is :" + response_searchME_kons): null

2022-11-22 14:57:49 - [TEST_STEP][PASSED] - println("spouse req id is : " + response_searchME_spouse): null

2022-11-22 14:57:49 - [TEST_STEP][PASSED] - verifyResponseStatusCode(req_data, 200): Verify response status code successfully

2022-11-22 14:57:49 - [MESSAGE][PASSED] - Verify response status code successfully

2022-11-22 14:57:49 - [TEST_STEP][PASSED] - response = req_data.getResponseText(): null

2022-11-22 14:57:49 - [TEST_STEP][PASSED] - logInfo($response): {"status":"Done","data":{"requestid1":"241759","requestid2":""}}

2022-11-22 14:57:49 - [MESSAGE][INFO] - {"status":"Done","data":{"requestid1":"241759","requestid2":""}}

2022-11-22 14:57:49 - [TEST_STEP][PASSED] - delay(3): Delayed 3 second(s)

2022-11-22 14:57:52 - [MESSAGE][PASSED] - Delayed 3 second(s)

2022-11-22 14:57:52 - [TEST_STEP][PASSED] - scoring = sendRequest(findTestObject("EngineScore", ["response_searchME_kons":response_searchME_kons, "response_searchME_spouse":response_searchME_spouse])): Send request successfully

2022-11-22 14:57:52 - [MESSAGE][INFO] - HAR: D:\DMS\Engine Scoring\Reports\20221122_143755\Exclude KKB - DS\Scoring Individu - CS\20221122_143756\requests\main\437.har

2022-11-22 14:57:52 - [MESSAGE][PASSED] - Send request successfully

2022-11-22 14:57:52 - [TEST_STEP][PASSED] - verifyResponseStatusCode(scoring, 200): Verify response status code successfully

2022-11-22 14:57:52 - [MESSAGE][PASSED] - Verify response status code successfully

2022-11-22 14:57:52 - [TEST_STEP][PASSED] - response2 = scoring.getResponseText(): null

2022-11-22 14:57:52 - [TEST_STEP][PASSED] - markPassed("result service data ke : " + no): result service data ke : 219

2022-11-22 14:57:52 - [MESSAGE][PASSED] - result service data ke : 219

2022-11-22 14:57:52 - [TEST_STEP][PASSED] - logInfo($response2): {"result_konsumen":"Reject","result_pasangan":"","Final_result":"Reject","errorMessage":"","status":"Done"}

2022-11-22 14:57:52 - [MESSAGE][INFO] - {"result_konsumen":"Reject","result_pasangan":"","Final_result":"Reject","errorMessage":"","status":"Done"}

2022-11-22 14:57:52 - [TEST_STEP][PASSED] - verifyElementPropertyValue(scoring, "Final_result", final_result): Verify element property value successfully

2022-11-22 14:57:52 - [MESSAGE][PASSED] - Verify element property value successfully]]></system-out>
         <system-err><![CDATA[]]></system-err>
      </testcase>
      <testcase name="Test Cases/Engine_Scoring/Engine Scoring" time="5.504" classname="Test Cases/Engine_Scoring/Engine Scoring" status="PASSED">
         <system-out><![CDATA[2022-11-22 14:57:52 - [TEST_CASE][PASSED] - Test Cases/Engine_Scoring/Engine Scoring: Test Cases/Engine_Scoring/Engine Scoring

2022-11-22 14:57:53 - [TEST_STEP][PASSED] - markPassed("Variasi data ke : " + no): Variasi data ke : 220

2022-11-22 14:57:53 - [MESSAGE][PASSED] - Variasi data ke : 220

2022-11-22 14:57:53 - [TEST_STEP][PASSED] - req_data = sendRequest(findTestObject("Search_ME", ["MID":MID, "source":source, "ip":ip, "userid":userid, "branch":branch, "tipekons":tipekons, "marital":marital, "penjamin":penjamin, ... ])): Send request successfully

2022-11-22 14:57:54 - [MESSAGE][INFO] - HAR: D:\DMS\Engine Scoring\Reports\20221122_143755\Exclude KKB - DS\Scoring Individu - CS\20221122_143756\requests\main\438.har

2022-11-22 14:57:54 - [MESSAGE][PASSED] - Send request successfully

2022-11-22 14:57:54 - [TEST_STEP][PASSED] - slurper = new groovy.json.JsonSlurper(): null

2022-11-22 14:57:54 - [TEST_STEP][PASSED] - result = slurper.parseText(req_data.getResponseBodyContent()): null

2022-11-22 14:57:54 - [TEST_STEP][PASSED] - reqid_kons = requestid1: null

2022-11-22 14:57:54 - [TEST_STEP][PASSED] - reqid_spouse = requestid2: null

2022-11-22 14:57:54 - [TEST_STEP][PASSED] - println("requestid kons : " + reqid_kons): null

2022-11-22 14:57:54 - [TEST_STEP][PASSED] - response_searchME_kons = reqid_kons: null

2022-11-22 14:57:54 - [TEST_STEP][PASSED] - response_searchME_spouse = reqid_spouse: null

2022-11-22 14:57:54 - [TEST_STEP][PASSED] - println("kons req id is :" + response_searchME_kons): null

2022-11-22 14:57:54 - [TEST_STEP][PASSED] - println("spouse req id is : " + response_searchME_spouse): null

2022-11-22 14:57:54 - [TEST_STEP][PASSED] - verifyResponseStatusCode(req_data, 200): Verify response status code successfully

2022-11-22 14:57:54 - [MESSAGE][PASSED] - Verify response status code successfully

2022-11-22 14:57:54 - [TEST_STEP][PASSED] - response = req_data.getResponseText(): null

2022-11-22 14:57:54 - [TEST_STEP][PASSED] - logInfo($response): {"status":"Done","data":{"requestid1":"241760","requestid2":""}}

2022-11-22 14:57:54 - [MESSAGE][INFO] - {"status":"Done","data":{"requestid1":"241760","requestid2":""}}

2022-11-22 14:57:54 - [TEST_STEP][PASSED] - delay(3): Delayed 3 second(s)

2022-11-22 14:57:57 - [MESSAGE][PASSED] - Delayed 3 second(s)

2022-11-22 14:57:57 - [TEST_STEP][PASSED] - scoring = sendRequest(findTestObject("EngineScore", ["response_searchME_kons":response_searchME_kons, "response_searchME_spouse":response_searchME_spouse])): Send request successfully

2022-11-22 14:57:57 - [MESSAGE][INFO] - HAR: D:\DMS\Engine Scoring\Reports\20221122_143755\Exclude KKB - DS\Scoring Individu - CS\20221122_143756\requests\main\439.har

2022-11-22 14:57:57 - [MESSAGE][PASSED] - Send request successfully

2022-11-22 14:57:57 - [TEST_STEP][PASSED] - verifyResponseStatusCode(scoring, 200): Verify response status code successfully

2022-11-22 14:57:57 - [MESSAGE][PASSED] - Verify response status code successfully

2022-11-22 14:57:57 - [TEST_STEP][PASSED] - response2 = scoring.getResponseText(): null

2022-11-22 14:57:57 - [TEST_STEP][PASSED] - markPassed("result service data ke : " + no): result service data ke : 220

2022-11-22 14:57:57 - [MESSAGE][PASSED] - result service data ke : 220

2022-11-22 14:57:57 - [TEST_STEP][PASSED] - logInfo($response2): {"result_konsumen":"Reject","result_pasangan":"","Final_result":"Reject","errorMessage":"","status":"Done"}

2022-11-22 14:57:57 - [MESSAGE][INFO] - {"result_konsumen":"Reject","result_pasangan":"","Final_result":"Reject","errorMessage":"","status":"Done"}

2022-11-22 14:57:57 - [TEST_STEP][PASSED] - verifyElementPropertyValue(scoring, "Final_result", final_result): Verify element property value successfully

2022-11-22 14:57:58 - [MESSAGE][PASSED] - Verify element property value successfully]]></system-out>
         <system-err><![CDATA[]]></system-err>
      </testcase>
      <testcase name="Test Cases/Engine_Scoring/Engine Scoring" time="5.415" classname="Test Cases/Engine_Scoring/Engine Scoring" status="PASSED">
         <system-out><![CDATA[2022-11-22 14:57:58 - [TEST_CASE][PASSED] - Test Cases/Engine_Scoring/Engine Scoring: Test Cases/Engine_Scoring/Engine Scoring

2022-11-22 14:57:59 - [TEST_STEP][PASSED] - markPassed("Variasi data ke : " + no): Variasi data ke : 221

2022-11-22 14:57:59 - [MESSAGE][PASSED] - Variasi data ke : 221

2022-11-22 14:57:59 - [TEST_STEP][PASSED] - req_data = sendRequest(findTestObject("Search_ME", ["MID":MID, "source":source, "ip":ip, "userid":userid, "branch":branch, "tipekons":tipekons, "marital":marital, "penjamin":penjamin, ... ])): Send request successfully

2022-11-22 14:58:00 - [MESSAGE][INFO] - HAR: D:\DMS\Engine Scoring\Reports\20221122_143755\Exclude KKB - DS\Scoring Individu - CS\20221122_143756\requests\main\440.har

2022-11-22 14:58:00 - [MESSAGE][PASSED] - Send request successfully

2022-11-22 14:58:00 - [TEST_STEP][PASSED] - slurper = new groovy.json.JsonSlurper(): null

2022-11-22 14:58:00 - [TEST_STEP][PASSED] - result = slurper.parseText(req_data.getResponseBodyContent()): null

2022-11-22 14:58:00 - [TEST_STEP][PASSED] - reqid_kons = requestid1: null

2022-11-22 14:58:00 - [TEST_STEP][PASSED] - reqid_spouse = requestid2: null

2022-11-22 14:58:00 - [TEST_STEP][PASSED] - println("requestid kons : " + reqid_kons): null

2022-11-22 14:58:00 - [TEST_STEP][PASSED] - response_searchME_kons = reqid_kons: null

2022-11-22 14:58:00 - [TEST_STEP][PASSED] - response_searchME_spouse = reqid_spouse: null

2022-11-22 14:58:00 - [TEST_STEP][PASSED] - println("kons req id is :" + response_searchME_kons): null

2022-11-22 14:58:00 - [TEST_STEP][PASSED] - println("spouse req id is : " + response_searchME_spouse): null

2022-11-22 14:58:00 - [TEST_STEP][PASSED] - verifyResponseStatusCode(req_data, 200): Verify response status code successfully

2022-11-22 14:58:00 - [MESSAGE][PASSED] - Verify response status code successfully

2022-11-22 14:58:00 - [TEST_STEP][PASSED] - response = req_data.getResponseText(): null

2022-11-22 14:58:00 - [TEST_STEP][PASSED] - logInfo($response): {"status":"Done","data":{"requestid1":"241761","requestid2":""}}

2022-11-22 14:58:00 - [MESSAGE][INFO] - {"status":"Done","data":{"requestid1":"241761","requestid2":""}}

2022-11-22 14:58:00 - [TEST_STEP][PASSED] - delay(3): Delayed 3 second(s)

2022-11-22 14:58:03 - [MESSAGE][PASSED] - Delayed 3 second(s)

2022-11-22 14:58:03 - [TEST_STEP][PASSED] - scoring = sendRequest(findTestObject("EngineScore", ["response_searchME_kons":response_searchME_kons, "response_searchME_spouse":response_searchME_spouse])): Send request successfully

2022-11-22 14:58:03 - [MESSAGE][INFO] - HAR: D:\DMS\Engine Scoring\Reports\20221122_143755\Exclude KKB - DS\Scoring Individu - CS\20221122_143756\requests\main\441.har

2022-11-22 14:58:03 - [MESSAGE][PASSED] - Send request successfully

2022-11-22 14:58:03 - [TEST_STEP][PASSED] - verifyResponseStatusCode(scoring, 200): Verify response status code successfully

2022-11-22 14:58:03 - [MESSAGE][PASSED] - Verify response status code successfully

2022-11-22 14:58:03 - [TEST_STEP][PASSED] - response2 = scoring.getResponseText(): null

2022-11-22 14:58:03 - [TEST_STEP][PASSED] - markPassed("result service data ke : " + no): result service data ke : 221

2022-11-22 14:58:03 - [MESSAGE][PASSED] - result service data ke : 221

2022-11-22 14:58:03 - [TEST_STEP][PASSED] - logInfo($response2): {"result_konsumen":"Reject","result_pasangan":"","Final_result":"Reject","errorMessage":"","status":"Done"}

2022-11-22 14:58:03 - [MESSAGE][INFO] - {"result_konsumen":"Reject","result_pasangan":"","Final_result":"Reject","errorMessage":"","status":"Done"}

2022-11-22 14:58:03 - [TEST_STEP][PASSED] - verifyElementPropertyValue(scoring, "Final_result", final_result): Verify element property value successfully

2022-11-22 14:58:03 - [MESSAGE][PASSED] - Verify element property value successfully]]></system-out>
         <system-err><![CDATA[]]></system-err>
      </testcase>
      <testcase name="Test Cases/Engine_Scoring/Engine Scoring" time="5.612" classname="Test Cases/Engine_Scoring/Engine Scoring" status="PASSED">
         <system-out><![CDATA[2022-11-22 14:58:03 - [TEST_CASE][PASSED] - Test Cases/Engine_Scoring/Engine Scoring: Test Cases/Engine_Scoring/Engine Scoring

2022-11-22 14:58:04 - [TEST_STEP][PASSED] - markPassed("Variasi data ke : " + no): Variasi data ke : 222

2022-11-22 14:58:04 - [MESSAGE][PASSED] - Variasi data ke : 222

2022-11-22 14:58:04 - [TEST_STEP][PASSED] - req_data = sendRequest(findTestObject("Search_ME", ["MID":MID, "source":source, "ip":ip, "userid":userid, "branch":branch, "tipekons":tipekons, "marital":marital, "penjamin":penjamin, ... ])): Send request successfully

2022-11-22 14:58:05 - [MESSAGE][INFO] - HAR: D:\DMS\Engine Scoring\Reports\20221122_143755\Exclude KKB - DS\Scoring Individu - CS\20221122_143756\requests\main\442.har

2022-11-22 14:58:05 - [MESSAGE][PASSED] - Send request successfully

2022-11-22 14:58:05 - [TEST_STEP][PASSED] - slurper = new groovy.json.JsonSlurper(): null

2022-11-22 14:58:05 - [TEST_STEP][PASSED] - result = slurper.parseText(req_data.getResponseBodyContent()): null

2022-11-22 14:58:05 - [TEST_STEP][PASSED] - reqid_kons = requestid1: null

2022-11-22 14:58:05 - [TEST_STEP][PASSED] - reqid_spouse = requestid2: null

2022-11-22 14:58:05 - [TEST_STEP][PASSED] - println("requestid kons : " + reqid_kons): null

2022-11-22 14:58:05 - [TEST_STEP][PASSED] - response_searchME_kons = reqid_kons: null

2022-11-22 14:58:05 - [TEST_STEP][PASSED] - response_searchME_spouse = reqid_spouse: null

2022-11-22 14:58:05 - [TEST_STEP][PASSED] - println("kons req id is :" + response_searchME_kons): null

2022-11-22 14:58:05 - [TEST_STEP][PASSED] - println("spouse req id is : " + response_searchME_spouse): null

2022-11-22 14:58:05 - [TEST_STEP][PASSED] - verifyResponseStatusCode(req_data, 200): Verify response status code successfully

2022-11-22 14:58:05 - [MESSAGE][PASSED] - Verify response status code successfully

2022-11-22 14:58:05 - [TEST_STEP][PASSED] - response = req_data.getResponseText(): null

2022-11-22 14:58:05 - [TEST_STEP][PASSED] - logInfo($response): {"status":"Done","data":{"requestid1":"241762","requestid2":""}}

2022-11-22 14:58:05 - [MESSAGE][INFO] - {"status":"Done","data":{"requestid1":"241762","requestid2":""}}

2022-11-22 14:58:05 - [TEST_STEP][PASSED] - delay(3): Delayed 3 second(s)

2022-11-22 14:58:08 - [MESSAGE][PASSED] - Delayed 3 second(s)

2022-11-22 14:58:08 - [TEST_STEP][PASSED] - scoring = sendRequest(findTestObject("EngineScore", ["response_searchME_kons":response_searchME_kons, "response_searchME_spouse":response_searchME_spouse])): Send request successfully

2022-11-22 14:58:09 - [MESSAGE][INFO] - HAR: D:\DMS\Engine Scoring\Reports\20221122_143755\Exclude KKB - DS\Scoring Individu - CS\20221122_143756\requests\main\443.har

2022-11-22 14:58:09 - [MESSAGE][PASSED] - Send request successfully

2022-11-22 14:58:09 - [TEST_STEP][PASSED] - verifyResponseStatusCode(scoring, 200): Verify response status code successfully

2022-11-22 14:58:09 - [MESSAGE][PASSED] - Verify response status code successfully

2022-11-22 14:58:09 - [TEST_STEP][PASSED] - response2 = scoring.getResponseText(): null

2022-11-22 14:58:09 - [TEST_STEP][PASSED] - markPassed("result service data ke : " + no): result service data ke : 222

2022-11-22 14:58:09 - [MESSAGE][PASSED] - result service data ke : 222

2022-11-22 14:58:09 - [TEST_STEP][PASSED] - logInfo($response2): {"result_konsumen":"Reject","result_pasangan":"","Final_result":"Reject","errorMessage":"","status":"Done"}

2022-11-22 14:58:09 - [MESSAGE][INFO] - {"result_konsumen":"Reject","result_pasangan":"","Final_result":"Reject","errorMessage":"","status":"Done"}

2022-11-22 14:58:09 - [TEST_STEP][PASSED] - verifyElementPropertyValue(scoring, "Final_result", final_result): Verify element property value successfully

2022-11-22 14:58:09 - [MESSAGE][PASSED] - Verify element property value successfully]]></system-out>
         <system-err><![CDATA[]]></system-err>
      </testcase>
      <testcase name="Test Cases/Engine_Scoring/Engine Scoring" time="7.186" classname="Test Cases/Engine_Scoring/Engine Scoring" status="PASSED">
         <system-out><![CDATA[2022-11-22 14:58:09 - [TEST_CASE][PASSED] - Test Cases/Engine_Scoring/Engine Scoring: Test Cases/Engine_Scoring/Engine Scoring

2022-11-22 14:58:10 - [TEST_STEP][PASSED] - markPassed("Variasi data ke : " + no): Variasi data ke : 223

2022-11-22 14:58:10 - [MESSAGE][PASSED] - Variasi data ke : 223

2022-11-22 14:58:10 - [TEST_STEP][PASSED] - req_data = sendRequest(findTestObject("Search_ME", ["MID":MID, "source":source, "ip":ip, "userid":userid, "branch":branch, "tipekons":tipekons, "marital":marital, "penjamin":penjamin, ... ])): Send request successfully

2022-11-22 14:58:13 - [MESSAGE][INFO] - HAR: D:\DMS\Engine Scoring\Reports\20221122_143755\Exclude KKB - DS\Scoring Individu - CS\20221122_143756\requests\main\444.har

2022-11-22 14:58:13 - [MESSAGE][PASSED] - Send request successfully

2022-11-22 14:58:13 - [TEST_STEP][PASSED] - slurper = new groovy.json.JsonSlurper(): null

2022-11-22 14:58:13 - [TEST_STEP][PASSED] - result = slurper.parseText(req_data.getResponseBodyContent()): null

2022-11-22 14:58:13 - [TEST_STEP][PASSED] - reqid_kons = requestid1: null

2022-11-22 14:58:13 - [TEST_STEP][PASSED] - reqid_spouse = requestid2: null

2022-11-22 14:58:13 - [TEST_STEP][PASSED] - println("requestid kons : " + reqid_kons): null

2022-11-22 14:58:13 - [TEST_STEP][PASSED] - response_searchME_kons = reqid_kons: null

2022-11-22 14:58:13 - [TEST_STEP][PASSED] - response_searchME_spouse = reqid_spouse: null

2022-11-22 14:58:13 - [TEST_STEP][PASSED] - println("kons req id is :" + response_searchME_kons): null

2022-11-22 14:58:13 - [TEST_STEP][PASSED] - println("spouse req id is : " + response_searchME_spouse): null

2022-11-22 14:58:13 - [TEST_STEP][PASSED] - verifyResponseStatusCode(req_data, 200): Verify response status code successfully

2022-11-22 14:58:13 - [MESSAGE][PASSED] - Verify response status code successfully

2022-11-22 14:58:13 - [TEST_STEP][PASSED] - response = req_data.getResponseText(): null

2022-11-22 14:58:13 - [TEST_STEP][PASSED] - logInfo($response): {"status":"Done","data":{"requestid1":"241763","requestid2":""}}

2022-11-22 14:58:13 - [MESSAGE][INFO] - {"status":"Done","data":{"requestid1":"241763","requestid2":""}}

2022-11-22 14:58:13 - [TEST_STEP][PASSED] - delay(3): Delayed 3 second(s)

2022-11-22 14:58:16 - [MESSAGE][PASSED] - Delayed 3 second(s)

2022-11-22 14:58:16 - [TEST_STEP][PASSED] - scoring = sendRequest(findTestObject("EngineScore", ["response_searchME_kons":response_searchME_kons, "response_searchME_spouse":response_searchME_spouse])): Send request successfully

2022-11-22 14:58:16 - [MESSAGE][INFO] - HAR: D:\DMS\Engine Scoring\Reports\20221122_143755\Exclude KKB - DS\Scoring Individu - CS\20221122_143756\requests\main\445.har

2022-11-22 14:58:16 - [MESSAGE][PASSED] - Send request successfully

2022-11-22 14:58:16 - [TEST_STEP][PASSED] - verifyResponseStatusCode(scoring, 200): Verify response status code successfully

2022-11-22 14:58:16 - [MESSAGE][PASSED] - Verify response status code successfully

2022-11-22 14:58:16 - [TEST_STEP][PASSED] - response2 = scoring.getResponseText(): null

2022-11-22 14:58:16 - [TEST_STEP][PASSED] - markPassed("result service data ke : " + no): result service data ke : 223

2022-11-22 14:58:16 - [MESSAGE][PASSED] - result service data ke : 223

2022-11-22 14:58:16 - [TEST_STEP][PASSED] - logInfo($response2): {"result_konsumen":"Reject","result_pasangan":"","Final_result":"Reject","errorMessage":"","status":"Done"}

2022-11-22 14:58:16 - [MESSAGE][INFO] - {"result_konsumen":"Reject","result_pasangan":"","Final_result":"Reject","errorMessage":"","status":"Done"}

2022-11-22 14:58:16 - [TEST_STEP][PASSED] - verifyElementPropertyValue(scoring, "Final_result", final_result): Verify element property value successfully

2022-11-22 14:58:16 - [MESSAGE][PASSED] - Verify element property value successfully]]></system-out>
         <system-err><![CDATA[]]></system-err>
      </testcase>
      <testcase name="Test Cases/Engine_Scoring/Engine Scoring" time="6.108" classname="Test Cases/Engine_Scoring/Engine Scoring" status="PASSED">
         <system-out><![CDATA[2022-11-22 14:58:16 - [TEST_CASE][PASSED] - Test Cases/Engine_Scoring/Engine Scoring: Test Cases/Engine_Scoring/Engine Scoring

2022-11-22 14:58:18 - [TEST_STEP][PASSED] - markPassed("Variasi data ke : " + no): Variasi data ke : 224

2022-11-22 14:58:18 - [MESSAGE][PASSED] - Variasi data ke : 224

2022-11-22 14:58:18 - [TEST_STEP][PASSED] - req_data = sendRequest(findTestObject("Search_ME", ["MID":MID, "source":source, "ip":ip, "userid":userid, "branch":branch, "tipekons":tipekons, "marital":marital, "penjamin":penjamin, ... ])): Send request successfully

2022-11-22 14:58:19 - [MESSAGE][INFO] - HAR: D:\DMS\Engine Scoring\Reports\20221122_143755\Exclude KKB - DS\Scoring Individu - CS\20221122_143756\requests\main\446.har

2022-11-22 14:58:19 - [MESSAGE][PASSED] - Send request successfully

2022-11-22 14:58:19 - [TEST_STEP][PASSED] - slurper = new groovy.json.JsonSlurper(): null

2022-11-22 14:58:19 - [TEST_STEP][PASSED] - result = slurper.parseText(req_data.getResponseBodyContent()): null

2022-11-22 14:58:19 - [TEST_STEP][PASSED] - reqid_kons = requestid1: null

2022-11-22 14:58:19 - [TEST_STEP][PASSED] - reqid_spouse = requestid2: null

2022-11-22 14:58:19 - [TEST_STEP][PASSED] - println("requestid kons : " + reqid_kons): null

2022-11-22 14:58:19 - [TEST_STEP][PASSED] - response_searchME_kons = reqid_kons: null

2022-11-22 14:58:19 - [TEST_STEP][PASSED] - response_searchME_spouse = reqid_spouse: null

2022-11-22 14:58:19 - [TEST_STEP][PASSED] - println("kons req id is :" + response_searchME_kons): null

2022-11-22 14:58:19 - [TEST_STEP][PASSED] - println("spouse req id is : " + response_searchME_spouse): null

2022-11-22 14:58:19 - [TEST_STEP][PASSED] - verifyResponseStatusCode(req_data, 200): Verify response status code successfully

2022-11-22 14:58:19 - [MESSAGE][PASSED] - Verify response status code successfully

2022-11-22 14:58:19 - [TEST_STEP][PASSED] - response = req_data.getResponseText(): null

2022-11-22 14:58:19 - [TEST_STEP][PASSED] - logInfo($response): {"status":"Done","data":{"requestid1":"241764","requestid2":""}}

2022-11-22 14:58:19 - [MESSAGE][INFO] - {"status":"Done","data":{"requestid1":"241764","requestid2":""}}

2022-11-22 14:58:19 - [TEST_STEP][PASSED] - delay(3): Delayed 3 second(s)

2022-11-22 14:58:22 - [MESSAGE][PASSED] - Delayed 3 second(s)

2022-11-22 14:58:22 - [TEST_STEP][PASSED] - scoring = sendRequest(findTestObject("EngineScore", ["response_searchME_kons":response_searchME_kons, "response_searchME_spouse":response_searchME_spouse])): Send request successfully

2022-11-22 14:58:22 - [MESSAGE][INFO] - HAR: D:\DMS\Engine Scoring\Reports\20221122_143755\Exclude KKB - DS\Scoring Individu - CS\20221122_143756\requests\main\447.har

2022-11-22 14:58:22 - [MESSAGE][PASSED] - Send request successfully

2022-11-22 14:58:22 - [TEST_STEP][PASSED] - verifyResponseStatusCode(scoring, 200): Verify response status code successfully

2022-11-22 14:58:22 - [MESSAGE][PASSED] - Verify response status code successfully

2022-11-22 14:58:22 - [TEST_STEP][PASSED] - response2 = scoring.getResponseText(): null

2022-11-22 14:58:22 - [TEST_STEP][PASSED] - markPassed("result service data ke : " + no): result service data ke : 224

2022-11-22 14:58:22 - [MESSAGE][PASSED] - result service data ke : 224

2022-11-22 14:58:22 - [TEST_STEP][PASSED] - logInfo($response2): {"result_konsumen":"Reject","result_pasangan":"","Final_result":"Reject","errorMessage":"","status":"Done"}

2022-11-22 14:58:22 - [MESSAGE][INFO] - {"result_konsumen":"Reject","result_pasangan":"","Final_result":"Reject","errorMessage":"","status":"Done"}

2022-11-22 14:58:22 - [TEST_STEP][PASSED] - verifyElementPropertyValue(scoring, "Final_result", final_result): Verify element property value successfully

2022-11-22 14:58:22 - [MESSAGE][PASSED] - Verify element property value successfully]]></system-out>
         <system-err><![CDATA[]]></system-err>
      </testcase>
      <testcase name="Test Cases/Engine_Scoring/Engine Scoring" time="5.242" classname="Test Cases/Engine_Scoring/Engine Scoring" status="PASSED">
         <system-out><![CDATA[2022-11-22 14:58:22 - [TEST_CASE][PASSED] - Test Cases/Engine_Scoring/Engine Scoring: Test Cases/Engine_Scoring/Engine Scoring

2022-11-22 14:58:23 - [TEST_STEP][PASSED] - markPassed("Variasi data ke : " + no): Variasi data ke : 225

2022-11-22 14:58:23 - [MESSAGE][PASSED] - Variasi data ke : 225

2022-11-22 14:58:23 - [TEST_STEP][PASSED] - req_data = sendRequest(findTestObject("Search_ME", ["MID":MID, "source":source, "ip":ip, "userid":userid, "branch":branch, "tipekons":tipekons, "marital":marital, "penjamin":penjamin, ... ])): Send request successfully

2022-11-22 14:58:24 - [MESSAGE][INFO] - HAR: D:\DMS\Engine Scoring\Reports\20221122_143755\Exclude KKB - DS\Scoring Individu - CS\20221122_143756\requests\main\448.har

2022-11-22 14:58:24 - [MESSAGE][PASSED] - Send request successfully

2022-11-22 14:58:24 - [TEST_STEP][PASSED] - slurper = new groovy.json.JsonSlurper(): null

2022-11-22 14:58:24 - [TEST_STEP][PASSED] - result = slurper.parseText(req_data.getResponseBodyContent()): null

2022-11-22 14:58:24 - [TEST_STEP][PASSED] - reqid_kons = requestid1: null

2022-11-22 14:58:24 - [TEST_STEP][PASSED] - reqid_spouse = requestid2: null

2022-11-22 14:58:24 - [TEST_STEP][PASSED] - println("requestid kons : " + reqid_kons): null

2022-11-22 14:58:24 - [TEST_STEP][PASSED] - response_searchME_kons = reqid_kons: null

2022-11-22 14:58:24 - [TEST_STEP][PASSED] - response_searchME_spouse = reqid_spouse: null

2022-11-22 14:58:24 - [TEST_STEP][PASSED] - println("kons req id is :" + response_searchME_kons): null

2022-11-22 14:58:24 - [TEST_STEP][PASSED] - println("spouse req id is : " + response_searchME_spouse): null

2022-11-22 14:58:24 - [TEST_STEP][PASSED] - verifyResponseStatusCode(req_data, 200): Verify response status code successfully

2022-11-22 14:58:24 - [MESSAGE][PASSED] - Verify response status code successfully

2022-11-22 14:58:24 - [TEST_STEP][PASSED] - response = req_data.getResponseText(): null

2022-11-22 14:58:24 - [TEST_STEP][PASSED] - logInfo($response): {"status":"Done","data":{"requestid1":"241765","requestid2":""}}

2022-11-22 14:58:24 - [MESSAGE][INFO] - {"status":"Done","data":{"requestid1":"241765","requestid2":""}}

2022-11-22 14:58:24 - [TEST_STEP][PASSED] - delay(3): Delayed 3 second(s)

2022-11-22 14:58:27 - [MESSAGE][PASSED] - Delayed 3 second(s)

2022-11-22 14:58:27 - [TEST_STEP][PASSED] - scoring = sendRequest(findTestObject("EngineScore", ["response_searchME_kons":response_searchME_kons, "response_searchME_spouse":response_searchME_spouse])): Send request successfully

2022-11-22 14:58:27 - [MESSAGE][INFO] - HAR: D:\DMS\Engine Scoring\Reports\20221122_143755\Exclude KKB - DS\Scoring Individu - CS\20221122_143756\requests\main\449.har

2022-11-22 14:58:27 - [MESSAGE][PASSED] - Send request successfully

2022-11-22 14:58:27 - [TEST_STEP][PASSED] - verifyResponseStatusCode(scoring, 200): Verify response status code successfully

2022-11-22 14:58:27 - [MESSAGE][PASSED] - Verify response status code successfully

2022-11-22 14:58:27 - [TEST_STEP][PASSED] - response2 = scoring.getResponseText(): null

2022-11-22 14:58:27 - [TEST_STEP][PASSED] - markPassed("result service data ke : " + no): result service data ke : 225

2022-11-22 14:58:27 - [MESSAGE][PASSED] - result service data ke : 225

2022-11-22 14:58:27 - [TEST_STEP][PASSED] - logInfo($response2): {"result_konsumen":"Reject","result_pasangan":"","Final_result":"Reject","errorMessage":"","status":"Done"}

2022-11-22 14:58:27 - [MESSAGE][INFO] - {"result_konsumen":"Reject","result_pasangan":"","Final_result":"Reject","errorMessage":"","status":"Done"}

2022-11-22 14:58:27 - [TEST_STEP][PASSED] - verifyElementPropertyValue(scoring, "Final_result", final_result): Verify element property value successfully

2022-11-22 14:58:27 - [MESSAGE][PASSED] - Verify element property value successfully]]></system-out>
         <system-err><![CDATA[]]></system-err>
      </testcase>
      <testcase name="Test Cases/Engine_Scoring/Engine Scoring" time="5.404" classname="Test Cases/Engine_Scoring/Engine Scoring" status="PASSED">
         <system-out><![CDATA[2022-11-22 14:58:27 - [TEST_CASE][PASSED] - Test Cases/Engine_Scoring/Engine Scoring: Test Cases/Engine_Scoring/Engine Scoring

2022-11-22 14:58:29 - [TEST_STEP][PASSED] - markPassed("Variasi data ke : " + no): Variasi data ke : 226

2022-11-22 14:58:29 - [MESSAGE][PASSED] - Variasi data ke : 226

2022-11-22 14:58:29 - [TEST_STEP][PASSED] - req_data = sendRequest(findTestObject("Search_ME", ["MID":MID, "source":source, "ip":ip, "userid":userid, "branch":branch, "tipekons":tipekons, "marital":marital, "penjamin":penjamin, ... ])): Send request successfully

2022-11-22 14:58:30 - [MESSAGE][INFO] - HAR: D:\DMS\Engine Scoring\Reports\20221122_143755\Exclude KKB - DS\Scoring Individu - CS\20221122_143756\requests\main\450.har

2022-11-22 14:58:30 - [MESSAGE][PASSED] - Send request successfully

2022-11-22 14:58:30 - [TEST_STEP][PASSED] - slurper = new groovy.json.JsonSlurper(): null

2022-11-22 14:58:30 - [TEST_STEP][PASSED] - result = slurper.parseText(req_data.getResponseBodyContent()): null

2022-11-22 14:58:30 - [TEST_STEP][PASSED] - reqid_kons = requestid1: null

2022-11-22 14:58:30 - [TEST_STEP][PASSED] - reqid_spouse = requestid2: null

2022-11-22 14:58:30 - [TEST_STEP][PASSED] - println("requestid kons : " + reqid_kons): null

2022-11-22 14:58:30 - [TEST_STEP][PASSED] - response_searchME_kons = reqid_kons: null

2022-11-22 14:58:30 - [TEST_STEP][PASSED] - response_searchME_spouse = reqid_spouse: null

2022-11-22 14:58:30 - [TEST_STEP][PASSED] - println("kons req id is :" + response_searchME_kons): null

2022-11-22 14:58:30 - [TEST_STEP][PASSED] - println("spouse req id is : " + response_searchME_spouse): null

2022-11-22 14:58:30 - [TEST_STEP][PASSED] - verifyResponseStatusCode(req_data, 200): Verify response status code successfully

2022-11-22 14:58:30 - [MESSAGE][PASSED] - Verify response status code successfully

2022-11-22 14:58:30 - [TEST_STEP][PASSED] - response = req_data.getResponseText(): null

2022-11-22 14:58:30 - [TEST_STEP][PASSED] - logInfo($response): {"status":"Done","data":{"requestid1":"241766","requestid2":""}}

2022-11-22 14:58:30 - [MESSAGE][INFO] - {"status":"Done","data":{"requestid1":"241766","requestid2":""}}

2022-11-22 14:58:30 - [TEST_STEP][PASSED] - delay(3): Delayed 3 second(s)

2022-11-22 14:58:33 - [MESSAGE][PASSED] - Delayed 3 second(s)

2022-11-22 14:58:33 - [TEST_STEP][PASSED] - scoring = sendRequest(findTestObject("EngineScore", ["response_searchME_kons":response_searchME_kons, "response_searchME_spouse":response_searchME_spouse])): Send request successfully

2022-11-22 14:58:33 - [MESSAGE][INFO] - HAR: D:\DMS\Engine Scoring\Reports\20221122_143755\Exclude KKB - DS\Scoring Individu - CS\20221122_143756\requests\main\451.har

2022-11-22 14:58:33 - [MESSAGE][PASSED] - Send request successfully

2022-11-22 14:58:33 - [TEST_STEP][PASSED] - verifyResponseStatusCode(scoring, 200): Verify response status code successfully

2022-11-22 14:58:33 - [MESSAGE][PASSED] - Verify response status code successfully

2022-11-22 14:58:33 - [TEST_STEP][PASSED] - response2 = scoring.getResponseText(): null

2022-11-22 14:58:33 - [TEST_STEP][PASSED] - markPassed("result service data ke : " + no): result service data ke : 226

2022-11-22 14:58:33 - [MESSAGE][PASSED] - result service data ke : 226

2022-11-22 14:58:33 - [TEST_STEP][PASSED] - logInfo($response2): {"result_konsumen":"Reject","result_pasangan":"","Final_result":"Reject","errorMessage":"","status":"Done"}

2022-11-22 14:58:33 - [MESSAGE][INFO] - {"result_konsumen":"Reject","result_pasangan":"","Final_result":"Reject","errorMessage":"","status":"Done"}

2022-11-22 14:58:33 - [TEST_STEP][PASSED] - verifyElementPropertyValue(scoring, "Final_result", final_result): Verify element property value successfully

2022-11-22 14:58:33 - [MESSAGE][PASSED] - Verify element property value successfully]]></system-out>
         <system-err><![CDATA[]]></system-err>
      </testcase>
      <testcase name="Test Cases/Engine_Scoring/Engine Scoring" time="5.267" classname="Test Cases/Engine_Scoring/Engine Scoring" status="PASSED">
         <system-out><![CDATA[2022-11-22 14:58:33 - [TEST_CASE][PASSED] - Test Cases/Engine_Scoring/Engine Scoring: Test Cases/Engine_Scoring/Engine Scoring

2022-11-22 14:58:34 - [TEST_STEP][PASSED] - markPassed("Variasi data ke : " + no): Variasi data ke : 227

2022-11-22 14:58:34 - [MESSAGE][PASSED] - Variasi data ke : 227

2022-11-22 14:58:34 - [TEST_STEP][PASSED] - req_data = sendRequest(findTestObject("Search_ME", ["MID":MID, "source":source, "ip":ip, "userid":userid, "branch":branch, "tipekons":tipekons, "marital":marital, "penjamin":penjamin, ... ])): Send request successfully

2022-11-22 14:58:35 - [MESSAGE][INFO] - HAR: D:\DMS\Engine Scoring\Reports\20221122_143755\Exclude KKB - DS\Scoring Individu - CS\20221122_143756\requests\main\452.har

2022-11-22 14:58:35 - [MESSAGE][PASSED] - Send request successfully

2022-11-22 14:58:35 - [TEST_STEP][PASSED] - slurper = new groovy.json.JsonSlurper(): null

2022-11-22 14:58:35 - [TEST_STEP][PASSED] - result = slurper.parseText(req_data.getResponseBodyContent()): null

2022-11-22 14:58:35 - [TEST_STEP][PASSED] - reqid_kons = requestid1: null

2022-11-22 14:58:35 - [TEST_STEP][PASSED] - reqid_spouse = requestid2: null

2022-11-22 14:58:35 - [TEST_STEP][PASSED] - println("requestid kons : " + reqid_kons): null

2022-11-22 14:58:35 - [TEST_STEP][PASSED] - response_searchME_kons = reqid_kons: null

2022-11-22 14:58:35 - [TEST_STEP][PASSED] - response_searchME_spouse = reqid_spouse: null

2022-11-22 14:58:35 - [TEST_STEP][PASSED] - println("kons req id is :" + response_searchME_kons): null

2022-11-22 14:58:35 - [TEST_STEP][PASSED] - println("spouse req id is : " + response_searchME_spouse): null

2022-11-22 14:58:35 - [TEST_STEP][PASSED] - verifyResponseStatusCode(req_data, 200): Verify response status code successfully

2022-11-22 14:58:35 - [MESSAGE][PASSED] - Verify response status code successfully

2022-11-22 14:58:35 - [TEST_STEP][PASSED] - response = req_data.getResponseText(): null

2022-11-22 14:58:35 - [TEST_STEP][PASSED] - logInfo($response): {"status":"Done","data":{"requestid1":"241767","requestid2":""}}

2022-11-22 14:58:35 - [MESSAGE][INFO] - {"status":"Done","data":{"requestid1":"241767","requestid2":""}}

2022-11-22 14:58:35 - [TEST_STEP][PASSED] - delay(3): Delayed 3 second(s)

2022-11-22 14:58:38 - [MESSAGE][PASSED] - Delayed 3 second(s)

2022-11-22 14:58:38 - [TEST_STEP][PASSED] - scoring = sendRequest(findTestObject("EngineScore", ["response_searchME_kons":response_searchME_kons, "response_searchME_spouse":response_searchME_spouse])): Send request successfully

2022-11-22 14:58:38 - [MESSAGE][INFO] - HAR: D:\DMS\Engine Scoring\Reports\20221122_143755\Exclude KKB - DS\Scoring Individu - CS\20221122_143756\requests\main\453.har

2022-11-22 14:58:38 - [MESSAGE][PASSED] - Send request successfully

2022-11-22 14:58:38 - [TEST_STEP][PASSED] - verifyResponseStatusCode(scoring, 200): Verify response status code successfully

2022-11-22 14:58:38 - [MESSAGE][PASSED] - Verify response status code successfully

2022-11-22 14:58:38 - [TEST_STEP][PASSED] - response2 = scoring.getResponseText(): null

2022-11-22 14:58:38 - [TEST_STEP][PASSED] - markPassed("result service data ke : " + no): result service data ke : 227

2022-11-22 14:58:38 - [MESSAGE][PASSED] - result service data ke : 227

2022-11-22 14:58:38 - [TEST_STEP][PASSED] - logInfo($response2): {"result_konsumen":"Reject","result_pasangan":"","Final_result":"Reject","errorMessage":"","status":"Done"}

2022-11-22 14:58:38 - [MESSAGE][INFO] - {"result_konsumen":"Reject","result_pasangan":"","Final_result":"Reject","errorMessage":"","status":"Done"}

2022-11-22 14:58:38 - [TEST_STEP][PASSED] - verifyElementPropertyValue(scoring, "Final_result", final_result): Verify element property value successfully

2022-11-22 14:58:38 - [MESSAGE][PASSED] - Verify element property value successfully]]></system-out>
         <system-err><![CDATA[]]></system-err>
      </testcase>
      <testcase name="Test Cases/Engine_Scoring/Engine Scoring" time="5.302" classname="Test Cases/Engine_Scoring/Engine Scoring" status="PASSED">
         <system-out><![CDATA[2022-11-22 14:58:38 - [TEST_CASE][PASSED] - Test Cases/Engine_Scoring/Engine Scoring: Test Cases/Engine_Scoring/Engine Scoring

2022-11-22 14:58:39 - [TEST_STEP][PASSED] - markPassed("Variasi data ke : " + no): Variasi data ke : 228

2022-11-22 14:58:39 - [MESSAGE][PASSED] - Variasi data ke : 228

2022-11-22 14:58:39 - [TEST_STEP][PASSED] - req_data = sendRequest(findTestObject("Search_ME", ["MID":MID, "source":source, "ip":ip, "userid":userid, "branch":branch, "tipekons":tipekons, "marital":marital, "penjamin":penjamin, ... ])): Send request successfully

2022-11-22 14:58:40 - [MESSAGE][INFO] - HAR: D:\DMS\Engine Scoring\Reports\20221122_143755\Exclude KKB - DS\Scoring Individu - CS\20221122_143756\requests\main\454.har

2022-11-22 14:58:40 - [MESSAGE][PASSED] - Send request successfully

2022-11-22 14:58:40 - [TEST_STEP][PASSED] - slurper = new groovy.json.JsonSlurper(): null

2022-11-22 14:58:40 - [TEST_STEP][PASSED] - result = slurper.parseText(req_data.getResponseBodyContent()): null

2022-11-22 14:58:40 - [TEST_STEP][PASSED] - reqid_kons = requestid1: null

2022-11-22 14:58:40 - [TEST_STEP][PASSED] - reqid_spouse = requestid2: null

2022-11-22 14:58:40 - [TEST_STEP][PASSED] - println("requestid kons : " + reqid_kons): null

2022-11-22 14:58:40 - [TEST_STEP][PASSED] - response_searchME_kons = reqid_kons: null

2022-11-22 14:58:40 - [TEST_STEP][PASSED] - response_searchME_spouse = reqid_spouse: null

2022-11-22 14:58:40 - [TEST_STEP][PASSED] - println("kons req id is :" + response_searchME_kons): null

2022-11-22 14:58:40 - [TEST_STEP][PASSED] - println("spouse req id is : " + response_searchME_spouse): null

2022-11-22 14:58:40 - [TEST_STEP][PASSED] - verifyResponseStatusCode(req_data, 200): Verify response status code successfully

2022-11-22 14:58:40 - [MESSAGE][PASSED] - Verify response status code successfully

2022-11-22 14:58:40 - [TEST_STEP][PASSED] - response = req_data.getResponseText(): null

2022-11-22 14:58:40 - [TEST_STEP][PASSED] - logInfo($response): {"status":"Done","data":{"requestid1":"241768","requestid2":""}}

2022-11-22 14:58:40 - [MESSAGE][INFO] - {"status":"Done","data":{"requestid1":"241768","requestid2":""}}

2022-11-22 14:58:40 - [TEST_STEP][PASSED] - delay(3): Delayed 3 second(s)

2022-11-22 14:58:43 - [MESSAGE][PASSED] - Delayed 3 second(s)

2022-11-22 14:58:43 - [TEST_STEP][PASSED] - scoring = sendRequest(findTestObject("EngineScore", ["response_searchME_kons":response_searchME_kons, "response_searchME_spouse":response_searchME_spouse])): Send request successfully

2022-11-22 14:58:44 - [MESSAGE][INFO] - HAR: D:\DMS\Engine Scoring\Reports\20221122_143755\Exclude KKB - DS\Scoring Individu - CS\20221122_143756\requests\main\455.har

2022-11-22 14:58:44 - [MESSAGE][PASSED] - Send request successfully

2022-11-22 14:58:44 - [TEST_STEP][PASSED] - verifyResponseStatusCode(scoring, 200): Verify response status code successfully

2022-11-22 14:58:44 - [MESSAGE][PASSED] - Verify response status code successfully

2022-11-22 14:58:44 - [TEST_STEP][PASSED] - response2 = scoring.getResponseText(): null

2022-11-22 14:58:44 - [TEST_STEP][PASSED] - markPassed("result service data ke : " + no): result service data ke : 228

2022-11-22 14:58:44 - [MESSAGE][PASSED] - result service data ke : 228

2022-11-22 14:58:44 - [TEST_STEP][PASSED] - logInfo($response2): {"result_konsumen":"Reject","result_pasangan":"","Final_result":"Reject","errorMessage":"","status":"Done"}

2022-11-22 14:58:44 - [MESSAGE][INFO] - {"result_konsumen":"Reject","result_pasangan":"","Final_result":"Reject","errorMessage":"","status":"Done"}

2022-11-22 14:58:44 - [TEST_STEP][PASSED] - verifyElementPropertyValue(scoring, "Final_result", final_result): Verify element property value successfully

2022-11-22 14:58:44 - [MESSAGE][PASSED] - Verify element property value successfully]]></system-out>
         <system-err><![CDATA[]]></system-err>
      </testcase>
      <testcase name="Test Cases/Engine_Scoring/Engine Scoring" time="5.378" classname="Test Cases/Engine_Scoring/Engine Scoring" status="PASSED">
         <system-out><![CDATA[2022-11-22 14:58:44 - [TEST_CASE][PASSED] - Test Cases/Engine_Scoring/Engine Scoring: Test Cases/Engine_Scoring/Engine Scoring

2022-11-22 14:58:45 - [TEST_STEP][PASSED] - markPassed("Variasi data ke : " + no): Variasi data ke : 229

2022-11-22 14:58:45 - [MESSAGE][PASSED] - Variasi data ke : 229

2022-11-22 14:58:45 - [TEST_STEP][PASSED] - req_data = sendRequest(findTestObject("Search_ME", ["MID":MID, "source":source, "ip":ip, "userid":userid, "branch":branch, "tipekons":tipekons, "marital":marital, "penjamin":penjamin, ... ])): Send request successfully

2022-11-22 14:58:46 - [MESSAGE][INFO] - HAR: D:\DMS\Engine Scoring\Reports\20221122_143755\Exclude KKB - DS\Scoring Individu - CS\20221122_143756\requests\main\456.har

2022-11-22 14:58:46 - [MESSAGE][PASSED] - Send request successfully

2022-11-22 14:58:46 - [TEST_STEP][PASSED] - slurper = new groovy.json.JsonSlurper(): null

2022-11-22 14:58:46 - [TEST_STEP][PASSED] - result = slurper.parseText(req_data.getResponseBodyContent()): null

2022-11-22 14:58:46 - [TEST_STEP][PASSED] - reqid_kons = requestid1: null

2022-11-22 14:58:46 - [TEST_STEP][PASSED] - reqid_spouse = requestid2: null

2022-11-22 14:58:46 - [TEST_STEP][PASSED] - println("requestid kons : " + reqid_kons): null

2022-11-22 14:58:46 - [TEST_STEP][PASSED] - response_searchME_kons = reqid_kons: null

2022-11-22 14:58:46 - [TEST_STEP][PASSED] - response_searchME_spouse = reqid_spouse: null

2022-11-22 14:58:46 - [TEST_STEP][PASSED] - println("kons req id is :" + response_searchME_kons): null

2022-11-22 14:58:46 - [TEST_STEP][PASSED] - println("spouse req id is : " + response_searchME_spouse): null

2022-11-22 14:58:46 - [TEST_STEP][PASSED] - verifyResponseStatusCode(req_data, 200): Verify response status code successfully

2022-11-22 14:58:46 - [MESSAGE][PASSED] - Verify response status code successfully

2022-11-22 14:58:46 - [TEST_STEP][PASSED] - response = req_data.getResponseText(): null

2022-11-22 14:58:46 - [TEST_STEP][PASSED] - logInfo($response): {"status":"Done","data":{"requestid1":"241769","requestid2":""}}

2022-11-22 14:58:46 - [MESSAGE][INFO] - {"status":"Done","data":{"requestid1":"241769","requestid2":""}}

2022-11-22 14:58:46 - [TEST_STEP][PASSED] - delay(3): Delayed 3 second(s)

2022-11-22 14:58:49 - [MESSAGE][PASSED] - Delayed 3 second(s)

2022-11-22 14:58:49 - [TEST_STEP][PASSED] - scoring = sendRequest(findTestObject("EngineScore", ["response_searchME_kons":response_searchME_kons, "response_searchME_spouse":response_searchME_spouse])): Send request successfully

2022-11-22 14:58:49 - [MESSAGE][INFO] - HAR: D:\DMS\Engine Scoring\Reports\20221122_143755\Exclude KKB - DS\Scoring Individu - CS\20221122_143756\requests\main\457.har

2022-11-22 14:58:49 - [MESSAGE][PASSED] - Send request successfully

2022-11-22 14:58:49 - [TEST_STEP][PASSED] - verifyResponseStatusCode(scoring, 200): Verify response status code successfully

2022-11-22 14:58:49 - [MESSAGE][PASSED] - Verify response status code successfully

2022-11-22 14:58:49 - [TEST_STEP][PASSED] - response2 = scoring.getResponseText(): null

2022-11-22 14:58:49 - [TEST_STEP][PASSED] - markPassed("result service data ke : " + no): result service data ke : 229

2022-11-22 14:58:49 - [MESSAGE][PASSED] - result service data ke : 229

2022-11-22 14:58:49 - [TEST_STEP][PASSED] - logInfo($response2): {"result_konsumen":"Reject","result_pasangan":"","Final_result":"Reject","errorMessage":"","status":"Done"}

2022-11-22 14:58:49 - [MESSAGE][INFO] - {"result_konsumen":"Reject","result_pasangan":"","Final_result":"Reject","errorMessage":"","status":"Done"}

2022-11-22 14:58:49 - [TEST_STEP][PASSED] - verifyElementPropertyValue(scoring, "Final_result", final_result): Verify element property value successfully

2022-11-22 14:58:49 - [MESSAGE][PASSED] - Verify element property value successfully]]></system-out>
         <system-err><![CDATA[]]></system-err>
      </testcase>
      <testcase name="Test Cases/Engine_Scoring/Engine Scoring" time="5.397" classname="Test Cases/Engine_Scoring/Engine Scoring" status="PASSED">
         <system-out><![CDATA[2022-11-22 14:58:49 - [TEST_CASE][PASSED] - Test Cases/Engine_Scoring/Engine Scoring: Test Cases/Engine_Scoring/Engine Scoring

2022-11-22 14:58:50 - [TEST_STEP][PASSED] - markPassed("Variasi data ke : " + no): Variasi data ke : 230

2022-11-22 14:58:50 - [MESSAGE][PASSED] - Variasi data ke : 230

2022-11-22 14:58:50 - [TEST_STEP][PASSED] - req_data = sendRequest(findTestObject("Search_ME", ["MID":MID, "source":source, "ip":ip, "userid":userid, "branch":branch, "tipekons":tipekons, "marital":marital, "penjamin":penjamin, ... ])): Send request successfully

2022-11-22 14:58:51 - [MESSAGE][INFO] - HAR: D:\DMS\Engine Scoring\Reports\20221122_143755\Exclude KKB - DS\Scoring Individu - CS\20221122_143756\requests\main\458.har

2022-11-22 14:58:51 - [MESSAGE][PASSED] - Send request successfully

2022-11-22 14:58:51 - [TEST_STEP][PASSED] - slurper = new groovy.json.JsonSlurper(): null

2022-11-22 14:58:51 - [TEST_STEP][PASSED] - result = slurper.parseText(req_data.getResponseBodyContent()): null

2022-11-22 14:58:51 - [TEST_STEP][PASSED] - reqid_kons = requestid1: null

2022-11-22 14:58:51 - [TEST_STEP][PASSED] - reqid_spouse = requestid2: null

2022-11-22 14:58:51 - [TEST_STEP][PASSED] - println("requestid kons : " + reqid_kons): null

2022-11-22 14:58:51 - [TEST_STEP][PASSED] - response_searchME_kons = reqid_kons: null

2022-11-22 14:58:51 - [TEST_STEP][PASSED] - response_searchME_spouse = reqid_spouse: null

2022-11-22 14:58:51 - [TEST_STEP][PASSED] - println("kons req id is :" + response_searchME_kons): null

2022-11-22 14:58:51 - [TEST_STEP][PASSED] - println("spouse req id is : " + response_searchME_spouse): null

2022-11-22 14:58:51 - [TEST_STEP][PASSED] - verifyResponseStatusCode(req_data, 200): Verify response status code successfully

2022-11-22 14:58:51 - [MESSAGE][PASSED] - Verify response status code successfully

2022-11-22 14:58:51 - [TEST_STEP][PASSED] - response = req_data.getResponseText(): null

2022-11-22 14:58:51 - [TEST_STEP][PASSED] - logInfo($response): {"status":"Done","data":{"requestid1":"241770","requestid2":""}}

2022-11-22 14:58:51 - [MESSAGE][INFO] - {"status":"Done","data":{"requestid1":"241770","requestid2":""}}

2022-11-22 14:58:51 - [TEST_STEP][PASSED] - delay(3): Delayed 3 second(s)

2022-11-22 14:58:54 - [MESSAGE][PASSED] - Delayed 3 second(s)

2022-11-22 14:58:54 - [TEST_STEP][PASSED] - scoring = sendRequest(findTestObject("EngineScore", ["response_searchME_kons":response_searchME_kons, "response_searchME_spouse":response_searchME_spouse])): Send request successfully

2022-11-22 14:58:54 - [MESSAGE][INFO] - HAR: D:\DMS\Engine Scoring\Reports\20221122_143755\Exclude KKB - DS\Scoring Individu - CS\20221122_143756\requests\main\459.har

2022-11-22 14:58:54 - [MESSAGE][PASSED] - Send request successfully

2022-11-22 14:58:54 - [TEST_STEP][PASSED] - verifyResponseStatusCode(scoring, 200): Verify response status code successfully

2022-11-22 14:58:54 - [MESSAGE][PASSED] - Verify response status code successfully

2022-11-22 14:58:54 - [TEST_STEP][PASSED] - response2 = scoring.getResponseText(): null

2022-11-22 14:58:54 - [TEST_STEP][PASSED] - markPassed("result service data ke : " + no): result service data ke : 230

2022-11-22 14:58:54 - [MESSAGE][PASSED] - result service data ke : 230

2022-11-22 14:58:54 - [TEST_STEP][PASSED] - logInfo($response2): {"result_konsumen":"Reject","result_pasangan":"","Final_result":"Reject","errorMessage":"","status":"Done"}

2022-11-22 14:58:54 - [MESSAGE][INFO] - {"result_konsumen":"Reject","result_pasangan":"","Final_result":"Reject","errorMessage":"","status":"Done"}

2022-11-22 14:58:54 - [TEST_STEP][PASSED] - verifyElementPropertyValue(scoring, "Final_result", final_result): Verify element property value successfully

2022-11-22 14:58:54 - [MESSAGE][PASSED] - Verify element property value successfully]]></system-out>
         <system-err><![CDATA[]]></system-err>
      </testcase>
      <testcase name="Test Cases/Engine_Scoring/Engine Scoring" time="5.274" classname="Test Cases/Engine_Scoring/Engine Scoring" status="PASSED">
         <system-out><![CDATA[2022-11-22 14:58:54 - [TEST_CASE][PASSED] - Test Cases/Engine_Scoring/Engine Scoring: Test Cases/Engine_Scoring/Engine Scoring

2022-11-22 14:58:56 - [TEST_STEP][PASSED] - markPassed("Variasi data ke : " + no): Variasi data ke : 231

2022-11-22 14:58:56 - [MESSAGE][PASSED] - Variasi data ke : 231

2022-11-22 14:58:56 - [TEST_STEP][PASSED] - req_data = sendRequest(findTestObject("Search_ME", ["MID":MID, "source":source, "ip":ip, "userid":userid, "branch":branch, "tipekons":tipekons, "marital":marital, "penjamin":penjamin, ... ])): Send request successfully

2022-11-22 14:58:57 - [MESSAGE][INFO] - HAR: D:\DMS\Engine Scoring\Reports\20221122_143755\Exclude KKB - DS\Scoring Individu - CS\20221122_143756\requests\main\460.har

2022-11-22 14:58:57 - [MESSAGE][PASSED] - Send request successfully

2022-11-22 14:58:57 - [TEST_STEP][PASSED] - slurper = new groovy.json.JsonSlurper(): null

2022-11-22 14:58:57 - [TEST_STEP][PASSED] - result = slurper.parseText(req_data.getResponseBodyContent()): null

2022-11-22 14:58:57 - [TEST_STEP][PASSED] - reqid_kons = requestid1: null

2022-11-22 14:58:57 - [TEST_STEP][PASSED] - reqid_spouse = requestid2: null

2022-11-22 14:58:57 - [TEST_STEP][PASSED] - println("requestid kons : " + reqid_kons): null

2022-11-22 14:58:57 - [TEST_STEP][PASSED] - response_searchME_kons = reqid_kons: null

2022-11-22 14:58:57 - [TEST_STEP][PASSED] - response_searchME_spouse = reqid_spouse: null

2022-11-22 14:58:57 - [TEST_STEP][PASSED] - println("kons req id is :" + response_searchME_kons): null

2022-11-22 14:58:57 - [TEST_STEP][PASSED] - println("spouse req id is : " + response_searchME_spouse): null

2022-11-22 14:58:57 - [TEST_STEP][PASSED] - verifyResponseStatusCode(req_data, 200): Verify response status code successfully

2022-11-22 14:58:57 - [MESSAGE][PASSED] - Verify response status code successfully

2022-11-22 14:58:57 - [TEST_STEP][PASSED] - response = req_data.getResponseText(): null

2022-11-22 14:58:57 - [TEST_STEP][PASSED] - logInfo($response): {"status":"Done","data":{"requestid1":"241771","requestid2":""}}

2022-11-22 14:58:57 - [MESSAGE][INFO] - {"status":"Done","data":{"requestid1":"241771","requestid2":""}}

2022-11-22 14:58:57 - [TEST_STEP][PASSED] - delay(3): Delayed 3 second(s)

2022-11-22 14:59:00 - [MESSAGE][PASSED] - Delayed 3 second(s)

2022-11-22 14:59:00 - [TEST_STEP][PASSED] - scoring = sendRequest(findTestObject("EngineScore", ["response_searchME_kons":response_searchME_kons, "response_searchME_spouse":response_searchME_spouse])): Send request successfully

2022-11-22 14:59:00 - [MESSAGE][INFO] - HAR: D:\DMS\Engine Scoring\Reports\20221122_143755\Exclude KKB - DS\Scoring Individu - CS\20221122_143756\requests\main\461.har

2022-11-22 14:59:00 - [MESSAGE][PASSED] - Send request successfully

2022-11-22 14:59:00 - [TEST_STEP][PASSED] - verifyResponseStatusCode(scoring, 200): Verify response status code successfully

2022-11-22 14:59:00 - [MESSAGE][PASSED] - Verify response status code successfully

2022-11-22 14:59:00 - [TEST_STEP][PASSED] - response2 = scoring.getResponseText(): null

2022-11-22 14:59:00 - [TEST_STEP][PASSED] - markPassed("result service data ke : " + no): result service data ke : 231

2022-11-22 14:59:00 - [MESSAGE][PASSED] - result service data ke : 231

2022-11-22 14:59:00 - [TEST_STEP][PASSED] - logInfo($response2): {"result_konsumen":"Reject","result_pasangan":"","Final_result":"Reject","errorMessage":"","status":"Done"}

2022-11-22 14:59:00 - [MESSAGE][INFO] - {"result_konsumen":"Reject","result_pasangan":"","Final_result":"Reject","errorMessage":"","status":"Done"}

2022-11-22 14:59:00 - [TEST_STEP][PASSED] - verifyElementPropertyValue(scoring, "Final_result", final_result): Verify element property value successfully

2022-11-22 14:59:00 - [MESSAGE][PASSED] - Verify element property value successfully]]></system-out>
         <system-err><![CDATA[]]></system-err>
      </testcase>
      <testcase name="Test Cases/Engine_Scoring/Engine Scoring" time="5.394" classname="Test Cases/Engine_Scoring/Engine Scoring" status="PASSED">
         <system-out><![CDATA[2022-11-22 14:59:00 - [TEST_CASE][PASSED] - Test Cases/Engine_Scoring/Engine Scoring: Test Cases/Engine_Scoring/Engine Scoring

2022-11-22 14:59:01 - [TEST_STEP][PASSED] - markPassed("Variasi data ke : " + no): Variasi data ke : 232

2022-11-22 14:59:01 - [MESSAGE][PASSED] - Variasi data ke : 232

2022-11-22 14:59:01 - [TEST_STEP][PASSED] - req_data = sendRequest(findTestObject("Search_ME", ["MID":MID, "source":source, "ip":ip, "userid":userid, "branch":branch, "tipekons":tipekons, "marital":marital, "penjamin":penjamin, ... ])): Send request successfully

2022-11-22 14:59:02 - [MESSAGE][INFO] - HAR: D:\DMS\Engine Scoring\Reports\20221122_143755\Exclude KKB - DS\Scoring Individu - CS\20221122_143756\requests\main\462.har

2022-11-22 14:59:02 - [MESSAGE][PASSED] - Send request successfully

2022-11-22 14:59:02 - [TEST_STEP][PASSED] - slurper = new groovy.json.JsonSlurper(): null

2022-11-22 14:59:02 - [TEST_STEP][PASSED] - result = slurper.parseText(req_data.getResponseBodyContent()): null

2022-11-22 14:59:02 - [TEST_STEP][PASSED] - reqid_kons = requestid1: null

2022-11-22 14:59:02 - [TEST_STEP][PASSED] - reqid_spouse = requestid2: null

2022-11-22 14:59:02 - [TEST_STEP][PASSED] - println("requestid kons : " + reqid_kons): null

2022-11-22 14:59:02 - [TEST_STEP][PASSED] - response_searchME_kons = reqid_kons: null

2022-11-22 14:59:02 - [TEST_STEP][PASSED] - response_searchME_spouse = reqid_spouse: null

2022-11-22 14:59:02 - [TEST_STEP][PASSED] - println("kons req id is :" + response_searchME_kons): null

2022-11-22 14:59:02 - [TEST_STEP][PASSED] - println("spouse req id is : " + response_searchME_spouse): null

2022-11-22 14:59:02 - [TEST_STEP][PASSED] - verifyResponseStatusCode(req_data, 200): Verify response status code successfully

2022-11-22 14:59:02 - [MESSAGE][PASSED] - Verify response status code successfully

2022-11-22 14:59:02 - [TEST_STEP][PASSED] - response = req_data.getResponseText(): null

2022-11-22 14:59:02 - [TEST_STEP][PASSED] - logInfo($response): {"status":"Done","data":{"requestid1":"241772","requestid2":""}}

2022-11-22 14:59:02 - [MESSAGE][INFO] - {"status":"Done","data":{"requestid1":"241772","requestid2":""}}

2022-11-22 14:59:02 - [TEST_STEP][PASSED] - delay(3): Delayed 3 second(s)

2022-11-22 14:59:05 - [MESSAGE][PASSED] - Delayed 3 second(s)

2022-11-22 14:59:05 - [TEST_STEP][PASSED] - scoring = sendRequest(findTestObject("EngineScore", ["response_searchME_kons":response_searchME_kons, "response_searchME_spouse":response_searchME_spouse])): Send request successfully

2022-11-22 14:59:05 - [MESSAGE][INFO] - HAR: D:\DMS\Engine Scoring\Reports\20221122_143755\Exclude KKB - DS\Scoring Individu - CS\20221122_143756\requests\main\463.har

2022-11-22 14:59:05 - [MESSAGE][PASSED] - Send request successfully

2022-11-22 14:59:05 - [TEST_STEP][PASSED] - verifyResponseStatusCode(scoring, 200): Verify response status code successfully

2022-11-22 14:59:05 - [MESSAGE][PASSED] - Verify response status code successfully

2022-11-22 14:59:05 - [TEST_STEP][PASSED] - response2 = scoring.getResponseText(): null

2022-11-22 14:59:05 - [TEST_STEP][PASSED] - markPassed("result service data ke : " + no): result service data ke : 232

2022-11-22 14:59:05 - [MESSAGE][PASSED] - result service data ke : 232

2022-11-22 14:59:05 - [TEST_STEP][PASSED] - logInfo($response2): {"result_konsumen":"Reject","result_pasangan":"","Final_result":"Reject","errorMessage":"","status":"Done"}

2022-11-22 14:59:05 - [MESSAGE][INFO] - {"result_konsumen":"Reject","result_pasangan":"","Final_result":"Reject","errorMessage":"","status":"Done"}

2022-11-22 14:59:05 - [TEST_STEP][PASSED] - verifyElementPropertyValue(scoring, "Final_result", final_result): Verify element property value successfully

2022-11-22 14:59:05 - [MESSAGE][PASSED] - Verify element property value successfully]]></system-out>
         <system-err><![CDATA[]]></system-err>
      </testcase>
      <testcase name="Test Cases/Engine_Scoring/Engine Scoring" time="5.47" classname="Test Cases/Engine_Scoring/Engine Scoring" status="PASSED">
         <system-out><![CDATA[2022-11-22 14:59:05 - [TEST_CASE][PASSED] - Test Cases/Engine_Scoring/Engine Scoring: Test Cases/Engine_Scoring/Engine Scoring

2022-11-22 14:59:06 - [TEST_STEP][PASSED] - markPassed("Variasi data ke : " + no): Variasi data ke : 233

2022-11-22 14:59:06 - [MESSAGE][PASSED] - Variasi data ke : 233

2022-11-22 14:59:06 - [TEST_STEP][PASSED] - req_data = sendRequest(findTestObject("Search_ME", ["MID":MID, "source":source, "ip":ip, "userid":userid, "branch":branch, "tipekons":tipekons, "marital":marital, "penjamin":penjamin, ... ])): Send request successfully

2022-11-22 14:59:08 - [MESSAGE][INFO] - HAR: D:\DMS\Engine Scoring\Reports\20221122_143755\Exclude KKB - DS\Scoring Individu - CS\20221122_143756\requests\main\464.har

2022-11-22 14:59:08 - [MESSAGE][PASSED] - Send request successfully

2022-11-22 14:59:08 - [TEST_STEP][PASSED] - slurper = new groovy.json.JsonSlurper(): null

2022-11-22 14:59:08 - [TEST_STEP][PASSED] - result = slurper.parseText(req_data.getResponseBodyContent()): null

2022-11-22 14:59:08 - [TEST_STEP][PASSED] - reqid_kons = requestid1: null

2022-11-22 14:59:08 - [TEST_STEP][PASSED] - reqid_spouse = requestid2: null

2022-11-22 14:59:08 - [TEST_STEP][PASSED] - println("requestid kons : " + reqid_kons): null

2022-11-22 14:59:08 - [TEST_STEP][PASSED] - response_searchME_kons = reqid_kons: null

2022-11-22 14:59:08 - [TEST_STEP][PASSED] - response_searchME_spouse = reqid_spouse: null

2022-11-22 14:59:08 - [TEST_STEP][PASSED] - println("kons req id is :" + response_searchME_kons): null

2022-11-22 14:59:08 - [TEST_STEP][PASSED] - println("spouse req id is : " + response_searchME_spouse): null

2022-11-22 14:59:08 - [TEST_STEP][PASSED] - verifyResponseStatusCode(req_data, 200): Verify response status code successfully

2022-11-22 14:59:08 - [MESSAGE][PASSED] - Verify response status code successfully

2022-11-22 14:59:08 - [TEST_STEP][PASSED] - response = req_data.getResponseText(): null

2022-11-22 14:59:08 - [TEST_STEP][PASSED] - logInfo($response): {"status":"Done","data":{"requestid1":"241773","requestid2":""}}

2022-11-22 14:59:08 - [MESSAGE][INFO] - {"status":"Done","data":{"requestid1":"241773","requestid2":""}}

2022-11-22 14:59:08 - [TEST_STEP][PASSED] - delay(3): Delayed 3 second(s)

2022-11-22 14:59:11 - [MESSAGE][PASSED] - Delayed 3 second(s)

2022-11-22 14:59:11 - [TEST_STEP][PASSED] - scoring = sendRequest(findTestObject("EngineScore", ["response_searchME_kons":response_searchME_kons, "response_searchME_spouse":response_searchME_spouse])): Send request successfully

2022-11-22 14:59:11 - [MESSAGE][INFO] - HAR: D:\DMS\Engine Scoring\Reports\20221122_143755\Exclude KKB - DS\Scoring Individu - CS\20221122_143756\requests\main\465.har

2022-11-22 14:59:11 - [MESSAGE][PASSED] - Send request successfully

2022-11-22 14:59:11 - [TEST_STEP][PASSED] - verifyResponseStatusCode(scoring, 200): Verify response status code successfully

2022-11-22 14:59:11 - [MESSAGE][PASSED] - Verify response status code successfully

2022-11-22 14:59:11 - [TEST_STEP][PASSED] - response2 = scoring.getResponseText(): null

2022-11-22 14:59:11 - [TEST_STEP][PASSED] - markPassed("result service data ke : " + no): result service data ke : 233

2022-11-22 14:59:11 - [MESSAGE][PASSED] - result service data ke : 233

2022-11-22 14:59:11 - [TEST_STEP][PASSED] - logInfo($response2): {"result_konsumen":"Reject","result_pasangan":"","Final_result":"Reject","errorMessage":"","status":"Done"}

2022-11-22 14:59:11 - [MESSAGE][INFO] - {"result_konsumen":"Reject","result_pasangan":"","Final_result":"Reject","errorMessage":"","status":"Done"}

2022-11-22 14:59:11 - [TEST_STEP][PASSED] - verifyElementPropertyValue(scoring, "Final_result", final_result): Verify element property value successfully

2022-11-22 14:59:11 - [MESSAGE][PASSED] - Verify element property value successfully]]></system-out>
         <system-err><![CDATA[]]></system-err>
      </testcase>
      <testcase name="Test Cases/Engine_Scoring/Engine Scoring" time="5.587" classname="Test Cases/Engine_Scoring/Engine Scoring" status="PASSED">
         <system-out><![CDATA[2022-11-22 14:59:11 - [TEST_CASE][PASSED] - Test Cases/Engine_Scoring/Engine Scoring: Test Cases/Engine_Scoring/Engine Scoring

2022-11-22 14:59:12 - [TEST_STEP][PASSED] - markPassed("Variasi data ke : " + no): Variasi data ke : 234

2022-11-22 14:59:12 - [MESSAGE][PASSED] - Variasi data ke : 234

2022-11-22 14:59:12 - [TEST_STEP][PASSED] - req_data = sendRequest(findTestObject("Search_ME", ["MID":MID, "source":source, "ip":ip, "userid":userid, "branch":branch, "tipekons":tipekons, "marital":marital, "penjamin":penjamin, ... ])): Send request successfully

2022-11-22 14:59:13 - [MESSAGE][INFO] - HAR: D:\DMS\Engine Scoring\Reports\20221122_143755\Exclude KKB - DS\Scoring Individu - CS\20221122_143756\requests\main\466.har

2022-11-22 14:59:13 - [MESSAGE][PASSED] - Send request successfully

2022-11-22 14:59:13 - [TEST_STEP][PASSED] - slurper = new groovy.json.JsonSlurper(): null

2022-11-22 14:59:13 - [TEST_STEP][PASSED] - result = slurper.parseText(req_data.getResponseBodyContent()): null

2022-11-22 14:59:13 - [TEST_STEP][PASSED] - reqid_kons = requestid1: null

2022-11-22 14:59:13 - [TEST_STEP][PASSED] - reqid_spouse = requestid2: null

2022-11-22 14:59:13 - [TEST_STEP][PASSED] - println("requestid kons : " + reqid_kons): null

2022-11-22 14:59:13 - [TEST_STEP][PASSED] - response_searchME_kons = reqid_kons: null

2022-11-22 14:59:13 - [TEST_STEP][PASSED] - response_searchME_spouse = reqid_spouse: null

2022-11-22 14:59:13 - [TEST_STEP][PASSED] - println("kons req id is :" + response_searchME_kons): null

2022-11-22 14:59:13 - [TEST_STEP][PASSED] - println("spouse req id is : " + response_searchME_spouse): null

2022-11-22 14:59:13 - [TEST_STEP][PASSED] - verifyResponseStatusCode(req_data, 200): Verify response status code successfully

2022-11-22 14:59:13 - [MESSAGE][PASSED] - Verify response status code successfully

2022-11-22 14:59:13 - [TEST_STEP][PASSED] - response = req_data.getResponseText(): null

2022-11-22 14:59:13 - [TEST_STEP][PASSED] - logInfo($response): {"status":"Done","data":{"requestid1":"241774","requestid2":""}}

2022-11-22 14:59:13 - [MESSAGE][INFO] - {"status":"Done","data":{"requestid1":"241774","requestid2":""}}

2022-11-22 14:59:13 - [TEST_STEP][PASSED] - delay(3): Delayed 3 second(s)

2022-11-22 14:59:16 - [MESSAGE][PASSED] - Delayed 3 second(s)

2022-11-22 14:59:16 - [TEST_STEP][PASSED] - scoring = sendRequest(findTestObject("EngineScore", ["response_searchME_kons":response_searchME_kons, "response_searchME_spouse":response_searchME_spouse])): Send request successfully

2022-11-22 14:59:16 - [MESSAGE][INFO] - HAR: D:\DMS\Engine Scoring\Reports\20221122_143755\Exclude KKB - DS\Scoring Individu - CS\20221122_143756\requests\main\467.har

2022-11-22 14:59:16 - [MESSAGE][PASSED] - Send request successfully

2022-11-22 14:59:16 - [TEST_STEP][PASSED] - verifyResponseStatusCode(scoring, 200): Verify response status code successfully

2022-11-22 14:59:16 - [MESSAGE][PASSED] - Verify response status code successfully

2022-11-22 14:59:16 - [TEST_STEP][PASSED] - response2 = scoring.getResponseText(): null

2022-11-22 14:59:16 - [TEST_STEP][PASSED] - markPassed("result service data ke : " + no): result service data ke : 234

2022-11-22 14:59:16 - [MESSAGE][PASSED] - result service data ke : 234

2022-11-22 14:59:16 - [TEST_STEP][PASSED] - logInfo($response2): {"result_konsumen":"Reject","result_pasangan":"","Final_result":"Reject","errorMessage":"","status":"Done"}

2022-11-22 14:59:16 - [MESSAGE][INFO] - {"result_konsumen":"Reject","result_pasangan":"","Final_result":"Reject","errorMessage":"","status":"Done"}

2022-11-22 14:59:16 - [TEST_STEP][PASSED] - verifyElementPropertyValue(scoring, "Final_result", final_result): Verify element property value successfully

2022-11-22 14:59:16 - [MESSAGE][PASSED] - Verify element property value successfully]]></system-out>
         <system-err><![CDATA[]]></system-err>
      </testcase>
      <testcase name="Test Cases/Engine_Scoring/Engine Scoring" time="5.393" classname="Test Cases/Engine_Scoring/Engine Scoring" status="PASSED">
         <system-out><![CDATA[2022-11-22 14:59:16 - [TEST_CASE][PASSED] - Test Cases/Engine_Scoring/Engine Scoring: Test Cases/Engine_Scoring/Engine Scoring

2022-11-22 14:59:18 - [TEST_STEP][PASSED] - markPassed("Variasi data ke : " + no): Variasi data ke : 235

2022-11-22 14:59:18 - [MESSAGE][PASSED] - Variasi data ke : 235

2022-11-22 14:59:18 - [TEST_STEP][PASSED] - req_data = sendRequest(findTestObject("Search_ME", ["MID":MID, "source":source, "ip":ip, "userid":userid, "branch":branch, "tipekons":tipekons, "marital":marital, "penjamin":penjamin, ... ])): Send request successfully

2022-11-22 14:59:19 - [MESSAGE][INFO] - HAR: D:\DMS\Engine Scoring\Reports\20221122_143755\Exclude KKB - DS\Scoring Individu - CS\20221122_143756\requests\main\468.har

2022-11-22 14:59:19 - [MESSAGE][PASSED] - Send request successfully

2022-11-22 14:59:19 - [TEST_STEP][PASSED] - slurper = new groovy.json.JsonSlurper(): null

2022-11-22 14:59:19 - [TEST_STEP][PASSED] - result = slurper.parseText(req_data.getResponseBodyContent()): null

2022-11-22 14:59:19 - [TEST_STEP][PASSED] - reqid_kons = requestid1: null

2022-11-22 14:59:19 - [TEST_STEP][PASSED] - reqid_spouse = requestid2: null

2022-11-22 14:59:19 - [TEST_STEP][PASSED] - println("requestid kons : " + reqid_kons): null

2022-11-22 14:59:19 - [TEST_STEP][PASSED] - response_searchME_kons = reqid_kons: null

2022-11-22 14:59:19 - [TEST_STEP][PASSED] - response_searchME_spouse = reqid_spouse: null

2022-11-22 14:59:19 - [TEST_STEP][PASSED] - println("kons req id is :" + response_searchME_kons): null

2022-11-22 14:59:19 - [TEST_STEP][PASSED] - println("spouse req id is : " + response_searchME_spouse): null

2022-11-22 14:59:19 - [TEST_STEP][PASSED] - verifyResponseStatusCode(req_data, 200): Verify response status code successfully

2022-11-22 14:59:19 - [MESSAGE][PASSED] - Verify response status code successfully

2022-11-22 14:59:19 - [TEST_STEP][PASSED] - response = req_data.getResponseText(): null

2022-11-22 14:59:19 - [TEST_STEP][PASSED] - logInfo($response): {"status":"Done","data":{"requestid1":"241775","requestid2":""}}

2022-11-22 14:59:19 - [MESSAGE][INFO] - {"status":"Done","data":{"requestid1":"241775","requestid2":""}}

2022-11-22 14:59:19 - [TEST_STEP][PASSED] - delay(3): Delayed 3 second(s)

2022-11-22 14:59:22 - [MESSAGE][PASSED] - Delayed 3 second(s)

2022-11-22 14:59:22 - [TEST_STEP][PASSED] - scoring = sendRequest(findTestObject("EngineScore", ["response_searchME_kons":response_searchME_kons, "response_searchME_spouse":response_searchME_spouse])): Send request successfully

2022-11-22 14:59:22 - [MESSAGE][INFO] - HAR: D:\DMS\Engine Scoring\Reports\20221122_143755\Exclude KKB - DS\Scoring Individu - CS\20221122_143756\requests\main\469.har

2022-11-22 14:59:22 - [MESSAGE][PASSED] - Send request successfully

2022-11-22 14:59:22 - [TEST_STEP][PASSED] - verifyResponseStatusCode(scoring, 200): Verify response status code successfully

2022-11-22 14:59:22 - [MESSAGE][PASSED] - Verify response status code successfully

2022-11-22 14:59:22 - [TEST_STEP][PASSED] - response2 = scoring.getResponseText(): null

2022-11-22 14:59:22 - [TEST_STEP][PASSED] - markPassed("result service data ke : " + no): result service data ke : 235

2022-11-22 14:59:22 - [MESSAGE][PASSED] - result service data ke : 235

2022-11-22 14:59:22 - [TEST_STEP][PASSED] - logInfo($response2): {"result_konsumen":"Reject","result_pasangan":"","Final_result":"Reject","errorMessage":"","status":"Done"}

2022-11-22 14:59:22 - [MESSAGE][INFO] - {"result_konsumen":"Reject","result_pasangan":"","Final_result":"Reject","errorMessage":"","status":"Done"}

2022-11-22 14:59:22 - [TEST_STEP][PASSED] - verifyElementPropertyValue(scoring, "Final_result", final_result): Verify element property value successfully

2022-11-22 14:59:22 - [MESSAGE][PASSED] - Verify element property value successfully]]></system-out>
         <system-err><![CDATA[]]></system-err>
      </testcase>
      <testcase name="Test Cases/Engine_Scoring/Engine Scoring" time="5.394" classname="Test Cases/Engine_Scoring/Engine Scoring" status="PASSED">
         <system-out><![CDATA[2022-11-22 14:59:22 - [TEST_CASE][PASSED] - Test Cases/Engine_Scoring/Engine Scoring: Test Cases/Engine_Scoring/Engine Scoring

2022-11-22 14:59:23 - [TEST_STEP][PASSED] - markPassed("Variasi data ke : " + no): Variasi data ke : 236

2022-11-22 14:59:23 - [MESSAGE][PASSED] - Variasi data ke : 236

2022-11-22 14:59:23 - [TEST_STEP][PASSED] - req_data = sendRequest(findTestObject("Search_ME", ["MID":MID, "source":source, "ip":ip, "userid":userid, "branch":branch, "tipekons":tipekons, "marital":marital, "penjamin":penjamin, ... ])): Send request successfully

2022-11-22 14:59:24 - [MESSAGE][INFO] - HAR: D:\DMS\Engine Scoring\Reports\20221122_143755\Exclude KKB - DS\Scoring Individu - CS\20221122_143756\requests\main\470.har

2022-11-22 14:59:24 - [MESSAGE][PASSED] - Send request successfully

2022-11-22 14:59:24 - [TEST_STEP][PASSED] - slurper = new groovy.json.JsonSlurper(): null

2022-11-22 14:59:24 - [TEST_STEP][PASSED] - result = slurper.parseText(req_data.getResponseBodyContent()): null

2022-11-22 14:59:24 - [TEST_STEP][PASSED] - reqid_kons = requestid1: null

2022-11-22 14:59:24 - [TEST_STEP][PASSED] - reqid_spouse = requestid2: null

2022-11-22 14:59:24 - [TEST_STEP][PASSED] - println("requestid kons : " + reqid_kons): null

2022-11-22 14:59:24 - [TEST_STEP][PASSED] - response_searchME_kons = reqid_kons: null

2022-11-22 14:59:24 - [TEST_STEP][PASSED] - response_searchME_spouse = reqid_spouse: null

2022-11-22 14:59:24 - [TEST_STEP][PASSED] - println("kons req id is :" + response_searchME_kons): null

2022-11-22 14:59:24 - [TEST_STEP][PASSED] - println("spouse req id is : " + response_searchME_spouse): null

2022-11-22 14:59:24 - [TEST_STEP][PASSED] - verifyResponseStatusCode(req_data, 200): Verify response status code successfully

2022-11-22 14:59:24 - [MESSAGE][PASSED] - Verify response status code successfully

2022-11-22 14:59:24 - [TEST_STEP][PASSED] - response = req_data.getResponseText(): null

2022-11-22 14:59:24 - [TEST_STEP][PASSED] - logInfo($response): {"status":"Done","data":{"requestid1":"241776","requestid2":""}}

2022-11-22 14:59:24 - [MESSAGE][INFO] - {"status":"Done","data":{"requestid1":"241776","requestid2":""}}

2022-11-22 14:59:24 - [TEST_STEP][PASSED] - delay(3): Delayed 3 second(s)

2022-11-22 14:59:27 - [MESSAGE][PASSED] - Delayed 3 second(s)

2022-11-22 14:59:27 - [TEST_STEP][PASSED] - scoring = sendRequest(findTestObject("EngineScore", ["response_searchME_kons":response_searchME_kons, "response_searchME_spouse":response_searchME_spouse])): Send request successfully

2022-11-22 14:59:27 - [MESSAGE][INFO] - HAR: D:\DMS\Engine Scoring\Reports\20221122_143755\Exclude KKB - DS\Scoring Individu - CS\20221122_143756\requests\main\471.har

2022-11-22 14:59:27 - [MESSAGE][PASSED] - Send request successfully

2022-11-22 14:59:27 - [TEST_STEP][PASSED] - verifyResponseStatusCode(scoring, 200): Verify response status code successfully

2022-11-22 14:59:27 - [MESSAGE][PASSED] - Verify response status code successfully

2022-11-22 14:59:27 - [TEST_STEP][PASSED] - response2 = scoring.getResponseText(): null

2022-11-22 14:59:27 - [TEST_STEP][PASSED] - markPassed("result service data ke : " + no): result service data ke : 236

2022-11-22 14:59:27 - [MESSAGE][PASSED] - result service data ke : 236

2022-11-22 14:59:27 - [TEST_STEP][PASSED] - logInfo($response2): {"result_konsumen":"Reject","result_pasangan":"","Final_result":"Reject","errorMessage":"","status":"Done"}

2022-11-22 14:59:27 - [MESSAGE][INFO] - {"result_konsumen":"Reject","result_pasangan":"","Final_result":"Reject","errorMessage":"","status":"Done"}

2022-11-22 14:59:27 - [TEST_STEP][PASSED] - verifyElementPropertyValue(scoring, "Final_result", final_result): Verify element property value successfully

2022-11-22 14:59:27 - [MESSAGE][PASSED] - Verify element property value successfully]]></system-out>
         <system-err><![CDATA[]]></system-err>
      </testcase>
      <testcase name="Test Cases/Engine_Scoring/Engine Scoring" time="5.587" classname="Test Cases/Engine_Scoring/Engine Scoring" status="PASSED">
         <system-out><![CDATA[2022-11-22 14:59:27 - [TEST_CASE][PASSED] - Test Cases/Engine_Scoring/Engine Scoring: Test Cases/Engine_Scoring/Engine Scoring

2022-11-22 14:59:29 - [TEST_STEP][PASSED] - markPassed("Variasi data ke : " + no): Variasi data ke : 237

2022-11-22 14:59:29 - [MESSAGE][PASSED] - Variasi data ke : 237

2022-11-22 14:59:29 - [TEST_STEP][PASSED] - req_data = sendRequest(findTestObject("Search_ME", ["MID":MID, "source":source, "ip":ip, "userid":userid, "branch":branch, "tipekons":tipekons, "marital":marital, "penjamin":penjamin, ... ])): Send request successfully

2022-11-22 14:59:30 - [MESSAGE][INFO] - HAR: D:\DMS\Engine Scoring\Reports\20221122_143755\Exclude KKB - DS\Scoring Individu - CS\20221122_143756\requests\main\472.har

2022-11-22 14:59:30 - [MESSAGE][PASSED] - Send request successfully

2022-11-22 14:59:30 - [TEST_STEP][PASSED] - slurper = new groovy.json.JsonSlurper(): null

2022-11-22 14:59:30 - [TEST_STEP][PASSED] - result = slurper.parseText(req_data.getResponseBodyContent()): null

2022-11-22 14:59:30 - [TEST_STEP][PASSED] - reqid_kons = requestid1: null

2022-11-22 14:59:30 - [TEST_STEP][PASSED] - reqid_spouse = requestid2: null

2022-11-22 14:59:30 - [TEST_STEP][PASSED] - println("requestid kons : " + reqid_kons): null

2022-11-22 14:59:30 - [TEST_STEP][PASSED] - response_searchME_kons = reqid_kons: null

2022-11-22 14:59:30 - [TEST_STEP][PASSED] - response_searchME_spouse = reqid_spouse: null

2022-11-22 14:59:30 - [TEST_STEP][PASSED] - println("kons req id is :" + response_searchME_kons): null

2022-11-22 14:59:30 - [TEST_STEP][PASSED] - println("spouse req id is : " + response_searchME_spouse): null

2022-11-22 14:59:30 - [TEST_STEP][PASSED] - verifyResponseStatusCode(req_data, 200): Verify response status code successfully

2022-11-22 14:59:30 - [MESSAGE][PASSED] - Verify response status code successfully

2022-11-22 14:59:30 - [TEST_STEP][PASSED] - response = req_data.getResponseText(): null

2022-11-22 14:59:30 - [TEST_STEP][PASSED] - logInfo($response): {"status":"Done","data":{"requestid1":"241777","requestid2":""}}

2022-11-22 14:59:30 - [MESSAGE][INFO] - {"status":"Done","data":{"requestid1":"241777","requestid2":""}}

2022-11-22 14:59:30 - [TEST_STEP][PASSED] - delay(3): Delayed 3 second(s)

2022-11-22 14:59:33 - [MESSAGE][PASSED] - Delayed 3 second(s)

2022-11-22 14:59:33 - [TEST_STEP][PASSED] - scoring = sendRequest(findTestObject("EngineScore", ["response_searchME_kons":response_searchME_kons, "response_searchME_spouse":response_searchME_spouse])): Send request successfully

2022-11-22 14:59:33 - [MESSAGE][INFO] - HAR: D:\DMS\Engine Scoring\Reports\20221122_143755\Exclude KKB - DS\Scoring Individu - CS\20221122_143756\requests\main\473.har

2022-11-22 14:59:33 - [MESSAGE][PASSED] - Send request successfully

2022-11-22 14:59:33 - [TEST_STEP][PASSED] - verifyResponseStatusCode(scoring, 200): Verify response status code successfully

2022-11-22 14:59:33 - [MESSAGE][PASSED] - Verify response status code successfully

2022-11-22 14:59:33 - [TEST_STEP][PASSED] - response2 = scoring.getResponseText(): null

2022-11-22 14:59:33 - [TEST_STEP][PASSED] - markPassed("result service data ke : " + no): result service data ke : 237

2022-11-22 14:59:33 - [MESSAGE][PASSED] - result service data ke : 237

2022-11-22 14:59:33 - [TEST_STEP][PASSED] - logInfo($response2): {"result_konsumen":"Reject","result_pasangan":"","Final_result":"Reject","errorMessage":"","status":"Done"}

2022-11-22 14:59:33 - [MESSAGE][INFO] - {"result_konsumen":"Reject","result_pasangan":"","Final_result":"Reject","errorMessage":"","status":"Done"}

2022-11-22 14:59:33 - [TEST_STEP][PASSED] - verifyElementPropertyValue(scoring, "Final_result", final_result): Verify element property value successfully

2022-11-22 14:59:33 - [MESSAGE][PASSED] - Verify element property value successfully]]></system-out>
         <system-err><![CDATA[]]></system-err>
      </testcase>
      <testcase name="Test Cases/Engine_Scoring/Engine Scoring" time="5.61" classname="Test Cases/Engine_Scoring/Engine Scoring" status="PASSED">
         <system-out><![CDATA[2022-11-22 14:59:33 - [TEST_CASE][PASSED] - Test Cases/Engine_Scoring/Engine Scoring: Test Cases/Engine_Scoring/Engine Scoring

2022-11-22 14:59:34 - [TEST_STEP][PASSED] - markPassed("Variasi data ke : " + no): Variasi data ke : 238

2022-11-22 14:59:34 - [MESSAGE][PASSED] - Variasi data ke : 238

2022-11-22 14:59:34 - [TEST_STEP][PASSED] - req_data = sendRequest(findTestObject("Search_ME", ["MID":MID, "source":source, "ip":ip, "userid":userid, "branch":branch, "tipekons":tipekons, "marital":marital, "penjamin":penjamin, ... ])): Send request successfully

2022-11-22 14:59:35 - [MESSAGE][INFO] - HAR: D:\DMS\Engine Scoring\Reports\20221122_143755\Exclude KKB - DS\Scoring Individu - CS\20221122_143756\requests\main\474.har

2022-11-22 14:59:35 - [MESSAGE][PASSED] - Send request successfully

2022-11-22 14:59:35 - [TEST_STEP][PASSED] - slurper = new groovy.json.JsonSlurper(): null

2022-11-22 14:59:35 - [TEST_STEP][PASSED] - result = slurper.parseText(req_data.getResponseBodyContent()): null

2022-11-22 14:59:35 - [TEST_STEP][PASSED] - reqid_kons = requestid1: null

2022-11-22 14:59:35 - [TEST_STEP][PASSED] - reqid_spouse = requestid2: null

2022-11-22 14:59:35 - [TEST_STEP][PASSED] - println("requestid kons : " + reqid_kons): null

2022-11-22 14:59:35 - [TEST_STEP][PASSED] - response_searchME_kons = reqid_kons: null

2022-11-22 14:59:35 - [TEST_STEP][PASSED] - response_searchME_spouse = reqid_spouse: null

2022-11-22 14:59:35 - [TEST_STEP][PASSED] - println("kons req id is :" + response_searchME_kons): null

2022-11-22 14:59:35 - [TEST_STEP][PASSED] - println("spouse req id is : " + response_searchME_spouse): null

2022-11-22 14:59:35 - [TEST_STEP][PASSED] - verifyResponseStatusCode(req_data, 200): Verify response status code successfully

2022-11-22 14:59:35 - [MESSAGE][PASSED] - Verify response status code successfully

2022-11-22 14:59:35 - [TEST_STEP][PASSED] - response = req_data.getResponseText(): null

2022-11-22 14:59:35 - [TEST_STEP][PASSED] - logInfo($response): {"status":"Done","data":{"requestid1":"241778","requestid2":""}}

2022-11-22 14:59:35 - [MESSAGE][INFO] - {"status":"Done","data":{"requestid1":"241778","requestid2":""}}

2022-11-22 14:59:35 - [TEST_STEP][PASSED] - delay(3): Delayed 3 second(s)

2022-11-22 14:59:38 - [MESSAGE][PASSED] - Delayed 3 second(s)

2022-11-22 14:59:38 - [TEST_STEP][PASSED] - scoring = sendRequest(findTestObject("EngineScore", ["response_searchME_kons":response_searchME_kons, "response_searchME_spouse":response_searchME_spouse])): Send request successfully

2022-11-22 14:59:39 - [MESSAGE][INFO] - HAR: D:\DMS\Engine Scoring\Reports\20221122_143755\Exclude KKB - DS\Scoring Individu - CS\20221122_143756\requests\main\475.har

2022-11-22 14:59:39 - [MESSAGE][PASSED] - Send request successfully

2022-11-22 14:59:39 - [TEST_STEP][PASSED] - verifyResponseStatusCode(scoring, 200): Verify response status code successfully

2022-11-22 14:59:39 - [MESSAGE][PASSED] - Verify response status code successfully

2022-11-22 14:59:39 - [TEST_STEP][PASSED] - response2 = scoring.getResponseText(): null

2022-11-22 14:59:39 - [TEST_STEP][PASSED] - markPassed("result service data ke : " + no): result service data ke : 238

2022-11-22 14:59:39 - [MESSAGE][PASSED] - result service data ke : 238

2022-11-22 14:59:39 - [TEST_STEP][PASSED] - logInfo($response2): {"result_konsumen":"Reject","result_pasangan":"","Final_result":"Reject","errorMessage":"","status":"Done"}

2022-11-22 14:59:39 - [MESSAGE][INFO] - {"result_konsumen":"Reject","result_pasangan":"","Final_result":"Reject","errorMessage":"","status":"Done"}

2022-11-22 14:59:39 - [TEST_STEP][PASSED] - verifyElementPropertyValue(scoring, "Final_result", final_result): Verify element property value successfully

2022-11-22 14:59:39 - [MESSAGE][PASSED] - Verify element property value successfully]]></system-out>
         <system-err><![CDATA[]]></system-err>
      </testcase>
      <testcase name="Test Cases/Engine_Scoring/Engine Scoring" time="5.619" classname="Test Cases/Engine_Scoring/Engine Scoring" status="PASSED">
         <system-out><![CDATA[2022-11-22 14:59:39 - [TEST_CASE][PASSED] - Test Cases/Engine_Scoring/Engine Scoring: Test Cases/Engine_Scoring/Engine Scoring

2022-11-22 14:59:40 - [TEST_STEP][PASSED] - markPassed("Variasi data ke : " + no): Variasi data ke : 239

2022-11-22 14:59:40 - [MESSAGE][PASSED] - Variasi data ke : 239

2022-11-22 14:59:40 - [TEST_STEP][PASSED] - req_data = sendRequest(findTestObject("Search_ME", ["MID":MID, "source":source, "ip":ip, "userid":userid, "branch":branch, "tipekons":tipekons, "marital":marital, "penjamin":penjamin, ... ])): Send request successfully

2022-11-22 14:59:41 - [MESSAGE][INFO] - HAR: D:\DMS\Engine Scoring\Reports\20221122_143755\Exclude KKB - DS\Scoring Individu - CS\20221122_143756\requests\main\476.har

2022-11-22 14:59:41 - [MESSAGE][PASSED] - Send request successfully

2022-11-22 14:59:41 - [TEST_STEP][PASSED] - slurper = new groovy.json.JsonSlurper(): null

2022-11-22 14:59:41 - [TEST_STEP][PASSED] - result = slurper.parseText(req_data.getResponseBodyContent()): null

2022-11-22 14:59:41 - [TEST_STEP][PASSED] - reqid_kons = requestid1: null

2022-11-22 14:59:41 - [TEST_STEP][PASSED] - reqid_spouse = requestid2: null

2022-11-22 14:59:41 - [TEST_STEP][PASSED] - println("requestid kons : " + reqid_kons): null

2022-11-22 14:59:41 - [TEST_STEP][PASSED] - response_searchME_kons = reqid_kons: null

2022-11-22 14:59:41 - [TEST_STEP][PASSED] - response_searchME_spouse = reqid_spouse: null

2022-11-22 14:59:41 - [TEST_STEP][PASSED] - println("kons req id is :" + response_searchME_kons): null

2022-11-22 14:59:41 - [TEST_STEP][PASSED] - println("spouse req id is : " + response_searchME_spouse): null

2022-11-22 14:59:41 - [TEST_STEP][PASSED] - verifyResponseStatusCode(req_data, 200): Verify response status code successfully

2022-11-22 14:59:41 - [MESSAGE][PASSED] - Verify response status code successfully

2022-11-22 14:59:41 - [TEST_STEP][PASSED] - response = req_data.getResponseText(): null

2022-11-22 14:59:41 - [TEST_STEP][PASSED] - logInfo($response): {"status":"Done","data":{"requestid1":"241779","requestid2":""}}

2022-11-22 14:59:41 - [MESSAGE][INFO] - {"status":"Done","data":{"requestid1":"241779","requestid2":""}}

2022-11-22 14:59:41 - [TEST_STEP][PASSED] - delay(3): Delayed 3 second(s)

2022-11-22 14:59:44 - [MESSAGE][PASSED] - Delayed 3 second(s)

2022-11-22 14:59:44 - [TEST_STEP][PASSED] - scoring = sendRequest(findTestObject("EngineScore", ["response_searchME_kons":response_searchME_kons, "response_searchME_spouse":response_searchME_spouse])): Send request successfully

2022-11-22 14:59:44 - [MESSAGE][INFO] - HAR: D:\DMS\Engine Scoring\Reports\20221122_143755\Exclude KKB - DS\Scoring Individu - CS\20221122_143756\requests\main\477.har

2022-11-22 14:59:44 - [MESSAGE][PASSED] - Send request successfully

2022-11-22 14:59:44 - [TEST_STEP][PASSED] - verifyResponseStatusCode(scoring, 200): Verify response status code successfully

2022-11-22 14:59:44 - [MESSAGE][PASSED] - Verify response status code successfully

2022-11-22 14:59:44 - [TEST_STEP][PASSED] - response2 = scoring.getResponseText(): null

2022-11-22 14:59:44 - [TEST_STEP][PASSED] - markPassed("result service data ke : " + no): result service data ke : 239

2022-11-22 14:59:44 - [MESSAGE][PASSED] - result service data ke : 239

2022-11-22 14:59:44 - [TEST_STEP][PASSED] - logInfo($response2): {"result_konsumen":"Reject","result_pasangan":"","Final_result":"Reject","errorMessage":"","status":"Done"}

2022-11-22 14:59:44 - [MESSAGE][INFO] - {"result_konsumen":"Reject","result_pasangan":"","Final_result":"Reject","errorMessage":"","status":"Done"}

2022-11-22 14:59:44 - [TEST_STEP][PASSED] - verifyElementPropertyValue(scoring, "Final_result", final_result): Verify element property value successfully

2022-11-22 14:59:44 - [MESSAGE][PASSED] - Verify element property value successfully]]></system-out>
         <system-err><![CDATA[]]></system-err>
      </testcase>
      <testcase name="Test Cases/Engine_Scoring/Engine Scoring" time="5.443" classname="Test Cases/Engine_Scoring/Engine Scoring" status="PASSED">
         <system-out><![CDATA[2022-11-22 14:59:44 - [TEST_CASE][PASSED] - Test Cases/Engine_Scoring/Engine Scoring: Test Cases/Engine_Scoring/Engine Scoring

2022-11-22 14:59:45 - [TEST_STEP][PASSED] - markPassed("Variasi data ke : " + no): Variasi data ke : 240

2022-11-22 14:59:45 - [MESSAGE][PASSED] - Variasi data ke : 240

2022-11-22 14:59:45 - [TEST_STEP][PASSED] - req_data = sendRequest(findTestObject("Search_ME", ["MID":MID, "source":source, "ip":ip, "userid":userid, "branch":branch, "tipekons":tipekons, "marital":marital, "penjamin":penjamin, ... ])): Send request successfully

2022-11-22 14:59:47 - [MESSAGE][INFO] - HAR: D:\DMS\Engine Scoring\Reports\20221122_143755\Exclude KKB - DS\Scoring Individu - CS\20221122_143756\requests\main\478.har

2022-11-22 14:59:47 - [MESSAGE][PASSED] - Send request successfully

2022-11-22 14:59:47 - [TEST_STEP][PASSED] - slurper = new groovy.json.JsonSlurper(): null

2022-11-22 14:59:47 - [TEST_STEP][PASSED] - result = slurper.parseText(req_data.getResponseBodyContent()): null

2022-11-22 14:59:47 - [TEST_STEP][PASSED] - reqid_kons = requestid1: null

2022-11-22 14:59:47 - [TEST_STEP][PASSED] - reqid_spouse = requestid2: null

2022-11-22 14:59:47 - [TEST_STEP][PASSED] - println("requestid kons : " + reqid_kons): null

2022-11-22 14:59:47 - [TEST_STEP][PASSED] - response_searchME_kons = reqid_kons: null

2022-11-22 14:59:47 - [TEST_STEP][PASSED] - response_searchME_spouse = reqid_spouse: null

2022-11-22 14:59:47 - [TEST_STEP][PASSED] - println("kons req id is :" + response_searchME_kons): null

2022-11-22 14:59:47 - [TEST_STEP][PASSED] - println("spouse req id is : " + response_searchME_spouse): null

2022-11-22 14:59:47 - [TEST_STEP][PASSED] - verifyResponseStatusCode(req_data, 200): Verify response status code successfully

2022-11-22 14:59:47 - [MESSAGE][PASSED] - Verify response status code successfully

2022-11-22 14:59:47 - [TEST_STEP][PASSED] - response = req_data.getResponseText(): null

2022-11-22 14:59:47 - [TEST_STEP][PASSED] - logInfo($response): {"status":"Done","data":{"requestid1":"241780","requestid2":""}}

2022-11-22 14:59:47 - [MESSAGE][INFO] - {"status":"Done","data":{"requestid1":"241780","requestid2":""}}

2022-11-22 14:59:47 - [TEST_STEP][PASSED] - delay(3): Delayed 3 second(s)

2022-11-22 14:59:50 - [MESSAGE][PASSED] - Delayed 3 second(s)

2022-11-22 14:59:50 - [TEST_STEP][PASSED] - scoring = sendRequest(findTestObject("EngineScore", ["response_searchME_kons":response_searchME_kons, "response_searchME_spouse":response_searchME_spouse])): Send request successfully

2022-11-22 14:59:50 - [MESSAGE][INFO] - HAR: D:\DMS\Engine Scoring\Reports\20221122_143755\Exclude KKB - DS\Scoring Individu - CS\20221122_143756\requests\main\479.har

2022-11-22 14:59:50 - [MESSAGE][PASSED] - Send request successfully

2022-11-22 14:59:50 - [TEST_STEP][PASSED] - verifyResponseStatusCode(scoring, 200): Verify response status code successfully

2022-11-22 14:59:50 - [MESSAGE][PASSED] - Verify response status code successfully

2022-11-22 14:59:50 - [TEST_STEP][PASSED] - response2 = scoring.getResponseText(): null

2022-11-22 14:59:50 - [TEST_STEP][PASSED] - markPassed("result service data ke : " + no): result service data ke : 240

2022-11-22 14:59:50 - [MESSAGE][PASSED] - result service data ke : 240

2022-11-22 14:59:50 - [TEST_STEP][PASSED] - logInfo($response2): {"result_konsumen":"Reject","result_pasangan":"","Final_result":"Reject","errorMessage":"","status":"Done"}

2022-11-22 14:59:50 - [MESSAGE][INFO] - {"result_konsumen":"Reject","result_pasangan":"","Final_result":"Reject","errorMessage":"","status":"Done"}

2022-11-22 14:59:50 - [TEST_STEP][PASSED] - verifyElementPropertyValue(scoring, "Final_result", final_result): Verify element property value successfully

2022-11-22 14:59:50 - [MESSAGE][PASSED] - Verify element property value successfully]]></system-out>
         <system-err><![CDATA[]]></system-err>
      </testcase>
      <testcase name="Test Cases/Engine_Scoring/Engine Scoring" time="5.481" classname="Test Cases/Engine_Scoring/Engine Scoring" status="PASSED">
         <system-out><![CDATA[2022-11-22 14:59:50 - [TEST_CASE][PASSED] - Test Cases/Engine_Scoring/Engine Scoring: Test Cases/Engine_Scoring/Engine Scoring

2022-11-22 14:59:51 - [TEST_STEP][PASSED] - markPassed("Variasi data ke : " + no): Variasi data ke : 241

2022-11-22 14:59:51 - [MESSAGE][PASSED] - Variasi data ke : 241

2022-11-22 14:59:51 - [TEST_STEP][PASSED] - req_data = sendRequest(findTestObject("Search_ME", ["MID":MID, "source":source, "ip":ip, "userid":userid, "branch":branch, "tipekons":tipekons, "marital":marital, "penjamin":penjamin, ... ])): Send request successfully

2022-11-22 14:59:52 - [MESSAGE][INFO] - HAR: D:\DMS\Engine Scoring\Reports\20221122_143755\Exclude KKB - DS\Scoring Individu - CS\20221122_143756\requests\main\480.har

2022-11-22 14:59:52 - [MESSAGE][PASSED] - Send request successfully

2022-11-22 14:59:52 - [TEST_STEP][PASSED] - slurper = new groovy.json.JsonSlurper(): null

2022-11-22 14:59:52 - [TEST_STEP][PASSED] - result = slurper.parseText(req_data.getResponseBodyContent()): null

2022-11-22 14:59:52 - [TEST_STEP][PASSED] - reqid_kons = requestid1: null

2022-11-22 14:59:52 - [TEST_STEP][PASSED] - reqid_spouse = requestid2: null

2022-11-22 14:59:52 - [TEST_STEP][PASSED] - println("requestid kons : " + reqid_kons): null

2022-11-22 14:59:52 - [TEST_STEP][PASSED] - response_searchME_kons = reqid_kons: null

2022-11-22 14:59:52 - [TEST_STEP][PASSED] - response_searchME_spouse = reqid_spouse: null

2022-11-22 14:59:52 - [TEST_STEP][PASSED] - println("kons req id is :" + response_searchME_kons): null

2022-11-22 14:59:52 - [TEST_STEP][PASSED] - println("spouse req id is : " + response_searchME_spouse): null

2022-11-22 14:59:52 - [TEST_STEP][PASSED] - verifyResponseStatusCode(req_data, 200): Verify response status code successfully

2022-11-22 14:59:52 - [MESSAGE][PASSED] - Verify response status code successfully

2022-11-22 14:59:52 - [TEST_STEP][PASSED] - response = req_data.getResponseText(): null

2022-11-22 14:59:52 - [TEST_STEP][PASSED] - logInfo($response): {"status":"Done","data":{"requestid1":"241781","requestid2":""}}

2022-11-22 14:59:52 - [MESSAGE][INFO] - {"status":"Done","data":{"requestid1":"241781","requestid2":""}}

2022-11-22 14:59:52 - [TEST_STEP][PASSED] - delay(3): Delayed 3 second(s)

2022-11-22 14:59:55 - [MESSAGE][PASSED] - Delayed 3 second(s)

2022-11-22 14:59:55 - [TEST_STEP][PASSED] - scoring = sendRequest(findTestObject("EngineScore", ["response_searchME_kons":response_searchME_kons, "response_searchME_spouse":response_searchME_spouse])): Send request successfully

2022-11-22 14:59:55 - [MESSAGE][INFO] - HAR: D:\DMS\Engine Scoring\Reports\20221122_143755\Exclude KKB - DS\Scoring Individu - CS\20221122_143756\requests\main\481.har

2022-11-22 14:59:55 - [MESSAGE][PASSED] - Send request successfully

2022-11-22 14:59:55 - [TEST_STEP][PASSED] - verifyResponseStatusCode(scoring, 200): Verify response status code successfully

2022-11-22 14:59:55 - [MESSAGE][PASSED] - Verify response status code successfully

2022-11-22 14:59:55 - [TEST_STEP][PASSED] - response2 = scoring.getResponseText(): null

2022-11-22 14:59:55 - [TEST_STEP][PASSED] - markPassed("result service data ke : " + no): result service data ke : 241

2022-11-22 14:59:55 - [MESSAGE][PASSED] - result service data ke : 241

2022-11-22 14:59:55 - [TEST_STEP][PASSED] - logInfo($response2): {"result_konsumen":"Reject","result_pasangan":"","Final_result":"Reject","errorMessage":"","status":"Done"}

2022-11-22 14:59:55 - [MESSAGE][INFO] - {"result_konsumen":"Reject","result_pasangan":"","Final_result":"Reject","errorMessage":"","status":"Done"}

2022-11-22 14:59:55 - [TEST_STEP][PASSED] - verifyElementPropertyValue(scoring, "Final_result", final_result): Verify element property value successfully

2022-11-22 14:59:55 - [MESSAGE][PASSED] - Verify element property value successfully]]></system-out>
         <system-err><![CDATA[]]></system-err>
      </testcase>
      <testcase name="Test Cases/Engine_Scoring/Engine Scoring" time="5.582" classname="Test Cases/Engine_Scoring/Engine Scoring" status="PASSED">
         <system-out><![CDATA[2022-11-22 14:59:55 - [TEST_CASE][PASSED] - Test Cases/Engine_Scoring/Engine Scoring: Test Cases/Engine_Scoring/Engine Scoring

2022-11-22 14:59:57 - [TEST_STEP][PASSED] - markPassed("Variasi data ke : " + no): Variasi data ke : 242

2022-11-22 14:59:57 - [MESSAGE][PASSED] - Variasi data ke : 242

2022-11-22 14:59:57 - [TEST_STEP][PASSED] - req_data = sendRequest(findTestObject("Search_ME", ["MID":MID, "source":source, "ip":ip, "userid":userid, "branch":branch, "tipekons":tipekons, "marital":marital, "penjamin":penjamin, ... ])): Send request successfully

2022-11-22 14:59:58 - [MESSAGE][INFO] - HAR: D:\DMS\Engine Scoring\Reports\20221122_143755\Exclude KKB - DS\Scoring Individu - CS\20221122_143756\requests\main\482.har

2022-11-22 14:59:58 - [MESSAGE][PASSED] - Send request successfully

2022-11-22 14:59:58 - [TEST_STEP][PASSED] - slurper = new groovy.json.JsonSlurper(): null

2022-11-22 14:59:58 - [TEST_STEP][PASSED] - result = slurper.parseText(req_data.getResponseBodyContent()): null

2022-11-22 14:59:58 - [TEST_STEP][PASSED] - reqid_kons = requestid1: null

2022-11-22 14:59:58 - [TEST_STEP][PASSED] - reqid_spouse = requestid2: null

2022-11-22 14:59:58 - [TEST_STEP][PASSED] - println("requestid kons : " + reqid_kons): null

2022-11-22 14:59:58 - [TEST_STEP][PASSED] - response_searchME_kons = reqid_kons: null

2022-11-22 14:59:58 - [TEST_STEP][PASSED] - response_searchME_spouse = reqid_spouse: null

2022-11-22 14:59:58 - [TEST_STEP][PASSED] - println("kons req id is :" + response_searchME_kons): null

2022-11-22 14:59:58 - [TEST_STEP][PASSED] - println("spouse req id is : " + response_searchME_spouse): null

2022-11-22 14:59:58 - [TEST_STEP][PASSED] - verifyResponseStatusCode(req_data, 200): Verify response status code successfully

2022-11-22 14:59:58 - [MESSAGE][PASSED] - Verify response status code successfully

2022-11-22 14:59:58 - [TEST_STEP][PASSED] - response = req_data.getResponseText(): null

2022-11-22 14:59:58 - [TEST_STEP][PASSED] - logInfo($response): {"status":"Done","data":{"requestid1":"241782","requestid2":""}}

2022-11-22 14:59:58 - [MESSAGE][INFO] - {"status":"Done","data":{"requestid1":"241782","requestid2":""}}

2022-11-22 14:59:58 - [TEST_STEP][PASSED] - delay(3): Delayed 3 second(s)

2022-11-22 15:00:01 - [MESSAGE][PASSED] - Delayed 3 second(s)

2022-11-22 15:00:01 - [TEST_STEP][PASSED] - scoring = sendRequest(findTestObject("EngineScore", ["response_searchME_kons":response_searchME_kons, "response_searchME_spouse":response_searchME_spouse])): Send request successfully

2022-11-22 15:00:01 - [MESSAGE][INFO] - HAR: D:\DMS\Engine Scoring\Reports\20221122_143755\Exclude KKB - DS\Scoring Individu - CS\20221122_143756\requests\main\483.har

2022-11-22 15:00:01 - [MESSAGE][PASSED] - Send request successfully

2022-11-22 15:00:01 - [TEST_STEP][PASSED] - verifyResponseStatusCode(scoring, 200): Verify response status code successfully

2022-11-22 15:00:01 - [MESSAGE][PASSED] - Verify response status code successfully

2022-11-22 15:00:01 - [TEST_STEP][PASSED] - response2 = scoring.getResponseText(): null

2022-11-22 15:00:01 - [TEST_STEP][PASSED] - markPassed("result service data ke : " + no): result service data ke : 242

2022-11-22 15:00:01 - [MESSAGE][PASSED] - result service data ke : 242

2022-11-22 15:00:01 - [TEST_STEP][PASSED] - logInfo($response2): {"result_konsumen":"Reject","result_pasangan":"","Final_result":"Reject","errorMessage":"","status":"Done"}

2022-11-22 15:00:01 - [MESSAGE][INFO] - {"result_konsumen":"Reject","result_pasangan":"","Final_result":"Reject","errorMessage":"","status":"Done"}

2022-11-22 15:00:01 - [TEST_STEP][PASSED] - verifyElementPropertyValue(scoring, "Final_result", final_result): Verify element property value successfully

2022-11-22 15:00:01 - [MESSAGE][PASSED] - Verify element property value successfully]]></system-out>
         <system-err><![CDATA[]]></system-err>
      </testcase>
      <testcase name="Test Cases/Engine_Scoring/Engine Scoring" time="5.644" classname="Test Cases/Engine_Scoring/Engine Scoring" status="PASSED">
         <system-out><![CDATA[2022-11-22 15:00:01 - [TEST_CASE][PASSED] - Test Cases/Engine_Scoring/Engine Scoring: Test Cases/Engine_Scoring/Engine Scoring

2022-11-22 15:00:02 - [TEST_STEP][PASSED] - markPassed("Variasi data ke : " + no): Variasi data ke : 243

2022-11-22 15:00:02 - [MESSAGE][PASSED] - Variasi data ke : 243

2022-11-22 15:00:02 - [TEST_STEP][PASSED] - req_data = sendRequest(findTestObject("Search_ME", ["MID":MID, "source":source, "ip":ip, "userid":userid, "branch":branch, "tipekons":tipekons, "marital":marital, "penjamin":penjamin, ... ])): Send request successfully

2022-11-22 15:00:04 - [MESSAGE][INFO] - HAR: D:\DMS\Engine Scoring\Reports\20221122_143755\Exclude KKB - DS\Scoring Individu - CS\20221122_143756\requests\main\484.har

2022-11-22 15:00:04 - [MESSAGE][PASSED] - Send request successfully

2022-11-22 15:00:04 - [TEST_STEP][PASSED] - slurper = new groovy.json.JsonSlurper(): null

2022-11-22 15:00:04 - [TEST_STEP][PASSED] - result = slurper.parseText(req_data.getResponseBodyContent()): null

2022-11-22 15:00:04 - [TEST_STEP][PASSED] - reqid_kons = requestid1: null

2022-11-22 15:00:04 - [TEST_STEP][PASSED] - reqid_spouse = requestid2: null

2022-11-22 15:00:04 - [TEST_STEP][PASSED] - println("requestid kons : " + reqid_kons): null

2022-11-22 15:00:04 - [TEST_STEP][PASSED] - response_searchME_kons = reqid_kons: null

2022-11-22 15:00:04 - [TEST_STEP][PASSED] - response_searchME_spouse = reqid_spouse: null

2022-11-22 15:00:04 - [TEST_STEP][PASSED] - println("kons req id is :" + response_searchME_kons): null

2022-11-22 15:00:04 - [TEST_STEP][PASSED] - println("spouse req id is : " + response_searchME_spouse): null

2022-11-22 15:00:04 - [TEST_STEP][PASSED] - verifyResponseStatusCode(req_data, 200): Verify response status code successfully

2022-11-22 15:00:04 - [MESSAGE][PASSED] - Verify response status code successfully

2022-11-22 15:00:04 - [TEST_STEP][PASSED] - response = req_data.getResponseText(): null

2022-11-22 15:00:04 - [TEST_STEP][PASSED] - logInfo($response): {"status":"Done","data":{"requestid1":"241783","requestid2":""}}

2022-11-22 15:00:04 - [MESSAGE][INFO] - {"status":"Done","data":{"requestid1":"241783","requestid2":""}}

2022-11-22 15:00:04 - [TEST_STEP][PASSED] - delay(3): Delayed 3 second(s)

2022-11-22 15:00:07 - [MESSAGE][PASSED] - Delayed 3 second(s)

2022-11-22 15:00:07 - [TEST_STEP][PASSED] - scoring = sendRequest(findTestObject("EngineScore", ["response_searchME_kons":response_searchME_kons, "response_searchME_spouse":response_searchME_spouse])): Send request successfully

2022-11-22 15:00:07 - [MESSAGE][INFO] - HAR: D:\DMS\Engine Scoring\Reports\20221122_143755\Exclude KKB - DS\Scoring Individu - CS\20221122_143756\requests\main\485.har

2022-11-22 15:00:07 - [MESSAGE][PASSED] - Send request successfully

2022-11-22 15:00:07 - [TEST_STEP][PASSED] - verifyResponseStatusCode(scoring, 200): Verify response status code successfully

2022-11-22 15:00:07 - [MESSAGE][PASSED] - Verify response status code successfully

2022-11-22 15:00:07 - [TEST_STEP][PASSED] - response2 = scoring.getResponseText(): null

2022-11-22 15:00:07 - [TEST_STEP][PASSED] - markPassed("result service data ke : " + no): result service data ke : 243

2022-11-22 15:00:07 - [MESSAGE][PASSED] - result service data ke : 243

2022-11-22 15:00:07 - [TEST_STEP][PASSED] - logInfo($response2): {"result_konsumen":"Reject","result_pasangan":"","Final_result":"Reject","errorMessage":"","status":"Done"}

2022-11-22 15:00:07 - [MESSAGE][INFO] - {"result_konsumen":"Reject","result_pasangan":"","Final_result":"Reject","errorMessage":"","status":"Done"}

2022-11-22 15:00:07 - [TEST_STEP][PASSED] - verifyElementPropertyValue(scoring, "Final_result", final_result): Verify element property value successfully

2022-11-22 15:00:07 - [MESSAGE][PASSED] - Verify element property value successfully]]></system-out>
         <system-err><![CDATA[]]></system-err>
      </testcase>
      <testcase name="Test Cases/Engine_Scoring/Engine Scoring" time="5.412" classname="Test Cases/Engine_Scoring/Engine Scoring" status="PASSED">
         <system-out><![CDATA[2022-11-22 15:00:07 - [TEST_CASE][PASSED] - Test Cases/Engine_Scoring/Engine Scoring: Test Cases/Engine_Scoring/Engine Scoring

2022-11-22 15:00:08 - [TEST_STEP][PASSED] - markPassed("Variasi data ke : " + no): Variasi data ke : 244

2022-11-22 15:00:08 - [MESSAGE][PASSED] - Variasi data ke : 244

2022-11-22 15:00:08 - [TEST_STEP][PASSED] - req_data = sendRequest(findTestObject("Search_ME", ["MID":MID, "source":source, "ip":ip, "userid":userid, "branch":branch, "tipekons":tipekons, "marital":marital, "penjamin":penjamin, ... ])): Send request successfully

2022-11-22 15:00:09 - [MESSAGE][INFO] - HAR: D:\DMS\Engine Scoring\Reports\20221122_143755\Exclude KKB - DS\Scoring Individu - CS\20221122_143756\requests\main\486.har

2022-11-22 15:00:09 - [MESSAGE][PASSED] - Send request successfully

2022-11-22 15:00:09 - [TEST_STEP][PASSED] - slurper = new groovy.json.JsonSlurper(): null

2022-11-22 15:00:09 - [TEST_STEP][PASSED] - result = slurper.parseText(req_data.getResponseBodyContent()): null

2022-11-22 15:00:09 - [TEST_STEP][PASSED] - reqid_kons = requestid1: null

2022-11-22 15:00:09 - [TEST_STEP][PASSED] - reqid_spouse = requestid2: null

2022-11-22 15:00:09 - [TEST_STEP][PASSED] - println("requestid kons : " + reqid_kons): null

2022-11-22 15:00:09 - [TEST_STEP][PASSED] - response_searchME_kons = reqid_kons: null

2022-11-22 15:00:09 - [TEST_STEP][PASSED] - response_searchME_spouse = reqid_spouse: null

2022-11-22 15:00:09 - [TEST_STEP][PASSED] - println("kons req id is :" + response_searchME_kons): null

2022-11-22 15:00:09 - [TEST_STEP][PASSED] - println("spouse req id is : " + response_searchME_spouse): null

2022-11-22 15:00:09 - [TEST_STEP][PASSED] - verifyResponseStatusCode(req_data, 200): Verify response status code successfully

2022-11-22 15:00:09 - [MESSAGE][PASSED] - Verify response status code successfully

2022-11-22 15:00:09 - [TEST_STEP][PASSED] - response = req_data.getResponseText(): null

2022-11-22 15:00:09 - [TEST_STEP][PASSED] - logInfo($response): {"status":"Done","data":{"requestid1":"241784","requestid2":""}}

2022-11-22 15:00:09 - [MESSAGE][INFO] - {"status":"Done","data":{"requestid1":"241784","requestid2":""}}

2022-11-22 15:00:09 - [TEST_STEP][PASSED] - delay(3): Delayed 3 second(s)

2022-11-22 15:00:12 - [MESSAGE][PASSED] - Delayed 3 second(s)

2022-11-22 15:00:12 - [TEST_STEP][PASSED] - scoring = sendRequest(findTestObject("EngineScore", ["response_searchME_kons":response_searchME_kons, "response_searchME_spouse":response_searchME_spouse])): Send request successfully

2022-11-22 15:00:12 - [MESSAGE][INFO] - HAR: D:\DMS\Engine Scoring\Reports\20221122_143755\Exclude KKB - DS\Scoring Individu - CS\20221122_143756\requests\main\487.har

2022-11-22 15:00:12 - [MESSAGE][PASSED] - Send request successfully

2022-11-22 15:00:12 - [TEST_STEP][PASSED] - verifyResponseStatusCode(scoring, 200): Verify response status code successfully

2022-11-22 15:00:12 - [MESSAGE][PASSED] - Verify response status code successfully

2022-11-22 15:00:12 - [TEST_STEP][PASSED] - response2 = scoring.getResponseText(): null

2022-11-22 15:00:12 - [TEST_STEP][PASSED] - markPassed("result service data ke : " + no): result service data ke : 244

2022-11-22 15:00:12 - [MESSAGE][PASSED] - result service data ke : 244

2022-11-22 15:00:12 - [TEST_STEP][PASSED] - logInfo($response2): {"result_konsumen":"Reject","result_pasangan":"","Final_result":"Reject","errorMessage":"","status":"Done"}

2022-11-22 15:00:12 - [MESSAGE][INFO] - {"result_konsumen":"Reject","result_pasangan":"","Final_result":"Reject","errorMessage":"","status":"Done"}

2022-11-22 15:00:12 - [TEST_STEP][PASSED] - verifyElementPropertyValue(scoring, "Final_result", final_result): Verify element property value successfully

2022-11-22 15:00:12 - [MESSAGE][PASSED] - Verify element property value successfully]]></system-out>
         <system-err><![CDATA[]]></system-err>
      </testcase>
      <testcase name="Test Cases/Engine_Scoring/Engine Scoring" time="5.689" classname="Test Cases/Engine_Scoring/Engine Scoring" status="PASSED">
         <system-out><![CDATA[2022-11-22 15:00:12 - [TEST_CASE][PASSED] - Test Cases/Engine_Scoring/Engine Scoring: Test Cases/Engine_Scoring/Engine Scoring

2022-11-22 15:00:14 - [TEST_STEP][PASSED] - markPassed("Variasi data ke : " + no): Variasi data ke : 245

2022-11-22 15:00:14 - [MESSAGE][PASSED] - Variasi data ke : 245

2022-11-22 15:00:14 - [TEST_STEP][PASSED] - req_data = sendRequest(findTestObject("Search_ME", ["MID":MID, "source":source, "ip":ip, "userid":userid, "branch":branch, "tipekons":tipekons, "marital":marital, "penjamin":penjamin, ... ])): Send request successfully

2022-11-22 15:00:15 - [MESSAGE][INFO] - HAR: D:\DMS\Engine Scoring\Reports\20221122_143755\Exclude KKB - DS\Scoring Individu - CS\20221122_143756\requests\main\488.har

2022-11-22 15:00:15 - [MESSAGE][PASSED] - Send request successfully

2022-11-22 15:00:15 - [TEST_STEP][PASSED] - slurper = new groovy.json.JsonSlurper(): null

2022-11-22 15:00:15 - [TEST_STEP][PASSED] - result = slurper.parseText(req_data.getResponseBodyContent()): null

2022-11-22 15:00:15 - [TEST_STEP][PASSED] - reqid_kons = requestid1: null

2022-11-22 15:00:15 - [TEST_STEP][PASSED] - reqid_spouse = requestid2: null

2022-11-22 15:00:15 - [TEST_STEP][PASSED] - println("requestid kons : " + reqid_kons): null

2022-11-22 15:00:15 - [TEST_STEP][PASSED] - response_searchME_kons = reqid_kons: null

2022-11-22 15:00:15 - [TEST_STEP][PASSED] - response_searchME_spouse = reqid_spouse: null

2022-11-22 15:00:15 - [TEST_STEP][PASSED] - println("kons req id is :" + response_searchME_kons): null

2022-11-22 15:00:15 - [TEST_STEP][PASSED] - println("spouse req id is : " + response_searchME_spouse): null

2022-11-22 15:00:15 - [TEST_STEP][PASSED] - verifyResponseStatusCode(req_data, 200): Verify response status code successfully

2022-11-22 15:00:15 - [MESSAGE][PASSED] - Verify response status code successfully

2022-11-22 15:00:15 - [TEST_STEP][PASSED] - response = req_data.getResponseText(): null

2022-11-22 15:00:15 - [TEST_STEP][PASSED] - logInfo($response): {"status":"Done","data":{"requestid1":"241785","requestid2":""}}

2022-11-22 15:00:15 - [MESSAGE][INFO] - {"status":"Done","data":{"requestid1":"241785","requestid2":""}}

2022-11-22 15:00:15 - [TEST_STEP][PASSED] - delay(3): Delayed 3 second(s)

2022-11-22 15:00:18 - [MESSAGE][PASSED] - Delayed 3 second(s)

2022-11-22 15:00:18 - [TEST_STEP][PASSED] - scoring = sendRequest(findTestObject("EngineScore", ["response_searchME_kons":response_searchME_kons, "response_searchME_spouse":response_searchME_spouse])): Send request successfully

2022-11-22 15:00:18 - [MESSAGE][INFO] - HAR: D:\DMS\Engine Scoring\Reports\20221122_143755\Exclude KKB - DS\Scoring Individu - CS\20221122_143756\requests\main\489.har

2022-11-22 15:00:18 - [MESSAGE][PASSED] - Send request successfully

2022-11-22 15:00:18 - [TEST_STEP][PASSED] - verifyResponseStatusCode(scoring, 200): Verify response status code successfully

2022-11-22 15:00:18 - [MESSAGE][PASSED] - Verify response status code successfully

2022-11-22 15:00:18 - [TEST_STEP][PASSED] - response2 = scoring.getResponseText(): null

2022-11-22 15:00:18 - [TEST_STEP][PASSED] - markPassed("result service data ke : " + no): result service data ke : 245

2022-11-22 15:00:18 - [MESSAGE][PASSED] - result service data ke : 245

2022-11-22 15:00:18 - [TEST_STEP][PASSED] - logInfo($response2): {"result_konsumen":"Reject","result_pasangan":"","Final_result":"Reject","errorMessage":"","status":"Done"}

2022-11-22 15:00:18 - [MESSAGE][INFO] - {"result_konsumen":"Reject","result_pasangan":"","Final_result":"Reject","errorMessage":"","status":"Done"}

2022-11-22 15:00:18 - [TEST_STEP][PASSED] - verifyElementPropertyValue(scoring, "Final_result", final_result): Verify element property value successfully

2022-11-22 15:00:18 - [MESSAGE][PASSED] - Verify element property value successfully]]></system-out>
         <system-err><![CDATA[]]></system-err>
      </testcase>
      <testcase name="Test Cases/Engine_Scoring/Engine Scoring" time="5.649" classname="Test Cases/Engine_Scoring/Engine Scoring" status="PASSED">
         <system-out><![CDATA[2022-11-22 15:00:18 - [TEST_CASE][PASSED] - Test Cases/Engine_Scoring/Engine Scoring: Test Cases/Engine_Scoring/Engine Scoring

2022-11-22 15:00:19 - [TEST_STEP][PASSED] - markPassed("Variasi data ke : " + no): Variasi data ke : 246

2022-11-22 15:00:19 - [MESSAGE][PASSED] - Variasi data ke : 246

2022-11-22 15:00:19 - [TEST_STEP][PASSED] - req_data = sendRequest(findTestObject("Search_ME", ["MID":MID, "source":source, "ip":ip, "userid":userid, "branch":branch, "tipekons":tipekons, "marital":marital, "penjamin":penjamin, ... ])): Send request successfully

2022-11-22 15:00:20 - [MESSAGE][INFO] - HAR: D:\DMS\Engine Scoring\Reports\20221122_143755\Exclude KKB - DS\Scoring Individu - CS\20221122_143756\requests\main\490.har

2022-11-22 15:00:20 - [MESSAGE][PASSED] - Send request successfully

2022-11-22 15:00:20 - [TEST_STEP][PASSED] - slurper = new groovy.json.JsonSlurper(): null

2022-11-22 15:00:20 - [TEST_STEP][PASSED] - result = slurper.parseText(req_data.getResponseBodyContent()): null

2022-11-22 15:00:20 - [TEST_STEP][PASSED] - reqid_kons = requestid1: null

2022-11-22 15:00:20 - [TEST_STEP][PASSED] - reqid_spouse = requestid2: null

2022-11-22 15:00:20 - [TEST_STEP][PASSED] - println("requestid kons : " + reqid_kons): null

2022-11-22 15:00:20 - [TEST_STEP][PASSED] - response_searchME_kons = reqid_kons: null

2022-11-22 15:00:20 - [TEST_STEP][PASSED] - response_searchME_spouse = reqid_spouse: null

2022-11-22 15:00:20 - [TEST_STEP][PASSED] - println("kons req id is :" + response_searchME_kons): null

2022-11-22 15:00:20 - [TEST_STEP][PASSED] - println("spouse req id is : " + response_searchME_spouse): null

2022-11-22 15:00:20 - [TEST_STEP][PASSED] - verifyResponseStatusCode(req_data, 200): Verify response status code successfully

2022-11-22 15:00:20 - [MESSAGE][PASSED] - Verify response status code successfully

2022-11-22 15:00:20 - [TEST_STEP][PASSED] - response = req_data.getResponseText(): null

2022-11-22 15:00:20 - [TEST_STEP][PASSED] - logInfo($response): {"status":"Done","data":{"requestid1":"241786","requestid2":""}}

2022-11-22 15:00:20 - [MESSAGE][INFO] - {"status":"Done","data":{"requestid1":"241786","requestid2":""}}

2022-11-22 15:00:20 - [TEST_STEP][PASSED] - delay(3): Delayed 3 second(s)

2022-11-22 15:00:24 - [MESSAGE][PASSED] - Delayed 3 second(s)

2022-11-22 15:00:24 - [TEST_STEP][PASSED] - scoring = sendRequest(findTestObject("EngineScore", ["response_searchME_kons":response_searchME_kons, "response_searchME_spouse":response_searchME_spouse])): Send request successfully

2022-11-22 15:00:24 - [MESSAGE][INFO] - HAR: D:\DMS\Engine Scoring\Reports\20221122_143755\Exclude KKB - DS\Scoring Individu - CS\20221122_143756\requests\main\491.har

2022-11-22 15:00:24 - [MESSAGE][PASSED] - Send request successfully

2022-11-22 15:00:24 - [TEST_STEP][PASSED] - verifyResponseStatusCode(scoring, 200): Verify response status code successfully

2022-11-22 15:00:24 - [MESSAGE][PASSED] - Verify response status code successfully

2022-11-22 15:00:24 - [TEST_STEP][PASSED] - response2 = scoring.getResponseText(): null

2022-11-22 15:00:24 - [TEST_STEP][PASSED] - markPassed("result service data ke : " + no): result service data ke : 246

2022-11-22 15:00:24 - [MESSAGE][PASSED] - result service data ke : 246

2022-11-22 15:00:24 - [TEST_STEP][PASSED] - logInfo($response2): {"result_konsumen":"Reject","result_pasangan":"","Final_result":"Reject","errorMessage":"","status":"Done"}

2022-11-22 15:00:24 - [MESSAGE][INFO] - {"result_konsumen":"Reject","result_pasangan":"","Final_result":"Reject","errorMessage":"","status":"Done"}

2022-11-22 15:00:24 - [TEST_STEP][PASSED] - verifyElementPropertyValue(scoring, "Final_result", final_result): Verify element property value successfully

2022-11-22 15:00:24 - [MESSAGE][PASSED] - Verify element property value successfully]]></system-out>
         <system-err><![CDATA[]]></system-err>
      </testcase>
      <testcase name="Test Cases/Engine_Scoring/Engine Scoring" time="7.616" classname="Test Cases/Engine_Scoring/Engine Scoring" status="PASSED">
         <system-out><![CDATA[2022-11-22 15:00:24 - [TEST_CASE][PASSED] - Test Cases/Engine_Scoring/Engine Scoring: Test Cases/Engine_Scoring/Engine Scoring

2022-11-22 15:00:25 - [TEST_STEP][PASSED] - markPassed("Variasi data ke : " + no): Variasi data ke : 247

2022-11-22 15:00:25 - [MESSAGE][PASSED] - Variasi data ke : 247

2022-11-22 15:00:25 - [TEST_STEP][PASSED] - req_data = sendRequest(findTestObject("Search_ME", ["MID":MID, "source":source, "ip":ip, "userid":userid, "branch":branch, "tipekons":tipekons, "marital":marital, "penjamin":penjamin, ... ])): Send request successfully

2022-11-22 15:00:28 - [MESSAGE][INFO] - HAR: D:\DMS\Engine Scoring\Reports\20221122_143755\Exclude KKB - DS\Scoring Individu - CS\20221122_143756\requests\main\492.har

2022-11-22 15:00:28 - [MESSAGE][PASSED] - Send request successfully

2022-11-22 15:00:28 - [TEST_STEP][PASSED] - slurper = new groovy.json.JsonSlurper(): null

2022-11-22 15:00:28 - [TEST_STEP][PASSED] - result = slurper.parseText(req_data.getResponseBodyContent()): null

2022-11-22 15:00:28 - [TEST_STEP][PASSED] - reqid_kons = requestid1: null

2022-11-22 15:00:28 - [TEST_STEP][PASSED] - reqid_spouse = requestid2: null

2022-11-22 15:00:28 - [TEST_STEP][PASSED] - println("requestid kons : " + reqid_kons): null

2022-11-22 15:00:28 - [TEST_STEP][PASSED] - response_searchME_kons = reqid_kons: null

2022-11-22 15:00:28 - [TEST_STEP][PASSED] - response_searchME_spouse = reqid_spouse: null

2022-11-22 15:00:28 - [TEST_STEP][PASSED] - println("kons req id is :" + response_searchME_kons): null

2022-11-22 15:00:28 - [TEST_STEP][PASSED] - println("spouse req id is : " + response_searchME_spouse): null

2022-11-22 15:00:28 - [TEST_STEP][PASSED] - verifyResponseStatusCode(req_data, 200): Verify response status code successfully

2022-11-22 15:00:28 - [MESSAGE][PASSED] - Verify response status code successfully

2022-11-22 15:00:28 - [TEST_STEP][PASSED] - response = req_data.getResponseText(): null

2022-11-22 15:00:28 - [TEST_STEP][PASSED] - logInfo($response): {"status":"Done","data":{"requestid1":"241787","requestid2":""}}

2022-11-22 15:00:28 - [MESSAGE][INFO] - {"status":"Done","data":{"requestid1":"241787","requestid2":""}}

2022-11-22 15:00:28 - [TEST_STEP][PASSED] - delay(3): Delayed 3 second(s)

2022-11-22 15:00:31 - [MESSAGE][PASSED] - Delayed 3 second(s)

2022-11-22 15:00:31 - [TEST_STEP][PASSED] - scoring = sendRequest(findTestObject("EngineScore", ["response_searchME_kons":response_searchME_kons, "response_searchME_spouse":response_searchME_spouse])): Send request successfully

2022-11-22 15:00:31 - [MESSAGE][INFO] - HAR: D:\DMS\Engine Scoring\Reports\20221122_143755\Exclude KKB - DS\Scoring Individu - CS\20221122_143756\requests\main\493.har

2022-11-22 15:00:31 - [MESSAGE][PASSED] - Send request successfully

2022-11-22 15:00:31 - [TEST_STEP][PASSED] - verifyResponseStatusCode(scoring, 200): Verify response status code successfully

2022-11-22 15:00:31 - [MESSAGE][PASSED] - Verify response status code successfully

2022-11-22 15:00:31 - [TEST_STEP][PASSED] - response2 = scoring.getResponseText(): null

2022-11-22 15:00:31 - [TEST_STEP][PASSED] - markPassed("result service data ke : " + no): result service data ke : 247

2022-11-22 15:00:31 - [MESSAGE][PASSED] - result service data ke : 247

2022-11-22 15:00:31 - [TEST_STEP][PASSED] - logInfo($response2): {"result_konsumen":"Reject","result_pasangan":"","Final_result":"Reject","errorMessage":"","status":"Done"}

2022-11-22 15:00:31 - [MESSAGE][INFO] - {"result_konsumen":"Reject","result_pasangan":"","Final_result":"Reject","errorMessage":"","status":"Done"}

2022-11-22 15:00:31 - [TEST_STEP][PASSED] - verifyElementPropertyValue(scoring, "Final_result", final_result): Verify element property value successfully

2022-11-22 15:00:31 - [MESSAGE][PASSED] - Verify element property value successfully]]></system-out>
         <system-err><![CDATA[]]></system-err>
      </testcase>
      <testcase name="Test Cases/Engine_Scoring/Engine Scoring" time="6.279" classname="Test Cases/Engine_Scoring/Engine Scoring" status="PASSED">
         <system-out><![CDATA[2022-11-22 15:00:31 - [TEST_CASE][PASSED] - Test Cases/Engine_Scoring/Engine Scoring: Test Cases/Engine_Scoring/Engine Scoring

2022-11-22 15:00:33 - [TEST_STEP][PASSED] - markPassed("Variasi data ke : " + no): Variasi data ke : 248

2022-11-22 15:00:33 - [MESSAGE][PASSED] - Variasi data ke : 248

2022-11-22 15:00:33 - [TEST_STEP][PASSED] - req_data = sendRequest(findTestObject("Search_ME", ["MID":MID, "source":source, "ip":ip, "userid":userid, "branch":branch, "tipekons":tipekons, "marital":marital, "penjamin":penjamin, ... ])): Send request successfully

2022-11-22 15:00:34 - [MESSAGE][INFO] - HAR: D:\DMS\Engine Scoring\Reports\20221122_143755\Exclude KKB - DS\Scoring Individu - CS\20221122_143756\requests\main\494.har

2022-11-22 15:00:35 - [MESSAGE][PASSED] - Send request successfully

2022-11-22 15:00:35 - [TEST_STEP][PASSED] - slurper = new groovy.json.JsonSlurper(): null

2022-11-22 15:00:35 - [TEST_STEP][PASSED] - result = slurper.parseText(req_data.getResponseBodyContent()): null

2022-11-22 15:00:35 - [TEST_STEP][PASSED] - reqid_kons = requestid1: null

2022-11-22 15:00:35 - [TEST_STEP][PASSED] - reqid_spouse = requestid2: null

2022-11-22 15:00:35 - [TEST_STEP][PASSED] - println("requestid kons : " + reqid_kons): null

2022-11-22 15:00:35 - [TEST_STEP][PASSED] - response_searchME_kons = reqid_kons: null

2022-11-22 15:00:35 - [TEST_STEP][PASSED] - response_searchME_spouse = reqid_spouse: null

2022-11-22 15:00:35 - [TEST_STEP][PASSED] - println("kons req id is :" + response_searchME_kons): null

2022-11-22 15:00:35 - [TEST_STEP][PASSED] - println("spouse req id is : " + response_searchME_spouse): null

2022-11-22 15:00:35 - [TEST_STEP][PASSED] - verifyResponseStatusCode(req_data, 200): Verify response status code successfully

2022-11-22 15:00:35 - [MESSAGE][PASSED] - Verify response status code successfully

2022-11-22 15:00:35 - [TEST_STEP][PASSED] - response = req_data.getResponseText(): null

2022-11-22 15:00:35 - [TEST_STEP][PASSED] - logInfo($response): {"status":"Done","data":{"requestid1":"241788","requestid2":""}}

2022-11-22 15:00:35 - [MESSAGE][INFO] - {"status":"Done","data":{"requestid1":"241788","requestid2":""}}

2022-11-22 15:00:35 - [TEST_STEP][PASSED] - delay(3): Delayed 3 second(s)

2022-11-22 15:00:38 - [MESSAGE][PASSED] - Delayed 3 second(s)

2022-11-22 15:00:38 - [TEST_STEP][PASSED] - scoring = sendRequest(findTestObject("EngineScore", ["response_searchME_kons":response_searchME_kons, "response_searchME_spouse":response_searchME_spouse])): Send request successfully

2022-11-22 15:00:38 - [MESSAGE][INFO] - HAR: D:\DMS\Engine Scoring\Reports\20221122_143755\Exclude KKB - DS\Scoring Individu - CS\20221122_143756\requests\main\495.har

2022-11-22 15:00:38 - [MESSAGE][PASSED] - Send request successfully

2022-11-22 15:00:38 - [TEST_STEP][PASSED] - verifyResponseStatusCode(scoring, 200): Verify response status code successfully

2022-11-22 15:00:38 - [MESSAGE][PASSED] - Verify response status code successfully

2022-11-22 15:00:38 - [TEST_STEP][PASSED] - response2 = scoring.getResponseText(): null

2022-11-22 15:00:38 - [TEST_STEP][PASSED] - markPassed("result service data ke : " + no): result service data ke : 248

2022-11-22 15:00:38 - [MESSAGE][PASSED] - result service data ke : 248

2022-11-22 15:00:38 - [TEST_STEP][PASSED] - logInfo($response2): {"result_konsumen":"Reject","result_pasangan":"","Final_result":"Reject","errorMessage":"","status":"Done"}

2022-11-22 15:00:38 - [MESSAGE][INFO] - {"result_konsumen":"Reject","result_pasangan":"","Final_result":"Reject","errorMessage":"","status":"Done"}

2022-11-22 15:00:38 - [TEST_STEP][PASSED] - verifyElementPropertyValue(scoring, "Final_result", final_result): Verify element property value successfully

2022-11-22 15:00:38 - [MESSAGE][PASSED] - Verify element property value successfully]]></system-out>
         <system-err><![CDATA[]]></system-err>
      </testcase>
      <testcase name="Test Cases/Engine_Scoring/Engine Scoring" time="5.465" classname="Test Cases/Engine_Scoring/Engine Scoring" status="PASSED">
         <system-out><![CDATA[2022-11-22 15:00:38 - [TEST_CASE][PASSED] - Test Cases/Engine_Scoring/Engine Scoring: Test Cases/Engine_Scoring/Engine Scoring

2022-11-22 15:00:39 - [TEST_STEP][PASSED] - markPassed("Variasi data ke : " + no): Variasi data ke : 249

2022-11-22 15:00:39 - [MESSAGE][PASSED] - Variasi data ke : 249

2022-11-22 15:00:39 - [TEST_STEP][PASSED] - req_data = sendRequest(findTestObject("Search_ME", ["MID":MID, "source":source, "ip":ip, "userid":userid, "branch":branch, "tipekons":tipekons, "marital":marital, "penjamin":penjamin, ... ])): Send request successfully

2022-11-22 15:00:40 - [MESSAGE][INFO] - HAR: D:\DMS\Engine Scoring\Reports\20221122_143755\Exclude KKB - DS\Scoring Individu - CS\20221122_143756\requests\main\496.har

2022-11-22 15:00:40 - [MESSAGE][PASSED] - Send request successfully

2022-11-22 15:00:40 - [TEST_STEP][PASSED] - slurper = new groovy.json.JsonSlurper(): null

2022-11-22 15:00:40 - [TEST_STEP][PASSED] - result = slurper.parseText(req_data.getResponseBodyContent()): null

2022-11-22 15:00:40 - [TEST_STEP][PASSED] - reqid_kons = requestid1: null

2022-11-22 15:00:40 - [TEST_STEP][PASSED] - reqid_spouse = requestid2: null

2022-11-22 15:00:40 - [TEST_STEP][PASSED] - println("requestid kons : " + reqid_kons): null

2022-11-22 15:00:40 - [TEST_STEP][PASSED] - response_searchME_kons = reqid_kons: null

2022-11-22 15:00:40 - [TEST_STEP][PASSED] - response_searchME_spouse = reqid_spouse: null

2022-11-22 15:00:40 - [TEST_STEP][PASSED] - println("kons req id is :" + response_searchME_kons): null

2022-11-22 15:00:40 - [TEST_STEP][PASSED] - println("spouse req id is : " + response_searchME_spouse): null

2022-11-22 15:00:40 - [TEST_STEP][PASSED] - verifyResponseStatusCode(req_data, 200): Verify response status code successfully

2022-11-22 15:00:40 - [MESSAGE][PASSED] - Verify response status code successfully

2022-11-22 15:00:40 - [TEST_STEP][PASSED] - response = req_data.getResponseText(): null

2022-11-22 15:00:40 - [TEST_STEP][PASSED] - logInfo($response): {"status":"Done","data":{"requestid1":"241789","requestid2":""}}

2022-11-22 15:00:40 - [MESSAGE][INFO] - {"status":"Done","data":{"requestid1":"241789","requestid2":""}}

2022-11-22 15:00:40 - [TEST_STEP][PASSED] - delay(3): Delayed 3 second(s)

2022-11-22 15:00:43 - [MESSAGE][PASSED] - Delayed 3 second(s)

2022-11-22 15:00:43 - [TEST_STEP][PASSED] - scoring = sendRequest(findTestObject("EngineScore", ["response_searchME_kons":response_searchME_kons, "response_searchME_spouse":response_searchME_spouse])): Send request successfully

2022-11-22 15:00:43 - [MESSAGE][INFO] - HAR: D:\DMS\Engine Scoring\Reports\20221122_143755\Exclude KKB - DS\Scoring Individu - CS\20221122_143756\requests\main\497.har

2022-11-22 15:00:43 - [MESSAGE][PASSED] - Send request successfully

2022-11-22 15:00:43 - [TEST_STEP][PASSED] - verifyResponseStatusCode(scoring, 200): Verify response status code successfully

2022-11-22 15:00:43 - [MESSAGE][PASSED] - Verify response status code successfully

2022-11-22 15:00:43 - [TEST_STEP][PASSED] - response2 = scoring.getResponseText(): null

2022-11-22 15:00:43 - [TEST_STEP][PASSED] - markPassed("result service data ke : " + no): result service data ke : 249

2022-11-22 15:00:43 - [MESSAGE][PASSED] - result service data ke : 249

2022-11-22 15:00:43 - [TEST_STEP][PASSED] - logInfo($response2): {"result_konsumen":"Reject","result_pasangan":"","Final_result":"Reject","errorMessage":"","status":"Done"}

2022-11-22 15:00:43 - [MESSAGE][INFO] - {"result_konsumen":"Reject","result_pasangan":"","Final_result":"Reject","errorMessage":"","status":"Done"}

2022-11-22 15:00:43 - [TEST_STEP][PASSED] - verifyElementPropertyValue(scoring, "Final_result", final_result): Verify element property value successfully

2022-11-22 15:00:43 - [MESSAGE][PASSED] - Verify element property value successfully]]></system-out>
         <system-err><![CDATA[]]></system-err>
      </testcase>
      <testcase name="Test Cases/Engine_Scoring/Engine Scoring" time="5.357" classname="Test Cases/Engine_Scoring/Engine Scoring" status="PASSED">
         <system-out><![CDATA[2022-11-22 15:00:43 - [TEST_CASE][PASSED] - Test Cases/Engine_Scoring/Engine Scoring: Test Cases/Engine_Scoring/Engine Scoring

2022-11-22 15:00:44 - [TEST_STEP][PASSED] - markPassed("Variasi data ke : " + no): Variasi data ke : 250

2022-11-22 15:00:44 - [MESSAGE][PASSED] - Variasi data ke : 250

2022-11-22 15:00:44 - [TEST_STEP][PASSED] - req_data = sendRequest(findTestObject("Search_ME", ["MID":MID, "source":source, "ip":ip, "userid":userid, "branch":branch, "tipekons":tipekons, "marital":marital, "penjamin":penjamin, ... ])): Send request successfully

2022-11-22 15:00:45 - [MESSAGE][INFO] - HAR: D:\DMS\Engine Scoring\Reports\20221122_143755\Exclude KKB - DS\Scoring Individu - CS\20221122_143756\requests\main\498.har

2022-11-22 15:00:45 - [MESSAGE][PASSED] - Send request successfully

2022-11-22 15:00:45 - [TEST_STEP][PASSED] - slurper = new groovy.json.JsonSlurper(): null

2022-11-22 15:00:45 - [TEST_STEP][PASSED] - result = slurper.parseText(req_data.getResponseBodyContent()): null

2022-11-22 15:00:45 - [TEST_STEP][PASSED] - reqid_kons = requestid1: null

2022-11-22 15:00:45 - [TEST_STEP][PASSED] - reqid_spouse = requestid2: null

2022-11-22 15:00:45 - [TEST_STEP][PASSED] - println("requestid kons : " + reqid_kons): null

2022-11-22 15:00:45 - [TEST_STEP][PASSED] - response_searchME_kons = reqid_kons: null

2022-11-22 15:00:45 - [TEST_STEP][PASSED] - response_searchME_spouse = reqid_spouse: null

2022-11-22 15:00:45 - [TEST_STEP][PASSED] - println("kons req id is :" + response_searchME_kons): null

2022-11-22 15:00:45 - [TEST_STEP][PASSED] - println("spouse req id is : " + response_searchME_spouse): null

2022-11-22 15:00:45 - [TEST_STEP][PASSED] - verifyResponseStatusCode(req_data, 200): Verify response status code successfully

2022-11-22 15:00:45 - [MESSAGE][PASSED] - Verify response status code successfully

2022-11-22 15:00:45 - [TEST_STEP][PASSED] - response = req_data.getResponseText(): null

2022-11-22 15:00:45 - [TEST_STEP][PASSED] - logInfo($response): {"status":"Done","data":{"requestid1":"241790","requestid2":""}}

2022-11-22 15:00:45 - [MESSAGE][INFO] - {"status":"Done","data":{"requestid1":"241790","requestid2":""}}

2022-11-22 15:00:45 - [TEST_STEP][PASSED] - delay(3): Delayed 3 second(s)

2022-11-22 15:00:48 - [MESSAGE][PASSED] - Delayed 3 second(s)

2022-11-22 15:00:48 - [TEST_STEP][PASSED] - scoring = sendRequest(findTestObject("EngineScore", ["response_searchME_kons":response_searchME_kons, "response_searchME_spouse":response_searchME_spouse])): Send request successfully

2022-11-22 15:00:49 - [MESSAGE][INFO] - HAR: D:\DMS\Engine Scoring\Reports\20221122_143755\Exclude KKB - DS\Scoring Individu - CS\20221122_143756\requests\main\499.har

2022-11-22 15:00:49 - [MESSAGE][PASSED] - Send request successfully

2022-11-22 15:00:49 - [TEST_STEP][PASSED] - verifyResponseStatusCode(scoring, 200): Verify response status code successfully

2022-11-22 15:00:49 - [MESSAGE][PASSED] - Verify response status code successfully

2022-11-22 15:00:49 - [TEST_STEP][PASSED] - response2 = scoring.getResponseText(): null

2022-11-22 15:00:49 - [TEST_STEP][PASSED] - markPassed("result service data ke : " + no): result service data ke : 250

2022-11-22 15:00:49 - [MESSAGE][PASSED] - result service data ke : 250

2022-11-22 15:00:49 - [TEST_STEP][PASSED] - logInfo($response2): {"result_konsumen":"Reject","result_pasangan":"","Final_result":"Reject","errorMessage":"","status":"Done"}

2022-11-22 15:00:49 - [MESSAGE][INFO] - {"result_konsumen":"Reject","result_pasangan":"","Final_result":"Reject","errorMessage":"","status":"Done"}

2022-11-22 15:00:49 - [TEST_STEP][PASSED] - verifyElementPropertyValue(scoring, "Final_result", final_result): Verify element property value successfully

2022-11-22 15:00:49 - [MESSAGE][PASSED] - Verify element property value successfully]]></system-out>
         <system-err><![CDATA[]]></system-err>
      </testcase>
      <testcase name="Test Cases/Engine_Scoring/Engine Scoring" time="5.38" classname="Test Cases/Engine_Scoring/Engine Scoring" status="PASSED">
         <system-out><![CDATA[2022-11-22 15:00:49 - [TEST_CASE][PASSED] - Test Cases/Engine_Scoring/Engine Scoring: Test Cases/Engine_Scoring/Engine Scoring

2022-11-22 15:00:50 - [TEST_STEP][PASSED] - markPassed("Variasi data ke : " + no): Variasi data ke : 251

2022-11-22 15:00:50 - [MESSAGE][PASSED] - Variasi data ke : 251

2022-11-22 15:00:50 - [TEST_STEP][PASSED] - req_data = sendRequest(findTestObject("Search_ME", ["MID":MID, "source":source, "ip":ip, "userid":userid, "branch":branch, "tipekons":tipekons, "marital":marital, "penjamin":penjamin, ... ])): Send request successfully

2022-11-22 15:00:51 - [MESSAGE][INFO] - HAR: D:\DMS\Engine Scoring\Reports\20221122_143755\Exclude KKB - DS\Scoring Individu - CS\20221122_143756\requests\main\500.har

2022-11-22 15:00:51 - [MESSAGE][PASSED] - Send request successfully

2022-11-22 15:00:51 - [TEST_STEP][PASSED] - slurper = new groovy.json.JsonSlurper(): null

2022-11-22 15:00:51 - [TEST_STEP][PASSED] - result = slurper.parseText(req_data.getResponseBodyContent()): null

2022-11-22 15:00:51 - [TEST_STEP][PASSED] - reqid_kons = requestid1: null

2022-11-22 15:00:51 - [TEST_STEP][PASSED] - reqid_spouse = requestid2: null

2022-11-22 15:00:51 - [TEST_STEP][PASSED] - println("requestid kons : " + reqid_kons): null

2022-11-22 15:00:51 - [TEST_STEP][PASSED] - response_searchME_kons = reqid_kons: null

2022-11-22 15:00:51 - [TEST_STEP][PASSED] - response_searchME_spouse = reqid_spouse: null

2022-11-22 15:00:51 - [TEST_STEP][PASSED] - println("kons req id is :" + response_searchME_kons): null

2022-11-22 15:00:51 - [TEST_STEP][PASSED] - println("spouse req id is : " + response_searchME_spouse): null

2022-11-22 15:00:51 - [TEST_STEP][PASSED] - verifyResponseStatusCode(req_data, 200): Verify response status code successfully

2022-11-22 15:00:51 - [MESSAGE][PASSED] - Verify response status code successfully

2022-11-22 15:00:51 - [TEST_STEP][PASSED] - response = req_data.getResponseText(): null

2022-11-22 15:00:51 - [TEST_STEP][PASSED] - logInfo($response): {"status":"Done","data":{"requestid1":"241791","requestid2":""}}

2022-11-22 15:00:51 - [MESSAGE][INFO] - {"status":"Done","data":{"requestid1":"241791","requestid2":""}}

2022-11-22 15:00:51 - [TEST_STEP][PASSED] - delay(3): Delayed 3 second(s)

2022-11-22 15:00:54 - [MESSAGE][PASSED] - Delayed 3 second(s)

2022-11-22 15:00:54 - [TEST_STEP][PASSED] - scoring = sendRequest(findTestObject("EngineScore", ["response_searchME_kons":response_searchME_kons, "response_searchME_spouse":response_searchME_spouse])): Send request successfully

2022-11-22 15:00:54 - [MESSAGE][INFO] - HAR: D:\DMS\Engine Scoring\Reports\20221122_143755\Exclude KKB - DS\Scoring Individu - CS\20221122_143756\requests\main\501.har

2022-11-22 15:00:54 - [MESSAGE][PASSED] - Send request successfully

2022-11-22 15:00:54 - [TEST_STEP][PASSED] - verifyResponseStatusCode(scoring, 200): Verify response status code successfully

2022-11-22 15:00:54 - [MESSAGE][PASSED] - Verify response status code successfully

2022-11-22 15:00:54 - [TEST_STEP][PASSED] - response2 = scoring.getResponseText(): null

2022-11-22 15:00:54 - [TEST_STEP][PASSED] - markPassed("result service data ke : " + no): result service data ke : 251

2022-11-22 15:00:54 - [MESSAGE][PASSED] - result service data ke : 251

2022-11-22 15:00:54 - [TEST_STEP][PASSED] - logInfo($response2): {"result_konsumen":"Reject","result_pasangan":"","Final_result":"Reject","errorMessage":"","status":"Done"}

2022-11-22 15:00:54 - [MESSAGE][INFO] - {"result_konsumen":"Reject","result_pasangan":"","Final_result":"Reject","errorMessage":"","status":"Done"}

2022-11-22 15:00:54 - [TEST_STEP][PASSED] - verifyElementPropertyValue(scoring, "Final_result", final_result): Verify element property value successfully

2022-11-22 15:00:54 - [MESSAGE][PASSED] - Verify element property value successfully]]></system-out>
         <system-err><![CDATA[]]></system-err>
      </testcase>
      <testcase name="Test Cases/Engine_Scoring/Engine Scoring" time="5.553" classname="Test Cases/Engine_Scoring/Engine Scoring" status="PASSED">
         <system-out><![CDATA[2022-11-22 15:00:54 - [TEST_CASE][PASSED] - Test Cases/Engine_Scoring/Engine Scoring: Test Cases/Engine_Scoring/Engine Scoring

2022-11-22 15:00:55 - [TEST_STEP][PASSED] - markPassed("Variasi data ke : " + no): Variasi data ke : 252

2022-11-22 15:00:55 - [MESSAGE][PASSED] - Variasi data ke : 252

2022-11-22 15:00:55 - [TEST_STEP][PASSED] - req_data = sendRequest(findTestObject("Search_ME", ["MID":MID, "source":source, "ip":ip, "userid":userid, "branch":branch, "tipekons":tipekons, "marital":marital, "penjamin":penjamin, ... ])): Send request successfully

2022-11-22 15:00:56 - [MESSAGE][INFO] - HAR: D:\DMS\Engine Scoring\Reports\20221122_143755\Exclude KKB - DS\Scoring Individu - CS\20221122_143756\requests\main\502.har

2022-11-22 15:00:56 - [MESSAGE][PASSED] - Send request successfully

2022-11-22 15:00:56 - [TEST_STEP][PASSED] - slurper = new groovy.json.JsonSlurper(): null

2022-11-22 15:00:56 - [TEST_STEP][PASSED] - result = slurper.parseText(req_data.getResponseBodyContent()): null

2022-11-22 15:00:56 - [TEST_STEP][PASSED] - reqid_kons = requestid1: null

2022-11-22 15:00:56 - [TEST_STEP][PASSED] - reqid_spouse = requestid2: null

2022-11-22 15:00:56 - [TEST_STEP][PASSED] - println("requestid kons : " + reqid_kons): null

2022-11-22 15:00:56 - [TEST_STEP][PASSED] - response_searchME_kons = reqid_kons: null

2022-11-22 15:00:56 - [TEST_STEP][PASSED] - response_searchME_spouse = reqid_spouse: null

2022-11-22 15:00:56 - [TEST_STEP][PASSED] - println("kons req id is :" + response_searchME_kons): null

2022-11-22 15:00:56 - [TEST_STEP][PASSED] - println("spouse req id is : " + response_searchME_spouse): null

2022-11-22 15:00:56 - [TEST_STEP][PASSED] - verifyResponseStatusCode(req_data, 200): Verify response status code successfully

2022-11-22 15:00:56 - [MESSAGE][PASSED] - Verify response status code successfully

2022-11-22 15:00:56 - [TEST_STEP][PASSED] - response = req_data.getResponseText(): null

2022-11-22 15:00:56 - [TEST_STEP][PASSED] - logInfo($response): {"status":"Done","data":{"requestid1":"241792","requestid2":""}}

2022-11-22 15:00:56 - [MESSAGE][INFO] - {"status":"Done","data":{"requestid1":"241792","requestid2":""}}

2022-11-22 15:00:56 - [TEST_STEP][PASSED] - delay(3): Delayed 3 second(s)

2022-11-22 15:01:00 - [MESSAGE][PASSED] - Delayed 3 second(s)

2022-11-22 15:01:00 - [TEST_STEP][PASSED] - scoring = sendRequest(findTestObject("EngineScore", ["response_searchME_kons":response_searchME_kons, "response_searchME_spouse":response_searchME_spouse])): Send request successfully

2022-11-22 15:01:00 - [MESSAGE][INFO] - HAR: D:\DMS\Engine Scoring\Reports\20221122_143755\Exclude KKB - DS\Scoring Individu - CS\20221122_143756\requests\main\503.har

2022-11-22 15:01:00 - [MESSAGE][PASSED] - Send request successfully

2022-11-22 15:01:00 - [TEST_STEP][PASSED] - verifyResponseStatusCode(scoring, 200): Verify response status code successfully

2022-11-22 15:01:00 - [MESSAGE][PASSED] - Verify response status code successfully

2022-11-22 15:01:00 - [TEST_STEP][PASSED] - response2 = scoring.getResponseText(): null

2022-11-22 15:01:00 - [TEST_STEP][PASSED] - markPassed("result service data ke : " + no): result service data ke : 252

2022-11-22 15:01:00 - [MESSAGE][PASSED] - result service data ke : 252

2022-11-22 15:01:00 - [TEST_STEP][PASSED] - logInfo($response2): {"result_konsumen":"Reject","result_pasangan":"","Final_result":"Reject","errorMessage":"","status":"Done"}

2022-11-22 15:01:00 - [MESSAGE][INFO] - {"result_konsumen":"Reject","result_pasangan":"","Final_result":"Reject","errorMessage":"","status":"Done"}

2022-11-22 15:01:00 - [TEST_STEP][PASSED] - verifyElementPropertyValue(scoring, "Final_result", final_result): Verify element property value successfully

2022-11-22 15:01:00 - [MESSAGE][PASSED] - Verify element property value successfully]]></system-out>
         <system-err><![CDATA[]]></system-err>
      </testcase>
      <testcase name="Test Cases/Engine_Scoring/Engine Scoring" time="5.596" classname="Test Cases/Engine_Scoring/Engine Scoring" status="PASSED">
         <system-out><![CDATA[2022-11-22 15:01:00 - [TEST_CASE][PASSED] - Test Cases/Engine_Scoring/Engine Scoring: Test Cases/Engine_Scoring/Engine Scoring

2022-11-22 15:01:01 - [TEST_STEP][PASSED] - markPassed("Variasi data ke : " + no): Variasi data ke : 253

2022-11-22 15:01:01 - [MESSAGE][PASSED] - Variasi data ke : 253

2022-11-22 15:01:01 - [TEST_STEP][PASSED] - req_data = sendRequest(findTestObject("Search_ME", ["MID":MID, "source":source, "ip":ip, "userid":userid, "branch":branch, "tipekons":tipekons, "marital":marital, "penjamin":penjamin, ... ])): Send request successfully

2022-11-22 15:01:02 - [MESSAGE][INFO] - HAR: D:\DMS\Engine Scoring\Reports\20221122_143755\Exclude KKB - DS\Scoring Individu - CS\20221122_143756\requests\main\504.har

2022-11-22 15:01:02 - [MESSAGE][PASSED] - Send request successfully

2022-11-22 15:01:02 - [TEST_STEP][PASSED] - slurper = new groovy.json.JsonSlurper(): null

2022-11-22 15:01:02 - [TEST_STEP][PASSED] - result = slurper.parseText(req_data.getResponseBodyContent()): null

2022-11-22 15:01:02 - [TEST_STEP][PASSED] - reqid_kons = requestid1: null

2022-11-22 15:01:02 - [TEST_STEP][PASSED] - reqid_spouse = requestid2: null

2022-11-22 15:01:02 - [TEST_STEP][PASSED] - println("requestid kons : " + reqid_kons): null

2022-11-22 15:01:02 - [TEST_STEP][PASSED] - response_searchME_kons = reqid_kons: null

2022-11-22 15:01:02 - [TEST_STEP][PASSED] - response_searchME_spouse = reqid_spouse: null

2022-11-22 15:01:02 - [TEST_STEP][PASSED] - println("kons req id is :" + response_searchME_kons): null

2022-11-22 15:01:02 - [TEST_STEP][PASSED] - println("spouse req id is : " + response_searchME_spouse): null

2022-11-22 15:01:02 - [TEST_STEP][PASSED] - verifyResponseStatusCode(req_data, 200): Verify response status code successfully

2022-11-22 15:01:02 - [MESSAGE][PASSED] - Verify response status code successfully

2022-11-22 15:01:02 - [TEST_STEP][PASSED] - response = req_data.getResponseText(): null

2022-11-22 15:01:02 - [TEST_STEP][PASSED] - logInfo($response): {"status":"Done","data":{"requestid1":"241793","requestid2":""}}

2022-11-22 15:01:02 - [MESSAGE][INFO] - {"status":"Done","data":{"requestid1":"241793","requestid2":""}}

2022-11-22 15:01:02 - [TEST_STEP][PASSED] - delay(3): Delayed 3 second(s)

2022-11-22 15:01:05 - [MESSAGE][PASSED] - Delayed 3 second(s)

2022-11-22 15:01:05 - [TEST_STEP][PASSED] - scoring = sendRequest(findTestObject("EngineScore", ["response_searchME_kons":response_searchME_kons, "response_searchME_spouse":response_searchME_spouse])): Send request successfully

2022-11-22 15:01:05 - [MESSAGE][INFO] - HAR: D:\DMS\Engine Scoring\Reports\20221122_143755\Exclude KKB - DS\Scoring Individu - CS\20221122_143756\requests\main\505.har

2022-11-22 15:01:05 - [MESSAGE][PASSED] - Send request successfully

2022-11-22 15:01:05 - [TEST_STEP][PASSED] - verifyResponseStatusCode(scoring, 200): Verify response status code successfully

2022-11-22 15:01:05 - [MESSAGE][PASSED] - Verify response status code successfully

2022-11-22 15:01:05 - [TEST_STEP][PASSED] - response2 = scoring.getResponseText(): null

2022-11-22 15:01:05 - [TEST_STEP][PASSED] - markPassed("result service data ke : " + no): result service data ke : 253

2022-11-22 15:01:05 - [MESSAGE][PASSED] - result service data ke : 253

2022-11-22 15:01:05 - [TEST_STEP][PASSED] - logInfo($response2): {"result_konsumen":"Reject","result_pasangan":"","Final_result":"Reject","errorMessage":"","status":"Done"}

2022-11-22 15:01:05 - [MESSAGE][INFO] - {"result_konsumen":"Reject","result_pasangan":"","Final_result":"Reject","errorMessage":"","status":"Done"}

2022-11-22 15:01:05 - [TEST_STEP][PASSED] - verifyElementPropertyValue(scoring, "Final_result", final_result): Verify element property value successfully

2022-11-22 15:01:05 - [MESSAGE][PASSED] - Verify element property value successfully]]></system-out>
         <system-err><![CDATA[]]></system-err>
      </testcase>
      <testcase name="Test Cases/Engine_Scoring/Engine Scoring" time="5.408" classname="Test Cases/Engine_Scoring/Engine Scoring" status="PASSED">
         <system-out><![CDATA[2022-11-22 15:01:05 - [TEST_CASE][PASSED] - Test Cases/Engine_Scoring/Engine Scoring: Test Cases/Engine_Scoring/Engine Scoring

2022-11-22 15:01:06 - [TEST_STEP][PASSED] - markPassed("Variasi data ke : " + no): Variasi data ke : 254

2022-11-22 15:01:06 - [MESSAGE][PASSED] - Variasi data ke : 254

2022-11-22 15:01:06 - [TEST_STEP][PASSED] - req_data = sendRequest(findTestObject("Search_ME", ["MID":MID, "source":source, "ip":ip, "userid":userid, "branch":branch, "tipekons":tipekons, "marital":marital, "penjamin":penjamin, ... ])): Send request successfully

2022-11-22 15:01:08 - [MESSAGE][INFO] - HAR: D:\DMS\Engine Scoring\Reports\20221122_143755\Exclude KKB - DS\Scoring Individu - CS\20221122_143756\requests\main\506.har

2022-11-22 15:01:08 - [MESSAGE][PASSED] - Send request successfully

2022-11-22 15:01:08 - [TEST_STEP][PASSED] - slurper = new groovy.json.JsonSlurper(): null

2022-11-22 15:01:08 - [TEST_STEP][PASSED] - result = slurper.parseText(req_data.getResponseBodyContent()): null

2022-11-22 15:01:08 - [TEST_STEP][PASSED] - reqid_kons = requestid1: null

2022-11-22 15:01:08 - [TEST_STEP][PASSED] - reqid_spouse = requestid2: null

2022-11-22 15:01:08 - [TEST_STEP][PASSED] - println("requestid kons : " + reqid_kons): null

2022-11-22 15:01:08 - [TEST_STEP][PASSED] - response_searchME_kons = reqid_kons: null

2022-11-22 15:01:08 - [TEST_STEP][PASSED] - response_searchME_spouse = reqid_spouse: null

2022-11-22 15:01:08 - [TEST_STEP][PASSED] - println("kons req id is :" + response_searchME_kons): null

2022-11-22 15:01:08 - [TEST_STEP][PASSED] - println("spouse req id is : " + response_searchME_spouse): null

2022-11-22 15:01:08 - [TEST_STEP][PASSED] - verifyResponseStatusCode(req_data, 200): Verify response status code successfully

2022-11-22 15:01:08 - [MESSAGE][PASSED] - Verify response status code successfully

2022-11-22 15:01:08 - [TEST_STEP][PASSED] - response = req_data.getResponseText(): null

2022-11-22 15:01:08 - [TEST_STEP][PASSED] - logInfo($response): {"status":"Done","data":{"requestid1":"241794","requestid2":""}}

2022-11-22 15:01:08 - [MESSAGE][INFO] - {"status":"Done","data":{"requestid1":"241794","requestid2":""}}

2022-11-22 15:01:08 - [TEST_STEP][PASSED] - delay(3): Delayed 3 second(s)

2022-11-22 15:01:11 - [MESSAGE][PASSED] - Delayed 3 second(s)

2022-11-22 15:01:11 - [TEST_STEP][PASSED] - scoring = sendRequest(findTestObject("EngineScore", ["response_searchME_kons":response_searchME_kons, "response_searchME_spouse":response_searchME_spouse])): Send request successfully

2022-11-22 15:01:11 - [MESSAGE][INFO] - HAR: D:\DMS\Engine Scoring\Reports\20221122_143755\Exclude KKB - DS\Scoring Individu - CS\20221122_143756\requests\main\507.har

2022-11-22 15:01:11 - [MESSAGE][PASSED] - Send request successfully

2022-11-22 15:01:11 - [TEST_STEP][PASSED] - verifyResponseStatusCode(scoring, 200): Verify response status code successfully

2022-11-22 15:01:11 - [MESSAGE][PASSED] - Verify response status code successfully

2022-11-22 15:01:11 - [TEST_STEP][PASSED] - response2 = scoring.getResponseText(): null

2022-11-22 15:01:11 - [TEST_STEP][PASSED] - markPassed("result service data ke : " + no): result service data ke : 254

2022-11-22 15:01:11 - [MESSAGE][PASSED] - result service data ke : 254

2022-11-22 15:01:11 - [TEST_STEP][PASSED] - logInfo($response2): {"result_konsumen":"Reject","result_pasangan":"","Final_result":"Reject","errorMessage":"","status":"Done"}

2022-11-22 15:01:11 - [MESSAGE][INFO] - {"result_konsumen":"Reject","result_pasangan":"","Final_result":"Reject","errorMessage":"","status":"Done"}

2022-11-22 15:01:11 - [TEST_STEP][PASSED] - verifyElementPropertyValue(scoring, "Final_result", final_result): Verify element property value successfully

2022-11-22 15:01:11 - [MESSAGE][PASSED] - Verify element property value successfully]]></system-out>
         <system-err><![CDATA[]]></system-err>
      </testcase>
      <testcase name="Test Cases/Engine_Scoring/Engine Scoring" time="5.383" classname="Test Cases/Engine_Scoring/Engine Scoring" status="PASSED">
         <system-out><![CDATA[2022-11-22 15:01:11 - [TEST_CASE][PASSED] - Test Cases/Engine_Scoring/Engine Scoring: Test Cases/Engine_Scoring/Engine Scoring

2022-11-22 15:01:12 - [TEST_STEP][PASSED] - markPassed("Variasi data ke : " + no): Variasi data ke : 255

2022-11-22 15:01:12 - [MESSAGE][PASSED] - Variasi data ke : 255

2022-11-22 15:01:12 - [TEST_STEP][PASSED] - req_data = sendRequest(findTestObject("Search_ME", ["MID":MID, "source":source, "ip":ip, "userid":userid, "branch":branch, "tipekons":tipekons, "marital":marital, "penjamin":penjamin, ... ])): Send request successfully

2022-11-22 15:01:13 - [MESSAGE][INFO] - HAR: D:\DMS\Engine Scoring\Reports\20221122_143755\Exclude KKB - DS\Scoring Individu - CS\20221122_143756\requests\main\508.har

2022-11-22 15:01:13 - [MESSAGE][PASSED] - Send request successfully

2022-11-22 15:01:13 - [TEST_STEP][PASSED] - slurper = new groovy.json.JsonSlurper(): null

2022-11-22 15:01:13 - [TEST_STEP][PASSED] - result = slurper.parseText(req_data.getResponseBodyContent()): null

2022-11-22 15:01:13 - [TEST_STEP][PASSED] - reqid_kons = requestid1: null

2022-11-22 15:01:13 - [TEST_STEP][PASSED] - reqid_spouse = requestid2: null

2022-11-22 15:01:13 - [TEST_STEP][PASSED] - println("requestid kons : " + reqid_kons): null

2022-11-22 15:01:13 - [TEST_STEP][PASSED] - response_searchME_kons = reqid_kons: null

2022-11-22 15:01:13 - [TEST_STEP][PASSED] - response_searchME_spouse = reqid_spouse: null

2022-11-22 15:01:13 - [TEST_STEP][PASSED] - println("kons req id is :" + response_searchME_kons): null

2022-11-22 15:01:13 - [TEST_STEP][PASSED] - println("spouse req id is : " + response_searchME_spouse): null

2022-11-22 15:01:13 - [TEST_STEP][PASSED] - verifyResponseStatusCode(req_data, 200): Verify response status code successfully

2022-11-22 15:01:13 - [MESSAGE][PASSED] - Verify response status code successfully

2022-11-22 15:01:13 - [TEST_STEP][PASSED] - response = req_data.getResponseText(): null

2022-11-22 15:01:13 - [TEST_STEP][PASSED] - logInfo($response): {"status":"Done","data":{"requestid1":"241795","requestid2":""}}

2022-11-22 15:01:13 - [MESSAGE][INFO] - {"status":"Done","data":{"requestid1":"241795","requestid2":""}}

2022-11-22 15:01:13 - [TEST_STEP][PASSED] - delay(3): Delayed 3 second(s)

2022-11-22 15:01:16 - [MESSAGE][PASSED] - Delayed 3 second(s)

2022-11-22 15:01:16 - [TEST_STEP][PASSED] - scoring = sendRequest(findTestObject("EngineScore", ["response_searchME_kons":response_searchME_kons, "response_searchME_spouse":response_searchME_spouse])): Send request successfully

2022-11-22 15:01:16 - [MESSAGE][INFO] - HAR: D:\DMS\Engine Scoring\Reports\20221122_143755\Exclude KKB - DS\Scoring Individu - CS\20221122_143756\requests\main\509.har

2022-11-22 15:01:16 - [MESSAGE][PASSED] - Send request successfully

2022-11-22 15:01:16 - [TEST_STEP][PASSED] - verifyResponseStatusCode(scoring, 200): Verify response status code successfully

2022-11-22 15:01:16 - [MESSAGE][PASSED] - Verify response status code successfully

2022-11-22 15:01:16 - [TEST_STEP][PASSED] - response2 = scoring.getResponseText(): null

2022-11-22 15:01:16 - [TEST_STEP][PASSED] - markPassed("result service data ke : " + no): result service data ke : 255

2022-11-22 15:01:16 - [MESSAGE][PASSED] - result service data ke : 255

2022-11-22 15:01:16 - [TEST_STEP][PASSED] - logInfo($response2): {"result_konsumen":"Reject","result_pasangan":"","Final_result":"Reject","errorMessage":"","status":"Done"}

2022-11-22 15:01:16 - [MESSAGE][INFO] - {"result_konsumen":"Reject","result_pasangan":"","Final_result":"Reject","errorMessage":"","status":"Done"}

2022-11-22 15:01:16 - [TEST_STEP][PASSED] - verifyElementPropertyValue(scoring, "Final_result", final_result): Verify element property value successfully

2022-11-22 15:01:16 - [MESSAGE][PASSED] - Verify element property value successfully]]></system-out>
         <system-err><![CDATA[]]></system-err>
      </testcase>
      <testcase name="Test Cases/Engine_Scoring/Engine Scoring" time="5.573" classname="Test Cases/Engine_Scoring/Engine Scoring" status="PASSED">
         <system-out><![CDATA[2022-11-22 15:01:16 - [TEST_CASE][PASSED] - Test Cases/Engine_Scoring/Engine Scoring: Test Cases/Engine_Scoring/Engine Scoring

2022-11-22 15:01:18 - [TEST_STEP][PASSED] - markPassed("Variasi data ke : " + no): Variasi data ke : 256

2022-11-22 15:01:18 - [MESSAGE][PASSED] - Variasi data ke : 256

2022-11-22 15:01:18 - [TEST_STEP][PASSED] - req_data = sendRequest(findTestObject("Search_ME", ["MID":MID, "source":source, "ip":ip, "userid":userid, "branch":branch, "tipekons":tipekons, "marital":marital, "penjamin":penjamin, ... ])): Send request successfully

2022-11-22 15:01:19 - [MESSAGE][INFO] - HAR: D:\DMS\Engine Scoring\Reports\20221122_143755\Exclude KKB - DS\Scoring Individu - CS\20221122_143756\requests\main\510.har

2022-11-22 15:01:19 - [MESSAGE][PASSED] - Send request successfully

2022-11-22 15:01:19 - [TEST_STEP][PASSED] - slurper = new groovy.json.JsonSlurper(): null

2022-11-22 15:01:19 - [TEST_STEP][PASSED] - result = slurper.parseText(req_data.getResponseBodyContent()): null

2022-11-22 15:01:19 - [TEST_STEP][PASSED] - reqid_kons = requestid1: null

2022-11-22 15:01:19 - [TEST_STEP][PASSED] - reqid_spouse = requestid2: null

2022-11-22 15:01:19 - [TEST_STEP][PASSED] - println("requestid kons : " + reqid_kons): null

2022-11-22 15:01:19 - [TEST_STEP][PASSED] - response_searchME_kons = reqid_kons: null

2022-11-22 15:01:19 - [TEST_STEP][PASSED] - response_searchME_spouse = reqid_spouse: null

2022-11-22 15:01:19 - [TEST_STEP][PASSED] - println("kons req id is :" + response_searchME_kons): null

2022-11-22 15:01:19 - [TEST_STEP][PASSED] - println("spouse req id is : " + response_searchME_spouse): null

2022-11-22 15:01:19 - [TEST_STEP][PASSED] - verifyResponseStatusCode(req_data, 200): Verify response status code successfully

2022-11-22 15:01:19 - [MESSAGE][PASSED] - Verify response status code successfully

2022-11-22 15:01:19 - [TEST_STEP][PASSED] - response = req_data.getResponseText(): null

2022-11-22 15:01:19 - [TEST_STEP][PASSED] - logInfo($response): {"status":"Done","data":{"requestid1":"241796","requestid2":""}}

2022-11-22 15:01:19 - [MESSAGE][INFO] - {"status":"Done","data":{"requestid1":"241796","requestid2":""}}

2022-11-22 15:01:19 - [TEST_STEP][PASSED] - delay(3): Delayed 3 second(s)

2022-11-22 15:01:22 - [MESSAGE][PASSED] - Delayed 3 second(s)

2022-11-22 15:01:22 - [TEST_STEP][PASSED] - scoring = sendRequest(findTestObject("EngineScore", ["response_searchME_kons":response_searchME_kons, "response_searchME_spouse":response_searchME_spouse])): Send request successfully

2022-11-22 15:01:22 - [MESSAGE][INFO] - HAR: D:\DMS\Engine Scoring\Reports\20221122_143755\Exclude KKB - DS\Scoring Individu - CS\20221122_143756\requests\main\511.har

2022-11-22 15:01:22 - [MESSAGE][PASSED] - Send request successfully

2022-11-22 15:01:22 - [TEST_STEP][PASSED] - verifyResponseStatusCode(scoring, 200): Verify response status code successfully

2022-11-22 15:01:22 - [MESSAGE][PASSED] - Verify response status code successfully

2022-11-22 15:01:22 - [TEST_STEP][PASSED] - response2 = scoring.getResponseText(): null

2022-11-22 15:01:22 - [TEST_STEP][PASSED] - markPassed("result service data ke : " + no): result service data ke : 256

2022-11-22 15:01:22 - [MESSAGE][PASSED] - result service data ke : 256

2022-11-22 15:01:22 - [TEST_STEP][PASSED] - logInfo($response2): {"result_konsumen":"Reject","result_pasangan":"","Final_result":"Reject","errorMessage":"","status":"Done"}

2022-11-22 15:01:22 - [MESSAGE][INFO] - {"result_konsumen":"Reject","result_pasangan":"","Final_result":"Reject","errorMessage":"","status":"Done"}

2022-11-22 15:01:22 - [TEST_STEP][PASSED] - verifyElementPropertyValue(scoring, "Final_result", final_result): Verify element property value successfully

2022-11-22 15:01:22 - [MESSAGE][PASSED] - Verify element property value successfully]]></system-out>
         <system-err><![CDATA[]]></system-err>
      </testcase>
      <testcase name="Test Cases/Engine_Scoring/Engine Scoring" time="5.571" classname="Test Cases/Engine_Scoring/Engine Scoring" status="PASSED">
         <system-out><![CDATA[2022-11-22 15:01:22 - [TEST_CASE][PASSED] - Test Cases/Engine_Scoring/Engine Scoring: Test Cases/Engine_Scoring/Engine Scoring

2022-11-22 15:01:23 - [TEST_STEP][PASSED] - markPassed("Variasi data ke : " + no): Variasi data ke : 257

2022-11-22 15:01:23 - [MESSAGE][PASSED] - Variasi data ke : 257

2022-11-22 15:01:23 - [TEST_STEP][PASSED] - req_data = sendRequest(findTestObject("Search_ME", ["MID":MID, "source":source, "ip":ip, "userid":userid, "branch":branch, "tipekons":tipekons, "marital":marital, "penjamin":penjamin, ... ])): Send request successfully

2022-11-22 15:01:24 - [MESSAGE][INFO] - HAR: D:\DMS\Engine Scoring\Reports\20221122_143755\Exclude KKB - DS\Scoring Individu - CS\20221122_143756\requests\main\512.har

2022-11-22 15:01:24 - [MESSAGE][PASSED] - Send request successfully

2022-11-22 15:01:24 - [TEST_STEP][PASSED] - slurper = new groovy.json.JsonSlurper(): null

2022-11-22 15:01:24 - [TEST_STEP][PASSED] - result = slurper.parseText(req_data.getResponseBodyContent()): null

2022-11-22 15:01:24 - [TEST_STEP][PASSED] - reqid_kons = requestid1: null

2022-11-22 15:01:24 - [TEST_STEP][PASSED] - reqid_spouse = requestid2: null

2022-11-22 15:01:24 - [TEST_STEP][PASSED] - println("requestid kons : " + reqid_kons): null

2022-11-22 15:01:24 - [TEST_STEP][PASSED] - response_searchME_kons = reqid_kons: null

2022-11-22 15:01:24 - [TEST_STEP][PASSED] - response_searchME_spouse = reqid_spouse: null

2022-11-22 15:01:24 - [TEST_STEP][PASSED] - println("kons req id is :" + response_searchME_kons): null

2022-11-22 15:01:24 - [TEST_STEP][PASSED] - println("spouse req id is : " + response_searchME_spouse): null

2022-11-22 15:01:24 - [TEST_STEP][PASSED] - verifyResponseStatusCode(req_data, 200): Verify response status code successfully

2022-11-22 15:01:24 - [MESSAGE][PASSED] - Verify response status code successfully

2022-11-22 15:01:24 - [TEST_STEP][PASSED] - response = req_data.getResponseText(): null

2022-11-22 15:01:24 - [TEST_STEP][PASSED] - logInfo($response): {"status":"Done","data":{"requestid1":"241797","requestid2":""}}

2022-11-22 15:01:24 - [MESSAGE][INFO] - {"status":"Done","data":{"requestid1":"241797","requestid2":""}}

2022-11-22 15:01:24 - [TEST_STEP][PASSED] - delay(3): Delayed 3 second(s)

2022-11-22 15:01:27 - [MESSAGE][PASSED] - Delayed 3 second(s)

2022-11-22 15:01:27 - [TEST_STEP][PASSED] - scoring = sendRequest(findTestObject("EngineScore", ["response_searchME_kons":response_searchME_kons, "response_searchME_spouse":response_searchME_spouse])): Send request successfully

2022-11-22 15:01:28 - [MESSAGE][INFO] - HAR: D:\DMS\Engine Scoring\Reports\20221122_143755\Exclude KKB - DS\Scoring Individu - CS\20221122_143756\requests\main\513.har

2022-11-22 15:01:28 - [MESSAGE][PASSED] - Send request successfully

2022-11-22 15:01:28 - [TEST_STEP][PASSED] - verifyResponseStatusCode(scoring, 200): Verify response status code successfully

2022-11-22 15:01:28 - [MESSAGE][PASSED] - Verify response status code successfully

2022-11-22 15:01:28 - [TEST_STEP][PASSED] - response2 = scoring.getResponseText(): null

2022-11-22 15:01:28 - [TEST_STEP][PASSED] - markPassed("result service data ke : " + no): result service data ke : 257

2022-11-22 15:01:28 - [MESSAGE][PASSED] - result service data ke : 257

2022-11-22 15:01:28 - [TEST_STEP][PASSED] - logInfo($response2): {"result_konsumen":"Reject","result_pasangan":"","Final_result":"Reject","errorMessage":"","status":"Done"}

2022-11-22 15:01:28 - [MESSAGE][INFO] - {"result_konsumen":"Reject","result_pasangan":"","Final_result":"Reject","errorMessage":"","status":"Done"}

2022-11-22 15:01:28 - [TEST_STEP][PASSED] - verifyElementPropertyValue(scoring, "Final_result", final_result): Verify element property value successfully

2022-11-22 15:01:28 - [MESSAGE][PASSED] - Verify element property value successfully]]></system-out>
         <system-err><![CDATA[]]></system-err>
      </testcase>
      <testcase name="Test Cases/Engine_Scoring/Engine Scoring" time="5.69" classname="Test Cases/Engine_Scoring/Engine Scoring" status="PASSED">
         <system-out><![CDATA[2022-11-22 15:01:28 - [TEST_CASE][PASSED] - Test Cases/Engine_Scoring/Engine Scoring: Test Cases/Engine_Scoring/Engine Scoring

2022-11-22 15:01:29 - [TEST_STEP][PASSED] - markPassed("Variasi data ke : " + no): Variasi data ke : 258

2022-11-22 15:01:29 - [MESSAGE][PASSED] - Variasi data ke : 258

2022-11-22 15:01:29 - [TEST_STEP][PASSED] - req_data = sendRequest(findTestObject("Search_ME", ["MID":MID, "source":source, "ip":ip, "userid":userid, "branch":branch, "tipekons":tipekons, "marital":marital, "penjamin":penjamin, ... ])): Send request successfully

2022-11-22 15:01:30 - [MESSAGE][INFO] - HAR: D:\DMS\Engine Scoring\Reports\20221122_143755\Exclude KKB - DS\Scoring Individu - CS\20221122_143756\requests\main\514.har

2022-11-22 15:01:30 - [MESSAGE][PASSED] - Send request successfully

2022-11-22 15:01:30 - [TEST_STEP][PASSED] - slurper = new groovy.json.JsonSlurper(): null

2022-11-22 15:01:30 - [TEST_STEP][PASSED] - result = slurper.parseText(req_data.getResponseBodyContent()): null

2022-11-22 15:01:30 - [TEST_STEP][PASSED] - reqid_kons = requestid1: null

2022-11-22 15:01:30 - [TEST_STEP][PASSED] - reqid_spouse = requestid2: null

2022-11-22 15:01:30 - [TEST_STEP][PASSED] - println("requestid kons : " + reqid_kons): null

2022-11-22 15:01:30 - [TEST_STEP][PASSED] - response_searchME_kons = reqid_kons: null

2022-11-22 15:01:30 - [TEST_STEP][PASSED] - response_searchME_spouse = reqid_spouse: null

2022-11-22 15:01:30 - [TEST_STEP][PASSED] - println("kons req id is :" + response_searchME_kons): null

2022-11-22 15:01:30 - [TEST_STEP][PASSED] - println("spouse req id is : " + response_searchME_spouse): null

2022-11-22 15:01:30 - [TEST_STEP][PASSED] - verifyResponseStatusCode(req_data, 200): Verify response status code successfully

2022-11-22 15:01:30 - [MESSAGE][PASSED] - Verify response status code successfully

2022-11-22 15:01:30 - [TEST_STEP][PASSED] - response = req_data.getResponseText(): null

2022-11-22 15:01:30 - [TEST_STEP][PASSED] - logInfo($response): {"status":"Done","data":{"requestid1":"241798","requestid2":""}}

2022-11-22 15:01:30 - [MESSAGE][INFO] - {"status":"Done","data":{"requestid1":"241798","requestid2":""}}

2022-11-22 15:01:30 - [TEST_STEP][PASSED] - delay(3): Delayed 3 second(s)

2022-11-22 15:01:33 - [MESSAGE][PASSED] - Delayed 3 second(s)

2022-11-22 15:01:33 - [TEST_STEP][PASSED] - scoring = sendRequest(findTestObject("EngineScore", ["response_searchME_kons":response_searchME_kons, "response_searchME_spouse":response_searchME_spouse])): Send request successfully

2022-11-22 15:01:33 - [MESSAGE][INFO] - HAR: D:\DMS\Engine Scoring\Reports\20221122_143755\Exclude KKB - DS\Scoring Individu - CS\20221122_143756\requests\main\515.har

2022-11-22 15:01:33 - [MESSAGE][PASSED] - Send request successfully

2022-11-22 15:01:33 - [TEST_STEP][PASSED] - verifyResponseStatusCode(scoring, 200): Verify response status code successfully

2022-11-22 15:01:33 - [MESSAGE][PASSED] - Verify response status code successfully

2022-11-22 15:01:33 - [TEST_STEP][PASSED] - response2 = scoring.getResponseText(): null

2022-11-22 15:01:33 - [TEST_STEP][PASSED] - markPassed("result service data ke : " + no): result service data ke : 258

2022-11-22 15:01:33 - [MESSAGE][PASSED] - result service data ke : 258

2022-11-22 15:01:33 - [TEST_STEP][PASSED] - logInfo($response2): {"result_konsumen":"Reject","result_pasangan":"","Final_result":"Reject","errorMessage":"","status":"Done"}

2022-11-22 15:01:33 - [MESSAGE][INFO] - {"result_konsumen":"Reject","result_pasangan":"","Final_result":"Reject","errorMessage":"","status":"Done"}

2022-11-22 15:01:33 - [TEST_STEP][PASSED] - verifyElementPropertyValue(scoring, "Final_result", final_result): Verify element property value successfully

2022-11-22 15:01:33 - [MESSAGE][PASSED] - Verify element property value successfully]]></system-out>
         <system-err><![CDATA[]]></system-err>
      </testcase>
      <testcase name="Test Cases/Engine_Scoring/Engine Scoring" time="5.594" classname="Test Cases/Engine_Scoring/Engine Scoring" status="PASSED">
         <system-out><![CDATA[2022-11-22 15:01:33 - [TEST_CASE][PASSED] - Test Cases/Engine_Scoring/Engine Scoring: Test Cases/Engine_Scoring/Engine Scoring

2022-11-22 15:01:35 - [TEST_STEP][PASSED] - markPassed("Variasi data ke : " + no): Variasi data ke : 259

2022-11-22 15:01:35 - [MESSAGE][PASSED] - Variasi data ke : 259

2022-11-22 15:01:35 - [TEST_STEP][PASSED] - req_data = sendRequest(findTestObject("Search_ME", ["MID":MID, "source":source, "ip":ip, "userid":userid, "branch":branch, "tipekons":tipekons, "marital":marital, "penjamin":penjamin, ... ])): Send request successfully

2022-11-22 15:01:36 - [MESSAGE][INFO] - HAR: D:\DMS\Engine Scoring\Reports\20221122_143755\Exclude KKB - DS\Scoring Individu - CS\20221122_143756\requests\main\516.har

2022-11-22 15:01:36 - [MESSAGE][PASSED] - Send request successfully

2022-11-22 15:01:36 - [TEST_STEP][PASSED] - slurper = new groovy.json.JsonSlurper(): null

2022-11-22 15:01:36 - [TEST_STEP][PASSED] - result = slurper.parseText(req_data.getResponseBodyContent()): null

2022-11-22 15:01:36 - [TEST_STEP][PASSED] - reqid_kons = requestid1: null

2022-11-22 15:01:36 - [TEST_STEP][PASSED] - reqid_spouse = requestid2: null

2022-11-22 15:01:36 - [TEST_STEP][PASSED] - println("requestid kons : " + reqid_kons): null

2022-11-22 15:01:36 - [TEST_STEP][PASSED] - response_searchME_kons = reqid_kons: null

2022-11-22 15:01:36 - [TEST_STEP][PASSED] - response_searchME_spouse = reqid_spouse: null

2022-11-22 15:01:36 - [TEST_STEP][PASSED] - println("kons req id is :" + response_searchME_kons): null

2022-11-22 15:01:36 - [TEST_STEP][PASSED] - println("spouse req id is : " + response_searchME_spouse): null

2022-11-22 15:01:36 - [TEST_STEP][PASSED] - verifyResponseStatusCode(req_data, 200): Verify response status code successfully

2022-11-22 15:01:36 - [MESSAGE][PASSED] - Verify response status code successfully

2022-11-22 15:01:36 - [TEST_STEP][PASSED] - response = req_data.getResponseText(): null

2022-11-22 15:01:36 - [TEST_STEP][PASSED] - logInfo($response): {"status":"Done","data":{"requestid1":"241799","requestid2":""}}

2022-11-22 15:01:36 - [MESSAGE][INFO] - {"status":"Done","data":{"requestid1":"241799","requestid2":""}}

2022-11-22 15:01:36 - [TEST_STEP][PASSED] - delay(3): Delayed 3 second(s)

2022-11-22 15:01:39 - [MESSAGE][PASSED] - Delayed 3 second(s)

2022-11-22 15:01:39 - [TEST_STEP][PASSED] - scoring = sendRequest(findTestObject("EngineScore", ["response_searchME_kons":response_searchME_kons, "response_searchME_spouse":response_searchME_spouse])): Send request successfully

2022-11-22 15:01:39 - [MESSAGE][INFO] - HAR: D:\DMS\Engine Scoring\Reports\20221122_143755\Exclude KKB - DS\Scoring Individu - CS\20221122_143756\requests\main\517.har

2022-11-22 15:01:39 - [MESSAGE][PASSED] - Send request successfully

2022-11-22 15:01:39 - [TEST_STEP][PASSED] - verifyResponseStatusCode(scoring, 200): Verify response status code successfully

2022-11-22 15:01:39 - [MESSAGE][PASSED] - Verify response status code successfully

2022-11-22 15:01:39 - [TEST_STEP][PASSED] - response2 = scoring.getResponseText(): null

2022-11-22 15:01:39 - [TEST_STEP][PASSED] - markPassed("result service data ke : " + no): result service data ke : 259

2022-11-22 15:01:39 - [MESSAGE][PASSED] - result service data ke : 259

2022-11-22 15:01:39 - [TEST_STEP][PASSED] - logInfo($response2): {"result_konsumen":"Reject","result_pasangan":"","Final_result":"Reject","errorMessage":"","status":"Done"}

2022-11-22 15:01:39 - [MESSAGE][INFO] - {"result_konsumen":"Reject","result_pasangan":"","Final_result":"Reject","errorMessage":"","status":"Done"}

2022-11-22 15:01:39 - [TEST_STEP][PASSED] - verifyElementPropertyValue(scoring, "Final_result", final_result): Verify element property value successfully

2022-11-22 15:01:39 - [MESSAGE][PASSED] - Verify element property value successfully]]></system-out>
         <system-err><![CDATA[]]></system-err>
      </testcase>
      <testcase name="Test Cases/Engine_Scoring/Engine Scoring" time="5.613" classname="Test Cases/Engine_Scoring/Engine Scoring" status="PASSED">
         <system-out><![CDATA[2022-11-22 15:01:39 - [TEST_CASE][PASSED] - Test Cases/Engine_Scoring/Engine Scoring: Test Cases/Engine_Scoring/Engine Scoring

2022-11-22 15:01:40 - [TEST_STEP][PASSED] - markPassed("Variasi data ke : " + no): Variasi data ke : 260

2022-11-22 15:01:40 - [MESSAGE][PASSED] - Variasi data ke : 260

2022-11-22 15:01:40 - [TEST_STEP][PASSED] - req_data = sendRequest(findTestObject("Search_ME", ["MID":MID, "source":source, "ip":ip, "userid":userid, "branch":branch, "tipekons":tipekons, "marital":marital, "penjamin":penjamin, ... ])): Send request successfully

2022-11-22 15:01:41 - [MESSAGE][INFO] - HAR: D:\DMS\Engine Scoring\Reports\20221122_143755\Exclude KKB - DS\Scoring Individu - CS\20221122_143756\requests\main\518.har

2022-11-22 15:01:41 - [MESSAGE][PASSED] - Send request successfully

2022-11-22 15:01:41 - [TEST_STEP][PASSED] - slurper = new groovy.json.JsonSlurper(): null

2022-11-22 15:01:41 - [TEST_STEP][PASSED] - result = slurper.parseText(req_data.getResponseBodyContent()): null

2022-11-22 15:01:41 - [TEST_STEP][PASSED] - reqid_kons = requestid1: null

2022-11-22 15:01:41 - [TEST_STEP][PASSED] - reqid_spouse = requestid2: null

2022-11-22 15:01:41 - [TEST_STEP][PASSED] - println("requestid kons : " + reqid_kons): null

2022-11-22 15:01:41 - [TEST_STEP][PASSED] - response_searchME_kons = reqid_kons: null

2022-11-22 15:01:41 - [TEST_STEP][PASSED] - response_searchME_spouse = reqid_spouse: null

2022-11-22 15:01:41 - [TEST_STEP][PASSED] - println("kons req id is :" + response_searchME_kons): null

2022-11-22 15:01:41 - [TEST_STEP][PASSED] - println("spouse req id is : " + response_searchME_spouse): null

2022-11-22 15:01:41 - [TEST_STEP][PASSED] - verifyResponseStatusCode(req_data, 200): Verify response status code successfully

2022-11-22 15:01:41 - [MESSAGE][PASSED] - Verify response status code successfully

2022-11-22 15:01:41 - [TEST_STEP][PASSED] - response = req_data.getResponseText(): null

2022-11-22 15:01:41 - [TEST_STEP][PASSED] - logInfo($response): {"status":"Done","data":{"requestid1":"241800","requestid2":""}}

2022-11-22 15:01:41 - [MESSAGE][INFO] - {"status":"Done","data":{"requestid1":"241800","requestid2":""}}

2022-11-22 15:01:41 - [TEST_STEP][PASSED] - delay(3): Delayed 3 second(s)

2022-11-22 15:01:44 - [MESSAGE][PASSED] - Delayed 3 second(s)

2022-11-22 15:01:44 - [TEST_STEP][PASSED] - scoring = sendRequest(findTestObject("EngineScore", ["response_searchME_kons":response_searchME_kons, "response_searchME_spouse":response_searchME_spouse])): Send request successfully

2022-11-22 15:01:45 - [MESSAGE][INFO] - HAR: D:\DMS\Engine Scoring\Reports\20221122_143755\Exclude KKB - DS\Scoring Individu - CS\20221122_143756\requests\main\519.har

2022-11-22 15:01:45 - [MESSAGE][PASSED] - Send request successfully

2022-11-22 15:01:45 - [TEST_STEP][PASSED] - verifyResponseStatusCode(scoring, 200): Verify response status code successfully

2022-11-22 15:01:45 - [MESSAGE][PASSED] - Verify response status code successfully

2022-11-22 15:01:45 - [TEST_STEP][PASSED] - response2 = scoring.getResponseText(): null

2022-11-22 15:01:45 - [TEST_STEP][PASSED] - markPassed("result service data ke : " + no): result service data ke : 260

2022-11-22 15:01:45 - [MESSAGE][PASSED] - result service data ke : 260

2022-11-22 15:01:45 - [TEST_STEP][PASSED] - logInfo($response2): {"result_konsumen":"Reject","result_pasangan":"","Final_result":"Reject","errorMessage":"","status":"Done"}

2022-11-22 15:01:45 - [MESSAGE][INFO] - {"result_konsumen":"Reject","result_pasangan":"","Final_result":"Reject","errorMessage":"","status":"Done"}

2022-11-22 15:01:45 - [TEST_STEP][PASSED] - verifyElementPropertyValue(scoring, "Final_result", final_result): Verify element property value successfully

2022-11-22 15:01:45 - [MESSAGE][PASSED] - Verify element property value successfully]]></system-out>
         <system-err><![CDATA[]]></system-err>
      </testcase>
      <testcase name="Test Cases/Engine_Scoring/Engine Scoring" time="5.544" classname="Test Cases/Engine_Scoring/Engine Scoring" status="PASSED">
         <system-out><![CDATA[2022-11-22 15:01:45 - [TEST_CASE][PASSED] - Test Cases/Engine_Scoring/Engine Scoring: Test Cases/Engine_Scoring/Engine Scoring

2022-11-22 15:01:46 - [TEST_STEP][PASSED] - markPassed("Variasi data ke : " + no): Variasi data ke : 261

2022-11-22 15:01:46 - [MESSAGE][PASSED] - Variasi data ke : 261

2022-11-22 15:01:46 - [TEST_STEP][PASSED] - req_data = sendRequest(findTestObject("Search_ME", ["MID":MID, "source":source, "ip":ip, "userid":userid, "branch":branch, "tipekons":tipekons, "marital":marital, "penjamin":penjamin, ... ])): Send request successfully

2022-11-22 15:01:47 - [MESSAGE][INFO] - HAR: D:\DMS\Engine Scoring\Reports\20221122_143755\Exclude KKB - DS\Scoring Individu - CS\20221122_143756\requests\main\520.har

2022-11-22 15:01:47 - [MESSAGE][PASSED] - Send request successfully

2022-11-22 15:01:47 - [TEST_STEP][PASSED] - slurper = new groovy.json.JsonSlurper(): null

2022-11-22 15:01:47 - [TEST_STEP][PASSED] - result = slurper.parseText(req_data.getResponseBodyContent()): null

2022-11-22 15:01:47 - [TEST_STEP][PASSED] - reqid_kons = requestid1: null

2022-11-22 15:01:47 - [TEST_STEP][PASSED] - reqid_spouse = requestid2: null

2022-11-22 15:01:47 - [TEST_STEP][PASSED] - println("requestid kons : " + reqid_kons): null

2022-11-22 15:01:47 - [TEST_STEP][PASSED] - response_searchME_kons = reqid_kons: null

2022-11-22 15:01:47 - [TEST_STEP][PASSED] - response_searchME_spouse = reqid_spouse: null

2022-11-22 15:01:47 - [TEST_STEP][PASSED] - println("kons req id is :" + response_searchME_kons): null

2022-11-22 15:01:47 - [TEST_STEP][PASSED] - println("spouse req id is : " + response_searchME_spouse): null

2022-11-22 15:01:47 - [TEST_STEP][PASSED] - verifyResponseStatusCode(req_data, 200): Verify response status code successfully

2022-11-22 15:01:47 - [MESSAGE][PASSED] - Verify response status code successfully

2022-11-22 15:01:47 - [TEST_STEP][PASSED] - response = req_data.getResponseText(): null

2022-11-22 15:01:47 - [TEST_STEP][PASSED] - logInfo($response): {"status":"Done","data":{"requestid1":"241801","requestid2":""}}

2022-11-22 15:01:47 - [MESSAGE][INFO] - {"status":"Done","data":{"requestid1":"241801","requestid2":""}}

2022-11-22 15:01:47 - [TEST_STEP][PASSED] - delay(3): Delayed 3 second(s)

2022-11-22 15:01:50 - [MESSAGE][PASSED] - Delayed 3 second(s)

2022-11-22 15:01:50 - [TEST_STEP][PASSED] - scoring = sendRequest(findTestObject("EngineScore", ["response_searchME_kons":response_searchME_kons, "response_searchME_spouse":response_searchME_spouse])): Send request successfully

2022-11-22 15:01:50 - [MESSAGE][INFO] - HAR: D:\DMS\Engine Scoring\Reports\20221122_143755\Exclude KKB - DS\Scoring Individu - CS\20221122_143756\requests\main\521.har

2022-11-22 15:01:50 - [MESSAGE][PASSED] - Send request successfully

2022-11-22 15:01:50 - [TEST_STEP][PASSED] - verifyResponseStatusCode(scoring, 200): Verify response status code successfully

2022-11-22 15:01:50 - [MESSAGE][PASSED] - Verify response status code successfully

2022-11-22 15:01:50 - [TEST_STEP][PASSED] - response2 = scoring.getResponseText(): null

2022-11-22 15:01:50 - [TEST_STEP][PASSED] - markPassed("result service data ke : " + no): result service data ke : 261

2022-11-22 15:01:50 - [MESSAGE][PASSED] - result service data ke : 261

2022-11-22 15:01:50 - [TEST_STEP][PASSED] - logInfo($response2): {"result_konsumen":"Reject","result_pasangan":"","Final_result":"Reject","errorMessage":"","status":"Done"}

2022-11-22 15:01:50 - [MESSAGE][INFO] - {"result_konsumen":"Reject","result_pasangan":"","Final_result":"Reject","errorMessage":"","status":"Done"}

2022-11-22 15:01:50 - [TEST_STEP][PASSED] - verifyElementPropertyValue(scoring, "Final_result", final_result): Verify element property value successfully

2022-11-22 15:01:50 - [MESSAGE][PASSED] - Verify element property value successfully]]></system-out>
         <system-err><![CDATA[]]></system-err>
      </testcase>
      <testcase name="Test Cases/Engine_Scoring/Engine Scoring" time="5.779" classname="Test Cases/Engine_Scoring/Engine Scoring" status="PASSED">
         <system-out><![CDATA[2022-11-22 15:01:50 - [TEST_CASE][PASSED] - Test Cases/Engine_Scoring/Engine Scoring: Test Cases/Engine_Scoring/Engine Scoring

2022-11-22 15:01:52 - [TEST_STEP][PASSED] - markPassed("Variasi data ke : " + no): Variasi data ke : 262

2022-11-22 15:01:52 - [MESSAGE][PASSED] - Variasi data ke : 262

2022-11-22 15:01:52 - [TEST_STEP][PASSED] - req_data = sendRequest(findTestObject("Search_ME", ["MID":MID, "source":source, "ip":ip, "userid":userid, "branch":branch, "tipekons":tipekons, "marital":marital, "penjamin":penjamin, ... ])): Send request successfully

2022-11-22 15:01:53 - [MESSAGE][INFO] - HAR: D:\DMS\Engine Scoring\Reports\20221122_143755\Exclude KKB - DS\Scoring Individu - CS\20221122_143756\requests\main\522.har

2022-11-22 15:01:53 - [MESSAGE][PASSED] - Send request successfully

2022-11-22 15:01:53 - [TEST_STEP][PASSED] - slurper = new groovy.json.JsonSlurper(): null

2022-11-22 15:01:53 - [TEST_STEP][PASSED] - result = slurper.parseText(req_data.getResponseBodyContent()): null

2022-11-22 15:01:53 - [TEST_STEP][PASSED] - reqid_kons = requestid1: null

2022-11-22 15:01:53 - [TEST_STEP][PASSED] - reqid_spouse = requestid2: null

2022-11-22 15:01:53 - [TEST_STEP][PASSED] - println("requestid kons : " + reqid_kons): null

2022-11-22 15:01:53 - [TEST_STEP][PASSED] - response_searchME_kons = reqid_kons: null

2022-11-22 15:01:53 - [TEST_STEP][PASSED] - response_searchME_spouse = reqid_spouse: null

2022-11-22 15:01:53 - [TEST_STEP][PASSED] - println("kons req id is :" + response_searchME_kons): null

2022-11-22 15:01:53 - [TEST_STEP][PASSED] - println("spouse req id is : " + response_searchME_spouse): null

2022-11-22 15:01:53 - [TEST_STEP][PASSED] - verifyResponseStatusCode(req_data, 200): Verify response status code successfully

2022-11-22 15:01:53 - [MESSAGE][PASSED] - Verify response status code successfully

2022-11-22 15:01:53 - [TEST_STEP][PASSED] - response = req_data.getResponseText(): null

2022-11-22 15:01:53 - [TEST_STEP][PASSED] - logInfo($response): {"status":"Done","data":{"requestid1":"241802","requestid2":""}}

2022-11-22 15:01:53 - [MESSAGE][INFO] - {"status":"Done","data":{"requestid1":"241802","requestid2":""}}

2022-11-22 15:01:53 - [TEST_STEP][PASSED] - delay(3): Delayed 3 second(s)

2022-11-22 15:01:56 - [MESSAGE][PASSED] - Delayed 3 second(s)

2022-11-22 15:01:56 - [TEST_STEP][PASSED] - scoring = sendRequest(findTestObject("EngineScore", ["response_searchME_kons":response_searchME_kons, "response_searchME_spouse":response_searchME_spouse])): Send request successfully

2022-11-22 15:01:56 - [MESSAGE][INFO] - HAR: D:\DMS\Engine Scoring\Reports\20221122_143755\Exclude KKB - DS\Scoring Individu - CS\20221122_143756\requests\main\523.har

2022-11-22 15:01:56 - [MESSAGE][PASSED] - Send request successfully

2022-11-22 15:01:56 - [TEST_STEP][PASSED] - verifyResponseStatusCode(scoring, 200): Verify response status code successfully

2022-11-22 15:01:56 - [MESSAGE][PASSED] - Verify response status code successfully

2022-11-22 15:01:56 - [TEST_STEP][PASSED] - response2 = scoring.getResponseText(): null

2022-11-22 15:01:56 - [TEST_STEP][PASSED] - markPassed("result service data ke : " + no): result service data ke : 262

2022-11-22 15:01:56 - [MESSAGE][PASSED] - result service data ke : 262

2022-11-22 15:01:56 - [TEST_STEP][PASSED] - logInfo($response2): {"result_konsumen":"Reject","result_pasangan":"","Final_result":"Reject","errorMessage":"","status":"Done"}

2022-11-22 15:01:56 - [MESSAGE][INFO] - {"result_konsumen":"Reject","result_pasangan":"","Final_result":"Reject","errorMessage":"","status":"Done"}

2022-11-22 15:01:56 - [TEST_STEP][PASSED] - verifyElementPropertyValue(scoring, "Final_result", final_result): Verify element property value successfully

2022-11-22 15:01:56 - [MESSAGE][PASSED] - Verify element property value successfully]]></system-out>
         <system-err><![CDATA[]]></system-err>
      </testcase>
      <testcase name="Test Cases/Engine_Scoring/Engine Scoring" time="5.683" classname="Test Cases/Engine_Scoring/Engine Scoring" status="PASSED">
         <system-out><![CDATA[2022-11-22 15:01:56 - [TEST_CASE][PASSED] - Test Cases/Engine_Scoring/Engine Scoring: Test Cases/Engine_Scoring/Engine Scoring

2022-11-22 15:01:57 - [TEST_STEP][PASSED] - markPassed("Variasi data ke : " + no): Variasi data ke : 263

2022-11-22 15:01:57 - [MESSAGE][PASSED] - Variasi data ke : 263

2022-11-22 15:01:57 - [TEST_STEP][PASSED] - req_data = sendRequest(findTestObject("Search_ME", ["MID":MID, "source":source, "ip":ip, "userid":userid, "branch":branch, "tipekons":tipekons, "marital":marital, "penjamin":penjamin, ... ])): Send request successfully

2022-11-22 15:01:59 - [MESSAGE][INFO] - HAR: D:\DMS\Engine Scoring\Reports\20221122_143755\Exclude KKB - DS\Scoring Individu - CS\20221122_143756\requests\main\524.har

2022-11-22 15:01:59 - [MESSAGE][PASSED] - Send request successfully

2022-11-22 15:01:59 - [TEST_STEP][PASSED] - slurper = new groovy.json.JsonSlurper(): null

2022-11-22 15:01:59 - [TEST_STEP][PASSED] - result = slurper.parseText(req_data.getResponseBodyContent()): null

2022-11-22 15:01:59 - [TEST_STEP][PASSED] - reqid_kons = requestid1: null

2022-11-22 15:01:59 - [TEST_STEP][PASSED] - reqid_spouse = requestid2: null

2022-11-22 15:01:59 - [TEST_STEP][PASSED] - println("requestid kons : " + reqid_kons): null

2022-11-22 15:01:59 - [TEST_STEP][PASSED] - response_searchME_kons = reqid_kons: null

2022-11-22 15:01:59 - [TEST_STEP][PASSED] - response_searchME_spouse = reqid_spouse: null

2022-11-22 15:01:59 - [TEST_STEP][PASSED] - println("kons req id is :" + response_searchME_kons): null

2022-11-22 15:01:59 - [TEST_STEP][PASSED] - println("spouse req id is : " + response_searchME_spouse): null

2022-11-22 15:01:59 - [TEST_STEP][PASSED] - verifyResponseStatusCode(req_data, 200): Verify response status code successfully

2022-11-22 15:01:59 - [MESSAGE][PASSED] - Verify response status code successfully

2022-11-22 15:01:59 - [TEST_STEP][PASSED] - response = req_data.getResponseText(): null

2022-11-22 15:01:59 - [TEST_STEP][PASSED] - logInfo($response): {"status":"Done","data":{"requestid1":"241803","requestid2":""}}

2022-11-22 15:01:59 - [MESSAGE][INFO] - {"status":"Done","data":{"requestid1":"241803","requestid2":""}}

2022-11-22 15:01:59 - [TEST_STEP][PASSED] - delay(3): Delayed 3 second(s)

2022-11-22 15:02:02 - [MESSAGE][PASSED] - Delayed 3 second(s)

2022-11-22 15:02:02 - [TEST_STEP][PASSED] - scoring = sendRequest(findTestObject("EngineScore", ["response_searchME_kons":response_searchME_kons, "response_searchME_spouse":response_searchME_spouse])): Send request successfully

2022-11-22 15:02:02 - [MESSAGE][INFO] - HAR: D:\DMS\Engine Scoring\Reports\20221122_143755\Exclude KKB - DS\Scoring Individu - CS\20221122_143756\requests\main\525.har

2022-11-22 15:02:02 - [MESSAGE][PASSED] - Send request successfully

2022-11-22 15:02:02 - [TEST_STEP][PASSED] - verifyResponseStatusCode(scoring, 200): Verify response status code successfully

2022-11-22 15:02:02 - [MESSAGE][PASSED] - Verify response status code successfully

2022-11-22 15:02:02 - [TEST_STEP][PASSED] - response2 = scoring.getResponseText(): null

2022-11-22 15:02:02 - [TEST_STEP][PASSED] - markPassed("result service data ke : " + no): result service data ke : 263

2022-11-22 15:02:02 - [MESSAGE][PASSED] - result service data ke : 263

2022-11-22 15:02:02 - [TEST_STEP][PASSED] - logInfo($response2): {"result_konsumen":"Reject","result_pasangan":"","Final_result":"Reject","errorMessage":"","status":"Done"}

2022-11-22 15:02:02 - [MESSAGE][INFO] - {"result_konsumen":"Reject","result_pasangan":"","Final_result":"Reject","errorMessage":"","status":"Done"}

2022-11-22 15:02:02 - [TEST_STEP][PASSED] - verifyElementPropertyValue(scoring, "Final_result", final_result): Verify element property value successfully

2022-11-22 15:02:02 - [MESSAGE][PASSED] - Verify element property value successfully]]></system-out>
         <system-err><![CDATA[]]></system-err>
      </testcase>
      <testcase name="Test Cases/Engine_Scoring/Engine Scoring" time="5.819" classname="Test Cases/Engine_Scoring/Engine Scoring" status="PASSED">
         <system-out><![CDATA[2022-11-22 15:02:02 - [TEST_CASE][PASSED] - Test Cases/Engine_Scoring/Engine Scoring: Test Cases/Engine_Scoring/Engine Scoring

2022-11-22 15:02:03 - [TEST_STEP][PASSED] - markPassed("Variasi data ke : " + no): Variasi data ke : 264

2022-11-22 15:02:03 - [MESSAGE][PASSED] - Variasi data ke : 264

2022-11-22 15:02:03 - [TEST_STEP][PASSED] - req_data = sendRequest(findTestObject("Search_ME", ["MID":MID, "source":source, "ip":ip, "userid":userid, "branch":branch, "tipekons":tipekons, "marital":marital, "penjamin":penjamin, ... ])): Send request successfully

2022-11-22 15:02:05 - [MESSAGE][INFO] - HAR: D:\DMS\Engine Scoring\Reports\20221122_143755\Exclude KKB - DS\Scoring Individu - CS\20221122_143756\requests\main\526.har

2022-11-22 15:02:05 - [MESSAGE][PASSED] - Send request successfully

2022-11-22 15:02:05 - [TEST_STEP][PASSED] - slurper = new groovy.json.JsonSlurper(): null

2022-11-22 15:02:05 - [TEST_STEP][PASSED] - result = slurper.parseText(req_data.getResponseBodyContent()): null

2022-11-22 15:02:05 - [TEST_STEP][PASSED] - reqid_kons = requestid1: null

2022-11-22 15:02:05 - [TEST_STEP][PASSED] - reqid_spouse = requestid2: null

2022-11-22 15:02:05 - [TEST_STEP][PASSED] - println("requestid kons : " + reqid_kons): null

2022-11-22 15:02:05 - [TEST_STEP][PASSED] - response_searchME_kons = reqid_kons: null

2022-11-22 15:02:05 - [TEST_STEP][PASSED] - response_searchME_spouse = reqid_spouse: null

2022-11-22 15:02:05 - [TEST_STEP][PASSED] - println("kons req id is :" + response_searchME_kons): null

2022-11-22 15:02:05 - [TEST_STEP][PASSED] - println("spouse req id is : " + response_searchME_spouse): null

2022-11-22 15:02:05 - [TEST_STEP][PASSED] - verifyResponseStatusCode(req_data, 200): Verify response status code successfully

2022-11-22 15:02:05 - [MESSAGE][PASSED] - Verify response status code successfully

2022-11-22 15:02:05 - [TEST_STEP][PASSED] - response = req_data.getResponseText(): null

2022-11-22 15:02:05 - [TEST_STEP][PASSED] - logInfo($response): {"status":"Done","data":{"requestid1":"241804","requestid2":""}}

2022-11-22 15:02:05 - [MESSAGE][INFO] - {"status":"Done","data":{"requestid1":"241804","requestid2":""}}

2022-11-22 15:02:05 - [TEST_STEP][PASSED] - delay(3): Delayed 3 second(s)

2022-11-22 15:02:08 - [MESSAGE][PASSED] - Delayed 3 second(s)

2022-11-22 15:02:08 - [TEST_STEP][PASSED] - scoring = sendRequest(findTestObject("EngineScore", ["response_searchME_kons":response_searchME_kons, "response_searchME_spouse":response_searchME_spouse])): Send request successfully

2022-11-22 15:02:08 - [MESSAGE][INFO] - HAR: D:\DMS\Engine Scoring\Reports\20221122_143755\Exclude KKB - DS\Scoring Individu - CS\20221122_143756\requests\main\527.har

2022-11-22 15:02:08 - [MESSAGE][PASSED] - Send request successfully

2022-11-22 15:02:08 - [TEST_STEP][PASSED] - verifyResponseStatusCode(scoring, 200): Verify response status code successfully

2022-11-22 15:02:08 - [MESSAGE][PASSED] - Verify response status code successfully

2022-11-22 15:02:08 - [TEST_STEP][PASSED] - response2 = scoring.getResponseText(): null

2022-11-22 15:02:08 - [TEST_STEP][PASSED] - markPassed("result service data ke : " + no): result service data ke : 264

2022-11-22 15:02:08 - [MESSAGE][PASSED] - result service data ke : 264

2022-11-22 15:02:08 - [TEST_STEP][PASSED] - logInfo($response2): {"result_konsumen":"Reject","result_pasangan":"","Final_result":"Reject","errorMessage":"","status":"Done"}

2022-11-22 15:02:08 - [MESSAGE][INFO] - {"result_konsumen":"Reject","result_pasangan":"","Final_result":"Reject","errorMessage":"","status":"Done"}

2022-11-22 15:02:08 - [TEST_STEP][PASSED] - verifyElementPropertyValue(scoring, "Final_result", final_result): Verify element property value successfully

2022-11-22 15:02:08 - [MESSAGE][PASSED] - Verify element property value successfully]]></system-out>
         <system-err><![CDATA[]]></system-err>
      </testcase>
      <testcase name="Test Cases/Engine_Scoring/Engine Scoring" time="5.803" classname="Test Cases/Engine_Scoring/Engine Scoring" status="PASSED">
         <system-out><![CDATA[2022-11-22 15:02:08 - [TEST_CASE][PASSED] - Test Cases/Engine_Scoring/Engine Scoring: Test Cases/Engine_Scoring/Engine Scoring

2022-11-22 15:02:09 - [TEST_STEP][PASSED] - markPassed("Variasi data ke : " + no): Variasi data ke : 265

2022-11-22 15:02:09 - [MESSAGE][PASSED] - Variasi data ke : 265

2022-11-22 15:02:09 - [TEST_STEP][PASSED] - req_data = sendRequest(findTestObject("Search_ME", ["MID":MID, "source":source, "ip":ip, "userid":userid, "branch":branch, "tipekons":tipekons, "marital":marital, "penjamin":penjamin, ... ])): Send request successfully

2022-11-22 15:02:10 - [MESSAGE][INFO] - HAR: D:\DMS\Engine Scoring\Reports\20221122_143755\Exclude KKB - DS\Scoring Individu - CS\20221122_143756\requests\main\528.har

2022-11-22 15:02:10 - [MESSAGE][PASSED] - Send request successfully

2022-11-22 15:02:10 - [TEST_STEP][PASSED] - slurper = new groovy.json.JsonSlurper(): null

2022-11-22 15:02:10 - [TEST_STEP][PASSED] - result = slurper.parseText(req_data.getResponseBodyContent()): null

2022-11-22 15:02:10 - [TEST_STEP][PASSED] - reqid_kons = requestid1: null

2022-11-22 15:02:10 - [TEST_STEP][PASSED] - reqid_spouse = requestid2: null

2022-11-22 15:02:10 - [TEST_STEP][PASSED] - println("requestid kons : " + reqid_kons): null

2022-11-22 15:02:10 - [TEST_STEP][PASSED] - response_searchME_kons = reqid_kons: null

2022-11-22 15:02:10 - [TEST_STEP][PASSED] - response_searchME_spouse = reqid_spouse: null

2022-11-22 15:02:10 - [TEST_STEP][PASSED] - println("kons req id is :" + response_searchME_kons): null

2022-11-22 15:02:10 - [TEST_STEP][PASSED] - println("spouse req id is : " + response_searchME_spouse): null

2022-11-22 15:02:10 - [TEST_STEP][PASSED] - verifyResponseStatusCode(req_data, 200): Verify response status code successfully

2022-11-22 15:02:10 - [MESSAGE][PASSED] - Verify response status code successfully

2022-11-22 15:02:10 - [TEST_STEP][PASSED] - response = req_data.getResponseText(): null

2022-11-22 15:02:10 - [TEST_STEP][PASSED] - logInfo($response): {"status":"Done","data":{"requestid1":"241805","requestid2":""}}

2022-11-22 15:02:10 - [MESSAGE][INFO] - {"status":"Done","data":{"requestid1":"241805","requestid2":""}}

2022-11-22 15:02:10 - [TEST_STEP][PASSED] - delay(3): Delayed 3 second(s)

2022-11-22 15:02:13 - [MESSAGE][PASSED] - Delayed 3 second(s)

2022-11-22 15:02:13 - [TEST_STEP][PASSED] - scoring = sendRequest(findTestObject("EngineScore", ["response_searchME_kons":response_searchME_kons, "response_searchME_spouse":response_searchME_spouse])): Send request successfully

2022-11-22 15:02:14 - [MESSAGE][INFO] - HAR: D:\DMS\Engine Scoring\Reports\20221122_143755\Exclude KKB - DS\Scoring Individu - CS\20221122_143756\requests\main\529.har

2022-11-22 15:02:14 - [MESSAGE][PASSED] - Send request successfully

2022-11-22 15:02:14 - [TEST_STEP][PASSED] - verifyResponseStatusCode(scoring, 200): Verify response status code successfully

2022-11-22 15:02:14 - [MESSAGE][PASSED] - Verify response status code successfully

2022-11-22 15:02:14 - [TEST_STEP][PASSED] - response2 = scoring.getResponseText(): null

2022-11-22 15:02:14 - [TEST_STEP][PASSED] - markPassed("result service data ke : " + no): result service data ke : 265

2022-11-22 15:02:14 - [MESSAGE][PASSED] - result service data ke : 265

2022-11-22 15:02:14 - [TEST_STEP][PASSED] - logInfo($response2): {"result_konsumen":"Reject","result_pasangan":"","Final_result":"Reject","errorMessage":"","status":"Done"}

2022-11-22 15:02:14 - [MESSAGE][INFO] - {"result_konsumen":"Reject","result_pasangan":"","Final_result":"Reject","errorMessage":"","status":"Done"}

2022-11-22 15:02:14 - [TEST_STEP][PASSED] - verifyElementPropertyValue(scoring, "Final_result", final_result): Verify element property value successfully

2022-11-22 15:02:14 - [MESSAGE][PASSED] - Verify element property value successfully]]></system-out>
         <system-err><![CDATA[]]></system-err>
      </testcase>
      <testcase name="Test Cases/Engine_Scoring/Engine Scoring" time="7.783" classname="Test Cases/Engine_Scoring/Engine Scoring" status="PASSED">
         <system-out><![CDATA[2022-11-22 15:02:14 - [TEST_CASE][PASSED] - Test Cases/Engine_Scoring/Engine Scoring: Test Cases/Engine_Scoring/Engine Scoring

2022-11-22 15:02:15 - [TEST_STEP][PASSED] - markPassed("Variasi data ke : " + no): Variasi data ke : 266

2022-11-22 15:02:15 - [MESSAGE][PASSED] - Variasi data ke : 266

2022-11-22 15:02:15 - [TEST_STEP][PASSED] - req_data = sendRequest(findTestObject("Search_ME", ["MID":MID, "source":source, "ip":ip, "userid":userid, "branch":branch, "tipekons":tipekons, "marital":marital, "penjamin":penjamin, ... ])): Send request successfully

2022-11-22 15:02:18 - [MESSAGE][INFO] - HAR: D:\DMS\Engine Scoring\Reports\20221122_143755\Exclude KKB - DS\Scoring Individu - CS\20221122_143756\requests\main\530.har

2022-11-22 15:02:18 - [MESSAGE][PASSED] - Send request successfully

2022-11-22 15:02:18 - [TEST_STEP][PASSED] - slurper = new groovy.json.JsonSlurper(): null

2022-11-22 15:02:18 - [TEST_STEP][PASSED] - result = slurper.parseText(req_data.getResponseBodyContent()): null

2022-11-22 15:02:18 - [TEST_STEP][PASSED] - reqid_kons = requestid1: null

2022-11-22 15:02:18 - [TEST_STEP][PASSED] - reqid_spouse = requestid2: null

2022-11-22 15:02:18 - [TEST_STEP][PASSED] - println("requestid kons : " + reqid_kons): null

2022-11-22 15:02:18 - [TEST_STEP][PASSED] - response_searchME_kons = reqid_kons: null

2022-11-22 15:02:18 - [TEST_STEP][PASSED] - response_searchME_spouse = reqid_spouse: null

2022-11-22 15:02:18 - [TEST_STEP][PASSED] - println("kons req id is :" + response_searchME_kons): null

2022-11-22 15:02:18 - [TEST_STEP][PASSED] - println("spouse req id is : " + response_searchME_spouse): null

2022-11-22 15:02:18 - [TEST_STEP][PASSED] - verifyResponseStatusCode(req_data, 200): Verify response status code successfully

2022-11-22 15:02:18 - [MESSAGE][PASSED] - Verify response status code successfully

2022-11-22 15:02:18 - [TEST_STEP][PASSED] - response = req_data.getResponseText(): null

2022-11-22 15:02:18 - [TEST_STEP][PASSED] - logInfo($response): {"status":"Done","data":{"requestid1":"241806","requestid2":""}}

2022-11-22 15:02:18 - [MESSAGE][INFO] - {"status":"Done","data":{"requestid1":"241806","requestid2":""}}

2022-11-22 15:02:18 - [TEST_STEP][PASSED] - delay(3): Delayed 3 second(s)

2022-11-22 15:02:21 - [MESSAGE][PASSED] - Delayed 3 second(s)

2022-11-22 15:02:21 - [TEST_STEP][PASSED] - scoring = sendRequest(findTestObject("EngineScore", ["response_searchME_kons":response_searchME_kons, "response_searchME_spouse":response_searchME_spouse])): Send request successfully

2022-11-22 15:02:21 - [MESSAGE][INFO] - HAR: D:\DMS\Engine Scoring\Reports\20221122_143755\Exclude KKB - DS\Scoring Individu - CS\20221122_143756\requests\main\531.har

2022-11-22 15:02:21 - [MESSAGE][PASSED] - Send request successfully

2022-11-22 15:02:21 - [TEST_STEP][PASSED] - verifyResponseStatusCode(scoring, 200): Verify response status code successfully

2022-11-22 15:02:21 - [MESSAGE][PASSED] - Verify response status code successfully

2022-11-22 15:02:21 - [TEST_STEP][PASSED] - response2 = scoring.getResponseText(): null

2022-11-22 15:02:21 - [TEST_STEP][PASSED] - markPassed("result service data ke : " + no): result service data ke : 266

2022-11-22 15:02:21 - [MESSAGE][PASSED] - result service data ke : 266

2022-11-22 15:02:21 - [TEST_STEP][PASSED] - logInfo($response2): {"result_konsumen":"Reject","result_pasangan":"","Final_result":"Reject","errorMessage":"","status":"Done"}

2022-11-22 15:02:21 - [MESSAGE][INFO] - {"result_konsumen":"Reject","result_pasangan":"","Final_result":"Reject","errorMessage":"","status":"Done"}

2022-11-22 15:02:21 - [TEST_STEP][PASSED] - verifyElementPropertyValue(scoring, "Final_result", final_result): Verify element property value successfully

2022-11-22 15:02:21 - [MESSAGE][PASSED] - Verify element property value successfully]]></system-out>
         <system-err><![CDATA[]]></system-err>
      </testcase>
      <testcase name="Test Cases/Engine_Scoring/Engine Scoring" time="6.434" classname="Test Cases/Engine_Scoring/Engine Scoring" status="PASSED">
         <system-out><![CDATA[2022-11-22 15:02:22 - [TEST_CASE][PASSED] - Test Cases/Engine_Scoring/Engine Scoring: Test Cases/Engine_Scoring/Engine Scoring

2022-11-22 15:02:24 - [TEST_STEP][PASSED] - markPassed("Variasi data ke : " + no): Variasi data ke : 267

2022-11-22 15:02:24 - [MESSAGE][PASSED] - Variasi data ke : 267

2022-11-22 15:02:24 - [TEST_STEP][PASSED] - req_data = sendRequest(findTestObject("Search_ME", ["MID":MID, "source":source, "ip":ip, "userid":userid, "branch":branch, "tipekons":tipekons, "marital":marital, "penjamin":penjamin, ... ])): Send request successfully

2022-11-22 15:02:25 - [MESSAGE][INFO] - HAR: D:\DMS\Engine Scoring\Reports\20221122_143755\Exclude KKB - DS\Scoring Individu - CS\20221122_143756\requests\main\532.har

2022-11-22 15:02:25 - [MESSAGE][PASSED] - Send request successfully

2022-11-22 15:02:25 - [TEST_STEP][PASSED] - slurper = new groovy.json.JsonSlurper(): null

2022-11-22 15:02:25 - [TEST_STEP][PASSED] - result = slurper.parseText(req_data.getResponseBodyContent()): null

2022-11-22 15:02:25 - [TEST_STEP][PASSED] - reqid_kons = requestid1: null

2022-11-22 15:02:25 - [TEST_STEP][PASSED] - reqid_spouse = requestid2: null

2022-11-22 15:02:25 - [TEST_STEP][PASSED] - println("requestid kons : " + reqid_kons): null

2022-11-22 15:02:25 - [TEST_STEP][PASSED] - response_searchME_kons = reqid_kons: null

2022-11-22 15:02:25 - [TEST_STEP][PASSED] - response_searchME_spouse = reqid_spouse: null

2022-11-22 15:02:25 - [TEST_STEP][PASSED] - println("kons req id is :" + response_searchME_kons): null

2022-11-22 15:02:25 - [TEST_STEP][PASSED] - println("spouse req id is : " + response_searchME_spouse): null

2022-11-22 15:02:25 - [TEST_STEP][PASSED] - verifyResponseStatusCode(req_data, 200): Verify response status code successfully

2022-11-22 15:02:25 - [MESSAGE][PASSED] - Verify response status code successfully

2022-11-22 15:02:25 - [TEST_STEP][PASSED] - response = req_data.getResponseText(): null

2022-11-22 15:02:25 - [TEST_STEP][PASSED] - logInfo($response): {"status":"Done","data":{"requestid1":"241807","requestid2":""}}

2022-11-22 15:02:25 - [MESSAGE][INFO] - {"status":"Done","data":{"requestid1":"241807","requestid2":""}}

2022-11-22 15:02:25 - [TEST_STEP][PASSED] - delay(3): Delayed 3 second(s)

2022-11-22 15:02:28 - [MESSAGE][PASSED] - Delayed 3 second(s)

2022-11-22 15:02:28 - [TEST_STEP][PASSED] - scoring = sendRequest(findTestObject("EngineScore", ["response_searchME_kons":response_searchME_kons, "response_searchME_spouse":response_searchME_spouse])): Send request successfully

2022-11-22 15:02:28 - [MESSAGE][INFO] - HAR: D:\DMS\Engine Scoring\Reports\20221122_143755\Exclude KKB - DS\Scoring Individu - CS\20221122_143756\requests\main\533.har

2022-11-22 15:02:28 - [MESSAGE][PASSED] - Send request successfully

2022-11-22 15:02:28 - [TEST_STEP][PASSED] - verifyResponseStatusCode(scoring, 200): Verify response status code successfully

2022-11-22 15:02:28 - [MESSAGE][PASSED] - Verify response status code successfully

2022-11-22 15:02:28 - [TEST_STEP][PASSED] - response2 = scoring.getResponseText(): null

2022-11-22 15:02:28 - [TEST_STEP][PASSED] - markPassed("result service data ke : " + no): result service data ke : 267

2022-11-22 15:02:28 - [MESSAGE][PASSED] - result service data ke : 267

2022-11-22 15:02:28 - [TEST_STEP][PASSED] - logInfo($response2): {"result_konsumen":"Reject","result_pasangan":"","Final_result":"Reject","errorMessage":"","status":"Done"}

2022-11-22 15:02:28 - [MESSAGE][INFO] - {"result_konsumen":"Reject","result_pasangan":"","Final_result":"Reject","errorMessage":"","status":"Done"}

2022-11-22 15:02:28 - [TEST_STEP][PASSED] - verifyElementPropertyValue(scoring, "Final_result", final_result): Verify element property value successfully

2022-11-22 15:02:28 - [MESSAGE][PASSED] - Verify element property value successfully]]></system-out>
         <system-err><![CDATA[]]></system-err>
      </testcase>
      <testcase name="Test Cases/Engine_Scoring/Engine Scoring" time="5.746" classname="Test Cases/Engine_Scoring/Engine Scoring" status="PASSED">
         <system-out><![CDATA[2022-11-22 15:02:28 - [TEST_CASE][PASSED] - Test Cases/Engine_Scoring/Engine Scoring: Test Cases/Engine_Scoring/Engine Scoring

2022-11-22 15:02:29 - [TEST_STEP][PASSED] - markPassed("Variasi data ke : " + no): Variasi data ke : 268

2022-11-22 15:02:29 - [MESSAGE][PASSED] - Variasi data ke : 268

2022-11-22 15:02:29 - [TEST_STEP][PASSED] - req_data = sendRequest(findTestObject("Search_ME", ["MID":MID, "source":source, "ip":ip, "userid":userid, "branch":branch, "tipekons":tipekons, "marital":marital, "penjamin":penjamin, ... ])): Send request successfully

2022-11-22 15:02:31 - [MESSAGE][INFO] - HAR: D:\DMS\Engine Scoring\Reports\20221122_143755\Exclude KKB - DS\Scoring Individu - CS\20221122_143756\requests\main\534.har

2022-11-22 15:02:31 - [MESSAGE][PASSED] - Send request successfully

2022-11-22 15:02:31 - [TEST_STEP][PASSED] - slurper = new groovy.json.JsonSlurper(): null

2022-11-22 15:02:31 - [TEST_STEP][PASSED] - result = slurper.parseText(req_data.getResponseBodyContent()): null

2022-11-22 15:02:31 - [TEST_STEP][PASSED] - reqid_kons = requestid1: null

2022-11-22 15:02:31 - [TEST_STEP][PASSED] - reqid_spouse = requestid2: null

2022-11-22 15:02:31 - [TEST_STEP][PASSED] - println("requestid kons : " + reqid_kons): null

2022-11-22 15:02:31 - [TEST_STEP][PASSED] - response_searchME_kons = reqid_kons: null

2022-11-22 15:02:31 - [TEST_STEP][PASSED] - response_searchME_spouse = reqid_spouse: null

2022-11-22 15:02:31 - [TEST_STEP][PASSED] - println("kons req id is :" + response_searchME_kons): null

2022-11-22 15:02:31 - [TEST_STEP][PASSED] - println("spouse req id is : " + response_searchME_spouse): null

2022-11-22 15:02:31 - [TEST_STEP][PASSED] - verifyResponseStatusCode(req_data, 200): Verify response status code successfully

2022-11-22 15:02:31 - [MESSAGE][PASSED] - Verify response status code successfully

2022-11-22 15:02:31 - [TEST_STEP][PASSED] - response = req_data.getResponseText(): null

2022-11-22 15:02:31 - [TEST_STEP][PASSED] - logInfo($response): {"status":"Done","data":{"requestid1":"241808","requestid2":""}}

2022-11-22 15:02:31 - [MESSAGE][INFO] - {"status":"Done","data":{"requestid1":"241808","requestid2":""}}

2022-11-22 15:02:31 - [TEST_STEP][PASSED] - delay(3): Delayed 3 second(s)

2022-11-22 15:02:34 - [MESSAGE][PASSED] - Delayed 3 second(s)

2022-11-22 15:02:34 - [TEST_STEP][PASSED] - scoring = sendRequest(findTestObject("EngineScore", ["response_searchME_kons":response_searchME_kons, "response_searchME_spouse":response_searchME_spouse])): Send request successfully

2022-11-22 15:02:34 - [MESSAGE][INFO] - HAR: D:\DMS\Engine Scoring\Reports\20221122_143755\Exclude KKB - DS\Scoring Individu - CS\20221122_143756\requests\main\535.har

2022-11-22 15:02:34 - [MESSAGE][PASSED] - Send request successfully

2022-11-22 15:02:34 - [TEST_STEP][PASSED] - verifyResponseStatusCode(scoring, 200): Verify response status code successfully

2022-11-22 15:02:34 - [MESSAGE][PASSED] - Verify response status code successfully

2022-11-22 15:02:34 - [TEST_STEP][PASSED] - response2 = scoring.getResponseText(): null

2022-11-22 15:02:34 - [TEST_STEP][PASSED] - markPassed("result service data ke : " + no): result service data ke : 268

2022-11-22 15:02:34 - [MESSAGE][PASSED] - result service data ke : 268

2022-11-22 15:02:34 - [TEST_STEP][PASSED] - logInfo($response2): {"result_konsumen":"Reject","result_pasangan":"","Final_result":"Reject","errorMessage":"","status":"Done"}

2022-11-22 15:02:34 - [MESSAGE][INFO] - {"result_konsumen":"Reject","result_pasangan":"","Final_result":"Reject","errorMessage":"","status":"Done"}

2022-11-22 15:02:34 - [TEST_STEP][PASSED] - verifyElementPropertyValue(scoring, "Final_result", final_result): Verify element property value successfully

2022-11-22 15:02:34 - [MESSAGE][PASSED] - Verify element property value successfully]]></system-out>
         <system-err><![CDATA[]]></system-err>
      </testcase>
      <testcase name="Test Cases/Engine_Scoring/Engine Scoring" time="5.622" classname="Test Cases/Engine_Scoring/Engine Scoring" status="PASSED">
         <system-out><![CDATA[2022-11-22 15:02:34 - [TEST_CASE][PASSED] - Test Cases/Engine_Scoring/Engine Scoring: Test Cases/Engine_Scoring/Engine Scoring

2022-11-22 15:02:35 - [TEST_STEP][PASSED] - markPassed("Variasi data ke : " + no): Variasi data ke : 269

2022-11-22 15:02:35 - [MESSAGE][PASSED] - Variasi data ke : 269

2022-11-22 15:02:35 - [TEST_STEP][PASSED] - req_data = sendRequest(findTestObject("Search_ME", ["MID":MID, "source":source, "ip":ip, "userid":userid, "branch":branch, "tipekons":tipekons, "marital":marital, "penjamin":penjamin, ... ])): Send request successfully

2022-11-22 15:02:36 - [MESSAGE][INFO] - HAR: D:\DMS\Engine Scoring\Reports\20221122_143755\Exclude KKB - DS\Scoring Individu - CS\20221122_143756\requests\main\536.har

2022-11-22 15:02:36 - [MESSAGE][PASSED] - Send request successfully

2022-11-22 15:02:36 - [TEST_STEP][PASSED] - slurper = new groovy.json.JsonSlurper(): null

2022-11-22 15:02:36 - [TEST_STEP][PASSED] - result = slurper.parseText(req_data.getResponseBodyContent()): null

2022-11-22 15:02:36 - [TEST_STEP][PASSED] - reqid_kons = requestid1: null

2022-11-22 15:02:36 - [TEST_STEP][PASSED] - reqid_spouse = requestid2: null

2022-11-22 15:02:36 - [TEST_STEP][PASSED] - println("requestid kons : " + reqid_kons): null

2022-11-22 15:02:36 - [TEST_STEP][PASSED] - response_searchME_kons = reqid_kons: null

2022-11-22 15:02:36 - [TEST_STEP][PASSED] - response_searchME_spouse = reqid_spouse: null

2022-11-22 15:02:36 - [TEST_STEP][PASSED] - println("kons req id is :" + response_searchME_kons): null

2022-11-22 15:02:36 - [TEST_STEP][PASSED] - println("spouse req id is : " + response_searchME_spouse): null

2022-11-22 15:02:36 - [TEST_STEP][PASSED] - verifyResponseStatusCode(req_data, 200): Verify response status code successfully

2022-11-22 15:02:36 - [MESSAGE][PASSED] - Verify response status code successfully

2022-11-22 15:02:36 - [TEST_STEP][PASSED] - response = req_data.getResponseText(): null

2022-11-22 15:02:36 - [TEST_STEP][PASSED] - logInfo($response): {"status":"Done","data":{"requestid1":"241809","requestid2":""}}

2022-11-22 15:02:36 - [MESSAGE][INFO] - {"status":"Done","data":{"requestid1":"241809","requestid2":""}}

2022-11-22 15:02:36 - [TEST_STEP][PASSED] - delay(3): Delayed 3 second(s)

2022-11-22 15:02:39 - [MESSAGE][PASSED] - Delayed 3 second(s)

2022-11-22 15:02:39 - [TEST_STEP][PASSED] - scoring = sendRequest(findTestObject("EngineScore", ["response_searchME_kons":response_searchME_kons, "response_searchME_spouse":response_searchME_spouse])): Send request successfully

2022-11-22 15:02:39 - [MESSAGE][INFO] - HAR: D:\DMS\Engine Scoring\Reports\20221122_143755\Exclude KKB - DS\Scoring Individu - CS\20221122_143756\requests\main\537.har

2022-11-22 15:02:39 - [MESSAGE][PASSED] - Send request successfully

2022-11-22 15:02:39 - [TEST_STEP][PASSED] - verifyResponseStatusCode(scoring, 200): Verify response status code successfully

2022-11-22 15:02:39 - [MESSAGE][PASSED] - Verify response status code successfully

2022-11-22 15:02:39 - [TEST_STEP][PASSED] - response2 = scoring.getResponseText(): null

2022-11-22 15:02:39 - [TEST_STEP][PASSED] - markPassed("result service data ke : " + no): result service data ke : 269

2022-11-22 15:02:39 - [MESSAGE][PASSED] - result service data ke : 269

2022-11-22 15:02:39 - [TEST_STEP][PASSED] - logInfo($response2): {"result_konsumen":"Reject","result_pasangan":"","Final_result":"Reject","errorMessage":"","status":"Done"}

2022-11-22 15:02:39 - [MESSAGE][INFO] - {"result_konsumen":"Reject","result_pasangan":"","Final_result":"Reject","errorMessage":"","status":"Done"}

2022-11-22 15:02:39 - [TEST_STEP][PASSED] - verifyElementPropertyValue(scoring, "Final_result", final_result): Verify element property value successfully

2022-11-22 15:02:39 - [MESSAGE][PASSED] - Verify element property value successfully]]></system-out>
         <system-err><![CDATA[]]></system-err>
      </testcase>
      <testcase name="Test Cases/Engine_Scoring/Engine Scoring" time="5.754" classname="Test Cases/Engine_Scoring/Engine Scoring" status="PASSED">
         <system-out><![CDATA[2022-11-22 15:02:40 - [TEST_CASE][PASSED] - Test Cases/Engine_Scoring/Engine Scoring: Test Cases/Engine_Scoring/Engine Scoring

2022-11-22 15:02:41 - [TEST_STEP][PASSED] - markPassed("Variasi data ke : " + no): Variasi data ke : 270

2022-11-22 15:02:41 - [MESSAGE][PASSED] - Variasi data ke : 270

2022-11-22 15:02:41 - [TEST_STEP][PASSED] - req_data = sendRequest(findTestObject("Search_ME", ["MID":MID, "source":source, "ip":ip, "userid":userid, "branch":branch, "tipekons":tipekons, "marital":marital, "penjamin":penjamin, ... ])): Send request successfully

2022-11-22 15:02:42 - [MESSAGE][INFO] - HAR: D:\DMS\Engine Scoring\Reports\20221122_143755\Exclude KKB - DS\Scoring Individu - CS\20221122_143756\requests\main\538.har

2022-11-22 15:02:42 - [MESSAGE][PASSED] - Send request successfully

2022-11-22 15:02:42 - [TEST_STEP][PASSED] - slurper = new groovy.json.JsonSlurper(): null

2022-11-22 15:02:42 - [TEST_STEP][PASSED] - result = slurper.parseText(req_data.getResponseBodyContent()): null

2022-11-22 15:02:42 - [TEST_STEP][PASSED] - reqid_kons = requestid1: null

2022-11-22 15:02:42 - [TEST_STEP][PASSED] - reqid_spouse = requestid2: null

2022-11-22 15:02:42 - [TEST_STEP][PASSED] - println("requestid kons : " + reqid_kons): null

2022-11-22 15:02:42 - [TEST_STEP][PASSED] - response_searchME_kons = reqid_kons: null

2022-11-22 15:02:42 - [TEST_STEP][PASSED] - response_searchME_spouse = reqid_spouse: null

2022-11-22 15:02:42 - [TEST_STEP][PASSED] - println("kons req id is :" + response_searchME_kons): null

2022-11-22 15:02:42 - [TEST_STEP][PASSED] - println("spouse req id is : " + response_searchME_spouse): null

2022-11-22 15:02:42 - [TEST_STEP][PASSED] - verifyResponseStatusCode(req_data, 200): Verify response status code successfully

2022-11-22 15:02:42 - [MESSAGE][PASSED] - Verify response status code successfully

2022-11-22 15:02:42 - [TEST_STEP][PASSED] - response = req_data.getResponseText(): null

2022-11-22 15:02:42 - [TEST_STEP][PASSED] - logInfo($response): {"status":"Done","data":{"requestid1":"241810","requestid2":""}}

2022-11-22 15:02:42 - [MESSAGE][INFO] - {"status":"Done","data":{"requestid1":"241810","requestid2":""}}

2022-11-22 15:02:42 - [TEST_STEP][PASSED] - delay(3): Delayed 3 second(s)

2022-11-22 15:02:45 - [MESSAGE][PASSED] - Delayed 3 second(s)

2022-11-22 15:02:45 - [TEST_STEP][PASSED] - scoring = sendRequest(findTestObject("EngineScore", ["response_searchME_kons":response_searchME_kons, "response_searchME_spouse":response_searchME_spouse])): Send request successfully

2022-11-22 15:02:45 - [MESSAGE][INFO] - HAR: D:\DMS\Engine Scoring\Reports\20221122_143755\Exclude KKB - DS\Scoring Individu - CS\20221122_143756\requests\main\539.har

2022-11-22 15:02:45 - [MESSAGE][PASSED] - Send request successfully

2022-11-22 15:02:45 - [TEST_STEP][PASSED] - verifyResponseStatusCode(scoring, 200): Verify response status code successfully

2022-11-22 15:02:45 - [MESSAGE][PASSED] - Verify response status code successfully

2022-11-22 15:02:45 - [TEST_STEP][PASSED] - response2 = scoring.getResponseText(): null

2022-11-22 15:02:45 - [TEST_STEP][PASSED] - markPassed("result service data ke : " + no): result service data ke : 270

2022-11-22 15:02:45 - [MESSAGE][PASSED] - result service data ke : 270

2022-11-22 15:02:45 - [TEST_STEP][PASSED] - logInfo($response2): {"result_konsumen":"Reject","result_pasangan":"","Final_result":"Reject","errorMessage":"","status":"Done"}

2022-11-22 15:02:45 - [MESSAGE][INFO] - {"result_konsumen":"Reject","result_pasangan":"","Final_result":"Reject","errorMessage":"","status":"Done"}

2022-11-22 15:02:45 - [TEST_STEP][PASSED] - verifyElementPropertyValue(scoring, "Final_result", final_result): Verify element property value successfully

2022-11-22 15:02:45 - [MESSAGE][PASSED] - Verify element property value successfully]]></system-out>
         <system-err><![CDATA[]]></system-err>
      </testcase>
      <testcase name="Test Cases/Engine_Scoring/Engine Scoring" time="5.6" classname="Test Cases/Engine_Scoring/Engine Scoring" status="PASSED">
         <system-out><![CDATA[2022-11-22 15:02:45 - [TEST_CASE][PASSED] - Test Cases/Engine_Scoring/Engine Scoring: Test Cases/Engine_Scoring/Engine Scoring

2022-11-22 15:02:47 - [TEST_STEP][PASSED] - markPassed("Variasi data ke : " + no): Variasi data ke : 271

2022-11-22 15:02:47 - [MESSAGE][PASSED] - Variasi data ke : 271

2022-11-22 15:02:47 - [TEST_STEP][PASSED] - req_data = sendRequest(findTestObject("Search_ME", ["MID":MID, "source":source, "ip":ip, "userid":userid, "branch":branch, "tipekons":tipekons, "marital":marital, "penjamin":penjamin, ... ])): Send request successfully

2022-11-22 15:02:48 - [MESSAGE][INFO] - HAR: D:\DMS\Engine Scoring\Reports\20221122_143755\Exclude KKB - DS\Scoring Individu - CS\20221122_143756\requests\main\540.har

2022-11-22 15:02:48 - [MESSAGE][PASSED] - Send request successfully

2022-11-22 15:02:48 - [TEST_STEP][PASSED] - slurper = new groovy.json.JsonSlurper(): null

2022-11-22 15:02:48 - [TEST_STEP][PASSED] - result = slurper.parseText(req_data.getResponseBodyContent()): null

2022-11-22 15:02:48 - [TEST_STEP][PASSED] - reqid_kons = requestid1: null

2022-11-22 15:02:48 - [TEST_STEP][PASSED] - reqid_spouse = requestid2: null

2022-11-22 15:02:48 - [TEST_STEP][PASSED] - println("requestid kons : " + reqid_kons): null

2022-11-22 15:02:48 - [TEST_STEP][PASSED] - response_searchME_kons = reqid_kons: null

2022-11-22 15:02:48 - [TEST_STEP][PASSED] - response_searchME_spouse = reqid_spouse: null

2022-11-22 15:02:48 - [TEST_STEP][PASSED] - println("kons req id is :" + response_searchME_kons): null

2022-11-22 15:02:48 - [TEST_STEP][PASSED] - println("spouse req id is : " + response_searchME_spouse): null

2022-11-22 15:02:48 - [TEST_STEP][PASSED] - verifyResponseStatusCode(req_data, 200): Verify response status code successfully

2022-11-22 15:02:48 - [MESSAGE][PASSED] - Verify response status code successfully

2022-11-22 15:02:48 - [TEST_STEP][PASSED] - response = req_data.getResponseText(): null

2022-11-22 15:02:48 - [TEST_STEP][PASSED] - logInfo($response): {"status":"Done","data":{"requestid1":"241811","requestid2":""}}

2022-11-22 15:02:48 - [MESSAGE][INFO] - {"status":"Done","data":{"requestid1":"241811","requestid2":""}}

2022-11-22 15:02:48 - [TEST_STEP][PASSED] - delay(3): Delayed 3 second(s)

2022-11-22 15:02:51 - [MESSAGE][PASSED] - Delayed 3 second(s)

2022-11-22 15:02:51 - [TEST_STEP][PASSED] - scoring = sendRequest(findTestObject("EngineScore", ["response_searchME_kons":response_searchME_kons, "response_searchME_spouse":response_searchME_spouse])): Send request successfully

2022-11-22 15:02:51 - [MESSAGE][INFO] - HAR: D:\DMS\Engine Scoring\Reports\20221122_143755\Exclude KKB - DS\Scoring Individu - CS\20221122_143756\requests\main\541.har

2022-11-22 15:02:51 - [MESSAGE][PASSED] - Send request successfully

2022-11-22 15:02:51 - [TEST_STEP][PASSED] - verifyResponseStatusCode(scoring, 200): Verify response status code successfully

2022-11-22 15:02:51 - [MESSAGE][PASSED] - Verify response status code successfully

2022-11-22 15:02:51 - [TEST_STEP][PASSED] - response2 = scoring.getResponseText(): null

2022-11-22 15:02:51 - [TEST_STEP][PASSED] - markPassed("result service data ke : " + no): result service data ke : 271

2022-11-22 15:02:51 - [MESSAGE][PASSED] - result service data ke : 271

2022-11-22 15:02:51 - [TEST_STEP][PASSED] - logInfo($response2): {"result_konsumen":"Reject","result_pasangan":"","Final_result":"Reject","errorMessage":"","status":"Done"}

2022-11-22 15:02:51 - [MESSAGE][INFO] - {"result_konsumen":"Reject","result_pasangan":"","Final_result":"Reject","errorMessage":"","status":"Done"}

2022-11-22 15:02:51 - [TEST_STEP][PASSED] - verifyElementPropertyValue(scoring, "Final_result", final_result): Verify element property value successfully

2022-11-22 15:02:51 - [MESSAGE][PASSED] - Verify element property value successfully]]></system-out>
         <system-err><![CDATA[]]></system-err>
      </testcase>
      <testcase name="Test Cases/Engine_Scoring/Engine Scoring" time="5.643" classname="Test Cases/Engine_Scoring/Engine Scoring" status="PASSED">
         <system-out><![CDATA[2022-11-22 15:02:51 - [TEST_CASE][PASSED] - Test Cases/Engine_Scoring/Engine Scoring: Test Cases/Engine_Scoring/Engine Scoring

2022-11-22 15:02:52 - [TEST_STEP][PASSED] - markPassed("Variasi data ke : " + no): Variasi data ke : 272

2022-11-22 15:02:52 - [MESSAGE][PASSED] - Variasi data ke : 272

2022-11-22 15:02:52 - [TEST_STEP][PASSED] - req_data = sendRequest(findTestObject("Search_ME", ["MID":MID, "source":source, "ip":ip, "userid":userid, "branch":branch, "tipekons":tipekons, "marital":marital, "penjamin":penjamin, ... ])): Send request successfully

2022-11-22 15:02:54 - [MESSAGE][INFO] - HAR: D:\DMS\Engine Scoring\Reports\20221122_143755\Exclude KKB - DS\Scoring Individu - CS\20221122_143756\requests\main\542.har

2022-11-22 15:02:54 - [MESSAGE][PASSED] - Send request successfully

2022-11-22 15:02:54 - [TEST_STEP][PASSED] - slurper = new groovy.json.JsonSlurper(): null

2022-11-22 15:02:54 - [TEST_STEP][PASSED] - result = slurper.parseText(req_data.getResponseBodyContent()): null

2022-11-22 15:02:54 - [TEST_STEP][PASSED] - reqid_kons = requestid1: null

2022-11-22 15:02:54 - [TEST_STEP][PASSED] - reqid_spouse = requestid2: null

2022-11-22 15:02:54 - [TEST_STEP][PASSED] - println("requestid kons : " + reqid_kons): null

2022-11-22 15:02:54 - [TEST_STEP][PASSED] - response_searchME_kons = reqid_kons: null

2022-11-22 15:02:54 - [TEST_STEP][PASSED] - response_searchME_spouse = reqid_spouse: null

2022-11-22 15:02:54 - [TEST_STEP][PASSED] - println("kons req id is :" + response_searchME_kons): null

2022-11-22 15:02:54 - [TEST_STEP][PASSED] - println("spouse req id is : " + response_searchME_spouse): null

2022-11-22 15:02:54 - [TEST_STEP][PASSED] - verifyResponseStatusCode(req_data, 200): Verify response status code successfully

2022-11-22 15:02:54 - [MESSAGE][PASSED] - Verify response status code successfully

2022-11-22 15:02:54 - [TEST_STEP][PASSED] - response = req_data.getResponseText(): null

2022-11-22 15:02:54 - [TEST_STEP][PASSED] - logInfo($response): {"status":"Done","data":{"requestid1":"241812","requestid2":""}}

2022-11-22 15:02:54 - [MESSAGE][INFO] - {"status":"Done","data":{"requestid1":"241812","requestid2":""}}

2022-11-22 15:02:54 - [TEST_STEP][PASSED] - delay(3): Delayed 3 second(s)

2022-11-22 15:02:57 - [MESSAGE][PASSED] - Delayed 3 second(s)

2022-11-22 15:02:57 - [TEST_STEP][PASSED] - scoring = sendRequest(findTestObject("EngineScore", ["response_searchME_kons":response_searchME_kons, "response_searchME_spouse":response_searchME_spouse])): Send request successfully

2022-11-22 15:02:57 - [MESSAGE][INFO] - HAR: D:\DMS\Engine Scoring\Reports\20221122_143755\Exclude KKB - DS\Scoring Individu - CS\20221122_143756\requests\main\543.har

2022-11-22 15:02:57 - [MESSAGE][PASSED] - Send request successfully

2022-11-22 15:02:57 - [TEST_STEP][PASSED] - verifyResponseStatusCode(scoring, 200): Verify response status code successfully

2022-11-22 15:02:57 - [MESSAGE][PASSED] - Verify response status code successfully

2022-11-22 15:02:57 - [TEST_STEP][PASSED] - response2 = scoring.getResponseText(): null

2022-11-22 15:02:57 - [TEST_STEP][PASSED] - markPassed("result service data ke : " + no): result service data ke : 272

2022-11-22 15:02:57 - [MESSAGE][PASSED] - result service data ke : 272

2022-11-22 15:02:57 - [TEST_STEP][PASSED] - logInfo($response2): {"result_konsumen":"Reject","result_pasangan":"","Final_result":"Reject","errorMessage":"","status":"Done"}

2022-11-22 15:02:57 - [MESSAGE][INFO] - {"result_konsumen":"Reject","result_pasangan":"","Final_result":"Reject","errorMessage":"","status":"Done"}

2022-11-22 15:02:57 - [TEST_STEP][PASSED] - verifyElementPropertyValue(scoring, "Final_result", final_result): Verify element property value successfully

2022-11-22 15:02:57 - [MESSAGE][PASSED] - Verify element property value successfully]]></system-out>
         <system-err><![CDATA[]]></system-err>
      </testcase>
      <testcase name="Test Cases/Engine_Scoring/Engine Scoring" time="5.517" classname="Test Cases/Engine_Scoring/Engine Scoring" status="PASSED">
         <system-out><![CDATA[2022-11-22 15:02:57 - [TEST_CASE][PASSED] - Test Cases/Engine_Scoring/Engine Scoring: Test Cases/Engine_Scoring/Engine Scoring

2022-11-22 15:02:58 - [TEST_STEP][PASSED] - markPassed("Variasi data ke : " + no): Variasi data ke : 273

2022-11-22 15:02:58 - [MESSAGE][PASSED] - Variasi data ke : 273

2022-11-22 15:02:58 - [TEST_STEP][PASSED] - req_data = sendRequest(findTestObject("Search_ME", ["MID":MID, "source":source, "ip":ip, "userid":userid, "branch":branch, "tipekons":tipekons, "marital":marital, "penjamin":penjamin, ... ])): Send request successfully

2022-11-22 15:02:59 - [MESSAGE][INFO] - HAR: D:\DMS\Engine Scoring\Reports\20221122_143755\Exclude KKB - DS\Scoring Individu - CS\20221122_143756\requests\main\544.har

2022-11-22 15:02:59 - [MESSAGE][PASSED] - Send request successfully

2022-11-22 15:02:59 - [TEST_STEP][PASSED] - slurper = new groovy.json.JsonSlurper(): null

2022-11-22 15:02:59 - [TEST_STEP][PASSED] - result = slurper.parseText(req_data.getResponseBodyContent()): null

2022-11-22 15:02:59 - [TEST_STEP][PASSED] - reqid_kons = requestid1: null

2022-11-22 15:02:59 - [TEST_STEP][PASSED] - reqid_spouse = requestid2: null

2022-11-22 15:02:59 - [TEST_STEP][PASSED] - println("requestid kons : " + reqid_kons): null

2022-11-22 15:02:59 - [TEST_STEP][PASSED] - response_searchME_kons = reqid_kons: null

2022-11-22 15:02:59 - [TEST_STEP][PASSED] - response_searchME_spouse = reqid_spouse: null

2022-11-22 15:02:59 - [TEST_STEP][PASSED] - println("kons req id is :" + response_searchME_kons): null

2022-11-22 15:02:59 - [TEST_STEP][PASSED] - println("spouse req id is : " + response_searchME_spouse): null

2022-11-22 15:02:59 - [TEST_STEP][PASSED] - verifyResponseStatusCode(req_data, 200): Verify response status code successfully

2022-11-22 15:02:59 - [MESSAGE][PASSED] - Verify response status code successfully

2022-11-22 15:02:59 - [TEST_STEP][PASSED] - response = req_data.getResponseText(): null

2022-11-22 15:02:59 - [TEST_STEP][PASSED] - logInfo($response): {"status":"Done","data":{"requestid1":"241813","requestid2":""}}

2022-11-22 15:02:59 - [MESSAGE][INFO] - {"status":"Done","data":{"requestid1":"241813","requestid2":""}}

2022-11-22 15:02:59 - [TEST_STEP][PASSED] - delay(3): Delayed 3 second(s)

2022-11-22 15:03:02 - [MESSAGE][PASSED] - Delayed 3 second(s)

2022-11-22 15:03:02 - [TEST_STEP][PASSED] - scoring = sendRequest(findTestObject("EngineScore", ["response_searchME_kons":response_searchME_kons, "response_searchME_spouse":response_searchME_spouse])): Send request successfully

2022-11-22 15:03:02 - [MESSAGE][INFO] - HAR: D:\DMS\Engine Scoring\Reports\20221122_143755\Exclude KKB - DS\Scoring Individu - CS\20221122_143756\requests\main\545.har

2022-11-22 15:03:02 - [MESSAGE][PASSED] - Send request successfully

2022-11-22 15:03:02 - [TEST_STEP][PASSED] - verifyResponseStatusCode(scoring, 200): Verify response status code successfully

2022-11-22 15:03:02 - [MESSAGE][PASSED] - Verify response status code successfully

2022-11-22 15:03:02 - [TEST_STEP][PASSED] - response2 = scoring.getResponseText(): null

2022-11-22 15:03:02 - [TEST_STEP][PASSED] - markPassed("result service data ke : " + no): result service data ke : 273

2022-11-22 15:03:02 - [MESSAGE][PASSED] - result service data ke : 273

2022-11-22 15:03:02 - [TEST_STEP][PASSED] - logInfo($response2): {"result_konsumen":"Reject","result_pasangan":"","Final_result":"Reject","errorMessage":"","status":"Done"}

2022-11-22 15:03:02 - [MESSAGE][INFO] - {"result_konsumen":"Reject","result_pasangan":"","Final_result":"Reject","errorMessage":"","status":"Done"}

2022-11-22 15:03:02 - [TEST_STEP][PASSED] - verifyElementPropertyValue(scoring, "Final_result", final_result): Verify element property value successfully

2022-11-22 15:03:02 - [MESSAGE][PASSED] - Verify element property value successfully]]></system-out>
         <system-err><![CDATA[]]></system-err>
      </testcase>
      <testcase name="Test Cases/Engine_Scoring/Engine Scoring" time="5.479" classname="Test Cases/Engine_Scoring/Engine Scoring" status="PASSED">
         <system-out><![CDATA[2022-11-22 15:03:02 - [TEST_CASE][PASSED] - Test Cases/Engine_Scoring/Engine Scoring: Test Cases/Engine_Scoring/Engine Scoring

2022-11-22 15:03:04 - [TEST_STEP][PASSED] - markPassed("Variasi data ke : " + no): Variasi data ke : 274

2022-11-22 15:03:04 - [MESSAGE][PASSED] - Variasi data ke : 274

2022-11-22 15:03:04 - [TEST_STEP][PASSED] - req_data = sendRequest(findTestObject("Search_ME", ["MID":MID, "source":source, "ip":ip, "userid":userid, "branch":branch, "tipekons":tipekons, "marital":marital, "penjamin":penjamin, ... ])): Send request successfully

2022-11-22 15:03:05 - [MESSAGE][INFO] - HAR: D:\DMS\Engine Scoring\Reports\20221122_143755\Exclude KKB - DS\Scoring Individu - CS\20221122_143756\requests\main\546.har

2022-11-22 15:03:05 - [MESSAGE][PASSED] - Send request successfully

2022-11-22 15:03:05 - [TEST_STEP][PASSED] - slurper = new groovy.json.JsonSlurper(): null

2022-11-22 15:03:05 - [TEST_STEP][PASSED] - result = slurper.parseText(req_data.getResponseBodyContent()): null

2022-11-22 15:03:05 - [TEST_STEP][PASSED] - reqid_kons = requestid1: null

2022-11-22 15:03:05 - [TEST_STEP][PASSED] - reqid_spouse = requestid2: null

2022-11-22 15:03:05 - [TEST_STEP][PASSED] - println("requestid kons : " + reqid_kons): null

2022-11-22 15:03:05 - [TEST_STEP][PASSED] - response_searchME_kons = reqid_kons: null

2022-11-22 15:03:05 - [TEST_STEP][PASSED] - response_searchME_spouse = reqid_spouse: null

2022-11-22 15:03:05 - [TEST_STEP][PASSED] - println("kons req id is :" + response_searchME_kons): null

2022-11-22 15:03:05 - [TEST_STEP][PASSED] - println("spouse req id is : " + response_searchME_spouse): null

2022-11-22 15:03:05 - [TEST_STEP][PASSED] - verifyResponseStatusCode(req_data, 200): Verify response status code successfully

2022-11-22 15:03:05 - [MESSAGE][PASSED] - Verify response status code successfully

2022-11-22 15:03:05 - [TEST_STEP][PASSED] - response = req_data.getResponseText(): null

2022-11-22 15:03:05 - [TEST_STEP][PASSED] - logInfo($response): {"status":"Done","data":{"requestid1":"241814","requestid2":""}}

2022-11-22 15:03:05 - [MESSAGE][INFO] - {"status":"Done","data":{"requestid1":"241814","requestid2":""}}

2022-11-22 15:03:05 - [TEST_STEP][PASSED] - delay(3): Delayed 3 second(s)

2022-11-22 15:03:08 - [MESSAGE][PASSED] - Delayed 3 second(s)

2022-11-22 15:03:08 - [TEST_STEP][PASSED] - scoring = sendRequest(findTestObject("EngineScore", ["response_searchME_kons":response_searchME_kons, "response_searchME_spouse":response_searchME_spouse])): Send request successfully

2022-11-22 15:03:08 - [MESSAGE][INFO] - HAR: D:\DMS\Engine Scoring\Reports\20221122_143755\Exclude KKB - DS\Scoring Individu - CS\20221122_143756\requests\main\547.har

2022-11-22 15:03:08 - [MESSAGE][PASSED] - Send request successfully

2022-11-22 15:03:08 - [TEST_STEP][PASSED] - verifyResponseStatusCode(scoring, 200): Verify response status code successfully

2022-11-22 15:03:08 - [MESSAGE][PASSED] - Verify response status code successfully

2022-11-22 15:03:08 - [TEST_STEP][PASSED] - response2 = scoring.getResponseText(): null

2022-11-22 15:03:08 - [TEST_STEP][PASSED] - markPassed("result service data ke : " + no): result service data ke : 274

2022-11-22 15:03:08 - [MESSAGE][PASSED] - result service data ke : 274

2022-11-22 15:03:08 - [TEST_STEP][PASSED] - logInfo($response2): {"result_konsumen":"Reject","result_pasangan":"","Final_result":"Reject","errorMessage":"","status":"Done"}

2022-11-22 15:03:08 - [MESSAGE][INFO] - {"result_konsumen":"Reject","result_pasangan":"","Final_result":"Reject","errorMessage":"","status":"Done"}

2022-11-22 15:03:08 - [TEST_STEP][PASSED] - verifyElementPropertyValue(scoring, "Final_result", final_result): Verify element property value successfully

2022-11-22 15:03:08 - [MESSAGE][PASSED] - Verify element property value successfully]]></system-out>
         <system-err><![CDATA[]]></system-err>
      </testcase>
      <testcase name="Test Cases/Engine_Scoring/Engine Scoring" time="5.564" classname="Test Cases/Engine_Scoring/Engine Scoring" status="PASSED">
         <system-out><![CDATA[2022-11-22 15:03:08 - [TEST_CASE][PASSED] - Test Cases/Engine_Scoring/Engine Scoring: Test Cases/Engine_Scoring/Engine Scoring

2022-11-22 15:03:09 - [TEST_STEP][PASSED] - markPassed("Variasi data ke : " + no): Variasi data ke : 275

2022-11-22 15:03:09 - [MESSAGE][PASSED] - Variasi data ke : 275

2022-11-22 15:03:09 - [TEST_STEP][PASSED] - req_data = sendRequest(findTestObject("Search_ME", ["MID":MID, "source":source, "ip":ip, "userid":userid, "branch":branch, "tipekons":tipekons, "marital":marital, "penjamin":penjamin, ... ])): Send request successfully

2022-11-22 15:03:10 - [MESSAGE][INFO] - HAR: D:\DMS\Engine Scoring\Reports\20221122_143755\Exclude KKB - DS\Scoring Individu - CS\20221122_143756\requests\main\548.har

2022-11-22 15:03:10 - [MESSAGE][PASSED] - Send request successfully

2022-11-22 15:03:10 - [TEST_STEP][PASSED] - slurper = new groovy.json.JsonSlurper(): null

2022-11-22 15:03:10 - [TEST_STEP][PASSED] - result = slurper.parseText(req_data.getResponseBodyContent()): null

2022-11-22 15:03:10 - [TEST_STEP][PASSED] - reqid_kons = requestid1: null

2022-11-22 15:03:10 - [TEST_STEP][PASSED] - reqid_spouse = requestid2: null

2022-11-22 15:03:10 - [TEST_STEP][PASSED] - println("requestid kons : " + reqid_kons): null

2022-11-22 15:03:10 - [TEST_STEP][PASSED] - response_searchME_kons = reqid_kons: null

2022-11-22 15:03:10 - [TEST_STEP][PASSED] - response_searchME_spouse = reqid_spouse: null

2022-11-22 15:03:10 - [TEST_STEP][PASSED] - println("kons req id is :" + response_searchME_kons): null

2022-11-22 15:03:10 - [TEST_STEP][PASSED] - println("spouse req id is : " + response_searchME_spouse): null

2022-11-22 15:03:10 - [TEST_STEP][PASSED] - verifyResponseStatusCode(req_data, 200): Verify response status code successfully

2022-11-22 15:03:10 - [MESSAGE][PASSED] - Verify response status code successfully

2022-11-22 15:03:10 - [TEST_STEP][PASSED] - response = req_data.getResponseText(): null

2022-11-22 15:03:10 - [TEST_STEP][PASSED] - logInfo($response): {"status":"Done","data":{"requestid1":"241815","requestid2":""}}

2022-11-22 15:03:10 - [MESSAGE][INFO] - {"status":"Done","data":{"requestid1":"241815","requestid2":""}}

2022-11-22 15:03:10 - [TEST_STEP][PASSED] - delay(3): Delayed 3 second(s)

2022-11-22 15:03:13 - [MESSAGE][PASSED] - Delayed 3 second(s)

2022-11-22 15:03:13 - [TEST_STEP][PASSED] - scoring = sendRequest(findTestObject("EngineScore", ["response_searchME_kons":response_searchME_kons, "response_searchME_spouse":response_searchME_spouse])): Send request successfully

2022-11-22 15:03:13 - [MESSAGE][INFO] - HAR: D:\DMS\Engine Scoring\Reports\20221122_143755\Exclude KKB - DS\Scoring Individu - CS\20221122_143756\requests\main\549.har

2022-11-22 15:03:13 - [MESSAGE][PASSED] - Send request successfully

2022-11-22 15:03:13 - [TEST_STEP][PASSED] - verifyResponseStatusCode(scoring, 200): Verify response status code successfully

2022-11-22 15:03:13 - [MESSAGE][PASSED] - Verify response status code successfully

2022-11-22 15:03:13 - [TEST_STEP][PASSED] - response2 = scoring.getResponseText(): null

2022-11-22 15:03:13 - [TEST_STEP][PASSED] - markPassed("result service data ke : " + no): result service data ke : 275

2022-11-22 15:03:13 - [MESSAGE][PASSED] - result service data ke : 275

2022-11-22 15:03:13 - [TEST_STEP][PASSED] - logInfo($response2): {"result_konsumen":"Reject","result_pasangan":"","Final_result":"Reject","errorMessage":"","status":"Done"}

2022-11-22 15:03:13 - [MESSAGE][INFO] - {"result_konsumen":"Reject","result_pasangan":"","Final_result":"Reject","errorMessage":"","status":"Done"}

2022-11-22 15:03:13 - [TEST_STEP][PASSED] - verifyElementPropertyValue(scoring, "Final_result", final_result): Verify element property value successfully

2022-11-22 15:03:13 - [MESSAGE][PASSED] - Verify element property value successfully]]></system-out>
         <system-err><![CDATA[]]></system-err>
      </testcase>
      <testcase name="Test Cases/Engine_Scoring/Engine Scoring" time="5.883" classname="Test Cases/Engine_Scoring/Engine Scoring" status="PASSED">
         <system-out><![CDATA[2022-11-22 15:03:14 - [TEST_CASE][PASSED] - Test Cases/Engine_Scoring/Engine Scoring: Test Cases/Engine_Scoring/Engine Scoring

2022-11-22 15:03:15 - [TEST_STEP][PASSED] - markPassed("Variasi data ke : " + no): Variasi data ke : 276

2022-11-22 15:03:15 - [MESSAGE][PASSED] - Variasi data ke : 276

2022-11-22 15:03:15 - [TEST_STEP][PASSED] - req_data = sendRequest(findTestObject("Search_ME", ["MID":MID, "source":source, "ip":ip, "userid":userid, "branch":branch, "tipekons":tipekons, "marital":marital, "penjamin":penjamin, ... ])): Send request successfully

2022-11-22 15:03:16 - [MESSAGE][INFO] - HAR: D:\DMS\Engine Scoring\Reports\20221122_143755\Exclude KKB - DS\Scoring Individu - CS\20221122_143756\requests\main\550.har

2022-11-22 15:03:16 - [MESSAGE][PASSED] - Send request successfully

2022-11-22 15:03:16 - [TEST_STEP][PASSED] - slurper = new groovy.json.JsonSlurper(): null

2022-11-22 15:03:16 - [TEST_STEP][PASSED] - result = slurper.parseText(req_data.getResponseBodyContent()): null

2022-11-22 15:03:16 - [TEST_STEP][PASSED] - reqid_kons = requestid1: null

2022-11-22 15:03:16 - [TEST_STEP][PASSED] - reqid_spouse = requestid2: null

2022-11-22 15:03:16 - [TEST_STEP][PASSED] - println("requestid kons : " + reqid_kons): null

2022-11-22 15:03:16 - [TEST_STEP][PASSED] - response_searchME_kons = reqid_kons: null

2022-11-22 15:03:16 - [TEST_STEP][PASSED] - response_searchME_spouse = reqid_spouse: null

2022-11-22 15:03:16 - [TEST_STEP][PASSED] - println("kons req id is :" + response_searchME_kons): null

2022-11-22 15:03:16 - [TEST_STEP][PASSED] - println("spouse req id is : " + response_searchME_spouse): null

2022-11-22 15:03:16 - [TEST_STEP][PASSED] - verifyResponseStatusCode(req_data, 200): Verify response status code successfully

2022-11-22 15:03:16 - [MESSAGE][PASSED] - Verify response status code successfully

2022-11-22 15:03:16 - [TEST_STEP][PASSED] - response = req_data.getResponseText(): null

2022-11-22 15:03:16 - [TEST_STEP][PASSED] - logInfo($response): {"status":"Done","data":{"requestid1":"241816","requestid2":""}}

2022-11-22 15:03:16 - [MESSAGE][INFO] - {"status":"Done","data":{"requestid1":"241816","requestid2":""}}

2022-11-22 15:03:16 - [TEST_STEP][PASSED] - delay(3): Delayed 3 second(s)

2022-11-22 15:03:19 - [MESSAGE][PASSED] - Delayed 3 second(s)

2022-11-22 15:03:19 - [TEST_STEP][PASSED] - scoring = sendRequest(findTestObject("EngineScore", ["response_searchME_kons":response_searchME_kons, "response_searchME_spouse":response_searchME_spouse])): Send request successfully

2022-11-22 15:03:19 - [MESSAGE][INFO] - HAR: D:\DMS\Engine Scoring\Reports\20221122_143755\Exclude KKB - DS\Scoring Individu - CS\20221122_143756\requests\main\551.har

2022-11-22 15:03:19 - [MESSAGE][PASSED] - Send request successfully

2022-11-22 15:03:19 - [TEST_STEP][PASSED] - verifyResponseStatusCode(scoring, 200): Verify response status code successfully

2022-11-22 15:03:19 - [MESSAGE][PASSED] - Verify response status code successfully

2022-11-22 15:03:19 - [TEST_STEP][PASSED] - response2 = scoring.getResponseText(): null

2022-11-22 15:03:19 - [TEST_STEP][PASSED] - markPassed("result service data ke : " + no): result service data ke : 276

2022-11-22 15:03:19 - [MESSAGE][PASSED] - result service data ke : 276

2022-11-22 15:03:19 - [TEST_STEP][PASSED] - logInfo($response2): {"result_konsumen":"Reject","result_pasangan":"","Final_result":"Reject","errorMessage":"","status":"Done"}

2022-11-22 15:03:19 - [MESSAGE][INFO] - {"result_konsumen":"Reject","result_pasangan":"","Final_result":"Reject","errorMessage":"","status":"Done"}

2022-11-22 15:03:19 - [TEST_STEP][PASSED] - verifyElementPropertyValue(scoring, "Final_result", final_result): Verify element property value successfully

2022-11-22 15:03:19 - [MESSAGE][PASSED] - Verify element property value successfully]]></system-out>
         <system-err><![CDATA[]]></system-err>
      </testcase>
      <testcase name="Test Cases/Engine_Scoring/Engine Scoring" time="5.636" classname="Test Cases/Engine_Scoring/Engine Scoring" status="PASSED">
         <system-out><![CDATA[2022-11-22 15:03:19 - [TEST_CASE][PASSED] - Test Cases/Engine_Scoring/Engine Scoring: Test Cases/Engine_Scoring/Engine Scoring

2022-11-22 15:03:21 - [TEST_STEP][PASSED] - markPassed("Variasi data ke : " + no): Variasi data ke : 277

2022-11-22 15:03:21 - [MESSAGE][PASSED] - Variasi data ke : 277

2022-11-22 15:03:21 - [TEST_STEP][PASSED] - req_data = sendRequest(findTestObject("Search_ME", ["MID":MID, "source":source, "ip":ip, "userid":userid, "branch":branch, "tipekons":tipekons, "marital":marital, "penjamin":penjamin, ... ])): Send request successfully

2022-11-22 15:03:22 - [MESSAGE][INFO] - HAR: D:\DMS\Engine Scoring\Reports\20221122_143755\Exclude KKB - DS\Scoring Individu - CS\20221122_143756\requests\main\552.har

2022-11-22 15:03:22 - [MESSAGE][PASSED] - Send request successfully

2022-11-22 15:03:22 - [TEST_STEP][PASSED] - slurper = new groovy.json.JsonSlurper(): null

2022-11-22 15:03:22 - [TEST_STEP][PASSED] - result = slurper.parseText(req_data.getResponseBodyContent()): null

2022-11-22 15:03:22 - [TEST_STEP][PASSED] - reqid_kons = requestid1: null

2022-11-22 15:03:22 - [TEST_STEP][PASSED] - reqid_spouse = requestid2: null

2022-11-22 15:03:22 - [TEST_STEP][PASSED] - println("requestid kons : " + reqid_kons): null

2022-11-22 15:03:22 - [TEST_STEP][PASSED] - response_searchME_kons = reqid_kons: null

2022-11-22 15:03:22 - [TEST_STEP][PASSED] - response_searchME_spouse = reqid_spouse: null

2022-11-22 15:03:22 - [TEST_STEP][PASSED] - println("kons req id is :" + response_searchME_kons): null

2022-11-22 15:03:22 - [TEST_STEP][PASSED] - println("spouse req id is : " + response_searchME_spouse): null

2022-11-22 15:03:22 - [TEST_STEP][PASSED] - verifyResponseStatusCode(req_data, 200): Verify response status code successfully

2022-11-22 15:03:22 - [MESSAGE][PASSED] - Verify response status code successfully

2022-11-22 15:03:22 - [TEST_STEP][PASSED] - response = req_data.getResponseText(): null

2022-11-22 15:03:22 - [TEST_STEP][PASSED] - logInfo($response): {"status":"Done","data":{"requestid1":"241817","requestid2":""}}

2022-11-22 15:03:22 - [MESSAGE][INFO] - {"status":"Done","data":{"requestid1":"241817","requestid2":""}}

2022-11-22 15:03:22 - [TEST_STEP][PASSED] - delay(3): Delayed 3 second(s)

2022-11-22 15:03:25 - [MESSAGE][PASSED] - Delayed 3 second(s)

2022-11-22 15:03:25 - [TEST_STEP][PASSED] - scoring = sendRequest(findTestObject("EngineScore", ["response_searchME_kons":response_searchME_kons, "response_searchME_spouse":response_searchME_spouse])): Send request successfully

2022-11-22 15:03:25 - [MESSAGE][INFO] - HAR: D:\DMS\Engine Scoring\Reports\20221122_143755\Exclude KKB - DS\Scoring Individu - CS\20221122_143756\requests\main\553.har

2022-11-22 15:03:25 - [MESSAGE][PASSED] - Send request successfully

2022-11-22 15:03:25 - [TEST_STEP][PASSED] - verifyResponseStatusCode(scoring, 200): Verify response status code successfully

2022-11-22 15:03:25 - [MESSAGE][PASSED] - Verify response status code successfully

2022-11-22 15:03:25 - [TEST_STEP][PASSED] - response2 = scoring.getResponseText(): null

2022-11-22 15:03:25 - [TEST_STEP][PASSED] - markPassed("result service data ke : " + no): result service data ke : 277

2022-11-22 15:03:25 - [MESSAGE][PASSED] - result service data ke : 277

2022-11-22 15:03:25 - [TEST_STEP][PASSED] - logInfo($response2): {"result_konsumen":"Reject","result_pasangan":"","Final_result":"Reject","errorMessage":"","status":"Done"}

2022-11-22 15:03:25 - [MESSAGE][INFO] - {"result_konsumen":"Reject","result_pasangan":"","Final_result":"Reject","errorMessage":"","status":"Done"}

2022-11-22 15:03:25 - [TEST_STEP][PASSED] - verifyElementPropertyValue(scoring, "Final_result", final_result): Verify element property value successfully

2022-11-22 15:03:25 - [MESSAGE][PASSED] - Verify element property value successfully]]></system-out>
         <system-err><![CDATA[]]></system-err>
      </testcase>
      <testcase name="Test Cases/Engine_Scoring/Engine Scoring" time="5.537" classname="Test Cases/Engine_Scoring/Engine Scoring" status="PASSED">
         <system-out><![CDATA[2022-11-22 15:03:25 - [TEST_CASE][PASSED] - Test Cases/Engine_Scoring/Engine Scoring: Test Cases/Engine_Scoring/Engine Scoring

2022-11-22 15:03:26 - [TEST_STEP][PASSED] - markPassed("Variasi data ke : " + no): Variasi data ke : 278

2022-11-22 15:03:26 - [MESSAGE][PASSED] - Variasi data ke : 278

2022-11-22 15:03:26 - [TEST_STEP][PASSED] - req_data = sendRequest(findTestObject("Search_ME", ["MID":MID, "source":source, "ip":ip, "userid":userid, "branch":branch, "tipekons":tipekons, "marital":marital, "penjamin":penjamin, ... ])): Send request successfully

2022-11-22 15:03:28 - [MESSAGE][INFO] - HAR: D:\DMS\Engine Scoring\Reports\20221122_143755\Exclude KKB - DS\Scoring Individu - CS\20221122_143756\requests\main\554.har

2022-11-22 15:03:28 - [MESSAGE][PASSED] - Send request successfully

2022-11-22 15:03:28 - [TEST_STEP][PASSED] - slurper = new groovy.json.JsonSlurper(): null

2022-11-22 15:03:28 - [TEST_STEP][PASSED] - result = slurper.parseText(req_data.getResponseBodyContent()): null

2022-11-22 15:03:28 - [TEST_STEP][PASSED] - reqid_kons = requestid1: null

2022-11-22 15:03:28 - [TEST_STEP][PASSED] - reqid_spouse = requestid2: null

2022-11-22 15:03:28 - [TEST_STEP][PASSED] - println("requestid kons : " + reqid_kons): null

2022-11-22 15:03:28 - [TEST_STEP][PASSED] - response_searchME_kons = reqid_kons: null

2022-11-22 15:03:28 - [TEST_STEP][PASSED] - response_searchME_spouse = reqid_spouse: null

2022-11-22 15:03:28 - [TEST_STEP][PASSED] - println("kons req id is :" + response_searchME_kons): null

2022-11-22 15:03:28 - [TEST_STEP][PASSED] - println("spouse req id is : " + response_searchME_spouse): null

2022-11-22 15:03:28 - [TEST_STEP][PASSED] - verifyResponseStatusCode(req_data, 200): Verify response status code successfully

2022-11-22 15:03:28 - [MESSAGE][PASSED] - Verify response status code successfully

2022-11-22 15:03:28 - [TEST_STEP][PASSED] - response = req_data.getResponseText(): null

2022-11-22 15:03:28 - [TEST_STEP][PASSED] - logInfo($response): {"status":"Done","data":{"requestid1":"241818","requestid2":""}}

2022-11-22 15:03:28 - [MESSAGE][INFO] - {"status":"Done","data":{"requestid1":"241818","requestid2":""}}

2022-11-22 15:03:28 - [TEST_STEP][PASSED] - delay(3): Delayed 3 second(s)

2022-11-22 15:03:31 - [MESSAGE][PASSED] - Delayed 3 second(s)

2022-11-22 15:03:31 - [TEST_STEP][PASSED] - scoring = sendRequest(findTestObject("EngineScore", ["response_searchME_kons":response_searchME_kons, "response_searchME_spouse":response_searchME_spouse])): Send request successfully

2022-11-22 15:03:31 - [MESSAGE][INFO] - HAR: D:\DMS\Engine Scoring\Reports\20221122_143755\Exclude KKB - DS\Scoring Individu - CS\20221122_143756\requests\main\555.har

2022-11-22 15:03:31 - [MESSAGE][PASSED] - Send request successfully

2022-11-22 15:03:31 - [TEST_STEP][PASSED] - verifyResponseStatusCode(scoring, 200): Verify response status code successfully

2022-11-22 15:03:31 - [MESSAGE][PASSED] - Verify response status code successfully

2022-11-22 15:03:31 - [TEST_STEP][PASSED] - response2 = scoring.getResponseText(): null

2022-11-22 15:03:31 - [TEST_STEP][PASSED] - markPassed("result service data ke : " + no): result service data ke : 278

2022-11-22 15:03:31 - [MESSAGE][PASSED] - result service data ke : 278

2022-11-22 15:03:31 - [TEST_STEP][PASSED] - logInfo($response2): {"result_konsumen":"Reject","result_pasangan":"","Final_result":"Reject","errorMessage":"","status":"Done"}

2022-11-22 15:03:31 - [MESSAGE][INFO] - {"result_konsumen":"Reject","result_pasangan":"","Final_result":"Reject","errorMessage":"","status":"Done"}

2022-11-22 15:03:31 - [TEST_STEP][PASSED] - verifyElementPropertyValue(scoring, "Final_result", final_result): Verify element property value successfully

2022-11-22 15:03:31 - [MESSAGE][PASSED] - Verify element property value successfully]]></system-out>
         <system-err><![CDATA[]]></system-err>
      </testcase>
      <testcase name="Test Cases/Engine_Scoring/Engine Scoring" time="5.62" classname="Test Cases/Engine_Scoring/Engine Scoring" status="PASSED">
         <system-out><![CDATA[2022-11-22 15:03:31 - [TEST_CASE][PASSED] - Test Cases/Engine_Scoring/Engine Scoring: Test Cases/Engine_Scoring/Engine Scoring

2022-11-22 15:03:32 - [TEST_STEP][PASSED] - markPassed("Variasi data ke : " + no): Variasi data ke : 279

2022-11-22 15:03:32 - [MESSAGE][PASSED] - Variasi data ke : 279

2022-11-22 15:03:32 - [TEST_STEP][PASSED] - req_data = sendRequest(findTestObject("Search_ME", ["MID":MID, "source":source, "ip":ip, "userid":userid, "branch":branch, "tipekons":tipekons, "marital":marital, "penjamin":penjamin, ... ])): Send request successfully

2022-11-22 15:03:33 - [MESSAGE][INFO] - HAR: D:\DMS\Engine Scoring\Reports\20221122_143755\Exclude KKB - DS\Scoring Individu - CS\20221122_143756\requests\main\556.har

2022-11-22 15:03:33 - [MESSAGE][PASSED] - Send request successfully

2022-11-22 15:03:33 - [TEST_STEP][PASSED] - slurper = new groovy.json.JsonSlurper(): null

2022-11-22 15:03:33 - [TEST_STEP][PASSED] - result = slurper.parseText(req_data.getResponseBodyContent()): null

2022-11-22 15:03:33 - [TEST_STEP][PASSED] - reqid_kons = requestid1: null

2022-11-22 15:03:33 - [TEST_STEP][PASSED] - reqid_spouse = requestid2: null

2022-11-22 15:03:33 - [TEST_STEP][PASSED] - println("requestid kons : " + reqid_kons): null

2022-11-22 15:03:33 - [TEST_STEP][PASSED] - response_searchME_kons = reqid_kons: null

2022-11-22 15:03:33 - [TEST_STEP][PASSED] - response_searchME_spouse = reqid_spouse: null

2022-11-22 15:03:33 - [TEST_STEP][PASSED] - println("kons req id is :" + response_searchME_kons): null

2022-11-22 15:03:33 - [TEST_STEP][PASSED] - println("spouse req id is : " + response_searchME_spouse): null

2022-11-22 15:03:33 - [TEST_STEP][PASSED] - verifyResponseStatusCode(req_data, 200): Verify response status code successfully

2022-11-22 15:03:33 - [MESSAGE][PASSED] - Verify response status code successfully

2022-11-22 15:03:33 - [TEST_STEP][PASSED] - response = req_data.getResponseText(): null

2022-11-22 15:03:33 - [TEST_STEP][PASSED] - logInfo($response): {"status":"Done","data":{"requestid1":"241819","requestid2":""}}

2022-11-22 15:03:33 - [MESSAGE][INFO] - {"status":"Done","data":{"requestid1":"241819","requestid2":""}}

2022-11-22 15:03:33 - [TEST_STEP][PASSED] - delay(3): Delayed 3 second(s)

2022-11-22 15:03:36 - [MESSAGE][PASSED] - Delayed 3 second(s)

2022-11-22 15:03:36 - [TEST_STEP][PASSED] - scoring = sendRequest(findTestObject("EngineScore", ["response_searchME_kons":response_searchME_kons, "response_searchME_spouse":response_searchME_spouse])): Send request successfully

2022-11-22 15:03:36 - [MESSAGE][INFO] - HAR: D:\DMS\Engine Scoring\Reports\20221122_143755\Exclude KKB - DS\Scoring Individu - CS\20221122_143756\requests\main\557.har

2022-11-22 15:03:36 - [MESSAGE][PASSED] - Send request successfully

2022-11-22 15:03:36 - [TEST_STEP][PASSED] - verifyResponseStatusCode(scoring, 200): Verify response status code successfully

2022-11-22 15:03:36 - [MESSAGE][PASSED] - Verify response status code successfully

2022-11-22 15:03:36 - [TEST_STEP][PASSED] - response2 = scoring.getResponseText(): null

2022-11-22 15:03:36 - [TEST_STEP][PASSED] - markPassed("result service data ke : " + no): result service data ke : 279

2022-11-22 15:03:36 - [MESSAGE][PASSED] - result service data ke : 279

2022-11-22 15:03:36 - [TEST_STEP][PASSED] - logInfo($response2): {"result_konsumen":"Reject","result_pasangan":"","Final_result":"Reject","errorMessage":"","status":"Done"}

2022-11-22 15:03:36 - [MESSAGE][INFO] - {"result_konsumen":"Reject","result_pasangan":"","Final_result":"Reject","errorMessage":"","status":"Done"}

2022-11-22 15:03:36 - [TEST_STEP][PASSED] - verifyElementPropertyValue(scoring, "Final_result", final_result): Verify element property value successfully

2022-11-22 15:03:36 - [MESSAGE][PASSED] - Verify element property value successfully]]></system-out>
         <system-err><![CDATA[]]></system-err>
      </testcase>
      <testcase name="Test Cases/Engine_Scoring/Engine Scoring" time="10.112" classname="Test Cases/Engine_Scoring/Engine Scoring" status="PASSED">
         <system-out><![CDATA[2022-11-22 15:04:24 - [TEST_CASE][PASSED] - Test Cases/Engine_Scoring/Engine Scoring: Test Cases/Engine_Scoring/Engine Scoring

2022-11-22 15:04:25 - [TEST_STEP][PASSED] - markPassed("Variasi data ke : " + no): Variasi data ke : 280

2022-11-22 15:04:26 - [MESSAGE][PASSED] - Variasi data ke : 280

2022-11-22 15:04:26 - [TEST_STEP][PASSED] - req_data = sendRequest(findTestObject("Search_ME", ["MID":MID, "source":source, "ip":ip, "userid":userid, "branch":branch, "tipekons":tipekons, "marital":marital, "penjamin":penjamin, ... ])): Send request successfully

2022-11-22 15:04:27 - [MESSAGE][INFO] - HAR: D:\DMS\Engine Scoring\Reports\20221122_143755\Exclude KKB - DS\Scoring Individu - CS\20221122_143756\requests\main\558.har

2022-11-22 15:04:27 - [MESSAGE][PASSED] - Send request successfully

2022-11-22 15:04:27 - [TEST_STEP][PASSED] - slurper = new groovy.json.JsonSlurper(): null

2022-11-22 15:04:31 - [TEST_STEP][PASSED] - result = slurper.parseText(req_data.getResponseBodyContent()): null

2022-11-22 15:04:31 - [TEST_STEP][PASSED] - reqid_kons = requestid1: null

2022-11-22 15:04:31 - [TEST_STEP][PASSED] - reqid_spouse = requestid2: null

2022-11-22 15:04:31 - [TEST_STEP][PASSED] - println("requestid kons : " + reqid_kons): null

2022-11-22 15:04:31 - [TEST_STEP][PASSED] - response_searchME_kons = reqid_kons: null

2022-11-22 15:04:31 - [TEST_STEP][PASSED] - response_searchME_spouse = reqid_spouse: null

2022-11-22 15:04:31 - [TEST_STEP][PASSED] - println("kons req id is :" + response_searchME_kons): null

2022-11-22 15:04:31 - [TEST_STEP][PASSED] - println("spouse req id is : " + response_searchME_spouse): null

2022-11-22 15:04:31 - [TEST_STEP][PASSED] - verifyResponseStatusCode(req_data, 200): Verify response status code successfully

2022-11-22 15:04:31 - [MESSAGE][PASSED] - Verify response status code successfully

2022-11-22 15:04:31 - [TEST_STEP][PASSED] - response = req_data.getResponseText(): null

2022-11-22 15:04:31 - [TEST_STEP][PASSED] - logInfo($response): {"status":"Done","data":{"requestid1":"241820","requestid2":""}}

2022-11-22 15:04:31 - [MESSAGE][INFO] - {"status":"Done","data":{"requestid1":"241820","requestid2":""}}

2022-11-22 15:04:31 - [TEST_STEP][PASSED] - delay(3): Delayed 3 second(s)

2022-11-22 15:04:34 - [MESSAGE][PASSED] - Delayed 3 second(s)

2022-11-22 15:04:34 - [TEST_STEP][PASSED] - scoring = sendRequest(findTestObject("EngineScore", ["response_searchME_kons":response_searchME_kons, "response_searchME_spouse":response_searchME_spouse])): Send request successfully

2022-11-22 15:04:34 - [MESSAGE][INFO] - HAR: D:\DMS\Engine Scoring\Reports\20221122_143755\Exclude KKB - DS\Scoring Individu - CS\20221122_143756\requests\main\559.har

2022-11-22 15:04:34 - [MESSAGE][PASSED] - Send request successfully

2022-11-22 15:04:34 - [TEST_STEP][PASSED] - verifyResponseStatusCode(scoring, 200): Verify response status code successfully

2022-11-22 15:04:34 - [MESSAGE][PASSED] - Verify response status code successfully

2022-11-22 15:04:34 - [TEST_STEP][PASSED] - response2 = scoring.getResponseText(): null

2022-11-22 15:04:34 - [TEST_STEP][PASSED] - markPassed("result service data ke : " + no): result service data ke : 280

2022-11-22 15:04:34 - [MESSAGE][PASSED] - result service data ke : 280

2022-11-22 15:04:34 - [TEST_STEP][PASSED] - logInfo($response2): {"result_konsumen":"Reject","result_pasangan":"","Final_result":"Reject","errorMessage":"","status":"Done"}

2022-11-22 15:04:34 - [MESSAGE][INFO] - {"result_konsumen":"Reject","result_pasangan":"","Final_result":"Reject","errorMessage":"","status":"Done"}

2022-11-22 15:04:34 - [TEST_STEP][PASSED] - verifyElementPropertyValue(scoring, "Final_result", final_result): Verify element property value successfully

2022-11-22 15:04:34 - [MESSAGE][PASSED] - Verify element property value successfully]]></system-out>
         <system-err><![CDATA[]]></system-err>
      </testcase>
      <testcase name="Test Cases/Engine_Scoring/Engine Scoring" time="5.617" classname="Test Cases/Engine_Scoring/Engine Scoring" status="PASSED">
         <system-out><![CDATA[2022-11-22 15:04:34 - [TEST_CASE][PASSED] - Test Cases/Engine_Scoring/Engine Scoring: Test Cases/Engine_Scoring/Engine Scoring

2022-11-22 15:04:36 - [TEST_STEP][PASSED] - markPassed("Variasi data ke : " + no): Variasi data ke : 281

2022-11-22 15:04:36 - [MESSAGE][PASSED] - Variasi data ke : 281

2022-11-22 15:04:36 - [TEST_STEP][PASSED] - req_data = sendRequest(findTestObject("Search_ME", ["MID":MID, "source":source, "ip":ip, "userid":userid, "branch":branch, "tipekons":tipekons, "marital":marital, "penjamin":penjamin, ... ])): Send request successfully

2022-11-22 15:04:37 - [MESSAGE][INFO] - HAR: D:\DMS\Engine Scoring\Reports\20221122_143755\Exclude KKB - DS\Scoring Individu - CS\20221122_143756\requests\main\560.har

2022-11-22 15:04:37 - [MESSAGE][PASSED] - Send request successfully

2022-11-22 15:04:37 - [TEST_STEP][PASSED] - slurper = new groovy.json.JsonSlurper(): null

2022-11-22 15:04:37 - [TEST_STEP][PASSED] - result = slurper.parseText(req_data.getResponseBodyContent()): null

2022-11-22 15:04:37 - [TEST_STEP][PASSED] - reqid_kons = requestid1: null

2022-11-22 15:04:37 - [TEST_STEP][PASSED] - reqid_spouse = requestid2: null

2022-11-22 15:04:37 - [TEST_STEP][PASSED] - println("requestid kons : " + reqid_kons): null

2022-11-22 15:04:37 - [TEST_STEP][PASSED] - response_searchME_kons = reqid_kons: null

2022-11-22 15:04:37 - [TEST_STEP][PASSED] - response_searchME_spouse = reqid_spouse: null

2022-11-22 15:04:37 - [TEST_STEP][PASSED] - println("kons req id is :" + response_searchME_kons): null

2022-11-22 15:04:37 - [TEST_STEP][PASSED] - println("spouse req id is : " + response_searchME_spouse): null

2022-11-22 15:04:37 - [TEST_STEP][PASSED] - verifyResponseStatusCode(req_data, 200): Verify response status code successfully

2022-11-22 15:04:37 - [MESSAGE][PASSED] - Verify response status code successfully

2022-11-22 15:04:37 - [TEST_STEP][PASSED] - response = req_data.getResponseText(): null

2022-11-22 15:04:37 - [TEST_STEP][PASSED] - logInfo($response): {"status":"Done","data":{"requestid1":"241821","requestid2":""}}

2022-11-22 15:04:37 - [MESSAGE][INFO] - {"status":"Done","data":{"requestid1":"241821","requestid2":""}}

2022-11-22 15:04:37 - [TEST_STEP][PASSED] - delay(3): Delayed 3 second(s)

2022-11-22 15:04:40 - [MESSAGE][PASSED] - Delayed 3 second(s)

2022-11-22 15:04:40 - [TEST_STEP][PASSED] - scoring = sendRequest(findTestObject("EngineScore", ["response_searchME_kons":response_searchME_kons, "response_searchME_spouse":response_searchME_spouse])): Send request successfully

2022-11-22 15:04:40 - [MESSAGE][INFO] - HAR: D:\DMS\Engine Scoring\Reports\20221122_143755\Exclude KKB - DS\Scoring Individu - CS\20221122_143756\requests\main\561.har

2022-11-22 15:04:40 - [MESSAGE][PASSED] - Send request successfully

2022-11-22 15:04:40 - [TEST_STEP][PASSED] - verifyResponseStatusCode(scoring, 200): Verify response status code successfully

2022-11-22 15:04:40 - [MESSAGE][PASSED] - Verify response status code successfully

2022-11-22 15:04:40 - [TEST_STEP][PASSED] - response2 = scoring.getResponseText(): null

2022-11-22 15:04:40 - [TEST_STEP][PASSED] - markPassed("result service data ke : " + no): result service data ke : 281

2022-11-22 15:04:40 - [MESSAGE][PASSED] - result service data ke : 281

2022-11-22 15:04:40 - [TEST_STEP][PASSED] - logInfo($response2): {"result_konsumen":"Reject","result_pasangan":"","Final_result":"Reject","errorMessage":"","status":"Done"}

2022-11-22 15:04:40 - [MESSAGE][INFO] - {"result_konsumen":"Reject","result_pasangan":"","Final_result":"Reject","errorMessage":"","status":"Done"}

2022-11-22 15:04:40 - [TEST_STEP][PASSED] - verifyElementPropertyValue(scoring, "Final_result", final_result): Verify element property value successfully

2022-11-22 15:04:40 - [MESSAGE][PASSED] - Verify element property value successfully]]></system-out>
         <system-err><![CDATA[]]></system-err>
      </testcase>
      <testcase name="Test Cases/Engine_Scoring/Engine Scoring" time="8.23" classname="Test Cases/Engine_Scoring/Engine Scoring" status="PASSED">
         <system-out><![CDATA[2022-11-22 15:04:40 - [TEST_CASE][PASSED] - Test Cases/Engine_Scoring/Engine Scoring: Test Cases/Engine_Scoring/Engine Scoring

2022-11-22 15:04:43 - [TEST_STEP][PASSED] - markPassed("Variasi data ke : " + no): Variasi data ke : 282

2022-11-22 15:04:43 - [MESSAGE][PASSED] - Variasi data ke : 282

2022-11-22 15:04:43 - [TEST_STEP][PASSED] - req_data = sendRequest(findTestObject("Search_ME", ["MID":MID, "source":source, "ip":ip, "userid":userid, "branch":branch, "tipekons":tipekons, "marital":marital, "penjamin":penjamin, ... ])): Send request successfully

2022-11-22 15:04:45 - [MESSAGE][INFO] - HAR: D:\DMS\Engine Scoring\Reports\20221122_143755\Exclude KKB - DS\Scoring Individu - CS\20221122_143756\requests\main\562.har

2022-11-22 15:04:45 - [MESSAGE][PASSED] - Send request successfully

2022-11-22 15:04:45 - [TEST_STEP][PASSED] - slurper = new groovy.json.JsonSlurper(): null

2022-11-22 15:04:45 - [TEST_STEP][PASSED] - result = slurper.parseText(req_data.getResponseBodyContent()): null

2022-11-22 15:04:45 - [TEST_STEP][PASSED] - reqid_kons = requestid1: null

2022-11-22 15:04:45 - [TEST_STEP][PASSED] - reqid_spouse = requestid2: null

2022-11-22 15:04:45 - [TEST_STEP][PASSED] - println("requestid kons : " + reqid_kons): null

2022-11-22 15:04:45 - [TEST_STEP][PASSED] - response_searchME_kons = reqid_kons: null

2022-11-22 15:04:45 - [TEST_STEP][PASSED] - response_searchME_spouse = reqid_spouse: null

2022-11-22 15:04:45 - [TEST_STEP][PASSED] - println("kons req id is :" + response_searchME_kons): null

2022-11-22 15:04:45 - [TEST_STEP][PASSED] - println("spouse req id is : " + response_searchME_spouse): null

2022-11-22 15:04:45 - [TEST_STEP][PASSED] - verifyResponseStatusCode(req_data, 200): Verify response status code successfully

2022-11-22 15:04:45 - [MESSAGE][PASSED] - Verify response status code successfully

2022-11-22 15:04:45 - [TEST_STEP][PASSED] - response = req_data.getResponseText(): null

2022-11-22 15:04:45 - [TEST_STEP][PASSED] - logInfo($response): {"status":"Done","data":{"requestid1":"241822","requestid2":""}}

2022-11-22 15:04:45 - [MESSAGE][INFO] - {"status":"Done","data":{"requestid1":"241822","requestid2":""}}

2022-11-22 15:04:45 - [TEST_STEP][PASSED] - delay(3): Delayed 3 second(s)

2022-11-22 15:04:48 - [MESSAGE][PASSED] - Delayed 3 second(s)

2022-11-22 15:04:48 - [TEST_STEP][PASSED] - scoring = sendRequest(findTestObject("EngineScore", ["response_searchME_kons":response_searchME_kons, "response_searchME_spouse":response_searchME_spouse])): Send request successfully

2022-11-22 15:04:48 - [MESSAGE][INFO] - HAR: D:\DMS\Engine Scoring\Reports\20221122_143755\Exclude KKB - DS\Scoring Individu - CS\20221122_143756\requests\main\563.har

2022-11-22 15:04:48 - [MESSAGE][PASSED] - Send request successfully

2022-11-22 15:04:48 - [TEST_STEP][PASSED] - verifyResponseStatusCode(scoring, 200): Verify response status code successfully

2022-11-22 15:04:48 - [MESSAGE][PASSED] - Verify response status code successfully

2022-11-22 15:04:48 - [TEST_STEP][PASSED] - response2 = scoring.getResponseText(): null

2022-11-22 15:04:48 - [TEST_STEP][PASSED] - markPassed("result service data ke : " + no): result service data ke : 282

2022-11-22 15:04:48 - [MESSAGE][PASSED] - result service data ke : 282

2022-11-22 15:04:48 - [TEST_STEP][PASSED] - logInfo($response2): {"result_konsumen":"Reject","result_pasangan":"","Final_result":"Reject","errorMessage":"","status":"Done"}

2022-11-22 15:04:48 - [MESSAGE][INFO] - {"result_konsumen":"Reject","result_pasangan":"","Final_result":"Reject","errorMessage":"","status":"Done"}

2022-11-22 15:04:48 - [TEST_STEP][PASSED] - verifyElementPropertyValue(scoring, "Final_result", final_result): Verify element property value successfully

2022-11-22 15:04:48 - [MESSAGE][PASSED] - Verify element property value successfully]]></system-out>
         <system-err><![CDATA[]]></system-err>
      </testcase>
      <testcase name="Test Cases/Engine_Scoring/Engine Scoring" time="5.451" classname="Test Cases/Engine_Scoring/Engine Scoring" status="PASSED">
         <system-out><![CDATA[2022-11-22 15:04:48 - [TEST_CASE][PASSED] - Test Cases/Engine_Scoring/Engine Scoring: Test Cases/Engine_Scoring/Engine Scoring

2022-11-22 15:04:50 - [TEST_STEP][PASSED] - markPassed("Variasi data ke : " + no): Variasi data ke : 283

2022-11-22 15:04:50 - [MESSAGE][PASSED] - Variasi data ke : 283

2022-11-22 15:04:50 - [TEST_STEP][PASSED] - req_data = sendRequest(findTestObject("Search_ME", ["MID":MID, "source":source, "ip":ip, "userid":userid, "branch":branch, "tipekons":tipekons, "marital":marital, "penjamin":penjamin, ... ])): Send request successfully

2022-11-22 15:04:51 - [MESSAGE][INFO] - HAR: D:\DMS\Engine Scoring\Reports\20221122_143755\Exclude KKB - DS\Scoring Individu - CS\20221122_143756\requests\main\564.har

2022-11-22 15:04:51 - [MESSAGE][PASSED] - Send request successfully

2022-11-22 15:04:51 - [TEST_STEP][PASSED] - slurper = new groovy.json.JsonSlurper(): null

2022-11-22 15:04:51 - [TEST_STEP][PASSED] - result = slurper.parseText(req_data.getResponseBodyContent()): null

2022-11-22 15:04:51 - [TEST_STEP][PASSED] - reqid_kons = requestid1: null

2022-11-22 15:04:51 - [TEST_STEP][PASSED] - reqid_spouse = requestid2: null

2022-11-22 15:04:51 - [TEST_STEP][PASSED] - println("requestid kons : " + reqid_kons): null

2022-11-22 15:04:51 - [TEST_STEP][PASSED] - response_searchME_kons = reqid_kons: null

2022-11-22 15:04:51 - [TEST_STEP][PASSED] - response_searchME_spouse = reqid_spouse: null

2022-11-22 15:04:51 - [TEST_STEP][PASSED] - println("kons req id is :" + response_searchME_kons): null

2022-11-22 15:04:51 - [TEST_STEP][PASSED] - println("spouse req id is : " + response_searchME_spouse): null

2022-11-22 15:04:51 - [TEST_STEP][PASSED] - verifyResponseStatusCode(req_data, 200): Verify response status code successfully

2022-11-22 15:04:51 - [MESSAGE][PASSED] - Verify response status code successfully

2022-11-22 15:04:51 - [TEST_STEP][PASSED] - response = req_data.getResponseText(): null

2022-11-22 15:04:51 - [TEST_STEP][PASSED] - logInfo($response): {"status":"Done","data":{"requestid1":"241823","requestid2":""}}

2022-11-22 15:04:51 - [MESSAGE][INFO] - {"status":"Done","data":{"requestid1":"241823","requestid2":""}}

2022-11-22 15:04:51 - [TEST_STEP][PASSED] - delay(3): Delayed 3 second(s)

2022-11-22 15:04:54 - [MESSAGE][PASSED] - Delayed 3 second(s)

2022-11-22 15:04:54 - [TEST_STEP][PASSED] - scoring = sendRequest(findTestObject("EngineScore", ["response_searchME_kons":response_searchME_kons, "response_searchME_spouse":response_searchME_spouse])): Send request successfully

2022-11-22 15:04:54 - [MESSAGE][INFO] - HAR: D:\DMS\Engine Scoring\Reports\20221122_143755\Exclude KKB - DS\Scoring Individu - CS\20221122_143756\requests\main\565.har

2022-11-22 15:04:54 - [MESSAGE][PASSED] - Send request successfully

2022-11-22 15:04:54 - [TEST_STEP][PASSED] - verifyResponseStatusCode(scoring, 200): Verify response status code successfully

2022-11-22 15:04:54 - [MESSAGE][PASSED] - Verify response status code successfully

2022-11-22 15:04:54 - [TEST_STEP][PASSED] - response2 = scoring.getResponseText(): null

2022-11-22 15:04:54 - [TEST_STEP][PASSED] - markPassed("result service data ke : " + no): result service data ke : 283

2022-11-22 15:04:54 - [MESSAGE][PASSED] - result service data ke : 283

2022-11-22 15:04:54 - [TEST_STEP][PASSED] - logInfo($response2): {"result_konsumen":"Reject","result_pasangan":"","Final_result":"Reject","errorMessage":"","status":"Done"}

2022-11-22 15:04:54 - [MESSAGE][INFO] - {"result_konsumen":"Reject","result_pasangan":"","Final_result":"Reject","errorMessage":"","status":"Done"}

2022-11-22 15:04:54 - [TEST_STEP][PASSED] - verifyElementPropertyValue(scoring, "Final_result", final_result): Verify element property value successfully

2022-11-22 15:04:54 - [MESSAGE][PASSED] - Verify element property value successfully]]></system-out>
         <system-err><![CDATA[]]></system-err>
      </testcase>
      <testcase name="Test Cases/Engine_Scoring/Engine Scoring" time="5.597" classname="Test Cases/Engine_Scoring/Engine Scoring" status="PASSED">
         <system-out><![CDATA[2022-11-22 15:04:54 - [TEST_CASE][PASSED] - Test Cases/Engine_Scoring/Engine Scoring: Test Cases/Engine_Scoring/Engine Scoring

2022-11-22 15:04:55 - [TEST_STEP][PASSED] - markPassed("Variasi data ke : " + no): Variasi data ke : 284

2022-11-22 15:04:55 - [MESSAGE][PASSED] - Variasi data ke : 284

2022-11-22 15:04:55 - [TEST_STEP][PASSED] - req_data = sendRequest(findTestObject("Search_ME", ["MID":MID, "source":source, "ip":ip, "userid":userid, "branch":branch, "tipekons":tipekons, "marital":marital, "penjamin":penjamin, ... ])): Send request successfully

2022-11-22 15:04:56 - [MESSAGE][INFO] - HAR: D:\DMS\Engine Scoring\Reports\20221122_143755\Exclude KKB - DS\Scoring Individu - CS\20221122_143756\requests\main\566.har

2022-11-22 15:04:56 - [MESSAGE][PASSED] - Send request successfully

2022-11-22 15:04:56 - [TEST_STEP][PASSED] - slurper = new groovy.json.JsonSlurper(): null

2022-11-22 15:04:56 - [TEST_STEP][PASSED] - result = slurper.parseText(req_data.getResponseBodyContent()): null

2022-11-22 15:04:56 - [TEST_STEP][PASSED] - reqid_kons = requestid1: null

2022-11-22 15:04:56 - [TEST_STEP][PASSED] - reqid_spouse = requestid2: null

2022-11-22 15:04:56 - [TEST_STEP][PASSED] - println("requestid kons : " + reqid_kons): null

2022-11-22 15:04:56 - [TEST_STEP][PASSED] - response_searchME_kons = reqid_kons: null

2022-11-22 15:04:56 - [TEST_STEP][PASSED] - response_searchME_spouse = reqid_spouse: null

2022-11-22 15:04:56 - [TEST_STEP][PASSED] - println("kons req id is :" + response_searchME_kons): null

2022-11-22 15:04:56 - [TEST_STEP][PASSED] - println("spouse req id is : " + response_searchME_spouse): null

2022-11-22 15:04:56 - [TEST_STEP][PASSED] - verifyResponseStatusCode(req_data, 200): Verify response status code successfully

2022-11-22 15:04:56 - [MESSAGE][PASSED] - Verify response status code successfully

2022-11-22 15:04:56 - [TEST_STEP][PASSED] - response = req_data.getResponseText(): null

2022-11-22 15:04:56 - [TEST_STEP][PASSED] - logInfo($response): {"status":"Done","data":{"requestid1":"241824","requestid2":""}}

2022-11-22 15:04:56 - [MESSAGE][INFO] - {"status":"Done","data":{"requestid1":"241824","requestid2":""}}

2022-11-22 15:04:56 - [TEST_STEP][PASSED] - delay(3): Delayed 3 second(s)

2022-11-22 15:04:59 - [MESSAGE][PASSED] - Delayed 3 second(s)

2022-11-22 15:04:59 - [TEST_STEP][PASSED] - scoring = sendRequest(findTestObject("EngineScore", ["response_searchME_kons":response_searchME_kons, "response_searchME_spouse":response_searchME_spouse])): Send request successfully

2022-11-22 15:04:59 - [MESSAGE][INFO] - HAR: D:\DMS\Engine Scoring\Reports\20221122_143755\Exclude KKB - DS\Scoring Individu - CS\20221122_143756\requests\main\567.har

2022-11-22 15:04:59 - [MESSAGE][PASSED] - Send request successfully

2022-11-22 15:04:59 - [TEST_STEP][PASSED] - verifyResponseStatusCode(scoring, 200): Verify response status code successfully

2022-11-22 15:04:59 - [MESSAGE][PASSED] - Verify response status code successfully

2022-11-22 15:04:59 - [TEST_STEP][PASSED] - response2 = scoring.getResponseText(): null

2022-11-22 15:04:59 - [TEST_STEP][PASSED] - markPassed("result service data ke : " + no): result service data ke : 284

2022-11-22 15:04:59 - [MESSAGE][PASSED] - result service data ke : 284

2022-11-22 15:04:59 - [TEST_STEP][PASSED] - logInfo($response2): {"result_konsumen":"Reject","result_pasangan":"","Final_result":"Reject","errorMessage":"","status":"Done"}

2022-11-22 15:04:59 - [MESSAGE][INFO] - {"result_konsumen":"Reject","result_pasangan":"","Final_result":"Reject","errorMessage":"","status":"Done"}

2022-11-22 15:04:59 - [TEST_STEP][PASSED] - verifyElementPropertyValue(scoring, "Final_result", final_result): Verify element property value successfully

2022-11-22 15:05:00 - [MESSAGE][PASSED] - Verify element property value successfully]]></system-out>
         <system-err><![CDATA[]]></system-err>
      </testcase>
      <testcase name="Test Cases/Engine_Scoring/Engine Scoring" time="5.653" classname="Test Cases/Engine_Scoring/Engine Scoring" status="PASSED">
         <system-out><![CDATA[2022-11-22 15:05:00 - [TEST_CASE][PASSED] - Test Cases/Engine_Scoring/Engine Scoring: Test Cases/Engine_Scoring/Engine Scoring

2022-11-22 15:05:01 - [TEST_STEP][PASSED] - markPassed("Variasi data ke : " + no): Variasi data ke : 285

2022-11-22 15:05:01 - [MESSAGE][PASSED] - Variasi data ke : 285

2022-11-22 15:05:01 - [TEST_STEP][PASSED] - req_data = sendRequest(findTestObject("Search_ME", ["MID":MID, "source":source, "ip":ip, "userid":userid, "branch":branch, "tipekons":tipekons, "marital":marital, "penjamin":penjamin, ... ])): Send request successfully

2022-11-22 15:05:02 - [MESSAGE][INFO] - HAR: D:\DMS\Engine Scoring\Reports\20221122_143755\Exclude KKB - DS\Scoring Individu - CS\20221122_143756\requests\main\568.har

2022-11-22 15:05:02 - [MESSAGE][PASSED] - Send request successfully

2022-11-22 15:05:02 - [TEST_STEP][PASSED] - slurper = new groovy.json.JsonSlurper(): null

2022-11-22 15:05:02 - [TEST_STEP][PASSED] - result = slurper.parseText(req_data.getResponseBodyContent()): null

2022-11-22 15:05:02 - [TEST_STEP][PASSED] - reqid_kons = requestid1: null

2022-11-22 15:05:02 - [TEST_STEP][PASSED] - reqid_spouse = requestid2: null

2022-11-22 15:05:02 - [TEST_STEP][PASSED] - println("requestid kons : " + reqid_kons): null

2022-11-22 15:05:02 - [TEST_STEP][PASSED] - response_searchME_kons = reqid_kons: null

2022-11-22 15:05:02 - [TEST_STEP][PASSED] - response_searchME_spouse = reqid_spouse: null

2022-11-22 15:05:02 - [TEST_STEP][PASSED] - println("kons req id is :" + response_searchME_kons): null

2022-11-22 15:05:02 - [TEST_STEP][PASSED] - println("spouse req id is : " + response_searchME_spouse): null

2022-11-22 15:05:02 - [TEST_STEP][PASSED] - verifyResponseStatusCode(req_data, 200): Verify response status code successfully

2022-11-22 15:05:02 - [MESSAGE][PASSED] - Verify response status code successfully

2022-11-22 15:05:02 - [TEST_STEP][PASSED] - response = req_data.getResponseText(): null

2022-11-22 15:05:02 - [TEST_STEP][PASSED] - logInfo($response): {"status":"Done","data":{"requestid1":"241825","requestid2":""}}

2022-11-22 15:05:02 - [MESSAGE][INFO] - {"status":"Done","data":{"requestid1":"241825","requestid2":""}}

2022-11-22 15:05:02 - [TEST_STEP][PASSED] - delay(3): Delayed 3 second(s)

2022-11-22 15:05:05 - [MESSAGE][PASSED] - Delayed 3 second(s)

2022-11-22 15:05:05 - [TEST_STEP][PASSED] - scoring = sendRequest(findTestObject("EngineScore", ["response_searchME_kons":response_searchME_kons, "response_searchME_spouse":response_searchME_spouse])): Send request successfully

2022-11-22 15:05:05 - [MESSAGE][INFO] - HAR: D:\DMS\Engine Scoring\Reports\20221122_143755\Exclude KKB - DS\Scoring Individu - CS\20221122_143756\requests\main\569.har

2022-11-22 15:05:05 - [MESSAGE][PASSED] - Send request successfully

2022-11-22 15:05:05 - [TEST_STEP][PASSED] - verifyResponseStatusCode(scoring, 200): Verify response status code successfully

2022-11-22 15:05:05 - [MESSAGE][PASSED] - Verify response status code successfully

2022-11-22 15:05:05 - [TEST_STEP][PASSED] - response2 = scoring.getResponseText(): null

2022-11-22 15:05:05 - [TEST_STEP][PASSED] - markPassed("result service data ke : " + no): result service data ke : 285

2022-11-22 15:05:05 - [MESSAGE][PASSED] - result service data ke : 285

2022-11-22 15:05:05 - [TEST_STEP][PASSED] - logInfo($response2): {"result_konsumen":"Reject","result_pasangan":"","Final_result":"Reject","errorMessage":"","status":"Done"}

2022-11-22 15:05:05 - [MESSAGE][INFO] - {"result_konsumen":"Reject","result_pasangan":"","Final_result":"Reject","errorMessage":"","status":"Done"}

2022-11-22 15:05:05 - [TEST_STEP][PASSED] - verifyElementPropertyValue(scoring, "Final_result", final_result): Verify element property value successfully

2022-11-22 15:05:05 - [MESSAGE][PASSED] - Verify element property value successfully]]></system-out>
         <system-err><![CDATA[]]></system-err>
      </testcase>
      <testcase name="Test Cases/Engine_Scoring/Engine Scoring" time="5.576" classname="Test Cases/Engine_Scoring/Engine Scoring" status="PASSED">
         <system-out><![CDATA[2022-11-22 15:05:05 - [TEST_CASE][PASSED] - Test Cases/Engine_Scoring/Engine Scoring: Test Cases/Engine_Scoring/Engine Scoring

2022-11-22 15:05:06 - [TEST_STEP][PASSED] - markPassed("Variasi data ke : " + no): Variasi data ke : 286

2022-11-22 15:05:06 - [MESSAGE][PASSED] - Variasi data ke : 286

2022-11-22 15:05:06 - [TEST_STEP][PASSED] - req_data = sendRequest(findTestObject("Search_ME", ["MID":MID, "source":source, "ip":ip, "userid":userid, "branch":branch, "tipekons":tipekons, "marital":marital, "penjamin":penjamin, ... ])): Send request successfully

2022-11-22 15:05:08 - [MESSAGE][INFO] - HAR: D:\DMS\Engine Scoring\Reports\20221122_143755\Exclude KKB - DS\Scoring Individu - CS\20221122_143756\requests\main\570.har

2022-11-22 15:05:08 - [MESSAGE][PASSED] - Send request successfully

2022-11-22 15:05:08 - [TEST_STEP][PASSED] - slurper = new groovy.json.JsonSlurper(): null

2022-11-22 15:05:08 - [TEST_STEP][PASSED] - result = slurper.parseText(req_data.getResponseBodyContent()): null

2022-11-22 15:05:08 - [TEST_STEP][PASSED] - reqid_kons = requestid1: null

2022-11-22 15:05:08 - [TEST_STEP][PASSED] - reqid_spouse = requestid2: null

2022-11-22 15:05:08 - [TEST_STEP][PASSED] - println("requestid kons : " + reqid_kons): null

2022-11-22 15:05:08 - [TEST_STEP][PASSED] - response_searchME_kons = reqid_kons: null

2022-11-22 15:05:08 - [TEST_STEP][PASSED] - response_searchME_spouse = reqid_spouse: null

2022-11-22 15:05:08 - [TEST_STEP][PASSED] - println("kons req id is :" + response_searchME_kons): null

2022-11-22 15:05:08 - [TEST_STEP][PASSED] - println("spouse req id is : " + response_searchME_spouse): null

2022-11-22 15:05:08 - [TEST_STEP][PASSED] - verifyResponseStatusCode(req_data, 200): Verify response status code successfully

2022-11-22 15:05:08 - [MESSAGE][PASSED] - Verify response status code successfully

2022-11-22 15:05:08 - [TEST_STEP][PASSED] - response = req_data.getResponseText(): null

2022-11-22 15:05:08 - [TEST_STEP][PASSED] - logInfo($response): {"status":"Done","data":{"requestid1":"241826","requestid2":""}}

2022-11-22 15:05:08 - [MESSAGE][INFO] - {"status":"Done","data":{"requestid1":"241826","requestid2":""}}

2022-11-22 15:05:08 - [TEST_STEP][PASSED] - delay(3): Delayed 3 second(s)

2022-11-22 15:05:11 - [MESSAGE][PASSED] - Delayed 3 second(s)

2022-11-22 15:05:11 - [TEST_STEP][PASSED] - scoring = sendRequest(findTestObject("EngineScore", ["response_searchME_kons":response_searchME_kons, "response_searchME_spouse":response_searchME_spouse])): Send request successfully

2022-11-22 15:05:11 - [MESSAGE][INFO] - HAR: D:\DMS\Engine Scoring\Reports\20221122_143755\Exclude KKB - DS\Scoring Individu - CS\20221122_143756\requests\main\571.har

2022-11-22 15:05:11 - [MESSAGE][PASSED] - Send request successfully

2022-11-22 15:05:11 - [TEST_STEP][PASSED] - verifyResponseStatusCode(scoring, 200): Verify response status code successfully

2022-11-22 15:05:11 - [MESSAGE][PASSED] - Verify response status code successfully

2022-11-22 15:05:11 - [TEST_STEP][PASSED] - response2 = scoring.getResponseText(): null

2022-11-22 15:05:11 - [TEST_STEP][PASSED] - markPassed("result service data ke : " + no): result service data ke : 286

2022-11-22 15:05:11 - [MESSAGE][PASSED] - result service data ke : 286

2022-11-22 15:05:11 - [TEST_STEP][PASSED] - logInfo($response2): {"result_konsumen":"Reject","result_pasangan":"","Final_result":"Reject","errorMessage":"","status":"Done"}

2022-11-22 15:05:11 - [MESSAGE][INFO] - {"result_konsumen":"Reject","result_pasangan":"","Final_result":"Reject","errorMessage":"","status":"Done"}

2022-11-22 15:05:11 - [TEST_STEP][PASSED] - verifyElementPropertyValue(scoring, "Final_result", final_result): Verify element property value successfully

2022-11-22 15:05:11 - [MESSAGE][PASSED] - Verify element property value successfully]]></system-out>
         <system-err><![CDATA[]]></system-err>
      </testcase>
      <testcase name="Test Cases/Engine_Scoring/Engine Scoring" time="5.482" classname="Test Cases/Engine_Scoring/Engine Scoring" status="PASSED">
         <system-out><![CDATA[2022-11-22 15:05:11 - [TEST_CASE][PASSED] - Test Cases/Engine_Scoring/Engine Scoring: Test Cases/Engine_Scoring/Engine Scoring

2022-11-22 15:05:12 - [TEST_STEP][PASSED] - markPassed("Variasi data ke : " + no): Variasi data ke : 287

2022-11-22 15:05:12 - [MESSAGE][PASSED] - Variasi data ke : 287

2022-11-22 15:05:12 - [TEST_STEP][PASSED] - req_data = sendRequest(findTestObject("Search_ME", ["MID":MID, "source":source, "ip":ip, "userid":userid, "branch":branch, "tipekons":tipekons, "marital":marital, "penjamin":penjamin, ... ])): Send request successfully

2022-11-22 15:05:13 - [MESSAGE][INFO] - HAR: D:\DMS\Engine Scoring\Reports\20221122_143755\Exclude KKB - DS\Scoring Individu - CS\20221122_143756\requests\main\572.har

2022-11-22 15:05:13 - [MESSAGE][PASSED] - Send request successfully

2022-11-22 15:05:13 - [TEST_STEP][PASSED] - slurper = new groovy.json.JsonSlurper(): null

2022-11-22 15:05:13 - [TEST_STEP][PASSED] - result = slurper.parseText(req_data.getResponseBodyContent()): null

2022-11-22 15:05:13 - [TEST_STEP][PASSED] - reqid_kons = requestid1: null

2022-11-22 15:05:13 - [TEST_STEP][PASSED] - reqid_spouse = requestid2: null

2022-11-22 15:05:13 - [TEST_STEP][PASSED] - println("requestid kons : " + reqid_kons): null

2022-11-22 15:05:13 - [TEST_STEP][PASSED] - response_searchME_kons = reqid_kons: null

2022-11-22 15:05:13 - [TEST_STEP][PASSED] - response_searchME_spouse = reqid_spouse: null

2022-11-22 15:05:13 - [TEST_STEP][PASSED] - println("kons req id is :" + response_searchME_kons): null

2022-11-22 15:05:13 - [TEST_STEP][PASSED] - println("spouse req id is : " + response_searchME_spouse): null

2022-11-22 15:05:13 - [TEST_STEP][PASSED] - verifyResponseStatusCode(req_data, 200): Verify response status code successfully

2022-11-22 15:05:13 - [MESSAGE][PASSED] - Verify response status code successfully

2022-11-22 15:05:13 - [TEST_STEP][PASSED] - response = req_data.getResponseText(): null

2022-11-22 15:05:13 - [TEST_STEP][PASSED] - logInfo($response): {"status":"Done","data":{"requestid1":"241827","requestid2":""}}

2022-11-22 15:05:13 - [MESSAGE][INFO] - {"status":"Done","data":{"requestid1":"241827","requestid2":""}}

2022-11-22 15:05:13 - [TEST_STEP][PASSED] - delay(3): Delayed 3 second(s)

2022-11-22 15:05:16 - [MESSAGE][PASSED] - Delayed 3 second(s)

2022-11-22 15:05:16 - [TEST_STEP][PASSED] - scoring = sendRequest(findTestObject("EngineScore", ["response_searchME_kons":response_searchME_kons, "response_searchME_spouse":response_searchME_spouse])): Send request successfully

2022-11-22 15:05:16 - [MESSAGE][INFO] - HAR: D:\DMS\Engine Scoring\Reports\20221122_143755\Exclude KKB - DS\Scoring Individu - CS\20221122_143756\requests\main\573.har

2022-11-22 15:05:16 - [MESSAGE][PASSED] - Send request successfully

2022-11-22 15:05:16 - [TEST_STEP][PASSED] - verifyResponseStatusCode(scoring, 200): Verify response status code successfully

2022-11-22 15:05:16 - [MESSAGE][PASSED] - Verify response status code successfully

2022-11-22 15:05:16 - [TEST_STEP][PASSED] - response2 = scoring.getResponseText(): null

2022-11-22 15:05:16 - [TEST_STEP][PASSED] - markPassed("result service data ke : " + no): result service data ke : 287

2022-11-22 15:05:16 - [MESSAGE][PASSED] - result service data ke : 287

2022-11-22 15:05:16 - [TEST_STEP][PASSED] - logInfo($response2): {"result_konsumen":"Reject","result_pasangan":"","Final_result":"Reject","errorMessage":"","status":"Done"}

2022-11-22 15:05:16 - [MESSAGE][INFO] - {"result_konsumen":"Reject","result_pasangan":"","Final_result":"Reject","errorMessage":"","status":"Done"}

2022-11-22 15:05:16 - [TEST_STEP][PASSED] - verifyElementPropertyValue(scoring, "Final_result", final_result): Verify element property value successfully

2022-11-22 15:05:16 - [MESSAGE][PASSED] - Verify element property value successfully]]></system-out>
         <system-err><![CDATA[]]></system-err>
      </testcase>
      <testcase name="Test Cases/Engine_Scoring/Engine Scoring" time="5.617" classname="Test Cases/Engine_Scoring/Engine Scoring" status="PASSED">
         <system-out><![CDATA[2022-11-22 15:05:16 - [TEST_CASE][PASSED] - Test Cases/Engine_Scoring/Engine Scoring: Test Cases/Engine_Scoring/Engine Scoring

2022-11-22 15:05:18 - [TEST_STEP][PASSED] - markPassed("Variasi data ke : " + no): Variasi data ke : 288

2022-11-22 15:05:18 - [MESSAGE][PASSED] - Variasi data ke : 288

2022-11-22 15:05:18 - [TEST_STEP][PASSED] - req_data = sendRequest(findTestObject("Search_ME", ["MID":MID, "source":source, "ip":ip, "userid":userid, "branch":branch, "tipekons":tipekons, "marital":marital, "penjamin":penjamin, ... ])): Send request successfully

2022-11-22 15:05:19 - [MESSAGE][INFO] - HAR: D:\DMS\Engine Scoring\Reports\20221122_143755\Exclude KKB - DS\Scoring Individu - CS\20221122_143756\requests\main\574.har

2022-11-22 15:05:19 - [MESSAGE][PASSED] - Send request successfully

2022-11-22 15:05:19 - [TEST_STEP][PASSED] - slurper = new groovy.json.JsonSlurper(): null

2022-11-22 15:05:19 - [TEST_STEP][PASSED] - result = slurper.parseText(req_data.getResponseBodyContent()): null

2022-11-22 15:05:19 - [TEST_STEP][PASSED] - reqid_kons = requestid1: null

2022-11-22 15:05:19 - [TEST_STEP][PASSED] - reqid_spouse = requestid2: null

2022-11-22 15:05:19 - [TEST_STEP][PASSED] - println("requestid kons : " + reqid_kons): null

2022-11-22 15:05:19 - [TEST_STEP][PASSED] - response_searchME_kons = reqid_kons: null

2022-11-22 15:05:19 - [TEST_STEP][PASSED] - response_searchME_spouse = reqid_spouse: null

2022-11-22 15:05:19 - [TEST_STEP][PASSED] - println("kons req id is :" + response_searchME_kons): null

2022-11-22 15:05:19 - [TEST_STEP][PASSED] - println("spouse req id is : " + response_searchME_spouse): null

2022-11-22 15:05:19 - [TEST_STEP][PASSED] - verifyResponseStatusCode(req_data, 200): Verify response status code successfully

2022-11-22 15:05:19 - [MESSAGE][PASSED] - Verify response status code successfully

2022-11-22 15:05:19 - [TEST_STEP][PASSED] - response = req_data.getResponseText(): null

2022-11-22 15:05:19 - [TEST_STEP][PASSED] - logInfo($response): {"status":"Done","data":{"requestid1":"241828","requestid2":""}}

2022-11-22 15:05:19 - [MESSAGE][INFO] - {"status":"Done","data":{"requestid1":"241828","requestid2":""}}

2022-11-22 15:05:19 - [TEST_STEP][PASSED] - delay(3): Delayed 3 second(s)

2022-11-22 15:05:22 - [MESSAGE][PASSED] - Delayed 3 second(s)

2022-11-22 15:05:22 - [TEST_STEP][PASSED] - scoring = sendRequest(findTestObject("EngineScore", ["response_searchME_kons":response_searchME_kons, "response_searchME_spouse":response_searchME_spouse])): Send request successfully

2022-11-22 15:05:22 - [MESSAGE][INFO] - HAR: D:\DMS\Engine Scoring\Reports\20221122_143755\Exclude KKB - DS\Scoring Individu - CS\20221122_143756\requests\main\575.har

2022-11-22 15:05:22 - [MESSAGE][PASSED] - Send request successfully

2022-11-22 15:05:22 - [TEST_STEP][PASSED] - verifyResponseStatusCode(scoring, 200): Verify response status code successfully

2022-11-22 15:05:22 - [MESSAGE][PASSED] - Verify response status code successfully

2022-11-22 15:05:22 - [TEST_STEP][PASSED] - response2 = scoring.getResponseText(): null

2022-11-22 15:05:22 - [TEST_STEP][PASSED] - markPassed("result service data ke : " + no): result service data ke : 288

2022-11-22 15:05:22 - [MESSAGE][PASSED] - result service data ke : 288

2022-11-22 15:05:22 - [TEST_STEP][PASSED] - logInfo($response2): {"result_konsumen":"Reject","result_pasangan":"","Final_result":"Reject","errorMessage":"","status":"Done"}

2022-11-22 15:05:22 - [MESSAGE][INFO] - {"result_konsumen":"Reject","result_pasangan":"","Final_result":"Reject","errorMessage":"","status":"Done"}

2022-11-22 15:05:22 - [TEST_STEP][PASSED] - verifyElementPropertyValue(scoring, "Final_result", final_result): Verify element property value successfully

2022-11-22 15:05:22 - [MESSAGE][PASSED] - Verify element property value successfully]]></system-out>
         <system-err><![CDATA[]]></system-err>
      </testcase>
      <testcase name="Test Cases/Engine_Scoring/Engine Scoring" time="5.68" classname="Test Cases/Engine_Scoring/Engine Scoring" status="PASSED">
         <system-out><![CDATA[2022-11-22 15:05:22 - [TEST_CASE][PASSED] - Test Cases/Engine_Scoring/Engine Scoring: Test Cases/Engine_Scoring/Engine Scoring

2022-11-22 15:05:23 - [TEST_STEP][PASSED] - markPassed("Variasi data ke : " + no): Variasi data ke : 289

2022-11-22 15:05:23 - [MESSAGE][PASSED] - Variasi data ke : 289

2022-11-22 15:05:23 - [TEST_STEP][PASSED] - req_data = sendRequest(findTestObject("Search_ME", ["MID":MID, "source":source, "ip":ip, "userid":userid, "branch":branch, "tipekons":tipekons, "marital":marital, "penjamin":penjamin, ... ])): Send request successfully

2022-11-22 15:05:25 - [MESSAGE][INFO] - HAR: D:\DMS\Engine Scoring\Reports\20221122_143755\Exclude KKB - DS\Scoring Individu - CS\20221122_143756\requests\main\576.har

2022-11-22 15:05:25 - [MESSAGE][PASSED] - Send request successfully

2022-11-22 15:05:25 - [TEST_STEP][PASSED] - slurper = new groovy.json.JsonSlurper(): null

2022-11-22 15:05:25 - [TEST_STEP][PASSED] - result = slurper.parseText(req_data.getResponseBodyContent()): null

2022-11-22 15:05:25 - [TEST_STEP][PASSED] - reqid_kons = requestid1: null

2022-11-22 15:05:25 - [TEST_STEP][PASSED] - reqid_spouse = requestid2: null

2022-11-22 15:05:25 - [TEST_STEP][PASSED] - println("requestid kons : " + reqid_kons): null

2022-11-22 15:05:25 - [TEST_STEP][PASSED] - response_searchME_kons = reqid_kons: null

2022-11-22 15:05:25 - [TEST_STEP][PASSED] - response_searchME_spouse = reqid_spouse: null

2022-11-22 15:05:25 - [TEST_STEP][PASSED] - println("kons req id is :" + response_searchME_kons): null

2022-11-22 15:05:25 - [TEST_STEP][PASSED] - println("spouse req id is : " + response_searchME_spouse): null

2022-11-22 15:05:25 - [TEST_STEP][PASSED] - verifyResponseStatusCode(req_data, 200): Verify response status code successfully

2022-11-22 15:05:25 - [MESSAGE][PASSED] - Verify response status code successfully

2022-11-22 15:05:25 - [TEST_STEP][PASSED] - response = req_data.getResponseText(): null

2022-11-22 15:05:25 - [TEST_STEP][PASSED] - logInfo($response): {"status":"Done","data":{"requestid1":"241829","requestid2":""}}

2022-11-22 15:05:25 - [MESSAGE][INFO] - {"status":"Done","data":{"requestid1":"241829","requestid2":""}}

2022-11-22 15:05:25 - [TEST_STEP][PASSED] - delay(3): Delayed 3 second(s)

2022-11-22 15:05:28 - [MESSAGE][PASSED] - Delayed 3 second(s)

2022-11-22 15:05:28 - [TEST_STEP][PASSED] - scoring = sendRequest(findTestObject("EngineScore", ["response_searchME_kons":response_searchME_kons, "response_searchME_spouse":response_searchME_spouse])): Send request successfully

2022-11-22 15:05:28 - [MESSAGE][INFO] - HAR: D:\DMS\Engine Scoring\Reports\20221122_143755\Exclude KKB - DS\Scoring Individu - CS\20221122_143756\requests\main\577.har

2022-11-22 15:05:28 - [MESSAGE][PASSED] - Send request successfully

2022-11-22 15:05:28 - [TEST_STEP][PASSED] - verifyResponseStatusCode(scoring, 200): Verify response status code successfully

2022-11-22 15:05:28 - [MESSAGE][PASSED] - Verify response status code successfully

2022-11-22 15:05:28 - [TEST_STEP][PASSED] - response2 = scoring.getResponseText(): null

2022-11-22 15:05:28 - [TEST_STEP][PASSED] - markPassed("result service data ke : " + no): result service data ke : 289

2022-11-22 15:05:28 - [MESSAGE][PASSED] - result service data ke : 289

2022-11-22 15:05:28 - [TEST_STEP][PASSED] - logInfo($response2): {"result_konsumen":"Reject","result_pasangan":"","Final_result":"Reject","errorMessage":"","status":"Done"}

2022-11-22 15:05:28 - [MESSAGE][INFO] - {"result_konsumen":"Reject","result_pasangan":"","Final_result":"Reject","errorMessage":"","status":"Done"}

2022-11-22 15:05:28 - [TEST_STEP][PASSED] - verifyElementPropertyValue(scoring, "Final_result", final_result): Verify element property value successfully

2022-11-22 15:05:28 - [MESSAGE][PASSED] - Verify element property value successfully]]></system-out>
         <system-err><![CDATA[]]></system-err>
      </testcase>
      <testcase name="Test Cases/Engine_Scoring/Engine Scoring" time="5.644" classname="Test Cases/Engine_Scoring/Engine Scoring" status="PASSED">
         <system-out><![CDATA[2022-11-22 15:05:28 - [TEST_CASE][PASSED] - Test Cases/Engine_Scoring/Engine Scoring: Test Cases/Engine_Scoring/Engine Scoring

2022-11-22 15:05:29 - [TEST_STEP][PASSED] - markPassed("Variasi data ke : " + no): Variasi data ke : 290

2022-11-22 15:05:29 - [MESSAGE][PASSED] - Variasi data ke : 290

2022-11-22 15:05:29 - [TEST_STEP][PASSED] - req_data = sendRequest(findTestObject("Search_ME", ["MID":MID, "source":source, "ip":ip, "userid":userid, "branch":branch, "tipekons":tipekons, "marital":marital, "penjamin":penjamin, ... ])): Send request successfully

2022-11-22 15:05:30 - [MESSAGE][INFO] - HAR: D:\DMS\Engine Scoring\Reports\20221122_143755\Exclude KKB - DS\Scoring Individu - CS\20221122_143756\requests\main\578.har

2022-11-22 15:05:30 - [MESSAGE][PASSED] - Send request successfully

2022-11-22 15:05:30 - [TEST_STEP][PASSED] - slurper = new groovy.json.JsonSlurper(): null

2022-11-22 15:05:30 - [TEST_STEP][PASSED] - result = slurper.parseText(req_data.getResponseBodyContent()): null

2022-11-22 15:05:30 - [TEST_STEP][PASSED] - reqid_kons = requestid1: null

2022-11-22 15:05:30 - [TEST_STEP][PASSED] - reqid_spouse = requestid2: null

2022-11-22 15:05:30 - [TEST_STEP][PASSED] - println("requestid kons : " + reqid_kons): null

2022-11-22 15:05:30 - [TEST_STEP][PASSED] - response_searchME_kons = reqid_kons: null

2022-11-22 15:05:30 - [TEST_STEP][PASSED] - response_searchME_spouse = reqid_spouse: null

2022-11-22 15:05:30 - [TEST_STEP][PASSED] - println("kons req id is :" + response_searchME_kons): null

2022-11-22 15:05:30 - [TEST_STEP][PASSED] - println("spouse req id is : " + response_searchME_spouse): null

2022-11-22 15:05:30 - [TEST_STEP][PASSED] - verifyResponseStatusCode(req_data, 200): Verify response status code successfully

2022-11-22 15:05:30 - [MESSAGE][PASSED] - Verify response status code successfully

2022-11-22 15:05:30 - [TEST_STEP][PASSED] - response = req_data.getResponseText(): null

2022-11-22 15:05:30 - [TEST_STEP][PASSED] - logInfo($response): {"status":"Done","data":{"requestid1":"241830","requestid2":""}}

2022-11-22 15:05:30 - [MESSAGE][INFO] - {"status":"Done","data":{"requestid1":"241830","requestid2":""}}

2022-11-22 15:05:30 - [TEST_STEP][PASSED] - delay(3): Delayed 3 second(s)

2022-11-22 15:05:33 - [MESSAGE][PASSED] - Delayed 3 second(s)

2022-11-22 15:05:33 - [TEST_STEP][PASSED] - scoring = sendRequest(findTestObject("EngineScore", ["response_searchME_kons":response_searchME_kons, "response_searchME_spouse":response_searchME_spouse])): Send request successfully

2022-11-22 15:05:34 - [MESSAGE][INFO] - HAR: D:\DMS\Engine Scoring\Reports\20221122_143755\Exclude KKB - DS\Scoring Individu - CS\20221122_143756\requests\main\579.har

2022-11-22 15:05:34 - [MESSAGE][PASSED] - Send request successfully

2022-11-22 15:05:34 - [TEST_STEP][PASSED] - verifyResponseStatusCode(scoring, 200): Verify response status code successfully

2022-11-22 15:05:34 - [MESSAGE][PASSED] - Verify response status code successfully

2022-11-22 15:05:34 - [TEST_STEP][PASSED] - response2 = scoring.getResponseText(): null

2022-11-22 15:05:34 - [TEST_STEP][PASSED] - markPassed("result service data ke : " + no): result service data ke : 290

2022-11-22 15:05:34 - [MESSAGE][PASSED] - result service data ke : 290

2022-11-22 15:05:34 - [TEST_STEP][PASSED] - logInfo($response2): {"result_konsumen":"Reject","result_pasangan":"","Final_result":"Reject","errorMessage":"","status":"Done"}

2022-11-22 15:05:34 - [MESSAGE][INFO] - {"result_konsumen":"Reject","result_pasangan":"","Final_result":"Reject","errorMessage":"","status":"Done"}

2022-11-22 15:05:34 - [TEST_STEP][PASSED] - verifyElementPropertyValue(scoring, "Final_result", final_result): Verify element property value successfully

2022-11-22 15:05:34 - [MESSAGE][PASSED] - Verify element property value successfully]]></system-out>
         <system-err><![CDATA[]]></system-err>
      </testcase>
      <testcase name="Test Cases/Engine_Scoring/Engine Scoring" time="5.557" classname="Test Cases/Engine_Scoring/Engine Scoring" status="PASSED">
         <system-out><![CDATA[2022-11-22 15:05:34 - [TEST_CASE][PASSED] - Test Cases/Engine_Scoring/Engine Scoring: Test Cases/Engine_Scoring/Engine Scoring

2022-11-22 15:05:35 - [TEST_STEP][PASSED] - markPassed("Variasi data ke : " + no): Variasi data ke : 291

2022-11-22 15:05:35 - [MESSAGE][PASSED] - Variasi data ke : 291

2022-11-22 15:05:35 - [TEST_STEP][PASSED] - req_data = sendRequest(findTestObject("Search_ME", ["MID":MID, "source":source, "ip":ip, "userid":userid, "branch":branch, "tipekons":tipekons, "marital":marital, "penjamin":penjamin, ... ])): Send request successfully

2022-11-22 15:05:36 - [MESSAGE][INFO] - HAR: D:\DMS\Engine Scoring\Reports\20221122_143755\Exclude KKB - DS\Scoring Individu - CS\20221122_143756\requests\main\580.har

2022-11-22 15:05:36 - [MESSAGE][PASSED] - Send request successfully

2022-11-22 15:05:36 - [TEST_STEP][PASSED] - slurper = new groovy.json.JsonSlurper(): null

2022-11-22 15:05:36 - [TEST_STEP][PASSED] - result = slurper.parseText(req_data.getResponseBodyContent()): null

2022-11-22 15:05:36 - [TEST_STEP][PASSED] - reqid_kons = requestid1: null

2022-11-22 15:05:36 - [TEST_STEP][PASSED] - reqid_spouse = requestid2: null

2022-11-22 15:05:36 - [TEST_STEP][PASSED] - println("requestid kons : " + reqid_kons): null

2022-11-22 15:05:36 - [TEST_STEP][PASSED] - response_searchME_kons = reqid_kons: null

2022-11-22 15:05:36 - [TEST_STEP][PASSED] - response_searchME_spouse = reqid_spouse: null

2022-11-22 15:05:36 - [TEST_STEP][PASSED] - println("kons req id is :" + response_searchME_kons): null

2022-11-22 15:05:36 - [TEST_STEP][PASSED] - println("spouse req id is : " + response_searchME_spouse): null

2022-11-22 15:05:36 - [TEST_STEP][PASSED] - verifyResponseStatusCode(req_data, 200): Verify response status code successfully

2022-11-22 15:05:36 - [MESSAGE][PASSED] - Verify response status code successfully

2022-11-22 15:05:36 - [TEST_STEP][PASSED] - response = req_data.getResponseText(): null

2022-11-22 15:05:36 - [TEST_STEP][PASSED] - logInfo($response): {"status":"Done","data":{"requestid1":"241831","requestid2":""}}

2022-11-22 15:05:36 - [MESSAGE][INFO] - {"status":"Done","data":{"requestid1":"241831","requestid2":""}}

2022-11-22 15:05:36 - [TEST_STEP][PASSED] - delay(3): Delayed 3 second(s)

2022-11-22 15:05:39 - [MESSAGE][PASSED] - Delayed 3 second(s)

2022-11-22 15:05:39 - [TEST_STEP][PASSED] - scoring = sendRequest(findTestObject("EngineScore", ["response_searchME_kons":response_searchME_kons, "response_searchME_spouse":response_searchME_spouse])): Send request successfully

2022-11-22 15:05:39 - [MESSAGE][INFO] - HAR: D:\DMS\Engine Scoring\Reports\20221122_143755\Exclude KKB - DS\Scoring Individu - CS\20221122_143756\requests\main\581.har

2022-11-22 15:05:39 - [MESSAGE][PASSED] - Send request successfully

2022-11-22 15:05:39 - [TEST_STEP][PASSED] - verifyResponseStatusCode(scoring, 200): Verify response status code successfully

2022-11-22 15:05:39 - [MESSAGE][PASSED] - Verify response status code successfully

2022-11-22 15:05:39 - [TEST_STEP][PASSED] - response2 = scoring.getResponseText(): null

2022-11-22 15:05:39 - [TEST_STEP][PASSED] - markPassed("result service data ke : " + no): result service data ke : 291

2022-11-22 15:05:39 - [MESSAGE][PASSED] - result service data ke : 291

2022-11-22 15:05:39 - [TEST_STEP][PASSED] - logInfo($response2): {"result_konsumen":"Reject","result_pasangan":"","Final_result":"Reject","errorMessage":"","status":"Done"}

2022-11-22 15:05:39 - [MESSAGE][INFO] - {"result_konsumen":"Reject","result_pasangan":"","Final_result":"Reject","errorMessage":"","status":"Done"}

2022-11-22 15:05:39 - [TEST_STEP][PASSED] - verifyElementPropertyValue(scoring, "Final_result", final_result): Verify element property value successfully

2022-11-22 15:05:39 - [MESSAGE][PASSED] - Verify element property value successfully]]></system-out>
         <system-err><![CDATA[]]></system-err>
      </testcase>
      <system-out><![CDATA[2022-11-22 14:38:02 - [TEST_SUITE][PASSED] - Scoring Individu - CS: Test Cases/Engine_Scoring/Engine Scoring]]></system-out>
      <system-err><![CDATA[]]></system-err>
   </testsuite>
</testsuites>
