<?xml version="1.0" encoding="UTF-8"?>
<testsuites name="Scoring Married - KKB" time="472.773" tests="70" failures="0" errors="0">
   <testsuite name="Scoring Married - KKB" tests="70" failures="0" errors="0" time="472.773" skipped="0" timestamp="2022-11-25 09:33:03" hostname="bcafmaster - WPI20220318001.bcaf.co.id" id="Test Suites/Exclude KKB - DS - Married/Scoring Married - KKB">
      <properties>
         <property name="deviceName" value=""/>
         <property name="devicePlatform" value=""/>
         <property name="logFolder" value="D:\\DMS\\Engine Scoring\\Reports\\20221125_093256\\Exclude KKB - DS - Married\\Scoring Married - KKB\\20221125_093256"/>
         <property name="logFiles" value="D:\\DMS\\Engine Scoring\\Reports\\20221125_093256\\Exclude KKB - DS - Married\\Scoring Married - KKB\\20221125_093256\\execution0.log"/>
         <property name="attachments" value=""/>
         <property name="hostName" value="bcafmaster - WPI20220318001.bcaf.co.id"/>
         <property name="hostAddress" value="10.10.8.57"/>
         <property name="os" value="Windows 10 64bit"/>
         <property name="katalonVersion" value="8.2.5.208"/>
      </properties>
      <testcase name="Test Cases/Engine_Scoring/Engine Scoring" time="8.082" classname="Test Cases/Engine_Scoring/Engine Scoring" status="PASSED">
         <system-out><![CDATA[2022-11-25 09:33:03 - [TEST_CASE][PASSED] - Test Cases/Engine_Scoring/Engine Scoring: Test Cases/Engine_Scoring/Engine Scoring

2022-11-25 09:33:04 - [TEST_STEP][PASSED] - markPassed("Variasi data ke : " + no): Variasi data ke : 201

2022-11-25 09:33:04 - [MESSAGE][PASSED] - Variasi data ke : 201

2022-11-25 09:33:04 - [TEST_STEP][PASSED] - req_data = sendRequest(findTestObject("Search_ME", ["MID":MID, "source":source, "ip":ip, "userid":userid, "branch":branch, "tipekons":tipekons, "marital":marital, "penjamin":penjamin, ... ])): Send request successfully

2022-11-25 09:33:06 - [MESSAGE][INFO] - HAR: D:\DMS\Engine Scoring\Reports\20221125_093256\Exclude KKB - DS - Married\Scoring Married - KKB\20221125_093256\requests\main\0.har

2022-11-25 09:33:06 - [MESSAGE][PASSED] - Send request successfully

2022-11-25 09:33:06 - [TEST_STEP][PASSED] - slurper = new groovy.json.JsonSlurper(): null

2022-11-25 09:33:06 - [TEST_STEP][PASSED] - result = slurper.parseText(req_data.getResponseBodyContent()): null

2022-11-25 09:33:06 - [TEST_STEP][PASSED] - reqid_kons = requestid1: null

2022-11-25 09:33:06 - [TEST_STEP][PASSED] - reqid_spouse = requestid2: null

2022-11-25 09:33:06 - [TEST_STEP][PASSED] - println("requestid kons : " + reqid_kons): null

2022-11-25 09:33:06 - [TEST_STEP][PASSED] - response_searchME_kons = reqid_kons: null

2022-11-25 09:33:06 - [TEST_STEP][PASSED] - response_searchME_spouse = reqid_spouse: null

2022-11-25 09:33:06 - [TEST_STEP][PASSED] - println("kons req id is :" + response_searchME_kons): null

2022-11-25 09:33:06 - [TEST_STEP][PASSED] - println("spouse req id is : " + response_searchME_spouse): null

2022-11-25 09:33:06 - [TEST_STEP][PASSED] - verifyResponseStatusCode(req_data, 200): Verify response status code successfully

2022-11-25 09:33:06 - [MESSAGE][PASSED] - Verify response status code successfully

2022-11-25 09:33:06 - [TEST_STEP][PASSED] - response = req_data.getResponseText(): null

2022-11-25 09:33:06 - [TEST_STEP][PASSED] - logInfo($response): {"status":"Done","data":{"requestid1":"255000","requestid2":"255001"}}

2022-11-25 09:33:06 - [MESSAGE][INFO] - {"status":"Done","data":{"requestid1":"255000","requestid2":"255001"}}

2022-11-25 09:33:06 - [TEST_STEP][PASSED] - delay(5): Delayed 5 second(s)

2022-11-25 09:33:11 - [MESSAGE][PASSED] - Delayed 5 second(s)

2022-11-25 09:33:11 - [TEST_STEP][PASSED] - scoring = sendRequest(findTestObject("EngineScore", ["response_searchME_kons":response_searchME_kons, "response_searchME_spouse":response_searchME_spouse])): Send request successfully

2022-11-25 09:33:11 - [MESSAGE][INFO] - HAR: D:\DMS\Engine Scoring\Reports\20221125_093256\Exclude KKB - DS - Married\Scoring Married - KKB\20221125_093256\requests\main\1.har

2022-11-25 09:33:11 - [MESSAGE][PASSED] - Send request successfully

2022-11-25 09:33:11 - [TEST_STEP][PASSED] - verifyResponseStatusCode(scoring, 200): Verify response status code successfully

2022-11-25 09:33:11 - [MESSAGE][PASSED] - Verify response status code successfully

2022-11-25 09:33:11 - [TEST_STEP][PASSED] - response2 = scoring.getResponseText(): null

2022-11-25 09:33:11 - [TEST_STEP][PASSED] - markPassed("result service data ke : " + no): result service data ke : 201

2022-11-25 09:33:11 - [MESSAGE][PASSED] - result service data ke : 201

2022-11-25 09:33:11 - [TEST_STEP][PASSED] - logInfo($response2): {"result_konsumen":"Reguler","result_pasangan":"Approve","Final_result":"Reguler","errorMessage":"","status":"Done"}

2022-11-25 09:33:11 - [MESSAGE][INFO] - {"result_konsumen":"Reguler","result_pasangan":"Approve","Final_result":"Reguler","errorMessage":"","status":"Done"}

2022-11-25 09:33:11 - [TEST_STEP][PASSED] - verifyElementPropertyValue(scoring, "Final_result", final_result): Verify element property value successfully

2022-11-25 09:33:11 - [MESSAGE][PASSED] - Verify element property value successfully]]></system-out>
         <system-err><![CDATA[]]></system-err>
      </testcase>
      <testcase name="Test Cases/Engine_Scoring/Engine Scoring" time="6.852" classname="Test Cases/Engine_Scoring/Engine Scoring" status="PASSED">
         <system-out><![CDATA[2022-11-25 09:33:11 - [TEST_CASE][PASSED] - Test Cases/Engine_Scoring/Engine Scoring: Test Cases/Engine_Scoring/Engine Scoring

2022-11-25 09:33:12 - [TEST_STEP][PASSED] - markPassed("Variasi data ke : " + no): Variasi data ke : 202

2022-11-25 09:33:12 - [MESSAGE][PASSED] - Variasi data ke : 202

2022-11-25 09:33:12 - [TEST_STEP][PASSED] - req_data = sendRequest(findTestObject("Search_ME", ["MID":MID, "source":source, "ip":ip, "userid":userid, "branch":branch, "tipekons":tipekons, "marital":marital, "penjamin":penjamin, ... ])): Send request successfully

2022-11-25 09:33:13 - [MESSAGE][INFO] - HAR: D:\DMS\Engine Scoring\Reports\20221125_093256\Exclude KKB - DS - Married\Scoring Married - KKB\20221125_093256\requests\main\2.har

2022-11-25 09:33:13 - [MESSAGE][PASSED] - Send request successfully

2022-11-25 09:33:13 - [TEST_STEP][PASSED] - slurper = new groovy.json.JsonSlurper(): null

2022-11-25 09:33:13 - [TEST_STEP][PASSED] - result = slurper.parseText(req_data.getResponseBodyContent()): null

2022-11-25 09:33:13 - [TEST_STEP][PASSED] - reqid_kons = requestid1: null

2022-11-25 09:33:13 - [TEST_STEP][PASSED] - reqid_spouse = requestid2: null

2022-11-25 09:33:13 - [TEST_STEP][PASSED] - println("requestid kons : " + reqid_kons): null

2022-11-25 09:33:13 - [TEST_STEP][PASSED] - response_searchME_kons = reqid_kons: null

2022-11-25 09:33:13 - [TEST_STEP][PASSED] - response_searchME_spouse = reqid_spouse: null

2022-11-25 09:33:13 - [TEST_STEP][PASSED] - println("kons req id is :" + response_searchME_kons): null

2022-11-25 09:33:13 - [TEST_STEP][PASSED] - println("spouse req id is : " + response_searchME_spouse): null

2022-11-25 09:33:13 - [TEST_STEP][PASSED] - verifyResponseStatusCode(req_data, 200): Verify response status code successfully

2022-11-25 09:33:13 - [MESSAGE][PASSED] - Verify response status code successfully

2022-11-25 09:33:13 - [TEST_STEP][PASSED] - response = req_data.getResponseText(): null

2022-11-25 09:33:13 - [TEST_STEP][PASSED] - logInfo($response): {"status":"Done","data":{"requestid1":"255002","requestid2":"255003"}}

2022-11-25 09:33:13 - [MESSAGE][INFO] - {"status":"Done","data":{"requestid1":"255002","requestid2":"255003"}}

2022-11-25 09:33:13 - [TEST_STEP][PASSED] - delay(5): Delayed 5 second(s)

2022-11-25 09:33:18 - [MESSAGE][PASSED] - Delayed 5 second(s)

2022-11-25 09:33:18 - [TEST_STEP][PASSED] - scoring = sendRequest(findTestObject("EngineScore", ["response_searchME_kons":response_searchME_kons, "response_searchME_spouse":response_searchME_spouse])): Send request successfully

2022-11-25 09:33:18 - [MESSAGE][INFO] - HAR: D:\DMS\Engine Scoring\Reports\20221125_093256\Exclude KKB - DS - Married\Scoring Married - KKB\20221125_093256\requests\main\3.har

2022-11-25 09:33:18 - [MESSAGE][PASSED] - Send request successfully

2022-11-25 09:33:18 - [TEST_STEP][PASSED] - verifyResponseStatusCode(scoring, 200): Verify response status code successfully

2022-11-25 09:33:18 - [MESSAGE][PASSED] - Verify response status code successfully

2022-11-25 09:33:18 - [TEST_STEP][PASSED] - response2 = scoring.getResponseText(): null

2022-11-25 09:33:18 - [TEST_STEP][PASSED] - markPassed("result service data ke : " + no): result service data ke : 202

2022-11-25 09:33:18 - [MESSAGE][PASSED] - result service data ke : 202

2022-11-25 09:33:18 - [TEST_STEP][PASSED] - logInfo($response2): {"result_konsumen":"Reguler","result_pasangan":"Approve","Final_result":"Reguler","errorMessage":"","status":"Done"}

2022-11-25 09:33:18 - [MESSAGE][INFO] - {"result_konsumen":"Reguler","result_pasangan":"Approve","Final_result":"Reguler","errorMessage":"","status":"Done"}

2022-11-25 09:33:18 - [TEST_STEP][PASSED] - verifyElementPropertyValue(scoring, "Final_result", final_result): Verify element property value successfully

2022-11-25 09:33:18 - [MESSAGE][PASSED] - Verify element property value successfully]]></system-out>
         <system-err><![CDATA[]]></system-err>
      </testcase>
      <testcase name="Test Cases/Engine_Scoring/Engine Scoring" time="6.723" classname="Test Cases/Engine_Scoring/Engine Scoring" status="PASSED">
         <system-out><![CDATA[2022-11-25 09:33:18 - [TEST_CASE][PASSED] - Test Cases/Engine_Scoring/Engine Scoring: Test Cases/Engine_Scoring/Engine Scoring

2022-11-25 09:33:19 - [TEST_STEP][PASSED] - markPassed("Variasi data ke : " + no): Variasi data ke : 203

2022-11-25 09:33:19 - [MESSAGE][PASSED] - Variasi data ke : 203

2022-11-25 09:33:19 - [TEST_STEP][PASSED] - req_data = sendRequest(findTestObject("Search_ME", ["MID":MID, "source":source, "ip":ip, "userid":userid, "branch":branch, "tipekons":tipekons, "marital":marital, "penjamin":penjamin, ... ])): Send request successfully

2022-11-25 09:33:20 - [MESSAGE][INFO] - HAR: D:\DMS\Engine Scoring\Reports\20221125_093256\Exclude KKB - DS - Married\Scoring Married - KKB\20221125_093256\requests\main\4.har

2022-11-25 09:33:20 - [MESSAGE][PASSED] - Send request successfully

2022-11-25 09:33:20 - [TEST_STEP][PASSED] - slurper = new groovy.json.JsonSlurper(): null

2022-11-25 09:33:20 - [TEST_STEP][PASSED] - result = slurper.parseText(req_data.getResponseBodyContent()): null

2022-11-25 09:33:20 - [TEST_STEP][PASSED] - reqid_kons = requestid1: null

2022-11-25 09:33:20 - [TEST_STEP][PASSED] - reqid_spouse = requestid2: null

2022-11-25 09:33:20 - [TEST_STEP][PASSED] - println("requestid kons : " + reqid_kons): null

2022-11-25 09:33:20 - [TEST_STEP][PASSED] - response_searchME_kons = reqid_kons: null

2022-11-25 09:33:20 - [TEST_STEP][PASSED] - response_searchME_spouse = reqid_spouse: null

2022-11-25 09:33:20 - [TEST_STEP][PASSED] - println("kons req id is :" + response_searchME_kons): null

2022-11-25 09:33:20 - [TEST_STEP][PASSED] - println("spouse req id is : " + response_searchME_spouse): null

2022-11-25 09:33:20 - [TEST_STEP][PASSED] - verifyResponseStatusCode(req_data, 200): Verify response status code successfully

2022-11-25 09:33:20 - [MESSAGE][PASSED] - Verify response status code successfully

2022-11-25 09:33:20 - [TEST_STEP][PASSED] - response = req_data.getResponseText(): null

2022-11-25 09:33:20 - [TEST_STEP][PASSED] - logInfo($response): {"status":"Done","data":{"requestid1":"255004","requestid2":"255005"}}

2022-11-25 09:33:20 - [MESSAGE][INFO] - {"status":"Done","data":{"requestid1":"255004","requestid2":"255005"}}

2022-11-25 09:33:20 - [TEST_STEP][PASSED] - delay(5): Delayed 5 second(s)

2022-11-25 09:33:25 - [MESSAGE][PASSED] - Delayed 5 second(s)

2022-11-25 09:33:25 - [TEST_STEP][PASSED] - scoring = sendRequest(findTestObject("EngineScore", ["response_searchME_kons":response_searchME_kons, "response_searchME_spouse":response_searchME_spouse])): Send request successfully

2022-11-25 09:33:25 - [MESSAGE][INFO] - HAR: D:\DMS\Engine Scoring\Reports\20221125_093256\Exclude KKB - DS - Married\Scoring Married - KKB\20221125_093256\requests\main\5.har

2022-11-25 09:33:25 - [MESSAGE][PASSED] - Send request successfully

2022-11-25 09:33:25 - [TEST_STEP][PASSED] - verifyResponseStatusCode(scoring, 200): Verify response status code successfully

2022-11-25 09:33:25 - [MESSAGE][PASSED] - Verify response status code successfully

2022-11-25 09:33:25 - [TEST_STEP][PASSED] - response2 = scoring.getResponseText(): null

2022-11-25 09:33:25 - [TEST_STEP][PASSED] - markPassed("result service data ke : " + no): result service data ke : 203

2022-11-25 09:33:25 - [MESSAGE][PASSED] - result service data ke : 203

2022-11-25 09:33:25 - [TEST_STEP][PASSED] - logInfo($response2): {"result_konsumen":"Reguler","result_pasangan":"Reject","Final_result":"Reject","errorMessage":"","status":"Done"}

2022-11-25 09:33:25 - [MESSAGE][INFO] - {"result_konsumen":"Reguler","result_pasangan":"Reject","Final_result":"Reject","errorMessage":"","status":"Done"}

2022-11-25 09:33:25 - [TEST_STEP][PASSED] - verifyElementPropertyValue(scoring, "Final_result", final_result): Verify element property value successfully

2022-11-25 09:33:25 - [MESSAGE][PASSED] - Verify element property value successfully]]></system-out>
         <system-err><![CDATA[]]></system-err>
      </testcase>
      <testcase name="Test Cases/Engine_Scoring/Engine Scoring" time="6.614" classname="Test Cases/Engine_Scoring/Engine Scoring" status="PASSED">
         <system-out><![CDATA[2022-11-25 09:33:25 - [TEST_CASE][PASSED] - Test Cases/Engine_Scoring/Engine Scoring: Test Cases/Engine_Scoring/Engine Scoring

2022-11-25 09:33:26 - [TEST_STEP][PASSED] - markPassed("Variasi data ke : " + no): Variasi data ke : 204

2022-11-25 09:33:26 - [MESSAGE][PASSED] - Variasi data ke : 204

2022-11-25 09:33:26 - [TEST_STEP][PASSED] - req_data = sendRequest(findTestObject("Search_ME", ["MID":MID, "source":source, "ip":ip, "userid":userid, "branch":branch, "tipekons":tipekons, "marital":marital, "penjamin":penjamin, ... ])): Send request successfully

2022-11-25 09:33:26 - [MESSAGE][INFO] - HAR: D:\DMS\Engine Scoring\Reports\20221125_093256\Exclude KKB - DS - Married\Scoring Married - KKB\20221125_093256\requests\main\6.har

2022-11-25 09:33:26 - [MESSAGE][PASSED] - Send request successfully

2022-11-25 09:33:26 - [TEST_STEP][PASSED] - slurper = new groovy.json.JsonSlurper(): null

2022-11-25 09:33:26 - [TEST_STEP][PASSED] - result = slurper.parseText(req_data.getResponseBodyContent()): null

2022-11-25 09:33:26 - [TEST_STEP][PASSED] - reqid_kons = requestid1: null

2022-11-25 09:33:26 - [TEST_STEP][PASSED] - reqid_spouse = requestid2: null

2022-11-25 09:33:26 - [TEST_STEP][PASSED] - println("requestid kons : " + reqid_kons): null

2022-11-25 09:33:26 - [TEST_STEP][PASSED] - response_searchME_kons = reqid_kons: null

2022-11-25 09:33:26 - [TEST_STEP][PASSED] - response_searchME_spouse = reqid_spouse: null

2022-11-25 09:33:26 - [TEST_STEP][PASSED] - println("kons req id is :" + response_searchME_kons): null

2022-11-25 09:33:26 - [TEST_STEP][PASSED] - println("spouse req id is : " + response_searchME_spouse): null

2022-11-25 09:33:26 - [TEST_STEP][PASSED] - verifyResponseStatusCode(req_data, 200): Verify response status code successfully

2022-11-25 09:33:26 - [MESSAGE][PASSED] - Verify response status code successfully

2022-11-25 09:33:26 - [TEST_STEP][PASSED] - response = req_data.getResponseText(): null

2022-11-25 09:33:26 - [TEST_STEP][PASSED] - logInfo($response): {"status":"Done","data":{"requestid1":"255006","requestid2":"255007"}}

2022-11-25 09:33:26 - [MESSAGE][INFO] - {"status":"Done","data":{"requestid1":"255006","requestid2":"255007"}}

2022-11-25 09:33:26 - [TEST_STEP][PASSED] - delay(5): Delayed 5 second(s)

2022-11-25 09:33:31 - [MESSAGE][PASSED] - Delayed 5 second(s)

2022-11-25 09:33:31 - [TEST_STEP][PASSED] - scoring = sendRequest(findTestObject("EngineScore", ["response_searchME_kons":response_searchME_kons, "response_searchME_spouse":response_searchME_spouse])): Send request successfully

2022-11-25 09:33:31 - [MESSAGE][INFO] - HAR: D:\DMS\Engine Scoring\Reports\20221125_093256\Exclude KKB - DS - Married\Scoring Married - KKB\20221125_093256\requests\main\7.har

2022-11-25 09:33:31 - [MESSAGE][PASSED] - Send request successfully

2022-11-25 09:33:31 - [TEST_STEP][PASSED] - verifyResponseStatusCode(scoring, 200): Verify response status code successfully

2022-11-25 09:33:31 - [MESSAGE][PASSED] - Verify response status code successfully

2022-11-25 09:33:31 - [TEST_STEP][PASSED] - response2 = scoring.getResponseText(): null

2022-11-25 09:33:31 - [TEST_STEP][PASSED] - markPassed("result service data ke : " + no): result service data ke : 204

2022-11-25 09:33:31 - [MESSAGE][PASSED] - result service data ke : 204

2022-11-25 09:33:31 - [TEST_STEP][PASSED] - logInfo($response2): {"result_konsumen":"Reguler","result_pasangan":"Reject","Final_result":"Reject","errorMessage":"","status":"Done"}

2022-11-25 09:33:31 - [MESSAGE][INFO] - {"result_konsumen":"Reguler","result_pasangan":"Reject","Final_result":"Reject","errorMessage":"","status":"Done"}

2022-11-25 09:33:31 - [TEST_STEP][PASSED] - verifyElementPropertyValue(scoring, "Final_result", final_result): Verify element property value successfully

2022-11-25 09:33:31 - [MESSAGE][PASSED] - Verify element property value successfully]]></system-out>
         <system-err><![CDATA[]]></system-err>
      </testcase>
      <testcase name="Test Cases/Engine_Scoring/Engine Scoring" time="6.598" classname="Test Cases/Engine_Scoring/Engine Scoring" status="PASSED">
         <system-out><![CDATA[2022-11-25 09:33:32 - [TEST_CASE][PASSED] - Test Cases/Engine_Scoring/Engine Scoring: Test Cases/Engine_Scoring/Engine Scoring

2022-11-25 09:33:32 - [TEST_STEP][PASSED] - markPassed("Variasi data ke : " + no): Variasi data ke : 205

2022-11-25 09:33:32 - [MESSAGE][PASSED] - Variasi data ke : 205

2022-11-25 09:33:32 - [TEST_STEP][PASSED] - req_data = sendRequest(findTestObject("Search_ME", ["MID":MID, "source":source, "ip":ip, "userid":userid, "branch":branch, "tipekons":tipekons, "marital":marital, "penjamin":penjamin, ... ])): Send request successfully

2022-11-25 09:33:33 - [MESSAGE][INFO] - HAR: D:\DMS\Engine Scoring\Reports\20221125_093256\Exclude KKB - DS - Married\Scoring Married - KKB\20221125_093256\requests\main\8.har

2022-11-25 09:33:33 - [MESSAGE][PASSED] - Send request successfully

2022-11-25 09:33:33 - [TEST_STEP][PASSED] - slurper = new groovy.json.JsonSlurper(): null

2022-11-25 09:33:33 - [TEST_STEP][PASSED] - result = slurper.parseText(req_data.getResponseBodyContent()): null

2022-11-25 09:33:33 - [TEST_STEP][PASSED] - reqid_kons = requestid1: null

2022-11-25 09:33:33 - [TEST_STEP][PASSED] - reqid_spouse = requestid2: null

2022-11-25 09:33:33 - [TEST_STEP][PASSED] - println("requestid kons : " + reqid_kons): null

2022-11-25 09:33:33 - [TEST_STEP][PASSED] - response_searchME_kons = reqid_kons: null

2022-11-25 09:33:33 - [TEST_STEP][PASSED] - response_searchME_spouse = reqid_spouse: null

2022-11-25 09:33:33 - [TEST_STEP][PASSED] - println("kons req id is :" + response_searchME_kons): null

2022-11-25 09:33:33 - [TEST_STEP][PASSED] - println("spouse req id is : " + response_searchME_spouse): null

2022-11-25 09:33:33 - [TEST_STEP][PASSED] - verifyResponseStatusCode(req_data, 200): Verify response status code successfully

2022-11-25 09:33:33 - [MESSAGE][PASSED] - Verify response status code successfully

2022-11-25 09:33:33 - [TEST_STEP][PASSED] - response = req_data.getResponseText(): null

2022-11-25 09:33:33 - [TEST_STEP][PASSED] - logInfo($response): {"status":"Done","data":{"requestid1":"255008","requestid2":"255009"}}

2022-11-25 09:33:33 - [MESSAGE][INFO] - {"status":"Done","data":{"requestid1":"255008","requestid2":"255009"}}

2022-11-25 09:33:33 - [TEST_STEP][PASSED] - delay(5): Delayed 5 second(s)

2022-11-25 09:33:38 - [MESSAGE][PASSED] - Delayed 5 second(s)

2022-11-25 09:33:38 - [TEST_STEP][PASSED] - scoring = sendRequest(findTestObject("EngineScore", ["response_searchME_kons":response_searchME_kons, "response_searchME_spouse":response_searchME_spouse])): Send request successfully

2022-11-25 09:33:38 - [MESSAGE][INFO] - HAR: D:\DMS\Engine Scoring\Reports\20221125_093256\Exclude KKB - DS - Married\Scoring Married - KKB\20221125_093256\requests\main\9.har

2022-11-25 09:33:38 - [MESSAGE][PASSED] - Send request successfully

2022-11-25 09:33:38 - [TEST_STEP][PASSED] - verifyResponseStatusCode(scoring, 200): Verify response status code successfully

2022-11-25 09:33:38 - [MESSAGE][PASSED] - Verify response status code successfully

2022-11-25 09:33:38 - [TEST_STEP][PASSED] - response2 = scoring.getResponseText(): null

2022-11-25 09:33:38 - [TEST_STEP][PASSED] - markPassed("result service data ke : " + no): result service data ke : 205

2022-11-25 09:33:38 - [MESSAGE][PASSED] - result service data ke : 205

2022-11-25 09:33:38 - [TEST_STEP][PASSED] - logInfo($response2): {"result_konsumen":"Reguler","result_pasangan":"Reguler","Final_result":"Reguler","errorMessage":"","status":"Done"}

2022-11-25 09:33:38 - [MESSAGE][INFO] - {"result_konsumen":"Reguler","result_pasangan":"Reguler","Final_result":"Reguler","errorMessage":"","status":"Done"}

2022-11-25 09:33:38 - [TEST_STEP][PASSED] - verifyElementPropertyValue(scoring, "Final_result", final_result): Verify element property value successfully

2022-11-25 09:33:38 - [MESSAGE][PASSED] - Verify element property value successfully]]></system-out>
         <system-err><![CDATA[]]></system-err>
      </testcase>
      <testcase name="Test Cases/Engine_Scoring/Engine Scoring" time="6.585" classname="Test Cases/Engine_Scoring/Engine Scoring" status="PASSED">
         <system-out><![CDATA[2022-11-25 09:33:38 - [TEST_CASE][PASSED] - Test Cases/Engine_Scoring/Engine Scoring: Test Cases/Engine_Scoring/Engine Scoring

2022-11-25 09:33:39 - [TEST_STEP][PASSED] - markPassed("Variasi data ke : " + no): Variasi data ke : 206

2022-11-25 09:33:39 - [MESSAGE][PASSED] - Variasi data ke : 206

2022-11-25 09:33:39 - [TEST_STEP][PASSED] - req_data = sendRequest(findTestObject("Search_ME", ["MID":MID, "source":source, "ip":ip, "userid":userid, "branch":branch, "tipekons":tipekons, "marital":marital, "penjamin":penjamin, ... ])): Send request successfully

2022-11-25 09:33:40 - [MESSAGE][INFO] - HAR: D:\DMS\Engine Scoring\Reports\20221125_093256\Exclude KKB - DS - Married\Scoring Married - KKB\20221125_093256\requests\main\10.har

2022-11-25 09:33:40 - [MESSAGE][PASSED] - Send request successfully

2022-11-25 09:33:40 - [TEST_STEP][PASSED] - slurper = new groovy.json.JsonSlurper(): null

2022-11-25 09:33:40 - [TEST_STEP][PASSED] - result = slurper.parseText(req_data.getResponseBodyContent()): null

2022-11-25 09:33:40 - [TEST_STEP][PASSED] - reqid_kons = requestid1: null

2022-11-25 09:33:40 - [TEST_STEP][PASSED] - reqid_spouse = requestid2: null

2022-11-25 09:33:40 - [TEST_STEP][PASSED] - println("requestid kons : " + reqid_kons): null

2022-11-25 09:33:40 - [TEST_STEP][PASSED] - response_searchME_kons = reqid_kons: null

2022-11-25 09:33:40 - [TEST_STEP][PASSED] - response_searchME_spouse = reqid_spouse: null

2022-11-25 09:33:40 - [TEST_STEP][PASSED] - println("kons req id is :" + response_searchME_kons): null

2022-11-25 09:33:40 - [TEST_STEP][PASSED] - println("spouse req id is : " + response_searchME_spouse): null

2022-11-25 09:33:40 - [TEST_STEP][PASSED] - verifyResponseStatusCode(req_data, 200): Verify response status code successfully

2022-11-25 09:33:40 - [MESSAGE][PASSED] - Verify response status code successfully

2022-11-25 09:33:40 - [TEST_STEP][PASSED] - response = req_data.getResponseText(): null

2022-11-25 09:33:40 - [TEST_STEP][PASSED] - logInfo($response): {"status":"Done","data":{"requestid1":"255010","requestid2":"255011"}}

2022-11-25 09:33:40 - [MESSAGE][INFO] - {"status":"Done","data":{"requestid1":"255010","requestid2":"255011"}}

2022-11-25 09:33:40 - [TEST_STEP][PASSED] - delay(5): Delayed 5 second(s)

2022-11-25 09:33:45 - [MESSAGE][PASSED] - Delayed 5 second(s)

2022-11-25 09:33:45 - [TEST_STEP][PASSED] - scoring = sendRequest(findTestObject("EngineScore", ["response_searchME_kons":response_searchME_kons, "response_searchME_spouse":response_searchME_spouse])): Send request successfully

2022-11-25 09:33:45 - [MESSAGE][INFO] - HAR: D:\DMS\Engine Scoring\Reports\20221125_093256\Exclude KKB - DS - Married\Scoring Married - KKB\20221125_093256\requests\main\11.har

2022-11-25 09:33:45 - [MESSAGE][PASSED] - Send request successfully

2022-11-25 09:33:45 - [TEST_STEP][PASSED] - verifyResponseStatusCode(scoring, 200): Verify response status code successfully

2022-11-25 09:33:45 - [MESSAGE][PASSED] - Verify response status code successfully

2022-11-25 09:33:45 - [TEST_STEP][PASSED] - response2 = scoring.getResponseText(): null

2022-11-25 09:33:45 - [TEST_STEP][PASSED] - markPassed("result service data ke : " + no): result service data ke : 206

2022-11-25 09:33:45 - [MESSAGE][PASSED] - result service data ke : 206

2022-11-25 09:33:45 - [TEST_STEP][PASSED] - logInfo($response2): {"result_konsumen":"Reguler","result_pasangan":"Reguler","Final_result":"Reguler","errorMessage":"","status":"Done"}

2022-11-25 09:33:45 - [MESSAGE][INFO] - {"result_konsumen":"Reguler","result_pasangan":"Reguler","Final_result":"Reguler","errorMessage":"","status":"Done"}

2022-11-25 09:33:45 - [TEST_STEP][PASSED] - verifyElementPropertyValue(scoring, "Final_result", final_result): Verify element property value successfully

2022-11-25 09:33:45 - [MESSAGE][PASSED] - Verify element property value successfully]]></system-out>
         <system-err><![CDATA[]]></system-err>
      </testcase>
      <testcase name="Test Cases/Engine_Scoring/Engine Scoring" time="6.536" classname="Test Cases/Engine_Scoring/Engine Scoring" status="PASSED">
         <system-out><![CDATA[2022-11-25 09:33:45 - [TEST_CASE][PASSED] - Test Cases/Engine_Scoring/Engine Scoring: Test Cases/Engine_Scoring/Engine Scoring

2022-11-25 09:33:45 - [TEST_STEP][PASSED] - markPassed("Variasi data ke : " + no): Variasi data ke : 207

2022-11-25 09:33:45 - [MESSAGE][PASSED] - Variasi data ke : 207

2022-11-25 09:33:45 - [TEST_STEP][PASSED] - req_data = sendRequest(findTestObject("Search_ME", ["MID":MID, "source":source, "ip":ip, "userid":userid, "branch":branch, "tipekons":tipekons, "marital":marital, "penjamin":penjamin, ... ])): Send request successfully

2022-11-25 09:33:46 - [MESSAGE][INFO] - HAR: D:\DMS\Engine Scoring\Reports\20221125_093256\Exclude KKB - DS - Married\Scoring Married - KKB\20221125_093256\requests\main\12.har

2022-11-25 09:33:46 - [MESSAGE][PASSED] - Send request successfully

2022-11-25 09:33:46 - [TEST_STEP][PASSED] - slurper = new groovy.json.JsonSlurper(): null

2022-11-25 09:33:46 - [TEST_STEP][PASSED] - result = slurper.parseText(req_data.getResponseBodyContent()): null

2022-11-25 09:33:46 - [TEST_STEP][PASSED] - reqid_kons = requestid1: null

2022-11-25 09:33:46 - [TEST_STEP][PASSED] - reqid_spouse = requestid2: null

2022-11-25 09:33:46 - [TEST_STEP][PASSED] - println("requestid kons : " + reqid_kons): null

2022-11-25 09:33:46 - [TEST_STEP][PASSED] - response_searchME_kons = reqid_kons: null

2022-11-25 09:33:46 - [TEST_STEP][PASSED] - response_searchME_spouse = reqid_spouse: null

2022-11-25 09:33:46 - [TEST_STEP][PASSED] - println("kons req id is :" + response_searchME_kons): null

2022-11-25 09:33:46 - [TEST_STEP][PASSED] - println("spouse req id is : " + response_searchME_spouse): null

2022-11-25 09:33:46 - [TEST_STEP][PASSED] - verifyResponseStatusCode(req_data, 200): Verify response status code successfully

2022-11-25 09:33:46 - [MESSAGE][PASSED] - Verify response status code successfully

2022-11-25 09:33:46 - [TEST_STEP][PASSED] - response = req_data.getResponseText(): null

2022-11-25 09:33:46 - [TEST_STEP][PASSED] - logInfo($response): {"status":"Done","data":{"requestid1":"255012","requestid2":"255013"}}

2022-11-25 09:33:46 - [MESSAGE][INFO] - {"status":"Done","data":{"requestid1":"255012","requestid2":"255013"}}

2022-11-25 09:33:46 - [TEST_STEP][PASSED] - delay(5): Delayed 5 second(s)

2022-11-25 09:33:51 - [MESSAGE][PASSED] - Delayed 5 second(s)

2022-11-25 09:33:51 - [TEST_STEP][PASSED] - scoring = sendRequest(findTestObject("EngineScore", ["response_searchME_kons":response_searchME_kons, "response_searchME_spouse":response_searchME_spouse])): Send request successfully

2022-11-25 09:33:51 - [MESSAGE][INFO] - HAR: D:\DMS\Engine Scoring\Reports\20221125_093256\Exclude KKB - DS - Married\Scoring Married - KKB\20221125_093256\requests\main\13.har

2022-11-25 09:33:51 - [MESSAGE][PASSED] - Send request successfully

2022-11-25 09:33:51 - [TEST_STEP][PASSED] - verifyResponseStatusCode(scoring, 200): Verify response status code successfully

2022-11-25 09:33:51 - [MESSAGE][PASSED] - Verify response status code successfully

2022-11-25 09:33:51 - [TEST_STEP][PASSED] - response2 = scoring.getResponseText(): null

2022-11-25 09:33:51 - [TEST_STEP][PASSED] - markPassed("result service data ke : " + no): result service data ke : 207

2022-11-25 09:33:51 - [MESSAGE][PASSED] - result service data ke : 207

2022-11-25 09:33:51 - [TEST_STEP][PASSED] - logInfo($response2): {"result_konsumen":"Reguler","result_pasangan":"Reguler","Final_result":"Reguler","errorMessage":"","status":"Done"}

2022-11-25 09:33:51 - [MESSAGE][INFO] - {"result_konsumen":"Reguler","result_pasangan":"Reguler","Final_result":"Reguler","errorMessage":"","status":"Done"}

2022-11-25 09:33:51 - [TEST_STEP][PASSED] - verifyElementPropertyValue(scoring, "Final_result", final_result): Verify element property value successfully

2022-11-25 09:33:51 - [MESSAGE][PASSED] - Verify element property value successfully]]></system-out>
         <system-err><![CDATA[]]></system-err>
      </testcase>
      <testcase name="Test Cases/Engine_Scoring/Engine Scoring" time="6.555" classname="Test Cases/Engine_Scoring/Engine Scoring" status="PASSED">
         <system-out><![CDATA[2022-11-25 09:33:51 - [TEST_CASE][PASSED] - Test Cases/Engine_Scoring/Engine Scoring: Test Cases/Engine_Scoring/Engine Scoring

2022-11-25 09:33:52 - [TEST_STEP][PASSED] - markPassed("Variasi data ke : " + no): Variasi data ke : 208

2022-11-25 09:33:52 - [MESSAGE][PASSED] - Variasi data ke : 208

2022-11-25 09:33:52 - [TEST_STEP][PASSED] - req_data = sendRequest(findTestObject("Search_ME", ["MID":MID, "source":source, "ip":ip, "userid":userid, "branch":branch, "tipekons":tipekons, "marital":marital, "penjamin":penjamin, ... ])): Send request successfully

2022-11-25 09:33:53 - [MESSAGE][INFO] - HAR: D:\DMS\Engine Scoring\Reports\20221125_093256\Exclude KKB - DS - Married\Scoring Married - KKB\20221125_093256\requests\main\14.har

2022-11-25 09:33:53 - [MESSAGE][PASSED] - Send request successfully

2022-11-25 09:33:53 - [TEST_STEP][PASSED] - slurper = new groovy.json.JsonSlurper(): null

2022-11-25 09:33:53 - [TEST_STEP][PASSED] - result = slurper.parseText(req_data.getResponseBodyContent()): null

2022-11-25 09:33:53 - [TEST_STEP][PASSED] - reqid_kons = requestid1: null

2022-11-25 09:33:53 - [TEST_STEP][PASSED] - reqid_spouse = requestid2: null

2022-11-25 09:33:53 - [TEST_STEP][PASSED] - println("requestid kons : " + reqid_kons): null

2022-11-25 09:33:53 - [TEST_STEP][PASSED] - response_searchME_kons = reqid_kons: null

2022-11-25 09:33:53 - [TEST_STEP][PASSED] - response_searchME_spouse = reqid_spouse: null

2022-11-25 09:33:53 - [TEST_STEP][PASSED] - println("kons req id is :" + response_searchME_kons): null

2022-11-25 09:33:53 - [TEST_STEP][PASSED] - println("spouse req id is : " + response_searchME_spouse): null

2022-11-25 09:33:53 - [TEST_STEP][PASSED] - verifyResponseStatusCode(req_data, 200): Verify response status code successfully

2022-11-25 09:33:53 - [MESSAGE][PASSED] - Verify response status code successfully

2022-11-25 09:33:53 - [TEST_STEP][PASSED] - response = req_data.getResponseText(): null

2022-11-25 09:33:53 - [TEST_STEP][PASSED] - logInfo($response): {"status":"Done","data":{"requestid1":"255014","requestid2":"255015"}}

2022-11-25 09:33:53 - [MESSAGE][INFO] - {"status":"Done","data":{"requestid1":"255014","requestid2":"255015"}}

2022-11-25 09:33:53 - [TEST_STEP][PASSED] - delay(5): Delayed 5 second(s)

2022-11-25 09:33:58 - [MESSAGE][PASSED] - Delayed 5 second(s)

2022-11-25 09:33:58 - [TEST_STEP][PASSED] - scoring = sendRequest(findTestObject("EngineScore", ["response_searchME_kons":response_searchME_kons, "response_searchME_spouse":response_searchME_spouse])): Send request successfully

2022-11-25 09:33:58 - [MESSAGE][INFO] - HAR: D:\DMS\Engine Scoring\Reports\20221125_093256\Exclude KKB - DS - Married\Scoring Married - KKB\20221125_093256\requests\main\15.har

2022-11-25 09:33:58 - [MESSAGE][PASSED] - Send request successfully

2022-11-25 09:33:58 - [TEST_STEP][PASSED] - verifyResponseStatusCode(scoring, 200): Verify response status code successfully

2022-11-25 09:33:58 - [MESSAGE][PASSED] - Verify response status code successfully

2022-11-25 09:33:58 - [TEST_STEP][PASSED] - response2 = scoring.getResponseText(): null

2022-11-25 09:33:58 - [TEST_STEP][PASSED] - markPassed("result service data ke : " + no): result service data ke : 208

2022-11-25 09:33:58 - [MESSAGE][PASSED] - result service data ke : 208

2022-11-25 09:33:58 - [TEST_STEP][PASSED] - logInfo($response2): {"result_konsumen":"Reguler","result_pasangan":"Reject","Final_result":"Reject","errorMessage":"","status":"Done"}

2022-11-25 09:33:58 - [MESSAGE][INFO] - {"result_konsumen":"Reguler","result_pasangan":"Reject","Final_result":"Reject","errorMessage":"","status":"Done"}

2022-11-25 09:33:58 - [TEST_STEP][PASSED] - verifyElementPropertyValue(scoring, "Final_result", final_result): Verify element property value successfully

2022-11-25 09:33:58 - [MESSAGE][PASSED] - Verify element property value successfully]]></system-out>
         <system-err><![CDATA[]]></system-err>
      </testcase>
      <testcase name="Test Cases/Engine_Scoring/Engine Scoring" time="6.611" classname="Test Cases/Engine_Scoring/Engine Scoring" status="PASSED">
         <system-out><![CDATA[2022-11-25 09:33:58 - [TEST_CASE][PASSED] - Test Cases/Engine_Scoring/Engine Scoring: Test Cases/Engine_Scoring/Engine Scoring

2022-11-25 09:33:59 - [TEST_STEP][PASSED] - markPassed("Variasi data ke : " + no): Variasi data ke : 209

2022-11-25 09:33:59 - [MESSAGE][PASSED] - Variasi data ke : 209

2022-11-25 09:33:59 - [TEST_STEP][PASSED] - req_data = sendRequest(findTestObject("Search_ME", ["MID":MID, "source":source, "ip":ip, "userid":userid, "branch":branch, "tipekons":tipekons, "marital":marital, "penjamin":penjamin, ... ])): Send request successfully

2022-11-25 09:34:00 - [MESSAGE][INFO] - HAR: D:\DMS\Engine Scoring\Reports\20221125_093256\Exclude KKB - DS - Married\Scoring Married - KKB\20221125_093256\requests\main\16.har

2022-11-25 09:34:00 - [MESSAGE][PASSED] - Send request successfully

2022-11-25 09:34:00 - [TEST_STEP][PASSED] - slurper = new groovy.json.JsonSlurper(): null

2022-11-25 09:34:00 - [TEST_STEP][PASSED] - result = slurper.parseText(req_data.getResponseBodyContent()): null

2022-11-25 09:34:00 - [TEST_STEP][PASSED] - reqid_kons = requestid1: null

2022-11-25 09:34:00 - [TEST_STEP][PASSED] - reqid_spouse = requestid2: null

2022-11-25 09:34:00 - [TEST_STEP][PASSED] - println("requestid kons : " + reqid_kons): null

2022-11-25 09:34:00 - [TEST_STEP][PASSED] - response_searchME_kons = reqid_kons: null

2022-11-25 09:34:00 - [TEST_STEP][PASSED] - response_searchME_spouse = reqid_spouse: null

2022-11-25 09:34:00 - [TEST_STEP][PASSED] - println("kons req id is :" + response_searchME_kons): null

2022-11-25 09:34:00 - [TEST_STEP][PASSED] - println("spouse req id is : " + response_searchME_spouse): null

2022-11-25 09:34:00 - [TEST_STEP][PASSED] - verifyResponseStatusCode(req_data, 200): Verify response status code successfully

2022-11-25 09:34:00 - [MESSAGE][PASSED] - Verify response status code successfully

2022-11-25 09:34:00 - [TEST_STEP][PASSED] - response = req_data.getResponseText(): null

2022-11-25 09:34:00 - [TEST_STEP][PASSED] - logInfo($response): {"status":"Done","data":{"requestid1":"255016","requestid2":"255017"}}

2022-11-25 09:34:00 - [MESSAGE][INFO] - {"status":"Done","data":{"requestid1":"255016","requestid2":"255017"}}

2022-11-25 09:34:00 - [TEST_STEP][PASSED] - delay(5): Delayed 5 second(s)

2022-11-25 09:34:05 - [MESSAGE][PASSED] - Delayed 5 second(s)

2022-11-25 09:34:05 - [TEST_STEP][PASSED] - scoring = sendRequest(findTestObject("EngineScore", ["response_searchME_kons":response_searchME_kons, "response_searchME_spouse":response_searchME_spouse])): Send request successfully

2022-11-25 09:34:05 - [MESSAGE][INFO] - HAR: D:\DMS\Engine Scoring\Reports\20221125_093256\Exclude KKB - DS - Married\Scoring Married - KKB\20221125_093256\requests\main\17.har

2022-11-25 09:34:05 - [MESSAGE][PASSED] - Send request successfully

2022-11-25 09:34:05 - [TEST_STEP][PASSED] - verifyResponseStatusCode(scoring, 200): Verify response status code successfully

2022-11-25 09:34:05 - [MESSAGE][PASSED] - Verify response status code successfully

2022-11-25 09:34:05 - [TEST_STEP][PASSED] - response2 = scoring.getResponseText(): null

2022-11-25 09:34:05 - [TEST_STEP][PASSED] - markPassed("result service data ke : " + no): result service data ke : 209

2022-11-25 09:34:05 - [MESSAGE][PASSED] - result service data ke : 209

2022-11-25 09:34:05 - [TEST_STEP][PASSED] - logInfo($response2): {"result_konsumen":"Reguler","result_pasangan":"Reject","Final_result":"Reject","errorMessage":"","status":"Done"}

2022-11-25 09:34:05 - [MESSAGE][INFO] - {"result_konsumen":"Reguler","result_pasangan":"Reject","Final_result":"Reject","errorMessage":"","status":"Done"}

2022-11-25 09:34:05 - [TEST_STEP][PASSED] - verifyElementPropertyValue(scoring, "Final_result", final_result): Verify element property value successfully

2022-11-25 09:34:05 - [MESSAGE][PASSED] - Verify element property value successfully]]></system-out>
         <system-err><![CDATA[]]></system-err>
      </testcase>
      <testcase name="Test Cases/Engine_Scoring/Engine Scoring" time="6.481" classname="Test Cases/Engine_Scoring/Engine Scoring" status="PASSED">
         <system-out><![CDATA[2022-11-25 09:34:05 - [TEST_CASE][PASSED] - Test Cases/Engine_Scoring/Engine Scoring: Test Cases/Engine_Scoring/Engine Scoring

2022-11-25 09:34:05 - [TEST_STEP][PASSED] - markPassed("Variasi data ke : " + no): Variasi data ke : 210

2022-11-25 09:34:05 - [MESSAGE][PASSED] - Variasi data ke : 210

2022-11-25 09:34:05 - [TEST_STEP][PASSED] - req_data = sendRequest(findTestObject("Search_ME", ["MID":MID, "source":source, "ip":ip, "userid":userid, "branch":branch, "tipekons":tipekons, "marital":marital, "penjamin":penjamin, ... ])): Send request successfully

2022-11-25 09:34:06 - [MESSAGE][INFO] - HAR: D:\DMS\Engine Scoring\Reports\20221125_093256\Exclude KKB - DS - Married\Scoring Married - KKB\20221125_093256\requests\main\18.har

2022-11-25 09:34:06 - [MESSAGE][PASSED] - Send request successfully

2022-11-25 09:34:06 - [TEST_STEP][PASSED] - slurper = new groovy.json.JsonSlurper(): null

2022-11-25 09:34:06 - [TEST_STEP][PASSED] - result = slurper.parseText(req_data.getResponseBodyContent()): null

2022-11-25 09:34:06 - [TEST_STEP][PASSED] - reqid_kons = requestid1: null

2022-11-25 09:34:06 - [TEST_STEP][PASSED] - reqid_spouse = requestid2: null

2022-11-25 09:34:06 - [TEST_STEP][PASSED] - println("requestid kons : " + reqid_kons): null

2022-11-25 09:34:06 - [TEST_STEP][PASSED] - response_searchME_kons = reqid_kons: null

2022-11-25 09:34:06 - [TEST_STEP][PASSED] - response_searchME_spouse = reqid_spouse: null

2022-11-25 09:34:06 - [TEST_STEP][PASSED] - println("kons req id is :" + response_searchME_kons): null

2022-11-25 09:34:06 - [TEST_STEP][PASSED] - println("spouse req id is : " + response_searchME_spouse): null

2022-11-25 09:34:06 - [TEST_STEP][PASSED] - verifyResponseStatusCode(req_data, 200): Verify response status code successfully

2022-11-25 09:34:06 - [MESSAGE][PASSED] - Verify response status code successfully

2022-11-25 09:34:06 - [TEST_STEP][PASSED] - response = req_data.getResponseText(): null

2022-11-25 09:34:06 - [TEST_STEP][PASSED] - logInfo($response): {"status":"Done","data":{"requestid1":"255018","requestid2":"255019"}}

2022-11-25 09:34:06 - [MESSAGE][INFO] - {"status":"Done","data":{"requestid1":"255018","requestid2":"255019"}}

2022-11-25 09:34:06 - [TEST_STEP][PASSED] - delay(5): Delayed 5 second(s)

2022-11-25 09:34:11 - [MESSAGE][PASSED] - Delayed 5 second(s)

2022-11-25 09:34:11 - [TEST_STEP][PASSED] - scoring = sendRequest(findTestObject("EngineScore", ["response_searchME_kons":response_searchME_kons, "response_searchME_spouse":response_searchME_spouse])): Send request successfully

2022-11-25 09:34:11 - [MESSAGE][INFO] - HAR: D:\DMS\Engine Scoring\Reports\20221125_093256\Exclude KKB - DS - Married\Scoring Married - KKB\20221125_093256\requests\main\19.har

2022-11-25 09:34:11 - [MESSAGE][PASSED] - Send request successfully

2022-11-25 09:34:11 - [TEST_STEP][PASSED] - verifyResponseStatusCode(scoring, 200): Verify response status code successfully

2022-11-25 09:34:11 - [MESSAGE][PASSED] - Verify response status code successfully

2022-11-25 09:34:11 - [TEST_STEP][PASSED] - response2 = scoring.getResponseText(): null

2022-11-25 09:34:11 - [TEST_STEP][PASSED] - markPassed("result service data ke : " + no): result service data ke : 210

2022-11-25 09:34:11 - [MESSAGE][PASSED] - result service data ke : 210

2022-11-25 09:34:11 - [TEST_STEP][PASSED] - logInfo($response2): {"result_konsumen":"Reguler","result_pasangan":"Reject","Final_result":"Reject","errorMessage":"","status":"Done"}

2022-11-25 09:34:11 - [MESSAGE][INFO] - {"result_konsumen":"Reguler","result_pasangan":"Reject","Final_result":"Reject","errorMessage":"","status":"Done"}

2022-11-25 09:34:11 - [TEST_STEP][PASSED] - verifyElementPropertyValue(scoring, "Final_result", final_result): Verify element property value successfully

2022-11-25 09:34:11 - [MESSAGE][PASSED] - Verify element property value successfully]]></system-out>
         <system-err><![CDATA[]]></system-err>
      </testcase>
      <testcase name="Test Cases/Engine_Scoring/Engine Scoring" time="7.253" classname="Test Cases/Engine_Scoring/Engine Scoring" status="PASSED">
         <system-out><![CDATA[2022-11-25 09:34:11 - [TEST_CASE][PASSED] - Test Cases/Engine_Scoring/Engine Scoring: Test Cases/Engine_Scoring/Engine Scoring

2022-11-25 09:34:12 - [TEST_STEP][PASSED] - markPassed("Variasi data ke : " + no): Variasi data ke : 211

2022-11-25 09:34:12 - [MESSAGE][PASSED] - Variasi data ke : 211

2022-11-25 09:34:12 - [TEST_STEP][PASSED] - req_data = sendRequest(findTestObject("Search_ME", ["MID":MID, "source":source, "ip":ip, "userid":userid, "branch":branch, "tipekons":tipekons, "marital":marital, "penjamin":penjamin, ... ])): Send request successfully

2022-11-25 09:34:13 - [MESSAGE][INFO] - HAR: D:\DMS\Engine Scoring\Reports\20221125_093256\Exclude KKB - DS - Married\Scoring Married - KKB\20221125_093256\requests\main\20.har

2022-11-25 09:34:13 - [MESSAGE][PASSED] - Send request successfully

2022-11-25 09:34:13 - [TEST_STEP][PASSED] - slurper = new groovy.json.JsonSlurper(): null

2022-11-25 09:34:13 - [TEST_STEP][PASSED] - result = slurper.parseText(req_data.getResponseBodyContent()): null

2022-11-25 09:34:13 - [TEST_STEP][PASSED] - reqid_kons = requestid1: null

2022-11-25 09:34:13 - [TEST_STEP][PASSED] - reqid_spouse = requestid2: null

2022-11-25 09:34:13 - [TEST_STEP][PASSED] - println("requestid kons : " + reqid_kons): null

2022-11-25 09:34:13 - [TEST_STEP][PASSED] - response_searchME_kons = reqid_kons: null

2022-11-25 09:34:13 - [TEST_STEP][PASSED] - response_searchME_spouse = reqid_spouse: null

2022-11-25 09:34:13 - [TEST_STEP][PASSED] - println("kons req id is :" + response_searchME_kons): null

2022-11-25 09:34:13 - [TEST_STEP][PASSED] - println("spouse req id is : " + response_searchME_spouse): null

2022-11-25 09:34:13 - [TEST_STEP][PASSED] - verifyResponseStatusCode(req_data, 200): Verify response status code successfully

2022-11-25 09:34:13 - [MESSAGE][PASSED] - Verify response status code successfully

2022-11-25 09:34:13 - [TEST_STEP][PASSED] - response = req_data.getResponseText(): null

2022-11-25 09:34:13 - [TEST_STEP][PASSED] - logInfo($response): {"status":"Done","data":{"requestid1":"255020","requestid2":"255021"}}

2022-11-25 09:34:13 - [MESSAGE][INFO] - {"status":"Done","data":{"requestid1":"255020","requestid2":"255021"}}

2022-11-25 09:34:13 - [TEST_STEP][PASSED] - delay(5): Delayed 5 second(s)

2022-11-25 09:34:18 - [MESSAGE][PASSED] - Delayed 5 second(s)

2022-11-25 09:34:18 - [TEST_STEP][PASSED] - scoring = sendRequest(findTestObject("EngineScore", ["response_searchME_kons":response_searchME_kons, "response_searchME_spouse":response_searchME_spouse])): Send request successfully

2022-11-25 09:34:18 - [MESSAGE][INFO] - HAR: D:\DMS\Engine Scoring\Reports\20221125_093256\Exclude KKB - DS - Married\Scoring Married - KKB\20221125_093256\requests\main\21.har

2022-11-25 09:34:18 - [MESSAGE][PASSED] - Send request successfully

2022-11-25 09:34:18 - [TEST_STEP][PASSED] - verifyResponseStatusCode(scoring, 200): Verify response status code successfully

2022-11-25 09:34:18 - [MESSAGE][PASSED] - Verify response status code successfully

2022-11-25 09:34:18 - [TEST_STEP][PASSED] - response2 = scoring.getResponseText(): null

2022-11-25 09:34:18 - [TEST_STEP][PASSED] - markPassed("result service data ke : " + no): result service data ke : 211

2022-11-25 09:34:18 - [MESSAGE][PASSED] - result service data ke : 211

2022-11-25 09:34:18 - [TEST_STEP][PASSED] - logInfo($response2): {"result_konsumen":"Reguler","result_pasangan":"Reject","Final_result":"Reject","errorMessage":"","status":"Done"}

2022-11-25 09:34:18 - [MESSAGE][INFO] - {"result_konsumen":"Reguler","result_pasangan":"Reject","Final_result":"Reject","errorMessage":"","status":"Done"}

2022-11-25 09:34:18 - [TEST_STEP][PASSED] - verifyElementPropertyValue(scoring, "Final_result", final_result): Verify element property value successfully

2022-11-25 09:34:18 - [MESSAGE][PASSED] - Verify element property value successfully]]></system-out>
         <system-err><![CDATA[]]></system-err>
      </testcase>
      <testcase name="Test Cases/Engine_Scoring/Engine Scoring" time="6.478" classname="Test Cases/Engine_Scoring/Engine Scoring" status="PASSED">
         <system-out><![CDATA[2022-11-25 09:34:19 - [TEST_CASE][PASSED] - Test Cases/Engine_Scoring/Engine Scoring: Test Cases/Engine_Scoring/Engine Scoring

2022-11-25 09:34:19 - [TEST_STEP][PASSED] - markPassed("Variasi data ke : " + no): Variasi data ke : 212

2022-11-25 09:34:19 - [MESSAGE][PASSED] - Variasi data ke : 212

2022-11-25 09:34:19 - [TEST_STEP][PASSED] - req_data = sendRequest(findTestObject("Search_ME", ["MID":MID, "source":source, "ip":ip, "userid":userid, "branch":branch, "tipekons":tipekons, "marital":marital, "penjamin":penjamin, ... ])): Send request successfully

2022-11-25 09:34:20 - [MESSAGE][INFO] - HAR: D:\DMS\Engine Scoring\Reports\20221125_093256\Exclude KKB - DS - Married\Scoring Married - KKB\20221125_093256\requests\main\22.har

2022-11-25 09:34:20 - [MESSAGE][PASSED] - Send request successfully

2022-11-25 09:34:20 - [TEST_STEP][PASSED] - slurper = new groovy.json.JsonSlurper(): null

2022-11-25 09:34:20 - [TEST_STEP][PASSED] - result = slurper.parseText(req_data.getResponseBodyContent()): null

2022-11-25 09:34:20 - [TEST_STEP][PASSED] - reqid_kons = requestid1: null

2022-11-25 09:34:20 - [TEST_STEP][PASSED] - reqid_spouse = requestid2: null

2022-11-25 09:34:20 - [TEST_STEP][PASSED] - println("requestid kons : " + reqid_kons): null

2022-11-25 09:34:20 - [TEST_STEP][PASSED] - response_searchME_kons = reqid_kons: null

2022-11-25 09:34:20 - [TEST_STEP][PASSED] - response_searchME_spouse = reqid_spouse: null

2022-11-25 09:34:20 - [TEST_STEP][PASSED] - println("kons req id is :" + response_searchME_kons): null

2022-11-25 09:34:20 - [TEST_STEP][PASSED] - println("spouse req id is : " + response_searchME_spouse): null

2022-11-25 09:34:20 - [TEST_STEP][PASSED] - verifyResponseStatusCode(req_data, 200): Verify response status code successfully

2022-11-25 09:34:20 - [MESSAGE][PASSED] - Verify response status code successfully

2022-11-25 09:34:20 - [TEST_STEP][PASSED] - response = req_data.getResponseText(): null

2022-11-25 09:34:20 - [TEST_STEP][PASSED] - logInfo($response): {"status":"Done","data":{"requestid1":"255022","requestid2":"255023"}}

2022-11-25 09:34:20 - [MESSAGE][INFO] - {"status":"Done","data":{"requestid1":"255022","requestid2":"255023"}}

2022-11-25 09:34:20 - [TEST_STEP][PASSED] - delay(5): Delayed 5 second(s)

2022-11-25 09:34:25 - [MESSAGE][PASSED] - Delayed 5 second(s)

2022-11-25 09:34:25 - [TEST_STEP][PASSED] - scoring = sendRequest(findTestObject("EngineScore", ["response_searchME_kons":response_searchME_kons, "response_searchME_spouse":response_searchME_spouse])): Send request successfully

2022-11-25 09:34:25 - [MESSAGE][INFO] - HAR: D:\DMS\Engine Scoring\Reports\20221125_093256\Exclude KKB - DS - Married\Scoring Married - KKB\20221125_093256\requests\main\23.har

2022-11-25 09:34:25 - [MESSAGE][PASSED] - Send request successfully

2022-11-25 09:34:25 - [TEST_STEP][PASSED] - verifyResponseStatusCode(scoring, 200): Verify response status code successfully

2022-11-25 09:34:25 - [MESSAGE][PASSED] - Verify response status code successfully

2022-11-25 09:34:25 - [TEST_STEP][PASSED] - response2 = scoring.getResponseText(): null

2022-11-25 09:34:25 - [TEST_STEP][PASSED] - markPassed("result service data ke : " + no): result service data ke : 212

2022-11-25 09:34:25 - [MESSAGE][PASSED] - result service data ke : 212

2022-11-25 09:34:25 - [TEST_STEP][PASSED] - logInfo($response2): {"result_konsumen":"Reguler","result_pasangan":"Reject","Final_result":"Reject","errorMessage":"","status":"Done"}

2022-11-25 09:34:25 - [MESSAGE][INFO] - {"result_konsumen":"Reguler","result_pasangan":"Reject","Final_result":"Reject","errorMessage":"","status":"Done"}

2022-11-25 09:34:25 - [TEST_STEP][PASSED] - verifyElementPropertyValue(scoring, "Final_result", final_result): Verify element property value successfully

2022-11-25 09:34:25 - [MESSAGE][PASSED] - Verify element property value successfully]]></system-out>
         <system-err><![CDATA[]]></system-err>
      </testcase>
      <testcase name="Test Cases/Engine_Scoring/Engine Scoring" time="6.614" classname="Test Cases/Engine_Scoring/Engine Scoring" status="PASSED">
         <system-out><![CDATA[2022-11-25 09:34:25 - [TEST_CASE][PASSED] - Test Cases/Engine_Scoring/Engine Scoring: Test Cases/Engine_Scoring/Engine Scoring

2022-11-25 09:34:26 - [TEST_STEP][PASSED] - markPassed("Variasi data ke : " + no): Variasi data ke : 213

2022-11-25 09:34:26 - [MESSAGE][PASSED] - Variasi data ke : 213

2022-11-25 09:34:26 - [TEST_STEP][PASSED] - req_data = sendRequest(findTestObject("Search_ME", ["MID":MID, "source":source, "ip":ip, "userid":userid, "branch":branch, "tipekons":tipekons, "marital":marital, "penjamin":penjamin, ... ])): Send request successfully

2022-11-25 09:34:27 - [MESSAGE][INFO] - HAR: D:\DMS\Engine Scoring\Reports\20221125_093256\Exclude KKB - DS - Married\Scoring Married - KKB\20221125_093256\requests\main\24.har

2022-11-25 09:34:27 - [MESSAGE][PASSED] - Send request successfully

2022-11-25 09:34:27 - [TEST_STEP][PASSED] - slurper = new groovy.json.JsonSlurper(): null

2022-11-25 09:34:27 - [TEST_STEP][PASSED] - result = slurper.parseText(req_data.getResponseBodyContent()): null

2022-11-25 09:34:27 - [TEST_STEP][PASSED] - reqid_kons = requestid1: null

2022-11-25 09:34:27 - [TEST_STEP][PASSED] - reqid_spouse = requestid2: null

2022-11-25 09:34:27 - [TEST_STEP][PASSED] - println("requestid kons : " + reqid_kons): null

2022-11-25 09:34:27 - [TEST_STEP][PASSED] - response_searchME_kons = reqid_kons: null

2022-11-25 09:34:27 - [TEST_STEP][PASSED] - response_searchME_spouse = reqid_spouse: null

2022-11-25 09:34:27 - [TEST_STEP][PASSED] - println("kons req id is :" + response_searchME_kons): null

2022-11-25 09:34:27 - [TEST_STEP][PASSED] - println("spouse req id is : " + response_searchME_spouse): null

2022-11-25 09:34:27 - [TEST_STEP][PASSED] - verifyResponseStatusCode(req_data, 200): Verify response status code successfully

2022-11-25 09:34:27 - [MESSAGE][PASSED] - Verify response status code successfully

2022-11-25 09:34:27 - [TEST_STEP][PASSED] - response = req_data.getResponseText(): null

2022-11-25 09:34:27 - [TEST_STEP][PASSED] - logInfo($response): {"status":"Done","data":{"requestid1":"255024","requestid2":"255025"}}

2022-11-25 09:34:27 - [MESSAGE][INFO] - {"status":"Done","data":{"requestid1":"255024","requestid2":"255025"}}

2022-11-25 09:34:27 - [TEST_STEP][PASSED] - delay(5): Delayed 5 second(s)

2022-11-25 09:34:32 - [MESSAGE][PASSED] - Delayed 5 second(s)

2022-11-25 09:34:32 - [TEST_STEP][PASSED] - scoring = sendRequest(findTestObject("EngineScore", ["response_searchME_kons":response_searchME_kons, "response_searchME_spouse":response_searchME_spouse])): Send request successfully

2022-11-25 09:34:32 - [MESSAGE][INFO] - HAR: D:\DMS\Engine Scoring\Reports\20221125_093256\Exclude KKB - DS - Married\Scoring Married - KKB\20221125_093256\requests\main\25.har

2022-11-25 09:34:32 - [MESSAGE][PASSED] - Send request successfully

2022-11-25 09:34:32 - [TEST_STEP][PASSED] - verifyResponseStatusCode(scoring, 200): Verify response status code successfully

2022-11-25 09:34:32 - [MESSAGE][PASSED] - Verify response status code successfully

2022-11-25 09:34:32 - [TEST_STEP][PASSED] - response2 = scoring.getResponseText(): null

2022-11-25 09:34:32 - [TEST_STEP][PASSED] - markPassed("result service data ke : " + no): result service data ke : 213

2022-11-25 09:34:32 - [MESSAGE][PASSED] - result service data ke : 213

2022-11-25 09:34:32 - [TEST_STEP][PASSED] - logInfo($response2): {"result_konsumen":"Reguler","result_pasangan":"Reject","Final_result":"Reject","errorMessage":"","status":"Done"}

2022-11-25 09:34:32 - [MESSAGE][INFO] - {"result_konsumen":"Reguler","result_pasangan":"Reject","Final_result":"Reject","errorMessage":"","status":"Done"}

2022-11-25 09:34:32 - [TEST_STEP][PASSED] - verifyElementPropertyValue(scoring, "Final_result", final_result): Verify element property value successfully

2022-11-25 09:34:32 - [MESSAGE][PASSED] - Verify element property value successfully]]></system-out>
         <system-err><![CDATA[]]></system-err>
      </testcase>
      <testcase name="Test Cases/Engine_Scoring/Engine Scoring" time="6.508" classname="Test Cases/Engine_Scoring/Engine Scoring" status="PASSED">
         <system-out><![CDATA[2022-11-25 09:34:32 - [TEST_CASE][PASSED] - Test Cases/Engine_Scoring/Engine Scoring: Test Cases/Engine_Scoring/Engine Scoring

2022-11-25 09:34:32 - [TEST_STEP][PASSED] - markPassed("Variasi data ke : " + no): Variasi data ke : 214

2022-11-25 09:34:32 - [MESSAGE][PASSED] - Variasi data ke : 214

2022-11-25 09:34:32 - [TEST_STEP][PASSED] - req_data = sendRequest(findTestObject("Search_ME", ["MID":MID, "source":source, "ip":ip, "userid":userid, "branch":branch, "tipekons":tipekons, "marital":marital, "penjamin":penjamin, ... ])): Send request successfully

2022-11-25 09:34:33 - [MESSAGE][INFO] - HAR: D:\DMS\Engine Scoring\Reports\20221125_093256\Exclude KKB - DS - Married\Scoring Married - KKB\20221125_093256\requests\main\26.har

2022-11-25 09:34:33 - [MESSAGE][PASSED] - Send request successfully

2022-11-25 09:34:33 - [TEST_STEP][PASSED] - slurper = new groovy.json.JsonSlurper(): null

2022-11-25 09:34:33 - [TEST_STEP][PASSED] - result = slurper.parseText(req_data.getResponseBodyContent()): null

2022-11-25 09:34:33 - [TEST_STEP][PASSED] - reqid_kons = requestid1: null

2022-11-25 09:34:33 - [TEST_STEP][PASSED] - reqid_spouse = requestid2: null

2022-11-25 09:34:33 - [TEST_STEP][PASSED] - println("requestid kons : " + reqid_kons): null

2022-11-25 09:34:33 - [TEST_STEP][PASSED] - response_searchME_kons = reqid_kons: null

2022-11-25 09:34:33 - [TEST_STEP][PASSED] - response_searchME_spouse = reqid_spouse: null

2022-11-25 09:34:33 - [TEST_STEP][PASSED] - println("kons req id is :" + response_searchME_kons): null

2022-11-25 09:34:33 - [TEST_STEP][PASSED] - println("spouse req id is : " + response_searchME_spouse): null

2022-11-25 09:34:33 - [TEST_STEP][PASSED] - verifyResponseStatusCode(req_data, 200): Verify response status code successfully

2022-11-25 09:34:33 - [MESSAGE][PASSED] - Verify response status code successfully

2022-11-25 09:34:33 - [TEST_STEP][PASSED] - response = req_data.getResponseText(): null

2022-11-25 09:34:33 - [TEST_STEP][PASSED] - logInfo($response): {"status":"Done","data":{"requestid1":"255026","requestid2":"255027"}}

2022-11-25 09:34:33 - [MESSAGE][INFO] - {"status":"Done","data":{"requestid1":"255026","requestid2":"255027"}}

2022-11-25 09:34:33 - [TEST_STEP][PASSED] - delay(5): Delayed 5 second(s)

2022-11-25 09:34:38 - [MESSAGE][PASSED] - Delayed 5 second(s)

2022-11-25 09:34:38 - [TEST_STEP][PASSED] - scoring = sendRequest(findTestObject("EngineScore", ["response_searchME_kons":response_searchME_kons, "response_searchME_spouse":response_searchME_spouse])): Send request successfully

2022-11-25 09:34:38 - [MESSAGE][INFO] - HAR: D:\DMS\Engine Scoring\Reports\20221125_093256\Exclude KKB - DS - Married\Scoring Married - KKB\20221125_093256\requests\main\27.har

2022-11-25 09:34:38 - [MESSAGE][PASSED] - Send request successfully

2022-11-25 09:34:38 - [TEST_STEP][PASSED] - verifyResponseStatusCode(scoring, 200): Verify response status code successfully

2022-11-25 09:34:38 - [MESSAGE][PASSED] - Verify response status code successfully

2022-11-25 09:34:38 - [TEST_STEP][PASSED] - response2 = scoring.getResponseText(): null

2022-11-25 09:34:38 - [TEST_STEP][PASSED] - markPassed("result service data ke : " + no): result service data ke : 214

2022-11-25 09:34:38 - [MESSAGE][PASSED] - result service data ke : 214

2022-11-25 09:34:38 - [TEST_STEP][PASSED] - logInfo($response2): {"result_konsumen":"Reguler","result_pasangan":"Reject","Final_result":"Reject","errorMessage":"","status":"Done"}

2022-11-25 09:34:38 - [MESSAGE][INFO] - {"result_konsumen":"Reguler","result_pasangan":"Reject","Final_result":"Reject","errorMessage":"","status":"Done"}

2022-11-25 09:34:38 - [TEST_STEP][PASSED] - verifyElementPropertyValue(scoring, "Final_result", final_result): Verify element property value successfully

2022-11-25 09:34:38 - [MESSAGE][PASSED] - Verify element property value successfully]]></system-out>
         <system-err><![CDATA[]]></system-err>
      </testcase>
      <testcase name="Test Cases/Engine_Scoring/Engine Scoring" time="6.526" classname="Test Cases/Engine_Scoring/Engine Scoring" status="PASSED">
         <system-out><![CDATA[2022-11-25 09:34:38 - [TEST_CASE][PASSED] - Test Cases/Engine_Scoring/Engine Scoring: Test Cases/Engine_Scoring/Engine Scoring

2022-11-25 09:34:39 - [TEST_STEP][PASSED] - markPassed("Variasi data ke : " + no): Variasi data ke : 215

2022-11-25 09:34:39 - [MESSAGE][PASSED] - Variasi data ke : 215

2022-11-25 09:34:39 - [TEST_STEP][PASSED] - req_data = sendRequest(findTestObject("Search_ME", ["MID":MID, "source":source, "ip":ip, "userid":userid, "branch":branch, "tipekons":tipekons, "marital":marital, "penjamin":penjamin, ... ])): Send request successfully

2022-11-25 09:34:40 - [MESSAGE][INFO] - HAR: D:\DMS\Engine Scoring\Reports\20221125_093256\Exclude KKB - DS - Married\Scoring Married - KKB\20221125_093256\requests\main\28.har

2022-11-25 09:34:40 - [MESSAGE][PASSED] - Send request successfully

2022-11-25 09:34:40 - [TEST_STEP][PASSED] - slurper = new groovy.json.JsonSlurper(): null

2022-11-25 09:34:40 - [TEST_STEP][PASSED] - result = slurper.parseText(req_data.getResponseBodyContent()): null

2022-11-25 09:34:40 - [TEST_STEP][PASSED] - reqid_kons = requestid1: null

2022-11-25 09:34:40 - [TEST_STEP][PASSED] - reqid_spouse = requestid2: null

2022-11-25 09:34:40 - [TEST_STEP][PASSED] - println("requestid kons : " + reqid_kons): null

2022-11-25 09:34:40 - [TEST_STEP][PASSED] - response_searchME_kons = reqid_kons: null

2022-11-25 09:34:40 - [TEST_STEP][PASSED] - response_searchME_spouse = reqid_spouse: null

2022-11-25 09:34:40 - [TEST_STEP][PASSED] - println("kons req id is :" + response_searchME_kons): null

2022-11-25 09:34:40 - [TEST_STEP][PASSED] - println("spouse req id is : " + response_searchME_spouse): null

2022-11-25 09:34:40 - [TEST_STEP][PASSED] - verifyResponseStatusCode(req_data, 200): Verify response status code successfully

2022-11-25 09:34:40 - [MESSAGE][PASSED] - Verify response status code successfully

2022-11-25 09:34:40 - [TEST_STEP][PASSED] - response = req_data.getResponseText(): null

2022-11-25 09:34:40 - [TEST_STEP][PASSED] - logInfo($response): {"status":"Done","data":{"requestid1":"255028","requestid2":"255029"}}

2022-11-25 09:34:40 - [MESSAGE][INFO] - {"status":"Done","data":{"requestid1":"255028","requestid2":"255029"}}

2022-11-25 09:34:40 - [TEST_STEP][PASSED] - delay(5): Delayed 5 second(s)

2022-11-25 09:34:45 - [MESSAGE][PASSED] - Delayed 5 second(s)

2022-11-25 09:34:45 - [TEST_STEP][PASSED] - scoring = sendRequest(findTestObject("EngineScore", ["response_searchME_kons":response_searchME_kons, "response_searchME_spouse":response_searchME_spouse])): Send request successfully

2022-11-25 09:34:45 - [MESSAGE][INFO] - HAR: D:\DMS\Engine Scoring\Reports\20221125_093256\Exclude KKB - DS - Married\Scoring Married - KKB\20221125_093256\requests\main\29.har

2022-11-25 09:34:45 - [MESSAGE][PASSED] - Send request successfully

2022-11-25 09:34:45 - [TEST_STEP][PASSED] - verifyResponseStatusCode(scoring, 200): Verify response status code successfully

2022-11-25 09:34:45 - [MESSAGE][PASSED] - Verify response status code successfully

2022-11-25 09:34:45 - [TEST_STEP][PASSED] - response2 = scoring.getResponseText(): null

2022-11-25 09:34:45 - [TEST_STEP][PASSED] - markPassed("result service data ke : " + no): result service data ke : 215

2022-11-25 09:34:45 - [MESSAGE][PASSED] - result service data ke : 215

2022-11-25 09:34:45 - [TEST_STEP][PASSED] - logInfo($response2): {"result_konsumen":"Reguler","result_pasangan":"Reject","Final_result":"Reject","errorMessage":"","status":"Done"}

2022-11-25 09:34:45 - [MESSAGE][INFO] - {"result_konsumen":"Reguler","result_pasangan":"Reject","Final_result":"Reject","errorMessage":"","status":"Done"}

2022-11-25 09:34:45 - [TEST_STEP][PASSED] - verifyElementPropertyValue(scoring, "Final_result", final_result): Verify element property value successfully

2022-11-25 09:34:45 - [MESSAGE][PASSED] - Verify element property value successfully]]></system-out>
         <system-err><![CDATA[]]></system-err>
      </testcase>
      <testcase name="Test Cases/Engine_Scoring/Engine Scoring" time="6.541" classname="Test Cases/Engine_Scoring/Engine Scoring" status="PASSED">
         <system-out><![CDATA[2022-11-25 09:34:45 - [TEST_CASE][PASSED] - Test Cases/Engine_Scoring/Engine Scoring: Test Cases/Engine_Scoring/Engine Scoring

2022-11-25 09:34:46 - [TEST_STEP][PASSED] - markPassed("Variasi data ke : " + no): Variasi data ke : 216

2022-11-25 09:34:46 - [MESSAGE][PASSED] - Variasi data ke : 216

2022-11-25 09:34:46 - [TEST_STEP][PASSED] - req_data = sendRequest(findTestObject("Search_ME", ["MID":MID, "source":source, "ip":ip, "userid":userid, "branch":branch, "tipekons":tipekons, "marital":marital, "penjamin":penjamin, ... ])): Send request successfully

2022-11-25 09:34:46 - [MESSAGE][INFO] - HAR: D:\DMS\Engine Scoring\Reports\20221125_093256\Exclude KKB - DS - Married\Scoring Married - KKB\20221125_093256\requests\main\30.har

2022-11-25 09:34:46 - [MESSAGE][PASSED] - Send request successfully

2022-11-25 09:34:46 - [TEST_STEP][PASSED] - slurper = new groovy.json.JsonSlurper(): null

2022-11-25 09:34:46 - [TEST_STEP][PASSED] - result = slurper.parseText(req_data.getResponseBodyContent()): null

2022-11-25 09:34:46 - [TEST_STEP][PASSED] - reqid_kons = requestid1: null

2022-11-25 09:34:46 - [TEST_STEP][PASSED] - reqid_spouse = requestid2: null

2022-11-25 09:34:46 - [TEST_STEP][PASSED] - println("requestid kons : " + reqid_kons): null

2022-11-25 09:34:46 - [TEST_STEP][PASSED] - response_searchME_kons = reqid_kons: null

2022-11-25 09:34:46 - [TEST_STEP][PASSED] - response_searchME_spouse = reqid_spouse: null

2022-11-25 09:34:46 - [TEST_STEP][PASSED] - println("kons req id is :" + response_searchME_kons): null

2022-11-25 09:34:46 - [TEST_STEP][PASSED] - println("spouse req id is : " + response_searchME_spouse): null

2022-11-25 09:34:46 - [TEST_STEP][PASSED] - verifyResponseStatusCode(req_data, 200): Verify response status code successfully

2022-11-25 09:34:46 - [MESSAGE][PASSED] - Verify response status code successfully

2022-11-25 09:34:46 - [TEST_STEP][PASSED] - response = req_data.getResponseText(): null

2022-11-25 09:34:46 - [TEST_STEP][PASSED] - logInfo($response): {"status":"Done","data":{"requestid1":"255030","requestid2":"255031"}}

2022-11-25 09:34:46 - [MESSAGE][INFO] - {"status":"Done","data":{"requestid1":"255030","requestid2":"255031"}}

2022-11-25 09:34:46 - [TEST_STEP][PASSED] - delay(5): Delayed 5 second(s)

2022-11-25 09:34:51 - [MESSAGE][PASSED] - Delayed 5 second(s)

2022-11-25 09:34:51 - [TEST_STEP][PASSED] - scoring = sendRequest(findTestObject("EngineScore", ["response_searchME_kons":response_searchME_kons, "response_searchME_spouse":response_searchME_spouse])): Send request successfully

2022-11-25 09:34:51 - [MESSAGE][INFO] - HAR: D:\DMS\Engine Scoring\Reports\20221125_093256\Exclude KKB - DS - Married\Scoring Married - KKB\20221125_093256\requests\main\31.har

2022-11-25 09:34:51 - [MESSAGE][PASSED] - Send request successfully

2022-11-25 09:34:51 - [TEST_STEP][PASSED] - verifyResponseStatusCode(scoring, 200): Verify response status code successfully

2022-11-25 09:34:51 - [MESSAGE][PASSED] - Verify response status code successfully

2022-11-25 09:34:51 - [TEST_STEP][PASSED] - response2 = scoring.getResponseText(): null

2022-11-25 09:34:51 - [TEST_STEP][PASSED] - markPassed("result service data ke : " + no): result service data ke : 216

2022-11-25 09:34:51 - [MESSAGE][PASSED] - result service data ke : 216

2022-11-25 09:34:51 - [TEST_STEP][PASSED] - logInfo($response2): {"result_konsumen":"Reguler","result_pasangan":"Reject","Final_result":"Reject","errorMessage":"","status":"Done"}

2022-11-25 09:34:51 - [MESSAGE][INFO] - {"result_konsumen":"Reguler","result_pasangan":"Reject","Final_result":"Reject","errorMessage":"","status":"Done"}

2022-11-25 09:34:51 - [TEST_STEP][PASSED] - verifyElementPropertyValue(scoring, "Final_result", final_result): Verify element property value successfully

2022-11-25 09:34:51 - [MESSAGE][PASSED] - Verify element property value successfully]]></system-out>
         <system-err><![CDATA[]]></system-err>
      </testcase>
      <testcase name="Test Cases/Engine_Scoring/Engine Scoring" time="6.503" classname="Test Cases/Engine_Scoring/Engine Scoring" status="PASSED">
         <system-out><![CDATA[2022-11-25 09:34:52 - [TEST_CASE][PASSED] - Test Cases/Engine_Scoring/Engine Scoring: Test Cases/Engine_Scoring/Engine Scoring

2022-11-25 09:34:52 - [TEST_STEP][PASSED] - markPassed("Variasi data ke : " + no): Variasi data ke : 217

2022-11-25 09:34:52 - [MESSAGE][PASSED] - Variasi data ke : 217

2022-11-25 09:34:52 - [TEST_STEP][PASSED] - req_data = sendRequest(findTestObject("Search_ME", ["MID":MID, "source":source, "ip":ip, "userid":userid, "branch":branch, "tipekons":tipekons, "marital":marital, "penjamin":penjamin, ... ])): Send request successfully

2022-11-25 09:34:53 - [MESSAGE][INFO] - HAR: D:\DMS\Engine Scoring\Reports\20221125_093256\Exclude KKB - DS - Married\Scoring Married - KKB\20221125_093256\requests\main\32.har

2022-11-25 09:34:53 - [MESSAGE][PASSED] - Send request successfully

2022-11-25 09:34:53 - [TEST_STEP][PASSED] - slurper = new groovy.json.JsonSlurper(): null

2022-11-25 09:34:53 - [TEST_STEP][PASSED] - result = slurper.parseText(req_data.getResponseBodyContent()): null

2022-11-25 09:34:53 - [TEST_STEP][PASSED] - reqid_kons = requestid1: null

2022-11-25 09:34:53 - [TEST_STEP][PASSED] - reqid_spouse = requestid2: null

2022-11-25 09:34:53 - [TEST_STEP][PASSED] - println("requestid kons : " + reqid_kons): null

2022-11-25 09:34:53 - [TEST_STEP][PASSED] - response_searchME_kons = reqid_kons: null

2022-11-25 09:34:53 - [TEST_STEP][PASSED] - response_searchME_spouse = reqid_spouse: null

2022-11-25 09:34:53 - [TEST_STEP][PASSED] - println("kons req id is :" + response_searchME_kons): null

2022-11-25 09:34:53 - [TEST_STEP][PASSED] - println("spouse req id is : " + response_searchME_spouse): null

2022-11-25 09:34:53 - [TEST_STEP][PASSED] - verifyResponseStatusCode(req_data, 200): Verify response status code successfully

2022-11-25 09:34:53 - [MESSAGE][PASSED] - Verify response status code successfully

2022-11-25 09:34:53 - [TEST_STEP][PASSED] - response = req_data.getResponseText(): null

2022-11-25 09:34:53 - [TEST_STEP][PASSED] - logInfo($response): {"status":"Done","data":{"requestid1":"255032","requestid2":"255033"}}

2022-11-25 09:34:53 - [MESSAGE][INFO] - {"status":"Done","data":{"requestid1":"255032","requestid2":"255033"}}

2022-11-25 09:34:53 - [TEST_STEP][PASSED] - delay(5): Delayed 5 second(s)

2022-11-25 09:34:58 - [MESSAGE][PASSED] - Delayed 5 second(s)

2022-11-25 09:34:58 - [TEST_STEP][PASSED] - scoring = sendRequest(findTestObject("EngineScore", ["response_searchME_kons":response_searchME_kons, "response_searchME_spouse":response_searchME_spouse])): Send request successfully

2022-11-25 09:34:58 - [MESSAGE][INFO] - HAR: D:\DMS\Engine Scoring\Reports\20221125_093256\Exclude KKB - DS - Married\Scoring Married - KKB\20221125_093256\requests\main\33.har

2022-11-25 09:34:58 - [MESSAGE][PASSED] - Send request successfully

2022-11-25 09:34:58 - [TEST_STEP][PASSED] - verifyResponseStatusCode(scoring, 200): Verify response status code successfully

2022-11-25 09:34:58 - [MESSAGE][PASSED] - Verify response status code successfully

2022-11-25 09:34:58 - [TEST_STEP][PASSED] - response2 = scoring.getResponseText(): null

2022-11-25 09:34:58 - [TEST_STEP][PASSED] - markPassed("result service data ke : " + no): result service data ke : 217

2022-11-25 09:34:58 - [MESSAGE][PASSED] - result service data ke : 217

2022-11-25 09:34:58 - [TEST_STEP][PASSED] - logInfo($response2): {"result_konsumen":"Approve","result_pasangan":"Approve","Final_result":"Approve","errorMessage":"","status":"Done"}

2022-11-25 09:34:58 - [MESSAGE][INFO] - {"result_konsumen":"Approve","result_pasangan":"Approve","Final_result":"Approve","errorMessage":"","status":"Done"}

2022-11-25 09:34:58 - [TEST_STEP][PASSED] - verifyElementPropertyValue(scoring, "Final_result", final_result): Verify element property value successfully

2022-11-25 09:34:58 - [MESSAGE][PASSED] - Verify element property value successfully]]></system-out>
         <system-err><![CDATA[]]></system-err>
      </testcase>
      <testcase name="Test Cases/Engine_Scoring/Engine Scoring" time="6.514" classname="Test Cases/Engine_Scoring/Engine Scoring" status="PASSED">
         <system-out><![CDATA[2022-11-25 09:34:58 - [TEST_CASE][PASSED] - Test Cases/Engine_Scoring/Engine Scoring: Test Cases/Engine_Scoring/Engine Scoring

2022-11-25 09:34:59 - [TEST_STEP][PASSED] - markPassed("Variasi data ke : " + no): Variasi data ke : 218

2022-11-25 09:34:59 - [MESSAGE][PASSED] - Variasi data ke : 218

2022-11-25 09:34:59 - [TEST_STEP][PASSED] - req_data = sendRequest(findTestObject("Search_ME", ["MID":MID, "source":source, "ip":ip, "userid":userid, "branch":branch, "tipekons":tipekons, "marital":marital, "penjamin":penjamin, ... ])): Send request successfully

2022-11-25 09:34:59 - [MESSAGE][INFO] - HAR: D:\DMS\Engine Scoring\Reports\20221125_093256\Exclude KKB - DS - Married\Scoring Married - KKB\20221125_093256\requests\main\34.har

2022-11-25 09:34:59 - [MESSAGE][PASSED] - Send request successfully

2022-11-25 09:34:59 - [TEST_STEP][PASSED] - slurper = new groovy.json.JsonSlurper(): null

2022-11-25 09:34:59 - [TEST_STEP][PASSED] - result = slurper.parseText(req_data.getResponseBodyContent()): null

2022-11-25 09:34:59 - [TEST_STEP][PASSED] - reqid_kons = requestid1: null

2022-11-25 09:34:59 - [TEST_STEP][PASSED] - reqid_spouse = requestid2: null

2022-11-25 09:34:59 - [TEST_STEP][PASSED] - println("requestid kons : " + reqid_kons): null

2022-11-25 09:34:59 - [TEST_STEP][PASSED] - response_searchME_kons = reqid_kons: null

2022-11-25 09:34:59 - [TEST_STEP][PASSED] - response_searchME_spouse = reqid_spouse: null

2022-11-25 09:34:59 - [TEST_STEP][PASSED] - println("kons req id is :" + response_searchME_kons): null

2022-11-25 09:34:59 - [TEST_STEP][PASSED] - println("spouse req id is : " + response_searchME_spouse): null

2022-11-25 09:34:59 - [TEST_STEP][PASSED] - verifyResponseStatusCode(req_data, 200): Verify response status code successfully

2022-11-25 09:34:59 - [MESSAGE][PASSED] - Verify response status code successfully

2022-11-25 09:34:59 - [TEST_STEP][PASSED] - response = req_data.getResponseText(): null

2022-11-25 09:34:59 - [TEST_STEP][PASSED] - logInfo($response): {"status":"Done","data":{"requestid1":"255034","requestid2":"255035"}}

2022-11-25 09:34:59 - [MESSAGE][INFO] - {"status":"Done","data":{"requestid1":"255034","requestid2":"255035"}}

2022-11-25 09:34:59 - [TEST_STEP][PASSED] - delay(5): Delayed 5 second(s)

2022-11-25 09:35:04 - [MESSAGE][PASSED] - Delayed 5 second(s)

2022-11-25 09:35:04 - [TEST_STEP][PASSED] - scoring = sendRequest(findTestObject("EngineScore", ["response_searchME_kons":response_searchME_kons, "response_searchME_spouse":response_searchME_spouse])): Send request successfully

2022-11-25 09:35:05 - [MESSAGE][INFO] - HAR: D:\DMS\Engine Scoring\Reports\20221125_093256\Exclude KKB - DS - Married\Scoring Married - KKB\20221125_093256\requests\main\35.har

2022-11-25 09:35:05 - [MESSAGE][PASSED] - Send request successfully

2022-11-25 09:35:05 - [TEST_STEP][PASSED] - verifyResponseStatusCode(scoring, 200): Verify response status code successfully

2022-11-25 09:35:05 - [MESSAGE][PASSED] - Verify response status code successfully

2022-11-25 09:35:05 - [TEST_STEP][PASSED] - response2 = scoring.getResponseText(): null

2022-11-25 09:35:05 - [TEST_STEP][PASSED] - markPassed("result service data ke : " + no): result service data ke : 218

2022-11-25 09:35:05 - [MESSAGE][PASSED] - result service data ke : 218

2022-11-25 09:35:05 - [TEST_STEP][PASSED] - logInfo($response2): {"result_konsumen":"Approve","result_pasangan":"Approve","Final_result":"Approve","errorMessage":"","status":"Done"}

2022-11-25 09:35:05 - [MESSAGE][INFO] - {"result_konsumen":"Approve","result_pasangan":"Approve","Final_result":"Approve","errorMessage":"","status":"Done"}

2022-11-25 09:35:05 - [TEST_STEP][PASSED] - verifyElementPropertyValue(scoring, "Final_result", final_result): Verify element property value successfully

2022-11-25 09:35:05 - [MESSAGE][PASSED] - Verify element property value successfully]]></system-out>
         <system-err><![CDATA[]]></system-err>
      </testcase>
      <testcase name="Test Cases/Engine_Scoring/Engine Scoring" time="6.565" classname="Test Cases/Engine_Scoring/Engine Scoring" status="PASSED">
         <system-out><![CDATA[2022-11-25 09:35:05 - [TEST_CASE][PASSED] - Test Cases/Engine_Scoring/Engine Scoring: Test Cases/Engine_Scoring/Engine Scoring

2022-11-25 09:35:05 - [TEST_STEP][PASSED] - markPassed("Variasi data ke : " + no): Variasi data ke : 219

2022-11-25 09:35:05 - [MESSAGE][PASSED] - Variasi data ke : 219

2022-11-25 09:35:05 - [TEST_STEP][PASSED] - req_data = sendRequest(findTestObject("Search_ME", ["MID":MID, "source":source, "ip":ip, "userid":userid, "branch":branch, "tipekons":tipekons, "marital":marital, "penjamin":penjamin, ... ])): Send request successfully

2022-11-25 09:35:06 - [MESSAGE][INFO] - HAR: D:\DMS\Engine Scoring\Reports\20221125_093256\Exclude KKB - DS - Married\Scoring Married - KKB\20221125_093256\requests\main\36.har

2022-11-25 09:35:06 - [MESSAGE][PASSED] - Send request successfully

2022-11-25 09:35:06 - [TEST_STEP][PASSED] - slurper = new groovy.json.JsonSlurper(): null

2022-11-25 09:35:06 - [TEST_STEP][PASSED] - result = slurper.parseText(req_data.getResponseBodyContent()): null

2022-11-25 09:35:06 - [TEST_STEP][PASSED] - reqid_kons = requestid1: null

2022-11-25 09:35:06 - [TEST_STEP][PASSED] - reqid_spouse = requestid2: null

2022-11-25 09:35:06 - [TEST_STEP][PASSED] - println("requestid kons : " + reqid_kons): null

2022-11-25 09:35:06 - [TEST_STEP][PASSED] - response_searchME_kons = reqid_kons: null

2022-11-25 09:35:06 - [TEST_STEP][PASSED] - response_searchME_spouse = reqid_spouse: null

2022-11-25 09:35:06 - [TEST_STEP][PASSED] - println("kons req id is :" + response_searchME_kons): null

2022-11-25 09:35:06 - [TEST_STEP][PASSED] - println("spouse req id is : " + response_searchME_spouse): null

2022-11-25 09:35:06 - [TEST_STEP][PASSED] - verifyResponseStatusCode(req_data, 200): Verify response status code successfully

2022-11-25 09:35:06 - [MESSAGE][PASSED] - Verify response status code successfully

2022-11-25 09:35:06 - [TEST_STEP][PASSED] - response = req_data.getResponseText(): null

2022-11-25 09:35:06 - [TEST_STEP][PASSED] - logInfo($response): {"status":"Done","data":{"requestid1":"255036","requestid2":"255037"}}

2022-11-25 09:35:06 - [MESSAGE][INFO] - {"status":"Done","data":{"requestid1":"255036","requestid2":"255037"}}

2022-11-25 09:35:06 - [TEST_STEP][PASSED] - delay(5): Delayed 5 second(s)

2022-11-25 09:35:11 - [MESSAGE][PASSED] - Delayed 5 second(s)

2022-11-25 09:35:11 - [TEST_STEP][PASSED] - scoring = sendRequest(findTestObject("EngineScore", ["response_searchME_kons":response_searchME_kons, "response_searchME_spouse":response_searchME_spouse])): Send request successfully

2022-11-25 09:35:11 - [MESSAGE][INFO] - HAR: D:\DMS\Engine Scoring\Reports\20221125_093256\Exclude KKB - DS - Married\Scoring Married - KKB\20221125_093256\requests\main\37.har

2022-11-25 09:35:11 - [MESSAGE][PASSED] - Send request successfully

2022-11-25 09:35:11 - [TEST_STEP][PASSED] - verifyResponseStatusCode(scoring, 200): Verify response status code successfully

2022-11-25 09:35:11 - [MESSAGE][PASSED] - Verify response status code successfully

2022-11-25 09:35:11 - [TEST_STEP][PASSED] - response2 = scoring.getResponseText(): null

2022-11-25 09:35:11 - [TEST_STEP][PASSED] - markPassed("result service data ke : " + no): result service data ke : 219

2022-11-25 09:35:11 - [MESSAGE][PASSED] - result service data ke : 219

2022-11-25 09:35:11 - [TEST_STEP][PASSED] - logInfo($response2): {"result_konsumen":"Approve","result_pasangan":"Approve","Final_result":"Approve","errorMessage":"","status":"Done"}

2022-11-25 09:35:11 - [MESSAGE][INFO] - {"result_konsumen":"Approve","result_pasangan":"Approve","Final_result":"Approve","errorMessage":"","status":"Done"}

2022-11-25 09:35:11 - [TEST_STEP][PASSED] - verifyElementPropertyValue(scoring, "Final_result", final_result): Verify element property value successfully

2022-11-25 09:35:11 - [MESSAGE][PASSED] - Verify element property value successfully]]></system-out>
         <system-err><![CDATA[]]></system-err>
      </testcase>
      <testcase name="Test Cases/Engine_Scoring/Engine Scoring" time="6.497" classname="Test Cases/Engine_Scoring/Engine Scoring" status="PASSED">
         <system-out><![CDATA[2022-11-25 09:35:11 - [TEST_CASE][PASSED] - Test Cases/Engine_Scoring/Engine Scoring: Test Cases/Engine_Scoring/Engine Scoring

2022-11-25 09:35:12 - [TEST_STEP][PASSED] - markPassed("Variasi data ke : " + no): Variasi data ke : 220

2022-11-25 09:35:12 - [MESSAGE][PASSED] - Variasi data ke : 220

2022-11-25 09:35:12 - [TEST_STEP][PASSED] - req_data = sendRequest(findTestObject("Search_ME", ["MID":MID, "source":source, "ip":ip, "userid":userid, "branch":branch, "tipekons":tipekons, "marital":marital, "penjamin":penjamin, ... ])): Send request successfully

2022-11-25 09:35:13 - [MESSAGE][INFO] - HAR: D:\DMS\Engine Scoring\Reports\20221125_093256\Exclude KKB - DS - Married\Scoring Married - KKB\20221125_093256\requests\main\38.har

2022-11-25 09:35:13 - [MESSAGE][PASSED] - Send request successfully

2022-11-25 09:35:13 - [TEST_STEP][PASSED] - slurper = new groovy.json.JsonSlurper(): null

2022-11-25 09:35:13 - [TEST_STEP][PASSED] - result = slurper.parseText(req_data.getResponseBodyContent()): null

2022-11-25 09:35:13 - [TEST_STEP][PASSED] - reqid_kons = requestid1: null

2022-11-25 09:35:13 - [TEST_STEP][PASSED] - reqid_spouse = requestid2: null

2022-11-25 09:35:13 - [TEST_STEP][PASSED] - println("requestid kons : " + reqid_kons): null

2022-11-25 09:35:13 - [TEST_STEP][PASSED] - response_searchME_kons = reqid_kons: null

2022-11-25 09:35:13 - [TEST_STEP][PASSED] - response_searchME_spouse = reqid_spouse: null

2022-11-25 09:35:13 - [TEST_STEP][PASSED] - println("kons req id is :" + response_searchME_kons): null

2022-11-25 09:35:13 - [TEST_STEP][PASSED] - println("spouse req id is : " + response_searchME_spouse): null

2022-11-25 09:35:13 - [TEST_STEP][PASSED] - verifyResponseStatusCode(req_data, 200): Verify response status code successfully

2022-11-25 09:35:13 - [MESSAGE][PASSED] - Verify response status code successfully

2022-11-25 09:35:13 - [TEST_STEP][PASSED] - response = req_data.getResponseText(): null

2022-11-25 09:35:13 - [TEST_STEP][PASSED] - logInfo($response): {"status":"Done","data":{"requestid1":"255038","requestid2":"255039"}}

2022-11-25 09:35:13 - [MESSAGE][INFO] - {"status":"Done","data":{"requestid1":"255038","requestid2":"255039"}}

2022-11-25 09:35:13 - [TEST_STEP][PASSED] - delay(5): Delayed 5 second(s)

2022-11-25 09:35:18 - [MESSAGE][PASSED] - Delayed 5 second(s)

2022-11-25 09:35:18 - [TEST_STEP][PASSED] - scoring = sendRequest(findTestObject("EngineScore", ["response_searchME_kons":response_searchME_kons, "response_searchME_spouse":response_searchME_spouse])): Send request successfully

2022-11-25 09:35:18 - [MESSAGE][INFO] - HAR: D:\DMS\Engine Scoring\Reports\20221125_093256\Exclude KKB - DS - Married\Scoring Married - KKB\20221125_093256\requests\main\39.har

2022-11-25 09:35:18 - [MESSAGE][PASSED] - Send request successfully

2022-11-25 09:35:18 - [TEST_STEP][PASSED] - verifyResponseStatusCode(scoring, 200): Verify response status code successfully

2022-11-25 09:35:18 - [MESSAGE][PASSED] - Verify response status code successfully

2022-11-25 09:35:18 - [TEST_STEP][PASSED] - response2 = scoring.getResponseText(): null

2022-11-25 09:35:18 - [TEST_STEP][PASSED] - markPassed("result service data ke : " + no): result service data ke : 220

2022-11-25 09:35:18 - [MESSAGE][PASSED] - result service data ke : 220

2022-11-25 09:35:18 - [TEST_STEP][PASSED] - logInfo($response2): {"result_konsumen":"Approve","result_pasangan":"Approve","Final_result":"Approve","errorMessage":"","status":"Done"}

2022-11-25 09:35:18 - [MESSAGE][INFO] - {"result_konsumen":"Approve","result_pasangan":"Approve","Final_result":"Approve","errorMessage":"","status":"Done"}

2022-11-25 09:35:18 - [TEST_STEP][PASSED] - verifyElementPropertyValue(scoring, "Final_result", final_result): Verify element property value successfully

2022-11-25 09:35:18 - [MESSAGE][PASSED] - Verify element property value successfully]]></system-out>
         <system-err><![CDATA[]]></system-err>
      </testcase>
      <testcase name="Test Cases/Engine_Scoring/Engine Scoring" time="6.575" classname="Test Cases/Engine_Scoring/Engine Scoring" status="PASSED">
         <system-out><![CDATA[2022-11-25 09:35:18 - [TEST_CASE][PASSED] - Test Cases/Engine_Scoring/Engine Scoring: Test Cases/Engine_Scoring/Engine Scoring

2022-11-25 09:35:19 - [TEST_STEP][PASSED] - markPassed("Variasi data ke : " + no): Variasi data ke : 221

2022-11-25 09:35:19 - [MESSAGE][PASSED] - Variasi data ke : 221

2022-11-25 09:35:19 - [TEST_STEP][PASSED] - req_data = sendRequest(findTestObject("Search_ME", ["MID":MID, "source":source, "ip":ip, "userid":userid, "branch":branch, "tipekons":tipekons, "marital":marital, "penjamin":penjamin, ... ])): Send request successfully

2022-11-25 09:35:19 - [MESSAGE][INFO] - HAR: D:\DMS\Engine Scoring\Reports\20221125_093256\Exclude KKB - DS - Married\Scoring Married - KKB\20221125_093256\requests\main\40.har

2022-11-25 09:35:19 - [MESSAGE][PASSED] - Send request successfully

2022-11-25 09:35:19 - [TEST_STEP][PASSED] - slurper = new groovy.json.JsonSlurper(): null

2022-11-25 09:35:19 - [TEST_STEP][PASSED] - result = slurper.parseText(req_data.getResponseBodyContent()): null

2022-11-25 09:35:19 - [TEST_STEP][PASSED] - reqid_kons = requestid1: null

2022-11-25 09:35:19 - [TEST_STEP][PASSED] - reqid_spouse = requestid2: null

2022-11-25 09:35:19 - [TEST_STEP][PASSED] - println("requestid kons : " + reqid_kons): null

2022-11-25 09:35:19 - [TEST_STEP][PASSED] - response_searchME_kons = reqid_kons: null

2022-11-25 09:35:19 - [TEST_STEP][PASSED] - response_searchME_spouse = reqid_spouse: null

2022-11-25 09:35:19 - [TEST_STEP][PASSED] - println("kons req id is :" + response_searchME_kons): null

2022-11-25 09:35:19 - [TEST_STEP][PASSED] - println("spouse req id is : " + response_searchME_spouse): null

2022-11-25 09:35:19 - [TEST_STEP][PASSED] - verifyResponseStatusCode(req_data, 200): Verify response status code successfully

2022-11-25 09:35:19 - [MESSAGE][PASSED] - Verify response status code successfully

2022-11-25 09:35:19 - [TEST_STEP][PASSED] - response = req_data.getResponseText(): null

2022-11-25 09:35:19 - [TEST_STEP][PASSED] - logInfo($response): {"status":"Done","data":{"requestid1":"255040","requestid2":"255041"}}

2022-11-25 09:35:19 - [MESSAGE][INFO] - {"status":"Done","data":{"requestid1":"255040","requestid2":"255041"}}

2022-11-25 09:35:19 - [TEST_STEP][PASSED] - delay(5): Delayed 5 second(s)

2022-11-25 09:35:24 - [MESSAGE][PASSED] - Delayed 5 second(s)

2022-11-25 09:35:24 - [TEST_STEP][PASSED] - scoring = sendRequest(findTestObject("EngineScore", ["response_searchME_kons":response_searchME_kons, "response_searchME_spouse":response_searchME_spouse])): Send request successfully

2022-11-25 09:35:24 - [MESSAGE][INFO] - HAR: D:\DMS\Engine Scoring\Reports\20221125_093256\Exclude KKB - DS - Married\Scoring Married - KKB\20221125_093256\requests\main\41.har

2022-11-25 09:35:24 - [MESSAGE][PASSED] - Send request successfully

2022-11-25 09:35:24 - [TEST_STEP][PASSED] - verifyResponseStatusCode(scoring, 200): Verify response status code successfully

2022-11-25 09:35:24 - [MESSAGE][PASSED] - Verify response status code successfully

2022-11-25 09:35:24 - [TEST_STEP][PASSED] - response2 = scoring.getResponseText(): null

2022-11-25 09:35:24 - [TEST_STEP][PASSED] - markPassed("result service data ke : " + no): result service data ke : 221

2022-11-25 09:35:24 - [MESSAGE][PASSED] - result service data ke : 221

2022-11-25 09:35:24 - [TEST_STEP][PASSED] - logInfo($response2): {"result_konsumen":"Approve","result_pasangan":"Reject","Final_result":"Reject","errorMessage":"","status":"Done"}

2022-11-25 09:35:24 - [MESSAGE][INFO] - {"result_konsumen":"Approve","result_pasangan":"Reject","Final_result":"Reject","errorMessage":"","status":"Done"}

2022-11-25 09:35:24 - [TEST_STEP][PASSED] - verifyElementPropertyValue(scoring, "Final_result", final_result): Verify element property value successfully

2022-11-25 09:35:24 - [MESSAGE][PASSED] - Verify element property value successfully]]></system-out>
         <system-err><![CDATA[]]></system-err>
      </testcase>
      <testcase name="Test Cases/Engine_Scoring/Engine Scoring" time="6.523" classname="Test Cases/Engine_Scoring/Engine Scoring" status="PASSED">
         <system-out><![CDATA[2022-11-25 09:35:24 - [TEST_CASE][PASSED] - Test Cases/Engine_Scoring/Engine Scoring: Test Cases/Engine_Scoring/Engine Scoring

2022-11-25 09:35:25 - [TEST_STEP][PASSED] - markPassed("Variasi data ke : " + no): Variasi data ke : 222

2022-11-25 09:35:25 - [MESSAGE][PASSED] - Variasi data ke : 222

2022-11-25 09:35:25 - [TEST_STEP][PASSED] - req_data = sendRequest(findTestObject("Search_ME", ["MID":MID, "source":source, "ip":ip, "userid":userid, "branch":branch, "tipekons":tipekons, "marital":marital, "penjamin":penjamin, ... ])): Send request successfully

2022-11-25 09:35:26 - [MESSAGE][INFO] - HAR: D:\DMS\Engine Scoring\Reports\20221125_093256\Exclude KKB - DS - Married\Scoring Married - KKB\20221125_093256\requests\main\42.har

2022-11-25 09:35:26 - [MESSAGE][PASSED] - Send request successfully

2022-11-25 09:35:26 - [TEST_STEP][PASSED] - slurper = new groovy.json.JsonSlurper(): null

2022-11-25 09:35:26 - [TEST_STEP][PASSED] - result = slurper.parseText(req_data.getResponseBodyContent()): null

2022-11-25 09:35:26 - [TEST_STEP][PASSED] - reqid_kons = requestid1: null

2022-11-25 09:35:26 - [TEST_STEP][PASSED] - reqid_spouse = requestid2: null

2022-11-25 09:35:26 - [TEST_STEP][PASSED] - println("requestid kons : " + reqid_kons): null

2022-11-25 09:35:26 - [TEST_STEP][PASSED] - response_searchME_kons = reqid_kons: null

2022-11-25 09:35:26 - [TEST_STEP][PASSED] - response_searchME_spouse = reqid_spouse: null

2022-11-25 09:35:26 - [TEST_STEP][PASSED] - println("kons req id is :" + response_searchME_kons): null

2022-11-25 09:35:26 - [TEST_STEP][PASSED] - println("spouse req id is : " + response_searchME_spouse): null

2022-11-25 09:35:26 - [TEST_STEP][PASSED] - verifyResponseStatusCode(req_data, 200): Verify response status code successfully

2022-11-25 09:35:26 - [MESSAGE][PASSED] - Verify response status code successfully

2022-11-25 09:35:26 - [TEST_STEP][PASSED] - response = req_data.getResponseText(): null

2022-11-25 09:35:26 - [TEST_STEP][PASSED] - logInfo($response): {"status":"Done","data":{"requestid1":"255042","requestid2":"255043"}}

2022-11-25 09:35:26 - [MESSAGE][INFO] - {"status":"Done","data":{"requestid1":"255042","requestid2":"255043"}}

2022-11-25 09:35:26 - [TEST_STEP][PASSED] - delay(5): Delayed 5 second(s)

2022-11-25 09:35:31 - [MESSAGE][PASSED] - Delayed 5 second(s)

2022-11-25 09:35:31 - [TEST_STEP][PASSED] - scoring = sendRequest(findTestObject("EngineScore", ["response_searchME_kons":response_searchME_kons, "response_searchME_spouse":response_searchME_spouse])): Send request successfully

2022-11-25 09:35:31 - [MESSAGE][INFO] - HAR: D:\DMS\Engine Scoring\Reports\20221125_093256\Exclude KKB - DS - Married\Scoring Married - KKB\20221125_093256\requests\main\43.har

2022-11-25 09:35:31 - [MESSAGE][PASSED] - Send request successfully

2022-11-25 09:35:31 - [TEST_STEP][PASSED] - verifyResponseStatusCode(scoring, 200): Verify response status code successfully

2022-11-25 09:35:31 - [MESSAGE][PASSED] - Verify response status code successfully

2022-11-25 09:35:31 - [TEST_STEP][PASSED] - response2 = scoring.getResponseText(): null

2022-11-25 09:35:31 - [TEST_STEP][PASSED] - markPassed("result service data ke : " + no): result service data ke : 222

2022-11-25 09:35:31 - [MESSAGE][PASSED] - result service data ke : 222

2022-11-25 09:35:31 - [TEST_STEP][PASSED] - logInfo($response2): {"result_konsumen":"Approve","result_pasangan":"Reject","Final_result":"Reject","errorMessage":"","status":"Done"}

2022-11-25 09:35:31 - [MESSAGE][INFO] - {"result_konsumen":"Approve","result_pasangan":"Reject","Final_result":"Reject","errorMessage":"","status":"Done"}

2022-11-25 09:35:31 - [TEST_STEP][PASSED] - verifyElementPropertyValue(scoring, "Final_result", final_result): Verify element property value successfully

2022-11-25 09:35:31 - [MESSAGE][PASSED] - Verify element property value successfully]]></system-out>
         <system-err><![CDATA[]]></system-err>
      </testcase>
      <testcase name="Test Cases/Engine_Scoring/Engine Scoring" time="6.726" classname="Test Cases/Engine_Scoring/Engine Scoring" status="PASSED">
         <system-out><![CDATA[2022-11-25 09:35:31 - [TEST_CASE][PASSED] - Test Cases/Engine_Scoring/Engine Scoring: Test Cases/Engine_Scoring/Engine Scoring

2022-11-25 09:35:32 - [TEST_STEP][PASSED] - markPassed("Variasi data ke : " + no): Variasi data ke : 223

2022-11-25 09:35:32 - [MESSAGE][PASSED] - Variasi data ke : 223

2022-11-25 09:35:32 - [TEST_STEP][PASSED] - req_data = sendRequest(findTestObject("Search_ME", ["MID":MID, "source":source, "ip":ip, "userid":userid, "branch":branch, "tipekons":tipekons, "marital":marital, "penjamin":penjamin, ... ])): Send request successfully

2022-11-25 09:35:32 - [MESSAGE][INFO] - HAR: D:\DMS\Engine Scoring\Reports\20221125_093256\Exclude KKB - DS - Married\Scoring Married - KKB\20221125_093256\requests\main\44.har

2022-11-25 09:35:32 - [MESSAGE][PASSED] - Send request successfully

2022-11-25 09:35:32 - [TEST_STEP][PASSED] - slurper = new groovy.json.JsonSlurper(): null

2022-11-25 09:35:32 - [TEST_STEP][PASSED] - result = slurper.parseText(req_data.getResponseBodyContent()): null

2022-11-25 09:35:32 - [TEST_STEP][PASSED] - reqid_kons = requestid1: null

2022-11-25 09:35:32 - [TEST_STEP][PASSED] - reqid_spouse = requestid2: null

2022-11-25 09:35:32 - [TEST_STEP][PASSED] - println("requestid kons : " + reqid_kons): null

2022-11-25 09:35:32 - [TEST_STEP][PASSED] - response_searchME_kons = reqid_kons: null

2022-11-25 09:35:32 - [TEST_STEP][PASSED] - response_searchME_spouse = reqid_spouse: null

2022-11-25 09:35:32 - [TEST_STEP][PASSED] - println("kons req id is :" + response_searchME_kons): null

2022-11-25 09:35:32 - [TEST_STEP][PASSED] - println("spouse req id is : " + response_searchME_spouse): null

2022-11-25 09:35:32 - [TEST_STEP][PASSED] - verifyResponseStatusCode(req_data, 200): Verify response status code successfully

2022-11-25 09:35:32 - [MESSAGE][PASSED] - Verify response status code successfully

2022-11-25 09:35:32 - [TEST_STEP][PASSED] - response = req_data.getResponseText(): null

2022-11-25 09:35:32 - [TEST_STEP][PASSED] - logInfo($response): {"status":"Done","data":{"requestid1":"255044","requestid2":"255045"}}

2022-11-25 09:35:32 - [MESSAGE][INFO] - {"status":"Done","data":{"requestid1":"255044","requestid2":"255045"}}

2022-11-25 09:35:32 - [TEST_STEP][PASSED] - delay(5): Delayed 5 second(s)

2022-11-25 09:35:37 - [MESSAGE][PASSED] - Delayed 5 second(s)

2022-11-25 09:35:37 - [TEST_STEP][PASSED] - scoring = sendRequest(findTestObject("EngineScore", ["response_searchME_kons":response_searchME_kons, "response_searchME_spouse":response_searchME_spouse])): Send request successfully

2022-11-25 09:35:38 - [MESSAGE][INFO] - HAR: D:\DMS\Engine Scoring\Reports\20221125_093256\Exclude KKB - DS - Married\Scoring Married - KKB\20221125_093256\requests\main\45.har

2022-11-25 09:35:38 - [MESSAGE][PASSED] - Send request successfully

2022-11-25 09:35:38 - [TEST_STEP][PASSED] - verifyResponseStatusCode(scoring, 200): Verify response status code successfully

2022-11-25 09:35:38 - [MESSAGE][PASSED] - Verify response status code successfully

2022-11-25 09:35:38 - [TEST_STEP][PASSED] - response2 = scoring.getResponseText(): null

2022-11-25 09:35:38 - [TEST_STEP][PASSED] - markPassed("result service data ke : " + no): result service data ke : 223

2022-11-25 09:35:38 - [MESSAGE][PASSED] - result service data ke : 223

2022-11-25 09:35:38 - [TEST_STEP][PASSED] - logInfo($response2): {"result_konsumen":"Approve","result_pasangan":"Reguler","Final_result":"Approve","errorMessage":"","status":"Done"}

2022-11-25 09:35:38 - [MESSAGE][INFO] - {"result_konsumen":"Approve","result_pasangan":"Reguler","Final_result":"Approve","errorMessage":"","status":"Done"}

2022-11-25 09:35:38 - [TEST_STEP][PASSED] - verifyElementPropertyValue(scoring, "Final_result", final_result): Verify element property value successfully

2022-11-25 09:35:38 - [MESSAGE][PASSED] - Verify element property value successfully]]></system-out>
         <system-err><![CDATA[]]></system-err>
      </testcase>
      <testcase name="Test Cases/Engine_Scoring/Engine Scoring" time="6.532" classname="Test Cases/Engine_Scoring/Engine Scoring" status="PASSED">
         <system-out><![CDATA[2022-11-25 09:35:38 - [TEST_CASE][PASSED] - Test Cases/Engine_Scoring/Engine Scoring: Test Cases/Engine_Scoring/Engine Scoring

2022-11-25 09:35:38 - [TEST_STEP][PASSED] - markPassed("Variasi data ke : " + no): Variasi data ke : 224

2022-11-25 09:35:38 - [MESSAGE][PASSED] - Variasi data ke : 224

2022-11-25 09:35:38 - [TEST_STEP][PASSED] - req_data = sendRequest(findTestObject("Search_ME", ["MID":MID, "source":source, "ip":ip, "userid":userid, "branch":branch, "tipekons":tipekons, "marital":marital, "penjamin":penjamin, ... ])): Send request successfully

2022-11-25 09:35:39 - [MESSAGE][INFO] - HAR: D:\DMS\Engine Scoring\Reports\20221125_093256\Exclude KKB - DS - Married\Scoring Married - KKB\20221125_093256\requests\main\46.har

2022-11-25 09:35:39 - [MESSAGE][PASSED] - Send request successfully

2022-11-25 09:35:39 - [TEST_STEP][PASSED] - slurper = new groovy.json.JsonSlurper(): null

2022-11-25 09:35:39 - [TEST_STEP][PASSED] - result = slurper.parseText(req_data.getResponseBodyContent()): null

2022-11-25 09:35:39 - [TEST_STEP][PASSED] - reqid_kons = requestid1: null

2022-11-25 09:35:39 - [TEST_STEP][PASSED] - reqid_spouse = requestid2: null

2022-11-25 09:35:39 - [TEST_STEP][PASSED] - println("requestid kons : " + reqid_kons): null

2022-11-25 09:35:39 - [TEST_STEP][PASSED] - response_searchME_kons = reqid_kons: null

2022-11-25 09:35:39 - [TEST_STEP][PASSED] - response_searchME_spouse = reqid_spouse: null

2022-11-25 09:35:39 - [TEST_STEP][PASSED] - println("kons req id is :" + response_searchME_kons): null

2022-11-25 09:35:39 - [TEST_STEP][PASSED] - println("spouse req id is : " + response_searchME_spouse): null

2022-11-25 09:35:39 - [TEST_STEP][PASSED] - verifyResponseStatusCode(req_data, 200): Verify response status code successfully

2022-11-25 09:35:39 - [MESSAGE][PASSED] - Verify response status code successfully

2022-11-25 09:35:39 - [TEST_STEP][PASSED] - response = req_data.getResponseText(): null

2022-11-25 09:35:39 - [TEST_STEP][PASSED] - logInfo($response): {"status":"Done","data":{"requestid1":"255046","requestid2":"255047"}}

2022-11-25 09:35:39 - [MESSAGE][INFO] - {"status":"Done","data":{"requestid1":"255046","requestid2":"255047"}}

2022-11-25 09:35:39 - [TEST_STEP][PASSED] - delay(5): Delayed 5 second(s)

2022-11-25 09:35:44 - [MESSAGE][PASSED] - Delayed 5 second(s)

2022-11-25 09:35:44 - [TEST_STEP][PASSED] - scoring = sendRequest(findTestObject("EngineScore", ["response_searchME_kons":response_searchME_kons, "response_searchME_spouse":response_searchME_spouse])): Send request successfully

2022-11-25 09:35:44 - [MESSAGE][INFO] - HAR: D:\DMS\Engine Scoring\Reports\20221125_093256\Exclude KKB - DS - Married\Scoring Married - KKB\20221125_093256\requests\main\47.har

2022-11-25 09:35:44 - [MESSAGE][PASSED] - Send request successfully

2022-11-25 09:35:44 - [TEST_STEP][PASSED] - verifyResponseStatusCode(scoring, 200): Verify response status code successfully

2022-11-25 09:35:44 - [MESSAGE][PASSED] - Verify response status code successfully

2022-11-25 09:35:44 - [TEST_STEP][PASSED] - response2 = scoring.getResponseText(): null

2022-11-25 09:35:44 - [TEST_STEP][PASSED] - markPassed("result service data ke : " + no): result service data ke : 224

2022-11-25 09:35:44 - [MESSAGE][PASSED] - result service data ke : 224

2022-11-25 09:35:44 - [TEST_STEP][PASSED] - logInfo($response2): {"result_konsumen":"Approve","result_pasangan":"Reguler","Final_result":"Approve","errorMessage":"","status":"Done"}

2022-11-25 09:35:44 - [MESSAGE][INFO] - {"result_konsumen":"Approve","result_pasangan":"Reguler","Final_result":"Approve","errorMessage":"","status":"Done"}

2022-11-25 09:35:44 - [TEST_STEP][PASSED] - verifyElementPropertyValue(scoring, "Final_result", final_result): Verify element property value successfully

2022-11-25 09:35:44 - [MESSAGE][PASSED] - Verify element property value successfully]]></system-out>
         <system-err><![CDATA[]]></system-err>
      </testcase>
      <testcase name="Test Cases/Engine_Scoring/Engine Scoring" time="7.405" classname="Test Cases/Engine_Scoring/Engine Scoring" status="PASSED">
         <system-out><![CDATA[2022-11-25 09:35:44 - [TEST_CASE][PASSED] - Test Cases/Engine_Scoring/Engine Scoring: Test Cases/Engine_Scoring/Engine Scoring

2022-11-25 09:35:46 - [TEST_STEP][PASSED] - markPassed("Variasi data ke : " + no): Variasi data ke : 225

2022-11-25 09:35:46 - [MESSAGE][PASSED] - Variasi data ke : 225

2022-11-25 09:35:46 - [TEST_STEP][PASSED] - req_data = sendRequest(findTestObject("Search_ME", ["MID":MID, "source":source, "ip":ip, "userid":userid, "branch":branch, "tipekons":tipekons, "marital":marital, "penjamin":penjamin, ... ])): Send request successfully

2022-11-25 09:35:47 - [MESSAGE][INFO] - HAR: D:\DMS\Engine Scoring\Reports\20221125_093256\Exclude KKB - DS - Married\Scoring Married - KKB\20221125_093256\requests\main\48.har

2022-11-25 09:35:47 - [MESSAGE][PASSED] - Send request successfully

2022-11-25 09:35:47 - [TEST_STEP][PASSED] - slurper = new groovy.json.JsonSlurper(): null

2022-11-25 09:35:47 - [TEST_STEP][PASSED] - result = slurper.parseText(req_data.getResponseBodyContent()): null

2022-11-25 09:35:47 - [TEST_STEP][PASSED] - reqid_kons = requestid1: null

2022-11-25 09:35:47 - [TEST_STEP][PASSED] - reqid_spouse = requestid2: null

2022-11-25 09:35:47 - [TEST_STEP][PASSED] - println("requestid kons : " + reqid_kons): null

2022-11-25 09:35:47 - [TEST_STEP][PASSED] - response_searchME_kons = reqid_kons: null

2022-11-25 09:35:47 - [TEST_STEP][PASSED] - response_searchME_spouse = reqid_spouse: null

2022-11-25 09:35:47 - [TEST_STEP][PASSED] - println("kons req id is :" + response_searchME_kons): null

2022-11-25 09:35:47 - [TEST_STEP][PASSED] - println("spouse req id is : " + response_searchME_spouse): null

2022-11-25 09:35:47 - [TEST_STEP][PASSED] - verifyResponseStatusCode(req_data, 200): Verify response status code successfully

2022-11-25 09:35:47 - [MESSAGE][PASSED] - Verify response status code successfully

2022-11-25 09:35:47 - [TEST_STEP][PASSED] - response = req_data.getResponseText(): null

2022-11-25 09:35:47 - [TEST_STEP][PASSED] - logInfo($response): {"status":"Done","data":{"requestid1":"255048","requestid2":"255049"}}

2022-11-25 09:35:47 - [MESSAGE][INFO] - {"status":"Done","data":{"requestid1":"255048","requestid2":"255049"}}

2022-11-25 09:35:47 - [TEST_STEP][PASSED] - delay(5): Delayed 5 second(s)

2022-11-25 09:35:52 - [MESSAGE][PASSED] - Delayed 5 second(s)

2022-11-25 09:35:52 - [TEST_STEP][PASSED] - scoring = sendRequest(findTestObject("EngineScore", ["response_searchME_kons":response_searchME_kons, "response_searchME_spouse":response_searchME_spouse])): Send request successfully

2022-11-25 09:35:52 - [MESSAGE][INFO] - HAR: D:\DMS\Engine Scoring\Reports\20221125_093256\Exclude KKB - DS - Married\Scoring Married - KKB\20221125_093256\requests\main\49.har

2022-11-25 09:35:52 - [MESSAGE][PASSED] - Send request successfully

2022-11-25 09:35:52 - [TEST_STEP][PASSED] - verifyResponseStatusCode(scoring, 200): Verify response status code successfully

2022-11-25 09:35:52 - [MESSAGE][PASSED] - Verify response status code successfully

2022-11-25 09:35:52 - [TEST_STEP][PASSED] - response2 = scoring.getResponseText(): null

2022-11-25 09:35:52 - [TEST_STEP][PASSED] - markPassed("result service data ke : " + no): result service data ke : 225

2022-11-25 09:35:52 - [MESSAGE][PASSED] - result service data ke : 225

2022-11-25 09:35:52 - [TEST_STEP][PASSED] - logInfo($response2): {"result_konsumen":"Approve","result_pasangan":"Reguler","Final_result":"Approve","errorMessage":"","status":"Done"}

2022-11-25 09:35:52 - [MESSAGE][INFO] - {"result_konsumen":"Approve","result_pasangan":"Reguler","Final_result":"Approve","errorMessage":"","status":"Done"}

2022-11-25 09:35:52 - [TEST_STEP][PASSED] - verifyElementPropertyValue(scoring, "Final_result", final_result): Verify element property value successfully

2022-11-25 09:35:52 - [MESSAGE][PASSED] - Verify element property value successfully]]></system-out>
         <system-err><![CDATA[]]></system-err>
      </testcase>
      <testcase name="Test Cases/Engine_Scoring/Engine Scoring" time="6.504" classname="Test Cases/Engine_Scoring/Engine Scoring" status="PASSED">
         <system-out><![CDATA[2022-11-25 09:35:52 - [TEST_CASE][PASSED] - Test Cases/Engine_Scoring/Engine Scoring: Test Cases/Engine_Scoring/Engine Scoring

2022-11-25 09:35:53 - [TEST_STEP][PASSED] - markPassed("Variasi data ke : " + no): Variasi data ke : 226

2022-11-25 09:35:53 - [MESSAGE][PASSED] - Variasi data ke : 226

2022-11-25 09:35:53 - [TEST_STEP][PASSED] - req_data = sendRequest(findTestObject("Search_ME", ["MID":MID, "source":source, "ip":ip, "userid":userid, "branch":branch, "tipekons":tipekons, "marital":marital, "penjamin":penjamin, ... ])): Send request successfully

2022-11-25 09:35:53 - [MESSAGE][INFO] - HAR: D:\DMS\Engine Scoring\Reports\20221125_093256\Exclude KKB - DS - Married\Scoring Married - KKB\20221125_093256\requests\main\50.har

2022-11-25 09:35:53 - [MESSAGE][PASSED] - Send request successfully

2022-11-25 09:35:53 - [TEST_STEP][PASSED] - slurper = new groovy.json.JsonSlurper(): null

2022-11-25 09:35:53 - [TEST_STEP][PASSED] - result = slurper.parseText(req_data.getResponseBodyContent()): null

2022-11-25 09:35:53 - [TEST_STEP][PASSED] - reqid_kons = requestid1: null

2022-11-25 09:35:53 - [TEST_STEP][PASSED] - reqid_spouse = requestid2: null

2022-11-25 09:35:53 - [TEST_STEP][PASSED] - println("requestid kons : " + reqid_kons): null

2022-11-25 09:35:53 - [TEST_STEP][PASSED] - response_searchME_kons = reqid_kons: null

2022-11-25 09:35:53 - [TEST_STEP][PASSED] - response_searchME_spouse = reqid_spouse: null

2022-11-25 09:35:53 - [TEST_STEP][PASSED] - println("kons req id is :" + response_searchME_kons): null

2022-11-25 09:35:53 - [TEST_STEP][PASSED] - println("spouse req id is : " + response_searchME_spouse): null

2022-11-25 09:35:53 - [TEST_STEP][PASSED] - verifyResponseStatusCode(req_data, 200): Verify response status code successfully

2022-11-25 09:35:53 - [MESSAGE][PASSED] - Verify response status code successfully

2022-11-25 09:35:53 - [TEST_STEP][PASSED] - response = req_data.getResponseText(): null

2022-11-25 09:35:53 - [TEST_STEP][PASSED] - logInfo($response): {"status":"Done","data":{"requestid1":"255050","requestid2":"255051"}}

2022-11-25 09:35:53 - [MESSAGE][INFO] - {"status":"Done","data":{"requestid1":"255050","requestid2":"255051"}}

2022-11-25 09:35:53 - [TEST_STEP][PASSED] - delay(5): Delayed 5 second(s)

2022-11-25 09:35:58 - [MESSAGE][PASSED] - Delayed 5 second(s)

2022-11-25 09:35:58 - [TEST_STEP][PASSED] - scoring = sendRequest(findTestObject("EngineScore", ["response_searchME_kons":response_searchME_kons, "response_searchME_spouse":response_searchME_spouse])): Send request successfully

2022-11-25 09:35:58 - [MESSAGE][INFO] - HAR: D:\DMS\Engine Scoring\Reports\20221125_093256\Exclude KKB - DS - Married\Scoring Married - KKB\20221125_093256\requests\main\51.har

2022-11-25 09:35:58 - [MESSAGE][PASSED] - Send request successfully

2022-11-25 09:35:58 - [TEST_STEP][PASSED] - verifyResponseStatusCode(scoring, 200): Verify response status code successfully

2022-11-25 09:35:58 - [MESSAGE][PASSED] - Verify response status code successfully

2022-11-25 09:35:58 - [TEST_STEP][PASSED] - response2 = scoring.getResponseText(): null

2022-11-25 09:35:58 - [TEST_STEP][PASSED] - markPassed("result service data ke : " + no): result service data ke : 226

2022-11-25 09:35:58 - [MESSAGE][PASSED] - result service data ke : 226

2022-11-25 09:35:58 - [TEST_STEP][PASSED] - logInfo($response2): {"result_konsumen":"Approve","result_pasangan":"Reject","Final_result":"Reject","errorMessage":"","status":"Done"}

2022-11-25 09:35:58 - [MESSAGE][INFO] - {"result_konsumen":"Approve","result_pasangan":"Reject","Final_result":"Reject","errorMessage":"","status":"Done"}

2022-11-25 09:35:58 - [TEST_STEP][PASSED] - verifyElementPropertyValue(scoring, "Final_result", final_result): Verify element property value successfully

2022-11-25 09:35:58 - [MESSAGE][PASSED] - Verify element property value successfully]]></system-out>
         <system-err><![CDATA[]]></system-err>
      </testcase>
      <testcase name="Test Cases/Engine_Scoring/Engine Scoring" time="6.447" classname="Test Cases/Engine_Scoring/Engine Scoring" status="PASSED">
         <system-out><![CDATA[2022-11-25 09:35:58 - [TEST_CASE][PASSED] - Test Cases/Engine_Scoring/Engine Scoring: Test Cases/Engine_Scoring/Engine Scoring

2022-11-25 09:35:59 - [TEST_STEP][PASSED] - markPassed("Variasi data ke : " + no): Variasi data ke : 227

2022-11-25 09:35:59 - [MESSAGE][PASSED] - Variasi data ke : 227

2022-11-25 09:35:59 - [TEST_STEP][PASSED] - req_data = sendRequest(findTestObject("Search_ME", ["MID":MID, "source":source, "ip":ip, "userid":userid, "branch":branch, "tipekons":tipekons, "marital":marital, "penjamin":penjamin, ... ])): Send request successfully

2022-11-25 09:36:00 - [MESSAGE][INFO] - HAR: D:\DMS\Engine Scoring\Reports\20221125_093256\Exclude KKB - DS - Married\Scoring Married - KKB\20221125_093256\requests\main\52.har

2022-11-25 09:36:00 - [MESSAGE][PASSED] - Send request successfully

2022-11-25 09:36:00 - [TEST_STEP][PASSED] - slurper = new groovy.json.JsonSlurper(): null

2022-11-25 09:36:00 - [TEST_STEP][PASSED] - result = slurper.parseText(req_data.getResponseBodyContent()): null

2022-11-25 09:36:00 - [TEST_STEP][PASSED] - reqid_kons = requestid1: null

2022-11-25 09:36:00 - [TEST_STEP][PASSED] - reqid_spouse = requestid2: null

2022-11-25 09:36:00 - [TEST_STEP][PASSED] - println("requestid kons : " + reqid_kons): null

2022-11-25 09:36:00 - [TEST_STEP][PASSED] - response_searchME_kons = reqid_kons: null

2022-11-25 09:36:00 - [TEST_STEP][PASSED] - response_searchME_spouse = reqid_spouse: null

2022-11-25 09:36:00 - [TEST_STEP][PASSED] - println("kons req id is :" + response_searchME_kons): null

2022-11-25 09:36:00 - [TEST_STEP][PASSED] - println("spouse req id is : " + response_searchME_spouse): null

2022-11-25 09:36:00 - [TEST_STEP][PASSED] - verifyResponseStatusCode(req_data, 200): Verify response status code successfully

2022-11-25 09:36:00 - [MESSAGE][PASSED] - Verify response status code successfully

2022-11-25 09:36:00 - [TEST_STEP][PASSED] - response = req_data.getResponseText(): null

2022-11-25 09:36:00 - [TEST_STEP][PASSED] - logInfo($response): {"status":"Done","data":{"requestid1":"255052","requestid2":"255053"}}

2022-11-25 09:36:00 - [MESSAGE][INFO] - {"status":"Done","data":{"requestid1":"255052","requestid2":"255053"}}

2022-11-25 09:36:00 - [TEST_STEP][PASSED] - delay(5): Delayed 5 second(s)

2022-11-25 09:36:05 - [MESSAGE][PASSED] - Delayed 5 second(s)

2022-11-25 09:36:05 - [TEST_STEP][PASSED] - scoring = sendRequest(findTestObject("EngineScore", ["response_searchME_kons":response_searchME_kons, "response_searchME_spouse":response_searchME_spouse])): Send request successfully

2022-11-25 09:36:05 - [MESSAGE][INFO] - HAR: D:\DMS\Engine Scoring\Reports\20221125_093256\Exclude KKB - DS - Married\Scoring Married - KKB\20221125_093256\requests\main\53.har

2022-11-25 09:36:05 - [MESSAGE][PASSED] - Send request successfully

2022-11-25 09:36:05 - [TEST_STEP][PASSED] - verifyResponseStatusCode(scoring, 200): Verify response status code successfully

2022-11-25 09:36:05 - [MESSAGE][PASSED] - Verify response status code successfully

2022-11-25 09:36:05 - [TEST_STEP][PASSED] - response2 = scoring.getResponseText(): null

2022-11-25 09:36:05 - [TEST_STEP][PASSED] - markPassed("result service data ke : " + no): result service data ke : 227

2022-11-25 09:36:05 - [MESSAGE][PASSED] - result service data ke : 227

2022-11-25 09:36:05 - [TEST_STEP][PASSED] - logInfo($response2): {"result_konsumen":"Approve","result_pasangan":"Reject","Final_result":"Reject","errorMessage":"","status":"Done"}

2022-11-25 09:36:05 - [MESSAGE][INFO] - {"result_konsumen":"Approve","result_pasangan":"Reject","Final_result":"Reject","errorMessage":"","status":"Done"}

2022-11-25 09:36:05 - [TEST_STEP][PASSED] - verifyElementPropertyValue(scoring, "Final_result", final_result): Verify element property value successfully

2022-11-25 09:36:05 - [MESSAGE][PASSED] - Verify element property value successfully]]></system-out>
         <system-err><![CDATA[]]></system-err>
      </testcase>
      <testcase name="Test Cases/Engine_Scoring/Engine Scoring" time="6.557" classname="Test Cases/Engine_Scoring/Engine Scoring" status="PASSED">
         <system-out><![CDATA[2022-11-25 09:36:05 - [TEST_CASE][PASSED] - Test Cases/Engine_Scoring/Engine Scoring: Test Cases/Engine_Scoring/Engine Scoring

2022-11-25 09:36:06 - [TEST_STEP][PASSED] - markPassed("Variasi data ke : " + no): Variasi data ke : 228

2022-11-25 09:36:06 - [MESSAGE][PASSED] - Variasi data ke : 228

2022-11-25 09:36:06 - [TEST_STEP][PASSED] - req_data = sendRequest(findTestObject("Search_ME", ["MID":MID, "source":source, "ip":ip, "userid":userid, "branch":branch, "tipekons":tipekons, "marital":marital, "penjamin":penjamin, ... ])): Send request successfully

2022-11-25 09:36:06 - [MESSAGE][INFO] - HAR: D:\DMS\Engine Scoring\Reports\20221125_093256\Exclude KKB - DS - Married\Scoring Married - KKB\20221125_093256\requests\main\54.har

2022-11-25 09:36:06 - [MESSAGE][PASSED] - Send request successfully

2022-11-25 09:36:06 - [TEST_STEP][PASSED] - slurper = new groovy.json.JsonSlurper(): null

2022-11-25 09:36:06 - [TEST_STEP][PASSED] - result = slurper.parseText(req_data.getResponseBodyContent()): null

2022-11-25 09:36:06 - [TEST_STEP][PASSED] - reqid_kons = requestid1: null

2022-11-25 09:36:06 - [TEST_STEP][PASSED] - reqid_spouse = requestid2: null

2022-11-25 09:36:06 - [TEST_STEP][PASSED] - println("requestid kons : " + reqid_kons): null

2022-11-25 09:36:06 - [TEST_STEP][PASSED] - response_searchME_kons = reqid_kons: null

2022-11-25 09:36:06 - [TEST_STEP][PASSED] - response_searchME_spouse = reqid_spouse: null

2022-11-25 09:36:06 - [TEST_STEP][PASSED] - println("kons req id is :" + response_searchME_kons): null

2022-11-25 09:36:06 - [TEST_STEP][PASSED] - println("spouse req id is : " + response_searchME_spouse): null

2022-11-25 09:36:06 - [TEST_STEP][PASSED] - verifyResponseStatusCode(req_data, 200): Verify response status code successfully

2022-11-25 09:36:06 - [MESSAGE][PASSED] - Verify response status code successfully

2022-11-25 09:36:06 - [TEST_STEP][PASSED] - response = req_data.getResponseText(): null

2022-11-25 09:36:06 - [TEST_STEP][PASSED] - logInfo($response): {"status":"Done","data":{"requestid1":"255054","requestid2":"255055"}}

2022-11-25 09:36:06 - [MESSAGE][INFO] - {"status":"Done","data":{"requestid1":"255054","requestid2":"255055"}}

2022-11-25 09:36:06 - [TEST_STEP][PASSED] - delay(5): Delayed 5 second(s)

2022-11-25 09:36:11 - [MESSAGE][PASSED] - Delayed 5 second(s)

2022-11-25 09:36:11 - [TEST_STEP][PASSED] - scoring = sendRequest(findTestObject("EngineScore", ["response_searchME_kons":response_searchME_kons, "response_searchME_spouse":response_searchME_spouse])): Send request successfully

2022-11-25 09:36:11 - [MESSAGE][INFO] - HAR: D:\DMS\Engine Scoring\Reports\20221125_093256\Exclude KKB - DS - Married\Scoring Married - KKB\20221125_093256\requests\main\55.har

2022-11-25 09:36:11 - [MESSAGE][PASSED] - Send request successfully

2022-11-25 09:36:11 - [TEST_STEP][PASSED] - verifyResponseStatusCode(scoring, 200): Verify response status code successfully

2022-11-25 09:36:11 - [MESSAGE][PASSED] - Verify response status code successfully

2022-11-25 09:36:11 - [TEST_STEP][PASSED] - response2 = scoring.getResponseText(): null

2022-11-25 09:36:11 - [TEST_STEP][PASSED] - markPassed("result service data ke : " + no): result service data ke : 228

2022-11-25 09:36:11 - [MESSAGE][PASSED] - result service data ke : 228

2022-11-25 09:36:11 - [TEST_STEP][PASSED] - logInfo($response2): {"result_konsumen":"Approve","result_pasangan":"Reject","Final_result":"Reject","errorMessage":"","status":"Done"}

2022-11-25 09:36:11 - [MESSAGE][INFO] - {"result_konsumen":"Approve","result_pasangan":"Reject","Final_result":"Reject","errorMessage":"","status":"Done"}

2022-11-25 09:36:11 - [TEST_STEP][PASSED] - verifyElementPropertyValue(scoring, "Final_result", final_result): Verify element property value successfully

2022-11-25 09:36:11 - [MESSAGE][PASSED] - Verify element property value successfully]]></system-out>
         <system-err><![CDATA[]]></system-err>
      </testcase>
      <testcase name="Test Cases/Engine_Scoring/Engine Scoring" time="6.526" classname="Test Cases/Engine_Scoring/Engine Scoring" status="PASSED">
         <system-out><![CDATA[2022-11-25 09:36:11 - [TEST_CASE][PASSED] - Test Cases/Engine_Scoring/Engine Scoring: Test Cases/Engine_Scoring/Engine Scoring

2022-11-25 09:36:12 - [TEST_STEP][PASSED] - markPassed("Variasi data ke : " + no): Variasi data ke : 229

2022-11-25 09:36:12 - [MESSAGE][PASSED] - Variasi data ke : 229

2022-11-25 09:36:12 - [TEST_STEP][PASSED] - req_data = sendRequest(findTestObject("Search_ME", ["MID":MID, "source":source, "ip":ip, "userid":userid, "branch":branch, "tipekons":tipekons, "marital":marital, "penjamin":penjamin, ... ])): Send request successfully

2022-11-25 09:36:13 - [MESSAGE][INFO] - HAR: D:\DMS\Engine Scoring\Reports\20221125_093256\Exclude KKB - DS - Married\Scoring Married - KKB\20221125_093256\requests\main\56.har

2022-11-25 09:36:13 - [MESSAGE][PASSED] - Send request successfully

2022-11-25 09:36:13 - [TEST_STEP][PASSED] - slurper = new groovy.json.JsonSlurper(): null

2022-11-25 09:36:13 - [TEST_STEP][PASSED] - result = slurper.parseText(req_data.getResponseBodyContent()): null

2022-11-25 09:36:13 - [TEST_STEP][PASSED] - reqid_kons = requestid1: null

2022-11-25 09:36:13 - [TEST_STEP][PASSED] - reqid_spouse = requestid2: null

2022-11-25 09:36:13 - [TEST_STEP][PASSED] - println("requestid kons : " + reqid_kons): null

2022-11-25 09:36:13 - [TEST_STEP][PASSED] - response_searchME_kons = reqid_kons: null

2022-11-25 09:36:13 - [TEST_STEP][PASSED] - response_searchME_spouse = reqid_spouse: null

2022-11-25 09:36:13 - [TEST_STEP][PASSED] - println("kons req id is :" + response_searchME_kons): null

2022-11-25 09:36:13 - [TEST_STEP][PASSED] - println("spouse req id is : " + response_searchME_spouse): null

2022-11-25 09:36:13 - [TEST_STEP][PASSED] - verifyResponseStatusCode(req_data, 200): Verify response status code successfully

2022-11-25 09:36:13 - [MESSAGE][PASSED] - Verify response status code successfully

2022-11-25 09:36:13 - [TEST_STEP][PASSED] - response = req_data.getResponseText(): null

2022-11-25 09:36:13 - [TEST_STEP][PASSED] - logInfo($response): {"status":"Done","data":{"requestid1":"255056","requestid2":"255057"}}

2022-11-25 09:36:13 - [MESSAGE][INFO] - {"status":"Done","data":{"requestid1":"255056","requestid2":"255057"}}

2022-11-25 09:36:13 - [TEST_STEP][PASSED] - delay(5): Delayed 5 second(s)

2022-11-25 09:36:18 - [MESSAGE][PASSED] - Delayed 5 second(s)

2022-11-25 09:36:18 - [TEST_STEP][PASSED] - scoring = sendRequest(findTestObject("EngineScore", ["response_searchME_kons":response_searchME_kons, "response_searchME_spouse":response_searchME_spouse])): Send request successfully

2022-11-25 09:36:18 - [MESSAGE][INFO] - HAR: D:\DMS\Engine Scoring\Reports\20221125_093256\Exclude KKB - DS - Married\Scoring Married - KKB\20221125_093256\requests\main\57.har

2022-11-25 09:36:18 - [MESSAGE][PASSED] - Send request successfully

2022-11-25 09:36:18 - [TEST_STEP][PASSED] - verifyResponseStatusCode(scoring, 200): Verify response status code successfully

2022-11-25 09:36:18 - [MESSAGE][PASSED] - Verify response status code successfully

2022-11-25 09:36:18 - [TEST_STEP][PASSED] - response2 = scoring.getResponseText(): null

2022-11-25 09:36:18 - [TEST_STEP][PASSED] - markPassed("result service data ke : " + no): result service data ke : 229

2022-11-25 09:36:18 - [MESSAGE][PASSED] - result service data ke : 229

2022-11-25 09:36:18 - [TEST_STEP][PASSED] - logInfo($response2): {"result_konsumen":"Approve","result_pasangan":"Reject","Final_result":"Reject","errorMessage":"","status":"Done"}

2022-11-25 09:36:18 - [MESSAGE][INFO] - {"result_konsumen":"Approve","result_pasangan":"Reject","Final_result":"Reject","errorMessage":"","status":"Done"}

2022-11-25 09:36:18 - [TEST_STEP][PASSED] - verifyElementPropertyValue(scoring, "Final_result", final_result): Verify element property value successfully

2022-11-25 09:36:18 - [MESSAGE][PASSED] - Verify element property value successfully]]></system-out>
         <system-err><![CDATA[]]></system-err>
      </testcase>
      <testcase name="Test Cases/Engine_Scoring/Engine Scoring" time="6.482" classname="Test Cases/Engine_Scoring/Engine Scoring" status="PASSED">
         <system-out><![CDATA[2022-11-25 09:36:18 - [TEST_CASE][PASSED] - Test Cases/Engine_Scoring/Engine Scoring: Test Cases/Engine_Scoring/Engine Scoring

2022-11-25 09:36:19 - [TEST_STEP][PASSED] - markPassed("Variasi data ke : " + no): Variasi data ke : 230

2022-11-25 09:36:19 - [MESSAGE][PASSED] - Variasi data ke : 230

2022-11-25 09:36:19 - [TEST_STEP][PASSED] - req_data = sendRequest(findTestObject("Search_ME", ["MID":MID, "source":source, "ip":ip, "userid":userid, "branch":branch, "tipekons":tipekons, "marital":marital, "penjamin":penjamin, ... ])): Send request successfully

2022-11-25 09:36:19 - [MESSAGE][INFO] - HAR: D:\DMS\Engine Scoring\Reports\20221125_093256\Exclude KKB - DS - Married\Scoring Married - KKB\20221125_093256\requests\main\58.har

2022-11-25 09:36:19 - [MESSAGE][PASSED] - Send request successfully

2022-11-25 09:36:19 - [TEST_STEP][PASSED] - slurper = new groovy.json.JsonSlurper(): null

2022-11-25 09:36:19 - [TEST_STEP][PASSED] - result = slurper.parseText(req_data.getResponseBodyContent()): null

2022-11-25 09:36:19 - [TEST_STEP][PASSED] - reqid_kons = requestid1: null

2022-11-25 09:36:19 - [TEST_STEP][PASSED] - reqid_spouse = requestid2: null

2022-11-25 09:36:19 - [TEST_STEP][PASSED] - println("requestid kons : " + reqid_kons): null

2022-11-25 09:36:19 - [TEST_STEP][PASSED] - response_searchME_kons = reqid_kons: null

2022-11-25 09:36:19 - [TEST_STEP][PASSED] - response_searchME_spouse = reqid_spouse: null

2022-11-25 09:36:19 - [TEST_STEP][PASSED] - println("kons req id is :" + response_searchME_kons): null

2022-11-25 09:36:19 - [TEST_STEP][PASSED] - println("spouse req id is : " + response_searchME_spouse): null

2022-11-25 09:36:19 - [TEST_STEP][PASSED] - verifyResponseStatusCode(req_data, 200): Verify response status code successfully

2022-11-25 09:36:19 - [MESSAGE][PASSED] - Verify response status code successfully

2022-11-25 09:36:19 - [TEST_STEP][PASSED] - response = req_data.getResponseText(): null

2022-11-25 09:36:19 - [TEST_STEP][PASSED] - logInfo($response): {"status":"Done","data":{"requestid1":"255058","requestid2":"255059"}}

2022-11-25 09:36:19 - [MESSAGE][INFO] - {"status":"Done","data":{"requestid1":"255058","requestid2":"255059"}}

2022-11-25 09:36:19 - [TEST_STEP][PASSED] - delay(5): Delayed 5 second(s)

2022-11-25 09:36:24 - [MESSAGE][PASSED] - Delayed 5 second(s)

2022-11-25 09:36:24 - [TEST_STEP][PASSED] - scoring = sendRequest(findTestObject("EngineScore", ["response_searchME_kons":response_searchME_kons, "response_searchME_spouse":response_searchME_spouse])): Send request successfully

2022-11-25 09:36:25 - [MESSAGE][INFO] - HAR: D:\DMS\Engine Scoring\Reports\20221125_093256\Exclude KKB - DS - Married\Scoring Married - KKB\20221125_093256\requests\main\59.har

2022-11-25 09:36:25 - [MESSAGE][PASSED] - Send request successfully

2022-11-25 09:36:25 - [TEST_STEP][PASSED] - verifyResponseStatusCode(scoring, 200): Verify response status code successfully

2022-11-25 09:36:25 - [MESSAGE][PASSED] - Verify response status code successfully

2022-11-25 09:36:25 - [TEST_STEP][PASSED] - response2 = scoring.getResponseText(): null

2022-11-25 09:36:25 - [TEST_STEP][PASSED] - markPassed("result service data ke : " + no): result service data ke : 230

2022-11-25 09:36:25 - [MESSAGE][PASSED] - result service data ke : 230

2022-11-25 09:36:25 - [TEST_STEP][PASSED] - logInfo($response2): {"result_konsumen":"Approve","result_pasangan":"Reject","Final_result":"Reject","errorMessage":"","status":"Done"}

2022-11-25 09:36:25 - [MESSAGE][INFO] - {"result_konsumen":"Approve","result_pasangan":"Reject","Final_result":"Reject","errorMessage":"","status":"Done"}

2022-11-25 09:36:25 - [TEST_STEP][PASSED] - verifyElementPropertyValue(scoring, "Final_result", final_result): Verify element property value successfully

2022-11-25 09:36:25 - [MESSAGE][PASSED] - Verify element property value successfully]]></system-out>
         <system-err><![CDATA[]]></system-err>
      </testcase>
      <testcase name="Test Cases/Engine_Scoring/Engine Scoring" time="6.561" classname="Test Cases/Engine_Scoring/Engine Scoring" status="PASSED">
         <system-out><![CDATA[2022-11-25 09:36:25 - [TEST_CASE][PASSED] - Test Cases/Engine_Scoring/Engine Scoring: Test Cases/Engine_Scoring/Engine Scoring

2022-11-25 09:36:25 - [TEST_STEP][PASSED] - markPassed("Variasi data ke : " + no): Variasi data ke : 231

2022-11-25 09:36:25 - [MESSAGE][PASSED] - Variasi data ke : 231

2022-11-25 09:36:25 - [TEST_STEP][PASSED] - req_data = sendRequest(findTestObject("Search_ME", ["MID":MID, "source":source, "ip":ip, "userid":userid, "branch":branch, "tipekons":tipekons, "marital":marital, "penjamin":penjamin, ... ])): Send request successfully

2022-11-25 09:36:26 - [MESSAGE][INFO] - HAR: D:\DMS\Engine Scoring\Reports\20221125_093256\Exclude KKB - DS - Married\Scoring Married - KKB\20221125_093256\requests\main\60.har

2022-11-25 09:36:26 - [MESSAGE][PASSED] - Send request successfully

2022-11-25 09:36:26 - [TEST_STEP][PASSED] - slurper = new groovy.json.JsonSlurper(): null

2022-11-25 09:36:26 - [TEST_STEP][PASSED] - result = slurper.parseText(req_data.getResponseBodyContent()): null

2022-11-25 09:36:26 - [TEST_STEP][PASSED] - reqid_kons = requestid1: null

2022-11-25 09:36:26 - [TEST_STEP][PASSED] - reqid_spouse = requestid2: null

2022-11-25 09:36:26 - [TEST_STEP][PASSED] - println("requestid kons : " + reqid_kons): null

2022-11-25 09:36:26 - [TEST_STEP][PASSED] - response_searchME_kons = reqid_kons: null

2022-11-25 09:36:26 - [TEST_STEP][PASSED] - response_searchME_spouse = reqid_spouse: null

2022-11-25 09:36:26 - [TEST_STEP][PASSED] - println("kons req id is :" + response_searchME_kons): null

2022-11-25 09:36:26 - [TEST_STEP][PASSED] - println("spouse req id is : " + response_searchME_spouse): null

2022-11-25 09:36:26 - [TEST_STEP][PASSED] - verifyResponseStatusCode(req_data, 200): Verify response status code successfully

2022-11-25 09:36:26 - [MESSAGE][PASSED] - Verify response status code successfully

2022-11-25 09:36:26 - [TEST_STEP][PASSED] - response = req_data.getResponseText(): null

2022-11-25 09:36:26 - [TEST_STEP][PASSED] - logInfo($response): {"status":"Done","data":{"requestid1":"255060","requestid2":"255061"}}

2022-11-25 09:36:26 - [MESSAGE][INFO] - {"status":"Done","data":{"requestid1":"255060","requestid2":"255061"}}

2022-11-25 09:36:26 - [TEST_STEP][PASSED] - delay(5): Delayed 5 second(s)

2022-11-25 09:36:31 - [MESSAGE][PASSED] - Delayed 5 second(s)

2022-11-25 09:36:31 - [TEST_STEP][PASSED] - scoring = sendRequest(findTestObject("EngineScore", ["response_searchME_kons":response_searchME_kons, "response_searchME_spouse":response_searchME_spouse])): Send request successfully

2022-11-25 09:36:31 - [MESSAGE][INFO] - HAR: D:\DMS\Engine Scoring\Reports\20221125_093256\Exclude KKB - DS - Married\Scoring Married - KKB\20221125_093256\requests\main\61.har

2022-11-25 09:36:31 - [MESSAGE][PASSED] - Send request successfully

2022-11-25 09:36:31 - [TEST_STEP][PASSED] - verifyResponseStatusCode(scoring, 200): Verify response status code successfully

2022-11-25 09:36:31 - [MESSAGE][PASSED] - Verify response status code successfully

2022-11-25 09:36:31 - [TEST_STEP][PASSED] - response2 = scoring.getResponseText(): null

2022-11-25 09:36:31 - [TEST_STEP][PASSED] - markPassed("result service data ke : " + no): result service data ke : 231

2022-11-25 09:36:31 - [MESSAGE][PASSED] - result service data ke : 231

2022-11-25 09:36:31 - [TEST_STEP][PASSED] - logInfo($response2): {"result_konsumen":"Approve","result_pasangan":"Reject","Final_result":"Reject","errorMessage":"","status":"Done"}

2022-11-25 09:36:31 - [MESSAGE][INFO] - {"result_konsumen":"Approve","result_pasangan":"Reject","Final_result":"Reject","errorMessage":"","status":"Done"}

2022-11-25 09:36:31 - [TEST_STEP][PASSED] - verifyElementPropertyValue(scoring, "Final_result", final_result): Verify element property value successfully

2022-11-25 09:36:31 - [MESSAGE][PASSED] - Verify element property value successfully]]></system-out>
         <system-err><![CDATA[]]></system-err>
      </testcase>
      <testcase name="Test Cases/Engine_Scoring/Engine Scoring" time="6.753" classname="Test Cases/Engine_Scoring/Engine Scoring" status="PASSED">
         <system-out><![CDATA[2022-11-25 09:36:31 - [TEST_CASE][PASSED] - Test Cases/Engine_Scoring/Engine Scoring: Test Cases/Engine_Scoring/Engine Scoring

2022-11-25 09:36:32 - [TEST_STEP][PASSED] - markPassed("Variasi data ke : " + no): Variasi data ke : 232

2022-11-25 09:36:32 - [MESSAGE][PASSED] - Variasi data ke : 232

2022-11-25 09:36:32 - [TEST_STEP][PASSED] - req_data = sendRequest(findTestObject("Search_ME", ["MID":MID, "source":source, "ip":ip, "userid":userid, "branch":branch, "tipekons":tipekons, "marital":marital, "penjamin":penjamin, ... ])): Send request successfully

2022-11-25 09:36:33 - [MESSAGE][INFO] - HAR: D:\DMS\Engine Scoring\Reports\20221125_093256\Exclude KKB - DS - Married\Scoring Married - KKB\20221125_093256\requests\main\62.har

2022-11-25 09:36:33 - [MESSAGE][PASSED] - Send request successfully

2022-11-25 09:36:33 - [TEST_STEP][PASSED] - slurper = new groovy.json.JsonSlurper(): null

2022-11-25 09:36:33 - [TEST_STEP][PASSED] - result = slurper.parseText(req_data.getResponseBodyContent()): null

2022-11-25 09:36:33 - [TEST_STEP][PASSED] - reqid_kons = requestid1: null

2022-11-25 09:36:33 - [TEST_STEP][PASSED] - reqid_spouse = requestid2: null

2022-11-25 09:36:33 - [TEST_STEP][PASSED] - println("requestid kons : " + reqid_kons): null

2022-11-25 09:36:33 - [TEST_STEP][PASSED] - response_searchME_kons = reqid_kons: null

2022-11-25 09:36:33 - [TEST_STEP][PASSED] - response_searchME_spouse = reqid_spouse: null

2022-11-25 09:36:33 - [TEST_STEP][PASSED] - println("kons req id is :" + response_searchME_kons): null

2022-11-25 09:36:33 - [TEST_STEP][PASSED] - println("spouse req id is : " + response_searchME_spouse): null

2022-11-25 09:36:33 - [TEST_STEP][PASSED] - verifyResponseStatusCode(req_data, 200): Verify response status code successfully

2022-11-25 09:36:33 - [MESSAGE][PASSED] - Verify response status code successfully

2022-11-25 09:36:33 - [TEST_STEP][PASSED] - response = req_data.getResponseText(): null

2022-11-25 09:36:33 - [TEST_STEP][PASSED] - logInfo($response): {"status":"Done","data":{"requestid1":"255062","requestid2":"255063"}}

2022-11-25 09:36:33 - [MESSAGE][INFO] - {"status":"Done","data":{"requestid1":"255062","requestid2":"255063"}}

2022-11-25 09:36:33 - [TEST_STEP][PASSED] - delay(5): Delayed 5 second(s)

2022-11-25 09:36:38 - [MESSAGE][PASSED] - Delayed 5 second(s)

2022-11-25 09:36:38 - [TEST_STEP][PASSED] - scoring = sendRequest(findTestObject("EngineScore", ["response_searchME_kons":response_searchME_kons, "response_searchME_spouse":response_searchME_spouse])): Send request successfully

2022-11-25 09:36:38 - [MESSAGE][INFO] - HAR: D:\DMS\Engine Scoring\Reports\20221125_093256\Exclude KKB - DS - Married\Scoring Married - KKB\20221125_093256\requests\main\63.har

2022-11-25 09:36:38 - [MESSAGE][PASSED] - Send request successfully

2022-11-25 09:36:38 - [TEST_STEP][PASSED] - verifyResponseStatusCode(scoring, 200): Verify response status code successfully

2022-11-25 09:36:38 - [MESSAGE][PASSED] - Verify response status code successfully

2022-11-25 09:36:38 - [TEST_STEP][PASSED] - response2 = scoring.getResponseText(): null

2022-11-25 09:36:38 - [TEST_STEP][PASSED] - markPassed("result service data ke : " + no): result service data ke : 232

2022-11-25 09:36:38 - [MESSAGE][PASSED] - result service data ke : 232

2022-11-25 09:36:38 - [TEST_STEP][PASSED] - logInfo($response2): {"result_konsumen":"Approve","result_pasangan":"Reject","Final_result":"Reject","errorMessage":"","status":"Done"}

2022-11-25 09:36:38 - [MESSAGE][INFO] - {"result_konsumen":"Approve","result_pasangan":"Reject","Final_result":"Reject","errorMessage":"","status":"Done"}

2022-11-25 09:36:38 - [TEST_STEP][PASSED] - verifyElementPropertyValue(scoring, "Final_result", final_result): Verify element property value successfully

2022-11-25 09:36:38 - [MESSAGE][PASSED] - Verify element property value successfully]]></system-out>
         <system-err><![CDATA[]]></system-err>
      </testcase>
      <testcase name="Test Cases/Engine_Scoring/Engine Scoring" time="6.676" classname="Test Cases/Engine_Scoring/Engine Scoring" status="PASSED">
         <system-out><![CDATA[2022-11-25 09:36:38 - [TEST_CASE][PASSED] - Test Cases/Engine_Scoring/Engine Scoring: Test Cases/Engine_Scoring/Engine Scoring

2022-11-25 09:36:39 - [TEST_STEP][PASSED] - markPassed("Variasi data ke : " + no): Variasi data ke : 233

2022-11-25 09:36:39 - [MESSAGE][PASSED] - Variasi data ke : 233

2022-11-25 09:36:39 - [TEST_STEP][PASSED] - req_data = sendRequest(findTestObject("Search_ME", ["MID":MID, "source":source, "ip":ip, "userid":userid, "branch":branch, "tipekons":tipekons, "marital":marital, "penjamin":penjamin, ... ])): Send request successfully

2022-11-25 09:36:40 - [MESSAGE][INFO] - HAR: D:\DMS\Engine Scoring\Reports\20221125_093256\Exclude KKB - DS - Married\Scoring Married - KKB\20221125_093256\requests\main\64.har

2022-11-25 09:36:40 - [MESSAGE][PASSED] - Send request successfully

2022-11-25 09:36:40 - [TEST_STEP][PASSED] - slurper = new groovy.json.JsonSlurper(): null

2022-11-25 09:36:40 - [TEST_STEP][PASSED] - result = slurper.parseText(req_data.getResponseBodyContent()): null

2022-11-25 09:36:40 - [TEST_STEP][PASSED] - reqid_kons = requestid1: null

2022-11-25 09:36:40 - [TEST_STEP][PASSED] - reqid_spouse = requestid2: null

2022-11-25 09:36:40 - [TEST_STEP][PASSED] - println("requestid kons : " + reqid_kons): null

2022-11-25 09:36:40 - [TEST_STEP][PASSED] - response_searchME_kons = reqid_kons: null

2022-11-25 09:36:40 - [TEST_STEP][PASSED] - response_searchME_spouse = reqid_spouse: null

2022-11-25 09:36:40 - [TEST_STEP][PASSED] - println("kons req id is :" + response_searchME_kons): null

2022-11-25 09:36:40 - [TEST_STEP][PASSED] - println("spouse req id is : " + response_searchME_spouse): null

2022-11-25 09:36:40 - [TEST_STEP][PASSED] - verifyResponseStatusCode(req_data, 200): Verify response status code successfully

2022-11-25 09:36:40 - [MESSAGE][PASSED] - Verify response status code successfully

2022-11-25 09:36:40 - [TEST_STEP][PASSED] - response = req_data.getResponseText(): null

2022-11-25 09:36:40 - [TEST_STEP][PASSED] - logInfo($response): {"status":"Done","data":{"requestid1":"255064","requestid2":"255065"}}

2022-11-25 09:36:40 - [MESSAGE][INFO] - {"status":"Done","data":{"requestid1":"255064","requestid2":"255065"}}

2022-11-25 09:36:40 - [TEST_STEP][PASSED] - delay(5): Delayed 5 second(s)

2022-11-25 09:36:45 - [MESSAGE][PASSED] - Delayed 5 second(s)

2022-11-25 09:36:45 - [TEST_STEP][PASSED] - scoring = sendRequest(findTestObject("EngineScore", ["response_searchME_kons":response_searchME_kons, "response_searchME_spouse":response_searchME_spouse])): Send request successfully

2022-11-25 09:36:45 - [MESSAGE][INFO] - HAR: D:\DMS\Engine Scoring\Reports\20221125_093256\Exclude KKB - DS - Married\Scoring Married - KKB\20221125_093256\requests\main\65.har

2022-11-25 09:36:45 - [MESSAGE][PASSED] - Send request successfully

2022-11-25 09:36:45 - [TEST_STEP][PASSED] - verifyResponseStatusCode(scoring, 200): Verify response status code successfully

2022-11-25 09:36:45 - [MESSAGE][PASSED] - Verify response status code successfully

2022-11-25 09:36:45 - [TEST_STEP][PASSED] - response2 = scoring.getResponseText(): null

2022-11-25 09:36:45 - [TEST_STEP][PASSED] - markPassed("result service data ke : " + no): result service data ke : 233

2022-11-25 09:36:45 - [MESSAGE][PASSED] - result service data ke : 233

2022-11-25 09:36:45 - [TEST_STEP][PASSED] - logInfo($response2): {"result_konsumen":"Approve","result_pasangan":"Reject","Final_result":"Reject","errorMessage":"","status":"Done"}

2022-11-25 09:36:45 - [MESSAGE][INFO] - {"result_konsumen":"Approve","result_pasangan":"Reject","Final_result":"Reject","errorMessage":"","status":"Done"}

2022-11-25 09:36:45 - [TEST_STEP][PASSED] - verifyElementPropertyValue(scoring, "Final_result", final_result): Verify element property value successfully

2022-11-25 09:36:45 - [MESSAGE][PASSED] - Verify element property value successfully]]></system-out>
         <system-err><![CDATA[]]></system-err>
      </testcase>
      <testcase name="Test Cases/Engine_Scoring/Engine Scoring" time="6.591" classname="Test Cases/Engine_Scoring/Engine Scoring" status="PASSED">
         <system-out><![CDATA[2022-11-25 09:36:45 - [TEST_CASE][PASSED] - Test Cases/Engine_Scoring/Engine Scoring: Test Cases/Engine_Scoring/Engine Scoring

2022-11-25 09:36:46 - [TEST_STEP][PASSED] - markPassed("Variasi data ke : " + no): Variasi data ke : 234

2022-11-25 09:36:46 - [MESSAGE][PASSED] - Variasi data ke : 234

2022-11-25 09:36:46 - [TEST_STEP][PASSED] - req_data = sendRequest(findTestObject("Search_ME", ["MID":MID, "source":source, "ip":ip, "userid":userid, "branch":branch, "tipekons":tipekons, "marital":marital, "penjamin":penjamin, ... ])): Send request successfully

2022-11-25 09:36:46 - [MESSAGE][INFO] - HAR: D:\DMS\Engine Scoring\Reports\20221125_093256\Exclude KKB - DS - Married\Scoring Married - KKB\20221125_093256\requests\main\66.har

2022-11-25 09:36:46 - [MESSAGE][PASSED] - Send request successfully

2022-11-25 09:36:46 - [TEST_STEP][PASSED] - slurper = new groovy.json.JsonSlurper(): null

2022-11-25 09:36:46 - [TEST_STEP][PASSED] - result = slurper.parseText(req_data.getResponseBodyContent()): null

2022-11-25 09:36:46 - [TEST_STEP][PASSED] - reqid_kons = requestid1: null

2022-11-25 09:36:46 - [TEST_STEP][PASSED] - reqid_spouse = requestid2: null

2022-11-25 09:36:46 - [TEST_STEP][PASSED] - println("requestid kons : " + reqid_kons): null

2022-11-25 09:36:46 - [TEST_STEP][PASSED] - response_searchME_kons = reqid_kons: null

2022-11-25 09:36:46 - [TEST_STEP][PASSED] - response_searchME_spouse = reqid_spouse: null

2022-11-25 09:36:46 - [TEST_STEP][PASSED] - println("kons req id is :" + response_searchME_kons): null

2022-11-25 09:36:46 - [TEST_STEP][PASSED] - println("spouse req id is : " + response_searchME_spouse): null

2022-11-25 09:36:46 - [TEST_STEP][PASSED] - verifyResponseStatusCode(req_data, 200): Verify response status code successfully

2022-11-25 09:36:46 - [MESSAGE][PASSED] - Verify response status code successfully

2022-11-25 09:36:46 - [TEST_STEP][PASSED] - response = req_data.getResponseText(): null

2022-11-25 09:36:46 - [TEST_STEP][PASSED] - logInfo($response): {"status":"Done","data":{"requestid1":"255066","requestid2":"255067"}}

2022-11-25 09:36:46 - [MESSAGE][INFO] - {"status":"Done","data":{"requestid1":"255066","requestid2":"255067"}}

2022-11-25 09:36:46 - [TEST_STEP][PASSED] - delay(5): Delayed 5 second(s)

2022-11-25 09:36:51 - [MESSAGE][PASSED] - Delayed 5 second(s)

2022-11-25 09:36:51 - [TEST_STEP][PASSED] - scoring = sendRequest(findTestObject("EngineScore", ["response_searchME_kons":response_searchME_kons, "response_searchME_spouse":response_searchME_spouse])): Send request successfully

2022-11-25 09:36:51 - [MESSAGE][INFO] - HAR: D:\DMS\Engine Scoring\Reports\20221125_093256\Exclude KKB - DS - Married\Scoring Married - KKB\20221125_093256\requests\main\67.har

2022-11-25 09:36:51 - [MESSAGE][PASSED] - Send request successfully

2022-11-25 09:36:51 - [TEST_STEP][PASSED] - verifyResponseStatusCode(scoring, 200): Verify response status code successfully

2022-11-25 09:36:51 - [MESSAGE][PASSED] - Verify response status code successfully

2022-11-25 09:36:51 - [TEST_STEP][PASSED] - response2 = scoring.getResponseText(): null

2022-11-25 09:36:51 - [TEST_STEP][PASSED] - markPassed("result service data ke : " + no): result service data ke : 234

2022-11-25 09:36:51 - [MESSAGE][PASSED] - result service data ke : 234

2022-11-25 09:36:51 - [TEST_STEP][PASSED] - logInfo($response2): {"result_konsumen":"Approve","result_pasangan":"Reject","Final_result":"Reject","errorMessage":"","status":"Done"}

2022-11-25 09:36:51 - [MESSAGE][INFO] - {"result_konsumen":"Approve","result_pasangan":"Reject","Final_result":"Reject","errorMessage":"","status":"Done"}

2022-11-25 09:36:51 - [TEST_STEP][PASSED] - verifyElementPropertyValue(scoring, "Final_result", final_result): Verify element property value successfully

2022-11-25 09:36:51 - [MESSAGE][PASSED] - Verify element property value successfully]]></system-out>
         <system-err><![CDATA[]]></system-err>
      </testcase>
      <testcase name="Test Cases/Engine_Scoring/Engine Scoring" time="6.6" classname="Test Cases/Engine_Scoring/Engine Scoring" status="PASSED">
         <system-out><![CDATA[2022-11-25 09:36:51 - [TEST_CASE][PASSED] - Test Cases/Engine_Scoring/Engine Scoring: Test Cases/Engine_Scoring/Engine Scoring

2022-11-25 09:36:52 - [TEST_STEP][PASSED] - markPassed("Variasi data ke : " + no): Variasi data ke : 235

2022-11-25 09:36:52 - [MESSAGE][PASSED] - Variasi data ke : 235

2022-11-25 09:36:52 - [TEST_STEP][PASSED] - req_data = sendRequest(findTestObject("Search_ME", ["MID":MID, "source":source, "ip":ip, "userid":userid, "branch":branch, "tipekons":tipekons, "marital":marital, "penjamin":penjamin, ... ])): Send request successfully

2022-11-25 09:36:53 - [MESSAGE][INFO] - HAR: D:\DMS\Engine Scoring\Reports\20221125_093256\Exclude KKB - DS - Married\Scoring Married - KKB\20221125_093256\requests\main\68.har

2022-11-25 09:36:53 - [MESSAGE][PASSED] - Send request successfully

2022-11-25 09:36:53 - [TEST_STEP][PASSED] - slurper = new groovy.json.JsonSlurper(): null

2022-11-25 09:36:53 - [TEST_STEP][PASSED] - result = slurper.parseText(req_data.getResponseBodyContent()): null

2022-11-25 09:36:53 - [TEST_STEP][PASSED] - reqid_kons = requestid1: null

2022-11-25 09:36:53 - [TEST_STEP][PASSED] - reqid_spouse = requestid2: null

2022-11-25 09:36:53 - [TEST_STEP][PASSED] - println("requestid kons : " + reqid_kons): null

2022-11-25 09:36:53 - [TEST_STEP][PASSED] - response_searchME_kons = reqid_kons: null

2022-11-25 09:36:53 - [TEST_STEP][PASSED] - response_searchME_spouse = reqid_spouse: null

2022-11-25 09:36:53 - [TEST_STEP][PASSED] - println("kons req id is :" + response_searchME_kons): null

2022-11-25 09:36:53 - [TEST_STEP][PASSED] - println("spouse req id is : " + response_searchME_spouse): null

2022-11-25 09:36:53 - [TEST_STEP][PASSED] - verifyResponseStatusCode(req_data, 200): Verify response status code successfully

2022-11-25 09:36:53 - [MESSAGE][PASSED] - Verify response status code successfully

2022-11-25 09:36:53 - [TEST_STEP][PASSED] - response = req_data.getResponseText(): null

2022-11-25 09:36:53 - [TEST_STEP][PASSED] - logInfo($response): {"status":"Done","data":{"requestid1":"255068","requestid2":"255069"}}

2022-11-25 09:36:53 - [MESSAGE][INFO] - {"status":"Done","data":{"requestid1":"255068","requestid2":"255069"}}

2022-11-25 09:36:53 - [TEST_STEP][PASSED] - delay(5): Delayed 5 second(s)

2022-11-25 09:36:58 - [MESSAGE][PASSED] - Delayed 5 second(s)

2022-11-25 09:36:58 - [TEST_STEP][PASSED] - scoring = sendRequest(findTestObject("EngineScore", ["response_searchME_kons":response_searchME_kons, "response_searchME_spouse":response_searchME_spouse])): Send request successfully

2022-11-25 09:36:58 - [MESSAGE][INFO] - HAR: D:\DMS\Engine Scoring\Reports\20221125_093256\Exclude KKB - DS - Married\Scoring Married - KKB\20221125_093256\requests\main\69.har

2022-11-25 09:36:58 - [MESSAGE][PASSED] - Send request successfully

2022-11-25 09:36:58 - [TEST_STEP][PASSED] - verifyResponseStatusCode(scoring, 200): Verify response status code successfully

2022-11-25 09:36:58 - [MESSAGE][PASSED] - Verify response status code successfully

2022-11-25 09:36:58 - [TEST_STEP][PASSED] - response2 = scoring.getResponseText(): null

2022-11-25 09:36:58 - [TEST_STEP][PASSED] - markPassed("result service data ke : " + no): result service data ke : 235

2022-11-25 09:36:58 - [MESSAGE][PASSED] - result service data ke : 235

2022-11-25 09:36:58 - [TEST_STEP][PASSED] - logInfo($response2): {"result_konsumen":"Reject","result_pasangan":"Approve","Final_result":"Reject","errorMessage":"","status":"Done"}

2022-11-25 09:36:58 - [MESSAGE][INFO] - {"result_konsumen":"Reject","result_pasangan":"Approve","Final_result":"Reject","errorMessage":"","status":"Done"}

2022-11-25 09:36:58 - [TEST_STEP][PASSED] - verifyElementPropertyValue(scoring, "Final_result", final_result): Verify element property value successfully

2022-11-25 09:36:58 - [MESSAGE][PASSED] - Verify element property value successfully]]></system-out>
         <system-err><![CDATA[]]></system-err>
      </testcase>
      <testcase name="Test Cases/Engine_Scoring/Engine Scoring" time="6.534" classname="Test Cases/Engine_Scoring/Engine Scoring" status="PASSED">
         <system-out><![CDATA[2022-11-25 09:36:58 - [TEST_CASE][PASSED] - Test Cases/Engine_Scoring/Engine Scoring: Test Cases/Engine_Scoring/Engine Scoring

2022-11-25 09:36:59 - [TEST_STEP][PASSED] - markPassed("Variasi data ke : " + no): Variasi data ke : 236

2022-11-25 09:36:59 - [MESSAGE][PASSED] - Variasi data ke : 236

2022-11-25 09:36:59 - [TEST_STEP][PASSED] - req_data = sendRequest(findTestObject("Search_ME", ["MID":MID, "source":source, "ip":ip, "userid":userid, "branch":branch, "tipekons":tipekons, "marital":marital, "penjamin":penjamin, ... ])): Send request successfully

2022-11-25 09:36:59 - [MESSAGE][INFO] - HAR: D:\DMS\Engine Scoring\Reports\20221125_093256\Exclude KKB - DS - Married\Scoring Married - KKB\20221125_093256\requests\main\70.har

2022-11-25 09:36:59 - [MESSAGE][PASSED] - Send request successfully

2022-11-25 09:36:59 - [TEST_STEP][PASSED] - slurper = new groovy.json.JsonSlurper(): null

2022-11-25 09:36:59 - [TEST_STEP][PASSED] - result = slurper.parseText(req_data.getResponseBodyContent()): null

2022-11-25 09:36:59 - [TEST_STEP][PASSED] - reqid_kons = requestid1: null

2022-11-25 09:36:59 - [TEST_STEP][PASSED] - reqid_spouse = requestid2: null

2022-11-25 09:36:59 - [TEST_STEP][PASSED] - println("requestid kons : " + reqid_kons): null

2022-11-25 09:36:59 - [TEST_STEP][PASSED] - response_searchME_kons = reqid_kons: null

2022-11-25 09:36:59 - [TEST_STEP][PASSED] - response_searchME_spouse = reqid_spouse: null

2022-11-25 09:36:59 - [TEST_STEP][PASSED] - println("kons req id is :" + response_searchME_kons): null

2022-11-25 09:36:59 - [TEST_STEP][PASSED] - println("spouse req id is : " + response_searchME_spouse): null

2022-11-25 09:36:59 - [TEST_STEP][PASSED] - verifyResponseStatusCode(req_data, 200): Verify response status code successfully

2022-11-25 09:36:59 - [MESSAGE][PASSED] - Verify response status code successfully

2022-11-25 09:36:59 - [TEST_STEP][PASSED] - response = req_data.getResponseText(): null

2022-11-25 09:36:59 - [TEST_STEP][PASSED] - logInfo($response): {"status":"Done","data":{"requestid1":"255070","requestid2":"255071"}}

2022-11-25 09:36:59 - [MESSAGE][INFO] - {"status":"Done","data":{"requestid1":"255070","requestid2":"255071"}}

2022-11-25 09:36:59 - [TEST_STEP][PASSED] - delay(5): Delayed 5 second(s)

2022-11-25 09:37:04 - [MESSAGE][PASSED] - Delayed 5 second(s)

2022-11-25 09:37:04 - [TEST_STEP][PASSED] - scoring = sendRequest(findTestObject("EngineScore", ["response_searchME_kons":response_searchME_kons, "response_searchME_spouse":response_searchME_spouse])): Send request successfully

2022-11-25 09:37:05 - [MESSAGE][INFO] - HAR: D:\DMS\Engine Scoring\Reports\20221125_093256\Exclude KKB - DS - Married\Scoring Married - KKB\20221125_093256\requests\main\71.har

2022-11-25 09:37:05 - [MESSAGE][PASSED] - Send request successfully

2022-11-25 09:37:05 - [TEST_STEP][PASSED] - verifyResponseStatusCode(scoring, 200): Verify response status code successfully

2022-11-25 09:37:05 - [MESSAGE][PASSED] - Verify response status code successfully

2022-11-25 09:37:05 - [TEST_STEP][PASSED] - response2 = scoring.getResponseText(): null

2022-11-25 09:37:05 - [TEST_STEP][PASSED] - markPassed("result service data ke : " + no): result service data ke : 236

2022-11-25 09:37:05 - [MESSAGE][PASSED] - result service data ke : 236

2022-11-25 09:37:05 - [TEST_STEP][PASSED] - logInfo($response2): {"result_konsumen":"Reject","result_pasangan":"Approve","Final_result":"Reject","errorMessage":"","status":"Done"}

2022-11-25 09:37:05 - [MESSAGE][INFO] - {"result_konsumen":"Reject","result_pasangan":"Approve","Final_result":"Reject","errorMessage":"","status":"Done"}

2022-11-25 09:37:05 - [TEST_STEP][PASSED] - verifyElementPropertyValue(scoring, "Final_result", final_result): Verify element property value successfully

2022-11-25 09:37:05 - [MESSAGE][PASSED] - Verify element property value successfully]]></system-out>
         <system-err><![CDATA[]]></system-err>
      </testcase>
      <testcase name="Test Cases/Engine_Scoring/Engine Scoring" time="6.605" classname="Test Cases/Engine_Scoring/Engine Scoring" status="PASSED">
         <system-out><![CDATA[2022-11-25 09:37:05 - [TEST_CASE][PASSED] - Test Cases/Engine_Scoring/Engine Scoring: Test Cases/Engine_Scoring/Engine Scoring

2022-11-25 09:37:05 - [TEST_STEP][PASSED] - markPassed("Variasi data ke : " + no): Variasi data ke : 237

2022-11-25 09:37:05 - [MESSAGE][PASSED] - Variasi data ke : 237

2022-11-25 09:37:05 - [TEST_STEP][PASSED] - req_data = sendRequest(findTestObject("Search_ME", ["MID":MID, "source":source, "ip":ip, "userid":userid, "branch":branch, "tipekons":tipekons, "marital":marital, "penjamin":penjamin, ... ])): Send request successfully

2022-11-25 09:37:06 - [MESSAGE][INFO] - HAR: D:\DMS\Engine Scoring\Reports\20221125_093256\Exclude KKB - DS - Married\Scoring Married - KKB\20221125_093256\requests\main\72.har

2022-11-25 09:37:06 - [MESSAGE][PASSED] - Send request successfully

2022-11-25 09:37:06 - [TEST_STEP][PASSED] - slurper = new groovy.json.JsonSlurper(): null

2022-11-25 09:37:06 - [TEST_STEP][PASSED] - result = slurper.parseText(req_data.getResponseBodyContent()): null

2022-11-25 09:37:06 - [TEST_STEP][PASSED] - reqid_kons = requestid1: null

2022-11-25 09:37:06 - [TEST_STEP][PASSED] - reqid_spouse = requestid2: null

2022-11-25 09:37:06 - [TEST_STEP][PASSED] - println("requestid kons : " + reqid_kons): null

2022-11-25 09:37:06 - [TEST_STEP][PASSED] - response_searchME_kons = reqid_kons: null

2022-11-25 09:37:06 - [TEST_STEP][PASSED] - response_searchME_spouse = reqid_spouse: null

2022-11-25 09:37:06 - [TEST_STEP][PASSED] - println("kons req id is :" + response_searchME_kons): null

2022-11-25 09:37:06 - [TEST_STEP][PASSED] - println("spouse req id is : " + response_searchME_spouse): null

2022-11-25 09:37:06 - [TEST_STEP][PASSED] - verifyResponseStatusCode(req_data, 200): Verify response status code successfully

2022-11-25 09:37:06 - [MESSAGE][PASSED] - Verify response status code successfully

2022-11-25 09:37:06 - [TEST_STEP][PASSED] - response = req_data.getResponseText(): null

2022-11-25 09:37:06 - [TEST_STEP][PASSED] - logInfo($response): {"status":"Done","data":{"requestid1":"255072","requestid2":"255073"}}

2022-11-25 09:37:06 - [MESSAGE][INFO] - {"status":"Done","data":{"requestid1":"255072","requestid2":"255073"}}

2022-11-25 09:37:06 - [TEST_STEP][PASSED] - delay(5): Delayed 5 second(s)

2022-11-25 09:37:11 - [MESSAGE][PASSED] - Delayed 5 second(s)

2022-11-25 09:37:11 - [TEST_STEP][PASSED] - scoring = sendRequest(findTestObject("EngineScore", ["response_searchME_kons":response_searchME_kons, "response_searchME_spouse":response_searchME_spouse])): Send request successfully

2022-11-25 09:37:11 - [MESSAGE][INFO] - HAR: D:\DMS\Engine Scoring\Reports\20221125_093256\Exclude KKB - DS - Married\Scoring Married - KKB\20221125_093256\requests\main\73.har

2022-11-25 09:37:11 - [MESSAGE][PASSED] - Send request successfully

2022-11-25 09:37:11 - [TEST_STEP][PASSED] - verifyResponseStatusCode(scoring, 200): Verify response status code successfully

2022-11-25 09:37:11 - [MESSAGE][PASSED] - Verify response status code successfully

2022-11-25 09:37:11 - [TEST_STEP][PASSED] - response2 = scoring.getResponseText(): null

2022-11-25 09:37:11 - [TEST_STEP][PASSED] - markPassed("result service data ke : " + no): result service data ke : 237

2022-11-25 09:37:11 - [MESSAGE][PASSED] - result service data ke : 237

2022-11-25 09:37:11 - [TEST_STEP][PASSED] - logInfo($response2): {"result_konsumen":"Reject","result_pasangan":"Approve","Final_result":"Reject","errorMessage":"","status":"Done"}

2022-11-25 09:37:11 - [MESSAGE][INFO] - {"result_konsumen":"Reject","result_pasangan":"Approve","Final_result":"Reject","errorMessage":"","status":"Done"}

2022-11-25 09:37:11 - [TEST_STEP][PASSED] - verifyElementPropertyValue(scoring, "Final_result", final_result): Verify element property value successfully

2022-11-25 09:37:11 - [MESSAGE][PASSED] - Verify element property value successfully]]></system-out>
         <system-err><![CDATA[]]></system-err>
      </testcase>
      <testcase name="Test Cases/Engine_Scoring/Engine Scoring" time="6.649" classname="Test Cases/Engine_Scoring/Engine Scoring" status="PASSED">
         <system-out><![CDATA[2022-11-25 09:37:11 - [TEST_CASE][PASSED] - Test Cases/Engine_Scoring/Engine Scoring: Test Cases/Engine_Scoring/Engine Scoring

2022-11-25 09:37:12 - [TEST_STEP][PASSED] - markPassed("Variasi data ke : " + no): Variasi data ke : 238

2022-11-25 09:37:12 - [MESSAGE][PASSED] - Variasi data ke : 238

2022-11-25 09:37:12 - [TEST_STEP][PASSED] - req_data = sendRequest(findTestObject("Search_ME", ["MID":MID, "source":source, "ip":ip, "userid":userid, "branch":branch, "tipekons":tipekons, "marital":marital, "penjamin":penjamin, ... ])): Send request successfully

2022-11-25 09:37:13 - [MESSAGE][INFO] - HAR: D:\DMS\Engine Scoring\Reports\20221125_093256\Exclude KKB - DS - Married\Scoring Married - KKB\20221125_093256\requests\main\74.har

2022-11-25 09:37:13 - [MESSAGE][PASSED] - Send request successfully

2022-11-25 09:37:13 - [TEST_STEP][PASSED] - slurper = new groovy.json.JsonSlurper(): null

2022-11-25 09:37:13 - [TEST_STEP][PASSED] - result = slurper.parseText(req_data.getResponseBodyContent()): null

2022-11-25 09:37:13 - [TEST_STEP][PASSED] - reqid_kons = requestid1: null

2022-11-25 09:37:13 - [TEST_STEP][PASSED] - reqid_spouse = requestid2: null

2022-11-25 09:37:13 - [TEST_STEP][PASSED] - println("requestid kons : " + reqid_kons): null

2022-11-25 09:37:13 - [TEST_STEP][PASSED] - response_searchME_kons = reqid_kons: null

2022-11-25 09:37:13 - [TEST_STEP][PASSED] - response_searchME_spouse = reqid_spouse: null

2022-11-25 09:37:13 - [TEST_STEP][PASSED] - println("kons req id is :" + response_searchME_kons): null

2022-11-25 09:37:13 - [TEST_STEP][PASSED] - println("spouse req id is : " + response_searchME_spouse): null

2022-11-25 09:37:13 - [TEST_STEP][PASSED] - verifyResponseStatusCode(req_data, 200): Verify response status code successfully

2022-11-25 09:37:13 - [MESSAGE][PASSED] - Verify response status code successfully

2022-11-25 09:37:13 - [TEST_STEP][PASSED] - response = req_data.getResponseText(): null

2022-11-25 09:37:13 - [TEST_STEP][PASSED] - logInfo($response): {"status":"Done","data":{"requestid1":"255074","requestid2":"255075"}}

2022-11-25 09:37:13 - [MESSAGE][INFO] - {"status":"Done","data":{"requestid1":"255074","requestid2":"255075"}}

2022-11-25 09:37:13 - [TEST_STEP][PASSED] - delay(5): Delayed 5 second(s)

2022-11-25 09:37:18 - [MESSAGE][PASSED] - Delayed 5 second(s)

2022-11-25 09:37:18 - [TEST_STEP][PASSED] - scoring = sendRequest(findTestObject("EngineScore", ["response_searchME_kons":response_searchME_kons, "response_searchME_spouse":response_searchME_spouse])): Send request successfully

2022-11-25 09:37:18 - [MESSAGE][INFO] - HAR: D:\DMS\Engine Scoring\Reports\20221125_093256\Exclude KKB - DS - Married\Scoring Married - KKB\20221125_093256\requests\main\75.har

2022-11-25 09:37:18 - [MESSAGE][PASSED] - Send request successfully

2022-11-25 09:37:18 - [TEST_STEP][PASSED] - verifyResponseStatusCode(scoring, 200): Verify response status code successfully

2022-11-25 09:37:18 - [MESSAGE][PASSED] - Verify response status code successfully

2022-11-25 09:37:18 - [TEST_STEP][PASSED] - response2 = scoring.getResponseText(): null

2022-11-25 09:37:18 - [TEST_STEP][PASSED] - markPassed("result service data ke : " + no): result service data ke : 238

2022-11-25 09:37:18 - [MESSAGE][PASSED] - result service data ke : 238

2022-11-25 09:37:18 - [TEST_STEP][PASSED] - logInfo($response2): {"result_konsumen":"Reject","result_pasangan":"Approve","Final_result":"Reject","errorMessage":"","status":"Done"}

2022-11-25 09:37:18 - [MESSAGE][INFO] - {"result_konsumen":"Reject","result_pasangan":"Approve","Final_result":"Reject","errorMessage":"","status":"Done"}

2022-11-25 09:37:18 - [TEST_STEP][PASSED] - verifyElementPropertyValue(scoring, "Final_result", final_result): Verify element property value successfully

2022-11-25 09:37:18 - [MESSAGE][PASSED] - Verify element property value successfully]]></system-out>
         <system-err><![CDATA[]]></system-err>
      </testcase>
      <testcase name="Test Cases/Engine_Scoring/Engine Scoring" time="6.569" classname="Test Cases/Engine_Scoring/Engine Scoring" status="PASSED">
         <system-out><![CDATA[2022-11-25 09:37:18 - [TEST_CASE][PASSED] - Test Cases/Engine_Scoring/Engine Scoring: Test Cases/Engine_Scoring/Engine Scoring

2022-11-25 09:37:19 - [TEST_STEP][PASSED] - markPassed("Variasi data ke : " + no): Variasi data ke : 239

2022-11-25 09:37:19 - [MESSAGE][PASSED] - Variasi data ke : 239

2022-11-25 09:37:19 - [TEST_STEP][PASSED] - req_data = sendRequest(findTestObject("Search_ME", ["MID":MID, "source":source, "ip":ip, "userid":userid, "branch":branch, "tipekons":tipekons, "marital":marital, "penjamin":penjamin, ... ])): Send request successfully

2022-11-25 09:37:19 - [MESSAGE][INFO] - HAR: D:\DMS\Engine Scoring\Reports\20221125_093256\Exclude KKB - DS - Married\Scoring Married - KKB\20221125_093256\requests\main\76.har

2022-11-25 09:37:19 - [MESSAGE][PASSED] - Send request successfully

2022-11-25 09:37:19 - [TEST_STEP][PASSED] - slurper = new groovy.json.JsonSlurper(): null

2022-11-25 09:37:19 - [TEST_STEP][PASSED] - result = slurper.parseText(req_data.getResponseBodyContent()): null

2022-11-25 09:37:19 - [TEST_STEP][PASSED] - reqid_kons = requestid1: null

2022-11-25 09:37:19 - [TEST_STEP][PASSED] - reqid_spouse = requestid2: null

2022-11-25 09:37:19 - [TEST_STEP][PASSED] - println("requestid kons : " + reqid_kons): null

2022-11-25 09:37:19 - [TEST_STEP][PASSED] - response_searchME_kons = reqid_kons: null

2022-11-25 09:37:19 - [TEST_STEP][PASSED] - response_searchME_spouse = reqid_spouse: null

2022-11-25 09:37:19 - [TEST_STEP][PASSED] - println("kons req id is :" + response_searchME_kons): null

2022-11-25 09:37:19 - [TEST_STEP][PASSED] - println("spouse req id is : " + response_searchME_spouse): null

2022-11-25 09:37:19 - [TEST_STEP][PASSED] - verifyResponseStatusCode(req_data, 200): Verify response status code successfully

2022-11-25 09:37:19 - [MESSAGE][PASSED] - Verify response status code successfully

2022-11-25 09:37:19 - [TEST_STEP][PASSED] - response = req_data.getResponseText(): null

2022-11-25 09:37:19 - [TEST_STEP][PASSED] - logInfo($response): {"status":"Done","data":{"requestid1":"255076","requestid2":"255077"}}

2022-11-25 09:37:19 - [MESSAGE][INFO] - {"status":"Done","data":{"requestid1":"255076","requestid2":"255077"}}

2022-11-25 09:37:19 - [TEST_STEP][PASSED] - delay(5): Delayed 5 second(s)

2022-11-25 09:37:24 - [MESSAGE][PASSED] - Delayed 5 second(s)

2022-11-25 09:37:24 - [TEST_STEP][PASSED] - scoring = sendRequest(findTestObject("EngineScore", ["response_searchME_kons":response_searchME_kons, "response_searchME_spouse":response_searchME_spouse])): Send request successfully

2022-11-25 09:37:25 - [MESSAGE][INFO] - HAR: D:\DMS\Engine Scoring\Reports\20221125_093256\Exclude KKB - DS - Married\Scoring Married - KKB\20221125_093256\requests\main\77.har

2022-11-25 09:37:25 - [MESSAGE][PASSED] - Send request successfully

2022-11-25 09:37:25 - [TEST_STEP][PASSED] - verifyResponseStatusCode(scoring, 200): Verify response status code successfully

2022-11-25 09:37:25 - [MESSAGE][PASSED] - Verify response status code successfully

2022-11-25 09:37:25 - [TEST_STEP][PASSED] - response2 = scoring.getResponseText(): null

2022-11-25 09:37:25 - [TEST_STEP][PASSED] - markPassed("result service data ke : " + no): result service data ke : 239

2022-11-25 09:37:25 - [MESSAGE][PASSED] - result service data ke : 239

2022-11-25 09:37:25 - [TEST_STEP][PASSED] - logInfo($response2): {"result_konsumen":"Reject","result_pasangan":"Reject","Final_result":"Reject","errorMessage":"","status":"Done"}

2022-11-25 09:37:25 - [MESSAGE][INFO] - {"result_konsumen":"Reject","result_pasangan":"Reject","Final_result":"Reject","errorMessage":"","status":"Done"}

2022-11-25 09:37:25 - [TEST_STEP][PASSED] - verifyElementPropertyValue(scoring, "Final_result", final_result): Verify element property value successfully

2022-11-25 09:37:25 - [MESSAGE][PASSED] - Verify element property value successfully]]></system-out>
         <system-err><![CDATA[]]></system-err>
      </testcase>
      <testcase name="Test Cases/Engine_Scoring/Engine Scoring" time="6.684" classname="Test Cases/Engine_Scoring/Engine Scoring" status="PASSED">
         <system-out><![CDATA[2022-11-25 09:37:25 - [TEST_CASE][PASSED] - Test Cases/Engine_Scoring/Engine Scoring: Test Cases/Engine_Scoring/Engine Scoring

2022-11-25 09:37:25 - [TEST_STEP][PASSED] - markPassed("Variasi data ke : " + no): Variasi data ke : 240

2022-11-25 09:37:25 - [MESSAGE][PASSED] - Variasi data ke : 240

2022-11-25 09:37:25 - [TEST_STEP][PASSED] - req_data = sendRequest(findTestObject("Search_ME", ["MID":MID, "source":source, "ip":ip, "userid":userid, "branch":branch, "tipekons":tipekons, "marital":marital, "penjamin":penjamin, ... ])): Send request successfully

2022-11-25 09:37:26 - [MESSAGE][INFO] - HAR: D:\DMS\Engine Scoring\Reports\20221125_093256\Exclude KKB - DS - Married\Scoring Married - KKB\20221125_093256\requests\main\78.har

2022-11-25 09:37:26 - [MESSAGE][PASSED] - Send request successfully

2022-11-25 09:37:26 - [TEST_STEP][PASSED] - slurper = new groovy.json.JsonSlurper(): null

2022-11-25 09:37:26 - [TEST_STEP][PASSED] - result = slurper.parseText(req_data.getResponseBodyContent()): null

2022-11-25 09:37:26 - [TEST_STEP][PASSED] - reqid_kons = requestid1: null

2022-11-25 09:37:26 - [TEST_STEP][PASSED] - reqid_spouse = requestid2: null

2022-11-25 09:37:26 - [TEST_STEP][PASSED] - println("requestid kons : " + reqid_kons): null

2022-11-25 09:37:26 - [TEST_STEP][PASSED] - response_searchME_kons = reqid_kons: null

2022-11-25 09:37:26 - [TEST_STEP][PASSED] - response_searchME_spouse = reqid_spouse: null

2022-11-25 09:37:26 - [TEST_STEP][PASSED] - println("kons req id is :" + response_searchME_kons): null

2022-11-25 09:37:26 - [TEST_STEP][PASSED] - println("spouse req id is : " + response_searchME_spouse): null

2022-11-25 09:37:26 - [TEST_STEP][PASSED] - verifyResponseStatusCode(req_data, 200): Verify response status code successfully

2022-11-25 09:37:26 - [MESSAGE][PASSED] - Verify response status code successfully

2022-11-25 09:37:26 - [TEST_STEP][PASSED] - response = req_data.getResponseText(): null

2022-11-25 09:37:26 - [TEST_STEP][PASSED] - logInfo($response): {"status":"Done","data":{"requestid1":"255078","requestid2":"255079"}}

2022-11-25 09:37:26 - [MESSAGE][INFO] - {"status":"Done","data":{"requestid1":"255078","requestid2":"255079"}}

2022-11-25 09:37:26 - [TEST_STEP][PASSED] - delay(5): Delayed 5 second(s)

2022-11-25 09:37:31 - [MESSAGE][PASSED] - Delayed 5 second(s)

2022-11-25 09:37:31 - [TEST_STEP][PASSED] - scoring = sendRequest(findTestObject("EngineScore", ["response_searchME_kons":response_searchME_kons, "response_searchME_spouse":response_searchME_spouse])): Send request successfully

2022-11-25 09:37:31 - [MESSAGE][INFO] - HAR: D:\DMS\Engine Scoring\Reports\20221125_093256\Exclude KKB - DS - Married\Scoring Married - KKB\20221125_093256\requests\main\79.har

2022-11-25 09:37:31 - [MESSAGE][PASSED] - Send request successfully

2022-11-25 09:37:31 - [TEST_STEP][PASSED] - verifyResponseStatusCode(scoring, 200): Verify response status code successfully

2022-11-25 09:37:31 - [MESSAGE][PASSED] - Verify response status code successfully

2022-11-25 09:37:31 - [TEST_STEP][PASSED] - response2 = scoring.getResponseText(): null

2022-11-25 09:37:31 - [TEST_STEP][PASSED] - markPassed("result service data ke : " + no): result service data ke : 240

2022-11-25 09:37:31 - [MESSAGE][PASSED] - result service data ke : 240

2022-11-25 09:37:31 - [TEST_STEP][PASSED] - logInfo($response2): {"result_konsumen":"Reject","result_pasangan":"Reject","Final_result":"Reject","errorMessage":"","status":"Done"}

2022-11-25 09:37:31 - [MESSAGE][INFO] - {"result_konsumen":"Reject","result_pasangan":"Reject","Final_result":"Reject","errorMessage":"","status":"Done"}

2022-11-25 09:37:31 - [TEST_STEP][PASSED] - verifyElementPropertyValue(scoring, "Final_result", final_result): Verify element property value successfully

2022-11-25 09:37:31 - [MESSAGE][PASSED] - Verify element property value successfully]]></system-out>
         <system-err><![CDATA[]]></system-err>
      </testcase>
      <testcase name="Test Cases/Engine_Scoring/Engine Scoring" time="6.752" classname="Test Cases/Engine_Scoring/Engine Scoring" status="PASSED">
         <system-out><![CDATA[2022-11-25 09:37:31 - [TEST_CASE][PASSED] - Test Cases/Engine_Scoring/Engine Scoring: Test Cases/Engine_Scoring/Engine Scoring

2022-11-25 09:37:32 - [TEST_STEP][PASSED] - markPassed("Variasi data ke : " + no): Variasi data ke : 241

2022-11-25 09:37:32 - [MESSAGE][PASSED] - Variasi data ke : 241

2022-11-25 09:37:32 - [TEST_STEP][PASSED] - req_data = sendRequest(findTestObject("Search_ME", ["MID":MID, "source":source, "ip":ip, "userid":userid, "branch":branch, "tipekons":tipekons, "marital":marital, "penjamin":penjamin, ... ])): Send request successfully

2022-11-25 09:37:33 - [MESSAGE][INFO] - HAR: D:\DMS\Engine Scoring\Reports\20221125_093256\Exclude KKB - DS - Married\Scoring Married - KKB\20221125_093256\requests\main\80.har

2022-11-25 09:37:33 - [MESSAGE][PASSED] - Send request successfully

2022-11-25 09:37:33 - [TEST_STEP][PASSED] - slurper = new groovy.json.JsonSlurper(): null

2022-11-25 09:37:33 - [TEST_STEP][PASSED] - result = slurper.parseText(req_data.getResponseBodyContent()): null

2022-11-25 09:37:33 - [TEST_STEP][PASSED] - reqid_kons = requestid1: null

2022-11-25 09:37:33 - [TEST_STEP][PASSED] - reqid_spouse = requestid2: null

2022-11-25 09:37:33 - [TEST_STEP][PASSED] - println("requestid kons : " + reqid_kons): null

2022-11-25 09:37:33 - [TEST_STEP][PASSED] - response_searchME_kons = reqid_kons: null

2022-11-25 09:37:33 - [TEST_STEP][PASSED] - response_searchME_spouse = reqid_spouse: null

2022-11-25 09:37:33 - [TEST_STEP][PASSED] - println("kons req id is :" + response_searchME_kons): null

2022-11-25 09:37:33 - [TEST_STEP][PASSED] - println("spouse req id is : " + response_searchME_spouse): null

2022-11-25 09:37:33 - [TEST_STEP][PASSED] - verifyResponseStatusCode(req_data, 200): Verify response status code successfully

2022-11-25 09:37:33 - [MESSAGE][PASSED] - Verify response status code successfully

2022-11-25 09:37:33 - [TEST_STEP][PASSED] - response = req_data.getResponseText(): null

2022-11-25 09:37:33 - [TEST_STEP][PASSED] - logInfo($response): {"status":"Done","data":{"requestid1":"255080","requestid2":"255081"}}

2022-11-25 09:37:33 - [MESSAGE][INFO] - {"status":"Done","data":{"requestid1":"255080","requestid2":"255081"}}

2022-11-25 09:37:33 - [TEST_STEP][PASSED] - delay(5): Delayed 5 second(s)

2022-11-25 09:37:38 - [MESSAGE][PASSED] - Delayed 5 second(s)

2022-11-25 09:37:38 - [TEST_STEP][PASSED] - scoring = sendRequest(findTestObject("EngineScore", ["response_searchME_kons":response_searchME_kons, "response_searchME_spouse":response_searchME_spouse])): Send request successfully

2022-11-25 09:37:38 - [MESSAGE][INFO] - HAR: D:\DMS\Engine Scoring\Reports\20221125_093256\Exclude KKB - DS - Married\Scoring Married - KKB\20221125_093256\requests\main\81.har

2022-11-25 09:37:38 - [MESSAGE][PASSED] - Send request successfully

2022-11-25 09:37:38 - [TEST_STEP][PASSED] - verifyResponseStatusCode(scoring, 200): Verify response status code successfully

2022-11-25 09:37:38 - [MESSAGE][PASSED] - Verify response status code successfully

2022-11-25 09:37:38 - [TEST_STEP][PASSED] - response2 = scoring.getResponseText(): null

2022-11-25 09:37:38 - [TEST_STEP][PASSED] - markPassed("result service data ke : " + no): result service data ke : 241

2022-11-25 09:37:38 - [MESSAGE][PASSED] - result service data ke : 241

2022-11-25 09:37:38 - [TEST_STEP][PASSED] - logInfo($response2): {"result_konsumen":"Reject","result_pasangan":"Reguler","Final_result":"Reject","errorMessage":"","status":"Done"}

2022-11-25 09:37:38 - [MESSAGE][INFO] - {"result_konsumen":"Reject","result_pasangan":"Reguler","Final_result":"Reject","errorMessage":"","status":"Done"}

2022-11-25 09:37:38 - [TEST_STEP][PASSED] - verifyElementPropertyValue(scoring, "Final_result", final_result): Verify element property value successfully

2022-11-25 09:37:38 - [MESSAGE][PASSED] - Verify element property value successfully]]></system-out>
         <system-err><![CDATA[]]></system-err>
      </testcase>
      <testcase name="Test Cases/Engine_Scoring/Engine Scoring" time="7.061" classname="Test Cases/Engine_Scoring/Engine Scoring" status="PASSED">
         <system-out><![CDATA[2022-11-25 09:37:38 - [TEST_CASE][PASSED] - Test Cases/Engine_Scoring/Engine Scoring: Test Cases/Engine_Scoring/Engine Scoring

2022-11-25 09:37:39 - [TEST_STEP][PASSED] - markPassed("Variasi data ke : " + no): Variasi data ke : 242

2022-11-25 09:37:39 - [MESSAGE][PASSED] - Variasi data ke : 242

2022-11-25 09:37:39 - [TEST_STEP][PASSED] - req_data = sendRequest(findTestObject("Search_ME", ["MID":MID, "source":source, "ip":ip, "userid":userid, "branch":branch, "tipekons":tipekons, "marital":marital, "penjamin":penjamin, ... ])): Send request successfully

2022-11-25 09:37:40 - [MESSAGE][INFO] - HAR: D:\DMS\Engine Scoring\Reports\20221125_093256\Exclude KKB - DS - Married\Scoring Married - KKB\20221125_093256\requests\main\82.har

2022-11-25 09:37:40 - [MESSAGE][PASSED] - Send request successfully

2022-11-25 09:37:40 - [TEST_STEP][PASSED] - slurper = new groovy.json.JsonSlurper(): null

2022-11-25 09:37:40 - [TEST_STEP][PASSED] - result = slurper.parseText(req_data.getResponseBodyContent()): null

2022-11-25 09:37:40 - [TEST_STEP][PASSED] - reqid_kons = requestid1: null

2022-11-25 09:37:40 - [TEST_STEP][PASSED] - reqid_spouse = requestid2: null

2022-11-25 09:37:40 - [TEST_STEP][PASSED] - println("requestid kons : " + reqid_kons): null

2022-11-25 09:37:40 - [TEST_STEP][PASSED] - response_searchME_kons = reqid_kons: null

2022-11-25 09:37:40 - [TEST_STEP][PASSED] - response_searchME_spouse = reqid_spouse: null

2022-11-25 09:37:40 - [TEST_STEP][PASSED] - println("kons req id is :" + response_searchME_kons): null

2022-11-25 09:37:40 - [TEST_STEP][PASSED] - println("spouse req id is : " + response_searchME_spouse): null

2022-11-25 09:37:40 - [TEST_STEP][PASSED] - verifyResponseStatusCode(req_data, 200): Verify response status code successfully

2022-11-25 09:37:40 - [MESSAGE][PASSED] - Verify response status code successfully

2022-11-25 09:37:40 - [TEST_STEP][PASSED] - response = req_data.getResponseText(): null

2022-11-25 09:37:40 - [TEST_STEP][PASSED] - logInfo($response): {"status":"Done","data":{"requestid1":"255082","requestid2":"255083"}}

2022-11-25 09:37:40 - [MESSAGE][INFO] - {"status":"Done","data":{"requestid1":"255082","requestid2":"255083"}}

2022-11-25 09:37:40 - [TEST_STEP][PASSED] - delay(5): Delayed 5 second(s)

2022-11-25 09:37:45 - [MESSAGE][PASSED] - Delayed 5 second(s)

2022-11-25 09:37:45 - [TEST_STEP][PASSED] - scoring = sendRequest(findTestObject("EngineScore", ["response_searchME_kons":response_searchME_kons, "response_searchME_spouse":response_searchME_spouse])): Send request successfully

2022-11-25 09:37:45 - [MESSAGE][INFO] - HAR: D:\DMS\Engine Scoring\Reports\20221125_093256\Exclude KKB - DS - Married\Scoring Married - KKB\20221125_093256\requests\main\83.har

2022-11-25 09:37:45 - [MESSAGE][PASSED] - Send request successfully

2022-11-25 09:37:45 - [TEST_STEP][PASSED] - verifyResponseStatusCode(scoring, 200): Verify response status code successfully

2022-11-25 09:37:45 - [MESSAGE][PASSED] - Verify response status code successfully

2022-11-25 09:37:45 - [TEST_STEP][PASSED] - response2 = scoring.getResponseText(): null

2022-11-25 09:37:45 - [TEST_STEP][PASSED] - markPassed("result service data ke : " + no): result service data ke : 242

2022-11-25 09:37:45 - [MESSAGE][PASSED] - result service data ke : 242

2022-11-25 09:37:45 - [TEST_STEP][PASSED] - logInfo($response2): {"result_konsumen":"Reject","result_pasangan":"Reguler","Final_result":"Reject","errorMessage":"","status":"Done"}

2022-11-25 09:37:45 - [MESSAGE][INFO] - {"result_konsumen":"Reject","result_pasangan":"Reguler","Final_result":"Reject","errorMessage":"","status":"Done"}

2022-11-25 09:37:45 - [TEST_STEP][PASSED] - verifyElementPropertyValue(scoring, "Final_result", final_result): Verify element property value successfully

2022-11-25 09:37:45 - [MESSAGE][PASSED] - Verify element property value successfully]]></system-out>
         <system-err><![CDATA[]]></system-err>
      </testcase>
      <testcase name="Test Cases/Engine_Scoring/Engine Scoring" time="6.661" classname="Test Cases/Engine_Scoring/Engine Scoring" status="PASSED">
         <system-out><![CDATA[2022-11-25 09:37:45 - [TEST_CASE][PASSED] - Test Cases/Engine_Scoring/Engine Scoring: Test Cases/Engine_Scoring/Engine Scoring

2022-11-25 09:37:46 - [TEST_STEP][PASSED] - markPassed("Variasi data ke : " + no): Variasi data ke : 243

2022-11-25 09:37:46 - [MESSAGE][PASSED] - Variasi data ke : 243

2022-11-25 09:37:46 - [TEST_STEP][PASSED] - req_data = sendRequest(findTestObject("Search_ME", ["MID":MID, "source":source, "ip":ip, "userid":userid, "branch":branch, "tipekons":tipekons, "marital":marital, "penjamin":penjamin, ... ])): Send request successfully

2022-11-25 09:37:47 - [MESSAGE][INFO] - HAR: D:\DMS\Engine Scoring\Reports\20221125_093256\Exclude KKB - DS - Married\Scoring Married - KKB\20221125_093256\requests\main\84.har

2022-11-25 09:37:47 - [MESSAGE][PASSED] - Send request successfully

2022-11-25 09:37:47 - [TEST_STEP][PASSED] - slurper = new groovy.json.JsonSlurper(): null

2022-11-25 09:37:47 - [TEST_STEP][PASSED] - result = slurper.parseText(req_data.getResponseBodyContent()): null

2022-11-25 09:37:47 - [TEST_STEP][PASSED] - reqid_kons = requestid1: null

2022-11-25 09:37:47 - [TEST_STEP][PASSED] - reqid_spouse = requestid2: null

2022-11-25 09:37:47 - [TEST_STEP][PASSED] - println("requestid kons : " + reqid_kons): null

2022-11-25 09:37:47 - [TEST_STEP][PASSED] - response_searchME_kons = reqid_kons: null

2022-11-25 09:37:47 - [TEST_STEP][PASSED] - response_searchME_spouse = reqid_spouse: null

2022-11-25 09:37:47 - [TEST_STEP][PASSED] - println("kons req id is :" + response_searchME_kons): null

2022-11-25 09:37:47 - [TEST_STEP][PASSED] - println("spouse req id is : " + response_searchME_spouse): null

2022-11-25 09:37:47 - [TEST_STEP][PASSED] - verifyResponseStatusCode(req_data, 200): Verify response status code successfully

2022-11-25 09:37:47 - [MESSAGE][PASSED] - Verify response status code successfully

2022-11-25 09:37:47 - [TEST_STEP][PASSED] - response = req_data.getResponseText(): null

2022-11-25 09:37:47 - [TEST_STEP][PASSED] - logInfo($response): {"status":"Done","data":{"requestid1":"255084","requestid2":"255085"}}

2022-11-25 09:37:47 - [MESSAGE][INFO] - {"status":"Done","data":{"requestid1":"255084","requestid2":"255085"}}

2022-11-25 09:37:47 - [TEST_STEP][PASSED] - delay(5): Delayed 5 second(s)

2022-11-25 09:37:52 - [MESSAGE][PASSED] - Delayed 5 second(s)

2022-11-25 09:37:52 - [TEST_STEP][PASSED] - scoring = sendRequest(findTestObject("EngineScore", ["response_searchME_kons":response_searchME_kons, "response_searchME_spouse":response_searchME_spouse])): Send request successfully

2022-11-25 09:37:52 - [MESSAGE][INFO] - HAR: D:\DMS\Engine Scoring\Reports\20221125_093256\Exclude KKB - DS - Married\Scoring Married - KKB\20221125_093256\requests\main\85.har

2022-11-25 09:37:52 - [MESSAGE][PASSED] - Send request successfully

2022-11-25 09:37:52 - [TEST_STEP][PASSED] - verifyResponseStatusCode(scoring, 200): Verify response status code successfully

2022-11-25 09:37:52 - [MESSAGE][PASSED] - Verify response status code successfully

2022-11-25 09:37:52 - [TEST_STEP][PASSED] - response2 = scoring.getResponseText(): null

2022-11-25 09:37:52 - [TEST_STEP][PASSED] - markPassed("result service data ke : " + no): result service data ke : 243

2022-11-25 09:37:52 - [MESSAGE][PASSED] - result service data ke : 243

2022-11-25 09:37:52 - [TEST_STEP][PASSED] - logInfo($response2): {"result_konsumen":"Reject","result_pasangan":"Reguler","Final_result":"Reject","errorMessage":"","status":"Done"}

2022-11-25 09:37:52 - [MESSAGE][INFO] - {"result_konsumen":"Reject","result_pasangan":"Reguler","Final_result":"Reject","errorMessage":"","status":"Done"}

2022-11-25 09:37:52 - [TEST_STEP][PASSED] - verifyElementPropertyValue(scoring, "Final_result", final_result): Verify element property value successfully

2022-11-25 09:37:52 - [MESSAGE][PASSED] - Verify element property value successfully]]></system-out>
         <system-err><![CDATA[]]></system-err>
      </testcase>
      <testcase name="Test Cases/Engine_Scoring/Engine Scoring" time="6.659" classname="Test Cases/Engine_Scoring/Engine Scoring" status="PASSED">
         <system-out><![CDATA[2022-11-25 09:37:52 - [TEST_CASE][PASSED] - Test Cases/Engine_Scoring/Engine Scoring: Test Cases/Engine_Scoring/Engine Scoring

2022-11-25 09:37:53 - [TEST_STEP][PASSED] - markPassed("Variasi data ke : " + no): Variasi data ke : 244

2022-11-25 09:37:53 - [MESSAGE][PASSED] - Variasi data ke : 244

2022-11-25 09:37:53 - [TEST_STEP][PASSED] - req_data = sendRequest(findTestObject("Search_ME", ["MID":MID, "source":source, "ip":ip, "userid":userid, "branch":branch, "tipekons":tipekons, "marital":marital, "penjamin":penjamin, ... ])): Send request successfully

2022-11-25 09:37:54 - [MESSAGE][INFO] - HAR: D:\DMS\Engine Scoring\Reports\20221125_093256\Exclude KKB - DS - Married\Scoring Married - KKB\20221125_093256\requests\main\86.har

2022-11-25 09:37:54 - [MESSAGE][PASSED] - Send request successfully

2022-11-25 09:37:54 - [TEST_STEP][PASSED] - slurper = new groovy.json.JsonSlurper(): null

2022-11-25 09:37:54 - [TEST_STEP][PASSED] - result = slurper.parseText(req_data.getResponseBodyContent()): null

2022-11-25 09:37:54 - [TEST_STEP][PASSED] - reqid_kons = requestid1: null

2022-11-25 09:37:54 - [TEST_STEP][PASSED] - reqid_spouse = requestid2: null

2022-11-25 09:37:54 - [TEST_STEP][PASSED] - println("requestid kons : " + reqid_kons): null

2022-11-25 09:37:54 - [TEST_STEP][PASSED] - response_searchME_kons = reqid_kons: null

2022-11-25 09:37:54 - [TEST_STEP][PASSED] - response_searchME_spouse = reqid_spouse: null

2022-11-25 09:37:54 - [TEST_STEP][PASSED] - println("kons req id is :" + response_searchME_kons): null

2022-11-25 09:37:54 - [TEST_STEP][PASSED] - println("spouse req id is : " + response_searchME_spouse): null

2022-11-25 09:37:54 - [TEST_STEP][PASSED] - verifyResponseStatusCode(req_data, 200): Verify response status code successfully

2022-11-25 09:37:54 - [MESSAGE][PASSED] - Verify response status code successfully

2022-11-25 09:37:54 - [TEST_STEP][PASSED] - response = req_data.getResponseText(): null

2022-11-25 09:37:54 - [TEST_STEP][PASSED] - logInfo($response): {"status":"Done","data":{"requestid1":"255086","requestid2":"255087"}}

2022-11-25 09:37:54 - [MESSAGE][INFO] - {"status":"Done","data":{"requestid1":"255086","requestid2":"255087"}}

2022-11-25 09:37:54 - [TEST_STEP][PASSED] - delay(5): Delayed 5 second(s)

2022-11-25 09:37:59 - [MESSAGE][PASSED] - Delayed 5 second(s)

2022-11-25 09:37:59 - [TEST_STEP][PASSED] - scoring = sendRequest(findTestObject("EngineScore", ["response_searchME_kons":response_searchME_kons, "response_searchME_spouse":response_searchME_spouse])): Send request successfully

2022-11-25 09:37:59 - [MESSAGE][INFO] - HAR: D:\DMS\Engine Scoring\Reports\20221125_093256\Exclude KKB - DS - Married\Scoring Married - KKB\20221125_093256\requests\main\87.har

2022-11-25 09:37:59 - [MESSAGE][PASSED] - Send request successfully

2022-11-25 09:37:59 - [TEST_STEP][PASSED] - verifyResponseStatusCode(scoring, 200): Verify response status code successfully

2022-11-25 09:37:59 - [MESSAGE][PASSED] - Verify response status code successfully

2022-11-25 09:37:59 - [TEST_STEP][PASSED] - response2 = scoring.getResponseText(): null

2022-11-25 09:37:59 - [TEST_STEP][PASSED] - markPassed("result service data ke : " + no): result service data ke : 244

2022-11-25 09:37:59 - [MESSAGE][PASSED] - result service data ke : 244

2022-11-25 09:37:59 - [TEST_STEP][PASSED] - logInfo($response2): {"result_konsumen":"Approve","result_pasangan":"Approve","Final_result":"Approve","errorMessage":"","status":"Done"}

2022-11-25 09:37:59 - [MESSAGE][INFO] - {"result_konsumen":"Approve","result_pasangan":"Approve","Final_result":"Approve","errorMessage":"","status":"Done"}

2022-11-25 09:37:59 - [TEST_STEP][PASSED] - verifyElementPropertyValue(scoring, "Final_result", final_result): Verify element property value successfully

2022-11-25 09:37:59 - [MESSAGE][PASSED] - Verify element property value successfully]]></system-out>
         <system-err><![CDATA[]]></system-err>
      </testcase>
      <testcase name="Test Cases/Engine_Scoring/Engine Scoring" time="6.695" classname="Test Cases/Engine_Scoring/Engine Scoring" status="PASSED">
         <system-out><![CDATA[2022-11-25 09:37:59 - [TEST_CASE][PASSED] - Test Cases/Engine_Scoring/Engine Scoring: Test Cases/Engine_Scoring/Engine Scoring

2022-11-25 09:38:00 - [TEST_STEP][PASSED] - markPassed("Variasi data ke : " + no): Variasi data ke : 245

2022-11-25 09:38:00 - [MESSAGE][PASSED] - Variasi data ke : 245

2022-11-25 09:38:00 - [TEST_STEP][PASSED] - req_data = sendRequest(findTestObject("Search_ME", ["MID":MID, "source":source, "ip":ip, "userid":userid, "branch":branch, "tipekons":tipekons, "marital":marital, "penjamin":penjamin, ... ])): Send request successfully

2022-11-25 09:38:00 - [MESSAGE][INFO] - HAR: D:\DMS\Engine Scoring\Reports\20221125_093256\Exclude KKB - DS - Married\Scoring Married - KKB\20221125_093256\requests\main\88.har

2022-11-25 09:38:00 - [MESSAGE][PASSED] - Send request successfully

2022-11-25 09:38:00 - [TEST_STEP][PASSED] - slurper = new groovy.json.JsonSlurper(): null

2022-11-25 09:38:00 - [TEST_STEP][PASSED] - result = slurper.parseText(req_data.getResponseBodyContent()): null

2022-11-25 09:38:00 - [TEST_STEP][PASSED] - reqid_kons = requestid1: null

2022-11-25 09:38:00 - [TEST_STEP][PASSED] - reqid_spouse = requestid2: null

2022-11-25 09:38:00 - [TEST_STEP][PASSED] - println("requestid kons : " + reqid_kons): null

2022-11-25 09:38:00 - [TEST_STEP][PASSED] - response_searchME_kons = reqid_kons: null

2022-11-25 09:38:00 - [TEST_STEP][PASSED] - response_searchME_spouse = reqid_spouse: null

2022-11-25 09:38:00 - [TEST_STEP][PASSED] - println("kons req id is :" + response_searchME_kons): null

2022-11-25 09:38:00 - [TEST_STEP][PASSED] - println("spouse req id is : " + response_searchME_spouse): null

2022-11-25 09:38:00 - [TEST_STEP][PASSED] - verifyResponseStatusCode(req_data, 200): Verify response status code successfully

2022-11-25 09:38:00 - [MESSAGE][PASSED] - Verify response status code successfully

2022-11-25 09:38:00 - [TEST_STEP][PASSED] - response = req_data.getResponseText(): null

2022-11-25 09:38:00 - [TEST_STEP][PASSED] - logInfo($response): {"status":"Done","data":{"requestid1":"255088","requestid2":"255089"}}

2022-11-25 09:38:00 - [MESSAGE][INFO] - {"status":"Done","data":{"requestid1":"255088","requestid2":"255089"}}

2022-11-25 09:38:00 - [TEST_STEP][PASSED] - delay(5): Delayed 5 second(s)

2022-11-25 09:38:05 - [MESSAGE][PASSED] - Delayed 5 second(s)

2022-11-25 09:38:05 - [TEST_STEP][PASSED] - scoring = sendRequest(findTestObject("EngineScore", ["response_searchME_kons":response_searchME_kons, "response_searchME_spouse":response_searchME_spouse])): Send request successfully

2022-11-25 09:38:05 - [MESSAGE][INFO] - HAR: D:\DMS\Engine Scoring\Reports\20221125_093256\Exclude KKB - DS - Married\Scoring Married - KKB\20221125_093256\requests\main\89.har

2022-11-25 09:38:05 - [MESSAGE][PASSED] - Send request successfully

2022-11-25 09:38:05 - [TEST_STEP][PASSED] - verifyResponseStatusCode(scoring, 200): Verify response status code successfully

2022-11-25 09:38:05 - [MESSAGE][PASSED] - Verify response status code successfully

2022-11-25 09:38:05 - [TEST_STEP][PASSED] - response2 = scoring.getResponseText(): null

2022-11-25 09:38:05 - [TEST_STEP][PASSED] - markPassed("result service data ke : " + no): result service data ke : 245

2022-11-25 09:38:05 - [MESSAGE][PASSED] - result service data ke : 245

2022-11-25 09:38:05 - [TEST_STEP][PASSED] - logInfo($response2): {"result_konsumen":"Approve","result_pasangan":"Approve","Final_result":"Approve","errorMessage":"","status":"Done"}

2022-11-25 09:38:05 - [MESSAGE][INFO] - {"result_konsumen":"Approve","result_pasangan":"Approve","Final_result":"Approve","errorMessage":"","status":"Done"}

2022-11-25 09:38:05 - [TEST_STEP][PASSED] - verifyElementPropertyValue(scoring, "Final_result", final_result): Verify element property value successfully

2022-11-25 09:38:05 - [MESSAGE][PASSED] - Verify element property value successfully]]></system-out>
         <system-err><![CDATA[]]></system-err>
      </testcase>
      <testcase name="Test Cases/Engine_Scoring/Engine Scoring" time="6.727" classname="Test Cases/Engine_Scoring/Engine Scoring" status="PASSED">
         <system-out><![CDATA[2022-11-25 09:38:06 - [TEST_CASE][PASSED] - Test Cases/Engine_Scoring/Engine Scoring: Test Cases/Engine_Scoring/Engine Scoring

2022-11-25 09:38:06 - [TEST_STEP][PASSED] - markPassed("Variasi data ke : " + no): Variasi data ke : 246

2022-11-25 09:38:06 - [MESSAGE][PASSED] - Variasi data ke : 246

2022-11-25 09:38:06 - [TEST_STEP][PASSED] - req_data = sendRequest(findTestObject("Search_ME", ["MID":MID, "source":source, "ip":ip, "userid":userid, "branch":branch, "tipekons":tipekons, "marital":marital, "penjamin":penjamin, ... ])): Send request successfully

2022-11-25 09:38:07 - [MESSAGE][INFO] - HAR: D:\DMS\Engine Scoring\Reports\20221125_093256\Exclude KKB - DS - Married\Scoring Married - KKB\20221125_093256\requests\main\90.har

2022-11-25 09:38:07 - [MESSAGE][PASSED] - Send request successfully

2022-11-25 09:38:07 - [TEST_STEP][PASSED] - slurper = new groovy.json.JsonSlurper(): null

2022-11-25 09:38:07 - [TEST_STEP][PASSED] - result = slurper.parseText(req_data.getResponseBodyContent()): null

2022-11-25 09:38:07 - [TEST_STEP][PASSED] - reqid_kons = requestid1: null

2022-11-25 09:38:07 - [TEST_STEP][PASSED] - reqid_spouse = requestid2: null

2022-11-25 09:38:07 - [TEST_STEP][PASSED] - println("requestid kons : " + reqid_kons): null

2022-11-25 09:38:07 - [TEST_STEP][PASSED] - response_searchME_kons = reqid_kons: null

2022-11-25 09:38:07 - [TEST_STEP][PASSED] - response_searchME_spouse = reqid_spouse: null

2022-11-25 09:38:07 - [TEST_STEP][PASSED] - println("kons req id is :" + response_searchME_kons): null

2022-11-25 09:38:07 - [TEST_STEP][PASSED] - println("spouse req id is : " + response_searchME_spouse): null

2022-11-25 09:38:07 - [TEST_STEP][PASSED] - verifyResponseStatusCode(req_data, 200): Verify response status code successfully

2022-11-25 09:38:07 - [MESSAGE][PASSED] - Verify response status code successfully

2022-11-25 09:38:07 - [TEST_STEP][PASSED] - response = req_data.getResponseText(): null

2022-11-25 09:38:07 - [TEST_STEP][PASSED] - logInfo($response): {"status":"Done","data":{"requestid1":"255090","requestid2":"255091"}}

2022-11-25 09:38:07 - [MESSAGE][INFO] - {"status":"Done","data":{"requestid1":"255090","requestid2":"255091"}}

2022-11-25 09:38:07 - [TEST_STEP][PASSED] - delay(5): Delayed 5 second(s)

2022-11-25 09:38:12 - [MESSAGE][PASSED] - Delayed 5 second(s)

2022-11-25 09:38:12 - [TEST_STEP][PASSED] - scoring = sendRequest(findTestObject("EngineScore", ["response_searchME_kons":response_searchME_kons, "response_searchME_spouse":response_searchME_spouse])): Send request successfully

2022-11-25 09:38:12 - [MESSAGE][INFO] - HAR: D:\DMS\Engine Scoring\Reports\20221125_093256\Exclude KKB - DS - Married\Scoring Married - KKB\20221125_093256\requests\main\91.har

2022-11-25 09:38:12 - [MESSAGE][PASSED] - Send request successfully

2022-11-25 09:38:12 - [TEST_STEP][PASSED] - verifyResponseStatusCode(scoring, 200): Verify response status code successfully

2022-11-25 09:38:12 - [MESSAGE][PASSED] - Verify response status code successfully

2022-11-25 09:38:12 - [TEST_STEP][PASSED] - response2 = scoring.getResponseText(): null

2022-11-25 09:38:12 - [TEST_STEP][PASSED] - markPassed("result service data ke : " + no): result service data ke : 246

2022-11-25 09:38:12 - [MESSAGE][PASSED] - result service data ke : 246

2022-11-25 09:38:12 - [TEST_STEP][PASSED] - logInfo($response2): {"result_konsumen":"Approve","result_pasangan":"Approve","Final_result":"Approve","errorMessage":"","status":"Done"}

2022-11-25 09:38:12 - [MESSAGE][INFO] - {"result_konsumen":"Approve","result_pasangan":"Approve","Final_result":"Approve","errorMessage":"","status":"Done"}

2022-11-25 09:38:12 - [TEST_STEP][PASSED] - verifyElementPropertyValue(scoring, "Final_result", final_result): Verify element property value successfully

2022-11-25 09:38:12 - [MESSAGE][PASSED] - Verify element property value successfully]]></system-out>
         <system-err><![CDATA[]]></system-err>
      </testcase>
      <testcase name="Test Cases/Engine_Scoring/Engine Scoring" time="6.824" classname="Test Cases/Engine_Scoring/Engine Scoring" status="PASSED">
         <system-out><![CDATA[2022-11-25 09:38:12 - [TEST_CASE][PASSED] - Test Cases/Engine_Scoring/Engine Scoring: Test Cases/Engine_Scoring/Engine Scoring

2022-11-25 09:38:13 - [TEST_STEP][PASSED] - markPassed("Variasi data ke : " + no): Variasi data ke : 247

2022-11-25 09:38:13 - [MESSAGE][PASSED] - Variasi data ke : 247

2022-11-25 09:38:13 - [TEST_STEP][PASSED] - req_data = sendRequest(findTestObject("Search_ME", ["MID":MID, "source":source, "ip":ip, "userid":userid, "branch":branch, "tipekons":tipekons, "marital":marital, "penjamin":penjamin, ... ])): Send request successfully

2022-11-25 09:38:14 - [MESSAGE][INFO] - HAR: D:\DMS\Engine Scoring\Reports\20221125_093256\Exclude KKB - DS - Married\Scoring Married - KKB\20221125_093256\requests\main\92.har

2022-11-25 09:38:14 - [MESSAGE][PASSED] - Send request successfully

2022-11-25 09:38:14 - [TEST_STEP][PASSED] - slurper = new groovy.json.JsonSlurper(): null

2022-11-25 09:38:14 - [TEST_STEP][PASSED] - result = slurper.parseText(req_data.getResponseBodyContent()): null

2022-11-25 09:38:14 - [TEST_STEP][PASSED] - reqid_kons = requestid1: null

2022-11-25 09:38:14 - [TEST_STEP][PASSED] - reqid_spouse = requestid2: null

2022-11-25 09:38:14 - [TEST_STEP][PASSED] - println("requestid kons : " + reqid_kons): null

2022-11-25 09:38:14 - [TEST_STEP][PASSED] - response_searchME_kons = reqid_kons: null

2022-11-25 09:38:14 - [TEST_STEP][PASSED] - response_searchME_spouse = reqid_spouse: null

2022-11-25 09:38:14 - [TEST_STEP][PASSED] - println("kons req id is :" + response_searchME_kons): null

2022-11-25 09:38:14 - [TEST_STEP][PASSED] - println("spouse req id is : " + response_searchME_spouse): null

2022-11-25 09:38:14 - [TEST_STEP][PASSED] - verifyResponseStatusCode(req_data, 200): Verify response status code successfully

2022-11-25 09:38:14 - [MESSAGE][PASSED] - Verify response status code successfully

2022-11-25 09:38:14 - [TEST_STEP][PASSED] - response = req_data.getResponseText(): null

2022-11-25 09:38:14 - [TEST_STEP][PASSED] - logInfo($response): {"status":"Done","data":{"requestid1":"255092","requestid2":"255093"}}

2022-11-25 09:38:14 - [MESSAGE][INFO] - {"status":"Done","data":{"requestid1":"255092","requestid2":"255093"}}

2022-11-25 09:38:14 - [TEST_STEP][PASSED] - delay(5): Delayed 5 second(s)

2022-11-25 09:38:19 - [MESSAGE][PASSED] - Delayed 5 second(s)

2022-11-25 09:38:19 - [TEST_STEP][PASSED] - scoring = sendRequest(findTestObject("EngineScore", ["response_searchME_kons":response_searchME_kons, "response_searchME_spouse":response_searchME_spouse])): Send request successfully

2022-11-25 09:38:19 - [MESSAGE][INFO] - HAR: D:\DMS\Engine Scoring\Reports\20221125_093256\Exclude KKB - DS - Married\Scoring Married - KKB\20221125_093256\requests\main\93.har

2022-11-25 09:38:19 - [MESSAGE][PASSED] - Send request successfully

2022-11-25 09:38:19 - [TEST_STEP][PASSED] - verifyResponseStatusCode(scoring, 200): Verify response status code successfully

2022-11-25 09:38:19 - [MESSAGE][PASSED] - Verify response status code successfully

2022-11-25 09:38:19 - [TEST_STEP][PASSED] - response2 = scoring.getResponseText(): null

2022-11-25 09:38:19 - [TEST_STEP][PASSED] - markPassed("result service data ke : " + no): result service data ke : 247

2022-11-25 09:38:19 - [MESSAGE][PASSED] - result service data ke : 247

2022-11-25 09:38:19 - [TEST_STEP][PASSED] - logInfo($response2): {"result_konsumen":"Approve","result_pasangan":"Approve","Final_result":"Approve","errorMessage":"","status":"Done"}

2022-11-25 09:38:19 - [MESSAGE][INFO] - {"result_konsumen":"Approve","result_pasangan":"Approve","Final_result":"Approve","errorMessage":"","status":"Done"}

2022-11-25 09:38:19 - [TEST_STEP][PASSED] - verifyElementPropertyValue(scoring, "Final_result", final_result): Verify element property value successfully

2022-11-25 09:38:19 - [MESSAGE][PASSED] - Verify element property value successfully]]></system-out>
         <system-err><![CDATA[]]></system-err>
      </testcase>
      <testcase name="Test Cases/Engine_Scoring/Engine Scoring" time="6.696" classname="Test Cases/Engine_Scoring/Engine Scoring" status="PASSED">
         <system-out><![CDATA[2022-11-25 09:38:19 - [TEST_CASE][PASSED] - Test Cases/Engine_Scoring/Engine Scoring: Test Cases/Engine_Scoring/Engine Scoring

2022-11-25 09:38:20 - [TEST_STEP][PASSED] - markPassed("Variasi data ke : " + no): Variasi data ke : 248

2022-11-25 09:38:20 - [MESSAGE][PASSED] - Variasi data ke : 248

2022-11-25 09:38:20 - [TEST_STEP][PASSED] - req_data = sendRequest(findTestObject("Search_ME", ["MID":MID, "source":source, "ip":ip, "userid":userid, "branch":branch, "tipekons":tipekons, "marital":marital, "penjamin":penjamin, ... ])): Send request successfully

2022-11-25 09:38:21 - [MESSAGE][INFO] - HAR: D:\DMS\Engine Scoring\Reports\20221125_093256\Exclude KKB - DS - Married\Scoring Married - KKB\20221125_093256\requests\main\94.har

2022-11-25 09:38:21 - [MESSAGE][PASSED] - Send request successfully

2022-11-25 09:38:21 - [TEST_STEP][PASSED] - slurper = new groovy.json.JsonSlurper(): null

2022-11-25 09:38:21 - [TEST_STEP][PASSED] - result = slurper.parseText(req_data.getResponseBodyContent()): null

2022-11-25 09:38:21 - [TEST_STEP][PASSED] - reqid_kons = requestid1: null

2022-11-25 09:38:21 - [TEST_STEP][PASSED] - reqid_spouse = requestid2: null

2022-11-25 09:38:21 - [TEST_STEP][PASSED] - println("requestid kons : " + reqid_kons): null

2022-11-25 09:38:21 - [TEST_STEP][PASSED] - response_searchME_kons = reqid_kons: null

2022-11-25 09:38:21 - [TEST_STEP][PASSED] - response_searchME_spouse = reqid_spouse: null

2022-11-25 09:38:21 - [TEST_STEP][PASSED] - println("kons req id is :" + response_searchME_kons): null

2022-11-25 09:38:21 - [TEST_STEP][PASSED] - println("spouse req id is : " + response_searchME_spouse): null

2022-11-25 09:38:21 - [TEST_STEP][PASSED] - verifyResponseStatusCode(req_data, 200): Verify response status code successfully

2022-11-25 09:38:21 - [MESSAGE][PASSED] - Verify response status code successfully

2022-11-25 09:38:21 - [TEST_STEP][PASSED] - response = req_data.getResponseText(): null

2022-11-25 09:38:21 - [TEST_STEP][PASSED] - logInfo($response): {"status":"Done","data":{"requestid1":"255094","requestid2":"255095"}}

2022-11-25 09:38:21 - [MESSAGE][INFO] - {"status":"Done","data":{"requestid1":"255094","requestid2":"255095"}}

2022-11-25 09:38:21 - [TEST_STEP][PASSED] - delay(5): Delayed 5 second(s)

2022-11-25 09:38:26 - [MESSAGE][PASSED] - Delayed 5 second(s)

2022-11-25 09:38:26 - [TEST_STEP][PASSED] - scoring = sendRequest(findTestObject("EngineScore", ["response_searchME_kons":response_searchME_kons, "response_searchME_spouse":response_searchME_spouse])): Send request successfully

2022-11-25 09:38:26 - [MESSAGE][INFO] - HAR: D:\DMS\Engine Scoring\Reports\20221125_093256\Exclude KKB - DS - Married\Scoring Married - KKB\20221125_093256\requests\main\95.har

2022-11-25 09:38:26 - [MESSAGE][PASSED] - Send request successfully

2022-11-25 09:38:26 - [TEST_STEP][PASSED] - verifyResponseStatusCode(scoring, 200): Verify response status code successfully

2022-11-25 09:38:26 - [MESSAGE][PASSED] - Verify response status code successfully

2022-11-25 09:38:26 - [TEST_STEP][PASSED] - response2 = scoring.getResponseText(): null

2022-11-25 09:38:26 - [TEST_STEP][PASSED] - markPassed("result service data ke : " + no): result service data ke : 248

2022-11-25 09:38:26 - [MESSAGE][PASSED] - result service data ke : 248

2022-11-25 09:38:26 - [TEST_STEP][PASSED] - logInfo($response2): {"result_konsumen":"Approve","result_pasangan":"Reject","Final_result":"Reject","errorMessage":"","status":"Done"}

2022-11-25 09:38:26 - [MESSAGE][INFO] - {"result_konsumen":"Approve","result_pasangan":"Reject","Final_result":"Reject","errorMessage":"","status":"Done"}

2022-11-25 09:38:26 - [TEST_STEP][PASSED] - verifyElementPropertyValue(scoring, "Final_result", final_result): Verify element property value successfully

2022-11-25 09:38:26 - [MESSAGE][PASSED] - Verify element property value successfully]]></system-out>
         <system-err><![CDATA[]]></system-err>
      </testcase>
      <testcase name="Test Cases/Engine_Scoring/Engine Scoring" time="6.802" classname="Test Cases/Engine_Scoring/Engine Scoring" status="PASSED">
         <system-out><![CDATA[2022-11-25 09:38:26 - [TEST_CASE][PASSED] - Test Cases/Engine_Scoring/Engine Scoring: Test Cases/Engine_Scoring/Engine Scoring

2022-11-25 09:38:27 - [TEST_STEP][PASSED] - markPassed("Variasi data ke : " + no): Variasi data ke : 249

2022-11-25 09:38:27 - [MESSAGE][PASSED] - Variasi data ke : 249

2022-11-25 09:38:27 - [TEST_STEP][PASSED] - req_data = sendRequest(findTestObject("Search_ME", ["MID":MID, "source":source, "ip":ip, "userid":userid, "branch":branch, "tipekons":tipekons, "marital":marital, "penjamin":penjamin, ... ])): Send request successfully

2022-11-25 09:38:28 - [MESSAGE][INFO] - HAR: D:\DMS\Engine Scoring\Reports\20221125_093256\Exclude KKB - DS - Married\Scoring Married - KKB\20221125_093256\requests\main\96.har

2022-11-25 09:38:28 - [MESSAGE][PASSED] - Send request successfully

2022-11-25 09:38:28 - [TEST_STEP][PASSED] - slurper = new groovy.json.JsonSlurper(): null

2022-11-25 09:38:28 - [TEST_STEP][PASSED] - result = slurper.parseText(req_data.getResponseBodyContent()): null

2022-11-25 09:38:28 - [TEST_STEP][PASSED] - reqid_kons = requestid1: null

2022-11-25 09:38:28 - [TEST_STEP][PASSED] - reqid_spouse = requestid2: null

2022-11-25 09:38:28 - [TEST_STEP][PASSED] - println("requestid kons : " + reqid_kons): null

2022-11-25 09:38:28 - [TEST_STEP][PASSED] - response_searchME_kons = reqid_kons: null

2022-11-25 09:38:28 - [TEST_STEP][PASSED] - response_searchME_spouse = reqid_spouse: null

2022-11-25 09:38:28 - [TEST_STEP][PASSED] - println("kons req id is :" + response_searchME_kons): null

2022-11-25 09:38:28 - [TEST_STEP][PASSED] - println("spouse req id is : " + response_searchME_spouse): null

2022-11-25 09:38:28 - [TEST_STEP][PASSED] - verifyResponseStatusCode(req_data, 200): Verify response status code successfully

2022-11-25 09:38:28 - [MESSAGE][PASSED] - Verify response status code successfully

2022-11-25 09:38:28 - [TEST_STEP][PASSED] - response = req_data.getResponseText(): null

2022-11-25 09:38:28 - [TEST_STEP][PASSED] - logInfo($response): {"status":"Done","data":{"requestid1":"255096","requestid2":"255097"}}

2022-11-25 09:38:28 - [MESSAGE][INFO] - {"status":"Done","data":{"requestid1":"255096","requestid2":"255097"}}

2022-11-25 09:38:28 - [TEST_STEP][PASSED] - delay(5): Delayed 5 second(s)

2022-11-25 09:38:33 - [MESSAGE][PASSED] - Delayed 5 second(s)

2022-11-25 09:38:33 - [TEST_STEP][PASSED] - scoring = sendRequest(findTestObject("EngineScore", ["response_searchME_kons":response_searchME_kons, "response_searchME_spouse":response_searchME_spouse])): Send request successfully

2022-11-25 09:38:33 - [MESSAGE][INFO] - HAR: D:\DMS\Engine Scoring\Reports\20221125_093256\Exclude KKB - DS - Married\Scoring Married - KKB\20221125_093256\requests\main\97.har

2022-11-25 09:38:33 - [MESSAGE][PASSED] - Send request successfully

2022-11-25 09:38:33 - [TEST_STEP][PASSED] - verifyResponseStatusCode(scoring, 200): Verify response status code successfully

2022-11-25 09:38:33 - [MESSAGE][PASSED] - Verify response status code successfully

2022-11-25 09:38:33 - [TEST_STEP][PASSED] - response2 = scoring.getResponseText(): null

2022-11-25 09:38:33 - [TEST_STEP][PASSED] - markPassed("result service data ke : " + no): result service data ke : 249

2022-11-25 09:38:33 - [MESSAGE][PASSED] - result service data ke : 249

2022-11-25 09:38:33 - [TEST_STEP][PASSED] - logInfo($response2): {"result_konsumen":"Approve","result_pasangan":"Reject","Final_result":"Reject","errorMessage":"","status":"Done"}

2022-11-25 09:38:33 - [MESSAGE][INFO] - {"result_konsumen":"Approve","result_pasangan":"Reject","Final_result":"Reject","errorMessage":"","status":"Done"}

2022-11-25 09:38:33 - [TEST_STEP][PASSED] - verifyElementPropertyValue(scoring, "Final_result", final_result): Verify element property value successfully

2022-11-25 09:38:33 - [MESSAGE][PASSED] - Verify element property value successfully]]></system-out>
         <system-err><![CDATA[]]></system-err>
      </testcase>
      <testcase name="Test Cases/Engine_Scoring/Engine Scoring" time="6.629" classname="Test Cases/Engine_Scoring/Engine Scoring" status="PASSED">
         <system-out><![CDATA[2022-11-25 09:38:33 - [TEST_CASE][PASSED] - Test Cases/Engine_Scoring/Engine Scoring: Test Cases/Engine_Scoring/Engine Scoring

2022-11-25 09:38:34 - [TEST_STEP][PASSED] - markPassed("Variasi data ke : " + no): Variasi data ke : 250

2022-11-25 09:38:34 - [MESSAGE][PASSED] - Variasi data ke : 250

2022-11-25 09:38:34 - [TEST_STEP][PASSED] - req_data = sendRequest(findTestObject("Search_ME", ["MID":MID, "source":source, "ip":ip, "userid":userid, "branch":branch, "tipekons":tipekons, "marital":marital, "penjamin":penjamin, ... ])): Send request successfully

2022-11-25 09:38:34 - [MESSAGE][INFO] - HAR: D:\DMS\Engine Scoring\Reports\20221125_093256\Exclude KKB - DS - Married\Scoring Married - KKB\20221125_093256\requests\main\98.har

2022-11-25 09:38:34 - [MESSAGE][PASSED] - Send request successfully

2022-11-25 09:38:34 - [TEST_STEP][PASSED] - slurper = new groovy.json.JsonSlurper(): null

2022-11-25 09:38:34 - [TEST_STEP][PASSED] - result = slurper.parseText(req_data.getResponseBodyContent()): null

2022-11-25 09:38:34 - [TEST_STEP][PASSED] - reqid_kons = requestid1: null

2022-11-25 09:38:34 - [TEST_STEP][PASSED] - reqid_spouse = requestid2: null

2022-11-25 09:38:34 - [TEST_STEP][PASSED] - println("requestid kons : " + reqid_kons): null

2022-11-25 09:38:34 - [TEST_STEP][PASSED] - response_searchME_kons = reqid_kons: null

2022-11-25 09:38:34 - [TEST_STEP][PASSED] - response_searchME_spouse = reqid_spouse: null

2022-11-25 09:38:34 - [TEST_STEP][PASSED] - println("kons req id is :" + response_searchME_kons): null

2022-11-25 09:38:34 - [TEST_STEP][PASSED] - println("spouse req id is : " + response_searchME_spouse): null

2022-11-25 09:38:34 - [TEST_STEP][PASSED] - verifyResponseStatusCode(req_data, 200): Verify response status code successfully

2022-11-25 09:38:34 - [MESSAGE][PASSED] - Verify response status code successfully

2022-11-25 09:38:34 - [TEST_STEP][PASSED] - response = req_data.getResponseText(): null

2022-11-25 09:38:34 - [TEST_STEP][PASSED] - logInfo($response): {"status":"Done","data":{"requestid1":"255098","requestid2":"255099"}}

2022-11-25 09:38:34 - [MESSAGE][INFO] - {"status":"Done","data":{"requestid1":"255098","requestid2":"255099"}}

2022-11-25 09:38:34 - [TEST_STEP][PASSED] - delay(5): Delayed 5 second(s)

2022-11-25 09:38:39 - [MESSAGE][PASSED] - Delayed 5 second(s)

2022-11-25 09:38:39 - [TEST_STEP][PASSED] - scoring = sendRequest(findTestObject("EngineScore", ["response_searchME_kons":response_searchME_kons, "response_searchME_spouse":response_searchME_spouse])): Send request successfully

2022-11-25 09:38:39 - [MESSAGE][INFO] - HAR: D:\DMS\Engine Scoring\Reports\20221125_093256\Exclude KKB - DS - Married\Scoring Married - KKB\20221125_093256\requests\main\99.har

2022-11-25 09:38:39 - [MESSAGE][PASSED] - Send request successfully

2022-11-25 09:38:39 - [TEST_STEP][PASSED] - verifyResponseStatusCode(scoring, 200): Verify response status code successfully

2022-11-25 09:38:39 - [MESSAGE][PASSED] - Verify response status code successfully

2022-11-25 09:38:39 - [TEST_STEP][PASSED] - response2 = scoring.getResponseText(): null

2022-11-25 09:38:39 - [TEST_STEP][PASSED] - markPassed("result service data ke : " + no): result service data ke : 250

2022-11-25 09:38:39 - [MESSAGE][PASSED] - result service data ke : 250

2022-11-25 09:38:39 - [TEST_STEP][PASSED] - logInfo($response2): {"result_konsumen":"Approve","result_pasangan":"Reguler","Final_result":"Approve","errorMessage":"","status":"Done"}

2022-11-25 09:38:39 - [MESSAGE][INFO] - {"result_konsumen":"Approve","result_pasangan":"Reguler","Final_result":"Approve","errorMessage":"","status":"Done"}

2022-11-25 09:38:39 - [TEST_STEP][PASSED] - verifyElementPropertyValue(scoring, "Final_result", final_result): Verify element property value successfully

2022-11-25 09:38:39 - [MESSAGE][PASSED] - Verify element property value successfully]]></system-out>
         <system-err><![CDATA[]]></system-err>
      </testcase>
      <testcase name="Test Cases/Engine_Scoring/Engine Scoring" time="6.633" classname="Test Cases/Engine_Scoring/Engine Scoring" status="PASSED">
         <system-out><![CDATA[2022-11-25 09:38:40 - [TEST_CASE][PASSED] - Test Cases/Engine_Scoring/Engine Scoring: Test Cases/Engine_Scoring/Engine Scoring

2022-11-25 09:38:40 - [TEST_STEP][PASSED] - markPassed("Variasi data ke : " + no): Variasi data ke : 251

2022-11-25 09:38:40 - [MESSAGE][PASSED] - Variasi data ke : 251

2022-11-25 09:38:40 - [TEST_STEP][PASSED] - req_data = sendRequest(findTestObject("Search_ME", ["MID":MID, "source":source, "ip":ip, "userid":userid, "branch":branch, "tipekons":tipekons, "marital":marital, "penjamin":penjamin, ... ])): Send request successfully

2022-11-25 09:38:41 - [MESSAGE][INFO] - HAR: D:\DMS\Engine Scoring\Reports\20221125_093256\Exclude KKB - DS - Married\Scoring Married - KKB\20221125_093256\requests\main\100.har

2022-11-25 09:38:41 - [MESSAGE][PASSED] - Send request successfully

2022-11-25 09:38:41 - [TEST_STEP][PASSED] - slurper = new groovy.json.JsonSlurper(): null

2022-11-25 09:38:41 - [TEST_STEP][PASSED] - result = slurper.parseText(req_data.getResponseBodyContent()): null

2022-11-25 09:38:41 - [TEST_STEP][PASSED] - reqid_kons = requestid1: null

2022-11-25 09:38:41 - [TEST_STEP][PASSED] - reqid_spouse = requestid2: null

2022-11-25 09:38:41 - [TEST_STEP][PASSED] - println("requestid kons : " + reqid_kons): null

2022-11-25 09:38:41 - [TEST_STEP][PASSED] - response_searchME_kons = reqid_kons: null

2022-11-25 09:38:41 - [TEST_STEP][PASSED] - response_searchME_spouse = reqid_spouse: null

2022-11-25 09:38:41 - [TEST_STEP][PASSED] - println("kons req id is :" + response_searchME_kons): null

2022-11-25 09:38:41 - [TEST_STEP][PASSED] - println("spouse req id is : " + response_searchME_spouse): null

2022-11-25 09:38:41 - [TEST_STEP][PASSED] - verifyResponseStatusCode(req_data, 200): Verify response status code successfully

2022-11-25 09:38:41 - [MESSAGE][PASSED] - Verify response status code successfully

2022-11-25 09:38:41 - [TEST_STEP][PASSED] - response = req_data.getResponseText(): null

2022-11-25 09:38:41 - [TEST_STEP][PASSED] - logInfo($response): {"status":"Done","data":{"requestid1":"255100","requestid2":"255101"}}

2022-11-25 09:38:41 - [MESSAGE][INFO] - {"status":"Done","data":{"requestid1":"255100","requestid2":"255101"}}

2022-11-25 09:38:41 - [TEST_STEP][PASSED] - delay(5): Delayed 5 second(s)

2022-11-25 09:38:46 - [MESSAGE][PASSED] - Delayed 5 second(s)

2022-11-25 09:38:46 - [TEST_STEP][PASSED] - scoring = sendRequest(findTestObject("EngineScore", ["response_searchME_kons":response_searchME_kons, "response_searchME_spouse":response_searchME_spouse])): Send request successfully

2022-11-25 09:38:46 - [MESSAGE][INFO] - HAR: D:\DMS\Engine Scoring\Reports\20221125_093256\Exclude KKB - DS - Married\Scoring Married - KKB\20221125_093256\requests\main\101.har

2022-11-25 09:38:46 - [MESSAGE][PASSED] - Send request successfully

2022-11-25 09:38:46 - [TEST_STEP][PASSED] - verifyResponseStatusCode(scoring, 200): Verify response status code successfully

2022-11-25 09:38:46 - [MESSAGE][PASSED] - Verify response status code successfully

2022-11-25 09:38:46 - [TEST_STEP][PASSED] - response2 = scoring.getResponseText(): null

2022-11-25 09:38:46 - [TEST_STEP][PASSED] - markPassed("result service data ke : " + no): result service data ke : 251

2022-11-25 09:38:46 - [MESSAGE][PASSED] - result service data ke : 251

2022-11-25 09:38:46 - [TEST_STEP][PASSED] - logInfo($response2): {"result_konsumen":"Approve","result_pasangan":"Reguler","Final_result":"Approve","errorMessage":"","status":"Done"}

2022-11-25 09:38:46 - [MESSAGE][INFO] - {"result_konsumen":"Approve","result_pasangan":"Reguler","Final_result":"Approve","errorMessage":"","status":"Done"}

2022-11-25 09:38:46 - [TEST_STEP][PASSED] - verifyElementPropertyValue(scoring, "Final_result", final_result): Verify element property value successfully

2022-11-25 09:38:46 - [MESSAGE][PASSED] - Verify element property value successfully]]></system-out>
         <system-err><![CDATA[]]></system-err>
      </testcase>
      <testcase name="Test Cases/Engine_Scoring/Engine Scoring" time="6.687" classname="Test Cases/Engine_Scoring/Engine Scoring" status="PASSED">
         <system-out><![CDATA[2022-11-25 09:38:46 - [TEST_CASE][PASSED] - Test Cases/Engine_Scoring/Engine Scoring: Test Cases/Engine_Scoring/Engine Scoring

2022-11-25 09:38:47 - [TEST_STEP][PASSED] - markPassed("Variasi data ke : " + no): Variasi data ke : 252

2022-11-25 09:38:47 - [MESSAGE][PASSED] - Variasi data ke : 252

2022-11-25 09:38:47 - [TEST_STEP][PASSED] - req_data = sendRequest(findTestObject("Search_ME", ["MID":MID, "source":source, "ip":ip, "userid":userid, "branch":branch, "tipekons":tipekons, "marital":marital, "penjamin":penjamin, ... ])): Send request successfully

2022-11-25 09:38:48 - [MESSAGE][INFO] - HAR: D:\DMS\Engine Scoring\Reports\20221125_093256\Exclude KKB - DS - Married\Scoring Married - KKB\20221125_093256\requests\main\102.har

2022-11-25 09:38:48 - [MESSAGE][PASSED] - Send request successfully

2022-11-25 09:38:48 - [TEST_STEP][PASSED] - slurper = new groovy.json.JsonSlurper(): null

2022-11-25 09:38:48 - [TEST_STEP][PASSED] - result = slurper.parseText(req_data.getResponseBodyContent()): null

2022-11-25 09:38:48 - [TEST_STEP][PASSED] - reqid_kons = requestid1: null

2022-11-25 09:38:48 - [TEST_STEP][PASSED] - reqid_spouse = requestid2: null

2022-11-25 09:38:48 - [TEST_STEP][PASSED] - println("requestid kons : " + reqid_kons): null

2022-11-25 09:38:48 - [TEST_STEP][PASSED] - response_searchME_kons = reqid_kons: null

2022-11-25 09:38:48 - [TEST_STEP][PASSED] - response_searchME_spouse = reqid_spouse: null

2022-11-25 09:38:48 - [TEST_STEP][PASSED] - println("kons req id is :" + response_searchME_kons): null

2022-11-25 09:38:48 - [TEST_STEP][PASSED] - println("spouse req id is : " + response_searchME_spouse): null

2022-11-25 09:38:48 - [TEST_STEP][PASSED] - verifyResponseStatusCode(req_data, 200): Verify response status code successfully

2022-11-25 09:38:48 - [MESSAGE][PASSED] - Verify response status code successfully

2022-11-25 09:38:48 - [TEST_STEP][PASSED] - response = req_data.getResponseText(): null

2022-11-25 09:38:48 - [TEST_STEP][PASSED] - logInfo($response): {"status":"Done","data":{"requestid1":"255102","requestid2":"255103"}}

2022-11-25 09:38:48 - [MESSAGE][INFO] - {"status":"Done","data":{"requestid1":"255102","requestid2":"255103"}}

2022-11-25 09:38:48 - [TEST_STEP][PASSED] - delay(5): Delayed 5 second(s)

2022-11-25 09:38:53 - [MESSAGE][PASSED] - Delayed 5 second(s)

2022-11-25 09:38:53 - [TEST_STEP][PASSED] - scoring = sendRequest(findTestObject("EngineScore", ["response_searchME_kons":response_searchME_kons, "response_searchME_spouse":response_searchME_spouse])): Send request successfully

2022-11-25 09:38:53 - [MESSAGE][INFO] - HAR: D:\DMS\Engine Scoring\Reports\20221125_093256\Exclude KKB - DS - Married\Scoring Married - KKB\20221125_093256\requests\main\103.har

2022-11-25 09:38:53 - [MESSAGE][PASSED] - Send request successfully

2022-11-25 09:38:53 - [TEST_STEP][PASSED] - verifyResponseStatusCode(scoring, 200): Verify response status code successfully

2022-11-25 09:38:53 - [MESSAGE][PASSED] - Verify response status code successfully

2022-11-25 09:38:53 - [TEST_STEP][PASSED] - response2 = scoring.getResponseText(): null

2022-11-25 09:38:53 - [TEST_STEP][PASSED] - markPassed("result service data ke : " + no): result service data ke : 252

2022-11-25 09:38:53 - [MESSAGE][PASSED] - result service data ke : 252

2022-11-25 09:38:53 - [TEST_STEP][PASSED] - logInfo($response2): {"result_konsumen":"Approve","result_pasangan":"Reguler","Final_result":"Approve","errorMessage":"","status":"Done"}

2022-11-25 09:38:53 - [MESSAGE][INFO] - {"result_konsumen":"Approve","result_pasangan":"Reguler","Final_result":"Approve","errorMessage":"","status":"Done"}

2022-11-25 09:38:53 - [TEST_STEP][PASSED] - verifyElementPropertyValue(scoring, "Final_result", final_result): Verify element property value successfully

2022-11-25 09:38:53 - [MESSAGE][PASSED] - Verify element property value successfully]]></system-out>
         <system-err><![CDATA[]]></system-err>
      </testcase>
      <testcase name="Test Cases/Engine_Scoring/Engine Scoring" time="6.689" classname="Test Cases/Engine_Scoring/Engine Scoring" status="PASSED">
         <system-out><![CDATA[2022-11-25 09:38:53 - [TEST_CASE][PASSED] - Test Cases/Engine_Scoring/Engine Scoring: Test Cases/Engine_Scoring/Engine Scoring

2022-11-25 09:38:54 - [TEST_STEP][PASSED] - markPassed("Variasi data ke : " + no): Variasi data ke : 253

2022-11-25 09:38:54 - [MESSAGE][PASSED] - Variasi data ke : 253

2022-11-25 09:38:54 - [TEST_STEP][PASSED] - req_data = sendRequest(findTestObject("Search_ME", ["MID":MID, "source":source, "ip":ip, "userid":userid, "branch":branch, "tipekons":tipekons, "marital":marital, "penjamin":penjamin, ... ])): Send request successfully

2022-11-25 09:38:55 - [MESSAGE][INFO] - HAR: D:\DMS\Engine Scoring\Reports\20221125_093256\Exclude KKB - DS - Married\Scoring Married - KKB\20221125_093256\requests\main\104.har

2022-11-25 09:38:55 - [MESSAGE][PASSED] - Send request successfully

2022-11-25 09:38:55 - [TEST_STEP][PASSED] - slurper = new groovy.json.JsonSlurper(): null

2022-11-25 09:38:55 - [TEST_STEP][PASSED] - result = slurper.parseText(req_data.getResponseBodyContent()): null

2022-11-25 09:38:55 - [TEST_STEP][PASSED] - reqid_kons = requestid1: null

2022-11-25 09:38:55 - [TEST_STEP][PASSED] - reqid_spouse = requestid2: null

2022-11-25 09:38:55 - [TEST_STEP][PASSED] - println("requestid kons : " + reqid_kons): null

2022-11-25 09:38:55 - [TEST_STEP][PASSED] - response_searchME_kons = reqid_kons: null

2022-11-25 09:38:55 - [TEST_STEP][PASSED] - response_searchME_spouse = reqid_spouse: null

2022-11-25 09:38:55 - [TEST_STEP][PASSED] - println("kons req id is :" + response_searchME_kons): null

2022-11-25 09:38:55 - [TEST_STEP][PASSED] - println("spouse req id is : " + response_searchME_spouse): null

2022-11-25 09:38:55 - [TEST_STEP][PASSED] - verifyResponseStatusCode(req_data, 200): Verify response status code successfully

2022-11-25 09:38:55 - [MESSAGE][PASSED] - Verify response status code successfully

2022-11-25 09:38:55 - [TEST_STEP][PASSED] - response = req_data.getResponseText(): null

2022-11-25 09:38:55 - [TEST_STEP][PASSED] - logInfo($response): {"status":"Done","data":{"requestid1":"255104","requestid2":"255105"}}

2022-11-25 09:38:55 - [MESSAGE][INFO] - {"status":"Done","data":{"requestid1":"255104","requestid2":"255105"}}

2022-11-25 09:38:55 - [TEST_STEP][PASSED] - delay(5): Delayed 5 second(s)

2022-11-25 09:39:00 - [MESSAGE][PASSED] - Delayed 5 second(s)

2022-11-25 09:39:00 - [TEST_STEP][PASSED] - scoring = sendRequest(findTestObject("EngineScore", ["response_searchME_kons":response_searchME_kons, "response_searchME_spouse":response_searchME_spouse])): Send request successfully

2022-11-25 09:39:00 - [MESSAGE][INFO] - HAR: D:\DMS\Engine Scoring\Reports\20221125_093256\Exclude KKB - DS - Married\Scoring Married - KKB\20221125_093256\requests\main\105.har

2022-11-25 09:39:00 - [MESSAGE][PASSED] - Send request successfully

2022-11-25 09:39:00 - [TEST_STEP][PASSED] - verifyResponseStatusCode(scoring, 200): Verify response status code successfully

2022-11-25 09:39:00 - [MESSAGE][PASSED] - Verify response status code successfully

2022-11-25 09:39:00 - [TEST_STEP][PASSED] - response2 = scoring.getResponseText(): null

2022-11-25 09:39:00 - [TEST_STEP][PASSED] - markPassed("result service data ke : " + no): result service data ke : 253

2022-11-25 09:39:00 - [MESSAGE][PASSED] - result service data ke : 253

2022-11-25 09:39:00 - [TEST_STEP][PASSED] - logInfo($response2): {"result_konsumen":"Approve","result_pasangan":"Reject","Final_result":"Reject","errorMessage":"","status":"Done"}

2022-11-25 09:39:00 - [MESSAGE][INFO] - {"result_konsumen":"Approve","result_pasangan":"Reject","Final_result":"Reject","errorMessage":"","status":"Done"}

2022-11-25 09:39:00 - [TEST_STEP][PASSED] - verifyElementPropertyValue(scoring, "Final_result", final_result): Verify element property value successfully

2022-11-25 09:39:00 - [MESSAGE][PASSED] - Verify element property value successfully]]></system-out>
         <system-err><![CDATA[]]></system-err>
      </testcase>
      <testcase name="Test Cases/Engine_Scoring/Engine Scoring" time="6.735" classname="Test Cases/Engine_Scoring/Engine Scoring" status="PASSED">
         <system-out><![CDATA[2022-11-25 09:39:00 - [TEST_CASE][PASSED] - Test Cases/Engine_Scoring/Engine Scoring: Test Cases/Engine_Scoring/Engine Scoring

2022-11-25 09:39:00 - [TEST_STEP][PASSED] - markPassed("Variasi data ke : " + no): Variasi data ke : 254

2022-11-25 09:39:00 - [MESSAGE][PASSED] - Variasi data ke : 254

2022-11-25 09:39:00 - [TEST_STEP][PASSED] - req_data = sendRequest(findTestObject("Search_ME", ["MID":MID, "source":source, "ip":ip, "userid":userid, "branch":branch, "tipekons":tipekons, "marital":marital, "penjamin":penjamin, ... ])): Send request successfully

2022-11-25 09:39:01 - [MESSAGE][INFO] - HAR: D:\DMS\Engine Scoring\Reports\20221125_093256\Exclude KKB - DS - Married\Scoring Married - KKB\20221125_093256\requests\main\106.har

2022-11-25 09:39:01 - [MESSAGE][PASSED] - Send request successfully

2022-11-25 09:39:01 - [TEST_STEP][PASSED] - slurper = new groovy.json.JsonSlurper(): null

2022-11-25 09:39:01 - [TEST_STEP][PASSED] - result = slurper.parseText(req_data.getResponseBodyContent()): null

2022-11-25 09:39:01 - [TEST_STEP][PASSED] - reqid_kons = requestid1: null

2022-11-25 09:39:01 - [TEST_STEP][PASSED] - reqid_spouse = requestid2: null

2022-11-25 09:39:01 - [TEST_STEP][PASSED] - println("requestid kons : " + reqid_kons): null

2022-11-25 09:39:01 - [TEST_STEP][PASSED] - response_searchME_kons = reqid_kons: null

2022-11-25 09:39:01 - [TEST_STEP][PASSED] - response_searchME_spouse = reqid_spouse: null

2022-11-25 09:39:01 - [TEST_STEP][PASSED] - println("kons req id is :" + response_searchME_kons): null

2022-11-25 09:39:01 - [TEST_STEP][PASSED] - println("spouse req id is : " + response_searchME_spouse): null

2022-11-25 09:39:01 - [TEST_STEP][PASSED] - verifyResponseStatusCode(req_data, 200): Verify response status code successfully

2022-11-25 09:39:01 - [MESSAGE][PASSED] - Verify response status code successfully

2022-11-25 09:39:01 - [TEST_STEP][PASSED] - response = req_data.getResponseText(): null

2022-11-25 09:39:01 - [TEST_STEP][PASSED] - logInfo($response): {"status":"Done","data":{"requestid1":"255106","requestid2":"255107"}}

2022-11-25 09:39:01 - [MESSAGE][INFO] - {"status":"Done","data":{"requestid1":"255106","requestid2":"255107"}}

2022-11-25 09:39:01 - [TEST_STEP][PASSED] - delay(5): Delayed 5 second(s)

2022-11-25 09:39:06 - [MESSAGE][PASSED] - Delayed 5 second(s)

2022-11-25 09:39:06 - [TEST_STEP][PASSED] - scoring = sendRequest(findTestObject("EngineScore", ["response_searchME_kons":response_searchME_kons, "response_searchME_spouse":response_searchME_spouse])): Send request successfully

2022-11-25 09:39:06 - [MESSAGE][INFO] - HAR: D:\DMS\Engine Scoring\Reports\20221125_093256\Exclude KKB - DS - Married\Scoring Married - KKB\20221125_093256\requests\main\107.har

2022-11-25 09:39:06 - [MESSAGE][PASSED] - Send request successfully

2022-11-25 09:39:06 - [TEST_STEP][PASSED] - verifyResponseStatusCode(scoring, 200): Verify response status code successfully

2022-11-25 09:39:06 - [MESSAGE][PASSED] - Verify response status code successfully

2022-11-25 09:39:06 - [TEST_STEP][PASSED] - response2 = scoring.getResponseText(): null

2022-11-25 09:39:06 - [TEST_STEP][PASSED] - markPassed("result service data ke : " + no): result service data ke : 254

2022-11-25 09:39:06 - [MESSAGE][PASSED] - result service data ke : 254

2022-11-25 09:39:06 - [TEST_STEP][PASSED] - logInfo($response2): {"result_konsumen":"Approve","result_pasangan":"Reject","Final_result":"Reject","errorMessage":"","status":"Done"}

2022-11-25 09:39:06 - [MESSAGE][INFO] - {"result_konsumen":"Approve","result_pasangan":"Reject","Final_result":"Reject","errorMessage":"","status":"Done"}

2022-11-25 09:39:06 - [TEST_STEP][PASSED] - verifyElementPropertyValue(scoring, "Final_result", final_result): Verify element property value successfully

2022-11-25 09:39:06 - [MESSAGE][PASSED] - Verify element property value successfully]]></system-out>
         <system-err><![CDATA[]]></system-err>
      </testcase>
      <testcase name="Test Cases/Engine_Scoring/Engine Scoring" time="6.725" classname="Test Cases/Engine_Scoring/Engine Scoring" status="PASSED">
         <system-out><![CDATA[2022-11-25 09:39:07 - [TEST_CASE][PASSED] - Test Cases/Engine_Scoring/Engine Scoring: Test Cases/Engine_Scoring/Engine Scoring

2022-11-25 09:39:07 - [TEST_STEP][PASSED] - markPassed("Variasi data ke : " + no): Variasi data ke : 255

2022-11-25 09:39:07 - [MESSAGE][PASSED] - Variasi data ke : 255

2022-11-25 09:39:07 - [TEST_STEP][PASSED] - req_data = sendRequest(findTestObject("Search_ME", ["MID":MID, "source":source, "ip":ip, "userid":userid, "branch":branch, "tipekons":tipekons, "marital":marital, "penjamin":penjamin, ... ])): Send request successfully

2022-11-25 09:39:08 - [MESSAGE][INFO] - HAR: D:\DMS\Engine Scoring\Reports\20221125_093256\Exclude KKB - DS - Married\Scoring Married - KKB\20221125_093256\requests\main\108.har

2022-11-25 09:39:08 - [MESSAGE][PASSED] - Send request successfully

2022-11-25 09:39:08 - [TEST_STEP][PASSED] - slurper = new groovy.json.JsonSlurper(): null

2022-11-25 09:39:08 - [TEST_STEP][PASSED] - result = slurper.parseText(req_data.getResponseBodyContent()): null

2022-11-25 09:39:08 - [TEST_STEP][PASSED] - reqid_kons = requestid1: null

2022-11-25 09:39:08 - [TEST_STEP][PASSED] - reqid_spouse = requestid2: null

2022-11-25 09:39:08 - [TEST_STEP][PASSED] - println("requestid kons : " + reqid_kons): null

2022-11-25 09:39:08 - [TEST_STEP][PASSED] - response_searchME_kons = reqid_kons: null

2022-11-25 09:39:08 - [TEST_STEP][PASSED] - response_searchME_spouse = reqid_spouse: null

2022-11-25 09:39:08 - [TEST_STEP][PASSED] - println("kons req id is :" + response_searchME_kons): null

2022-11-25 09:39:08 - [TEST_STEP][PASSED] - println("spouse req id is : " + response_searchME_spouse): null

2022-11-25 09:39:08 - [TEST_STEP][PASSED] - verifyResponseStatusCode(req_data, 200): Verify response status code successfully

2022-11-25 09:39:08 - [MESSAGE][PASSED] - Verify response status code successfully

2022-11-25 09:39:08 - [TEST_STEP][PASSED] - response = req_data.getResponseText(): null

2022-11-25 09:39:08 - [TEST_STEP][PASSED] - logInfo($response): {"status":"Done","data":{"requestid1":"255108","requestid2":"255109"}}

2022-11-25 09:39:08 - [MESSAGE][INFO] - {"status":"Done","data":{"requestid1":"255108","requestid2":"255109"}}

2022-11-25 09:39:08 - [TEST_STEP][PASSED] - delay(5): Delayed 5 second(s)

2022-11-25 09:39:13 - [MESSAGE][PASSED] - Delayed 5 second(s)

2022-11-25 09:39:13 - [TEST_STEP][PASSED] - scoring = sendRequest(findTestObject("EngineScore", ["response_searchME_kons":response_searchME_kons, "response_searchME_spouse":response_searchME_spouse])): Send request successfully

2022-11-25 09:39:13 - [MESSAGE][INFO] - HAR: D:\DMS\Engine Scoring\Reports\20221125_093256\Exclude KKB - DS - Married\Scoring Married - KKB\20221125_093256\requests\main\109.har

2022-11-25 09:39:13 - [MESSAGE][PASSED] - Send request successfully

2022-11-25 09:39:13 - [TEST_STEP][PASSED] - verifyResponseStatusCode(scoring, 200): Verify response status code successfully

2022-11-25 09:39:13 - [MESSAGE][PASSED] - Verify response status code successfully

2022-11-25 09:39:13 - [TEST_STEP][PASSED] - response2 = scoring.getResponseText(): null

2022-11-25 09:39:13 - [TEST_STEP][PASSED] - markPassed("result service data ke : " + no): result service data ke : 255

2022-11-25 09:39:13 - [MESSAGE][PASSED] - result service data ke : 255

2022-11-25 09:39:13 - [TEST_STEP][PASSED] - logInfo($response2): {"result_konsumen":"Approve","result_pasangan":"Reject","Final_result":"Reject","errorMessage":"","status":"Done"}

2022-11-25 09:39:13 - [MESSAGE][INFO] - {"result_konsumen":"Approve","result_pasangan":"Reject","Final_result":"Reject","errorMessage":"","status":"Done"}

2022-11-25 09:39:13 - [TEST_STEP][PASSED] - verifyElementPropertyValue(scoring, "Final_result", final_result): Verify element property value successfully

2022-11-25 09:39:13 - [MESSAGE][PASSED] - Verify element property value successfully]]></system-out>
         <system-err><![CDATA[]]></system-err>
      </testcase>
      <testcase name="Test Cases/Engine_Scoring/Engine Scoring" time="6.626" classname="Test Cases/Engine_Scoring/Engine Scoring" status="PASSED">
         <system-out><![CDATA[2022-11-25 09:39:13 - [TEST_CASE][PASSED] - Test Cases/Engine_Scoring/Engine Scoring: Test Cases/Engine_Scoring/Engine Scoring

2022-11-25 09:39:14 - [TEST_STEP][PASSED] - markPassed("Variasi data ke : " + no): Variasi data ke : 256

2022-11-25 09:39:14 - [MESSAGE][PASSED] - Variasi data ke : 256

2022-11-25 09:39:14 - [TEST_STEP][PASSED] - req_data = sendRequest(findTestObject("Search_ME", ["MID":MID, "source":source, "ip":ip, "userid":userid, "branch":branch, "tipekons":tipekons, "marital":marital, "penjamin":penjamin, ... ])): Send request successfully

2022-11-25 09:39:15 - [MESSAGE][INFO] - HAR: D:\DMS\Engine Scoring\Reports\20221125_093256\Exclude KKB - DS - Married\Scoring Married - KKB\20221125_093256\requests\main\110.har

2022-11-25 09:39:15 - [MESSAGE][PASSED] - Send request successfully

2022-11-25 09:39:15 - [TEST_STEP][PASSED] - slurper = new groovy.json.JsonSlurper(): null

2022-11-25 09:39:15 - [TEST_STEP][PASSED] - result = slurper.parseText(req_data.getResponseBodyContent()): null

2022-11-25 09:39:15 - [TEST_STEP][PASSED] - reqid_kons = requestid1: null

2022-11-25 09:39:15 - [TEST_STEP][PASSED] - reqid_spouse = requestid2: null

2022-11-25 09:39:15 - [TEST_STEP][PASSED] - println("requestid kons : " + reqid_kons): null

2022-11-25 09:39:15 - [TEST_STEP][PASSED] - response_searchME_kons = reqid_kons: null

2022-11-25 09:39:15 - [TEST_STEP][PASSED] - response_searchME_spouse = reqid_spouse: null

2022-11-25 09:39:15 - [TEST_STEP][PASSED] - println("kons req id is :" + response_searchME_kons): null

2022-11-25 09:39:15 - [TEST_STEP][PASSED] - println("spouse req id is : " + response_searchME_spouse): null

2022-11-25 09:39:15 - [TEST_STEP][PASSED] - verifyResponseStatusCode(req_data, 200): Verify response status code successfully

2022-11-25 09:39:15 - [MESSAGE][PASSED] - Verify response status code successfully

2022-11-25 09:39:15 - [TEST_STEP][PASSED] - response = req_data.getResponseText(): null

2022-11-25 09:39:15 - [TEST_STEP][PASSED] - logInfo($response): {"status":"Done","data":{"requestid1":"255110","requestid2":"255111"}}

2022-11-25 09:39:15 - [MESSAGE][INFO] - {"status":"Done","data":{"requestid1":"255110","requestid2":"255111"}}

2022-11-25 09:39:15 - [TEST_STEP][PASSED] - delay(5): Delayed 5 second(s)

2022-11-25 09:39:20 - [MESSAGE][PASSED] - Delayed 5 second(s)

2022-11-25 09:39:20 - [TEST_STEP][PASSED] - scoring = sendRequest(findTestObject("EngineScore", ["response_searchME_kons":response_searchME_kons, "response_searchME_spouse":response_searchME_spouse])): Send request successfully

2022-11-25 09:39:20 - [MESSAGE][INFO] - HAR: D:\DMS\Engine Scoring\Reports\20221125_093256\Exclude KKB - DS - Married\Scoring Married - KKB\20221125_093256\requests\main\111.har

2022-11-25 09:39:20 - [MESSAGE][PASSED] - Send request successfully

2022-11-25 09:39:20 - [TEST_STEP][PASSED] - verifyResponseStatusCode(scoring, 200): Verify response status code successfully

2022-11-25 09:39:20 - [MESSAGE][PASSED] - Verify response status code successfully

2022-11-25 09:39:20 - [TEST_STEP][PASSED] - response2 = scoring.getResponseText(): null

2022-11-25 09:39:20 - [TEST_STEP][PASSED] - markPassed("result service data ke : " + no): result service data ke : 256

2022-11-25 09:39:20 - [MESSAGE][PASSED] - result service data ke : 256

2022-11-25 09:39:20 - [TEST_STEP][PASSED] - logInfo($response2): {"result_konsumen":"Approve","result_pasangan":"Reject","Final_result":"Reject","errorMessage":"","status":"Done"}

2022-11-25 09:39:20 - [MESSAGE][INFO] - {"result_konsumen":"Approve","result_pasangan":"Reject","Final_result":"Reject","errorMessage":"","status":"Done"}

2022-11-25 09:39:20 - [TEST_STEP][PASSED] - verifyElementPropertyValue(scoring, "Final_result", final_result): Verify element property value successfully

2022-11-25 09:39:20 - [MESSAGE][PASSED] - Verify element property value successfully]]></system-out>
         <system-err><![CDATA[]]></system-err>
      </testcase>
      <testcase name="Test Cases/Engine_Scoring/Engine Scoring" time="6.754" classname="Test Cases/Engine_Scoring/Engine Scoring" status="PASSED">
         <system-out><![CDATA[2022-11-25 09:39:20 - [TEST_CASE][PASSED] - Test Cases/Engine_Scoring/Engine Scoring: Test Cases/Engine_Scoring/Engine Scoring

2022-11-25 09:39:21 - [TEST_STEP][PASSED] - markPassed("Variasi data ke : " + no): Variasi data ke : 257

2022-11-25 09:39:21 - [MESSAGE][PASSED] - Variasi data ke : 257

2022-11-25 09:39:21 - [TEST_STEP][PASSED] - req_data = sendRequest(findTestObject("Search_ME", ["MID":MID, "source":source, "ip":ip, "userid":userid, "branch":branch, "tipekons":tipekons, "marital":marital, "penjamin":penjamin, ... ])): Send request successfully

2022-11-25 09:39:22 - [MESSAGE][INFO] - HAR: D:\DMS\Engine Scoring\Reports\20221125_093256\Exclude KKB - DS - Married\Scoring Married - KKB\20221125_093256\requests\main\112.har

2022-11-25 09:39:22 - [MESSAGE][PASSED] - Send request successfully

2022-11-25 09:39:22 - [TEST_STEP][PASSED] - slurper = new groovy.json.JsonSlurper(): null

2022-11-25 09:39:22 - [TEST_STEP][PASSED] - result = slurper.parseText(req_data.getResponseBodyContent()): null

2022-11-25 09:39:22 - [TEST_STEP][PASSED] - reqid_kons = requestid1: null

2022-11-25 09:39:22 - [TEST_STEP][PASSED] - reqid_spouse = requestid2: null

2022-11-25 09:39:22 - [TEST_STEP][PASSED] - println("requestid kons : " + reqid_kons): null

2022-11-25 09:39:22 - [TEST_STEP][PASSED] - response_searchME_kons = reqid_kons: null

2022-11-25 09:39:22 - [TEST_STEP][PASSED] - response_searchME_spouse = reqid_spouse: null

2022-11-25 09:39:22 - [TEST_STEP][PASSED] - println("kons req id is :" + response_searchME_kons): null

2022-11-25 09:39:22 - [TEST_STEP][PASSED] - println("spouse req id is : " + response_searchME_spouse): null

2022-11-25 09:39:22 - [TEST_STEP][PASSED] - verifyResponseStatusCode(req_data, 200): Verify response status code successfully

2022-11-25 09:39:22 - [MESSAGE][PASSED] - Verify response status code successfully

2022-11-25 09:39:22 - [TEST_STEP][PASSED] - response = req_data.getResponseText(): null

2022-11-25 09:39:22 - [TEST_STEP][PASSED] - logInfo($response): {"status":"Done","data":{"requestid1":"255112","requestid2":"255113"}}

2022-11-25 09:39:22 - [MESSAGE][INFO] - {"status":"Done","data":{"requestid1":"255112","requestid2":"255113"}}

2022-11-25 09:39:22 - [TEST_STEP][PASSED] - delay(5): Delayed 5 second(s)

2022-11-25 09:39:27 - [MESSAGE][PASSED] - Delayed 5 second(s)

2022-11-25 09:39:27 - [TEST_STEP][PASSED] - scoring = sendRequest(findTestObject("EngineScore", ["response_searchME_kons":response_searchME_kons, "response_searchME_spouse":response_searchME_spouse])): Send request successfully

2022-11-25 09:39:27 - [MESSAGE][INFO] - HAR: D:\DMS\Engine Scoring\Reports\20221125_093256\Exclude KKB - DS - Married\Scoring Married - KKB\20221125_093256\requests\main\113.har

2022-11-25 09:39:27 - [MESSAGE][PASSED] - Send request successfully

2022-11-25 09:39:27 - [TEST_STEP][PASSED] - verifyResponseStatusCode(scoring, 200): Verify response status code successfully

2022-11-25 09:39:27 - [MESSAGE][PASSED] - Verify response status code successfully

2022-11-25 09:39:27 - [TEST_STEP][PASSED] - response2 = scoring.getResponseText(): null

2022-11-25 09:39:27 - [TEST_STEP][PASSED] - markPassed("result service data ke : " + no): result service data ke : 257

2022-11-25 09:39:27 - [MESSAGE][PASSED] - result service data ke : 257

2022-11-25 09:39:27 - [TEST_STEP][PASSED] - logInfo($response2): {"result_konsumen":"Approve","result_pasangan":"Reject","Final_result":"Reject","errorMessage":"","status":"Done"}

2022-11-25 09:39:27 - [MESSAGE][INFO] - {"result_konsumen":"Approve","result_pasangan":"Reject","Final_result":"Reject","errorMessage":"","status":"Done"}

2022-11-25 09:39:27 - [TEST_STEP][PASSED] - verifyElementPropertyValue(scoring, "Final_result", final_result): Verify element property value successfully

2022-11-25 09:39:27 - [MESSAGE][PASSED] - Verify element property value successfully]]></system-out>
         <system-err><![CDATA[]]></system-err>
      </testcase>
      <testcase name="Test Cases/Engine_Scoring/Engine Scoring" time="6.815" classname="Test Cases/Engine_Scoring/Engine Scoring" status="PASSED">
         <system-out><![CDATA[2022-11-25 09:39:27 - [TEST_CASE][PASSED] - Test Cases/Engine_Scoring/Engine Scoring: Test Cases/Engine_Scoring/Engine Scoring

2022-11-25 09:39:28 - [TEST_STEP][PASSED] - markPassed("Variasi data ke : " + no): Variasi data ke : 258

2022-11-25 09:39:28 - [MESSAGE][PASSED] - Variasi data ke : 258

2022-11-25 09:39:28 - [TEST_STEP][PASSED] - req_data = sendRequest(findTestObject("Search_ME", ["MID":MID, "source":source, "ip":ip, "userid":userid, "branch":branch, "tipekons":tipekons, "marital":marital, "penjamin":penjamin, ... ])): Send request successfully

2022-11-25 09:39:28 - [MESSAGE][INFO] - HAR: D:\DMS\Engine Scoring\Reports\20221125_093256\Exclude KKB - DS - Married\Scoring Married - KKB\20221125_093256\requests\main\114.har

2022-11-25 09:39:28 - [MESSAGE][PASSED] - Send request successfully

2022-11-25 09:39:28 - [TEST_STEP][PASSED] - slurper = new groovy.json.JsonSlurper(): null

2022-11-25 09:39:28 - [TEST_STEP][PASSED] - result = slurper.parseText(req_data.getResponseBodyContent()): null

2022-11-25 09:39:28 - [TEST_STEP][PASSED] - reqid_kons = requestid1: null

2022-11-25 09:39:28 - [TEST_STEP][PASSED] - reqid_spouse = requestid2: null

2022-11-25 09:39:28 - [TEST_STEP][PASSED] - println("requestid kons : " + reqid_kons): null

2022-11-25 09:39:28 - [TEST_STEP][PASSED] - response_searchME_kons = reqid_kons: null

2022-11-25 09:39:28 - [TEST_STEP][PASSED] - response_searchME_spouse = reqid_spouse: null

2022-11-25 09:39:28 - [TEST_STEP][PASSED] - println("kons req id is :" + response_searchME_kons): null

2022-11-25 09:39:28 - [TEST_STEP][PASSED] - println("spouse req id is : " + response_searchME_spouse): null

2022-11-25 09:39:28 - [TEST_STEP][PASSED] - verifyResponseStatusCode(req_data, 200): Verify response status code successfully

2022-11-25 09:39:28 - [MESSAGE][PASSED] - Verify response status code successfully

2022-11-25 09:39:28 - [TEST_STEP][PASSED] - response = req_data.getResponseText(): null

2022-11-25 09:39:28 - [TEST_STEP][PASSED] - logInfo($response): {"status":"Done","data":{"requestid1":"255114","requestid2":"255115"}}

2022-11-25 09:39:28 - [MESSAGE][INFO] - {"status":"Done","data":{"requestid1":"255114","requestid2":"255115"}}

2022-11-25 09:39:28 - [TEST_STEP][PASSED] - delay(5): Delayed 5 second(s)

2022-11-25 09:39:33 - [MESSAGE][PASSED] - Delayed 5 second(s)

2022-11-25 09:39:33 - [TEST_STEP][PASSED] - scoring = sendRequest(findTestObject("EngineScore", ["response_searchME_kons":response_searchME_kons, "response_searchME_spouse":response_searchME_spouse])): Send request successfully

2022-11-25 09:39:34 - [MESSAGE][INFO] - HAR: D:\DMS\Engine Scoring\Reports\20221125_093256\Exclude KKB - DS - Married\Scoring Married - KKB\20221125_093256\requests\main\115.har

2022-11-25 09:39:34 - [MESSAGE][PASSED] - Send request successfully

2022-11-25 09:39:34 - [TEST_STEP][PASSED] - verifyResponseStatusCode(scoring, 200): Verify response status code successfully

2022-11-25 09:39:34 - [MESSAGE][PASSED] - Verify response status code successfully

2022-11-25 09:39:34 - [TEST_STEP][PASSED] - response2 = scoring.getResponseText(): null

2022-11-25 09:39:34 - [TEST_STEP][PASSED] - markPassed("result service data ke : " + no): result service data ke : 258

2022-11-25 09:39:34 - [MESSAGE][PASSED] - result service data ke : 258

2022-11-25 09:39:34 - [TEST_STEP][PASSED] - logInfo($response2): {"result_konsumen":"Approve","result_pasangan":"Reject","Final_result":"Reject","errorMessage":"","status":"Done"}

2022-11-25 09:39:34 - [MESSAGE][INFO] - {"result_konsumen":"Approve","result_pasangan":"Reject","Final_result":"Reject","errorMessage":"","status":"Done"}

2022-11-25 09:39:34 - [TEST_STEP][PASSED] - verifyElementPropertyValue(scoring, "Final_result", final_result): Verify element property value successfully

2022-11-25 09:39:34 - [MESSAGE][PASSED] - Verify element property value successfully]]></system-out>
         <system-err><![CDATA[]]></system-err>
      </testcase>
      <testcase name="Test Cases/Engine_Scoring/Engine Scoring" time="6.708" classname="Test Cases/Engine_Scoring/Engine Scoring" status="PASSED">
         <system-out><![CDATA[2022-11-25 09:39:34 - [TEST_CASE][PASSED] - Test Cases/Engine_Scoring/Engine Scoring: Test Cases/Engine_Scoring/Engine Scoring

2022-11-25 09:39:34 - [TEST_STEP][PASSED] - markPassed("Variasi data ke : " + no): Variasi data ke : 259

2022-11-25 09:39:34 - [MESSAGE][PASSED] - Variasi data ke : 259

2022-11-25 09:39:34 - [TEST_STEP][PASSED] - req_data = sendRequest(findTestObject("Search_ME", ["MID":MID, "source":source, "ip":ip, "userid":userid, "branch":branch, "tipekons":tipekons, "marital":marital, "penjamin":penjamin, ... ])): Send request successfully

2022-11-25 09:39:35 - [MESSAGE][INFO] - HAR: D:\DMS\Engine Scoring\Reports\20221125_093256\Exclude KKB - DS - Married\Scoring Married - KKB\20221125_093256\requests\main\116.har

2022-11-25 09:39:35 - [MESSAGE][PASSED] - Send request successfully

2022-11-25 09:39:35 - [TEST_STEP][PASSED] - slurper = new groovy.json.JsonSlurper(): null

2022-11-25 09:39:35 - [TEST_STEP][PASSED] - result = slurper.parseText(req_data.getResponseBodyContent()): null

2022-11-25 09:39:35 - [TEST_STEP][PASSED] - reqid_kons = requestid1: null

2022-11-25 09:39:35 - [TEST_STEP][PASSED] - reqid_spouse = requestid2: null

2022-11-25 09:39:35 - [TEST_STEP][PASSED] - println("requestid kons : " + reqid_kons): null

2022-11-25 09:39:35 - [TEST_STEP][PASSED] - response_searchME_kons = reqid_kons: null

2022-11-25 09:39:35 - [TEST_STEP][PASSED] - response_searchME_spouse = reqid_spouse: null

2022-11-25 09:39:35 - [TEST_STEP][PASSED] - println("kons req id is :" + response_searchME_kons): null

2022-11-25 09:39:35 - [TEST_STEP][PASSED] - println("spouse req id is : " + response_searchME_spouse): null

2022-11-25 09:39:35 - [TEST_STEP][PASSED] - verifyResponseStatusCode(req_data, 200): Verify response status code successfully

2022-11-25 09:39:35 - [MESSAGE][PASSED] - Verify response status code successfully

2022-11-25 09:39:35 - [TEST_STEP][PASSED] - response = req_data.getResponseText(): null

2022-11-25 09:39:35 - [TEST_STEP][PASSED] - logInfo($response): {"status":"Done","data":{"requestid1":"255116","requestid2":"255117"}}

2022-11-25 09:39:35 - [MESSAGE][INFO] - {"status":"Done","data":{"requestid1":"255116","requestid2":"255117"}}

2022-11-25 09:39:35 - [TEST_STEP][PASSED] - delay(5): Delayed 5 second(s)

2022-11-25 09:39:40 - [MESSAGE][PASSED] - Delayed 5 second(s)

2022-11-25 09:39:40 - [TEST_STEP][PASSED] - scoring = sendRequest(findTestObject("EngineScore", ["response_searchME_kons":response_searchME_kons, "response_searchME_spouse":response_searchME_spouse])): Send request successfully

2022-11-25 09:39:40 - [MESSAGE][INFO] - HAR: D:\DMS\Engine Scoring\Reports\20221125_093256\Exclude KKB - DS - Married\Scoring Married - KKB\20221125_093256\requests\main\117.har

2022-11-25 09:39:40 - [MESSAGE][PASSED] - Send request successfully

2022-11-25 09:39:40 - [TEST_STEP][PASSED] - verifyResponseStatusCode(scoring, 200): Verify response status code successfully

2022-11-25 09:39:40 - [MESSAGE][PASSED] - Verify response status code successfully

2022-11-25 09:39:40 - [TEST_STEP][PASSED] - response2 = scoring.getResponseText(): null

2022-11-25 09:39:40 - [TEST_STEP][PASSED] - markPassed("result service data ke : " + no): result service data ke : 259

2022-11-25 09:39:40 - [MESSAGE][PASSED] - result service data ke : 259

2022-11-25 09:39:40 - [TEST_STEP][PASSED] - logInfo($response2): {"result_konsumen":"Approve","result_pasangan":"Reject","Final_result":"Reject","errorMessage":"","status":"Done"}

2022-11-25 09:39:40 - [MESSAGE][INFO] - {"result_konsumen":"Approve","result_pasangan":"Reject","Final_result":"Reject","errorMessage":"","status":"Done"}

2022-11-25 09:39:40 - [TEST_STEP][PASSED] - verifyElementPropertyValue(scoring, "Final_result", final_result): Verify element property value successfully

2022-11-25 09:39:40 - [MESSAGE][PASSED] - Verify element property value successfully]]></system-out>
         <system-err><![CDATA[]]></system-err>
      </testcase>
      <testcase name="Test Cases/Engine_Scoring/Engine Scoring" time="6.794" classname="Test Cases/Engine_Scoring/Engine Scoring" status="PASSED">
         <system-out><![CDATA[2022-11-25 09:39:40 - [TEST_CASE][PASSED] - Test Cases/Engine_Scoring/Engine Scoring: Test Cases/Engine_Scoring/Engine Scoring

2022-11-25 09:39:41 - [TEST_STEP][PASSED] - markPassed("Variasi data ke : " + no): Variasi data ke : 260

2022-11-25 09:39:41 - [MESSAGE][PASSED] - Variasi data ke : 260

2022-11-25 09:39:41 - [TEST_STEP][PASSED] - req_data = sendRequest(findTestObject("Search_ME", ["MID":MID, "source":source, "ip":ip, "userid":userid, "branch":branch, "tipekons":tipekons, "marital":marital, "penjamin":penjamin, ... ])): Send request successfully

2022-11-25 09:39:42 - [MESSAGE][INFO] - HAR: D:\DMS\Engine Scoring\Reports\20221125_093256\Exclude KKB - DS - Married\Scoring Married - KKB\20221125_093256\requests\main\118.har

2022-11-25 09:39:42 - [MESSAGE][PASSED] - Send request successfully

2022-11-25 09:39:42 - [TEST_STEP][PASSED] - slurper = new groovy.json.JsonSlurper(): null

2022-11-25 09:39:42 - [TEST_STEP][PASSED] - result = slurper.parseText(req_data.getResponseBodyContent()): null

2022-11-25 09:39:42 - [TEST_STEP][PASSED] - reqid_kons = requestid1: null

2022-11-25 09:39:42 - [TEST_STEP][PASSED] - reqid_spouse = requestid2: null

2022-11-25 09:39:42 - [TEST_STEP][PASSED] - println("requestid kons : " + reqid_kons): null

2022-11-25 09:39:42 - [TEST_STEP][PASSED] - response_searchME_kons = reqid_kons: null

2022-11-25 09:39:42 - [TEST_STEP][PASSED] - response_searchME_spouse = reqid_spouse: null

2022-11-25 09:39:42 - [TEST_STEP][PASSED] - println("kons req id is :" + response_searchME_kons): null

2022-11-25 09:39:42 - [TEST_STEP][PASSED] - println("spouse req id is : " + response_searchME_spouse): null

2022-11-25 09:39:42 - [TEST_STEP][PASSED] - verifyResponseStatusCode(req_data, 200): Verify response status code successfully

2022-11-25 09:39:42 - [MESSAGE][PASSED] - Verify response status code successfully

2022-11-25 09:39:42 - [TEST_STEP][PASSED] - response = req_data.getResponseText(): null

2022-11-25 09:39:42 - [TEST_STEP][PASSED] - logInfo($response): {"status":"Done","data":{"requestid1":"255118","requestid2":"255119"}}

2022-11-25 09:39:42 - [MESSAGE][INFO] - {"status":"Done","data":{"requestid1":"255118","requestid2":"255119"}}

2022-11-25 09:39:42 - [TEST_STEP][PASSED] - delay(5): Delayed 5 second(s)

2022-11-25 09:39:47 - [MESSAGE][PASSED] - Delayed 5 second(s)

2022-11-25 09:39:47 - [TEST_STEP][PASSED] - scoring = sendRequest(findTestObject("EngineScore", ["response_searchME_kons":response_searchME_kons, "response_searchME_spouse":response_searchME_spouse])): Send request successfully

2022-11-25 09:39:47 - [MESSAGE][INFO] - HAR: D:\DMS\Engine Scoring\Reports\20221125_093256\Exclude KKB - DS - Married\Scoring Married - KKB\20221125_093256\requests\main\119.har

2022-11-25 09:39:47 - [MESSAGE][PASSED] - Send request successfully

2022-11-25 09:39:47 - [TEST_STEP][PASSED] - verifyResponseStatusCode(scoring, 200): Verify response status code successfully

2022-11-25 09:39:47 - [MESSAGE][PASSED] - Verify response status code successfully

2022-11-25 09:39:47 - [TEST_STEP][PASSED] - response2 = scoring.getResponseText(): null

2022-11-25 09:39:47 - [TEST_STEP][PASSED] - markPassed("result service data ke : " + no): result service data ke : 260

2022-11-25 09:39:47 - [MESSAGE][PASSED] - result service data ke : 260

2022-11-25 09:39:47 - [TEST_STEP][PASSED] - logInfo($response2): {"result_konsumen":"Approve","result_pasangan":"Reject","Final_result":"Reject","errorMessage":"","status":"Done"}

2022-11-25 09:39:47 - [MESSAGE][INFO] - {"result_konsumen":"Approve","result_pasangan":"Reject","Final_result":"Reject","errorMessage":"","status":"Done"}

2022-11-25 09:39:47 - [TEST_STEP][PASSED] - verifyElementPropertyValue(scoring, "Final_result", final_result): Verify element property value successfully

2022-11-25 09:39:47 - [MESSAGE][PASSED] - Verify element property value successfully]]></system-out>
         <system-err><![CDATA[]]></system-err>
      </testcase>
      <testcase name="Test Cases/Engine_Scoring/Engine Scoring" time="6.834" classname="Test Cases/Engine_Scoring/Engine Scoring" status="PASSED">
         <system-out><![CDATA[2022-11-25 09:39:47 - [TEST_CASE][PASSED] - Test Cases/Engine_Scoring/Engine Scoring: Test Cases/Engine_Scoring/Engine Scoring

2022-11-25 09:39:48 - [TEST_STEP][PASSED] - markPassed("Variasi data ke : " + no): Variasi data ke : 261

2022-11-25 09:39:48 - [MESSAGE][PASSED] - Variasi data ke : 261

2022-11-25 09:39:48 - [TEST_STEP][PASSED] - req_data = sendRequest(findTestObject("Search_ME", ["MID":MID, "source":source, "ip":ip, "userid":userid, "branch":branch, "tipekons":tipekons, "marital":marital, "penjamin":penjamin, ... ])): Send request successfully

2022-11-25 09:39:49 - [MESSAGE][INFO] - HAR: D:\DMS\Engine Scoring\Reports\20221125_093256\Exclude KKB - DS - Married\Scoring Married - KKB\20221125_093256\requests\main\120.har

2022-11-25 09:39:49 - [MESSAGE][PASSED] - Send request successfully

2022-11-25 09:39:49 - [TEST_STEP][PASSED] - slurper = new groovy.json.JsonSlurper(): null

2022-11-25 09:39:49 - [TEST_STEP][PASSED] - result = slurper.parseText(req_data.getResponseBodyContent()): null

2022-11-25 09:39:49 - [TEST_STEP][PASSED] - reqid_kons = requestid1: null

2022-11-25 09:39:49 - [TEST_STEP][PASSED] - reqid_spouse = requestid2: null

2022-11-25 09:39:49 - [TEST_STEP][PASSED] - println("requestid kons : " + reqid_kons): null

2022-11-25 09:39:49 - [TEST_STEP][PASSED] - response_searchME_kons = reqid_kons: null

2022-11-25 09:39:49 - [TEST_STEP][PASSED] - response_searchME_spouse = reqid_spouse: null

2022-11-25 09:39:49 - [TEST_STEP][PASSED] - println("kons req id is :" + response_searchME_kons): null

2022-11-25 09:39:49 - [TEST_STEP][PASSED] - println("spouse req id is : " + response_searchME_spouse): null

2022-11-25 09:39:49 - [TEST_STEP][PASSED] - verifyResponseStatusCode(req_data, 200): Verify response status code successfully

2022-11-25 09:39:49 - [MESSAGE][PASSED] - Verify response status code successfully

2022-11-25 09:39:49 - [TEST_STEP][PASSED] - response = req_data.getResponseText(): null

2022-11-25 09:39:49 - [TEST_STEP][PASSED] - logInfo($response): {"status":"Done","data":{"requestid1":"255120","requestid2":"255121"}}

2022-11-25 09:39:49 - [MESSAGE][INFO] - {"status":"Done","data":{"requestid1":"255120","requestid2":"255121"}}

2022-11-25 09:39:49 - [TEST_STEP][PASSED] - delay(5): Delayed 5 second(s)

2022-11-25 09:39:54 - [MESSAGE][PASSED] - Delayed 5 second(s)

2022-11-25 09:39:54 - [TEST_STEP][PASSED] - scoring = sendRequest(findTestObject("EngineScore", ["response_searchME_kons":response_searchME_kons, "response_searchME_spouse":response_searchME_spouse])): Send request successfully

2022-11-25 09:39:54 - [MESSAGE][INFO] - HAR: D:\DMS\Engine Scoring\Reports\20221125_093256\Exclude KKB - DS - Married\Scoring Married - KKB\20221125_093256\requests\main\121.har

2022-11-25 09:39:54 - [MESSAGE][PASSED] - Send request successfully

2022-11-25 09:39:54 - [TEST_STEP][PASSED] - verifyResponseStatusCode(scoring, 200): Verify response status code successfully

2022-11-25 09:39:54 - [MESSAGE][PASSED] - Verify response status code successfully

2022-11-25 09:39:54 - [TEST_STEP][PASSED] - response2 = scoring.getResponseText(): null

2022-11-25 09:39:54 - [TEST_STEP][PASSED] - markPassed("result service data ke : " + no): result service data ke : 261

2022-11-25 09:39:54 - [MESSAGE][PASSED] - result service data ke : 261

2022-11-25 09:39:54 - [TEST_STEP][PASSED] - logInfo($response2): {"result_konsumen":"Approve","result_pasangan":"Reject","Final_result":"Reject","errorMessage":"","status":"Done"}

2022-11-25 09:39:54 - [MESSAGE][INFO] - {"result_konsumen":"Approve","result_pasangan":"Reject","Final_result":"Reject","errorMessage":"","status":"Done"}

2022-11-25 09:39:54 - [TEST_STEP][PASSED] - verifyElementPropertyValue(scoring, "Final_result", final_result): Verify element property value successfully

2022-11-25 09:39:54 - [MESSAGE][PASSED] - Verify element property value successfully]]></system-out>
         <system-err><![CDATA[]]></system-err>
      </testcase>
      <testcase name="Test Cases/Engine_Scoring/Engine Scoring" time="6.715" classname="Test Cases/Engine_Scoring/Engine Scoring" status="PASSED">
         <system-out><![CDATA[2022-11-25 09:39:54 - [TEST_CASE][PASSED] - Test Cases/Engine_Scoring/Engine Scoring: Test Cases/Engine_Scoring/Engine Scoring

2022-11-25 09:39:55 - [TEST_STEP][PASSED] - markPassed("Variasi data ke : " + no): Variasi data ke : 262

2022-11-25 09:39:55 - [MESSAGE][PASSED] - Variasi data ke : 262

2022-11-25 09:39:55 - [TEST_STEP][PASSED] - req_data = sendRequest(findTestObject("Search_ME", ["MID":MID, "source":source, "ip":ip, "userid":userid, "branch":branch, "tipekons":tipekons, "marital":marital, "penjamin":penjamin, ... ])): Send request successfully

2022-11-25 09:39:56 - [MESSAGE][INFO] - HAR: D:\DMS\Engine Scoring\Reports\20221125_093256\Exclude KKB - DS - Married\Scoring Married - KKB\20221125_093256\requests\main\122.har

2022-11-25 09:39:56 - [MESSAGE][PASSED] - Send request successfully

2022-11-25 09:39:56 - [TEST_STEP][PASSED] - slurper = new groovy.json.JsonSlurper(): null

2022-11-25 09:39:56 - [TEST_STEP][PASSED] - result = slurper.parseText(req_data.getResponseBodyContent()): null

2022-11-25 09:39:56 - [TEST_STEP][PASSED] - reqid_kons = requestid1: null

2022-11-25 09:39:56 - [TEST_STEP][PASSED] - reqid_spouse = requestid2: null

2022-11-25 09:39:56 - [TEST_STEP][PASSED] - println("requestid kons : " + reqid_kons): null

2022-11-25 09:39:56 - [TEST_STEP][PASSED] - response_searchME_kons = reqid_kons: null

2022-11-25 09:39:56 - [TEST_STEP][PASSED] - response_searchME_spouse = reqid_spouse: null

2022-11-25 09:39:56 - [TEST_STEP][PASSED] - println("kons req id is :" + response_searchME_kons): null

2022-11-25 09:39:56 - [TEST_STEP][PASSED] - println("spouse req id is : " + response_searchME_spouse): null

2022-11-25 09:39:56 - [TEST_STEP][PASSED] - verifyResponseStatusCode(req_data, 200): Verify response status code successfully

2022-11-25 09:39:56 - [MESSAGE][PASSED] - Verify response status code successfully

2022-11-25 09:39:56 - [TEST_STEP][PASSED] - response = req_data.getResponseText(): null

2022-11-25 09:39:56 - [TEST_STEP][PASSED] - logInfo($response): {"status":"Done","data":{"requestid1":"255122","requestid2":"255123"}}

2022-11-25 09:39:56 - [MESSAGE][INFO] - {"status":"Done","data":{"requestid1":"255122","requestid2":"255123"}}

2022-11-25 09:39:56 - [TEST_STEP][PASSED] - delay(5): Delayed 5 second(s)

2022-11-25 09:40:01 - [MESSAGE][PASSED] - Delayed 5 second(s)

2022-11-25 09:40:01 - [TEST_STEP][PASSED] - scoring = sendRequest(findTestObject("EngineScore", ["response_searchME_kons":response_searchME_kons, "response_searchME_spouse":response_searchME_spouse])): Send request successfully

2022-11-25 09:40:01 - [MESSAGE][INFO] - HAR: D:\DMS\Engine Scoring\Reports\20221125_093256\Exclude KKB - DS - Married\Scoring Married - KKB\20221125_093256\requests\main\123.har

2022-11-25 09:40:01 - [MESSAGE][PASSED] - Send request successfully

2022-11-25 09:40:01 - [TEST_STEP][PASSED] - verifyResponseStatusCode(scoring, 200): Verify response status code successfully

2022-11-25 09:40:01 - [MESSAGE][PASSED] - Verify response status code successfully

2022-11-25 09:40:01 - [TEST_STEP][PASSED] - response2 = scoring.getResponseText(): null

2022-11-25 09:40:01 - [TEST_STEP][PASSED] - markPassed("result service data ke : " + no): result service data ke : 262

2022-11-25 09:40:01 - [MESSAGE][PASSED] - result service data ke : 262

2022-11-25 09:40:01 - [TEST_STEP][PASSED] - logInfo($response2): {"result_konsumen":"Reject","result_pasangan":"Reguler","Final_result":"Reject","errorMessage":"","status":"Done"}

2022-11-25 09:40:01 - [MESSAGE][INFO] - {"result_konsumen":"Reject","result_pasangan":"Reguler","Final_result":"Reject","errorMessage":"","status":"Done"}

2022-11-25 09:40:01 - [TEST_STEP][PASSED] - verifyElementPropertyValue(scoring, "Final_result", final_result): Verify element property value successfully

2022-11-25 09:40:01 - [MESSAGE][PASSED] - Verify element property value successfully]]></system-out>
         <system-err><![CDATA[]]></system-err>
      </testcase>
      <testcase name="Test Cases/Engine_Scoring/Engine Scoring" time="6.78" classname="Test Cases/Engine_Scoring/Engine Scoring" status="PASSED">
         <system-out><![CDATA[2022-11-25 09:40:01 - [TEST_CASE][PASSED] - Test Cases/Engine_Scoring/Engine Scoring: Test Cases/Engine_Scoring/Engine Scoring

2022-11-25 09:40:02 - [TEST_STEP][PASSED] - markPassed("Variasi data ke : " + no): Variasi data ke : 263

2022-11-25 09:40:02 - [MESSAGE][PASSED] - Variasi data ke : 263

2022-11-25 09:40:02 - [TEST_STEP][PASSED] - req_data = sendRequest(findTestObject("Search_ME", ["MID":MID, "source":source, "ip":ip, "userid":userid, "branch":branch, "tipekons":tipekons, "marital":marital, "penjamin":penjamin, ... ])): Send request successfully

2022-11-25 09:40:03 - [MESSAGE][INFO] - HAR: D:\DMS\Engine Scoring\Reports\20221125_093256\Exclude KKB - DS - Married\Scoring Married - KKB\20221125_093256\requests\main\124.har

2022-11-25 09:40:03 - [MESSAGE][PASSED] - Send request successfully

2022-11-25 09:40:03 - [TEST_STEP][PASSED] - slurper = new groovy.json.JsonSlurper(): null

2022-11-25 09:40:03 - [TEST_STEP][PASSED] - result = slurper.parseText(req_data.getResponseBodyContent()): null

2022-11-25 09:40:03 - [TEST_STEP][PASSED] - reqid_kons = requestid1: null

2022-11-25 09:40:03 - [TEST_STEP][PASSED] - reqid_spouse = requestid2: null

2022-11-25 09:40:03 - [TEST_STEP][PASSED] - println("requestid kons : " + reqid_kons): null

2022-11-25 09:40:03 - [TEST_STEP][PASSED] - response_searchME_kons = reqid_kons: null

2022-11-25 09:40:03 - [TEST_STEP][PASSED] - response_searchME_spouse = reqid_spouse: null

2022-11-25 09:40:03 - [TEST_STEP][PASSED] - println("kons req id is :" + response_searchME_kons): null

2022-11-25 09:40:03 - [TEST_STEP][PASSED] - println("spouse req id is : " + response_searchME_spouse): null

2022-11-25 09:40:03 - [TEST_STEP][PASSED] - verifyResponseStatusCode(req_data, 200): Verify response status code successfully

2022-11-25 09:40:03 - [MESSAGE][PASSED] - Verify response status code successfully

2022-11-25 09:40:03 - [TEST_STEP][PASSED] - response = req_data.getResponseText(): null

2022-11-25 09:40:03 - [TEST_STEP][PASSED] - logInfo($response): {"status":"Done","data":{"requestid1":"255124","requestid2":"255125"}}

2022-11-25 09:40:03 - [MESSAGE][INFO] - {"status":"Done","data":{"requestid1":"255124","requestid2":"255125"}}

2022-11-25 09:40:03 - [TEST_STEP][PASSED] - delay(5): Delayed 5 second(s)

2022-11-25 09:40:08 - [MESSAGE][PASSED] - Delayed 5 second(s)

2022-11-25 09:40:08 - [TEST_STEP][PASSED] - scoring = sendRequest(findTestObject("EngineScore", ["response_searchME_kons":response_searchME_kons, "response_searchME_spouse":response_searchME_spouse])): Send request successfully

2022-11-25 09:40:08 - [MESSAGE][INFO] - HAR: D:\DMS\Engine Scoring\Reports\20221125_093256\Exclude KKB - DS - Married\Scoring Married - KKB\20221125_093256\requests\main\125.har

2022-11-25 09:40:08 - [MESSAGE][PASSED] - Send request successfully

2022-11-25 09:40:08 - [TEST_STEP][PASSED] - verifyResponseStatusCode(scoring, 200): Verify response status code successfully

2022-11-25 09:40:08 - [MESSAGE][PASSED] - Verify response status code successfully

2022-11-25 09:40:08 - [TEST_STEP][PASSED] - response2 = scoring.getResponseText(): null

2022-11-25 09:40:08 - [TEST_STEP][PASSED] - markPassed("result service data ke : " + no): result service data ke : 263

2022-11-25 09:40:08 - [MESSAGE][PASSED] - result service data ke : 263

2022-11-25 09:40:08 - [TEST_STEP][PASSED] - logInfo($response2): {"result_konsumen":"Reject","result_pasangan":"Reguler","Final_result":"Reject","errorMessage":"","status":"Done"}

2022-11-25 09:40:08 - [MESSAGE][INFO] - {"result_konsumen":"Reject","result_pasangan":"Reguler","Final_result":"Reject","errorMessage":"","status":"Done"}

2022-11-25 09:40:08 - [TEST_STEP][PASSED] - verifyElementPropertyValue(scoring, "Final_result", final_result): Verify element property value successfully

2022-11-25 09:40:08 - [MESSAGE][PASSED] - Verify element property value successfully]]></system-out>
         <system-err><![CDATA[]]></system-err>
      </testcase>
      <testcase name="Test Cases/Engine_Scoring/Engine Scoring" time="6.812" classname="Test Cases/Engine_Scoring/Engine Scoring" status="PASSED">
         <system-out><![CDATA[2022-11-25 09:40:08 - [TEST_CASE][PASSED] - Test Cases/Engine_Scoring/Engine Scoring: Test Cases/Engine_Scoring/Engine Scoring

2022-11-25 09:40:09 - [TEST_STEP][PASSED] - markPassed("Variasi data ke : " + no): Variasi data ke : 264

2022-11-25 09:40:09 - [MESSAGE][PASSED] - Variasi data ke : 264

2022-11-25 09:40:09 - [TEST_STEP][PASSED] - req_data = sendRequest(findTestObject("Search_ME", ["MID":MID, "source":source, "ip":ip, "userid":userid, "branch":branch, "tipekons":tipekons, "marital":marital, "penjamin":penjamin, ... ])): Send request successfully

2022-11-25 09:40:09 - [MESSAGE][INFO] - HAR: D:\DMS\Engine Scoring\Reports\20221125_093256\Exclude KKB - DS - Married\Scoring Married - KKB\20221125_093256\requests\main\126.har

2022-11-25 09:40:09 - [MESSAGE][PASSED] - Send request successfully

2022-11-25 09:40:09 - [TEST_STEP][PASSED] - slurper = new groovy.json.JsonSlurper(): null

2022-11-25 09:40:09 - [TEST_STEP][PASSED] - result = slurper.parseText(req_data.getResponseBodyContent()): null

2022-11-25 09:40:09 - [TEST_STEP][PASSED] - reqid_kons = requestid1: null

2022-11-25 09:40:09 - [TEST_STEP][PASSED] - reqid_spouse = requestid2: null

2022-11-25 09:40:09 - [TEST_STEP][PASSED] - println("requestid kons : " + reqid_kons): null

2022-11-25 09:40:09 - [TEST_STEP][PASSED] - response_searchME_kons = reqid_kons: null

2022-11-25 09:40:09 - [TEST_STEP][PASSED] - response_searchME_spouse = reqid_spouse: null

2022-11-25 09:40:09 - [TEST_STEP][PASSED] - println("kons req id is :" + response_searchME_kons): null

2022-11-25 09:40:09 - [TEST_STEP][PASSED] - println("spouse req id is : " + response_searchME_spouse): null

2022-11-25 09:40:09 - [TEST_STEP][PASSED] - verifyResponseStatusCode(req_data, 200): Verify response status code successfully

2022-11-25 09:40:09 - [MESSAGE][PASSED] - Verify response status code successfully

2022-11-25 09:40:09 - [TEST_STEP][PASSED] - response = req_data.getResponseText(): null

2022-11-25 09:40:09 - [TEST_STEP][PASSED] - logInfo($response): {"status":"Done","data":{"requestid1":"255126","requestid2":"255127"}}

2022-11-25 09:40:09 - [MESSAGE][INFO] - {"status":"Done","data":{"requestid1":"255126","requestid2":"255127"}}

2022-11-25 09:40:09 - [TEST_STEP][PASSED] - delay(5): Delayed 5 second(s)

2022-11-25 09:40:14 - [MESSAGE][PASSED] - Delayed 5 second(s)

2022-11-25 09:40:14 - [TEST_STEP][PASSED] - scoring = sendRequest(findTestObject("EngineScore", ["response_searchME_kons":response_searchME_kons, "response_searchME_spouse":response_searchME_spouse])): Send request successfully

2022-11-25 09:40:15 - [MESSAGE][INFO] - HAR: D:\DMS\Engine Scoring\Reports\20221125_093256\Exclude KKB - DS - Married\Scoring Married - KKB\20221125_093256\requests\main\127.har

2022-11-25 09:40:15 - [MESSAGE][PASSED] - Send request successfully

2022-11-25 09:40:15 - [TEST_STEP][PASSED] - verifyResponseStatusCode(scoring, 200): Verify response status code successfully

2022-11-25 09:40:15 - [MESSAGE][PASSED] - Verify response status code successfully

2022-11-25 09:40:15 - [TEST_STEP][PASSED] - response2 = scoring.getResponseText(): null

2022-11-25 09:40:15 - [TEST_STEP][PASSED] - markPassed("result service data ke : " + no): result service data ke : 264

2022-11-25 09:40:15 - [MESSAGE][PASSED] - result service data ke : 264

2022-11-25 09:40:15 - [TEST_STEP][PASSED] - logInfo($response2): {"result_konsumen":"Reject","result_pasangan":"Reguler","Final_result":"Reject","errorMessage":"","status":"Done"}

2022-11-25 09:40:15 - [MESSAGE][INFO] - {"result_konsumen":"Reject","result_pasangan":"Reguler","Final_result":"Reject","errorMessage":"","status":"Done"}

2022-11-25 09:40:15 - [TEST_STEP][PASSED] - verifyElementPropertyValue(scoring, "Final_result", final_result): Verify element property value successfully

2022-11-25 09:40:15 - [MESSAGE][PASSED] - Verify element property value successfully]]></system-out>
         <system-err><![CDATA[]]></system-err>
      </testcase>
      <testcase name="Test Cases/Engine_Scoring/Engine Scoring" time="6.765" classname="Test Cases/Engine_Scoring/Engine Scoring" status="PASSED">
         <system-out><![CDATA[2022-11-25 09:40:15 - [TEST_CASE][PASSED] - Test Cases/Engine_Scoring/Engine Scoring: Test Cases/Engine_Scoring/Engine Scoring

2022-11-25 09:40:15 - [TEST_STEP][PASSED] - markPassed("Variasi data ke : " + no): Variasi data ke : 265

2022-11-25 09:40:15 - [MESSAGE][PASSED] - Variasi data ke : 265

2022-11-25 09:40:15 - [TEST_STEP][PASSED] - req_data = sendRequest(findTestObject("Search_ME", ["MID":MID, "source":source, "ip":ip, "userid":userid, "branch":branch, "tipekons":tipekons, "marital":marital, "penjamin":penjamin, ... ])): Send request successfully

2022-11-25 09:40:16 - [MESSAGE][INFO] - HAR: D:\DMS\Engine Scoring\Reports\20221125_093256\Exclude KKB - DS - Married\Scoring Married - KKB\20221125_093256\requests\main\128.har

2022-11-25 09:40:16 - [MESSAGE][PASSED] - Send request successfully

2022-11-25 09:40:16 - [TEST_STEP][PASSED] - slurper = new groovy.json.JsonSlurper(): null

2022-11-25 09:40:16 - [TEST_STEP][PASSED] - result = slurper.parseText(req_data.getResponseBodyContent()): null

2022-11-25 09:40:16 - [TEST_STEP][PASSED] - reqid_kons = requestid1: null

2022-11-25 09:40:16 - [TEST_STEP][PASSED] - reqid_spouse = requestid2: null

2022-11-25 09:40:16 - [TEST_STEP][PASSED] - println("requestid kons : " + reqid_kons): null

2022-11-25 09:40:16 - [TEST_STEP][PASSED] - response_searchME_kons = reqid_kons: null

2022-11-25 09:40:16 - [TEST_STEP][PASSED] - response_searchME_spouse = reqid_spouse: null

2022-11-25 09:40:16 - [TEST_STEP][PASSED] - println("kons req id is :" + response_searchME_kons): null

2022-11-25 09:40:16 - [TEST_STEP][PASSED] - println("spouse req id is : " + response_searchME_spouse): null

2022-11-25 09:40:16 - [TEST_STEP][PASSED] - verifyResponseStatusCode(req_data, 200): Verify response status code successfully

2022-11-25 09:40:16 - [MESSAGE][PASSED] - Verify response status code successfully

2022-11-25 09:40:16 - [TEST_STEP][PASSED] - response = req_data.getResponseText(): null

2022-11-25 09:40:16 - [TEST_STEP][PASSED] - logInfo($response): {"status":"Done","data":{"requestid1":"255128","requestid2":"255129"}}

2022-11-25 09:40:16 - [MESSAGE][INFO] - {"status":"Done","data":{"requestid1":"255128","requestid2":"255129"}}

2022-11-25 09:40:16 - [TEST_STEP][PASSED] - delay(5): Delayed 5 second(s)

2022-11-25 09:40:21 - [MESSAGE][PASSED] - Delayed 5 second(s)

2022-11-25 09:40:21 - [TEST_STEP][PASSED] - scoring = sendRequest(findTestObject("EngineScore", ["response_searchME_kons":response_searchME_kons, "response_searchME_spouse":response_searchME_spouse])): Send request successfully

2022-11-25 09:40:21 - [MESSAGE][INFO] - HAR: D:\DMS\Engine Scoring\Reports\20221125_093256\Exclude KKB - DS - Married\Scoring Married - KKB\20221125_093256\requests\main\129.har

2022-11-25 09:40:21 - [MESSAGE][PASSED] - Send request successfully

2022-11-25 09:40:21 - [TEST_STEP][PASSED] - verifyResponseStatusCode(scoring, 200): Verify response status code successfully

2022-11-25 09:40:21 - [MESSAGE][PASSED] - Verify response status code successfully

2022-11-25 09:40:21 - [TEST_STEP][PASSED] - response2 = scoring.getResponseText(): null

2022-11-25 09:40:21 - [TEST_STEP][PASSED] - markPassed("result service data ke : " + no): result service data ke : 265

2022-11-25 09:40:21 - [MESSAGE][PASSED] - result service data ke : 265

2022-11-25 09:40:21 - [TEST_STEP][PASSED] - logInfo($response2): {"result_konsumen":"Reject","result_pasangan":"Reguler","Final_result":"Reject","errorMessage":"","status":"Done"}

2022-11-25 09:40:21 - [MESSAGE][INFO] - {"result_konsumen":"Reject","result_pasangan":"Reguler","Final_result":"Reject","errorMessage":"","status":"Done"}

2022-11-25 09:40:21 - [TEST_STEP][PASSED] - verifyElementPropertyValue(scoring, "Final_result", final_result): Verify element property value successfully

2022-11-25 09:40:21 - [MESSAGE][PASSED] - Verify element property value successfully]]></system-out>
         <system-err><![CDATA[]]></system-err>
      </testcase>
      <testcase name="Test Cases/Engine_Scoring/Engine Scoring" time="6.712" classname="Test Cases/Engine_Scoring/Engine Scoring" status="PASSED">
         <system-out><![CDATA[2022-11-25 09:40:22 - [TEST_CASE][PASSED] - Test Cases/Engine_Scoring/Engine Scoring: Test Cases/Engine_Scoring/Engine Scoring

2022-11-25 09:40:22 - [TEST_STEP][PASSED] - markPassed("Variasi data ke : " + no): Variasi data ke : 266

2022-11-25 09:40:22 - [MESSAGE][PASSED] - Variasi data ke : 266

2022-11-25 09:40:22 - [TEST_STEP][PASSED] - req_data = sendRequest(findTestObject("Search_ME", ["MID":MID, "source":source, "ip":ip, "userid":userid, "branch":branch, "tipekons":tipekons, "marital":marital, "penjamin":penjamin, ... ])): Send request successfully

2022-11-25 09:40:23 - [MESSAGE][INFO] - HAR: D:\DMS\Engine Scoring\Reports\20221125_093256\Exclude KKB - DS - Married\Scoring Married - KKB\20221125_093256\requests\main\130.har

2022-11-25 09:40:23 - [MESSAGE][PASSED] - Send request successfully

2022-11-25 09:40:23 - [TEST_STEP][PASSED] - slurper = new groovy.json.JsonSlurper(): null

2022-11-25 09:40:23 - [TEST_STEP][PASSED] - result = slurper.parseText(req_data.getResponseBodyContent()): null

2022-11-25 09:40:23 - [TEST_STEP][PASSED] - reqid_kons = requestid1: null

2022-11-25 09:40:23 - [TEST_STEP][PASSED] - reqid_spouse = requestid2: null

2022-11-25 09:40:23 - [TEST_STEP][PASSED] - println("requestid kons : " + reqid_kons): null

2022-11-25 09:40:23 - [TEST_STEP][PASSED] - response_searchME_kons = reqid_kons: null

2022-11-25 09:40:23 - [TEST_STEP][PASSED] - response_searchME_spouse = reqid_spouse: null

2022-11-25 09:40:23 - [TEST_STEP][PASSED] - println("kons req id is :" + response_searchME_kons): null

2022-11-25 09:40:23 - [TEST_STEP][PASSED] - println("spouse req id is : " + response_searchME_spouse): null

2022-11-25 09:40:23 - [TEST_STEP][PASSED] - verifyResponseStatusCode(req_data, 200): Verify response status code successfully

2022-11-25 09:40:23 - [MESSAGE][PASSED] - Verify response status code successfully

2022-11-25 09:40:23 - [TEST_STEP][PASSED] - response = req_data.getResponseText(): null

2022-11-25 09:40:23 - [TEST_STEP][PASSED] - logInfo($response): {"status":"Done","data":{"requestid1":"255130","requestid2":"255131"}}

2022-11-25 09:40:23 - [MESSAGE][INFO] - {"status":"Done","data":{"requestid1":"255130","requestid2":"255131"}}

2022-11-25 09:40:23 - [TEST_STEP][PASSED] - delay(5): Delayed 5 second(s)

2022-11-25 09:40:28 - [MESSAGE][PASSED] - Delayed 5 second(s)

2022-11-25 09:40:28 - [TEST_STEP][PASSED] - scoring = sendRequest(findTestObject("EngineScore", ["response_searchME_kons":response_searchME_kons, "response_searchME_spouse":response_searchME_spouse])): Send request successfully

2022-11-25 09:40:28 - [MESSAGE][INFO] - HAR: D:\DMS\Engine Scoring\Reports\20221125_093256\Exclude KKB - DS - Married\Scoring Married - KKB\20221125_093256\requests\main\131.har

2022-11-25 09:40:28 - [MESSAGE][PASSED] - Send request successfully

2022-11-25 09:40:28 - [TEST_STEP][PASSED] - verifyResponseStatusCode(scoring, 200): Verify response status code successfully

2022-11-25 09:40:28 - [MESSAGE][PASSED] - Verify response status code successfully

2022-11-25 09:40:28 - [TEST_STEP][PASSED] - response2 = scoring.getResponseText(): null

2022-11-25 09:40:28 - [TEST_STEP][PASSED] - markPassed("result service data ke : " + no): result service data ke : 266

2022-11-25 09:40:28 - [MESSAGE][PASSED] - result service data ke : 266

2022-11-25 09:40:28 - [TEST_STEP][PASSED] - logInfo($response2): {"result_konsumen":"Reject","result_pasangan":"Reject","Final_result":"Reject","errorMessage":"","status":"Done"}

2022-11-25 09:40:28 - [MESSAGE][INFO] - {"result_konsumen":"Reject","result_pasangan":"Reject","Final_result":"Reject","errorMessage":"","status":"Done"}

2022-11-25 09:40:28 - [TEST_STEP][PASSED] - verifyElementPropertyValue(scoring, "Final_result", final_result): Verify element property value successfully

2022-11-25 09:40:28 - [MESSAGE][PASSED] - Verify element property value successfully]]></system-out>
         <system-err><![CDATA[]]></system-err>
      </testcase>
      <testcase name="Test Cases/Engine_Scoring/Engine Scoring" time="6.731" classname="Test Cases/Engine_Scoring/Engine Scoring" status="PASSED">
         <system-out><![CDATA[2022-11-25 09:40:28 - [TEST_CASE][PASSED] - Test Cases/Engine_Scoring/Engine Scoring: Test Cases/Engine_Scoring/Engine Scoring

2022-11-25 09:40:29 - [TEST_STEP][PASSED] - markPassed("Variasi data ke : " + no): Variasi data ke : 267

2022-11-25 09:40:29 - [MESSAGE][PASSED] - Variasi data ke : 267

2022-11-25 09:40:29 - [TEST_STEP][PASSED] - req_data = sendRequest(findTestObject("Search_ME", ["MID":MID, "source":source, "ip":ip, "userid":userid, "branch":branch, "tipekons":tipekons, "marital":marital, "penjamin":penjamin, ... ])): Send request successfully

2022-11-25 09:40:30 - [MESSAGE][INFO] - HAR: D:\DMS\Engine Scoring\Reports\20221125_093256\Exclude KKB - DS - Married\Scoring Married - KKB\20221125_093256\requests\main\132.har

2022-11-25 09:40:30 - [MESSAGE][PASSED] - Send request successfully

2022-11-25 09:40:30 - [TEST_STEP][PASSED] - slurper = new groovy.json.JsonSlurper(): null

2022-11-25 09:40:30 - [TEST_STEP][PASSED] - result = slurper.parseText(req_data.getResponseBodyContent()): null

2022-11-25 09:40:30 - [TEST_STEP][PASSED] - reqid_kons = requestid1: null

2022-11-25 09:40:30 - [TEST_STEP][PASSED] - reqid_spouse = requestid2: null

2022-11-25 09:40:30 - [TEST_STEP][PASSED] - println("requestid kons : " + reqid_kons): null

2022-11-25 09:40:30 - [TEST_STEP][PASSED] - response_searchME_kons = reqid_kons: null

2022-11-25 09:40:30 - [TEST_STEP][PASSED] - response_searchME_spouse = reqid_spouse: null

2022-11-25 09:40:30 - [TEST_STEP][PASSED] - println("kons req id is :" + response_searchME_kons): null

2022-11-25 09:40:30 - [TEST_STEP][PASSED] - println("spouse req id is : " + response_searchME_spouse): null

2022-11-25 09:40:30 - [TEST_STEP][PASSED] - verifyResponseStatusCode(req_data, 200): Verify response status code successfully

2022-11-25 09:40:30 - [MESSAGE][PASSED] - Verify response status code successfully

2022-11-25 09:40:30 - [TEST_STEP][PASSED] - response = req_data.getResponseText(): null

2022-11-25 09:40:30 - [TEST_STEP][PASSED] - logInfo($response): {"status":"Done","data":{"requestid1":"255132","requestid2":"255133"}}

2022-11-25 09:40:30 - [MESSAGE][INFO] - {"status":"Done","data":{"requestid1":"255132","requestid2":"255133"}}

2022-11-25 09:40:30 - [TEST_STEP][PASSED] - delay(5): Delayed 5 second(s)

2022-11-25 09:40:35 - [MESSAGE][PASSED] - Delayed 5 second(s)

2022-11-25 09:40:35 - [TEST_STEP][PASSED] - scoring = sendRequest(findTestObject("EngineScore", ["response_searchME_kons":response_searchME_kons, "response_searchME_spouse":response_searchME_spouse])): Send request successfully

2022-11-25 09:40:35 - [MESSAGE][INFO] - HAR: D:\DMS\Engine Scoring\Reports\20221125_093256\Exclude KKB - DS - Married\Scoring Married - KKB\20221125_093256\requests\main\133.har

2022-11-25 09:40:35 - [MESSAGE][PASSED] - Send request successfully

2022-11-25 09:40:35 - [TEST_STEP][PASSED] - verifyResponseStatusCode(scoring, 200): Verify response status code successfully

2022-11-25 09:40:35 - [MESSAGE][PASSED] - Verify response status code successfully

2022-11-25 09:40:35 - [TEST_STEP][PASSED] - response2 = scoring.getResponseText(): null

2022-11-25 09:40:35 - [TEST_STEP][PASSED] - markPassed("result service data ke : " + no): result service data ke : 267

2022-11-25 09:40:35 - [MESSAGE][PASSED] - result service data ke : 267

2022-11-25 09:40:35 - [TEST_STEP][PASSED] - logInfo($response2): {"result_konsumen":"Reject","result_pasangan":"Reject","Final_result":"Reject","errorMessage":"","status":"Done"}

2022-11-25 09:40:35 - [MESSAGE][INFO] - {"result_konsumen":"Reject","result_pasangan":"Reject","Final_result":"Reject","errorMessage":"","status":"Done"}

2022-11-25 09:40:35 - [TEST_STEP][PASSED] - verifyElementPropertyValue(scoring, "Final_result", final_result): Verify element property value successfully

2022-11-25 09:40:35 - [MESSAGE][PASSED] - Verify element property value successfully]]></system-out>
         <system-err><![CDATA[]]></system-err>
      </testcase>
      <testcase name="Test Cases/Engine_Scoring/Engine Scoring" time="6.719" classname="Test Cases/Engine_Scoring/Engine Scoring" status="PASSED">
         <system-out><![CDATA[2022-11-25 09:40:35 - [TEST_CASE][PASSED] - Test Cases/Engine_Scoring/Engine Scoring: Test Cases/Engine_Scoring/Engine Scoring

2022-11-25 09:40:36 - [TEST_STEP][PASSED] - markPassed("Variasi data ke : " + no): Variasi data ke : 268

2022-11-25 09:40:36 - [MESSAGE][PASSED] - Variasi data ke : 268

2022-11-25 09:40:36 - [TEST_STEP][PASSED] - req_data = sendRequest(findTestObject("Search_ME", ["MID":MID, "source":source, "ip":ip, "userid":userid, "branch":branch, "tipekons":tipekons, "marital":marital, "penjamin":penjamin, ... ])): Send request successfully

2022-11-25 09:40:37 - [MESSAGE][INFO] - HAR: D:\DMS\Engine Scoring\Reports\20221125_093256\Exclude KKB - DS - Married\Scoring Married - KKB\20221125_093256\requests\main\134.har

2022-11-25 09:40:37 - [MESSAGE][PASSED] - Send request successfully

2022-11-25 09:40:37 - [TEST_STEP][PASSED] - slurper = new groovy.json.JsonSlurper(): null

2022-11-25 09:40:37 - [TEST_STEP][PASSED] - result = slurper.parseText(req_data.getResponseBodyContent()): null

2022-11-25 09:40:37 - [TEST_STEP][PASSED] - reqid_kons = requestid1: null

2022-11-25 09:40:37 - [TEST_STEP][PASSED] - reqid_spouse = requestid2: null

2022-11-25 09:40:37 - [TEST_STEP][PASSED] - println("requestid kons : " + reqid_kons): null

2022-11-25 09:40:37 - [TEST_STEP][PASSED] - response_searchME_kons = reqid_kons: null

2022-11-25 09:40:37 - [TEST_STEP][PASSED] - response_searchME_spouse = reqid_spouse: null

2022-11-25 09:40:37 - [TEST_STEP][PASSED] - println("kons req id is :" + response_searchME_kons): null

2022-11-25 09:40:37 - [TEST_STEP][PASSED] - println("spouse req id is : " + response_searchME_spouse): null

2022-11-25 09:40:37 - [TEST_STEP][PASSED] - verifyResponseStatusCode(req_data, 200): Verify response status code successfully

2022-11-25 09:40:37 - [MESSAGE][PASSED] - Verify response status code successfully

2022-11-25 09:40:37 - [TEST_STEP][PASSED] - response = req_data.getResponseText(): null

2022-11-25 09:40:37 - [TEST_STEP][PASSED] - logInfo($response): {"status":"Done","data":{"requestid1":"255134","requestid2":"255135"}}

2022-11-25 09:40:37 - [MESSAGE][INFO] - {"status":"Done","data":{"requestid1":"255134","requestid2":"255135"}}

2022-11-25 09:40:37 - [TEST_STEP][PASSED] - delay(5): Delayed 5 second(s)

2022-11-25 09:40:42 - [MESSAGE][PASSED] - Delayed 5 second(s)

2022-11-25 09:40:42 - [TEST_STEP][PASSED] - scoring = sendRequest(findTestObject("EngineScore", ["response_searchME_kons":response_searchME_kons, "response_searchME_spouse":response_searchME_spouse])): Send request successfully

2022-11-25 09:40:42 - [MESSAGE][INFO] - HAR: D:\DMS\Engine Scoring\Reports\20221125_093256\Exclude KKB - DS - Married\Scoring Married - KKB\20221125_093256\requests\main\135.har

2022-11-25 09:40:42 - [MESSAGE][PASSED] - Send request successfully

2022-11-25 09:40:42 - [TEST_STEP][PASSED] - verifyResponseStatusCode(scoring, 200): Verify response status code successfully

2022-11-25 09:40:42 - [MESSAGE][PASSED] - Verify response status code successfully

2022-11-25 09:40:42 - [TEST_STEP][PASSED] - response2 = scoring.getResponseText(): null

2022-11-25 09:40:42 - [TEST_STEP][PASSED] - markPassed("result service data ke : " + no): result service data ke : 268

2022-11-25 09:40:42 - [MESSAGE][PASSED] - result service data ke : 268

2022-11-25 09:40:42 - [TEST_STEP][PASSED] - logInfo($response2): {"result_konsumen":"Reject","result_pasangan":"Reguler","Final_result":"Reject","errorMessage":"","status":"Done"}

2022-11-25 09:40:42 - [MESSAGE][INFO] - {"result_konsumen":"Reject","result_pasangan":"Reguler","Final_result":"Reject","errorMessage":"","status":"Done"}

2022-11-25 09:40:42 - [TEST_STEP][PASSED] - verifyElementPropertyValue(scoring, "Final_result", final_result): Verify element property value successfully

2022-11-25 09:40:42 - [MESSAGE][PASSED] - Verify element property value successfully]]></system-out>
         <system-err><![CDATA[]]></system-err>
      </testcase>
      <testcase name="Test Cases/Engine_Scoring/Engine Scoring" time="6.815" classname="Test Cases/Engine_Scoring/Engine Scoring" status="PASSED">
         <system-out><![CDATA[2022-11-25 09:40:42 - [TEST_CASE][PASSED] - Test Cases/Engine_Scoring/Engine Scoring: Test Cases/Engine_Scoring/Engine Scoring

2022-11-25 09:40:43 - [TEST_STEP][PASSED] - markPassed("Variasi data ke : " + no): Variasi data ke : 269

2022-11-25 09:40:43 - [MESSAGE][PASSED] - Variasi data ke : 269

2022-11-25 09:40:43 - [TEST_STEP][PASSED] - req_data = sendRequest(findTestObject("Search_ME", ["MID":MID, "source":source, "ip":ip, "userid":userid, "branch":branch, "tipekons":tipekons, "marital":marital, "penjamin":penjamin, ... ])): Send request successfully

2022-11-25 09:40:44 - [MESSAGE][INFO] - HAR: D:\DMS\Engine Scoring\Reports\20221125_093256\Exclude KKB - DS - Married\Scoring Married - KKB\20221125_093256\requests\main\136.har

2022-11-25 09:40:44 - [MESSAGE][PASSED] - Send request successfully

2022-11-25 09:40:44 - [TEST_STEP][PASSED] - slurper = new groovy.json.JsonSlurper(): null

2022-11-25 09:40:44 - [TEST_STEP][PASSED] - result = slurper.parseText(req_data.getResponseBodyContent()): null

2022-11-25 09:40:44 - [TEST_STEP][PASSED] - reqid_kons = requestid1: null

2022-11-25 09:40:44 - [TEST_STEP][PASSED] - reqid_spouse = requestid2: null

2022-11-25 09:40:44 - [TEST_STEP][PASSED] - println("requestid kons : " + reqid_kons): null

2022-11-25 09:40:44 - [TEST_STEP][PASSED] - response_searchME_kons = reqid_kons: null

2022-11-25 09:40:44 - [TEST_STEP][PASSED] - response_searchME_spouse = reqid_spouse: null

2022-11-25 09:40:44 - [TEST_STEP][PASSED] - println("kons req id is :" + response_searchME_kons): null

2022-11-25 09:40:44 - [TEST_STEP][PASSED] - println("spouse req id is : " + response_searchME_spouse): null

2022-11-25 09:40:44 - [TEST_STEP][PASSED] - verifyResponseStatusCode(req_data, 200): Verify response status code successfully

2022-11-25 09:40:44 - [MESSAGE][PASSED] - Verify response status code successfully

2022-11-25 09:40:44 - [TEST_STEP][PASSED] - response = req_data.getResponseText(): null

2022-11-25 09:40:44 - [TEST_STEP][PASSED] - logInfo($response): {"status":"Done","data":{"requestid1":"255136","requestid2":"255137"}}

2022-11-25 09:40:44 - [MESSAGE][INFO] - {"status":"Done","data":{"requestid1":"255136","requestid2":"255137"}}

2022-11-25 09:40:44 - [TEST_STEP][PASSED] - delay(5): Delayed 5 second(s)

2022-11-25 09:40:49 - [MESSAGE][PASSED] - Delayed 5 second(s)

2022-11-25 09:40:49 - [TEST_STEP][PASSED] - scoring = sendRequest(findTestObject("EngineScore", ["response_searchME_kons":response_searchME_kons, "response_searchME_spouse":response_searchME_spouse])): Send request successfully

2022-11-25 09:40:49 - [MESSAGE][INFO] - HAR: D:\DMS\Engine Scoring\Reports\20221125_093256\Exclude KKB - DS - Married\Scoring Married - KKB\20221125_093256\requests\main\137.har

2022-11-25 09:40:49 - [MESSAGE][PASSED] - Send request successfully

2022-11-25 09:40:49 - [TEST_STEP][PASSED] - verifyResponseStatusCode(scoring, 200): Verify response status code successfully

2022-11-25 09:40:49 - [MESSAGE][PASSED] - Verify response status code successfully

2022-11-25 09:40:49 - [TEST_STEP][PASSED] - response2 = scoring.getResponseText(): null

2022-11-25 09:40:49 - [TEST_STEP][PASSED] - markPassed("result service data ke : " + no): result service data ke : 269

2022-11-25 09:40:49 - [MESSAGE][PASSED] - result service data ke : 269

2022-11-25 09:40:49 - [TEST_STEP][PASSED] - logInfo($response2): {"result_konsumen":"Reject","result_pasangan":"Reguler","Final_result":"Reject","errorMessage":"","status":"Done"}

2022-11-25 09:40:49 - [MESSAGE][INFO] - {"result_konsumen":"Reject","result_pasangan":"Reguler","Final_result":"Reject","errorMessage":"","status":"Done"}

2022-11-25 09:40:49 - [TEST_STEP][PASSED] - verifyElementPropertyValue(scoring, "Final_result", final_result): Verify element property value successfully

2022-11-25 09:40:49 - [MESSAGE][PASSED] - Verify element property value successfully]]></system-out>
         <system-err><![CDATA[]]></system-err>
      </testcase>
      <testcase name="Test Cases/Engine_Scoring/Engine Scoring" time="6.771" classname="Test Cases/Engine_Scoring/Engine Scoring" status="PASSED">
         <system-out><![CDATA[2022-11-25 09:40:49 - [TEST_CASE][PASSED] - Test Cases/Engine_Scoring/Engine Scoring: Test Cases/Engine_Scoring/Engine Scoring

2022-11-25 09:40:50 - [TEST_STEP][PASSED] - markPassed("Variasi data ke : " + no): Variasi data ke : 270

2022-11-25 09:40:50 - [MESSAGE][PASSED] - Variasi data ke : 270

2022-11-25 09:40:50 - [TEST_STEP][PASSED] - req_data = sendRequest(findTestObject("Search_ME", ["MID":MID, "source":source, "ip":ip, "userid":userid, "branch":branch, "tipekons":tipekons, "marital":marital, "penjamin":penjamin, ... ])): Send request successfully

2022-11-25 09:40:50 - [MESSAGE][INFO] - HAR: D:\DMS\Engine Scoring\Reports\20221125_093256\Exclude KKB - DS - Married\Scoring Married - KKB\20221125_093256\requests\main\138.har

2022-11-25 09:40:50 - [MESSAGE][PASSED] - Send request successfully

2022-11-25 09:40:50 - [TEST_STEP][PASSED] - slurper = new groovy.json.JsonSlurper(): null

2022-11-25 09:40:50 - [TEST_STEP][PASSED] - result = slurper.parseText(req_data.getResponseBodyContent()): null

2022-11-25 09:40:50 - [TEST_STEP][PASSED] - reqid_kons = requestid1: null

2022-11-25 09:40:50 - [TEST_STEP][PASSED] - reqid_spouse = requestid2: null

2022-11-25 09:40:50 - [TEST_STEP][PASSED] - println("requestid kons : " + reqid_kons): null

2022-11-25 09:40:50 - [TEST_STEP][PASSED] - response_searchME_kons = reqid_kons: null

2022-11-25 09:40:50 - [TEST_STEP][PASSED] - response_searchME_spouse = reqid_spouse: null

2022-11-25 09:40:50 - [TEST_STEP][PASSED] - println("kons req id is :" + response_searchME_kons): null

2022-11-25 09:40:50 - [TEST_STEP][PASSED] - println("spouse req id is : " + response_searchME_spouse): null

2022-11-25 09:40:50 - [TEST_STEP][PASSED] - verifyResponseStatusCode(req_data, 200): Verify response status code successfully

2022-11-25 09:40:50 - [MESSAGE][PASSED] - Verify response status code successfully

2022-11-25 09:40:50 - [TEST_STEP][PASSED] - response = req_data.getResponseText(): null

2022-11-25 09:40:50 - [TEST_STEP][PASSED] - logInfo($response): {"status":"Done","data":{"requestid1":"255138","requestid2":"255139"}}

2022-11-25 09:40:50 - [MESSAGE][INFO] - {"status":"Done","data":{"requestid1":"255138","requestid2":"255139"}}

2022-11-25 09:40:50 - [TEST_STEP][PASSED] - delay(5): Delayed 5 second(s)

2022-11-25 09:40:55 - [MESSAGE][PASSED] - Delayed 5 second(s)

2022-11-25 09:40:55 - [TEST_STEP][PASSED] - scoring = sendRequest(findTestObject("EngineScore", ["response_searchME_kons":response_searchME_kons, "response_searchME_spouse":response_searchME_spouse])): Send request successfully

2022-11-25 09:40:55 - [MESSAGE][INFO] - HAR: D:\DMS\Engine Scoring\Reports\20221125_093256\Exclude KKB - DS - Married\Scoring Married - KKB\20221125_093256\requests\main\139.har

2022-11-25 09:40:55 - [MESSAGE][PASSED] - Send request successfully

2022-11-25 09:40:55 - [TEST_STEP][PASSED] - verifyResponseStatusCode(scoring, 200): Verify response status code successfully

2022-11-25 09:40:55 - [MESSAGE][PASSED] - Verify response status code successfully

2022-11-25 09:40:55 - [TEST_STEP][PASSED] - response2 = scoring.getResponseText(): null

2022-11-25 09:40:55 - [TEST_STEP][PASSED] - markPassed("result service data ke : " + no): result service data ke : 270

2022-11-25 09:40:55 - [MESSAGE][PASSED] - result service data ke : 270

2022-11-25 09:40:55 - [TEST_STEP][PASSED] - logInfo($response2): {"result_konsumen":"Reject","result_pasangan":"Reguler","Final_result":"Reject","errorMessage":"","status":"Done"}

2022-11-25 09:40:55 - [MESSAGE][INFO] - {"result_konsumen":"Reject","result_pasangan":"Reguler","Final_result":"Reject","errorMessage":"","status":"Done"}

2022-11-25 09:40:55 - [TEST_STEP][PASSED] - verifyElementPropertyValue(scoring, "Final_result", final_result): Verify element property value successfully

2022-11-25 09:40:55 - [MESSAGE][PASSED] - Verify element property value successfully]]></system-out>
         <system-err><![CDATA[]]></system-err>
      </testcase>
      <system-out><![CDATA[2022-11-25 09:33:03 - [TEST_SUITE][PASSED] - Scoring Married - KKB: Test Cases/Engine_Scoring/Engine Scoring]]></system-out>
      <system-err><![CDATA[]]></system-err>
   </testsuite>
</testsuites>
