<?xml version="1.0" encoding="UTF-8"?>
<testsuites name="Scoring Individu - KKB" time="29.013" tests="4" failures="0" errors="0">
   <testsuite name="Scoring Individu - KKB" tests="4" failures="0" errors="0" time="29.013" skipped="0" timestamp="2022-12-01 10:13:33" hostname="bcafmaster - WPI20220318001.bcaf.co.id" id="Test Suites/Exclude KKB - DS - Single/Scoring Individu - KKB">
      <properties>
         <property name="deviceName" value=""/>
         <property name="devicePlatform" value=""/>
         <property name="logFolder" value="D:\\DMS\\Engine Scoring\\Reports\\20221201_101325\\Exclude KKB - DS - Single\\Scoring Individu - KKB\\20221201_101325"/>
         <property name="logFiles" value="D:\\DMS\\Engine Scoring\\Reports\\20221201_101325\\Exclude KKB - DS - Single\\Scoring Individu - KKB\\20221201_101325\\execution0.log"/>
         <property name="attachments" value=""/>
         <property name="hostName" value="bcafmaster - WPI20220318001.bcaf.co.id"/>
         <property name="hostAddress" value="10.10.8.57"/>
         <property name="os" value="Windows 10 64bit"/>
         <property name="katalonVersion" value="8.2.5.208"/>
      </properties>
      <testcase name="Test Cases/Engine_Scoring/Engine Scoring" time="8.335" classname="Test Cases/Engine_Scoring/Engine Scoring" status="PASSED">
         <system-out><![CDATA[2022-12-01 10:13:33 - [TEST_CASE][PASSED] - Test Cases/Engine_Scoring/Engine Scoring: Test Cases/Engine_Scoring/Engine Scoring

2022-12-01 10:13:35 - [TEST_STEP][PASSED] - markPassed("Variasi data ke : " + no): Variasi data ke : 32

2022-12-01 10:13:35 - [MESSAGE][PASSED] - Variasi data ke : 32

2022-12-01 10:13:35 - [TEST_STEP][PASSED] - req_data = sendRequest(findTestObject("Search_ME", ["MID":MID, "source":source, "ip":ip, "userid":userid, "branch":branch, "tipekons":tipekons, "marital":marital, "penjamin":penjamin, ... ])): Send request successfully

2022-12-01 10:13:36 - [MESSAGE][INFO] - HAR: D:\DMS\Engine Scoring\Reports\20221201_101325\Exclude KKB - DS - Single\Scoring Individu - KKB\20221201_101325\requests\main\0.har

2022-12-01 10:13:36 - [MESSAGE][PASSED] - Send request successfully

2022-12-01 10:13:36 - [TEST_STEP][PASSED] - slurper = new groovy.json.JsonSlurper(): null

2022-12-01 10:13:36 - [TEST_STEP][PASSED] - result = slurper.parseText(req_data.getResponseBodyContent()): null

2022-12-01 10:13:36 - [TEST_STEP][PASSED] - reqid_kons = requestid1: null

2022-12-01 10:13:36 - [TEST_STEP][PASSED] - reqid_spouse = requestid2: null

2022-12-01 10:13:36 - [TEST_STEP][PASSED] - println("requestid kons : " + reqid_kons): null

2022-12-01 10:13:36 - [TEST_STEP][PASSED] - response_searchME_kons = reqid_kons: null

2022-12-01 10:13:36 - [TEST_STEP][PASSED] - response_searchME_spouse = reqid_spouse: null

2022-12-01 10:13:36 - [TEST_STEP][PASSED] - println("kons req id is :" + response_searchME_kons): null

2022-12-01 10:13:36 - [TEST_STEP][PASSED] - println("spouse req id is : " + response_searchME_spouse): null

2022-12-01 10:13:36 - [TEST_STEP][PASSED] - verifyResponseStatusCode(req_data, 200): Verify response status code successfully

2022-12-01 10:13:36 - [MESSAGE][PASSED] - Verify response status code successfully

2022-12-01 10:13:36 - [TEST_STEP][PASSED] - response = req_data.getResponseText(): null

2022-12-01 10:13:36 - [TEST_STEP][PASSED] - logInfo($response): {"status":"Done","data":{"requestid1":"27","requestid2":""}}

2022-12-01 10:13:36 - [MESSAGE][INFO] - {"status":"Done","data":{"requestid1":"27","requestid2":""}}

2022-12-01 10:13:36 - [TEST_STEP][PASSED] - delay(5): Delayed 5 second(s)

2022-12-01 10:13:41 - [MESSAGE][PASSED] - Delayed 5 second(s)

2022-12-01 10:13:41 - [TEST_STEP][PASSED] - scoring = sendRequest(findTestObject("EngineScore", ["response_searchME_kons":response_searchME_kons, "response_searchME_spouse":response_searchME_spouse])): Send request successfully

2022-12-01 10:13:42 - [MESSAGE][INFO] - HAR: D:\DMS\Engine Scoring\Reports\20221201_101325\Exclude KKB - DS - Single\Scoring Individu - KKB\20221201_101325\requests\main\1.har

2022-12-01 10:13:42 - [MESSAGE][PASSED] - Send request successfully

2022-12-01 10:13:42 - [TEST_STEP][PASSED] - verifyResponseStatusCode(scoring, 200): Verify response status code successfully

2022-12-01 10:13:42 - [MESSAGE][PASSED] - Verify response status code successfully

2022-12-01 10:13:42 - [TEST_STEP][PASSED] - response2 = scoring.getResponseText(): null

2022-12-01 10:13:42 - [TEST_STEP][PASSED] - markPassed("result service data ke : " + no): result service data ke : 32

2022-12-01 10:13:42 - [MESSAGE][PASSED] - result service data ke : 32

2022-12-01 10:13:42 - [TEST_STEP][PASSED] - logInfo($response2): {"result_konsumen":"Reguler","result_pasangan":"","Final_result":"Reguler","errorMessage":"","status":"Done"}

2022-12-01 10:13:42 - [MESSAGE][INFO] - {"result_konsumen":"Reguler","result_pasangan":"","Final_result":"Reguler","errorMessage":"","status":"Done"}

2022-12-01 10:13:42 - [TEST_STEP][PASSED] - verifyElementPropertyValue(scoring, "Final_result", final_result): Verify element property value successfully

2022-12-01 10:13:42 - [MESSAGE][PASSED] - Verify element property value successfully]]></system-out>
         <system-err><![CDATA[]]></system-err>
      </testcase>
      <testcase name="Test Cases/Engine_Scoring/Engine Scoring" time="6.95" classname="Test Cases/Engine_Scoring/Engine Scoring" status="PASSED">
         <system-out><![CDATA[2022-12-01 10:13:42 - [TEST_CASE][PASSED] - Test Cases/Engine_Scoring/Engine Scoring: Test Cases/Engine_Scoring/Engine Scoring

2022-12-01 10:13:43 - [TEST_STEP][PASSED] - markPassed("Variasi data ke : " + no): Variasi data ke : 33

2022-12-01 10:13:43 - [MESSAGE][PASSED] - Variasi data ke : 33

2022-12-01 10:13:43 - [TEST_STEP][PASSED] - req_data = sendRequest(findTestObject("Search_ME", ["MID":MID, "source":source, "ip":ip, "userid":userid, "branch":branch, "tipekons":tipekons, "marital":marital, "penjamin":penjamin, ... ])): Send request successfully

2022-12-01 10:13:43 - [MESSAGE][INFO] - HAR: D:\DMS\Engine Scoring\Reports\20221201_101325\Exclude KKB - DS - Single\Scoring Individu - KKB\20221201_101325\requests\main\2.har

2022-12-01 10:13:43 - [MESSAGE][PASSED] - Send request successfully

2022-12-01 10:13:43 - [TEST_STEP][PASSED] - slurper = new groovy.json.JsonSlurper(): null

2022-12-01 10:13:43 - [TEST_STEP][PASSED] - result = slurper.parseText(req_data.getResponseBodyContent()): null

2022-12-01 10:13:43 - [TEST_STEP][PASSED] - reqid_kons = requestid1: null

2022-12-01 10:13:43 - [TEST_STEP][PASSED] - reqid_spouse = requestid2: null

2022-12-01 10:13:43 - [TEST_STEP][PASSED] - println("requestid kons : " + reqid_kons): null

2022-12-01 10:13:43 - [TEST_STEP][PASSED] - response_searchME_kons = reqid_kons: null

2022-12-01 10:13:43 - [TEST_STEP][PASSED] - response_searchME_spouse = reqid_spouse: null

2022-12-01 10:13:43 - [TEST_STEP][PASSED] - println("kons req id is :" + response_searchME_kons): null

2022-12-01 10:13:43 - [TEST_STEP][PASSED] - println("spouse req id is : " + response_searchME_spouse): null

2022-12-01 10:13:43 - [TEST_STEP][PASSED] - verifyResponseStatusCode(req_data, 200): Verify response status code successfully

2022-12-01 10:13:43 - [MESSAGE][PASSED] - Verify response status code successfully

2022-12-01 10:13:43 - [TEST_STEP][PASSED] - response = req_data.getResponseText(): null

2022-12-01 10:13:43 - [TEST_STEP][PASSED] - logInfo($response): {"status":"Done","data":{"requestid1":"28","requestid2":""}}

2022-12-01 10:13:43 - [MESSAGE][INFO] - {"status":"Done","data":{"requestid1":"28","requestid2":""}}

2022-12-01 10:13:43 - [TEST_STEP][PASSED] - delay(5): Delayed 5 second(s)

2022-12-01 10:13:48 - [MESSAGE][PASSED] - Delayed 5 second(s)

2022-12-01 10:13:48 - [TEST_STEP][PASSED] - scoring = sendRequest(findTestObject("EngineScore", ["response_searchME_kons":response_searchME_kons, "response_searchME_spouse":response_searchME_spouse])): Send request successfully

2022-12-01 10:13:49 - [MESSAGE][INFO] - HAR: D:\DMS\Engine Scoring\Reports\20221201_101325\Exclude KKB - DS - Single\Scoring Individu - KKB\20221201_101325\requests\main\3.har

2022-12-01 10:13:49 - [MESSAGE][PASSED] - Send request successfully

2022-12-01 10:13:49 - [TEST_STEP][PASSED] - verifyResponseStatusCode(scoring, 200): Verify response status code successfully

2022-12-01 10:13:49 - [MESSAGE][PASSED] - Verify response status code successfully

2022-12-01 10:13:49 - [TEST_STEP][PASSED] - response2 = scoring.getResponseText(): null

2022-12-01 10:13:49 - [TEST_STEP][PASSED] - markPassed("result service data ke : " + no): result service data ke : 33

2022-12-01 10:13:49 - [MESSAGE][PASSED] - result service data ke : 33

2022-12-01 10:13:49 - [TEST_STEP][PASSED] - logInfo($response2): {"result_konsumen":"Reguler","result_pasangan":"","Final_result":"Reguler","errorMessage":"","status":"Done"}

2022-12-01 10:13:49 - [MESSAGE][INFO] - {"result_konsumen":"Reguler","result_pasangan":"","Final_result":"Reguler","errorMessage":"","status":"Done"}

2022-12-01 10:13:49 - [TEST_STEP][PASSED] - verifyElementPropertyValue(scoring, "Final_result", final_result): Verify element property value successfully

2022-12-01 10:13:49 - [MESSAGE][PASSED] - Verify element property value successfully]]></system-out>
         <system-err><![CDATA[]]></system-err>
      </testcase>
      <testcase name="Test Cases/Engine_Scoring/Engine Scoring" time="6.658" classname="Test Cases/Engine_Scoring/Engine Scoring" status="PASSED">
         <system-out><![CDATA[2022-12-01 10:13:49 - [TEST_CASE][PASSED] - Test Cases/Engine_Scoring/Engine Scoring: Test Cases/Engine_Scoring/Engine Scoring

2022-12-01 10:13:49 - [TEST_STEP][PASSED] - markPassed("Variasi data ke : " + no): Variasi data ke : 34

2022-12-01 10:13:49 - [MESSAGE][PASSED] - Variasi data ke : 34

2022-12-01 10:13:49 - [TEST_STEP][PASSED] - req_data = sendRequest(findTestObject("Search_ME", ["MID":MID, "source":source, "ip":ip, "userid":userid, "branch":branch, "tipekons":tipekons, "marital":marital, "penjamin":penjamin, ... ])): Send request successfully

2022-12-01 10:13:50 - [MESSAGE][INFO] - HAR: D:\DMS\Engine Scoring\Reports\20221201_101325\Exclude KKB - DS - Single\Scoring Individu - KKB\20221201_101325\requests\main\4.har

2022-12-01 10:13:50 - [MESSAGE][PASSED] - Send request successfully

2022-12-01 10:13:50 - [TEST_STEP][PASSED] - slurper = new groovy.json.JsonSlurper(): null

2022-12-01 10:13:50 - [TEST_STEP][PASSED] - result = slurper.parseText(req_data.getResponseBodyContent()): null

2022-12-01 10:13:50 - [TEST_STEP][PASSED] - reqid_kons = requestid1: null

2022-12-01 10:13:50 - [TEST_STEP][PASSED] - reqid_spouse = requestid2: null

2022-12-01 10:13:50 - [TEST_STEP][PASSED] - println("requestid kons : " + reqid_kons): null

2022-12-01 10:13:50 - [TEST_STEP][PASSED] - response_searchME_kons = reqid_kons: null

2022-12-01 10:13:50 - [TEST_STEP][PASSED] - response_searchME_spouse = reqid_spouse: null

2022-12-01 10:13:50 - [TEST_STEP][PASSED] - println("kons req id is :" + response_searchME_kons): null

2022-12-01 10:13:50 - [TEST_STEP][PASSED] - println("spouse req id is : " + response_searchME_spouse): null

2022-12-01 10:13:50 - [TEST_STEP][PASSED] - verifyResponseStatusCode(req_data, 200): Verify response status code successfully

2022-12-01 10:13:50 - [MESSAGE][PASSED] - Verify response status code successfully

2022-12-01 10:13:50 - [TEST_STEP][PASSED] - response = req_data.getResponseText(): null

2022-12-01 10:13:50 - [TEST_STEP][PASSED] - logInfo($response): {"status":"Done","data":{"requestid1":"29","requestid2":""}}

2022-12-01 10:13:50 - [MESSAGE][INFO] - {"status":"Done","data":{"requestid1":"29","requestid2":""}}

2022-12-01 10:13:50 - [TEST_STEP][PASSED] - delay(5): Delayed 5 second(s)

2022-12-01 10:13:55 - [MESSAGE][PASSED] - Delayed 5 second(s)

2022-12-01 10:13:55 - [TEST_STEP][PASSED] - scoring = sendRequest(findTestObject("EngineScore", ["response_searchME_kons":response_searchME_kons, "response_searchME_spouse":response_searchME_spouse])): Send request successfully

2022-12-01 10:13:55 - [MESSAGE][INFO] - HAR: D:\DMS\Engine Scoring\Reports\20221201_101325\Exclude KKB - DS - Single\Scoring Individu - KKB\20221201_101325\requests\main\5.har

2022-12-01 10:13:55 - [MESSAGE][PASSED] - Send request successfully

2022-12-01 10:13:55 - [TEST_STEP][PASSED] - verifyResponseStatusCode(scoring, 200): Verify response status code successfully

2022-12-01 10:13:55 - [MESSAGE][PASSED] - Verify response status code successfully

2022-12-01 10:13:55 - [TEST_STEP][PASSED] - response2 = scoring.getResponseText(): null

2022-12-01 10:13:55 - [TEST_STEP][PASSED] - markPassed("result service data ke : " + no): result service data ke : 34

2022-12-01 10:13:55 - [MESSAGE][PASSED] - result service data ke : 34

2022-12-01 10:13:55 - [TEST_STEP][PASSED] - logInfo($response2): {"result_konsumen":"Reguler","result_pasangan":"","Final_result":"Reguler","errorMessage":"","status":"Done"}

2022-12-01 10:13:55 - [MESSAGE][INFO] - {"result_konsumen":"Reguler","result_pasangan":"","Final_result":"Reguler","errorMessage":"","status":"Done"}

2022-12-01 10:13:55 - [TEST_STEP][PASSED] - verifyElementPropertyValue(scoring, "Final_result", final_result): Verify element property value successfully

2022-12-01 10:13:55 - [MESSAGE][PASSED] - Verify element property value successfully]]></system-out>
         <system-err><![CDATA[]]></system-err>
      </testcase>
      <testcase name="Test Cases/Engine_Scoring/Engine Scoring" time="6.65" classname="Test Cases/Engine_Scoring/Engine Scoring" status="PASSED">
         <system-out><![CDATA[2022-12-01 10:13:55 - [TEST_CASE][PASSED] - Test Cases/Engine_Scoring/Engine Scoring: Test Cases/Engine_Scoring/Engine Scoring

2022-12-01 10:13:56 - [TEST_STEP][PASSED] - markPassed("Variasi data ke : " + no): Variasi data ke : 35

2022-12-01 10:13:56 - [MESSAGE][PASSED] - Variasi data ke : 35

2022-12-01 10:13:56 - [TEST_STEP][PASSED] - req_data = sendRequest(findTestObject("Search_ME", ["MID":MID, "source":source, "ip":ip, "userid":userid, "branch":branch, "tipekons":tipekons, "marital":marital, "penjamin":penjamin, ... ])): Send request successfully

2022-12-01 10:13:57 - [MESSAGE][INFO] - HAR: D:\DMS\Engine Scoring\Reports\20221201_101325\Exclude KKB - DS - Single\Scoring Individu - KKB\20221201_101325\requests\main\6.har

2022-12-01 10:13:57 - [MESSAGE][PASSED] - Send request successfully

2022-12-01 10:13:57 - [TEST_STEP][PASSED] - slurper = new groovy.json.JsonSlurper(): null

2022-12-01 10:13:57 - [TEST_STEP][PASSED] - result = slurper.parseText(req_data.getResponseBodyContent()): null

2022-12-01 10:13:57 - [TEST_STEP][PASSED] - reqid_kons = requestid1: null

2022-12-01 10:13:57 - [TEST_STEP][PASSED] - reqid_spouse = requestid2: null

2022-12-01 10:13:57 - [TEST_STEP][PASSED] - println("requestid kons : " + reqid_kons): null

2022-12-01 10:13:57 - [TEST_STEP][PASSED] - response_searchME_kons = reqid_kons: null

2022-12-01 10:13:57 - [TEST_STEP][PASSED] - response_searchME_spouse = reqid_spouse: null

2022-12-01 10:13:57 - [TEST_STEP][PASSED] - println("kons req id is :" + response_searchME_kons): null

2022-12-01 10:13:57 - [TEST_STEP][PASSED] - println("spouse req id is : " + response_searchME_spouse): null

2022-12-01 10:13:57 - [TEST_STEP][PASSED] - verifyResponseStatusCode(req_data, 200): Verify response status code successfully

2022-12-01 10:13:57 - [MESSAGE][PASSED] - Verify response status code successfully

2022-12-01 10:13:57 - [TEST_STEP][PASSED] - response = req_data.getResponseText(): null

2022-12-01 10:13:57 - [TEST_STEP][PASSED] - logInfo($response): {"status":"Done","data":{"requestid1":"30","requestid2":""}}

2022-12-01 10:13:57 - [MESSAGE][INFO] - {"status":"Done","data":{"requestid1":"30","requestid2":""}}

2022-12-01 10:13:57 - [TEST_STEP][PASSED] - delay(5): Delayed 5 second(s)

2022-12-01 10:14:02 - [MESSAGE][PASSED] - Delayed 5 second(s)

2022-12-01 10:14:02 - [TEST_STEP][PASSED] - scoring = sendRequest(findTestObject("EngineScore", ["response_searchME_kons":response_searchME_kons, "response_searchME_spouse":response_searchME_spouse])): Send request successfully

2022-12-01 10:14:02 - [MESSAGE][INFO] - HAR: D:\DMS\Engine Scoring\Reports\20221201_101325\Exclude KKB - DS - Single\Scoring Individu - KKB\20221201_101325\requests\main\7.har

2022-12-01 10:14:02 - [MESSAGE][PASSED] - Send request successfully

2022-12-01 10:14:02 - [TEST_STEP][PASSED] - verifyResponseStatusCode(scoring, 200): Verify response status code successfully

2022-12-01 10:14:02 - [MESSAGE][PASSED] - Verify response status code successfully

2022-12-01 10:14:02 - [TEST_STEP][PASSED] - response2 = scoring.getResponseText(): null

2022-12-01 10:14:02 - [TEST_STEP][PASSED] - markPassed("result service data ke : " + no): result service data ke : 35

2022-12-01 10:14:02 - [MESSAGE][PASSED] - result service data ke : 35

2022-12-01 10:14:02 - [TEST_STEP][PASSED] - logInfo($response2): {"result_konsumen":"Reguler","result_pasangan":"","Final_result":"Reguler","errorMessage":"","status":"Done"}

2022-12-01 10:14:02 - [MESSAGE][INFO] - {"result_konsumen":"Reguler","result_pasangan":"","Final_result":"Reguler","errorMessage":"","status":"Done"}

2022-12-01 10:14:02 - [TEST_STEP][PASSED] - verifyElementPropertyValue(scoring, "Final_result", final_result): Verify element property value successfully

2022-12-01 10:14:02 - [MESSAGE][PASSED] - Verify element property value successfully]]></system-out>
         <system-err><![CDATA[]]></system-err>
      </testcase>
      <system-out><![CDATA[2022-12-01 10:13:33 - [TEST_SUITE][PASSED] - Scoring Individu - KKB: Test Cases/Engine_Scoring/Engine Scoring]]></system-out>
      <system-err><![CDATA[]]></system-err>
   </testsuite>
</testsuites>
